{"target": 19.630674194832658, "params": {"C": 43.76099680387601, "epsilon": 13.975615924428476, "gamma": 66.57687651085463}}
{"target": 23.12623686645165, "params": {"C": 16.94029661821328, "epsilon": 19.442838317231573, "gamma": 72.35507209442993}}
{"target": 22.144830593301684, "params": {"C": 12.953099369563674, "epsilon": 10.91855033802712, "gamma": 42.32945307400362}}
{"target": 30.933567786650144, "params": {"C": 7.599926196946441, "epsilon": 19.66852283277938, "gamma": 179.77878738174473}}
{"target": 19.598815763618067, "params": {"C": 1480.588348348085, "epsilon": 14.631453170908802, "gamma": 78.96223289376786}}
{"target": 38.81570937058925, "params": {"C": 5043.144946626639, "epsilon": 11.10595079652375, "gamma": 251.70061808659773}}
{"target": 23.54709407789227, "params": {"C": 808.5052184035366, "epsilon": 13.95521888711293, "gamma": 159.7200466936377}}
{"target": 20.67332383744542, "params": {"C": 717.6137112179847, "epsilon": 0.10784241510413461, "gamma": 74.90331365988978}}
{"target": 48.53116842683839, "params": {"C": 250.04291325698603, "epsilon": 0.04456520359785567, "gamma": 3.513041133813118}}
{"target": 23.299182211830896, "params": {"C": 938.9705711919636, "epsilon": 0.019753867691666205, "gamma": 118.95736032281363}}
{"target": 33.47392456855773, "params": {"C": 424.7671807798879, "epsilon": 27.640993706021113, "gamma": 385.47382622492376}}
{"target": 20.731260427189618, "params": {"C": 833.3267730955276, "epsilon": 0.03462208761174579, "gamma": 69.5955014224207}}
{"target": 22.301295935756855, "params": {"C": 2614.5013324752754, "epsilon": 0.18721816063198815, "gamma": 48.48154934329221}}
{"target": 21.099275448146642, "params": {"C": 622.2060255124561, "epsilon": 10.812824814992723, "gamma": 80.3972721093044}}
{"target": 22.94575775039428, "params": {"C": 870.8786397972355, "epsilon": 29.570575135793675, "gamma": 59.693026069612905}}
{"target": 15.934139187818019, "params": {"C": 108.26262523941026, "epsilon": 0.5363646109257653, "gamma": 63.013786873537974}}
{"target": 17.989474304767498, "params": {"C": 83.86456011592635, "epsilon": 0.4033825906303027, "gamma": 49.962176095559556}}
{"target": 26.472600390344713, "params": {"C": 28.247344709674707, "epsilon": 25.832869505180497, "gamma": 113.11347950642912}}
{"target": 21.76578034318333, "params": {"C": 748.3157189109493, "epsilon": 0.7689473852671773, "gamma": 82.50849284712085}}
{"target": 23.81581802776058, "params": {"C": 704.9751520402349, "epsilon": 29.889090530781004, "gamma": 59.76821301232833}}
{"target": 41.92043087793607, "params": {"C": 42.860150742599565, "epsilon": 0.7320060115318618, "gamma": 12.895189236933632}}
{"target": 43.68864378291208, "params": {"C": 74.60930564376531, "epsilon": 47.636903008169284, "gamma": 428.922890763958}}
{"target": 22.395193853949166, "params": {"C": 794.6354362992546, "epsilon": 0.663478348245718, "gamma": 120.45862033417026}}
{"target": 19.68871496597563, "params": {"C": 24.39974949160525, "epsilon": 2.0426888262045058, "gamma": 47.33142623854275}}
{"target": 54.082545792696145, "params": {"C": 728.5739338286603, "epsilon": 16.13603430766797, "gamma": 3.5514503508975537}}
{"target": 23.16477019872013, "params": {"C": 1347.6708865568598, "epsilon": 11.423942461473786, "gamma": 84.89390399142711}}
{"target": 49.430394889466264, "params": {"C": 1594.5869219530287, "epsilon": 60.85415868725857, "gamma": 186.16875614555897}}
{"target": 22.218574272762236, "params": {"C": 618.1663808793542, "epsilon": 17.514577437944162, "gamma": 31.313905588850112}}
{"target": 20.902109128208984, "params": {"C": 1276.1406357269004, "epsilon": 17.949738689434128, "gamma": 56.963349344359216}}
{"target": 25.12099226783842, "params": {"C": 40.3823195217945, "epsilon": 28.828891495646182, "gamma": 58.454776761766176}}
{"target": 21.91029402365331, "params": {"C": 662.5963782125458, "epsilon": 1.2677667750774253, "gamma": 95.99482649389049}}
{"target": 20.283073102623806, "params": {"C": 804.3961334111993, "epsilon": 14.734988166245333, "gamma": 78.65093998541899}}
{"target": 18.362737365461847, "params": {"C": 70.12590849247334, "epsilon": 0.07926682294858528, "gamma": 49.6279541848869}}
{"target": 19.205953476304337, "params": {"C": 575.3050319991427, "epsilon": 17.079520435503504, "gamma": 57.542483232613336}}
{"target": 19.573229664203122, "params": {"C": 466.6027572902029, "epsilon": 14.047318113154878, "gamma": 72.95497462253539}}
{"target": 19.160887820745774, "params": {"C": 560.9674792645221, "epsilon": 16.98715923702854, "gamma": 60.59131944508184}}
{"target": 19.15412081118042, "params": {"C": 798.7615174635025, "epsilon": 0.19566688203228147, "gamma": 56.57310540913424}}
{"target": 24.16294465254381, "params": {"C": 1323.187620392786, "epsilon": 0.3248508869242954, "gamma": 84.07355518730814}}
{"target": 21.97180826857653, "params": {"C": 10.221334957249553, "epsilon": 1.331708515299835, "gamma": 81.77582727626402}}
{"target": 22.25769654319695, "params": {"C": 24.991665281824794, "epsilon": 12.623452797633156, "gamma": 149.24899659281107}}
{"target": 47.09331704757426, "params": {"C": 991.6165292017528, "epsilon": 2.4352304136944767, "gamma": 1.0995550755224457}}
{"target": 17.549343585929616, "params": {"C": 60.36756258835453, "epsilon": 0.5351880839633987, "gamma": 103.29230450133832}}
{"target": 23.12836746711377, "params": {"C": 561.06626260854, "epsilon": 0.3183906366710293, "gamma": 152.36241798633762}}
{"target": 25.177439847099045, "params": {"C": 1246.290012467356, "epsilon": 0.46641900089370303, "gamma": 15.814218129073694}}
{"target": 24.39663958974621, "params": {"C": 1579.937438615184, "epsilon": 0.8539075842745897, "gamma": 89.11170332793952}}
{"target": 59.408454638739045, "params": {"C": 1071.9309008450218, "epsilon": 0.2514274585743772, "gamma": 10.650368840912769}}
{"target": 22.256292082237326, "params": {"C": 676.6966341943639, "epsilon": 16.014447628979443, "gamma": 126.8142339958363}}
{"target": 19.65408916674161, "params": {"C": 1540.7846985765382, "epsilon": 14.883966913789386, "gamma": 43.15531684125826}}
{"target": 18.83768954536385, "params": {"C": 725.9635236541005, "epsilon": 14.310202356405735, "gamma": 65.8326119675829}}
{"target": 46.82508083347754, "params": {"C": 25.679738736881802, "epsilon": 3.6589646263867013, "gamma": 2.0222780250142804}}
{"target": 23.583570375073478, "params": {"C": 49.309793642639974, "epsilon": 14.146846782103413, "gamma": 24.14401450544335}}
{"target": 21.303250621287102, "params": {"C": 724.4186279952793, "epsilon": 14.352316295132644, "gamma": 105.51463323142106}}
{"target": 29.27779807257449, "params": {"C": 1382.68296824113, "epsilon": 26.456025869885845, "gamma": 86.56360329540212}}
{"target": 28.467860124474708, "params": {"C": 773.6279131109125, "epsilon": 26.39203582063916, "gamma": 106.64997242181542}}
{"target": 50.31443040392925, "params": {"C": 578.778942079203, "epsilon": 33.13637466823215, "gamma": 1.6063922986043053}}
{"target": 40.42631710719743, "params": {"C": 1.3686877115251548, "epsilon": 13.86604876552373, "gamma": 71.63084383264963}}
{"target": 18.133795128737265, "params": {"C": 789.0783325823985, "epsilon": 13.157236513604813, "gamma": 50.13051337873295}}
{"target": 21.367403267979466, "params": {"C": 63.8865666079417, "epsilon": 13.494875975299916, "gamma": 119.87254177624959}}
{"target": 22.750767513438873, "params": {"C": 10.842076333864341, "epsilon": 0.6634853287815601, "gamma": 113.48820732966078}}
{"target": 41.95192859458544, "params": {"C": 44.07175790471331, "epsilon": 14.842299443469653, "gamma": 14.769929494895656}}
{"target": 24.078814582997406, "params": {"C": 648.3511483947709, "epsilon": 27.10146140241676, "gamma": 62.77991657821293}}
{"target": 20.746516717440915, "params": {"C": 131.98177450588832, "epsilon": 0.11035717061105957, "gamma": 24.47276629265926}}
{"target": 24.335091895392942, "params": {"C": 20.06423128482973, "epsilon": 22.032861258112607, "gamma": 39.94416358853956}}
{"target": 22.4672856081138, "params": {"C": 793.3360656017395, "epsilon": 0.09948907209663771, "gamma": 98.2628519156268}}
{"target": 19.982238620865523, "params": {"C": 66.4165776461428, "epsilon": 0.3428989306931909, "gamma": 32.027479516271164}}
{"target": 23.156018622242918, "params": {"C": 576.7499580240557, "epsilon": 26.45946545317577, "gamma": 49.93451741504874}}
{"target": 18.00063848802728, "params": {"C": 50.906527732081436, "epsilon": 0.6986553833516118, "gamma": 60.24159400735159}}
{"target": 23.490537006116092, "params": {"C": 10.778902530726612, "epsilon": 15.565592735457313, "gamma": 58.6048717734352}}
{"target": 18.075210363360227, "params": {"C": 771.2716427942314, "epsilon": 0.06611662683583108, "gamma": 50.93132657587513}}
{"target": 26.15259351474142, "params": {"C": 759.8593419617578, "epsilon": 16.051511169747716, "gamma": 182.03296354592172}}
{"target": 42.92413725168149, "params": {"C": 1.2361237419987248, "epsilon": 16.234620207693485, "gamma": 47.2060175373535}}
{"target": 22.911123642057042, "params": {"C": 601.2196452824128, "epsilon": 14.38798917353309, "gamma": 175.82254150510124}}
{"target": 20.332682258100903, "params": {"C": 662.8787659297266, "epsilon": 0.46436324002256235, "gamma": 73.96451831413847}}
{"target": 82.4151836073697, "params": {"C": 5695.578896678873, "epsilon": 119.13496250042519, "gamma": 64.2859921016497}}
{"target": 17.321687462313744, "params": {"C": 641.0505678752552, "epsilon": 0.46084451722586584, "gamma": 51.21675181980184}}
{"target": 54.4680583898009, "params": {"C": 5933.285947792053, "epsilon": 66.02706966584599, "gamma": 432.95532297583145}}
{"target": 19.619840684169297, "params": {"C": 691.7844691662542, "epsilon": 0.3084250694275348, "gamma": 60.18732592528042}}
{"target": 18.21166592504867, "params": {"C": 115.98875694549152, "epsilon": 0.032351163371545866, "gamma": 121.27348061386503}}
{"target": 32.11654958342186, "params": {"C": 2.4651384198304953, "epsilon": 7.917649730812605, "gamma": 79.67769708629872}}
{"target": 22.302378763044317, "params": {"C": 692.535586152209, "epsilon": 14.594125197679507, "gamma": 26.295455855951914}}
{"target": 22.955596001922274, "params": {"C": 11.027147094494751, "epsilon": 10.831161248679585, "gamma": 98.08229027960004}}
{"target": 20.181898170457558, "params": {"C": 56.617348753908345, "epsilon": 17.329217167617127, "gamma": 70.13906647322831}}
{"target": 18.40254295409367, "params": {"C": 130.7788168388077, "epsilon": 0.02586005981634032, "gamma": 111.0188869386177}}
{"target": 19.09182051865034, "params": {"C": 26.93752722984553, "epsilon": 0.44547525655164155, "gamma": 49.91286564371927}}
{"target": 16.83924305976405, "params": {"C": 642.5648381526188, "epsilon": 0.07502834171880779, "gamma": 42.564177384313666}}
{"target": 41.292707565164825, "params": {"C": 2.1351267805995633, "epsilon": 28.806532802136765, "gamma": 91.86623974691346}}
{"target": 17.944362777872364, "params": {"C": 63.18129512493631, "epsilon": 0.66817466036844, "gamma": 53.67896240000461}}
{"target": 25.54006350953531, "params": {"C": 39.61649329190737, "epsilon": 23.33005652852221, "gamma": 133.6214619751275}}
{"target": 23.283842690366615, "params": {"C": 1119.2125817718509, "epsilon": 13.054485151192274, "gamma": 119.24594913513735}}
{"target": 25.479021691713463, "params": {"C": 1309.4687337120567, "epsilon": 13.179227573793467, "gamma": 125.82802230841683}}
{"target": 22.514692713040542, "params": {"C": 491.85759539073547, "epsilon": 0.03059443130813244, "gamma": 146.431941596816}}
{"target": 48.334575366569744, "params": {"C": 4224.237625415364, "epsilon": 56.402538014894525, "gamma": 255.38891088639832}}
{"target": 22.71899824861643, "params": {"C": 605.0387586607795, "epsilon": 15.960878070307515, "gamma": 147.51318390671034}}
{"target": 21.711605143267796, "params": {"C": 858.0933846786056, "epsilon": 12.362210843992045, "gamma": 94.57021732961293}}
{"target": 16.657854715703024, "params": {"C": 75.76885122323134, "epsilon": 0.6351377828331071, "gamma": 67.14867191312632}}
{"target": 20.965073625291424, "params": {"C": 551.6525123147482, "epsilon": 0.3532896904005858, "gamma": 88.1807897750079}}
{"target": 50.95527359589936, "params": {"C": 453.42303053495453, "epsilon": 13.087022082425047, "gamma": 2.983957729443354}}
{"target": 20.953390456174958, "params": {"C": 676.3760414793459, "epsilon": 12.605782950997453, "gamma": 95.15140465404689}}
{"target": 40.43733704835514, "params": {"C": 14.938307745978264, "epsilon": 12.41412179736907, "gamma": 14.225839737167092}}
{"target": 19.975219346408217, "params": {"C": 107.807170932049, "epsilon": 0.046407902523816214, "gamma": 32.38129722483551}}
{"target": 59.94988445186972, "params": {"C": 790.9974666999885, "epsilon": 0.751623608186998, "gamma": 8.810860816261894}}
{"target": 23.055095519300746, "params": {"C": 755.3130010814322, "epsilon": 12.209969816490066, "gamma": 129.4479367832066}}
{"target": 26.085295724778945, "params": {"C": 1429.096257265618, "epsilon": 0.28016961165563414, "gamma": 125.66300611248975}}
{"target": 22.629067346300424, "params": {"C": 1464.0647980423755, "epsilon": 12.14089201639885, "gamma": 67.01731710266662}}
{"target": 22.08841493382752, "params": {"C": 544.9085723742279, "epsilon": 17.659048316421018, "gamma": 100.11030075590189}}
{"target": 20.712091737576667, "params": {"C": 13.256834071304269, "epsilon": 1.105004005349944, "gamma": 79.21014385858743}}
{"target": 16.94745665469778, "params": {"C": 694.8629341444564, "epsilon": 0.06981072205421279, "gamma": 41.14558217445831}}
{"target": 26.327603268802495, "params": {"C": 6.595200188134328, "epsilon": 14.053287123700702, "gamma": 51.51540416999779}}
{"target": 77.95161637180541, "params": {"C": 1408.9823300339688, "epsilon": 63.75272575118641, "gamma": 9.104019007062817}}
{"target": 46.940774747412966, "params": {"C": 35.50894683875174, "epsilon": 0.11031720177203952, "gamma": 3.2414314569900853}}
{"target": 23.101779308607323, "params": {"C": 32.44853988781342, "epsilon": 17.56473519806315, "gamma": 135.3689281160746}}
{"target": 18.48402412607903, "params": {"C": 665.216341384626, "epsilon": 15.71409912594689, "gamma": 57.05618810684468}}
{"target": 22.12980344648618, "params": {"C": 625.0007587417222, "epsilon": 16.789031133698217, "gamma": 121.7537273343398}}
{"target": 16.844759279920652, "params": {"C": 109.18921405910677, "epsilon": 0.17117572455383911, "gamma": 82.81056300099262}}
{"target": 16.980953376402052, "params": {"C": 92.96987127424309, "epsilon": 0.053860011503734206, "gamma": 85.97421568017505}}
{"target": 22.64723381594223, "params": {"C": 1359.1414931910938, "epsilon": 16.945102881542645, "gamma": 17.197774171019702}}
{"target": 47.25303113013298, "params": {"C": 63.76766158576095, "epsilon": 1.6081470873319552, "gamma": 2.3840236212891313}}
{"target": 18.37288113068528, "params": {"C": 1121.4065893189193, "epsilon": 12.235186661431687, "gamma": 49.9307688304733}}
{"target": 31.06810713373436, "params": {"C": 4406.414917327853, "epsilon": 3.725865500801625, "gamma": 118.44088932642822}}
{"target": 20.978739177944206, "params": {"C": 16.19781116238363, "epsilon": 1.09944905398289, "gamma": 41.88484361604074}}
{"target": 26.957004368994255, "params": {"C": 1448.5441744897685, "epsilon": 0.04110410545285542, "gamma": 129.04662080715656}}
{"target": 21.1338188796632, "params": {"C": 37.363348520400265, "epsilon": 13.430269458212774, "gamma": 96.93448970037133}}
{"target": 21.482027822209268, "params": {"C": 658.3393550507024, "epsilon": 0.30327446164068805, "gamma": 97.94277094987336}}
{"target": 72.68927748910825, "params": {"C": 2552.349132265938, "epsilon": 101.13945527149784, "gamma": 78.07211293423671}}
{"target": 26.557595768488262, "params": {"C": 6.65727257244167, "epsilon": 13.338894415886983, "gamma": 94.16329960019081}}
{"target": 19.650625885452182, "params": {"C": 572.3012331280017, "epsilon": 15.603664482874754, "gamma": 73.26044071858212}}
{"target": 19.94994697140547, "params": {"C": 557.6924913702014, "epsilon": 0.16912234943097512, "gamma": 72.23639193859944}}
{"target": 17.86598033034601, "params": {"C": 763.9179023307993, "epsilon": 12.637793191915176, "gamma": 50.983601161862424}}
{"target": 50.591062672652136, "params": {"C": 660.3879028585437, "epsilon": 18.403387571670624, "gamma": 2.4197490632671332}}
{"target": 19.401181764174254, "params": {"C": 32.13759136513511, "epsilon": 1.673342104027648, "gamma": 137.9625841203692}}
{"target": 22.55323698013123, "params": {"C": 42.448504463059265, "epsilon": 13.874506646493435, "gamma": 167.51711478855177}}
{"target": 24.033161108687743, "params": {"C": 1477.9912658289252, "epsilon": 0.42816359749086197, "gamma": 93.97715265617381}}
{"target": 57.351978761530255, "params": {"C": 5188.83464196228, "epsilon": 48.50179938135394, "gamma": 470.1572621763954}}
{"target": 23.44096637758259, "params": {"C": 661.5814320845404, "epsilon": 0.5540463580079905, "gamma": 146.5451256740185}}
{"target": 29.375130352454498, "params": {"C": 5117.014509237581, "epsilon": 24.72694433428837, "gamma": 80.37897098818792}}
{"target": 54.45294742222444, "params": {"C": 0.07190965482173794, "epsilon": 13.723486680456471, "gamma": 57.28839616467353}}
{"target": 23.13760455161404, "params": {"C": 14.028520659065293, "epsilon": 14.583559942433808, "gamma": 42.37442183671296}}
{"target": 20.96164559724495, "params": {"C": 726.3449924868761, "epsilon": 11.288230722100913, "gamma": 32.847805951815445}}
{"target": 29.163676904660974, "params": {"C": 720.6588008051128, "epsilon": 27.445413448433854, "gamma": 140.07307565724747}}
{"target": 21.16947007671885, "params": {"C": 645.9658446877477, "epsilon": 14.820413234531419, "gamma": 108.36386244434613}}
{"target": 35.312634636814224, "params": {"C": 1.7429263256166507, "epsilon": 2.184554126437437, "gamma": 99.40455628774342}}
{"target": 19.677379362976488, "params": {"C": 782.2881822991098, "epsilon": 13.33602999085262, "gamma": 63.687484133892816}}
{"target": 22.900899554092305, "params": {"C": 1128.7737852834612, "epsilon": 0.2546751031094858, "gamma": 82.20415220091137}}
{"target": 22.37460234056441, "params": {"C": 693.7879155989674, "epsilon": 12.794619504463958, "gamma": 132.03871223853358}}
{"target": 34.36515075202517, "params": {"C": 2.560074782503051, "epsilon": 15.426512663741342, "gamma": 54.95195064077616}}
{"target": 27.433575537547075, "params": {"C": 770.7833060172704, "epsilon": 0.15103792863888532, "gamma": 193.34417799768954}}
{"target": 17.5742267515885, "params": {"C": 575.5332960139496, "epsilon": 11.720408336900576, "gamma": 55.27947396814561}}
{"target": 19.961154913205466, "params": {"C": 608.905982737261, "epsilon": 0.03885920268110732, "gamma": 64.25834774918974}}
{"target": 27.28467941201268, "params": {"C": 702.4201764111422, "epsilon": 26.88705059619373, "gamma": 91.40285767583796}}
{"target": 49.73026095655467, "params": {"C": 0.5245018689265066, "epsilon": 15.914576024421123, "gamma": 166.32810468777825}}
{"target": 26.71293627734206, "params": {"C": 8.798402557105469, "epsilon": 14.492984256522139, "gamma": 144.39222633290305}}
{"target": 29.009736615280424, "params": {"C": 2359.6546296446563, "epsilon": 21.817122137079068, "gamma": 86.58709506760735}}
{"target": 23.541693093037914, "params": {"C": 8.424162629643916, "epsilon": 9.536378642137448, "gamma": 90.59332753070419}}
{"target": 43.59189461867156, "params": {"C": 5251.198495376536, "epsilon": 20.371505046044085, "gamma": 449.44504157942004}}
{"target": 42.31749250412363, "params": {"C": 4453.448442588975, "epsilon": 24.12240007328812, "gamma": 381.119573207676}}
{"target": 18.56161172537748, "params": {"C": 72.56201453795563, "epsilon": 0.2712071875947325, "gamma": 163.1793723391093}}
{"target": 30.607438820773957, "params": {"C": 51.530058101989994, "epsilon": 27.51929629940596, "gamma": 297.40362792182196}}
{"target": 47.95431512080447, "params": {"C": 46.5850309810408, "epsilon": 20.997791499693967, "gamma": 3.8606394124272185}}
{"target": 20.8661072997324, "params": {"C": 869.5925126790391, "epsilon": 0.05516571332639986, "gamma": 64.85658283003774}}
{"target": 28.668469527890416, "params": {"C": 2047.5034330541366, "epsilon": 11.017890075850627, "gamma": 157.44208830235885}}
{"target": 25.1540642774086, "params": {"C": 734.4415379401751, "epsilon": 12.293504499754334, "gamma": 17.25828270156324}}
{"target": 20.31462329914897, "params": {"C": 1382.2533008406467, "epsilon": 0.5889196367331548, "gamma": 31.105948232986883}}
{"target": 21.601341892077176, "params": {"C": 761.8693152420662, "epsilon": 14.595050705947834, "gamma": 109.98841976761994}}
{"target": 22.579339821159692, "params": {"C": 818.7243888766983, "epsilon": 0.48804552274959767, "gamma": 112.19159821133948}}
{"target": 45.393468425813936, "params": {"C": 637.8995157801841, "epsilon": 9.774003060360386, "gamma": 0.7097126381168124}}
{"target": 29.521189091022695, "params": {"C": 1312.4484349614988, "epsilon": 28.060080338045324, "gamma": 86.02917885553909}}
{"target": 28.267307563035423, "params": {"C": 25.9933767949544, "epsilon": 33.71857029592952, "gamma": 23.956945447853073}}
{"target": 21.600206593781422, "params": {"C": 28.271115059168928, "epsilon": 17.716474240098833, "gamma": 86.32141188992394}}
{"target": 18.578741128346813, "params": {"C": 134.51217797718337, "epsilon": 0.6997873115741844, "gamma": 133.44249962710364}}
{"target": 20.076191942179776, "params": {"C": 1469.0646168182361, "epsilon": 14.291699411257722, "gamma": 41.095705227612925}}
{"target": 34.37326514668961, "params": {"C": 2.247152163977063, "epsilon": 10.322183176276326, "gamma": 103.28737381231275}}
{"target": 21.40308401617863, "params": {"C": 702.7665701466092, "epsilon": 15.19951927148319, "gamma": 87.9813728893527}}
{"target": 32.10324695194601, "params": {"C": 1204.308171193757, "epsilon": 16.555800554159312, "gamma": 262.99231483119905}}
{"target": 58.84251938574202, "params": {"C": 4494.543895312399, "epsilon": 73.39926426067626, "gamma": 388.0284646706049}}
