{"target": 82.87478841289972, "params": {"C": 5398.585608646145, "epsilon": 117.87931310692866, "gamma": 189.99683766678862}}
{"target": 16.64993682698016, "params": {"C": 85.28647959201948, "epsilon": 0.14374442780019958, "gamma": 71.53914624699918}}
{"target": 33.677012007443054, "params": {"C": 635.9744342622896, "epsilon": 39.42325038050916, "gamma": 132.62444365717823}}
{"target": 22.391312454788387, "params": {"C": 757.6435546873143, "epsilon": 20.67313987034316, "gamma": 64.43154485162574}}
{"target": 47.290366484605045, "params": {"C": 902.5758164670458, "epsilon": 13.970597688185707, "gamma": 12.129181480534008}}
{"target": 45.749686770444335, "params": {"C": 1395.560617557426, "epsilon": 53.115637788789535, "gamma": 156.60628716079594}}
{"target": 20.791313297651943, "params": {"C": 742.872490137156, "epsilon": 18.533649305279702, "gamma": 57.78296107335552}}
{"target": 21.375213830302762, "params": {"C": 838.3147036133448, "epsilon": 12.838324186499873, "gamma": 92.1521959222114}}
{"target": 24.774628527165873, "params": {"C": 885.7395585424848, "epsilon": 17.968437502843628, "gamma": 142.8193879058179}}
{"target": 21.993433148690404, "params": {"C": 623.170518670778, "epsilon": 17.781047093799923, "gamma": 102.0498842705964}}
{"target": 17.93954053259656, "params": {"C": 819.6962555897626, "epsilon": 11.51172710122658, "gamma": 47.66837899918474}}
{"target": 22.697653981384484, "params": {"C": 16.368856817703886, "epsilon": 4.764446391500059, "gamma": 168.02952653116648}}
{"target": 18.8360098126536, "params": {"C": 163.44178732641365, "epsilon": 0.7307665494501963, "gamma": 144.26151090776517}}
{"target": 22.544955700790858, "params": {"C": 105.9295721799237, "epsilon": 19.728892201979388, "gamma": 113.35701101285368}}
{"target": 53.21860149281813, "params": {"C": 0.1621795489304816, "epsilon": 9.65362672227161, "gamma": 162.7251290436111}}
{"target": 17.911719554833336, "params": {"C": 73.56838206759134, "epsilon": 3.218573199743305, "gamma": 110.95223767375114}}
{"target": 47.26144895378908, "params": {"C": 3815.5605726872845, "epsilon": 44.20417076893957, "gamma": 322.0890922806028}}
{"target": 22.431725126460908, "params": {"C": 960.6489936251588, "epsilon": 0.14109569929577148, "gamma": 84.46740934428409}}
{"target": 23.133047780348832, "params": {"C": 619.7817376774564, "epsilon": 0.7381684175293737, "gamma": 146.46847201801398}}
{"target": 21.278187422210728, "params": {"C": 913.9975013383608, "epsilon": 1.0241947817555548, "gamma": 67.23525264367757}}
{"target": 25.664151303453576, "params": {"C": 83.34211177226328, "epsilon": 1.0894186916607462, "gamma": 21.134024422100737}}
{"target": 17.971091582792063, "params": {"C": 31.688026577109063, "epsilon": 0.22471243498897753, "gamma": 84.87823621398752}}
{"target": 16.793633171187853, "params": {"C": 107.00552972721893, "epsilon": 1.3977463252725943, "gamma": 54.55937898626512}}
{"target": 18.950475704967552, "params": {"C": 57.431665617046235, "epsilon": 10.556288298776227, "gamma": 72.30553577118512}}
{"target": 21.975393850010953, "params": {"C": 602.3060004702386, "epsilon": 0.23873027498046684, "gamma": 120.04668615013733}}
{"target": 17.244686115163404, "params": {"C": 511.9364076792457, "epsilon": 0.08807943882078151, "gamma": 50.35043834679131}}
{"target": 22.766914145362314, "params": {"C": 108.53048853096867, "epsilon": 21.132742223522566, "gamma": 94.35413757978435}}
{"target": 23.794315905382668, "params": {"C": 35.72909778971139, "epsilon": 22.907023803357276, "gamma": 81.33763272232605}}
{"target": 19.70066849964857, "params": {"C": 912.3355973484133, "epsilon": 1.1453287947380524, "gamma": 56.710590228219836}}
{"target": 16.927699467508667, "params": {"C": 123.95479834830118, "epsilon": 0.3263065663003615, "gamma": 82.8344654646896}}
{"target": 19.062303362283185, "params": {"C": 37.36211734102369, "epsilon": 11.494292067220481, "gamma": 43.1880587442842}}
{"target": 39.86535883895953, "params": {"C": 1.7158866405678879, "epsilon": 18.30122291407267, "gamma": 54.74288409316358}}
{"target": 51.042754766361966, "params": {"C": 5886.1730554592905, "epsilon": 33.59140007834274, "gamma": 468.749557816108}}
{"target": 20.204025055289236, "params": {"C": 88.1191907060213, "epsilon": 17.790228252503145, "gamma": 72.0552224461378}}
{"target": 21.76878029004461, "params": {"C": 854.8019249065878, "epsilon": 0.3405263132391998, "gamma": 82.08545558336048}}
{"target": 20.140214211500812, "params": {"C": 27.367604570361607, "epsilon": 2.855596699731203, "gamma": 167.77563298320513}}
{"target": 20.720123602869702, "params": {"C": 139.08661699491768, "epsilon": 0.1644165220607844, "gamma": 29.427324893155472}}
{"target": 18.322314100188834, "params": {"C": 34.87272359285498, "epsilon": 0.8007082965161935, "gamma": 62.41256077561836}}
{"target": 19.49988591466515, "params": {"C": 225.68493135063926, "epsilon": 0.12672606902311934, "gamma": 102.03851420379696}}
{"target": 24.24024834176157, "params": {"C": 417.92630003012977, "epsilon": 0.04010945598806809, "gamma": 218.5205650210084}}
{"target": 17.657283699840168, "params": {"C": 36.62277011168321, "epsilon": 3.2518621348655667, "gamma": 69.83341744589306}}
{"target": 21.259780877802203, "params": {"C": 800.4491683141421, "epsilon": 16.180972965055545, "gamma": 98.62446898292539}}
{"target": 46.553366386360686, "params": {"C": 98.3913650474117, "epsilon": 0.02204809073168912, "gamma": 10.050469586948864}}
{"target": 18.679695513905738, "params": {"C": 929.3626673708503, "epsilon": 14.867397846391434, "gamma": 54.83416259455727}}
{"target": 19.05850879237805, "params": {"C": 28.20400311586033, "epsilon": 0.5842148050813729, "gamma": 51.84336798148222}}
{"target": 21.580442548670995, "params": {"C": 904.6447153939883, "epsilon": 14.038250421201823, "gamma": 20.72014347758389}}
{"target": 33.30088368576949, "params": {"C": 234.77263212085026, "epsilon": 36.48703938824573, "gamma": 198.75812022137748}}
{"target": 48.32989302131708, "params": {"C": 861.22659205119, "epsilon": 9.749239904111276, "gamma": 1.3970098268706295}}
{"target": 21.558265260877157, "params": {"C": 673.4430968270348, "epsilon": 14.877727772557769, "gamma": 112.2718093189929}}
{"target": 27.10829524474092, "params": {"C": 798.2500984990845, "epsilon": 20.75295880158394, "gamma": 133.4566561053657}}
{"target": 61.99964826105129, "params": {"C": 1112.470181681943, "epsilon": 44.809484281819685, "gamma": 5.565283305797379}}
{"target": 52.45991866586486, "params": {"C": 722.4563615684096, "epsilon": 11.942872255356647, "gamma": 2.869427761729824}}
{"target": 27.911407303751, "params": {"C": 935.4791513444673, "epsilon": 1.0761448368585897, "gamma": 201.00895804998746}}
{"target": 23.84704240299472, "params": {"C": 662.5816878046551, "epsilon": 18.42552692718644, "gamma": 135.5938611369715}}
{"target": 46.34204940840742, "params": {"C": 591.129084302527, "epsilon": 0.5051790697432377, "gamma": 1.2110507275871996}}
{"target": 43.74444262655514, "params": {"C": 3.305572346355092, "epsilon": 37.90376274618383, "gamma": 128.66831027362917}}
{"target": 82.34033337777643, "params": {"C": 3023.7881516604702, "epsilon": 117.42068127033431, "gamma": 143.85885578898657}}
{"target": 17.784636322796576, "params": {"C": 79.74942181862737, "epsilon": 0.323881157366654, "gamma": 106.53097387904279}}
{"target": 22.149822944220972, "params": {"C": 10.306541977211566, "epsilon": 0.6671544650219363, "gamma": 83.63093026473946}}
{"target": 19.696739041042953, "params": {"C": 211.24973602537654, "epsilon": 15.29856243895847, "gamma": 85.44553641598289}}
{"target": 23.36717967402488, "params": {"C": 792.722003140329, "epsilon": 1.186773709827305, "gamma": 136.21928006994546}}
{"target": 26.34889270539165, "params": {"C": 899.1008450596548, "epsilon": 12.668129368548888, "gamma": 172.97091371407978}}
{"target": 24.924367717620527, "params": {"C": 961.2753467849202, "epsilon": 0.17698576904529828, "gamma": 16.51877927899229}}
{"target": 21.121050960546746, "params": {"C": 36.85850628774803, "epsilon": 15.803357692492575, "gamma": 90.6576875491493}}
{"target": 23.321128148795925, "params": {"C": 38.04627841539701, "epsilon": 20.594105748963578, "gamma": 106.92139314913258}}
{"target": 21.491423829057226, "params": {"C": 659.1499298376953, "epsilon": 13.433836645925329, "gamma": 108.08172720868401}}
{"target": 21.33138100924286, "params": {"C": 41.33807955556446, "epsilon": 15.080834997261297, "gamma": 104.64497085253791}}
{"target": 20.3579479684914, "params": {"C": 681.37561934219, "epsilon": 12.138619549722257, "gamma": 85.06047422099869}}
{"target": 20.997293049093383, "params": {"C": 18.091756831689693, "epsilon": 8.737555144054921, "gamma": 128.62806221101687}}
{"target": 26.410907260225876, "params": {"C": 10.567830844074422, "epsilon": 14.384843121610203, "gamma": 30.72370583089849}}
{"target": 22.298126181801138, "params": {"C": 963.6583157472901, "epsilon": 18.744853926064813, "gamma": 39.1839027445387}}
{"target": 28.712850157112577, "params": {"C": 4.030791213263541, "epsilon": 11.986496800618411, "gamma": 81.79368367814243}}
{"target": 16.3447244306196, "params": {"C": 89.7643808263249, "epsilon": 0.8986566631591801, "gamma": 71.46644312034036}}
{"target": 17.641961196888396, "params": {"C": 1158.5956276478194, "epsilon": 1.2884636374625582, "gamma": 43.197259121931076}}
{"target": 22.54385990841549, "params": {"C": 9.20556796404719, "epsilon": 0.5640335712297659, "gamma": 51.43632535385929}}
{"target": 20.639568107903962, "params": {"C": 814.2666667074809, "epsilon": 1.9978193047010073, "gamma": 66.13965602477622}}
{"target": 20.881769438784552, "params": {"C": 927.7947409225892, "epsilon": 15.163637729807451, "gamma": 81.38784863668508}}
{"target": 20.08007715391782, "params": {"C": 1279.1325059667236, "epsilon": 1.187440608538262, "gamma": 51.78173366530148}}
{"target": 46.45129255491021, "params": {"C": 24.226395371605236, "epsilon": 2.004939100869491, "gamma": 4.935505970604375}}
{"target": 62.86751532349804, "params": {"C": 1045.529819035913, "epsilon": 0.45639547677600145, "gamma": 8.710293017513706}}
{"target": 21.246519492940415, "params": {"C": 23.47280369619248, "epsilon": 16.967631840329126, "gamma": 74.79789832849765}}
{"target": 19.637739713354733, "params": {"C": 158.30687033780998, "epsilon": 15.536349150911237, "gamma": 29.674828651609438}}
{"target": 22.339692044044774, "params": {"C": 718.0948526910782, "epsilon": 0.37092574987383153, "gamma": 115.05992962170089}}
{"target": 22.15727353229057, "params": {"C": 559.6693787495035, "epsilon": 0.9790352850363147, "gamma": 109.33963868171111}}
{"target": 23.900516122800514, "params": {"C": 1265.5075958254213, "epsilon": 0.04568321788658203, "gamma": 94.72872309363495}}
{"target": 23.00717192634316, "params": {"C": 675.4698714917557, "epsilon": 0.11147365967391587, "gamma": 135.84143559149564}}
{"target": 19.293703081778776, "params": {"C": 233.33878963244746, "epsilon": 0.6642560937619227, "gamma": 145.89258074670693}}
{"target": 28.65641967059396, "params": {"C": 1625.6974644733953, "epsilon": 0.46011354395352555, "gamma": 131.18237869522818}}
{"target": 33.14847866466165, "params": {"C": 499.37697929867494, "epsilon": 15.509488074211081, "gamma": 15.668455867207598}}
{"target": 20.97644135312153, "params": {"C": 93.56753515063625, "epsilon": 20.274147383703493, "gamma": 25.660700954163815}}
{"target": 23.01260604688487, "params": {"C": 738.8481417771084, "epsilon": 9.442641909689637, "gamma": 138.43962680058607}}
{"target": 28.63589469552578, "params": {"C": 609.3182712759941, "epsilon": 34.97272338118423, "gamma": 88.6086450537865}}
{"target": 23.250077996970784, "params": {"C": 8.100047736389882, "epsilon": 2.493079666666013, "gamma": 90.16580275514177}}
{"target": 82.36333542437346, "params": {"C": 383.5540365673951, "epsilon": 115.14126403821011, "gamma": 405.35290546540557}}
{"target": 18.989512975089347, "params": {"C": 665.9670774195406, "epsilon": 13.001983711716674, "gamma": 57.929387495459686}}
{"target": 22.65386328153153, "params": {"C": 808.0853356711991, "epsilon": 17.846856242537832, "gamma": 31.16552505423047}}
{"target": 27.29959839744003, "params": {"C": 46.04876652556618, "epsilon": 22.996971853238286, "gamma": 205.7945203314348}}
{"target": 19.121213290478288, "params": {"C": 35.75741138821763, "epsilon": 10.277829222429554, "gamma": 83.06339549121844}}
{"target": 23.27125101640452, "params": {"C": 12.191008504175812, "epsilon": 13.513231599779674, "gamma": 103.26439168296451}}
{"target": 22.965505590865966, "params": {"C": 56.28982859657735, "epsilon": 17.810799502313976, "gamma": 164.56762847166607}}
{"target": 44.361963429962366, "params": {"C": 9.30162842189435, "epsilon": 2.491577770814999, "gamma": 9.715686755593666}}
{"target": 21.51377906966568, "params": {"C": 535.7499447297776, "epsilon": 0.06833231919025085, "gamma": 121.75556408729982}}
{"target": 20.932502353996977, "params": {"C": 917.7765106152258, "epsilon": 2.364237339411725, "gamma": 63.624369248429545}}
{"target": 17.86791928756, "params": {"C": 897.6505913501537, "epsilon": 0.8801423385171918, "gamma": 49.97517062230723}}
{"target": 23.80684770015168, "params": {"C": 6.9681524703757844, "epsilon": 0.4160913780817799, "gamma": 79.06407164551726}}
{"target": 18.456791523693123, "params": {"C": 426.6598585834165, "epsilon": 0.37885370983641986, "gamma": 64.54173068903995}}
{"target": 18.322093246640573, "params": {"C": 738.5633021195547, "epsilon": 13.130735386958563, "gamma": 52.282428366614496}}
{"target": 42.31120569468877, "params": {"C": 3095.150490383203, "epsilon": 31.82121535204997, "gamma": 378.24206422090384}}
{"target": 20.59444599633222, "params": {"C": 29.015649151673728, "epsilon": 0.34045414230058735, "gamma": 35.08597168080372}}
{"target": 20.59350825286319, "params": {"C": 3925.1790526362292, "epsilon": 6.001840621088142, "gamma": 37.08083051409653}}
{"target": 30.534245906329364, "params": {"C": 1537.1738245244328, "epsilon": 35.957392732661205, "gamma": 109.6618834000657}}
{"target": 20.70664744906285, "params": {"C": 1644.251525361703, "epsilon": 16.165411027076445, "gamma": 94.36728525431344}}
{"target": 44.7227379354496, "params": {"C": 35.98769862620463, "epsilon": 23.19357070036516, "gamma": 8.981339042852973}}
{"target": 19.034009890980723, "params": {"C": 171.22339594662907, "epsilon": 0.6938973242791846, "gamma": 168.91432608462668}}
{"target": 23.90133182812631, "params": {"C": 10.601906384104637, "epsilon": 15.242418995309574, "gamma": 72.32375890355117}}
{"target": 22.035297089036984, "params": {"C": 13.066245212137744, "epsilon": 3.3646074365358, "gamma": 117.21075602828907}}
{"target": 20.492129594280645, "params": {"C": 474.87549749077465, "epsilon": 17.51448368282278, "gamma": 80.70443103710136}}
{"target": 37.50771225297201, "params": {"C": 31.0226723717264, "epsilon": 11.65918237897243, "gamma": 17.3657354937206}}
{"target": 52.98983340890177, "params": {"C": 4617.31201261818, "epsilon": 49.697975089766146, "gamma": 392.4277524422132}}
{"target": 38.087380938561395, "params": {"C": 1.3683488654814084, "epsilon": 3.1272933834238734, "gamma": 108.61430971293834}}
{"target": 22.528481907712802, "params": {"C": 872.0342433351701, "epsilon": 13.587987601041505, "gamma": 114.97517862562219}}
{"target": 20.862200342489842, "params": {"C": 738.4393163945638, "epsilon": 0.0726302983881324, "gamma": 81.0250141320711}}
{"target": 22.24028759116466, "params": {"C": 1041.6154013581177, "epsilon": 0.3760642768413385, "gamma": 79.66294869304015}}
{"target": 16.35777822236337, "params": {"C": 123.93375259519112, "epsilon": 1.096353148049436, "gamma": 81.012863717603}}
{"target": 49.28301855732914, "params": {"C": 934.2434039745503, "epsilon": 0.8598259254037832, "gamma": 1.4963627089192926}}
{"target": 20.53423989265307, "params": {"C": 751.1925410845549, "epsilon": 12.336280777481239, "gamma": 76.94741928676011}}
{"target": 50.78592220087745, "params": {"C": 1036.068054453932, "epsilon": 55.662662455623696, "gamma": 411.15997577247174}}
{"target": 23.11400596906079, "params": {"C": 41.0285161289451, "epsilon": 18.52120683135021, "gamma": 123.45119527355544}}
{"target": 23.789504588610704, "params": {"C": 1128.9794177123806, "epsilon": 0.5900767726959697, "gamma": 96.371006206649}}
{"target": 20.687719765875368, "params": {"C": 1613.5238257528597, "epsilon": 17.409332005812956, "gamma": 71.8401502274255}}
{"target": 21.74567156388724, "params": {"C": 784.2661555865071, "epsilon": 1.561153913789625, "gamma": 79.61201150319323}}
{"target": 17.170269331432966, "params": {"C": 80.68311622265757, "epsilon": 1.3761250348135539, "gamma": 105.28509103778536}}
{"target": 22.213382238664515, "params": {"C": 17.39692477876433, "epsilon": 17.22645842897207, "gamma": 60.0629396468179}}
{"target": 23.63044398311553, "params": {"C": 7.43171823160327, "epsilon": 1.9828196530803481, "gamma": 89.95528099924672}}
{"target": 20.53925989459277, "params": {"C": 1196.9814597961918, "epsilon": 0.5240028528518483, "gamma": 55.88817030965767}}
{"target": 28.556224338009933, "params": {"C": 1518.0079061707688, "epsilon": 14.697775041778042, "gamma": 190.47912952539903}}
{"target": 21.472914411898632, "params": {"C": 798.3510466120797, "epsilon": 1.337193157028583, "gamma": 71.73911561616917}}
{"target": 20.671317294685, "params": {"C": 55.98672783949279, "epsilon": 16.785088121270938, "gamma": 35.281344882882436}}
{"target": 24.532671832777705, "params": {"C": 533.0408170032529, "epsilon": 35.36492398027738, "gamma": 49.73842334468058}}
{"target": 19.371782925915802, "params": {"C": 73.44972781818646, "epsilon": 0.42734511327542646, "gamma": 39.50359145532012}}
{"target": 22.333326947740428, "params": {"C": 804.9657208375041, "epsilon": 18.43145866836491, "gamma": 94.60207835921275}}
{"target": 42.820712390627705, "params": {"C": 38.00644714492947, "epsilon": 14.936185563632762, "gamma": 12.156998657540385}}
{"target": 26.409186777451275, "params": {"C": 777.9775599473737, "epsilon": 17.919149750023507, "gamma": 175.92399380020467}}
{"target": 45.961711078308156, "params": {"C": 130.95392296706194, "epsilon": 17.730622156140978, "gamma": 1.2481502229324661}}
{"target": 22.917499008249024, "params": {"C": 939.7016327941338, "epsilon": 19.838397073136786, "gamma": 80.67640572453169}}
{"target": 24.36884152184939, "params": {"C": 633.6575355660399, "epsilon": 17.762760929572774, "gamma": 156.6379535030748}}
{"target": 22.50638600588814, "params": {"C": 784.3196884241639, "epsilon": 17.601470549002073, "gamma": 103.85144193605802}}
{"target": 18.7531142786652, "params": {"C": 109.9309852096534, "epsilon": 0.3826096312423949, "gamma": 40.387026296467965}}
{"target": 28.035327361630618, "params": {"C": 3.6724532655887145, "epsilon": 7.335783132719973, "gamma": 64.85531096295054}}
{"target": 22.476474238324762, "params": {"C": 23.130336087647997, "epsilon": 14.57177338987583, "gamma": 136.1953242235721}}
{"target": 18.816476213659033, "params": {"C": 81.08660657707513, "epsilon": 0.36078365723927996, "gamma": 41.97643007619657}}
{"target": 18.38973707977069, "params": {"C": 120.25836249031524, "epsilon": 0.692341772239764, "gamma": 120.8281199520698}}
{"target": 18.549379171824043, "params": {"C": 79.4678148829308, "epsilon": 1.6463713350628464, "gamma": 131.896604622221}}
{"target": 54.17932958685675, "params": {"C": 477.60368801757784, "epsilon": 0.8915031279803116, "gamma": 5.4717687063610185}}
{"target": 18.88089961571901, "params": {"C": 167.32882862805076, "epsilon": 0.2619339550901516, "gamma": 101.49836416096011}}
{"target": 43.47472412029235, "params": {"C": 2906.838611013517, "epsilon": 49.13703700929713, "gamma": 248.0476356488065}}
{"target": 49.44342469980884, "params": {"C": 2496.384199529005, "epsilon": 64.79524929872005, "gamma": 150.04261887263036}}
{"target": 24.857454023413574, "params": {"C": 615.196468633008, "epsilon": 0.4645701367795143, "gamma": 166.2929770223004}}
{"target": 22.59593304223413, "params": {"C": 543.3692866188471, "epsilon": 0.5645990739041353, "gamma": 144.22340260384306}}
{"target": 18.31172110501797, "params": {"C": 787.6453379271587, "epsilon": 11.568717455451274, "gamma": 55.67793621659766}}
{"target": 20.233052805775838, "params": {"C": 935.6374449059883, "epsilon": 14.10137993485373, "gamma": 78.83119018346174}}
{"target": 52.85891889521672, "params": {"C": 1968.3947659986788, "epsilon": 81.6250156081372, "gamma": 25.252360201135303}}
{"target": 56.23222136571094, "params": {"C": 568.9548143614757, "epsilon": 85.90567121948426, "gamma": 30.091432753780197}}
{"target": 21.48322346529523, "params": {"C": 912.5354689479523, "epsilon": 14.847380792934835, "gamma": 36.74400610417088}}
{"target": 18.79590305479589, "params": {"C": 26.442353639728708, "epsilon": 0.9824988064343874, "gamma": 95.55890835967851}}
{"target": 22.172416041177257, "params": {"C": 754.9423009440799, "epsilon": 18.0749703006342, "gamma": 94.64329585805866}}
{"target": 19.831144647224814, "params": {"C": 735.6336769243849, "epsilon": 16.267258988423425, "gamma": 79.42053547394653}}
{"target": 22.044854530255257, "params": {"C": 998.4443286467366, "epsilon": 1.2469852990326318, "gamma": 72.65747745722402}}
{"target": 21.816668904847482, "params": {"C": 78.7716896954208, "epsilon": 16.37071879331261, "gamma": 138.58452777363948}}
{"target": 22.456772228757394, "params": {"C": 860.896734605021, "epsilon": 16.509962396862793, "gamma": 118.39530813915134}}
{"target": 19.422442097681955, "params": {"C": 71.12271624993922, "epsilon": 13.81150769935151, "gamma": 57.185003434045264}}
{"target": 23.209940250075526, "params": {"C": 82.48937937673382, "epsilon": 22.24481036162851, "gamma": 87.04022426037272}}
{"target": 20.24245833630455, "params": {"C": 572.4648438392685, "epsilon": 0.4910902477107419, "gamma": 74.35345423569615}}
{"target": 23.703621784551324, "params": {"C": 891.9060447888144, "epsilon": 1.177049990364056, "gamma": 132.91528557015604}}
