{"target": 20.698026179730114, "params": {"C": 58.600387011568955, "epsilon": 14.633616244237132, "gamma": 94.56736685204005}}
{"target": 23.664883131294314, "params": {"C": 784.932739373628, "epsilon": 18.51741424837159, "gamma": 120.92022203987244}}
{"target": 18.800259629047357, "params": {"C": 32.51993366031202, "epsilon": 8.685831628604074, "gamma": 85.5021781578169}}
{"target": 22.800217001120185, "params": {"C": 725.8497780355859, "epsilon": 0.4985394229963176, "gamma": 105.15778914316206}}
{"target": 45.96648519365705, "params": {"C": 242.98675809433334, "epsilon": 1.2859478257013586, "gamma": 1.0911625452145515}}
{"target": 48.164770371293244, "params": {"C": 5738.078867465971, "epsilon": 48.84201672229499, "gamma": 222.65256751464125}}
{"target": 28.20554018735968, "params": {"C": 1352.5972896827714, "epsilon": 0.9420464951273525, "gamma": 221.09008799348248}}
{"target": 47.2243427792035, "params": {"C": 97.32134142416368, "epsilon": 16.138738111534373, "gamma": 2.0406337404460473}}
{"target": 33.02618349137475, "params": {"C": 8.429759393971949, "epsilon": 27.195945625622606, "gamma": 107.96069762389918}}
{"target": 21.33835715172964, "params": {"C": 13.133594752535927, "epsilon": 4.962187388195614, "gamma": 61.90029678275527}}
{"target": 21.510335616812227, "params": {"C": 78.49004442715032, "epsilon": 10.648694784111562, "gamma": 129.88127021167358}}
{"target": 18.76684075748931, "params": {"C": 169.92910001648542, "epsilon": 1.0666513322345033, "gamma": 106.27574014905638}}
{"target": 47.6689371057267, "params": {"C": 166.08236663965218, "epsilon": 1.0647399968500917, "gamma": 3.4366384179362512}}
{"target": 20.99547576107045, "params": {"C": 657.478920520057, "epsilon": 11.57357145071142, "gamma": 82.36295226855604}}
{"target": 41.54000527194515, "params": {"C": 4.055035711000244, "epsilon": 35.87970790686963, "gamma": 43.46644109848532}}
{"target": 17.843002326901917, "params": {"C": 34.25392086434856, "epsilon": 0.7121188747429676, "gamma": 77.10997930948909}}
{"target": 20.613839823651478, "params": {"C": 648.1083849313748, "epsilon": 13.354664823667669, "gamma": 77.55462879150056}}
{"target": 23.51458277995708, "params": {"C": 10.76059924787441, "epsilon": 9.669645489275222, "gamma": 121.99607381597215}}
{"target": 19.511338208592655, "params": {"C": 235.3372041643096, "epsilon": 0.11683058858403728, "gamma": 97.84737842715776}}
{"target": 19.574217749920614, "params": {"C": 521.6994757546124, "epsilon": 0.2694006049123554, "gamma": 69.10667425631864}}
{"target": 20.78440382596471, "params": {"C": 1552.6736310609285, "epsilon": 13.384972632111563, "gamma": 86.21535056376476}}
{"target": 21.52100223191524, "params": {"C": 15.996229218334634, "epsilon": 11.464612489755059, "gamma": 95.84722094100863}}
{"target": 34.759362147260724, "params": {"C": 1.6990721836776004, "epsilon": 0.7181103239966595, "gamma": 75.16718960525516}}
{"target": 17.883287869074152, "params": {"C": 38.16861419196063, "epsilon": 1.0030304971322608, "gamma": 99.36364328142989}}
{"target": 24.63596128399558, "params": {"C": 18.00145902658609, "epsilon": 22.246121565224374, "gamma": 51.7488635018618}}
{"target": 18.464800479774844, "params": {"C": 87.74800789630648, "epsilon": 0.5766887692368954, "gamma": 157.21251659880585}}
{"target": 24.644654633120336, "params": {"C": 994.0354762711943, "epsilon": 0.07099765855479148, "gamma": 129.5389995552675}}
{"target": 49.70443014967056, "params": {"C": 1230.7576358691902, "epsilon": 9.193823231846425, "gamma": 1.44819194378816}}
{"target": 68.65384458427691, "params": {"C": 938.4722420800249, "epsilon": 18.260175560979935, "gamma": 8.737926238837773}}
{"target": 23.338424836110327, "params": {"C": 1597.6009315549943, "epsilon": 0.53973064812606, "gamma": 19.05345255677271}}
{"target": 59.29870763846537, "params": {"C": 1524.228464983793, "epsilon": 0.05035443907207515, "gamma": 3.9528470677474417}}
{"target": 18.149372194093566, "params": {"C": 120.55862003452955, "epsilon": 0.07971796299190448, "gamma": 134.317373814861}}
{"target": 28.951300962751834, "params": {"C": 939.0785169826208, "epsilon": 33.16222806447985, "gamma": 95.59675560027836}}
{"target": 30.658746498477946, "params": {"C": 870.0100928289233, "epsilon": 28.721313454783463, "gamma": 182.9218936885013}}
{"target": 21.939355050615497, "params": {"C": 883.2824448706419, "epsilon": 0.450169590083222, "gamma": 81.30296036405214}}
{"target": 24.216840601489125, "params": {"C": 1485.0866929367014, "epsilon": 2.598503761500448, "gamma": 71.0963803344494}}
{"target": 30.665372537332065, "params": {"C": 1154.6900981862746, "epsilon": 29.466956288370152, "gamma": 191.52448124078458}}
{"target": 25.338839510893866, "params": {"C": 1589.0696315556347, "epsilon": 10.254181856244594, "gamma": 96.22355342505806}}
{"target": 22.908788481588797, "params": {"C": 707.3785235272913, "epsilon": 15.248100595482612, "gamma": 154.64107566759512}}
{"target": 28.213183052801924, "params": {"C": 3.6459654707865923, "epsilon": 0.6112325324035515, "gamma": 93.4955495563221}}
{"target": 30.649352701414166, "params": {"C": 5996.680941670585, "epsilon": 59.477446936895994, "gamma": 19.259648272767805}}
{"target": 23.577688301408248, "params": {"C": 994.9813547144524, "epsilon": 13.889023296527, "gamma": 145.23642778979666}}
{"target": 27.242599493305022, "params": {"C": 1602.9923333368788, "epsilon": 15.471658486206575, "gamma": 147.2652986646696}}
{"target": 22.30848164239608, "params": {"C": 46.88295056404803, "epsilon": 15.386752253856526, "gamma": 27.317763130488103}}
{"target": 21.783255833868353, "params": {"C": 38.302513066979174, "epsilon": 16.08839075225907, "gamma": 107.72884573828469}}
{"target": 22.877430417769098, "params": {"C": 14.628217386105575, "epsilon": 18.186383604559747, "gamma": 73.22713568079998}}
{"target": 18.064479669661665, "params": {"C": 642.3831716015861, "epsilon": 1.3543797981904258, "gamma": 55.484234278697905}}
{"target": 41.652531321837984, "params": {"C": 1.5011659641644712, "epsilon": 0.9846760604356031, "gamma": 30.834499235454295}}
{"target": 17.542407795659667, "params": {"C": 804.4373991936571, "epsilon": 0.36224191364341873, "gamma": 42.649451224462894}}
{"target": 20.136288649671126, "params": {"C": 632.6310889373915, "epsilon": 14.79854460377501, "gamma": 41.55136742538895}}
{"target": 20.745030751329484, "params": {"C": 882.0219919818012, "epsilon": 0.31418204661454974, "gamma": 67.76799174816026}}
{"target": 44.02130993844058, "params": {"C": 58.584480082159814, "epsilon": 15.903085763076046, "gamma": 14.884735674054596}}
{"target": 24.178419194741885, "params": {"C": 878.4688061259934, "epsilon": 1.4650907457607176, "gamma": 139.27825569908873}}
{"target": 19.935360829263693, "params": {"C": 41.51606358327034, "epsilon": 0.20045544250737668, "gamma": 176.92290072573553}}
{"target": 44.97697316172609, "params": {"C": 62.364701133772144, "epsilon": 15.304267512433562, "gamma": 14.207541856147344}}
{"target": 21.976396901888034, "params": {"C": 570.0365167265084, "epsilon": 0.787948499456979, "gamma": 24.461419624481607}}
{"target": 18.96121144032049, "params": {"C": 179.531139959592, "epsilon": 0.06433212055362347, "gamma": 119.1430590299397}}
{"target": 77.81651927741089, "params": {"C": 439.7656028128672, "epsilon": 118.42387335085986, "gamma": 4.704531613775231}}
{"target": 27.092065804953393, "params": {"C": 909.7885945144438, "epsilon": 31.292959430167876, "gamma": 95.93363426715709}}
{"target": 21.513306470690914, "params": {"C": 1422.6683040242503, "epsilon": 0.10274074978559566, "gamma": 63.43701679074709}}
{"target": 24.00364525346424, "params": {"C": 23.44420938730221, "epsilon": 19.380423620723846, "gamma": 116.37690216117045}}
{"target": 22.62868827160418, "params": {"C": 942.7269299903942, "epsilon": 32.61709095446195, "gamma": 33.139190797847455}}
{"target": 69.78451380126359, "params": {"C": 5960.241905835911, "epsilon": 92.7960842919112, "gamma": 314.50442513079486}}
{"target": 22.719097474739407, "params": {"C": 20.375787824301412, "epsilon": 14.46075942505401, "gamma": 129.0585224969182}}
{"target": 20.635999437744836, "params": {"C": 703.781204278175, "epsilon": 17.58334287832956, "gamma": 83.33343515032666}}
{"target": 30.868669793394012, "params": {"C": 4.178394860512611, "epsilon": 10.456640912033905, "gamma": 173.28357350065139}}
{"target": 55.269184597046795, "params": {"C": 837.0720279361673, "epsilon": 14.5630831831777, "gamma": 3.677945693312026}}
{"target": 27.987225975493214, "params": {"C": 5.9478316371794335, "epsilon": 0.632312048476771, "gamma": 33.596290301353626}}
{"target": 21.305744012666764, "params": {"C": 27.682009861459996, "epsilon": 15.651899243227401, "gamma": 89.22217276303184}}
{"target": 20.592581168916567, "params": {"C": 593.1419489051275, "epsilon": 14.718407893720547, "gamma": 84.79820559613674}}
{"target": 22.725793057272615, "params": {"C": 926.1767762377958, "epsilon": 13.179279423834036, "gamma": 118.14406316452613}}
{"target": 21.329450231722426, "params": {"C": 734.8350230853487, "epsilon": 16.006310282630054, "gamma": 91.44670689750451}}
{"target": 22.642080817030227, "params": {"C": 669.5880259694037, "epsilon": 16.41602880874838, "gamma": 132.03102837564805}}
{"target": 46.5689348948534, "params": {"C": 182.70353515309654, "epsilon": 0.06203449802638006, "gamma": 12.165691599701958}}
{"target": 22.572013122376895, "params": {"C": 990.0131499971257, "epsilon": 0.25741147210177334, "gamma": 84.79941531517711}}
{"target": 22.70783161048859, "params": {"C": 13.55084634845187, "epsilon": 12.668455518150267, "gamma": 36.45240591851975}}
{"target": 19.971126193632767, "params": {"C": 577.4184316470114, "epsilon": 0.1919507507788616, "gamma": 70.79456483015012}}
{"target": 17.328971700499032, "params": {"C": 790.3595071825705, "epsilon": 0.6076341002962036, "gamma": 40.649329454258776}}
{"target": 22.531607520348153, "params": {"C": 792.5052331874608, "epsilon": 18.004521325366373, "gamma": 32.1215786198871}}
{"target": 17.80996175593603, "params": {"C": 97.01553025373096, "epsilon": 0.5846879899754929, "gamma": 116.84925483812732}}
{"target": 46.47897832265082, "params": {"C": 434.4519821199781, "epsilon": 0.5043428249745037, "gamma": 1.309951423084243}}
{"target": 21.522259340634996, "params": {"C": 45.95322154164798, "epsilon": 14.434586167376402, "gamma": 110.90021936605852}}
{"target": 17.154887921517286, "params": {"C": 72.61295481804163, "epsilon": 1.1863443578305657, "gamma": 97.69450895108814}}
{"target": 45.8432356668796, "params": {"C": 0.7476900694645536, "epsilon": 12.010639346088714, "gamma": 94.92661625106037}}
{"target": 18.25644248358102, "params": {"C": 92.69014453894737, "epsilon": 1.2425388499861385, "gamma": 122.64626194921681}}
{"target": 20.552778321995415, "params": {"C": 32.775431561069524, "epsilon": 14.943205505644, "gamma": 51.33429761859375}}
{"target": 17.955645206266784, "params": {"C": 697.1907418024775, "epsilon": 13.892174198692956, "gamma": 49.120810486945565}}
{"target": 20.30472200197581, "params": {"C": 643.9067818656804, "epsilon": 16.279190813688647, "gamma": 83.9497046876191}}
{"target": 17.793628568902598, "params": {"C": 52.20071964170067, "epsilon": 1.3872812714156049, "gamma": 111.03441071025648}}
{"target": 28.125135115192215, "params": {"C": 1379.158587981392, "epsilon": 0.4097702156007438, "gamma": 138.67041816565137}}
{"target": 30.4312231678878, "params": {"C": 5349.0519747814515, "epsilon": 30.214815650035412, "gamma": 180.3647247880686}}
{"target": 18.3287756656158, "params": {"C": 37.04845868887714, "epsilon": 0.5305155959629885, "gamma": 58.73213852453743}}
{"target": 22.993270184651085, "params": {"C": 827.6419441941187, "epsilon": 2.331556326954825, "gamma": 136.9695601087878}}
{"target": 54.931464420636814, "params": {"C": 3738.227922465533, "epsilon": 74.38980030630255, "gamma": 100.30096750705525}}
{"target": 26.21704745519271, "params": {"C": 988.9158759852422, "epsilon": 0.22018439503058607, "gamma": 145.66365211106555}}
{"target": 53.14942177894255, "params": {"C": 4674.314701835479, "epsilon": 36.26412192078214, "gamma": 447.54121272219794}}
{"target": 18.878035993739516, "params": {"C": 918.9036969535003, "epsilon": 12.975123979431839, "gamma": 54.72962624932359}}
{"target": 21.74290977288007, "params": {"C": 1620.026630514576, "epsilon": 18.12168685428691, "gamma": 62.07832501798997}}
{"target": 19.387017827243593, "params": {"C": 565.9113653202547, "epsilon": 32.84184272042766, "gamma": 31.285153351634825}}
{"target": 31.484032222258577, "params": {"C": 3.5315283076549804, "epsilon": 16.805131514158845, "gamma": 74.01928888029884}}
{"target": 23.603874346647153, "params": {"C": 781.8661412163469, "epsilon": 0.5919148055903799, "gamma": 136.47003023065673}}
{"target": 22.29890701421988, "params": {"C": 686.184711914257, "epsilon": 0.22839196764692915, "gamma": 126.3873653454697}}
{"target": 27.885050829712704, "params": {"C": 6.753664550310049, "epsilon": 16.14559916560582, "gamma": 103.4566910689511}}
{"target": 22.11756014683913, "params": {"C": 47.99956417771196, "epsilon": 2.772720447202257, "gamma": 24.78328677635926}}
{"target": 71.04360997766427, "params": {"C": 2622.730200270605, "epsilon": 96.32273003251079, "gamma": 225.37137989045533}}
{"target": 19.209523356623297, "params": {"C": 59.93126163047371, "epsilon": 9.425840746632975, "gamma": 36.77311736499185}}
{"target": 46.32895140514479, "params": {"C": 52.81984598265518, "epsilon": 3.314207363196957, "gamma": 3.937023266334677}}
{"target": 18.269033858082658, "params": {"C": 636.1679782840155, "epsilon": 13.838986260883686, "gamma": 45.38104419494695}}
{"target": 31.647684802595315, "params": {"C": 76.81372512558622, "epsilon": 35.329114506458, "gamma": 180.37294482266117}}
{"target": 50.82364240698926, "params": {"C": 600.6365223222595, "epsilon": 10.651519031573795, "gamma": 2.553042333979384}}
{"target": 23.108568947876975, "params": {"C": 30.874770785653638, "epsilon": 11.876516851569551, "gamma": 236.17576724309333}}
{"target": 50.05039816462159, "params": {"C": 4487.7134464969995, "epsilon": 64.89761281934281, "gamma": 190.68890145275958}}
{"target": 17.06530618134236, "params": {"C": 635.197138524488, "epsilon": 0.6733931793073378, "gamma": 48.11467755703445}}
{"target": 19.750343320229852, "params": {"C": 617.9831905829807, "epsilon": 0.2881181947690573, "gamma": 35.79255603043169}}
{"target": 19.276297999592593, "params": {"C": 599.215943226553, "epsilon": 15.298445281935537, "gamma": 48.192290122399285}}
{"target": 37.826892127077464, "params": {"C": 5.414123872568382, "epsilon": 31.892354635406658, "gamma": 127.46370413922831}}
{"target": 43.965097517641546, "params": {"C": 3066.303538821799, "epsilon": 23.27914588423628, "gamma": 489.2719952548364}}
{"target": 17.097406928546995, "params": {"C": 50.84496688081406, "epsilon": 2.0076717866533924, "gamma": 73.16232652590395}}
{"target": 28.040218395642068, "params": {"C": 509.24386903542705, "epsilon": 31.774545058610943, "gamma": 101.39805604000547}}
{"target": 26.00571504906359, "params": {"C": 644.8091593798207, "epsilon": 19.923720583758662, "gamma": 139.4554650059225}}
{"target": 35.297517294405935, "params": {"C": 2207.1308529341422, "epsilon": 54.68981583002946, "gamma": 53.549909640085815}}
{"target": 20.49296732025675, "params": {"C": 44.82466591733882, "epsilon": 13.129555168590642, "gamma": 86.72747015354926}}
{"target": 24.483670687216243, "params": {"C": 1594.1636042955547, "epsilon": 0.8037425695937487, "gamma": 88.38196417701299}}
{"target": 19.342624697696422, "params": {"C": 489.84395457858403, "epsilon": 0.5636131456899132, "gamma": 69.79768981816578}}
{"target": 25.57789821946755, "params": {"C": 55.62940419396155, "epsilon": 30.542407511141125, "gamma": 58.84094080034195}}
{"target": 21.427025871438353, "params": {"C": 756.7454414272115, "epsilon": 0.8643061388488833, "gamma": 77.2963116806763}}
{"target": 19.255176448855135, "params": {"C": 88.96789717139085, "epsilon": 1.06726345588248, "gamma": 38.09411763380772}}
{"target": 17.57743771063687, "params": {"C": 67.62086376499919, "epsilon": 0.6968204755043181, "gamma": 107.39709830902376}}
{"target": 17.407505138657044, "params": {"C": 42.64979893560478, "epsilon": 0.4957734764229099, "gamma": 73.02688152238865}}
{"target": 22.806074385756066, "params": {"C": 817.2483211657973, "epsilon": 0.3582143431660363, "gamma": 121.89147296976074}}
{"target": 21.46901392093468, "params": {"C": 1282.9218517741863, "epsilon": 0.057722998156723326, "gamma": 62.83863585787302}}
{"target": 20.69891699298664, "params": {"C": 984.1893890878907, "epsilon": 17.938650847121924, "gamma": 55.64444761254411}}
{"target": 24.230619398373836, "params": {"C": 1554.489114877003, "epsilon": 14.415843208027155, "gamma": 114.75816699685294}}
{"target": 22.606074279188647, "params": {"C": 18.471466696483446, "epsilon": 17.544063408635203, "gamma": 51.55494205649436}}
{"target": 20.297055193800944, "params": {"C": 776.4369465492218, "epsilon": 13.69004885135659, "gamma": 73.31429780243187}}
{"target": 20.011405704057232, "params": {"C": 66.27098378812654, "epsilon": 0.5247826698016327, "gamma": 34.3793513858397}}
{"target": 21.27763596047287, "params": {"C": 707.776485865281, "epsilon": 14.433179889260515, "gamma": 105.8641501946959}}
{"target": 25.24212770477643, "params": {"C": 4628.789047110376, "epsilon": 36.08936103146915, "gamma": 36.78676362351922}}
{"target": 21.11391126347666, "params": {"C": 789.151357485029, "epsilon": 13.651668968388872, "gamma": 93.73364412465938}}
{"target": 17.998597615169952, "params": {"C": 69.15597549265546, "epsilon": 1.1247841154027727, "gamma": 133.86482079996296}}
{"target": 23.535204516052918, "params": {"C": 921.4911127138522, "epsilon": 10.987148514939692, "gamma": 120.95981551374244}}
{"target": 17.294524111761255, "params": {"C": 613.6183357599618, "epsilon": 0.04857606388528657, "gamma": 49.95907454524538}}
{"target": 51.64019255201545, "params": {"C": 3452.355677476033, "epsilon": 45.41754595496147, "gamma": 448.4944475173596}}
{"target": 19.90389179680824, "params": {"C": 21.157039815488915, "epsilon": 8.559951432230521, "gamma": 59.17024962942186}}
{"target": 50.76641587921408, "params": {"C": 989.4670910439164, "epsilon": 0.5176030012122366, "gamma": 2.1213039891102383}}
{"target": 22.38697569511195, "params": {"C": 747.3582044540044, "epsilon": 1.20515885605237, "gamma": 125.52626040537956}}
{"target": 22.555543779653796, "params": {"C": 814.1231433499361, "epsilon": 0.09442348294011438, "gamma": 97.57640429083325}}
{"target": 20.727543551312927, "params": {"C": 732.173820318106, "epsilon": 10.902233914180531, "gamma": 72.0707669500761}}
{"target": 26.991134218702378, "params": {"C": 6.084169267696538, "epsilon": 14.480163523082311, "gamma": 55.163806511603205}}
{"target": 27.852306197764154, "params": {"C": 3.757424465859046, "epsilon": 3.5037849139660824, "gamma": 53.8272756792307}}
{"target": 23.23275193854816, "params": {"C": 720.8013543478784, "epsilon": 15.104315913080622, "gamma": 161.27126309107578}}
{"target": 20.44957330343708, "params": {"C": 602.4631775894975, "epsilon": 15.967293619726927, "gamma": 83.26126897726513}}
{"target": 28.056442049997024, "params": {"C": 771.2941582782834, "epsilon": 11.693645736516057, "gamma": 212.64397802782423}}
{"target": 21.9645870966283, "params": {"C": 766.57873316968, "epsilon": 14.122083854035159, "gamma": 113.50748949911323}}
{"target": 19.981573269368084, "params": {"C": 41.14084254140904, "epsilon": 13.887009786501935, "gamma": 47.50399053965307}}
{"target": 49.86217547812456, "params": {"C": 686.3169334628394, "epsilon": 31.162315340095812, "gamma": 1.3860301135652193}}
{"target": 22.271078328880854, "params": {"C": 675.9878221129917, "epsilon": 0.26161081867110114, "gamma": 107.3381818689468}}
{"target": 18.57340036758274, "params": {"C": 42.53093164993959, "epsilon": 1.6315965647708621, "gamma": 53.51434725542624}}
{"target": 17.252577274322626, "params": {"C": 143.77201632001223, "epsilon": 0.44779976010543043, "gamma": 49.70503020928447}}
{"target": 23.137410358127703, "params": {"C": 1473.6703392102224, "epsilon": 17.205402117488383, "gamma": 17.220160594439385}}
{"target": 18.29500125147704, "params": {"C": 34.63691439289924, "epsilon": 1.0676414207834717, "gamma": 62.51416939429146}}
{"target": 26.699834843581083, "params": {"C": 19.034236917307283, "epsilon": 25.82023337723182, "gamma": 67.77162065512644}}
{"target": 26.18114227909308, "params": {"C": 14.83446264408144, "epsilon": 19.23691830560323, "gamma": 134.09789784099155}}
{"target": 63.99548985254406, "params": {"C": 972.8256672585619, "epsilon": 16.48424585411821, "gamma": 7.043424818994495}}
{"target": 81.02456238878628, "params": {"C": 1414.2984041011425, "epsilon": 113.11338898650877, "gamma": 291.7588682206422}}
{"target": 21.971395224302672, "params": {"C": 33.98127325699865, "epsilon": 12.504174876955322, "gamma": 155.2784525717921}}
{"target": 51.57146970244463, "params": {"C": 0.28451294403478755, "epsilon": 4.612824841965587, "gamma": 202.41953403097295}}
{"target": 21.602825533611885, "params": {"C": 79.03177253398606, "epsilon": 15.98140487403046, "gamma": 133.30081911123017}}
{"target": 20.307821847409134, "params": {"C": 1422.150064214084, "epsilon": 16.477243437137435, "gamma": 69.40928692367737}}
{"target": 47.89669513095254, "params": {"C": 8.933201159624133, "epsilon": 12.916507447943708, "gamma": 1.6810562006448322}}
{"target": 18.746935170856496, "params": {"C": 90.42964664468055, "epsilon": 1.806454321526883, "gamma": 129.7322729488621}}
{"target": 28.421093469370238, "params": {"C": 1629.5125650580294, "epsilon": 30.95833211048362, "gamma": 95.67086816475278}}
{"target": 20.37588524216856, "params": {"C": 716.2779225978511, "epsilon": 1.491849901121751, "gamma": 66.12172187678996}}
{"target": 28.54476096383035, "params": {"C": 8.465530848250552, "epsilon": 16.580095839035142, "gamma": 173.02871678590952}}
