{"target": 19.449260434140033, "params": {"C": 759.0312300062371, "epsilon": 14.89290624488106, "gamma": 72.36551465960532}}
{"target": 44.47296382196212, "params": {"C": 15.802595953611942, "epsilon": 2.0842011252276023, "gamma": 7.8123312114909}}
{"target": 50.216153242213274, "params": {"C": 1.69054013236709, "epsilon": 5.216221424673707, "gamma": 4.626647058826208}}
{"target": 22.683732626322616, "params": {"C": 821.315434824805, "epsilon": 0.1413885206098099, "gamma": 100.6586221330787}}
{"target": 17.4030390616143, "params": {"C": 125.10766125773465, "epsilon": 1.1933792206844789, "gamma": 98.14898249251783}}
{"target": 19.930690889076505, "params": {"C": 17.051247150527843, "epsilon": 0.7826722668867987, "gamma": 90.9035570558637}}
{"target": 72.32672699248266, "params": {"C": 135.2707553009982, "epsilon": 98.8533584761537, "gamma": 205.04561542378943}}
{"target": 18.058179027499826, "params": {"C": 42.170061057176355, "epsilon": 1.9915300161764864, "gamma": 56.389751014867926}}
{"target": 23.15926791303729, "params": {"C": 815.3483553881024, "epsilon": 30.7741693699042, "gamma": 45.00214154784552}}
{"target": 24.25850259942781, "params": {"C": 17.8032059717834, "epsilon": 16.349486329842907, "gamma": 148.41487029722333}}
{"target": 20.14531271808064, "params": {"C": 71.52330093648432, "epsilon": 16.26815650468458, "gamma": 84.28281145963894}}
{"target": 21.955187018578616, "params": {"C": 679.4301716060971, "epsilon": 0.30904049804954536, "gamma": 102.1455726312809}}
{"target": 46.24366483183794, "params": {"C": 123.05550855080222, "epsilon": 1.69885330251172, "gamma": 1.2864100513377679}}
{"target": 18.96177594047141, "params": {"C": 23.838321271015076, "epsilon": 0.01326104909200776, "gamma": 91.93129503453707}}
{"target": 27.847278942854906, "params": {"C": 882.9254861354998, "epsilon": 17.601770582298563, "gamma": 201.76125461364546}}
{"target": 19.42571184460589, "params": {"C": 1576.7863072878379, "epsilon": 16.540491874707435, "gamma": 88.81701715345034}}
{"target": 22.351513545280042, "params": {"C": 595.108926657041, "epsilon": 15.469233346662325, "gamma": 154.0743424661489}}
{"target": 45.7477039279573, "params": {"C": 92.52883972447057, "epsilon": 0.7475831653475526, "gamma": 1.356481805455104}}
{"target": 28.528399374230606, "params": {"C": 1503.1956669031206, "epsilon": 18.71484021026613, "gamma": 180.3488841741044}}
{"target": 19.116278033633435, "params": {"C": 89.31829719057737, "epsilon": 1.4685594638637847, "gamma": 152.64190427757939}}
{"target": 25.047282136543046, "params": {"C": 13.280466477517336, "epsilon": 19.1600560865171, "gamma": 95.91451775617382}}
{"target": 24.66843468379695, "params": {"C": 1331.226473287482, "epsilon": 11.64782457603128, "gamma": 108.89185972256419}}
{"target": 21.622341301668207, "params": {"C": 1501.0356114320916, "epsilon": 8.124019647793101, "gamma": 60.601734594333415}}
{"target": 19.808351805803724, "params": {"C": 928.2783294554532, "epsilon": 0.3779912850931849, "gamma": 56.74464502271486}}
{"target": 19.82336253124742, "params": {"C": 28.134919112353494, "epsilon": 11.521040839159323, "gamma": 69.28234666638181}}
{"target": 18.057217042317554, "params": {"C": 1272.4955411960755, "epsilon": 11.640516342871024, "gamma": 39.406372955838314}}
{"target": 22.61060572787496, "params": {"C": 1415.4463112849546, "epsilon": 1.1285689313567564, "gamma": 66.21438550345748}}
{"target": 22.50732539043476, "params": {"C": 47.50334241964095, "epsilon": 0.23826009211063637, "gamma": 25.38724862286604}}
{"target": 19.490506921513834, "params": {"C": 759.7108809043591, "epsilon": 15.306197412948308, "gamma": 75.06012759545895}}
{"target": 35.080605228792216, "params": {"C": 2.542145426951194, "epsilon": 15.914465193525206, "gamma": 109.62257586598275}}
{"target": 22.76417994449759, "params": {"C": 3140.4970968173907, "epsilon": 3.6727714971816496, "gamma": 17.731386638797744}}
{"target": 32.43398171647639, "params": {"C": 5363.495406911451, "epsilon": 12.340968526312146, "gamma": 133.32341863505707}}
{"target": 20.061624162126815, "params": {"C": 731.3312297080365, "epsilon": 11.391107722444673, "gamma": 64.36811289436963}}
{"target": 23.490443619867268, "params": {"C": 776.0235042164103, "epsilon": 25.182062404406512, "gamma": 46.74236464838795}}
{"target": 47.024854230403825, "params": {"C": 30.143734180039814, "epsilon": 0.5115034219165926, "gamma": 2.7156282439228505}}
{"target": 67.22880057328679, "params": {"C": 925.4130567657958, "epsilon": 86.02363919285824, "gamma": 479.94735167311177}}
{"target": 16.939339890662804, "params": {"C": 133.34424308372166, "epsilon": 0.04009952001594286, "gamma": 81.6651005822553}}
{"target": 21.34370376262574, "params": {"C": 594.3906438517636, "epsilon": 0.11159744615952016, "gamma": 102.69089851631202}}
{"target": 22.180814796018087, "params": {"C": 856.4440520175899, "epsilon": 13.784104859069046, "gamma": 117.68386883891856}}
{"target": 26.128977754028902, "params": {"C": 710.189348179537, "epsilon": 0.5682801788439137, "gamma": 238.81036199710056}}
{"target": 19.237858557092576, "params": {"C": 656.2253811470779, "epsilon": 14.976368243007371, "gamma": 44.58563589238976}}
{"target": 51.506746417329545, "params": {"C": 759.2577898330997, "epsilon": 24.290723599821558, "gamma": 0.10280692086348608}}
{"target": 21.527841904049353, "params": {"C": 677.3791452905073, "epsilon": 15.29627356403331, "gamma": 123.55518681857566}}
{"target": 62.795546603021606, "params": {"C": 1100.7966428444734, "epsilon": 27.050414842587973, "gamma": 5.81456734592976}}
{"target": 21.040198185974198, "params": {"C": 781.5000327575074, "epsilon": 0.23172886808452833, "gamma": 75.88845910588105}}
{"target": 66.98839531991484, "params": {"C": 4726.57414675484, "epsilon": 76.85633109312789, "gamma": 13.7841625725043}}
{"target": 18.187249807478768, "params": {"C": 103.962376295061, "epsilon": 0.13776980057393184, "gamma": 140.73010127976465}}
{"target": 21.43871593757763, "params": {"C": 653.845665177051, "epsilon": 15.156849479945116, "gamma": 114.10656459768234}}
{"target": 17.946088847653932, "params": {"C": 65.71958465608392, "epsilon": 0.21223068192540706, "gamma": 133.89540238755916}}
{"target": 28.41830512649953, "params": {"C": 8.074854728876701, "epsilon": 20.36697956057397, "gamma": 86.97776343131416}}
{"target": 58.754701373748446, "params": {"C": 1573.133789394374, "epsilon": 4.092601560881474, "gamma": 5.5671877328007895}}
{"target": 24.223868945162238, "params": {"C": 8.130323849221739, "epsilon": 10.247476049767553, "gamma": 43.89708170335956}}
{"target": 29.650045458207416, "params": {"C": 27.744530216578653, "epsilon": 30.903820083230837, "gamma": 109.28386722708672}}
{"target": 21.559246394290003, "params": {"C": 29.303219952352833, "epsilon": 19.410204770060993, "gamma": 45.37171042158187}}
{"target": 21.937015118724883, "params": {"C": 618.3768122603279, "epsilon": 1.5998855114170654, "gamma": 90.69311698801036}}
{"target": 17.969845609795456, "params": {"C": 36.64222222933283, "epsilon": 0.8891264889199878, "gamma": 97.62550006891587}}
{"target": 22.908628904428348, "params": {"C": 1437.6095087569156, "epsilon": 2.897256218427896, "gamma": 18.66301109145779}}
{"target": 17.806494485203412, "params": {"C": 1086.8346233162831, "epsilon": 0.7501024245632365, "gamma": 40.92641895999488}}
{"target": 18.31581725068137, "params": {"C": 604.945338433406, "epsilon": 15.068077696147043, "gamma": 54.290670790651724}}
{"target": 52.51714882311843, "params": {"C": 700.8185194854314, "epsilon": 16.245340494714053, "gamma": 2.666003016866135}}
{"target": 20.089288342470788, "params": {"C": 612.0398424586314, "epsilon": 0.12802892081805783, "gamma": 71.2873233747573}}
{"target": 24.302314320624852, "params": {"C": 1075.4094575496229, "epsilon": 0.17215620750530666, "gamma": 23.036844282470042}}
{"target": 19.702621563200804, "params": {"C": 77.79051704715836, "epsilon": 15.324429707418012, "gamma": 78.45046465594396}}
{"target": 22.499192667413617, "params": {"C": 821.5685939991163, "epsilon": 12.094118736824829, "gamma": 108.30070587279079}}
{"target": 27.99380839089489, "params": {"C": 928.4509005451636, "epsilon": 29.731272428715116, "gamma": 98.497505107091}}
{"target": 46.50856883810168, "params": {"C": 0.7710702548192501, "epsilon": 16.14624886287282, "gamma": 73.94004988254665}}
{"target": 29.785757788233035, "params": {"C": 325.75216662391847, "epsilon": 28.193239919876756, "gamma": 199.9719605214534}}
{"target": 20.49564333722483, "params": {"C": 32.3399598067418, "epsilon": 14.503020235735281, "gamma": 77.26174425382638}}
{"target": 22.572966826627134, "params": {"C": 953.8349043822274, "epsilon": 0.697493445410027, "gamma": 84.07106444558708}}
{"target": 22.09083728866152, "params": {"C": 1588.5422950672832, "epsilon": 0.0331250151601723, "gamma": 67.31522180464036}}
{"target": 17.71544500065691, "params": {"C": 45.034987461023576, "epsilon": 1.2455473811972055, "gamma": 95.27247454679055}}
{"target": 27.327182738587247, "params": {"C": 4.365807033727066, "epsilon": 7.927156483144094, "gamma": 62.42779653611745}}
{"target": 42.27200291859836, "params": {"C": 3710.388191083491, "epsilon": 30.803377304777893, "gamma": 294.91604438778865}}
{"target": 24.40332010202686, "params": {"C": 658.147157225828, "epsilon": 0.944788107810526, "gamma": 156.0447625569686}}
{"target": 24.69180636387644, "params": {"C": 1247.9447492019935, "epsilon": 16.833044971771002, "gamma": 128.45560454915253}}
{"target": 71.81851223309906, "params": {"C": 4738.872830192342, "epsilon": 95.58942081421124, "gamma": 348.465720127613}}
{"target": 22.67698148066373, "params": {"C": 33.9529547440186, "epsilon": 16.194893052719177, "gamma": 140.67166325701564}}
{"target": 23.62789327780017, "params": {"C": 14.100495833260716, "epsilon": 12.621653360646944, "gamma": 142.6256814374887}}
{"target": 23.525211988084884, "params": {"C": 14.67125756972652, "epsilon": 15.766163166451332, "gamma": 112.22619182625925}}
{"target": 27.301215648408807, "params": {"C": 1296.83900250764, "epsilon": 0.2822707569117757, "gamma": 136.40128693311775}}
{"target": 57.370437491109364, "params": {"C": 693.4954239569681, "epsilon": 0.6985729332127097, "gamma": 10.813518465113425}}
{"target": 19.975890118427664, "params": {"C": 73.79925035104247, "epsilon": 15.250416521372431, "gamma": 66.84728974443162}}
{"target": 18.732416076777216, "params": {"C": 899.0697757991054, "epsilon": 0.13916464952952645, "gamma": 35.491719657099445}}
{"target": 23.101606420305878, "params": {"C": 1231.793472907098, "epsilon": 0.5156002054811447, "gamma": 20.251191250538582}}
{"target": 30.740472054317706, "params": {"C": 772.8793416325378, "epsilon": 31.48234999573076, "gamma": 144.33080229664694}}
{"target": 21.2601542255149, "params": {"C": 578.5662469550614, "epsilon": 0.18887656587279933, "gamma": 97.91922064906538}}
{"target": 22.092838368553657, "params": {"C": 15.51611669139237, "epsilon": 12.487096406758976, "gamma": 67.570645175045}}
{"target": 18.797312264795483, "params": {"C": 563.0486614879624, "epsilon": 0.8132019435288547, "gamma": 61.56206862320293}}
{"target": 50.04261717325238, "params": {"C": 708.673056428109, "epsilon": 13.891133260123972, "gamma": 11.978880429205091}}
{"target": 25.00558150701096, "params": {"C": 7.893508481564979, "epsilon": 12.359924693426521, "gamma": 43.306346798392006}}
{"target": 19.849836377615002, "params": {"C": 42.37060952765448, "epsilon": 0.6539264849068901, "gamma": 35.48396056716209}}
{"target": 23.247268726997486, "params": {"C": 614.6759411619885, "epsilon": 0.04655420902518426, "gamma": 141.94843521343282}}
{"target": 33.62749930887202, "params": {"C": 35.79730283418405, "epsilon": 13.775063570207427, "gamma": 19.55580462256878}}
{"target": 20.135699572569976, "params": {"C": 789.4281457089671, "epsilon": 16.455955310230504, "gamma": 44.62665082031823}}
{"target": 22.667500608136038, "params": {"C": 771.3874622817837, "epsilon": 14.901203636087612, "gamma": 145.28240951815135}}
{"target": 20.93782052186784, "params": {"C": 750.576841244569, "epsilon": 0.2783661865942041, "gamma": 76.2866584303782}}
{"target": 21.526468943021065, "params": {"C": 689.5194409503076, "epsilon": 13.498972722640769, "gamma": 111.45527180193031}}
{"target": 26.79052077662643, "params": {"C": 1551.8743787858994, "epsilon": 15.214703869702916, "gamma": 142.28991740056236}}
{"target": 21.695894303260886, "params": {"C": 834.2599699887556, "epsilon": 0.27963323104913496, "gamma": 83.5912533802966}}
{"target": 34.575194033105255, "params": {"C": 2.6993131875932477, "epsilon": 5.118434587595816, "gamma": 198.92151450234923}}
{"target": 59.2891733430517, "params": {"C": 4619.921211208433, "epsilon": 72.41272669827325, "gamma": 489.83309178389277}}
{"target": 18.012853498138718, "params": {"C": 58.913878020435114, "epsilon": 0.28985730458141856, "gamma": 133.428451484557}}
{"target": 17.48998114609104, "params": {"C": 809.8616500004001, "epsilon": 1.1081906927750467, "gamma": 42.25237921551731}}
{"target": 19.17943080504348, "params": {"C": 23.67905676714605, "epsilon": 0.3493486764708644, "gamma": 105.63800072879684}}
{"target": 21.405069778860558, "params": {"C": 750.3747373415274, "epsilon": 13.719250386500793, "gamma": 90.26372685210016}}
{"target": 24.248958099804305, "params": {"C": 796.0797278666956, "epsilon": 0.02275972101287249, "gamma": 137.95086845776086}}
{"target": 33.346272497228576, "params": {"C": 90.62355075331027, "epsilon": 28.56751642537647, "gamma": 19.912766384475425}}
{"target": 22.868423505172384, "params": {"C": 19.694344943943435, "epsilon": 14.538769109714993, "gamma": 33.66829551425161}}
{"target": 22.97663360300629, "params": {"C": 980.3182901687877, "epsilon": 0.1749443330243381, "gamma": 114.09639525419595}}
{"target": 26.792406634443743, "params": {"C": 651.9581364569518, "epsilon": 0.23999282531667396, "gamma": 202.03532985088327}}
{"target": 16.762739556255514, "params": {"C": 364.18161564445273, "epsilon": 0.12539467557851644, "gamma": 48.35391708376061}}
{"target": 23.836299487614514, "params": {"C": 1368.9886352807982, "epsilon": 20.09233752520163, "gamma": 82.83754346798872}}
{"target": 20.82575939334503, "params": {"C": 558.6096845111746, "epsilon": 0.10393744889960999, "gamma": 109.4785423312907}}
{"target": 22.223045205308534, "params": {"C": 21.58851379749146, "epsilon": 12.804341093267592, "gamma": 130.21069322056658}}
{"target": 20.949855776540744, "params": {"C": 31.986586608860193, "epsilon": 1.7048079282083775, "gamma": 30.270658378258858}}
{"target": 20.55948494894929, "params": {"C": 35.433140977478956, "epsilon": 13.338652352136762, "gamma": 82.11149217560205}}
{"target": 18.33194093982751, "params": {"C": 455.1055061857952, "epsilon": 0.022393479708937347, "gamma": 61.65225849336261}}
{"target": 19.86605636011471, "params": {"C": 458.44083553421723, "epsilon": 0.22079984056781243, "gamma": 78.23708096149898}}
{"target": 19.845533851525836, "params": {"C": 32.488600343912566, "epsilon": 13.28634772264571, "gamma": 58.77384404807876}}
{"target": 49.648261015967044, "params": {"C": 1083.8735412800852, "epsilon": 65.73544524729385, "gamma": 72.23454200664898}}
{"target": 26.906033179980113, "params": {"C": 4.778096575557299, "epsilon": 4.8140815186465735, "gamma": 106.33761629297743}}
{"target": 20.56250268002053, "params": {"C": 555.152484949538, "epsilon": 15.922833268135754, "gamma": 80.55758304843141}}
{"target": 53.55794978738906, "params": {"C": 0.2751441532029162, "epsilon": 27.22677820258884, "gamma": 176.74794249816082}}
{"target": 23.141945466759406, "params": {"C": 936.0609770430533, "epsilon": 29.431605630258503, "gamma": 60.45552592352901}}
{"target": 48.35232333894834, "params": {"C": 574.7612874274088, "epsilon": 17.66297350858278, "gamma": 1.3297826869849132}}
{"target": 22.914254442702962, "params": {"C": 18.141824521573852, "epsilon": 16.018994084661106, "gamma": 107.34084956604649}}
{"target": 17.994323620552787, "params": {"C": 40.029614525065405, "epsilon": 0.938072094668058, "gamma": 62.38420755843815}}
{"target": 20.001841665117396, "params": {"C": 919.6478078468485, "epsilon": 17.129432707571375, "gamma": 50.77067968189276}}
{"target": 17.315706713533267, "params": {"C": 45.72401483818237, "epsilon": 1.1539950408972748, "gamma": 70.25975093877557}}
{"target": 32.4936371992771, "params": {"C": 1992.383959692238, "epsilon": 25.841511344046896, "gamma": 249.61466034204594}}
{"target": 19.849853199074936, "params": {"C": 1591.6101520678776, "epsilon": 14.802256101930652, "gamma": 68.97628200084723}}
{"target": 20.745120200468985, "params": {"C": 963.6620253916145, "epsilon": 0.17215380004385883, "gamma": 58.39240260646471}}
{"target": 19.493943059019962, "params": {"C": 487.9862292274015, "epsilon": 0.0715796869447003, "gamma": 65.5323130897447}}
{"target": 18.547543613896014, "params": {"C": 42.29272531256862, "epsilon": 0.6642889565653032, "gamma": 52.90743002020545}}
{"target": 47.48774856474163, "params": {"C": 64.61619740201743, "epsilon": 15.049466923955853, "gamma": 3.906016508952689}}
{"target": 20.314949790593975, "params": {"C": 15.23816336940429, "epsilon": 0.8240403277360345, "gamma": 96.0450612645268}}
{"target": 51.62222284924868, "params": {"C": 884.4295477420164, "epsilon": 0.6316866661475111, "gamma": 2.8103027955075106}}
{"target": 20.070997523313743, "params": {"C": 58.92183640337802, "epsilon": 0.41899312316517334, "gamma": 35.51319554136744}}
{"target": 19.256852075591837, "params": {"C": 26.642432779244615, "epsilon": 2.0555169116477967, "gamma": 53.67433368021992}}
{"target": 20.614170097982736, "params": {"C": 832.7207123784893, "epsilon": 0.2909861911281937, "gamma": 71.0736529877411}}
{"target": 21.354266412447426, "params": {"C": 740.8575648075573, "epsilon": 15.727423517786132, "gamma": 94.4550399582177}}
{"target": 24.4067587360157, "params": {"C": 705.6888060217603, "epsilon": 25.066451411087346, "gamma": 69.99985146513174}}
{"target": 28.075205162835278, "params": {"C": 827.2039592919373, "epsilon": 29.49264540491596, "gamma": 110.02024423684054}}
{"target": 18.07912403365153, "params": {"C": 31.70123224733753, "epsilon": 0.4760654044347439, "gamma": 87.95177083681844}}
{"target": 79.53243295984797, "params": {"C": 5531.050015876977, "epsilon": 108.66243295739469, "gamma": 446.5724409371943}}
{"target": 24.078808091425323, "params": {"C": 641.9256114579989, "epsilon": 29.09179065671615, "gamma": 71.69161035026544}}
{"target": 25.901521142372957, "params": {"C": 49.48084462934118, "epsilon": 31.201808081114688, "gamma": 40.66859211637082}}
{"target": 21.83563070910964, "params": {"C": 600.6512061085931, "epsilon": 14.448365864795718, "gamma": 123.27451814953127}}
{"target": 23.206912127211773, "params": {"C": 821.9107642207266, "epsilon": 14.04231003940881, "gamma": 130.29360480772988}}
{"target": 20.243307247319958, "params": {"C": 686.361801491681, "epsilon": 0.03790837141672099, "gamma": 62.91544967129322}}
{"target": 22.230011327345377, "params": {"C": 881.2572109481075, "epsilon": 13.467649682246055, "gamma": 119.49290190343623}}
{"target": 24.137135684722267, "params": {"C": 808.9293640094379, "epsilon": 12.707387618673966, "gamma": 160.04136955891613}}
{"target": 18.77398505979018, "params": {"C": 1077.8869695951555, "epsilon": 13.835739572842062, "gamma": 52.973582164474564}}
{"target": 30.94245308488999, "params": {"C": 6.398988514849179, "epsilon": 13.57932139243456, "gamma": 28.908163116341377}}
{"target": 48.285687620511474, "params": {"C": 2.307168382866223, "epsilon": 19.10702500616407, "gamma": 11.8373043755294}}
{"target": 34.618607693936944, "params": {"C": 9.413835064110941, "epsilon": 32.56815068524553, "gamma": 104.66994861873108}}
{"target": 20.332850418857593, "params": {"C": 72.35374961096072, "epsilon": 17.886270095000622, "gamma": 73.21675364876523}}
{"target": 19.553615808552678, "params": {"C": 41.97050139532189, "epsilon": 1.5641312619007253, "gamma": 161.9527705860736}}
{"target": 23.869412950233293, "params": {"C": 758.815241184176, "epsilon": 0.3225716280948401, "gamma": 140.77122431211734}}
{"target": 19.660418294944087, "params": {"C": 847.4394210926778, "epsilon": 0.3299002632678205, "gamma": 57.199168968350484}}
{"target": 18.218377304952895, "params": {"C": 33.25130126894362, "epsilon": 0.7929848292058804, "gamma": 95.38843641579038}}
{"target": 21.69234459878995, "params": {"C": 16.15962749505266, "epsilon": 1.4839954683237089, "gamma": 33.18224476944552}}
{"target": 20.345626838826128, "params": {"C": 1097.560858725406, "epsilon": 14.266664914827508, "gamma": 83.92654239792715}}
{"target": 19.15839652825839, "params": {"C": 756.026509752428, "epsilon": 14.225192067320792, "gamma": 67.4282555995857}}
{"target": 20.919184570030794, "params": {"C": 604.14147103053, "epsilon": 13.407764833918282, "gamma": 81.13502599804927}}
{"target": 45.0401741135042, "params": {"C": 3452.7532770078124, "epsilon": 52.515422339653945, "gamma": 173.91661182771273}}
{"target": 31.68439375267666, "params": {"C": 1715.3998384016136, "epsilon": 1.388337788493855, "gamma": 154.83577494879194}}
{"target": 20.391780383743246, "params": {"C": 796.5757818268426, "epsilon": 12.842635474632207, "gamma": 75.56987285376245}}
{"target": 17.5706424207375, "params": {"C": 793.5978856096651, "epsilon": 0.18201820845140473, "gamma": 44.90380383760838}}
{"target": 24.849142846944545, "params": {"C": 1463.60544902482, "epsilon": 10.970843238217107, "gamma": 107.54751458079693}}
{"target": 20.99241260940746, "params": {"C": 742.2812438280179, "epsilon": 15.917276540678198, "gamma": 40.933214391828926}}
{"target": 63.9554014224798, "params": {"C": 935.6836556031229, "epsilon": 12.921249933835945, "gamma": 9.355461525860385}}
{"target": 56.769717671206216, "params": {"C": 1080.423993909706, "epsilon": 11.744692271138238, "gamma": 3.747996621783763}}
{"target": 29.118354491283345, "params": {"C": 668.6451283550756, "epsilon": 26.262956207739194, "gamma": 138.5005667840079}}
