{"target": 20.55501402021218, "params": {"C": 856.7402010814625, "epsilon": 12.56916404442807, "gamma": 74.58460126620045}}
{"target": 54.31171190981685, "params": {"C": 902.8442300095357, "epsilon": 11.779098888004771, "gamma": 2.9083866681408423}}
{"target": 83.17744085797075, "params": {"C": 561.6183052201995, "epsilon": 117.45082770101152, "gamma": 305.691098403003}}
{"target": 21.96564794950813, "params": {"C": 816.1497665891019, "epsilon": 16.031172486003896, "gamma": 108.70465381874132}}
{"target": 22.72793844471396, "params": {"C": 646.1806393956696, "epsilon": 12.685996622040186, "gamma": 150.8430781469321}}
{"target": 47.241824574841196, "params": {"C": 1039.6540383257538, "epsilon": 1.512585178158156, "gamma": 0.3806658061222947}}
{"target": 21.46966023562851, "params": {"C": 521.5118782996681, "epsilon": 0.2343988537074715, "gamma": 123.948647965421}}
{"target": 23.842830775548997, "params": {"C": 109.96140266163806, "epsilon": 17.71311206924918, "gamma": 208.64452742916257}}
{"target": 26.130131826321993, "params": {"C": 17.073951168520153, "epsilon": 21.624717957172162, "gamma": 113.85128073386993}}
{"target": 24.70923673287755, "params": {"C": 13.090451960576786, "epsilon": 18.901957894109614, "gamma": 91.22969942150964}}
{"target": 29.838246276200387, "params": {"C": 4.1858412568504235, "epsilon": 13.71070939504693, "gamma": 46.23146804817437}}
{"target": 22.49492314606524, "params": {"C": 625.4206149961373, "epsilon": 0.6435348763873942, "gamma": 110.47944196862463}}
{"target": 17.57385513273361, "params": {"C": 57.19820323020396, "epsilon": 0.7475607474198245, "gamma": 60.97596337666341}}
{"target": 20.668718158404914, "params": {"C": 65.59165770402643, "epsilon": 16.01035383428469, "gamma": 95.83385536193632}}
{"target": 22.70837428931989, "params": {"C": 12.615553121751248, "epsilon": 13.844663603729764, "gamma": 78.17248292590183}}
{"target": 30.394951427409232, "params": {"C": 9.959156896151256, "epsilon": 24.334830338522746, "gamma": 36.0151107410212}}
{"target": 39.779541966209, "params": {"C": 3793.657877537318, "epsilon": 20.004024371271584, "gamma": 423.91005934099235}}
{"target": 19.3194529908915, "params": {"C": 21.20502320587093, "epsilon": 1.2839064587660425, "gamma": 90.59408088818256}}
{"target": 21.286819273986517, "params": {"C": 279.4350415951846, "epsilon": 0.2814959997613198, "gamma": 178.1461707014494}}
{"target": 82.03873145738112, "params": {"C": 2453.645045651997, "epsilon": 115.40106568310463, "gamma": 265.117686006296}}
{"target": 20.567132907117795, "params": {"C": 29.772709967304493, "epsilon": 1.071681410862456, "gamma": 196.0289007569719}}
{"target": 22.64231543123592, "params": {"C": 750.6463108894621, "epsilon": 0.1493206392033959, "gamma": 124.76048179393216}}
{"target": 18.212021132002526, "params": {"C": 34.783883367662696, "epsilon": 3.3563862803835227, "gamma": 97.22468532431223}}
{"target": 16.34479906672835, "params": {"C": 124.29597342316205, "epsilon": 0.02873772315399059, "gamma": 63.63043821719991}}
{"target": 17.556133766502427, "params": {"C": 938.1672863254339, "epsilon": 0.5195469652692141, "gamma": 45.251634584829446}}
{"target": 17.097883548184875, "params": {"C": 677.1836969560406, "epsilon": 0.528745710564285, "gamma": 46.181319170130934}}
{"target": 20.347390964592655, "params": {"C": 20.30453335455877, "epsilon": 3.0000748893262426, "gamma": 126.23933023191955}}
{"target": 72.90570346600285, "params": {"C": 4129.156326357177, "epsilon": 99.46076776840033, "gamma": 216.45972819311717}}
{"target": 19.457639683152, "params": {"C": 731.3982072896335, "epsilon": 15.246839751375449, "gamma": 45.10101932567109}}
{"target": 17.983325651615903, "params": {"C": 543.5442610851084, "epsilon": 14.021878437797149, "gamma": 54.643911852599345}}
{"target": 50.48963068441088, "params": {"C": 726.4939501318642, "epsilon": 3.511668589459783, "gamma": 2.174350986602377}}
{"target": 24.699775747101448, "params": {"C": 910.7738587219014, "epsilon": 0.06218479922227705, "gamma": 133.34682625790214}}
{"target": 20.90371138663241, "params": {"C": 632.1775624504043, "epsilon": 18.973730179483496, "gamma": 51.759404698308195}}
{"target": 55.60018753465641, "params": {"C": 5465.117094726036, "epsilon": 68.55687497934012, "gamma": 384.0040578133411}}
{"target": 46.84772413753017, "params": {"C": 666.3663617468173, "epsilon": 15.284329761371483, "gamma": 1.1950432904336026}}
{"target": 26.34833246143885, "params": {"C": 2605.5879193361793, "epsilon": 28.510424404828036, "gamma": 51.73165340924274}}
{"target": 27.368681122404894, "params": {"C": 540.7950962143279, "epsilon": 0.574425729082708, "gamma": 16.504392494964314}}
{"target": 18.15084407338329, "params": {"C": 599.1778231320408, "epsilon": 15.239788011916456, "gamma": 56.97652142503544}}
{"target": 40.220459641631564, "params": {"C": 8.034758458210177, "epsilon": 10.771615958237337, "gamma": 14.556721554239346}}
{"target": 21.992295376664295, "params": {"C": 642.586872001512, "epsilon": 0.6442249148570917, "gamma": 31.486276103979023}}
{"target": 18.00684057072047, "params": {"C": 789.4531296050147, "epsilon": 0.43855022170542957, "gamma": 52.68468811897515}}
{"target": 47.14827522803757, "params": {"C": 75.10177091400777, "epsilon": 13.833644849684271, "gamma": 3.746141690729843}}
{"target": 21.95295528206501, "params": {"C": 722.4705664962119, "epsilon": 10.29429483309217, "gamma": 89.24190031522409}}
{"target": 21.367989892180052, "params": {"C": 773.769581546834, "epsilon": 11.734572315648023, "gamma": 79.417334221819}}
{"target": 25.02081915415551, "params": {"C": 1447.9216493513006, "epsilon": 0.72282650851562, "gamma": 83.08850390782311}}
{"target": 18.8610898867592, "params": {"C": 32.86612071109489, "epsilon": 0.42407663892018266, "gamma": 128.16907857779307}}
{"target": 18.7102702934984, "params": {"C": 39.63839207467495, "epsilon": 0.06230863729907088, "gamma": 138.45255860767057}}
{"target": 22.201221348249486, "params": {"C": 13.975686936324522, "epsilon": 12.322575567882426, "gamma": 66.52210647801682}}
{"target": 25.906763665582655, "params": {"C": 1577.6305819751974, "epsilon": 3.0992058436639436, "gamma": 90.77442087377979}}
{"target": 32.1756639295744, "params": {"C": 18.089111667596626, "epsilon": 2.522504471015518, "gamma": 19.774622144046532}}
{"target": 82.12650528719841, "params": {"C": 196.3930371977135, "epsilon": 117.5071127164178, "gamma": 108.5206658820621}}
{"target": 23.266101680939524, "params": {"C": 838.8834031849527, "epsilon": 0.5357820821365638, "gamma": 102.06166601376559}}
{"target": 26.800652869120206, "params": {"C": 49.074575079972504, "epsilon": 25.633016070021153, "gamma": 155.15099290558152}}
{"target": 54.35745715618128, "params": {"C": 954.6427078266578, "epsilon": 0.11620243566117727, "gamma": 3.638101007193086}}
{"target": 22.210100116978268, "params": {"C": 758.1879385027096, "epsilon": 17.234446213019986, "gamma": 100.01342106042009}}
{"target": 17.865513161249776, "params": {"C": 80.07570989547126, "epsilon": 0.42533983701990263, "gamma": 108.4485436273691}}
{"target": 22.978048551521375, "params": {"C": 1526.8128519389222, "epsilon": 1.5058795806410563, "gamma": 61.371783708863425}}
{"target": 19.238888019683284, "params": {"C": 210.58381132670718, "epsilon": 0.154814703168777, "gamma": 97.3470347724476}}
{"target": 24.72962403591515, "params": {"C": 1538.9543069898682, "epsilon": 17.688526413041238, "gamma": 122.28526197272205}}
{"target": 50.136504186836376, "params": {"C": 201.28282094412316, "epsilon": 0.5317428677386031, "gamma": 8.277686536721134}}
{"target": 23.66379499783498, "params": {"C": 10.733162133898873, "epsilon": 10.747808803399925, "gamma": 110.15555917022357}}
{"target": 51.05283531634577, "params": {"C": 1875.337184407443, "epsilon": 56.38661873421968, "gamma": 453.8162243830882}}
{"target": 50.698613703920884, "params": {"C": 38.745012574599514, "epsilon": 60.03533448750879, "gamma": 321.99030728654094}}
{"target": 21.725616705347964, "params": {"C": 19.488723335517605, "epsilon": 15.929535675456997, "gamma": 76.79833147081902}}
{"target": 25.03627610771364, "params": {"C": 1508.3140919326424, "epsilon": 0.7270271428840577, "gamma": 85.72714312202153}}
{"target": 22.617802909861403, "params": {"C": 668.0147125222126, "epsilon": 13.54277650862742, "gamma": 137.9682791378719}}
{"target": 54.40319429040651, "params": {"C": 553.1484412170623, "epsilon": 0.32644350134422284, "gamma": 8.16877083987152}}
{"target": 56.187034018661585, "params": {"C": 634.9372718413921, "epsilon": 0.06369148548458026, "gamma": 10.393226172822175}}
{"target": 26.68724091658776, "params": {"C": 770.5069405686065, "epsilon": 16.472679659199358, "gamma": 197.59582814059513}}
{"target": 27.947329240662675, "params": {"C": 1085.3590780184952, "epsilon": 13.077642998175728, "gamma": 187.8577621385774}}
{"target": 23.050980299675864, "params": {"C": 1178.5418497639205, "epsilon": 0.05752778408529835, "gamma": 105.57339280434184}}
{"target": 24.096674089217377, "params": {"C": 868.8939337565281, "epsilon": 26.770902883618206, "gamma": 55.23492529884954}}
{"target": 24.97202040520529, "params": {"C": 81.8465935522824, "epsilon": 29.97915795534105, "gamma": 49.168286840520395}}
{"target": 25.85494240383894, "params": {"C": 697.7708442518469, "epsilon": 15.614840523963185, "gamma": 191.30139777220012}}
{"target": 21.199007301752506, "params": {"C": 1488.548571934193, "epsilon": 17.523567322368567, "gamma": 60.860455337889746}}
{"target": 19.339277961343875, "params": {"C": 441.6375427247219, "epsilon": 0.11807926698945614, "gamma": 69.32435300973576}}
{"target": 19.592792868965038, "params": {"C": 53.21316994402899, "epsilon": 11.399249207130897, "gamma": 87.4151100387468}}
{"target": 20.398288977577685, "params": {"C": 696.1818168563558, "epsilon": 13.635906733830991, "gamma": 75.23269114764186}}
{"target": 17.602845460943758, "params": {"C": 57.94964231083314, "epsilon": 0.15568401223977002, "gamma": 103.15708826386714}}
{"target": 22.101279046348104, "params": {"C": 787.9209366107453, "epsilon": 12.649876726955416, "gamma": 104.23718879601716}}
{"target": 21.89585504202994, "params": {"C": 428.8528244959006, "epsilon": 14.529752195528411, "gamma": 142.3150003764169}}
{"target": 21.38351539665969, "params": {"C": 20.652436379156427, "epsilon": 11.763896337851122, "gamma": 114.62861993353614}}
{"target": 18.944989098229776, "params": {"C": 71.44181081359793, "epsilon": 0.619929166418801, "gamma": 43.03312093861401}}
{"target": 21.058508434472323, "params": {"C": 658.4411526128492, "epsilon": 14.492252453597565, "gamma": 87.08643819019797}}
{"target": 37.95539219131559, "params": {"C": 5280.330024692777, "epsilon": 7.034546455928805, "gamma": 365.8313264689324}}
{"target": 20.400210965980904, "params": {"C": 483.1230468616291, "epsilon": 13.208035792551165, "gamma": 76.72516706407838}}
{"target": 22.64121585550331, "params": {"C": 681.0805648297145, "epsilon": 14.46382621753642, "gamma": 154.88787627106512}}
{"target": 17.13621514111319, "params": {"C": 48.614282262004345, "epsilon": 0.0758737146540317, "gamma": 77.4485961560741}}
{"target": 29.4681607928787, "params": {"C": 17.551657950855486, "epsilon": 29.178067055285172, "gamma": 76.44653047562367}}
{"target": 19.86352026224838, "params": {"C": 601.689160180132, "epsilon": 17.26063316410309, "gamma": 71.21479010610354}}
{"target": 25.458078733306262, "params": {"C": 1456.6251952639452, "epsilon": 27.85270810546689, "gamma": 36.25210800483092}}
{"target": 22.33228347063346, "params": {"C": 710.4375070377561, "epsilon": 0.15325058345549913, "gamma": 115.78030519093443}}
{"target": 26.019025188009426, "params": {"C": 5.363354985078232, "epsilon": 9.210220501832124, "gamma": 81.08768694960091}}
{"target": 41.77821812575455, "params": {"C": 2534.209425203271, "epsilon": 46.608559534851835, "gamma": 184.5250914617202}}
{"target": 20.427919212827156, "params": {"C": 33.37721201606337, "epsilon": 16.265423588026035, "gamma": 73.35698417177534}}
{"target": 19.622749927864078, "params": {"C": 71.37114557692094, "epsilon": 0.6730631688484041, "gamma": 39.04749096985538}}
{"target": 18.57469968901761, "params": {"C": 446.5686784168098, "epsilon": 13.995008647617237, "gamma": 67.51838946746459}}
{"target": 20.438624891525475, "params": {"C": 45.09429757043057, "epsilon": 15.323866936530509, "gamma": 82.59364596746018}}
{"target": 23.960477294842075, "params": {"C": 10.641450225094331, "epsilon": 13.97336317296213, "gamma": 43.82716470202141}}
{"target": 20.239726725179455, "params": {"C": 576.2675086111701, "epsilon": 13.954312574822378, "gamma": 81.24335548046744}}
{"target": 22.459106174161082, "params": {"C": 15.232213081305858, "epsilon": 15.834807481219691, "gamma": 80.424775673706}}
{"target": 52.60578299573184, "params": {"C": 197.86938773264018, "epsilon": 39.72614334150793, "gamma": 2.153714776679685}}
{"target": 22.585261680350513, "params": {"C": 33.474727827547724, "epsilon": 13.622611816270433, "gamma": 168.9678956968521}}
{"target": 19.192724117913453, "params": {"C": 808.6488163365407, "epsilon": 0.06179860184393693, "gamma": 55.98285963984538}}
{"target": 21.87466414668509, "params": {"C": 586.0004302346206, "epsilon": 0.6699235746774398, "gamma": 127.17331824134257}}
{"target": 28.16439759567922, "params": {"C": 4982.312868540845, "epsilon": 2.0505370243687864, "gamma": 59.184082486805664}}
{"target": 19.224335721967684, "params": {"C": 30.096959454487887, "epsilon": 2.2193054991041583, "gamma": 52.08954639541935}}
{"target": 55.9648432619955, "params": {"C": 515.0996238220445, "epsilon": 12.170394117904095, "gamma": 6.437742162219578}}
{"target": 21.68157822226173, "params": {"C": 19.704001396967094, "epsilon": 0.8049652322790557, "gamma": 182.15741642217057}}
{"target": 61.02219216731203, "params": {"C": 3167.4665561311367, "epsilon": 80.25211326924071, "gamma": 234.97464372061054}}
{"target": 47.989307895111864, "params": {"C": 5.289129271616332, "epsilon": 4.293190596507904, "gamma": 1.7083416827843365}}
{"target": 21.59065362847442, "params": {"C": 794.2313367939291, "epsilon": 1.1252892527502403, "gamma": 73.4481657206119}}
{"target": 21.151741167053714, "params": {"C": 577.6109581690698, "epsilon": 0.9643316359435996, "gamma": 86.66935729081825}}
{"target": 48.22409665446068, "params": {"C": 540.3765311506038, "epsilon": 22.784819381345827, "gamma": 1.7098009064810356}}
{"target": 23.903336568982468, "params": {"C": 1485.7118231913248, "epsilon": 14.359782507437043, "gamma": 111.95391280702461}}
{"target": 22.045354562881137, "params": {"C": 52.59335962822604, "epsilon": 14.80893180545603, "gamma": 146.17016441696944}}
{"target": 20.803249179559643, "params": {"C": 993.9658743972111, "epsilon": 12.15824885309776, "gamma": 80.01388999320103}}
{"target": 19.58025887499272, "params": {"C": 1442.6698691631361, "epsilon": 15.159043638592518, "gamma": 47.07105780446508}}
{"target": 63.50185937995851, "params": {"C": 1554.465337389397, "epsilon": 87.01211574224861, "gamma": 91.80926779862818}}
{"target": 23.275129685114187, "params": {"C": 681.8808807390204, "epsilon": 0.4411442120434055, "gamma": 140.77072451940091}}
{"target": 43.02084643391304, "params": {"C": 4655.377084377091, "epsilon": 41.414857366372274, "gamma": 225.6520997178477}}
{"target": 18.401210911131447, "params": {"C": 701.8957138259052, "epsilon": 12.37049219389668, "gamma": 41.88120219248631}}
{"target": 29.658570826724553, "params": {"C": 1057.9889517958338, "epsilon": 27.90255317135546, "gamma": 122.92534360262664}}
{"target": 30.75466281530086, "params": {"C": 3.0095478190867055, "epsilon": 1.1553903551530764, "gamma": 115.20353405718909}}
{"target": 37.924163232330194, "params": {"C": 2.2643462312870497, "epsilon": 14.44043504786549, "gamma": 37.36310787807173}}
{"target": 18.391052421971896, "params": {"C": 113.70212205771378, "epsilon": 0.4221813028917403, "gamma": 145.15990419793607}}
{"target": 16.740404789255678, "params": {"C": 579.73192315347, "epsilon": 0.14514348248212758, "gamma": 43.58345122935549}}
{"target": 28.459578457144353, "params": {"C": 29.16230313213029, "epsilon": 30.548949237814803, "gamma": 99.83008485672885}}
{"target": 28.674438563605634, "params": {"C": 695.8987677350852, "epsilon": 25.54443177332366, "gamma": 128.52324880323187}}
{"target": 18.239340254971626, "params": {"C": 57.958236381638116, "epsilon": 1.059441276619451, "gamma": 140.37152393372227}}
{"target": 23.227559417631568, "params": {"C": 18.28019439655688, "epsilon": 14.425798868013903, "gamma": 138.66205533029301}}
{"target": 23.798144164807884, "params": {"C": 7.424783445936555, "epsilon": 1.1430069955705118, "gamma": 95.92095119388942}}
{"target": 46.43294190489043, "params": {"C": 821.4493703669108, "epsilon": 0.07891567757688056, "gamma": 12.550093937682973}}
{"target": 18.899049127163728, "params": {"C": 41.34238901395078, "epsilon": 0.14778345035166174, "gamma": 145.49853432315564}}
{"target": 18.76098612813909, "params": {"C": 1509.6953461165353, "epsilon": 0.6265666452519536, "gamma": 45.99507243116194}}
{"target": 22.22101904695146, "params": {"C": 636.0444411441292, "epsilon": 10.492423065946628, "gamma": 111.45220323224612}}
{"target": 47.98720056417173, "params": {"C": 16.80838043050045, "epsilon": 20.02492502043576, "gamma": 4.836862383592788}}
{"target": 48.12694931169871, "params": {"C": 665.4710647862657, "epsilon": 20.947613964305383, "gamma": 1.400098633516592}}
{"target": 21.32952141306407, "params": {"C": 716.9952540308096, "epsilon": 11.753413722754448, "gamma": 76.14984217377634}}
{"target": 21.51449888495409, "params": {"C": 34.50134842245997, "epsilon": 1.2218591132398051, "gamma": 28.428545359441145}}
{"target": 21.18719263537778, "params": {"C": 586.7499907604432, "epsilon": 0.9538437922285359, "gamma": 84.47755238674597}}
{"target": 17.58259589007771, "params": {"C": 712.1447349477443, "epsilon": 0.5992544920616885, "gamma": 52.111193934497166}}
{"target": 17.61347806630178, "params": {"C": 633.3299440296245, "epsilon": 1.1651920478068598, "gamma": 53.7124959845243}}
{"target": 16.5956672575183, "params": {"C": 207.33993167978196, "epsilon": 0.35780177390847695, "gamma": 70.07237978578063}}
{"target": 31.869649153356157, "params": {"C": 2574.9480640744387, "epsilon": 5.683266711680169, "gamma": 463.36963659795333}}
{"target": 23.392440877059748, "params": {"C": 579.4896018130788, "epsilon": 25.752021773051386, "gamma": 64.50608337219329}}
{"target": 31.762871620041693, "params": {"C": 9.594535076480895, "epsilon": 28.050203219923084, "gamma": 42.58945004386179}}
{"target": 16.572855329975532, "params": {"C": 77.75963916622645, "epsilon": 0.7384791784003433, "gamma": 70.05748702222895}}
{"target": 22.949101373536966, "params": {"C": 949.8422725700411, "epsilon": 0.11620314066004322, "gamma": 91.79005090996645}}
{"target": 29.62271899930709, "params": {"C": 1272.749867755138, "epsilon": 7.951352964751135, "gamma": 192.67374702718962}}
{"target": 21.14585198915368, "params": {"C": 569.4841058962168, "epsilon": 14.00292580587026, "gamma": 31.89715910749667}}
{"target": 50.59206499720573, "params": {"C": 2838.3517831989393, "epsilon": 58.26624252171686, "gamma": 332.47252090026035}}
{"target": 24.241445289802954, "params": {"C": 1245.3932871272184, "epsilon": 0.7744262729698428, "gamma": 121.28067761427053}}
{"target": 18.431431538638616, "params": {"C": 35.682876727463125, "epsilon": 0.2518930952937727, "gamma": 59.81853258817513}}
{"target": 17.398073973260413, "params": {"C": 71.84989234257709, "epsilon": 1.2670818480726593, "gamma": 54.584668285881605}}
{"target": 55.96092897542968, "params": {"C": 866.4981793432942, "epsilon": 0.19815598982360583, "gamma": 6.394358990877507}}
{"target": 22.531934972508505, "params": {"C": 1283.4976388977927, "epsilon": 11.808062211170917, "gamma": 87.70078200222306}}
{"target": 19.88788581028761, "params": {"C": 697.6216502691332, "epsilon": 15.839402507583996, "gamma": 69.90628595455445}}
{"target": 27.10237359524521, "params": {"C": 6.040537398018927, "epsilon": 14.564590918979714, "gamma": 77.33973578596326}}
{"target": 30.827842943301096, "params": {"C": 3.1107085404678116, "epsilon": 11.67002337594344, "gamma": 66.75348233120971}}
{"target": 23.733392244708774, "params": {"C": 917.7460418145207, "epsilon": 0.2855016301742823, "gamma": 128.5238118476654}}
{"target": 29.982465905054084, "params": {"C": 2367.45457105061, "epsilon": 9.204886689330566, "gamma": 13.484860096823638}}
{"target": 46.24117913655557, "params": {"C": 51.10591673212817, "epsilon": 9.942965866088048, "gamma": 1.1628630924881804}}
{"target": 18.119932019635932, "params": {"C": 753.8119788507506, "epsilon": 14.537158280366391, "gamma": 56.611142726525884}}
{"target": 19.827018574470603, "params": {"C": 23.72076260488403, "epsilon": 0.665674278983282, "gamma": 43.91176098944261}}
{"target": 22.617745005493806, "params": {"C": 629.1612176643966, "epsilon": 12.57260116509699, "gamma": 129.55118030941787}}
{"target": 19.45549252117666, "params": {"C": 19.040994887559577, "epsilon": 1.4001930867051067, "gamma": 68.88451407887425}}
{"target": 28.140632011420912, "params": {"C": 556.331146385661, "epsilon": 25.743794603414642, "gamma": 121.00273661000207}}
{"target": 22.57153617448524, "params": {"C": 693.2554202508928, "epsilon": 0.49072936109995313, "gamma": 110.54806891102774}}
{"target": 33.9774679623662, "params": {"C": 2780.6513955023975, "epsilon": 15.785582762990565, "gamma": 202.2491788172237}}
{"target": 17.808361914048668, "params": {"C": 84.40558390740219, "epsilon": 0.38296517260223073, "gamma": 105.44228836843985}}
{"target": 50.33685866363358, "params": {"C": 577.9455167738499, "epsilon": 0.1712450048548, "gamma": 12.325761116696235}}
{"target": 18.77173793842687, "params": {"C": 46.59652132598909, "epsilon": 0.26133493741907965, "gamma": 148.3171254697084}}
{"target": 22.627575479122537, "params": {"C": 780.1971066065139, "epsilon": 12.715320841396316, "gamma": 131.86749735356912}}
