{"target": 20.50985194799758, "params": {"C": 36.289236093159374, "epsilon": 14.109214648441988, "gamma": 80.5455157124914}}
{"target": 20.30364274150752, "params": {"C": 661.0696203286752, "epsilon": 0.43884282940684355, "gamma": 69.85042191213228}}
{"target": 54.84520011655802, "params": {"C": 5552.640300048084, "epsilon": 74.46507624251117, "gamma": 96.29575032663791}}
{"target": 18.57071911770084, "params": {"C": 116.53426570833409, "epsilon": 1.0688757757657812, "gamma": 128.45344456275888}}
{"target": 64.35537595231942, "params": {"C": 1999.3106245687718, "epsilon": 81.02672075704706, "gamma": 493.64515441730936}}
{"target": 20.59565235810329, "params": {"C": 369.26040132210477, "epsilon": 0.538752868295191, "gamma": 130.9757218415511}}
{"target": 21.76699959434743, "params": {"C": 509.8621478227259, "epsilon": 11.794971879184065, "gamma": 133.8287220790184}}
{"target": 21.03676565913394, "params": {"C": 484.8399873062467, "epsilon": 0.7642312431285463, "gamma": 112.34278657316436}}
{"target": 34.895638562310765, "params": {"C": 2.547713554389844, "epsilon": 1.6629596903272847, "gamma": 199.28252261222008}}
{"target": 21.5009293315439, "params": {"C": 423.31834710843634, "epsilon": 0.26984221034524036, "gamma": 148.14482482505835}}
{"target": 20.044161326764193, "params": {"C": 405.1483474090263, "epsilon": 0.08011516470638047, "gamma": 119.6565142932763}}
{"target": 22.348958020569963, "params": {"C": 45.659368817062585, "epsilon": 17.719128638611537, "gamma": 118.18469300874193}}
{"target": 27.390169150273692, "params": {"C": 33.75735710112923, "epsilon": 28.648916836875706, "gamma": 116.73102985685395}}
{"target": 19.958989690275462, "params": {"C": 46.176057813343675, "epsilon": 0.6442299799933604, "gamma": 188.24742252340556}}
{"target": 33.273618784124984, "params": {"C": 3.4327259123274416, "epsilon": 17.774758439989665, "gamma": 115.64775583389886}}
{"target": 19.28409288907156, "params": {"C": 51.585242862834605, "epsilon": 0.45369504642061387, "gamma": 166.42988399757888}}
{"target": 21.02438921561714, "params": {"C": 584.6375915836995, "epsilon": 12.929261290024922, "gamma": 86.95776655071919}}
{"target": 18.112690470156732, "params": {"C": 31.99593141533819, "epsilon": 3.850503479529029, "gamma": 90.88591087812298}}
{"target": 47.228171419294796, "params": {"C": 63.78759242041154, "epsilon": 10.533686621985959, "gamma": 1.6268971496563864}}
{"target": 25.17279914361098, "params": {"C": 63.87163116982601, "epsilon": 0.35326128610633756, "gamma": 22.201031285285488}}
{"target": 17.38404110141291, "params": {"C": 59.03803069219778, "epsilon": 1.477585900022607, "gamma": 64.07080696916861}}
{"target": 24.793531057678702, "params": {"C": 18.46967597016743, "epsilon": 18.18474277762521, "gamma": 135.5210875680948}}
{"target": 21.472836117590226, "params": {"C": 29.0905705002774, "epsilon": 16.828599282597995, "gamma": 94.99972230374534}}
{"target": 26.051084923850873, "params": {"C": 2407.766505718324, "epsilon": 8.903315354106914, "gamma": 103.85224636210742}}
{"target": 26.271820790288935, "params": {"C": 6.006751708247592, "epsilon": 7.620929109715911, "gamma": 38.48555144210921}}
{"target": 21.402344015292925, "params": {"C": 916.604964950184, "epsilon": 0.7468370466603316, "gamma": 70.44864827602723}}
{"target": 25.687037612683746, "params": {"C": 1598.7400948685372, "epsilon": 9.39751861841814, "gamma": 127.4952273860454}}
{"target": 26.116546663695054, "params": {"C": 636.8968272093139, "epsilon": 30.503820078844115, "gamma": 69.62062667209142}}
{"target": 17.453038601899486, "params": {"C": 689.867450740026, "epsilon": 0.20704366859403245, "gamma": 39.60728696276183}}
{"target": 31.408730213308388, "params": {"C": 619.1568212190288, "epsilon": 18.674261159477716, "gamma": 286.40714041130155}}
{"target": 25.18883729916014, "params": {"C": 7.529985455520006, "epsilon": 11.723256168267557, "gamma": 41.04604213943512}}
{"target": 19.06871249071542, "params": {"C": 349.63402459658556, "epsilon": 0.08199026637120377, "gamma": 73.50673483738699}}
{"target": 25.9867724516316, "params": {"C": 1754.2357702220345, "epsilon": 12.331199872550357, "gamma": 108.63216385715565}}
{"target": 21.61313248341133, "params": {"C": 17.507283945558086, "epsilon": 13.31988495381956, "gamma": 64.21181888942817}}
{"target": 27.68313378605858, "params": {"C": 1340.480419269859, "epsilon": 13.731134877230051, "gamma": 162.5743165929788}}
{"target": 45.30695070603306, "params": {"C": 113.79739664453005, "epsilon": 0.06417888277302208, "gamma": 1.2370725007404602}}
{"target": 25.951555403843845, "params": {"C": 1083.6846958675521, "epsilon": 0.03272211318815155, "gamma": 135.83274427905735}}
{"target": 16.980038390114746, "params": {"C": 116.21214705299087, "epsilon": 0.2786093317352328, "gamma": 52.621396933959645}}
{"target": 36.777493030293364, "params": {"C": 19.05537441989732, "epsilon": 1.196693303678283, "gamma": 16.582255790839966}}
{"target": 51.25365233782238, "params": {"C": 662.2374665951164, "epsilon": 0.42728238999743884, "gamma": 12.220521102654388}}
{"target": 19.111004980479052, "params": {"C": 655.8327121148074, "epsilon": 14.274173931489447, "gamma": 42.601413955950335}}
{"target": 25.444129743747773, "params": {"C": 815.6762279112991, "epsilon": 28.762111315833277, "gamma": 78.71087094556444}}
{"target": 17.96035803861334, "params": {"C": 846.9989091501036, "epsilon": 0.23521192943391964, "gamma": 49.48493178957992}}
{"target": 20.949576935417422, "params": {"C": 537.8227567643011, "epsilon": 13.579953048874014, "gamma": 86.25879435107373}}
{"target": 20.642923850060527, "params": {"C": 14.4442160700697, "epsilon": 2.539455897567292, "gamma": 72.32487919555152}}
{"target": 73.88355975169269, "params": {"C": 1867.3504142530378, "epsilon": 39.73543751023762, "gamma": 7.198559459323903}}
{"target": 19.699607501275402, "params": {"C": 17.988115910968233, "epsilon": 2.544017670694084, "gamma": 77.66611609973889}}
{"target": 64.69717786531392, "params": {"C": 3101.20370287407, "epsilon": 87.26752482882901, "gamma": 156.41828972324544}}
{"target": 18.19359380612652, "params": {"C": 895.2342549095715, "epsilon": 0.0791407089279148, "gamma": 49.29024935755491}}
{"target": 36.73859303572039, "params": {"C": 3383.583448977326, "epsilon": 2.1060475538603, "gamma": 209.17568071582542}}
{"target": 20.66469126656147, "params": {"C": 1070.4419092902106, "epsilon": 13.917933760776938, "gamma": 88.91377963206}}
{"target": 22.12533120103399, "params": {"C": 17.551343809334483, "epsilon": 14.461509392615334, "gamma": 78.40623253234126}}
{"target": 21.213198778174952, "params": {"C": 697.9079683533604, "epsilon": 10.855245284651652, "gamma": 89.79924490819687}}
{"target": 17.939323960513477, "params": {"C": 32.23929194951725, "epsilon": 0.9934597562842491, "gamma": 85.43236599707365}}
{"target": 77.50587676471059, "params": {"C": 2424.1119494050963, "epsilon": 106.67259532006346, "gamma": 2.1176510409295304}}
{"target": 21.263735301106692, "params": {"C": 839.2366527882921, "epsilon": 12.021406906890252, "gamma": 75.40284483627087}}
{"target": 23.52762517963612, "params": {"C": 942.1883530884468, "epsilon": 1.94245176395553, "gamma": 105.52795459197355}}
{"target": 20.08803304724338, "params": {"C": 1293.6490666652028, "epsilon": 16.125109847283177, "gamma": 41.59488322544662}}
{"target": 25.026276644281836, "params": {"C": 946.950118946759, "epsilon": 0.04721951297807192, "gamma": 133.95656790542066}}
{"target": 23.072649347182512, "params": {"C": 617.1603183927571, "epsilon": 0.024182766084671625, "gamma": 139.73205882173622}}
{"target": 22.68708764137904, "params": {"C": 20.33522831101861, "epsilon": 19.44081386023202, "gamma": 60.78704635288458}}
{"target": 32.82144649135586, "params": {"C": 3.3019849151436205, "epsilon": 18.51958597141799, "gamma": 73.96641597487074}}
{"target": 23.718898458659766, "params": {"C": 859.2945511338667, "epsilon": 1.4680241703224435, "gamma": 99.25403171554174}}
{"target": 20.00653704088146, "params": {"C": 1274.4626448889553, "epsilon": 14.413991201192408, "gamma": 64.70198360013859}}
{"target": 22.07823331313199, "params": {"C": 19.820677603356245, "epsilon": 15.697781063459416, "gamma": 51.16555576290199}}
{"target": 22.423251145604745, "params": {"C": 797.9728813352151, "epsilon": 0.7946808706631585, "gamma": 120.87529889509302}}
{"target": 24.365458846543717, "params": {"C": 14.00524925753595, "epsilon": 13.7912787052665, "gamma": 151.88563330569593}}
{"target": 17.56253988043095, "params": {"C": 822.0508363430888, "epsilon": 0.10026920384628268, "gamma": 46.367168421024246}}
{"target": 31.46628385159944, "params": {"C": 945.6385833244732, "epsilon": 32.58301194471383, "gamma": 154.1087533550027}}
{"target": 24.12402629377373, "params": {"C": 661.0078665808071, "epsilon": 12.684853855555934, "gamma": 174.38771461200736}}
{"target": 27.035563209001545, "params": {"C": 748.8166555961615, "epsilon": 24.284348344926194, "gamma": 130.18089897196143}}
{"target": 22.065100671726775, "params": {"C": 1545.242584635774, "epsilon": 10.47089846561612, "gamma": 60.048117551850424}}
{"target": 17.207745279246105, "params": {"C": 672.801073304438, "epsilon": 0.36453450625561135, "gamma": 45.1836350690716}}
{"target": 16.95695847974945, "params": {"C": 156.05374170810487, "epsilon": 0.49783725965178216, "gamma": 81.7324593195151}}
{"target": 19.34749859410271, "params": {"C": 94.54334730735388, "epsilon": 0.3505159179561714, "gamma": 36.55558519281903}}
{"target": 59.63991189743317, "params": {"C": 1541.6512525681399, "epsilon": 9.457134971783995, "gamma": 4.348160774818311}}
{"target": 22.62183304447262, "params": {"C": 20.45204796140513, "epsilon": 17.07868317540149, "gamma": 40.20939071204281}}
{"target": 19.622295897006587, "params": {"C": 19.303038590832244, "epsilon": 2.3977195896427608, "gamma": 95.53719922828869}}
{"target": 58.40934421861999, "params": {"C": 3334.6318679410733, "epsilon": 33.09722059273794, "gamma": 2.9073031688161564}}
{"target": 49.274207410087726, "params": {"C": 3977.0080411599656, "epsilon": 31.094492106523326, "gamma": 498.44865770867636}}
{"target": 22.024322717964115, "params": {"C": 572.7704727648279, "epsilon": 13.288972216689348, "gamma": 143.9016079185715}}
{"target": 27.29401447581163, "params": {"C": 10.090942147411923, "epsilon": 18.678202087236375, "gamma": 120.19560568452602}}
{"target": 49.460795383754586, "params": {"C": 466.1709987098533, "epsilon": 13.650738049155281, "gamma": 0.24813350205843676}}
{"target": 23.14899825717422, "params": {"C": 686.3798237507782, "epsilon": 12.074015448745973, "gamma": 121.70804998184164}}
{"target": 23.38118713824478, "params": {"C": 773.049853060014, "epsilon": 29.65333074678535, "gamma": 48.67985872544536}}
{"target": 22.058689182972323, "params": {"C": 36.77394543699978, "epsilon": 16.12085866737521, "gamma": 121.86746347342599}}
{"target": 22.111002453009004, "params": {"C": 61.10253197364554, "epsilon": 17.902568376113557, "gamma": 123.3022012785271}}
{"target": 19.358665446965453, "params": {"C": 704.7437897322161, "epsilon": 13.517205687258011, "gamma": 62.89699952326366}}
{"target": 50.40573176708064, "params": {"C": 946.7916697825951, "epsilon": 11.508912926239457, "gamma": 1.7218371139250692}}
{"target": 22.746247388520562, "params": {"C": 1109.6638828078108, "epsilon": 0.323654672435306, "gamma": 81.88933648437907}}
{"target": 17.163346916560954, "params": {"C": 65.57432858154345, "epsilon": 1.7858980924031265, "gamma": 97.36377480078396}}
{"target": 17.649962834599755, "params": {"C": 619.9566102939759, "epsilon": 0.30597250155852107, "gamma": 53.94176408583738}}
{"target": 27.620863858705786, "params": {"C": 6.481224583774903, "epsilon": 18.03521695152553, "gamma": 59.20395149191506}}
{"target": 28.82534684932323, "params": {"C": 868.1468331224175, "epsilon": 0.6763425833885868, "gamma": 179.8348882298708}}
{"target": 17.245288251649992, "params": {"C": 596.8132920885342, "epsilon": 0.25546224512795135, "gamma": 48.49658602990179}}
{"target": 72.18703720706937, "params": {"C": 5960.097424998985, "epsilon": 103.21904696542616, "gamma": 37.46432271946176}}
{"target": 76.84058094780674, "params": {"C": 5162.511646397512, "epsilon": 97.49885046866086, "gamma": 7.75042411575626}}
{"target": 21.232090491694994, "params": {"C": 19.09032035680528, "epsilon": 5.712998567974643, "gamma": 133.6269069599465}}
{"target": 19.171607862623055, "params": {"C": 23.396124697048847, "epsilon": 1.1752788955855582, "gamma": 94.88403750423254}}
{"target": 20.11898092123023, "params": {"C": 614.1501644894624, "epsilon": 0.266416996499931, "gamma": 69.48796839288894}}
{"target": 59.32115530421015, "params": {"C": 2105.4006770409264, "epsilon": 79.0253531058114, "gamma": 184.65648747596327}}
{"target": 22.115274915853895, "params": {"C": 1692.170467277713, "epsilon": 0.2763389442988734, "gamma": 63.49097552117245}}
{"target": 22.51825677703254, "params": {"C": 795.4284694064622, "epsilon": 0.8808013291779524, "gamma": 115.13795393383207}}
{"target": 70.81673506970978, "params": {"C": 4690.659778994786, "epsilon": 20.78562196260608, "gamma": 5.274601307609345}}
{"target": 60.17874401695135, "params": {"C": 751.5169207796462, "epsilon": 80.38776295629263, "gamma": 181.1433940710923}}
{"target": 28.95993193633786, "params": {"C": 1666.9236286965422, "epsilon": 0.2933684142012071, "gamma": 139.12181674789485}}
{"target": 19.620577606731747, "params": {"C": 639.5857936647491, "epsilon": 14.575358495573624, "gamma": 74.07277305432515}}
{"target": 27.139025609786717, "params": {"C": 642.2476470674944, "epsilon": 27.121784498954245, "gamma": 87.77742320634556}}
{"target": 24.398642156960243, "params": {"C": 1617.7300541665145, "epsilon": 0.7839550138730209, "gamma": 91.9767378785484}}
{"target": 21.552106477645236, "params": {"C": 620.0693301429499, "epsilon": 0.08613349716296981, "gamma": 108.43610469094769}}
{"target": 55.36415511932862, "params": {"C": 446.96329334127546, "epsilon": 13.978952949818343, "gamma": 5.376236044124013}}
{"target": 19.965442572352543, "params": {"C": 16.529448287624604, "epsilon": 1.766499188826582, "gamma": 66.52813734999306}}
{"target": 24.963686348380886, "params": {"C": 1601.064494800819, "epsilon": 1.2609763890476036, "gamma": 114.89784728125336}}
{"target": 21.08090964927405, "params": {"C": 716.6598676591452, "epsilon": 12.620703609153946, "gamma": 94.52859796904418}}
{"target": 25.16756317774015, "params": {"C": 10.899704016099221, "epsilon": 11.148581961664702, "gamma": 30.51174809291834}}
{"target": 19.782431881376237, "params": {"C": 536.8206443344857, "epsilon": 17.247352894253552, "gamma": 50.21056219329025}}
{"target": 43.80322356438337, "params": {"C": 1977.8587214930608, "epsilon": 49.83923593941949, "gamma": 263.9119172470622}}
{"target": 36.52759188624394, "params": {"C": 15.534178141877504, "epsilon": 12.616350840817312, "gamma": 17.76165972311002}}
{"target": 22.752940068546586, "params": {"C": 29.672502111543366, "epsilon": 15.345645803044466, "gamma": 161.70844325410525}}
{"target": 53.26370503661364, "params": {"C": 705.7519263905729, "epsilon": 1.0714954096317482, "gamma": 3.751236233326104}}
{"target": 20.388822565587947, "params": {"C": 594.3216109153922, "epsilon": 11.338169567979199, "gamma": 75.18017892921593}}
{"target": 31.362045608652657, "params": {"C": 3.2139214344586833, "epsilon": 3.2622024214083525, "gamma": 147.83537669978796}}
{"target": 24.58377069636223, "params": {"C": 1186.4675623977032, "epsilon": 13.94170227212755, "gamma": 145.01491143789605}}
{"target": 20.067218480313567, "params": {"C": 683.0996772584681, "epsilon": 12.426034297179273, "gamma": 67.94583604350436}}
{"target": 29.025588878977818, "params": {"C": 1308.4605704862236, "epsilon": 24.15563520785428, "gamma": 121.35143707249378}}
{"target": 19.034844797631404, "params": {"C": 800.922753123297, "epsilon": 13.175791384828527, "gamma": 39.38796922631274}}
{"target": 19.051053444089654, "params": {"C": 196.03276637279293, "epsilon": 0.23664389002160818, "gamma": 100.00436359994794}}
{"target": 20.435089146036784, "params": {"C": 551.0498004380067, "epsilon": 0.19090766812264026, "gamma": 78.70290421449724}}
{"target": 28.40085066280098, "params": {"C": 590.814311341629, "epsilon": 27.813328561060516, "gamma": 110.51737265212972}}
{"target": 21.29196123501714, "params": {"C": 678.049057605945, "epsilon": 12.137429451270137, "gamma": 93.8306214684203}}
{"target": 21.053687771311168, "params": {"C": 94.75446125270246, "epsilon": 0.690524832175108, "gamma": 24.939841295538194}}
{"target": 44.000684463576036, "params": {"C": 15.97477934036678, "epsilon": 20.38914710463666, "gamma": 10.639712798627869}}
{"target": 19.772202271829425, "params": {"C": 634.9816807911452, "epsilon": 11.672225290093765, "gamma": 38.084797845669556}}
{"target": 40.50672834909982, "params": {"C": 4066.1958467648, "epsilon": 18.200787759145534, "gamma": 239.79178008680574}}
{"target": 22.29231572299917, "params": {"C": 1042.9232145354015, "epsilon": 0.754224246227788, "gamma": 76.29990612941022}}
{"target": 23.469623721191162, "params": {"C": 1085.6732299051391, "epsilon": 0.08267605655382057, "gamma": 99.42743722894284}}
{"target": 56.321316364878655, "params": {"C": 928.1657776684964, "epsilon": 0.412148205539384, "gamma": 4.362564674626313}}
{"target": 19.99656176553346, "params": {"C": 840.8338587097885, "epsilon": 0.11527105618951206, "gamma": 57.700321661730285}}
{"target": 22.52500982441672, "params": {"C": 519.2199771384592, "epsilon": 28.490263008145167, "gamma": 56.49207595996913}}
{"target": 19.904777038814334, "params": {"C": 599.4788015126117, "epsilon": 17.281582296177262, "gamma": 68.76044771170082}}
{"target": 20.959639413066398, "params": {"C": 18.22583774524935, "epsilon": 0.6267994872254223, "gamma": 35.13041783283833}}
{"target": 49.34809498915316, "params": {"C": 1649.2594279765456, "epsilon": 54.491118673664204, "gamma": 364.5646194645473}}
{"target": 18.058944657823, "params": {"C": 1202.4735082509992, "epsilon": 0.09432676916990712, "gamma": 40.04198712510515}}
{"target": 44.30840450335748, "params": {"C": 26.91829393007825, "epsilon": 11.640654523837746, "gamma": 7.1161917607766725}}
{"target": 22.085089489988768, "params": {"C": 788.5504795890623, "epsilon": 0.19917313517494328, "gamma": 93.11000817473382}}
{"target": 20.460095675057477, "params": {"C": 803.5677145098259, "epsilon": 12.12915140878236, "gamma": 81.74217772054537}}
{"target": 18.672072439402523, "params": {"C": 645.9811018839094, "epsilon": 12.571666710385333, "gamma": 40.527828818439325}}
{"target": 25.68711109559851, "params": {"C": 5.350915028072137, "epsilon": 4.209255899857732, "gamma": 83.16849211857922}}
{"target": 20.94006758063783, "params": {"C": 1357.7569415427374, "epsilon": 0.6227835955102521, "gamma": 56.5475726527056}}
{"target": 17.850667421492656, "params": {"C": 33.90898808160483, "epsilon": 2.5991882762901506, "gamma": 65.43289935719491}}
{"target": 24.054998644944455, "params": {"C": 620.2210167377928, "epsilon": 26.654833351629968, "gamma": 69.04971671483631}}
{"target": 22.52835695333469, "params": {"C": 65.04783120540043, "epsilon": 15.288421576372322, "gamma": 195.56049042600378}}
{"target": 26.746256125301734, "params": {"C": 8.849831299631987, "epsilon": 15.074987746530532, "gamma": 135.95790317771065}}
{"target": 18.759417857301425, "params": {"C": 24.425573817357403, "epsilon": 3.4036200635682223, "gamma": 69.6456637898328}}
{"target": 17.157844112442223, "params": {"C": 693.8667396471055, "epsilon": 0.02041356957616891, "gamma": 44.044069062633135}}
{"target": 22.628504482695682, "params": {"C": 10.598347573455385, "epsilon": 9.237390402812387, "gamma": 67.78140154551899}}
{"target": 21.670981776297253, "params": {"C": 645.4608871971911, "epsilon": 12.793163854856093, "gamma": 113.1366314944122}}
{"target": 29.636585842598322, "params": {"C": 18.346652495058834, "epsilon": 30.38609584942792, "gamma": 66.38622572820331}}
{"target": 37.073714866868784, "params": {"C": 3.659996537989201, "epsilon": 26.980977398954426, "gamma": 47.420170130196226}}
{"target": 17.319229521596526, "params": {"C": 82.23616789611552, "epsilon": 0.6946608803062957, "gamma": 95.58688981235528}}
{"target": 25.463164100753296, "params": {"C": 6.759817133656327, "epsilon": 12.909980558652883, "gamma": 59.964460581601955}}
{"target": 17.465110011103278, "params": {"C": 84.01603932571112, "epsilon": 0.9531709987328412, "gamma": 106.11874284270134}}
{"target": 39.086182558578535, "params": {"C": 1.8898426499998209, "epsilon": 14.775416575468503, "gamma": 160.88865906269916}}
{"target": 23.129320010103278, "params": {"C": 994.228235726524, "epsilon": 0.02897378428523245, "gamma": 87.57899670996501}}
{"target": 19.082948865115746, "params": {"C": 178.3115718437149, "epsilon": 0.030113787669424075, "gamma": 111.19029582595408}}
{"target": 19.903358883636137, "params": {"C": 1452.0882547828933, "epsilon": 15.54283066283719, "gamma": 76.4449953974952}}
{"target": 23.08218739459854, "params": {"C": 514.5459997651919, "epsilon": 12.187641962452105, "gamma": 179.9868834681306}}
{"target": 19.71740719216902, "params": {"C": 20.63045521635601, "epsilon": 1.0675276428798268, "gamma": 115.44104769970332}}
{"target": 37.33204165388477, "params": {"C": 2.1776048056875936, "epsilon": 17.624953039468494, "gamma": 101.01281263772435}}
{"target": 26.356045282153143, "params": {"C": 8.3127525742091, "epsilon": 16.39532036907498, "gamma": 41.505552150296445}}
{"target": 26.12524507806979, "params": {"C": 1409.017285332915, "epsilon": 25.251603708876054, "gamma": 65.33014491725513}}
{"target": 24.22546315316368, "params": {"C": 675.9697954627968, "epsilon": 12.585630118437795, "gamma": 173.67543661128076}}
{"target": 47.392419393816375, "params": {"C": 130.6495089244576, "epsilon": 0.18341429744853482, "gamma": 4.583618724722257}}
{"target": 24.408245648616578, "params": {"C": 827.597110781941, "epsilon": 17.4879456849818, "gamma": 143.6269084351091}}
