{"target": 24.04737985988343, "params": {"C": 528.4599797793384, "epsilon": 0.8872563984044421, "gamma": 176.7372065179876}}
{"target": 19.03890611570386, "params": {"C": 723.6277333990696, "epsilon": 14.033093968136196, "gamma": 64.48620482446958}}
{"target": 23.252467522488494, "params": {"C": 14.023029736073937, "epsilon": 15.853678515428612, "gamma": 103.33001127253141}}
{"target": 25.987291488081393, "params": {"C": 5.568802308965559, "epsilon": 3.1296970986861607, "gamma": 101.70769835905077}}
{"target": 20.554701576791828, "params": {"C": 973.5074329551034, "epsilon": 14.266647977412692, "gamma": 37.881988497068306}}
{"target": 21.8303755159455, "params": {"C": 656.7537595988612, "epsilon": 15.187553633131019, "gamma": 31.339316355187137}}
{"target": 22.84077215518575, "params": {"C": 990.1970057298896, "epsilon": 0.21701062181330655, "gamma": 112.5916987834241}}
{"target": 24.30467284659152, "params": {"C": 1063.8911986899368, "epsilon": 0.42450681531299317, "gamma": 23.722967352024888}}
{"target": 22.10231080259492, "params": {"C": 980.4012560665832, "epsilon": 11.893185404075727, "gamma": 70.11301978825546}}
{"target": 22.7761743937175, "params": {"C": 760.3427302727049, "epsilon": 12.479080371423251, "gamma": 127.96253642884079}}
{"target": 64.21345058239002, "params": {"C": 3621.445522294968, "epsilon": 82.79943402135899, "gamma": 368.74125366562293}}
{"target": 20.987164077090252, "params": {"C": 646.114284255051, "epsilon": 1.5019473850711678, "gamma": 74.77993434362705}}
{"target": 17.886846882405226, "params": {"C": 656.9805628389176, "epsilon": 0.6262884697835739, "gamma": 39.17725617011151}}
{"target": 19.417240045598295, "params": {"C": 648.7462329223293, "epsilon": 17.20398599833345, "gamma": 53.53458929866426}}
{"target": 21.571465278987738, "params": {"C": 695.654775607712, "epsilon": 0.4487653908169591, "gamma": 92.03523750932409}}
{"target": 24.267671579151394, "params": {"C": 19.094962262073295, "epsilon": 20.604930657811337, "gamma": 38.86269475288504}}
{"target": 32.34083730312585, "params": {"C": 2.698049329252285, "epsilon": 8.93727406875076, "gamma": 108.51391429057449}}
{"target": 30.2947802481677, "params": {"C": 747.0557826501074, "epsilon": 32.457558273021476, "gamma": 141.17765752735397}}
{"target": 21.013879269833772, "params": {"C": 580.3790246227614, "epsilon": 0.17430396567238926, "gamma": 95.21848046777836}}
{"target": 22.857267052820323, "params": {"C": 549.904861325701, "epsilon": 19.755956530111334, "gamma": 93.0527882934876}}
{"target": 18.27577985460669, "params": {"C": 96.23112309447069, "epsilon": 0.7790516544204097, "gamma": 133.2423670119266}}
{"target": 22.189636948248648, "params": {"C": 1055.333474994587, "epsilon": 0.9618005000856096, "gamma": 71.84065735539656}}
{"target": 17.75542557899741, "params": {"C": 803.2792012292432, "epsilon": 0.9759358526847883, "gamma": 50.56923211459322}}
{"target": 16.254667714711026, "params": {"C": 165.58048264844348, "epsilon": 0.19560910134218612, "gamma": 73.72447149647051}}
{"target": 33.335530164195106, "params": {"C": 2.107422293753558, "epsilon": 4.018343343359138, "gamma": 89.44691430731318}}
{"target": 48.539355754397185, "params": {"C": 70.67892904681307, "epsilon": 23.608549913512835, "gamma": 3.177344892615338}}
{"target": 47.189412760343615, "params": {"C": 24.326487229118953, "epsilon": 15.15409722569513, "gamma": 3.6618410967112283}}
{"target": 23.834147462627023, "params": {"C": 975.9492433207366, "epsilon": 0.5923850418380648, "gamma": 93.15399707202246}}
{"target": 49.82663699340611, "params": {"C": 997.8214937331608, "epsilon": 0.8259302750060615, "gamma": 11.943341660529292}}
{"target": 22.461425334105122, "params": {"C": 556.3352982378727, "epsilon": 0.09522904740507832, "gamma": 139.19528138665692}}
{"target": 59.21489389282679, "params": {"C": 779.9508566683712, "epsilon": 74.34167928539756, "gamma": 384.60173142291933}}
{"target": 16.97893233411453, "params": {"C": 70.31061840743114, "epsilon": 0.35992179342145336, "gamma": 76.90358806080773}}
{"target": 24.029098024198507, "params": {"C": 105.19075511289216, "epsilon": 26.864898484958424, "gamma": 75.17467055573086}}
{"target": 18.444107612151463, "params": {"C": 33.89441210293424, "epsilon": 1.9095211200337765, "gamma": 101.82209106110906}}
{"target": 23.58536483674674, "params": {"C": 1282.5752279129006, "epsilon": 0.06537789111685521, "gamma": 83.40545611724184}}
{"target": 48.3894234318168, "params": {"C": 500.07834580511553, "epsilon": 0.939265868277386, "gamma": 1.8246903975643178}}
{"target": 19.405253622798604, "params": {"C": 700.3405300906782, "epsilon": 17.02221780739283, "gamma": 55.77892728044272}}
{"target": 19.292418116933977, "params": {"C": 21.975483505100343, "epsilon": 6.380182529911275, "gamma": 67.10472390148541}}
{"target": 19.62966695130329, "params": {"C": 709.5483880780782, "epsilon": 15.595475712470346, "gamma": 79.441632570093}}
{"target": 26.022446925938688, "params": {"C": 607.4734976340319, "epsilon": 30.273695041355914, "gamma": 69.40584561239997}}
{"target": 19.17929113563417, "params": {"C": 596.5848186037489, "epsilon": 0.3035301688392096, "gamma": 61.054623971263474}}
{"target": 16.56298146704218, "params": {"C": 84.0311578924981, "epsilon": 0.10285896149722662, "gamma": 64.64264714000777}}
{"target": 19.042097649848017, "params": {"C": 769.1329935644319, "epsilon": 13.970675045551497, "gamma": 41.021521341417966}}
{"target": 24.411791232890106, "params": {"C": 1642.0026488817357, "epsilon": 1.0292810844595113, "gamma": 109.83562415773143}}
{"target": 49.646368508430776, "params": {"C": 613.3471245085624, "epsilon": 13.039529817820721, "gamma": 1.9911281453797187}}
{"target": 68.82468767477303, "params": {"C": 4004.2957615168557, "epsilon": 89.18519650683275, "gamma": 442.293855382886}}
{"target": 72.23501884135428, "params": {"C": 4191.411551831751, "epsilon": 112.45638372255894, "gamma": 18.28438543046363}}
{"target": 21.82516538377841, "params": {"C": 19.133114347540726, "epsilon": 14.580177432550837, "gamma": 86.68969847536593}}
{"target": 23.265612170890307, "params": {"C": 42.94836406531742, "epsilon": 17.79829935814446, "gamma": 151.99138569819877}}
{"target": 19.541978960586412, "params": {"C": 832.141655235792, "epsilon": 0.6725353852855944, "gamma": 35.02320175401495}}
{"target": 22.356157762840233, "params": {"C": 663.6111061583165, "epsilon": 14.705319040090263, "gamma": 148.285910246299}}
{"target": 17.575715749651977, "params": {"C": 681.403159935009, "epsilon": 1.2110602217884527, "gamma": 51.09940004856622}}
{"target": 31.31496813042612, "params": {"C": 502.27786734238043, "epsilon": 16.304026098847856, "gamma": 477.7537460400533}}
{"target": 21.30882067779158, "params": {"C": 659.4016710462932, "epsilon": 18.22102960606001, "gamma": 78.13506962058344}}
{"target": 21.76350484158916, "params": {"C": 33.5905307663311, "epsilon": 12.296928078411739, "gamma": 125.91471650248003}}
{"target": 17.801303170468152, "params": {"C": 99.0664798406664, "epsilon": 0.860833189529822, "gamma": 48.724424874848395}}
{"target": 43.1422811835692, "params": {"C": 26.365655379137024, "epsilon": 4.661303235493769, "gamma": 9.934016031580896}}
{"target": 18.96285591427635, "params": {"C": 25.69867361962784, "epsilon": 0.06723917138017022, "gamma": 68.627387755215}}
{"target": 25.30851029177409, "params": {"C": 18.181995133045064, "epsilon": 13.988658115312617, "gamma": 25.6489763090674}}
{"target": 17.552806365211925, "params": {"C": 49.59392889526447, "epsilon": 0.16791403115916959, "gamma": 93.36907091104342}}
{"target": 20.378483802014536, "params": {"C": 42.92707742822516, "epsilon": 1.3442247514772772, "gamma": 29.86967402750809}}
{"target": 19.82910344250534, "params": {"C": 26.923486678274145, "epsilon": 1.9530677215318986, "gamma": 44.212842523719026}}
{"target": 17.139112065480372, "params": {"C": 50.726428347975514, "epsilon": 1.5279954753467102, "gamma": 81.52971605931047}}
{"target": 24.491541270290394, "params": {"C": 1416.4477604737945, "epsilon": 30.66904664539044, "gamma": 58.67787034275823}}
{"target": 26.599940804250366, "params": {"C": 1342.4714202684372, "epsilon": 31.176220836088753, "gamma": 85.78234134536895}}
{"target": 22.40479918442653, "params": {"C": 10.180297819753832, "epsilon": 0.9138970361284341, "gamma": 40.100080666500354}}
{"target": 57.549687723091914, "params": {"C": 1661.088230702608, "epsilon": 72.51189620576898, "gamma": 331.21814074880103}}
{"target": 17.417339394288042, "params": {"C": 75.12383636511868, "epsilon": 0.520974724004975, "gamma": 101.20461896443483}}
{"target": 23.578247289484008, "params": {"C": 1254.2881632224196, "epsilon": 16.6557450909825, "gamma": 113.36478783331052}}
{"target": 21.786565011779913, "params": {"C": 675.9216305691616, "epsilon": 16.67614110565938, "gamma": 117.34124257729061}}
{"target": 24.36448213427921, "params": {"C": 10.118321990641732, "epsilon": 3.3290221182454847, "gamma": 161.7930118020958}}
{"target": 27.767261864306725, "params": {"C": 6.473096469495204, "epsilon": 11.567634247076956, "gamma": 157.37632743002573}}
{"target": 25.56664494736084, "params": {"C": 952.0693305604655, "epsilon": 13.530326281704124, "gamma": 176.54351752362493}}
{"target": 23.798076109889337, "params": {"C": 704.5539533997919, "epsilon": 20.98975411734698, "gamma": 96.0141173220454}}
{"target": 23.48834157885543, "params": {"C": 886.2580213247347, "epsilon": 11.270436273463426, "gamma": 123.25441719414488}}
{"target": 20.4475467335048, "params": {"C": 47.26600680583036, "epsilon": 15.410732004432152, "gamma": 50.09718473610526}}
{"target": 22.9109798872789, "params": {"C": 1051.3634303561216, "epsilon": 0.20218231243237406, "gamma": 84.99298387326739}}
{"target": 21.918335661118753, "params": {"C": 785.1306667483282, "epsilon": 14.799552822735873, "gamma": 117.57060689622578}}
{"target": 21.85759476273015, "params": {"C": 38.1278293953432, "epsilon": 20.584199434897414, "gamma": 65.54787574685065}}
{"target": 29.460449392772137, "params": {"C": 1145.4061910159303, "epsilon": 0.9235319404159711, "gamma": 185.87566743010464}}
{"target": 31.135346592501566, "params": {"C": 8.836482746653061, "epsilon": 25.699669349588053, "gamma": 92.72053601895682}}
{"target": 19.3051203034523, "params": {"C": 31.766226705371977, "epsilon": 1.0145653076593721, "gamma": 137.85536198981896}}
{"target": 25.77660253274525, "params": {"C": 754.8152246416817, "epsilon": 1.4789669608974823, "gamma": 161.15793003841577}}
{"target": 24.995074466738487, "params": {"C": 800.6618154421271, "epsilon": 0.6048679132012726, "gamma": 146.8057313140805}}
{"target": 19.178677089625367, "params": {"C": 24.207952231038135, "epsilon": 1.815059618343342, "gamma": 109.33189012511833}}
{"target": 61.21516312793292, "params": {"C": 1694.2453783095968, "epsilon": 79.93226091169424, "gamma": 259.8545742552561}}
{"target": 19.79249355817427, "params": {"C": 41.86348205858698, "epsilon": 1.1412336099795897, "gamma": 35.73873453557019}}
{"target": 19.030960008816045, "params": {"C": 909.3854471105385, "epsilon": 1.3044604865944665, "gamma": 54.2975307878909}}
{"target": 21.643133971814315, "params": {"C": 1468.2380407895778, "epsilon": 0.773370880879181, "gamma": 57.460498110049}}
{"target": 18.30764307657427, "params": {"C": 700.4009632561371, "epsilon": 15.327481792829857, "gamma": 60.536438540757004}}
{"target": 44.97467825645721, "params": {"C": 1714.7371537008553, "epsilon": 16.013591917131098, "gamma": 0.5657712495052536}}
{"target": 20.276936646213393, "params": {"C": 1310.111246840581, "epsilon": 15.292291224290942, "gamma": 60.5373027386474}}
{"target": 21.645917061018153, "params": {"C": 1338.538036441405, "epsilon": 16.430126150562266, "gamma": 37.93787427769626}}
{"target": 19.10374983100597, "params": {"C": 26.30261493408274, "epsilon": 0.2349262795789172, "gamma": 51.769956892530466}}
{"target": 18.871719230778442, "params": {"C": 802.8538236711713, "epsilon": 14.587471660215538, "gamma": 65.91016395928942}}
{"target": 38.42848737507861, "params": {"C": 5984.638299988935, "epsilon": 13.21543400148687, "gamma": 271.3521027792341}}
{"target": 58.05450789921038, "params": {"C": 770.6244877316386, "epsilon": 1.105674098419871, "gamma": 8.349881588806355}}
{"target": 28.433871356838978, "params": {"C": 12.173585031577801, "epsilon": 25.518933891232788, "gamma": 55.788585481070186}}
{"target": 21.822775566256986, "params": {"C": 606.5445257712375, "epsilon": 12.702074779196133, "gamma": 27.42061457156314}}
{"target": 49.71966394587024, "params": {"C": 709.0193766062915, "epsilon": 13.899283993215665, "gamma": 0.10984145893738173}}
{"target": 63.073316512508015, "params": {"C": 1110.0123055859435, "epsilon": 12.034561612195626, "gamma": 7.47651152483882}}
{"target": 20.759044669143332, "params": {"C": 51.53287626415075, "epsilon": 16.278815904743833, "gamma": 100.65904540200313}}
{"target": 27.289807547709216, "params": {"C": 12.973990760346666, "epsilon": 22.602929591576626, "gamma": 92.07655405058755}}
{"target": 21.246920385309984, "params": {"C": 789.8791636307426, "epsilon": 14.051323326120402, "gamma": 37.351274655562406}}
{"target": 53.30625679260157, "params": {"C": 671.2144650670059, "epsilon": 14.20383300621568, "gamma": 3.1045410350367177}}
{"target": 20.693021758581715, "params": {"C": 947.8829522098966, "epsilon": 14.048195014106023, "gamma": 92.9088020599323}}
{"target": 44.59653555648126, "params": {"C": 46.7017172023003, "epsilon": 31.23861301006726, "gamma": 11.316750876704788}}
{"target": 17.392430325340804, "params": {"C": 51.04588404531491, "epsilon": 0.13717294052118578, "gamma": 89.14689446219028}}
{"target": 20.09856097749106, "params": {"C": 565.3337113823161, "epsilon": 0.4182242312654928, "gamma": 72.58551910813357}}
{"target": 19.531335308158706, "params": {"C": 50.58068300427604, "epsilon": 13.098887026533486, "gamma": 38.5224259396439}}
{"target": 22.403454385908653, "params": {"C": 787.861683760508, "epsilon": 0.3565676167556273, "gamma": 113.62664774839479}}
{"target": 17.316115577944807, "params": {"C": 794.1571839514484, "epsilon": 0.6170080362238483, "gamma": 43.626274415405796}}
{"target": 19.878536869648812, "params": {"C": 42.310877544169955, "epsilon": 13.472848152233519, "gamma": 75.26453735650374}}
{"target": 21.89019757077219, "params": {"C": 688.9473954743548, "epsilon": 14.165775526608801, "gamma": 122.04917866657178}}
{"target": 22.490704059617393, "params": {"C": 774.6359907730874, "epsilon": 0.616338186974537, "gamma": 18.421768245559036}}
{"target": 35.60555687993475, "params": {"C": 1713.437671138748, "epsilon": 14.798427442188476, "gamma": 415.6510359200895}}
{"target": 17.510371267411035, "params": {"C": 637.1375750717767, "epsilon": 0.3315679415802668, "gamma": 39.79277304181913}}
{"target": 20.548979991308276, "params": {"C": 838.3487636401616, "epsilon": 12.649377385689391, "gamma": 66.75241434528196}}
{"target": 22.136621079772983, "params": {"C": 501.70946594732726, "epsilon": 0.36671072389095705, "gamma": 144.14317738990474}}
{"target": 17.493250101822056, "params": {"C": 55.370886860368216, "epsilon": 0.7254266173288797, "gamma": 67.96436554722474}}
{"target": 21.051275262219253, "params": {"C": 785.409877718117, "epsilon": 0.10033392797066809, "gamma": 82.34900401747952}}
{"target": 23.860577868060876, "params": {"C": 868.0220832589479, "epsilon": 0.23492115761098997, "gamma": 131.44951665431904}}
{"target": 21.299042990045873, "params": {"C": 43.67653485260831, "epsilon": 13.84354926175806, "gamma": 103.82643045362008}}
{"target": 46.20124600287268, "params": {"C": 46.74064877223998, "epsilon": 16.085684251393182, "gamma": 7.3433097696559315}}
{"target": 21.350640539042193, "params": {"C": 1563.3945021349093, "epsilon": 14.088767181045597, "gamma": 94.00457642719559}}
{"target": 23.00014928303372, "params": {"C": 705.82385099525, "epsilon": 12.7423257816165, "gamma": 148.46626570742455}}
{"target": 22.213462431027246, "params": {"C": 860.4834885303536, "epsilon": 0.7086384990641597, "gamma": 85.5240931507742}}
{"target": 20.30549875965012, "params": {"C": 606.3580819637809, "epsilon": 0.34879798708358667, "gamma": 75.37044538531089}}
{"target": 24.56716305621824, "params": {"C": 1263.8326555276362, "epsilon": 0.05877454407031657, "gamma": 118.88419831352795}}
{"target": 21.42211967289787, "params": {"C": 587.3989545080112, "epsilon": 15.705585147447474, "gamma": 93.96076243474346}}
{"target": 41.89093136231479, "params": {"C": 1142.549877964224, "epsilon": 39.00153204837939, "gamma": 460.4818506218015}}
{"target": 24.077782638501585, "params": {"C": 1649.4803896634544, "epsilon": 0.8222993726231577, "gamma": 105.71332791895378}}
{"target": 44.13043889398384, "params": {"C": 0.9392132779572933, "epsilon": 13.25154393947048, "gamma": 62.69231361249572}}
{"target": 22.342899675988935, "params": {"C": 708.2694295456248, "epsilon": 10.306444541220856, "gamma": 94.87593382389194}}
{"target": 19.683302627757108, "params": {"C": 54.35167597687876, "epsilon": 0.09947700788256744, "gamma": 31.509155927859837}}
{"target": 40.83260154337693, "params": {"C": 1.3061509587871853, "epsilon": 13.443229306835764, "gamma": 89.57330510742148}}
{"target": 22.655097389527477, "params": {"C": 712.4576889967634, "epsilon": 32.06508150181413, "gamma": 45.290697024283176}}
{"target": 23.710363093834747, "params": {"C": 1343.6797197791843, "epsilon": 0.3698417668750327, "gamma": 98.29241587371685}}
{"target": 26.549084419311463, "params": {"C": 575.9658287214119, "epsilon": 29.95514241636775, "gamma": 87.94181431166663}}
{"target": 28.431176539299496, "params": {"C": 395.71437613146145, "epsilon": 31.19251921259408, "gamma": 119.10529429341477}}
{"target": 18.79352729125923, "params": {"C": 38.96227033304122, "epsilon": 1.4437189658481784, "gamma": 134.08094195274901}}
{"target": 18.87407246597939, "params": {"C": 203.93640347241404, "epsilon": 0.05712850123948954, "gamma": 88.97245567546597}}
{"target": 28.885823824636503, "params": {"C": 673.2168153595713, "epsilon": 25.483817589661278, "gamma": 125.59984514981035}}
{"target": 40.70686069627597, "params": {"C": 2595.523569127158, "epsilon": 40.94683219959971, "gamma": 316.201207200559}}
{"target": 18.12404254206916, "params": {"C": 580.381606063865, "epsilon": 14.926045014949267, "gamma": 61.35953965862417}}
{"target": 22.43101690490591, "params": {"C": 581.5683847503624, "epsilon": 0.7508006001408589, "gamma": 136.66634181401446}}
{"target": 22.641758159452376, "params": {"C": 12.318132244637553, "epsilon": 13.68033164375224, "gamma": 64.02548659367346}}
{"target": 20.615521875007566, "params": {"C": 406.507018136318, "epsilon": 0.03618777943396145, "gamma": 131.78477322651852}}
{"target": 47.8448252488533, "params": {"C": 20.94737596391233, "epsilon": 12.49690263260677, "gamma": 3.1037243756435373}}
{"target": 62.297008550015974, "params": {"C": 5527.226113489309, "epsilon": 82.97493888941798, "gamma": 210.44670368727466}}
{"target": 20.236625547074542, "params": {"C": 20.527455489904966, "epsilon": 2.080061688541845, "gamma": 131.407599331236}}
{"target": 29.455311807998434, "params": {"C": 568.9650447511542, "epsilon": 0.1295270025702635, "gamma": 15.818073970759094}}
{"target": 19.803175845955103, "params": {"C": 510.02726228321694, "epsilon": 17.871389621678308, "gamma": 59.81986909997611}}
{"target": 21.873636532080848, "params": {"C": 528.6668596621039, "epsilon": 17.509135719208473, "gamma": 96.82576923833899}}
{"target": 21.213506374929725, "params": {"C": 88.46540187393475, "epsilon": 12.62135061026171, "gamma": 138.0066441787502}}
{"target": 22.511418053809948, "params": {"C": 552.3722429859615, "epsilon": 0.15171973390405213, "gamma": 140.68813967608304}}
{"target": 37.73214399039511, "params": {"C": 1.3290303961528735, "epsilon": 0.21563758816441836, "gamma": 66.95768861744631}}
{"target": 20.415163851414235, "params": {"C": 561.4988733801155, "epsilon": 13.798456571957633, "gamma": 77.53422239874072}}
{"target": 27.315181527474284, "params": {"C": 7.750902520873495, "epsilon": 10.388538229097394, "gamma": 173.07511383409457}}
{"target": 21.831981755424202, "params": {"C": 728.01317314637, "epsilon": 0.5962855612200613, "gamma": 87.40584138471746}}
{"target": 25.729307431185894, "params": {"C": 16.26856956143638, "epsilon": 1.141178156321512, "gamma": 24.776786650296927}}
{"target": 21.74477713319485, "params": {"C": 52.56001310525714, "epsilon": 13.607166029582451, "gamma": 121.97554542733997}}
{"target": 21.917208227727958, "params": {"C": 619.4129771032144, "epsilon": 14.390085968644232, "gamma": 120.22786476246164}}
{"target": 20.505473045640816, "params": {"C": 704.7999201549125, "epsilon": 12.041356786822337, "gamma": 88.12097211461406}}
{"target": 21.49344875194242, "params": {"C": 41.76687666117131, "epsilon": 16.411201178910492, "gamma": 33.171443620689935}}
{"target": 21.64818456800169, "params": {"C": 20.543982889497045, "epsilon": 12.993774914473349, "gamma": 106.9701804234669}}
{"target": 58.37977742778882, "params": {"C": 787.6298211477307, "epsilon": 12.128068708326659, "gamma": 6.103547974638225}}
{"target": 57.02055089033998, "params": {"C": 644.9324790974326, "epsilon": 12.691828565421368, "gamma": 5.024108092523846}}
{"target": 19.740163846592495, "params": {"C": 41.54180913517223, "epsilon": 1.6411916547328977, "gamma": 174.21357548259758}}
{"target": 25.181275880200605, "params": {"C": 21.372385981854165, "epsilon": 24.922905773256062, "gamma": 54.90966056450005}}
{"target": 18.780692059128178, "params": {"C": 723.2456767827745, "epsilon": 15.929214342021492, "gamma": 60.38382072858176}}
{"target": 17.481204434373417, "params": {"C": 763.9260099334699, "epsilon": 1.386952886103646, "gamma": 48.984714788316154}}
{"target": 19.918478073313782, "params": {"C": 718.0675208068863, "epsilon": 10.860420006414127, "gamma": 65.41072654287139}}
{"target": 20.96341057434163, "params": {"C": 755.4001343529181, "epsilon": 0.2849181568596968, "gamma": 76.52147128252008}}
