{"target": 20.784357516082817, "params": {"C": 532.1158229385188, "epsilon": 0.06608860929492666, "gamma": 91.07127419653779}}
{"target": 23.789081575966826, "params": {"C": 2294.8379738549165, "epsilon": 0.9283145472206681, "gamma": 23.976897295694485}}
{"target": 19.622142592276386, "params": {"C": 591.1826768448951, "epsilon": 12.506796524742395, "gamma": 68.66873439135793}}
{"target": 22.45200873099395, "params": {"C": 859.2080051188606, "epsilon": 0.8217682390198127, "gamma": 114.4965891497351}}
{"target": 32.79826386117983, "params": {"C": 8.487320993916455, "epsilon": 29.881543000397897, "gamma": 56.162767097216744}}
{"target": 18.274159424704244, "params": {"C": 741.7646963345569, "epsilon": 0.14313341026529436, "gamma": 54.190219990063376}}
{"target": 21.453670918361134, "params": {"C": 15.508998439916482, "epsilon": 0.6426794668643787, "gamma": 40.78602096359818}}
{"target": 26.07952006211233, "params": {"C": 1300.8028522300049, "epsilon": 12.578381258718458, "gamma": 141.23785395650472}}
{"target": 24.483868764006996, "params": {"C": 477.54769061773163, "epsilon": 0.30708451421083605, "gamma": 18.0305975570214}}
{"target": 23.860947661968822, "params": {"C": 733.938883810228, "epsilon": 26.42509494527487, "gamma": 55.473091485446936}}
{"target": 20.84305262820926, "params": {"C": 586.1175209440954, "epsilon": 12.530276401996968, "gamma": 89.48281221549884}}
{"target": 23.056170491961982, "params": {"C": 676.5334791350023, "epsilon": 12.452738959753269, "gamma": 124.22843574448689}}
{"target": 19.36614461356161, "params": {"C": 850.7672420792946, "epsilon": 16.193515216035653, "gamma": 52.00336604316385}}
{"target": 20.233443367873896, "params": {"C": 720.3327425405994, "epsilon": 0.10782905946491272, "gamma": 61.163871094705115}}
{"target": 27.631213665827705, "params": {"C": 6.331560168333084, "epsilon": 12.389963048118098, "gamma": 135.63267139327417}}
{"target": 47.94584908953204, "params": {"C": 1.2083442050218594, "epsilon": 12.2135441633413, "gamma": 17.839107497354355}}
{"target": 19.273794772297713, "params": {"C": 1170.657962688853, "epsilon": 13.308158053037229, "gamma": 50.7428003213349}}
{"target": 22.693116303007354, "params": {"C": 773.0007508245849, "epsilon": 0.159180601219455, "gamma": 109.88601904714919}}
{"target": 25.892281263549506, "params": {"C": 40.370207600692055, "epsilon": 26.61370229048664, "gamma": 112.22139028060177}}
{"target": 16.354629686985287, "params": {"C": 107.66003226952826, "epsilon": 0.20697506529077225, "gamma": 74.40824046377024}}
{"target": 25.348176844476054, "params": {"C": 5904.3631837330995, "epsilon": 34.799237074136116, "gamma": 25.261522674617964}}
{"target": 21.270714802561358, "params": {"C": 617.7126064338389, "epsilon": 0.14357862266414917, "gamma": 91.62619619177453}}
{"target": 17.81144569468079, "params": {"C": 112.43222888684659, "epsilon": 0.29017423664185316, "gamma": 103.7795307611851}}
{"target": 19.800718337950173, "params": {"C": 30.069193519816423, "epsilon": 0.3211116525529612, "gamma": 156.07989543558136}}
{"target": 22.394347661777594, "params": {"C": 36.74988815322105, "epsilon": 14.531563849985321, "gamma": 136.90917543987214}}
{"target": 35.748039662134644, "params": {"C": 5053.013479632804, "epsilon": 4.775577625554227, "gamma": 498.21405564274545}}
{"target": 22.99925700944861, "params": {"C": 697.5643583779472, "epsilon": 27.1788758311664, "gamma": 26.325203751235417}}
{"target": 18.034185531058192, "params": {"C": 678.9475993104082, "epsilon": 11.710680049977196, "gamma": 43.895371645876786}}
{"target": 23.114615646467094, "params": {"C": 849.1648741212716, "epsilon": 0.031155853569655445, "gamma": 121.75672397861398}}
{"target": 20.941753934802826, "params": {"C": 794.9791269301711, "epsilon": 10.953309196465803, "gamma": 69.19169374034568}}
{"target": 54.66090133153891, "params": {"C": 818.9468596974808, "epsilon": 11.387192182745236, "gamma": 3.1560117738604987}}
{"target": 21.362477658867938, "params": {"C": 637.8136734168112, "epsilon": 13.807645145760045, "gamma": 103.36516373555042}}
{"target": 45.87040860267786, "params": {"C": 613.0854693366954, "epsilon": 8.783605317218813, "gamma": 1.064760313067282}}
{"target": 22.439106833574876, "params": {"C": 33.53235420946372, "epsilon": 11.542891962781958, "gamma": 214.32464558486242}}
{"target": 83.21371774799955, "params": {"C": 4779.672471177821, "epsilon": 117.58055040989896, "gamma": 297.3300938475968}}
{"target": 18.72912104424237, "params": {"C": 604.6286354163113, "epsilon": 12.354103485227053, "gamma": 58.19195062193148}}
{"target": 60.603509749746365, "params": {"C": 1259.2683678376427, "epsilon": 0.1890041735356378, "gamma": 10.783961056107508}}
{"target": 18.303384341242023, "params": {"C": 45.650603535905475, "epsilon": 1.286626770457585, "gamma": 53.8776076333971}}
{"target": 20.707270782898245, "params": {"C": 27.89673871257203, "epsilon": 11.47365930618863, "gamma": 99.08696892979137}}
{"target": 20.683623891336886, "params": {"C": 35.43549055860501, "epsilon": 12.699210563578681, "gamma": 84.80557013406893}}
{"target": 25.311859687720663, "params": {"C": 5.958612089936864, "epsilon": 3.2673063375000297, "gamma": 105.14993728464803}}
{"target": 37.50304239510749, "params": {"C": 1.877167942345281, "epsilon": 16.55156335884511, "gamma": 67.80385937870956}}
{"target": 18.1414795673907, "params": {"C": 72.48952024940847, "epsilon": 0.17192907640458066, "gamma": 142.75355775661254}}
{"target": 17.294359675709472, "params": {"C": 577.5641553820326, "epsilon": 0.2040140911342888, "gamma": 48.763644524010765}}
{"target": 17.620162205389114, "params": {"C": 69.28469761140062, "epsilon": 1.3051956983918227, "gamma": 114.82743181627353}}
{"target": 56.70710993366673, "params": {"C": 579.2806688623199, "epsilon": 0.08670408097125738, "gamma": 9.131970244540781}}
{"target": 21.48646334092347, "params": {"C": 537.9315901376445, "epsilon": 0.12571720843406697, "gamma": 128.11957411007603}}
{"target": 28.71787924593112, "params": {"C": 657.1858783416005, "epsilon": 28.946935375428957, "gamma": 112.42157690203453}}
{"target": 73.22994665783644, "params": {"C": 1352.4104323297129, "epsilon": 28.399023801528067, "gamma": 9.209363702502337}}
{"target": 18.993387543888666, "params": {"C": 790.5648812080526, "epsilon": 12.417535577639228, "gamma": 57.08953529541765}}
{"target": 49.43671713445186, "params": {"C": 189.96174532795183, "epsilon": 0.8377215739319537, "gamma": 6.5738465945392335}}
{"target": 39.0039819376034, "params": {"C": 805.1325192440527, "epsilon": 0.592070835133909, "gamma": 13.468589091048337}}
{"target": 80.62579841381371, "params": {"C": 5737.595839313206, "epsilon": 111.98325203325038, "gamma": 335.4514631848002}}
{"target": 22.926834578911297, "params": {"C": 14.293800160265889, "epsilon": 0.7209947482903426, "gamma": 189.25816977248132}}
{"target": 22.296595244449975, "params": {"C": 617.3202545452247, "epsilon": 13.56100855435896, "gamma": 121.19223707521428}}
{"target": 17.361419046681775, "params": {"C": 47.793600468874736, "epsilon": 1.1932702673183382, "gamma": 71.70593555355795}}
{"target": 20.72310518792013, "params": {"C": 51.48642228656399, "epsilon": 19.14294534255544, "gamma": 41.485224950977155}}
{"target": 21.36141201355357, "params": {"C": 1157.6583374525828, "epsilon": 12.421000642895203, "gamma": 66.38372240224258}}
{"target": 24.595678425258555, "params": {"C": 8.279719694244747, "epsilon": 1.220852990626193, "gamma": 136.69854366258966}}
{"target": 43.14358206569195, "params": {"C": 6.30389681989422, "epsilon": 25.66220641811916, "gamma": 17.550748980420302}}
{"target": 44.71848919307031, "params": {"C": 45.28080038837365, "epsilon": 26.71811883739889, "gamma": 10.84658632141415}}
{"target": 36.81287610723906, "params": {"C": 1.813208533543957, "epsilon": 12.077595382794616, "gamma": 98.66539296267635}}
{"target": 25.399726236618402, "params": {"C": 7.544117770537866, "epsilon": 13.03092824644931, "gamma": 42.537586652466736}}
{"target": 31.02555613717031, "params": {"C": 87.42837870416706, "epsilon": 0.3982552170524006, "gamma": 18.11582598227662}}
{"target": 26.746016172665794, "params": {"C": 703.4573397939278, "epsilon": 0.32096157385429647, "gamma": 180.6478178799307}}
{"target": 20.202979609292232, "params": {"C": 19.01570610241896, "epsilon": 3.1273233315302744, "gamma": 55.82829378150372}}
{"target": 72.05869114480707, "params": {"C": 5975.470256612135, "epsilon": 98.31591475968642, "gamma": 196.28356360668957}}
{"target": 40.70692012781908, "params": {"C": 1.3443434529103229, "epsilon": 14.212498677434223, "gamma": 71.10371390918432}}
{"target": 30.347334647676764, "params": {"C": 1180.6389469617784, "epsilon": 26.3963434162751, "gamma": 110.8369621075856}}
{"target": 44.515122253840936, "params": {"C": 13.841576720228346, "epsilon": 2.550384638242903, "gamma": 8.209573343203616}}
{"target": 17.508597388421855, "params": {"C": 55.16690635824827, "epsilon": 0.17963391427637854, "gamma": 67.51481404396802}}
{"target": 33.0274014690077, "params": {"C": 1726.1510245655527, "epsilon": 35.599888976486966, "gamma": 179.8208561916256}}
{"target": 17.70354419641721, "params": {"C": 885.406549549787, "epsilon": 0.05518299671522431, "gamma": 42.01831568183828}}
{"target": 24.92818729768242, "params": {"C": 1201.75897137524, "epsilon": 15.224045101827421, "gamma": 140.77465667212078}}
{"target": 60.68332963567923, "params": {"C": 0.4302169836523717, "epsilon": 67.85491875903514, "gamma": 235.97957528921344}}
{"target": 20.0158718783518, "params": {"C": 1389.8342833569195, "epsilon": 14.343278581356648, "gamma": 76.42209420224167}}
{"target": 27.7300057213453, "params": {"C": 4.9959642429955124, "epsilon": 0.9549890139943124, "gamma": 123.99903765669313}}
{"target": 19.42369347886685, "params": {"C": 679.327771726914, "epsilon": 12.815462438536635, "gamma": 64.57405798839103}}
{"target": 58.90460266392877, "params": {"C": 1850.3284593181352, "epsilon": 0.8051720266455866, "gamma": 3.6202115106129114}}
{"target": 66.81845208050485, "params": {"C": 4718.960708193813, "epsilon": 90.88607683317883, "gamma": 120.54563282931286}}
{"target": 34.21772850698985, "params": {"C": 3884.057905313849, "epsilon": 5.859906897710822, "gamma": 306.183554578535}}
{"target": 26.625884809482557, "params": {"C": 941.4383290162029, "epsilon": 0.15603754161554367, "gamma": 155.47481799969418}}
{"target": 22.333374006597488, "params": {"C": 617.1999644508526, "epsilon": 14.43266859954791, "gamma": 134.95586908538758}}
{"target": 27.13862002170156, "params": {"C": 638.0784890361654, "epsilon": 22.7039166231524, "gamma": 184.5001916152429}}
{"target": 24.635498805172585, "params": {"C": 5.952143039419511, "epsilon": 1.9469468840468447, "gamma": 73.88619489770969}}
{"target": 54.66461454487288, "params": {"C": 740.8536171587483, "epsilon": 13.231568549103951, "gamma": 3.4363008955648624}}
{"target": 83.457624776086, "params": {"C": 4554.688871246247, "epsilon": 119.32502697341846, "gamma": 167.27133228969888}}
{"target": 21.923205641695823, "params": {"C": 1280.6682143562768, "epsilon": 0.44095963179366826, "gamma": 68.2717175619508}}
{"target": 21.118068892476835, "params": {"C": 758.4303082346279, "epsilon": 13.945167897415587, "gamma": 95.57975151142983}}
{"target": 23.877794490907487, "params": {"C": 1328.2941729126705, "epsilon": 9.897503516602564, "gamma": 88.26705068761898}}
{"target": 21.84165531722803, "params": {"C": 1655.1848562152402, "epsilon": 0.21025576759704645, "gamma": 55.08176137176335}}
{"target": 23.48202683650654, "params": {"C": 682.3304112852868, "epsilon": 28.83677559773447, "gamma": 55.72317009259148}}
{"target": 26.469239573688277, "params": {"C": 779.6405100576078, "epsilon": 29.618942682078995, "gamma": 89.78330607978889}}
{"target": 21.44069765670288, "params": {"C": 798.7651648885331, "epsilon": 0.37381760607765113, "gamma": 81.22298511572882}}
{"target": 23.039342421872956, "params": {"C": 1129.0251599724668, "epsilon": 0.5240337594151041, "gamma": 81.14034779818232}}
{"target": 21.39565990823389, "params": {"C": 642.2955766174462, "epsilon": 0.5083940095040869, "gamma": 94.67337271661572}}
{"target": 44.70137312609877, "params": {"C": 4721.878948736539, "epsilon": 31.883144653690117, "gamma": 292.1842830163069}}
{"target": 47.72690473807026, "params": {"C": 556.3327273716118, "epsilon": 1.2862568531321874, "gamma": 1.7071130664459133}}
{"target": 20.011324060837154, "params": {"C": 661.3410655829716, "epsilon": 15.788056082028369, "gamma": 76.68586063157473}}
{"target": 25.069489153309597, "params": {"C": 1048.580944736254, "epsilon": 0.1687201197097492, "gamma": 129.42806992296897}}
{"target": 19.09208532569321, "params": {"C": 23.155377472157063, "epsilon": 0.5851297646481854, "gamma": 92.62681439911835}}
{"target": 18.197480915428713, "params": {"C": 918.7836427015675, "epsilon": 0.47399904310406865, "gamma": 51.534501093719456}}
{"target": 20.63635006756792, "params": {"C": 539.2018882391887, "epsilon": 14.600524982105672, "gamma": 85.7890935096041}}
{"target": 48.251614696668014, "params": {"C": 2632.661347122443, "epsilon": 35.07010238224444, "gamma": 410.8627861063129}}
{"target": 19.516526775427227, "params": {"C": 599.1595510301015, "epsilon": 10.103815919477169, "gamma": 66.35888614806939}}
{"target": 19.603809474180434, "params": {"C": 469.6444423702657, "epsilon": 15.633550000378115, "gamma": 47.422857315811775}}
{"target": 22.658645643519375, "params": {"C": 33.67598406128954, "epsilon": 18.644285850784968, "gamma": 101.00797169618625}}
{"target": 22.78770831747705, "params": {"C": 34.7756982096365, "epsilon": 16.139644932463913, "gamma": 26.67592304576781}}
{"target": 49.620569665681636, "params": {"C": 0.48372382866469366, "epsilon": 0.3312634189889969, "gamma": 31.80995065453419}}
{"target": 28.30950235423012, "params": {"C": 7.4270049031172505, "epsilon": 15.392591343771592, "gamma": 140.69153708934604}}
{"target": 53.34805125108861, "params": {"C": 0.27050755077927136, "epsilon": 26.080578701382578, "gamma": 86.58444587383609}}
{"target": 18.44074391062974, "params": {"C": 46.015415197908766, "epsilon": 0.03841972662186377, "gamma": 137.9730360454927}}
{"target": 16.946434482282516, "params": {"C": 582.5815905384973, "epsilon": 0.3103559665475698, "gamma": 46.52627198160785}}
{"target": 50.94801110792589, "params": {"C": 4157.865374602253, "epsilon": 55.78722517721305, "gamma": 452.0788526798748}}
{"target": 26.230529504281613, "params": {"C": 6.015394328759115, "epsilon": 1.4050438762571944, "gamma": 37.9113719706062}}
{"target": 20.910589089184064, "params": {"C": 1000.3300197418423, "epsilon": 0.19400660095581979, "gamma": 68.35197788928112}}
{"target": 22.18660455658037, "params": {"C": 586.2175702065855, "epsilon": 12.157639588916531, "gamma": 106.66040211229392}}
{"target": 41.53743206935198, "params": {"C": 9.638390337743289, "epsilon": 17.497604036939922, "gamma": 13.99048799643893}}
{"target": 20.307808934797684, "params": {"C": 701.5142321022669, "epsilon": 0.1470809169555799, "gamma": 64.82251645797002}}
{"target": 19.94421841044857, "params": {"C": 14.929258005115173, "epsilon": 0.9540870325976398, "gamma": 81.04776809311666}}
{"target": 20.45477201987322, "params": {"C": 660.2111264693842, "epsilon": 13.69535228542323, "gamma": 77.3477203888656}}
{"target": 25.643278104521027, "params": {"C": 714.3647348318889, "epsilon": 13.110351645935983, "gamma": 192.16851585512936}}
{"target": 22.664516652503785, "params": {"C": 735.7739045510833, "epsilon": 14.31902415008695, "gamma": 128.64673786874746}}
{"target": 20.41775713239415, "params": {"C": 26.329412256668014, "epsilon": 0.6284607708989967, "gamma": 163.02841064013518}}
{"target": 21.430920735296446, "params": {"C": 1204.1684053470883, "epsilon": 0.04563510263962772, "gamma": 69.05189684951986}}
{"target": 22.8783996222368, "params": {"C": 663.4336138701399, "epsilon": 12.13794579963217, "gamma": 149.2458271880895}}
{"target": 22.99341867891307, "params": {"C": 618.3492818007219, "epsilon": 11.539661241852064, "gamma": 133.7104575427457}}
{"target": 22.387380914690958, "params": {"C": 520.2218296051959, "epsilon": 15.728124279947115, "gamma": 121.6067142034918}}
{"target": 22.83737451646251, "params": {"C": 10.79535654737856, "epsilon": 0.5229224587149415, "gamma": 115.7824816080273}}
{"target": 18.249516059608684, "params": {"C": 559.5484067276586, "epsilon": 13.929521119187452, "gamma": 58.08004536594504}}
{"target": 29.720124155159823, "params": {"C": 649.1763045483768, "epsilon": 27.1067559512585, "gamma": 166.68205440843434}}
{"target": 32.54661880656804, "params": {"C": 5.5982512356657566, "epsilon": 23.236975244359407, "gamma": 110.45871585371185}}
{"target": 81.26984577663463, "params": {"C": 3504.2758546795912, "epsilon": 116.93664722902429, "gamma": 66.87869097467464}}
{"target": 25.205870370646377, "params": {"C": 7.126610848562564, "epsilon": 12.23139126431745, "gamma": 49.4452055927204}}
{"target": 36.77393284201136, "params": {"C": 8.358167974471627, "epsilon": 14.508159352898193, "gamma": 19.41436830328501}}
{"target": 18.739717398448505, "params": {"C": 457.1073783002205, "epsilon": 15.487553784133993, "gamma": 67.23943752935902}}
{"target": 53.95329384089405, "params": {"C": 610.1178442873145, "epsilon": 17.300751279113378, "gamma": 3.9645898131056754}}
{"target": 32.907553284546296, "params": {"C": 1352.1886968886367, "epsilon": 21.420539947883338, "gamma": 14.7177924592594}}
{"target": 23.78251722056078, "params": {"C": 844.5336892124401, "epsilon": 26.512399700682547, "gamma": 48.409675039597886}}
{"target": 23.893766395333664, "params": {"C": 622.9665713417915, "epsilon": 24.337557485881806, "gamma": 60.339163227589346}}
{"target": 18.373817215515984, "params": {"C": 31.126130630685537, "epsilon": 2.1254247093306726, "gamma": 60.104410169343645}}
{"target": 47.531595504734845, "params": {"C": 10.3345948008307, "epsilon": 13.572201965363856, "gamma": 4.006591795125232}}
{"target": 22.55617645956805, "params": {"C": 1336.7548542564232, "epsilon": 12.366912787707491, "gamma": 21.175213741210058}}
{"target": 20.638970331196138, "params": {"C": 481.8425687337551, "epsilon": 0.08310523144516557, "gamma": 98.36638631314321}}
{"target": 23.130668874250027, "params": {"C": 948.0939222191006, "epsilon": 0.307104244046435, "gamma": 102.81539064388511}}
{"target": 23.38768772486342, "params": {"C": 12.057718331746031, "epsilon": 14.165846130925585, "gamma": 105.20521037659358}}
{"target": 23.46184224208041, "params": {"C": 7.885184347608941, "epsilon": 0.32860007057117846, "gamma": 51.46098187625133}}
{"target": 21.87249499196262, "params": {"C": 1428.9579905234325, "epsilon": 0.0994163094675634, "gamma": 67.09412607079611}}
{"target": 21.320590871228802, "params": {"C": 715.3268214381113, "epsilon": 13.671106425715218, "gamma": 93.03404505153466}}
{"target": 22.019032774363403, "params": {"C": 646.2977899469536, "epsilon": 0.4298233778773295, "gamma": 120.48365149047706}}
{"target": 21.15894686413617, "params": {"C": 724.7035879686787, "epsilon": 12.074646643097267, "gamma": 73.50850627216784}}
{"target": 30.511963466741342, "params": {"C": 1549.9847931753402, "epsilon": 7.549769927776916, "gamma": 188.94204775481788}}
{"target": 76.90471105385184, "params": {"C": 3319.634578037213, "epsilon": 106.95308115916924, "gamma": 165.65137098089627}}
{"target": 72.04871180116122, "params": {"C": 1031.5991321718204, "epsilon": 96.81604487988699, "gamma": 299.38293330947096}}
{"target": 24.38012739791934, "params": {"C": 6.427662267111501, "epsilon": 1.6619480320098137, "gamma": 74.78022941103178}}
{"target": 24.919817471202272, "params": {"C": 21.04231033669052, "epsilon": 21.391442403085772, "gamma": 107.44251876472137}}
{"target": 83.43988619511013, "params": {"C": 452.79406333604175, "epsilon": 117.13496586875887, "gamma": 451.7629238762938}}
{"target": 31.13768709870136, "params": {"C": 1391.3744096049104, "epsilon": 1.4256288631488123, "gamma": 170.74759458297052}}
{"target": 25.7913578995723, "params": {"C": 1977.4639623682267, "epsilon": 27.047577264749947, "gamma": 53.03909034038481}}
{"target": 17.363780684193458, "params": {"C": 46.61219909325362, "epsilon": 0.8635758063691369, "gamma": 93.25323053033941}}
{"target": 27.915737060683625, "params": {"C": 1366.4659078355194, "epsilon": 12.626419556366951, "gamma": 204.4763562877204}}
{"target": 27.851556520321587, "params": {"C": 108.34746463930107, "epsilon": 29.290608423779272, "gamma": 145.7299901465351}}
{"target": 28.99677909068033, "params": {"C": 1502.8632235060404, "epsilon": 9.520158322457895, "gamma": 159.86971004278357}}
{"target": 57.52183223616892, "params": {"C": 1009.692857006085, "epsilon": 12.525273951149853, "gamma": 4.332901258851734}}
{"target": 20.989668871706634, "params": {"C": 672.517295579119, "epsilon": 13.423028456277152, "gamma": 94.96823811302987}}
{"target": 19.67042922518818, "params": {"C": 759.5403419536261, "epsilon": 15.26133527516485, "gamma": 43.429944892445505}}
{"target": 27.692062802169396, "params": {"C": 2362.4376881957396, "epsilon": 3.3741154148744963, "gamma": 114.98795148970802}}
{"target": 28.385035841642814, "params": {"C": 8.16605675440971, "epsilon": 21.07632781481116, "gamma": 71.20537106913004}}
{"target": 18.19424372530384, "params": {"C": 494.7620668273368, "epsilon": 13.195048370231259, "gamma": 55.47861393659089}}
{"target": 19.22693486128392, "params": {"C": 708.842160164319, "epsilon": 13.361921550029113, "gamma": 39.61655391953375}}
{"target": 47.3677863329721, "params": {"C": 5757.718868049833, "epsilon": 32.45113251447129, "gamma": 395.76054560618087}}
{"target": 20.91566320132212, "params": {"C": 26.71619281776617, "epsilon": 14.783910503637989, "gamma": 74.03151501819615}}
{"target": 27.39593504386811, "params": {"C": 1150.1394674686019, "epsilon": 22.463621531741566, "gamma": 140.20065809207705}}
{"target": 23.233199593140668, "params": {"C": 946.1432543910638, "epsilon": 0.08506897802322663, "gamma": 117.50697112386416}}
