{"target": 18.908598435682446, "params": {"C": 152.66038653278432, "epsilon": 0.9435598706686716, "gamma": 121.4584728917626}}
{"target": 17.264129058303087, "params": {"C": 221.23588237750658, "epsilon": 0.3773231266984485, "gamma": 73.18650952280677}}
{"target": 19.763449468533203, "params": {"C": 741.9793260175304, "epsilon": 13.165972961534242, "gamma": 65.73662056891831}}
{"target": 24.36919678661222, "params": {"C": 705.4106362833738, "epsilon": 27.346254929830707, "gamma": 61.47925056812587}}
{"target": 26.54980009818998, "params": {"C": 719.9724650935887, "epsilon": 30.045146413169036, "gamma": 99.88463578518576}}
{"target": 24.96564417715389, "params": {"C": 1015.8956941117107, "epsilon": 33.8717681531149, "gamma": 47.522343759979606}}
{"target": 28.152549346131373, "params": {"C": 6.802003390779049, "epsilon": 14.696430171989956, "gamma": 131.9369974894234}}
{"target": 23.967353883063762, "params": {"C": 68.17478042579539, "epsilon": 19.66893404565519, "gamma": 183.56958506183054}}
{"target": 18.3677696805408, "params": {"C": 83.8888091519704, "epsilon": 0.3180978032094848, "gamma": 170.05255173257876}}
{"target": 23.393212080244588, "params": {"C": 609.2355624916262, "epsilon": 18.1364348746582, "gamma": 144.9674357263367}}
{"target": 20.63822007197406, "params": {"C": 35.571141644980514, "epsilon": 17.524168920733366, "gamma": 63.92438303687254}}
{"target": 17.051843110785533, "params": {"C": 647.8191245319966, "epsilon": 0.8267834242247063, "gamma": 48.572508194770634}}
{"target": 25.659164566903193, "params": {"C": 783.9797529187184, "epsilon": 14.722803098256149, "gamma": 201.2551886989964}}
{"target": 18.71743141296674, "params": {"C": 837.1381591887664, "epsilon": 15.392106440409593, "gamma": 54.45410995720759}}
{"target": 21.236874703363963, "params": {"C": 1157.9649366267786, "epsilon": 0.14871130805530175, "gamma": 67.16153801052126}}
{"target": 19.28206192260351, "params": {"C": 475.6160048710991, "epsilon": 0.10616564346221824, "gamma": 38.09339462312404}}
{"target": 24.388657864531556, "params": {"C": 774.2553707021134, "epsilon": 17.499080732536495, "gamma": 138.30907440867395}}
{"target": 20.293034685061343, "params": {"C": 754.2353091952192, "epsilon": 15.940955222093056, "gamma": 85.15879542744177}}
{"target": 43.637440962540296, "params": {"C": 0.8576608291280934, "epsilon": 0.8826291392371148, "gamma": 139.02207264466904}}
{"target": 22.763861575215735, "params": {"C": 1803.8545468916507, "epsilon": 0.12352261559925379, "gamma": 67.38847314684668}}
{"target": 50.56690649832695, "params": {"C": 282.72937603668413, "epsilon": 0.4205819919308056, "gamma": 10.971096385797125}}
{"target": 32.93724944249145, "params": {"C": 3.348573578343945, "epsilon": 18.223783140865304, "gamma": 91.80431718566511}}
{"target": 25.467969533847185, "params": {"C": 5.1371515527726785, "epsilon": 0.3682817205799611, "gamma": 60.68949514863726}}
{"target": 59.355861607643746, "params": {"C": 727.8164012697378, "epsilon": 14.073741475133666, "gamma": 6.352962246843958}}
{"target": 19.639180624661925, "params": {"C": 61.547245350606445, "epsilon": 1.1605575958530345, "gamma": 38.46760587596368}}
{"target": 21.748516994214686, "params": {"C": 1323.8481378851438, "epsilon": 0.42118103363137716, "gamma": 61.26570882086319}}
{"target": 46.5752766873448, "params": {"C": 91.3460903812692, "epsilon": 2.703840805015883, "gamma": 3.1119224776146197}}
{"target": 20.71492805246761, "params": {"C": 884.4831800769196, "epsilon": 0.25298653558677353, "gamma": 62.19432065904876}}
{"target": 46.97420038357309, "params": {"C": 11.525247492281835, "epsilon": 3.390547800991547, "gamma": 4.494504628682179}}
{"target": 23.66877244160142, "params": {"C": 900.8162939574354, "epsilon": 11.88184258734762, "gamma": 125.50653798600159}}
{"target": 18.15136857686114, "params": {"C": 182.40653619006844, "epsilon": 0.22746808376659655, "gamma": 85.28646156320386}}
{"target": 22.856410006694208, "params": {"C": 655.6738387843593, "epsilon": 1.0701917895637743, "gamma": 139.48580979449534}}
{"target": 20.411733956295436, "params": {"C": 694.9353933482907, "epsilon": 0.46712903981432596, "gamma": 73.16734122320187}}
{"target": 23.72304023084117, "params": {"C": 1130.8272663177263, "epsilon": 12.56532337289773, "gamma": 114.78437094472034}}
{"target": 19.722599162918776, "params": {"C": 769.1016094307769, "epsilon": 15.598108031917054, "gamma": 80.63582946307542}}
{"target": 21.35133385502458, "params": {"C": 668.7356245135247, "epsilon": 0.38642533309612337, "gamma": 89.4294326055204}}
{"target": 28.579731310072003, "params": {"C": 81.35573281187692, "epsilon": 36.21243862863588, "gamma": 79.9634192451893}}
{"target": 25.151379467877494, "params": {"C": 9.210322129379911, "epsilon": 11.777269501240124, "gamma": 126.65702167462655}}
{"target": 22.33495810677123, "params": {"C": 665.8566670184671, "epsilon": 13.540016944046585, "gamma": 119.46324252167454}}
{"target": 26.338151582766812, "params": {"C": 152.67185621676398, "epsilon": 33.14414449129674, "gamma": 82.62704016971327}}
{"target": 22.300295670608005, "params": {"C": 12.610795641259372, "epsilon": 0.905467277103873, "gamma": 136.61230554140673}}
{"target": 21.520657416027298, "params": {"C": 30.810481053176773, "epsilon": 15.4527142883606, "gamma": 33.103372531547166}}
{"target": 18.42915406688338, "params": {"C": 89.2220981099233, "epsilon": 12.130222607038387, "gamma": 67.23189175069284}}
{"target": 21.376007981952583, "params": {"C": 69.18336371963036, "epsilon": 18.947527236664243, "gamma": 82.77473729605683}}
{"target": 78.4407149023809, "params": {"C": 4253.129241031886, "epsilon": 110.12189621249325, "gamma": 136.39401260301105}}
{"target": 26.14461153727774, "params": {"C": 790.7071865159364, "epsilon": 0.048116482226914226, "gamma": 158.15412617328525}}
{"target": 22.138600202913427, "params": {"C": 1475.0440377073915, "epsilon": 18.42125099577293, "gamma": 60.74286563644974}}
{"target": 53.926700019274755, "params": {"C": 654.2968275704037, "epsilon": 22.24421718256376, "gamma": 3.7703557868074284}}
{"target": 26.571676318154424, "params": {"C": 1126.4810594058708, "epsilon": 0.07099767035648741, "gamma": 140.91510791935588}}
{"target": 69.65097001750614, "params": {"C": 649.6772722200524, "epsilon": 30.66726061438021, "gamma": 9.914217934751647}}
{"target": 19.305660946299284, "params": {"C": 16.87592185433921, "epsilon": 0.12457440305202572, "gamma": 78.62249767061277}}
{"target": 62.03338994370705, "params": {"C": 623.0770745454715, "epsilon": 21.225629445442326, "gamma": 7.679839180827393}}
{"target": 17.424768876681973, "params": {"C": 70.19864495758245, "epsilon": 1.4571511095993857, "gamma": 111.94213548142841}}
{"target": 19.9833461603682, "params": {"C": 428.3106806926267, "epsilon": 0.2713496101745131, "gamma": 80.71721474483991}}
{"target": 26.345387388499347, "params": {"C": 11.100531616368542, "epsilon": 16.241641808025122, "gamma": 28.938064816986042}}
{"target": 20.37006647189831, "params": {"C": 15.166639205555398, "epsilon": 2.6478941492272203, "gamma": 65.32242749714068}}
{"target": 23.256712839533243, "params": {"C": 1167.0180307608368, "epsilon": 0.028426761894656205, "gamma": 107.23846651546576}}
{"target": 29.07230109127702, "params": {"C": 763.8262204407232, "epsilon": 0.6122131235926609, "gamma": 15.415737100000811}}
{"target": 19.321123954492812, "params": {"C": 1456.8201853368464, "epsilon": 12.845620913288613, "gamma": 52.270650107967334}}
{"target": 16.63378393173837, "params": {"C": 428.1127063410373, "epsilon": 0.16403987037315115, "gamma": 49.994771682284075}}
{"target": 20.74770891593345, "params": {"C": 743.3646482214001, "epsilon": 14.739734137739722, "gamma": 91.87998945553055}}
{"target": 24.41191284479916, "params": {"C": 819.7819463532464, "epsilon": 16.597863817367397, "gamma": 144.77670251495397}}
{"target": 28.484764770965814, "params": {"C": 5.847578463390548, "epsilon": 14.84465105614118, "gamma": 114.98519308346133}}
{"target": 22.892201355532773, "params": {"C": 761.249856116207, "epsilon": 0.5179445584313034, "gamma": 102.61152143726844}}
{"target": 20.92996139879756, "params": {"C": 783.6784102376279, "epsilon": 18.786993156759976, "gamma": 59.11959221268956}}
{"target": 21.19948573657006, "params": {"C": 950.432550148188, "epsilon": 18.306728994469808, "gamma": 52.071291862046046}}
{"target": 19.318425416447457, "params": {"C": 742.2575804527055, "epsilon": 16.29379505691115, "gamma": 61.92741757608785}}
{"target": 20.754995804213735, "params": {"C": 685.3381437375153, "epsilon": 16.738404380513103, "gamma": 39.79167742618914}}
{"target": 21.7395031743392, "params": {"C": 1718.376439809064, "epsilon": 11.59750608020677, "gamma": 56.671167940158504}}
{"target": 62.4868581041513, "params": {"C": 1538.5640210704642, "epsilon": 14.03993473482754, "gamma": 9.74482852020995}}
{"target": 19.445003576506934, "params": {"C": 1646.303885715173, "epsilon": 16.51068847126394, "gamma": 84.17373410651746}}
{"target": 45.33385845443086, "params": {"C": 33.57060876090309, "epsilon": 15.868314622862366, "gamma": 8.501629831597526}}
{"target": 22.94928883116698, "params": {"C": 1745.9535911247156, "epsilon": 14.677969789019679, "gamma": 31.116789067383095}}
{"target": 29.423454141135682, "params": {"C": 3.8817078403276497, "epsilon": 1.2361731057486718, "gamma": 133.05722932665452}}
{"target": 22.33534753977712, "params": {"C": 12.714040238674613, "epsilon": 11.635217527333646, "gamma": 62.49363465559674}}
{"target": 55.714155927657075, "params": {"C": 578.8253397541466, "epsilon": 0.6921192935831215, "gamma": 8.779804945850998}}
{"target": 17.895696718572154, "params": {"C": 1307.4767584691285, "epsilon": 1.3125069957504754, "gamma": 39.85761825552087}}
{"target": 23.25802606251067, "params": {"C": 957.2401035399346, "epsilon": 0.15776269941933452, "gamma": 119.46302348289457}}
{"target": 21.261694181483087, "params": {"C": 482.7125229353919, "epsilon": 0.577965700819247, "gamma": 34.634056075102976}}
{"target": 21.885906099445208, "params": {"C": 691.9129877223747, "epsilon": 13.24268857070516, "gamma": 106.23754603818824}}
{"target": 22.657136064266744, "params": {"C": 27.284579904176212, "epsilon": 20.63874006405431, "gamma": 63.656672297539934}}
{"target": 22.722346501510785, "params": {"C": 1150.2854200550457, "epsilon": 0.03209748540019547, "gamma": 18.092713802973194}}
{"target": 18.872960551126713, "params": {"C": 217.97703933381305, "epsilon": 0.46328706262466024, "gamma": 86.63425804204331}}
{"target": 22.211428524001043, "params": {"C": 1338.743761107363, "epsilon": 0.43684117862501504, "gamma": 27.58748426503194}}
{"target": 44.4337530193004, "params": {"C": 28.923899202440545, "epsilon": 9.966094262372884, "gamma": 8.522186792989629}}
{"target": 53.30330523399384, "params": {"C": 799.9932013223138, "epsilon": 1.9582422218366051, "gamma": 3.3347129860372746}}
{"target": 21.40093304605625, "params": {"C": 719.9939988793669, "epsilon": 1.2167619979658884, "gamma": 75.9940552232529}}
{"target": 17.387940479648073, "params": {"C": 745.1645969038465, "epsilon": 10.790390516187145, "gamma": 47.557035969386995}}
{"target": 22.867844972939178, "params": {"C": 712.7218301918657, "epsilon": 14.994918711931144, "gamma": 153.49097035860893}}
{"target": 33.63118381657677, "params": {"C": 2337.7477612237913, "epsilon": 2.1875095594406986, "gamma": 270.1274173462816}}
{"target": 22.345919909146385, "params": {"C": 924.1866440238423, "epsilon": 0.4553496379680765, "gamma": 84.22618546603805}}
{"target": 26.21278458754105, "params": {"C": 13.11311833803849, "epsilon": 22.052616058684436, "gamma": 75.65071556168321}}
{"target": 30.957930641288804, "params": {"C": 19.88916709931047, "epsilon": 29.39412724634439, "gamma": 154.95342098026376}}
{"target": 23.316909134847894, "params": {"C": 612.4358890140841, "epsilon": 18.08428677665409, "gamma": 124.20826091288515}}
{"target": 19.864596942929047, "params": {"C": 778.461590455534, "epsilon": 16.656735252666362, "gamma": 78.30524398268668}}
{"target": 20.68153065297712, "params": {"C": 652.5574856906616, "epsilon": 12.64160625283749, "gamma": 86.20312815621372}}
{"target": 19.20499606572618, "params": {"C": 391.13003214152377, "epsilon": 14.597543466071304, "gamma": 77.7502780567586}}
{"target": 19.51196186311781, "params": {"C": 61.63737790383724, "epsilon": 15.337511970268277, "gamma": 63.38381407635944}}
{"target": 20.03546419715081, "params": {"C": 130.00713544214904, "epsilon": 0.13408791408284682, "gamma": 219.21635059368975}}
{"target": 50.12602062490426, "params": {"C": 604.7126673241105, "epsilon": 16.142007068084173, "gamma": 2.0476493021196873}}
{"target": 21.399515237751203, "params": {"C": 309.95488963707817, "epsilon": 0.15291890219908943, "gamma": 20.861234211563872}}
{"target": 19.406930703520125, "params": {"C": 23.813589921222146, "epsilon": 6.373375783827926, "gamma": 81.76809850122216}}
{"target": 17.277823173275987, "params": {"C": 43.94104816236239, "epsilon": 1.3884948950667826, "gamma": 84.49014103434268}}
{"target": 19.26634546108231, "params": {"C": 189.30706578366875, "epsilon": 0.8837483564460531, "gamma": 40.9663697666398}}
{"target": 21.180299132639377, "params": {"C": 525.7356869039195, "epsilon": 1.2586208883304257, "gamma": 99.4997419786771}}
{"target": 18.10821090150585, "params": {"C": 35.817562892128024, "epsilon": 0.5278610704367416, "gamma": 68.88524025554555}}
{"target": 19.666493613988113, "params": {"C": 342.45771940964426, "epsilon": 0.6282340755863842, "gamma": 90.95956826027859}}
{"target": 22.001935351647226, "params": {"C": 47.61716770876545, "epsilon": 12.585966798613208, "gamma": 123.49695039420664}}
{"target": 21.11048647308097, "params": {"C": 25.219458589128763, "epsilon": 11.072827322665303, "gamma": 124.18401353943378}}
{"target": 16.055629425328604, "params": {"C": 101.20998180660914, "epsilon": 0.9120949286166793, "gamma": 79.01831341099066}}
{"target": 27.21741565033153, "params": {"C": 1784.7705428708105, "epsilon": 24.674198438589194, "gamma": 160.78406309942727}}
{"target": 35.90717930209079, "params": {"C": 1.9992068382277495, "epsilon": 13.168060245123305, "gamma": 64.59434239964573}}
{"target": 17.26721749219732, "params": {"C": 57.151123623093696, "epsilon": 0.08426673285817055, "gamma": 77.60319752071676}}
{"target": 24.26145587163658, "params": {"C": 801.017969080978, "epsilon": 10.495122134445193, "gamma": 144.1296429551512}}
{"target": 16.666089874358235, "params": {"C": 78.71531499147294, "epsilon": 0.3098047247585879, "gamma": 71.99973585422211}}
{"target": 20.35355304589148, "params": {"C": 155.1709099269096, "epsilon": 0.5475453960886374, "gamma": 31.272094051874156}}
{"target": 48.47129524049054, "params": {"C": 26.04797376685582, "epsilon": 21.81554394952588, "gamma": 1.0732973944083284}}
{"target": 25.318219038380043, "params": {"C": 15.099391959533165, "epsilon": 18.770602171632877, "gamma": 117.9233461209187}}
{"target": 33.273126652418824, "params": {"C": 3272.3144229144673, "epsilon": 8.083536689202546, "gamma": 365.2778688550502}}
{"target": 16.69998407733231, "params": {"C": 154.81128764755616, "epsilon": 0.16251857075994702, "gamma": 78.70534360553464}}
{"target": 22.642555921873644, "params": {"C": 385.95364985731584, "epsilon": 0.05634911344363247, "gamma": 172.6670253172619}}
{"target": 19.96151208484451, "params": {"C": 618.6403328233093, "epsilon": 0.1566439766749781, "gamma": 67.06707498085893}}
{"target": 24.800785138331612, "params": {"C": 803.991000545149, "epsilon": 19.576677122401215, "gamma": 105.60555688671305}}
{"target": 21.964870237922117, "params": {"C": 810.553481412239, "epsilon": 0.25908554872177564, "gamma": 92.31448389075994}}
{"target": 20.753222440737893, "params": {"C": 383.2680755493616, "epsilon": 0.23162305921454562, "gamma": 146.65888552566804}}
{"target": 36.521041724005826, "params": {"C": 5934.834926885557, "epsilon": 6.530949476348141, "gamma": 465.3547647825232}}
{"target": 22.67215878997122, "params": {"C": 752.2909637435131, "epsilon": 1.502919840876285, "gamma": 114.91621656895092}}
{"target": 23.647670266684745, "params": {"C": 1019.3308047954449, "epsilon": 0.3341908181795161, "gamma": 122.65887408646925}}
{"target": 49.48968348335948, "params": {"C": 911.9896393602048, "epsilon": 59.111005510627336, "gamma": 226.99857182360006}}
{"target": 18.975623057279794, "params": {"C": 840.0961808021027, "epsilon": 15.912106581537468, "gamma": 60.608973288718815}}
{"target": 23.17901818500297, "params": {"C": 742.2008166148926, "epsilon": 1.2926988190844586, "gamma": 138.03711670366607}}
{"target": 18.943233200376692, "params": {"C": 763.037353206177, "epsilon": 14.412105849828947, "gamma": 43.868431742247665}}
{"target": 22.6697668824953, "params": {"C": 1146.4799916504062, "epsilon": 13.511397092357647, "gamma": 105.66140577356626}}
{"target": 22.600601970983405, "params": {"C": 683.0576872969158, "epsilon": 0.48613571963821034, "gamma": 108.95612567354958}}
{"target": 25.262982196537468, "params": {"C": 696.7258877331603, "epsilon": 27.43699617805123, "gamma": 69.0986352189473}}
{"target": 20.94871903781873, "params": {"C": 24.411951502983584, "epsilon": 13.602123027484334, "gamma": 81.72758667249656}}
{"target": 24.325603115183938, "params": {"C": 1264.4090047270022, "epsilon": 16.454855547688283, "gamma": 127.12801699640286}}
{"target": 21.36029932487978, "params": {"C": 711.6192058732104, "epsilon": 14.791043757580702, "gamma": 107.4524348028118}}
{"target": 25.21511150159773, "params": {"C": 9.534134505640196, "epsilon": 16.57665549333025, "gamma": 88.84072654896303}}
{"target": 22.41576224588189, "params": {"C": 45.959857141054556, "epsilon": 13.105100649837334, "gamma": 163.6912529609615}}
{"target": 18.188921162985793, "params": {"C": 688.9061937167176, "epsilon": 15.29080017522626, "gamma": 58.12148654281889}}
{"target": 46.91603273556305, "params": {"C": 57.04175061977807, "epsilon": 14.391489087078444, "gamma": 6.275419973363924}}
{"target": 16.544742478386105, "params": {"C": 76.45554333150494, "epsilon": 0.3490558763919216, "gamma": 70.21070157210926}}
{"target": 22.551053842709955, "params": {"C": 161.53718234231928, "epsilon": 14.801641199024537, "gamma": 189.28275020296167}}
{"target": 20.097023172687848, "params": {"C": 591.691907872288, "epsilon": 18.090896531361693, "gamma": 63.17362246334849}}
{"target": 37.20248384433823, "params": {"C": 1508.826346791431, "epsilon": 31.952436647484454, "gamma": 343.0648513198075}}
{"target": 30.070131217270706, "params": {"C": 772.8533221041391, "epsilon": 32.3120489615951, "gamma": 128.96758745545773}}
{"target": 21.397612320352973, "params": {"C": 719.3720730067639, "epsilon": 0.047252653952194246, "gamma": 87.44150542418008}}
{"target": 18.57444080560505, "params": {"C": 50.75592081159566, "epsilon": 0.4462883677032905, "gamma": 49.333030474817704}}
{"target": 27.160103117227226, "params": {"C": 31.14813079884871, "epsilon": 30.097621794859215, "gamma": 84.09470676098539}}
{"target": 17.49276654115732, "params": {"C": 116.76917757400487, "epsilon": 0.35554039316222785, "gamma": 95.91657741670022}}
{"target": 17.43325094035599, "params": {"C": 451.547662111809, "epsilon": 0.24425320567374875, "gamma": 55.84298812030375}}
{"target": 22.11198537966198, "params": {"C": 96.49591582471945, "epsilon": 15.419805877676902, "gamma": 156.46344371161996}}
{"target": 22.500533928927823, "params": {"C": 756.8849730238898, "epsilon": 0.021894084872679187, "gamma": 29.296313287988617}}
{"target": 19.75413899094555, "params": {"C": 90.66535273350448, "epsilon": 15.290432529197457, "gamma": 81.97955090297258}}
{"target": 30.890914433110623, "params": {"C": 90.86490790195742, "epsilon": 0.5427724820001802, "gamma": 18.02500387294885}}
{"target": 21.039366517860962, "params": {"C": 549.7826338244687, "epsilon": 0.7532202906633082, "gamma": 86.86476799063648}}
{"target": 20.11382408149074, "params": {"C": 74.08344159149638, "epsilon": 15.522396139476076, "gamma": 87.50364403980586}}
{"target": 18.197461109510094, "params": {"C": 77.92009703758303, "epsilon": 0.32993391093984414, "gamma": 139.95778756484452}}
{"target": 22.29457697988455, "params": {"C": 984.7345502187779, "epsilon": 13.719491061722996, "gamma": 114.73878617326764}}
{"target": 27.960566858487663, "params": {"C": 3149.277022682471, "epsilon": 31.47922502898913, "gamma": 77.71845159743654}}
{"target": 17.642489288985953, "params": {"C": 931.0602954775846, "epsilon": 0.6567743607004299, "gamma": 39.156067968402425}}
{"target": 20.730376223456652, "params": {"C": 49.34766438133195, "epsilon": 16.661544318151307, "gamma": 53.73408708564559}}
{"target": 22.400659652777, "params": {"C": 258.8940168435944, "epsilon": 1.1767683427893383, "gamma": 305.2150651960196}}
{"target": 54.5846534307635, "params": {"C": 98.65759625289093, "epsilon": 62.54615697537898, "gamma": 8.971648669245177}}
{"target": 19.469610783068084, "params": {"C": 794.1625343431655, "epsilon": 15.478500318388578, "gamma": 44.8821386544753}}
{"target": 30.740628050222956, "params": {"C": 3276.971949353236, "epsilon": 8.875622126688164, "gamma": 122.46783123234417}}
{"target": 19.109708153325965, "params": {"C": 736.2426912113328, "epsilon": 13.015314340594896, "gamma": 58.59494483288167}}
{"target": 19.770427715749246, "params": {"C": 799.4322257017375, "epsilon": 13.069062808964272, "gamma": 61.73292469833436}}
{"target": 19.84565905046083, "params": {"C": 792.9902775375533, "epsilon": 0.23469785228622797, "gamma": 58.50544052365762}}
{"target": 20.840841404884337, "params": {"C": 704.0999685252884, "epsilon": 11.884644714081752, "gamma": 72.56829833104189}}
{"target": 27.53888629166935, "params": {"C": 789.4819162866994, "epsilon": 0.3198126624059935, "gamma": 188.95566179195527}}
{"target": 19.444649391672748, "params": {"C": 682.9823555311527, "epsilon": 15.606645504233693, "gamma": 47.83584873302783}}
{"target": 48.41661054415212, "params": {"C": 5974.6581964572615, "epsilon": 3.2743632979690673, "gamma": 0.8755575856461633}}
