{"target": 48.3512085004291, "params": {"C": 74.84612117539159, "epsilon": 30.867520457687053, "gamma": 4.323841999723918}}
{"target": 16.015816285649898, "params": {"C": 83.75054511749329, "epsilon": 2.7026617982282763, "gamma": 72.59246622721592}}
{"target": 17.38838955672653, "params": {"C": 141.50205566122938, "epsilon": 1.1497008936392166, "gamma": 48.604791398719335}}
{"target": 23.42127101022765, "params": {"C": 942.8165006833233, "epsilon": 1.7110542504421193, "gamma": 87.52274929922834}}
{"target": 17.423748738902294, "params": {"C": 44.24249478821496, "epsilon": 0.10473795656351736, "gamma": 91.83903432580834}}
{"target": 17.74553790342247, "params": {"C": 154.45654627532787, "epsilon": 0.7423567516512541, "gamma": 89.8017172272034}}
{"target": 27.443261174607034, "params": {"C": 81.51365841338472, "epsilon": 28.54593873520534, "gamma": 145.7336645897379}}
{"target": 63.68421793325706, "params": {"C": 801.8470755462336, "epsilon": 20.222450456187435, "gamma": 7.582718208357669}}
{"target": 20.74232310418975, "params": {"C": 943.4275701219957, "epsilon": 16.05186625127695, "gamma": 40.61353511765256}}
{"target": 38.5659729637476, "params": {"C": 4562.188784847494, "epsilon": 20.282638123217993, "gamma": 368.31948201952207}}
{"target": 45.024492484065206, "params": {"C": 869.8117580953357, "epsilon": 1.3039064591200717, "gamma": 0.6763792201067176}}
{"target": 23.683908625635063, "params": {"C": 762.3148698478527, "epsilon": 21.321129263518554, "gamma": 83.4633221480861}}
{"target": 20.575872548718966, "params": {"C": 91.65251732926745, "epsilon": 21.374771643373197, "gamma": 28.57196457737485}}
{"target": 19.04093062456075, "params": {"C": 32.62098045967288, "epsilon": 0.16481013600044037, "gamma": 47.029246615566464}}
{"target": 18.560118720134575, "params": {"C": 51.27537343802595, "epsilon": 0.8769298454298162, "gamma": 50.89694185266584}}
{"target": 17.519485138703402, "params": {"C": 164.09216920060317, "epsilon": 1.248744102256629, "gamma": 47.162711458325006}}
{"target": 20.52465143903732, "params": {"C": 13.779905218713992, "epsilon": 0.34002848655635765, "gamma": 51.89114539083071}}
{"target": 39.169165654466475, "params": {"C": 4955.770265059927, "epsilon": 35.54357841989232, "gamma": 256.2901949025219}}
{"target": 24.47089945741337, "params": {"C": 96.42958769458211, "epsilon": 23.052834610006613, "gamma": 125.44746288887465}}
{"target": 48.50091439878881, "params": {"C": 5.504258428972406, "epsilon": 2.815370356713932, "gamma": 4.605121365476478}}
{"target": 69.70734257623363, "params": {"C": 3447.4070450906283, "epsilon": 94.05018631395725, "gamma": 236.86255964111788}}
{"target": 31.16424440388294, "params": {"C": 9.101853452702699, "epsilon": 23.966252010490322, "gamma": 129.47355476522375}}
{"target": 21.96394961302683, "params": {"C": 819.1667091243025, "epsilon": 1.7438605465608672, "gamma": 79.72967643866161}}
{"target": 46.24233125807199, "params": {"C": 1986.3776920424536, "epsilon": 44.42188056517211, "gamma": 388.4358433086736}}
{"target": 21.09495820914284, "params": {"C": 838.7464155045009, "epsilon": 0.5092494064773767, "gamma": 73.804985914776}}
{"target": 20.80705364104382, "params": {"C": 62.006203792472036, "epsilon": 21.77478660155919, "gamma": 51.83578555424456}}
{"target": 23.160847833038467, "params": {"C": 832.3367733646934, "epsilon": 12.77236384936035, "gamma": 112.83852721522031}}
{"target": 22.52172079947996, "params": {"C": 630.903177967933, "epsilon": 18.14726262403564, "gamma": 98.56922624735589}}
{"target": 23.411709749489475, "params": {"C": 18.88087284857363, "epsilon": 15.557213733322392, "gamma": 134.53883612500647}}
{"target": 18.871140045729497, "params": {"C": 1134.3987196722046, "epsilon": 0.1682945958027542, "gamma": 34.337106900536305}}
{"target": 32.54013667909684, "params": {"C": 3.863513412329695, "epsilon": 19.188723048561542, "gamma": 68.90907285696835}}
{"target": 19.312282841464814, "params": {"C": 1025.253393773708, "epsilon": 15.364194692930514, "gamma": 69.83853963252076}}
{"target": 25.540558755622836, "params": {"C": 981.6198307874523, "epsilon": 1.3956568407345609, "gamma": 140.1660046427437}}
{"target": 20.08700770547005, "params": {"C": 900.4040211720576, "epsilon": 13.947619743698686, "gamma": 73.5859950672195}}
{"target": 81.08342952191046, "params": {"C": 1887.8490386084059, "epsilon": 112.53698916241417, "gamma": 386.22742398226114}}
{"target": 32.970606810269565, "params": {"C": 2810.937080258229, "epsilon": 50.69424214841389, "gamma": 51.31306444050392}}
{"target": 39.621889703753006, "params": {"C": 51.53576309838637, "epsilon": 19.71888592042683, "gamma": 17.68141287127205}}
{"target": 22.180657996957454, "params": {"C": 20.65896677197867, "epsilon": 16.07900798716498, "gamma": 99.80108240148886}}
{"target": 20.397008086277047, "params": {"C": 1075.664613098645, "epsilon": 15.571434576867127, "gamma": 79.6060505037923}}
{"target": 21.70204119416729, "params": {"C": 482.34927192822784, "epsilon": 1.2172332865795101, "gamma": 119.50835990084215}}
{"target": 17.28163293975293, "params": {"C": 114.69358176563904, "epsilon": 0.9215321174886423, "gamma": 99.8472483655637}}
{"target": 16.284711793276024, "params": {"C": 159.2930771092441, "epsilon": 0.04923726016098362, "gamma": 71.66076300250047}}
{"target": 18.066446177581092, "params": {"C": 90.31281088872474, "epsilon": 7.042778066005237, "gamma": 89.00658672128434}}
{"target": 22.82551888832718, "params": {"C": 1034.6858040494349, "epsilon": 1.7965318467119968, "gamma": 121.66804767986021}}
{"target": 18.14539832532615, "params": {"C": 29.682830133542808, "epsilon": 0.8713072557487188, "gamma": 82.88119025043997}}
{"target": 20.444147818115695, "params": {"C": 574.0510334365922, "epsilon": 0.04995426108010159, "gamma": 79.15983902194223}}
{"target": 20.604293047635466, "params": {"C": 20.366860056321627, "epsilon": 10.561030933436871, "gamma": 60.46500328137227}}
{"target": 21.876887974368604, "params": {"C": 1004.6876943844281, "epsilon": 18.350557427505912, "gamma": 18.54069148825078}}
{"target": 22.14867292836914, "params": {"C": 1050.136192760601, "epsilon": 19.353312246485018, "gamma": 45.37340069507184}}
{"target": 43.781000555374234, "params": {"C": 11.312194549307748, "epsilon": 7.498922695326501, "gamma": 8.955294095489556}}
{"target": 20.22610961469993, "params": {"C": 18.846958619308424, "epsilon": 2.0862228491559716, "gamma": 53.41732689138409}}
{"target": 18.800173202606373, "params": {"C": 749.9098724339267, "epsilon": 15.210566262287509, "gamma": 66.41027613924818}}
{"target": 45.977174274533, "params": {"C": 60.29745399367074, "epsilon": 0.33283251129006985, "gamma": 4.481356051048593}}
{"target": 21.531087073855822, "params": {"C": 875.296618997807, "epsilon": 16.560166998978453, "gamma": 19.126623001021514}}
{"target": 47.24110323758403, "params": {"C": 332.31886586861043, "epsilon": 0.5685841702071497, "gamma": 1.8086410246907576}}
{"target": 70.92363178896207, "params": {"C": 5894.555629357894, "epsilon": 95.88890923894596, "gamma": 244.51824129209027}}
{"target": 44.719448639968014, "params": {"C": 21.409856899278303, "epsilon": 0.21956994628614446, "gamma": 7.13635608563952}}
{"target": 61.74942833247205, "params": {"C": 2421.131615070153, "epsilon": 84.03362982348, "gamma": 122.84350692184871}}
{"target": 24.23705704204307, "params": {"C": 1072.9651355307508, "epsilon": 3.191858156498107, "gamma": 102.84048444923539}}
{"target": 20.923032128498143, "params": {"C": 156.37825327830132, "epsilon": 2.611059533225176, "gamma": 208.27851556628514}}
{"target": 27.341823788119136, "params": {"C": 692.5622530468527, "epsilon": 10.847403314663364, "gamma": 222.22787150693608}}
{"target": 75.97320544514706, "params": {"C": 473.52530779189146, "epsilon": 100.85675859494313, "gamma": 498.7267785674278}}
{"target": 21.951972995229575, "params": {"C": 906.6643714459784, "epsilon": 1.375506138943651, "gamma": 70.42282404145622}}
{"target": 27.560557625787443, "params": {"C": 1023.5353459464623, "epsilon": 19.454387080031555, "gamma": 171.93957955889235}}
{"target": 21.90775856324255, "params": {"C": 158.91195869338134, "epsilon": 10.975851320413174, "gamma": 207.27521739887044}}
{"target": 23.323356903213366, "params": {"C": 902.9092663356114, "epsilon": 0.45490235058448825, "gamma": 101.69856202765746}}
{"target": 76.3822456322508, "params": {"C": 1624.379807768231, "epsilon": 107.77605881505701, "gamma": 66.23501141604626}}
{"target": 22.928706903076254, "params": {"C": 34.44143038013884, "epsilon": 22.337678909800555, "gamma": 74.71056524215655}}
{"target": 21.555300947350894, "params": {"C": 67.37812266933845, "epsilon": 13.9093368117936, "gamma": 150.04757130526752}}
{"target": 23.305103832486868, "params": {"C": 11.500228082927691, "epsilon": 14.489892175623169, "gamma": 88.98769715949976}}
{"target": 23.54601825775307, "params": {"C": 940.5841994890222, "epsilon": 0.12577063562749302, "gamma": 26.469589571693028}}
{"target": 28.194059469940886, "params": {"C": 8.654244091478574, "epsilon": 18.142814687741026, "gamma": 137.47893202293284}}
{"target": 20.113642341208138, "params": {"C": 33.36845176460946, "epsilon": 9.5063671123274, "gamma": 118.9621701774231}}
{"target": 61.578467272777935, "params": {"C": 4480.056564023449, "epsilon": 78.576222145233, "gamma": 360.8722227490312}}
{"target": 27.044706767025936, "params": {"C": 4.426791350022256, "epsilon": 3.18490556194182, "gamma": 90.89587679771563}}
{"target": 19.842633155550466, "params": {"C": 1052.1146801622117, "epsilon": 1.0867847330988711, "gamma": 54.90222155535884}}
{"target": 25.141698450858406, "params": {"C": 1321.7743128045968, "epsilon": 1.9215463119807459, "gamma": 86.74039809157668}}
{"target": 17.25201799102114, "params": {"C": 51.835281459384035, "epsilon": 1.8335844878661929, "gamma": 70.42254825745641}}
{"target": 21.0595037763625, "params": {"C": 57.458664747633534, "epsilon": 18.757611180425535, "gamma": 75.72777544499937}}
{"target": 20.291584375873647, "params": {"C": 888.6763547604066, "epsilon": 0.04673946711533539, "gamma": 57.08662554457618}}
{"target": 19.307871858877185, "params": {"C": 39.98136946607548, "epsilon": 12.654887099117904, "gamma": 52.05711165379855}}
{"target": 20.86795662416969, "params": {"C": 584.4710186926305, "epsilon": 0.019591028092614315, "gamma": 108.9934706580789}}
{"target": 23.873505593635162, "params": {"C": 1000.2980690485986, "epsilon": 2.5132133237435954, "gamma": 104.09902297860373}}
{"target": 30.53529933324653, "params": {"C": 913.488938299882, "epsilon": 21.045457629322822, "gamma": 15.972555586868872}}
{"target": 44.8677374252059, "params": {"C": 859.5817793629171, "epsilon": 15.448673325445684, "gamma": 0.8091314748876357}}
{"target": 17.788392909923523, "params": {"C": 1069.4594854701809, "epsilon": 0.18894038658154413, "gamma": 43.62332780482506}}
{"target": 40.23839784195628, "params": {"C": 416.29813694570277, "epsilon": 52.66504708393145, "gamma": 102.75384232925958}}
{"target": 22.494805303603343, "params": {"C": 611.1326506947217, "epsilon": 1.0044137689635915, "gamma": 111.6247560765958}}
{"target": 54.938851980327925, "params": {"C": 2645.3394134864343, "epsilon": 70.30836951746056, "gamma": 256.0474742393587}}
{"target": 38.528842886296204, "params": {"C": 1.8507435965402266, "epsilon": 12.672830875321324, "gamma": 44.732392502295234}}
{"target": 36.589159043280745, "params": {"C": 20.370707917720466, "epsilon": 17.804060634227973, "gamma": 17.541383343802302}}
{"target": 21.572094369605008, "params": {"C": 53.00238466953982, "epsilon": 18.41207228379923, "gamma": 100.13619407563645}}
{"target": 27.412137634873403, "params": {"C": 5606.562164292701, "epsilon": 21.02372424238441, "gamma": 30.20557080432593}}
{"target": 21.7822652037935, "params": {"C": 72.96418799542582, "epsilon": 18.43524091137686, "gamma": 112.39879633334556}}
{"target": 25.077528855196928, "params": {"C": 951.4717911373473, "epsilon": 21.666493942360525, "gamma": 99.04214575479318}}
{"target": 55.555799288045044, "params": {"C": 3838.715246932418, "epsilon": 66.4745039054055, "gamma": 494.1463015869143}}
{"target": 19.57755664716756, "params": {"C": 174.22332797774948, "epsilon": 1.035261327860339, "gamma": 121.4620727304657}}
{"target": 20.158267309202703, "params": {"C": 17.18926484523761, "epsilon": 1.6678976734991036, "gamma": 47.63322513232032}}
{"target": 19.173167132799456, "params": {"C": 43.382539560015914, "epsilon": 4.635342534333512, "gamma": 123.50821802691564}}
{"target": 18.2239764108119, "params": {"C": 59.05297410673005, "epsilon": 0.1391813093354164, "gamma": 146.31006715341942}}
{"target": 19.45158554934219, "params": {"C": 413.1756876738344, "epsilon": 0.6374713721246066, "gamma": 77.45636827886283}}
{"target": 19.699315746468653, "params": {"C": 919.8031384435158, "epsilon": 0.3446374131001282, "gamma": 55.96004038631688}}
{"target": 19.6098024803593, "params": {"C": 679.5014359338352, "epsilon": 16.561307833499004, "gamma": 69.12629803139694}}
{"target": 21.860623764879985, "params": {"C": 877.6688313935667, "epsilon": 15.047304259676286, "gamma": 28.36311373077863}}
{"target": 44.99670496437219, "params": {"C": 23.160500128569772, "epsilon": 20.874315855188804, "gamma": 8.485553161969854}}
{"target": 17.28478727047608, "params": {"C": 672.8439828103709, "epsilon": 1.3140336434431696, "gamma": 47.407850368536174}}
{"target": 22.11944454203986, "params": {"C": 899.8404658502709, "epsilon": 14.358340355729917, "gamma": 25.33176478966161}}
{"target": 17.714915365125055, "params": {"C": 47.10263124585886, "epsilon": 0.08926898223590957, "gamma": 100.20185994776824}}
{"target": 22.62484348968311, "params": {"C": 18.98708929206896, "epsilon": 16.398081698797174, "gamma": 39.91240608017878}}
{"target": 21.084489035208517, "params": {"C": 50.38254945883817, "epsilon": 17.447094169975664, "gamma": 44.53451452059694}}
{"target": 26.873590884024935, "params": {"C": 2180.4687434832795, "epsilon": 25.13823612421053, "gamma": 121.47627204916363}}
{"target": 35.64476787171017, "params": {"C": 3059.577462532662, "epsilon": 9.673965417973292, "gamma": 272.81981186390544}}
{"target": 22.432345703976868, "params": {"C": 758.2792286462634, "epsilon": 0.6146192471036049, "gamma": 29.99286298147196}}
{"target": 24.385120459045556, "params": {"C": 965.3549784594315, "epsilon": 20.047561814644137, "gamma": 93.4128492162744}}
{"target": 17.16647667618945, "params": {"C": 350.08621702048515, "epsilon": 0.1379000075427793, "gamma": 44.027982760778954}}
{"target": 22.07558689136828, "params": {"C": 923.1563130992615, "epsilon": 15.770312483002481, "gamma": 122.08198217408022}}
{"target": 26.907533462015568, "params": {"C": 780.0967517990788, "epsilon": 21.20458526986497, "gamma": 139.18721520073058}}
{"target": 27.079642071217325, "params": {"C": 1010.27935267371, "epsilon": 18.007631678644863, "gamma": 170.79789472996458}}
{"target": 32.62719301513811, "params": {"C": 3674.830348531485, "epsilon": 7.222281538985605, "gamma": 496.1198691475387}}
{"target": 61.54121732316516, "params": {"C": 453.4247978933886, "epsilon": 81.03473565609184, "gamma": 237.99145610038758}}
{"target": 30.88522701690436, "params": {"C": 3921.592568502134, "epsilon": 26.86285268608529, "gamma": 118.77019747541152}}
{"target": 66.44271684358253, "params": {"C": 3432.251230781996, "epsilon": 76.14461449947078, "gamma": 1.7984978534384197}}
{"target": 44.53022443684962, "params": {"C": 5802.5073762324955, "epsilon": 29.258482920978793, "gamma": 345.6600870153196}}
{"target": 20.76252827278844, "params": {"C": 472.07591122105845, "epsilon": 1.0159072652334813, "gamma": 85.51814961906643}}
{"target": 18.80299977401353, "params": {"C": 126.61659361443677, "epsilon": 1.7617538288895116, "gamma": 41.317221424019955}}
{"target": 16.146328790448703, "params": {"C": 89.67636299876507, "epsilon": 1.4077745415432434, "gamma": 83.3094631541747}}
{"target": 16.66273959623325, "params": {"C": 77.18882270715085, "epsilon": 0.9057240007271166, "gamma": 90.1222050328596}}
{"target": 20.854574899695997, "params": {"C": 494.5875211548442, "epsilon": 0.9501500044475052, "gamma": 86.43945278418332}}
{"target": 69.46701155214045, "params": {"C": 5836.080483745642, "epsilon": 90.0602159669545, "gamma": 456.53955962717794}}
{"target": 19.369414832458, "params": {"C": 59.11865731014346, "epsilon": 11.425105700066144, "gamma": 73.15826131734632}}
{"target": 19.32683848834443, "params": {"C": 245.20225602995555, "epsilon": 0.5391957366935167, "gamma": 103.2712405454607}}
{"target": 21.970845486586395, "params": {"C": 645.7405116219624, "epsilon": 0.16253774933958853, "gamma": 121.08210700946182}}
{"target": 19.521615216943097, "params": {"C": 32.62790458328128, "epsilon": 10.09169011057353, "gamma": 94.45056370279228}}
{"target": 31.98728844784015, "params": {"C": 4.712006042142036, "epsilon": 15.09471678481999, "gamma": 190.7013503882745}}
{"target": 17.268572437995864, "params": {"C": 172.8331719789861, "epsilon": 0.5970333239232253, "gamma": 81.77507396070304}}
{"target": 16.68269686812956, "params": {"C": 80.26695282521668, "epsilon": 0.11379102379574604, "gamma": 81.85018515195675}}
{"target": 23.025357248685427, "params": {"C": 904.1922350506951, "epsilon": 0.17728220836199005, "gamma": 95.52441887926199}}
{"target": 24.97753341592259, "params": {"C": 6.3185941102786245, "epsilon": 8.473586059797464, "gamma": 103.28196234609797}}
{"target": 54.64914198745656, "params": {"C": 5695.140511805707, "epsilon": 89.18258343055042, "gamma": 24.8313134513121}}
{"target": 20.941305439681912, "params": {"C": 189.9724823004522, "epsilon": 3.3398798511749623, "gamma": 190.8591046484234}}
{"target": 20.510110621456853, "params": {"C": 453.722329690876, "epsilon": 0.16935403126986437, "gamma": 93.02700894666685}}
{"target": 22.657103249432247, "params": {"C": 768.0261896428592, "epsilon": 0.9702002778039351, "gamma": 131.07772383777314}}
{"target": 17.83394527739293, "params": {"C": 96.77080041142406, "epsilon": 0.8402025772478767, "gamma": 115.22776335909629}}
{"target": 17.62944889615813, "params": {"C": 150.83290854328905, "epsilon": 1.377332152093289, "gamma": 94.26772051333641}}
{"target": 24.89567977423873, "params": {"C": 809.7225375076094, "epsilon": 2.5235715110775234, "gamma": 153.4822084661186}}
{"target": 16.052125218803894, "params": {"C": 234.15362869815087, "epsilon": 1.1677608739519025, "gamma": 57.77184811104503}}
{"target": 21.200029570971047, "params": {"C": 377.24368647457374, "epsilon": 5.374898152319279, "gamma": 169.3849965982456}}
{"target": 18.860876966573834, "params": {"C": 211.7862187439755, "epsilon": 0.01728707227451165, "gamma": 135.30371307061142}}
{"target": 20.95256807446653, "params": {"C": 82.45956412366222, "epsilon": 19.775659709252345, "gamma": 54.0008381152759}}
{"target": 15.999274021776326, "params": {"C": 233.41260739361724, "epsilon": 1.2994805141507566, "gamma": 52.03448064357017}}
{"target": 21.320892302894595, "params": {"C": 41.824512870096704, "epsilon": 8.690401951126086, "gamma": 30.223972589514183}}
{"target": 45.87239398819615, "params": {"C": 8.742395550219271, "epsilon": 6.941030154198503, "gamma": 7.0950484904621405}}
{"target": 54.62602308888345, "params": {"C": 0.13889218519487656, "epsilon": 8.73149241180274, "gamma": 12.669949712084275}}
{"target": 18.811729691336208, "params": {"C": 89.06444288155615, "epsilon": 1.7484458916890933, "gamma": 132.67402988096808}}
{"target": 21.771759646908016, "params": {"C": 890.7951618046163, "epsilon": 19.104752743333854, "gamma": 71.54278993481813}}
{"target": 50.44424998982622, "params": {"C": 798.251695912928, "epsilon": 0.8762015810280677, "gamma": 2.063442769944487}}
{"target": 20.556325420198554, "params": {"C": 606.3706691291775, "epsilon": 17.950762603844918, "gamma": 75.0803182795742}}
{"target": 24.40020944662252, "params": {"C": 22.462438204190704, "epsilon": 21.140224051294695, "gamma": 100.19082422238326}}
{"target": 21.207655463189614, "params": {"C": 1005.9179449035984, "epsilon": 12.411862474303401, "gamma": 64.39069297777203}}
{"target": 20.08777580503891, "params": {"C": 682.666261207704, "epsilon": 17.558868662210543, "gamma": 79.45223561111862}}
{"target": 21.05114363299408, "params": {"C": 949.904373996523, "epsilon": 14.775133183950086, "gamma": 100.19832993422395}}
{"target": 20.075115987403745, "params": {"C": 1065.380987416241, "epsilon": 14.985311082741143, "gamma": 94.20433247437411}}
{"target": 19.09939290341479, "params": {"C": 1131.934684367129, "epsilon": 0.15815693058311894, "gamma": 51.14504905651879}}
{"target": 18.208528096712563, "params": {"C": 776.7946331169444, "epsilon": 1.4094722578538672, "gamma": 39.89098712413396}}
{"target": 18.22936882493905, "params": {"C": 51.21958192147284, "epsilon": 0.43509698485388526, "gamma": 59.2143729557001}}
{"target": 19.51091753305511, "params": {"C": 1199.1809064458748, "epsilon": 0.5143768470010412, "gamma": 33.298407613458906}}
{"target": 30.35031988599048, "params": {"C": 75.25474659431765, "epsilon": 0.5493190642839891, "gamma": 18.88521331212729}}
{"target": 18.45523859859805, "params": {"C": 310.59049339419676, "epsilon": 0.6993844872311343, "gamma": 73.0741404174978}}
{"target": 25.153199747264516, "params": {"C": 1944.2436030066729, "epsilon": 3.509307427785705, "gamma": 67.62840001366246}}
{"target": 23.911601880673015, "params": {"C": 56.00085214780766, "epsilon": 22.266921518701267, "gamma": 107.87509509543901}}
{"target": 23.253162157745408, "params": {"C": 7.590192588843962, "epsilon": 2.769546618958263, "gamma": 78.81861573876488}}
{"target": 25.369863599265774, "params": {"C": 536.0553846269881, "epsilon": 20.827159953386296, "gamma": 140.83350489267033}}
{"target": 46.83654580106406, "params": {"C": 1357.153505911813, "epsilon": 52.8208606666875, "gamma": 296.25232577474395}}
{"target": 23.58409368566, "params": {"C": 712.2617904555258, "epsilon": 18.340508884070175, "gamma": 127.2195124143062}}
