{"target": 16.9451693569795, "params": {"C": 65.70485628865694, "epsilon": 0.7149468205250786, "gamma": 75.59128558608609}}
{"target": 23.31528492653827, "params": {"C": 1769.9639129963427, "epsilon": 13.581592128814485, "gamma": 28.28620455094606}}
{"target": 21.213353619911008, "params": {"C": 1001.7637880568202, "epsilon": 0.034766442687148, "gamma": 64.9658299156204}}
{"target": 19.096602747974035, "params": {"C": 126.83969452298517, "epsilon": 14.694836420098152, "gamma": 55.06960568132362}}
{"target": 19.38669081120326, "params": {"C": 19.512662979978444, "epsilon": 0.15591201123095022, "gamma": 64.52624255730373}}
{"target": 48.05716251580096, "params": {"C": 109.49685960532864, "epsilon": 13.38225698673552, "gamma": 3.8418920192626587}}
{"target": 17.6552672281904, "params": {"C": 315.74369095688945, "epsilon": 0.027598817843882628, "gamma": 65.32578559313029}}
{"target": 20.38565849336875, "params": {"C": 69.6227083897413, "epsilon": 17.99389146534245, "gamma": 60.36056327287476}}
{"target": 20.732854281608788, "params": {"C": 517.5813519570734, "epsilon": 0.9642492286540509, "gamma": 82.03796591113257}}
{"target": 68.01783233856864, "params": {"C": 4423.844028904112, "epsilon": 90.4347011881756, "gamma": 288.2380583638623}}
{"target": 19.236252894444764, "params": {"C": 114.35271720423226, "epsilon": 1.7408670230004946, "gamma": 145.48470847952942}}
{"target": 19.480543752481932, "params": {"C": 89.75480316282803, "epsilon": 2.4351098972135823, "gamma": 164.82368024052298}}
{"target": 52.45275106633129, "params": {"C": 854.5502993903425, "epsilon": 35.02518021666333, "gamma": 2.0773341709459743}}
{"target": 54.361925484793844, "params": {"C": 1013.5022200238652, "epsilon": 11.05808774685845, "gamma": 2.784406402656032}}
{"target": 23.31257894832959, "params": {"C": 36.2546816296115, "epsilon": 18.01811141778158, "gamma": 139.3266685965963}}
{"target": 22.52355775180136, "params": {"C": 896.7503135241678, "epsilon": 0.1351536935651627, "gamma": 20.763427346234813}}
{"target": 19.597867928061966, "params": {"C": 136.98170014056564, "epsilon": 1.2593536859713874, "gamma": 174.2410336039619}}
{"target": 18.535477212580584, "params": {"C": 662.2464737138555, "epsilon": 0.9928693099675956, "gamma": 58.26856233598509}}
{"target": 24.636160454208103, "params": {"C": 56.07424162133866, "epsilon": 23.33270384214393, "gamma": 121.81063151750502}}
{"target": 59.31883051687902, "params": {"C": 893.8937006719526, "epsilon": 0.03911592362140892, "gamma": 8.253583156230548}}
{"target": 19.713160608015407, "params": {"C": 774.1623086096453, "epsilon": 15.575597038161629, "gamma": 80.32950698304529}}
{"target": 24.550677371443072, "params": {"C": 28.887030323008247, "epsilon": 24.258457073672258, "gamma": 80.7645704889146}}
{"target": 19.270542271807315, "params": {"C": 701.6264081052905, "epsilon": 15.527545639359076, "gamma": 69.02733708853019}}
{"target": 38.91350172406264, "params": {"C": 28.75507131925505, "epsilon": 16.925612288950763, "gamma": 16.125382632952608}}
{"target": 19.56539845943802, "params": {"C": 716.7047956471847, "epsilon": 15.691532663712875, "gamma": 68.93651417643827}}
{"target": 22.559128480398076, "params": {"C": 752.7237818983094, "epsilon": 0.39963704153456503, "gamma": 111.49886295286976}}
{"target": 21.86619984718599, "params": {"C": 731.2685166613505, "epsilon": 14.223612321837857, "gamma": 121.05192519272254}}
{"target": 18.89963881196656, "params": {"C": 31.68820665786705, "epsilon": 1.235640952500823, "gamma": 117.62202192440432}}
{"target": 47.64681220232025, "params": {"C": 330.0342401257861, "epsilon": 1.262737420445732, "gamma": 1.7232702753828022}}
{"target": 17.319303158171973, "params": {"C": 100.08914586202891, "epsilon": 0.7575749570265162, "gamma": 102.00387695612594}}
{"target": 30.07417501894483, "params": {"C": 106.65386615901056, "epsilon": 38.68657969768132, "gamma": 85.74605248665775}}
{"target": 17.807429973441952, "params": {"C": 47.74434553745354, "epsilon": 1.049131267457119, "gamma": 102.53851277581906}}
{"target": 17.509364446731215, "params": {"C": 37.33646754990223, "epsilon": 3.0251184987454627, "gamma": 75.84676328103508}}
{"target": 20.32535381460692, "params": {"C": 91.08768894078703, "epsilon": 0.23430749438931162, "gamma": 31.349453173906973}}
{"target": 15.547757593814149, "params": {"C": 153.13084854077272, "epsilon": 2.2015430743925792, "gamma": 65.76808523668737}}
{"target": 37.92563436402474, "params": {"C": 24.579766397588102, "epsilon": 1.527765208651743, "gamma": 15.780819599379072}}
{"target": 22.112273913850338, "params": {"C": 11.328248858778224, "epsilon": 2.3335800128905984, "gamma": 44.30535852168008}}
{"target": 48.729276859496714, "params": {"C": 1123.7197620794077, "epsilon": 20.218482565332806, "gamma": 1.651637318534597}}
{"target": 28.372613354916286, "params": {"C": 1605.3404457691709, "epsilon": 11.09702668194419, "gamma": 167.0224789484428}}
{"target": 20.733271803877493, "params": {"C": 20.759199868639513, "epsilon": 1.7776787410696155, "gamma": 38.065694427533245}}
{"target": 18.290775103806826, "params": {"C": 955.080594980859, "epsilon": 14.285840267859541, "gamma": 52.5555763443049}}
{"target": 21.72298328537267, "params": {"C": 901.6753040680342, "epsilon": 0.8473630191475401, "gamma": 74.67437308264682}}
{"target": 20.67800071229484, "params": {"C": 881.6347978256754, "epsilon": 1.1539365822089616, "gamma": 63.150447437129706}}
{"target": 26.26360475245111, "params": {"C": 2024.2655459309003, "epsilon": 2.107360475791554, "gamma": 70.91894258610763}}
{"target": 20.690399749046314, "params": {"C": 835.8987659349921, "epsilon": 0.09872877215910858, "gamma": 61.03491913563657}}
{"target": 20.343332129772467, "params": {"C": 1690.111989488946, "epsilon": 14.142397491083475, "gamma": 39.66517642203489}}
{"target": 37.72360482806477, "params": {"C": 105.09967168932735, "epsilon": 38.6195837006759, "gamma": 356.4243693343433}}
{"target": 21.67156754267005, "params": {"C": 60.2483105496151, "epsilon": 19.055331188522896, "gamma": 90.50269463628172}}
{"target": 28.00190600266772, "params": {"C": 2063.5187738229324, "epsilon": 2.5628445695085382, "gamma": 122.78967767180622}}
{"target": 48.2186953445059, "params": {"C": 36.40473756318818, "epsilon": 20.121878305221472, "gamma": 1.144628210843699}}
{"target": 24.372615364798953, "params": {"C": 41.56587688397363, "epsilon": 21.671549599199597, "gamma": 120.9201988351401}}
{"target": 21.771777742396218, "params": {"C": 726.1483190224042, "epsilon": 16.558991108932123, "gamma": 113.58156521195632}}
{"target": 19.037060931788417, "params": {"C": 620.9319025569455, "epsilon": 13.967422543029816, "gamma": 65.78638285696874}}
{"target": 29.39288856787501, "params": {"C": 1279.4336095908523, "epsilon": 1.3353918881172508, "gamma": 154.50661904883685}}
{"target": 20.710655803951706, "params": {"C": 59.5267582715839, "epsilon": 18.37009703726503, "gamma": 76.33789545773647}}
{"target": 20.016582877215413, "params": {"C": 60.80295056093961, "epsilon": 14.771067765567036, "gamma": 81.72337745696032}}
{"target": 21.976721443802106, "params": {"C": 22.951145799497397, "epsilon": 16.179777664486124, "gamma": 44.39857872321257}}
{"target": 26.329075525139352, "params": {"C": 2095.190029933963, "epsilon": 2.6421357872765037, "gamma": 73.03541272481951}}
{"target": 23.82466492142119, "params": {"C": 891.757668965537, "epsilon": 35.10658839147193, "gamma": 47.60549889482537}}
{"target": 37.41833987686732, "params": {"C": 4721.281153778658, "epsilon": 2.967966787200986, "gamma": 427.7931222137612}}
{"target": 29.826002530350923, "params": {"C": 19.23374379146128, "epsilon": 1.2572444250975676, "gamma": 20.925055414585614}}
{"target": 17.310950389080492, "params": {"C": 783.722420723979, "epsilon": 0.651055228266963, "gamma": 47.02390732707114}}
{"target": 55.25603357263975, "params": {"C": 2761.3319248855537, "epsilon": 66.86446676581335, "gamma": 433.01499008849464}}
{"target": 22.038337680300852, "params": {"C": 867.9906857405842, "epsilon": 0.17173444400803756, "gamma": 86.16047182682568}}
{"target": 23.408613610052264, "params": {"C": 861.3294321196025, "epsilon": 13.968865649303229, "gamma": 137.58985337656225}}
{"target": 21.488916926362574, "params": {"C": 742.0937520127438, "epsilon": 1.3273610441957704, "gamma": 78.75417469101114}}
{"target": 16.944406455045126, "params": {"C": 68.92885536508066, "epsilon": 0.46510527690784564, "gamma": 86.21509090781379}}
{"target": 20.805247196898414, "params": {"C": 747.623191919547, "epsilon": 14.683882071289098, "gamma": 38.96972220517463}}
{"target": 20.785762946880272, "params": {"C": 607.2713036574534, "epsilon": 10.585047105622191, "gamma": 81.71246052179865}}
{"target": 21.35106828486657, "params": {"C": 16.81968072512754, "epsilon": 0.4884732597529611, "gamma": 37.79474841553093}}
{"target": 20.314593290458333, "params": {"C": 38.638111330987826, "epsilon": 13.374845070870386, "gamma": 80.95285307105753}}
{"target": 45.43363805976366, "params": {"C": 1150.2801631194818, "epsilon": 17.88619168256023, "gamma": 0.5226603533106271}}
{"target": 20.756098649909575, "params": {"C": 714.1218766473029, "epsilon": 0.414607617966374, "gamma": 76.153390897203}}
{"target": 22.81369131803891, "params": {"C": 730.5594210246435, "epsilon": 13.063645462976075, "gamma": 18.22163977673859}}
{"target": 29.232646611893216, "params": {"C": 3.6929518489714894, "epsilon": 10.168706289216528, "gamma": 111.0519183522936}}
{"target": 78.82786313015852, "params": {"C": 1812.1998268814875, "epsilon": 106.76163422806479, "gamma": 492.585549574663}}
{"target": 23.041836298007826, "params": {"C": 850.9252293859471, "epsilon": 0.0385193725558346, "gamma": 18.191474712387922}}
{"target": 53.59978598559203, "params": {"C": 1707.1627580711788, "epsilon": 0.07189537169938154, "gamma": 2.4981962907418307}}
{"target": 25.394429276836195, "params": {"C": 9.408291675125085, "epsilon": 16.812473250853117, "gamma": 82.42166775319917}}
{"target": 21.753960010058204, "params": {"C": 1098.0188255492208, "epsilon": 0.03791452726633393, "gamma": 78.15902655739741}}
{"target": 24.18677279225264, "params": {"C": 810.320251917029, "epsilon": 0.9194951994436658, "gamma": 17.372970081247345}}
{"target": 33.39207386833125, "params": {"C": 21.16842646207084, "epsilon": 37.088942809534664, "gamma": 42.172776906650206}}
{"target": 21.430875813190347, "params": {"C": 612.6628309297806, "epsilon": 13.32654919643253, "gamma": 87.10766842744437}}
{"target": 30.796266249751948, "params": {"C": 1415.7420000949987, "epsilon": 28.04315531163789, "gamma": 120.06656565189269}}
{"target": 50.524940099819204, "params": {"C": 5099.884693697076, "epsilon": 62.710265370328045, "gamma": 295.4529844879735}}
{"target": 28.2302859369818, "params": {"C": 836.4213795542227, "epsilon": 0.6213451109712189, "gamma": 175.94176088479685}}
{"target": 23.688662062388904, "params": {"C": 933.4111851229394, "epsilon": 11.630174547422158, "gamma": 132.29740461095048}}
{"target": 19.801310091043266, "params": {"C": 60.30113973782599, "epsilon": 15.756195782083486, "gamma": 64.87907175671553}}
{"target": 31.096672268876397, "params": {"C": 1033.6266125539044, "epsilon": 22.791918099098755, "gamma": 251.24464882446313}}
{"target": 23.444346401294336, "params": {"C": 777.1278067576966, "epsilon": 12.040102817659815, "gamma": 115.75039889059622}}
{"target": 20.467879068922674, "params": {"C": 63.043183772612096, "epsilon": 17.52665130930435, "gamma": 78.5916890924726}}
{"target": 23.432228264833505, "params": {"C": 18.195946964347257, "epsilon": 16.609334873526986, "gamma": 120.93707535870685}}
{"target": 30.504392732876415, "params": {"C": 840.2737506443897, "epsilon": 35.293438839150475, "gamma": 124.74768634137749}}
{"target": 22.102807351696747, "params": {"C": 858.2220622211809, "epsilon": 14.162651840443699, "gamma": 113.8986432849074}}
{"target": 21.66488749687727, "params": {"C": 833.8644187197818, "epsilon": 17.562870019287757, "gamma": 95.81468011899102}}
{"target": 19.261270738488538, "params": {"C": 745.028450158824, "epsilon": 13.437614983664181, "gamma": 58.414395222287936}}
{"target": 23.182482209190734, "params": {"C": 16.393188774625358, "epsilon": 17.55975626823668, "gamma": 51.008367703324396}}
{"target": 18.016660220235632, "params": {"C": 28.76879944323045, "epsilon": 4.131443832203161, "gamma": 83.18217555175283}}
{"target": 20.727152531161487, "params": {"C": 703.030340094841, "epsilon": 14.535856931871374, "gamma": 19.941391563567812}}
{"target": 21.18873024879362, "params": {"C": 586.908184127831, "epsilon": 1.6056715503679388, "gamma": 84.16852156866342}}
{"target": 73.9212681715347, "params": {"C": 1402.1075203691767, "epsilon": 102.0017103743024, "gamma": 151.90317537173024}}
{"target": 20.531911221525124, "params": {"C": 525.3327611951986, "epsilon": 0.21510748148049608, "gamma": 87.07418020716595}}
{"target": 22.262725766963406, "params": {"C": 26.779176277368492, "epsilon": 17.66333059655176, "gamma": 29.129351295837118}}
{"target": 23.04959676903453, "params": {"C": 839.3340699586457, "epsilon": 0.7875303672037568, "gamma": 102.43304168761199}}
{"target": 29.492970212596305, "params": {"C": 1073.469614558577, "epsilon": 0.40960380587042383, "gamma": 176.41154289256662}}
{"target": 21.660288670779828, "params": {"C": 795.0311471165163, "epsilon": 0.24479231863777628, "gamma": 86.96226260032472}}
{"target": 21.578358179788495, "params": {"C": 80.25008105545206, "epsilon": 12.844597229727327, "gamma": 149.22074668153658}}
{"target": 24.243504273410995, "params": {"C": 875.9598238696641, "epsilon": 2.5114294222895635, "gamma": 140.3795752379724}}
{"target": 17.87675027517311, "params": {"C": 52.882936591832305, "epsilon": 4.479031149727607, "gamma": 89.38482850469632}}
{"target": 53.46023716692356, "params": {"C": 3086.8614458656834, "epsilon": 98.0508569782761, "gamma": 15.213458921318846}}
{"target": 46.823904400757115, "params": {"C": 29.831258422955372, "epsilon": 1.7907723224074414, "gamma": 4.588065344722509}}
{"target": 21.001886139135635, "params": {"C": 14.6604506835629, "epsilon": 3.863014130602902, "gamma": 42.15193386979537}}
{"target": 15.857502942329532, "params": {"C": 151.2760404991904, "epsilon": 2.425692205614161, "gamma": 73.08306584908799}}
{"target": 19.313713539609726, "params": {"C": 219.31792980144624, "epsilon": 0.4833474108499246, "gamma": 121.52868528078578}}
{"target": 41.268146970312785, "params": {"C": 69.50272552192138, "epsilon": 12.810509092683754, "gamma": 16.04138085371131}}
{"target": 22.076790919056172, "params": {"C": 46.048468216089404, "epsilon": 17.341696082227607, "gamma": 117.77017728241009}}
{"target": 19.578711321871246, "params": {"C": 802.0404183419752, "epsilon": 15.920724376450293, "gamma": 49.58100266373252}}
{"target": 23.48776987362656, "params": {"C": 25.052731200200526, "epsilon": 16.07232494611694, "gamma": 160.05231478654275}}
{"target": 74.90676402377137, "params": {"C": 2980.0360609277545, "epsilon": 100.33548018900561, "gamma": 386.2697464831041}}
{"target": 20.52563123879295, "params": {"C": 821.4913435362722, "epsilon": 0.2071982933063793, "gamma": 32.93451518715565}}
{"target": 19.415434167533427, "params": {"C": 31.425438946385874, "epsilon": 1.3320107387821403, "gamma": 136.60928244817103}}
{"target": 35.45955731068169, "params": {"C": 4445.4913834822455, "epsilon": 10.009123506035955, "gamma": 299.38458864911206}}
{"target": 23.302015617953238, "params": {"C": 10.850158138619662, "epsilon": 14.21251213388964, "gamma": 84.3484013132705}}
{"target": 21.544060389335392, "params": {"C": 856.1648576286477, "epsilon": 0.7131129074071298, "gamma": 76.12215730029074}}
{"target": 32.685134209994644, "params": {"C": 3755.5413071021, "epsilon": 31.94951979061551, "gamma": 200.75949127539832}}
{"target": 20.605877770729855, "params": {"C": 364.65727895416506, "epsilon": 0.2594599665514308, "gamma": 134.94238735261305}}
{"target": 23.53729404937898, "params": {"C": 788.1499990356974, "epsilon": 0.5035078617770525, "gamma": 26.73704652603486}}
{"target": 22.038322149661948, "params": {"C": 747.4052237974939, "epsilon": 18.599492555363902, "gamma": 80.92543900700574}}
{"target": 20.19039527636999, "params": {"C": 414.8394460504237, "epsilon": 0.03884359098332957, "gamma": 91.99303403255112}}
{"target": 20.125767568465484, "params": {"C": 63.47209363978314, "epsilon": 0.7332566942807488, "gamma": 28.309253761819853}}
{"target": 20.455691394510332, "params": {"C": 1585.0268117928736, "epsilon": 16.620172707457385, "gamma": 68.52555767981275}}
{"target": 19.872448306575066, "params": {"C": 956.1854551302088, "epsilon": 14.426109481240971, "gamma": 73.05440655802678}}
{"target": 18.58852462904866, "params": {"C": 806.2326643152745, "epsilon": 15.639198227679945, "gamma": 57.54208422546758}}
{"target": 29.491678451933716, "params": {"C": 1498.858348861555, "epsilon": 25.038068423404166, "gamma": 86.57105565251358}}
{"target": 21.640393244782093, "params": {"C": 15.368922864835298, "epsilon": 9.914380377468493, "gamma": 96.82460606823072}}
{"target": 19.398591127880255, "params": {"C": 903.2199219197087, "epsilon": 15.561072272885799, "gamma": 74.24433785144774}}
{"target": 19.702890033871466, "params": {"C": 733.6104807070137, "epsilon": 17.08271077047217, "gamma": 74.10100263832459}}
{"target": 45.95751356317574, "params": {"C": 381.4950344763901, "epsilon": 0.4343374854727837, "gamma": 1.1452104388923843}}
{"target": 19.296564072156936, "params": {"C": 58.19399770960143, "epsilon": 0.32875217772209986, "gamma": 179.08752563037794}}
{"target": 17.906574908081964, "params": {"C": 30.818266969603386, "epsilon": 1.0059639439491723, "gamma": 74.58769407312403}}
{"target": 18.747998047159655, "params": {"C": 34.54701287350112, "epsilon": 2.34039125474337, "gamma": 113.42470312248676}}
{"target": 21.229393432421716, "params": {"C": 922.9842014686508, "epsilon": 0.3299192033310214, "gamma": 72.20326746226885}}
{"target": 53.894780692419886, "params": {"C": 801.4976402625198, "epsilon": 15.163787716232832, "gamma": 3.342305733196966}}
{"target": 19.891279216174393, "params": {"C": 53.950812666238434, "epsilon": 13.55410928644698, "gamma": 83.41199232278501}}
{"target": 28.63733170074105, "params": {"C": 1709.0810587146852, "epsilon": 0.881302954503368, "gamma": 127.47392120938038}}
{"target": 29.23740703432323, "params": {"C": 1759.0153633812029, "epsilon": 0.13465861029657056, "gamma": 134.44947599137737}}
{"target": 23.004363426484403, "params": {"C": 32.15546493180608, "epsilon": 16.592952317447324, "gamma": 139.41869151088545}}
{"target": 20.239244878787662, "params": {"C": 647.7171865849818, "epsilon": 13.427162665207817, "gamma": 71.59909456763198}}
{"target": 26.328737329224982, "params": {"C": 671.9293038234971, "epsilon": 18.943726729886293, "gamma": 171.7612825273601}}
{"target": 53.862911878691726, "params": {"C": 786.1060395763122, "epsilon": 11.34418765958151, "gamma": 3.0222175831193994}}
{"target": 19.661219965882484, "params": {"C": 19.711303844465718, "epsilon": 1.6918642133157962, "gamma": 87.88739035025021}}
{"target": 29.640691123123286, "params": {"C": 76.24172971556655, "epsilon": 37.72743350797015, "gamma": 72.88748822031646}}
{"target": 46.33558762042981, "params": {"C": 58.448380931759175, "epsilon": 20.439269000581927, "gamma": 9.570023671106341}}
{"target": 37.32853777197532, "params": {"C": 3.295662167372342, "epsilon": 15.770840731834587, "gamma": 30.692044542944032}}
{"target": 22.06982845925844, "params": {"C": 932.2377484252586, "epsilon": 0.5788253852374704, "gamma": 80.03507481446394}}
{"target": 26.63076102218374, "params": {"C": 668.724206191579, "epsilon": 32.176210636750454, "gamma": 74.26585430686657}}
{"target": 23.934600240071017, "params": {"C": 916.8772939150645, "epsilon": 0.4193722093928911, "gamma": 131.04378129390022}}
{"target": 19.340259643781405, "params": {"C": 37.42592521103859, "epsilon": 3.3001983077137664, "gamma": 40.66963801776353}}
{"target": 19.367404847983423, "params": {"C": 17.81123402734849, "epsilon": 1.1038644860320364, "gamma": 76.15914384459165}}
{"target": 51.53273882364273, "params": {"C": 768.2533737887237, "epsilon": 2.038583773146114, "gamma": 2.6498291051523424}}
{"target": 21.49932527675199, "params": {"C": 944.3763914991432, "epsilon": 0.5666820242585692, "gamma": 73.76563547471866}}
{"target": 22.84788507282836, "params": {"C": 950.4648399995033, "epsilon": 0.6782763751479337, "gamma": 117.66446701136195}}
{"target": 71.30900655216092, "params": {"C": 5466.322258751301, "epsilon": 98.01760020142498, "gamma": 123.33698695855175}}
{"target": 25.654531012900435, "params": {"C": 7.22570035433975, "epsilon": 11.316819145473964, "gamma": 39.463323794474896}}
{"target": 23.47447877967765, "params": {"C": 1014.8632665360165, "epsilon": 0.4261402699478627, "gamma": 90.99497265963828}}
{"target": 53.03596942498469, "params": {"C": 0.1550864526752349, "epsilon": 9.03798877472019, "gamma": 96.42315764437528}}
{"target": 55.88707988130831, "params": {"C": 751.7856283733832, "epsilon": 1.1810972673005726, "gamma": 6.00839180030313}}
{"target": 24.291450078845042, "params": {"C": 8.470781882479315, "epsilon": 1.236400429946669, "gamma": 123.62277077168338}}
{"target": 18.159884553940724, "params": {"C": 40.91484223585324, "epsilon": 1.3817290657994663, "gamma": 56.83534074952558}}
{"target": 22.04469418074345, "params": {"C": 14.887929262570054, "epsilon": 11.375824044941591, "gamma": 37.705918144238964}}
{"target": 22.993447661527664, "params": {"C": 916.6990610947805, "epsilon": 14.828655053377325, "gamma": 133.70600797140693}}
{"target": 18.311648405732956, "params": {"C": 549.0238776417075, "epsilon": 14.07966332110274, "gamma": 48.13445487706999}}
{"target": 35.27251917543848, "params": {"C": 3676.355486882061, "epsilon": 51.83673500748851, "gamma": 53.4991618178112}}
{"target": 37.40009059081559, "params": {"C": 1.9393268187833854, "epsilon": 14.604559767272598, "gamma": 104.64691813387523}}
