{"target": 29.361889250492748, "params": {"C": 3.305615819931461, "epsilon": 0.2153835641495896, "gamma": 50.23026059082885}}
{"target": 22.053759573932403, "params": {"C": 22.325253650414567, "epsilon": 13.302817168770906, "gamma": 126.74975329009324}}
{"target": 23.127240747463993, "params": {"C": 661.8054381923034, "epsilon": 11.414910944799065, "gamma": 147.70918166930167}}
{"target": 18.33605447553406, "params": {"C": 734.8168511760384, "epsilon": 12.798049760743561, "gamma": 49.09924331738381}}
{"target": 23.55874001913412, "params": {"C": 1417.2251473103802, "epsilon": 13.03268786249805, "gamma": 104.92229850263199}}
{"target": 23.18233662367787, "params": {"C": 791.1169297332083, "epsilon": 0.7545950660863858, "gamma": 27.720692756275483}}
{"target": 20.780110609519472, "params": {"C": 657.0805303689466, "epsilon": 12.872893937681011, "gamma": 81.25633970987788}}
{"target": 17.72772790628456, "params": {"C": 46.8853883819543, "epsilon": 1.1083231348911926, "gamma": 66.45236169346194}}
{"target": 20.817705525003174, "params": {"C": 779.4871476841995, "epsilon": 10.716162560180326, "gamma": 70.3870536248208}}
{"target": 21.456579254122378, "params": {"C": 19.17729941304441, "epsilon": 14.285527053060182, "gamma": 66.25801099484366}}
{"target": 54.63488757645922, "params": {"C": 0.04411246798292723, "epsilon": 11.730486716916461, "gamma": 111.55334701863595}}
{"target": 57.55375017805886, "params": {"C": 693.5686185120139, "epsilon": 0.11158097202312989, "gamma": 11.037963027147974}}
{"target": 25.29873183664254, "params": {"C": 62.00546122839182, "epsilon": 28.73248084813923, "gamma": 94.74783750121688}}
{"target": 22.63386389691464, "params": {"C": 8.816520915169377, "epsilon": 2.6028193441901037, "gamma": 86.22167712741359}}
{"target": 24.438447986586006, "params": {"C": 793.4896460993261, "epsilon": 11.661506266002295, "gamma": 163.5404894597713}}
{"target": 21.699797538116538, "params": {"C": 13.225070458191936, "epsilon": 7.52808874725963, "gamma": 122.92522234687917}}
{"target": 22.52473925081608, "params": {"C": 654.7883835341331, "epsilon": 0.3221535670774056, "gamma": 132.81783918227262}}
{"target": 24.478497762446416, "params": {"C": 43.27421768782355, "epsilon": 25.958892653538218, "gamma": 79.13119114557027}}
{"target": 24.74490670132291, "params": {"C": 19.678243410972584, "epsilon": 21.184141567170272, "gamma": 101.59164723235423}}
{"target": 22.192442001824702, "params": {"C": 853.5342861240214, "epsilon": 0.17384106890810513, "gamma": 87.86564962905146}}
{"target": 46.09211253607034, "params": {"C": 5.861227507257894, "epsilon": 49.449461116745994, "gamma": 45.79492067580162}}
{"target": 24.29824117904781, "params": {"C": 1181.008823562007, "epsilon": 22.456898820460008, "gamma": 82.31171173240182}}
{"target": 64.05393947528478, "params": {"C": 241.02514941444542, "epsilon": 83.15491426708573, "gamma": 333.508945959268}}
{"target": 22.28824747798229, "params": {"C": 688.5145148704428, "epsilon": 0.49325533301507796, "gamma": 126.76593506731925}}
{"target": 26.79250358872182, "params": {"C": 562.4193882028374, "epsilon": 0.7872184179112912, "gamma": 205.5761310293547}}
{"target": 26.14260461103546, "params": {"C": 6.641462069104136, "epsilon": 13.735914095969719, "gamma": 52.01979256670884}}
{"target": 21.23373582493241, "params": {"C": 38.24567757806089, "epsilon": 18.287438752924828, "gamma": 42.668056243135}}
{"target": 18.26508662042304, "params": {"C": 678.0415693530896, "epsilon": 13.14568307499959, "gamma": 50.74380125091646}}
{"target": 19.650562269114367, "params": {"C": 542.1420379148987, "epsilon": 0.298739276825018, "gamma": 68.82017738608633}}
{"target": 48.411281700251195, "params": {"C": 3.9149119956299785, "epsilon": 3.9680747379777013, "gamma": 5.65241119515683}}
{"target": 30.500435575152732, "params": {"C": 1683.6022300570107, "epsilon": 6.401735377726752, "gamma": 321.36267741489644}}
{"target": 49.68343136304135, "params": {"C": 1.7352076895430457, "epsilon": 7.5718418494759945, "gamma": 5.855891302974939}}
{"target": 19.764487567559577, "params": {"C": 1577.5115957765688, "epsilon": 13.87128368329073, "gamma": 40.18090622802745}}
{"target": 27.53630036171442, "params": {"C": 924.6765726861724, "epsilon": 0.032094383023959505, "gamma": 177.1317095205336}}
{"target": 21.58705827976553, "params": {"C": 543.9659488401109, "epsilon": 15.498153748112601, "gamma": 135.73294445617893}}
{"target": 29.48278862403223, "params": {"C": 834.4972141456668, "epsilon": 27.228150351421903, "gamma": 139.8514935038192}}
{"target": 19.255644817997318, "params": {"C": 621.9636493064932, "epsilon": 16.97417700289036, "gamma": 51.50034036649811}}
{"target": 23.000156014687818, "params": {"C": 830.0188962067622, "epsilon": 12.760633234372314, "gamma": 123.50786992729543}}
{"target": 63.04218620812942, "params": {"C": 1592.5184650626256, "epsilon": 10.839328401138484, "gamma": 6.961822068761897}}
{"target": 21.421957161196268, "params": {"C": 1210.3665193028223, "epsilon": 0.05517468495728717, "gamma": 68.67367391936665}}
{"target": 20.31183802264197, "params": {"C": 378.0854154800252, "epsilon": 0.10018875541317263, "gamma": 111.30409302335144}}
{"target": 19.753184732204158, "params": {"C": 361.32418034695235, "epsilon": 0.07032775711120176, "gamma": 81.10711121194798}}
{"target": 23.628459254495237, "params": {"C": 1258.912845163511, "epsilon": 12.579264952605275, "gamma": 99.68769048769231}}
{"target": 18.243836903374945, "params": {"C": 31.83258619806712, "epsilon": 1.8808321749479862, "gamma": 61.60199872772296}}
{"target": 20.89924096542989, "params": {"C": 664.279479546076, "epsilon": 0.7843525548544923, "gamma": 76.741600239508}}
{"target": 18.305855565961433, "params": {"C": 760.3120174337904, "epsilon": 12.757883463148083, "gamma": 49.89850999080077}}
{"target": 24.355190559748515, "params": {"C": 6.927222168170843, "epsilon": 2.3001084430069443, "gamma": 113.87450786195059}}
{"target": 22.685608887019633, "params": {"C": 779.353623093431, "epsilon": 12.921742348285846, "gamma": 121.47609573169751}}
{"target": 45.86909690995637, "params": {"C": 414.423480476079, "epsilon": 53.58767114887615, "gamma": 218.81977625326425}}
{"target": 21.284358546973415, "params": {"C": 18.897355789927076, "epsilon": 11.41979505949821, "gamma": 67.46142840054536}}
{"target": 58.2152132134709, "params": {"C": 1401.1970082184234, "epsilon": 1.1833393249895108, "gamma": 5.167329983085047}}
{"target": 21.288771520884787, "params": {"C": 33.322395639148894, "epsilon": 11.274876008757442, "gamma": 126.11488598902585}}
{"target": 45.524480794475735, "params": {"C": 5.676032758042055, "epsilon": 21.755515457131043, "gamma": 12.80327755652906}}
{"target": 17.226171004685394, "params": {"C": 831.2128323508466, "epsilon": 0.6855309576580026, "gamma": 45.61175353485825}}
{"target": 19.061581747771065, "params": {"C": 24.27031028807582, "epsilon": 2.2029027593383788, "gamma": 107.94024219260626}}
{"target": 52.12463307165309, "params": {"C": 759.3773176707228, "epsilon": 0.3876453776433784, "gamma": 12.131075807455176}}
{"target": 30.322667089041648, "params": {"C": 869.1246467091162, "epsilon": 46.7107445478737, "gamma": 59.30751327630822}}
{"target": 22.708860637510412, "params": {"C": 876.7346611236449, "epsilon": 0.7190877228622765, "gamma": 22.396377946422213}}
{"target": 24.055984650834368, "params": {"C": 504.4538040045779, "epsilon": 21.917837824691915, "gamma": 101.5574062162801}}
{"target": 21.568057477247226, "params": {"C": 632.872194171197, "epsilon": 17.155058733617157, "gamma": 95.93208432077796}}
{"target": 18.454764718187732, "params": {"C": 630.1582996030701, "epsilon": 11.629332966573632, "gamma": 58.683718255044084}}
{"target": 19.823768841876333, "params": {"C": 32.440261663213384, "epsilon": 1.4002490804143515, "gamma": 42.190533628874036}}
{"target": 23.27314607078889, "params": {"C": 627.1141580792153, "epsilon": 23.31811072237546, "gamma": 36.18320249706227}}
{"target": 70.47322714131039, "params": {"C": 860.1490694315254, "epsilon": 28.18676969751506, "gamma": 8.470082973998423}}
{"target": 45.1235021905001, "params": {"C": 1028.8211047137854, "epsilon": 13.499828842917893, "gamma": 0.5109418699218224}}
{"target": 25.352820850580173, "params": {"C": 7.381194589831182, "epsilon": 11.794594880749472, "gamma": 96.27040283718085}}
{"target": 30.6666406155966, "params": {"C": 822.4849940228174, "epsilon": 28.48022127226924, "gamma": 170.3551905635501}}
{"target": 20.61504026739587, "params": {"C": 28.82555785645618, "epsilon": 11.859000603025867, "gamma": 93.44841661416179}}
{"target": 28.31830577062894, "params": {"C": 4.726807880976338, "epsilon": 10.737594600305805, "gamma": 119.60820357769748}}
{"target": 18.852214152143368, "params": {"C": 627.2547334066207, "epsilon": 15.78979895573175, "gamma": 53.65075399419384}}
{"target": 23.97255331425334, "params": {"C": 1514.4135374989564, "epsilon": 0.04470739396334922, "gamma": 95.42036728697707}}
{"target": 19.693845809303376, "params": {"C": 31.786628728779306, "epsilon": 2.122933164903042, "gamma": 152.429401473222}}
{"target": 19.227872734719227, "params": {"C": 98.07741399011304, "epsilon": 0.758096692111315, "gamma": 181.23939758672037}}
{"target": 23.19798073962698, "params": {"C": 752.0681517724745, "epsilon": 0.3723563968732756, "gamma": 133.50859979534508}}
{"target": 18.93457945852317, "params": {"C": 168.04458614286162, "epsilon": 0.7865968940494203, "gamma": 155.46531764363954}}
{"target": 20.676487293020834, "params": {"C": 783.4555190295046, "epsilon": 14.433228139479224, "gamma": 91.71306237701393}}
{"target": 19.038941683503786, "params": {"C": 143.94170957070065, "epsilon": 0.03731407792896569, "gamma": 38.83852244936544}}
{"target": 35.8195116838047, "params": {"C": 2712.8993895745625, "epsilon": 14.473834438913464, "gamma": 318.33407133030585}}
{"target": 19.274471317919655, "params": {"C": 689.8983819753951, "epsilon": 12.242141741540241, "gamma": 60.96544110840555}}
{"target": 27.02323186923443, "params": {"C": 4.126554576724459, "epsilon": 2.25013221688286, "gamma": 69.6658311615952}}
{"target": 71.3223610017615, "params": {"C": 620.2698184191399, "epsilon": 98.43404182388933, "gamma": 102.82318828345413}}
{"target": 20.92459519648008, "params": {"C": 981.8503482516152, "epsilon": 0.1894581017196686, "gamma": 69.35754585601153}}
{"target": 36.74528780241121, "params": {"C": 22.616541074463612, "epsilon": 13.508237447967035, "gamma": 16.92134807442075}}
{"target": 18.36080674503217, "params": {"C": 647.3354684795097, "epsilon": 13.920425699239305, "gamma": 59.43796466882943}}
{"target": 23.82587362213237, "params": {"C": 2333.1415446867536, "epsilon": 12.52309997894801, "gamma": 63.20100261111239}}
{"target": 47.79862536671827, "params": {"C": 81.75164433598195, "epsilon": 12.798948534176654, "gamma": 2.7134066218500266}}
{"target": 26.216960465606547, "params": {"C": 450.21400801386, "epsilon": 26.90664685594554, "gamma": 87.98057254053414}}
{"target": 24.422641638806205, "params": {"C": 9.556781410329549, "epsilon": 16.2680221307424, "gamma": 53.99298972824252}}
{"target": 62.69466765697183, "params": {"C": 3338.849147141743, "epsilon": 78.50497557999758, "gamma": 473.77548668491346}}
{"target": 18.51764976637217, "params": {"C": 647.1211772323815, "epsilon": 0.5913857341710973, "gamma": 37.70728142822149}}
{"target": 23.127536134226332, "params": {"C": 1409.0004023675372, "epsilon": 16.014215767668933, "gamma": 119.34903810575915}}
{"target": 17.904001632839154, "params": {"C": 880.5935695172712, "epsilon": 0.36764731182128396, "gamma": 49.767877100812065}}
{"target": 20.318120247205822, "params": {"C": 610.9995999372004, "epsilon": 0.2911709128097058, "gamma": 74.81315874475081}}
{"target": 20.32318792171563, "params": {"C": 704.7288723853901, "epsilon": 0.19132348392203632, "gamma": 65.93437395914998}}
{"target": 19.290405490769192, "params": {"C": 24.51307078450202, "epsilon": 1.069987114177599, "gamma": 48.480660983195705}}
{"target": 16.759167878931866, "params": {"C": 375.0789263063096, "epsilon": 0.15971426142113498, "gamma": 48.12285924331799}}
{"target": 24.522103829621795, "params": {"C": 45.26975014687568, "epsilon": 27.369222819915613, "gamma": 53.63277277540777}}
{"target": 24.15609087815404, "params": {"C": 1312.6524674638583, "epsilon": 14.196645065562667, "gamma": 120.04839895172316}}
{"target": 22.575292628267437, "params": {"C": 680.4105607915864, "epsilon": 12.881606688622593, "gamma": 118.87964916385489}}
{"target": 19.755071542903373, "params": {"C": 28.674288533106534, "epsilon": 11.860444249307161, "gamma": 61.17494138991097}}
{"target": 22.539172722793896, "params": {"C": 30.609269876653713, "epsilon": 14.424873038191574, "gamma": 156.3081574426925}}
{"target": 25.70223131065331, "params": {"C": 189.03162571586935, "epsilon": 19.369140001077852, "gamma": 221.79441887358814}}
{"target": 20.861554466980106, "params": {"C": 618.8518542220509, "epsilon": 17.57209222470787, "gamma": 87.26890374974427}}
{"target": 61.09838980804655, "params": {"C": 4783.921282852263, "epsilon": 80.58772947108713, "gamma": 226.88980618765396}}
{"target": 25.714264232746945, "params": {"C": 1265.4196880737625, "epsilon": 25.38784328649192, "gamma": 71.00509397746534}}
{"target": 23.320841639269254, "params": {"C": 1388.2282001171625, "epsilon": 15.90733382266803, "gamma": 122.8245895614264}}
{"target": 26.987039127537408, "params": {"C": 15.758904018061116, "epsilon": 24.26783494013607, "gamma": 92.03029807879399}}
{"target": 19.983575734041903, "params": {"C": 32.53643093982774, "epsilon": 13.053110455535545, "gamma": 71.05800312089957}}
{"target": 21.86067356388739, "params": {"C": 624.0629180574533, "epsilon": 11.163560763499994, "gamma": 117.21397418933017}}
{"target": 19.88795803413196, "params": {"C": 35.57099940052966, "epsilon": 12.973691596616568, "gamma": 50.02799611808108}}
{"target": 27.3788325506987, "params": {"C": 1300.4384613049197, "epsilon": 0.48754634909368577, "gamma": 135.41290435345985}}
{"target": 50.63390750229071, "params": {"C": 3115.8079605441962, "epsilon": 56.86059574168984, "gamma": 487.14219290087}}
{"target": 26.98166856502989, "params": {"C": 5.31778337220257, "epsilon": 1.4793988593398808, "gamma": 118.21182508790966}}
{"target": 22.225839516966936, "params": {"C": 15.589022210072812, "epsilon": 14.714612874593353, "gamma": 68.29828372136276}}
{"target": 30.92270956597999, "params": {"C": 2338.694175442217, "epsilon": 0.7346336026347566, "gamma": 198.5602399614333}}
{"target": 27.807779122703344, "params": {"C": 14.336627315182625, "epsilon": 25.72072864228862, "gamma": 84.57180117733097}}
{"target": 23.040075626895756, "params": {"C": 769.2748422387031, "epsilon": 0.04288010197893577, "gamma": 126.92039774497265}}
{"target": 23.97984502736855, "params": {"C": 699.5494142916517, "epsilon": 15.00278896766265, "gamma": 184.52754164467052}}
{"target": 83.12435691212188, "params": {"C": 1762.6969364726212, "epsilon": 118.35626393245705, "gamma": 191.76698647282475}}
{"target": 23.269603708978714, "params": {"C": 1219.2583256653102, "epsilon": 0.15010597805294434, "gamma": 105.32714445739214}}
{"target": 30.709038480463448, "params": {"C": 3.720545324114184, "epsilon": 9.376541051066614, "gamma": 152.49088539192155}}
{"target": 24.546720930328423, "params": {"C": 1672.6528574716112, "epsilon": 0.5232773123384538, "gamma": 75.86566739531821}}
{"target": 19.8642752595478, "params": {"C": 1116.2210467975617, "epsilon": 14.030000636368257, "gamma": 61.69542691392223}}
{"target": 21.318725598425253, "params": {"C": 711.2395806017696, "epsilon": 12.337824903430278, "gamma": 94.54052491740642}}
{"target": 17.33209607475927, "params": {"C": 755.0179461445936, "epsilon": 0.928118214584984, "gamma": 49.01396660029694}}
{"target": 18.371065718256133, "params": {"C": 1476.7949597461413, "epsilon": 0.2708456017572509, "gamma": 38.16843492910624}}
{"target": 48.727551483711, "params": {"C": 759.3209768247995, "epsilon": 23.01264242573641, "gamma": 0.32732962661519593}}
{"target": 29.228086043599355, "params": {"C": 761.773278772511, "epsilon": 14.376447819449918, "gamma": 15.946942550262825}}
{"target": 17.951012112795684, "params": {"C": 218.82620022909646, "epsilon": 0.061195499454574476, "gamma": 76.17782701939532}}
{"target": 20.942569942213986, "params": {"C": 533.7324272325333, "epsilon": 0.15447416310067186, "gamma": 108.45756319257366}}
{"target": 30.08366145164403, "params": {"C": 3.3216145059684408, "epsilon": 8.639537209138702, "gamma": 96.8668876957211}}
{"target": 23.3946196009123, "params": {"C": 916.9832794722636, "epsilon": 0.21870387551891518, "gamma": 26.90551223117025}}
{"target": 59.44339875380624, "params": {"C": 624.5638605580244, "epsilon": 15.689969456430248, "gamma": 6.829193935966401}}
{"target": 22.273931714450573, "params": {"C": 773.3378624669306, "epsilon": 14.504202871147648, "gamma": 123.17377086975739}}
{"target": 21.885654186073577, "params": {"C": 617.5931417533388, "epsilon": 15.473081168948486, "gamma": 117.11154607406229}}
{"target": 22.562025965457476, "params": {"C": 502.22999407507956, "epsilon": 0.6907361646114903, "gamma": 147.2478945128716}}
{"target": 24.98771359843331, "params": {"C": 10.520630650588203, "epsilon": 17.362050164414413, "gamma": 77.16916572159258}}
{"target": 28.91708123718933, "params": {"C": 6.177855448947042, "epsilon": 16.951208137483643, "gamma": 40.62136270034078}}
{"target": 58.24994507934531, "params": {"C": 678.8439041507564, "epsilon": 13.176956090418448, "gamma": 6.135256146653148}}
{"target": 18.12817247665964, "params": {"C": 607.0422043677546, "epsilon": 12.396732447056873, "gamma": 43.851343208923126}}
{"target": 17.97371086428781, "params": {"C": 42.97849017752523, "epsilon": 0.5507074831971002, "gamma": 106.33157887013911}}
{"target": 17.040511145859107, "params": {"C": 58.16279662135774, "epsilon": 1.7703923330923652, "gamma": 93.88536659114065}}
{"target": 26.636642577891088, "params": {"C": 4.590532733104453, "epsilon": 1.431827188396493, "gamma": 47.9417090868683}}
{"target": 18.41410592402577, "params": {"C": 41.58701886866052, "epsilon": 0.8613798459577124, "gamma": 116.02839139974793}}
{"target": 18.424307761348224, "params": {"C": 1403.639338562912, "epsilon": 0.10111664794464459, "gamma": 37.45126236240775}}
{"target": 47.31144819923295, "params": {"C": 518.5118253490418, "epsilon": 12.1093036925353, "gamma": 1.372534371231481}}
{"target": 30.639447622016775, "params": {"C": 619.2485287997042, "epsilon": 31.528405779220492, "gamma": 146.00714324897672}}
{"target": 18.38598308522524, "params": {"C": 34.22231086756412, "epsilon": 0.5753892236884908, "gamma": 109.42120265351198}}
{"target": 27.653362274283506, "params": {"C": 1288.5805247676758, "epsilon": 17.137646031061614, "gamma": 172.4443274009189}}
{"target": 23.362964835915218, "params": {"C": 572.0080202471058, "epsilon": 0.3818102089579397, "gamma": 18.202071032692693}}
{"target": 20.669563327543326, "params": {"C": 442.83635602159893, "epsilon": 0.4661429577850488, "gamma": 95.28339422255556}}
{"target": 19.73147230315595, "params": {"C": 1311.0749593034684, "epsilon": 13.398404790725769, "gamma": 50.05809695383445}}
{"target": 44.450304101936965, "params": {"C": 22.05420643316026, "epsilon": 17.517642476868325, "gamma": 9.270910731415064}}
{"target": 20.22102420283906, "params": {"C": 856.6208367250271, "epsilon": 0.033760500750820266, "gamma": 57.497524845222685}}
{"target": 22.408499901270595, "params": {"C": 647.0206350566723, "epsilon": 0.7062200593376555, "gamma": 113.98055817920265}}
{"target": 21.942847866216752, "params": {"C": 652.8698318230793, "epsilon": 0.38414004257281, "gamma": 123.11935170436442}}
{"target": 27.043642721412755, "params": {"C": 635.2570579351732, "epsilon": 30.91416944084881, "gamma": 79.40045816068302}}
{"target": 21.005281960686823, "params": {"C": 687.5089831001375, "epsilon": 11.868311377578992, "gamma": 94.30406136789057}}
{"target": 20.412709439221047, "params": {"C": 707.365213822208, "epsilon": 0.40764853495552866, "gamma": 72.2417675747861}}
{"target": 19.996656005244468, "params": {"C": 764.1089083000859, "epsilon": 14.15606125864314, "gamma": 74.77258860571204}}
{"target": 49.21375316096163, "params": {"C": 2991.0074192487423, "epsilon": 65.34231873480886, "gamma": 126.81258815042095}}
{"target": 30.333461472135163, "params": {"C": 17.008794704127965, "epsilon": 1.64503679988783, "gamma": 21.152484952103137}}
{"target": 37.5118200259111, "params": {"C": 46.204377150397434, "epsilon": 44.84870438441954, "gamma": 146.09684874737323}}
{"target": 19.691420678516288, "params": {"C": 687.2080674773295, "epsilon": 17.057005965497375, "gamma": 70.9358703068974}}
{"target": 25.913476198728592, "params": {"C": 719.1843577584424, "epsilon": 0.22541214208016846, "gamma": 175.77151767444582}}
{"target": 23.70206997727049, "params": {"C": 858.007855583345, "epsilon": 0.3544322705117505, "gamma": 24.16517158633252}}
{"target": 19.55292661360405, "params": {"C": 477.8833911235912, "epsilon": 0.26112943102949404, "gamma": 37.4033735861193}}
{"target": 52.89271036057856, "params": {"C": 410.3160418732308, "epsilon": 0.1539049176278559, "gamma": 8.138548433213458}}
{"target": 20.881769169934934, "params": {"C": 837.7926405919037, "epsilon": 14.079351693951404, "gamma": 87.06773168983858}}
{"target": 22.62467045004606, "params": {"C": 64.97962548383275, "epsilon": 18.99777973384701, "gamma": 134.8785612681375}}
{"target": 24.926220138199927, "params": {"C": 601.7821330300555, "epsilon": 0.5418711449419524, "gamma": 178.05614394707936}}
{"target": 27.086493993338387, "params": {"C": 4.921868300664471, "epsilon": 0.4032143587102819, "gamma": 100.6001417864366}}
{"target": 21.683524761532517, "params": {"C": 687.6644687093026, "epsilon": 14.467685839032288, "gamma": 103.88840988214315}}
{"target": 21.19994649660195, "params": {"C": 37.839126915935935, "epsilon": 13.48202319282909, "gamma": 99.18004070052649}}
