{"target": 22.798733505396186, "params": {"C": 8.400514482756591, "epsilon": 0.2717170598187343, "gamma": 77.88408199137805}}
{"target": 17.84188683539663, "params": {"C": 983.0392732509076, "epsilon": 12.380369033278928, "gamma": 43.99718594472947}}
{"target": 17.051027298453825, "params": {"C": 64.44534097871605, "epsilon": 0.293996035980324, "gamma": 76.59541924477482}}
{"target": 24.368350478815042, "params": {"C": 1393.3333971439883, "epsilon": 23.14485495232661, "gamma": 49.45117560480162}}
{"target": 20.790697491331553, "params": {"C": 762.5381020124785, "epsilon": 18.617622276807445, "gamma": 60.96906236640026}}
{"target": 19.539273573930522, "params": {"C": 1542.5232576790038, "epsilon": 0.06519673855482866, "gamma": 47.56069841508575}}
{"target": 21.725506811114048, "params": {"C": 796.6336141943119, "epsilon": 14.76584044389683, "gamma": 114.09429353380307}}
{"target": 25.337620337943115, "params": {"C": 7.946263910590616, "epsilon": 12.14719447488785, "gamma": 99.0283769473894}}
{"target": 46.55547759592992, "params": {"C": 536.2063240942504, "epsilon": 0.6178454470961254, "gamma": 1.216375307084121}}
{"target": 43.32210141998361, "params": {"C": 6.9039940765539995, "epsilon": 11.841649916727391, "gamma": 12.046612344872116}}
{"target": 20.66555760607435, "params": {"C": 825.7667102322104, "epsilon": 13.510184875359634, "gamma": 85.00926110382434}}
{"target": 53.957389414240666, "params": {"C": 1478.6907365535044, "epsilon": 21.26311813313501, "gamma": 2.4481560770382274}}
{"target": 21.880870723870792, "params": {"C": 91.31125849705656, "epsilon": 17.83988901821361, "gamma": 128.2936126982358}}
{"target": 23.028468478755595, "params": {"C": 794.6154596098521, "epsilon": 0.3498974820619356, "gamma": 103.23121703025342}}
{"target": 81.46097265914696, "params": {"C": 1719.31418958685, "epsilon": 116.16327687597833, "gamma": 110.83453279587445}}
{"target": 37.76797737019247, "params": {"C": 1044.9059291876324, "epsilon": 38.85793893209635, "gamma": 273.97074858664354}}
{"target": 18.773685836656345, "params": {"C": 739.6956563512049, "epsilon": 0.05362184498257605, "gamma": 55.53794412794909}}
{"target": 51.417915735551105, "params": {"C": 22.77890041782547, "epsilon": 30.277605888965315, "gamma": 0.8653706090494637}}
{"target": 22.442139399101727, "params": {"C": 843.0791472890317, "epsilon": 0.06740153056124343, "gamma": 113.57679567358382}}
{"target": 27.746832939794388, "params": {"C": 866.649403388354, "epsilon": 2.3226046671881977, "gamma": 187.24876150903958}}
{"target": 29.199820631787606, "params": {"C": 1255.7194127670539, "epsilon": 2.912215753245909, "gamma": 177.48194689694367}}
{"target": 22.221025359692213, "params": {"C": 580.1015109772676, "epsilon": 14.5082284529221, "gamma": 136.53491711681215}}
{"target": 21.487769918987514, "params": {"C": 36.32091331853535, "epsilon": 15.420539412205246, "gamma": 102.07078310346476}}
{"target": 46.64931841145493, "params": {"C": 96.4789407128397, "epsilon": 1.5199628525319966, "gamma": 6.428895408919935}}
{"target": 26.641557304510663, "params": {"C": 986.2207504774282, "epsilon": 30.523781315928716, "gamma": 94.05592701127885}}
{"target": 25.89404400895229, "params": {"C": 21.946650848002278, "epsilon": 18.122326783234918, "gamma": 183.5744345086706}}
{"target": 24.894641095791837, "params": {"C": 1125.5344712402339, "epsilon": 30.7574045316252, "gamma": 68.98392727204373}}
{"target": 24.284389378772, "params": {"C": 1533.8672032981713, "epsilon": 0.4833861542641662, "gamma": 111.15019916014458}}
{"target": 29.982827849727165, "params": {"C": 20.912417693245033, "epsilon": 29.24823541300342, "gamma": 117.97400821474723}}
{"target": 50.35562962639446, "params": {"C": 2.48289822099386, "epsilon": 10.01650145639963, "gamma": 2.62912934632665}}
{"target": 44.95715073811276, "params": {"C": 568.744627281343, "epsilon": 0.3340323584038518, "gamma": 0.9650349696842895}}
{"target": 28.26835372008088, "params": {"C": 1268.493991283493, "epsilon": 1.1250525533697957, "gamma": 212.76780011830425}}
{"target": 22.36704898953979, "params": {"C": 23.373124948581605, "epsilon": 17.47234659252004, "gamma": 100.09345168141613}}
{"target": 20.89083239622501, "params": {"C": 579.803490663031, "epsilon": 14.824516923623039, "gamma": 90.46037447477781}}
{"target": 20.404347465389236, "params": {"C": 638.5268308315863, "epsilon": 13.095920528798086, "gamma": 73.8468053733482}}
{"target": 18.411128922419206, "params": {"C": 693.8209464089654, "epsilon": 13.94855805371738, "gamma": 57.11382536209701}}
{"target": 21.770296751289447, "params": {"C": 835.6716697716375, "epsilon": 14.518732121389585, "gamma": 108.33452334585566}}
{"target": 46.721473255521545, "params": {"C": 5593.221690069138, "epsilon": 43.80089701101347, "gamma": 288.74265460416694}}
{"target": 21.95212908760249, "params": {"C": 688.7228733884842, "epsilon": 16.831676739071007, "gamma": 118.38607619350537}}
{"target": 18.98770423051284, "params": {"C": 1317.5642782005546, "epsilon": 13.672521775529056, "gamma": 46.043395477891394}}
{"target": 82.99742743353829, "params": {"C": 4309.447937682246, "epsilon": 116.7124572339518, "gamma": 371.5792238668578}}
{"target": 18.727454127098838, "params": {"C": 547.8324276083829, "epsilon": 15.97662739623541, "gamma": 66.07645579879592}}
{"target": 18.988547154590588, "params": {"C": 1388.110825489603, "epsilon": 10.59239860031363, "gamma": 47.961431076945104}}
{"target": 18.192679671058695, "params": {"C": 55.60335392461624, "epsilon": 0.6714808934639596, "gamma": 122.04573670093309}}
{"target": 52.94376738930979, "params": {"C": 12.07330293244604, "epsilon": 6.2829274394723935, "gamma": 0.14885977690319407}}
{"target": 19.653949432162868, "params": {"C": 38.443080254009374, "epsilon": 11.59235329931294, "gamma": 71.95076177377436}}
{"target": 19.13253671010144, "params": {"C": 481.7230530997463, "epsilon": 0.46153054096013935, "gamma": 65.81815609032867}}
{"target": 18.295701599083095, "params": {"C": 601.8988601585871, "epsilon": 13.9926525405349, "gamma": 46.55503934151282}}
{"target": 80.93278037952868, "params": {"C": 3004.6054305018815, "epsilon": 111.16729260274245, "gamma": 498.71816529045685}}
{"target": 18.025415065342, "params": {"C": 774.0252132192518, "epsilon": 12.947982140657441, "gamma": 50.96957729278185}}
{"target": 21.85635695320609, "params": {"C": 558.342548254407, "epsilon": 14.507767191338631, "gamma": 124.97548208289695}}
{"target": 19.3520525707071, "params": {"C": 563.5947016782828, "epsilon": 0.5660525715163789, "gamma": 64.9850612150148}}
{"target": 22.08045715630492, "params": {"C": 788.627553185782, "epsilon": 0.7103642926695206, "gamma": 85.6203994768014}}
{"target": 20.288017605418492, "params": {"C": 29.55660228966407, "epsilon": 10.277175693376696, "gamma": 106.86965264449329}}
{"target": 22.056287023696758, "params": {"C": 729.0457028397408, "epsilon": 14.821343617122142, "gamma": 122.76895976344548}}
{"target": 22.296414892522737, "params": {"C": 20.495703220427572, "epsilon": 14.523788474548512, "gamma": 110.50028025612876}}
{"target": 21.39227139542777, "params": {"C": 40.92335086551088, "epsilon": 17.535508144622547, "gamma": 86.18121684088993}}
{"target": 21.334953312213308, "params": {"C": 1114.4711938371188, "epsilon": 0.06625496134596931, "gamma": 57.65844251617138}}
{"target": 23.056558026185833, "params": {"C": 834.4122649595449, "epsilon": 0.07497559417084565, "gamma": 122.07338963219334}}
{"target": 18.47021732744628, "params": {"C": 53.20496306124866, "epsilon": 0.31266110009871584, "gamma": 52.84037519956897}}
{"target": 27.746585112398424, "params": {"C": 5.162471479914046, "epsilon": 10.575369707723448, "gamma": 42.28874400148298}}
{"target": 20.20792323994366, "params": {"C": 44.98592513337512, "epsilon": 14.897839702734952, "gamma": 71.36889705047872}}
{"target": 19.40405418428711, "params": {"C": 33.78457412379717, "epsilon": 11.204227409093033, "gamma": 48.65599998675765}}
{"target": 19.244191351690645, "params": {"C": 570.8341028713446, "epsilon": 13.492745595747358, "gamma": 64.4927316331921}}
{"target": 17.942979184331325, "params": {"C": 110.70478166043245, "epsilon": 0.555680819902576, "gamma": 109.1006568590336}}
{"target": 18.181429772131672, "params": {"C": 798.954061357062, "epsilon": 0.1676481391011192, "gamma": 52.24066738514799}}
{"target": 56.90921190330344, "params": {"C": 787.0979663378199, "epsilon": 14.916956055722231, "gamma": 10.714804092917717}}
{"target": 26.331951906337444, "params": {"C": 839.5252795859159, "epsilon": 0.04926736357027384, "gamma": 170.5641426148204}}
{"target": 45.0447421900418, "params": {"C": 1636.2332459265015, "epsilon": 0.7046824382283442, "gamma": 0.5117002883117294}}
{"target": 26.1761549743759, "params": {"C": 883.5528305224436, "epsilon": 0.667339185739271, "gamma": 150.97305619930881}}
{"target": 25.157177853876558, "params": {"C": 655.256079730005, "epsilon": 32.287471254519886, "gamma": 59.068490528595575}}
{"target": 22.44494748812184, "params": {"C": 1266.5229547375611, "epsilon": 12.148953989559491, "gamma": 78.64037311803813}}
{"target": 22.723831856686708, "params": {"C": 763.2579258453692, "epsilon": 0.9157731993840885, "gamma": 132.4963729549513}}
{"target": 22.129334207752816, "params": {"C": 706.8784784163734, "epsilon": 0.18457569214253985, "gamma": 102.6343402929616}}
{"target": 21.33099941341186, "params": {"C": 807.0664801226791, "epsilon": 14.394431202424661, "gamma": 32.47703438812299}}
{"target": 28.663867427167997, "params": {"C": 34.42516741622572, "epsilon": 30.744595109214405, "gamma": 117.44418954834873}}
{"target": 56.56392143904958, "params": {"C": 707.0089415461539, "epsilon": 0.1866555635339826, "gamma": 8.251279025974284}}
{"target": 22.659346874371234, "params": {"C": 664.957120457457, "epsilon": 0.05883286157259593, "gamma": 130.26273601694623}}
{"target": 31.099102055528913, "params": {"C": 1448.2109255577736, "epsilon": 28.785200451762048, "gamma": 157.58190874926518}}
{"target": 23.90076374832387, "params": {"C": 11.230091956786566, "epsilon": 16.959204830733597, "gamma": 58.47708946103742}}
{"target": 27.734201521994482, "params": {"C": 1543.6609781295338, "epsilon": 19.06475632390227, "gamma": 146.36670847931094}}
{"target": 18.4321200216044, "params": {"C": 78.94608985920335, "epsilon": 0.38458567170842384, "gamma": 147.34444195281742}}
{"target": 41.990493221615395, "params": {"C": 27.233076918059993, "epsilon": 0.40128548889246685, "gamma": 10.585258337324014}}
{"target": 19.36763868629974, "params": {"C": 682.7880881638629, "epsilon": 13.429996701602615, "gamma": 61.23882039413524}}
{"target": 18.20925141876265, "params": {"C": 673.3459656040495, "epsilon": 14.778638762406185, "gamma": 63.049109217651896}}
{"target": 20.201848736852927, "params": {"C": 668.3795514018161, "epsilon": 1.9838777297581256, "gamma": 67.07998736216774}}
{"target": 17.66711195879531, "params": {"C": 916.6321856325685, "epsilon": 11.931319420464273, "gamma": 48.72462696179823}}
{"target": 26.58178524435462, "params": {"C": 15.926181207935514, "epsilon": 24.137387177159308, "gamma": 69.76506796510857}}
{"target": 21.260227907857892, "params": {"C": 15.298964459485688, "epsilon": 8.914128194076783, "gamma": 52.31565595117911}}
{"target": 27.61725551216121, "params": {"C": 742.6771411521346, "epsilon": 27.900278471088946, "gamma": 17.475197281117097}}
{"target": 36.956790862373836, "params": {"C": 7.1947684992286725, "epsilon": 30.919925892369594, "gamma": 154.20974420017677}}
{"target": 42.097585630253846, "params": {"C": 661.721659838993, "epsilon": 52.69165961047797, "gamma": 126.21198543436094}}
{"target": 20.88569491161914, "params": {"C": 581.3071022455624, "epsilon": 0.02947597074633812, "gamma": 109.3314474864786}}
{"target": 21.18038393469515, "params": {"C": 765.886648825984, "epsilon": 14.191892498931953, "gamma": 32.190459947135594}}
{"target": 27.457847340428096, "params": {"C": 620.9327499662547, "epsilon": 26.94854395984232, "gamma": 102.82257452776167}}
{"target": 21.378820154965137, "params": {"C": 22.011360364180263, "epsilon": 16.84540801138988, "gamma": 65.15491488442008}}
{"target": 23.55518339475884, "params": {"C": 13.320978405551529, "epsilon": 17.263460753143477, "gamma": 49.61901002800327}}
{"target": 22.005163147333093, "params": {"C": 1530.418062238653, "epsilon": 12.524670221764316, "gamma": 84.53474716785136}}
{"target": 34.26086005505116, "params": {"C": 7.290982700281177, "epsilon": 30.87351672694894, "gamma": 55.315677381006765}}
{"target": 17.47497089738412, "params": {"C": 85.48203544346188, "epsilon": 0.6635759471843317, "gamma": 100.56562995809475}}
{"target": 22.234735148119306, "params": {"C": 1646.8466216006022, "epsilon": 0.1985581894202726, "gamma": 65.97957512025289}}
{"target": 21.111952082130575, "params": {"C": 802.7350785241179, "epsilon": 0.8672510330165635, "gamma": 71.48588469472085}}
{"target": 24.508504491053266, "params": {"C": 666.8729499293852, "epsilon": 12.442468606648138, "gamma": 180.41631999665935}}
{"target": 22.645499501828546, "params": {"C": 1391.2598526171003, "epsilon": 1.132081538993384, "gamma": 61.82380873869433}}
{"target": 22.58917554744939, "params": {"C": 24.45269613734618, "epsilon": 14.15867588526173, "gamma": 32.7809443233742}}
{"target": 22.643853266773057, "params": {"C": 1766.6639140088428, "epsilon": 0.7184489727110712, "gamma": 58.1407266718194}}
{"target": 21.061213526757463, "params": {"C": 51.17473244298506, "epsilon": 15.44629673701893, "gamma": 116.4545949167569}}
{"target": 33.940577710897074, "params": {"C": 2.4194406695062582, "epsilon": 13.866237533876436, "gamma": 77.35055458125339}}
{"target": 21.246735801866343, "params": {"C": 980.8021047806332, "epsilon": 0.012997570806694614, "gamma": 77.74587983803576}}
{"target": 22.16585310304564, "params": {"C": 150.7445264360942, "epsilon": 15.088159849482892, "gamma": 146.29367101870042}}
{"target": 21.335475814893137, "params": {"C": 644.5110307231348, "epsilon": 14.555907495054203, "gamma": 112.78572398718507}}
{"target": 21.626907340492522, "params": {"C": 492.0130338118706, "epsilon": 11.917472088184784, "gamma": 136.57784994092702}}
{"target": 18.002039551240046, "params": {"C": 591.424988178402, "epsilon": 13.056926211631936, "gamma": 46.36950489820904}}
{"target": 17.723108322153244, "params": {"C": 104.93445131639805, "epsilon": 0.0309811610773969, "gamma": 111.97374645321655}}
{"target": 20.95609928028776, "params": {"C": 639.9653944558745, "epsilon": 14.092390413723408, "gamma": 20.092938553511523}}
{"target": 20.970005953043767, "params": {"C": 827.8387134253763, "epsilon": 13.90834124783126, "gamma": 91.93989202900713}}
{"target": 18.87812588339368, "params": {"C": 40.07627676652204, "epsilon": 1.5370005629755967, "gamma": 136.70427571895124}}
{"target": 22.193691474409896, "params": {"C": 13.564635995737206, "epsilon": 2.1260078693120485, "gamma": 143.11383585233202}}
{"target": 76.61819333530977, "params": {"C": 1555.5479271675201, "epsilon": 103.52794828576882, "gamma": 385.9174363994204}}
{"target": 18.996613123676966, "params": {"C": 80.03340282609048, "epsilon": 0.5854228808182114, "gamma": 41.12832712092099}}
{"target": 50.58894058788103, "params": {"C": 661.8542509813294, "epsilon": 29.073904931689658, "gamma": 0.3524705727189996}}
{"target": 16.415184306859217, "params": {"C": 87.18754963317855, "epsilon": 0.507465939578596, "gamma": 64.07637190445573}}
{"target": 41.54006131166945, "params": {"C": 779.9361813462638, "epsilon": 0.07738846378177033, "gamma": 13.131022006198052}}
{"target": 16.4053234049452, "params": {"C": 105.05377346653677, "epsilon": 1.0200939821039505, "gamma": 82.70812444340172}}
{"target": 16.705832374838526, "params": {"C": 78.24833450155077, "epsilon": 1.4964731481091493, "gamma": 61.71058611918181}}
{"target": 34.36634184558905, "params": {"C": 3.2930702217005603, "epsilon": 4.928993308887074, "gamma": 29.782317435546858}}
{"target": 19.112854813527516, "params": {"C": 618.6714055906807, "epsilon": 0.6568062286920894, "gamma": 60.9694022541409}}
{"target": 44.8937699593283, "params": {"C": 0.7164771393411229, "epsilon": 1.4959530502304803, "gamma": 109.49193023938172}}
{"target": 21.849582612662097, "params": {"C": 718.4345108217292, "epsilon": 13.179745760526403, "gamma": 112.27780291427499}}
{"target": 20.69900557107901, "params": {"C": 723.7028085704567, "epsilon": 16.42512743583504, "gamma": 42.53529691614246}}
{"target": 21.268027836497094, "params": {"C": 64.37507516140704, "epsilon": 13.888955413769011, "gamma": 124.46101966406158}}
{"target": 44.324912811226525, "params": {"C": 57.289079952516204, "epsilon": 0.556802460512186, "gamma": 11.154420501303456}}
{"target": 23.183227362903956, "params": {"C": 678.075314500494, "epsilon": 12.523610557868508, "gamma": 154.32917608455836}}
{"target": 16.260417204392898, "params": {"C": 121.85692305669076, "epsilon": 0.7125341591800571, "gamma": 56.20379088553533}}
{"target": 21.23952260313342, "params": {"C": 13.458761260555619, "epsilon": 6.724926635495032, "gamma": 87.02927293049162}}
{"target": 37.165459787377124, "params": {"C": 4406.82938639664, "epsilon": 38.117067234204356, "gamma": 145.2451787223324}}
{"target": 21.105051230018454, "params": {"C": 21.66673384107105, "epsilon": 12.28773508409265, "gamma": 68.81861110324925}}
{"target": 21.700385440339954, "params": {"C": 38.59474246636997, "epsilon": 19.623932582186562, "gamma": 67.12263354773245}}
{"target": 21.258647169587128, "params": {"C": 600.2225875689364, "epsilon": 0.3874764814982804, "gamma": 95.73077016080805}}
{"target": 26.914324572908413, "params": {"C": 1282.182668849052, "epsilon": 0.11675947563028422, "gamma": 136.94464346974087}}
{"target": 63.98650217997613, "params": {"C": 2817.140076604023, "epsilon": 70.80138351623933, "gamma": 1.8934845398665914}}
{"target": 20.01392683950629, "params": {"C": 100.26278215336994, "epsilon": 0.849844172324727, "gamma": 31.64818564813826}}
{"target": 49.81919358430253, "params": {"C": 4292.427190145038, "epsilon": 56.58935926023344, "gamma": 353.5842499514919}}
{"target": 17.667491400613063, "params": {"C": 52.695385201085045, "epsilon": 0.6962615043520268, "gamma": 104.55009647332555}}
{"target": 21.5931996933293, "params": {"C": 13.37719958265555, "epsilon": 3.177129232179222, "gamma": 54.754516546661606}}
{"target": 21.965962323194866, "params": {"C": 638.1590367474519, "epsilon": 14.792481029773258, "gamma": 19.6887892334207}}
{"target": 20.115945447760573, "params": {"C": 524.6367925713976, "epsilon": 0.43425175318977216, "gamma": 75.79272518901912}}
{"target": 23.368699697592454, "params": {"C": 37.41532773301961, "epsilon": 16.819542208693452, "gamma": 166.04610474194658}}
{"target": 51.0065631757763, "params": {"C": 528.9290631183976, "epsilon": 22.240759360249722, "gamma": 2.7195393384325257}}
{"target": 39.71986642325305, "params": {"C": 745.7396198973572, "epsilon": 15.539014921533067, "gamma": 13.527817355204057}}
{"target": 21.40721408934284, "params": {"C": 35.39181739452911, "epsilon": 1.1262824093759565, "gamma": 28.783998208936843}}
{"target": 29.575614570534178, "params": {"C": 1259.7702322049818, "epsilon": 26.30889229218202, "gamma": 92.85330969459906}}
{"target": 21.236863171125997, "params": {"C": 761.6893725361722, "epsilon": 14.951781855968331, "gamma": 92.18755228345557}}
{"target": 20.33935941810504, "params": {"C": 522.6473697648177, "epsilon": 1.0129464269101376, "gamma": 78.72888918590802}}
{"target": 55.47729017549567, "params": {"C": 1324.5581018130506, "epsilon": 17.213746952025808, "gamma": 3.236701284569655}}
{"target": 40.21696513430253, "params": {"C": 1.148347314015055, "epsilon": 0.8586911982535471, "gamma": 51.44246015742427}}
{"target": 33.22067434310098, "params": {"C": 10.74121633132225, "epsilon": 31.342851043677555, "gamma": 39.309246114692364}}
{"target": 21.59750001820806, "params": {"C": 825.1347435739997, "epsilon": 11.185563092746655, "gamma": 106.86868882511942}}
{"target": 32.71203165167538, "params": {"C": 22.445560451724276, "epsilon": 25.49361239948669, "gamma": 21.240640307286824}}
{"target": 49.34736086303475, "params": {"C": 4899.715620098095, "epsilon": 57.10407691897909, "gamma": 121.35905638048308}}
{"target": 16.908652030630797, "params": {"C": 97.85813000103556, "epsilon": 0.3575656728139065, "gamma": 55.14890395020511}}
{"target": 22.070745500082914, "params": {"C": 1034.3287085353948, "epsilon": 9.997238763554728, "gamma": 66.2276673165001}}
{"target": 22.704911129304154, "params": {"C": 568.8029968229397, "epsilon": 0.1570040647471287, "gamma": 25.632876761994574}}
{"target": 16.89198313219172, "params": {"C": 582.2300430288351, "epsilon": 0.8265046737405721, "gamma": 46.613362767989564}}
{"target": 21.389584042884174, "params": {"C": 1152.2688274040104, "epsilon": 0.4004346445546556, "gamma": 65.17541647629572}}
{"target": 22.993206352297513, "params": {"C": 648.980403805354, "epsilon": 14.26258859947849, "gamma": 18.686092245826536}}
{"target": 16.772419290558837, "params": {"C": 569.2560575483238, "epsilon": 0.28576964061699917, "gamma": 43.8143092456709}}
{"target": 23.37681061891124, "params": {"C": 1385.402176858679, "epsilon": 13.891529241303719, "gamma": 113.06880690516886}}
{"target": 22.199556307927065, "params": {"C": 726.3487832652982, "epsilon": 16.064274202643894, "gamma": 125.21131379878483}}
{"target": 20.34240545434693, "params": {"C": 649.6489764347738, "epsilon": 0.40912579182739606, "gamma": 74.25342575479816}}
{"target": 16.28808237905516, "params": {"C": 113.94000513320304, "epsilon": 0.3173657661051177, "gamma": 71.27125378505244}}
{"target": 20.955315243602982, "params": {"C": 653.0442238727178, "epsilon": 13.706055641342967, "gamma": 86.4244860684705}}
{"target": 20.296813587630965, "params": {"C": 481.8636486903316, "epsilon": 0.34817583335530267, "gamma": 85.85118249393734}}
{"target": 56.968061361173355, "params": {"C": 990.9903177445183, "epsilon": 0.3274645205693383, "gamma": 5.467475630639754}}
