{"target": 31.834694455102483, "params": {"C": 4.283374960117129, "epsilon": 1.0395472990736754, "gamma": 248.34703823916487}}
{"target": 28.165470606781923, "params": {"C": 848.828525784484, "epsilon": 0.5357860498586984, "gamma": 176.0405143878982}}
{"target": 33.99581449476811, "params": {"C": 809.5276192794034, "epsilon": 45.06081248556257, "gamma": 107.93763301458647}}
{"target": 24.28781987044761, "params": {"C": 7.640252562665054, "epsilon": 10.335821849480702, "gamma": 80.26386130289846}}
{"target": 47.08081817220525, "params": {"C": 57.36213222858459, "epsilon": 14.193500216228042, "gamma": 5.142047214271983}}
{"target": 22.618677266528522, "params": {"C": 1435.2908131398478, "epsilon": 10.050189983653276, "gamma": 67.67303860080217}}
{"target": 20.427615860466574, "params": {"C": 1325.845468634013, "epsilon": 11.674705121282349, "gamma": 56.15749915742867}}
{"target": 23.244024607186226, "params": {"C": 1169.5300269295199, "epsilon": 11.21791588841878, "gamma": 90.5831183503531}}
{"target": 23.371415786655728, "params": {"C": 574.5945601892773, "epsilon": 0.5397573382961032, "gamma": 153.20652403198386}}
{"target": 19.519106484155422, "params": {"C": 1370.7071668718515, "epsilon": 0.1123747994625075, "gamma": 49.39768358527583}}
{"target": 37.45933768223114, "params": {"C": 86.72518439798323, "epsilon": 0.17367172337193915, "gamma": 15.737756768155059}}
{"target": 26.74196132695254, "params": {"C": 13.385340484236224, "epsilon": 20.338257194614396, "gamma": 126.08248230783772}}
{"target": 26.321386529778046, "params": {"C": 544.3191423010992, "epsilon": 26.763223153490625, "gamma": 82.45837121616341}}
{"target": 50.78701356520922, "params": {"C": 113.75488220374768, "epsilon": 1.2196898392988054, "gamma": 0.13855684728848416}}
{"target": 16.357965680392237, "params": {"C": 132.25813270772787, "epsilon": 0.05965201381202068, "gamma": 70.02948966260564}}
{"target": 22.909805603375965, "params": {"C": 635.3610235292642, "epsilon": 0.9612569676844456, "gamma": 27.472621601218144}}
{"target": 44.20350227023339, "params": {"C": 1025.0992260736928, "epsilon": 0.29276485537901387, "gamma": 12.536254028706779}}
{"target": 49.87754423611844, "params": {"C": 828.4201601108705, "epsilon": 6.540710717950253, "gamma": 1.9550121253860553}}
{"target": 22.891360617872266, "params": {"C": 14.223072963076532, "epsilon": 14.947082624689097, "gamma": 46.28462196339036}}
{"target": 21.409914240121168, "params": {"C": 682.3828487104696, "epsilon": 13.868883977489467, "gamma": 111.35710611711178}}
{"target": 24.14344441533991, "params": {"C": 1368.1719844673094, "epsilon": 12.680288152348773, "gamma": 108.32365585391409}}
{"target": 21.963810185439588, "params": {"C": 743.7872728910211, "epsilon": 0.1798679870209664, "gamma": 95.11616678307999}}
{"target": 22.091994450589397, "params": {"C": 1274.880367462672, "epsilon": 14.682726532870324, "gamma": 100.73399834828837}}
{"target": 16.93113620492207, "params": {"C": 547.4932138298786, "epsilon": 10.058076426137696, "gamma": 53.28107356399492}}
{"target": 19.244512576852223, "params": {"C": 701.808579285884, "epsilon": 13.815670638926516, "gamma": 64.43433846484008}}
{"target": 56.86676074767022, "params": {"C": 692.4135515909055, "epsilon": 0.4167738234528422, "gamma": 11.12342349742758}}
{"target": 22.25271784753718, "params": {"C": 675.1457811032622, "epsilon": 0.27036171370847273, "gamma": 106.16579401604938}}
{"target": 24.072109081454823, "params": {"C": 15.279558529003197, "epsilon": 16.57328434133945, "gamma": 115.0546912283524}}
{"target": 21.440412556451832, "params": {"C": 496.6918853010318, "epsilon": 13.48664492702892, "gamma": 119.31881659557502}}
{"target": 22.01780327679616, "params": {"C": 708.3953286725047, "epsilon": 0.08407445977928862, "gamma": 30.477707182574868}}
{"target": 16.013263757678722, "params": {"C": 131.99191422552113, "epsilon": 0.7742053275553484, "gamma": 71.73394417143079}}
{"target": 17.892176920261377, "params": {"C": 486.6955442425307, "epsilon": 14.68474087852272, "gamma": 55.9163927834757}}
{"target": 20.78320716788947, "params": {"C": 543.457027309084, "epsilon": 0.578986787339583, "gamma": 34.71280198264273}}
{"target": 22.621836776282056, "params": {"C": 992.849705595962, "epsilon": 0.6189085475820786, "gamma": 84.16600348075433}}
{"target": 23.01207220086956, "params": {"C": 796.6368500127445, "epsilon": 13.416747106843264, "gamma": 131.24616884017013}}
{"target": 21.57880946576231, "params": {"C": 18.178558633670505, "epsilon": 11.621245001616499, "gamma": 71.48830469758269}}
{"target": 21.22853111488783, "params": {"C": 439.8658155849896, "epsilon": 0.3488687864652812, "gamma": 140.13105787000103}}
{"target": 17.98474681692489, "params": {"C": 781.6244794954839, "epsilon": 11.163407781967724, "gamma": 55.46272378153836}}
{"target": 56.32161793821647, "params": {"C": 653.3978690281835, "epsilon": 33.79218001714492, "gamma": 5.360637182499389}}
{"target": 19.893235620688063, "params": {"C": 310.99571669923, "epsilon": 0.13347287073961223, "gamma": 105.24923755347555}}
{"target": 20.73476331439887, "params": {"C": 600.8274350512265, "epsilon": 1.2027493701910659, "gamma": 76.42820080848182}}
