{"target": 47.955026446336646, "params": {"C": 5439.736344978277, "epsilon": 55.88226406642436, "gamma": 154.24643468459982}}
{"target": 17.2587853819076, "params": {"C": 56.04052012442986, "epsilon": 0.9505360884546159, "gamma": 72.54326242336802}}
{"target": 29.667925680972512, "params": {"C": 860.8481246538793, "epsilon": 37.39230272809133, "gamma": 81.21241121973236}}
{"target": 25.206419322294533, "params": {"C": 26.46640434027421, "epsilon": 22.656329396781306, "gamma": 106.63048284852417}}
{"target": 17.018868393489164, "params": {"C": 435.97402819405255, "epsilon": 0.11687276986993789, "gamma": 52.9439023237896}}
{"target": 19.41033085947029, "params": {"C": 22.380011427832414, "epsilon": 1.00329479157888, "gamma": 54.0672419256034}}
{"target": 26.72233970970142, "params": {"C": 918.185340006491, "epsilon": 0.32007389599470915, "gamma": 164.6341336218223}}
{"target": 18.5783898410261, "params": {"C": 145.95559546875023, "epsilon": 0.39194098594169413, "gamma": 121.9613415170686}}
{"target": 17.75284514443045, "params": {"C": 144.69183409586552, "epsilon": 0.4263914159334435, "gamma": 89.13019480769108}}
{"target": 56.65786662845644, "params": {"C": 557.4600453560392, "epsilon": 16.037273297084326, "gamma": 5.7496088146807125}}
{"target": 18.535606972033726, "params": {"C": 43.524352098134656, "epsilon": 1.9605243821376823, "gamma": 130.64095440490124}}
{"target": 31.069427371355822, "params": {"C": 3.8923375368055844, "epsilon": 13.914963214232376, "gamma": 125.07960631765461}}
{"target": 23.398203018826372, "params": {"C": 892.5313932871247, "epsilon": 0.5376289081496886, "gamma": 128.39235409064895}}
{"target": 21.693911624156083, "params": {"C": 776.7038175251673, "epsilon": 1.827217447927924, "gamma": 72.55748420989615}}
{"target": 23.582278262323726, "params": {"C": 979.0261016795096, "epsilon": 1.0394414121480346, "gamma": 127.68456860989822}}
{"target": 22.198669155139445, "params": {"C": 705.9640015625024, "epsilon": 18.152272860714298, "gamma": 90.76253112496516}}
{"target": 21.59769171281049, "params": {"C": 810.6024685267174, "epsilon": 19.514613514694197, "gamma": 61.27457460265259}}
{"target": 28.529571024580697, "params": {"C": 1087.2079908807752, "epsilon": 0.47468410879837897, "gamma": 164.1655718431066}}
{"target": 83.34653597007755, "params": {"C": 3537.2954268417525, "epsilon": 117.84908242296382, "gamma": 298.1436316240299}}
{"target": 16.6353967825553, "params": {"C": 71.21004596804761, "epsilon": 0.7929773455574534, "gamma": 71.07304025100257}}
{"target": 20.18955412362191, "params": {"C": 632.520356133206, "epsilon": 15.580467602630101, "gamma": 84.70636025758986}}
{"target": 83.7258000524954, "params": {"C": 849.1894266384279, "epsilon": 119.30654731265474, "gamma": 213.7559445193466}}
{"target": 20.255082295656624, "params": {"C": 810.7475169544671, "epsilon": 17.870830344956243, "gamma": 63.01116581381982}}
{"target": 16.950696337014598, "params": {"C": 118.97594164148691, "epsilon": 0.8080541473729803, "gamma": 87.30750593137623}}
{"target": 20.57359850260688, "params": {"C": 757.1677098619589, "epsilon": 0.07909051194513061, "gamma": 67.40739953641088}}
{"target": 47.806836221214425, "params": {"C": 0.49756822050092353, "epsilon": 2.516396289063398, "gamma": 113.5710957554561}}
{"target": 25.754326480936506, "params": {"C": 7.070039743346328, "epsilon": 14.538140341086152, "gamma": 65.95075214654481}}
{"target": 47.816971394900165, "params": {"C": 0.5997935773625898, "epsilon": 11.327394166079067, "gamma": 55.09862626321521}}
{"target": 22.79952380877895, "params": {"C": 621.6384764184527, "epsilon": 1.4203680165300792, "gamma": 18.726036957050546}}
{"target": 19.719759687922725, "params": {"C": 120.15384345195487, "epsilon": 24.319782662573314, "gamma": 24.42488576941394}}
{"target": 41.95049467651159, "params": {"C": 28.19881980828402, "epsilon": 18.97141070498194, "gamma": 14.300229264239285}}
{"target": 32.73479548834332, "params": {"C": 1391.4063843711858, "epsilon": 12.296988005271757, "gamma": 352.0752227729264}}
{"target": 56.09572533271205, "params": {"C": 744.0137312600979, "epsilon": 16.811147277744325, "gamma": 10.922071782033953}}
{"target": 16.227891933115707, "params": {"C": 179.87137230666377, "epsilon": 0.29368971677379385, "gamma": 71.86172312449168}}
{"target": 53.1807410611792, "params": {"C": 879.2949378782317, "epsilon": 2.6250389643078913, "gamma": 3.124002666095123}}
{"target": 21.436528275931103, "params": {"C": 1138.1462412961514, "epsilon": 0.4981172427028113, "gamma": 66.84037394642462}}
{"target": 20.254588773742594, "params": {"C": 71.39040030750516, "epsilon": 16.110618771967907, "gamma": 52.036613718905905}}
{"target": 19.9328699725476, "params": {"C": 24.096689078793474, "epsilon": 3.6465911997084426, "gamma": 44.76063719056334}}
{"target": 23.017528686350502, "params": {"C": 835.8656390109454, "epsilon": 0.2921353556597599, "gamma": 97.96896543449853}}
{"target": 56.72694634820162, "params": {"C": 976.8318448651834, "epsilon": 0.9355874220123221, "gamma": 7.061675459880988}}
{"target": 56.714959848043954, "params": {"C": 772.6049492676343, "epsilon": 76.27933558219128, "gamma": 113.54072399658108}}
{"target": 20.047116494955482, "params": {"C": 107.47608450094681, "epsilon": 14.577522810823146, "gamma": 99.16481804094174}}
{"target": 23.207785293657093, "params": {"C": 847.8621898148072, "epsilon": 16.019224587635527, "gamma": 144.802027636005}}
{"target": 52.969299308181476, "params": {"C": 5389.685380253202, "epsilon": 61.894526462586114, "gamma": 491.7058486751637}}
{"target": 22.85508843820828, "params": {"C": 478.758729989989, "epsilon": 16.141689739048793, "gamma": 152.82365403870415}}
{"target": 23.93918006733889, "params": {"C": 31.98149741309109, "epsilon": 18.29599575098998, "gamma": 158.40067314754614}}
{"target": 17.780034083769912, "params": {"C": 75.00462148058683, "epsilon": 0.5934103453696423, "gamma": 122.62158205415716}}
{"target": 20.778670914765115, "params": {"C": 59.356839658112136, "epsilon": 6.724843664202955, "gamma": 145.68506606563898}}
{"target": 24.87957308619083, "params": {"C": 983.7135748738774, "epsilon": 3.738749965724927, "gamma": 88.50418373956144}}
{"target": 70.35882135840563, "params": {"C": 3181.036151500932, "epsilon": 91.1275770444108, "gamma": 490.4205770912838}}
{"target": 19.703379027950096, "params": {"C": 90.66718949469687, "epsilon": 3.198964268755137, "gamma": 162.62918417162763}}
{"target": 49.07095423399875, "params": {"C": 860.3729892133857, "epsilon": 0.6541131641843072, "gamma": 1.6796871906027917}}
{"target": 24.425178411699413, "params": {"C": 385.91425141092896, "epsilon": 0.31567588203078145, "gamma": 429.2967686489954}}
{"target": 29.35312597673485, "params": {"C": 3.213100026609908, "epsilon": 4.248903529062859, "gamma": 81.2165178187037}}
{"target": 18.04149129319502, "params": {"C": 47.21948544029681, "epsilon": 2.093648144467034, "gamma": 55.16376013475067}}
{"target": 17.321455676819532, "params": {"C": 57.04681963267282, "epsilon": 1.5266659039614634, "gamma": 99.04832218009555}}
{"target": 15.923066373710203, "params": {"C": 111.7146807482696, "epsilon": 1.015335443749331, "gamma": 66.77258789345852}}
{"target": 22.54384114897977, "params": {"C": 9.41541801919007, "epsilon": 2.7646750814612773, "gamma": 95.34971173728732}}
{"target": 20.827703820693493, "params": {"C": 639.3230997540079, "epsilon": 0.6959330614291317, "gamma": 78.53437355952596}}
{"target": 18.852044085823884, "params": {"C": 113.66824109493635, "epsilon": 0.7037722217655507, "gamma": 40.47027835994045}}
{"target": 25.082188971300198, "params": {"C": 17.963992542361552, "epsilon": 23.391779327623944, "gamma": 56.82648494707952}}
{"target": 28.795463632354096, "params": {"C": 799.5832093630297, "epsilon": 37.93403949306443, "gamma": 68.04405763900458}}
{"target": 25.151201988480718, "params": {"C": 992.6570217962039, "epsilon": 20.405200664484163, "gamma": 101.4633245932477}}
{"target": 38.26343526146158, "params": {"C": 20.875822054954455, "epsilon": 43.05775121106417, "gamma": 55.21075066602475}}
{"target": 39.820257118959844, "params": {"C": 4667.30838498616, "epsilon": 4.797870037512524, "gamma": 197.96668730815216}}
{"target": 19.612018308247468, "params": {"C": 1064.627921222037, "epsilon": 15.984378333768824, "gamma": 78.93353143796244}}
{"target": 22.39802424294144, "params": {"C": 779.3684714119221, "epsilon": 0.3782487744436631, "gamma": 97.52255892766823}}
{"target": 19.482531284772072, "params": {"C": 1379.607670189978, "epsilon": 14.860244663476744, "gamma": 86.40934139617899}}
{"target": 24.055100273259377, "params": {"C": 1212.944715593733, "epsilon": 10.62990277063292, "gamma": 106.96118754449199}}
{"target": 21.812867635664134, "params": {"C": 39.884329281233335, "epsilon": 19.33133504888403, "gamma": 82.546476818441}}
{"target": 55.800872881234476, "params": {"C": 612.4918211488364, "epsilon": 16.45236182021586, "gamma": 4.724455616792966}}
{"target": 20.588410265810488, "params": {"C": 960.2938577779285, "epsilon": 14.543847688742481, "gamma": 79.52943289486421}}
{"target": 20.08134952325512, "params": {"C": 135.87333780655223, "epsilon": 0.3446470344691408, "gamma": 32.52458576603281}}
{"target": 22.841783822294822, "params": {"C": 1068.9908338961432, "epsilon": 11.352106204996806, "gamma": 95.09824367661732}}
{"target": 42.96339223997697, "params": {"C": 2174.7237766275202, "epsilon": 31.66522043195057, "gamma": 471.9358300303702}}
{"target": 22.478769864403723, "params": {"C": 13.17116149940108, "epsilon": 15.417451220748248, "gamma": 56.86989235716288}}
{"target": 16.182738893650043, "params": {"C": 117.65872559276015, "epsilon": 0.6270455509460406, "gamma": 70.61593137418478}}
{"target": 17.947043549767457, "params": {"C": 193.02001353020995, "epsilon": 0.23270414430365094, "gamma": 45.49568783090986}}
{"target": 19.844298762758783, "params": {"C": 110.13124681914837, "epsilon": 16.096469117597987, "gamma": 84.6696039825155}}
{"target": 22.13903845289503, "params": {"C": 9.994645399866926, "epsilon": 1.1135280422806677, "gamma": 89.26076119898354}}
{"target": 25.271164117308793, "params": {"C": 1546.0721884876757, "epsilon": 0.7393147590676086, "gamma": 84.35423833316545}}
{"target": 21.051827781357908, "params": {"C": 758.447063892855, "epsilon": 14.223960720777, "gamma": 36.59344299992402}}
{"target": 44.70079481930247, "params": {"C": 949.2726137063254, "epsilon": 0.05815171554251153, "gamma": 12.518445762001363}}
{"target": 58.43059169737943, "params": {"C": 1772.9199126443225, "epsilon": 27.525334112675466, "gamma": 10.502867018753378}}
{"target": 17.39118342324555, "params": {"C": 474.38623493437996, "epsilon": 0.255862393568182, "gamma": 54.83370475622764}}
{"target": 20.78874028656617, "params": {"C": 160.0140052704518, "epsilon": 0.6496937260741606, "gamma": 26.38856556721955}}
{"target": 72.09237624084628, "params": {"C": 1836.4838937010047, "epsilon": 27.70625064600232, "gamma": 6.8438861235239585}}
{"target": 40.04208306221365, "params": {"C": 160.09849249603303, "epsilon": 40.93433005419567, "gamma": 482.5504828156569}}
{"target": 83.74170739616171, "params": {"C": 5075.964619147333, "epsilon": 118.42923451881965, "gamma": 337.4512451133953}}
{"target": 25.800458974697573, "params": {"C": 1137.2798527555012, "epsilon": 1.805675887639461, "gamma": 138.9581660161099}}
{"target": 19.3012654537667, "params": {"C": 119.89957487897239, "epsilon": 1.2937815763247373, "gamma": 174.32461414312039}}
{"target": 32.01124345427472, "params": {"C": 2.5361453530038034, "epsilon": 1.3029513170031244, "gamma": 101.59377180048284}}
{"target": 22.841002545549976, "params": {"C": 825.1194840073013, "epsilon": 1.1524877286829016, "gamma": 108.89946418171326}}
{"target": 68.01902870585826, "params": {"C": 4242.94758632232, "epsilon": 94.97284424477863, "gamma": 54.85637137878766}}
{"target": 23.72899446046842, "params": {"C": 1297.2502571274754, "epsilon": 0.9194537042126569, "gamma": 100.586680768181}}
{"target": 22.831024605656143, "params": {"C": 805.2729014803565, "epsilon": 0.5364762286082229, "gamma": 125.83899354037834}}
{"target": 22.484621059869948, "params": {"C": 900.284793845921, "epsilon": 16.959232855534427, "gamma": 123.50065609712738}}
{"target": 76.4943829106733, "params": {"C": 2098.835937956749, "epsilon": 104.60905294008298, "gamma": 294.831240827113}}
{"target": 21.666641791353996, "params": {"C": 817.1320948244205, "epsilon": 14.156442270692608, "gamma": 97.89387057913356}}
{"target": 21.805844995051462, "params": {"C": 168.14342203210387, "epsilon": 20.05760238795929, "gamma": 77.12055192758376}}
{"target": 56.6654328747851, "params": {"C": 4620.149658774411, "epsilon": 77.20987314128473, "gamma": 131.57682208547664}}
{"target": 45.14810294167642, "params": {"C": 69.42245367224783, "epsilon": 14.579584625824642, "gamma": 13.646349744319153}}
{"target": 45.595620742713415, "params": {"C": 43.08746031186398, "epsilon": 9.393840224235024, "gamma": 7.884592867298288}}
{"target": 22.63290689335578, "params": {"C": 917.191237680763, "epsilon": 0.5520160169145316, "gamma": 114.76215717219542}}
{"target": 23.42627145824601, "params": {"C": 779.7365378188005, "epsilon": 1.8623355693283288, "gamma": 105.51172598554365}}
{"target": 24.822325187409078, "params": {"C": 99.42054216753473, "epsilon": 22.867646118351804, "gamma": 139.2331930716242}}
{"target": 18.901815311640046, "params": {"C": 25.073897017616602, "epsilon": 1.1758821413643905, "gamma": 105.04401818385284}}
{"target": 46.90885246892147, "params": {"C": 379.576517157651, "epsilon": 0.15963457500666633, "gamma": 13.414799755757429}}
{"target": 22.954262934902104, "params": {"C": 752.0415343903182, "epsilon": 0.4372529516463466, "gamma": 104.30845463111393}}
{"target": 53.60159469531699, "params": {"C": 3924.9133373168834, "epsilon": 67.43111527157873, "gamma": 287.6071396340523}}
{"target": 20.758909161289033, "params": {"C": 589.4908301675172, "epsilon": 0.6194338624260267, "gamma": 34.292494469323}}
{"target": 28.65971952943129, "params": {"C": 8.798126936813475, "epsilon": 20.792227109220757, "gamma": 107.65356474351373}}
{"target": 17.477603912670766, "params": {"C": 637.2590367648975, "epsilon": 0.8229942701696925, "gamma": 52.84359270234189}}
{"target": 17.95913548256091, "params": {"C": 180.4089186790817, "epsilon": 0.5422299701296959, "gamma": 44.793187378918184}}
{"target": 29.289842705007423, "params": {"C": 3.036557356709551, "epsilon": 2.578864030200255, "gamma": 80.85956586130989}}
{"target": 18.65531455446178, "params": {"C": 996.526863788911, "epsilon": 0.48311604004447517, "gamma": 35.68143593011391}}
{"target": 20.311528837404012, "params": {"C": 783.7845192166385, "epsilon": 17.757292023600154, "gamma": 75.63526782578208}}
{"target": 21.673473927149164, "params": {"C": 841.5741104549314, "epsilon": 0.2970344820451596, "gamma": 85.8103140238228}}
{"target": 20.092428261456828, "params": {"C": 26.356288615908028, "epsilon": 1.4594521261153066, "gamma": 157.8353688319538}}
{"target": 23.124816070718314, "params": {"C": 684.6980821958105, "epsilon": 21.58063391332955, "gamma": 73.24924131472375}}
{"target": 21.775318551768887, "params": {"C": 642.3198257752217, "epsilon": 19.215690263331773, "gamma": 77.13993531778569}}
{"target": 19.692984305496644, "params": {"C": 866.0872286479147, "epsilon": 16.577967927348848, "gamma": 71.0743087485279}}
{"target": 18.89866867488987, "params": {"C": 176.21677614050836, "epsilon": 0.34482718506086574, "gamma": 128.328230428584}}
{"target": 66.07897133782097, "params": {"C": 1905.3045158397108, "epsilon": 85.4977436647044, "gamma": 387.3887762847553}}
{"target": 20.933610915871956, "params": {"C": 36.4537433634491, "epsilon": 19.258932299263385, "gamma": 52.14497136409387}}
{"target": 26.585245030007638, "params": {"C": 6.518687815838177, "epsilon": 13.223585946227171, "gamma": 95.21773250569709}}
{"target": 49.49300427146738, "params": {"C": 1.5234340258430734, "epsilon": 2.8122378084612847, "gamma": 7.5388239655666}}
{"target": 20.878871693690815, "params": {"C": 38.84151379784205, "epsilon": 19.724839952150685, "gamma": 49.08399065535316}}
{"target": 18.42496571427192, "params": {"C": 1173.4463923036194, "epsilon": 0.6755567665371505, "gamma": 48.12590236843385}}
{"target": 19.9405095491912, "params": {"C": 628.6285934842648, "epsilon": 15.840750985187613, "gamma": 71.00418003533959}}
{"target": 24.314309730388413, "params": {"C": 16.556334612956334, "epsilon": 18.23474579005716, "gamma": 114.42332149808526}}
{"target": 18.462859950101965, "params": {"C": 29.664386765171734, "epsilon": 2.960586192635642, "gamma": 92.2195996755151}}
{"target": 22.345416275813314, "params": {"C": 816.9863143373292, "epsilon": 17.38076066673784, "gamma": 27.603357295215638}}
{"target": 46.27645005953768, "params": {"C": 41.64150606875171, "epsilon": 0.4291543558048615, "gamma": 4.525388868955204}}
{"target": 23.73968227997851, "params": {"C": 7.384798918823073, "epsilon": 5.002416081999282, "gamma": 62.68049354285094}}
{"target": 29.452697427301576, "params": {"C": 42.00803130423972, "epsilon": 0.07765691912945605, "gamma": 20.181352118649457}}
{"target": 22.774039028659153, "params": {"C": 713.6292790894148, "epsilon": 1.0632713031520633, "gamma": 134.4294608889381}}
{"target": 30.83122028435347, "params": {"C": 8.418762933385935, "epsilon": 21.274142886970477, "gamma": 150.38193907303167}}
{"target": 21.86848196813316, "params": {"C": 45.838774099746786, "epsilon": 14.614017625576906, "gamma": 120.5929150175147}}
{"target": 27.66762883500499, "params": {"C": 964.7952278368289, "epsilon": 19.510618624883246, "gamma": 164.7550544954265}}
{"target": 22.479470293840475, "params": {"C": 667.7946135973086, "epsilon": 0.4326050283959648, "gamma": 107.04884721306598}}
{"target": 26.03963134176113, "params": {"C": 1726.1901669120934, "epsilon": 1.0456454423370243, "gamma": 14.705078896907231}}
{"target": 17.545292969297762, "params": {"C": 54.81976227903863, "epsilon": 2.964120878396922, "gamma": 98.45766014856261}}
{"target": 27.24408787650973, "params": {"C": 827.0967028844012, "epsilon": 1.2882197779518412, "gamma": 169.72813383772547}}
{"target": 49.424030050495546, "params": {"C": 0.3981477718795077, "epsilon": 2.040555146694132, "gamma": 143.35193977945772}}
{"target": 23.51464255978354, "params": {"C": 1000.947653353591, "epsilon": 1.0657958331890995, "gamma": 99.31636741823378}}
{"target": 38.06853735054602, "params": {"C": 5980.026803765775, "epsilon": 36.489534971110146, "gamma": 110.67563940845696}}
{"target": 24.067092186370182, "params": {"C": 1034.3562808894112, "epsilon": 0.48969989566335403, "gamma": 92.89863036389315}}
{"target": 21.591032276666997, "params": {"C": 754.935440308931, "epsilon": 20.628497555461195, "gamma": 22.365024465684208}}
{"target": 20.40658568247642, "params": {"C": 1031.1547364843145, "epsilon": 17.296918471992512, "gamma": 46.67403280729643}}
{"target": 20.00795955403884, "params": {"C": 483.1600374313006, "epsilon": 14.87516385496023, "gamma": 82.3353234393739}}
{"target": 23.051188502356034, "params": {"C": 11.518233249217232, "epsilon": 15.553497100056921, "gamma": 59.15600975679946}}
{"target": 20.806636239255972, "params": {"C": 58.379742025049765, "epsilon": 20.248843777146416, "gamma": 49.79846041352776}}
{"target": 17.250461553968773, "params": {"C": 769.3886178385723, "epsilon": 0.5949498222245715, "gamma": 43.424108475680455}}
{"target": 23.75746104482348, "params": {"C": 1188.5074977691515, "epsilon": 0.16183989760845452, "gamma": 96.15548508878429}}
{"target": 70.5641014269381, "params": {"C": 523.6762691211779, "epsilon": 93.6904506896497, "gamma": 336.40181229212806}}
{"target": 20.258693746603644, "params": {"C": 690.6476840222521, "epsilon": 0.256634222543503, "gamma": 69.29592715650828}}
{"target": 22.130742829044706, "params": {"C": 818.8164923885766, "epsilon": 16.504886468483587, "gamma": 23.360223736817645}}
{"target": 17.873657534626783, "params": {"C": 205.87954862767094, "epsilon": 0.5343471938314762, "gamma": 44.822789829172144}}
{"target": 24.072298519208182, "params": {"C": 2349.2157462553987, "epsilon": 0.5204468694689468, "gamma": 64.03463399871274}}
{"target": 18.11445205619562, "params": {"C": 87.20330114225362, "epsilon": 0.2229450805431068, "gamma": 50.31727523395716}}
{"target": 17.970465262124932, "params": {"C": 147.1271802354834, "epsilon": 0.37647179063372926, "gamma": 92.06759920725409}}
{"target": 81.12747174511898, "params": {"C": 4870.669378739414, "epsilon": 111.62072979814177, "gamma": 497.8993031252929}}
{"target": 21.681226912359055, "params": {"C": 615.7493868773682, "epsilon": 0.294122196847858, "gamma": 31.875179489318462}}
{"target": 19.43040191530403, "params": {"C": 19.54275738107154, "epsilon": 1.2241109068878133, "gamma": 89.54870418309518}}
{"target": 19.895057094562887, "params": {"C": 17.176243732794887, "epsilon": 2.2348032115143823, "gamma": 99.10744700685822}}
{"target": 24.047628418697425, "params": {"C": 1931.8624824232131, "epsilon": 15.89633574739197, "gamma": 110.2862131792184}}
{"target": 20.05910825106952, "params": {"C": 354.7085797054403, "epsilon": 0.06770387496688668, "gamma": 100.81430971195839}}
{"target": 52.1049768913713, "params": {"C": 0.6091754712726356, "epsilon": 23.961999864354482, "gamma": 28.637460801868798}}
{"target": 22.576698788860547, "params": {"C": 115.7165869125524, "epsilon": 19.39353313142269, "gamma": 121.44454396253636}}
{"target": 21.17422279365421, "params": {"C": 17.97673665129524, "epsilon": 1.459788947149013, "gamma": 34.87002306176615}}
{"target": 22.262729284010863, "params": {"C": 584.7014942451816, "epsilon": 13.84678289815647, "gamma": 158.01833613167713}}
{"target": 49.69840384928505, "params": {"C": 26.593913670244007, "epsilon": 31.588040659038946, "gamma": 4.6483162107392815}}
{"target": 24.791353413683915, "params": {"C": 1876.741077031956, "epsilon": 18.69293831599291, "gamma": 112.19664652836302}}
