{"target": 80.35821738847434, "params": {"C": 4386.3080704229715, "epsilon": 111.01361598940596, "gamma": 380.097363948324}}
{"target": 63.39352266682215, "params": {"C": 4721.512928593373, "epsilon": 80.68835895262166, "gamma": 413.23222029948624}}
{"target": 51.23054952059077, "params": {"C": 3600.943741641939, "epsilon": 67.15185744404153, "gamma": 176.1068028890037}}
{"target": 61.56490731739924, "params": {"C": 3685.28669836458, "epsilon": 79.9344520900778, "gamma": 286.12785687150665}}
{"target": 53.552255087746275, "params": {"C": 2973.140144815196, "epsilon": 64.24184642797418, "gamma": 399.7589984373297}}
{"target": 33.65048391154926, "params": {"C": 548.6532606305078, "epsilon": 36.441884675167586, "gamma": 274.7041493312537}}
{"target": 70.61599848120537, "params": {"C": 4868.385247213164, "epsilon": 97.40237501582475, "gamma": 94.15232221665366}}
{"target": 24.75947632175057, "params": {"C": 507.5418625599895, "epsilon": 50.93369423035924, "gamma": 31.538255187344777}}
{"target": 75.61820835620543, "params": {"C": 5909.192690643336, "epsilon": 104.67030749489442, "gamma": 166.08677099224272}}
{"target": 78.18885573171312, "params": {"C": 3460.4298738015464, "epsilon": 107.16126177456486, "gamma": 345.1709544576879}}
{"target": 42.721657534724, "params": {"C": 5785.069912995382, "epsilon": 58.680639015791634, "gamma": 14.23093699030013}}
{"target": 60.28792355101372, "params": {"C": 5284.715796801098, "epsilon": 77.83497852915042, "gamma": 287.0447573506858}}
{"target": 43.470160933044056, "params": {"C": 2912.974858950802, "epsilon": 31.729149739493636, "gamma": 330.01064568190816}}
{"target": 55.26451601615304, "params": {"C": 2521.5059434120594, "epsilon": 70.1739372582225, "gamma": 281.5615423249699}}
{"target": 57.416721493158136, "params": {"C": 1693.4090926167942, "epsilon": 71.55299385614545, "gamma": 370.3805383978471}}
{"target": 63.636953916650896, "params": {"C": 1406.2044773520786, "epsilon": 82.37386954569993, "gamma": 338.99799300903624}}
{"target": 50.03408752544941, "params": {"C": 5784.377148121527, "epsilon": 64.52043560980651, "gamma": 214.87695678968973}}
{"target": 29.88508430768702, "params": {"C": 2348.5773737302084, "epsilon": 26.04903293468938, "gamma": 176.25193260399297}}
{"target": 79.03361196004974, "params": {"C": 1247.4467411179778, "epsilon": 108.98084315610167, "gamma": 325.5490389525526}}
{"target": 75.05905446169018, "params": {"C": 972.4203107314266, "epsilon": 100.93906168409035, "gamma": 362.6632186506574}}
{"target": 29.753018138636907, "params": {"C": 1359.7381532198774, "epsilon": 52.35845661025997, "gamma": 42.962898962010584}}
{"target": 72.43118595518368, "params": {"C": 1584.7292095634402, "epsilon": 94.90602270276196, "gamma": 471.0756745061151}}
{"target": 60.151459558783486, "params": {"C": 5097.932936465233, "epsilon": 75.50140379535861, "gamma": 401.17550279811746}}
{"target": 45.17977735428628, "params": {"C": 3749.235914990976, "epsilon": 45.521820674684925, "gamma": 260.38503275073055}}
{"target": 57.57858154816266, "params": {"C": 397.30327005121785, "epsilon": 82.83651300197863, "gamma": 39.410560555154426}}
{"target": 67.77489765706729, "params": {"C": 5066.822093446811, "epsilon": 90.66940050490683, "gamma": 259.1797754740175}}
{"target": 66.88026019176252, "params": {"C": 553.4443310441081, "epsilon": 90.11809389223365, "gamma": 203.43251565091924}}
{"target": 58.72157233656013, "params": {"C": 2457.5110343547226, "epsilon": 76.72887195417276, "gamma": 3.423955898555496}}
{"target": 42.993377960714874, "params": {"C": 1492.6740217647284, "epsilon": 48.71701843428908, "gamma": 181.30247721473654}}
{"target": 42.85854288827839, "params": {"C": 5164.414258199419, "epsilon": 47.90387684956191, "gamma": 160.27595143441002}}
{"target": 69.87432656387782, "params": {"C": 2447.3499547503084, "epsilon": 91.06362049362822, "gamma": 431.20031238205246}}
{"target": 22.074103325152873, "params": {"C": 231.6095559621035, "epsilon": 28.03088294772987, "gamma": 24.116431799403426}}
{"target": 33.198147377945915, "params": {"C": 2386.3572983861463, "epsilon": 10.08273914121253, "gamma": 345.466519175967}}
{"target": 19.519026425845396, "params": {"C": 845.6596680578273, "epsilon": 41.272518560702586, "gamma": 29.700461571584054}}
{"target": 23.118359121207007, "params": {"C": 209.56312609482626, "epsilon": 4.935618640223008, "gamma": 264.2489877048969}}
{"target": 23.820606997170096, "params": {"C": 50.55782558202009, "epsilon": 24.632789695126718, "gamma": 77.8386312122386}}
{"target": 24.212852612793196, "params": {"C": 396.8712564271141, "epsilon": 36.422539538666, "gamma": 39.90297751141229}}
{"target": 19.59532985077771, "params": {"C": 343.85188379671604, "epsilon": 3.074663404524369, "gamma": 87.07840409636822}}
{"target": 46.7347160786759, "params": {"C": 1226.0148948526944, "epsilon": 23.99988941296427, "gamma": 0.761045860119097}}
{"target": 21.026850616456986, "params": {"C": 332.83304294551357, "epsilon": 1.8569561637040812, "gamma": 146.09235784042642}}
{"target": 18.204050178871878, "params": {"C": 83.84979418567946, "epsilon": 1.0393796327836569, "gamma": 133.48507297236083}}
{"target": 25.34164322962534, "params": {"C": 1330.526316709299, "epsilon": 1.3868308621224459, "gamma": 123.90528019787641}}
{"target": 24.761596938980464, "params": {"C": 381.3259634975508, "epsilon": 4.362796486001946, "gamma": 303.66240789756534}}
{"target": 25.924627504874955, "params": {"C": 1413.55001250128, "epsilon": 3.4771477127384713, "gamma": 93.76902091226799}}
{"target": 25.03891808748479, "params": {"C": 1094.5165261348902, "epsilon": 2.861247957134787, "gamma": 133.90181260435097}}
{"target": 22.498983574377892, "params": {"C": 468.6903513851749, "epsilon": 4.696403288278647, "gamma": 122.83078360268597}}
{"target": 21.83077413390638, "params": {"C": 209.45130195435974, "epsilon": 8.064714355212491, "gamma": 159.54949254206178}}
{"target": 52.29087829501448, "params": {"C": 318.7640649862984, "epsilon": 9.465013673708398, "gamma": 7.9423047865164875}}
{"target": 20.24452049270675, "params": {"C": 192.0409314469419, "epsilon": 1.6390060532436088, "gamma": 174.26691669189145}}
{"target": 36.317637280378634, "params": {"C": 4283.833395312655, "epsilon": 12.193962769392536, "gamma": 312.9792580768271}}
{"target": 22.68686544076099, "params": {"C": 476.9178834170615, "epsilon": 0.08417492435519924, "gamma": 27.44776107369576}}
{"target": 25.813677195156608, "params": {"C": 418.0740643885958, "epsilon": 21.465561203769845, "gamma": 178.78168030823574}}
{"target": 38.790086327565994, "params": {"C": 3875.4417840290807, "epsilon": 5.737956173058815, "gamma": 208.50487371009345}}
{"target": 25.11551121362001, "params": {"C": 389.12997860103604, "epsilon": 19.32729408645004, "gamma": 199.88638011520743}}
{"target": 20.182812017178314, "params": {"C": 119.3323358549226, "epsilon": 3.0599743804170236, "gamma": 169.09671297045085}}
{"target": 22.52872935466138, "params": {"C": 205.34007645574903, "epsilon": 14.554198039129599, "gamma": 163.96628970864282}}
{"target": 20.939450924068005, "params": {"C": 219.61772275407256, "epsilon": 5.713196776147796, "gamma": 159.78684606570002}}
{"target": 22.082747542406004, "params": {"C": 435.0848469751248, "epsilon": 2.801891744993414, "gamma": 170.440627688981}}
{"target": 23.885238664073988, "params": {"C": 634.0592528997299, "epsilon": 1.3602241571520584, "gamma": 159.47139059957055}}
{"target": 25.48332443446852, "params": {"C": 3789.315548487586, "epsilon": 18.966875854907123, "gamma": 24.69070959092153}}
{"target": 53.57574181392387, "params": {"C": 4464.502001798472, "epsilon": 35.81705766939325, "gamma": 483.00978531173337}}
{"target": 24.772860372431655, "params": {"C": 3173.9155270063775, "epsilon": 24.732317123472047, "gamma": 20.89788469257759}}
{"target": 21.462458877487236, "params": {"C": 49.11303117856414, "epsilon": 9.659854056124502, "gamma": 139.00387129808624}}
{"target": 21.560753734207047, "params": {"C": 60.091451854409684, "epsilon": 9.437143604712443, "gamma": 140.06816029478125}}
{"target": 18.260509276777118, "params": {"C": 73.91667328089693, "epsilon": 4.791345264359631, "gamma": 99.6599521347589}}
{"target": 22.29277193202684, "params": {"C": 17.03424277616844, "epsilon": 5.66357553742638, "gamma": 155.13943700528918}}
{"target": 19.663728980488845, "params": {"C": 66.60788388339725, "epsilon": 2.080225847288716, "gamma": 187.40258035493824}}
{"target": 41.49671706184806, "params": {"C": 355.1267739192373, "epsilon": 51.825407994328046, "gamma": 148.7997592353424}}
{"target": 34.219963200397004, "params": {"C": 1728.798872937902, "epsilon": 40.73458984501971, "gamma": 94.4972574843246}}
{"target": 22.261542080826167, "params": {"C": 411.37655494684793, "epsilon": 3.3617615561810648, "gamma": 133.31153352496904}}
{"target": 31.85499359833894, "params": {"C": 4037.403384412395, "epsilon": 5.931398490450526, "gamma": 116.60689424955186}}
{"target": 27.503291698686844, "params": {"C": 1199.9678597701177, "epsilon": 0.861365095830289, "gamma": 227.42346718465828}}
{"target": 17.815561353029562, "params": {"C": 208.75828922307426, "epsilon": 0.5707161970232613, "gamma": 78.23317914946433}}
{"target": 33.449254144255306, "params": {"C": 1401.3617759700637, "epsilon": 31.510079640812457, "gamma": 270.59150540594123}}
{"target": 17.90531487782156, "params": {"C": 48.556215060952, "epsilon": 1.9806122749614867, "gamma": 102.30558927812855}}
{"target": 20.90615389218654, "params": {"C": 131.1524242957608, "epsilon": 2.9519358278754684, "gamma": 222.66072919917173}}
{"target": 18.167744225715403, "params": {"C": 184.62164358403896, "epsilon": 0.6095818109989848, "gamma": 88.77272819251046}}
{"target": 19.767716984802753, "params": {"C": 69.07936543300431, "epsilon": 13.87637784956349, "gamma": 81.13509489144313}}
{"target": 17.993836905728813, "params": {"C": 168.71307649887302, "epsilon": 6.657966414424351, "gamma": 46.25402504265419}}
{"target": 18.896673713048457, "params": {"C": 359.85206511434365, "epsilon": 4.007809202901393, "gamma": 79.23250258342755}}
{"target": 26.11321848852661, "params": {"C": 757.4462202932933, "epsilon": 3.551070890265511, "gamma": 255.64115573267358}}
{"target": 50.98178203790567, "params": {"C": 674.1158511135096, "epsilon": 5.2383637921237005, "gamma": 2.411408536789992}}
{"target": 17.663796593029755, "params": {"C": 60.43445056658396, "epsilon": 1.4751033831845355, "gamma": 55.006236300734514}}
{"target": 34.82996367566476, "params": {"C": 539.6599503287612, "epsilon": 27.360124751471886, "gamma": 465.3407868062428}}
{"target": 20.345580031280473, "params": {"C": 626.4757542991445, "epsilon": 1.0811330970943889, "gamma": 73.29715057464925}}
{"target": 17.499734131244374, "params": {"C": 266.1998975442665, "epsilon": 7.157925509853346, "gamma": 65.07152749828073}}
{"target": 17.312421264610112, "params": {"C": 639.406764362236, "epsilon": 5.753867071044756, "gamma": 47.62911361707912}}
{"target": 31.669217506762, "params": {"C": 5674.043976910175, "epsilon": 8.57717043978026, "gamma": 107.13982749801872}}
{"target": 20.903203909910705, "params": {"C": 1365.7221209167494, "epsilon": 11.474210151115749, "gamma": 29.894909195108173}}
{"target": 43.63142082119855, "params": {"C": 63.71066501244412, "epsilon": 14.127271092730352, "gamma": 14.798529311669128}}
{"target": 46.30993619740681, "params": {"C": 178.4036756923225, "epsilon": 3.3670165337135796, "gamma": 1.4324965025036676}}
{"target": 18.125229772115553, "params": {"C": 1530.7107041965562, "epsilon": 4.5816839315232745, "gamma": 40.23210503917988}}
{"target": 20.930432218079776, "params": {"C": 28.027101949053332, "epsilon": 14.877250895464314, "gamma": 51.75880609978535}}
{"target": 19.276127750746873, "params": {"C": 17.83731592398783, "epsilon": 0.4002576931525331, "gamma": 71.12827394506377}}
{"target": 17.93914504090222, "params": {"C": 58.18306342379456, "epsilon": 1.807998075090349, "gamma": 52.77987492389799}}
{"target": 21.144427343042125, "params": {"C": 528.898975288824, "epsilon": 5.673900666068787, "gamma": 23.57368003009178}}
{"target": 26.79060961115045, "params": {"C": 2069.407057504717, "epsilon": 8.749782531554679, "gamma": 86.6959476777877}}
{"target": 82.47475132397203, "params": {"C": 1908.01122809818, "epsilon": 117.20972561725688, "gamma": 179.94643119526796}}
{"target": 44.73179489892224, "params": {"C": 2406.554759109307, "epsilon": 8.064180490861373, "gamma": 0.45672412283570907}}
{"target": 61.61363231487569, "params": {"C": 1706.7682237570289, "epsilon": 20.16858105871747, "gamma": 10.303176922725385}}
{"target": 27.04103217858772, "params": {"C": 1466.723414822398, "epsilon": 23.19680360099219, "gamma": 100.48208897749626}}
{"target": 19.416500492373714, "params": {"C": 2053.280939856038, "epsilon": 0.4252317869866733, "gamma": 44.59598430368619}}
{"target": 28.33033198539514, "params": {"C": 922.0033303342864, "epsilon": 26.03489158217161, "gamma": 93.02133163997925}}
{"target": 25.446956959967824, "params": {"C": 1551.5025291953434, "epsilon": 6.24709206034613, "gamma": 86.42050423829605}}
{"target": 26.44868610381741, "params": {"C": 1777.4987053746145, "epsilon": 4.722135806079187, "gamma": 90.03971223685454}}
{"target": 18.041553344866777, "params": {"C": 200.43893680986162, "epsilon": 3.6095466683702515, "gamma": 87.21650691289}}
{"target": 22.783959070743016, "params": {"C": 8.478732403947816, "epsilon": 3.2460428572922524, "gamma": 70.07000583717706}}
{"target": 17.93734405049075, "params": {"C": 360.3788227058335, "epsilon": 7.40743086688101, "gamma": 65.88157025136044}}
{"target": 17.697846842881354, "params": {"C": 121.94989158844068, "epsilon": 9.860953857748441, "gamma": 56.53449531600242}}
{"target": 24.208110135152545, "params": {"C": 187.46812977843186, "epsilon": 27.28721601960788, "gamma": 73.82782697782044}}
{"target": 37.41624971100215, "params": {"C": 5925.554451442034, "epsilon": 5.646162717268297, "gamma": 405.4657421807492}}
{"target": 23.53893944331487, "params": {"C": 677.0368618304229, "epsilon": 21.193414888591164, "gamma": 82.88662253841493}}
{"target": 25.180484261360604, "params": {"C": 783.6044064301122, "epsilon": 29.985131466834776, "gamma": 78.32864729144573}}
{"target": 42.894693468137916, "params": {"C": 237.48651759383486, "epsilon": 0.8473205556894694, "gamma": 13.603140759484255}}
{"target": 19.970952012913422, "params": {"C": 541.367050198181, "epsilon": 1.2253019195621726, "gamma": 70.73648331096334}}
{"target": 21.775436495164453, "params": {"C": 558.8803127481902, "epsilon": 0.2265613349789719, "gamma": 23.380608735136516}}
{"target": 17.49164590312279, "params": {"C": 37.03419986703463, "epsilon": 3.55117298607945, "gamma": 72.90940827709093}}
{"target": 16.70676766384671, "params": {"C": 423.79781532754964, "epsilon": 2.116759094134642, "gamma": 53.72189883545925}}
{"target": 22.689942610294807, "params": {"C": 929.1580458129624, "epsilon": 2.7894473036465905, "gamma": 75.29177750025318}}
{"target": 29.37226484540299, "params": {"C": 63.708498252918375, "epsilon": 36.468383932345475, "gamma": 62.6170253424047}}
{"target": 25.12012564750865, "params": {"C": 85.81597683929527, "epsilon": 27.959641646766677, "gamma": 84.26757880301064}}
{"target": 24.541987423045274, "params": {"C": 85.60674757073502, "epsilon": 29.944060712454856, "gamma": 74.31224134881262}}
{"target": 17.69058628313501, "params": {"C": 997.2436420389984, "epsilon": 7.519614979688705, "gamma": 52.19677177134414}}
{"target": 19.587842977734446, "params": {"C": 51.566072181793835, "epsilon": 12.831374744481959, "gamma": 76.11959292315231}}
{"target": 21.546960812532177, "params": {"C": 954.3747744121601, "epsilon": 0.3949466002897486, "gamma": 74.71834120637618}}
{"target": 45.691017827723364, "params": {"C": 13.98247361426639, "epsilon": 1.0888048370017034, "gamma": 5.9173338677843645}}
{"target": 19.30671518874321, "params": {"C": 1130.1054275513286, "epsilon": 0.49086436366044417, "gamma": 52.50944087899191}}
{"target": 17.238791273795126, "params": {"C": 145.95523218927124, "epsilon": 6.212710613267308, "gamma": 68.18978608481024}}
{"target": 19.331406361719896, "params": {"C": 80.61624474249672, "epsilon": 1.3323033145379561, "gamma": 38.64687673372956}}
{"target": 57.44609025497031, "params": {"C": 430.96038244801707, "epsilon": 21.97974490750532, "gamma": 7.100247222670546}}
{"target": 17.822672427029794, "params": {"C": 659.3554547728622, "epsilon": 0.13566257067150667, "gamma": 51.6386272043744}}
{"target": 18.98918883517103, "params": {"C": 417.0466992555463, "epsilon": 16.405685493417483, "gamma": 56.70262781838388}}
{"target": 53.90880350711442, "params": {"C": 215.02841446818329, "epsilon": 24.41261873230698, "gamma": 7.777273280936242}}
{"target": 21.840406249954963, "params": {"C": 659.1657682520092, "epsilon": 18.859692723298473, "gamma": 19.79514241760984}}
{"target": 45.75480144603771, "params": {"C": 865.534886076114, "epsilon": 20.507432456509207, "gamma": 0.611304883337155}}
{"target": 16.505921013125622, "params": {"C": 183.47959663508084, "epsilon": 0.9850395196172363, "gamma": 50.69889990787028}}
{"target": 18.568159881504112, "params": {"C": 844.5772529616573, "epsilon": 15.010366362636987, "gamma": 58.804904910550626}}
{"target": 23.499182329142833, "params": {"C": 1062.5828279100012, "epsilon": 19.934940713368185, "gamma": 86.26992412347482}}
{"target": 19.76642235100578, "params": {"C": 733.7813688606485, "epsilon": 15.376687349907563, "gamma": 78.2425011290025}}
{"target": 16.034572788541183, "params": {"C": 156.71259743145174, "epsilon": 2.6824676499926996, "gamma": 61.39723336166087}}
{"target": 20.304028962578762, "params": {"C": 699.3990756584421, "epsilon": 1.2330866215111236, "gamma": 66.82976544399492}}
{"target": 53.5332891453794, "params": {"C": 2199.389889566106, "epsilon": 62.4817971280142, "gamma": 487.32985155078575}}
{"target": 78.12506207140407, "params": {"C": 5955.497001969581, "epsilon": 106.77466586895085, "gamma": 365.07140371271777}}
{"target": 20.3956116160794, "params": {"C": 400.3395521656453, "epsilon": 1.1875996968827627, "gamma": 96.97086756588737}}
{"target": 17.512556986163712, "params": {"C": 104.68009192863597, "epsilon": 7.906872629953033, "gamma": 67.14743011741143}}
{"target": 16.362179254126225, "params": {"C": 165.18334000730664, "epsilon": 0.1874340581481957, "gamma": 75.27128996274828}}
{"target": 51.20662525115846, "params": {"C": 252.3187068561947, "epsilon": 60.29405802519381, "gamma": 339.2476322479879}}
{"target": 21.298734036100093, "params": {"C": 1086.1355204696795, "epsilon": 0.03797058874904358, "gamma": 58.04320256848288}}
{"target": 18.86819133635588, "params": {"C": 52.11070133006971, "epsilon": 6.781105740616583, "gamma": 98.84452061399108}}
{"target": 23.72930521019513, "params": {"C": 1070.761657111358, "epsilon": 0.3955131550455482, "gamma": 96.75124486240954}}
{"target": 19.172119974803167, "params": {"C": 37.72468026468937, "epsilon": 7.454826309487887, "gamma": 108.89839123500519}}
{"target": 17.796616975745714, "params": {"C": 154.70439636293247, "epsilon": 6.097297448614482, "gamma": 78.45319888095297}}
{"target": 39.70602400263989, "params": {"C": 1.4597921405018894, "epsilon": 10.90621829477325, "gamma": 117.57199850579289}}
{"target": 25.9706616745434, "params": {"C": 5.462258992881345, "epsilon": 8.018127156630522, "gamma": 86.58664184138465}}
{"target": 17.826735532360377, "params": {"C": 133.2096347710242, "epsilon": 0.4065374136272921, "gamma": 47.373214762174165}}
{"target": 16.7486403261915, "params": {"C": 111.86552169299216, "epsilon": 3.4726304940685173, "gamma": 84.6717759018326}}
{"target": 17.75276470896245, "params": {"C": 1174.5908222890407, "epsilon": 0.4748602568553734, "gamma": 42.261404920749804}}
{"target": 56.77041378054114, "params": {"C": 940.0438902937561, "epsilon": 1.2899691701027276, "gamma": 7.257994636983369}}
{"target": 21.143339898680395, "params": {"C": 657.6001514778561, "epsilon": 0.28356459309602955, "gamma": 92.0582028699292}}
{"target": 71.53273520227062, "params": {"C": 3383.2784306303693, "epsilon": 98.65006431473552, "gamma": 109.42434026537865}}
{"target": 22.602990800194135, "params": {"C": 947.6264929302437, "epsilon": 1.0021505935820283, "gamma": 116.66912275310455}}
{"target": 28.715930521115467, "params": {"C": 1306.833491511886, "epsilon": 25.710548321899157, "gamma": 162.98606102296824}}
{"target": 18.678733017003335, "params": {"C": 411.9883795441633, "epsilon": 1.3324883174201627, "gamma": 68.99283692180495}}
{"target": 21.24370781116361, "params": {"C": 1220.3207853393574, "epsilon": 16.118963233426143, "gamma": 104.87219804438536}}
{"target": 23.5141021403633, "params": {"C": 1154.9529397023848, "epsilon": 2.0536306016753114, "gamma": 17.208752534224253}}
{"target": 82.09341875163592, "params": {"C": 4452.8546052169895, "epsilon": 115.75873668578456, "gamma": 235.694184264264}}
{"target": 17.949048176543343, "params": {"C": 52.18871976034106, "epsilon": 7.413894782065986, "gamma": 68.80061192855156}}
{"target": 21.08184135612492, "params": {"C": 1093.500150035354, "epsilon": 17.3339183889546, "gamma": 105.41848486064788}}
{"target": 18.720371952212748, "params": {"C": 71.54750504503116, "epsilon": 0.9657838249406618, "gamma": 46.024331248357896}}
{"target": 21.86783532097397, "params": {"C": 66.13870581336967, "epsilon": 21.09709193375987, "gamma": 71.035839718995}}
{"target": 21.668115146309823, "params": {"C": 1235.0529174504045, "epsilon": 15.226415979690742, "gamma": 104.99851831338438}}
{"target": 22.749310569865735, "params": {"C": 1144.446296034414, "epsilon": 0.4796068573663268, "gamma": 79.70605359378428}}
{"target": 29.270634408925513, "params": {"C": 3.8839017321564313, "epsilon": 5.437544040336595, "gamma": 40.92076682219224}}
{"target": 20.846306211397373, "params": {"C": 79.17444110374588, "epsilon": 19.330082303501424, "gamma": 53.49891066779244}}
{"target": 16.91384134041302, "params": {"C": 159.67730964457405, "epsilon": 5.117528081254378, "gamma": 68.13844895638033}}
