{"target": 21.93355269260094, "params": {"C": 1599.585146653566, "epsilon": 18.187719199393648, "gamma": 45.75461443706793}}
{"target": 17.69016920152614, "params": {"C": 75.25459344559042, "epsilon": 0.1995390263395591, "gamma": 131.95081191738873}}
{"target": 21.17447546502113, "params": {"C": 19.656183145855522, "epsilon": 11.705590308894582, "gamma": 86.8943847745733}}
{"target": 22.002448342875205, "params": {"C": 803.1021404949512, "epsilon": 12.913000574647562, "gamma": 107.07697560253187}}
{"target": 22.435551942598067, "params": {"C": 13.718617626800913, "epsilon": 13.620448961737317, "gamma": 85.85205406136168}}
{"target": 19.36014785179903, "params": {"C": 26.716053411621346, "epsilon": 0.9821658926143915, "gamma": 46.85929209630547}}
{"target": 19.742435626935738, "params": {"C": 981.6904598752984, "epsilon": 13.763943220162613, "gamma": 38.22731008842489}}
{"target": 21.210884468620005, "params": {"C": 796.5969677140927, "epsilon": 12.591004286352534, "gamma": 88.76264705046714}}
{"target": 22.0903126333692, "params": {"C": 706.6058663294458, "epsilon": 16.21824060051965, "gamma": 26.074752966172767}}
{"target": 21.310287280557024, "params": {"C": 678.5242024290158, "epsilon": 15.214379072661023, "gamma": 107.73558825206544}}
{"target": 22.74663778791977, "params": {"C": 768.2631110478867, "epsilon": 0.25211228523400364, "gamma": 124.45488137857814}}
{"target": 27.485199062905394, "params": {"C": 772.2714652558523, "epsilon": 1.9779940821717992, "gamma": 187.32184570887165}}
{"target": 19.5932862160905, "params": {"C": 17.65038038785886, "epsilon": 1.1387665650538499, "gamma": 66.94656932625732}}
{"target": 45.88683969659804, "params": {"C": 124.7269715579836, "epsilon": 0.09213997473168614, "gamma": 11.93997040209127}}
{"target": 17.97139294856688, "params": {"C": 644.6853112899662, "epsilon": 12.770539545805036, "gamma": 45.53734699963741}}
{"target": 23.42452829538645, "params": {"C": 700.6319718001794, "epsilon": 23.7177958926861, "gamma": 41.93834851443877}}
{"target": 42.167776309148564, "params": {"C": 2.6812012908336698, "epsilon": 33.340719106735364, "gamma": 98.90885641465816}}
{"target": 17.888567931623175, "params": {"C": 433.8927865346641, "epsilon": 0.31123012006526674, "gamma": 61.20419600316916}}
{"target": 28.63686593851279, "params": {"C": 595.2977350968168, "epsilon": 28.955363121669627, "gamma": 112.75971817596427}}
{"target": 20.33498176726786, "params": {"C": 663.0860941540293, "epsilon": 1.089893487256349, "gamma": 70.3525583586375}}
{"target": 22.335648494000385, "params": {"C": 709.686646630191, "epsilon": 0.013455822457928868, "gamma": 115.9095659696348}}
{"target": 32.03826331094082, "params": {"C": 3.1441150563879035, "epsilon": 15.81462914303259, "gamma": 66.02143163317166}}
{"target": 52.75751071797222, "params": {"C": 434.83302355617695, "epsilon": 17.17121642127797, "gamma": 3.673763789607193}}
{"target": 36.71017726471193, "params": {"C": 2.1135588982373434, "epsilon": 11.483105519301386, "gamma": 156.33436815237462}}
{"target": 48.029964842198396, "params": {"C": 155.11333985575558, "epsilon": 0.40635852953067964, "gamma": 4.742640751773806}}
{"target": 25.216061174239254, "params": {"C": 1269.6797480724595, "epsilon": 15.893941051543976, "gamma": 144.4020684715707}}
{"target": 21.01417468983893, "params": {"C": 789.739276729621, "epsilon": 1.5904778850476569, "gamma": 68.68447136587902}}
{"target": 44.92127164851543, "params": {"C": 430.9248232851364, "epsilon": 0.5693532175928246, "gamma": 0.6282864745048187}}
{"target": 53.519311431491644, "params": {"C": 1251.2272614067026, "epsilon": 17.372794579099388, "gamma": 2.184146430921544}}
{"target": 22.780282345479094, "params": {"C": 790.5626650140248, "epsilon": 0.39335823354374333, "gamma": 125.84681135342659}}
{"target": 62.21176408555375, "params": {"C": 1258.4284236138553, "epsilon": 13.723177805205994, "gamma": 5.3557006274638255}}
{"target": 20.765499408317336, "params": {"C": 26.69023346751652, "epsilon": 12.33634728024786, "gamma": 90.33588894010896}}
{"target": 80.89477143683256, "params": {"C": 2578.8984758674615, "epsilon": 112.05932167040504, "gamma": 393.2153142136036}}
{"target": 24.357312197465237, "params": {"C": 1398.508016436276, "epsilon": 13.99018643791555, "gamma": 118.26084162795337}}
{"target": 21.446301850949318, "params": {"C": 703.7646575230336, "epsilon": 11.490098956870824, "gamma": 98.27398724926158}}
{"target": 46.61288498939679, "params": {"C": 31.45577195837609, "epsilon": 13.108515383323564, "gamma": 4.187493188521749}}
{"target": 20.773603775575815, "params": {"C": 621.765149767917, "epsilon": 11.648513348623961, "gamma": 85.15741014152319}}
{"target": 22.535532996607227, "params": {"C": 769.8447879067387, "epsilon": 10.81134414631562, "gamma": 113.45115696263011}}
{"target": 22.667978539468564, "params": {"C": 669.3544473657248, "epsilon": 0.6948657316202336, "gamma": 108.38488684068747}}
{"target": 67.29813115250695, "params": {"C": 2598.0804252591224, "epsilon": 87.20286007172089, "gamma": 404.8809427719842}}
{"target": 19.385373288066265, "params": {"C": 520.5530150866618, "epsilon": 0.56966767240731, "gamma": 68.17319688677172}}
{"target": 33.05832932636841, "params": {"C": 2.6271087689854653, "epsilon": 0.12397174884616335, "gamma": 149.86656679606173}}
{"target": 22.133401675631536, "params": {"C": 731.9912672514914, "epsilon": 10.136283663373915, "gamma": 90.2036681224044}}
{"target": 20.989508934550425, "params": {"C": 559.768146057387, "epsilon": 0.3038923139879958, "gamma": 90.54544687559589}}
{"target": 18.416195773314378, "params": {"C": 925.861935527704, "epsilon": 12.97636621865038, "gamma": 50.69682755193371}}
{"target": 71.39844630399269, "params": {"C": 2742.8322141432586, "epsilon": 95.20770045996937, "gamma": 329.4313480859514}}
{"target": 21.844865094266574, "params": {"C": 1465.9966045717724, "epsilon": 13.27429843255903, "gamma": 79.23545544413238}}
{"target": 20.544545150391734, "params": {"C": 1602.2745929073399, "epsilon": 0.6207547284054263, "gamma": 29.97488055462113}}
{"target": 30.174774375378725, "params": {"C": 2.94208702491936, "epsilon": 2.2684583537846406, "gamma": 97.93300681494829}}
{"target": 16.99350676538787, "params": {"C": 57.55033222038719, "epsilon": 0.8130679418200732, "gamma": 90.2745846381183}}
{"target": 28.712164081586717, "params": {"C": 737.499930733407, "epsilon": 28.320746437927276, "gamma": 100.97348672811431}}
{"target": 24.00410878703719, "params": {"C": 9.55923244041476, "epsilon": 9.367867041426168, "gamma": 119.54069901762689}}
{"target": 73.78188288426244, "params": {"C": 4362.776804195906, "epsilon": 58.08086355098907, "gamma": 9.62934677547375}}
{"target": 22.83012384141013, "params": {"C": 1046.9215060788852, "epsilon": 0.5257523088618842, "gamma": 27.640169272308764}}
{"target": 28.9971610319874, "params": {"C": 762.2098165304266, "epsilon": 25.39998272773471, "gamma": 118.76624186227025}}
{"target": 27.26216630814228, "params": {"C": 787.0218027106336, "epsilon": 0.5823644280408541, "gamma": 174.43516854292417}}
{"target": 20.3159163610429, "params": {"C": 49.9166547144693, "epsilon": 14.09291402611741, "gamma": 87.51945834012368}}
{"target": 19.751698811947183, "params": {"C": 557.5187831536637, "epsilon": 16.81930541385533, "gamma": 48.267716319509404}}
{"target": 72.68496392956999, "params": {"C": 1275.2504893676721, "epsilon": 98.98726956491086, "gamma": 226.2194019299762}}
{"target": 23.53461096545749, "params": {"C": 7.806672956214243, "epsilon": 2.290605160694839, "gamma": 91.21079439308681}}
{"target": 22.34108854918565, "params": {"C": 691.9358510999082, "epsilon": 0.7059680155749366, "gamma": 115.9511880088568}}
{"target": 30.00693538802666, "params": {"C": 5.019060592830499, "epsilon": 16.84412031851546, "gamma": 105.78296734703935}}
{"target": 16.232584562412892, "params": {"C": 146.83282575979771, "epsilon": 0.6984782174314951, "gamma": 74.93388935406811}}
{"target": 27.51479657339427, "params": {"C": 668.9508546504275, "epsilon": 0.8798022655661069, "gamma": 183.61243930744394}}
{"target": 19.76576595206978, "params": {"C": 30.335179776215625, "epsilon": 11.789431470556359, "gamma": 38.98210459813325}}
{"target": 25.500386073267354, "params": {"C": 723.7204100099564, "epsilon": 0.023734460076908714, "gamma": 158.97202415422873}}
{"target": 37.97008926748207, "params": {"C": 1.697911351399597, "epsilon": 1.5399769486309165, "gamma": 39.88440271646537}}
{"target": 26.285006114497328, "params": {"C": 6.813981379735679, "epsilon": 13.980760484866934, "gamma": 89.46467583782257}}
{"target": 24.368405570688306, "params": {"C": 22.73603848731365, "epsilon": 13.590774133746269, "gamma": 25.27358804521831}}
{"target": 25.315271418101506, "params": {"C": 588.8767297023074, "epsilon": 23.525115270632767, "gamma": 125.43658631280323}}
{"target": 50.19127909431835, "params": {"C": 5887.418916189246, "epsilon": 62.4063561178155, "gamma": 287.5825647092228}}
{"target": 51.346238119149874, "params": {"C": 99.91339836681027, "epsilon": 67.40113760178897, "gamma": 117.69580852011782}}
{"target": 20.53454343335137, "params": {"C": 52.62881124945141, "epsilon": 14.222249002054832, "gamma": 97.42803330851268}}
{"target": 19.352360254605088, "params": {"C": 18.904018641530953, "epsilon": 0.3585639570940635, "gamma": 57.465873652977685}}
{"target": 66.11126879591356, "params": {"C": 5309.422395870824, "epsilon": 85.14013899450853, "gamma": 413.46804615024587}}
{"target": 33.18454479541195, "params": {"C": 2289.7374994482366, "epsilon": 32.52934021566595, "gamma": 115.69305233844617}}
{"target": 23.884981347746926, "params": {"C": 1318.7294672865896, "epsilon": 12.287573174036797, "gamma": 105.96963054867048}}
{"target": 18.99541854712721, "params": {"C": 86.02445080054402, "epsilon": 1.3511003645845998, "gamma": 154.5490164121587}}
{"target": 48.527391982885305, "params": {"C": 570.0280796097112, "epsilon": 0.22571217194622684, "gamma": 0.2658946573700831}}
{"target": 22.139619090529273, "params": {"C": 34.27480116149593, "epsilon": 12.97204898688027, "gamma": 150.20048945876516}}
{"target": 20.253991927522925, "params": {"C": 509.42652318423956, "epsilon": 0.2131691745034432, "gamma": 82.1425381186107}}
{"target": 19.060887905870317, "params": {"C": 186.67645309893652, "epsilon": 0.37674740970024656, "gamma": 103.95500021182409}}
{"target": 21.507310149836066, "params": {"C": 1324.1441963839636, "epsilon": 0.17663148508125248, "gamma": 60.72559513238963}}
{"target": 23.879408568325594, "params": {"C": 565.632875240319, "epsilon": 28.234615971115296, "gamma": 65.40579374293938}}
{"target": 20.11084970174864, "params": {"C": 514.2131635079148, "epsilon": 14.221986861099866, "gamma": 82.16074393275106}}
{"target": 22.815614978935834, "params": {"C": 638.1542619274759, "epsilon": 17.404682653382224, "gamma": 131.76431739059393}}
{"target": 16.495776743909865, "params": {"C": 105.85994233179133, "epsilon": 0.10626475581863845, "gamma": 71.25538928806264}}
{"target": 22.747347106555974, "params": {"C": 539.4433891339927, "epsilon": 16.461338767482598, "gamma": 140.70669798784445}}
{"target": 20.734340799910562, "params": {"C": 820.693629875007, "epsilon": 0.45957437910251353, "gamma": 69.56954041661125}}
{"target": 24.710436184001054, "params": {"C": 811.2050531141225, "epsilon": 16.67753430726444, "gamma": 151.0064523917347}}
{"target": 18.707383727281254, "params": {"C": 573.6265936497355, "epsilon": 14.825292232261084, "gamma": 67.45488616351562}}
{"target": 50.94695327392371, "params": {"C": 1022.1151853002737, "epsilon": 13.65082761382659, "gamma": 2.0426341891230706}}
{"target": 32.79053637909936, "params": {"C": 2.7975803161605057, "epsilon": 11.183416003978007, "gamma": 48.15946603802202}}
{"target": 20.606894775158317, "params": {"C": 543.3681288923951, "epsilon": 0.15629591801458442, "gamma": 87.38253301236696}}
{"target": 23.365856868447175, "params": {"C": 1210.5107175270211, "epsilon": 11.407855578350093, "gamma": 97.90514542433806}}
{"target": 22.398400750964512, "params": {"C": 716.6250786993219, "epsilon": 0.4686041322053738, "gamma": 125.46188680122901}}
{"target": 23.739527669920122, "params": {"C": 1291.5732179335928, "epsilon": 0.6347515591634554, "gamma": 114.40565462154262}}
{"target": 22.949373106591775, "params": {"C": 630.3114935167605, "epsilon": 28.205302822822564, "gamma": 41.35415046021407}}
{"target": 18.400038943671575, "params": {"C": 778.8812444101994, "epsilon": 15.064972956879792, "gamma": 53.96957341259934}}
{"target": 22.841281369801333, "params": {"C": 757.2609481644257, "epsilon": 12.152207804123003, "gamma": 137.68667003759168}}
{"target": 24.156034294853193, "params": {"C": 10.139887795778037, "epsilon": 14.264196545606795, "gamma": 86.15897338457707}}
{"target": 27.525753615891063, "params": {"C": 74.81704918749058, "epsilon": 27.222485196160363, "gamma": 166.78588194787795}}
{"target": 21.320733935336584, "params": {"C": 474.93259632098454, "epsilon": 14.753830499004362, "gamma": 105.32069018603792}}
{"target": 29.252262593985215, "params": {"C": 1677.4768315148308, "epsilon": 1.0030506513650406, "gamma": 139.69779981496856}}
{"target": 40.28706474331074, "params": {"C": 2.1978450213202905, "epsilon": 22.014397592847587, "gamma": 167.39552580885012}}
{"target": 21.323883596974124, "params": {"C": 57.57047848540613, "epsilon": 5.249183873222497, "gamma": 248.0201784559391}}
{"target": 18.97534353840484, "params": {"C": 37.690858689189014, "epsilon": 0.9069221952513895, "gamma": 135.11215796143136}}
{"target": 20.249860706213834, "params": {"C": 1548.1575866498579, "epsilon": 13.88842965315585, "gamma": 56.10914258175928}}
{"target": 17.96344201373814, "params": {"C": 1075.1135038647656, "epsilon": 11.311334956443641, "gamma": 50.51618477584811}}
{"target": 23.23079575202262, "params": {"C": 1163.8231543129104, "epsilon": 0.2577618111555041, "gamma": 86.25204827569135}}
{"target": 17.410002337931825, "params": {"C": 816.7403509245278, "epsilon": 0.6191090501567855, "gamma": 41.31064763633465}}
{"target": 59.94977492775949, "params": {"C": 3971.8819614645595, "epsilon": 80.30809605147523, "gamma": 170.65766752285407}}
{"target": 23.003798650824493, "params": {"C": 1243.1799205614159, "epsilon": 0.31710022466498966, "gamma": 81.60115468961985}}
{"target": 46.590424396345995, "params": {"C": 38.841264462938454, "epsilon": 2.7723276579772422, "gamma": 2.56757777930288}}
{"target": 18.958302696561045, "params": {"C": 420.0198893566998, "epsilon": 0.5860032526166996, "gamma": 69.18325509153196}}
{"target": 15.85929639561807, "params": {"C": 183.1262476540872, "epsilon": 0.09836209088216366, "gamma": 60.93281755132544}}
{"target": 21.343570781789584, "params": {"C": 23.382242027047823, "epsilon": 1.2401508602994322, "gamma": 182.56505701401642}}
{"target": 51.33508617455864, "params": {"C": 474.5015762399113, "epsilon": 16.045421201906528, "gamma": 2.8110073736491117}}
{"target": 45.3097334743342, "params": {"C": 66.05336878609565, "epsilon": 0.05033589424631435, "gamma": 9.342619500809626}}
{"target": 23.08250612235513, "params": {"C": 525.6387081829192, "epsilon": 26.121193276620268, "gamma": 61.538977875528666}}
{"target": 20.091646724760558, "params": {"C": 606.0912306606201, "epsilon": 17.924468558148906, "gamma": 60.20167204511063}}
{"target": 18.52636773260072, "params": {"C": 162.46198650995098, "epsilon": 0.03933263783953017, "gamma": 97.73668725957381}}
{"target": 38.24137419875712, "params": {"C": 5.110761778095522, "epsilon": 33.03720238964895, "gamma": 105.01177759028016}}
{"target": 23.858697596533467, "params": {"C": 23.756930240966554, "epsilon": 21.941903073301347, "gamma": 40.29361478953024}}
{"target": 22.611637641083156, "params": {"C": 827.2239462301397, "epsilon": 0.12783248142461212, "gamma": 101.01592735819236}}
{"target": 24.16692438542063, "params": {"C": 11.551465127500052, "epsilon": 11.377527306426543, "gamma": 137.3697863069274}}
{"target": 18.78633325986857, "params": {"C": 44.785820170226216, "epsilon": 0.10074892370436439, "gamma": 48.36833978597383}}
{"target": 80.44564382337788, "params": {"C": 3643.8230553758185, "epsilon": 112.3353293022115, "gamma": 244.45432596634842}}
{"target": 45.15840413551585, "params": {"C": 526.9025935883751, "epsilon": 11.750117511739619, "gamma": 0.7336851993798632}}
{"target": 30.08655888499601, "params": {"C": 835.6096320618226, "epsilon": 26.726087164610437, "gamma": 209.61326277216307}}
{"target": 35.95989790711044, "params": {"C": 3898.165916161985, "epsilon": 1.8161997849520262, "gamma": 401.70529811775646}}
{"target": 52.18902027926946, "params": {"C": 885.1050036403626, "epsilon": 57.29949815262157, "gamma": 469.6200443564306}}
{"target": 20.669952480448725, "params": {"C": 500.7100911576823, "epsilon": 0.29006251557147067, "gamma": 107.73627914376812}}
{"target": 19.460632416707334, "params": {"C": 26.580676651948465, "epsilon": 9.51619696399122, "gamma": 86.1513470953603}}
{"target": 19.446028483076137, "params": {"C": 962.0654455695558, "epsilon": 12.248891749257528, "gamma": 56.84835312995888}}
{"target": 20.837381530926926, "params": {"C": 523.3802293445732, "epsilon": 0.1061103810543943, "gamma": 108.57841685626073}}
{"target": 18.279676617235125, "params": {"C": 91.07651077641597, "epsilon": 0.03460400886617632, "gamma": 160.29967976107537}}
{"target": 17.817150252373672, "params": {"C": 1169.6374708439077, "epsilon": 0.42592327781387485, "gamma": 40.96908064338497}}
{"target": 55.43725783240052, "params": {"C": 7.376109913233222, "epsilon": 28.435053048720146, "gamma": 0.18088523406507306}}
{"target": 20.74698260298117, "params": {"C": 440.9813815092385, "epsilon": 0.06901062985178474, "gamma": 106.03263464656582}}
{"target": 22.79244735323079, "params": {"C": 12.12432636037741, "epsilon": 13.116431221619706, "gamma": 55.164250074976486}}
{"target": 21.787905560034574, "params": {"C": 551.1160140152945, "epsilon": 15.6732799646294, "gamma": 129.35342292824035}}
{"target": 55.43412011332979, "params": {"C": 1005.3415392155791, "epsilon": 1.856608189324457, "gamma": 3.7471637293941313}}
{"target": 23.11729223546179, "params": {"C": 732.0789862008533, "epsilon": 14.084543304521903, "gamma": 162.7110498457471}}
{"target": 31.94322337895569, "params": {"C": 1588.744076330965, "epsilon": 45.6223962582758, "gamma": 96.44911651485333}}
{"target": 58.88796280855566, "params": {"C": 607.1013019210661, "epsilon": 11.861586859182342, "gamma": 10.491641532572615}}
{"target": 18.241919836552494, "params": {"C": 689.7076776412114, "epsilon": 13.155361015314362, "gamma": 51.262016339572185}}
{"target": 18.576937476954885, "params": {"C": 237.93055139810286, "epsilon": 0.3311378104535776, "gamma": 79.29947067950947}}
{"target": 21.59908294204603, "params": {"C": 1135.7881426356669, "epsilon": 12.861138236512875, "gamma": 89.01330201363291}}
{"target": 19.866671417778754, "params": {"C": 1331.446119878164, "epsilon": 17.163380531539424, "gamma": 80.33283566729317}}
{"target": 22.58285003431802, "params": {"C": 695.1955109052391, "epsilon": 18.21676041506533, "gamma": 94.3506689564783}}
{"target": 20.11177608441538, "params": {"C": 722.5700248643457, "epsilon": 12.365135537808474, "gamma": 66.96470650127611}}
{"target": 24.45150334745849, "params": {"C": 1239.5775331700938, "epsilon": 27.315800755261172, "gamma": 30.21663083670652}}
{"target": 18.137072956527295, "params": {"C": 31.887009890075916, "epsilon": 0.9258351146964268, "gamma": 71.28067461125418}}
{"target": 23.235492312934152, "params": {"C": 1222.7542851580379, "epsilon": 29.679682561338137, "gamma": 54.42236592685349}}
{"target": 17.886389159362917, "params": {"C": 32.962095274250146, "epsilon": 0.5949346933823008, "gamma": 83.99876557413637}}
{"target": 20.385827980069894, "params": {"C": 708.1184311422624, "epsilon": 0.657642547092592, "gamma": 70.80823225111138}}
{"target": 20.68387171161871, "params": {"C": 628.5395809445984, "epsilon": 15.829362019778264, "gamma": 87.39310196722128}}
{"target": 16.772580475741584, "params": {"C": 66.6578080140992, "epsilon": 0.06420615828995468, "gamma": 72.99195777598423}}
{"target": 28.534968414945023, "params": {"C": 4.114763399668647, "epsilon": 11.99743152546772, "gamma": 83.6032259594157}}
{"target": 27.59490389127859, "params": {"C": 7.178378447926974, "epsilon": 13.309539476814967, "gamma": 138.95662838523333}}
{"target": 22.294933288204682, "params": {"C": 781.1602468591309, "epsilon": 0.09013228260114281, "gamma": 115.76943020241131}}
{"target": 20.41673770350336, "params": {"C": 709.393568422437, "epsilon": 0.6265897751044864, "gamma": 66.85308317354514}}
{"target": 17.036462187136994, "params": {"C": 560.2741035421043, "epsilon": 0.28913438441078726, "gamma": 49.99776690550554}}
{"target": 27.622278023873548, "params": {"C": 1201.0277146099813, "epsilon": 0.22201028082561353, "gamma": 152.17253556839012}}
{"target": 18.331132208360927, "params": {"C": 928.3529650351719, "epsilon": 0.025693818273195834, "gamma": 50.26215250813903}}
{"target": 29.657013640948406, "params": {"C": 1394.930463445035, "epsilon": 0.46309051081198893, "gamma": 186.39337162486657}}
{"target": 56.19348909557611, "params": {"C": 674.7074383033424, "epsilon": 11.10099913901436, "gamma": 5.443812187302726}}
{"target": 17.520053160524462, "params": {"C": 758.4619920422406, "epsilon": 9.560630122747254, "gamma": 46.27671122798415}}
{"target": 39.10610283460393, "params": {"C": 36.217838557073236, "epsilon": 15.644090901864866, "gamma": 16.702900165291943}}
{"target": 22.397327583533034, "params": {"C": 642.0017612281374, "epsilon": 0.4348877906923334, "gamma": 108.4028101757037}}
{"target": 21.55905276639569, "params": {"C": 575.504651661708, "epsilon": 12.83947003407886, "gamma": 28.632313678995082}}
{"target": 21.204914964143367, "params": {"C": 51.34599687545821, "epsilon": 13.505106684208759, "gamma": 105.77557069320744}}
{"target": 23.801437430683748, "params": {"C": 31.0848983462584, "epsilon": 13.283341952310634, "gamma": 25.46194701616895}}
