{"target": 19.464663412649788, "params": {"C": 18.840179139062556, "epsilon": 3.329334778334649, "gamma": 84.64325131808818}}
{"target": 16.46708923940116, "params": {"C": 123.50549978705862, "epsilon": 1.6470841794716113, "gamma": 54.6815840154801}}
{"target": 16.361289374423176, "params": {"C": 70.99366966686462, "epsilon": 1.9705330454127061, "gamma": 74.1857738045059}}
{"target": 25.415276578400626, "params": {"C": 8.148568656114776, "epsilon": 15.450275454397019, "gamma": 47.87183906701057}}
{"target": 16.47303779608942, "params": {"C": 172.40515104122346, "epsilon": 4.9797741181578665, "gamma": 60.076666621991265}}
{"target": 16.59603523625227, "params": {"C": 173.60766482124092, "epsilon": 2.7960426641897964, "gamma": 77.96903978104018}}
{"target": 48.78844949749412, "params": {"C": 122.97836568435632, "epsilon": 13.741728721963337, "gamma": 5.46892136559115}}
{"target": 23.466162109421397, "params": {"C": 26.08818847433696, "epsilon": 20.986979854603028, "gamma": 81.42375458763316}}
{"target": 16.851908408182183, "params": {"C": 78.96318179908326, "epsilon": 0.11445749681144235, "gamma": 62.02130188934696}}
{"target": 29.29746299028065, "params": {"C": 30.49716018506343, "epsilon": 28.36893094660108, "gamma": 166.61930162215583}}
{"target": 26.15478924392081, "params": {"C": 91.46174240017965, "epsilon": 23.83545165409086, "gamma": 157.51221198028975}}
{"target": 23.550462078393156, "params": {"C": 900.2357762226109, "epsilon": 19.52297735269745, "gamma": 96.0195897602682}}
{"target": 22.000446556609987, "params": {"C": 20.010839427816506, "epsilon": 12.76476321027869, "gamma": 124.22616514146094}}
{"target": 23.434929064754016, "params": {"C": 501.06672521566804, "epsilon": 18.64688490161086, "gamma": 124.51231732306783}}
{"target": 47.77880567636087, "params": {"C": 219.3249364290975, "epsilon": 0.7030796879969701, "gamma": 11.921231409057619}}
{"target": 76.76061662309041, "params": {"C": 86.44428778320253, "epsilon": 108.00796912983508, "gamma": 105.3852931470143}}
{"target": 20.007679297912524, "params": {"C": 125.53326315925317, "epsilon": 2.699268192291119, "gamma": 146.6940818714333}}
{"target": 18.780829855997077, "params": {"C": 389.2502548690697, "epsilon": 0.20103634033498796, "gamma": 66.98574054419024}}
{"target": 20.79081611721422, "params": {"C": 26.7569792778679, "epsilon": 10.295690120184558, "gamma": 125.4728723610055}}
{"target": 16.711341919172153, "params": {"C": 77.46222234884765, "epsilon": 5.0036514070452975, "gamma": 66.81790995346243}}
{"target": 19.55147140172234, "params": {"C": 18.902709982287575, "epsilon": 2.423518343548389, "gamma": 72.44253488732951}}
{"target": 21.536946554643574, "params": {"C": 283.2078894659584, "epsilon": 2.605672949579786, "gamma": 122.34138618404073}}
{"target": 18.203965977151157, "params": {"C": 134.1197815218927, "epsilon": 0.061388034127056734, "gamma": 46.51082945511838}}
{"target": 17.047226805163884, "params": {"C": 55.88789550737789, "epsilon": 5.593230448539169, "gamma": 69.30454600171356}}
{"target": 79.92119635723593, "params": {"C": 5333.4348395009365, "epsilon": 115.79826179961668, "gamma": 6.5237538336546095}}
{"target": 19.314200915407554, "params": {"C": 205.65027363045576, "epsilon": 3.585066828433084, "gamma": 37.855317431518124}}
{"target": 18.659561854910226, "params": {"C": 26.43632282683302, "epsilon": 0.3953765658735815, "gamma": 64.8823600444496}}
{"target": 19.856495823084956, "params": {"C": 68.55673680716842, "epsilon": 12.272690502078058, "gamma": 30.520260658426146}}
{"target": 21.878375217359885, "params": {"C": 93.53440534650073, "epsilon": 23.41656579824032, "gamma": 55.140481996409726}}
{"target": 18.79221397882401, "params": {"C": 25.699758239281543, "epsilon": 6.472849461664854, "gamma": 67.95950586132805}}
{"target": 49.37734144798019, "params": {"C": 29.803005972316953, "epsilon": 0.3556396744314645, "gamma": 0.56255925066381}}
{"target": 35.01726162465976, "params": {"C": 147.58352818533274, "epsilon": 15.354948682354054, "gamma": 16.71819920121751}}
{"target": 19.38733866308387, "params": {"C": 192.73607355314834, "epsilon": 0.6914593197639396, "gamma": 119.2757993584773}}
{"target": 23.187363253482175, "params": {"C": 1189.0731294486504, "epsilon": 0.1312484566679073, "gamma": 103.10910488638439}}
{"target": 22.280783434920025, "params": {"C": 572.4811721878664, "epsilon": 1.365859447396093, "gamma": 122.56001318975201}}
{"target": 21.966764193990517, "params": {"C": 666.4795473630402, "epsilon": 0.3429465136658125, "gamma": 120.4666443581493}}
{"target": 22.224181867095385, "params": {"C": 948.7141055423743, "epsilon": 13.872289770417975, "gamma": 110.01136220039169}}
{"target": 49.39808484737404, "params": {"C": 3858.941714934496, "epsilon": 59.738393623178325, "gamma": 153.67942650988755}}
{"target": 22.242678043873546, "params": {"C": 1036.5822353016656, "epsilon": 17.83124758123437, "gamma": 96.615014936846}}
{"target": 23.236733176121103, "params": {"C": 955.646487617594, "epsilon": 23.843834045961085, "gamma": 26.987943189731006}}
{"target": 51.26641287964893, "params": {"C": 1361.0014331329226, "epsilon": 7.315923976926703, "gamma": 1.9983315873675593}}
{"target": 21.67602325075591, "params": {"C": 1101.1516030801552, "epsilon": 14.985911651130062, "gamma": 21.1053327984147}}
{"target": 22.237115775704257, "params": {"C": 1261.5571044621183, "epsilon": 12.70049897410697, "gamma": 19.644859735070106}}
{"target": 21.49809344653709, "params": {"C": 1654.9236251245504, "epsilon": 15.053986419866941, "gamma": 36.188795138259295}}
{"target": 19.977223065687546, "params": {"C": 1192.1462413647691, "epsilon": 15.126765498811952, "gamma": 63.58343239193268}}
{"target": 51.94817436458585, "params": {"C": 3277.1548478512846, "epsilon": 62.12690991245726, "gamma": 374.30156102902106}}
{"target": 81.03990938059613, "params": {"C": 3953.246378482968, "epsilon": 111.86324497286688, "gamma": 446.1237904461567}}
{"target": 18.898392593505278, "params": {"C": 43.42324668070712, "epsilon": 4.317630238123351, "gamma": 112.77554272943003}}
{"target": 32.6435875622841, "params": {"C": 2357.7604416889117, "epsilon": 6.546153008793141, "gamma": 414.02531901312415}}
{"target": 47.78213571973687, "params": {"C": 1715.987175510648, "epsilon": 1.1928722260870295, "gamma": 1.1267144430654454}}
{"target": 20.487783587874745, "params": {"C": 871.6842072934924, "epsilon": 2.751851349437074, "gamma": 61.469237839033866}}
{"target": 20.40456494763152, "params": {"C": 699.6423211549637, "epsilon": 0.988448563091429, "gamma": 68.79088356014503}}
{"target": 18.36060114008794, "params": {"C": 146.8453862257282, "epsilon": 1.5310281756378554, "gamma": 106.42067371668637}}
{"target": 21.929548549178044, "params": {"C": 10.87463129937504, "epsilon": 1.9645123074832744, "gamma": 67.88975696698934}}
{"target": 20.881595292044107, "params": {"C": 1085.6384787157779, "epsilon": 1.1807585685016668, "gamma": 58.89352351615598}}
{"target": 41.040894687069894, "params": {"C": 5719.0177078745455, "epsilon": 0.9656769298588657, "gamma": 256.0544947196079}}
{"target": 21.421522036755178, "params": {"C": 97.16189195884093, "epsilon": 19.738553950604995, "gamma": 58.02791377071593}}
{"target": 23.398325657173764, "params": {"C": 457.5907027104602, "epsilon": 20.871108594890917, "gamma": 93.334982663378}}
{"target": 22.19489214512416, "params": {"C": 105.95255477309084, "epsilon": 21.0924737971567, "gamma": 74.3550374673303}}
{"target": 21.773619652526037, "params": {"C": 669.2583011057891, "epsilon": 18.492300043147274, "gamma": 81.28728146809448}}
{"target": 18.00529205864418, "params": {"C": 85.5481253028668, "epsilon": 0.3303002740339782, "gamma": 49.63082853732457}}
{"target": 17.391836331894527, "params": {"C": 56.94513527597775, "epsilon": 0.46355179615078423, "gamma": 98.563695748608}}
{"target": 18.924268243771152, "params": {"C": 23.62659376638871, "epsilon": 4.512734527926183, "gamma": 97.23490137089226}}
{"target": 17.608189231928954, "params": {"C": 115.60876727115475, "epsilon": 9.06931041106294, "gamma": 80.38582449465133}}
{"target": 17.03094845078801, "params": {"C": 69.25437717220402, "epsilon": 5.3802010667557205, "gamma": 70.24818659222038}}
{"target": 17.418262316456055, "params": {"C": 92.56737603126632, "epsilon": 2.41375329553979, "gamma": 96.93413527021278}}
{"target": 18.872993344966766, "params": {"C": 73.60740187700388, "epsilon": 5.925275173946151, "gamma": 98.52903448332711}}
{"target": 48.287550204711934, "params": {"C": 715.9361701678328, "epsilon": 1.8268383018238268, "gamma": 1.6186234960320505}}
{"target": 18.170390443346125, "params": {"C": 42.03682816120098, "epsilon": 4.111466829438671, "gamma": 52.88609278098282}}
{"target": 18.29617411341514, "params": {"C": 62.21144260795988, "epsilon": 2.1717667769306335, "gamma": 126.3228150510772}}
{"target": 21.01843755279995, "params": {"C": 225.44433075265897, "epsilon": 17.518433734893282, "gamma": 92.10513827194879}}
{"target": 19.616744464382705, "params": {"C": 255.49053712444385, "epsilon": 14.532674378954411, "gamma": 80.05256012542186}}
{"target": 22.286928077344857, "params": {"C": 94.74265259324483, "epsilon": 20.368934003032635, "gamma": 95.53068512718684}}
{"target": 21.15953977760858, "params": {"C": 56.59143298129894, "epsilon": 17.63267778767619, "gamma": 45.84760655677598}}
{"target": 18.319134742003634, "params": {"C": 61.85121446189845, "epsilon": 1.6407326650407763, "gamma": 49.673785839640416}}
{"target": 19.84726495975834, "params": {"C": 324.09785072862326, "epsilon": 0.22854307023437093, "gamma": 107.50786930402114}}
{"target": 48.51661035316756, "params": {"C": 45.062458289463756, "epsilon": 18.732974205781513, "gamma": 3.688075380827719}}
{"target": 20.074882480608306, "params": {"C": 429.15388361909504, "epsilon": 0.49581807124939425, "gamma": 87.11540767804946}}
{"target": 21.519367444675304, "params": {"C": 113.99926898152547, "epsilon": 17.739973447612034, "gamma": 117.5954122847289}}
{"target": 32.147635839812, "params": {"C": 2995.47109773741, "epsilon": 28.804186089337055, "gamma": 212.59419553081023}}
{"target": 18.60829031545709, "params": {"C": 26.586965765867745, "epsilon": 4.028738671062991, "gamma": 97.44924136612939}}
{"target": 53.0598878090788, "params": {"C": 5888.8766365135125, "epsilon": 65.06817856765386, "gamma": 345.9735823556834}}
{"target": 17.853545811822357, "params": {"C": 130.46956520032597, "epsilon": 1.755708967521835, "gamma": 101.5613410661755}}
{"target": 16.491426524757937, "params": {"C": 71.30576746173469, "epsilon": 1.5517394476444508, "gamma": 84.30801802215032}}
{"target": 16.667563928707, "params": {"C": 194.30863522455405, "epsilon": 1.0584613353312347, "gamma": 74.38122657937394}}
{"target": 26.192762845033563, "params": {"C": 964.379265022824, "epsilon": 0.9582058217171401, "gamma": 150.96176126726755}}
{"target": 25.48460494844634, "params": {"C": 5.76903430867533, "epsilon": 0.8012951899185032, "gamma": 100.03391567914315}}
{"target": 18.196147591568245, "params": {"C": 35.96071370272684, "epsilon": 1.1364239581543032, "gamma": 64.3152344993757}}
{"target": 24.276303083923615, "params": {"C": 894.3241961168397, "epsilon": 11.498707355781827, "gamma": 154.1073600898032}}
{"target": 22.507641937607552, "params": {"C": 854.5385839298898, "epsilon": 1.200628485907704, "gamma": 121.4142902627232}}
{"target": 17.036883696224514, "params": {"C": 674.0501690343515, "epsilon": 0.7092239094812325, "gamma": 48.81112995394065}}
{"target": 23.116722156698344, "params": {"C": 933.1686206268854, "epsilon": 1.5630830590846663, "gamma": 107.75265154725159}}
{"target": 20.7893836273118, "params": {"C": 356.39339717312214, "epsilon": 1.6676069050051399, "gamma": 103.06967630411192}}
{"target": 24.245360391954968, "params": {"C": 1007.1824181907064, "epsilon": 7.288389882334343, "gamma": 130.62601722541814}}
{"target": 20.591136649809904, "params": {"C": 268.47821994440426, "epsilon": 3.381947047577083, "gamma": 32.41048547525165}}
{"target": 19.327521519004865, "params": {"C": 480.7659006405203, "epsilon": 0.5499018720910032, "gamma": 71.31516899745826}}
{"target": 19.27406854517532, "params": {"C": 28.18178800701233, "epsilon": 1.6288644672685846, "gamma": 127.25022687857124}}
{"target": 18.856773002123347, "params": {"C": 138.69760990093764, "epsilon": 1.2246561169294639, "gamma": 129.4388888546144}}
{"target": 26.57146731537386, "params": {"C": 415.41438168205707, "epsilon": 25.112455807039538, "gamma": 112.98148035786464}}
{"target": 20.70966867649116, "params": {"C": 20.79534776328819, "epsilon": 1.6842095824672865, "gamma": 160.72764141824086}}
{"target": 25.407487396333927, "params": {"C": 8.610260259559453, "epsilon": 1.230713294573066, "gamma": 174.42980221937302}}
{"target": 19.227222998634662, "params": {"C": 172.55299568745508, "epsilon": 0.9813043701478179, "gamma": 155.26301631917292}}
{"target": 26.650609574039407, "params": {"C": 12.597817641193558, "epsilon": 20.58682537738762, "gamma": 111.89507671347681}}
{"target": 22.64419136844976, "params": {"C": 70.7786824902708, "epsilon": 21.718871354778877, "gamma": 78.76761826116937}}
{"target": 33.25541829269825, "params": {"C": 43.36564950897365, "epsilon": 5.6354353825849195, "gamma": 18.12840874753151}}
{"target": 23.5181154220193, "params": {"C": 1039.6845349194784, "epsilon": 0.04544549725791058, "gamma": 97.62516716641277}}
{"target": 19.209488877932888, "params": {"C": 1055.3864626889922, "epsilon": 0.23230867299473745, "gamma": 52.83540982878175}}
{"target": 59.11375830209029, "params": {"C": 133.14100882102412, "epsilon": 73.07916008389864, "gamma": 449.8412485554602}}
{"target": 18.50916858163295, "params": {"C": 806.9376882905469, "epsilon": 1.1685701705663794, "gamma": 54.48630550374779}}
{"target": 17.41929704450088, "params": {"C": 667.9368677885197, "epsilon": 0.15378712531193983, "gamma": 50.048477476306886}}
{"target": 22.10902553209749, "params": {"C": 536.4083152573137, "epsilon": 0.027860170998787126, "gamma": 19.306184033833183}}
{"target": 22.437309236976105, "params": {"C": 671.5006608589645, "epsilon": 19.01090690431178, "gamma": 31.369353621701666}}
{"target": 19.391461978985127, "params": {"C": 1032.4273945335735, "epsilon": 14.431957084678576, "gamma": 41.3581314554087}}
{"target": 23.36686737569727, "params": {"C": 1096.9491766554484, "epsilon": 1.84122689799278, "gamma": 17.85389301220185}}
{"target": 19.847271828321354, "params": {"C": 776.2534546319741, "epsilon": 0.8741264371785569, "gamma": 61.23594034589173}}
{"target": 43.71445830589839, "params": {"C": 146.8533272560112, "epsilon": 2.2004497714007747, "gamma": 13.606346557686457}}
{"target": 27.835272384120323, "params": {"C": 4678.106684628514, "epsilon": 58.697449918528214, "gamma": 38.17064759761871}}
{"target": 22.232497726587283, "params": {"C": 909.6635591074065, "epsilon": 1.961114723253785, "gamma": 31.67501341073512}}
{"target": 19.122435181387395, "params": {"C": 783.0602464132412, "epsilon": 2.1150545343984213, "gamma": 55.909157892615355}}
{"target": 22.473899055706745, "params": {"C": 151.51586368383573, "epsilon": 23.513370367221583, "gamma": 59.301593193028275}}
{"target": 21.029638496646093, "params": {"C": 12.725139282457945, "epsilon": 1.6709123144742541, "gamma": 89.90580819949064}}
{"target": 17.594980737730076, "params": {"C": 697.8586584925714, "epsilon": 0.8195649259841105, "gamma": 39.616700365493145}}
{"target": 20.856838524285255, "params": {"C": 727.4257716257608, "epsilon": 18.81040196439728, "gamma": 61.34794611856792}}
{"target": 18.35645408286079, "params": {"C": 140.16641278230722, "epsilon": 0.675141748960559, "gamma": 43.750091836199516}}
{"target": 19.0753222654305, "params": {"C": 62.06475424398498, "epsilon": 3.9555948181764857, "gamma": 38.51186544078078}}
{"target": 20.14409156697726, "params": {"C": 99.49917492794532, "epsilon": 17.735390673443096, "gamma": 67.13956928794175}}
{"target": 20.47280046379644, "params": {"C": 307.6755364310128, "epsilon": 0.32101277196827394, "gamma": 35.09955365511833}}
{"target": 23.419700926525145, "params": {"C": 804.304663839704, "epsilon": 21.46902512036063, "gamma": 35.74292974792475}}
{"target": 21.926837743022695, "params": {"C": 875.9292399089201, "epsilon": 16.165506279061955, "gamma": 106.12563488923142}}
{"target": 20.46886638746546, "params": {"C": 948.0881665823409, "epsilon": 14.569112530864746, "gamma": 99.14637861364113}}
{"target": 21.002344090125824, "params": {"C": 28.403624847671438, "epsilon": 15.732193938387418, "gamma": 80.84213548765509}}
{"target": 25.634034782494656, "params": {"C": 985.0151560665099, "epsilon": 24.54880429604559, "gamma": 70.0622406604841}}
{"target": 17.349091083951777, "params": {"C": 87.99841274479851, "epsilon": 1.4133071973800337, "gamma": 51.48583969306402}}
{"target": 24.481719504919504, "params": {"C": 816.4137812371389, "epsilon": 18.867695069299714, "gamma": 124.6092162909712}}
{"target": 16.598644986307967, "params": {"C": 87.66809306320033, "epsilon": 0.47689527786673835, "gamma": 70.5018160408884}}
{"target": 24.30379533331429, "params": {"C": 1020.6808452624605, "epsilon": 18.53695568061111, "gamma": 122.78189580356928}}
{"target": 27.626209670226967, "params": {"C": 777.2260253926722, "epsilon": 21.208995132504413, "gamma": 151.1943639811708}}
{"target": 47.237055667807255, "params": {"C": 148.74549621655314, "epsilon": 0.7063513906614733, "gamma": 3.615920774873416}}
{"target": 17.880992697525276, "params": {"C": 61.48499803888867, "epsilon": 0.1335478066871294, "gamma": 117.51376774322986}}
{"target": 20.077941457537342, "params": {"C": 82.64233137940103, "epsilon": 6.966844323116536, "gamma": 119.88449404611941}}
{"target": 17.097091435166227, "params": {"C": 80.77140612589159, "epsilon": 0.10188315704084516, "gamma": 89.71325232982295}}
{"target": 22.46004132219887, "params": {"C": 971.6016640647437, "epsilon": 1.8161109436020595, "gamma": 75.91078079892614}}
{"target": 17.143885903712835, "params": {"C": 148.5855709714542, "epsilon": 0.09237633430575398, "gamma": 84.2819239802398}}
{"target": 18.766849316565416, "params": {"C": 146.9673996549805, "epsilon": 0.0994506322767803, "gamma": 118.94954095046216}}
{"target": 24.769069978304138, "params": {"C": 1266.6948155950051, "epsilon": 0.5109730126518182, "gamma": 122.01328309409578}}
{"target": 27.803435001149438, "params": {"C": 1859.4520654659054, "epsilon": 4.3157122429947865, "gamma": 134.60774801467528}}
{"target": 26.595210875085268, "params": {"C": 917.9103469840976, "epsilon": 0.11112487092736223, "gamma": 152.44792040874978}}
{"target": 30.886254366432762, "params": {"C": 1913.4777370807067, "epsilon": 1.1113419332591477, "gamma": 181.81722374294628}}
{"target": 18.687104507367003, "params": {"C": 205.8929496989312, "epsilon": 0.7248908543538533, "gamma": 94.22752388585008}}
{"target": 16.54280472017398, "params": {"C": 155.61140496013897, "epsilon": 2.235482022117602, "gamma": 81.14382773052529}}
{"target": 23.668728710103732, "params": {"C": 732.3131421668206, "epsilon": 0.7261654732779356, "gamma": 141.41508158709334}}
{"target": 21.468370926609097, "params": {"C": 41.301045488019426, "epsilon": 15.948678363324817, "gamma": 111.47860754091417}}
{"target": 25.689339875554662, "params": {"C": 9.793544239935812, "epsilon": 19.071068337305682, "gamma": 52.39537615375254}}
{"target": 18.22862069044742, "params": {"C": 42.52614362153085, "epsilon": 3.085374745813196, "gamma": 108.77523647743396}}
{"target": 19.951034287093865, "params": {"C": 90.63359633817083, "epsilon": 12.74935393408516, "gamma": 92.56126168350949}}
{"target": 32.69675690490334, "params": {"C": 5.220418504217264, "epsilon": 1.9855199017265686, "gamma": 25.688785110237564}}
{"target": 44.26417814984747, "params": {"C": 25.149203228839816, "epsilon": 5.398168728988819, "gamma": 6.208570449936147}}
{"target": 15.7197636232894, "params": {"C": 181.0223827992066, "epsilon": 2.203627473060081, "gamma": 64.55919680261204}}
{"target": 54.86437367112843, "params": {"C": 169.165851805549, "epsilon": 18.2986200505998, "gamma": 11.822750697290715}}
{"target": 15.94766808788072, "params": {"C": 173.45530674176763, "epsilon": 1.8551146953718645, "gamma": 54.31726160584389}}
{"target": 17.413008198151665, "params": {"C": 876.743561899141, "epsilon": 0.27337479568254286, "gamma": 39.08467982294442}}
{"target": 16.94770149920621, "params": {"C": 90.81033726583331, "epsilon": 0.739861561181002, "gamma": 54.9420944140405}}
{"target": 81.88232884919549, "params": {"C": 2992.687346398862, "epsilon": 119.52998247045443, "gamma": 46.13182925908498}}
{"target": 18.43370710512387, "params": {"C": 704.95371890811, "epsilon": 1.333727249231666, "gamma": 57.42041664125321}}
{"target": 18.88897328138239, "params": {"C": 31.364075547524152, "epsilon": 1.1223415195351505, "gamma": 119.1106521104492}}
{"target": 22.428767251016257, "params": {"C": 36.08379730350049, "epsilon": 3.9077834761415904, "gamma": 26.4510338175279}}
{"target": 19.13895927605897, "params": {"C": 66.37299508115063, "epsilon": 2.741396991364587, "gamma": 38.352803290332645}}
{"target": 30.693324306492457, "params": {"C": 1628.15552804343, "epsilon": 0.1931596954440038, "gamma": 156.0854510931091}}
{"target": 22.94425627571271, "params": {"C": 1191.9742640746986, "epsilon": 2.974480034698495, "gamma": 69.00860194100376}}
{"target": 21.85032782210383, "params": {"C": 869.0103146194637, "epsilon": 3.3775321814214627, "gamma": 68.69981394028187}}
{"target": 26.15112157317654, "params": {"C": 6.269354306132328, "epsilon": 13.576625244559889, "gamma": 71.11389160637309}}
{"target": 22.73394717719098, "params": {"C": 11.062177204852759, "epsilon": 1.5993658828670347, "gamma": 123.32493736503733}}
{"target": 16.836371920779108, "params": {"C": 88.40177158372725, "epsilon": 1.087217935662116, "gamma": 57.247539566659384}}
{"target": 22.479787209472168, "params": {"C": 899.858114290273, "epsilon": 19.685152481204543, "gamma": 78.45911661052568}}
