[I 2025-07-20 19:04:08,397] Trial 90 finished with value: 61.21915121843648 and parameters: {'C': 3.7556523471335623, 'epsilon': 7.830259353668448, 'tau': 3557.79204492742}. Best is trial 39 with value: 40.35612697757252.
trail number 91
[I 2025-07-20 19:04:09,093] Trial 91 finished with value: 42.40971568509872 and parameters: {'C': 99.95416831344733, 'epsilon': 16.66005035922548, 'tau': 2956.170079640508}. Best is trial 39 with value: 40.35612697757252.
trail number 92
[I 2025-07-20 19:04:52,038] Trial 92 finished with value: 42.447512013564015 and parameters: {'C': 136.85687336925687, 'epsilon': 8.324243906371063, 'tau': 2982.8821635510853}. Best is trial 39 with value: 40.35612697757252.
trail number 93
[I 2025-07-20 19:04:52,157] Trial 93 finished with value: 43.795297385031375 and parameters: {'C': 414.613651305432, 'epsilon': 28.19593467371658, 'tau': 2714.3409468236573}. Best is trial 39 with value: 40.35612697757252.
trail number 94
[I 2025-07-20 19:04:56,558] Trial 94 finished with value: 42.22703087122449 and parameters: {'C': 85.7946786439956, 'epsilon': 9.229403275621484, 'tau': 2134.2706958177873}. Best is trial 39 with value: 40.35612697757252.
trail number 95
[I 2025-07-20 19:04:56,913] Trial 95 finished with value: 42.56146183987461 and parameters: {'C': 117.20834844420537, 'epsilon': 10.63178447997989, 'tau': 2095.044523320578}. Best is trial 39 with value: 40.35612697757252.
trail number 97
[I 2025-07-20 19:05:40,615] Trial 97 finished with value: 41.639027504511134 and parameters: {'C': 32.95168955260933, 'epsilon': 12.61278870037893, 'tau': 2030.0135079351505}. Best is trial 39 with value: 40.35612697757252.
trail number 96
[I 2025-07-20 19:05:41,028] Trial 96 finished with value: 44.64672572152803 and parameters: {'C': 17.941272669122043, 'epsilon': 12.426699635746411, 'tau': 2066.0800449533676}. Best is trial 39 with value: 40.35612697757252.
trail number 99
[I 2025-07-20 19:05:46,699] Trial 99 finished with value: 42.26360969718145 and parameters: {'C': 191.66269420496653, 'epsilon': 3.7767408355895964, 'tau': 4990.17701367813}. Best is trial 39 with value: 40.35612697757252.
trail number 98
[I 2025-07-20 19:05:46,714] Trial 98 finished with value: 42.48337413705538 and parameters: {'C': 144.18866130152918, 'epsilon': 7.533228713825328, 'tau': 2016.0009361568564}. Best is trial 39 with value: 40.35612697757252.
trail number 100
[I 2025-07-20 19:06:30,943] Trial 100 finished with value: 58.97402935583874 and parameters: {'C': 13.322570429013808, 'epsilon': 17.052412667693478, 'tau': 4354.187644524512}. Best is trial 39 with value: 40.35612697757252.
trail number 101
[I 2025-07-20 19:06:31,444] Trial 101 finished with value: 41.846461140275245 and parameters: {'C': 53.3183113961922, 'epsilon': 19.528509738426845, 'tau': 4487.538790998412}. Best is trial 39 with value: 40.35612697757252.
trail number 103
[I 2025-07-20 19:06:35,610] Trial 103 finished with value: 63.49754472897075 and parameters: {'C': 1.3280887953528406, 'epsilon': 11.731784841405434, 'tau': 4337.7085012300495}. Best is trial 39 with value: 40.35612697757252.
trail number 102
[I 2025-07-20 19:06:36,400] Trial 102 finished with value: 61.270555915744445 and parameters: {'C': 5.932010170368102, 'epsilon': 8.240635487757295, 'tau': 4740.47377430064}. Best is trial 39 with value: 40.35612697757252.
trail number 105
[I 2025-07-20 19:07:19,789] Trial 105 finished with value: 42.064958493382726 and parameters: {'C': 108.11424551728086, 'epsilon': 5.0100522682291615, 'tau': 3485.3213186740672}. Best is trial 39 with value: 40.35612697757252.
trail number 104
[I 2025-07-20 19:07:20,669] Trial 104 finished with value: 42.052970026538624 and parameters: {'C': 97.56566688319073, 'epsilon': 10.324363951100095, 'tau': 3244.460673078558}. Best is trial 39 with value: 40.35612697757252.
trail number 107
[I 2025-07-20 19:07:26,076] Trial 107 finished with value: 42.32048259935185 and parameters: {'C': 140.7344488028063, 'epsilon': 6.220864609141468, 'tau': 3412.659530009813}. Best is trial 39 with value: 40.35612697757252.
trail number 106
[I 2025-07-20 19:07:26,078] Trial 106 finished with value: 42.524600606659135 and parameters: {'C': 121.33708050214449, 'epsilon': 11.985518433193285, 'tau': 3376.4144549415873}. Best is trial 39 with value: 40.35612697757252.
trail number 109
[I 2025-07-20 19:08:10,473] Trial 109 finished with value: 41.64103875357301 and parameters: {'C': 34.95019958968578, 'epsilon': 5.90364845657201, 'tau': 2700.7255537226724}. Best is trial 39 with value: 40.35612697757252.
trail number 108
[I 2025-07-20 19:08:10,512] Trial 108 finished with value: 42.64973953611992 and parameters: {'C': 218.3662177596778, 'epsilon': 10.872949282070756, 'tau': 3815.614849340576}. Best is trial 39 with value: 40.35612697757252.
trail number 110
[I 2025-07-20 19:08:14,995] Trial 110 finished with value: 42.29471902009557 and parameters: {'C': 902.9151619327697, 'epsilon': 3.9360421020012453, 'tau': 3834.841844653871}. Best is trial 39 with value: 40.35612697757252.
trail number 111
[I 2025-07-20 19:08:15,033] Trial 111 finished with value: 41.01436627250433 and parameters: {'C': 51.372256326588875, 'epsilon': 8.14955273495897, 'tau': 2687.677550689302}. Best is trial 39 with value: 40.35612697757252.
trail number 113
[I 2025-07-20 19:08:58,416] Trial 113 finished with value: 43.128603632519 and parameters: {'C': 830.680016342593, 'epsilon': 19.581491651209827, 'tau': 3628.4682568438193}. Best is trial 39 with value: 40.35612697757252.
trail number 112
[I 2025-07-20 19:08:58,991] Trial 112 finished with value: 42.27769302078477 and parameters: {'C': 353.1534400033946, 'epsilon': 3.5392515192879426, 'tau': 3892.4123381693184}. Best is trial 39 with value: 40.35612697757252.
trail number 114
[I 2025-07-20 19:09:03,029] Trial 114 finished with value: 42.55467332941116 and parameters: {'C': 27.489971761732154, 'epsilon': 14.701346966800307, 'tau': 2252.9797363306257}. Best is trial 39 with value: 40.35612697757252.
trail number 115
[I 2025-07-20 19:09:03,064] Trial 115 finished with value: 42.595504553216536 and parameters: {'C': 222.17612577372708, 'epsilon': 9.782675969670551, 'tau': 2749.0951534815986}. Best is trial 39 with value: 40.35612697757252.
trail number 116
[I 2025-07-20 19:09:45,920] Trial 116 finished with value: 42.62605122506909 and parameters: {'C': 256.3396679951999, 'epsilon': 10.386145398458499, 'tau': 2823.2001809155267}. Best is trial 39 with value: 40.35612697757252.
trail number 117
[I 2025-07-20 19:09:47,113] Trial 117 finished with value: 43.28068745720189 and parameters: {'C': 24.075956500152934, 'epsilon': 11.293551117452925, 'tau': 2739.9835102821785}. Best is trial 39 with value: 40.35612697757252.
trail number 119
[I 2025-07-20 19:09:48,568] Trial 119 finished with value: 61.87953782579344 and parameters: {'C': 8.421739668479383, 'epsilon': 10.919788397125831, 'tau': 2966.6123661940296}. Best is trial 39 with value: 40.35612697757252.
trail number 118
[I 2025-07-20 19:09:52,676] Trial 118 finished with value: 60.56993620864013 and parameters: {'C': 6.205749932290317, 'epsilon': 9.201014386216158, 'tau': 3094.5773044398056}. Best is trial 39 with value: 40.35612697757252.
trail number 120
[I 2025-07-20 19:10:31,181] Trial 120 finished with value: 41.04106834552016 and parameters: {'C': 48.44125576755988, 'epsilon': 11.244426106643022, 'tau': 2673.1558637481057}. Best is trial 39 with value: 40.35612697757252.
trail number 122
[I 2025-07-20 19:10:35,498] Trial 122 finished with value: 61.57537706448113 and parameters: {'C': 3.95580714499404, 'epsilon': 5.852296982303201, 'tau': 2653.5271665554833}. Best is trial 39 with value: 40.35612697757252.
trail number 121
[I 2025-07-20 19:10:36,036] Trial 121 finished with value: 41.33741771901355 and parameters: {'C': 70.35433724676432, 'epsilon': 3.378248662859276, 'tau': 2339.8645063547556}. Best is trial 39 with value: 40.35612697757252.
trail number 123
[I 2025-07-20 19:10:40,130] Trial 123 finished with value: 42.20383949366476 and parameters: {'C': 131.57745090664537, 'epsilon': 2.4070078346092885, 'tau': 2524.4920352409445}. Best is trial 39 with value: 40.35612697757252.
trail number 124
[I 2025-07-20 19:11:19,240] Trial 124 finished with value: 42.10384266615883 and parameters: {'C': 92.0005199142982, 'epsilon': 3.7264457979070755, 'tau': 2327.7473300555775}. Best is trial 39 with value: 40.35612697757252.
trail number 126
[I 2025-07-20 19:11:23,860] Trial 126 finished with value: 42.196689751734176 and parameters: {'C': 269.33163754446196, 'epsilon': 1.5316066523410345, 'tau': 2564.58001112583}. Best is trial 39 with value: 40.35612697757252.
trail number 125
[I 2025-07-20 19:11:24,650] Trial 125 finished with value: 43.570615529416465 and parameters: {'C': 463.76388554999295, 'epsilon': 25.372053721508735, 'tau': 4358.714465471509}. Best is trial 39 with value: 40.35612697757252.
trail number 127
[I 2025-07-20 19:11:29,400] Trial 127 finished with value: 42.08429665511659 and parameters: {'C': 111.61230129662331, 'epsilon': 0.7720248288056926, 'tau': 2461.9070529637324}. Best is trial 39 with value: 40.35612697757252.
trail number 128
[I 2025-07-20 19:12:07,847] Trial 128 finished with value: 60.16990922106184 and parameters: {'C': 8.57844768345911, 'epsilon': 0.9746098088526978, 'tau': 2046.1581541862797}. Best is trial 39 with value: 40.35612697757252.
trail number 129
[I 2025-07-20 19:12:13,308] Trial 129 finished with value: 42.16943785968048 and parameters: {'C': 217.50366517761452, 'epsilon': 0.7924885689279897, 'tau': 2047.9865625838154}. Best is trial 39 with value: 40.35612697757252.
trail number 130
[I 2025-07-20 19:12:14,736] Trial 130 finished with value: 42.33665948284529 and parameters: {'C': 99.61853635826893, 'epsilon': 8.98694620113471, 'tau': 2580.4629538852164}. Best is trial 39 with value: 40.35612697757252.
trail number 131
[I 2025-07-20 19:12:17,541] Trial 131 finished with value: 63.49754472897075 and parameters: {'C': 0.5175477105149398, 'epsilon': 17.831689468654247, 'tau': 2552.4421729327023}. Best is trial 39 with value: 40.35612697757252.
trail number 132
[I 2025-07-20 19:12:57,791] Trial 132 finished with value: 61.20546298132327 and parameters: {'C': 1.254425575519221, 'epsilon': 7.635316126612849, 'tau': 2406.0690755605146}. Best is trial 39 with value: 40.35612697757252.
trail number 133
[I 2025-07-20 19:12:58,449] Trial 133 finished with value: 42.06496799708545 and parameters: {'C': 132.0880190208417, 'epsilon': 0.3015950425763707, 'tau': 3528.167424719538}. Best is trial 39 with value: 40.35612697757252.
trail number 134
[I 2025-07-20 19:13:03,519] Trial 134 finished with value: 42.56962313769893 and parameters: {'C': 154.72373731504263, 'epsilon': 9.373430319966712, 'tau': 2578.1476409261127}. Best is trial 39 with value: 40.35612697757252.
trail number 135
[I 2025-07-20 19:13:05,185] Trial 135 finished with value: 42.58623485300817 and parameters: {'C': 158.08301816002148, 'epsilon': 9.660702703478988, 'tau': 2547.433659497145}. Best is trial 39 with value: 40.35612697757252.
trail number 136
[I 2025-07-20 19:13:47,100] Trial 136 finished with value: 42.58183646473439 and parameters: {'C': 149.6480726451045, 'epsilon': 9.669892579934121, 'tau': 2427.1581444458925}. Best is trial 39 with value: 40.35612697757252.
trail number 137
[I 2025-07-20 19:13:49,282] Trial 137 finished with value: 42.68475397478815 and parameters: {'C': 161.21543967224437, 'epsilon': 11.847042309323754, 'tau': 2785.7837228429516}. Best is trial 39 with value: 40.35612697757252.
trail number 139
[I 2025-07-20 19:13:52,534] Trial 139 finished with value: 42.57745012212947 and parameters: {'C': 104.16531127877148, 'epsilon': 13.351374511916207, 'tau': 2503.437727735061}. Best is trial 39 with value: 40.35612697757252.
trail number 138
[I 2025-07-20 19:13:53,940] Trial 138 finished with value: 42.828252342719296 and parameters: {'C': 200.83027116720558, 'epsilon': 14.43976357764928, 'tau': 2527.44757294852}. Best is trial 39 with value: 40.35612697757252.
trail number 140
[I 2025-07-20 19:14:31,572] Trial 140 finished with value: 42.845175052477224 and parameters: {'C': 154.67113513347005, 'epsilon': 15.164139446009731, 'tau': 2518.0593221285253}. Best is trial 39 with value: 40.35612697757252.
trail number 141
[I 2025-07-20 19:14:35,250] Trial 141 finished with value: 43.192232797154446 and parameters: {'C': 274.1529964526665, 'epsilon': 20.518646562739605, 'tau': 2088.8170134832462}. Best is trial 39 with value: 40.35612697757252.
trail number 142
[I 2025-07-20 19:14:37,546] Trial 142 finished with value: 62.718285637178994 and parameters: {'C': 5.075648029367429, 'epsilon': 5.541560250270049, 'tau': 3742.733307261421}. Best is trial 39 with value: 40.35612697757252.
trail number 143
[I 2025-07-20 19:14:43,817] Trial 143 finished with value: 42.61715373777734 and parameters: {'C': 704.2565937624009, 'epsilon': 10.226926935443931, 'tau': 4226.272235852685}. Best is trial 39 with value: 40.35612697757252.
trail number 144
[I 2025-07-20 19:15:18,395] Trial 144 finished with value: 42.53711474154126 and parameters: {'C': 105.83680978573497, 'epsilon': 11.18698321922293, 'tau': 2027.6269872007929}. Best is trial 39 with value: 40.35612697757252.
trail number 146
[I 2025-07-20 19:15:25,772] Trial 146 finished with value: 41.14495390215694 and parameters: {'C': 39.42972540689222, 'epsilon': 10.811156552317778, 'tau': 2097.163739960044}. Best is trial 39 with value: 40.35612697757252.
trail number 145
[I 2025-07-20 19:15:25,802] Trial 145 finished with value: 49.66817184247456 and parameters: {'C': 11.91955000925114, 'epsilon': 6.2686194869684115, 'tau': 2082.397613775767}. Best is trial 39 with value: 40.35612697757252.
trail number 147
[I 2025-07-20 19:15:31,277] Trial 147 finished with value: 47.84298776811013 and parameters: {'C': 14.765815911436427, 'epsilon': 15.14876549517609, 'tau': 2444.8030604228875}. Best is trial 39 with value: 40.35612697757252.
trail number 148
[I 2025-07-20 19:16:06,054] Trial 148 finished with value: 41.528084220271055 and parameters: {'C': 68.0145065327695, 'epsilon': 11.757255186115929, 'tau': 2088.8113687727714}. Best is trial 39 with value: 40.35612697757252.
trail number 150
[I 2025-07-20 19:16:14,044] Trial 150 finished with value: 41.41186789644543 and parameters: {'C': 37.60374711974368, 'epsilon': 12.12146686014637, 'tau': 2285.4713902269195}. Best is trial 39 with value: 40.35612697757252.
trail number 149
[I 2025-07-20 19:16:14,957] Trial 149 finished with value: 40.63981382101382 and parameters: {'C': 55.99368665718016, 'epsilon': 9.266249972392465, 'tau': 2013.2658181022107}. Best is trial 39 with value: 40.35612697757252.
trail number 151
[I 2025-07-20 19:16:17,977] Trial 151 finished with value: 59.692135110926486 and parameters: {'C': 2.623691840276301, 'epsilon': 8.98016389616889, 'tau': 2241.8111216358466}. Best is trial 39 with value: 40.35612697757252.
trail number 152
[I 2025-07-20 19:16:52,664] Trial 152 finished with value: 42.6490820917067 and parameters: {'C': 295.16168766819493, 'epsilon': 10.859210183263688, 'tau': 2023.7438594951686}. Best is trial 39 with value: 40.35612697757252.
trail number 154
[I 2025-07-20 19:17:00,757] Trial 154 finished with value: 43.47552605602068 and parameters: {'C': 22.094474769410276, 'epsilon': 11.415057279143701, 'tau': 2432.415635990583}. Best is trial 39 with value: 40.35612697757252.
trail number 153
[I 2025-07-20 19:17:00,766] Trial 153 finished with value: 59.59633444242918 and parameters: {'C': 7.647548086251142, 'epsilon': 8.710495771166027, 'tau': 2539.7578352142928}. Best is trial 39 with value: 40.35612697757252.
trail number 155
[I 2025-07-20 19:17:04,113] Trial 155 finished with value: 42.525527690898045 and parameters: {'C': 256.7899067652417, 'epsilon': 8.344809939243211, 'tau': 2011.6062203356037}. Best is trial 39 with value: 40.35612697757252.
trail number 156
[I 2025-07-20 19:17:38,759] Trial 156 finished with value: 49.15674329458577 and parameters: {'C': 13.111698441542138, 'epsilon': 12.904114217124528, 'tau': 2318.9726167621957}. Best is trial 39 with value: 40.35612697757252.
trail number 158
[I 2025-07-20 19:17:47,710] Trial 158 finished with value: 41.92562163858359 and parameters: {'C': 60.486028729077816, 'epsilon': 29.405804211947828, 'tau': 4018.099751461529}. Best is trial 39 with value: 40.35612697757252.
trail number 157
[I 2025-07-20 19:17:48,435] Trial 157 finished with value: 43.84998473142183 and parameters: {'C': 844.8469235271178, 'epsilon': 28.880165051965967, 'tau': 3520.0134082461554}. Best is trial 39 with value: 40.35612697757252.
trail number 159
[I 2025-07-20 19:17:50,649] Trial 159 finished with value: 41.952386844300406 and parameters: {'C': 29.100849322617492, 'epsilon': 11.756340764706577, 'tau': 2167.910701831093}. Best is trial 39 with value: 40.35612697757252.
trail number 160
[I 2025-07-20 19:18:28,570] Trial 160 finished with value: 41.16412371619085 and parameters: {'C': 61.760238714511566, 'epsilon': 7.840954791905042, 'tau': 2055.6206279774015}. Best is trial 39 with value: 40.35612697757252.
trail number 162
[I 2025-07-20 19:18:34,714] Trial 162 finished with value: 42.43006609319706 and parameters: {'C': 208.72974059202818, 'epsilon': 6.636825877058658, 'tau': 4180.7228821947465}. Best is trial 39 with value: 40.35612697757252.
trail number 161
[I 2025-07-20 19:18:34,729] Trial 161 finished with value: 42.896395916830535 and parameters: {'C': 574.9263406217616, 'epsilon': 15.725715962166213, 'tau': 4808.884712374298}. Best is trial 39 with value: 40.35612697757252.
trail number 163
[I 2025-07-20 19:18:39,123] Trial 163 finished with value: 41.56436983707348 and parameters: {'C': 38.79426315042525, 'epsilon': 17.452604439803025, 'tau': 2018.1731194308895}. Best is trial 39 with value: 40.35612697757252.
trail number 164
[I 2025-07-20 19:19:17,545] Trial 164 finished with value: 42.52238534837009 and parameters: {'C': 166.02564194488036, 'epsilon': 8.279536765242185, 'tau': 2040.9006385790071}. Best is trial 39 with value: 40.35612697757252.
trail number 166
[I 2025-07-20 19:19:22,469] Trial 166 finished with value: 49.36501882580419 and parameters: {'C': 12.292970721492978, 'epsilon': 10.250388502569907, 'tau': 2083.6498416453464}. Best is trial 39 with value: 40.35612697757252.
trail number 165
[I 2025-07-20 19:19:22,868] Trial 165 finished with value: 42.459382157050904 and parameters: {'C': 145.10755012072758, 'epsilon': 7.0951430266318525, 'tau': 2077.6052404577986}. Best is trial 39 with value: 40.35612697757252.
trail number 167
[I 2025-07-20 19:19:27,119] Trial 167 finished with value: 41.378439805462776 and parameters: {'C': 35.45688248359155, 'epsilon': 7.8272339141107405, 'tau': 2093.5108801692863}. Best is trial 39 with value: 40.35612697757252.
trail number 168
[I 2025-07-20 19:20:05,755] Trial 168 finished with value: 44.292237997748124 and parameters: {'C': 17.80618617690929, 'epsilon': 8.175104513536382, 'tau': 2235.9455220829423}. Best is trial 39 with value: 40.35612697757252.
trail number 170
[I 2025-07-20 19:20:09,996] Trial 170 finished with value: 43.80316936860155 and parameters: {'C': 678.1522473387628, 'epsilon': 28.294058931800635, 'tau': 2089.618159053619}. Best is trial 39 with value: 40.35612697757252.
trail number 169
[I 2025-07-20 19:20:10,279] Trial 169 finished with value: 42.2903302234977 and parameters: {'C': 111.65029081048758, 'epsilon': 5.923381874416512, 'tau': 2293.873238058148}. Best is trial 39 with value: 40.35612697757252.
trail number 171
[I 2025-07-20 19:20:14,821] Trial 171 finished with value: 59.59603243883394 and parameters: {'C': 2.0913932033100693, 'epsilon': 8.70964047388903, 'tau': 2077.9317487973344}. Best is trial 39 with value: 40.35612697757252.
trail number 172
[I 2025-07-20 19:20:53,449] Trial 172 finished with value: 41.74053907802126 and parameters: {'C': 29.118614411963826, 'epsilon': 5.792714999813569, 'tau': 2253.086466591621}. Best is trial 39 with value: 40.35612697757252.
trail number 173
[I 2025-07-20 19:20:57,655] Trial 173 finished with value: 42.32536395737914 and parameters: {'C': 154.58763320841538, 'epsilon': 4.740004179988659, 'tau': 2777.738547568944}. Best is trial 39 with value: 40.35612697757252.
trail number 174
[I 2025-07-20 19:20:58,562] Trial 174 finished with value: 41.65133894851226 and parameters: {'C': 85.13234822621239, 'epsilon': 5.258699943916631, 'tau': 2890.5695609628006}. Best is trial 39 with value: 40.35612697757252.
trail number 175
[I 2025-07-20 19:21:03,985] Trial 175 finished with value: 61.94755245445107 and parameters: {'C': 6.8137997489758675, 'epsilon': 4.493610675966656, 'tau': 3153.5579899637964}. Best is trial 39 with value: 40.35612697757252.
trail number 176
[I 2025-07-20 19:21:42,943] Trial 176 finished with value: 41.22373868889251 and parameters: {'C': 79.36008920704158, 'epsilon': 0.2996367234651546, 'tau': 3184.1692670406933}. Best is trial 39 with value: 40.35612697757252.
trail number 177
[I 2025-07-20 19:21:47,719] Trial 177 finished with value: 42.51588461518763 and parameters: {'C': 132.7182443486987, 'epsilon': 8.448048695003509, 'tau': 2031.9855440167428}. Best is trial 39 with value: 40.35612697757252.
trail number 178
[I 2025-07-20 19:21:48,076] Trial 178 finished with value: 41.46675434868042 and parameters: {'C': 66.59274196009214, 'epsilon': 11.368929280862368, 'tau': 2061.5437788524937}. Best is trial 39 with value: 40.35612697757252.
trail number 179
[I 2025-07-20 19:21:52,844] Trial 179 finished with value: 42.52401844631216 and parameters: {'C': 92.7614629801264, 'epsilon': 12.667219123940647, 'tau': 2076.6547718381976}. Best is trial 39 with value: 40.35612697757252.
trail number 180
[I 2025-07-20 19:22:31,351] Trial 180 finished with value: 40.80484480423123 and parameters: {'C': 56.9222264251132, 'epsilon': 3.7957009565909416, 'tau': 3110.2734419890708}. Best is trial 39 with value: 40.35612697757252.
trail number 181
