[I 2025-07-20 19:40:42,127] Trial 272 finished with value: 43.54100598976327 and parameters: {'C': 24.702488494045646, 'epsilon': 0.08276073828672303, 'tau': 4833.909063304743}. Best is trial 39 with value: 40.35612697757252.
trail number 273
[I 2025-07-20 19:40:54,233] Trial 273 finished with value: 41.51534029579331 and parameters: {'C': 105.43259148082575, 'epsilon': 0.5636952528236698, 'tau': 4691.575651802101}. Best is trial 39 with value: 40.35612697757252.
trail number 274
[I 2025-07-20 19:41:06,552] Trial 274 finished with value: 41.25514037168258 and parameters: {'C': 95.76385344969927, 'epsilon': 1.7238785894141264, 'tau': 4551.340187774485}. Best is trial 39 with value: 40.35612697757252.
trail number 275
[I 2025-07-20 19:41:11,272] Trial 275 finished with value: 40.97083518488352 and parameters: {'C': 59.90894448676769, 'epsilon': 0.07570031998241958, 'tau': 4947.44244507075}. Best is trial 39 with value: 40.35612697757252.
trail number 276
[I 2025-07-20 19:41:28,834] Trial 276 finished with value: 42.3215408913842 and parameters: {'C': 100.80734632353824, 'epsilon': 9.971403522329563, 'tau': 2779.2925369841487}. Best is trial 39 with value: 40.35612697757252.
trail number 277
[I 2025-07-20 19:41:44,496] Trial 277 finished with value: 42.53987776094621 and parameters: {'C': 131.8904958496821, 'epsilon': 10.901921786918788, 'tau': 2952.260623259739}. Best is trial 39 with value: 40.35612697757252.
trail number 278
[I 2025-07-20 19:41:58,973] Trial 278 finished with value: 42.42403400556297 and parameters: {'C': 106.02701543833504, 'epsilon': 12.49724061909496, 'tau': 2992.854468111159}. Best is trial 39 with value: 40.35612697757252.
trail number 279
[I 2025-07-20 19:42:05,361] Trial 279 finished with value: 42.46999517057385 and parameters: {'C': 130.0459250341449, 'epsilon': 9.296586729364954, 'tau': 2871.276776694932}. Best is trial 39 with value: 40.35612697757252.
trail number 280
[I 2025-07-20 19:42:22,145] Trial 280 finished with value: 42.23088266095165 and parameters: {'C': 120.47944005235644, 'epsilon': 5.40791723605277, 'tau': 3435.9549974525166}. Best is trial 39 with value: 40.35612697757252.
trail number 281
[I 2025-07-20 19:42:37,706] Trial 281 finished with value: 42.219284001662565 and parameters: {'C': 665.7503943120639, 'epsilon': 2.084940272588435, 'tau': 4570.061113782908}. Best is trial 39 with value: 40.35612697757252.
trail number 282
[I 2025-07-20 19:42:52,891] Trial 282 finished with value: 42.04784724708499 and parameters: {'C': 144.47932288904735, 'epsilon': 0.4879192569257024, 'tau': 4971.083326431459}. Best is trial 39 with value: 40.35612697757252.
trail number 283
[I 2025-07-20 19:42:59,499] Trial 283 finished with value: 42.164484106530196 and parameters: {'C': 181.13968055126566, 'epsilon': 1.4009259982503295, 'tau': 4862.1398808438125}. Best is trial 39 with value: 40.35612697757252.
trail number 284
[I 2025-07-20 19:43:12,603] Trial 284 finished with value: 42.16692047619524 and parameters: {'C': 420.85027587205036, 'epsilon': 0.7225586799046436, 'tau': 4024.539342596957}. Best is trial 39 with value: 40.35612697757252.
trail number 285
[I 2025-07-20 19:43:26,661] Trial 285 finished with value: 41.00707821065987 and parameters: {'C': 57.77051565376695, 'epsilon': 1.5008577730908357, 'tau': 4958.436651769748}. Best is trial 39 with value: 40.35612697757252.
trail number 286
[I 2025-07-20 19:43:41,368] Trial 286 finished with value: 42.17054386725528 and parameters: {'C': 253.62005927933328, 'epsilon': 0.823735271446787, 'tau': 4729.105835691647}. Best is trial 39 with value: 40.35612697757252.
trail number 287
[I 2025-07-20 19:43:45,554] Trial 287 finished with value: 42.142899582555444 and parameters: {'C': 356.2559888404022, 'epsilon': 0.04355932508923848, 'tau': 4991.955900409649}. Best is trial 39 with value: 40.35612697757252.
trail number 288
[I 2025-07-20 19:43:56,328] Trial 288 finished with value: 42.17095969340803 and parameters: {'C': 28.878555758721937, 'epsilon': 5.6622481424470195, 'tau': 3044.944123183436}. Best is trial 39 with value: 40.35612697757252.
trail number 289
[I 2025-07-20 19:44:14,905] Trial 289 finished with value: 41.38647074927969 and parameters: {'C': 46.39803493366049, 'epsilon': 0.3006310062070928, 'tau': 4687.620226382237}. Best is trial 39 with value: 40.35612697757252.
trail number 290
[I 2025-07-20 19:44:29,251] Trial 290 finished with value: 42.58931679264476 and parameters: {'C': 519.517951298493, 'epsilon': 9.655217887037772, 'tau': 3304.2246990727936}. Best is trial 39 with value: 40.35612697757252.
trail number 291
[I 2025-07-20 19:44:35,257] Trial 291 finished with value: 41.057218191411756 and parameters: {'C': 87.70677153145934, 'epsilon': 0.37893769010809575, 'tau': 4365.312612030741}. Best is trial 39 with value: 40.35612697757252.
trail number 292
[I 2025-07-20 19:44:47,547] Trial 292 finished with value: 41.9384928449777 and parameters: {'C': 121.5173243613651, 'epsilon': 0.05641558987463113, 'tau': 4452.412026116614}. Best is trial 39 with value: 40.35612697757252.
