[I 2025-07-20 19:22:34,368] Trial 181 finished with value: 41.928779161517625 and parameters: {'C': 30.824866517526274, 'epsilon': 3.072244145452347, 'tau': 3270.0849975097103}. Best is trial 39 with value: 40.35612697757252.
trail number 182
[I 2025-07-20 19:22:36,810] Trial 182 finished with value: 46.13233864275806 and parameters: {'C': 16.15755758905184, 'epsilon': 3.7941241747793883, 'tau': 2763.7825256787605}. Best is trial 39 with value: 40.35612697757252.
trail number 183
[I 2025-07-20 19:22:41,346] Trial 183 finished with value: 40.48776002321186 and parameters: {'C': 68.63067370360884, 'epsilon': 3.9669307122606097, 'tau': 3316.1688398159226}. Best is trial 39 with value: 40.35612697757252.
trail number 184
[I 2025-07-20 19:23:16,463] Trial 184 finished with value: 40.40825830167328 and parameters: {'C': 67.39204716854451, 'epsilon': 0.18943616060976592, 'tau': 3537.934320906314}. Best is trial 39 with value: 40.35612697757252.
trail number 185
[I 2025-07-20 19:23:20,295] Trial 185 finished with value: 43.10492157072811 and parameters: {'C': 23.025627933551682, 'epsilon': 2.5455881531203746, 'tau': 3139.8561118740836}. Best is trial 39 with value: 40.35612697757252.
trail number 186
[I 2025-07-20 19:23:26,939] Trial 186 finished with value: 41.51844871358266 and parameters: {'C': 32.20289232189717, 'epsilon': 0.6068377542506078, 'tau': 3322.676714368219}. Best is trial 39 with value: 40.35612697757252.
trail number 187
[I 2025-07-20 19:23:32,754] Trial 187 finished with value: 42.15978631046314 and parameters: {'C': 185.26251243561265, 'epsilon': 0.5180916522033839, 'tau': 3438.6270684562605}. Best is trial 39 with value: 40.35612697757252.
trail number 188
[I 2025-07-20 19:24:02,873] Trial 188 finished with value: 41.94000394940782 and parameters: {'C': 104.47275289443341, 'epsilon': 3.2847072756209736, 'tau': 3528.039657003541}. Best is trial 39 with value: 40.35612697757252.
trail number 189
[I 2025-07-20 19:24:08,292] Trial 189 finished with value: 41.16056462288592 and parameters: {'C': 45.00510852632708, 'epsilon': 2.624664000238341, 'tau': 4078.0628956560518}. Best is trial 39 with value: 40.35612697757252.
trail number 190
[I 2025-07-20 19:24:18,540] Trial 190 finished with value: 41.669595681601834 and parameters: {'C': 30.919060046601977, 'epsilon': 0.08602091425570116, 'tau': 3532.071663293426}. Best is trial 39 with value: 40.35612697757252.
trail number 191
[I 2025-07-20 19:24:22,525] Trial 191 finished with value: 42.14774472694903 and parameters: {'C': 165.80156459163834, 'epsilon': 0.2479298097228, 'tau': 3311.005953252232}. Best is trial 39 with value: 40.35612697757252.
trail number 192
[I 2025-07-20 19:24:51,943] Trial 192 finished with value: 42.384517187557414 and parameters: {'C': 221.51312980226908, 'epsilon': 5.811689006977654, 'tau': 2908.6904547647}. Best is trial 39 with value: 40.35612697757252.
trail number 193
[I 2025-07-20 19:24:57,518] Trial 193 finished with value: 42.15719880422067 and parameters: {'C': 213.4647711148026, 'epsilon': 0.4463836848906289, 'tau': 3924.2454770736517}. Best is trial 39 with value: 40.35612697757252.
trail number 194
[I 2025-07-20 19:25:05,894] Trial 194 finished with value: 42.145355019438014 and parameters: {'C': 145.2692902983216, 'epsilon': 2.337190045717063, 'tau': 3989.3572007274743}. Best is trial 39 with value: 40.35612697757252.
trail number 195
[I 2025-07-20 19:25:10,441] Trial 195 finished with value: 42.611151595167 and parameters: {'C': 28.398311532311297, 'epsilon': 3.1251621146298127, 'tau': 4000.831573234415}. Best is trial 39 with value: 40.35612697757252.
trail number 196
[I 2025-07-20 19:25:41,003] Trial 196 finished with value: 50.62554894024736 and parameters: {'C': 15.924805520505409, 'epsilon': 0.5779701564945892, 'tau': 4004.8759489093077}. Best is trial 39 with value: 40.35612697757252.
trail number 197
[I 2025-07-20 19:25:44,926] Trial 197 finished with value: 42.15514508033151 and parameters: {'C': 173.8650127173206, 'epsilon': 1.0197860669090018, 'tau': 4337.466916725732}. Best is trial 39 with value: 40.35612697757252.
trail number 198
[I 2025-07-20 19:25:55,147] Trial 198 finished with value: 40.97348914597012 and parameters: {'C': 84.17529810881067, 'epsilon': 0.7009821859699914, 'tau': 4185.2257220810025}. Best is trial 39 with value: 40.35612697757252.
trail number 199
[I 2025-07-20 19:26:00,592] Trial 199 finished with value: 42.19472690883726 and parameters: {'C': 203.47376969986362, 'epsilon': 1.480152978680331, 'tau': 3105.509196137172}. Best is trial 39 with value: 40.35612697757252.
trail number 200
[I 2025-07-20 19:26:28,607] Trial 200 finished with value: 40.437805379659785 and parameters: {'C': 76.48215629430973, 'epsilon': 7.446075361878034, 'tau': 4116.83115460839}. Best is trial 39 with value: 40.35612697757252.
trail number 201
[I 2025-07-20 19:26:33,993] Trial 201 finished with value: 42.430224305216214 and parameters: {'C': 174.02344998850805, 'epsilon': 6.89858564175147, 'tau': 3692.485593957344}. Best is trial 39 with value: 40.35612697757252.
trail number 202
[I 2025-07-20 19:26:42,680] Trial 202 finished with value: 40.71681567462381 and parameters: {'C': 68.63420325131901, 'epsilon': 0.1946964741327908, 'tau': 4695.918140728555}. Best is trial 39 with value: 40.35612697757252.
trail number 203
[I 2025-07-20 19:26:47,728] Trial 203 finished with value: 41.81766697021961 and parameters: {'C': 39.051655981317246, 'epsilon': 5.623819142272585, 'tau': 4339.915386320766}. Best is trial 39 with value: 40.35612697757252.
trail number 204
[I 2025-07-20 19:27:15,895] Trial 204 finished with value: 41.970796079641886 and parameters: {'C': 125.09100189252635, 'epsilon': 1.836508998971113, 'tau': 4767.634137111823}. Best is trial 39 with value: 40.35612697757252.
trail number 205
[I 2025-07-20 19:27:19,425] Trial 205 finished with value: 42.51961637260996 and parameters: {'C': 159.77873023692177, 'epsilon': 9.760135323254262, 'tau': 3942.044336423055}. Best is trial 39 with value: 40.35612697757252.
trail number 206
[I 2025-07-20 19:27:33,100] Trial 206 finished with value: 42.0564721387008 and parameters: {'C': 133.39364933578608, 'epsilon': 1.3350051147128317, 'tau': 4659.821019653776}. Best is trial 39 with value: 40.35612697757252.
trail number 207
[I 2025-07-20 19:27:37,813] Trial 207 finished with value: 42.458584494644334 and parameters: {'C': 32.48838364008402, 'epsilon': 8.79865023829896, 'tau': 4182.417342261001}. Best is trial 39 with value: 40.35612697757252.
trail number 208
[I 2025-07-20 19:28:06,112] Trial 208 finished with value: 42.16820565537828 and parameters: {'C': 124.76803597127596, 'epsilon': 5.285608703407673, 'tau': 4186.164041958202}. Best is trial 39 with value: 40.35612697757252.
trail number 209
[I 2025-07-20 19:28:08,998] Trial 209 finished with value: 42.53790848408299 and parameters: {'C': 31.164420130145068, 'epsilon': 6.993102756494636, 'tau': 4032.6691883871385}. Best is trial 39 with value: 40.35612697757252.
trail number 210
[I 2025-07-20 19:28:21,713] Trial 210 finished with value: 40.56321630760076 and parameters: {'C': 79.87157081195001, 'epsilon': 1.2347189538453214, 'tau': 4370.621463344944}. Best is trial 39 with value: 40.35612697757252.
trail number 211
[I 2025-07-20 19:28:27,511] Trial 211 finished with value: 59.868455726831904 and parameters: {'C': 8.648979836162013, 'epsilon': 3.459170452596604, 'tau': 4259.415769510023}. Best is trial 39 with value: 40.35612697757252.
trail number 212
[I 2025-07-20 19:28:54,553] Trial 212 finished with value: 41.87576406308102 and parameters: {'C': 108.90130291452104, 'epsilon': 0.27574125867708243, 'tau': 3850.5406802114153}. Best is trial 39 with value: 40.35612697757252.
trail number 213
[I 2025-07-20 19:28:59,331] Trial 213 finished with value: 42.22754684963633 and parameters: {'C': 175.57986265518616, 'epsilon': 2.8384441507313536, 'tau': 4215.596123064759}. Best is trial 39 with value: 40.35612697757252.
trail number 214
[I 2025-07-20 19:29:09,913] Trial 214 finished with value: 41.15648087201644 and parameters: {'C': 49.33517427317179, 'epsilon': 2.6068425717374684, 'tau': 4864.894743631513}. Best is trial 39 with value: 40.35612697757252.
trail number 215
[I 2025-07-20 19:29:13,982] Trial 215 finished with value: 42.104699629218096 and parameters: {'C': 152.87470054171447, 'epsilon': 0.8240974461273313, 'tau': 4253.0087557985635}. Best is trial 39 with value: 40.35612697757252.
trail number 216
[I 2025-07-20 19:29:42,104] Trial 216 finished with value: 41.49720592368422 and parameters: {'C': 42.07702506769414, 'epsilon': 0.713468854746791, 'tau': 4976.108860767046}. Best is trial 39 with value: 40.35612697757252.
trail number 217
[I 2025-07-20 19:29:45,893] Trial 217 finished with value: 41.85715137286692 and parameters: {'C': 40.41923339835966, 'epsilon': 5.455928575782957, 'tau': 4935.42124967689}. Best is trial 39 with value: 40.35612697757252.
trail number 218
[I 2025-07-20 19:29:58,134] Trial 218 finished with value: 42.16362279292353 and parameters: {'C': 141.9002491864577, 'epsilon': 3.932422843899815, 'tau': 4924.276783696992}. Best is trial 39 with value: 40.35612697757252.
trail number 219
[I 2025-07-20 19:30:01,989] Trial 219 finished with value: 52.71422157777719 and parameters: {'C': 16.458280706126196, 'epsilon': 5.649798432078516, 'tau': 4742.297304546605}. Best is trial 39 with value: 40.35612697757252.
trail number 220
[I 2025-07-20 19:30:29,096] Trial 220 finished with value: 41.13261462503887 and parameters: {'C': 56.326539624679405, 'epsilon': 4.434934125611233, 'tau': 4792.844821441881}. Best is trial 39 with value: 40.35612697757252.
trail number 221
[I 2025-07-20 19:30:32,651] Trial 221 finished with value: 40.413157640828985 and parameters: {'C': 69.59243039981202, 'epsilon': 0.5494383268200562, 'tau': 4340.549282212432}. Best is trial 39 with value: 40.35612697757252.
trail number 222
[I 2025-07-20 19:30:44,693] Trial 222 finished with value: 41.114208225033565 and parameters: {'C': 51.18836236609795, 'epsilon': 1.4043584335361459, 'tau': 4518.143570117619}. Best is trial 39 with value: 40.35612697757252.
trail number 223
[I 2025-07-20 19:30:46,965] Trial 223 finished with value: 56.77473053052506 and parameters: {'C': 14.337752515273849, 'epsilon': 0.5764377125389437, 'tau': 4677.375231336045}. Best is trial 39 with value: 40.35612697757252.
trail number 224
[I 2025-07-20 19:31:17,013] Trial 224 finished with value: 42.49594646936557 and parameters: {'C': 425.14038044815567, 'epsilon': 7.751060206414995, 'tau': 4752.814467990371}. Best is trial 39 with value: 40.35612697757252.
trail number 225
[I 2025-07-20 19:31:20,425] Trial 225 finished with value: 45.518301928075196 and parameters: {'C': 21.142430945090553, 'epsilon': 0.004727241583851516, 'tau': 4487.594578022638}. Best is trial 39 with value: 40.35612697757252.
trail number 226
[I 2025-07-20 19:31:34,589] Trial 226 finished with value: 40.57690352352636 and parameters: {'C': 67.5894929378744, 'epsilon': 0.288168999457426, 'tau': 4425.8399633899035}. Best is trial 39 with value: 40.35612697757252.
trail number 227
[I 2025-07-20 19:31:34,592] Trial 227 finished with value: 45.34440171593444 and parameters: {'C': 21.200708667366655, 'epsilon': 1.1511460572029977, 'tau': 4282.605556274951}. Best is trial 39 with value: 40.35612697757252.
trail number 228
[I 2025-07-20 19:32:03,027] Trial 228 finished with value: 41.423844097790905 and parameters: {'C': 41.3441449556343, 'epsilon': 0.8456297413505262, 'tau': 4427.051678670627}. Best is trial 39 with value: 40.35612697757252.
trail number 229
[I 2025-07-20 19:32:03,946] Trial 229 finished with value: 42.3549387949158 and parameters: {'C': 152.59446640651728, 'epsilon': 7.37675792346666, 'tau': 4480.554169429931}. Best is trial 39 with value: 40.35612697757252.
trail number 231
[I 2025-07-20 19:32:18,233] Trial 231 finished with value: 42.23237595048418 and parameters: {'C': 238.3930321683706, 'epsilon': 2.4011119996995465, 'tau': 4517.214320128723}. Best is trial 39 with value: 40.35612697757252.
trail number 230
[I 2025-07-20 19:32:23,029] Trial 230 finished with value: 42.570033883165465 and parameters: {'C': 208.93365283781498, 'epsilon': 9.440800996104116, 'tau': 4781.169678154925}. Best is trial 39 with value: 40.35612697757252.
trail number 233
[I 2025-07-20 19:32:51,965] Trial 233 finished with value: 42.26001421080828 and parameters: {'C': 345.3186431809132, 'epsilon': 3.10287257089822, 'tau': 4773.710819378829}. Best is trial 39 with value: 40.35612697757252.
trail number 232
[I 2025-07-20 19:32:51,978] Trial 232 finished with value: 42.25893985033266 and parameters: {'C': 192.95272510714685, 'epsilon': 3.2786999011284625, 'tau': 4523.31646874553}. Best is trial 39 with value: 40.35612697757252.
trail number 234
[I 2025-07-20 19:33:04,170] Trial 234 finished with value: 42.07693959308366 and parameters: {'C': 147.41539647208, 'epsilon': 1.0163533742373128, 'tau': 4707.843117737097}. Best is trial 39 with value: 40.35612697757252.
trail number 235
[I 2025-07-20 19:33:14,978] Trial 235 finished with value: 42.08180384434043 and parameters: {'C': 157.00816827050693, 'epsilon': 0.42341641877516734, 'tau': 4687.485422637361}. Best is trial 39 with value: 40.35612697757252.
trail number 237
[I 2025-07-20 19:33:35,480] Trial 237 finished with value: 41.30081362063014 and parameters: {'C': 46.446292181466745, 'epsilon': 0.8949057956978586, 'tau': 4799.005295376457}. Best is trial 39 with value: 40.35612697757252.
trail number 236
[I 2025-07-20 19:33:38,273] Trial 236 finished with value: 41.04232702581508 and parameters: {'C': 92.48767685681136, 'epsilon': 0.32285768744162896, 'tau': 4896.040770765476}. Best is trial 39 with value: 40.35612697757252.
trail number 238
[I 2025-07-20 19:33:55,378] Trial 238 finished with value: 42.26581822132095 and parameters: {'C': 153.0590008911759, 'epsilon': 5.49149746187009, 'tau': 4419.982058290932}. Best is trial 39 with value: 40.35612697757252.
trail number 239
[I 2025-07-20 19:34:00,729] Trial 239 finished with value: 60.38684398721814 and parameters: {'C': 6.314969311460132, 'epsilon': 5.094299599626034, 'tau': 4714.217914328532}. Best is trial 39 with value: 40.35612697757252.
trail number 240
[I 2025-07-20 19:34:24,591] Trial 240 finished with value: 41.73525738002447 and parameters: {'C': 43.030848246730784, 'epsilon': 11.749864501643717, 'tau': 3744.8886191860342}. Best is trial 39 with value: 40.35612697757252.
trail number 241
[I 2025-07-20 19:34:25,072] Trial 241 finished with value: 46.63502069671186 and parameters: {'C': 16.752713249730334, 'epsilon': 7.957792338056988, 'tau': 3034.915469628449}. Best is trial 39 with value: 40.35612697757252.
trail number 242
[I 2025-07-20 19:34:44,278] Trial 242 finished with value: 41.55281335718085 and parameters: {'C': 102.61317313518428, 'epsilon': 0.2876408552054723, 'tau': 4351.006628311777}. Best is trial 39 with value: 40.35612697757252.
trail number 243
[I 2025-07-20 19:34:47,614] Trial 243 finished with value: 42.527973081111384 and parameters: {'C': 726.3738328823237, 'epsilon': 8.39421255391698, 'tau': 2477.2577742893013}. Best is trial 39 with value: 40.35612697757252.
trail number 244
[I 2025-07-20 19:35:12,358] Trial 244 finished with value: 41.10772924989923 and parameters: {'C': 93.5989028330205, 'epsilon': 0.10018656292993183, 'tau': 4800.658744496828}. Best is trial 39 with value: 40.35612697757252.
trail number 245
[I 2025-07-20 19:35:16,019] Trial 245 finished with value: 42.15158359979055 and parameters: {'C': 207.83273991741058, 'epsilon': 0.3243563390694679, 'tau': 4943.642103004416}. Best is trial 39 with value: 40.35612697757252.
trail number 246
[I 2025-07-20 19:35:31,085] Trial 246 finished with value: 42.049361053105635 and parameters: {'C': 150.31585296703454, 'epsilon': 0.21120395228133232, 'tau': 4951.392216138201}. Best is trial 39 with value: 40.35612697757252.
trail number 247
[I 2025-07-20 19:35:35,007] Trial 247 finished with value: 41.49932531267085 and parameters: {'C': 49.241165059249155, 'epsilon': 5.175979399775171, 'tau': 4972.244248285087}. Best is trial 39 with value: 40.35612697757252.
trail number 248
[I 2025-07-20 19:35:59,559] Trial 248 finished with value: 42.11082607185671 and parameters: {'C': 166.08339710396368, 'epsilon': 0.02809539276297368, 'tau': 4366.44892602094}. Best is trial 39 with value: 40.35612697757252.
trail number 249
[I 2025-07-20 19:36:03,852] Trial 249 finished with value: 42.15697154103973 and parameters: {'C': 187.47040368260267, 'epsilon': 0.5833306467332746, 'tau': 4392.439871977955}. Best is trial 39 with value: 40.35612697757252.
trail number 250
[I 2025-07-20 19:36:17,992] Trial 250 finished with value: 42.41841781674998 and parameters: {'C': 142.63497997064258, 'epsilon': 7.606290379264401, 'tau': 3228.844785723762}. Best is trial 39 with value: 40.35612697757252.
trail number 251
[I 2025-07-20 19:36:22,847] Trial 251 finished with value: 42.13091862412266 and parameters: {'C': 168.57564182584758, 'epsilon': 0.3700866363257923, 'tau': 4165.64101718543}. Best is trial 39 with value: 40.35612697757252.
trail number 252
[I 2025-07-20 19:36:47,473] Trial 252 finished with value: 41.03554158743918 and parameters: {'C': 61.74389087421216, 'epsilon': 0.005537962294784093, 'tau': 4213.691642896698}. Best is trial 39 with value: 40.35612697757252.
trail number 253
[I 2025-07-20 19:36:49,343] Trial 253 finished with value: 45.7134166148359 and parameters: {'C': 19.74998449857035, 'epsilon': 0.5414567505175618, 'tau': 4056.366066620363}. Best is trial 39 with value: 40.35612697757252.
trail number 254
[I 2025-07-20 19:37:06,493] Trial 254 finished with value: 41.352472534146926 and parameters: {'C': 42.34370138857212, 'epsilon': 0.8874035492119408, 'tau': 4275.160923102243}. Best is trial 39 with value: 40.35612697757252.
trail number 255
[I 2025-07-20 19:37:11,436] Trial 255 finished with value: 42.745932767895376 and parameters: {'C': 26.327091771641363, 'epsilon': 0.0418509172838456, 'tau': 3904.195749672394}. Best is trial 39 with value: 40.35612697757252.
trail number 257
[I 2025-07-20 19:37:36,012] Trial 257 finished with value: 43.39367724509487 and parameters: {'C': 535.027563268267, 'epsilon': 23.158406179230468, 'tau': 3639.2230274738085}. Best is trial 39 with value: 40.35612697757252.
trail number 256
[I 2025-07-20 19:37:36,051] Trial 256 finished with value: 41.99991102553325 and parameters: {'C': 116.59867415706249, 'epsilon': 4.622022879208537, 'tau': 4263.316788468526}. Best is trial 39 with value: 40.35612697757252.
trail number 258
[I 2025-07-20 19:37:55,173] Trial 258 finished with value: 43.3220343725693 and parameters: {'C': 26.902034507763, 'epsilon': 3.685014048557331, 'tau': 4616.582483741991}. Best is trial 39 with value: 40.35612697757252.
trail number 259
[I 2025-07-20 19:37:59,350] Trial 259 finished with value: 41.071613131688004 and parameters: {'C': 59.39003208785668, 'epsilon': 5.6588680345599105, 'tau': 4414.647845014757}. Best is trial 39 with value: 40.35612697757252.
trail number 260
[I 2025-07-20 19:38:22,357] Trial 260 finished with value: 41.9688406184913 and parameters: {'C': 36.6896318650695, 'epsilon': 4.935893038590326, 'tau': 4481.069206367989}. Best is trial 39 with value: 40.35612697757252.
trail number 261
[I 2025-07-20 19:38:25,156] Trial 261 finished with value: 48.86210528539347 and parameters: {'C': 15.443664760229545, 'epsilon': 14.080353929652457, 'tau': 3149.093121903235}. Best is trial 39 with value: 40.35612697757252.
trail number 262
[I 2025-07-20 19:38:45,008] Trial 262 finished with value: 43.0812569563878 and parameters: {'C': 26.88518116265593, 'epsilon': 6.390112861050964, 'tau': 3750.673723287693}. Best is trial 39 with value: 40.35612697757252.
trail number 263
[I 2025-07-20 19:38:45,630] Trial 263 finished with value: 42.192174199643226 and parameters: {'C': 770.6021412500877, 'epsilon': 1.4144702019527955, 'tau': 2861.57305970446}. Best is trial 39 with value: 40.35612697757252.
trail number 264
[I 2025-07-20 19:39:07,446] Trial 264 finished with value: 42.7727259604676 and parameters: {'C': 29.080406674029348, 'epsilon': 0.5745145500885629, 'tau': 4715.318215409947}. Best is trial 39 with value: 40.35612697757252.
trail number 265
[I 2025-07-20 19:39:15,952] Trial 265 finished with value: 62.65081124301737 and parameters: {'C': 3.3430613624423984, 'epsilon': 1.8723841552084743, 'tau': 4610.961159120143}. Best is trial 39 with value: 40.35612697757252.
trail number 267
[I 2025-07-20 19:39:29,316] Trial 267 finished with value: 41.06671852286373 and parameters: {'C': 54.69330047805046, 'epsilon': 0.08749937567719768, 'tau': 4735.882387159826}. Best is trial 39 with value: 40.35612697757252.
trail number 266
[I 2025-07-20 19:39:32,469] Trial 266 finished with value: 41.23504236140146 and parameters: {'C': 56.828770589829034, 'epsilon': 9.19929851027284, 'tau': 4418.304394795177}. Best is trial 39 with value: 40.35612697757252.
trail number 268
[I 2025-07-20 19:39:54,546] Trial 268 finished with value: 41.18496072255185 and parameters: {'C': 91.41916248645487, 'epsilon': 6.954212399068022, 'tau': 4427.86524395153}. Best is trial 39 with value: 40.35612697757252.
trail number 269
[I 2025-07-20 19:40:06,570] Trial 269 finished with value: 42.74773296301494 and parameters: {'C': 221.44283785475437, 'epsilon': 12.914730969615803, 'tau': 4293.916104213933}. Best is trial 39 with value: 40.35612697757252.
trail number 270
[I 2025-07-20 19:40:18,115] Trial 270 finished with value: 42.38282647810551 and parameters: {'C': 225.4398670156893, 'epsilon': 5.777565509861874, 'tau': 3669.764334085855}. Best is trial 39 with value: 40.35612697757252.
trail number 271
[I 2025-07-20 19:40:22,028] Trial 271 finished with value: 41.912530767898424 and parameters: {'C': 116.31320153417637, 'epsilon': 1.0836417508777059, 'tau': 4302.814653369963}. Best is trial 39 with value: 40.35612697757252.
trail number 272
