nohup: ignoring input
/home/alber/env/lib/python3.11/site-packages/optuna/_experimental.py:32: ExperimentalWarning: Argument ``multivariate`` is an experimental feature. The interface can change in the future.
  warnings.warn(
[I 2025-07-20 18:45:02,478] A new study created in memory with name: no-name-dbfee67e-efd8-4585-8db5-a1965c6c1b09
trail number 1
[I 2025-07-20 18:45:47,652] Trial 1 finished with value: 42.55102805505093 and parameters: {'C': 875.9159396049931, 'epsilon': 8.862777218719915, 'tau': 2951.0418737248456}. Best is trial 1 with value: 42.55102805505093.
trail number 3
[I 2025-07-20 18:45:53,685] Trial 3 finished with value: 42.644067756975645 and parameters: {'C': 145.0731589665688, 'epsilon': 13.138605406174129, 'tau': 3462.4188587643566}. Best is trial 1 with value: 42.55102805505093.
trail number 0
[I 2025-07-20 18:45:53,688] Trial 0 finished with value: 43.5600168643009 and parameters: {'C': 238.04867887140307, 'epsilon': 25.251143466903102, 'tau': 3887.7631028433443}. Best is trial 1 with value: 42.55102805505093.
trail number 2
[I 2025-07-20 18:45:53,695] Trial 2 finished with value: 42.44798368813194 and parameters: {'C': 587.74547691068, 'epsilon': 6.89256079047397, 'tau': 3711.125336490786}. Best is trial 2 with value: 42.44798368813194.
trail number 4
[I 2025-07-20 18:46:37,783] Trial 4 finished with value: 43.020406869850305 and parameters: {'C': 802.2866948685138, 'epsilon': 17.902767581875494, 'tau': 2444.5227658717167}. Best is trial 2 with value: 42.44798368813194.
trail number 6
[I 2025-07-20 18:46:39,216] Trial 6 finished with value: 42.569218474405986 and parameters: {'C': 480.12600831221704, 'epsilon': 9.232464028436024, 'tau': 3923.531919960218}. Best is trial 2 with value: 42.44798368813194.
trail number 5
[I 2025-07-20 18:46:42,303] Trial 5 finished with value: 43.37489648559173 and parameters: {'C': 864.9399724697159, 'epsilon': 22.9226195231236, 'tau': 3177.285986724826}. Best is trial 2 with value: 42.44798368813194.
trail number 7
[I 2025-07-20 18:46:44,631] Trial 7 finished with value: 42.904414490473926 and parameters: {'C': 896.2701781739332, 'epsilon': 15.866760207392442, 'tau': 4292.604092655649}. Best is trial 2 with value: 42.44798368813194.
trail number 9
[I 2025-07-20 18:47:28,414] Trial 9 finished with value: 42.232340185235536 and parameters: {'C': 635.501164800229, 'epsilon': 2.3992234262162015, 'tau': 3426.522119810046}. Best is trial 9 with value: 42.232340185235536.
trail number 8
[I 2025-07-20 18:47:29,206] Trial 8 finished with value: 41.9063301132328 and parameters: {'C': 37.728155003571004, 'epsilon': 15.547964681294431, 'tau': 2976.5641952799315}. Best is trial 8 with value: 41.9063301132328.
trail number 11
[I 2025-07-20 18:47:33,687] Trial 11 finished with value: 50.350993279984 and parameters: {'C': 17.175914462260256, 'epsilon': 8.809283699738305, 'tau': 4414.206351581593}. Best is trial 8 with value: 41.9063301132328.
trail number 10
[I 2025-07-20 18:47:34,110] Trial 10 finished with value: 42.64413680663925 and parameters: {'C': 817.1377447091414, 'epsilon': 10.76257535382129, 'tau': 2830.756394201739}. Best is trial 8 with value: 41.9063301132328.
trail number 12
[I 2025-07-20 18:48:20,057] Trial 12 finished with value: 43.0740958837566 and parameters: {'C': 219.16006137099296, 'epsilon': 19.14638589775038, 'tau': 4754.600380206384}. Best is trial 8 with value: 41.9063301132328.
trail number 13
[I 2025-07-20 18:48:21,061] Trial 13 finished with value: 43.76323553325121 and parameters: {'C': 696.1334754213494, 'epsilon': 27.794550319910652, 'tau': 2973.203079676726}. Best is trial 8 with value: 41.9063301132328.
trail number 14
[I 2025-07-20 18:48:25,361] Trial 14 finished with value: 43.126744209661766 and parameters: {'C': 538.1397513692034, 'epsilon': 19.554431746959036, 'tau': 2699.433237096155}. Best is trial 8 with value: 41.9063301132328.
trail number 15
[I 2025-07-20 18:48:25,659] Trial 15 finished with value: 42.998449224404126 and parameters: {'C': 886.6954181684333, 'epsilon': 17.52369573626202, 'tau': 4885.970382671263}. Best is trial 8 with value: 41.9063301132328.
trail number 16
[I 2025-07-20 18:49:10,333] Trial 16 finished with value: 42.562767949291995 and parameters: {'C': 808.0204168901208, 'epsilon': 9.101093753317382, 'tau': 3287.4427806362405}. Best is trial 8 with value: 41.9063301132328.
trail number 17
[I 2025-07-20 18:49:11,155] Trial 17 finished with value: 42.83654834123904 and parameters: {'C': 264.4140422181733, 'epsilon': 14.598707665258262, 'tau': 3697.064675809701}. Best is trial 8 with value: 41.9063301132328.
trail number 19
[I 2025-07-20 18:49:15,079] Trial 19 finished with value: 52.38457324245426 and parameters: {'C': 13.10808105432298, 'epsilon': 21.671246784348817, 'tau': 2830.182209718158}. Best is trial 8 with value: 41.9063301132328.
trail number 18
[I 2025-07-20 18:49:17,007] Trial 18 finished with value: 41.41422998661268 and parameters: {'C': 84.56692280707114, 'epsilon': 8.094900097177668, 'tau': 3319.2615072081167}. Best is trial 18 with value: 41.41422998661268.
trail number 21
[I 2025-07-20 18:49:59,159] Trial 21 finished with value: 42.77708923079753 and parameters: {'C': 440.3546962473356, 'epsilon': 13.451308679407745, 'tau': 3971.6572124776994}. Best is trial 18 with value: 41.41422998661268.
trail number 20
[I 2025-07-20 18:49:59,849] Trial 20 finished with value: 42.99142975320661 and parameters: {'C': 649.9183523576464, 'epsilon': 17.40379025412289, 'tau': 2007.4807679967498}. Best is trial 18 with value: 41.41422998661268.
trail number 23
[I 2025-07-20 18:50:04,175] Trial 23 finished with value: 41.70203325065224 and parameters: {'C': 87.30110597202722, 'epsilon': 2.385586370659144, 'tau': 2916.4251422801613}. Best is trial 18 with value: 41.41422998661268.
trail number 22
[I 2025-07-20 18:50:04,202] Trial 22 finished with value: 43.519683240930895 and parameters: {'C': 760.7141660139554, 'epsilon': 24.73702480056932, 'tau': 4362.022248226718}. Best is trial 18 with value: 41.41422998661268.
trail number 25
[I 2025-07-20 18:50:47,510] Trial 25 finished with value: 40.401360955297676 and parameters: {'C': 73.63021003309841, 'epsilon': 6.769468344469651, 'tau': 4585.819998609708}. Best is trial 25 with value: 40.401360955297676.
trail number 24
[I 2025-07-20 18:50:48,820] Trial 24 finished with value: 42.31552069687474 and parameters: {'C': 36.91522630895754, 'epsilon': 17.528580262229962, 'tau': 3249.780068119664}. Best is trial 25 with value: 40.401360955297676.
trail number 27
[I 2025-07-20 18:50:52,594] Trial 27 finished with value: 42.87618690494564 and parameters: {'C': 484.3538373936279, 'epsilon': 15.353581556086777, 'tau': 3185.340917026001}. Best is trial 25 with value: 40.401360955297676.
trail number 26
[I 2025-07-20 18:50:53,486] Trial 26 finished with value: 42.23223625244178 and parameters: {'C': 666.7320867472594, 'epsilon': 2.3795181237167697, 'tau': 3618.476845219759}. Best is trial 25 with value: 40.401360955297676.
trail number 28
[I 2025-07-20 18:51:35,732] Trial 28 finished with value: 42.962530051019414 and parameters: {'C': 900.8468657351292, 'epsilon': 16.909326997045877, 'tau': 2795.816133921646}. Best is trial 25 with value: 40.401360955297676.
trail number 29
[I 2025-07-20 18:51:35,790] Trial 29 finished with value: 43.64668188837183 and parameters: {'C': 127.28831519485209, 'epsilon': 29.225376118134665, 'tau': 2676.380424436363}. Best is trial 25 with value: 40.401360955297676.
trail number 31
[I 2025-07-20 18:51:39,995] Trial 31 finished with value: 43.72356413541817 and parameters: {'C': 758.7389336661452, 'epsilon': 27.294515761025867, 'tau': 4656.424473784002}. Best is trial 25 with value: 40.401360955297676.
trail number 30
[I 2025-07-20 18:51:40,400] Trial 30 finished with value: 42.339074439156434 and parameters: {'C': 840.6903856933542, 'epsilon': 4.90720273884157, 'tau': 4903.2893744471885}. Best is trial 25 with value: 40.401360955297676.
trail number 32
[I 2025-07-20 18:52:24,111] Trial 32 finished with value: 43.37141757468439 and parameters: {'C': 934.3443587162197, 'epsilon': 22.87958331249072, 'tau': 4846.828734610665}. Best is trial 25 with value: 40.401360955297676.
trail number 33
[I 2025-07-20 18:52:24,659] Trial 33 finished with value: 42.2409030871204 and parameters: {'C': 172.80122868750135, 'epsilon': 2.60482807104799, 'tau': 2677.143637983234}. Best is trial 25 with value: 40.401360955297676.
trail number 35
[I 2025-07-20 18:52:28,625] Trial 35 finished with value: 62.683185559829454 and parameters: {'C': 10.664493409970362, 'epsilon': 1.1360792474973673, 'tau': 3111.936382496447}. Best is trial 25 with value: 40.401360955297676.
trail number 34
[I 2025-07-20 18:52:29,269] Trial 34 finished with value: 42.132422298971235 and parameters: {'C': 124.46633229688929, 'epsilon': 2.7180361587199684, 'tau': 3413.823841137809}. Best is trial 25 with value: 40.401360955297676.
trail number 36
[I 2025-07-20 18:53:16,569] Trial 36 finished with value: 42.634148794657605 and parameters: {'C': 23.51099385723971, 'epsilon': 0.21827967124984582, 'tau': 2875.6538055997116}. Best is trial 25 with value: 40.401360955297676.
trail number 37
[I 2025-07-20 18:53:16,632] Trial 37 finished with value: 40.56524898149341 and parameters: {'C': 70.01162059922753, 'epsilon': 0.195843198617081, 'tau': 3393.3877965179845}. Best is trial 25 with value: 40.401360955297676.
trail number 38
[I 2025-07-20 18:53:20,983] Trial 38 finished with value: 42.01474199146811 and parameters: {'C': 124.49175910488378, 'epsilon': 0.039980535294510844, 'tau': 4094.2122205426926}. Best is trial 25 with value: 40.401360955297676.
trail number 39
[I 2025-07-20 18:53:21,645] Trial 39 finished with value: 40.35612697757252 and parameters: {'C': 54.193711648405014, 'epsilon': 10.219414826815626, 'tau': 2429.259050649155}. Best is trial 39 with value: 40.35612697757252.
trail number 40
trail number 41
[I 2025-07-20 18:54:07,446] Trial 40 finished with value: 42.58205359449725 and parameters: {'C': 111.55160311029063, 'epsilon': 13.52579888376963, 'tau': 2893.1792796536765}. Best is trial 39 with value: 40.35612697757252.
[I 2025-07-20 18:54:07,455] Trial 41 finished with value: 42.054952373873896 and parameters: {'C': 129.80539395324354, 'epsilon': 0.8863612653367214, 'tau': 4219.092103620003}. Best is trial 39 with value: 40.35612697757252.
trail number 43
[I 2025-07-20 18:54:12,664] Trial 43 finished with value: 42.31970774429587 and parameters: {'C': 279.0122324086609, 'epsilon': 4.502241880675735, 'tau': 4552.877410327702}. Best is trial 39 with value: 40.35612697757252.
trail number 42
[I 2025-07-20 18:54:12,680] Trial 42 finished with value: 42.55533471265504 and parameters: {'C': 189.0331497028189, 'epsilon': 8.949977934287514, 'tau': 2913.5967841879747}. Best is trial 39 with value: 40.35612697757252.
trail number 45
[I 2025-07-20 18:54:57,451] Trial 45 finished with value: 42.803117231348416 and parameters: {'C': 244.04786251930386, 'epsilon': 13.95217461432395, 'tau': 2287.1635267818956}. Best is trial 39 with value: 40.35612697757252.
trail number 44
[I 2025-07-20 18:54:57,462] Trial 44 finished with value: 42.70693708710475 and parameters: {'C': 211.85707299286585, 'epsilon': 12.037810128422423, 'tau': 2080.786586122429}. Best is trial 39 with value: 40.35612697757252.
trail number 47
[I 2025-07-20 18:55:02,348] Trial 47 finished with value: 42.732669380267374 and parameters: {'C': 170.07090056848008, 'epsilon': 12.58482467525765, 'tau': 2298.081730282234}. Best is trial 39 with value: 40.35612697757252.
trail number 46
[I 2025-07-20 18:55:02,396] Trial 46 finished with value: 41.00952384233235 and parameters: {'C': 70.7176771898013, 'epsilon': 8.079511983151377, 'tau': 2884.517328821237}. Best is trial 39 with value: 40.35612697757252.
trail number 48
[I 2025-07-20 18:55:47,239] Trial 48 finished with value: 42.16870185195866 and parameters: {'C': 478.56521419245473, 'epsilon': 0.7718607815445484, 'tau': 2118.209446345888}. Best is trial 39 with value: 40.35612697757252.
trail number 49
[I 2025-07-20 18:55:47,890] Trial 49 finished with value: 41.070121921350164 and parameters: {'C': 58.600573700027155, 'epsilon': 8.714230607095532, 'tau': 3827.619994075263}. Best is trial 39 with value: 40.35612697757252.
trail number 51
[I 2025-07-20 18:55:52,425] Trial 51 finished with value: 41.11198447476812 and parameters: {'C': 42.95102281125509, 'epsilon': 7.813688734982664, 'tau': 2216.070851775442}. Best is trial 39 with value: 40.35612697757252.
trail number 50
[I 2025-07-20 18:55:53,780] Trial 50 finished with value: 42.06071533682578 and parameters: {'C': 33.55367454543554, 'epsilon': 7.422499273159632, 'tau': 3819.818516746295}. Best is trial 39 with value: 40.35612697757252.
trail number 54
[I 2025-07-20 18:56:40,400] Trial 54 finished with value: 42.27175983117619 and parameters: {'C': 98.82313559468258, 'epsilon': 6.0019320610468965, 'tau': 2078.8989586576918}. Best is trial 39 with value: 40.35612697757252.
trail number 53
trail number 52
[I 2025-07-20 18:56:41,568] Trial 53 finished with value: 42.520703406861884 and parameters: {'C': 33.03356204142998, 'epsilon': 10.417964909196797, 'tau': 3987.6169940932587}. Best is trial 39 with value: 40.35612697757252.
[I 2025-07-20 18:56:41,570] Trial 52 finished with value: 41.736846675341965 and parameters: {'C': 95.66719503940445, 'epsilon': 7.528532864052782, 'tau': 3548.3703345873932}. Best is trial 39 with value: 40.35612697757252.
trail number 55
[I 2025-07-20 18:56:44,794] Trial 55 finished with value: 62.71601382647374 and parameters: {'C': 2.708953075576744, 'epsilon': 7.491036709877159, 'tau': 2322.9630261087436}. Best is trial 39 with value: 40.35612697757252.
trail number 56
[I 2025-07-20 18:57:30,057] Trial 56 finished with value: 56.835729890924334 and parameters: {'C': 10.372224417290383, 'epsilon': 8.768526744984378, 'tau': 2465.365789361938}. Best is trial 39 with value: 40.35612697757252.
trail number 57
[I 2025-07-20 18:57:30,679] Trial 57 finished with value: 42.35941995655895 and parameters: {'C': 146.0625877956577, 'epsilon': 7.779087896708633, 'tau': 4666.304129171901}. Best is trial 39 with value: 40.35612697757252.
trail number 58
[I 2025-07-20 18:57:33,042] Trial 58 finished with value: 42.21791286688979 and parameters: {'C': 123.64818838290915, 'epsilon': 10.42282303908108, 'tau': 4609.9913091266435}. Best is trial 39 with value: 40.35612697757252.
trail number 59
[I 2025-07-20 18:57:35,319] Trial 59 finished with value: 42.487220558858084 and parameters: {'C': 178.0604596276425, 'epsilon': 8.577598493134163, 'tau': 4568.451187670098}. Best is trial 39 with value: 40.35612697757252.
trail number 61
[I 2025-07-20 18:58:19,116] Trial 61 finished with value: 61.957758748570804 and parameters: {'C': 3.8133218540558147, 'epsilon': 4.367688772663141, 'tau': 4544.927277876614}. Best is trial 39 with value: 40.35612697757252.
trail number 60
[I 2025-07-20 18:58:20,008] Trial 60 finished with value: 42.48960418208058 and parameters: {'C': 166.02559460180544, 'epsilon': 8.970052436868517, 'tau': 4216.221452479259}. Best is trial 39 with value: 40.35612697757252.
trail number 62
[I 2025-07-20 18:58:21,835] Trial 62 finished with value: 42.3516893606063 and parameters: {'C': 309.6029094419535, 'epsilon': 5.165986325880968, 'tau': 3320.4221038413807}. Best is trial 39 with value: 40.35612697757252.
trail number 63
[I 2025-07-20 18:58:25,919] Trial 63 finished with value: 41.28663649512963 and parameters: {'C': 42.738601016240686, 'epsilon': 17.09120801297513, 'tau': 2231.523779447714}. Best is trial 39 with value: 40.35612697757252.
trail number 64
[I 2025-07-20 18:59:07,457] Trial 64 finished with value: 42.60191994846646 and parameters: {'C': 224.85385042372513, 'epsilon': 9.914866052903642, 'tau': 3473.856622660341}. Best is trial 39 with value: 40.35612697757252.
trail number 66
[I 2025-07-20 18:59:13,016] Trial 66 finished with value: 42.31062861624574 and parameters: {'C': 954.7246772734011, 'epsilon': 4.299887169216618, 'tau': 2127.7613942229245}. Best is trial 39 with value: 40.35612697757252.
trail number 65
[I 2025-07-20 18:59:13,158] Trial 65 finished with value: 43.38028951680871 and parameters: {'C': 152.1452225213119, 'epsilon': 28.09586801874242, 'tau': 4919.737240122456}. Best is trial 39 with value: 40.35612697757252.
trail number 67
[I 2025-07-20 18:59:17,585] Trial 67 finished with value: 41.86347002326689 and parameters: {'C': 71.24101107163382, 'epsilon': 21.341318417089163, 'tau': 2117.761654432412}. Best is trial 39 with value: 40.35612697757252.
trail number 68
[I 2025-07-20 18:59:57,899] Trial 68 finished with value: 52.59226961333885 and parameters: {'C': 12.0258771316864, 'epsilon': 13.679083500283093, 'tau': 2494.5405856972843}. Best is trial 39 with value: 40.35612697757252.
trail number 69
[I 2025-07-20 19:00:02,119] Trial 69 finished with value: 41.04688121836077 and parameters: {'C': 52.60888000725936, 'epsilon': 13.571647144983698, 'tau': 2456.185162167313}. Best is trial 39 with value: 40.35612697757252.
trail number 70
[I 2025-07-20 19:00:02,941] Trial 70 finished with value: 55.39502031231844 and parameters: {'C': 10.791688474961163, 'epsilon': 15.188091675415869, 'tau': 2448.6405267305527}. Best is trial 39 with value: 40.35612697757252.
trail number 71
[I 2025-07-20 19:00:06,998] Trial 71 finished with value: 58.90887205680067 and parameters: {'C': 9.274156767268948, 'epsilon': 16.261242785107587, 'tau': 2105.529707270452}. Best is trial 39 with value: 40.35612697757252.
trail number 72
[I 2025-07-20 19:00:46,443] Trial 72 finished with value: 41.746012200751785 and parameters: {'C': 86.47133299793089, 'epsilon': 7.878530435356041, 'tau': 2895.950508491488}. Best is trial 39 with value: 40.35612697757252.
trail number 73
[I 2025-07-20 19:00:50,289] Trial 73 finished with value: 43.88233163936988 and parameters: {'C': 21.41807545372757, 'epsilon': 8.818511331503716, 'tau': 2734.676254749045}. Best is trial 39 with value: 40.35612697757252.
trail number 74
[I 2025-07-20 19:00:51,358] Trial 74 finished with value: 63.49754472897075 and parameters: {'C': 5.223433498397696, 'epsilon': 11.362333706758664, 'tau': 2609.1173001442103}. Best is trial 39 with value: 40.35612697757252.
trail number 75
[I 2025-07-20 19:00:56,689] Trial 75 finished with value: 42.43971226195616 and parameters: {'C': 256.1603872098444, 'epsilon': 6.770724174213938, 'tau': 2711.5985208277216}. Best is trial 39 with value: 40.35612697757252.
trail number 76
[I 2025-07-20 19:01:34,956] Trial 76 finished with value: 61.82177229324755 and parameters: {'C': 1.8551643917042853, 'epsilon': 10.332320821341588, 'tau': 2167.042695489201}. Best is trial 39 with value: 40.35612697757252.
trail number 77
[I 2025-07-20 19:01:39,523] Trial 77 finished with value: 43.05647192869058 and parameters: {'C': 165.21222121730978, 'epsilon': 18.576685002552324, 'tau': 2427.2317201873307}. Best is trial 39 with value: 40.35612697757252.
trail number 78
[I 2025-07-20 19:01:40,058] Trial 78 finished with value: 41.136248369174155 and parameters: {'C': 60.73877082113016, 'epsilon': 11.440921184360352, 'tau': 2052.807266194451}. Best is trial 39 with value: 40.35612697757252.
trail number 79
[I 2025-07-20 19:01:44,526] Trial 79 finished with value: 61.53371166835946 and parameters: {'C': 8.764975012463871, 'epsilon': 5.5139171841152335, 'tau': 2020.7681867536392}. Best is trial 39 with value: 40.35612697757252.
trail number 80
[I 2025-07-20 19:02:25,251] Trial 80 finished with value: 43.02510333326032 and parameters: {'C': 294.61101871680194, 'epsilon': 17.984012759055727, 'tau': 3034.3122646468278}. Best is trial 39 with value: 40.35612697757252.
trail number 81
[I 2025-07-20 19:02:26,740] Trial 81 finished with value: 42.215381950219374 and parameters: {'C': 207.46847388814587, 'epsilon': 1.9911210975621012, 'tau': 3306.7210535919976}. Best is trial 39 with value: 40.35612697757252.
trail number 82
[I 2025-07-20 19:02:30,156] Trial 82 finished with value: 42.447570193253554 and parameters: {'C': 296.3063292324235, 'epsilon': 6.886471783278408, 'tau': 2326.80350765496}. Best is trial 39 with value: 40.35612697757252.
trail number 83
[I 2025-07-20 19:02:33,824] Trial 83 finished with value: 42.548899855499045 and parameters: {'C': 186.79029025180012, 'epsilon': 8.81972531167294, 'tau': 2180.6103956538154}. Best is trial 39 with value: 40.35612697757252.
trail number 85
[I 2025-07-20 19:03:16,316] Trial 85 finished with value: 41.307254330756415 and parameters: {'C': 63.52841437343648, 'epsilon': 11.61335173005981, 'tau': 2074.247833798689}. Best is trial 39 with value: 40.35612697757252.
trail number 84
[I 2025-07-20 19:03:16,483] Trial 84 finished with value: 42.77006656378036 and parameters: {'C': 106.44403799899845, 'epsilon': 16.15247112270315, 'tau': 2049.496370873733}. Best is trial 39 with value: 40.35612697757252.
trail number 86
[I 2025-07-20 19:03:19,999] Trial 86 finished with value: 42.76665924819459 and parameters: {'C': 141.32927242492784, 'epsilon': 13.456676571261397, 'tau': 2046.129480810023}. Best is trial 39 with value: 40.35612697757252.
trail number 87
[I 2025-07-20 19:03:20,651] Trial 87 finished with value: 60.88676438787276 and parameters: {'C': 0.9622187438297942, 'epsilon': 1.0843343197922461, 'tau': 3603.6069688257276}. Best is trial 39 with value: 40.35612697757252.
trail number 89
[I 2025-07-20 19:04:04,709] Trial 89 finished with value: 42.81240960246658 and parameters: {'C': 128.29328497362513, 'epsilon': 16.53326951915705, 'tau': 2628.42306928925}. Best is trial 39 with value: 40.35612697757252.
trail number 88
[I 2025-07-20 19:04:04,711] Trial 88 finished with value: 42.88243035802807 and parameters: {'C': 196.9602860656443, 'epsilon': 15.467549354830894, 'tau': 2124.3380385904115}. Best is trial 39 with value: 40.35612697757252.
trail number 90
