{"target": 41.5291805634188, "params": {"C": 50.653848865281404, "epsilon": 7.896358822130963, "tau": 1122.7188716917794, "kronecker_kernel": false}}
{"target": 62.67941086165534, "params": {"C": 5.499489629255329, "epsilon": 1.221929052664196, "tau": 1988.7186290622926, "kronecker_kernel": false}}
{"target": 41.07427830954837, "params": {"C": 57.7958062759648, "epsilon": 11.186525317811249, "tau": 1897.1534452804756, "kronecker_kernel": false}}
{"target": 41.68463985434879, "params": {"C": 58.05928423908543, "epsilon": 7.897646944691702, "tau": 1348.3672405305872, "kronecker_kernel": false}}
{"target": 41.57511472287667, "params": {"C": 60.027745269225804, "epsilon": 9.385456222166098, "tau": 1560.8628715443886, "kronecker_kernel": false}}
{"target": 41.23106861651472, "params": {"C": 32.322990439447295, "epsilon": 9.708154729145257, "tau": 1550.1466906941132, "kronecker_kernel": false}}
{"target": 41.5569644820273, "params": {"C": 25.623605930062766, "epsilon": 10.478954906606026, "tau": 1386.7448005692659, "kronecker_kernel": false}}
{"target": 41.87648742048775, "params": {"C": 35.40990392171773, "epsilon": 27.06466103543056, "tau": 628.7732976579655, "kronecker_kernel": false}}
{"target": 41.22769682271456, "params": {"C": 33.598316581614924, "epsilon": 9.602992132418002, "tau": 1697.0005166157903, "kronecker_kernel": false}}
{"target": 41.62323696820478, "params": {"C": 26.490460045739916, "epsilon": 6.866678866642239, "tau": 1636.9472389202485, "kronecker_kernel": false}}
{"target": 40.62075193372608, "params": {"C": 49.99640163230551, "epsilon": 9.67574735170646, "tau": 1611.155937850811, "kronecker_kernel": false}}
{"target": 40.788962036878466, "params": {"C": 50.8644334276374, "epsilon": 9.506310634464953, "tau": 1598.6458372510801, "kronecker_kernel": false}}
{"target": 40.43100286230937, "params": {"C": 48.247578116252534, "epsilon": 11.083145456237059, "tau": 1606.5245213914116, "kronecker_kernel": false}}
{"target": 40.69662978624753, "params": {"C": 45.5129758311689, "epsilon": 11.55953755552548, "tau": 1784.4109282526852, "kronecker_kernel": false}}
{"target": 40.932819668544695, "params": {"C": 38.28254592105148, "epsilon": 11.44281367661716, "tau": 1392.2593016691314, "kronecker_kernel": false}}
{"target": 40.35377603699509, "params": {"C": 50.20739600153983, "epsilon": 11.418928386465256, "tau": 1897.702822004315, "kronecker_kernel": false}}
{"target": 40.663375142532004, "params": {"C": 45.092344411294974, "epsilon": 9.437747821599185, "tau": 1298.3773483250334, "kronecker_kernel": false}}
{"target": 41.03084941244562, "params": {"C": 34.339907564629, "epsilon": 11.057811574143972, "tau": 1301.9752884989225, "kronecker_kernel": false}}
{"target": 41.01255310977696, "params": {"C": 35.45864631612219, "epsilon": 5.161315238484345, "tau": 1504.1540519123594, "kronecker_kernel": false}}
{"target": 40.56131998750336, "params": {"C": 44.60811509651855, "epsilon": 3.1761065736973157, "tau": 1343.8242393496078, "kronecker_kernel": false}}
{"target": 40.90113413354696, "params": {"C": 44.40103318146858, "epsilon": 9.595076974463028, "tau": 1883.4566582123211, "kronecker_kernel": false}}
{"target": 40.36742953989113, "params": {"C": 40.093052724193555, "epsilon": 3.105485257898874, "tau": 1345.4092684817879, "kronecker_kernel": false}}
{"target": 61.37863174294987, "params": {"C": 2.2519308469304633, "epsilon": 16.878918328420983, "tau": 831.0781511773018, "kronecker_kernel": false}}
{"target": 41.41555728825956, "params": {"C": 59.227526022711274, "epsilon": 9.258833049910372, "tau": 1645.5327453728, "kronecker_kernel": false}}
{"target": 41.33585948844562, "params": {"C": 33.78107642274379, "epsilon": 21.31370001731279, "tau": 1245.225697289544, "kronecker_kernel": false}}
{"target": 41.67083252616361, "params": {"C": 60.40178492935506, "epsilon": 7.976702673531178, "tau": 1473.1832572506294, "kronecker_kernel": false}}
{"target": 41.73106746695733, "params": {"C": 44.119876662532775, "epsilon": 28.84714409325354, "tau": 1730.8476339500412, "kronecker_kernel": false}}
{"target": 40.447478509599264, "params": {"C": 44.3306557261792, "epsilon": 7.419508572794253, "tau": 1375.7290508220347, "kronecker_kernel": false}}
{"target": 41.69236215127096, "params": {"C": 61.584911204179576, "epsilon": 4.7928428770861755, "tau": 1479.6475930660733, "kronecker_kernel": false}}
{"target": 42.05445675159397, "params": {"C": 62.983871850272834, "epsilon": 12.672889805547076, "tau": 1379.889079735711, "kronecker_kernel": false}}
{"target": 40.98383006421479, "params": {"C": 41.84099600890106, "epsilon": 7.6579265216492285, "tau": 1755.6653027864115, "kronecker_kernel": false}}
{"target": 43.12515399132889, "params": {"C": 97.36201224323798, "epsilon": 19.531299839440205, "tau": 208.69627985739544, "kronecker_kernel": false}}
{"target": 41.05282652487159, "params": {"C": 39.583494460992526, "epsilon": 8.35173878082723, "tau": 1768.5638678986043, "kronecker_kernel": false}}
{"target": 41.160742446673744, "params": {"C": 37.63714286383557, "epsilon": 7.433974286369555, "tau": 1784.0239050073976, "kronecker_kernel": false}}
{"target": 41.04634642548065, "params": {"C": 40.202313847287606, "epsilon": 6.2070303885536875, "tau": 1685.7675224241652, "kronecker_kernel": false}}
{"target": 40.387152892261454, "params": {"C": 46.586676137735644, "epsilon": 6.368288623974902, "tau": 1576.8304484098414, "kronecker_kernel": false}}
{"target": 40.32672914522264, "params": {"C": 42.05347646194864, "epsilon": 9.23725097895249, "tau": 1450.860961570024, "kronecker_kernel": false}}
{"target": 40.8334671029415, "params": {"C": 45.98427732149868, "epsilon": 11.814727619158422, "tau": 1948.6040629879662, "kronecker_kernel": false}}
{"target": 40.324264715464736, "params": {"C": 49.49097100510763, "epsilon": 10.291884700123836, "tau": 1988.30876468364, "kronecker_kernel": false}}
{"target": 41.22574942917949, "params": {"C": 42.89070783311861, "epsilon": 14.739706375692183, "tau": 1758.0758002523035, "kronecker_kernel": false}}
{"target": 40.55014247286267, "params": {"C": 40.29566710613848, "epsilon": 10.415140800866256, "tau": 1399.4394379820228, "kronecker_kernel": false}}
{"target": 40.70477325351712, "params": {"C": 46.231410685905864, "epsilon": 8.252435571164558, "tau": 1355.335202834515, "kronecker_kernel": false}}
{"target": 41.30349775237488, "params": {"C": 59.510346395207335, "epsilon": 13.178309069771874, "tau": 1858.960607251346, "kronecker_kernel": false}}
{"target": 41.85827652131271, "params": {"C": 69.4611113252213, "epsilon": 9.786776542147559, "tau": 1808.2412855249668, "kronecker_kernel": false}}
{"target": 41.58485691615692, "params": {"C": 51.668125275516104, "epsilon": 16.23981132995147, "tau": 1230.6043879806678, "kronecker_kernel": false}}
{"target": 40.613519074124326, "params": {"C": 54.05300252369584, "epsilon": 14.10428015859624, "tau": 1871.2870815645028, "kronecker_kernel": false}}
{"target": 41.88197726851157, "params": {"C": 27.00753435249611, "epsilon": 10.706422302741599, "tau": 1971.5764010590706, "kronecker_kernel": false}}
{"target": 41.36563257435718, "params": {"C": 28.19306360300748, "epsilon": 7.081265759713515, "tau": 1369.7869968858786, "kronecker_kernel": false}}
{"target": 41.318323385886444, "params": {"C": 33.91812779787523, "epsilon": 10.120119517631796, "tau": 1892.6315391622065, "kronecker_kernel": false}}
{"target": 41.39026281221521, "params": {"C": 23.11519178543175, "epsilon": 9.74804715772174, "tau": 1029.42099363403, "kronecker_kernel": false}}
{"target": 40.45283844477168, "params": {"C": 53.306389248702864, "epsilon": 10.371807018321528, "tau": 1920.3229708951765, "kronecker_kernel": false}}
{"target": 40.98797158872598, "params": {"C": 56.7289630551762, "epsilon": 9.744041306848477, "tau": 1871.1029064186346, "kronecker_kernel": false}}
{"target": 40.899738744185605, "params": {"C": 55.7475308599252, "epsilon": 10.925269031565403, "tau": 1856.1546728309, "kronecker_kernel": false}}
{"target": 41.59895564859172, "params": {"C": 65.73362286666189, "epsilon": 8.28316521041602, "tau": 1828.5340159878015, "kronecker_kernel": false}}
{"target": 41.076676853442024, "params": {"C": 59.587744006923984, "epsilon": 8.174149865105129, "tau": 1989.159007843829, "kronecker_kernel": false}}
{"target": 41.10263662887472, "params": {"C": 33.297628221658364, "epsilon": 5.856249295870251, "tau": 1405.7080736351124, "kronecker_kernel": false}}
{"target": 42.004035114127504, "params": {"C": 55.93413002932093, "epsilon": 5.659899269647472, "tau": 1000.9877870418858, "kronecker_kernel": false}}
{"target": 40.40517695336924, "params": {"C": 40.662306454095415, "epsilon": 5.382469965724137, "tau": 1202.2355237652962, "kronecker_kernel": false}}
{"target": 41.01372717551471, "params": {"C": 29.16878746527221, "epsilon": 2.970528821754725, "tau": 1040.514917269455, "kronecker_kernel": false}}
{"target": 42.080504751196706, "params": {"C": 65.83089222712418, "epsilon": 2.1910728975217215, "tau": 1146.2541992829158, "kronecker_kernel": false}}
{"target": 40.85928894202172, "params": {"C": 45.86443748877303, "epsilon": 10.50442612370865, "tau": 1989.229757367707, "kronecker_kernel": false}}
{"target": 40.39198805608375, "params": {"C": 42.8185818803193, "epsilon": 5.829040040399039, "tau": 1337.4977508847064, "kronecker_kernel": false}}
{"target": 41.81660261171328, "params": {"C": 11.024448820271104, "epsilon": 29.69462951344523, "tau": 107.36170360847166, "kronecker_kernel": false}}
{"target": 41.39082984386281, "params": {"C": 54.93558566775596, "epsilon": 4.161386614132028, "tau": 1389.1127747711357, "kronecker_kernel": false}}
{"target": 41.166867198215954, "params": {"C": 50.70552370004893, "epsilon": 5.27095743650469, "tau": 1364.1355908874712, "kronecker_kernel": false}}
{"target": 41.26746902028284, "params": {"C": 56.13517146913316, "epsilon": 7.243242370340268, "tau": 1588.5951060505326, "kronecker_kernel": false}}
{"target": 41.205331895061626, "params": {"C": 54.63500435120178, "epsilon": 5.729895438734546, "tau": 1546.55380280399, "kronecker_kernel": false}}
{"target": 43.25352728933393, "params": {"C": 93.38134269260891, "epsilon": 26.277620366490993, "tau": 1880.184157698249, "kronecker_kernel": false}}
{"target": 40.864696390852465, "params": {"C": 48.64490913396531, "epsilon": 11.285094455567775, "tau": 1430.0427543973096, "kronecker_kernel": false}}
{"target": 41.22949685644114, "params": {"C": 33.882703734197676, "epsilon": 8.610817696488457, "tau": 1654.2371468273884, "kronecker_kernel": false}}
{"target": 40.78945570597731, "params": {"C": 44.15670410761184, "epsilon": 11.621347745203717, "tau": 1205.9606560981858, "kronecker_kernel": false}}
{"target": 41.0537835096942, "params": {"C": 35.314519947800996, "epsilon": 4.542523419703134, "tau": 1620.3606435928018, "kronecker_kernel": false}}
{"target": 41.40888276443204, "params": {"C": 28.881190889568206, "epsilon": 7.329059485445347, "tau": 1622.710350038207, "kronecker_kernel": false}}
{"target": 40.46580519192325, "params": {"C": 44.49056451126894, "epsilon": 7.433236019583621, "tau": 1721.1769711583765, "kronecker_kernel": false}}
{"target": 40.436130542910846, "params": {"C": 53.386690402977536, "epsilon": 8.818770528934873, "tau": 1979.6357221854248, "kronecker_kernel": false}}
{"target": 41.191099759617245, "params": {"C": 43.63537225689362, "epsilon": 15.823423325895194, "tau": 1931.5093957028032, "kronecker_kernel": false}}
{"target": 40.52362368819971, "params": {"C": 48.824045443599935, "epsilon": 9.250623243097786, "tau": 1575.7275925093097, "kronecker_kernel": false}}
{"target": 41.28846990315985, "params": {"C": 36.809786521423575, "epsilon": 15.734604533815057, "tau": 1898.353672612633, "kronecker_kernel": false}}
{"target": 40.984645490074115, "params": {"C": 49.61633120025649, "epsilon": 19.448780095774723, "tau": 1457.6795518406207, "kronecker_kernel": false}}
{"target": 40.51070843316184, "params": {"C": 47.699420277880975, "epsilon": 10.906756340158472, "tau": 1502.9787169005003, "kronecker_kernel": false}}
{"target": 40.31668395653314, "params": {"C": 49.502104588619666, "epsilon": 8.282743429062275, "tau": 1997.8597419387931, "kronecker_kernel": false}}
{"target": 41.19555053719502, "params": {"C": 38.98492949392932, "epsilon": 9.14428959132336, "tau": 1981.5385588571157, "kronecker_kernel": false}}
{"target": 40.271872847180774, "params": {"C": 46.78853493012148, "epsilon": 7.911513728535841, "tau": 1722.3017483077679, "kronecker_kernel": false}}
{"target": 42.825455765991414, "params": {"C": 88.23583527335623, "epsilon": 17.692475992629856, "tau": 1560.2700073807832, "kronecker_kernel": false}}
{"target": 41.14739311375498, "params": {"C": 38.008960211758236, "epsilon": 12.348138196815835, "tau": 1972.7799422659598, "kronecker_kernel": false}}
{"target": 40.293138700560164, "params": {"C": 50.23921942090005, "epsilon": 8.613339027181844, "tau": 1866.5265141012621, "kronecker_kernel": false}}
{"target": 41.15387062859365, "params": {"C": 39.343502280512766, "epsilon": 10.404577229657093, "tau": 1988.6794364460968, "kronecker_kernel": false}}
{"target": 40.62988383109412, "params": {"C": 51.070343462013916, "epsilon": 10.741049992214357, "tau": 1673.6155552825862, "kronecker_kernel": false}}
{"target": 40.69159027259572, "params": {"C": 55.66898643726693, "epsilon": 10.768778986860363, "tau": 1961.9152923700874, "kronecker_kernel": false}}
{"target": 40.75704230150735, "params": {"C": 55.95017444919684, "epsilon": 9.350850246440741, "tau": 1952.6650379171422, "kronecker_kernel": false}}
{"target": 40.62909319213507, "params": {"C": 46.991777676385524, "epsilon": 8.545313459816915, "tau": 1966.897223458066, "kronecker_kernel": false}}
{"target": 41.71984227007079, "params": {"C": 69.41073627391646, "epsilon": 11.93365647267878, "tau": 1981.7383410774707, "kronecker_kernel": false}}
{"target": 41.07831954722373, "params": {"C": 41.14282216678335, "epsilon": 8.421066437514742, "tau": 1977.4861105751386, "kronecker_kernel": false}}
{"target": 41.13976592175701, "params": {"C": 56.585715501847794, "epsilon": 6.142696589522412, "tau": 1734.8898956530422, "kronecker_kernel": false}}
{"target": 41.397201664604175, "params": {"C": 60.53588533378955, "epsilon": 7.699631299703726, "tau": 1711.352142595464, "kronecker_kernel": false}}
{"target": 41.86150079989835, "params": {"C": 11.94508075150705, "epsilon": 11.727978024054275, "tau": 54.12032913947917, "kronecker_kernel": false}}
{"target": 40.70197557333138, "params": {"C": 40.54482298854864, "epsilon": 8.564372506003831, "tau": 1508.359028795914, "kronecker_kernel": false}}
{"target": 40.45122410874525, "params": {"C": 53.66059749352886, "epsilon": 8.890263093778135, "tau": 1958.4583286570535, "kronecker_kernel": false}}
{"target": 41.09293409785788, "params": {"C": 32.6770275730858, "epsilon": 9.179645107137596, "tau": 1248.4110332278115, "kronecker_kernel": false}}
{"target": 43.19832150928532, "params": {"C": 18.893283084154568, "epsilon": 15.033213220193623, "tau": 1416.1033714354253, "kronecker_kernel": false}}
{"target": 41.49091918723017, "params": {"C": 24.397598612290615, "epsilon": 4.007213191561361, "tau": 1416.4740075682475, "kronecker_kernel": false}}
{"target": 40.30365203906045, "params": {"C": 47.479335100308276, "epsilon": 7.984482785874079, "tau": 1678.4357951453871, "kronecker_kernel": false}}
{"target": 40.43580822826711, "params": {"C": 48.28493054144827, "epsilon": 6.546498079626452, "tau": 1653.7891334886526, "kronecker_kernel": false}}
{"target": 41.07637728211138, "params": {"C": 39.11678466609313, "epsilon": 5.779948062193202, "tau": 1758.591244714274, "kronecker_kernel": false}}
{"target": 40.455159537274334, "params": {"C": 42.023362049940765, "epsilon": 5.638559131753254, "tau": 1556.6802401392772, "kronecker_kernel": false}}
{"target": 40.30458666655767, "params": {"C": 45.55284757941459, "epsilon": 5.382469563858844, "tau": 1644.507260100441, "kronecker_kernel": false}}
{"target": 41.07917991890512, "params": {"C": 37.762978310011846, "epsilon": 6.647652293578869, "tau": 1686.418922810857, "kronecker_kernel": false}}
{"target": 41.87958726008743, "params": {"C": 68.28066199346202, "epsilon": 5.9972888352810845, "tau": 1654.9985459485436, "kronecker_kernel": false}}
{"target": 41.74187945344276, "params": {"C": 27.326258007989182, "epsilon": 6.851949590123978, "tau": 1986.5147033419807, "kronecker_kernel": false}}
{"target": 41.25211730311655, "params": {"C": 33.22587392729413, "epsilon": 10.357499515586284, "tau": 1607.5927651797897, "kronecker_kernel": false}}
{"target": 41.2135760769426, "params": {"C": 33.65208626096964, "epsilon": 10.539970992183754, "tau": 1583.1897531849004, "kronecker_kernel": false}}
{"target": 41.28263089213702, "params": {"C": 50.15460610714494, "epsilon": 8.055244825209552, "tau": 1264.4823992542654, "kronecker_kernel": false}}
{"target": 41.13532381863145, "params": {"C": 33.245822319433955, "epsilon": 11.48086831136246, "tau": 1555.0383602810498, "kronecker_kernel": false}}
{"target": 40.453429321518705, "params": {"C": 49.10346607753462, "epsilon": 6.809075679001657, "tau": 1697.4149196949095, "kronecker_kernel": false}}
{"target": 41.26554877600191, "params": {"C": 56.421307788759435, "epsilon": 9.677489513486323, "tau": 1639.4617234276036, "kronecker_kernel": false}}
{"target": 41.16913653925617, "params": {"C": 54.53680516309426, "epsilon": 10.018137079725474, "tau": 1613.8424389783886, "kronecker_kernel": false}}
{"target": 40.632058144704274, "params": {"C": 51.571752549135255, "epsilon": 9.23130503987407, "tau": 1711.2224926668628, "kronecker_kernel": false}}
{"target": 41.19269336159713, "params": {"C": 55.01683468075932, "epsilon": 7.745948376975777, "tau": 1605.5428707299889, "kronecker_kernel": false}}
{"target": 41.08297493448352, "params": {"C": 53.508558416348535, "epsilon": 6.478975577677317, "tau": 1594.5674968187604, "kronecker_kernel": false}}
{"target": 42.8704110512066, "params": {"C": 64.60306070846218, "epsilon": 15.704642749062863, "tau": 446.07039921554986, "kronecker_kernel": false}}
{"target": 40.31511613241004, "params": {"C": 41.3239334034647, "epsilon": 4.088515607026764, "tau": 1373.6371460585394, "kronecker_kernel": false}}
{"target": 40.65848812601821, "params": {"C": 46.451167446604956, "epsilon": 7.846543405115193, "tau": 1917.6008811196725, "kronecker_kernel": false}}
{"target": 43.593180883430314, "params": {"C": 93.55025691513518, "epsilon": 25.6765328001958, "tau": 620.9412220915035, "kronecker_kernel": false}}
{"target": 41.01992407060915, "params": {"C": 36.013070608524565, "epsilon": 6.056718932117995, "tau": 1490.7432237796643, "kronecker_kernel": false}}
{"target": 41.13517355071675, "params": {"C": 44.21721593752102, "epsilon": 2.0939542573959544, "tau": 1053.220104150699, "kronecker_kernel": false}}
{"target": 41.20244706510012, "params": {"C": 50.818293806949626, "epsilon": 5.005957377482445, "tau": 1337.0171065818065, "kronecker_kernel": false}}
{"target": 41.41773199257797, "params": {"C": 54.56398111806725, "epsilon": 5.209165544770652, "tau": 1355.6236916971309, "kronecker_kernel": false}}
{"target": 40.44940795818262, "params": {"C": 39.33209118830782, "epsilon": 2.58213139877936, "tau": 1121.1911494380543, "kronecker_kernel": false}}
{"target": 40.9401219147064, "params": {"C": 33.95811526314699, "epsilon": 1.8470343167351464, "tau": 1339.1438892579013, "kronecker_kernel": false}}
{"target": 40.40279339360082, "params": {"C": 45.09957341337298, "epsilon": 3.5151345999993895, "tau": 1507.2277683773004, "kronecker_kernel": false}}
{"target": 40.46095156848217, "params": {"C": 40.01903049879843, "epsilon": 1.746891913667373, "tau": 1458.5868777153596, "kronecker_kernel": false}}
{"target": 40.921485409069675, "params": {"C": 32.46330519182497, "epsilon": 1.9028422770360098, "tau": 1457.0696438175764, "kronecker_kernel": false}}
{"target": 41.0217915687083, "params": {"C": 35.163048758993, "epsilon": 4.59777644225702, "tau": 1467.2761880029389, "kronecker_kernel": false}}
{"target": 41.28410003173257, "params": {"C": 29.339567102755634, "epsilon": 4.222561498339452, "tau": 1625.0723781133768, "kronecker_kernel": false}}
{"target": 41.03196047892689, "params": {"C": 39.6303175485369, "epsilon": 5.513943383211078, "tau": 1854.9602766170042, "kronecker_kernel": false}}
{"target": 41.03568233099471, "params": {"C": 41.467261479657274, "epsilon": 7.274785191003876, "tau": 1794.8110410796914, "kronecker_kernel": false}}
{"target": 40.29068489284432, "params": {"C": 51.05301718530938, "epsilon": 8.396781842463366, "tau": 1967.1198695451346, "kronecker_kernel": false}}
{"target": 40.72647245545714, "params": {"C": 45.03564386034563, "epsilon": 5.767509194940853, "tau": 1877.2375223081415, "kronecker_kernel": false}}
{"target": 40.75756938669044, "params": {"C": 56.4379864545422, "epsilon": 7.631927932408184, "tau": 1989.6102212294184, "kronecker_kernel": false}}
{"target": 41.347286296209376, "params": {"C": 64.40476944927472, "epsilon": 7.515629934050457, "tau": 1994.9264954113596, "kronecker_kernel": false}}
{"target": 42.53846151011162, "params": {"C": 96.63989745617883, "epsilon": 8.608419739722066, "tau": 454.86199586098826, "kronecker_kernel": false}}
{"target": 41.646966863066666, "params": {"C": 69.66435596546336, "epsilon": 7.085945048572706, "tau": 1965.412983098237, "kronecker_kernel": false}}
{"target": 40.29444258829511, "params": {"C": 50.236627772895154, "epsilon": 9.481659020032428, "tau": 1917.08927581074, "kronecker_kernel": false}}
{"target": 41.41233727797538, "params": {"C": 64.66259051379336, "epsilon": 10.343859279350962, "tau": 1989.3305908876587, "kronecker_kernel": false}}
{"target": 41.09201480326582, "params": {"C": 41.461285652565415, "epsilon": 8.726775274108087, "tau": 1968.9695666412933, "kronecker_kernel": false}}
{"target": 40.96052169205935, "params": {"C": 44.59514914846431, "epsilon": 9.33781580962285, "tau": 1942.5462067123835, "kronecker_kernel": false}}
