{"target": 40.83478211256477, "params": {"C": 31.296924925714073, "epsilon": 11.743153970322235, "tau": 901.0680642124655, "kronecker_kernel": false}}
{"target": 41.32606788107235, "params": {"C": 35.541589103551054, "epsilon": 8.672849106466765, "tau": 1992.5168556583228, "kronecker_kernel": false}}
{"target": 40.38427729625478, "params": {"C": 45.567035136705975, "epsilon": 11.748995435698628, "tau": 1650.7886698996124, "kronecker_kernel": false}}
{"target": 41.44205869045474, "params": {"C": 40.85513197747842, "epsilon": 18.948505272252724, "tau": 1980.034585783971, "kronecker_kernel": false}}
{"target": 41.11198875010061, "params": {"C": 36.601769516880495, "epsilon": 11.58211199111256, "tau": 1667.4305341887673, "kronecker_kernel": false}}
{"target": 40.91900849287744, "params": {"C": 52.2707768546096, "epsilon": 13.74576391068371, "tau": 1628.2738521958877, "kronecker_kernel": false}}
{"target": 42.36215914550394, "params": {"C": 81.22451547196673, "epsilon": 14.766438200603929, "tau": 1939.7899739240254, "kronecker_kernel": false}}
{"target": 40.7743387615713, "params": {"C": 56.12303036825132, "epsilon": 8.384381311897748, "tau": 1955.0846650260821, "kronecker_kernel": false}}
{"target": 41.488560883865226, "params": {"C": 63.522888037304824, "epsilon": 8.500191205423377, "tau": 1809.4891864751964, "kronecker_kernel": false}}
{"target": 40.28305986570797, "params": {"C": 47.427991551705, "epsilon": 8.540255278865772, "tau": 1730.9878228657863, "kronecker_kernel": false}}
{"target": 41.029036570412224, "params": {"C": 43.42100232790005, "epsilon": 6.359055387774417, "tau": 1997.2079341899791, "kronecker_kernel": false}}
{"target": 41.228690183903446, "params": {"C": 35.96651353501613, "epsilon": 7.19647239603447, "tau": 1767.8986836362103, "kronecker_kernel": false}}
{"target": 41.166347432466615, "params": {"C": 31.127079867009112, "epsilon": 8.265423699654333, "tau": 1304.103236375138, "kronecker_kernel": false}}
{"target": 40.62700082669155, "params": {"C": 44.448094827204415, "epsilon": 8.647097881351788, "tau": 1761.1007980525053, "kronecker_kernel": false}}
{"target": 40.74346589025912, "params": {"C": 35.949664714792846, "epsilon": 10.349657143893602, "tau": 1166.7384937428096, "kronecker_kernel": false}}
{"target": 41.17871240925388, "params": {"C": 60.63272339794997, "epsilon": 10.382935898689931, "tau": 1992.1224956640747, "kronecker_kernel": false}}
{"target": 40.26934258369422, "params": {"C": 50.0627738577214, "epsilon": 7.781994860657462, "tau": 1982.109770222258, "kronecker_kernel": false}}
{"target": 41.429062738747504, "params": {"C": 59.240672824462834, "epsilon": 11.930692369502914, "tau": 1680.7701868998643, "kronecker_kernel": false}}
{"target": 41.05175770737317, "params": {"C": 54.93361123565141, "epsilon": 10.286034703033433, "tau": 1721.2421490409865, "kronecker_kernel": false}}
{"target": 40.534125417434296, "params": {"C": 45.065715125301516, "epsilon": 10.536437165597981, "tau": 1731.2966336972536, "kronecker_kernel": false}}
{"target": 41.073569695428645, "params": {"C": 58.82838609988016, "epsilon": 9.03420138122575, "tau": 1947.1847075794074, "kronecker_kernel": false}}
{"target": 40.31704827129368, "params": {"C": 50.78774755738676, "epsilon": 6.85634868206579, "tau": 1974.6627784197242, "kronecker_kernel": false}}
{"target": 40.90135705577048, "params": {"C": 57.32211166296237, "epsilon": 6.225143025359423, "tau": 1964.450068448429, "kronecker_kernel": false}}
{"target": 41.061706981097146, "params": {"C": 43.038315055707066, "epsilon": 10.248866318511823, "tau": 1998.1014448508845, "kronecker_kernel": false}}
{"target": 40.44891323005454, "params": {"C": 48.572516586783884, "epsilon": 11.793657739407546, "tau": 1941.4518661279571, "kronecker_kernel": false}}
{"target": 41.04574258425426, "params": {"C": 58.78061030943251, "epsilon": 14.652456167466946, "tau": 1985.8755624598607, "kronecker_kernel": false}}
{"target": 41.07583957839128, "params": {"C": 38.84245164232696, "epsilon": 12.971665881930676, "tau": 1870.9708139226464, "kronecker_kernel": false}}
{"target": 41.098070234750125, "params": {"C": 42.04750174933258, "epsilon": 12.651889002676398, "tau": 1995.0170469934526, "kronecker_kernel": false}}
{"target": 41.03591913041571, "params": {"C": 42.10103051585928, "epsilon": 7.9507467620637, "tau": 1982.1454209833882, "kronecker_kernel": false}}
{"target": 61.72652951640225, "params": {"C": 1.8993041734862288, "epsilon": 27.169119821785387, "tau": 450.88573277374974, "kronecker_kernel": false}}
{"target": 41.423591700792116, "params": {"C": 65.64675178254005, "epsilon": 8.114942481990076, "tau": 1990.4752413633548, "kronecker_kernel": false}}
{"target": 41.01343093430975, "params": {"C": 45.35055326644132, "epsilon": 6.1880595760560375, "tau": 1988.2408129226362, "kronecker_kernel": false}}
{"target": 40.308024774023416, "params": {"C": 45.17765348420879, "epsilon": 9.95262248231479, "tau": 1481.790963026632, "kronecker_kernel": false}}
{"target": 41.20561268715121, "params": {"C": 61.892740547999765, "epsilon": 3.198757876349993, "tau": 1969.76661942856, "kronecker_kernel": false}}
{"target": 41.73030341324376, "params": {"C": 57.23173392504957, "epsilon": 10.768799975215137, "tau": 1324.279576396712, "kronecker_kernel": false}}
{"target": 42.20417751773863, "params": {"C": 27.45840463881156, "epsilon": 16.114761013462125, "tau": 1652.6963494351905, "kronecker_kernel": false}}
{"target": 41.72819765256836, "params": {"C": 55.672643515371135, "epsilon": 11.165537631442419, "tau": 1259.0860220503303, "kronecker_kernel": false}}
{"target": 40.410871273967174, "params": {"C": 51.86606109936948, "epsilon": 2.835208316700019, "tau": 1997.2464931615486, "kronecker_kernel": false}}
{"target": 41.55548430208437, "params": {"C": 32.52707099207523, "epsilon": 17.300198242489984, "tau": 1573.7099101640486, "kronecker_kernel": false}}
{"target": 41.085717671622064, "params": {"C": 35.94894463343749, "epsilon": 8.566312128892733, "tau": 1531.0884857372278, "kronecker_kernel": false}}
{"target": 40.29617230284281, "params": {"C": 44.83352591787721, "epsilon": 9.445217546504637, "tau": 1521.5533185223908, "kronecker_kernel": false}}
{"target": 41.17977023649167, "params": {"C": 36.35711693446761, "epsilon": 6.368502241992037, "tau": 1762.7289446389566, "kronecker_kernel": false}}
{"target": 41.49487472967503, "params": {"C": 61.62964359450076, "epsilon": 7.423191620455723, "tau": 1683.2021080351185, "kronecker_kernel": false}}
{"target": 41.57144064502875, "params": {"C": 27.2787111216407, "epsilon": 9.25144783493494, "tau": 1783.7885363255664, "kronecker_kernel": false}}
{"target": 41.44270365373311, "params": {"C": 54.8641397099256, "epsilon": 9.62104663971173, "tau": 1394.2738853727546, "kronecker_kernel": false}}
{"target": 40.54536890427304, "params": {"C": 48.402920036496084, "epsilon": 13.494155609316858, "tau": 1526.9781897280466, "kronecker_kernel": false}}
{"target": 41.090644548767884, "params": {"C": 40.44384697500606, "epsilon": 13.839603343054915, "tau": 1484.8478919152221, "kronecker_kernel": false}}
{"target": 40.87798687731939, "params": {"C": 49.18007130106929, "epsilon": 9.127118226716567, "tau": 1452.7817850181082, "kronecker_kernel": false}}
{"target": 41.29764283539664, "params": {"C": 28.49152537419953, "epsilon": 13.526632681789065, "tau": 1293.14509023753, "kronecker_kernel": false}}
{"target": 40.72366767459839, "params": {"C": 38.9491600136831, "epsilon": 11.711158987315521, "tau": 1316.6165451676093, "kronecker_kernel": false}}
{"target": 41.16944571648256, "params": {"C": 33.38009758371404, "epsilon": 9.649891775434156, "tau": 1425.6400250893098, "kronecker_kernel": false}}
{"target": 41.03863568002511, "params": {"C": 55.053685117844886, "epsilon": 8.913994044460757, "tau": 1730.773870824749, "kronecker_kernel": false}}
{"target": 41.27133563905378, "params": {"C": 47.7058995391089, "epsilon": 6.990745013461469, "tau": 1141.5767086720616, "kronecker_kernel": false}}
{"target": 40.50239382592704, "params": {"C": 47.70760819388714, "epsilon": 7.565848578299105, "tau": 1992.2513421353349, "kronecker_kernel": false}}
{"target": 41.12653454446085, "params": {"C": 54.37866463217077, "epsilon": 12.550886410385445, "tau": 1662.47879046969, "kronecker_kernel": false}}
{"target": 40.264260552907864, "params": {"C": 50.35601699938558, "epsilon": 9.29803277467375, "tau": 1971.5926910622018, "kronecker_kernel": false}}
{"target": 41.07711073498449, "params": {"C": 38.483085616149054, "epsilon": 3.9163845723159882, "tau": 1979.4163282313416, "kronecker_kernel": false}}
{"target": 40.498123519884146, "params": {"C": 48.28677236599151, "epsilon": 9.756657102746994, "tau": 1997.8235581990311, "kronecker_kernel": false}}
{"target": 40.62247766112578, "params": {"C": 47.12450323611604, "epsilon": 10.023324605560457, "tau": 1978.71348605113, "kronecker_kernel": false}}
{"target": 42.783277891836704, "params": {"C": 96.50301773040243, "epsilon": 13.571132449916192, "tau": 714.2434220191121, "kronecker_kernel": false}}
{"target": 41.958035709014055, "params": {"C": 69.50081365275352, "epsilon": 13.333000672551593, "tau": 1772.925213545555, "kronecker_kernel": false}}
{"target": 41.79720853878964, "params": {"C": 71.95960027042548, "epsilon": 9.533973254376404, "tau": 1994.813748519052, "kronecker_kernel": false}}
{"target": 40.54876158236653, "params": {"C": 47.65267989104176, "epsilon": 13.65897388593056, "tau": 1823.5582139450235, "kronecker_kernel": false}}
{"target": 41.28274415042038, "params": {"C": 61.43896492875552, "epsilon": 11.367000912617911, "tau": 1965.1280105633896, "kronecker_kernel": false}}
{"target": 41.465541050503596, "params": {"C": 66.09624232119859, "epsilon": 7.921182677740166, "tau": 1972.5119699675954, "kronecker_kernel": false}}
{"target": 41.18237962637045, "params": {"C": 56.92297809422434, "epsilon": 7.855475361934042, "tau": 1730.6774123961318, "kronecker_kernel": false}}
{"target": 41.37547271648815, "params": {"C": 60.036043093991125, "epsilon": 8.640012541846298, "tau": 1721.810724634074, "kronecker_kernel": false}}
{"target": 41.07585616594067, "params": {"C": 35.752071799953335, "epsilon": 13.111914125629461, "tau": 1672.4769067693799, "kronecker_kernel": false}}
{"target": 41.43123633553351, "params": {"C": 32.2570532077236, "epsilon": 6.919238615878369, "tau": 1996.4893486393648, "kronecker_kernel": false}}
{"target": 40.31508761082723, "params": {"C": 52.52967764378492, "epsilon": 10.41127642626666, "tau": 1995.820964353953, "kronecker_kernel": false}}
{"target": 42.42238491260295, "params": {"C": 54.25351152305588, "epsilon": 16.71003502878473, "tau": 863.2809066811453, "kronecker_kernel": false}}
{"target": 63.49754472897075, "params": {"C": 1.3747231621609828, "epsilon": 18.582152828981382, "tau": 275.61270416229263, "kronecker_kernel": false}}
{"target": 41.184470866094365, "params": {"C": 38.006561085106796, "epsilon": 14.387774552179389, "tau": 1793.4960962861776, "kronecker_kernel": false}}
{"target": 41.074188168010174, "params": {"C": 53.860794527751736, "epsilon": 11.552884626911588, "tau": 1651.1165108320101, "kronecker_kernel": false}}
{"target": 40.56407841167365, "params": {"C": 54.895196506799344, "epsilon": 5.9407562056421455, "tau": 1999.94667883789, "kronecker_kernel": false}}
{"target": 41.00482244011203, "params": {"C": 43.920104780566895, "epsilon": 12.697929399701454, "tau": 1774.7946651251377, "kronecker_kernel": false}}
{"target": 40.780215848572595, "params": {"C": 51.22244930379333, "epsilon": 9.496129216306203, "tau": 1625.8037135048367, "kronecker_kernel": false}}
{"target": 41.09258381877589, "params": {"C": 36.85618230950294, "epsilon": 11.13540977086752, "tau": 1824.7671604661773, "kronecker_kernel": false}}
{"target": 41.09656131288786, "params": {"C": 40.813466869016914, "epsilon": 9.439629137456848, "tau": 1741.8120224471343, "kronecker_kernel": false}}
{"target": 40.469390849083865, "params": {"C": 54.59763896368333, "epsilon": 12.584457592050997, "tau": 1990.6777099249548, "kronecker_kernel": false}}
{"target": 40.29778630556431, "params": {"C": 47.57726895006789, "epsilon": 9.538710582259503, "tau": 1651.8946437250927, "kronecker_kernel": false}}
{"target": 42.339037843902155, "params": {"C": 69.80552230783829, "epsilon": 8.113194878719339, "tau": 1203.437140990465, "kronecker_kernel": false}}
{"target": 41.07502842153137, "params": {"C": 41.4370387222683, "epsilon": 13.083406258096385, "tau": 1984.43601242147, "kronecker_kernel": false}}
{"target": 40.67309876575057, "params": {"C": 51.85766370332221, "epsilon": 8.808699194638823, "tau": 1715.8451290939693, "kronecker_kernel": false}}
{"target": 40.50131027192823, "params": {"C": 45.608518833416866, "epsilon": 9.735767054184304, "tau": 1789.1471243134326, "kronecker_kernel": false}}
{"target": 40.33060528602407, "params": {"C": 52.0442067979282, "epsilon": 9.439463155285104, "tau": 1949.1098780614202, "kronecker_kernel": false}}
{"target": 41.00564261954464, "params": {"C": 45.15368679958531, "epsilon": 7.643807176481642, "tau": 1991.44162057756, "kronecker_kernel": false}}
{"target": 40.30912783914621, "params": {"C": 52.39089710099672, "epsilon": 9.28088773187718, "tau": 1995.0734633512345, "kronecker_kernel": false}}
{"target": 42.12289944662514, "params": {"C": 29.61098030144531, "epsilon": 29.73747544213375, "tau": 396.38908835219604, "kronecker_kernel": false}}
{"target": 41.271188955227274, "params": {"C": 57.80166471396957, "epsilon": 12.32204069825892, "tau": 1767.6246892787763, "kronecker_kernel": false}}
{"target": 41.39608333793524, "params": {"C": 61.470316576505176, "epsilon": 6.922155052542274, "tau": 1753.5827503301923, "kronecker_kernel": false}}
{"target": 41.38691853647518, "params": {"C": 62.22522663943883, "epsilon": 15.665456950457045, "tau": 1996.3768048363966, "kronecker_kernel": false}}
{"target": 41.60759064329743, "params": {"C": 64.57650403840813, "epsilon": 5.0920710951185235, "tau": 1698.7864083648997, "kronecker_kernel": false}}
{"target": 40.77091631392228, "params": {"C": 43.071241543441744, "epsilon": 9.993993784647987, "tau": 1696.7103833159026, "kronecker_kernel": false}}
{"target": 61.66259430538712, "params": {"C": 1.5577693394670504, "epsilon": 20.502913896437235, "tau": 1303.549286983913, "kronecker_kernel": false}}
{"target": 40.38266673463169, "params": {"C": 49.42338441516087, "epsilon": 11.844089690182617, "tau": 1707.9040180710508, "kronecker_kernel": false}}
{"target": 41.61385506893869, "params": {"C": 14.273788167685254, "epsilon": 3.767978770584312, "tau": 592.019393538022, "kronecker_kernel": false}}
{"target": 40.63415597694988, "params": {"C": 43.21489035262603, "epsilon": 8.477994216897821, "tau": 1667.7176503571259, "kronecker_kernel": false}}
{"target": 40.34274287443194, "params": {"C": 48.932515162226444, "epsilon": 5.076100988615494, "tau": 1831.1098902290287, "kronecker_kernel": false}}
{"target": 41.32299661991552, "params": {"C": 55.94156840214913, "epsilon": 9.475718393958457, "tau": 1556.3057691504575, "kronecker_kernel": false}}
{"target": 40.9250668378962, "params": {"C": 58.09396377275326, "epsilon": 7.742888015862706, "tau": 1998.0729489022676, "kronecker_kernel": false}}
{"target": 40.29690382641512, "params": {"C": 47.95489424399553, "epsilon": 6.189207393051808, "tau": 1820.640797091003, "kronecker_kernel": false}}
{"target": 41.49496327235437, "params": {"C": 67.10907267811233, "epsilon": 7.560699005099547, "tau": 1998.310066710657, "kronecker_kernel": false}}
{"target": 41.293306328680465, "params": {"C": 34.67815604681207, "epsilon": 7.509524999137515, "tau": 1797.7126906532767, "kronecker_kernel": false}}
{"target": 41.28190080533515, "params": {"C": 33.20800961894306, "epsilon": 10.22360849336826, "tau": 1798.7538390011468, "kronecker_kernel": false}}
{"target": 41.08105732754073, "params": {"C": 37.83058004578428, "epsilon": 4.090581104462149, "tau": 1865.913591020836, "kronecker_kernel": false}}
{"target": 41.02441964870609, "params": {"C": 40.65392365642625, "epsilon": 3.8984364267139453, "tau": 1716.4433944990576, "kronecker_kernel": false}}
{"target": 41.126672484308294, "params": {"C": 56.92678729307684, "epsilon": 2.5516853396409207, "tau": 1757.8131428118036, "kronecker_kernel": false}}
{"target": 43.11436458629043, "params": {"C": 79.92669701118919, "epsilon": 19.37244420424089, "tau": 298.2690270092438, "kronecker_kernel": false}}
{"target": 41.187441018203565, "params": {"C": 59.55984016967511, "epsilon": 3.0723377629983593, "tau": 1846.1419283325527, "kronecker_kernel": false}}
{"target": 42.80620290502374, "params": {"C": 80.04224938281774, "epsilon": 14.012496967734476, "tau": 15.497485795374246, "kronecker_kernel": false}}
{"target": 41.019140349015046, "params": {"C": 42.15017715396745, "epsilon": 10.046801849120111, "tau": 1998.5066119789149, "kronecker_kernel": false}}
{"target": 40.91208131843471, "params": {"C": 44.39184989321954, "epsilon": 4.489361843451626, "tau": 1951.6304005117931, "kronecker_kernel": false}}
{"target": 40.78703378242632, "params": {"C": 53.63962530352271, "epsilon": 7.899610666251353, "tau": 1778.1174007976872, "kronecker_kernel": false}}
{"target": 40.412943703545906, "params": {"C": 47.78582628099407, "epsilon": 7.143482502035109, "tau": 1954.3265186627395, "kronecker_kernel": false}}
{"target": 40.45241692619878, "params": {"C": 51.1166979680904, "epsilon": 8.507653169710792, "tau": 1779.1778395896142, "kronecker_kernel": false}}
{"target": 40.678264711627904, "params": {"C": 51.44858487121352, "epsilon": 7.392210305724115, "tau": 1692.8200567107542, "kronecker_kernel": false}}
{"target": 40.76420439040093, "params": {"C": 53.824753407484486, "epsilon": 4.4366250491315355, "tau": 1824.1187252040493, "kronecker_kernel": false}}
{"target": 40.53501450439761, "params": {"C": 51.129757752466254, "epsilon": 6.266679779449589, "tau": 1746.0721431077075, "kronecker_kernel": false}}
{"target": 40.908901398502586, "params": {"C": 54.82063691648403, "epsilon": 4.489650848641145, "tau": 1801.6056316341344, "kronecker_kernel": false}}
{"target": 40.845338613353114, "params": {"C": 54.088801727593314, "epsilon": 5.829819338068266, "tau": 1780.105681329958, "kronecker_kernel": false}}
{"target": 41.086083098398575, "params": {"C": 54.9784438715093, "epsilon": 13.177655772487007, "tau": 1721.783821371207, "kronecker_kernel": false}}
{"target": 59.62945852973112, "params": {"C": 1.3216111752459696, "epsilon": 8.80430571952044, "tau": 1801.4554590199866, "kronecker_kernel": false}}
{"target": 41.32350512278764, "params": {"C": 34.18578321234056, "epsilon": 9.099981162452995, "tau": 1973.211659448657, "kronecker_kernel": false}}
{"target": 41.51094486846342, "params": {"C": 28.049398978460204, "epsilon": 8.809724246577694, "tau": 1806.4482122104373, "kronecker_kernel": false}}
{"target": 41.722003447796894, "params": {"C": 65.06220720135538, "epsilon": 8.751782241781811, "tau": 1676.824407502589, "kronecker_kernel": false}}
{"target": 42.33476885428315, "params": {"C": 22.723251142621706, "epsilon": 8.821791188410412, "tau": 1924.0263045711904, "kronecker_kernel": false}}
{"target": 41.68582032519019, "params": {"C": 63.945147573834, "epsilon": 10.343101035634312, "tau": 1690.539731249624, "kronecker_kernel": false}}
{"target": 40.94671845443547, "params": {"C": 44.661222907017596, "epsilon": 4.355309719029928, "tau": 1998.5237265037915, "kronecker_kernel": false}}
{"target": 42.145166982975276, "params": {"C": 70.3911966855341, "epsilon": 11.40525946283543, "tau": 1611.269003244211, "kronecker_kernel": false}}
{"target": 41.054912990019, "params": {"C": 30.423271006202384, "epsilon": 5.340106043437615, "tau": 1203.465416325726, "kronecker_kernel": false}}
{"target": 40.6577705002675, "params": {"C": 52.79975907787703, "epsilon": 17.73754009772609, "tau": 1763.8881499718937, "kronecker_kernel": false}}
{"target": 40.88670773469695, "params": {"C": 57.60237007993816, "epsilon": 5.985457273151598, "tau": 1992.940743745638, "kronecker_kernel": false}}
{"target": 41.19897761662858, "params": {"C": 44.87666472231675, "epsilon": 16.200978474928977, "tau": 1939.2701759100082, "kronecker_kernel": false}}
{"target": 40.424877066214854, "params": {"C": 50.81642392150621, "epsilon": 12.568446166507997, "tau": 1977.2224501934566, "kronecker_kernel": false}}
{"target": 41.15716458165677, "params": {"C": 60.11670295989299, "epsilon": 9.460983221289213, "tau": 1964.185682606763, "kronecker_kernel": false}}
{"target": 43.71562963336027, "params": {"C": 89.24712890571914, "epsilon": 27.195192008099255, "tau": 70.10910454175917, "kronecker_kernel": false}}
{"target": 41.01397602718136, "params": {"C": 38.81967862006091, "epsilon": 6.195963082100787, "tau": 1751.6354167359398, "kronecker_kernel": false}}
{"target": 42.10138604700345, "params": {"C": 79.92123889720872, "epsilon": 2.9224450664917523, "tau": 1700.4422649799558, "kronecker_kernel": false}}
{"target": 41.101700929027196, "params": {"C": 36.14594035463037, "epsilon": 9.955979071958982, "tau": 1551.8738981579131, "kronecker_kernel": false}}
{"target": 41.059746466600465, "params": {"C": 39.02148205163024, "epsilon": 6.131151056026605, "tau": 1585.9050237016145, "kronecker_kernel": false}}
{"target": 40.82460686884163, "params": {"C": 43.43679481714847, "epsilon": 6.887004736139479, "tau": 1748.2240598026456, "kronecker_kernel": false}}
{"target": 41.095756172575776, "params": {"C": 38.11260141335536, "epsilon": 9.684415684895342, "tau": 1732.217256301992, "kronecker_kernel": false}}
{"target": 43.10328769063159, "params": {"C": 77.7850676899698, "epsilon": 24.036064170230468, "tau": 1326.4769694949075, "kronecker_kernel": false}}
{"target": 40.70217862865545, "params": {"C": 43.804736852858156, "epsilon": 8.118953415200387, "tau": 1729.0617702610946, "kronecker_kernel": false}}
{"target": 40.94162915145287, "params": {"C": 42.78371290121724, "epsilon": 9.70308005187928, "tau": 1773.325231759713, "kronecker_kernel": false}}
