{"target": 41.08742446386667, "params": {"C": 11.918868831266167, "epsilon": 5.805693519794131, "tau": 78.93966538889882, "kronecker_kernel": false}}
{"target": 40.663905376407854, "params": {"C": 23.71098087055304, "epsilon": 19.98173017651481, "tau": 384.10710516678085, "kronecker_kernel": false}}
{"target": 41.33219891631012, "params": {"C": 21.632550550113585, "epsilon": 0.42714319962618635, "tau": 221.45486230815288, "kronecker_kernel": false}}
{"target": 42.624919559984775, "params": {"C": 26.30067151120469, "epsilon": 16.172705039011497, "tau": 170.5678154106595, "kronecker_kernel": false}}
{"target": 41.19639335967543, "params": {"C": 12.114283146116323, "epsilon": 3.228363365630622, "tau": 299.7744111521398, "kronecker_kernel": false}}
{"target": 42.82704869651359, "params": {"C": 14.42918093118001, "epsilon": 14.416502650247708, "tau": 16.57733064952831, "kronecker_kernel": false}}
{"target": 41.603943353861915, "params": {"C": 23.314326976339945, "epsilon": 21.040283433726366, "tau": 270.43130345651986, "kronecker_kernel": false}}
{"target": 41.25640156066895, "params": {"C": 19.244459393824616, "epsilon": 10.048209934705527, "tau": 192.7370080804125, "kronecker_kernel": false}}
{"target": 41.384191200938425, "params": {"C": 23.64186322751922, "epsilon": 12.894172230423408, "tau": 278.9933803722386, "kronecker_kernel": false}}
{"target": 42.39605577206784, "params": {"C": 13.127068697262251, "epsilon": 17.89587196612458, "tau": 413.83574896497623, "kronecker_kernel": false}}
{"target": 41.207233250411264, "params": {"C": 29.382970218025786, "epsilon": 6.372513357516972, "tau": 448.3992789675277, "kronecker_kernel": false}}
{"target": 48.80358270103289, "params": {"C": 6.273261616432291, "epsilon": 28.410607528589747, "tau": 366.53482185192604, "kronecker_kernel": false}}
{"target": 43.30653449736372, "params": {"C": 23.54058934813327, "epsilon": 22.051077783722306, "tau": 12.001158512139986, "kronecker_kernel": false}}
{"target": 42.3323945588907, "params": {"C": 24.165866027876195, "epsilon": 7.652631970734492, "tau": 137.81241831564375, "kronecker_kernel": false}}
{"target": 44.18930653695419, "params": {"C": 6.887455074456677, "epsilon": 8.487875196269442, "tau": 313.16421333580706, "kronecker_kernel": false}}
{"target": 41.41814188395723, "params": {"C": 23.86165671571693, "epsilon": 10.08079261586042, "tau": 269.0745914888758, "kronecker_kernel": false}}
{"target": 42.83592834777887, "params": {"C": 12.174292613793439, "epsilon": 21.00522381635579, "tau": 407.24268056541047, "kronecker_kernel": false}}
{"target": 41.19722657668943, "params": {"C": 18.208894664744925, "epsilon": 16.891743859870655, "tau": 390.7063548236939, "kronecker_kernel": false}}
{"target": 45.20813417132406, "params": {"C": 6.318062190350855, "epsilon": 25.48059559762477, "tau": 187.00220925892935, "kronecker_kernel": false}}
{"target": 42.21638972798047, "params": {"C": 14.909249263148565, "epsilon": 11.462053327303384, "tau": 68.63782466870104, "kronecker_kernel": false}}
{"target": 42.25019467572722, "params": {"C": 12.678612909959746, "epsilon": 4.77047424494976, "tau": 28.447017543103374, "kronecker_kernel": false}}
{"target": 41.881959056056, "params": {"C": 9.87449040275926, "epsilon": 22.079592587143196, "tau": 138.85982754221723, "kronecker_kernel": false}}
{"target": 61.309441221671946, "params": {"C": 2.5048390251244643, "epsilon": 16.616995523161453, "tau": 231.90360382455057, "kronecker_kernel": false}}
{"target": 61.82354041200584, "params": {"C": 1.5352042029188926, "epsilon": 10.610624692514287, "tau": 464.02005847761427, "kronecker_kernel": false}}
{"target": 42.76294688554456, "params": {"C": 21.983528236621122, "epsilon": 26.57814670152275, "tau": 146.14044651829394, "kronecker_kernel": false}}
{"target": 45.6142342578904, "params": {"C": 6.6229479656047, "epsilon": 0.2890561526577752, "tau": 451.03097406712703, "kronecker_kernel": false}}
{"target": 43.63937971635642, "params": {"C": 7.290441643114612, "epsilon": 28.41387016222013, "tau": 145.16588561093795, "kronecker_kernel": false}}
{"target": 40.43276145954253, "params": {"C": 23.57941547234976, "epsilon": 12.515474498789125, "tau": 442.36390208181507, "kronecker_kernel": false}}
{"target": 42.41740203662731, "params": {"C": 24.174987136782125, "epsilon": 6.44522594890588, "tau": 17.571055326837488, "kronecker_kernel": false}}
{"target": 42.66417452184822, "params": {"C": 27.713144228924435, "epsilon": 13.35240695949131, "tau": 121.81148352205655, "kronecker_kernel": false}}
{"target": 42.39296447229275, "params": {"C": 25.988107853978196, "epsilon": 5.978713751316029, "tau": 11.551183612216805, "kronecker_kernel": false}}
{"target": 40.37344457758178, "params": {"C": 24.19341290460097, "epsilon": 2.6428636341870457, "tau": 448.10021763380325, "kronecker_kernel": false}}
{"target": 42.83650804046469, "params": {"C": 26.98314761461986, "epsilon": 15.66403433463726, "tau": 93.30806427196643, "kronecker_kernel": false}}
{"target": 41.51191145175805, "params": {"C": 11.290926424440295, "epsilon": 0.010752377729928764, "tau": 306.8767532123462, "kronecker_kernel": false}}
{"target": 41.45349690286179, "params": {"C": 28.78726079230033, "epsilon": 21.140035565730113, "tau": 441.18833636333807, "kronecker_kernel": false}}
{"target": 41.36245038849164, "params": {"C": 23.04976878488906, "epsilon": 25.41150859791935, "tau": 454.2338819886809, "kronecker_kernel": false}}
{"target": 41.070446107354186, "params": {"C": 17.12564826929693, "epsilon": 2.738730751352506, "tau": 442.013047581541, "kronecker_kernel": false}}
{"target": 40.37660393110549, "params": {"C": 26.136135531608673, "epsilon": 16.78765553431316, "tau": 498.75149992596147, "kronecker_kernel": false}}
{"target": 40.5480784125366, "params": {"C": 21.99933648636374, "epsilon": 0.9134075095867547, "tau": 460.4993675624314, "kronecker_kernel": false}}
{"target": 41.11405828272135, "params": {"C": 18.378436750799782, "epsilon": 7.397819561567962, "tau": 406.4785450406275, "kronecker_kernel": false}}
{"target": 41.187433136096544, "params": {"C": 16.15202850422424, "epsilon": 3.7221132420506957, "tau": 427.696811869046, "kronecker_kernel": false}}
{"target": 40.94915455265709, "params": {"C": 22.539041372477875, "epsilon": 11.670454831274617, "tau": 493.1802067856999, "kronecker_kernel": false}}
{"target": 40.470668489217076, "params": {"C": 23.04598970342561, "epsilon": 0.1428467666305504, "tau": 394.85026281684316, "kronecker_kernel": false}}
{"target": 41.10955234819899, "params": {"C": 22.09949539392009, "epsilon": 13.662159491534714, "tau": 453.7108366826881, "kronecker_kernel": false}}
{"target": 41.22533587394406, "params": {"C": 20.97857423802752, "epsilon": 14.586772823655345, "tau": 498.322554084354, "kronecker_kernel": false}}
{"target": 40.40383026126664, "params": {"C": 24.4237871575844, "epsilon": 1.3160181342154738, "tau": 455.6165988788492, "kronecker_kernel": false}}
{"target": 41.86774796781515, "params": {"C": 28.467686782565615, "epsilon": 2.680797435162356, "tau": 276.24792432906605, "kronecker_kernel": false}}
{"target": 41.13418622812834, "params": {"C": 28.665792167252437, "epsilon": 0.25011228998413604, "tau": 442.04605090195577, "kronecker_kernel": false}}
{"target": 40.667131670189235, "params": {"C": 25.71272049272601, "epsilon": 0.12707465539298513, "tau": 441.04242671044585, "kronecker_kernel": false}}
{"target": 41.234545164113406, "params": {"C": 26.835720261682976, "epsilon": 1.2767630138793196, "tau": 362.13446261415584, "kronecker_kernel": false}}
{"target": 40.51282046078644, "params": {"C": 21.05093413732154, "epsilon": 1.4278261302829256, "tau": 312.48740517877707, "kronecker_kernel": false}}
{"target": 40.66747604658451, "params": {"C": 22.549414294583563, "epsilon": 1.5267698974086414, "tau": 335.8060428904407, "kronecker_kernel": false}}
{"target": 41.04954250556882, "params": {"C": 24.541451886582486, "epsilon": 3.815869870647214, "tau": 341.0760740453828, "kronecker_kernel": false}}
{"target": 41.13522676126833, "params": {"C": 29.820969240236614, "epsilon": 13.454789849354428, "tau": 499.8398762564097, "kronecker_kernel": false}}
{"target": 42.17963442155518, "params": {"C": 88.5455361255915, "epsilon": 3.9701001334549275, "tau": 1737.6102176770746, "kronecker_kernel": false}}
{"target": 43.144456856416085, "params": {"C": 16.612591076383772, "epsilon": 25.499867307746094, "tau": 668.0557038490549, "kronecker_kernel": false}}
{"target": 42.00910658517892, "params": {"C": 39.998511303269616, "epsilon": 5.181339249791998, "tau": 503.70455168978026, "kronecker_kernel": false}}
{"target": 42.95871530978654, "params": {"C": 56.39416427992991, "epsilon": 20.570320193799095, "tau": 656.6222313606869, "kronecker_kernel": false}}
{"target": 42.452972197749574, "params": {"C": 39.24638434877759, "epsilon": 26.88286086541755, "tau": 540.68377509744, "kronecker_kernel": false}}
{"target": 41.58259290262241, "params": {"C": 52.66337422897685, "epsilon": 14.133218657103532, "tau": 1243.779902791225, "kronecker_kernel": false}}
{"target": 51.086658788405465, "params": {"C": 9.414269662276023, "epsilon": 11.30885998144241, "tau": 1387.8245895366906, "kronecker_kernel": false}}
{"target": 42.33671645308669, "params": {"C": 83.56825502566177, "epsilon": 9.38927009061166, "tau": 1845.8683615029013, "kronecker_kernel": false}}
{"target": 42.6737243019776, "params": {"C": 50.240457580735146, "epsilon": 20.932032632003963, "tau": 686.341520606536, "kronecker_kernel": false}}
{"target": 41.169208192443776, "params": {"C": 40.055204678380775, "epsilon": 17.803061290091758, "tau": 1421.2134287924298, "kronecker_kernel": false}}
{"target": 60.587739802691885, "params": {"C": 2.4635913218941474, "epsilon": 15.842431880396422, "tau": 1854.0526802165343, "kronecker_kernel": false}}
{"target": 40.83515305342949, "params": {"C": 40.93916041949319, "epsilon": 22.68308640435007, "tau": 1047.4665629379672, "kronecker_kernel": false}}
{"target": 45.52735079448488, "params": {"C": 4.469577804927889, "epsilon": 14.057658255345181, "tau": 153.5118305634325, "kronecker_kernel": false}}
{"target": 41.17085548619392, "params": {"C": 31.46126138314025, "epsilon": 3.816077556500273, "tau": 1490.5867520967874, "kronecker_kernel": false}}
{"target": 42.744539894751505, "params": {"C": 93.61405607023734, "epsilon": 12.830616847887626, "tau": 422.3105359397997, "kronecker_kernel": false}}
{"target": 42.80473376232127, "params": {"C": 49.80919508784282, "epsilon": 16.739541504875014, "tau": 428.8834837944177, "kronecker_kernel": false}}
{"target": 46.467372290547004, "params": {"C": 8.826347237922851, "epsilon": 23.829156099406855, "tau": 497.07044436258684, "kronecker_kernel": false}}
{"target": 42.35433895430181, "params": {"C": 38.338658317533884, "epsilon": 6.741554908806513, "tau": 244.84304925378058, "kronecker_kernel": false}}
{"target": 42.55259803295043, "params": {"C": 16.21878914088575, "epsilon": 12.524368677302412, "tau": 909.9327920604218, "kronecker_kernel": false}}
{"target": 42.18306921204387, "params": {"C": 58.4409388534754, "epsilon": 7.267606314062488, "tau": 971.607782118241, "kronecker_kernel": false}}
{"target": 42.04699187784233, "params": {"C": 63.02181252968795, "epsilon": 20.8051028533663, "tau": 1519.4597957592273, "kronecker_kernel": false}}
{"target": 42.38341612996581, "params": {"C": 85.04002215931567, "epsilon": 5.78985183621055, "tau": 354.75148951638016, "kronecker_kernel": false}}
{"target": 47.77252134268739, "params": {"C": 11.088375803558728, "epsilon": 26.13566536944848, "tau": 910.6775737154974, "kronecker_kernel": false}}
{"target": 43.61220857871196, "params": {"C": 48.02904919107119, "epsilon": 27.800833833213463, "tau": 295.3811988175572, "kronecker_kernel": false}}
{"target": 62.55130423489895, "params": {"C": 6.5833028304154295, "epsilon": 24.29479580723949, "tau": 1808.3895689509982, "kronecker_kernel": false}}
{"target": 43.43341464272548, "params": {"C": 76.59915367204395, "epsilon": 23.659202842380477, "tau": 333.57171850655055, "kronecker_kernel": false}}
{"target": 43.21118561092823, "params": {"C": 90.326272690129, "epsilon": 20.79481748759131, "tau": 380.2991256996227, "kronecker_kernel": false}}
{"target": 53.05113900042049, "params": {"C": 8.762251016829135, "epsilon": 24.694710457711253, "tau": 1303.0720386700696, "kronecker_kernel": false}}
{"target": 42.952602890414646, "params": {"C": 27.52969414512606, "epsilon": 24.496666853926182, "tau": 1801.570246010975, "kronecker_kernel": false}}
{"target": 54.69963995119243, "params": {"C": 9.061860933876357, "epsilon": 16.713746274955014, "tau": 1618.445320301906, "kronecker_kernel": false}}
{"target": 43.30353666739063, "params": {"C": 56.27636993882333, "epsilon": 24.510150661730567, "tau": 504.4143979221522, "kronecker_kernel": false}}
{"target": 43.256685878558514, "params": {"C": 8.74683482056024, "epsilon": 9.87065279852404, "tau": 377.1620837218799, "kronecker_kernel": false}}
{"target": 48.26911143849763, "params": {"C": 10.467141098581795, "epsilon": 19.495941150707385, "tau": 1183.9028701179216, "kronecker_kernel": false}}
{"target": 40.33491934745627, "params": {"C": 47.977333318021195, "epsilon": 2.6103906694276127, "tau": 1877.6390988197513, "kronecker_kernel": false}}
{"target": 41.17085725437515, "params": {"C": 37.07006212285985, "epsilon": 16.764640159018075, "tau": 1291.43556595467, "kronecker_kernel": false}}
{"target": 41.23269825407602, "params": {"C": 29.86860213477218, "epsilon": 0.7639584976188036, "tau": 1707.317045827884, "kronecker_kernel": false}}
{"target": 41.56638583665263, "params": {"C": 25.13615717387204, "epsilon": 4.048183962947432, "tau": 1592.6990637022466, "kronecker_kernel": false}}
{"target": 41.05773753896683, "params": {"C": 34.36397217562658, "epsilon": 0.17190800952648466, "tau": 1877.3331217987716, "kronecker_kernel": false}}
{"target": 40.738520519373274, "params": {"C": 51.8276866274812, "epsilon": 0.27369975244241074, "tau": 1742.7712456319414, "kronecker_kernel": false}}
{"target": 41.48693978386304, "params": {"C": 67.27909502942845, "epsilon": 0.9903369208751456, "tau": 1942.8395542680053, "kronecker_kernel": false}}
{"target": 41.291753137632845, "params": {"C": 58.64961755322169, "epsilon": 5.8756974055635585, "tau": 1688.3818033105833, "kronecker_kernel": false}}
{"target": 40.376392955129525, "params": {"C": 48.081428208422366, "epsilon": 6.777358957279363, "tau": 1933.4277870411697, "kronecker_kernel": false}}
{"target": 40.420726839497384, "params": {"C": 51.28561493363979, "epsilon": 1.7724219485886406, "tau": 1966.8274311112696, "kronecker_kernel": false}}
{"target": 41.18568695095047, "params": {"C": 35.90507037233084, "epsilon": 5.0935279546107095, "tau": 1996.923455120988, "kronecker_kernel": false}}
{"target": 40.96008388977231, "params": {"C": 44.26121860739964, "epsilon": 4.240079529242022, "tau": 1959.804303459017, "kronecker_kernel": false}}
{"target": 41.20358374587162, "params": {"C": 36.988850718546914, "epsilon": 6.638566926464076, "tau": 1893.1750183885094, "kronecker_kernel": false}}
{"target": 41.29780236788613, "params": {"C": 52.3249739304299, "epsilon": 0.08253963855370339, "tau": 1321.6114478176637, "kronecker_kernel": false}}
{"target": 42.059119133916845, "params": {"C": 74.0960937885757, "epsilon": 0.9613717738352897, "tau": 1359.6797689271336, "kronecker_kernel": false}}
{"target": 40.646364099295226, "params": {"C": 48.018047818893926, "epsilon": 11.830656701927527, "tau": 1946.9321420922565, "kronecker_kernel": false}}
{"target": 41.5597714252729, "params": {"C": 60.74512093695029, "epsilon": 0.7504862796257186, "tau": 1520.583682854972, "kronecker_kernel": false}}
{"target": 42.31556622554503, "params": {"C": 56.77154928733744, "epsilon": 28.74197249821491, "tau": 1247.538138645851, "kronecker_kernel": false}}
{"target": 40.901886275407335, "params": {"C": 48.054614505001666, "epsilon": 13.965038846552272, "tau": 1949.7839083441154, "kronecker_kernel": false}}
{"target": 41.28543398321362, "params": {"C": 36.40175651511816, "epsilon": 14.98893429936113, "tau": 1868.7444086921903, "kronecker_kernel": false}}
{"target": 41.6816309055602, "params": {"C": 68.24206610331834, "epsilon": 7.935396511456157, "tau": 1866.9835272728274, "kronecker_kernel": false}}
{"target": 40.32753826454797, "params": {"C": 51.69930957605202, "epsilon": 12.290343430045423, "tau": 1920.6427395694825, "kronecker_kernel": false}}
{"target": 40.51970956306805, "params": {"C": 52.27111608501809, "epsilon": 0.07363198950816452, "tau": 1967.3865816047833, "kronecker_kernel": false}}
{"target": 41.2424968750438, "params": {"C": 62.30604167221857, "epsilon": 8.117603524089022, "tau": 1996.7075176515266, "kronecker_kernel": false}}
{"target": 40.91198790171149, "params": {"C": 56.4097400856064, "epsilon": 2.78828234643797, "tau": 1916.601771138094, "kronecker_kernel": false}}
{"target": 42.29422093961361, "params": {"C": 76.72106901802273, "epsilon": 19.619413747009006, "tau": 1978.266295171839, "kronecker_kernel": false}}
{"target": 41.45577291000509, "params": {"C": 63.67179835385498, "epsilon": 14.845359695424712, "tau": 1983.2394871713682, "kronecker_kernel": false}}
{"target": 40.34607143371441, "params": {"C": 48.636014014832966, "epsilon": 1.8025143886298576, "tau": 1943.306418468865, "kronecker_kernel": false}}
{"target": 43.05048307235591, "params": {"C": 99.69040320807028, "epsilon": 20.92651455055829, "tau": 1600.9663996610334, "kronecker_kernel": false}}
{"target": 40.608550649421716, "params": {"C": 50.71742884465949, "epsilon": 9.91420786957001, "tau": 1660.8713636606763, "kronecker_kernel": false}}
{"target": 40.43871666836618, "params": {"C": 47.368741240003125, "epsilon": 10.076886347071659, "tau": 1542.3089093886538, "kronecker_kernel": false}}
{"target": 41.09393043328982, "params": {"C": 39.165649838621164, "epsilon": 10.966675925276633, "tau": 1842.1014780317776, "kronecker_kernel": false}}
{"target": 40.29898857363221, "params": {"C": 43.631559731913455, "epsilon": 9.89165007852344, "tau": 1418.585099444654, "kronecker_kernel": false}}
{"target": 41.76741549774606, "params": {"C": 56.51890485857117, "epsilon": 10.99978556182009, "tau": 1267.240202642456, "kronecker_kernel": false}}
{"target": 40.290904984486986, "params": {"C": 43.525986554341486, "epsilon": 10.175556043560732, "tau": 1468.1079449034862, "kronecker_kernel": false}}
{"target": 40.49794638691166, "params": {"C": 50.8480318841778, "epsilon": 3.0993665258454106, "tau": 1817.425126336118, "kronecker_kernel": false}}
{"target": 41.494297755849935, "params": {"C": 50.61608712459799, "epsilon": 10.597428648894553, "tau": 1162.9942585641836, "kronecker_kernel": false}}
{"target": 41.11457431315322, "params": {"C": 35.697870278762935, "epsilon": 9.099607092322433, "tau": 1510.6392375503215, "kronecker_kernel": false}}
{"target": 41.01827155520201, "params": {"C": 36.02089518471393, "epsilon": 7.659792079058647, "tau": 1425.2952456341538, "kronecker_kernel": false}}
{"target": 40.570556083455024, "params": {"C": 40.004608708706535, "epsilon": 11.356125318562178, "tau": 1038.8342351472352, "kronecker_kernel": false}}
{"target": 41.52233942449348, "params": {"C": 24.975904412554385, "epsilon": 8.771471004266015, "tau": 1433.6293087536787, "kronecker_kernel": false}}
{"target": 41.07048642422266, "params": {"C": 35.57213025962467, "epsilon": 11.191939606734348, "tau": 1479.7044450510248, "kronecker_kernel": false}}
{"target": 41.03061651535874, "params": {"C": 48.202736048043306, "epsilon": 7.579782276821066, "tau": 1326.8799887390014, "kronecker_kernel": false}}
{"target": 41.64642489400363, "params": {"C": 60.78971176577467, "epsilon": 11.938467447087563, "tau": 1577.9871124052213, "kronecker_kernel": false}}
{"target": 40.709367356199586, "params": {"C": 49.890432458605616, "epsilon": 12.440507341006137, "tau": 1565.6845280864302, "kronecker_kernel": false}}
{"target": 42.63330038380671, "params": {"C": 77.23600065639883, "epsilon": 14.523681051389353, "tau": 1351.5471076683011, "kronecker_kernel": false}}
{"target": 41.63200351436426, "params": {"C": 56.319564578235756, "epsilon": 14.99667218716249, "tau": 1396.8077593850726, "kronecker_kernel": false}}
{"target": 42.11191678144367, "params": {"C": 64.9231931692432, "epsilon": 29.46925226299668, "tau": 1904.4888882323276, "kronecker_kernel": false}}
{"target": 41.04822575358622, "params": {"C": 44.388847320783675, "epsilon": 7.203897003773008, "tau": 1998.1355580007043, "kronecker_kernel": false}}
{"target": 42.62101373252328, "params": {"C": 98.79832247183556, "epsilon": 10.380270620875683, "tau": 990.7455269963091, "kronecker_kernel": false}}
{"target": 40.36078264637408, "params": {"C": 43.305396033308604, "epsilon": 4.332315428827443, "tau": 1564.5645231225587, "kronecker_kernel": false}}
{"target": 40.57331053176834, "params": {"C": 53.48672580542667, "epsilon": 4.555394336468284, "tau": 1909.8362052054883, "kronecker_kernel": false}}
{"target": 40.71232564778773, "params": {"C": 53.86757021182957, "epsilon": 4.6830199840747575, "tau": 1859.9110772094596, "kronecker_kernel": false}}
{"target": 40.374458048400165, "params": {"C": 48.75685495832561, "epsilon": 2.998068712808201, "tau": 1804.1161374070928, "kronecker_kernel": false}}
{"target": 40.32887810988753, "params": {"C": 46.31264239881495, "epsilon": 6.345292819476596, "tau": 1635.8081828271186, "kronecker_kernel": false}}
{"target": 40.98980812500783, "params": {"C": 32.62567701940326, "epsilon": 3.628480488554811, "tau": 1100.6828981658161, "kronecker_kernel": false}}
{"target": 41.087570598890174, "params": {"C": 37.58355391399461, "epsilon": 5.790327816014182, "tau": 1666.333963836952, "kronecker_kernel": false}}
{"target": 40.51375477110189, "params": {"C": 49.811622781972325, "epsilon": 3.897768288672104, "tau": 1702.7008032495587, "kronecker_kernel": false}}
{"target": 40.42000122716796, "params": {"C": 39.39419678694003, "epsilon": 0.827737375942474, "tau": 1182.070534009857, "kronecker_kernel": false}}
