{"target": 40.62910385917641, "params": {"C": 39.84893973585833, "epsilon": 2.9480605008273084, "tau": 1487.4130233410401, "kronecker_kernel": false}}
{"target": 40.808682074333795, "params": {"C": 40.68038419050268, "epsilon": 3.9749490546303736, "tau": 1595.331863639578, "kronecker_kernel": false}}
{"target": 40.92286923095794, "params": {"C": 39.99939791933802, "epsilon": 2.114934238724719, "tau": 1815.7879121925282, "kronecker_kernel": false}}
{"target": 40.81029410831442, "params": {"C": 44.413172008038075, "epsilon": 2.994751396954666, "tau": 1229.4864877301222, "kronecker_kernel": false}}
{"target": 40.98494788391581, "params": {"C": 43.452123205744854, "epsilon": 0.5300776625009656, "tau": 1109.4397975241739, "kronecker_kernel": false}}
{"target": 42.30419536849419, "params": {"C": 16.201800400754923, "epsilon": 0.9290882677786121, "tau": 1216.0921441401272, "kronecker_kernel": false}}
{"target": 40.96529288347225, "params": {"C": 30.27574253300429, "epsilon": 0.08548035896453265, "tau": 1365.471899393896, "kronecker_kernel": false}}
{"target": 42.11723177738042, "params": {"C": 62.375517858662626, "epsilon": 1.322818367506187, "tau": 716.0847819389265, "kronecker_kernel": false}}
{"target": 47.749471475564185, "params": {"C": 8.592674690956123, "epsilon": 4.9326612556342475, "tau": 931.7104786604863, "kronecker_kernel": false}}
{"target": 41.32380235404575, "params": {"C": 39.5130564515769, "epsilon": 0.7369540515501674, "tau": 742.852846896176, "kronecker_kernel": false}}
{"target": 41.60939934602764, "params": {"C": 60.47801390512608, "epsilon": 8.752621964757605, "tau": 1547.614122756102, "kronecker_kernel": false}}
{"target": 40.973235483696826, "params": {"C": 53.88630229035244, "epsilon": 8.496763776941835, "tau": 1694.291753615095, "kronecker_kernel": false}}
{"target": 40.35127335667087, "params": {"C": 49.80023283833274, "epsilon": 2.294057020444524, "tau": 1973.7192620488406, "kronecker_kernel": false}}
{"target": 41.19609796668395, "params": {"C": 54.00580161164993, "epsilon": 6.809231931978147, "tau": 1531.9991466067381, "kronecker_kernel": false}}
{"target": 41.22048577760568, "params": {"C": 58.68869997657662, "epsilon": 0.20997495914713316, "tau": 1745.1074126593278, "kronecker_kernel": false}}
{"target": 40.36563752349483, "params": {"C": 48.174476912272205, "epsilon": 3.1346250422016624, "tau": 1940.462858545003, "kronecker_kernel": false}}
{"target": 40.71682784678803, "params": {"C": 43.329031096194036, "epsilon": 0.3775996642710495, "tau": 1886.0953283282697, "kronecker_kernel": false}}
{"target": 40.5483757976058, "params": {"C": 52.97982658365245, "epsilon": 2.301712891035315, "tau": 1914.8502916785133, "kronecker_kernel": false}}
{"target": 40.292373557448414, "params": {"C": 51.61700908476137, "epsilon": 8.731210392433091, "tau": 1999.910491586351, "kronecker_kernel": false}}
{"target": 41.58642170166054, "params": {"C": 25.847463557262653, "epsilon": 2.969925921677939, "tau": 1998.1215818218627, "kronecker_kernel": false}}
{"target": 41.65640919901608, "params": {"C": 28.865856959067653, "epsilon": 5.889459107502014, "tau": 1892.7956050218181, "kronecker_kernel": false}}
{"target": 41.098211022966304, "params": {"C": 32.763599450839344, "epsilon": 2.5147008548760645, "tau": 1950.0039593308882, "kronecker_kernel": false}}
{"target": 45.45451993653672, "params": {"C": 14.252636141928264, "epsilon": 7.607745417579229, "tau": 1916.7297103393566, "kronecker_kernel": false}}
{"target": 41.0552533448344, "params": {"C": 42.74719731035207, "epsilon": 5.912014330885829, "tau": 1917.4118191799807, "kronecker_kernel": false}}
{"target": 41.069228763202105, "params": {"C": 43.98774046935212, "epsilon": 8.815626283806385, "tau": 1986.1312115232317, "kronecker_kernel": false}}
{"target": 43.32817788360825, "params": {"C": 95.50503961750863, "epsilon": 22.94440553514222, "tau": 945.8850720325305, "kronecker_kernel": false}}
{"target": 41.156395997635045, "params": {"C": 60.37733692100289, "epsilon": 10.072840828147164, "tau": 1991.679246947434, "kronecker_kernel": false}}
{"target": 41.191692675353636, "params": {"C": 60.896914388205104, "epsilon": 10.50468934714756, "tau": 1998.5681990681278, "kronecker_kernel": false}}
{"target": 40.84872037798432, "params": {"C": 57.076593719431415, "epsilon": 10.394387597478888, "tau": 1977.9583659952868, "kronecker_kernel": false}}
{"target": 41.20247940227057, "params": {"C": 61.22128118852274, "epsilon": 6.183406480414563, "tau": 1950.4300686800775, "kronecker_kernel": false}}
{"target": 41.119102750518884, "params": {"C": 60.02331229835201, "epsilon": 5.347222269761319, "tau": 1969.2643168525926, "kronecker_kernel": false}}
{"target": 40.753437668796295, "params": {"C": 48.84725570913872, "epsilon": 4.667198403271633, "tau": 1507.3879217853919, "kronecker_kernel": false}}
{"target": 41.76983227408563, "params": {"C": 72.55714214455469, "epsilon": 2.880425238355624, "tau": 1943.7758853763119, "kronecker_kernel": false}}
{"target": 40.72760133334317, "params": {"C": 50.040906572677066, "epsilon": 4.7593694852365385, "tau": 1595.983236838755, "kronecker_kernel": false}}
{"target": 40.412992622138106, "params": {"C": 48.46340355574495, "epsilon": 6.115665538935755, "tau": 1684.9675141211267, "kronecker_kernel": false}}
{"target": 40.39344961488683, "params": {"C": 46.845335594311756, "epsilon": 6.039890222883632, "tau": 1596.4429290546393, "kronecker_kernel": false}}
{"target": 40.71212089839634, "params": {"C": 50.08016625919538, "epsilon": 3.9643155244330295, "tau": 1613.4613089236539, "kronecker_kernel": false}}
{"target": 40.74414704596463, "params": {"C": 48.14113618005631, "epsilon": 0.6535956036760662, "tau": 1496.5727899668718, "kronecker_kernel": false}}
{"target": 41.33208743893919, "params": {"C": 32.11438341094536, "epsilon": 12.049128371219469, "tau": 1609.4152611451273, "kronecker_kernel": false}}
{"target": 41.16790227183845, "params": {"C": 36.50383907479336, "epsilon": 14.279545476314572, "tau": 1473.0529978616785, "kronecker_kernel": false}}
{"target": 41.08144872028895, "params": {"C": 38.675321423392674, "epsilon": 9.398131325555022, "tau": 1590.4952724660893, "kronecker_kernel": false}}
{"target": 41.64174153673041, "params": {"C": 28.08335875249002, "epsilon": 10.94260293377127, "tau": 1556.621790034854, "kronecker_kernel": false}}
{"target": 41.03652442754706, "params": {"C": 40.958105853306236, "epsilon": 6.195701611859475, "tau": 1717.7945510689328, "kronecker_kernel": false}}
{"target": 41.02213530626348, "params": {"C": 38.38514129808674, "epsilon": 7.729866261797983, "tau": 1621.9321636559634, "kronecker_kernel": false}}
{"target": 40.37264748371801, "params": {"C": 45.83354430392192, "epsilon": 6.837861305093976, "tau": 1748.6540290379958, "kronecker_kernel": false}}
{"target": 41.03729378938564, "params": {"C": 41.70936037353833, "epsilon": 5.540902187153314, "tau": 1778.0508491898274, "kronecker_kernel": false}}
{"target": 40.383235157618834, "params": {"C": 46.494685925217986, "epsilon": 1.6036505460063462, "tau": 1878.1153620945622, "kronecker_kernel": false}}
{"target": 40.39280614325312, "params": {"C": 44.84337995396976, "epsilon": 6.28621589159992, "tau": 1717.1796156147961, "kronecker_kernel": false}}
{"target": 40.420178211194525, "params": {"C": 46.07769269002465, "epsilon": 0.690703690119995, "tau": 1908.1501131560733, "kronecker_kernel": false}}
{"target": 40.38953936294583, "params": {"C": 46.39840066232009, "epsilon": 0.2729508898104209, "tau": 1823.6300404417946, "kronecker_kernel": false}}
{"target": 40.53985260403742, "params": {"C": 50.47022301277813, "epsilon": 0.6542363859670812, "tau": 1778.589732282518, "kronecker_kernel": false}}
{"target": 40.362477352686426, "params": {"C": 48.625057411336606, "epsilon": 0.5872508132405323, "tau": 1969.3752025250726, "kronecker_kernel": false}}
{"target": 62.64880254019356, "params": {"C": 3.313292494541898, "epsilon": 1.9180690651291759, "tau": 310.9966550372352, "kronecker_kernel": false}}
{"target": 42.799074713888935, "params": {"C": 62.88847160737013, "epsilon": 13.874744229905309, "tau": 67.67945819651266, "kronecker_kernel": false}}
{"target": 41.25976126992464, "params": {"C": 62.181865970004395, "epsilon": 0.14227052203671198, "tau": 1909.5206025843977, "kronecker_kernel": false}}
{"target": 40.49754666737768, "params": {"C": 51.345603290942954, "epsilon": 0.6487808080840597, "tau": 1910.1672389920448, "kronecker_kernel": false}}
{"target": 47.73155869941875, "params": {"C": 2.84847964596387, "epsilon": 22.201395377102806, "tau": 73.17451588265396, "kronecker_kernel": false}}
{"target": 40.79635436460032, "params": {"C": 55.70181542218313, "epsilon": 3.226587526730702, "tau": 1941.1391704211203, "kronecker_kernel": false}}
{"target": 40.676681994375805, "params": {"C": 46.65313810252958, "epsilon": 7.045879601304566, "tau": 1971.14112398819, "kronecker_kernel": false}}
{"target": 40.94205152390351, "params": {"C": 40.053302488098176, "epsilon": 0.4120639658905505, "tau": 1768.5175169703273, "kronecker_kernel": false}}
{"target": 40.375372543722705, "params": {"C": 48.63705410039019, "epsilon": 4.408521627114607, "tau": 1992.858248896756, "kronecker_kernel": false}}
{"target": 40.81992393832512, "params": {"C": 45.137264287952206, "epsilon": 4.456299543518354, "tau": 1968.868915127784, "kronecker_kernel": false}}
{"target": 40.53349993816019, "params": {"C": 52.583761240426924, "epsilon": 0.23293904180845715, "tau": 1958.5086689586092, "kronecker_kernel": false}}
{"target": 40.870603196780486, "params": {"C": 37.39197142534238, "epsilon": 2.2241699691135217, "tau": 1944.9599295495034, "kronecker_kernel": false}}
{"target": 41.060470127768916, "params": {"C": 41.0346725175216, "epsilon": 4.857099463869936, "tau": 1965.0245903195328, "kronecker_kernel": false}}
{"target": 41.03618686789322, "params": {"C": 38.566997059601675, "epsilon": 4.713569418695826, "tau": 1954.6764924396746, "kronecker_kernel": false}}
{"target": 40.87424356878614, "params": {"C": 38.79099463422152, "epsilon": 2.357394519554179, "tau": 1980.4218719727319, "kronecker_kernel": false}}
{"target": 40.62075154863315, "params": {"C": 52.4351001065936, "epsilon": 11.835044493432406, "tau": 1762.6876252173465, "kronecker_kernel": false}}
{"target": 41.715359625947976, "params": {"C": 64.38320416327215, "epsilon": 5.870538340297982, "tau": 1606.4936118485211, "kronecker_kernel": false}}
{"target": 41.365784203196014, "params": {"C": 56.463001682331935, "epsilon": 16.201209435338704, "tau": 1669.6653431065647, "kronecker_kernel": false}}
{"target": 41.1289420069041, "params": {"C": 40.96861458986032, "epsilon": 13.668249438426859, "tau": 1960.4792136719916, "kronecker_kernel": false}}
{"target": 41.461070416548594, "params": {"C": 40.2753813029138, "epsilon": 19.113193207182988, "tau": 1845.2369432698342, "kronecker_kernel": false}}
{"target": 41.348114510123494, "params": {"C": 34.72469586739217, "epsilon": 11.382282486507766, "tau": 1956.250302237341, "kronecker_kernel": false}}
{"target": 41.03782400357282, "params": {"C": 44.45192929969083, "epsilon": 19.066369577526572, "tau": 1821.5003080490924, "kronecker_kernel": false}}
{"target": 40.361270482750236, "params": {"C": 44.03550920128284, "epsilon": 0.33151795743698154, "tau": 1605.2154636642267, "kronecker_kernel": false}}
{"target": 41.22983400703822, "params": {"C": 62.262076675094605, "epsilon": 5.059725806056832, "tau": 1974.0672720613345, "kronecker_kernel": false}}
{"target": 40.32103203521596, "params": {"C": 49.70104413015349, "epsilon": 5.915957301071994, "tau": 1915.0405059934437, "kronecker_kernel": false}}
{"target": 40.494096158926986, "params": {"C": 52.990230299571344, "epsilon": 2.6856704143248766, "tau": 1985.8873612524123, "kronecker_kernel": false}}
{"target": 41.3181436112956, "params": {"C": 56.80206185290568, "epsilon": 0.07366193272845134, "tau": 1539.5532652209833, "kronecker_kernel": false}}
{"target": 41.009702764186, "params": {"C": 50.31033117655881, "epsilon": 1.5464563461950154, "tau": 1468.1689863832216, "kronecker_kernel": false}}
{"target": 42.1480561866828, "params": {"C": 99.60798648216972, "epsilon": 0.1899395088447111, "tau": 923.6609791202368, "kronecker_kernel": false}}
{"target": 41.60255042992774, "params": {"C": 58.581077742924315, "epsilon": 4.704302126733409, "tau": 1400.146748869683, "kronecker_kernel": false}}
{"target": 40.884188606849015, "params": {"C": 51.70704052585835, "epsilon": 7.082545123805253, "tau": 1604.3204083815683, "kronecker_kernel": false}}
{"target": 40.98300414647789, "params": {"C": 33.622659387761004, "epsilon": 1.8296973430329608, "tau": 1633.1079628136595, "kronecker_kernel": false}}
{"target": 40.78636019320116, "params": {"C": 45.92140921352834, "epsilon": 9.603100694136007, "tau": 1936.2951309285527, "kronecker_kernel": false}}
{"target": 40.381505428397396, "params": {"C": 48.78370079992368, "epsilon": 6.027075800251991, "tau": 1742.4815737962322, "kronecker_kernel": false}}
{"target": 40.300605522249654, "params": {"C": 48.829718951121144, "epsilon": 7.874251498166723, "tau": 1806.181408769669, "kronecker_kernel": false}}
{"target": 41.05668556960718, "params": {"C": 55.16333888139127, "epsilon": 10.042943798185245, "tau": 1730.5977193266847, "kronecker_kernel": false}}
{"target": 40.88341919613197, "params": {"C": 46.88064800389139, "epsilon": 9.289088281219406, "tau": 1317.7126096135073, "kronecker_kernel": false}}
{"target": 40.90314283268632, "params": {"C": 53.90164832327259, "epsilon": 9.131757429092405, "tau": 1731.0146378692475, "kronecker_kernel": false}}
{"target": 40.78006569778094, "params": {"C": 54.53298465950477, "epsilon": 7.621220003631306, "tau": 1842.7347905068798, "kronecker_kernel": false}}
{"target": 40.87108629721183, "params": {"C": 44.283819763712856, "epsilon": 9.189024955868579, "tau": 1181.1134210906398, "kronecker_kernel": false}}
{"target": 40.45635187983275, "params": {"C": 51.01590538336151, "epsilon": 8.181949463046845, "tau": 1772.0867443392324, "kronecker_kernel": false}}
{"target": 42.35761588770218, "params": {"C": 60.457807847362616, "epsilon": 5.282253951785375, "tau": 116.0683899490823, "kronecker_kernel": false}}
{"target": 40.279492564460455, "params": {"C": 48.45388170728502, "epsilon": 6.812625275481671, "tau": 1886.4304280834647, "kronecker_kernel": false}}
{"target": 41.12992545601544, "params": {"C": 32.27836600470827, "epsilon": 5.560167628825098, "tau": 1481.2704183288438, "kronecker_kernel": false}}
{"target": 40.378726554619654, "params": {"C": 48.583205535357656, "epsilon": 6.239887681541452, "tau": 1990.2439301248894, "kronecker_kernel": false}}
{"target": 41.074139705172094, "params": {"C": 35.487021928316395, "epsilon": 5.347532472235754, "tau": 1695.5160519888404, "kronecker_kernel": false}}
{"target": 40.44500203144994, "params": {"C": 53.7320678353063, "epsilon": 8.557831636891791, "tau": 1980.0922264310104, "kronecker_kernel": false}}
{"target": 40.84060508217129, "params": {"C": 43.75290448752236, "epsilon": 9.39287507133638, "tau": 1786.7297087252891, "kronecker_kernel": false}}
{"target": 41.017608393889404, "params": {"C": 42.55488502397825, "epsilon": 7.663409996077474, "tau": 1981.9173961119575, "kronecker_kernel": false}}
{"target": 40.614212361975696, "params": {"C": 54.2105315806743, "epsilon": 6.3430471007819405, "tau": 1919.1727276995389, "kronecker_kernel": false}}
{"target": 40.478443380984345, "params": {"C": 53.41320973783119, "epsilon": 5.749808938909647, "tau": 1967.2029315153284, "kronecker_kernel": false}}
{"target": 41.0198650810403, "params": {"C": 44.75766316370857, "epsilon": 5.54173938147289, "tau": 1969.3142877874404, "kronecker_kernel": false}}
{"target": 40.413908914123354, "params": {"C": 52.096634737544406, "epsilon": 5.768938225704778, "tau": 1955.2731862347725, "kronecker_kernel": false}}
{"target": 40.61194041377929, "params": {"C": 55.105815959711364, "epsilon": 7.687980718716748, "tau": 1973.3037624261947, "kronecker_kernel": false}}
{"target": 42.2812611943613, "params": {"C": 77.7726513017189, "epsilon": 10.217777943227063, "tau": 1717.5390004028884, "kronecker_kernel": false}}
{"target": 40.58784037195579, "params": {"C": 46.213883382953334, "epsilon": 4.485168714568253, "tau": 1926.5548416393904, "kronecker_kernel": false}}
{"target": 42.05242665907848, "params": {"C": 71.57649619406894, "epsilon": 7.041422597891744, "tau": 1620.4087419503849, "kronecker_kernel": false}}
{"target": 40.4703475179392, "params": {"C": 41.5399152261576, "epsilon": 0.2723556811917629, "tau": 1596.0654863300183, "kronecker_kernel": false}}
{"target": 40.93980715579616, "params": {"C": 39.84038960968464, "epsilon": 2.37542848031151, "tau": 1665.845738835604, "kronecker_kernel": false}}
{"target": 40.876755041437505, "params": {"C": 37.127106204134456, "epsilon": 1.1360911104584703, "tau": 1519.3685375597227, "kronecker_kernel": false}}
{"target": 43.46976811726045, "params": {"C": 85.57470144209486, "epsilon": 27.77351011190001, "tau": 1386.9237007953768, "kronecker_kernel": false}}
{"target": 40.36741733121798, "params": {"C": 41.445501428207265, "epsilon": 8.600010651817652, "tau": 1427.128160372464, "kronecker_kernel": false}}
{"target": 40.30691329886745, "params": {"C": 45.4720057031486, "epsilon": 7.242789102748555, "tau": 1587.8503713592424, "kronecker_kernel": false}}
{"target": 40.67239923871283, "params": {"C": 40.150327374331745, "epsilon": 9.495847232352988, "tau": 1452.2849216056254, "kronecker_kernel": false}}
{"target": 40.439092944593185, "params": {"C": 49.17665717367815, "epsilon": 4.735158017634496, "tau": 1731.071214170709, "kronecker_kernel": false}}
{"target": 40.90540412172172, "params": {"C": 48.649668573276216, "epsilon": 7.404254808415167, "tau": 1410.6229064355548, "kronecker_kernel": false}}
{"target": 41.33871759643292, "params": {"C": 29.44694922481131, "epsilon": 9.553202817112282, "tau": 1439.4208095668487, "kronecker_kernel": false}}
{"target": 41.49283409834355, "params": {"C": 26.047198881465683, "epsilon": 14.06618734234888, "tau": 1230.0270433482651, "kronecker_kernel": false}}
{"target": 41.058768326204856, "params": {"C": 35.92397494142537, "epsilon": 14.087517780387321, "tau": 1147.9854182738952, "kronecker_kernel": false}}
{"target": 40.87703330470133, "params": {"C": 47.28232230036293, "epsilon": 10.076111309659812, "tau": 1344.4196572661247, "kronecker_kernel": false}}
{"target": 41.082672721802716, "params": {"C": 37.39420897134365, "epsilon": 8.417699534169149, "tau": 1677.2035083846847, "kronecker_kernel": false}}
{"target": 40.887307700836104, "params": {"C": 41.74888855931959, "epsilon": 11.399842939052931, "tau": 1633.1261997745519, "kronecker_kernel": false}}
{"target": 41.065047458408635, "params": {"C": 38.57646083776135, "epsilon": 8.458478489669222, "tau": 1694.323722648358, "kronecker_kernel": false}}
{"target": 41.31913336716989, "params": {"C": 32.94550709491506, "epsilon": 7.073841228227014, "tau": 1718.2715228315467, "kronecker_kernel": false}}
{"target": 40.42055160632132, "params": {"C": 41.62370909375256, "epsilon": 6.97917194293151, "tau": 1469.6755282502231, "kronecker_kernel": false}}
{"target": 41.070448946951345, "params": {"C": 55.71529906928855, "epsilon": 4.390556714144086, "tau": 1739.1619985444759, "kronecker_kernel": false}}
{"target": 41.39129068163531, "params": {"C": 66.03125449614082, "epsilon": 1.485936921594925, "tau": 1997.34624506003, "kronecker_kernel": false}}
{"target": 41.19370300422803, "params": {"C": 58.21615857887776, "epsilon": 3.233785086975274, "tau": 1756.4746860920786, "kronecker_kernel": false}}
{"target": 41.76007434651106, "params": {"C": 66.52298377782145, "epsilon": 4.213017987871282, "tau": 1657.8464724939627, "kronecker_kernel": false}}
{"target": 40.36474047289231, "params": {"C": 47.62009988812747, "epsilon": 3.3087538235486442, "tau": 1985.9314228436892, "kronecker_kernel": false}}
{"target": 41.15378392385382, "params": {"C": 54.17234358353329, "epsilon": 5.569414074673918, "tau": 1572.6482995302515, "kronecker_kernel": false}}
{"target": 40.86976117361189, "params": {"C": 52.690924614294694, "epsilon": 5.840027830252197, "tau": 1676.5919423391754, "kronecker_kernel": false}}
{"target": 41.12537698533117, "params": {"C": 54.587286026724456, "epsilon": 7.433352547397927, "tau": 1632.5140028950095, "kronecker_kernel": false}}
{"target": 40.398406035905296, "params": {"C": 45.80518250543444, "epsilon": 1.1856803335245805, "tau": 1874.6959086973407, "kronecker_kernel": false}}
{"target": 40.41624067943716, "params": {"C": 51.23034678792485, "epsilon": 1.0476579894392524, "tau": 1995.6276784628526, "kronecker_kernel": false}}
{"target": 41.29098744029811, "params": {"C": 33.261395142005746, "epsilon": 4.657633569059667, "tau": 1976.903137746137, "kronecker_kernel": false}}
{"target": 40.927274767582404, "params": {"C": 41.264387029373644, "epsilon": 0.8157137259242276, "tau": 1959.5550767190334, "kronecker_kernel": false}}
{"target": 40.33804342862016, "params": {"C": 49.040528427848976, "epsilon": 5.4955878845792325, "tau": 1989.1675022504014, "kronecker_kernel": false}}
{"target": 41.14639873672, "params": {"C": 39.3804600945099, "epsilon": 6.680235536812252, "tau": 1898.8465893485393, "kronecker_kernel": false}}
{"target": 40.977975785166265, "params": {"C": 43.444315403756285, "epsilon": 0.16104018637766426, "tau": 1993.8793438099592, "kronecker_kernel": false}}
{"target": 41.036750900096735, "params": {"C": 41.35777824289139, "epsilon": 8.590255007887487, "tau": 1863.8255224662623, "kronecker_kernel": false}}
{"target": 40.34928449629096, "params": {"C": 50.80124787317087, "epsilon": 3.8777776354615843, "tau": 1984.728091631942, "kronecker_kernel": false}}
{"target": 40.93419295548174, "params": {"C": 57.51532379546903, "epsilon": 10.945858353195387, "tau": 1954.0390708908697, "kronecker_kernel": false}}
{"target": 40.29051951029837, "params": {"C": 49.71995075008588, "epsilon": 9.983270433132361, "tau": 1994.4936778055255, "kronecker_kernel": false}}
