{"target": 41.10081363726572, "params": {"C": 45.23153744968512, "epsilon": 6.63083500499163, "tau": 1996.6308709701348, "kronecker_kernel": false}}
{"target": 41.34792558246829, "params": {"C": 58.94355870919365, "epsilon": 3.438703787460411, "tau": 1633.1646635119785, "kronecker_kernel": false}}
{"target": 40.52664895045622, "params": {"C": 50.94308661807942, "epsilon": 11.00531282090366, "tau": 1705.500989710952, "kronecker_kernel": false}}
{"target": 43.202233656340766, "params": {"C": 59.93249801565426, "epsilon": 20.959636800488468, "tau": 331.86587427288464, "kronecker_kernel": false}}
{"target": 40.47870873058907, "params": {"C": 46.39310179711274, "epsilon": 12.982709309965035, "tau": 1713.1215758688004, "kronecker_kernel": false}}
{"target": 40.34291694875354, "params": {"C": 49.06336690509406, "epsilon": 14.207114752975837, "tau": 1726.435015702779, "kronecker_kernel": false}}
{"target": 40.7289392586753, "params": {"C": 39.726956560703925, "epsilon": 7.07999221523757, "tau": 1448.9799309634393, "kronecker_kernel": false}}
{"target": 41.05911028461436, "params": {"C": 41.27010347179557, "epsilon": 10.467231579114088, "tau": 1794.883601379872, "kronecker_kernel": false}}
{"target": 41.45193086897571, "params": {"C": 26.35596467981667, "epsilon": 8.06607404959187, "tau": 1497.264397559903, "kronecker_kernel": false}}
{"target": 42.04769718271935, "params": {"C": 77.76632372462667, "epsilon": 8.804911108052977, "tau": 1998.9020202097247, "kronecker_kernel": false}}
{"target": 41.77479447577425, "params": {"C": 29.176239417035063, "epsilon": 12.375106896158627, "tau": 1988.9313170042067, "kronecker_kernel": false}}
{"target": 40.34930769333787, "params": {"C": 45.69645536074568, "epsilon": 8.219842571250542, "tau": 1715.129079914271, "kronecker_kernel": false}}
{"target": 40.431440163075095, "params": {"C": 53.788927978167415, "epsilon": 10.946142539573735, "tau": 1997.068830598641, "kronecker_kernel": false}}
{"target": 40.60550621021463, "params": {"C": 42.05642743799141, "epsilon": 3.157283407645023, "tau": 1645.9251029318536, "kronecker_kernel": false}}
{"target": 40.300209864920205, "params": {"C": 44.64631208705019, "epsilon": 6.367650095360551, "tau": 1623.8262795733483, "kronecker_kernel": false}}
{"target": 40.88841747024925, "params": {"C": 42.122156960416596, "epsilon": 4.637562083177285, "tau": 1721.0833203305676, "kronecker_kernel": false}}
{"target": 41.292345571671355, "params": {"C": 54.14176043893799, "epsilon": 9.936295907027585, "tau": 1489.393266352295, "kronecker_kernel": false}}
{"target": 40.83574722501192, "params": {"C": 55.08396414747819, "epsilon": 3.881968493543479, "tau": 1867.2125912238162, "kronecker_kernel": false}}
{"target": 41.661392033490316, "params": {"C": 21.668172010999914, "epsilon": 8.037926619263583, "tau": 1164.835802896181, "kronecker_kernel": false}}
{"target": 41.22116015225545, "params": {"C": 35.56361381146102, "epsilon": 14.553640450310311, "tau": 1423.306976388751, "kronecker_kernel": false}}
{"target": 40.62106211483378, "params": {"C": 40.20222519169313, "epsilon": 8.751565543737533, "tau": 1436.9854045957193, "kronecker_kernel": false}}
{"target": 41.201008039737715, "params": {"C": 53.15712172782419, "epsilon": 6.109754904445463, "tau": 1471.1938402368253, "kronecker_kernel": false}}
{"target": 41.06279329365114, "params": {"C": 36.54040107914867, "epsilon": 11.561554342259036, "tau": 1488.5317756298616, "kronecker_kernel": false}}
{"target": 41.21093058484336, "params": {"C": 50.589062006687236, "epsilon": 7.100764770819887, "tau": 1334.3621533112068, "kronecker_kernel": false}}
{"target": 40.68324133544185, "params": {"C": 41.12715765071641, "epsilon": 4.163775927392774, "tau": 1565.1906410384827, "kronecker_kernel": false}}
{"target": 41.53767648645588, "params": {"C": 58.62245018006883, "epsilon": 10.086309277227317, "tau": 1521.6176328525314, "kronecker_kernel": false}}
{"target": 40.98875064960016, "params": {"C": 38.65033733115649, "epsilon": 5.191321313995521, "tau": 1478.7390042611178, "kronecker_kernel": false}}
{"target": 41.91901035315728, "params": {"C": 62.23144619625911, "epsilon": 11.549467851330322, "tau": 1429.1030918596348, "kronecker_kernel": false}}
{"target": 41.050701220549115, "params": {"C": 38.93480613332467, "epsilon": 6.271192585909201, "tau": 1498.5367232410347, "kronecker_kernel": false}}
{"target": 41.41475034523868, "params": {"C": 29.586818664446692, "epsilon": 6.353539869679453, "tau": 1539.732927061676, "kronecker_kernel": false}}
{"target": 62.328902258313214, "params": {"C": 4.0964495722118315, "epsilon": 20.469847456089806, "tau": 1908.8758717837513, "kronecker_kernel": false}}
{"target": 40.3128642110138, "params": {"C": 44.76835732754908, "epsilon": 7.368513661271367, "tau": 1521.4561473210847, "kronecker_kernel": false}}
{"target": 42.22578955797066, "params": {"C": 59.03981597229236, "epsilon": 10.196858280171499, "tau": 1037.9934115221793, "kronecker_kernel": false}}
{"target": 42.42173504331665, "params": {"C": 89.54369997203636, "epsilon": 8.023873134660263, "tau": 1330.472628024035, "kronecker_kernel": false}}
{"target": 40.484585564863785, "params": {"C": 51.00323972571406, "epsilon": 9.131550463768892, "tau": 1744.5393428365105, "kronecker_kernel": false}}
{"target": 43.84891010921294, "params": {"C": 15.601846082075, "epsilon": 4.052003122146004, "tau": 1728.3015921054005, "kronecker_kernel": false}}
{"target": 40.729280071348015, "params": {"C": 48.474440653628214, "epsilon": 12.578002666464084, "tau": 1991.7765534331368, "kronecker_kernel": false}}
{"target": 40.312959476927084, "params": {"C": 47.073816640539484, "epsilon": 10.307988575141334, "tau": 1665.5326254719362, "kronecker_kernel": false}}
{"target": 41.108137601856825, "params": {"C": 38.059090445132306, "epsilon": 8.647166587234027, "tau": 1741.7875778969683, "kronecker_kernel": false}}
{"target": 41.484879528338496, "params": {"C": 62.63198526987618, "epsilon": 11.487502310926262, "tau": 1806.2531579501315, "kronecker_kernel": false}}
{"target": 41.16388885933646, "params": {"C": 53.48148208518697, "epsilon": 3.4111970073693545, "tau": 1511.4773986745097, "kronecker_kernel": false}}
{"target": 43.29208665287804, "params": {"C": 76.1671015703484, "epsilon": 23.061374805316234, "tau": 718.1898385629377, "kronecker_kernel": false}}
{"target": 40.64634408229703, "params": {"C": 49.95935350676246, "epsilon": 7.72474385735259, "tau": 1607.5159254745984, "kronecker_kernel": false}}
{"target": 41.005146040728995, "params": {"C": 53.53950196172115, "epsilon": 4.9654003668247935, "tau": 1649.9684556911163, "kronecker_kernel": false}}
{"target": 41.317620574321275, "params": {"C": 58.353535759048135, "epsilon": 5.989068435829138, "tau": 1645.3468006339765, "kronecker_kernel": false}}
{"target": 41.05276300270867, "params": {"C": 54.489255817027576, "epsilon": 7.262620712511921, "tau": 1675.5201142471642, "kronecker_kernel": false}}
{"target": 41.31832756934464, "params": {"C": 31.95087956594123, "epsilon": 6.735607683398706, "tau": 1672.7583942240408, "kronecker_kernel": false}}
{"target": 41.06308479531687, "params": {"C": 35.30239359714542, "epsilon": 8.876770046207938, "tau": 1342.7996420408904, "kronecker_kernel": false}}
{"target": 40.808763906054054, "params": {"C": 40.82347595762987, "epsilon": 10.778204297023946, "tau": 1547.0131581657765, "kronecker_kernel": false}}
{"target": 40.796142863155026, "params": {"C": 38.495951694187205, "epsilon": 10.895700102751642, "tau": 1370.4036020762696, "kronecker_kernel": false}}
{"target": 40.44885181312647, "params": {"C": 42.58190446836523, "epsilon": 13.226388975834597, "tau": 1396.4682744110396, "kronecker_kernel": false}}
{"target": 42.89740002568597, "params": {"C": 44.46860990828374, "epsilon": 15.739990875430552, "tau": 76.53644877728789, "kronecker_kernel": false}}
{"target": 41.114938653185185, "params": {"C": 35.69582833589493, "epsilon": 12.698048957237852, "tau": 1714.6695332275028, "kronecker_kernel": false}}
{"target": 41.67237897046956, "params": {"C": 65.09780721846315, "epsilon": 10.410902778035396, "tau": 1766.3709544656842, "kronecker_kernel": false}}
{"target": 41.51898704102848, "params": {"C": 31.886047965936978, "epsilon": 11.283276365828739, "tau": 1844.201292910933, "kronecker_kernel": false}}
{"target": 41.437337698296844, "params": {"C": 64.08709752066632, "epsilon": 10.925126628522026, "tau": 1936.5115553804455, "kronecker_kernel": false}}
{"target": 41.963319794119776, "params": {"C": 19.076328024068623, "epsilon": 22.59752991661594, "tau": 525.2620108160155, "kronecker_kernel": false}}
{"target": 40.28858555091209, "params": {"C": 49.16561767166585, "epsilon": 9.98277556212929, "tau": 1852.6743127173527, "kronecker_kernel": false}}
{"target": 41.11937186890212, "params": {"C": 35.55969221372475, "epsilon": 5.956265263831837, "tau": 1721.6454172630772, "kronecker_kernel": false}}
{"target": 41.05655180381523, "params": {"C": 39.14940434938896, "epsilon": 5.852972375359125, "tau": 1684.3937341846504, "kronecker_kernel": false}}
{"target": 41.31651154196949, "params": {"C": 31.542405827556895, "epsilon": 5.117949520633016, "tau": 1726.1764174080895, "kronecker_kernel": false}}
{"target": 40.8246928816537, "params": {"C": 53.73596291323979, "epsilon": 14.422882248848882, "tau": 1767.2266278260129, "kronecker_kernel": false}}
{"target": 40.277276918711564, "params": {"C": 48.46390077761914, "epsilon": 9.86132057646716, "tau": 1810.9551431557811, "kronecker_kernel": false}}
{"target": 41.2381674284848, "params": {"C": 36.06395170750331, "epsilon": 11.490936659628638, "tau": 1968.4915749634486, "kronecker_kernel": false}}
{"target": 41.25253969448248, "params": {"C": 36.75628826692819, "epsilon": 12.38293684688508, "tau": 1972.6894759390348, "kronecker_kernel": false}}
{"target": 40.4078380424957, "params": {"C": 48.440216972613406, "epsilon": 7.428222310400151, "tau": 1976.2696623472518, "kronecker_kernel": false}}
{"target": 41.30133708336291, "params": {"C": 61.941941509001275, "epsilon": 11.519580995120839, "tau": 1976.9534510212, "kronecker_kernel": false}}
{"target": 41.34451210625658, "params": {"C": 60.58311491489096, "epsilon": 12.715558643442021, "tau": 1871.2555971102097, "kronecker_kernel": false}}
{"target": 41.35512761660535, "params": {"C": 59.761286198198746, "epsilon": 14.48329281941352, "tau": 1851.590071953376, "kronecker_kernel": false}}
{"target": 41.38188134195792, "params": {"C": 62.46937770924967, "epsilon": 11.683082486031301, "tau": 1919.2932470534063, "kronecker_kernel": false}}
{"target": 40.80951051743977, "params": {"C": 46.00202865704522, "epsilon": 10.757707762431659, "tau": 1965.3050901604306, "kronecker_kernel": false}}
{"target": 40.35347407525036, "params": {"C": 47.16402724014779, "epsilon": 10.324716349545783, "tau": 1836.7430665595057, "kronecker_kernel": false}}
{"target": 42.33945569557683, "params": {"C": 37.49468453468814, "epsilon": 4.915005333511841, "tau": 33.461225815612465, "kronecker_kernel": false}}
{"target": 40.98581712941085, "params": {"C": 54.08324724749199, "epsilon": 10.409351898581425, "tau": 1702.8675406105951, "kronecker_kernel": false}}
{"target": 40.513336625823186, "params": {"C": 49.498577911952374, "epsilon": 17.265922839269578, "tau": 1637.3153392091972, "kronecker_kernel": false}}
{"target": 43.80537616921, "params": {"C": 99.1185738745219, "epsilon": 29.495068860407017, "tau": 1057.982329922712, "kronecker_kernel": false}}
{"target": 42.21921413555101, "params": {"C": 83.25701841606119, "epsilon": 2.0832490265422035, "tau": 641.8514915756556, "kronecker_kernel": false}}
{"target": 41.41640891784889, "params": {"C": 65.30657987271152, "epsilon": 3.9390685435732955, "tau": 1935.2322546342934, "kronecker_kernel": false}}
{"target": 40.81925190804908, "params": {"C": 44.30874892469881, "epsilon": 12.140837803614982, "tau": 1775.35954378157, "kronecker_kernel": false}}
{"target": 40.45573509273541, "params": {"C": 47.8536917630091, "epsilon": 6.762817799863342, "tau": 1991.9145970127327, "kronecker_kernel": false}}
{"target": 40.97682587210268, "params": {"C": 44.346081675698876, "epsilon": 9.17161985183288, "tau": 1921.4512879089432, "kronecker_kernel": false}}
{"target": 41.18730310540172, "params": {"C": 58.5101153624244, "epsilon": 9.099661734656017, "tau": 1833.0692837559552, "kronecker_kernel": false}}
{"target": 40.515112120003934, "params": {"C": 52.958775336232065, "epsilon": 8.810715294299117, "tau": 1862.1606575783746, "kronecker_kernel": false}}
{"target": 40.53709515454746, "params": {"C": 52.03863629104999, "epsilon": 8.23127911318631, "tau": 1790.6594120156929, "kronecker_kernel": false}}
{"target": 41.27117511453978, "params": {"C": 55.24281520242446, "epsilon": 11.803218598587726, "tau": 1606.7403854752754, "kronecker_kernel": false}}
{"target": 41.447467038266154, "params": {"C": 66.51743586097938, "epsilon": 6.069675764489256, "tau": 1989.89547800818, "kronecker_kernel": false}}
{"target": 41.42452520708001, "params": {"C": 54.69879406758732, "epsilon": 12.339133978662666, "tau": 1447.5126782281268, "kronecker_kernel": false}}
{"target": 42.342651296559744, "params": {"C": 66.29022623723041, "epsilon": 15.457332548552731, "tau": 1333.8000570422732, "kronecker_kernel": false}}
{"target": 42.00298126922972, "params": {"C": 68.26586693654367, "epsilon": 5.090393093823477, "tau": 1472.5564573883696, "kronecker_kernel": false}}
{"target": 40.41095736066214, "params": {"C": 44.12618452586805, "epsilon": 10.993026024737649, "tau": 1609.2985899889231, "kronecker_kernel": false}}
{"target": 41.058867649231004, "params": {"C": 43.194798377143336, "epsilon": 10.624500297252707, "tau": 1973.6877948893382, "kronecker_kernel": false}}
{"target": 40.38773484337171, "params": {"C": 44.60925678014106, "epsilon": 8.62834780180129, "tau": 1666.355450517887, "kronecker_kernel": false}}
{"target": 41.40045828544277, "params": {"C": 31.63976582405845, "epsilon": 8.166429685909115, "tau": 1949.2632346812588, "kronecker_kernel": false}}
{"target": 41.118443001745824, "params": {"C": 39.775143099844, "epsilon": 9.310295733970152, "tau": 1991.945300670406, "kronecker_kernel": false}}
{"target": 42.00149635882858, "params": {"C": 24.182003674001226, "epsilon": 4.9861435460973755, "tau": 1998.5338577172831, "kronecker_kernel": false}}
{"target": 40.612397614910414, "params": {"C": 49.782377146767324, "epsilon": 14.197592809790862, "tau": 1990.7043796731605, "kronecker_kernel": false}}
{"target": 40.26896502892308, "params": {"C": 47.4907425073193, "epsilon": 7.750065748498395, "tau": 1786.9806663439035, "kronecker_kernel": false}}
{"target": 41.6911746341438, "params": {"C": 42.849812915059886, "epsilon": 22.861224582236, "tau": 900.2645152397616, "kronecker_kernel": false}}
{"target": 42.683344898101396, "params": {"C": 48.77138139259141, "epsilon": 20.73952071930003, "tau": 638.0104183919758, "kronecker_kernel": false}}
{"target": 41.00276758212492, "params": {"C": 56.09353163790286, "epsilon": 6.36306445081429, "tau": 1814.190297138055, "kronecker_kernel": false}}
{"target": 41.550130333076474, "params": {"C": 63.59856184527908, "epsilon": 6.192284490003598, "tau": 1720.050984946374, "kronecker_kernel": false}}
{"target": 40.40888841774402, "params": {"C": 38.57320492718086, "epsilon": 16.706712093665104, "tau": 1075.5589241768425, "kronecker_kernel": false}}
{"target": 40.34238339045725, "params": {"C": 47.92008708416927, "epsilon": 3.370403998809617, "tau": 1805.8847771192327, "kronecker_kernel": false}}
{"target": 40.65189566496685, "params": {"C": 55.53858985006032, "epsilon": 6.425541758720799, "tau": 1993.329062634795, "kronecker_kernel": false}}
{"target": 41.18254071754647, "params": {"C": 45.76769130361527, "epsilon": 8.632663073172942, "tau": 1121.52742910271, "kronecker_kernel": false}}
{"target": 40.30709192008153, "params": {"C": 47.75850168236758, "epsilon": 6.450964120871362, "tau": 1779.0709409573499, "kronecker_kernel": false}}
{"target": 40.931415822918574, "params": {"C": 58.177044460609, "epsilon": 7.978086768905563, "tau": 1999.825571418681, "kronecker_kernel": false}}
{"target": 40.65462872961615, "params": {"C": 43.941609467294455, "epsilon": 7.707183657133459, "tau": 1714.6705491038108, "kronecker_kernel": false}}
{"target": 40.40584936078396, "params": {"C": 44.59137101692077, "epsilon": 6.867558283275199, "tau": 1421.463626062038, "kronecker_kernel": false}}
{"target": 41.03308462829477, "params": {"C": 51.25523943981424, "epsilon": 0.6429013183985539, "tau": 1509.914254350712, "kronecker_kernel": false}}
{"target": 40.36280596157876, "params": {"C": 46.1066258456406, "epsilon": 4.1875466758697675, "tau": 1774.1327975004058, "kronecker_kernel": false}}
{"target": 40.9205328574722, "params": {"C": 35.78207341963345, "epsilon": 2.5132758336861185, "tau": 1741.1783742212083, "kronecker_kernel": false}}
{"target": 40.97426078430611, "params": {"C": 40.572731416034, "epsilon": 4.5195897531142055, "tau": 1686.9168212859631, "kronecker_kernel": false}}
{"target": 40.519378459845576, "params": {"C": 44.86530174983574, "epsilon": 9.55742494023076, "tau": 1755.2008030843783, "kronecker_kernel": false}}
{"target": 41.924467979161825, "params": {"C": 19.32529746622436, "epsilon": 4.850238494935761, "tau": 1214.2496074748042, "kronecker_kernel": false}}
{"target": 41.573718361385524, "params": {"C": 26.336526574861114, "epsilon": 9.234867602345213, "tau": 1669.1392440995894, "kronecker_kernel": false}}
{"target": 40.41697460350166, "params": {"C": 53.34479504134672, "epsilon": 11.375422406634796, "tau": 1973.1892913134614, "kronecker_kernel": false}}
{"target": 41.15217819633396, "params": {"C": 55.27828080651039, "epsilon": 11.179489673988915, "tau": 1684.859809126041, "kronecker_kernel": false}}
{"target": 42.07246913780445, "params": {"C": 22.581735745544655, "epsilon": 9.681486623804354, "tau": 1571.9795488990098, "kronecker_kernel": false}}
{"target": 41.133850796510615, "params": {"C": 55.36948583496546, "epsilon": 11.35795084959547, "tau": 1706.355610940996, "kronecker_kernel": false}}
{"target": 42.37828942473326, "params": {"C": 73.60328350332617, "epsilon": 21.07665108913551, "tau": 1783.966031838794, "kronecker_kernel": false}}
{"target": 40.36541616108645, "params": {"C": 42.875982844070755, "epsilon": 4.645800490847724, "tau": 1378.8228881204543, "kronecker_kernel": false}}
{"target": 41.27549066877844, "params": {"C": 40.05030777143037, "epsilon": 14.694805476856288, "tau": 1656.2039092756681, "kronecker_kernel": false}}
{"target": 40.97829268843235, "params": {"C": 46.22638588605359, "epsilon": 4.766154428648955, "tau": 1246.6091815309428, "kronecker_kernel": false}}
{"target": 40.932200761869176, "params": {"C": 49.41234898995924, "epsilon": 3.378860279223542, "tau": 1456.6465519859962, "kronecker_kernel": false}}
{"target": 41.15732200977575, "params": {"C": 38.389891824609165, "epsilon": 8.063391780116627, "tau": 1989.4163918990967, "kronecker_kernel": false}}
{"target": 40.558165052119115, "params": {"C": 43.97423570500328, "epsilon": 8.475392915983933, "tau": 1692.6047545737583, "kronecker_kernel": false}}
{"target": 40.82180819311079, "params": {"C": 52.0557374086183, "epsilon": 5.497513093824249, "tau": 1663.3368113339488, "kronecker_kernel": false}}
{"target": 41.108592621269004, "params": {"C": 55.12728574824577, "epsilon": 7.079641891188458, "tau": 1677.1514455213194, "kronecker_kernel": false}}
{"target": 41.299401396864646, "params": {"C": 52.82963929117453, "epsilon": 6.774916849628051, "tau": 1372.7369210152572, "kronecker_kernel": false}}
{"target": 42.213886865694505, "params": {"C": 56.3804342808682, "epsilon": 1.9846072121486422, "tau": 349.61922502967263, "kronecker_kernel": false}}
{"target": 40.264732236202846, "params": {"C": 49.45245064829426, "epsilon": 8.901996839309916, "tau": 1960.8085478981232, "kronecker_kernel": false}}
{"target": 41.93149351068497, "params": {"C": 66.15614349788592, "epsilon": 9.725214165373096, "tau": 1581.042128154862, "kronecker_kernel": false}}
{"target": 42.14728758032608, "params": {"C": 76.1481158924466, "epsilon": 8.701000398592805, "tau": 1767.8497024362475, "kronecker_kernel": false}}
{"target": 42.123783152142366, "params": {"C": 75.63529023683563, "epsilon": 8.103992617914942, "tau": 1745.4119992241622, "kronecker_kernel": false}}
{"target": 41.07533478219972, "params": {"C": 43.59020969034266, "epsilon": 9.567270745246885, "tau": 1904.6272969099857, "kronecker_kernel": false}}
{"target": 40.43380218573291, "params": {"C": 53.92442852605941, "epsilon": 11.729879300446322, "tau": 1988.098377024919, "kronecker_kernel": false}}
{"target": 41.06625225298258, "params": {"C": 43.736387660110196, "epsilon": 11.973248358178544, "tau": 1961.0122773781957, "kronecker_kernel": false}}
{"target": 40.49690056710913, "params": {"C": 54.72635210563161, "epsilon": 11.418946650906244, "tau": 1985.2996727014759, "kronecker_kernel": false}}
{"target": 40.35398223816714, "params": {"C": 48.139166367694756, "epsilon": 8.113316500642746, "tau": 1906.2375796290382, "kronecker_kernel": false}}
{"target": 40.55112927400167, "params": {"C": 54.36513336457057, "epsilon": 4.770877956787371, "tau": 1981.724661352553, "kronecker_kernel": false}}
{"target": 41.24981787871337, "params": {"C": 58.238787319005, "epsilon": 9.077542834888307, "tau": 1751.7329046139828, "kronecker_kernel": false}}
{"target": 41.0573133394842, "params": {"C": 44.546621870819365, "epsilon": 10.32904895384864, "tau": 1987.5716492157185, "kronecker_kernel": false}}
{"target": 40.417276850525255, "params": {"C": 52.78784361163152, "epsilon": 6.100915553258152, "tau": 1994.9640702031297, "kronecker_kernel": false}}
{"target": 41.46627351221855, "params": {"C": 30.69385060779312, "epsilon": 10.406668616649117, "tau": 1750.5808964699963, "kronecker_kernel": false}}
{"target": 50.82763414866871, "params": {"C": 10.501290779515848, "epsilon": 24.894304546593354, "tau": 1556.2783681540932, "kronecker_kernel": false}}
