{"target": 40.86990969742751, "params": {"C": 47.079223351392805, "epsilon": 9.796590902730937, "tau": 1335.8855405901493, "kronecker_kernel": false}}
{"target": 40.328819979318354, "params": {"C": 40.2141285251291, "epsilon": 12.167343712062348, "tau": 1162.531099352619, "kronecker_kernel": false}}
{"target": 40.67214738559951, "params": {"C": 48.74161412523668, "epsilon": 12.388260969976285, "tau": 1998.3308592481044, "kronecker_kernel": false}}
{"target": 40.83009451829518, "params": {"C": 45.220263185213646, "epsilon": 12.668014061904742, "tau": 1786.9188968508067, "kronecker_kernel": false}}
{"target": 45.21821884870655, "params": {"C": 12.033041431318459, "epsilon": 11.954020586793053, "tau": 1118.6903441195316, "kronecker_kernel": false}}
{"target": 41.09304759090811, "params": {"C": 43.80272765253759, "epsilon": 12.926966327345518, "tau": 1990.3510085719001, "kronecker_kernel": false}}
{"target": 40.4150147298189, "params": {"C": 44.75028231189877, "epsilon": 12.069344163053117, "tau": 1617.2112748502286, "kronecker_kernel": false}}
{"target": 40.33061912383827, "params": {"C": 51.8470655556626, "epsilon": 7.1898733970983955, "tau": 1991.515144515152, "kronecker_kernel": false}}
{"target": 41.10328252863842, "params": {"C": 53.879027404872474, "epsilon": 24.003559960179945, "tau": 1915.5138627807833, "kronecker_kernel": false}}
{"target": 40.80503763295446, "params": {"C": 53.135298771827195, "epsilon": 11.838228828405406, "tau": 1739.4940789104915, "kronecker_kernel": false}}
{"target": 42.005059249729385, "params": {"C": 64.41177097541042, "epsilon": 9.07225883636677, "tau": 1424.6088523745866, "kronecker_kernel": false}}
{"target": 43.696260918782386, "params": {"C": 66.92102983754347, "epsilon": 27.31268484979675, "tau": 380.6079958924429, "kronecker_kernel": false}}
{"target": 42.56877328631725, "params": {"C": 94.99704588769495, "epsilon": 9.223396261110153, "tau": 86.54078454497198, "kronecker_kernel": false}}
{"target": 41.623293014264476, "params": {"C": 60.693825933401236, "epsilon": 9.444983835494307, "tau": 1558.4484619723091, "kronecker_kernel": false}}
{"target": 41.4919945676039, "params": {"C": 24.859913998045123, "epsilon": 10.13150677044586, "tau": 1349.1996827932985, "kronecker_kernel": false}}
{"target": 41.472340505513756, "params": {"C": 62.31584767299844, "epsilon": 10.157204753888543, "tau": 1777.6345771638448, "kronecker_kernel": false}}
{"target": 42.197862203516735, "params": {"C": 75.90560975023449, "epsilon": 12.00909934942192, "tau": 1822.6904298079771, "kronecker_kernel": false}}
{"target": 40.89478273408537, "params": {"C": 41.82655539600345, "epsilon": 8.53908696151434, "tau": 1666.6752474250973, "kronecker_kernel": false}}
{"target": 41.192999719983604, "params": {"C": 35.45612830069945, "epsilon": 9.629459175709213, "tau": 1667.9226646386728, "kronecker_kernel": false}}
{"target": 40.375478886921904, "params": {"C": 45.8266598491339, "epsilon": 6.7324238931632685, "tau": 1757.072876504767, "kronecker_kernel": false}}
{"target": 40.39193883483661, "params": {"C": 26.401557973493023, "epsilon": 8.502803535258536, "tau": 493.63678877366016, "kronecker_kernel": false}}
{"target": 41.00664521342784, "params": {"C": 50.81612233610244, "epsilon": 5.059458063065441, "tau": 1485.1696626237613, "kronecker_kernel": false}}
{"target": 40.443402523450374, "params": {"C": 50.55154609044977, "epsilon": 9.133138768144631, "tau": 1747.5579235538046, "kronecker_kernel": false}}
{"target": 41.456004508626265, "params": {"C": 60.23707637928422, "epsilon": 15.452205641693084, "tau": 1786.5306686321899, "kronecker_kernel": false}}
{"target": 41.065227273558605, "params": {"C": 56.63633600692313, "epsilon": 9.023096946680313, "tau": 1811.6616743747975, "kronecker_kernel": false}}
{"target": 42.55648574885061, "params": {"C": 63.76388039692476, "epsilon": 8.973328786634127, "tau": 233.80399764703702, "kronecker_kernel": false}}
{"target": 40.258782774167614, "params": {"C": 49.83326191559267, "epsilon": 9.774505598546355, "tau": 1968.8580014376005, "kronecker_kernel": false}}
{"target": 41.23969554229539, "params": {"C": 58.632910428592844, "epsilon": 8.34442592585407, "tau": 1774.606009427169, "kronecker_kernel": false}}
{"target": 43.1887025564133, "params": {"C": 99.6727780509589, "epsilon": 20.467193570821856, "tau": 692.6218233431504, "kronecker_kernel": false}}
{"target": 41.17849265108932, "params": {"C": 60.20700535506262, "epsilon": 11.88249321251448, "tau": 1991.455454299992, "kronecker_kernel": false}}
{"target": 41.813764666897704, "params": {"C": 71.79600349845458, "epsilon": 10.971875456916678, "tau": 1990.8059938381289, "kronecker_kernel": false}}
{"target": 41.16715408159588, "params": {"C": 60.565070844953084, "epsilon": 8.434001204996449, "tau": 1976.9685586652163, "kronecker_kernel": false}}
{"target": 40.655154207847076, "params": {"C": 55.937106718505774, "epsilon": 10.66505990842069, "tau": 1997.569595846942, "kronecker_kernel": false}}
{"target": 40.299159769839534, "params": {"C": 50.02230141766164, "epsilon": 10.158426636222082, "tau": 1911.5319019878002, "kronecker_kernel": false}}
{"target": 40.94215366155102, "params": {"C": 57.09926954649363, "epsilon": 11.227125426373316, "tau": 1921.482412907427, "kronecker_kernel": false}}
{"target": 40.43054523934379, "params": {"C": 50.741043031398576, "epsilon": 12.655222445203652, "tau": 1987.7354253890674, "kronecker_kernel": false}}
{"target": 40.37400651003712, "params": {"C": 47.34488371974256, "epsilon": 9.850577934923395, "tau": 1867.2874290315428, "kronecker_kernel": false}}
{"target": 42.35898986068715, "params": {"C": 93.91262159331976, "epsilon": 5.461874809445565, "tau": 1027.6030662350329, "kronecker_kernel": false}}
{"target": 40.942609625801595, "params": {"C": 43.347737090689726, "epsilon": 8.374921597482778, "tau": 1842.2642700608578, "kronecker_kernel": false}}
{"target": 41.178400350097846, "params": {"C": 37.25683570870213, "epsilon": 13.526153704332602, "tau": 1977.1670460417215, "kronecker_kernel": false}}
{"target": 40.82845373379692, "params": {"C": 43.71467358127073, "epsilon": 9.522901431539973, "tau": 1777.2727194501158, "kronecker_kernel": false}}
{"target": 41.75257459378309, "params": {"C": 27.00780030676852, "epsilon": 9.510567507320273, "tau": 1962.0601806939787, "kronecker_kernel": false}}
{"target": 40.76574044116917, "params": {"C": 56.63398167538496, "epsilon": 7.127537190427999, "tau": 1998.3570632820547, "kronecker_kernel": false}}
{"target": 40.70400054705955, "params": {"C": 48.30036142213213, "epsilon": 11.734672899195605, "tau": 1997.9687043302733, "kronecker_kernel": false}}
{"target": 40.48822351397241, "params": {"C": 50.42162572278435, "epsilon": 11.725353207990498, "tau": 1688.531619117964, "kronecker_kernel": false}}
{"target": 40.604674704509414, "params": {"C": 47.233752388209325, "epsilon": 9.803102301788657, "tau": 1987.16021488192, "kronecker_kernel": false}}
{"target": 40.89006364742831, "params": {"C": 44.548412132694956, "epsilon": 13.847989301160089, "tau": 1674.2364275385735, "kronecker_kernel": false}}
{"target": 41.785068076854486, "params": {"C": 61.9396591580111, "epsilon": 15.44765752466121, "tau": 1576.025091423827, "kronecker_kernel": false}}
{"target": 41.376551754854965, "params": {"C": 33.68832378284773, "epsilon": 8.371765571704794, "tau": 1908.7016919402395, "kronecker_kernel": false}}
{"target": 41.18257334220185, "params": {"C": 43.35960675996157, "epsilon": 16.401313149642633, "tau": 1707.6357712062277, "kronecker_kernel": false}}
{"target": 41.15836137390455, "params": {"C": 57.77641278368461, "epsilon": 3.8563910603018288, "tau": 1772.8850332454178, "kronecker_kernel": false}}
{"target": 40.722537722763455, "params": {"C": 54.47919946021426, "epsilon": 17.2208510818857, "tau": 1854.213135229262, "kronecker_kernel": false}}
{"target": 40.915353072334334, "params": {"C": 45.44743066942016, "epsilon": 9.503769675431966, "tau": 1998.121672005632, "kronecker_kernel": false}}
{"target": 42.03933795618576, "params": {"C": 71.74490369902531, "epsilon": 7.434928227562683, "tau": 1660.0939259740003, "kronecker_kernel": false}}
{"target": 41.61371222107065, "params": {"C": 63.91380478631446, "epsilon": 8.595874724058017, "tau": 1720.3963128920152, "kronecker_kernel": false}}
{"target": 40.2953490451195, "params": {"C": 49.05064909789179, "epsilon": 6.226036865069119, "tau": 1905.9103497130716, "kronecker_kernel": false}}
{"target": 41.09352830180857, "params": {"C": 37.771444746493245, "epsilon": 12.920454116442329, "tau": 1445.0613564391408, "kronecker_kernel": false}}
{"target": 40.31144866018107, "params": {"C": 50.37808976579169, "epsilon": 5.51059732659562, "tau": 1991.1095324881253, "kronecker_kernel": false}}
{"target": 40.668411296022114, "params": {"C": 52.297682950412856, "epsilon": 5.940400837003641, "tau": 1764.1058656052396, "kronecker_kernel": false}}
{"target": 41.585460423468234, "params": {"C": 69.84332137629202, "epsilon": 2.9950092171008817, "tau": 1996.7980042169982, "kronecker_kernel": false}}
{"target": 41.004778967273225, "params": {"C": 57.902573020338096, "epsilon": 0.45014210389881537, "tau": 1953.605477162117, "kronecker_kernel": false}}
{"target": 40.47240224974164, "params": {"C": 50.67119622559449, "epsilon": 4.011937658299604, "tau": 1823.4802354950757, "kronecker_kernel": false}}
{"target": 41.27302880246017, "params": {"C": 37.261261793679196, "epsilon": 7.291132785862564, "tau": 1992.7293390451732, "kronecker_kernel": false}}
{"target": 41.42947954839879, "params": {"C": 32.232081540307476, "epsilon": 6.7157147053403214, "tau": 1982.3859123400516, "kronecker_kernel": false}}
{"target": 40.97982724233346, "params": {"C": 56.153560279698375, "epsilon": 4.849638348099878, "tau": 1837.8401795940115, "kronecker_kernel": false}}
{"target": 40.688884516726304, "params": {"C": 46.430066125782325, "epsilon": 6.346472344635504, "tau": 1972.524711528996, "kronecker_kernel": false}}
{"target": 40.58461626412218, "params": {"C": 46.58669970317802, "epsilon": 5.462296124218772, "tau": 1949.9642134734595, "kronecker_kernel": false}}
{"target": 41.17498642297672, "params": {"C": 58.06499900009576, "epsilon": 5.625673750467645, "tau": 1781.449560804379, "kronecker_kernel": false}}
{"target": 40.869508759381496, "params": {"C": 45.046595719614245, "epsilon": 5.635299459974933, "tau": 1925.479038023549, "kronecker_kernel": false}}
{"target": 41.06776680043792, "params": {"C": 40.79190662395643, "epsilon": 7.117944381683368, "tau": 1777.7263723922053, "kronecker_kernel": false}}
{"target": 40.306749758767175, "params": {"C": 50.03264098854271, "epsilon": 6.264660177397893, "tau": 1959.3688838987855, "kronecker_kernel": false}}
{"target": 41.29521079536622, "params": {"C": 59.656614105145636, "epsilon": 6.413005052083108, "tau": 1749.4181006130932, "kronecker_kernel": false}}
{"target": 43.220662954165974, "params": {"C": 97.6300162083619, "epsilon": 23.443031035638008, "tau": 1540.9700231588076, "kronecker_kernel": false}}
{"target": 41.1501799883521, "params": {"C": 60.764515731281854, "epsilon": 5.180424087039406, "tau": 1980.5908247124112, "kronecker_kernel": false}}
{"target": 41.64404175607767, "params": {"C": 66.48495605926746, "epsilon": 6.178146945959087, "tau": 1777.3574120959902, "kronecker_kernel": false}}
{"target": 41.39146647178387, "params": {"C": 64.5292907201833, "epsilon": 7.990424426293121, "tau": 1957.0808947757541, "kronecker_kernel": false}}
{"target": 40.535706156941465, "params": {"C": 50.9309257153637, "epsilon": 7.910751299465268, "tau": 1717.7835920128323, "kronecker_kernel": false}}
{"target": 41.24393588267395, "params": {"C": 36.366496623334726, "epsilon": 10.452819133256652, "tau": 1997.360422980694, "kronecker_kernel": false}}
{"target": 40.8733824364163, "params": {"C": 54.97639172131977, "epsilon": 9.084438417794876, "tau": 1818.5657209156877, "kronecker_kernel": false}}
{"target": 41.139468940324875, "params": {"C": 55.76121555263478, "epsilon": 11.719385041617212, "tau": 1731.793990883426, "kronecker_kernel": false}}
{"target": 40.996913502415936, "params": {"C": 37.69444597522348, "epsilon": 3.2740328816799344, "tau": 1783.7193445926491, "kronecker_kernel": false}}
{"target": 40.47225067519133, "params": {"C": 53.46610429211896, "epsilon": 17.534165930421487, "tau": 1985.5649318326568, "kronecker_kernel": false}}
{"target": 40.376533164572486, "params": {"C": 51.46883125977387, "epsilon": 16.04514886890485, "tau": 1951.7005463092696, "kronecker_kernel": false}}
{"target": 40.27823708321581, "params": {"C": 50.73860217427961, "epsilon": 9.846223624210479, "tau": 1982.876171677979, "kronecker_kernel": false}}
{"target": 41.03822964602515, "params": {"C": 40.44572727352024, "epsilon": 4.4551728275547475, "tau": 1765.8204919920606, "kronecker_kernel": false}}
{"target": 40.27712188358678, "params": {"C": 46.44773583064346, "epsilon": 7.596111071780028, "tau": 1735.5649096462864, "kronecker_kernel": false}}
{"target": 40.27860352442089, "params": {"C": 49.69250364435448, "epsilon": 7.022228407708338, "tau": 1978.4103868295288, "kronecker_kernel": false}}
{"target": 40.30120957284409, "params": {"C": 51.861617126224, "epsilon": 8.463738732612658, "tau": 1979.5029983658799, "kronecker_kernel": false}}
{"target": 40.40239891091734, "params": {"C": 51.13557651597598, "epsilon": 12.366323155247484, "tau": 1991.6564152353337, "kronecker_kernel": false}}
{"target": 41.023981409619076, "params": {"C": 42.285804260896654, "epsilon": 12.169372040902795, "tau": 1785.1951048866217, "kronecker_kernel": false}}
{"target": 41.18343971044485, "params": {"C": 43.04656622494817, "epsilon": 13.772193511083717, "tau": 1995.0429852191987, "kronecker_kernel": false}}
{"target": 41.777387435918016, "params": {"C": 68.89460624681014, "epsilon": 13.897493456054384, "tau": 1926.5894276103086, "kronecker_kernel": false}}
{"target": 40.31488653671929, "params": {"C": 50.9922430487631, "epsilon": 6.794235683517863, "tau": 1998.7633654299054, "kronecker_kernel": false}}
{"target": 41.85626353580834, "params": {"C": 73.31630045608446, "epsilon": 7.5613459135606345, "tau": 1962.0121506927524, "kronecker_kernel": false}}
{"target": 41.04474191541135, "params": {"C": 58.731630311207795, "epsilon": 10.14559615971929, "tau": 1972.0003587305775, "kronecker_kernel": false}}
{"target": 41.265095634939556, "params": {"C": 62.54706971231215, "epsilon": 8.32191839289138, "tau": 1988.9387781444836, "kronecker_kernel": false}}
{"target": 41.408526756035805, "params": {"C": 31.177172110799393, "epsilon": 5.852587970830168, "tau": 1721.6125568254665, "kronecker_kernel": false}}
{"target": 41.24125645681264, "params": {"C": 34.28872395229492, "epsilon": 9.404998769870243, "tau": 1785.4269075071386, "kronecker_kernel": false}}
{"target": 42.94366647281693, "params": {"C": 26.380261029338538, "epsilon": 16.578833657714696, "tau": 25.713689770657083, "kronecker_kernel": false}}
{"target": 41.139136534520496, "params": {"C": 35.41986263134423, "epsilon": 10.99023134414526, "tau": 1743.4456832107758, "kronecker_kernel": false}}
{"target": 40.34608626892779, "params": {"C": 46.71120149035837, "epsilon": 10.96697830154092, "tau": 1764.1051026192622, "kronecker_kernel": false}}
{"target": 40.439388025246956, "params": {"C": 53.75752960150251, "epsilon": 9.469020023340926, "tau": 1980.5507495870506, "kronecker_kernel": false}}
{"target": 40.32783073821041, "params": {"C": 52.4579732252253, "epsilon": 12.379747218769436, "tau": 1993.376532697829, "kronecker_kernel": false}}
{"target": 41.08280880440536, "params": {"C": 40.73459380544111, "epsilon": 9.538125005976415, "tau": 1954.3024032450166, "kronecker_kernel": false}}
{"target": 40.44333619164206, "params": {"C": 53.43459550848113, "epsilon": 8.092862394936809, "tau": 1981.573197253436, "kronecker_kernel": false}}
{"target": 40.5034966389841, "params": {"C": 44.40671217219829, "epsilon": 9.015702618020715, "tau": 1709.0146336305534, "kronecker_kernel": false}}
{"target": 41.093018355258415, "params": {"C": 40.238229747061936, "epsilon": 8.782288636597826, "tau": 1852.8662135607399, "kronecker_kernel": false}}
{"target": 40.3691455435307, "params": {"C": 45.00679601406843, "epsilon": 8.605602790501319, "tau": 1684.2675522563393, "kronecker_kernel": false}}
{"target": 42.55102805505093, "params": {"C": 875.9159396049931, "epsilon": 8.862777218719915, "tau": 2951.0418737248456, "kronecker_kernel": false}}
{"target": 42.644067756975645, "params": {"C": 145.0731589665688, "epsilon": 13.138605406174129, "tau": 3462.4188587643566, "kronecker_kernel": false}}
{"target": 43.5600168643009, "params": {"C": 238.04867887140307, "epsilon": 25.251143466903102, "tau": 3887.7631028433443, "kronecker_kernel": false}}
{"target": 42.44798368813194, "params": {"C": 587.74547691068, "epsilon": 6.89256079047397, "tau": 3711.125336490786, "kronecker_kernel": false}}
{"target": 43.020406869850305, "params": {"C": 802.2866948685138, "epsilon": 17.902767581875494, "tau": 2444.5227658717167, "kronecker_kernel": false}}
{"target": 42.569218474405986, "params": {"C": 480.12600831221704, "epsilon": 9.232464028436024, "tau": 3923.531919960218, "kronecker_kernel": false}}
{"target": 43.37489648559173, "params": {"C": 864.9399724697159, "epsilon": 22.9226195231236, "tau": 3177.285986724826, "kronecker_kernel": false}}
{"target": 42.904414490473926, "params": {"C": 896.2701781739332, "epsilon": 15.866760207392442, "tau": 4292.604092655649, "kronecker_kernel": false}}
{"target": 42.232340185235536, "params": {"C": 635.501164800229, "epsilon": 2.3992234262162015, "tau": 3426.522119810046, "kronecker_kernel": false}}
{"target": 41.9063301132328, "params": {"C": 37.728155003571004, "epsilon": 15.547964681294431, "tau": 2976.5641952799315, "kronecker_kernel": false}}
{"target": 50.350993279984, "params": {"C": 17.175914462260256, "epsilon": 8.809283699738305, "tau": 4414.206351581593, "kronecker_kernel": false}}
{"target": 42.64413680663925, "params": {"C": 817.1377447091414, "epsilon": 10.76257535382129, "tau": 2830.756394201739, "kronecker_kernel": false}}
{"target": 43.0740958837566, "params": {"C": 219.16006137099296, "epsilon": 19.14638589775038, "tau": 4754.600380206384, "kronecker_kernel": false}}
{"target": 43.76323553325121, "params": {"C": 696.1334754213494, "epsilon": 27.794550319910652, "tau": 2973.203079676726, "kronecker_kernel": false}}
{"target": 43.126744209661766, "params": {"C": 538.1397513692034, "epsilon": 19.554431746959036, "tau": 2699.433237096155, "kronecker_kernel": false}}
{"target": 42.998449224404126, "params": {"C": 886.6954181684333, "epsilon": 17.52369573626202, "tau": 4885.970382671263, "kronecker_kernel": false}}
{"target": 42.562767949291995, "params": {"C": 808.0204168901208, "epsilon": 9.101093753317382, "tau": 3287.4427806362405, "kronecker_kernel": false}}
{"target": 42.83654834123904, "params": {"C": 264.4140422181733, "epsilon": 14.598707665258262, "tau": 3697.064675809701, "kronecker_kernel": false}}
{"target": 52.38457324245426, "params": {"C": 13.10808105432298, "epsilon": 21.671246784348817, "tau": 2830.182209718158, "kronecker_kernel": false}}
{"target": 41.41422998661268, "params": {"C": 84.56692280707114, "epsilon": 8.094900097177668, "tau": 3319.2615072081167, "kronecker_kernel": false}}
{"target": 42.77708923079753, "params": {"C": 440.3546962473356, "epsilon": 13.451308679407745, "tau": 3971.6572124776994, "kronecker_kernel": false}}
{"target": 42.99142975320661, "params": {"C": 649.9183523576464, "epsilon": 17.40379025412289, "tau": 2007.4807679967498, "kronecker_kernel": false}}
{"target": 41.70203325065224, "params": {"C": 87.30110597202722, "epsilon": 2.385586370659144, "tau": 2916.4251422801613, "kronecker_kernel": false}}
{"target": 43.519683240930895, "params": {"C": 760.7141660139554, "epsilon": 24.73702480056932, "tau": 4362.022248226718, "kronecker_kernel": false}}
{"target": 40.401360955297676, "params": {"C": 73.63021003309841, "epsilon": 6.769468344469651, "tau": 4585.819998609708, "kronecker_kernel": false}}
{"target": 42.31552069687474, "params": {"C": 36.91522630895754, "epsilon": 17.528580262229962, "tau": 3249.780068119664, "kronecker_kernel": false}}
{"target": 42.87618690494564, "params": {"C": 484.3538373936279, "epsilon": 15.353581556086777, "tau": 3185.340917026001, "kronecker_kernel": false}}
{"target": 42.23223625244178, "params": {"C": 666.7320867472594, "epsilon": 2.3795181237167697, "tau": 3618.476845219759, "kronecker_kernel": false}}
{"target": 42.962530051019414, "params": {"C": 900.8468657351292, "epsilon": 16.909326997045877, "tau": 2795.816133921646, "kronecker_kernel": false}}
{"target": 43.64668188837183, "params": {"C": 127.28831519485209, "epsilon": 29.225376118134665, "tau": 2676.380424436363, "kronecker_kernel": false}}
{"target": 43.72356413541817, "params": {"C": 758.7389336661452, "epsilon": 27.294515761025867, "tau": 4656.424473784002, "kronecker_kernel": false}}
{"target": 42.339074439156434, "params": {"C": 840.6903856933542, "epsilon": 4.90720273884157, "tau": 4903.2893744471885, "kronecker_kernel": false}}
{"target": 43.37141757468439, "params": {"C": 934.3443587162197, "epsilon": 22.87958331249072, "tau": 4846.828734610665, "kronecker_kernel": false}}
{"target": 42.2409030871204, "params": {"C": 172.80122868750135, "epsilon": 2.60482807104799, "tau": 2677.143637983234, "kronecker_kernel": false}}
{"target": 62.683185559829454, "params": {"C": 10.664493409970362, "epsilon": 1.1360792474973673, "tau": 3111.936382496447, "kronecker_kernel": false}}
{"target": 42.132422298971235, "params": {"C": 124.46633229688929, "epsilon": 2.7180361587199684, "tau": 3413.823841137809, "kronecker_kernel": false}}
{"target": 42.634148794657605, "params": {"C": 23.51099385723971, "epsilon": 0.21827967124984582, "tau": 2875.6538055997116, "kronecker_kernel": false}}
{"target": 40.56524898149341, "params": {"C": 70.01162059922753, "epsilon": 0.195843198617081, "tau": 3393.3877965179845, "kronecker_kernel": false}}
