{"target": 41.56194449366269, "params": {"C": 59.32784448830662, "epsilon": 6.942180728854047, "tau": 1497.1072358048193, "kronecker_kernel": false}}
{"target": 41.06649636134928, "params": {"C": 43.13964783852658, "epsilon": 9.10055413019287, "tau": 1970.9486817456864, "kronecker_kernel": false}}
{"target": 41.3629044824906, "params": {"C": 63.37584771150618, "epsilon": 10.88061745650838, "tau": 1980.3605700206115, "kronecker_kernel": false}}
{"target": 41.607422902537394, "params": {"C": 58.385719818522794, "epsilon": 7.156638157949486, "tau": 1414.1493509556576, "kronecker_kernel": false}}
{"target": 41.15954116666131, "params": {"C": 60.350314272341876, "epsilon": 9.934924741815836, "tau": 1984.9062320067221, "kronecker_kernel": false}}
{"target": 40.86863154023557, "params": {"C": 46.08028716883006, "epsilon": 7.972235494817887, "tau": 1982.5815988373054, "kronecker_kernel": false}}
{"target": 40.697804063281765, "params": {"C": 55.9857653718468, "epsilon": 11.784927405162167, "tau": 1978.584342826166, "kronecker_kernel": false}}
{"target": 41.35571534464286, "params": {"C": 27.540906828969984, "epsilon": 1.3055760121353366, "tau": 1854.8989467433796, "kronecker_kernel": false}}
{"target": 41.24262943574793, "params": {"C": 36.45767968106428, "epsilon": 6.331356418036238, "tau": 1986.890257686945, "kronecker_kernel": false}}
{"target": 41.248620574829076, "params": {"C": 28.34762756233894, "epsilon": 4.055384302123498, "tau": 1412.5723288950971, "kronecker_kernel": false}}
{"target": 41.663080411896615, "params": {"C": 32.50870973370561, "epsilon": 11.372332327926728, "tau": 1991.64684339011, "kronecker_kernel": false}}
{"target": 42.65350746762097, "params": {"C": 84.02451819515576, "epsilon": 13.280171322308172, "tau": 1148.5381557555315, "kronecker_kernel": false}}
{"target": 40.436668781664515, "params": {"C": 48.775060694981306, "epsilon": 12.94073450324365, "tau": 1620.1146321283557, "kronecker_kernel": false}}
{"target": 43.79156174736811, "params": {"C": 22.82006578458143, "epsilon": 29.623145072482746, "tau": 1501.3753196499385, "kronecker_kernel": false}}
{"target": 40.536925459978235, "params": {"C": 47.9886355381805, "epsilon": 8.520493683362456, "tau": 1521.1572349242576, "kronecker_kernel": false}}
{"target": 40.5333885793955, "params": {"C": 42.108129672185186, "epsilon": 10.601901718548646, "tau": 1508.319733272328, "kronecker_kernel": false}}
{"target": 41.037811031389694, "params": {"C": 48.737166895014255, "epsilon": 7.792562995112712, "tau": 1353.138342555698, "kronecker_kernel": false}}
{"target": 40.77043502360725, "params": {"C": 48.07089467588844, "epsilon": 10.05387528378152, "tau": 1435.2492133119476, "kronecker_kernel": false}}
{"target": 41.15345207985074, "params": {"C": 34.277062003154526, "epsilon": 7.481177806662886, "tau": 1478.0887087289454, "kronecker_kernel": false}}
{"target": 40.84806011749872, "params": {"C": 49.557012607887366, "epsilon": 3.9630202872409286, "tau": 1504.9236178398985, "kronecker_kernel": false}}
{"target": 43.659643218176555, "params": {"C": 33.8636526557278, "epsilon": 26.490882484300492, "tau": 38.85042172427018, "kronecker_kernel": false}}
{"target": 41.764317771956186, "params": {"C": 67.23186923344504, "epsilon": 5.987018130586932, "tau": 1711.4425668815554, "kronecker_kernel": false}}
{"target": 40.80886365392615, "params": {"C": 53.38331804545558, "epsilon": 7.812396000361323, "tau": 1748.740907257214, "kronecker_kernel": false}}
{"target": 40.49928238262115, "params": {"C": 51.0933878282326, "epsilon": 7.8446469602164175, "tau": 1750.4021769273957, "kronecker_kernel": false}}
{"target": 40.46099916834691, "params": {"C": 50.06757313346077, "epsilon": 10.205209243378983, "tau": 1688.0542125598372, "kronecker_kernel": false}}
{"target": 40.88685803232791, "params": {"C": 53.927930273470224, "epsilon": 9.146091264566367, "tau": 1741.3444129883505, "kronecker_kernel": false}}
{"target": 40.46937782397106, "params": {"C": 46.89144853057244, "epsilon": 14.982641834754695, "tau": 1704.2016565306376, "kronecker_kernel": false}}
{"target": 41.01339105066258, "params": {"C": 44.00249042212512, "epsilon": 7.700782328444719, "tau": 1980.2778863559402, "kronecker_kernel": false}}
{"target": 41.074418535204, "params": {"C": 43.99370698393173, "epsilon": 8.910288975155687, "tau": 1992.0187564531195, "kronecker_kernel": false}}
{"target": 40.91852326766583, "params": {"C": 45.57647077444422, "epsilon": 13.70426505980732, "tau": 1768.2631541500925, "kronecker_kernel": false}}
{"target": 40.36059026030974, "params": {"C": 49.63960839962283, "epsilon": 11.205260642953085, "tau": 1988.529020283369, "kronecker_kernel": false}}
{"target": 41.92466293829741, "params": {"C": 59.24629696495781, "epsilon": 16.56291975287907, "tau": 1361.0688483690271, "kronecker_kernel": false}}
{"target": 40.32988521833737, "params": {"C": 47.089740705380635, "epsilon": 3.3583908445749904, "tau": 1782.3731584425182, "kronecker_kernel": false}}
{"target": 40.323739099770876, "params": {"C": 49.36706736668275, "epsilon": 3.49905766191108, "tau": 1989.8798097594984, "kronecker_kernel": false}}
{"target": 40.693414829927974, "params": {"C": 50.89388635178174, "epsilon": 4.700982778972684, "tau": 1669.9857120192419, "kronecker_kernel": false}}
{"target": 40.73332909960916, "params": {"C": 43.35078970770582, "epsilon": 2.1952663401873984, "tau": 1808.8579138723094, "kronecker_kernel": false}}
{"target": 41.174841516085976, "params": {"C": 56.275821791540096, "epsilon": 11.312265522980027, "tau": 1732.5938121066902, "kronecker_kernel": false}}
{"target": 41.63839762372588, "params": {"C": 32.30386306303376, "epsilon": 13.30640387172012, "tau": 1991.922098067377, "kronecker_kernel": false}}
{"target": 41.73093601334245, "params": {"C": 26.431154735745242, "epsilon": 11.56583619878845, "tau": 1535.7446080148343, "kronecker_kernel": false}}
{"target": 41.221209995296896, "params": {"C": 33.17795363543401, "epsilon": 6.060795809805143, "tau": 1647.9689802049697, "kronecker_kernel": false}}
{"target": 40.4187882622068, "params": {"C": 37.177388840976654, "epsilon": 7.553742598698665, "tau": 1170.2623122553578, "kronecker_kernel": false}}
{"target": 41.408292869271385, "params": {"C": 29.214290579417074, "epsilon": 4.6743194249117135, "tau": 1643.1048690761245, "kronecker_kernel": false}}
{"target": 40.500072954378915, "params": {"C": 47.847862542402076, "epsilon": 9.2665569589187, "tau": 1991.2048680015941, "kronecker_kernel": false}}
{"target": 41.8780829562211, "params": {"C": 64.59546654441293, "epsilon": 2.952067894511945, "tau": 1415.9956687579308, "kronecker_kernel": false}}
{"target": 41.77759642411013, "params": {"C": 63.61602086730997, "epsilon": 3.7796085042070056, "tau": 1496.9398752213526, "kronecker_kernel": false}}
{"target": 40.309536928293284, "params": {"C": 51.96076608766795, "epsilon": 8.104825843702539, "tau": 1990.1198388613348, "kronecker_kernel": false}}
{"target": 41.59402023263543, "params": {"C": 64.14580097805562, "epsilon": 9.148639704152641, "tau": 1762.4537612327779, "kronecker_kernel": false}}
{"target": 41.818820977644016, "params": {"C": 66.01380819773777, "epsilon": 13.65078686423292, "tau": 1723.4762919306709, "kronecker_kernel": false}}
{"target": 40.34049954051157, "params": {"C": 47.418565415619, "epsilon": 11.041647537157306, "tau": 1739.8652030859575, "kronecker_kernel": false}}
{"target": 41.17762526071576, "params": {"C": 61.19242697745044, "epsilon": 5.283281371935729, "tau": 1971.0814255835921, "kronecker_kernel": false}}
{"target": 40.45436231310284, "params": {"C": 44.93814190257103, "epsilon": 10.248124737096258, "tau": 1700.938519160093, "kronecker_kernel": false}}
{"target": 41.93042643037667, "params": {"C": 74.91640955420502, "epsilon": 5.573979055327078, "tau": 1903.9484354985714, "kronecker_kernel": false}}
{"target": 41.190206256107146, "params": {"C": 34.64967591997902, "epsilon": 12.213548405090629, "tau": 1699.6860541471124, "kronecker_kernel": false}}
{"target": 40.96683128483114, "params": {"C": 37.193213202185305, "epsilon": 5.238008105489865, "tau": 1355.7140120725892, "kronecker_kernel": false}}
{"target": 40.499112559098386, "params": {"C": 50.17245129701653, "epsilon": 6.27708781941096, "tau": 1704.6821242877659, "kronecker_kernel": false}}
{"target": 40.74719090852761, "params": {"C": 42.71456466057227, "epsilon": 7.531557660397324, "tau": 1671.4675783236992, "kronecker_kernel": false}}
{"target": 40.69638708252495, "params": {"C": 47.849317621381616, "epsilon": 7.702185406279713, "tau": 1456.406987802438, "kronecker_kernel": false}}
{"target": 41.56971451582136, "params": {"C": 58.27756246522434, "epsilon": 8.902952042963431, "tau": 1469.3976482713883, "kronecker_kernel": false}}
{"target": 41.10331032411021, "params": {"C": 50.35270195721636, "epsilon": 15.08363913474711, "tau": 1439.3018704697788, "kronecker_kernel": false}}
{"target": 41.04022754091662, "params": {"C": 40.2125068119143, "epsilon": 6.811210393565886, "tau": 1722.6587591394905, "kronecker_kernel": false}}
{"target": 41.2172225003356, "params": {"C": 35.31787453617326, "epsilon": 6.660052568673205, "tau": 1838.7182952211972, "kronecker_kernel": false}}
{"target": 41.3763575413052, "params": {"C": 33.55456115235933, "epsilon": 5.5268144387747515, "tau": 1979.5158230151742, "kronecker_kernel": false}}
{"target": 41.09309564561052, "params": {"C": 38.41864389276178, "epsilon": 4.319206906814805, "tau": 1979.883768362424, "kronecker_kernel": false}}
{"target": 41.879250041268214, "params": {"C": 55.09628946466985, "epsilon": 3.276550209090711, "tau": 1034.7236054449304, "kronecker_kernel": false}}
{"target": 40.490488756766396, "params": {"C": 50.234316969036904, "epsilon": 7.68683243917776, "tau": 1698.9990086689922, "kronecker_kernel": false}}
{"target": 40.623512848523376, "params": {"C": 52.63200045981299, "epsilon": 8.445049872804445, "tau": 1790.5328159552503, "kronecker_kernel": false}}
{"target": 41.286888923509956, "params": {"C": 62.10940234171652, "epsilon": 11.184267841147825, "tau": 1997.13109689193, "kronecker_kernel": false}}
{"target": 40.36053158684041, "params": {"C": 51.19831077596161, "epsilon": 14.230842588259222, "tau": 1838.4787692182417, "kronecker_kernel": false}}
{"target": 41.53704270867421, "params": {"C": 64.10639829856561, "epsilon": 7.562953808674877, "tau": 1784.99470894119, "kronecker_kernel": false}}
{"target": 40.63590886894873, "params": {"C": 55.40456589453767, "epsilon": 6.168673505705748, "tau": 1995.067941497067, "kronecker_kernel": false}}
{"target": 41.24171160254048, "params": {"C": 62.403599561307516, "epsilon": 7.0168918917040495, "tau": 1989.465128871526, "kronecker_kernel": false}}
{"target": 41.312201146873406, "params": {"C": 63.86762614882299, "epsilon": 6.620562504887985, "tau": 1986.8168105748923, "kronecker_kernel": false}}
{"target": 40.92360177630456, "params": {"C": 58.07484409148525, "epsilon": 9.169248825473757, "tau": 1997.6547047599674, "kronecker_kernel": false}}
{"target": 40.468440665817766, "params": {"C": 45.682178883118596, "epsilon": 5.502554400464119, "tau": 1468.0041017561884, "kronecker_kernel": false}}
{"target": 41.22993424785304, "params": {"C": 33.00438968922124, "epsilon": 10.263292928776202, "tau": 1500.2275495816334, "kronecker_kernel": false}}
{"target": 42.34301912789336, "params": {"C": 16.74451849461586, "epsilon": 1.1434450827137232, "tau": 1318.446953194182, "kronecker_kernel": false}}
{"target": 40.934974334287084, "params": {"C": 40.094384368167844, "epsilon": 11.27929203543049, "tau": 1573.26430854412, "kronecker_kernel": false}}
{"target": 41.05958153598733, "params": {"C": 36.7368251920441, "epsilon": 11.275804121356131, "tau": 1562.0732861080394, "kronecker_kernel": false}}
{"target": 40.33154662248809, "params": {"C": 50.23463602603903, "epsilon": 12.828091458425346, "tau": 1845.3947633739895, "kronecker_kernel": false}}
{"target": 41.146403101706724, "params": {"C": 36.48917628308535, "epsilon": 11.185786874520653, "tau": 1749.156979838607, "kronecker_kernel": false}}
{"target": 41.525912519673824, "params": {"C": 63.88997459926398, "epsilon": 1.2947085215968874, "tau": 1715.425394374565, "kronecker_kernel": false}}
{"target": 41.38787099284652, "params": {"C": 62.95494688769044, "epsilon": 13.841238090955427, "tau": 1998.8531343792417, "kronecker_kernel": false}}
{"target": 40.70591048223447, "params": {"C": 44.03564132907943, "epsilon": 0.597824769550761, "tau": 1271.4344451382167, "kronecker_kernel": false}}
{"target": 41.81873947386267, "params": {"C": 64.24479816899165, "epsilon": 10.83753799039219, "tau": 1588.5512148096839, "kronecker_kernel": false}}
{"target": 40.52111396534346, "params": {"C": 50.84702355110473, "epsilon": 6.155792189152795, "tau": 1736.0644913823137, "kronecker_kernel": false}}
{"target": 41.032600895293534, "params": {"C": 45.59020454883798, "epsilon": 7.377221049430407, "tau": 1996.4392998482217, "kronecker_kernel": false}}
{"target": 40.43276298489512, "params": {"C": 50.40945945428454, "epsilon": 9.705328649457682, "tau": 1758.155998840653, "kronecker_kernel": false}}
{"target": 40.64510298706981, "params": {"C": 51.27354498383412, "epsilon": 4.611086776253019, "tau": 1719.3067116008722, "kronecker_kernel": false}}
{"target": 40.551725629343856, "params": {"C": 45.02629823510326, "epsilon": 9.703283904825296, "tau": 1787.8095347269061, "kronecker_kernel": false}}
{"target": 41.04991537570523, "params": {"C": 39.82901420877195, "epsilon": 9.266927446412954, "tau": 1759.0580532025301, "kronecker_kernel": false}}
{"target": 40.868744404597344, "params": {"C": 48.33298260354756, "epsilon": 12.450446759309695, "tau": 1414.2018043154499, "kronecker_kernel": false}}
{"target": 41.034117537856595, "params": {"C": 35.940679983652366, "epsilon": 6.561228849497941, "tau": 1391.3442821363642, "kronecker_kernel": false}}
{"target": 41.04300782346972, "params": {"C": 45.10688190001468, "epsilon": 12.290934103103655, "tau": 1973.5375641312812, "kronecker_kernel": false}}
{"target": 40.86534627899228, "params": {"C": 46.18576563166368, "epsilon": 8.77900489774411, "tau": 1286.142490821153, "kronecker_kernel": false}}
{"target": 40.44217175690453, "params": {"C": 50.701952244923525, "epsilon": 13.065638208230157, "tau": 1989.7457746239377, "kronecker_kernel": false}}
{"target": 40.420316421957324, "params": {"C": 45.97651640804404, "epsilon": 7.95993250874136, "tau": 1489.8902764362615, "kronecker_kernel": false}}
{"target": 41.05654614556403, "params": {"C": 44.129685253870086, "epsilon": 10.411116685845403, "tau": 1999.9748845068807, "kronecker_kernel": false}}
{"target": 42.67926487824163, "params": {"C": 29.55659745928375, "epsilon": 23.879617461662498, "tau": 1932.0755453584454, "kronecker_kernel": false}}
{"target": 40.687161618921195, "params": {"C": 40.10487448307605, "epsilon": 3.435215477164469, "tau": 1512.6848301974926, "kronecker_kernel": false}}
{"target": 41.24109032737321, "params": {"C": 57.323305043942916, "epsilon": 11.639744140300397, "tau": 1749.4151013644687, "kronecker_kernel": false}}
{"target": 41.47019442583574, "params": {"C": 60.09011986714655, "epsilon": 11.22540643590739, "tau": 1673.0027862365298, "kronecker_kernel": false}}
{"target": 40.32059471067704, "params": {"C": 43.49460720221176, "epsilon": 3.670493017782573, "tau": 1541.1062661615297, "kronecker_kernel": false}}
{"target": 41.69852635544086, "params": {"C": 63.20729840271656, "epsilon": 12.852986613884612, "tau": 1675.740604328125, "kronecker_kernel": false}}
{"target": 40.41459914376414, "params": {"C": 44.72367397072141, "epsilon": 5.061710907613986, "tau": 1762.1914019984833, "kronecker_kernel": false}}
{"target": 40.41126107455618, "params": {"C": 45.06036183430497, "epsilon": 6.767831010432761, "tau": 1725.181163154345, "kronecker_kernel": false}}
{"target": 41.52792109249507, "params": {"C": 58.93741872498925, "epsilon": 7.644817487047999, "tau": 1517.1885702585414, "kronecker_kernel": false}}
{"target": 40.68620245671575, "params": {"C": 43.43781649382213, "epsilon": 5.421908212510502, "tau": 1728.6933790979049, "kronecker_kernel": false}}
{"target": 41.3837022868247, "params": {"C": 31.76411399241966, "epsilon": 8.506620847743513, "tau": 1977.5160291687896, "kronecker_kernel": false}}
{"target": 40.491822578721596, "params": {"C": 47.893120155484915, "epsilon": 9.369216481034163, "tau": 1989.444445806486, "kronecker_kernel": false}}
{"target": 41.38947462934837, "params": {"C": 30.086071892788873, "epsilon": 8.455900671922826, "tau": 1762.0231998829909, "kronecker_kernel": false}}
{"target": 41.731277913159644, "params": {"C": 24.49136984741476, "epsilon": 7.331371429319895, "tau": 1515.1973056430095, "kronecker_kernel": false}}
{"target": 42.894873661601835, "params": {"C": 18.643842770946023, "epsilon": 7.0477507615329795, "tau": 1617.6997498048486, "kronecker_kernel": false}}
{"target": 43.007765386322674, "params": {"C": 25.387584757167932, "epsilon": 16.81828192069796, "tau": 1988.2282508194999, "kronecker_kernel": false}}
{"target": 41.79569257142882, "params": {"C": 67.4917428927628, "epsilon": 4.707747285048596, "tau": 1678.0505986276949, "kronecker_kernel": false}}
{"target": 40.32430206073618, "params": {"C": 21.22049800774024, "epsilon": 12.863183657088088, "tau": 319.8126126941122, "kronecker_kernel": false}}
{"target": 41.56542083166849, "params": {"C": 61.78961189550815, "epsilon": 5.190931744223011, "tau": 1594.9856609992426, "kronecker_kernel": false}}
{"target": 41.1607339499431, "params": {"C": 57.11286690742327, "epsilon": 6.018807875827765, "tau": 1744.6816014574276, "kronecker_kernel": false}}
{"target": 42.43093885438898, "params": {"C": 91.24126303494845, "epsilon": 9.868249028893267, "tau": 1956.7528657436042, "kronecker_kernel": false}}
{"target": 40.89115957504363, "params": {"C": 54.34730157458315, "epsilon": 9.213140972443549, "tau": 1766.2340467716024, "kronecker_kernel": false}}
{"target": 41.30594869519178, "params": {"C": 57.764183331361934, "epsilon": 9.568542016818917, "tau": 1676.4849198154304, "kronecker_kernel": false}}
{"target": 40.99814992795465, "params": {"C": 55.544507208260704, "epsilon": 8.992278284331574, "tau": 1786.7378120883202, "kronecker_kernel": false}}
{"target": 41.02028772849227, "params": {"C": 55.23944147926831, "epsilon": 9.870507938773967, "tau": 1756.736773193588, "kronecker_kernel": false}}
{"target": 40.8119366661743, "params": {"C": 40.97187879359398, "epsilon": 9.694738390636278, "tau": 1550.1176936527534, "kronecker_kernel": false}}
{"target": 41.035408142556605, "params": {"C": 39.804433631850046, "epsilon": 4.321845576283703, "tau": 1990.0255591154082, "kronecker_kernel": false}}
{"target": 40.99580966853816, "params": {"C": 58.52513324205318, "epsilon": 3.792786501467592, "tau": 1985.9478650594801, "kronecker_kernel": false}}
{"target": 40.368294977903865, "params": {"C": 46.03844871412076, "epsilon": 11.477228729123048, "tau": 1492.5251438502942, "kronecker_kernel": false}}
{"target": 40.96288278212218, "params": {"C": 43.17462887655899, "epsilon": 3.3636712314635657, "tau": 1970.5373579275474, "kronecker_kernel": false}}
{"target": 41.25044509563653, "params": {"C": 36.73427596531297, "epsilon": 10.182333184695535, "tau": 1998.3235720381178, "kronecker_kernel": false}}
{"target": 41.949134153052945, "params": {"C": 27.28614553713711, "epsilon": 13.67973874172905, "tau": 1759.3437958135403, "kronecker_kernel": false}}
{"target": 41.041469710467695, "params": {"C": 40.344631585890305, "epsilon": 11.000216785042413, "tau": 1759.39961787527, "kronecker_kernel": false}}
{"target": 41.27747475975705, "params": {"C": 33.859013876405534, "epsilon": 13.8049370151083, "tau": 1820.436166911544, "kronecker_kernel": false}}
{"target": 41.24383554538008, "params": {"C": 33.801123217040434, "epsilon": 14.315749106950836, "tau": 1713.771933922187, "kronecker_kernel": false}}
{"target": 41.14213702691181, "params": {"C": 47.76327838083673, "epsilon": 6.457541314643223, "tau": 1235.7851202738589, "kronecker_kernel": false}}
{"target": 41.64964427753879, "params": {"C": 54.755961213160845, "epsilon": 5.067878915204748, "tau": 1195.9952404309606, "kronecker_kernel": false}}
{"target": 40.69102230064353, "params": {"C": 49.08742075964872, "epsilon": 5.854355450666537, "tau": 1545.0345048488603, "kronecker_kernel": false}}
{"target": 41.13604932463339, "params": {"C": 45.421239575543645, "epsilon": 8.582717422346649, "tau": 1128.890416437947, "kronecker_kernel": false}}
{"target": 41.23829506473138, "params": {"C": 26.664137800878233, "epsilon": 2.3125970282775397, "tau": 1541.736410426962, "kronecker_kernel": false}}
{"target": 40.26364675769433, "params": {"C": 46.65387798783593, "epsilon": 8.176651691176266, "tau": 1715.0170887025276, "kronecker_kernel": false}}
{"target": 41.0195517718179, "params": {"C": 41.843780266605364, "epsilon": 10.73468028155921, "tau": 1760.1732640707858, "kronecker_kernel": false}}
{"target": 41.3306285220494, "params": {"C": 31.888977707421525, "epsilon": 7.229846156497212, "tau": 1686.096353082348, "kronecker_kernel": false}}
{"target": 41.07432129051021, "params": {"C": 40.9014952507381, "epsilon": 8.907120414062064, "tau": 1732.6902454383624, "kronecker_kernel": false}}
{"target": 41.06286709239154, "params": {"C": 52.34759629933961, "epsilon": 14.684911752553283, "tau": 1568.7894670471333, "kronecker_kernel": false}}
{"target": 41.29633694760413, "params": {"C": 31.569070228368847, "epsilon": 8.23395747411909, "tau": 1444.8944625844404, "kronecker_kernel": false}}
{"target": 40.64746727552421, "params": {"C": 47.813795193495366, "epsilon": 7.939207351027864, "tau": 1471.2049146854195, "kronecker_kernel": false}}
{"target": 41.10976475445833, "params": {"C": 50.40237861556686, "epsilon": 11.62930445498509, "tau": 1429.074175056445, "kronecker_kernel": false}}
{"target": 40.3468232125386, "params": {"C": 41.53640058027635, "epsilon": 7.555234150327114, "tau": 1419.3846878957083, "kronecker_kernel": false}}
