{"target": 40.40825830167328, "params": {"C": 67.39204716854451, "epsilon": 0.18943616060976592, "tau": 3537.934320906314, "kronecker_kernel": false}}
{"target": 43.10492157072811, "params": {"C": 23.025627933551682, "epsilon": 2.5455881531203746, "tau": 3139.8561118740836, "kronecker_kernel": false}}
{"target": 41.51844871358266, "params": {"C": 32.20289232189717, "epsilon": 0.6068377542506078, "tau": 3322.676714368219, "kronecker_kernel": false}}
{"target": 42.15978631046314, "params": {"C": 185.26251243561265, "epsilon": 0.5180916522033839, "tau": 3438.6270684562605, "kronecker_kernel": false}}
{"target": 41.94000394940782, "params": {"C": 104.47275289443341, "epsilon": 3.2847072756209736, "tau": 3528.039657003541, "kronecker_kernel": false}}
{"target": 41.16056462288592, "params": {"C": 45.00510852632708, "epsilon": 2.624664000238341, "tau": 4078.0628956560518, "kronecker_kernel": false}}
{"target": 41.669595681601834, "params": {"C": 30.919060046601977, "epsilon": 0.08602091425570116, "tau": 3532.071663293426, "kronecker_kernel": false}}
{"target": 42.14774472694903, "params": {"C": 165.80156459163834, "epsilon": 0.2479298097228, "tau": 3311.005953252232, "kronecker_kernel": false}}
{"target": 42.384517187557414, "params": {"C": 221.51312980226908, "epsilon": 5.811689006977654, "tau": 2908.6904547647, "kronecker_kernel": false}}
{"target": 42.15719880422067, "params": {"C": 213.4647711148026, "epsilon": 0.4463836848906289, "tau": 3924.2454770736517, "kronecker_kernel": false}}
{"target": 42.145355019438014, "params": {"C": 145.2692902983216, "epsilon": 2.337190045717063, "tau": 3989.3572007274743, "kronecker_kernel": false}}
{"target": 42.611151595167, "params": {"C": 28.398311532311297, "epsilon": 3.1251621146298127, "tau": 4000.831573234415, "kronecker_kernel": false}}
{"target": 50.62554894024736, "params": {"C": 15.924805520505409, "epsilon": 0.5779701564945892, "tau": 4004.8759489093077, "kronecker_kernel": false}}
{"target": 42.15514508033151, "params": {"C": 173.8650127173206, "epsilon": 1.0197860669090018, "tau": 4337.466916725732, "kronecker_kernel": false}}
{"target": 40.97348914597012, "params": {"C": 84.17529810881067, "epsilon": 0.7009821859699914, "tau": 4185.2257220810025, "kronecker_kernel": false}}
{"target": 42.19472690883726, "params": {"C": 203.47376969986362, "epsilon": 1.480152978680331, "tau": 3105.509196137172, "kronecker_kernel": false}}
{"target": 40.437805379659785, "params": {"C": 76.48215629430973, "epsilon": 7.446075361878034, "tau": 4116.83115460839, "kronecker_kernel": false}}
{"target": 42.430224305216214, "params": {"C": 174.02344998850805, "epsilon": 6.89858564175147, "tau": 3692.485593957344, "kronecker_kernel": false}}
{"target": 40.71681567462381, "params": {"C": 68.63420325131901, "epsilon": 0.1946964741327908, "tau": 4695.918140728555, "kronecker_kernel": false}}
{"target": 41.81766697021961, "params": {"C": 39.051655981317246, "epsilon": 5.623819142272585, "tau": 4339.915386320766, "kronecker_kernel": false}}
{"target": 41.970796079641886, "params": {"C": 125.09100189252635, "epsilon": 1.836508998971113, "tau": 4767.634137111823, "kronecker_kernel": false}}
{"target": 42.51961637260996, "params": {"C": 159.77873023692177, "epsilon": 9.760135323254262, "tau": 3942.044336423055, "kronecker_kernel": false}}
{"target": 42.0564721387008, "params": {"C": 133.39364933578608, "epsilon": 1.3350051147128317, "tau": 4659.821019653776, "kronecker_kernel": false}}
{"target": 42.458584494644334, "params": {"C": 32.48838364008402, "epsilon": 8.79865023829896, "tau": 4182.417342261001, "kronecker_kernel": false}}
{"target": 42.16820565537828, "params": {"C": 124.76803597127596, "epsilon": 5.285608703407673, "tau": 4186.164041958202, "kronecker_kernel": false}}
{"target": 42.53790848408299, "params": {"C": 31.164420130145068, "epsilon": 6.993102756494636, "tau": 4032.6691883871385, "kronecker_kernel": false}}
{"target": 40.56321630760076, "params": {"C": 79.87157081195001, "epsilon": 1.2347189538453214, "tau": 4370.621463344944, "kronecker_kernel": false}}
{"target": 59.868455726831904, "params": {"C": 8.648979836162013, "epsilon": 3.459170452596604, "tau": 4259.415769510023, "kronecker_kernel": false}}
{"target": 41.87576406308102, "params": {"C": 108.90130291452104, "epsilon": 0.27574125867708243, "tau": 3850.5406802114153, "kronecker_kernel": false}}
{"target": 42.22754684963633, "params": {"C": 175.57986265518616, "epsilon": 2.8384441507313536, "tau": 4215.596123064759, "kronecker_kernel": false}}
{"target": 41.15648087201644, "params": {"C": 49.33517427317179, "epsilon": 2.6068425717374684, "tau": 4864.894743631513, "kronecker_kernel": false}}
{"target": 42.104699629218096, "params": {"C": 152.87470054171447, "epsilon": 0.8240974461273313, "tau": 4253.0087557985635, "kronecker_kernel": false}}
{"target": 41.49720592368422, "params": {"C": 42.07702506769414, "epsilon": 0.713468854746791, "tau": 4976.108860767046, "kronecker_kernel": false}}
{"target": 41.85715137286692, "params": {"C": 40.41923339835966, "epsilon": 5.455928575782957, "tau": 4935.42124967689, "kronecker_kernel": false}}
{"target": 42.16362279292353, "params": {"C": 141.9002491864577, "epsilon": 3.932422843899815, "tau": 4924.276783696992, "kronecker_kernel": false}}
{"target": 52.71422157777719, "params": {"C": 16.458280706126196, "epsilon": 5.649798432078516, "tau": 4742.297304546605, "kronecker_kernel": false}}
{"target": 41.13261462503887, "params": {"C": 56.326539624679405, "epsilon": 4.434934125611233, "tau": 4792.844821441881, "kronecker_kernel": false}}
{"target": 40.413157640828985, "params": {"C": 69.59243039981202, "epsilon": 0.5494383268200562, "tau": 4340.549282212432, "kronecker_kernel": false}}
{"target": 41.114208225033565, "params": {"C": 51.18836236609795, "epsilon": 1.4043584335361459, "tau": 4518.143570117619, "kronecker_kernel": false}}
{"target": 56.77473053052506, "params": {"C": 14.337752515273849, "epsilon": 0.5764377125389437, "tau": 4677.375231336045, "kronecker_kernel": false}}
{"target": 42.49594646936557, "params": {"C": 425.14038044815567, "epsilon": 7.751060206414995, "tau": 4752.814467990371, "kronecker_kernel": false}}
{"target": 45.518301928075196, "params": {"C": 21.142430945090553, "epsilon": 0.004727241583851516, "tau": 4487.594578022638, "kronecker_kernel": false}}
{"target": 40.57690352352636, "params": {"C": 67.5894929378744, "epsilon": 0.288168999457426, "tau": 4425.8399633899035, "kronecker_kernel": false}}
{"target": 45.34440171593444, "params": {"C": 21.200708667366655, "epsilon": 1.1511460572029977, "tau": 4282.605556274951, "kronecker_kernel": false}}
{"target": 41.423844097790905, "params": {"C": 41.3441449556343, "epsilon": 0.8456297413505262, "tau": 4427.051678670627, "kronecker_kernel": false}}
{"target": 42.3549387949158, "params": {"C": 152.59446640651728, "epsilon": 7.37675792346666, "tau": 4480.554169429931, "kronecker_kernel": false}}
{"target": 42.23237595048418, "params": {"C": 238.3930321683706, "epsilon": 2.4011119996995465, "tau": 4517.214320128723, "kronecker_kernel": false}}
{"target": 42.570033883165465, "params": {"C": 208.93365283781498, "epsilon": 9.440800996104116, "tau": 4781.169678154925, "kronecker_kernel": false}}
{"target": 42.26001421080828, "params": {"C": 345.3186431809132, "epsilon": 3.10287257089822, "tau": 4773.710819378829, "kronecker_kernel": false}}
{"target": 42.25893985033266, "params": {"C": 192.95272510714685, "epsilon": 3.2786999011284625, "tau": 4523.31646874553, "kronecker_kernel": false}}
{"target": 42.07693959308366, "params": {"C": 147.41539647208, "epsilon": 1.0163533742373128, "tau": 4707.843117737097, "kronecker_kernel": false}}
{"target": 42.08180384434043, "params": {"C": 157.00816827050693, "epsilon": 0.42341641877516734, "tau": 4687.485422637361, "kronecker_kernel": false}}
{"target": 41.30081362063014, "params": {"C": 46.446292181466745, "epsilon": 0.8949057956978586, "tau": 4799.005295376457, "kronecker_kernel": false}}
{"target": 41.04232702581508, "params": {"C": 92.48767685681136, "epsilon": 0.32285768744162896, "tau": 4896.040770765476, "kronecker_kernel": false}}
{"target": 42.26581822132095, "params": {"C": 153.0590008911759, "epsilon": 5.49149746187009, "tau": 4419.982058290932, "kronecker_kernel": false}}
{"target": 60.38684398721814, "params": {"C": 6.314969311460132, "epsilon": 5.094299599626034, "tau": 4714.217914328532, "kronecker_kernel": false}}
{"target": 41.73525738002447, "params": {"C": 43.030848246730784, "epsilon": 11.749864501643717, "tau": 3744.8886191860342, "kronecker_kernel": false}}
{"target": 46.63502069671186, "params": {"C": 16.752713249730334, "epsilon": 7.957792338056988, "tau": 3034.915469628449, "kronecker_kernel": false}}
{"target": 41.55281335718085, "params": {"C": 102.61317313518428, "epsilon": 0.2876408552054723, "tau": 4351.006628311777, "kronecker_kernel": false}}
{"target": 42.527973081111384, "params": {"C": 726.3738328823237, "epsilon": 8.39421255391698, "tau": 2477.2577742893013, "kronecker_kernel": false}}
{"target": 41.10772924989923, "params": {"C": 93.5989028330205, "epsilon": 0.10018656292993183, "tau": 4800.658744496828, "kronecker_kernel": false}}
{"target": 42.15158359979055, "params": {"C": 207.83273991741058, "epsilon": 0.3243563390694679, "tau": 4943.642103004416, "kronecker_kernel": false}}
{"target": 42.049361053105635, "params": {"C": 150.31585296703454, "epsilon": 0.21120395228133232, "tau": 4951.392216138201, "kronecker_kernel": false}}
{"target": 41.49932531267085, "params": {"C": 49.241165059249155, "epsilon": 5.175979399775171, "tau": 4972.244248285087, "kronecker_kernel": false}}
{"target": 42.11082607185671, "params": {"C": 166.08339710396368, "epsilon": 0.02809539276297368, "tau": 4366.44892602094, "kronecker_kernel": false}}
{"target": 42.15697154103973, "params": {"C": 187.47040368260267, "epsilon": 0.5833306467332746, "tau": 4392.439871977955, "kronecker_kernel": false}}
{"target": 42.41841781674998, "params": {"C": 142.63497997064258, "epsilon": 7.606290379264401, "tau": 3228.844785723762, "kronecker_kernel": false}}
{"target": 42.13091862412266, "params": {"C": 168.57564182584758, "epsilon": 0.3700866363257923, "tau": 4165.64101718543, "kronecker_kernel": false}}
{"target": 41.03554158743918, "params": {"C": 61.74389087421216, "epsilon": 0.005537962294784093, "tau": 4213.691642896698, "kronecker_kernel": false}}
{"target": 45.7134166148359, "params": {"C": 19.74998449857035, "epsilon": 0.5414567505175618, "tau": 4056.366066620363, "kronecker_kernel": false}}
{"target": 41.352472534146926, "params": {"C": 42.34370138857212, "epsilon": 0.8874035492119408, "tau": 4275.160923102243, "kronecker_kernel": false}}
{"target": 42.745932767895376, "params": {"C": 26.327091771641363, "epsilon": 0.0418509172838456, "tau": 3904.195749672394, "kronecker_kernel": false}}
{"target": 43.39367724509487, "params": {"C": 535.027563268267, "epsilon": 23.158406179230468, "tau": 3639.2230274738085, "kronecker_kernel": false}}
{"target": 41.99991102553325, "params": {"C": 116.59867415706249, "epsilon": 4.622022879208537, "tau": 4263.316788468526, "kronecker_kernel": false}}
{"target": 43.3220343725693, "params": {"C": 26.902034507763, "epsilon": 3.685014048557331, "tau": 4616.582483741991, "kronecker_kernel": false}}
{"target": 41.071613131688004, "params": {"C": 59.39003208785668, "epsilon": 5.6588680345599105, "tau": 4414.647845014757, "kronecker_kernel": false}}
{"target": 41.9688406184913, "params": {"C": 36.6896318650695, "epsilon": 4.935893038590326, "tau": 4481.069206367989, "kronecker_kernel": false}}
{"target": 48.86210528539347, "params": {"C": 15.443664760229545, "epsilon": 14.080353929652457, "tau": 3149.093121903235, "kronecker_kernel": false}}
{"target": 43.0812569563878, "params": {"C": 26.88518116265593, "epsilon": 6.390112861050964, "tau": 3750.673723287693, "kronecker_kernel": false}}
{"target": 42.192174199643226, "params": {"C": 770.6021412500877, "epsilon": 1.4144702019527955, "tau": 2861.57305970446, "kronecker_kernel": false}}
{"target": 42.7727259604676, "params": {"C": 29.080406674029348, "epsilon": 0.5745145500885629, "tau": 4715.318215409947, "kronecker_kernel": false}}
{"target": 62.65081124301737, "params": {"C": 3.3430613624423984, "epsilon": 1.8723841552084743, "tau": 4610.961159120143, "kronecker_kernel": false}}
{"target": 41.06671852286373, "params": {"C": 54.69330047805046, "epsilon": 0.08749937567719768, "tau": 4735.882387159826, "kronecker_kernel": false}}
{"target": 41.23504236140146, "params": {"C": 56.828770589829034, "epsilon": 9.19929851027284, "tau": 4418.304394795177, "kronecker_kernel": false}}
{"target": 41.18496072255185, "params": {"C": 91.41916248645487, "epsilon": 6.954212399068022, "tau": 4427.86524395153, "kronecker_kernel": false}}
{"target": 42.74773296301494, "params": {"C": 221.44283785475437, "epsilon": 12.914730969615803, "tau": 4293.916104213933, "kronecker_kernel": false}}
{"target": 42.38282647810551, "params": {"C": 225.4398670156893, "epsilon": 5.777565509861874, "tau": 3669.764334085855, "kronecker_kernel": false}}
{"target": 41.912530767898424, "params": {"C": 116.31320153417637, "epsilon": 1.0836417508777059, "tau": 4302.814653369963, "kronecker_kernel": false}}
{"target": 43.54100598976327, "params": {"C": 24.702488494045646, "epsilon": 0.08276073828672303, "tau": 4833.909063304743, "kronecker_kernel": false}}
{"target": 41.51534029579331, "params": {"C": 105.43259148082575, "epsilon": 0.5636952528236698, "tau": 4691.575651802101, "kronecker_kernel": false}}
{"target": 41.25514037168258, "params": {"C": 95.76385344969927, "epsilon": 1.7238785894141264, "tau": 4551.340187774485, "kronecker_kernel": false}}
{"target": 40.97083518488352, "params": {"C": 59.90894448676769, "epsilon": 0.07570031998241958, "tau": 4947.44244507075, "kronecker_kernel": false}}
{"target": 42.3215408913842, "params": {"C": 100.80734632353824, "epsilon": 9.971403522329563, "tau": 2779.2925369841487, "kronecker_kernel": false}}
{"target": 42.53987776094621, "params": {"C": 131.8904958496821, "epsilon": 10.901921786918788, "tau": 2952.260623259739, "kronecker_kernel": false}}
{"target": 42.42403400556297, "params": {"C": 106.02701543833504, "epsilon": 12.49724061909496, "tau": 2992.854468111159, "kronecker_kernel": false}}
{"target": 42.46999517057385, "params": {"C": 130.0459250341449, "epsilon": 9.296586729364954, "tau": 2871.276776694932, "kronecker_kernel": false}}
{"target": 42.23088266095165, "params": {"C": 120.47944005235644, "epsilon": 5.40791723605277, "tau": 3435.9549974525166, "kronecker_kernel": false}}
{"target": 42.219284001662565, "params": {"C": 665.7503943120639, "epsilon": 2.084940272588435, "tau": 4570.061113782908, "kronecker_kernel": false}}
{"target": 42.04784724708499, "params": {"C": 144.47932288904735, "epsilon": 0.4879192569257024, "tau": 4971.083326431459, "kronecker_kernel": false}}
{"target": 42.164484106530196, "params": {"C": 181.13968055126566, "epsilon": 1.4009259982503295, "tau": 4862.1398808438125, "kronecker_kernel": false}}
{"target": 42.16692047619524, "params": {"C": 420.85027587205036, "epsilon": 0.7225586799046436, "tau": 4024.539342596957, "kronecker_kernel": false}}
{"target": 41.00707821065987, "params": {"C": 57.77051565376695, "epsilon": 1.5008577730908357, "tau": 4958.436651769748, "kronecker_kernel": false}}
{"target": 42.17054386725528, "params": {"C": 253.62005927933328, "epsilon": 0.823735271446787, "tau": 4729.105835691647, "kronecker_kernel": false}}
{"target": 42.142899582555444, "params": {"C": 356.2559888404022, "epsilon": 0.04355932508923848, "tau": 4991.955900409649, "kronecker_kernel": false}}
{"target": 42.17095969340803, "params": {"C": 28.878555758721937, "epsilon": 5.6622481424470195, "tau": 3044.944123183436, "kronecker_kernel": false}}
{"target": 41.38647074927969, "params": {"C": 46.39803493366049, "epsilon": 0.3006310062070928, "tau": 4687.620226382237, "kronecker_kernel": false}}
{"target": 42.58931679264476, "params": {"C": 519.517951298493, "epsilon": 9.655217887037772, "tau": 3304.2246990727936, "kronecker_kernel": false}}
{"target": 41.057218191411756, "params": {"C": 87.70677153145934, "epsilon": 0.37893769010809575, "tau": 4365.312612030741, "kronecker_kernel": false}}
{"target": 41.9384928449777, "params": {"C": 121.5173243613651, "epsilon": 0.05641558987463113, "tau": 4452.412026116614, "kronecker_kernel": false}}
