{"target": 40.572859316700374, "params": {"C": 55.103680206967574, "epsilon": 13.677883002351898, "tau": 1965.0225404580433, "kronecker_kernel": false}}
{"target": 41.04941326647186, "params": {"C": 59.52312560230573, "epsilon": 5.631367898035556, "tau": 1999.5822446884902, "kronecker_kernel": false}}
{"target": 43.069499829235504, "params": {"C": 40.438097670716466, "epsilon": 20.82788716495054, "tau": 242.6923118869738, "kronecker_kernel": false}}
{"target": 41.33328065158647, "params": {"C": 59.290519968933864, "epsilon": 14.207648136428835, "tau": 1837.9932512155574, "kronecker_kernel": false}}
{"target": 40.38327521555791, "params": {"C": 48.01255153952313, "epsilon": 3.4723219646563637, "tau": 1978.5714394902382, "kronecker_kernel": false}}
{"target": 42.81952682790317, "params": {"C": 82.82815021128495, "epsilon": 14.728353101914214, "tau": 740.621606190343, "kronecker_kernel": false}}
{"target": 41.135509692848906, "params": {"C": 40.303578384999234, "epsilon": 10.004655002809974, "tau": 1962.9398236886063, "kronecker_kernel": false}}
{"target": 41.0705852308977, "params": {"C": 40.6642732650069, "epsilon": 11.667653352807328, "tau": 1896.5811983560807, "kronecker_kernel": false}}
{"target": 40.34574199794473, "params": {"C": 46.825822544421385, "epsilon": 4.525031605452447, "tau": 1681.1607453275108, "kronecker_kernel": false}}
{"target": 40.336651434786, "params": {"C": 47.22547791357607, "epsilon": 6.012432188077733, "tau": 1688.7059694125535, "kronecker_kernel": false}}
{"target": 40.98228790984022, "params": {"C": 57.776295043874754, "epsilon": 2.998549584817624, "tau": 1951.8020308368866, "kronecker_kernel": false}}
{"target": 40.45791850995876, "params": {"C": 52.39241714902642, "epsilon": 4.586224656572826, "tau": 1952.4778212185252, "kronecker_kernel": false}}
{"target": 40.76401443868296, "params": {"C": 38.771055192135314, "epsilon": 5.978319974491288, "tau": 1395.618609732105, "kronecker_kernel": false}}
{"target": 41.20833266733816, "params": {"C": 22.37458648897411, "epsilon": 16.34412117428973, "tau": 523.8953078512513, "kronecker_kernel": false}}
{"target": 40.32270416253281, "params": {"C": 43.938422443069896, "epsilon": 3.9945463856886954, "tau": 1536.9352783299064, "kronecker_kernel": false}}
{"target": 40.804232569736826, "params": {"C": 45.25132457889254, "epsilon": 6.079697041335427, "tau": 1261.9544690453627, "kronecker_kernel": false}}
{"target": 40.299237212128375, "params": {"C": 45.25121658703572, "epsilon": 6.055182802582988, "tau": 1621.1379111347835, "kronecker_kernel": false}}
{"target": 42.84064326476516, "params": {"C": 64.92066708354812, "epsilon": 21.308122982771014, "tau": 1028.747948431458, "kronecker_kernel": false}}
{"target": 40.88685561951904, "params": {"C": 49.35142316641572, "epsilon": 12.563493744859805, "tau": 1465.4296332221033, "kronecker_kernel": false}}
{"target": 40.59986032191112, "params": {"C": 47.40453290120098, "epsilon": 9.383027878951621, "tau": 1455.6599308280424, "kronecker_kernel": false}}
{"target": 42.19152409919131, "params": {"C": 91.4949543808975, "epsilon": 1.3977349303438675, "tau": 259.4775597610204, "kronecker_kernel": false}}
{"target": 40.62970220142715, "params": {"C": 48.37971858098432, "epsilon": 12.312672909041806, "tau": 1496.6792420632935, "kronecker_kernel": false}}
{"target": 41.37664903549103, "params": {"C": 51.6675335602186, "epsilon": 5.455670377107769, "tau": 1241.8693739975015, "kronecker_kernel": false}}
{"target": 40.40757022278982, "params": {"C": 43.138839100655034, "epsilon": 2.721857803276171, "tau": 1386.427835946958, "kronecker_kernel": false}}
{"target": 41.19788664098481, "params": {"C": 52.086391599965005, "epsilon": 4.654068765466089, "tau": 1407.1711959188722, "kronecker_kernel": false}}
{"target": 40.60875367977603, "params": {"C": 48.29527851840199, "epsilon": 0.9005151452211684, "tau": 1578.873528199869, "kronecker_kernel": false}}
{"target": 40.34136302924178, "params": {"C": 44.8436225733514, "epsilon": 5.3974549492034996, "tau": 1530.6289041778903, "kronecker_kernel": false}}
{"target": 40.778923924070156, "params": {"C": 39.80186425167765, "epsilon": 2.7683134285984163, "tau": 1519.1972496439391, "kronecker_kernel": false}}
{"target": 42.03636508152634, "params": {"C": 20.90724259834606, "epsilon": 3.8563629466727543, "tau": 1550.4795501142007, "kronecker_kernel": false}}
{"target": 41.683770208508406, "params": {"C": 25.483065429265103, "epsilon": 5.7183835753715915, "tau": 1510.3466122976356, "kronecker_kernel": false}}
{"target": 40.62341212053501, "params": {"C": 50.24346860861856, "epsilon": 5.765193184502326, "tau": 1649.673479584826, "kronecker_kernel": false}}
{"target": 40.69221187652196, "params": {"C": 41.52104684646064, "epsilon": 4.735584972196854, "tau": 1582.6776631763073, "kronecker_kernel": false}}
{"target": 41.13098271680791, "params": {"C": 54.361357847756686, "epsilon": 2.2711171584958905, "tau": 1597.3941583465692, "kronecker_kernel": false}}
{"target": 40.81898853157714, "params": {"C": 51.357878959796885, "epsilon": 3.293059668643639, "tau": 1636.4409202228044, "kronecker_kernel": false}}
{"target": 40.36074117127468, "params": {"C": 47.188472045918594, "epsilon": 4.5157293318945015, "tau": 1678.2211583963185, "kronecker_kernel": false}}
{"target": 40.95530687348891, "params": {"C": 39.52643982202197, "epsilon": 3.4552282067908413, "tau": 1665.3178186006207, "kronecker_kernel": false}}
{"target": 41.03696419110546, "params": {"C": 38.24648884932768, "epsilon": 4.11872320681128, "tau": 1703.830808041251, "kronecker_kernel": false}}
{"target": 40.32698586661185, "params": {"C": 45.15371778733782, "epsilon": 3.8166833395807984, "tau": 1677.1939329497725, "kronecker_kernel": false}}
{"target": 40.7791331056495, "params": {"C": 50.12412560880877, "epsilon": 4.6142248107079045, "tau": 1571.7171715777408, "kronecker_kernel": false}}
{"target": 41.240679978392066, "params": {"C": 55.012067478854256, "epsilon": 7.726205150727317, "tau": 1553.9100059787686, "kronecker_kernel": false}}
{"target": 42.07710106712257, "params": {"C": 67.10023935351373, "epsilon": 9.305539243334492, "tau": 1479.728628836454, "kronecker_kernel": false}}
{"target": 41.231158940653856, "params": {"C": 55.304725124919656, "epsilon": 11.143989134608445, "tau": 1628.060270769438, "kronecker_kernel": false}}
{"target": 41.842616839973644, "params": {"C": 61.94355294587369, "epsilon": 9.515633210868723, "tau": 1445.6738925707439, "kronecker_kernel": false}}
{"target": 40.3668965232574, "params": {"C": 42.846225058293705, "epsilon": 4.975954785234102, "tau": 1541.5485418250205, "kronecker_kernel": false}}
{"target": 40.38541151102807, "params": {"C": 49.14890489748311, "epsilon": 9.923332263877285, "tau": 1700.765097415138, "kronecker_kernel": false}}
{"target": 40.477163620080155, "params": {"C": 42.95406792426212, "epsilon": 7.475615682651342, "tau": 1609.3158423706336, "kronecker_kernel": false}}
{"target": 40.462550728512795, "params": {"C": 42.89453367393734, "epsilon": 6.826933423725855, "tau": 1609.108482965232, "kronecker_kernel": false}}
{"target": 41.004879054594696, "params": {"C": 40.89922934584839, "epsilon": 8.421978710644634, "tau": 1692.7833230531592, "kronecker_kernel": false}}
{"target": 40.77937112734065, "params": {"C": 47.43524887507181, "epsilon": 11.853925611505948, "tau": 1995.3530593327678, "kronecker_kernel": false}}
{"target": 42.30095314516649, "params": {"C": 76.03874849745806, "epsilon": 6.056974763995939, "tau": 1043.3976753623613, "kronecker_kernel": false}}
{"target": 40.96901130921657, "params": {"C": 34.123470470692915, "epsilon": 0.1423149062732536, "tau": 1574.764422088185, "kronecker_kernel": false}}
{"target": 40.7282546235442, "params": {"C": 40.67776042550197, "epsilon": 0.1708043972396358, "tau": 1654.5632707091584, "kronecker_kernel": false}}
{"target": 41.534693810301256, "params": {"C": 62.22522984117468, "epsilon": 0.5042125934144601, "tau": 1617.024727815906, "kronecker_kernel": false}}
{"target": 41.15690895713638, "params": {"C": 30.836156795782777, "epsilon": 0.29606139764142697, "tau": 1654.5482319488945, "kronecker_kernel": false}}
{"target": 41.17901648177061, "params": {"C": 54.19628989098263, "epsilon": 2.497522331136572, "tau": 1536.7366186637348, "kronecker_kernel": false}}
{"target": 41.092053287476865, "params": {"C": 33.43992484970368, "epsilon": 7.0114089525218075, "tau": 1117.12860369188, "kronecker_kernel": false}}
{"target": 43.78429764519725, "params": {"C": 80.02257685980584, "epsilon": 28.058305993811615, "tau": 301.2518270276677, "kronecker_kernel": false}}
{"target": 40.63232110412657, "params": {"C": 52.98436924383451, "epsilon": 7.997710960842015, "tau": 1813.2935896671179, "kronecker_kernel": false}}
{"target": 40.81492100744417, "params": {"C": 36.87378106220963, "epsilon": 4.7679969814433285, "tau": 1288.3431270781853, "kronecker_kernel": false}}
{"target": 43.64469191421068, "params": {"C": 68.36368235306549, "epsilon": 29.322886325082706, "tau": 795.309117626931, "kronecker_kernel": false}}
{"target": 41.182445583016566, "params": {"C": 57.54525545815558, "epsilon": 4.640935499347738, "tau": 1734.2163746723509, "kronecker_kernel": false}}
{"target": 41.050385605268744, "params": {"C": 54.7159566663163, "epsilon": 7.977979596261404, "tau": 1696.973543741992, "kronecker_kernel": false}}
{"target": 40.35522556088951, "params": {"C": 47.35826907596648, "epsilon": 6.8605821330628745, "tau": 1643.6721809616545, "kronecker_kernel": false}}
{"target": 41.83001482897582, "params": {"C": 71.91521624049656, "epsilon": 9.372973889229467, "tau": 1956.4179657979716, "kronecker_kernel": false}}
{"target": 41.47864776859054, "params": {"C": 29.966554181148446, "epsilon": 5.7839795104377245, "tau": 1685.263079373613, "kronecker_kernel": false}}
{"target": 41.42780220112364, "params": {"C": 30.976877751666287, "epsilon": 6.93348696629965, "tau": 1873.2775183806712, "kronecker_kernel": false}}
{"target": 40.291285144907604, "params": {"C": 43.646361244891565, "epsilon": 6.015457484449673, "tau": 1544.9588653671738, "kronecker_kernel": false}}
{"target": 40.74335787226797, "params": {"C": 51.237785005341216, "epsilon": 6.688233807247416, "tau": 1649.9958775068833, "kronecker_kernel": false}}
{"target": 41.311355879623065, "params": {"C": 36.1338901026316, "epsilon": 8.599334132760918, "tau": 1969.6359147460967, "kronecker_kernel": false}}
{"target": 40.48050413675698, "params": {"C": 47.313988540911815, "epsilon": 6.30594123171139, "tau": 1530.5517179197102, "kronecker_kernel": false}}
{"target": 41.064555533412275, "params": {"C": 39.13945743956035, "epsilon": 7.091505044660802, "tau": 1652.0897992989023, "kronecker_kernel": false}}
{"target": 40.43197425560055, "params": {"C": 45.83264237644929, "epsilon": 7.0015998590385795, "tau": 1487.4475875653407, "kronecker_kernel": false}}
{"target": 41.13670998617305, "params": {"C": 34.17808943875071, "epsilon": 8.444444843020298, "tau": 1479.316712964155, "kronecker_kernel": false}}
{"target": 40.32432856189696, "params": {"C": 43.95387918076068, "epsilon": 6.706716915121255, "tau": 1467.7862248295294, "kronecker_kernel": false}}
{"target": 40.56143329404925, "params": {"C": 44.51859598028195, "epsilon": 12.552277488027881, "tau": 1635.282261630185, "kronecker_kernel": false}}
{"target": 41.10597007066186, "params": {"C": 41.10708706711232, "epsilon": 14.443728576471253, "tau": 1555.0092284349878, "kronecker_kernel": false}}
{"target": 40.611787740420205, "params": {"C": 51.77260895670564, "epsilon": 5.84328682046873, "tau": 1756.7518249309521, "kronecker_kernel": false}}
{"target": 40.42949845572669, "params": {"C": 52.56523430649254, "epsilon": 11.155927782128478, "tau": 1909.4587628674137, "kronecker_kernel": false}}
{"target": 41.305272164104245, "params": {"C": 59.0191626700781, "epsilon": 9.601978900242894, "tau": 1751.2313441894044, "kronecker_kernel": false}}
{"target": 61.132934313233804, "params": {"C": 1.5119198285724735, "epsilon": 29.725307232189003, "tau": 1926.678853794811, "kronecker_kernel": false}}
{"target": 41.128831834387675, "params": {"C": 57.62038119305796, "epsilon": 8.56712270388499, "tau": 1823.054889882768, "kronecker_kernel": false}}
{"target": 41.591976401232884, "params": {"C": 54.5433880046154, "epsilon": 4.008938859916411, "tau": 1218.2620644740969, "kronecker_kernel": false}}
{"target": 41.2568493261477, "params": {"C": 62.655828257669654, "epsilon": 6.732607037355684, "tau": 1983.6634221735217, "kronecker_kernel": false}}
{"target": 42.52151250488904, "params": {"C": 64.36730795048334, "epsilon": 12.22693216858158, "tau": 978.2561641139503, "kronecker_kernel": false}}
{"target": 40.34115315178927, "params": {"C": 45.90847204492772, "epsilon": 8.344209149138115, "tau": 1523.1671448504158, "kronecker_kernel": false}}
{"target": 41.0131266444748, "params": {"C": 36.44842778340456, "epsilon": 7.656881792977681, "tau": 1372.3243434883018, "kronecker_kernel": false}}
{"target": 41.06299269157459, "params": {"C": 38.734967660836936, "epsilon": 6.065046052100834, "tau": 1571.0684421676956, "kronecker_kernel": false}}
{"target": 40.573771631405826, "params": {"C": 42.804027409115804, "epsilon": 6.47254635718986, "tau": 1634.3332245767513, "kronecker_kernel": false}}
{"target": 41.12411262186638, "params": {"C": 48.6286002743823, "epsilon": 11.994817248745838, "tau": 1326.457866004504, "kronecker_kernel": false}}
{"target": 41.03601326657956, "params": {"C": 50.21354297127267, "epsilon": 8.722223419577364, "tau": 1440.8696494101644, "kronecker_kernel": false}}
{"target": 41.76605219524242, "params": {"C": 53.233398514158544, "epsilon": 12.160185395331512, "tau": 1137.3679414369572, "kronecker_kernel": false}}
{"target": 40.53489091624242, "params": {"C": 49.08646294480337, "epsilon": 12.083600137589865, "tau": 1994.7183472767836, "kronecker_kernel": false}}
{"target": 41.78996282092231, "params": {"C": 57.938552312018345, "epsilon": 8.439435228523726, "tau": 1279.744958889908, "kronecker_kernel": false}}
{"target": 40.496019203461294, "params": {"C": 47.948214938176946, "epsilon": 8.811133684391287, "tau": 1974.4748248550004, "kronecker_kernel": false}}
{"target": 41.618174867240114, "params": {"C": 57.9662202962759, "epsilon": 6.748182459834279, "tau": 1378.8941136953254, "kronecker_kernel": false}}
{"target": 40.49856858757024, "params": {"C": 39.22258231831085, "epsilon": 10.046795397250087, "tau": 1311.987705545792, "kronecker_kernel": false}}
{"target": 41.1190567486661, "params": {"C": 36.095644002880306, "epsilon": 10.731835979835736, "tau": 1621.1735096633033, "kronecker_kernel": false}}
{"target": 41.95124449977732, "params": {"C": 23.342008636484028, "epsilon": 10.298798632131199, "tau": 1543.2599101502683, "kronecker_kernel": false}}
{"target": 41.02875266850791, "params": {"C": 39.43502437763326, "epsilon": 12.214469585761275, "tau": 1533.7922888573576, "kronecker_kernel": false}}
{"target": 41.10757382234484, "params": {"C": 38.16414176829002, "epsilon": 8.009395324778293, "tau": 1779.1605818341468, "kronecker_kernel": false}}
{"target": 40.335747436365466, "params": {"C": 44.95469318939901, "epsilon": 10.415869481198555, "tau": 1657.3079220486356, "kronecker_kernel": false}}
{"target": 40.443024675472174, "params": {"C": 43.34761799035691, "epsilon": 5.402344196633835, "tau": 1657.5324338679868, "kronecker_kernel": false}}
{"target": 40.30798623152753, "params": {"C": 46.9757035924961, "epsilon": 7.684541553396279, "tau": 1661.8655888158398, "kronecker_kernel": false}}
{"target": 41.39676056338732, "params": {"C": 60.48310231364398, "epsilon": 7.047040674751553, "tau": 1698.699384440612, "kronecker_kernel": false}}
{"target": 41.02864490884538, "params": {"C": 43.89473547913297, "epsilon": 6.413289395184821, "tau": 1997.9738925830072, "kronecker_kernel": false}}
{"target": 40.92010375209677, "params": {"C": 57.95115512962742, "epsilon": 5.942945055512344, "tau": 1996.598492087857, "kronecker_kernel": false}}
{"target": 40.67321538531622, "params": {"C": 44.98059026131231, "epsilon": 12.329526555057685, "tau": 1702.9717102788857, "kronecker_kernel": false}}
{"target": 42.2396860492415, "params": {"C": 99.68752080257059, "epsilon": 3.7982225985890548, "tau": 1588.3471380697874, "kronecker_kernel": false}}
{"target": 40.529501082954155, "params": {"C": 47.891652134594445, "epsilon": 9.746923428708332, "tau": 1510.2220403815015, "kronecker_kernel": false}}
{"target": 41.747481575217854, "params": {"C": 64.4236007017536, "epsilon": 13.5648957815843, "tau": 1707.478768669492, "kronecker_kernel": false}}
{"target": 40.4928621854371, "params": {"C": 47.901678309303186, "epsilon": 10.56350847571485, "tau": 1526.5411372238896, "kronecker_kernel": false}}
{"target": 41.67660799177778, "params": {"C": 61.87647117559668, "epsilon": 14.790534245051212, "tau": 1643.4633694223808, "kronecker_kernel": false}}
{"target": 41.38423504457776, "params": {"C": 58.407420993743315, "epsilon": 12.976317348003114, "tau": 1705.763397450374, "kronecker_kernel": false}}
{"target": 40.66628119491374, "params": {"C": 44.20666071075587, "epsilon": 10.256324117685038, "tau": 1746.7442032966937, "kronecker_kernel": false}}
{"target": 41.920126389031765, "params": {"C": 41.31307307188739, "epsilon": 7.039019868136658, "tau": 597.7267746125065, "kronecker_kernel": false}}
{"target": 42.62876310877454, "params": {"C": 35.54823931767016, "epsilon": 10.460223051433543, "tau": 63.644728620684646, "kronecker_kernel": false}}
{"target": 40.31560390390757, "params": {"C": 45.735678803279896, "epsilon": 10.30053040319633, "tau": 1687.628899134141, "kronecker_kernel": false}}
{"target": 45.349026432513696, "params": {"C": 16.47457392241418, "epsilon": 16.074778107522583, "tau": 1952.4316931118337, "kronecker_kernel": false}}
{"target": 40.32042056329918, "params": {"C": 41.52601193655594, "epsilon": 4.854882277171811, "tau": 1348.8968563311082, "kronecker_kernel": false}}
{"target": 41.323945760763316, "params": {"C": 28.9140752783304, "epsilon": 6.693214625038041, "tau": 1340.7657007729513, "kronecker_kernel": false}}
{"target": 41.060408222939955, "params": {"C": 34.50583620112728, "epsilon": 4.278825708426325, "tau": 1338.643536153333, "kronecker_kernel": false}}
{"target": 41.051501390540466, "params": {"C": 33.19814065482264, "epsilon": 5.520327871270004, "tau": 1252.3013266312364, "kronecker_kernel": false}}
{"target": 61.28292882257357, "params": {"C": 2.619944327025131, "epsilon": 8.316038240169469, "tau": 1275.354129473779, "kronecker_kernel": false}}
{"target": 40.37915381864006, "params": {"C": 44.31859800181474, "epsilon": 6.308269037201594, "tau": 1434.1780586839059, "kronecker_kernel": false}}
{"target": 41.25944971678976, "params": {"C": 32.2066763552981, "epsilon": 11.186711436732947, "tau": 1609.0609848542217, "kronecker_kernel": false}}
{"target": 40.35783324977795, "params": {"C": 40.56254769106463, "epsilon": 6.177165202944644, "tau": 1368.3453892791517, "kronecker_kernel": false}}
{"target": 41.37880088737511, "params": {"C": 52.92493082432875, "epsilon": 4.034083866129183, "tau": 1296.7850513162564, "kronecker_kernel": false}}
{"target": 40.915107168539, "params": {"C": 43.686609029007876, "epsilon": 2.403179798173716, "tau": 1149.9180810198263, "kronecker_kernel": false}}
{"target": 40.29624593852479, "params": {"C": 41.927465001722496, "epsilon": 4.917188765599804, "tau": 1423.1224488832481, "kronecker_kernel": false}}
{"target": 40.32770389935992, "params": {"C": 47.844587486162446, "epsilon": 10.658179079023625, "tau": 1645.8340993029228, "kronecker_kernel": false}}
{"target": 40.7521297061457, "params": {"C": 56.71738307339973, "epsilon": 16.82119523224264, "tau": 1996.4386527162198, "kronecker_kernel": false}}
{"target": 40.32329931091856, "params": {"C": 42.95511192965433, "epsilon": 9.643952270845046, "tau": 1509.7288639034844, "kronecker_kernel": false}}
{"target": 41.157248260808295, "params": {"C": 59.235900839941976, "epsilon": 17.8837261294477, "tau": 1979.5786189574019, "kronecker_kernel": false}}
{"target": 41.04728527023623, "params": {"C": 42.323851755854434, "epsilon": 13.896383289116892, "tau": 1572.8041337605657, "kronecker_kernel": false}}
{"target": 40.89870773520785, "params": {"C": 42.809572526391804, "epsilon": 12.679706806163423, "tau": 1648.2415697221606, "kronecker_kernel": false}}
{"target": 40.84113389515949, "params": {"C": 49.69261747977574, "epsilon": 14.360662475179232, "tau": 1504.34172773443, "kronecker_kernel": false}}
{"target": 41.277882389185066, "params": {"C": 35.44876348942467, "epsilon": 15.389724034084914, "tau": 1458.113371251324, "kronecker_kernel": false}}
{"target": 40.93353029190983, "params": {"C": 44.92671997010849, "epsilon": 13.497999501356144, "tau": 1732.9181917757307, "kronecker_kernel": false}}
{"target": 41.30325333241175, "params": {"C": 33.85875347557759, "epsilon": 14.144576894273449, "tau": 1921.9125195158708, "kronecker_kernel": false}}
{"target": 42.29157368177443, "params": {"C": 24.477494313025524, "epsilon": 11.988619375623067, "tau": 1861.4858360558853, "kronecker_kernel": false}}
{"target": 40.973737094731966, "params": {"C": 50.996264796582295, "epsilon": 10.309017120143729, "tau": 1519.1155720527227, "kronecker_kernel": false}}
{"target": 40.76388389503406, "params": {"C": 40.7941520079842, "epsilon": 11.667260308085563, "tau": 1035.8680089793197, "kronecker_kernel": false}}
{"target": 40.44156490187765, "params": {"C": 48.797805665280265, "epsilon": 10.015254693217999, "tau": 1620.9637274215938, "kronecker_kernel": false}}
{"target": 40.7750244615331, "params": {"C": 40.344697219299505, "epsilon": 8.550811560392514, "tau": 1009.9223762633292, "kronecker_kernel": false}}
{"target": 40.38968464056951, "params": {"C": 44.83112662168986, "epsilon": 9.744943372814955, "tau": 1681.7756080692006, "kronecker_kernel": false}}
{"target": 40.30473291065233, "params": {"C": 47.34429580395394, "epsilon": 10.061471412012514, "tau": 1676.8552772742753, "kronecker_kernel": false}}
