{"target": 42.01474199146811, "params": {"C": 124.49175910488378, "epsilon": 0.039980535294510844, "tau": 4094.2122205426926, "kronecker_kernel": false}}
{"target": 40.35612697757252, "params": {"C": 54.193711648405014, "epsilon": 10.219414826815626, "tau": 2429.259050649155, "kronecker_kernel": false}}
{"target": 42.58205359449725, "params": {"C": 111.55160311029063, "epsilon": 13.52579888376963, "tau": 2893.1792796536765, "kronecker_kernel": false}}
{"target": 42.054952373873896, "params": {"C": 129.80539395324354, "epsilon": 0.8863612653367214, "tau": 4219.092103620003, "kronecker_kernel": false}}
{"target": 42.31970774429587, "params": {"C": 279.0122324086609, "epsilon": 4.502241880675735, "tau": 4552.877410327702, "kronecker_kernel": false}}
{"target": 42.55533471265504, "params": {"C": 189.0331497028189, "epsilon": 8.949977934287514, "tau": 2913.5967841879747, "kronecker_kernel": false}}
{"target": 42.803117231348416, "params": {"C": 244.04786251930386, "epsilon": 13.95217461432395, "tau": 2287.1635267818956, "kronecker_kernel": false}}
{"target": 42.70693708710475, "params": {"C": 211.85707299286585, "epsilon": 12.037810128422423, "tau": 2080.786586122429, "kronecker_kernel": false}}
{"target": 42.732669380267374, "params": {"C": 170.07090056848008, "epsilon": 12.58482467525765, "tau": 2298.081730282234, "kronecker_kernel": false}}
{"target": 41.00952384233235, "params": {"C": 70.7176771898013, "epsilon": 8.079511983151377, "tau": 2884.517328821237, "kronecker_kernel": false}}
{"target": 42.16870185195866, "params": {"C": 478.56521419245473, "epsilon": 0.7718607815445484, "tau": 2118.209446345888, "kronecker_kernel": false}}
{"target": 41.070121921350164, "params": {"C": 58.600573700027155, "epsilon": 8.714230607095532, "tau": 3827.619994075263, "kronecker_kernel": false}}
{"target": 41.11198447476812, "params": {"C": 42.95102281125509, "epsilon": 7.813688734982664, "tau": 2216.070851775442, "kronecker_kernel": false}}
{"target": 42.06071533682578, "params": {"C": 33.55367454543554, "epsilon": 7.422499273159632, "tau": 3819.818516746295, "kronecker_kernel": false}}
{"target": 42.27175983117619, "params": {"C": 98.82313559468258, "epsilon": 6.0019320610468965, "tau": 2078.8989586576918, "kronecker_kernel": false}}
{"target": 41.736846675341965, "params": {"C": 95.66719503940445, "epsilon": 7.528532864052782, "tau": 3548.3703345873932, "kronecker_kernel": false}}
{"target": 42.520703406861884, "params": {"C": 33.03356204142998, "epsilon": 10.417964909196797, "tau": 3987.6169940932587, "kronecker_kernel": false}}
{"target": 62.71601382647374, "params": {"C": 2.708953075576744, "epsilon": 7.491036709877159, "tau": 2322.9630261087436, "kronecker_kernel": false}}
{"target": 56.835729890924334, "params": {"C": 10.372224417290383, "epsilon": 8.768526744984378, "tau": 2465.365789361938, "kronecker_kernel": false}}
{"target": 42.35941995655895, "params": {"C": 146.0625877956577, "epsilon": 7.779087896708633, "tau": 4666.304129171901, "kronecker_kernel": false}}
{"target": 42.21791286688979, "params": {"C": 123.64818838290915, "epsilon": 10.42282303908108, "tau": 4609.9913091266435, "kronecker_kernel": false}}
{"target": 42.487220558858084, "params": {"C": 178.0604596276425, "epsilon": 8.577598493134163, "tau": 4568.451187670098, "kronecker_kernel": false}}
{"target": 61.957758748570804, "params": {"C": 3.8133218540558147, "epsilon": 4.367688772663141, "tau": 4544.927277876614, "kronecker_kernel": false}}
{"target": 42.48960418208058, "params": {"C": 166.02559460180544, "epsilon": 8.970052436868517, "tau": 4216.221452479259, "kronecker_kernel": false}}
{"target": 42.3516893606063, "params": {"C": 309.6029094419535, "epsilon": 5.165986325880968, "tau": 3320.4221038413807, "kronecker_kernel": false}}
{"target": 41.28663649512963, "params": {"C": 42.738601016240686, "epsilon": 17.09120801297513, "tau": 2231.523779447714, "kronecker_kernel": false}}
{"target": 42.60191994846646, "params": {"C": 224.85385042372513, "epsilon": 9.914866052903642, "tau": 3473.856622660341, "kronecker_kernel": false}}
{"target": 42.31062861624574, "params": {"C": 954.7246772734011, "epsilon": 4.299887169216618, "tau": 2127.7613942229245, "kronecker_kernel": false}}
{"target": 43.38028951680871, "params": {"C": 152.1452225213119, "epsilon": 28.09586801874242, "tau": 4919.737240122456, "kronecker_kernel": false}}
{"target": 41.86347002326689, "params": {"C": 71.24101107163382, "epsilon": 21.341318417089163, "tau": 2117.761654432412, "kronecker_kernel": false}}
{"target": 52.59226961333885, "params": {"C": 12.0258771316864, "epsilon": 13.679083500283093, "tau": 2494.5405856972843, "kronecker_kernel": false}}
{"target": 41.04688121836077, "params": {"C": 52.60888000725936, "epsilon": 13.571647144983698, "tau": 2456.185162167313, "kronecker_kernel": false}}
{"target": 55.39502031231844, "params": {"C": 10.791688474961163, "epsilon": 15.188091675415869, "tau": 2448.6405267305527, "kronecker_kernel": false}}
{"target": 58.90887205680067, "params": {"C": 9.274156767268948, "epsilon": 16.261242785107587, "tau": 2105.529707270452, "kronecker_kernel": false}}
{"target": 41.746012200751785, "params": {"C": 86.47133299793089, "epsilon": 7.878530435356041, "tau": 2895.950508491488, "kronecker_kernel": false}}
{"target": 43.88233163936988, "params": {"C": 21.41807545372757, "epsilon": 8.818511331503716, "tau": 2734.676254749045, "kronecker_kernel": false}}
{"target": 63.49754472897075, "params": {"C": 5.223433498397696, "epsilon": 11.362333706758664, "tau": 2609.1173001442103, "kronecker_kernel": false}}
{"target": 42.43971226195616, "params": {"C": 256.1603872098444, "epsilon": 6.770724174213938, "tau": 2711.5985208277216, "kronecker_kernel": false}}
{"target": 61.82177229324755, "params": {"C": 1.8551643917042853, "epsilon": 10.332320821341588, "tau": 2167.042695489201, "kronecker_kernel": false}}
{"target": 43.05647192869058, "params": {"C": 165.21222121730978, "epsilon": 18.576685002552324, "tau": 2427.2317201873307, "kronecker_kernel": false}}
{"target": 41.136248369174155, "params": {"C": 60.73877082113016, "epsilon": 11.440921184360352, "tau": 2052.807266194451, "kronecker_kernel": false}}
{"target": 61.53371166835946, "params": {"C": 8.764975012463871, "epsilon": 5.5139171841152335, "tau": 2020.7681867536392, "kronecker_kernel": false}}
{"target": 43.02510333326032, "params": {"C": 294.61101871680194, "epsilon": 17.984012759055727, "tau": 3034.3122646468278, "kronecker_kernel": false}}
{"target": 42.215381950219374, "params": {"C": 207.46847388814587, "epsilon": 1.9911210975621012, "tau": 3306.7210535919976, "kronecker_kernel": false}}
{"target": 42.447570193253554, "params": {"C": 296.3063292324235, "epsilon": 6.886471783278408, "tau": 2326.80350765496, "kronecker_kernel": false}}
{"target": 42.548899855499045, "params": {"C": 186.79029025180012, "epsilon": 8.81972531167294, "tau": 2180.6103956538154, "kronecker_kernel": false}}
{"target": 41.307254330756415, "params": {"C": 63.52841437343648, "epsilon": 11.61335173005981, "tau": 2074.247833798689, "kronecker_kernel": false}}
{"target": 42.77006656378036, "params": {"C": 106.44403799899845, "epsilon": 16.15247112270315, "tau": 2049.496370873733, "kronecker_kernel": false}}
{"target": 42.76665924819459, "params": {"C": 141.32927242492784, "epsilon": 13.456676571261397, "tau": 2046.129480810023, "kronecker_kernel": false}}
{"target": 60.88676438787276, "params": {"C": 0.9622187438297942, "epsilon": 1.0843343197922461, "tau": 3603.6069688257276, "kronecker_kernel": false}}
{"target": 42.81240960246658, "params": {"C": 128.29328497362513, "epsilon": 16.53326951915705, "tau": 2628.42306928925, "kronecker_kernel": false}}
{"target": 42.88243035802807, "params": {"C": 196.9602860656443, "epsilon": 15.467549354830894, "tau": 2124.3380385904115, "kronecker_kernel": false}}
{"target": 61.21915121843648, "params": {"C": 3.7556523471335623, "epsilon": 7.830259353668448, "tau": 3557.79204492742, "kronecker_kernel": false}}
{"target": 42.40971568509872, "params": {"C": 99.95416831344733, "epsilon": 16.66005035922548, "tau": 2956.170079640508, "kronecker_kernel": false}}
{"target": 42.447512013564015, "params": {"C": 136.85687336925687, "epsilon": 8.324243906371063, "tau": 2982.8821635510853, "kronecker_kernel": false}}
{"target": 43.795297385031375, "params": {"C": 414.613651305432, "epsilon": 28.19593467371658, "tau": 2714.3409468236573, "kronecker_kernel": false}}
{"target": 42.22703087122449, "params": {"C": 85.7946786439956, "epsilon": 9.229403275621484, "tau": 2134.2706958177873, "kronecker_kernel": false}}
{"target": 42.56146183987461, "params": {"C": 117.20834844420537, "epsilon": 10.63178447997989, "tau": 2095.044523320578, "kronecker_kernel": false}}
{"target": 41.639027504511134, "params": {"C": 32.95168955260933, "epsilon": 12.61278870037893, "tau": 2030.0135079351505, "kronecker_kernel": false}}
{"target": 44.64672572152803, "params": {"C": 17.941272669122043, "epsilon": 12.426699635746411, "tau": 2066.0800449533676, "kronecker_kernel": false}}
{"target": 42.26360969718145, "params": {"C": 191.66269420496653, "epsilon": 3.7767408355895964, "tau": 4990.17701367813, "kronecker_kernel": false}}
{"target": 42.48337413705538, "params": {"C": 144.18866130152918, "epsilon": 7.533228713825328, "tau": 2016.0009361568564, "kronecker_kernel": false}}
{"target": 58.97402935583874, "params": {"C": 13.322570429013808, "epsilon": 17.052412667693478, "tau": 4354.187644524512, "kronecker_kernel": false}}
{"target": 41.846461140275245, "params": {"C": 53.3183113961922, "epsilon": 19.528509738426845, "tau": 4487.538790998412, "kronecker_kernel": false}}
{"target": 63.49754472897075, "params": {"C": 1.3280887953528406, "epsilon": 11.731784841405434, "tau": 4337.7085012300495, "kronecker_kernel": false}}
{"target": 61.270555915744445, "params": {"C": 5.932010170368102, "epsilon": 8.240635487757295, "tau": 4740.47377430064, "kronecker_kernel": false}}
{"target": 42.064958493382726, "params": {"C": 108.11424551728086, "epsilon": 5.0100522682291615, "tau": 3485.3213186740672, "kronecker_kernel": false}}
{"target": 42.052970026538624, "params": {"C": 97.56566688319073, "epsilon": 10.324363951100095, "tau": 3244.460673078558, "kronecker_kernel": false}}
{"target": 42.32048259935185, "params": {"C": 140.7344488028063, "epsilon": 6.220864609141468, "tau": 3412.659530009813, "kronecker_kernel": false}}
{"target": 42.524600606659135, "params": {"C": 121.33708050214449, "epsilon": 11.985518433193285, "tau": 3376.4144549415873, "kronecker_kernel": false}}
{"target": 41.64103875357301, "params": {"C": 34.95019958968578, "epsilon": 5.90364845657201, "tau": 2700.7255537226724, "kronecker_kernel": false}}
{"target": 42.64973953611992, "params": {"C": 218.3662177596778, "epsilon": 10.872949282070756, "tau": 3815.614849340576, "kronecker_kernel": false}}
{"target": 42.29471902009557, "params": {"C": 902.9151619327697, "epsilon": 3.9360421020012453, "tau": 3834.841844653871, "kronecker_kernel": false}}
{"target": 41.01436627250433, "params": {"C": 51.372256326588875, "epsilon": 8.14955273495897, "tau": 2687.677550689302, "kronecker_kernel": false}}
{"target": 43.128603632519, "params": {"C": 830.680016342593, "epsilon": 19.581491651209827, "tau": 3628.4682568438193, "kronecker_kernel": false}}
{"target": 42.27769302078477, "params": {"C": 353.1534400033946, "epsilon": 3.5392515192879426, "tau": 3892.4123381693184, "kronecker_kernel": false}}
{"target": 42.55467332941116, "params": {"C": 27.489971761732154, "epsilon": 14.701346966800307, "tau": 2252.9797363306257, "kronecker_kernel": false}}
{"target": 42.595504553216536, "params": {"C": 222.17612577372708, "epsilon": 9.782675969670551, "tau": 2749.0951534815986, "kronecker_kernel": false}}
{"target": 42.62605122506909, "params": {"C": 256.3396679951999, "epsilon": 10.386145398458499, "tau": 2823.2001809155267, "kronecker_kernel": false}}
{"target": 43.28068745720189, "params": {"C": 24.075956500152934, "epsilon": 11.293551117452925, "tau": 2739.9835102821785, "kronecker_kernel": false}}
{"target": 61.87953782579344, "params": {"C": 8.421739668479383, "epsilon": 10.919788397125831, "tau": 2966.6123661940296, "kronecker_kernel": false}}
{"target": 60.56993620864013, "params": {"C": 6.205749932290317, "epsilon": 9.201014386216158, "tau": 3094.5773044398056, "kronecker_kernel": false}}
{"target": 41.04106834552016, "params": {"C": 48.44125576755988, "epsilon": 11.244426106643022, "tau": 2673.1558637481057, "kronecker_kernel": false}}
{"target": 61.57537706448113, "params": {"C": 3.95580714499404, "epsilon": 5.852296982303201, "tau": 2653.5271665554833, "kronecker_kernel": false}}
{"target": 41.33741771901355, "params": {"C": 70.35433724676432, "epsilon": 3.378248662859276, "tau": 2339.8645063547556, "kronecker_kernel": false}}
{"target": 42.20383949366476, "params": {"C": 131.57745090664537, "epsilon": 2.4070078346092885, "tau": 2524.4920352409445, "kronecker_kernel": false}}
{"target": 42.10384266615883, "params": {"C": 92.0005199142982, "epsilon": 3.7264457979070755, "tau": 2327.7473300555775, "kronecker_kernel": false}}
{"target": 42.196689751734176, "params": {"C": 269.33163754446196, "epsilon": 1.5316066523410345, "tau": 2564.58001112583, "kronecker_kernel": false}}
{"target": 43.570615529416465, "params": {"C": 463.76388554999295, "epsilon": 25.372053721508735, "tau": 4358.714465471509, "kronecker_kernel": false}}
{"target": 42.08429665511659, "params": {"C": 111.61230129662331, "epsilon": 0.7720248288056926, "tau": 2461.9070529637324, "kronecker_kernel": false}}
{"target": 60.16990922106184, "params": {"C": 8.57844768345911, "epsilon": 0.9746098088526978, "tau": 2046.1581541862797, "kronecker_kernel": false}}
{"target": 42.16943785968048, "params": {"C": 217.50366517761452, "epsilon": 0.7924885689279897, "tau": 2047.9865625838154, "kronecker_kernel": false}}
{"target": 42.33665948284529, "params": {"C": 99.61853635826893, "epsilon": 8.98694620113471, "tau": 2580.4629538852164, "kronecker_kernel": false}}
{"target": 63.49754472897075, "params": {"C": 0.5175477105149398, "epsilon": 17.831689468654247, "tau": 2552.4421729327023, "kronecker_kernel": false}}
{"target": 61.20546298132327, "params": {"C": 1.254425575519221, "epsilon": 7.635316126612849, "tau": 2406.0690755605146, "kronecker_kernel": false}}
{"target": 42.06496799708545, "params": {"C": 132.0880190208417, "epsilon": 0.3015950425763707, "tau": 3528.167424719538, "kronecker_kernel": false}}
{"target": 42.56962313769893, "params": {"C": 154.72373731504263, "epsilon": 9.373430319966712, "tau": 2578.1476409261127, "kronecker_kernel": false}}
{"target": 42.58623485300817, "params": {"C": 158.08301816002148, "epsilon": 9.660702703478988, "tau": 2547.433659497145, "kronecker_kernel": false}}
{"target": 42.58183646473439, "params": {"C": 149.6480726451045, "epsilon": 9.669892579934121, "tau": 2427.1581444458925, "kronecker_kernel": false}}
{"target": 42.68475397478815, "params": {"C": 161.21543967224437, "epsilon": 11.847042309323754, "tau": 2785.7837228429516, "kronecker_kernel": false}}
{"target": 42.57745012212947, "params": {"C": 104.16531127877148, "epsilon": 13.351374511916207, "tau": 2503.437727735061, "kronecker_kernel": false}}
{"target": 42.828252342719296, "params": {"C": 200.83027116720558, "epsilon": 14.43976357764928, "tau": 2527.44757294852, "kronecker_kernel": false}}
{"target": 42.845175052477224, "params": {"C": 154.67113513347005, "epsilon": 15.164139446009731, "tau": 2518.0593221285253, "kronecker_kernel": false}}
{"target": 43.192232797154446, "params": {"C": 274.1529964526665, "epsilon": 20.518646562739605, "tau": 2088.8170134832462, "kronecker_kernel": false}}
{"target": 62.718285637178994, "params": {"C": 5.075648029367429, "epsilon": 5.541560250270049, "tau": 3742.733307261421, "kronecker_kernel": false}}
{"target": 42.61715373777734, "params": {"C": 704.2565937624009, "epsilon": 10.226926935443931, "tau": 4226.272235852685, "kronecker_kernel": false}}
{"target": 42.53711474154126, "params": {"C": 105.83680978573497, "epsilon": 11.18698321922293, "tau": 2027.6269872007929, "kronecker_kernel": false}}
{"target": 41.14495390215694, "params": {"C": 39.42972540689222, "epsilon": 10.811156552317778, "tau": 2097.163739960044, "kronecker_kernel": false}}
{"target": 49.66817184247456, "params": {"C": 11.91955000925114, "epsilon": 6.2686194869684115, "tau": 2082.397613775767, "kronecker_kernel": false}}
{"target": 47.84298776811013, "params": {"C": 14.765815911436427, "epsilon": 15.14876549517609, "tau": 2444.8030604228875, "kronecker_kernel": false}}
{"target": 41.528084220271055, "params": {"C": 68.0145065327695, "epsilon": 11.757255186115929, "tau": 2088.8113687727714, "kronecker_kernel": false}}
{"target": 41.41186789644543, "params": {"C": 37.60374711974368, "epsilon": 12.12146686014637, "tau": 2285.4713902269195, "kronecker_kernel": false}}
{"target": 40.63981382101382, "params": {"C": 55.99368665718016, "epsilon": 9.266249972392465, "tau": 2013.2658181022107, "kronecker_kernel": false}}
{"target": 59.692135110926486, "params": {"C": 2.623691840276301, "epsilon": 8.98016389616889, "tau": 2241.8111216358466, "kronecker_kernel": false}}
{"target": 42.6490820917067, "params": {"C": 295.16168766819493, "epsilon": 10.859210183263688, "tau": 2023.7438594951686, "kronecker_kernel": false}}
{"target": 43.47552605602068, "params": {"C": 22.094474769410276, "epsilon": 11.415057279143701, "tau": 2432.415635990583, "kronecker_kernel": false}}
{"target": 59.59633444242918, "params": {"C": 7.647548086251142, "epsilon": 8.710495771166027, "tau": 2539.7578352142928, "kronecker_kernel": false}}
{"target": 42.525527690898045, "params": {"C": 256.7899067652417, "epsilon": 8.344809939243211, "tau": 2011.6062203356037, "kronecker_kernel": false}}
{"target": 49.15674329458577, "params": {"C": 13.111698441542138, "epsilon": 12.904114217124528, "tau": 2318.9726167621957, "kronecker_kernel": false}}
{"target": 41.92562163858359, "params": {"C": 60.486028729077816, "epsilon": 29.405804211947828, "tau": 4018.099751461529, "kronecker_kernel": false}}
{"target": 43.84998473142183, "params": {"C": 844.8469235271178, "epsilon": 28.880165051965967, "tau": 3520.0134082461554, "kronecker_kernel": false}}
{"target": 41.952386844300406, "params": {"C": 29.100849322617492, "epsilon": 11.756340764706577, "tau": 2167.910701831093, "kronecker_kernel": false}}
{"target": 41.16412371619085, "params": {"C": 61.760238714511566, "epsilon": 7.840954791905042, "tau": 2055.6206279774015, "kronecker_kernel": false}}
{"target": 42.43006609319706, "params": {"C": 208.72974059202818, "epsilon": 6.636825877058658, "tau": 4180.7228821947465, "kronecker_kernel": false}}
{"target": 42.896395916830535, "params": {"C": 574.9263406217616, "epsilon": 15.725715962166213, "tau": 4808.884712374298, "kronecker_kernel": false}}
{"target": 41.56436983707348, "params": {"C": 38.79426315042525, "epsilon": 17.452604439803025, "tau": 2018.1731194308895, "kronecker_kernel": false}}
{"target": 42.52238534837009, "params": {"C": 166.02564194488036, "epsilon": 8.279536765242185, "tau": 2040.9006385790071, "kronecker_kernel": false}}
{"target": 49.36501882580419, "params": {"C": 12.292970721492978, "epsilon": 10.250388502569907, "tau": 2083.6498416453464, "kronecker_kernel": false}}
{"target": 42.459382157050904, "params": {"C": 145.10755012072758, "epsilon": 7.0951430266318525, "tau": 2077.6052404577986, "kronecker_kernel": false}}
{"target": 41.378439805462776, "params": {"C": 35.45688248359155, "epsilon": 7.8272339141107405, "tau": 2093.5108801692863, "kronecker_kernel": false}}
{"target": 44.292237997748124, "params": {"C": 17.80618617690929, "epsilon": 8.175104513536382, "tau": 2235.9455220829423, "kronecker_kernel": false}}
{"target": 43.80316936860155, "params": {"C": 678.1522473387628, "epsilon": 28.294058931800635, "tau": 2089.618159053619, "kronecker_kernel": false}}
{"target": 42.2903302234977, "params": {"C": 111.65029081048758, "epsilon": 5.923381874416512, "tau": 2293.873238058148, "kronecker_kernel": false}}
{"target": 59.59603243883394, "params": {"C": 2.0913932033100693, "epsilon": 8.70964047388903, "tau": 2077.9317487973344, "kronecker_kernel": false}}
{"target": 41.74053907802126, "params": {"C": 29.118614411963826, "epsilon": 5.792714999813569, "tau": 2253.086466591621, "kronecker_kernel": false}}
{"target": 42.32536395737914, "params": {"C": 154.58763320841538, "epsilon": 4.740004179988659, "tau": 2777.738547568944, "kronecker_kernel": false}}
{"target": 41.65133894851226, "params": {"C": 85.13234822621239, "epsilon": 5.258699943916631, "tau": 2890.5695609628006, "kronecker_kernel": false}}
{"target": 61.94755245445107, "params": {"C": 6.8137997489758675, "epsilon": 4.493610675966656, "tau": 3153.5579899637964, "kronecker_kernel": false}}
{"target": 41.22373868889251, "params": {"C": 79.36008920704158, "epsilon": 0.2996367234651546, "tau": 3184.1692670406933, "kronecker_kernel": false}}
{"target": 42.51588461518763, "params": {"C": 132.7182443486987, "epsilon": 8.448048695003509, "tau": 2031.9855440167428, "kronecker_kernel": false}}
{"target": 41.46675434868042, "params": {"C": 66.59274196009214, "epsilon": 11.368929280862368, "tau": 2061.5437788524937, "kronecker_kernel": false}}
{"target": 42.52401844631216, "params": {"C": 92.7614629801264, "epsilon": 12.667219123940647, "tau": 2076.6547718381976, "kronecker_kernel": false}}
{"target": 40.80484480423123, "params": {"C": 56.9222264251132, "epsilon": 3.7957009565909416, "tau": 3110.2734419890708, "kronecker_kernel": false}}
{"target": 41.928779161517625, "params": {"C": 30.824866517526274, "epsilon": 3.072244145452347, "tau": 3270.0849975097103, "kronecker_kernel": false}}
{"target": 46.13233864275806, "params": {"C": 16.15755758905184, "epsilon": 3.7941241747793883, "tau": 2763.7825256787605, "kronecker_kernel": false}}
{"target": 40.48776002321186, "params": {"C": 68.63067370360884, "epsilon": 3.9669307122606097, "tau": 3316.1688398159226, "kronecker_kernel": false}}
