{"target": 41.270779927738786, "params": {"C": 58.79581214164453, "epsilon": 7.2835721671345635, "tau": 1739.809357577672, "kronecker_kernel": false}}
{"target": 40.51031271001543, "params": {"C": 50.70371568407543, "epsilon": 9.396127157835178, "tau": 1705.8410064464567, "kronecker_kernel": false}}
{"target": 41.35136159049169, "params": {"C": 60.69117588443637, "epsilon": 6.347530596820621, "tau": 1745.1703825798672, "kronecker_kernel": false}}
{"target": 41.75203533447462, "params": {"C": 68.14819634052813, "epsilon": 4.754784539994942, "tau": 1754.5734654602338, "kronecker_kernel": false}}
{"target": 41.175998378201065, "params": {"C": 55.76315660515797, "epsilon": 4.384232388362979, "tau": 1634.1543255687689, "kronecker_kernel": false}}
{"target": 40.31009150547426, "params": {"C": 49.70139422458742, "epsilon": 6.07388234520249, "tau": 1931.1933232847439, "kronecker_kernel": false}}
{"target": 40.36727362908952, "params": {"C": 49.15103102923106, "epsilon": 6.8391600091265214, "tau": 1760.9224179244397, "kronecker_kernel": false}}
{"target": 41.97813143991448, "params": {"C": 62.33084641345026, "epsilon": 11.73735637143513, "tau": 1394.5057141360446, "kronecker_kernel": false}}
{"target": 40.353301004898086, "params": {"C": 49.1133164815371, "epsilon": 8.7504629493087, "tau": 1991.3010830780822, "kronecker_kernel": false}}
{"target": 43.801622252703325, "params": {"C": 55.67904232081247, "epsilon": 28.274931273834227, "tau": 30.321049726198794, "kronecker_kernel": false}}
{"target": 40.92303239476396, "params": {"C": 57.071547806864054, "epsilon": 6.658049817447825, "tau": 1933.0872008188944, "kronecker_kernel": false}}
{"target": 40.88659907493728, "params": {"C": 57.692394287541, "epsilon": 7.209110598308202, "tau": 1995.4695087367597, "kronecker_kernel": false}}
{"target": 63.49754472897075, "params": {"C": 0.3354135172030439, "epsilon": 23.62859529181833, "tau": 981.4234430833612, "kronecker_kernel": false}}
{"target": 40.370079018265166, "params": {"C": 50.99437653818213, "epsilon": 5.475734811088827, "tau": 1925.5477476995316, "kronecker_kernel": false}}
{"target": 41.020791616578705, "params": {"C": 43.47676073285714, "epsilon": 5.730130836952679, "tau": 1849.6148335714863, "kronecker_kernel": false}}
{"target": 61.51342240262672, "params": {"C": 3.5889823397288723, "epsilon": 27.964210990758886, "tau": 1150.6077092960413, "kronecker_kernel": false}}
{"target": 40.66149559957956, "params": {"C": 52.393230858487826, "epsilon": 6.369870384211077, "tau": 1769.8182194370258, "kronecker_kernel": false}}
{"target": 40.277992726908096, "params": {"C": 47.234893965338344, "epsilon": 7.420414799219766, "tau": 1761.8838904700842, "kronecker_kernel": false}}
{"target": 40.34283172388661, "params": {"C": 50.431786117834136, "epsilon": 6.41679672718626, "tau": 1898.5279964880922, "kronecker_kernel": false}}
{"target": 41.3927740378114, "params": {"C": 28.68847200902283, "epsilon": 4.100423469282679, "tau": 1796.6489447532708, "kronecker_kernel": false}}
{"target": 40.46700147920358, "params": {"C": 49.229095747986406, "epsilon": 5.00975108633348, "tau": 1712.4202656693506, "kronecker_kernel": false}}
{"target": 41.24594080990203, "params": {"C": 37.578539043642884, "epsilon": 7.561582081785206, "tau": 1951.9904023115882, "kronecker_kernel": false}}
{"target": 41.2348126686761, "params": {"C": 57.15635901837606, "epsilon": 10.311269467395121, "tau": 1727.0871205062986, "kronecker_kernel": false}}
{"target": 41.148369465240066, "params": {"C": 37.694648330914234, "epsilon": 10.328225660331057, "tau": 1799.9944056886013, "kronecker_kernel": false}}
{"target": 41.5420956455158, "params": {"C": 29.202501225587195, "epsilon": 8.80211204158825, "tau": 1996.0701369420299, "kronecker_kernel": false}}
{"target": 40.68573337804571, "params": {"C": 46.001112253443466, "epsilon": 12.177026398991252, "tau": 1784.5874576626506, "kronecker_kernel": false}}
{"target": 40.352027198424594, "params": {"C": 48.917731297175266, "epsilon": 13.74329173434951, "tau": 1679.2608372576155, "kronecker_kernel": false}}
{"target": 41.122720188924305, "params": {"C": 37.80962214949603, "epsilon": 9.009371751537163, "tau": 1734.098965778082, "kronecker_kernel": false}}
{"target": 40.34445485305909, "params": {"C": 46.914874875328366, "epsilon": 10.732195657654435, "tau": 1800.7093911415316, "kronecker_kernel": false}}
{"target": 41.10056963663099, "params": {"C": 44.70813182452807, "epsilon": 6.639198940681655, "tau": 1966.6998215875692, "kronecker_kernel": false}}
{"target": 40.424213618798625, "params": {"C": 45.30317279097535, "epsilon": 7.07003942891356, "tau": 1764.680815516291, "kronecker_kernel": false}}
{"target": 41.95822243135542, "params": {"C": 68.27959142197385, "epsilon": 12.30054040483813, "tau": 1698.391765881459, "kronecker_kernel": false}}
{"target": 41.473163098214684, "params": {"C": 61.969869944664254, "epsilon": 10.135105463749326, "tau": 1756.6916191091523, "kronecker_kernel": false}}
{"target": 42.474643030746414, "params": {"C": 79.29440388022007, "epsilon": 12.325930128383632, "tau": 1580.5601485490993, "kronecker_kernel": false}}
{"target": 42.17438718732227, "params": {"C": 69.17760346223433, "epsilon": 9.673114745305726, "tau": 1471.9679328801371, "kronecker_kernel": false}}
{"target": 41.63531866170255, "params": {"C": 62.0358268679435, "epsilon": 11.754820422181616, "tau": 1649.2398207292808, "kronecker_kernel": false}}
{"target": 40.29171264735924, "params": {"C": 51.94259113457376, "epsilon": 9.686346806813376, "tau": 1994.7469773175535, "kronecker_kernel": false}}
{"target": 41.10469477754013, "params": {"C": 38.03267829176834, "epsilon": 5.842127650461702, "tau": 1943.662469053034, "kronecker_kernel": false}}
{"target": 40.36124413046783, "params": {"C": 53.47276005989223, "epsilon": 13.70140470447015, "tau": 1999.9428070653398, "kronecker_kernel": false}}
{"target": 41.26918568549762, "params": {"C": 58.57851888427919, "epsilon": 5.981315642420001, "tau": 1710.2041510246002, "kronecker_kernel": false}}
{"target": 40.413319999219404, "params": {"C": 49.84334280082629, "epsilon": 12.354534284731226, "tau": 1717.6414515310635, "kronecker_kernel": false}}
{"target": 40.36907846387528, "params": {"C": 47.76488065790007, "epsilon": 11.329997527413623, "tau": 1830.0494495862831, "kronecker_kernel": false}}
{"target": 41.79487413797199, "params": {"C": 70.78527643107009, "epsilon": 12.927504210047305, "tau": 1994.189558816913, "kronecker_kernel": false}}
{"target": 40.88270774641224, "params": {"C": 56.61278290446205, "epsilon": 10.459885995878064, "tau": 1924.3218130685736, "kronecker_kernel": false}}
{"target": 40.56869969310419, "params": {"C": 55.02156123191268, "epsilon": 10.134316627298256, "tau": 1971.125536810296, "kronecker_kernel": false}}
{"target": 40.5175233221774, "params": {"C": 54.677987850000214, "epsilon": 7.699147083134643, "tau": 1992.3870619525958, "kronecker_kernel": false}}
{"target": 40.79177366868022, "params": {"C": 43.70305254097937, "epsilon": 10.784818596385604, "tau": 1760.3592705024907, "kronecker_kernel": false}}
{"target": 40.32651461287061, "params": {"C": 35.90829886905277, "epsilon": 6.15520081921281, "tau": 1060.8590223292317, "kronecker_kernel": false}}
{"target": 40.51953983123027, "params": {"C": 38.40474977541769, "epsilon": 5.7335312833384044, "tau": 993.4095339557398, "kronecker_kernel": false}}
{"target": 40.265191997811755, "params": {"C": 43.287386731341094, "epsilon": 7.987737513853032, "tau": 1489.451252156861, "kronecker_kernel": false}}
{"target": 40.957452259215735, "params": {"C": 48.108567444768234, "epsilon": 13.683619145830349, "tau": 1994.3372247305397, "kronecker_kernel": false}}
{"target": 40.44666911740144, "params": {"C": 46.04247161503471, "epsilon": 7.989055127986806, "tau": 1463.6567774498417, "kronecker_kernel": false}}
{"target": 41.03999938787804, "params": {"C": 38.73823641538951, "epsilon": 8.576268716777083, "tau": 1598.1953564333967, "kronecker_kernel": false}}
{"target": 40.3729112069445, "params": {"C": 47.73505639875901, "epsilon": 8.405651293696787, "tau": 1625.831248661297, "kronecker_kernel": false}}
{"target": 42.91138618976786, "params": {"C": 98.55229569445032, "epsilon": 17.081773119497505, "tau": 1234.4009814761957, "kronecker_kernel": false}}
{"target": 40.29537332439482, "params": {"C": 47.80990791779223, "epsilon": 8.291329979776897, "tau": 1733.7715131025118, "kronecker_kernel": false}}
{"target": 41.05857716635655, "params": {"C": 39.28376370511937, "epsilon": 9.88257794165229, "tau": 1691.0933009990513, "kronecker_kernel": false}}
{"target": 41.09803508294349, "params": {"C": 39.54018311409779, "epsilon": 9.667790402608567, "tau": 1659.1555429998734, "kronecker_kernel": false}}
{"target": 41.359109937862094, "params": {"C": 54.18876196939301, "epsilon": 11.970034769952415, "tau": 1467.6023544564605, "kronecker_kernel": false}}
{"target": 41.50533764314241, "params": {"C": 54.69322454862425, "epsilon": 11.338359239520281, "tau": 1359.204305257997, "kronecker_kernel": false}}
{"target": 41.25725928412501, "params": {"C": 55.36227921421735, "epsilon": 8.528821824839964, "tau": 1567.5036098340017, "kronecker_kernel": false}}
{"target": 40.45192807040934, "params": {"C": 46.63996657155351, "epsilon": 13.182312640030617, "tau": 1464.75918935793, "kronecker_kernel": false}}
{"target": 40.917551929441046, "params": {"C": 52.15834962612066, "epsilon": 3.769735358137691, "tau": 1629.7634280630318, "kronecker_kernel": false}}
{"target": 42.08284888125947, "params": {"C": 76.91596176085167, "epsilon": 1.6166259787082247, "tau": 1435.6774914277446, "kronecker_kernel": false}}
{"target": 43.31419440022525, "params": {"C": 18.901419678012687, "epsilon": 10.414951327515588, "tau": 1742.1753116272546, "kronecker_kernel": false}}
{"target": 41.79497558378265, "params": {"C": 25.45282884025244, "epsilon": 6.242303981934599, "tau": 1699.5852418404702, "kronecker_kernel": false}}
{"target": 43.99698784757321, "params": {"C": 16.983502355017084, "epsilon": 12.306265625884793, "tau": 1638.6079622147138, "kronecker_kernel": false}}
{"target": 40.876017126671194, "params": {"C": 37.01098679390903, "epsilon": 9.20367730334841, "tau": 1314.2817454580897, "kronecker_kernel": false}}
{"target": 41.03523008632995, "params": {"C": 39.87040215574571, "epsilon": 5.491697326049291, "tau": 1614.8004720891918, "kronecker_kernel": false}}
{"target": 40.84181853033582, "params": {"C": 42.067312153435246, "epsilon": 5.6320570422059255, "tau": 1667.234021305295, "kronecker_kernel": false}}
{"target": 40.336384767059336, "params": {"C": 46.694044394464875, "epsilon": 8.815563853204786, "tau": 1570.6562781910657, "kronecker_kernel": false}}
{"target": 40.46932707061115, "params": {"C": 51.027809265527125, "epsilon": 8.350028482193258, "tau": 1761.627758404985, "kronecker_kernel": false}}
{"target": 41.29077051518753, "params": {"C": 32.830822400387504, "epsilon": 14.389805219319156, "tau": 1697.5851876672577, "kronecker_kernel": false}}
{"target": 42.442630719850136, "params": {"C": 59.33775751519584, "epsilon": 9.018098626110257, "tau": 636.6426687548101, "kronecker_kernel": false}}
{"target": 40.261057830133446, "params": {"C": 47.073603906756354, "epsilon": 9.927430293720551, "tau": 1757.209590593391, "kronecker_kernel": false}}
{"target": 41.876012872461175, "params": {"C": 67.47501501279103, "epsilon": 8.42743298199264, "tau": 1661.8416835417838, "kronecker_kernel": false}}
{"target": 42.12872800402634, "params": {"C": 42.835868694212586, "epsilon": 13.300220425426437, "tau": 618.8969508324201, "kronecker_kernel": false}}
{"target": 41.62511252774169, "params": {"C": 63.17743043651904, "epsilon": 6.85071437463618, "tau": 1633.133445433943, "kronecker_kernel": false}}
{"target": 42.090968988508315, "params": {"C": 66.62360884098003, "epsilon": 6.723626825526467, "tau": 1345.8357060792243, "kronecker_kernel": false}}
{"target": 40.531875112175825, "params": {"C": 50.65959605933144, "epsilon": 4.760160979114914, "tau": 1731.7203740352431, "kronecker_kernel": false}}
{"target": 40.743652965607055, "params": {"C": 51.61559412120734, "epsilon": 4.721495510894954, "tau": 1689.0618429225317, "kronecker_kernel": false}}
{"target": 40.44085974485488, "params": {"C": 49.15792425473866, "epsilon": 8.65109594561412, "tau": 1669.660382628369, "kronecker_kernel": false}}
{"target": 40.655168509095866, "params": {"C": 50.629582768550115, "epsilon": 3.3721559001920065, "tau": 1682.4632760093477, "kronecker_kernel": false}}
{"target": 41.23950272669511, "params": {"C": 53.497295584635935, "epsilon": 7.5757881873809705, "tau": 1469.3191090845578, "kronecker_kernel": false}}
{"target": 41.15229138915418, "params": {"C": 38.087181048996385, "epsilon": 10.18455056277062, "tau": 1766.6977779686367, "kronecker_kernel": false}}
{"target": 41.16611471134259, "params": {"C": 36.12731981712165, "epsilon": 10.8919354367877, "tau": 1713.8326971636034, "kronecker_kernel": false}}
{"target": 41.01936444932717, "params": {"C": 47.438439594036716, "epsilon": 7.189335977642826, "tau": 1289.7835142236752, "kronecker_kernel": false}}
{"target": 40.49117348838834, "params": {"C": 45.7253640990178, "epsilon": 8.03719165068059, "tau": 1813.3192514047432, "kronecker_kernel": false}}
{"target": 41.537685914542365, "params": {"C": 55.20343588336031, "epsilon": 0.31443908640123297, "tau": 1270.0631092180145, "kronecker_kernel": false}}
{"target": 41.01558454876344, "params": {"C": 36.082158688254395, "epsilon": 7.56917534369672, "tau": 1428.6514087882751, "kronecker_kernel": false}}
{"target": 41.17026325860088, "params": {"C": 54.84060122329828, "epsilon": 11.880295406664926, "tau": 1657.4605234122944, "kronecker_kernel": false}}
{"target": 41.108661541138154, "params": {"C": 39.84840034210322, "epsilon": 9.437810818922312, "tau": 1996.672029771395, "kronecker_kernel": false}}
{"target": 41.019484134307504, "params": {"C": 20.657661720386134, "epsilon": 1.5563559964796259, "tau": 246.43507449885942, "kronecker_kernel": false}}
{"target": 41.54548098648384, "params": {"C": 65.80221358029337, "epsilon": 3.442341083800258, "tau": 1813.481476331663, "kronecker_kernel": false}}
{"target": 41.174988074158485, "params": {"C": 60.284681270786244, "epsilon": 10.258780929958082, "tau": 1970.664994397452, "kronecker_kernel": false}}
{"target": 41.23747560857763, "params": {"C": 32.357574418627166, "epsilon": 3.5586781776435066, "tau": 1830.4756267104615, "kronecker_kernel": false}}
{"target": 41.28082366174216, "params": {"C": 61.31004280719489, "epsilon": 5.4944288198325655, "tau": 1855.096013854744, "kronecker_kernel": false}}
{"target": 40.32467183498042, "params": {"C": 49.72013240143682, "epsilon": 9.28100423193945, "tau": 1784.3039119420907, "kronecker_kernel": false}}
{"target": 41.04978006576563, "params": {"C": 40.32520515645517, "epsilon": 6.910547793332176, "tau": 1753.1593751695732, "kronecker_kernel": false}}
{"target": 41.169351565791395, "params": {"C": 55.39882199238024, "epsilon": 10.435123509443816, "tau": 1671.7640531783798, "kronecker_kernel": false}}
{"target": 42.050214011477905, "params": {"C": 85.87269689345266, "epsilon": 1.4133773005122903, "tau": 1983.5171607557863, "kronecker_kernel": false}}
{"target": 40.28327244635733, "params": {"C": 41.840445697844146, "epsilon": 8.315901232800387, "tau": 1415.1863354204895, "kronecker_kernel": false}}
{"target": 41.08798963275736, "params": {"C": 37.175271319505384, "epsilon": 8.765121798049298, "tau": 1559.7080874164355, "kronecker_kernel": false}}
{"target": 41.03700292147248, "params": {"C": 50.24381461815332, "epsilon": 7.4573840709522665, "tau": 1436.7454902167497, "kronecker_kernel": false}}
{"target": 41.218115741591355, "params": {"C": 36.81288227368187, "epsilon": 6.6734123768103455, "tau": 1981.026222469147, "kronecker_kernel": false}}
{"target": 41.06093761426605, "params": {"C": 35.00527864090306, "epsilon": 9.18747585468269, "tau": 1363.7587133001005, "kronecker_kernel": false}}
{"target": 40.324901599879, "params": {"C": 44.01706927799722, "epsilon": 13.493284812933773, "tau": 1373.1558672802353, "kronecker_kernel": false}}
{"target": 41.42800473460866, "params": {"C": 50.66288168536545, "epsilon": 11.804253571231829, "tau": 1228.1991248417157, "kronecker_kernel": false}}
{"target": 40.65865508304611, "params": {"C": 41.9676191098276, "epsilon": 12.307244630586103, "tau": 1480.976724790031, "kronecker_kernel": false}}
{"target": 58.87028071210534, "params": {"C": 4.944197202469589, "epsilon": 0.495872778323168, "tau": 936.1425290922147, "kronecker_kernel": false}}
{"target": 41.39410720894623, "params": {"C": 28.35377820156716, "epsilon": 12.135819307392143, "tau": 1287.9701954734876, "kronecker_kernel": false}}
{"target": 40.80325467019102, "params": {"C": 46.474349570538784, "epsilon": 11.874389047019834, "tau": 1957.8721982747757, "kronecker_kernel": false}}
{"target": 41.54566709390113, "params": {"C": 60.779827634278554, "epsilon": 14.607398398845556, "tau": 1704.4622118846523, "kronecker_kernel": false}}
{"target": 41.252897682620755, "params": {"C": 55.33904542151406, "epsilon": 15.802245380964894, "tau": 1669.0384933484615, "kronecker_kernel": false}}
{"target": 43.73019651520639, "params": {"C": 15.984343618483084, "epsilon": 7.882675286674106, "tau": 1487.6048313004233, "kronecker_kernel": false}}
{"target": 40.74614043992936, "params": {"C": 56.48306459921339, "epsilon": 8.556649848568195, "tau": 1997.9079457560913, "kronecker_kernel": false}}
{"target": 63.49754472897075, "params": {"C": 4.070387707183599, "epsilon": 11.527636919032933, "tau": 590.6308582913352, "kronecker_kernel": false}}
{"target": 40.48366420204876, "params": {"C": 51.31180234072884, "epsilon": 8.363813611708807, "tau": 1771.484390551966, "kronecker_kernel": false}}
{"target": 40.786591837376086, "params": {"C": 56.845409252402625, "epsilon": 7.62501994940598, "tau": 1997.8084240800627, "kronecker_kernel": false}}
{"target": 42.3897980585826, "params": {"C": 78.60255387234201, "epsilon": 5.916309502658983, "tau": 55.201056570016476, "kronecker_kernel": false}}
{"target": 42.180666076321934, "params": {"C": 60.51859338562026, "epsilon": 25.113953814938505, "tau": 1410.9704220241247, "kronecker_kernel": false}}
{"target": 40.412448113721, "params": {"C": 49.293881708638125, "epsilon": 6.564557016699508, "tau": 1737.2650597050765, "kronecker_kernel": false}}
{"target": 41.13613293891864, "params": {"C": 34.87810490905559, "epsilon": 12.832871517790636, "tau": 1657.2719650241902, "kronecker_kernel": false}}
{"target": 41.00928786582984, "params": {"C": 41.170242695984214, "epsilon": 7.095270389997251, "tau": 1620.5316336186147, "kronecker_kernel": false}}
{"target": 40.850668400948926, "params": {"C": 41.65640300771534, "epsilon": 8.963867009259666, "tau": 1615.8286566045795, "kronecker_kernel": false}}
{"target": 41.56682362157009, "params": {"C": 34.84419289236082, "epsilon": 26.67273552104528, "tau": 1286.8136773475703, "kronecker_kernel": false}}
{"target": 41.02579282723391, "params": {"C": 51.13076266090794, "epsilon": 7.694221253470102, "tau": 1496.5648140496132, "kronecker_kernel": false}}
{"target": 40.634438254090455, "params": {"C": 45.86279019207964, "epsilon": 8.506500575236462, "tau": 1355.7948368019224, "kronecker_kernel": false}}
{"target": 41.93604012801126, "params": {"C": 69.1507580445316, "epsilon": 9.00649217643805, "tau": 1704.4701532178467, "kronecker_kernel": false}}
{"target": 41.63478265577568, "params": {"C": 56.654551245312916, "epsilon": 7.971361712870978, "tau": 1324.03620988279, "kronecker_kernel": false}}
{"target": 41.1125163506092, "params": {"C": 36.88138906581573, "epsilon": 5.049648875475042, "tau": 1989.847423952434, "kronecker_kernel": false}}
{"target": 40.3891356922029, "params": {"C": 45.351959480577186, "epsilon": 3.4501235354388777, "tau": 1745.58424634357, "kronecker_kernel": false}}
{"target": 41.009997146801865, "params": {"C": 47.71753533487254, "epsilon": 14.035489588554055, "tau": 1981.5223291531731, "kronecker_kernel": false}}
{"target": 40.99700102275027, "params": {"C": 44.31475072552949, "epsilon": 4.90311467026457, "tau": 1949.7979132723747, "kronecker_kernel": false}}
{"target": 40.757663417010654, "params": {"C": 52.36566583593365, "epsilon": 9.964313046827382, "tau": 1709.5224314768227, "kronecker_kernel": false}}
{"target": 40.937692064530374, "params": {"C": 44.009249099303624, "epsilon": 12.347043870082889, "tau": 1782.2452572128557, "kronecker_kernel": false}}
{"target": 40.85918327624117, "params": {"C": 53.65197326135926, "epsilon": 7.745896010739496, "tau": 1738.2048504474246, "kronecker_kernel": false}}
{"target": 41.29163893880591, "params": {"C": 57.483287586811265, "epsilon": 8.027363013412954, "tau": 1651.4178315992176, "kronecker_kernel": false}}
{"target": 41.39853283763665, "params": {"C": 60.839441149908325, "epsilon": 7.869355463800842, "tau": 1730.2781618355639, "kronecker_kernel": false}}
{"target": 41.170215080450554, "params": {"C": 35.870806150348635, "epsilon": 8.578336756159892, "tau": 1706.3680771590612, "kronecker_kernel": false}}
{"target": 41.243856963925104, "params": {"C": 34.56406415875889, "epsilon": 6.996917405158177, "tau": 1655.0871110351438, "kronecker_kernel": false}}
{"target": 41.33162302094414, "params": {"C": 31.450521396721545, "epsilon": 8.89840333156059, "tau": 1694.8353282865742, "kronecker_kernel": false}}
{"target": 40.80220835547851, "params": {"C": 44.73541429172955, "epsilon": 10.081293172967714, "tau": 1231.849459137085, "kronecker_kernel": false}}
{"target": 40.653522135404934, "params": {"C": 44.43752831807602, "epsilon": 10.466434140397988, "tau": 1261.3945201852052, "kronecker_kernel": false}}
{"target": 41.38166624447494, "params": {"C": 56.8898755735169, "epsilon": 4.257694792174698, "tau": 1497.1217390559548, "kronecker_kernel": false}}
{"target": 41.081443041793264, "params": {"C": 45.055460445330354, "epsilon": 7.028473617303244, "tau": 1953.6965579907624, "kronecker_kernel": false}}
