{"target": 18.827001091849947, "params": {"C": 25.728792188038877, "epsilon": 0.2, "tau": 526.7660136246647, "kronecker_kernel": true}}
{"target": 18.825473800694166, "params": {"C": 24.244951431718594, "epsilon": 0.2, "tau": 524.6817731587199, "kronecker_kernel": true}}
{"target": 18.8102766381138, "params": {"C": 24.364046853902916, "epsilon": 0.2, "tau": 451.5256253370204, "kronecker_kernel": true}}
{"target": 18.88844770559844, "params": {"C": 23.452141604484233, "epsilon": 0.2, "tau": 470.2572476214009, "kronecker_kernel": true}}
{"target": 19.706891771575034, "params": {"C": 29.729951071508207, "epsilon": 0.2, "tau": 271.53352868757884, "kronecker_kernel": true}}
{"target": 18.83134836497386, "params": {"C": 23.983719917002517, "epsilon": 0.2, "tau": 432.2060553908702, "kronecker_kernel": true}}
