{"target": 18.925018885693135, "params": {"C": 16.259960130537692, "epsilon": 0.9241936579538559, "tau": 263.3560153725196, "kronecker_kernel": true}}
{"target": 22.245103660857943, "params": {"C": 10.684223540143044, "epsilon": 1.0750348586010339, "tau": 387.25627132676976, "kronecker_kernel": true}}
{"target": 18.909396614099983, "params": {"C": 17.934344174219092, "epsilon": 1.1993681152684392, "tau": 234.28558408307458, "kronecker_kernel": true}}
{"target": 18.93972215751713, "params": {"C": 19.478031186442337, "epsilon": 1.3320801411401424, "tau": 369.65127955048763, "kronecker_kernel": true}}
{"target": 19.614988966006695, "params": {"C": 24.285677070774874, "epsilon": 0.8437305228303884, "tau": 201.8920701485223, "kronecker_kernel": true}}
{"target": 19.890002677051996, "params": {"C": 13.460191703660833, "epsilon": 0.7624696841881757, "tau": 276.25757061281786, "kronecker_kernel": true}}
{"target": 19.33472584069876, "params": {"C": 24.272663377855057, "epsilon": 1.428331227284399, "tau": 282.82646023887247, "kronecker_kernel": true}}
{"target": 18.920404714251415, "params": {"C": 22.1070643609385, "epsilon": 1.8560840592896373, "tau": 352.88022038535775, "kronecker_kernel": true}}
{"target": 19.2000296935653, "params": {"C": 24.94964931172894, "epsilon": 1.8623733466257375, "tau": 394.41386446337685, "kronecker_kernel": true}}
{"target": 18.83775220787113, "params": {"C": 16.909005712721797, "epsilon": 1.328996201762574, "tau": 216.1132162318992, "kronecker_kernel": true}}
{"target": 19.316432722129875, "params": {"C": 23.01065014791746, "epsilon": 1.857408324453071, "tau": 296.0751034974705, "kronecker_kernel": true}}
{"target": 18.95395374260125, "params": {"C": 22.06922331793458, "epsilon": 1.503793885372222, "tau": 394.673524042012, "kronecker_kernel": true}}
{"target": 19.646878772529934, "params": {"C": 12.629004366522894, "epsilon": 1.7465063396042386, "tau": 221.26320115278924, "kronecker_kernel": true}}
{"target": 21.055242152553745, "params": {"C": 11.040477491161308, "epsilon": 1.2504253429097758, "tau": 275.78351456190114, "kronecker_kernel": true}}
{"target": 19.35561505296422, "params": {"C": 17.61967767946523, "epsilon": 1.9029293790434352, "tau": 151.43424819157073, "kronecker_kernel": true}}
{"target": 18.932657327086755, "params": {"C": 21.02152121292942, "epsilon": 1.2658874147661043, "tau": 357.2877553977362, "kronecker_kernel": true}}
{"target": 19.602261821837722, "params": {"C": 12.542718231307859, "epsilon": 0.6995593768932759, "tau": 226.541732867876, "kronecker_kernel": true}}
{"target": 19.121264194384413, "params": {"C": 12.029471165410325, "epsilon": 0.6091371910316694, "tau": 179.59659090706094, "kronecker_kernel": true}}
{"target": 19.27722962422541, "params": {"C": 13.038326518320465, "epsilon": 1.7415831387919947, "tau": 196.16149899438525, "kronecker_kernel": true}}
{"target": 19.675321748085274, "params": {"C": 16.690115205350065, "epsilon": 1.4577980529821741, "tau": 388.51116702127706, "kronecker_kernel": true}}
{"target": 21.126080203846506, "params": {"C": 10.398573244377056, "epsilon": 1.579768018479653, "tau": 251.71211483808162, "kronecker_kernel": true}}
{"target": 21.15861764244381, "params": {"C": 12.640702025969361, "epsilon": 1.334260443303773, "tau": 372.2818670741134, "kronecker_kernel": true}}
{"target": 19.30886529553368, "params": {"C": 21.744704589022724, "epsilon": 1.6511255425287095, "tau": 248.530243454108, "kronecker_kernel": true}}
{"target": 18.827627146722268, "params": {"C": 20.043052761141674, "epsilon": 0.5850500126762443, "tau": 302.89906912631415, "kronecker_kernel": true}}
{"target": 19.73998291791778, "params": {"C": 21.31231151262127, "epsilon": 1.9199296521092388, "tau": 150.0689917553309, "kronecker_kernel": true}}
{"target": 19.45310877173899, "params": {"C": 16.356443835879958, "epsilon": 1.5153229652687492, "tau": 348.5283791291765, "kronecker_kernel": true}}
{"target": 19.63064050590949, "params": {"C": 13.808661123483718, "epsilon": 1.109189084607098, "tau": 266.95853979179486, "kronecker_kernel": true}}
{"target": 18.982030632529234, "params": {"C": 20.220094287865066, "epsilon": 1.9322967435711897, "tau": 368.1598917643356, "kronecker_kernel": true}}
{"target": 18.86685515586553, "params": {"C": 19.270766715089273, "epsilon": 1.0487754577107469, "tau": 274.7671773455155, "kronecker_kernel": true}}
{"target": 21.87423332549538, "params": {"C": 11.071835347527308, "epsilon": 1.0056332904078449, "tau": 366.0152219332439, "kronecker_kernel": true}}
{"target": 20.12938726374975, "params": {"C": 11.444945365318672, "epsilon": 1.2521862145589346, "tau": 221.78901378011676, "kronecker_kernel": true}}
{"target": 18.900316751128617, "params": {"C": 14.668949311110776, "epsilon": 1.3156089926654988, "tau": 170.00354295378614, "kronecker_kernel": true}}
{"target": 19.16999397726591, "params": {"C": 17.463836727325898, "epsilon": 0.5581646326923367, "tau": 188.62760594508828, "kronecker_kernel": true}}
{"target": 19.15437851812598, "params": {"C": 17.131893028916597, "epsilon": 1.7286498981303928, "tau": 194.56362689349177, "kronecker_kernel": true}}
{"target": 18.906684455676988, "params": {"C": 20.21444212497279, "epsilon": 1.7294323654038128, "tau": 296.5776600558636, "kronecker_kernel": true}}
{"target": 19.340503495404235, "params": {"C": 20.815345501272372, "epsilon": 1.837017616567177, "tau": 218.50111945088932, "kronecker_kernel": true}}
{"target": 19.85126274806841, "params": {"C": 12.9722560512362, "epsilon": 1.984854383092172, "tau": 263.38539449523245, "kronecker_kernel": true}}
{"target": 19.262029272459678, "params": {"C": 17.719888657094156, "epsilon": 0.995050359211469, "tau": 166.95184614292958, "kronecker_kernel": true}}
{"target": 19.570461011466776, "params": {"C": 16.23519943928484, "epsilon": 1.1554480100675657, "tau": 364.63010109416723, "kronecker_kernel": true}}
{"target": 19.162956976982354, "params": {"C": 17.58984433600289, "epsilon": 0.8485769555038525, "tau": 195.90036862240612, "kronecker_kernel": true}}
{"target": 20.28501874521458, "params": {"C": 11.179662516175254, "epsilon": 1.2386647279390968, "tau": 221.59237996866193, "kronecker_kernel": true}}
{"target": 20.713167294303283, "params": {"C": 11.443138276771098, "epsilon": 1.0598890286405478, "tau": 259.2102420570991, "kronecker_kernel": true}}
{"target": 18.877724928443303, "params": {"C": 19.043779305831656, "epsilon": 0.8286388405152654, "tau": 289.3285821239658, "kronecker_kernel": true}}
{"target": 19.578018583089726, "params": {"C": 23.28542674150343, "epsilon": 1.4828534069696062, "tau": 204.50036383841194, "kronecker_kernel": true}}
{"target": 18.969120947921958, "params": {"C": 21.774089460291616, "epsilon": 1.6280848694836292, "tau": 392.7618790530911, "kronecker_kernel": true}}
{"target": 20.526566934053214, "params": {"C": 13.187998407789113, "epsilon": 1.0740600384866834, "tau": 325.8986595846292, "kronecker_kernel": true}}
{"target": 19.20809608371451, "params": {"C": 19.357659183153316, "epsilon": 0.8743200257364455, "tau": 223.3164940099864, "kronecker_kernel": true}}
{"target": 18.95675074734327, "params": {"C": 18.542406194628548, "epsilon": 1.866422364975694, "tau": 298.21728425806634, "kronecker_kernel": true}}
{"target": 20.371596626335485, "params": {"C": 10.343245523897169, "epsilon": 0.872314123060765, "tau": 191.67090797595085, "kronecker_kernel": true}}
{"target": 21.993323321647253, "params": {"C": 10.223422686141046, "epsilon": 0.6786031645392503, "tau": 311.24879721072625, "kronecker_kernel": true}}
{"target": 19.190080048047243, "params": {"C": 20.166457955387834, "epsilon": 1.2633749261478562, "tau": 253.88978982821976, "kronecker_kernel": true}}
{"target": 18.91644266900475, "params": {"C": 15.57120079795623, "epsilon": 0.6744506116080383, "tau": 200.53388770099227, "kronecker_kernel": true}}
{"target": 19.69310515928759, "params": {"C": 14.505827445380623, "epsilon": 1.8212185458200492, "tau": 294.87922898543644, "kronecker_kernel": true}}
{"target": 19.02663221922935, "params": {"C": 18.72667637985012, "epsilon": 1.0746796104719758, "tau": 370.2841569289804, "kronecker_kernel": true}}
{"target": 18.922319407436248, "params": {"C": 22.248064262358675, "epsilon": 1.4636570359551737, "tau": 394.59929786915325, "kronecker_kernel": true}}
{"target": 18.981484180487836, "params": {"C": 17.81471356136378, "epsilon": 1.455619353523029, "tau": 272.42269121708097, "kronecker_kernel": true}}
{"target": 19.052601119814398, "params": {"C": 15.85262607780988, "epsilon": 1.488922488883627, "tau": 252.82770638509916, "kronecker_kernel": true}}
{"target": 19.62851091732363, "params": {"C": 20.52149119601149, "epsilon": 1.7011301177636877, "tau": 153.75225290481524, "kronecker_kernel": true}}
{"target": 18.918939556779648, "params": {"C": 14.184236881177036, "epsilon": 1.3464790176714727, "tau": 193.79376344906137, "kronecker_kernel": true}}
{"target": 19.426296320696405, "params": {"C": 11.244856445052571, "epsilon": 0.5711006792620235, "tau": 173.1194267729638, "kronecker_kernel": true}}
{"target": 20.518855568675853, "params": {"C": 10.815923981437667, "epsilon": 0.538627263225822, "tau": 228.12588607756106, "kronecker_kernel": true}}
{"target": 19.167203172797606, "params": {"C": 22.004850386085156, "epsilon": 1.4745707447265242, "tau": 311.1480523171651, "kronecker_kernel": true}}
{"target": 18.91763666080802, "params": {"C": 20.16337888494297, "epsilon": 1.9090967263371308, "tau": 293.6295397582235, "kronecker_kernel": true}}
{"target": 19.102315967337766, "params": {"C": 21.604731058800606, "epsilon": 0.598102106388234, "tau": 308.95999285975444, "kronecker_kernel": true}}
{"target": 18.733041844776455, "params": {"C": 17.98446841159472, "epsilon": 0.8776228022563778, "tau": 298.4410548271706, "kronecker_kernel": true}}
{"target": 18.903183524982246, "params": {"C": 19.238546374522013, "epsilon": 0.5669056929833786, "tau": 316.96752481720637, "kronecker_kernel": true}}
{"target": 18.901764797586758, "params": {"C": 19.89723607337421, "epsilon": 0.7131051732465066, "tau": 322.5898913159235, "kronecker_kernel": true}}
{"target": 19.04582018145951, "params": {"C": 20.703525476052217, "epsilon": 0.5808875087346015, "tau": 293.7661181755592, "kronecker_kernel": true}}
{"target": 19.01286018966362, "params": {"C": 16.528509078205104, "epsilon": 0.7052119894939686, "tau": 287.8408305920083, "kronecker_kernel": true}}
{"target": 19.091157596845534, "params": {"C": 16.755172973052538, "epsilon": 0.6358391677642035, "tau": 303.14344806669607, "kronecker_kernel": true}}
{"target": 18.900361474542716, "params": {"C": 19.070061498881298, "epsilon": 1.061212670924262, "tau": 290.949624778664, "kronecker_kernel": true}}
{"target": 18.827096444888653, "params": {"C": 19.36969055373078, "epsilon": 0.8549395170462593, "tau": 287.87912507829816, "kronecker_kernel": true}}
{"target": 18.78760308010903, "params": {"C": 18.29976971677217, "epsilon": 1.0989301223902652, "tau": 301.6402774835441, "kronecker_kernel": true}}
{"target": 18.810979023409523, "params": {"C": 18.549500879969145, "epsilon": 1.0658679652653806, "tau": 307.79476956109556, "kronecker_kernel": true}}
{"target": 19.098464688145928, "params": {"C": 20.627221080857154, "epsilon": 1.0083371847759641, "tau": 286.01708398490143, "kronecker_kernel": true}}
{"target": 18.896019833844807, "params": {"C": 23.161729106907025, "epsilon": 0.7110076090175058, "tau": 392.708378710722, "kronecker_kernel": true}}
{"target": 19.144659583747853, "params": {"C": 15.131906397391718, "epsilon": 1.4437303966091444, "tau": 151.44223936610575, "kronecker_kernel": true}}
{"target": 18.83006554336913, "params": {"C": 17.88608899562449, "epsilon": 0.9943750542636274, "tau": 303.94781244623357, "kronecker_kernel": true}}
{"target": 19.02470491590652, "params": {"C": 16.72267635388935, "epsilon": 0.9759951881792475, "tau": 308.36668882395287, "kronecker_kernel": true}}
{"target": 18.94826365553547, "params": {"C": 16.71845924273697, "epsilon": 1.0374019238018237, "tau": 277.27067597565843, "kronecker_kernel": true}}
{"target": 18.97195166895392, "params": {"C": 16.665088947451, "epsilon": 0.9545652438488317, "tau": 324.4255088056751, "kronecker_kernel": true}}
{"target": 18.799588630143194, "params": {"C": 16.872598042518167, "epsilon": 0.9986400756406195, "tau": 255.45517663040675, "kronecker_kernel": true}}
{"target": 18.932084521551396, "params": {"C": 17.570456395406563, "epsilon": 1.0149671587735305, "tau": 258.2858157434573, "kronecker_kernel": true}}
{"target": 19.123788889928075, "params": {"C": 16.76856356813844, "epsilon": 1.3275026090517812, "tau": 312.7083665463687, "kronecker_kernel": true}}
{"target": 18.836020014075626, "params": {"C": 19.820668809793165, "epsilon": 1.0498525678096906, "tau": 300.7479443162876, "kronecker_kernel": true}}
{"target": 18.879772724893304, "params": {"C": 20.16932859337937, "epsilon": 1.1987780453306698, "tau": 319.5246981591445, "kronecker_kernel": true}}
{"target": 18.934647025230547, "params": {"C": 18.88086585330171, "epsilon": 1.005762428483624, "tau": 301.9178270814725, "kronecker_kernel": true}}
{"target": 18.859605811829102, "params": {"C": 17.63710384336584, "epsilon": 1.1124758980108633, "tau": 242.10732635651857, "kronecker_kernel": true}}
{"target": 19.196429874870184, "params": {"C": 18.20314850126715, "epsilon": 1.4472477275173046, "tau": 206.82934320936508, "kronecker_kernel": true}}
{"target": 19.117841376954267, "params": {"C": 22.38692429197821, "epsilon": 0.9978998112308636, "tau": 332.18122562435695, "kronecker_kernel": true}}
{"target": 18.870017471761514, "params": {"C": 20.05452574372794, "epsilon": 0.8549210096655622, "tau": 297.21242210169453, "kronecker_kernel": true}}
{"target": 18.902234670356624, "params": {"C": 19.78921723173501, "epsilon": 0.9303099610667237, "tau": 316.0879517348326, "kronecker_kernel": true}}
{"target": 18.854783253837816, "params": {"C": 16.117269704054685, "epsilon": 1.1580364634346376, "tau": 247.6009192420364, "kronecker_kernel": true}}
{"target": 18.84932366900825, "params": {"C": 18.308959249232334, "epsilon": 1.15646222964952, "tau": 257.9106837800965, "kronecker_kernel": true}}
{"target": 19.054635114355563, "params": {"C": 19.29633790571734, "epsilon": 0.6280848915139626, "tau": 254.35669665745317, "kronecker_kernel": true}}
{"target": 19.139505668305027, "params": {"C": 21.67146838064998, "epsilon": 0.9048340772257708, "tau": 304.67736238324505, "kronecker_kernel": true}}
{"target": 18.952909395340956, "params": {"C": 18.59582923280215, "epsilon": 1.269219150985879, "tau": 290.7275066898081, "kronecker_kernel": true}}
{"target": 19.197441276949654, "params": {"C": 14.911586940936095, "epsilon": 1.2545853088697752, "tau": 269.5110223787604, "kronecker_kernel": true}}
{"target": 19.409613572292223, "params": {"C": 23.353259935774776, "epsilon": 0.9652486593664957, "tau": 239.6945950561624, "kronecker_kernel": true}}
{"target": 19.115821712971663, "params": {"C": 18.824467393842372, "epsilon": 0.5198865629184138, "tau": 385.3049827096339, "kronecker_kernel": true}}
{"target": 19.346776337090823, "params": {"C": 24.02617694534678, "epsilon": 0.7927400038983139, "tau": 265.63713813998004, "kronecker_kernel": true}}
{"target": 18.782285880362622, "params": {"C": 18.760133312099796, "epsilon": 0.9754094817510366, "tau": 330.8074562551718, "kronecker_kernel": true}}
{"target": 18.945085483825384, "params": {"C": 19.014444886561535, "epsilon": 0.8927214146779128, "tau": 260.2571988940419, "kronecker_kernel": true}}
{"target": 18.91837311043465, "params": {"C": 16.652953012258333, "epsilon": 0.904779840709218, "tau": 274.0802242288163, "kronecker_kernel": true}}
{"target": 18.926097411937512, "params": {"C": 16.471621650883602, "epsilon": 1.0460334503146917, "tau": 221.30175000237966, "kronecker_kernel": true}}
{"target": 19.02575411082069, "params": {"C": 17.080548093844698, "epsilon": 0.841505811513056, "tau": 353.6151017231566, "kronecker_kernel": true}}
{"target": 18.954749174360842, "params": {"C": 18.41797572351586, "epsilon": 1.0238618695197055, "tau": 338.7592935325267, "kronecker_kernel": true}}
{"target": 18.744073475598924, "params": {"C": 19.069324978686364, "epsilon": 1.0132641470595138, "tau": 338.98245811089566, "kronecker_kernel": true}}
{"target": 18.92418007018445, "params": {"C": 20.405231949221115, "epsilon": 0.9549582631701633, "tau": 356.33926889684994, "kronecker_kernel": true}}
{"target": 19.014600839485375, "params": {"C": 17.533421534720993, "epsilon": 1.1128799631003266, "tau": 313.8302505945326, "kronecker_kernel": true}}
{"target": 18.77818541786934, "params": {"C": 18.62815167450189, "epsilon": 1.1420600740058362, "tau": 313.44535920504, "kronecker_kernel": true}}
{"target": 19.01797134738782, "params": {"C": 18.282898897347515, "epsilon": 1.0510788086064877, "tau": 351.9359029602419, "kronecker_kernel": true}}
{"target": 18.954195251040893, "params": {"C": 18.18580471822822, "epsilon": 1.114790014156466, "tau": 328.74012730387403, "kronecker_kernel": true}}
{"target": 18.88236544033726, "params": {"C": 19.144531349482865, "epsilon": 1.070186896446463, "tau": 324.05191148969135, "kronecker_kernel": true}}
{"target": 18.73418397773047, "params": {"C": 18.465630755735585, "epsilon": 1.05824072119084, "tau": 316.4807949585966, "kronecker_kernel": true}}
{"target": 18.926775263608846, "params": {"C": 19.611093631365843, "epsilon": 1.1845892033525067, "tau": 336.1133389861523, "kronecker_kernel": true}}
{"target": 18.90610921924698, "params": {"C": 17.48119437732398, "epsilon": 0.8246750426387613, "tau": 303.03289097424147, "kronecker_kernel": true}}
{"target": 18.90543337233906, "params": {"C": 18.843844157844238, "epsilon": 0.9144369779316065, "tau": 308.59043106418346, "kronecker_kernel": true}}
{"target": 18.80546067972708, "params": {"C": 18.923065223489726, "epsilon": 0.8822612243451766, "tau": 320.95592329202594, "kronecker_kernel": true}}
{"target": 18.856187657124046, "params": {"C": 20.372443107098746, "epsilon": 1.3099692237540481, "tau": 308.27053757319356, "kronecker_kernel": true}}
{"target": 18.98049912352172, "params": {"C": 17.123300883802074, "epsilon": 0.8665750553392606, "tau": 335.6722811900509, "kronecker_kernel": true}}
{"target": 18.9618732200438, "params": {"C": 17.310749306482066, "epsilon": 0.7172758684709563, "tau": 352.4192851256913, "kronecker_kernel": true}}
{"target": 18.80678940493334, "params": {"C": 18.372850423338228, "epsilon": 0.8875642219673563, "tau": 302.445248524163, "kronecker_kernel": true}}
{"target": 18.916100283445864, "params": {"C": 18.126071908465278, "epsilon": 0.8990444384966201, "tau": 324.5432283401937, "kronecker_kernel": true}}
{"target": 18.90299992734939, "params": {"C": 19.63368075475645, "epsilon": 0.8880367508246777, "tau": 311.92414910154076, "kronecker_kernel": true}}
{"target": 18.84101637158421, "params": {"C": 19.565382430059177, "epsilon": 1.09449977883426, "tau": 293.45819083367996, "kronecker_kernel": true}}
{"target": 18.916650722318913, "params": {"C": 18.586684537540524, "epsilon": 0.735342089609232, "tau": 283.92972583937456, "kronecker_kernel": true}}
{"target": 18.87545107427847, "params": {"C": 19.318727759859303, "epsilon": 0.8891915311049123, "tau": 330.20507831317553, "kronecker_kernel": true}}
{"target": 19.23840226719879, "params": {"C": 15.435472843849533, "epsilon": 1.080889046823494, "tau": 307.93221822383174, "kronecker_kernel": true}}
{"target": 19.05476124791532, "params": {"C": 16.290237977456925, "epsilon": 1.086916097599117, "tau": 315.09942515200544, "kronecker_kernel": true}}
{"target": 18.887903485151135, "params": {"C": 17.69749475632562, "epsilon": 1.135103238246394, "tau": 301.4222836264499, "kronecker_kernel": true}}
{"target": 19.209994449536616, "params": {"C": 15.675653672275713, "epsilon": 1.1396435024512002, "tau": 314.03652060087074, "kronecker_kernel": true}}
{"target": 18.95279365454272, "params": {"C": 16.65226376720239, "epsilon": 0.8661107514805498, "tau": 284.4542874414753, "kronecker_kernel": true}}
{"target": 19.116121308856226, "params": {"C": 17.517372008268893, "epsilon": 1.314211517458144, "tau": 343.1359308311423, "kronecker_kernel": true}}
{"target": 19.115752674655404, "params": {"C": 20.904857731723784, "epsilon": 1.0881827677752478, "tau": 291.2170930753288, "kronecker_kernel": true}}
{"target": 18.839937639916066, "params": {"C": 19.605428167079918, "epsilon": 1.1205694511319155, "tau": 294.1398046994556, "kronecker_kernel": true}}
{"target": 18.880564078709806, "params": {"C": 18.982399695282798, "epsilon": 0.7872771222717546, "tau": 315.46744876334185, "kronecker_kernel": true}}
{"target": 18.97733618354315, "params": {"C": 20.042877881704804, "epsilon": 0.6958330730712697, "tau": 285.55507061922265, "kronecker_kernel": true}}
{"target": 18.84545282699827, "params": {"C": 19.529350115046757, "epsilon": 0.8358126689964469, "tau": 285.04682682051555, "kronecker_kernel": true}}
{"target": 18.9128121944074, "params": {"C": 20.099489838462354, "epsilon": 0.7337409389297305, "tau": 331.14813459726764, "kronecker_kernel": true}}
{"target": 18.84026875725853, "params": {"C": 19.566632537502464, "epsilon": 0.5150494135496394, "tau": 286.57717377390907, "kronecker_kernel": true}}
{"target": 18.918035066324496, "params": {"C": 19.689133576928505, "epsilon": 1.1735346882165747, "tau": 339.9121644508936, "kronecker_kernel": true}}
{"target": 18.972488241992256, "params": {"C": 21.850585549811992, "epsilon": 0.5441937078372386, "tau": 339.75824093919414, "kronecker_kernel": true}}
{"target": 18.92184551907523, "params": {"C": 20.52217470082938, "epsilon": 0.8277417905482889, "tau": 353.42781098437166, "kronecker_kernel": true}}
{"target": 19.473496966764866, "params": {"C": 21.006131239158137, "epsilon": 1.1811640881578696, "tau": 183.09893629833795, "kronecker_kernel": true}}
{"target": 18.943286716674468, "params": {"C": 17.83551907971185, "epsilon": 1.081344259558997, "tau": 274.1626132188023, "kronecker_kernel": true}}
