{"target": 18.73468126877854, "params": {"C": 18.1021513053183, "epsilon": 1.1607512256506025, "tau": 301.17284232775233, "kronecker_kernel": true}}
{"target": 18.945822664939833, "params": {"C": 15.929652342513254, "epsilon": 1.2223165051421339, "tau": 210.8276476185323, "kronecker_kernel": true}}
{"target": 18.92113683009405, "params": {"C": 17.577864420374077, "epsilon": 1.1748007305734744, "tau": 301.2718831847996, "kronecker_kernel": true}}
{"target": 22.552085240722977, "params": {"C": 10.24870396963923, "epsilon": 0.5864700188333822, "tau": 383.7542639285386, "kronecker_kernel": true}}
{"target": 18.785576808017332, "params": {"C": 18.32740899732934, "epsilon": 1.2721021838230786, "tau": 305.0716114619081, "kronecker_kernel": true}}
{"target": 18.81173887496699, "params": {"C": 18.29796569370073, "epsilon": 1.1132029757549968, "tau": 299.79558413814397, "kronecker_kernel": true}}
{"target": 18.870395590853956, "params": {"C": 17.89834763394724, "epsilon": 0.9922373155520225, "tau": 307.1547182418051, "kronecker_kernel": true}}
{"target": 18.930985032143337, "params": {"C": 18.289277125398556, "epsilon": 1.0094531268241294, "tau": 287.1614610974649, "kronecker_kernel": true}}
{"target": 18.864368930268718, "params": {"C": 17.9751577066365, "epsilon": 1.360725189829708, "tau": 301.3503374542656, "kronecker_kernel": true}}
{"target": 19.244093245488845, "params": {"C": 15.956514304088024, "epsilon": 1.4838299111268631, "tau": 303.194929725342, "kronecker_kernel": true}}
{"target": 18.998116749713823, "params": {"C": 17.95490745835159, "epsilon": 1.3842022976832602, "tau": 320.64660262807786, "kronecker_kernel": true}}
{"target": 18.820042382439823, "params": {"C": 17.977541200724577, "epsilon": 1.314414316465608, "tau": 295.5886839950533, "kronecker_kernel": true}}
{"target": 18.830983766717686, "params": {"C": 19.19497113071453, "epsilon": 1.3530928010448702, "tau": 330.48691799970294, "kronecker_kernel": true}}
{"target": 19.137290439450762, "params": {"C": 16.588311096134753, "epsilon": 1.5122290633801603, "tau": 297.2071909114404, "kronecker_kernel": true}}
{"target": 18.84358561492271, "params": {"C": 17.15437007368143, "epsilon": 1.4400294117741381, "tau": 267.18211843406885, "kronecker_kernel": true}}
{"target": 18.914881119403063, "params": {"C": 17.314547453480476, "epsilon": 1.4151820965394601, "tau": 263.76844933599534, "kronecker_kernel": true}}
{"target": 19.049605591990016, "params": {"C": 14.972794186414038, "epsilon": 0.8626567389804873, "tau": 243.0909333609556, "kronecker_kernel": true}}
{"target": 18.940627159594037, "params": {"C": 18.31295974314993, "epsilon": 1.2222412739536475, "tau": 291.7889675657044, "kronecker_kernel": true}}
{"target": 19.322556336127157, "params": {"C": 14.173252648234053, "epsilon": 0.7059896701092889, "tau": 266.4548338351041, "kronecker_kernel": true}}
{"target": 19.004304812786124, "params": {"C": 17.147489861761656, "epsilon": 1.0834393288268906, "tau": 298.63974714157973, "kronecker_kernel": true}}
{"target": 18.976733477498257, "params": {"C": 17.543014724256416, "epsilon": 1.0837044925423527, "tau": 308.8724629058576, "kronecker_kernel": true}}
{"target": 18.938612887053356, "params": {"C": 19.20586375650996, "epsilon": 1.1142812861713303, "tau": 304.65329726918094, "kronecker_kernel": true}}
{"target": 18.85256007227958, "params": {"C": 18.545300396328813, "epsilon": 1.0982397352849085, "tau": 327.5434956725632, "kronecker_kernel": true}}
{"target": 19.04022532089001, "params": {"C": 18.475543464631585, "epsilon": 0.9632611295214659, "tau": 374.7961576401745, "kronecker_kernel": true}}
{"target": 18.982015107837714, "params": {"C": 17.823642023395138, "epsilon": 0.9868851296449683, "tau": 369.1232759392362, "kronecker_kernel": true}}
{"target": 19.045290712261348, "params": {"C": 17.995689833942944, "epsilon": 1.077170926991155, "tau": 355.05478984236754, "kronecker_kernel": true}}
{"target": 18.854845261829443, "params": {"C": 19.465362113945837, "epsilon": 1.3484320213375478, "tau": 281.5378825265863, "kronecker_kernel": true}}
{"target": 18.870886127547173, "params": {"C": 18.060718009137226, "epsilon": 0.838962070529711, "tau": 258.9859342710501, "kronecker_kernel": true}}
{"target": 19.048965343143596, "params": {"C": 18.273641011846564, "epsilon": 1.397664683732915, "tau": 338.55428119864933, "kronecker_kernel": true}}
{"target": 19.20139200160095, "params": {"C": 18.330561653552767, "epsilon": 1.6692501924014294, "tau": 352.13622233014553, "kronecker_kernel": true}}
{"target": 18.862710073487037, "params": {"C": 21.488032610032665, "epsilon": 1.3509801332587692, "tau": 356.1497449741547, "kronecker_kernel": true}}
{"target": 20.33829514345631, "params": {"C": 14.132604778495166, "epsilon": 1.888930930196972, "tau": 359.09773862200177, "kronecker_kernel": true}}
{"target": 18.970393459652843, "params": {"C": 19.035722519352248, "epsilon": 1.2652020485195425, "tau": 310.73387186176524, "kronecker_kernel": true}}
{"target": 18.94092755727034, "params": {"C": 20.44121581701704, "epsilon": 1.209604305435282, "tau": 301.409382685546, "kronecker_kernel": true}}
{"target": 18.907172546790918, "params": {"C": 17.809286322632104, "epsilon": 0.9125054042206837, "tau": 310.3748589685357, "kronecker_kernel": true}}
{"target": 18.929399937811716, "params": {"C": 19.154406380075766, "epsilon": 0.9044814726153635, "tau": 302.42695631250086, "kronecker_kernel": true}}
{"target": 18.963061200687314, "params": {"C": 21.602903419738297, "epsilon": 1.1795689287204618, "tau": 334.3862693601919, "kronecker_kernel": true}}
{"target": 18.90303543656525, "params": {"C": 21.08105851978492, "epsilon": 1.3822373592665747, "tau": 323.97716144510275, "kronecker_kernel": true}}
{"target": 18.95917767646995, "params": {"C": 20.005400108287624, "epsilon": 1.0842580012350105, "tau": 287.09098891894564, "kronecker_kernel": true}}
{"target": 18.851321554016522, "params": {"C": 20.778246649111722, "epsilon": 0.9609291761833585, "tau": 321.87115760546334, "kronecker_kernel": true}}
{"target": 18.897449016781515, "params": {"C": 20.07383590164958, "epsilon": 1.1688480241917742, "tau": 319.79870606604584, "kronecker_kernel": true}}
{"target": 19.107337141194083, "params": {"C": 19.196507394052016, "epsilon": 1.0188912261676584, "tau": 246.37010844498593, "kronecker_kernel": true}}
{"target": 18.955952663303584, "params": {"C": 18.07508001238508, "epsilon": 1.2791840295970087, "tau": 322.65830953904776, "kronecker_kernel": true}}
{"target": 18.964231593670906, "params": {"C": 16.84255446523547, "epsilon": 0.849058913536079, "tau": 293.4763778415791, "kronecker_kernel": true}}
{"target": 19.139085874676688, "params": {"C": 19.67514370734794, "epsilon": 1.086047980413143, "tau": 252.92865143904558, "kronecker_kernel": true}}
{"target": 19.284976662263198, "params": {"C": 23.833035617049507, "epsilon": 0.5019074103357538, "tau": 274.47072091063757, "kronecker_kernel": true}}
{"target": 18.987374945345206, "params": {"C": 17.719979444387107, "epsilon": 0.8053005807824003, "tau": 328.50312225031564, "kronecker_kernel": true}}
{"target": 19.222245989935153, "params": {"C": 21.799412218758114, "epsilon": 0.8715511790834993, "tau": 276.6228428667322, "kronecker_kernel": true}}
{"target": 18.87281249408742, "params": {"C": 17.79255986911119, "epsilon": 0.7166090301995447, "tau": 310.2286533429098, "kronecker_kernel": true}}
{"target": 18.926362043448755, "params": {"C": 18.750515767498204, "epsilon": 0.9772257417809992, "tau": 301.3988494025158, "kronecker_kernel": true}}
{"target": 19.03442632920106, "params": {"C": 15.360311399158048, "epsilon": 1.1510238504810897, "tau": 274.3818781104234, "kronecker_kernel": true}}
{"target": 19.023808898827333, "params": {"C": 16.69500871462701, "epsilon": 1.1556096058702934, "tau": 289.24951316770205, "kronecker_kernel": true}}
{"target": 18.746963223500174, "params": {"C": 17.219427427454413, "epsilon": 1.0261589164965104, "tau": 276.7039572133588, "kronecker_kernel": true}}
{"target": 18.932087106960445, "params": {"C": 18.91734756244291, "epsilon": 1.0174405272988107, "tau": 307.4676486556156, "kronecker_kernel": true}}
{"target": 19.28864532885762, "params": {"C": 19.714563305056135, "epsilon": 1.4730671490470857, "tau": 217.1907735292977, "kronecker_kernel": true}}
{"target": 18.99692736064708, "params": {"C": 16.279558246028895, "epsilon": 0.9582678018255352, "tau": 275.05909421740984, "kronecker_kernel": true}}
{"target": 18.784191446741694, "params": {"C": 17.13291847940924, "epsilon": 0.8725201587410061, "tau": 264.64659381125125, "kronecker_kernel": true}}
{"target": 18.841712826340743, "params": {"C": 17.34665785291184, "epsilon": 1.4494657730441618, "tau": 225.17696382954625, "kronecker_kernel": true}}
{"target": 19.017138368202602, "params": {"C": 16.927545705153733, "epsilon": 1.0701614847338718, "tau": 293.2203917971427, "kronecker_kernel": true}}
{"target": 20.070739996186475, "params": {"C": 13.88096421132912, "epsilon": 0.7989262176242864, "tau": 316.2058211937862, "kronecker_kernel": true}}
{"target": 18.908739894938574, "params": {"C": 15.089310721070955, "epsilon": 1.4154617565399281, "tau": 214.67873174614346, "kronecker_kernel": true}}
{"target": 18.823112967334847, "params": {"C": 17.281640024287, "epsilon": 0.7777429013497367, "tau": 228.8719529647436, "kronecker_kernel": true}}
{"target": 18.866287167313793, "params": {"C": 16.26828032983062, "epsilon": 0.6347948904502145, "tau": 211.51632159526292, "kronecker_kernel": true}}
{"target": 18.92824199204187, "params": {"C": 18.170174155793358, "epsilon": 0.9198283932669763, "tau": 274.75196441024025, "kronecker_kernel": true}}
{"target": 18.86052036115704, "params": {"C": 16.886175870332835, "epsilon": 0.9279985034029005, "tau": 224.3095215734935, "kronecker_kernel": true}}
{"target": 18.878021131654982, "params": {"C": 16.21634096560829, "epsilon": 0.7085713683704642, "tau": 228.8681279006687, "kronecker_kernel": true}}
{"target": 18.900044314119363, "params": {"C": 15.507069693556312, "epsilon": 0.8095190296743048, "tau": 243.384995661439, "kronecker_kernel": true}}
{"target": 18.821181553262047, "params": {"C": 17.796750989753615, "epsilon": 0.7433621089505873, "tau": 241.51695778020976, "kronecker_kernel": true}}
{"target": 18.92836596460888, "params": {"C": 17.425379782030035, "epsilon": 1.005152496444626, "tau": 255.14976705360448, "kronecker_kernel": true}}
{"target": 18.91471160340852, "params": {"C": 16.293564607148163, "epsilon": 0.7901531240884953, "tau": 227.127367430654, "kronecker_kernel": true}}
{"target": 18.919874933929886, "params": {"C": 17.43455115943548, "epsilon": 0.8072223178659211, "tau": 249.4451235353472, "kronecker_kernel": true}}
{"target": 19.008113243042438, "params": {"C": 18.669006286974607, "epsilon": 0.706866835321905, "tau": 244.4878581003906, "kronecker_kernel": true}}
{"target": 18.836604066608405, "params": {"C": 18.18760220595944, "epsilon": 0.5031343011271674, "tau": 248.09492425393455, "kronecker_kernel": true}}
{"target": 18.969113507399545, "params": {"C": 17.60917377977108, "epsilon": 0.7366915512881206, "tau": 221.08713687599322, "kronecker_kernel": true}}
{"target": 19.08678306467538, "params": {"C": 16.67845454387317, "epsilon": 1.2650088594029643, "tau": 311.3411777024569, "kronecker_kernel": true}}
{"target": 19.769139319562548, "params": {"C": 23.208895965741693, "epsilon": 0.7818307290438165, "tau": 163.85087710651808, "kronecker_kernel": true}}
{"target": 19.326192646793537, "params": {"C": 21.66327100836355, "epsilon": 0.638237625185668, "tau": 217.81776685035348, "kronecker_kernel": true}}
{"target": 19.103118002902235, "params": {"C": 18.25973997325675, "epsilon": 1.3031120342354927, "tau": 376.6957511167536, "kronecker_kernel": true}}
{"target": 18.930158574455668, "params": {"C": 19.586857538849547, "epsilon": 0.9328344815903307, "tau": 325.8301214326054, "kronecker_kernel": true}}
{"target": 18.852261191890026, "params": {"C": 19.656786189789276, "epsilon": 0.9339994066031205, "tau": 302.0729239478077, "kronecker_kernel": true}}
{"target": 18.947953014189334, "params": {"C": 19.64473554483495, "epsilon": 0.7917385503574905, "tau": 277.3337558684347, "kronecker_kernel": true}}
{"target": 18.92761939579305, "params": {"C": 19.840550488094202, "epsilon": 0.9791052729891869, "tau": 336.9746233729756, "kronecker_kernel": true}}
{"target": 18.76391085063197, "params": {"C": 18.94889340785318, "epsilon": 1.1169650328359986, "tau": 325.4212380015243, "kronecker_kernel": true}}
{"target": 19.025662834333406, "params": {"C": 17.851497950213194, "epsilon": 1.1130896025819799, "tau": 331.0478829930687, "kronecker_kernel": true}}
{"target": 18.888400602999123, "params": {"C": 18.670544704258326, "epsilon": 1.207050180496912, "tau": 274.87705212650854, "kronecker_kernel": true}}
{"target": 18.991934888411922, "params": {"C": 17.86814762135601, "epsilon": 1.2422790717771495, "tau": 320.9794732404831, "kronecker_kernel": true}}
{"target": 19.017611328950682, "params": {"C": 17.51729840231559, "epsilon": 1.1725015428725707, "tau": 334.4060458204235, "kronecker_kernel": true}}
{"target": 19.62631475676198, "params": {"C": 23.696999236003137, "epsilon": 1.9550914108090922, "tau": 208.7420427438336, "kronecker_kernel": true}}
{"target": 19.022050684531145, "params": {"C": 17.47824365729877, "epsilon": 1.146733465053186, "tau": 329.8547377840473, "kronecker_kernel": true}}
{"target": 18.850099773147328, "params": {"C": 17.155285251637984, "epsilon": 0.6494312069463596, "tau": 282.8328330206661, "kronecker_kernel": true}}
{"target": 18.954266056473575, "params": {"C": 19.698036704252264, "epsilon": 1.3974363600340085, "tau": 315.5288518232415, "kronecker_kernel": true}}
{"target": 18.942416965883343, "params": {"C": 18.80732575231947, "epsilon": 1.2133482794801147, "tau": 296.98483233520045, "kronecker_kernel": true}}
{"target": 18.9449647109115, "params": {"C": 18.317141782087322, "epsilon": 1.0976346080876405, "tau": 284.29427756522693, "kronecker_kernel": true}}
{"target": 18.92692154172769, "params": {"C": 17.49815316868211, "epsilon": 0.9312858818221615, "tau": 305.08159082573866, "kronecker_kernel": true}}
{"target": 18.9398410205089, "params": {"C": 17.77920465811815, "epsilon": 1.0760605287980474, "tau": 273.1284337298101, "kronecker_kernel": true}}
{"target": 18.755013866245523, "params": {"C": 18.947332492000378, "epsilon": 1.0757755761449486, "tau": 334.9914396942237, "kronecker_kernel": true}}
{"target": 18.826619962783745, "params": {"C": 17.30630338811611, "epsilon": 0.8805685572445212, "tau": 284.7064068116782, "kronecker_kernel": true}}
{"target": 18.816258703657432, "params": {"C": 20.166549425973002, "epsilon": 0.6093413435619461, "tau": 311.3750349475605, "kronecker_kernel": true}}
{"target": 19.024128061339955, "params": {"C": 18.85410956194017, "epsilon": 0.5501151204841539, "tau": 246.13377707475917, "kronecker_kernel": true}}
{"target": 19.012437766852592, "params": {"C": 15.540654944392884, "epsilon": 0.9054387875571183, "tau": 290.39736782232154, "kronecker_kernel": true}}
{"target": 18.876725046785626, "params": {"C": 18.944271598142954, "epsilon": 1.0408198688828445, "tau": 344.543168080963, "kronecker_kernel": true}}
{"target": 18.927805228715766, "params": {"C": 21.1887617628139, "epsilon": 0.9728918418104702, "tau": 383.0291932549822, "kronecker_kernel": true}}
{"target": 18.83799939891042, "params": {"C": 18.996809971935672, "epsilon": 0.5799986191474196, "tau": 343.8849705874543, "kronecker_kernel": true}}
{"target": 18.911252521129125, "params": {"C": 18.841359185315042, "epsilon": 0.6567040538351365, "tau": 299.62944377374714, "kronecker_kernel": true}}
{"target": 19.145053018717327, "params": {"C": 21.41229393557217, "epsilon": 0.6126994205324767, "tau": 292.49264527137206, "kronecker_kernel": true}}
{"target": 19.118629675723888, "params": {"C": 21.36520424964301, "epsilon": 0.7798560810341446, "tau": 299.8286800231601, "kronecker_kernel": true}}
{"target": 20.057808491506428, "params": {"C": 14.887427986813659, "epsilon": 0.9412041943735348, "tau": 357.01943040166475, "kronecker_kernel": true}}
{"target": 18.872047959520717, "params": {"C": 16.9769823807843, "epsilon": 0.7383474755613315, "tau": 281.12890836835345, "kronecker_kernel": true}}
{"target": 19.065503939792396, "params": {"C": 21.638416103066668, "epsilon": 0.6000832560268933, "tau": 317.73399229420477, "kronecker_kernel": true}}
{"target": 18.896534882910586, "params": {"C": 17.418395018852987, "epsilon": 0.8572324470047425, "tau": 263.64563120760226, "kronecker_kernel": true}}
{"target": 18.904426690135246, "params": {"C": 19.580899485747715, "epsilon": 0.5544056213493023, "tau": 321.9151746979023, "kronecker_kernel": true}}
{"target": 19.270647348934066, "params": {"C": 20.264042341419305, "epsilon": 0.8335787139452632, "tau": 209.59729395156305, "kronecker_kernel": true}}
{"target": 19.06208738936149, "params": {"C": 21.182111724701752, "epsilon": 0.5006699711724708, "tau": 304.6110325775616, "kronecker_kernel": true}}
{"target": 19.061678424997638, "params": {"C": 17.621819237145907, "epsilon": 0.9196469395836293, "tau": 339.7964256461733, "kronecker_kernel": true}}
{"target": 18.80357127853804, "params": {"C": 18.87843929884869, "epsilon": 0.9934126029173928, "tau": 319.4586246001154, "kronecker_kernel": true}}
{"target": 18.883568009718566, "params": {"C": 19.623845294859937, "epsilon": 0.8250439813657585, "tau": 339.29467193511033, "kronecker_kernel": true}}
{"target": 19.212320751792465, "params": {"C": 18.417363831645105, "epsilon": 0.8702070850757805, "tau": 200.17656520814796, "kronecker_kernel": true}}
{"target": 19.007614458800454, "params": {"C": 16.747380047061664, "epsilon": 0.9121903824051433, "tau": 299.51871449308436, "kronecker_kernel": true}}
{"target": 18.852414100691227, "params": {"C": 19.117790743966157, "epsilon": 0.9664737991166166, "tau": 324.5423063165314, "kronecker_kernel": true}}
{"target": 18.82325637490975, "params": {"C": 19.37933374262147, "epsilon": 1.1001859619396863, "tau": 355.39419584617815, "kronecker_kernel": true}}
{"target": 19.322727817582752, "params": {"C": 24.707194272365065, "epsilon": 1.8526881596515334, "tau": 328.8634750439872, "kronecker_kernel": true}}
{"target": 18.850468787519844, "params": {"C": 20.381194582822825, "epsilon": 0.9831090948201153, "tau": 323.2987009734193, "kronecker_kernel": true}}
{"target": 19.07391352970293, "params": {"C": 18.37987305706309, "epsilon": 1.2232330985191462, "tau": 372.0189221997817, "kronecker_kernel": true}}
{"target": 19.021207969758635, "params": {"C": 18.217344965995846, "epsilon": 1.2193790913654303, "tau": 361.0944743624071, "kronecker_kernel": true}}
{"target": 18.85121103157606, "params": {"C": 20.47289609707034, "epsilon": 1.0802417498386494, "tau": 324.60617192229455, "kronecker_kernel": true}}
{"target": 18.82848998836974, "params": {"C": 19.966037903149058, "epsilon": 1.0821021471213195, "tau": 355.0947444690483, "kronecker_kernel": true}}
{"target": 19.021145860005813, "params": {"C": 18.39132237411861, "epsilon": 1.127382690527231, "tau": 353.0483594547859, "kronecker_kernel": true}}
{"target": 18.8541334471894, "params": {"C": 19.806022218115825, "epsilon": 1.0138707182471354, "tau": 374.38906961127486, "kronecker_kernel": true}}
{"target": 18.83973651165985, "params": {"C": 19.8786868816278, "epsilon": 1.0884230689212453, "tau": 296.8671325194912, "kronecker_kernel": true}}
{"target": 18.931425071016683, "params": {"C": 17.119393717499367, "epsilon": 1.0097103710941002, "tau": 251.14458584201284, "kronecker_kernel": true}}
{"target": 19.07745345733686, "params": {"C": 19.702412798091352, "epsilon": 0.9421713528776434, "tau": 263.7440455694902, "kronecker_kernel": true}}
{"target": 19.032137277008538, "params": {"C": 18.7824721865721, "epsilon": 0.8897989120782431, "tau": 245.4871405809895, "kronecker_kernel": true}}
{"target": 19.060702854387724, "params": {"C": 17.25005906299752, "epsilon": 0.8689701937139662, "tau": 327.1954408513139, "kronecker_kernel": true}}
{"target": 18.942200537181545, "params": {"C": 18.584006280361482, "epsilon": 0.9235449568357764, "tau": 248.85751306629865, "kronecker_kernel": true}}
{"target": 19.046898242538113, "params": {"C": 16.759230197289348, "epsilon": 1.0881802662596192, "tau": 332.2542763074938, "kronecker_kernel": true}}
{"target": 18.94280765243027, "params": {"C": 17.745968478278787, "epsilon": 0.9758977015735382, "tau": 316.3526093925939, "kronecker_kernel": true}}
{"target": 18.77917211070429, "params": {"C": 17.556768126587475, "epsilon": 1.24798568808607, "tau": 282.29341239393983, "kronecker_kernel": true}}
{"target": 19.07958552056504, "params": {"C": 16.08586027029868, "epsilon": 1.2582312799668387, "tau": 284.7788966977432, "kronecker_kernel": true}}
{"target": 19.409446295232616, "params": {"C": 15.244999199857496, "epsilon": 1.3374504840423806, "tau": 302.5448415260813, "kronecker_kernel": true}}
{"target": 19.331234046989717, "params": {"C": 15.439991260362124, "epsilon": 1.3044808621427793, "tau": 305.34148053616144, "kronecker_kernel": true}}
{"target": 19.06448714494993, "params": {"C": 16.339406650764737, "epsilon": 1.2246193636901899, "tau": 295.87883199628385, "kronecker_kernel": true}}
{"target": 18.832587754224452, "params": {"C": 17.130685698165177, "epsilon": 1.206326520230834, "tau": 261.4920004392267, "kronecker_kernel": true}}
{"target": 18.903352228076965, "params": {"C": 18.923187749090967, "epsilon": 1.1192679689252145, "tau": 315.00329979067806, "kronecker_kernel": true}}
{"target": 18.89403489222883, "params": {"C": 17.321266069731145, "epsilon": 1.267354935827361, "tau": 264.6521341913559, "kronecker_kernel": true}}
{"target": 19.16935522714375, "params": {"C": 20.25417413589824, "epsilon": 1.206015403209124, "tau": 260.99932881164966, "kronecker_kernel": true}}
{"target": 18.94950821441896, "params": {"C": 18.824440958979373, "epsilon": 1.2656375632681514, "tau": 295.82669272387744, "kronecker_kernel": true}}
