{"target": 20.393562848653172, "params": {"C": 15.549740451936518, "epsilon": 1.043171813083678, "tau": 34.99941651232359, "kronecker_kernel": true}}
{"target": 41.22946281776474, "params": {"C": 2.0960578744667497, "epsilon": 1.288080428988873, "tau": 80.63521987259156, "kronecker_kernel": true}}
{"target": 45.94767431114036, "params": {"C": 1.819824295137181, "epsilon": 1.250098306421098, "tau": 86.1584087959584, "kronecker_kernel": true}}
{"target": 19.943304798413585, "params": {"C": 18.380049467982637, "epsilon": 1.2938057566657215, "tau": 93.23680649243008, "kronecker_kernel": true}}
{"target": 19.291035502115726, "params": {"C": 12.966474557785517, "epsilon": 1.4358340830382095, "tau": 88.92356271636773, "kronecker_kernel": true}}
{"target": 20.257144374263213, "params": {"C": 20.80604229925137, "epsilon": 1.61622254373659, "tau": 88.77084957341158, "kronecker_kernel": true}}
{"target": 19.553172382993175, "params": {"C": 15.72727609609252, "epsilon": 0.9687185028097404, "tau": 91.79419538342042, "kronecker_kernel": true}}
{"target": 19.4969103796873, "params": {"C": 14.244720184001427, "epsilon": 1.1715052212323134, "tau": 81.53712062124384, "kronecker_kernel": true}}
{"target": 59.472405196472984, "params": {"C": 0.16844366706446134, "epsilon": 0.7853504018812525, "tau": 40.821666772466116, "kronecker_kernel": true}}
{"target": 45.92514145675189, "params": {"C": 1.3851159741975456, "epsilon": 0.8397689401220714, "tau": 46.15181986876858, "kronecker_kernel": true}}
{"target": 20.44018655600992, "params": {"C": 22.006000878661403, "epsilon": 0.42962235102014146, "tau": 43.99714318068998, "kronecker_kernel": true}}
{"target": 18.932804490189355, "params": {"C": 6.946419170114187, "epsilon": 1.4377098103750596, "tau": 38.72364083763699, "kronecker_kernel": true}}
{"target": 20.158407551920362, "params": {"C": 5.043513431754721, "epsilon": 1.0778309698929256, "tau": 42.851846855833784, "kronecker_kernel": true}}
{"target": 20.690945039206245, "params": {"C": 73.72800619556185, "epsilon": 1.592178711265304, "tau": 77.85356399974154, "kronecker_kernel": true}}
{"target": 48.506014648124186, "params": {"C": 0.865228618586249, "epsilon": 2.0047105913354923, "tau": 38.01901765626173, "kronecker_kernel": true}}
{"target": 20.29243588785736, "params": {"C": 14.727589611420676, "epsilon": 2.018056888036097, "tau": 45.52489608262174, "kronecker_kernel": true}}
{"target": 20.800045693205657, "params": {"C": 20.772423746864693, "epsilon": 2.1713434633401123, "tau": 24.963002736029814, "kronecker_kernel": true}}
{"target": 20.31085303479255, "params": {"C": 13.585577526682586, "epsilon": 1.9462596834349326, "tau": 37.38341444749562, "kronecker_kernel": true}}
{"target": 20.47903388000954, "params": {"C": 15.48602790471978, "epsilon": 1.9228166327574245, "tau": 37.351674029421396, "kronecker_kernel": true}}
{"target": 20.626805612471983, "params": {"C": 17.85156299563855, "epsilon": 1.8481199594440092, "tau": 35.22027693538977, "kronecker_kernel": true}}
{"target": 20.83160012209491, "params": {"C": 97.62283269756537, "epsilon": 2.2364979830055787, "tau": 92.68575644104614, "kronecker_kernel": true}}
{"target": 18.96507218741909, "params": {"C": 8.294948218467809, "epsilon": 1.494546981014619, "tau": 56.80222562373932, "kronecker_kernel": true}}
{"target": 20.33056069778316, "params": {"C": 17.49204823748396, "epsilon": 1.4432142098403922, "tau": 54.35208034752623, "kronecker_kernel": true}}
{"target": 19.04134948041135, "params": {"C": 9.791570165069315, "epsilon": 1.3419626416028565, "tau": 98.73243183481605, "kronecker_kernel": true}}
{"target": 19.484825632141053, "params": {"C": 13.845757875077002, "epsilon": 1.2116205931022483, "tau": 78.61274827410993, "kronecker_kernel": true}}
{"target": 20.84762496996327, "params": {"C": 5.200734098375004, "epsilon": 1.722331321819599, "tau": 56.43815925223024, "kronecker_kernel": true}}
{"target": 23.949882441312422, "params": {"C": 3.3196743365468437, "epsilon": 1.508236520887762, "tau": 63.452953952120765, "kronecker_kernel": true}}
{"target": 18.9243362401136, "params": {"C": 8.181069357821913, "epsilon": 1.5647346207189465, "tau": 53.365965830945825, "kronecker_kernel": true}}
{"target": 19.569707851452232, "params": {"C": 16.20830366479087, "epsilon": 1.3181697101018022, "tau": 98.67285225622588, "kronecker_kernel": true}}
{"target": 19.0805091248919, "params": {"C": 9.174408355749234, "epsilon": 0.879283214782185, "tau": 57.026651656797725, "kronecker_kernel": true}}
{"target": 19.26052559171044, "params": {"C": 13.250223766400904, "epsilon": 1.2466499773851323, "tau": 99.65584267620302, "kronecker_kernel": true}}
{"target": 20.06418436829933, "params": {"C": 19.291580226768133, "epsilon": 1.856471615841739, "tau": 97.29345486989554, "kronecker_kernel": true}}
{"target": 25.79346530735986, "params": {"C": 3.4914989273799684, "epsilon": 1.9660305111490812, "tau": 97.08179988898345, "kronecker_kernel": true}}
{"target": 20.47926151953112, "params": {"C": 19.479721614062456, "epsilon": 1.1598951974054097, "tau": 46.51561494243899, "kronecker_kernel": true}}
{"target": 20.526279333172603, "params": {"C": 26.642196429849907, "epsilon": 0.8408888806886502, "tau": 51.909801164186334, "kronecker_kernel": true}}
{"target": 20.541687422670474, "params": {"C": 25.191969250932477, "epsilon": 1.23519386492222, "tau": 63.57679230765375, "kronecker_kernel": true}}
{"target": 39.08848582955796, "params": {"C": 1.7054190003072982, "epsilon": 1.4764803047544328, "tau": 50.741753444504184, "kronecker_kernel": true}}
{"target": 20.11012378042525, "params": {"C": 15.566123016710087, "epsilon": 1.036954421801876, "tau": 54.83456076268968, "kronecker_kernel": true}}
{"target": 19.353507832828456, "params": {"C": 11.439126617014997, "epsilon": 1.1605637744998862, "tau": 61.13321079050855, "kronecker_kernel": true}}
{"target": 19.780020537374135, "params": {"C": 13.531829575180485, "epsilon": 0.7770961134373989, "tau": 55.20735027680626, "kronecker_kernel": true}}
{"target": 19.396676409604492, "params": {"C": 11.153987965076357, "epsilon": 0.8803453034656451, "tau": 55.110779409471974, "kronecker_kernel": true}}
{"target": 19.260878475774796, "params": {"C": 10.583151130626767, "epsilon": 1.0061681975053225, "tau": 60.109570742682195, "kronecker_kernel": true}}
{"target": 18.87735924456309, "params": {"C": 7.095440653220239, "epsilon": 1.5389944666677393, "tau": 36.985064948997774, "kronecker_kernel": true}}
{"target": 19.892825731137005, "params": {"C": 13.38311132953631, "epsilon": 2.777755695638069, "tau": 56.369211205478976, "kronecker_kernel": true}}
{"target": 60.99048123171301, "params": {"C": 0.6764439663760706, "epsilon": 2.2355188324702984, "tau": 55.60174128449436, "kronecker_kernel": true}}
{"target": 33.774108571699365, "params": {"C": 1.3698231627562505, "epsilon": 1.588544637635843, "tau": 27.058212306709965, "kronecker_kernel": true}}
{"target": 19.41593455837219, "params": {"C": 8.941582433141514, "epsilon": 1.6510134024496395, "tau": 36.14683940995324, "kronecker_kernel": true}}
{"target": 18.903359828142737, "params": {"C": 9.446531245403527, "epsilon": 1.9568983713003252, "tau": 70.64695425342143, "kronecker_kernel": true}}
{"target": 18.898143540026176, "params": {"C": 6.262206261236468, "epsilon": 1.6134184320829748, "tau": 36.163708862506915, "kronecker_kernel": true}}
{"target": 20.427929116710782, "params": {"C": 18.005978510764095, "epsilon": 0.8907933373046808, "tau": 41.243460023376386, "kronecker_kernel": true}}
{"target": 20.618909773413524, "params": {"C": 25.85821100403273, "epsilon": 1.2022149342688708, "tau": 34.49626928104929, "kronecker_kernel": true}}
{"target": 20.59276888562135, "params": {"C": 23.34898986490925, "epsilon": 1.8878486865642212, "tau": 67.5043208136703, "kronecker_kernel": true}}
{"target": 19.30515021120805, "params": {"C": 13.590147204040528, "epsilon": 3.292687813961909, "tau": 180.4793263156006, "kronecker_kernel": true}}
{"target": 27.464690909300465, "params": {"C": 4.00044085295324, "epsilon": 3.71142732682449, "tau": 146.90796140121978, "kronecker_kernel": true}}
{"target": 20.491496040196985, "params": {"C": 23.086477426116588, "epsilon": 0.36014291781153085, "tau": 22.561077067659344, "kronecker_kernel": true}}
{"target": 19.306520635785592, "params": {"C": 11.981939461912804, "epsilon": 1.6792537074164406, "tau": 79.63899681629344, "kronecker_kernel": true}}
{"target": 21.444836466676275, "params": {"C": 8.748388771996968, "epsilon": 4.0887250894976575, "tau": 169.05542696372402, "kronecker_kernel": true}}
{"target": 24.93470584517546, "params": {"C": 3.63907212297166, "epsilon": 4.656125515606356, "tau": 80.17732770038593, "kronecker_kernel": true}}
{"target": 19.20297616283403, "params": {"C": 15.470034350573865, "epsilon": 1.5339535791117653, "tau": 149.05686558094425, "kronecker_kernel": true}}
{"target": 20.055893152704808, "params": {"C": 17.440259791097073, "epsilon": 1.5779938983377966, "tau": 77.88699952561633, "kronecker_kernel": true}}
{"target": 23.251140354652986, "params": {"C": 4.472130125354775, "epsilon": 1.8093018540075885, "tau": 89.66633777907191, "kronecker_kernel": true}}
{"target": 21.414868130599594, "params": {"C": 15.019934169625802, "epsilon": 4.540948771384422, "tau": 6.163891940880194, "kronecker_kernel": true}}
{"target": 18.853471964732535, "params": {"C": 5.801597676974824, "epsilon": 4.2747624590824564, "tau": 23.97865393657816, "kronecker_kernel": true}}
{"target": 21.950013020201638, "params": {"C": 2.796096739430446, "epsilon": 0.9923294211875382, "tau": 23.909881298011946, "kronecker_kernel": true}}
{"target": 19.063534989790476, "params": {"C": 11.802755630979272, "epsilon": 3.242458416450685, "tau": 96.0568535046667, "kronecker_kernel": true}}
{"target": 19.12319462518137, "params": {"C": 12.18299749232423, "epsilon": 0.08145168164034951, "tau": 94.61363845483213, "kronecker_kernel": true}}
{"target": 19.644387196453064, "params": {"C": 18.291915809328433, "epsilon": 2.6363973255427267, "tau": 128.53884319073077, "kronecker_kernel": true}}
{"target": 20.167494162163642, "params": {"C": 21.95128730477654, "epsilon": 0.20195426609926406, "tau": 86.65059135635948, "kronecker_kernel": true}}
{"target": 18.8178676743307, "params": {"C": 12.968973098354299, "epsilon": 4.266615035597996, "tau": 125.11375513575886, "kronecker_kernel": true}}
{"target": 19.424100211279423, "params": {"C": 12.968965783534642, "epsilon": 4.058703306643786, "tau": 147.35320509055728, "kronecker_kernel": true}}
{"target": 19.445688903530584, "params": {"C": 21.944017025125348, "epsilon": 0.14958959966381039, "tau": 187.27487240946635, "kronecker_kernel": true}}
{"target": 20.22817275635905, "params": {"C": 23.674856879743665, "epsilon": 2.4440925407114444, "tau": 135.42927722275246, "kronecker_kernel": true}}
{"target": 20.838683980598027, "params": {"C": 17.436430385272743, "epsilon": 2.265161184987963, "tau": 10.34915255216714, "kronecker_kernel": true}}
{"target": 19.668230046477113, "params": {"C": 11.183354469646844, "epsilon": 4.706804871758889, "tau": 60.43028896785976, "kronecker_kernel": true}}
{"target": 20.981557795940823, "params": {"C": 18.886454482505563, "epsilon": 4.482957999228185, "tau": 58.30300178018798, "kronecker_kernel": true}}
{"target": 19.537268261840076, "params": {"C": 20.03386833432119, "epsilon": 1.5988715243802991, "tau": 159.28863515475442, "kronecker_kernel": true}}
{"target": 18.81209064128563, "params": {"C": 13.707354175032297, "epsilon": 3.6927749096784437, "tau": 138.41032019181617, "kronecker_kernel": true}}
{"target": 19.882804130630625, "params": {"C": 21.93665401592824, "epsilon": 2.183271553264409, "tau": 146.8708804333436, "kronecker_kernel": true}}
{"target": 20.524390599711648, "params": {"C": 20.690291629212705, "epsilon": 0.8090648584954909, "tau": 30.534816499086695, "kronecker_kernel": true}}
{"target": 23.22976943736302, "params": {"C": 6.47645593871588, "epsilon": 0.2854998369715255, "tau": 192.93888766612162, "kronecker_kernel": true}}
{"target": 21.173077618613224, "params": {"C": 16.502860475511476, "epsilon": 3.61343503265119, "tau": 7.489319541887533, "kronecker_kernel": true}}
{"target": 20.354355500011366, "params": {"C": 21.417391590882808, "epsilon": 1.2493743541969071, "tau": 74.8733691122608, "kronecker_kernel": true}}
{"target": 19.753783908770753, "params": {"C": 24.951199613934527, "epsilon": 0.5763454528553094, "tau": 189.05828882363295, "kronecker_kernel": true}}
{"target": 21.372976463486193, "params": {"C": 9.024859306981078, "epsilon": 2.272559321995925, "tau": 197.89558775614555, "kronecker_kernel": true}}
{"target": 20.959722651218335, "params": {"C": 22.930422407179194, "epsilon": 4.110070304376516, "tau": 78.72032243029153, "kronecker_kernel": true}}
{"target": 41.67579979857065, "params": {"C": 3.093275588028384, "epsilon": 0.9997895566096722, "tau": 178.3980383108502, "kronecker_kernel": true}}
{"target": 18.857908205457058, "params": {"C": 13.318709673459143, "epsilon": 0.2555508648661128, "tau": 175.10262697560157, "kronecker_kernel": true}}
{"target": 19.877987642924452, "params": {"C": 11.39525269801044, "epsilon": 2.8447567053843246, "tau": 192.08317543346013, "kronecker_kernel": true}}
{"target": 19.24562535932191, "params": {"C": 17.16399674685473, "epsilon": 0.5170322162159449, "tau": 151.99052643610435, "kronecker_kernel": true}}
{"target": 20.52525886538482, "params": {"C": 22.23027749591093, "epsilon": 1.1330391062198069, "tau": 49.74145578434666, "kronecker_kernel": true}}
{"target": 21.28757276339852, "params": {"C": 21.320141824601258, "epsilon": 4.280035197122479, "tau": 32.003536261041816, "kronecker_kernel": true}}
{"target": 20.377533861383906, "params": {"C": 23.854616800027053, "epsilon": 3.4124989149659997, "tau": 139.37318294889042, "kronecker_kernel": true}}
{"target": 19.609859015244407, "params": {"C": 10.766685276263617, "epsilon": 4.931666858446023, "tau": 121.00802950356541, "kronecker_kernel": true}}
{"target": 34.525285353346376, "params": {"C": 3.398610020444756, "epsilon": 4.219257060209758, "tau": 170.80416560344705, "kronecker_kernel": true}}
{"target": 22.774396132207453, "params": {"C": 6.22001048649398, "epsilon": 0.8346202969497848, "tau": 154.93144795152747, "kronecker_kernel": true}}
{"target": 20.845589949488833, "params": {"C": 16.78282754577662, "epsilon": 3.870736881885033, "tau": 46.035034661162015, "kronecker_kernel": true}}
{"target": 19.403250985304176, "params": {"C": 17.30888933236328, "epsilon": 0.4621109581222076, "tau": 126.69452786949084, "kronecker_kernel": true}}
{"target": 18.989574190813485, "params": {"C": 5.882401572574885, "epsilon": 0.5620498567100117, "tau": 24.455305177875317, "kronecker_kernel": true}}
{"target": 62.31439278352199, "params": {"C": 0.16576157047784743, "epsilon": 0.49221442534994414, "tau": 92.60710968087749, "kronecker_kernel": true}}
{"target": 59.60885250287678, "params": {"C": 0.3987978954278881, "epsilon": 2.3019675014572436, "tau": 19.940030909075496, "kronecker_kernel": true}}
{"target": 24.098768705544096, "params": {"C": 4.339631532453513, "epsilon": 4.389712823725088, "tau": 94.8354225027632, "kronecker_kernel": true}}
{"target": 30.040376743493926, "params": {"C": 3.0778513319719027, "epsilon": 4.554140462450919, "tau": 108.3821979692388, "kronecker_kernel": true}}
{"target": 19.201894190919948, "params": {"C": 12.615516208502276, "epsilon": 1.5298476061802042, "tau": 175.31268871523622, "kronecker_kernel": true}}
{"target": 20.011839751212, "params": {"C": 22.860913086722498, "epsilon": 3.7794212536831813, "tau": 168.52323181775478, "kronecker_kernel": true}}
{"target": 20.202530619005582, "params": {"C": 6.851824831464131, "epsilon": 3.5498364278805234, "tau": 70.45345234585437, "kronecker_kernel": true}}
{"target": 25.332059692641405, "params": {"C": 4.346375753701347, "epsilon": 3.993486464095973, "tau": 123.91119951902094, "kronecker_kernel": true}}
{"target": 20.4366512354596, "params": {"C": 12.667852911273341, "epsilon": 0.23972530431972097, "tau": 12.270237207448657, "kronecker_kernel": true}}
{"target": 19.615349175527516, "params": {"C": 16.387909984696265, "epsilon": 3.212743382693269, "tau": 112.18279913456212, "kronecker_kernel": true}}
{"target": 19.245830098667653, "params": {"C": 8.682126774862851, "epsilon": 3.207536328158942, "tau": 65.60366593705345, "kronecker_kernel": true}}
{"target": 19.452394466623435, "params": {"C": 15.493648140504673, "epsilon": 3.182352831603909, "tau": 119.11944653575034, "kronecker_kernel": true}}
{"target": 20.521605376465125, "params": {"C": 10.047868396617558, "epsilon": 4.714827766138704, "tau": 26.731309868814904, "kronecker_kernel": true}}
{"target": 22.29175634984405, "params": {"C": 7.669146528317697, "epsilon": 3.2044197903979486, "tau": 178.85683708191706, "kronecker_kernel": true}}
{"target": 20.546618706587235, "params": {"C": 7.485461537047422, "epsilon": 0.44358132425555213, "tau": 113.5128641055, "kronecker_kernel": true}}
{"target": 20.121977495757672, "params": {"C": 17.036717209604507, "epsilon": 3.158331142315142, "tau": 82.18870704934271, "kronecker_kernel": true}}
{"target": 19.53940102379766, "params": {"C": 17.513822684991755, "epsilon": 3.9481262482049964, "tau": 165.5928702726322, "kronecker_kernel": true}}
{"target": 18.818290578878084, "params": {"C": 5.676753139286159, "epsilon": 0.2329357320713243, "tau": 24.39917712960578, "kronecker_kernel": true}}
{"target": 18.997620807028945, "params": {"C": 10.920971439698702, "epsilon": 0.15551834368828266, "tau": 83.61144710886282, "kronecker_kernel": true}}
{"target": 20.521064227822432, "params": {"C": 2.7177001976494175, "epsilon": 0.21504273298203924, "tau": 15.278238947292595, "kronecker_kernel": true}}
{"target": 19.11211931171931, "params": {"C": 11.611921346185662, "epsilon": 0.03969622483712048, "tau": 86.80904447203334, "kronecker_kernel": true}}
{"target": 18.839718030785008, "params": {"C": 5.9572348455531525, "epsilon": 0.5103036562243564, "tau": 33.79644161412088, "kronecker_kernel": true}}
{"target": 20.671129571368454, "params": {"C": 4.387540168085694, "epsilon": 0.002966735632260048, "tau": 44.548582810074564, "kronecker_kernel": true}}
{"target": 28.837066725462346, "params": {"C": 1.5990109138586677, "epsilon": 4.619035332257078, "tau": 26.612560037407697, "kronecker_kernel": true}}
{"target": 19.58991297537993, "params": {"C": 3.6352647836644727, "epsilon": 4.490627493375023, "tau": 11.912378468522112, "kronecker_kernel": true}}
{"target": 19.03915954552955, "params": {"C": 6.49070713162651, "epsilon": 0.7697451674905249, "tau": 51.56027478252755, "kronecker_kernel": true}}
{"target": 19.137680737749456, "params": {"C": 12.199303893999405, "epsilon": 0.3187697050893418, "tau": 166.3693118330854, "kronecker_kernel": true}}
{"target": 19.60785851332966, "params": {"C": 7.24140156703098, "epsilon": 1.4454648070163993, "tau": 19.162190243108153, "kronecker_kernel": true}}
{"target": 19.992985523660987, "params": {"C": 5.027226929307352, "epsilon": 1.2147019070758214, "tau": 6.632737919222198, "kronecker_kernel": true}}
{"target": 19.624464811879797, "params": {"C": 5.592636469176431, "epsilon": 0.9903733988443737, "tau": 10.738572145618923, "kronecker_kernel": true}}
{"target": 20.287890679313644, "params": {"C": 6.675672114020099, "epsilon": 0.9159762917413389, "tau": 7.589196505399556, "kronecker_kernel": true}}
{"target": 19.23764942817902, "params": {"C": 6.64997089103942, "epsilon": 0.8520886075683503, "tau": 25.23072694332253, "kronecker_kernel": true}}
{"target": 19.25336974966139, "params": {"C": 11.71856606890158, "epsilon": 1.2812453890390083, "tau": 78.49483359590509, "kronecker_kernel": true}}
{"target": 18.875971720079008, "params": {"C": 15.380722377435248, "epsilon": 0.14644723702768048, "tau": 195.32325417983475, "kronecker_kernel": true}}
{"target": 19.50681404492219, "params": {"C": 10.756702302469867, "epsilon": 3.787636184145187, "tau": 127.63033506604722, "kronecker_kernel": true}}
{"target": 19.28416046198946, "params": {"C": 10.96800723255891, "epsilon": 1.3569180868676085, "tau": 64.5972597758549, "kronecker_kernel": true}}
{"target": 19.367384095261027, "params": {"C": 15.194649190334594, "epsilon": 4.9342275640013975, "tau": 144.54227411939908, "kronecker_kernel": true}}
{"target": 19.130725362343824, "params": {"C": 16.685016838949807, "epsilon": 0.12627132834041674, "tau": 176.24408665726023, "kronecker_kernel": true}}
{"target": 19.234456216800986, "params": {"C": 18.77906642076323, "epsilon": 0.6975026429133264, "tau": 197.3551122923842, "kronecker_kernel": true}}
{"target": 18.869702327359256, "params": {"C": 15.127172720982673, "epsilon": 0.5207520643262178, "tau": 184.2274329836565, "kronecker_kernel": true}}
{"target": 18.82900737480756, "params": {"C": 14.724011694126583, "epsilon": 0.11793429248391069, "tau": 193.79704008850035, "kronecker_kernel": true}}
{"target": 19.21896303701033, "params": {"C": 12.336036842252819, "epsilon": 0.7914368041703063, "tau": 197.3074056258786, "kronecker_kernel": true}}
{"target": 20.40534546338436, "params": {"C": 10.086713379723406, "epsilon": 0.008217176486012695, "tau": 192.96620233787252, "kronecker_kernel": true}}
{"target": 18.831048881574848, "params": {"C": 14.306865462168354, "epsilon": 0.7348391039116693, "tau": 195.46631317298335, "kronecker_kernel": true}}
{"target": 19.142138724100057, "params": {"C": 12.07839942323965, "epsilon": 0.5391732980059754, "tau": 182.19890670176977, "kronecker_kernel": true}}
{"target": 18.98259348808436, "params": {"C": 15.474647134398543, "epsilon": 0.3229722693007072, "tau": 169.34915349670175, "kronecker_kernel": true}}
{"target": 18.86474780693649, "params": {"C": 13.869262898137514, "epsilon": 0.20580106505805898, "tau": 168.07208290720027, "kronecker_kernel": true}}
{"target": 20.3828793200018, "params": {"C": 6.33642045941517, "epsilon": 3.3936293741390555, "tau": 9.763706766885493, "kronecker_kernel": true}}
