{"target": 18.89926492973158, "params": {"C": 13.897843149851777, "epsilon": 0.3110105467584229, "tau": 195.43469268647698, "kronecker_kernel": true}}
{"target": 19.113596585163755, "params": {"C": 17.146332306066327, "epsilon": 0.012280653595087787, "tau": 188.76473696319593, "kronecker_kernel": true}}
{"target": 18.8503429427805, "params": {"C": 13.50147725087154, "epsilon": 0.9655480105282556, "tau": 135.96794730254217, "kronecker_kernel": true}}
{"target": 18.970317994904857, "params": {"C": 11.416640974853031, "epsilon": 0.6518233678243746, "tau": 153.17160608457743, "kronecker_kernel": true}}
{"target": 19.096241222479076, "params": {"C": 14.5382142294574, "epsilon": 0.6974741846209888, "tau": 140.90240549840857, "kronecker_kernel": true}}
{"target": 19.280202724763733, "params": {"C": 17.81524659129524, "epsilon": 2.23952922106959, "tau": 191.10992908082264, "kronecker_kernel": true}}
{"target": 18.94564631870268, "params": {"C": 13.335436961183913, "epsilon": 1.3362864528169578, "tau": 144.3520887938064, "kronecker_kernel": true}}
{"target": 19.105752307349693, "params": {"C": 14.501120986696682, "epsilon": 0.5146906353962616, "tau": 138.54483626335087, "kronecker_kernel": true}}
{"target": 19.60120004521319, "params": {"C": 15.344224996461532, "epsilon": 4.333074425198698, "tau": 118.87662043252877, "kronecker_kernel": true}}
{"target": 19.797862168834236, "params": {"C": 16.950200263846305, "epsilon": 4.3911957116842615, "tau": 118.85239562724179, "kronecker_kernel": true}}
{"target": 19.4335223431833, "params": {"C": 12.681108098117033, "epsilon": 3.7479657071167423, "tau": 147.39902490600048, "kronecker_kernel": true}}
{"target": 19.408470369799133, "params": {"C": 10.882129072406755, "epsilon": 3.5183342648469083, "tau": 128.17651439221515, "kronecker_kernel": true}}
{"target": 19.045972404741832, "params": {"C": 16.90463139425843, "epsilon": 1.2372476420424947, "tau": 198.66517900745188, "kronecker_kernel": true}}
{"target": 19.022427275390548, "params": {"C": 15.440882118215054, "epsilon": 1.3557402030833128, "tau": 167.51796155505895, "kronecker_kernel": true}}
{"target": 19.177033928926775, "params": {"C": 16.949486064984665, "epsilon": 0.9250206208187199, "tau": 179.81530483276677, "kronecker_kernel": true}}
{"target": 19.820778210369983, "params": {"C": 11.329339058231048, "epsilon": 1.3172918976444685, "tau": 195.4772906495819, "kronecker_kernel": true}}
{"target": 18.949855219452253, "params": {"C": 13.813436394604288, "epsilon": 1.1858721490715867, "tau": 188.97403131422652, "kronecker_kernel": true}}
{"target": 59.56745801945058, "params": {"C": 0.5200891549608766, "epsilon": 2.609328633123644, "tau": 100.50047457142296, "kronecker_kernel": true}}
{"target": 19.218068018299306, "params": {"C": 10.665357927946625, "epsilon": 0.0055979969672462215, "tau": 138.91382762387235, "kronecker_kernel": true}}
{"target": 60.894394755605234, "params": {"C": 0.36756502155518866, "epsilon": 1.4425243455575283, "tau": 63.00587409048513, "kronecker_kernel": true}}
{"target": 19.192589947616657, "params": {"C": 12.006446444466244, "epsilon": 0.09487320102950089, "tau": 158.1513782662004, "kronecker_kernel": true}}
{"target": 19.027272033323804, "params": {"C": 13.700873347403697, "epsilon": 0.001725129389740343, "tau": 192.18222581650392, "kronecker_kernel": true}}
{"target": 18.883468781235884, "params": {"C": 14.068119850434089, "epsilon": 0.0832740169141277, "tau": 169.18188593017027, "kronecker_kernel": true}}
{"target": 18.8284452539921, "params": {"C": 14.55873400376663, "epsilon": 0.09259082100241624, "tau": 159.43441580614945, "kronecker_kernel": true}}
{"target": 18.88142728187636, "params": {"C": 15.660263215982443, "epsilon": 0.45495993089053344, "tau": 199.52978437365996, "kronecker_kernel": true}}
{"target": 21.302351112696066, "params": {"C": 7.294261496469641, "epsilon": 4.383482682485175, "tau": 4.050462854381486, "kronecker_kernel": true}}
{"target": 19.186170751713007, "params": {"C": 17.832182399095874, "epsilon": 0.4647618674065511, "tau": 189.56429915667317, "kronecker_kernel": true}}
{"target": 20.209272465681014, "params": {"C": 9.565417628745635, "epsilon": 0.14597774959395465, "tau": 15.078467256795825, "kronecker_kernel": true}}
{"target": 21.209415253696807, "params": {"C": 7.850367729990513, "epsilon": 4.2310951813694455, "tau": 5.909314623913893, "kronecker_kernel": true}}
{"target": 22.189715113466434, "params": {"C": 4.17944639998397, "epsilon": 4.033841633996235, "tau": 49.254257582618976, "kronecker_kernel": true}}
{"target": 18.80024331294138, "params": {"C": 14.845621754253369, "epsilon": 0.04352159419007174, "tau": 173.33233848914173, "kronecker_kernel": true}}
{"target": 20.376386181518225, "params": {"C": 6.164714713105862, "epsilon": 4.046157423858568, "tau": 59.552303162793194, "kronecker_kernel": true}}
{"target": 19.01111632676757, "params": {"C": 15.037943965019776, "epsilon": 0.3632790468679278, "tau": 157.2890719296789, "kronecker_kernel": true}}
{"target": 19.082641112641507, "params": {"C": 15.071232256732836, "epsilon": 0.4731862050461151, "tau": 152.22036062235824, "kronecker_kernel": true}}
{"target": 18.83455839800656, "params": {"C": 13.233557463833124, "epsilon": 0.09027988246508806, "tau": 154.93367823045503, "kronecker_kernel": true}}
{"target": 19.45922157968977, "params": {"C": 17.87217533263849, "epsilon": 0.39725056810248704, "tau": 124.68338917257566, "kronecker_kernel": true}}
{"target": 19.465405674070098, "params": {"C": 18.683197272024284, "epsilon": 0.6229805749505695, "tau": 137.88082122126067, "kronecker_kernel": true}}
{"target": 18.95987913056346, "params": {"C": 6.875802852804836, "epsilon": 0.025788465290873808, "tau": 33.828074748378086, "kronecker_kernel": true}}
{"target": 19.16310243761804, "params": {"C": 15.856667726791368, "epsilon": 0.11759043674607697, "tau": 150.17809904194766, "kronecker_kernel": true}}
{"target": 21.578606244684273, "params": {"C": 7.105631581155057, "epsilon": 1.7529623818369662, "tau": 135.23663788947914, "kronecker_kernel": true}}
{"target": 19.099464119927422, "params": {"C": 11.604080765884808, "epsilon": 0.163495852296049, "tau": 143.4017573358817, "kronecker_kernel": true}}
{"target": 19.21756455431121, "params": {"C": 12.048671538258615, "epsilon": 0.03702959229273023, "tau": 160.67838181610233, "kronecker_kernel": true}}
{"target": 18.96777685716608, "params": {"C": 12.319010190918206, "epsilon": 1.3142737055206788, "tau": 128.0116708881352, "kronecker_kernel": true}}
{"target": 20.594096476360633, "params": {"C": 11.043413765023281, "epsilon": 4.523072740302259, "tau": 191.572661417158, "kronecker_kernel": true}}
{"target": 19.18344059206886, "params": {"C": 12.467608122781412, "epsilon": 0.01477368612905397, "tau": 177.48672861017522, "kronecker_kernel": true}}
{"target": 19.132921272298333, "params": {"C": 16.04289284830381, "epsilon": 0.0674108640574899, "tau": 161.78243981601864, "kronecker_kernel": true}}
{"target": 19.493004841295015, "params": {"C": 11.980863515869535, "epsilon": 4.626875840465997, "tau": 82.64626341271467, "kronecker_kernel": true}}
{"target": 19.328936969291657, "params": {"C": 18.86786384689581, "epsilon": 0.0010785638475343737, "tau": 158.90532959039277, "kronecker_kernel": true}}
{"target": 20.461626039678976, "params": {"C": 5.862807050434404, "epsilon": 0.6514172368817516, "tau": 65.25709881510589, "kronecker_kernel": true}}
{"target": 19.649126583169437, "params": {"C": 10.348443669556058, "epsilon": 4.5807327584385495, "tau": 102.06258899684953, "kronecker_kernel": true}}
{"target": 19.16628707505012, "params": {"C": 15.124848848876294, "epsilon": 2.984519137449704, "tau": 151.48260141136132, "kronecker_kernel": true}}
{"target": 20.48195079941133, "params": {"C": 10.172252295951955, "epsilon": 0.7333908293654086, "tau": 198.90757891997248, "kronecker_kernel": true}}
{"target": 19.017650182712842, "params": {"C": 13.464290458771293, "epsilon": 0.3948729321562753, "tau": 192.6378596906947, "kronecker_kernel": true}}
{"target": 18.90602159216606, "params": {"C": 13.50421636544221, "epsilon": 0.7149883184491829, "tau": 186.450210185316, "kronecker_kernel": true}}
{"target": 19.153967234958152, "params": {"C": 12.720873099670179, "epsilon": 0.23930295386171968, "tau": 197.24166889665239, "kronecker_kernel": true}}
{"target": 19.061571568142856, "params": {"C": 16.525274566754838, "epsilon": 0.02850543460600169, "tau": 184.47749900021194, "kronecker_kernel": true}}
{"target": 18.814353843417205, "params": {"C": 14.864249073206304, "epsilon": 0.3540632303076653, "tau": 198.2032292478243, "kronecker_kernel": true}}
{"target": 19.103722809432874, "params": {"C": 17.22050189736344, "epsilon": 0.5189658362810197, "tau": 195.6859321167604, "kronecker_kernel": true}}
{"target": 18.895238949110023, "params": {"C": 13.883397084534021, "epsilon": 0.6876075707586942, "tau": 156.52630445085023, "kronecker_kernel": true}}
{"target": 18.97581456442114, "params": {"C": 15.125740583414633, "epsilon": 1.064095635847701, "tau": 163.11052951816137, "kronecker_kernel": true}}
{"target": 18.72245453653573, "params": {"C": 13.57013530497216, "epsilon": 1.0503648322514039, "tau": 169.75715051813492, "kronecker_kernel": true}}
{"target": 18.76869643103946, "params": {"C": 13.32123316769231, "epsilon": 1.1506190850560676, "tau": 165.97311673128416, "kronecker_kernel": true}}
{"target": 18.879375793870214, "params": {"C": 16.4229693119047, "epsilon": 0.8064604380917781, "tau": 198.66597568516553, "kronecker_kernel": true}}
{"target": 24.08756682303337, "params": {"C": 1.6386414293091303, "epsilon": 0.23928504771695283, "tau": 16.476943836639744, "kronecker_kernel": true}}
{"target": 19.07661726264785, "params": {"C": 11.833481793467184, "epsilon": 0.9839826758261886, "tau": 171.61774254089465, "kronecker_kernel": true}}
{"target": 19.411077548973992, "params": {"C": 12.189677329741448, "epsilon": 2.0465127359053388, "tau": 155.47051684490236, "kronecker_kernel": true}}
{"target": 19.10836145912301, "params": {"C": 13.0530095466067, "epsilon": 2.0284420830540673, "tau": 159.80273768328263, "kronecker_kernel": true}}
{"target": 19.026953261513558, "params": {"C": 12.082368400201343, "epsilon": 1.58721205193698, "tau": 143.49748450478037, "kronecker_kernel": true}}
{"target": 19.22061270377689, "params": {"C": 13.21593817047214, "epsilon": 1.7660477942515338, "tau": 177.40065891262392, "kronecker_kernel": true}}
{"target": 19.301414636851725, "params": {"C": 15.498193342552764, "epsilon": 4.11451920873945, "tau": 150.54826220455178, "kronecker_kernel": true}}
{"target": 18.912546548396808, "params": {"C": 13.975359760129058, "epsilon": 1.0303133576310775, "tau": 158.09750409128543, "kronecker_kernel": true}}
{"target": 20.40204178135021, "params": {"C": 9.547135645383474, "epsilon": 0.8761984605131887, "tau": 166.289348194423, "kronecker_kernel": true}}
{"target": 19.138621340467303, "params": {"C": 10.870753458467448, "epsilon": 0.9854282890475435, "tau": 149.8370355264365, "kronecker_kernel": true}}
{"target": 18.92161730081345, "params": {"C": 14.255020582220103, "epsilon": 0.773079464232426, "tau": 167.44034984875918, "kronecker_kernel": true}}
{"target": 18.814739063713493, "params": {"C": 13.076634944256343, "epsilon": 0.6178742503904897, "tau": 161.41185705119207, "kronecker_kernel": true}}
{"target": 19.179036671422512, "params": {"C": 16.187988411294715, "epsilon": 0.914588162806425, "tau": 163.62707891422622, "kronecker_kernel": true}}
{"target": 18.822600981262134, "params": {"C": 14.573996383643642, "epsilon": 0.16989874290449597, "tau": 160.34570909320794, "kronecker_kernel": true}}
{"target": 20.401854698481973, "params": {"C": 9.226312211718579, "epsilon": 0.010715148578429756, "tau": 160.65483231150213, "kronecker_kernel": true}}
{"target": 19.16758277233425, "params": {"C": 14.238364113819554, "epsilon": 0.11865275809632064, "tau": 120.34482411669237, "kronecker_kernel": true}}
{"target": 18.88198519116602, "params": {"C": 12.810789605681142, "epsilon": 0.16761847548712233, "tau": 137.93197122278752, "kronecker_kernel": true}}
{"target": 19.190883983200152, "params": {"C": 16.76138450840933, "epsilon": 0.05552406918718278, "tau": 151.16944949856338, "kronecker_kernel": true}}
{"target": 19.45503196026177, "params": {"C": 17.20158020512731, "epsilon": 1.7914051382989569, "tau": 130.2354784972098, "kronecker_kernel": true}}
{"target": 18.789505659293816, "params": {"C": 13.261092736754708, "epsilon": 0.5829067930569511, "tau": 158.7426343395084, "kronecker_kernel": true}}
{"target": 19.184475758816596, "params": {"C": 15.980318172537327, "epsilon": 0.035234304280685774, "tau": 141.23619370030355, "kronecker_kernel": true}}
{"target": 19.239406870828482, "params": {"C": 8.881446350138459, "epsilon": 0.739688410863671, "tau": 43.62598649117293, "kronecker_kernel": true}}
{"target": 20.95673509099828, "params": {"C": 8.966428124801347, "epsilon": 4.447720415339285, "tau": 153.29736218153977, "kronecker_kernel": true}}
{"target": 19.04907107307349, "params": {"C": 8.451952241875219, "epsilon": 0.6236981482967602, "tau": 48.912063107458266, "kronecker_kernel": true}}
{"target": 20.945113993784958, "params": {"C": 8.957607619885604, "epsilon": 4.514226848990801, "tau": 142.85281837443353, "kronecker_kernel": true}}
{"target": 19.62551236839005, "params": {"C": 5.642566094309164, "epsilon": 4.922042061256476, "tau": 32.35225361236115, "kronecker_kernel": true}}
{"target": 19.379483456815326, "params": {"C": 15.974865969668631, "epsilon": 1.1426546363079437, "tau": 116.42032008675599, "kronecker_kernel": true}}
{"target": 18.970146203362734, "params": {"C": 12.13669468066973, "epsilon": 1.0365356458261263, "tau": 167.8197141331759, "kronecker_kernel": true}}
{"target": 19.51059767870101, "params": {"C": 10.9567730115488, "epsilon": 0.24049022415403648, "tau": 164.50360764661863, "kronecker_kernel": true}}
{"target": 18.864372717273188, "params": {"C": 12.211595272722791, "epsilon": 3.6490371994466124, "tau": 115.38465362073055, "kronecker_kernel": true}}
{"target": 18.870125930739814, "params": {"C": 13.635237852598857, "epsilon": 0.6765904462584471, "tau": 162.25292557309808, "kronecker_kernel": true}}
{"target": 18.92741830001885, "params": {"C": 11.69105806799047, "epsilon": 0.6400215619710781, "tau": 140.81735328724588, "kronecker_kernel": true}}
{"target": 18.845812870207617, "params": {"C": 13.065108831224219, "epsilon": 0.9122164577923225, "tau": 132.9141885007931, "kronecker_kernel": true}}
{"target": 19.404977845322698, "params": {"C": 14.82325469008486, "epsilon": 4.380179227423179, "tau": 133.4555423502565, "kronecker_kernel": true}}
{"target": 19.51606744051438, "params": {"C": 12.968116847687382, "epsilon": 3.74526479116987, "tau": 91.07797295568375, "kronecker_kernel": true}}
{"target": 19.312485040178093, "params": {"C": 11.675563373600957, "epsilon": 3.7610404074552597, "tau": 84.41628875703537, "kronecker_kernel": true}}
{"target": 20.737598058829857, "params": {"C": 21.56199541854658, "epsilon": 2.6573861449223353, "tau": 58.93913695520986, "kronecker_kernel": true}}
{"target": 19.544477439168915, "params": {"C": 10.1002035029089, "epsilon": 3.498726552302352, "tau": 125.91710306234748, "kronecker_kernel": true}}
{"target": 18.926625886287418, "params": {"C": 10.922214887188067, "epsilon": 0.8996955502190407, "tau": 99.85516930871441, "kronecker_kernel": true}}
{"target": 19.30946345048934, "params": {"C": 13.516372979532758, "epsilon": 3.683690549944366, "tau": 158.98259854435787, "kronecker_kernel": true}}
{"target": 19.15796281224528, "params": {"C": 12.639225369336437, "epsilon": 1.5203311641535766, "tau": 104.38653390981437, "kronecker_kernel": true}}
{"target": 19.25439594246437, "params": {"C": 13.374205420013038, "epsilon": 0.9535304700942886, "tau": 98.81883900236616, "kronecker_kernel": true}}
{"target": 19.924767954738524, "params": {"C": 8.07112214141889, "epsilon": 2.5400366533285443, "tau": 104.55537180486886, "kronecker_kernel": true}}
{"target": 21.148256316046446, "params": {"C": 2.3939259373660997, "epsilon": 3.498206416508275, "tau": 12.05530890129077, "kronecker_kernel": true}}
{"target": 19.491301964062277, "params": {"C": 13.840372309040424, "epsilon": 3.5007462213620286, "tau": 103.41887539338421, "kronecker_kernel": true}}
{"target": 18.967658386890847, "params": {"C": 13.265826584280223, "epsilon": 3.5034049547084103, "tau": 123.3979089857308, "kronecker_kernel": true}}
{"target": 18.854021150238808, "params": {"C": 13.639027253891564, "epsilon": 1.2346447811167962, "tau": 143.1181588702251, "kronecker_kernel": true}}
{"target": 18.97722346715725, "params": {"C": 15.790422366680417, "epsilon": 0.002869492688058861, "tau": 176.82793885288538, "kronecker_kernel": true}}
{"target": 22.62895271215016, "params": {"C": 3.0619131351541937, "epsilon": 0.7170574774397666, "tau": 34.455187892912456, "kronecker_kernel": true}}
{"target": 18.84033495653769, "params": {"C": 12.872248345517415, "epsilon": 1.1622831179276605, "tau": 124.5648810562497, "kronecker_kernel": true}}
{"target": 18.79296927523075, "params": {"C": 13.253699236091824, "epsilon": 0.537611548667002, "tau": 163.0784409336889, "kronecker_kernel": true}}
{"target": 18.977613215117607, "params": {"C": 4.7737940075985374, "epsilon": 0.5403951598332053, "tau": 16.1860759769451, "kronecker_kernel": true}}
{"target": 19.11545644361064, "params": {"C": 15.13142967408526, "epsilon": 1.3296680177931655, "tau": 153.76236600060855, "kronecker_kernel": true}}
{"target": 18.93058336373013, "params": {"C": 10.715495619073693, "epsilon": 1.0009309327747713, "tau": 113.23829428151639, "kronecker_kernel": true}}
{"target": 19.219758076763746, "params": {"C": 14.096670612458794, "epsilon": 1.3315085199853767, "tau": 120.01671850033568, "kronecker_kernel": true}}
{"target": 19.01205490871046, "params": {"C": 13.570820540011391, "epsilon": 1.2762436685308811, "tau": 129.79708540883442, "kronecker_kernel": true}}
{"target": 18.960528343444874, "params": {"C": 10.995977863468891, "epsilon": 1.0830594305750312, "tau": 120.4554151571408, "kronecker_kernel": true}}
{"target": 18.838740308838535, "params": {"C": 13.623213961046448, "epsilon": 1.606230181720833, "tau": 139.7278398322195, "kronecker_kernel": true}}
{"target": 19.7589119261853, "params": {"C": 9.973927962630789, "epsilon": 1.1645589695041627, "tau": 146.8130304667649, "kronecker_kernel": true}}
{"target": 19.061058626822355, "params": {"C": 10.972315397438857, "epsilon": 0.7128214538386345, "tau": 148.26138927034148, "kronecker_kernel": true}}
{"target": 19.266400506883546, "params": {"C": 17.50970872545748, "epsilon": 1.1069998150676381, "tau": 163.38177468049923, "kronecker_kernel": true}}
{"target": 19.048499331457254, "params": {"C": 13.254869300240744, "epsilon": 2.008933120050095, "tau": 122.40140997429341, "kronecker_kernel": true}}
{"target": 18.982316364869213, "params": {"C": 13.673337831778918, "epsilon": 0.7428308040884462, "tau": 132.6961204351751, "kronecker_kernel": true}}
{"target": 19.207144584203004, "params": {"C": 15.3229675576254, "epsilon": 1.3267258029464633, "tau": 144.2428892075132, "kronecker_kernel": true}}
{"target": 19.265938862308182, "params": {"C": 15.960647392665768, "epsilon": 1.683463278905716, "tau": 147.9103727414703, "kronecker_kernel": true}}
{"target": 19.34748429578504, "params": {"C": 16.107937020210233, "epsilon": 0.9402998127121975, "tau": 120.17279956770085, "kronecker_kernel": true}}
{"target": 19.278964223140484, "params": {"C": 15.098776337474213, "epsilon": 1.6989274774176968, "tau": 130.38202205765256, "kronecker_kernel": true}}
{"target": 18.967990037932765, "params": {"C": 13.450215754517993, "epsilon": 0.8121701203716986, "tau": 188.02408446482934, "kronecker_kernel": true}}
{"target": 19.037174098192892, "params": {"C": 13.95231169530401, "epsilon": 0.007318730707707388, "tau": 199.9552273414287, "kronecker_kernel": true}}
{"target": 19.194987094158385, "params": {"C": 12.870460555470022, "epsilon": 0.049334603477391825, "tau": 180.8770190837051, "kronecker_kernel": true}}
{"target": 18.877171455690434, "params": {"C": 14.2103505114543, "epsilon": 1.107454791832443, "tau": 178.72866956519928, "kronecker_kernel": true}}
{"target": 18.73252068025087, "params": {"C": 13.412148669671565, "epsilon": 0.8586300388741787, "tau": 165.51604852419428, "kronecker_kernel": true}}
{"target": 18.853065456930743, "params": {"C": 14.732034032031864, "epsilon": 0.8937364412912985, "tau": 170.07757582522282, "kronecker_kernel": true}}
{"target": 18.73093395596306, "params": {"C": 13.452909142184698, "epsilon": 0.8729451251243457, "tau": 166.43171935994013, "kronecker_kernel": true}}
{"target": 18.929806885850972, "params": {"C": 11.994837202548542, "epsilon": 0.9310605691563247, "tau": 145.03931076243276, "kronecker_kernel": true}}
{"target": 18.936155762597338, "params": {"C": 12.393986258353577, "epsilon": 0.9832232070946071, "tau": 152.382976054907, "kronecker_kernel": true}}
{"target": 18.85426017516425, "params": {"C": 12.593317943802921, "epsilon": 0.5814641662000244, "tau": 152.23027463566868, "kronecker_kernel": true}}
{"target": 19.386768243461752, "params": {"C": 11.366248841800541, "epsilon": 1.367630133764146, "tau": 165.97591457782647, "kronecker_kernel": true}}
{"target": 20.940505666910973, "params": {"C": 9.043547513685304, "epsilon": 1.8829461936031238, "tau": 167.71915331374578, "kronecker_kernel": true}}
{"target": 19.09153990480886, "params": {"C": 15.509717228762698, "epsilon": 0.9512219051989494, "tau": 162.15880725098293, "kronecker_kernel": true}}
{"target": 19.253757633102975, "params": {"C": 13.041170675447123, "epsilon": 1.69255272997933, "tau": 198.69767050382382, "kronecker_kernel": true}}
{"target": 19.542472771086256, "params": {"C": 8.73264301326892, "epsilon": 3.8882108565200597, "tau": 39.43582580946561, "kronecker_kernel": true}}
