{"target": 19.033206803047864, "params": {"C": 16.164876247851048, "epsilon": 1.4351281361745105, "tau": 183.0273449510412, "kronecker_kernel": true}}
{"target": 19.241024043907682, "params": {"C": 16.352714555929218, "epsilon": 0.8966056819901276, "tau": 152.42949561663585, "kronecker_kernel": true}}
{"target": 18.926465310687245, "params": {"C": 13.112013334972147, "epsilon": 0.9746391999902978, "tau": 169.29618847184187, "kronecker_kernel": true}}
{"target": 18.92507694403101, "params": {"C": 14.370737295917152, "epsilon": 1.1189095991245532, "tau": 180.13054998268237, "kronecker_kernel": true}}
{"target": 19.145745885259558, "params": {"C": 15.731996353264636, "epsilon": 0.7087412914413267, "tau": 158.54910297438084, "kronecker_kernel": true}}
{"target": 18.82522998171815, "params": {"C": 13.696739201691978, "epsilon": 0.843482896734865, "tau": 167.3340991829925, "kronecker_kernel": true}}
{"target": 19.203245035890074, "params": {"C": 16.56691589569986, "epsilon": 0.5815034924493223, "tau": 161.2661607908863, "kronecker_kernel": true}}
{"target": 19.184626502770005, "params": {"C": 6.244361268015382, "epsilon": 0.11900050199043169, "tau": 22.42334618731317, "kronecker_kernel": true}}
{"target": 18.792127585914606, "params": {"C": 11.967636911165975, "epsilon": 0.4442562746674054, "tau": 131.9194917970345, "kronecker_kernel": true}}
{"target": 18.80555772201922, "params": {"C": 13.219608952676799, "epsilon": 0.453953030126062, "tau": 165.44423027844218, "kronecker_kernel": true}}
{"target": 19.024337122339652, "params": {"C": 11.861799359161497, "epsilon": 0.49273730283928024, "tau": 166.51443114752618, "kronecker_kernel": true}}
{"target": 20.04761332999336, "params": {"C": 10.53247708318585, "epsilon": 0.767817346293427, "tau": 181.38023340843898, "kronecker_kernel": true}}
{"target": 18.949323975831415, "params": {"C": 13.015297437667474, "epsilon": 0.5149200091987038, "tau": 121.51108199000697, "kronecker_kernel": true}}
