{"target": 18.874676270281654, "params": {"C": 19.181641381388566, "epsilon": 1.2816597608075646, "tau": 287.09123074770145, "kronecker_kernel": true}}
{"target": 18.849652028439923, "params": {"C": 19.717936340700252, "epsilon": 1.3755982965914602, "tau": 289.5307047220221, "kronecker_kernel": true}}
{"target": 18.958606613222535, "params": {"C": 18.21527331683014, "epsilon": 1.1848121184076628, "tau": 281.6620195410794, "kronecker_kernel": true}}
{"target": 18.959319774091462, "params": {"C": 18.942912347282267, "epsilon": 1.3688799375649858, "tau": 294.45888314362367, "kronecker_kernel": true}}
{"target": 19.131775269990037, "params": {"C": 14.914522514846738, "epsilon": 1.011079930869625, "tau": 280.26549454966505, "kronecker_kernel": true}}
{"target": 18.86860351488493, "params": {"C": 20.98813666760058, "epsilon": 1.0624777031972596, "tau": 345.87216135332784, "kronecker_kernel": true}}
{"target": 18.90813781786475, "params": {"C": 18.928730763427495, "epsilon": 1.0388706973171795, "tau": 314.2321367180205, "kronecker_kernel": true}}
{"target": 18.943552228695033, "params": {"C": 19.669980264993114, "epsilon": 1.0810578005959477, "tau": 329.0110452593322, "kronecker_kernel": true}}
{"target": 18.77303160954211, "params": {"C": 16.145152300529084, "epsilon": 0.9796806516179846, "tau": 244.46695439824728, "kronecker_kernel": true}}
{"target": 18.78987898354059, "params": {"C": 19.331387150012414, "epsilon": 0.9502803344248683, "tau": 336.1885153269152, "kronecker_kernel": true}}
{"target": 18.88682577270554, "params": {"C": 14.400200521155657, "epsilon": 0.8293663737294362, "tau": 181.40233576532307, "kronecker_kernel": true}}
{"target": 18.871735830028914, "params": {"C": 18.453881508111238, "epsilon": 1.1180363995223577, "tau": 326.1918596745252, "kronecker_kernel": true}}
{"target": 19.005241900878346, "params": {"C": 14.448084861297335, "epsilon": 0.9104620429824065, "tau": 222.18030089209486, "kronecker_kernel": true}}
{"target": 21.548807663009672, "params": {"C": 10.998481889396581, "epsilon": 1.679775199134255, "tau": 317.45820286712586, "kronecker_kernel": true}}
{"target": 19.263147335960525, "params": {"C": 24.23791196832935, "epsilon": 1.1258906220846416, "tau": 321.9251065250718, "kronecker_kernel": true}}
{"target": 18.85085220324452, "params": {"C": 16.601265354791554, "epsilon": 0.9965404405208915, "tau": 244.76335313232656, "kronecker_kernel": true}}
{"target": 18.92162648465519, "params": {"C": 19.946707797572664, "epsilon": 0.81692782212369, "tau": 336.890822024067, "kronecker_kernel": true}}
{"target": 18.89582617541927, "params": {"C": 16.275921800859276, "epsilon": 1.0162723243213059, "tau": 211.8031147416076, "kronecker_kernel": true}}
{"target": 18.983310980579695, "params": {"C": 17.974211782821197, "epsilon": 0.8487679008978213, "tau": 367.6625698041567, "kronecker_kernel": true}}
{"target": 18.908430239829368, "params": {"C": 18.433273638366718, "epsilon": 0.8745724454625774, "tau": 340.16192238205235, "kronecker_kernel": true}}
{"target": 19.373769513838255, "params": {"C": 24.172221356786185, "epsilon": 1.3145455562702073, "tau": 269.0375637866118, "kronecker_kernel": true}}
{"target": 18.847058502977955, "params": {"C": 16.617749474068077, "epsilon": 0.7279980272023312, "tau": 264.9647055158675, "kronecker_kernel": true}}
{"target": 19.02525902422233, "params": {"C": 17.169981179283543, "epsilon": 1.0560568446922136, "tau": 303.7046627392853, "kronecker_kernel": true}}
{"target": 19.016985860901805, "params": {"C": 14.26616764338855, "epsilon": 1.1725525538436739, "tau": 219.8003300899771, "kronecker_kernel": true}}
{"target": 19.143967553668144, "params": {"C": 14.425020171658767, "epsilon": 0.9059866262466846, "tau": 266.8255951648085, "kronecker_kernel": true}}
{"target": 18.94958443430206, "params": {"C": 15.994589385350471, "epsilon": 1.1234755740018922, "tau": 253.5714817352676, "kronecker_kernel": true}}
{"target": 18.9244074668838, "params": {"C": 18.1089386486391, "epsilon": 0.9576778802189457, "tau": 280.71238579714657, "kronecker_kernel": true}}
{"target": 18.938917111400563, "params": {"C": 17.18414744839374, "epsilon": 1.0071243550344857, "tau": 292.58810652121616, "kronecker_kernel": true}}
{"target": 20.051869594114557, "params": {"C": 14.910704719419495, "epsilon": 1.2320387152366041, "tau": 364.54278966488323, "kronecker_kernel": true}}
{"target": 18.911355003800107, "params": {"C": 18.684818997452258, "epsilon": 0.956722958134773, "tau": 303.63286325584573, "kronecker_kernel": true}}
{"target": 18.804365046735136, "params": {"C": 18.444782048353744, "epsilon": 0.9304119204263073, "tau": 304.9135667729503, "kronecker_kernel": true}}
{"target": 18.785448221537422, "params": {"C": 18.610032450130728, "epsilon": 0.8963347297951265, "tau": 312.04563644874804, "kronecker_kernel": true}}
{"target": 18.89619897913233, "params": {"C": 19.34609327828011, "epsilon": 0.783572216921355, "tau": 323.7425594108163, "kronecker_kernel": true}}
{"target": 18.748399699310006, "params": {"C": 18.509178086195732, "epsilon": 0.7719487704918784, "tau": 317.34861802231137, "kronecker_kernel": true}}
{"target": 18.91488673677663, "params": {"C": 19.80115720617781, "epsilon": 1.1780504935278397, "tau": 315.04797276220876, "kronecker_kernel": true}}
{"target": 18.772912775049388, "params": {"C": 18.55778925559235, "epsilon": 0.8028247825660189, "tau": 322.5170108427853, "kronecker_kernel": true}}
{"target": 18.906383874756155, "params": {"C": 18.053233430841235, "epsilon": 0.9950089594687606, "tau": 316.5860881428563, "kronecker_kernel": true}}
{"target": 18.882881245427036, "params": {"C": 19.918846684285725, "epsilon": 0.771507502057059, "tau": 318.26623998688353, "kronecker_kernel": true}}
{"target": 18.903457653678835, "params": {"C": 17.498411586586965, "epsilon": 0.8192052533417311, "tau": 310.15612797759684, "kronecker_kernel": true}}
{"target": 19.000593208877106, "params": {"C": 16.556422892309875, "epsilon": 0.8306863752033696, "tau": 329.31287610360897, "kronecker_kernel": true}}
{"target": 19.211066065217484, "params": {"C": 16.045128677136265, "epsilon": 0.8691603040914975, "tau": 335.18279002786545, "kronecker_kernel": true}}
{"target": 19.069689499505973, "params": {"C": 17.557202347388984, "epsilon": 0.8508107076229526, "tau": 338.53916424892316, "kronecker_kernel": true}}
{"target": 18.88130648304318, "params": {"C": 17.64348933956367, "epsilon": 0.6487859059501948, "tau": 311.2983727738122, "kronecker_kernel": true}}
{"target": 19.111707091506936, "params": {"C": 16.897357736558444, "epsilon": 0.6289348379961504, "tau": 315.8394040407314, "kronecker_kernel": true}}
{"target": 19.199998816642548, "params": {"C": 22.021247121766173, "epsilon": 0.9672933209767122, "tau": 295.53641593848243, "kronecker_kernel": true}}
{"target": 18.903944975302938, "params": {"C": 19.142726259391182, "epsilon": 0.9311670798494376, "tau": 319.858213080253, "kronecker_kernel": true}}
{"target": 19.051481552657343, "params": {"C": 20.785016923724605, "epsilon": 0.9695039997840023, "tau": 297.4858907022757, "kronecker_kernel": true}}
{"target": 18.788412512629087, "params": {"C": 19.773864121819102, "epsilon": 0.8551604021985759, "tau": 352.1496800416218, "kronecker_kernel": true}}
{"target": 18.903551012086574, "params": {"C": 19.061076227521767, "epsilon": 0.8090443147994549, "tau": 359.69678853593416, "kronecker_kernel": true}}
{"target": 18.9035653456465, "params": {"C": 19.835988379801382, "epsilon": 0.9406819109689168, "tau": 344.3195349089292, "kronecker_kernel": true}}
{"target": 18.887613452303363, "params": {"C": 19.376970543275366, "epsilon": 0.8778566032148252, "tau": 300.6338152973657, "kronecker_kernel": true}}
{"target": 18.925588868083775, "params": {"C": 20.579628092491028, "epsilon": 0.832390849328969, "tau": 351.21766994918136, "kronecker_kernel": true}}
{"target": 19.008258227415055, "params": {"C": 18.086450976257787, "epsilon": 0.9429101941103468, "tau": 350.6723836525351, "kronecker_kernel": true}}
{"target": 18.749997330410746, "params": {"C": 18.666805912082122, "epsilon": 0.8691613061615142, "tau": 323.8722107145542, "kronecker_kernel": true}}
{"target": 19.018135850429882, "params": {"C": 21.669255575176827, "epsilon": 0.8873952700271829, "tau": 329.1533316315074, "kronecker_kernel": true}}
{"target": 18.836061795646, "params": {"C": 19.05658980583234, "epsilon": 0.850852031248359, "tau": 346.27845288437555, "kronecker_kernel": true}}
{"target": 18.82021853341512, "params": {"C": 18.517331898148694, "epsilon": 0.7613305544481226, "tau": 325.7736461949738, "kronecker_kernel": true}}
{"target": 19.36629240544166, "params": {"C": 16.190300869054806, "epsilon": 0.5213079560133875, "tau": 351.33839898232526, "kronecker_kernel": true}}
{"target": 18.885883026263063, "params": {"C": 20.53989533841148, "epsilon": 0.8073571424424695, "tau": 367.9026218026278, "kronecker_kernel": true}}
{"target": 18.790842796074806, "params": {"C": 18.157889516929007, "epsilon": 0.8074419576677366, "tau": 310.70379394845963, "kronecker_kernel": true}}
{"target": 18.980323952942456, "params": {"C": 18.039412734327435, "epsilon": 0.6796044288346832, "tau": 340.9838728796683, "kronecker_kernel": true}}
{"target": 18.871370506153387, "params": {"C": 17.918869099393962, "epsilon": 0.7579571434415165, "tau": 310.8123432847155, "kronecker_kernel": true}}
{"target": 18.894630420535005, "params": {"C": 18.42254615155051, "epsilon": 0.8643587046635829, "tau": 295.67012884854614, "kronecker_kernel": true}}
{"target": 18.984951011341277, "params": {"C": 17.65231375064848, "epsilon": 0.8774575116314165, "tau": 324.6129445260022, "kronecker_kernel": true}}
{"target": 18.974751027984542, "params": {"C": 18.0962343202541, "epsilon": 0.9130755735968312, "tau": 336.7820547499517, "kronecker_kernel": true}}
{"target": 19.110839838984525, "params": {"C": 19.040570141528676, "epsilon": 0.6732539113108849, "tau": 399.48059352151415, "kronecker_kernel": true}}
{"target": 18.757895332163258, "params": {"C": 19.08280537733961, "epsilon": 1.0278293764374549, "tau": 340.8469273297256, "kronecker_kernel": true}}
{"target": 18.9086818291373, "params": {"C": 18.947014377319427, "epsilon": 0.9153790024086684, "tau": 311.2936469441295, "kronecker_kernel": true}}
{"target": 18.881021234756126, "params": {"C": 18.64037755200135, "epsilon": 0.9460595800016068, "tau": 307.0967227765483, "kronecker_kernel": true}}
{"target": 19.18516821407673, "params": {"C": 16.440583479537516, "epsilon": 1.17016619437582, "tau": 337.29490944292337, "kronecker_kernel": true}}
{"target": 19.283833975423544, "params": {"C": 16.260755337918248, "epsilon": 1.1102304273978412, "tau": 345.8836854935517, "kronecker_kernel": true}}
{"target": 18.954975583895504, "params": {"C": 20.709304186938628, "epsilon": 1.1474061310478376, "tau": 367.24852087902434, "kronecker_kernel": true}}
{"target": 18.834558624894182, "params": {"C": 21.55629737253492, "epsilon": 0.9499768904127655, "tau": 349.81960318007026, "kronecker_kernel": true}}
{"target": 18.94735874137599, "params": {"C": 20.77685298607274, "epsilon": 1.2439336324791228, "tau": 361.01686066714296, "kronecker_kernel": true}}
{"target": 18.94843735767901, "params": {"C": 19.689682156652452, "epsilon": 1.1110152863073248, "tau": 332.5725115472767, "kronecker_kernel": true}}
{"target": 18.781538171252695, "params": {"C": 19.541196104009643, "epsilon": 1.165294944288194, "tau": 344.8145727163834, "kronecker_kernel": true}}
{"target": 18.8413388525048, "params": {"C": 19.528373857566447, "epsilon": 1.0748193400837833, "tau": 362.3198771656558, "kronecker_kernel": true}}
{"target": 18.96217121153702, "params": {"C": 20.14910605855584, "epsilon": 1.211464854001591, "tau": 349.512358275951, "kronecker_kernel": true}}
{"target": 18.792307306837778, "params": {"C": 19.54116691210957, "epsilon": 1.0446007380108908, "tau": 343.4322437803107, "kronecker_kernel": true}}
{"target": 18.863839705886406, "params": {"C": 18.77456818537074, "epsilon": 1.0952756741783078, "tau": 336.6352464995684, "kronecker_kernel": true}}
{"target": 18.750038797653183, "params": {"C": 19.301741349719933, "epsilon": 1.0406645133719807, "tau": 347.94122003664984, "kronecker_kernel": true}}
{"target": 19.548796032623603, "params": {"C": 16.696109278147976, "epsilon": 0.8331641995303445, "tau": 387.55907929819546, "kronecker_kernel": true}}
{"target": 19.172042032625306, "params": {"C": 17.532291536411176, "epsilon": 0.9120965151828399, "tau": 397.3846432122776, "kronecker_kernel": true}}
{"target": 18.80886245107731, "params": {"C": 18.95437424893551, "epsilon": 1.2842422530844586, "tau": 329.7629833006549, "kronecker_kernel": true}}
{"target": 18.707783, "params": {"C": 18.465631, "epsilon": 1.058241, "tau": 312.703, "kronecker_kernel": true}}