{"target": 21.12712635115426, "params": {"C": 94.64258842961898, "epsilon": 3.433368541879121, "tau": 29.415097253109902, "kronecker_kernel": true}}
{"target": 20.82939860573604, "params": {"C": 60.967059289075415, "epsilon": 2.2275441897557977, "tau": 14.923134769817619, "kronecker_kernel": true}}
{"target": 20.405665152227698, "params": {"C": 29.052043350073443, "epsilon": 0.2963720036949642, "tau": 84.66401877031761, "kronecker_kernel": true}}
{"target": 19.614097297581942, "params": {"C": 11.411294851205394, "epsilon": 1.3685615063082004, "tau": 46.98206685493712, "kronecker_kernel": true}}
{"target": 20.578192807935935, "params": {"C": 76.2932914173991, "epsilon": 0.9355418198899021, "tau": 3.610854354703274, "kronecker_kernel": true}}
{"target": 20.70395993989145, "params": {"C": 59.71048195380622, "epsilon": 1.6583963148101752, "tau": 75.9447870240758, "kronecker_kernel": true}}
{"target": 20.71638528436563, "params": {"C": 57.961013343683874, "epsilon": 1.7173778180560473, "tau": 39.82842826141443, "kronecker_kernel": true}}
{"target": 20.441590415173042, "params": {"C": 54.54908190788912, "epsilon": 0.007023438789525285, "tau": 11.884209220029932, "kronecker_kernel": true}}
{"target": 20.482631746426726, "params": {"C": 95.79215622730491, "epsilon": 0.2974856945052821, "tau": 87.4712763172982, "kronecker_kernel": true}}
{"target": 20.481120442025066, "params": {"C": 36.429438592406555, "epsilon": 0.2870059473761912, "tau": 63.84699234324252, "kronecker_kernel": true}}
{"target": 20.74739903749134, "params": {"C": 85.40671114730631, "epsilon": 1.8647395850026787, "tau": 73.78232037938244, "kronecker_kernel": true}}
{"target": 45.89352455602745, "params": {"C": 1.0933250925308786, "epsilon": 1.488345679910773, "tau": 28.324506540125228, "kronecker_kernel": true}}
{"target": 20.46352608614786, "params": {"C": 80.3152845511381, "epsilon": 0.16182100515803105, "tau": 72.3977683335973, "kronecker_kernel": true}}
{"target": 21.298649937087724, "params": {"C": 35.37568090418097, "epsilon": 4.111564506145614, "tau": 4.541498687927848, "kronecker_kernel": true}}
{"target": 20.97396794322061, "params": {"C": 54.868988317479925, "epsilon": 2.8258015984840554, "tau": 10.5433623443379, "kronecker_kernel": true}}
{"target": 20.742309827787118, "params": {"C": 46.70662205688257, "epsilon": 1.8406349850027142, "tau": 95.2977900192563, "kronecker_kernel": true}}
{"target": 20.319453932428253, "params": {"C": 23.703459688576693, "epsilon": 1.0194079372562888, "tau": 92.67766769315305, "kronecker_kernel": true}}
{"target": 20.46350248793447, "params": {"C": 77.03140379380345, "epsilon": 0.1616475842223678, "tau": 53.242974190868544, "kronecker_kernel": true}}
{"target": 20.559751387209623, "params": {"C": 47.50903252128997, "epsilon": 0.8202230869373228, "tau": 40.605837693870626, "kronecker_kernel": true}}
{"target": 19.28187593252178, "params": {"C": 10.656062405276362, "epsilon": 1.5531788273619669, "tau": 64.3281895504939, "kronecker_kernel": true}}
{"target": 20.6405009481038, "params": {"C": 99.44045928172984, "epsilon": 1.312652845469191, "tau": 46.289514772685834, "kronecker_kernel": true}}
{"target": 21.447956441785404, "params": {"C": 83.7961096847883, "epsilon": 4.6547363171454865, "tau": 43.675739791868494, "kronecker_kernel": true}}
{"target": 19.056801820324083, "params": {"C": 11.279527772473227, "epsilon": 1.011547035120025, "tau": 87.40021022710465, "kronecker_kernel": true}}
{"target": 20.21185870728322, "params": {"C": 14.651572329566726, "epsilon": 0.510772912875321, "tau": 38.16426919550915, "kronecker_kernel": true}}
{"target": 21.18196945117388, "params": {"C": 35.35697276097137, "epsilon": 3.8258835258255917, "tau": 82.93514987421081, "kronecker_kernel": true}}
{"target": 20.46733167784003, "params": {"C": 93.53871266793678, "epsilon": 0.18876458387957087, "tau": 60.07318637258875, "kronecker_kernel": true}}
{"target": 21.04860506035618, "params": {"C": 33.8898314733015, "epsilon": 3.1392903311620706, "tau": 55.94998742056649, "kronecker_kernel": true}}
{"target": 20.70450891631822, "params": {"C": 49.84288216007485, "epsilon": 1.6609175228203767, "tau": 38.042026232611626, "kronecker_kernel": true}}
{"target": 21.37946112909961, "params": {"C": 35.60223153125541, "epsilon": 4.41791296021206, "tau": 47.54830450015847, "kronecker_kernel": true}}
{"target": 20.68726738266973, "params": {"C": 58.66873202372046, "epsilon": 1.5732528538854054, "tau": 99.05535475884317, "kronecker_kernel": true}}
{"target": 21.706427802100233, "params": {"C": 4.1275377571740535, "epsilon": 2.9609638420469677, "tau": 46.119604063962754, "kronecker_kernel": true}}
{"target": 21.388619418069936, "params": {"C": 31.380088111554844, "epsilon": 4.450825454439299, "tau": 22.42310522043855, "kronecker_kernel": true}}
{"target": 20.93095489124457, "params": {"C": 34.30125096616965, "epsilon": 2.6473746009936563, "tau": 53.42322993442643, "kronecker_kernel": true}}
{"target": 20.997495054142195, "params": {"C": 53.59642454032739, "epsilon": 2.921412493263281, "tau": 73.67493601716166, "kronecker_kernel": true}}
{"target": 20.576321935345256, "params": {"C": 79.47679485633374, "epsilon": 0.9236774992598664, "tau": 64.86766759280593, "kronecker_kernel": true}}
{"target": 20.47554403329915, "params": {"C": 60.50814777407173, "epsilon": 0.24724604073934411, "tau": 50.72656945130749, "kronecker_kernel": true}}
{"target": 21.421358677383672, "params": {"C": 43.62856680498712, "epsilon": 4.563208142614957, "tau": 76.69000973599171, "kronecker_kernel": true}}
{"target": 20.77591541473136, "params": {"C": 82.25713186049762, "epsilon": 1.9984763354369788, "tau": 46.230078314226354, "kronecker_kernel": true}}
{"target": 20.608661145532942, "params": {"C": 56.19538518380701, "epsilon": 1.1244445609157208, "tau": 60.35201167677743, "kronecker_kernel": true}}
{"target": 20.80712194408802, "params": {"C": 63.0159197814713, "epsilon": 2.134970112297373, "tau": 55.305067629019405, "kronecker_kernel": true}}
{"target": 19.801342548102674, "params": {"C": 16.096026880217416, "epsilon": 2.9409108275795877, "tau": 88.8250395102457, "kronecker_kernel": true}}
{"target": 19.589261530661844, "params": {"C": 7.352288839018917, "epsilon": 0.8889628961947648, "tau": 19.12730832751299, "kronecker_kernel": true}}
{"target": 21.11354341079919, "params": {"C": 29.017409505202153, "epsilon": 3.3800552529373893, "tau": 32.057957431376224, "kronecker_kernel": true}}
{"target": 21.15699431298389, "params": {"C": 11.3034024655559, "epsilon": 3.5504148764962875, "tau": 1.9557637641296037, "kronecker_kernel": true}}
{"target": 21.38364752930466, "params": {"C": 52.481720597395636, "epsilon": 4.433021589414925, "tau": 69.08121608349278, "kronecker_kernel": true}}
{"target": 20.6805393941338, "params": {"C": 43.178778313643626, "epsilon": 1.538773015427534, "tau": 18.682151498618463, "kronecker_kernel": true}}
{"target": 20.601567862350684, "params": {"C": 31.547735199807278, "epsilon": 1.0806401700272905, "tau": 25.84285464740788, "kronecker_kernel": true}}
{"target": 20.78885299510953, "params": {"C": 43.928818391129155, "epsilon": 2.0560888598595053, "tau": 10.901726549380342, "kronecker_kernel": true}}
{"target": 20.942185721995997, "params": {"C": 73.54507998197279, "epsilon": 2.6941802775326718, "tau": 50.16941123726684, "kronecker_kernel": true}}
{"target": 21.522919840851124, "params": {"C": 78.84092310410175, "epsilon": 4.912700179208307, "tau": 95.77792740013763, "kronecker_kernel": true}}
{"target": 20.20820927280627, "params": {"C": 10.532592481633285, "epsilon": 4.852563230254153, "tau": 35.941219601724434, "kronecker_kernel": true}}
{"target": 20.76379085136247, "params": {"C": 72.11353447897268, "epsilon": 1.9425322502172473, "tau": 48.634766449534034, "kronecker_kernel": true}}
{"target": 21.29451218552694, "params": {"C": 34.37820911892535, "epsilon": 4.095361758918373, "tau": 10.329044447137038, "kronecker_kernel": true}}
{"target": 20.859878960450747, "params": {"C": 30.1371088585436, "epsilon": 2.3516513356222015, "tau": 42.025883251145366, "kronecker_kernel": true}}
{"target": 21.264293622785903, "params": {"C": 31.789675536010897, "epsilon": 3.975814521565549, "tau": 19.335512597900173, "kronecker_kernel": true}}
{"target": 20.733109181639318, "params": {"C": 19.90175635240874, "epsilon": 3.5384291724048857, "tau": 68.39927516531621, "kronecker_kernel": true}}
{"target": 20.54280315405439, "params": {"C": 73.11449464925163, "epsilon": 0.7121181268861317, "tau": 31.760189533398563, "kronecker_kernel": true}}
{"target": 20.92470967444509, "params": {"C": 26.141266705199016, "epsilon": 3.638341740724534, "tau": 92.25429366196134, "kronecker_kernel": true}}
{"target": 21.014329041564707, "params": {"C": 47.152731126671206, "epsilon": 2.989564181017774, "tau": 91.1519380089448, "kronecker_kernel": true}}
{"target": 21.215726030856683, "params": {"C": 67.17619276778481, "epsilon": 3.7834205539569616, "tau": 49.289549933175984, "kronecker_kernel": true}}
{"target": 21.394383692872534, "params": {"C": 57.593486187185285, "epsilon": 4.470536381011726, "tau": 74.6432270654038, "kronecker_kernel": true}}
{"target": 21.1133594482713, "params": {"C": 66.90673666032255, "epsilon": 3.3792439723312095, "tau": 70.3434282831479, "kronecker_kernel": true}}
{"target": 21.05033965189414, "params": {"C": 67.7131673506772, "epsilon": 3.132107124132485, "tau": 43.69826115620961, "kronecker_kernel": true}}
{"target": 30.427875416798408, "params": {"C": 2.222686571390417, "epsilon": 1.4625138728136522, "tau": 62.82219120367754, "kronecker_kernel": true}}
{"target": 60.837169339090806, "params": {"C": 0.46371968895133087, "epsilon": 1.609122543262276, "tau": 82.65021695703585, "kronecker_kernel": true}}
{"target": 19.51858936466901, "params": {"C": 7.166776928630802, "epsilon": 1.6808469052162667, "tau": 66.0057038426834, "kronecker_kernel": true}}
{"target": 19.581760185105626, "params": {"C": 12.937825634578115, "epsilon": 1.2068686413180436, "tau": 61.5319712238319, "kronecker_kernel": true}}
{"target": 46.13874181175743, "params": {"C": 0.7902125698857851, "epsilon": 0.670252098329317, "tau": 18.59185339764333, "kronecker_kernel": true}}
{"target": 20.468234193028856, "params": {"C": 7.540239944818808, "epsilon": 0.19519535792992304, "tau": 1.5283419142411745, "kronecker_kernel": true}}
{"target": 20.225101051885332, "params": {"C": 5.44177421775391, "epsilon": 0.23260224004397423, "tau": 4.8368800669277, "kronecker_kernel": true}}
{"target": 50.130496341869645, "params": {"C": 0.17265697890314424, "epsilon": 0.8604107262675333, "tau": 1.7599435713306022, "kronecker_kernel": true}}
{"target": 20.452510124035406, "params": {"C": 22.980633040237308, "epsilon": 1.118970195563429, "tau": 68.68538461408588, "kronecker_kernel": true}}
{"target": 20.565211186537304, "params": {"C": 27.451198080723138, "epsilon": 1.2801591721373737, "tau": 68.55734012491165, "kronecker_kernel": true}}
{"target": 19.482813005644008, "params": {"C": 14.311763342489094, "epsilon": 0.3356907938807705, "tau": 77.6751565507958, "kronecker_kernel": true}}
{"target": 19.555679027605716, "params": {"C": 14.304854957380938, "epsilon": 0.20689735230971473, "tau": 70.65415792727947, "kronecker_kernel": true}}
{"target": 22.245435589642483, "params": {"C": 5.252969411919983, "epsilon": 0.5479227794651929, "tau": 87.34808580488234, "kronecker_kernel": true}}
{"target": 24.9703752388517, "params": {"C": 2.804666316077965, "epsilon": 4.835926121241104, "tau": 47.74424425597656, "kronecker_kernel": true}}
{"target": 60.7798788687389, "params": {"C": 0.2381832090185867, "epsilon": 0.301370641239652, "tau": 94.63385799237082, "kronecker_kernel": true}}
{"target": 19.427644387878473, "params": {"C": 14.531112614227768, "epsilon": 0.04065015425501034, "tau": 83.03880915908198, "kronecker_kernel": true}}
{"target": 20.31478989374215, "params": {"C": 16.465061096011993, "epsilon": 1.4384576590272513, "tau": 49.4349701072135, "kronecker_kernel": true}}
{"target": 20.418999570808744, "params": {"C": 32.30673978650624, "epsilon": 0.10630725435574084, "tau": 79.5301835855764, "kronecker_kernel": true}}
{"target": 20.184193045358686, "params": {"C": 18.415788588146917, "epsilon": 0.18988740748111987, "tau": 58.99841966425216, "kronecker_kernel": true}}
{"target": 20.13509813155616, "params": {"C": 18.176088698763166, "epsilon": 0.31317474773328485, "tau": 64.30468198104688, "kronecker_kernel": true}}
{"target": 20.299057448778544, "params": {"C": 25.04252337040311, "epsilon": 0.04608454541826695, "tau": 83.35270135126746, "kronecker_kernel": true}}
{"target": 19.37104779809574, "params": {"C": 12.990661538697378, "epsilon": 0.08979172291511847, "tau": 71.90506381688527, "kronecker_kernel": true}}
{"target": 19.394653950141837, "params": {"C": 13.558473943050407, "epsilon": 0.404888076752568, "tau": 78.2173170216843, "kronecker_kernel": true}}
{"target": 20.320015799488583, "params": {"C": 27.577935397421342, "epsilon": 0.13215412699555443, "tau": 98.28887417019729, "kronecker_kernel": true}}
{"target": 19.277887766472713, "params": {"C": 10.341501071634617, "epsilon": 2.030608632332114, "tau": 63.305977667675904, "kronecker_kernel": true}}
{"target": 22.910607563907394, "params": {"C": 3.6728693117916595, "epsilon": 0.3580733262627796, "tau": 57.3545721752969, "kronecker_kernel": true}}
{"target": 19.17793156990374, "params": {"C": 10.881695542502742, "epsilon": 0.1672964878338559, "tau": 69.51744277074337, "kronecker_kernel": true}}
{"target": 20.572420352152925, "params": {"C": 5.767526612127924, "epsilon": 0.34339084269628534, "tau": 70.20192042761727, "kronecker_kernel": true}}
{"target": 20.00459302519689, "params": {"C": 6.853808265067407, "epsilon": 0.4748904368945643, "tau": 75.56904529462585, "kronecker_kernel": true}}
{"target": 20.417012815669548, "params": {"C": 6.241104301307615, "epsilon": 0.060755748175554423, "tau": 76.07873785087541, "kronecker_kernel": true}}
{"target": 20.46906658695571, "params": {"C": 19.386400478823983, "epsilon": 2.1866064137391032, "tau": 63.860128177076, "kronecker_kernel": true}}
{"target": 19.849062412396503, "params": {"C": 6.209618263671902, "epsilon": 2.4249530910841153, "tau": 59.4068737444966, "kronecker_kernel": true}}
{"target": 19.31351681258793, "params": {"C": 13.455017620976394, "epsilon": 1.7308429923962714, "tau": 96.00695708274631, "kronecker_kernel": true}}
{"target": 19.942938312034865, "params": {"C": 16.511421543897686, "epsilon": 2.153905971470998, "tau": 79.73211105566392, "kronecker_kernel": true}}
{"target": 19.976540990812868, "params": {"C": 15.59838110250237, "epsilon": 2.284849167122144, "tau": 70.09279847247201, "kronecker_kernel": true}}
{"target": 20.33653831146308, "params": {"C": 22.418899724554173, "epsilon": 1.4759320384973846, "tau": 89.01626218557483, "kronecker_kernel": true}}
{"target": 19.69883974276091, "params": {"C": 16.0986307420931, "epsilon": 2.2025726048373424, "tau": 91.39637027506075, "kronecker_kernel": true}}
{"target": 20.127043741123693, "params": {"C": 19.059355721865046, "epsilon": 1.4314169660256344, "tau": 85.13844912111813, "kronecker_kernel": true}}
{"target": 19.677108100578675, "params": {"C": 8.34462393838322, "epsilon": 2.1301413688394844, "tau": 96.99554030503697, "kronecker_kernel": true}}
{"target": 19.331513230018498, "params": {"C": 13.764100443710085, "epsilon": 1.5875749649677142, "tau": 93.66697505054438, "kronecker_kernel": true}}
{"target": 20.951148743999212, "params": {"C": 6.696206096341326, "epsilon": 1.248205722648222, "tau": 98.99739195439943, "kronecker_kernel": true}}
{"target": 20.10701075709742, "params": {"C": 19.593654442499965, "epsilon": 1.0767830012233683, "tau": 87.76064438344795, "kronecker_kernel": true}}
{"target": 20.04269516538827, "params": {"C": 18.814468386209782, "epsilon": 0.8419410324455413, "tau": 84.80664731782768, "kronecker_kernel": true}}
{"target": 19.276311570602253, "params": {"C": 13.361582123757398, "epsilon": 1.237207214040075, "tau": 95.74779200752121, "kronecker_kernel": true}}
{"target": 19.197401186880942, "params": {"C": 11.321032388831096, "epsilon": 0.8972387965836858, "tau": 78.01463988449524, "kronecker_kernel": true}}
{"target": 19.31896331860101, "params": {"C": 12.488525681111286, "epsilon": 1.1572481592186494, "tau": 75.14981459570728, "kronecker_kernel": true}}
{"target": 22.933634918989153, "params": {"C": 4.290115722660357, "epsilon": 1.224505561143737, "tau": 80.6991617239401, "kronecker_kernel": true}}
{"target": 20.575697115730286, "params": {"C": 30.213483017696852, "epsilon": 1.5026873548028261, "tau": 96.49341701658066, "kronecker_kernel": true}}
{"target": 18.878504027413943, "params": {"C": 10.483023356421274, "epsilon": 1.193418398558788, "tau": 97.22100151034411, "kronecker_kernel": true}}
{"target": 21.15502927867353, "params": {"C": 91.04807854631517, "epsilon": 3.5426887935146274, "tau": 3.086567704250079, "kronecker_kernel": true}}
{"target": 19.23219903784833, "params": {"C": 11.906752875832417, "epsilon": 1.5104852934691737, "tau": 85.25947749527417, "kronecker_kernel": true}}
{"target": 19.10624857479726, "params": {"C": 11.807020407220445, "epsilon": 1.100788042126284, "tau": 93.51765072046078, "kronecker_kernel": true}}
{"target": 18.961864219651986, "params": {"C": 10.704762442257897, "epsilon": 1.4292385449672997, "tau": 93.65390211141775, "kronecker_kernel": true}}
{"target": 19.99953578042861, "params": {"C": 19.433830241968046, "epsilon": 1.372560738581871, "tau": 99.99987326154813, "kronecker_kernel": true}}
{"target": 19.336789693509502, "params": {"C": 14.507945878906115, "epsilon": 1.1820752549910225, "tau": 99.98059386213897, "kronecker_kernel": true}}
{"target": 20.718951328686636, "params": {"C": 7.112075622904841, "epsilon": 1.8489754033775185, "tau": 99.53267827508796, "kronecker_kernel": true}}
{"target": 48.079511531392136, "params": {"C": 1.4036213570591904, "epsilon": 1.4711682545092037, "tau": 94.61554383136775, "kronecker_kernel": true}}
{"target": 20.772800602549207, "params": {"C": 6.338914367145322, "epsilon": 1.429982334828216, "tau": 82.33053202737077, "kronecker_kernel": true}}
{"target": 26.180885957879333, "params": {"C": 3.195908589572891, "epsilon": 1.6200228796655227, "tau": 86.7022221934082, "kronecker_kernel": true}}
{"target": 20.77077264587896, "params": {"C": 6.561702370534065, "epsilon": 1.1675957096547354, "tau": 86.4222016145706, "kronecker_kernel": true}}
{"target": 19.94185268844408, "params": {"C": 6.747060658540461, "epsilon": 1.7380858294471824, "tau": 72.59656529942947, "kronecker_kernel": true}}
{"target": 20.33738335709308, "params": {"C": 21.514099928874362, "epsilon": 1.4458041079427117, "tau": 81.29959050819494, "kronecker_kernel": true}}
{"target": 20.775366962179433, "params": {"C": 36.41030357845133, "epsilon": 2.118777155303717, "tau": 85.06911043427826, "kronecker_kernel": true}}
{"target": 20.701483257825195, "params": {"C": 32.9322320155637, "epsilon": 1.8771125203575567, "tau": 83.16606105396623, "kronecker_kernel": true}}
{"target": 20.70591256688849, "params": {"C": 31.843521138974175, "epsilon": 1.9515117774214064, "tau": 84.14175755457, "kronecker_kernel": true}}
{"target": 20.798025976403668, "params": {"C": 32.740080853252046, "epsilon": 2.4403990629298695, "tau": 96.36296438170908, "kronecker_kernel": true}}
{"target": 20.56694874613303, "params": {"C": 27.714933321020155, "epsilon": 1.8402746930997265, "tau": 99.45648703599569, "kronecker_kernel": true}}
{"target": 21.131408680636078, "params": {"C": 88.21101694750436, "epsilon": 3.450305810479585, "tau": 92.58738168964541, "kronecker_kernel": true}}
{"target": 20.218275540430334, "params": {"C": 21.89672814406747, "epsilon": 1.2701525259904372, "tau": 97.86818528662411, "kronecker_kernel": true}}
{"target": 20.028597065284664, "params": {"C": 19.531515245081096, "epsilon": 1.2004312434965687, "tau": 96.51929623585785, "kronecker_kernel": true}}
{"target": 20.315681371158824, "params": {"C": 22.160717455498883, "epsilon": 0.926955466932136, "tau": 79.86660695632857, "kronecker_kernel": true}}
{"target": 19.326982479525913, "params": {"C": 14.214376812176575, "epsilon": 1.4587646755789834, "tau": 97.81422798246501, "kronecker_kernel": true}}
{"target": 18.939054135254136, "params": {"C": 9.576543995434168, "epsilon": 0.7410780908278618, "tau": 94.58319189110095, "kronecker_kernel": true}}
{"target": 19.206839814251467, "params": {"C": 12.831492684951389, "epsilon": 0.8721570146173891, "tau": 98.30957098246816, "kronecker_kernel": true}}
{"target": 19.696139842547172, "params": {"C": 8.26150933446435, "epsilon": 0.4383359399053339, "tau": 99.51210926294375, "kronecker_kernel": true}}
{"target": 18.908832038766924, "params": {"C": 11.405881863289789, "epsilon": 0.751418732574168, "tau": 94.80279036539669, "kronecker_kernel": true}}
{"target": 19.456642818235537, "params": {"C": 15.165092605955483, "epsilon": 0.9496039924666099, "tau": 95.30076022708894, "kronecker_kernel": true}}
{"target": 19.981258238759445, "params": {"C": 19.20818492606275, "epsilon": 0.72911611756411, "tau": 93.22538692090934, "kronecker_kernel": true}}
{"target": 23.45753959935067, "params": {"C": 4.279086337515312, "epsilon": 0.8958803776039967, "tau": 92.04135158613856, "kronecker_kernel": true}}
{"target": 19.761406654327804, "params": {"C": 17.418650284544576, "epsilon": 0.9130571935280463, "tau": 93.68199961965672, "kronecker_kernel": true}}
{"target": 26.88451534742678, "params": {"C": 3.2108397550166217, "epsilon": 0.5632746101718252, "tau": 97.55747817964573, "kronecker_kernel": true}}
{"target": 20.39093153717935, "params": {"C": 7.326774510586354, "epsilon": 0.8551233083889973, "tau": 98.27871621591835, "kronecker_kernel": true}}
{"target": 20.429076558208514, "params": {"C": 7.030087937667329, "epsilon": 0.6390840209516008, "tau": 92.01821550188188, "kronecker_kernel": true}}
