{"target": 22.021192127761548, "params": {"C": 11.06643590798505, "epsilon": 0.2, "tau": 360.6064566815827, "kronecker_kernel": true}}
{"target": 19.16870932336172, "params": {"C": 11.693918267476292, "epsilon": 0.2, "tau": 166.14202901784716, "kronecker_kernel": true}}
{"target": 18.80115493387487, "params": {"C": 17.45303507503293, "epsilon": 0.2, "tau": 235.1759089652863, "kronecker_kernel": true}}
{"target": 19.70448169724387, "params": {"C": 18.278656016561477, "epsilon": 0.2, "tau": 102.84317118637864, "kronecker_kernel": true}}
{"target": 19.90638585997572, "params": {"C": 14.516672066482002, "epsilon": 0.2, "tau": 322.2293012370291, "kronecker_kernel": true}}
{"target": 19.591549207330537, "params": {"C": 10.600861019283617, "epsilon": 0.2, "tau": 157.68979116240376, "kronecker_kernel": true}}
{"target": 20.428950956776422, "params": {"C": 12.731040135919237, "epsilon": 0.2, "tau": 319.4889194837167, "kronecker_kernel": true}}
{"target": 19.32302333382774, "params": {"C": 17.27003980444959, "epsilon": 0.2, "tau": 387.05942851014265, "kronecker_kernel": true}}
{"target": 18.824639167669552, "params": {"C": 11.955970787923507, "epsilon": 0.2, "tau": 113.62399541706353, "kronecker_kernel": true}}
{"target": 22.55302555964402, "params": {"C": 10.162548789934197, "epsilon": 0.2, "tau": 361.81022888141706, "kronecker_kernel": true}}
{"target": 21.751940856150785, "params": {"C": 11.273351762831341, "epsilon": 0.2, "tau": 353.73480693596485, "kronecker_kernel": true}}
{"target": 19.197957175411837, "params": {"C": 17.189968024178885, "epsilon": 0.2, "tau": 163.04519206964017, "kronecker_kernel": true}}
{"target": 19.198012749127695, "params": {"C": 16.300643932590905, "epsilon": 0.2, "tau": 149.17840906355443, "kronecker_kernel": true}}
{"target": 19.169605684638945, "params": {"C": 10.290403989331342, "epsilon": 0.2, "tau": 117.546126186436, "kronecker_kernel": true}}
{"target": 18.810499624830722, "params": {"C": 17.83452626776632, "epsilon": 0.2, "tau": 241.867209550827, "kronecker_kernel": true}}
{"target": 19.56271926515082, "params": {"C": 13.29741036513994, "epsilon": 0.2, "tau": 245.51158185787517, "kronecker_kernel": true}}
{"target": 22.0389810475576, "params": {"C": 10.800146275414845, "epsilon": 0.2, "tau": 344.8034343169446, "kronecker_kernel": true}}
{"target": 19.22524095404902, "params": {"C": 16.029309891596384, "epsilon": 0.2, "tau": 321.0603618368707, "kronecker_kernel": true}}
{"target": 18.888324176179673, "params": {"C": 13.274396499854333, "epsilon": 0.2, "tau": 150.93146866796735, "kronecker_kernel": true}}
{"target": 19.10186510070626, "params": {"C": 17.725096432054954, "epsilon": 0.2, "tau": 341.7856564797685, "kronecker_kernel": true}}
{"target": 19.129242860997106, "params": {"C": 12.721393043498166, "epsilon": 0.2, "tau": 103.02709785291651, "kronecker_kernel": true}}
{"target": 18.880741854453667, "params": {"C": 15.852930061262748, "epsilon": 0.2, "tau": 207.90870858908954, "kronecker_kernel": true}}
{"target": 18.888667479313106, "params": {"C": 15.132055733967018, "epsilon": 0.2, "tau": 196.25792145155634, "kronecker_kernel": true}}
{"target": 18.864339051691644, "params": {"C": 17.479363851614647, "epsilon": 0.2, "tau": 300.39809535003735, "kronecker_kernel": true}}
{"target": 20.467218216186396, "params": {"C": 11.02348977051326, "epsilon": 0.2, "tau": 248.38614586301162, "kronecker_kernel": true}}
{"target": 20.768647460540983, "params": {"C": 12.342358778836651, "epsilon": 0.2, "tau": 352.91339448390374, "kronecker_kernel": true}}
{"target": 20.08627915864438, "params": {"C": 11.932665640363798, "epsilon": 0.2, "tau": 239.69926946670682, "kronecker_kernel": true}}
{"target": 19.106795687046596, "params": {"C": 16.223598645354866, "epsilon": 0.2, "tau": 286.62691347978574, "kronecker_kernel": true}}
{"target": 19.06376414357766, "params": {"C": 18.814681519983544, "epsilon": 0.2, "tau": 373.6468917028672, "kronecker_kernel": true}}
{"target": 22.014134176161903, "params": {"C": 10.527677000533531, "epsilon": 0.2, "tau": 325.9059687171856, "kronecker_kernel": true}}
{"target": 20.36929667610908, "params": {"C": 11.949590407179732, "epsilon": 0.2, "tau": 267.05137861252865, "kronecker_kernel": true}}
{"target": 19.984024915963623, "params": {"C": 10.533555272864827, "epsilon": 0.2, "tau": 177.48356073410406, "kronecker_kernel": true}}
{"target": 21.285338453098714, "params": {"C": 11.943354435196778, "epsilon": 0.2, "tau": 355.82509361096027, "kronecker_kernel": true}}
{"target": 18.800596790799812, "params": {"C": 18.042380083566087, "epsilon": 0.2, "tau": 250.68579919502855, "kronecker_kernel": true}}
{"target": 19.06849879395352, "params": {"C": 17.935406372230325, "epsilon": 0.2, "tau": 216.6235163060211, "kronecker_kernel": true}}
{"target": 18.844360484233565, "params": {"C": 17.575940910380407, "epsilon": 0.2, "tau": 230.7969768389738, "kronecker_kernel": true}}
{"target": 18.919971988027203, "params": {"C": 18.778673300216568, "epsilon": 0.2, "tau": 255.99197181584063, "kronecker_kernel": true}}
{"target": 19.056948311003275, "params": {"C": 18.11702682134294, "epsilon": 0.2, "tau": 222.72329579159802, "kronecker_kernel": true}}
{"target": 18.885124880076287, "params": {"C": 18.728301318295383, "epsilon": 0.2, "tau": 293.67663978820326, "kronecker_kernel": true}}
{"target": 18.814403937552132, "params": {"C": 18.75025490311497, "epsilon": 0.2, "tau": 277.5716312524426, "kronecker_kernel": true}}
{"target": 19.227612647071307, "params": {"C": 18.699586784378056, "epsilon": 0.2, "tau": 178.26565106924863, "kronecker_kernel": true}}
{"target": 18.89220185088469, "params": {"C": 18.878667245157978, "epsilon": 0.2, "tau": 261.3376666191791, "kronecker_kernel": true}}
{"target": 18.883793199910933, "params": {"C": 16.988448465912974, "epsilon": 0.2, "tau": 243.5421518530482, "kronecker_kernel": true}}
{"target": 18.888381621344195, "params": {"C": 17.95933912251251, "epsilon": 0.2, "tau": 274.3862204257541, "kronecker_kernel": true}}
{"target": 18.80377823718631, "params": {"C": 11.742843330018518, "epsilon": 0.2, "tau": 127.30516103035687, "kronecker_kernel": true}}
{"target": 18.80234535742256, "params": {"C": 16.99378816844489, "epsilon": 0.2, "tau": 266.08592574298325, "kronecker_kernel": true}}
{"target": 18.85736280434168, "params": {"C": 17.352106218971947, "epsilon": 0.2, "tau": 244.08430803808292, "kronecker_kernel": true}}
{"target": 18.837907413764377, "params": {"C": 16.899768206148686, "epsilon": 0.2, "tau": 252.05304814601587, "kronecker_kernel": true}}
{"target": 18.883688987918948, "params": {"C": 16.49957832732311, "epsilon": 0.2, "tau": 226.0845550043227, "kronecker_kernel": true}}
{"target": 18.829650684267968, "params": {"C": 16.032295786254927, "epsilon": 0.2, "tau": 244.99939293785388, "kronecker_kernel": true}}
{"target": 19.12175852998419, "params": {"C": 14.99245190516874, "epsilon": 0.2, "tau": 261.7913191538729, "kronecker_kernel": true}}
{"target": 18.80969110409662, "params": {"C": 17.718379896661716, "epsilon": 0.2, "tau": 238.83604749991545, "kronecker_kernel": true}}
{"target": 18.83264390322386, "params": {"C": 11.23716363247537, "epsilon": 0.2, "tau": 120.51072791106999, "kronecker_kernel": true}}
{"target": 18.80214568487475, "params": {"C": 11.368791371678237, "epsilon": 0.2, "tau": 100.22258361986395, "kronecker_kernel": true}}
{"target": 18.842541100947404, "params": {"C": 12.253596204036848, "epsilon": 0.2, "tau": 144.9761900151635, "kronecker_kernel": true}}
{"target": 18.801963159248338, "params": {"C": 11.304004341406246, "epsilon": 0.2, "tau": 117.68167196973823, "kronecker_kernel": true}}
{"target": 19.403251653729548, "params": {"C": 26.770609675351636, "epsilon": 0.2, "tau": 295.0812740534663, "kronecker_kernel": true}}
{"target": 19.221715366452585, "params": {"C": 29.12201673909368, "epsilon": 0.2, "tau": 438.62150806721934, "kronecker_kernel": true}}
{"target": 19.295157437548973, "params": {"C": 25.161247148860728, "epsilon": 0.2, "tau": 295.3890711482787, "kronecker_kernel": true}}
{"target": 18.803985020697063, "params": {"C": 23.85303531277107, "epsilon": 0.2, "tau": 444.51219622597534, "kronecker_kernel": true}}
{"target": 19.459819989748915, "params": {"C": 27.169518072133325, "epsilon": 0.2, "tau": 283.92104936976176, "kronecker_kernel": true}}
{"target": 19.29384157212639, "params": {"C": 29.188336527070973, "epsilon": 0.2, "tau": 397.934490983069, "kronecker_kernel": true}}
{"target": 19.103379095152377, "params": {"C": 28.627488030900068, "epsilon": 0.2, "tau": 537.4926621182833, "kronecker_kernel": true}}
{"target": 19.158938160784345, "params": {"C": 29.94712952345853, "epsilon": 0.2, "tau": 544.0945090676321, "kronecker_kernel": true}}
{"target": 18.88852215979921, "params": {"C": 26.47847242403814, "epsilon": 0.2, "tau": 596.8617559766445, "kronecker_kernel": true}}
{"target": 19.51750383548428, "params": {"C": 28.025917014785307, "epsilon": 0.2, "tau": 283.29407656876066, "kronecker_kernel": true}}
{"target": 19.161714238899577, "params": {"C": 23.625634216373193, "epsilon": 0.2, "tau": 336.7617178928534, "kronecker_kernel": true}}
{"target": 19.015651997734935, "params": {"C": 26.53983520171551, "epsilon": 0.2, "tau": 488.1681182727642, "kronecker_kernel": true}}
{"target": 19.15807445355834, "params": {"C": 22.359345796079047, "epsilon": 0.2, "tau": 551.897691817572, "kronecker_kernel": true}}
{"target": 19.517920008864163, "params": {"C": 28.236489246938262, "epsilon": 0.2, "tau": 287.41044444780476, "kronecker_kernel": true}}
{"target": 19.164104554657307, "params": {"C": 21.4716772481605, "epsilon": 0.2, "tau": 550.8577752281196, "kronecker_kernel": true}}
{"target": 19.03014042577079, "params": {"C": 25.27578630269069, "epsilon": 0.2, "tau": 440.1014834298908, "kronecker_kernel": true}}
{"target": 18.88228854663321, "params": {"C": 24.25806405309781, "epsilon": 0.2, "tau": 585.3791466629125, "kronecker_kernel": true}}
{"target": 18.936091291467193, "params": {"C": 23.03171404785372, "epsilon": 0.2, "tau": 537.7462611765382, "kronecker_kernel": true}}
{"target": 19.072465536838013, "params": {"C": 25.200805234038885, "epsilon": 0.2, "tau": 426.452224344866, "kronecker_kernel": true}}
{"target": 19.041722274951113, "params": {"C": 28.820132147288554, "epsilon": 0.2, "tau": 568.8019100065699, "kronecker_kernel": true}}
{"target": 19.1732860912569, "params": {"C": 19.344708202307487, "epsilon": 0.2, "tau": 420.5906007736337, "kronecker_kernel": true}}
{"target": 19.390548578495256, "params": {"C": 24.970963238700776, "epsilon": 0.2, "tau": 261.3668060910575, "kronecker_kernel": true}}
{"target": 19.996257476630497, "params": {"C": 19.110495478813558, "epsilon": 0.2, "tau": 589.9599225419461, "kronecker_kernel": true}}
{"target": 19.201398850869822, "params": {"C": 28.09379326986167, "epsilon": 0.2, "tau": 424.5280995766914, "kronecker_kernel": true}}
{"target": 18.813490217078577, "params": {"C": 22.48786180817975, "epsilon": 0.2, "tau": 398.8597750522956, "kronecker_kernel": true}}
{"target": 19.11149827094373, "params": {"C": 24.714759318209506, "epsilon": 0.2, "tau": 397.18959253423816, "kronecker_kernel": true}}
{"target": 18.82349738883574, "params": {"C": 27.65230029320426, "epsilon": 0.2, "tau": 577.2462374423014, "kronecker_kernel": true}}
{"target": 18.82868344358733, "params": {"C": 20.74254917635831, "epsilon": 0.2, "tau": 323.7467353367326, "kronecker_kernel": true}}
{"target": 18.803974559435737, "params": {"C": 24.81698389458218, "epsilon": 0.2, "tau": 572.7312640517413, "kronecker_kernel": true}}
{"target": 18.86528205859404, "params": {"C": 19.30750519735757, "epsilon": 0.2, "tau": 366.7132302191802, "kronecker_kernel": true}}
{"target": 19.10249078312312, "params": {"C": 21.324848895426438, "epsilon": 0.2, "tau": 298.3628048751394, "kronecker_kernel": true}}
{"target": 18.92591247212387, "params": {"C": 21.17980136942968, "epsilon": 0.2, "tau": 453.40883295574326, "kronecker_kernel": true}}
{"target": 18.803581724962413, "params": {"C": 22.423769601246025, "epsilon": 0.2, "tau": 464.1045730518786, "kronecker_kernel": true}}
{"target": 18.87805046369537, "params": {"C": 22.10162181206753, "epsilon": 0.2, "tau": 402.58460232161434, "kronecker_kernel": true}}
{"target": 19.183039582723417, "params": {"C": 25.660211957892532, "epsilon": 0.2, "tau": 384.13764273655784, "kronecker_kernel": true}}
{"target": 18.828690763930016, "params": {"C": 26.186791221579334, "epsilon": 0.2, "tau": 546.144198602851, "kronecker_kernel": true}}
{"target": 18.88862983332057, "params": {"C": 24.077547329368855, "epsilon": 0.2, "tau": 494.6553666254843, "kronecker_kernel": true}}
{"target": 18.825323773255864, "params": {"C": 23.026151860025912, "epsilon": 0.2, "tau": 473.8007829415524, "kronecker_kernel": true}}
{"target": 18.884797300164266, "params": {"C": 23.419653975026517, "epsilon": 0.2, "tau": 457.8296805004395, "kronecker_kernel": true}}
{"target": 18.820709974691596, "params": {"C": 22.42365095873364, "epsilon": 0.2, "tau": 398.6942959499561, "kronecker_kernel": true}}
{"target": 18.88503204274733, "params": {"C": 22.859277572356664, "epsilon": 0.2, "tau": 436.97400445249576, "kronecker_kernel": true}}
{"target": 18.888490441441583, "params": {"C": 22.47295759134352, "epsilon": 0.2, "tau": 429.67174910924206, "kronecker_kernel": true}}
{"target": 18.868606660553485, "params": {"C": 22.970087038345255, "epsilon": 0.2, "tau": 431.3131452527699, "kronecker_kernel": true}}
{"target": 18.828106582050005, "params": {"C": 22.335548294370383, "epsilon": 0.2, "tau": 442.17847618456494, "kronecker_kernel": true}}
{"target": 18.824057941831025, "params": {"C": 22.69698716281268, "epsilon": 0.2, "tau": 388.6347048619915, "kronecker_kernel": true}}
{"target": 18.872222158691592, "params": {"C": 21.334078681741293, "epsilon": 0.2, "tau": 373.10407728003406, "kronecker_kernel": true}}
{"target": 18.822246439665093, "params": {"C": 22.462900501602643, "epsilon": 0.2, "tau": 381.0669753705053, "kronecker_kernel": true}}
{"target": 18.825021375646017, "params": {"C": 22.89779289089472, "epsilon": 0.2, "tau": 395.3973628760676, "kronecker_kernel": true}}
{"target": 18.91523224677365, "params": {"C": 22.579648449890342, "epsilon": 0.2, "tau": 370.8377275364789, "kronecker_kernel": true}}
{"target": 18.829703924456123, "params": {"C": 24.856924304771223, "epsilon": 0.2, "tau": 547.2887411280342, "kronecker_kernel": true}}
{"target": 18.80808880205435, "params": {"C": 25.10657907438275, "epsilon": 0.2, "tau": 575.7592210749557, "kronecker_kernel": true}}
{"target": 18.857940432447176, "params": {"C": 24.465821516092202, "epsilon": 0.2, "tau": 524.3771449609252, "kronecker_kernel": true}}
{"target": 19.033375217399847, "params": {"C": 23.925922865267193, "epsilon": 0.2, "tau": 596.7268108912323, "kronecker_kernel": true}}
{"target": 18.832575666110316, "params": {"C": 25.148843647109004, "epsilon": 0.2, "tau": 559.5527124097259, "kronecker_kernel": true}}
{"target": 18.9364719278151, "params": {"C": 22.00079617252625, "epsilon": 0.2, "tau": 490.7313944354697, "kronecker_kernel": true}}
{"target": 18.822650293496245, "params": {"C": 25.456115561719592, "epsilon": 0.2, "tau": 583.2385136977317, "kronecker_kernel": true}}
{"target": 19.066101751432193, "params": {"C": 21.830527235678797, "epsilon": 0.2, "tau": 504.2024293863794, "kronecker_kernel": true}}
{"target": 18.87833860737099, "params": {"C": 26.627366413474768, "epsilon": 0.2, "tau": 584.5235497852974, "kronecker_kernel": true}}
{"target": 18.860820091061555, "params": {"C": 25.561303355009667, "epsilon": 0.2, "tau": 530.8194028437716, "kronecker_kernel": true}}
{"target": 18.805263699416876, "params": {"C": 24.507458578757095, "epsilon": 0.2, "tau": 469.88607092765795, "kronecker_kernel": true}}
{"target": 19.040078181344708, "params": {"C": 23.90178587008296, "epsilon": 0.2, "tau": 596.3859246912982, "kronecker_kernel": true}}
{"target": 19.056750276742953, "params": {"C": 23.8130960266261, "epsilon": 0.2, "tau": 595.8032619301748, "kronecker_kernel": true}}
{"target": 18.80352798588948, "params": {"C": 24.701282776786538, "epsilon": 0.2, "tau": 476.13704179656037, "kronecker_kernel": true}}
{"target": 19.0257056181279, "params": {"C": 25.952410724521556, "epsilon": 0.2, "tau": 464.8615961742201, "kronecker_kernel": true}}
{"target": 18.901559423745585, "params": {"C": 25.112997161799576, "epsilon": 0.2, "tau": 461.00184985145995, "kronecker_kernel": true}}
{"target": 18.933307230994238, "params": {"C": 25.701413798645145, "epsilon": 0.2, "tau": 477.1551043880223, "kronecker_kernel": true}}
{"target": 19.067073830266033, "params": {"C": 25.51743705398103, "epsilon": 0.2, "tau": 438.912850286158, "kronecker_kernel": true}}
{"target": 19.07406597612526, "params": {"C": 26.027559972878837, "epsilon": 0.2, "tau": 454.30437346802796, "kronecker_kernel": true}}
{"target": 18.833602178052864, "params": {"C": 24.403580050743834, "epsilon": 0.2, "tau": 475.51039844744594, "kronecker_kernel": true}}
{"target": 18.920930937961437, "params": {"C": 25.27718929715442, "epsilon": 0.2, "tau": 463.74343389731115, "kronecker_kernel": true}}
{"target": 18.86739571763633, "params": {"C": 23.993069120483067, "epsilon": 0.2, "tau": 502.27135344224433, "kronecker_kernel": true}}
{"target": 18.879480321660314, "params": {"C": 24.241536145672107, "epsilon": 0.2, "tau": 485.1580598429407, "kronecker_kernel": true}}
{"target": 19.116325538481288, "params": {"C": 24.30312216120371, "epsilon": 0.2, "tau": 381.8770866992934, "kronecker_kernel": true}}
{"target": 18.88453662989611, "params": {"C": 23.39404554295973, "epsilon": 0.2, "tau": 455.99343028714924, "kronecker_kernel": true}}
{"target": 19.185720544654494, "params": {"C": 23.74139700999693, "epsilon": 0.2, "tau": 326.4881593259671, "kronecker_kernel": true}}
{"target": 18.804032179273698, "params": {"C": 23.073335422546823, "epsilon": 0.2, "tau": 491.6635143811161, "kronecker_kernel": true}}
{"target": 18.798411345511397, "params": {"C": 22.746232180570612, "epsilon": 0.2, "tau": 483.71888275406457, "kronecker_kernel": true}}
{"target": 18.856927603649986, "params": {"C": 22.834509639455153, "epsilon": 0.2, "tau": 507.2003456761793, "kronecker_kernel": true}}
{"target": 18.883133158954834, "params": {"C": 20.89667912450494, "epsilon": 0.2, "tau": 434.66642140234745, "kronecker_kernel": true}}
{"target": 18.808775982121865, "params": {"C": 21.3446995174213, "epsilon": 0.2, "tau": 415.8776808967298, "kronecker_kernel": true}}
{"target": 18.922414184018074, "params": {"C": 22.71667347779149, "epsilon": 0.2, "tau": 521.0819300169951, "kronecker_kernel": true}}
{"target": 18.97909371827044, "params": {"C": 22.193842395023296, "epsilon": 0.2, "tau": 506.0515459171508, "kronecker_kernel": true}}
{"target": 19.170104426375644, "params": {"C": 20.455910710567434, "epsilon": 0.2, "tau": 509.2066830110333, "kronecker_kernel": true}}
{"target": 18.8771678094247, "params": {"C": 22.452727732031306, "epsilon": 0.2, "tau": 499.4647233743497, "kronecker_kernel": true}}
{"target": 19.307685793482403, "params": {"C": 19.215526417334406, "epsilon": 0.2, "tau": 476.4433851025569, "kronecker_kernel": true}}
{"target": 19.595763671175582, "params": {"C": 19.102348544090095, "epsilon": 0.2, "tau": 514.4265745781144, "kronecker_kernel": true}}
{"target": 18.8849041954624, "params": {"C": 23.76772681670181, "epsilon": 0.2, "tau": 477.17392289302273, "kronecker_kernel": true}}
{"target": 19.002260855895706, "params": {"C": 19.4036506983794, "epsilon": 0.2, "tau": 263.09497539752135, "kronecker_kernel": true}}
{"target": 18.88848222150018, "params": {"C": 23.532754943927838, "epsilon": 0.2, "tau": 470.45942062731314, "kronecker_kernel": true}}
{"target": 18.81200552380269, "params": {"C": 21.84578276664357, "epsilon": 0.2, "tau": 452.62987859883435, "kronecker_kernel": true}}
{"target": 18.80938474051475, "params": {"C": 21.925157671373523, "epsilon": 0.2, "tau": 455.52899762776104, "kronecker_kernel": true}}
{"target": 18.858822119953338, "params": {"C": 21.718622723890633, "epsilon": 0.2, "tau": 460.4920980682615, "kronecker_kernel": true}}
{"target": 19.046911879277005, "params": {"C": 27.417484825439956, "epsilon": 0.2, "tau": 513.2504165500237, "kronecker_kernel": true}}
{"target": 18.90311488175872, "params": {"C": 21.198598262452045, "epsilon": 0.2, "tau": 451.19243721539635, "kronecker_kernel": true}}
{"target": 18.838554842635997, "params": {"C": 23.3657781073282, "epsilon": 0.2, "tau": 523.3381155844112, "kronecker_kernel": true}}
{"target": 18.802696814671613, "params": {"C": 23.945118781256525, "epsilon": 0.2, "tau": 528.5458891009997, "kronecker_kernel": true}}
{"target": 18.804854818796095, "params": {"C": 24.355277226921682, "epsilon": 0.2, "tau": 543.9062098739508, "kronecker_kernel": true}}
{"target": 18.859166777072666, "params": {"C": 20.147588517941973, "epsilon": 0.2, "tau": 397.6182084527649, "kronecker_kernel": true}}
{"target": 18.821055766507033, "params": {"C": 24.023575294032895, "epsilon": 0.2, "tau": 521.8829966814222, "kronecker_kernel": true}}
{"target": 18.90120265635217, "params": {"C": 20.897992707945907, "epsilon": 0.2, "tau": 438.230247035457, "kronecker_kernel": true}}
{"target": 18.82446038056482, "params": {"C": 24.97582167996042, "epsilon": 0.2, "tau": 559.1655450681045, "kronecker_kernel": true}}
{"target": 18.816950163492496, "params": {"C": 24.712975898739263, "epsilon": 0.2, "tau": 553.849136995664, "kronecker_kernel": true}}
{"target": 18.88066065978623, "params": {"C": 25.658690159365822, "epsilon": 0.2, "tau": 544.5026121752779, "kronecker_kernel": true}}
{"target": 18.849003917978486, "params": {"C": 24.79009545830724, "epsilon": 0.2, "tau": 540.0015859816783, "kronecker_kernel": true}}
{"target": 18.824973041469725, "params": {"C": 24.575132489914512, "epsilon": 0.2, "tau": 537.632490579468, "kronecker_kernel": true}}
{"target": 19.066933453481763, "params": {"C": 22.90553990726901, "epsilon": 0.2, "tau": 555.3478499842486, "kronecker_kernel": true}}
