{"target": 18.987674496693792, "params": {"C": 8.972868739670607, "epsilon": 1.5977316172422242, "tau": 68.51174119929341, "kronecker_kernel": true}}
{"target": 19.053518722492264, "params": {"C": 10.759072989914994, "epsilon": 1.1304009197947158, "tau": 79.93215375282094, "kronecker_kernel": true}}
{"target": 20.144609670246503, "params": {"C": 17.889174142667535, "epsilon": 1.1528898834987473, "tau": 70.56994739067822, "kronecker_kernel": true}}
{"target": 20.302387826269914, "params": {"C": 19.7104735754247, "epsilon": 1.1903879767938097, "tau": 68.53934686839335, "kronecker_kernel": true}}
{"target": 19.375447320246572, "params": {"C": 9.57719699715507, "epsilon": 2.2075596165769036, "tau": 45.338880226497935, "kronecker_kernel": true}}
{"target": 62.447467717874886, "params": {"C": 0.592248636417855, "epsilon": 1.3562661157974183, "tau": 67.02538366394285, "kronecker_kernel": true}}
{"target": 60.90123793400572, "params": {"C": 0.5303447353512585, "epsilon": 1.890001959570067, "tau": 65.52802579439518, "kronecker_kernel": true}}
{"target": 20.355290974025117, "params": {"C": 16.680682984961027, "epsilon": 2.0231790693393545, "tau": 53.952955823583814, "kronecker_kernel": true}}
{"target": 39.147227511380514, "params": {"C": 1.9192260842356887, "epsilon": 1.7919752427059874, "tau": 64.4908737893771, "kronecker_kernel": true}}
{"target": 19.647872010940606, "params": {"C": 13.778974659673974, "epsilon": 1.988929061913681, "tau": 69.33594453197495, "kronecker_kernel": true}}
{"target": 20.550709986725455, "params": {"C": 43.88918775909132, "epsilon": 0.7701237217496344, "tau": 98.02735304577789, "kronecker_kernel": true}}
{"target": 22.210281577489017, "params": {"C": 4.90250607061496, "epsilon": 2.8070244979825967, "tau": 77.47767479794692, "kronecker_kernel": true}}
{"target": 20.089802088981475, "params": {"C": 19.076513325856464, "epsilon": 1.06274240120231, "tau": 84.81462999479868, "kronecker_kernel": true}}
{"target": 23.960412454731568, "params": {"C": 3.792448880402361, "epsilon": 1.3168711703540323, "tau": 82.55406235605837, "kronecker_kernel": true}}
{"target": 19.480449521033975, "params": {"C": 7.3320924094451705, "epsilon": 0.8935863174496991, "tau": 73.81670705548179, "kronecker_kernel": true}}
{"target": 59.31244583468491, "params": {"C": 0.24923564026769718, "epsilon": 0.9153123712744019, "tau": 84.12330854637226, "kronecker_kernel": true}}
{"target": 27.206506123169635, "params": {"C": 2.9278028322369423, "epsilon": 0.9501623738382521, "tau": 83.42608285217226, "kronecker_kernel": true}}
{"target": 19.433995426885367, "params": {"C": 13.74245551190746, "epsilon": 1.070469954503296, "tau": 81.46457724771203, "kronecker_kernel": true}}
{"target": 19.234257660993826, "params": {"C": 11.031760166694319, "epsilon": 1.0284913116440586, "tau": 70.30096660148008, "kronecker_kernel": true}}
{"target": 20.1501773033196, "params": {"C": 18.166535255143625, "epsilon": 1.6566929045074295, "tau": 77.64870680015649, "kronecker_kernel": true}}
{"target": 20.593262862482693, "params": {"C": 26.268189898547256, "epsilon": 1.519769531619866, "tau": 67.74771002213932, "kronecker_kernel": true}}
{"target": 18.93073444234606, "params": {"C": 8.240177742580226, "epsilon": 1.0028313964047666, "tau": 56.90238546421248, "kronecker_kernel": true}}
{"target": 20.44690459485546, "params": {"C": 23.25372978231846, "epsilon": 1.3401432764872225, "tau": 76.22941822176622, "kronecker_kernel": true}}
{"target": 24.05068057793077, "params": {"C": 4.052524511950132, "epsilon": 1.9867012839006915, "tau": 93.30908811374718, "kronecker_kernel": true}}
{"target": 19.623206073128387, "params": {"C": 17.212167325286472, "epsilon": 0.25539369815513946, "tau": 97.21457995439454, "kronecker_kernel": true}}
{"target": 20.460110204659934, "params": {"C": 83.8956503278336, "epsilon": 0.13760626990009905, "tau": 0.3338963821051735, "kronecker_kernel": true}}
{"target": 20.071020846537643, "params": {"C": 5.904340588193006, "epsilon": 0.8642566631294026, "tau": 56.53900234461105, "kronecker_kernel": true}}
{"target": 18.878404949279343, "params": {"C": 7.03465845799534, "epsilon": 1.369954025399047, "tau": 46.39867181600579, "kronecker_kernel": true}}
{"target": 19.26156672983174, "params": {"C": 8.477292118287833, "epsilon": 1.0713556263789195, "tau": 39.603633454463655, "kronecker_kernel": true}}
{"target": 20.253966315289198, "params": {"C": 5.464968143662805, "epsilon": 0.34705027805424254, "tau": 52.57372222372378, "kronecker_kernel": true}}
{"target": 19.544144205886052, "params": {"C": 12.727352412395772, "epsilon": 0.8428569681886557, "tau": 60.06228536839354, "kronecker_kernel": true}}
{"target": 20.53771321446037, "params": {"C": 32.51379398240281, "epsilon": 0.6896142571977901, "tau": 54.527277096260896, "kronecker_kernel": true}}
{"target": 46.27543642064994, "params": {"C": 1.1916910567269348, "epsilon": 1.2979909317827458, "tau": 43.93880195058804, "kronecker_kernel": true}}
{"target": 20.415103423458426, "params": {"C": 17.31932160675956, "epsilon": 0.5539162646711101, "tau": 34.3286630359777, "kronecker_kernel": true}}
{"target": 20.606606873408516, "params": {"C": 20.394043538453293, "epsilon": 1.5270070089084131, "tau": 37.977371654101965, "kronecker_kernel": true}}
{"target": 20.71723058596462, "params": {"C": 32.72592490810373, "epsilon": 1.721356620198297, "tau": 46.810376873229444, "kronecker_kernel": true}}
{"target": 20.357924285983266, "params": {"C": 14.471575931619988, "epsilon": 1.849354647642914, "tau": 39.01326583958482, "kronecker_kernel": true}}
{"target": 20.25934835561335, "params": {"C": 16.698355032378004, "epsilon": 0.9327161840598348, "tau": 50.116360866208396, "kronecker_kernel": true}}
{"target": 18.830819425870683, "params": {"C": 7.288191603706055, "epsilon": 0.9785762574812806, "tau": 40.3302611684582, "kronecker_kernel": true}}
{"target": 19.137688087707396, "params": {"C": 9.11461649384924, "epsilon": 1.3487917315349163, "tau": 55.04406228551962, "kronecker_kernel": true}}
{"target": 59.28319949086442, "params": {"C": 0.5579596413124701, "epsilon": 0.9387857283862324, "tau": 70.85442769464022, "kronecker_kernel": true}}
{"target": 19.20150673857717, "params": {"C": 8.787539120736206, "epsilon": 1.2007960525917156, "tau": 47.52115707879193, "kronecker_kernel": true}}
{"target": 19.469870968623695, "params": {"C": 3.769729460878147, "epsilon": 2.6936733581426218, "tau": 15.177774237332514, "kronecker_kernel": true}}
{"target": 20.049583845522275, "params": {"C": 12.619599297531899, "epsilon": 0.20417854506958966, "tau": 34.56371049797146, "kronecker_kernel": true}}
{"target": 60.80497931919864, "params": {"C": 0.008958843044077014, "epsilon": 0.6133330527796899, "tau": 44.89574320329006, "kronecker_kernel": true}}
{"target": 20.262051698704543, "params": {"C": 12.548370440775912, "epsilon": 1.490237472356555, "tau": 31.40142266515294, "kronecker_kernel": true}}
{"target": 20.054999388248255, "params": {"C": 13.308157275821639, "epsilon": 1.4755001112625723, "tau": 44.902393030942775, "kronecker_kernel": true}}
{"target": 19.007707779996853, "params": {"C": 6.647768675589633, "epsilon": 0.9862613431418493, "tau": 46.64918329948216, "kronecker_kernel": true}}
{"target": 19.76149000816334, "params": {"C": 12.847003547436353, "epsilon": 1.3211812569451014, "tau": 52.17120128218171, "kronecker_kernel": true}}
{"target": 20.254844029830963, "params": {"C": 14.777147191978784, "epsilon": 1.1945891624269975, "tau": 41.680390482139636, "kronecker_kernel": true}}
{"target": 39.47436492372477, "params": {"C": 1.6996194807630127, "epsilon": 1.1181400170531122, "tau": 51.110038844740544, "kronecker_kernel": true}}
{"target": 19.113142042815532, "params": {"C": 5.136359592386868, "epsilon": 1.0496274224526978, "tau": 32.69000866643577, "kronecker_kernel": true}}
{"target": 19.70851020156626, "params": {"C": 12.072719198614926, "epsilon": 1.0836035568212854, "tau": 47.15140447306551, "kronecker_kernel": true}}
{"target": 20.501211753188066, "params": {"C": 4.487791987657466, "epsilon": 1.2107184257164278, "tau": 37.22926749269256, "kronecker_kernel": true}}
{"target": 19.651389184657948, "params": {"C": 12.285362429684337, "epsilon": 0.8678469831182656, "tau": 50.1626215995296, "kronecker_kernel": true}}
{"target": 19.373220305479826, "params": {"C": 8.2991989008442, "epsilon": 0.880439723827517, "tau": 31.185705359187686, "kronecker_kernel": true}}
{"target": 19.902328866919287, "params": {"C": 11.928667797128142, "epsilon": 0.9373521759356211, "tau": 39.55744755042311, "kronecker_kernel": true}}
{"target": 45.78070209778723, "params": {"C": 1.3345514388869226, "epsilon": 1.9506415976731033, "tau": 43.331191143742366, "kronecker_kernel": true}}
{"target": 21.497661696187798, "params": {"C": 76.00257167753223, "epsilon": 4.826640497328487, "tau": 7.917475495907091, "kronecker_kernel": true}}
{"target": 20.80481654063741, "params": {"C": 90.43901395266448, "epsilon": 2.125087853777261, "tau": 10.50804122997684, "kronecker_kernel": true}}
{"target": 59.352452414339, "params": {"C": 0.5902217199838686, "epsilon": 1.3139324112664263, "tau": 29.12058085112856, "kronecker_kernel": true}}
{"target": 21.38850792812199, "params": {"C": 3.674752022954539, "epsilon": 1.6352945027889148, "tau": 32.83710118273608, "kronecker_kernel": true}}
{"target": 20.864537377239138, "params": {"C": 4.922260957787692, "epsilon": 1.3300583433612745, "tau": 52.00366059517634, "kronecker_kernel": true}}
{"target": 18.970809874902933, "params": {"C": 6.000425364573996, "epsilon": 0.9635361478232312, "tau": 40.697647444809895, "kronecker_kernel": true}}
{"target": 60.95281264044115, "params": {"C": 0.7450957384601153, "epsilon": 1.1515897158163115, "tau": 57.7255728527551, "kronecker_kernel": true}}
{"target": 20.197922909822427, "params": {"C": 16.616372532271377, "epsilon": 0.8918892969737716, "tau": 54.264550257215674, "kronecker_kernel": true}}
{"target": 20.0371043170014, "params": {"C": 18.65805557222001, "epsilon": 0.5241545814468187, "tau": 80.2851569345071, "kronecker_kernel": true}}
{"target": 19.930581647830273, "params": {"C": 19.45071681804184, "epsilon": 0.5537677173904256, "tau": 98.9557749341315, "kronecker_kernel": true}}
{"target": 22.320785044427534, "params": {"C": 3.182219719156807, "epsilon": 0.7387233838778178, "tau": 33.48989225464385, "kronecker_kernel": true}}
{"target": 20.524890332937133, "params": {"C": 23.111492696781816, "epsilon": 0.5936732830357487, "tau": 23.53613304127087, "kronecker_kernel": true}}
{"target": 19.17785904101715, "params": {"C": 6.567504308838921, "epsilon": 0.6229052392439931, "tau": 26.504771894006968, "kronecker_kernel": true}}
{"target": 21.84692409502019, "params": {"C": 3.634238039035625, "epsilon": 0.8760892638073043, "tau": 38.21041454830487, "kronecker_kernel": true}}
{"target": 19.071109446966375, "params": {"C": 5.82703132487846, "epsilon": 0.17573083515523735, "tau": 35.75054100041918, "kronecker_kernel": true}}
{"target": 20.403184174901334, "params": {"C": 20.781098656065414, "epsilon": 0.3279677116105072, "tau": 44.871835716691976, "kronecker_kernel": true}}
{"target": 20.48740489148106, "params": {"C": 17.95146285629516, "epsilon": 0.46594630561559724, "tau": 20.77817649816643, "kronecker_kernel": true}}
{"target": 20.572355643383425, "params": {"C": 21.63088650096571, "epsilon": 0.9057614927168149, "tau": 23.68298742124915, "kronecker_kernel": true}}
{"target": 20.525270313883578, "params": {"C": 27.42435278091587, "epsilon": 0.5962117214694861, "tau": 18.024497891205066, "kronecker_kernel": true}}
{"target": 20.395083970028104, "params": {"C": 12.073640891724235, "epsilon": 0.8220810066473762, "tau": 19.72354372005646, "kronecker_kernel": true}}
{"target": 20.181090238611407, "params": {"C": 13.172439651441978, "epsilon": 0.23323931890531335, "tau": 30.646188507529196, "kronecker_kernel": true}}
{"target": 45.60793623024752, "params": {"C": 1.2459646720994302, "epsilon": 0.7131522219081949, "tau": 34.469786778282185, "kronecker_kernel": true}}
{"target": 19.654735020064532, "params": {"C": 10.13515294573282, "epsilon": 0.16825058799610626, "tau": 32.79392667238367, "kronecker_kernel": true}}
{"target": 49.769244183047476, "params": {"C": 1.3048310325341177, "epsilon": 1.1978297590636564, "tau": 98.6105652145966, "kronecker_kernel": true}}
{"target": 21.900663420337626, "params": {"C": 5.783067227655559, "epsilon": 0.911751875020697, "tau": 98.8078397761009, "kronecker_kernel": true}}
{"target": 19.592797021735556, "params": {"C": 14.899336751166535, "epsilon": 0.7771247727976686, "tau": 77.32570261538136, "kronecker_kernel": true}}
{"target": 19.74521525778548, "params": {"C": 14.574248018673163, "epsilon": 0.9806864364814797, "tau": 66.6036989793038, "kronecker_kernel": true}}
{"target": 21.865782230032668, "params": {"C": 2.5106874574193467, "epsilon": 0.03396147855073531, "tau": 17.71374185065878, "kronecker_kernel": true}}
{"target": 19.93803680831574, "params": {"C": 15.370238156181294, "epsilon": 0.07854703148254076, "tau": 58.35701252472692, "kronecker_kernel": true}}
{"target": 27.216015490823793, "params": {"C": 2.4947775634486966, "epsilon": 0.08357579089286415, "tau": 61.4057652101543, "kronecker_kernel": true}}
{"target": 20.018537215493282, "params": {"C": 14.909428942146585, "epsilon": 0.372411167028076, "tau": 51.39236425226566, "kronecker_kernel": true}}
{"target": 18.854278267797504, "params": {"C": 6.890090923088768, "epsilon": 0.8747100822432705, "tau": 42.139798985727026, "kronecker_kernel": true}}
{"target": 20.539958429973538, "params": {"C": 23.596534483215095, "epsilon": 0.9867744436841535, "tau": 44.11008536646629, "kronecker_kernel": true}}
{"target": 48.40109416416039, "params": {"C": 0.841920900071103, "epsilon": 0.5149666283244285, "tau": 35.57123129192174, "kronecker_kernel": true}}
{"target": 20.231237096230934, "params": {"C": 15.075230445419109, "epsilon": 1.1121496020962305, "tau": 44.264197424433256, "kronecker_kernel": true}}
{"target": 60.77126661679023, "params": {"C": 0.0384001164403065, "epsilon": 0.19343410731720234, "tau": 46.332723273056, "kronecker_kernel": true}}
{"target": 18.822047484750637, "params": {"C": 9.746791371216972, "epsilon": 0.851000474639907, "tau": 84.80150048502733, "kronecker_kernel": true}}
{"target": 19.675773541474655, "params": {"C": 15.937295362831005, "epsilon": 1.3138118868121758, "tau": 85.316899952485, "kronecker_kernel": true}}
{"target": 60.73652992162408, "params": {"C": 0.23870181769811616, "epsilon": 0.2027939185398824, "tau": 41.88483604434444, "kronecker_kernel": true}}
{"target": 19.32905417464915, "params": {"C": 13.194641328620719, "epsilon": 0.9398665856208659, "tau": 82.42335136887813, "kronecker_kernel": true}}
{"target": 21.100821578770606, "params": {"C": 93.5626996747344, "epsilon": 3.3298166587060085, "tau": 62.190248120550244, "kronecker_kernel": true}}
{"target": 19.157462860391867, "params": {"C": 8.922257666061745, "epsilon": 0.10738809582299447, "tau": 86.67951853283864, "kronecker_kernel": true}}
{"target": 24.021602241784805, "params": {"C": 3.77363179255543, "epsilon": 0.5050176847076787, "tau": 83.70585744513488, "kronecker_kernel": true}}
{"target": 19.808440458144286, "params": {"C": 17.24645333065338, "epsilon": 0.4028334664032184, "tau": 85.71644661404038, "kronecker_kernel": true}}
{"target": 49.47355627566281, "params": {"C": 1.1890606176305258, "epsilon": 0.4616808998863962, "tau": 79.48467182632018, "kronecker_kernel": true}}
{"target": 19.130994819872583, "params": {"C": 9.041897517165527, "epsilon": 0.21763938328793642, "tau": 93.99602119098094, "kronecker_kernel": true}}
{"target": 18.822893962570227, "params": {"C": 9.875766184183258, "epsilon": 0.27002389809127214, "tau": 86.73327158070653, "kronecker_kernel": true}}
{"target": 18.877951060108394, "params": {"C": 10.635668601228405, "epsilon": 0.4410940650462501, "tau": 91.85365623169581, "kronecker_kernel": true}}
{"target": 20.419849451125536, "params": {"C": 6.974014343113213, "epsilon": 0.08827438347035854, "tau": 97.0441271449304, "kronecker_kernel": true}}
{"target": 20.22911938733011, "params": {"C": 23.807877702133446, "epsilon": 0.018930342922011567, "tau": 87.435268455817, "kronecker_kernel": true}}
{"target": 19.771724809332333, "params": {"C": 18.40939430628051, "epsilon": 0.13646322109956405, "tau": 98.69253283716833, "kronecker_kernel": true}}
{"target": 19.625258577649824, "params": {"C": 17.225327240041853, "epsilon": 0.2233377182901244, "tau": 97.05268998935227, "kronecker_kernel": true}}
{"target": 20.04327269978039, "params": {"C": 20.407935569832198, "epsilon": 0.24900121622342108, "tau": 91.70158680617297, "kronecker_kernel": true}}
{"target": 23.56025411456671, "params": {"C": 4.142205999386389, "epsilon": 0.018204418143443396, "tau": 85.279376140519, "kronecker_kernel": true}}
{"target": 19.587845247640978, "params": {"C": 15.086345691364402, "epsilon": 0.7022472729760645, "tau": 79.18117104217227, "kronecker_kernel": true}}
{"target": 20.24181392188759, "params": {"C": 22.667336860914382, "epsilon": 0.25182865458334525, "tau": 81.84466203713427, "kronecker_kernel": true}}
{"target": 31.442681815522167, "params": {"C": 2.5607077875974316, "epsilon": 0.3468294094326009, "tau": 87.52113402834735, "kronecker_kernel": true}}
{"target": 32.37795689853375, "params": {"C": 2.5121372152105916, "epsilon": 0.23176136528964864, "tau": 86.70716133068976, "kronecker_kernel": true}}
{"target": 62.37540586711496, "params": {"C": 0.2108791522141118, "epsilon": 0.36734443101840736, "tau": 78.7702014569517, "kronecker_kernel": true}}
{"target": 23.93806874726568, "params": {"C": 3.9391283916092767, "epsilon": 0.5240244593517192, "tau": 87.64708101685956, "kronecker_kernel": true}}
{"target": 19.999981319056868, "params": {"C": 18.932469848929586, "epsilon": 0.6563433074709648, "tau": 88.13902311399521, "kronecker_kernel": true}}
{"target": 19.365848519940663, "params": {"C": 13.934802507827843, "epsilon": 0.4071881657777952, "tau": 85.68195541520588, "kronecker_kernel": true}}
{"target": 19.720825438970675, "params": {"C": 16.706775826992583, "epsilon": 0.859887841295982, "tau": 88.39023865519565, "kronecker_kernel": true}}
{"target": 19.282915635270676, "params": {"C": 13.008498388213228, "epsilon": 1.070982162584837, "tau": 86.93788764286896, "kronecker_kernel": true}}
{"target": 19.452061249306535, "params": {"C": 6.571727279357726, "epsilon": 1.2985699362613516, "tau": 18.58497471370133, "kronecker_kernel": true}}
{"target": 19.425541031917025, "params": {"C": 15.173468738289582, "epsilon": 0.8683410896615996, "tau": 98.5403845753649, "kronecker_kernel": true}}
{"target": 20.069380821669053, "params": {"C": 19.327363936726677, "epsilon": 0.0378686442058386, "tau": 76.72145555284612, "kronecker_kernel": true}}
{"target": 23.413762151318004, "params": {"C": 4.505402918048579, "epsilon": 0.2794988004541282, "tau": 99.41880275650253, "kronecker_kernel": true}}
{"target": 62.38973510537615, "params": {"C": 0.8421142407845981, "epsilon": 0.5848327114099725, "tau": 98.39349991751264, "kronecker_kernel": true}}
{"target": 49.50525445712942, "params": {"C": 1.3247729171132718, "epsilon": 0.4451069137271899, "tau": 99.12053198394406, "kronecker_kernel": true}}
{"target": 46.14968452358873, "params": {"C": 1.378778890469229, "epsilon": 1.5390412032351448, "tau": 48.660497013313915, "kronecker_kernel": true}}
{"target": 19.435111877173153, "params": {"C": 12.824612471201831, "epsilon": 4.500688880717277, "tau": 99.08932130998912, "kronecker_kernel": true}}
{"target": 47.33950738137436, "params": {"C": 1.1292760384069611, "epsilon": 1.1790138608348695, "tau": 55.222435106750154, "kronecker_kernel": true}}
{"target": 20.071132208276573, "params": {"C": 14.828111050214371, "epsilon": 1.5272885290003408, "tau": 55.21303182902685, "kronecker_kernel": true}}
{"target": 19.068507869430135, "params": {"C": 8.810789568475748, "epsilon": 1.4282256051149138, "tau": 82.85495384182717, "kronecker_kernel": true}}
{"target": 20.5922054149318, "params": {"C": 39.26154060571787, "epsilon": 1.0284751892055728, "tau": 77.48490883736645, "kronecker_kernel": true}}
{"target": 20.32749924376605, "params": {"C": 17.82727427634139, "epsilon": 1.800492109566247, "tau": 61.273018059256565, "kronecker_kernel": true}}
{"target": 20.33937144668669, "params": {"C": 13.62263905124913, "epsilon": 1.161441052166223, "tau": 30.499802657079517, "kronecker_kernel": true}}
{"target": 59.30963172254123, "params": {"C": 0.10689917650531733, "epsilon": 0.8845751438892921, "tau": 25.971449478818467, "kronecker_kernel": true}}
{"target": 19.356465250158273, "params": {"C": 9.271929456656562, "epsilon": 1.9263070228633965, "tau": 89.65423283546245, "kronecker_kernel": true}}
{"target": 22.907481377209976, "params": {"C": 4.748764858712088, "epsilon": 1.6495998119555673, "tau": 85.4566277163188, "kronecker_kernel": true}}
{"target": 19.252727039463338, "params": {"C": 9.399417548331966, "epsilon": 2.0414359054347933, "tau": 86.92324722167253, "kronecker_kernel": true}}
{"target": 20.032834592531227, "params": {"C": 17.376084172633213, "epsilon": 1.5893722355580868, "tau": 79.14260465771552, "kronecker_kernel": true}}
{"target": 23.0602875805573, "params": {"C": 4.490541723750486, "epsilon": 1.4388012786875046, "tau": 89.58939095402731, "kronecker_kernel": true}}
{"target": 21.34993023751286, "params": {"C": 57.76520871877075, "epsilon": 4.30745340403233, "tau": 25.569467903329738, "kronecker_kernel": true}}
{"target": 19.17272872943257, "params": {"C": 11.709394362468094, "epsilon": 1.1902386419529039, "tau": 86.88297171868255, "kronecker_kernel": true}}
{"target": 20.53979342253053, "params": {"C": 31.383503681522303, "epsilon": 1.1186594923113793, "tau": 89.50504821173992, "kronecker_kernel": true}}
{"target": 20.515624078224796, "params": {"C": 31.69058589571817, "epsilon": 0.9547211442327233, "tau": 90.69409539921118, "kronecker_kernel": true}}
