[I 2025-07-18 04:00:34,066] Trial 1953 finished with value: 21.95212908760249 and parameters: {'C': 688.7228733884842, 'epsilon': 16.831676739071007, 'gamma': 118.38607619350537}. Best is trial 906 with value: 15.547757593814149.
trail number 1952
[I 2025-07-18 04:00:34,086] Trial 1952 finished with value: 18.98770423051284 and parameters: {'C': 1317.5642782005546, 'epsilon': 13.672521775529056, 'gamma': 46.043395477891394}. Best is trial 906 with value: 15.547757593814149.
trail number 1960
[I 2025-07-18 04:00:34,131] Trial 1960 finished with value: 82.99742743353829 and parameters: {'C': 4309.447937682246, 'epsilon': 116.7124572339518, 'gamma': 371.5792238668578}. Best is trial 906 with value: 15.547757593814149.
trail number 1956
[I 2025-07-18 04:00:34,144] Trial 1956 finished with value: 18.727454127098838 and parameters: {'C': 547.8324276083829, 'epsilon': 15.97662739623541, 'gamma': 66.07645579879592}. Best is trial 906 with value: 15.547757593814149.
trail number 1954
[I 2025-07-18 04:00:34,170] Trial 1954 finished with value: 18.988547154590588 and parameters: {'C': 1388.110825489603, 'epsilon': 10.59239860031363, 'gamma': 47.961431076945104}. Best is trial 906 with value: 15.547757593814149.
trail number 1957
[I 2025-07-18 04:00:34,256] Trial 1957 finished with value: 18.192679671058695 and parameters: {'C': 55.60335392461624, 'epsilon': 0.6714808934639596, 'gamma': 122.04573670093309}. Best is trial 906 with value: 15.547757593814149.
trail number 1963
[I 2025-07-18 04:00:34,429] Trial 1963 finished with value: 52.94376738930979 and parameters: {'C': 12.07330293244604, 'epsilon': 6.2829274394723935, 'gamma': 0.14885977690319407}. Best is trial 906 with value: 15.547757593814149.
trail number 1959
[I 2025-07-18 04:00:34,439] Trial 1959 finished with value: 19.653949432162868 and parameters: {'C': 38.443080254009374, 'epsilon': 11.59235329931294, 'gamma': 71.95076177377436}. Best is trial 906 with value: 15.547757593814149.
trail number 1958
[I 2025-07-18 04:00:34,452] Trial 1958 finished with value: 19.13253671010144 and parameters: {'C': 481.7230530997463, 'epsilon': 0.46153054096013935, 'gamma': 65.81815609032867}. Best is trial 906 with value: 15.547757593814149.
trail number 1962
[I 2025-07-18 04:00:34,648] Trial 1962 finished with value: 18.295701599083095 and parameters: {'C': 601.8988601585871, 'epsilon': 13.9926525405349, 'gamma': 46.55503934151282}. Best is trial 906 with value: 15.547757593814149.
trail number 1968
[I 2025-07-18 04:00:34,700] Trial 1968 finished with value: 80.93278037952868 and parameters: {'C': 3004.6054305018815, 'epsilon': 111.16729260274245, 'gamma': 498.71816529045685}. Best is trial 906 with value: 15.547757593814149.
trail number 1965
[I 2025-07-18 04:00:34,824] Trial 1965 finished with value: 18.025415065342 and parameters: {'C': 774.0252132192518, 'epsilon': 12.947982140657441, 'gamma': 50.96957729278185}. Best is trial 906 with value: 15.547757593814149.
trail number 1966
[I 2025-07-18 04:00:34,897] Trial 1966 finished with value: 21.85635695320609 and parameters: {'C': 558.342548254407, 'epsilon': 14.507767191338631, 'gamma': 124.97548208289695}. Best is trial 906 with value: 15.547757593814149.
trail number 1967
[I 2025-07-18 04:00:34,911] Trial 1967 finished with value: 19.3520525707071 and parameters: {'C': 563.5947016782828, 'epsilon': 0.5660525715163789, 'gamma': 64.9850612150148}. Best is trial 906 with value: 15.547757593814149.
trail number 1961
[I 2025-07-18 04:00:35,069] Trial 1961 finished with value: 22.08045715630492 and parameters: {'C': 788.627553185782, 'epsilon': 0.7103642926695206, 'gamma': 85.6203994768014}. Best is trial 906 with value: 15.547757593814149.
trail number 1972
[I 2025-07-18 04:00:35,148] Trial 1972 finished with value: 20.288017605418492 and parameters: {'C': 29.55660228966407, 'epsilon': 10.277175693376696, 'gamma': 106.86965264449329}. Best is trial 906 with value: 15.547757593814149.
trail number 1970
[I 2025-07-18 04:00:35,219] Trial 1970 finished with value: 22.056287023696758 and parameters: {'C': 729.0457028397408, 'epsilon': 14.821343617122142, 'gamma': 122.76895976344548}. Best is trial 906 with value: 15.547757593814149.
trail number 1971
[I 2025-07-18 04:00:35,234] Trial 1971 finished with value: 22.296414892522737 and parameters: {'C': 20.495703220427572, 'epsilon': 14.523788474548512, 'gamma': 110.50028025612876}. Best is trial 906 with value: 15.547757593814149.
trail number 1973
[I 2025-07-18 04:00:35,349] Trial 1973 finished with value: 21.39227139542777 and parameters: {'C': 40.92335086551088, 'epsilon': 17.535508144622547, 'gamma': 86.18121684088993}. Best is trial 906 with value: 15.547757593814149.
trail number 1964
[I 2025-07-18 04:00:35,397] Trial 1964 finished with value: 21.334953312213308 and parameters: {'C': 1114.4711938371188, 'epsilon': 0.06625496134596931, 'gamma': 57.65844251617138}. Best is trial 906 with value: 15.547757593814149.
trail number 1969
[I 2025-07-18 04:00:35,489] Trial 1969 finished with value: 23.056558026185833 and parameters: {'C': 834.4122649595449, 'epsilon': 0.07497559417084565, 'gamma': 122.07338963219334}. Best is trial 906 with value: 15.547757593814149.
trail number 1976
[I 2025-07-18 04:00:35,540] Trial 1976 finished with value: 18.47021732744628 and parameters: {'C': 53.20496306124866, 'epsilon': 0.31266110009871584, 'gamma': 52.84037519956897}. Best is trial 906 with value: 15.547757593814149.
trail number 1975
[I 2025-07-18 04:00:35,629] Trial 1975 finished with value: 27.746585112398424 and parameters: {'C': 5.162471479914046, 'epsilon': 10.575369707723448, 'gamma': 42.28874400148298}. Best is trial 906 with value: 15.547757593814149.
trail number 1977
[I 2025-07-18 04:00:35,674] Trial 1977 finished with value: 20.20792323994366 and parameters: {'C': 44.98592513337512, 'epsilon': 14.897839702734952, 'gamma': 71.36889705047872}. Best is trial 906 with value: 15.547757593814149.
trail number 1979
[I 2025-07-18 04:00:35,836] Trial 1979 finished with value: 19.40405418428711 and parameters: {'C': 33.78457412379717, 'epsilon': 11.204227409093033, 'gamma': 48.65599998675765}. Best is trial 906 with value: 15.547757593814149.
trail number 1981
[I 2025-07-18 04:00:35,947] Trial 1981 finished with value: 19.244191351690645 and parameters: {'C': 570.8341028713446, 'epsilon': 13.492745595747358, 'gamma': 64.4927316331921}. Best is trial 906 with value: 15.547757593814149.
trail number 1980
[I 2025-07-18 04:00:36,010] Trial 1980 finished with value: 17.942979184331325 and parameters: {'C': 110.70478166043245, 'epsilon': 0.555680819902576, 'gamma': 109.1006568590336}. Best is trial 906 with value: 15.547757593814149.
trail number 1982
[I 2025-07-18 04:00:36,293] Trial 1982 finished with value: 18.181429772131672 and parameters: {'C': 798.954061357062, 'epsilon': 0.1676481391011192, 'gamma': 52.24066738514799}. Best is trial 906 with value: 15.547757593814149.
trail number 1984
[I 2025-07-18 04:00:36,303] Trial 1984 finished with value: 56.90921190330344 and parameters: {'C': 787.0979663378199, 'epsilon': 14.916956055722231, 'gamma': 10.714804092917717}. Best is trial 906 with value: 15.547757593814149.
trail number 1974
[I 2025-07-18 04:00:36,364] Trial 1974 finished with value: 26.331951906337444 and parameters: {'C': 839.5252795859159, 'epsilon': 0.04926736357027384, 'gamma': 170.5641426148204}. Best is trial 906 with value: 15.547757593814149.
trail number 1983
[I 2025-07-18 04:00:36,441] Trial 1983 finished with value: 45.0447421900418 and parameters: {'C': 1636.2332459265015, 'epsilon': 0.7046824382283442, 'gamma': 0.5117002883117294}. Best is trial 906 with value: 15.547757593814149.
trail number 1978
[I 2025-07-18 04:00:36,467] Trial 1978 finished with value: 26.1761549743759 and parameters: {'C': 883.5528305224436, 'epsilon': 0.667339185739271, 'gamma': 150.97305619930881}. Best is trial 906 with value: 15.547757593814149.
trail number 1986
[I 2025-07-18 04:00:36,477] Trial 1986 finished with value: 25.157177853876558 and parameters: {'C': 655.256079730005, 'epsilon': 32.287471254519886, 'gamma': 59.068490528595575}. Best is trial 906 with value: 15.547757593814149.
trail number 1985
[I 2025-07-18 04:00:36,768] Trial 1985 finished with value: 22.44494748812184 and parameters: {'C': 1266.5229547375611, 'epsilon': 12.148953989559491, 'gamma': 78.64037311803813}. Best is trial 906 with value: 15.547757593814149.
trail number 1988
[I 2025-07-18 04:00:36,929] Trial 1988 finished with value: 22.723831856686708 and parameters: {'C': 763.2579258453692, 'epsilon': 0.9157731993840885, 'gamma': 132.4963729549513}. Best is trial 906 with value: 15.547757593814149.
trail number 1990
[I 2025-07-18 04:00:36,992] Trial 1990 finished with value: 22.129334207752816 and parameters: {'C': 706.8784784163734, 'epsilon': 0.18457569214253985, 'gamma': 102.6343402929616}. Best is trial 906 with value: 15.547757593814149.
trail number 1991
[I 2025-07-18 04:00:37,020] Trial 1991 finished with value: 21.33099941341186 and parameters: {'C': 807.0664801226791, 'epsilon': 14.394431202424661, 'gamma': 32.47703438812299}. Best is trial 906 with value: 15.547757593814149.
trail number 1993
[I 2025-07-18 04:00:37,075] Trial 1993 finished with value: 28.663867427167997 and parameters: {'C': 34.42516741622572, 'epsilon': 30.744595109214405, 'gamma': 117.44418954834873}. Best is trial 906 with value: 15.547757593814149.
trail number 1989
[I 2025-07-18 04:00:37,086] Trial 1989 finished with value: 56.56392143904958 and parameters: {'C': 707.0089415461539, 'epsilon': 0.1866555635339826, 'gamma': 8.251279025974284}. Best is trial 906 with value: 15.547757593814149.
trail number 1987
[I 2025-07-18 04:00:37,097] Trial 1987 finished with value: 22.659346874371234 and parameters: {'C': 664.957120457457, 'epsilon': 0.05883286157259593, 'gamma': 130.26273601694623}. Best is trial 906 with value: 15.547757593814149.
trail number 1992
[I 2025-07-18 04:00:37,169] Trial 1992 finished with value: 31.099102055528913 and parameters: {'C': 1448.2109255577736, 'epsilon': 28.785200451762048, 'gamma': 157.58190874926518}. Best is trial 906 with value: 15.547757593814149.
trail number 1994
[I 2025-07-18 04:00:37,240] Trial 1994 finished with value: 23.90076374832387 and parameters: {'C': 11.230091956786566, 'epsilon': 16.959204830733597, 'gamma': 58.47708946103742}. Best is trial 906 with value: 15.547757593814149.
trail number 1998
[I 2025-07-18 04:00:37,466] Trial 1998 finished with value: 27.734201521994482 and parameters: {'C': 1543.6609781295338, 'epsilon': 19.06475632390227, 'gamma': 146.36670847931094}. Best is trial 906 with value: 15.547757593814149.
trail number 1996
[I 2025-07-18 04:00:37,466] Trial 1996 finished with value: 18.4321200216044 and parameters: {'C': 78.94608985920335, 'epsilon': 0.38458567170842384, 'gamma': 147.34444195281742}. Best is trial 906 with value: 15.547757593814149.
trail number 1999
[I 2025-07-18 04:00:37,640] Trial 1999 finished with value: 41.990493221615395 and parameters: {'C': 27.233076918059993, 'epsilon': 0.40128548889246685, 'gamma': 10.585258337324014}. Best is trial 906 with value: 15.547757593814149.
trail number 1997
[I 2025-07-18 04:00:37,726] Trial 1997 finished with value: 19.36763868629974 and parameters: {'C': 682.7880881638629, 'epsilon': 13.429996701602615, 'gamma': 61.23882039413524}. Best is trial 906 with value: 15.547757593814149.
trail number 2002
[I 2025-07-18 04:00:37,803] Trial 2002 finished with value: 18.20925141876265 and parameters: {'C': 673.3459656040495, 'epsilon': 14.778638762406185, 'gamma': 63.049109217651896}. Best is trial 906 with value: 15.547757593814149.
trail number 1995
[I 2025-07-18 04:00:37,831] Trial 1995 finished with value: 20.201848736852927 and parameters: {'C': 668.3795514018161, 'epsilon': 1.9838777297581256, 'gamma': 67.07998736216774}. Best is trial 906 with value: 15.547757593814149.
trail number 2001
[I 2025-07-18 04:00:37,858] Trial 2001 finished with value: 17.66711195879531 and parameters: {'C': 916.6321856325685, 'epsilon': 11.931319420464273, 'gamma': 48.72462696179823}. Best is trial 906 with value: 15.547757593814149.
trail number 2007
[I 2025-07-18 04:00:38,005] Trial 2007 finished with value: 26.58178524435462 and parameters: {'C': 15.926181207935514, 'epsilon': 24.137387177159308, 'gamma': 69.76506796510857}. Best is trial 906 with value: 15.547757593814149.
trail number 2005
[I 2025-07-18 04:00:38,040] Trial 2005 finished with value: 21.260227907857892 and parameters: {'C': 15.298964459485688, 'epsilon': 8.914128194076783, 'gamma': 52.31565595117911}. Best is trial 906 with value: 15.547757593814149.
trail number 2004
[I 2025-07-18 04:00:38,103] Trial 2004 finished with value: 27.61725551216121 and parameters: {'C': 742.6771411521346, 'epsilon': 27.900278471088946, 'gamma': 17.475197281117097}. Best is trial 906 with value: 15.547757593814149.
trail number 2008
[I 2025-07-18 04:00:38,139] Trial 2008 finished with value: 36.956790862373836 and parameters: {'C': 7.1947684992286725, 'epsilon': 30.919925892369594, 'gamma': 154.20974420017677}. Best is trial 906 with value: 15.547757593814149.
trail number 2009
[I 2025-07-18 04:00:38,172] Trial 2009 finished with value: 42.097585630253846 and parameters: {'C': 661.721659838993, 'epsilon': 52.69165961047797, 'gamma': 126.21198543436094}. Best is trial 906 with value: 15.547757593814149.
trail number 2000
[I 2025-07-18 04:00:38,234] Trial 2000 finished with value: 20.88569491161914 and parameters: {'C': 581.3071022455624, 'epsilon': 0.02947597074633812, 'gamma': 109.3314474864786}. Best is trial 906 with value: 15.547757593814149.
trail number 2003
[I 2025-07-18 04:00:38,262] Trial 2003 finished with value: 21.18038393469515 and parameters: {'C': 765.886648825984, 'epsilon': 14.191892498931953, 'gamma': 32.190459947135594}. Best is trial 906 with value: 15.547757593814149.
trail number 2012
[I 2025-07-18 04:00:38,396] Trial 2012 finished with value: 27.457847340428096 and parameters: {'C': 620.9327499662547, 'epsilon': 26.94854395984232, 'gamma': 102.82257452776167}. Best is trial 906 with value: 15.547757593814149.
trail number 2010
[I 2025-07-18 04:00:38,428] Trial 2010 finished with value: 21.378820154965137 and parameters: {'C': 22.011360364180263, 'epsilon': 16.84540801138988, 'gamma': 65.15491488442008}. Best is trial 906 with value: 15.547757593814149.
trail number 2013
[I 2025-07-18 04:00:38,547] Trial 2013 finished with value: 23.55518339475884 and parameters: {'C': 13.320978405551529, 'epsilon': 17.263460753143477, 'gamma': 49.61901002800327}. Best is trial 906 with value: 15.547757593814149.
trail number 2011
[I 2025-07-18 04:00:38,635] Trial 2011 finished with value: 22.005163147333093 and parameters: {'C': 1530.418062238653, 'epsilon': 12.524670221764316, 'gamma': 84.53474716785136}. Best is trial 906 with value: 15.547757593814149.
trail number 2016
[I 2025-07-18 04:00:38,647] Trial 2016 finished with value: 34.26086005505116 and parameters: {'C': 7.290982700281177, 'epsilon': 30.87351672694894, 'gamma': 55.315677381006765}. Best is trial 906 with value: 15.547757593814149.
trail number 2018
[I 2025-07-18 04:00:38,957] Trial 2018 finished with value: 17.47497089738412 and parameters: {'C': 85.48203544346188, 'epsilon': 0.6635759471843317, 'gamma': 100.56562995809475}. Best is trial 906 with value: 15.547757593814149.
trail number 2006
[I 2025-07-18 04:00:39,101] Trial 2006 finished with value: 22.234735148119306 and parameters: {'C': 1646.8466216006022, 'epsilon': 0.1985581894202726, 'gamma': 65.97957512025289}. Best is trial 906 with value: 15.547757593814149.
trail number 2014
[I 2025-07-18 04:00:39,200] Trial 2014 finished with value: 21.111952082130575 and parameters: {'C': 802.7350785241179, 'epsilon': 0.8672510330165635, 'gamma': 71.48588469472085}. Best is trial 906 with value: 15.547757593814149.
trail number 2019
[I 2025-07-18 04:00:39,276] Trial 2019 finished with value: 24.508504491053266 and parameters: {'C': 666.8729499293852, 'epsilon': 12.442468606648138, 'gamma': 180.41631999665935}. Best is trial 906 with value: 15.547757593814149.
trail number 2017
[I 2025-07-18 04:00:39,325] Trial 2017 finished with value: 22.645499501828546 and parameters: {'C': 1391.2598526171003, 'epsilon': 1.132081538993384, 'gamma': 61.82380873869433}. Best is trial 906 with value: 15.547757593814149.
trail number 2021
[I 2025-07-18 04:00:39,464] Trial 2021 finished with value: 22.58917554744939 and parameters: {'C': 24.45269613734618, 'epsilon': 14.15867588526173, 'gamma': 32.7809443233742}. Best is trial 906 with value: 15.547757593814149.
trail number 2015
[I 2025-07-18 04:00:39,477] Trial 2015 finished with value: 22.643853266773057 and parameters: {'C': 1766.6639140088428, 'epsilon': 0.7184489727110712, 'gamma': 58.1407266718194}. Best is trial 906 with value: 15.547757593814149.
trail number 2024
[I 2025-07-18 04:00:39,536] Trial 2024 finished with value: 21.061213526757463 and parameters: {'C': 51.17473244298506, 'epsilon': 15.44629673701893, 'gamma': 116.4545949167569}. Best is trial 906 with value: 15.547757593814149.
trail number 2022
[I 2025-07-18 04:00:39,587] Trial 2022 finished with value: 33.940577710897074 and parameters: {'C': 2.4194406695062582, 'epsilon': 13.866237533876436, 'gamma': 77.35055458125339}. Best is trial 906 with value: 15.547757593814149.
trail number 2020
[I 2025-07-18 04:00:39,630] Trial 2020 finished with value: 21.246735801866343 and parameters: {'C': 980.8021047806332, 'epsilon': 0.012997570806694614, 'gamma': 77.74587983803576}. Best is trial 906 with value: 15.547757593814149.
trail number 2025
[I 2025-07-18 04:00:39,712] Trial 2025 finished with value: 22.16585310304564 and parameters: {'C': 150.7445264360942, 'epsilon': 15.088159849482892, 'gamma': 146.29367101870042}. Best is trial 906 with value: 15.547757593814149.
trail number 2023
[I 2025-07-18 04:00:39,779] Trial 2023 finished with value: 21.335475814893137 and parameters: {'C': 644.5110307231348, 'epsilon': 14.555907495054203, 'gamma': 112.78572398718507}. Best is trial 906 with value: 15.547757593814149.
trail number 2027
[I 2025-07-18 04:00:39,873] Trial 2027 finished with value: 21.626907340492522 and parameters: {'C': 492.0130338118706, 'epsilon': 11.917472088184784, 'gamma': 136.57784994092702}. Best is trial 906 with value: 15.547757593814149.
trail number 2030
[I 2025-07-18 04:00:40,013] Trial 2030 finished with value: 18.002039551240046 and parameters: {'C': 591.424988178402, 'epsilon': 13.056926211631936, 'gamma': 46.36950489820904}. Best is trial 906 with value: 15.547757593814149.
trail number 2026
[I 2025-07-18 04:00:40,050] Trial 2026 finished with value: 17.723108322153244 and parameters: {'C': 104.93445131639805, 'epsilon': 0.0309811610773969, 'gamma': 111.97374645321655}. Best is trial 906 with value: 15.547757593814149.
trail number 2028
[I 2025-07-18 04:00:40,088] Trial 2028 finished with value: 20.95609928028776 and parameters: {'C': 639.9653944558745, 'epsilon': 14.092390413723408, 'gamma': 20.092938553511523}. Best is trial 906 with value: 15.547757593814149.
trail number 2029
[I 2025-07-18 04:00:40,130] Trial 2029 finished with value: 20.970005953043767 and parameters: {'C': 827.8387134253763, 'epsilon': 13.90834124783126, 'gamma': 91.93989202900713}. Best is trial 906 with value: 15.547757593814149.
trail number 2032
[I 2025-07-18 04:00:40,195] Trial 2032 finished with value: 18.87812588339368 and parameters: {'C': 40.07627676652204, 'epsilon': 1.5370005629755967, 'gamma': 136.70427571895124}. Best is trial 906 with value: 15.547757593814149.
trail number 2031
[I 2025-07-18 04:00:40,259] Trial 2031 finished with value: 22.193691474409896 and parameters: {'C': 13.564635995737206, 'epsilon': 2.1260078693120485, 'gamma': 143.11383585233202}. Best is trial 906 with value: 15.547757593814149.
trail number 2038
[I 2025-07-18 04:00:40,311] Trial 2038 finished with value: 76.61819333530977 and parameters: {'C': 1555.5479271675201, 'epsilon': 103.52794828576882, 'gamma': 385.9174363994204}. Best is trial 906 with value: 15.547757593814149.
trail number 2033
[I 2025-07-18 04:00:40,335] Trial 2033 finished with value: 18.996613123676966 and parameters: {'C': 80.03340282609048, 'epsilon': 0.5854228808182114, 'gamma': 41.12832712092099}. Best is trial 906 with value: 15.547757593814149.
trail number 2035
[I 2025-07-18 04:00:40,520] Trial 2035 finished with value: 50.58894058788103 and parameters: {'C': 661.8542509813294, 'epsilon': 29.073904931689658, 'gamma': 0.3524705727189996}. Best is trial 906 with value: 15.547757593814149.
trail number 2034
[I 2025-07-18 04:00:40,599] Trial 2034 finished with value: 16.415184306859217 and parameters: {'C': 87.18754963317855, 'epsilon': 0.507465939578596, 'gamma': 64.07637190445573}. Best is trial 906 with value: 15.547757593814149.
trail number 2037
[I 2025-07-18 04:00:40,640] Trial 2037 finished with value: 41.54006131166945 and parameters: {'C': 779.9361813462638, 'epsilon': 0.07738846378177033, 'gamma': 13.131022006198052}. Best is trial 906 with value: 15.547757593814149.
trail number 2040
[I 2025-07-18 04:00:40,684] Trial 2040 finished with value: 16.4053234049452 and parameters: {'C': 105.05377346653677, 'epsilon': 1.0200939821039505, 'gamma': 82.70812444340172}. Best is trial 906 with value: 15.547757593814149.
trail number 2039
[I 2025-07-18 04:00:40,810] Trial 2039 finished with value: 16.705832374838526 and parameters: {'C': 78.24833450155077, 'epsilon': 1.4964731481091493, 'gamma': 61.71058611918181}. Best is trial 906 with value: 15.547757593814149.
trail number 2043
[I 2025-07-18 04:00:40,902] Trial 2043 finished with value: 34.36634184558905 and parameters: {'C': 3.2930702217005603, 'epsilon': 4.928993308887074, 'gamma': 29.782317435546858}. Best is trial 906 with value: 15.547757593814149.
trail number 2036
