[I 2025-07-18 04:00:40,953] Trial 2036 finished with value: 19.112854813527516 and parameters: {'C': 618.6714055906807, 'epsilon': 0.6568062286920894, 'gamma': 60.9694022541409}. Best is trial 906 with value: 15.547757593814149.
trail number 2044
[I 2025-07-18 04:00:40,974] Trial 2044 finished with value: 44.8937699593283 and parameters: {'C': 0.7164771393411229, 'epsilon': 1.4959530502304803, 'gamma': 109.49193023938172}. Best is trial 906 with value: 15.547757593814149.
trail number 2041
[I 2025-07-18 04:00:41,091] Trial 2041 finished with value: 21.849582612662097 and parameters: {'C': 718.4345108217292, 'epsilon': 13.179745760526403, 'gamma': 112.27780291427499}. Best is trial 906 with value: 15.547757593814149.
trail number 2042
[I 2025-07-18 04:00:41,106] Trial 2042 finished with value: 20.69900557107901 and parameters: {'C': 723.7028085704567, 'epsilon': 16.42512743583504, 'gamma': 42.53529691614246}. Best is trial 906 with value: 15.547757593814149.
trail number 2046
[I 2025-07-18 04:00:41,133] Trial 2046 finished with value: 21.268027836497094 and parameters: {'C': 64.37507516140704, 'epsilon': 13.888955413769011, 'gamma': 124.46101966406158}. Best is trial 906 with value: 15.547757593814149.
trail number 2048
[I 2025-07-18 04:00:41,255] Trial 2048 finished with value: 44.324912811226525 and parameters: {'C': 57.289079952516204, 'epsilon': 0.556802460512186, 'gamma': 11.154420501303456}. Best is trial 906 with value: 15.547757593814149.
trail number 2045
[I 2025-07-18 04:00:41,385] Trial 2045 finished with value: 23.183227362903956 and parameters: {'C': 678.075314500494, 'epsilon': 12.523610557868508, 'gamma': 154.32917608455836}. Best is trial 906 with value: 15.547757593814149.
trail number 2047
[I 2025-07-18 04:00:41,484] Trial 2047 finished with value: 16.260417204392898 and parameters: {'C': 121.85692305669076, 'epsilon': 0.7125341591800571, 'gamma': 56.20379088553533}. Best is trial 906 with value: 15.547757593814149.
trail number 2050
[I 2025-07-18 04:00:41,503] Trial 2050 finished with value: 21.23952260313342 and parameters: {'C': 13.458761260555619, 'epsilon': 6.724926635495032, 'gamma': 87.02927293049162}. Best is trial 906 with value: 15.547757593814149.
trail number 2052
[I 2025-07-18 04:00:41,525] Trial 2052 finished with value: 37.165459787377124 and parameters: {'C': 4406.82938639664, 'epsilon': 38.117067234204356, 'gamma': 145.2451787223324}. Best is trial 906 with value: 15.547757593814149.
trail number 2053
[I 2025-07-18 04:00:41,739] Trial 2053 finished with value: 21.105051230018454 and parameters: {'C': 21.66673384107105, 'epsilon': 12.28773508409265, 'gamma': 68.81861110324925}. Best is trial 906 with value: 15.547757593814149.
trail number 2054
[I 2025-07-18 04:00:41,780] Trial 2054 finished with value: 21.700385440339954 and parameters: {'C': 38.59474246636997, 'epsilon': 19.623932582186562, 'gamma': 67.12263354773245}. Best is trial 906 with value: 15.547757593814149.
trail number 2049
[I 2025-07-18 04:00:41,811] Trial 2049 finished with value: 21.258647169587128 and parameters: {'C': 600.2225875689364, 'epsilon': 0.3874764814982804, 'gamma': 95.73077016080805}. Best is trial 906 with value: 15.547757593814149.
trail number 2051
[I 2025-07-18 04:00:41,905] Trial 2051 finished with value: 26.914324572908413 and parameters: {'C': 1282.182668849052, 'epsilon': 0.11675947563028422, 'gamma': 136.94464346974087}. Best is trial 906 with value: 15.547757593814149.
trail number 2057
[I 2025-07-18 04:00:41,967] Trial 2057 finished with value: 63.98650217997613 and parameters: {'C': 2817.140076604023, 'epsilon': 70.80138351623933, 'gamma': 1.8934845398665914}. Best is trial 906 with value: 15.547757593814149.
trail number 2055
[I 2025-07-18 04:00:42,011] Trial 2055 finished with value: 20.01392683950629 and parameters: {'C': 100.26278215336994, 'epsilon': 0.849844172324727, 'gamma': 31.64818564813826}. Best is trial 906 with value: 15.547757593814149.
trail number 2059
[I 2025-07-18 04:00:42,133] Trial 2059 finished with value: 49.81919358430253 and parameters: {'C': 4292.427190145038, 'epsilon': 56.58935926023344, 'gamma': 353.5842499514919}. Best is trial 906 with value: 15.547757593814149.
trail number 2060
[I 2025-07-18 04:00:42,210] Trial 2060 finished with value: 17.667491400613063 and parameters: {'C': 52.695385201085045, 'epsilon': 0.6962615043520268, 'gamma': 104.55009647332555}. Best is trial 906 with value: 15.547757593814149.
trail number 2061
[I 2025-07-18 04:00:42,224] Trial 2061 finished with value: 21.5931996933293 and parameters: {'C': 13.37719958265555, 'epsilon': 3.177129232179222, 'gamma': 54.754516546661606}. Best is trial 906 with value: 15.547757593814149.
trail number 2058
[I 2025-07-18 04:00:42,237] Trial 2058 finished with value: 21.965962323194866 and parameters: {'C': 638.1590367474519, 'epsilon': 14.792481029773258, 'gamma': 19.6887892334207}. Best is trial 906 with value: 15.547757593814149.
trail number 2056
[I 2025-07-18 04:00:42,270] Trial 2056 finished with value: 20.115945447760573 and parameters: {'C': 524.6367925713976, 'epsilon': 0.43425175318977216, 'gamma': 75.79272518901912}. Best is trial 906 with value: 15.547757593814149.
trail number 2064
[I 2025-07-18 04:00:42,405] Trial 2064 finished with value: 23.368699697592454 and parameters: {'C': 37.41532773301961, 'epsilon': 16.819542208693452, 'gamma': 166.04610474194658}. Best is trial 906 with value: 15.547757593814149.
trail number 2065
[I 2025-07-18 04:00:42,485] Trial 2065 finished with value: 51.0065631757763 and parameters: {'C': 528.9290631183976, 'epsilon': 22.240759360249722, 'gamma': 2.7195393384325257}. Best is trial 906 with value: 15.547757593814149.
trail number 2063
[I 2025-07-18 04:00:42,706] Trial 2063 finished with value: 39.71986642325305 and parameters: {'C': 745.7396198973572, 'epsilon': 15.539014921533067, 'gamma': 13.527817355204057}. Best is trial 906 with value: 15.547757593814149.
trail number 2066
[I 2025-07-18 04:00:42,721] Trial 2066 finished with value: 21.40721408934284 and parameters: {'C': 35.39181739452911, 'epsilon': 1.1262824093759565, 'gamma': 28.783998208936843}. Best is trial 906 with value: 15.547757593814149.
trail number 2069
[I 2025-07-18 04:00:42,744] Trial 2069 finished with value: 29.575614570534178 and parameters: {'C': 1259.7702322049818, 'epsilon': 26.30889229218202, 'gamma': 92.85330969459906}. Best is trial 906 with value: 15.547757593814149.
trail number 2068
[I 2025-07-18 04:00:42,755] Trial 2068 finished with value: 21.236863171125997 and parameters: {'C': 761.6893725361722, 'epsilon': 14.951781855968331, 'gamma': 92.18755228345557}. Best is trial 906 with value: 15.547757593814149.
trail number 2062
[I 2025-07-18 04:00:42,779] Trial 2062 finished with value: 20.33935941810504 and parameters: {'C': 522.6473697648177, 'epsilon': 1.0129464269101376, 'gamma': 78.72888918590802}. Best is trial 906 with value: 15.547757593814149.
trail number 2067
[I 2025-07-18 04:00:42,849] Trial 2067 finished with value: 55.47729017549567 and parameters: {'C': 1324.5581018130506, 'epsilon': 17.213746952025808, 'gamma': 3.236701284569655}. Best is trial 906 with value: 15.547757593814149.
trail number 2072
[I 2025-07-18 04:00:43,000] Trial 2072 finished with value: 40.21696513430253 and parameters: {'C': 1.148347314015055, 'epsilon': 0.8586911982535471, 'gamma': 51.44246015742427}. Best is trial 906 with value: 15.547757593814149.
trail number 2075
[I 2025-07-18 04:00:43,094] Trial 2075 finished with value: 33.22067434310098 and parameters: {'C': 10.74121633132225, 'epsilon': 31.342851043677555, 'gamma': 39.309246114692364}. Best is trial 906 with value: 15.547757593814149.
trail number 2073
[I 2025-07-18 04:00:43,133] Trial 2073 finished with value: 21.59750001820806 and parameters: {'C': 825.1347435739997, 'epsilon': 11.185563092746655, 'gamma': 106.86868882511942}. Best is trial 906 with value: 15.547757593814149.
trail number 2076
[I 2025-07-18 04:00:43,200] Trial 2076 finished with value: 32.71203165167538 and parameters: {'C': 22.445560451724276, 'epsilon': 25.49361239948669, 'gamma': 21.240640307286824}. Best is trial 906 with value: 15.547757593814149.
trail number 2078
[I 2025-07-18 04:00:43,297] Trial 2078 finished with value: 49.34736086303475 and parameters: {'C': 4899.715620098095, 'epsilon': 57.10407691897909, 'gamma': 121.35905638048308}. Best is trial 906 with value: 15.547757593814149.
trail number 2074
[I 2025-07-18 04:00:43,329] Trial 2074 finished with value: 16.908652030630797 and parameters: {'C': 97.85813000103556, 'epsilon': 0.3575656728139065, 'gamma': 55.14890395020511}. Best is trial 906 with value: 15.547757593814149.
trail number 2070
[I 2025-07-18 04:00:43,535] Trial 2070 finished with value: 22.070745500082914 and parameters: {'C': 1034.3287085353948, 'epsilon': 9.997238763554728, 'gamma': 66.2276673165001}. Best is trial 906 with value: 15.547757593814149.
trail number 2079
[I 2025-07-18 04:00:43,645] Trial 2079 finished with value: 22.704911129304154 and parameters: {'C': 568.8029968229397, 'epsilon': 0.1570040647471287, 'gamma': 25.632876761994574}. Best is trial 906 with value: 15.547757593814149.
trail number 2080
[I 2025-07-18 04:00:43,762] Trial 2080 finished with value: 16.89198313219172 and parameters: {'C': 582.2300430288351, 'epsilon': 0.8265046737405721, 'gamma': 46.613362767989564}. Best is trial 906 with value: 15.547757593814149.
trail number 2071
[I 2025-07-18 04:00:43,773] Trial 2071 finished with value: 21.389584042884174 and parameters: {'C': 1152.2688274040104, 'epsilon': 0.4004346445546556, 'gamma': 65.17541647629572}. Best is trial 906 with value: 15.547757593814149.
trail number 2081
[I 2025-07-18 04:00:43,821] Trial 2081 finished with value: 22.993206352297513 and parameters: {'C': 648.980403805354, 'epsilon': 14.26258859947849, 'gamma': 18.686092245826536}. Best is trial 906 with value: 15.547757593814149.
trail number 2077
[I 2025-07-18 04:00:43,883] Trial 2077 finished with value: 16.772419290558837 and parameters: {'C': 569.2560575483238, 'epsilon': 0.28576964061699917, 'gamma': 43.8143092456709}. Best is trial 906 with value: 15.547757593814149.
trail number 2083
[I 2025-07-18 04:00:44,148] Trial 2083 finished with value: 23.37681061891124 and parameters: {'C': 1385.402176858679, 'epsilon': 13.891529241303719, 'gamma': 113.06880690516886}. Best is trial 906 with value: 15.547757593814149.
trail number 2085
[I 2025-07-18 04:00:44,261] Trial 2085 finished with value: 22.199556307927065 and parameters: {'C': 726.3487832652982, 'epsilon': 16.064274202643894, 'gamma': 125.21131379878483}. Best is trial 906 with value: 15.547757593814149.
trail number 2084
[I 2025-07-18 04:00:44,279] Trial 2084 finished with value: 20.34240545434693 and parameters: {'C': 649.6489764347738, 'epsilon': 0.40912579182739606, 'gamma': 74.25342575479816}. Best is trial 906 with value: 15.547757593814149.
trail number 2086
[I 2025-07-18 04:00:44,350] Trial 2086 finished with value: 16.28808237905516 and parameters: {'C': 113.94000513320304, 'epsilon': 0.3173657661051177, 'gamma': 71.27125378505244}. Best is trial 906 with value: 15.547757593814149.
trail number 2088
[I 2025-07-18 04:00:44,452] Trial 2088 finished with value: 20.955315243602982 and parameters: {'C': 653.0442238727178, 'epsilon': 13.706055641342967, 'gamma': 86.4244860684705}. Best is trial 906 with value: 15.547757593814149.
trail number 2082
[I 2025-07-18 04:00:44,478] Trial 2082 finished with value: 20.296813587630965 and parameters: {'C': 481.8636486903316, 'epsilon': 0.34817583335530267, 'gamma': 85.85118249393734}. Best is trial 906 with value: 15.547757593814149.
trail number 2087
[I 2025-07-18 04:00:44,536] Trial 2087 finished with value: 56.968061361173355 and parameters: {'C': 990.9903177445183, 'epsilon': 0.3274645205693383, 'gamma': 5.467475630639754}. Best is trial 906 with value: 15.547757593814149.
trail number 2089
[I 2025-07-18 04:00:44,618] Trial 2089 finished with value: 20.50985194799758 and parameters: {'C': 36.289236093159374, 'epsilon': 14.109214648441988, 'gamma': 80.5455157124914}. Best is trial 906 with value: 15.547757593814149.
trail number 2090
[I 2025-07-18 04:00:44,781] Trial 2090 finished with value: 20.30364274150752 and parameters: {'C': 661.0696203286752, 'epsilon': 0.43884282940684355, 'gamma': 69.85042191213228}. Best is trial 906 with value: 15.547757593814149.
trail number 2094
[I 2025-07-18 04:00:44,801] Trial 2094 finished with value: 54.84520011655802 and parameters: {'C': 5552.640300048084, 'epsilon': 74.46507624251117, 'gamma': 96.29575032663791}. Best is trial 906 with value: 15.547757593814149.
trail number 2092
[I 2025-07-18 04:00:44,813] Trial 2092 finished with value: 18.57071911770084 and parameters: {'C': 116.53426570833409, 'epsilon': 1.0688757757657812, 'gamma': 128.45344456275888}. Best is trial 906 with value: 15.547757593814149.
trail number 2098
[I 2025-07-18 04:00:44,886] Trial 2098 finished with value: 64.35537595231942 and parameters: {'C': 1999.3106245687718, 'epsilon': 81.02672075704706, 'gamma': 493.64515441730936}. Best is trial 906 with value: 15.547757593814149.
trail number 2091
[I 2025-07-18 04:00:45,076] Trial 2091 finished with value: 20.59565235810329 and parameters: {'C': 369.26040132210477, 'epsilon': 0.538752868295191, 'gamma': 130.9757218415511}. Best is trial 906 with value: 15.547757593814149.
trail number 2099
[I 2025-07-18 04:00:45,204] Trial 2099 finished with value: 21.76699959434743 and parameters: {'C': 509.8621478227259, 'epsilon': 11.794971879184065, 'gamma': 133.8287220790184}. Best is trial 906 with value: 15.547757593814149.
trail number 2093
[I 2025-07-18 04:00:45,226] Trial 2093 finished with value: 21.03676565913394 and parameters: {'C': 484.8399873062467, 'epsilon': 0.7642312431285463, 'gamma': 112.34278657316436}. Best is trial 906 with value: 15.547757593814149.
trail number 2097
[I 2025-07-18 04:00:45,294] Trial 2097 finished with value: 34.895638562310765 and parameters: {'C': 2.547713554389844, 'epsilon': 1.6629596903272847, 'gamma': 199.28252261222008}. Best is trial 906 with value: 15.547757593814149.
trail number 2096
[I 2025-07-18 04:00:45,309] Trial 2096 finished with value: 21.5009293315439 and parameters: {'C': 423.31834710843634, 'epsilon': 0.26984221034524036, 'gamma': 148.14482482505835}. Best is trial 906 with value: 15.547757593814149.
trail number 2095
[I 2025-07-18 04:00:45,483] Trial 2095 finished with value: 20.044161326764193 and parameters: {'C': 405.1483474090263, 'epsilon': 0.08011516470638047, 'gamma': 119.6565142932763}. Best is trial 906 with value: 15.547757593814149.
trail number 2104
[I 2025-07-18 04:00:45,500] Trial 2104 finished with value: 22.348958020569963 and parameters: {'C': 45.659368817062585, 'epsilon': 17.719128638611537, 'gamma': 118.18469300874193}. Best is trial 906 with value: 15.547757593814149.
trail number 2103
[I 2025-07-18 04:00:45,512] Trial 2103 finished with value: 27.390169150273692 and parameters: {'C': 33.75735710112923, 'epsilon': 28.648916836875706, 'gamma': 116.73102985685395}. Best is trial 906 with value: 15.547757593814149.
trail number 2101
[I 2025-07-18 04:00:45,541] Trial 2101 finished with value: 19.958989690275462 and parameters: {'C': 46.176057813343675, 'epsilon': 0.6442299799933604, 'gamma': 188.24742252340556}. Best is trial 906 with value: 15.547757593814149.
trail number 2108
[I 2025-07-18 04:00:45,733] Trial 2108 finished with value: 33.273618784124984 and parameters: {'C': 3.4327259123274416, 'epsilon': 17.774758439989665, 'gamma': 115.64775583389886}. Best is trial 906 with value: 15.547757593814149.
trail number 2102
[I 2025-07-18 04:00:45,777] Trial 2102 finished with value: 19.28409288907156 and parameters: {'C': 51.585242862834605, 'epsilon': 0.45369504642061387, 'gamma': 166.42988399757888}. Best is trial 906 with value: 15.547757593814149.
trail number 2106
[I 2025-07-18 04:00:45,824] Trial 2106 finished with value: 21.02438921561714 and parameters: {'C': 584.6375915836995, 'epsilon': 12.929261290024922, 'gamma': 86.95776655071919}. Best is trial 906 with value: 15.547757593814149.
trail number 2105
[I 2025-07-18 04:00:45,949] Trial 2105 finished with value: 18.112690470156732 and parameters: {'C': 31.99593141533819, 'epsilon': 3.850503479529029, 'gamma': 90.88591087812298}. Best is trial 906 with value: 15.547757593814149.
trail number 2109
[I 2025-07-18 04:00:45,993] Trial 2109 finished with value: 47.228171419294796 and parameters: {'C': 63.78759242041154, 'epsilon': 10.533686621985959, 'gamma': 1.6268971496563864}. Best is trial 906 with value: 15.547757593814149.
trail number 2107
[I 2025-07-18 04:00:46,021] Trial 2107 finished with value: 25.17279914361098 and parameters: {'C': 63.87163116982601, 'epsilon': 0.35326128610633756, 'gamma': 22.201031285285488}. Best is trial 906 with value: 15.547757593814149.
trail number 2111
[I 2025-07-18 04:00:46,103] Trial 2111 finished with value: 17.38404110141291 and parameters: {'C': 59.03803069219778, 'epsilon': 1.477585900022607, 'gamma': 64.07080696916861}. Best is trial 906 with value: 15.547757593814149.
trail number 2115
[I 2025-07-18 04:00:46,297] Trial 2115 finished with value: 24.793531057678702 and parameters: {'C': 18.46967597016743, 'epsilon': 18.18474277762521, 'gamma': 135.5210875680948}. Best is trial 906 with value: 15.547757593814149.
trail number 2114
[I 2025-07-18 04:00:46,340] Trial 2114 finished with value: 21.472836117590226 and parameters: {'C': 29.0905705002774, 'epsilon': 16.828599282597995, 'gamma': 94.99972230374534}. Best is trial 906 with value: 15.547757593814149.
trail number 2100
[I 2025-07-18 04:00:46,364] Trial 2100 finished with value: 26.051084923850873 and parameters: {'C': 2407.766505718324, 'epsilon': 8.903315354106914, 'gamma': 103.85224636210742}. Best is trial 906 with value: 15.547757593814149.
trail number 2112
[I 2025-07-18 04:00:46,375] Trial 2112 finished with value: 26.271820790288935 and parameters: {'C': 6.006751708247592, 'epsilon': 7.620929109715911, 'gamma': 38.48555144210921}. Best is trial 906 with value: 15.547757593814149.
trail number 2113
[I 2025-07-18 04:00:46,542] Trial 2113 finished with value: 21.402344015292925 and parameters: {'C': 916.604964950184, 'epsilon': 0.7468370466603316, 'gamma': 70.44864827602723}. Best is trial 906 with value: 15.547757593814149.
trail number 2110
[I 2025-07-18 04:00:46,697] Trial 2110 finished with value: 25.687037612683746 and parameters: {'C': 1598.7400948685372, 'epsilon': 9.39751861841814, 'gamma': 127.4952273860454}. Best is trial 906 with value: 15.547757593814149.
trail number 2120
[I 2025-07-18 04:00:46,711] Trial 2120 finished with value: 26.116546663695054 and parameters: {'C': 636.8968272093139, 'epsilon': 30.503820078844115, 'gamma': 69.62062667209142}. Best is trial 906 with value: 15.547757593814149.
trail number 2116
[I 2025-07-18 04:00:46,771] Trial 2116 finished with value: 17.453038601899486 and parameters: {'C': 689.867450740026, 'epsilon': 0.20704366859403245, 'gamma': 39.60728696276183}. Best is trial 906 with value: 15.547757593814149.
trail number 2122
[I 2025-07-18 04:00:47,018] Trial 2122 finished with value: 31.408730213308388 and parameters: {'C': 619.1568212190288, 'epsilon': 18.674261159477716, 'gamma': 286.40714041130155}. Best is trial 906 with value: 15.547757593814149.
trail number 2121
[I 2025-07-18 04:00:47,091] Trial 2121 finished with value: 25.18883729916014 and parameters: {'C': 7.529985455520006, 'epsilon': 11.723256168267557, 'gamma': 41.04604213943512}. Best is trial 906 with value: 15.547757593814149.
trail number 2119
[I 2025-07-18 04:00:47,106] Trial 2119 finished with value: 19.06871249071542 and parameters: {'C': 349.63402459658556, 'epsilon': 0.08199026637120377, 'gamma': 73.50673483738699}. Best is trial 906 with value: 15.547757593814149.
trail number 2118
[I 2025-07-18 04:00:47,193] Trial 2118 finished with value: 25.9867724516316 and parameters: {'C': 1754.2357702220345, 'epsilon': 12.331199872550357, 'gamma': 108.63216385715565}. Best is trial 906 with value: 15.547757593814149.
trail number 2124
[I 2025-07-18 04:00:47,225] Trial 2124 finished with value: 21.61313248341133 and parameters: {'C': 17.507283945558086, 'epsilon': 13.31988495381956, 'gamma': 64.21181888942817}. Best is trial 906 with value: 15.547757593814149.
trail number 2123
[I 2025-07-18 04:00:47,261] Trial 2123 finished with value: 27.68313378605858 and parameters: {'C': 1340.480419269859, 'epsilon': 13.731134877230051, 'gamma': 162.5743165929788}. Best is trial 906 with value: 15.547757593814149.
trail number 2129
[I 2025-07-18 04:00:47,532] Trial 2129 finished with value: 45.30695070603306 and parameters: {'C': 113.79739664453005, 'epsilon': 0.06417888277302208, 'gamma': 1.2370725007404602}. Best is trial 906 with value: 15.547757593814149.
trail number 2117
[I 2025-07-18 04:00:47,547] Trial 2117 finished with value: 25.951555403843845 and parameters: {'C': 1083.6846958675521, 'epsilon': 0.03272211318815155, 'gamma': 135.83274427905735}. Best is trial 906 with value: 15.547757593814149.
trail number 2126
[I 2025-07-18 04:00:47,657] Trial 2126 finished with value: 16.980038390114746 and parameters: {'C': 116.21214705299087, 'epsilon': 0.2786093317352328, 'gamma': 52.621396933959645}. Best is trial 906 with value: 15.547757593814149.
trail number 2127
[I 2025-07-18 04:00:47,668] Trial 2127 finished with value: 36.777493030293364 and parameters: {'C': 19.05537441989732, 'epsilon': 1.196693303678283, 'gamma': 16.582255790839966}. Best is trial 906 with value: 15.547757593814149.
trail number 2125
[I 2025-07-18 04:00:47,872] Trial 2125 finished with value: 51.25365233782238 and parameters: {'C': 662.2374665951164, 'epsilon': 0.42728238999743884, 'gamma': 12.220521102654388}. Best is trial 906 with value: 15.547757593814149.
trail number 2131
