[I 2025-07-18 03:59:50,890] Trial 1428 finished with value: 24.029098024198507 and parameters: {'C': 105.19075511289216, 'epsilon': 26.864898484958424, 'gamma': 75.17467055573086}. Best is trial 906 with value: 15.547757593814149.
trail number 1424
[I 2025-07-18 03:59:50,899] Trial 1424 finished with value: 18.444107612151463 and parameters: {'C': 33.89441210293424, 'epsilon': 1.9095211200337765, 'gamma': 101.82209106110906}. Best is trial 906 with value: 15.547757593814149.
trail number 1419
[I 2025-07-18 03:59:51,104] Trial 1419 finished with value: 23.58536483674674 and parameters: {'C': 1282.5752279129006, 'epsilon': 0.06537789111685521, 'gamma': 83.40545611724184}. Best is trial 906 with value: 15.547757593814149.
trail number 1426
[I 2025-07-18 03:59:51,158] Trial 1426 finished with value: 48.3894234318168 and parameters: {'C': 500.07834580511553, 'epsilon': 0.939265868277386, 'gamma': 1.8246903975643178}. Best is trial 906 with value: 15.547757593814149.
trail number 1430
[I 2025-07-18 03:59:51,199] Trial 1430 finished with value: 19.405253622798604 and parameters: {'C': 700.3405300906782, 'epsilon': 17.02221780739283, 'gamma': 55.77892728044272}. Best is trial 906 with value: 15.547757593814149.
trail number 1429
[I 2025-07-18 03:59:51,227] Trial 1429 finished with value: 19.292418116933977 and parameters: {'C': 21.975483505100343, 'epsilon': 6.380182529911275, 'gamma': 67.10472390148541}. Best is trial 906 with value: 15.547757593814149.
trail number 1431
[I 2025-07-18 03:59:51,355] Trial 1431 finished with value: 19.62966695130329 and parameters: {'C': 709.5483880780782, 'epsilon': 15.595475712470346, 'gamma': 79.441632570093}. Best is trial 906 with value: 15.547757593814149.
trail number 1436
[I 2025-07-18 03:59:51,496] Trial 1436 finished with value: 26.022446925938688 and parameters: {'C': 607.4734976340319, 'epsilon': 30.273695041355914, 'gamma': 69.40584561239997}. Best is trial 906 with value: 15.547757593814149.
trail number 1433
[I 2025-07-18 03:59:51,574] Trial 1433 finished with value: 19.17929113563417 and parameters: {'C': 596.5848186037489, 'epsilon': 0.3035301688392096, 'gamma': 61.054623971263474}. Best is trial 906 with value: 15.547757593814149.
trail number 1435
[I 2025-07-18 03:59:51,709] Trial 1435 finished with value: 16.56298146704218 and parameters: {'C': 84.0311578924981, 'epsilon': 0.10285896149722662, 'gamma': 64.64264714000777}. Best is trial 906 with value: 15.547757593814149.
trail number 1434
[I 2025-07-18 03:59:51,763] Trial 1434 finished with value: 19.042097649848017 and parameters: {'C': 769.1329935644319, 'epsilon': 13.970675045551497, 'gamma': 41.021521341417966}. Best is trial 906 with value: 15.547757593814149.
trail number 1432
[I 2025-07-18 03:59:51,775] Trial 1432 finished with value: 24.411791232890106 and parameters: {'C': 1642.0026488817357, 'epsilon': 1.0292810844595113, 'gamma': 109.83562415773143}. Best is trial 906 with value: 15.547757593814149.
trail number 1439
[I 2025-07-18 03:59:51,864] Trial 1439 finished with value: 49.646368508430776 and parameters: {'C': 613.3471245085624, 'epsilon': 13.039529817820721, 'gamma': 1.9911281453797187}. Best is trial 906 with value: 15.547757593814149.
trail number 1443
[I 2025-07-18 03:59:51,933] Trial 1443 finished with value: 68.82468767477303 and parameters: {'C': 4004.2957615168557, 'epsilon': 89.18519650683275, 'gamma': 442.293855382886}. Best is trial 906 with value: 15.547757593814149.
trail number 1441
[I 2025-07-18 03:59:51,945] Trial 1441 finished with value: 72.23501884135428 and parameters: {'C': 4191.411551831751, 'epsilon': 112.45638372255894, 'gamma': 18.28438543046363}. Best is trial 906 with value: 15.547757593814149.
trail number 1442
[I 2025-07-18 03:59:51,960] Trial 1442 finished with value: 21.82516538377841 and parameters: {'C': 19.133114347540726, 'epsilon': 14.580177432550837, 'gamma': 86.68969847536593}. Best is trial 906 with value: 15.547757593814149.
trail number 1440
[I 2025-07-18 03:59:52,028] Trial 1440 finished with value: 23.265612170890307 and parameters: {'C': 42.94836406531742, 'epsilon': 17.79829935814446, 'gamma': 151.99138569819877}. Best is trial 906 with value: 15.547757593814149.
trail number 1437
[I 2025-07-18 03:59:52,198] Trial 1437 finished with value: 19.541978960586412 and parameters: {'C': 832.141655235792, 'epsilon': 0.6725353852855944, 'gamma': 35.02320175401495}. Best is trial 906 with value: 15.547757593814149.
trail number 1444
[I 2025-07-18 03:59:52,274] Trial 1444 finished with value: 22.356157762840233 and parameters: {'C': 663.6111061583165, 'epsilon': 14.705319040090263, 'gamma': 148.285910246299}. Best is trial 906 with value: 15.547757593814149.
trail number 1438
[I 2025-07-18 03:59:52,292] Trial 1438 finished with value: 17.575715749651977 and parameters: {'C': 681.403159935009, 'epsilon': 1.2110602217884527, 'gamma': 51.09940004856622}. Best is trial 906 with value: 15.547757593814149.
trail number 1446
[I 2025-07-18 03:59:52,335] Trial 1446 finished with value: 31.31496813042612 and parameters: {'C': 502.27786734238043, 'epsilon': 16.304026098847856, 'gamma': 477.7537460400533}. Best is trial 906 with value: 15.547757593814149.
trail number 1445
[I 2025-07-18 03:59:52,362] Trial 1445 finished with value: 21.30882067779158 and parameters: {'C': 659.4016710462932, 'epsilon': 18.22102960606001, 'gamma': 78.13506962058344}. Best is trial 906 with value: 15.547757593814149.
trail number 1447
[I 2025-07-18 03:59:52,379] Trial 1447 finished with value: 21.76350484158916 and parameters: {'C': 33.5905307663311, 'epsilon': 12.296928078411739, 'gamma': 125.91471650248003}. Best is trial 906 with value: 15.547757593814149.
trail number 1449
[I 2025-07-18 03:59:52,586] Trial 1449 finished with value: 17.801303170468152 and parameters: {'C': 99.0664798406664, 'epsilon': 0.860833189529822, 'gamma': 48.724424874848395}. Best is trial 906 with value: 15.547757593814149.
trail number 1451
[I 2025-07-18 03:59:52,611] Trial 1451 finished with value: 43.1422811835692 and parameters: {'C': 26.365655379137024, 'epsilon': 4.661303235493769, 'gamma': 9.934016031580896}. Best is trial 906 with value: 15.547757593814149.
trail number 1448
[I 2025-07-18 03:59:52,670] Trial 1448 finished with value: 18.96285591427635 and parameters: {'C': 25.69867361962784, 'epsilon': 0.06723917138017022, 'gamma': 68.627387755215}. Best is trial 906 with value: 15.547757593814149.
trail number 1452
[I 2025-07-18 03:59:52,727] Trial 1452 finished with value: 25.30851029177409 and parameters: {'C': 18.181995133045064, 'epsilon': 13.988658115312617, 'gamma': 25.6489763090674}. Best is trial 906 with value: 15.547757593814149.
trail number 1450
[I 2025-07-18 03:59:52,805] Trial 1450 finished with value: 17.552806365211925 and parameters: {'C': 49.59392889526447, 'epsilon': 0.16791403115916959, 'gamma': 93.36907091104342}. Best is trial 906 with value: 15.547757593814149.
trail number 1453
[I 2025-07-18 03:59:52,829] Trial 1453 finished with value: 20.378483802014536 and parameters: {'C': 42.92707742822516, 'epsilon': 1.3442247514772772, 'gamma': 29.86967402750809}. Best is trial 906 with value: 15.547757593814149.
trail number 1455
[I 2025-07-18 03:59:52,874] Trial 1455 finished with value: 19.82910344250534 and parameters: {'C': 26.923486678274145, 'epsilon': 1.9530677215318986, 'gamma': 44.212842523719026}. Best is trial 906 with value: 15.547757593814149.
trail number 1454
[I 2025-07-18 03:59:52,884] Trial 1454 finished with value: 17.139112065480372 and parameters: {'C': 50.726428347975514, 'epsilon': 1.5279954753467102, 'gamma': 81.52971605931047}. Best is trial 906 with value: 15.547757593814149.
trail number 1456
[I 2025-07-18 03:59:53,014] Trial 1456 finished with value: 24.491541270290394 and parameters: {'C': 1416.4477604737945, 'epsilon': 30.66904664539044, 'gamma': 58.67787034275823}. Best is trial 906 with value: 15.547757593814149.
trail number 1458
[I 2025-07-18 03:59:53,148] Trial 1458 finished with value: 26.599940804250366 and parameters: {'C': 1342.4714202684372, 'epsilon': 31.176220836088753, 'gamma': 85.78234134536895}. Best is trial 906 with value: 15.547757593814149.
trail number 1460
[I 2025-07-18 03:59:53,160] Trial 1460 finished with value: 22.40479918442653 and parameters: {'C': 10.180297819753832, 'epsilon': 0.9138970361284341, 'gamma': 40.100080666500354}. Best is trial 906 with value: 15.547757593814149.
trail number 1462
[I 2025-07-18 03:59:53,173] Trial 1462 finished with value: 57.549687723091914 and parameters: {'C': 1661.088230702608, 'epsilon': 72.51189620576898, 'gamma': 331.21814074880103}. Best is trial 906 with value: 15.547757593814149.
trail number 1457
[I 2025-07-18 03:59:53,242] Trial 1457 finished with value: 17.417339394288042 and parameters: {'C': 75.12383636511868, 'epsilon': 0.520974724004975, 'gamma': 101.20461896443483}. Best is trial 906 with value: 15.547757593814149.
trail number 1461
[I 2025-07-18 03:59:53,255] Trial 1461 finished with value: 23.578247289484008 and parameters: {'C': 1254.2881632224196, 'epsilon': 16.6557450909825, 'gamma': 113.36478783331052}. Best is trial 906 with value: 15.547757593814149.
trail number 1459
[I 2025-07-18 03:59:53,311] Trial 1459 finished with value: 21.786565011779913 and parameters: {'C': 675.9216305691616, 'epsilon': 16.67614110565938, 'gamma': 117.34124257729061}. Best is trial 906 with value: 15.547757593814149.
trail number 1464
[I 2025-07-18 03:59:53,456] Trial 1464 finished with value: 24.36448213427921 and parameters: {'C': 10.118321990641732, 'epsilon': 3.3290221182454847, 'gamma': 161.7930118020958}. Best is trial 906 with value: 15.547757593814149.
trail number 1466
[I 2025-07-18 03:59:53,613] Trial 1466 finished with value: 27.767261864306725 and parameters: {'C': 6.473096469495204, 'epsilon': 11.567634247076956, 'gamma': 157.37632743002573}. Best is trial 906 with value: 15.547757593814149.
trail number 1467
[I 2025-07-18 03:59:53,625] Trial 1467 finished with value: 25.56664494736084 and parameters: {'C': 952.0693305604655, 'epsilon': 13.530326281704124, 'gamma': 176.54351752362493}. Best is trial 906 with value: 15.547757593814149.
trail number 1468
[I 2025-07-18 03:59:53,679] Trial 1468 finished with value: 23.798076109889337 and parameters: {'C': 704.5539533997919, 'epsilon': 20.98975411734698, 'gamma': 96.0141173220454}. Best is trial 906 with value: 15.547757593814149.
trail number 1465
[I 2025-07-18 03:59:53,889] Trial 1465 finished with value: 23.48834157885543 and parameters: {'C': 886.2580213247347, 'epsilon': 11.270436273463426, 'gamma': 123.25441719414488}. Best is trial 906 with value: 15.547757593814149.
trail number 1472
[I 2025-07-18 03:59:54,003] Trial 1472 finished with value: 20.4475467335048 and parameters: {'C': 47.26600680583036, 'epsilon': 15.410732004432152, 'gamma': 50.09718473610526}. Best is trial 906 with value: 15.547757593814149.
trail number 1469
[I 2025-07-18 03:59:54,101] Trial 1469 finished with value: 22.9109798872789 and parameters: {'C': 1051.3634303561216, 'epsilon': 0.20218231243237406, 'gamma': 84.99298387326739}. Best is trial 906 with value: 15.547757593814149.
trail number 1470
[I 2025-07-18 03:59:54,234] Trial 1470 finished with value: 21.918335661118753 and parameters: {'C': 785.1306667483282, 'epsilon': 14.799552822735873, 'gamma': 117.57060689622578}. Best is trial 906 with value: 15.547757593814149.
trail number 1475
[I 2025-07-18 03:59:54,281] Trial 1475 finished with value: 21.85759476273015 and parameters: {'C': 38.1278293953432, 'epsilon': 20.584199434897414, 'gamma': 65.54787574685065}. Best is trial 906 with value: 15.547757593814149.
trail number 1471
[I 2025-07-18 03:59:54,291] Trial 1471 finished with value: 29.460449392772137 and parameters: {'C': 1145.4061910159303, 'epsilon': 0.9235319404159711, 'gamma': 185.87566743010464}. Best is trial 906 with value: 15.547757593814149.
trail number 1476
[I 2025-07-18 03:59:54,453] Trial 1476 finished with value: 31.135346592501566 and parameters: {'C': 8.836482746653061, 'epsilon': 25.699669349588053, 'gamma': 92.72053601895682}. Best is trial 906 with value: 15.547757593814149.
trail number 1478
[I 2025-07-18 03:59:54,600] Trial 1478 finished with value: 19.3051203034523 and parameters: {'C': 31.766226705371977, 'epsilon': 1.0145653076593721, 'gamma': 137.85536198981896}. Best is trial 906 with value: 15.547757593814149.
trail number 1477
[I 2025-07-18 03:59:54,837] Trial 1477 finished with value: 25.77660253274525 and parameters: {'C': 754.8152246416817, 'epsilon': 1.4789669608974823, 'gamma': 161.15793003841577}. Best is trial 906 with value: 15.547757593814149.
trail number 1473
[I 2025-07-18 03:59:54,893] Trial 1473 finished with value: 24.995074466738487 and parameters: {'C': 800.6618154421271, 'epsilon': 0.6048679132012726, 'gamma': 146.8057313140805}. Best is trial 906 with value: 15.547757593814149.
trail number 1479
[I 2025-07-18 03:59:54,934] Trial 1479 finished with value: 19.178677089625367 and parameters: {'C': 24.207952231038135, 'epsilon': 1.815059618343342, 'gamma': 109.33189012511833}. Best is trial 906 with value: 15.547757593814149.
trail number 1483
[I 2025-07-18 03:59:55,073] Trial 1483 finished with value: 61.21516312793292 and parameters: {'C': 1694.2453783095968, 'epsilon': 79.93226091169424, 'gamma': 259.8545742552561}. Best is trial 906 with value: 15.547757593814149.
trail number 1481
[I 2025-07-18 03:59:55,126] Trial 1481 finished with value: 19.79249355817427 and parameters: {'C': 41.86348205858698, 'epsilon': 1.1412336099795897, 'gamma': 35.73873453557019}. Best is trial 906 with value: 15.547757593814149.
trail number 1480
[I 2025-07-18 03:59:55,210] Trial 1480 finished with value: 19.030960008816045 and parameters: {'C': 909.3854471105385, 'epsilon': 1.3044604865944665, 'gamma': 54.2975307878909}. Best is trial 906 with value: 15.547757593814149.
trail number 1474
[I 2025-07-18 03:59:55,296] Trial 1474 finished with value: 21.643133971814315 and parameters: {'C': 1468.2380407895778, 'epsilon': 0.773370880879181, 'gamma': 57.460498110049}. Best is trial 906 with value: 15.547757593814149.
trail number 1485
[I 2025-07-18 03:59:55,438] Trial 1485 finished with value: 18.30764307657427 and parameters: {'C': 700.4009632561371, 'epsilon': 15.327481792829857, 'gamma': 60.536438540757004}. Best is trial 906 with value: 15.547757593814149.
trail number 1486
[I 2025-07-18 03:59:55,509] Trial 1486 finished with value: 44.97467825645721 and parameters: {'C': 1714.7371537008553, 'epsilon': 16.013591917131098, 'gamma': 0.5657712495052536}. Best is trial 906 with value: 15.547757593814149.
trail number 1482
[I 2025-07-18 03:59:55,518] Trial 1482 finished with value: 20.276936646213393 and parameters: {'C': 1310.111246840581, 'epsilon': 15.292291224290942, 'gamma': 60.5373027386474}. Best is trial 906 with value: 15.547757593814149.
trail number 1484
[I 2025-07-18 03:59:55,729] Trial 1484 finished with value: 21.645917061018153 and parameters: {'C': 1338.538036441405, 'epsilon': 16.430126150562266, 'gamma': 37.93787427769626}. Best is trial 906 with value: 15.547757593814149.
trail number 1487
[I 2025-07-18 03:59:55,755] Trial 1487 finished with value: 19.10374983100597 and parameters: {'C': 26.30261493408274, 'epsilon': 0.2349262795789172, 'gamma': 51.769956892530466}. Best is trial 906 with value: 15.547757593814149.
trail number 1488
[I 2025-07-18 03:59:55,803] Trial 1488 finished with value: 18.871719230778442 and parameters: {'C': 802.8538236711713, 'epsilon': 14.587471660215538, 'gamma': 65.91016395928942}. Best is trial 906 with value: 15.547757593814149.
trail number 1463
[I 2025-07-18 03:59:55,891] Trial 1463 finished with value: 38.42848737507861 and parameters: {'C': 5984.638299988935, 'epsilon': 13.21543400148687, 'gamma': 271.3521027792341}. Best is trial 906 with value: 15.547757593814149.
trail number 1489
[I 2025-07-18 03:59:55,902] Trial 1489 finished with value: 58.05450789921038 and parameters: {'C': 770.6244877316386, 'epsilon': 1.105674098419871, 'gamma': 8.349881588806355}. Best is trial 906 with value: 15.547757593814149.
trail number 1491
[I 2025-07-18 03:59:55,965] Trial 1491 finished with value: 28.433871356838978 and parameters: {'C': 12.173585031577801, 'epsilon': 25.518933891232788, 'gamma': 55.788585481070186}. Best is trial 906 with value: 15.547757593814149.
trail number 1493
[I 2025-07-18 03:59:56,125] Trial 1493 finished with value: 21.822775566256986 and parameters: {'C': 606.5445257712375, 'epsilon': 12.702074779196133, 'gamma': 27.42061457156314}. Best is trial 906 with value: 15.547757593814149.
trail number 1495
[I 2025-07-18 03:59:56,166] Trial 1495 finished with value: 49.71966394587024 and parameters: {'C': 709.0193766062915, 'epsilon': 13.899283993215665, 'gamma': 0.10984145893738173}. Best is trial 906 with value: 15.547757593814149.
trail number 1490
[I 2025-07-18 03:59:56,183] Trial 1490 finished with value: 63.073316512508015 and parameters: {'C': 1110.0123055859435, 'epsilon': 12.034561612195626, 'gamma': 7.47651152483882}. Best is trial 906 with value: 15.547757593814149.
trail number 1494
[I 2025-07-18 03:59:56,226] Trial 1494 finished with value: 20.759044669143332 and parameters: {'C': 51.53287626415075, 'epsilon': 16.278815904743833, 'gamma': 100.65904540200313}. Best is trial 906 with value: 15.547757593814149.
trail number 1498
[I 2025-07-18 03:59:56,310] Trial 1498 finished with value: 27.289807547709216 and parameters: {'C': 12.973990760346666, 'epsilon': 22.602929591576626, 'gamma': 92.07655405058755}. Best is trial 906 with value: 15.547757593814149.
trail number 1492
[I 2025-07-18 03:59:56,319] Trial 1492 finished with value: 21.246920385309984 and parameters: {'C': 789.8791636307426, 'epsilon': 14.051323326120402, 'gamma': 37.351274655562406}. Best is trial 906 with value: 15.547757593814149.
trail number 1497
[I 2025-07-18 03:59:56,441] Trial 1497 finished with value: 53.30625679260157 and parameters: {'C': 671.2144650670059, 'epsilon': 14.20383300621568, 'gamma': 3.1045410350367177}. Best is trial 906 with value: 15.547757593814149.
trail number 1501
[I 2025-07-18 03:59:56,650] Trial 1501 finished with value: 20.693021758581715 and parameters: {'C': 947.8829522098966, 'epsilon': 14.048195014106023, 'gamma': 92.9088020599323}. Best is trial 906 with value: 15.547757593814149.
trail number 1502
[I 2025-07-18 03:59:56,685] Trial 1502 finished with value: 44.59653555648126 and parameters: {'C': 46.7017172023003, 'epsilon': 31.23861301006726, 'gamma': 11.316750876704788}. Best is trial 906 with value: 15.547757593814149.
trail number 1500
[I 2025-07-18 03:59:56,753] Trial 1500 finished with value: 17.392430325340804 and parameters: {'C': 51.04588404531491, 'epsilon': 0.13717294052118578, 'gamma': 89.14689446219028}. Best is trial 906 with value: 15.547757593814149.
trail number 1496
[I 2025-07-18 03:59:56,763] Trial 1496 finished with value: 20.09856097749106 and parameters: {'C': 565.3337113823161, 'epsilon': 0.4182242312654928, 'gamma': 72.58551910813357}. Best is trial 906 with value: 15.547757593814149.
trail number 1504
[I 2025-07-18 03:59:56,861] Trial 1504 finished with value: 19.531335308158706 and parameters: {'C': 50.58068300427604, 'epsilon': 13.098887026533486, 'gamma': 38.5224259396439}. Best is trial 906 with value: 15.547757593814149.
trail number 1503
[I 2025-07-18 03:59:57,035] Trial 1503 finished with value: 22.403454385908653 and parameters: {'C': 787.861683760508, 'epsilon': 0.3565676167556273, 'gamma': 113.62664774839479}. Best is trial 906 with value: 15.547757593814149.
trail number 1499
[I 2025-07-18 03:59:57,045] Trial 1499 finished with value: 17.316115577944807 and parameters: {'C': 794.1571839514484, 'epsilon': 0.6170080362238483, 'gamma': 43.626274415405796}. Best is trial 906 with value: 15.547757593814149.
trail number 1507
[I 2025-07-18 03:59:57,101] Trial 1507 finished with value: 19.878536869648812 and parameters: {'C': 42.310877544169955, 'epsilon': 13.472848152233519, 'gamma': 75.26453735650374}. Best is trial 906 with value: 15.547757593814149.
trail number 1509
[I 2025-07-18 03:59:57,361] Trial 1509 finished with value: 21.89019757077219 and parameters: {'C': 688.9473954743548, 'epsilon': 14.165775526608801, 'gamma': 122.04917866657178}. Best is trial 906 with value: 15.547757593814149.
trail number 1505
[I 2025-07-18 03:59:57,438] Trial 1505 finished with value: 22.490704059617393 and parameters: {'C': 774.6359907730874, 'epsilon': 0.616338186974537, 'gamma': 18.421768245559036}. Best is trial 906 with value: 15.547757593814149.
trail number 1506
[I 2025-07-18 03:59:57,543] Trial 1506 finished with value: 35.60555687993475 and parameters: {'C': 1713.437671138748, 'epsilon': 14.798427442188476, 'gamma': 415.6510359200895}. Best is trial 906 with value: 15.547757593814149.
trail number 1508
[I 2025-07-18 03:59:57,624] Trial 1508 finished with value: 17.510371267411035 and parameters: {'C': 637.1375750717767, 'epsilon': 0.3315679415802668, 'gamma': 39.79277304181913}. Best is trial 906 with value: 15.547757593814149.
trail number 1514
[I 2025-07-18 03:59:57,902] Trial 1514 finished with value: 20.548979991308276 and parameters: {'C': 838.3487636401616, 'epsilon': 12.649377385689391, 'gamma': 66.75241434528196}. Best is trial 906 with value: 15.547757593814149.
trail number 1512
[I 2025-07-18 03:59:57,921] Trial 1512 finished with value: 22.136621079772983 and parameters: {'C': 501.70946594732726, 'epsilon': 0.36671072389095705, 'gamma': 144.14317738990474}. Best is trial 906 with value: 15.547757593814149.
trail number 1513
[I 2025-07-18 03:59:57,928] Trial 1513 finished with value: 17.493250101822056 and parameters: {'C': 55.370886860368216, 'epsilon': 0.7254266173288797, 'gamma': 67.96436554722474}. Best is trial 906 with value: 15.547757593814149.
trail number 1511
