[I 2025-07-18 03:59:43,850] Trial 1339 finished with value: 28.040218395642068 and parameters: {'C': 509.24386903542705, 'epsilon': 31.774545058610943, 'gamma': 101.39805604000547}. Best is trial 906 with value: 15.547757593814149.
trail number 1340
[I 2025-07-18 03:59:43,866] Trial 1340 finished with value: 26.00571504906359 and parameters: {'C': 644.8091593798207, 'epsilon': 19.923720583758662, 'gamma': 139.4554650059225}. Best is trial 906 with value: 15.547757593814149.
trail number 1343
[I 2025-07-18 03:59:44,079] Trial 1343 finished with value: 35.297517294405935 and parameters: {'C': 2207.1308529341422, 'epsilon': 54.68981583002946, 'gamma': 53.549909640085815}. Best is trial 906 with value: 15.547757593814149.
trail number 1341
[I 2025-07-18 03:59:44,132] Trial 1341 finished with value: 20.49296732025675 and parameters: {'C': 44.82466591733882, 'epsilon': 13.129555168590642, 'gamma': 86.72747015354926}. Best is trial 906 with value: 15.547757593814149.
trail number 1336
[I 2025-07-18 03:59:44,150] Trial 1336 finished with value: 24.483670687216243 and parameters: {'C': 1594.1636042955547, 'epsilon': 0.8037425695937487, 'gamma': 88.38196417701299}. Best is trial 906 with value: 15.547757593814149.
trail number 1337
[I 2025-07-18 03:59:44,270] Trial 1337 finished with value: 19.342624697696422 and parameters: {'C': 489.84395457858403, 'epsilon': 0.5636131456899132, 'gamma': 69.79768981816578}. Best is trial 906 with value: 15.547757593814149.
trail number 1345
[I 2025-07-18 03:59:44,329] Trial 1345 finished with value: 25.57789821946755 and parameters: {'C': 55.62940419396155, 'epsilon': 30.542407511141125, 'gamma': 58.84094080034195}. Best is trial 906 with value: 15.547757593814149.
trail number 1344
[I 2025-07-18 03:59:44,393] Trial 1344 finished with value: 21.427025871438353 and parameters: {'C': 756.7454414272115, 'epsilon': 0.8643061388488833, 'gamma': 77.2963116806763}. Best is trial 906 with value: 15.547757593814149.
trail number 1346
[I 2025-07-18 03:59:44,665] Trial 1346 finished with value: 19.255176448855135 and parameters: {'C': 88.96789717139085, 'epsilon': 1.06726345588248, 'gamma': 38.09411763380772}. Best is trial 906 with value: 15.547757593814149.
trail number 1350
[I 2025-07-18 03:59:44,706] Trial 1350 finished with value: 17.57743771063687 and parameters: {'C': 67.62086376499919, 'epsilon': 0.6968204755043181, 'gamma': 107.39709830902376}. Best is trial 906 with value: 15.547757593814149.
trail number 1348
[I 2025-07-18 03:59:44,755] Trial 1348 finished with value: 17.407505138657044 and parameters: {'C': 42.64979893560478, 'epsilon': 0.4957734764229099, 'gamma': 73.02688152238865}. Best is trial 906 with value: 15.547757593814149.
trail number 1342
[I 2025-07-18 03:59:44,774] Trial 1342 finished with value: 22.806074385756066 and parameters: {'C': 817.2483211657973, 'epsilon': 0.3582143431660363, 'gamma': 121.89147296976074}. Best is trial 906 with value: 15.547757593814149.
trail number 1347
[I 2025-07-18 03:59:44,895] Trial 1347 finished with value: 21.46901392093468 and parameters: {'C': 1282.9218517741863, 'epsilon': 0.057722998156723326, 'gamma': 62.83863585787302}. Best is trial 906 with value: 15.547757593814149.
trail number 1352
[I 2025-07-18 03:59:44,973] Trial 1352 finished with value: 20.69891699298664 and parameters: {'C': 984.1893890878907, 'epsilon': 17.938650847121924, 'gamma': 55.64444761254411}. Best is trial 906 with value: 15.547757593814149.
trail number 1349
[I 2025-07-18 03:59:45,017] Trial 1349 finished with value: 24.230619398373836 and parameters: {'C': 1554.489114877003, 'epsilon': 14.415843208027155, 'gamma': 114.75816699685294}. Best is trial 906 with value: 15.547757593814149.
trail number 1356
[I 2025-07-18 03:59:45,144] Trial 1356 finished with value: 22.606074279188647 and parameters: {'C': 18.471466696483446, 'epsilon': 17.544063408635203, 'gamma': 51.55494205649436}. Best is trial 906 with value: 15.547757593814149.
trail number 1355
[I 2025-07-18 03:59:45,198] Trial 1355 finished with value: 20.297055193800944 and parameters: {'C': 776.4369465492218, 'epsilon': 13.69004885135659, 'gamma': 73.31429780243187}. Best is trial 906 with value: 15.547757593814149.
trail number 1354
[I 2025-07-18 03:59:45,265] Trial 1354 finished with value: 20.011405704057232 and parameters: {'C': 66.27098378812654, 'epsilon': 0.5247826698016327, 'gamma': 34.3793513858397}. Best is trial 906 with value: 15.547757593814149.
trail number 1353
[I 2025-07-18 03:59:45,309] Trial 1353 finished with value: 21.27763596047287 and parameters: {'C': 707.776485865281, 'epsilon': 14.433179889260515, 'gamma': 105.8641501946959}. Best is trial 906 with value: 15.547757593814149.
trail number 1351
[I 2025-07-18 03:59:45,404] Trial 1351 finished with value: 25.24212770477643 and parameters: {'C': 4628.789047110376, 'epsilon': 36.08936103146915, 'gamma': 36.78676362351922}. Best is trial 906 with value: 15.547757593814149.
trail number 1357
[I 2025-07-18 03:59:45,502] Trial 1357 finished with value: 21.11391126347666 and parameters: {'C': 789.151357485029, 'epsilon': 13.651668968388872, 'gamma': 93.73364412465938}. Best is trial 906 with value: 15.547757593814149.
trail number 1358
[I 2025-07-18 03:59:45,587] Trial 1358 finished with value: 17.998597615169952 and parameters: {'C': 69.15597549265546, 'epsilon': 1.1247841154027727, 'gamma': 133.86482079996296}. Best is trial 906 with value: 15.547757593814149.
trail number 1360
[I 2025-07-18 03:59:45,791] Trial 1360 finished with value: 23.535204516052918 and parameters: {'C': 921.4911127138522, 'epsilon': 10.987148514939692, 'gamma': 120.95981551374244}. Best is trial 906 with value: 15.547757593814149.
trail number 1359
[I 2025-07-18 03:59:45,872] Trial 1359 finished with value: 17.294524111761255 and parameters: {'C': 613.6183357599618, 'epsilon': 0.04857606388528657, 'gamma': 49.95907454524538}. Best is trial 906 with value: 15.547757593814149.
trail number 1364
[I 2025-07-18 03:59:45,931] Trial 1364 finished with value: 51.64019255201545 and parameters: {'C': 3452.355677476033, 'epsilon': 45.41754595496147, 'gamma': 448.4944475173596}. Best is trial 906 with value: 15.547757593814149.
trail number 1366
[I 2025-07-18 03:59:46,096] Trial 1366 finished with value: 19.90389179680824 and parameters: {'C': 21.157039815488915, 'epsilon': 8.559951432230521, 'gamma': 59.17024962942186}. Best is trial 906 with value: 15.547757593814149.
trail number 1363
[I 2025-07-18 03:59:46,115] Trial 1363 finished with value: 50.76641587921408 and parameters: {'C': 989.4670910439164, 'epsilon': 0.5176030012122366, 'gamma': 2.1213039891102383}. Best is trial 906 with value: 15.547757593814149.
trail number 1361
[I 2025-07-18 03:59:46,159] Trial 1361 finished with value: 22.38697569511195 and parameters: {'C': 747.3582044540044, 'epsilon': 1.20515885605237, 'gamma': 125.52626040537956}. Best is trial 906 with value: 15.547757593814149.
trail number 1362
[I 2025-07-18 03:59:46,208] Trial 1362 finished with value: 22.555543779653796 and parameters: {'C': 814.1231433499361, 'epsilon': 0.09442348294011438, 'gamma': 97.57640429083325}. Best is trial 906 with value: 15.547757593814149.
trail number 1365
[I 2025-07-18 03:59:46,257] Trial 1365 finished with value: 20.727543551312927 and parameters: {'C': 732.173820318106, 'epsilon': 10.902233914180531, 'gamma': 72.0707669500761}. Best is trial 906 with value: 15.547757593814149.
trail number 1367
[I 2025-07-18 03:59:46,298] Trial 1367 finished with value: 26.991134218702378 and parameters: {'C': 6.084169267696538, 'epsilon': 14.480163523082311, 'gamma': 55.163806511603205}. Best is trial 906 with value: 15.547757593814149.
trail number 1370
[I 2025-07-18 03:59:46,620] Trial 1370 finished with value: 27.852306197764154 and parameters: {'C': 3.757424465859046, 'epsilon': 3.5037849139660824, 'gamma': 53.8272756792307}. Best is trial 906 with value: 15.547757593814149.
trail number 1368
[I 2025-07-18 03:59:46,629] Trial 1368 finished with value: 23.23275193854816 and parameters: {'C': 720.8013543478784, 'epsilon': 15.104315913080622, 'gamma': 161.27126309107578}. Best is trial 906 with value: 15.547757593814149.
trail number 1371
[I 2025-07-18 03:59:46,636] Trial 1371 finished with value: 20.44957330343708 and parameters: {'C': 602.4631775894975, 'epsilon': 15.967293619726927, 'gamma': 83.26126897726513}. Best is trial 906 with value: 15.547757593814149.
trail number 1369
[I 2025-07-18 03:59:46,736] Trial 1369 finished with value: 28.056442049997024 and parameters: {'C': 771.2941582782834, 'epsilon': 11.693645736516057, 'gamma': 212.64397802782423}. Best is trial 906 with value: 15.547757593814149.
trail number 1372
[I 2025-07-18 03:59:46,744] Trial 1372 finished with value: 21.9645870966283 and parameters: {'C': 766.57873316968, 'epsilon': 14.122083854035159, 'gamma': 113.50748949911323}. Best is trial 906 with value: 15.547757593814149.
trail number 1374
[I 2025-07-18 03:59:46,991] Trial 1374 finished with value: 19.981573269368084 and parameters: {'C': 41.14084254140904, 'epsilon': 13.887009786501935, 'gamma': 47.50399053965307}. Best is trial 906 with value: 15.547757593814149.
trail number 1377
[I 2025-07-18 03:59:47,050] Trial 1377 finished with value: 49.86217547812456 and parameters: {'C': 686.3169334628394, 'epsilon': 31.162315340095812, 'gamma': 1.3860301135652193}. Best is trial 906 with value: 15.547757593814149.
trail number 1373
[I 2025-07-18 03:59:47,081] Trial 1373 finished with value: 22.271078328880854 and parameters: {'C': 675.9878221129917, 'epsilon': 0.26161081867110114, 'gamma': 107.3381818689468}. Best is trial 906 with value: 15.547757593814149.
trail number 1375
[I 2025-07-18 03:59:47,107] Trial 1375 finished with value: 18.57340036758274 and parameters: {'C': 42.53093164993959, 'epsilon': 1.6315965647708621, 'gamma': 53.51434725542624}. Best is trial 906 with value: 15.547757593814149.
trail number 1376
[I 2025-07-18 03:59:47,174] Trial 1376 finished with value: 17.252577274322626 and parameters: {'C': 143.77201632001223, 'epsilon': 0.44779976010543043, 'gamma': 49.70503020928447}. Best is trial 906 with value: 15.547757593814149.
trail number 1379
[I 2025-07-18 03:59:47,325] Trial 1379 finished with value: 23.137410358127703 and parameters: {'C': 1473.6703392102224, 'epsilon': 17.205402117488383, 'gamma': 17.220160594439385}. Best is trial 906 with value: 15.547757593814149.
trail number 1380
[I 2025-07-18 03:59:47,339] Trial 1380 finished with value: 18.29500125147704 and parameters: {'C': 34.63691439289924, 'epsilon': 1.0676414207834717, 'gamma': 62.51416939429146}. Best is trial 906 with value: 15.547757593814149.
trail number 1382
[I 2025-07-18 03:59:47,346] Trial 1382 finished with value: 26.699834843581083 and parameters: {'C': 19.034236917307283, 'epsilon': 25.82023337723182, 'gamma': 67.77162065512644}. Best is trial 906 with value: 15.547757593814149.
trail number 1381
[I 2025-07-18 03:59:47,355] Trial 1381 finished with value: 26.18114227909308 and parameters: {'C': 14.83446264408144, 'epsilon': 19.23691830560323, 'gamma': 134.09789784099155}. Best is trial 906 with value: 15.547757593814149.
trail number 1378
[I 2025-07-18 03:59:47,366] Trial 1378 finished with value: 63.99548985254406 and parameters: {'C': 972.8256672585619, 'epsilon': 16.48424585411821, 'gamma': 7.043424818994495}. Best is trial 906 with value: 15.547757593814149.
trail number 1385
[I 2025-07-18 03:59:47,405] Trial 1385 finished with value: 81.02456238878628 and parameters: {'C': 1414.2984041011425, 'epsilon': 113.11338898650877, 'gamma': 291.7588682206422}. Best is trial 906 with value: 15.547757593814149.
trail number 1386
[I 2025-07-18 03:59:47,589] Trial 1386 finished with value: 21.971395224302672 and parameters: {'C': 33.98127325699865, 'epsilon': 12.504174876955322, 'gamma': 155.2784525717921}. Best is trial 906 with value: 15.547757593814149.
trail number 1384
[I 2025-07-18 03:59:47,642] Trial 1384 finished with value: 51.57146970244463 and parameters: {'C': 0.28451294403478755, 'epsilon': 4.612824841965587, 'gamma': 202.41953403097295}. Best is trial 906 with value: 15.547757593814149.
trail number 1388
[I 2025-07-18 03:59:47,696] Trial 1388 finished with value: 21.602825533611885 and parameters: {'C': 79.03177253398606, 'epsilon': 15.98140487403046, 'gamma': 133.30081911123017}. Best is trial 906 with value: 15.547757593814149.
trail number 1383
[I 2025-07-18 03:59:47,779] Trial 1383 finished with value: 20.307821847409134 and parameters: {'C': 1422.150064214084, 'epsilon': 16.477243437137435, 'gamma': 69.40928692367737}. Best is trial 906 with value: 15.547757593814149.
trail number 1389
[I 2025-07-18 03:59:47,835] Trial 1389 finished with value: 47.89669513095254 and parameters: {'C': 8.933201159624133, 'epsilon': 12.916507447943708, 'gamma': 1.6810562006448322}. Best is trial 906 with value: 15.547757593814149.
trail number 1387
[I 2025-07-18 03:59:47,900] Trial 1387 finished with value: 18.746935170856496 and parameters: {'C': 90.42964664468055, 'epsilon': 1.806454321526883, 'gamma': 129.7322729488621}. Best is trial 906 with value: 15.547757593814149.
trail number 1392
[I 2025-07-18 03:59:48,059] Trial 1392 finished with value: 28.421093469370238 and parameters: {'C': 1629.5125650580294, 'epsilon': 30.95833211048362, 'gamma': 95.67086816475278}. Best is trial 906 with value: 15.547757593814149.
trail number 1391
[I 2025-07-18 03:59:48,123] Trial 1391 finished with value: 20.37588524216856 and parameters: {'C': 716.2779225978511, 'epsilon': 1.491849901121751, 'gamma': 66.12172187678996}. Best is trial 906 with value: 15.547757593814149.
trail number 1394
[I 2025-07-18 03:59:48,144] Trial 1394 finished with value: 28.54476096383035 and parameters: {'C': 8.465530848250552, 'epsilon': 16.580095839035142, 'gamma': 173.02871678590952}. Best is trial 906 with value: 15.547757593814149.
trail number 1390
[I 2025-07-18 03:59:48,154] Trial 1390 finished with value: 24.04737985988343 and parameters: {'C': 528.4599797793384, 'epsilon': 0.8872563984044421, 'gamma': 176.7372065179876}. Best is trial 906 with value: 15.547757593814149.
trail number 1393
[I 2025-07-18 03:59:48,321] Trial 1393 finished with value: 19.03890611570386 and parameters: {'C': 723.6277333990696, 'epsilon': 14.033093968136196, 'gamma': 64.48620482446958}. Best is trial 906 with value: 15.547757593814149.
trail number 1398
[I 2025-07-18 03:59:48,444] Trial 1398 finished with value: 23.252467522488494 and parameters: {'C': 14.023029736073937, 'epsilon': 15.853678515428612, 'gamma': 103.33001127253141}. Best is trial 906 with value: 15.547757593814149.
trail number 1396
[I 2025-07-18 03:59:48,489] Trial 1396 finished with value: 25.987291488081393 and parameters: {'C': 5.568802308965559, 'epsilon': 3.1296970986861607, 'gamma': 101.70769835905077}. Best is trial 906 with value: 15.547757593814149.
trail number 1397
[I 2025-07-18 03:59:48,500] Trial 1397 finished with value: 20.554701576791828 and parameters: {'C': 973.5074329551034, 'epsilon': 14.266647977412692, 'gamma': 37.881988497068306}. Best is trial 906 with value: 15.547757593814149.
trail number 1401
[I 2025-07-18 03:59:48,750] Trial 1401 finished with value: 21.8303755159455 and parameters: {'C': 656.7537595988612, 'epsilon': 15.187553633131019, 'gamma': 31.339316355187137}. Best is trial 906 with value: 15.547757593814149.
trail number 1399
[I 2025-07-18 03:59:48,812] Trial 1399 finished with value: 22.84077215518575 and parameters: {'C': 990.1970057298896, 'epsilon': 0.21701062181330655, 'gamma': 112.5916987834241}. Best is trial 906 with value: 15.547757593814149.
trail number 1395
[I 2025-07-18 03:59:48,900] Trial 1395 finished with value: 24.30467284659152 and parameters: {'C': 1063.8911986899368, 'epsilon': 0.42450681531299317, 'gamma': 23.722967352024888}. Best is trial 906 with value: 15.547757593814149.
trail number 1400
[I 2025-07-18 03:59:48,954] Trial 1400 finished with value: 22.10231080259492 and parameters: {'C': 980.4012560665832, 'epsilon': 11.893185404075727, 'gamma': 70.11301978825546}. Best is trial 906 with value: 15.547757593814149.
trail number 1403
[I 2025-07-18 03:59:49,103] Trial 1403 finished with value: 22.7761743937175 and parameters: {'C': 760.3427302727049, 'epsilon': 12.479080371423251, 'gamma': 127.96253642884079}. Best is trial 906 with value: 15.547757593814149.
trail number 1408
[I 2025-07-18 03:59:49,190] Trial 1408 finished with value: 64.21345058239002 and parameters: {'C': 3621.445522294968, 'epsilon': 82.79943402135899, 'gamma': 368.74125366562293}. Best is trial 906 with value: 15.547757593814149.
trail number 1404
[I 2025-07-18 03:59:49,240] Trial 1404 finished with value: 20.987164077090252 and parameters: {'C': 646.114284255051, 'epsilon': 1.5019473850711678, 'gamma': 74.77993434362705}. Best is trial 906 with value: 15.547757593814149.
trail number 1405
[I 2025-07-18 03:59:49,282] Trial 1405 finished with value: 17.886846882405226 and parameters: {'C': 656.9805628389176, 'epsilon': 0.6262884697835739, 'gamma': 39.17725617011151}. Best is trial 906 with value: 15.547757593814149.
trail number 1406
[I 2025-07-18 03:59:49,332] Trial 1406 finished with value: 19.417240045598295 and parameters: {'C': 648.7462329223293, 'epsilon': 17.20398599833345, 'gamma': 53.53458929866426}. Best is trial 906 with value: 15.547757593814149.
trail number 1402
[I 2025-07-18 03:59:49,344] Trial 1402 finished with value: 21.571465278987738 and parameters: {'C': 695.654775607712, 'epsilon': 0.4487653908169591, 'gamma': 92.03523750932409}. Best is trial 906 with value: 15.547757593814149.
trail number 1409
[I 2025-07-18 03:59:49,493] Trial 1409 finished with value: 24.267671579151394 and parameters: {'C': 19.094962262073295, 'epsilon': 20.604930657811337, 'gamma': 38.86269475288504}. Best is trial 906 with value: 15.547757593814149.
trail number 1411
[I 2025-07-18 03:59:49,527] Trial 1411 finished with value: 32.34083730312585 and parameters: {'C': 2.698049329252285, 'epsilon': 8.93727406875076, 'gamma': 108.51391429057449}. Best is trial 906 with value: 15.547757593814149.
trail number 1412
[I 2025-07-18 03:59:49,661] Trial 1412 finished with value: 30.2947802481677 and parameters: {'C': 747.0557826501074, 'epsilon': 32.457558273021476, 'gamma': 141.17765752735397}. Best is trial 906 with value: 15.547757593814149.
trail number 1407
[I 2025-07-18 03:59:49,777] Trial 1407 finished with value: 21.013879269833772 and parameters: {'C': 580.3790246227614, 'epsilon': 0.17430396567238926, 'gamma': 95.21848046777836}. Best is trial 906 with value: 15.547757593814149.
trail number 1414
[I 2025-07-18 03:59:49,788] Trial 1414 finished with value: 22.857267052820323 and parameters: {'C': 549.904861325701, 'epsilon': 19.755956530111334, 'gamma': 93.0527882934876}. Best is trial 906 with value: 15.547757593814149.
trail number 1413
[I 2025-07-18 03:59:49,917] Trial 1413 finished with value: 18.27577985460669 and parameters: {'C': 96.23112309447069, 'epsilon': 0.7790516544204097, 'gamma': 133.2423670119266}. Best is trial 906 with value: 15.547757593814149.
trail number 1410
[I 2025-07-18 03:59:49,981] Trial 1410 finished with value: 22.189636948248648 and parameters: {'C': 1055.333474994587, 'epsilon': 0.9618005000856096, 'gamma': 71.84065735539656}. Best is trial 906 with value: 15.547757593814149.
trail number 1415
[I 2025-07-18 03:59:50,004] Trial 1415 finished with value: 17.75542557899741 and parameters: {'C': 803.2792012292432, 'epsilon': 0.9759358526847883, 'gamma': 50.56923211459322}. Best is trial 906 with value: 15.547757593814149.
trail number 1418
[I 2025-07-18 03:59:50,139] Trial 1418 finished with value: 16.254667714711026 and parameters: {'C': 165.58048264844348, 'epsilon': 0.19560910134218612, 'gamma': 73.72447149647051}. Best is trial 906 with value: 15.547757593814149.
trail number 1421
[I 2025-07-18 03:59:50,255] Trial 1421 finished with value: 33.335530164195106 and parameters: {'C': 2.107422293753558, 'epsilon': 4.018343343359138, 'gamma': 89.44691430731318}. Best is trial 906 with value: 15.547757593814149.
trail number 1420
[I 2025-07-18 03:59:50,401] Trial 1420 finished with value: 48.539355754397185 and parameters: {'C': 70.67892904681307, 'epsilon': 23.608549913512835, 'gamma': 3.177344892615338}. Best is trial 906 with value: 15.547757593814149.
trail number 1423
[I 2025-07-18 03:59:50,496] Trial 1423 finished with value: 47.189412760343615 and parameters: {'C': 24.326487229118953, 'epsilon': 15.15409722569513, 'gamma': 3.6618410967112283}. Best is trial 906 with value: 15.547757593814149.
trail number 1416
[I 2025-07-18 03:59:50,590] Trial 1416 finished with value: 23.834147462627023 and parameters: {'C': 975.9492433207366, 'epsilon': 0.5923850418380648, 'gamma': 93.15399707202246}. Best is trial 906 with value: 15.547757593814149.
trail number 1417
[I 2025-07-18 03:59:50,683] Trial 1417 finished with value: 49.82663699340611 and parameters: {'C': 997.8214937331608, 'epsilon': 0.8259302750060615, 'gamma': 11.943341660529292}. Best is trial 906 with value: 15.547757593814149.
trail number 1422
[I 2025-07-18 03:59:50,729] Trial 1422 finished with value: 22.461425334105122 and parameters: {'C': 556.3352982378727, 'epsilon': 0.09522904740507832, 'gamma': 139.19528138665692}. Best is trial 906 with value: 15.547757593814149.
trail number 1427
[I 2025-07-18 03:59:50,798] Trial 1427 finished with value: 59.21489389282679 and parameters: {'C': 779.9508566683712, 'epsilon': 74.34167928539756, 'gamma': 384.60173142291933}. Best is trial 906 with value: 15.547757593814149.
trail number 1425
[I 2025-07-18 03:59:50,810] Trial 1425 finished with value: 16.97893233411453 and parameters: {'C': 70.31061840743114, 'epsilon': 0.35992179342145336, 'gamma': 76.90358806080773}. Best is trial 906 with value: 15.547757593814149.
trail number 1428
