[I 2025-07-18 04:01:47,454] Trial 2832 finished with value: 73.22994665783644 and parameters: {'C': 1352.4104323297129, 'epsilon': 28.399023801528067, 'gamma': 9.209363702502337}. Best is trial 906 with value: 15.547757593814149.
trail number 2836
[I 2025-07-18 04:01:47,511] Trial 2836 finished with value: 18.993387543888666 and parameters: {'C': 790.5648812080526, 'epsilon': 12.417535577639228, 'gamma': 57.08953529541765}. Best is trial 906 with value: 15.547757593814149.
trail number 2833
[I 2025-07-18 04:01:47,555] Trial 2833 finished with value: 49.43671713445186 and parameters: {'C': 189.96174532795183, 'epsilon': 0.8377215739319537, 'gamma': 6.5738465945392335}. Best is trial 906 with value: 15.547757593814149.
trail number 2835
[I 2025-07-18 04:01:47,771] Trial 2835 finished with value: 39.0039819376034 and parameters: {'C': 805.1325192440527, 'epsilon': 0.592070835133909, 'gamma': 13.468589091048337}. Best is trial 906 with value: 15.547757593814149.
trail number 2842
[I 2025-07-18 04:01:47,826] Trial 2842 finished with value: 80.62579841381371 and parameters: {'C': 5737.595839313206, 'epsilon': 111.98325203325038, 'gamma': 335.4514631848002}. Best is trial 906 with value: 15.547757593814149.
trail number 2838
[I 2025-07-18 04:01:47,842] Trial 2838 finished with value: 22.926834578911297 and parameters: {'C': 14.293800160265889, 'epsilon': 0.7209947482903426, 'gamma': 189.25816977248132}. Best is trial 906 with value: 15.547757593814149.
trail number 2840
[I 2025-07-18 04:01:47,861] Trial 2840 finished with value: 22.296595244449975 and parameters: {'C': 617.3202545452247, 'epsilon': 13.56100855435896, 'gamma': 121.19223707521428}. Best is trial 906 with value: 15.547757593814149.
trail number 2841
[I 2025-07-18 04:01:48,038] Trial 2841 finished with value: 17.361419046681775 and parameters: {'C': 47.793600468874736, 'epsilon': 1.1932702673183382, 'gamma': 71.70593555355795}. Best is trial 906 with value: 15.547757593814149.
trail number 2845
[I 2025-07-18 04:01:48,055] Trial 2845 finished with value: 20.72310518792013 and parameters: {'C': 51.48642228656399, 'epsilon': 19.14294534255544, 'gamma': 41.485224950977155}. Best is trial 906 with value: 15.547757593814149.
trail number 2839
[I 2025-07-18 04:01:48,168] Trial 2839 finished with value: 21.36141201355357 and parameters: {'C': 1157.6583374525828, 'epsilon': 12.421000642895203, 'gamma': 66.38372240224258}. Best is trial 906 with value: 15.547757593814149.
trail number 2844
[I 2025-07-18 04:01:48,219] Trial 2844 finished with value: 24.595678425258555 and parameters: {'C': 8.279719694244747, 'epsilon': 1.220852990626193, 'gamma': 136.69854366258966}. Best is trial 906 with value: 15.547757593814149.
trail number 2847
[I 2025-07-18 04:01:48,272] Trial 2847 finished with value: 43.14358206569195 and parameters: {'C': 6.30389681989422, 'epsilon': 25.66220641811916, 'gamma': 17.550748980420302}. Best is trial 906 with value: 15.547757593814149.
trail number 2846
[I 2025-07-18 04:01:48,460] Trial 2846 finished with value: 44.71848919307031 and parameters: {'C': 45.28080038837365, 'epsilon': 26.71811883739889, 'gamma': 10.84658632141415}. Best is trial 906 with value: 15.547757593814149.
trail number 2849
[I 2025-07-18 04:01:48,477] Trial 2849 finished with value: 36.81287610723906 and parameters: {'C': 1.813208533543957, 'epsilon': 12.077595382794616, 'gamma': 98.66539296267635}. Best is trial 906 with value: 15.547757593814149.
trail number 2848
[I 2025-07-18 04:01:48,564] Trial 2848 finished with value: 25.399726236618402 and parameters: {'C': 7.544117770537866, 'epsilon': 13.03092824644931, 'gamma': 42.537586652466736}. Best is trial 906 with value: 15.547757593814149.
trail number 2850
[I 2025-07-18 04:01:48,633] Trial 2850 finished with value: 31.02555613717031 and parameters: {'C': 87.42837870416706, 'epsilon': 0.3982552170524006, 'gamma': 18.11582598227662}. Best is trial 906 with value: 15.547757593814149.
trail number 2843
[I 2025-07-18 04:01:48,712] Trial 2843 finished with value: 26.746016172665794 and parameters: {'C': 703.4573397939278, 'epsilon': 0.32096157385429647, 'gamma': 180.6478178799307}. Best is trial 906 with value: 15.547757593814149.
trail number 2852
[I 2025-07-18 04:01:48,732] Trial 2852 finished with value: 20.202979609292232 and parameters: {'C': 19.01570610241896, 'epsilon': 3.1273233315302744, 'gamma': 55.82829378150372}. Best is trial 906 with value: 15.547757593814149.
trail number 2856
[I 2025-07-18 04:01:48,769] Trial 2856 finished with value: 72.05869114480707 and parameters: {'C': 5975.470256612135, 'epsilon': 98.31591475968642, 'gamma': 196.28356360668957}. Best is trial 906 with value: 15.547757593814149.
trail number 2851
[I 2025-07-18 04:01:48,861] Trial 2851 finished with value: 40.70692012781908 and parameters: {'C': 1.3443434529103229, 'epsilon': 14.212498677434223, 'gamma': 71.10371390918432}. Best is trial 906 with value: 15.547757593814149.
trail number 2853
[I 2025-07-18 04:01:48,967] Trial 2853 finished with value: 30.347334647676764 and parameters: {'C': 1180.6389469617784, 'epsilon': 26.3963434162751, 'gamma': 110.8369621075856}. Best is trial 906 with value: 15.547757593814149.
trail number 2855
[I 2025-07-18 04:01:48,991] Trial 2855 finished with value: 44.515122253840936 and parameters: {'C': 13.841576720228346, 'epsilon': 2.550384638242903, 'gamma': 8.209573343203616}. Best is trial 906 with value: 15.547757593814149.
trail number 2854
[I 2025-07-18 04:01:49,133] Trial 2854 finished with value: 17.508597388421855 and parameters: {'C': 55.16690635824827, 'epsilon': 0.17963391427637854, 'gamma': 67.51481404396802}. Best is trial 906 with value: 15.547757593814149.
trail number 2859
[I 2025-07-18 04:01:49,301] Trial 2859 finished with value: 33.0274014690077 and parameters: {'C': 1726.1510245655527, 'epsilon': 35.599888976486966, 'gamma': 179.8208561916256}. Best is trial 906 with value: 15.547757593814149.
trail number 2857
[I 2025-07-18 04:01:49,354] Trial 2857 finished with value: 17.70354419641721 and parameters: {'C': 885.406549549787, 'epsilon': 0.05518299671522431, 'gamma': 42.01831568183828}. Best is trial 906 with value: 15.547757593814149.
trail number 2860
[I 2025-07-18 04:01:49,367] Trial 2860 finished with value: 24.92818729768242 and parameters: {'C': 1201.75897137524, 'epsilon': 15.224045101827421, 'gamma': 140.77465667212078}. Best is trial 906 with value: 15.547757593814149.
trail number 2863
[I 2025-07-18 04:01:49,485] Trial 2863 finished with value: 60.68332963567923 and parameters: {'C': 0.4302169836523717, 'epsilon': 67.85491875903514, 'gamma': 235.97957528921344}. Best is trial 906 with value: 15.547757593814149.
trail number 2858
[I 2025-07-18 04:01:49,595] Trial 2858 finished with value: 20.0158718783518 and parameters: {'C': 1389.8342833569195, 'epsilon': 14.343278581356648, 'gamma': 76.42209420224167}. Best is trial 906 with value: 15.547757593814149.
trail number 2861
[I 2025-07-18 04:01:49,611] Trial 2861 finished with value: 27.7300057213453 and parameters: {'C': 4.9959642429955124, 'epsilon': 0.9549890139943124, 'gamma': 123.99903765669313}. Best is trial 906 with value: 15.547757593814149.
trail number 2862
[I 2025-07-18 04:01:49,823] Trial 2862 finished with value: 19.42369347886685 and parameters: {'C': 679.327771726914, 'epsilon': 12.815462438536635, 'gamma': 64.57405798839103}. Best is trial 906 with value: 15.547757593814149.
trail number 2865
[I 2025-07-18 04:01:49,902] Trial 2865 finished with value: 58.90460266392877 and parameters: {'C': 1850.3284593181352, 'epsilon': 0.8051720266455866, 'gamma': 3.6202115106129114}. Best is trial 906 with value: 15.547757593814149.
trail number 2869
[I 2025-07-18 04:01:49,949] Trial 2869 finished with value: 66.81845208050485 and parameters: {'C': 4718.960708193813, 'epsilon': 90.88607683317883, 'gamma': 120.54563282931286}. Best is trial 906 with value: 15.547757593814149.
trail number 2837
[I 2025-07-18 04:01:49,967] Trial 2837 finished with value: 34.21772850698985 and parameters: {'C': 3884.057905313849, 'epsilon': 5.859906897710822, 'gamma': 306.183554578535}. Best is trial 906 with value: 15.547757593814149.
trail number 2864
[I 2025-07-18 04:01:50,045] Trial 2864 finished with value: 26.625884809482557 and parameters: {'C': 941.4383290162029, 'epsilon': 0.15603754161554367, 'gamma': 155.47481799969418}. Best is trial 906 with value: 15.547757593814149.
trail number 2866
[I 2025-07-18 04:01:50,115] Trial 2866 finished with value: 22.333374006597488 and parameters: {'C': 617.1999644508526, 'epsilon': 14.43266859954791, 'gamma': 134.95586908538758}. Best is trial 906 with value: 15.547757593814149.
trail number 2870
[I 2025-07-18 04:01:50,202] Trial 2870 finished with value: 27.13862002170156 and parameters: {'C': 638.0784890361654, 'epsilon': 22.7039166231524, 'gamma': 184.5001916152429}. Best is trial 906 with value: 15.547757593814149.
trail number 2868
[I 2025-07-18 04:01:50,282] Trial 2868 finished with value: 24.635498805172585 and parameters: {'C': 5.952143039419511, 'epsilon': 1.9469468840468447, 'gamma': 73.88619489770969}. Best is trial 906 with value: 15.547757593814149.
trail number 2871
[I 2025-07-18 04:01:50,538] Trial 2871 finished with value: 54.66461454487288 and parameters: {'C': 740.8536171587483, 'epsilon': 13.231568549103951, 'gamma': 3.4363008955648624}. Best is trial 906 with value: 15.547757593814149.
trail number 2876
[I 2025-07-18 04:01:50,580] Trial 2876 finished with value: 83.457624776086 and parameters: {'C': 4554.688871246247, 'epsilon': 119.32502697341846, 'gamma': 167.27133228969888}. Best is trial 906 with value: 15.547757593814149.
trail number 2867
[I 2025-07-18 04:01:50,633] Trial 2867 finished with value: 21.923205641695823 and parameters: {'C': 1280.6682143562768, 'epsilon': 0.44095963179366826, 'gamma': 68.2717175619508}. Best is trial 906 with value: 15.547757593814149.
trail number 2873
[I 2025-07-18 04:01:50,684] Trial 2873 finished with value: 21.118068892476835 and parameters: {'C': 758.4303082346279, 'epsilon': 13.945167897415587, 'gamma': 95.57975151142983}. Best is trial 906 with value: 15.547757593814149.
trail number 2874
[I 2025-07-18 04:01:50,732] Trial 2874 finished with value: 23.877794490907487 and parameters: {'C': 1328.2941729126705, 'epsilon': 9.897503516602564, 'gamma': 88.26705068761898}. Best is trial 906 with value: 15.547757593814149.
trail number 2872
[I 2025-07-18 04:01:50,785] Trial 2872 finished with value: 21.84165531722803 and parameters: {'C': 1655.1848562152402, 'epsilon': 0.21025576759704645, 'gamma': 55.08176137176335}. Best is trial 906 with value: 15.547757593814149.
trail number 2877
[I 2025-07-18 04:01:50,893] Trial 2877 finished with value: 23.48202683650654 and parameters: {'C': 682.3304112852868, 'epsilon': 28.83677559773447, 'gamma': 55.72317009259148}. Best is trial 906 with value: 15.547757593814149.
trail number 2881
[I 2025-07-18 04:01:50,975] Trial 2881 finished with value: 26.469239573688277 and parameters: {'C': 779.6405100576078, 'epsilon': 29.618942682078995, 'gamma': 89.78330607978889}. Best is trial 906 with value: 15.547757593814149.
trail number 2880
[I 2025-07-18 04:01:51,378] Trial 2880 finished with value: 21.44069765670288 and parameters: {'C': 798.7651648885331, 'epsilon': 0.37381760607765113, 'gamma': 81.22298511572882}. Best is trial 906 with value: 15.547757593814149.
trail number 2875
[I 2025-07-18 04:01:51,391] Trial 2875 finished with value: 23.039342421872956 and parameters: {'C': 1129.0251599724668, 'epsilon': 0.5240337594151041, 'gamma': 81.14034779818232}. Best is trial 906 with value: 15.547757593814149.
trail number 2883
[I 2025-07-18 04:01:51,473] Trial 2883 finished with value: 21.39565990823389 and parameters: {'C': 642.2955766174462, 'epsilon': 0.5083940095040869, 'gamma': 94.67337271661572}. Best is trial 906 with value: 15.547757593814149.
trail number 2878
[I 2025-07-18 04:01:51,532] Trial 2878 finished with value: 44.70137312609877 and parameters: {'C': 4721.878948736539, 'epsilon': 31.883144653690117, 'gamma': 292.1842830163069}. Best is trial 906 with value: 15.547757593814149.
trail number 2884
[I 2025-07-18 04:01:51,733] Trial 2884 finished with value: 47.72690473807026 and parameters: {'C': 556.3327273716118, 'epsilon': 1.2862568531321874, 'gamma': 1.7071130664459133}. Best is trial 906 with value: 15.547757593814149.
trail number 2886
[I 2025-07-18 04:01:51,772] Trial 2886 finished with value: 20.011324060837154 and parameters: {'C': 661.3410655829716, 'epsilon': 15.788056082028369, 'gamma': 76.68586063157473}. Best is trial 906 with value: 15.547757593814149.
trail number 2879
[I 2025-07-18 04:01:51,802] Trial 2879 finished with value: 25.069489153309597 and parameters: {'C': 1048.580944736254, 'epsilon': 0.1687201197097492, 'gamma': 129.42806992296897}. Best is trial 906 with value: 15.547757593814149.
trail number 2885
[I 2025-07-18 04:01:51,882] Trial 2885 finished with value: 19.09208532569321 and parameters: {'C': 23.155377472157063, 'epsilon': 0.5851297646481854, 'gamma': 92.62681439911835}. Best is trial 906 with value: 15.547757593814149.
trail number 2882
[I 2025-07-18 04:01:51,900] Trial 2882 finished with value: 18.197480915428713 and parameters: {'C': 918.7836427015675, 'epsilon': 0.47399904310406865, 'gamma': 51.534501093719456}. Best is trial 906 with value: 15.547757593814149.
trail number 2888
[I 2025-07-18 04:01:52,062] Trial 2888 finished with value: 20.63635006756792 and parameters: {'C': 539.2018882391887, 'epsilon': 14.600524982105672, 'gamma': 85.7890935096041}. Best is trial 906 with value: 15.547757593814149.
trail number 2889
[I 2025-07-18 04:01:52,080] Trial 2889 finished with value: 48.251614696668014 and parameters: {'C': 2632.661347122443, 'epsilon': 35.07010238224444, 'gamma': 410.8627861063129}. Best is trial 906 with value: 15.547757593814149.
trail number 2887
[I 2025-07-18 04:01:52,156] Trial 2887 finished with value: 19.516526775427227 and parameters: {'C': 599.1595510301015, 'epsilon': 10.103815919477169, 'gamma': 66.35888614806939}. Best is trial 906 with value: 15.547757593814149.
trail number 2890
[I 2025-07-18 04:01:52,214] Trial 2890 finished with value: 19.603809474180434 and parameters: {'C': 469.6444423702657, 'epsilon': 15.633550000378115, 'gamma': 47.422857315811775}. Best is trial 906 with value: 15.547757593814149.
trail number 2894
[I 2025-07-18 04:01:52,260] Trial 2894 finished with value: 22.658645643519375 and parameters: {'C': 33.67598406128954, 'epsilon': 18.644285850784968, 'gamma': 101.00797169618625}. Best is trial 906 with value: 15.547757593814149.
trail number 2893
[I 2025-07-18 04:01:52,294] Trial 2893 finished with value: 22.78770831747705 and parameters: {'C': 34.7756982096365, 'epsilon': 16.139644932463913, 'gamma': 26.67592304576781}. Best is trial 906 with value: 15.547757593814149.
trail number 2892
[I 2025-07-18 04:01:52,363] Trial 2892 finished with value: 49.620569665681636 and parameters: {'C': 0.48372382866469366, 'epsilon': 0.3312634189889969, 'gamma': 31.80995065453419}. Best is trial 906 with value: 15.547757593814149.
trail number 2895
[I 2025-07-18 04:01:52,477] Trial 2895 finished with value: 28.30950235423012 and parameters: {'C': 7.4270049031172505, 'epsilon': 15.392591343771592, 'gamma': 140.69153708934604}. Best is trial 906 with value: 15.547757593814149.
trail number 2896
[I 2025-07-18 04:01:52,580] Trial 2896 finished with value: 53.34805125108861 and parameters: {'C': 0.27050755077927136, 'epsilon': 26.080578701382578, 'gamma': 86.58444587383609}. Best is trial 906 with value: 15.547757593814149.
trail number 2898
[I 2025-07-18 04:01:52,635] Trial 2898 finished with value: 18.44074391062974 and parameters: {'C': 46.015415197908766, 'epsilon': 0.03841972662186377, 'gamma': 137.9730360454927}. Best is trial 906 with value: 15.547757593814149.
trail number 2897
[I 2025-07-18 04:01:52,754] Trial 2897 finished with value: 16.946434482282516 and parameters: {'C': 582.5815905384973, 'epsilon': 0.3103559665475698, 'gamma': 46.52627198160785}. Best is trial 906 with value: 15.547757593814149.
trail number 2900
[I 2025-07-18 04:01:52,779] Trial 2900 finished with value: 50.94801110792589 and parameters: {'C': 4157.865374602253, 'epsilon': 55.78722517721305, 'gamma': 452.0788526798748}. Best is trial 906 with value: 15.547757593814149.
trail number 2899
[I 2025-07-18 04:01:52,839] Trial 2899 finished with value: 26.230529504281613 and parameters: {'C': 6.015394328759115, 'epsilon': 1.4050438762571944, 'gamma': 37.9113719706062}. Best is trial 906 with value: 15.547757593814149.
trail number 2891
[I 2025-07-18 04:01:52,882] Trial 2891 finished with value: 20.910589089184064 and parameters: {'C': 1000.3300197418423, 'epsilon': 0.19400660095581979, 'gamma': 68.35197788928112}. Best is trial 906 with value: 15.547757593814149.
trail number 2903
[I 2025-07-18 04:01:53,093] Trial 2903 finished with value: 22.18660455658037 and parameters: {'C': 586.2175702065855, 'epsilon': 12.157639588916531, 'gamma': 106.66040211229392}. Best is trial 906 with value: 15.547757593814149.
trail number 2904
[I 2025-07-18 04:01:53,188] Trial 2904 finished with value: 41.53743206935198 and parameters: {'C': 9.638390337743289, 'epsilon': 17.497604036939922, 'gamma': 13.99048799643893}. Best is trial 906 with value: 15.547757593814149.
trail number 2902
[I 2025-07-18 04:01:53,243] Trial 2902 finished with value: 20.307808934797684 and parameters: {'C': 701.5142321022669, 'epsilon': 0.1470809169555799, 'gamma': 64.82251645797002}. Best is trial 906 with value: 15.547757593814149.
trail number 2905
[I 2025-07-18 04:01:53,302] Trial 2905 finished with value: 19.94421841044857 and parameters: {'C': 14.929258005115173, 'epsilon': 0.9540870325976398, 'gamma': 81.04776809311666}. Best is trial 906 with value: 15.547757593814149.
trail number 2907
[I 2025-07-18 04:01:53,374] Trial 2907 finished with value: 20.45477201987322 and parameters: {'C': 660.2111264693842, 'epsilon': 13.69535228542323, 'gamma': 77.3477203888656}. Best is trial 906 with value: 15.547757593814149.
trail number 2906
[I 2025-07-18 04:01:53,448] Trial 2906 finished with value: 25.643278104521027 and parameters: {'C': 714.3647348318889, 'epsilon': 13.110351645935983, 'gamma': 192.16851585512936}. Best is trial 906 with value: 15.547757593814149.
trail number 2909
[I 2025-07-18 04:01:53,586] Trial 2909 finished with value: 22.664516652503785 and parameters: {'C': 735.7739045510833, 'epsilon': 14.31902415008695, 'gamma': 128.64673786874746}. Best is trial 906 with value: 15.547757593814149.
trail number 2911
[I 2025-07-18 04:01:53,692] Trial 2911 finished with value: 20.41775713239415 and parameters: {'C': 26.329412256668014, 'epsilon': 0.6284607708989967, 'gamma': 163.02841064013518}. Best is trial 906 with value: 15.547757593814149.
trail number 2901
[I 2025-07-18 04:01:53,789] Trial 2901 finished with value: 21.430920735296446 and parameters: {'C': 1204.1684053470883, 'epsilon': 0.04563510263962772, 'gamma': 69.05189684951986}. Best is trial 906 with value: 15.547757593814149.
trail number 2908
[I 2025-07-18 04:01:53,830] Trial 2908 finished with value: 22.8783996222368 and parameters: {'C': 663.4336138701399, 'epsilon': 12.13794579963217, 'gamma': 149.2458271880895}. Best is trial 906 with value: 15.547757593814149.
trail number 2910
[I 2025-07-18 04:01:53,881] Trial 2910 finished with value: 22.99341867891307 and parameters: {'C': 618.3492818007219, 'epsilon': 11.539661241852064, 'gamma': 133.7104575427457}. Best is trial 906 with value: 15.547757593814149.
trail number 2912
[I 2025-07-18 04:01:53,898] Trial 2912 finished with value: 22.387380914690958 and parameters: {'C': 520.2218296051959, 'epsilon': 15.728124279947115, 'gamma': 121.6067142034918}. Best is trial 906 with value: 15.547757593814149.
trail number 2913
[I 2025-07-18 04:01:53,913] Trial 2913 finished with value: 22.83737451646251 and parameters: {'C': 10.79535654737856, 'epsilon': 0.5229224587149415, 'gamma': 115.7824816080273}. Best is trial 906 with value: 15.547757593814149.
trail number 2914
[I 2025-07-18 04:01:53,993] Trial 2914 finished with value: 18.249516059608684 and parameters: {'C': 559.5484067276586, 'epsilon': 13.929521119187452, 'gamma': 58.08004536594504}. Best is trial 906 with value: 15.547757593814149.
trail number 2915
[I 2025-07-18 04:01:54,045] Trial 2915 finished with value: 29.720124155159823 and parameters: {'C': 649.1763045483768, 'epsilon': 27.1067559512585, 'gamma': 166.68205440843434}. Best is trial 906 with value: 15.547757593814149.
trail number 2916
[I 2025-07-18 04:01:54,109] Trial 2916 finished with value: 32.54661880656804 and parameters: {'C': 5.5982512356657566, 'epsilon': 23.236975244359407, 'gamma': 110.45871585371185}. Best is trial 906 with value: 15.547757593814149.
trail number 2922
[I 2025-07-18 04:01:54,154] Trial 2922 finished with value: 81.26984577663463 and parameters: {'C': 3504.2758546795912, 'epsilon': 116.93664722902429, 'gamma': 66.87869097467464}. Best is trial 906 with value: 15.547757593814149.
trail number 2920
[I 2025-07-18 04:01:54,232] Trial 2920 finished with value: 25.205870370646377 and parameters: {'C': 7.126610848562564, 'epsilon': 12.23139126431745, 'gamma': 49.4452055927204}. Best is trial 906 with value: 15.547757593814149.
trail number 2917
[I 2025-07-18 04:01:54,340] Trial 2917 finished with value: 36.77393284201136 and parameters: {'C': 8.358167974471627, 'epsilon': 14.508159352898193, 'gamma': 19.41436830328501}. Best is trial 906 with value: 15.547757593814149.
trail number 2919
[I 2025-07-18 04:01:54,354] Trial 2919 finished with value: 18.739717398448505 and parameters: {'C': 457.1073783002205, 'epsilon': 15.487553784133993, 'gamma': 67.23943752935902}. Best is trial 906 with value: 15.547757593814149.
trail number 2921
