[I 2025-07-18 03:59:37,061] Trial 1247 finished with value: 59.29870763846537 and parameters: {'C': 1524.228464983793, 'epsilon': 0.05035443907207515, 'gamma': 3.9528470677474417}. Best is trial 906 with value: 15.547757593814149.
trail number 1250
[I 2025-07-18 03:59:37,121] Trial 1250 finished with value: 18.149372194093566 and parameters: {'C': 120.55862003452955, 'epsilon': 0.07971796299190448, 'gamma': 134.317373814861}. Best is trial 906 with value: 15.547757593814149.
trail number 1254
[I 2025-07-18 03:59:37,256] Trial 1254 finished with value: 28.951300962751834 and parameters: {'C': 939.0785169826208, 'epsilon': 33.16222806447985, 'gamma': 95.59675560027836}. Best is trial 906 with value: 15.547757593814149.
trail number 1255
[I 2025-07-18 03:59:37,432] Trial 1255 finished with value: 30.658746498477946 and parameters: {'C': 870.0100928289233, 'epsilon': 28.721313454783463, 'gamma': 182.9218936885013}. Best is trial 906 with value: 15.547757593814149.
trail number 1253
[I 2025-07-18 03:59:37,450] Trial 1253 finished with value: 21.939355050615497 and parameters: {'C': 883.2824448706419, 'epsilon': 0.450169590083222, 'gamma': 81.30296036405214}. Best is trial 906 with value: 15.547757593814149.
trail number 1252
[I 2025-07-18 03:59:37,474] Trial 1252 finished with value: 24.216840601489125 and parameters: {'C': 1485.0866929367014, 'epsilon': 2.598503761500448, 'gamma': 71.0963803344494}. Best is trial 906 with value: 15.547757593814149.
trail number 1256
[I 2025-07-18 03:59:37,583] Trial 1256 finished with value: 30.665372537332065 and parameters: {'C': 1154.6900981862746, 'epsilon': 29.466956288370152, 'gamma': 191.52448124078458}. Best is trial 906 with value: 15.547757593814149.
trail number 1251
[I 2025-07-18 03:59:37,713] Trial 1251 finished with value: 25.338839510893866 and parameters: {'C': 1589.0696315556347, 'epsilon': 10.254181856244594, 'gamma': 96.22355342505806}. Best is trial 906 with value: 15.547757593814149.
trail number 1259
[I 2025-07-18 03:59:37,769] Trial 1259 finished with value: 22.908788481588797 and parameters: {'C': 707.3785235272913, 'epsilon': 15.248100595482612, 'gamma': 154.64107566759512}. Best is trial 906 with value: 15.547757593814149.
trail number 1260
[I 2025-07-18 03:59:37,776] Trial 1260 finished with value: 28.213183052801924 and parameters: {'C': 3.6459654707865923, 'epsilon': 0.6112325324035515, 'gamma': 93.4955495563221}. Best is trial 906 with value: 15.547757593814149.
trail number 1263
[I 2025-07-18 03:59:37,939] Trial 1263 finished with value: 30.649352701414166 and parameters: {'C': 5996.680941670585, 'epsilon': 59.477446936895994, 'gamma': 19.259648272767805}. Best is trial 906 with value: 15.547757593814149.
trail number 1258
[I 2025-07-18 03:59:37,980] Trial 1258 finished with value: 23.577688301408248 and parameters: {'C': 994.9813547144524, 'epsilon': 13.889023296527, 'gamma': 145.23642778979666}. Best is trial 906 with value: 15.547757593814149.
trail number 1257
[I 2025-07-18 03:59:38,010] Trial 1257 finished with value: 27.242599493305022 and parameters: {'C': 1602.9923333368788, 'epsilon': 15.471658486206575, 'gamma': 147.2652986646696}. Best is trial 906 with value: 15.547757593814149.
trail number 1262
[I 2025-07-18 03:59:38,065] Trial 1262 finished with value: 22.30848164239608 and parameters: {'C': 46.88295056404803, 'epsilon': 15.386752253856526, 'gamma': 27.317763130488103}. Best is trial 906 with value: 15.547757593814149.
trail number 1265
[I 2025-07-18 03:59:38,136] Trial 1265 finished with value: 21.783255833868353 and parameters: {'C': 38.302513066979174, 'epsilon': 16.08839075225907, 'gamma': 107.72884573828469}. Best is trial 906 with value: 15.547757593814149.
trail number 1269
[I 2025-07-18 03:59:38,292] Trial 1269 finished with value: 22.877430417769098 and parameters: {'C': 14.628217386105575, 'epsilon': 18.186383604559747, 'gamma': 73.22713568079998}. Best is trial 906 with value: 15.547757593814149.
trail number 1261
[I 2025-07-18 03:59:38,383] Trial 1261 finished with value: 18.064479669661665 and parameters: {'C': 642.3831716015861, 'epsilon': 1.3543797981904258, 'gamma': 55.484234278697905}. Best is trial 906 with value: 15.547757593814149.
trail number 1267
[I 2025-07-18 03:59:38,456] Trial 1267 finished with value: 41.652531321837984 and parameters: {'C': 1.5011659641644712, 'epsilon': 0.9846760604356031, 'gamma': 30.834499235454295}. Best is trial 906 with value: 15.547757593814149.
trail number 1266
[I 2025-07-18 03:59:38,503] Trial 1266 finished with value: 17.542407795659667 and parameters: {'C': 804.4373991936571, 'epsilon': 0.36224191364341873, 'gamma': 42.649451224462894}. Best is trial 906 with value: 15.547757593814149.
trail number 1268
[I 2025-07-18 03:59:38,530] Trial 1268 finished with value: 20.136288649671126 and parameters: {'C': 632.6310889373915, 'epsilon': 14.79854460377501, 'gamma': 41.55136742538895}. Best is trial 906 with value: 15.547757593814149.
trail number 1264
[I 2025-07-18 03:59:38,689] Trial 1264 finished with value: 20.745030751329484 and parameters: {'C': 882.0219919818012, 'epsilon': 0.31418204661454974, 'gamma': 67.76799174816026}. Best is trial 906 with value: 15.547757593814149.
trail number 1273
[I 2025-07-18 03:59:38,757] Trial 1273 finished with value: 44.02130993844058 and parameters: {'C': 58.584480082159814, 'epsilon': 15.903085763076046, 'gamma': 14.884735674054596}. Best is trial 906 with value: 15.547757593814149.
trail number 1270
[I 2025-07-18 03:59:39,006] Trial 1270 finished with value: 24.178419194741885 and parameters: {'C': 878.4688061259934, 'epsilon': 1.4650907457607176, 'gamma': 139.27825569908873}. Best is trial 906 with value: 15.547757593814149.
trail number 1276
[I 2025-07-18 03:59:39,090] Trial 1276 finished with value: 19.935360829263693 and parameters: {'C': 41.51606358327034, 'epsilon': 0.20045544250737668, 'gamma': 176.92290072573553}. Best is trial 906 with value: 15.547757593814149.
trail number 1275
[I 2025-07-18 03:59:39,111] Trial 1275 finished with value: 44.97697316172609 and parameters: {'C': 62.364701133772144, 'epsilon': 15.304267512433562, 'gamma': 14.207541856147344}. Best is trial 906 with value: 15.547757593814149.
trail number 1271
[I 2025-07-18 03:59:39,121] Trial 1271 finished with value: 21.976396901888034 and parameters: {'C': 570.0365167265084, 'epsilon': 0.787948499456979, 'gamma': 24.461419624481607}. Best is trial 906 with value: 15.547757593814149.
trail number 1274
[I 2025-07-18 03:59:39,138] Trial 1274 finished with value: 18.96121144032049 and parameters: {'C': 179.531139959592, 'epsilon': 0.06433212055362347, 'gamma': 119.1430590299397}. Best is trial 906 with value: 15.547757593814149.
trail number 1279
[I 2025-07-18 03:59:39,234] Trial 1279 finished with value: 77.81651927741089 and parameters: {'C': 439.7656028128672, 'epsilon': 118.42387335085986, 'gamma': 4.704531613775231}. Best is trial 906 with value: 15.547757593814149.
trail number 1277
[I 2025-07-18 03:59:39,254] Trial 1277 finished with value: 27.092065804953393 and parameters: {'C': 909.7885945144438, 'epsilon': 31.292959430167876, 'gamma': 95.93363426715709}. Best is trial 906 with value: 15.547757593814149.
trail number 1272
[I 2025-07-18 03:59:39,402] Trial 1272 finished with value: 21.513306470690914 and parameters: {'C': 1422.6683040242503, 'epsilon': 0.10274074978559566, 'gamma': 63.43701679074709}. Best is trial 906 with value: 15.547757593814149.
trail number 1282
[I 2025-07-18 03:59:39,416] Trial 1282 finished with value: 24.00364525346424 and parameters: {'C': 23.44420938730221, 'epsilon': 19.380423620723846, 'gamma': 116.37690216117045}. Best is trial 906 with value: 15.547757593814149.
trail number 1278
[I 2025-07-18 03:59:39,436] Trial 1278 finished with value: 22.62868827160418 and parameters: {'C': 942.7269299903942, 'epsilon': 32.61709095446195, 'gamma': 33.139190797847455}. Best is trial 906 with value: 15.547757593814149.
trail number 1285
[I 2025-07-18 03:59:39,464] Trial 1285 finished with value: 69.78451380126359 and parameters: {'C': 5960.241905835911, 'epsilon': 92.7960842919112, 'gamma': 314.50442513079486}. Best is trial 906 with value: 15.547757593814149.
trail number 1281
[I 2025-07-18 03:59:39,477] Trial 1281 finished with value: 22.719097474739407 and parameters: {'C': 20.375787824301412, 'epsilon': 14.46075942505401, 'gamma': 129.0585224969182}. Best is trial 906 with value: 15.547757593814149.
trail number 1280
[I 2025-07-18 03:59:39,551] Trial 1280 finished with value: 20.635999437744836 and parameters: {'C': 703.781204278175, 'epsilon': 17.58334287832956, 'gamma': 83.33343515032666}. Best is trial 906 with value: 15.547757593814149.
trail number 1283
[I 2025-07-18 03:59:39,642] Trial 1283 finished with value: 30.868669793394012 and parameters: {'C': 4.178394860512611, 'epsilon': 10.456640912033905, 'gamma': 173.28357350065139}. Best is trial 906 with value: 15.547757593814149.
trail number 1284
[I 2025-07-18 03:59:39,731] Trial 1284 finished with value: 55.269184597046795 and parameters: {'C': 837.0720279361673, 'epsilon': 14.5630831831777, 'gamma': 3.677945693312026}. Best is trial 906 with value: 15.547757593814149.
trail number 1287
[I 2025-07-18 03:59:39,740] Trial 1287 finished with value: 27.987225975493214 and parameters: {'C': 5.9478316371794335, 'epsilon': 0.632312048476771, 'gamma': 33.596290301353626}. Best is trial 906 with value: 15.547757593814149.
trail number 1288
[I 2025-07-18 03:59:39,787] Trial 1288 finished with value: 21.305744012666764 and parameters: {'C': 27.682009861459996, 'epsilon': 15.651899243227401, 'gamma': 89.22217276303184}. Best is trial 906 with value: 15.547757593814149.
trail number 1292
[I 2025-07-18 03:59:40,046] Trial 1292 finished with value: 20.592581168916567 and parameters: {'C': 593.1419489051275, 'epsilon': 14.718407893720547, 'gamma': 84.79820559613674}. Best is trial 906 with value: 15.547757593814149.
trail number 1291
[I 2025-07-18 03:59:40,086] Trial 1291 finished with value: 22.725793057272615 and parameters: {'C': 926.1767762377958, 'epsilon': 13.179279423834036, 'gamma': 118.14406316452613}. Best is trial 906 with value: 15.547757593814149.
trail number 1290
[I 2025-07-18 03:59:40,110] Trial 1290 finished with value: 21.329450231722426 and parameters: {'C': 734.8350230853487, 'epsilon': 16.006310282630054, 'gamma': 91.44670689750451}. Best is trial 906 with value: 15.547757593814149.
trail number 1289
[I 2025-07-18 03:59:40,156] Trial 1289 finished with value: 22.642080817030227 and parameters: {'C': 669.5880259694037, 'epsilon': 16.41602880874838, 'gamma': 132.03102837564805}. Best is trial 906 with value: 15.547757593814149.
trail number 1295
[I 2025-07-18 03:59:40,411] Trial 1295 finished with value: 46.5689348948534 and parameters: {'C': 182.70353515309654, 'epsilon': 0.06203449802638006, 'gamma': 12.165691599701958}. Best is trial 906 with value: 15.547757593814149.
trail number 1286
[I 2025-07-18 03:59:40,464] Trial 1286 finished with value: 22.572013122376895 and parameters: {'C': 990.0131499971257, 'epsilon': 0.25741147210177334, 'gamma': 84.79941531517711}. Best is trial 906 with value: 15.547757593814149.
trail number 1296
[I 2025-07-18 03:59:40,485] Trial 1296 finished with value: 22.70783161048859 and parameters: {'C': 13.55084634845187, 'epsilon': 12.668455518150267, 'gamma': 36.45240591851975}. Best is trial 906 with value: 15.547757593814149.
trail number 1294
[I 2025-07-18 03:59:40,544] Trial 1294 finished with value: 19.971126193632767 and parameters: {'C': 577.4184316470114, 'epsilon': 0.1919507507788616, 'gamma': 70.79456483015012}. Best is trial 906 with value: 15.547757593814149.
trail number 1293
[I 2025-07-18 03:59:40,613] Trial 1293 finished with value: 17.328971700499032 and parameters: {'C': 790.3595071825705, 'epsilon': 0.6076341002962036, 'gamma': 40.649329454258776}. Best is trial 906 with value: 15.547757593814149.
trail number 1297
[I 2025-07-18 03:59:40,634] Trial 1297 finished with value: 22.531607520348153 and parameters: {'C': 792.5052331874608, 'epsilon': 18.004521325366373, 'gamma': 32.1215786198871}. Best is trial 906 with value: 15.547757593814149.
trail number 1298
[I 2025-07-18 03:59:40,749] Trial 1298 finished with value: 17.80996175593603 and parameters: {'C': 97.01553025373096, 'epsilon': 0.5846879899754929, 'gamma': 116.84925483812732}. Best is trial 906 with value: 15.547757593814149.
trail number 1301
[I 2025-07-18 03:59:40,862] Trial 1301 finished with value: 46.47897832265082 and parameters: {'C': 434.4519821199781, 'epsilon': 0.5043428249745037, 'gamma': 1.309951423084243}. Best is trial 906 with value: 15.547757593814149.
trail number 1302
[I 2025-07-18 03:59:40,948] Trial 1302 finished with value: 21.522259340634996 and parameters: {'C': 45.95322154164798, 'epsilon': 14.434586167376402, 'gamma': 110.90021936605852}. Best is trial 906 with value: 15.547757593814149.
trail number 1300
[I 2025-07-18 03:59:41,002] Trial 1300 finished with value: 17.154887921517286 and parameters: {'C': 72.61295481804163, 'epsilon': 1.1863443578305657, 'gamma': 97.69450895108814}. Best is trial 906 with value: 15.547757593814149.
trail number 1303
[I 2025-07-18 03:59:41,056] Trial 1303 finished with value: 45.8432356668796 and parameters: {'C': 0.7476900694645536, 'epsilon': 12.010639346088714, 'gamma': 94.92661625106037}. Best is trial 906 with value: 15.547757593814149.
trail number 1304
[I 2025-07-18 03:59:41,099] Trial 1304 finished with value: 18.25644248358102 and parameters: {'C': 92.69014453894737, 'epsilon': 1.2425388499861385, 'gamma': 122.64626194921681}. Best is trial 906 with value: 15.547757593814149.
trail number 1306
[I 2025-07-18 03:59:41,277] Trial 1306 finished with value: 20.552778321995415 and parameters: {'C': 32.775431561069524, 'epsilon': 14.943205505644, 'gamma': 51.33429761859375}. Best is trial 906 with value: 15.547757593814149.
trail number 1309
[I 2025-07-18 03:59:41,413] Trial 1309 finished with value: 17.955645206266784 and parameters: {'C': 697.1907418024775, 'epsilon': 13.892174198692956, 'gamma': 49.120810486945565}. Best is trial 906 with value: 15.547757593814149.
trail number 1307
[I 2025-07-18 03:59:41,421] Trial 1307 finished with value: 20.30472200197581 and parameters: {'C': 643.9067818656804, 'epsilon': 16.279190813688647, 'gamma': 83.9497046876191}. Best is trial 906 with value: 15.547757593814149.
trail number 1308
[I 2025-07-18 03:59:41,561] Trial 1308 finished with value: 17.793628568902598 and parameters: {'C': 52.20071964170067, 'epsilon': 1.3872812714156049, 'gamma': 111.03441071025648}. Best is trial 906 with value: 15.547757593814149.
trail number 1299
[I 2025-07-18 03:59:41,779] Trial 1299 finished with value: 28.125135115192215 and parameters: {'C': 1379.158587981392, 'epsilon': 0.4097702156007438, 'gamma': 138.67041816565137}. Best is trial 906 with value: 15.547757593814149.
trail number 1305
[I 2025-07-18 03:59:41,791] Trial 1305 finished with value: 30.4312231678878 and parameters: {'C': 5349.0519747814515, 'epsilon': 30.214815650035412, 'gamma': 180.3647247880686}. Best is trial 906 with value: 15.547757593814149.
trail number 1312
[I 2025-07-18 03:59:41,887] Trial 1312 finished with value: 18.3287756656158 and parameters: {'C': 37.04845868887714, 'epsilon': 0.5305155959629885, 'gamma': 58.73213852453743}. Best is trial 906 with value: 15.547757593814149.
trail number 1311
[I 2025-07-18 03:59:42,027] Trial 1311 finished with value: 22.993270184651085 and parameters: {'C': 827.6419441941187, 'epsilon': 2.331556326954825, 'gamma': 136.9695601087878}. Best is trial 906 with value: 15.547757593814149.
trail number 1317
[I 2025-07-18 03:59:42,152] Trial 1317 finished with value: 54.931464420636814 and parameters: {'C': 3738.227922465533, 'epsilon': 74.38980030630255, 'gamma': 100.30096750705525}. Best is trial 906 with value: 15.547757593814149.
trail number 1310
[I 2025-07-18 03:59:42,227] Trial 1310 finished with value: 26.21704745519271 and parameters: {'C': 988.9158759852422, 'epsilon': 0.22018439503058607, 'gamma': 145.66365211106555}. Best is trial 906 with value: 15.547757593814149.
trail number 1313
[I 2025-07-18 03:59:42,249] Trial 1313 finished with value: 53.14942177894255 and parameters: {'C': 4674.314701835479, 'epsilon': 36.26412192078214, 'gamma': 447.54121272219794}. Best is trial 906 with value: 15.547757593814149.
trail number 1314
[I 2025-07-18 03:59:42,427] Trial 1314 finished with value: 18.878035993739516 and parameters: {'C': 918.9036969535003, 'epsilon': 12.975123979431839, 'gamma': 54.72962624932359}. Best is trial 906 with value: 15.547757593814149.
trail number 1316
[I 2025-07-18 03:59:42,474] Trial 1316 finished with value: 21.74290977288007 and parameters: {'C': 1620.026630514576, 'epsilon': 18.12168685428691, 'gamma': 62.07832501798997}. Best is trial 906 with value: 15.547757593814149.
trail number 1320
[I 2025-07-18 03:59:42,523] Trial 1320 finished with value: 19.387017827243593 and parameters: {'C': 565.9113653202547, 'epsilon': 32.84184272042766, 'gamma': 31.285153351634825}. Best is trial 906 with value: 15.547757593814149.
trail number 1319
[I 2025-07-18 03:59:42,548] Trial 1319 finished with value: 31.484032222258577 and parameters: {'C': 3.5315283076549804, 'epsilon': 16.805131514158845, 'gamma': 74.01928888029884}. Best is trial 906 with value: 15.547757593814149.
trail number 1315
[I 2025-07-18 03:59:42,617] Trial 1315 finished with value: 23.603874346647153 and parameters: {'C': 781.8661412163469, 'epsilon': 0.5919148055903799, 'gamma': 136.47003023065673}. Best is trial 906 with value: 15.547757593814149.
trail number 1318
[I 2025-07-18 03:59:42,695] Trial 1318 finished with value: 22.29890701421988 and parameters: {'C': 686.184711914257, 'epsilon': 0.22839196764692915, 'gamma': 126.3873653454697}. Best is trial 906 with value: 15.547757593814149.
trail number 1321
[I 2025-07-18 03:59:42,722] Trial 1321 finished with value: 27.885050829712704 and parameters: {'C': 6.753664550310049, 'epsilon': 16.14559916560582, 'gamma': 103.4566910689511}. Best is trial 906 with value: 15.547757593814149.
trail number 1325
[I 2025-07-18 03:59:42,887] Trial 1325 finished with value: 22.11756014683913 and parameters: {'C': 47.99956417771196, 'epsilon': 2.772720447202257, 'gamma': 24.78328677635926}. Best is trial 906 with value: 15.547757593814149.
trail number 1328
[I 2025-07-18 03:59:42,922] Trial 1328 finished with value: 71.04360997766427 and parameters: {'C': 2622.730200270605, 'epsilon': 96.32273003251079, 'gamma': 225.37137989045533}. Best is trial 906 with value: 15.547757593814149.
trail number 1324
[I 2025-07-18 03:59:42,940] Trial 1324 finished with value: 19.209523356623297 and parameters: {'C': 59.93126163047371, 'epsilon': 9.425840746632975, 'gamma': 36.77311736499185}. Best is trial 906 with value: 15.547757593814149.
trail number 1322
[I 2025-07-18 03:59:42,948] Trial 1322 finished with value: 46.32895140514479 and parameters: {'C': 52.81984598265518, 'epsilon': 3.314207363196957, 'gamma': 3.937023266334677}. Best is trial 906 with value: 15.547757593814149.
trail number 1326
[I 2025-07-18 03:59:42,995] Trial 1326 finished with value: 18.269033858082658 and parameters: {'C': 636.1679782840155, 'epsilon': 13.838986260883686, 'gamma': 45.38104419494695}. Best is trial 906 with value: 15.547757593814149.
trail number 1330
[I 2025-07-18 03:59:43,126] Trial 1330 finished with value: 31.647684802595315 and parameters: {'C': 76.81372512558622, 'epsilon': 35.329114506458, 'gamma': 180.37294482266117}. Best is trial 906 with value: 15.547757593814149.
trail number 1329
[I 2025-07-18 03:59:43,233] Trial 1329 finished with value: 50.82364240698926 and parameters: {'C': 600.6365223222595, 'epsilon': 10.651519031573795, 'gamma': 2.553042333979384}. Best is trial 906 with value: 15.547757593814149.
trail number 1331
[I 2025-07-18 03:59:43,325] Trial 1331 finished with value: 23.108568947876975 and parameters: {'C': 30.874770785653638, 'epsilon': 11.876516851569551, 'gamma': 236.17576724309333}. Best is trial 906 with value: 15.547757593814149.
trail number 1334
[I 2025-07-18 03:59:43,360] Trial 1334 finished with value: 50.05039816462159 and parameters: {'C': 4487.7134464969995, 'epsilon': 64.89761281934281, 'gamma': 190.68890145275958}. Best is trial 906 with value: 15.547757593814149.
trail number 1327
[I 2025-07-18 03:59:43,465] Trial 1327 finished with value: 17.06530618134236 and parameters: {'C': 635.197138524488, 'epsilon': 0.6733931793073378, 'gamma': 48.11467755703445}. Best is trial 906 with value: 15.547757593814149.
trail number 1332
[I 2025-07-18 03:59:43,521] Trial 1332 finished with value: 19.750343320229852 and parameters: {'C': 617.9831905829807, 'epsilon': 0.2881181947690573, 'gamma': 35.79255603043169}. Best is trial 906 with value: 15.547757593814149.
trail number 1333
[I 2025-07-18 03:59:43,580] Trial 1333 finished with value: 19.276297999592593 and parameters: {'C': 599.215943226553, 'epsilon': 15.298445281935537, 'gamma': 48.192290122399285}. Best is trial 906 with value: 15.547757593814149.
trail number 1338
[I 2025-07-18 03:59:43,636] Trial 1338 finished with value: 37.826892127077464 and parameters: {'C': 5.414123872568382, 'epsilon': 31.892354635406658, 'gamma': 127.46370413922831}. Best is trial 906 with value: 15.547757593814149.
trail number 1323
[I 2025-07-18 03:59:43,778] Trial 1323 finished with value: 43.965097517641546 and parameters: {'C': 3066.303538821799, 'epsilon': 23.27914588423628, 'gamma': 489.2719952548364}. Best is trial 906 with value: 15.547757593814149.
trail number 1335
[I 2025-07-18 03:59:43,799] Trial 1335 finished with value: 17.097406928546995 and parameters: {'C': 50.84496688081406, 'epsilon': 2.0076717866533924, 'gamma': 73.16232652590395}. Best is trial 906 with value: 15.547757593814149.
trail number 1339
