[I 2025-07-18 04:00:26,439] Trial 1868 finished with value: 37.924163232330194 and parameters: {'C': 2.2643462312870497, 'epsilon': 14.44043504786549, 'gamma': 37.36310787807173}. Best is trial 906 with value: 15.547757593814149.
trail number 1866
[I 2025-07-18 04:00:26,509] Trial 1866 finished with value: 18.391052421971896 and parameters: {'C': 113.70212205771378, 'epsilon': 0.4221813028917403, 'gamma': 145.15990419793607}. Best is trial 906 with value: 15.547757593814149.
trail number 1860
[I 2025-07-18 04:00:26,519] Trial 1860 finished with value: 16.740404789255678 and parameters: {'C': 579.73192315347, 'epsilon': 0.14514348248212758, 'gamma': 43.58345122935549}. Best is trial 906 with value: 15.547757593814149.
trail number 1871
[I 2025-07-18 04:00:26,561] Trial 1871 finished with value: 28.459578457144353 and parameters: {'C': 29.16230313213029, 'epsilon': 30.548949237814803, 'gamma': 99.83008485672885}. Best is trial 906 with value: 15.547757593814149.
trail number 1869
[I 2025-07-18 04:00:26,573] Trial 1869 finished with value: 28.674438563605634 and parameters: {'C': 695.8987677350852, 'epsilon': 25.54443177332366, 'gamma': 128.52324880323187}. Best is trial 906 with value: 15.547757593814149.
trail number 1867
[I 2025-07-18 04:00:26,671] Trial 1867 finished with value: 18.239340254971626 and parameters: {'C': 57.958236381638116, 'epsilon': 1.059441276619451, 'gamma': 140.37152393372227}. Best is trial 906 with value: 15.547757593814149.
trail number 1874
[I 2025-07-18 04:00:26,779] Trial 1874 finished with value: 23.227559417631568 and parameters: {'C': 18.28019439655688, 'epsilon': 14.425798868013903, 'gamma': 138.66205533029301}. Best is trial 906 with value: 15.547757593814149.
trail number 1875
[I 2025-07-18 04:00:27,023] Trial 1875 finished with value: 23.798144164807884 and parameters: {'C': 7.424783445936555, 'epsilon': 1.1430069955705118, 'gamma': 95.92095119388942}. Best is trial 906 with value: 15.547757593814149.
trail number 1870
[I 2025-07-18 04:00:27,036] Trial 1870 finished with value: 46.43294190489043 and parameters: {'C': 821.4493703669108, 'epsilon': 0.07891567757688056, 'gamma': 12.550093937682973}. Best is trial 906 with value: 15.547757593814149.
trail number 1873
[I 2025-07-18 04:00:27,053] Trial 1873 finished with value: 18.899049127163728 and parameters: {'C': 41.34238901395078, 'epsilon': 0.14778345035166174, 'gamma': 145.49853432315564}. Best is trial 906 with value: 15.547757593814149.
trail number 1872
[I 2025-07-18 04:00:27,195] Trial 1872 finished with value: 18.76098612813909 and parameters: {'C': 1509.6953461165353, 'epsilon': 0.6265666452519536, 'gamma': 45.99507243116194}. Best is trial 906 with value: 15.547757593814149.
trail number 1876
[I 2025-07-18 04:00:27,286] Trial 1876 finished with value: 22.22101904695146 and parameters: {'C': 636.0444411441292, 'epsilon': 10.492423065946628, 'gamma': 111.45220323224612}. Best is trial 906 with value: 15.547757593814149.
trail number 1878
[I 2025-07-18 04:00:27,465] Trial 1878 finished with value: 47.98720056417173 and parameters: {'C': 16.80838043050045, 'epsilon': 20.02492502043576, 'gamma': 4.836862383592788}. Best is trial 906 with value: 15.547757593814149.
trail number 1880
[I 2025-07-18 04:00:27,503] Trial 1880 finished with value: 48.12694931169871 and parameters: {'C': 665.4710647862657, 'epsilon': 20.947613964305383, 'gamma': 1.400098633516592}. Best is trial 906 with value: 15.547757593814149.
trail number 1881
[I 2025-07-18 04:00:27,514] Trial 1881 finished with value: 21.32952141306407 and parameters: {'C': 716.9952540308096, 'epsilon': 11.753413722754448, 'gamma': 76.14984217377634}. Best is trial 906 with value: 15.547757593814149.
trail number 1883
[I 2025-07-18 04:00:27,931] Trial 1883 finished with value: 21.51449888495409 and parameters: {'C': 34.50134842245997, 'epsilon': 1.2218591132398051, 'gamma': 28.428545359441145}. Best is trial 906 with value: 15.547757593814149.
trail number 1879
[I 2025-07-18 04:00:27,967] Trial 1879 finished with value: 21.18719263537778 and parameters: {'C': 586.7499907604432, 'epsilon': 0.9538437922285359, 'gamma': 84.47755238674597}. Best is trial 906 with value: 15.547757593814149.
trail number 1885
[I 2025-07-18 04:00:28,104] Trial 1885 finished with value: 17.58259589007771 and parameters: {'C': 712.1447349477443, 'epsilon': 0.5992544920616885, 'gamma': 52.111193934497166}. Best is trial 906 with value: 15.547757593814149.
trail number 1882
[I 2025-07-18 04:00:28,123] Trial 1882 finished with value: 17.61347806630178 and parameters: {'C': 633.3299440296245, 'epsilon': 1.1651920478068598, 'gamma': 53.7124959845243}. Best is trial 906 with value: 15.547757593814149.
trail number 1884
[I 2025-07-18 04:00:28,130] Trial 1884 finished with value: 16.5956672575183 and parameters: {'C': 207.33993167978196, 'epsilon': 0.35780177390847695, 'gamma': 70.07237978578063}. Best is trial 906 with value: 15.547757593814149.
trail number 1877
[I 2025-07-18 04:00:28,407] Trial 1877 finished with value: 31.869649153356157 and parameters: {'C': 2574.9480640744387, 'epsilon': 5.683266711680169, 'gamma': 463.36963659795333}. Best is trial 906 with value: 15.547757593814149.
trail number 1890
[I 2025-07-18 04:00:28,429] Trial 1890 finished with value: 23.392440877059748 and parameters: {'C': 579.4896018130788, 'epsilon': 25.752021773051386, 'gamma': 64.50608337219329}. Best is trial 906 with value: 15.547757593814149.
trail number 1891
[I 2025-07-18 04:00:28,558] Trial 1891 finished with value: 31.762871620041693 and parameters: {'C': 9.594535076480895, 'epsilon': 28.050203219923084, 'gamma': 42.58945004386179}. Best is trial 906 with value: 15.547757593814149.
trail number 1889
[I 2025-07-18 04:00:28,655] Trial 1889 finished with value: 16.572855329975532 and parameters: {'C': 77.75963916622645, 'epsilon': 0.7384791784003433, 'gamma': 70.05748702222895}. Best is trial 906 with value: 15.547757593814149.
trail number 1888
[I 2025-07-18 04:00:28,701] Trial 1888 finished with value: 22.949101373536966 and parameters: {'C': 949.8422725700411, 'epsilon': 0.11620314066004322, 'gamma': 91.79005090996645}. Best is trial 906 with value: 15.547757593814149.
trail number 1887
[I 2025-07-18 04:00:28,813] Trial 1887 finished with value: 29.62271899930709 and parameters: {'C': 1272.749867755138, 'epsilon': 7.951352964751135, 'gamma': 192.67374702718962}. Best is trial 906 with value: 15.547757593814149.
trail number 1893
[I 2025-07-18 04:00:28,877] Trial 1893 finished with value: 21.14585198915368 and parameters: {'C': 569.4841058962168, 'epsilon': 14.00292580587026, 'gamma': 31.89715910749667}. Best is trial 906 with value: 15.547757593814149.
trail number 1896
[I 2025-07-18 04:00:28,968] Trial 1896 finished with value: 50.59206499720573 and parameters: {'C': 2838.3517831989393, 'epsilon': 58.26624252171686, 'gamma': 332.47252090026035}. Best is trial 906 with value: 15.547757593814149.
trail number 1886
[I 2025-07-18 04:00:29,001] Trial 1886 finished with value: 24.241445289802954 and parameters: {'C': 1245.3932871272184, 'epsilon': 0.7744262729698428, 'gamma': 121.28067761427053}. Best is trial 906 with value: 15.547757593814149.
trail number 1895
[I 2025-07-18 04:00:29,179] Trial 1895 finished with value: 18.431431538638616 and parameters: {'C': 35.682876727463125, 'epsilon': 0.2518930952937727, 'gamma': 59.81853258817513}. Best is trial 906 with value: 15.547757593814149.
trail number 1897
[I 2025-07-18 04:00:29,190] Trial 1897 finished with value: 17.398073973260413 and parameters: {'C': 71.84989234257709, 'epsilon': 1.2670818480726593, 'gamma': 54.584668285881605}. Best is trial 906 with value: 15.547757593814149.
trail number 1898
[I 2025-07-18 04:00:29,340] Trial 1898 finished with value: 55.96092897542968 and parameters: {'C': 866.4981793432942, 'epsilon': 0.19815598982360583, 'gamma': 6.394358990877507}. Best is trial 906 with value: 15.547757593814149.
trail number 1894
[I 2025-07-18 04:00:29,402] Trial 1894 finished with value: 22.531934972508505 and parameters: {'C': 1283.4976388977927, 'epsilon': 11.808062211170917, 'gamma': 87.70078200222306}. Best is trial 906 with value: 15.547757593814149.
trail number 1899
[I 2025-07-18 04:00:29,460] Trial 1899 finished with value: 19.88788581028761 and parameters: {'C': 697.6216502691332, 'epsilon': 15.839402507583996, 'gamma': 69.90628595455445}. Best is trial 906 with value: 15.547757593814149.
trail number 1900
[I 2025-07-18 04:00:29,508] Trial 1900 finished with value: 27.10237359524521 and parameters: {'C': 6.040537398018927, 'epsilon': 14.564590918979714, 'gamma': 77.33973578596326}. Best is trial 906 with value: 15.547757593814149.
trail number 1902
[I 2025-07-18 04:00:29,565] Trial 1902 finished with value: 30.827842943301096 and parameters: {'C': 3.1107085404678116, 'epsilon': 11.67002337594344, 'gamma': 66.75348233120971}. Best is trial 906 with value: 15.547757593814149.
trail number 1892
[I 2025-07-18 04:00:29,628] Trial 1892 finished with value: 23.733392244708774 and parameters: {'C': 917.7460418145207, 'epsilon': 0.2855016301742823, 'gamma': 128.5238118476654}. Best is trial 906 with value: 15.547757593814149.
trail number 1901
[I 2025-07-18 04:00:29,814] Trial 1901 finished with value: 29.982465905054084 and parameters: {'C': 2367.45457105061, 'epsilon': 9.204886689330566, 'gamma': 13.484860096823638}. Best is trial 906 with value: 15.547757593814149.
trail number 1906
[I 2025-07-18 04:00:29,832] Trial 1906 finished with value: 46.24117913655557 and parameters: {'C': 51.10591673212817, 'epsilon': 9.942965866088048, 'gamma': 1.1628630924881804}. Best is trial 906 with value: 15.547757593814149.
trail number 1903
[I 2025-07-18 04:00:29,944] Trial 1903 finished with value: 18.119932019635932 and parameters: {'C': 753.8119788507506, 'epsilon': 14.537158280366391, 'gamma': 56.611142726525884}. Best is trial 906 with value: 15.547757593814149.
trail number 1905
[I 2025-07-18 04:00:29,972] Trial 1905 finished with value: 19.827018574470603 and parameters: {'C': 23.72076260488403, 'epsilon': 0.665674278983282, 'gamma': 43.91176098944261}. Best is trial 906 with value: 15.547757593814149.
trail number 1904
[I 2025-07-18 04:00:29,983] Trial 1904 finished with value: 22.617745005493806 and parameters: {'C': 629.1612176643966, 'epsilon': 12.57260116509699, 'gamma': 129.55118030941787}. Best is trial 906 with value: 15.547757593814149.
trail number 1909
[I 2025-07-18 04:00:30,178] Trial 1909 finished with value: 19.45549252117666 and parameters: {'C': 19.040994887559577, 'epsilon': 1.4001930867051067, 'gamma': 68.88451407887425}. Best is trial 906 with value: 15.547757593814149.
trail number 1912
[I 2025-07-18 04:00:30,298] Trial 1912 finished with value: 28.140632011420912 and parameters: {'C': 556.331146385661, 'epsilon': 25.743794603414642, 'gamma': 121.00273661000207}. Best is trial 906 with value: 15.547757593814149.
trail number 1908
[I 2025-07-18 04:00:30,407] Trial 1908 finished with value: 22.57153617448524 and parameters: {'C': 693.2554202508928, 'epsilon': 0.49072936109995313, 'gamma': 110.54806891102774}. Best is trial 906 with value: 15.547757593814149.
trail number 1907
[I 2025-07-18 04:00:30,417] Trial 1907 finished with value: 33.9774679623662 and parameters: {'C': 2780.6513955023975, 'epsilon': 15.785582762990565, 'gamma': 202.2491788172237}. Best is trial 906 with value: 15.547757593814149.
trail number 1911
[I 2025-07-18 04:00:30,531] Trial 1911 finished with value: 17.808361914048668 and parameters: {'C': 84.40558390740219, 'epsilon': 0.38296517260223073, 'gamma': 105.44228836843985}. Best is trial 906 with value: 15.547757593814149.
trail number 1910
[I 2025-07-18 04:00:30,612] Trial 1910 finished with value: 50.33685866363358 and parameters: {'C': 577.9455167738499, 'epsilon': 0.1712450048548, 'gamma': 12.325761116696235}. Best is trial 906 with value: 15.547757593814149.
trail number 1913
[I 2025-07-18 04:00:30,709] Trial 1913 finished with value: 18.77173793842687 and parameters: {'C': 46.59652132598909, 'epsilon': 0.26133493741907965, 'gamma': 148.3171254697084}. Best is trial 906 with value: 15.547757593814149.
trail number 1915
[I 2025-07-18 04:00:30,799] Trial 1915 finished with value: 22.627575479122537 and parameters: {'C': 780.1971066065139, 'epsilon': 12.715320841396316, 'gamma': 131.86749735356912}. Best is trial 906 with value: 15.547757593814149.
trail number 1917
[I 2025-07-18 04:00:30,998] Trial 1917 finished with value: 22.798733505396186 and parameters: {'C': 8.400514482756591, 'epsilon': 0.2717170598187343, 'gamma': 77.88408199137805}. Best is trial 906 with value: 15.547757593814149.
trail number 1914
[I 2025-07-18 04:00:31,069] Trial 1914 finished with value: 17.84188683539663 and parameters: {'C': 983.0392732509076, 'epsilon': 12.380369033278928, 'gamma': 43.99718594472947}. Best is trial 906 with value: 15.547757593814149.
trail number 1920
[I 2025-07-18 04:00:31,114] Trial 1920 finished with value: 17.051027298453825 and parameters: {'C': 64.44534097871605, 'epsilon': 0.293996035980324, 'gamma': 76.59541924477482}. Best is trial 906 with value: 15.547757593814149.
trail number 1918
[I 2025-07-18 04:00:31,135] Trial 1918 finished with value: 24.368350478815042 and parameters: {'C': 1393.3333971439883, 'epsilon': 23.14485495232661, 'gamma': 49.45117560480162}. Best is trial 906 with value: 15.547757593814149.
trail number 1919
[I 2025-07-18 04:00:31,173] Trial 1919 finished with value: 20.790697491331553 and parameters: {'C': 762.5381020124785, 'epsilon': 18.617622276807445, 'gamma': 60.96906236640026}. Best is trial 906 with value: 15.547757593814149.
trail number 1916
[I 2025-07-18 04:00:31,331] Trial 1916 finished with value: 19.539273573930522 and parameters: {'C': 1542.5232576790038, 'epsilon': 0.06519673855482866, 'gamma': 47.56069841508575}. Best is trial 906 with value: 15.547757593814149.
trail number 1923
[I 2025-07-18 04:00:31,446] Trial 1923 finished with value: 21.725506811114048 and parameters: {'C': 796.6336141943119, 'epsilon': 14.76584044389683, 'gamma': 114.09429353380307}. Best is trial 906 with value: 15.547757593814149.
trail number 1924
[I 2025-07-18 04:00:31,493] Trial 1924 finished with value: 25.337620337943115 and parameters: {'C': 7.946263910590616, 'epsilon': 12.14719447488785, 'gamma': 99.0283769473894}. Best is trial 906 with value: 15.547757593814149.
trail number 1921
[I 2025-07-18 04:00:31,546] Trial 1921 finished with value: 46.55547759592992 and parameters: {'C': 536.2063240942504, 'epsilon': 0.6178454470961254, 'gamma': 1.216375307084121}. Best is trial 906 with value: 15.547757593814149.
trail number 1925
[I 2025-07-18 04:00:31,603] Trial 1925 finished with value: 43.32210141998361 and parameters: {'C': 6.9039940765539995, 'epsilon': 11.841649916727391, 'gamma': 12.046612344872116}. Best is trial 906 with value: 15.547757593814149.
trail number 1922
[I 2025-07-18 04:00:31,651] Trial 1922 finished with value: 20.66555760607435 and parameters: {'C': 825.7667102322104, 'epsilon': 13.510184875359634, 'gamma': 85.00926110382434}. Best is trial 906 with value: 15.547757593814149.
trail number 1926
[I 2025-07-18 04:00:31,686] Trial 1926 finished with value: 53.957389414240666 and parameters: {'C': 1478.6907365535044, 'epsilon': 21.26311813313501, 'gamma': 2.4481560770382274}. Best is trial 906 with value: 15.547757593814149.
trail number 1929
[I 2025-07-18 04:00:31,864] Trial 1929 finished with value: 21.880870723870792 and parameters: {'C': 91.31125849705656, 'epsilon': 17.83988901821361, 'gamma': 128.2936126982358}. Best is trial 906 with value: 15.547757593814149.
trail number 1927
[I 2025-07-18 04:00:32,031] Trial 1927 finished with value: 23.028468478755595 and parameters: {'C': 794.6154596098521, 'epsilon': 0.3498974820619356, 'gamma': 103.23121703025342}. Best is trial 906 with value: 15.547757593814149.
trail number 1934
[I 2025-07-18 04:00:32,059] Trial 1934 finished with value: 81.46097265914696 and parameters: {'C': 1719.31418958685, 'epsilon': 116.16327687597833, 'gamma': 110.83453279587445}. Best is trial 906 with value: 15.547757593814149.
trail number 1933
[I 2025-07-18 04:00:32,150] Trial 1933 finished with value: 37.76797737019247 and parameters: {'C': 1044.9059291876324, 'epsilon': 38.85793893209635, 'gamma': 273.97074858664354}. Best is trial 906 with value: 15.547757593814149.
trail number 1932
[I 2025-07-18 04:00:32,269] Trial 1932 finished with value: 18.773685836656345 and parameters: {'C': 739.6956563512049, 'epsilon': 0.05362184498257605, 'gamma': 55.53794412794909}. Best is trial 906 with value: 15.547757593814149.
trail number 1937
[I 2025-07-18 04:00:32,493] Trial 1937 finished with value: 51.417915735551105 and parameters: {'C': 22.77890041782547, 'epsilon': 30.277605888965315, 'gamma': 0.8653706090494637}. Best is trial 906 with value: 15.547757593814149.
trail number 1928
[I 2025-07-18 04:00:32,539] Trial 1928 finished with value: 22.442139399101727 and parameters: {'C': 843.0791472890317, 'epsilon': 0.06740153056124343, 'gamma': 113.57679567358382}. Best is trial 906 with value: 15.547757593814149.
trail number 1935
[I 2025-07-18 04:00:32,683] Trial 1935 finished with value: 27.746832939794388 and parameters: {'C': 866.649403388354, 'epsilon': 2.3226046671881977, 'gamma': 187.24876150903958}. Best is trial 906 with value: 15.547757593814149.
trail number 1931
[I 2025-07-18 04:00:32,792] Trial 1931 finished with value: 29.199820631787606 and parameters: {'C': 1255.7194127670539, 'epsilon': 2.912215753245909, 'gamma': 177.48194689694367}. Best is trial 906 with value: 15.547757593814149.
trail number 1938
[I 2025-07-18 04:00:32,806] Trial 1938 finished with value: 22.221025359692213 and parameters: {'C': 580.1015109772676, 'epsilon': 14.5082284529221, 'gamma': 136.53491711681215}. Best is trial 906 with value: 15.547757593814149.
trail number 1939
[I 2025-07-18 04:00:32,870] Trial 1939 finished with value: 21.487769918987514 and parameters: {'C': 36.32091331853535, 'epsilon': 15.420539412205246, 'gamma': 102.07078310346476}. Best is trial 906 with value: 15.547757593814149.
trail number 1940
[I 2025-07-18 04:00:32,970] Trial 1940 finished with value: 46.64931841145493 and parameters: {'C': 96.4789407128397, 'epsilon': 1.5199628525319966, 'gamma': 6.428895408919935}. Best is trial 906 with value: 15.547757593814149.
trail number 1941
[I 2025-07-18 04:00:33,021] Trial 1941 finished with value: 26.641557304510663 and parameters: {'C': 986.2207504774282, 'epsilon': 30.523781315928716, 'gamma': 94.05592701127885}. Best is trial 906 with value: 15.547757593814149.
trail number 1942
[I 2025-07-18 04:00:33,073] Trial 1942 finished with value: 25.89404400895229 and parameters: {'C': 21.946650848002278, 'epsilon': 18.122326783234918, 'gamma': 183.5744345086706}. Best is trial 906 with value: 15.547757593814149.
trail number 1943
[I 2025-07-18 04:00:33,173] Trial 1943 finished with value: 24.894641095791837 and parameters: {'C': 1125.5344712402339, 'epsilon': 30.7574045316252, 'gamma': 68.98392727204373}. Best is trial 906 with value: 15.547757593814149.
trail number 1930
[I 2025-07-18 04:00:33,200] Trial 1930 finished with value: 24.284389378772 and parameters: {'C': 1533.8672032981713, 'epsilon': 0.4833861542641662, 'gamma': 111.15019916014458}. Best is trial 906 with value: 15.547757593814149.
trail number 1946
[I 2025-07-18 04:00:33,279] Trial 1946 finished with value: 29.982827849727165 and parameters: {'C': 20.912417693245033, 'epsilon': 29.24823541300342, 'gamma': 117.97400821474723}. Best is trial 906 with value: 15.547757593814149.
trail number 1945
[I 2025-07-18 04:00:33,294] Trial 1945 finished with value: 50.35562962639446 and parameters: {'C': 2.48289822099386, 'epsilon': 10.01650145639963, 'gamma': 2.62912934632665}. Best is trial 906 with value: 15.547757593814149.
trail number 1944
[I 2025-07-18 04:00:33,294] Trial 1944 finished with value: 44.95715073811276 and parameters: {'C': 568.744627281343, 'epsilon': 0.3340323584038518, 'gamma': 0.9650349696842895}. Best is trial 906 with value: 15.547757593814149.
trail number 1936
[I 2025-07-18 04:00:33,388] Trial 1936 finished with value: 28.26835372008088 and parameters: {'C': 1268.493991283493, 'epsilon': 1.1250525533697957, 'gamma': 212.76780011830425}. Best is trial 906 with value: 15.547757593814149.
trail number 1949
[I 2025-07-18 04:00:33,605] Trial 1949 finished with value: 22.36704898953979 and parameters: {'C': 23.373124948581605, 'epsilon': 17.47234659252004, 'gamma': 100.09345168141613}. Best is trial 906 with value: 15.547757593814149.
trail number 1951
[I 2025-07-18 04:00:33,619] Trial 1951 finished with value: 20.89083239622501 and parameters: {'C': 579.803490663031, 'epsilon': 14.824516923623039, 'gamma': 90.46037447477781}. Best is trial 906 with value: 15.547757593814149.
trail number 1950
[I 2025-07-18 04:00:33,627] Trial 1950 finished with value: 20.404347465389236 and parameters: {'C': 638.5268308315863, 'epsilon': 13.095920528798086, 'gamma': 73.8468053733482}. Best is trial 906 with value: 15.547757593814149.
trail number 1948
[I 2025-07-18 04:00:33,688] Trial 1948 finished with value: 18.411128922419206 and parameters: {'C': 693.8209464089654, 'epsilon': 13.94855805371738, 'gamma': 57.11382536209701}. Best is trial 906 with value: 15.547757593814149.
trail number 1947
[I 2025-07-18 04:00:33,739] Trial 1947 finished with value: 21.770296751289447 and parameters: {'C': 835.6716697716375, 'epsilon': 14.518732121389585, 'gamma': 108.33452334585566}. Best is trial 906 with value: 15.547757593814149.
trail number 1955
[I 2025-07-18 04:00:34,009] Trial 1955 finished with value: 46.721473255521545 and parameters: {'C': 5593.221690069138, 'epsilon': 43.80089701101347, 'gamma': 288.74265460416694}. Best is trial 906 with value: 15.547757593814149.
trail number 1953
