[I 2025-07-18 03:59:06,249] Trial 892 finished with value: 22.559128480398076 and parameters: {'C': 752.7237818983094, 'epsilon': 0.39963704153456503, 'gamma': 111.49886295286976}. Best is trial 331 with value: 15.7197636232894.
trail number 895
[I 2025-07-18 03:59:06,279] Trial 895 finished with value: 21.86619984718599 and parameters: {'C': 731.2685166613505, 'epsilon': 14.223612321837857, 'gamma': 121.05192519272254}. Best is trial 331 with value: 15.7197636232894.
trail number 898
[I 2025-07-18 03:59:06,389] Trial 898 finished with value: 18.89963881196656 and parameters: {'C': 31.68820665786705, 'epsilon': 1.235640952500823, 'gamma': 117.62202192440432}. Best is trial 331 with value: 15.7197636232894.
trail number 900
[I 2025-07-18 03:59:06,449] Trial 900 finished with value: 47.64681220232025 and parameters: {'C': 330.0342401257861, 'epsilon': 1.262737420445732, 'gamma': 1.7232702753828022}. Best is trial 331 with value: 15.7197636232894.
trail number 902
[I 2025-07-18 03:59:06,586] Trial 902 finished with value: 17.319303158171973 and parameters: {'C': 100.08914586202891, 'epsilon': 0.7575749570265162, 'gamma': 102.00387695612594}. Best is trial 331 with value: 15.7197636232894.
trail number 904
[I 2025-07-18 03:59:06,595] Trial 904 finished with value: 30.07417501894483 and parameters: {'C': 106.65386615901056, 'epsilon': 38.68657969768132, 'gamma': 85.74605248665775}. Best is trial 331 with value: 15.7197636232894.
trail number 899
[I 2025-07-18 03:59:06,602] Trial 899 finished with value: 17.807429973441952 and parameters: {'C': 47.74434553745354, 'epsilon': 1.049131267457119, 'gamma': 102.53851277581906}. Best is trial 331 with value: 15.7197636232894.
trail number 905
[I 2025-07-18 03:59:06,709] Trial 905 finished with value: 17.509364446731215 and parameters: {'C': 37.33646754990223, 'epsilon': 3.0251184987454627, 'gamma': 75.84676328103508}. Best is trial 331 with value: 15.7197636232894.
trail number 901
[I 2025-07-18 03:59:06,721] Trial 901 finished with value: 20.32535381460692 and parameters: {'C': 91.08768894078703, 'epsilon': 0.23430749438931162, 'gamma': 31.349453173906973}. Best is trial 331 with value: 15.7197636232894.
trail number 906
[I 2025-07-18 03:59:06,903] Trial 906 finished with value: 15.547757593814149 and parameters: {'C': 153.13084854077272, 'epsilon': 2.2015430743925792, 'gamma': 65.76808523668737}. Best is trial 906 with value: 15.547757593814149.
trail number 907
[I 2025-07-18 03:59:07,061] Trial 907 finished with value: 37.92563436402474 and parameters: {'C': 24.579766397588102, 'epsilon': 1.527765208651743, 'gamma': 15.780819599379072}. Best is trial 906 with value: 15.547757593814149.
trail number 910
[I 2025-07-18 03:59:07,162] Trial 910 finished with value: 22.112273913850338 and parameters: {'C': 11.328248858778224, 'epsilon': 2.3335800128905984, 'gamma': 44.30535852168008}. Best is trial 906 with value: 15.547757593814149.
trail number 911
[I 2025-07-18 03:59:07,197] Trial 911 finished with value: 48.729276859496714 and parameters: {'C': 1123.7197620794077, 'epsilon': 20.218482565332806, 'gamma': 1.651637318534597}. Best is trial 906 with value: 15.547757593814149.
trail number 909
[I 2025-07-18 03:59:07,464] Trial 909 finished with value: 28.372613354916286 and parameters: {'C': 1605.3404457691709, 'epsilon': 11.09702668194419, 'gamma': 167.0224789484428}. Best is trial 906 with value: 15.547757593814149.
trail number 912
[I 2025-07-18 03:59:07,520] Trial 912 finished with value: 20.733271803877493 and parameters: {'C': 20.759199868639513, 'epsilon': 1.7776787410696155, 'gamma': 38.065694427533245}. Best is trial 906 with value: 15.547757593814149.
trail number 914
[I 2025-07-18 03:59:07,544] Trial 914 finished with value: 18.290775103806826 and parameters: {'C': 955.080594980859, 'epsilon': 14.285840267859541, 'gamma': 52.5555763443049}. Best is trial 906 with value: 15.547757593814149.
trail number 908
[I 2025-07-18 03:59:07,690] Trial 908 finished with value: 21.72298328537267 and parameters: {'C': 901.6753040680342, 'epsilon': 0.8473630191475401, 'gamma': 74.67437308264682}. Best is trial 906 with value: 15.547757593814149.
trail number 917
[I 2025-07-18 03:59:08,080] Trial 917 finished with value: 20.67800071229484 and parameters: {'C': 881.6347978256754, 'epsilon': 1.1539365822089616, 'gamma': 63.150447437129706}. Best is trial 906 with value: 15.547757593814149.
trail number 915
[I 2025-07-18 03:59:08,440] Trial 915 finished with value: 26.26360475245111 and parameters: {'C': 2024.2655459309003, 'epsilon': 2.107360475791554, 'gamma': 70.91894258610763}. Best is trial 906 with value: 15.547757593814149.
trail number 916
[I 2025-07-18 03:59:08,460] Trial 916 finished with value: 20.690399749046314 and parameters: {'C': 835.8987659349921, 'epsilon': 0.09872877215910858, 'gamma': 61.03491913563657}. Best is trial 906 with value: 15.547757593814149.
trail number 919
[I 2025-07-18 03:59:08,516] Trial 919 finished with value: 20.343332129772467 and parameters: {'C': 1690.111989488946, 'epsilon': 14.142397491083475, 'gamma': 39.66517642203489}. Best is trial 906 with value: 15.547757593814149.
trail number 921
[I 2025-07-18 03:59:08,678] Trial 921 finished with value: 37.72360482806477 and parameters: {'C': 105.09967168932735, 'epsilon': 38.6195837006759, 'gamma': 356.4243693343433}. Best is trial 906 with value: 15.547757593814149.
trail number 922
[I 2025-07-18 03:59:08,687] Trial 922 finished with value: 21.67156754267005 and parameters: {'C': 60.2483105496151, 'epsilon': 19.055331188522896, 'gamma': 90.50269463628172}. Best is trial 906 with value: 15.547757593814149.
trail number 913
[I 2025-07-18 03:59:08,819] Trial 913 finished with value: 28.00190600266772 and parameters: {'C': 2063.5187738229324, 'epsilon': 2.5628445695085382, 'gamma': 122.78967767180622}. Best is trial 906 with value: 15.547757593814149.
trail number 924
[I 2025-07-18 03:59:08,921] Trial 924 finished with value: 48.2186953445059 and parameters: {'C': 36.40473756318818, 'epsilon': 20.121878305221472, 'gamma': 1.144628210843699}. Best is trial 906 with value: 15.547757593814149.
trail number 925
[I 2025-07-18 03:59:09,097] Trial 925 finished with value: 24.372615364798953 and parameters: {'C': 41.56587688397363, 'epsilon': 21.671549599199597, 'gamma': 120.9201988351401}. Best is trial 906 with value: 15.547757593814149.
trail number 923
[I 2025-07-18 03:59:09,127] Trial 923 finished with value: 21.771777742396218 and parameters: {'C': 726.1483190224042, 'epsilon': 16.558991108932123, 'gamma': 113.58156521195632}. Best is trial 906 with value: 15.547757593814149.
trail number 926
[I 2025-07-18 03:59:09,191] Trial 926 finished with value: 19.037060931788417 and parameters: {'C': 620.9319025569455, 'epsilon': 13.967422543029816, 'gamma': 65.78638285696874}. Best is trial 906 with value: 15.547757593814149.
trail number 920
[I 2025-07-18 03:59:09,210] Trial 920 finished with value: 29.39288856787501 and parameters: {'C': 1279.4336095908523, 'epsilon': 1.3353918881172508, 'gamma': 154.50661904883685}. Best is trial 906 with value: 15.547757593814149.
trail number 929
[I 2025-07-18 03:59:09,377] Trial 929 finished with value: 20.710655803951706 and parameters: {'C': 59.5267582715839, 'epsilon': 18.37009703726503, 'gamma': 76.33789545773647}. Best is trial 906 with value: 15.547757593814149.
trail number 930
[I 2025-07-18 03:59:09,412] Trial 930 finished with value: 20.016582877215413 and parameters: {'C': 60.80295056093961, 'epsilon': 14.771067765567036, 'gamma': 81.72337745696032}. Best is trial 906 with value: 15.547757593814149.
trail number 927
[I 2025-07-18 03:59:09,419] Trial 927 finished with value: 21.976721443802106 and parameters: {'C': 22.951145799497397, 'epsilon': 16.179777664486124, 'gamma': 44.39857872321257}. Best is trial 906 with value: 15.547757593814149.
trail number 918
[I 2025-07-18 03:59:09,525] Trial 918 finished with value: 26.329075525139352 and parameters: {'C': 2095.190029933963, 'epsilon': 2.6421357872765037, 'gamma': 73.03541272481951}. Best is trial 906 with value: 15.547757593814149.
trail number 934
[I 2025-07-18 03:59:09,784] Trial 934 finished with value: 23.82466492142119 and parameters: {'C': 891.757668965537, 'epsilon': 35.10658839147193, 'gamma': 47.60549889482537}. Best is trial 906 with value: 15.547757593814149.
trail number 903
[I 2025-07-18 03:59:09,820] Trial 903 finished with value: 37.41833987686732 and parameters: {'C': 4721.281153778658, 'epsilon': 2.967966787200986, 'gamma': 427.7931222137612}. Best is trial 906 with value: 15.547757593814149.
trail number 931
[I 2025-07-18 03:59:09,829] Trial 931 finished with value: 29.826002530350923 and parameters: {'C': 19.23374379146128, 'epsilon': 1.2572444250975676, 'gamma': 20.925055414585614}. Best is trial 906 with value: 15.547757593814149.
trail number 932
[I 2025-07-18 03:59:09,904] Trial 932 finished with value: 17.310950389080492 and parameters: {'C': 783.722420723979, 'epsilon': 0.651055228266963, 'gamma': 47.02390732707114}. Best is trial 906 with value: 15.547757593814149.
trail number 938
[I 2025-07-18 03:59:10,020] Trial 938 finished with value: 55.25603357263975 and parameters: {'C': 2761.3319248855537, 'epsilon': 66.86446676581335, 'gamma': 433.01499008849464}. Best is trial 906 with value: 15.547757593814149.
trail number 928
[I 2025-07-18 03:59:10,049] Trial 928 finished with value: 22.038337680300852 and parameters: {'C': 867.9906857405842, 'epsilon': 0.17173444400803756, 'gamma': 86.16047182682568}. Best is trial 906 with value: 15.547757593814149.
trail number 936
[I 2025-07-18 03:59:10,205] Trial 936 finished with value: 23.408613610052264 and parameters: {'C': 861.3294321196025, 'epsilon': 13.968865649303229, 'gamma': 137.58985337656225}. Best is trial 906 with value: 15.547757593814149.
trail number 933
[I 2025-07-18 03:59:10,265] Trial 933 finished with value: 21.488916926362574 and parameters: {'C': 742.0937520127438, 'epsilon': 1.3273610441957704, 'gamma': 78.75417469101114}. Best is trial 906 with value: 15.547757593814149.
trail number 935
[I 2025-07-18 03:59:10,298] Trial 935 finished with value: 16.944406455045126 and parameters: {'C': 68.92885536508066, 'epsilon': 0.46510527690784564, 'gamma': 86.21509090781379}. Best is trial 906 with value: 15.547757593814149.
trail number 937
[I 2025-07-18 03:59:10,385] Trial 937 finished with value: 20.805247196898414 and parameters: {'C': 747.623191919547, 'epsilon': 14.683882071289098, 'gamma': 38.96972220517463}. Best is trial 906 with value: 15.547757593814149.
trail number 939
[I 2025-07-18 03:59:10,395] Trial 939 finished with value: 20.785762946880272 and parameters: {'C': 607.2713036574534, 'epsilon': 10.585047105622191, 'gamma': 81.71246052179865}. Best is trial 906 with value: 15.547757593814149.
trail number 940
[I 2025-07-18 03:59:10,501] Trial 940 finished with value: 21.35106828486657 and parameters: {'C': 16.81968072512754, 'epsilon': 0.4884732597529611, 'gamma': 37.79474841553093}. Best is trial 906 with value: 15.547757593814149.
trail number 942
[I 2025-07-18 03:59:10,602] Trial 942 finished with value: 20.314593290458333 and parameters: {'C': 38.638111330987826, 'epsilon': 13.374845070870386, 'gamma': 80.95285307105753}. Best is trial 906 with value: 15.547757593814149.
trail number 945
[I 2025-07-18 03:59:10,672] Trial 945 finished with value: 45.43363805976366 and parameters: {'C': 1150.2801631194818, 'epsilon': 17.88619168256023, 'gamma': 0.5226603533106271}. Best is trial 906 with value: 15.547757593814149.
trail number 941
[I 2025-07-18 03:59:10,711] Trial 941 finished with value: 20.756098649909575 and parameters: {'C': 714.1218766473029, 'epsilon': 0.414607617966374, 'gamma': 76.153390897203}. Best is trial 906 with value: 15.547757593814149.
trail number 944
[I 2025-07-18 03:59:10,901] Trial 944 finished with value: 22.81369131803891 and parameters: {'C': 730.5594210246435, 'epsilon': 13.063645462976075, 'gamma': 18.22163977673859}. Best is trial 906 with value: 15.547757593814149.
trail number 949
[I 2025-07-18 03:59:10,961] Trial 949 finished with value: 29.232646611893216 and parameters: {'C': 3.6929518489714894, 'epsilon': 10.168706289216528, 'gamma': 111.0519183522936}. Best is trial 906 with value: 15.547757593814149.
trail number 951
[I 2025-07-18 03:59:10,998] Trial 951 finished with value: 78.82786313015852 and parameters: {'C': 1812.1998268814875, 'epsilon': 106.76163422806479, 'gamma': 492.585549574663}. Best is trial 906 with value: 15.547757593814149.
trail number 943
[I 2025-07-18 03:59:11,157] Trial 943 finished with value: 23.041836298007826 and parameters: {'C': 850.9252293859471, 'epsilon': 0.0385193725558346, 'gamma': 18.191474712387922}. Best is trial 906 with value: 15.547757593814149.
trail number 946
[I 2025-07-18 03:59:11,165] Trial 946 finished with value: 53.59978598559203 and parameters: {'C': 1707.1627580711788, 'epsilon': 0.07189537169938154, 'gamma': 2.4981962907418307}. Best is trial 906 with value: 15.547757593814149.
trail number 950
[I 2025-07-18 03:59:11,195] Trial 950 finished with value: 25.394429276836195 and parameters: {'C': 9.408291675125085, 'epsilon': 16.812473250853117, 'gamma': 82.42166775319917}. Best is trial 906 with value: 15.547757593814149.
trail number 948
[I 2025-07-18 03:59:11,283] Trial 948 finished with value: 21.753960010058204 and parameters: {'C': 1098.0188255492208, 'epsilon': 0.03791452726633393, 'gamma': 78.15902655739741}. Best is trial 906 with value: 15.547757593814149.
trail number 947
[I 2025-07-18 03:59:11,348] Trial 947 finished with value: 24.18677279225264 and parameters: {'C': 810.320251917029, 'epsilon': 0.9194951994436658, 'gamma': 17.372970081247345}. Best is trial 906 with value: 15.547757593814149.
trail number 955
[I 2025-07-18 03:59:11,385] Trial 955 finished with value: 33.39207386833125 and parameters: {'C': 21.16842646207084, 'epsilon': 37.088942809534664, 'gamma': 42.172776906650206}. Best is trial 906 with value: 15.547757593814149.
trail number 956
[I 2025-07-18 03:59:11,573] Trial 956 finished with value: 21.430875813190347 and parameters: {'C': 612.6628309297806, 'epsilon': 13.32654919643253, 'gamma': 87.10766842744437}. Best is trial 906 with value: 15.547757593814149.
trail number 954
[I 2025-07-18 03:59:11,605] Trial 954 finished with value: 30.796266249751948 and parameters: {'C': 1415.7420000949987, 'epsilon': 28.04315531163789, 'gamma': 120.06656565189269}. Best is trial 906 with value: 15.547757593814149.
trail number 959
[I 2025-07-18 03:59:11,712] Trial 959 finished with value: 50.524940099819204 and parameters: {'C': 5099.884693697076, 'epsilon': 62.710265370328045, 'gamma': 295.4529844879735}. Best is trial 906 with value: 15.547757593814149.
trail number 952
[I 2025-07-18 03:59:11,767] Trial 952 finished with value: 28.2302859369818 and parameters: {'C': 836.4213795542227, 'epsilon': 0.6213451109712189, 'gamma': 175.94176088479685}. Best is trial 906 with value: 15.547757593814149.
trail number 953
[I 2025-07-18 03:59:11,862] Trial 953 finished with value: 23.688662062388904 and parameters: {'C': 933.4111851229394, 'epsilon': 11.630174547422158, 'gamma': 132.29740461095048}. Best is trial 906 with value: 15.547757593814149.
trail number 961
[I 2025-07-18 03:59:11,909] Trial 961 finished with value: 19.801310091043266 and parameters: {'C': 60.30113973782599, 'epsilon': 15.756195782083486, 'gamma': 64.87907175671553}. Best is trial 906 with value: 15.547757593814149.
trail number 960
[I 2025-07-18 03:59:11,930] Trial 960 finished with value: 31.096672268876397 and parameters: {'C': 1033.6266125539044, 'epsilon': 22.791918099098755, 'gamma': 251.24464882446313}. Best is trial 906 with value: 15.547757593814149.
trail number 957
[I 2025-07-18 03:59:11,978] Trial 957 finished with value: 23.444346401294336 and parameters: {'C': 777.1278067576966, 'epsilon': 12.040102817659815, 'gamma': 115.75039889059622}. Best is trial 906 with value: 15.547757593814149.
trail number 964
[I 2025-07-18 03:59:12,090] Trial 964 finished with value: 20.467879068922674 and parameters: {'C': 63.043183772612096, 'epsilon': 17.52665130930435, 'gamma': 78.5916890924726}. Best is trial 906 with value: 15.547757593814149.
trail number 963
[I 2025-07-18 03:59:12,171] Trial 963 finished with value: 23.432228264833505 and parameters: {'C': 18.195946964347257, 'epsilon': 16.609334873526986, 'gamma': 120.93707535870685}. Best is trial 906 with value: 15.547757593814149.
trail number 966
[I 2025-07-18 03:59:12,239] Trial 966 finished with value: 30.504392732876415 and parameters: {'C': 840.2737506443897, 'epsilon': 35.293438839150475, 'gamma': 124.74768634137749}. Best is trial 906 with value: 15.547757593814149.
trail number 965
[I 2025-07-18 03:59:12,286] Trial 965 finished with value: 22.102807351696747 and parameters: {'C': 858.2220622211809, 'epsilon': 14.162651840443699, 'gamma': 113.8986432849074}. Best is trial 906 with value: 15.547757593814149.
trail number 962
[I 2025-07-18 03:59:12,307] Trial 962 finished with value: 21.66488749687727 and parameters: {'C': 833.8644187197818, 'epsilon': 17.562870019287757, 'gamma': 95.81468011899102}. Best is trial 906 with value: 15.547757593814149.
trail number 967
[I 2025-07-18 03:59:12,408] Trial 967 finished with value: 19.261270738488538 and parameters: {'C': 745.028450158824, 'epsilon': 13.437614983664181, 'gamma': 58.414395222287936}. Best is trial 906 with value: 15.547757593814149.
trail number 972
[I 2025-07-18 03:59:12,582] Trial 972 finished with value: 23.182482209190734 and parameters: {'C': 16.393188774625358, 'epsilon': 17.55975626823668, 'gamma': 51.008367703324396}. Best is trial 906 with value: 15.547757593814149.
trail number 968
[I 2025-07-18 03:59:12,609] Trial 968 finished with value: 18.016660220235632 and parameters: {'C': 28.76879944323045, 'epsilon': 4.131443832203161, 'gamma': 83.18217555175283}. Best is trial 906 with value: 15.547757593814149.
trail number 971
[I 2025-07-18 03:59:12,789] Trial 971 finished with value: 20.727152531161487 and parameters: {'C': 703.030340094841, 'epsilon': 14.535856931871374, 'gamma': 19.941391563567812}. Best is trial 906 with value: 15.547757593814149.
trail number 970
[I 2025-07-18 03:59:12,799] Trial 970 finished with value: 21.18873024879362 and parameters: {'C': 586.908184127831, 'epsilon': 1.6056715503679388, 'gamma': 84.16852156866342}. Best is trial 906 with value: 15.547757593814149.
trail number 976
[I 2025-07-18 03:59:12,825] Trial 976 finished with value: 73.9212681715347 and parameters: {'C': 1402.1075203691767, 'epsilon': 102.0017103743024, 'gamma': 151.90317537173024}. Best is trial 906 with value: 15.547757593814149.
trail number 973
[I 2025-07-18 03:59:13,087] Trial 973 finished with value: 20.531911221525124 and parameters: {'C': 525.3327611951986, 'epsilon': 0.21510748148049608, 'gamma': 87.07418020716595}. Best is trial 906 with value: 15.547757593814149.
trail number 975
[I 2025-07-18 03:59:13,153] Trial 975 finished with value: 22.262725766963406 and parameters: {'C': 26.779176277368492, 'epsilon': 17.66333059655176, 'gamma': 29.129351295837118}. Best is trial 906 with value: 15.547757593814149.
trail number 977
[I 2025-07-18 03:59:13,435] Trial 977 finished with value: 23.04959676903453 and parameters: {'C': 839.3340699586457, 'epsilon': 0.7875303672037568, 'gamma': 102.43304168761199}. Best is trial 906 with value: 15.547757593814149.
trail number 969
[I 2025-07-18 03:59:13,448] Trial 969 finished with value: 29.492970212596305 and parameters: {'C': 1073.469614558577, 'epsilon': 0.40960380587042383, 'gamma': 176.41154289256662}. Best is trial 906 with value: 15.547757593814149.
trail number 974
[I 2025-07-18 03:59:13,464] Trial 974 finished with value: 21.660288670779828 and parameters: {'C': 795.0311471165163, 'epsilon': 0.24479231863777628, 'gamma': 86.96226260032472}. Best is trial 906 with value: 15.547757593814149.
trail number 979
[I 2025-07-18 03:59:13,523] Trial 979 finished with value: 21.578358179788495 and parameters: {'C': 80.25008105545206, 'epsilon': 12.844597229727327, 'gamma': 149.22074668153658}. Best is trial 906 with value: 15.547757593814149.
trail number 978
[I 2025-07-18 03:59:13,672] Trial 978 finished with value: 24.243504273410995 and parameters: {'C': 875.9598238696641, 'epsilon': 2.5114294222895635, 'gamma': 140.3795752379724}. Best is trial 906 with value: 15.547757593814149.
trail number 980
[I 2025-07-18 03:59:13,713] Trial 980 finished with value: 17.87675027517311 and parameters: {'C': 52.882936591832305, 'epsilon': 4.479031149727607, 'gamma': 89.38482850469632}. Best is trial 906 with value: 15.547757593814149.
trail number 985
[I 2025-07-18 03:59:13,839] Trial 985 finished with value: 53.46023716692356 and parameters: {'C': 3086.8614458656834, 'epsilon': 98.0508569782761, 'gamma': 15.213458921318846}. Best is trial 906 with value: 15.547757593814149.
trail number 982
[I 2025-07-18 03:59:13,923] Trial 982 finished with value: 46.823904400757115 and parameters: {'C': 29.831258422955372, 'epsilon': 1.7907723224074414, 'gamma': 4.588065344722509}. Best is trial 906 with value: 15.547757593814149.
trail number 983
[I 2025-07-18 03:59:13,981] Trial 983 finished with value: 21.001886139135635 and parameters: {'C': 14.6604506835629, 'epsilon': 3.863014130602902, 'gamma': 42.15193386979537}. Best is trial 906 with value: 15.547757593814149.
trail number 984
[I 2025-07-18 03:59:13,998] Trial 984 finished with value: 15.857502942329532 and parameters: {'C': 151.2760404991904, 'epsilon': 2.425692205614161, 'gamma': 73.08306584908799}. Best is trial 906 with value: 15.547757593814149.
trail number 981
[I 2025-07-18 03:59:14,071] Trial 981 finished with value: 19.313713539609726 and parameters: {'C': 219.31792980144624, 'epsilon': 0.4833474108499246, 'gamma': 121.52868528078578}. Best is trial 906 with value: 15.547757593814149.
trail number 986
