[I 2025-07-18 03:58:02,152] Trial 90 finished with value: 43.63142082119855 and parameters: {'C': 63.71066501244412, 'epsilon': 14.127271092730352, 'gamma': 14.798529311669128}. Best is trial 83 with value: 17.312421264610112.
trail number 92
[I 2025-07-18 03:58:02,268] Trial 92 finished with value: 46.30993619740681 and parameters: {'C': 178.4036756923225, 'epsilon': 3.3670165337135796, 'gamma': 1.4324965025036676}. Best is trial 83 with value: 17.312421264610112.
trail number 89
[I 2025-07-18 03:58:02,329] Trial 89 finished with value: 18.125229772115553 and parameters: {'C': 1530.7107041965562, 'epsilon': 4.5816839315232745, 'gamma': 40.23210503917988}. Best is trial 83 with value: 17.312421264610112.
trail number 93
[I 2025-07-18 03:58:02,337] Trial 93 finished with value: 20.930432218079776 and parameters: {'C': 28.027101949053332, 'epsilon': 14.877250895464314, 'gamma': 51.75880609978535}. Best is trial 83 with value: 17.312421264610112.
trail number 94
[I 2025-07-18 03:58:02,580] Trial 94 finished with value: 19.276127750746873 and parameters: {'C': 17.83731592398783, 'epsilon': 0.4002576931525331, 'gamma': 71.12827394506377}. Best is trial 83 with value: 17.312421264610112.
trail number 96
[I 2025-07-18 03:58:02,773] Trial 96 finished with value: 17.93914504090222 and parameters: {'C': 58.18306342379456, 'epsilon': 1.807998075090349, 'gamma': 52.77987492389799}. Best is trial 83 with value: 17.312421264610112.
trail number 95
[I 2025-07-18 03:58:02,789] Trial 95 finished with value: 21.144427343042125 and parameters: {'C': 528.898975288824, 'epsilon': 5.673900666068787, 'gamma': 23.57368003009178}. Best is trial 83 with value: 17.312421264610112.
trail number 97
[I 2025-07-18 03:58:03,111] Trial 97 finished with value: 26.79060961115045 and parameters: {'C': 2069.407057504717, 'epsilon': 8.749782531554679, 'gamma': 86.6959476777877}. Best is trial 83 with value: 17.312421264610112.
trail number 102
[I 2025-07-18 03:58:03,130] Trial 102 finished with value: 82.47475132397203 and parameters: {'C': 1908.01122809818, 'epsilon': 117.20972561725688, 'gamma': 179.94643119526796}. Best is trial 83 with value: 17.312421264610112.
trail number 99
[I 2025-07-18 03:58:03,170] Trial 99 finished with value: 44.73179489892224 and parameters: {'C': 2406.554759109307, 'epsilon': 8.064180490861373, 'gamma': 0.45672412283570907}. Best is trial 83 with value: 17.312421264610112.
trail number 103
[I 2025-07-18 03:58:03,561] Trial 103 finished with value: 61.61363231487569 and parameters: {'C': 1706.7682237570289, 'epsilon': 20.16858105871747, 'gamma': 10.303176922725385}. Best is trial 83 with value: 17.312421264610112.
trail number 104
[I 2025-07-18 03:58:03,685] Trial 104 finished with value: 27.04103217858772 and parameters: {'C': 1466.723414822398, 'epsilon': 23.19680360099219, 'gamma': 100.48208897749626}. Best is trial 83 with value: 17.312421264610112.
trail number 98
[I 2025-07-18 03:58:03,733] Trial 98 finished with value: 19.416500492373714 and parameters: {'C': 2053.280939856038, 'epsilon': 0.4252317869866733, 'gamma': 44.59598430368619}. Best is trial 83 with value: 17.312421264610112.
trail number 105
[I 2025-07-18 03:58:03,785] Trial 105 finished with value: 28.33033198539514 and parameters: {'C': 922.0033303342864, 'epsilon': 26.03489158217161, 'gamma': 93.02133163997925}. Best is trial 83 with value: 17.312421264610112.
trail number 101
[I 2025-07-18 03:58:04,010] Trial 101 finished with value: 25.446956959967824 and parameters: {'C': 1551.5025291953434, 'epsilon': 6.24709206034613, 'gamma': 86.42050423829605}. Best is trial 83 with value: 17.312421264610112.
trail number 100
[I 2025-07-18 03:58:04,093] Trial 100 finished with value: 26.44868610381741 and parameters: {'C': 1777.4987053746145, 'epsilon': 4.722135806079187, 'gamma': 90.03971223685454}. Best is trial 83 with value: 17.312421264610112.
trail number 108
[I 2025-07-18 03:58:04,123] Trial 108 finished with value: 18.041553344866777 and parameters: {'C': 200.43893680986162, 'epsilon': 3.6095466683702515, 'gamma': 87.21650691289}. Best is trial 83 with value: 17.312421264610112.
trail number 106
[I 2025-07-18 03:58:04,131] Trial 106 finished with value: 22.783959070743016 and parameters: {'C': 8.478732403947816, 'epsilon': 3.2460428572922524, 'gamma': 70.07000583717706}. Best is trial 83 with value: 17.312421264610112.
trail number 107
[I 2025-07-18 03:58:04,285] Trial 107 finished with value: 17.93734405049075 and parameters: {'C': 360.3788227058335, 'epsilon': 7.40743086688101, 'gamma': 65.88157025136044}. Best is trial 83 with value: 17.312421264610112.
trail number 110
[I 2025-07-18 03:58:04,355] Trial 110 finished with value: 17.697846842881354 and parameters: {'C': 121.94989158844068, 'epsilon': 9.860953857748441, 'gamma': 56.53449531600242}. Best is trial 83 with value: 17.312421264610112.
trail number 114
[I 2025-07-18 03:58:04,506] Trial 114 finished with value: 24.208110135152545 and parameters: {'C': 187.46812977843186, 'epsilon': 27.28721601960788, 'gamma': 73.82782697782044}. Best is trial 83 with value: 17.312421264610112.
trail number 91
[I 2025-07-18 03:58:04,511] Trial 91 finished with value: 37.41624971100215 and parameters: {'C': 5925.554451442034, 'epsilon': 5.646162717268297, 'gamma': 405.4657421807492}. Best is trial 83 with value: 17.312421264610112.
trail number 112
[I 2025-07-18 03:58:04,561] Trial 112 finished with value: 23.53893944331487 and parameters: {'C': 677.0368618304229, 'epsilon': 21.193414888591164, 'gamma': 82.88662253841493}. Best is trial 83 with value: 17.312421264610112.
trail number 113
[I 2025-07-18 03:58:04,627] Trial 113 finished with value: 25.180484261360604 and parameters: {'C': 783.6044064301122, 'epsilon': 29.985131466834776, 'gamma': 78.32864729144573}. Best is trial 83 with value: 17.312421264610112.
trail number 111
[I 2025-07-18 03:58:04,656] Trial 111 finished with value: 42.894693468137916 and parameters: {'C': 237.48651759383486, 'epsilon': 0.8473205556894694, 'gamma': 13.603140759484255}. Best is trial 83 with value: 17.312421264610112.
trail number 109
[I 2025-07-18 03:58:04,809] Trial 109 finished with value: 19.970952012913422 and parameters: {'C': 541.367050198181, 'epsilon': 1.2253019195621726, 'gamma': 70.73648331096334}. Best is trial 83 with value: 17.312421264610112.
trail number 117
[I 2025-07-18 03:58:05,019] Trial 117 finished with value: 21.775436495164453 and parameters: {'C': 558.8803127481902, 'epsilon': 0.2265613349789719, 'gamma': 23.380608735136516}. Best is trial 83 with value: 17.312421264610112.
trail number 118
[I 2025-07-18 03:58:05,079] Trial 118 finished with value: 17.49164590312279 and parameters: {'C': 37.03419986703463, 'epsilon': 3.55117298607945, 'gamma': 72.90940827709093}. Best is trial 83 with value: 17.312421264610112.
trail number 116
[I 2025-07-18 03:58:05,171] Trial 116 finished with value: 16.70676766384671 and parameters: {'C': 423.79781532754964, 'epsilon': 2.116759094134642, 'gamma': 53.72189883545925}. Best is trial 116 with value: 16.70676766384671.
trail number 119
[I 2025-07-18 03:58:05,178] Trial 119 finished with value: 22.689942610294807 and parameters: {'C': 929.1580458129624, 'epsilon': 2.7894473036465905, 'gamma': 75.29177750025318}. Best is trial 116 with value: 16.70676766384671.
trail number 124
[I 2025-07-18 03:58:05,302] Trial 124 finished with value: 29.37226484540299 and parameters: {'C': 63.708498252918375, 'epsilon': 36.468383932345475, 'gamma': 62.6170253424047}. Best is trial 116 with value: 16.70676766384671.
trail number 122
[I 2025-07-18 03:58:05,332] Trial 122 finished with value: 25.12012564750865 and parameters: {'C': 85.81597683929527, 'epsilon': 27.959641646766677, 'gamma': 84.26757880301064}. Best is trial 116 with value: 16.70676766384671.
trail number 123
[I 2025-07-18 03:58:05,415] Trial 123 finished with value: 24.541987423045274 and parameters: {'C': 85.60674757073502, 'epsilon': 29.944060712454856, 'gamma': 74.31224134881262}. Best is trial 116 with value: 16.70676766384671.
trail number 115
[I 2025-07-18 03:58:05,434] Trial 115 finished with value: 17.69058628313501 and parameters: {'C': 997.2436420389984, 'epsilon': 7.519614979688705, 'gamma': 52.19677177134414}. Best is trial 116 with value: 16.70676766384671.
trail number 125
[I 2025-07-18 03:58:05,514] Trial 125 finished with value: 19.587842977734446 and parameters: {'C': 51.566072181793835, 'epsilon': 12.831374744481959, 'gamma': 76.11959292315231}. Best is trial 116 with value: 16.70676766384671.
trail number 121
[I 2025-07-18 03:58:05,644] Trial 121 finished with value: 21.546960812532177 and parameters: {'C': 954.3747744121601, 'epsilon': 0.3949466002897486, 'gamma': 74.71834120637618}. Best is trial 116 with value: 16.70676766384671.
trail number 126
[I 2025-07-18 03:58:05,810] Trial 126 finished with value: 45.691017827723364 and parameters: {'C': 13.98247361426639, 'epsilon': 1.0888048370017034, 'gamma': 5.9173338677843645}. Best is trial 116 with value: 16.70676766384671.
trail number 120
[I 2025-07-18 03:58:05,842] Trial 120 finished with value: 19.30671518874321 and parameters: {'C': 1130.1054275513286, 'epsilon': 0.49086436366044417, 'gamma': 52.50944087899191}. Best is trial 116 with value: 16.70676766384671.
trail number 127
[I 2025-07-18 03:58:05,880] Trial 127 finished with value: 17.238791273795126 and parameters: {'C': 145.95523218927124, 'epsilon': 6.212710613267308, 'gamma': 68.18978608481024}. Best is trial 116 with value: 16.70676766384671.
trail number 128
[I 2025-07-18 03:58:05,937] Trial 128 finished with value: 19.331406361719896 and parameters: {'C': 80.61624474249672, 'epsilon': 1.3323033145379561, 'gamma': 38.64687673372956}. Best is trial 116 with value: 16.70676766384671.
trail number 130
[I 2025-07-18 03:58:05,944] Trial 130 finished with value: 57.44609025497031 and parameters: {'C': 430.96038244801707, 'epsilon': 21.97974490750532, 'gamma': 7.100247222670546}. Best is trial 116 with value: 16.70676766384671.
trail number 129
[I 2025-07-18 03:58:06,008] Trial 129 finished with value: 17.822672427029794 and parameters: {'C': 659.3554547728622, 'epsilon': 0.13566257067150667, 'gamma': 51.6386272043744}. Best is trial 116 with value: 16.70676766384671.
trail number 135
[I 2025-07-18 03:58:06,169] Trial 135 finished with value: 18.98918883517103 and parameters: {'C': 417.0466992555463, 'epsilon': 16.405685493417483, 'gamma': 56.70262781838388}. Best is trial 116 with value: 16.70676766384671.
trail number 132
[I 2025-07-18 03:58:06,282] Trial 132 finished with value: 53.90880350711442 and parameters: {'C': 215.02841446818329, 'epsilon': 24.41261873230698, 'gamma': 7.777273280936242}. Best is trial 116 with value: 16.70676766384671.
trail number 134
[I 2025-07-18 03:58:06,317] Trial 134 finished with value: 21.840406249954963 and parameters: {'C': 659.1657682520092, 'epsilon': 18.859692723298473, 'gamma': 19.79514241760984}. Best is trial 116 with value: 16.70676766384671.
trail number 133
[I 2025-07-18 03:58:06,336] Trial 133 finished with value: 45.75480144603771 and parameters: {'C': 865.534886076114, 'epsilon': 20.507432456509207, 'gamma': 0.611304883337155}. Best is trial 116 with value: 16.70676766384671.
trail number 131
[I 2025-07-18 03:58:06,393] Trial 131 finished with value: 16.505921013125622 and parameters: {'C': 183.47959663508084, 'epsilon': 0.9850395196172363, 'gamma': 50.69889990787028}. Best is trial 131 with value: 16.505921013125622.
trail number 136
[I 2025-07-18 03:58:06,412] Trial 136 finished with value: 18.568159881504112 and parameters: {'C': 844.5772529616573, 'epsilon': 15.010366362636987, 'gamma': 58.804904910550626}. Best is trial 131 with value: 16.505921013125622.
trail number 137
[I 2025-07-18 03:58:06,552] Trial 137 finished with value: 23.499182329142833 and parameters: {'C': 1062.5828279100012, 'epsilon': 19.934940713368185, 'gamma': 86.26992412347482}. Best is trial 131 with value: 16.505921013125622.
trail number 140
[I 2025-07-18 03:58:06,813] Trial 140 finished with value: 19.76642235100578 and parameters: {'C': 733.7813688606485, 'epsilon': 15.376687349907563, 'gamma': 78.2425011290025}. Best is trial 131 with value: 16.505921013125622.
trail number 143
[I 2025-07-18 03:58:06,866] Trial 143 finished with value: 16.034572788541183 and parameters: {'C': 156.71259743145174, 'epsilon': 2.6824676499926996, 'gamma': 61.39723336166087}. Best is trial 143 with value: 16.034572788541183.
trail number 142
[I 2025-07-18 03:58:06,905] Trial 142 finished with value: 20.304028962578762 and parameters: {'C': 699.3990756584421, 'epsilon': 1.2330866215111236, 'gamma': 66.82976544399492}. Best is trial 143 with value: 16.034572788541183.
trail number 144
[I 2025-07-18 03:58:07,010] Trial 144 finished with value: 53.5332891453794 and parameters: {'C': 2199.389889566106, 'epsilon': 62.4817971280142, 'gamma': 487.32985155078575}. Best is trial 143 with value: 16.034572788541183.
trail number 147
[I 2025-07-18 03:58:07,048] Trial 147 finished with value: 78.12506207140407 and parameters: {'C': 5955.497001969581, 'epsilon': 106.77466586895085, 'gamma': 365.07140371271777}. Best is trial 143 with value: 16.034572788541183.
trail number 139
[I 2025-07-18 03:58:07,088] Trial 139 finished with value: 20.3956116160794 and parameters: {'C': 400.3395521656453, 'epsilon': 1.1875996968827627, 'gamma': 96.97086756588737}. Best is trial 143 with value: 16.034572788541183.
trail number 146
[I 2025-07-18 03:58:07,156] Trial 146 finished with value: 17.512556986163712 and parameters: {'C': 104.68009192863597, 'epsilon': 7.906872629953033, 'gamma': 67.14743011741143}. Best is trial 143 with value: 16.034572788541183.
trail number 145
[I 2025-07-18 03:58:07,226] Trial 145 finished with value: 16.362179254126225 and parameters: {'C': 165.18334000730664, 'epsilon': 0.1874340581481957, 'gamma': 75.27128996274828}. Best is trial 143 with value: 16.034572788541183.
trail number 151
[I 2025-07-18 03:58:07,295] Trial 151 finished with value: 51.20662525115846 and parameters: {'C': 252.3187068561947, 'epsilon': 60.29405802519381, 'gamma': 339.2476322479879}. Best is trial 143 with value: 16.034572788541183.
trail number 138
[I 2025-07-18 03:58:07,367] Trial 138 finished with value: 21.298734036100093 and parameters: {'C': 1086.1355204696795, 'epsilon': 0.03797058874904358, 'gamma': 58.04320256848288}. Best is trial 143 with value: 16.034572788541183.
trail number 150
[I 2025-07-18 03:58:07,415] Trial 150 finished with value: 18.86819133635588 and parameters: {'C': 52.11070133006971, 'epsilon': 6.781105740616583, 'gamma': 98.84452061399108}. Best is trial 143 with value: 16.034572788541183.
trail number 141
[I 2025-07-18 03:58:07,438] Trial 141 finished with value: 23.72930521019513 and parameters: {'C': 1070.761657111358, 'epsilon': 0.3955131550455482, 'gamma': 96.75124486240954}. Best is trial 143 with value: 16.034572788541183.
trail number 149
[I 2025-07-18 03:58:07,513] Trial 149 finished with value: 19.172119974803167 and parameters: {'C': 37.72468026468937, 'epsilon': 7.454826309487887, 'gamma': 108.89839123500519}. Best is trial 143 with value: 16.034572788541183.
trail number 148
[I 2025-07-18 03:58:07,522] Trial 148 finished with value: 17.796616975745714 and parameters: {'C': 154.70439636293247, 'epsilon': 6.097297448614482, 'gamma': 78.45319888095297}. Best is trial 143 with value: 16.034572788541183.
trail number 152
[I 2025-07-18 03:58:07,549] Trial 152 finished with value: 39.70602400263989 and parameters: {'C': 1.4597921405018894, 'epsilon': 10.90621829477325, 'gamma': 117.57199850579289}. Best is trial 143 with value: 16.034572788541183.
trail number 155
[I 2025-07-18 03:58:07,836] Trial 155 finished with value: 25.9706616745434 and parameters: {'C': 5.462258992881345, 'epsilon': 8.018127156630522, 'gamma': 86.58664184138465}. Best is trial 143 with value: 16.034572788541183.
trail number 158
[I 2025-07-18 03:58:07,898] Trial 158 finished with value: 17.826735532360377 and parameters: {'C': 133.2096347710242, 'epsilon': 0.4065374136272921, 'gamma': 47.373214762174165}. Best is trial 143 with value: 16.034572788541183.
trail number 157
[I 2025-07-18 03:58:08,032] Trial 157 finished with value: 16.7486403261915 and parameters: {'C': 111.86552169299216, 'epsilon': 3.4726304940685173, 'gamma': 84.6717759018326}. Best is trial 143 with value: 16.034572788541183.
trail number 154
[I 2025-07-18 03:58:08,134] Trial 154 finished with value: 17.75276470896245 and parameters: {'C': 1174.5908222890407, 'epsilon': 0.4748602568553734, 'gamma': 42.261404920749804}. Best is trial 143 with value: 16.034572788541183.
trail number 160
[I 2025-07-18 03:58:08,279] Trial 160 finished with value: 56.77041378054114 and parameters: {'C': 940.0438902937561, 'epsilon': 1.2899691701027276, 'gamma': 7.257994636983369}. Best is trial 143 with value: 16.034572788541183.
trail number 156
[I 2025-07-18 03:58:08,348] Trial 156 finished with value: 21.143339898680395 and parameters: {'C': 657.6001514778561, 'epsilon': 0.28356459309602955, 'gamma': 92.0582028699292}. Best is trial 143 with value: 16.034572788541183.
trail number 164
[I 2025-07-18 03:58:08,391] Trial 164 finished with value: 71.53273520227062 and parameters: {'C': 3383.2784306303693, 'epsilon': 98.65006431473552, 'gamma': 109.42434026537865}. Best is trial 143 with value: 16.034572788541183.
trail number 153
[I 2025-07-18 03:58:08,440] Trial 153 finished with value: 22.602990800194135 and parameters: {'C': 947.6264929302437, 'epsilon': 1.0021505935820283, 'gamma': 116.66912275310455}. Best is trial 143 with value: 16.034572788541183.
trail number 163
[I 2025-07-18 03:58:08,514] Trial 163 finished with value: 28.715930521115467 and parameters: {'C': 1306.833491511886, 'epsilon': 25.710548321899157, 'gamma': 162.98606102296824}. Best is trial 143 with value: 16.034572788541183.
trail number 159
[I 2025-07-18 03:58:08,544] Trial 159 finished with value: 18.678733017003335 and parameters: {'C': 411.9883795441633, 'epsilon': 1.3324883174201627, 'gamma': 68.99283692180495}. Best is trial 143 with value: 16.034572788541183.
trail number 161
[I 2025-07-18 03:58:08,637] Trial 161 finished with value: 21.24370781116361 and parameters: {'C': 1220.3207853393574, 'epsilon': 16.118963233426143, 'gamma': 104.87219804438536}. Best is trial 143 with value: 16.034572788541183.
trail number 162
[I 2025-07-18 03:58:08,648] Trial 162 finished with value: 23.5141021403633 and parameters: {'C': 1154.9529397023848, 'epsilon': 2.0536306016753114, 'gamma': 17.208752534224253}. Best is trial 143 with value: 16.034572788541183.
trail number 169
[I 2025-07-18 03:58:08,674] Trial 169 finished with value: 82.09341875163592 and parameters: {'C': 4452.8546052169895, 'epsilon': 115.75873668578456, 'gamma': 235.694184264264}. Best is trial 143 with value: 16.034572788541183.
trail number 166
[I 2025-07-18 03:58:08,864] Trial 166 finished with value: 17.949048176543343 and parameters: {'C': 52.18871976034106, 'epsilon': 7.413894782065986, 'gamma': 68.80061192855156}. Best is trial 143 with value: 16.034572788541183.
trail number 165
[I 2025-07-18 03:58:08,904] Trial 165 finished with value: 21.08184135612492 and parameters: {'C': 1093.500150035354, 'epsilon': 17.3339183889546, 'gamma': 105.41848486064788}. Best is trial 143 with value: 16.034572788541183.
trail number 170
[I 2025-07-18 03:58:08,949] Trial 170 finished with value: 18.720371952212748 and parameters: {'C': 71.54750504503116, 'epsilon': 0.9657838249406618, 'gamma': 46.024331248357896}. Best is trial 143 with value: 16.034572788541183.
trail number 171
[I 2025-07-18 03:58:08,957] Trial 171 finished with value: 21.86783532097397 and parameters: {'C': 66.13870581336967, 'epsilon': 21.09709193375987, 'gamma': 71.035839718995}. Best is trial 143 with value: 16.034572788541183.
trail number 168
[I 2025-07-18 03:58:09,178] Trial 168 finished with value: 21.668115146309823 and parameters: {'C': 1235.0529174504045, 'epsilon': 15.226415979690742, 'gamma': 104.99851831338438}. Best is trial 143 with value: 16.034572788541183.
trail number 167
[I 2025-07-18 03:58:09,203] Trial 167 finished with value: 22.749310569865735 and parameters: {'C': 1144.446296034414, 'epsilon': 0.4796068573663268, 'gamma': 79.70605359378428}. Best is trial 143 with value: 16.034572788541183.
trail number 174
[I 2025-07-18 03:58:09,213] Trial 174 finished with value: 29.270634408925513 and parameters: {'C': 3.8839017321564313, 'epsilon': 5.437544040336595, 'gamma': 40.92076682219224}. Best is trial 143 with value: 16.034572788541183.
trail number 173
[I 2025-07-18 03:58:09,218] Trial 173 finished with value: 20.846306211397373 and parameters: {'C': 79.17444110374588, 'epsilon': 19.330082303501424, 'gamma': 53.49891066779244}. Best is trial 143 with value: 16.034572788541183.
trail number 172
[I 2025-07-18 03:58:09,382] Trial 172 finished with value: 16.91384134041302 and parameters: {'C': 159.67730964457405, 'epsilon': 5.117528081254378, 'gamma': 68.13844895638033}. Best is trial 143 with value: 16.034572788541183.
trail number 178
[I 2025-07-18 03:58:09,490] Trial 178 finished with value: 19.464663412649788 and parameters: {'C': 18.840179139062556, 'epsilon': 3.329334778334649, 'gamma': 84.64325131808818}. Best is trial 143 with value: 16.034572788541183.
trail number 175
[I 2025-07-18 03:58:09,496] Trial 175 finished with value: 16.46708923940116 and parameters: {'C': 123.50549978705862, 'epsilon': 1.6470841794716113, 'gamma': 54.6815840154801}. Best is trial 143 with value: 16.034572788541183.
trail number 177
[I 2025-07-18 03:58:09,502] Trial 177 finished with value: 16.361289374423176 and parameters: {'C': 70.99366966686462, 'epsilon': 1.9705330454127061, 'gamma': 74.1857738045059}. Best is trial 143 with value: 16.034572788541183.
trail number 180
