[I 2025-07-18 03:59:58,038] Trial 1511 finished with value: 21.051275262219253 and parameters: {'C': 785.409877718117, 'epsilon': 0.10033392797066809, 'gamma': 82.34900401747952}. Best is trial 906 with value: 15.547757593814149.
trail number 1510
[I 2025-07-18 03:59:58,049] Trial 1510 finished with value: 23.860577868060876 and parameters: {'C': 868.0220832589479, 'epsilon': 0.23492115761098997, 'gamma': 131.44951665431904}. Best is trial 906 with value: 15.547757593814149.
trail number 1516
[I 2025-07-18 03:59:58,122] Trial 1516 finished with value: 21.299042990045873 and parameters: {'C': 43.67653485260831, 'epsilon': 13.84354926175806, 'gamma': 103.82643045362008}. Best is trial 906 with value: 15.547757593814149.
trail number 1517
[I 2025-07-18 03:59:58,185] Trial 1517 finished with value: 46.20124600287268 and parameters: {'C': 46.74064877223998, 'epsilon': 16.085684251393182, 'gamma': 7.3433097696559315}. Best is trial 906 with value: 15.547757593814149.
trail number 1515
[I 2025-07-18 03:59:58,343] Trial 1515 finished with value: 21.350640539042193 and parameters: {'C': 1563.3945021349093, 'epsilon': 14.088767181045597, 'gamma': 94.00457642719559}. Best is trial 906 with value: 15.547757593814149.
trail number 1519
[I 2025-07-18 03:59:58,684] Trial 1519 finished with value: 23.00014928303372 and parameters: {'C': 705.82385099525, 'epsilon': 12.7423257816165, 'gamma': 148.46626570742455}. Best is trial 906 with value: 15.547757593814149.
trail number 1521
[I 2025-07-18 03:59:58,742] Trial 1521 finished with value: 22.213462431027246 and parameters: {'C': 860.4834885303536, 'epsilon': 0.7086384990641597, 'gamma': 85.5240931507742}. Best is trial 906 with value: 15.547757593814149.
trail number 1520
[I 2025-07-18 03:59:58,868] Trial 1520 finished with value: 20.30549875965012 and parameters: {'C': 606.3580819637809, 'epsilon': 0.34879798708358667, 'gamma': 75.37044538531089}. Best is trial 906 with value: 15.547757593814149.
trail number 1522
[I 2025-07-18 03:59:58,978] Trial 1522 finished with value: 24.56716305621824 and parameters: {'C': 1263.8326555276362, 'epsilon': 0.05877454407031657, 'gamma': 118.88419831352795}. Best is trial 906 with value: 15.547757593814149.
trail number 1525
[I 2025-07-18 03:59:59,049] Trial 1525 finished with value: 21.42211967289787 and parameters: {'C': 587.3989545080112, 'epsilon': 15.705585147447474, 'gamma': 93.96076243474346}. Best is trial 906 with value: 15.547757593814149.
trail number 1527
[I 2025-07-18 03:59:59,210] Trial 1527 finished with value: 41.89093136231479 and parameters: {'C': 1142.549877964224, 'epsilon': 39.00153204837939, 'gamma': 460.4818506218015}. Best is trial 906 with value: 15.547757593814149.
trail number 1518
[I 2025-07-18 03:59:59,234] Trial 1518 finished with value: 24.077782638501585 and parameters: {'C': 1649.4803896634544, 'epsilon': 0.8222993726231577, 'gamma': 105.71332791895378}. Best is trial 906 with value: 15.547757593814149.
trail number 1528
[I 2025-07-18 03:59:59,295] Trial 1528 finished with value: 44.13043889398384 and parameters: {'C': 0.9392132779572933, 'epsilon': 13.25154393947048, 'gamma': 62.69231361249572}. Best is trial 906 with value: 15.547757593814149.
trail number 1524
[I 2025-07-18 03:59:59,318] Trial 1524 finished with value: 22.342899675988935 and parameters: {'C': 708.2694295456248, 'epsilon': 10.306444541220856, 'gamma': 94.87593382389194}. Best is trial 906 with value: 15.547757593814149.
trail number 1526
[I 2025-07-18 03:59:59,379] Trial 1526 finished with value: 19.683302627757108 and parameters: {'C': 54.35167597687876, 'epsilon': 0.09947700788256744, 'gamma': 31.509155927859837}. Best is trial 906 with value: 15.547757593814149.
trail number 1529
[I 2025-07-18 03:59:59,449] Trial 1529 finished with value: 40.83260154337693 and parameters: {'C': 1.3061509587871853, 'epsilon': 13.443229306835764, 'gamma': 89.57330510742148}. Best is trial 906 with value: 15.547757593814149.
trail number 1531
[I 2025-07-18 03:59:59,498] Trial 1531 finished with value: 22.655097389527477 and parameters: {'C': 712.4576889967634, 'epsilon': 32.06508150181413, 'gamma': 45.290697024283176}. Best is trial 906 with value: 15.547757593814149.
trail number 1523
[I 2025-07-18 03:59:59,556] Trial 1523 finished with value: 23.710363093834747 and parameters: {'C': 1343.6797197791843, 'epsilon': 0.3698417668750327, 'gamma': 98.29241587371685}. Best is trial 906 with value: 15.547757593814149.
trail number 1532
[I 2025-07-18 03:59:59,597] Trial 1532 finished with value: 26.549084419311463 and parameters: {'C': 575.9658287214119, 'epsilon': 29.95514241636775, 'gamma': 87.94181431166663}. Best is trial 906 with value: 15.547757593814149.
trail number 1534
[I 2025-07-18 03:59:59,621] Trial 1534 finished with value: 28.431176539299496 and parameters: {'C': 395.71437613146145, 'epsilon': 31.19251921259408, 'gamma': 119.10529429341477}. Best is trial 906 with value: 15.547757593814149.
trail number 1535
[I 2025-07-18 03:59:59,826] Trial 1535 finished with value: 18.79352729125923 and parameters: {'C': 38.96227033304122, 'epsilon': 1.4437189658481784, 'gamma': 134.08094195274901}. Best is trial 906 with value: 15.547757593814149.
trail number 1530
[I 2025-07-18 03:59:59,853] Trial 1530 finished with value: 18.87407246597939 and parameters: {'C': 203.93640347241404, 'epsilon': 0.05712850123948954, 'gamma': 88.97245567546597}. Best is trial 906 with value: 15.547757593814149.
trail number 1536
[I 2025-07-18 03:59:59,931] Trial 1536 finished with value: 28.885823824636503 and parameters: {'C': 673.2168153595713, 'epsilon': 25.483817589661278, 'gamma': 125.59984514981035}. Best is trial 906 with value: 15.547757593814149.
trail number 1537
[I 2025-07-18 03:59:59,941] Trial 1537 finished with value: 40.70686069627597 and parameters: {'C': 2595.523569127158, 'epsilon': 40.94683219959971, 'gamma': 316.201207200559}. Best is trial 906 with value: 15.547757593814149.
trail number 1539
[I 2025-07-18 04:00:00,125] Trial 1539 finished with value: 18.12404254206916 and parameters: {'C': 580.381606063865, 'epsilon': 14.926045014949267, 'gamma': 61.35953965862417}. Best is trial 906 with value: 15.547757593814149.
trail number 1538
[I 2025-07-18 04:00:00,135] Trial 1538 finished with value: 22.43101690490591 and parameters: {'C': 581.5683847503624, 'epsilon': 0.7508006001408589, 'gamma': 136.66634181401446}. Best is trial 906 with value: 15.547757593814149.
trail number 1542
[I 2025-07-18 04:00:00,265] Trial 1542 finished with value: 22.641758159452376 and parameters: {'C': 12.318132244637553, 'epsilon': 13.68033164375224, 'gamma': 64.02548659367346}. Best is trial 906 with value: 15.547757593814149.
trail number 1533
[I 2025-07-18 04:00:00,285] Trial 1533 finished with value: 20.615521875007566 and parameters: {'C': 406.507018136318, 'epsilon': 0.03618777943396145, 'gamma': 131.78477322651852}. Best is trial 906 with value: 15.547757593814149.
trail number 1540
[I 2025-07-18 04:00:00,298] Trial 1540 finished with value: 47.8448252488533 and parameters: {'C': 20.94737596391233, 'epsilon': 12.49690263260677, 'gamma': 3.1037243756435373}. Best is trial 906 with value: 15.547757593814149.
trail number 1545
[I 2025-07-18 04:00:00,376] Trial 1545 finished with value: 62.297008550015974 and parameters: {'C': 5527.226113489309, 'epsilon': 82.97493888941798, 'gamma': 210.44670368727466}. Best is trial 906 with value: 15.547757593814149.
trail number 1543
[I 2025-07-18 04:00:00,452] Trial 1543 finished with value: 20.236625547074542 and parameters: {'C': 20.527455489904966, 'epsilon': 2.080061688541845, 'gamma': 131.407599331236}. Best is trial 906 with value: 15.547757593814149.
trail number 1544
[I 2025-07-18 04:00:00,579] Trial 1544 finished with value: 29.455311807998434 and parameters: {'C': 568.9650447511542, 'epsilon': 0.1295270025702635, 'gamma': 15.818073970759094}. Best is trial 906 with value: 15.547757593814149.
trail number 1547
[I 2025-07-18 04:00:00,667] Trial 1547 finished with value: 19.803175845955103 and parameters: {'C': 510.02726228321694, 'epsilon': 17.871389621678308, 'gamma': 59.81986909997611}. Best is trial 906 with value: 15.547757593814149.
trail number 1549
[I 2025-07-18 04:00:00,708] Trial 1549 finished with value: 21.873636532080848 and parameters: {'C': 528.6668596621039, 'epsilon': 17.509135719208473, 'gamma': 96.82576923833899}. Best is trial 906 with value: 15.547757593814149.
trail number 1548
[I 2025-07-18 04:00:00,757] Trial 1548 finished with value: 21.213506374929725 and parameters: {'C': 88.46540187393475, 'epsilon': 12.62135061026171, 'gamma': 138.0066441787502}. Best is trial 906 with value: 15.547757593814149.
trail number 1541
[I 2025-07-18 04:00:00,777] Trial 1541 finished with value: 22.511418053809948 and parameters: {'C': 552.3722429859615, 'epsilon': 0.15171973390405213, 'gamma': 140.68813967608304}. Best is trial 906 with value: 15.547757593814149.
trail number 1550
[I 2025-07-18 04:00:00,852] Trial 1550 finished with value: 37.73214399039511 and parameters: {'C': 1.3290303961528735, 'epsilon': 0.21563758816441836, 'gamma': 66.95768861744631}. Best is trial 906 with value: 15.547757593814149.
trail number 1552
[I 2025-07-18 04:00:00,984] Trial 1552 finished with value: 20.415163851414235 and parameters: {'C': 561.4988733801155, 'epsilon': 13.798456571957633, 'gamma': 77.53422239874072}. Best is trial 906 with value: 15.547757593814149.
trail number 1551
[I 2025-07-18 04:00:01,051] Trial 1551 finished with value: 27.315181527474284 and parameters: {'C': 7.750902520873495, 'epsilon': 10.388538229097394, 'gamma': 173.07511383409457}. Best is trial 906 with value: 15.547757593814149.
trail number 1546
[I 2025-07-18 04:00:01,123] Trial 1546 finished with value: 21.831981755424202 and parameters: {'C': 728.01317314637, 'epsilon': 0.5962855612200613, 'gamma': 87.40584138471746}. Best is trial 906 with value: 15.547757593814149.
trail number 1555
[I 2025-07-18 04:00:01,136] Trial 1555 finished with value: 25.729307431185894 and parameters: {'C': 16.26856956143638, 'epsilon': 1.141178156321512, 'gamma': 24.776786650296927}. Best is trial 906 with value: 15.547757593814149.
trail number 1556
[I 2025-07-18 04:00:01,223] Trial 1556 finished with value: 21.74477713319485 and parameters: {'C': 52.56001310525714, 'epsilon': 13.607166029582451, 'gamma': 121.97554542733997}. Best is trial 906 with value: 15.547757593814149.
trail number 1553
[I 2025-07-18 04:00:01,238] Trial 1553 finished with value: 21.917208227727958 and parameters: {'C': 619.4129771032144, 'epsilon': 14.390085968644232, 'gamma': 120.22786476246164}. Best is trial 906 with value: 15.547757593814149.
trail number 1554
[I 2025-07-18 04:00:01,342] Trial 1554 finished with value: 20.505473045640816 and parameters: {'C': 704.7999201549125, 'epsilon': 12.041356786822337, 'gamma': 88.12097211461406}. Best is trial 906 with value: 15.547757593814149.
trail number 1560
[I 2025-07-18 04:00:01,432] Trial 1560 finished with value: 21.49344875194242 and parameters: {'C': 41.76687666117131, 'epsilon': 16.411201178910492, 'gamma': 33.171443620689935}. Best is trial 906 with value: 15.547757593814149.
trail number 1558
[I 2025-07-18 04:00:01,478] Trial 1558 finished with value: 21.64818456800169 and parameters: {'C': 20.543982889497045, 'epsilon': 12.993774914473349, 'gamma': 106.9701804234669}. Best is trial 906 with value: 15.547757593814149.
trail number 1559
[I 2025-07-18 04:00:01,493] Trial 1559 finished with value: 58.37977742778882 and parameters: {'C': 787.6298211477307, 'epsilon': 12.128068708326659, 'gamma': 6.103547974638225}. Best is trial 906 with value: 15.547757593814149.
trail number 1557
[I 2025-07-18 04:00:01,602] Trial 1557 finished with value: 57.02055089033998 and parameters: {'C': 644.9324790974326, 'epsilon': 12.691828565421368, 'gamma': 5.024108092523846}. Best is trial 906 with value: 15.547757593814149.
trail number 1563
[I 2025-07-18 04:00:01,748] Trial 1563 finished with value: 19.740163846592495 and parameters: {'C': 41.54180913517223, 'epsilon': 1.6411916547328977, 'gamma': 174.21357548259758}. Best is trial 906 with value: 15.547757593814149.
trail number 1566
[I 2025-07-18 04:00:01,864] Trial 1566 finished with value: 25.181275880200605 and parameters: {'C': 21.372385981854165, 'epsilon': 24.922905773256062, 'gamma': 54.90966056450005}. Best is trial 906 with value: 15.547757593814149.
trail number 1564
[I 2025-07-18 04:00:01,957] Trial 1564 finished with value: 18.780692059128178 and parameters: {'C': 723.2456767827745, 'epsilon': 15.929214342021492, 'gamma': 60.38382072858176}. Best is trial 906 with value: 15.547757593814149.
trail number 1565
[I 2025-07-18 04:00:02,039] Trial 1565 finished with value: 17.481204434373417 and parameters: {'C': 763.9260099334699, 'epsilon': 1.386952886103646, 'gamma': 48.984714788316154}. Best is trial 906 with value: 15.547757593814149.
trail number 1562
[I 2025-07-18 04:00:02,052] Trial 1562 finished with value: 19.918478073313782 and parameters: {'C': 718.0675208068863, 'epsilon': 10.860420006414127, 'gamma': 65.41072654287139}. Best is trial 906 with value: 15.547757593814149.
trail number 1561
[I 2025-07-18 04:00:02,108] Trial 1561 finished with value: 20.96341057434163 and parameters: {'C': 755.4001343529181, 'epsilon': 0.2849181568596968, 'gamma': 76.52147128252008}. Best is trial 906 with value: 15.547757593814149.
trail number 1567
[I 2025-07-18 04:00:02,154] Trial 1567 finished with value: 19.449260434140033 and parameters: {'C': 759.0312300062371, 'epsilon': 14.89290624488106, 'gamma': 72.36551465960532}. Best is trial 906 with value: 15.547757593814149.
trail number 1569
[I 2025-07-18 04:00:02,249] Trial 1569 finished with value: 44.47296382196212 and parameters: {'C': 15.802595953611942, 'epsilon': 2.0842011252276023, 'gamma': 7.8123312114909}. Best is trial 906 with value: 15.547757593814149.
trail number 1570
[I 2025-07-18 04:00:02,486] Trial 1570 finished with value: 50.216153242213274 and parameters: {'C': 1.69054013236709, 'epsilon': 5.216221424673707, 'gamma': 4.626647058826208}. Best is trial 906 with value: 15.547757593814149.
trail number 1568
[I 2025-07-18 04:00:02,498] Trial 1568 finished with value: 22.683732626322616 and parameters: {'C': 821.315434824805, 'epsilon': 0.1413885206098099, 'gamma': 100.6586221330787}. Best is trial 906 with value: 15.547757593814149.
trail number 1574
[I 2025-07-18 04:00:02,585] Trial 1574 finished with value: 17.4030390616143 and parameters: {'C': 125.10766125773465, 'epsilon': 1.1933792206844789, 'gamma': 98.14898249251783}. Best is trial 906 with value: 15.547757593814149.
trail number 1572
[I 2025-07-18 04:00:02,598] Trial 1572 finished with value: 19.930690889076505 and parameters: {'C': 17.051247150527843, 'epsilon': 0.7826722668867987, 'gamma': 90.9035570558637}. Best is trial 906 with value: 15.547757593814149.
trail number 1577
[I 2025-07-18 04:00:02,626] Trial 1577 finished with value: 72.32672699248266 and parameters: {'C': 135.2707553009982, 'epsilon': 98.8533584761537, 'gamma': 205.04561542378943}. Best is trial 906 with value: 15.547757593814149.
trail number 1573
[I 2025-07-18 04:00:02,646] Trial 1573 finished with value: 18.058179027499826 and parameters: {'C': 42.170061057176355, 'epsilon': 1.9915300161764864, 'gamma': 56.389751014867926}. Best is trial 906 with value: 15.547757593814149.
trail number 1576
[I 2025-07-18 04:00:02,691] Trial 1576 finished with value: 23.15926791303729 and parameters: {'C': 815.3483553881024, 'epsilon': 30.7741693699042, 'gamma': 45.00214154784552}. Best is trial 906 with value: 15.547757593814149.
trail number 1575
[I 2025-07-18 04:00:02,807] Trial 1575 finished with value: 24.25850259942781 and parameters: {'C': 17.8032059717834, 'epsilon': 16.349486329842907, 'gamma': 148.41487029722333}. Best is trial 906 with value: 15.547757593814149.
trail number 1579
[I 2025-07-18 04:00:02,820] Trial 1579 finished with value: 20.14531271808064 and parameters: {'C': 71.52330093648432, 'epsilon': 16.26815650468458, 'gamma': 84.28281145963894}. Best is trial 906 with value: 15.547757593814149.
trail number 1571
[I 2025-07-18 04:00:02,857] Trial 1571 finished with value: 21.955187018578616 and parameters: {'C': 679.4301716060971, 'epsilon': 0.30904049804954536, 'gamma': 102.1455726312809}. Best is trial 906 with value: 15.547757593814149.
trail number 1578
[I 2025-07-18 04:00:03,069] Trial 1578 finished with value: 46.24366483183794 and parameters: {'C': 123.05550855080222, 'epsilon': 1.69885330251172, 'gamma': 1.2864100513377679}. Best is trial 906 with value: 15.547757593814149.
trail number 1583
[I 2025-07-18 04:00:03,110] Trial 1583 finished with value: 18.96177594047141 and parameters: {'C': 23.838321271015076, 'epsilon': 0.01326104909200776, 'gamma': 91.93129503453707}. Best is trial 906 with value: 15.547757593814149.
trail number 1580
[I 2025-07-18 04:00:03,150] Trial 1580 finished with value: 27.847278942854906 and parameters: {'C': 882.9254861354998, 'epsilon': 17.601770582298563, 'gamma': 201.76125461364546}. Best is trial 906 with value: 15.547757593814149.
trail number 1581
[I 2025-07-18 04:00:03,160] Trial 1581 finished with value: 19.42571184460589 and parameters: {'C': 1576.7863072878379, 'epsilon': 16.540491874707435, 'gamma': 88.81701715345034}. Best is trial 906 with value: 15.547757593814149.
trail number 1584
[I 2025-07-18 04:00:03,332] Trial 1584 finished with value: 22.351513545280042 and parameters: {'C': 595.108926657041, 'epsilon': 15.469233346662325, 'gamma': 154.0743424661489}. Best is trial 906 with value: 15.547757593814149.
trail number 1586
[I 2025-07-18 04:00:03,387] Trial 1586 finished with value: 45.7477039279573 and parameters: {'C': 92.52883972447057, 'epsilon': 0.7475831653475526, 'gamma': 1.356481805455104}. Best is trial 906 with value: 15.547757593814149.
trail number 1582
[I 2025-07-18 04:00:03,479] Trial 1582 finished with value: 28.528399374230606 and parameters: {'C': 1503.1956669031206, 'epsilon': 18.71484021026613, 'gamma': 180.3488841741044}. Best is trial 906 with value: 15.547757593814149.
trail number 1585
[I 2025-07-18 04:00:03,529] Trial 1585 finished with value: 19.116278033633435 and parameters: {'C': 89.31829719057737, 'epsilon': 1.4685594638637847, 'gamma': 152.64190427757939}. Best is trial 906 with value: 15.547757593814149.
trail number 1589
[I 2025-07-18 04:00:03,601] Trial 1589 finished with value: 25.047282136543046 and parameters: {'C': 13.280466477517336, 'epsilon': 19.1600560865171, 'gamma': 95.91451775617382}. Best is trial 906 with value: 15.547757593814149.
trail number 1587
[I 2025-07-18 04:00:03,817] Trial 1587 finished with value: 24.66843468379695 and parameters: {'C': 1331.226473287482, 'epsilon': 11.64782457603128, 'gamma': 108.89185972256419}. Best is trial 906 with value: 15.547757593814149.
trail number 1588
[I 2025-07-18 04:00:04,046] Trial 1588 finished with value: 21.622341301668207 and parameters: {'C': 1501.0356114320916, 'epsilon': 8.124019647793101, 'gamma': 60.601734594333415}. Best is trial 906 with value: 15.547757593814149.
trail number 1592
[I 2025-07-18 04:00:04,064] Trial 1592 finished with value: 19.808351805803724 and parameters: {'C': 928.2783294554532, 'epsilon': 0.3779912850931849, 'gamma': 56.74464502271486}. Best is trial 906 with value: 15.547757593814149.
trail number 1594
[I 2025-07-18 04:00:04,188] Trial 1594 finished with value: 19.82336253124742 and parameters: {'C': 28.134919112353494, 'epsilon': 11.521040839159323, 'gamma': 69.28234666638181}. Best is trial 906 with value: 15.547757593814149.
trail number 1593
[I 2025-07-18 04:00:04,427] Trial 1593 finished with value: 18.057217042317554 and parameters: {'C': 1272.4955411960755, 'epsilon': 11.640516342871024, 'gamma': 39.406372955838314}. Best is trial 906 with value: 15.547757593814149.
trail number 1591
[I 2025-07-18 04:00:04,531] Trial 1591 finished with value: 22.61060572787496 and parameters: {'C': 1415.4463112849546, 'epsilon': 1.1285689313567564, 'gamma': 66.21438550345748}. Best is trial 906 with value: 15.547757593814149.
trail number 1595
[I 2025-07-18 04:00:04,543] Trial 1595 finished with value: 22.50732539043476 and parameters: {'C': 47.50334241964095, 'epsilon': 0.23826009211063637, 'gamma': 25.38724862286604}. Best is trial 906 with value: 15.547757593814149.
trail number 1597
[I 2025-07-18 04:00:04,670] Trial 1597 finished with value: 19.490506921513834 and parameters: {'C': 759.7108809043591, 'epsilon': 15.306197412948308, 'gamma': 75.06012759545895}. Best is trial 906 with value: 15.547757593814149.
trail number 1598
[I 2025-07-18 04:00:04,786] Trial 1598 finished with value: 35.080605228792216 and parameters: {'C': 2.542145426951194, 'epsilon': 15.914465193525206, 'gamma': 109.62257586598275}. Best is trial 906 with value: 15.547757593814149.
trail number 1596
[I 2025-07-18 04:00:04,918] Trial 1596 finished with value: 22.76417994449759 and parameters: {'C': 3140.4970968173907, 'epsilon': 3.6727714971816496, 'gamma': 17.731386638797744}. Best is trial 906 with value: 15.547757593814149.
trail number 1590
[I 2025-07-18 04:00:04,977] Trial 1590 finished with value: 32.43398171647639 and parameters: {'C': 5363.495406911451, 'epsilon': 12.340968526312146, 'gamma': 133.32341863505707}. Best is trial 906 with value: 15.547757593814149.
trail number 1600
[I 2025-07-18 04:00:05,113] Trial 1600 finished with value: 20.061624162126815 and parameters: {'C': 731.3312297080365, 'epsilon': 11.391107722444673, 'gamma': 64.36811289436963}. Best is trial 906 with value: 15.547757593814149.
trail number 1602
[I 2025-07-18 04:00:05,126] Trial 1602 finished with value: 23.490443619867268 and parameters: {'C': 776.0235042164103, 'epsilon': 25.182062404406512, 'gamma': 46.74236464838795}. Best is trial 906 with value: 15.547757593814149.
trail number 1603
