[I 2025-07-18 03:58:45,541] Trial 622 finished with value: 22.63290689335578 and parameters: {'C': 917.191237680763, 'epsilon': 0.5520160169145316, 'gamma': 114.76215717219542}. Best is trial 331 with value: 15.7197636232894.
trail number 619
[I 2025-07-18 03:58:45,624] Trial 619 finished with value: 23.42627145824601 and parameters: {'C': 779.7365378188005, 'epsilon': 1.8623355693283288, 'gamma': 105.51172598554365}. Best is trial 331 with value: 15.7197636232894.
trail number 632
[I 2025-07-18 03:58:45,715] Trial 632 finished with value: 24.822325187409078 and parameters: {'C': 99.42054216753473, 'epsilon': 22.867646118351804, 'gamma': 139.2331930716242}. Best is trial 331 with value: 15.7197636232894.
trail number 628
[I 2025-07-18 03:58:45,841] Trial 628 finished with value: 18.901815311640046 and parameters: {'C': 25.073897017616602, 'epsilon': 1.1758821413643905, 'gamma': 105.04401818385284}. Best is trial 331 with value: 15.7197636232894.
trail number 629
[I 2025-07-18 03:58:46,013] Trial 629 finished with value: 46.90885246892147 and parameters: {'C': 379.576517157651, 'epsilon': 0.15963457500666633, 'gamma': 13.414799755757429}. Best is trial 331 with value: 15.7197636232894.
trail number 630
[I 2025-07-18 03:58:46,045] Trial 630 finished with value: 22.954262934902104 and parameters: {'C': 752.0415343903182, 'epsilon': 0.4372529516463466, 'gamma': 104.30845463111393}. Best is trial 331 with value: 15.7197636232894.
trail number 635
[I 2025-07-18 03:58:46,064] Trial 635 finished with value: 53.60159469531699 and parameters: {'C': 3924.9133373168834, 'epsilon': 67.43111527157873, 'gamma': 287.6071396340523}. Best is trial 331 with value: 15.7197636232894.
trail number 634
[I 2025-07-18 03:58:46,168] Trial 634 finished with value: 20.758909161289033 and parameters: {'C': 589.4908301675172, 'epsilon': 0.6194338624260267, 'gamma': 34.292494469323}. Best is trial 331 with value: 15.7197636232894.
trail number 636
[I 2025-07-18 03:58:46,278] Trial 636 finished with value: 28.65971952943129 and parameters: {'C': 8.798126936813475, 'epsilon': 20.792227109220757, 'gamma': 107.65356474351373}. Best is trial 331 with value: 15.7197636232894.
trail number 633
[I 2025-07-18 03:58:46,353] Trial 633 finished with value: 17.477603912670766 and parameters: {'C': 637.2590367648975, 'epsilon': 0.8229942701696925, 'gamma': 52.84359270234189}. Best is trial 331 with value: 15.7197636232894.
trail number 637
[I 2025-07-18 03:58:46,407] Trial 637 finished with value: 17.95913548256091 and parameters: {'C': 180.4089186790817, 'epsilon': 0.5422299701296959, 'gamma': 44.793187378918184}. Best is trial 331 with value: 15.7197636232894.
trail number 638
[I 2025-07-18 03:58:46,499] Trial 638 finished with value: 29.289842705007423 and parameters: {'C': 3.036557356709551, 'epsilon': 2.578864030200255, 'gamma': 80.85956586130989}. Best is trial 331 with value: 15.7197636232894.
trail number 631
[I 2025-07-18 03:58:46,592] Trial 631 finished with value: 18.65531455446178 and parameters: {'C': 996.526863788911, 'epsilon': 0.48311604004447517, 'gamma': 35.68143593011391}. Best is trial 331 with value: 15.7197636232894.
trail number 642
[I 2025-07-18 03:58:46,656] Trial 642 finished with value: 20.311528837404012 and parameters: {'C': 783.7845192166385, 'epsilon': 17.757292023600154, 'gamma': 75.63526782578208}. Best is trial 331 with value: 15.7197636232894.
trail number 639
[I 2025-07-18 03:58:46,719] Trial 639 finished with value: 21.673473927149164 and parameters: {'C': 841.5741104549314, 'epsilon': 0.2970344820451596, 'gamma': 85.8103140238228}. Best is trial 331 with value: 15.7197636232894.
trail number 641
[I 2025-07-18 03:58:46,863] Trial 641 finished with value: 20.092428261456828 and parameters: {'C': 26.356288615908028, 'epsilon': 1.4594521261153066, 'gamma': 157.8353688319538}. Best is trial 331 with value: 15.7197636232894.
trail number 644
[I 2025-07-18 03:58:46,971] Trial 644 finished with value: 23.124816070718314 and parameters: {'C': 684.6980821958105, 'epsilon': 21.58063391332955, 'gamma': 73.24924131472375}. Best is trial 331 with value: 15.7197636232894.
trail number 646
[I 2025-07-18 03:58:46,979] Trial 646 finished with value: 21.775318551768887 and parameters: {'C': 642.3198257752217, 'epsilon': 19.215690263331773, 'gamma': 77.13993531778569}. Best is trial 331 with value: 15.7197636232894.
trail number 643
[I 2025-07-18 03:58:47,005] Trial 643 finished with value: 19.692984305496644 and parameters: {'C': 866.0872286479147, 'epsilon': 16.577967927348848, 'gamma': 71.0743087485279}. Best is trial 331 with value: 15.7197636232894.
trail number 645
[I 2025-07-18 03:58:47,023] Trial 645 finished with value: 18.89866867488987 and parameters: {'C': 176.21677614050836, 'epsilon': 0.34482718506086574, 'gamma': 128.328230428584}. Best is trial 331 with value: 15.7197636232894.
trail number 649
[I 2025-07-18 03:58:47,036] Trial 649 finished with value: 66.07897133782097 and parameters: {'C': 1905.3045158397108, 'epsilon': 85.4977436647044, 'gamma': 387.3887762847553}. Best is trial 331 with value: 15.7197636232894.
trail number 647
[I 2025-07-18 03:58:47,166] Trial 647 finished with value: 20.933610915871956 and parameters: {'C': 36.4537433634491, 'epsilon': 19.258932299263385, 'gamma': 52.14497136409387}. Best is trial 331 with value: 15.7197636232894.
trail number 651
[I 2025-07-18 03:58:47,214] Trial 651 finished with value: 26.585245030007638 and parameters: {'C': 6.518687815838177, 'epsilon': 13.223585946227171, 'gamma': 95.21773250569709}. Best is trial 331 with value: 15.7197636232894.
trail number 652
[I 2025-07-18 03:58:47,290] Trial 652 finished with value: 49.49300427146738 and parameters: {'C': 1.5234340258430734, 'epsilon': 2.8122378084612847, 'gamma': 7.5388239655666}. Best is trial 331 with value: 15.7197636232894.
trail number 650
[I 2025-07-18 03:58:47,311] Trial 650 finished with value: 20.878871693690815 and parameters: {'C': 38.84151379784205, 'epsilon': 19.724839952150685, 'gamma': 49.08399065535316}. Best is trial 331 with value: 15.7197636232894.
trail number 640
[I 2025-07-18 03:58:47,372] Trial 640 finished with value: 18.42496571427192 and parameters: {'C': 1173.4463923036194, 'epsilon': 0.6755567665371505, 'gamma': 48.12590236843385}. Best is trial 331 with value: 15.7197636232894.
trail number 648
[I 2025-07-18 03:58:47,418] Trial 648 finished with value: 19.9405095491912 and parameters: {'C': 628.6285934842648, 'epsilon': 15.840750985187613, 'gamma': 71.00418003533959}. Best is trial 331 with value: 15.7197636232894.
trail number 653
[I 2025-07-18 03:58:47,464] Trial 653 finished with value: 24.314309730388413 and parameters: {'C': 16.556334612956334, 'epsilon': 18.23474579005716, 'gamma': 114.42332149808526}. Best is trial 331 with value: 15.7197636232894.
trail number 654
[I 2025-07-18 03:58:47,482] Trial 654 finished with value: 18.462859950101965 and parameters: {'C': 29.664386765171734, 'epsilon': 2.960586192635642, 'gamma': 92.2195996755151}. Best is trial 331 with value: 15.7197636232894.
trail number 655
[I 2025-07-18 03:58:47,572] Trial 655 finished with value: 22.345416275813314 and parameters: {'C': 816.9863143373292, 'epsilon': 17.38076066673784, 'gamma': 27.603357295215638}. Best is trial 331 with value: 15.7197636232894.
trail number 661
[I 2025-07-18 03:58:47,835] Trial 661 finished with value: 46.27645005953768 and parameters: {'C': 41.64150606875171, 'epsilon': 0.4291543558048615, 'gamma': 4.525388868955204}. Best is trial 331 with value: 15.7197636232894.
trail number 658
[I 2025-07-18 03:58:47,851] Trial 658 finished with value: 23.73968227997851 and parameters: {'C': 7.384798918823073, 'epsilon': 5.002416081999282, 'gamma': 62.68049354285094}. Best is trial 331 with value: 15.7197636232894.
trail number 657
[I 2025-07-18 03:58:47,858] Trial 657 finished with value: 29.452697427301576 and parameters: {'C': 42.00803130423972, 'epsilon': 0.07765691912945605, 'gamma': 20.181352118649457}. Best is trial 331 with value: 15.7197636232894.
trail number 660
[I 2025-07-18 03:58:48,028] Trial 660 finished with value: 22.774039028659153 and parameters: {'C': 713.6292790894148, 'epsilon': 1.0632713031520633, 'gamma': 134.4294608889381}. Best is trial 331 with value: 15.7197636232894.
trail number 663
[I 2025-07-18 03:58:48,121] Trial 663 finished with value: 30.83122028435347 and parameters: {'C': 8.418762933385935, 'epsilon': 21.274142886970477, 'gamma': 150.38193907303167}. Best is trial 331 with value: 15.7197636232894.
trail number 665
[I 2025-07-18 03:58:48,226] Trial 665 finished with value: 21.86848196813316 and parameters: {'C': 45.838774099746786, 'epsilon': 14.614017625576906, 'gamma': 120.5929150175147}. Best is trial 331 with value: 15.7197636232894.
trail number 664
[I 2025-07-18 03:58:48,274] Trial 664 finished with value: 27.66762883500499 and parameters: {'C': 964.7952278368289, 'epsilon': 19.510618624883246, 'gamma': 164.7550544954265}. Best is trial 331 with value: 15.7197636232894.
trail number 662
[I 2025-07-18 03:58:48,422] Trial 662 finished with value: 22.479470293840475 and parameters: {'C': 667.7946135973086, 'epsilon': 0.4326050283959648, 'gamma': 107.04884721306598}. Best is trial 331 with value: 15.7197636232894.
trail number 656
[I 2025-07-18 03:58:48,451] Trial 656 finished with value: 26.03963134176113 and parameters: {'C': 1726.1901669120934, 'epsilon': 1.0456454423370243, 'gamma': 14.705078896907231}. Best is trial 331 with value: 15.7197636232894.
trail number 667
[I 2025-07-18 03:58:48,501] Trial 667 finished with value: 17.545292969297762 and parameters: {'C': 54.81976227903863, 'epsilon': 2.964120878396922, 'gamma': 98.45766014856261}. Best is trial 331 with value: 15.7197636232894.
trail number 659
[I 2025-07-18 03:58:48,511] Trial 659 finished with value: 27.24408787650973 and parameters: {'C': 827.0967028844012, 'epsilon': 1.2882197779518412, 'gamma': 169.72813383772547}. Best is trial 331 with value: 15.7197636232894.
trail number 668
[I 2025-07-18 03:58:48,764] Trial 668 finished with value: 49.424030050495546 and parameters: {'C': 0.3981477718795077, 'epsilon': 2.040555146694132, 'gamma': 143.35193977945772}. Best is trial 331 with value: 15.7197636232894.
trail number 669
[I 2025-07-18 03:58:48,980] Trial 669 finished with value: 23.51464255978354 and parameters: {'C': 1000.947653353591, 'epsilon': 1.0657958331890995, 'gamma': 99.31636741823378}. Best is trial 331 with value: 15.7197636232894.
trail number 670
[I 2025-07-18 03:58:49,016] Trial 670 finished with value: 38.06853735054602 and parameters: {'C': 5980.026803765775, 'epsilon': 36.489534971110146, 'gamma': 110.67563940845696}. Best is trial 331 with value: 15.7197636232894.
trail number 671
[I 2025-07-18 03:58:49,049] Trial 671 finished with value: 24.067092186370182 and parameters: {'C': 1034.3562808894112, 'epsilon': 0.48969989566335403, 'gamma': 92.89863036389315}. Best is trial 331 with value: 15.7197636232894.
trail number 674
[I 2025-07-18 03:58:49,195] Trial 674 finished with value: 21.591032276666997 and parameters: {'C': 754.935440308931, 'epsilon': 20.628497555461195, 'gamma': 22.365024465684208}. Best is trial 331 with value: 15.7197636232894.
trail number 673
[I 2025-07-18 03:58:49,273] Trial 673 finished with value: 20.40658568247642 and parameters: {'C': 1031.1547364843145, 'epsilon': 17.296918471992512, 'gamma': 46.67403280729643}. Best is trial 331 with value: 15.7197636232894.
trail number 677
[I 2025-07-18 03:58:49,468] Trial 677 finished with value: 20.00795955403884 and parameters: {'C': 483.1600374313006, 'epsilon': 14.87516385496023, 'gamma': 82.3353234393739}. Best is trial 331 with value: 15.7197636232894.
trail number 678
[I 2025-07-18 03:58:49,587] Trial 678 finished with value: 23.051188502356034 and parameters: {'C': 11.518233249217232, 'epsilon': 15.553497100056921, 'gamma': 59.15600975679946}. Best is trial 331 with value: 15.7197636232894.
trail number 679
[I 2025-07-18 03:58:49,682] Trial 679 finished with value: 20.806636239255972 and parameters: {'C': 58.379742025049765, 'epsilon': 20.248843777146416, 'gamma': 49.79846041352776}. Best is trial 331 with value: 15.7197636232894.
trail number 676
[I 2025-07-18 03:58:49,692] Trial 676 finished with value: 17.250461553968773 and parameters: {'C': 769.3886178385723, 'epsilon': 0.5949498222245715, 'gamma': 43.424108475680455}. Best is trial 331 with value: 15.7197636232894.
trail number 672
[I 2025-07-18 03:58:49,744] Trial 672 finished with value: 23.75746104482348 and parameters: {'C': 1188.5074977691515, 'epsilon': 0.16183989760845452, 'gamma': 96.15548508878429}. Best is trial 331 with value: 15.7197636232894.
trail number 683
[I 2025-07-18 03:58:49,810] Trial 683 finished with value: 70.5641014269381 and parameters: {'C': 523.6762691211779, 'epsilon': 93.6904506896497, 'gamma': 336.40181229212806}. Best is trial 331 with value: 15.7197636232894.
trail number 675
[I 2025-07-18 03:58:49,913] Trial 675 finished with value: 20.258693746603644 and parameters: {'C': 690.6476840222521, 'epsilon': 0.256634222543503, 'gamma': 69.29592715650828}. Best is trial 331 with value: 15.7197636232894.
trail number 681
[I 2025-07-18 03:58:49,978] Trial 681 finished with value: 22.130742829044706 and parameters: {'C': 818.8164923885766, 'epsilon': 16.504886468483587, 'gamma': 23.360223736817645}. Best is trial 331 with value: 15.7197636232894.
trail number 680
[I 2025-07-18 03:58:49,984] Trial 680 finished with value: 17.873657534626783 and parameters: {'C': 205.87954862767094, 'epsilon': 0.5343471938314762, 'gamma': 44.822789829172144}. Best is trial 331 with value: 15.7197636232894.
trail number 666
[I 2025-07-18 03:58:49,989] Trial 666 finished with value: 24.072298519208182 and parameters: {'C': 2349.2157462553987, 'epsilon': 0.5204468694689468, 'gamma': 64.03463399871274}. Best is trial 331 with value: 15.7197636232894.
trail number 686
[I 2025-07-18 03:58:50,284] Trial 686 finished with value: 18.11445205619562 and parameters: {'C': 87.20330114225362, 'epsilon': 0.2229450805431068, 'gamma': 50.31727523395716}. Best is trial 331 with value: 15.7197636232894.
trail number 684
[I 2025-07-18 03:58:50,373] Trial 684 finished with value: 17.970465262124932 and parameters: {'C': 147.1271802354834, 'epsilon': 0.37647179063372926, 'gamma': 92.06759920725409}. Best is trial 331 with value: 15.7197636232894.
trail number 690
[I 2025-07-18 03:58:50,419] Trial 690 finished with value: 81.12747174511898 and parameters: {'C': 4870.669378739414, 'epsilon': 111.62072979814177, 'gamma': 497.8993031252929}. Best is trial 331 with value: 15.7197636232894.
trail number 688
[I 2025-07-18 03:58:50,440] Trial 688 finished with value: 21.681226912359055 and parameters: {'C': 615.7493868773682, 'epsilon': 0.294122196847858, 'gamma': 31.875179489318462}. Best is trial 331 with value: 15.7197636232894.
trail number 687
[I 2025-07-18 03:58:50,462] Trial 687 finished with value: 19.43040191530403 and parameters: {'C': 19.54275738107154, 'epsilon': 1.2241109068878133, 'gamma': 89.54870418309518}. Best is trial 331 with value: 15.7197636232894.
trail number 689
[I 2025-07-18 03:58:50,542] Trial 689 finished with value: 19.895057094562887 and parameters: {'C': 17.176243732794887, 'epsilon': 2.2348032115143823, 'gamma': 99.10744700685822}. Best is trial 331 with value: 15.7197636232894.
trail number 682
[I 2025-07-18 03:58:50,549] Trial 682 finished with value: 24.047628418697425 and parameters: {'C': 1931.8624824232131, 'epsilon': 15.89633574739197, 'gamma': 110.2862131792184}. Best is trial 331 with value: 15.7197636232894.
trail number 685
[I 2025-07-18 03:58:50,627] Trial 685 finished with value: 20.05910825106952 and parameters: {'C': 354.7085797054403, 'epsilon': 0.06770387496688668, 'gamma': 100.81430971195839}. Best is trial 331 with value: 15.7197636232894.
trail number 692
[I 2025-07-18 03:58:50,668] Trial 692 finished with value: 52.1049768913713 and parameters: {'C': 0.6091754712726356, 'epsilon': 23.961999864354482, 'gamma': 28.637460801868798}. Best is trial 331 with value: 15.7197636232894.
trail number 697
[I 2025-07-18 03:58:50,856] Trial 697 finished with value: 22.576698788860547 and parameters: {'C': 115.7165869125524, 'epsilon': 19.39353313142269, 'gamma': 121.44454396253636}. Best is trial 331 with value: 15.7197636232894.
trail number 691
[I 2025-07-18 03:58:50,863] Trial 691 finished with value: 21.17422279365421 and parameters: {'C': 17.97673665129524, 'epsilon': 1.459788947149013, 'gamma': 34.87002306176615}. Best is trial 331 with value: 15.7197636232894.
trail number 693
[I 2025-07-18 03:58:50,974] Trial 693 finished with value: 22.262729284010863 and parameters: {'C': 584.7014942451816, 'epsilon': 13.84678289815647, 'gamma': 158.01833613167713}. Best is trial 331 with value: 15.7197636232894.
trail number 696
[I 2025-07-18 03:58:50,992] Trial 696 finished with value: 49.69840384928505 and parameters: {'C': 26.593913670244007, 'epsilon': 31.588040659038946, 'gamma': 4.6483162107392815}. Best is trial 331 with value: 15.7197636232894.
trail number 694
[I 2025-07-18 03:58:51,001] Trial 694 finished with value: 24.791353413683915 and parameters: {'C': 1876.741077031956, 'epsilon': 18.69293831599291, 'gamma': 112.19664652836302}. Best is trial 331 with value: 15.7197636232894.
trail number 702
[I 2025-07-18 03:58:51,022] Trial 702 finished with value: 82.87478841289972 and parameters: {'C': 5398.585608646145, 'epsilon': 117.87931310692866, 'gamma': 189.99683766678862}. Best is trial 331 with value: 15.7197636232894.
trail number 695
[I 2025-07-18 03:58:51,076] Trial 695 finished with value: 16.64993682698016 and parameters: {'C': 85.28647959201948, 'epsilon': 0.14374442780019958, 'gamma': 71.53914624699918}. Best is trial 331 with value: 15.7197636232894.
trail number 699
[I 2025-07-18 03:58:51,101] Trial 699 finished with value: 33.677012007443054 and parameters: {'C': 635.9744342622896, 'epsilon': 39.42325038050916, 'gamma': 132.62444365717823}. Best is trial 331 with value: 15.7197636232894.
trail number 703
[I 2025-07-18 03:58:51,228] Trial 703 finished with value: 22.391312454788387 and parameters: {'C': 757.6435546873143, 'epsilon': 20.67313987034316, 'gamma': 64.43154485162574}. Best is trial 331 with value: 15.7197636232894.
trail number 698
[I 2025-07-18 03:58:51,241] Trial 698 finished with value: 47.290366484605045 and parameters: {'C': 902.5758164670458, 'epsilon': 13.970597688185707, 'gamma': 12.129181480534008}. Best is trial 331 with value: 15.7197636232894.
trail number 704
[I 2025-07-18 03:58:51,287] Trial 704 finished with value: 45.749686770444335 and parameters: {'C': 1395.560617557426, 'epsilon': 53.115637788789535, 'gamma': 156.60628716079594}. Best is trial 331 with value: 15.7197636232894.
trail number 706
[I 2025-07-18 03:58:51,498] Trial 706 finished with value: 20.791313297651943 and parameters: {'C': 742.872490137156, 'epsilon': 18.533649305279702, 'gamma': 57.78296107335552}. Best is trial 331 with value: 15.7197636232894.
trail number 700
[I 2025-07-18 03:58:51,550] Trial 700 finished with value: 21.375213830302762 and parameters: {'C': 838.3147036133448, 'epsilon': 12.838324186499873, 'gamma': 92.1521959222114}. Best is trial 331 with value: 15.7197636232894.
trail number 707
[I 2025-07-18 03:58:51,559] Trial 707 finished with value: 24.774628527165873 and parameters: {'C': 885.7395585424848, 'epsilon': 17.968437502843628, 'gamma': 142.8193879058179}. Best is trial 331 with value: 15.7197636232894.
trail number 705
[I 2025-07-18 03:58:51,564] Trial 705 finished with value: 21.993433148690404 and parameters: {'C': 623.170518670778, 'epsilon': 17.781047093799923, 'gamma': 102.0498842705964}. Best is trial 331 with value: 15.7197636232894.
trail number 701
[I 2025-07-18 03:58:51,601] Trial 701 finished with value: 17.93954053259656 and parameters: {'C': 819.6962555897626, 'epsilon': 11.51172710122658, 'gamma': 47.66837899918474}. Best is trial 331 with value: 15.7197636232894.
trail number 711
[I 2025-07-18 03:58:51,859] Trial 711 finished with value: 22.697653981384484 and parameters: {'C': 16.368856817703886, 'epsilon': 4.764446391500059, 'gamma': 168.02952653116648}. Best is trial 331 with value: 15.7197636232894.
trail number 709
[I 2025-07-18 03:58:51,866] Trial 709 finished with value: 18.8360098126536 and parameters: {'C': 163.44178732641365, 'epsilon': 0.7307665494501963, 'gamma': 144.26151090776517}. Best is trial 331 with value: 15.7197636232894.
trail number 715
[I 2025-07-18 03:58:52,045] Trial 715 finished with value: 22.544955700790858 and parameters: {'C': 105.9295721799237, 'epsilon': 19.728892201979388, 'gamma': 113.35701101285368}. Best is trial 331 with value: 15.7197636232894.
trail number 713
[I 2025-07-18 03:58:52,061] Trial 713 finished with value: 53.21860149281813 and parameters: {'C': 0.1621795489304816, 'epsilon': 9.65362672227161, 'gamma': 162.7251290436111}. Best is trial 331 with value: 15.7197636232894.
trail number 714
[I 2025-07-18 03:58:52,176] Trial 714 finished with value: 17.911719554833336 and parameters: {'C': 73.56838206759134, 'epsilon': 3.218573199743305, 'gamma': 110.95223767375114}. Best is trial 331 with value: 15.7197636232894.
trail number 716
[I 2025-07-18 03:58:52,243] Trial 716 finished with value: 47.26144895378908 and parameters: {'C': 3815.5605726872845, 'epsilon': 44.20417076893957, 'gamma': 322.0890922806028}. Best is trial 331 with value: 15.7197636232894.
trail number 708
[I 2025-07-18 03:58:52,293] Trial 708 finished with value: 22.431725126460908 and parameters: {'C': 960.6489936251588, 'epsilon': 0.14109569929577148, 'gamma': 84.46740934428409}. Best is trial 331 with value: 15.7197636232894.
trail number 710
[I 2025-07-18 03:58:52,417] Trial 710 finished with value: 23.133047780348832 and parameters: {'C': 619.7817376774564, 'epsilon': 0.7381684175293737, 'gamma': 146.46847201801398}. Best is trial 331 with value: 15.7197636232894.
trail number 712
