[I 2025-07-18 03:58:16,727] Trial 266 finished with value: 20.7893836273118 and parameters: {'C': 356.39339717312214, 'epsilon': 1.6676069050051399, 'gamma': 103.06967630411192}. Best is trial 143 with value: 16.034572788541183.
trail number 268
[I 2025-07-18 03:58:16,743] Trial 268 finished with value: 24.245360391954968 and parameters: {'C': 1007.1824181907064, 'epsilon': 7.288389882334343, 'gamma': 130.62601722541814}. Best is trial 143 with value: 16.034572788541183.
trail number 269
[I 2025-07-18 03:58:16,791] Trial 269 finished with value: 20.591136649809904 and parameters: {'C': 268.47821994440426, 'epsilon': 3.381947047577083, 'gamma': 32.41048547525165}. Best is trial 143 with value: 16.034572788541183.
trail number 270
[I 2025-07-18 03:58:17,033] Trial 270 finished with value: 19.327521519004865 and parameters: {'C': 480.7659006405203, 'epsilon': 0.5499018720910032, 'gamma': 71.31516899745826}. Best is trial 143 with value: 16.034572788541183.
trail number 274
[I 2025-07-18 03:58:17,038] Trial 274 finished with value: 19.27406854517532 and parameters: {'C': 28.18178800701233, 'epsilon': 1.6288644672685846, 'gamma': 127.25022687857124}. Best is trial 143 with value: 16.034572788541183.
trail number 271
[I 2025-07-18 03:58:17,174] Trial 271 finished with value: 18.856773002123347 and parameters: {'C': 138.69760990093764, 'epsilon': 1.2246561169294639, 'gamma': 129.4388888546144}. Best is trial 143 with value: 16.034572788541183.
trail number 277
[I 2025-07-18 03:58:17,225] Trial 277 finished with value: 26.57146731537386 and parameters: {'C': 415.41438168205707, 'epsilon': 25.112455807039538, 'gamma': 112.98148035786464}. Best is trial 143 with value: 16.034572788541183.
trail number 273
[I 2025-07-18 03:58:17,233] Trial 273 finished with value: 20.70966867649116 and parameters: {'C': 20.79534776328819, 'epsilon': 1.6842095824672865, 'gamma': 160.72764141824086}. Best is trial 143 with value: 16.034572788541183.
trail number 276
[I 2025-07-18 03:58:17,340] Trial 276 finished with value: 25.407487396333927 and parameters: {'C': 8.610260259559453, 'epsilon': 1.230713294573066, 'gamma': 174.42980221937302}. Best is trial 143 with value: 16.034572788541183.
trail number 275
[I 2025-07-18 03:58:17,402] Trial 275 finished with value: 19.227222998634662 and parameters: {'C': 172.55299568745508, 'epsilon': 0.9813043701478179, 'gamma': 155.26301631917292}. Best is trial 143 with value: 16.034572788541183.
trail number 280
[I 2025-07-18 03:58:17,504] Trial 280 finished with value: 26.650609574039407 and parameters: {'C': 12.597817641193558, 'epsilon': 20.58682537738762, 'gamma': 111.89507671347681}. Best is trial 143 with value: 16.034572788541183.
trail number 281
[I 2025-07-18 03:58:17,504] Trial 281 finished with value: 22.64419136844976 and parameters: {'C': 70.7786824902708, 'epsilon': 21.718871354778877, 'gamma': 78.76761826116937}. Best is trial 143 with value: 16.034572788541183.
trail number 278
[I 2025-07-18 03:58:17,637] Trial 278 finished with value: 33.25541829269825 and parameters: {'C': 43.36564950897365, 'epsilon': 5.6354353825849195, 'gamma': 18.12840874753151}. Best is trial 143 with value: 16.034572788541183.
trail number 272
[I 2025-07-18 03:58:17,739] Trial 272 finished with value: 23.5181154220193 and parameters: {'C': 1039.6845349194784, 'epsilon': 0.04544549725791058, 'gamma': 97.62516716641277}. Best is trial 143 with value: 16.034572788541183.
trail number 279
[I 2025-07-18 03:58:17,903] Trial 279 finished with value: 19.209488877932888 and parameters: {'C': 1055.3864626889922, 'epsilon': 0.23230867299473745, 'gamma': 52.83540982878175}. Best is trial 143 with value: 16.034572788541183.
trail number 287
[I 2025-07-18 03:58:17,965] Trial 287 finished with value: 59.11375830209029 and parameters: {'C': 133.14100882102412, 'epsilon': 73.07916008389864, 'gamma': 449.8412485554602}. Best is trial 143 with value: 16.034572788541183.
trail number 283
[I 2025-07-18 03:58:18,051] Trial 283 finished with value: 18.50916858163295 and parameters: {'C': 806.9376882905469, 'epsilon': 1.1685701705663794, 'gamma': 54.48630550374779}. Best is trial 143 with value: 16.034572788541183.
trail number 282
[I 2025-07-18 03:58:18,178] Trial 282 finished with value: 17.41929704450088 and parameters: {'C': 667.9368677885197, 'epsilon': 0.15378712531193983, 'gamma': 50.048477476306886}. Best is trial 143 with value: 16.034572788541183.
trail number 284
[I 2025-07-18 03:58:18,219] Trial 284 finished with value: 22.10902553209749 and parameters: {'C': 536.4083152573137, 'epsilon': 0.027860170998787126, 'gamma': 19.306184033833183}. Best is trial 143 with value: 16.034572788541183.
trail number 289
[I 2025-07-18 03:58:18,316] Trial 289 finished with value: 22.437309236976105 and parameters: {'C': 671.5006608589645, 'epsilon': 19.01090690431178, 'gamma': 31.369353621701666}. Best is trial 143 with value: 16.034572788541183.
trail number 288
[I 2025-07-18 03:58:18,352] Trial 288 finished with value: 19.391461978985127 and parameters: {'C': 1032.4273945335735, 'epsilon': 14.431957084678576, 'gamma': 41.3581314554087}. Best is trial 143 with value: 16.034572788541183.
trail number 285
[I 2025-07-18 03:58:18,547] Trial 285 finished with value: 23.36686737569727 and parameters: {'C': 1096.9491766554484, 'epsilon': 1.84122689799278, 'gamma': 17.85389301220185}. Best is trial 143 with value: 16.034572788541183.
trail number 286
[I 2025-07-18 03:58:18,584] Trial 286 finished with value: 19.847271828321354 and parameters: {'C': 776.2534546319741, 'epsilon': 0.8741264371785569, 'gamma': 61.23594034589173}. Best is trial 143 with value: 16.034572788541183.
trail number 290
[I 2025-07-18 03:58:18,736] Trial 290 finished with value: 43.71445830589839 and parameters: {'C': 146.8533272560112, 'epsilon': 2.2004497714007747, 'gamma': 13.606346557686457}. Best is trial 143 with value: 16.034572788541183.
trail number 295
[I 2025-07-18 03:58:18,810] Trial 295 finished with value: 27.835272384120323 and parameters: {'C': 4678.106684628514, 'epsilon': 58.697449918528214, 'gamma': 38.17064759761871}. Best is trial 143 with value: 16.034572788541183.
trail number 292
[I 2025-07-18 03:58:18,826] Trial 292 finished with value: 22.232497726587283 and parameters: {'C': 909.6635591074065, 'epsilon': 1.961114723253785, 'gamma': 31.67501341073512}. Best is trial 143 with value: 16.034572788541183.
trail number 293
[I 2025-07-18 03:58:18,891] Trial 293 finished with value: 19.122435181387395 and parameters: {'C': 783.0602464132412, 'epsilon': 2.1150545343984213, 'gamma': 55.909157892615355}. Best is trial 143 with value: 16.034572788541183.
trail number 298
[I 2025-07-18 03:58:18,994] Trial 298 finished with value: 22.473899055706745 and parameters: {'C': 151.51586368383573, 'epsilon': 23.513370367221583, 'gamma': 59.301593193028275}. Best is trial 143 with value: 16.034572788541183.
trail number 294
[I 2025-07-18 03:58:19,019] Trial 294 finished with value: 21.029638496646093 and parameters: {'C': 12.725139282457945, 'epsilon': 1.6709123144742541, 'gamma': 89.90580819949064}. Best is trial 143 with value: 16.034572788541183.
trail number 291
[I 2025-07-18 03:58:19,036] Trial 291 finished with value: 17.594980737730076 and parameters: {'C': 697.8586584925714, 'epsilon': 0.8195649259841105, 'gamma': 39.616700365493145}. Best is trial 143 with value: 16.034572788541183.
trail number 297
[I 2025-07-18 03:58:19,213] Trial 297 finished with value: 20.856838524285255 and parameters: {'C': 727.4257716257608, 'epsilon': 18.81040196439728, 'gamma': 61.34794611856792}. Best is trial 143 with value: 16.034572788541183.
trail number 299
[I 2025-07-18 03:58:19,234] Trial 299 finished with value: 18.35645408286079 and parameters: {'C': 140.16641278230722, 'epsilon': 0.675141748960559, 'gamma': 43.750091836199516}. Best is trial 143 with value: 16.034572788541183.
trail number 300
[I 2025-07-18 03:58:19,268] Trial 300 finished with value: 19.0753222654305 and parameters: {'C': 62.06475424398498, 'epsilon': 3.9555948181764857, 'gamma': 38.51186544078078}. Best is trial 143 with value: 16.034572788541183.
trail number 302
[I 2025-07-18 03:58:19,351] Trial 302 finished with value: 20.14409156697726 and parameters: {'C': 99.49917492794532, 'epsilon': 17.735390673443096, 'gamma': 67.13956928794175}. Best is trial 143 with value: 16.034572788541183.
trail number 296
[I 2025-07-18 03:58:19,393] Trial 296 finished with value: 20.47280046379644 and parameters: {'C': 307.6755364310128, 'epsilon': 0.32101277196827394, 'gamma': 35.09955365511833}. Best is trial 143 with value: 16.034572788541183.
trail number 301
[I 2025-07-18 03:58:19,411] Trial 301 finished with value: 23.419700926525145 and parameters: {'C': 804.304663839704, 'epsilon': 21.46902512036063, 'gamma': 35.74292974792475}. Best is trial 143 with value: 16.034572788541183.
trail number 305
[I 2025-07-18 03:58:19,577] Trial 305 finished with value: 21.926837743022695 and parameters: {'C': 875.9292399089201, 'epsilon': 16.165506279061955, 'gamma': 106.12563488923142}. Best is trial 143 with value: 16.034572788541183.
trail number 304
[I 2025-07-18 03:58:19,582] Trial 304 finished with value: 20.46886638746546 and parameters: {'C': 948.0881665823409, 'epsilon': 14.569112530864746, 'gamma': 99.14637861364113}. Best is trial 143 with value: 16.034572788541183.
trail number 307
[I 2025-07-18 03:58:19,696] Trial 307 finished with value: 21.002344090125824 and parameters: {'C': 28.403624847671438, 'epsilon': 15.732193938387418, 'gamma': 80.84213548765509}. Best is trial 143 with value: 16.034572788541183.
trail number 306
[I 2025-07-18 03:58:19,714] Trial 306 finished with value: 25.634034782494656 and parameters: {'C': 985.0151560665099, 'epsilon': 24.54880429604559, 'gamma': 70.0622406604841}. Best is trial 143 with value: 16.034572788541183.
trail number 303
[I 2025-07-18 03:58:19,737] Trial 303 finished with value: 17.349091083951777 and parameters: {'C': 87.99841274479851, 'epsilon': 1.4133071973800337, 'gamma': 51.48583969306402}. Best is trial 143 with value: 16.034572788541183.
trail number 308
[I 2025-07-18 03:58:19,881] Trial 308 finished with value: 24.481719504919504 and parameters: {'C': 816.4137812371389, 'epsilon': 18.867695069299714, 'gamma': 124.6092162909712}. Best is trial 143 with value: 16.034572788541183.
trail number 310
[I 2025-07-18 03:58:19,892] Trial 310 finished with value: 16.598644986307967 and parameters: {'C': 87.66809306320033, 'epsilon': 0.47689527786673835, 'gamma': 70.5018160408884}. Best is trial 143 with value: 16.034572788541183.
trail number 309
[I 2025-07-18 03:58:19,919] Trial 309 finished with value: 24.30379533331429 and parameters: {'C': 1020.6808452624605, 'epsilon': 18.53695568061111, 'gamma': 122.78189580356928}. Best is trial 143 with value: 16.034572788541183.
trail number 313
[I 2025-07-18 03:58:20,113] Trial 313 finished with value: 27.626209670226967 and parameters: {'C': 777.2260253926722, 'epsilon': 21.208995132504413, 'gamma': 151.1943639811708}. Best is trial 143 with value: 16.034572788541183.
trail number 315
[I 2025-07-18 03:58:20,185] Trial 315 finished with value: 47.237055667807255 and parameters: {'C': 148.74549621655314, 'epsilon': 0.7063513906614733, 'gamma': 3.615920774873416}. Best is trial 143 with value: 16.034572788541183.
trail number 311
[I 2025-07-18 03:58:20,233] Trial 311 finished with value: 17.880992697525276 and parameters: {'C': 61.48499803888867, 'epsilon': 0.1335478066871294, 'gamma': 117.51376774322986}. Best is trial 143 with value: 16.034572788541183.
trail number 314
[I 2025-07-18 03:58:20,340] Trial 314 finished with value: 20.077941457537342 and parameters: {'C': 82.64233137940103, 'epsilon': 6.966844323116536, 'gamma': 119.88449404611941}. Best is trial 143 with value: 16.034572788541183.
trail number 318
[I 2025-07-18 03:58:20,514] Trial 318 finished with value: 17.097091435166227 and parameters: {'C': 80.77140612589159, 'epsilon': 0.10188315704084516, 'gamma': 89.71325232982295}. Best is trial 143 with value: 16.034572788541183.
trail number 316
[I 2025-07-18 03:58:20,519] Trial 316 finished with value: 22.46004132219887 and parameters: {'C': 971.6016640647437, 'epsilon': 1.8161109436020595, 'gamma': 75.91078079892614}. Best is trial 143 with value: 16.034572788541183.
trail number 317
[I 2025-07-18 03:58:20,693] Trial 317 finished with value: 17.143885903712835 and parameters: {'C': 148.5855709714542, 'epsilon': 0.09237633430575398, 'gamma': 84.2819239802398}. Best is trial 143 with value: 16.034572788541183.
trail number 320
[I 2025-07-18 03:58:20,930] Trial 320 finished with value: 18.766849316565416 and parameters: {'C': 146.9673996549805, 'epsilon': 0.0994506322767803, 'gamma': 118.94954095046216}. Best is trial 143 with value: 16.034572788541183.
trail number 322
[I 2025-07-18 03:58:21,226] Trial 322 finished with value: 24.769069978304138 and parameters: {'C': 1266.6948155950051, 'epsilon': 0.5109730126518182, 'gamma': 122.01328309409578}. Best is trial 143 with value: 16.034572788541183.
trail number 321
[I 2025-07-18 03:58:21,314] Trial 321 finished with value: 27.803435001149438 and parameters: {'C': 1859.4520654659054, 'epsilon': 4.3157122429947865, 'gamma': 134.60774801467528}. Best is trial 143 with value: 16.034572788541183.
trail number 319
[I 2025-07-18 03:58:21,370] Trial 319 finished with value: 26.595210875085268 and parameters: {'C': 917.9103469840976, 'epsilon': 0.11112487092736223, 'gamma': 152.44792040874978}. Best is trial 143 with value: 16.034572788541183.
trail number 312
[I 2025-07-18 03:58:21,532] Trial 312 finished with value: 30.886254366432762 and parameters: {'C': 1913.4777370807067, 'epsilon': 1.1113419332591477, 'gamma': 181.81722374294628}. Best is trial 143 with value: 16.034572788541183.
trail number 325
[I 2025-07-18 03:58:21,584] Trial 325 finished with value: 18.687104507367003 and parameters: {'C': 205.8929496989312, 'epsilon': 0.7248908543538533, 'gamma': 94.22752388585008}. Best is trial 143 with value: 16.034572788541183.
trail number 326
[I 2025-07-18 03:58:21,643] Trial 326 finished with value: 16.54280472017398 and parameters: {'C': 155.61140496013897, 'epsilon': 2.235482022117602, 'gamma': 81.14382773052529}. Best is trial 143 with value: 16.034572788541183.
trail number 323
[I 2025-07-18 03:58:21,667] Trial 323 finished with value: 23.668728710103732 and parameters: {'C': 732.3131421668206, 'epsilon': 0.7261654732779356, 'gamma': 141.41508158709334}. Best is trial 143 with value: 16.034572788541183.
trail number 329
[I 2025-07-18 03:58:21,784] Trial 329 finished with value: 21.468370926609097 and parameters: {'C': 41.301045488019426, 'epsilon': 15.948678363324817, 'gamma': 111.47860754091417}. Best is trial 143 with value: 16.034572788541183.
trail number 330
[I 2025-07-18 03:58:21,812] Trial 330 finished with value: 25.689339875554662 and parameters: {'C': 9.793544239935812, 'epsilon': 19.071068337305682, 'gamma': 52.39537615375254}. Best is trial 143 with value: 16.034572788541183.
trail number 327
[I 2025-07-18 03:58:21,852] Trial 327 finished with value: 18.22862069044742 and parameters: {'C': 42.52614362153085, 'epsilon': 3.085374745813196, 'gamma': 108.77523647743396}. Best is trial 143 with value: 16.034572788541183.
trail number 328
[I 2025-07-18 03:58:21,911] Trial 328 finished with value: 19.951034287093865 and parameters: {'C': 90.63359633817083, 'epsilon': 12.74935393408516, 'gamma': 92.56126168350949}. Best is trial 143 with value: 16.034572788541183.
trail number 332
[I 2025-07-18 03:58:22,059] Trial 332 finished with value: 32.69675690490334 and parameters: {'C': 5.220418504217264, 'epsilon': 1.9855199017265686, 'gamma': 25.688785110237564}. Best is trial 143 with value: 16.034572788541183.
trail number 333
[I 2025-07-18 03:58:22,087] Trial 333 finished with value: 44.26417814984747 and parameters: {'C': 25.149203228839816, 'epsilon': 5.398168728988819, 'gamma': 6.208570449936147}. Best is trial 143 with value: 16.034572788541183.
trail number 331
[I 2025-07-18 03:58:22,237] Trial 331 finished with value: 15.7197636232894 and parameters: {'C': 181.0223827992066, 'epsilon': 2.203627473060081, 'gamma': 64.55919680261204}. Best is trial 331 with value: 15.7197636232894.
trail number 336
[I 2025-07-18 03:58:22,324] Trial 336 finished with value: 54.86437367112843 and parameters: {'C': 169.165851805549, 'epsilon': 18.2986200505998, 'gamma': 11.822750697290715}. Best is trial 331 with value: 15.7197636232894.
trail number 335
[I 2025-07-18 03:58:22,475] Trial 335 finished with value: 15.94766808788072 and parameters: {'C': 173.45530674176763, 'epsilon': 1.8551146953718645, 'gamma': 54.31726160584389}. Best is trial 331 with value: 15.7197636232894.
trail number 337
[I 2025-07-18 03:58:22,622] Trial 337 finished with value: 17.413008198151665 and parameters: {'C': 876.743561899141, 'epsilon': 0.27337479568254286, 'gamma': 39.08467982294442}. Best is trial 331 with value: 15.7197636232894.
trail number 339
[I 2025-07-18 03:58:22,636] Trial 339 finished with value: 16.94770149920621 and parameters: {'C': 90.81033726583331, 'epsilon': 0.739861561181002, 'gamma': 54.9420944140405}. Best is trial 331 with value: 15.7197636232894.
trail number 342
[I 2025-07-18 03:58:22,659] Trial 342 finished with value: 81.88232884919549 and parameters: {'C': 2992.687346398862, 'epsilon': 119.52998247045443, 'gamma': 46.13182925908498}. Best is trial 331 with value: 15.7197636232894.
trail number 334
[I 2025-07-18 03:58:22,740] Trial 334 finished with value: 18.43370710512387 and parameters: {'C': 704.95371890811, 'epsilon': 1.333727249231666, 'gamma': 57.42041664125321}. Best is trial 331 with value: 15.7197636232894.
trail number 343
[I 2025-07-18 03:58:22,954] Trial 343 finished with value: 18.88897328138239 and parameters: {'C': 31.364075547524152, 'epsilon': 1.1223415195351505, 'gamma': 119.1106521104492}. Best is trial 331 with value: 15.7197636232894.
trail number 344
[I 2025-07-18 03:58:23,193] Trial 344 finished with value: 22.428767251016257 and parameters: {'C': 36.08379730350049, 'epsilon': 3.9077834761415904, 'gamma': 26.4510338175279}. Best is trial 331 with value: 15.7197636232894.
trail number 345
[I 2025-07-18 03:58:23,238] Trial 345 finished with value: 19.13895927605897 and parameters: {'C': 66.37299508115063, 'epsilon': 2.741396991364587, 'gamma': 38.352803290332645}. Best is trial 331 with value: 15.7197636232894.
trail number 324
[I 2025-07-18 03:58:23,244] Trial 324 finished with value: 30.693324306492457 and parameters: {'C': 1628.15552804343, 'epsilon': 0.1931596954440038, 'gamma': 156.0854510931091}. Best is trial 331 with value: 15.7197636232894.
trail number 341
[I 2025-07-18 03:58:23,298] Trial 341 finished with value: 22.94425627571271 and parameters: {'C': 1191.9742640746986, 'epsilon': 2.974480034698495, 'gamma': 69.00860194100376}. Best is trial 331 with value: 15.7197636232894.
trail number 340
[I 2025-07-18 03:58:23,406] Trial 340 finished with value: 21.85032782210383 and parameters: {'C': 869.0103146194637, 'epsilon': 3.3775321814214627, 'gamma': 68.69981394028187}. Best is trial 331 with value: 15.7197636232894.
trail number 347
[I 2025-07-18 03:58:23,437] Trial 347 finished with value: 26.15112157317654 and parameters: {'C': 6.269354306132328, 'epsilon': 13.576625244559889, 'gamma': 71.11389160637309}. Best is trial 331 with value: 15.7197636232894.
trail number 349
[I 2025-07-18 03:58:23,595] Trial 349 finished with value: 22.73394717719098 and parameters: {'C': 11.062177204852759, 'epsilon': 1.5993658828670347, 'gamma': 123.32493736503733}. Best is trial 331 with value: 15.7197636232894.
trail number 351
[I 2025-07-18 03:58:23,753] Trial 351 finished with value: 16.836371920779108 and parameters: {'C': 88.40177158372725, 'epsilon': 1.087217935662116, 'gamma': 57.247539566659384}. Best is trial 331 with value: 15.7197636232894.
trail number 348
[I 2025-07-18 03:58:23,774] Trial 348 finished with value: 22.479787209472168 and parameters: {'C': 899.858114290273, 'epsilon': 19.685152481204543, 'gamma': 78.45911661052568}. Best is trial 331 with value: 15.7197636232894.
trail number 352
[I 2025-07-18 03:58:23,829] Trial 352 finished with value: 48.3512085004291 and parameters: {'C': 74.84612117539159, 'epsilon': 30.867520457687053, 'gamma': 4.323841999723918}. Best is trial 331 with value: 15.7197636232894.
trail number 350
[I 2025-07-18 03:58:23,904] Trial 350 finished with value: 16.015816285649898 and parameters: {'C': 83.75054511749329, 'epsilon': 2.7026617982282763, 'gamma': 72.59246622721592}. Best is trial 331 with value: 15.7197636232894.
trail number 353
[I 2025-07-18 03:58:24,079] Trial 353 finished with value: 17.38838955672653 and parameters: {'C': 141.50205566122938, 'epsilon': 1.1497008936392166, 'gamma': 48.604791398719335}. Best is trial 331 with value: 15.7197636232894.
trail number 346
[I 2025-07-18 03:58:24,127] Trial 346 finished with value: 23.42127101022765 and parameters: {'C': 942.8165006833233, 'epsilon': 1.7110542504421193, 'gamma': 87.52274929922834}. Best is trial 331 with value: 15.7197636232894.
trail number 355
[I 2025-07-18 03:58:24,135] Trial 355 finished with value: 17.423748738902294 and parameters: {'C': 44.24249478821496, 'epsilon': 0.10473795656351736, 'gamma': 91.83903432580834}. Best is trial 331 with value: 15.7197636232894.
trail number 354
[I 2025-07-18 03:58:24,340] Trial 354 finished with value: 17.74553790342247 and parameters: {'C': 154.45654627532787, 'epsilon': 0.7423567516512541, 'gamma': 89.8017172272034}. Best is trial 331 with value: 15.7197636232894.
trail number 358
[I 2025-07-18 03:58:24,347] Trial 358 finished with value: 27.443261174607034 and parameters: {'C': 81.51365841338472, 'epsilon': 28.54593873520534, 'gamma': 145.7336645897379}. Best is trial 331 with value: 15.7197636232894.
trail number 357
