[I 2025-07-18 04:00:12,397] Trial 1691 finished with value: 53.55794978738906 and parameters: {'C': 0.2751441532029162, 'epsilon': 27.22677820258884, 'gamma': 176.74794249816082}. Best is trial 906 with value: 15.547757593814149.
trail number 1690
[I 2025-07-18 04:00:12,415] Trial 1690 finished with value: 23.141945466759406 and parameters: {'C': 936.0609770430533, 'epsilon': 29.431605630258503, 'gamma': 60.45552592352901}. Best is trial 906 with value: 15.547757593814149.
trail number 1687
[I 2025-07-18 04:00:12,434] Trial 1687 finished with value: 48.35232333894834 and parameters: {'C': 574.7612874274088, 'epsilon': 17.66297350858278, 'gamma': 1.3297826869849132}. Best is trial 906 with value: 15.547757593814149.
trail number 1695
[I 2025-07-18 04:00:12,592] Trial 1695 finished with value: 22.914254442702962 and parameters: {'C': 18.141824521573852, 'epsilon': 16.018994084661106, 'gamma': 107.34084956604649}. Best is trial 906 with value: 15.547757593814149.
trail number 1693
[I 2025-07-18 04:00:12,797] Trial 1693 finished with value: 17.994323620552787 and parameters: {'C': 40.029614525065405, 'epsilon': 0.938072094668058, 'gamma': 62.38420755843815}. Best is trial 906 with value: 15.547757593814149.
trail number 1694
[I 2025-07-18 04:00:12,808] Trial 1694 finished with value: 20.001841665117396 and parameters: {'C': 919.6478078468485, 'epsilon': 17.129432707571375, 'gamma': 50.77067968189276}. Best is trial 906 with value: 15.547757593814149.
trail number 1692
[I 2025-07-18 04:00:12,819] Trial 1692 finished with value: 17.315706713533267 and parameters: {'C': 45.72401483818237, 'epsilon': 1.1539950408972748, 'gamma': 70.25975093877557}. Best is trial 906 with value: 15.547757593814149.
trail number 1696
[I 2025-07-18 04:00:12,921] Trial 1696 finished with value: 32.4936371992771 and parameters: {'C': 1992.383959692238, 'epsilon': 25.841511344046896, 'gamma': 249.61466034204594}. Best is trial 906 with value: 15.547757593814149.
trail number 1698
[I 2025-07-18 04:00:13,104] Trial 1698 finished with value: 19.849853199074936 and parameters: {'C': 1591.6101520678776, 'epsilon': 14.802256101930652, 'gamma': 68.97628200084723}. Best is trial 906 with value: 15.547757593814149.
trail number 1697
[I 2025-07-18 04:00:13,226] Trial 1697 finished with value: 20.745120200468985 and parameters: {'C': 963.6620253916145, 'epsilon': 0.17215380004385883, 'gamma': 58.39240260646471}. Best is trial 906 with value: 15.547757593814149.
trail number 1699
[I 2025-07-18 04:00:13,244] Trial 1699 finished with value: 19.493943059019962 and parameters: {'C': 487.9862292274015, 'epsilon': 0.0715796869447003, 'gamma': 65.5323130897447}. Best is trial 906 with value: 15.547757593814149.
trail number 1700
[I 2025-07-18 04:00:13,287] Trial 1700 finished with value: 18.547543613896014 and parameters: {'C': 42.29272531256862, 'epsilon': 0.6642889565653032, 'gamma': 52.90743002020545}. Best is trial 906 with value: 15.547757593814149.
trail number 1703
[I 2025-07-18 04:00:13,361] Trial 1703 finished with value: 47.48774856474163 and parameters: {'C': 64.61619740201743, 'epsilon': 15.049466923955853, 'gamma': 3.906016508952689}. Best is trial 906 with value: 15.547757593814149.
trail number 1702
[I 2025-07-18 04:00:13,397] Trial 1702 finished with value: 20.314949790593975 and parameters: {'C': 15.23816336940429, 'epsilon': 0.8240403277360345, 'gamma': 96.0450612645268}. Best is trial 906 with value: 15.547757593814149.
trail number 1705
[I 2025-07-18 04:00:13,624] Trial 1705 finished with value: 51.62222284924868 and parameters: {'C': 884.4295477420164, 'epsilon': 0.6316866661475111, 'gamma': 2.8103027955075106}. Best is trial 906 with value: 15.547757593814149.
trail number 1707
[I 2025-07-18 04:00:13,664] Trial 1707 finished with value: 20.070997523313743 and parameters: {'C': 58.92183640337802, 'epsilon': 0.41899312316517334, 'gamma': 35.51319554136744}. Best is trial 906 with value: 15.547757593814149.
trail number 1704
[I 2025-07-18 04:00:13,694] Trial 1704 finished with value: 19.256852075591837 and parameters: {'C': 26.642432779244615, 'epsilon': 2.0555169116477967, 'gamma': 53.67433368021992}. Best is trial 906 with value: 15.547757593814149.
trail number 1701
[I 2025-07-18 04:00:13,707] Trial 1701 finished with value: 20.614170097982736 and parameters: {'C': 832.7207123784893, 'epsilon': 0.2909861911281937, 'gamma': 71.0736529877411}. Best is trial 906 with value: 15.547757593814149.
trail number 1706
[I 2025-07-18 04:00:13,765] Trial 1706 finished with value: 21.354266412447426 and parameters: {'C': 740.8575648075573, 'epsilon': 15.727423517786132, 'gamma': 94.4550399582177}. Best is trial 906 with value: 15.547757593814149.
trail number 1708
[I 2025-07-18 04:00:13,794] Trial 1708 finished with value: 24.4067587360157 and parameters: {'C': 705.6888060217603, 'epsilon': 25.066451411087346, 'gamma': 69.99985146513174}. Best is trial 906 with value: 15.547757593814149.
trail number 1710
[I 2025-07-18 04:00:13,873] Trial 1710 finished with value: 28.075205162835278 and parameters: {'C': 827.2039592919373, 'epsilon': 29.49264540491596, 'gamma': 110.02024423684054}. Best is trial 906 with value: 15.547757593814149.
trail number 1709
[I 2025-07-18 04:00:13,920] Trial 1709 finished with value: 18.07912403365153 and parameters: {'C': 31.70123224733753, 'epsilon': 0.4760654044347439, 'gamma': 87.95177083681844}. Best is trial 906 with value: 15.547757593814149.
trail number 1716
[I 2025-07-18 04:00:13,955] Trial 1716 finished with value: 79.53243295984797 and parameters: {'C': 5531.050015876977, 'epsilon': 108.66243295739469, 'gamma': 446.5724409371943}. Best is trial 906 with value: 15.547757593814149.
trail number 1713
[I 2025-07-18 04:00:14,051] Trial 1713 finished with value: 24.078808091425323 and parameters: {'C': 641.9256114579989, 'epsilon': 29.09179065671615, 'gamma': 71.69161035026544}. Best is trial 906 with value: 15.547757593814149.
trail number 1717
[I 2025-07-18 04:00:14,090] Trial 1717 finished with value: 25.901521142372957 and parameters: {'C': 49.48084462934118, 'epsilon': 31.201808081114688, 'gamma': 40.66859211637082}. Best is trial 906 with value: 15.547757593814149.
trail number 1711
[I 2025-07-18 04:00:14,170] Trial 1711 finished with value: 21.83563070910964 and parameters: {'C': 600.6512061085931, 'epsilon': 14.448365864795718, 'gamma': 123.27451814953127}. Best is trial 906 with value: 15.547757593814149.
trail number 1712
[I 2025-07-18 04:00:14,265] Trial 1712 finished with value: 23.206912127211773 and parameters: {'C': 821.9107642207266, 'epsilon': 14.04231003940881, 'gamma': 130.29360480772988}. Best is trial 906 with value: 15.547757593814149.
trail number 1715
[I 2025-07-18 04:00:14,391] Trial 1715 finished with value: 20.243307247319958 and parameters: {'C': 686.361801491681, 'epsilon': 0.03790837141672099, 'gamma': 62.91544967129322}. Best is trial 906 with value: 15.547757593814149.
trail number 1714
[I 2025-07-18 04:00:14,401] Trial 1714 finished with value: 22.230011327345377 and parameters: {'C': 881.2572109481075, 'epsilon': 13.467649682246055, 'gamma': 119.49290190343623}. Best is trial 906 with value: 15.547757593814149.
trail number 1719
[I 2025-07-18 04:00:14,515] Trial 1719 finished with value: 24.137135684722267 and parameters: {'C': 808.9293640094379, 'epsilon': 12.707387618673966, 'gamma': 160.04136955891613}. Best is trial 906 with value: 15.547757593814149.
trail number 1718
[I 2025-07-18 04:00:14,682] Trial 1718 finished with value: 18.77398505979018 and parameters: {'C': 1077.8869695951555, 'epsilon': 13.835739572842062, 'gamma': 52.973582164474564}. Best is trial 906 with value: 15.547757593814149.
trail number 1724
[I 2025-07-18 04:00:14,738] Trial 1724 finished with value: 30.94245308488999 and parameters: {'C': 6.398988514849179, 'epsilon': 13.57932139243456, 'gamma': 28.908163116341377}. Best is trial 906 with value: 15.547757593814149.
trail number 1723
[I 2025-07-18 04:00:14,794] Trial 1723 finished with value: 48.285687620511474 and parameters: {'C': 2.307168382866223, 'epsilon': 19.10702500616407, 'gamma': 11.8373043755294}. Best is trial 906 with value: 15.547757593814149.
trail number 1727
[I 2025-07-18 04:00:14,965] Trial 1727 finished with value: 34.618607693936944 and parameters: {'C': 9.413835064110941, 'epsilon': 32.56815068524553, 'gamma': 104.66994861873108}. Best is trial 906 with value: 15.547757593814149.
trail number 1725
[I 2025-07-18 04:00:14,996] Trial 1725 finished with value: 20.332850418857593 and parameters: {'C': 72.35374961096072, 'epsilon': 17.886270095000622, 'gamma': 73.21675364876523}. Best is trial 906 with value: 15.547757593814149.
trail number 1726
[I 2025-07-18 04:00:15,040] Trial 1726 finished with value: 19.553615808552678 and parameters: {'C': 41.97050139532189, 'epsilon': 1.5641312619007253, 'gamma': 161.9527705860736}. Best is trial 906 with value: 15.547757593814149.
trail number 1722
[I 2025-07-18 04:00:15,079] Trial 1722 finished with value: 23.869412950233293 and parameters: {'C': 758.815241184176, 'epsilon': 0.3225716280948401, 'gamma': 140.77122431211734}. Best is trial 906 with value: 15.547757593814149.
trail number 1720
[I 2025-07-18 04:00:15,109] Trial 1720 finished with value: 19.660418294944087 and parameters: {'C': 847.4394210926778, 'epsilon': 0.3299002632678205, 'gamma': 57.199168968350484}. Best is trial 906 with value: 15.547757593814149.
trail number 1730
[I 2025-07-18 04:00:15,320] Trial 1730 finished with value: 18.218377304952895 and parameters: {'C': 33.25130126894362, 'epsilon': 0.7929848292058804, 'gamma': 95.38843641579038}. Best is trial 906 with value: 15.547757593814149.
trail number 1728
[I 2025-07-18 04:00:15,421] Trial 1728 finished with value: 21.69234459878995 and parameters: {'C': 16.15962749505266, 'epsilon': 1.4839954683237089, 'gamma': 33.18224476944552}. Best is trial 906 with value: 15.547757593814149.
trail number 1731
[I 2025-07-18 04:00:15,474] Trial 1731 finished with value: 20.345626838826128 and parameters: {'C': 1097.560858725406, 'epsilon': 14.266664914827508, 'gamma': 83.92654239792715}. Best is trial 906 with value: 15.547757593814149.
trail number 1729
[I 2025-07-18 04:00:15,561] Trial 1729 finished with value: 19.15839652825839 and parameters: {'C': 756.026509752428, 'epsilon': 14.225192067320792, 'gamma': 67.4282555995857}. Best is trial 906 with value: 15.547757593814149.
trail number 1733
[I 2025-07-18 04:00:15,599] Trial 1733 finished with value: 20.919184570030794 and parameters: {'C': 604.14147103053, 'epsilon': 13.407764833918282, 'gamma': 81.13502599804927}. Best is trial 906 with value: 15.547757593814149.
trail number 1734
[I 2025-07-18 04:00:15,683] Trial 1734 finished with value: 45.0401741135042 and parameters: {'C': 3452.7532770078124, 'epsilon': 52.515422339653945, 'gamma': 173.91661182771273}. Best is trial 906 with value: 15.547757593814149.
trail number 1721
[I 2025-07-18 04:00:15,826] Trial 1721 finished with value: 31.68439375267666 and parameters: {'C': 1715.3998384016136, 'epsilon': 1.388337788493855, 'gamma': 154.83577494879194}. Best is trial 906 with value: 15.547757593814149.
trail number 1737
[I 2025-07-18 04:00:15,929] Trial 1737 finished with value: 20.391780383743246 and parameters: {'C': 796.5757818268426, 'epsilon': 12.842635474632207, 'gamma': 75.56987285376245}. Best is trial 906 with value: 15.547757593814149.
trail number 1732
[I 2025-07-18 04:00:15,953] Trial 1732 finished with value: 17.5706424207375 and parameters: {'C': 793.5978856096651, 'epsilon': 0.18201820845140473, 'gamma': 44.90380383760838}. Best is trial 906 with value: 15.547757593814149.
trail number 1735
[I 2025-07-18 04:00:16,101] Trial 1735 finished with value: 24.849142846944545 and parameters: {'C': 1463.60544902482, 'epsilon': 10.970843238217107, 'gamma': 107.54751458079693}. Best is trial 906 with value: 15.547757593814149.
trail number 1738
[I 2025-07-18 04:00:16,177] Trial 1738 finished with value: 20.99241260940746 and parameters: {'C': 742.2812438280179, 'epsilon': 15.917276540678198, 'gamma': 40.933214391828926}. Best is trial 906 with value: 15.547757593814149.
trail number 1736
[I 2025-07-18 04:00:16,233] Trial 1736 finished with value: 63.9554014224798 and parameters: {'C': 935.6836556031229, 'epsilon': 12.921249933835945, 'gamma': 9.355461525860385}. Best is trial 906 with value: 15.547757593814149.
trail number 1740
[I 2025-07-18 04:00:16,281] Trial 1740 finished with value: 56.769717671206216 and parameters: {'C': 1080.423993909706, 'epsilon': 11.744692271138238, 'gamma': 3.747996621783763}. Best is trial 906 with value: 15.547757593814149.
trail number 1742
[I 2025-07-18 04:00:16,310] Trial 1742 finished with value: 29.118354491283345 and parameters: {'C': 668.6451283550756, 'epsilon': 26.262956207739194, 'gamma': 138.5005667840079}. Best is trial 906 with value: 15.547757593814149.
trail number 1739
[I 2025-07-18 04:00:16,374] Trial 1739 finished with value: 20.55501402021218 and parameters: {'C': 856.7402010814625, 'epsilon': 12.56916404442807, 'gamma': 74.58460126620045}. Best is trial 906 with value: 15.547757593814149.
trail number 1741
[I 2025-07-18 04:00:16,541] Trial 1741 finished with value: 54.31171190981685 and parameters: {'C': 902.8442300095357, 'epsilon': 11.779098888004771, 'gamma': 2.9083866681408423}. Best is trial 906 with value: 15.547757593814149.
trail number 1748
[I 2025-07-18 04:00:16,583] Trial 1748 finished with value: 83.17744085797075 and parameters: {'C': 561.6183052201995, 'epsilon': 117.45082770101152, 'gamma': 305.691098403003}. Best is trial 906 with value: 15.547757593814149.
trail number 1743
[I 2025-07-18 04:00:16,713] Trial 1743 finished with value: 21.96564794950813 and parameters: {'C': 816.1497665891019, 'epsilon': 16.031172486003896, 'gamma': 108.70465381874132}. Best is trial 906 with value: 15.547757593814149.
trail number 1746
[I 2025-07-18 04:00:16,726] Trial 1746 finished with value: 22.72793844471396 and parameters: {'C': 646.1806393956696, 'epsilon': 12.685996622040186, 'gamma': 150.8430781469321}. Best is trial 906 with value: 15.547757593814149.
trail number 1744
[I 2025-07-18 04:00:16,786] Trial 1744 finished with value: 47.241824574841196 and parameters: {'C': 1039.6540383257538, 'epsilon': 1.512585178158156, 'gamma': 0.3806658061222947}. Best is trial 906 with value: 15.547757593814149.
trail number 1745
[I 2025-07-18 04:00:16,797] Trial 1745 finished with value: 21.46966023562851 and parameters: {'C': 521.5118782996681, 'epsilon': 0.2343988537074715, 'gamma': 123.948647965421}. Best is trial 906 with value: 15.547757593814149.
trail number 1749
[I 2025-07-18 04:00:16,928] Trial 1749 finished with value: 23.842830775548997 and parameters: {'C': 109.96140266163806, 'epsilon': 17.71311206924918, 'gamma': 208.64452742916257}. Best is trial 906 with value: 15.547757593814149.
trail number 1753
[I 2025-07-18 04:00:16,956] Trial 1753 finished with value: 26.130131826321993 and parameters: {'C': 17.073951168520153, 'epsilon': 21.624717957172162, 'gamma': 113.85128073386993}. Best is trial 906 with value: 15.547757593814149.
trail number 1750
[I 2025-07-18 04:00:16,996] Trial 1750 finished with value: 24.70923673287755 and parameters: {'C': 13.090451960576786, 'epsilon': 18.901957894109614, 'gamma': 91.22969942150964}. Best is trial 906 with value: 15.547757593814149.
trail number 1752
[I 2025-07-18 04:00:17,154] Trial 1752 finished with value: 29.838246276200387 and parameters: {'C': 4.1858412568504235, 'epsilon': 13.71070939504693, 'gamma': 46.23146804817437}. Best is trial 906 with value: 15.547757593814149.
trail number 1747
[I 2025-07-18 04:00:17,203] Trial 1747 finished with value: 22.49492314606524 and parameters: {'C': 625.4206149961373, 'epsilon': 0.6435348763873942, 'gamma': 110.47944196862463}. Best is trial 906 with value: 15.547757593814149.
trail number 1755
[I 2025-07-18 04:00:17,245] Trial 1755 finished with value: 17.57385513273361 and parameters: {'C': 57.19820323020396, 'epsilon': 0.7475607474198245, 'gamma': 60.97596337666341}. Best is trial 906 with value: 15.547757593814149.
trail number 1754
[I 2025-07-18 04:00:17,262] Trial 1754 finished with value: 20.668718158404914 and parameters: {'C': 65.59165770402643, 'epsilon': 16.01035383428469, 'gamma': 95.83385536193632}. Best is trial 906 with value: 15.547757593814149.
trail number 1758
[I 2025-07-18 04:00:17,532] Trial 1758 finished with value: 22.70837428931989 and parameters: {'C': 12.615553121751248, 'epsilon': 13.844663603729764, 'gamma': 78.17248292590183}. Best is trial 906 with value: 15.547757593814149.
trail number 1760
[I 2025-07-18 04:00:17,554] Trial 1760 finished with value: 30.394951427409232 and parameters: {'C': 9.959156896151256, 'epsilon': 24.334830338522746, 'gamma': 36.0151107410212}. Best is trial 906 with value: 15.547757593814149.
trail number 1751
[I 2025-07-18 04:00:17,578] Trial 1751 finished with value: 39.779541966209 and parameters: {'C': 3793.657877537318, 'epsilon': 20.004024371271584, 'gamma': 423.91005934099235}. Best is trial 906 with value: 15.547757593814149.
trail number 1757
[I 2025-07-18 04:00:17,617] Trial 1757 finished with value: 19.3194529908915 and parameters: {'C': 21.20502320587093, 'epsilon': 1.2839064587660425, 'gamma': 90.59408088818256}. Best is trial 906 with value: 15.547757593814149.
trail number 1759
[I 2025-07-18 04:00:17,679] Trial 1759 finished with value: 21.286819273986517 and parameters: {'C': 279.4350415951846, 'epsilon': 0.2814959997613198, 'gamma': 178.1461707014494}. Best is trial 906 with value: 15.547757593814149.
trail number 1765
[I 2025-07-18 04:00:17,706] Trial 1765 finished with value: 82.03873145738112 and parameters: {'C': 2453.645045651997, 'epsilon': 115.40106568310463, 'gamma': 265.117686006296}. Best is trial 906 with value: 15.547757593814149.
trail number 1763
[I 2025-07-18 04:00:17,899] Trial 1763 finished with value: 20.567132907117795 and parameters: {'C': 29.772709967304493, 'epsilon': 1.071681410862456, 'gamma': 196.0289007569719}. Best is trial 906 with value: 15.547757593814149.
trail number 1756
[I 2025-07-18 04:00:17,969] Trial 1756 finished with value: 22.64231543123592 and parameters: {'C': 750.6463108894621, 'epsilon': 0.1493206392033959, 'gamma': 124.76048179393216}. Best is trial 906 with value: 15.547757593814149.
trail number 1762
[I 2025-07-18 04:00:18,032] Trial 1762 finished with value: 18.212021132002526 and parameters: {'C': 34.783883367662696, 'epsilon': 3.3563862803835227, 'gamma': 97.22468532431223}. Best is trial 906 with value: 15.547757593814149.
trail number 1767
[I 2025-07-18 04:00:18,231] Trial 1767 finished with value: 16.34479906672835 and parameters: {'C': 124.29597342316205, 'epsilon': 0.02873772315399059, 'gamma': 63.63043821719991}. Best is trial 906 with value: 15.547757593814149.
trail number 1766
[I 2025-07-18 04:00:18,282] Trial 1766 finished with value: 17.556133766502427 and parameters: {'C': 938.1672863254339, 'epsilon': 0.5195469652692141, 'gamma': 45.251634584829446}. Best is trial 906 with value: 15.547757593814149.
trail number 1761
[I 2025-07-18 04:00:18,330] Trial 1761 finished with value: 17.097883548184875 and parameters: {'C': 677.1836969560406, 'epsilon': 0.528745710564285, 'gamma': 46.181319170130934}. Best is trial 906 with value: 15.547757593814149.
trail number 1768
[I 2025-07-18 04:00:18,435] Trial 1768 finished with value: 20.347390964592655 and parameters: {'C': 20.30453335455877, 'epsilon': 3.0000748893262426, 'gamma': 126.23933023191955}. Best is trial 906 with value: 15.547757593814149.
trail number 1773
[I 2025-07-18 04:00:18,485] Trial 1773 finished with value: 72.90570346600285 and parameters: {'C': 4129.156326357177, 'epsilon': 99.46076776840033, 'gamma': 216.45972819311717}. Best is trial 906 with value: 15.547757593814149.
trail number 1770
[I 2025-07-18 04:00:18,514] Trial 1770 finished with value: 19.457639683152 and parameters: {'C': 731.3982072896335, 'epsilon': 15.246839751375449, 'gamma': 45.10101932567109}. Best is trial 906 with value: 15.547757593814149.
trail number 1771
[I 2025-07-18 04:00:18,560] Trial 1771 finished with value: 17.983325651615903 and parameters: {'C': 543.5442610851084, 'epsilon': 14.021878437797149, 'gamma': 54.643911852599345}. Best is trial 906 with value: 15.547757593814149.
trail number 1769
[I 2025-07-18 04:00:18,632] Trial 1769 finished with value: 50.48963068441088 and parameters: {'C': 726.4939501318642, 'epsilon': 3.511668589459783, 'gamma': 2.174350986602377}. Best is trial 906 with value: 15.547757593814149.
trail number 1764
[I 2025-07-18 04:00:18,719] Trial 1764 finished with value: 24.699775747101448 and parameters: {'C': 910.7738587219014, 'epsilon': 0.06218479922227705, 'gamma': 133.34682625790214}. Best is trial 906 with value: 15.547757593814149.
trail number 1775
[I 2025-07-18 04:00:18,758] Trial 1775 finished with value: 20.90371138663241 and parameters: {'C': 632.1775624504043, 'epsilon': 18.973730179483496, 'gamma': 51.759404698308195}. Best is trial 906 with value: 15.547757593814149.
trail number 1777
[I 2025-07-18 04:00:18,825] Trial 1777 finished with value: 55.60018753465641 and parameters: {'C': 5465.117094726036, 'epsilon': 68.55687497934012, 'gamma': 384.0040578133411}. Best is trial 906 with value: 15.547757593814149.
trail number 1776
[I 2025-07-18 04:00:18,837] Trial 1776 finished with value: 46.84772413753017 and parameters: {'C': 666.3663617468173, 'epsilon': 15.284329761371483, 'gamma': 1.1950432904336026}. Best is trial 906 with value: 15.547757593814149.
trail number 1779
[I 2025-07-18 04:00:19,043] Trial 1779 finished with value: 26.34833246143885 and parameters: {'C': 2605.5879193361793, 'epsilon': 28.510424404828036, 'gamma': 51.73165340924274}. Best is trial 906 with value: 15.547757593814149.
trail number 1772
