[I 2025-07-18 03:58:09,713] Trial 180 finished with value: 25.415276578400626 and parameters: {'C': 8.148568656114776, 'epsilon': 15.450275454397019, 'gamma': 47.87183906701057}. Best is trial 143 with value: 16.034572788541183.
trail number 179
[I 2025-07-18 03:58:09,730] Trial 179 finished with value: 16.47303779608942 and parameters: {'C': 172.40515104122346, 'epsilon': 4.9797741181578665, 'gamma': 60.076666621991265}. Best is trial 143 with value: 16.034572788541183.
trail number 176
[I 2025-07-18 03:58:09,736] Trial 176 finished with value: 16.59603523625227 and parameters: {'C': 173.60766482124092, 'epsilon': 2.7960426641897964, 'gamma': 77.96903978104018}. Best is trial 143 with value: 16.034572788541183.
trail number 183
[I 2025-07-18 03:58:09,770] Trial 183 finished with value: 48.78844949749412 and parameters: {'C': 122.97836568435632, 'epsilon': 13.741728721963337, 'gamma': 5.46892136559115}. Best is trial 143 with value: 16.034572788541183.
trail number 182
[I 2025-07-18 03:58:09,778] Trial 182 finished with value: 23.466162109421397 and parameters: {'C': 26.08818847433696, 'epsilon': 20.986979854603028, 'gamma': 81.42375458763316}. Best is trial 143 with value: 16.034572788541183.
trail number 181
[I 2025-07-18 03:58:09,815] Trial 181 finished with value: 16.851908408182183 and parameters: {'C': 78.96318179908326, 'epsilon': 0.11445749681144235, 'gamma': 62.02130188934696}. Best is trial 143 with value: 16.034572788541183.
trail number 189
[I 2025-07-18 03:58:09,929] Trial 189 finished with value: 29.29746299028065 and parameters: {'C': 30.49716018506343, 'epsilon': 28.36893094660108, 'gamma': 166.61930162215583}. Best is trial 143 with value: 16.034572788541183.
trail number 186
[I 2025-07-18 03:58:10,012] Trial 186 finished with value: 26.15478924392081 and parameters: {'C': 91.46174240017965, 'epsilon': 23.83545165409086, 'gamma': 157.51221198028975}. Best is trial 143 with value: 16.034572788541183.
trail number 187
[I 2025-07-18 03:58:10,025] Trial 187 finished with value: 23.550462078393156 and parameters: {'C': 900.2357762226109, 'epsilon': 19.52297735269745, 'gamma': 96.0195897602682}. Best is trial 143 with value: 16.034572788541183.
trail number 184
[I 2025-07-18 03:58:10,072] Trial 184 finished with value: 22.000446556609987 and parameters: {'C': 20.010839427816506, 'epsilon': 12.76476321027869, 'gamma': 124.22616514146094}. Best is trial 143 with value: 16.034572788541183.
trail number 188
[I 2025-07-18 03:58:10,184] Trial 188 finished with value: 23.434929064754016 and parameters: {'C': 501.06672521566804, 'epsilon': 18.64688490161086, 'gamma': 124.51231732306783}. Best is trial 143 with value: 16.034572788541183.
trail number 185
[I 2025-07-18 03:58:10,321] Trial 185 finished with value: 47.77880567636087 and parameters: {'C': 219.3249364290975, 'epsilon': 0.7030796879969701, 'gamma': 11.921231409057619}. Best is trial 143 with value: 16.034572788541183.
trail number 195
[I 2025-07-18 03:58:10,353] Trial 195 finished with value: 76.76061662309041 and parameters: {'C': 86.44428778320253, 'epsilon': 108.00796912983508, 'gamma': 105.3852931470143}. Best is trial 143 with value: 16.034572788541183.
trail number 192
[I 2025-07-18 03:58:10,364] Trial 192 finished with value: 20.007679297912524 and parameters: {'C': 125.53326315925317, 'epsilon': 2.699268192291119, 'gamma': 146.6940818714333}. Best is trial 143 with value: 16.034572788541183.
trail number 190
[I 2025-07-18 03:58:10,374] Trial 190 finished with value: 18.780829855997077 and parameters: {'C': 389.2502548690697, 'epsilon': 0.20103634033498796, 'gamma': 66.98574054419024}. Best is trial 143 with value: 16.034572788541183.
trail number 191
[I 2025-07-18 03:58:10,411] Trial 191 finished with value: 20.79081611721422 and parameters: {'C': 26.7569792778679, 'epsilon': 10.295690120184558, 'gamma': 125.4728723610055}. Best is trial 143 with value: 16.034572788541183.
trail number 194
[I 2025-07-18 03:58:10,636] Trial 194 finished with value: 16.711341919172153 and parameters: {'C': 77.46222234884765, 'epsilon': 5.0036514070452975, 'gamma': 66.81790995346243}. Best is trial 143 with value: 16.034572788541183.
trail number 198
[I 2025-07-18 03:58:10,644] Trial 198 finished with value: 19.55147140172234 and parameters: {'C': 18.902709982287575, 'epsilon': 2.423518343548389, 'gamma': 72.44253488732951}. Best is trial 143 with value: 16.034572788541183.
trail number 193
[I 2025-07-18 03:58:10,714] Trial 193 finished with value: 21.536946554643574 and parameters: {'C': 283.2078894659584, 'epsilon': 2.605672949579786, 'gamma': 122.34138618404073}. Best is trial 143 with value: 16.034572788541183.
trail number 197
[I 2025-07-18 03:58:10,720] Trial 197 finished with value: 18.203965977151157 and parameters: {'C': 134.1197815218927, 'epsilon': 0.061388034127056734, 'gamma': 46.51082945511838}. Best is trial 143 with value: 16.034572788541183.
trail number 196
[I 2025-07-18 03:58:10,795] Trial 196 finished with value: 17.047226805163884 and parameters: {'C': 55.88789550737789, 'epsilon': 5.593230448539169, 'gamma': 69.30454600171356}. Best is trial 143 with value: 16.034572788541183.
trail number 202
[I 2025-07-18 03:58:10,953] Trial 202 finished with value: 79.92119635723593 and parameters: {'C': 5333.4348395009365, 'epsilon': 115.79826179961668, 'gamma': 6.5237538336546095}. Best is trial 143 with value: 16.034572788541183.
trail number 201
[I 2025-07-18 03:58:10,973] Trial 201 finished with value: 19.314200915407554 and parameters: {'C': 205.65027363045576, 'epsilon': 3.585066828433084, 'gamma': 37.855317431518124}. Best is trial 143 with value: 16.034572788541183.
trail number 203
[I 2025-07-18 03:58:11,001] Trial 203 finished with value: 18.659561854910226 and parameters: {'C': 26.43632282683302, 'epsilon': 0.3953765658735815, 'gamma': 64.8823600444496}. Best is trial 143 with value: 16.034572788541183.
trail number 200
[I 2025-07-18 03:58:11,009] Trial 200 finished with value: 19.856495823084956 and parameters: {'C': 68.55673680716842, 'epsilon': 12.272690502078058, 'gamma': 30.520260658426146}. Best is trial 143 with value: 16.034572788541183.
trail number 207
[I 2025-07-18 03:58:11,166] Trial 207 finished with value: 21.878375217359885 and parameters: {'C': 93.53440534650073, 'epsilon': 23.41656579824032, 'gamma': 55.140481996409726}. Best is trial 143 with value: 16.034572788541183.
trail number 206
[I 2025-07-18 03:58:11,222] Trial 206 finished with value: 18.79221397882401 and parameters: {'C': 25.699758239281543, 'epsilon': 6.472849461664854, 'gamma': 67.95950586132805}. Best is trial 143 with value: 16.034572788541183.
trail number 204
[I 2025-07-18 03:58:11,272] Trial 204 finished with value: 49.37734144798019 and parameters: {'C': 29.803005972316953, 'epsilon': 0.3556396744314645, 'gamma': 0.56255925066381}. Best is trial 143 with value: 16.034572788541183.
trail number 205
[I 2025-07-18 03:58:11,369] Trial 205 finished with value: 35.01726162465976 and parameters: {'C': 147.58352818533274, 'epsilon': 15.354948682354054, 'gamma': 16.71819920121751}. Best is trial 143 with value: 16.034572788541183.
trail number 209
[I 2025-07-18 03:58:11,546] Trial 209 finished with value: 19.38733866308387 and parameters: {'C': 192.73607355314834, 'epsilon': 0.6914593197639396, 'gamma': 119.2757993584773}. Best is trial 143 with value: 16.034572788541183.
trail number 199
[I 2025-07-18 03:58:11,743] Trial 199 finished with value: 23.187363253482175 and parameters: {'C': 1189.0731294486504, 'epsilon': 0.1312484566679073, 'gamma': 103.10910488638439}. Best is trial 143 with value: 16.034572788541183.
trail number 208
[I 2025-07-18 03:58:11,751] Trial 208 finished with value: 22.280783434920025 and parameters: {'C': 572.4811721878664, 'epsilon': 1.365859447396093, 'gamma': 122.56001318975201}. Best is trial 143 with value: 16.034572788541183.
trail number 210
[I 2025-07-18 03:58:11,802] Trial 210 finished with value: 21.966764193990517 and parameters: {'C': 666.4795473630402, 'epsilon': 0.3429465136658125, 'gamma': 120.4666443581493}. Best is trial 143 with value: 16.034572788541183.
trail number 211
[I 2025-07-18 03:58:11,939] Trial 211 finished with value: 22.224181867095385 and parameters: {'C': 948.7141055423743, 'epsilon': 13.872289770417975, 'gamma': 110.01136220039169}. Best is trial 143 with value: 16.034572788541183.
trail number 214
[I 2025-07-18 03:58:11,955] Trial 214 finished with value: 49.39808484737404 and parameters: {'C': 3858.941714934496, 'epsilon': 59.738393623178325, 'gamma': 153.67942650988755}. Best is trial 143 with value: 16.034572788541183.
trail number 212
[I 2025-07-18 03:58:11,991] Trial 212 finished with value: 22.242678043873546 and parameters: {'C': 1036.5822353016656, 'epsilon': 17.83124758123437, 'gamma': 96.615014936846}. Best is trial 143 with value: 16.034572788541183.
trail number 215
[I 2025-07-18 03:58:12,127] Trial 215 finished with value: 23.236733176121103 and parameters: {'C': 955.646487617594, 'epsilon': 23.843834045961085, 'gamma': 26.987943189731006}. Best is trial 143 with value: 16.034572788541183.
trail number 217
[I 2025-07-18 03:58:12,546] Trial 217 finished with value: 51.26641287964893 and parameters: {'C': 1361.0014331329226, 'epsilon': 7.315923976926703, 'gamma': 1.9983315873675593}. Best is trial 143 with value: 16.034572788541183.
trail number 220
[I 2025-07-18 03:58:12,687] Trial 220 finished with value: 21.67602325075591 and parameters: {'C': 1101.1516030801552, 'epsilon': 14.985911651130062, 'gamma': 21.1053327984147}. Best is trial 143 with value: 16.034572788541183.
trail number 218
[I 2025-07-18 03:58:12,693] Trial 218 finished with value: 22.237115775704257 and parameters: {'C': 1261.5571044621183, 'epsilon': 12.70049897410697, 'gamma': 19.644859735070106}. Best is trial 143 with value: 16.034572788541183.
trail number 219
[I 2025-07-18 03:58:12,711] Trial 219 finished with value: 21.49809344653709 and parameters: {'C': 1654.9236251245504, 'epsilon': 15.053986419866941, 'gamma': 36.188795138259295}. Best is trial 143 with value: 16.034572788541183.
trail number 221
[I 2025-07-18 03:58:13,007] Trial 221 finished with value: 19.977223065687546 and parameters: {'C': 1192.1462413647691, 'epsilon': 15.126765498811952, 'gamma': 63.58343239193268}. Best is trial 143 with value: 16.034572788541183.
trail number 225
[I 2025-07-18 03:58:13,129] Trial 225 finished with value: 51.94817436458585 and parameters: {'C': 3277.1548478512846, 'epsilon': 62.12690991245726, 'gamma': 374.30156102902106}. Best is trial 143 with value: 16.034572788541183.
trail number 226
[I 2025-07-18 03:58:13,156] Trial 226 finished with value: 81.03990938059613 and parameters: {'C': 3953.246378482968, 'epsilon': 111.86324497286688, 'gamma': 446.1237904461567}. Best is trial 143 with value: 16.034572788541183.
trail number 224
[I 2025-07-18 03:58:13,187] Trial 224 finished with value: 18.898392593505278 and parameters: {'C': 43.42324668070712, 'epsilon': 4.317630238123351, 'gamma': 112.77554272943003}. Best is trial 143 with value: 16.034572788541183.
trail number 216
[I 2025-07-18 03:58:13,281] Trial 216 finished with value: 32.6435875622841 and parameters: {'C': 2357.7604416889117, 'epsilon': 6.546153008793141, 'gamma': 414.02531901312415}. Best is trial 143 with value: 16.034572788541183.
trail number 222
[I 2025-07-18 03:58:13,331] Trial 222 finished with value: 47.78213571973687 and parameters: {'C': 1715.987175510648, 'epsilon': 1.1928722260870295, 'gamma': 1.1267144430654454}. Best is trial 143 with value: 16.034572788541183.
trail number 223
[I 2025-07-18 03:58:13,682] Trial 223 finished with value: 20.487783587874745 and parameters: {'C': 871.6842072934924, 'epsilon': 2.751851349437074, 'gamma': 61.469237839033866}. Best is trial 143 with value: 16.034572788541183.
trail number 227
[I 2025-07-18 03:58:13,746] Trial 227 finished with value: 20.40456494763152 and parameters: {'C': 699.6423211549637, 'epsilon': 0.988448563091429, 'gamma': 68.79088356014503}. Best is trial 143 with value: 16.034572788541183.
trail number 228
[I 2025-07-18 03:58:13,767] Trial 228 finished with value: 18.36060114008794 and parameters: {'C': 146.8453862257282, 'epsilon': 1.5310281756378554, 'gamma': 106.42067371668637}. Best is trial 143 with value: 16.034572788541183.
trail number 230
[I 2025-07-18 03:58:13,798] Trial 230 finished with value: 21.929548549178044 and parameters: {'C': 10.87463129937504, 'epsilon': 1.9645123074832744, 'gamma': 67.88975696698934}. Best is trial 143 with value: 16.034572788541183.
trail number 229
[I 2025-07-18 03:58:13,885] Trial 229 finished with value: 20.881595292044107 and parameters: {'C': 1085.6384787157779, 'epsilon': 1.1807585685016668, 'gamma': 58.89352351615598}. Best is trial 143 with value: 16.034572788541183.
trail number 213
[I 2025-07-18 03:58:13,941] Trial 213 finished with value: 41.040894687069894 and parameters: {'C': 5719.0177078745455, 'epsilon': 0.9656769298588657, 'gamma': 256.0544947196079}. Best is trial 143 with value: 16.034572788541183.
trail number 231
[I 2025-07-18 03:58:13,997] Trial 231 finished with value: 21.421522036755178 and parameters: {'C': 97.16189195884093, 'epsilon': 19.738553950604995, 'gamma': 58.02791377071593}. Best is trial 143 with value: 16.034572788541183.
trail number 232
[I 2025-07-18 03:58:14,061] Trial 232 finished with value: 23.398325657173764 and parameters: {'C': 457.5907027104602, 'epsilon': 20.871108594890917, 'gamma': 93.334982663378}. Best is trial 143 with value: 16.034572788541183.
trail number 236
[I 2025-07-18 03:58:14,111] Trial 236 finished with value: 22.19489214512416 and parameters: {'C': 105.95255477309084, 'epsilon': 21.0924737971567, 'gamma': 74.3550374673303}. Best is trial 143 with value: 16.034572788541183.
trail number 233
[I 2025-07-18 03:58:14,190] Trial 233 finished with value: 21.773619652526037 and parameters: {'C': 669.2583011057891, 'epsilon': 18.492300043147274, 'gamma': 81.28728146809448}. Best is trial 143 with value: 16.034572788541183.
trail number 235
[I 2025-07-18 03:58:14,199] Trial 235 finished with value: 18.00529205864418 and parameters: {'C': 85.5481253028668, 'epsilon': 0.3303002740339782, 'gamma': 49.63082853732457}. Best is trial 143 with value: 16.034572788541183.
trail number 234
[I 2025-07-18 03:58:14,313] Trial 234 finished with value: 17.391836331894527 and parameters: {'C': 56.94513527597775, 'epsilon': 0.46355179615078423, 'gamma': 98.563695748608}. Best is trial 143 with value: 16.034572788541183.
trail number 239
[I 2025-07-18 03:58:14,373] Trial 239 finished with value: 18.924268243771152 and parameters: {'C': 23.62659376638871, 'epsilon': 4.512734527926183, 'gamma': 97.23490137089226}. Best is trial 143 with value: 16.034572788541183.
trail number 241
[I 2025-07-18 03:58:14,458] Trial 241 finished with value: 17.608189231928954 and parameters: {'C': 115.60876727115475, 'epsilon': 9.06931041106294, 'gamma': 80.38582449465133}. Best is trial 143 with value: 16.034572788541183.
trail number 238
[I 2025-07-18 03:58:14,499] Trial 238 finished with value: 17.03094845078801 and parameters: {'C': 69.25437717220402, 'epsilon': 5.3802010667557205, 'gamma': 70.24818659222038}. Best is trial 143 with value: 16.034572788541183.
trail number 237
[I 2025-07-18 03:58:14,548] Trial 237 finished with value: 17.418262316456055 and parameters: {'C': 92.56737603126632, 'epsilon': 2.41375329553979, 'gamma': 96.93413527021278}. Best is trial 143 with value: 16.034572788541183.
trail number 240
[I 2025-07-18 03:58:14,636] Trial 240 finished with value: 18.872993344966766 and parameters: {'C': 73.60740187700388, 'epsilon': 5.925275173946151, 'gamma': 98.52903448332711}. Best is trial 143 with value: 16.034572788541183.
trail number 243
[I 2025-07-18 03:58:14,720] Trial 243 finished with value: 48.287550204711934 and parameters: {'C': 715.9361701678328, 'epsilon': 1.8268383018238268, 'gamma': 1.6186234960320505}. Best is trial 143 with value: 16.034572788541183.
trail number 242
[I 2025-07-18 03:58:14,761] Trial 242 finished with value: 18.170390443346125 and parameters: {'C': 42.03682816120098, 'epsilon': 4.111466829438671, 'gamma': 52.88609278098282}. Best is trial 143 with value: 16.034572788541183.
trail number 244
[I 2025-07-18 03:58:14,776] Trial 244 finished with value: 18.29617411341514 and parameters: {'C': 62.21144260795988, 'epsilon': 2.1717667769306335, 'gamma': 126.3228150510772}. Best is trial 143 with value: 16.034572788541183.
trail number 246
[I 2025-07-18 03:58:14,886] Trial 246 finished with value: 21.01843755279995 and parameters: {'C': 225.44433075265897, 'epsilon': 17.518433734893282, 'gamma': 92.10513827194879}. Best is trial 143 with value: 16.034572788541183.
trail number 245
[I 2025-07-18 03:58:14,898] Trial 245 finished with value: 19.616744464382705 and parameters: {'C': 255.49053712444385, 'epsilon': 14.532674378954411, 'gamma': 80.05256012542186}. Best is trial 143 with value: 16.034572788541183.
trail number 250
[I 2025-07-18 03:58:14,947] Trial 250 finished with value: 22.286928077344857 and parameters: {'C': 94.74265259324483, 'epsilon': 20.368934003032635, 'gamma': 95.53068512718684}. Best is trial 143 with value: 16.034572788541183.
trail number 249
[I 2025-07-18 03:58:15,081] Trial 249 finished with value: 21.15953977760858 and parameters: {'C': 56.59143298129894, 'epsilon': 17.63267778767619, 'gamma': 45.84760655677598}. Best is trial 143 with value: 16.034572788541183.
trail number 247
[I 2025-07-18 03:58:15,140] Trial 247 finished with value: 18.319134742003634 and parameters: {'C': 61.85121446189845, 'epsilon': 1.6407326650407763, 'gamma': 49.673785839640416}. Best is trial 143 with value: 16.034572788541183.
trail number 248
[I 2025-07-18 03:58:15,147] Trial 248 finished with value: 19.84726495975834 and parameters: {'C': 324.09785072862326, 'epsilon': 0.22854307023437093, 'gamma': 107.50786930402114}. Best is trial 143 with value: 16.034572788541183.
trail number 252
[I 2025-07-18 03:58:15,326] Trial 252 finished with value: 48.51661035316756 and parameters: {'C': 45.062458289463756, 'epsilon': 18.732974205781513, 'gamma': 3.688075380827719}. Best is trial 143 with value: 16.034572788541183.
trail number 253
[I 2025-07-18 03:58:15,401] Trial 253 finished with value: 20.074882480608306 and parameters: {'C': 429.15388361909504, 'epsilon': 0.49581807124939425, 'gamma': 87.11540767804946}. Best is trial 143 with value: 16.034572788541183.
trail number 255
[I 2025-07-18 03:58:15,465] Trial 255 finished with value: 21.519367444675304 and parameters: {'C': 113.99926898152547, 'epsilon': 17.739973447612034, 'gamma': 117.5954122847289}. Best is trial 143 with value: 16.034572788541183.
trail number 256
[I 2025-07-18 03:58:15,525] Trial 256 finished with value: 32.147635839812 and parameters: {'C': 2995.47109773741, 'epsilon': 28.804186089337055, 'gamma': 212.59419553081023}. Best is trial 143 with value: 16.034572788541183.
trail number 254
[I 2025-07-18 03:58:15,530] Trial 254 finished with value: 18.60829031545709 and parameters: {'C': 26.586965765867745, 'epsilon': 4.028738671062991, 'gamma': 97.44924136612939}. Best is trial 143 with value: 16.034572788541183.
trail number 259
[I 2025-07-18 03:58:15,656] Trial 259 finished with value: 53.0598878090788 and parameters: {'C': 5888.8766365135125, 'epsilon': 65.06817856765386, 'gamma': 345.9735823556834}. Best is trial 143 with value: 16.034572788541183.
trail number 258
[I 2025-07-18 03:58:15,745] Trial 258 finished with value: 17.853545811822357 and parameters: {'C': 130.46956520032597, 'epsilon': 1.755708967521835, 'gamma': 101.5613410661755}. Best is trial 143 with value: 16.034572788541183.
trail number 257
[I 2025-07-18 03:58:15,836] Trial 257 finished with value: 16.491426524757937 and parameters: {'C': 71.30576746173469, 'epsilon': 1.5517394476444508, 'gamma': 84.30801802215032}. Best is trial 143 with value: 16.034572788541183.
trail number 260
[I 2025-07-18 03:58:15,872] Trial 260 finished with value: 16.667563928707 and parameters: {'C': 194.30863522455405, 'epsilon': 1.0584613353312347, 'gamma': 74.38122657937394}. Best is trial 143 with value: 16.034572788541183.
trail number 251
[I 2025-07-18 03:58:16,006] Trial 251 finished with value: 26.192762845033563 and parameters: {'C': 964.379265022824, 'epsilon': 0.9582058217171401, 'gamma': 150.96176126726755}. Best is trial 143 with value: 16.034572788541183.
trail number 263
[I 2025-07-18 03:58:16,029] Trial 263 finished with value: 25.48460494844634 and parameters: {'C': 5.76903430867533, 'epsilon': 0.8012951899185032, 'gamma': 100.03391567914315}. Best is trial 143 with value: 16.034572788541183.
trail number 265
[I 2025-07-18 03:58:16,156] Trial 265 finished with value: 18.196147591568245 and parameters: {'C': 35.96071370272684, 'epsilon': 1.1364239581543032, 'gamma': 64.3152344993757}. Best is trial 143 with value: 16.034572788541183.
trail number 261
[I 2025-07-18 03:58:16,194] Trial 261 finished with value: 24.276303083923615 and parameters: {'C': 894.3241961168397, 'epsilon': 11.498707355781827, 'gamma': 154.1073600898032}. Best is trial 143 with value: 16.034572788541183.
trail number 267
[I 2025-07-18 03:58:16,579] Trial 267 finished with value: 22.507641937607552 and parameters: {'C': 854.5385839298898, 'epsilon': 1.200628485907704, 'gamma': 121.4142902627232}. Best is trial 143 with value: 16.034572788541183.
trail number 264
[I 2025-07-18 03:58:16,605] Trial 264 finished with value: 17.036883696224514 and parameters: {'C': 674.0501690343515, 'epsilon': 0.7092239094812325, 'gamma': 48.81112995394065}. Best is trial 143 with value: 16.034572788541183.
trail number 262
[I 2025-07-18 03:58:16,611] Trial 262 finished with value: 23.116722156698344 and parameters: {'C': 933.1686206268854, 'epsilon': 1.5630830590846663, 'gamma': 107.75265154725159}. Best is trial 143 with value: 16.034572788541183.
trail number 266
