[I 2025-07-18 04:01:02,487] Trial 2303 finished with value: 22.133401675631536 and parameters: {'C': 731.9912672514914, 'epsilon': 10.136283663373915, 'gamma': 90.2036681224044}. Best is trial 906 with value: 15.547757593814149.
trail number 2308
[I 2025-07-18 04:01:02,567] Trial 2308 finished with value: 20.989508934550425 and parameters: {'C': 559.768146057387, 'epsilon': 0.3038923139879958, 'gamma': 90.54544687559589}. Best is trial 906 with value: 15.547757593814149.
trail number 2306
[I 2025-07-18 04:01:02,645] Trial 2306 finished with value: 18.416195773314378 and parameters: {'C': 925.861935527704, 'epsilon': 12.97636621865038, 'gamma': 50.69682755193371}. Best is trial 906 with value: 15.547757593814149.
trail number 2313
[I 2025-07-18 04:01:02,719] Trial 2313 finished with value: 71.39844630399269 and parameters: {'C': 2742.8322141432586, 'epsilon': 95.20770045996937, 'gamma': 329.4313480859514}. Best is trial 906 with value: 15.547757593814149.
trail number 2309
[I 2025-07-18 04:01:02,741] Trial 2309 finished with value: 21.844865094266574 and parameters: {'C': 1465.9966045717724, 'epsilon': 13.27429843255903, 'gamma': 79.23545544413238}. Best is trial 906 with value: 15.547757593814149.
trail number 2302
[I 2025-07-18 04:01:02,807] Trial 2302 finished with value: 20.544545150391734 and parameters: {'C': 1602.2745929073399, 'epsilon': 0.6207547284054263, 'gamma': 29.97488055462113}. Best is trial 906 with value: 15.547757593814149.
trail number 2312
[I 2025-07-18 04:01:02,851] Trial 2312 finished with value: 30.174774375378725 and parameters: {'C': 2.94208702491936, 'epsilon': 2.2684583537846406, 'gamma': 97.93300681494829}. Best is trial 906 with value: 15.547757593814149.
trail number 2311
[I 2025-07-18 04:01:02,984] Trial 2311 finished with value: 16.99350676538787 and parameters: {'C': 57.55033222038719, 'epsilon': 0.8130679418200732, 'gamma': 90.2745846381183}. Best is trial 906 with value: 15.547757593814149.
trail number 2316
[I 2025-07-18 04:01:03,136] Trial 2316 finished with value: 28.712164081586717 and parameters: {'C': 737.499930733407, 'epsilon': 28.320746437927276, 'gamma': 100.97348672811431}. Best is trial 906 with value: 15.547757593814149.
trail number 2314
[I 2025-07-18 04:01:03,153] Trial 2314 finished with value: 24.00410878703719 and parameters: {'C': 9.55923244041476, 'epsilon': 9.367867041426168, 'gamma': 119.54069901762689}. Best is trial 906 with value: 15.547757593814149.
trail number 2317
[I 2025-07-18 04:01:03,228] Trial 2317 finished with value: 73.78188288426244 and parameters: {'C': 4362.776804195906, 'epsilon': 58.08086355098907, 'gamma': 9.62934677547375}. Best is trial 906 with value: 15.547757593814149.
trail number 2315
[I 2025-07-18 04:01:03,333] Trial 2315 finished with value: 22.83012384141013 and parameters: {'C': 1046.9215060788852, 'epsilon': 0.5257523088618842, 'gamma': 27.640169272308764}. Best is trial 906 with value: 15.547757593814149.
trail number 2318
[I 2025-07-18 04:01:03,345] Trial 2318 finished with value: 28.9971610319874 and parameters: {'C': 762.2098165304266, 'epsilon': 25.39998272773471, 'gamma': 118.76624186227025}. Best is trial 906 with value: 15.547757593814149.
trail number 2310
[I 2025-07-18 04:01:03,382] Trial 2310 finished with value: 27.26216630814228 and parameters: {'C': 787.0218027106336, 'epsilon': 0.5823644280408541, 'gamma': 174.43516854292417}. Best is trial 906 with value: 15.547757593814149.
trail number 2321
[I 2025-07-18 04:01:03,441] Trial 2321 finished with value: 20.3159163610429 and parameters: {'C': 49.9166547144693, 'epsilon': 14.09291402611741, 'gamma': 87.51945834012368}. Best is trial 906 with value: 15.547757593814149.
trail number 2320
[I 2025-07-18 04:01:03,547] Trial 2320 finished with value: 19.751698811947183 and parameters: {'C': 557.5187831536637, 'epsilon': 16.81930541385533, 'gamma': 48.267716319509404}. Best is trial 906 with value: 15.547757593814149.
trail number 2326
[I 2025-07-18 04:01:03,600] Trial 2326 finished with value: 72.68496392956999 and parameters: {'C': 1275.2504893676721, 'epsilon': 98.98726956491086, 'gamma': 226.2194019299762}. Best is trial 906 with value: 15.547757593814149.
trail number 2323
[I 2025-07-18 04:01:03,802] Trial 2323 finished with value: 23.53461096545749 and parameters: {'C': 7.806672956214243, 'epsilon': 2.290605160694839, 'gamma': 91.21079439308681}. Best is trial 906 with value: 15.547757593814149.
trail number 2322
[I 2025-07-18 04:01:03,890] Trial 2322 finished with value: 22.34108854918565 and parameters: {'C': 691.9358510999082, 'epsilon': 0.7059680155749366, 'gamma': 115.9511880088568}. Best is trial 906 with value: 15.547757593814149.
trail number 2327
[I 2025-07-18 04:01:03,906] Trial 2327 finished with value: 30.00693538802666 and parameters: {'C': 5.019060592830499, 'epsilon': 16.84412031851546, 'gamma': 105.78296734703935}. Best is trial 906 with value: 15.547757593814149.
trail number 2324
[I 2025-07-18 04:01:03,960] Trial 2324 finished with value: 16.232584562412892 and parameters: {'C': 146.83282575979771, 'epsilon': 0.6984782174314951, 'gamma': 74.93388935406811}. Best is trial 906 with value: 15.547757593814149.
trail number 2325
[I 2025-07-18 04:01:04,007] Trial 2325 finished with value: 27.51479657339427 and parameters: {'C': 668.9508546504275, 'epsilon': 0.8798022655661069, 'gamma': 183.61243930744394}. Best is trial 906 with value: 15.547757593814149.
trail number 2329
[I 2025-07-18 04:01:04,124] Trial 2329 finished with value: 19.76576595206978 and parameters: {'C': 30.335179776215625, 'epsilon': 11.789431470556359, 'gamma': 38.98210459813325}. Best is trial 906 with value: 15.547757593814149.
trail number 2319
[I 2025-07-18 04:01:04,161] Trial 2319 finished with value: 25.500386073267354 and parameters: {'C': 723.7204100099564, 'epsilon': 0.023734460076908714, 'gamma': 158.97202415422873}. Best is trial 906 with value: 15.547757593814149.
trail number 2328
[I 2025-07-18 04:01:04,227] Trial 2328 finished with value: 37.97008926748207 and parameters: {'C': 1.697911351399597, 'epsilon': 1.5399769486309165, 'gamma': 39.88440271646537}. Best is trial 906 with value: 15.547757593814149.
trail number 2332
[I 2025-07-18 04:01:04,241] Trial 2332 finished with value: 26.285006114497328 and parameters: {'C': 6.813981379735679, 'epsilon': 13.980760484866934, 'gamma': 89.46467583782257}. Best is trial 906 with value: 15.547757593814149.
trail number 2330
[I 2025-07-18 04:01:04,290] Trial 2330 finished with value: 24.368405570688306 and parameters: {'C': 22.73603848731365, 'epsilon': 13.590774133746269, 'gamma': 25.27358804521831}. Best is trial 906 with value: 15.547757593814149.
trail number 2331
[I 2025-07-18 04:01:04,315] Trial 2331 finished with value: 25.315271418101506 and parameters: {'C': 588.8767297023074, 'epsilon': 23.525115270632767, 'gamma': 125.43658631280323}. Best is trial 906 with value: 15.547757593814149.
trail number 2334
[I 2025-07-18 04:01:04,328] Trial 2334 finished with value: 50.19127909431835 and parameters: {'C': 5887.418916189246, 'epsilon': 62.4063561178155, 'gamma': 287.5825647092228}. Best is trial 906 with value: 15.547757593814149.
trail number 2338
[I 2025-07-18 04:01:04,391] Trial 2338 finished with value: 51.346238119149874 and parameters: {'C': 99.91339836681027, 'epsilon': 67.40113760178897, 'gamma': 117.69580852011782}. Best is trial 906 with value: 15.547757593814149.
trail number 2333
[I 2025-07-18 04:01:04,473] Trial 2333 finished with value: 20.53454343335137 and parameters: {'C': 52.62881124945141, 'epsilon': 14.222249002054832, 'gamma': 97.42803330851268}. Best is trial 906 with value: 15.547757593814149.
trail number 2336
[I 2025-07-18 04:01:04,548] Trial 2336 finished with value: 19.352360254605088 and parameters: {'C': 18.904018641530953, 'epsilon': 0.3585639570940635, 'gamma': 57.465873652977685}. Best is trial 906 with value: 15.547757593814149.
trail number 2342
[I 2025-07-18 04:01:04,609] Trial 2342 finished with value: 66.11126879591356 and parameters: {'C': 5309.422395870824, 'epsilon': 85.14013899450853, 'gamma': 413.46804615024587}. Best is trial 906 with value: 15.547757593814149.
trail number 2337
[I 2025-07-18 04:01:04,704] Trial 2337 finished with value: 33.18454479541195 and parameters: {'C': 2289.7374994482366, 'epsilon': 32.52934021566595, 'gamma': 115.69305233844617}. Best is trial 906 with value: 15.547757593814149.
trail number 2335
[I 2025-07-18 04:01:04,744] Trial 2335 finished with value: 23.884981347746926 and parameters: {'C': 1318.7294672865896, 'epsilon': 12.287573174036797, 'gamma': 105.96963054867048}. Best is trial 906 with value: 15.547757593814149.
trail number 2340
[I 2025-07-18 04:01:04,952] Trial 2340 finished with value: 18.99541854712721 and parameters: {'C': 86.02445080054402, 'epsilon': 1.3511003645845998, 'gamma': 154.5490164121587}. Best is trial 906 with value: 15.547757593814149.
trail number 2341
[I 2025-07-18 04:01:04,975] Trial 2341 finished with value: 48.527391982885305 and parameters: {'C': 570.0280796097112, 'epsilon': 0.22571217194622684, 'gamma': 0.2658946573700831}. Best is trial 906 with value: 15.547757593814149.
trail number 2344
[I 2025-07-18 04:01:05,080] Trial 2344 finished with value: 22.139619090529273 and parameters: {'C': 34.27480116149593, 'epsilon': 12.97204898688027, 'gamma': 150.20048945876516}. Best is trial 906 with value: 15.547757593814149.
trail number 2339
[I 2025-07-18 04:01:05,097] Trial 2339 finished with value: 20.253991927522925 and parameters: {'C': 509.42652318423956, 'epsilon': 0.2131691745034432, 'gamma': 82.1425381186107}. Best is trial 906 with value: 15.547757593814149.
trail number 2345
[I 2025-07-18 04:01:05,122] Trial 2345 finished with value: 19.060887905870317 and parameters: {'C': 186.67645309893652, 'epsilon': 0.37674740970024656, 'gamma': 103.95500021182409}. Best is trial 906 with value: 15.547757593814149.
trail number 2343
[I 2025-07-18 04:01:05,332] Trial 2343 finished with value: 21.507310149836066 and parameters: {'C': 1324.1441963839636, 'epsilon': 0.17663148508125248, 'gamma': 60.72559513238963}. Best is trial 906 with value: 15.547757593814149.
trail number 2348
[I 2025-07-18 04:01:05,380] Trial 2348 finished with value: 23.879408568325594 and parameters: {'C': 565.632875240319, 'epsilon': 28.234615971115296, 'gamma': 65.40579374293938}. Best is trial 906 with value: 15.547757593814149.
trail number 2346
[I 2025-07-18 04:01:05,396] Trial 2346 finished with value: 20.11084970174864 and parameters: {'C': 514.2131635079148, 'epsilon': 14.221986861099866, 'gamma': 82.16074393275106}. Best is trial 906 with value: 15.547757593814149.
trail number 2347
[I 2025-07-18 04:01:05,429] Trial 2347 finished with value: 22.815614978935834 and parameters: {'C': 638.1542619274759, 'epsilon': 17.404682653382224, 'gamma': 131.76431739059393}. Best is trial 906 with value: 15.547757593814149.
trail number 2349
[I 2025-07-18 04:01:05,631] Trial 2349 finished with value: 16.495776743909865 and parameters: {'C': 105.85994233179133, 'epsilon': 0.10626475581863845, 'gamma': 71.25538928806264}. Best is trial 906 with value: 15.547757593814149.
trail number 2351
[I 2025-07-18 04:01:05,646] Trial 2351 finished with value: 22.747347106555974 and parameters: {'C': 539.4433891339927, 'epsilon': 16.461338767482598, 'gamma': 140.70669798784445}. Best is trial 906 with value: 15.547757593814149.
trail number 2350
[I 2025-07-18 04:01:05,712] Trial 2350 finished with value: 20.734340799910562 and parameters: {'C': 820.693629875007, 'epsilon': 0.45957437910251353, 'gamma': 69.56954041661125}. Best is trial 906 with value: 15.547757593814149.
trail number 2353
[I 2025-07-18 04:01:05,845] Trial 2353 finished with value: 24.710436184001054 and parameters: {'C': 811.2050531141225, 'epsilon': 16.67753430726444, 'gamma': 151.0064523917347}. Best is trial 906 with value: 15.547757593814149.
trail number 2356
[I 2025-07-18 04:01:05,925] Trial 2356 finished with value: 18.707383727281254 and parameters: {'C': 573.6265936497355, 'epsilon': 14.825292232261084, 'gamma': 67.45488616351562}. Best is trial 906 with value: 15.547757593814149.
trail number 2357
[I 2025-07-18 04:01:06,030] Trial 2357 finished with value: 50.94695327392371 and parameters: {'C': 1022.1151853002737, 'epsilon': 13.65082761382659, 'gamma': 2.0426341891230706}. Best is trial 906 with value: 15.547757593814149.
trail number 2358
[I 2025-07-18 04:01:06,248] Trial 2358 finished with value: 32.79053637909936 and parameters: {'C': 2.7975803161605057, 'epsilon': 11.183416003978007, 'gamma': 48.15946603802202}. Best is trial 906 with value: 15.547757593814149.
trail number 2354
[I 2025-07-18 04:01:06,325] Trial 2354 finished with value: 20.606894775158317 and parameters: {'C': 543.3681288923951, 'epsilon': 0.15629591801458442, 'gamma': 87.38253301236696}. Best is trial 906 with value: 15.547757593814149.
trail number 2360
[I 2025-07-18 04:01:06,461] Trial 2360 finished with value: 23.365856868447175 and parameters: {'C': 1210.5107175270211, 'epsilon': 11.407855578350093, 'gamma': 97.90514542433806}. Best is trial 906 with value: 15.547757593814149.
trail number 2359
[I 2025-07-18 04:01:06,537] Trial 2359 finished with value: 22.398400750964512 and parameters: {'C': 716.6250786993219, 'epsilon': 0.4686041322053738, 'gamma': 125.46188680122901}. Best is trial 906 with value: 15.547757593814149.
trail number 2352
[I 2025-07-18 04:01:06,611] Trial 2352 finished with value: 23.739527669920122 and parameters: {'C': 1291.5732179335928, 'epsilon': 0.6347515591634554, 'gamma': 114.40565462154262}. Best is trial 906 with value: 15.547757593814149.
trail number 2362
[I 2025-07-18 04:01:06,662] Trial 2362 finished with value: 22.949373106591775 and parameters: {'C': 630.3114935167605, 'epsilon': 28.205302822822564, 'gamma': 41.35415046021407}. Best is trial 906 with value: 15.547757593814149.
trail number 2361
[I 2025-07-18 04:01:06,740] Trial 2361 finished with value: 18.400038943671575 and parameters: {'C': 778.8812444101994, 'epsilon': 15.064972956879792, 'gamma': 53.96957341259934}. Best is trial 906 with value: 15.547757593814149.
trail number 2363
[I 2025-07-18 04:01:06,874] Trial 2363 finished with value: 22.841281369801333 and parameters: {'C': 757.2609481644257, 'epsilon': 12.152207804123003, 'gamma': 137.68667003759168}. Best is trial 906 with value: 15.547757593814149.
trail number 2366
[I 2025-07-18 04:01:06,984] Trial 2366 finished with value: 24.156034294853193 and parameters: {'C': 10.139887795778037, 'epsilon': 14.264196545606795, 'gamma': 86.15897338457707}. Best is trial 906 with value: 15.547757593814149.
trail number 2368
[I 2025-07-18 04:01:07,042] Trial 2368 finished with value: 27.525753615891063 and parameters: {'C': 74.81704918749058, 'epsilon': 27.222485196160363, 'gamma': 166.78588194787795}. Best is trial 906 with value: 15.547757593814149.
trail number 2365
[I 2025-07-18 04:01:07,052] Trial 2365 finished with value: 21.320733935336584 and parameters: {'C': 474.93259632098454, 'epsilon': 14.753830499004362, 'gamma': 105.32069018603792}. Best is trial 906 with value: 15.547757593814149.
trail number 2355
[I 2025-07-18 04:01:07,060] Trial 2355 finished with value: 29.252262593985215 and parameters: {'C': 1677.4768315148308, 'epsilon': 1.0030506513650406, 'gamma': 139.69779981496856}. Best is trial 906 with value: 15.547757593814149.
trail number 2367
[I 2025-07-18 04:01:07,076] Trial 2367 finished with value: 40.28706474331074 and parameters: {'C': 2.1978450213202905, 'epsilon': 22.014397592847587, 'gamma': 167.39552580885012}. Best is trial 906 with value: 15.547757593814149.
trail number 2370
[I 2025-07-18 04:01:07,528] Trial 2370 finished with value: 21.323883596974124 and parameters: {'C': 57.57047848540613, 'epsilon': 5.249183873222497, 'gamma': 248.0201784559391}. Best is trial 906 with value: 15.547757593814149.
trail number 2373
[I 2025-07-18 04:01:07,540] Trial 2373 finished with value: 18.97534353840484 and parameters: {'C': 37.690858689189014, 'epsilon': 0.9069221952513895, 'gamma': 135.11215796143136}. Best is trial 906 with value: 15.547757593814149.
trail number 2371
[I 2025-07-18 04:01:07,788] Trial 2371 finished with value: 20.249860706213834 and parameters: {'C': 1548.1575866498579, 'epsilon': 13.88842965315585, 'gamma': 56.10914258175928}. Best is trial 906 with value: 15.547757593814149.
trail number 2374
[I 2025-07-18 04:01:07,923] Trial 2374 finished with value: 17.96344201373814 and parameters: {'C': 1075.1135038647656, 'epsilon': 11.311334956443641, 'gamma': 50.51618477584811}. Best is trial 906 with value: 15.547757593814149.
trail number 2369
[I 2025-07-18 04:01:08,058] Trial 2369 finished with value: 23.23079575202262 and parameters: {'C': 1163.8231543129104, 'epsilon': 0.2577618111555041, 'gamma': 86.25204827569135}. Best is trial 906 with value: 15.547757593814149.
trail number 2375
[I 2025-07-18 04:01:08,118] Trial 2375 finished with value: 17.410002337931825 and parameters: {'C': 816.7403509245278, 'epsilon': 0.6191090501567855, 'gamma': 41.31064763633465}. Best is trial 906 with value: 15.547757593814149.
trail number 2379
[I 2025-07-18 04:01:08,184] Trial 2379 finished with value: 59.94977492775949 and parameters: {'C': 3971.8819614645595, 'epsilon': 80.30809605147523, 'gamma': 170.65766752285407}. Best is trial 906 with value: 15.547757593814149.
trail number 2372
[I 2025-07-18 04:01:08,267] Trial 2372 finished with value: 23.003798650824493 and parameters: {'C': 1243.1799205614159, 'epsilon': 0.31710022466498966, 'gamma': 81.60115468961985}. Best is trial 906 with value: 15.547757593814149.
trail number 2376
[I 2025-07-18 04:01:08,281] Trial 2376 finished with value: 46.590424396345995 and parameters: {'C': 38.841264462938454, 'epsilon': 2.7723276579772422, 'gamma': 2.56757777930288}. Best is trial 906 with value: 15.547757593814149.
trail number 2377
[I 2025-07-18 04:01:08,370] Trial 2377 finished with value: 18.958302696561045 and parameters: {'C': 420.0198893566998, 'epsilon': 0.5860032526166996, 'gamma': 69.18325509153196}. Best is trial 906 with value: 15.547757593814149.
trail number 2380
[I 2025-07-18 04:01:08,522] Trial 2380 finished with value: 15.85929639561807 and parameters: {'C': 183.1262476540872, 'epsilon': 0.09836209088216366, 'gamma': 60.93281755132544}. Best is trial 906 with value: 15.547757593814149.
trail number 2378
[I 2025-07-18 04:01:08,561] Trial 2378 finished with value: 21.343570781789584 and parameters: {'C': 23.382242027047823, 'epsilon': 1.2401508602994322, 'gamma': 182.56505701401642}. Best is trial 906 with value: 15.547757593814149.
trail number 2383
[I 2025-07-18 04:01:08,654] Trial 2383 finished with value: 51.33508617455864 and parameters: {'C': 474.5015762399113, 'epsilon': 16.045421201906528, 'gamma': 2.8110073736491117}. Best is trial 906 with value: 15.547757593814149.
trail number 2381
[I 2025-07-18 04:01:08,747] Trial 2381 finished with value: 45.3097334743342 and parameters: {'C': 66.05336878609565, 'epsilon': 0.05033589424631435, 'gamma': 9.342619500809626}. Best is trial 906 with value: 15.547757593814149.
trail number 2385
[I 2025-07-18 04:01:08,857] Trial 2385 finished with value: 23.08250612235513 and parameters: {'C': 525.6387081829192, 'epsilon': 26.121193276620268, 'gamma': 61.538977875528666}. Best is trial 906 with value: 15.547757593814149.
trail number 2386
[I 2025-07-18 04:01:08,889] Trial 2386 finished with value: 20.091646724760558 and parameters: {'C': 606.0912306606201, 'epsilon': 17.924468558148906, 'gamma': 60.20167204511063}. Best is trial 906 with value: 15.547757593814149.
trail number 2384
[I 2025-07-18 04:01:08,899] Trial 2384 finished with value: 18.52636773260072 and parameters: {'C': 162.46198650995098, 'epsilon': 0.03933263783953017, 'gamma': 97.73668725957381}. Best is trial 906 with value: 15.547757593814149.
trail number 2389
[I 2025-07-18 04:01:09,014] Trial 2389 finished with value: 38.24137419875712 and parameters: {'C': 5.110761778095522, 'epsilon': 33.03720238964895, 'gamma': 105.01177759028016}. Best is trial 906 with value: 15.547757593814149.
trail number 2390
[I 2025-07-18 04:01:09,078] Trial 2390 finished with value: 23.858697596533467 and parameters: {'C': 23.756930240966554, 'epsilon': 21.941903073301347, 'gamma': 40.29361478953024}. Best is trial 906 with value: 15.547757593814149.
trail number 2382
[I 2025-07-18 04:01:09,209] Trial 2382 finished with value: 22.611637641083156 and parameters: {'C': 827.2239462301397, 'epsilon': 0.12783248142461212, 'gamma': 101.01592735819236}. Best is trial 906 with value: 15.547757593814149.
trail number 2388
[I 2025-07-18 04:01:09,226] Trial 2388 finished with value: 24.16692438542063 and parameters: {'C': 11.551465127500052, 'epsilon': 11.377527306426543, 'gamma': 137.3697863069274}. Best is trial 906 with value: 15.547757593814149.
trail number 2387
[I 2025-07-18 04:01:09,237] Trial 2387 finished with value: 18.78633325986857 and parameters: {'C': 44.785820170226216, 'epsilon': 0.10074892370436439, 'gamma': 48.36833978597383}. Best is trial 906 with value: 15.547757593814149.
trail number 2394
[I 2025-07-18 04:01:09,276] Trial 2394 finished with value: 80.44564382337788 and parameters: {'C': 3643.8230553758185, 'epsilon': 112.3353293022115, 'gamma': 244.45432596634842}. Best is trial 906 with value: 15.547757593814149.
trail number 2391
[I 2025-07-18 04:01:09,289] Trial 2391 finished with value: 45.15840413551585 and parameters: {'C': 526.9025935883751, 'epsilon': 11.750117511739619, 'gamma': 0.7336851993798632}. Best is trial 906 with value: 15.547757593814149.
trail number 2392
[I 2025-07-18 04:01:09,319] Trial 2392 finished with value: 30.08655888499601 and parameters: {'C': 835.6096320618226, 'epsilon': 26.726087164610437, 'gamma': 209.61326277216307}. Best is trial 906 with value: 15.547757593814149.
trail number 2364
