nohup: ignoring input
/home/alber/env/lib/python3.11/site-packages/optuna/_experimental.py:32: ExperimentalWarning: Argument ``multivariate`` is an experimental feature. The interface can change in the future.
  warnings.warn(
[I 2025-07-18 03:57:54,703] A new study created in memory with name: no-name-35df486c-0b0a-4982-8fda-c3bd5c81a8da
trail number 3
[I 2025-07-18 03:57:54,741] Trial 3 finished with value: 80.35821738847434 and parameters: {'C': 4386.3080704229715, 'epsilon': 111.01361598940596, 'gamma': 380.097363948324}. Best is trial 3 with value: 80.35821738847434.
trail number 0
[I 2025-07-18 03:57:54,794] Trial 0 finished with value: 63.39352266682215 and parameters: {'C': 4721.512928593373, 'epsilon': 80.68835895262166, 'gamma': 413.23222029948624}. Best is trial 0 with value: 63.39352266682215.
trail number 5
[I 2025-07-18 03:57:54,814] Trial 5 finished with value: 51.23054952059077 and parameters: {'C': 3600.943741641939, 'epsilon': 67.15185744404153, 'gamma': 176.1068028890037}. Best is trial 5 with value: 51.23054952059077.
trail number 6
[I 2025-07-18 03:57:54,848] Trial 6 finished with value: 61.56490731739924 and parameters: {'C': 3685.28669836458, 'epsilon': 79.9344520900778, 'gamma': 286.12785687150665}. Best is trial 5 with value: 51.23054952059077.
trail number 1
[I 2025-07-18 03:57:54,883] Trial 1 finished with value: 53.552255087746275 and parameters: {'C': 2973.140144815196, 'epsilon': 64.24184642797418, 'gamma': 399.7589984373297}. Best is trial 5 with value: 51.23054952059077.
trail number 7
[I 2025-07-18 03:57:55,034] Trial 7 finished with value: 33.65048391154926 and parameters: {'C': 548.6532606305078, 'epsilon': 36.441884675167586, 'gamma': 274.7041493312537}. Best is trial 7 with value: 33.65048391154926.
trail number 11
[I 2025-07-18 03:57:55,068] Trial 11 finished with value: 70.61599848120537 and parameters: {'C': 4868.385247213164, 'epsilon': 97.40237501582475, 'gamma': 94.15232221665366}. Best is trial 7 with value: 33.65048391154926.
trail number 10
[I 2025-07-18 03:57:55,075] Trial 10 finished with value: 24.75947632175057 and parameters: {'C': 507.5418625599895, 'epsilon': 50.93369423035924, 'gamma': 31.538255187344777}. Best is trial 10 with value: 24.75947632175057.
trail number 13
[I 2025-07-18 03:57:55,098] Trial 13 finished with value: 75.61820835620543 and parameters: {'C': 5909.192690643336, 'epsilon': 104.67030749489442, 'gamma': 166.08677099224272}. Best is trial 10 with value: 24.75947632175057.
trail number 12
[I 2025-07-18 03:57:55,100] Trial 12 finished with value: 78.18885573171312 and parameters: {'C': 3460.4298738015464, 'epsilon': 107.16126177456486, 'gamma': 345.1709544576879}. Best is trial 10 with value: 24.75947632175057.
trail number 9
[I 2025-07-18 03:57:55,168] Trial 9 finished with value: 42.721657534724 and parameters: {'C': 5785.069912995382, 'epsilon': 58.680639015791634, 'gamma': 14.23093699030013}. Best is trial 10 with value: 24.75947632175057.
trail number 15
[I 2025-07-18 03:57:55,210] Trial 15 finished with value: 60.28792355101372 and parameters: {'C': 5284.715796801098, 'epsilon': 77.83497852915042, 'gamma': 287.0447573506858}. Best is trial 10 with value: 24.75947632175057.
trail number 8
[I 2025-07-18 03:57:55,295] Trial 8 finished with value: 43.470160933044056 and parameters: {'C': 2912.974858950802, 'epsilon': 31.729149739493636, 'gamma': 330.01064568190816}. Best is trial 10 with value: 24.75947632175057.
trail number 16
[I 2025-07-18 03:57:55,348] Trial 16 finished with value: 55.26451601615304 and parameters: {'C': 2521.5059434120594, 'epsilon': 70.1739372582225, 'gamma': 281.5615423249699}. Best is trial 10 with value: 24.75947632175057.
trail number 18
[I 2025-07-18 03:57:55,371] Trial 18 finished with value: 57.416721493158136 and parameters: {'C': 1693.4090926167942, 'epsilon': 71.55299385614545, 'gamma': 370.3805383978471}. Best is trial 10 with value: 24.75947632175057.
trail number 20
[I 2025-07-18 03:57:55,425] Trial 20 finished with value: 63.636953916650896 and parameters: {'C': 1406.2044773520786, 'epsilon': 82.37386954569993, 'gamma': 338.99799300903624}. Best is trial 10 with value: 24.75947632175057.
trail number 17
[I 2025-07-18 03:57:55,443] Trial 17 finished with value: 50.03408752544941 and parameters: {'C': 5784.377148121527, 'epsilon': 64.52043560980651, 'gamma': 214.87695678968973}. Best is trial 10 with value: 24.75947632175057.
trail number 2
[I 2025-07-18 03:57:55,445] Trial 2 finished with value: 29.88508430768702 and parameters: {'C': 2348.5773737302084, 'epsilon': 26.04903293468938, 'gamma': 176.25193260399297}. Best is trial 10 with value: 24.75947632175057.
trail number 21
[I 2025-07-18 03:57:55,447] Trial 21 finished with value: 79.03361196004974 and parameters: {'C': 1247.4467411179778, 'epsilon': 108.98084315610167, 'gamma': 325.5490389525526}. Best is trial 10 with value: 24.75947632175057.
trail number 23
[I 2025-07-18 03:57:55,488] Trial 23 finished with value: 75.05905446169018 and parameters: {'C': 972.4203107314266, 'epsilon': 100.93906168409035, 'gamma': 362.6632186506574}. Best is trial 10 with value: 24.75947632175057.
trail number 19
[I 2025-07-18 03:57:55,549] Trial 19 finished with value: 29.753018138636907 and parameters: {'C': 1359.7381532198774, 'epsilon': 52.35845661025997, 'gamma': 42.962898962010584}. Best is trial 10 with value: 24.75947632175057.
trail number 25
[I 2025-07-18 03:57:55,549] Trial 25 finished with value: 72.43118595518368 and parameters: {'C': 1584.7292095634402, 'epsilon': 94.90602270276196, 'gamma': 471.0756745061151}. Best is trial 10 with value: 24.75947632175057.
trail number 27
[I 2025-07-18 03:57:55,644] Trial 27 finished with value: 60.151459558783486 and parameters: {'C': 5097.932936465233, 'epsilon': 75.50140379535861, 'gamma': 401.17550279811746}. Best is trial 10 with value: 24.75947632175057.
trail number 24
[I 2025-07-18 03:57:55,658] Trial 24 finished with value: 45.17977735428628 and parameters: {'C': 3749.235914990976, 'epsilon': 45.521820674684925, 'gamma': 260.38503275073055}. Best is trial 10 with value: 24.75947632175057.
trail number 29
[I 2025-07-18 03:57:55,688] Trial 29 finished with value: 57.57858154816266 and parameters: {'C': 397.30327005121785, 'epsilon': 82.83651300197863, 'gamma': 39.410560555154426}. Best is trial 10 with value: 24.75947632175057.
trail number 30
[I 2025-07-18 03:57:55,723] Trial 30 finished with value: 67.77489765706729 and parameters: {'C': 5066.822093446811, 'epsilon': 90.66940050490683, 'gamma': 259.1797754740175}. Best is trial 10 with value: 24.75947632175057.
trail number 31
[I 2025-07-18 03:57:55,752] Trial 31 finished with value: 66.88026019176252 and parameters: {'C': 553.4443310441081, 'epsilon': 90.11809389223365, 'gamma': 203.43251565091924}. Best is trial 10 with value: 24.75947632175057.
trail number 26
[I 2025-07-18 03:57:55,898] Trial 26 finished with value: 58.72157233656013 and parameters: {'C': 2457.5110343547226, 'epsilon': 76.72887195417276, 'gamma': 3.423955898555496}. Best is trial 10 with value: 24.75947632175057.
trail number 32
[I 2025-07-18 03:57:55,902] Trial 32 finished with value: 42.993377960714874 and parameters: {'C': 1492.6740217647284, 'epsilon': 48.71701843428908, 'gamma': 181.30247721473654}. Best is trial 10 with value: 24.75947632175057.
trail number 28
[I 2025-07-18 03:57:55,943] Trial 28 finished with value: 42.85854288827839 and parameters: {'C': 5164.414258199419, 'epsilon': 47.90387684956191, 'gamma': 160.27595143441002}. Best is trial 10 with value: 24.75947632175057.
trail number 33
[I 2025-07-18 03:57:55,986] Trial 33 finished with value: 69.87432656387782 and parameters: {'C': 2447.3499547503084, 'epsilon': 91.06362049362822, 'gamma': 431.20031238205246}. Best is trial 10 with value: 24.75947632175057.
trail number 35
[I 2025-07-18 03:57:56,217] Trial 35 finished with value: 22.074103325152873 and parameters: {'C': 231.6095559621035, 'epsilon': 28.03088294772987, 'gamma': 24.116431799403426}. Best is trial 35 with value: 22.074103325152873.
trail number 4
[I 2025-07-18 03:57:56,233] Trial 4 finished with value: 33.198147377945915 and parameters: {'C': 2386.3572983861463, 'epsilon': 10.08273914121253, 'gamma': 345.466519175967}. Best is trial 35 with value: 22.074103325152873.
trail number 36
[I 2025-07-18 03:57:56,237] Trial 36 finished with value: 19.519026425845396 and parameters: {'C': 845.6596680578273, 'epsilon': 41.272518560702586, 'gamma': 29.700461571584054}. Best is trial 36 with value: 19.519026425845396.
trail number 34
[I 2025-07-18 03:57:56,319] Trial 34 finished with value: 23.118359121207007 and parameters: {'C': 209.56312609482626, 'epsilon': 4.935618640223008, 'gamma': 264.2489877048969}. Best is trial 36 with value: 19.519026425845396.
trail number 38
[I 2025-07-18 03:57:56,394] Trial 38 finished with value: 23.820606997170096 and parameters: {'C': 50.55782558202009, 'epsilon': 24.632789695126718, 'gamma': 77.8386312122386}. Best is trial 36 with value: 19.519026425845396.
trail number 37
[I 2025-07-18 03:57:56,496] Trial 37 finished with value: 24.212852612793196 and parameters: {'C': 396.8712564271141, 'epsilon': 36.422539538666, 'gamma': 39.90297751141229}. Best is trial 36 with value: 19.519026425845396.
trail number 40
[I 2025-07-18 03:57:56,699] Trial 40 finished with value: 19.59532985077771 and parameters: {'C': 343.85188379671604, 'epsilon': 3.074663404524369, 'gamma': 87.07840409636822}. Best is trial 36 with value: 19.519026425845396.
trail number 39
[I 2025-07-18 03:57:56,703] Trial 39 finished with value: 46.7347160786759 and parameters: {'C': 1226.0148948526944, 'epsilon': 23.99988941296427, 'gamma': 0.761045860119097}. Best is trial 36 with value: 19.519026425845396.
trail number 41
[I 2025-07-18 03:57:56,852] Trial 41 finished with value: 21.026850616456986 and parameters: {'C': 332.83304294551357, 'epsilon': 1.8569561637040812, 'gamma': 146.09235784042642}. Best is trial 36 with value: 19.519026425845396.
trail number 45
[I 2025-07-18 03:57:57,199] Trial 45 finished with value: 18.204050178871878 and parameters: {'C': 83.84979418567946, 'epsilon': 1.0393796327836569, 'gamma': 133.48507297236083}. Best is trial 45 with value: 18.204050178871878.
trail number 43
[I 2025-07-18 03:57:57,483] Trial 43 finished with value: 25.34164322962534 and parameters: {'C': 1330.526316709299, 'epsilon': 1.3868308621224459, 'gamma': 123.90528019787641}. Best is trial 45 with value: 18.204050178871878.
trail number 44
[I 2025-07-18 03:57:57,495] Trial 44 finished with value: 24.761596938980464 and parameters: {'C': 381.3259634975508, 'epsilon': 4.362796486001946, 'gamma': 303.66240789756534}. Best is trial 45 with value: 18.204050178871878.
trail number 42
[I 2025-07-18 03:57:57,502] Trial 42 finished with value: 25.924627504874955 and parameters: {'C': 1413.55001250128, 'epsilon': 3.4771477127384713, 'gamma': 93.76902091226799}. Best is trial 45 with value: 18.204050178871878.
trail number 46
[I 2025-07-18 03:57:57,842] Trial 46 finished with value: 25.03891808748479 and parameters: {'C': 1094.5165261348902, 'epsilon': 2.861247957134787, 'gamma': 133.90181260435097}. Best is trial 45 with value: 18.204050178871878.
trail number 47
[I 2025-07-18 03:57:57,899] Trial 47 finished with value: 22.498983574377892 and parameters: {'C': 468.6903513851749, 'epsilon': 4.696403288278647, 'gamma': 122.83078360268597}. Best is trial 45 with value: 18.204050178871878.
trail number 49
[I 2025-07-18 03:57:58,009] Trial 49 finished with value: 21.83077413390638 and parameters: {'C': 209.45130195435974, 'epsilon': 8.064714355212491, 'gamma': 159.54949254206178}. Best is trial 45 with value: 18.204050178871878.
trail number 48
[I 2025-07-18 03:57:58,034] Trial 48 finished with value: 52.29087829501448 and parameters: {'C': 318.7640649862984, 'epsilon': 9.465013673708398, 'gamma': 7.9423047865164875}. Best is trial 45 with value: 18.204050178871878.
trail number 50
[I 2025-07-18 03:57:58,274] Trial 50 finished with value: 20.24452049270675 and parameters: {'C': 192.0409314469419, 'epsilon': 1.6390060532436088, 'gamma': 174.26691669189145}. Best is trial 45 with value: 18.204050178871878.
trail number 22
[I 2025-07-18 03:57:58,291] Trial 22 finished with value: 36.317637280378634 and parameters: {'C': 4283.833395312655, 'epsilon': 12.193962769392536, 'gamma': 312.9792580768271}. Best is trial 45 with value: 18.204050178871878.
trail number 51
[I 2025-07-18 03:57:58,324] Trial 51 finished with value: 22.68686544076099 and parameters: {'C': 476.9178834170615, 'epsilon': 0.08417492435519924, 'gamma': 27.44776107369576}. Best is trial 45 with value: 18.204050178871878.
trail number 52
[I 2025-07-18 03:57:58,331] Trial 52 finished with value: 25.813677195156608 and parameters: {'C': 418.0740643885958, 'epsilon': 21.465561203769845, 'gamma': 178.78168030823574}. Best is trial 45 with value: 18.204050178871878.
trail number 14
[I 2025-07-18 03:57:58,345] Trial 14 finished with value: 38.790086327565994 and parameters: {'C': 3875.4417840290807, 'epsilon': 5.737956173058815, 'gamma': 208.50487371009345}. Best is trial 45 with value: 18.204050178871878.
trail number 56
[I 2025-07-18 03:57:58,541] Trial 56 finished with value: 25.11551121362001 and parameters: {'C': 389.12997860103604, 'epsilon': 19.32729408645004, 'gamma': 199.88638011520743}. Best is trial 45 with value: 18.204050178871878.
trail number 54
[I 2025-07-18 03:57:58,643] Trial 54 finished with value: 20.182812017178314 and parameters: {'C': 119.3323358549226, 'epsilon': 3.0599743804170236, 'gamma': 169.09671297045085}. Best is trial 45 with value: 18.204050178871878.
trail number 57
[I 2025-07-18 03:57:58,708] Trial 57 finished with value: 22.52872935466138 and parameters: {'C': 205.34007645574903, 'epsilon': 14.554198039129599, 'gamma': 163.96628970864282}. Best is trial 45 with value: 18.204050178871878.
trail number 59
[I 2025-07-18 03:57:58,919] Trial 59 finished with value: 20.939450924068005 and parameters: {'C': 219.61772275407256, 'epsilon': 5.713196776147796, 'gamma': 159.78684606570002}. Best is trial 45 with value: 18.204050178871878.
trail number 58
[I 2025-07-18 03:57:59,096] Trial 58 finished with value: 22.082747542406004 and parameters: {'C': 435.0848469751248, 'epsilon': 2.801891744993414, 'gamma': 170.440627688981}. Best is trial 45 with value: 18.204050178871878.
trail number 60
[I 2025-07-18 03:57:59,262] Trial 60 finished with value: 23.885238664073988 and parameters: {'C': 634.0592528997299, 'epsilon': 1.3602241571520584, 'gamma': 159.47139059957055}. Best is trial 45 with value: 18.204050178871878.
trail number 53
[I 2025-07-18 03:57:59,272] Trial 53 finished with value: 25.48332443446852 and parameters: {'C': 3789.315548487586, 'epsilon': 18.966875854907123, 'gamma': 24.69070959092153}. Best is trial 45 with value: 18.204050178871878.
trail number 62
[I 2025-07-18 03:57:59,375] Trial 62 finished with value: 53.57574181392387 and parameters: {'C': 4464.502001798472, 'epsilon': 35.81705766939325, 'gamma': 483.00978531173337}. Best is trial 45 with value: 18.204050178871878.
trail number 61
[I 2025-07-18 03:57:59,428] Trial 61 finished with value: 24.772860372431655 and parameters: {'C': 3173.9155270063775, 'epsilon': 24.732317123472047, 'gamma': 20.89788469257759}. Best is trial 45 with value: 18.204050178871878.
trail number 63
[I 2025-07-18 03:57:59,500] Trial 63 finished with value: 21.462458877487236 and parameters: {'C': 49.11303117856414, 'epsilon': 9.659854056124502, 'gamma': 139.00387129808624}. Best is trial 45 with value: 18.204050178871878.
trail number 64
[I 2025-07-18 03:57:59,522] Trial 64 finished with value: 21.560753734207047 and parameters: {'C': 60.091451854409684, 'epsilon': 9.437143604712443, 'gamma': 140.06816029478125}. Best is trial 45 with value: 18.204050178871878.
trail number 66
[I 2025-07-18 03:57:59,660] Trial 66 finished with value: 18.260509276777118 and parameters: {'C': 73.91667328089693, 'epsilon': 4.791345264359631, 'gamma': 99.6599521347589}. Best is trial 45 with value: 18.204050178871878.
trail number 67
[I 2025-07-18 03:57:59,880] Trial 67 finished with value: 22.29277193202684 and parameters: {'C': 17.03424277616844, 'epsilon': 5.66357553742638, 'gamma': 155.13943700528918}. Best is trial 45 with value: 18.204050178871878.
trail number 70
[I 2025-07-18 03:57:59,996] Trial 70 finished with value: 19.663728980488845 and parameters: {'C': 66.60788388339725, 'epsilon': 2.080225847288716, 'gamma': 187.40258035493824}. Best is trial 45 with value: 18.204050178871878.
trail number 72
[I 2025-07-18 03:58:00,113] Trial 72 finished with value: 41.49671706184806 and parameters: {'C': 355.1267739192373, 'epsilon': 51.825407994328046, 'gamma': 148.7997592353424}. Best is trial 45 with value: 18.204050178871878.
trail number 71
[I 2025-07-18 03:58:00,152] Trial 71 finished with value: 34.219963200397004 and parameters: {'C': 1728.798872937902, 'epsilon': 40.73458984501971, 'gamma': 94.4972574843246}. Best is trial 45 with value: 18.204050178871878.
trail number 68
[I 2025-07-18 03:58:00,206] Trial 68 finished with value: 22.261542080826167 and parameters: {'C': 411.37655494684793, 'epsilon': 3.3617615561810648, 'gamma': 133.31153352496904}. Best is trial 45 with value: 18.204050178871878.
trail number 55
[I 2025-07-18 03:58:00,282] Trial 55 finished with value: 31.85499359833894 and parameters: {'C': 4037.403384412395, 'epsilon': 5.931398490450526, 'gamma': 116.60689424955186}. Best is trial 45 with value: 18.204050178871878.
trail number 69
[I 2025-07-18 03:58:00,395] Trial 69 finished with value: 27.503291698686844 and parameters: {'C': 1199.9678597701177, 'epsilon': 0.861365095830289, 'gamma': 227.42346718465828}. Best is trial 45 with value: 18.204050178871878.
trail number 73
[I 2025-07-18 03:58:00,473] Trial 73 finished with value: 17.815561353029562 and parameters: {'C': 208.75828922307426, 'epsilon': 0.5707161970232613, 'gamma': 78.23317914946433}. Best is trial 73 with value: 17.815561353029562.
trail number 74
[I 2025-07-18 03:58:00,608] Trial 74 finished with value: 33.449254144255306 and parameters: {'C': 1401.3617759700637, 'epsilon': 31.510079640812457, 'gamma': 270.59150540594123}. Best is trial 73 with value: 17.815561353029562.
trail number 78
[I 2025-07-18 03:58:00,772] Trial 78 finished with value: 17.90531487782156 and parameters: {'C': 48.556215060952, 'epsilon': 1.9806122749614867, 'gamma': 102.30558927812855}. Best is trial 73 with value: 17.815561353029562.
trail number 77
[I 2025-07-18 03:58:00,783] Trial 77 finished with value: 20.90615389218654 and parameters: {'C': 131.1524242957608, 'epsilon': 2.9519358278754684, 'gamma': 222.66072919917173}. Best is trial 73 with value: 17.815561353029562.
trail number 76
[I 2025-07-18 03:58:00,909] Trial 76 finished with value: 18.167744225715403 and parameters: {'C': 184.62164358403896, 'epsilon': 0.6095818109989848, 'gamma': 88.77272819251046}. Best is trial 73 with value: 17.815561353029562.
trail number 79
[I 2025-07-18 03:58:00,956] Trial 79 finished with value: 19.767716984802753 and parameters: {'C': 69.07936543300431, 'epsilon': 13.87637784956349, 'gamma': 81.13509489144313}. Best is trial 73 with value: 17.815561353029562.
trail number 80
[I 2025-07-18 03:58:01,062] Trial 80 finished with value: 17.993836905728813 and parameters: {'C': 168.71307649887302, 'epsilon': 6.657966414424351, 'gamma': 46.25402504265419}. Best is trial 73 with value: 17.815561353029562.
trail number 81
[I 2025-07-18 03:58:01,152] Trial 81 finished with value: 18.896673713048457 and parameters: {'C': 359.85206511434365, 'epsilon': 4.007809202901393, 'gamma': 79.23250258342755}. Best is trial 73 with value: 17.815561353029562.
trail number 75
[I 2025-07-18 03:58:01,205] Trial 75 finished with value: 26.11321848852661 and parameters: {'C': 757.4462202932933, 'epsilon': 3.551070890265511, 'gamma': 255.64115573267358}. Best is trial 73 with value: 17.815561353029562.
trail number 84
[I 2025-07-18 03:58:01,413] Trial 84 finished with value: 50.98178203790567 and parameters: {'C': 674.1158511135096, 'epsilon': 5.2383637921237005, 'gamma': 2.411408536789992}. Best is trial 73 with value: 17.815561353029562.
trail number 85
[I 2025-07-18 03:58:01,446] Trial 85 finished with value: 17.663796593029755 and parameters: {'C': 60.43445056658396, 'epsilon': 1.4751033831845355, 'gamma': 55.006236300734514}. Best is trial 85 with value: 17.663796593029755.
trail number 88
[I 2025-07-18 03:58:01,668] Trial 88 finished with value: 34.82996367566476 and parameters: {'C': 539.6599503287612, 'epsilon': 27.360124751471886, 'gamma': 465.3407868062428}. Best is trial 85 with value: 17.663796593029755.
trail number 82
[I 2025-07-18 03:58:01,707] Trial 82 finished with value: 20.345580031280473 and parameters: {'C': 626.4757542991445, 'epsilon': 1.0811330970943889, 'gamma': 73.29715057464925}. Best is trial 85 with value: 17.663796593029755.
trail number 87
[I 2025-07-18 03:58:01,729] Trial 87 finished with value: 17.499734131244374 and parameters: {'C': 266.1998975442665, 'epsilon': 7.157925509853346, 'gamma': 65.07152749828073}. Best is trial 87 with value: 17.499734131244374.
trail number 83
[I 2025-07-18 03:58:01,777] Trial 83 finished with value: 17.312421264610112 and parameters: {'C': 639.406764362236, 'epsilon': 5.753867071044756, 'gamma': 47.62911361707912}. Best is trial 83 with value: 17.312421264610112.
trail number 65
[I 2025-07-18 03:58:02,018] Trial 65 finished with value: 31.669217506762 and parameters: {'C': 5674.043976910175, 'epsilon': 8.57717043978026, 'gamma': 107.13982749801872}. Best is trial 83 with value: 17.312421264610112.
trail number 86
[I 2025-07-18 03:58:02,100] Trial 86 finished with value: 20.903203909910705 and parameters: {'C': 1365.7221209167494, 'epsilon': 11.474210151115749, 'gamma': 29.894909195108173}. Best is trial 83 with value: 17.312421264610112.
trail number 90
