[I 2025-07-18 04:01:24,224] Trial 2569 finished with value: 59.44339875380624 and parameters: {'C': 624.5638605580244, 'epsilon': 15.689969456430248, 'gamma': 6.829193935966401}. Best is trial 906 with value: 15.547757593814149.
trail number 2568
[I 2025-07-18 04:01:24,264] Trial 2568 finished with value: 22.273931714450573 and parameters: {'C': 773.3378624669306, 'epsilon': 14.504202871147648, 'gamma': 123.17377086975739}. Best is trial 906 with value: 15.547757593814149.
trail number 2573
[I 2025-07-18 04:01:24,307] Trial 2573 finished with value: 21.885654186073577 and parameters: {'C': 617.5931417533388, 'epsilon': 15.473081168948486, 'gamma': 117.11154607406229}. Best is trial 906 with value: 15.547757593814149.
trail number 2571
[I 2025-07-18 04:01:24,325] Trial 2571 finished with value: 22.562025965457476 and parameters: {'C': 502.22999407507956, 'epsilon': 0.6907361646114903, 'gamma': 147.2478945128716}. Best is trial 906 with value: 15.547757593814149.
trail number 2574
[I 2025-07-18 04:01:24,449] Trial 2574 finished with value: 24.98771359843331 and parameters: {'C': 10.520630650588203, 'epsilon': 17.362050164414413, 'gamma': 77.16916572159258}. Best is trial 906 with value: 15.547757593814149.
trail number 2575
[I 2025-07-18 04:01:24,573] Trial 2575 finished with value: 28.91708123718933 and parameters: {'C': 6.177855448947042, 'epsilon': 16.951208137483643, 'gamma': 40.62136270034078}. Best is trial 906 with value: 15.547757593814149.
trail number 2578
[I 2025-07-18 04:01:24,666] Trial 2578 finished with value: 58.24994507934531 and parameters: {'C': 678.8439041507564, 'epsilon': 13.176956090418448, 'gamma': 6.135256146653148}. Best is trial 906 with value: 15.547757593814149.
trail number 2577
[I 2025-07-18 04:01:24,678] Trial 2577 finished with value: 18.12817247665964 and parameters: {'C': 607.0422043677546, 'epsilon': 12.396732447056873, 'gamma': 43.851343208923126}. Best is trial 906 with value: 15.547757593814149.
trail number 2576
[I 2025-07-18 04:01:24,795] Trial 2576 finished with value: 17.97371086428781 and parameters: {'C': 42.97849017752523, 'epsilon': 0.5507074831971002, 'gamma': 106.33157887013911}. Best is trial 906 with value: 15.547757593814149.
trail number 2579
[I 2025-07-18 04:01:24,939] Trial 2579 finished with value: 17.040511145859107 and parameters: {'C': 58.16279662135774, 'epsilon': 1.7703923330923652, 'gamma': 93.88536659114065}. Best is trial 906 with value: 15.547757593814149.
trail number 2581
[I 2025-07-18 04:01:24,955] Trial 2581 finished with value: 26.636642577891088 and parameters: {'C': 4.590532733104453, 'epsilon': 1.431827188396493, 'gamma': 47.9417090868683}. Best is trial 906 with value: 15.547757593814149.
trail number 2582
[I 2025-07-18 04:01:24,993] Trial 2582 finished with value: 18.41410592402577 and parameters: {'C': 41.58701886866052, 'epsilon': 0.8613798459577124, 'gamma': 116.02839139974793}. Best is trial 906 with value: 15.547757593814149.
trail number 2572
[I 2025-07-18 04:01:25,038] Trial 2572 finished with value: 18.424307761348224 and parameters: {'C': 1403.639338562912, 'epsilon': 0.10111664794464459, 'gamma': 37.45126236240775}. Best is trial 906 with value: 15.547757593814149.
trail number 2580
[I 2025-07-18 04:01:25,053] Trial 2580 finished with value: 47.31144819923295 and parameters: {'C': 518.5118253490418, 'epsilon': 12.1093036925353, 'gamma': 1.372534371231481}. Best is trial 906 with value: 15.547757593814149.
trail number 2585
[I 2025-07-18 04:01:25,136] Trial 2585 finished with value: 30.639447622016775 and parameters: {'C': 619.2485287997042, 'epsilon': 31.528405779220492, 'gamma': 146.00714324897672}. Best is trial 906 with value: 15.547757593814149.
trail number 2584
[I 2025-07-18 04:01:25,446] Trial 2584 finished with value: 18.38598308522524 and parameters: {'C': 34.22231086756412, 'epsilon': 0.5753892236884908, 'gamma': 109.42120265351198}. Best is trial 906 with value: 15.547757593814149.
trail number 2586
[I 2025-07-18 04:01:25,494] Trial 2586 finished with value: 27.653362274283506 and parameters: {'C': 1288.5805247676758, 'epsilon': 17.137646031061614, 'gamma': 172.4443274009189}. Best is trial 906 with value: 15.547757593814149.
trail number 2589
[I 2025-07-18 04:01:25,555] Trial 2589 finished with value: 23.362964835915218 and parameters: {'C': 572.0080202471058, 'epsilon': 0.3818102089579397, 'gamma': 18.202071032692693}. Best is trial 906 with value: 15.547757593814149.
trail number 2583
[I 2025-07-18 04:01:25,567] Trial 2583 finished with value: 20.669563327543326 and parameters: {'C': 442.83635602159893, 'epsilon': 0.4661429577850488, 'gamma': 95.28339422255556}. Best is trial 906 with value: 15.547757593814149.
trail number 2587
[I 2025-07-18 04:01:25,723] Trial 2587 finished with value: 19.73147230315595 and parameters: {'C': 1311.0749593034684, 'epsilon': 13.398404790725769, 'gamma': 50.05809695383445}. Best is trial 906 with value: 15.547757593814149.
trail number 2592
[I 2025-07-18 04:01:25,811] Trial 2592 finished with value: 44.450304101936965 and parameters: {'C': 22.05420643316026, 'epsilon': 17.517642476868325, 'gamma': 9.270910731415064}. Best is trial 906 with value: 15.547757593814149.
trail number 2588
[I 2025-07-18 04:01:25,953] Trial 2588 finished with value: 20.22102420283906 and parameters: {'C': 856.6208367250271, 'epsilon': 0.033760500750820266, 'gamma': 57.497524845222685}. Best is trial 906 with value: 15.547757593814149.
trail number 2591
[I 2025-07-18 04:01:26,135] Trial 2591 finished with value: 22.408499901270595 and parameters: {'C': 647.0206350566723, 'epsilon': 0.7062200593376555, 'gamma': 113.98055817920265}. Best is trial 906 with value: 15.547757593814149.
trail number 2590
[I 2025-07-18 04:01:26,283] Trial 2590 finished with value: 21.942847866216752 and parameters: {'C': 652.8698318230793, 'epsilon': 0.38414004257281, 'gamma': 123.11935170436442}. Best is trial 906 with value: 15.547757593814149.
trail number 2597
[I 2025-07-18 04:01:26,300] Trial 2597 finished with value: 27.043642721412755 and parameters: {'C': 635.2570579351732, 'epsilon': 30.91416944084881, 'gamma': 79.40045816068302}. Best is trial 906 with value: 15.547757593814149.
trail number 2594
[I 2025-07-18 04:01:26,300] Trial 2594 finished with value: 21.005281960686823 and parameters: {'C': 687.5089831001375, 'epsilon': 11.868311377578992, 'gamma': 94.30406136789057}. Best is trial 906 with value: 15.547757593814149.
trail number 2593
[I 2025-07-18 04:01:26,401] Trial 2593 finished with value: 20.412709439221047 and parameters: {'C': 707.365213822208, 'epsilon': 0.40764853495552866, 'gamma': 72.2417675747861}. Best is trial 906 with value: 15.547757593814149.
trail number 2596
[I 2025-07-18 04:01:26,465] Trial 2596 finished with value: 19.996656005244468 and parameters: {'C': 764.1089083000859, 'epsilon': 14.15606125864314, 'gamma': 74.77258860571204}. Best is trial 906 with value: 15.547757593814149.
trail number 2598
[I 2025-07-18 04:01:26,497] Trial 2598 finished with value: 49.21375316096163 and parameters: {'C': 2991.0074192487423, 'epsilon': 65.34231873480886, 'gamma': 126.81258815042095}. Best is trial 906 with value: 15.547757593814149.
trail number 2603
[I 2025-07-18 04:01:26,760] Trial 2603 finished with value: 30.333461472135163 and parameters: {'C': 17.008794704127965, 'epsilon': 1.64503679988783, 'gamma': 21.152484952103137}. Best is trial 906 with value: 15.547757593814149.
trail number 2604
[I 2025-07-18 04:01:26,874] Trial 2604 finished with value: 37.5118200259111 and parameters: {'C': 46.204377150397434, 'epsilon': 44.84870438441954, 'gamma': 146.09684874737323}. Best is trial 906 with value: 15.547757593814149.
trail number 2602
[I 2025-07-18 04:01:26,887] Trial 2602 finished with value: 19.691420678516288 and parameters: {'C': 687.2080674773295, 'epsilon': 17.057005965497375, 'gamma': 70.9358703068974}. Best is trial 906 with value: 15.547757593814149.
trail number 2599
[I 2025-07-18 04:01:26,967] Trial 2599 finished with value: 25.913476198728592 and parameters: {'C': 719.1843577584424, 'epsilon': 0.22541214208016846, 'gamma': 175.77151767444582}. Best is trial 906 with value: 15.547757593814149.
trail number 2600
[I 2025-07-18 04:01:27,108] Trial 2600 finished with value: 23.70206997727049 and parameters: {'C': 858.007855583345, 'epsilon': 0.3544322705117505, 'gamma': 24.16517158633252}. Best is trial 906 with value: 15.547757593814149.
trail number 2601
[I 2025-07-18 04:01:27,222] Trial 2601 finished with value: 19.55292661360405 and parameters: {'C': 477.8833911235912, 'epsilon': 0.26112943102949404, 'gamma': 37.4033735861193}. Best is trial 906 with value: 15.547757593814149.
trail number 2607
[I 2025-07-18 04:01:27,329] Trial 2607 finished with value: 52.89271036057856 and parameters: {'C': 410.3160418732308, 'epsilon': 0.1539049176278559, 'gamma': 8.138548433213458}. Best is trial 906 with value: 15.547757593814149.
trail number 2606
[I 2025-07-18 04:01:27,413] Trial 2606 finished with value: 20.881769169934934 and parameters: {'C': 837.7926405919037, 'epsilon': 14.079351693951404, 'gamma': 87.06773168983858}. Best is trial 906 with value: 15.547757593814149.
trail number 2608
[I 2025-07-18 04:01:27,426] Trial 2608 finished with value: 22.62467045004606 and parameters: {'C': 64.97962548383275, 'epsilon': 18.99777973384701, 'gamma': 134.8785612681375}. Best is trial 906 with value: 15.547757593814149.
trail number 2605
[I 2025-07-18 04:01:27,550] Trial 2605 finished with value: 24.926220138199927 and parameters: {'C': 601.7821330300555, 'epsilon': 0.5418711449419524, 'gamma': 178.05614394707936}. Best is trial 906 with value: 15.547757593814149.
trail number 2610
[I 2025-07-18 04:01:27,622] Trial 2610 finished with value: 27.086493993338387 and parameters: {'C': 4.921868300664471, 'epsilon': 0.4032143587102819, 'gamma': 100.6001417864366}. Best is trial 906 with value: 15.547757593814149.
trail number 2609
[I 2025-07-18 04:01:27,739] Trial 2609 finished with value: 21.683524761532517 and parameters: {'C': 687.6644687093026, 'epsilon': 14.467685839032288, 'gamma': 103.88840988214315}. Best is trial 906 with value: 15.547757593814149.
trail number 2613
[I 2025-07-18 04:01:27,758] Trial 2613 finished with value: 21.19994649660195 and parameters: {'C': 37.839126915935935, 'epsilon': 13.48202319282909, 'gamma': 99.18004070052649}. Best is trial 906 with value: 15.547757593814149.
trail number 2611
[I 2025-07-18 04:01:27,773] Trial 2611 finished with value: 19.630674194832658 and parameters: {'C': 43.76099680387601, 'epsilon': 13.975615924428476, 'gamma': 66.57687651085463}. Best is trial 906 with value: 15.547757593814149.
trail number 2614
[I 2025-07-18 04:01:27,804] Trial 2614 finished with value: 23.12623686645165 and parameters: {'C': 16.94029661821328, 'epsilon': 19.442838317231573, 'gamma': 72.35507209442993}. Best is trial 906 with value: 15.547757593814149.
trail number 2618
[I 2025-07-18 04:01:28,025] Trial 2618 finished with value: 22.144830593301684 and parameters: {'C': 12.953099369563674, 'epsilon': 10.91855033802712, 'gamma': 42.32945307400362}. Best is trial 906 with value: 15.547757593814149.
trail number 2617
[I 2025-07-18 04:01:28,043] Trial 2617 finished with value: 30.933567786650144 and parameters: {'C': 7.599926196946441, 'epsilon': 19.66852283277938, 'gamma': 179.77878738174473}. Best is trial 906 with value: 15.547757593814149.
trail number 2612
[I 2025-07-18 04:01:28,209] Trial 2612 finished with value: 19.598815763618067 and parameters: {'C': 1480.588348348085, 'epsilon': 14.631453170908802, 'gamma': 78.96223289376786}. Best is trial 906 with value: 15.547757593814149.
trail number 2595
[I 2025-07-18 04:01:28,546] Trial 2595 finished with value: 38.81570937058925 and parameters: {'C': 5043.144946626639, 'epsilon': 11.10595079652375, 'gamma': 251.70061808659773}. Best is trial 906 with value: 15.547757593814149.
trail number 2620
[I 2025-07-18 04:01:28,647] Trial 2620 finished with value: 23.54709407789227 and parameters: {'C': 808.5052184035366, 'epsilon': 13.95521888711293, 'gamma': 159.7200466936377}. Best is trial 906 with value: 15.547757593814149.
trail number 2619
[I 2025-07-18 04:01:28,751] Trial 2619 finished with value: 20.67332383744542 and parameters: {'C': 717.6137112179847, 'epsilon': 0.10784241510413461, 'gamma': 74.90331365988978}. Best is trial 906 with value: 15.547757593814149.
trail number 2621
[I 2025-07-18 04:01:28,775] Trial 2621 finished with value: 48.53116842683839 and parameters: {'C': 250.04291325698603, 'epsilon': 0.04456520359785567, 'gamma': 3.513041133813118}. Best is trial 906 with value: 15.547757593814149.
trail number 2615
[I 2025-07-18 04:01:28,955] Trial 2615 finished with value: 23.299182211830896 and parameters: {'C': 938.9705711919636, 'epsilon': 0.019753867691666205, 'gamma': 118.95736032281363}. Best is trial 906 with value: 15.547757593814149.
trail number 2624
[I 2025-07-18 04:01:29,066] Trial 2624 finished with value: 33.47392456855773 and parameters: {'C': 424.7671807798879, 'epsilon': 27.640993706021113, 'gamma': 385.47382622492376}. Best is trial 906 with value: 15.547757593814149.
trail number 2622
[I 2025-07-18 04:01:29,104] Trial 2622 finished with value: 20.731260427189618 and parameters: {'C': 833.3267730955276, 'epsilon': 0.03462208761174579, 'gamma': 69.5955014224207}. Best is trial 906 with value: 15.547757593814149.
trail number 2616
[I 2025-07-18 04:01:29,191] Trial 2616 finished with value: 22.301295935756855 and parameters: {'C': 2614.5013324752754, 'epsilon': 0.18721816063198815, 'gamma': 48.48154934329221}. Best is trial 906 with value: 15.547757593814149.
trail number 2623
[I 2025-07-18 04:01:29,262] Trial 2623 finished with value: 21.099275448146642 and parameters: {'C': 622.2060255124561, 'epsilon': 10.812824814992723, 'gamma': 80.3972721093044}. Best is trial 906 with value: 15.547757593814149.
trail number 2626
[I 2025-07-18 04:01:29,279] Trial 2626 finished with value: 22.94575775039428 and parameters: {'C': 870.8786397972355, 'epsilon': 29.570575135793675, 'gamma': 59.693026069612905}. Best is trial 906 with value: 15.547757593814149.
trail number 2628
[I 2025-07-18 04:01:29,439] Trial 2628 finished with value: 15.934139187818019 and parameters: {'C': 108.26262523941026, 'epsilon': 0.5363646109257653, 'gamma': 63.013786873537974}. Best is trial 906 with value: 15.547757593814149.
trail number 2629
[I 2025-07-18 04:01:29,499] Trial 2629 finished with value: 17.989474304767498 and parameters: {'C': 83.86456011592635, 'epsilon': 0.4033825906303027, 'gamma': 49.962176095559556}. Best is trial 906 with value: 15.547757593814149.
trail number 2630
[I 2025-07-18 04:01:29,565] Trial 2630 finished with value: 26.472600390344713 and parameters: {'C': 28.247344709674707, 'epsilon': 25.832869505180497, 'gamma': 113.11347950642912}. Best is trial 906 with value: 15.547757593814149.
trail number 2625
[I 2025-07-18 04:01:29,584] Trial 2625 finished with value: 21.76578034318333 and parameters: {'C': 748.3157189109493, 'epsilon': 0.7689473852671773, 'gamma': 82.50849284712085}. Best is trial 906 with value: 15.547757593814149.
trail number 2631
[I 2025-07-18 04:01:29,594] Trial 2631 finished with value: 23.81581802776058 and parameters: {'C': 704.9751520402349, 'epsilon': 29.889090530781004, 'gamma': 59.76821301232833}. Best is trial 906 with value: 15.547757593814149.
trail number 2633
[I 2025-07-18 04:01:29,779] Trial 2633 finished with value: 41.92043087793607 and parameters: {'C': 42.860150742599565, 'epsilon': 0.7320060115318618, 'gamma': 12.895189236933632}. Best is trial 906 with value: 15.547757593814149.
trail number 2636
[I 2025-07-18 04:01:29,810] Trial 2636 finished with value: 43.68864378291208 and parameters: {'C': 74.60930564376531, 'epsilon': 47.636903008169284, 'gamma': 428.922890763958}. Best is trial 906 with value: 15.547757593814149.
trail number 2627
[I 2025-07-18 04:01:29,940] Trial 2627 finished with value: 22.395193853949166 and parameters: {'C': 794.6354362992546, 'epsilon': 0.663478348245718, 'gamma': 120.45862033417026}. Best is trial 906 with value: 15.547757593814149.
trail number 2637
[I 2025-07-18 04:01:30,058] Trial 2637 finished with value: 19.68871496597563 and parameters: {'C': 24.39974949160525, 'epsilon': 2.0426888262045058, 'gamma': 47.33142623854275}. Best is trial 906 with value: 15.547757593814149.
trail number 2634
[I 2025-07-18 04:01:30,126] Trial 2634 finished with value: 54.082545792696145 and parameters: {'C': 728.5739338286603, 'epsilon': 16.13603430766797, 'gamma': 3.5514503508975537}. Best is trial 906 with value: 15.547757593814149.
trail number 2632
[I 2025-07-18 04:01:30,154] Trial 2632 finished with value: 23.16477019872013 and parameters: {'C': 1347.6708865568598, 'epsilon': 11.423942461473786, 'gamma': 84.89390399142711}. Best is trial 906 with value: 15.547757593814149.
trail number 2640
[I 2025-07-18 04:01:30,198] Trial 2640 finished with value: 49.430394889466264 and parameters: {'C': 1594.5869219530287, 'epsilon': 60.85415868725857, 'gamma': 186.16875614555897}. Best is trial 906 with value: 15.547757593814149.
trail number 2638
[I 2025-07-18 04:01:30,257] Trial 2638 finished with value: 22.218574272762236 and parameters: {'C': 618.1663808793542, 'epsilon': 17.514577437944162, 'gamma': 31.313905588850112}. Best is trial 906 with value: 15.547757593814149.
trail number 2639
[I 2025-07-18 04:01:30,324] Trial 2639 finished with value: 20.902109128208984 and parameters: {'C': 1276.1406357269004, 'epsilon': 17.949738689434128, 'gamma': 56.963349344359216}. Best is trial 906 with value: 15.547757593814149.
trail number 2642
[I 2025-07-18 04:01:30,362] Trial 2642 finished with value: 25.12099226783842 and parameters: {'C': 40.3823195217945, 'epsilon': 28.828891495646182, 'gamma': 58.454776761766176}. Best is trial 906 with value: 15.547757593814149.
trail number 2635
[I 2025-07-18 04:01:30,437] Trial 2635 finished with value: 21.91029402365331 and parameters: {'C': 662.5963782125458, 'epsilon': 1.2677667750774253, 'gamma': 95.99482649389049}. Best is trial 906 with value: 15.547757593814149.
trail number 2643
[I 2025-07-18 04:01:30,554] Trial 2643 finished with value: 20.283073102623806 and parameters: {'C': 804.3961334111993, 'epsilon': 14.734988166245333, 'gamma': 78.65093998541899}. Best is trial 906 with value: 15.547757593814149.
trail number 2641
[I 2025-07-18 04:01:30,634] Trial 2641 finished with value: 18.362737365461847 and parameters: {'C': 70.12590849247334, 'epsilon': 0.07926682294858528, 'gamma': 49.6279541848869}. Best is trial 906 with value: 15.547757593814149.
trail number 2646
[I 2025-07-18 04:01:30,766] Trial 2646 finished with value: 19.205953476304337 and parameters: {'C': 575.3050319991427, 'epsilon': 17.079520435503504, 'gamma': 57.542483232613336}. Best is trial 906 with value: 15.547757593814149.
trail number 2647
[I 2025-07-18 04:01:30,891] Trial 2647 finished with value: 19.573229664203122 and parameters: {'C': 466.6027572902029, 'epsilon': 14.047318113154878, 'gamma': 72.95497462253539}. Best is trial 906 with value: 15.547757593814149.
trail number 2648
[I 2025-07-18 04:01:30,952] Trial 2648 finished with value: 19.160887820745774 and parameters: {'C': 560.9674792645221, 'epsilon': 16.98715923702854, 'gamma': 60.59131944508184}. Best is trial 906 with value: 15.547757593814149.
trail number 2644
[I 2025-07-18 04:01:30,970] Trial 2644 finished with value: 19.15412081118042 and parameters: {'C': 798.7615174635025, 'epsilon': 0.19566688203228147, 'gamma': 56.57310540913424}. Best is trial 906 with value: 15.547757593814149.
trail number 2645
[I 2025-07-18 04:01:31,053] Trial 2645 finished with value: 24.16294465254381 and parameters: {'C': 1323.187620392786, 'epsilon': 0.3248508869242954, 'gamma': 84.07355518730814}. Best is trial 906 with value: 15.547757593814149.
trail number 2649
[I 2025-07-18 04:01:31,113] Trial 2649 finished with value: 21.97180826857653 and parameters: {'C': 10.221334957249553, 'epsilon': 1.331708515299835, 'gamma': 81.77582727626402}. Best is trial 906 with value: 15.547757593814149.
trail number 2654
[I 2025-07-18 04:01:31,282] Trial 2654 finished with value: 22.25769654319695 and parameters: {'C': 24.991665281824794, 'epsilon': 12.623452797633156, 'gamma': 149.24899659281107}. Best is trial 906 with value: 15.547757593814149.
trail number 2650
[I 2025-07-18 04:01:31,366] Trial 2650 finished with value: 47.09331704757426 and parameters: {'C': 991.6165292017528, 'epsilon': 2.4352304136944767, 'gamma': 1.0995550755224457}. Best is trial 906 with value: 15.547757593814149.
trail number 2652
[I 2025-07-18 04:01:31,490] Trial 2652 finished with value: 17.549343585929616 and parameters: {'C': 60.36756258835453, 'epsilon': 0.5351880839633987, 'gamma': 103.29230450133832}. Best is trial 906 with value: 15.547757593814149.
trail number 2656
[I 2025-07-18 04:01:31,798] Trial 2656 finished with value: 23.12836746711377 and parameters: {'C': 561.06626260854, 'epsilon': 0.3183906366710293, 'gamma': 152.36241798633762}. Best is trial 906 with value: 15.547757593814149.
trail number 2651
[I 2025-07-18 04:01:31,840] Trial 2651 finished with value: 25.177439847099045 and parameters: {'C': 1246.290012467356, 'epsilon': 0.46641900089370303, 'gamma': 15.814218129073694}. Best is trial 906 with value: 15.547757593814149.
trail number 2653
[I 2025-07-18 04:01:31,914] Trial 2653 finished with value: 24.39663958974621 and parameters: {'C': 1579.937438615184, 'epsilon': 0.8539075842745897, 'gamma': 89.11170332793952}. Best is trial 906 with value: 15.547757593814149.
trail number 2655
[I 2025-07-18 04:01:31,927] Trial 2655 finished with value: 59.408454638739045 and parameters: {'C': 1071.9309008450218, 'epsilon': 0.2514274585743772, 'gamma': 10.650368840912769}. Best is trial 906 with value: 15.547757593814149.
trail number 2658
