[I 2025-07-18 04:01:09,369] Trial 2364 finished with value: 35.95989790711044 and parameters: {'C': 3898.165916161985, 'epsilon': 1.8161997849520262, 'gamma': 401.70529811775646}. Best is trial 906 with value: 15.547757593814149.
trail number 2396
[I 2025-07-18 04:01:09,502] Trial 2396 finished with value: 52.18902027926946 and parameters: {'C': 885.1050036403626, 'epsilon': 57.29949815262157, 'gamma': 469.6200443564306}. Best is trial 906 with value: 15.547757593814149.
trail number 2397
[I 2025-07-18 04:01:09,740] Trial 2397 finished with value: 20.669952480448725 and parameters: {'C': 500.7100911576823, 'epsilon': 0.29006251557147067, 'gamma': 107.73627914376812}. Best is trial 906 with value: 15.547757593814149.
trail number 2399
[I 2025-07-18 04:01:09,753] Trial 2399 finished with value: 19.460632416707334 and parameters: {'C': 26.580676651948465, 'epsilon': 9.51619696399122, 'gamma': 86.1513470953603}. Best is trial 906 with value: 15.547757593814149.
trail number 2395
[I 2025-07-18 04:01:09,832] Trial 2395 finished with value: 19.446028483076137 and parameters: {'C': 962.0654455695558, 'epsilon': 12.248891749257528, 'gamma': 56.84835312995888}. Best is trial 906 with value: 15.547757593814149.
trail number 2398
[I 2025-07-18 04:01:09,848] Trial 2398 finished with value: 20.837381530926926 and parameters: {'C': 523.3802293445732, 'epsilon': 0.1061103810543943, 'gamma': 108.57841685626073}. Best is trial 906 with value: 15.547757593814149.
trail number 2401
[I 2025-07-18 04:01:10,112] Trial 2401 finished with value: 18.279676617235125 and parameters: {'C': 91.07651077641597, 'epsilon': 0.03460400886617632, 'gamma': 160.29967976107537}. Best is trial 906 with value: 15.547757593814149.
trail number 2393
[I 2025-07-18 04:01:10,124] Trial 2393 finished with value: 17.817150252373672 and parameters: {'C': 1169.6374708439077, 'epsilon': 0.42592327781387485, 'gamma': 40.96908064338497}. Best is trial 906 with value: 15.547757593814149.
trail number 2404
[I 2025-07-18 04:01:10,207] Trial 2404 finished with value: 55.43725783240052 and parameters: {'C': 7.376109913233222, 'epsilon': 28.435053048720146, 'gamma': 0.18088523406507306}. Best is trial 906 with value: 15.547757593814149.
trail number 2400
[I 2025-07-18 04:01:10,248] Trial 2400 finished with value: 20.74698260298117 and parameters: {'C': 440.9813815092385, 'epsilon': 0.06901062985178474, 'gamma': 106.03263464656582}. Best is trial 906 with value: 15.547757593814149.
trail number 2405
[I 2025-07-18 04:01:10,324] Trial 2405 finished with value: 22.79244735323079 and parameters: {'C': 12.12432636037741, 'epsilon': 13.116431221619706, 'gamma': 55.164250074976486}. Best is trial 906 with value: 15.547757593814149.
trail number 2403
[I 2025-07-18 04:01:10,335] Trial 2403 finished with value: 21.787905560034574 and parameters: {'C': 551.1160140152945, 'epsilon': 15.6732799646294, 'gamma': 129.35342292824035}. Best is trial 906 with value: 15.547757593814149.
trail number 2402
[I 2025-07-18 04:01:10,372] Trial 2402 finished with value: 55.43412011332979 and parameters: {'C': 1005.3415392155791, 'epsilon': 1.856608189324457, 'gamma': 3.7471637293941313}. Best is trial 906 with value: 15.547757593814149.
trail number 2406
[I 2025-07-18 04:01:10,506] Trial 2406 finished with value: 23.11729223546179 and parameters: {'C': 732.0789862008533, 'epsilon': 14.084543304521903, 'gamma': 162.7110498457471}. Best is trial 906 with value: 15.547757593814149.
trail number 2410
[I 2025-07-18 04:01:10,580] Trial 2410 finished with value: 31.94322337895569 and parameters: {'C': 1588.744076330965, 'epsilon': 45.6223962582758, 'gamma': 96.44911651485333}. Best is trial 906 with value: 15.547757593814149.
trail number 2409
[I 2025-07-18 04:01:10,768] Trial 2409 finished with value: 58.88796280855566 and parameters: {'C': 607.1013019210661, 'epsilon': 11.861586859182342, 'gamma': 10.491641532572615}. Best is trial 906 with value: 15.547757593814149.
trail number 2408
[I 2025-07-18 04:01:10,785] Trial 2408 finished with value: 18.241919836552494 and parameters: {'C': 689.7076776412114, 'epsilon': 13.155361015314362, 'gamma': 51.262016339572185}. Best is trial 906 with value: 15.547757593814149.
trail number 2407
[I 2025-07-18 04:01:10,835] Trial 2407 finished with value: 18.576937476954885 and parameters: {'C': 237.93055139810286, 'epsilon': 0.3311378104535776, 'gamma': 79.29947067950947}. Best is trial 906 with value: 15.547757593814149.
trail number 2412
[I 2025-07-18 04:01:10,967] Trial 2412 finished with value: 21.59908294204603 and parameters: {'C': 1135.7881426356669, 'epsilon': 12.861138236512875, 'gamma': 89.01330201363291}. Best is trial 906 with value: 15.547757593814149.
trail number 2411
[I 2025-07-18 04:01:10,985] Trial 2411 finished with value: 19.866671417778754 and parameters: {'C': 1331.446119878164, 'epsilon': 17.163380531539424, 'gamma': 80.33283566729317}. Best is trial 906 with value: 15.547757593814149.
trail number 2413
[I 2025-07-18 04:01:11,000] Trial 2413 finished with value: 22.58285003431802 and parameters: {'C': 695.1955109052391, 'epsilon': 18.21676041506533, 'gamma': 94.3506689564783}. Best is trial 906 with value: 15.547757593814149.
trail number 2414
[I 2025-07-18 04:01:11,177] Trial 2414 finished with value: 20.11177608441538 and parameters: {'C': 722.5700248643457, 'epsilon': 12.365135537808474, 'gamma': 66.96470650127611}. Best is trial 906 with value: 15.547757593814149.
trail number 2416
[I 2025-07-18 04:01:11,210] Trial 2416 finished with value: 24.45150334745849 and parameters: {'C': 1239.5775331700938, 'epsilon': 27.315800755261172, 'gamma': 30.21663083670652}. Best is trial 906 with value: 15.547757593814149.
trail number 2415
[I 2025-07-18 04:01:11,259] Trial 2415 finished with value: 18.137072956527295 and parameters: {'C': 31.887009890075916, 'epsilon': 0.9258351146964268, 'gamma': 71.28067461125418}. Best is trial 906 with value: 15.547757593814149.
trail number 2419
[I 2025-07-18 04:01:11,331] Trial 2419 finished with value: 23.235492312934152 and parameters: {'C': 1222.7542851580379, 'epsilon': 29.679682561338137, 'gamma': 54.42236592685349}. Best is trial 906 with value: 15.547757593814149.
trail number 2420
[I 2025-07-18 04:01:11,469] Trial 2420 finished with value: 17.886389159362917 and parameters: {'C': 32.962095274250146, 'epsilon': 0.5949346933823008, 'gamma': 83.99876557413637}. Best is trial 906 with value: 15.547757593814149.
trail number 2417
[I 2025-07-18 04:01:11,496] Trial 2417 finished with value: 20.385827980069894 and parameters: {'C': 708.1184311422624, 'epsilon': 0.657642547092592, 'gamma': 70.80823225111138}. Best is trial 906 with value: 15.547757593814149.
trail number 2422
[I 2025-07-18 04:01:11,692] Trial 2422 finished with value: 20.68387171161871 and parameters: {'C': 628.5395809445984, 'epsilon': 15.829362019778264, 'gamma': 87.39310196722128}. Best is trial 906 with value: 15.547757593814149.
trail number 2425
[I 2025-07-18 04:01:11,806] Trial 2425 finished with value: 16.772580475741584 and parameters: {'C': 66.6578080140992, 'epsilon': 0.06420615828995468, 'gamma': 72.99195777598423}. Best is trial 906 with value: 15.547757593814149.
trail number 2427
[I 2025-07-18 04:01:12,027] Trial 2427 finished with value: 28.534968414945023 and parameters: {'C': 4.114763399668647, 'epsilon': 11.99743152546772, 'gamma': 83.6032259594157}. Best is trial 906 with value: 15.547757593814149.
trail number 2426
[I 2025-07-18 04:01:12,039] Trial 2426 finished with value: 27.59490389127859 and parameters: {'C': 7.178378447926974, 'epsilon': 13.309539476814967, 'gamma': 138.95662838523333}. Best is trial 906 with value: 15.547757593814149.
trail number 2424
[I 2025-07-18 04:01:12,067] Trial 2424 finished with value: 22.294933288204682 and parameters: {'C': 781.1602468591309, 'epsilon': 0.09013228260114281, 'gamma': 115.76943020241131}. Best is trial 906 with value: 15.547757593814149.
trail number 2421
[I 2025-07-18 04:01:12,082] Trial 2421 finished with value: 20.41673770350336 and parameters: {'C': 709.393568422437, 'epsilon': 0.6265897751044864, 'gamma': 66.85308317354514}. Best is trial 906 with value: 15.547757593814149.
trail number 2428
[I 2025-07-18 04:01:12,475] Trial 2428 finished with value: 17.036462187136994 and parameters: {'C': 560.2741035421043, 'epsilon': 0.28913438441078726, 'gamma': 49.99776690550554}. Best is trial 906 with value: 15.547757593814149.
trail number 2423
[I 2025-07-18 04:01:12,475] Trial 2423 finished with value: 27.622278023873548 and parameters: {'C': 1201.0277146099813, 'epsilon': 0.22201028082561353, 'gamma': 152.17253556839012}. Best is trial 906 with value: 15.547757593814149.
trail number 2430
[I 2025-07-18 04:01:12,615] Trial 2430 finished with value: 18.331132208360927 and parameters: {'C': 928.3529650351719, 'epsilon': 0.025693818273195834, 'gamma': 50.26215250813903}. Best is trial 906 with value: 15.547757593814149.
trail number 2418
[I 2025-07-18 04:01:12,628] Trial 2418 finished with value: 29.657013640948406 and parameters: {'C': 1394.930463445035, 'epsilon': 0.46309051081198893, 'gamma': 186.39337162486657}. Best is trial 906 with value: 15.547757593814149.
trail number 2431
[I 2025-07-18 04:01:12,661] Trial 2431 finished with value: 56.19348909557611 and parameters: {'C': 674.7074383033424, 'epsilon': 11.10099913901436, 'gamma': 5.443812187302726}. Best is trial 906 with value: 15.547757593814149.
trail number 2433
[I 2025-07-18 04:01:12,873] Trial 2433 finished with value: 17.520053160524462 and parameters: {'C': 758.4619920422406, 'epsilon': 9.560630122747254, 'gamma': 46.27671122798415}. Best is trial 906 with value: 15.547757593814149.
trail number 2432
[I 2025-07-18 04:01:12,929] Trial 2432 finished with value: 39.10610283460393 and parameters: {'C': 36.217838557073236, 'epsilon': 15.644090901864866, 'gamma': 16.702900165291943}. Best is trial 906 with value: 15.547757593814149.
trail number 2429
[I 2025-07-18 04:01:12,945] Trial 2429 finished with value: 22.397327583533034 and parameters: {'C': 642.0017612281374, 'epsilon': 0.4348877906923334, 'gamma': 108.4028101757037}. Best is trial 906 with value: 15.547757593814149.
trail number 2434
[I 2025-07-18 04:01:12,955] Trial 2434 finished with value: 21.55905276639569 and parameters: {'C': 575.504651661708, 'epsilon': 12.83947003407886, 'gamma': 28.632313678995082}. Best is trial 906 with value: 15.547757593814149.
trail number 2436
[I 2025-07-18 04:01:13,033] Trial 2436 finished with value: 21.204914964143367 and parameters: {'C': 51.34599687545821, 'epsilon': 13.505106684208759, 'gamma': 105.77557069320744}. Best is trial 906 with value: 15.547757593814149.
trail number 2437
[I 2025-07-18 04:01:13,123] Trial 2437 finished with value: 23.801437430683748 and parameters: {'C': 31.0848983462584, 'epsilon': 13.283341952310634, 'gamma': 25.46194701616895}. Best is trial 906 with value: 15.547757593814149.
trail number 2440
[I 2025-07-18 04:01:13,322] Trial 2440 finished with value: 29.361889250492748 and parameters: {'C': 3.305615819931461, 'epsilon': 0.2153835641495896, 'gamma': 50.23026059082885}. Best is trial 906 with value: 15.547757593814149.
trail number 2442
[I 2025-07-18 04:01:13,340] Trial 2442 finished with value: 22.053759573932403 and parameters: {'C': 22.325253650414567, 'epsilon': 13.302817168770906, 'gamma': 126.74975329009324}. Best is trial 906 with value: 15.547757593814149.
trail number 2439
[I 2025-07-18 04:01:13,444] Trial 2439 finished with value: 23.127240747463993 and parameters: {'C': 661.8054381923034, 'epsilon': 11.414910944799065, 'gamma': 147.70918166930167}. Best is trial 906 with value: 15.547757593814149.
trail number 2438
[I 2025-07-18 04:01:13,486] Trial 2438 finished with value: 18.33605447553406 and parameters: {'C': 734.8168511760384, 'epsilon': 12.798049760743561, 'gamma': 49.09924331738381}. Best is trial 906 with value: 15.547757593814149.
trail number 2435
[I 2025-07-18 04:01:13,721] Trial 2435 finished with value: 23.55874001913412 and parameters: {'C': 1417.2251473103802, 'epsilon': 13.03268786249805, 'gamma': 104.92229850263199}. Best is trial 906 with value: 15.547757593814149.
trail number 2441
[I 2025-07-18 04:01:13,738] Trial 2441 finished with value: 23.18233662367787 and parameters: {'C': 791.1169297332083, 'epsilon': 0.7545950660863858, 'gamma': 27.720692756275483}. Best is trial 906 with value: 15.547757593814149.
trail number 2444
[I 2025-07-18 04:01:13,752] Trial 2444 finished with value: 20.780110609519472 and parameters: {'C': 657.0805303689466, 'epsilon': 12.872893937681011, 'gamma': 81.25633970987788}. Best is trial 906 with value: 15.547757593814149.
trail number 2443
[I 2025-07-18 04:01:13,810] Trial 2443 finished with value: 17.72772790628456 and parameters: {'C': 46.8853883819543, 'epsilon': 1.1083231348911926, 'gamma': 66.45236169346194}. Best is trial 906 with value: 15.547757593814149.
trail number 2446
[I 2025-07-18 04:01:13,829] Trial 2446 finished with value: 21.456579254122378 and parameters: {'C': 19.17729941304441, 'epsilon': 14.285527053060182, 'gamma': 66.25801099484366}. Best is trial 906 with value: 15.547757593814149.
trail number 2445
[I 2025-07-18 04:01:13,829] Trial 2445 finished with value: 20.817705525003174 and parameters: {'C': 779.4871476841995, 'epsilon': 10.716162560180326, 'gamma': 70.3870536248208}. Best is trial 906 with value: 15.547757593814149.
trail number 2452
[I 2025-07-18 04:01:14,110] Trial 2452 finished with value: 54.63488757645922 and parameters: {'C': 0.04411246798292723, 'epsilon': 11.730486716916461, 'gamma': 111.55334701863595}. Best is trial 906 with value: 15.547757593814149.
trail number 2448
[I 2025-07-18 04:01:14,185] Trial 2448 finished with value: 57.55375017805886 and parameters: {'C': 693.5686185120139, 'epsilon': 0.11158097202312989, 'gamma': 11.037963027147974}. Best is trial 906 with value: 15.547757593814149.
trail number 2453
[I 2025-07-18 04:01:14,261] Trial 2453 finished with value: 25.29873183664254 and parameters: {'C': 62.00546122839182, 'epsilon': 28.73248084813923, 'gamma': 94.74783750121688}. Best is trial 906 with value: 15.547757593814149.
trail number 2451
[I 2025-07-18 04:01:14,292] Trial 2451 finished with value: 22.63386389691464 and parameters: {'C': 8.816520915169377, 'epsilon': 2.6028193441901037, 'gamma': 86.22167712741359}. Best is trial 906 with value: 15.547757593814149.
trail number 2449
[I 2025-07-18 04:01:14,419] Trial 2449 finished with value: 24.438447986586006 and parameters: {'C': 793.4896460993261, 'epsilon': 11.661506266002295, 'gamma': 163.5404894597713}. Best is trial 906 with value: 15.547757593814149.
trail number 2455
[I 2025-07-18 04:01:14,531] Trial 2455 finished with value: 21.699797538116538 and parameters: {'C': 13.225070458191936, 'epsilon': 7.52808874725963, 'gamma': 122.92522234687917}. Best is trial 906 with value: 15.547757593814149.
trail number 2450
[I 2025-07-18 04:01:14,683] Trial 2450 finished with value: 22.52473925081608 and parameters: {'C': 654.7883835341331, 'epsilon': 0.3221535670774056, 'gamma': 132.81783918227262}. Best is trial 906 with value: 15.547757593814149.
trail number 2457
[I 2025-07-18 04:01:14,699] Trial 2457 finished with value: 24.74490670132291 and parameters: {'C': 19.678243410972584, 'epsilon': 21.184141567170272, 'gamma': 101.59164723235423}. Best is trial 906 with value: 15.547757593814149.
trail number 2458
[I 2025-07-18 04:01:14,705] Trial 2458 finished with value: 24.478497762446416 and parameters: {'C': 43.27421768782355, 'epsilon': 25.958892653538218, 'gamma': 79.13119114557027}. Best is trial 906 with value: 15.547757593814149.
trail number 2447
[I 2025-07-18 04:01:14,705] Trial 2447 finished with value: 22.192442001824702 and parameters: {'C': 853.5342861240214, 'epsilon': 0.17384106890810513, 'gamma': 87.86564962905146}. Best is trial 906 with value: 15.547757593814149.
trail number 2459
[I 2025-07-18 04:01:14,885] Trial 2459 finished with value: 46.09211253607034 and parameters: {'C': 5.861227507257894, 'epsilon': 49.449461116745994, 'gamma': 45.79492067580162}. Best is trial 906 with value: 15.547757593814149.
trail number 2462
[I 2025-07-18 04:01:14,974] Trial 2462 finished with value: 24.29824117904781 and parameters: {'C': 1181.008823562007, 'epsilon': 22.456898820460008, 'gamma': 82.31171173240182}. Best is trial 906 with value: 15.547757593814149.
trail number 2464
[I 2025-07-18 04:01:15,034] Trial 2464 finished with value: 64.05393947528478 and parameters: {'C': 241.02514941444542, 'epsilon': 83.15491426708573, 'gamma': 333.508945959268}. Best is trial 906 with value: 15.547757593814149.
trail number 2456
[I 2025-07-18 04:01:15,192] Trial 2456 finished with value: 22.28824747798229 and parameters: {'C': 688.5145148704428, 'epsilon': 0.49325533301507796, 'gamma': 126.76593506731925}. Best is trial 906 with value: 15.547757593814149.
trail number 2460
[I 2025-07-18 04:01:15,244] Trial 2460 finished with value: 26.79250358872182 and parameters: {'C': 562.4193882028374, 'epsilon': 0.7872184179112912, 'gamma': 205.5761310293547}. Best is trial 906 with value: 15.547757593814149.
trail number 2465
[I 2025-07-18 04:01:15,257] Trial 2465 finished with value: 26.14260461103546 and parameters: {'C': 6.641462069104136, 'epsilon': 13.735914095969719, 'gamma': 52.01979256670884}. Best is trial 906 with value: 15.547757593814149.
trail number 2467
[I 2025-07-18 04:01:15,441] Trial 2467 finished with value: 21.23373582493241 and parameters: {'C': 38.24567757806089, 'epsilon': 18.287438752924828, 'gamma': 42.668056243135}. Best is trial 906 with value: 15.547757593814149.
trail number 2463
[I 2025-07-18 04:01:15,453] Trial 2463 finished with value: 18.26508662042304 and parameters: {'C': 678.0415693530896, 'epsilon': 13.14568307499959, 'gamma': 50.74380125091646}. Best is trial 906 with value: 15.547757593814149.
trail number 2461
[I 2025-07-18 04:01:15,479] Trial 2461 finished with value: 19.650562269114367 and parameters: {'C': 542.1420379148987, 'epsilon': 0.298739276825018, 'gamma': 68.82017738608633}. Best is trial 906 with value: 15.547757593814149.
trail number 2466
[I 2025-07-18 04:01:15,648] Trial 2466 finished with value: 48.411281700251195 and parameters: {'C': 3.9149119956299785, 'epsilon': 3.9680747379777013, 'gamma': 5.65241119515683}. Best is trial 906 with value: 15.547757593814149.
trail number 2454
[I 2025-07-18 04:01:15,761] Trial 2454 finished with value: 30.500435575152732 and parameters: {'C': 1683.6022300570107, 'epsilon': 6.401735377726752, 'gamma': 321.36267741489644}. Best is trial 906 with value: 15.547757593814149.
trail number 2471
[I 2025-07-18 04:01:15,922] Trial 2471 finished with value: 49.68343136304135 and parameters: {'C': 1.7352076895430457, 'epsilon': 7.5718418494759945, 'gamma': 5.855891302974939}. Best is trial 906 with value: 15.547757593814149.
trail number 2469
[I 2025-07-18 04:01:15,938] Trial 2469 finished with value: 19.764487567559577 and parameters: {'C': 1577.5115957765688, 'epsilon': 13.87128368329073, 'gamma': 40.18090622802745}. Best is trial 906 with value: 15.547757593814149.
trail number 2468
[I 2025-07-18 04:01:16,043] Trial 2468 finished with value: 27.53630036171442 and parameters: {'C': 924.6765726861724, 'epsilon': 0.032094383023959505, 'gamma': 177.1317095205336}. Best is trial 906 with value: 15.547757593814149.
trail number 2472
[I 2025-07-18 04:01:16,130] Trial 2472 finished with value: 21.58705827976553 and parameters: {'C': 543.9659488401109, 'epsilon': 15.498153748112601, 'gamma': 135.73294445617893}. Best is trial 906 with value: 15.547757593814149.
trail number 2475
[I 2025-07-18 04:01:16,148] Trial 2475 finished with value: 29.48278862403223 and parameters: {'C': 834.4972141456668, 'epsilon': 27.228150351421903, 'gamma': 139.8514935038192}. Best is trial 906 with value: 15.547757593814149.
trail number 2478
[I 2025-07-18 04:01:16,391] Trial 2478 finished with value: 19.255644817997318 and parameters: {'C': 621.9636493064932, 'epsilon': 16.97417700289036, 'gamma': 51.50034036649811}. Best is trial 906 with value: 15.547757593814149.
trail number 2476
[I 2025-07-18 04:01:16,474] Trial 2476 finished with value: 23.000156014687818 and parameters: {'C': 830.0188962067622, 'epsilon': 12.760633234372314, 'gamma': 123.50786992729543}. Best is trial 906 with value: 15.547757593814149.
trail number 2473
[I 2025-07-18 04:01:16,505] Trial 2473 finished with value: 63.04218620812942 and parameters: {'C': 1592.5184650626256, 'epsilon': 10.839328401138484, 'gamma': 6.961822068761897}. Best is trial 906 with value: 15.547757593814149.
trail number 2470
[I 2025-07-18 04:01:16,546] Trial 2470 finished with value: 21.421957161196268 and parameters: {'C': 1210.3665193028223, 'epsilon': 0.05517468495728717, 'gamma': 68.67367391936665}. Best is trial 906 with value: 15.547757593814149.
trail number 2474
[I 2025-07-18 04:01:16,661] Trial 2474 finished with value: 20.31183802264197 and parameters: {'C': 378.0854154800252, 'epsilon': 0.10018875541317263, 'gamma': 111.30409302335144}. Best is trial 906 with value: 15.547757593814149.
trail number 2479
[I 2025-07-18 04:01:16,828] Trial 2479 finished with value: 19.753184732204158 and parameters: {'C': 361.32418034695235, 'epsilon': 0.07032775711120176, 'gamma': 81.10711121194798}. Best is trial 906 with value: 15.547757593814149.
trail number 2477
[I 2025-07-18 04:01:16,924] Trial 2477 finished with value: 23.628459254495237 and parameters: {'C': 1258.912845163511, 'epsilon': 12.579264952605275, 'gamma': 99.68769048769231}. Best is trial 906 with value: 15.547757593814149.
trail number 2482
[I 2025-07-18 04:01:16,941] Trial 2482 finished with value: 18.243836903374945 and parameters: {'C': 31.83258619806712, 'epsilon': 1.8808321749479862, 'gamma': 61.60199872772296}. Best is trial 906 with value: 15.547757593814149.
trail number 2480
