[I 2025-07-18 03:59:29,826] Trial 1165 finished with value: 48.47129524049054 and parameters: {'C': 26.04797376685582, 'epsilon': 21.81554394952588, 'gamma': 1.0732973944083284}. Best is trial 906 with value: 15.547757593814149.
trail number 1166
[I 2025-07-18 03:59:30,047] Trial 1166 finished with value: 25.318219038380043 and parameters: {'C': 15.099391959533165, 'epsilon': 18.770602171632877, 'gamma': 117.9233461209187}. Best is trial 906 with value: 15.547757593814149.
trail number 1137
[I 2025-07-18 03:59:30,069] Trial 1137 finished with value: 33.273126652418824 and parameters: {'C': 3272.3144229144673, 'epsilon': 8.083536689202546, 'gamma': 365.2778688550502}. Best is trial 906 with value: 15.547757593814149.
trail number 1164
[I 2025-07-18 03:59:30,086] Trial 1164 finished with value: 16.69998407733231 and parameters: {'C': 154.81128764755616, 'epsilon': 0.16251857075994702, 'gamma': 78.70534360553464}. Best is trial 906 with value: 15.547757593814149.
trail number 1163
[I 2025-07-18 03:59:30,177] Trial 1163 finished with value: 22.642555921873644 and parameters: {'C': 385.95364985731584, 'epsilon': 0.05634911344363247, 'gamma': 172.6670253172619}. Best is trial 906 with value: 15.547757593814149.
trail number 1167
[I 2025-07-18 03:59:30,297] Trial 1167 finished with value: 19.96151208484451 and parameters: {'C': 618.6403328233093, 'epsilon': 0.1566439766749781, 'gamma': 67.06707498085893}. Best is trial 906 with value: 15.547757593814149.
trail number 1171
[I 2025-07-18 03:59:30,711] Trial 1171 finished with value: 24.800785138331612 and parameters: {'C': 803.991000545149, 'epsilon': 19.576677122401215, 'gamma': 105.60555688671305}. Best is trial 906 with value: 15.547757593814149.
trail number 1172
[I 2025-07-18 03:59:30,815] Trial 1172 finished with value: 21.964870237922117 and parameters: {'C': 810.553481412239, 'epsilon': 0.25908554872177564, 'gamma': 92.31448389075994}. Best is trial 906 with value: 15.547757593814149.
trail number 1168
[I 2025-07-18 03:59:30,824] Trial 1168 finished with value: 20.753222440737893 and parameters: {'C': 383.2680755493616, 'epsilon': 0.23162305921454562, 'gamma': 146.65888552566804}. Best is trial 906 with value: 15.547757593814149.
trail number 1136
[I 2025-07-18 03:59:30,832] Trial 1136 finished with value: 36.521041724005826 and parameters: {'C': 5934.834926885557, 'epsilon': 6.530949476348141, 'gamma': 465.3547647825232}. Best is trial 906 with value: 15.547757593814149.
trail number 1169
[I 2025-07-18 03:59:30,900] Trial 1169 finished with value: 22.67215878997122 and parameters: {'C': 752.2909637435131, 'epsilon': 1.502919840876285, 'gamma': 114.91621656895092}. Best is trial 906 with value: 15.547757593814149.
trail number 1170
[I 2025-07-18 03:59:31,089] Trial 1170 finished with value: 23.647670266684745 and parameters: {'C': 1019.3308047954449, 'epsilon': 0.3341908181795161, 'gamma': 122.65887408646925}. Best is trial 906 with value: 15.547757593814149.
trail number 1177
[I 2025-07-18 03:59:31,097] Trial 1177 finished with value: 49.48968348335948 and parameters: {'C': 911.9896393602048, 'epsilon': 59.111005510627336, 'gamma': 226.99857182360006}. Best is trial 906 with value: 15.547757593814149.
trail number 1173
[I 2025-07-18 03:59:31,260] Trial 1173 finished with value: 18.975623057279794 and parameters: {'C': 840.0961808021027, 'epsilon': 15.912106581537468, 'gamma': 60.608973288718815}. Best is trial 906 with value: 15.547757593814149.
trail number 1176
[I 2025-07-18 03:59:31,385] Trial 1176 finished with value: 23.17901818500297 and parameters: {'C': 742.2008166148926, 'epsilon': 1.2926988190844586, 'gamma': 138.03711670366607}. Best is trial 906 with value: 15.547757593814149.
trail number 1178
[I 2025-07-18 03:59:31,429] Trial 1178 finished with value: 18.943233200376692 and parameters: {'C': 763.037353206177, 'epsilon': 14.412105849828947, 'gamma': 43.868431742247665}. Best is trial 906 with value: 15.547757593814149.
trail number 1175
[I 2025-07-18 03:59:31,469] Trial 1175 finished with value: 22.6697668824953 and parameters: {'C': 1146.4799916504062, 'epsilon': 13.511397092357647, 'gamma': 105.66140577356626}. Best is trial 906 with value: 15.547757593814149.
trail number 1174
[I 2025-07-18 03:59:31,508] Trial 1174 finished with value: 22.600601970983405 and parameters: {'C': 683.0576872969158, 'epsilon': 0.48613571963821034, 'gamma': 108.95612567354958}. Best is trial 906 with value: 15.547757593814149.
trail number 1180
[I 2025-07-18 03:59:31,558] Trial 1180 finished with value: 25.262982196537468 and parameters: {'C': 696.7258877331603, 'epsilon': 27.43699617805123, 'gamma': 69.0986352189473}. Best is trial 906 with value: 15.547757593814149.
trail number 1182
[I 2025-07-18 03:59:31,637] Trial 1182 finished with value: 20.94871903781873 and parameters: {'C': 24.411951502983584, 'epsilon': 13.602123027484334, 'gamma': 81.72758667249656}. Best is trial 906 with value: 15.547757593814149.
trail number 1179
[I 2025-07-18 03:59:31,667] Trial 1179 finished with value: 24.325603115183938 and parameters: {'C': 1264.4090047270022, 'epsilon': 16.454855547688283, 'gamma': 127.12801699640286}. Best is trial 906 with value: 15.547757593814149.
trail number 1181
[I 2025-07-18 03:59:31,689] Trial 1181 finished with value: 21.36029932487978 and parameters: {'C': 711.6192058732104, 'epsilon': 14.791043757580702, 'gamma': 107.4524348028118}. Best is trial 906 with value: 15.547757593814149.
trail number 1186
[I 2025-07-18 03:59:31,814] Trial 1186 finished with value: 25.21511150159773 and parameters: {'C': 9.534134505640196, 'epsilon': 16.57665549333025, 'gamma': 88.84072654896303}. Best is trial 906 with value: 15.547757593814149.
trail number 1185
[I 2025-07-18 03:59:31,912] Trial 1185 finished with value: 22.41576224588189 and parameters: {'C': 45.959857141054556, 'epsilon': 13.105100649837334, 'gamma': 163.6912529609615}. Best is trial 906 with value: 15.547757593814149.
trail number 1183
[I 2025-07-18 03:59:31,956] Trial 1183 finished with value: 18.188921162985793 and parameters: {'C': 688.9061937167176, 'epsilon': 15.29080017522626, 'gamma': 58.12148654281889}. Best is trial 906 with value: 15.547757593814149.
trail number 1184
[I 2025-07-18 03:59:31,969] Trial 1184 finished with value: 46.91603273556305 and parameters: {'C': 57.04175061977807, 'epsilon': 14.391489087078444, 'gamma': 6.275419973363924}. Best is trial 906 with value: 15.547757593814149.
trail number 1188
[I 2025-07-18 03:59:32,020] Trial 1188 finished with value: 16.544742478386105 and parameters: {'C': 76.45554333150494, 'epsilon': 0.3490558763919216, 'gamma': 70.21070157210926}. Best is trial 906 with value: 15.547757593814149.
trail number 1189
[I 2025-07-18 03:59:32,115] Trial 1189 finished with value: 22.551053842709955 and parameters: {'C': 161.53718234231928, 'epsilon': 14.801641199024537, 'gamma': 189.28275020296167}. Best is trial 906 with value: 15.547757593814149.
trail number 1190
[I 2025-07-18 03:59:32,177] Trial 1190 finished with value: 20.097023172687848 and parameters: {'C': 591.691907872288, 'epsilon': 18.090896531361693, 'gamma': 63.17362246334849}. Best is trial 906 with value: 15.547757593814149.
trail number 1191
[I 2025-07-18 03:59:32,201] Trial 1191 finished with value: 37.20248384433823 and parameters: {'C': 1508.826346791431, 'epsilon': 31.952436647484454, 'gamma': 343.0648513198075}. Best is trial 906 with value: 15.547757593814149.
trail number 1195
[I 2025-07-18 03:59:32,375] Trial 1195 finished with value: 30.070131217270706 and parameters: {'C': 772.8533221041391, 'epsilon': 32.3120489615951, 'gamma': 128.96758745545773}. Best is trial 906 with value: 15.547757593814149.
trail number 1187
[I 2025-07-18 03:59:32,485] Trial 1187 finished with value: 21.397612320352973 and parameters: {'C': 719.3720730067639, 'epsilon': 0.047252653952194246, 'gamma': 87.44150542418008}. Best is trial 906 with value: 15.547757593814149.
trail number 1196
[I 2025-07-18 03:59:32,497] Trial 1196 finished with value: 18.57444080560505 and parameters: {'C': 50.75592081159566, 'epsilon': 0.4462883677032905, 'gamma': 49.333030474817704}. Best is trial 906 with value: 15.547757593814149.
trail number 1197
[I 2025-07-18 03:59:32,507] Trial 1197 finished with value: 27.160103117227226 and parameters: {'C': 31.14813079884871, 'epsilon': 30.097621794859215, 'gamma': 84.09470676098539}. Best is trial 906 with value: 15.547757593814149.
trail number 1193
[I 2025-07-18 03:59:32,573] Trial 1193 finished with value: 17.49276654115732 and parameters: {'C': 116.76917757400487, 'epsilon': 0.35554039316222785, 'gamma': 95.91657741670022}. Best is trial 906 with value: 15.547757593814149.
trail number 1192
[I 2025-07-18 03:59:32,670] Trial 1192 finished with value: 17.43325094035599 and parameters: {'C': 451.547662111809, 'epsilon': 0.24425320567374875, 'gamma': 55.84298812030375}. Best is trial 906 with value: 15.547757593814149.
trail number 1200
[I 2025-07-18 03:59:32,711] Trial 1200 finished with value: 22.11198537966198 and parameters: {'C': 96.49591582471945, 'epsilon': 15.419805877676902, 'gamma': 156.46344371161996}. Best is trial 906 with value: 15.547757593814149.
trail number 1194
[I 2025-07-18 03:59:32,968] Trial 1194 finished with value: 22.500533928927823 and parameters: {'C': 756.8849730238898, 'epsilon': 0.021894084872679187, 'gamma': 29.296313287988617}. Best is trial 906 with value: 15.547757593814149.
trail number 1202
[I 2025-07-18 03:59:32,984] Trial 1202 finished with value: 19.75413899094555 and parameters: {'C': 90.66535273350448, 'epsilon': 15.290432529197457, 'gamma': 81.97955090297258}. Best is trial 906 with value: 15.547757593814149.
trail number 1203
[I 2025-07-18 03:59:33,013] Trial 1203 finished with value: 30.890914433110623 and parameters: {'C': 90.86490790195742, 'epsilon': 0.5427724820001802, 'gamma': 18.02500387294885}. Best is trial 906 with value: 15.547757593814149.
trail number 1198
[I 2025-07-18 03:59:33,019] Trial 1198 finished with value: 21.039366517860962 and parameters: {'C': 549.7826338244687, 'epsilon': 0.7532202906633082, 'gamma': 86.86476799063648}. Best is trial 906 with value: 15.547757593814149.
trail number 1204
[I 2025-07-18 03:59:33,304] Trial 1204 finished with value: 20.11382408149074 and parameters: {'C': 74.08344159149638, 'epsilon': 15.522396139476076, 'gamma': 87.50364403980586}. Best is trial 906 with value: 15.547757593814149.
trail number 1206
[I 2025-07-18 03:59:33,345] Trial 1206 finished with value: 18.197461109510094 and parameters: {'C': 77.92009703758303, 'epsilon': 0.32993391093984414, 'gamma': 139.95778756484452}. Best is trial 906 with value: 15.547757593814149.
trail number 1207
[I 2025-07-18 03:59:33,354] Trial 1207 finished with value: 22.29457697988455 and parameters: {'C': 984.7345502187779, 'epsilon': 13.719491061722996, 'gamma': 114.73878617326764}. Best is trial 906 with value: 15.547757593814149.
trail number 1205
[I 2025-07-18 03:59:33,471] Trial 1205 finished with value: 27.960566858487663 and parameters: {'C': 3149.277022682471, 'epsilon': 31.47922502898913, 'gamma': 77.71845159743654}. Best is trial 906 with value: 15.547757593814149.
trail number 1201
[I 2025-07-18 03:59:33,513] Trial 1201 finished with value: 17.642489288985953 and parameters: {'C': 931.0602954775846, 'epsilon': 0.6567743607004299, 'gamma': 39.156067968402425}. Best is trial 906 with value: 15.547757593814149.
trail number 1209
[I 2025-07-18 03:59:33,539] Trial 1209 finished with value: 20.730376223456652 and parameters: {'C': 49.34766438133195, 'epsilon': 16.661544318151307, 'gamma': 53.73408708564559}. Best is trial 906 with value: 15.547757593814149.
trail number 1210
[I 2025-07-18 03:59:33,768] Trial 1210 finished with value: 22.400659652777 and parameters: {'C': 258.8940168435944, 'epsilon': 1.1767683427893383, 'gamma': 305.2150651960196}. Best is trial 906 with value: 15.547757593814149.
trail number 1212
[I 2025-07-18 03:59:33,790] Trial 1212 finished with value: 54.5846534307635 and parameters: {'C': 98.65759625289093, 'epsilon': 62.54615697537898, 'gamma': 8.971648669245177}. Best is trial 906 with value: 15.547757593814149.
trail number 1208
[I 2025-07-18 03:59:33,849] Trial 1208 finished with value: 19.469610783068084 and parameters: {'C': 794.1625343431655, 'epsilon': 15.478500318388578, 'gamma': 44.8821386544753}. Best is trial 906 with value: 15.547757593814149.
trail number 1199
[I 2025-07-18 03:59:33,992] Trial 1199 finished with value: 30.740628050222956 and parameters: {'C': 3276.971949353236, 'epsilon': 8.875622126688164, 'gamma': 122.46783123234417}. Best is trial 906 with value: 15.547757593814149.
trail number 1211
[I 2025-07-18 03:59:34,041] Trial 1211 finished with value: 19.109708153325965 and parameters: {'C': 736.2426912113328, 'epsilon': 13.015314340594896, 'gamma': 58.59494483288167}. Best is trial 906 with value: 15.547757593814149.
trail number 1215
[I 2025-07-18 03:59:34,195] Trial 1215 finished with value: 19.770427715749246 and parameters: {'C': 799.4322257017375, 'epsilon': 13.069062808964272, 'gamma': 61.73292469833436}. Best is trial 906 with value: 15.547757593814149.
trail number 1214
[I 2025-07-18 03:59:34,294] Trial 1214 finished with value: 19.84565905046083 and parameters: {'C': 792.9902775375533, 'epsilon': 0.23469785228622797, 'gamma': 58.50544052365762}. Best is trial 906 with value: 15.547757593814149.
trail number 1216
[I 2025-07-18 03:59:34,361] Trial 1216 finished with value: 20.840841404884337 and parameters: {'C': 704.0999685252884, 'epsilon': 11.884644714081752, 'gamma': 72.56829833104189}. Best is trial 906 with value: 15.547757593814149.
trail number 1213
[I 2025-07-18 03:59:34,418] Trial 1213 finished with value: 27.53888629166935 and parameters: {'C': 789.4819162866994, 'epsilon': 0.3198126624059935, 'gamma': 188.95566179195527}. Best is trial 906 with value: 15.547757593814149.
trail number 1217
[I 2025-07-18 03:59:34,503] Trial 1217 finished with value: 19.444649391672748 and parameters: {'C': 682.9823555311527, 'epsilon': 15.606645504233693, 'gamma': 47.83584873302783}. Best is trial 906 with value: 15.547757593814149.
trail number 1219
[I 2025-07-18 03:59:34,623] Trial 1219 finished with value: 48.41661054415212 and parameters: {'C': 5974.6581964572615, 'epsilon': 3.2743632979690673, 'gamma': 0.8755575856461633}. Best is trial 906 with value: 15.547757593814149.
trail number 1221
[I 2025-07-18 03:59:34,700] Trial 1221 finished with value: 20.698026179730114 and parameters: {'C': 58.600387011568955, 'epsilon': 14.633616244237132, 'gamma': 94.56736685204005}. Best is trial 906 with value: 15.547757593814149.
trail number 1222
[I 2025-07-18 03:59:34,863] Trial 1222 finished with value: 23.664883131294314 and parameters: {'C': 784.932739373628, 'epsilon': 18.51741424837159, 'gamma': 120.92022203987244}. Best is trial 906 with value: 15.547757593814149.
trail number 1223
[I 2025-07-18 03:59:34,889] Trial 1223 finished with value: 18.800259629047357 and parameters: {'C': 32.51993366031202, 'epsilon': 8.685831628604074, 'gamma': 85.5021781578169}. Best is trial 906 with value: 15.547757593814149.
trail number 1218
[I 2025-07-18 03:59:34,912] Trial 1218 finished with value: 22.800217001120185 and parameters: {'C': 725.8497780355859, 'epsilon': 0.4985394229963176, 'gamma': 105.15778914316206}. Best is trial 906 with value: 15.547757593814149.
trail number 1224
[I 2025-07-18 03:59:34,935] Trial 1224 finished with value: 45.96648519365705 and parameters: {'C': 242.98675809433334, 'epsilon': 1.2859478257013586, 'gamma': 1.0911625452145515}. Best is trial 906 with value: 15.547757593814149.
trail number 1225
[I 2025-07-18 03:59:35,063] Trial 1225 finished with value: 48.164770371293244 and parameters: {'C': 5738.078867465971, 'epsilon': 48.84201672229499, 'gamma': 222.65256751464125}. Best is trial 906 with value: 15.547757593814149.
trail number 1220
[I 2025-07-18 03:59:35,177] Trial 1220 finished with value: 28.20554018735968 and parameters: {'C': 1352.5972896827714, 'epsilon': 0.9420464951273525, 'gamma': 221.09008799348248}. Best is trial 906 with value: 15.547757593814149.
trail number 1229
[I 2025-07-18 03:59:35,186] Trial 1229 finished with value: 47.2243427792035 and parameters: {'C': 97.32134142416368, 'epsilon': 16.138738111534373, 'gamma': 2.0406337404460473}. Best is trial 906 with value: 15.547757593814149.
trail number 1230
[I 2025-07-18 03:59:35,295] Trial 1230 finished with value: 33.02618349137475 and parameters: {'C': 8.429759393971949, 'epsilon': 27.195945625622606, 'gamma': 107.96069762389918}. Best is trial 906 with value: 15.547757593814149.
trail number 1228
[I 2025-07-18 03:59:35,328] Trial 1228 finished with value: 21.33835715172964 and parameters: {'C': 13.133594752535927, 'epsilon': 4.962187388195614, 'gamma': 61.90029678275527}. Best is trial 906 with value: 15.547757593814149.
trail number 1231
[I 2025-07-18 03:59:35,437] Trial 1231 finished with value: 21.510335616812227 and parameters: {'C': 78.49004442715032, 'epsilon': 10.648694784111562, 'gamma': 129.88127021167358}. Best is trial 906 with value: 15.547757593814149.
trail number 1226
[I 2025-07-18 03:59:35,445] Trial 1226 finished with value: 18.76684075748931 and parameters: {'C': 169.92910001648542, 'epsilon': 1.0666513322345033, 'gamma': 106.27574014905638}. Best is trial 906 with value: 15.547757593814149.
trail number 1232
[I 2025-07-18 03:59:35,475] Trial 1232 finished with value: 47.6689371057267 and parameters: {'C': 166.08236663965218, 'epsilon': 1.0647399968500917, 'gamma': 3.4366384179362512}. Best is trial 906 with value: 15.547757593814149.
trail number 1227
[I 2025-07-18 03:59:35,523] Trial 1227 finished with value: 20.99547576107045 and parameters: {'C': 657.478920520057, 'epsilon': 11.57357145071142, 'gamma': 82.36295226855604}. Best is trial 906 with value: 15.547757593814149.
trail number 1237
[I 2025-07-18 03:59:35,615] Trial 1237 finished with value: 41.54000527194515 and parameters: {'C': 4.055035711000244, 'epsilon': 35.87970790686963, 'gamma': 43.46644109848532}. Best is trial 906 with value: 15.547757593814149.
trail number 1235
[I 2025-07-18 03:59:35,722] Trial 1235 finished with value: 17.843002326901917 and parameters: {'C': 34.25392086434856, 'epsilon': 0.7121188747429676, 'gamma': 77.10997930948909}. Best is trial 906 with value: 15.547757593814149.
trail number 1236
[I 2025-07-18 03:59:35,903] Trial 1236 finished with value: 20.613839823651478 and parameters: {'C': 648.1083849313748, 'epsilon': 13.354664823667669, 'gamma': 77.55462879150056}. Best is trial 906 with value: 15.547757593814149.
trail number 1238
[I 2025-07-18 03:59:35,917] Trial 1238 finished with value: 23.51458277995708 and parameters: {'C': 10.76059924787441, 'epsilon': 9.669645489275222, 'gamma': 121.99607381597215}. Best is trial 906 with value: 15.547757593814149.
trail number 1233
[I 2025-07-18 03:59:35,926] Trial 1233 finished with value: 19.511338208592655 and parameters: {'C': 235.3372041643096, 'epsilon': 0.11683058858403728, 'gamma': 97.84737842715776}. Best is trial 906 with value: 15.547757593814149.
trail number 1239
[I 2025-07-18 03:59:36,122] Trial 1239 finished with value: 19.574217749920614 and parameters: {'C': 521.6994757546124, 'epsilon': 0.2694006049123554, 'gamma': 69.10667425631864}. Best is trial 906 with value: 15.547757593814149.
trail number 1240
[I 2025-07-18 03:59:36,166] Trial 1240 finished with value: 20.78440382596471 and parameters: {'C': 1552.6736310609285, 'epsilon': 13.384972632111563, 'gamma': 86.21535056376476}. Best is trial 906 with value: 15.547757593814149.
trail number 1244
[I 2025-07-18 03:59:36,336] Trial 1244 finished with value: 21.52100223191524 and parameters: {'C': 15.996229218334634, 'epsilon': 11.464612489755059, 'gamma': 95.84722094100863}. Best is trial 906 with value: 15.547757593814149.
trail number 1242
[I 2025-07-18 03:59:36,384] Trial 1242 finished with value: 34.759362147260724 and parameters: {'C': 1.6990721836776004, 'epsilon': 0.7181103239966595, 'gamma': 75.16718960525516}. Best is trial 906 with value: 15.547757593814149.
trail number 1245
[I 2025-07-18 03:59:36,467] Trial 1245 finished with value: 17.883287869074152 and parameters: {'C': 38.16861419196063, 'epsilon': 1.0030304971322608, 'gamma': 99.36364328142989}. Best is trial 906 with value: 15.547757593814149.
trail number 1246
[I 2025-07-18 03:59:36,502] Trial 1246 finished with value: 24.63596128399558 and parameters: {'C': 18.00145902658609, 'epsilon': 22.246121565224374, 'gamma': 51.7488635018618}. Best is trial 906 with value: 15.547757593814149.
trail number 1243
[I 2025-07-18 03:59:36,516] Trial 1243 finished with value: 18.464800479774844 and parameters: {'C': 87.74800789630648, 'epsilon': 0.5766887692368954, 'gamma': 157.21251659880585}. Best is trial 906 with value: 15.547757593814149.
trail number 1234
[I 2025-07-18 03:59:36,680] Trial 1234 finished with value: 24.644654633120336 and parameters: {'C': 994.0354762711943, 'epsilon': 0.07099765855479148, 'gamma': 129.5389995552675}. Best is trial 906 with value: 15.547757593814149.
trail number 1248
[I 2025-07-18 03:59:36,814] Trial 1248 finished with value: 49.70443014967056 and parameters: {'C': 1230.7576358691902, 'epsilon': 9.193823231846425, 'gamma': 1.44819194378816}. Best is trial 906 with value: 15.547757593814149.
trail number 1249
[I 2025-07-18 03:59:36,865] Trial 1249 finished with value: 68.65384458427691 and parameters: {'C': 938.4722420800249, 'epsilon': 18.260175560979935, 'gamma': 8.737926238837773}. Best is trial 906 with value: 15.547757593814149.
trail number 1241
[I 2025-07-18 03:59:36,884] Trial 1241 finished with value: 23.338424836110327 and parameters: {'C': 1597.6009315549943, 'epsilon': 0.53973064812606, 'gamma': 19.05345255677271}. Best is trial 906 with value: 15.547757593814149.
trail number 1247
