[I 2025-07-18 04:00:55,545] Trial 2220 finished with value: 28.40085066280098 and parameters: {'C': 590.814311341629, 'epsilon': 27.813328561060516, 'gamma': 110.51737265212972}. Best is trial 906 with value: 15.547757593814149.
trail number 2221
[I 2025-07-18 04:00:55,581] Trial 2221 finished with value: 21.29196123501714 and parameters: {'C': 678.049057605945, 'epsilon': 12.137429451270137, 'gamma': 93.8306214684203}. Best is trial 906 with value: 15.547757593814149.
trail number 2219
[I 2025-07-18 04:00:55,603] Trial 2219 finished with value: 21.053687771311168 and parameters: {'C': 94.75446125270246, 'epsilon': 0.690524832175108, 'gamma': 24.939841295538194}. Best is trial 906 with value: 15.547757593814149.
trail number 2222
[I 2025-07-18 04:00:55,670] Trial 2222 finished with value: 44.000684463576036 and parameters: {'C': 15.97477934036678, 'epsilon': 20.38914710463666, 'gamma': 10.639712798627869}. Best is trial 906 with value: 15.547757593814149.
trail number 2224
[I 2025-07-18 04:00:55,924] Trial 2224 finished with value: 19.772202271829425 and parameters: {'C': 634.9816807911452, 'epsilon': 11.672225290093765, 'gamma': 38.084797845669556}. Best is trial 906 with value: 15.547757593814149.
trail number 2217
[I 2025-07-18 04:00:56,063] Trial 2217 finished with value: 40.50672834909982 and parameters: {'C': 4066.1958467648, 'epsilon': 18.200787759145534, 'gamma': 239.79178008680574}. Best is trial 906 with value: 15.547757593814149.
trail number 2218
[I 2025-07-18 04:00:56,138] Trial 2218 finished with value: 22.29231572299917 and parameters: {'C': 1042.9232145354015, 'epsilon': 0.754224246227788, 'gamma': 76.29990612941022}. Best is trial 906 with value: 15.547757593814149.
trail number 2225
[I 2025-07-18 04:00:56,268] Trial 2225 finished with value: 23.469623721191162 and parameters: {'C': 1085.6732299051391, 'epsilon': 0.08267605655382057, 'gamma': 99.42743722894284}. Best is trial 906 with value: 15.547757593814149.
trail number 2227
[I 2025-07-18 04:00:56,307] Trial 2227 finished with value: 56.321316364878655 and parameters: {'C': 928.1657776684964, 'epsilon': 0.412148205539384, 'gamma': 4.362564674626313}. Best is trial 906 with value: 15.547757593814149.
trail number 2223
[I 2025-07-18 04:00:56,444] Trial 2223 finished with value: 19.99656176553346 and parameters: {'C': 840.8338587097885, 'epsilon': 0.11527105618951206, 'gamma': 57.700321661730285}. Best is trial 906 with value: 15.547757593814149.
trail number 2231
[I 2025-07-18 04:00:56,494] Trial 2231 finished with value: 22.52500982441672 and parameters: {'C': 519.2199771384592, 'epsilon': 28.490263008145167, 'gamma': 56.49207595996913}. Best is trial 906 with value: 15.547757593814149.
trail number 2230
[I 2025-07-18 04:00:56,513] Trial 2230 finished with value: 19.904777038814334 and parameters: {'C': 599.4788015126117, 'epsilon': 17.281582296177262, 'gamma': 68.76044771170082}. Best is trial 906 with value: 15.547757593814149.
trail number 2229
[I 2025-07-18 04:00:56,602] Trial 2229 finished with value: 20.959639413066398 and parameters: {'C': 18.22583774524935, 'epsilon': 0.6267994872254223, 'gamma': 35.13041783283833}. Best is trial 906 with value: 15.547757593814149.
trail number 2232
[I 2025-07-18 04:00:56,721] Trial 2232 finished with value: 49.34809498915316 and parameters: {'C': 1649.2594279765456, 'epsilon': 54.491118673664204, 'gamma': 364.5646194645473}. Best is trial 906 with value: 15.547757593814149.
trail number 2226
[I 2025-07-18 04:00:56,741] Trial 2226 finished with value: 18.058944657823 and parameters: {'C': 1202.4735082509992, 'epsilon': 0.09432676916990712, 'gamma': 40.04198712510515}. Best is trial 906 with value: 15.547757593814149.
trail number 2233
[I 2025-07-18 04:00:56,769] Trial 2233 finished with value: 44.30840450335748 and parameters: {'C': 26.91829393007825, 'epsilon': 11.640654523837746, 'gamma': 7.1161917607766725}. Best is trial 906 with value: 15.547757593814149.
trail number 2234
[I 2025-07-18 04:00:57,022] Trial 2234 finished with value: 22.085089489988768 and parameters: {'C': 788.5504795890623, 'epsilon': 0.19917313517494328, 'gamma': 93.11000817473382}. Best is trial 906 with value: 15.547757593814149.
trail number 2238
[I 2025-07-18 04:00:57,117] Trial 2238 finished with value: 20.460095675057477 and parameters: {'C': 803.5677145098259, 'epsilon': 12.12915140878236, 'gamma': 81.74217772054537}. Best is trial 906 with value: 15.547757593814149.
trail number 2235
[I 2025-07-18 04:00:57,137] Trial 2235 finished with value: 18.672072439402523 and parameters: {'C': 645.9811018839094, 'epsilon': 12.571666710385333, 'gamma': 40.527828818439325}. Best is trial 906 with value: 15.547757593814149.
trail number 2237
[I 2025-07-18 04:00:57,172] Trial 2237 finished with value: 25.68711109559851 and parameters: {'C': 5.350915028072137, 'epsilon': 4.209255899857732, 'gamma': 83.16849211857922}. Best is trial 906 with value: 15.547757593814149.
trail number 2228
[I 2025-07-18 04:00:57,264] Trial 2228 finished with value: 20.94006758063783 and parameters: {'C': 1357.7569415427374, 'epsilon': 0.6227835955102521, 'gamma': 56.5475726527056}. Best is trial 906 with value: 15.547757593814149.
trail number 2239
[I 2025-07-18 04:00:57,289] Trial 2239 finished with value: 17.850667421492656 and parameters: {'C': 33.90898808160483, 'epsilon': 2.5991882762901506, 'gamma': 65.43289935719491}. Best is trial 906 with value: 15.547757593814149.
trail number 2240
[I 2025-07-18 04:00:57,323] Trial 2240 finished with value: 24.054998644944455 and parameters: {'C': 620.2210167377928, 'epsilon': 26.654833351629968, 'gamma': 69.04971671483631}. Best is trial 906 with value: 15.547757593814149.
trail number 2244
[I 2025-07-18 04:00:57,508] Trial 2244 finished with value: 22.52835695333469 and parameters: {'C': 65.04783120540043, 'epsilon': 15.288421576372322, 'gamma': 195.56049042600378}. Best is trial 906 with value: 15.547757593814149.
trail number 2245
[I 2025-07-18 04:00:57,519] Trial 2245 finished with value: 26.746256125301734 and parameters: {'C': 8.849831299631987, 'epsilon': 15.074987746530532, 'gamma': 135.95790317771065}. Best is trial 906 with value: 15.547757593814149.
trail number 2241
[I 2025-07-18 04:00:57,590] Trial 2241 finished with value: 18.759417857301425 and parameters: {'C': 24.425573817357403, 'epsilon': 3.4036200635682223, 'gamma': 69.6456637898328}. Best is trial 906 with value: 15.547757593814149.
trail number 2236
[I 2025-07-18 04:00:57,611] Trial 2236 finished with value: 17.157844112442223 and parameters: {'C': 693.8667396471055, 'epsilon': 0.02041356957616891, 'gamma': 44.044069062633135}. Best is trial 906 with value: 15.547757593814149.
trail number 2246
[I 2025-07-18 04:00:57,757] Trial 2246 finished with value: 22.628504482695682 and parameters: {'C': 10.598347573455385, 'epsilon': 9.237390402812387, 'gamma': 67.78140154551899}. Best is trial 906 with value: 15.547757593814149.
trail number 2242
[I 2025-07-18 04:00:57,771] Trial 2242 finished with value: 21.670981776297253 and parameters: {'C': 645.4608871971911, 'epsilon': 12.793163854856093, 'gamma': 113.1366314944122}. Best is trial 906 with value: 15.547757593814149.
trail number 2249
[I 2025-07-18 04:00:57,794] Trial 2249 finished with value: 29.636585842598322 and parameters: {'C': 18.346652495058834, 'epsilon': 30.38609584942792, 'gamma': 66.38622572820331}. Best is trial 906 with value: 15.547757593814149.
trail number 2248
[I 2025-07-18 04:00:57,841] Trial 2248 finished with value: 37.073714866868784 and parameters: {'C': 3.659996537989201, 'epsilon': 26.980977398954426, 'gamma': 47.420170130196226}. Best is trial 906 with value: 15.547757593814149.
trail number 2247
[I 2025-07-18 04:00:57,891] Trial 2247 finished with value: 17.319229521596526 and parameters: {'C': 82.23616789611552, 'epsilon': 0.6946608803062957, 'gamma': 95.58688981235528}. Best is trial 906 with value: 15.547757593814149.
trail number 2253
[I 2025-07-18 04:00:58,040] Trial 2253 finished with value: 25.463164100753296 and parameters: {'C': 6.759817133656327, 'epsilon': 12.909980558652883, 'gamma': 59.964460581601955}. Best is trial 906 with value: 15.547757593814149.
trail number 2252
[I 2025-07-18 04:00:58,139] Trial 2252 finished with value: 17.465110011103278 and parameters: {'C': 84.01603932571112, 'epsilon': 0.9531709987328412, 'gamma': 106.11874284270134}. Best is trial 906 with value: 15.547757593814149.
trail number 2250
[I 2025-07-18 04:00:58,159] Trial 2250 finished with value: 39.086182558578535 and parameters: {'C': 1.8898426499998209, 'epsilon': 14.775416575468503, 'gamma': 160.88865906269916}. Best is trial 906 with value: 15.547757593814149.
trail number 2243
[I 2025-07-18 04:00:58,294] Trial 2243 finished with value: 23.129320010103278 and parameters: {'C': 994.228235726524, 'epsilon': 0.02897378428523245, 'gamma': 87.57899670996501}. Best is trial 906 with value: 15.547757593814149.
trail number 2255
[I 2025-07-18 04:00:58,409] Trial 2255 finished with value: 19.082948865115746 and parameters: {'C': 178.3115718437149, 'epsilon': 0.030113787669424075, 'gamma': 111.19029582595408}. Best is trial 906 with value: 15.547757593814149.
trail number 2251
[I 2025-07-18 04:00:58,420] Trial 2251 finished with value: 19.903358883636137 and parameters: {'C': 1452.0882547828933, 'epsilon': 15.54283066283719, 'gamma': 76.4449953974952}. Best is trial 906 with value: 15.547757593814149.
trail number 2254
[I 2025-07-18 04:00:58,431] Trial 2254 finished with value: 23.08218739459854 and parameters: {'C': 514.5459997651919, 'epsilon': 12.187641962452105, 'gamma': 179.9868834681306}. Best is trial 906 with value: 15.547757593814149.
trail number 2256
[I 2025-07-18 04:00:58,451] Trial 2256 finished with value: 19.71740719216902 and parameters: {'C': 20.63045521635601, 'epsilon': 1.0675276428798268, 'gamma': 115.44104769970332}. Best is trial 906 with value: 15.547757593814149.
trail number 2257
[I 2025-07-18 04:00:58,511] Trial 2257 finished with value: 37.33204165388477 and parameters: {'C': 2.1776048056875936, 'epsilon': 17.624953039468494, 'gamma': 101.01281263772435}. Best is trial 906 with value: 15.547757593814149.
trail number 2260
[I 2025-07-18 04:00:58,638] Trial 2260 finished with value: 26.356045282153143 and parameters: {'C': 8.3127525742091, 'epsilon': 16.39532036907498, 'gamma': 41.505552150296445}. Best is trial 906 with value: 15.547757593814149.
trail number 2262
[I 2025-07-18 04:00:58,694] Trial 2262 finished with value: 26.12524507806979 and parameters: {'C': 1409.017285332915, 'epsilon': 25.251603708876054, 'gamma': 65.33014491725513}. Best is trial 906 with value: 15.547757593814149.
trail number 2258
[I 2025-07-18 04:00:58,829] Trial 2258 finished with value: 24.22546315316368 and parameters: {'C': 675.9697954627968, 'epsilon': 12.585630118437795, 'gamma': 173.67543661128076}. Best is trial 906 with value: 15.547757593814149.
trail number 2261
[I 2025-07-18 04:00:58,917] Trial 2261 finished with value: 47.392419393816375 and parameters: {'C': 130.6495089244576, 'epsilon': 0.18341429744853482, 'gamma': 4.583618724722257}. Best is trial 906 with value: 15.547757593814149.
trail number 2264
[I 2025-07-18 04:00:58,938] Trial 2264 finished with value: 24.408245648616578 and parameters: {'C': 827.597110781941, 'epsilon': 17.4879456849818, 'gamma': 143.6269084351091}. Best is trial 906 with value: 15.547757593814149.
trail number 2259
[I 2025-07-18 04:00:59,003] Trial 2259 finished with value: 21.93355269260094 and parameters: {'C': 1599.585146653566, 'epsilon': 18.187719199393648, 'gamma': 45.75461443706793}. Best is trial 906 with value: 15.547757593814149.
trail number 2265
[I 2025-07-18 04:00:59,057] Trial 2265 finished with value: 17.69016920152614 and parameters: {'C': 75.25459344559042, 'epsilon': 0.1995390263395591, 'gamma': 131.95081191738873}. Best is trial 906 with value: 15.547757593814149.
trail number 2268
[I 2025-07-18 04:00:59,155] Trial 2268 finished with value: 21.17447546502113 and parameters: {'C': 19.656183145855522, 'epsilon': 11.705590308894582, 'gamma': 86.8943847745733}. Best is trial 906 with value: 15.547757593814149.
trail number 2263
[I 2025-07-18 04:00:59,175] Trial 2263 finished with value: 22.002448342875205 and parameters: {'C': 803.1021404949512, 'epsilon': 12.913000574647562, 'gamma': 107.07697560253187}. Best is trial 906 with value: 15.547757593814149.
trail number 2270
[I 2025-07-18 04:00:59,271] Trial 2270 finished with value: 22.435551942598067 and parameters: {'C': 13.718617626800913, 'epsilon': 13.620448961737317, 'gamma': 85.85205406136168}. Best is trial 906 with value: 15.547757593814149.
trail number 2271
[I 2025-07-18 04:00:59,424] Trial 2271 finished with value: 19.36014785179903 and parameters: {'C': 26.716053411621346, 'epsilon': 0.9821658926143915, 'gamma': 46.85929209630547}. Best is trial 906 with value: 15.547757593814149.
trail number 2266
[I 2025-07-18 04:00:59,482] Trial 2266 finished with value: 19.742435626935738 and parameters: {'C': 981.6904598752984, 'epsilon': 13.763943220162613, 'gamma': 38.22731008842489}. Best is trial 906 with value: 15.547757593814149.
trail number 2269
[I 2025-07-18 04:00:59,626] Trial 2269 finished with value: 21.210884468620005 and parameters: {'C': 796.5969677140927, 'epsilon': 12.591004286352534, 'gamma': 88.76264705046714}. Best is trial 906 with value: 15.547757593814149.
trail number 2272
[I 2025-07-18 04:00:59,665] Trial 2272 finished with value: 22.0903126333692 and parameters: {'C': 706.6058663294458, 'epsilon': 16.21824060051965, 'gamma': 26.074752966172767}. Best is trial 906 with value: 15.547757593814149.
trail number 2274
[I 2025-07-18 04:00:59,746] Trial 2274 finished with value: 21.310287280557024 and parameters: {'C': 678.5242024290158, 'epsilon': 15.214379072661023, 'gamma': 107.73558825206544}. Best is trial 906 with value: 15.547757593814149.
trail number 2267
[I 2025-07-18 04:00:59,843] Trial 2267 finished with value: 22.74663778791977 and parameters: {'C': 768.2631110478867, 'epsilon': 0.25211228523400364, 'gamma': 124.45488137857814}. Best is trial 906 with value: 15.547757593814149.
trail number 2273
[I 2025-07-18 04:00:59,918] Trial 2273 finished with value: 27.485199062905394 and parameters: {'C': 772.2714652558523, 'epsilon': 1.9779940821717992, 'gamma': 187.32184570887165}. Best is trial 906 with value: 15.547757593814149.
trail number 2278
[I 2025-07-18 04:01:00,015] Trial 2278 finished with value: 19.5932862160905 and parameters: {'C': 17.65038038785886, 'epsilon': 1.1387665650538499, 'gamma': 66.94656932625732}. Best is trial 906 with value: 15.547757593814149.
trail number 2275
[I 2025-07-18 04:01:00,031] Trial 2275 finished with value: 45.88683969659804 and parameters: {'C': 124.7269715579836, 'epsilon': 0.09213997473168614, 'gamma': 11.93997040209127}. Best is trial 906 with value: 15.547757593814149.
trail number 2276
[I 2025-07-18 04:01:00,165] Trial 2276 finished with value: 17.97139294856688 and parameters: {'C': 644.6853112899662, 'epsilon': 12.770539545805036, 'gamma': 45.53734699963741}. Best is trial 906 with value: 15.547757593814149.
trail number 2279
[I 2025-07-18 04:01:00,262] Trial 2279 finished with value: 23.42452829538645 and parameters: {'C': 700.6319718001794, 'epsilon': 23.7177958926861, 'gamma': 41.93834851443877}. Best is trial 906 with value: 15.547757593814149.
trail number 2282
[I 2025-07-18 04:01:00,279] Trial 2282 finished with value: 42.167776309148564 and parameters: {'C': 2.6812012908336698, 'epsilon': 33.340719106735364, 'gamma': 98.90885641465816}. Best is trial 906 with value: 15.547757593814149.
trail number 2281
[I 2025-07-18 04:01:00,442] Trial 2281 finished with value: 17.888567931623175 and parameters: {'C': 433.8927865346641, 'epsilon': 0.31123012006526674, 'gamma': 61.20419600316916}. Best is trial 906 with value: 15.547757593814149.
trail number 2283
[I 2025-07-18 04:01:00,454] Trial 2283 finished with value: 28.63686593851279 and parameters: {'C': 595.2977350968168, 'epsilon': 28.955363121669627, 'gamma': 112.75971817596427}. Best is trial 906 with value: 15.547757593814149.
trail number 2277
[I 2025-07-18 04:01:00,474] Trial 2277 finished with value: 20.33498176726786 and parameters: {'C': 663.0860941540293, 'epsilon': 1.089893487256349, 'gamma': 70.3525583586375}. Best is trial 906 with value: 15.547757593814149.
trail number 2280
[I 2025-07-18 04:01:00,529] Trial 2280 finished with value: 22.335648494000385 and parameters: {'C': 709.686646630191, 'epsilon': 0.013455822457928868, 'gamma': 115.9095659696348}. Best is trial 906 with value: 15.547757593814149.
trail number 2286
[I 2025-07-18 04:01:00,657] Trial 2286 finished with value: 32.03826331094082 and parameters: {'C': 3.1441150563879035, 'epsilon': 15.81462914303259, 'gamma': 66.02143163317166}. Best is trial 906 with value: 15.547757593814149.
trail number 2285
[I 2025-07-18 04:01:00,753] Trial 2285 finished with value: 52.75751071797222 and parameters: {'C': 434.83302355617695, 'epsilon': 17.17121642127797, 'gamma': 3.673763789607193}. Best is trial 906 with value: 15.547757593814149.
trail number 2288
[I 2025-07-18 04:01:00,890] Trial 2288 finished with value: 36.71017726471193 and parameters: {'C': 2.1135588982373434, 'epsilon': 11.483105519301386, 'gamma': 156.33436815237462}. Best is trial 906 with value: 15.547757593814149.
trail number 2290
[I 2025-07-18 04:01:00,944] Trial 2290 finished with value: 48.029964842198396 and parameters: {'C': 155.11333985575558, 'epsilon': 0.40635852953067964, 'gamma': 4.742640751773806}. Best is trial 906 with value: 15.547757593814149.
trail number 2289
[I 2025-07-18 04:01:01,079] Trial 2289 finished with value: 25.216061174239254 and parameters: {'C': 1269.6797480724595, 'epsilon': 15.893941051543976, 'gamma': 144.4020684715707}. Best is trial 906 with value: 15.547757593814149.
trail number 2284
[I 2025-07-18 04:01:01,174] Trial 2284 finished with value: 21.01417468983893 and parameters: {'C': 789.739276729621, 'epsilon': 1.5904778850476569, 'gamma': 68.68447136587902}. Best is trial 906 with value: 15.547757593814149.
trail number 2291
[I 2025-07-18 04:01:01,262] Trial 2291 finished with value: 44.92127164851543 and parameters: {'C': 430.9248232851364, 'epsilon': 0.5693532175928246, 'gamma': 0.6282864745048187}. Best is trial 906 with value: 15.547757593814149.
trail number 2293
[I 2025-07-18 04:01:01,286] Trial 2293 finished with value: 53.519311431491644 and parameters: {'C': 1251.2272614067026, 'epsilon': 17.372794579099388, 'gamma': 2.184146430921544}. Best is trial 906 with value: 15.547757593814149.
trail number 2287
[I 2025-07-18 04:01:01,322] Trial 2287 finished with value: 22.780282345479094 and parameters: {'C': 790.5626650140248, 'epsilon': 0.39335823354374333, 'gamma': 125.84681135342659}. Best is trial 906 with value: 15.547757593814149.
trail number 2294
[I 2025-07-18 04:01:01,462] Trial 2294 finished with value: 62.21176408555375 and parameters: {'C': 1258.4284236138553, 'epsilon': 13.723177805205994, 'gamma': 5.3557006274638255}. Best is trial 906 with value: 15.547757593814149.
trail number 2297
[I 2025-07-18 04:01:01,496] Trial 2297 finished with value: 20.765499408317336 and parameters: {'C': 26.69023346751652, 'epsilon': 12.33634728024786, 'gamma': 90.33588894010896}. Best is trial 906 with value: 15.547757593814149.
trail number 2300
[I 2025-07-18 04:01:01,530] Trial 2300 finished with value: 80.89477143683256 and parameters: {'C': 2578.8984758674615, 'epsilon': 112.05932167040504, 'gamma': 393.2153142136036}. Best is trial 906 with value: 15.547757593814149.
trail number 2292
[I 2025-07-18 04:01:01,587] Trial 2292 finished with value: 24.357312197465237 and parameters: {'C': 1398.508016436276, 'epsilon': 13.99018643791555, 'gamma': 118.26084162795337}. Best is trial 906 with value: 15.547757593814149.
trail number 2295
[I 2025-07-18 04:01:01,737] Trial 2295 finished with value: 21.446301850949318 and parameters: {'C': 703.7646575230336, 'epsilon': 11.490098956870824, 'gamma': 98.27398724926158}. Best is trial 906 with value: 15.547757593814149.
trail number 2301
[I 2025-07-18 04:01:01,777] Trial 2301 finished with value: 46.61288498939679 and parameters: {'C': 31.45577195837609, 'epsilon': 13.108515383323564, 'gamma': 4.187493188521749}. Best is trial 906 with value: 15.547757593814149.
trail number 2296
[I 2025-07-18 04:01:01,878] Trial 2296 finished with value: 20.773603775575815 and parameters: {'C': 621.765149767917, 'epsilon': 11.648513348623961, 'gamma': 85.15741014152319}. Best is trial 906 with value: 15.547757593814149.
trail number 2298
[I 2025-07-18 04:01:01,993] Trial 2298 finished with value: 22.535532996607227 and parameters: {'C': 769.8447879067387, 'epsilon': 10.81134414631562, 'gamma': 113.45115696263011}. Best is trial 906 with value: 15.547757593814149.
trail number 2299
[I 2025-07-18 04:01:01,993] Trial 2299 finished with value: 22.667978539468564 and parameters: {'C': 669.3544473657248, 'epsilon': 0.6948657316202336, 'gamma': 108.38488684068747}. Best is trial 906 with value: 15.547757593814149.
trail number 2307
[I 2025-07-18 04:01:02,064] Trial 2307 finished with value: 67.29813115250695 and parameters: {'C': 2598.0804252591224, 'epsilon': 87.20286007172089, 'gamma': 404.8809427719842}. Best is trial 906 with value: 15.547757593814149.
trail number 2304
[I 2025-07-18 04:01:02,246] Trial 2304 finished with value: 19.385373288066265 and parameters: {'C': 520.5530150866618, 'epsilon': 0.56966767240731, 'gamma': 68.17319688677172}. Best is trial 906 with value: 15.547757593814149.
trail number 2305
[I 2025-07-18 04:01:02,371] Trial 2305 finished with value: 33.05832932636841 and parameters: {'C': 2.6271087689854653, 'epsilon': 0.12397174884616335, 'gamma': 149.86656679606173}. Best is trial 906 with value: 15.547757593814149.
trail number 2303
