[I 2025-07-18 04:00:05,186] Trial 1603 finished with value: 47.024854230403825 and parameters: {'C': 30.143734180039814, 'epsilon': 0.5115034219165926, 'gamma': 2.7156282439228505}. Best is trial 906 with value: 15.547757593814149.
trail number 1607
[I 2025-07-18 04:00:05,259] Trial 1607 finished with value: 67.22880057328679 and parameters: {'C': 925.4130567657958, 'epsilon': 86.02363919285824, 'gamma': 479.94735167311177}. Best is trial 906 with value: 15.547757593814149.
trail number 1601
[I 2025-07-18 04:00:05,269] Trial 1601 finished with value: 16.939339890662804 and parameters: {'C': 133.34424308372166, 'epsilon': 0.04009952001594286, 'gamma': 81.6651005822553}. Best is trial 906 with value: 15.547757593814149.
trail number 1604
[I 2025-07-18 04:00:05,476] Trial 1604 finished with value: 21.34370376262574 and parameters: {'C': 594.3906438517636, 'epsilon': 0.11159744615952016, 'gamma': 102.69089851631202}. Best is trial 906 with value: 15.547757593814149.
trail number 1608
[I 2025-07-18 04:00:05,599] Trial 1608 finished with value: 22.180814796018087 and parameters: {'C': 856.4440520175899, 'epsilon': 13.784104859069046, 'gamma': 117.68386883891856}. Best is trial 906 with value: 15.547757593814149.
trail number 1599
[I 2025-07-18 04:00:05,655] Trial 1599 finished with value: 26.128977754028902 and parameters: {'C': 710.189348179537, 'epsilon': 0.5682801788439137, 'gamma': 238.81036199710056}. Best is trial 906 with value: 15.547757593814149.
trail number 1605
[I 2025-07-18 04:00:05,691] Trial 1605 finished with value: 19.237858557092576 and parameters: {'C': 656.2253811470779, 'epsilon': 14.976368243007371, 'gamma': 44.58563589238976}. Best is trial 906 with value: 15.547757593814149.
trail number 1609
[I 2025-07-18 04:00:05,702] Trial 1609 finished with value: 51.506746417329545 and parameters: {'C': 759.2577898330997, 'epsilon': 24.290723599821558, 'gamma': 0.10280692086348608}. Best is trial 906 with value: 15.547757593814149.
trail number 1610
[I 2025-07-18 04:00:05,768] Trial 1610 finished with value: 21.527841904049353 and parameters: {'C': 677.3791452905073, 'epsilon': 15.29627356403331, 'gamma': 123.55518681857566}. Best is trial 906 with value: 15.547757593814149.
trail number 1611
[I 2025-07-18 04:00:05,947] Trial 1611 finished with value: 62.795546603021606 and parameters: {'C': 1100.7966428444734, 'epsilon': 27.050414842587973, 'gamma': 5.81456734592976}. Best is trial 906 with value: 15.547757593814149.
trail number 1606
[I 2025-07-18 04:00:06,001] Trial 1606 finished with value: 21.040198185974198 and parameters: {'C': 781.5000327575074, 'epsilon': 0.23172886808452833, 'gamma': 75.88845910588105}. Best is trial 906 with value: 15.547757593814149.
trail number 1616
[I 2025-07-18 04:00:06,086] Trial 1616 finished with value: 66.98839531991484 and parameters: {'C': 4726.57414675484, 'epsilon': 76.85633109312789, 'gamma': 13.7841625725043}. Best is trial 906 with value: 15.547757593814149.
trail number 1615
[I 2025-07-18 04:00:06,113] Trial 1615 finished with value: 18.187249807478768 and parameters: {'C': 103.962376295061, 'epsilon': 0.13776980057393184, 'gamma': 140.73010127976465}. Best is trial 906 with value: 15.547757593814149.
trail number 1613
[I 2025-07-18 04:00:06,178] Trial 1613 finished with value: 21.43871593757763 and parameters: {'C': 653.845665177051, 'epsilon': 15.156849479945116, 'gamma': 114.10656459768234}. Best is trial 906 with value: 15.547757593814149.
trail number 1614
[I 2025-07-18 04:00:06,247] Trial 1614 finished with value: 17.946088847653932 and parameters: {'C': 65.71958465608392, 'epsilon': 0.21223068192540706, 'gamma': 133.89540238755916}. Best is trial 906 with value: 15.547757593814149.
trail number 1619
[I 2025-07-18 04:00:06,274] Trial 1619 finished with value: 28.41830512649953 and parameters: {'C': 8.074854728876701, 'epsilon': 20.36697956057397, 'gamma': 86.97776343131416}. Best is trial 906 with value: 15.547757593814149.
trail number 1612
[I 2025-07-18 04:00:06,380] Trial 1612 finished with value: 58.754701373748446 and parameters: {'C': 1573.133789394374, 'epsilon': 4.092601560881474, 'gamma': 5.5671877328007895}. Best is trial 906 with value: 15.547757593814149.
trail number 1617
[I 2025-07-18 04:00:06,393] Trial 1617 finished with value: 24.223868945162238 and parameters: {'C': 8.130323849221739, 'epsilon': 10.247476049767553, 'gamma': 43.89708170335956}. Best is trial 906 with value: 15.547757593814149.
trail number 1623
[I 2025-07-18 04:00:06,585] Trial 1623 finished with value: 29.650045458207416 and parameters: {'C': 27.744530216578653, 'epsilon': 30.903820083230837, 'gamma': 109.28386722708672}. Best is trial 906 with value: 15.547757593814149.
trail number 1624
[I 2025-07-18 04:00:06,689] Trial 1624 finished with value: 21.559246394290003 and parameters: {'C': 29.303219952352833, 'epsilon': 19.410204770060993, 'gamma': 45.37171042158187}. Best is trial 906 with value: 15.547757593814149.
trail number 1618
[I 2025-07-18 04:00:06,709] Trial 1618 finished with value: 21.937015118724883 and parameters: {'C': 618.3768122603279, 'epsilon': 1.5998855114170654, 'gamma': 90.69311698801036}. Best is trial 906 with value: 15.547757593814149.
trail number 1621
[I 2025-07-18 04:00:06,754] Trial 1621 finished with value: 17.969845609795456 and parameters: {'C': 36.64222222933283, 'epsilon': 0.8891264889199878, 'gamma': 97.62550006891587}. Best is trial 906 with value: 15.547757593814149.
trail number 1620
[I 2025-07-18 04:00:06,854] Trial 1620 finished with value: 22.908628904428348 and parameters: {'C': 1437.6095087569156, 'epsilon': 2.897256218427896, 'gamma': 18.66301109145779}. Best is trial 906 with value: 15.547757593814149.
trail number 1622
[I 2025-07-18 04:00:06,864] Trial 1622 finished with value: 17.806494485203412 and parameters: {'C': 1086.8346233162831, 'epsilon': 0.7501024245632365, 'gamma': 40.92641895999488}. Best is trial 906 with value: 15.547757593814149.
trail number 1626
[I 2025-07-18 04:00:07,129] Trial 1626 finished with value: 18.31581725068137 and parameters: {'C': 604.945338433406, 'epsilon': 15.068077696147043, 'gamma': 54.290670790651724}. Best is trial 906 with value: 15.547757593814149.
trail number 1627
[I 2025-07-18 04:00:07,208] Trial 1627 finished with value: 52.51714882311843 and parameters: {'C': 700.8185194854314, 'epsilon': 16.245340494714053, 'gamma': 2.666003016866135}. Best is trial 906 with value: 15.547757593814149.
trail number 1629
[I 2025-07-18 04:00:07,411] Trial 1629 finished with value: 20.089288342470788 and parameters: {'C': 612.0398424586314, 'epsilon': 0.12802892081805783, 'gamma': 71.2873233747573}. Best is trial 906 with value: 15.547757593814149.
trail number 1630
[I 2025-07-18 04:00:07,424] Trial 1630 finished with value: 24.302314320624852 and parameters: {'C': 1075.4094575496229, 'epsilon': 0.17215620750530666, 'gamma': 23.036844282470042}. Best is trial 906 with value: 15.547757593814149.
trail number 1631
[I 2025-07-18 04:00:07,456] Trial 1631 finished with value: 19.702621563200804 and parameters: {'C': 77.79051704715836, 'epsilon': 15.324429707418012, 'gamma': 78.45046465594396}. Best is trial 906 with value: 15.547757593814149.
trail number 1628
[I 2025-07-18 04:00:07,467] Trial 1628 finished with value: 22.499192667413617 and parameters: {'C': 821.5685939991163, 'epsilon': 12.094118736824829, 'gamma': 108.30070587279079}. Best is trial 906 with value: 15.547757593814149.
trail number 1634
[I 2025-07-18 04:00:07,606] Trial 1634 finished with value: 27.99380839089489 and parameters: {'C': 928.4509005451636, 'epsilon': 29.731272428715116, 'gamma': 98.497505107091}. Best is trial 906 with value: 15.547757593814149.
trail number 1633
[I 2025-07-18 04:00:07,643] Trial 1633 finished with value: 46.50856883810168 and parameters: {'C': 0.7710702548192501, 'epsilon': 16.14624886287282, 'gamma': 73.94004988254665}. Best is trial 906 with value: 15.547757593814149.
trail number 1637
[I 2025-07-18 04:00:07,848] Trial 1637 finished with value: 29.785757788233035 and parameters: {'C': 325.75216662391847, 'epsilon': 28.193239919876756, 'gamma': 199.9719605214534}. Best is trial 906 with value: 15.547757593814149.
trail number 1638
[I 2025-07-18 04:00:07,967] Trial 1638 finished with value: 20.49564333722483 and parameters: {'C': 32.3399598067418, 'epsilon': 14.503020235735281, 'gamma': 77.26174425382638}. Best is trial 906 with value: 15.547757593814149.
trail number 1632
[I 2025-07-18 04:00:07,993] Trial 1632 finished with value: 22.572966826627134 and parameters: {'C': 953.8349043822274, 'epsilon': 0.697493445410027, 'gamma': 84.07106444558708}. Best is trial 906 with value: 15.547757593814149.
trail number 1625
[I 2025-07-18 04:00:08,197] Trial 1625 finished with value: 22.09083728866152 and parameters: {'C': 1588.5422950672832, 'epsilon': 0.0331250151601723, 'gamma': 67.31522180464036}. Best is trial 906 with value: 15.547757593814149.
trail number 1640
[I 2025-07-18 04:00:08,254] Trial 1640 finished with value: 17.71544500065691 and parameters: {'C': 45.034987461023576, 'epsilon': 1.2455473811972055, 'gamma': 95.27247454679055}. Best is trial 906 with value: 15.547757593814149.
trail number 1639
[I 2025-07-18 04:00:08,263] Trial 1639 finished with value: 27.327182738587247 and parameters: {'C': 4.365807033727066, 'epsilon': 7.927156483144094, 'gamma': 62.42779653611745}. Best is trial 906 with value: 15.547757593814149.
trail number 1635
[I 2025-07-18 04:00:08,457] Trial 1635 finished with value: 42.27200291859836 and parameters: {'C': 3710.388191083491, 'epsilon': 30.803377304777893, 'gamma': 294.91604438778865}. Best is trial 906 with value: 15.547757593814149.
trail number 1641
[I 2025-07-18 04:00:08,538] Trial 1641 finished with value: 24.40332010202686 and parameters: {'C': 658.147157225828, 'epsilon': 0.944788107810526, 'gamma': 156.0447625569686}. Best is trial 906 with value: 15.547757593814149.
trail number 1642
[I 2025-07-18 04:00:08,572] Trial 1642 finished with value: 24.69180636387644 and parameters: {'C': 1247.9447492019935, 'epsilon': 16.833044971771002, 'gamma': 128.45560454915253}. Best is trial 906 with value: 15.547757593814149.
trail number 1647
[I 2025-07-18 04:00:08,617] Trial 1647 finished with value: 71.81851223309906 and parameters: {'C': 4738.872830192342, 'epsilon': 95.58942081421124, 'gamma': 348.465720127613}. Best is trial 906 with value: 15.547757593814149.
trail number 1646
[I 2025-07-18 04:00:08,724] Trial 1646 finished with value: 22.67698148066373 and parameters: {'C': 33.9529547440186, 'epsilon': 16.194893052719177, 'gamma': 140.67166325701564}. Best is trial 906 with value: 15.547757593814149.
trail number 1645
[I 2025-07-18 04:00:08,812] Trial 1645 finished with value: 23.62789327780017 and parameters: {'C': 14.100495833260716, 'epsilon': 12.621653360646944, 'gamma': 142.6256814374887}. Best is trial 906 with value: 15.547757593814149.
trail number 1648
[I 2025-07-18 04:00:08,824] Trial 1648 finished with value: 23.525211988084884 and parameters: {'C': 14.67125756972652, 'epsilon': 15.766163166451332, 'gamma': 112.22619182625925}. Best is trial 906 with value: 15.547757593814149.
trail number 1636
[I 2025-07-18 04:00:08,888] Trial 1636 finished with value: 27.301215648408807 and parameters: {'C': 1296.83900250764, 'epsilon': 0.2822707569117757, 'gamma': 136.40128693311775}. Best is trial 906 with value: 15.547757593814149.
trail number 1644
[I 2025-07-18 04:00:08,957] Trial 1644 finished with value: 57.370437491109364 and parameters: {'C': 693.4954239569681, 'epsilon': 0.6985729332127097, 'gamma': 10.813518465113425}. Best is trial 906 with value: 15.547757593814149.
trail number 1651
[I 2025-07-18 04:00:09,021] Trial 1651 finished with value: 19.975890118427664 and parameters: {'C': 73.79925035104247, 'epsilon': 15.250416521372431, 'gamma': 66.84728974443162}. Best is trial 906 with value: 15.547757593814149.
trail number 1643
[I 2025-07-18 04:00:09,226] Trial 1643 finished with value: 18.732416076777216 and parameters: {'C': 899.0697757991054, 'epsilon': 0.13916464952952645, 'gamma': 35.491719657099445}. Best is trial 906 with value: 15.547757593814149.
trail number 1649
[I 2025-07-18 04:00:09,299] Trial 1649 finished with value: 23.101606420305878 and parameters: {'C': 1231.793472907098, 'epsilon': 0.5156002054811447, 'gamma': 20.251191250538582}. Best is trial 906 with value: 15.547757593814149.
trail number 1656
[I 2025-07-18 04:00:09,471] Trial 1656 finished with value: 30.740472054317706 and parameters: {'C': 772.8793416325378, 'epsilon': 31.48234999573076, 'gamma': 144.33080229664694}. Best is trial 906 with value: 15.547757593814149.
trail number 1654
[I 2025-07-18 04:00:09,503] Trial 1654 finished with value: 21.2601542255149 and parameters: {'C': 578.5662469550614, 'epsilon': 0.18887656587279933, 'gamma': 97.91922064906538}. Best is trial 906 with value: 15.547757593814149.
trail number 1655
[I 2025-07-18 04:00:09,570] Trial 1655 finished with value: 22.092838368553657 and parameters: {'C': 15.51611669139237, 'epsilon': 12.487096406758976, 'gamma': 67.570645175045}. Best is trial 906 with value: 15.547757593814149.
trail number 1650
[I 2025-07-18 04:00:09,582] Trial 1650 finished with value: 18.797312264795483 and parameters: {'C': 563.0486614879624, 'epsilon': 0.8132019435288547, 'gamma': 61.56206862320293}. Best is trial 906 with value: 15.547757593814149.
trail number 1653
[I 2025-07-18 04:00:09,592] Trial 1653 finished with value: 50.04261717325238 and parameters: {'C': 708.673056428109, 'epsilon': 13.891133260123972, 'gamma': 11.978880429205091}. Best is trial 906 with value: 15.547757593814149.
trail number 1657
[I 2025-07-18 04:00:09,682] Trial 1657 finished with value: 25.00558150701096 and parameters: {'C': 7.893508481564979, 'epsilon': 12.359924693426521, 'gamma': 43.306346798392006}. Best is trial 906 with value: 15.547757593814149.
trail number 1658
[I 2025-07-18 04:00:09,783] Trial 1658 finished with value: 19.849836377615002 and parameters: {'C': 42.37060952765448, 'epsilon': 0.6539264849068901, 'gamma': 35.48396056716209}. Best is trial 906 with value: 15.547757593814149.
trail number 1652
[I 2025-07-18 04:00:09,899] Trial 1652 finished with value: 23.247268726997486 and parameters: {'C': 614.6759411619885, 'epsilon': 0.04655420902518426, 'gamma': 141.94843521343282}. Best is trial 906 with value: 15.547757593814149.
trail number 1659
[I 2025-07-18 04:00:09,997] Trial 1659 finished with value: 33.62749930887202 and parameters: {'C': 35.79730283418405, 'epsilon': 13.775063570207427, 'gamma': 19.55580462256878}. Best is trial 906 with value: 15.547757593814149.
trail number 1663
[I 2025-07-18 04:00:10,049] Trial 1663 finished with value: 20.135699572569976 and parameters: {'C': 789.4281457089671, 'epsilon': 16.455955310230504, 'gamma': 44.62665082031823}. Best is trial 906 with value: 15.547757593814149.
trail number 1660
[I 2025-07-18 04:00:10,091] Trial 1660 finished with value: 22.667500608136038 and parameters: {'C': 771.3874622817837, 'epsilon': 14.901203636087612, 'gamma': 145.28240951815135}. Best is trial 906 with value: 15.547757593814149.
trail number 1662
[I 2025-07-18 04:00:10,228] Trial 1662 finished with value: 20.93782052186784 and parameters: {'C': 750.576841244569, 'epsilon': 0.2783661865942041, 'gamma': 76.2866584303782}. Best is trial 906 with value: 15.547757593814149.
trail number 1664
[I 2025-07-18 04:00:10,474] Trial 1664 finished with value: 21.526468943021065 and parameters: {'C': 689.5194409503076, 'epsilon': 13.498972722640769, 'gamma': 111.45527180193031}. Best is trial 906 with value: 15.547757593814149.
trail number 1666
[I 2025-07-18 04:00:10,487] Trial 1666 finished with value: 26.79052077662643 and parameters: {'C': 1551.8743787858994, 'epsilon': 15.214703869702916, 'gamma': 142.28991740056236}. Best is trial 906 with value: 15.547757593814149.
trail number 1661
[I 2025-07-18 04:00:10,487] Trial 1661 finished with value: 21.695894303260886 and parameters: {'C': 834.2599699887556, 'epsilon': 0.27963323104913496, 'gamma': 83.5912533802966}. Best is trial 906 with value: 15.547757593814149.
trail number 1668
[I 2025-07-18 04:00:10,503] Trial 1668 finished with value: 34.575194033105255 and parameters: {'C': 2.6993131875932477, 'epsilon': 5.118434587595816, 'gamma': 198.92151450234923}. Best is trial 906 with value: 15.547757593814149.
trail number 1671
[I 2025-07-18 04:00:10,622] Trial 1671 finished with value: 59.2891733430517 and parameters: {'C': 4619.921211208433, 'epsilon': 72.41272669827325, 'gamma': 489.83309178389277}. Best is trial 906 with value: 15.547757593814149.
trail number 1672
[I 2025-07-18 04:00:10,832] Trial 1672 finished with value: 18.012853498138718 and parameters: {'C': 58.913878020435114, 'epsilon': 0.28985730458141856, 'gamma': 133.428451484557}. Best is trial 906 with value: 15.547757593814149.
trail number 1667
[I 2025-07-18 04:00:10,963] Trial 1667 finished with value: 17.48998114609104 and parameters: {'C': 809.8616500004001, 'epsilon': 1.1081906927750467, 'gamma': 42.25237921551731}. Best is trial 906 with value: 15.547757593814149.
trail number 1670
[I 2025-07-18 04:00:10,992] Trial 1670 finished with value: 19.17943080504348 and parameters: {'C': 23.67905676714605, 'epsilon': 0.3493486764708644, 'gamma': 105.63800072879684}. Best is trial 906 with value: 15.547757593814149.
trail number 1674
[I 2025-07-18 04:00:11,149] Trial 1674 finished with value: 21.405069778860558 and parameters: {'C': 750.3747373415274, 'epsilon': 13.719250386500793, 'gamma': 90.26372685210016}. Best is trial 906 with value: 15.547757593814149.
trail number 1673
[I 2025-07-18 04:00:11,318] Trial 1673 finished with value: 24.248958099804305 and parameters: {'C': 796.0797278666956, 'epsilon': 0.02275972101287249, 'gamma': 137.95086845776086}. Best is trial 906 with value: 15.547757593814149.
trail number 1677
[I 2025-07-18 04:00:11,329] Trial 1677 finished with value: 33.346272497228576 and parameters: {'C': 90.62355075331027, 'epsilon': 28.56751642537647, 'gamma': 19.912766384475425}. Best is trial 906 with value: 15.547757593814149.
trail number 1676
[I 2025-07-18 04:00:11,337] Trial 1676 finished with value: 22.868423505172384 and parameters: {'C': 19.694344943943435, 'epsilon': 14.538769109714993, 'gamma': 33.66829551425161}. Best is trial 906 with value: 15.547757593814149.
trail number 1665
[I 2025-07-18 04:00:11,382] Trial 1665 finished with value: 22.97663360300629 and parameters: {'C': 980.3182901687877, 'epsilon': 0.1749443330243381, 'gamma': 114.09639525419595}. Best is trial 906 with value: 15.547757593814149.
trail number 1669
[I 2025-07-18 04:00:11,562] Trial 1669 finished with value: 26.792406634443743 and parameters: {'C': 651.9581364569518, 'epsilon': 0.23999282531667396, 'gamma': 202.03532985088327}. Best is trial 906 with value: 15.547757593814149.
trail number 1679
[I 2025-07-18 04:00:11,738] Trial 1679 finished with value: 16.762739556255514 and parameters: {'C': 364.18161564445273, 'epsilon': 0.12539467557851644, 'gamma': 48.35391708376061}. Best is trial 906 with value: 15.547757593814149.
trail number 1678
[I 2025-07-18 04:00:11,853] Trial 1678 finished with value: 23.836299487614514 and parameters: {'C': 1368.9886352807982, 'epsilon': 20.09233752520163, 'gamma': 82.83754346798872}. Best is trial 906 with value: 15.547757593814149.
trail number 1675
[I 2025-07-18 04:00:11,906] Trial 1675 finished with value: 20.82575939334503 and parameters: {'C': 558.6096845111746, 'epsilon': 0.10393744889960999, 'gamma': 109.4785423312907}. Best is trial 906 with value: 15.547757593814149.
trail number 1683
[I 2025-07-18 04:00:11,962] Trial 1683 finished with value: 22.223045205308534 and parameters: {'C': 21.58851379749146, 'epsilon': 12.804341093267592, 'gamma': 130.21069322056658}. Best is trial 906 with value: 15.547757593814149.
trail number 1682
[I 2025-07-18 04:00:12,033] Trial 1682 finished with value: 20.949855776540744 and parameters: {'C': 31.986586608860193, 'epsilon': 1.7048079282083775, 'gamma': 30.270658378258858}. Best is trial 906 with value: 15.547757593814149.
trail number 1684
[I 2025-07-18 04:00:12,066] Trial 1684 finished with value: 20.55948494894929 and parameters: {'C': 35.433140977478956, 'epsilon': 13.338652352136762, 'gamma': 82.11149217560205}. Best is trial 906 with value: 15.547757593814149.
trail number 1680
[I 2025-07-18 04:00:12,129] Trial 1680 finished with value: 18.33194093982751 and parameters: {'C': 455.1055061857952, 'epsilon': 0.022393479708937347, 'gamma': 61.65225849336261}. Best is trial 906 with value: 15.547757593814149.
trail number 1681
[I 2025-07-18 04:00:12,140] Trial 1681 finished with value: 19.86605636011471 and parameters: {'C': 458.44083553421723, 'epsilon': 0.22079984056781243, 'gamma': 78.23708096149898}. Best is trial 906 with value: 15.547757593814149.
trail number 1686
[I 2025-07-18 04:00:12,160] Trial 1686 finished with value: 19.845533851525836 and parameters: {'C': 32.488600343912566, 'epsilon': 13.28634772264571, 'gamma': 58.77384404807876}. Best is trial 906 with value: 15.547757593814149.
trail number 1689
[I 2025-07-18 04:00:12,313] Trial 1689 finished with value: 49.648261015967044 and parameters: {'C': 1083.8735412800852, 'epsilon': 65.73544524729385, 'gamma': 72.23454200664898}. Best is trial 906 with value: 15.547757593814149.
trail number 1685
[I 2025-07-18 04:00:12,326] Trial 1685 finished with value: 26.906033179980113 and parameters: {'C': 4.778096575557299, 'epsilon': 4.8140815186465735, 'gamma': 106.33761629297743}. Best is trial 906 with value: 15.547757593814149.
trail number 1688
[I 2025-07-18 04:00:12,336] Trial 1688 finished with value: 20.56250268002053 and parameters: {'C': 555.152484949538, 'epsilon': 15.922833268135754, 'gamma': 80.55758304843141}. Best is trial 906 with value: 15.547757593814149.
trail number 1691
