[I 2025-07-18 04:01:32,020] Trial 2658 finished with value: 22.256292082237326 and parameters: {'C': 676.6966341943639, 'epsilon': 16.014447628979443, 'gamma': 126.8142339958363}. Best is trial 906 with value: 15.547757593814149.
trail number 2657
[I 2025-07-18 04:01:32,094] Trial 2657 finished with value: 19.65408916674161 and parameters: {'C': 1540.7846985765382, 'epsilon': 14.883966913789386, 'gamma': 43.15531684125826}. Best is trial 906 with value: 15.547757593814149.
trail number 2659
[I 2025-07-18 04:01:32,148] Trial 2659 finished with value: 18.83768954536385 and parameters: {'C': 725.9635236541005, 'epsilon': 14.310202356405735, 'gamma': 65.8326119675829}. Best is trial 906 with value: 15.547757593814149.
trail number 2661
[I 2025-07-18 04:01:32,200] Trial 2661 finished with value: 46.82508083347754 and parameters: {'C': 25.679738736881802, 'epsilon': 3.6589646263867013, 'gamma': 2.0222780250142804}. Best is trial 906 with value: 15.547757593814149.
trail number 2662
[I 2025-07-18 04:01:32,307] Trial 2662 finished with value: 23.583570375073478 and parameters: {'C': 49.309793642639974, 'epsilon': 14.146846782103413, 'gamma': 24.14401450544335}. Best is trial 906 with value: 15.547757593814149.
trail number 2660
[I 2025-07-18 04:01:32,374] Trial 2660 finished with value: 21.303250621287102 and parameters: {'C': 724.4186279952793, 'epsilon': 14.352316295132644, 'gamma': 105.51463323142106}. Best is trial 906 with value: 15.547757593814149.
trail number 2665
[I 2025-07-18 04:01:32,420] Trial 2665 finished with value: 29.27779807257449 and parameters: {'C': 1382.68296824113, 'epsilon': 26.456025869885845, 'gamma': 86.56360329540212}. Best is trial 906 with value: 15.547757593814149.
trail number 2666
[I 2025-07-18 04:01:32,432] Trial 2666 finished with value: 28.467860124474708 and parameters: {'C': 773.6279131109125, 'epsilon': 26.39203582063916, 'gamma': 106.64997242181542}. Best is trial 906 with value: 15.547757593814149.
trail number 2663
[I 2025-07-18 04:01:32,442] Trial 2663 finished with value: 50.31443040392925 and parameters: {'C': 578.778942079203, 'epsilon': 33.13637466823215, 'gamma': 1.6063922986043053}. Best is trial 906 with value: 15.547757593814149.
trail number 2669
[I 2025-07-18 04:01:32,678] Trial 2669 finished with value: 40.42631710719743 and parameters: {'C': 1.3686877115251548, 'epsilon': 13.86604876552373, 'gamma': 71.63084383264963}. Best is trial 906 with value: 15.547757593814149.
trail number 2664
[I 2025-07-18 04:01:32,721] Trial 2664 finished with value: 18.133795128737265 and parameters: {'C': 789.0783325823985, 'epsilon': 13.157236513604813, 'gamma': 50.13051337873295}. Best is trial 906 with value: 15.547757593814149.
trail number 2668
[I 2025-07-18 04:01:32,737] Trial 2668 finished with value: 21.367403267979466 and parameters: {'C': 63.8865666079417, 'epsilon': 13.494875975299916, 'gamma': 119.87254177624959}. Best is trial 906 with value: 15.547757593814149.
trail number 2667
[I 2025-07-18 04:01:32,779] Trial 2667 finished with value: 22.750767513438873 and parameters: {'C': 10.842076333864341, 'epsilon': 0.6634853287815601, 'gamma': 113.48820732966078}. Best is trial 906 with value: 15.547757593814149.
trail number 2672
[I 2025-07-18 04:01:32,955] Trial 2672 finished with value: 41.95192859458544 and parameters: {'C': 44.07175790471331, 'epsilon': 14.842299443469653, 'gamma': 14.769929494895656}. Best is trial 906 with value: 15.547757593814149.
trail number 2675
[I 2025-07-18 04:01:32,968] Trial 2675 finished with value: 24.078814582997406 and parameters: {'C': 648.3511483947709, 'epsilon': 27.10146140241676, 'gamma': 62.77991657821293}. Best is trial 906 with value: 15.547757593814149.
trail number 2671
[I 2025-07-18 04:01:32,978] Trial 2671 finished with value: 20.746516717440915 and parameters: {'C': 131.98177450588832, 'epsilon': 0.11035717061105957, 'gamma': 24.47276629265926}. Best is trial 906 with value: 15.547757593814149.
trail number 2674
[I 2025-07-18 04:01:33,035] Trial 2674 finished with value: 24.335091895392942 and parameters: {'C': 20.06423128482973, 'epsilon': 22.032861258112607, 'gamma': 39.94416358853956}. Best is trial 906 with value: 15.547757593814149.
trail number 2670
[I 2025-07-18 04:01:33,150] Trial 2670 finished with value: 22.4672856081138 and parameters: {'C': 793.3360656017395, 'epsilon': 0.09948907209663771, 'gamma': 98.2628519156268}. Best is trial 906 with value: 15.547757593814149.
trail number 2673
[I 2025-07-18 04:01:33,224] Trial 2673 finished with value: 19.982238620865523 and parameters: {'C': 66.4165776461428, 'epsilon': 0.3428989306931909, 'gamma': 32.027479516271164}. Best is trial 906 with value: 15.547757593814149.
trail number 2676
[I 2025-07-18 04:01:33,249] Trial 2676 finished with value: 23.156018622242918 and parameters: {'C': 576.7499580240557, 'epsilon': 26.45946545317577, 'gamma': 49.93451741504874}. Best is trial 906 with value: 15.547757593814149.
trail number 2678
[I 2025-07-18 04:01:33,305] Trial 2678 finished with value: 18.00063848802728 and parameters: {'C': 50.906527732081436, 'epsilon': 0.6986553833516118, 'gamma': 60.24159400735159}. Best is trial 906 with value: 15.547757593814149.
trail number 2683
[I 2025-07-18 04:01:33,484] Trial 2683 finished with value: 23.490537006116092 and parameters: {'C': 10.778902530726612, 'epsilon': 15.565592735457313, 'gamma': 58.6048717734352}. Best is trial 906 with value: 15.547757593814149.
trail number 2677
[I 2025-07-18 04:01:33,523] Trial 2677 finished with value: 18.075210363360227 and parameters: {'C': 771.2716427942314, 'epsilon': 0.06611662683583108, 'gamma': 50.93132657587513}. Best is trial 906 with value: 15.547757593814149.
trail number 2680
[I 2025-07-18 04:01:33,708] Trial 2680 finished with value: 26.15259351474142 and parameters: {'C': 759.8593419617578, 'epsilon': 16.051511169747716, 'gamma': 182.03296354592172}. Best is trial 906 with value: 15.547757593814149.
trail number 2684
[I 2025-07-18 04:01:33,725] Trial 2684 finished with value: 42.92413725168149 and parameters: {'C': 1.2361237419987248, 'epsilon': 16.234620207693485, 'gamma': 47.2060175373535}. Best is trial 906 with value: 15.547757593814149.
trail number 2682
[I 2025-07-18 04:01:33,797] Trial 2682 finished with value: 22.911123642057042 and parameters: {'C': 601.2196452824128, 'epsilon': 14.38798917353309, 'gamma': 175.82254150510124}. Best is trial 906 with value: 15.547757593814149.
trail number 2679
[I 2025-07-18 04:01:33,836] Trial 2679 finished with value: 20.332682258100903 and parameters: {'C': 662.8787659297266, 'epsilon': 0.46436324002256235, 'gamma': 73.96451831413847}. Best is trial 906 with value: 15.547757593814149.
trail number 2689
[I 2025-07-18 04:01:33,876] Trial 2689 finished with value: 82.4151836073697 and parameters: {'C': 5695.578896678873, 'epsilon': 119.13496250042519, 'gamma': 64.2859921016497}. Best is trial 906 with value: 15.547757593814149.
trail number 2681
[I 2025-07-18 04:01:34,021] Trial 2681 finished with value: 17.321687462313744 and parameters: {'C': 641.0505678752552, 'epsilon': 0.46084451722586584, 'gamma': 51.21675181980184}. Best is trial 906 with value: 15.547757593814149.
trail number 2688
[I 2025-07-18 04:01:34,035] Trial 2688 finished with value: 54.4680583898009 and parameters: {'C': 5933.285947792053, 'epsilon': 66.02706966584599, 'gamma': 432.95532297583145}. Best is trial 906 with value: 15.547757593814149.
trail number 2685
[I 2025-07-18 04:01:34,046] Trial 2685 finished with value: 19.619840684169297 and parameters: {'C': 691.7844691662542, 'epsilon': 0.3084250694275348, 'gamma': 60.18732592528042}. Best is trial 906 with value: 15.547757593814149.
trail number 2687
[I 2025-07-18 04:01:34,107] Trial 2687 finished with value: 18.21166592504867 and parameters: {'C': 115.98875694549152, 'epsilon': 0.032351163371545866, 'gamma': 121.27348061386503}. Best is trial 906 with value: 15.547757593814149.
trail number 2686
[I 2025-07-18 04:01:34,139] Trial 2686 finished with value: 32.11654958342186 and parameters: {'C': 2.4651384198304953, 'epsilon': 7.917649730812605, 'gamma': 79.67769708629872}. Best is trial 906 with value: 15.547757593814149.
trail number 2693
[I 2025-07-18 04:01:34,349] Trial 2693 finished with value: 22.302378763044317 and parameters: {'C': 692.535586152209, 'epsilon': 14.594125197679507, 'gamma': 26.295455855951914}. Best is trial 906 with value: 15.547757593814149.
trail number 2691
[I 2025-07-18 04:01:34,406] Trial 2691 finished with value: 22.955596001922274 and parameters: {'C': 11.027147094494751, 'epsilon': 10.831161248679585, 'gamma': 98.08229027960004}. Best is trial 906 with value: 15.547757593814149.
trail number 2695
[I 2025-07-18 04:01:34,455] Trial 2695 finished with value: 20.181898170457558 and parameters: {'C': 56.617348753908345, 'epsilon': 17.329217167617127, 'gamma': 70.13906647322831}. Best is trial 906 with value: 15.547757593814149.
trail number 2694
[I 2025-07-18 04:01:34,471] Trial 2694 finished with value: 18.40254295409367 and parameters: {'C': 130.7788168388077, 'epsilon': 0.02586005981634032, 'gamma': 111.0188869386177}. Best is trial 906 with value: 15.547757593814149.
trail number 2692
[I 2025-07-18 04:01:34,503] Trial 2692 finished with value: 19.09182051865034 and parameters: {'C': 26.93752722984553, 'epsilon': 0.44547525655164155, 'gamma': 49.91286564371927}. Best is trial 906 with value: 15.547757593814149.
trail number 2690
[I 2025-07-18 04:01:34,653] Trial 2690 finished with value: 16.83924305976405 and parameters: {'C': 642.5648381526188, 'epsilon': 0.07502834171880779, 'gamma': 42.564177384313666}. Best is trial 906 with value: 15.547757593814149.
trail number 2697
[I 2025-07-18 04:01:34,701] Trial 2697 finished with value: 41.292707565164825 and parameters: {'C': 2.1351267805995633, 'epsilon': 28.806532802136765, 'gamma': 91.86623974691346}. Best is trial 906 with value: 15.547757593814149.
trail number 2696
[I 2025-07-18 04:01:34,775] Trial 2696 finished with value: 17.944362777872364 and parameters: {'C': 63.18129512493631, 'epsilon': 0.66817466036844, 'gamma': 53.67896240000461}. Best is trial 906 with value: 15.547757593814149.
trail number 2701
[I 2025-07-18 04:01:34,917] Trial 2701 finished with value: 25.54006350953531 and parameters: {'C': 39.61649329190737, 'epsilon': 23.33005652852221, 'gamma': 133.6214619751275}. Best is trial 906 with value: 15.547757593814149.
trail number 2698
[I 2025-07-18 04:01:34,982] Trial 2698 finished with value: 23.283842690366615 and parameters: {'C': 1119.2125817718509, 'epsilon': 13.054485151192274, 'gamma': 119.24594913513735}. Best is trial 906 with value: 15.547757593814149.
trail number 2699
[I 2025-07-18 04:01:35,022] Trial 2699 finished with value: 25.479021691713463 and parameters: {'C': 1309.4687337120567, 'epsilon': 13.179227573793467, 'gamma': 125.82802230841683}. Best is trial 906 with value: 15.547757593814149.
trail number 2700
[I 2025-07-18 04:01:35,052] Trial 2700 finished with value: 22.514692713040542 and parameters: {'C': 491.85759539073547, 'epsilon': 0.03059443130813244, 'gamma': 146.431941596816}. Best is trial 906 with value: 15.547757593814149.
trail number 2703
[I 2025-07-18 04:01:35,079] Trial 2703 finished with value: 48.334575366569744 and parameters: {'C': 4224.237625415364, 'epsilon': 56.402538014894525, 'gamma': 255.38891088639832}. Best is trial 906 with value: 15.547757593814149.
trail number 2702
[I 2025-07-18 04:01:35,268] Trial 2702 finished with value: 22.71899824861643 and parameters: {'C': 605.0387586607795, 'epsilon': 15.960878070307515, 'gamma': 147.51318390671034}. Best is trial 906 with value: 15.547757593814149.
trail number 2705
[I 2025-07-18 04:01:35,404] Trial 2705 finished with value: 21.711605143267796 and parameters: {'C': 858.0933846786056, 'epsilon': 12.362210843992045, 'gamma': 94.57021732961293}. Best is trial 906 with value: 15.547757593814149.
trail number 2704
[I 2025-07-18 04:01:35,448] Trial 2704 finished with value: 16.657854715703024 and parameters: {'C': 75.76885122323134, 'epsilon': 0.6351377828331071, 'gamma': 67.14867191312632}. Best is trial 906 with value: 15.547757593814149.
trail number 2707
[I 2025-07-18 04:01:35,615] Trial 2707 finished with value: 20.965073625291424 and parameters: {'C': 551.6525123147482, 'epsilon': 0.3532896904005858, 'gamma': 88.1807897750079}. Best is trial 906 with value: 15.547757593814149.
trail number 2710
[I 2025-07-18 04:01:35,684] Trial 2710 finished with value: 50.95527359589936 and parameters: {'C': 453.42303053495453, 'epsilon': 13.087022082425047, 'gamma': 2.983957729443354}. Best is trial 906 with value: 15.547757593814149.
trail number 2709
[I 2025-07-18 04:01:35,783] Trial 2709 finished with value: 20.953390456174958 and parameters: {'C': 676.3760414793459, 'epsilon': 12.605782950997453, 'gamma': 95.15140465404689}. Best is trial 906 with value: 15.547757593814149.
trail number 2712
[I 2025-07-18 04:01:35,876] Trial 2712 finished with value: 40.43733704835514 and parameters: {'C': 14.938307745978264, 'epsilon': 12.41412179736907, 'gamma': 14.225839737167092}. Best is trial 906 with value: 15.547757593814149.
trail number 2713
[I 2025-07-18 04:01:36,018] Trial 2713 finished with value: 19.975219346408217 and parameters: {'C': 107.807170932049, 'epsilon': 0.046407902523816214, 'gamma': 32.38129722483551}. Best is trial 906 with value: 15.547757593814149.
trail number 2711
[I 2025-07-18 04:01:36,114] Trial 2711 finished with value: 59.94988445186972 and parameters: {'C': 790.9974666999885, 'epsilon': 0.751623608186998, 'gamma': 8.810860816261894}. Best is trial 906 with value: 15.547757593814149.
trail number 2715
[I 2025-07-18 04:01:36,250] Trial 2715 finished with value: 23.055095519300746 and parameters: {'C': 755.3130010814322, 'epsilon': 12.209969816490066, 'gamma': 129.4479367832066}. Best is trial 906 with value: 15.547757593814149.
trail number 2708
[I 2025-07-18 04:01:36,334] Trial 2708 finished with value: 26.085295724778945 and parameters: {'C': 1429.096257265618, 'epsilon': 0.28016961165563414, 'gamma': 125.66300611248975}. Best is trial 906 with value: 15.547757593814149.
trail number 2716
[I 2025-07-18 04:01:36,507] Trial 2716 finished with value: 22.629067346300424 and parameters: {'C': 1464.0647980423755, 'epsilon': 12.14089201639885, 'gamma': 67.01731710266662}. Best is trial 906 with value: 15.547757593814149.
trail number 2717
[I 2025-07-18 04:01:36,522] Trial 2717 finished with value: 22.08841493382752 and parameters: {'C': 544.9085723742279, 'epsilon': 17.659048316421018, 'gamma': 100.11030075590189}. Best is trial 906 with value: 15.547757593814149.
trail number 2718
[I 2025-07-18 04:01:36,548] Trial 2718 finished with value: 20.712091737576667 and parameters: {'C': 13.256834071304269, 'epsilon': 1.105004005349944, 'gamma': 79.21014385858743}. Best is trial 906 with value: 15.547757593814149.
trail number 2714
[I 2025-07-18 04:01:36,606] Trial 2714 finished with value: 16.94745665469778 and parameters: {'C': 694.8629341444564, 'epsilon': 0.06981072205421279, 'gamma': 41.14558217445831}. Best is trial 906 with value: 15.547757593814149.
trail number 2719
[I 2025-07-18 04:01:36,700] Trial 2719 finished with value: 26.327603268802495 and parameters: {'C': 6.595200188134328, 'epsilon': 14.053287123700702, 'gamma': 51.51540416999779}. Best is trial 906 with value: 15.547757593814149.
trail number 2720
[I 2025-07-18 04:01:36,786] Trial 2720 finished with value: 77.95161637180541 and parameters: {'C': 1408.9823300339688, 'epsilon': 63.75272575118641, 'gamma': 9.104019007062817}. Best is trial 906 with value: 15.547757593814149.
trail number 2722
[I 2025-07-18 04:01:36,832] Trial 2722 finished with value: 46.940774747412966 and parameters: {'C': 35.50894683875174, 'epsilon': 0.11031720177203952, 'gamma': 3.2414314569900853}. Best is trial 906 with value: 15.547757593814149.
trail number 2726
[I 2025-07-18 04:01:37,032] Trial 2726 finished with value: 23.101779308607323 and parameters: {'C': 32.44853988781342, 'epsilon': 17.56473519806315, 'gamma': 135.3689281160746}. Best is trial 906 with value: 15.547757593814149.
trail number 2725
[I 2025-07-18 04:01:37,071] Trial 2725 finished with value: 18.48402412607903 and parameters: {'C': 665.216341384626, 'epsilon': 15.71409912594689, 'gamma': 57.05618810684468}. Best is trial 906 with value: 15.547757593814149.
trail number 2723
[I 2025-07-18 04:01:37,082] Trial 2723 finished with value: 22.12980344648618 and parameters: {'C': 625.0007587417222, 'epsilon': 16.789031133698217, 'gamma': 121.7537273343398}. Best is trial 906 with value: 15.547757593814149.
trail number 2721
[I 2025-07-18 04:01:37,082] Trial 2721 finished with value: 16.844759279920652 and parameters: {'C': 109.18921405910677, 'epsilon': 0.17117572455383911, 'gamma': 82.81056300099262}. Best is trial 906 with value: 15.547757593814149.
trail number 2724
[I 2025-07-18 04:01:37,235] Trial 2724 finished with value: 16.980953376402052 and parameters: {'C': 92.96987127424309, 'epsilon': 0.053860011503734206, 'gamma': 85.97421568017505}. Best is trial 906 with value: 15.547757593814149.
trail number 2728
[I 2025-07-18 04:01:37,458] Trial 2728 finished with value: 22.64723381594223 and parameters: {'C': 1359.1414931910938, 'epsilon': 16.945102881542645, 'gamma': 17.197774171019702}. Best is trial 906 with value: 15.547757593814149.
trail number 2730
[I 2025-07-18 04:01:37,565] Trial 2730 finished with value: 47.25303113013298 and parameters: {'C': 63.76766158576095, 'epsilon': 1.6081470873319552, 'gamma': 2.3840236212891313}. Best is trial 906 with value: 15.547757593814149.
trail number 2729
[I 2025-07-18 04:01:37,683] Trial 2729 finished with value: 18.37288113068528 and parameters: {'C': 1121.4065893189193, 'epsilon': 12.235186661431687, 'gamma': 49.9307688304733}. Best is trial 906 with value: 15.547757593814149.
trail number 2706
[I 2025-07-18 04:01:37,701] Trial 2706 finished with value: 31.06810713373436 and parameters: {'C': 4406.414917327853, 'epsilon': 3.725865500801625, 'gamma': 118.44088932642822}. Best is trial 906 with value: 15.547757593814149.
trail number 2732
[I 2025-07-18 04:01:37,778] Trial 2732 finished with value: 20.978739177944206 and parameters: {'C': 16.19781116238363, 'epsilon': 1.09944905398289, 'gamma': 41.88484361604074}. Best is trial 906 with value: 15.547757593814149.
trail number 2727
[I 2025-07-18 04:01:37,839] Trial 2727 finished with value: 26.957004368994255 and parameters: {'C': 1448.5441744897685, 'epsilon': 0.04110410545285542, 'gamma': 129.04662080715656}. Best is trial 906 with value: 15.547757593814149.
trail number 2737
[I 2025-07-18 04:01:38,059] Trial 2737 finished with value: 21.1338188796632 and parameters: {'C': 37.363348520400265, 'epsilon': 13.430269458212774, 'gamma': 96.93448970037133}. Best is trial 906 with value: 15.547757593814149.
trail number 2731
[I 2025-07-18 04:01:38,088] Trial 2731 finished with value: 21.482027822209268 and parameters: {'C': 658.3393550507024, 'epsilon': 0.30327446164068805, 'gamma': 97.94277094987336}. Best is trial 906 with value: 15.547757593814149.
trail number 2736
[I 2025-07-18 04:01:38,110] Trial 2736 finished with value: 26.557595768488262 and parameters: {'C': 6.65727257244167, 'epsilon': 13.338894415886983, 'gamma': 94.16329960019081}. Best is trial 906 with value: 15.547757593814149.
trail number 2738
[I 2025-07-18 04:01:38,110] Trial 2738 finished with value: 72.68927748910825 and parameters: {'C': 2552.349132265938, 'epsilon': 101.13945527149784, 'gamma': 78.07211293423671}. Best is trial 906 with value: 15.547757593814149.
trail number 2734
[I 2025-07-18 04:01:38,130] Trial 2734 finished with value: 19.650625885452182 and parameters: {'C': 572.3012331280017, 'epsilon': 15.603664482874754, 'gamma': 73.26044071858212}. Best is trial 906 with value: 15.547757593814149.
trail number 2733
[I 2025-07-18 04:01:38,136] Trial 2733 finished with value: 19.94994697140547 and parameters: {'C': 557.6924913702014, 'epsilon': 0.16912234943097512, 'gamma': 72.23639193859944}. Best is trial 906 with value: 15.547757593814149.
trail number 2743
[I 2025-07-18 04:01:38,488] Trial 2743 finished with value: 17.86598033034601 and parameters: {'C': 763.9179023307993, 'epsilon': 12.637793191915176, 'gamma': 50.983601161862424}. Best is trial 906 with value: 15.547757593814149.
trail number 2742
[I 2025-07-18 04:01:38,611] Trial 2742 finished with value: 50.591062672652136 and parameters: {'C': 660.3879028585437, 'epsilon': 18.403387571670624, 'gamma': 2.4197490632671332}. Best is trial 906 with value: 15.547757593814149.
trail number 2740
[I 2025-07-18 04:01:38,632] Trial 2740 finished with value: 19.401181764174254 and parameters: {'C': 32.13759136513511, 'epsilon': 1.673342104027648, 'gamma': 137.9625841203692}. Best is trial 906 with value: 15.547757593814149.
trail number 2744
[I 2025-07-18 04:01:38,712] Trial 2744 finished with value: 22.55323698013123 and parameters: {'C': 42.448504463059265, 'epsilon': 13.874506646493435, 'gamma': 167.51711478855177}. Best is trial 906 with value: 15.547757593814149.
trail number 2741
[I 2025-07-18 04:01:38,883] Trial 2741 finished with value: 24.033161108687743 and parameters: {'C': 1477.9912658289252, 'epsilon': 0.42816359749086197, 'gamma': 93.97715265617381}. Best is trial 906 with value: 15.547757593814149.
trail number 2747
[I 2025-07-18 04:01:38,944] Trial 2747 finished with value: 57.351978761530255 and parameters: {'C': 5188.83464196228, 'epsilon': 48.50179938135394, 'gamma': 470.1572621763954}. Best is trial 906 with value: 15.547757593814149.
trail number 2739
[I 2025-07-18 04:01:38,956] Trial 2739 finished with value: 23.44096637758259 and parameters: {'C': 661.5814320845404, 'epsilon': 0.5540463580079905, 'gamma': 146.5451256740185}. Best is trial 906 with value: 15.547757593814149.
trail number 2735
