[I 2025-07-18 03:58:24,419] Trial 357 finished with value: 63.68421793325706 and parameters: {'C': 801.8470755462336, 'epsilon': 20.222450456187435, 'gamma': 7.582718208357669}. Best is trial 331 with value: 15.7197636232894.
trail number 356
[I 2025-07-18 03:58:24,426] Trial 356 finished with value: 20.74232310418975 and parameters: {'C': 943.4275701219957, 'epsilon': 16.05186625127695, 'gamma': 40.61353511765256}. Best is trial 331 with value: 15.7197636232894.
trail number 338
[I 2025-07-18 03:58:24,430] Trial 338 finished with value: 38.5659729637476 and parameters: {'C': 4562.188784847494, 'epsilon': 20.282638123217993, 'gamma': 368.31948201952207}. Best is trial 331 with value: 15.7197636232894.
trail number 359
[I 2025-07-18 03:58:24,471] Trial 359 finished with value: 45.024492484065206 and parameters: {'C': 869.8117580953357, 'epsilon': 1.3039064591200717, 'gamma': 0.6763792201067176}. Best is trial 331 with value: 15.7197636232894.
trail number 362
[I 2025-07-18 03:58:24,668] Trial 362 finished with value: 23.683908625635063 and parameters: {'C': 762.3148698478527, 'epsilon': 21.321129263518554, 'gamma': 83.4633221480861}. Best is trial 331 with value: 15.7197636232894.
trail number 364
[I 2025-07-18 03:58:24,725] Trial 364 finished with value: 20.575872548718966 and parameters: {'C': 91.65251732926745, 'epsilon': 21.374771643373197, 'gamma': 28.57196457737485}. Best is trial 331 with value: 15.7197636232894.
trail number 365
[I 2025-07-18 03:58:24,755] Trial 365 finished with value: 19.04093062456075 and parameters: {'C': 32.62098045967288, 'epsilon': 0.16481013600044037, 'gamma': 47.029246615566464}. Best is trial 331 with value: 15.7197636232894.
trail number 361
[I 2025-07-18 03:58:24,836] Trial 361 finished with value: 18.560118720134575 and parameters: {'C': 51.27537343802595, 'epsilon': 0.8769298454298162, 'gamma': 50.89694185266584}. Best is trial 331 with value: 15.7197636232894.
trail number 366
[I 2025-07-18 03:58:24,998] Trial 366 finished with value: 17.519485138703402 and parameters: {'C': 164.09216920060317, 'epsilon': 1.248744102256629, 'gamma': 47.162711458325006}. Best is trial 331 with value: 15.7197636232894.
trail number 368
[I 2025-07-18 03:58:25,032] Trial 368 finished with value: 20.52465143903732 and parameters: {'C': 13.779905218713992, 'epsilon': 0.34002848655635765, 'gamma': 51.89114539083071}. Best is trial 331 with value: 15.7197636232894.
trail number 360
[I 2025-07-18 03:58:25,113] Trial 360 finished with value: 39.169165654466475 and parameters: {'C': 4955.770265059927, 'epsilon': 35.54357841989232, 'gamma': 256.2901949025219}. Best is trial 331 with value: 15.7197636232894.
trail number 371
[I 2025-07-18 03:58:25,207] Trial 371 finished with value: 24.47089945741337 and parameters: {'C': 96.42958769458211, 'epsilon': 23.052834610006613, 'gamma': 125.44746288887465}. Best is trial 331 with value: 15.7197636232894.
trail number 370
[I 2025-07-18 03:58:25,272] Trial 370 finished with value: 48.50091439878881 and parameters: {'C': 5.504258428972406, 'epsilon': 2.815370356713932, 'gamma': 4.605121365476478}. Best is trial 331 with value: 15.7197636232894.
trail number 374
[I 2025-07-18 03:58:25,310] Trial 374 finished with value: 69.70734257623363 and parameters: {'C': 3447.4070450906283, 'epsilon': 94.05018631395725, 'gamma': 236.86255964111788}. Best is trial 331 with value: 15.7197636232894.
trail number 373
[I 2025-07-18 03:58:25,359] Trial 373 finished with value: 31.16424440388294 and parameters: {'C': 9.101853452702699, 'epsilon': 23.966252010490322, 'gamma': 129.47355476522375}. Best is trial 331 with value: 15.7197636232894.
trail number 363
[I 2025-07-18 03:58:25,366] Trial 363 finished with value: 21.96394961302683 and parameters: {'C': 819.1667091243025, 'epsilon': 1.7438605465608672, 'gamma': 79.72967643866161}. Best is trial 331 with value: 15.7197636232894.
trail number 372
[I 2025-07-18 03:58:25,381] Trial 372 finished with value: 46.24233125807199 and parameters: {'C': 1986.3776920424536, 'epsilon': 44.42188056517211, 'gamma': 388.4358433086736}. Best is trial 331 with value: 15.7197636232894.
trail number 367
[I 2025-07-18 03:58:25,590] Trial 367 finished with value: 21.09495820914284 and parameters: {'C': 838.7464155045009, 'epsilon': 0.5092494064773767, 'gamma': 73.804985914776}. Best is trial 331 with value: 15.7197636232894.
trail number 377
[I 2025-07-18 03:58:25,651] Trial 377 finished with value: 20.80705364104382 and parameters: {'C': 62.006203792472036, 'epsilon': 21.77478660155919, 'gamma': 51.83578555424456}. Best is trial 331 with value: 15.7197636232894.
trail number 375
[I 2025-07-18 03:58:25,735] Trial 375 finished with value: 23.160847833038467 and parameters: {'C': 832.3367733646934, 'epsilon': 12.77236384936035, 'gamma': 112.83852721522031}. Best is trial 331 with value: 15.7197636232894.
trail number 378
[I 2025-07-18 03:58:25,807] Trial 378 finished with value: 22.52172079947996 and parameters: {'C': 630.903177967933, 'epsilon': 18.14726262403564, 'gamma': 98.56922624735589}. Best is trial 331 with value: 15.7197636232894.
trail number 379
[I 2025-07-18 03:58:25,921] Trial 379 finished with value: 23.411709749489475 and parameters: {'C': 18.88087284857363, 'epsilon': 15.557213733322392, 'gamma': 134.53883612500647}. Best is trial 331 with value: 15.7197636232894.
trail number 369
[I 2025-07-18 03:58:25,929] Trial 369 finished with value: 18.871140045729497 and parameters: {'C': 1134.3987196722046, 'epsilon': 0.1682945958027542, 'gamma': 34.337106900536305}. Best is trial 331 with value: 15.7197636232894.
trail number 382
[I 2025-07-18 03:58:26,112] Trial 382 finished with value: 32.54013667909684 and parameters: {'C': 3.863513412329695, 'epsilon': 19.188723048561542, 'gamma': 68.90907285696835}. Best is trial 331 with value: 15.7197636232894.
trail number 381
[I 2025-07-18 03:58:26,119] Trial 381 finished with value: 19.312282841464814 and parameters: {'C': 1025.253393773708, 'epsilon': 15.364194692930514, 'gamma': 69.83853963252076}. Best is trial 331 with value: 15.7197636232894.
trail number 376
[I 2025-07-18 03:58:26,136] Trial 376 finished with value: 25.540558755622836 and parameters: {'C': 981.6198307874523, 'epsilon': 1.3956568407345609, 'gamma': 140.1660046427437}. Best is trial 331 with value: 15.7197636232894.
trail number 380
[I 2025-07-18 03:58:26,152] Trial 380 finished with value: 20.08700770547005 and parameters: {'C': 900.4040211720576, 'epsilon': 13.947619743698686, 'gamma': 73.5859950672195}. Best is trial 331 with value: 15.7197636232894.
trail number 385
[I 2025-07-18 03:58:26,161] Trial 385 finished with value: 81.08342952191046 and parameters: {'C': 1887.8490386084059, 'epsilon': 112.53698916241417, 'gamma': 386.22742398226114}. Best is trial 331 with value: 15.7197636232894.
trail number 386
[I 2025-07-18 03:58:26,259] Trial 386 finished with value: 32.970606810269565 and parameters: {'C': 2810.937080258229, 'epsilon': 50.69424214841389, 'gamma': 51.31306444050392}. Best is trial 331 with value: 15.7197636232894.
trail number 383
[I 2025-07-18 03:58:26,309] Trial 383 finished with value: 39.621889703753006 and parameters: {'C': 51.53576309838637, 'epsilon': 19.71888592042683, 'gamma': 17.68141287127205}. Best is trial 331 with value: 15.7197636232894.
trail number 388
[I 2025-07-18 03:58:26,447] Trial 388 finished with value: 22.180657996957454 and parameters: {'C': 20.65896677197867, 'epsilon': 16.07900798716498, 'gamma': 99.80108240148886}. Best is trial 331 with value: 15.7197636232894.
trail number 384
[I 2025-07-18 03:58:26,466] Trial 384 finished with value: 20.397008086277047 and parameters: {'C': 1075.664613098645, 'epsilon': 15.571434576867127, 'gamma': 79.6060505037923}. Best is trial 331 with value: 15.7197636232894.
trail number 387
[I 2025-07-18 03:58:26,596] Trial 387 finished with value: 21.70204119416729 and parameters: {'C': 482.34927192822784, 'epsilon': 1.2172332865795101, 'gamma': 119.50835990084215}. Best is trial 331 with value: 15.7197636232894.
trail number 389
[I 2025-07-18 03:58:26,692] Trial 389 finished with value: 17.28163293975293 and parameters: {'C': 114.69358176563904, 'epsilon': 0.9215321174886423, 'gamma': 99.8472483655637}. Best is trial 331 with value: 15.7197636232894.
trail number 391
[I 2025-07-18 03:58:26,893] Trial 391 finished with value: 16.284711793276024 and parameters: {'C': 159.2930771092441, 'epsilon': 0.04923726016098362, 'gamma': 71.66076300250047}. Best is trial 331 with value: 15.7197636232894.
trail number 393
[I 2025-07-18 03:58:26,912] Trial 393 finished with value: 18.066446177581092 and parameters: {'C': 90.31281088872474, 'epsilon': 7.042778066005237, 'gamma': 89.00658672128434}. Best is trial 331 with value: 15.7197636232894.
trail number 390
[I 2025-07-18 03:58:26,913] Trial 390 finished with value: 22.82551888832718 and parameters: {'C': 1034.6858040494349, 'epsilon': 1.7965318467119968, 'gamma': 121.66804767986021}. Best is trial 331 with value: 15.7197636232894.
trail number 392
[I 2025-07-18 03:58:26,923] Trial 392 finished with value: 18.14539832532615 and parameters: {'C': 29.682830133542808, 'epsilon': 0.8713072557487188, 'gamma': 82.88119025043997}. Best is trial 331 with value: 15.7197636232894.
trail number 394
[I 2025-07-18 03:58:27,036] Trial 394 finished with value: 20.444147818115695 and parameters: {'C': 574.0510334365922, 'epsilon': 0.04995426108010159, 'gamma': 79.15983902194223}. Best is trial 331 with value: 15.7197636232894.
trail number 395
[I 2025-07-18 03:58:27,046] Trial 395 finished with value: 20.604293047635466 and parameters: {'C': 20.366860056321627, 'epsilon': 10.561030933436871, 'gamma': 60.46500328137227}. Best is trial 331 with value: 15.7197636232894.
trail number 397
[I 2025-07-18 03:58:27,222] Trial 397 finished with value: 21.876887974368604 and parameters: {'C': 1004.6876943844281, 'epsilon': 18.350557427505912, 'gamma': 18.54069148825078}. Best is trial 331 with value: 15.7197636232894.
trail number 400
[I 2025-07-18 03:58:27,330] Trial 400 finished with value: 22.14867292836914 and parameters: {'C': 1050.136192760601, 'epsilon': 19.353312246485018, 'gamma': 45.37340069507184}. Best is trial 331 with value: 15.7197636232894.
trail number 396
[I 2025-07-18 03:58:27,339] Trial 396 finished with value: 43.781000555374234 and parameters: {'C': 11.312194549307748, 'epsilon': 7.498922695326501, 'gamma': 8.955294095489556}. Best is trial 331 with value: 15.7197636232894.
trail number 398
[I 2025-07-18 03:58:27,373] Trial 398 finished with value: 20.22610961469993 and parameters: {'C': 18.846958619308424, 'epsilon': 2.0862228491559716, 'gamma': 53.41732689138409}. Best is trial 331 with value: 15.7197636232894.
trail number 399
[I 2025-07-18 03:58:27,451] Trial 399 finished with value: 18.800173202606373 and parameters: {'C': 749.9098724339267, 'epsilon': 15.210566262287509, 'gamma': 66.41027613924818}. Best is trial 331 with value: 15.7197636232894.
trail number 401
[I 2025-07-18 03:58:27,510] Trial 401 finished with value: 45.977174274533 and parameters: {'C': 60.29745399367074, 'epsilon': 0.33283251129006985, 'gamma': 4.481356051048593}. Best is trial 331 with value: 15.7197636232894.
trail number 402
[I 2025-07-18 03:58:27,532] Trial 402 finished with value: 21.531087073855822 and parameters: {'C': 875.296618997807, 'epsilon': 16.560166998978453, 'gamma': 19.126623001021514}. Best is trial 331 with value: 15.7197636232894.
trail number 403
[I 2025-07-18 03:58:27,655] Trial 403 finished with value: 47.24110323758403 and parameters: {'C': 332.31886586861043, 'epsilon': 0.5685841702071497, 'gamma': 1.8086410246907576}. Best is trial 331 with value: 15.7197636232894.
trail number 409
[I 2025-07-18 03:58:27,686] Trial 409 finished with value: 70.92363178896207 and parameters: {'C': 5894.555629357894, 'epsilon': 95.88890923894596, 'gamma': 244.51824129209027}. Best is trial 331 with value: 15.7197636232894.
trail number 405
[I 2025-07-18 03:58:27,844] Trial 405 finished with value: 44.719448639968014 and parameters: {'C': 21.409856899278303, 'epsilon': 0.21956994628614446, 'gamma': 7.13635608563952}. Best is trial 331 with value: 15.7197636232894.
trail number 411
[I 2025-07-18 03:58:27,890] Trial 411 finished with value: 61.74942833247205 and parameters: {'C': 2421.131615070153, 'epsilon': 84.03362982348, 'gamma': 122.84350692184871}. Best is trial 331 with value: 15.7197636232894.
trail number 408
[I 2025-07-18 03:58:28,089] Trial 408 finished with value: 24.23705704204307 and parameters: {'C': 1072.9651355307508, 'epsilon': 3.191858156498107, 'gamma': 102.84048444923539}. Best is trial 331 with value: 15.7197636232894.
trail number 407
[I 2025-07-18 03:58:28,096] Trial 407 finished with value: 20.923032128498143 and parameters: {'C': 156.37825327830132, 'epsilon': 2.611059533225176, 'gamma': 208.27851556628514}. Best is trial 331 with value: 15.7197636232894.
trail number 410
[I 2025-07-18 03:58:28,183] Trial 410 finished with value: 27.341823788119136 and parameters: {'C': 692.5622530468527, 'epsilon': 10.847403314663364, 'gamma': 222.22787150693608}. Best is trial 331 with value: 15.7197636232894.
trail number 415
[I 2025-07-18 03:58:28,219] Trial 415 finished with value: 75.97320544514706 and parameters: {'C': 473.52530779189146, 'epsilon': 100.85675859494313, 'gamma': 498.7267785674278}. Best is trial 331 with value: 15.7197636232894.
trail number 404
[I 2025-07-18 03:58:28,229] Trial 404 finished with value: 21.951972995229575 and parameters: {'C': 906.6643714459784, 'epsilon': 1.375506138943651, 'gamma': 70.42282404145622}. Best is trial 331 with value: 15.7197636232894.
trail number 412
[I 2025-07-18 03:58:28,326] Trial 412 finished with value: 27.560557625787443 and parameters: {'C': 1023.5353459464623, 'epsilon': 19.454387080031555, 'gamma': 171.93957955889235}. Best is trial 331 with value: 15.7197636232894.
trail number 413
[I 2025-07-18 03:58:28,372] Trial 413 finished with value: 21.90775856324255 and parameters: {'C': 158.91195869338134, 'epsilon': 10.975851320413174, 'gamma': 207.27521739887044}. Best is trial 331 with value: 15.7197636232894.
trail number 406
[I 2025-07-18 03:58:28,482] Trial 406 finished with value: 23.323356903213366 and parameters: {'C': 902.9092663356114, 'epsilon': 0.45490235058448825, 'gamma': 101.69856202765746}. Best is trial 331 with value: 15.7197636232894.
trail number 420
[I 2025-07-18 03:58:28,513] Trial 420 finished with value: 76.3822456322508 and parameters: {'C': 1624.379807768231, 'epsilon': 107.77605881505701, 'gamma': 66.23501141604626}. Best is trial 331 with value: 15.7197636232894.
trail number 419
[I 2025-07-18 03:58:28,528] Trial 419 finished with value: 22.928706903076254 and parameters: {'C': 34.44143038013884, 'epsilon': 22.337678909800555, 'gamma': 74.71056524215655}. Best is trial 331 with value: 15.7197636232894.
trail number 417
[I 2025-07-18 03:58:28,594] Trial 417 finished with value: 21.555300947350894 and parameters: {'C': 67.37812266933845, 'epsilon': 13.9093368117936, 'gamma': 150.04757130526752}. Best is trial 331 with value: 15.7197636232894.
trail number 418
[I 2025-07-18 03:58:28,634] Trial 418 finished with value: 23.305103832486868 and parameters: {'C': 11.500228082927691, 'epsilon': 14.489892175623169, 'gamma': 88.98769715949976}. Best is trial 331 with value: 15.7197636232894.
trail number 416
[I 2025-07-18 03:58:28,732] Trial 416 finished with value: 23.54601825775307 and parameters: {'C': 940.5841994890222, 'epsilon': 0.12577063562749302, 'gamma': 26.469589571693028}. Best is trial 331 with value: 15.7197636232894.
trail number 425
[I 2025-07-18 03:58:28,901] Trial 425 finished with value: 28.194059469940886 and parameters: {'C': 8.654244091478574, 'epsilon': 18.142814687741026, 'gamma': 137.47893202293284}. Best is trial 331 with value: 15.7197636232894.
trail number 421
[I 2025-07-18 03:58:28,916] Trial 421 finished with value: 20.113642341208138 and parameters: {'C': 33.36845176460946, 'epsilon': 9.5063671123274, 'gamma': 118.9621701774231}. Best is trial 331 with value: 15.7197636232894.
trail number 426
[I 2025-07-18 03:58:28,962] Trial 426 finished with value: 61.578467272777935 and parameters: {'C': 4480.056564023449, 'epsilon': 78.576222145233, 'gamma': 360.8722227490312}. Best is trial 331 with value: 15.7197636232894.
trail number 424
[I 2025-07-18 03:58:29,089] Trial 424 finished with value: 27.044706767025936 and parameters: {'C': 4.426791350022256, 'epsilon': 3.18490556194182, 'gamma': 90.89587679771563}. Best is trial 331 with value: 15.7197636232894.
trail number 422
[I 2025-07-18 03:58:29,124] Trial 422 finished with value: 19.842633155550466 and parameters: {'C': 1052.1146801622117, 'epsilon': 1.0867847330988711, 'gamma': 54.90222155535884}. Best is trial 331 with value: 15.7197636232894.
trail number 414
[I 2025-07-18 03:58:29,209] Trial 414 finished with value: 25.141698450858406 and parameters: {'C': 1321.7743128045968, 'epsilon': 1.9215463119807459, 'gamma': 86.74039809157668}. Best is trial 331 with value: 15.7197636232894.
trail number 428
[I 2025-07-18 03:58:29,246] Trial 428 finished with value: 17.25201799102114 and parameters: {'C': 51.835281459384035, 'epsilon': 1.8335844878661929, 'gamma': 70.42254825745641}. Best is trial 331 with value: 15.7197636232894.
trail number 432
[I 2025-07-18 03:58:29,414] Trial 432 finished with value: 21.0595037763625 and parameters: {'C': 57.458664747633534, 'epsilon': 18.757611180425535, 'gamma': 75.72777544499937}. Best is trial 331 with value: 15.7197636232894.
trail number 423
[I 2025-07-18 03:58:29,553] Trial 423 finished with value: 20.291584375873647 and parameters: {'C': 888.6763547604066, 'epsilon': 0.04673946711533539, 'gamma': 57.08662554457618}. Best is trial 331 with value: 15.7197636232894.
trail number 431
[I 2025-07-18 03:58:29,562] Trial 431 finished with value: 19.307871858877185 and parameters: {'C': 39.98136946607548, 'epsilon': 12.654887099117904, 'gamma': 52.05711165379855}. Best is trial 331 with value: 15.7197636232894.
trail number 430
[I 2025-07-18 03:58:29,736] Trial 430 finished with value: 20.86795662416969 and parameters: {'C': 584.4710186926305, 'epsilon': 0.019591028092614315, 'gamma': 108.9934706580789}. Best is trial 331 with value: 15.7197636232894.
trail number 427
[I 2025-07-18 03:58:29,934] Trial 427 finished with value: 23.873505593635162 and parameters: {'C': 1000.2980690485986, 'epsilon': 2.5132133237435954, 'gamma': 104.09902297860373}. Best is trial 331 with value: 15.7197636232894.
trail number 434
[I 2025-07-18 03:58:29,973] Trial 434 finished with value: 30.53529933324653 and parameters: {'C': 913.488938299882, 'epsilon': 21.045457629322822, 'gamma': 15.972555586868872}. Best is trial 331 with value: 15.7197636232894.
trail number 436
[I 2025-07-18 03:58:29,996] Trial 436 finished with value: 44.8677374252059 and parameters: {'C': 859.5817793629171, 'epsilon': 15.448673325445684, 'gamma': 0.8091314748876357}. Best is trial 331 with value: 15.7197636232894.
trail number 429
[I 2025-07-18 03:58:30,063] Trial 429 finished with value: 17.788392909923523 and parameters: {'C': 1069.4594854701809, 'epsilon': 0.18894038658154413, 'gamma': 43.62332780482506}. Best is trial 331 with value: 15.7197636232894.
trail number 439
[I 2025-07-18 03:58:30,114] Trial 439 finished with value: 40.23839784195628 and parameters: {'C': 416.29813694570277, 'epsilon': 52.66504708393145, 'gamma': 102.75384232925958}. Best is trial 331 with value: 15.7197636232894.
trail number 433
[I 2025-07-18 03:58:30,121] Trial 433 finished with value: 22.494805303603343 and parameters: {'C': 611.1326506947217, 'epsilon': 1.0044137689635915, 'gamma': 111.6247560765958}. Best is trial 331 with value: 15.7197636232894.
trail number 437
[I 2025-07-18 03:58:30,128] Trial 437 finished with value: 54.938851980327925 and parameters: {'C': 2645.3394134864343, 'epsilon': 70.30836951746056, 'gamma': 256.0474742393587}. Best is trial 331 with value: 15.7197636232894.
trail number 441
[I 2025-07-18 03:58:30,338] Trial 441 finished with value: 38.528842886296204 and parameters: {'C': 1.8507435965402266, 'epsilon': 12.672830875321324, 'gamma': 44.732392502295234}. Best is trial 331 with value: 15.7197636232894.
trail number 438
[I 2025-07-18 03:58:30,358] Trial 438 finished with value: 36.589159043280745 and parameters: {'C': 20.370707917720466, 'epsilon': 17.804060634227973, 'gamma': 17.541383343802302}. Best is trial 331 with value: 15.7197636232894.
trail number 440
[I 2025-07-18 03:58:30,358] Trial 440 finished with value: 21.572094369605008 and parameters: {'C': 53.00238466953982, 'epsilon': 18.41207228379923, 'gamma': 100.13619407563645}. Best is trial 331 with value: 15.7197636232894.
trail number 435
[I 2025-07-18 03:58:30,372] Trial 435 finished with value: 27.412137634873403 and parameters: {'C': 5606.562164292701, 'epsilon': 21.02372424238441, 'gamma': 30.20557080432593}. Best is trial 331 with value: 15.7197636232894.
trail number 442
[I 2025-07-18 03:58:30,423] Trial 442 finished with value: 21.7822652037935 and parameters: {'C': 72.96418799542582, 'epsilon': 18.43524091137686, 'gamma': 112.39879633334556}. Best is trial 331 with value: 15.7197636232894.
trail number 443
[I 2025-07-18 03:58:30,517] Trial 443 finished with value: 25.077528855196928 and parameters: {'C': 951.4717911373473, 'epsilon': 21.666493942360525, 'gamma': 99.04214575479318}. Best is trial 331 with value: 15.7197636232894.
trail number 446
[I 2025-07-18 03:58:30,559] Trial 446 finished with value: 55.555799288045044 and parameters: {'C': 3838.715246932418, 'epsilon': 66.4745039054055, 'gamma': 494.1463015869143}. Best is trial 331 with value: 15.7197636232894.
trail number 447
[I 2025-07-18 03:58:30,739] Trial 447 finished with value: 19.57755664716756 and parameters: {'C': 174.22332797774948, 'epsilon': 1.035261327860339, 'gamma': 121.4620727304657}. Best is trial 331 with value: 15.7197636232894.
trail number 449
