[I 2025-07-18 04:00:48,023] Trial 2131 finished with value: 19.111004980479052 and parameters: {'C': 655.8327121148074, 'epsilon': 14.274173931489447, 'gamma': 42.601413955950335}. Best is trial 906 with value: 15.547757593814149.
trail number 2133
[I 2025-07-18 04:00:48,038] Trial 2133 finished with value: 25.444129743747773 and parameters: {'C': 815.6762279112991, 'epsilon': 28.762111315833277, 'gamma': 78.71087094556444}. Best is trial 906 with value: 15.547757593814149.
trail number 2130
[I 2025-07-18 04:00:48,097] Trial 2130 finished with value: 17.96035803861334 and parameters: {'C': 846.9989091501036, 'epsilon': 0.23521192943391964, 'gamma': 49.48493178957992}. Best is trial 906 with value: 15.547757593814149.
trail number 2134
[I 2025-07-18 04:00:48,315] Trial 2134 finished with value: 20.949576935417422 and parameters: {'C': 537.8227567643011, 'epsilon': 13.579953048874014, 'gamma': 86.25879435107373}. Best is trial 906 with value: 15.547757593814149.
trail number 2135
[I 2025-07-18 04:00:48,480] Trial 2135 finished with value: 20.642923850060527 and parameters: {'C': 14.4442160700697, 'epsilon': 2.539455897567292, 'gamma': 72.32487919555152}. Best is trial 906 with value: 15.547757593814149.
trail number 2137
[I 2025-07-18 04:00:48,490] Trial 2137 finished with value: 73.88355975169269 and parameters: {'C': 1867.3504142530378, 'epsilon': 39.73543751023762, 'gamma': 7.198559459323903}. Best is trial 906 with value: 15.547757593814149.
trail number 2136
[I 2025-07-18 04:00:48,501] Trial 2136 finished with value: 19.699607501275402 and parameters: {'C': 17.988115910968233, 'epsilon': 2.544017670694084, 'gamma': 77.66611609973889}. Best is trial 906 with value: 15.547757593814149.
trail number 2141
[I 2025-07-18 04:00:48,590] Trial 2141 finished with value: 64.69717786531392 and parameters: {'C': 3101.20370287407, 'epsilon': 87.26752482882901, 'gamma': 156.41828972324544}. Best is trial 906 with value: 15.547757593814149.
trail number 2132
[I 2025-07-18 04:00:48,651] Trial 2132 finished with value: 18.19359380612652 and parameters: {'C': 895.2342549095715, 'epsilon': 0.0791407089279148, 'gamma': 49.29024935755491}. Best is trial 906 with value: 15.547757593814149.
trail number 2128
[I 2025-07-18 04:00:48,756] Trial 2128 finished with value: 36.73859303572039 and parameters: {'C': 3383.583448977326, 'epsilon': 2.1060475538603, 'gamma': 209.17568071582542}. Best is trial 906 with value: 15.547757593814149.
trail number 2140
[I 2025-07-18 04:00:48,878] Trial 2140 finished with value: 20.66469126656147 and parameters: {'C': 1070.4419092902106, 'epsilon': 13.917933760776938, 'gamma': 88.91377963206}. Best is trial 906 with value: 15.547757593814149.
trail number 2144
[I 2025-07-18 04:00:48,944] Trial 2144 finished with value: 22.12533120103399 and parameters: {'C': 17.551343809334483, 'epsilon': 14.461509392615334, 'gamma': 78.40623253234126}. Best is trial 906 with value: 15.547757593814149.
trail number 2138
[I 2025-07-18 04:00:48,967] Trial 2138 finished with value: 21.213198778174952 and parameters: {'C': 697.9079683533604, 'epsilon': 10.855245284651652, 'gamma': 89.79924490819687}. Best is trial 906 with value: 15.547757593814149.
trail number 2142
[I 2025-07-18 04:00:49,064] Trial 2142 finished with value: 17.939323960513477 and parameters: {'C': 32.23929194951725, 'epsilon': 0.9934597562842491, 'gamma': 85.43236599707365}. Best is trial 906 with value: 15.547757593814149.
trail number 2146
[I 2025-07-18 04:00:49,101] Trial 2146 finished with value: 77.50587676471059 and parameters: {'C': 2424.1119494050963, 'epsilon': 106.67259532006346, 'gamma': 2.1176510409295304}. Best is trial 906 with value: 15.547757593814149.
trail number 2143
[I 2025-07-18 04:00:49,266] Trial 2143 finished with value: 21.263735301106692 and parameters: {'C': 839.2366527882921, 'epsilon': 12.021406906890252, 'gamma': 75.40284483627087}. Best is trial 906 with value: 15.547757593814149.
trail number 2139
[I 2025-07-18 04:00:49,453] Trial 2139 finished with value: 23.52762517963612 and parameters: {'C': 942.1883530884468, 'epsilon': 1.94245176395553, 'gamma': 105.52795459197355}. Best is trial 906 with value: 15.547757593814149.
trail number 2147
[I 2025-07-18 04:00:49,540] Trial 2147 finished with value: 20.08803304724338 and parameters: {'C': 1293.6490666652028, 'epsilon': 16.125109847283177, 'gamma': 41.59488322544662}. Best is trial 906 with value: 15.547757593814149.
trail number 2145
[I 2025-07-18 04:00:49,628] Trial 2145 finished with value: 25.026276644281836 and parameters: {'C': 946.950118946759, 'epsilon': 0.04721951297807192, 'gamma': 133.95656790542066}. Best is trial 906 with value: 15.547757593814149.
trail number 2149
[I 2025-07-18 04:00:49,711] Trial 2149 finished with value: 23.072649347182512 and parameters: {'C': 617.1603183927571, 'epsilon': 0.024182766084671625, 'gamma': 139.73205882173622}. Best is trial 906 with value: 15.547757593814149.
trail number 2153
[I 2025-07-18 04:00:49,804] Trial 2153 finished with value: 22.68708764137904 and parameters: {'C': 20.33522831101861, 'epsilon': 19.44081386023202, 'gamma': 60.78704635288458}. Best is trial 906 with value: 15.547757593814149.
trail number 2154
[I 2025-07-18 04:00:49,905] Trial 2154 finished with value: 32.82144649135586 and parameters: {'C': 3.3019849151436205, 'epsilon': 18.51958597141799, 'gamma': 73.96641597487074}. Best is trial 906 with value: 15.547757593814149.
trail number 2148
[I 2025-07-18 04:00:49,943] Trial 2148 finished with value: 23.718898458659766 and parameters: {'C': 859.2945511338667, 'epsilon': 1.4680241703224435, 'gamma': 99.25403171554174}. Best is trial 906 with value: 15.547757593814149.
trail number 2151
[I 2025-07-18 04:00:50,058] Trial 2151 finished with value: 20.00653704088146 and parameters: {'C': 1274.4626448889553, 'epsilon': 14.413991201192408, 'gamma': 64.70198360013859}. Best is trial 906 with value: 15.547757593814149.
trail number 2156
[I 2025-07-18 04:00:50,107] Trial 2156 finished with value: 22.07823331313199 and parameters: {'C': 19.820677603356245, 'epsilon': 15.697781063459416, 'gamma': 51.16555576290199}. Best is trial 906 with value: 15.547757593814149.
trail number 2150
[I 2025-07-18 04:00:50,288] Trial 2150 finished with value: 22.423251145604745 and parameters: {'C': 797.9728813352151, 'epsilon': 0.7946808706631585, 'gamma': 120.87529889509302}. Best is trial 906 with value: 15.547757593814149.
trail number 2159
[I 2025-07-18 04:00:50,320] Trial 2159 finished with value: 24.365458846543717 and parameters: {'C': 14.00524925753595, 'epsilon': 13.7912787052665, 'gamma': 151.88563330569593}. Best is trial 906 with value: 15.547757593814149.
trail number 2155
[I 2025-07-18 04:00:50,328] Trial 2155 finished with value: 17.56253988043095 and parameters: {'C': 822.0508363430888, 'epsilon': 0.10026920384628268, 'gamma': 46.367168421024246}. Best is trial 906 with value: 15.547757593814149.
trail number 2158
[I 2025-07-18 04:00:50,373] Trial 2158 finished with value: 31.46628385159944 and parameters: {'C': 945.6385833244732, 'epsilon': 32.58301194471383, 'gamma': 154.1087533550027}. Best is trial 906 with value: 15.547757593814149.
trail number 2157
[I 2025-07-18 04:00:50,527] Trial 2157 finished with value: 24.12402629377373 and parameters: {'C': 661.0078665808071, 'epsilon': 12.684853855555934, 'gamma': 174.38771461200736}. Best is trial 906 with value: 15.547757593814149.
trail number 2161
[I 2025-07-18 04:00:50,543] Trial 2161 finished with value: 27.035563209001545 and parameters: {'C': 748.8166555961615, 'epsilon': 24.284348344926194, 'gamma': 130.18089897196143}. Best is trial 906 with value: 15.547757593814149.
trail number 2152
[I 2025-07-18 04:00:50,700] Trial 2152 finished with value: 22.065100671726775 and parameters: {'C': 1545.242584635774, 'epsilon': 10.47089846561612, 'gamma': 60.048117551850424}. Best is trial 906 with value: 15.547757593814149.
trail number 2162
[I 2025-07-18 04:00:50,789] Trial 2162 finished with value: 17.207745279246105 and parameters: {'C': 672.801073304438, 'epsilon': 0.36453450625561135, 'gamma': 45.1836350690716}. Best is trial 906 with value: 15.547757593814149.
trail number 2165
[I 2025-07-18 04:00:50,888] Trial 2165 finished with value: 16.95695847974945 and parameters: {'C': 156.05374170810487, 'epsilon': 0.49783725965178216, 'gamma': 81.7324593195151}. Best is trial 906 with value: 15.547757593814149.
trail number 2163
[I 2025-07-18 04:00:50,904] Trial 2163 finished with value: 19.34749859410271 and parameters: {'C': 94.54334730735388, 'epsilon': 0.3505159179561714, 'gamma': 36.55558519281903}. Best is trial 906 with value: 15.547757593814149.
trail number 2160
[I 2025-07-18 04:00:50,916] Trial 2160 finished with value: 59.63991189743317 and parameters: {'C': 1541.6512525681399, 'epsilon': 9.457134971783995, 'gamma': 4.348160774818311}. Best is trial 906 with value: 15.547757593814149.
trail number 2166
[I 2025-07-18 04:00:50,990] Trial 2166 finished with value: 22.62183304447262 and parameters: {'C': 20.45204796140513, 'epsilon': 17.07868317540149, 'gamma': 40.20939071204281}. Best is trial 906 with value: 15.547757593814149.
trail number 2164
[I 2025-07-18 04:00:51,008] Trial 2164 finished with value: 19.622295897006587 and parameters: {'C': 19.303038590832244, 'epsilon': 2.3977195896427608, 'gamma': 95.53719922828869}. Best is trial 906 with value: 15.547757593814149.
trail number 2168
[I 2025-07-18 04:00:51,281] Trial 2168 finished with value: 58.40934421861999 and parameters: {'C': 3334.6318679410733, 'epsilon': 33.09722059273794, 'gamma': 2.9073031688161564}. Best is trial 906 with value: 15.547757593814149.
trail number 2167
[I 2025-07-18 04:00:51,416] Trial 2167 finished with value: 49.274207410087726 and parameters: {'C': 3977.0080411599656, 'epsilon': 31.094492106523326, 'gamma': 498.44865770867636}. Best is trial 906 with value: 15.547757593814149.
trail number 2170
[I 2025-07-18 04:00:51,441] Trial 2170 finished with value: 22.024322717964115 and parameters: {'C': 572.7704727648279, 'epsilon': 13.288972216689348, 'gamma': 143.9016079185715}. Best is trial 906 with value: 15.547757593814149.
trail number 2173
[I 2025-07-18 04:00:51,454] Trial 2173 finished with value: 27.29401447581163 and parameters: {'C': 10.090942147411923, 'epsilon': 18.678202087236375, 'gamma': 120.19560568452602}. Best is trial 906 with value: 15.547757593814149.
trail number 2171
[I 2025-07-18 04:00:51,454] Trial 2171 finished with value: 49.460795383754586 and parameters: {'C': 466.1709987098533, 'epsilon': 13.650738049155281, 'gamma': 0.24813350205843676}. Best is trial 906 with value: 15.547757593814149.
trail number 2169
[I 2025-07-18 04:00:51,481] Trial 2169 finished with value: 23.14899825717422 and parameters: {'C': 686.3798237507782, 'epsilon': 12.074015448745973, 'gamma': 121.70804998184164}. Best is trial 906 with value: 15.547757593814149.
trail number 2178
[I 2025-07-18 04:00:51,661] Trial 2178 finished with value: 23.38118713824478 and parameters: {'C': 773.049853060014, 'epsilon': 29.65333074678535, 'gamma': 48.67985872544536}. Best is trial 906 with value: 15.547757593814149.
trail number 2174
[I 2025-07-18 04:00:51,735] Trial 2174 finished with value: 22.058689182972323 and parameters: {'C': 36.77394543699978, 'epsilon': 16.12085866737521, 'gamma': 121.86746347342599}. Best is trial 906 with value: 15.547757593814149.
trail number 2175
[I 2025-07-18 04:00:51,781] Trial 2175 finished with value: 22.111002453009004 and parameters: {'C': 61.10253197364554, 'epsilon': 17.902568376113557, 'gamma': 123.3022012785271}. Best is trial 906 with value: 15.547757593814149.
trail number 2176
[I 2025-07-18 04:00:51,795] Trial 2176 finished with value: 19.358665446965453 and parameters: {'C': 704.7437897322161, 'epsilon': 13.517205687258011, 'gamma': 62.89699952326366}. Best is trial 906 with value: 15.547757593814149.
trail number 2179
[I 2025-07-18 04:00:51,987] Trial 2179 finished with value: 50.40573176708064 and parameters: {'C': 946.7916697825951, 'epsilon': 11.508912926239457, 'gamma': 1.7218371139250692}. Best is trial 906 with value: 15.547757593814149.
trail number 2172
[I 2025-07-18 04:00:52,126] Trial 2172 finished with value: 22.746247388520562 and parameters: {'C': 1109.6638828078108, 'epsilon': 0.323654672435306, 'gamma': 81.88933648437907}. Best is trial 906 with value: 15.547757593814149.
trail number 2180
[I 2025-07-18 04:00:52,255] Trial 2180 finished with value: 17.163346916560954 and parameters: {'C': 65.57432858154345, 'epsilon': 1.7858980924031265, 'gamma': 97.36377480078396}. Best is trial 906 with value: 15.547757593814149.
trail number 2177
[I 2025-07-18 04:00:52,344] Trial 2177 finished with value: 17.649962834599755 and parameters: {'C': 619.9566102939759, 'epsilon': 0.30597250155852107, 'gamma': 53.94176408583738}. Best is trial 906 with value: 15.547757593814149.
trail number 2186
[I 2025-07-18 04:00:52,533] Trial 2186 finished with value: 27.620863858705786 and parameters: {'C': 6.481224583774903, 'epsilon': 18.03521695152553, 'gamma': 59.20395149191506}. Best is trial 906 with value: 15.547757593814149.
trail number 2182
[I 2025-07-18 04:00:52,557] Trial 2182 finished with value: 28.82534684932323 and parameters: {'C': 868.1468331224175, 'epsilon': 0.6763425833885868, 'gamma': 179.8348882298708}. Best is trial 906 with value: 15.547757593814149.
trail number 2183
[I 2025-07-18 04:00:52,586] Trial 2183 finished with value: 17.245288251649992 and parameters: {'C': 596.8132920885342, 'epsilon': 0.25546224512795135, 'gamma': 48.49658602990179}. Best is trial 906 with value: 15.547757593814149.
trail number 2188
[I 2025-07-18 04:00:52,609] Trial 2188 finished with value: 72.18703720706937 and parameters: {'C': 5960.097424998985, 'epsilon': 103.21904696542616, 'gamma': 37.46432271946176}. Best is trial 906 with value: 15.547757593814149.
trail number 2185
[I 2025-07-18 04:00:52,681] Trial 2185 finished with value: 76.84058094780674 and parameters: {'C': 5162.511646397512, 'epsilon': 97.49885046866086, 'gamma': 7.75042411575626}. Best is trial 906 with value: 15.547757593814149.
trail number 2187
[I 2025-07-18 04:00:52,806] Trial 2187 finished with value: 21.232090491694994 and parameters: {'C': 19.09032035680528, 'epsilon': 5.712998567974643, 'gamma': 133.6269069599465}. Best is trial 906 with value: 15.547757593814149.
trail number 2190
[I 2025-07-18 04:00:52,887] Trial 2190 finished with value: 19.171607862623055 and parameters: {'C': 23.396124697048847, 'epsilon': 1.1752788955855582, 'gamma': 94.88403750423254}. Best is trial 906 with value: 15.547757593814149.
trail number 2184
[I 2025-07-18 04:00:52,923] Trial 2184 finished with value: 20.11898092123023 and parameters: {'C': 614.1501644894624, 'epsilon': 0.266416996499931, 'gamma': 69.48796839288894}. Best is trial 906 with value: 15.547757593814149.
trail number 2194
[I 2025-07-18 04:00:53,062] Trial 2194 finished with value: 59.32115530421015 and parameters: {'C': 2105.4006770409264, 'epsilon': 79.0253531058114, 'gamma': 184.65648747596327}. Best is trial 906 with value: 15.547757593814149.
trail number 2181
[I 2025-07-18 04:00:53,062] Trial 2181 finished with value: 22.115274915853895 and parameters: {'C': 1692.170467277713, 'epsilon': 0.2763389442988734, 'gamma': 63.49097552117245}. Best is trial 906 with value: 15.547757593814149.
trail number 2189
[I 2025-07-18 04:00:53,514] Trial 2189 finished with value: 22.51825677703254 and parameters: {'C': 795.4284694064622, 'epsilon': 0.8808013291779524, 'gamma': 115.13795393383207}. Best is trial 906 with value: 15.547757593814149.
trail number 2193
[I 2025-07-18 04:00:53,546] Trial 2193 finished with value: 70.81673506970978 and parameters: {'C': 4690.659778994786, 'epsilon': 20.78562196260608, 'gamma': 5.274601307609345}. Best is trial 906 with value: 15.547757593814149.
trail number 2197
[I 2025-07-18 04:00:53,608] Trial 2197 finished with value: 60.17874401695135 and parameters: {'C': 751.5169207796462, 'epsilon': 80.38776295629263, 'gamma': 181.1433940710923}. Best is trial 906 with value: 15.547757593814149.
trail number 2192
[I 2025-07-18 04:00:53,756] Trial 2192 finished with value: 28.95993193633786 and parameters: {'C': 1666.9236286965422, 'epsilon': 0.2933684142012071, 'gamma': 139.12181674789485}. Best is trial 906 with value: 15.547757593814149.
trail number 2198
[I 2025-07-18 04:00:53,847] Trial 2198 finished with value: 19.620577606731747 and parameters: {'C': 639.5857936647491, 'epsilon': 14.575358495573624, 'gamma': 74.07277305432515}. Best is trial 906 with value: 15.547757593814149.
trail number 2199
[I 2025-07-18 04:00:53,943] Trial 2199 finished with value: 27.139025609786717 and parameters: {'C': 642.2476470674944, 'epsilon': 27.121784498954245, 'gamma': 87.77742320634556}. Best is trial 906 with value: 15.547757593814149.
trail number 2191
[I 2025-07-18 04:00:54,044] Trial 2191 finished with value: 24.398642156960243 and parameters: {'C': 1617.7300541665145, 'epsilon': 0.7839550138730209, 'gamma': 91.9767378785484}. Best is trial 906 with value: 15.547757593814149.
trail number 2195
[I 2025-07-18 04:00:54,080] Trial 2195 finished with value: 21.552106477645236 and parameters: {'C': 620.0693301429499, 'epsilon': 0.08613349716296981, 'gamma': 108.43610469094769}. Best is trial 906 with value: 15.547757593814149.
trail number 2200
[I 2025-07-18 04:00:54,113] Trial 2200 finished with value: 55.36415511932862 and parameters: {'C': 446.96329334127546, 'epsilon': 13.978952949818343, 'gamma': 5.376236044124013}. Best is trial 906 with value: 15.547757593814149.
trail number 2201
[I 2025-07-18 04:00:54,154] Trial 2201 finished with value: 19.965442572352543 and parameters: {'C': 16.529448287624604, 'epsilon': 1.766499188826582, 'gamma': 66.52813734999306}. Best is trial 906 with value: 15.547757593814149.
trail number 2196
[I 2025-07-18 04:00:54,187] Trial 2196 finished with value: 24.963686348380886 and parameters: {'C': 1601.064494800819, 'epsilon': 1.2609763890476036, 'gamma': 114.89784728125336}. Best is trial 906 with value: 15.547757593814149.
trail number 2202
[I 2025-07-18 04:00:54,331] Trial 2202 finished with value: 21.08090964927405 and parameters: {'C': 716.6598676591452, 'epsilon': 12.620703609153946, 'gamma': 94.52859796904418}. Best is trial 906 with value: 15.547757593814149.
trail number 2207
[I 2025-07-18 04:00:54,415] Trial 2207 finished with value: 25.16756317774015 and parameters: {'C': 10.899704016099221, 'epsilon': 11.148581961664702, 'gamma': 30.51174809291834}. Best is trial 906 with value: 15.547757593814149.
trail number 2204
[I 2025-07-18 04:00:54,468] Trial 2204 finished with value: 19.782431881376237 and parameters: {'C': 536.8206443344857, 'epsilon': 17.247352894253552, 'gamma': 50.21056219329025}. Best is trial 906 with value: 15.547757593814149.
trail number 2208
[I 2025-07-18 04:00:54,508] Trial 2208 finished with value: 43.80322356438337 and parameters: {'C': 1977.8587214930608, 'epsilon': 49.83923593941949, 'gamma': 263.9119172470622}. Best is trial 906 with value: 15.547757593814149.
trail number 2205
[I 2025-07-18 04:00:54,571] Trial 2205 finished with value: 36.52759188624394 and parameters: {'C': 15.534178141877504, 'epsilon': 12.616350840817312, 'gamma': 17.76165972311002}. Best is trial 906 with value: 15.547757593814149.
trail number 2209
[I 2025-07-18 04:00:54,628] Trial 2209 finished with value: 22.752940068546586 and parameters: {'C': 29.672502111543366, 'epsilon': 15.345645803044466, 'gamma': 161.70844325410525}. Best is trial 906 with value: 15.547757593814149.
trail number 2203
[I 2025-07-18 04:00:54,644] Trial 2203 finished with value: 53.26370503661364 and parameters: {'C': 705.7519263905729, 'epsilon': 1.0714954096317482, 'gamma': 3.751236233326104}. Best is trial 906 with value: 15.547757593814149.
trail number 2211
[I 2025-07-18 04:00:54,830] Trial 2211 finished with value: 20.388822565587947 and parameters: {'C': 594.3216109153922, 'epsilon': 11.338169567979199, 'gamma': 75.18017892921593}. Best is trial 906 with value: 15.547757593814149.
trail number 2213
[I 2025-07-18 04:00:54,926] Trial 2213 finished with value: 31.362045608652657 and parameters: {'C': 3.2139214344586833, 'epsilon': 3.2622024214083525, 'gamma': 147.83537669978796}. Best is trial 906 with value: 15.547757593814149.
trail number 2206
[I 2025-07-18 04:00:54,938] Trial 2206 finished with value: 24.58377069636223 and parameters: {'C': 1186.4675623977032, 'epsilon': 13.94170227212755, 'gamma': 145.01491143789605}. Best is trial 906 with value: 15.547757593814149.
trail number 2210
[I 2025-07-18 04:00:55,022] Trial 2210 finished with value: 20.067218480313567 and parameters: {'C': 683.0996772584681, 'epsilon': 12.426034297179273, 'gamma': 67.94583604350436}. Best is trial 906 with value: 15.547757593814149.
trail number 2214
[I 2025-07-18 04:00:55,104] Trial 2214 finished with value: 29.025588878977818 and parameters: {'C': 1308.4605704862236, 'epsilon': 24.15563520785428, 'gamma': 121.35143707249378}. Best is trial 906 with value: 15.547757593814149.
trail number 2212
[I 2025-07-18 04:00:55,184] Trial 2212 finished with value: 19.034844797631404 and parameters: {'C': 800.922753123297, 'epsilon': 13.175791384828527, 'gamma': 39.38796922631274}. Best is trial 906 with value: 15.547757593814149.
trail number 2215
[I 2025-07-18 04:00:55,217] Trial 2215 finished with value: 19.051053444089654 and parameters: {'C': 196.03276637279293, 'epsilon': 0.23664389002160818, 'gamma': 100.00436359994794}. Best is trial 906 with value: 15.547757593814149.
trail number 2216
[I 2025-07-18 04:00:55,381] Trial 2216 finished with value: 20.435089146036784 and parameters: {'C': 551.0498004380067, 'epsilon': 0.19090766812264026, 'gamma': 78.70290421449724}. Best is trial 906 with value: 15.547757593814149.
trail number 2220
