[I 2025-07-18 03:58:38,655] Trial 538 finished with value: 21.693911624156083 and parameters: {'C': 776.7038175251673, 'epsilon': 1.827217447927924, 'gamma': 72.55748420989615}. Best is trial 331 with value: 15.7197636232894.
trail number 535
[I 2025-07-18 03:58:38,768] Trial 535 finished with value: 23.582278262323726 and parameters: {'C': 979.0261016795096, 'epsilon': 1.0394414121480346, 'gamma': 127.68456860989822}. Best is trial 331 with value: 15.7197636232894.
trail number 539
[I 2025-07-18 03:58:38,783] Trial 539 finished with value: 22.198669155139445 and parameters: {'C': 705.9640015625024, 'epsilon': 18.152272860714298, 'gamma': 90.76253112496516}. Best is trial 331 with value: 15.7197636232894.
trail number 541
[I 2025-07-18 03:58:38,860] Trial 541 finished with value: 21.59769171281049 and parameters: {'C': 810.6024685267174, 'epsilon': 19.514613514694197, 'gamma': 61.27457460265259}. Best is trial 331 with value: 15.7197636232894.
trail number 531
[I 2025-07-18 03:58:38,927] Trial 531 finished with value: 28.529571024580697 and parameters: {'C': 1087.2079908807752, 'epsilon': 0.47468410879837897, 'gamma': 164.1655718431066}. Best is trial 331 with value: 15.7197636232894.
trail number 546
[I 2025-07-18 03:58:38,961] Trial 546 finished with value: 83.34653597007755 and parameters: {'C': 3537.2954268417525, 'epsilon': 117.84908242296382, 'gamma': 298.1436316240299}. Best is trial 331 with value: 15.7197636232894.
trail number 542
[I 2025-07-18 03:58:38,969] Trial 542 finished with value: 16.6353967825553 and parameters: {'C': 71.21004596804761, 'epsilon': 0.7929773455574534, 'gamma': 71.07304025100257}. Best is trial 331 with value: 15.7197636232894.
trail number 545
[I 2025-07-18 03:58:39,132] Trial 545 finished with value: 20.18955412362191 and parameters: {'C': 632.520356133206, 'epsilon': 15.580467602630101, 'gamma': 84.70636025758986}. Best is trial 331 with value: 15.7197636232894.
trail number 549
[I 2025-07-18 03:58:39,153] Trial 549 finished with value: 83.7258000524954 and parameters: {'C': 849.1894266384279, 'epsilon': 119.30654731265474, 'gamma': 213.7559445193466}. Best is trial 331 with value: 15.7197636232894.
trail number 543
[I 2025-07-18 03:58:39,183] Trial 543 finished with value: 20.255082295656624 and parameters: {'C': 810.7475169544671, 'epsilon': 17.870830344956243, 'gamma': 63.01116581381982}. Best is trial 331 with value: 15.7197636232894.
trail number 548
[I 2025-07-18 03:58:39,299] Trial 548 finished with value: 16.950696337014598 and parameters: {'C': 118.97594164148691, 'epsilon': 0.8080541473729803, 'gamma': 87.30750593137623}. Best is trial 331 with value: 15.7197636232894.
trail number 540
[I 2025-07-18 03:58:39,324] Trial 540 finished with value: 20.57359850260688 and parameters: {'C': 757.1677098619589, 'epsilon': 0.07909051194513061, 'gamma': 67.40739953641088}. Best is trial 331 with value: 15.7197636232894.
trail number 547
[I 2025-07-18 03:58:39,438] Trial 547 finished with value: 47.806836221214425 and parameters: {'C': 0.49756822050092353, 'epsilon': 2.516396289063398, 'gamma': 113.5710957554561}. Best is trial 331 with value: 15.7197636232894.
trail number 551
[I 2025-07-18 03:58:39,499] Trial 551 finished with value: 25.754326480936506 and parameters: {'C': 7.070039743346328, 'epsilon': 14.538140341086152, 'gamma': 65.95075214654481}. Best is trial 331 with value: 15.7197636232894.
trail number 552
[I 2025-07-18 03:58:39,557] Trial 552 finished with value: 47.816971394900165 and parameters: {'C': 0.5997935773625898, 'epsilon': 11.327394166079067, 'gamma': 55.09862626321521}. Best is trial 331 with value: 15.7197636232894.
trail number 550
[I 2025-07-18 03:58:39,560] Trial 550 finished with value: 22.79952380877895 and parameters: {'C': 621.6384764184527, 'epsilon': 1.4203680165300792, 'gamma': 18.726036957050546}. Best is trial 331 with value: 15.7197636232894.
trail number 553
[I 2025-07-18 03:58:39,622] Trial 553 finished with value: 19.719759687922725 and parameters: {'C': 120.15384345195487, 'epsilon': 24.319782662573314, 'gamma': 24.42488576941394}. Best is trial 331 with value: 15.7197636232894.
trail number 554
[I 2025-07-18 03:58:39,742] Trial 554 finished with value: 41.95049467651159 and parameters: {'C': 28.19881980828402, 'epsilon': 18.97141070498194, 'gamma': 14.300229264239285}. Best is trial 331 with value: 15.7197636232894.
trail number 544
[I 2025-07-18 03:58:40,046] Trial 544 finished with value: 32.73479548834332 and parameters: {'C': 1391.4063843711858, 'epsilon': 12.296988005271757, 'gamma': 352.0752227729264}. Best is trial 331 with value: 15.7197636232894.
trail number 555
[I 2025-07-18 03:58:40,082] Trial 555 finished with value: 56.09572533271205 and parameters: {'C': 744.0137312600979, 'epsilon': 16.811147277744325, 'gamma': 10.922071782033953}. Best is trial 331 with value: 15.7197636232894.
trail number 559
[I 2025-07-18 03:58:40,089] Trial 559 finished with value: 16.227891933115707 and parameters: {'C': 179.87137230666377, 'epsilon': 0.29368971677379385, 'gamma': 71.86172312449168}. Best is trial 331 with value: 15.7197636232894.
trail number 556
[I 2025-07-18 03:58:40,186] Trial 556 finished with value: 53.1807410611792 and parameters: {'C': 879.2949378782317, 'epsilon': 2.6250389643078913, 'gamma': 3.124002666095123}. Best is trial 331 with value: 15.7197636232894.
trail number 558
[I 2025-07-18 03:58:40,250] Trial 558 finished with value: 21.436528275931103 and parameters: {'C': 1138.1462412961514, 'epsilon': 0.4981172427028113, 'gamma': 66.84037394642462}. Best is trial 331 with value: 15.7197636232894.
trail number 561
[I 2025-07-18 03:58:40,418] Trial 561 finished with value: 20.254588773742594 and parameters: {'C': 71.39040030750516, 'epsilon': 16.110618771967907, 'gamma': 52.036613718905905}. Best is trial 331 with value: 15.7197636232894.
trail number 564
[I 2025-07-18 03:58:40,502] Trial 564 finished with value: 19.9328699725476 and parameters: {'C': 24.096689078793474, 'epsilon': 3.6465911997084426, 'gamma': 44.76063719056334}. Best is trial 331 with value: 15.7197636232894.
trail number 562
[I 2025-07-18 03:58:40,641] Trial 562 finished with value: 23.017528686350502 and parameters: {'C': 835.8656390109454, 'epsilon': 0.2921353556597599, 'gamma': 97.96896543449853}. Best is trial 331 with value: 15.7197636232894.
trail number 560
[I 2025-07-18 03:58:40,695] Trial 560 finished with value: 56.72694634820162 and parameters: {'C': 976.8318448651834, 'epsilon': 0.9355874220123221, 'gamma': 7.061675459880988}. Best is trial 331 with value: 15.7197636232894.
trail number 567
[I 2025-07-18 03:58:40,708] Trial 567 finished with value: 56.714959848043954 and parameters: {'C': 772.6049492676343, 'epsilon': 76.27933558219128, 'gamma': 113.54072399658108}. Best is trial 331 with value: 15.7197636232894.
trail number 565
[I 2025-07-18 03:58:40,751] Trial 565 finished with value: 20.047116494955482 and parameters: {'C': 107.47608450094681, 'epsilon': 14.577522810823146, 'gamma': 99.16481804094174}. Best is trial 331 with value: 15.7197636232894.
trail number 566
[I 2025-07-18 03:58:40,805] Trial 566 finished with value: 23.207785293657093 and parameters: {'C': 847.8621898148072, 'epsilon': 16.019224587635527, 'gamma': 144.802027636005}. Best is trial 331 with value: 15.7197636232894.
trail number 571
[I 2025-07-18 03:58:40,944] Trial 571 finished with value: 52.969299308181476 and parameters: {'C': 5389.685380253202, 'epsilon': 61.894526462586114, 'gamma': 491.7058486751637}. Best is trial 331 with value: 15.7197636232894.
trail number 569
[I 2025-07-18 03:58:40,981] Trial 569 finished with value: 22.85508843820828 and parameters: {'C': 478.758729989989, 'epsilon': 16.141689739048793, 'gamma': 152.82365403870415}. Best is trial 331 with value: 15.7197636232894.
trail number 572
[I 2025-07-18 03:58:41,126] Trial 572 finished with value: 23.93918006733889 and parameters: {'C': 31.98149741309109, 'epsilon': 18.29599575098998, 'gamma': 158.40067314754614}. Best is trial 331 with value: 15.7197636232894.
trail number 568
[I 2025-07-18 03:58:41,240] Trial 568 finished with value: 17.780034083769912 and parameters: {'C': 75.00462148058683, 'epsilon': 0.5934103453696423, 'gamma': 122.62158205415716}. Best is trial 331 with value: 15.7197636232894.
trail number 573
[I 2025-07-18 03:58:41,248] Trial 573 finished with value: 20.778670914765115 and parameters: {'C': 59.356839658112136, 'epsilon': 6.724843664202955, 'gamma': 145.68506606563898}. Best is trial 331 with value: 15.7197636232894.
trail number 563
[I 2025-07-18 03:58:41,259] Trial 563 finished with value: 24.87957308619083 and parameters: {'C': 983.7135748738774, 'epsilon': 3.738749965724927, 'gamma': 88.50418373956144}. Best is trial 331 with value: 15.7197636232894.
trail number 575
[I 2025-07-18 03:58:41,358] Trial 575 finished with value: 70.35882135840563 and parameters: {'C': 3181.036151500932, 'epsilon': 91.1275770444108, 'gamma': 490.4205770912838}. Best is trial 331 with value: 15.7197636232894.
trail number 574
[I 2025-07-18 03:58:41,434] Trial 574 finished with value: 19.703379027950096 and parameters: {'C': 90.66718949469687, 'epsilon': 3.198964268755137, 'gamma': 162.62918417162763}. Best is trial 331 with value: 15.7197636232894.
trail number 576
[I 2025-07-18 03:58:41,591] Trial 576 finished with value: 49.07095423399875 and parameters: {'C': 860.3729892133857, 'epsilon': 0.6541131641843072, 'gamma': 1.6796871906027917}. Best is trial 331 with value: 15.7197636232894.
trail number 570
[I 2025-07-18 03:58:41,638] Trial 570 finished with value: 24.425178411699413 and parameters: {'C': 385.91425141092896, 'epsilon': 0.31567588203078145, 'gamma': 429.2967686489954}. Best is trial 331 with value: 15.7197636232894.
trail number 577
[I 2025-07-18 03:58:41,704] Trial 577 finished with value: 29.35312597673485 and parameters: {'C': 3.213100026609908, 'epsilon': 4.248903529062859, 'gamma': 81.2165178187037}. Best is trial 331 with value: 15.7197636232894.
trail number 579
[I 2025-07-18 03:58:41,712] Trial 579 finished with value: 18.04149129319502 and parameters: {'C': 47.21948544029681, 'epsilon': 2.093648144467034, 'gamma': 55.16376013475067}. Best is trial 331 with value: 15.7197636232894.
trail number 580
[I 2025-07-18 03:58:41,880] Trial 580 finished with value: 17.321455676819532 and parameters: {'C': 57.04681963267282, 'epsilon': 1.5266659039614634, 'gamma': 99.04832218009555}. Best is trial 331 with value: 15.7197636232894.
trail number 578
[I 2025-07-18 03:58:41,904] Trial 578 finished with value: 15.923066373710203 and parameters: {'C': 111.7146807482696, 'epsilon': 1.015335443749331, 'gamma': 66.77258789345852}. Best is trial 331 with value: 15.7197636232894.
trail number 581
[I 2025-07-18 03:58:42,077] Trial 581 finished with value: 22.54384114897977 and parameters: {'C': 9.41541801919007, 'epsilon': 2.7646750814612773, 'gamma': 95.34971173728732}. Best is trial 331 with value: 15.7197636232894.
trail number 583
[I 2025-07-18 03:58:42,193] Trial 583 finished with value: 20.827703820693493 and parameters: {'C': 639.3230997540079, 'epsilon': 0.6959330614291317, 'gamma': 78.53437355952596}. Best is trial 331 with value: 15.7197636232894.
trail number 584
[I 2025-07-18 03:58:42,205] Trial 584 finished with value: 18.852044085823884 and parameters: {'C': 113.66824109493635, 'epsilon': 0.7037722217655507, 'gamma': 40.47027835994045}. Best is trial 331 with value: 15.7197636232894.
trail number 587
[I 2025-07-18 03:58:42,340] Trial 587 finished with value: 25.082188971300198 and parameters: {'C': 17.963992542361552, 'epsilon': 23.391779327623944, 'gamma': 56.82648494707952}. Best is trial 331 with value: 15.7197636232894.
trail number 588
[I 2025-07-18 03:58:42,346] Trial 588 finished with value: 28.795463632354096 and parameters: {'C': 799.5832093630297, 'epsilon': 37.93403949306443, 'gamma': 68.04405763900458}. Best is trial 331 with value: 15.7197636232894.
trail number 585
[I 2025-07-18 03:58:42,446] Trial 585 finished with value: 25.151201988480718 and parameters: {'C': 992.6570217962039, 'epsilon': 20.405200664484163, 'gamma': 101.4633245932477}. Best is trial 331 with value: 15.7197636232894.
trail number 591
[I 2025-07-18 03:58:42,586] Trial 591 finished with value: 38.26343526146158 and parameters: {'C': 20.875822054954455, 'epsilon': 43.05775121106417, 'gamma': 55.21075066602475}. Best is trial 331 with value: 15.7197636232894.
trail number 557
[I 2025-07-18 03:58:42,594] Trial 557 finished with value: 39.820257118959844 and parameters: {'C': 4667.30838498616, 'epsilon': 4.797870037512524, 'gamma': 197.96668730815216}. Best is trial 331 with value: 15.7197636232894.
trail number 586
[I 2025-07-18 03:58:42,637] Trial 586 finished with value: 19.612018308247468 and parameters: {'C': 1064.627921222037, 'epsilon': 15.984378333768824, 'gamma': 78.93353143796244}. Best is trial 331 with value: 15.7197636232894.
trail number 582
[I 2025-07-18 03:58:42,654] Trial 582 finished with value: 22.39802424294144 and parameters: {'C': 779.3684714119221, 'epsilon': 0.3782487744436631, 'gamma': 97.52255892766823}. Best is trial 331 with value: 15.7197636232894.
trail number 589
[I 2025-07-18 03:58:42,733] Trial 589 finished with value: 19.482531284772072 and parameters: {'C': 1379.607670189978, 'epsilon': 14.860244663476744, 'gamma': 86.40934139617899}. Best is trial 331 with value: 15.7197636232894.
trail number 590
[I 2025-07-18 03:58:42,794] Trial 590 finished with value: 24.055100273259377 and parameters: {'C': 1212.944715593733, 'epsilon': 10.62990277063292, 'gamma': 106.96118754449199}. Best is trial 331 with value: 15.7197636232894.
trail number 594
[I 2025-07-18 03:58:42,919] Trial 594 finished with value: 21.812867635664134 and parameters: {'C': 39.884329281233335, 'epsilon': 19.33133504888403, 'gamma': 82.546476818441}. Best is trial 331 with value: 15.7197636232894.
trail number 596
[I 2025-07-18 03:58:43,041] Trial 596 finished with value: 55.800872881234476 and parameters: {'C': 612.4918211488364, 'epsilon': 16.45236182021586, 'gamma': 4.724455616792966}. Best is trial 331 with value: 15.7197636232894.
trail number 597
[I 2025-07-18 03:58:43,137] Trial 597 finished with value: 20.588410265810488 and parameters: {'C': 960.2938577779285, 'epsilon': 14.543847688742481, 'gamma': 79.52943289486421}. Best is trial 331 with value: 15.7197636232894.
trail number 593
[I 2025-07-18 03:58:43,143] Trial 593 finished with value: 20.08134952325512 and parameters: {'C': 135.87333780655223, 'epsilon': 0.3446470344691408, 'gamma': 32.52458576603281}. Best is trial 331 with value: 15.7197636232894.
trail number 592
[I 2025-07-18 03:58:43,281] Trial 592 finished with value: 22.841783822294822 and parameters: {'C': 1068.9908338961432, 'epsilon': 11.352106204996806, 'gamma': 95.09824367661732}. Best is trial 331 with value: 15.7197636232894.
trail number 599
[I 2025-07-18 03:58:43,401] Trial 599 finished with value: 42.96339223997697 and parameters: {'C': 2174.7237766275202, 'epsilon': 31.66522043195057, 'gamma': 471.9358300303702}. Best is trial 331 with value: 15.7197636232894.
trail number 601
[I 2025-07-18 03:58:43,462] Trial 601 finished with value: 22.478769864403723 and parameters: {'C': 13.17116149940108, 'epsilon': 15.417451220748248, 'gamma': 56.86989235716288}. Best is trial 331 with value: 15.7197636232894.
trail number 598
[I 2025-07-18 03:58:43,470] Trial 598 finished with value: 16.182738893650043 and parameters: {'C': 117.65872559276015, 'epsilon': 0.6270455509460406, 'gamma': 70.61593137418478}. Best is trial 331 with value: 15.7197636232894.
trail number 600
[I 2025-07-18 03:58:43,496] Trial 600 finished with value: 17.947043549767457 and parameters: {'C': 193.02001353020995, 'epsilon': 0.23270414430365094, 'gamma': 45.49568783090986}. Best is trial 331 with value: 15.7197636232894.
trail number 603
[I 2025-07-18 03:58:43,586] Trial 603 finished with value: 19.844298762758783 and parameters: {'C': 110.13124681914837, 'epsilon': 16.096469117597987, 'gamma': 84.6696039825155}. Best is trial 331 with value: 15.7197636232894.
trail number 602
[I 2025-07-18 03:58:43,757] Trial 602 finished with value: 22.13903845289503 and parameters: {'C': 9.994645399866926, 'epsilon': 1.1135280422806677, 'gamma': 89.26076119898354}. Best is trial 331 with value: 15.7197636232894.
trail number 595
[I 2025-07-18 03:58:43,828] Trial 595 finished with value: 25.271164117308793 and parameters: {'C': 1546.0721884876757, 'epsilon': 0.7393147590676086, 'gamma': 84.35423833316545}. Best is trial 331 with value: 15.7197636232894.
trail number 607
[I 2025-07-18 03:58:43,909] Trial 607 finished with value: 21.051827781357908 and parameters: {'C': 758.447063892855, 'epsilon': 14.223960720777, 'gamma': 36.59344299992402}. Best is trial 331 with value: 15.7197636232894.
trail number 606
[I 2025-07-18 03:58:43,969] Trial 606 finished with value: 44.70079481930247 and parameters: {'C': 949.2726137063254, 'epsilon': 0.05815171554251153, 'gamma': 12.518445762001363}. Best is trial 331 with value: 15.7197636232894.
trail number 604
[I 2025-07-18 03:58:44,144] Trial 604 finished with value: 58.43059169737943 and parameters: {'C': 1772.9199126443225, 'epsilon': 27.525334112675466, 'gamma': 10.502867018753378}. Best is trial 331 with value: 15.7197636232894.
trail number 605
[I 2025-07-18 03:58:44,190] Trial 605 finished with value: 17.39118342324555 and parameters: {'C': 474.38623493437996, 'epsilon': 0.255862393568182, 'gamma': 54.83370475622764}. Best is trial 331 with value: 15.7197636232894.
trail number 608
[I 2025-07-18 03:58:44,330] Trial 608 finished with value: 20.78874028656617 and parameters: {'C': 160.0140052704518, 'epsilon': 0.6496937260741606, 'gamma': 26.38856556721955}. Best is trial 331 with value: 15.7197636232894.
trail number 610
[I 2025-07-18 03:58:44,338] Trial 610 finished with value: 72.09237624084628 and parameters: {'C': 1836.4838937010047, 'epsilon': 27.70625064600232, 'gamma': 6.8438861235239585}. Best is trial 331 with value: 15.7197636232894.
trail number 614
[I 2025-07-18 03:58:44,577] Trial 614 finished with value: 40.04208306221365 and parameters: {'C': 160.09849249603303, 'epsilon': 40.93433005419567, 'gamma': 482.5504828156569}. Best is trial 331 with value: 15.7197636232894.
trail number 616
[I 2025-07-18 03:58:44,613] Trial 616 finished with value: 83.74170739616171 and parameters: {'C': 5075.964619147333, 'epsilon': 118.42923451881965, 'gamma': 337.4512451133953}. Best is trial 331 with value: 15.7197636232894.
trail number 611
[I 2025-07-18 03:58:44,620] Trial 611 finished with value: 25.800458974697573 and parameters: {'C': 1137.2798527555012, 'epsilon': 1.805675887639461, 'gamma': 138.9581660161099}. Best is trial 331 with value: 15.7197636232894.
trail number 613
[I 2025-07-18 03:58:44,768] Trial 613 finished with value: 19.3012654537667 and parameters: {'C': 119.89957487897239, 'epsilon': 1.2937815763247373, 'gamma': 174.32461414312039}. Best is trial 331 with value: 15.7197636232894.
trail number 618
[I 2025-07-18 03:58:44,886] Trial 618 finished with value: 32.01124345427472 and parameters: {'C': 2.5361453530038034, 'epsilon': 1.3029513170031244, 'gamma': 101.59377180048284}. Best is trial 331 with value: 15.7197636232894.
trail number 615
[I 2025-07-18 03:58:44,908] Trial 615 finished with value: 22.841002545549976 and parameters: {'C': 825.1194840073013, 'epsilon': 1.1524877286829016, 'gamma': 108.89946418171326}. Best is trial 331 with value: 15.7197636232894.
trail number 620
[I 2025-07-18 03:58:44,914] Trial 620 finished with value: 68.01902870585826 and parameters: {'C': 4242.94758632232, 'epsilon': 94.97284424477863, 'gamma': 54.85637137878766}. Best is trial 331 with value: 15.7197636232894.
trail number 609
[I 2025-07-18 03:58:45,045] Trial 609 finished with value: 23.72899446046842 and parameters: {'C': 1297.2502571274754, 'epsilon': 0.9194537042126569, 'gamma': 100.586680768181}. Best is trial 331 with value: 15.7197636232894.
trail number 612
[I 2025-07-18 03:58:45,070] Trial 612 finished with value: 22.831024605656143 and parameters: {'C': 805.2729014803565, 'epsilon': 0.5364762286082229, 'gamma': 125.83899354037834}. Best is trial 331 with value: 15.7197636232894.
trail number 617
[I 2025-07-18 03:58:45,170] Trial 617 finished with value: 22.484621059869948 and parameters: {'C': 900.284793845921, 'epsilon': 16.959232855534427, 'gamma': 123.50065609712738}. Best is trial 331 with value: 15.7197636232894.
trail number 625
[I 2025-07-18 03:58:45,210] Trial 625 finished with value: 76.4943829106733 and parameters: {'C': 2098.835937956749, 'epsilon': 104.60905294008298, 'gamma': 294.831240827113}. Best is trial 331 with value: 15.7197636232894.
trail number 621
[I 2025-07-18 03:58:45,246] Trial 621 finished with value: 21.666641791353996 and parameters: {'C': 817.1320948244205, 'epsilon': 14.156442270692608, 'gamma': 97.89387057913356}. Best is trial 331 with value: 15.7197636232894.
trail number 624
[I 2025-07-18 03:58:45,371] Trial 624 finished with value: 21.805844995051462 and parameters: {'C': 168.14342203210387, 'epsilon': 20.05760238795929, 'gamma': 77.12055192758376}. Best is trial 331 with value: 15.7197636232894.
trail number 626
[I 2025-07-18 03:58:45,380] Trial 626 finished with value: 56.6654328747851 and parameters: {'C': 4620.149658774411, 'epsilon': 77.20987314128473, 'gamma': 131.57682208547664}. Best is trial 331 with value: 15.7197636232894.
trail number 627
[I 2025-07-18 03:58:45,492] Trial 627 finished with value: 45.14810294167642 and parameters: {'C': 69.42245367224783, 'epsilon': 14.579584625824642, 'gamma': 13.646349744319153}. Best is trial 331 with value: 15.7197636232894.
trail number 623
[I 2025-07-18 03:58:45,504] Trial 623 finished with value: 45.595620742713415 and parameters: {'C': 43.08746031186398, 'epsilon': 9.393840224235024, 'gamma': 7.884592867298288}. Best is trial 331 with value: 15.7197636232894.
trail number 622
