[I 2025-07-18 04:01:54,369] Trial 2921 finished with value: 53.95329384089405 and parameters: {'C': 610.1178442873145, 'epsilon': 17.300751279113378, 'gamma': 3.9645898131056754}. Best is trial 906 with value: 15.547757593814149.
trail number 2918
[I 2025-07-18 04:01:54,384] Trial 2918 finished with value: 32.907553284546296 and parameters: {'C': 1352.1886968886367, 'epsilon': 21.420539947883338, 'gamma': 14.7177924592594}. Best is trial 906 with value: 15.547757593814149.
trail number 2924
[I 2025-07-18 04:01:54,475] Trial 2924 finished with value: 23.78251722056078 and parameters: {'C': 844.5336892124401, 'epsilon': 26.512399700682547, 'gamma': 48.409675039597886}. Best is trial 906 with value: 15.547757593814149.
trail number 2923
[I 2025-07-18 04:01:54,489] Trial 2923 finished with value: 23.893766395333664 and parameters: {'C': 622.9665713417915, 'epsilon': 24.337557485881806, 'gamma': 60.339163227589346}. Best is trial 906 with value: 15.547757593814149.
trail number 2925
[I 2025-07-18 04:01:54,733] Trial 2925 finished with value: 18.373817215515984 and parameters: {'C': 31.126130630685537, 'epsilon': 2.1254247093306726, 'gamma': 60.104410169343645}. Best is trial 906 with value: 15.547757593814149.
trail number 2930
[I 2025-07-18 04:01:54,921] Trial 2930 finished with value: 47.531595504734845 and parameters: {'C': 10.3345948008307, 'epsilon': 13.572201965363856, 'gamma': 4.006591795125232}. Best is trial 906 with value: 15.547757593814149.
trail number 2926
[I 2025-07-18 04:01:55,098] Trial 2926 finished with value: 22.55617645956805 and parameters: {'C': 1336.7548542564232, 'epsilon': 12.366912787707491, 'gamma': 21.175213741210058}. Best is trial 906 with value: 15.547757593814149.
trail number 2931
[I 2025-07-18 04:01:55,198] Trial 2931 finished with value: 20.638970331196138 and parameters: {'C': 481.8425687337551, 'epsilon': 0.08310523144516557, 'gamma': 98.36638631314321}. Best is trial 906 with value: 15.547757593814149.
trail number 2929
[I 2025-07-18 04:01:55,213] Trial 2929 finished with value: 23.130668874250027 and parameters: {'C': 948.0939222191006, 'epsilon': 0.307104244046435, 'gamma': 102.81539064388511}. Best is trial 906 with value: 15.547757593814149.
trail number 2933
[I 2025-07-18 04:01:55,406] Trial 2933 finished with value: 23.38768772486342 and parameters: {'C': 12.057718331746031, 'epsilon': 14.165846130925585, 'gamma': 105.20521037659358}. Best is trial 906 with value: 15.547757593814149.
trail number 2934
[I 2025-07-18 04:01:55,478] Trial 2934 finished with value: 23.46184224208041 and parameters: {'C': 7.885184347608941, 'epsilon': 0.32860007057117846, 'gamma': 51.46098187625133}. Best is trial 906 with value: 15.547757593814149.
trail number 2927
[I 2025-07-18 04:01:55,499] Trial 2927 finished with value: 21.87249499196262 and parameters: {'C': 1428.9579905234325, 'epsilon': 0.0994163094675634, 'gamma': 67.09412607079611}. Best is trial 906 with value: 15.547757593814149.
trail number 2932
[I 2025-07-18 04:01:55,548] Trial 2932 finished with value: 21.320590871228802 and parameters: {'C': 715.3268214381113, 'epsilon': 13.671106425715218, 'gamma': 93.03404505153466}. Best is trial 906 with value: 15.547757593814149.
trail number 2935
[I 2025-07-18 04:01:55,811] Trial 2935 finished with value: 22.019032774363403 and parameters: {'C': 646.2977899469536, 'epsilon': 0.4298233778773295, 'gamma': 120.48365149047706}. Best is trial 906 with value: 15.547757593814149.
trail number 2937
[I 2025-07-18 04:01:55,825] Trial 2937 finished with value: 21.15894686413617 and parameters: {'C': 724.7035879686787, 'epsilon': 12.074646643097267, 'gamma': 73.50850627216784}. Best is trial 906 with value: 15.547757593814149.
trail number 2928
[I 2025-07-18 04:01:55,841] Trial 2928 finished with value: 30.511963466741342 and parameters: {'C': 1549.9847931753402, 'epsilon': 7.549769927776916, 'gamma': 188.94204775481788}. Best is trial 906 with value: 15.547757593814149.
trail number 2940
[I 2025-07-18 04:01:55,873] Trial 2940 finished with value: 76.90471105385184 and parameters: {'C': 3319.634578037213, 'epsilon': 106.95308115916924, 'gamma': 165.65137098089627}. Best is trial 906 with value: 15.547757593814149.
trail number 2941
[I 2025-07-18 04:01:55,910] Trial 2941 finished with value: 72.04871180116122 and parameters: {'C': 1031.5991321718204, 'epsilon': 96.81604487988699, 'gamma': 299.38293330947096}. Best is trial 906 with value: 15.547757593814149.
trail number 2942
[I 2025-07-18 04:01:56,107] Trial 2942 finished with value: 24.38012739791934 and parameters: {'C': 6.427662267111501, 'epsilon': 1.6619480320098137, 'gamma': 74.78022941103178}. Best is trial 906 with value: 15.547757593814149.
trail number 2944
[I 2025-07-18 04:01:56,183] Trial 2944 finished with value: 24.919817471202272 and parameters: {'C': 21.04231033669052, 'epsilon': 21.391442403085772, 'gamma': 107.44251876472137}. Best is trial 906 with value: 15.547757593814149.
trail number 2946
[I 2025-07-18 04:01:56,242] Trial 2946 finished with value: 83.43988619511013 and parameters: {'C': 452.79406333604175, 'epsilon': 117.13496586875887, 'gamma': 451.7629238762938}. Best is trial 906 with value: 15.547757593814149.
trail number 2936
[I 2025-07-18 04:01:56,305] Trial 2936 finished with value: 31.13768709870136 and parameters: {'C': 1391.3744096049104, 'epsilon': 1.4256288631488123, 'gamma': 170.74759458297052}. Best is trial 906 with value: 15.547757593814149.
trail number 2943
[I 2025-07-18 04:01:56,311] Trial 2943 finished with value: 25.7913578995723 and parameters: {'C': 1977.4639623682267, 'epsilon': 27.047577264749947, 'gamma': 53.03909034038481}. Best is trial 906 with value: 15.547757593814149.
trail number 2945
[I 2025-07-18 04:01:56,421] Trial 2945 finished with value: 17.363780684193458 and parameters: {'C': 46.61219909325362, 'epsilon': 0.8635758063691369, 'gamma': 93.25323053033941}. Best is trial 906 with value: 15.547757593814149.
trail number 2939
[I 2025-07-18 04:01:56,475] Trial 2939 finished with value: 27.915737060683625 and parameters: {'C': 1366.4659078355194, 'epsilon': 12.626419556366951, 'gamma': 204.4763562877204}. Best is trial 906 with value: 15.547757593814149.
trail number 2947
[I 2025-07-18 04:01:56,516] Trial 2947 finished with value: 27.851556520321587 and parameters: {'C': 108.34746463930107, 'epsilon': 29.290608423779272, 'gamma': 145.7299901465351}. Best is trial 906 with value: 15.547757593814149.
trail number 2938
[I 2025-07-18 04:01:56,737] Trial 2938 finished with value: 28.99677909068033 and parameters: {'C': 1502.8632235060404, 'epsilon': 9.520158322457895, 'gamma': 159.86971004278357}. Best is trial 906 with value: 15.547757593814149.
trail number 2950
[I 2025-07-18 04:01:56,787] Trial 2950 finished with value: 57.52183223616892 and parameters: {'C': 1009.692857006085, 'epsilon': 12.525273951149853, 'gamma': 4.332901258851734}. Best is trial 906 with value: 15.547757593814149.
trail number 2949
[I 2025-07-18 04:01:56,852] Trial 2949 finished with value: 20.989668871706634 and parameters: {'C': 672.517295579119, 'epsilon': 13.423028456277152, 'gamma': 94.96823811302987}. Best is trial 906 with value: 15.547757593814149.
trail number 2951
[I 2025-07-18 04:01:56,959] Trial 2951 finished with value: 19.67042922518818 and parameters: {'C': 759.5403419536261, 'epsilon': 15.26133527516485, 'gamma': 43.429944892445505}. Best is trial 906 with value: 15.547757593814149.
trail number 2948
[I 2025-07-18 04:01:57,196] Trial 2948 finished with value: 27.692062802169396 and parameters: {'C': 2362.4376881957396, 'epsilon': 3.3741154148744963, 'gamma': 114.98795148970802}. Best is trial 906 with value: 15.547757593814149.
trail number 2956
[I 2025-07-18 04:01:57,237] Trial 2956 finished with value: 28.385035841642814 and parameters: {'C': 8.16605675440971, 'epsilon': 21.07632781481116, 'gamma': 71.20537106913004}. Best is trial 906 with value: 15.547757593814149.
trail number 2953
[I 2025-07-18 04:01:57,283] Trial 2953 finished with value: 18.19424372530384 and parameters: {'C': 494.7620668273368, 'epsilon': 13.195048370231259, 'gamma': 55.47861393659089}. Best is trial 906 with value: 15.547757593814149.
trail number 2955
[I 2025-07-18 04:01:57,433] Trial 2955 finished with value: 19.22693486128392 and parameters: {'C': 708.842160164319, 'epsilon': 13.361921550029113, 'gamma': 39.61655391953375}. Best is trial 906 with value: 15.547757593814149.
trail number 2954
[I 2025-07-18 04:01:57,451] Trial 2954 finished with value: 47.3677863329721 and parameters: {'C': 5757.718868049833, 'epsilon': 32.45113251447129, 'gamma': 395.76054560618087}. Best is trial 906 with value: 15.547757593814149.
trail number 2959
[I 2025-07-18 04:01:57,607] Trial 2959 finished with value: 20.91566320132212 and parameters: {'C': 26.71619281776617, 'epsilon': 14.783910503637989, 'gamma': 74.03151501819615}. Best is trial 906 with value: 15.547757593814149.
trail number 2961
[I 2025-07-18 04:01:57,704] Trial 2961 finished with value: 27.39593504386811 and parameters: {'C': 1150.1394674686019, 'epsilon': 22.463621531741566, 'gamma': 140.20065809207705}. Best is trial 906 with value: 15.547757593814149.
trail number 2952
[I 2025-07-18 04:01:57,704] Trial 2952 finished with value: 23.233199593140668 and parameters: {'C': 946.1432543910638, 'epsilon': 0.08506897802322663, 'gamma': 117.50697112386416}. Best is trial 906 with value: 15.547757593814149.
trail number 2958
[I 2025-07-18 04:01:57,741] Trial 2958 finished with value: 31.834694455102483 and parameters: {'C': 4.283374960117129, 'epsilon': 1.0395472990736754, 'gamma': 248.34703823916487}. Best is trial 906 with value: 15.547757593814149.
trail number 2957
[I 2025-07-18 04:01:57,921] Trial 2957 finished with value: 28.165470606781923 and parameters: {'C': 848.828525784484, 'epsilon': 0.5357860498586984, 'gamma': 176.0405143878982}. Best is trial 906 with value: 15.547757593814149.
trail number 2964
[I 2025-07-18 04:01:57,958] Trial 2964 finished with value: 33.99581449476811 and parameters: {'C': 809.5276192794034, 'epsilon': 45.06081248556257, 'gamma': 107.93763301458647}. Best is trial 906 with value: 15.547757593814149.
trail number 2963
[I 2025-07-18 04:01:57,976] Trial 2963 finished with value: 24.28781987044761 and parameters: {'C': 7.640252562665054, 'epsilon': 10.335821849480702, 'gamma': 80.26386130289846}. Best is trial 906 with value: 15.547757593814149.
trail number 2965
[I 2025-07-18 04:01:58,184] Trial 2965 finished with value: 47.08081817220525 and parameters: {'C': 57.36213222858459, 'epsilon': 14.193500216228042, 'gamma': 5.142047214271983}. Best is trial 906 with value: 15.547757593814149.
trail number 2960
[I 2025-07-18 04:01:58,285] Trial 2960 finished with value: 22.618677266528522 and parameters: {'C': 1435.2908131398478, 'epsilon': 10.050189983653276, 'gamma': 67.67303860080217}. Best is trial 906 with value: 15.547757593814149.
trail number 2966
[I 2025-07-18 04:01:58,450] Trial 2966 finished with value: 20.427615860466574 and parameters: {'C': 1325.845468634013, 'epsilon': 11.674705121282349, 'gamma': 56.15749915742867}. Best is trial 906 with value: 15.547757593814149.
trail number 2967
[I 2025-07-18 04:01:58,560] Trial 2967 finished with value: 23.244024607186226 and parameters: {'C': 1169.5300269295199, 'epsilon': 11.21791588841878, 'gamma': 90.5831183503531}. Best is trial 906 with value: 15.547757593814149.
trail number 2962
[I 2025-07-18 04:01:58,597] Trial 2962 finished with value: 23.371415786655728 and parameters: {'C': 574.5945601892773, 'epsilon': 0.5397573382961032, 'gamma': 153.20652403198386}. Best is trial 906 with value: 15.547757593814149.
trail number 2968
[I 2025-07-18 04:01:58,623] Trial 2968 finished with value: 19.519106484155422 and parameters: {'C': 1370.7071668718515, 'epsilon': 0.1123747994625075, 'gamma': 49.39768358527583}. Best is trial 906 with value: 15.547757593814149.
trail number 2969
[I 2025-07-18 04:01:58,701] Trial 2969 finished with value: 37.45933768223114 and parameters: {'C': 86.72518439798323, 'epsilon': 0.17367172337193915, 'gamma': 15.737756768155059}. Best is trial 906 with value: 15.547757593814149.
trail number 2972
[I 2025-07-18 04:01:58,733] Trial 2972 finished with value: 26.74196132695254 and parameters: {'C': 13.385340484236224, 'epsilon': 20.338257194614396, 'gamma': 126.08248230783772}. Best is trial 906 with value: 15.547757593814149.
trail number 2975
[I 2025-07-18 04:01:58,987] Trial 2975 finished with value: 26.321386529778046 and parameters: {'C': 544.3191423010992, 'epsilon': 26.763223153490625, 'gamma': 82.45837121616341}. Best is trial 906 with value: 15.547757593814149.
trail number 2976
[I 2025-07-18 04:01:59,005] Trial 2976 finished with value: 50.78701356520922 and parameters: {'C': 113.75488220374768, 'epsilon': 1.2196898392988054, 'gamma': 0.13855684728848416}. Best is trial 906 with value: 15.547757593814149.
trail number 2971
[I 2025-07-18 04:01:59,023] Trial 2971 finished with value: 16.357965680392237 and parameters: {'C': 132.25813270772787, 'epsilon': 0.05965201381202068, 'gamma': 70.02948966260564}. Best is trial 906 with value: 15.547757593814149.
trail number 2970
[I 2025-07-18 04:01:59,047] Trial 2970 finished with value: 22.909805603375965 and parameters: {'C': 635.3610235292642, 'epsilon': 0.9612569676844456, 'gamma': 27.472621601218144}. Best is trial 906 with value: 15.547757593814149.
trail number 2974
[I 2025-07-18 04:01:59,140] Trial 2974 finished with value: 44.20350227023339 and parameters: {'C': 1025.0992260736928, 'epsilon': 0.29276485537901387, 'gamma': 12.536254028706779}. Best is trial 906 with value: 15.547757593814149.
trail number 2973
[I 2025-07-18 04:01:59,184] Trial 2973 finished with value: 49.87754423611844 and parameters: {'C': 828.4201601108705, 'epsilon': 6.540710717950253, 'gamma': 1.9550121253860553}. Best is trial 906 with value: 15.547757593814149.
trail number 2979
[I 2025-07-18 04:01:59,350] Trial 2979 finished with value: 22.891360617872266 and parameters: {'C': 14.223072963076532, 'epsilon': 14.947082624689097, 'gamma': 46.28462196339036}. Best is trial 906 with value: 15.547757593814149.
trail number 2978
[I 2025-07-18 04:01:59,598] Trial 2978 finished with value: 21.409914240121168 and parameters: {'C': 682.3828487104696, 'epsilon': 13.868883977489467, 'gamma': 111.35710611711178}. Best is trial 906 with value: 15.547757593814149.
trail number 2977
[I 2025-07-18 04:01:59,639] Trial 2977 finished with value: 24.14344441533991 and parameters: {'C': 1368.1719844673094, 'epsilon': 12.680288152348773, 'gamma': 108.32365585391409}. Best is trial 906 with value: 15.547757593814149.
trail number 2981
[I 2025-07-18 04:01:59,673] Trial 2981 finished with value: 21.963810185439588 and parameters: {'C': 743.7872728910211, 'epsilon': 0.1798679870209664, 'gamma': 95.11616678307999}. Best is trial 906 with value: 15.547757593814149.
trail number 2980
[I 2025-07-18 04:01:59,795] Trial 2980 finished with value: 22.091994450589397 and parameters: {'C': 1274.880367462672, 'epsilon': 14.682726532870324, 'gamma': 100.73399834828837}. Best is trial 906 with value: 15.547757593814149.
trail number 2983
[I 2025-07-18 04:01:59,873] Trial 2983 finished with value: 16.93113620492207 and parameters: {'C': 547.4932138298786, 'epsilon': 10.058076426137696, 'gamma': 53.28107356399492}. Best is trial 906 with value: 15.547757593814149.
trail number 2986
[I 2025-07-18 04:01:59,952] Trial 2986 finished with value: 19.244512576852223 and parameters: {'C': 701.808579285884, 'epsilon': 13.815670638926516, 'gamma': 64.43433846484008}. Best is trial 906 with value: 15.547757593814149.
trail number 2985
[I 2025-07-18 04:02:00,056] Trial 2985 finished with value: 56.86676074767022 and parameters: {'C': 692.4135515909055, 'epsilon': 0.4167738234528422, 'gamma': 11.12342349742758}. Best is trial 906 with value: 15.547757593814149.
trail number 2982
[I 2025-07-18 04:02:00,129] Trial 2982 finished with value: 22.25271784753718 and parameters: {'C': 675.1457811032622, 'epsilon': 0.27036171370847273, 'gamma': 106.16579401604938}. Best is trial 906 with value: 15.547757593814149.
trail number 2989
[I 2025-07-18 04:02:00,163] Trial 2989 finished with value: 24.072109081454823 and parameters: {'C': 15.279558529003197, 'epsilon': 16.57328434133945, 'gamma': 115.0546912283524}. Best is trial 906 with value: 15.547757593814149.
trail number 2988
[I 2025-07-18 04:02:00,340] Trial 2988 finished with value: 21.440412556451832 and parameters: {'C': 496.6918853010318, 'epsilon': 13.48664492702892, 'gamma': 119.31881659557502}. Best is trial 906 with value: 15.547757593814149.
trail number 2984
[I 2025-07-18 04:02:00,386] Trial 2984 finished with value: 22.01780327679616 and parameters: {'C': 708.3953286725047, 'epsilon': 0.08407445977928862, 'gamma': 30.477707182574868}. Best is trial 906 with value: 15.547757593814149.
trail number 2990
[I 2025-07-18 04:02:00,408] Trial 2990 finished with value: 16.013263757678722 and parameters: {'C': 131.99191422552113, 'epsilon': 0.7742053275553484, 'gamma': 71.73394417143079}. Best is trial 906 with value: 15.547757593814149.
trail number 2991
[I 2025-07-18 04:02:00,568] Trial 2991 finished with value: 17.892176920261377 and parameters: {'C': 486.6955442425307, 'epsilon': 14.68474087852272, 'gamma': 55.9163927834757}. Best is trial 906 with value: 15.547757593814149.
trail number 2987
[I 2025-07-18 04:02:00,584] Trial 2987 finished with value: 20.78320716788947 and parameters: {'C': 543.457027309084, 'epsilon': 0.578986787339583, 'gamma': 34.71280198264273}. Best is trial 906 with value: 15.547757593814149.
trail number 2992
[I 2025-07-18 04:02:00,809] Trial 2992 finished with value: 22.621836776282056 and parameters: {'C': 992.849705595962, 'epsilon': 0.6189085475820786, 'gamma': 84.16600348075433}. Best is trial 906 with value: 15.547757593814149.
trail number 2993
[I 2025-07-18 04:02:00,833] Trial 2993 finished with value: 23.01207220086956 and parameters: {'C': 796.6368500127445, 'epsilon': 13.416747106843264, 'gamma': 131.24616884017013}. Best is trial 906 with value: 15.547757593814149.
trail number 2997
[I 2025-07-18 04:02:00,934] Trial 2997 finished with value: 21.57880946576231 and parameters: {'C': 18.178558633670505, 'epsilon': 11.621245001616499, 'gamma': 71.48830469758269}. Best is trial 906 with value: 15.547757593814149.
trail number 2995
[I 2025-07-18 04:02:01,008] Trial 2995 finished with value: 21.22853111488783 and parameters: {'C': 439.8658155849896, 'epsilon': 0.3488687864652812, 'gamma': 140.13105787000103}. Best is trial 906 with value: 15.547757593814149.
trail number 2994
[I 2025-07-18 04:02:01,015] Trial 2994 finished with value: 17.98474681692489 and parameters: {'C': 781.6244794954839, 'epsilon': 11.163407781967724, 'gamma': 55.46272378153836}. Best is trial 906 with value: 15.547757593814149.
trail number 2998
[I 2025-07-18 04:02:01,078] Trial 2998 finished with value: 56.32161793821647 and parameters: {'C': 653.3978690281835, 'epsilon': 33.79218001714492, 'gamma': 5.360637182499389}. Best is trial 906 with value: 15.547757593814149.
trail number 2996
[I 2025-07-18 04:02:01,174] Trial 2996 finished with value: 19.893235620688063 and parameters: {'C': 310.99571669923, 'epsilon': 0.13347287073961223, 'gamma': 105.24923755347555}. Best is trial 906 with value: 15.547757593814149.
trail number 2999
[I 2025-07-18 04:02:01,293] Trial 2999 finished with value: 20.73476331439887 and parameters: {'C': 600.8274350512265, 'epsilon': 1.2027493701910659, 'gamma': 76.42820080848182}. Best is trial 906 with value: 15.547757593814149.
Best parameters:  {'C': 153.13084854077272, 'epsilon': 2.2015430743925792, 'gamma': 65.76808523668737}
Best value:  15.547757593814149
