[I 2025-07-18 03:58:30,782] Trial 449 finished with value: 20.158267309202703 and parameters: {'C': 17.18926484523761, 'epsilon': 1.6678976734991036, 'gamma': 47.63322513232032}. Best is trial 331 with value: 15.7197636232894.
trail number 445
[I 2025-07-18 03:58:30,824] Trial 445 finished with value: 19.173167132799456 and parameters: {'C': 43.382539560015914, 'epsilon': 4.635342534333512, 'gamma': 123.50821802691564}. Best is trial 331 with value: 15.7197636232894.
trail number 450
[I 2025-07-18 03:58:31,086] Trial 450 finished with value: 18.2239764108119 and parameters: {'C': 59.05297410673005, 'epsilon': 0.1391813093354164, 'gamma': 146.31006715341942}. Best is trial 331 with value: 15.7197636232894.
trail number 452
[I 2025-07-18 03:58:31,196] Trial 452 finished with value: 19.45158554934219 and parameters: {'C': 413.1756876738344, 'epsilon': 0.6374713721246066, 'gamma': 77.45636827886283}. Best is trial 331 with value: 15.7197636232894.
trail number 444
[I 2025-07-18 03:58:31,222] Trial 444 finished with value: 19.699315746468653 and parameters: {'C': 919.8031384435158, 'epsilon': 0.3446374131001282, 'gamma': 55.96004038631688}. Best is trial 331 with value: 15.7197636232894.
trail number 453
[I 2025-07-18 03:58:31,239] Trial 453 finished with value: 19.6098024803593 and parameters: {'C': 679.5014359338352, 'epsilon': 16.561307833499004, 'gamma': 69.12629803139694}. Best is trial 331 with value: 15.7197636232894.
trail number 454
[I 2025-07-18 03:58:31,624] Trial 454 finished with value: 21.860623764879985 and parameters: {'C': 877.6688313935667, 'epsilon': 15.047304259676286, 'gamma': 28.36311373077863}. Best is trial 331 with value: 15.7197636232894.
trail number 457
[I 2025-07-18 03:58:31,644] Trial 457 finished with value: 44.99670496437219 and parameters: {'C': 23.160500128569772, 'epsilon': 20.874315855188804, 'gamma': 8.485553161969854}. Best is trial 331 with value: 15.7197636232894.
trail number 455
[I 2025-07-18 03:58:31,661] Trial 455 finished with value: 17.28478727047608 and parameters: {'C': 672.8439828103709, 'epsilon': 1.3140336434431696, 'gamma': 47.407850368536174}. Best is trial 331 with value: 15.7197636232894.
trail number 456
[I 2025-07-18 03:58:31,774] Trial 456 finished with value: 22.11944454203986 and parameters: {'C': 899.8404658502709, 'epsilon': 14.358340355729917, 'gamma': 25.33176478966161}. Best is trial 331 with value: 15.7197636232894.
trail number 460
[I 2025-07-18 03:58:31,983] Trial 460 finished with value: 17.714915365125055 and parameters: {'C': 47.10263124585886, 'epsilon': 0.08926898223590957, 'gamma': 100.20185994776824}. Best is trial 331 with value: 15.7197636232894.
trail number 461
[I 2025-07-18 03:58:32,085] Trial 461 finished with value: 22.62484348968311 and parameters: {'C': 18.98708929206896, 'epsilon': 16.398081698797174, 'gamma': 39.91240608017878}. Best is trial 331 with value: 15.7197636232894.
trail number 462
[I 2025-07-18 03:58:32,174] Trial 462 finished with value: 21.084489035208517 and parameters: {'C': 50.38254945883817, 'epsilon': 17.447094169975664, 'gamma': 44.53451452059694}. Best is trial 331 with value: 15.7197636232894.
trail number 458
[I 2025-07-18 03:58:32,199] Trial 458 finished with value: 26.873590884024935 and parameters: {'C': 2180.4687434832795, 'epsilon': 25.13823612421053, 'gamma': 121.47627204916363}. Best is trial 331 with value: 15.7197636232894.
trail number 448
[I 2025-07-18 03:58:32,457] Trial 448 finished with value: 35.64476787171017 and parameters: {'C': 3059.577462532662, 'epsilon': 9.673965417973292, 'gamma': 272.81981186390544}. Best is trial 331 with value: 15.7197636232894.
trail number 459
[I 2025-07-18 03:58:32,489] Trial 459 finished with value: 22.432345703976868 and parameters: {'C': 758.2792286462634, 'epsilon': 0.6146192471036049, 'gamma': 29.99286298147196}. Best is trial 331 with value: 15.7197636232894.
trail number 463
[I 2025-07-18 03:58:32,512] Trial 463 finished with value: 24.385120459045556 and parameters: {'C': 965.3549784594315, 'epsilon': 20.047561814644137, 'gamma': 93.4128492162744}. Best is trial 331 with value: 15.7197636232894.
trail number 464
[I 2025-07-18 03:58:32,584] Trial 464 finished with value: 17.16647667618945 and parameters: {'C': 350.08621702048515, 'epsilon': 0.1379000075427793, 'gamma': 44.027982760778954}. Best is trial 331 with value: 15.7197636232894.
trail number 465
[I 2025-07-18 03:58:32,794] Trial 465 finished with value: 22.07558689136828 and parameters: {'C': 923.1563130992615, 'epsilon': 15.770312483002481, 'gamma': 122.08198217408022}. Best is trial 331 with value: 15.7197636232894.
trail number 466
[I 2025-07-18 03:58:32,916] Trial 466 finished with value: 26.907533462015568 and parameters: {'C': 780.0967517990788, 'epsilon': 21.20458526986497, 'gamma': 139.18721520073058}. Best is trial 331 with value: 15.7197636232894.
trail number 467
[I 2025-07-18 03:58:33,016] Trial 467 finished with value: 27.079642071217325 and parameters: {'C': 1010.27935267371, 'epsilon': 18.007631678644863, 'gamma': 170.79789472996458}. Best is trial 331 with value: 15.7197636232894.
trail number 451
[I 2025-07-18 03:58:33,092] Trial 451 finished with value: 32.62719301513811 and parameters: {'C': 3674.830348531485, 'epsilon': 7.222281538985605, 'gamma': 496.1198691475387}. Best is trial 331 with value: 15.7197636232894.
trail number 473
[I 2025-07-18 03:58:33,151] Trial 473 finished with value: 61.54121732316516 and parameters: {'C': 453.4247978933886, 'epsilon': 81.03473565609184, 'gamma': 237.99145610038758}. Best is trial 331 with value: 15.7197636232894.
trail number 468
[I 2025-07-18 03:58:33,177] Trial 468 finished with value: 30.88522701690436 and parameters: {'C': 3921.592568502134, 'epsilon': 26.86285268608529, 'gamma': 118.77019747541152}. Best is trial 331 with value: 15.7197636232894.
trail number 474
[I 2025-07-18 03:58:33,363] Trial 474 finished with value: 66.44271684358253 and parameters: {'C': 3432.251230781996, 'epsilon': 76.14461449947078, 'gamma': 1.7984978534384197}. Best is trial 331 with value: 15.7197636232894.
trail number 469
[I 2025-07-18 03:58:33,476] Trial 469 finished with value: 44.53022443684962 and parameters: {'C': 5802.5073762324955, 'epsilon': 29.258482920978793, 'gamma': 345.6600870153196}. Best is trial 331 with value: 15.7197636232894.
trail number 470
[I 2025-07-18 03:58:33,513] Trial 470 finished with value: 20.76252827278844 and parameters: {'C': 472.07591122105845, 'epsilon': 1.0159072652334813, 'gamma': 85.51814961906643}. Best is trial 331 with value: 15.7197636232894.
trail number 472
[I 2025-07-18 03:58:33,563] Trial 472 finished with value: 18.80299977401353 and parameters: {'C': 126.61659361443677, 'epsilon': 1.7617538288895116, 'gamma': 41.317221424019955}. Best is trial 331 with value: 15.7197636232894.
trail number 476
[I 2025-07-18 03:58:33,673] Trial 476 finished with value: 16.146328790448703 and parameters: {'C': 89.67636299876507, 'epsilon': 1.4077745415432434, 'gamma': 83.3094631541747}. Best is trial 331 with value: 15.7197636232894.
trail number 475
[I 2025-07-18 03:58:33,717] Trial 475 finished with value: 16.66273959623325 and parameters: {'C': 77.18882270715085, 'epsilon': 0.9057240007271166, 'gamma': 90.1222050328596}. Best is trial 331 with value: 15.7197636232894.
trail number 471
[I 2025-07-18 03:58:33,735] Trial 471 finished with value: 20.854574899695997 and parameters: {'C': 494.5875211548442, 'epsilon': 0.9501500044475052, 'gamma': 86.43945278418332}. Best is trial 331 with value: 15.7197636232894.
trail number 482
[I 2025-07-18 03:58:33,831] Trial 482 finished with value: 69.46701155214045 and parameters: {'C': 5836.080483745642, 'epsilon': 90.0602159669545, 'gamma': 456.53955962717794}. Best is trial 331 with value: 15.7197636232894.
trail number 479
[I 2025-07-18 03:58:33,926] Trial 479 finished with value: 19.369414832458 and parameters: {'C': 59.11865731014346, 'epsilon': 11.425105700066144, 'gamma': 73.15826131734632}. Best is trial 331 with value: 15.7197636232894.
trail number 480
[I 2025-07-18 03:58:34,083] Trial 480 finished with value: 19.32683848834443 and parameters: {'C': 245.20225602995555, 'epsilon': 0.5391957366935167, 'gamma': 103.2712405454607}. Best is trial 331 with value: 15.7197636232894.
trail number 477
[I 2025-07-18 03:58:34,104] Trial 477 finished with value: 21.970845486586395 and parameters: {'C': 645.7405116219624, 'epsilon': 0.16253774933958853, 'gamma': 121.08210700946182}. Best is trial 331 with value: 15.7197636232894.
trail number 481
[I 2025-07-18 03:58:34,109] Trial 481 finished with value: 19.521615216943097 and parameters: {'C': 32.62790458328128, 'epsilon': 10.09169011057353, 'gamma': 94.45056370279228}. Best is trial 331 with value: 15.7197636232894.
trail number 486
[I 2025-07-18 03:58:34,327] Trial 486 finished with value: 31.98728844784015 and parameters: {'C': 4.712006042142036, 'epsilon': 15.09471678481999, 'gamma': 190.7013503882745}. Best is trial 331 with value: 15.7197636232894.
trail number 483
[I 2025-07-18 03:58:34,393] Trial 483 finished with value: 17.268572437995864 and parameters: {'C': 172.8331719789861, 'epsilon': 0.5970333239232253, 'gamma': 81.77507396070304}. Best is trial 331 with value: 15.7197636232894.
trail number 485
[I 2025-07-18 03:58:34,401] Trial 485 finished with value: 16.68269686812956 and parameters: {'C': 80.26695282521668, 'epsilon': 0.11379102379574604, 'gamma': 81.85018515195675}. Best is trial 331 with value: 15.7197636232894.
trail number 478
[I 2025-07-18 03:58:34,438] Trial 478 finished with value: 23.025357248685427 and parameters: {'C': 904.1922350506951, 'epsilon': 0.17728220836199005, 'gamma': 95.52441887926199}. Best is trial 331 with value: 15.7197636232894.
trail number 488
[I 2025-07-18 03:58:34,571] Trial 488 finished with value: 24.97753341592259 and parameters: {'C': 6.3185941102786245, 'epsilon': 8.473586059797464, 'gamma': 103.28196234609797}. Best is trial 331 with value: 15.7197636232894.
trail number 491
[I 2025-07-18 03:58:34,609] Trial 491 finished with value: 54.64914198745656 and parameters: {'C': 5695.140511805707, 'epsilon': 89.18258343055042, 'gamma': 24.8313134513121}. Best is trial 331 with value: 15.7197636232894.
trail number 487
[I 2025-07-18 03:58:34,701] Trial 487 finished with value: 20.941305439681912 and parameters: {'C': 189.9724823004522, 'epsilon': 3.3398798511749623, 'gamma': 190.8591046484234}. Best is trial 331 with value: 15.7197636232894.
trail number 484
[I 2025-07-18 03:58:34,719] Trial 484 finished with value: 20.510110621456853 and parameters: {'C': 453.722329690876, 'epsilon': 0.16935403126986437, 'gamma': 93.02700894666685}. Best is trial 331 with value: 15.7197636232894.
trail number 490
[I 2025-07-18 03:58:34,911] Trial 490 finished with value: 22.657103249432247 and parameters: {'C': 768.0261896428592, 'epsilon': 0.9702002778039351, 'gamma': 131.07772383777314}. Best is trial 331 with value: 15.7197636232894.
trail number 489
[I 2025-07-18 03:58:34,929] Trial 489 finished with value: 17.83394527739293 and parameters: {'C': 96.77080041142406, 'epsilon': 0.8402025772478767, 'gamma': 115.22776335909629}. Best is trial 331 with value: 15.7197636232894.
trail number 496
[I 2025-07-18 03:58:35,242] Trial 496 finished with value: 17.62944889615813 and parameters: {'C': 150.83290854328905, 'epsilon': 1.377332152093289, 'gamma': 94.26772051333641}. Best is trial 331 with value: 15.7197636232894.
trail number 492
[I 2025-07-18 03:58:35,281] Trial 492 finished with value: 24.89567977423873 and parameters: {'C': 809.7225375076094, 'epsilon': 2.5235715110775234, 'gamma': 153.4822084661186}. Best is trial 331 with value: 15.7197636232894.
trail number 494
[I 2025-07-18 03:58:35,301] Trial 494 finished with value: 16.052125218803894 and parameters: {'C': 234.15362869815087, 'epsilon': 1.1677608739519025, 'gamma': 57.77184811104503}. Best is trial 331 with value: 15.7197636232894.
trail number 493
[I 2025-07-18 03:58:35,307] Trial 493 finished with value: 21.200029570971047 and parameters: {'C': 377.24368647457374, 'epsilon': 5.374898152319279, 'gamma': 169.3849965982456}. Best is trial 331 with value: 15.7197636232894.
trail number 495
[I 2025-07-18 03:58:35,391] Trial 495 finished with value: 18.860876966573834 and parameters: {'C': 211.7862187439755, 'epsilon': 0.01728707227451165, 'gamma': 135.30371307061142}. Best is trial 331 with value: 15.7197636232894.
trail number 498
[I 2025-07-18 03:58:35,426] Trial 498 finished with value: 20.95256807446653 and parameters: {'C': 82.45956412366222, 'epsilon': 19.775659709252345, 'gamma': 54.0008381152759}. Best is trial 331 with value: 15.7197636232894.
trail number 497
[I 2025-07-18 03:58:35,511] Trial 497 finished with value: 15.999274021776326 and parameters: {'C': 233.41260739361724, 'epsilon': 1.2994805141507566, 'gamma': 52.03448064357017}. Best is trial 331 with value: 15.7197636232894.
trail number 499
[I 2025-07-18 03:58:35,522] Trial 499 finished with value: 21.320892302894595 and parameters: {'C': 41.824512870096704, 'epsilon': 8.690401951126086, 'gamma': 30.223972589514183}. Best is trial 331 with value: 15.7197636232894.
trail number 503
[I 2025-07-18 03:58:35,676] Trial 503 finished with value: 45.87239398819615 and parameters: {'C': 8.742395550219271, 'epsilon': 6.941030154198503, 'gamma': 7.0950484904621405}. Best is trial 331 with value: 15.7197636232894.
trail number 505
[I 2025-07-18 03:58:35,780] Trial 505 finished with value: 54.62602308888345 and parameters: {'C': 0.13889218519487656, 'epsilon': 8.73149241180274, 'gamma': 12.669949712084275}. Best is trial 331 with value: 15.7197636232894.
trail number 500
[I 2025-07-18 03:58:35,829] Trial 500 finished with value: 18.811729691336208 and parameters: {'C': 89.06444288155615, 'epsilon': 1.7484458916890933, 'gamma': 132.67402988096808}. Best is trial 331 with value: 15.7197636232894.
trail number 502
[I 2025-07-18 03:58:35,852] Trial 502 finished with value: 21.771759646908016 and parameters: {'C': 890.7951618046163, 'epsilon': 19.104752743333854, 'gamma': 71.54278993481813}. Best is trial 331 with value: 15.7197636232894.
trail number 501
[I 2025-07-18 03:58:35,898] Trial 501 finished with value: 50.44424998982622 and parameters: {'C': 798.251695912928, 'epsilon': 0.8762015810280677, 'gamma': 2.063442769944487}. Best is trial 331 with value: 15.7197636232894.
trail number 504
[I 2025-07-18 03:58:35,905] Trial 504 finished with value: 20.556325420198554 and parameters: {'C': 606.3706691291775, 'epsilon': 17.950762603844918, 'gamma': 75.0803182795742}. Best is trial 331 with value: 15.7197636232894.
trail number 507
[I 2025-07-18 03:58:35,951] Trial 507 finished with value: 24.40020944662252 and parameters: {'C': 22.462438204190704, 'epsilon': 21.140224051294695, 'gamma': 100.19082422238326}. Best is trial 331 with value: 15.7197636232894.
trail number 506
[I 2025-07-18 03:58:36,134] Trial 506 finished with value: 21.207655463189614 and parameters: {'C': 1005.9179449035984, 'epsilon': 12.411862474303401, 'gamma': 64.39069297777203}. Best is trial 331 with value: 15.7197636232894.
trail number 512
[I 2025-07-18 03:58:36,198] Trial 512 finished with value: 20.08777580503891 and parameters: {'C': 682.666261207704, 'epsilon': 17.558868662210543, 'gamma': 79.45223561111862}. Best is trial 331 with value: 15.7197636232894.
trail number 508
[I 2025-07-18 03:58:36,347] Trial 508 finished with value: 21.05114363299408 and parameters: {'C': 949.904373996523, 'epsilon': 14.775133183950086, 'gamma': 100.19832993422395}. Best is trial 331 with value: 15.7197636232894.
trail number 510
[I 2025-07-18 03:58:36,523] Trial 510 finished with value: 20.075115987403745 and parameters: {'C': 1065.380987416241, 'epsilon': 14.985311082741143, 'gamma': 94.20433247437411}. Best is trial 331 with value: 15.7197636232894.
trail number 513
[I 2025-07-18 03:58:36,729] Trial 513 finished with value: 19.09939290341479 and parameters: {'C': 1131.934684367129, 'epsilon': 0.15815693058311894, 'gamma': 51.14504905651879}. Best is trial 331 with value: 15.7197636232894.
trail number 511
[I 2025-07-18 03:58:36,760] Trial 511 finished with value: 18.208528096712563 and parameters: {'C': 776.7946331169444, 'epsilon': 1.4094722578538672, 'gamma': 39.89098712413396}. Best is trial 331 with value: 15.7197636232894.
trail number 515
[I 2025-07-18 03:58:36,829] Trial 515 finished with value: 18.22936882493905 and parameters: {'C': 51.21958192147284, 'epsilon': 0.43509698485388526, 'gamma': 59.2143729557001}. Best is trial 331 with value: 15.7197636232894.
trail number 509
[I 2025-07-18 03:58:36,878] Trial 509 finished with value: 19.51091753305511 and parameters: {'C': 1199.1809064458748, 'epsilon': 0.5143768470010412, 'gamma': 33.298407613458906}. Best is trial 331 with value: 15.7197636232894.
trail number 516
[I 2025-07-18 03:58:37,021] Trial 516 finished with value: 30.35031988599048 and parameters: {'C': 75.25474659431765, 'epsilon': 0.5493190642839891, 'gamma': 18.88521331212729}. Best is trial 331 with value: 15.7197636232894.
trail number 517
[I 2025-07-18 03:58:37,091] Trial 517 finished with value: 18.45523859859805 and parameters: {'C': 310.59049339419676, 'epsilon': 0.6993844872311343, 'gamma': 73.0741404174978}. Best is trial 331 with value: 15.7197636232894.
trail number 514
[I 2025-07-18 03:58:37,128] Trial 514 finished with value: 25.153199747264516 and parameters: {'C': 1944.2436030066729, 'epsilon': 3.509307427785705, 'gamma': 67.62840001366246}. Best is trial 331 with value: 15.7197636232894.
trail number 520
[I 2025-07-18 03:58:37,142] Trial 520 finished with value: 23.911601880673015 and parameters: {'C': 56.00085214780766, 'epsilon': 22.266921518701267, 'gamma': 107.87509509543901}. Best is trial 331 with value: 15.7197636232894.
trail number 519
[I 2025-07-18 03:58:37,280] Trial 519 finished with value: 23.253162157745408 and parameters: {'C': 7.590192588843962, 'epsilon': 2.769546618958263, 'gamma': 78.81861573876488}. Best is trial 331 with value: 15.7197636232894.
trail number 522
[I 2025-07-18 03:58:37,312] Trial 522 finished with value: 25.369863599265774 and parameters: {'C': 536.0553846269881, 'epsilon': 20.827159953386296, 'gamma': 140.83350489267033}. Best is trial 331 with value: 15.7197636232894.
trail number 524
[I 2025-07-18 03:58:37,370] Trial 524 finished with value: 46.83654580106406 and parameters: {'C': 1357.153505911813, 'epsilon': 52.8208606666875, 'gamma': 296.25232577474395}. Best is trial 331 with value: 15.7197636232894.
trail number 523
[I 2025-07-18 03:58:37,394] Trial 523 finished with value: 23.58409368566 and parameters: {'C': 712.2617904555258, 'epsilon': 18.340508884070175, 'gamma': 127.2195124143062}. Best is trial 331 with value: 15.7197636232894.
trail number 526
[I 2025-07-18 03:58:37,468] Trial 526 finished with value: 47.955026446336646 and parameters: {'C': 5439.736344978277, 'epsilon': 55.88226406642436, 'gamma': 154.24643468459982}. Best is trial 331 with value: 15.7197636232894.
trail number 521
[I 2025-07-18 03:58:37,508] Trial 521 finished with value: 17.2587853819076 and parameters: {'C': 56.04052012442986, 'epsilon': 0.9505360884546159, 'gamma': 72.54326242336802}. Best is trial 331 with value: 15.7197636232894.
trail number 525
[I 2025-07-18 03:58:37,538] Trial 525 finished with value: 29.667925680972512 and parameters: {'C': 860.8481246538793, 'epsilon': 37.39230272809133, 'gamma': 81.21241121973236}. Best is trial 331 with value: 15.7197636232894.
trail number 529
[I 2025-07-18 03:58:37,631] Trial 529 finished with value: 25.206419322294533 and parameters: {'C': 26.46640434027421, 'epsilon': 22.656329396781306, 'gamma': 106.63048284852417}. Best is trial 331 with value: 15.7197636232894.
trail number 528
[I 2025-07-18 03:58:37,808] Trial 528 finished with value: 17.018868393489164 and parameters: {'C': 435.97402819405255, 'epsilon': 0.11687276986993789, 'gamma': 52.9439023237896}. Best is trial 331 with value: 15.7197636232894.
trail number 527
[I 2025-07-18 03:58:37,841] Trial 527 finished with value: 19.41033085947029 and parameters: {'C': 22.380011427832414, 'epsilon': 1.00329479157888, 'gamma': 54.0672419256034}. Best is trial 331 with value: 15.7197636232894.
trail number 518
[I 2025-07-18 03:58:37,855] Trial 518 finished with value: 26.72233970970142 and parameters: {'C': 918.185340006491, 'epsilon': 0.32007389599470915, 'gamma': 164.6341336218223}. Best is trial 331 with value: 15.7197636232894.
trail number 532
[I 2025-07-18 03:58:37,981] Trial 532 finished with value: 18.5783898410261 and parameters: {'C': 145.95559546875023, 'epsilon': 0.39194098594169413, 'gamma': 121.9613415170686}. Best is trial 331 with value: 15.7197636232894.
trail number 530
[I 2025-07-18 03:58:38,075] Trial 530 finished with value: 17.75284514443045 and parameters: {'C': 144.69183409586552, 'epsilon': 0.4263914159334435, 'gamma': 89.13019480769108}. Best is trial 331 with value: 15.7197636232894.
trail number 533
[I 2025-07-18 03:58:38,134] Trial 533 finished with value: 56.65786662845644 and parameters: {'C': 557.4600453560392, 'epsilon': 16.037273297084326, 'gamma': 5.7496088146807125}. Best is trial 331 with value: 15.7197636232894.
trail number 534
[I 2025-07-18 03:58:38,352] Trial 534 finished with value: 18.535606972033726 and parameters: {'C': 43.524352098134656, 'epsilon': 1.9605243821376823, 'gamma': 130.64095440490124}. Best is trial 331 with value: 15.7197636232894.
trail number 537
[I 2025-07-18 03:58:38,417] Trial 537 finished with value: 31.069427371355822 and parameters: {'C': 3.8923375368055844, 'epsilon': 13.914963214232376, 'gamma': 125.07960631765461}. Best is trial 331 with value: 15.7197636232894.
trail number 536
[I 2025-07-18 03:58:38,579] Trial 536 finished with value: 23.398203018826372 and parameters: {'C': 892.5313932871247, 'epsilon': 0.5376289081496886, 'gamma': 128.39235409064895}. Best is trial 331 with value: 15.7197636232894.
trail number 538
