[I 2025-07-18 03:58:52,468] Trial 712 finished with value: 21.278187422210728 and parameters: {'C': 913.9975013383608, 'epsilon': 1.0241947817555548, 'gamma': 67.23525264367757}. Best is trial 331 with value: 15.7197636232894.
trail number 718
[I 2025-07-18 03:58:52,491] Trial 718 finished with value: 25.664151303453576 and parameters: {'C': 83.34211177226328, 'epsilon': 1.0894186916607462, 'gamma': 21.134024422100737}. Best is trial 331 with value: 15.7197636232894.
trail number 719
[I 2025-07-18 03:58:52,547] Trial 719 finished with value: 17.971091582792063 and parameters: {'C': 31.688026577109063, 'epsilon': 0.22471243498897753, 'gamma': 84.87823621398752}. Best is trial 331 with value: 15.7197636232894.
trail number 720
[I 2025-07-18 03:58:52,820] Trial 720 finished with value: 16.793633171187853 and parameters: {'C': 107.00552972721893, 'epsilon': 1.3977463252725943, 'gamma': 54.55937898626512}. Best is trial 331 with value: 15.7197636232894.
trail number 722
[I 2025-07-18 03:58:52,839] Trial 722 finished with value: 18.950475704967552 and parameters: {'C': 57.431665617046235, 'epsilon': 10.556288298776227, 'gamma': 72.30553577118512}. Best is trial 331 with value: 15.7197636232894.
trail number 717
[I 2025-07-18 03:58:52,896] Trial 717 finished with value: 21.975393850010953 and parameters: {'C': 602.3060004702386, 'epsilon': 0.23873027498046684, 'gamma': 120.04668615013733}. Best is trial 331 with value: 15.7197636232894.
trail number 723
[I 2025-07-18 03:58:53,005] Trial 723 finished with value: 17.244686115163404 and parameters: {'C': 511.9364076792457, 'epsilon': 0.08807943882078151, 'gamma': 50.35043834679131}. Best is trial 331 with value: 15.7197636232894.
trail number 725
[I 2025-07-18 03:58:53,102] Trial 725 finished with value: 22.766914145362314 and parameters: {'C': 108.53048853096867, 'epsilon': 21.132742223522566, 'gamma': 94.35413757978435}. Best is trial 331 with value: 15.7197636232894.
trail number 728
[I 2025-07-18 03:58:53,181] Trial 728 finished with value: 23.794315905382668 and parameters: {'C': 35.72909778971139, 'epsilon': 22.907023803357276, 'gamma': 81.33763272232605}. Best is trial 331 with value: 15.7197636232894.
trail number 721
[I 2025-07-18 03:58:53,322] Trial 721 finished with value: 19.70066849964857 and parameters: {'C': 912.3355973484133, 'epsilon': 1.1453287947380524, 'gamma': 56.710590228219836}. Best is trial 331 with value: 15.7197636232894.
trail number 726
[I 2025-07-18 03:58:53,394] Trial 726 finished with value: 16.927699467508667 and parameters: {'C': 123.95479834830118, 'epsilon': 0.3263065663003615, 'gamma': 82.8344654646896}. Best is trial 331 with value: 15.7197636232894.
trail number 730
[I 2025-07-18 03:58:53,403] Trial 730 finished with value: 19.062303362283185 and parameters: {'C': 37.36211734102369, 'epsilon': 11.494292067220481, 'gamma': 43.1880587442842}. Best is trial 331 with value: 15.7197636232894.
trail number 729
[I 2025-07-18 03:58:53,460] Trial 729 finished with value: 39.86535883895953 and parameters: {'C': 1.7158866405678879, 'epsilon': 18.30122291407267, 'gamma': 54.74288409316358}. Best is trial 331 with value: 15.7197636232894.
trail number 724
[I 2025-07-18 03:58:53,572] Trial 724 finished with value: 51.042754766361966 and parameters: {'C': 5886.1730554592905, 'epsilon': 33.59140007834274, 'gamma': 468.749557816108}. Best is trial 331 with value: 15.7197636232894.
trail number 733
[I 2025-07-18 03:58:53,599] Trial 733 finished with value: 20.204025055289236 and parameters: {'C': 88.1191907060213, 'epsilon': 17.790228252503145, 'gamma': 72.0552224461378}. Best is trial 331 with value: 15.7197636232894.
trail number 727
[I 2025-07-18 03:58:53,838] Trial 727 finished with value: 21.76878029004461 and parameters: {'C': 854.8019249065878, 'epsilon': 0.3405263132391998, 'gamma': 82.08545558336048}. Best is trial 331 with value: 15.7197636232894.
trail number 732
[I 2025-07-18 03:58:53,884] Trial 732 finished with value: 20.140214211500812 and parameters: {'C': 27.367604570361607, 'epsilon': 2.855596699731203, 'gamma': 167.77563298320513}. Best is trial 331 with value: 15.7197636232894.
trail number 736
[I 2025-07-18 03:58:53,932] Trial 736 finished with value: 20.720123602869702 and parameters: {'C': 139.08661699491768, 'epsilon': 0.1644165220607844, 'gamma': 29.427324893155472}. Best is trial 331 with value: 15.7197636232894.
trail number 734
[I 2025-07-18 03:58:53,938] Trial 734 finished with value: 18.322314100188834 and parameters: {'C': 34.87272359285498, 'epsilon': 0.8007082965161935, 'gamma': 62.41256077561836}. Best is trial 331 with value: 15.7197636232894.
trail number 731
[I 2025-07-18 03:58:54,019] Trial 731 finished with value: 19.49988591466515 and parameters: {'C': 225.68493135063926, 'epsilon': 0.12672606902311934, 'gamma': 102.03851420379696}. Best is trial 331 with value: 15.7197636232894.
trail number 735
[I 2025-07-18 03:58:54,152] Trial 735 finished with value: 24.24024834176157 and parameters: {'C': 417.92630003012977, 'epsilon': 0.04010945598806809, 'gamma': 218.5205650210084}. Best is trial 331 with value: 15.7197636232894.
trail number 739
[I 2025-07-18 03:58:54,217] Trial 739 finished with value: 17.657283699840168 and parameters: {'C': 36.62277011168321, 'epsilon': 3.2518621348655667, 'gamma': 69.83341744589306}. Best is trial 331 with value: 15.7197636232894.
trail number 737
[I 2025-07-18 03:58:54,330] Trial 737 finished with value: 21.259780877802203 and parameters: {'C': 800.4491683141421, 'epsilon': 16.180972965055545, 'gamma': 98.62446898292539}. Best is trial 331 with value: 15.7197636232894.
trail number 740
[I 2025-07-18 03:58:54,436] Trial 740 finished with value: 46.553366386360686 and parameters: {'C': 98.3913650474117, 'epsilon': 0.02204809073168912, 'gamma': 10.050469586948864}. Best is trial 331 with value: 15.7197636232894.
trail number 742
[I 2025-07-18 03:58:54,492] Trial 742 finished with value: 18.679695513905738 and parameters: {'C': 929.3626673708503, 'epsilon': 14.867397846391434, 'gamma': 54.83416259455727}. Best is trial 331 with value: 15.7197636232894.
trail number 741
[I 2025-07-18 03:58:54,499] Trial 741 finished with value: 19.05850879237805 and parameters: {'C': 28.20400311586033, 'epsilon': 0.5842148050813729, 'gamma': 51.84336798148222}. Best is trial 331 with value: 15.7197636232894.
trail number 743
[I 2025-07-18 03:58:54,544] Trial 743 finished with value: 21.580442548670995 and parameters: {'C': 904.6447153939883, 'epsilon': 14.038250421201823, 'gamma': 20.72014347758389}. Best is trial 331 with value: 15.7197636232894.
trail number 744
[I 2025-07-18 03:58:54,564] Trial 744 finished with value: 33.30088368576949 and parameters: {'C': 234.77263212085026, 'epsilon': 36.48703938824573, 'gamma': 198.75812022137748}. Best is trial 331 with value: 15.7197636232894.
trail number 746
[I 2025-07-18 03:58:54,798] Trial 746 finished with value: 48.32989302131708 and parameters: {'C': 861.22659205119, 'epsilon': 9.749239904111276, 'gamma': 1.3970098268706295}. Best is trial 331 with value: 15.7197636232894.
trail number 748
[I 2025-07-18 03:58:54,860] Trial 748 finished with value: 21.558265260877157 and parameters: {'C': 673.4430968270348, 'epsilon': 14.877727772557769, 'gamma': 112.2718093189929}. Best is trial 331 with value: 15.7197636232894.
trail number 749
[I 2025-07-18 03:58:54,950] Trial 749 finished with value: 27.10829524474092 and parameters: {'C': 798.2500984990845, 'epsilon': 20.75295880158394, 'gamma': 133.4566561053657}. Best is trial 331 with value: 15.7197636232894.
trail number 747
[I 2025-07-18 03:58:54,970] Trial 747 finished with value: 61.99964826105129 and parameters: {'C': 1112.470181681943, 'epsilon': 44.809484281819685, 'gamma': 5.565283305797379}. Best is trial 331 with value: 15.7197636232894.
trail number 745
[I 2025-07-18 03:58:54,985] Trial 745 finished with value: 52.45991866586486 and parameters: {'C': 722.4563615684096, 'epsilon': 11.942872255356647, 'gamma': 2.869427761729824}. Best is trial 331 with value: 15.7197636232894.
trail number 738
[I 2025-07-18 03:58:55,042] Trial 738 finished with value: 27.911407303751 and parameters: {'C': 935.4791513444673, 'epsilon': 1.0761448368585897, 'gamma': 201.00895804998746}. Best is trial 331 with value: 15.7197636232894.
trail number 750
[I 2025-07-18 03:58:55,085] Trial 750 finished with value: 23.84704240299472 and parameters: {'C': 662.5816878046551, 'epsilon': 18.42552692718644, 'gamma': 135.5938611369715}. Best is trial 331 with value: 15.7197636232894.
trail number 751
[I 2025-07-18 03:58:55,207] Trial 751 finished with value: 46.34204940840742 and parameters: {'C': 591.129084302527, 'epsilon': 0.5051790697432377, 'gamma': 1.2110507275871996}. Best is trial 331 with value: 15.7197636232894.
trail number 757
[I 2025-07-18 03:58:55,330] Trial 757 finished with value: 43.74444262655514 and parameters: {'C': 3.305572346355092, 'epsilon': 37.90376274618383, 'gamma': 128.66831027362917}. Best is trial 331 with value: 15.7197636232894.
trail number 758
[I 2025-07-18 03:58:55,351] Trial 758 finished with value: 82.34033337777643 and parameters: {'C': 3023.7881516604702, 'epsilon': 117.42068127033431, 'gamma': 143.85885578898657}. Best is trial 331 with value: 15.7197636232894.
trail number 752
[I 2025-07-18 03:58:55,483] Trial 752 finished with value: 17.784636322796576 and parameters: {'C': 79.74942181862737, 'epsilon': 0.323881157366654, 'gamma': 106.53097387904279}. Best is trial 331 with value: 15.7197636232894.
trail number 755
[I 2025-07-18 03:58:55,501] Trial 755 finished with value: 22.149822944220972 and parameters: {'C': 10.306541977211566, 'epsilon': 0.6671544650219363, 'gamma': 83.63093026473946}. Best is trial 331 with value: 15.7197636232894.
trail number 759
[I 2025-07-18 03:58:55,581] Trial 759 finished with value: 19.696739041042953 and parameters: {'C': 211.24973602537654, 'epsilon': 15.29856243895847, 'gamma': 85.44553641598289}. Best is trial 331 with value: 15.7197636232894.
trail number 756
[I 2025-07-18 03:58:55,640] Trial 756 finished with value: 23.36717967402488 and parameters: {'C': 792.722003140329, 'epsilon': 1.186773709827305, 'gamma': 136.21928006994546}. Best is trial 331 with value: 15.7197636232894.
trail number 754
[I 2025-07-18 03:58:55,664] Trial 754 finished with value: 26.34889270539165 and parameters: {'C': 899.1008450596548, 'epsilon': 12.668129368548888, 'gamma': 172.97091371407978}. Best is trial 331 with value: 15.7197636232894.
trail number 753
[I 2025-07-18 03:58:55,771] Trial 753 finished with value: 24.924367717620527 and parameters: {'C': 961.2753467849202, 'epsilon': 0.17698576904529828, 'gamma': 16.51877927899229}. Best is trial 331 with value: 15.7197636232894.
trail number 762
[I 2025-07-18 03:58:55,780] Trial 762 finished with value: 21.121050960546746 and parameters: {'C': 36.85850628774803, 'epsilon': 15.803357692492575, 'gamma': 90.6576875491493}. Best is trial 331 with value: 15.7197636232894.
trail number 764
[I 2025-07-18 03:58:55,941] Trial 764 finished with value: 23.321128148795925 and parameters: {'C': 38.04627841539701, 'epsilon': 20.594105748963578, 'gamma': 106.92139314913258}. Best is trial 331 with value: 15.7197636232894.
trail number 763
[I 2025-07-18 03:58:55,950] Trial 763 finished with value: 21.491423829057226 and parameters: {'C': 659.1499298376953, 'epsilon': 13.433836645925329, 'gamma': 108.08172720868401}. Best is trial 331 with value: 15.7197636232894.
trail number 766
[I 2025-07-18 03:58:55,980] Trial 766 finished with value: 21.33138100924286 and parameters: {'C': 41.33807955556446, 'epsilon': 15.080834997261297, 'gamma': 104.64497085253791}. Best is trial 331 with value: 15.7197636232894.
trail number 760
[I 2025-07-18 03:58:56,059] Trial 760 finished with value: 20.3579479684914 and parameters: {'C': 681.37561934219, 'epsilon': 12.138619549722257, 'gamma': 85.06047422099869}. Best is trial 331 with value: 15.7197636232894.
trail number 765
[I 2025-07-18 03:58:56,176] Trial 765 finished with value: 20.997293049093383 and parameters: {'C': 18.091756831689693, 'epsilon': 8.737555144054921, 'gamma': 128.62806221101687}. Best is trial 331 with value: 15.7197636232894.
trail number 769
[I 2025-07-18 03:58:56,206] Trial 769 finished with value: 26.410907260225876 and parameters: {'C': 10.567830844074422, 'epsilon': 14.384843121610203, 'gamma': 30.72370583089849}. Best is trial 331 with value: 15.7197636232894.
trail number 768
[I 2025-07-18 03:58:56,248] Trial 768 finished with value: 22.298126181801138 and parameters: {'C': 963.6583157472901, 'epsilon': 18.744853926064813, 'gamma': 39.1839027445387}. Best is trial 331 with value: 15.7197636232894.
trail number 770
[I 2025-07-18 03:58:56,403] Trial 770 finished with value: 28.712850157112577 and parameters: {'C': 4.030791213263541, 'epsilon': 11.986496800618411, 'gamma': 81.79368367814243}. Best is trial 331 with value: 15.7197636232894.
trail number 767
[I 2025-07-18 03:58:56,482] Trial 767 finished with value: 16.3447244306196 and parameters: {'C': 89.7643808263249, 'epsilon': 0.8986566631591801, 'gamma': 71.46644312034036}. Best is trial 331 with value: 15.7197636232894.
trail number 761
[I 2025-07-18 03:58:56,551] Trial 761 finished with value: 17.641961196888396 and parameters: {'C': 1158.5956276478194, 'epsilon': 1.2884636374625582, 'gamma': 43.197259121931076}. Best is trial 331 with value: 15.7197636232894.
trail number 771
[I 2025-07-18 03:58:56,638] Trial 771 finished with value: 22.54385990841549 and parameters: {'C': 9.20556796404719, 'epsilon': 0.5640335712297659, 'gamma': 51.43632535385929}. Best is trial 331 with value: 15.7197636232894.
trail number 772
[I 2025-07-18 03:58:56,751] Trial 772 finished with value: 20.639568107903962 and parameters: {'C': 814.2666667074809, 'epsilon': 1.9978193047010073, 'gamma': 66.13965602477622}. Best is trial 331 with value: 15.7197636232894.
trail number 775
[I 2025-07-18 03:58:56,995] Trial 775 finished with value: 20.881769438784552 and parameters: {'C': 927.7947409225892, 'epsilon': 15.163637729807451, 'gamma': 81.38784863668508}. Best is trial 331 with value: 15.7197636232894.
trail number 773
[I 2025-07-18 03:58:57,005] Trial 773 finished with value: 20.08007715391782 and parameters: {'C': 1279.1325059667236, 'epsilon': 1.187440608538262, 'gamma': 51.78173366530148}. Best is trial 331 with value: 15.7197636232894.
trail number 778
[I 2025-07-18 03:58:57,017] Trial 778 finished with value: 46.45129255491021 and parameters: {'C': 24.226395371605236, 'epsilon': 2.004939100869491, 'gamma': 4.935505970604375}. Best is trial 331 with value: 15.7197636232894.
trail number 774
[I 2025-07-18 03:58:57,116] Trial 774 finished with value: 62.86751532349804 and parameters: {'C': 1045.529819035913, 'epsilon': 0.45639547677600145, 'gamma': 8.710293017513706}. Best is trial 331 with value: 15.7197636232894.
trail number 781
[I 2025-07-18 03:58:57,192] Trial 781 finished with value: 21.246519492940415 and parameters: {'C': 23.47280369619248, 'epsilon': 16.967631840329126, 'gamma': 74.79789832849765}. Best is trial 331 with value: 15.7197636232894.
trail number 780
[I 2025-07-18 03:58:57,204] Trial 780 finished with value: 19.637739713354733 and parameters: {'C': 158.30687033780998, 'epsilon': 15.536349150911237, 'gamma': 29.674828651609438}. Best is trial 331 with value: 15.7197636232894.
trail number 776
[I 2025-07-18 03:58:57,456] Trial 776 finished with value: 22.339692044044774 and parameters: {'C': 718.0948526910782, 'epsilon': 0.37092574987383153, 'gamma': 115.05992962170089}. Best is trial 331 with value: 15.7197636232894.
trail number 779
[I 2025-07-18 03:58:57,771] Trial 779 finished with value: 22.15727353229057 and parameters: {'C': 559.6693787495035, 'epsilon': 0.9790352850363147, 'gamma': 109.33963868171111}. Best is trial 331 with value: 15.7197636232894.
trail number 777
[I 2025-07-18 03:58:57,780] Trial 777 finished with value: 23.900516122800514 and parameters: {'C': 1265.5075958254213, 'epsilon': 0.04568321788658203, 'gamma': 94.72872309363495}. Best is trial 331 with value: 15.7197636232894.
trail number 782
[I 2025-07-18 03:58:57,793] Trial 782 finished with value: 23.00717192634316 and parameters: {'C': 675.4698714917557, 'epsilon': 0.11147365967391587, 'gamma': 135.84143559149564}. Best is trial 331 with value: 15.7197636232894.
trail number 783
[I 2025-07-18 03:58:57,849] Trial 783 finished with value: 19.293703081778776 and parameters: {'C': 233.33878963244746, 'epsilon': 0.6642560937619227, 'gamma': 145.89258074670693}. Best is trial 331 with value: 15.7197636232894.
trail number 784
[I 2025-07-18 03:58:58,005] Trial 784 finished with value: 28.65641967059396 and parameters: {'C': 1625.6974644733953, 'epsilon': 0.46011354395352555, 'gamma': 131.18237869522818}. Best is trial 331 with value: 15.7197636232894.
trail number 788
[I 2025-07-18 03:58:58,055] Trial 788 finished with value: 33.14847866466165 and parameters: {'C': 499.37697929867494, 'epsilon': 15.509488074211081, 'gamma': 15.668455867207598}. Best is trial 331 with value: 15.7197636232894.
trail number 786
[I 2025-07-18 03:58:58,093] Trial 786 finished with value: 20.97644135312153 and parameters: {'C': 93.56753515063625, 'epsilon': 20.274147383703493, 'gamma': 25.660700954163815}. Best is trial 331 with value: 15.7197636232894.
trail number 785
[I 2025-07-18 03:58:58,147] Trial 785 finished with value: 23.01260604688487 and parameters: {'C': 738.8481417771084, 'epsilon': 9.442641909689637, 'gamma': 138.43962680058607}. Best is trial 331 with value: 15.7197636232894.
trail number 791
[I 2025-07-18 03:58:58,220] Trial 791 finished with value: 28.63589469552578 and parameters: {'C': 609.3182712759941, 'epsilon': 34.97272338118423, 'gamma': 88.6086450537865}. Best is trial 331 with value: 15.7197636232894.
trail number 787
[I 2025-07-18 03:58:58,236] Trial 787 finished with value: 23.250077996970784 and parameters: {'C': 8.100047736389882, 'epsilon': 2.493079666666013, 'gamma': 90.16580275514177}. Best is trial 331 with value: 15.7197636232894.
trail number 794
[I 2025-07-18 03:58:58,253] Trial 794 finished with value: 82.36333542437346 and parameters: {'C': 383.5540365673951, 'epsilon': 115.14126403821011, 'gamma': 405.35290546540557}. Best is trial 331 with value: 15.7197636232894.
trail number 790
[I 2025-07-18 03:58:58,305] Trial 790 finished with value: 18.989512975089347 and parameters: {'C': 665.9670774195406, 'epsilon': 13.001983711716674, 'gamma': 57.929387495459686}. Best is trial 331 with value: 15.7197636232894.
trail number 789
[I 2025-07-18 03:58:58,313] Trial 789 finished with value: 22.65386328153153 and parameters: {'C': 808.0853356711991, 'epsilon': 17.846856242537832, 'gamma': 31.16552505423047}. Best is trial 331 with value: 15.7197636232894.
trail number 792
[I 2025-07-18 03:58:58,367] Trial 792 finished with value: 27.29959839744003 and parameters: {'C': 46.04876652556618, 'epsilon': 22.996971853238286, 'gamma': 205.7945203314348}. Best is trial 331 with value: 15.7197636232894.
trail number 795
[I 2025-07-18 03:58:58,493] Trial 795 finished with value: 19.121213290478288 and parameters: {'C': 35.75741138821763, 'epsilon': 10.277829222429554, 'gamma': 83.06339549121844}. Best is trial 331 with value: 15.7197636232894.
trail number 797
[I 2025-07-18 03:58:58,507] Trial 797 finished with value: 23.27125101640452 and parameters: {'C': 12.191008504175812, 'epsilon': 13.513231599779674, 'gamma': 103.26439168296451}. Best is trial 331 with value: 15.7197636232894.
trail number 799
[I 2025-07-18 03:58:58,672] Trial 799 finished with value: 22.965505590865966 and parameters: {'C': 56.28982859657735, 'epsilon': 17.810799502313976, 'gamma': 164.56762847166607}. Best is trial 331 with value: 15.7197636232894.
trail number 798
[I 2025-07-18 03:58:58,757] Trial 798 finished with value: 44.361963429962366 and parameters: {'C': 9.30162842189435, 'epsilon': 2.491577770814999, 'gamma': 9.715686755593666}. Best is trial 331 with value: 15.7197636232894.
trail number 793
[I 2025-07-18 03:58:58,976] Trial 793 finished with value: 21.51377906966568 and parameters: {'C': 535.7499447297776, 'epsilon': 0.06833231919025085, 'gamma': 121.75556408729982}. Best is trial 331 with value: 15.7197636232894.
trail number 801
[I 2025-07-18 03:58:59,046] Trial 801 finished with value: 20.932502353996977 and parameters: {'C': 917.7765106152258, 'epsilon': 2.364237339411725, 'gamma': 63.624369248429545}. Best is trial 331 with value: 15.7197636232894.
trail number 796
[I 2025-07-18 03:58:59,119] Trial 796 finished with value: 17.86791928756 and parameters: {'C': 897.6505913501537, 'epsilon': 0.8801423385171918, 'gamma': 49.97517062230723}. Best is trial 331 with value: 15.7197636232894.
trail number 802
[I 2025-07-18 03:58:59,129] Trial 802 finished with value: 23.80684770015168 and parameters: {'C': 6.9681524703757844, 'epsilon': 0.4160913780817799, 'gamma': 79.06407164551726}. Best is trial 331 with value: 15.7197636232894.
trail number 805
[I 2025-07-18 03:58:59,459] Trial 805 finished with value: 18.456791523693123 and parameters: {'C': 426.6598585834165, 'epsilon': 0.37885370983641986, 'gamma': 64.54173068903995}. Best is trial 331 with value: 15.7197636232894.
trail number 804
[I 2025-07-18 03:58:59,542] Trial 804 finished with value: 18.322093246640573 and parameters: {'C': 738.5633021195547, 'epsilon': 13.130735386958563, 'gamma': 52.282428366614496}. Best is trial 331 with value: 15.7197636232894.
trail number 803
[I 2025-07-18 03:58:59,553] Trial 803 finished with value: 42.31120569468877 and parameters: {'C': 3095.150490383203, 'epsilon': 31.82121535204997, 'gamma': 378.24206422090384}. Best is trial 331 with value: 15.7197636232894.
trail number 806
[I 2025-07-18 03:58:59,564] Trial 806 finished with value: 20.59444599633222 and parameters: {'C': 29.015649151673728, 'epsilon': 0.34045414230058735, 'gamma': 35.08597168080372}. Best is trial 331 with value: 15.7197636232894.
trail number 800
