[I 2025-07-18 03:59:21,184] Trial 1073 finished with value: 46.97420038357309 and parameters: {'C': 11.525247492281835, 'epsilon': 3.390547800991547, 'gamma': 4.494504628682179}. Best is trial 906 with value: 15.547757593814149.
trail number 1074
[I 2025-07-18 03:59:21,540] Trial 1074 finished with value: 23.66877244160142 and parameters: {'C': 900.8162939574354, 'epsilon': 11.88184258734762, 'gamma': 125.50653798600159}. Best is trial 906 with value: 15.547757593814149.
trail number 1077
[I 2025-07-18 03:59:21,713] Trial 1077 finished with value: 18.15136857686114 and parameters: {'C': 182.40653619006844, 'epsilon': 0.22746808376659655, 'gamma': 85.28646156320386}. Best is trial 906 with value: 15.547757593814149.
trail number 1075
[I 2025-07-18 03:59:21,762] Trial 1075 finished with value: 22.856410006694208 and parameters: {'C': 655.6738387843593, 'epsilon': 1.0701917895637743, 'gamma': 139.48580979449534}. Best is trial 906 with value: 15.547757593814149.
trail number 1076
[I 2025-07-18 03:59:21,832] Trial 1076 finished with value: 20.411733956295436 and parameters: {'C': 694.9353933482907, 'epsilon': 0.46712903981432596, 'gamma': 73.16734122320187}. Best is trial 906 with value: 15.547757593814149.
trail number 1078
[I 2025-07-18 03:59:21,914] Trial 1078 finished with value: 23.72304023084117 and parameters: {'C': 1130.8272663177263, 'epsilon': 12.56532337289773, 'gamma': 114.78437094472034}. Best is trial 906 with value: 15.547757593814149.
trail number 1080
[I 2025-07-18 03:59:22,023] Trial 1080 finished with value: 19.722599162918776 and parameters: {'C': 769.1016094307769, 'epsilon': 15.598108031917054, 'gamma': 80.63582946307542}. Best is trial 906 with value: 15.547757593814149.
trail number 1079
[I 2025-07-18 03:59:22,040] Trial 1079 finished with value: 21.35133385502458 and parameters: {'C': 668.7356245135247, 'epsilon': 0.38642533309612337, 'gamma': 89.4294326055204}. Best is trial 906 with value: 15.547757593814149.
trail number 1085
[I 2025-07-18 03:59:22,189] Trial 1085 finished with value: 28.579731310072003 and parameters: {'C': 81.35573281187692, 'epsilon': 36.21243862863588, 'gamma': 79.9634192451893}. Best is trial 906 with value: 15.547757593814149.
trail number 1084
[I 2025-07-18 03:59:22,222] Trial 1084 finished with value: 25.151379467877494 and parameters: {'C': 9.210322129379911, 'epsilon': 11.777269501240124, 'gamma': 126.65702167462655}. Best is trial 906 with value: 15.547757593814149.
trail number 1081
[I 2025-07-18 03:59:22,237] Trial 1081 finished with value: 22.33495810677123 and parameters: {'C': 665.8566670184671, 'epsilon': 13.540016944046585, 'gamma': 119.46324252167454}. Best is trial 906 with value: 15.547757593814149.
trail number 1086
[I 2025-07-18 03:59:22,286] Trial 1086 finished with value: 26.338151582766812 and parameters: {'C': 152.67185621676398, 'epsilon': 33.14414449129674, 'gamma': 82.62704016971327}. Best is trial 906 with value: 15.547757593814149.
trail number 1083
[I 2025-07-18 03:59:22,331] Trial 1083 finished with value: 22.300295670608005 and parameters: {'C': 12.610795641259372, 'epsilon': 0.905467277103873, 'gamma': 136.61230554140673}. Best is trial 906 with value: 15.547757593814149.
trail number 1088
[I 2025-07-18 03:59:22,460] Trial 1088 finished with value: 21.520657416027298 and parameters: {'C': 30.810481053176773, 'epsilon': 15.4527142883606, 'gamma': 33.103372531547166}. Best is trial 906 with value: 15.547757593814149.
trail number 1089
[I 2025-07-18 03:59:22,598] Trial 1089 finished with value: 18.42915406688338 and parameters: {'C': 89.2220981099233, 'epsilon': 12.130222607038387, 'gamma': 67.23189175069284}. Best is trial 906 with value: 15.547757593814149.
trail number 1091
[I 2025-07-18 03:59:22,638] Trial 1091 finished with value: 21.376007981952583 and parameters: {'C': 69.18336371963036, 'epsilon': 18.947527236664243, 'gamma': 82.77473729605683}. Best is trial 906 with value: 15.547757593814149.
trail number 1094
[I 2025-07-18 03:59:22,674] Trial 1094 finished with value: 78.4407149023809 and parameters: {'C': 4253.129241031886, 'epsilon': 110.12189621249325, 'gamma': 136.39401260301105}. Best is trial 906 with value: 15.547757593814149.
trail number 1082
[I 2025-07-18 03:59:22,719] Trial 1082 finished with value: 26.14461153727774 and parameters: {'C': 790.7071865159364, 'epsilon': 0.048116482226914226, 'gamma': 158.15412617328525}. Best is trial 906 with value: 15.547757593814149.
trail number 1092
[I 2025-07-18 03:59:22,780] Trial 1092 finished with value: 22.138600202913427 and parameters: {'C': 1475.0440377073915, 'epsilon': 18.42125099577293, 'gamma': 60.74286563644974}. Best is trial 906 with value: 15.547757593814149.
trail number 1090
[I 2025-07-18 03:59:22,789] Trial 1090 finished with value: 53.926700019274755 and parameters: {'C': 654.2968275704037, 'epsilon': 22.24421718256376, 'gamma': 3.7703557868074284}. Best is trial 906 with value: 15.547757593814149.
trail number 1087
[I 2025-07-18 03:59:23,048] Trial 1087 finished with value: 26.571676318154424 and parameters: {'C': 1126.4810594058708, 'epsilon': 0.07099767035648741, 'gamma': 140.91510791935588}. Best is trial 906 with value: 15.547757593814149.
trail number 1093
[I 2025-07-18 03:59:23,097] Trial 1093 finished with value: 69.65097001750614 and parameters: {'C': 649.6772722200524, 'epsilon': 30.66726061438021, 'gamma': 9.914217934751647}. Best is trial 906 with value: 15.547757593814149.
trail number 1096
[I 2025-07-18 03:59:23,183] Trial 1096 finished with value: 19.305660946299284 and parameters: {'C': 16.87592185433921, 'epsilon': 0.12457440305202572, 'gamma': 78.62249767061277}. Best is trial 906 with value: 15.547757593814149.
trail number 1095
[I 2025-07-18 03:59:23,221] Trial 1095 finished with value: 62.03338994370705 and parameters: {'C': 623.0770745454715, 'epsilon': 21.225629445442326, 'gamma': 7.679839180827393}. Best is trial 906 with value: 15.547757593814149.
trail number 1098
[I 2025-07-18 03:59:23,286] Trial 1098 finished with value: 17.424768876681973 and parameters: {'C': 70.19864495758245, 'epsilon': 1.4571511095993857, 'gamma': 111.94213548142841}. Best is trial 906 with value: 15.547757593814149.
trail number 1099
[I 2025-07-18 03:59:23,492] Trial 1099 finished with value: 19.9833461603682 and parameters: {'C': 428.3106806926267, 'epsilon': 0.2713496101745131, 'gamma': 80.71721474483991}. Best is trial 906 with value: 15.547757593814149.
trail number 1102
[I 2025-07-18 03:59:23,595] Trial 1102 finished with value: 26.345387388499347 and parameters: {'C': 11.100531616368542, 'epsilon': 16.241641808025122, 'gamma': 28.938064816986042}. Best is trial 906 with value: 15.547757593814149.
trail number 1101
[I 2025-07-18 03:59:23,621] Trial 1101 finished with value: 20.37006647189831 and parameters: {'C': 15.166639205555398, 'epsilon': 2.6478941492272203, 'gamma': 65.32242749714068}. Best is trial 906 with value: 15.547757593814149.
trail number 1097
[I 2025-07-18 03:59:23,636] Trial 1097 finished with value: 23.256712839533243 and parameters: {'C': 1167.0180307608368, 'epsilon': 0.028426761894656205, 'gamma': 107.23846651546576}. Best is trial 906 with value: 15.547757593814149.
trail number 1100
[I 2025-07-18 03:59:23,863] Trial 1100 finished with value: 29.07230109127702 and parameters: {'C': 763.8262204407232, 'epsilon': 0.6122131235926609, 'gamma': 15.415737100000811}. Best is trial 906 with value: 15.547757593814149.
trail number 1104
[I 2025-07-18 03:59:23,960] Trial 1104 finished with value: 19.321123954492812 and parameters: {'C': 1456.8201853368464, 'epsilon': 12.845620913288613, 'gamma': 52.270650107967334}. Best is trial 906 with value: 15.547757593814149.
trail number 1103
[I 2025-07-18 03:59:23,981] Trial 1103 finished with value: 16.63378393173837 and parameters: {'C': 428.1127063410373, 'epsilon': 0.16403987037315115, 'gamma': 49.994771682284075}. Best is trial 906 with value: 15.547757593814149.
trail number 1105
[I 2025-07-18 03:59:24,071] Trial 1105 finished with value: 20.74770891593345 and parameters: {'C': 743.3646482214001, 'epsilon': 14.739734137739722, 'gamma': 91.87998945553055}. Best is trial 906 with value: 15.547757593814149.
trail number 1106
[I 2025-07-18 03:59:24,133] Trial 1106 finished with value: 24.41191284479916 and parameters: {'C': 819.7819463532464, 'epsilon': 16.597863817367397, 'gamma': 144.77670251495397}. Best is trial 906 with value: 15.547757593814149.
trail number 1108
[I 2025-07-18 03:59:24,189] Trial 1108 finished with value: 28.484764770965814 and parameters: {'C': 5.847578463390548, 'epsilon': 14.84465105614118, 'gamma': 114.98519308346133}. Best is trial 906 with value: 15.547757593814149.
trail number 1107
[I 2025-07-18 03:59:24,218] Trial 1107 finished with value: 22.892201355532773 and parameters: {'C': 761.249856116207, 'epsilon': 0.5179445584313034, 'gamma': 102.61152143726844}. Best is trial 906 with value: 15.547757593814149.
trail number 1109
[I 2025-07-18 03:59:24,226] Trial 1109 finished with value: 20.92996139879756 and parameters: {'C': 783.6784102376279, 'epsilon': 18.786993156759976, 'gamma': 59.11959221268956}. Best is trial 906 with value: 15.547757593814149.
trail number 1115
[I 2025-07-18 03:59:24,494] Trial 1115 finished with value: 21.19948573657006 and parameters: {'C': 950.432550148188, 'epsilon': 18.306728994469808, 'gamma': 52.071291862046046}. Best is trial 906 with value: 15.547757593814149.
trail number 1110
[I 2025-07-18 03:59:24,526] Trial 1110 finished with value: 19.318425416447457 and parameters: {'C': 742.2575804527055, 'epsilon': 16.29379505691115, 'gamma': 61.92741757608785}. Best is trial 906 with value: 15.547757593814149.
trail number 1111
[I 2025-07-18 03:59:24,535] Trial 1111 finished with value: 20.754995804213735 and parameters: {'C': 685.3381437375153, 'epsilon': 16.738404380513103, 'gamma': 39.79167742618914}. Best is trial 906 with value: 15.547757593814149.
trail number 1114
[I 2025-07-18 03:59:24,732] Trial 1114 finished with value: 21.7395031743392 and parameters: {'C': 1718.376439809064, 'epsilon': 11.59750608020677, 'gamma': 56.671167940158504}. Best is trial 906 with value: 15.547757593814149.
trail number 1113
[I 2025-07-18 03:59:24,935] Trial 1113 finished with value: 62.4868581041513 and parameters: {'C': 1538.5640210704642, 'epsilon': 14.03993473482754, 'gamma': 9.74482852020995}. Best is trial 906 with value: 15.547757593814149.
trail number 1116
[I 2025-07-18 03:59:24,945] Trial 1116 finished with value: 19.445003576506934 and parameters: {'C': 1646.303885715173, 'epsilon': 16.51068847126394, 'gamma': 84.17373410651746}. Best is trial 906 with value: 15.547757593814149.
trail number 1117
[I 2025-07-18 03:59:24,967] Trial 1117 finished with value: 45.33385845443086 and parameters: {'C': 33.57060876090309, 'epsilon': 15.868314622862366, 'gamma': 8.501629831597526}. Best is trial 906 with value: 15.547757593814149.
trail number 1112
[I 2025-07-18 03:59:25,003] Trial 1112 finished with value: 22.94928883116698 and parameters: {'C': 1745.9535911247156, 'epsilon': 14.677969789019679, 'gamma': 31.116789067383095}. Best is trial 906 with value: 15.547757593814149.
trail number 1119
[I 2025-07-18 03:59:25,043] Trial 1119 finished with value: 29.423454141135682 and parameters: {'C': 3.8817078403276497, 'epsilon': 1.2361731057486718, 'gamma': 133.05722932665452}. Best is trial 906 with value: 15.547757593814149.
trail number 1120
[I 2025-07-18 03:59:25,312] Trial 1120 finished with value: 22.33534753977712 and parameters: {'C': 12.714040238674613, 'epsilon': 11.635217527333646, 'gamma': 62.49363465559674}. Best is trial 906 with value: 15.547757593814149.
trail number 1123
[I 2025-07-18 03:59:25,621] Trial 1123 finished with value: 55.714155927657075 and parameters: {'C': 578.8253397541466, 'epsilon': 0.6921192935831215, 'gamma': 8.779804945850998}. Best is trial 906 with value: 15.547757593814149.
trail number 1124
[I 2025-07-18 03:59:25,632] Trial 1124 finished with value: 17.895696718572154 and parameters: {'C': 1307.4767584691285, 'epsilon': 1.3125069957504754, 'gamma': 39.85761825552087}. Best is trial 906 with value: 15.547757593814149.
trail number 1121
[I 2025-07-18 03:59:25,670] Trial 1121 finished with value: 23.25802606251067 and parameters: {'C': 957.2401035399346, 'epsilon': 0.15776269941933452, 'gamma': 119.46302348289457}. Best is trial 906 with value: 15.547757593814149.
trail number 1122
[I 2025-07-18 03:59:25,790] Trial 1122 finished with value: 21.261694181483087 and parameters: {'C': 482.7125229353919, 'epsilon': 0.577965700819247, 'gamma': 34.634056075102976}. Best is trial 906 with value: 15.547757593814149.
trail number 1127
[I 2025-07-18 03:59:25,958] Trial 1127 finished with value: 21.885906099445208 and parameters: {'C': 691.9129877223747, 'epsilon': 13.24268857070516, 'gamma': 106.23754603818824}. Best is trial 906 with value: 15.547757593814149.
trail number 1130
[I 2025-07-18 03:59:26,127] Trial 1130 finished with value: 22.657136064266744 and parameters: {'C': 27.284579904176212, 'epsilon': 20.63874006405431, 'gamma': 63.656672297539934}. Best is trial 906 with value: 15.547757593814149.
trail number 1128
[I 2025-07-18 03:59:26,169] Trial 1128 finished with value: 22.722346501510785 and parameters: {'C': 1150.2854200550457, 'epsilon': 0.03209748540019547, 'gamma': 18.092713802973194}. Best is trial 906 with value: 15.547757593814149.
trail number 1126
[I 2025-07-18 03:59:26,242] Trial 1126 finished with value: 18.872960551126713 and parameters: {'C': 217.97703933381305, 'epsilon': 0.46328706262466024, 'gamma': 86.63425804204331}. Best is trial 906 with value: 15.547757593814149.
trail number 1125
[I 2025-07-18 03:59:26,392] Trial 1125 finished with value: 22.211428524001043 and parameters: {'C': 1338.743761107363, 'epsilon': 0.43684117862501504, 'gamma': 27.58748426503194}. Best is trial 906 with value: 15.547757593814149.
trail number 1131
[I 2025-07-18 03:59:26,402] Trial 1131 finished with value: 44.4337530193004 and parameters: {'C': 28.923899202440545, 'epsilon': 9.966094262372884, 'gamma': 8.522186792989629}. Best is trial 906 with value: 15.547757593814149.
trail number 1129
[I 2025-07-18 03:59:26,406] Trial 1129 finished with value: 53.30330523399384 and parameters: {'C': 799.9932013223138, 'epsilon': 1.9582422218366051, 'gamma': 3.3347129860372746}. Best is trial 906 with value: 15.547757593814149.
trail number 1132
[I 2025-07-18 03:59:26,814] Trial 1132 finished with value: 21.40093304605625 and parameters: {'C': 719.9939988793669, 'epsilon': 1.2167619979658884, 'gamma': 75.9940552232529}. Best is trial 906 with value: 15.547757593814149.
trail number 1133
[I 2025-07-18 03:59:26,862] Trial 1133 finished with value: 17.387940479648073 and parameters: {'C': 745.1645969038465, 'epsilon': 10.790390516187145, 'gamma': 47.557035969386995}. Best is trial 906 with value: 15.547757593814149.
trail number 1135
[I 2025-07-18 03:59:26,910] Trial 1135 finished with value: 22.867844972939178 and parameters: {'C': 712.7218301918657, 'epsilon': 14.994918711931144, 'gamma': 153.49097035860893}. Best is trial 906 with value: 15.547757593814149.
trail number 1118
[I 2025-07-18 03:59:26,961] Trial 1118 finished with value: 33.63118381657677 and parameters: {'C': 2337.7477612237913, 'epsilon': 2.1875095594406986, 'gamma': 270.1274173462816}. Best is trial 906 with value: 15.547757593814149.
trail number 1134
[I 2025-07-18 03:59:26,979] Trial 1134 finished with value: 22.345919909146385 and parameters: {'C': 924.1866440238423, 'epsilon': 0.4553496379680765, 'gamma': 84.22618546603805}. Best is trial 906 with value: 15.547757593814149.
trail number 1141
[I 2025-07-18 03:59:27,104] Trial 1141 finished with value: 26.21278458754105 and parameters: {'C': 13.11311833803849, 'epsilon': 22.052616058684436, 'gamma': 75.65071556168321}. Best is trial 906 with value: 15.547757593814149.
trail number 1142
[I 2025-07-18 03:59:27,220] Trial 1142 finished with value: 30.957930641288804 and parameters: {'C': 19.88916709931047, 'epsilon': 29.39412724634439, 'gamma': 154.95342098026376}. Best is trial 906 with value: 15.547757593814149.
trail number 1139
[I 2025-07-18 03:59:27,341] Trial 1139 finished with value: 23.316909134847894 and parameters: {'C': 612.4358890140841, 'epsilon': 18.08428677665409, 'gamma': 124.20826091288515}. Best is trial 906 with value: 15.547757593814149.
trail number 1140
[I 2025-07-18 03:59:27,431] Trial 1140 finished with value: 19.864596942929047 and parameters: {'C': 778.461590455534, 'epsilon': 16.656735252666362, 'gamma': 78.30524398268668}. Best is trial 906 with value: 15.547757593814149.
trail number 1138
[I 2025-07-18 03:59:27,445] Trial 1138 finished with value: 20.68153065297712 and parameters: {'C': 652.5574856906616, 'epsilon': 12.64160625283749, 'gamma': 86.20312815621372}. Best is trial 906 with value: 15.547757593814149.
trail number 1143
[I 2025-07-18 03:59:27,464] Trial 1143 finished with value: 19.20499606572618 and parameters: {'C': 391.13003214152377, 'epsilon': 14.597543466071304, 'gamma': 77.7502780567586}. Best is trial 906 with value: 15.547757593814149.
trail number 1144
[I 2025-07-18 03:59:27,677] Trial 1144 finished with value: 19.51196186311781 and parameters: {'C': 61.63737790383724, 'epsilon': 15.337511970268277, 'gamma': 63.38381407635944}. Best is trial 906 with value: 15.547757593814149.
trail number 1147
[I 2025-07-18 03:59:27,846] Trial 1147 finished with value: 20.03546419715081 and parameters: {'C': 130.00713544214904, 'epsilon': 0.13408791408284682, 'gamma': 219.21635059368975}. Best is trial 906 with value: 15.547757593814149.
trail number 1146
[I 2025-07-18 03:59:27,917] Trial 1146 finished with value: 50.12602062490426 and parameters: {'C': 604.7126673241105, 'epsilon': 16.142007068084173, 'gamma': 2.0476493021196873}. Best is trial 906 with value: 15.547757593814149.
trail number 1145
[I 2025-07-18 03:59:28,053] Trial 1145 finished with value: 21.399515237751203 and parameters: {'C': 309.95488963707817, 'epsilon': 0.15291890219908943, 'gamma': 20.861234211563872}. Best is trial 906 with value: 15.547757593814149.
trail number 1149
[I 2025-07-18 03:59:28,090] Trial 1149 finished with value: 19.406930703520125 and parameters: {'C': 23.813589921222146, 'epsilon': 6.373375783827926, 'gamma': 81.76809850122216}. Best is trial 906 with value: 15.547757593814149.
trail number 1148
[I 2025-07-18 03:59:28,181] Trial 1148 finished with value: 17.277823173275987 and parameters: {'C': 43.94104816236239, 'epsilon': 1.3884948950667826, 'gamma': 84.49014103434268}. Best is trial 906 with value: 15.547757593814149.
trail number 1150
[I 2025-07-18 03:59:28,509] Trial 1150 finished with value: 19.26634546108231 and parameters: {'C': 189.30706578366875, 'epsilon': 0.8837483564460531, 'gamma': 40.9663697666398}. Best is trial 906 with value: 15.547757593814149.
trail number 1152
[I 2025-07-18 03:59:28,549] Trial 1152 finished with value: 21.180299132639377 and parameters: {'C': 525.7356869039195, 'epsilon': 1.2586208883304257, 'gamma': 99.4997419786771}. Best is trial 906 with value: 15.547757593814149.
trail number 1153
[I 2025-07-18 03:59:28,681] Trial 1153 finished with value: 18.10821090150585 and parameters: {'C': 35.817562892128024, 'epsilon': 0.5278610704367416, 'gamma': 68.88524025554555}. Best is trial 906 with value: 15.547757593814149.
trail number 1151
[I 2025-07-18 03:59:28,729] Trial 1151 finished with value: 19.666493613988113 and parameters: {'C': 342.45771940964426, 'epsilon': 0.6282340755863842, 'gamma': 90.95956826027859}. Best is trial 906 with value: 15.547757593814149.
trail number 1155
[I 2025-07-18 03:59:28,759] Trial 1155 finished with value: 22.001935351647226 and parameters: {'C': 47.61716770876545, 'epsilon': 12.585966798613208, 'gamma': 123.49695039420664}. Best is trial 906 with value: 15.547757593814149.
trail number 1154
[I 2025-07-18 03:59:28,888] Trial 1154 finished with value: 21.11048647308097 and parameters: {'C': 25.219458589128763, 'epsilon': 11.072827322665303, 'gamma': 124.18401353943378}. Best is trial 906 with value: 15.547757593814149.
trail number 1158
[I 2025-07-18 03:59:29,063] Trial 1158 finished with value: 16.055629425328604 and parameters: {'C': 101.20998180660914, 'epsilon': 0.9120949286166793, 'gamma': 79.01831341099066}. Best is trial 906 with value: 15.547757593814149.
trail number 1157
[I 2025-07-18 03:59:29,208] Trial 1157 finished with value: 27.21741565033153 and parameters: {'C': 1784.7705428708105, 'epsilon': 24.674198438589194, 'gamma': 160.78406309942727}. Best is trial 906 with value: 15.547757593814149.
trail number 1160
[I 2025-07-18 03:59:29,285] Trial 1160 finished with value: 35.90717930209079 and parameters: {'C': 1.9992068382277495, 'epsilon': 13.168060245123305, 'gamma': 64.59434239964573}. Best is trial 906 with value: 15.547757593814149.
trail number 1159
[I 2025-07-18 03:59:29,389] Trial 1159 finished with value: 17.26721749219732 and parameters: {'C': 57.151123623093696, 'epsilon': 0.08426673285817055, 'gamma': 77.60319752071676}. Best is trial 906 with value: 15.547757593814149.
trail number 1156
[I 2025-07-18 03:59:29,478] Trial 1156 finished with value: 24.26145587163658 and parameters: {'C': 801.017969080978, 'epsilon': 10.495122134445193, 'gamma': 144.1296429551512}. Best is trial 906 with value: 15.547757593814149.
trail number 1162
[I 2025-07-18 03:59:29,581] Trial 1162 finished with value: 16.666089874358235 and parameters: {'C': 78.71531499147294, 'epsilon': 0.3098047247585879, 'gamma': 71.99973585422211}. Best is trial 906 with value: 15.547757593814149.
trail number 1161
[I 2025-07-18 03:59:29,767] Trial 1161 finished with value: 20.35355304589148 and parameters: {'C': 155.1709099269096, 'epsilon': 0.5475453960886374, 'gamma': 31.272094051874156}. Best is trial 906 with value: 15.547757593814149.
trail number 1165
