[I 2025-07-18 03:59:14,089] Trial 986 finished with value: 41.268146970312785 and parameters: {'C': 69.50272552192138, 'epsilon': 12.810509092683754, 'gamma': 16.04138085371131}. Best is trial 906 with value: 15.547757593814149.
trail number 988
[I 2025-07-18 03:59:14,292] Trial 988 finished with value: 22.076790919056172 and parameters: {'C': 46.048468216089404, 'epsilon': 17.341696082227607, 'gamma': 117.77017728241009}. Best is trial 906 with value: 15.547757593814149.
trail number 991
[I 2025-07-18 03:59:14,356] Trial 991 finished with value: 19.578711321871246 and parameters: {'C': 802.0404183419752, 'epsilon': 15.920724376450293, 'gamma': 49.58100266373252}. Best is trial 906 with value: 15.547757593814149.
trail number 990
[I 2025-07-18 03:59:14,379] Trial 990 finished with value: 23.48776987362656 and parameters: {'C': 25.052731200200526, 'epsilon': 16.07232494611694, 'gamma': 160.05231478654275}. Best is trial 906 with value: 15.547757593814149.
trail number 993
[I 2025-07-18 03:59:14,395] Trial 993 finished with value: 74.90676402377137 and parameters: {'C': 2980.0360609277545, 'epsilon': 100.33548018900561, 'gamma': 386.2697464831041}. Best is trial 906 with value: 15.547757593814149.
trail number 989
[I 2025-07-18 03:59:14,554] Trial 989 finished with value: 20.52563123879295 and parameters: {'C': 821.4913435362722, 'epsilon': 0.2071982933063793, 'gamma': 32.93451518715565}. Best is trial 906 with value: 15.547757593814149.
trail number 995
[I 2025-07-18 03:59:14,682] Trial 995 finished with value: 19.415434167533427 and parameters: {'C': 31.425438946385874, 'epsilon': 1.3320107387821403, 'gamma': 136.60928244817103}. Best is trial 906 with value: 15.547757593814149.
trail number 958
[I 2025-07-18 03:59:14,828] Trial 958 finished with value: 35.45955731068169 and parameters: {'C': 4445.4913834822455, 'epsilon': 10.009123506035955, 'gamma': 299.38458864911206}. Best is trial 906 with value: 15.547757593814149.
trail number 997
[I 2025-07-18 03:59:14,874] Trial 997 finished with value: 23.302015617953238 and parameters: {'C': 10.850158138619662, 'epsilon': 14.21251213388964, 'gamma': 84.3484013132705}. Best is trial 906 with value: 15.547757593814149.
trail number 987
[I 2025-07-18 03:59:14,884] Trial 987 finished with value: 21.544060389335392 and parameters: {'C': 856.1648576286477, 'epsilon': 0.7131129074071298, 'gamma': 76.12215730029074}. Best is trial 906 with value: 15.547757593814149.
trail number 992
[I 2025-07-18 03:59:14,918] Trial 992 finished with value: 32.685134209994644 and parameters: {'C': 3755.5413071021, 'epsilon': 31.94951979061551, 'gamma': 200.75949127539832}. Best is trial 906 with value: 15.547757593814149.
trail number 996
[I 2025-07-18 03:59:15,024] Trial 996 finished with value: 20.605877770729855 and parameters: {'C': 364.65727895416506, 'epsilon': 0.2594599665514308, 'gamma': 134.94238735261305}. Best is trial 906 with value: 15.547757593814149.
trail number 994
[I 2025-07-18 03:59:15,176] Trial 994 finished with value: 23.53729404937898 and parameters: {'C': 788.1499990356974, 'epsilon': 0.5035078617770525, 'gamma': 26.73704652603486}. Best is trial 906 with value: 15.547757593814149.
trail number 1002
[I 2025-07-18 03:59:15,273] Trial 1002 finished with value: 22.038322149661948 and parameters: {'C': 747.4052237974939, 'epsilon': 18.599492555363902, 'gamma': 80.92543900700574}. Best is trial 906 with value: 15.547757593814149.
trail number 999
[I 2025-07-18 03:59:15,399] Trial 999 finished with value: 20.19039527636999 and parameters: {'C': 414.8394460504237, 'epsilon': 0.03884359098332957, 'gamma': 91.99303403255112}. Best is trial 906 with value: 15.547757593814149.
trail number 1001
[I 2025-07-18 03:59:15,429] Trial 1001 finished with value: 20.125767568465484 and parameters: {'C': 63.47209363978314, 'epsilon': 0.7332566942807488, 'gamma': 28.309253761819853}. Best is trial 906 with value: 15.547757593814149.
trail number 1000
[I 2025-07-18 03:59:15,454] Trial 1000 finished with value: 20.455691394510332 and parameters: {'C': 1585.0268117928736, 'epsilon': 16.620172707457385, 'gamma': 68.52555767981275}. Best is trial 906 with value: 15.547757593814149.
trail number 998
[I 2025-07-18 03:59:15,470] Trial 998 finished with value: 19.872448306575066 and parameters: {'C': 956.1854551302088, 'epsilon': 14.426109481240971, 'gamma': 73.05440655802678}. Best is trial 906 with value: 15.547757593814149.
trail number 1004
[I 2025-07-18 03:59:15,586] Trial 1004 finished with value: 18.58852462904866 and parameters: {'C': 806.2326643152745, 'epsilon': 15.639198227679945, 'gamma': 57.54208422546758}. Best is trial 906 with value: 15.547757593814149.
trail number 1005
[I 2025-07-18 03:59:15,734] Trial 1005 finished with value: 29.491678451933716 and parameters: {'C': 1498.858348861555, 'epsilon': 25.038068423404166, 'gamma': 86.57105565251358}. Best is trial 906 with value: 15.547757593814149.
trail number 1009
[I 2025-07-18 03:59:15,809] Trial 1009 finished with value: 21.640393244782093 and parameters: {'C': 15.368922864835298, 'epsilon': 9.914380377468493, 'gamma': 96.82460606823072}. Best is trial 906 with value: 15.547757593814149.
trail number 1007
[I 2025-07-18 03:59:15,930] Trial 1007 finished with value: 19.398591127880255 and parameters: {'C': 903.2199219197087, 'epsilon': 15.561072272885799, 'gamma': 74.24433785144774}. Best is trial 906 with value: 15.547757593814149.
trail number 1010
[I 2025-07-18 03:59:15,991] Trial 1010 finished with value: 19.702890033871466 and parameters: {'C': 733.6104807070137, 'epsilon': 17.08271077047217, 'gamma': 74.10100263832459}. Best is trial 906 with value: 15.547757593814149.
trail number 1008
[I 2025-07-18 03:59:15,998] Trial 1008 finished with value: 45.95751356317574 and parameters: {'C': 381.4950344763901, 'epsilon': 0.4343374854727837, 'gamma': 1.1452104388923843}. Best is trial 906 with value: 15.547757593814149.
trail number 1006
[I 2025-07-18 03:59:16,005] Trial 1006 finished with value: 19.296564072156936 and parameters: {'C': 58.19399770960143, 'epsilon': 0.32875217772209986, 'gamma': 179.08752563037794}. Best is trial 906 with value: 15.547757593814149.
trail number 1012
[I 2025-07-18 03:59:16,379] Trial 1012 finished with value: 17.906574908081964 and parameters: {'C': 30.818266969603386, 'epsilon': 1.0059639439491723, 'gamma': 74.58769407312403}. Best is trial 906 with value: 15.547757593814149.
trail number 1014
[I 2025-07-18 03:59:16,486] Trial 1014 finished with value: 18.747998047159655 and parameters: {'C': 34.54701287350112, 'epsilon': 2.34039125474337, 'gamma': 113.42470312248676}. Best is trial 906 with value: 15.547757593814149.
trail number 1013
[I 2025-07-18 03:59:16,544] Trial 1013 finished with value: 21.229393432421716 and parameters: {'C': 922.9842014686508, 'epsilon': 0.3299192033310214, 'gamma': 72.20326746226885}. Best is trial 906 with value: 15.547757593814149.
trail number 1015
[I 2025-07-18 03:59:16,576] Trial 1015 finished with value: 53.894780692419886 and parameters: {'C': 801.4976402625198, 'epsilon': 15.163787716232832, 'gamma': 3.342305733196966}. Best is trial 906 with value: 15.547757593814149.
trail number 1018
[I 2025-07-18 03:59:16,737] Trial 1018 finished with value: 19.891279216174393 and parameters: {'C': 53.950812666238434, 'epsilon': 13.55410928644698, 'gamma': 83.41199232278501}. Best is trial 906 with value: 15.547757593814149.
trail number 1003
[I 2025-07-18 03:59:16,745] Trial 1003 finished with value: 28.63733170074105 and parameters: {'C': 1709.0810587146852, 'epsilon': 0.881302954503368, 'gamma': 127.47392120938038}. Best is trial 906 with value: 15.547757593814149.
trail number 1011
[I 2025-07-18 03:59:16,857] Trial 1011 finished with value: 29.23740703432323 and parameters: {'C': 1759.0153633812029, 'epsilon': 0.13465861029657056, 'gamma': 134.44947599137737}. Best is trial 906 with value: 15.547757593814149.
trail number 1019
[I 2025-07-18 03:59:16,904] Trial 1019 finished with value: 23.004363426484403 and parameters: {'C': 32.15546493180608, 'epsilon': 16.592952317447324, 'gamma': 139.41869151088545}. Best is trial 906 with value: 15.547757593814149.
trail number 1017
[I 2025-07-18 03:59:16,960] Trial 1017 finished with value: 20.239244878787662 and parameters: {'C': 647.7171865849818, 'epsilon': 13.427162665207817, 'gamma': 71.59909456763198}. Best is trial 906 with value: 15.547757593814149.
trail number 1020
[I 2025-07-18 03:59:17,022] Trial 1020 finished with value: 26.328737329224982 and parameters: {'C': 671.9293038234971, 'epsilon': 18.943726729886293, 'gamma': 171.7612825273601}. Best is trial 906 with value: 15.547757593814149.
trail number 1022
[I 2025-07-18 03:59:17,178] Trial 1022 finished with value: 53.862911878691726 and parameters: {'C': 786.1060395763122, 'epsilon': 11.34418765958151, 'gamma': 3.0222175831193994}. Best is trial 906 with value: 15.547757593814149.
trail number 1021
[I 2025-07-18 03:59:17,201] Trial 1021 finished with value: 19.661219965882484 and parameters: {'C': 19.711303844465718, 'epsilon': 1.6918642133157962, 'gamma': 87.88739035025021}. Best is trial 906 with value: 15.547757593814149.
trail number 1026
[I 2025-07-18 03:59:17,270] Trial 1026 finished with value: 29.640691123123286 and parameters: {'C': 76.24172971556655, 'epsilon': 37.72743350797015, 'gamma': 72.88748822031646}. Best is trial 906 with value: 15.547757593814149.
trail number 1023
[I 2025-07-18 03:59:17,338] Trial 1023 finished with value: 46.33558762042981 and parameters: {'C': 58.448380931759175, 'epsilon': 20.439269000581927, 'gamma': 9.570023671106341}. Best is trial 906 with value: 15.547757593814149.
trail number 1024
[I 2025-07-18 03:59:17,348] Trial 1024 finished with value: 37.32853777197532 and parameters: {'C': 3.295662167372342, 'epsilon': 15.770840731834587, 'gamma': 30.692044542944032}. Best is trial 906 with value: 15.547757593814149.
trail number 1025
[I 2025-07-18 03:59:17,576] Trial 1025 finished with value: 22.06982845925844 and parameters: {'C': 932.2377484252586, 'epsilon': 0.5788253852374704, 'gamma': 80.03507481446394}. Best is trial 906 with value: 15.547757593814149.
trail number 1030
[I 2025-07-18 03:59:17,613] Trial 1030 finished with value: 26.63076102218374 and parameters: {'C': 668.724206191579, 'epsilon': 32.176210636750454, 'gamma': 74.26585430686657}. Best is trial 906 with value: 15.547757593814149.
trail number 1016
[I 2025-07-18 03:59:17,634] Trial 1016 finished with value: 23.934600240071017 and parameters: {'C': 916.8772939150645, 'epsilon': 0.4193722093928911, 'gamma': 131.04378129390022}. Best is trial 906 with value: 15.547757593814149.
trail number 1033
[I 2025-07-18 03:59:17,908] Trial 1033 finished with value: 19.340259643781405 and parameters: {'C': 37.42592521103859, 'epsilon': 3.3001983077137664, 'gamma': 40.66963801776353}. Best is trial 906 with value: 15.547757593814149.
trail number 1032
[I 2025-07-18 03:59:17,928] Trial 1032 finished with value: 19.367404847983423 and parameters: {'C': 17.81123402734849, 'epsilon': 1.1038644860320364, 'gamma': 76.15914384459165}. Best is trial 906 with value: 15.547757593814149.
trail number 1029
[I 2025-07-18 03:59:17,964] Trial 1029 finished with value: 51.53273882364273 and parameters: {'C': 768.2533737887237, 'epsilon': 2.038583773146114, 'gamma': 2.6498291051523424}. Best is trial 906 with value: 15.547757593814149.
trail number 1027
[I 2025-07-18 03:59:18,143] Trial 1027 finished with value: 21.49932527675199 and parameters: {'C': 944.3763914991432, 'epsilon': 0.5666820242585692, 'gamma': 73.76563547471866}. Best is trial 906 with value: 15.547757593814149.
trail number 1028
[I 2025-07-18 03:59:18,233] Trial 1028 finished with value: 22.84788507282836 and parameters: {'C': 950.4648399995033, 'epsilon': 0.6782763751479337, 'gamma': 117.66446701136195}. Best is trial 906 with value: 15.547757593814149.
trail number 1038
[I 2025-07-18 03:59:18,272] Trial 1038 finished with value: 71.30900655216092 and parameters: {'C': 5466.322258751301, 'epsilon': 98.01760020142498, 'gamma': 123.33698695855175}. Best is trial 906 with value: 15.547757593814149.
trail number 1036
[I 2025-07-18 03:59:18,363] Trial 1036 finished with value: 25.654531012900435 and parameters: {'C': 7.22570035433975, 'epsilon': 11.316819145473964, 'gamma': 39.463323794474896}. Best is trial 906 with value: 15.547757593814149.
trail number 1031
[I 2025-07-18 03:59:18,373] Trial 1031 finished with value: 23.47447877967765 and parameters: {'C': 1014.8632665360165, 'epsilon': 0.4261402699478627, 'gamma': 90.99497265963828}. Best is trial 906 with value: 15.547757593814149.
trail number 1034
[I 2025-07-18 03:59:18,382] Trial 1034 finished with value: 53.03596942498469 and parameters: {'C': 0.1550864526752349, 'epsilon': 9.03798877472019, 'gamma': 96.42315764437528}. Best is trial 906 with value: 15.547757593814149.
trail number 1035
[I 2025-07-18 03:59:18,412] Trial 1035 finished with value: 55.88707988130831 and parameters: {'C': 751.7856283733832, 'epsilon': 1.1810972673005726, 'gamma': 6.00839180030313}. Best is trial 906 with value: 15.547757593814149.
trail number 1039
[I 2025-07-18 03:59:18,547] Trial 1039 finished with value: 24.291450078845042 and parameters: {'C': 8.470781882479315, 'epsilon': 1.236400429946669, 'gamma': 123.62277077168338}. Best is trial 906 with value: 15.547757593814149.
trail number 1037
[I 2025-07-18 03:59:18,610] Trial 1037 finished with value: 18.159884553940724 and parameters: {'C': 40.91484223585324, 'epsilon': 1.3817290657994663, 'gamma': 56.83534074952558}. Best is trial 906 with value: 15.547757593814149.
trail number 1044
[I 2025-07-18 03:59:18,765] Trial 1044 finished with value: 22.04469418074345 and parameters: {'C': 14.887929262570054, 'epsilon': 11.375824044941591, 'gamma': 37.705918144238964}. Best is trial 906 with value: 15.547757593814149.
trail number 1043
[I 2025-07-18 03:59:18,774] Trial 1043 finished with value: 22.993447661527664 and parameters: {'C': 916.6990610947805, 'epsilon': 14.828655053377325, 'gamma': 133.70600797140693}. Best is trial 906 with value: 15.547757593814149.
trail number 1042
[I 2025-07-18 03:59:18,837] Trial 1042 finished with value: 18.311648405732956 and parameters: {'C': 549.0238776417075, 'epsilon': 14.07966332110274, 'gamma': 48.13445487706999}. Best is trial 906 with value: 15.547757593814149.
trail number 1047
[I 2025-07-18 03:59:18,918] Trial 1047 finished with value: 35.27251917543848 and parameters: {'C': 3676.355486882061, 'epsilon': 51.83673500748851, 'gamma': 53.4991618178112}. Best is trial 906 with value: 15.547757593814149.
trail number 1045
[I 2025-07-18 03:59:18,968] Trial 1045 finished with value: 37.40009059081559 and parameters: {'C': 1.9393268187833854, 'epsilon': 14.604559767272598, 'gamma': 104.64691813387523}. Best is trial 906 with value: 15.547757593814149.
trail number 1040
[I 2025-07-18 03:59:18,989] Trial 1040 finished with value: 18.908598435682446 and parameters: {'C': 152.66038653278432, 'epsilon': 0.9435598706686716, 'gamma': 121.4584728917626}. Best is trial 906 with value: 15.547757593814149.
trail number 1041
[I 2025-07-18 03:59:18,998] Trial 1041 finished with value: 17.264129058303087 and parameters: {'C': 221.23588237750658, 'epsilon': 0.3773231266984485, 'gamma': 73.18650952280677}. Best is trial 906 with value: 15.547757593814149.
trail number 1046
[I 2025-07-18 03:59:19,124] Trial 1046 finished with value: 19.763449468533203 and parameters: {'C': 741.9793260175304, 'epsilon': 13.165972961534242, 'gamma': 65.73662056891831}. Best is trial 906 with value: 15.547757593814149.
trail number 1049
[I 2025-07-18 03:59:19,152] Trial 1049 finished with value: 24.36919678661222 and parameters: {'C': 705.4106362833738, 'epsilon': 27.346254929830707, 'gamma': 61.47925056812587}. Best is trial 906 with value: 15.547757593814149.
trail number 1052
[I 2025-07-18 03:59:19,281] Trial 1052 finished with value: 26.54980009818998 and parameters: {'C': 719.9724650935887, 'epsilon': 30.045146413169036, 'gamma': 99.88463578518576}. Best is trial 906 with value: 15.547757593814149.
trail number 1053
[I 2025-07-18 03:59:19,311] Trial 1053 finished with value: 24.96564417715389 and parameters: {'C': 1015.8956941117107, 'epsilon': 33.8717681531149, 'gamma': 47.522343759979606}. Best is trial 906 with value: 15.547757593814149.
trail number 1051
[I 2025-07-18 03:59:19,330] Trial 1051 finished with value: 28.152549346131373 and parameters: {'C': 6.802003390779049, 'epsilon': 14.696430171989956, 'gamma': 131.9369974894234}. Best is trial 906 with value: 15.547757593814149.
trail number 1054
[I 2025-07-18 03:59:19,338] Trial 1054 finished with value: 23.967353883063762 and parameters: {'C': 68.17478042579539, 'epsilon': 19.66893404565519, 'gamma': 183.56958506183054}. Best is trial 906 with value: 15.547757593814149.
trail number 1048
[I 2025-07-18 03:59:19,407] Trial 1048 finished with value: 18.3677696805408 and parameters: {'C': 83.8888091519704, 'epsilon': 0.3180978032094848, 'gamma': 170.05255173257876}. Best is trial 906 with value: 15.547757593814149.
trail number 1050
[I 2025-07-18 03:59:19,423] Trial 1050 finished with value: 23.393212080244588 and parameters: {'C': 609.2355624916262, 'epsilon': 18.1364348746582, 'gamma': 144.9674357263367}. Best is trial 906 with value: 15.547757593814149.
trail number 1060
[I 2025-07-18 03:59:19,727] Trial 1060 finished with value: 20.63822007197406 and parameters: {'C': 35.571141644980514, 'epsilon': 17.524168920733366, 'gamma': 63.92438303687254}. Best is trial 906 with value: 15.547757593814149.
trail number 1056
[I 2025-07-18 03:59:19,778] Trial 1056 finished with value: 17.051843110785533 and parameters: {'C': 647.8191245319966, 'epsilon': 0.8267834242247063, 'gamma': 48.572508194770634}. Best is trial 906 with value: 15.547757593814149.
trail number 1055
[I 2025-07-18 03:59:19,856] Trial 1055 finished with value: 25.659164566903193 and parameters: {'C': 783.9797529187184, 'epsilon': 14.722803098256149, 'gamma': 201.2551886989964}. Best is trial 906 with value: 15.547757593814149.
trail number 1059
[I 2025-07-18 03:59:19,892] Trial 1059 finished with value: 18.71743141296674 and parameters: {'C': 837.1381591887664, 'epsilon': 15.392106440409593, 'gamma': 54.45410995720759}. Best is trial 906 with value: 15.547757593814149.
trail number 1058
[I 2025-07-18 03:59:19,966] Trial 1058 finished with value: 21.236874703363963 and parameters: {'C': 1157.9649366267786, 'epsilon': 0.14871130805530175, 'gamma': 67.16153801052126}. Best is trial 906 with value: 15.547757593814149.
trail number 1057
[I 2025-07-18 03:59:20,097] Trial 1057 finished with value: 19.28206192260351 and parameters: {'C': 475.6160048710991, 'epsilon': 0.10616564346221824, 'gamma': 38.09339462312404}. Best is trial 906 with value: 15.547757593814149.
trail number 1065
[I 2025-07-18 03:59:20,223] Trial 1065 finished with value: 24.388657864531556 and parameters: {'C': 774.2553707021134, 'epsilon': 17.499080732536495, 'gamma': 138.30907440867395}. Best is trial 906 with value: 15.547757593814149.
trail number 1061
[I 2025-07-18 03:59:20,256] Trial 1061 finished with value: 20.293034685061343 and parameters: {'C': 754.2353091952192, 'epsilon': 15.940955222093056, 'gamma': 85.15879542744177}. Best is trial 906 with value: 15.547757593814149.
trail number 1064
[I 2025-07-18 03:59:20,368] Trial 1064 finished with value: 43.637440962540296 and parameters: {'C': 0.8576608291280934, 'epsilon': 0.8826291392371148, 'gamma': 139.02207264466904}. Best is trial 906 with value: 15.547757593814149.
trail number 1062
[I 2025-07-18 03:59:20,537] Trial 1062 finished with value: 22.763861575215735 and parameters: {'C': 1803.8545468916507, 'epsilon': 0.12352261559925379, 'gamma': 67.38847314684668}. Best is trial 906 with value: 15.547757593814149.
trail number 1067
[I 2025-07-18 03:59:20,567] Trial 1067 finished with value: 50.56690649832695 and parameters: {'C': 282.72937603668413, 'epsilon': 0.4205819919308056, 'gamma': 10.971096385797125}. Best is trial 906 with value: 15.547757593814149.
trail number 1071
[I 2025-07-18 03:59:20,749] Trial 1071 finished with value: 32.93724944249145 and parameters: {'C': 3.348573578343945, 'epsilon': 18.223783140865304, 'gamma': 91.80431718566511}. Best is trial 906 with value: 15.547757593814149.
trail number 1070
[I 2025-07-18 03:59:20,800] Trial 1070 finished with value: 25.467969533847185 and parameters: {'C': 5.1371515527726785, 'epsilon': 0.3682817205799611, 'gamma': 60.68949514863726}. Best is trial 906 with value: 15.547757593814149.
trail number 1068
[I 2025-07-18 03:59:20,827] Trial 1068 finished with value: 59.355861607643746 and parameters: {'C': 727.8164012697378, 'epsilon': 14.073741475133666, 'gamma': 6.352962246843958}. Best is trial 906 with value: 15.547757593814149.
trail number 1069
[I 2025-07-18 03:59:20,859] Trial 1069 finished with value: 19.639180624661925 and parameters: {'C': 61.547245350606445, 'epsilon': 1.1605575958530345, 'gamma': 38.46760587596368}. Best is trial 906 with value: 15.547757593814149.
trail number 1063
[I 2025-07-18 03:59:20,954] Trial 1063 finished with value: 21.748516994214686 and parameters: {'C': 1323.8481378851438, 'epsilon': 0.42118103363137716, 'gamma': 61.26570882086319}. Best is trial 906 with value: 15.547757593814149.
trail number 1072
[I 2025-07-18 03:59:21,084] Trial 1072 finished with value: 46.5752766873448 and parameters: {'C': 91.3460903812692, 'epsilon': 2.703840805015883, 'gamma': 3.1119224776146197}. Best is trial 906 with value: 15.547757593814149.
trail number 1066
[I 2025-07-18 03:59:21,167] Trial 1066 finished with value: 20.71492805246761 and parameters: {'C': 884.4831800769196, 'epsilon': 0.25298653558677353, 'gamma': 62.19432065904876}. Best is trial 906 with value: 15.547757593814149.
trail number 1073
