[I 2025-07-18 04:00:19,060] Trial 1772 finished with value: 27.368681122404894 and parameters: {'C': 540.7950962143279, 'epsilon': 0.574425729082708, 'gamma': 16.504392494964314}. Best is trial 906 with value: 15.547757593814149.
trail number 1778
[I 2025-07-18 04:00:19,148] Trial 1778 finished with value: 18.15084407338329 and parameters: {'C': 599.1778231320408, 'epsilon': 15.239788011916456, 'gamma': 56.97652142503544}. Best is trial 906 with value: 15.547757593814149.
trail number 1782
[I 2025-07-18 04:00:19,289] Trial 1782 finished with value: 40.220459641631564 and parameters: {'C': 8.034758458210177, 'epsilon': 10.771615958237337, 'gamma': 14.556721554239346}. Best is trial 906 with value: 15.547757593814149.
trail number 1774
[I 2025-07-18 04:00:19,305] Trial 1774 finished with value: 21.992295376664295 and parameters: {'C': 642.586872001512, 'epsilon': 0.6442249148570917, 'gamma': 31.486276103979023}. Best is trial 906 with value: 15.547757593814149.
trail number 1781
[I 2025-07-18 04:00:19,356] Trial 1781 finished with value: 18.00684057072047 and parameters: {'C': 789.4531296050147, 'epsilon': 0.43855022170542957, 'gamma': 52.68468811897515}. Best is trial 906 with value: 15.547757593814149.
trail number 1784
[I 2025-07-18 04:00:19,591] Trial 1784 finished with value: 47.14827522803757 and parameters: {'C': 75.10177091400777, 'epsilon': 13.833644849684271, 'gamma': 3.746141690729843}. Best is trial 906 with value: 15.547757593814149.
trail number 1783
[I 2025-07-18 04:00:19,679] Trial 1783 finished with value: 21.95295528206501 and parameters: {'C': 722.4705664962119, 'epsilon': 10.29429483309217, 'gamma': 89.24190031522409}. Best is trial 906 with value: 15.547757593814149.
trail number 1787
[I 2025-07-18 04:00:19,707] Trial 1787 finished with value: 21.367989892180052 and parameters: {'C': 773.769581546834, 'epsilon': 11.734572315648023, 'gamma': 79.417334221819}. Best is trial 906 with value: 15.547757593814149.
trail number 1785
[I 2025-07-18 04:00:19,995] Trial 1785 finished with value: 25.02081915415551 and parameters: {'C': 1447.9216493513006, 'epsilon': 0.72282650851562, 'gamma': 83.08850390782311}. Best is trial 906 with value: 15.547757593814149.
trail number 1790
[I 2025-07-18 04:00:20,011] Trial 1790 finished with value: 18.8610898867592 and parameters: {'C': 32.86612071109489, 'epsilon': 0.42407663892018266, 'gamma': 128.16907857779307}. Best is trial 906 with value: 15.547757593814149.
trail number 1788
[I 2025-07-18 04:00:20,101] Trial 1788 finished with value: 18.7102702934984 and parameters: {'C': 39.63839207467495, 'epsilon': 0.06230863729907088, 'gamma': 138.45255860767057}. Best is trial 906 with value: 15.547757593814149.
trail number 1791
[I 2025-07-18 04:00:20,187] Trial 1791 finished with value: 22.201221348249486 and parameters: {'C': 13.975686936324522, 'epsilon': 12.322575567882426, 'gamma': 66.52210647801682}. Best is trial 906 with value: 15.547757593814149.
trail number 1780
[I 2025-07-18 04:00:20,206] Trial 1780 finished with value: 25.906763665582655 and parameters: {'C': 1577.6305819751974, 'epsilon': 3.0992058436639436, 'gamma': 90.77442087377979}. Best is trial 906 with value: 15.547757593814149.
trail number 1792
[I 2025-07-18 04:00:20,277] Trial 1792 finished with value: 32.1756639295744 and parameters: {'C': 18.089111667596626, 'epsilon': 2.522504471015518, 'gamma': 19.774622144046532}. Best is trial 906 with value: 15.547757593814149.
trail number 1796
[I 2025-07-18 04:00:20,305] Trial 1796 finished with value: 82.12650528719841 and parameters: {'C': 196.3930371977135, 'epsilon': 117.5071127164178, 'gamma': 108.5206658820621}. Best is trial 906 with value: 15.547757593814149.
trail number 1786
[I 2025-07-18 04:00:20,347] Trial 1786 finished with value: 23.266101680939524 and parameters: {'C': 838.8834031849527, 'epsilon': 0.5357820821365638, 'gamma': 102.06166601376559}. Best is trial 906 with value: 15.547757593814149.
trail number 1795
[I 2025-07-18 04:00:20,475] Trial 1795 finished with value: 26.800652869120206 and parameters: {'C': 49.074575079972504, 'epsilon': 25.633016070021153, 'gamma': 155.15099290558152}. Best is trial 906 with value: 15.547757593814149.
trail number 1794
[I 2025-07-18 04:00:20,563] Trial 1794 finished with value: 54.35745715618128 and parameters: {'C': 954.6427078266578, 'epsilon': 0.11620243566117727, 'gamma': 3.638101007193086}. Best is trial 906 with value: 15.547757593814149.
trail number 1797
[I 2025-07-18 04:00:20,579] Trial 1797 finished with value: 22.210100116978268 and parameters: {'C': 758.1879385027096, 'epsilon': 17.234446213019986, 'gamma': 100.01342106042009}. Best is trial 906 with value: 15.547757593814149.
trail number 1801
[I 2025-07-18 04:00:20,902] Trial 1801 finished with value: 17.865513161249776 and parameters: {'C': 80.07570989547126, 'epsilon': 0.42533983701990263, 'gamma': 108.4485436273691}. Best is trial 906 with value: 15.547757593814149.
trail number 1789
[I 2025-07-18 04:00:20,912] Trial 1789 finished with value: 22.978048551521375 and parameters: {'C': 1526.8128519389222, 'epsilon': 1.5058795806410563, 'gamma': 61.371783708863425}. Best is trial 906 with value: 15.547757593814149.
trail number 1800
[I 2025-07-18 04:00:20,932] Trial 1800 finished with value: 19.238888019683284 and parameters: {'C': 210.58381132670718, 'epsilon': 0.154814703168777, 'gamma': 97.3470347724476}. Best is trial 906 with value: 15.547757593814149.
trail number 1798
[I 2025-07-18 04:00:20,977] Trial 1798 finished with value: 24.72962403591515 and parameters: {'C': 1538.9543069898682, 'epsilon': 17.688526413041238, 'gamma': 122.28526197272205}. Best is trial 906 with value: 15.547757593814149.
trail number 1799
[I 2025-07-18 04:00:21,065] Trial 1799 finished with value: 50.136504186836376 and parameters: {'C': 201.28282094412316, 'epsilon': 0.5317428677386031, 'gamma': 8.277686536721134}. Best is trial 906 with value: 15.547757593814149.
trail number 1802
[I 2025-07-18 04:00:21,143] Trial 1802 finished with value: 23.66379499783498 and parameters: {'C': 10.733162133898873, 'epsilon': 10.747808803399925, 'gamma': 110.15555917022357}. Best is trial 906 with value: 15.547757593814149.
trail number 1805
[I 2025-07-18 04:00:21,207] Trial 1805 finished with value: 51.05283531634577 and parameters: {'C': 1875.337184407443, 'epsilon': 56.38661873421968, 'gamma': 453.8162243830882}. Best is trial 906 with value: 15.547757593814149.
trail number 1807
[I 2025-07-18 04:00:21,214] Trial 1807 finished with value: 50.698613703920884 and parameters: {'C': 38.745012574599514, 'epsilon': 60.03533448750879, 'gamma': 321.99030728654094}. Best is trial 906 with value: 15.547757593814149.
trail number 1803
[I 2025-07-18 04:00:21,226] Trial 1803 finished with value: 21.725616705347964 and parameters: {'C': 19.488723335517605, 'epsilon': 15.929535675456997, 'gamma': 76.79833147081902}. Best is trial 906 with value: 15.547757593814149.
trail number 1793
[I 2025-07-18 04:00:21,233] Trial 1793 finished with value: 25.03627610771364 and parameters: {'C': 1508.3140919326424, 'epsilon': 0.7270271428840577, 'gamma': 85.72714312202153}. Best is trial 906 with value: 15.547757593814149.
trail number 1804
[I 2025-07-18 04:00:21,256] Trial 1804 finished with value: 22.617802909861403 and parameters: {'C': 668.0147125222126, 'epsilon': 13.54277650862742, 'gamma': 137.9682791378719}. Best is trial 906 with value: 15.547757593814149.
trail number 1809
[I 2025-07-18 04:00:21,845] Trial 1809 finished with value: 54.40319429040651 and parameters: {'C': 553.1484412170623, 'epsilon': 0.32644350134422284, 'gamma': 8.16877083987152}. Best is trial 906 with value: 15.547757593814149.
trail number 1808
[I 2025-07-18 04:00:21,909] Trial 1808 finished with value: 56.187034018661585 and parameters: {'C': 634.9372718413921, 'epsilon': 0.06369148548458026, 'gamma': 10.393226172822175}. Best is trial 906 with value: 15.547757593814149.
trail number 1810
[I 2025-07-18 04:00:21,919] Trial 1810 finished with value: 26.68724091658776 and parameters: {'C': 770.5069405686065, 'epsilon': 16.472679659199358, 'gamma': 197.59582814059513}. Best is trial 906 with value: 15.547757593814149.
trail number 1811
[I 2025-07-18 04:00:21,931] Trial 1811 finished with value: 27.947329240662675 and parameters: {'C': 1085.3590780184952, 'epsilon': 13.077642998175728, 'gamma': 187.8577621385774}. Best is trial 906 with value: 15.547757593814149.
trail number 1812
[I 2025-07-18 04:00:22,178] Trial 1812 finished with value: 23.050980299675864 and parameters: {'C': 1178.5418497639205, 'epsilon': 0.05752778408529835, 'gamma': 105.57339280434184}. Best is trial 906 with value: 15.547757593814149.
trail number 1814
[I 2025-07-18 04:00:22,261] Trial 1814 finished with value: 24.096674089217377 and parameters: {'C': 868.8939337565281, 'epsilon': 26.770902883618206, 'gamma': 55.23492529884954}. Best is trial 906 with value: 15.547757593814149.
trail number 1817
[I 2025-07-18 04:00:22,327] Trial 1817 finished with value: 24.97202040520529 and parameters: {'C': 81.8465935522824, 'epsilon': 29.97915795534105, 'gamma': 49.168286840520395}. Best is trial 906 with value: 15.547757593814149.
trail number 1813
[I 2025-07-18 04:00:22,343] Trial 1813 finished with value: 25.85494240383894 and parameters: {'C': 697.7708442518469, 'epsilon': 15.614840523963185, 'gamma': 191.30139777220012}. Best is trial 906 with value: 15.547757593814149.
trail number 1816
[I 2025-07-18 04:00:22,420] Trial 1816 finished with value: 21.199007301752506 and parameters: {'C': 1488.548571934193, 'epsilon': 17.523567322368567, 'gamma': 60.860455337889746}. Best is trial 906 with value: 15.547757593814149.
trail number 1815
[I 2025-07-18 04:00:22,620] Trial 1815 finished with value: 19.339277961343875 and parameters: {'C': 441.6375427247219, 'epsilon': 0.11807926698945614, 'gamma': 69.32435300973576}. Best is trial 906 with value: 15.547757593814149.
trail number 1821
[I 2025-07-18 04:00:22,633] Trial 1821 finished with value: 19.592792868965038 and parameters: {'C': 53.21316994402899, 'epsilon': 11.399249207130897, 'gamma': 87.4151100387468}. Best is trial 906 with value: 15.547757593814149.
trail number 1818
[I 2025-07-18 04:00:22,721] Trial 1818 finished with value: 20.398288977577685 and parameters: {'C': 696.1818168563558, 'epsilon': 13.635906733830991, 'gamma': 75.23269114764186}. Best is trial 906 with value: 15.547757593814149.
trail number 1820
[I 2025-07-18 04:00:22,852] Trial 1820 finished with value: 17.602845460943758 and parameters: {'C': 57.94964231083314, 'epsilon': 0.15568401223977002, 'gamma': 103.15708826386714}. Best is trial 906 with value: 15.547757593814149.
trail number 1819
[I 2025-07-18 04:00:22,865] Trial 1819 finished with value: 22.101279046348104 and parameters: {'C': 787.9209366107453, 'epsilon': 12.649876726955416, 'gamma': 104.23718879601716}. Best is trial 906 with value: 15.547757593814149.
trail number 1823
[I 2025-07-18 04:00:22,899] Trial 1823 finished with value: 21.89585504202994 and parameters: {'C': 428.8528244959006, 'epsilon': 14.529752195528411, 'gamma': 142.3150003764169}. Best is trial 906 with value: 15.547757593814149.
trail number 1822
[I 2025-07-18 04:00:22,997] Trial 1822 finished with value: 21.38351539665969 and parameters: {'C': 20.652436379156427, 'epsilon': 11.763896337851122, 'gamma': 114.62861993353614}. Best is trial 906 with value: 15.547757593814149.
trail number 1827
[I 2025-07-18 04:00:23,197] Trial 1827 finished with value: 18.944989098229776 and parameters: {'C': 71.44181081359793, 'epsilon': 0.619929166418801, 'gamma': 43.03312093861401}. Best is trial 906 with value: 15.547757593814149.
trail number 1824
[I 2025-07-18 04:00:23,293] Trial 1824 finished with value: 21.058508434472323 and parameters: {'C': 658.4411526128492, 'epsilon': 14.492252453597565, 'gamma': 87.08643819019797}. Best is trial 906 with value: 15.547757593814149.
trail number 1806
[I 2025-07-18 04:00:23,315] Trial 1806 finished with value: 37.95539219131559 and parameters: {'C': 5280.330024692777, 'epsilon': 7.034546455928805, 'gamma': 365.8313264689324}. Best is trial 906 with value: 15.547757593814149.
trail number 1826
[I 2025-07-18 04:00:23,323] Trial 1826 finished with value: 20.400210965980904 and parameters: {'C': 483.1230468616291, 'epsilon': 13.208035792551165, 'gamma': 76.72516706407838}. Best is trial 906 with value: 15.547757593814149.
trail number 1825
[I 2025-07-18 04:00:23,362] Trial 1825 finished with value: 22.64121585550331 and parameters: {'C': 681.0805648297145, 'epsilon': 14.46382621753642, 'gamma': 154.88787627106512}. Best is trial 906 with value: 15.547757593814149.
trail number 1828
[I 2025-07-18 04:00:23,489] Trial 1828 finished with value: 17.13621514111319 and parameters: {'C': 48.614282262004345, 'epsilon': 0.0758737146540317, 'gamma': 77.4485961560741}. Best is trial 906 with value: 15.547757593814149.
trail number 1833
[I 2025-07-18 04:00:23,579] Trial 1833 finished with value: 29.4681607928787 and parameters: {'C': 17.551657950855486, 'epsilon': 29.178067055285172, 'gamma': 76.44653047562367}. Best is trial 906 with value: 15.547757593814149.
trail number 1831
[I 2025-07-18 04:00:23,593] Trial 1831 finished with value: 19.86352026224838 and parameters: {'C': 601.689160180132, 'epsilon': 17.26063316410309, 'gamma': 71.21479010610354}. Best is trial 906 with value: 15.547757593814149.
trail number 1830
[I 2025-07-18 04:00:23,715] Trial 1830 finished with value: 25.458078733306262 and parameters: {'C': 1456.6251952639452, 'epsilon': 27.85270810546689, 'gamma': 36.25210800483092}. Best is trial 906 with value: 15.547757593814149.
trail number 1829
[I 2025-07-18 04:00:23,765] Trial 1829 finished with value: 22.33228347063346 and parameters: {'C': 710.4375070377561, 'epsilon': 0.15325058345549913, 'gamma': 115.78030519093443}. Best is trial 906 with value: 15.547757593814149.
trail number 1834
[I 2025-07-18 04:00:23,853] Trial 1834 finished with value: 26.019025188009426 and parameters: {'C': 5.363354985078232, 'epsilon': 9.210220501832124, 'gamma': 81.08768694960091}. Best is trial 906 with value: 15.547757593814149.
trail number 1836
[I 2025-07-18 04:00:23,870] Trial 1836 finished with value: 41.77821812575455 and parameters: {'C': 2534.209425203271, 'epsilon': 46.608559534851835, 'gamma': 184.5250914617202}. Best is trial 906 with value: 15.547757593814149.
trail number 1835
[I 2025-07-18 04:00:23,912] Trial 1835 finished with value: 20.427919212827156 and parameters: {'C': 33.37721201606337, 'epsilon': 16.265423588026035, 'gamma': 73.35698417177534}. Best is trial 906 with value: 15.547757593814149.
trail number 1838
[I 2025-07-18 04:00:24,065] Trial 1838 finished with value: 19.622749927864078 and parameters: {'C': 71.37114557692094, 'epsilon': 0.6730631688484041, 'gamma': 39.04749096985538}. Best is trial 906 with value: 15.547757593814149.
trail number 1837
[I 2025-07-18 04:00:24,161] Trial 1837 finished with value: 18.57469968901761 and parameters: {'C': 446.5686784168098, 'epsilon': 13.995008647617237, 'gamma': 67.51838946746459}. Best is trial 906 with value: 15.547757593814149.
trail number 1840
[I 2025-07-18 04:00:24,190] Trial 1840 finished with value: 20.438624891525475 and parameters: {'C': 45.09429757043057, 'epsilon': 15.323866936530509, 'gamma': 82.59364596746018}. Best is trial 906 with value: 15.547757593814149.
trail number 1841
[I 2025-07-18 04:00:24,251] Trial 1841 finished with value: 23.960477294842075 and parameters: {'C': 10.641450225094331, 'epsilon': 13.97336317296213, 'gamma': 43.82716470202141}. Best is trial 906 with value: 15.547757593814149.
trail number 1842
[I 2025-07-18 04:00:24,331] Trial 1842 finished with value: 20.239726725179455 and parameters: {'C': 576.2675086111701, 'epsilon': 13.954312574822378, 'gamma': 81.24335548046744}. Best is trial 906 with value: 15.547757593814149.
trail number 1843
[I 2025-07-18 04:00:24,463] Trial 1843 finished with value: 22.459106174161082 and parameters: {'C': 15.232213081305858, 'epsilon': 15.834807481219691, 'gamma': 80.424775673706}. Best is trial 906 with value: 15.547757593814149.
trail number 1844
[I 2025-07-18 04:00:24,553] Trial 1844 finished with value: 52.60578299573184 and parameters: {'C': 197.86938773264018, 'epsilon': 39.72614334150793, 'gamma': 2.153714776679685}. Best is trial 906 with value: 15.547757593814149.
trail number 1845
[I 2025-07-18 04:00:24,620] Trial 1845 finished with value: 22.585261680350513 and parameters: {'C': 33.474727827547724, 'epsilon': 13.622611816270433, 'gamma': 168.9678956968521}. Best is trial 906 with value: 15.547757593814149.
trail number 1839
[I 2025-07-18 04:00:24,819] Trial 1839 finished with value: 19.192724117913453 and parameters: {'C': 808.6488163365407, 'epsilon': 0.06179860184393693, 'gamma': 55.98285963984538}. Best is trial 906 with value: 15.547757593814149.
trail number 1846
[I 2025-07-18 04:00:24,880] Trial 1846 finished with value: 21.87466414668509 and parameters: {'C': 586.0004302346206, 'epsilon': 0.6699235746774398, 'gamma': 127.17331824134257}. Best is trial 906 with value: 15.547757593814149.
trail number 1832
[I 2025-07-18 04:00:24,890] Trial 1832 finished with value: 28.16439759567922 and parameters: {'C': 4982.312868540845, 'epsilon': 2.0505370243687864, 'gamma': 59.184082486805664}. Best is trial 906 with value: 15.547757593814149.
trail number 1849
[I 2025-07-18 04:00:25,085] Trial 1849 finished with value: 19.224335721967684 and parameters: {'C': 30.096959454487887, 'epsilon': 2.2193054991041583, 'gamma': 52.08954639541935}. Best is trial 906 with value: 15.547757593814149.
trail number 1848
[I 2025-07-18 04:00:25,110] Trial 1848 finished with value: 55.9648432619955 and parameters: {'C': 515.0996238220445, 'epsilon': 12.170394117904095, 'gamma': 6.437742162219578}. Best is trial 906 with value: 15.547757593814149.
trail number 1852
[I 2025-07-18 04:00:25,186] Trial 1852 finished with value: 21.68157822226173 and parameters: {'C': 19.704001396967094, 'epsilon': 0.8049652322790557, 'gamma': 182.15741642217057}. Best is trial 906 with value: 15.547757593814149.
trail number 1854
[I 2025-07-18 04:00:25,213] Trial 1854 finished with value: 61.02219216731203 and parameters: {'C': 3167.4665561311367, 'epsilon': 80.25211326924071, 'gamma': 234.97464372061054}. Best is trial 906 with value: 15.547757593814149.
trail number 1850
[I 2025-07-18 04:00:25,258] Trial 1850 finished with value: 47.989307895111864 and parameters: {'C': 5.289129271616332, 'epsilon': 4.293190596507904, 'gamma': 1.7083416827843365}. Best is trial 906 with value: 15.547757593814149.
trail number 1847
[I 2025-07-18 04:00:25,391] Trial 1847 finished with value: 21.59065362847442 and parameters: {'C': 794.2313367939291, 'epsilon': 1.1252892527502403, 'gamma': 73.4481657206119}. Best is trial 906 with value: 15.547757593814149.
trail number 1851
[I 2025-07-18 04:00:25,460] Trial 1851 finished with value: 21.151741167053714 and parameters: {'C': 577.6109581690698, 'epsilon': 0.9643316359435996, 'gamma': 86.66935729081825}. Best is trial 906 with value: 15.547757593814149.
trail number 1856
[I 2025-07-18 04:00:25,675] Trial 1856 finished with value: 48.22409665446068 and parameters: {'C': 540.3765311506038, 'epsilon': 22.784819381345827, 'gamma': 1.7098009064810356}. Best is trial 906 with value: 15.547757593814149.
trail number 1855
[I 2025-07-18 04:00:25,749] Trial 1855 finished with value: 23.903336568982468 and parameters: {'C': 1485.7118231913248, 'epsilon': 14.359782507437043, 'gamma': 111.95391280702461}. Best is trial 906 with value: 15.547757593814149.
trail number 1858
[I 2025-07-18 04:00:25,759] Trial 1858 finished with value: 22.045354562881137 and parameters: {'C': 52.59335962822604, 'epsilon': 14.80893180545603, 'gamma': 146.17016441696944}. Best is trial 906 with value: 15.547757593814149.
trail number 1853
[I 2025-07-18 04:00:25,803] Trial 1853 finished with value: 20.803249179559643 and parameters: {'C': 993.9658743972111, 'epsilon': 12.15824885309776, 'gamma': 80.01388999320103}. Best is trial 906 with value: 15.547757593814149.
trail number 1859
[I 2025-07-18 04:00:25,860] Trial 1859 finished with value: 19.58025887499272 and parameters: {'C': 1442.6698691631361, 'epsilon': 15.159043638592518, 'gamma': 47.07105780446508}. Best is trial 906 with value: 15.547757593814149.
trail number 1863
[I 2025-07-18 04:00:25,876] Trial 1863 finished with value: 63.50185937995851 and parameters: {'C': 1554.465337389397, 'epsilon': 87.01211574224861, 'gamma': 91.80926779862818}. Best is trial 906 with value: 15.547757593814149.
trail number 1857
[I 2025-07-18 04:00:26,125] Trial 1857 finished with value: 23.275129685114187 and parameters: {'C': 681.8808807390204, 'epsilon': 0.4411442120434055, 'gamma': 140.77072451940091}. Best is trial 906 with value: 15.547757593814149.
trail number 1862
[I 2025-07-18 04:00:26,136] Trial 1862 finished with value: 43.02084643391304 and parameters: {'C': 4655.377084377091, 'epsilon': 41.414857366372274, 'gamma': 225.6520997178477}. Best is trial 906 with value: 15.547757593814149.
trail number 1864
[I 2025-07-18 04:00:26,200] Trial 1864 finished with value: 18.401210911131447 and parameters: {'C': 701.8957138259052, 'epsilon': 12.37049219389668, 'gamma': 41.88120219248631}. Best is trial 906 with value: 15.547757593814149.
trail number 1865
[I 2025-07-18 04:00:26,212] Trial 1865 finished with value: 29.658570826724553 and parameters: {'C': 1057.9889517958338, 'epsilon': 27.90255317135546, 'gamma': 122.92534360262664}. Best is trial 906 with value: 15.547757593814149.
trail number 1861
[I 2025-07-18 04:00:26,230] Trial 1861 finished with value: 30.75466281530086 and parameters: {'C': 3.0095478190867055, 'epsilon': 1.1553903551530764, 'gamma': 115.20353405718909}. Best is trial 906 with value: 15.547757593814149.
trail number 1868
