[I 2025-07-18 04:01:39,045] Trial 2735 finished with value: 29.375130352454498 and parameters: {'C': 5117.014509237581, 'epsilon': 24.72694433428837, 'gamma': 80.37897098818792}. Best is trial 906 with value: 15.547757593814149.
trail number 2746
[I 2025-07-18 04:01:39,062] Trial 2746 finished with value: 54.45294742222444 and parameters: {'C': 0.07190965482173794, 'epsilon': 13.723486680456471, 'gamma': 57.28839616467353}. Best is trial 906 with value: 15.547757593814149.
trail number 2750
[I 2025-07-18 04:01:39,213] Trial 2750 finished with value: 23.13760455161404 and parameters: {'C': 14.028520659065293, 'epsilon': 14.583559942433808, 'gamma': 42.37442183671296}. Best is trial 906 with value: 15.547757593814149.
trail number 2748
[I 2025-07-18 04:01:39,290] Trial 2748 finished with value: 20.96164559724495 and parameters: {'C': 726.3449924868761, 'epsilon': 11.288230722100913, 'gamma': 32.847805951815445}. Best is trial 906 with value: 15.547757593814149.
trail number 2751
[I 2025-07-18 04:01:39,375] Trial 2751 finished with value: 29.163676904660974 and parameters: {'C': 720.6588008051128, 'epsilon': 27.445413448433854, 'gamma': 140.07307565724747}. Best is trial 906 with value: 15.547757593814149.
trail number 2753
[I 2025-07-18 04:01:39,503] Trial 2753 finished with value: 21.16947007671885 and parameters: {'C': 645.9658446877477, 'epsilon': 14.820413234531419, 'gamma': 108.36386244434613}. Best is trial 906 with value: 15.547757593814149.
trail number 2754
[I 2025-07-18 04:01:39,577] Trial 2754 finished with value: 35.312634636814224 and parameters: {'C': 1.7429263256166507, 'epsilon': 2.184554126437437, 'gamma': 99.40455628774342}. Best is trial 906 with value: 15.547757593814149.
trail number 2752
[I 2025-07-18 04:01:39,603] Trial 2752 finished with value: 19.677379362976488 and parameters: {'C': 782.2881822991098, 'epsilon': 13.33602999085262, 'gamma': 63.687484133892816}. Best is trial 906 with value: 15.547757593814149.
trail number 2745
[I 2025-07-18 04:01:39,684] Trial 2745 finished with value: 22.900899554092305 and parameters: {'C': 1128.7737852834612, 'epsilon': 0.2546751031094858, 'gamma': 82.20415220091137}. Best is trial 906 with value: 15.547757593814149.
trail number 2756
[I 2025-07-18 04:01:39,859] Trial 2756 finished with value: 22.37460234056441 and parameters: {'C': 693.7879155989674, 'epsilon': 12.794619504463958, 'gamma': 132.03871223853358}. Best is trial 906 with value: 15.547757593814149.
trail number 2759
[I 2025-07-18 04:01:40,055] Trial 2759 finished with value: 34.36515075202517 and parameters: {'C': 2.560074782503051, 'epsilon': 15.426512663741342, 'gamma': 54.95195064077616}. Best is trial 906 with value: 15.547757593814149.
trail number 2749
[I 2025-07-18 04:01:40,070] Trial 2749 finished with value: 27.433575537547075 and parameters: {'C': 770.7833060172704, 'epsilon': 0.15103792863888532, 'gamma': 193.34417799768954}. Best is trial 906 with value: 15.547757593814149.
trail number 2760
[I 2025-07-18 04:01:40,188] Trial 2760 finished with value: 17.5742267515885 and parameters: {'C': 575.5332960139496, 'epsilon': 11.720408336900576, 'gamma': 55.27947396814561}. Best is trial 906 with value: 15.547757593814149.
trail number 2755
[I 2025-07-18 04:01:40,230] Trial 2755 finished with value: 19.961154913205466 and parameters: {'C': 608.905982737261, 'epsilon': 0.03885920268110732, 'gamma': 64.25834774918974}. Best is trial 906 with value: 15.547757593814149.
trail number 2761
[I 2025-07-18 04:01:40,408] Trial 2761 finished with value: 27.28467941201268 and parameters: {'C': 702.4201764111422, 'epsilon': 26.88705059619373, 'gamma': 91.40285767583796}. Best is trial 906 with value: 15.547757593814149.
trail number 2763
[I 2025-07-18 04:01:40,458] Trial 2763 finished with value: 49.73026095655467 and parameters: {'C': 0.5245018689265066, 'epsilon': 15.914576024421123, 'gamma': 166.32810468777825}. Best is trial 906 with value: 15.547757593814149.
trail number 2766
[I 2025-07-18 04:01:40,661] Trial 2766 finished with value: 26.71293627734206 and parameters: {'C': 8.798402557105469, 'epsilon': 14.492984256522139, 'gamma': 144.39222633290305}. Best is trial 906 with value: 15.547757593814149.
trail number 2762
[I 2025-07-18 04:01:40,752] Trial 2762 finished with value: 29.009736615280424 and parameters: {'C': 2359.6546296446563, 'epsilon': 21.817122137079068, 'gamma': 86.58709506760735}. Best is trial 906 with value: 15.547757593814149.
trail number 2765
[I 2025-07-18 04:01:40,809] Trial 2765 finished with value: 23.541693093037914 and parameters: {'C': 8.424162629643916, 'epsilon': 9.536378642137448, 'gamma': 90.59332753070419}. Best is trial 906 with value: 15.547757593814149.
trail number 2757
[I 2025-07-18 04:01:40,869] Trial 2757 finished with value: 43.59189461867156 and parameters: {'C': 5251.198495376536, 'epsilon': 20.371505046044085, 'gamma': 449.44504157942004}. Best is trial 906 with value: 15.547757593814149.
trail number 2758
[I 2025-07-18 04:01:40,881] Trial 2758 finished with value: 42.31749250412363 and parameters: {'C': 4453.448442588975, 'epsilon': 24.12240007328812, 'gamma': 381.119573207676}. Best is trial 906 with value: 15.547757593814149.
trail number 2767
[I 2025-07-18 04:01:41,007] Trial 2767 finished with value: 18.56161172537748 and parameters: {'C': 72.56201453795563, 'epsilon': 0.2712071875947325, 'gamma': 163.1793723391093}. Best is trial 906 with value: 15.547757593814149.
trail number 2769
[I 2025-07-18 04:01:41,073] Trial 2769 finished with value: 30.607438820773957 and parameters: {'C': 51.530058101989994, 'epsilon': 27.51929629940596, 'gamma': 297.40362792182196}. Best is trial 906 with value: 15.547757593814149.
trail number 2768
[I 2025-07-18 04:01:41,188] Trial 2768 finished with value: 47.95431512080447 and parameters: {'C': 46.5850309810408, 'epsilon': 20.997791499693967, 'gamma': 3.8606394124272185}. Best is trial 906 with value: 15.547757593814149.
trail number 2770
[I 2025-07-18 04:01:41,534] Trial 2770 finished with value: 20.8661072997324 and parameters: {'C': 869.5925126790391, 'epsilon': 0.05516571332639986, 'gamma': 64.85658283003774}. Best is trial 906 with value: 15.547757593814149.
trail number 2764
[I 2025-07-18 04:01:41,573] Trial 2764 finished with value: 28.668469527890416 and parameters: {'C': 2047.5034330541366, 'epsilon': 11.017890075850627, 'gamma': 157.44208830235885}. Best is trial 906 with value: 15.547757593814149.
trail number 2773
[I 2025-07-18 04:01:41,641] Trial 2773 finished with value: 25.1540642774086 and parameters: {'C': 734.4415379401751, 'epsilon': 12.293504499754334, 'gamma': 17.25828270156324}. Best is trial 906 with value: 15.547757593814149.
trail number 2772
[I 2025-07-18 04:01:41,671] Trial 2772 finished with value: 20.31462329914897 and parameters: {'C': 1382.2533008406467, 'epsilon': 0.5889196367331548, 'gamma': 31.105948232986883}. Best is trial 906 with value: 15.547757593814149.
trail number 2774
[I 2025-07-18 04:01:41,715] Trial 2774 finished with value: 21.601341892077176 and parameters: {'C': 761.8693152420662, 'epsilon': 14.595050705947834, 'gamma': 109.98841976761994}. Best is trial 906 with value: 15.547757593814149.
trail number 2771
[I 2025-07-18 04:01:41,784] Trial 2771 finished with value: 22.579339821159692 and parameters: {'C': 818.7243888766983, 'epsilon': 0.48804552274959767, 'gamma': 112.19159821133948}. Best is trial 906 with value: 15.547757593814149.
trail number 2778
[I 2025-07-18 04:01:41,947] Trial 2778 finished with value: 45.393468425813936 and parameters: {'C': 637.8995157801841, 'epsilon': 9.774003060360386, 'gamma': 0.7097126381168124}. Best is trial 906 with value: 15.547757593814149.
trail number 2776
[I 2025-07-18 04:01:42,026] Trial 2776 finished with value: 29.521189091022695 and parameters: {'C': 1312.4484349614988, 'epsilon': 28.060080338045324, 'gamma': 86.02917885553909}. Best is trial 906 with value: 15.547757593814149.
trail number 2781
[I 2025-07-18 04:01:42,138] Trial 2781 finished with value: 28.267307563035423 and parameters: {'C': 25.9933767949544, 'epsilon': 33.71857029592952, 'gamma': 23.956945447853073}. Best is trial 906 with value: 15.547757593814149.
trail number 2783
[I 2025-07-18 04:01:42,326] Trial 2783 finished with value: 21.600206593781422 and parameters: {'C': 28.271115059168928, 'epsilon': 17.716474240098833, 'gamma': 86.32141188992394}. Best is trial 906 with value: 15.547757593814149.
trail number 2780
[I 2025-07-18 04:01:42,360] Trial 2780 finished with value: 18.578741128346813 and parameters: {'C': 134.51217797718337, 'epsilon': 0.6997873115741844, 'gamma': 133.44249962710364}. Best is trial 906 with value: 15.547757593814149.
trail number 2779
[I 2025-07-18 04:01:42,419] Trial 2779 finished with value: 20.076191942179776 and parameters: {'C': 1469.0646168182361, 'epsilon': 14.291699411257722, 'gamma': 41.095705227612925}. Best is trial 906 with value: 15.547757593814149.
trail number 2782
[I 2025-07-18 04:01:42,436] Trial 2782 finished with value: 34.37326514668961 and parameters: {'C': 2.247152163977063, 'epsilon': 10.322183176276326, 'gamma': 103.28737381231275}. Best is trial 906 with value: 15.547757593814149.
trail number 2786
[I 2025-07-18 04:01:42,887] Trial 2786 finished with value: 21.40308401617863 and parameters: {'C': 702.7665701466092, 'epsilon': 15.19951927148319, 'gamma': 87.9813728893527}. Best is trial 906 with value: 15.547757593814149.
trail number 2784
[I 2025-07-18 04:01:42,904] Trial 2784 finished with value: 32.10324695194601 and parameters: {'C': 1204.308171193757, 'epsilon': 16.555800554159312, 'gamma': 262.99231483119905}. Best is trial 906 with value: 15.547757593814149.
trail number 2789
[I 2025-07-18 04:01:42,997] Trial 2789 finished with value: 58.84251938574202 and parameters: {'C': 4494.543895312399, 'epsilon': 73.39926426067626, 'gamma': 388.0284646706049}. Best is trial 906 with value: 15.547757593814149.
trail number 2787
[I 2025-07-18 04:01:43,272] Trial 2787 finished with value: 20.784357516082817 and parameters: {'C': 532.1158229385188, 'epsilon': 0.06608860929492666, 'gamma': 91.07127419653779}. Best is trial 906 with value: 15.547757593814149.
trail number 2777
[I 2025-07-18 04:01:43,286] Trial 2777 finished with value: 23.789081575966826 and parameters: {'C': 2294.8379738549165, 'epsilon': 0.9283145472206681, 'gamma': 23.976897295694485}. Best is trial 906 with value: 15.547757593814149.
trail number 2790
[I 2025-07-18 04:01:43,315] Trial 2790 finished with value: 19.622142592276386 and parameters: {'C': 591.1826768448951, 'epsilon': 12.506796524742395, 'gamma': 68.66873439135793}. Best is trial 906 with value: 15.547757593814149.
trail number 2785
[I 2025-07-18 04:01:43,371] Trial 2785 finished with value: 22.45200873099395 and parameters: {'C': 859.2080051188606, 'epsilon': 0.8217682390198127, 'gamma': 114.4965891497351}. Best is trial 906 with value: 15.547757593814149.
trail number 2794
[I 2025-07-18 04:01:43,601] Trial 2794 finished with value: 32.79826386117983 and parameters: {'C': 8.487320993916455, 'epsilon': 29.881543000397897, 'gamma': 56.162767097216744}. Best is trial 906 with value: 15.547757593814149.
trail number 2788
[I 2025-07-18 04:01:43,760] Trial 2788 finished with value: 18.274159424704244 and parameters: {'C': 741.7646963345569, 'epsilon': 0.14313341026529436, 'gamma': 54.190219990063376}. Best is trial 906 with value: 15.547757593814149.
trail number 2792
[I 2025-07-18 04:01:43,760] Trial 2792 finished with value: 21.453670918361134 and parameters: {'C': 15.508998439916482, 'epsilon': 0.6426794668643787, 'gamma': 40.78602096359818}. Best is trial 906 with value: 15.547757593814149.
trail number 2793
[I 2025-07-18 04:01:43,787] Trial 2793 finished with value: 26.07952006211233 and parameters: {'C': 1300.8028522300049, 'epsilon': 12.578381258718458, 'gamma': 141.23785395650472}. Best is trial 906 with value: 15.547757593814149.
trail number 2791
[I 2025-07-18 04:01:43,930] Trial 2791 finished with value: 24.483868764006996 and parameters: {'C': 477.54769061773163, 'epsilon': 0.30708451421083605, 'gamma': 18.0305975570214}. Best is trial 906 with value: 15.547757593814149.
trail number 2796
[I 2025-07-18 04:01:44,009] Trial 2796 finished with value: 23.860947661968822 and parameters: {'C': 733.938883810228, 'epsilon': 26.42509494527487, 'gamma': 55.473091485446936}. Best is trial 906 with value: 15.547757593814149.
trail number 2795
[I 2025-07-18 04:01:44,131] Trial 2795 finished with value: 20.84305262820926 and parameters: {'C': 586.1175209440954, 'epsilon': 12.530276401996968, 'gamma': 89.48281221549884}. Best is trial 906 with value: 15.547757593814149.
trail number 2798
[I 2025-07-18 04:01:44,300] Trial 2798 finished with value: 23.056170491961982 and parameters: {'C': 676.5334791350023, 'epsilon': 12.452738959753269, 'gamma': 124.22843574448689}. Best is trial 906 with value: 15.547757593814149.
trail number 2799
[I 2025-07-18 04:01:44,473] Trial 2799 finished with value: 19.36614461356161 and parameters: {'C': 850.7672420792946, 'epsilon': 16.193515216035653, 'gamma': 52.00336604316385}. Best is trial 906 with value: 15.547757593814149.
trail number 2800
[I 2025-07-18 04:01:44,522] Trial 2800 finished with value: 20.233443367873896 and parameters: {'C': 720.3327425405994, 'epsilon': 0.10782905946491272, 'gamma': 61.163871094705115}. Best is trial 906 with value: 15.547757593814149.
trail number 2802
[I 2025-07-18 04:01:44,663] Trial 2802 finished with value: 27.631213665827705 and parameters: {'C': 6.331560168333084, 'epsilon': 12.389963048118098, 'gamma': 135.63267139327417}. Best is trial 906 with value: 15.547757593814149.
trail number 2804
[I 2025-07-18 04:01:44,777] Trial 2804 finished with value: 47.94584908953204 and parameters: {'C': 1.2083442050218594, 'epsilon': 12.2135441633413, 'gamma': 17.839107497354355}. Best is trial 906 with value: 15.547757593814149.
trail number 2801
[I 2025-07-18 04:01:44,791] Trial 2801 finished with value: 19.273794772297713 and parameters: {'C': 1170.657962688853, 'epsilon': 13.308158053037229, 'gamma': 50.7428003213349}. Best is trial 906 with value: 15.547757593814149.
trail number 2797
[I 2025-07-18 04:01:44,811] Trial 2797 finished with value: 22.693116303007354 and parameters: {'C': 773.0007508245849, 'epsilon': 0.159180601219455, 'gamma': 109.88601904714919}. Best is trial 906 with value: 15.547757593814149.
trail number 2807
[I 2025-07-18 04:01:45,039] Trial 2807 finished with value: 25.892281263549506 and parameters: {'C': 40.370207600692055, 'epsilon': 26.61370229048664, 'gamma': 112.22139028060177}. Best is trial 906 with value: 15.547757593814149.
trail number 2805
[I 2025-07-18 04:01:45,227] Trial 2805 finished with value: 16.354629686985287 and parameters: {'C': 107.66003226952826, 'epsilon': 0.20697506529077225, 'gamma': 74.40824046377024}. Best is trial 906 with value: 15.547757593814149.
trail number 2808
[I 2025-07-18 04:01:45,258] Trial 2808 finished with value: 25.348176844476054 and parameters: {'C': 5904.3631837330995, 'epsilon': 34.799237074136116, 'gamma': 25.261522674617964}. Best is trial 906 with value: 15.547757593814149.
trail number 2803
[I 2025-07-18 04:01:45,294] Trial 2803 finished with value: 21.270714802561358 and parameters: {'C': 617.7126064338389, 'epsilon': 0.14357862266414917, 'gamma': 91.62619619177453}. Best is trial 906 with value: 15.547757593814149.
trail number 2806
[I 2025-07-18 04:01:45,368] Trial 2806 finished with value: 17.81144569468079 and parameters: {'C': 112.43222888684659, 'epsilon': 0.29017423664185316, 'gamma': 103.7795307611851}. Best is trial 906 with value: 15.547757593814149.
trail number 2809
[I 2025-07-18 04:01:45,572] Trial 2809 finished with value: 19.800718337950173 and parameters: {'C': 30.069193519816423, 'epsilon': 0.3211116525529612, 'gamma': 156.07989543558136}. Best is trial 906 with value: 15.547757593814149.
trail number 2811
[I 2025-07-18 04:01:45,591] Trial 2811 finished with value: 22.394347661777594 and parameters: {'C': 36.74988815322105, 'epsilon': 14.531563849985321, 'gamma': 136.90917543987214}. Best is trial 906 with value: 15.547757593814149.
trail number 2775
[I 2025-07-18 04:01:45,623] Trial 2775 finished with value: 35.748039662134644 and parameters: {'C': 5053.013479632804, 'epsilon': 4.775577625554227, 'gamma': 498.21405564274545}. Best is trial 906 with value: 15.547757593814149.
trail number 2816
[I 2025-07-18 04:01:45,813] Trial 2816 finished with value: 22.99925700944861 and parameters: {'C': 697.5643583779472, 'epsilon': 27.1788758311664, 'gamma': 26.325203751235417}. Best is trial 906 with value: 15.547757593814149.
trail number 2813
[I 2025-07-18 04:01:45,911] Trial 2813 finished with value: 18.034185531058192 and parameters: {'C': 678.9475993104082, 'epsilon': 11.710680049977196, 'gamma': 43.895371645876786}. Best is trial 906 with value: 15.547757593814149.
trail number 2810
[I 2025-07-18 04:01:45,943] Trial 2810 finished with value: 23.114615646467094 and parameters: {'C': 849.1648741212716, 'epsilon': 0.031155853569655445, 'gamma': 121.75672397861398}. Best is trial 906 with value: 15.547757593814149.
trail number 2812
[I 2025-07-18 04:01:45,954] Trial 2812 finished with value: 20.941753934802826 and parameters: {'C': 794.9791269301711, 'epsilon': 10.953309196465803, 'gamma': 69.19169374034568}. Best is trial 906 with value: 15.547757593814149.
trail number 2817
[I 2025-07-18 04:01:46,169] Trial 2817 finished with value: 54.66090133153891 and parameters: {'C': 818.9468596974808, 'epsilon': 11.387192182745236, 'gamma': 3.1560117738604987}. Best is trial 906 with value: 15.547757593814149.
trail number 2814
[I 2025-07-18 04:01:46,180] Trial 2814 finished with value: 21.362477658867938 and parameters: {'C': 637.8136734168112, 'epsilon': 13.807645145760045, 'gamma': 103.36516373555042}. Best is trial 906 with value: 15.547757593814149.
trail number 2819
[I 2025-07-18 04:01:46,255] Trial 2819 finished with value: 45.87040860267786 and parameters: {'C': 613.0854693366954, 'epsilon': 8.783605317218813, 'gamma': 1.064760313067282}. Best is trial 906 with value: 15.547757593814149.
trail number 2820
[I 2025-07-18 04:01:46,330] Trial 2820 finished with value: 22.439106833574876 and parameters: {'C': 33.53235420946372, 'epsilon': 11.542891962781958, 'gamma': 214.32464558486242}. Best is trial 906 with value: 15.547757593814149.
trail number 2824
[I 2025-07-18 04:01:46,374] Trial 2824 finished with value: 83.21371774799955 and parameters: {'C': 4779.672471177821, 'epsilon': 117.58055040989896, 'gamma': 297.3300938475968}. Best is trial 906 with value: 15.547757593814149.
trail number 2818
[I 2025-07-18 04:01:46,424] Trial 2818 finished with value: 18.72912104424237 and parameters: {'C': 604.6286354163113, 'epsilon': 12.354103485227053, 'gamma': 58.19195062193148}. Best is trial 906 with value: 15.547757593814149.
trail number 2815
[I 2025-07-18 04:01:46,441] Trial 2815 finished with value: 60.603509749746365 and parameters: {'C': 1259.2683678376427, 'epsilon': 0.1890041735356378, 'gamma': 10.783961056107508}. Best is trial 906 with value: 15.547757593814149.
trail number 2821
[I 2025-07-18 04:01:46,479] Trial 2821 finished with value: 18.303384341242023 and parameters: {'C': 45.650603535905475, 'epsilon': 1.286626770457585, 'gamma': 53.8776076333971}. Best is trial 906 with value: 15.547757593814149.
trail number 2823
[I 2025-07-18 04:01:46,491] Trial 2823 finished with value: 20.707270782898245 and parameters: {'C': 27.89673871257203, 'epsilon': 11.47365930618863, 'gamma': 99.08696892979137}. Best is trial 906 with value: 15.547757593814149.
trail number 2822
[I 2025-07-18 04:01:46,539] Trial 2822 finished with value: 20.683623891336886 and parameters: {'C': 35.43549055860501, 'epsilon': 12.699210563578681, 'gamma': 84.80557013406893}. Best is trial 906 with value: 15.547757593814149.
trail number 2829
[I 2025-07-18 04:01:46,768] Trial 2829 finished with value: 25.311859687720663 and parameters: {'C': 5.958612089936864, 'epsilon': 3.2673063375000297, 'gamma': 105.14993728464803}. Best is trial 906 with value: 15.547757593814149.
trail number 2826
[I 2025-07-18 04:01:46,797] Trial 2826 finished with value: 37.50304239510749 and parameters: {'C': 1.877167942345281, 'epsilon': 16.55156335884511, 'gamma': 67.80385937870956}. Best is trial 906 with value: 15.547757593814149.
trail number 2825
[I 2025-07-18 04:01:46,928] Trial 2825 finished with value: 18.1414795673907 and parameters: {'C': 72.48952024940847, 'epsilon': 0.17192907640458066, 'gamma': 142.75355775661254}. Best is trial 906 with value: 15.547757593814149.
trail number 2827
[I 2025-07-18 04:01:47,007] Trial 2827 finished with value: 17.294359675709472 and parameters: {'C': 577.5641553820326, 'epsilon': 0.2040140911342888, 'gamma': 48.763644524010765}. Best is trial 906 with value: 15.547757593814149.
trail number 2828
[I 2025-07-18 04:01:47,016] Trial 2828 finished with value: 17.620162205389114 and parameters: {'C': 69.28469761140062, 'epsilon': 1.3051956983918227, 'gamma': 114.82743181627353}. Best is trial 906 with value: 15.547757593814149.
trail number 2831
[I 2025-07-18 04:01:47,191] Trial 2831 finished with value: 56.70710993366673 and parameters: {'C': 579.2806688623199, 'epsilon': 0.08670408097125738, 'gamma': 9.131970244540781}. Best is trial 906 with value: 15.547757593814149.
trail number 2830
[I 2025-07-18 04:01:47,316] Trial 2830 finished with value: 21.48646334092347 and parameters: {'C': 537.9315901376445, 'epsilon': 0.12571720843406697, 'gamma': 128.11957411007603}. Best is trial 906 with value: 15.547757593814149.
trail number 2834
[I 2025-07-18 04:01:47,331] Trial 2834 finished with value: 28.71787924593112 and parameters: {'C': 657.1858783416005, 'epsilon': 28.946935375428957, 'gamma': 112.42157690203453}. Best is trial 906 with value: 15.547757593814149.
trail number 2832
