[I 2025-07-18 03:58:59,652] Trial 800 finished with value: 20.59350825286319 and parameters: {'C': 3925.1790526362292, 'epsilon': 6.001840621088142, 'gamma': 37.08083051409653}. Best is trial 331 with value: 15.7197636232894.
trail number 808
[I 2025-07-18 03:58:59,756] Trial 808 finished with value: 30.534245906329364 and parameters: {'C': 1537.1738245244328, 'epsilon': 35.957392732661205, 'gamma': 109.6618834000657}. Best is trial 331 with value: 15.7197636232894.
trail number 807
[I 2025-07-18 03:58:59,764] Trial 807 finished with value: 20.70664744906285 and parameters: {'C': 1644.251525361703, 'epsilon': 16.165411027076445, 'gamma': 94.36728525431344}. Best is trial 331 with value: 15.7197636232894.
trail number 811
[I 2025-07-18 03:58:59,802] Trial 811 finished with value: 44.7227379354496 and parameters: {'C': 35.98769862620463, 'epsilon': 23.19357070036516, 'gamma': 8.981339042852973}. Best is trial 331 with value: 15.7197636232894.
trail number 810
[I 2025-07-18 03:58:59,930] Trial 810 finished with value: 19.034009890980723 and parameters: {'C': 171.22339594662907, 'epsilon': 0.6938973242791846, 'gamma': 168.91432608462668}. Best is trial 331 with value: 15.7197636232894.
trail number 815
[I 2025-07-18 03:58:59,974] Trial 815 finished with value: 23.90133182812631 and parameters: {'C': 10.601906384104637, 'epsilon': 15.242418995309574, 'gamma': 72.32375890355117}. Best is trial 331 with value: 15.7197636232894.
trail number 809
[I 2025-07-18 03:58:59,986] Trial 809 finished with value: 22.035297089036984 and parameters: {'C': 13.066245212137744, 'epsilon': 3.3646074365358, 'gamma': 117.21075602828907}. Best is trial 331 with value: 15.7197636232894.
trail number 816
[I 2025-07-18 03:59:00,159] Trial 816 finished with value: 20.492129594280645 and parameters: {'C': 474.87549749077465, 'epsilon': 17.51448368282278, 'gamma': 80.70443103710136}. Best is trial 331 with value: 15.7197636232894.
trail number 814
[I 2025-07-18 03:59:00,196] Trial 814 finished with value: 37.50771225297201 and parameters: {'C': 31.0226723717264, 'epsilon': 11.65918237897243, 'gamma': 17.3657354937206}. Best is trial 331 with value: 15.7197636232894.
trail number 817
[I 2025-07-18 03:59:00,212] Trial 817 finished with value: 52.98983340890177 and parameters: {'C': 4617.31201261818, 'epsilon': 49.697975089766146, 'gamma': 392.4277524422132}. Best is trial 331 with value: 15.7197636232894.
trail number 819
[I 2025-07-18 03:59:00,436] Trial 819 finished with value: 38.087380938561395 and parameters: {'C': 1.3683488654814084, 'epsilon': 3.1272933834238734, 'gamma': 108.61430971293834}. Best is trial 331 with value: 15.7197636232894.
trail number 821
[I 2025-07-18 03:59:00,570] Trial 821 finished with value: 22.528481907712802 and parameters: {'C': 872.0342433351701, 'epsilon': 13.587987601041505, 'gamma': 114.97517862562219}. Best is trial 331 with value: 15.7197636232894.
trail number 813
[I 2025-07-18 03:59:00,619] Trial 813 finished with value: 20.862200342489842 and parameters: {'C': 738.4393163945638, 'epsilon': 0.0726302983881324, 'gamma': 81.0250141320711}. Best is trial 331 with value: 15.7197636232894.
trail number 812
[I 2025-07-18 03:59:00,669] Trial 812 finished with value: 22.24028759116466 and parameters: {'C': 1041.6154013581177, 'epsilon': 0.3760642768413385, 'gamma': 79.66294869304015}. Best is trial 331 with value: 15.7197636232894.
trail number 820
[I 2025-07-18 03:59:00,734] Trial 820 finished with value: 16.35777822236337 and parameters: {'C': 123.93375259519112, 'epsilon': 1.096353148049436, 'gamma': 81.012863717603}. Best is trial 331 with value: 15.7197636232894.
trail number 822
[I 2025-07-18 03:59:00,780] Trial 822 finished with value: 49.28301855732914 and parameters: {'C': 934.2434039745503, 'epsilon': 0.8598259254037832, 'gamma': 1.4963627089192926}. Best is trial 331 with value: 15.7197636232894.
trail number 823
[I 2025-07-18 03:59:00,905] Trial 823 finished with value: 20.53423989265307 and parameters: {'C': 751.1925410845549, 'epsilon': 12.336280777481239, 'gamma': 76.94741928676011}. Best is trial 331 with value: 15.7197636232894.
trail number 825
[I 2025-07-18 03:59:00,912] Trial 825 finished with value: 50.78592220087745 and parameters: {'C': 1036.068054453932, 'epsilon': 55.662662455623696, 'gamma': 411.15997577247174}. Best is trial 331 with value: 15.7197636232894.
trail number 826
[I 2025-07-18 03:59:01,036] Trial 826 finished with value: 23.11400596906079 and parameters: {'C': 41.0285161289451, 'epsilon': 18.52120683135021, 'gamma': 123.45119527355544}. Best is trial 331 with value: 15.7197636232894.
trail number 818
[I 2025-07-18 03:59:01,282] Trial 818 finished with value: 23.789504588610704 and parameters: {'C': 1128.9794177123806, 'epsilon': 0.5900767726959697, 'gamma': 96.371006206649}. Best is trial 331 with value: 15.7197636232894.
trail number 828
[I 2025-07-18 03:59:01,305] Trial 828 finished with value: 20.687719765875368 and parameters: {'C': 1613.5238257528597, 'epsilon': 17.409332005812956, 'gamma': 71.8401502274255}. Best is trial 331 with value: 15.7197636232894.
trail number 827
[I 2025-07-18 03:59:01,363] Trial 827 finished with value: 21.74567156388724 and parameters: {'C': 784.2661555865071, 'epsilon': 1.561153913789625, 'gamma': 79.61201150319323}. Best is trial 331 with value: 15.7197636232894.
trail number 830
[I 2025-07-18 03:59:01,557] Trial 830 finished with value: 17.170269331432966 and parameters: {'C': 80.68311622265757, 'epsilon': 1.3761250348135539, 'gamma': 105.28509103778536}. Best is trial 331 with value: 15.7197636232894.
trail number 831
[I 2025-07-18 03:59:01,569] Trial 831 finished with value: 22.213382238664515 and parameters: {'C': 17.39692477876433, 'epsilon': 17.22645842897207, 'gamma': 60.0629396468179}. Best is trial 331 with value: 15.7197636232894.
trail number 833
[I 2025-07-18 03:59:01,636] Trial 833 finished with value: 23.63044398311553 and parameters: {'C': 7.43171823160327, 'epsilon': 1.9828196530803481, 'gamma': 89.95528099924672}. Best is trial 331 with value: 15.7197636232894.
trail number 824
[I 2025-07-18 03:59:01,650] Trial 824 finished with value: 20.53925989459277 and parameters: {'C': 1196.9814597961918, 'epsilon': 0.5240028528518483, 'gamma': 55.88817030965767}. Best is trial 331 with value: 15.7197636232894.
trail number 832
[I 2025-07-18 03:59:01,754] Trial 832 finished with value: 28.556224338009933 and parameters: {'C': 1518.0079061707688, 'epsilon': 14.697775041778042, 'gamma': 190.47912952539903}. Best is trial 331 with value: 15.7197636232894.
trail number 829
[I 2025-07-18 03:59:01,800] Trial 829 finished with value: 21.472914411898632 and parameters: {'C': 798.3510466120797, 'epsilon': 1.337193157028583, 'gamma': 71.73911561616917}. Best is trial 331 with value: 15.7197636232894.
trail number 834
[I 2025-07-18 03:59:01,882] Trial 834 finished with value: 20.671317294685 and parameters: {'C': 55.98672783949279, 'epsilon': 16.785088121270938, 'gamma': 35.281344882882436}. Best is trial 331 with value: 15.7197636232894.
trail number 837
[I 2025-07-18 03:59:01,917] Trial 837 finished with value: 24.532671832777705 and parameters: {'C': 533.0408170032529, 'epsilon': 35.36492398027738, 'gamma': 49.73842334468058}. Best is trial 331 with value: 15.7197636232894.
trail number 836
[I 2025-07-18 03:59:01,957] Trial 836 finished with value: 19.371782925915802 and parameters: {'C': 73.44972781818646, 'epsilon': 0.42734511327542646, 'gamma': 39.50359145532012}. Best is trial 331 with value: 15.7197636232894.
trail number 835
[I 2025-07-18 03:59:01,990] Trial 835 finished with value: 22.333326947740428 and parameters: {'C': 804.9657208375041, 'epsilon': 18.43145866836491, 'gamma': 94.60207835921275}. Best is trial 331 with value: 15.7197636232894.
trail number 838
[I 2025-07-18 03:59:02,041] Trial 838 finished with value: 42.820712390627705 and parameters: {'C': 38.00644714492947, 'epsilon': 14.936185563632762, 'gamma': 12.156998657540385}. Best is trial 331 with value: 15.7197636232894.
trail number 842
[I 2025-07-18 03:59:02,242] Trial 842 finished with value: 26.409186777451275 and parameters: {'C': 777.9775599473737, 'epsilon': 17.919149750023507, 'gamma': 175.92399380020467}. Best is trial 331 with value: 15.7197636232894.
trail number 839
[I 2025-07-18 03:59:02,249] Trial 839 finished with value: 45.961711078308156 and parameters: {'C': 130.95392296706194, 'epsilon': 17.730622156140978, 'gamma': 1.2481502229324661}. Best is trial 331 with value: 15.7197636232894.
trail number 844
[I 2025-07-18 03:59:02,327] Trial 844 finished with value: 22.917499008249024 and parameters: {'C': 939.7016327941338, 'epsilon': 19.838397073136786, 'gamma': 80.67640572453169}. Best is trial 331 with value: 15.7197636232894.
trail number 841
[I 2025-07-18 03:59:02,334] Trial 841 finished with value: 24.36884152184939 and parameters: {'C': 633.6575355660399, 'epsilon': 17.762760929572774, 'gamma': 156.6379535030748}. Best is trial 331 with value: 15.7197636232894.
trail number 843
[I 2025-07-18 03:59:02,401] Trial 843 finished with value: 22.50638600588814 and parameters: {'C': 784.3196884241639, 'epsilon': 17.601470549002073, 'gamma': 103.85144193605802}. Best is trial 331 with value: 15.7197636232894.
trail number 840
[I 2025-07-18 03:59:02,425] Trial 840 finished with value: 18.7531142786652 and parameters: {'C': 109.9309852096534, 'epsilon': 0.3826096312423949, 'gamma': 40.387026296467965}. Best is trial 331 with value: 15.7197636232894.
trail number 845
[I 2025-07-18 03:59:02,487] Trial 845 finished with value: 28.035327361630618 and parameters: {'C': 3.6724532655887145, 'epsilon': 7.335783132719973, 'gamma': 64.85531096295054}. Best is trial 331 with value: 15.7197636232894.
trail number 847
[I 2025-07-18 03:59:02,542] Trial 847 finished with value: 22.476474238324762 and parameters: {'C': 23.130336087647997, 'epsilon': 14.57177338987583, 'gamma': 136.1953242235721}. Best is trial 331 with value: 15.7197636232894.
trail number 846
[I 2025-07-18 03:59:02,765] Trial 846 finished with value: 18.816476213659033 and parameters: {'C': 81.08660657707513, 'epsilon': 0.36078365723927996, 'gamma': 41.97643007619657}. Best is trial 331 with value: 15.7197636232894.
trail number 851
[I 2025-07-18 03:59:02,811] Trial 851 finished with value: 18.38973707977069 and parameters: {'C': 120.25836249031524, 'epsilon': 0.692341772239764, 'gamma': 120.8281199520698}. Best is trial 331 with value: 15.7197636232894.
trail number 852
[I 2025-07-18 03:59:02,864] Trial 852 finished with value: 18.549379171824043 and parameters: {'C': 79.4678148829308, 'epsilon': 1.6463713350628464, 'gamma': 131.896604622221}. Best is trial 331 with value: 15.7197636232894.
trail number 849
[I 2025-07-18 03:59:02,982] Trial 849 finished with value: 54.17932958685675 and parameters: {'C': 477.60368801757784, 'epsilon': 0.8915031279803116, 'gamma': 5.4717687063610185}. Best is trial 331 with value: 15.7197636232894.
trail number 850
[I 2025-07-18 03:59:03,026] Trial 850 finished with value: 18.88089961571901 and parameters: {'C': 167.32882862805076, 'epsilon': 0.2619339550901516, 'gamma': 101.49836416096011}. Best is trial 331 with value: 15.7197636232894.
trail number 853
[I 2025-07-18 03:59:03,048] Trial 853 finished with value: 43.47472412029235 and parameters: {'C': 2906.838611013517, 'epsilon': 49.13703700929713, 'gamma': 248.0476356488065}. Best is trial 331 with value: 15.7197636232894.
trail number 857
[I 2025-07-18 03:59:03,216] Trial 857 finished with value: 49.44342469980884 and parameters: {'C': 2496.384199529005, 'epsilon': 64.79524929872005, 'gamma': 150.04261887263036}. Best is trial 331 with value: 15.7197636232894.
trail number 848
[I 2025-07-18 03:59:03,276] Trial 848 finished with value: 24.857454023413574 and parameters: {'C': 615.196468633008, 'epsilon': 0.4645701367795143, 'gamma': 166.2929770223004}. Best is trial 331 with value: 15.7197636232894.
trail number 854
[I 2025-07-18 03:59:03,368] Trial 854 finished with value: 22.59593304223413 and parameters: {'C': 543.3692866188471, 'epsilon': 0.5645990739041353, 'gamma': 144.22340260384306}. Best is trial 331 with value: 15.7197636232894.
trail number 855
[I 2025-07-18 03:59:03,385] Trial 855 finished with value: 18.31172110501797 and parameters: {'C': 787.6453379271587, 'epsilon': 11.568717455451274, 'gamma': 55.67793621659766}. Best is trial 331 with value: 15.7197636232894.
trail number 856
[I 2025-07-18 03:59:03,410] Trial 856 finished with value: 20.233052805775838 and parameters: {'C': 935.6374449059883, 'epsilon': 14.10137993485373, 'gamma': 78.83119018346174}. Best is trial 331 with value: 15.7197636232894.
trail number 861
[I 2025-07-18 03:59:03,449] Trial 861 finished with value: 52.85891889521672 and parameters: {'C': 1968.3947659986788, 'epsilon': 81.6250156081372, 'gamma': 25.252360201135303}. Best is trial 331 with value: 15.7197636232894.
trail number 862
[I 2025-07-18 03:59:03,521] Trial 862 finished with value: 56.23222136571094 and parameters: {'C': 568.9548143614757, 'epsilon': 85.90567121948426, 'gamma': 30.091432753780197}. Best is trial 331 with value: 15.7197636232894.
trail number 858
[I 2025-07-18 03:59:03,650] Trial 858 finished with value: 21.48322346529523 and parameters: {'C': 912.5354689479523, 'epsilon': 14.847380792934835, 'gamma': 36.74400610417088}. Best is trial 331 with value: 15.7197636232894.
trail number 859
[I 2025-07-18 03:59:03,687] Trial 859 finished with value: 18.79590305479589 and parameters: {'C': 26.442353639728708, 'epsilon': 0.9824988064343874, 'gamma': 95.55890835967851}. Best is trial 331 with value: 15.7197636232894.
trail number 864
[I 2025-07-18 03:59:03,725] Trial 864 finished with value: 22.172416041177257 and parameters: {'C': 754.9423009440799, 'epsilon': 18.0749703006342, 'gamma': 94.64329585805866}. Best is trial 331 with value: 15.7197636232894.
trail number 860
[I 2025-07-18 03:59:03,746] Trial 860 finished with value: 19.831144647224814 and parameters: {'C': 735.6336769243849, 'epsilon': 16.267258988423425, 'gamma': 79.42053547394653}. Best is trial 331 with value: 15.7197636232894.
trail number 863
[I 2025-07-18 03:59:04,011] Trial 863 finished with value: 22.044854530255257 and parameters: {'C': 998.4443286467366, 'epsilon': 1.2469852990326318, 'gamma': 72.65747745722402}. Best is trial 331 with value: 15.7197636232894.
trail number 867
[I 2025-07-18 03:59:04,018] Trial 867 finished with value: 21.816668904847482 and parameters: {'C': 78.7716896954208, 'epsilon': 16.37071879331261, 'gamma': 138.58452777363948}. Best is trial 331 with value: 15.7197636232894.
trail number 868
[I 2025-07-18 03:59:04,042] Trial 868 finished with value: 22.456772228757394 and parameters: {'C': 860.896734605021, 'epsilon': 16.509962396862793, 'gamma': 118.39530813915134}. Best is trial 331 with value: 15.7197636232894.
trail number 870
[I 2025-07-18 03:59:04,216] Trial 870 finished with value: 19.422442097681955 and parameters: {'C': 71.12271624993922, 'epsilon': 13.81150769935151, 'gamma': 57.185003434045264}. Best is trial 331 with value: 15.7197636232894.
trail number 871
[I 2025-07-18 03:59:04,299] Trial 871 finished with value: 23.209940250075526 and parameters: {'C': 82.48937937673382, 'epsilon': 22.24481036162851, 'gamma': 87.04022426037272}. Best is trial 331 with value: 15.7197636232894.
trail number 866
[I 2025-07-18 03:59:04,420] Trial 866 finished with value: 20.24245833630455 and parameters: {'C': 572.4648438392685, 'epsilon': 0.4910902477107419, 'gamma': 74.35345423569615}. Best is trial 331 with value: 15.7197636232894.
trail number 865
[I 2025-07-18 03:59:04,478] Trial 865 finished with value: 23.703621784551324 and parameters: {'C': 891.9060447888144, 'epsilon': 1.177049990364056, 'gamma': 132.91528557015604}. Best is trial 331 with value: 15.7197636232894.
trail number 873
[I 2025-07-18 03:59:04,504] Trial 873 finished with value: 16.9451693569795 and parameters: {'C': 65.70485628865694, 'epsilon': 0.7149468205250786, 'gamma': 75.59128558608609}. Best is trial 331 with value: 15.7197636232894.
trail number 872
[I 2025-07-18 03:59:04,554] Trial 872 finished with value: 23.31528492653827 and parameters: {'C': 1769.9639129963427, 'epsilon': 13.581592128814485, 'gamma': 28.28620455094606}. Best is trial 331 with value: 15.7197636232894.
trail number 869
[I 2025-07-18 03:59:04,734] Trial 869 finished with value: 21.213353619911008 and parameters: {'C': 1001.7637880568202, 'epsilon': 0.034766442687148, 'gamma': 64.9658299156204}. Best is trial 331 with value: 15.7197636232894.
trail number 876
[I 2025-07-18 03:59:04,825] Trial 876 finished with value: 19.096602747974035 and parameters: {'C': 126.83969452298517, 'epsilon': 14.694836420098152, 'gamma': 55.06960568132362}. Best is trial 331 with value: 15.7197636232894.
trail number 878
[I 2025-07-18 03:59:04,825] Trial 878 finished with value: 19.38669081120326 and parameters: {'C': 19.512662979978444, 'epsilon': 0.15591201123095022, 'gamma': 64.52624255730373}. Best is trial 331 with value: 15.7197636232894.
trail number 875
[I 2025-07-18 03:59:04,882] Trial 875 finished with value: 48.05716251580096 and parameters: {'C': 109.49685960532864, 'epsilon': 13.38225698673552, 'gamma': 3.8418920192626587}. Best is trial 331 with value: 15.7197636232894.
trail number 877
[I 2025-07-18 03:59:04,902] Trial 877 finished with value: 17.6552672281904 and parameters: {'C': 315.74369095688945, 'epsilon': 0.027598817843882628, 'gamma': 65.32578559313029}. Best is trial 331 with value: 15.7197636232894.
trail number 879
[I 2025-07-18 03:59:05,041] Trial 879 finished with value: 20.38565849336875 and parameters: {'C': 69.6227083897413, 'epsilon': 17.99389146534245, 'gamma': 60.36056327287476}. Best is trial 331 with value: 15.7197636232894.
trail number 874
[I 2025-07-18 03:59:05,082] Trial 874 finished with value: 20.732854281608788 and parameters: {'C': 517.5813519570734, 'epsilon': 0.9642492286540509, 'gamma': 82.03796591113257}. Best is trial 331 with value: 15.7197636232894.
trail number 884
[I 2025-07-18 03:59:05,109] Trial 884 finished with value: 68.01783233856864 and parameters: {'C': 4423.844028904112, 'epsilon': 90.4347011881756, 'gamma': 288.2380583638623}. Best is trial 331 with value: 15.7197636232894.
trail number 880
[I 2025-07-18 03:59:05,181] Trial 880 finished with value: 19.236252894444764 and parameters: {'C': 114.35271720423226, 'epsilon': 1.7408670230004946, 'gamma': 145.48470847952942}. Best is trial 331 with value: 15.7197636232894.
trail number 883
[I 2025-07-18 03:59:05,220] Trial 883 finished with value: 19.480543752481932 and parameters: {'C': 89.75480316282803, 'epsilon': 2.4351098972135823, 'gamma': 164.82368024052298}. Best is trial 331 with value: 15.7197636232894.
trail number 888
[I 2025-07-18 03:59:05,460] Trial 888 finished with value: 52.45275106633129 and parameters: {'C': 854.5502993903425, 'epsilon': 35.02518021666333, 'gamma': 2.0773341709459743}. Best is trial 331 with value: 15.7197636232894.
trail number 882
[I 2025-07-18 03:59:05,473] Trial 882 finished with value: 54.361925484793844 and parameters: {'C': 1013.5022200238652, 'epsilon': 11.05808774685845, 'gamma': 2.784406402656032}. Best is trial 331 with value: 15.7197636232894.
trail number 889
[I 2025-07-18 03:59:05,641] Trial 889 finished with value: 23.31257894832959 and parameters: {'C': 36.2546816296115, 'epsilon': 18.01811141778158, 'gamma': 139.3266685965963}. Best is trial 331 with value: 15.7197636232894.
trail number 887
[I 2025-07-18 03:59:05,666] Trial 887 finished with value: 22.52355775180136 and parameters: {'C': 896.7503135241678, 'epsilon': 0.1351536935651627, 'gamma': 20.763427346234813}. Best is trial 331 with value: 15.7197636232894.
trail number 885
[I 2025-07-18 03:59:05,672] Trial 885 finished with value: 19.597867928061966 and parameters: {'C': 136.98170014056564, 'epsilon': 1.2593536859713874, 'gamma': 174.2410336039619}. Best is trial 331 with value: 15.7197636232894.
trail number 881
[I 2025-07-18 03:59:05,682] Trial 881 finished with value: 18.535477212580584 and parameters: {'C': 662.2464737138555, 'epsilon': 0.9928693099675956, 'gamma': 58.26856233598509}. Best is trial 331 with value: 15.7197636232894.
trail number 890
[I 2025-07-18 03:59:05,744] Trial 890 finished with value: 24.636160454208103 and parameters: {'C': 56.07424162133866, 'epsilon': 23.33270384214393, 'gamma': 121.81063151750502}. Best is trial 331 with value: 15.7197636232894.
trail number 886
[I 2025-07-18 03:59:05,757] Trial 886 finished with value: 59.31883051687902 and parameters: {'C': 893.8937006719526, 'epsilon': 0.03911592362140892, 'gamma': 8.253583156230548}. Best is trial 331 with value: 15.7197636232894.
trail number 891
[I 2025-07-18 03:59:05,897] Trial 891 finished with value: 19.713160608015407 and parameters: {'C': 774.1623086096453, 'epsilon': 15.575597038161629, 'gamma': 80.32950698304529}. Best is trial 331 with value: 15.7197636232894.
trail number 894
[I 2025-07-18 03:59:05,908] Trial 894 finished with value: 24.550677371443072 and parameters: {'C': 28.887030323008247, 'epsilon': 24.258457073672258, 'gamma': 80.7645704889146}. Best is trial 331 with value: 15.7197636232894.
trail number 893
[I 2025-07-18 03:59:06,107] Trial 893 finished with value: 19.270542271807315 and parameters: {'C': 701.6264081052905, 'epsilon': 15.527545639359076, 'gamma': 69.02733708853019}. Best is trial 331 with value: 15.7197636232894.
trail number 897
[I 2025-07-18 03:59:06,157] Trial 897 finished with value: 38.91350172406264 and parameters: {'C': 28.75507131925505, 'epsilon': 16.925612288950763, 'gamma': 16.125382632952608}. Best is trial 331 with value: 15.7197636232894.
trail number 896
[I 2025-07-18 03:59:06,217] Trial 896 finished with value: 19.56539845943802 and parameters: {'C': 716.7047956471847, 'epsilon': 15.691532663712875, 'gamma': 68.93651417643827}. Best is trial 331 with value: 15.7197636232894.
trail number 892
