[I 2025-07-18 04:01:17,032] Trial 2480 finished with value: 20.89924096542989 and parameters: {'C': 664.279479546076, 'epsilon': 0.7843525548544923, 'gamma': 76.741600239508}. Best is trial 906 with value: 15.547757593814149.
trail number 2481
[I 2025-07-18 04:01:17,075] Trial 2481 finished with value: 18.305855565961433 and parameters: {'C': 760.3120174337904, 'epsilon': 12.757883463148083, 'gamma': 49.89850999080077}. Best is trial 906 with value: 15.547757593814149.
trail number 2483
[I 2025-07-18 04:01:17,132] Trial 2483 finished with value: 24.355190559748515 and parameters: {'C': 6.927222168170843, 'epsilon': 2.3001084430069443, 'gamma': 113.87450786195059}. Best is trial 906 with value: 15.547757593814149.
trail number 2484
[I 2025-07-18 04:01:17,203] Trial 2484 finished with value: 22.685608887019633 and parameters: {'C': 779.353623093431, 'epsilon': 12.921742348285846, 'gamma': 121.47609573169751}. Best is trial 906 with value: 15.547757593814149.
trail number 2488
[I 2025-07-18 04:01:17,273] Trial 2488 finished with value: 45.86909690995637 and parameters: {'C': 414.423480476079, 'epsilon': 53.58767114887615, 'gamma': 218.81977625326425}. Best is trial 906 with value: 15.547757593814149.
trail number 2485
[I 2025-07-18 04:01:17,290] Trial 2485 finished with value: 21.284358546973415 and parameters: {'C': 18.897355789927076, 'epsilon': 11.41979505949821, 'gamma': 67.46142840054536}. Best is trial 906 with value: 15.547757593814149.
trail number 2486
[I 2025-07-18 04:01:17,348] Trial 2486 finished with value: 58.2152132134709 and parameters: {'C': 1401.1970082184234, 'epsilon': 1.1833393249895108, 'gamma': 5.167329983085047}. Best is trial 906 with value: 15.547757593814149.
trail number 2489
[I 2025-07-18 04:01:17,507] Trial 2489 finished with value: 21.288771520884787 and parameters: {'C': 33.322395639148894, 'epsilon': 11.274876008757442, 'gamma': 126.11488598902585}. Best is trial 906 with value: 15.547757593814149.
trail number 2491
[I 2025-07-18 04:01:17,655] Trial 2491 finished with value: 45.524480794475735 and parameters: {'C': 5.676032758042055, 'epsilon': 21.755515457131043, 'gamma': 12.80327755652906}. Best is trial 906 with value: 15.547757593814149.
trail number 2490
[I 2025-07-18 04:01:17,718] Trial 2490 finished with value: 17.226171004685394 and parameters: {'C': 831.2128323508466, 'epsilon': 0.6855309576580026, 'gamma': 45.61175353485825}. Best is trial 906 with value: 15.547757593814149.
trail number 2492
[I 2025-07-18 04:01:17,779] Trial 2492 finished with value: 19.061581747771065 and parameters: {'C': 24.27031028807582, 'epsilon': 2.2029027593383788, 'gamma': 107.94024219260626}. Best is trial 906 with value: 15.547757593814149.
trail number 2493
[I 2025-07-18 04:01:17,824] Trial 2493 finished with value: 52.12463307165309 and parameters: {'C': 759.3773176707228, 'epsilon': 0.3876453776433784, 'gamma': 12.131075807455176}. Best is trial 906 with value: 15.547757593814149.
trail number 2496
[I 2025-07-18 04:01:17,868] Trial 2496 finished with value: 30.322667089041648 and parameters: {'C': 869.1246467091162, 'epsilon': 46.7107445478737, 'gamma': 59.30751327630822}. Best is trial 906 with value: 15.547757593814149.
trail number 2487
[I 2025-07-18 04:01:17,887] Trial 2487 finished with value: 22.708860637510412 and parameters: {'C': 876.7346611236449, 'epsilon': 0.7190877228622765, 'gamma': 22.396377946422213}. Best is trial 906 with value: 15.547757593814149.
trail number 2499
[I 2025-07-18 04:01:18,080] Trial 2499 finished with value: 24.055984650834368 and parameters: {'C': 504.4538040045779, 'epsilon': 21.917837824691915, 'gamma': 101.5574062162801}. Best is trial 906 with value: 15.547757593814149.
trail number 2498
[I 2025-07-18 04:01:18,092] Trial 2498 finished with value: 21.568057477247226 and parameters: {'C': 632.872194171197, 'epsilon': 17.155058733617157, 'gamma': 95.93208432077796}. Best is trial 906 with value: 15.547757593814149.
trail number 2495
[I 2025-07-18 04:01:18,219] Trial 2495 finished with value: 18.454764718187732 and parameters: {'C': 630.1582996030701, 'epsilon': 11.629332966573632, 'gamma': 58.683718255044084}. Best is trial 906 with value: 15.547757593814149.
trail number 2497
[I 2025-07-18 04:01:18,251] Trial 2497 finished with value: 19.823768841876333 and parameters: {'C': 32.440261663213384, 'epsilon': 1.4002490804143515, 'gamma': 42.190533628874036}. Best is trial 906 with value: 15.547757593814149.
trail number 2502
[I 2025-07-18 04:01:18,327] Trial 2502 finished with value: 23.27314607078889 and parameters: {'C': 627.1141580792153, 'epsilon': 23.31811072237546, 'gamma': 36.18320249706227}. Best is trial 906 with value: 15.547757593814149.
trail number 2500
[I 2025-07-18 04:01:18,355] Trial 2500 finished with value: 70.47322714131039 and parameters: {'C': 860.1490694315254, 'epsilon': 28.18676969751506, 'gamma': 8.470082973998423}. Best is trial 906 with value: 15.547757593814149.
trail number 2501
[I 2025-07-18 04:01:18,372] Trial 2501 finished with value: 45.1235021905001 and parameters: {'C': 1028.8211047137854, 'epsilon': 13.499828842917893, 'gamma': 0.5109418699218224}. Best is trial 906 with value: 15.547757593814149.
trail number 2506
[I 2025-07-18 04:01:18,562] Trial 2506 finished with value: 25.352820850580173 and parameters: {'C': 7.381194589831182, 'epsilon': 11.794594880749472, 'gamma': 96.27040283718085}. Best is trial 906 with value: 15.547757593814149.
trail number 2507
[I 2025-07-18 04:01:18,575] Trial 2507 finished with value: 30.6666406155966 and parameters: {'C': 822.4849940228174, 'epsilon': 28.48022127226924, 'gamma': 170.3551905635501}. Best is trial 906 with value: 15.547757593814149.
trail number 2504
[I 2025-07-18 04:01:18,607] Trial 2504 finished with value: 20.61504026739587 and parameters: {'C': 28.82555785645618, 'epsilon': 11.859000603025867, 'gamma': 93.44841661416179}. Best is trial 906 with value: 15.547757593814149.
trail number 2505
[I 2025-07-18 04:01:18,695] Trial 2505 finished with value: 28.31830577062894 and parameters: {'C': 4.726807880976338, 'epsilon': 10.737594600305805, 'gamma': 119.60820357769748}. Best is trial 906 with value: 15.547757593814149.
trail number 2508
[I 2025-07-18 04:01:18,841] Trial 2508 finished with value: 18.852214152143368 and parameters: {'C': 627.2547334066207, 'epsilon': 15.78979895573175, 'gamma': 53.65075399419384}. Best is trial 906 with value: 15.547757593814149.
trail number 2494
[I 2025-07-18 04:01:19,005] Trial 2494 finished with value: 23.97255331425334 and parameters: {'C': 1514.4135374989564, 'epsilon': 0.04470739396334922, 'gamma': 95.42036728697707}. Best is trial 906 with value: 15.547757593814149.
trail number 2512
[I 2025-07-18 04:01:19,134] Trial 2512 finished with value: 19.693845809303376 and parameters: {'C': 31.786628728779306, 'epsilon': 2.122933164903042, 'gamma': 152.429401473222}. Best is trial 906 with value: 15.547757593814149.
trail number 2510
[I 2025-07-18 04:01:19,168] Trial 2510 finished with value: 19.227872734719227 and parameters: {'C': 98.07741399011304, 'epsilon': 0.758096692111315, 'gamma': 181.23939758672037}. Best is trial 906 with value: 15.547757593814149.
trail number 2509
[I 2025-07-18 04:01:19,227] Trial 2509 finished with value: 23.19798073962698 and parameters: {'C': 752.0681517724745, 'epsilon': 0.3723563968732756, 'gamma': 133.50859979534508}. Best is trial 906 with value: 15.547757593814149.
trail number 2511
[I 2025-07-18 04:01:19,303] Trial 2511 finished with value: 18.93457945852317 and parameters: {'C': 168.04458614286162, 'epsilon': 0.7865968940494203, 'gamma': 155.46531764363954}. Best is trial 906 with value: 15.547757593814149.
trail number 2513
[I 2025-07-18 04:01:19,521] Trial 2513 finished with value: 20.676487293020834 and parameters: {'C': 783.4555190295046, 'epsilon': 14.433228139479224, 'gamma': 91.71306237701393}. Best is trial 906 with value: 15.547757593814149.
trail number 2516
[I 2025-07-18 04:01:19,553] Trial 2516 finished with value: 19.038941683503786 and parameters: {'C': 143.94170957070065, 'epsilon': 0.03731407792896569, 'gamma': 38.83852244936544}. Best is trial 906 with value: 15.547757593814149.
trail number 2503
[I 2025-07-18 04:01:19,701] Trial 2503 finished with value: 35.8195116838047 and parameters: {'C': 2712.8993895745625, 'epsilon': 14.473834438913464, 'gamma': 318.33407133030585}. Best is trial 906 with value: 15.547757593814149.
trail number 2515
[I 2025-07-18 04:01:19,717] Trial 2515 finished with value: 19.274471317919655 and parameters: {'C': 689.8983819753951, 'epsilon': 12.242141741540241, 'gamma': 60.96544110840555}. Best is trial 906 with value: 15.547757593814149.
trail number 2517
[I 2025-07-18 04:01:19,752] Trial 2517 finished with value: 27.02323186923443 and parameters: {'C': 4.126554576724459, 'epsilon': 2.25013221688286, 'gamma': 69.6658311615952}. Best is trial 906 with value: 15.547757593814149.
trail number 2522
[I 2025-07-18 04:01:19,785] Trial 2522 finished with value: 71.3223610017615 and parameters: {'C': 620.2698184191399, 'epsilon': 98.43404182388933, 'gamma': 102.82318828345413}. Best is trial 906 with value: 15.547757593814149.
trail number 2514
[I 2025-07-18 04:01:19,882] Trial 2514 finished with value: 20.92459519648008 and parameters: {'C': 981.8503482516152, 'epsilon': 0.1894581017196686, 'gamma': 69.35754585601153}. Best is trial 906 with value: 15.547757593814149.
trail number 2518
[I 2025-07-18 04:01:19,938] Trial 2518 finished with value: 36.74528780241121 and parameters: {'C': 22.616541074463612, 'epsilon': 13.508237447967035, 'gamma': 16.92134807442075}. Best is trial 906 with value: 15.547757593814149.
trail number 2523
[I 2025-07-18 04:01:20,072] Trial 2523 finished with value: 18.36080674503217 and parameters: {'C': 647.3354684795097, 'epsilon': 13.920425699239305, 'gamma': 59.43796466882943}. Best is trial 906 with value: 15.547757593814149.
trail number 2519
[I 2025-07-18 04:01:20,151] Trial 2519 finished with value: 23.82587362213237 and parameters: {'C': 2333.1415446867536, 'epsilon': 12.52309997894801, 'gamma': 63.20100261111239}. Best is trial 906 with value: 15.547757593814149.
trail number 2521
[I 2025-07-18 04:01:20,173] Trial 2521 finished with value: 47.79862536671827 and parameters: {'C': 81.75164433598195, 'epsilon': 12.798948534176654, 'gamma': 2.7134066218500266}. Best is trial 906 with value: 15.547757593814149.
trail number 2525
[I 2025-07-18 04:01:20,227] Trial 2525 finished with value: 26.216960465606547 and parameters: {'C': 450.21400801386, 'epsilon': 26.90664685594554, 'gamma': 87.98057254053414}. Best is trial 906 with value: 15.547757593814149.
trail number 2526
[I 2025-07-18 04:01:20,259] Trial 2526 finished with value: 24.422641638806205 and parameters: {'C': 9.556781410329549, 'epsilon': 16.2680221307424, 'gamma': 53.99298972824252}. Best is trial 906 with value: 15.547757593814149.
trail number 2529
[I 2025-07-18 04:01:20,350] Trial 2529 finished with value: 62.69466765697183 and parameters: {'C': 3338.849147141743, 'epsilon': 78.50497557999758, 'gamma': 473.77548668491346}. Best is trial 906 with value: 15.547757593814149.
trail number 2520
[I 2025-07-18 04:01:20,550] Trial 2520 finished with value: 18.51764976637217 and parameters: {'C': 647.1211772323815, 'epsilon': 0.5913857341710973, 'gamma': 37.70728142822149}. Best is trial 906 with value: 15.547757593814149.
trail number 2527
[I 2025-07-18 04:01:20,678] Trial 2527 finished with value: 23.127536134226332 and parameters: {'C': 1409.0004023675372, 'epsilon': 16.014215767668933, 'gamma': 119.34903810575915}. Best is trial 906 with value: 15.547757593814149.
trail number 2524
[I 2025-07-18 04:01:20,787] Trial 2524 finished with value: 17.904001632839154 and parameters: {'C': 880.5935695172712, 'epsilon': 0.36764731182128396, 'gamma': 49.767877100812065}. Best is trial 906 with value: 15.547757593814149.
trail number 2530
[I 2025-07-18 04:01:20,804] Trial 2530 finished with value: 20.318120247205822 and parameters: {'C': 610.9995999372004, 'epsilon': 0.2911709128097058, 'gamma': 74.81315874475081}. Best is trial 906 with value: 15.547757593814149.
trail number 2528
[I 2025-07-18 04:01:20,979] Trial 2528 finished with value: 20.32318792171563 and parameters: {'C': 704.7288723853901, 'epsilon': 0.19132348392203632, 'gamma': 65.93437395914998}. Best is trial 906 with value: 15.547757593814149.
trail number 2532
[I 2025-07-18 04:01:21,006] Trial 2532 finished with value: 19.290405490769192 and parameters: {'C': 24.51307078450202, 'epsilon': 1.069987114177599, 'gamma': 48.480660983195705}. Best is trial 906 with value: 15.547757593814149.
trail number 2531
[I 2025-07-18 04:01:21,065] Trial 2531 finished with value: 16.759167878931866 and parameters: {'C': 375.0789263063096, 'epsilon': 0.15971426142113498, 'gamma': 48.12285924331799}. Best is trial 906 with value: 15.547757593814149.
trail number 2534
[I 2025-07-18 04:01:21,077] Trial 2534 finished with value: 24.522103829621795 and parameters: {'C': 45.26975014687568, 'epsilon': 27.369222819915613, 'gamma': 53.63277277540777}. Best is trial 906 with value: 15.547757593814149.
trail number 2533
[I 2025-07-18 04:01:21,090] Trial 2533 finished with value: 24.15609087815404 and parameters: {'C': 1312.6524674638583, 'epsilon': 14.196645065562667, 'gamma': 120.04839895172316}. Best is trial 906 with value: 15.547757593814149.
trail number 2535
[I 2025-07-18 04:01:21,174] Trial 2535 finished with value: 22.575292628267437 and parameters: {'C': 680.4105607915864, 'epsilon': 12.881606688622593, 'gamma': 118.87964916385489}. Best is trial 906 with value: 15.547757593814149.
trail number 2536
[I 2025-07-18 04:01:21,237] Trial 2536 finished with value: 19.755071542903373 and parameters: {'C': 28.674288533106534, 'epsilon': 11.860444249307161, 'gamma': 61.17494138991097}. Best is trial 906 with value: 15.547757593814149.
trail number 2541
[I 2025-07-18 04:01:21,387] Trial 2541 finished with value: 22.539172722793896 and parameters: {'C': 30.609269876653713, 'epsilon': 14.424873038191574, 'gamma': 156.3081574426925}. Best is trial 906 with value: 15.547757593814149.
trail number 2540
[I 2025-07-18 04:01:21,411] Trial 2540 finished with value: 25.70223131065331 and parameters: {'C': 189.03162571586935, 'epsilon': 19.369140001077852, 'gamma': 221.79441887358814}. Best is trial 906 with value: 15.547757593814149.
trail number 2537
[I 2025-07-18 04:01:21,445] Trial 2537 finished with value: 20.861554466980106 and parameters: {'C': 618.8518542220509, 'epsilon': 17.57209222470787, 'gamma': 87.26890374974427}. Best is trial 906 with value: 15.547757593814149.
trail number 2543
[I 2025-07-18 04:01:21,471] Trial 2543 finished with value: 61.09838980804655 and parameters: {'C': 4783.921282852263, 'epsilon': 80.58772947108713, 'gamma': 226.88980618765396}. Best is trial 906 with value: 15.547757593814149.
trail number 2539
[I 2025-07-18 04:01:21,547] Trial 2539 finished with value: 25.714264232746945 and parameters: {'C': 1265.4196880737625, 'epsilon': 25.38784328649192, 'gamma': 71.00509397746534}. Best is trial 906 with value: 15.547757593814149.
trail number 2538
[I 2025-07-18 04:01:21,781] Trial 2538 finished with value: 23.320841639269254 and parameters: {'C': 1388.2282001171625, 'epsilon': 15.90733382266803, 'gamma': 122.8245895614264}. Best is trial 906 with value: 15.547757593814149.
trail number 2547
[I 2025-07-18 04:01:21,798] Trial 2547 finished with value: 26.987039127537408 and parameters: {'C': 15.758904018061116, 'epsilon': 24.26783494013607, 'gamma': 92.03029807879399}. Best is trial 906 with value: 15.547757593814149.
trail number 2545
[I 2025-07-18 04:01:21,808] Trial 2545 finished with value: 19.983575734041903 and parameters: {'C': 32.53643093982774, 'epsilon': 13.053110455535545, 'gamma': 71.05800312089957}. Best is trial 906 with value: 15.547757593814149.
trail number 2544
[I 2025-07-18 04:01:21,949] Trial 2544 finished with value: 21.86067356388739 and parameters: {'C': 624.0629180574533, 'epsilon': 11.163560763499994, 'gamma': 117.21397418933017}. Best is trial 906 with value: 15.547757593814149.
trail number 2549
[I 2025-07-18 04:01:22,167] Trial 2549 finished with value: 19.88795803413196 and parameters: {'C': 35.57099940052966, 'epsilon': 12.973691596616568, 'gamma': 50.02799611808108}. Best is trial 906 with value: 15.547757593814149.
trail number 2546
[I 2025-07-18 04:01:22,194] Trial 2546 finished with value: 27.3788325506987 and parameters: {'C': 1300.4384613049197, 'epsilon': 0.48754634909368577, 'gamma': 135.41290435345985}. Best is trial 906 with value: 15.547757593814149.
trail number 2553
[I 2025-07-18 04:01:22,390] Trial 2553 finished with value: 50.63390750229071 and parameters: {'C': 3115.8079605441962, 'epsilon': 56.86059574168984, 'gamma': 487.14219290087}. Best is trial 906 with value: 15.547757593814149.
trail number 2551
[I 2025-07-18 04:01:22,414] Trial 2551 finished with value: 26.98166856502989 and parameters: {'C': 5.31778337220257, 'epsilon': 1.4793988593398808, 'gamma': 118.21182508790966}. Best is trial 906 with value: 15.547757593814149.
trail number 2552
[I 2025-07-18 04:01:22,476] Trial 2552 finished with value: 22.225839516966936 and parameters: {'C': 15.589022210072812, 'epsilon': 14.714612874593353, 'gamma': 68.29828372136276}. Best is trial 906 with value: 15.547757593814149.
trail number 2542
[I 2025-07-18 04:01:22,552] Trial 2542 finished with value: 30.92270956597999 and parameters: {'C': 2338.694175442217, 'epsilon': 0.7346336026347566, 'gamma': 198.5602399614333}. Best is trial 906 with value: 15.547757593814149.
trail number 2555
[I 2025-07-18 04:01:22,644] Trial 2555 finished with value: 27.807779122703344 and parameters: {'C': 14.336627315182625, 'epsilon': 25.72072864228862, 'gamma': 84.57180117733097}. Best is trial 906 with value: 15.547757593814149.
trail number 2550
[I 2025-07-18 04:01:22,771] Trial 2550 finished with value: 23.040075626895756 and parameters: {'C': 769.2748422387031, 'epsilon': 0.04288010197893577, 'gamma': 126.92039774497265}. Best is trial 906 with value: 15.547757593814149.
trail number 2557
[I 2025-07-18 04:01:22,883] Trial 2557 finished with value: 23.97984502736855 and parameters: {'C': 699.5494142916517, 'epsilon': 15.00278896766265, 'gamma': 184.52754164467052}. Best is trial 906 with value: 15.547757593814149.
trail number 2560
[I 2025-07-18 04:01:22,912] Trial 2560 finished with value: 83.12435691212188 and parameters: {'C': 1762.6969364726212, 'epsilon': 118.35626393245705, 'gamma': 191.76698647282475}. Best is trial 906 with value: 15.547757593814149.
trail number 2548
[I 2025-07-18 04:01:23,009] Trial 2548 finished with value: 23.269603708978714 and parameters: {'C': 1219.2583256653102, 'epsilon': 0.15010597805294434, 'gamma': 105.32714445739214}. Best is trial 906 with value: 15.547757593814149.
trail number 2558
[I 2025-07-18 04:01:23,059] Trial 2558 finished with value: 30.709038480463448 and parameters: {'C': 3.720545324114184, 'epsilon': 9.376541051066614, 'gamma': 152.49088539192155}. Best is trial 906 with value: 15.547757593814149.
trail number 2554
[I 2025-07-18 04:01:23,253] Trial 2554 finished with value: 24.546720930328423 and parameters: {'C': 1672.6528574716112, 'epsilon': 0.5232773123384538, 'gamma': 75.86566739531821}. Best is trial 906 with value: 15.547757593814149.
trail number 2561
[I 2025-07-18 04:01:23,272] Trial 2561 finished with value: 19.8642752595478 and parameters: {'C': 1116.2210467975617, 'epsilon': 14.030000636368257, 'gamma': 61.69542691392223}. Best is trial 906 with value: 15.547757593814149.
trail number 2562
[I 2025-07-18 04:01:23,465] Trial 2562 finished with value: 21.318725598425253 and parameters: {'C': 711.2395806017696, 'epsilon': 12.337824903430278, 'gamma': 94.54052491740642}. Best is trial 906 with value: 15.547757593814149.
trail number 2559
[I 2025-07-18 04:01:23,480] Trial 2559 finished with value: 17.33209607475927 and parameters: {'C': 755.0179461445936, 'epsilon': 0.928118214584984, 'gamma': 49.01396660029694}. Best is trial 906 with value: 15.547757593814149.
trail number 2556
[I 2025-07-18 04:01:23,667] Trial 2556 finished with value: 18.371065718256133 and parameters: {'C': 1476.7949597461413, 'epsilon': 0.2708456017572509, 'gamma': 38.16843492910624}. Best is trial 906 with value: 15.547757593814149.
trail number 2564
[I 2025-07-18 04:01:23,683] Trial 2564 finished with value: 48.727551483711 and parameters: {'C': 759.3209768247995, 'epsilon': 23.01264242573641, 'gamma': 0.32732962661519593}. Best is trial 906 with value: 15.547757593814149.
trail number 2566
[I 2025-07-18 04:01:23,771] Trial 2566 finished with value: 29.228086043599355 and parameters: {'C': 761.773278772511, 'epsilon': 14.376447819449918, 'gamma': 15.946942550262825}. Best is trial 906 with value: 15.547757593814149.
trail number 2567
[I 2025-07-18 04:01:23,832] Trial 2567 finished with value: 17.951012112795684 and parameters: {'C': 218.82620022909646, 'epsilon': 0.061195499454574476, 'gamma': 76.17782701939532}. Best is trial 906 with value: 15.547757593814149.
trail number 2563
[I 2025-07-18 04:01:23,950] Trial 2563 finished with value: 20.942569942213986 and parameters: {'C': 533.7324272325333, 'epsilon': 0.15447416310067186, 'gamma': 108.45756319257366}. Best is trial 906 with value: 15.547757593814149.
trail number 2570
[I 2025-07-18 04:01:24,011] Trial 2570 finished with value: 30.08366145164403 and parameters: {'C': 3.3216145059684408, 'epsilon': 8.639537209138702, 'gamma': 96.8668876957211}. Best is trial 906 with value: 15.547757593814149.
trail number 2565
[I 2025-07-18 04:01:24,152] Trial 2565 finished with value: 23.3946196009123 and parameters: {'C': 916.9832794722636, 'epsilon': 0.21870387551891518, 'gamma': 26.90551223117025}. Best is trial 906 with value: 15.547757593814149.
trail number 2569
