{"target": 44.73948836326599, "params": {"n_estimators": 555, "max_depth": 6, "learning_rate": 0.07800024479039736, "random_state": 32}}
{"target": 50.75842022895813, "params": {"n_estimators": 26, "max_depth": 6, "learning_rate": 0.03708393806763414, "random_state": 32}}
{"target": 46.216760873794556, "params": {"n_estimators": 561, "max_depth": 7, "learning_rate": 0.057634877074788406, "random_state": 32}}
{"target": 44.74952518939972, "params": {"n_estimators": 572, "max_depth": 3, "learning_rate": 0.06813067981523674, "random_state": 32}}
{"target": 46.805909276008606, "params": {"n_estimators": 30, "max_depth": 9, "learning_rate": 0.10397301835270736, "random_state": 32}}
{"target": 43.858155608177185, "params": {"n_estimators": 594, "max_depth": 3, "learning_rate": 0.036371400700680484, "random_state": 32}}
{"target": 44.74367558956146, "params": {"n_estimators": 545, "max_depth": 6, "learning_rate": 0.045258956591883046, "random_state": 32}}
{"target": 44.62189555168152, "params": {"n_estimators": 1171, "max_depth": 6, "learning_rate": 0.09892186322875027, "random_state": 32}}
{"target": 44.33573842048645, "params": {"n_estimators": 684, "max_depth": 6, "learning_rate": 0.13671447983592316, "random_state": 32}}
{"target": 44.9379163980484, "params": {"n_estimators": 627, "max_depth": 6, "learning_rate": 0.06598613419007285, "random_state": 32}}
{"target": 44.59222435951233, "params": {"n_estimators": 898, "max_depth": 6, "learning_rate": 0.09470043223432986, "random_state": 32}}
{"target": 44.43099319934845, "params": {"n_estimators": 505, "max_depth": 3, "learning_rate": 0.062359984014932146, "random_state": 32}}
{"target": 42.67449140548706, "params": {"n_estimators": 45, "max_depth": 3, "learning_rate": 0.08731282740442495, "random_state": 32}}
{"target": 46.99853837490082, "params": {"n_estimators": 954, "max_depth": 15, "learning_rate": 0.2715882493561626, "random_state": 32}}
{"target": 44.01688635349274, "params": {"n_estimators": 560, "max_depth": 3, "learning_rate": 0.052295922543232454, "random_state": 32}}
{"target": 44.633387327194214, "params": {"n_estimators": 501, "max_depth": 6, "learning_rate": 0.060982306328698235, "random_state": 32}}
{"target": 55.91156303882599, "params": {"n_estimators": 40, "max_depth": 6, "learning_rate": 0.010576335016582887, "random_state": 32}}
{"target": 41.95981323719025, "params": {"n_estimators": 71, "max_depth": 3, "learning_rate": 0.10578979074776801, "random_state": 32}}
{"target": 44.398930072784424, "params": {"n_estimators": 1022, "max_depth": 3, "learning_rate": 0.04532327048180195, "random_state": 32}}
{"target": 42.72362232208252, "params": {"n_estimators": 39, "max_depth": 3, "learning_rate": 0.09613804026330361, "random_state": 32}}
{"target": 44.96113896369934, "params": {"n_estimators": 592, "max_depth": 6, "learning_rate": 0.06389058908846375, "random_state": 32}}
{"target": 46.35541617870331, "params": {"n_estimators": 652, "max_depth": 9, "learning_rate": 0.09248045700515131, "random_state": 32}}
{"target": 46.661627888679504, "params": {"n_estimators": 27, "max_depth": 6, "learning_rate": 0.06795524582505369, "random_state": 32}}
{"target": 45.07237792015076, "params": {"n_estimators": 1193, "max_depth": 3, "learning_rate": 0.08727885824182398, "random_state": 32}}
{"target": 42.92953610420227, "params": {"n_estimators": 36, "max_depth": 3, "learning_rate": 0.12442374539029899, "random_state": 32}}
{"target": 46.137588024139404, "params": {"n_estimators": 534, "max_depth": 10, "learning_rate": 0.11256999070166855, "random_state": 32}}
{"target": 47.698503732681274, "params": {"n_estimators": 14, "max_depth": 3, "learning_rate": 0.08025433444077876, "random_state": 32}}
{"target": 44.16911840438843, "params": {"n_estimators": 786, "max_depth": 3, "learning_rate": 0.04378716601327693, "random_state": 32}}
{"target": 45.116921067237854, "params": {"n_estimators": 1007, "max_depth": 6, "learning_rate": 0.05303110313448929, "random_state": 32}}
{"target": 45.55633723735809, "params": {"n_estimators": 559, "max_depth": 6, "learning_rate": 0.1201431266180258, "random_state": 32}}
{"target": 45.9682822227478, "params": {"n_estimators": 78, "max_depth": 9, "learning_rate": 0.13360302238556154, "random_state": 32}}
{"target": 45.58879911899567, "params": {"n_estimators": 584, "max_depth": 3, "learning_rate": 0.09406011493966995, "random_state": 32}}
{"target": 43.7001371383667, "params": {"n_estimators": 570, "max_depth": 3, "learning_rate": 0.04624847914965513, "random_state": 32}}
{"target": 43.395981788635254, "params": {"n_estimators": 609, "max_depth": 3, "learning_rate": 0.033791030412391954, "random_state": 32}}
{"target": 44.36424791812897, "params": {"n_estimators": 967, "max_depth": 3, "learning_rate": 0.04768773269212986, "random_state": 32}}
{"target": 45.430431962013245, "params": {"n_estimators": 1657, "max_depth": 6, "learning_rate": 0.06474874916701422, "random_state": 32}}
{"target": 45.095226764678955, "params": {"n_estimators": 58, "max_depth": 6, "learning_rate": 0.05606745606114037, "random_state": 32}}
{"target": 46.49596989154816, "params": {"n_estimators": 385, "max_depth": 10, "learning_rate": 0.06186713385657628, "random_state": 32}}
{"target": 46.31075620651245, "params": {"n_estimators": 432, "max_depth": 10, "learning_rate": 0.054969111862558845, "random_state": 32}}
{"target": 44.81122374534607, "params": {"n_estimators": 660, "max_depth": 3, "learning_rate": 0.08156701155532176, "random_state": 32}}
{"target": 46.9307816028595, "params": {"n_estimators": 31, "max_depth": 7, "learning_rate": 0.0796815672571772, "random_state": 32}}
{"target": 46.12256348133087, "params": {"n_estimators": 33, "max_depth": 8, "learning_rate": 0.1603404011314924, "random_state": 32}}
{"target": 58.09353828430176, "params": {"n_estimators": 22, "max_depth": 7, "learning_rate": 0.012673143189556806, "random_state": 32}}
{"target": 44.51204180717468, "params": {"n_estimators": 21, "max_depth": 3, "learning_rate": 0.08973372038137274, "random_state": 32}}
{"target": 47.40002632141113, "params": {"n_estimators": 3951, "max_depth": 30, "learning_rate": 0.15235355235632053, "random_state": 32}}
{"target": 44.525389075279236, "params": {"n_estimators": 631, "max_depth": 6, "learning_rate": 0.09069480843021588, "random_state": 32}}
{"target": 46.33226931095123, "params": {"n_estimators": 1082, "max_depth": 9, "learning_rate": 0.043161958883668014, "random_state": 32}}
