{"target": 43.249977231025696, "params": {"n_estimators": 93, "max_depth": 3, "learning_rate": 0.14384383709764598, "random_state": 32}}
{"target": 45.086737871170044, "params": {"n_estimators": 598, "max_depth": 6, "learning_rate": 0.07325194601116325, "random_state": 32}}
{"target": 45.43496549129486, "params": {"n_estimators": 544, "max_depth": 3, "learning_rate": 0.10744217107922219, "random_state": 32}}
{"target": 47.545766830444336, "params": {"n_estimators": 11, "max_depth": 5, "learning_rate": 0.11265646184353396, "random_state": 32}}
{"target": 44.333873987197876, "params": {"n_estimators": 862, "max_depth": 6, "learning_rate": 0.08042067410135802, "random_state": 32}}
{"target": 47.67090976238251, "params": {"n_estimators": 23, "max_depth": 8, "learning_rate": 0.09653721730732326, "random_state": 32}}
{"target": 44.82643723487854, "params": {"n_estimators": 38, "max_depth": 6, "learning_rate": 0.08848074269835698, "random_state": 32}}
{"target": 45.77836990356445, "params": {"n_estimators": 440, "max_depth": 7, "learning_rate": 0.07331988339527332, "random_state": 32}}
{"target": 45.45692324638367, "params": {"n_estimators": 592, "max_depth": 7, "learning_rate": 0.07561931189264687, "random_state": 32}}
{"target": 43.734915256500244, "params": {"n_estimators": 28, "max_depth": 3, "learning_rate": 0.09842256827998093, "random_state": 32}}
{"target": 54.36326861381531, "params": {"n_estimators": 10, "max_depth": 9, "learning_rate": 0.0588533150972318, "random_state": 32}}
{"target": 44.4729745388031, "params": {"n_estimators": 382, "max_depth": 6, "learning_rate": 0.06041575983132592, "random_state": 32}}
{"target": 43.79301965236664, "params": {"n_estimators": 436, "max_depth": 3, "learning_rate": 0.06466140638304375, "random_state": 32}}
{"target": 47.12745189666748, "params": {"n_estimators": 25, "max_depth": 3, "learning_rate": 0.05037716559459844, "random_state": 32}}
{"target": 45.0942188501358, "params": {"n_estimators": 455, "max_depth": 6, "learning_rate": 0.06616007272390123, "random_state": 32}}
{"target": 44.50567901134491, "params": {"n_estimators": 516, "max_depth": 6, "learning_rate": 0.0669564288183436, "random_state": 32}}
{"target": 60.49321115016937, "params": {"n_estimators": 14, "max_depth": 10, "learning_rate": 0.01068071770192952, "random_state": 32}}
{"target": 46.48434281349182, "params": {"n_estimators": 1538, "max_depth": 25, "learning_rate": 0.2406810731970862, "random_state": 32}}
{"target": 45.20639479160309, "params": {"n_estimators": 41, "max_depth": 6, "learning_rate": 0.0630602786545021, "random_state": 32}}
{"target": 44.255550503730774, "params": {"n_estimators": 612, "max_depth": 3, "learning_rate": 0.07702705509692286, "random_state": 32}}
{"target": 45.98982095718384, "params": {"n_estimators": 577, "max_depth": 3, "learning_rate": 0.11152398657159016, "random_state": 32}}
{"target": 44.90409016609192, "params": {"n_estimators": 577, "max_depth": 3, "learning_rate": 0.07545054108904553, "random_state": 32}}
{"target": 44.678670167922974, "params": {"n_estimators": 13, "max_depth": 3, "learning_rate": 0.14429390507695192, "random_state": 32}}
{"target": 42.150012850761414, "params": {"n_estimators": 114, "max_depth": 3, "learning_rate": 0.045791630343751756, "random_state": 32}}
{"target": 48.261762857437134, "params": {"n_estimators": 28, "max_depth": 3, "learning_rate": 0.03841935172364933, "random_state": 32}}
{"target": 44.88437354564667, "params": {"n_estimators": 516, "max_depth": 3, "learning_rate": 0.11483762061769955, "random_state": 32}}
{"target": 44.252700209617615, "params": {"n_estimators": 489, "max_depth": 3, "learning_rate": 0.06183158437761583, "random_state": 32}}
{"target": 42.75236904621124, "params": {"n_estimators": 54, "max_depth": 3, "learning_rate": 0.06637392788596443, "random_state": 32}}
{"target": 44.92437481880188, "params": {"n_estimators": 699, "max_depth": 3, "learning_rate": 0.07099304811278213, "random_state": 32}}
{"target": 45.17246961593628, "params": {"n_estimators": 1002, "max_depth": 6, "learning_rate": 0.1105109839249223, "random_state": 32}}
{"target": 44.33889389038086, "params": {"n_estimators": 46, "max_depth": 6, "learning_rate": 0.08414893669647938, "random_state": 32}}
{"target": 44.24196183681488, "params": {"n_estimators": 567, "max_depth": 3, "learning_rate": 0.05001263314002008, "random_state": 32}}
{"target": 47.099071741104126, "params": {"n_estimators": 4508, "max_depth": 9, "learning_rate": 0.2886344416109291, "random_state": 32}}
{"target": 43.30230534076691, "params": {"n_estimators": 563, "max_depth": 3, "learning_rate": 0.03513192024843231, "random_state": 32}}
{"target": 42.75003373622894, "params": {"n_estimators": 78, "max_depth": 3, "learning_rate": 0.11302976731406283, "random_state": 32}}
{"target": 45.6749165058136, "params": {"n_estimators": 1303, "max_depth": 3, "learning_rate": 0.08122006171755262, "random_state": 32}}
{"target": 47.53262937068939, "params": {"n_estimators": 13, "max_depth": 3, "learning_rate": 0.0905747571463676, "random_state": 32}}
{"target": 44.3179976940155, "params": {"n_estimators": 35, "max_depth": 3, "learning_rate": 0.05626886935633751, "random_state": 32}}
{"target": 44.5139080286026, "params": {"n_estimators": 1126, "max_depth": 6, "learning_rate": 0.08953691566141404, "random_state": 32}}
{"target": 44.50352668762207, "params": {"n_estimators": 25, "max_depth": 3, "learning_rate": 0.07494157497748584, "random_state": 32}}
{"target": 44.97309863567352, "params": {"n_estimators": 553, "max_depth": 6, "learning_rate": 0.035149646038724794, "random_state": 32}}
{"target": 44.31000590324402, "params": {"n_estimators": 503, "max_depth": 6, "learning_rate": 0.044497984898028184, "random_state": 32}}
{"target": 52.81442403793335, "params": {"n_estimators": 16, "max_depth": 6, "learning_rate": 0.04241106392872038, "random_state": 32}}
{"target": 48.88787627220154, "params": {"n_estimators": 19, "max_depth": 8, "learning_rate": 0.07924740723877499, "random_state": 32}}
{"target": 45.84778606891632, "params": {"n_estimators": 4061, "max_depth": 9, "learning_rate": 0.1999285310208085, "random_state": 32}}
{"target": 46.69073283672333, "params": {"n_estimators": 987, "max_depth": 9, "learning_rate": 0.07581115433593992, "random_state": 32}}
{"target": 46.66570007801056, "params": {"n_estimators": 1984, "max_depth": 25, "learning_rate": 0.08770956217351113, "random_state": 32}}
{"target": 44.92323398590088, "params": {"n_estimators": 1096, "max_depth": 6, "learning_rate": 0.03682367163186798, "random_state": 32}}
{"target": 46.697805523872375, "params": {"n_estimators": 511, "max_depth": 10, "learning_rate": 0.1251794019208716, "random_state": 32}}
{"target": 46.68481707572937, "params": {"n_estimators": 725, "max_depth": 9, "learning_rate": 0.06253368446974555, "random_state": 32}}
{"target": 45.166802406311035, "params": {"n_estimators": 1049, "max_depth": 3, "learning_rate": 0.05730838975492833, "random_state": 32}}
{"target": 43.288360834121704, "params": {"n_estimators": 468, "max_depth": 3, "learning_rate": 0.04057681472701215, "random_state": 32}}
{"target": 47.7412486076355, "params": {"n_estimators": 91, "max_depth": 3, "learning_rate": 0.013004725577584662, "random_state": 32}}
{"target": 45.011940002441406, "params": {"n_estimators": 591, "max_depth": 3, "learning_rate": 0.07508349468645378, "random_state": 32}}
{"target": 44.227750301361084, "params": {"n_estimators": 486, "max_depth": 3, "learning_rate": 0.08054713612216653, "random_state": 32}}
{"target": 42.12748110294342, "params": {"n_estimators": 50, "max_depth": 3, "learning_rate": 0.14639274128031027, "random_state": 32}}
{"target": 42.97168016433716, "params": {"n_estimators": 43, "max_depth": 3, "learning_rate": 0.09256159173934933, "random_state": 32}}
{"target": 44.57356572151184, "params": {"n_estimators": 605, "max_depth": 3, "learning_rate": 0.08798319220369186, "random_state": 32}}
{"target": 46.135390400886536, "params": {"n_estimators": 558, "max_depth": 10, "learning_rate": 0.044109059322088945, "random_state": 32}}
{"target": 46.5958034992218, "params": {"n_estimators": 4169, "max_depth": 30, "learning_rate": 0.24098926631029893, "random_state": 32}}
{"target": 49.3325138092041, "params": {"n_estimators": 24, "max_depth": 7, "learning_rate": 0.05279132714405135, "random_state": 32}}
{"target": 45.31518638134003, "params": {"n_estimators": 27, "max_depth": 7, "learning_rate": 0.1299147044307502, "random_state": 32}}
{"target": 46.02305233478546, "params": {"n_estimators": 776, "max_depth": 7, "learning_rate": 0.01008184458805838, "random_state": 32}}
{"target": 43.67206633090973, "params": {"n_estimators": 42, "max_depth": 3, "learning_rate": 0.054196470357951325, "random_state": 32}}
{"target": 44.87499952316284, "params": {"n_estimators": 18, "max_depth": 5, "learning_rate": 0.12715956748581814, "random_state": 32}}
{"target": 44.699084758758545, "params": {"n_estimators": 766, "max_depth": 6, "learning_rate": 0.03456326677031506, "random_state": 32}}
{"target": 46.27254903316498, "params": {"n_estimators": 4745, "max_depth": 10, "learning_rate": 0.03036314388297834, "random_state": 32}}
{"target": 44.164459109306335, "params": {"n_estimators": 1138, "max_depth": 3, "learning_rate": 0.03216658832219266, "random_state": 32}}
{"target": 43.80332946777344, "params": {"n_estimators": 506, "max_depth": 3, "learning_rate": 0.03621049054768871, "random_state": 32}}
{"target": 44.288931488990784, "params": {"n_estimators": 1179, "max_depth": 6, "learning_rate": 0.04521332243055225, "random_state": 32}}
{"target": 44.54347014427185, "params": {"n_estimators": 683, "max_depth": 6, "learning_rate": 0.11594201826442388, "random_state": 32}}
{"target": 42.786840200424194, "params": {"n_estimators": 36, "max_depth": 3, "learning_rate": 0.11570515224312095, "random_state": 32}}
{"target": 44.46933209896088, "params": {"n_estimators": 806, "max_depth": 6, "learning_rate": 0.07708065645489487, "random_state": 32}}
{"target": 51.23590648174286, "params": {"n_estimators": 24, "max_depth": 6, "learning_rate": 0.03608424044977416, "random_state": 32}}
{"target": 44.65590298175812, "params": {"n_estimators": 1326, "max_depth": 6, "learning_rate": 0.06751104909504227, "random_state": 32}}
{"target": 46.90110146999359, "params": {"n_estimators": 3634, "max_depth": 22, "learning_rate": 0.15010459721636726, "random_state": 32}}
{"target": 45.152801275253296, "params": {"n_estimators": 619, "max_depth": 3, "learning_rate": 0.10511154374829888, "random_state": 32}}
{"target": 46.802083253860474, "params": {"n_estimators": 2150, "max_depth": 27, "learning_rate": 0.2797321142511947, "random_state": 32}}
{"target": 49.503520131111145, "params": {"n_estimators": 16, "max_depth": 6, "learning_rate": 0.06674987983561279, "random_state": 32}}
{"target": 44.64040279388428, "params": {"n_estimators": 372, "max_depth": 6, "learning_rate": 0.07501254807091562, "random_state": 32}}
{"target": 59.41731154918671, "params": {"n_estimators": 12, "max_depth": 6, "learning_rate": 0.0164403962350972, "random_state": 32}}
{"target": 44.52360510826111, "params": {"n_estimators": 465, "max_depth": 6, "learning_rate": 0.06451747245840223, "random_state": 32}}
{"target": 43.80643427371979, "params": {"n_estimators": 741, "max_depth": 3, "learning_rate": 0.03670518561648497, "random_state": 32}}
{"target": 44.22139048576355, "params": {"n_estimators": 559, "max_depth": 6, "learning_rate": 0.06109836997431073, "random_state": 32}}
{"target": 59.12871778011322, "params": {"n_estimators": 14, "max_depth": 3, "learning_rate": 0.013324812378105864, "random_state": 32}}
{"target": 46.000205278396606, "params": {"n_estimators": 466, "max_depth": 9, "learning_rate": 0.03760967847186643, "random_state": 32}}
{"target": 44.828404784202576, "params": {"n_estimators": 677, "max_depth": 6, "learning_rate": 0.040803576474816805, "random_state": 32}}
{"target": 44.34852063655853, "params": {"n_estimators": 615, "max_depth": 6, "learning_rate": 0.04744707786717675, "random_state": 32}}
{"target": 43.11470150947571, "params": {"n_estimators": 697, "max_depth": 3, "learning_rate": 0.04345092402951985, "random_state": 32}}
{"target": 45.83613336086273, "params": {"n_estimators": 581, "max_depth": 7, "learning_rate": 0.10499677304330274, "random_state": 32}}
{"target": 43.619185090065, "params": {"n_estimators": 494, "max_depth": 3, "learning_rate": 0.05501453733751886, "random_state": 32}}
{"target": 45.65228819847107, "params": {"n_estimators": 1828, "max_depth": 3, "learning_rate": 0.07823308366404517, "random_state": 32}}
{"target": 44.14682328701019, "params": {"n_estimators": 38, "max_depth": 3, "learning_rate": 0.05504809567063317, "random_state": 32}}
{"target": 44.28113400936127, "params": {"n_estimators": 34, "max_depth": 5, "learning_rate": 0.0892515202635149, "random_state": 32}}
{"target": 44.195770621299744, "params": {"n_estimators": 636, "max_depth": 3, "learning_rate": 0.08895213369464641, "random_state": 32}}
{"target": 45.719472765922546, "params": {"n_estimators": 1043, "max_depth": 3, "learning_rate": 0.0954852637008066, "random_state": 32}}
{"target": 46.01688027381897, "params": {"n_estimators": 1144, "max_depth": 8, "learning_rate": 0.19504379386793125, "random_state": 32}}
{"target": 44.3497633934021, "params": {"n_estimators": 654, "max_depth": 6, "learning_rate": 0.09040734078609537, "random_state": 32}}
{"target": 43.3259117603302, "params": {"n_estimators": 552, "max_depth": 3, "learning_rate": 0.04756782903084352, "random_state": 32}}
{"target": 46.75128161907196, "params": {"n_estimators": 45, "max_depth": 9, "learning_rate": 0.07608291050870337, "random_state": 32}}
{"target": 46.44740164279938, "params": {"n_estimators": 751, "max_depth": 9, "learning_rate": 0.10179696836061422, "random_state": 32}}
{"target": 44.95335042476654, "params": {"n_estimators": 507, "max_depth": 6, "learning_rate": 0.0880204081647895, "random_state": 32}}
{"target": 44.37514364719391, "params": {"n_estimators": 40, "max_depth": 5, "learning_rate": 0.0655140125699246, "random_state": 32}}
{"target": 44.75768446922302, "params": {"n_estimators": 1254, "max_depth": 3, "learning_rate": 0.043849510514588276, "random_state": 32}}
{"target": 45.351372957229614, "params": {"n_estimators": 20, "max_depth": 3, "learning_rate": 0.08482040345160981, "random_state": 32}}
{"target": 44.54570710659027, "params": {"n_estimators": 1289, "max_depth": 3, "learning_rate": 0.03216206387945639, "random_state": 32}}
{"target": 44.684609174728394, "params": {"n_estimators": 72, "max_depth": 6, "learning_rate": 0.07731466056244218, "random_state": 32}}
{"target": 44.66683328151703, "params": {"n_estimators": 1025, "max_depth": 3, "learning_rate": 0.04293380098226132, "random_state": 32}}
{"target": 44.47009325027466, "params": {"n_estimators": 499, "max_depth": 3, "learning_rate": 0.07801642536608971, "random_state": 32}}
{"target": 50.05969166755676, "params": {"n_estimators": 73, "max_depth": 3, "learning_rate": 0.011628442560970446, "random_state": 32}}
{"target": 44.90005075931549, "params": {"n_estimators": 1238, "max_depth": 6, "learning_rate": 0.059845169243217436, "random_state": 32}}
{"target": 44.30099606513977, "params": {"n_estimators": 986, "max_depth": 6, "learning_rate": 0.14020778398319006, "random_state": 32}}
{"target": 43.64159822463989, "params": {"n_estimators": 489, "max_depth": 3, "learning_rate": 0.041041617791752506, "random_state": 32}}
{"target": 44.726600646972656, "params": {"n_estimators": 605, "max_depth": 6, "learning_rate": 0.017088151970509516, "random_state": 32}}
{"target": 46.873096227645874, "params": {"n_estimators": 4044, "max_depth": 14, "learning_rate": 0.2549362830656374, "random_state": 32}}
{"target": 46.158610582351685, "params": {"n_estimators": 3864, "max_depth": 7, "learning_rate": 0.09279240548147993, "random_state": 32}}
{"target": 43.641459345817566, "params": {"n_estimators": 557, "max_depth": 3, "learning_rate": 0.06485498912212405, "random_state": 32}}
{"target": 43.417208194732666, "params": {"n_estimators": 470, "max_depth": 5, "learning_rate": 0.011106403602302056, "random_state": 32}}
{"target": 45.26475965976715, "params": {"n_estimators": 1216, "max_depth": 3, "learning_rate": 0.08757887353485196, "random_state": 32}}
{"target": 43.215118646621704, "params": {"n_estimators": 45, "max_depth": 3, "learning_rate": 0.06840097018193982, "random_state": 32}}
{"target": 45.10203719139099, "params": {"n_estimators": 1196, "max_depth": 3, "learning_rate": 0.10587055304554474, "random_state": 32}}
{"target": 54.19816851615906, "params": {"n_estimators": 13, "max_depth": 3, "learning_rate": 0.036115489268812064, "random_state": 32}}
{"target": 46.83068335056305, "params": {"n_estimators": 4633, "max_depth": 22, "learning_rate": 0.11028536257320773, "random_state": 32}}
{"target": 47.52708315849304, "params": {"n_estimators": 47, "max_depth": 12, "learning_rate": 0.050879246049578136, "random_state": 32}}
{"target": 45.59395670890808, "params": {"n_estimators": 774, "max_depth": 3, "learning_rate": 0.13475448938706247, "random_state": 32}}
{"target": 50.38146913051605, "params": {"n_estimators": 10, "max_depth": 8, "learning_rate": 0.11123917027407146, "random_state": 32}}
{"target": 46.538094878196716, "params": {"n_estimators": 225, "max_depth": 22, "learning_rate": 0.15410939144080976, "random_state": 32}}
{"target": 50.23316264152527, "params": {"n_estimators": 11, "max_depth": 6, "learning_rate": 0.08869005184458321, "random_state": 32}}
{"target": 46.74762189388275, "params": {"n_estimators": 558, "max_depth": 8, "learning_rate": 0.044260885869995326, "random_state": 32}}
{"target": 44.91820812225342, "params": {"n_estimators": 2677, "max_depth": 6, "learning_rate": 0.20784832327319183, "random_state": 32}}
{"target": 45.841729044914246, "params": {"n_estimators": 602, "max_depth": 9, "learning_rate": 0.04246415517034724, "random_state": 32}}
{"target": 43.092241287231445, "params": {"n_estimators": 605, "max_depth": 3, "learning_rate": 0.03176150452604475, "random_state": 32}}
{"target": 53.035146594047546, "params": {"n_estimators": 20, "max_depth": 6, "learning_rate": 0.03296688867489122, "random_state": 32}}
{"target": 45.36989510059357, "params": {"n_estimators": 650, "max_depth": 6, "learning_rate": 0.11344756291699294, "random_state": 32}}
{"target": 44.42354381084442, "params": {"n_estimators": 1149, "max_depth": 6, "learning_rate": 0.07742747395304597, "random_state": 32}}
{"target": 47.863314747810364, "params": {"n_estimators": 29, "max_depth": 6, "learning_rate": 0.04812082922040298, "random_state": 32}}
{"target": 45.00020742416382, "params": {"n_estimators": 1780, "max_depth": 6, "learning_rate": 0.03856370624399028, "random_state": 32}}
{"target": 45.09473204612732, "params": {"n_estimators": 65, "max_depth": 6, "learning_rate": 0.0978133553356077, "random_state": 32}}
{"target": 44.48141694068909, "params": {"n_estimators": 542, "max_depth": 3, "learning_rate": 0.06213579020088781, "random_state": 32}}
{"target": 45.10304570198059, "params": {"n_estimators": 891, "max_depth": 6, "learning_rate": 0.045720094540864384, "random_state": 32}}
{"target": 43.252992033958435, "params": {"n_estimators": 505, "max_depth": 3, "learning_rate": 0.033506342885111354, "random_state": 32}}
{"target": 42.34367787837982, "params": {"n_estimators": 52, "max_depth": 3, "learning_rate": 0.09336061857211143, "random_state": 32}}
{"target": 44.12744462490082, "params": {"n_estimators": 1065, "max_depth": 3, "learning_rate": 0.03594884867672829, "random_state": 32}}
{"target": 45.415082573890686, "params": {"n_estimators": 29, "max_depth": 6, "learning_rate": 0.08673804006042989, "random_state": 32}}
{"target": 46.230053305625916, "params": {"n_estimators": 1532, "max_depth": 9, "learning_rate": 0.01650312190044831, "random_state": 32}}
{"target": 45.41590392589569, "params": {"n_estimators": 628, "max_depth": 6, "learning_rate": 0.03893649913530532, "random_state": 32}}
{"target": 45.31399607658386, "params": {"n_estimators": 595, "max_depth": 3, "learning_rate": 0.11171476032878672, "random_state": 32}}
{"target": 44.651251435279846, "params": {"n_estimators": 1105, "max_depth": 6, "learning_rate": 0.03322319404947741, "random_state": 32}}
{"target": 45.41464924812317, "params": {"n_estimators": 1066, "max_depth": 3, "learning_rate": 0.15577729650206357, "random_state": 32}}
{"target": 46.23043596744537, "params": {"n_estimators": 585, "max_depth": 9, "learning_rate": 0.14631882812566385, "random_state": 32}}
{"target": 45.740169286727905, "params": {"n_estimators": 528, "max_depth": 3, "learning_rate": 0.09460259543004067, "random_state": 32}}
{"target": 42.52415955066681, "params": {"n_estimators": 57, "max_depth": 3, "learning_rate": 0.1200152388302179, "random_state": 32}}
{"target": 46.4452338218689, "params": {"n_estimators": 1398, "max_depth": 10, "learning_rate": 0.10882540251073598, "random_state": 32}}
{"target": 42.24273860454559, "params": {"n_estimators": 68, "max_depth": 3, "learning_rate": 0.11447640214194438, "random_state": 32}}
{"target": 44.02569830417633, "params": {"n_estimators": 570, "max_depth": 3, "learning_rate": 0.07388892723872464, "random_state": 32}}
{"target": 44.51268434524536, "params": {"n_estimators": 685, "max_depth": 3, "learning_rate": 0.07151106993154205, "random_state": 32}}
{"target": 45.37832319736481, "params": {"n_estimators": 1930, "max_depth": 7, "learning_rate": 0.1142758970781807, "random_state": 32}}
{"target": 46.55653774738312, "params": {"n_estimators": 1197, "max_depth": 10, "learning_rate": 0.02097138412882866, "random_state": 32}}
{"target": 45.44852077960968, "params": {"n_estimators": 27, "max_depth": 6, "learning_rate": 0.1203860410851358, "random_state": 32}}
{"target": 45.032837986946106, "params": {"n_estimators": 79, "max_depth": 6, "learning_rate": 0.049531639660387816, "random_state": 32}}
