{"target": 45.88211417198181, "params": {"n_estimators": 671, "max_depth": 3, "learning_rate": 0.11933916010676762, "random_state": 32}}
{"target": 42.29924440383911, "params": {"n_estimators": 63, "max_depth": 3, "learning_rate": 0.09579326120598329, "random_state": 32}}
{"target": 54.04648184776306, "params": {"n_estimators": 10, "max_depth": 3, "learning_rate": 0.04795663814690254, "random_state": 32}}
{"target": 46.73371911048889, "params": {"n_estimators": 21, "max_depth": 7, "learning_rate": 0.10827556413970858, "random_state": 32}}
{"target": 45.11332452297211, "params": {"n_estimators": 684, "max_depth": 3, "learning_rate": 0.06089545554509852, "random_state": 32}}
{"target": 44.38715636730194, "params": {"n_estimators": 670, "max_depth": 3, "learning_rate": 0.055296250118702574, "random_state": 32}}
{"target": 47.710662484169006, "params": {"n_estimators": 14, "max_depth": 6, "learning_rate": 0.10596320769797654, "random_state": 32}}
{"target": 47.14129328727722, "params": {"n_estimators": 1059, "max_depth": 16, "learning_rate": 0.05576302239118233, "random_state": 32}}
{"target": 46.517685651779175, "params": {"n_estimators": 226, "max_depth": 7, "learning_rate": 0.014266965260940248, "random_state": 32}}
{"target": 42.413002252578735, "params": {"n_estimators": 637, "max_depth": 3, "learning_rate": 0.016337344177974878, "random_state": 32}}
{"target": 51.63212478160858, "params": {"n_estimators": 10, "max_depth": 5, "learning_rate": 0.07682130743048451, "random_state": 32}}
{"target": 56.35638236999512, "params": {"n_estimators": 12, "max_depth": 3, "learning_rate": 0.02784535529526018, "random_state": 32}}
{"target": 45.91066658496857, "params": {"n_estimators": 855, "max_depth": 7, "learning_rate": 0.011427740244424535, "random_state": 32}}
{"target": 43.664098381996155, "params": {"n_estimators": 441, "max_depth": 5, "learning_rate": 0.011922651218938693, "random_state": 32}}
{"target": 42.251940965652466, "params": {"n_estimators": 43, "max_depth": 3, "learning_rate": 0.14099266009327246, "random_state": 32}}
{"target": 44.90818500518799, "params": {"n_estimators": 533, "max_depth": 6, "learning_rate": 0.012891448328665588, "random_state": 32}}
{"target": 44.195676445961, "params": {"n_estimators": 39, "max_depth": 3, "learning_rate": 0.052577161666209765, "random_state": 32}}
{"target": 44.401779770851135, "params": {"n_estimators": 493, "max_depth": 3, "learning_rate": 0.08679942498351653, "random_state": 32}}
{"target": 42.00271725654602, "params": {"n_estimators": 489, "max_depth": 3, "learning_rate": 0.015011692978533352, "random_state": 32}}
{"target": 45.93840956687927, "params": {"n_estimators": 625, "max_depth": 10, "learning_rate": 0.0700415592632475, "random_state": 32}}
{"target": 45.173086524009705, "params": {"n_estimators": 648, "max_depth": 6, "learning_rate": 0.051223592459126985, "random_state": 32}}
{"target": 45.7483971118927, "params": {"n_estimators": 1001, "max_depth": 7, "learning_rate": 0.010915996921407878, "random_state": 32}}
{"target": 48.55155289173126, "params": {"n_estimators": 77, "max_depth": 3, "learning_rate": 0.013704523814530623, "random_state": 32}}
{"target": 45.182693004608154, "params": {"n_estimators": 1388, "max_depth": 3, "learning_rate": 0.07256237924544978, "random_state": 32}}
{"target": 44.20710802078247, "params": {"n_estimators": 489, "max_depth": 3, "learning_rate": 0.08620163971098475, "random_state": 32}}
{"target": 45.560705065727234, "params": {"n_estimators": 658, "max_depth": 3, "learning_rate": 0.10433922636306406, "random_state": 32}}
{"target": 46.622570753097534, "params": {"n_estimators": 58, "max_depth": 7, "learning_rate": 0.06775973837151521, "random_state": 32}}
{"target": 47.48549401760101, "params": {"n_estimators": 36, "max_depth": 7, "learning_rate": 0.059800447448428225, "random_state": 32}}
{"target": 44.408740401268005, "params": {"n_estimators": 1185, "max_depth": 3, "learning_rate": 0.049292332368545466, "random_state": 32}}
{"target": 45.26890814304352, "params": {"n_estimators": 1316, "max_depth": 3, "learning_rate": 0.05893725534292221, "random_state": 32}}
{"target": 46.9901704788208, "params": {"n_estimators": 21, "max_depth": 3, "learning_rate": 0.06092371085740576, "random_state": 32}}
{"target": 44.760419726371765, "params": {"n_estimators": 1278, "max_depth": 6, "learning_rate": 0.05712993302568159, "random_state": 32}}
{"target": 46.69053018093109, "params": {"n_estimators": 3522, "max_depth": 17, "learning_rate": 0.22925220725640558, "random_state": 32}}
{"target": 50.546919107437134, "params": {"n_estimators": 11, "max_depth": 8, "learning_rate": 0.0975234209654345, "random_state": 32}}
{"target": 44.81062650680542, "params": {"n_estimators": 772, "max_depth": 6, "learning_rate": 0.05139391577522308, "random_state": 32}}
{"target": 46.840715408325195, "params": {"n_estimators": 71, "max_depth": 7, "learning_rate": 0.03543258009969118, "random_state": 32}}
{"target": 46.55592322349548, "params": {"n_estimators": 22, "max_depth": 3, "learning_rate": 0.0626204519384907, "random_state": 32}}
{"target": 43.964393734931946, "params": {"n_estimators": 537, "max_depth": 3, "learning_rate": 0.046741403521706776, "random_state": 32}}
{"target": 44.643428325653076, "params": {"n_estimators": 560, "max_depth": 3, "learning_rate": 0.08371302850362229, "random_state": 32}}
{"target": 46.81045949459076, "params": {"n_estimators": 3108, "max_depth": 13, "learning_rate": 0.22776649088927903, "random_state": 32}}
{"target": 44.949819445610046, "params": {"n_estimators": 889, "max_depth": 6, "learning_rate": 0.010116867111290612, "random_state": 32}}
{"target": 43.68802607059479, "params": {"n_estimators": 519, "max_depth": 3, "learning_rate": 0.04854956017280338, "random_state": 32}}
{"target": 42.24358081817627, "params": {"n_estimators": 101, "max_depth": 3, "learning_rate": 0.10586595396712876, "random_state": 32}}
{"target": 44.42997694015503, "params": {"n_estimators": 918, "max_depth": 3, "learning_rate": 0.05314018513228645, "random_state": 32}}
{"target": 46.961273550987244, "params": {"n_estimators": 535, "max_depth": 11, "learning_rate": 0.051756309145799824, "random_state": 32}}
{"target": 44.62425410747528, "params": {"n_estimators": 115, "max_depth": 3, "learning_rate": 0.017123696490986925, "random_state": 32}}
{"target": 44.865742921829224, "params": {"n_estimators": 565, "max_depth": 3, "learning_rate": 0.07826280578069525, "random_state": 32}}
{"target": 48.51727247238159, "params": {"n_estimators": 15, "max_depth": 7, "learning_rate": 0.0983809257465559, "random_state": 32}}
{"target": 46.18765413761139, "params": {"n_estimators": 45, "max_depth": 6, "learning_rate": 0.04490438497736968, "random_state": 32}}
{"target": 54.36297357082367, "params": {"n_estimators": 24, "max_depth": 7, "learning_rate": 0.024056848267723623, "random_state": 32}}
{"target": 45.645034313201904, "params": {"n_estimators": 955, "max_depth": 7, "learning_rate": 0.12732369998337054, "random_state": 32}}
{"target": 44.68322992324829, "params": {"n_estimators": 45, "max_depth": 3, "learning_rate": 0.042993539224357134, "random_state": 32}}
{"target": 42.2056782245636, "params": {"n_estimators": 462, "max_depth": 3, "learning_rate": 0.010687117317075957, "random_state": 32}}
{"target": 42.05965876579285, "params": {"n_estimators": 580, "max_depth": 3, "learning_rate": 0.012456638339123964, "random_state": 32}}
{"target": 42.49167323112488, "params": {"n_estimators": 861, "max_depth": 3, "learning_rate": 0.014682168831975949, "random_state": 32}}
{"target": 46.30798161029816, "params": {"n_estimators": 1214, "max_depth": 10, "learning_rate": 0.05158180938693635, "random_state": 32}}
{"target": 45.05307376384735, "params": {"n_estimators": 520, "max_depth": 6, "learning_rate": 0.07929298666971041, "random_state": 32}}
{"target": 46.357868909835815, "params": {"n_estimators": 741, "max_depth": 7, "learning_rate": 0.010496686054703379, "random_state": 32}}
{"target": 42.98556923866272, "params": {"n_estimators": 41, "max_depth": 3, "learning_rate": 0.0818219051068745, "random_state": 32}}
{"target": 41.85439109802246, "params": {"n_estimators": 91, "max_depth": 3, "learning_rate": 0.08791763457303756, "random_state": 32}}
{"target": 45.2853000164032, "params": {"n_estimators": 990, "max_depth": 6, "learning_rate": 0.04791934638221654, "random_state": 32}}
{"target": 44.78329539299011, "params": {"n_estimators": 585, "max_depth": 6, "learning_rate": 0.09315478791345141, "random_state": 32}}
{"target": 45.02421736717224, "params": {"n_estimators": 671, "max_depth": 6, "learning_rate": 0.1409417915845456, "random_state": 32}}
{"target": 46.585862040519714, "params": {"n_estimators": 334, "max_depth": 7, "learning_rate": 0.13204657121028532, "random_state": 32}}
{"target": 47.31340050697327, "params": {"n_estimators": 2157, "max_depth": 14, "learning_rate": 0.19028414004369545, "random_state": 32}}
{"target": 44.670884013175964, "params": {"n_estimators": 369, "max_depth": 3, "learning_rate": 0.11546438155321619, "random_state": 32}}
{"target": 44.64002311229706, "params": {"n_estimators": 379, "max_depth": 3, "learning_rate": 0.1379860408188032, "random_state": 32}}
{"target": 43.0429869890213, "params": {"n_estimators": 208, "max_depth": 3, "learning_rate": 0.09700257699693754, "random_state": 32}}
{"target": 46.662185192108154, "params": {"n_estimators": 28, "max_depth": 7, "learning_rate": 0.11156905232663321, "random_state": 32}}
{"target": 45.88717877864838, "params": {"n_estimators": 681, "max_depth": 3, "learning_rate": 0.09451363198208977, "random_state": 32}}
{"target": 44.8676335811615, "params": {"n_estimators": 698, "max_depth": 3, "learning_rate": 0.10683104428521342, "random_state": 32}}
{"target": 45.02304673194885, "params": {"n_estimators": 1079, "max_depth": 6, "learning_rate": 0.04718528514183196, "random_state": 32}}
{"target": 43.45054388046265, "params": {"n_estimators": 1405, "max_depth": 3, "learning_rate": 0.01471324798113792, "random_state": 32}}
{"target": 43.974531292915344, "params": {"n_estimators": 1646, "max_depth": 3, "learning_rate": 0.016177719624194575, "random_state": 32}}
{"target": 43.36195528507233, "params": {"n_estimators": 1745, "max_depth": 3, "learning_rate": 0.0106142658513156, "random_state": 32}}
{"target": 47.17631280422211, "params": {"n_estimators": 23, "max_depth": 6, "learning_rate": 0.06978954113578033, "random_state": 32}}
{"target": 44.835694432258606, "params": {"n_estimators": 515, "max_depth": 3, "learning_rate": 0.06411677720721912, "random_state": 32}}
{"target": 43.28116774559021, "params": {"n_estimators": 144, "max_depth": 3, "learning_rate": 0.12543682523920044, "random_state": 32}}
{"target": 45.22099554538727, "params": {"n_estimators": 673, "max_depth": 3, "learning_rate": 0.08688276691624502, "random_state": 32}}
{"target": 44.50175762176514, "params": {"n_estimators": 731, "max_depth": 3, "learning_rate": 0.04936156066980316, "random_state": 32}}
{"target": 48.08574080467224, "params": {"n_estimators": 10, "max_depth": 7, "learning_rate": 0.1351444628518256, "random_state": 32}}
{"target": 45.52022457122803, "params": {"n_estimators": 1623, "max_depth": 3, "learning_rate": 0.12821361654237093, "random_state": 32}}
{"target": 45.21663844585419, "params": {"n_estimators": 548, "max_depth": 6, "learning_rate": 0.06600356376072053, "random_state": 32}}
{"target": 44.95429039001465, "params": {"n_estimators": 58, "max_depth": 6, "learning_rate": 0.06048322945473427, "random_state": 32}}
{"target": 45.00930964946747, "params": {"n_estimators": 1920, "max_depth": 6, "learning_rate": 0.010431450870570867, "random_state": 32}}
{"target": 44.424039125442505, "params": {"n_estimators": 529, "max_depth": 6, "learning_rate": 0.08969994463825415, "random_state": 32}}
{"target": 45.93544781208038, "params": {"n_estimators": 1047, "max_depth": 7, "learning_rate": 0.09172311926317064, "random_state": 32}}
{"target": 45.7624751329422, "params": {"n_estimators": 579, "max_depth": 7, "learning_rate": 0.09194455913829755, "random_state": 32}}
{"target": 42.07780420780182, "params": {"n_estimators": 119, "max_depth": 3, "learning_rate": 0.08479635540868874, "random_state": 32}}
{"target": 47.017279863357544, "params": {"n_estimators": 18, "max_depth": 6, "learning_rate": 0.08583237263061014, "random_state": 32}}
{"target": 42.7336722612381, "params": {"n_estimators": 59, "max_depth": 3, "learning_rate": 0.07164376645666372, "random_state": 32}}
{"target": 45.83478569984436, "params": {"n_estimators": 110, "max_depth": 3, "learning_rate": 0.014394514747988963, "random_state": 32}}
{"target": 44.97398316860199, "params": {"n_estimators": 1489, "max_depth": 6, "learning_rate": 0.0966819393495642, "random_state": 32}}
{"target": 45.06282448768616, "params": {"n_estimators": 1479, "max_depth": 6, "learning_rate": 0.10164293651701187, "random_state": 32}}
{"target": 44.6580708026886, "params": {"n_estimators": 491, "max_depth": 6, "learning_rate": 0.0441289922360571, "random_state": 32}}
{"target": 42.25377440452576, "params": {"n_estimators": 729, "max_depth": 3, "learning_rate": 0.014460450628008277, "random_state": 32}}
{"target": 44.78121876716614, "params": {"n_estimators": 20, "max_depth": 3, "learning_rate": 0.09574953626045032, "random_state": 32}}
{"target": 46.18321657180786, "params": {"n_estimators": 362, "max_depth": 30, "learning_rate": 0.21337077834421864, "random_state": 32}}
{"target": 44.9070143699646, "params": {"n_estimators": 1255, "max_depth": 3, "learning_rate": 0.05339687954450503, "random_state": 32}}
{"target": 44.23204243183136, "params": {"n_estimators": 686, "max_depth": 3, "learning_rate": 0.04913961388359539, "random_state": 32}}
{"target": 47.025856375694275, "params": {"n_estimators": 88, "max_depth": 11, "learning_rate": 0.07037409128878563, "random_state": 32}}
{"target": 45.275431871414185, "params": {"n_estimators": 807, "max_depth": 6, "learning_rate": 0.04686118127378213, "random_state": 32}}
{"target": 44.574244022369385, "params": {"n_estimators": 887, "max_depth": 3, "learning_rate": 0.055672839234675656, "random_state": 32}}
{"target": 52.34673023223877, "params": {"n_estimators": 23, "max_depth": 7, "learning_rate": 0.03517086761329346, "random_state": 32}}
{"target": 45.70663034915924, "params": {"n_estimators": 14, "max_depth": 3, "learning_rate": 0.11167331975441815, "random_state": 32}}
{"target": 42.46272683143616, "params": {"n_estimators": 960, "max_depth": 3, "learning_rate": 0.011713332836221198, "random_state": 32}}
{"target": 46.15857541561127, "params": {"n_estimators": 447, "max_depth": 7, "learning_rate": 0.05197157463610855, "random_state": 32}}
{"target": 44.95350122451782, "params": {"n_estimators": 52, "max_depth": 6, "learning_rate": 0.07016868352231377, "random_state": 32}}
{"target": 46.517027616500854, "params": {"n_estimators": 837, "max_depth": 10, "learning_rate": 0.12554087964663888, "random_state": 32}}
{"target": 43.26335072517395, "params": {"n_estimators": 556, "max_depth": 3, "learning_rate": 0.0431175882088094, "random_state": 32}}
{"target": 44.59326386451721, "params": {"n_estimators": 632, "max_depth": 3, "learning_rate": 0.07014016449813142, "random_state": 32}}
{"target": 46.02351367473602, "params": {"n_estimators": 871, "max_depth": 7, "learning_rate": 0.037383636790372675, "random_state": 32}}
{"target": 47.07732439041138, "params": {"n_estimators": 1756, "max_depth": 9, "learning_rate": 0.1821475295170285, "random_state": 32}}
{"target": 42.03996658325195, "params": {"n_estimators": 828, "max_depth": 3, "learning_rate": 0.010146400478171025, "random_state": 32}}
{"target": 43.146575689315796, "params": {"n_estimators": 37, "max_depth": 3, "learning_rate": 0.07418505566608088, "random_state": 32}}
{"target": 41.957589983940125, "params": {"n_estimators": 54, "max_depth": 3, "learning_rate": 0.11488262663787632, "random_state": 32}}
{"target": 47.02050805091858, "params": {"n_estimators": 766, "max_depth": 22, "learning_rate": 0.2993645499071447, "random_state": 32}}
{"target": 44.74119305610657, "params": {"n_estimators": 808, "max_depth": 6, "learning_rate": 0.010713615311849611, "random_state": 32}}
{"target": 44.650022983551025, "params": {"n_estimators": 352, "max_depth": 5, "learning_rate": 0.16202936793275374, "random_state": 32}}
{"target": 46.00612163543701, "params": {"n_estimators": 902, "max_depth": 7, "learning_rate": 0.04931826498896662, "random_state": 32}}
{"target": 43.97982358932495, "params": {"n_estimators": 131, "max_depth": 4, "learning_rate": 0.15718703154546082, "random_state": 32}}
{"target": 45.67841291427612, "params": {"n_estimators": 431, "max_depth": 3, "learning_rate": 0.1647658250503235, "random_state": 32}}
{"target": 45.23634970188141, "params": {"n_estimators": 30, "max_depth": 3, "learning_rate": 0.05674514231398825, "random_state": 32}}
{"target": 44.743494391441345, "params": {"n_estimators": 129, "max_depth": 6, "learning_rate": 0.1436594326125796, "random_state": 32}}
{"target": 45.68500101566315, "params": {"n_estimators": 1318, "max_depth": 7, "learning_rate": 0.04418599731731317, "random_state": 32}}
{"target": 47.148293256759644, "params": {"n_estimators": 12, "max_depth": 5, "learning_rate": 0.1129177946445547, "random_state": 32}}
{"target": 44.434810280799866, "params": {"n_estimators": 599, "max_depth": 6, "learning_rate": 0.08787859991948185, "random_state": 32}}
{"target": 44.26524877548218, "params": {"n_estimators": 961, "max_depth": 4, "learning_rate": 0.12393949827931605, "random_state": 32}}
{"target": 45.83211541175842, "params": {"n_estimators": 816, "max_depth": 3, "learning_rate": 0.1303390199493384, "random_state": 32}}
{"target": 42.57734835147858, "params": {"n_estimators": 61, "max_depth": 3, "learning_rate": 0.1378860608857994, "random_state": 32}}
{"target": 44.109400510787964, "params": {"n_estimators": 193, "max_depth": 3, "learning_rate": 0.011333137553640099, "random_state": 32}}
{"target": 45.887940526008606, "params": {"n_estimators": 755, "max_depth": 3, "learning_rate": 0.13782595893247002, "random_state": 32}}
{"target": 43.94239842891693, "params": {"n_estimators": 890, "max_depth": 5, "learning_rate": 0.14267380247456043, "random_state": 32}}
{"target": 43.39363932609558, "params": {"n_estimators": 114, "max_depth": 3, "learning_rate": 0.11312228122449633, "random_state": 32}}
{"target": 57.220200300216675, "params": {"n_estimators": 14, "max_depth": 6, "learning_rate": 0.023906509675136783, "random_state": 32}}
{"target": 42.730552554130554, "params": {"n_estimators": 35, "max_depth": 3, "learning_rate": 0.08968378689530643, "random_state": 32}}
{"target": 44.10123527050018, "params": {"n_estimators": 18, "max_depth": 3, "learning_rate": 0.12049821557500982, "random_state": 32}}
{"target": 45.70035755634308, "params": {"n_estimators": 190, "max_depth": 6, "learning_rate": 0.012607822122732024, "random_state": 32}}
{"target": 45.067206621170044, "params": {"n_estimators": 423, "max_depth": 3, "learning_rate": 0.1009959813150124, "random_state": 32}}
{"target": 46.45874738693237, "params": {"n_estimators": 110, "max_depth": 10, "learning_rate": 0.12650193614485825, "random_state": 32}}
{"target": 46.424654722213745, "params": {"n_estimators": 775, "max_depth": 3, "learning_rate": 0.09959475738846246, "random_state": 32}}
{"target": 45.914098024368286, "params": {"n_estimators": 739, "max_depth": 3, "learning_rate": 0.09610104945528088, "random_state": 32}}
{"target": 44.825058579444885, "params": {"n_estimators": 967, "max_depth": 6, "learning_rate": 0.012320954033025498, "random_state": 32}}
{"target": 46.53629779815674, "params": {"n_estimators": 651, "max_depth": 10, "learning_rate": 0.04199693282938998, "random_state": 32}}
{"target": 46.5303635597229, "params": {"n_estimators": 1937, "max_depth": 24, "learning_rate": 0.1542566886312761, "random_state": 32}}
{"target": 42.31403291225433, "params": {"n_estimators": 590, "max_depth": 3, "learning_rate": 0.017616289154701044, "random_state": 32}}
{"target": 47.2664737701416, "params": {"n_estimators": 3852, "max_depth": 27, "learning_rate": 0.08450217869402979, "random_state": 32}}
{"target": 47.792057394981384, "params": {"n_estimators": 2067, "max_depth": 25, "learning_rate": 0.16077415585861488, "random_state": 32}}
{"target": 41.959078311920166, "params": {"n_estimators": 515, "max_depth": 3, "learning_rate": 0.012231778004292778, "random_state": 32}}
{"target": 46.4291650056839, "params": {"n_estimators": 433, "max_depth": 10, "learning_rate": 0.01075455117720732, "random_state": 32}}
{"target": 44.48604166507721, "params": {"n_estimators": 595, "max_depth": 3, "learning_rate": 0.051442293731062655, "random_state": 32}}
{"target": 46.77886188030243, "params": {"n_estimators": 13, "max_depth": 3, "learning_rate": 0.1017871853477205, "random_state": 32}}
{"target": 46.03795111179352, "params": {"n_estimators": 681, "max_depth": 9, "learning_rate": 0.10442531331925341, "random_state": 32}}
{"target": 49.23568665981293, "params": {"n_estimators": 14, "max_depth": 3, "learning_rate": 0.06614794576310656, "random_state": 32}}
{"target": 46.67096138000488, "params": {"n_estimators": 782, "max_depth": 9, "learning_rate": 0.11483802620099835, "random_state": 32}}
{"target": 45.87784767150879, "params": {"n_estimators": 743, "max_depth": 7, "learning_rate": 0.04327584299646626, "random_state": 32}}
{"target": 45.11276841163635, "params": {"n_estimators": 61, "max_depth": 6, "learning_rate": 0.05239102043707475, "random_state": 32}}
{"target": 57.56361961364746, "params": {"n_estimators": 16, "max_depth": 3, "learning_rate": 0.016567615020974952, "random_state": 32}}
{"target": 46.9617235660553, "params": {"n_estimators": 3877, "max_depth": 13, "learning_rate": 0.1885230377956979, "random_state": 32}}
{"target": 45.17893612384796, "params": {"n_estimators": 752, "max_depth": 6, "learning_rate": 0.10987221663328844, "random_state": 32}}
