{"target": 45.29790163040161, "params": {"n_estimators": 40, "max_depth": 6, "learning_rate": 0.10023317585045323, "random_state": 32}}
{"target": 43.72239053249359, "params": {"n_estimators": 756, "max_depth": 3, "learning_rate": 0.03323662759727248, "random_state": 32}}
{"target": 44.78482902050018, "params": {"n_estimators": 18, "max_depth": 6, "learning_rate": 0.14444017640550633, "random_state": 32}}
{"target": 45.20169675350189, "params": {"n_estimators": 864, "max_depth": 6, "learning_rate": 0.03826795255699843, "random_state": 32}}
{"target": 43.286606669425964, "params": {"n_estimators": 628, "max_depth": 3, "learning_rate": 0.04897844970435052, "random_state": 32}}
{"target": 50.917232632637024, "params": {"n_estimators": 88, "max_depth": 6, "learning_rate": 0.010387795168951788, "random_state": 32}}
{"target": 44.31029498577118, "params": {"n_estimators": 31, "max_depth": 3, "learning_rate": 0.06624877149944597, "random_state": 32}}
{"target": 43.07880640029907, "params": {"n_estimators": 39, "max_depth": 3, "learning_rate": 0.09146254444383692, "random_state": 32}}
{"target": 43.632503151893616, "params": {"n_estimators": 558, "max_depth": 6, "learning_rate": 0.16494564433181622, "random_state": 32}}
{"target": 44.37010109424591, "params": {"n_estimators": 742, "max_depth": 6, "learning_rate": 0.04386755095375537, "random_state": 32}}
{"target": 45.95758080482483, "params": {"n_estimators": 636, "max_depth": 3, "learning_rate": 0.14775871658081544, "random_state": 32}}
{"target": 45.84054410457611, "params": {"n_estimators": 517, "max_depth": 3, "learning_rate": 0.12957404990466576, "random_state": 32}}
{"target": 47.297645807266235, "params": {"n_estimators": 25, "max_depth": 3, "learning_rate": 0.048639357339350306, "random_state": 32}}
{"target": 47.52131164073944, "params": {"n_estimators": 28, "max_depth": 9, "learning_rate": 0.08041805288707221, "random_state": 32}}
{"target": 42.38405227661133, "params": {"n_estimators": 829, "max_depth": 3, "learning_rate": 0.012013535427352008, "random_state": 32}}
{"target": 47.562241554260254, "params": {"n_estimators": 13, "max_depth": 3, "learning_rate": 0.09140591884940497, "random_state": 32}}
{"target": 55.733235478401184, "params": {"n_estimators": 15, "max_depth": 7, "learning_rate": 0.0300243303836344, "random_state": 32}}
{"target": 44.8629504442215, "params": {"n_estimators": 398, "max_depth": 6, "learning_rate": 0.03956856953327278, "random_state": 32}}
{"target": 45.443644523620605, "params": {"n_estimators": 935, "max_depth": 6, "learning_rate": 0.01045765595085326, "random_state": 32}}
{"target": 45.79001426696777, "params": {"n_estimators": 1916, "max_depth": 3, "learning_rate": 0.06187042331790809, "random_state": 32}}
{"target": 41.982622146606445, "params": {"n_estimators": 476, "max_depth": 3, "learning_rate": 0.01214188663402894, "random_state": 32}}
{"target": 44.73121404647827, "params": {"n_estimators": 710, "max_depth": 6, "learning_rate": 0.03908439536963819, "random_state": 32}}
{"target": 44.74389672279358, "params": {"n_estimators": 978, "max_depth": 6, "learning_rate": 0.07466178535619411, "random_state": 32}}
{"target": 44.57396864891052, "params": {"n_estimators": 43, "max_depth": 6, "learning_rate": 0.07762976892469879, "random_state": 32}}
{"target": 46.4006906747818, "params": {"n_estimators": 2200, "max_depth": 19, "learning_rate": 0.1440605244763777, "random_state": 32}}
{"target": 46.56410336494446, "params": {"n_estimators": 1432, "max_depth": 30, "learning_rate": 0.2207282727244385, "random_state": 32}}
{"target": 44.78707790374756, "params": {"n_estimators": 616, "max_depth": 6, "learning_rate": 0.0111110337964644, "random_state": 32}}
{"target": 44.360291957855225, "params": {"n_estimators": 489, "max_depth": 3, "learning_rate": 0.07122469416020623, "random_state": 32}}
{"target": 42.081427574157715, "params": {"n_estimators": 477, "max_depth": 3, "learning_rate": 0.01129364088742035, "random_state": 32}}
{"target": 46.549667716026306, "params": {"n_estimators": 518, "max_depth": 9, "learning_rate": 0.03609589836654056, "random_state": 32}}
{"target": 53.70138704776764, "params": {"n_estimators": 18, "max_depth": 6, "learning_rate": 0.03320471607485549, "random_state": 32}}
{"target": 47.4326890707016, "params": {"n_estimators": 18, "max_depth": 6, "learning_rate": 0.0798781730350682, "random_state": 32}}
{"target": 46.180928349494934, "params": {"n_estimators": 736, "max_depth": 14, "learning_rate": 0.07314524654152556, "random_state": 32}}
{"target": 44.85979199409485, "params": {"n_estimators": 551, "max_depth": 6, "learning_rate": 0.12897702003408482, "random_state": 32}}
{"target": 46.72983169555664, "params": {"n_estimators": 26, "max_depth": 6, "learning_rate": 0.06958458170043902, "random_state": 32}}
{"target": 48.06943356990814, "params": {"n_estimators": 21, "max_depth": 3, "learning_rate": 0.0517801631454217, "random_state": 32}}
{"target": 45.431817173957825, "params": {"n_estimators": 38, "max_depth": 6, "learning_rate": 0.09596365296158356, "random_state": 32}}
{"target": 46.385416984558105, "params": {"n_estimators": 444, "max_depth": 10, "learning_rate": 0.026298788190365827, "random_state": 32}}
{"target": 44.713094830513, "params": {"n_estimators": 1104, "max_depth": 3, "learning_rate": 0.047087710494478255, "random_state": 32}}
{"target": 45.61805486679077, "params": {"n_estimators": 1197, "max_depth": 3, "learning_rate": 0.09860697695931962, "random_state": 32}}
{"target": 43.15839469432831, "params": {"n_estimators": 34, "max_depth": 3, "learning_rate": 0.08448826766306251, "random_state": 32}}
{"target": 46.90156400203705, "params": {"n_estimators": 3842, "max_depth": 23, "learning_rate": 0.24306790060158412, "random_state": 32}}
{"target": 43.63304138183594, "params": {"n_estimators": 573, "max_depth": 3, "learning_rate": 0.03914193671467849, "random_state": 32}}
{"target": 45.491178035736084, "params": {"n_estimators": 591, "max_depth": 6, "learning_rate": 0.09380820160456951, "random_state": 32}}
{"target": 43.551509976387024, "params": {"n_estimators": 620, "max_depth": 6, "learning_rate": 0.0849055341670425, "random_state": 32}}
{"target": 45.21126747131348, "params": {"n_estimators": 996, "max_depth": 3, "learning_rate": 0.07178049067681339, "random_state": 32}}
{"target": 45.20481824874878, "params": {"n_estimators": 1026, "max_depth": 3, "learning_rate": 0.08737794194562777, "random_state": 32}}
{"target": 44.88726079463959, "params": {"n_estimators": 579, "max_depth": 3, "learning_rate": 0.07506925172154304, "random_state": 32}}
{"target": 47.00122773647308, "params": {"n_estimators": 2262, "max_depth": 14, "learning_rate": 0.02448032118886177, "random_state": 32}}
{"target": 44.75457549095154, "params": {"n_estimators": 1174, "max_depth": 3, "learning_rate": 0.05756956927518604, "random_state": 32}}
{"target": 44.51949894428253, "params": {"n_estimators": 389, "max_depth": 3, "learning_rate": 0.07412611275993133, "random_state": 32}}
{"target": 41.98535740375519, "params": {"n_estimators": 645, "max_depth": 3, "learning_rate": 0.010486861483613552, "random_state": 32}}
{"target": 46.47900640964508, "params": {"n_estimators": 581, "max_depth": 7, "learning_rate": 0.08307749070708943, "random_state": 32}}
{"target": 43.625860810279846, "params": {"n_estimators": 1212, "max_depth": 5, "learning_rate": 0.010129974286081048, "random_state": 32}}
{"target": 43.250072598457336, "params": {"n_estimators": 1660, "max_depth": 3, "learning_rate": 0.01027296168316407, "random_state": 32}}
{"target": 44.633134603500366, "params": {"n_estimators": 524, "max_depth": 3, "learning_rate": 0.08763806741802098, "random_state": 32}}
{"target": 50.82645535469055, "params": {"n_estimators": 22, "max_depth": 7, "learning_rate": 0.04530312613323552, "random_state": 32}}
{"target": 44.67924416065216, "params": {"n_estimators": 1325, "max_depth": 6, "learning_rate": 0.045148767878660866, "random_state": 32}}
{"target": 44.52742874622345, "params": {"n_estimators": 965, "max_depth": 6, "learning_rate": 0.038025901078575494, "random_state": 32}}
{"target": 49.63515639305115, "params": {"n_estimators": 17, "max_depth": 10, "learning_rate": 0.07868990150668417, "random_state": 32}}
{"target": 45.30889570713043, "params": {"n_estimators": 584, "max_depth": 6, "learning_rate": 0.04140673386342536, "random_state": 32}}
{"target": 53.715858459472656, "params": {"n_estimators": 18, "max_depth": 6, "learning_rate": 0.033176056134618985, "random_state": 32}}
{"target": 42.04664766788483, "params": {"n_estimators": 651, "max_depth": 3, "learning_rate": 0.010942843661298156, "random_state": 32}}
{"target": 46.04629576206207, "params": {"n_estimators": 574, "max_depth": 10, "learning_rate": 0.09288517338511965, "random_state": 32}}
{"target": 46.96166694164276, "params": {"n_estimators": 1710, "max_depth": 19, "learning_rate": 0.048380929548223525, "random_state": 32}}
{"target": 44.7073757648468, "params": {"n_estimators": 678, "max_depth": 6, "learning_rate": 0.06854133464943338, "random_state": 32}}
{"target": 45.19566893577576, "params": {"n_estimators": 511, "max_depth": 6, "learning_rate": 0.03777701432647859, "random_state": 32}}
{"target": 44.7923743724823, "params": {"n_estimators": 620, "max_depth": 6, "learning_rate": 0.1311841205880464, "random_state": 32}}
{"target": 44.2805290222168, "params": {"n_estimators": 549, "max_depth": 3, "learning_rate": 0.10463757769622412, "random_state": 32}}
{"target": 44.7210693359375, "params": {"n_estimators": 47, "max_depth": 6, "learning_rate": 0.08711995900543726, "random_state": 32}}
{"target": 42.84604549407959, "params": {"n_estimators": 46, "max_depth": 3, "learning_rate": 0.07610741254093147, "random_state": 32}}
{"target": 43.01089644432068, "params": {"n_estimators": 530, "max_depth": 3, "learning_rate": 0.04202205048184623, "random_state": 32}}
{"target": 43.61639618873596, "params": {"n_estimators": 591, "max_depth": 3, "learning_rate": 0.041747495201043566, "random_state": 32}}
{"target": 45.52195429801941, "params": {"n_estimators": 575, "max_depth": 3, "learning_rate": 0.11072480949285887, "random_state": 32}}
{"target": 42.908249497413635, "params": {"n_estimators": 310, "max_depth": 3, "learning_rate": 0.04864593046069575, "random_state": 32}}
{"target": 44.35931384563446, "params": {"n_estimators": 570, "max_depth": 6, "learning_rate": 0.04036819302526516, "random_state": 32}}
{"target": 45.27865469455719, "params": {"n_estimators": 26, "max_depth": 6, "learning_rate": 0.09281784286520892, "random_state": 32}}
{"target": 45.00073194503784, "params": {"n_estimators": 1227, "max_depth": 6, "learning_rate": 0.11230446211492107, "random_state": 32}}
{"target": 45.08943259716034, "params": {"n_estimators": 26, "max_depth": 6, "learning_rate": 0.11985502464130839, "random_state": 32}}
{"target": 46.12456560134888, "params": {"n_estimators": 685, "max_depth": 9, "learning_rate": 0.011596505501245238, "random_state": 32}}
{"target": 43.808536529541016, "params": {"n_estimators": 558, "max_depth": 3, "learning_rate": 0.04276992958729298, "random_state": 32}}
{"target": 51.11098051071167, "params": {"n_estimators": 28, "max_depth": 6, "learning_rate": 0.03096982067331916, "random_state": 32}}
{"target": 45.7768714427948, "params": {"n_estimators": 522, "max_depth": 7, "learning_rate": 0.055952347073782265, "random_state": 32}}
{"target": 47.81980335712433, "params": {"n_estimators": 46, "max_depth": 3, "learning_rate": 0.025229466206325615, "random_state": 32}}
{"target": 41.904136538505554, "params": {"n_estimators": 58, "max_depth": 3, "learning_rate": 0.11489211789411367, "random_state": 32}}
{"target": 45.17245411872864, "params": {"n_estimators": 604, "max_depth": 3, "learning_rate": 0.08831456730927134, "random_state": 32}}
{"target": 45.24550139904022, "params": {"n_estimators": 979, "max_depth": 3, "learning_rate": 0.05732138702528343, "random_state": 32}}
{"target": 42.03811049461365, "params": {"n_estimators": 50, "max_depth": 3, "learning_rate": 0.08968040766595094, "random_state": 32}}
{"target": 45.25373995304108, "params": {"n_estimators": 1090, "max_depth": 3, "learning_rate": 0.06210515135806499, "random_state": 32}}
{"target": 42.688692808151245, "params": {"n_estimators": 29, "max_depth": 3, "learning_rate": 0.13397077821861617, "random_state": 32}}
{"target": 44.5780074596405, "params": {"n_estimators": 694, "max_depth": 4, "learning_rate": 0.17157708313828418, "random_state": 32}}
{"target": 45.81166446208954, "params": {"n_estimators": 352, "max_depth": 8, "learning_rate": 0.12724652223575972, "random_state": 32}}
{"target": 45.225005745887756, "params": {"n_estimators": 502, "max_depth": 7, "learning_rate": 0.14556814319423556, "random_state": 32}}
{"target": 45.41228771209717, "params": {"n_estimators": 128, "max_depth": 7, "learning_rate": 0.1195085517897755, "random_state": 32}}
{"target": 45.018476247787476, "params": {"n_estimators": 424, "max_depth": 6, "learning_rate": 0.12817822856165562, "random_state": 32}}
{"target": 44.7910612821579, "params": {"n_estimators": 389, "max_depth": 3, "learning_rate": 0.14145208039555476, "random_state": 32}}
{"target": 45.45259118080139, "params": {"n_estimators": 428, "max_depth": 4, "learning_rate": 0.15214690497417566, "random_state": 32}}
{"target": 43.99208724498749, "params": {"n_estimators": 492, "max_depth": 6, "learning_rate": 0.17239757865599925, "random_state": 32}}
{"target": 47.01710522174835, "params": {"n_estimators": 4977, "max_depth": 20, "learning_rate": 0.18649716214533757, "random_state": 32}}
{"target": 44.83429193496704, "params": {"n_estimators": 453, "max_depth": 6, "learning_rate": 0.10416044853843145, "random_state": 32}}
{"target": 45.75106918811798, "params": {"n_estimators": 504, "max_depth": 3, "learning_rate": 0.1250165558060356, "random_state": 32}}
{"target": 47.00243651866913, "params": {"n_estimators": 1302, "max_depth": 3, "learning_rate": 0.148388246813631, "random_state": 32}}
{"target": 46.65635108947754, "params": {"n_estimators": 47, "max_depth": 8, "learning_rate": 0.15419893085695463, "random_state": 32}}
{"target": 43.32563281059265, "params": {"n_estimators": 143, "max_depth": 3, "learning_rate": 0.12774073375263362, "random_state": 32}}
{"target": 45.027775168418884, "params": {"n_estimators": 1062, "max_depth": 6, "learning_rate": 0.09462252240294246, "random_state": 32}}
{"target": 43.61644625663757, "params": {"n_estimators": 126, "max_depth": 3, "learning_rate": 0.1728138487002175, "random_state": 32}}
{"target": 44.85614061355591, "params": {"n_estimators": 90, "max_depth": 6, "learning_rate": 0.12608983650021116, "random_state": 32}}
{"target": 46.92873239517212, "params": {"n_estimators": 73, "max_depth": 10, "learning_rate": 0.10095756932047374, "random_state": 32}}
{"target": 44.343791007995605, "params": {"n_estimators": 359, "max_depth": 6, "learning_rate": 0.13495843997029888, "random_state": 32}}
{"target": 44.15435314178467, "params": {"n_estimators": 83, "max_depth": 5, "learning_rate": 0.12924443360201301, "random_state": 32}}
{"target": 45.00142514705658, "params": {"n_estimators": 667, "max_depth": 3, "learning_rate": 0.11738631403010966, "random_state": 32}}
{"target": 45.08774757385254, "params": {"n_estimators": 376, "max_depth": 3, "learning_rate": 0.12929825435453907, "random_state": 32}}
{"target": 44.21375393867493, "params": {"n_estimators": 192, "max_depth": 3, "learning_rate": 0.14103549960028516, "random_state": 32}}
{"target": 42.2430956363678, "params": {"n_estimators": 65, "max_depth": 3, "learning_rate": 0.09059896369558958, "random_state": 32}}
{"target": 42.65517175197601, "params": {"n_estimators": 67, "max_depth": 3, "learning_rate": 0.11230501249041891, "random_state": 32}}
{"target": 44.18722152709961, "params": {"n_estimators": 807, "max_depth": 5, "learning_rate": 0.14094932408150335, "random_state": 32}}
{"target": 45.348756313323975, "params": {"n_estimators": 1197, "max_depth": 3, "learning_rate": 0.10950899079708844, "random_state": 32}}
{"target": 45.57470500469208, "params": {"n_estimators": 524, "max_depth": 3, "learning_rate": 0.12572366127126067, "random_state": 32}}
{"target": 46.125019788742065, "params": {"n_estimators": 1386, "max_depth": 3, "learning_rate": 0.12826657275382283, "random_state": 32}}
{"target": 44.67817187309265, "params": {"n_estimators": 1086, "max_depth": 6, "learning_rate": 0.12266234484511535, "random_state": 32}}
{"target": 45.220147371292114, "params": {"n_estimators": 476, "max_depth": 3, "learning_rate": 0.10137165461482797, "random_state": 32}}
{"target": 45.7483172416687, "params": {"n_estimators": 504, "max_depth": 3, "learning_rate": 0.12044103014565488, "random_state": 32}}
{"target": 49.13463115692139, "params": {"n_estimators": 12, "max_depth": 3, "learning_rate": 0.07774605163276806, "random_state": 32}}
{"target": 42.23456919193268, "params": {"n_estimators": 66, "max_depth": 3, "learning_rate": 0.1651847530674, "random_state": 32}}
{"target": 44.484867453575134, "params": {"n_estimators": 402, "max_depth": 6, "learning_rate": 0.0991759508608325, "random_state": 32}}
{"target": 43.036596179008484, "params": {"n_estimators": 48, "max_depth": 3, "learning_rate": 0.22008376324353832, "random_state": 32}}
{"target": 43.3463317155838, "params": {"n_estimators": 27, "max_depth": 3, "learning_rate": 0.12299074627497832, "random_state": 32}}
{"target": 42.074904441833496, "params": {"n_estimators": 77, "max_depth": 3, "learning_rate": 0.10466337895635608, "random_state": 32}}
{"target": 46.56014382839203, "params": {"n_estimators": 39, "max_depth": 7, "learning_rate": 0.07999945977446542, "random_state": 32}}
{"target": 46.1539751291275, "params": {"n_estimators": 655, "max_depth": 7, "learning_rate": 0.07675372347748866, "random_state": 32}}
{"target": 45.95436155796051, "params": {"n_estimators": 496, "max_depth": 9, "learning_rate": 0.0860883421090919, "random_state": 32}}
{"target": 45.33972680568695, "params": {"n_estimators": 548, "max_depth": 3, "learning_rate": 0.09116960216941397, "random_state": 32}}
{"target": 51.913105845451355, "params": {"n_estimators": 18, "max_depth": 6, "learning_rate": 0.043218648727745876, "random_state": 32}}
{"target": 45.75713574886322, "params": {"n_estimators": 24, "max_depth": 6, "learning_rate": 0.08459982918060437, "random_state": 32}}
{"target": 46.36779844760895, "params": {"n_estimators": 546, "max_depth": 7, "learning_rate": 0.07865337591046903, "random_state": 32}}
{"target": 47.784234285354614, "params": {"n_estimators": 30, "max_depth": 6, "learning_rate": 0.046517927859325604, "random_state": 32}}
{"target": 44.44917023181915, "params": {"n_estimators": 471, "max_depth": 3, "learning_rate": 0.07407748574918019, "random_state": 32}}
{"target": 45.635443329811096, "params": {"n_estimators": 506, "max_depth": 6, "learning_rate": 0.10924950880240972, "random_state": 32}}
{"target": 47.661314606666565, "params": {"n_estimators": 17, "max_depth": 9, "learning_rate": 0.10984555682821295, "random_state": 32}}
{"target": 45.1537024974823, "params": {"n_estimators": 538, "max_depth": 3, "learning_rate": 0.0691627504068536, "random_state": 32}}
{"target": 46.60137593746185, "params": {"n_estimators": 834, "max_depth": 9, "learning_rate": 0.11447590463669777, "random_state": 32}}
{"target": 46.72578990459442, "params": {"n_estimators": 1076, "max_depth": 9, "learning_rate": 0.1571201541693809, "random_state": 32}}
{"target": 45.12013852596283, "params": {"n_estimators": 881, "max_depth": 6, "learning_rate": 0.10943877220208614, "random_state": 32}}
{"target": 44.0138441324234, "params": {"n_estimators": 35, "max_depth": 5, "learning_rate": 0.09786076778041813, "random_state": 32}}
{"target": 46.84945821762085, "params": {"n_estimators": 3427, "max_depth": 16, "learning_rate": 0.06695229271539031, "random_state": 32}}
{"target": 45.77371954917908, "params": {"n_estimators": 2781, "max_depth": 7, "learning_rate": 0.06186351677513892, "random_state": 32}}
{"target": 45.30943989753723, "params": {"n_estimators": 374, "max_depth": 6, "learning_rate": 0.10527944888766078, "random_state": 32}}
{"target": 43.574182987213135, "params": {"n_estimators": 40, "max_depth": 3, "learning_rate": 0.06000171690096127, "random_state": 32}}
{"target": 44.88548457622528, "params": {"n_estimators": 28, "max_depth": 6, "learning_rate": 0.13821122638007494, "random_state": 32}}
{"target": 44.78229641914368, "params": {"n_estimators": 20, "max_depth": 3, "learning_rate": 0.09259393674746123, "random_state": 32}}
{"target": 46.451491713523865, "params": {"n_estimators": 759, "max_depth": 3, "learning_rate": 0.12330050911912784, "random_state": 32}}
{"target": 44.31114435195923, "params": {"n_estimators": 70, "max_depth": 6, "learning_rate": 0.12464553591985461, "random_state": 32}}
{"target": 42.37224519252777, "params": {"n_estimators": 84, "max_depth": 3, "learning_rate": 0.06788288354868569, "random_state": 32}}
{"target": 44.643152356147766, "params": {"n_estimators": 478, "max_depth": 6, "learning_rate": 0.07722360685111788, "random_state": 32}}
{"target": 46.06216609477997, "params": {"n_estimators": 16, "max_depth": 3, "learning_rate": 0.09464473155868186, "random_state": 32}}
{"target": 45.08084058761597, "params": {"n_estimators": 625, "max_depth": 6, "learning_rate": 0.0822047912594227, "random_state": 32}}
{"target": 46.72832131385803, "params": {"n_estimators": 3667, "max_depth": 12, "learning_rate": 0.15661369973825812, "random_state": 32}}
{"target": 46.49322807788849, "params": {"n_estimators": 624, "max_depth": 10, "learning_rate": 0.08244177568757435, "random_state": 32}}
{"target": 45.20817279815674, "params": {"n_estimators": 657, "max_depth": 6, "learning_rate": 0.11009564291308939, "random_state": 32}}
{"target": 45.2569717168808, "params": {"n_estimators": 803, "max_depth": 3, "learning_rate": 0.0878858329451705, "random_state": 32}}
