{"target": 45.93815743923187, "params": {"n_estimators": 547, "max_depth": 7, "learning_rate": 0.07786976401808404, "random_state": 32}}
{"target": 43.830421566963196, "params": {"n_estimators": 584, "max_depth": 3, "learning_rate": 0.04096119666509687, "random_state": 32}}
{"target": 44.33705151081085, "params": {"n_estimators": 23, "max_depth": 3, "learning_rate": 0.09052348154967524, "random_state": 32}}
{"target": 42.24351465702057, "params": {"n_estimators": 480, "max_depth": 3, "learning_rate": 0.010222221445907181, "random_state": 32}}
{"target": 44.56573188304901, "params": {"n_estimators": 70, "max_depth": 6, "learning_rate": 0.05280011035552368, "random_state": 32}}
{"target": 44.58944261074066, "params": {"n_estimators": 1104, "max_depth": 6, "learning_rate": 0.0581034005986461, "random_state": 32}}
{"target": 45.61929523944855, "params": {"n_estimators": 1118, "max_depth": 7, "learning_rate": 0.0524884723840966, "random_state": 32}}
{"target": 45.18296837806702, "params": {"n_estimators": 1087, "max_depth": 6, "learning_rate": 0.08702120902385878, "random_state": 32}}
{"target": 46.20453238487244, "params": {"n_estimators": 725, "max_depth": 25, "learning_rate": 0.2216443600666692, "random_state": 32}}
{"target": 44.97802197933197, "params": {"n_estimators": 1147, "max_depth": 6, "learning_rate": 0.0400612917656747, "random_state": 32}}
{"target": 43.99219214916229, "params": {"n_estimators": 817, "max_depth": 3, "learning_rate": 0.045260383299912735, "random_state": 32}}
{"target": 45.02645194530487, "params": {"n_estimators": 1295, "max_depth": 6, "learning_rate": 0.039705987976799625, "random_state": 32}}
{"target": 44.99139487743378, "params": {"n_estimators": 58, "max_depth": 6, "learning_rate": 0.07898082832127293, "random_state": 32}}
{"target": 44.09007966518402, "params": {"n_estimators": 525, "max_depth": 6, "learning_rate": 0.052907111972822746, "random_state": 32}}
{"target": 46.02787971496582, "params": {"n_estimators": 830, "max_depth": 7, "learning_rate": 0.038211068821815485, "random_state": 32}}
{"target": 43.086979389190674, "params": {"n_estimators": 49, "max_depth": 3, "learning_rate": 0.06411101328903535, "random_state": 32}}
{"target": 44.42899167537689, "params": {"n_estimators": 508, "max_depth": 6, "learning_rate": 0.04992637078342685, "random_state": 32}}
{"target": 57.44443893432617, "params": {"n_estimators": 12, "max_depth": 7, "learning_rate": 0.02690490370409481, "random_state": 32}}
{"target": 43.90312731266022, "params": {"n_estimators": 51, "max_depth": 3, "learning_rate": 0.04369241039149917, "random_state": 32}}
{"target": 55.097665190696716, "params": {"n_estimators": 23, "max_depth": 3, "learning_rate": 0.01808350712271619, "random_state": 32}}
{"target": 47.175124287605286, "params": {"n_estimators": 39, "max_depth": 7, "learning_rate": 0.051062937155019236, "random_state": 32}}
{"target": 45.162819623947144, "params": {"n_estimators": 1111, "max_depth": 3, "learning_rate": 0.043194337834728695, "random_state": 32}}
{"target": 45.846946239471436, "params": {"n_estimators": 1219, "max_depth": 3, "learning_rate": 0.12498093767876053, "random_state": 32}}
{"target": 45.83585023880005, "params": {"n_estimators": 735, "max_depth": 3, "learning_rate": 0.09378592969302084, "random_state": 32}}
{"target": 46.09938681125641, "params": {"n_estimators": 1375, "max_depth": 3, "learning_rate": 0.0940198354501999, "random_state": 32}}
{"target": 44.6948504447937, "params": {"n_estimators": 571, "max_depth": 6, "learning_rate": 0.013586208753357268, "random_state": 32}}
{"target": 44.69764173030853, "params": {"n_estimators": 657, "max_depth": 3, "learning_rate": 0.0578419787775528, "random_state": 32}}
{"target": 44.34091031551361, "params": {"n_estimators": 4707, "max_depth": 3, "learning_rate": 0.22763650857441203, "random_state": 32}}
{"target": 42.184515595436096, "params": {"n_estimators": 60, "max_depth": 3, "learning_rate": 0.07809716983406567, "random_state": 32}}
{"target": 48.26289117336273, "params": {"n_estimators": 29, "max_depth": 3, "learning_rate": 0.0369530430777828, "random_state": 32}}
{"target": 44.64633345603943, "params": {"n_estimators": 857, "max_depth": 3, "learning_rate": 0.04717573692280675, "random_state": 32}}
{"target": 44.74827587604523, "params": {"n_estimators": 693, "max_depth": 6, "learning_rate": 0.013862266377488986, "random_state": 32}}
{"target": 47.38063871860504, "params": {"n_estimators": 3727, "max_depth": 16, "learning_rate": 0.2922943455640546, "random_state": 32}}
{"target": 45.8394593000412, "params": {"n_estimators": 758, "max_depth": 3, "learning_rate": 0.12057905903875824, "random_state": 32}}
{"target": 42.140841484069824, "params": {"n_estimators": 507, "max_depth": 3, "learning_rate": 0.010211089490559086, "random_state": 32}}
{"target": 42.079874873161316, "params": {"n_estimators": 481, "max_depth": 3, "learning_rate": 0.01073869833836677, "random_state": 32}}
{"target": 44.874568581581116, "params": {"n_estimators": 1102, "max_depth": 3, "learning_rate": 0.044695900560133006, "random_state": 32}}
{"target": 44.15920376777649, "params": {"n_estimators": 62, "max_depth": 6, "learning_rate": 0.05966770311833111, "random_state": 32}}
{"target": 44.704245924949646, "params": {"n_estimators": 584, "max_depth": 6, "learning_rate": 0.0789336159819274, "random_state": 32}}
{"target": 46.2658154964447, "params": {"n_estimators": 467, "max_depth": 10, "learning_rate": 0.07714324645621119, "random_state": 32}}
{"target": 44.25930857658386, "params": {"n_estimators": 568, "max_depth": 3, "learning_rate": 0.0543695956534484, "random_state": 32}}
{"target": 44.63529944419861, "params": {"n_estimators": 611, "max_depth": 3, "learning_rate": 0.08284632709621685, "random_state": 32}}
{"target": 45.95909893512726, "params": {"n_estimators": 1575, "max_depth": 7, "learning_rate": 0.010118897914859676, "random_state": 32}}
{"target": 45.20384669303894, "params": {"n_estimators": 1481, "max_depth": 3, "learning_rate": 0.044191549026089724, "random_state": 32}}
{"target": 44.57252323627472, "params": {"n_estimators": 655, "max_depth": 3, "learning_rate": 0.0638465009506139, "random_state": 32}}
{"target": 44.082964062690735, "params": {"n_estimators": 465, "max_depth": 3, "learning_rate": 0.0554880457965381, "random_state": 32}}
{"target": 43.314295411109924, "params": {"n_estimators": 467, "max_depth": 3, "learning_rate": 0.04004696232260324, "random_state": 32}}
{"target": 45.187718868255615, "params": {"n_estimators": 485, "max_depth": 6, "learning_rate": 0.05002530032422615, "random_state": 32}}
{"target": 47.076218128204346, "params": {"n_estimators": 25, "max_depth": 6, "learning_rate": 0.061548213007188865, "random_state": 32}}
{"target": 43.59363377094269, "params": {"n_estimators": 597, "max_depth": 3, "learning_rate": 0.04225055999650361, "random_state": 32}}
{"target": 43.54187846183777, "params": {"n_estimators": 50, "max_depth": 3, "learning_rate": 0.050871758533616473, "random_state": 32}}
{"target": 43.452962040901184, "params": {"n_estimators": 36, "max_depth": 3, "learning_rate": 0.07045373997177899, "random_state": 32}}
{"target": 43.85983645915985, "params": {"n_estimators": 46, "max_depth": 6, "learning_rate": 0.14182618358612306, "random_state": 32}}
{"target": 42.04875111579895, "params": {"n_estimators": 544, "max_depth": 3, "learning_rate": 0.012245508453734623, "random_state": 32}}
{"target": 45.141711831092834, "params": {"n_estimators": 1066, "max_depth": 3, "learning_rate": 0.2871695171201145, "random_state": 32}}
{"target": 47.19341278076172, "params": {"n_estimators": 18, "max_depth": 6, "learning_rate": 0.10487639568679524, "random_state": 32}}
{"target": 45.030274987220764, "params": {"n_estimators": 675, "max_depth": 7, "learning_rate": 0.12027755267252063, "random_state": 32}}
{"target": 44.92358148097992, "params": {"n_estimators": 584, "max_depth": 6, "learning_rate": 0.03871709435309888, "random_state": 32}}
{"target": 45.162649154663086, "params": {"n_estimators": 518, "max_depth": 6, "learning_rate": 0.0831490856376647, "random_state": 32}}
{"target": 46.634631752967834, "params": {"n_estimators": 45, "max_depth": 7, "learning_rate": 0.05497576929741889, "random_state": 32}}
{"target": 46.24849259853363, "params": {"n_estimators": 81, "max_depth": 11, "learning_rate": 0.0935736047414415, "random_state": 32}}
{"target": 44.308327436447144, "params": {"n_estimators": 219, "max_depth": 3, "learning_rate": 0.12281161115612532, "random_state": 32}}
{"target": 43.04540991783142, "params": {"n_estimators": 34, "max_depth": 3, "learning_rate": 0.09416476569037005, "random_state": 32}}
{"target": 45.435375571250916, "params": {"n_estimators": 1226, "max_depth": 7, "learning_rate": 0.012780129732731278, "random_state": 32}}
{"target": 46.64324879646301, "params": {"n_estimators": 798, "max_depth": 23, "learning_rate": 0.11267421239324052, "random_state": 32}}
{"target": 42.01741933822632, "params": {"n_estimators": 461, "max_depth": 3, "learning_rate": 0.011810211075702647, "random_state": 32}}
{"target": 45.49185931682587, "params": {"n_estimators": 662, "max_depth": 3, "learning_rate": 0.07972849292025279, "random_state": 32}}
{"target": 42.666786909103394, "params": {"n_estimators": 1137, "max_depth": 3, "learning_rate": 0.011930796632198653, "random_state": 32}}
{"target": 47.36978352069855, "params": {"n_estimators": 2340, "max_depth": 27, "learning_rate": 0.01778347330839755, "random_state": 32}}
{"target": 53.61891567707062, "params": {"n_estimators": 42, "max_depth": 7, "learning_rate": 0.015918717483598133, "random_state": 32}}
{"target": 46.166484355926514, "params": {"n_estimators": 677, "max_depth": 10, "learning_rate": 0.037883325377624615, "random_state": 32}}
{"target": 46.43353998661041, "params": {"n_estimators": 1154, "max_depth": 9, "learning_rate": 0.060760300752909856, "random_state": 32}}
{"target": 42.48130559921265, "params": {"n_estimators": 39, "max_depth": 3, "learning_rate": 0.15554906191422474, "random_state": 32}}
{"target": 43.721524477005005, "params": {"n_estimators": 688, "max_depth": 3, "learning_rate": 0.04180034999669542, "random_state": 32}}
{"target": 48.14153492450714, "params": {"n_estimators": 16, "max_depth": 3, "learning_rate": 0.06837741975726212, "random_state": 32}}
{"target": 42.57464408874512, "params": {"n_estimators": 39, "max_depth": 3, "learning_rate": 0.09510354028501548, "random_state": 32}}
{"target": 52.351475954055786, "params": {"n_estimators": 63, "max_depth": 6, "learning_rate": 0.011648114374817633, "random_state": 32}}
{"target": 46.07736825942993, "params": {"n_estimators": 456, "max_depth": 7, "learning_rate": 0.013633097462215133, "random_state": 32}}
{"target": 48.77168297767639, "params": {"n_estimators": 12, "max_depth": 3, "learning_rate": 0.08135925289964567, "random_state": 32}}
{"target": 45.26935696601868, "params": {"n_estimators": 324, "max_depth": 6, "learning_rate": 0.012105618421572076, "random_state": 32}}
{"target": 44.507355093955994, "params": {"n_estimators": 830, "max_depth": 6, "learning_rate": 0.042085239352483574, "random_state": 32}}
{"target": 45.54521918296814, "params": {"n_estimators": 693, "max_depth": 3, "learning_rate": 0.10088912146796358, "random_state": 32}}
{"target": 53.30475926399231, "params": {"n_estimators": 14, "max_depth": 3, "learning_rate": 0.03835616868709929, "random_state": 32}}
{"target": 46.254212856292725, "params": {"n_estimators": 1125, "max_depth": 7, "learning_rate": 0.09564147511082928, "random_state": 32}}
{"target": 45.69658577442169, "params": {"n_estimators": 708, "max_depth": 7, "learning_rate": 0.04191653831159742, "random_state": 32}}
{"target": 44.5717716217041, "params": {"n_estimators": 1076, "max_depth": 6, "learning_rate": 0.0787666006163064, "random_state": 32}}
{"target": 44.840272068977356, "params": {"n_estimators": 614, "max_depth": 3, "learning_rate": 0.07544711950640091, "random_state": 32}}
{"target": 43.84094059467316, "params": {"n_estimators": 722, "max_depth": 3, "learning_rate": 0.04479423897431473, "random_state": 32}}
{"target": 41.97009265422821, "params": {"n_estimators": 514, "max_depth": 3, "learning_rate": 0.01120658033571487, "random_state": 32}}
{"target": 44.92064714431763, "params": {"n_estimators": 736, "max_depth": 6, "learning_rate": 0.01107985625874034, "random_state": 32}}
{"target": 42.59101748466492, "params": {"n_estimators": 384, "max_depth": 3, "learning_rate": 0.010590174744681902, "random_state": 32}}
{"target": 45.03346860408783, "params": {"n_estimators": 1458, "max_depth": 3, "learning_rate": 0.04594220757684207, "random_state": 32}}
{"target": 52.647778391838074, "params": {"n_estimators": 19, "max_depth": 3, "learning_rate": 0.031130946058374076, "random_state": 32}}
{"target": 49.607757925987244, "params": {"n_estimators": 31, "max_depth": 7, "learning_rate": 0.04127973699376832, "random_state": 32}}
{"target": 46.030922532081604, "params": {"n_estimators": 504, "max_depth": 7, "learning_rate": 0.09228033076698632, "random_state": 32}}
{"target": 46.13797962665558, "params": {"n_estimators": 27, "max_depth": 6, "learning_rate": 0.07074548874373249, "random_state": 32}}
{"target": 45.00358998775482, "params": {"n_estimators": 1574, "max_depth": 3, "learning_rate": 0.03645230640264026, "random_state": 32}}
{"target": 43.779370188713074, "params": {"n_estimators": 1976, "max_depth": 3, "learning_rate": 0.011357707185513537, "random_state": 32}}
{"target": 53.38313639163971, "params": {"n_estimators": 15, "max_depth": 6, "learning_rate": 0.04196486234530973, "random_state": 32}}
{"target": 49.56193029880524, "params": {"n_estimators": 11, "max_depth": 6, "learning_rate": 0.09408056037617914, "random_state": 32}}
{"target": 45.587411522865295, "params": {"n_estimators": 510, "max_depth": 7, "learning_rate": 0.056118094809467486, "random_state": 32}}
{"target": 46.16932034492493, "params": {"n_estimators": 45, "max_depth": 7, "learning_rate": 0.06955745860312101, "random_state": 32}}
{"target": 45.84456205368042, "params": {"n_estimators": 1255, "max_depth": 7, "learning_rate": 0.03690541110330458, "random_state": 32}}
{"target": 45.510119795799255, "params": {"n_estimators": 2046, "max_depth": 3, "learning_rate": 0.04072359372939284, "random_state": 32}}
{"target": 45.49920916557312, "params": {"n_estimators": 652, "max_depth": 6, "learning_rate": 0.11448889228734045, "random_state": 32}}
{"target": 45.003559589385986, "params": {"n_estimators": 1165, "max_depth": 6, "learning_rate": 0.040571582873063006, "random_state": 32}}
{"target": 45.374075174331665, "params": {"n_estimators": 663, "max_depth": 3, "learning_rate": 0.0842234415263455, "random_state": 32}}
{"target": 42.701520919799805, "params": {"n_estimators": 1164, "max_depth": 3, "learning_rate": 0.010489476746112943, "random_state": 32}}
{"target": 50.48253834247589, "params": {"n_estimators": 15, "max_depth": 6, "learning_rate": 0.06273265111756761, "random_state": 32}}
{"target": 55.525230169296265, "params": {"n_estimators": 25, "max_depth": 3, "learning_rate": 0.015521901334529738, "random_state": 32}}
{"target": 42.098583579063416, "params": {"n_estimators": 760, "max_depth": 3, "learning_rate": 0.01100353684936488, "random_state": 32}}
{"target": 44.47541952133179, "params": {"n_estimators": 714, "max_depth": 6, "learning_rate": 0.1221200838063785, "random_state": 32}}
{"target": 46.612401604652405, "params": {"n_estimators": 4903, "max_depth": 29, "learning_rate": 0.11691290230659898, "random_state": 32}}
{"target": 44.75492477416992, "params": {"n_estimators": 1044, "max_depth": 6, "learning_rate": 0.011639783253600815, "random_state": 32}}
{"target": 44.89663481712341, "params": {"n_estimators": 789, "max_depth": 3, "learning_rate": 0.07381970664390866, "random_state": 32}}
{"target": 44.461846351623535, "params": {"n_estimators": 627, "max_depth": 6, "learning_rate": 0.04904936851893579, "random_state": 32}}
{"target": 45.77638030052185, "params": {"n_estimators": 599, "max_depth": 3, "learning_rate": 0.0905020551843901, "random_state": 32}}
{"target": 44.14581477642059, "params": {"n_estimators": 616, "max_depth": 6, "learning_rate": 0.033389171261086294, "random_state": 32}}
{"target": 50.336753129959106, "params": {"n_estimators": 13, "max_depth": 6, "learning_rate": 0.0717356007895989, "random_state": 32}}
{"target": 43.585625886917114, "params": {"n_estimators": 30, "max_depth": 3, "learning_rate": 0.09871454159061885, "random_state": 32}}
{"target": 44.087138175964355, "params": {"n_estimators": 594, "max_depth": 3, "learning_rate": 0.04473822597500344, "random_state": 32}}
{"target": 44.6728378534317, "params": {"n_estimators": 634, "max_depth": 3, "learning_rate": 0.061404044113276046, "random_state": 32}}
{"target": 43.45448553562164, "params": {"n_estimators": 479, "max_depth": 3, "learning_rate": 0.04839620586937539, "random_state": 32}}
{"target": 44.64269161224365, "params": {"n_estimators": 1181, "max_depth": 3, "learning_rate": 0.043578807624923534, "random_state": 32}}
{"target": 44.035903215408325, "params": {"n_estimators": 49, "max_depth": 5, "learning_rate": 0.13414238697077074, "random_state": 32}}
{"target": 44.29576277732849, "params": {"n_estimators": 649, "max_depth": 3, "learning_rate": 0.05587443389820639, "random_state": 32}}
{"target": 42.764498591423035, "params": {"n_estimators": 40, "max_depth": 3, "learning_rate": 0.08815244798435704, "random_state": 32}}
{"target": 44.72117245197296, "params": {"n_estimators": 671, "max_depth": 6, "learning_rate": 0.04101247552123914, "random_state": 32}}
{"target": 42.58273959159851, "params": {"n_estimators": 103, "max_depth": 3, "learning_rate": 0.0428922643648421, "random_state": 32}}
{"target": 47.616939544677734, "params": {"n_estimators": 34, "max_depth": 9, "learning_rate": 0.0615632378884622, "random_state": 32}}
{"target": 45.05981743335724, "params": {"n_estimators": 458, "max_depth": 6, "learning_rate": 0.044848115070890156, "random_state": 32}}
{"target": 45.61538636684418, "params": {"n_estimators": 667, "max_depth": 7, "learning_rate": 0.011430310899020453, "random_state": 32}}
{"target": 46.18923008441925, "params": {"n_estimators": 38, "max_depth": 3, "learning_rate": 0.03941181930478393, "random_state": 32}}
{"target": 44.72699761390686, "params": {"n_estimators": 382, "max_depth": 6, "learning_rate": 0.013226637586094636, "random_state": 32}}
{"target": 45.55169641971588, "params": {"n_estimators": 634, "max_depth": 7, "learning_rate": 0.04560760730464143, "random_state": 32}}
{"target": 43.068286776542664, "params": {"n_estimators": 314, "max_depth": 3, "learning_rate": 0.010159981669767178, "random_state": 32}}
{"target": 44.876582622528076, "params": {"n_estimators": 748, "max_depth": 6, "learning_rate": 0.07934012495766588, "random_state": 32}}
{"target": 43.23932647705078, "params": {"n_estimators": 1454, "max_depth": 3, "learning_rate": 0.011150172000057275, "random_state": 32}}
{"target": 45.592631101608276, "params": {"n_estimators": 4271, "max_depth": 4, "learning_rate": 0.2770213236538693, "random_state": 32}}
{"target": 47.60942995548248, "params": {"n_estimators": 45, "max_depth": 10, "learning_rate": 0.0458041916118471, "random_state": 32}}
{"target": 45.55981993675232, "params": {"n_estimators": 589, "max_depth": 3, "learning_rate": 0.11203584724661425, "random_state": 32}}
{"target": 45.041344165802, "params": {"n_estimators": 31, "max_depth": 3, "learning_rate": 0.057635069354430246, "random_state": 32}}
{"target": 44.317113757133484, "params": {"n_estimators": 501, "max_depth": 3, "learning_rate": 0.0789458279029607, "random_state": 32}}
{"target": 47.63313174247742, "params": {"n_estimators": 4336, "max_depth": 23, "learning_rate": 0.2940045047151008, "random_state": 32}}
{"target": 48.64392101764679, "params": {"n_estimators": 15, "max_depth": 6, "learning_rate": 0.08004221046648707, "random_state": 32}}
{"target": 46.19016349315643, "params": {"n_estimators": 2191, "max_depth": 9, "learning_rate": 0.06806036451759093, "random_state": 32}}
{"target": 42.48777389526367, "params": {"n_estimators": 904, "max_depth": 3, "learning_rate": 0.011470597933128455, "random_state": 32}}
{"target": 45.81709682941437, "params": {"n_estimators": 1322, "max_depth": 3, "learning_rate": 0.0858059285969598, "random_state": 32}}
{"target": 44.418566823005676, "params": {"n_estimators": 832, "max_depth": 3, "learning_rate": 0.046812676504077555, "random_state": 32}}
{"target": 45.26606619358063, "params": {"n_estimators": 483, "max_depth": 3, "learning_rate": 0.13369551211617864, "random_state": 32}}
{"target": 44.32672917842865, "params": {"n_estimators": 748, "max_depth": 3, "learning_rate": 0.051755843062034665, "random_state": 32}}
{"target": 46.989333629608154, "params": {"n_estimators": 859, "max_depth": 10, "learning_rate": 0.06692797487066539, "random_state": 32}}
{"target": 52.45803654193878, "params": {"n_estimators": 39, "max_depth": 7, "learning_rate": 0.02064073603877377, "random_state": 32}}
{"target": 44.31163012981415, "params": {"n_estimators": 560, "max_depth": 3, "learning_rate": 0.08618090770249365, "random_state": 32}}
{"target": 47.71310806274414, "params": {"n_estimators": 18, "max_depth": 3, "learning_rate": 0.06342090831010844, "random_state": 32}}
{"target": 46.48980259895325, "params": {"n_estimators": 25, "max_depth": 3, "learning_rate": 0.055052197303645384, "random_state": 32}}
{"target": 52.02390015125275, "params": {"n_estimators": 73, "max_depth": 5, "learning_rate": 0.010125043729905012, "random_state": 32}}
{"target": 42.135242223739624, "params": {"n_estimators": 494, "max_depth": 3, "learning_rate": 0.010435511828544524, "random_state": 32}}
{"target": 47.15476870536804, "params": {"n_estimators": 1415, "max_depth": 13, "learning_rate": 0.17495653126355065, "random_state": 32}}
{"target": 45.70562958717346, "params": {"n_estimators": 637, "max_depth": 7, "learning_rate": 0.03698935920339924, "random_state": 32}}
