{"target": 50.38999855518341, "params": {"n_estimators": 70, "max_depth": 3, "learning_rate": 0.011608220731019464, "random_state": 32}}
{"target": 42.46964633464813, "params": {"n_estimators": 970, "max_depth": 3, "learning_rate": 0.011872551756260757, "random_state": 32}}
{"target": 42.05017864704132, "params": {"n_estimators": 384, "max_depth": 3, "learning_rate": 0.014061328779438116, "random_state": 32}}
{"target": 44.83945667743683, "params": {"n_estimators": 876, "max_depth": 6, "learning_rate": 0.057120586394616, "random_state": 32}}
{"target": 44.46229338645935, "params": {"n_estimators": 1274, "max_depth": 3, "learning_rate": 0.04914299170321733, "random_state": 32}}
{"target": 45.464884638786316, "params": {"n_estimators": 1404, "max_depth": 8, "learning_rate": 0.05722651168230924, "random_state": 32}}
{"target": 42.889235615730286, "params": {"n_estimators": 963, "max_depth": 3, "learning_rate": 0.014765223400785881, "random_state": 32}}
{"target": 46.10851526260376, "params": {"n_estimators": 877, "max_depth": 7, "learning_rate": 0.012578188659391146, "random_state": 32}}
{"target": 44.59261894226074, "params": {"n_estimators": 2556, "max_depth": 4, "learning_rate": 0.24115083144845795, "random_state": 32}}
{"target": 42.60407328605652, "params": {"n_estimators": 330, "max_depth": 3, "learning_rate": 0.012403869407392512, "random_state": 32}}
{"target": 46.09120309352875, "params": {"n_estimators": 31, "max_depth": 7, "learning_rate": 0.09566077891000715, "random_state": 32}}
{"target": 45.12532830238342, "params": {"n_estimators": 398, "max_depth": 6, "learning_rate": 0.01036124676870461, "random_state": 32}}
{"target": 42.15603590011597, "params": {"n_estimators": 426, "max_depth": 3, "learning_rate": 0.011701096397850937, "random_state": 32}}
{"target": 46.13510608673096, "params": {"n_estimators": 461, "max_depth": 7, "learning_rate": 0.010773698210451875, "random_state": 32}}
{"target": 42.06194281578064, "params": {"n_estimators": 571, "max_depth": 3, "learning_rate": 0.012257144350944648, "random_state": 32}}
{"target": 42.458385825157166, "params": {"n_estimators": 1192, "max_depth": 3, "learning_rate": 0.010095404185192138, "random_state": 32}}
{"target": 42.73483872413635, "params": {"n_estimators": 1349, "max_depth": 3, "learning_rate": 0.011419160716150534, "random_state": 32}}
{"target": 46.97184383869171, "params": {"n_estimators": 38, "max_depth": 7, "learning_rate": 0.05594954668414649, "random_state": 32}}
{"target": 43.16573619842529, "params": {"n_estimators": 440, "max_depth": 3, "learning_rate": 0.06485886319226981, "random_state": 32}}
{"target": 46.11511826515198, "params": {"n_estimators": 659, "max_depth": 7, "learning_rate": 0.058444835728027805, "random_state": 32}}
{"target": 44.27043676376343, "params": {"n_estimators": 845, "max_depth": 3, "learning_rate": 0.04487257062515565, "random_state": 32}}
{"target": 41.77201688289642, "params": {"n_estimators": 145, "max_depth": 3, "learning_rate": 0.04373196985149457, "random_state": 32}}
{"target": 45.63288986682892, "params": {"n_estimators": 779, "max_depth": 3, "learning_rate": 0.12792889430960905, "random_state": 32}}
{"target": 42.87656366825104, "params": {"n_estimators": 49, "max_depth": 4, "learning_rate": 0.09789173620287078, "random_state": 32}}
{"target": 43.66755187511444, "params": {"n_estimators": 299, "max_depth": 3, "learning_rate": 0.06320775090024194, "random_state": 32}}
{"target": 44.744797348976135, "params": {"n_estimators": 1685, "max_depth": 6, "learning_rate": 0.012676525571605979, "random_state": 32}}
{"target": 45.74083685874939, "params": {"n_estimators": 637, "max_depth": 7, "learning_rate": 0.058591509050784134, "random_state": 32}}
{"target": 45.491101145744324, "params": {"n_estimators": 738, "max_depth": 7, "learning_rate": 0.07319668525793285, "random_state": 32}}
{"target": 41.8490070104599, "params": {"n_estimators": 145, "max_depth": 3, "learning_rate": 0.06484469308541554, "random_state": 32}}
{"target": 43.922770619392395, "params": {"n_estimators": 40, "max_depth": 5, "learning_rate": 0.07104004613121463, "random_state": 32}}
{"target": 43.61606419086456, "params": {"n_estimators": 367, "max_depth": 3, "learning_rate": 0.0581253976360948, "random_state": 32}}
{"target": 41.922680735588074, "params": {"n_estimators": 114, "max_depth": 3, "learning_rate": 0.06066641273917266, "random_state": 32}}
{"target": 42.91321635246277, "params": {"n_estimators": 196, "max_depth": 3, "learning_rate": 0.0775001293120339, "random_state": 32}}
{"target": 46.12556755542755, "params": {"n_estimators": 954, "max_depth": 7, "learning_rate": 0.05366186269889691, "random_state": 32}}
{"target": 42.951512932777405, "params": {"n_estimators": 141, "max_depth": 3, "learning_rate": 0.11460155689807681, "random_state": 32}}
{"target": 46.0965496301651, "params": {"n_estimators": 60, "max_depth": 7, "learning_rate": 0.08901630508882458, "random_state": 32}}
{"target": 46.87408983707428, "params": {"n_estimators": 1971, "max_depth": 10, "learning_rate": 0.2777326133857931, "random_state": 32}}
{"target": 46.37366533279419, "params": {"n_estimators": 763, "max_depth": 7, "learning_rate": 0.05305887784971085, "random_state": 32}}
{"target": 46.196866035461426, "params": {"n_estimators": 1195, "max_depth": 3, "learning_rate": 0.10536670195303671, "random_state": 32}}
{"target": 44.62666034698486, "params": {"n_estimators": 823, "max_depth": 4, "learning_rate": 0.08807064236018688, "random_state": 32}}
{"target": 46.65283977985382, "params": {"n_estimators": 3252, "max_depth": 14, "learning_rate": 0.17128845843123858, "random_state": 32}}
{"target": 45.10145306587219, "params": {"n_estimators": 566, "max_depth": 3, "learning_rate": 0.0929804643767807, "random_state": 32}}
{"target": 44.263482093811035, "params": {"n_estimators": 733, "max_depth": 6, "learning_rate": 0.06575721251216389, "random_state": 32}}
{"target": 44.22806680202484, "params": {"n_estimators": 68, "max_depth": 5, "learning_rate": 0.04616245585362324, "random_state": 32}}
{"target": 48.260520696640015, "params": {"n_estimators": 19, "max_depth": 3, "learning_rate": 0.055199727093711036, "random_state": 32}}
{"target": 46.84159815311432, "params": {"n_estimators": 14, "max_depth": 3, "learning_rate": 0.09476942055450943, "random_state": 32}}
{"target": 45.15208184719086, "params": {"n_estimators": 874, "max_depth": 3, "learning_rate": 0.07350111263993468, "random_state": 32}}
{"target": 52.19936966896057, "params": {"n_estimators": 24, "max_depth": 7, "learning_rate": 0.03404311681210262, "random_state": 32}}
{"target": 44.069799184799194, "params": {"n_estimators": 526, "max_depth": 3, "learning_rate": 0.06297920886747521, "random_state": 32}}
{"target": 48.58277976512909, "params": {"n_estimators": 26, "max_depth": 7, "learning_rate": 0.05597177796573713, "random_state": 32}}
{"target": 41.96694493293762, "params": {"n_estimators": 88, "max_depth": 3, "learning_rate": 0.07040065246127042, "random_state": 32}}
{"target": 44.79402720928192, "params": {"n_estimators": 441, "max_depth": 6, "learning_rate": 0.07080673962027216, "random_state": 32}}
{"target": 46.94801092147827, "params": {"n_estimators": 2906, "max_depth": 18, "learning_rate": 0.03380726726485503, "random_state": 32}}
{"target": 43.44759285449982, "params": {"n_estimators": 310, "max_depth": 3, "learning_rate": 0.07275651536512209, "random_state": 32}}
{"target": 47.12515354156494, "params": {"n_estimators": 24, "max_depth": 5, "learning_rate": 0.06257550210268774, "random_state": 32}}
{"target": 46.17433845996857, "params": {"n_estimators": 87, "max_depth": 7, "learning_rate": 0.0452104274704962, "random_state": 32}}
{"target": 42.80854821205139, "params": {"n_estimators": 259, "max_depth": 3, "learning_rate": 0.05456693393681736, "random_state": 32}}
{"target": 43.34675312042236, "params": {"n_estimators": 251, "max_depth": 3, "learning_rate": 0.06337477539480901, "random_state": 32}}
{"target": 46.457942724227905, "params": {"n_estimators": 339, "max_depth": 8, "learning_rate": 0.10917448738046687, "random_state": 32}}
{"target": 45.02946674823761, "params": {"n_estimators": 951, "max_depth": 3, "learning_rate": 0.08332817387870523, "random_state": 32}}
{"target": 42.36286163330078, "params": {"n_estimators": 230, "max_depth": 3, "learning_rate": 0.058063468194946, "random_state": 32}}
{"target": 44.96322512626648, "params": {"n_estimators": 57, "max_depth": 6, "learning_rate": 0.0983401060608807, "random_state": 32}}
{"target": 46.79738759994507, "params": {"n_estimators": 3113, "max_depth": 25, "learning_rate": 0.06666235109530783, "random_state": 32}}
{"target": 44.76203918457031, "params": {"n_estimators": 940, "max_depth": 3, "learning_rate": 0.05166994343568966, "random_state": 32}}
{"target": 45.81479787826538, "params": {"n_estimators": 421, "max_depth": 10, "learning_rate": 0.21841826765642364, "random_state": 32}}
{"target": 43.18273186683655, "params": {"n_estimators": 96, "max_depth": 4, "learning_rate": 0.05979174709531769, "random_state": 32}}
{"target": 42.62336552143097, "params": {"n_estimators": 204, "max_depth": 3, "learning_rate": 0.06554151695431598, "random_state": 32}}
{"target": 47.145371437072754, "params": {"n_estimators": 3324, "max_depth": 25, "learning_rate": 0.024885950340833657, "random_state": 32}}
{"target": 41.939396262168884, "params": {"n_estimators": 69, "max_depth": 3, "learning_rate": 0.07546897664117609, "random_state": 32}}
{"target": 45.7830685377121, "params": {"n_estimators": 817, "max_depth": 3, "learning_rate": 0.10123107215194323, "random_state": 32}}
{"target": 45.85076987743378, "params": {"n_estimators": 902, "max_depth": 7, "learning_rate": 0.11476716860026917, "random_state": 32}}
{"target": 45.5896782875061, "params": {"n_estimators": 93, "max_depth": 7, "learning_rate": 0.1058349852069448, "random_state": 32}}
{"target": 43.09255063533783, "params": {"n_estimators": 213, "max_depth": 3, "learning_rate": 0.08430492753208187, "random_state": 32}}
{"target": 43.48285615444183, "params": {"n_estimators": 89, "max_depth": 4, "learning_rate": 0.060335525207237256, "random_state": 32}}
{"target": 43.761560916900635, "params": {"n_estimators": 56, "max_depth": 3, "learning_rate": 0.04274052815543174, "random_state": 32}}
{"target": 43.020029067993164, "params": {"n_estimators": 80, "max_depth": 4, "learning_rate": 0.09809013988833237, "random_state": 32}}
{"target": 41.900193095207214, "params": {"n_estimators": 99, "max_depth": 3, "learning_rate": 0.06141715999349038, "random_state": 32}}
{"target": 43.0290412902832, "params": {"n_estimators": 97, "max_depth": 3, "learning_rate": 0.12625609778281313, "random_state": 32}}
{"target": 42.33249545097351, "params": {"n_estimators": 181, "max_depth": 3, "learning_rate": 0.058873698408493706, "random_state": 32}}
{"target": 45.73443353176117, "params": {"n_estimators": 44, "max_depth": 7, "learning_rate": 0.07313776486542459, "random_state": 32}}
{"target": 46.490941643714905, "params": {"n_estimators": 717, "max_depth": 8, "learning_rate": 0.010336606418097558, "random_state": 32}}
{"target": 44.341961145401, "params": {"n_estimators": 660, "max_depth": 3, "learning_rate": 0.06389256346269681, "random_state": 32}}
{"target": 43.5961639881134, "params": {"n_estimators": 282, "max_depth": 3, "learning_rate": 0.07514695689088231, "random_state": 32}}
{"target": 45.26206970214844, "params": {"n_estimators": 22, "max_depth": 3, "learning_rate": 0.07499296535720039, "random_state": 32}}
{"target": 44.68295156955719, "params": {"n_estimators": 465, "max_depth": 3, "learning_rate": 0.10477650485481632, "random_state": 32}}
{"target": 41.854071617126465, "params": {"n_estimators": 78, "max_depth": 3, "learning_rate": 0.06580874190032375, "random_state": 32}}
{"target": 46.577409505844116, "params": {"n_estimators": 26, "max_depth": 3, "learning_rate": 0.05198523838759642, "random_state": 32}}
{"target": 45.528268218040466, "params": {"n_estimators": 113, "max_depth": 7, "learning_rate": 0.10055109335725723, "random_state": 32}}
{"target": 45.52564263343811, "params": {"n_estimators": 21, "max_depth": 3, "learning_rate": 0.07631736623292144, "random_state": 32}}
{"target": 44.45473909378052, "params": {"n_estimators": 4749, "max_depth": 6, "learning_rate": 0.23808326249411482, "random_state": 32}}
{"target": 50.06373107433319, "params": {"n_estimators": 12, "max_depth": 3, "learning_rate": 0.0686241245328649, "random_state": 32}}
{"target": 53.46701681613922, "params": {"n_estimators": 14, "max_depth": 8, "learning_rate": 0.04765096378104643, "random_state": 32}}
{"target": 43.43666732311249, "params": {"n_estimators": 136, "max_depth": 3, "learning_rate": 0.10070100547924804, "random_state": 32}}
{"target": 46.967588663101196, "params": {"n_estimators": 194, "max_depth": 19, "learning_rate": 0.025661341391062853, "random_state": 32}}
{"target": 45.23424983024597, "params": {"n_estimators": 3444, "max_depth": 8, "learning_rate": 0.20884339384443404, "random_state": 32}}
{"target": 45.89265584945679, "params": {"n_estimators": 679, "max_depth": 8, "learning_rate": 0.0931754148711354, "random_state": 32}}
{"target": 46.45864725112915, "params": {"n_estimators": 757, "max_depth": 7, "learning_rate": 0.07719146943346629, "random_state": 32}}
{"target": 46.579102873802185, "params": {"n_estimators": 566, "max_depth": 8, "learning_rate": 0.06985287121002597, "random_state": 32}}
{"target": 46.059476137161255, "params": {"n_estimators": 859, "max_depth": 7, "learning_rate": 0.06557601354130409, "random_state": 32}}
{"target": 46.27689778804779, "params": {"n_estimators": 525, "max_depth": 7, "learning_rate": 0.0498414385532797, "random_state": 32}}
{"target": 45.95398008823395, "params": {"n_estimators": 737, "max_depth": 7, "learning_rate": 0.06620364128400871, "random_state": 32}}
{"target": 46.57571852207184, "params": {"n_estimators": 1660, "max_depth": 21, "learning_rate": 0.10382625955977298, "random_state": 32}}
{"target": 45.78023314476013, "params": {"n_estimators": 629, "max_depth": 7, "learning_rate": 0.051455200309591734, "random_state": 32}}
{"target": 46.99402570724487, "params": {"n_estimators": 4436, "max_depth": 21, "learning_rate": 0.012121695209877659, "random_state": 32}}
{"target": 46.744821071624756, "params": {"n_estimators": 1554, "max_depth": 24, "learning_rate": 0.11049248061571423, "random_state": 32}}
{"target": 42.15104520320892, "params": {"n_estimators": 119, "max_depth": 3, "learning_rate": 0.06221877674760107, "random_state": 32}}
{"target": 45.76144456863403, "params": {"n_estimators": 51, "max_depth": 7, "learning_rate": 0.07445173581095102, "random_state": 32}}
{"target": 45.097951889038086, "params": {"n_estimators": 105, "max_depth": 6, "learning_rate": 0.04122170793742268, "random_state": 32}}
{"target": 45.133841037750244, "params": {"n_estimators": 704, "max_depth": 3, "learning_rate": 0.08804973040959099, "random_state": 32}}
{"target": 41.78556561470032, "params": {"n_estimators": 120, "max_depth": 3, "learning_rate": 0.05676634663771502, "random_state": 32}}
{"target": 45.0585812330246, "params": {"n_estimators": 36, "max_depth": 3, "learning_rate": 0.048601870026902326, "random_state": 32}}
{"target": 46.174524426460266, "params": {"n_estimators": 1944, "max_depth": 9, "learning_rate": 0.14037231187682717, "random_state": 32}}
{"target": 45.02606689929962, "params": {"n_estimators": 911, "max_depth": 3, "learning_rate": 0.05478754036641874, "random_state": 32}}
{"target": 44.5254772901535, "params": {"n_estimators": 832, "max_depth": 3, "learning_rate": 0.07322649223787256, "random_state": 32}}
{"target": 45.395293831825256, "params": {"n_estimators": 774, "max_depth": 3, "learning_rate": 0.08549272366794135, "random_state": 32}}
{"target": 42.50367283821106, "params": {"n_estimators": 51, "max_depth": 3, "learning_rate": 0.08043655991049653, "random_state": 32}}
{"target": 47.24206984043121, "params": {"n_estimators": 44, "max_depth": 7, "learning_rate": 0.04651122997325087, "random_state": 32}}
{"target": 48.267858028411865, "params": {"n_estimators": 27, "max_depth": 7, "learning_rate": 0.057972222802751466, "random_state": 32}}
{"target": 45.094565749168396, "params": {"n_estimators": 813, "max_depth": 3, "learning_rate": 0.06174018237095344, "random_state": 32}}
{"target": 44.32556986808777, "params": {"n_estimators": 652, "max_depth": 3, "learning_rate": 0.06482525393525776, "random_state": 32}}
{"target": 44.59554195404053, "params": {"n_estimators": 706, "max_depth": 3, "learning_rate": 0.06089074204622583, "random_state": 32}}
{"target": 52.47060298919678, "params": {"n_estimators": 10, "max_depth": 3, "learning_rate": 0.059729648949120494, "random_state": 32}}
{"target": 42.09921360015869, "params": {"n_estimators": 58, "max_depth": 3, "learning_rate": 0.11506652962030792, "random_state": 32}}
{"target": 45.26481807231903, "params": {"n_estimators": 982, "max_depth": 3, "learning_rate": 0.0612590899060456, "random_state": 32}}
{"target": 43.59658241271973, "params": {"n_estimators": 177, "max_depth": 3, "learning_rate": 0.11303926483788312, "random_state": 32}}
{"target": 43.4429395198822, "params": {"n_estimators": 108, "max_depth": 3, "learning_rate": 0.023949356374883244, "random_state": 32}}
{"target": 44.44076955318451, "params": {"n_estimators": 530, "max_depth": 3, "learning_rate": 0.060798978865953285, "random_state": 32}}
{"target": 42.77239263057709, "params": {"n_estimators": 288, "max_depth": 3, "learning_rate": 0.04654278975148987, "random_state": 32}}
{"target": 41.9926780462265, "params": {"n_estimators": 173, "max_depth": 3, "learning_rate": 0.04965572189562237, "random_state": 32}}
{"target": 46.87669575214386, "params": {"n_estimators": 35, "max_depth": 6, "learning_rate": 0.04780381654788903, "random_state": 32}}
{"target": 46.794655323028564, "params": {"n_estimators": 226, "max_depth": 13, "learning_rate": 0.10558601866381372, "random_state": 32}}
{"target": 46.8194305896759, "params": {"n_estimators": 27, "max_depth": 3, "learning_rate": 0.04857418909772202, "random_state": 32}}
{"target": 41.90885603427887, "params": {"n_estimators": 102, "max_depth": 3, "learning_rate": 0.06982443110368491, "random_state": 32}}
{"target": 46.66989326477051, "params": {"n_estimators": 429, "max_depth": 12, "learning_rate": 0.08679801669829623, "random_state": 32}}
{"target": 45.58900833129883, "params": {"n_estimators": 197, "max_depth": 7, "learning_rate": 0.1028350880109726, "random_state": 32}}
{"target": 46.45853579044342, "params": {"n_estimators": 173, "max_depth": 7, "learning_rate": 0.09082877359907068, "random_state": 32}}
{"target": 45.93577802181244, "params": {"n_estimators": 24, "max_depth": 6, "learning_rate": 0.09752199668204184, "random_state": 32}}
{"target": 45.92609167098999, "params": {"n_estimators": 786, "max_depth": 7, "learning_rate": 0.0391346591784891, "random_state": 32}}
{"target": 42.163556814193726, "params": {"n_estimators": 90, "max_depth": 3, "learning_rate": 0.0936136697498582, "random_state": 32}}
{"target": 45.82813560962677, "params": {"n_estimators": 700, "max_depth": 7, "learning_rate": 0.12081844713230741, "random_state": 32}}
{"target": 49.78012502193451, "params": {"n_estimators": 12, "max_depth": 5, "learning_rate": 0.07882993334632614, "random_state": 32}}
{"target": 44.5152348279953, "params": {"n_estimators": 910, "max_depth": 5, "learning_rate": 0.1116102392348518, "random_state": 32}}
{"target": 45.6894451379776, "params": {"n_estimators": 768, "max_depth": 3, "learning_rate": 0.11966538177748584, "random_state": 32}}
{"target": 44.363754987716675, "params": {"n_estimators": 981, "max_depth": 4, "learning_rate": 0.09733484052164174, "random_state": 32}}
{"target": 45.125874280929565, "params": {"n_estimators": 1139, "max_depth": 6, "learning_rate": 0.10135339940617828, "random_state": 32}}
{"target": 43.40445637702942, "params": {"n_estimators": 158, "max_depth": 3, "learning_rate": 0.10331256216744886, "random_state": 32}}
{"target": 46.402931809425354, "params": {"n_estimators": 897, "max_depth": 3, "learning_rate": 0.0927446338245575, "random_state": 32}}
{"target": 45.11909306049347, "params": {"n_estimators": 744, "max_depth": 3, "learning_rate": 0.05532557727329025, "random_state": 32}}
{"target": 43.2222580909729, "params": {"n_estimators": 59, "max_depth": 4, "learning_rate": 0.06207563944472937, "random_state": 32}}
{"target": 46.004836559295654, "params": {"n_estimators": 131, "max_depth": 7, "learning_rate": 0.0629212924542392, "random_state": 32}}
{"target": 42.36291706562042, "params": {"n_estimators": 128, "max_depth": 3, "learning_rate": 0.07912494104084655, "random_state": 32}}
{"target": 44.65476334095001, "params": {"n_estimators": 731, "max_depth": 3, "learning_rate": 0.05555428083068186, "random_state": 32}}
{"target": 46.83304250240326, "params": {"n_estimators": 1665, "max_depth": 22, "learning_rate": 0.2777872319777307, "random_state": 32}}
{"target": 57.38925337791443, "params": {"n_estimators": 18, "max_depth": 7, "learning_rate": 0.018100279610779865, "random_state": 32}}
{"target": 43.29096972942352, "params": {"n_estimators": 1688, "max_depth": 3, "learning_rate": 0.010614570679637609, "random_state": 32}}
{"target": 47.59073257446289, "params": {"n_estimators": 35, "max_depth": 6, "learning_rate": 0.042121067688806774, "random_state": 32}}
{"target": 44.44949567317963, "params": {"n_estimators": 925, "max_depth": 3, "learning_rate": 0.043429006634757475, "random_state": 32}}
{"target": 42.87387430667877, "params": {"n_estimators": 48, "max_depth": 3, "learning_rate": 0.0708256047067094, "random_state": 32}}
{"target": 47.45831489562988, "params": {"n_estimators": 2273, "max_depth": 13, "learning_rate": 0.05369193872417617, "random_state": 32}}
{"target": 45.153518319129944, "params": {"n_estimators": 550, "max_depth": 6, "learning_rate": 0.2909237443265802, "random_state": 32}}
