{"target": 45.76599955558777, "params": {"n_estimators": 1447, "max_depth": 7, "learning_rate": 0.0633028124086408, "random_state": 32}}
{"target": 46.85302257537842, "params": {"n_estimators": 4978, "max_depth": 29, "learning_rate": 0.044108861983446046, "random_state": 32}}
{"target": 43.08927774429321, "params": {"n_estimators": 37, "max_depth": 3, "learning_rate": 0.07378092779038327, "random_state": 32}}
{"target": 43.95265817642212, "params": {"n_estimators": 736, "max_depth": 3, "learning_rate": 0.04346019294921971, "random_state": 32}}
{"target": 47.473915219306946, "params": {"n_estimators": 17, "max_depth": 3, "learning_rate": 0.06897746838056798, "random_state": 32}}
{"target": 42.592573165893555, "params": {"n_estimators": 83, "max_depth": 3, "learning_rate": 0.04543205000115871, "random_state": 32}}
{"target": 45.98321616649628, "params": {"n_estimators": 634, "max_depth": 7, "learning_rate": 0.03913792623676242, "random_state": 32}}
{"target": 44.50952112674713, "params": {"n_estimators": 1339, "max_depth": 6, "learning_rate": 0.04641612345390371, "random_state": 32}}
{"target": 44.8946076631546, "params": {"n_estimators": 694, "max_depth": 6, "learning_rate": 0.02939780455131965, "random_state": 32}}
{"target": 42.58737325668335, "params": {"n_estimators": 102, "max_depth": 3, "learning_rate": 0.04187799812475173, "random_state": 32}}
{"target": 46.2934410572052, "params": {"n_estimators": 842, "max_depth": 8, "learning_rate": 0.036012845532788565, "random_state": 32}}
{"target": 46.72324478626251, "params": {"n_estimators": 963, "max_depth": 8, "learning_rate": 0.0445261415947146, "random_state": 32}}
{"target": 43.90179097652435, "params": {"n_estimators": 50, "max_depth": 3, "learning_rate": 0.044712525486104424, "random_state": 32}}
{"target": 46.34040594100952, "params": {"n_estimators": 687, "max_depth": 7, "learning_rate": 0.060689721685167286, "random_state": 32}}
{"target": 42.833092212677, "params": {"n_estimators": 1289, "max_depth": 3, "learning_rate": 0.010821563797189786, "random_state": 32}}
{"target": 49.888171553611755, "params": {"n_estimators": 84, "max_depth": 6, "learning_rate": 0.012714504463512761, "random_state": 32}}
{"target": 46.37927949428558, "params": {"n_estimators": 280, "max_depth": 7, "learning_rate": 0.010254347213135485, "random_state": 32}}
{"target": 42.108521461486816, "params": {"n_estimators": 53, "max_depth": 3, "learning_rate": 0.10636631934440421, "random_state": 32}}
{"target": 46.53799533843994, "params": {"n_estimators": 1383, "max_depth": 3, "learning_rate": 0.20533079163330448, "random_state": 32}}
{"target": 45.42896091938019, "params": {"n_estimators": 795, "max_depth": 7, "learning_rate": 0.05537670314057234, "random_state": 32}}
{"target": 49.92264747619629, "params": {"n_estimators": 28, "max_depth": 3, "learning_rate": 0.03058292762522649, "random_state": 32}}
{"target": 44.453977942466736, "params": {"n_estimators": 843, "max_depth": 3, "learning_rate": 0.05463177005146355, "random_state": 32}}
{"target": 44.16788160800934, "params": {"n_estimators": 30, "max_depth": 3, "learning_rate": 0.06704787743008231, "random_state": 32}}
{"target": 45.29942452907562, "params": {"n_estimators": 1482, "max_depth": 3, "learning_rate": 0.059412368997055306, "random_state": 32}}
{"target": 44.889692068099976, "params": {"n_estimators": 838, "max_depth": 3, "learning_rate": 0.0828441112638888, "random_state": 32}}
{"target": 46.57101631164551, "params": {"n_estimators": 33, "max_depth": 3, "learning_rate": 0.043265418782022724, "random_state": 32}}
{"target": 45.83642899990082, "params": {"n_estimators": 65, "max_depth": 8, "learning_rate": 0.07043066500725764, "random_state": 32}}
{"target": 47.12451756000519, "params": {"n_estimators": 4727, "max_depth": 22, "learning_rate": 0.0824282330475273, "random_state": 32}}
{"target": 50.51755964756012, "params": {"n_estimators": 19, "max_depth": 7, "learning_rate": 0.05522231533996505, "random_state": 32}}
{"target": 45.67681431770325, "params": {"n_estimators": 474, "max_depth": 7, "learning_rate": 0.06199609106567905, "random_state": 32}}
{"target": 46.00930869579315, "params": {"n_estimators": 1712, "max_depth": 3, "learning_rate": 0.07730537938694623, "random_state": 32}}
{"target": 44.122833609580994, "params": {"n_estimators": 687, "max_depth": 3, "learning_rate": 0.05464497830657955, "random_state": 32}}
{"target": 46.57171368598938, "params": {"n_estimators": 13, "max_depth": 3, "learning_rate": 0.10637171930561994, "random_state": 32}}
{"target": 53.10944139957428, "params": {"n_estimators": 23, "max_depth": 3, "learning_rate": 0.024065098573218563, "random_state": 32}}
{"target": 43.36961030960083, "params": {"n_estimators": 567, "max_depth": 3, "learning_rate": 0.043711507362864645, "random_state": 32}}
{"target": 45.88494896888733, "params": {"n_estimators": 726, "max_depth": 7, "learning_rate": 0.013002078553853902, "random_state": 32}}
{"target": 45.210272669792175, "params": {"n_estimators": 712, "max_depth": 6, "learning_rate": 0.01044169742686719, "random_state": 32}}
{"target": 44.97548520565033, "params": {"n_estimators": 1153, "max_depth": 6, "learning_rate": 0.011505390772018434, "random_state": 32}}
{"target": 41.97755813598633, "params": {"n_estimators": 725, "max_depth": 3, "learning_rate": 0.010742689015996988, "random_state": 32}}
{"target": 44.43272352218628, "params": {"n_estimators": 852, "max_depth": 3, "learning_rate": 0.03929633416243036, "random_state": 32}}
{"target": 43.78854691982269, "params": {"n_estimators": 44, "max_depth": 3, "learning_rate": 0.04915566330068781, "random_state": 32}}
{"target": 46.52912437915802, "params": {"n_estimators": 33, "max_depth": 7, "learning_rate": 0.07670528129230816, "random_state": 32}}
{"target": 42.39691972732544, "params": {"n_estimators": 946, "max_depth": 3, "learning_rate": 0.01156691755744763, "random_state": 32}}
{"target": 44.25785005092621, "params": {"n_estimators": 850, "max_depth": 6, "learning_rate": 0.05414849852671865, "random_state": 32}}
{"target": 45.90056121349335, "params": {"n_estimators": 3541, "max_depth": 26, "learning_rate": 0.13458165466179942, "random_state": 32}}
{"target": 47.813525795936584, "params": {"n_estimators": 22, "max_depth": 7, "learning_rate": 0.07346880707802673, "random_state": 32}}
{"target": 44.71762299537659, "params": {"n_estimators": 846, "max_depth": 3, "learning_rate": 0.06364170881588715, "random_state": 32}}
{"target": 44.15018439292908, "params": {"n_estimators": 684, "max_depth": 6, "learning_rate": 0.08298231544930068, "random_state": 32}}
{"target": 44.780316948890686, "params": {"n_estimators": 757, "max_depth": 6, "learning_rate": 0.09315284030792526, "random_state": 32}}
{"target": 45.322436690330505, "params": {"n_estimators": 721, "max_depth": 3, "learning_rate": 0.09750482484825336, "random_state": 32}}
{"target": 41.94275915622711, "params": {"n_estimators": 542, "max_depth": 3, "learning_rate": 0.012538340200195282, "random_state": 32}}
{"target": 47.94911980628967, "params": {"n_estimators": 15, "max_depth": 3, "learning_rate": 0.0728707082336762, "random_state": 32}}
{"target": 46.322166323661804, "params": {"n_estimators": 4342, "max_depth": 29, "learning_rate": 0.13499181806206623, "random_state": 32}}
{"target": 55.800979137420654, "params": {"n_estimators": 27, "max_depth": 12, "learning_rate": 0.018479089433441783, "random_state": 32}}
{"target": 44.1775506734848, "params": {"n_estimators": 909, "max_depth": 3, "learning_rate": 0.05273230047278035, "random_state": 32}}
{"target": 43.63057732582092, "params": {"n_estimators": 692, "max_depth": 3, "learning_rate": 0.04841801120340329, "random_state": 32}}
{"target": 55.73076903820038, "params": {"n_estimators": 12, "max_depth": 7, "learning_rate": 0.03775800734141871, "random_state": 32}}
{"target": 43.29150915145874, "params": {"n_estimators": 909, "max_depth": 3, "learning_rate": 0.021296129627447105, "random_state": 32}}
{"target": 44.59422707557678, "params": {"n_estimators": 809, "max_depth": 3, "learning_rate": 0.03742087101312726, "random_state": 32}}
{"target": 57.814584374427795, "params": {"n_estimators": 14, "max_depth": 3, "learning_rate": 0.018129852273369104, "random_state": 32}}
{"target": 46.0403847694397, "params": {"n_estimators": 151, "max_depth": 3, "learning_rate": 0.01020247337523373, "random_state": 32}}
{"target": 43.82578134536743, "params": {"n_estimators": 666, "max_depth": 3, "learning_rate": 0.045532603254823945, "random_state": 32}}
{"target": 46.703428626060486, "params": {"n_estimators": 4848, "max_depth": 30, "learning_rate": 0.2292170704455046, "random_state": 32}}
{"target": 45.98508656024933, "params": {"n_estimators": 22, "max_depth": 7, "learning_rate": 0.12204467387947304, "random_state": 32}}
{"target": 44.84562695026398, "params": {"n_estimators": 701, "max_depth": 6, "learning_rate": 0.03914592817777332, "random_state": 32}}
{"target": 42.71062731742859, "params": {"n_estimators": 1284, "max_depth": 3, "learning_rate": 0.01003160492237145, "random_state": 32}}
{"target": 45.84005951881409, "params": {"n_estimators": 646, "max_depth": 7, "learning_rate": 0.011118602278243404, "random_state": 32}}
{"target": 44.12959814071655, "params": {"n_estimators": 409, "max_depth": 3, "learning_rate": 0.08429496138605228, "random_state": 32}}
{"target": 42.29620575904846, "params": {"n_estimators": 81, "max_depth": 3, "learning_rate": 0.09574071753444577, "random_state": 32}}
{"target": 44.948880076408386, "params": {"n_estimators": 793, "max_depth": 3, "learning_rate": 0.08944708217065828, "random_state": 32}}
{"target": 46.41589820384979, "params": {"n_estimators": 746, "max_depth": 7, "learning_rate": 0.0926477731815808, "random_state": 32}}
{"target": 46.69577777385712, "params": {"n_estimators": 72, "max_depth": 8, "learning_rate": 0.06603205918002733, "random_state": 32}}
{"target": 44.823588132858276, "params": {"n_estimators": 84, "max_depth": 6, "learning_rate": 0.06429205120774545, "random_state": 32}}
{"target": 42.0538330078125, "params": {"n_estimators": 84, "max_depth": 3, "learning_rate": 0.06749030886258373, "random_state": 32}}
{"target": 42.0439749956131, "params": {"n_estimators": 619, "max_depth": 3, "learning_rate": 0.014332263282129866, "random_state": 32}}
{"target": 45.801894664764404, "params": {"n_estimators": 624, "max_depth": 8, "learning_rate": 0.08805875094999299, "random_state": 32}}
{"target": 43.39747667312622, "params": {"n_estimators": 510, "max_depth": 3, "learning_rate": 0.03908327845582235, "random_state": 32}}
{"target": 50.82271158695221, "params": {"n_estimators": 32, "max_depth": 6, "learning_rate": 0.02893636125604955, "random_state": 32}}
{"target": 47.037243247032166, "params": {"n_estimators": 3987, "max_depth": 12, "learning_rate": 0.11596317701578088, "random_state": 32}}
{"target": 45.87450921535492, "params": {"n_estimators": 405, "max_depth": 7, "learning_rate": 0.03745768900751989, "random_state": 32}}
{"target": 45.617331862449646, "params": {"n_estimators": 1926, "max_depth": 7, "learning_rate": 0.03498133031212035, "random_state": 32}}
{"target": 43.30745816230774, "params": {"n_estimators": 57, "max_depth": 3, "learning_rate": 0.046301658317384885, "random_state": 32}}
{"target": 46.16257071495056, "params": {"n_estimators": 4698, "max_depth": 8, "learning_rate": 0.08873488104173827, "random_state": 32}}
{"target": 44.81152534484863, "params": {"n_estimators": 748, "max_depth": 3, "learning_rate": 0.0583618050941353, "random_state": 32}}
{"target": 41.897884011268616, "params": {"n_estimators": 95, "max_depth": 3, "learning_rate": 0.08591468289375773, "random_state": 32}}
{"target": 46.02613091468811, "params": {"n_estimators": 46, "max_depth": 7, "learning_rate": 0.09605245784002352, "random_state": 32}}
{"target": 47.71539330482483, "params": {"n_estimators": 15, "max_depth": 5, "learning_rate": 0.08797359785287004, "random_state": 32}}
{"target": 46.064497232437134, "params": {"n_estimators": 1423, "max_depth": 7, "learning_rate": 0.011509507714266523, "random_state": 32}}
{"target": 42.41172194480896, "params": {"n_estimators": 128, "max_depth": 3, "learning_rate": 0.07859179616658604, "random_state": 32}}
{"target": 46.451610922813416, "params": {"n_estimators": 2031, "max_depth": 8, "learning_rate": 0.03244725789656584, "random_state": 32}}
{"target": 42.47931778430939, "params": {"n_estimators": 64, "max_depth": 3, "learning_rate": 0.14426762686096706, "random_state": 32}}
{"target": 45.992693305015564, "params": {"n_estimators": 536, "max_depth": 3, "learning_rate": 0.12307495351778142, "random_state": 32}}
{"target": 44.47116315364838, "params": {"n_estimators": 531, "max_depth": 5, "learning_rate": 0.14636255390417152, "random_state": 32}}
{"target": 45.342939496040344, "params": {"n_estimators": 770, "max_depth": 3, "learning_rate": 0.11725981962685034, "random_state": 32}}
{"target": 47.20831274986267, "params": {"n_estimators": 126, "max_depth": 3, "learning_rate": 0.010152417407541622, "random_state": 32}}
{"target": 45.573766231536865, "params": {"n_estimators": 731, "max_depth": 3, "learning_rate": 0.09320138074479978, "random_state": 32}}
{"target": 46.23461961746216, "params": {"n_estimators": 1426, "max_depth": 7, "learning_rate": 0.036793023462016086, "random_state": 32}}
{"target": 47.312936782836914, "params": {"n_estimators": 3694, "max_depth": 28, "learning_rate": 0.2617268392077739, "random_state": 32}}
{"target": 46.48404061794281, "params": {"n_estimators": 1030, "max_depth": 7, "learning_rate": 0.05349268264845468, "random_state": 32}}
{"target": 45.927653312683105, "params": {"n_estimators": 773, "max_depth": 7, "learning_rate": 0.06621774340712809, "random_state": 32}}
{"target": 44.582809805870056, "params": {"n_estimators": 556, "max_depth": 6, "learning_rate": 0.07616118456609396, "random_state": 32}}
{"target": 46.10040009021759, "params": {"n_estimators": 497, "max_depth": 7, "learning_rate": 0.04304042860358297, "random_state": 32}}
{"target": 42.49153792858124, "params": {"n_estimators": 1177, "max_depth": 3, "learning_rate": 0.010408410400696965, "random_state": 32}}
{"target": 44.76212501525879, "params": {"n_estimators": 797, "max_depth": 6, "learning_rate": 0.0422814784620347, "random_state": 32}}
{"target": 47.09245800971985, "params": {"n_estimators": 406, "max_depth": 12, "learning_rate": 0.05292244300977996, "random_state": 32}}
{"target": 42.24620819091797, "params": {"n_estimators": 73, "max_depth": 3, "learning_rate": 0.06030572204330511, "random_state": 32}}
{"target": 43.52458417415619, "params": {"n_estimators": 583, "max_depth": 3, "learning_rate": 0.05336216043740216, "random_state": 32}}
{"target": 51.41089141368866, "params": {"n_estimators": 21, "max_depth": 3, "learning_rate": 0.033295146249931185, "random_state": 32}}
{"target": 46.59807562828064, "params": {"n_estimators": 2725, "max_depth": 29, "learning_rate": 0.1592233414367953, "random_state": 32}}
{"target": 44.804566502571106, "params": {"n_estimators": 731, "max_depth": 3, "learning_rate": 0.0713051079205691, "random_state": 32}}
{"target": 47.30957388877869, "params": {"n_estimators": 4622, "max_depth": 11, "learning_rate": 0.27713757340927025, "random_state": 32}}
{"target": 44.47974383831024, "params": {"n_estimators": 570, "max_depth": 3, "learning_rate": 0.08057278079897359, "random_state": 32}}
{"target": 45.98921477794647, "params": {"n_estimators": 826, "max_depth": 3, "learning_rate": 0.0905790824252021, "random_state": 32}}
{"target": 45.158456563949585, "params": {"n_estimators": 650, "max_depth": 3, "learning_rate": 0.09763326833985074, "random_state": 32}}
{"target": 47.227938771247864, "params": {"n_estimators": 233, "max_depth": 8, "learning_rate": 0.010676822348331956, "random_state": 32}}
{"target": 44.70848858356476, "params": {"n_estimators": 47, "max_depth": 6, "learning_rate": 0.09050337749838563, "random_state": 32}}
{"target": 51.06637895107269, "params": {"n_estimators": 11, "max_depth": 8, "learning_rate": 0.08379347859375745, "random_state": 32}}
{"target": 44.682987332344055, "params": {"n_estimators": 666, "max_depth": 6, "learning_rate": 0.01335490113741393, "random_state": 32}}
{"target": 45.524431467056274, "params": {"n_estimators": 618, "max_depth": 7, "learning_rate": 0.03471298830255959, "random_state": 32}}
{"target": 42.173399925231934, "params": {"n_estimators": 813, "max_depth": 3, "learning_rate": 0.011530519044303484, "random_state": 32}}
{"target": 50.59757947921753, "params": {"n_estimators": 14, "max_depth": 5, "learning_rate": 0.06436227146922342, "random_state": 32}}
{"target": 46.874433755874634, "params": {"n_estimators": 646, "max_depth": 11, "learning_rate": 0.0101808739198349, "random_state": 32}}
{"target": 42.03466296195984, "params": {"n_estimators": 131, "max_depth": 3, "learning_rate": 0.06529631610840483, "random_state": 32}}
{"target": 49.57105100154877, "params": {"n_estimators": 56, "max_depth": 3, "learning_rate": 0.01618344747905793, "random_state": 32}}
{"target": 45.30845105648041, "params": {"n_estimators": 24, "max_depth": 5, "learning_rate": 0.09618272092991689, "random_state": 32}}
{"target": 45.703409910202026, "params": {"n_estimators": 1565, "max_depth": 3, "learning_rate": 0.0545395092799503, "random_state": 32}}
{"target": 47.112197279930115, "params": {"n_estimators": 1656, "max_depth": 17, "learning_rate": 0.15511189356570892, "random_state": 32}}
{"target": 42.459097504615784, "params": {"n_estimators": 850, "max_depth": 3, "learning_rate": 0.013346581428677742, "random_state": 32}}
{"target": 47.73206830024719, "params": {"n_estimators": 35, "max_depth": 8, "learning_rate": 0.05500359570435818, "random_state": 32}}
{"target": 44.20072257518768, "params": {"n_estimators": 24, "max_depth": 3, "learning_rate": 0.08530210288631682, "random_state": 32}}
{"target": 44.873692989349365, "params": {"n_estimators": 986, "max_depth": 6, "learning_rate": 0.012241805461018496, "random_state": 32}}
{"target": 42.478395104408264, "params": {"n_estimators": 912, "max_depth": 3, "learning_rate": 0.012716514454410795, "random_state": 32}}
{"target": 44.7078001499176, "params": {"n_estimators": 36, "max_depth": 3, "learning_rate": 0.05189887423888802, "random_state": 32}}
{"target": 43.51980686187744, "params": {"n_estimators": 582, "max_depth": 3, "learning_rate": 0.04526719279118707, "random_state": 32}}
{"target": 47.366995215415955, "params": {"n_estimators": 14, "max_depth": 3, "learning_rate": 0.08746362307120362, "random_state": 32}}
{"target": 51.90822422504425, "params": {"n_estimators": 64, "max_depth": 7, "learning_rate": 0.013348676826897901, "random_state": 32}}
{"target": 44.36700761318207, "params": {"n_estimators": 885, "max_depth": 3, "learning_rate": 0.04021885236801524, "random_state": 32}}
{"target": 43.58691096305847, "params": {"n_estimators": 793, "max_depth": 3, "learning_rate": 0.053162816169494954, "random_state": 32}}
{"target": 47.65960454940796, "params": {"n_estimators": 32, "max_depth": 6, "learning_rate": 0.045826842279306515, "random_state": 32}}
{"target": 44.36172842979431, "params": {"n_estimators": 623, "max_depth": 6, "learning_rate": 0.05271663234958564, "random_state": 32}}
{"target": 44.2449426651001, "params": {"n_estimators": 990, "max_depth": 3, "learning_rate": 0.04332179877560694, "random_state": 32}}
{"target": 46.377668380737305, "params": {"n_estimators": 632, "max_depth": 7, "learning_rate": 0.053113006884362296, "random_state": 32}}
{"target": 44.915401339530945, "params": {"n_estimators": 737, "max_depth": 6, "learning_rate": 0.07890887800401776, "random_state": 32}}
{"target": 44.116631746292114, "params": {"n_estimators": 545, "max_depth": 3, "learning_rate": 0.04726693364214353, "random_state": 32}}
{"target": 46.594685316085815, "params": {"n_estimators": 4816, "max_depth": 17, "learning_rate": 0.19896840614701072, "random_state": 32}}
{"target": 44.48036432266235, "params": {"n_estimators": 779, "max_depth": 3, "learning_rate": 0.04814442057090873, "random_state": 32}}
{"target": 47.20594644546509, "params": {"n_estimators": 4470, "max_depth": 21, "learning_rate": 0.15719102049004274, "random_state": 32}}
{"target": 43.27017068862915, "params": {"n_estimators": 73, "max_depth": 3, "learning_rate": 0.04317074478165323, "random_state": 32}}
{"target": 42.1598219871521, "params": {"n_estimators": 124, "max_depth": 3, "learning_rate": 0.08335608176850029, "random_state": 32}}
{"target": 45.34495830535889, "params": {"n_estimators": 307, "max_depth": 6, "learning_rate": 0.012533131133610213, "random_state": 32}}
{"target": 42.03033208847046, "params": {"n_estimators": 506, "max_depth": 3, "learning_rate": 0.011639527393705159, "random_state": 32}}
{"target": 42.06161677837372, "params": {"n_estimators": 126, "max_depth": 3, "learning_rate": 0.06654078625586604, "random_state": 32}}
{"target": 43.853365778923035, "params": {"n_estimators": 536, "max_depth": 3, "learning_rate": 0.04363120031496688, "random_state": 32}}
{"target": 47.003859877586365, "params": {"n_estimators": 41, "max_depth": 6, "learning_rate": 0.04149585029095225, "random_state": 32}}
{"target": 45.81249296665192, "params": {"n_estimators": 744, "max_depth": 7, "learning_rate": 0.06015828737114301, "random_state": 32}}
{"target": 52.00918674468994, "params": {"n_estimators": 60, "max_depth": 3, "learning_rate": 0.010896449554832517, "random_state": 32}}
{"target": 45.98870038986206, "params": {"n_estimators": 823, "max_depth": 7, "learning_rate": 0.010756969321151215, "random_state": 32}}
{"target": 45.806355476379395, "params": {"n_estimators": 1162, "max_depth": 7, "learning_rate": 0.10229615181217272, "random_state": 32}}
{"target": 45.82714557647705, "params": {"n_estimators": 91, "max_depth": 7, "learning_rate": 0.06966572539569632, "random_state": 32}}
{"target": 46.580631136894226, "params": {"n_estimators": 731, "max_depth": 7, "learning_rate": 0.09495560211531999, "random_state": 32}}
