{"target": 52.073994874954224, "params": {"n_estimators": 16, "max_depth": 7, "learning_rate": 0.050707764941990086, "random_state": 32}}
{"target": 44.57756280899048, "params": {"n_estimators": 566, "max_depth": 6, "learning_rate": 0.01087762005703681, "random_state": 32}}
{"target": 49.221948981285095, "params": {"n_estimators": 20, "max_depth": 3, "learning_rate": 0.04695753707191262, "random_state": 32}}
{"target": 44.566113352775574, "params": {"n_estimators": 1027, "max_depth": 3, "learning_rate": 0.04374182237247241, "random_state": 32}}
{"target": 44.74543213844299, "params": {"n_estimators": 599, "max_depth": 3, "learning_rate": 0.08494690770642542, "random_state": 32}}
{"target": 44.78248119354248, "params": {"n_estimators": 568, "max_depth": 6, "learning_rate": 0.08290064782434357, "random_state": 32}}
{"target": 44.08916234970093, "params": {"n_estimators": 524, "max_depth": 3, "learning_rate": 0.04975936234184634, "random_state": 32}}
{"target": 47.2588324546814, "params": {"n_estimators": 4934, "max_depth": 26, "learning_rate": 0.15834703454322951, "random_state": 32}}
{"target": 45.24428427219391, "params": {"n_estimators": 731, "max_depth": 6, "learning_rate": 0.07173773678242883, "random_state": 32}}
{"target": 46.172659397125244, "params": {"n_estimators": 675, "max_depth": 7, "learning_rate": 0.04450179195629163, "random_state": 32}}
{"target": 46.38098657131195, "params": {"n_estimators": 592, "max_depth": 7, "learning_rate": 0.04795270678513436, "random_state": 32}}
{"target": 44.960002303123474, "params": {"n_estimators": 516, "max_depth": 6, "learning_rate": 0.040677540294149925, "random_state": 32}}
{"target": 44.129077196121216, "params": {"n_estimators": 726, "max_depth": 3, "learning_rate": 0.04683877984023428, "random_state": 32}}
{"target": 45.049415826797485, "params": {"n_estimators": 1525, "max_depth": 3, "learning_rate": 0.051306293444406084, "random_state": 32}}
{"target": 46.36427879333496, "params": {"n_estimators": 1122, "max_depth": 3, "learning_rate": 0.09047346434962286, "random_state": 32}}
{"target": 45.88203310966492, "params": {"n_estimators": 36, "max_depth": 6, "learning_rate": 0.06165754925572545, "random_state": 32}}
{"target": 44.720733761787415, "params": {"n_estimators": 54, "max_depth": 6, "learning_rate": 0.094405407893252, "random_state": 32}}
{"target": 42.10336685180664, "params": {"n_estimators": 57, "max_depth": 3, "learning_rate": 0.1097307190058465, "random_state": 32}}
{"target": 45.809481143951416, "params": {"n_estimators": 1377, "max_depth": 3, "learning_rate": 0.10751773130551952, "random_state": 32}}
{"target": 55.34457564353943, "params": {"n_estimators": 17, "max_depth": 3, "learning_rate": 0.023296842383815873, "random_state": 32}}
{"target": 46.17855608463287, "params": {"n_estimators": 507, "max_depth": 7, "learning_rate": 0.08690576489307841, "random_state": 32}}
{"target": 44.78001832962036, "params": {"n_estimators": 21, "max_depth": 3, "learning_rate": 0.08746081663149835, "random_state": 32}}
{"target": 46.008049845695496, "params": {"n_estimators": 38, "max_depth": 8, "learning_rate": 0.11727448936681152, "random_state": 32}}
{"target": 45.52697777748108, "params": {"n_estimators": 585, "max_depth": 7, "learning_rate": 0.12586373305773424, "random_state": 32}}
{"target": 45.52440822124481, "params": {"n_estimators": 1086, "max_depth": 7, "learning_rate": 0.012883007409398519, "random_state": 32}}
{"target": 56.0807991027832, "params": {"n_estimators": 18, "max_depth": 3, "learning_rate": 0.019562261615845733, "random_state": 32}}
{"target": 46.312164664268494, "params": {"n_estimators": 1506, "max_depth": 10, "learning_rate": 0.07830042929771681, "random_state": 32}}
{"target": 45.16463577747345, "params": {"n_estimators": 731, "max_depth": 3, "learning_rate": 0.06865737911092036, "random_state": 32}}
{"target": 45.070375204086304, "params": {"n_estimators": 1237, "max_depth": 3, "learning_rate": 0.052835361352460135, "random_state": 32}}
{"target": 58.424474596977234, "params": {"n_estimators": 22, "max_depth": 3, "learning_rate": 0.010073884501106335, "random_state": 32}}
{"target": 43.36757838726044, "params": {"n_estimators": 442, "max_depth": 3, "learning_rate": 0.04625101921016364, "random_state": 32}}
{"target": 43.46500337123871, "params": {"n_estimators": 43, "max_depth": 3, "learning_rate": 0.05618998505606108, "random_state": 32}}
{"target": 44.92720603942871, "params": {"n_estimators": 1238, "max_depth": 6, "learning_rate": 0.010146729427051821, "random_state": 32}}
{"target": 43.262237906455994, "params": {"n_estimators": 1544, "max_depth": 3, "learning_rate": 0.011020981095588528, "random_state": 32}}
{"target": 46.579649448394775, "params": {"n_estimators": 234, "max_depth": 13, "learning_rate": 0.24989408347118064, "random_state": 32}}
{"target": 45.30389487743378, "params": {"n_estimators": 35, "max_depth": 6, "learning_rate": 0.06753997760726412, "random_state": 32}}
{"target": 44.45704936981201, "params": {"n_estimators": 730, "max_depth": 3, "learning_rate": 0.06260291759862621, "random_state": 32}}
{"target": 45.86208879947662, "params": {"n_estimators": 497, "max_depth": 7, "learning_rate": 0.10762203825546851, "random_state": 32}}
{"target": 44.02178227901459, "params": {"n_estimators": 3440, "max_depth": 4, "learning_rate": 0.25128005199921377, "random_state": 32}}
{"target": 46.805943846702576, "params": {"n_estimators": 577, "max_depth": 11, "learning_rate": 0.06595196220921995, "random_state": 32}}
{"target": 44.57712948322296, "params": {"n_estimators": 750, "max_depth": 6, "learning_rate": 0.044459078377536605, "random_state": 32}}
{"target": 45.824196338653564, "params": {"n_estimators": 226, "max_depth": 6, "learning_rate": 0.01018815658484295, "random_state": 32}}
{"target": 43.534167408943176, "params": {"n_estimators": 82, "max_depth": 3, "learning_rate": 0.14308898686236401, "random_state": 32}}
{"target": 44.85655665397644, "params": {"n_estimators": 759, "max_depth": 6, "learning_rate": 0.012403393898514248, "random_state": 32}}
{"target": 49.98032331466675, "params": {"n_estimators": 20, "max_depth": 6, "learning_rate": 0.050931586822132696, "random_state": 32}}
{"target": 43.31970393657684, "params": {"n_estimators": 1366, "max_depth": 3, "learning_rate": 0.0135410857424959, "random_state": 32}}
{"target": 44.5215904712677, "params": {"n_estimators": 16, "max_depth": 3, "learning_rate": 0.12068500569788454, "random_state": 32}}
{"target": 43.308844566345215, "params": {"n_estimators": 488, "max_depth": 3, "learning_rate": 0.039107533792089366, "random_state": 32}}
{"target": 45.73793888092041, "params": {"n_estimators": 605, "max_depth": 7, "learning_rate": 0.012415453041808591, "random_state": 32}}
{"target": 45.080055594444275, "params": {"n_estimators": 574, "max_depth": 3, "learning_rate": 0.0698714318927168, "random_state": 32}}
{"target": 46.1429637670517, "params": {"n_estimators": 4935, "max_depth": 9, "learning_rate": 0.1988572366433457, "random_state": 32}}
{"target": 44.338982701301575, "params": {"n_estimators": 520, "max_depth": 6, "learning_rate": 0.04773288565028232, "random_state": 32}}
{"target": 45.4197633266449, "params": {"n_estimators": 51, "max_depth": 7, "learning_rate": 0.10150623930648625, "random_state": 32}}
{"target": 45.38731634616852, "params": {"n_estimators": 579, "max_depth": 3, "learning_rate": 0.10650638955033552, "random_state": 32}}
{"target": 44.3491530418396, "params": {"n_estimators": 616, "max_depth": 3, "learning_rate": 0.061069495716870176, "random_state": 32}}
{"target": 47.901272773742676, "params": {"n_estimators": 28, "max_depth": 6, "learning_rate": 0.049689720519857886, "random_state": 32}}
{"target": 44.38218414783478, "params": {"n_estimators": 686, "max_depth": 6, "learning_rate": 0.046409445844093344, "random_state": 32}}
{"target": 45.23898243904114, "params": {"n_estimators": 19, "max_depth": 3, "learning_rate": 0.08855372617518344, "random_state": 32}}
{"target": 43.555312752723694, "params": {"n_estimators": 650, "max_depth": 3, "learning_rate": 0.03174958798995438, "random_state": 32}}
{"target": 44.31739807128906, "params": {"n_estimators": 552, "max_depth": 3, "learning_rate": 0.08980745494075044, "random_state": 32}}
{"target": 44.70805287361145, "params": {"n_estimators": 630, "max_depth": 3, "learning_rate": 0.07097693443507984, "random_state": 32}}
{"target": 42.54838705062866, "params": {"n_estimators": 368, "max_depth": 3, "learning_rate": 0.011270116630279228, "random_state": 32}}
{"target": 44.27509546279907, "params": {"n_estimators": 789, "max_depth": 6, "learning_rate": 0.04358472118112441, "random_state": 32}}
{"target": 44.43530201911926, "params": {"n_estimators": 46, "max_depth": 6, "learning_rate": 0.10704092505148441, "random_state": 32}}
{"target": 44.38778638839722, "params": {"n_estimators": 1357, "max_depth": 6, "learning_rate": 0.06411679469238306, "random_state": 32}}
{"target": 44.7258996963501, "params": {"n_estimators": 1074, "max_depth": 3, "learning_rate": 0.043273901756621186, "random_state": 32}}
{"target": 44.83076274394989, "params": {"n_estimators": 617, "max_depth": 6, "learning_rate": 0.042622301725486325, "random_state": 32}}
{"target": 42.50687301158905, "params": {"n_estimators": 1099, "max_depth": 3, "learning_rate": 0.010978671356871642, "random_state": 32}}
{"target": 44.43498075008392, "params": {"n_estimators": 572, "max_depth": 6, "learning_rate": 0.08121809161013362, "random_state": 32}}
{"target": 44.154614210128784, "params": {"n_estimators": 439, "max_depth": 3, "learning_rate": 0.062133073711167885, "random_state": 32}}
{"target": 43.81266176700592, "params": {"n_estimators": 62, "max_depth": 6, "learning_rate": 0.08047996068065466, "random_state": 32}}
{"target": 47.268109917640686, "params": {"n_estimators": 4227, "max_depth": 30, "learning_rate": 0.013952317270541359, "random_state": 32}}
{"target": 42.09042549133301, "params": {"n_estimators": 476, "max_depth": 3, "learning_rate": 0.011217888433219265, "random_state": 32}}
{"target": 43.72787952423096, "params": {"n_estimators": 515, "max_depth": 3, "learning_rate": 0.04594887509268465, "random_state": 32}}
{"target": 42.15565264225006, "params": {"n_estimators": 476, "max_depth": 3, "learning_rate": 0.01099500802341636, "random_state": 32}}
{"target": 42.10099279880524, "params": {"n_estimators": 781, "max_depth": 3, "learning_rate": 0.010093436689262634, "random_state": 32}}
{"target": 43.07442545890808, "params": {"n_estimators": 36, "max_depth": 3, "learning_rate": 0.08320295517383865, "random_state": 32}}
{"target": 46.300288438797, "params": {"n_estimators": 664, "max_depth": 7, "learning_rate": 0.08582378320429024, "random_state": 32}}
{"target": 52.08665370941162, "params": {"n_estimators": 10, "max_depth": 9, "learning_rate": 0.09050587792948117, "random_state": 32}}
{"target": 59.83637571334839, "params": {"n_estimators": 13, "max_depth": 5, "learning_rate": 0.01326326956766299, "random_state": 32}}
{"target": 45.927554965019226, "params": {"n_estimators": 245, "max_depth": 7, "learning_rate": 0.015446577957971797, "random_state": 32}}
{"target": 44.6777069568634, "params": {"n_estimators": 52, "max_depth": 6, "learning_rate": 0.09366303213514975, "random_state": 32}}
{"target": 46.88316464424133, "params": {"n_estimators": 212, "max_depth": 11, "learning_rate": 0.049832405036339546, "random_state": 32}}
{"target": 43.6634224653244, "params": {"n_estimators": 589, "max_depth": 3, "learning_rate": 0.04013221525207961, "random_state": 32}}
{"target": 44.124603271484375, "params": {"n_estimators": 106, "max_depth": 3, "learning_rate": 0.18789323392738178, "random_state": 32}}
{"target": 42.47424125671387, "params": {"n_estimators": 57, "max_depth": 3, "learning_rate": 0.07121154839270817, "random_state": 32}}
{"target": 46.45169258117676, "params": {"n_estimators": 55, "max_depth": 6, "learning_rate": 0.03470982260848207, "random_state": 32}}
{"target": 47.35802173614502, "params": {"n_estimators": 4212, "max_depth": 26, "learning_rate": 0.2023509385743654, "random_state": 32}}
{"target": 45.56105077266693, "params": {"n_estimators": 1029, "max_depth": 3, "learning_rate": 0.07957379976746594, "random_state": 32}}
{"target": 44.79702353477478, "params": {"n_estimators": 644, "max_depth": 6, "learning_rate": 0.04980040828437926, "random_state": 32}}
{"target": 54.346163272857666, "params": {"n_estimators": 52, "max_depth": 9, "learning_rate": 0.012047616954654457, "random_state": 32}}
{"target": 46.31308972835541, "params": {"n_estimators": 171, "max_depth": 8, "learning_rate": 0.16904634526560908, "random_state": 32}}
{"target": 45.9189236164093, "params": {"n_estimators": 456, "max_depth": 8, "learning_rate": 0.1789888796782549, "random_state": 32}}
{"target": 47.197837829589844, "params": {"n_estimators": 1526, "max_depth": 11, "learning_rate": 0.02589684623780366, "random_state": 32}}
{"target": 46.19554877281189, "params": {"n_estimators": 1329, "max_depth": 8, "learning_rate": 0.041610641317139374, "random_state": 32}}
{"target": 43.8934600353241, "params": {"n_estimators": 41, "max_depth": 3, "learning_rate": 0.05406575374200745, "random_state": 32}}
{"target": 45.222896337509155, "params": {"n_estimators": 872, "max_depth": 3, "learning_rate": 0.13553261741123815, "random_state": 32}}
{"target": 45.04943013191223, "params": {"n_estimators": 4236, "max_depth": 6, "learning_rate": 0.0115869781857742, "random_state": 32}}
{"target": 45.302242040634155, "params": {"n_estimators": 627, "max_depth": 3, "learning_rate": 0.0943040669981002, "random_state": 32}}
{"target": 46.33127748966217, "params": {"n_estimators": 1741, "max_depth": 10, "learning_rate": 0.022412278765955918, "random_state": 32}}
{"target": 44.460137486457825, "params": {"n_estimators": 1196, "max_depth": 6, "learning_rate": 0.04542557625064732, "random_state": 32}}
{"target": 44.66201186180115, "params": {"n_estimators": 1166, "max_depth": 6, "learning_rate": 0.0736805841629267, "random_state": 32}}
{"target": 44.68322932720184, "params": {"n_estimators": 33, "max_depth": 3, "learning_rate": 0.05745385960697878, "random_state": 32}}
{"target": 42.698310017585754, "params": {"n_estimators": 49, "max_depth": 3, "learning_rate": 0.1154995560274345, "random_state": 32}}
{"target": 44.23307657241821, "params": {"n_estimators": 887, "max_depth": 3, "learning_rate": 0.05272728776134897, "random_state": 32}}
{"target": 54.09030854701996, "params": {"n_estimators": 12, "max_depth": 6, "learning_rate": 0.04632464879624678, "random_state": 32}}
{"target": 42.312469482421875, "params": {"n_estimators": 731, "max_depth": 3, "learning_rate": 0.01258422138393405, "random_state": 32}}
{"target": 45.90368866920471, "params": {"n_estimators": 688, "max_depth": 7, "learning_rate": 0.09173651302671351, "random_state": 32}}
{"target": 44.44580554962158, "params": {"n_estimators": 1122, "max_depth": 3, "learning_rate": 0.041079246679961656, "random_state": 32}}
{"target": 45.923267006874084, "params": {"n_estimators": 20, "max_depth": 3, "learning_rate": 0.0750546327751401, "random_state": 32}}
{"target": 49.16676580905914, "params": {"n_estimators": 12, "max_depth": 3, "learning_rate": 0.07721490123646105, "random_state": 32}}
{"target": 54.56255495548248, "params": {"n_estimators": 12, "max_depth": 6, "learning_rate": 0.04377456126421324, "random_state": 32}}
{"target": 43.44205558300018, "params": {"n_estimators": 228, "max_depth": 3, "learning_rate": 0.011320934171844897, "random_state": 32}}
{"target": 43.37182104587555, "params": {"n_estimators": 626, "max_depth": 3, "learning_rate": 0.03981336260246794, "random_state": 32}}
{"target": 45.036688446998596, "params": {"n_estimators": 959, "max_depth": 3, "learning_rate": 0.046863364917503786, "random_state": 32}}
{"target": 46.44249677658081, "params": {"n_estimators": 695, "max_depth": 10, "learning_rate": 0.06754108803415049, "random_state": 32}}
{"target": 45.044607520103455, "params": {"n_estimators": 472, "max_depth": 6, "learning_rate": 0.10000480305337199, "random_state": 32}}
{"target": 46.62324845790863, "params": {"n_estimators": 2734, "max_depth": 8, "learning_rate": 0.11702530651457119, "random_state": 32}}
{"target": 45.62256574630737, "params": {"n_estimators": 18, "max_depth": 3, "learning_rate": 0.0861003890073759, "random_state": 32}}
{"target": 44.91692900657654, "params": {"n_estimators": 773, "max_depth": 6, "learning_rate": 0.11881373835690781, "random_state": 32}}
{"target": 44.439629316329956, "params": {"n_estimators": 506, "max_depth": 6, "learning_rate": 0.049979607988427446, "random_state": 32}}
{"target": 44.88803148269653, "params": {"n_estimators": 852, "max_depth": 6, "learning_rate": 0.09114348929982383, "random_state": 32}}
{"target": 42.8575873374939, "params": {"n_estimators": 1366, "max_depth": 3, "learning_rate": 0.01003815747593491, "random_state": 32}}
{"target": 52.61327087879181, "params": {"n_estimators": 13, "max_depth": 7, "learning_rate": 0.05808686443017287, "random_state": 32}}
{"target": 42.03079164028168, "params": {"n_estimators": 752, "max_depth": 3, "learning_rate": 0.01007397195548106, "random_state": 32}}
{"target": 42.63392090797424, "params": {"n_estimators": 98, "max_depth": 3, "learning_rate": 0.03877830972964394, "random_state": 32}}
{"target": 45.83743333816528, "params": {"n_estimators": 976, "max_depth": 7, "learning_rate": 0.012525268662260506, "random_state": 32}}
{"target": 45.87619364261627, "params": {"n_estimators": 1146, "max_depth": 7, "learning_rate": 0.01297591999930267, "random_state": 32}}
{"target": 46.570197343826294, "params": {"n_estimators": 849, "max_depth": 8, "learning_rate": 0.012275727370647742, "random_state": 32}}
{"target": 45.26273012161255, "params": {"n_estimators": 313, "max_depth": 6, "learning_rate": 0.010439758994618763, "random_state": 32}}
{"target": 45.36207556724548, "params": {"n_estimators": 535, "max_depth": 3, "learning_rate": 0.09469795737837189, "random_state": 32}}
{"target": 46.42118692398071, "params": {"n_estimators": 745, "max_depth": 8, "learning_rate": 0.010604909547769839, "random_state": 32}}
{"target": 46.308391094207764, "params": {"n_estimators": 776, "max_depth": 3, "learning_rate": 0.10922898228502953, "random_state": 32}}
{"target": 46.33921027183533, "params": {"n_estimators": 21, "max_depth": 6, "learning_rate": 0.09564480312877863, "random_state": 32}}
{"target": 42.92803466320038, "params": {"n_estimators": 331, "max_depth": 3, "learning_rate": 0.04612532330633315, "random_state": 32}}
{"target": 44.68861103057861, "params": {"n_estimators": 594, "max_depth": 5, "learning_rate": 0.05090610299792907, "random_state": 32}}
{"target": 49.042125940322876, "params": {"n_estimators": 14, "max_depth": 7, "learning_rate": 0.09237922412003624, "random_state": 32}}
{"target": 46.23489022254944, "params": {"n_estimators": 964, "max_depth": 10, "learning_rate": 0.013961785615094308, "random_state": 32}}
{"target": 44.937976002693176, "params": {"n_estimators": 637, "max_depth": 6, "learning_rate": 0.044282005199309596, "random_state": 32}}
{"target": 55.661471486091614, "params": {"n_estimators": 10, "max_depth": 3, "learning_rate": 0.03747391139164015, "random_state": 32}}
{"target": 44.475690722465515, "params": {"n_estimators": 530, "max_depth": 6, "learning_rate": 0.1240740583902688, "random_state": 32}}
{"target": 44.62233901023865, "params": {"n_estimators": 495, "max_depth": 6, "learning_rate": 0.08334545323571935, "random_state": 32}}
{"target": 45.123470425605774, "params": {"n_estimators": 682, "max_depth": 3, "learning_rate": 0.06759892355817947, "random_state": 32}}
{"target": 43.706339597702026, "params": {"n_estimators": 552, "max_depth": 3, "learning_rate": 0.058484839733455835, "random_state": 32}}
{"target": 44.76978003978729, "params": {"n_estimators": 957, "max_depth": 6, "learning_rate": 0.06169040155366362, "random_state": 32}}
{"target": 45.717586278915405, "params": {"n_estimators": 1416, "max_depth": 3, "learning_rate": 0.09121891758047704, "random_state": 32}}
{"target": 45.057464838027954, "params": {"n_estimators": 477, "max_depth": 6, "learning_rate": 0.054602281238484304, "random_state": 32}}
{"target": 44.56800699234009, "params": {"n_estimators": 507, "max_depth": 6, "learning_rate": 0.04738923576972769, "random_state": 32}}
{"target": 44.426929354667664, "params": {"n_estimators": 534, "max_depth": 3, "learning_rate": 0.07528113763133093, "random_state": 32}}
{"target": 43.79449248313904, "params": {"n_estimators": 496, "max_depth": 3, "learning_rate": 0.0599101867884474, "random_state": 32}}
{"target": 47.782360911369324, "params": {"n_estimators": 35, "max_depth": 3, "learning_rate": 0.03330152282009359, "random_state": 32}}
{"target": 46.589030623435974, "params": {"n_estimators": 2574, "max_depth": 28, "learning_rate": 0.10545187775882107, "random_state": 32}}
{"target": 44.916465282440186, "params": {"n_estimators": 593, "max_depth": 3, "learning_rate": 0.11422785033955538, "random_state": 32}}
{"target": 55.76960027217865, "params": {"n_estimators": 10, "max_depth": 12, "learning_rate": 0.04896196939987036, "random_state": 32}}
{"target": 44.40751791000366, "params": {"n_estimators": 944, "max_depth": 3, "learning_rate": 0.04292873021514242, "random_state": 32}}
{"target": 43.63632142543793, "params": {"n_estimators": 38, "max_depth": 3, "learning_rate": 0.06170812533128885, "random_state": 32}}
{"target": 46.22835159301758, "params": {"n_estimators": 286, "max_depth": 10, "learning_rate": 0.04649551393554938, "random_state": 32}}
{"target": 45.73004066944122, "params": {"n_estimators": 483, "max_depth": 7, "learning_rate": 0.06738199706693336, "random_state": 32}}
{"target": 44.7528201341629, "params": {"n_estimators": 114, "max_depth": 6, "learning_rate": 0.14115676949677916, "random_state": 32}}
{"target": 44.482752084732056, "params": {"n_estimators": 524, "max_depth": 6, "learning_rate": 0.0479432220124351, "random_state": 32}}
