{"target": 45.77739477157593, "params": {"n_estimators": 768, "max_depth": 7, "learning_rate": 0.06418926705836428, "random_state": 32}}
{"target": 42.55561172962189, "params": {"n_estimators": 60, "max_depth": 3, "learning_rate": 0.07176544285392927, "random_state": 32}}
{"target": 42.841432094573975, "params": {"n_estimators": 640, "max_depth": 3, "learning_rate": 0.02200873941538838, "random_state": 32}}
{"target": 42.60466277599335, "params": {"n_estimators": 1006, "max_depth": 3, "learning_rate": 0.013469899707346694, "random_state": 32}}
{"target": 42.47387766838074, "params": {"n_estimators": 554, "max_depth": 3, "learning_rate": 0.019314804389350737, "random_state": 32}}
{"target": 43.647616505622864, "params": {"n_estimators": 407, "max_depth": 3, "learning_rate": 0.05454615657901093, "random_state": 32}}
{"target": 42.76466727256775, "params": {"n_estimators": 83, "max_depth": 3, "learning_rate": 0.143983342962883, "random_state": 32}}
{"target": 45.4630970954895, "params": {"n_estimators": 913, "max_depth": 3, "learning_rate": 0.06069987972212954, "random_state": 32}}
{"target": 46.006391644477844, "params": {"n_estimators": 674, "max_depth": 8, "learning_rate": 0.010535502992440625, "random_state": 32}}
{"target": 43.539273738861084, "params": {"n_estimators": 635, "max_depth": 3, "learning_rate": 0.05315458356868457, "random_state": 32}}
{"target": 46.180604696273804, "params": {"n_estimators": 706, "max_depth": 7, "learning_rate": 0.01130172154893765, "random_state": 32}}
{"target": 42.07723379135132, "params": {"n_estimators": 189, "max_depth": 3, "learning_rate": 0.029385491676448414, "random_state": 32}}
{"target": 42.0181530714035, "params": {"n_estimators": 418, "max_depth": 3, "learning_rate": 0.013720199581384804, "random_state": 32}}
{"target": 51.97946012020111, "params": {"n_estimators": 48, "max_depth": 3, "learning_rate": 0.013608734649188882, "random_state": 32}}
{"target": 46.54106676578522, "params": {"n_estimators": 2281, "max_depth": 27, "learning_rate": 0.19627606271320394, "random_state": 32}}
{"target": 42.93294131755829, "params": {"n_estimators": 173, "max_depth": 3, "learning_rate": 0.019838687771789293, "random_state": 32}}
{"target": 46.366297006607056, "params": {"n_estimators": 476, "max_depth": 8, "learning_rate": 0.01136382665340744, "random_state": 32}}
{"target": 54.108147621154785, "params": {"n_estimators": 14, "max_depth": 7, "learning_rate": 0.042441141508794425, "random_state": 32}}
{"target": 46.0278594493866, "params": {"n_estimators": 144, "max_depth": 7, "learning_rate": 0.04731092123473738, "random_state": 32}}
{"target": 46.759745478630066, "params": {"n_estimators": 36, "max_depth": 3, "learning_rate": 0.037639909892167284, "random_state": 32}}
{"target": 45.92608690261841, "params": {"n_estimators": 163, "max_depth": 7, "learning_rate": 0.029210327951594738, "random_state": 32}}
{"target": 42.11670160293579, "params": {"n_estimators": 548, "max_depth": 3, "learning_rate": 0.016647729788725387, "random_state": 32}}
{"target": 41.98439061641693, "params": {"n_estimators": 473, "max_depth": 3, "learning_rate": 0.012376120179739176, "random_state": 32}}
{"target": 42.71422982215881, "params": {"n_estimators": 159, "max_depth": 3, "learning_rate": 0.023259934170143708, "random_state": 32}}
{"target": 42.95410692691803, "params": {"n_estimators": 626, "max_depth": 4, "learning_rate": 0.010233292666282421, "random_state": 32}}
{"target": 47.33574032783508, "params": {"n_estimators": 271, "max_depth": 22, "learning_rate": 0.26162767220744954, "random_state": 32}}
{"target": 43.10089826583862, "params": {"n_estimators": 734, "max_depth": 3, "learning_rate": 0.023365378533164557, "random_state": 32}}
{"target": 42.34712541103363, "params": {"n_estimators": 924, "max_depth": 3, "learning_rate": 0.01227418668719285, "random_state": 32}}
{"target": 44.82551038265228, "params": {"n_estimators": 746, "max_depth": 6, "learning_rate": 0.01159998290193254, "random_state": 32}}
{"target": 43.04768204689026, "params": {"n_estimators": 907, "max_depth": 3, "learning_rate": 0.0187096145771231, "random_state": 32}}
{"target": 44.03300762176514, "params": {"n_estimators": 1354, "max_depth": 4, "learning_rate": 0.013256170232142346, "random_state": 32}}
{"target": 43.43650281429291, "params": {"n_estimators": 984, "max_depth": 4, "learning_rate": 0.01213512952396191, "random_state": 32}}
{"target": 55.78289747238159, "params": {"n_estimators": 23, "max_depth": 3, "learning_rate": 0.016167268677457988, "random_state": 32}}
{"target": 43.434409499168396, "params": {"n_estimators": 887, "max_depth": 4, "learning_rate": 0.014311142021933055, "random_state": 32}}
{"target": 45.89956760406494, "params": {"n_estimators": 1187, "max_depth": 7, "learning_rate": 0.01154536441816596, "random_state": 32}}
{"target": 57.346351146698, "params": {"n_estimators": 28, "max_depth": 5, "learning_rate": 0.011270706108063867, "random_state": 32}}
{"target": 45.06243586540222, "params": {"n_estimators": 894, "max_depth": 6, "learning_rate": 0.010569067797940635, "random_state": 32}}
{"target": 44.85465347766876, "params": {"n_estimators": 1186, "max_depth": 6, "learning_rate": 0.05515381971872516, "random_state": 32}}
{"target": 46.1750465631485, "params": {"n_estimators": 990, "max_depth": 7, "learning_rate": 0.05909542402060702, "random_state": 32}}
{"target": 42.32920169830322, "params": {"n_estimators": 841, "max_depth": 3, "learning_rate": 0.013365140139974052, "random_state": 32}}
{"target": 41.94394826889038, "params": {"n_estimators": 499, "max_depth": 3, "learning_rate": 0.015527354748345698, "random_state": 32}}
{"target": 45.13136804103851, "params": {"n_estimators": 875, "max_depth": 6, "learning_rate": 0.05064904432936247, "random_state": 32}}
{"target": 45.194536447525024, "params": {"n_estimators": 1223, "max_depth": 3, "learning_rate": 0.057275055299363456, "random_state": 32}}
{"target": 42.574185729026794, "params": {"n_estimators": 628, "max_depth": 3, "learning_rate": 0.019091264536006083, "random_state": 32}}
{"target": 44.32116985321045, "params": {"n_estimators": 772, "max_depth": 3, "learning_rate": 0.052845855507091026, "random_state": 32}}
{"target": 44.94089901447296, "params": {"n_estimators": 725, "max_depth": 3, "learning_rate": 0.05497163522544109, "random_state": 32}}
{"target": 42.23825454711914, "params": {"n_estimators": 389, "max_depth": 3, "learning_rate": 0.012004201270857414, "random_state": 32}}
{"target": 42.41992115974426, "params": {"n_estimators": 826, "max_depth": 3, "learning_rate": 0.014227500467080937, "random_state": 32}}
{"target": 42.54426300525665, "params": {"n_estimators": 694, "max_depth": 3, "learning_rate": 0.017763301993650164, "random_state": 32}}
{"target": 49.347551465034485, "params": {"n_estimators": 61, "max_depth": 8, "learning_rate": 0.023790058315754543, "random_state": 32}}
{"target": 42.32664406299591, "params": {"n_estimators": 406, "max_depth": 3, "learning_rate": 0.011367515399166628, "random_state": 32}}
{"target": 46.540842056274414, "params": {"n_estimators": 26, "max_depth": 6, "learning_rate": 0.06919134957894457, "random_state": 32}}
{"target": 43.93940269947052, "params": {"n_estimators": 395, "max_depth": 3, "learning_rate": 0.06967565380324672, "random_state": 32}}
{"target": 41.877084374427795, "params": {"n_estimators": 117, "max_depth": 3, "learning_rate": 0.054549635815024256, "random_state": 32}}
{"target": 43.10513734817505, "params": {"n_estimators": 154, "max_depth": 3, "learning_rate": 0.080072633500889, "random_state": 32}}
{"target": 47.65519678592682, "params": {"n_estimators": 3371, "max_depth": 11, "learning_rate": 0.2824773920340302, "random_state": 32}}
{"target": 44.63349401950836, "params": {"n_estimators": 786, "max_depth": 3, "learning_rate": 0.06101355135973775, "random_state": 32}}
{"target": 50.9416788816452, "params": {"n_estimators": 42, "max_depth": 3, "learning_rate": 0.01793199877909266, "random_state": 32}}
{"target": 47.08230435848236, "params": {"n_estimators": 4282, "max_depth": 15, "learning_rate": 0.08107764035680386, "random_state": 32}}
{"target": 41.88827157020569, "params": {"n_estimators": 117, "max_depth": 3, "learning_rate": 0.06078856285846211, "random_state": 32}}
{"target": 46.0222601890564, "params": {"n_estimators": 258, "max_depth": 7, "learning_rate": 0.06809217409295948, "random_state": 32}}
{"target": 46.02453291416168, "params": {"n_estimators": 282, "max_depth": 7, "learning_rate": 0.07805896348983135, "random_state": 32}}
{"target": 44.32523846626282, "params": {"n_estimators": 91, "max_depth": 6, "learning_rate": 0.07611805539052705, "random_state": 32}}
{"target": 44.516969323158264, "params": {"n_estimators": 720, "max_depth": 6, "learning_rate": 0.05251187400184301, "random_state": 32}}
{"target": 45.521661043167114, "params": {"n_estimators": 381, "max_depth": 7, "learning_rate": 0.07334820426866777, "random_state": 32}}
{"target": 46.3992714881897, "params": {"n_estimators": 745, "max_depth": 8, "learning_rate": 0.048725191102176546, "random_state": 32}}
{"target": 43.19023668766022, "params": {"n_estimators": 230, "max_depth": 3, "learning_rate": 0.08068886176465581, "random_state": 32}}
{"target": 44.78629291057587, "params": {"n_estimators": 194, "max_depth": 6, "learning_rate": 0.0535409536846357, "random_state": 32}}
{"target": 44.256126284599304, "params": {"n_estimators": 481, "max_depth": 3, "learning_rate": 0.05933072331645058, "random_state": 32}}
{"target": 44.762054085731506, "params": {"n_estimators": 729, "max_depth": 3, "learning_rate": 0.07633003861722604, "random_state": 32}}
{"target": 41.97377026081085, "params": {"n_estimators": 87, "max_depth": 3, "learning_rate": 0.05292235074417677, "random_state": 32}}
{"target": 43.5815703868866, "params": {"n_estimators": 382, "max_depth": 3, "learning_rate": 0.04926473337529646, "random_state": 32}}
{"target": 44.26714360713959, "params": {"n_estimators": 649, "max_depth": 6, "learning_rate": 0.05225944811259728, "random_state": 32}}
{"target": 45.143534541130066, "params": {"n_estimators": 1361, "max_depth": 3, "learning_rate": 0.069206446579068, "random_state": 32}}
{"target": 44.704694747924805, "params": {"n_estimators": 63, "max_depth": 5, "learning_rate": 0.04129856287997105, "random_state": 32}}
{"target": 43.5619980096817, "params": {"n_estimators": 323, "max_depth": 3, "learning_rate": 0.07937028222184737, "random_state": 32}}
{"target": 43.15860450267792, "params": {"n_estimators": 47, "max_depth": 3, "learning_rate": 0.060073730130372135, "random_state": 32}}
{"target": 58.169658184051514, "params": {"n_estimators": 19, "max_depth": 6, "learning_rate": 0.014303248209512585, "random_state": 32}}
{"target": 47.8434419631958, "params": {"n_estimators": 22, "max_depth": 4, "learning_rate": 0.05573297680936328, "random_state": 32}}
{"target": 42.34151363372803, "params": {"n_estimators": 142, "max_depth": 3, "learning_rate": 0.07354038182754444, "random_state": 32}}
{"target": 46.22513949871063, "params": {"n_estimators": 345, "max_depth": 7, "learning_rate": 0.0150680484346854, "random_state": 32}}
{"target": 42.74333655834198, "params": {"n_estimators": 39, "max_depth": 3, "learning_rate": 0.07754450498930388, "random_state": 32}}
{"target": 46.48827075958252, "params": {"n_estimators": 3001, "max_depth": 24, "learning_rate": 0.2785046242462985, "random_state": 32}}
{"target": 42.00131833553314, "params": {"n_estimators": 499, "max_depth": 3, "learning_rate": 0.012109931565227432, "random_state": 32}}
{"target": 41.67874455451965, "params": {"n_estimators": 140, "max_depth": 3, "learning_rate": 0.04637909560808959, "random_state": 32}}
{"target": 59.616533517837524, "params": {"n_estimators": 19, "max_depth": 9, "learning_rate": 0.01031433734895694, "random_state": 32}}
{"target": 42.691189646720886, "params": {"n_estimators": 92, "max_depth": 3, "learning_rate": 0.047536978026123985, "random_state": 32}}
{"target": 48.36390972137451, "params": {"n_estimators": 167, "max_depth": 7, "learning_rate": 0.01015858785897419, "random_state": 32}}
{"target": 43.279948234558105, "params": {"n_estimators": 81, "max_depth": 3, "learning_rate": 0.03622669765090685, "random_state": 32}}
{"target": 56.566150188446045, "params": {"n_estimators": 34, "max_depth": 4, "learning_rate": 0.01018137612253403, "random_state": 32}}
{"target": 47.38089442253113, "params": {"n_estimators": 1266, "max_depth": 21, "learning_rate": 0.030960294144341927, "random_state": 32}}
{"target": 42.98034906387329, "params": {"n_estimators": 45, "max_depth": 3, "learning_rate": 0.06056059221854178, "random_state": 32}}
{"target": 46.60134017467499, "params": {"n_estimators": 4893, "max_depth": 26, "learning_rate": 0.2849240401892082, "random_state": 32}}
{"target": 42.679752707481384, "params": {"n_estimators": 176, "max_depth": 3, "learning_rate": 0.022239406947340595, "random_state": 32}}
{"target": 44.57644581794739, "params": {"n_estimators": 735, "max_depth": 3, "learning_rate": 0.06215057796225873, "random_state": 32}}
{"target": 45.26043176651001, "params": {"n_estimators": 1204, "max_depth": 3, "learning_rate": 0.060361099163897106, "random_state": 32}}
{"target": 44.63108003139496, "params": {"n_estimators": 833, "max_depth": 5, "learning_rate": 0.12654976278922575, "random_state": 32}}
{"target": 44.85820174217224, "params": {"n_estimators": 955, "max_depth": 3, "learning_rate": 0.06657323095286667, "random_state": 32}}
{"target": 46.34005606174469, "params": {"n_estimators": 1249, "max_depth": 7, "learning_rate": 0.04997205274029471, "random_state": 32}}
{"target": 46.595333218574524, "params": {"n_estimators": 1075, "max_depth": 9, "learning_rate": 0.022745753071848025, "random_state": 32}}
{"target": 46.67660355567932, "params": {"n_estimators": 2129, "max_depth": 27, "learning_rate": 0.043490474397109666, "random_state": 32}}
{"target": 45.6645405292511, "params": {"n_estimators": 729, "max_depth": 8, "learning_rate": 0.04718419785894537, "random_state": 32}}
{"target": 42.105557918548584, "params": {"n_estimators": 135, "max_depth": 3, "learning_rate": 0.035748634160065296, "random_state": 32}}
{"target": 47.44675695896149, "params": {"n_estimators": 513, "max_depth": 15, "learning_rate": 0.29152482947290187, "random_state": 32}}
{"target": 46.15273714065552, "params": {"n_estimators": 803, "max_depth": 7, "learning_rate": 0.05970797716314631, "random_state": 32}}
{"target": 45.9171998500824, "params": {"n_estimators": 149, "max_depth": 3, "learning_rate": 0.010577483585269937, "random_state": 32}}
{"target": 46.09545052051544, "params": {"n_estimators": 965, "max_depth": 7, "learning_rate": 0.01012141883645112, "random_state": 32}}
{"target": 46.75763010978699, "params": {"n_estimators": 65, "max_depth": 8, "learning_rate": 0.05622100151583359, "random_state": 32}}
{"target": 42.061864733695984, "params": {"n_estimators": 404, "max_depth": 3, "learning_rate": 0.016379028605236018, "random_state": 32}}
{"target": 47.465869188308716, "params": {"n_estimators": 3249, "max_depth": 22, "learning_rate": 0.20361230341622466, "random_state": 32}}
{"target": 44.439374804496765, "params": {"n_estimators": 813, "max_depth": 3, "learning_rate": 0.05116972030753036, "random_state": 32}}
{"target": 42.32883274555206, "params": {"n_estimators": 372, "max_depth": 3, "learning_rate": 0.01233504842306952, "random_state": 32}}
{"target": 42.0817106962204, "params": {"n_estimators": 578, "max_depth": 3, "learning_rate": 0.015395745742850585, "random_state": 32}}
{"target": 42.2493851184845, "params": {"n_estimators": 698, "max_depth": 3, "learning_rate": 0.01559555145539595, "random_state": 32}}
{"target": 47.36898183822632, "params": {"n_estimators": 1413, "max_depth": 12, "learning_rate": 0.012097960154213666, "random_state": 32}}
{"target": 46.772738099098206, "params": {"n_estimators": 95, "max_depth": 19, "learning_rate": 0.13879935769216992, "random_state": 32}}
{"target": 44.27781403064728, "params": {"n_estimators": 999, "max_depth": 3, "learning_rate": 0.03599491757745106, "random_state": 32}}
{"target": 43.06391894817352, "params": {"n_estimators": 1072, "max_depth": 3, "learning_rate": 0.016107612978787603, "random_state": 32}}
{"target": 44.870391488075256, "params": {"n_estimators": 885, "max_depth": 6, "learning_rate": 0.011545344230921042, "random_state": 32}}
{"target": 44.69762623310089, "params": {"n_estimators": 1895, "max_depth": 3, "learning_rate": 0.025812874391545962, "random_state": 32}}
{"target": 45.082746744155884, "params": {"n_estimators": 503, "max_depth": 6, "learning_rate": 0.01061162439385751, "random_state": 32}}
{"target": 46.039748191833496, "params": {"n_estimators": 1248, "max_depth": 7, "learning_rate": 0.0123236348464283, "random_state": 32}}
{"target": 46.76601529121399, "params": {"n_estimators": 29, "max_depth": 3, "learning_rate": 0.04603608660636205, "random_state": 32}}
{"target": 42.19252169132233, "params": {"n_estimators": 764, "max_depth": 3, "learning_rate": 0.011733086089412563, "random_state": 32}}
{"target": 45.47292351722717, "params": {"n_estimators": 2045, "max_depth": 3, "learning_rate": 0.0368164928452408, "random_state": 32}}
{"target": 45.82431197166443, "params": {"n_estimators": 624, "max_depth": 7, "learning_rate": 0.03730435790051239, "random_state": 32}}
{"target": 44.36265468597412, "params": {"n_estimators": 814, "max_depth": 3, "learning_rate": 0.04040550686593286, "random_state": 32}}
{"target": 54.244739413261414, "params": {"n_estimators": 28, "max_depth": 3, "learning_rate": 0.016867648463787403, "random_state": 32}}
{"target": 42.078304290771484, "params": {"n_estimators": 688, "max_depth": 3, "learning_rate": 0.012083909778907774, "random_state": 32}}
{"target": 47.09877371788025, "params": {"n_estimators": 1196, "max_depth": 28, "learning_rate": 0.17747300562298324, "random_state": 32}}
{"target": 45.74725031852722, "params": {"n_estimators": 734, "max_depth": 7, "learning_rate": 0.055392981016955896, "random_state": 32}}
{"target": 43.416969776153564, "params": {"n_estimators": 192, "max_depth": 3, "learning_rate": 0.10184731150185845, "random_state": 32}}
{"target": 42.09717035293579, "params": {"n_estimators": 91, "max_depth": 3, "learning_rate": 0.05870556199067209, "random_state": 32}}
{"target": 45.43579041957855, "params": {"n_estimators": 106, "max_depth": 7, "learning_rate": 0.05225767345524959, "random_state": 32}}
{"target": 50.5905544757843, "params": {"n_estimators": 17, "max_depth": 8, "learning_rate": 0.06740694089264189, "random_state": 32}}
{"target": 44.487794637680054, "params": {"n_estimators": 708, "max_depth": 3, "learning_rate": 0.061187142687968515, "random_state": 32}}
{"target": 44.763853549957275, "params": {"n_estimators": 970, "max_depth": 3, "learning_rate": 0.05428169723435073, "random_state": 32}}
{"target": 44.326709508895874, "params": {"n_estimators": 739, "max_depth": 3, "learning_rate": 0.04864029306886255, "random_state": 32}}
{"target": 44.393470287323, "params": {"n_estimators": 34, "max_depth": 3, "learning_rate": 0.05843005440613061, "random_state": 32}}
{"target": 43.796775341033936, "params": {"n_estimators": 756, "max_depth": 3, "learning_rate": 0.04839886365157991, "random_state": 32}}
{"target": 42.34967231750488, "params": {"n_estimators": 947, "max_depth": 3, "learning_rate": 0.012023363579360145, "random_state": 32}}
{"target": 46.4272540807724, "params": {"n_estimators": 210, "max_depth": 7, "learning_rate": 0.012858969441221165, "random_state": 32}}
{"target": 51.014302372932434, "params": {"n_estimators": 26, "max_depth": 8, "learning_rate": 0.03972989943078696, "random_state": 32}}
{"target": 46.342230439186096, "params": {"n_estimators": 78, "max_depth": 11, "learning_rate": 0.1487544539293758, "random_state": 32}}
{"target": 48.075716495513916, "params": {"n_estimators": 169, "max_depth": 7, "learning_rate": 0.010048838164201816, "random_state": 32}}
{"target": 45.613683462142944, "params": {"n_estimators": 556, "max_depth": 7, "learning_rate": 0.023996441823467943, "random_state": 32}}
{"target": 42.81695365905762, "params": {"n_estimators": 95, "max_depth": 3, "learning_rate": 0.03844468193541206, "random_state": 32}}
{"target": 46.075637340545654, "params": {"n_estimators": 523, "max_depth": 7, "learning_rate": 0.020357551987424755, "random_state": 32}}
{"target": 41.9230979681015, "params": {"n_estimators": 539, "max_depth": 3, "learning_rate": 0.012888795156671053, "random_state": 32}}
{"target": 46.39170706272125, "params": {"n_estimators": 532, "max_depth": 7, "learning_rate": 0.023095561653390134, "random_state": 32}}
{"target": 41.92562997341156, "params": {"n_estimators": 761, "max_depth": 3, "learning_rate": 0.010127619427624551, "random_state": 32}}
{"target": 45.96688389778137, "params": {"n_estimators": 861, "max_depth": 7, "learning_rate": 0.01233388839378105, "random_state": 32}}
{"target": 47.4263858795166, "params": {"n_estimators": 1323, "max_depth": 13, "learning_rate": 0.1023812964838014, "random_state": 32}}
{"target": 42.93323516845703, "params": {"n_estimators": 880, "max_depth": 3, "learning_rate": 0.0148949321948754, "random_state": 32}}
{"target": 42.52060890197754, "params": {"n_estimators": 591, "max_depth": 3, "learning_rate": 0.01865119770877642, "random_state": 32}}
{"target": 42.59757578372955, "params": {"n_estimators": 520, "max_depth": 3, "learning_rate": 0.02400348570501671, "random_state": 32}}
{"target": 45.82073211669922, "params": {"n_estimators": 55, "max_depth": 3, "learning_rate": 0.028580415596958408, "random_state": 32}}
{"target": 44.62872266769409, "params": {"n_estimators": 810, "max_depth": 3, "learning_rate": 0.04466051425688447, "random_state": 32}}
{"target": 45.77650249004364, "params": {"n_estimators": 72, "max_depth": 3, "learning_rate": 0.022058830514136797, "random_state": 32}}
{"target": 45.66850662231445, "params": {"n_estimators": 4669, "max_depth": 6, "learning_rate": 0.1596352822889793, "random_state": 32}}
