{"target": 46.65770769119263, "params": {"n_estimators": 117, "max_depth": 3, "learning_rate": 0.011903894423246852, "random_state": 32}}
{"target": 44.44732189178467, "params": {"n_estimators": 487, "max_depth": 6, "learning_rate": 0.042040745452620265, "random_state": 32}}
{"target": 44.37148571014404, "params": {"n_estimators": 1149, "max_depth": 6, "learning_rate": 0.08982141151355355, "random_state": 32}}
{"target": 44.772502183914185, "params": {"n_estimators": 1075, "max_depth": 6, "learning_rate": 0.0742658212357599, "random_state": 32}}
{"target": 44.9447637796402, "params": {"n_estimators": 691, "max_depth": 3, "learning_rate": 0.07860256813926285, "random_state": 32}}
{"target": 46.00293576717377, "params": {"n_estimators": 1268, "max_depth": 7, "learning_rate": 0.01091365678957706, "random_state": 32}}
{"target": 50.78249454498291, "params": {"n_estimators": 11, "max_depth": 3, "learning_rate": 0.06733030068362267, "random_state": 32}}
{"target": 45.219178795814514, "params": {"n_estimators": 469, "max_depth": 6, "learning_rate": 0.038370506671528866, "random_state": 32}}
{"target": 44.70400393009186, "params": {"n_estimators": 600, "max_depth": 6, "learning_rate": 0.012632790169317537, "random_state": 32}}
{"target": 46.37142837047577, "params": {"n_estimators": 988, "max_depth": 8, "learning_rate": 0.010524318682100534, "random_state": 32}}
{"target": 55.23721933364868, "params": {"n_estimators": 44, "max_depth": 6, "learning_rate": 0.010821621042778633, "random_state": 32}}
{"target": 46.041563749313354, "params": {"n_estimators": 66, "max_depth": 7, "learning_rate": 0.082736108468126, "random_state": 32}}
{"target": 44.21877384185791, "params": {"n_estimators": 27, "max_depth": 5, "learning_rate": 0.16193579069442593, "random_state": 32}}
{"target": 46.318479776382446, "params": {"n_estimators": 1771, "max_depth": 10, "learning_rate": 0.062194035348268825, "random_state": 32}}
{"target": 46.50070250034332, "params": {"n_estimators": 812, "max_depth": 10, "learning_rate": 0.0403993830226587, "random_state": 32}}
{"target": 42.49536395072937, "params": {"n_estimators": 874, "max_depth": 3, "learning_rate": 0.01244989501983485, "random_state": 32}}
{"target": 45.92516779899597, "params": {"n_estimators": 33, "max_depth": 6, "learning_rate": 0.060257810071034534, "random_state": 32}}
{"target": 43.970667719841, "params": {"n_estimators": 765, "max_depth": 3, "learning_rate": 0.035178998528045874, "random_state": 32}}
{"target": 46.51084542274475, "params": {"n_estimators": 486, "max_depth": 9, "learning_rate": 0.04307089323082123, "random_state": 32}}
{"target": 44.082061648368835, "params": {"n_estimators": 555, "max_depth": 6, "learning_rate": 0.0675791467015778, "random_state": 32}}
{"target": 52.74244010448456, "params": {"n_estimators": 11, "max_depth": 3, "learning_rate": 0.051940786774865286, "random_state": 32}}
{"target": 44.85816717147827, "params": {"n_estimators": 588, "max_depth": 6, "learning_rate": 0.06906730622007692, "random_state": 32}}
{"target": 44.949453473091125, "params": {"n_estimators": 720, "max_depth": 3, "learning_rate": 0.07617414205463884, "random_state": 32}}
{"target": 44.717732071876526, "params": {"n_estimators": 734, "max_depth": 3, "learning_rate": 0.08948607081434413, "random_state": 32}}
{"target": 45.03263771533966, "params": {"n_estimators": 1142, "max_depth": 3, "learning_rate": 0.04283693810124077, "random_state": 32}}
{"target": 44.15513873100281, "params": {"n_estimators": 63, "max_depth": 6, "learning_rate": 0.09437242347912186, "random_state": 32}}
{"target": 44.49917495250702, "params": {"n_estimators": 601, "max_depth": 3, "learning_rate": 0.10799680411728427, "random_state": 32}}
{"target": 46.0271018743515, "params": {"n_estimators": 1053, "max_depth": 3, "learning_rate": 0.10505231486942151, "random_state": 32}}
{"target": 46.87291502952576, "params": {"n_estimators": 1134, "max_depth": 9, "learning_rate": 0.10594101321921957, "random_state": 32}}
{"target": 47.237403988838196, "params": {"n_estimators": 4999, "max_depth": 23, "learning_rate": 0.030252808200732256, "random_state": 32}}
{"target": 45.10582447052002, "params": {"n_estimators": 598, "max_depth": 6, "learning_rate": 0.010178059651634055, "random_state": 32}}
{"target": 42.030028104782104, "params": {"n_estimators": 556, "max_depth": 3, "learning_rate": 0.010376573104944994, "random_state": 32}}
{"target": 45.093260407447815, "params": {"n_estimators": 1309, "max_depth": 3, "learning_rate": 0.035336366007824686, "random_state": 32}}
{"target": 44.65779006481171, "params": {"n_estimators": 1121, "max_depth": 3, "learning_rate": 0.057903159564776874, "random_state": 32}}
{"target": 44.45906043052673, "params": {"n_estimators": 1319, "max_depth": 3, "learning_rate": 0.04203531212263392, "random_state": 32}}
{"target": 46.199036836624146, "params": {"n_estimators": 549, "max_depth": 7, "learning_rate": 0.06886088292912608, "random_state": 32}}
{"target": 46.99548959732056, "params": {"n_estimators": 556, "max_depth": 9, "learning_rate": 0.08091192739709252, "random_state": 32}}
{"target": 44.87008988857269, "params": {"n_estimators": 576, "max_depth": 3, "learning_rate": 0.09112153473043771, "random_state": 32}}
{"target": 48.76008093357086, "params": {"n_estimators": 19, "max_depth": 6, "learning_rate": 0.06513054181350114, "random_state": 32}}
{"target": 53.75059247016907, "params": {"n_estimators": 19, "max_depth": 3, "learning_rate": 0.026712100851953323, "random_state": 32}}
{"target": 44.648560881614685, "params": {"n_estimators": 507, "max_depth": 3, "learning_rate": 0.07323694036851114, "random_state": 32}}
{"target": 51.35891020298004, "params": {"n_estimators": 26, "max_depth": 9, "learning_rate": 0.03961827507340636, "random_state": 32}}
{"target": 44.67953622341156, "params": {"n_estimators": 461, "max_depth": 6, "learning_rate": 0.04683571451605877, "random_state": 32}}
{"target": 45.59713363647461, "params": {"n_estimators": 588, "max_depth": 6, "learning_rate": 0.08265344095355683, "random_state": 32}}
{"target": 44.09701585769653, "params": {"n_estimators": 523, "max_depth": 3, "learning_rate": 0.057541907440370216, "random_state": 32}}
{"target": 57.38750994205475, "params": {"n_estimators": 21, "max_depth": 3, "learning_rate": 0.013181691334650213, "random_state": 32}}
{"target": 43.068479895591736, "params": {"n_estimators": 507, "max_depth": 3, "learning_rate": 0.04365169592943444, "random_state": 32}}
{"target": 46.069504618644714, "params": {"n_estimators": 707, "max_depth": 3, "learning_rate": 0.13344292267081437, "random_state": 32}}
{"target": 42.7277934551239, "params": {"n_estimators": 57, "max_depth": 3, "learning_rate": 0.13666140239547947, "random_state": 32}}
{"target": 42.58543074131012, "params": {"n_estimators": 63, "max_depth": 3, "learning_rate": 0.06776214331459086, "random_state": 32}}
{"target": 44.616931676864624, "params": {"n_estimators": 740, "max_depth": 6, "learning_rate": 0.04531036095861781, "random_state": 32}}
{"target": 46.3622510433197, "params": {"n_estimators": 4782, "max_depth": 14, "learning_rate": 0.15477417619006584, "random_state": 32}}
{"target": 45.392404198646545, "params": {"n_estimators": 636, "max_depth": 7, "learning_rate": 0.11765522793936066, "random_state": 32}}
{"target": 46.72322332859039, "params": {"n_estimators": 74, "max_depth": 7, "learning_rate": 0.06647036230647714, "random_state": 32}}
{"target": 45.131126046180725, "params": {"n_estimators": 1222, "max_depth": 6, "learning_rate": 0.03889103640639134, "random_state": 32}}
{"target": 45.99511206150055, "params": {"n_estimators": 593, "max_depth": 9, "learning_rate": 0.12480763541948868, "random_state": 32}}
{"target": 47.76253283023834, "params": {"n_estimators": 41, "max_depth": 6, "learning_rate": 0.035291708427819216, "random_state": 32}}
{"target": 44.82536196708679, "params": {"n_estimators": 604, "max_depth": 3, "learning_rate": 0.09749147721481627, "random_state": 32}}
{"target": 44.07072722911835, "params": {"n_estimators": 692, "max_depth": 3, "learning_rate": 0.03976826437819429, "random_state": 32}}
{"target": 44.98115301132202, "params": {"n_estimators": 485, "max_depth": 6, "learning_rate": 0.09413935635596106, "random_state": 32}}
{"target": 43.81032705307007, "params": {"n_estimators": 1141, "max_depth": 5, "learning_rate": 0.011033289692732685, "random_state": 32}}
{"target": 53.20779860019684, "params": {"n_estimators": 16, "max_depth": 3, "learning_rate": 0.03398800934893623, "random_state": 32}}
{"target": 43.50368797779083, "params": {"n_estimators": 691, "max_depth": 3, "learning_rate": 0.0454311795760004, "random_state": 32}}
{"target": 44.356242418289185, "params": {"n_estimators": 69, "max_depth": 6, "learning_rate": 0.1416378765916954, "random_state": 32}}
{"target": 46.27214431762695, "params": {"n_estimators": 1031, "max_depth": 10, "learning_rate": 0.03993752344984276, "random_state": 32}}
{"target": 43.95618736743927, "params": {"n_estimators": 1697, "max_depth": 5, "learning_rate": 0.010270554073106616, "random_state": 32}}
{"target": 47.150858640670776, "params": {"n_estimators": 30, "max_depth": 7, "learning_rate": 0.06890900072342415, "random_state": 32}}
{"target": 46.826964020729065, "params": {"n_estimators": 2873, "max_depth": 21, "learning_rate": 0.07065596667851566, "random_state": 32}}
{"target": 46.74497604370117, "params": {"n_estimators": 1780, "max_depth": 14, "learning_rate": 0.23795186245901503, "random_state": 32}}
{"target": 44.57727074623108, "params": {"n_estimators": 462, "max_depth": 3, "learning_rate": 0.10573705196899218, "random_state": 32}}
{"target": 58.00455689430237, "params": {"n_estimators": 12, "max_depth": 7, "learning_rate": 0.023639818142603554, "random_state": 32}}
{"target": 60.69956123828888, "params": {"n_estimators": 12, "max_depth": 7, "learning_rate": 0.010549696258266338, "random_state": 32}}
{"target": 47.41555690765381, "params": {"n_estimators": 22, "max_depth": 10, "learning_rate": 0.1137472609231357, "random_state": 32}}
{"target": 43.16393315792084, "params": {"n_estimators": 42, "max_depth": 3, "learning_rate": 0.06617248076389394, "random_state": 32}}
{"target": 44.82285499572754, "params": {"n_estimators": 429, "max_depth": 6, "learning_rate": 0.011074079080320352, "random_state": 32}}
{"target": 44.44276034832001, "params": {"n_estimators": 718, "max_depth": 6, "learning_rate": 0.07479397303035391, "random_state": 32}}
{"target": 49.02508854866028, "params": {"n_estimators": 22, "max_depth": 3, "learning_rate": 0.04380935737106986, "random_state": 32}}
{"target": 44.60926175117493, "params": {"n_estimators": 589, "max_depth": 6, "learning_rate": 0.07780116645104176, "random_state": 32}}
{"target": 45.18462538719177, "params": {"n_estimators": 638, "max_depth": 3, "learning_rate": 0.11973046347334962, "random_state": 32}}
{"target": 46.905513405799866, "params": {"n_estimators": 21, "max_depth": 6, "learning_rate": 0.08681697766797596, "random_state": 32}}
{"target": 46.41953527927399, "params": {"n_estimators": 1145, "max_depth": 9, "learning_rate": 0.08368117910818137, "random_state": 32}}
{"target": 45.21377444267273, "params": {"n_estimators": 25, "max_depth": 5, "learning_rate": 0.08052227180885714, "random_state": 32}}
{"target": 44.78430092334747, "params": {"n_estimators": 1257, "max_depth": 3, "learning_rate": 0.04131294440343512, "random_state": 32}}
{"target": 44.08772051334381, "params": {"n_estimators": 671, "max_depth": 3, "learning_rate": 0.04156234514498684, "random_state": 32}}
{"target": 44.77183222770691, "params": {"n_estimators": 1236, "max_depth": 6, "learning_rate": 0.045999099735246754, "random_state": 32}}
{"target": 44.59697663784027, "params": {"n_estimators": 756, "max_depth": 6, "learning_rate": 0.010017530061562904, "random_state": 32}}
{"target": 45.52036106586456, "params": {"n_estimators": 21, "max_depth": 5, "learning_rate": 0.09749824446086139, "random_state": 32}}
{"target": 44.735199213027954, "params": {"n_estimators": 613, "max_depth": 6, "learning_rate": 0.051300738707720034, "random_state": 32}}
{"target": 42.156347036361694, "params": {"n_estimators": 69, "max_depth": 3, "learning_rate": 0.09814992528455148, "random_state": 32}}
{"target": 45.78394174575806, "params": {"n_estimators": 883, "max_depth": 7, "learning_rate": 0.010327849040847105, "random_state": 32}}
{"target": 42.08688259124756, "params": {"n_estimators": 56, "max_depth": 3, "learning_rate": 0.11373891628505546, "random_state": 32}}
{"target": 47.27987349033356, "params": {"n_estimators": 1780, "max_depth": 29, "learning_rate": 0.0577363007854822, "random_state": 32}}
{"target": 44.60592806339264, "params": {"n_estimators": 61, "max_depth": 6, "learning_rate": 0.11560918608387773, "random_state": 32}}
{"target": 46.86615228652954, "params": {"n_estimators": 43, "max_depth": 7, "learning_rate": 0.05561648756937862, "random_state": 32}}
{"target": 46.906651854515076, "params": {"n_estimators": 204, "max_depth": 25, "learning_rate": 0.12359941041691855, "random_state": 32}}
{"target": 47.05808997154236, "params": {"n_estimators": 4746, "max_depth": 17, "learning_rate": 0.2953792300789819, "random_state": 32}}
{"target": 44.01500999927521, "params": {"n_estimators": 792, "max_depth": 3, "learning_rate": 0.04225591157082331, "random_state": 32}}
{"target": 44.16226863861084, "params": {"n_estimators": 23, "max_depth": 3, "learning_rate": 0.08861287991841164, "random_state": 32}}
{"target": 42.531766295433044, "params": {"n_estimators": 834, "max_depth": 3, "learning_rate": 0.013898928076045468, "random_state": 32}}
{"target": 44.68178629875183, "params": {"n_estimators": 537, "max_depth": 6, "learning_rate": 0.0384830981453643, "random_state": 32}}
{"target": 46.864407658576965, "params": {"n_estimators": 4131, "max_depth": 25, "learning_rate": 0.1309772222879916, "random_state": 32}}
{"target": 43.31649720668793, "params": {"n_estimators": 592, "max_depth": 3, "learning_rate": 0.04874037621519881, "random_state": 32}}
{"target": 48.739211559295654, "params": {"n_estimators": 23, "max_depth": 6, "learning_rate": 0.052314383988410804, "random_state": 32}}
{"target": 43.87460231781006, "params": {"n_estimators": 1098, "max_depth": 5, "learning_rate": 0.010116805153151354, "random_state": 32}}
{"target": 45.58399319648743, "params": {"n_estimators": 1113, "max_depth": 3, "learning_rate": 0.06786438925680485, "random_state": 32}}
{"target": 44.63348388671875, "params": {"n_estimators": 677, "max_depth": 3, "learning_rate": 0.07272301679130448, "random_state": 32}}
{"target": 45.04267990589142, "params": {"n_estimators": 575, "max_depth": 3, "learning_rate": 0.06879418254855157, "random_state": 32}}
{"target": 45.15172004699707, "params": {"n_estimators": 614, "max_depth": 3, "learning_rate": 0.10718104886583985, "random_state": 32}}
{"target": 42.9669725894928, "params": {"n_estimators": 1245, "max_depth": 3, "learning_rate": 0.010777465388720696, "random_state": 32}}
{"target": 45.54652690887451, "params": {"n_estimators": 2051, "max_depth": 7, "learning_rate": 0.06185334499629852, "random_state": 32}}
{"target": 48.31839084625244, "params": {"n_estimators": 44, "max_depth": 6, "learning_rate": 0.03022113358174726, "random_state": 32}}
{"target": 46.025638580322266, "params": {"n_estimators": 150, "max_depth": 3, "learning_rate": 0.010294677117355126, "random_state": 32}}
{"target": 46.25485122203827, "params": {"n_estimators": 564, "max_depth": 9, "learning_rate": 0.04463107514928659, "random_state": 32}}
{"target": 46.84718132019043, "params": {"n_estimators": 490, "max_depth": 10, "learning_rate": 0.05871134304030369, "random_state": 32}}
{"target": 42.89833903312683, "params": {"n_estimators": 355, "max_depth": 3, "learning_rate": 0.0408999041761861, "random_state": 32}}
{"target": 43.70414853096008, "params": {"n_estimators": 584, "max_depth": 3, "learning_rate": 0.039378122134843485, "random_state": 32}}
{"target": 42.07836389541626, "params": {"n_estimators": 90, "max_depth": 3, "learning_rate": 0.08128405494373782, "random_state": 32}}
{"target": 48.43746900558472, "params": {"n_estimators": 25, "max_depth": 9, "learning_rate": 0.06931875251996764, "random_state": 32}}
{"target": 46.52972161769867, "params": {"n_estimators": 527, "max_depth": 7, "learning_rate": 0.056061634482284836, "random_state": 32}}
{"target": 47.139089703559875, "params": {"n_estimators": 151, "max_depth": 9, "learning_rate": 0.2510504544257922, "random_state": 32}}
{"target": 46.997337341308594, "params": {"n_estimators": 149, "max_depth": 29, "learning_rate": 0.05102961323960081, "random_state": 32}}
{"target": 44.89683210849762, "params": {"n_estimators": 515, "max_depth": 6, "learning_rate": 0.06681652003829852, "random_state": 32}}
{"target": 44.931102991104126, "params": {"n_estimators": 479, "max_depth": 6, "learning_rate": 0.08206867631091841, "random_state": 32}}
{"target": 54.466718435287476, "params": {"n_estimators": 11, "max_depth": 6, "learning_rate": 0.04806647515607738, "random_state": 32}}
{"target": 45.274580121040344, "params": {"n_estimators": 598, "max_depth": 6, "learning_rate": 0.06291383891436222, "random_state": 32}}
{"target": 42.66280233860016, "params": {"n_estimators": 38, "max_depth": 3, "learning_rate": 0.11050319033178282, "random_state": 32}}
{"target": 44.8606413602829, "params": {"n_estimators": 21, "max_depth": 3, "learning_rate": 0.09080384237239413, "random_state": 32}}
{"target": 44.6786904335022, "params": {"n_estimators": 403, "max_depth": 6, "learning_rate": 0.058565322639349965, "random_state": 32}}
{"target": 45.5333137512207, "params": {"n_estimators": 1645, "max_depth": 7, "learning_rate": 0.07304508752334016, "random_state": 32}}
{"target": 43.72338950634003, "params": {"n_estimators": 422, "max_depth": 3, "learning_rate": 0.059610752185399386, "random_state": 32}}
{"target": 43.51548910140991, "params": {"n_estimators": 613, "max_depth": 3, "learning_rate": 0.0315963796724664, "random_state": 32}}
{"target": 43.322712779045105, "params": {"n_estimators": 61, "max_depth": 3, "learning_rate": 0.045740792408026115, "random_state": 32}}
{"target": 42.3701548576355, "params": {"n_estimators": 898, "max_depth": 3, "learning_rate": 0.010826717880717741, "random_state": 32}}
{"target": 45.58898985385895, "params": {"n_estimators": 683, "max_depth": 6, "learning_rate": 0.10470346915778009, "random_state": 32}}
{"target": 45.92651903629303, "params": {"n_estimators": 488, "max_depth": 6, "learning_rate": 0.0956409346011185, "random_state": 32}}
{"target": 47.530508637428284, "params": {"n_estimators": 23, "max_depth": 3, "learning_rate": 0.05162399795783079, "random_state": 32}}
{"target": 43.146018981933594, "params": {"n_estimators": 35, "max_depth": 3, "learning_rate": 0.07620704909309098, "random_state": 32}}
{"target": 44.7024929523468, "params": {"n_estimators": 1239, "max_depth": 6, "learning_rate": 0.1340050609285516, "random_state": 32}}
{"target": 43.90383064746857, "params": {"n_estimators": 904, "max_depth": 5, "learning_rate": 0.010505256398273898, "random_state": 32}}
{"target": 44.0086030960083, "params": {"n_estimators": 447, "max_depth": 6, "learning_rate": 0.11169466459640924, "random_state": 32}}
{"target": 42.24426031112671, "params": {"n_estimators": 436, "max_depth": 3, "learning_rate": 0.011034901617626387, "random_state": 32}}
{"target": 45.23609817028046, "params": {"n_estimators": 974, "max_depth": 3, "learning_rate": 0.09591267745633106, "random_state": 32}}
{"target": 45.11464178562164, "params": {"n_estimators": 731, "max_depth": 3, "learning_rate": 0.07352004610839089, "random_state": 32}}
{"target": 47.71187663078308, "params": {"n_estimators": 16, "max_depth": 7, "learning_rate": 0.10834346999578513, "random_state": 32}}
{"target": 46.604074239730835, "params": {"n_estimators": 1111, "max_depth": 9, "learning_rate": 0.04799314914220652, "random_state": 32}}
{"target": 46.23965501785278, "params": {"n_estimators": 1289, "max_depth": 9, "learning_rate": 0.0431645746976756, "random_state": 32}}
{"target": 45.40233910083771, "params": {"n_estimators": 1282, "max_depth": 3, "learning_rate": 0.0468629695334322, "random_state": 32}}
{"target": 44.91867423057556, "params": {"n_estimators": 466, "max_depth": 6, "learning_rate": 0.043322091171851776, "random_state": 32}}
{"target": 48.37278366088867, "params": {"n_estimators": 27, "max_depth": 3, "learning_rate": 0.03903996401663211, "random_state": 32}}
{"target": 45.95582902431488, "params": {"n_estimators": 1275, "max_depth": 7, "learning_rate": 0.06735543359238033, "random_state": 32}}
{"target": 43.63704264163971, "params": {"n_estimators": 614, "max_depth": 3, "learning_rate": 0.04713600398906415, "random_state": 32}}
{"target": 46.99203968048096, "params": {"n_estimators": 896, "max_depth": 30, "learning_rate": 0.16384999631293945, "random_state": 32}}
{"target": 44.61473524570465, "params": {"n_estimators": 639, "max_depth": 3, "learning_rate": 0.07198081164698672, "random_state": 32}}
{"target": 47.17336118221283, "params": {"n_estimators": 692, "max_depth": 11, "learning_rate": 0.011093541726091128, "random_state": 32}}
{"target": 51.76538050174713, "params": {"n_estimators": 76, "max_depth": 5, "learning_rate": 0.0100488451623893, "random_state": 32}}
{"target": 44.85847532749176, "params": {"n_estimators": 1161, "max_depth": 6, "learning_rate": 0.05194899236581757, "random_state": 32}}
{"target": 50.802151560783386, "params": {"n_estimators": 15, "max_depth": 3, "learning_rate": 0.05019040871213678, "random_state": 32}}
{"target": 44.7618293762207, "params": {"n_estimators": 1292, "max_depth": 6, "learning_rate": 0.0989410001838453, "random_state": 32}}
{"target": 44.930697083473206, "params": {"n_estimators": 561, "max_depth": 3, "learning_rate": 0.10481563491682946, "random_state": 32}}
{"target": 45.731605887413025, "params": {"n_estimators": 1037, "max_depth": 6, "learning_rate": 0.05899162314147774, "random_state": 32}}
