{"target": 42.9703688621521, "params": {"n_estimators": 48, "max_depth": 4, "learning_rate": 0.118668970652642, "random_state": 32}}
{"target": 45.65926134586334, "params": {"n_estimators": 455, "max_depth": 7, "learning_rate": 0.12001500533482255, "random_state": 32}}
{"target": 46.001607179641724, "params": {"n_estimators": 599, "max_depth": 7, "learning_rate": 0.01255077102029025, "random_state": 32}}
{"target": 43.74660015106201, "params": {"n_estimators": 1337, "max_depth": 6, "learning_rate": 0.05204806635083908, "random_state": 32}}
{"target": 44.51024651527405, "params": {"n_estimators": 1392, "max_depth": 6, "learning_rate": 0.045869951743592305, "random_state": 32}}
{"target": 44.674094915390015, "params": {"n_estimators": 649, "max_depth": 3, "learning_rate": 0.0724401583507672, "random_state": 32}}
{"target": 44.9985533952713, "params": {"n_estimators": 1501, "max_depth": 6, "learning_rate": 0.05073976422074845, "random_state": 32}}
{"target": 45.74918448925018, "params": {"n_estimators": 1309, "max_depth": 7, "learning_rate": 0.012204762880087702, "random_state": 32}}
{"target": 50.88220477104187, "params": {"n_estimators": 12, "max_depth": 7, "learning_rate": 0.08068633013281021, "random_state": 32}}
{"target": 44.14842367172241, "params": {"n_estimators": 568, "max_depth": 3, "learning_rate": 0.05181613536875296, "random_state": 32}}
{"target": 42.0587295293808, "params": {"n_estimators": 412, "max_depth": 3, "learning_rate": 0.013777975516560806, "random_state": 32}}
{"target": 42.9468560218811, "params": {"n_estimators": 54, "max_depth": 3, "learning_rate": 0.06781389015504849, "random_state": 32}}
{"target": 46.86201810836792, "params": {"n_estimators": 642, "max_depth": 17, "learning_rate": 0.18778075429418278, "random_state": 32}}
{"target": 43.02793085575104, "params": {"n_estimators": 62, "max_depth": 3, "learning_rate": 0.050272945995682175, "random_state": 32}}
{"target": 43.1439083814621, "params": {"n_estimators": 611, "max_depth": 3, "learning_rate": 0.03177100485532906, "random_state": 32}}
{"target": 45.437012910842896, "params": {"n_estimators": 1542, "max_depth": 3, "learning_rate": 0.04495781663448049, "random_state": 32}}
{"target": 41.94145083427429, "params": {"n_estimators": 56, "max_depth": 3, "learning_rate": 0.07787749760863708, "random_state": 32}}
{"target": 45.958372354507446, "params": {"n_estimators": 91, "max_depth": 7, "learning_rate": 0.145732132532018, "random_state": 32}}
{"target": 46.071157455444336, "params": {"n_estimators": 759, "max_depth": 7, "learning_rate": 0.0508304048948395, "random_state": 32}}
{"target": 47.95744836330414, "params": {"n_estimators": 11, "max_depth": 4, "learning_rate": 0.1085427308097735, "random_state": 32}}
{"target": 45.490538477897644, "params": {"n_estimators": 19, "max_depth": 4, "learning_rate": 0.09691963201014121, "random_state": 32}}
{"target": 42.78202831745148, "params": {"n_estimators": 1253, "max_depth": 3, "learning_rate": 0.010260772017677167, "random_state": 32}}
{"target": 46.2580007314682, "params": {"n_estimators": 541, "max_depth": 7, "learning_rate": 0.044036729318442824, "random_state": 32}}
{"target": 44.73896861076355, "params": {"n_estimators": 673, "max_depth": 6, "learning_rate": 0.0884851623824914, "random_state": 32}}
{"target": 43.37738811969757, "params": {"n_estimators": 187, "max_depth": 3, "learning_rate": 0.0934514450473648, "random_state": 32}}
{"target": 45.9103399515152, "params": {"n_estimators": 545, "max_depth": 7, "learning_rate": 0.11648926284682372, "random_state": 32}}
{"target": 46.71595633029938, "params": {"n_estimators": 34, "max_depth": 7, "learning_rate": 0.07616486954002008, "random_state": 32}}
{"target": 45.01149833202362, "params": {"n_estimators": 813, "max_depth": 3, "learning_rate": 0.08296416443164957, "random_state": 32}}
{"target": 45.342286825180054, "params": {"n_estimators": 750, "max_depth": 3, "learning_rate": 0.07824590447397763, "random_state": 32}}
{"target": 45.14073371887207, "params": {"n_estimators": 14, "max_depth": 3, "learning_rate": 0.1242130176344455, "random_state": 32}}
{"target": 47.85193204879761, "params": {"n_estimators": 24, "max_depth": 10, "learning_rate": 0.07683831660229816, "random_state": 32}}
{"target": 44.70260798931122, "params": {"n_estimators": 835, "max_depth": 3, "learning_rate": 0.08618026447396387, "random_state": 32}}
{"target": 45.32764494419098, "params": {"n_estimators": 44, "max_depth": 6, "learning_rate": 0.05995550308955681, "random_state": 32}}
{"target": 43.24399530887604, "params": {"n_estimators": 35, "max_depth": 3, "learning_rate": 0.07862791689425079, "random_state": 32}}
{"target": 42.23155677318573, "params": {"n_estimators": 124, "max_depth": 3, "learning_rate": 0.07838613715173542, "random_state": 32}}
{"target": 42.917287945747375, "params": {"n_estimators": 65, "max_depth": 3, "learning_rate": 0.0509461323909072, "random_state": 32}}
{"target": 44.943634271621704, "params": {"n_estimators": 700, "max_depth": 3, "learning_rate": 0.07668242639132844, "random_state": 32}}
{"target": 45.31599998474121, "params": {"n_estimators": 906, "max_depth": 3, "learning_rate": 0.11502371821594648, "random_state": 32}}
{"target": 49.70930635929108, "params": {"n_estimators": 30, "max_depth": 6, "learning_rate": 0.035476766491536166, "random_state": 32}}
{"target": 45.002241134643555, "params": {"n_estimators": 33, "max_depth": 5, "learning_rate": 0.07684506009816258, "random_state": 32}}
{"target": 44.804686307907104, "params": {"n_estimators": 1336, "max_depth": 3, "learning_rate": 0.13541479784671362, "random_state": 32}}
{"target": 45.79214870929718, "params": {"n_estimators": 737, "max_depth": 7, "learning_rate": 0.060142620630322066, "random_state": 32}}
{"target": 46.25026762485504, "params": {"n_estimators": 1641, "max_depth": 16, "learning_rate": 0.27978801564289246, "random_state": 32}}
{"target": 41.90730392932892, "params": {"n_estimators": 63, "max_depth": 3, "learning_rate": 0.10672148742817703, "random_state": 32}}
{"target": 46.04976713657379, "params": {"n_estimators": 559, "max_depth": 3, "learning_rate": 0.12137258380856714, "random_state": 32}}
{"target": 44.9139803647995, "params": {"n_estimators": 613, "max_depth": 6, "learning_rate": 0.06118873182275686, "random_state": 32}}
{"target": 45.073129534721375, "params": {"n_estimators": 11, "max_depth": 3, "learning_rate": 0.15972642560582717, "random_state": 32}}
{"target": 45.44912278652191, "params": {"n_estimators": 71, "max_depth": 7, "learning_rate": 0.14160716473831547, "random_state": 32}}
{"target": 45.160003304481506, "params": {"n_estimators": 297, "max_depth": 6, "learning_rate": 0.12323731686388037, "random_state": 32}}
{"target": 43.397459983825684, "params": {"n_estimators": 189, "max_depth": 3, "learning_rate": 0.0908424810492646, "random_state": 32}}
{"target": 44.822227358818054, "params": {"n_estimators": 498, "max_depth": 7, "learning_rate": 0.10341959771369187, "random_state": 32}}
{"target": 42.32945144176483, "params": {"n_estimators": 60, "max_depth": 3, "learning_rate": 0.09882351269477999, "random_state": 32}}
{"target": 43.320494294166565, "params": {"n_estimators": 151, "max_depth": 3, "learning_rate": 0.09889847995284257, "random_state": 32}}
{"target": 44.89011287689209, "params": {"n_estimators": 514, "max_depth": 3, "learning_rate": 0.08520975312409221, "random_state": 32}}
{"target": 57.88007080554962, "params": {"n_estimators": 28, "max_depth": 7, "learning_rate": 0.010445881187975417, "random_state": 32}}
{"target": 43.598777651786804, "params": {"n_estimators": 155, "max_depth": 3, "learning_rate": 0.10614844263090056, "random_state": 32}}
{"target": 45.2893728017807, "params": {"n_estimators": 471, "max_depth": 6, "learning_rate": 0.09173289409756252, "random_state": 32}}
{"target": 47.027313113212585, "params": {"n_estimators": 4527, "max_depth": 15, "learning_rate": 0.03306883505035656, "random_state": 32}}
{"target": 41.94516479969025, "params": {"n_estimators": 664, "max_depth": 3, "learning_rate": 0.010911966692897648, "random_state": 32}}
{"target": 44.86078977584839, "params": {"n_estimators": 718, "max_depth": 6, "learning_rate": 0.08392467879701218, "random_state": 32}}
{"target": 45.738056898117065, "params": {"n_estimators": 32, "max_depth": 8, "learning_rate": 0.1148188266204819, "random_state": 32}}
{"target": 47.47223734855652, "params": {"n_estimators": 19, "max_depth": 27, "learning_rate": 0.250250034317815, "random_state": 32}}
{"target": 45.077046155929565, "params": {"n_estimators": 659, "max_depth": 3, "learning_rate": 0.1060697402607631, "random_state": 32}}
{"target": 50.565139055252075, "params": {"n_estimators": 10, "max_depth": 6, "learning_rate": 0.09574741790328224, "random_state": 32}}
{"target": 43.97893786430359, "params": {"n_estimators": 826, "max_depth": 3, "learning_rate": 0.05451045014279294, "random_state": 32}}
{"target": 42.17890977859497, "params": {"n_estimators": 65, "max_depth": 3, "learning_rate": 0.06927673549819886, "random_state": 32}}
{"target": 46.679444313049316, "params": {"n_estimators": 3768, "max_depth": 20, "learning_rate": 0.0776787354263506, "random_state": 32}}
{"target": 46.14974856376648, "params": {"n_estimators": 603, "max_depth": 7, "learning_rate": 0.06456132845677438, "random_state": 32}}
{"target": 46.93134129047394, "params": {"n_estimators": 1337, "max_depth": 29, "learning_rate": 0.07668630150734358, "random_state": 32}}
{"target": 44.93017315864563, "params": {"n_estimators": 1496, "max_depth": 3, "learning_rate": 0.03555042954727812, "random_state": 32}}
{"target": 48.23768615722656, "params": {"n_estimators": 16, "max_depth": 3, "learning_rate": 0.06801169584773806, "random_state": 32}}
{"target": 43.99483680725098, "params": {"n_estimators": 926, "max_depth": 3, "learning_rate": 0.04203644276314393, "random_state": 32}}
{"target": 45.554487109184265, "params": {"n_estimators": 642, "max_depth": 3, "learning_rate": 0.16583964622604977, "random_state": 32}}
{"target": 51.366817355155945, "params": {"n_estimators": 11, "max_depth": 7, "learning_rate": 0.08124272952936304, "random_state": 32}}
{"target": 44.53563570976257, "params": {"n_estimators": 735, "max_depth": 6, "learning_rate": 0.18813676289662112, "random_state": 32}}
{"target": 47.051647901535034, "params": {"n_estimators": 2017, "max_depth": 18, "learning_rate": 0.012568809980364415, "random_state": 32}}
{"target": 46.18033051490784, "params": {"n_estimators": 1579, "max_depth": 3, "learning_rate": 0.09254067514232506, "random_state": 32}}
{"target": 43.214954137802124, "params": {"n_estimators": 64, "max_depth": 3, "learning_rate": 0.04232508881545817, "random_state": 32}}
{"target": 46.57675564289093, "params": {"n_estimators": 2833, "max_depth": 19, "learning_rate": 0.28105153101154834, "random_state": 32}}
{"target": 44.53031241893768, "params": {"n_estimators": 617, "max_depth": 6, "learning_rate": 0.04730677851874076, "random_state": 32}}
{"target": 44.135098457336426, "params": {"n_estimators": 653, "max_depth": 3, "learning_rate": 0.044929010573839134, "random_state": 32}}
{"target": 47.1248996257782, "params": {"n_estimators": 829, "max_depth": 11, "learning_rate": 0.0946300941284497, "random_state": 32}}
{"target": 47.16513276100159, "params": {"n_estimators": 204, "max_depth": 24, "learning_rate": 0.08438649558306284, "random_state": 32}}
{"target": 42.66571283340454, "params": {"n_estimators": 69, "max_depth": 3, "learning_rate": 0.10942690183644896, "random_state": 32}}
{"target": 46.62549078464508, "params": {"n_estimators": 665, "max_depth": 11, "learning_rate": 0.08629195868426282, "random_state": 32}}
{"target": 46.499613523483276, "params": {"n_estimators": 1588, "max_depth": 23, "learning_rate": 0.22292697585761972, "random_state": 32}}
{"target": 42.935590744018555, "params": {"n_estimators": 48, "max_depth": 3, "learning_rate": 0.06709497427142551, "random_state": 32}}
{"target": 45.61045587062836, "params": {"n_estimators": 740, "max_depth": 7, "learning_rate": 0.05503656059058173, "random_state": 32}}
{"target": 47.00541973114014, "params": {"n_estimators": 1250, "max_depth": 11, "learning_rate": 0.04852181525572344, "random_state": 32}}
{"target": 46.16903841495514, "params": {"n_estimators": 837, "max_depth": 8, "learning_rate": 0.010618624109682971, "random_state": 32}}
{"target": 48.32019507884979, "params": {"n_estimators": 21, "max_depth": 7, "learning_rate": 0.07221359709203057, "random_state": 32}}
{"target": 43.70866119861603, "params": {"n_estimators": 569, "max_depth": 3, "learning_rate": 0.05227605405765129, "random_state": 32}}
{"target": 45.86154103279114, "params": {"n_estimators": 100, "max_depth": 7, "learning_rate": 0.0514652254243288, "random_state": 32}}
{"target": 44.16725516319275, "params": {"n_estimators": 781, "max_depth": 3, "learning_rate": 0.036487989535129065, "random_state": 32}}
{"target": 46.51185691356659, "params": {"n_estimators": 1934, "max_depth": 3, "learning_rate": 0.2932958780322441, "random_state": 32}}
{"target": 45.96828579902649, "params": {"n_estimators": 1251, "max_depth": 7, "learning_rate": 0.012158216117126638, "random_state": 32}}
{"target": 46.221327781677246, "params": {"n_estimators": 14, "max_depth": 5, "learning_rate": 0.12396010715869504, "random_state": 32}}
{"target": 45.05617141723633, "params": {"n_estimators": 799, "max_depth": 3, "learning_rate": 0.07558475669513724, "random_state": 32}}
{"target": 44.80658948421478, "params": {"n_estimators": 868, "max_depth": 3, "learning_rate": 0.10148046540991235, "random_state": 32}}
{"target": 45.270716547966, "params": {"n_estimators": 571, "max_depth": 6, "learning_rate": 0.015162930260679532, "random_state": 32}}
{"target": 52.500035762786865, "params": {"n_estimators": 14, "max_depth": 6, "learning_rate": 0.05057583195820203, "random_state": 32}}
{"target": 42.834869623184204, "params": {"n_estimators": 1167, "max_depth": 3, "learning_rate": 0.012755354646827605, "random_state": 32}}
{"target": 42.083311676979065, "params": {"n_estimators": 653, "max_depth": 3, "learning_rate": 0.010607576969474173, "random_state": 32}}
{"target": 44.51310992240906, "params": {"n_estimators": 518, "max_depth": 6, "learning_rate": 0.04170987725024604, "random_state": 32}}
{"target": 43.324896693229675, "params": {"n_estimators": 87, "max_depth": 3, "learning_rate": 0.03179389636896412, "random_state": 32}}
{"target": 44.36528980731964, "params": {"n_estimators": 17, "max_depth": 3, "learning_rate": 0.12242756957786538, "random_state": 32}}
{"target": 43.734872341156006, "params": {"n_estimators": 716, "max_depth": 3, "learning_rate": 0.027011373397412733, "random_state": 32}}
{"target": 42.98387169837952, "params": {"n_estimators": 36, "max_depth": 3, "learning_rate": 0.08886293872106513, "random_state": 32}}
{"target": 50.37814259529114, "params": {"n_estimators": 13, "max_depth": 3, "learning_rate": 0.06036849645721389, "random_state": 32}}
{"target": 43.5556697845459, "params": {"n_estimators": 655, "max_depth": 3, "learning_rate": 0.049247130741229016, "random_state": 32}}
{"target": 46.55870974063873, "params": {"n_estimators": 914, "max_depth": 9, "learning_rate": 0.15698892823343408, "random_state": 32}}
{"target": 45.66980838775635, "params": {"n_estimators": 626, "max_depth": 6, "learning_rate": 0.09593086428211411, "random_state": 32}}
{"target": 45.30063569545746, "params": {"n_estimators": 29, "max_depth": 3, "learning_rate": 0.05920910540344091, "random_state": 32}}
{"target": 53.423872590065, "params": {"n_estimators": 15, "max_depth": 11, "learning_rate": 0.04861581945691973, "random_state": 32}}
{"target": 46.104336977005005, "params": {"n_estimators": 30, "max_depth": 3, "learning_rate": 0.04931030338051093, "random_state": 32}}
{"target": 44.54220116138458, "params": {"n_estimators": 756, "max_depth": 6, "learning_rate": 0.08089432197860146, "random_state": 32}}
{"target": 44.85681712627411, "params": {"n_estimators": 829, "max_depth": 3, "learning_rate": 0.06364888706649144, "random_state": 32}}
{"target": 45.55967688560486, "params": {"n_estimators": 1391, "max_depth": 3, "learning_rate": 0.06020108498247671, "random_state": 32}}
{"target": 45.08910953998566, "params": {"n_estimators": 735, "max_depth": 3, "learning_rate": 0.08759128944128003, "random_state": 32}}
{"target": 54.27665710449219, "params": {"n_estimators": 24, "max_depth": 6, "learning_rate": 0.022893695516280163, "random_state": 32}}
{"target": 46.506267786026, "params": {"n_estimators": 25, "max_depth": 3, "learning_rate": 0.055130804133450444, "random_state": 32}}
{"target": 43.52252721786499, "params": {"n_estimators": 1627, "max_depth": 3, "learning_rate": 0.013522982446252205, "random_state": 32}}
{"target": 44.27752077579498, "params": {"n_estimators": 760, "max_depth": 6, "learning_rate": 0.05617842578556992, "random_state": 32}}
{"target": 42.37427532672882, "params": {"n_estimators": 740, "max_depth": 3, "learning_rate": 0.01563124827062208, "random_state": 32}}
{"target": 46.30733668804169, "params": {"n_estimators": 1653, "max_depth": 8, "learning_rate": 0.10008032609959643, "random_state": 32}}
{"target": 42.00746297836304, "params": {"n_estimators": 56, "max_depth": 3, "learning_rate": 0.10611894986589868, "random_state": 32}}
{"target": 49.626293778419495, "params": {"n_estimators": 23, "max_depth": 3, "learning_rate": 0.038464090294734014, "random_state": 32}}
{"target": 44.963122606277466, "params": {"n_estimators": 719, "max_depth": 6, "learning_rate": 0.014023677404427344, "random_state": 32}}
{"target": 45.87615251541138, "params": {"n_estimators": 527, "max_depth": 7, "learning_rate": 0.04310681848944829, "random_state": 32}}
{"target": 46.47069454193115, "params": {"n_estimators": 77, "max_depth": 8, "learning_rate": 0.06412411696739942, "random_state": 32}}
{"target": 46.00813865661621, "params": {"n_estimators": 663, "max_depth": 7, "learning_rate": 0.0450977212039074, "random_state": 32}}
{"target": 45.05635619163513, "params": {"n_estimators": 55, "max_depth": 7, "learning_rate": 0.10454161982705551, "random_state": 32}}
{"target": 45.182088017463684, "params": {"n_estimators": 718, "max_depth": 7, "learning_rate": 0.08789598816447391, "random_state": 32}}
{"target": 43.502575755119324, "params": {"n_estimators": 539, "max_depth": 3, "learning_rate": 0.0463965099084377, "random_state": 32}}
{"target": 47.2457081079483, "params": {"n_estimators": 147, "max_depth": 6, "learning_rate": 0.010951277617054092, "random_state": 32}}
{"target": 45.603798031806946, "params": {"n_estimators": 577, "max_depth": 8, "learning_rate": 0.05833605096988763, "random_state": 32}}
{"target": 44.46543574333191, "params": {"n_estimators": 697, "max_depth": 3, "learning_rate": 0.08647493995012771, "random_state": 32}}
{"target": 45.06243288516998, "params": {"n_estimators": 786, "max_depth": 3, "learning_rate": 0.06901775603877315, "random_state": 32}}
{"target": 46.12178385257721, "params": {"n_estimators": 110, "max_depth": 3, "learning_rate": 0.013796609870290263, "random_state": 32}}
{"target": 45.17070293426514, "params": {"n_estimators": 45, "max_depth": 6, "learning_rate": 0.09675162177869717, "random_state": 32}}
{"target": 46.75061285495758, "params": {"n_estimators": 1937, "max_depth": 30, "learning_rate": 0.2444804722396059, "random_state": 32}}
{"target": 44.92472171783447, "params": {"n_estimators": 38, "max_depth": 6, "learning_rate": 0.07279981127630579, "random_state": 32}}
{"target": 46.461448669433594, "params": {"n_estimators": 2428, "max_depth": 28, "learning_rate": 0.23600290320205375, "random_state": 32}}
{"target": 43.17564010620117, "params": {"n_estimators": 671, "max_depth": 4, "learning_rate": 0.01076218047522177, "random_state": 32}}
{"target": 43.81433308124542, "params": {"n_estimators": 713, "max_depth": 3, "learning_rate": 0.037116714638267614, "random_state": 32}}
{"target": 44.47391867637634, "params": {"n_estimators": 599, "max_depth": 3, "learning_rate": 0.055950299731104325, "random_state": 32}}
{"target": 46.25978171825409, "params": {"n_estimators": 3468, "max_depth": 10, "learning_rate": 0.05195048377711162, "random_state": 32}}
{"target": 48.16941022872925, "params": {"n_estimators": 44, "max_depth": 3, "learning_rate": 0.024952127522146712, "random_state": 32}}
{"target": 42.1953159570694, "params": {"n_estimators": 492, "max_depth": 3, "learning_rate": 0.01066775320790584, "random_state": 32}}
{"target": 44.94213163852692, "params": {"n_estimators": 504, "max_depth": 3, "learning_rate": 0.07039198072752083, "random_state": 32}}
{"target": 45.073397755622864, "params": {"n_estimators": 2804, "max_depth": 5, "learning_rate": 0.17555328959828323, "random_state": 32}}
{"target": 44.969268441200256, "params": {"n_estimators": 1404, "max_depth": 6, "learning_rate": 0.01204295482181616, "random_state": 32}}
{"target": 43.71605038642883, "params": {"n_estimators": 26, "max_depth": 3, "learning_rate": 0.08675947151507478, "random_state": 32}}
{"target": 45.48551023006439, "params": {"n_estimators": 683, "max_depth": 3, "learning_rate": 0.1141939232770544, "random_state": 32}}
{"target": 44.67341125011444, "params": {"n_estimators": 3488, "max_depth": 6, "learning_rate": 0.1525741385811752, "random_state": 32}}
{"target": 45.00593304634094, "params": {"n_estimators": 1361, "max_depth": 3, "learning_rate": 0.04767699053020738, "random_state": 32}}
{"target": 45.40340960025787, "params": {"n_estimators": 1286, "max_depth": 3, "learning_rate": 0.05086546804410137, "random_state": 32}}
{"target": 48.3665806055069, "params": {"n_estimators": 17, "max_depth": 3, "learning_rate": 0.062208344618863785, "random_state": 32}}
{"target": 51.60881221294403, "params": {"n_estimators": 15, "max_depth": 3, "learning_rate": 0.045319744919152354, "random_state": 32}}
{"target": 45.57552754878998, "params": {"n_estimators": 814, "max_depth": 7, "learning_rate": 0.09614012149014034, "random_state": 32}}
