{"target": 53.92850577831268, "params": {"n_estimators": 13, "max_depth": 7, "learning_rate": 0.04691497778013708, "random_state": 32}}
{"target": 43.307636976242065, "params": {"n_estimators": 32, "max_depth": 3, "learning_rate": 0.09780001698418694, "random_state": 32}}
{"target": 42.80219376087189, "params": {"n_estimators": 1119, "max_depth": 3, "learning_rate": 0.011824770952708157, "random_state": 32}}
{"target": 45.378628969192505, "params": {"n_estimators": 989, "max_depth": 7, "learning_rate": 0.04582353978846707, "random_state": 32}}
{"target": 44.657798409461975, "params": {"n_estimators": 735, "max_depth": 6, "learning_rate": 0.07585379489825678, "random_state": 32}}
{"target": 46.14521563053131, "params": {"n_estimators": 855, "max_depth": 7, "learning_rate": 0.042793460750735215, "random_state": 32}}
{"target": 43.35990607738495, "params": {"n_estimators": 605, "max_depth": 3, "learning_rate": 0.04024928142622873, "random_state": 32}}
{"target": 46.416112184524536, "params": {"n_estimators": 587, "max_depth": 7, "learning_rate": 0.04318512502428147, "random_state": 32}}
{"target": 54.631346464157104, "params": {"n_estimators": 40, "max_depth": 5, "learning_rate": 0.012625687759007027, "random_state": 32}}
{"target": 44.565210938453674, "params": {"n_estimators": 1105, "max_depth": 6, "learning_rate": 0.012137744551082491, "random_state": 32}}
{"target": 46.0106235742569, "params": {"n_estimators": 68, "max_depth": 7, "learning_rate": 0.08602930606637464, "random_state": 32}}
{"target": 44.91729199886322, "params": {"n_estimators": 605, "max_depth": 3, "learning_rate": 0.0961359898197287, "random_state": 32}}
{"target": 45.68430781364441, "params": {"n_estimators": 558, "max_depth": 7, "learning_rate": 0.05254562057054562, "random_state": 32}}
{"target": 45.3240829706192, "params": {"n_estimators": 796, "max_depth": 3, "learning_rate": 0.07686810478696976, "random_state": 32}}
{"target": 42.49656021595001, "params": {"n_estimators": 64, "max_depth": 3, "learning_rate": 0.09970085474303565, "random_state": 32}}
{"target": 43.96718442440033, "params": {"n_estimators": 513, "max_depth": 3, "learning_rate": 0.06477090472203333, "random_state": 32}}
{"target": 45.12041211128235, "params": {"n_estimators": 678, "max_depth": 3, "learning_rate": 0.07880484250002659, "random_state": 32}}
{"target": 45.0455778837204, "params": {"n_estimators": 523, "max_depth": 3, "learning_rate": 0.0742908235093957, "random_state": 32}}
{"target": 48.68163764476776, "params": {"n_estimators": 40, "max_depth": 8, "learning_rate": 0.04377920088574892, "random_state": 32}}
{"target": 47.630425691604614, "params": {"n_estimators": 38, "max_depth": 7, "learning_rate": 0.048496649111589726, "random_state": 32}}
{"target": 46.25516414642334, "params": {"n_estimators": 691, "max_depth": 7, "learning_rate": 0.05352016596303277, "random_state": 32}}
{"target": 43.04612457752228, "params": {"n_estimators": 696, "max_depth": 3, "learning_rate": 0.023543539160792933, "random_state": 32}}
{"target": 45.57837426662445, "params": {"n_estimators": 645, "max_depth": 7, "learning_rate": 0.10019016460266145, "random_state": 32}}
{"target": 41.9987952709198, "params": {"n_estimators": 419, "max_depth": 3, "learning_rate": 0.012997864945283315, "random_state": 32}}
{"target": 42.8170907497406, "params": {"n_estimators": 959, "max_depth": 3, "learning_rate": 0.014017194893192295, "random_state": 32}}
{"target": 46.267088651657104, "params": {"n_estimators": 2452, "max_depth": 19, "learning_rate": 0.2232336461090558, "random_state": 32}}
{"target": 46.939765214920044, "params": {"n_estimators": 36, "max_depth": 5, "learning_rate": 0.04246458656246138, "random_state": 32}}
{"target": 44.03606355190277, "params": {"n_estimators": 568, "max_depth": 3, "learning_rate": 0.049479889565546976, "random_state": 32}}
{"target": 43.87232065200806, "params": {"n_estimators": 507, "max_depth": 3, "learning_rate": 0.0519526178497852, "random_state": 32}}
{"target": 44.88428175449371, "params": {"n_estimators": 930, "max_depth": 6, "learning_rate": 0.14752053548300742, "random_state": 32}}
{"target": 46.471455097198486, "params": {"n_estimators": 75, "max_depth": 7, "learning_rate": 0.047822369675534944, "random_state": 32}}
{"target": 60.24432301521301, "params": {"n_estimators": 14, "max_depth": 5, "learning_rate": 0.010831724434408843, "random_state": 32}}
{"target": 59.21372413635254, "params": {"n_estimators": 13, "max_depth": 3, "learning_rate": 0.014028345180013078, "random_state": 32}}
{"target": 46.98404371738434, "params": {"n_estimators": 897, "max_depth": 11, "learning_rate": 0.01338006750443764, "random_state": 32}}
{"target": 45.542373061180115, "params": {"n_estimators": 630, "max_depth": 7, "learning_rate": 0.012509093055263362, "random_state": 32}}
{"target": 44.66929912567139, "params": {"n_estimators": 80, "max_depth": 6, "learning_rate": 0.08639106070799671, "random_state": 32}}
{"target": 46.59057378768921, "params": {"n_estimators": 52, "max_depth": 7, "learning_rate": 0.05735533291256194, "random_state": 32}}
{"target": 46.226940751075745, "params": {"n_estimators": 620, "max_depth": 7, "learning_rate": 0.013281049815701877, "random_state": 32}}
{"target": 45.9052848815918, "params": {"n_estimators": 705, "max_depth": 7, "learning_rate": 0.02576313844112308, "random_state": 32}}
{"target": 49.06333923339844, "params": {"n_estimators": 13, "max_depth": 6, "learning_rate": 0.08404915915412683, "random_state": 32}}
{"target": 42.52375781536102, "params": {"n_estimators": 40, "max_depth": 3, "learning_rate": 0.12153206687944845, "random_state": 32}}
{"target": 45.629780888557434, "params": {"n_estimators": 728, "max_depth": 3, "learning_rate": 0.11535085904647852, "random_state": 32}}
{"target": 52.79001235961914, "params": {"n_estimators": 10, "max_depth": 4, "learning_rate": 0.060072757585419176, "random_state": 32}}
{"target": 41.91192030906677, "params": {"n_estimators": 507, "max_depth": 3, "learning_rate": 0.012495796168598895, "random_state": 32}}
{"target": 44.201887249946594, "params": {"n_estimators": 871, "max_depth": 3, "learning_rate": 0.0475999871233206, "random_state": 32}}
{"target": 46.157283782958984, "params": {"n_estimators": 982, "max_depth": 7, "learning_rate": 0.08369687434977459, "random_state": 32}}
{"target": 44.72861468791962, "params": {"n_estimators": 523, "max_depth": 6, "learning_rate": 0.015892972675474737, "random_state": 32}}
{"target": 42.987751960754395, "params": {"n_estimators": 1222, "max_depth": 3, "learning_rate": 0.012563325394129837, "random_state": 32}}
{"target": 44.480093121528625, "params": {"n_estimators": 1635, "max_depth": 6, "learning_rate": 0.09009151973912152, "random_state": 32}}
{"target": 44.83179450035095, "params": {"n_estimators": 1223, "max_depth": 3, "learning_rate": 0.04269945232161959, "random_state": 32}}
{"target": 44.75826144218445, "params": {"n_estimators": 1175, "max_depth": 3, "learning_rate": 0.03875501181943536, "random_state": 32}}
{"target": 46.732462644577026, "params": {"n_estimators": 3112, "max_depth": 20, "learning_rate": 0.15144562860742514, "random_state": 32}}
{"target": 45.83743095397949, "params": {"n_estimators": 477, "max_depth": 7, "learning_rate": 0.01339973791949163, "random_state": 32}}
{"target": 46.198883056640625, "params": {"n_estimators": 1515, "max_depth": 7, "learning_rate": 0.04080697626524373, "random_state": 32}}
{"target": 43.28135848045349, "params": {"n_estimators": 32, "max_depth": 3, "learning_rate": 0.07726625970473647, "random_state": 32}}
{"target": 42.22789287567139, "params": {"n_estimators": 720, "max_depth": 3, "learning_rate": 0.013278532058998134, "random_state": 32}}
{"target": 46.68359398841858, "params": {"n_estimators": 1782, "max_depth": 30, "learning_rate": 0.12997225036629215, "random_state": 32}}
{"target": 44.733428955078125, "params": {"n_estimators": 738, "max_depth": 6, "learning_rate": 0.018393193582717227, "random_state": 32}}
{"target": 42.700528502464294, "params": {"n_estimators": 621, "max_depth": 3, "learning_rate": 0.020595885502741093, "random_state": 32}}
{"target": 43.04529130458832, "params": {"n_estimators": 570, "max_depth": 3, "learning_rate": 0.02670620388560888, "random_state": 32}}
{"target": 43.98965299129486, "params": {"n_estimators": 927, "max_depth": 4, "learning_rate": 0.01840005406393396, "random_state": 32}}
{"target": 42.87225902080536, "params": {"n_estimators": 1086, "max_depth": 3, "learning_rate": 0.013211400122704888, "random_state": 32}}
{"target": 42.771151661872864, "params": {"n_estimators": 657, "max_depth": 3, "learning_rate": 0.022336859396765076, "random_state": 32}}
{"target": 42.03845918178558, "params": {"n_estimators": 387, "max_depth": 3, "learning_rate": 0.017352018206264225, "random_state": 32}}
{"target": 50.47972857952118, "params": {"n_estimators": 91, "max_depth": 6, "learning_rate": 0.010686627574119853, "random_state": 32}}
{"target": 52.78770327568054, "params": {"n_estimators": 14, "max_depth": 7, "learning_rate": 0.052758290190089936, "random_state": 32}}
{"target": 43.84162485599518, "params": {"n_estimators": 568, "max_depth": 3, "learning_rate": 0.04963967352049725, "random_state": 32}}
{"target": 47.702789306640625, "params": {"n_estimators": 23, "max_depth": 3, "learning_rate": 0.050399819500042395, "random_state": 32}}
{"target": 42.10980534553528, "params": {"n_estimators": 103, "max_depth": 3, "learning_rate": 0.05849991281127581, "random_state": 32}}
{"target": 46.96789026260376, "params": {"n_estimators": 425, "max_depth": 23, "learning_rate": 0.1868055705691736, "random_state": 32}}
{"target": 44.686705470085144, "params": {"n_estimators": 920, "max_depth": 6, "learning_rate": 0.06162467079958623, "random_state": 32}}
{"target": 44.413753151893616, "params": {"n_estimators": 592, "max_depth": 6, "learning_rate": 0.04219550262261945, "random_state": 32}}
{"target": 44.52594339847565, "params": {"n_estimators": 1010, "max_depth": 3, "learning_rate": 0.05869466342444879, "random_state": 32}}
{"target": 41.99862778186798, "params": {"n_estimators": 75, "max_depth": 3, "learning_rate": 0.07859274031151736, "random_state": 32}}
{"target": 43.31369638442993, "params": {"n_estimators": 515, "max_depth": 3, "learning_rate": 0.0406340223509876, "random_state": 32}}
{"target": 45.08378803730011, "params": {"n_estimators": 873, "max_depth": 6, "learning_rate": 0.04758455109604683, "random_state": 32}}
{"target": 44.879910349845886, "params": {"n_estimators": 698, "max_depth": 3, "learning_rate": 0.07360842530275016, "random_state": 32}}
{"target": 45.735076665878296, "params": {"n_estimators": 626, "max_depth": 7, "learning_rate": 0.08996632983424785, "random_state": 32}}
{"target": 44.69999015331268, "params": {"n_estimators": 1060, "max_depth": 6, "learning_rate": 0.012471815651480693, "random_state": 32}}
{"target": 46.65628492832184, "params": {"n_estimators": 40, "max_depth": 9, "learning_rate": 0.10577521195887067, "random_state": 32}}
{"target": 44.94958996772766, "params": {"n_estimators": 446, "max_depth": 6, "learning_rate": 0.01093642371498299, "random_state": 32}}
{"target": 45.42612612247467, "params": {"n_estimators": 3656, "max_depth": 3, "learning_rate": 0.08380077396196746, "random_state": 32}}
{"target": 46.24553620815277, "params": {"n_estimators": 43, "max_depth": 3, "learning_rate": 0.03424027785314755, "random_state": 32}}
{"target": 42.023576498031616, "params": {"n_estimators": 510, "max_depth": 3, "learning_rate": 0.0157488529764769, "random_state": 32}}
{"target": 58.71292293071747, "params": {"n_estimators": 12, "max_depth": 3, "learning_rate": 0.0172428830771535, "random_state": 32}}
{"target": 45.94824016094208, "params": {"n_estimators": 1433, "max_depth": 7, "learning_rate": 0.010175301653106388, "random_state": 32}}
{"target": 42.66740798950195, "params": {"n_estimators": 1102, "max_depth": 3, "learning_rate": 0.012665737923142593, "random_state": 32}}
{"target": 44.04854953289032, "params": {"n_estimators": 1548, "max_depth": 5, "learning_rate": 0.012822306286761991, "random_state": 32}}
{"target": 45.14228045940399, "params": {"n_estimators": 1394, "max_depth": 3, "learning_rate": 0.07750847094569147, "random_state": 32}}
{"target": 44.94025111198425, "params": {"n_estimators": 794, "max_depth": 6, "learning_rate": 0.12140255201945521, "random_state": 32}}
{"target": 44.67917859554291, "params": {"n_estimators": 658, "max_depth": 3, "learning_rate": 0.06323160603702586, "random_state": 32}}
{"target": 44.62521970272064, "params": {"n_estimators": 657, "max_depth": 6, "learning_rate": 0.06843142033414762, "random_state": 32}}
{"target": 46.39151632785797, "params": {"n_estimators": 730, "max_depth": 7, "learning_rate": 0.058250674082484716, "random_state": 32}}
{"target": 41.989322900772095, "params": {"n_estimators": 68, "max_depth": 3, "learning_rate": 0.08452708792353693, "random_state": 32}}
{"target": 45.88378548622131, "params": {"n_estimators": 97, "max_depth": 7, "learning_rate": 0.14293481608853992, "random_state": 32}}
{"target": 42.156142592430115, "params": {"n_estimators": 808, "max_depth": 3, "learning_rate": 0.01023212005721108, "random_state": 32}}
{"target": 44.32776987552643, "params": {"n_estimators": 509, "max_depth": 6, "learning_rate": 0.05527884308172982, "random_state": 32}}
{"target": 43.68501543998718, "params": {"n_estimators": 546, "max_depth": 3, "learning_rate": 0.04697355126905467, "random_state": 32}}
{"target": 46.47073686122894, "params": {"n_estimators": 2969, "max_depth": 13, "learning_rate": 0.12206778233118498, "random_state": 32}}
{"target": 43.914432525634766, "params": {"n_estimators": 718, "max_depth": 3, "learning_rate": 0.0453614398959093, "random_state": 32}}
{"target": 47.43298888206482, "params": {"n_estimators": 3617, "max_depth": 21, "learning_rate": 0.298715856013547, "random_state": 32}}
{"target": 46.83797478675842, "params": {"n_estimators": 2582, "max_depth": 14, "learning_rate": 0.09939384908403562, "random_state": 32}}
{"target": 46.85219168663025, "params": {"n_estimators": 687, "max_depth": 11, "learning_rate": 0.04159473993148172, "random_state": 32}}
{"target": 46.08496308326721, "params": {"n_estimators": 34, "max_depth": 3, "learning_rate": 0.04342311626352278, "random_state": 32}}
{"target": 47.8085732460022, "params": {"n_estimators": 35, "max_depth": 3, "learning_rate": 0.03320928758227428, "random_state": 32}}
{"target": 44.77304697036743, "params": {"n_estimators": 511, "max_depth": 6, "learning_rate": 0.05322103055017727, "random_state": 32}}
{"target": 48.70546877384186, "params": {"n_estimators": 16, "max_depth": 10, "learning_rate": 0.09385641678298365, "random_state": 32}}
{"target": 47.228423953056335, "params": {"n_estimators": 224, "max_depth": 10, "learning_rate": 0.010059981172694542, "random_state": 32}}
{"target": 44.1693377494812, "params": {"n_estimators": 562, "max_depth": 6, "learning_rate": 0.09084076637677671, "random_state": 32}}
{"target": 46.060460805892944, "params": {"n_estimators": 868, "max_depth": 3, "learning_rate": 0.10303938468291036, "random_state": 32}}
{"target": 45.45400083065033, "params": {"n_estimators": 857, "max_depth": 3, "learning_rate": 0.09700085888252397, "random_state": 32}}
{"target": 42.43139684200287, "params": {"n_estimators": 75, "max_depth": 3, "learning_rate": 0.11501520005277609, "random_state": 32}}
{"target": 46.11546337604523, "params": {"n_estimators": 69, "max_depth": 7, "learning_rate": 0.05774523136756627, "random_state": 32}}
{"target": 45.11508345603943, "params": {"n_estimators": 51, "max_depth": 6, "learning_rate": 0.06062475783448386, "random_state": 32}}
{"target": 44.98715937137604, "params": {"n_estimators": 21, "max_depth": 3, "learning_rate": 0.0838384422361461, "random_state": 32}}
{"target": 43.07348191738129, "params": {"n_estimators": 41, "max_depth": 3, "learning_rate": 0.0719624516317259, "random_state": 32}}
{"target": 42.47150182723999, "params": {"n_estimators": 881, "max_depth": 3, "learning_rate": 0.012490513766157646, "random_state": 32}}
{"target": 46.2161386013031, "params": {"n_estimators": 513, "max_depth": 7, "learning_rate": 0.03263017718478976, "random_state": 32}}
{"target": 45.408486127853394, "params": {"n_estimators": 2349, "max_depth": 3, "learning_rate": 0.036189304803284555, "random_state": 32}}
{"target": 45.061461329460144, "params": {"n_estimators": 1151, "max_depth": 3, "learning_rate": 0.06192138370502924, "random_state": 32}}
{"target": 46.92083120346069, "params": {"n_estimators": 50, "max_depth": 3, "learning_rate": 0.02652079165790078, "random_state": 32}}
{"target": 48.56307804584503, "params": {"n_estimators": 15, "max_depth": 3, "learning_rate": 0.0678440453319808, "random_state": 32}}
{"target": 44.79201376438141, "params": {"n_estimators": 504, "max_depth": 3, "learning_rate": 0.08852401161583065, "random_state": 32}}
{"target": 46.750375628471375, "params": {"n_estimators": 250, "max_depth": 29, "learning_rate": 0.1499308517997397, "random_state": 32}}
{"target": 46.594728231430054, "params": {"n_estimators": 2289, "max_depth": 23, "learning_rate": 0.06411810675833036, "random_state": 32}}
{"target": 46.977816224098206, "params": {"n_estimators": 1141, "max_depth": 29, "learning_rate": 0.01518892322605428, "random_state": 32}}
{"target": 45.29421508312225, "params": {"n_estimators": 480, "max_depth": 3, "learning_rate": 0.13447876179435822, "random_state": 32}}
{"target": 44.7896534204483, "params": {"n_estimators": 564, "max_depth": 6, "learning_rate": 0.04259996333058291, "random_state": 32}}
{"target": 42.31155037879944, "params": {"n_estimators": 884, "max_depth": 3, "learning_rate": 0.010417955390318194, "random_state": 32}}
{"target": 45.19861578941345, "params": {"n_estimators": 1390, "max_depth": 6, "learning_rate": 0.06584768137889059, "random_state": 32}}
{"target": 43.140966296195984, "params": {"n_estimators": 39, "max_depth": 3, "learning_rate": 0.07537058191754678, "random_state": 32}}
{"target": 49.20936405658722, "params": {"n_estimators": 106, "max_depth": 8, "learning_rate": 0.013765673902075611, "random_state": 32}}
{"target": 45.647438168525696, "params": {"n_estimators": 704, "max_depth": 7, "learning_rate": 0.012069138858552084, "random_state": 32}}
{"target": 44.902249574661255, "params": {"n_estimators": 1083, "max_depth": 6, "learning_rate": 0.04513349327526753, "random_state": 32}}
{"target": 41.85671925544739, "params": {"n_estimators": 396, "max_depth": 3, "learning_rate": 0.01785816184426751, "random_state": 32}}
{"target": 49.867814779281616, "params": {"n_estimators": 88, "max_depth": 5, "learning_rate": 0.011105140718248106, "random_state": 32}}
{"target": 50.99152207374573, "params": {"n_estimators": 19, "max_depth": 3, "learning_rate": 0.03908057009212211, "random_state": 32}}
{"target": 50.84640622138977, "params": {"n_estimators": 17, "max_depth": 8, "learning_rate": 0.06290132203109414, "random_state": 32}}
{"target": 44.788161516189575, "params": {"n_estimators": 537, "max_depth": 6, "learning_rate": 0.04886845573876006, "random_state": 32}}
{"target": 42.66544044017792, "params": {"n_estimators": 656, "max_depth": 3, "learning_rate": 0.01794413008776124, "random_state": 32}}
{"target": 45.953503251075745, "params": {"n_estimators": 1119, "max_depth": 10, "learning_rate": 0.012892121611246636, "random_state": 32}}
{"target": 44.5954030752182, "params": {"n_estimators": 785, "max_depth": 3, "learning_rate": 0.07841492761837288, "random_state": 32}}
{"target": 46.197972893714905, "params": {"n_estimators": 529, "max_depth": 7, "learning_rate": 0.08529008387873152, "random_state": 32}}
{"target": 45.54765582084656, "params": {"n_estimators": 280, "max_depth": 7, "learning_rate": 0.1086009957568881, "random_state": 32}}
{"target": 43.15324127674103, "params": {"n_estimators": 42, "max_depth": 3, "learning_rate": 0.06483851409842066, "random_state": 32}}
{"target": 47.851513624191284, "params": {"n_estimators": 43, "max_depth": 8, "learning_rate": 0.042527181562113464, "random_state": 32}}
{"target": 45.47523319721222, "params": {"n_estimators": 674, "max_depth": 6, "learning_rate": 0.06866423165193808, "random_state": 32}}
{"target": 45.510830879211426, "params": {"n_estimators": 688, "max_depth": 7, "learning_rate": 0.07666376404406948, "random_state": 32}}
{"target": 46.41601800918579, "params": {"n_estimators": 86, "max_depth": 7, "learning_rate": 0.030399962819327137, "random_state": 32}}
{"target": 43.73259663581848, "params": {"n_estimators": 602, "max_depth": 3, "learning_rate": 0.035370054345146215, "random_state": 32}}
{"target": 45.08733034133911, "params": {"n_estimators": 503, "max_depth": 6, "learning_rate": 0.05896402747031122, "random_state": 32}}
{"target": 43.91805648803711, "params": {"n_estimators": 604, "max_depth": 3, "learning_rate": 0.04361721599499131, "random_state": 32}}
{"target": 43.91531765460968, "params": {"n_estimators": 612, "max_depth": 3, "learning_rate": 0.05037057415664585, "random_state": 32}}
{"target": 44.88297879695892, "params": {"n_estimators": 61, "max_depth": 6, "learning_rate": 0.06377281259268677, "random_state": 32}}
{"target": 43.89751613140106, "params": {"n_estimators": 636, "max_depth": 3, "learning_rate": 0.05201597461066546, "random_state": 32}}
{"target": 45.24114429950714, "params": {"n_estimators": 3820, "max_depth": 3, "learning_rate": 0.18921287949913748, "random_state": 32}}
{"target": 42.832210659980774, "params": {"n_estimators": 277, "max_depth": 3, "learning_rate": 0.0537178743013159, "random_state": 32}}
{"target": 45.319676995277405, "params": {"n_estimators": 324, "max_depth": 3, "learning_rate": 0.1474559736408711, "random_state": 32}}
{"target": 47.52725660800934, "params": {"n_estimators": 52, "max_depth": 3, "learning_rate": 0.023299045749601274, "random_state": 32}}
{"target": 44.12540256977081, "params": {"n_estimators": 698, "max_depth": 6, "learning_rate": 0.08926972398454078, "random_state": 32}}
