{"target": 44.594075083732605, "params": {"n_estimators": 1037, "max_depth": 3, "learning_rate": 0.04724860619395531, "random_state": 32}}
{"target": 45.63012778759003, "params": {"n_estimators": 26, "max_depth": 6, "learning_rate": 0.07864420455815405, "random_state": 32}}
{"target": 45.55814206600189, "params": {"n_estimators": 1216, "max_depth": 3, "learning_rate": 0.06881460059466879, "random_state": 32}}
{"target": 42.6856929063797, "params": {"n_estimators": 40, "max_depth": 3, "learning_rate": 0.10054889841997121, "random_state": 32}}
{"target": 45.61432480812073, "params": {"n_estimators": 497, "max_depth": 6, "learning_rate": 0.03932654108601253, "random_state": 32}}
{"target": 47.18579292297363, "params": {"n_estimators": 4648, "max_depth": 15, "learning_rate": 0.10126336948302253, "random_state": 32}}
{"target": 48.29975426197052, "params": {"n_estimators": 34, "max_depth": 9, "learning_rate": 0.05543280912002728, "random_state": 32}}
{"target": 53.343098163604736, "params": {"n_estimators": 31, "max_depth": 3, "learning_rate": 0.017403624590600984, "random_state": 32}}
{"target": 44.38208281993866, "params": {"n_estimators": 471, "max_depth": 3, "learning_rate": 0.0711681645201376, "random_state": 32}}
{"target": 46.73561751842499, "params": {"n_estimators": 13, "max_depth": 3, "learning_rate": 0.10374594476072801, "random_state": 32}}
{"target": 44.56713318824768, "params": {"n_estimators": 1144, "max_depth": 6, "learning_rate": 0.04765316206734066, "random_state": 32}}
{"target": 45.8470892906189, "params": {"n_estimators": 1739, "max_depth": 8, "learning_rate": 0.010001239471077174, "random_state": 32}}
{"target": 45.662697553634644, "params": {"n_estimators": 1222, "max_depth": 3, "learning_rate": 0.09467407709019576, "random_state": 32}}
{"target": 45.01153767108917, "params": {"n_estimators": 1192, "max_depth": 6, "learning_rate": 0.08740120730661016, "random_state": 32}}
{"target": 44.629578590393066, "params": {"n_estimators": 1024, "max_depth": 3, "learning_rate": 0.04154440850707273, "random_state": 32}}
{"target": 44.15680229663849, "params": {"n_estimators": 672, "max_depth": 3, "learning_rate": 0.04477617913135354, "random_state": 32}}
{"target": 43.69384407997131, "params": {"n_estimators": 493, "max_depth": 3, "learning_rate": 0.04968577601115175, "random_state": 32}}
{"target": 44.63970065116882, "params": {"n_estimators": 1117, "max_depth": 3, "learning_rate": 0.03934567977271648, "random_state": 32}}
{"target": 46.1184161901474, "params": {"n_estimators": 43, "max_depth": 10, "learning_rate": 0.08700590440861772, "random_state": 32}}
{"target": 45.09757339954376, "params": {"n_estimators": 537, "max_depth": 3, "learning_rate": 0.07625542307133024, "random_state": 32}}
{"target": 43.36524307727814, "params": {"n_estimators": 52, "max_depth": 3, "learning_rate": 0.048665012358308335, "random_state": 32}}
{"target": 44.38517212867737, "params": {"n_estimators": 438, "max_depth": 3, "learning_rate": 0.07328852486610252, "random_state": 32}}
{"target": 44.50369894504547, "params": {"n_estimators": 1022, "max_depth": 3, "learning_rate": 0.038151501555674025, "random_state": 32}}
{"target": 45.14990746974945, "params": {"n_estimators": 623, "max_depth": 6, "learning_rate": 0.0649126279552998, "random_state": 32}}
{"target": 45.73197782039642, "params": {"n_estimators": 705, "max_depth": 7, "learning_rate": 0.07474213326425555, "random_state": 32}}
{"target": 46.933775544166565, "params": {"n_estimators": 24, "max_depth": 7, "learning_rate": 0.08831097602500662, "random_state": 32}}
{"target": 44.92915630340576, "params": {"n_estimators": 972, "max_depth": 6, "learning_rate": 0.011865265408064478, "random_state": 32}}
{"target": 41.82227551937103, "params": {"n_estimators": 670, "max_depth": 3, "learning_rate": 0.010734780451176816, "random_state": 32}}
{"target": 42.40725815296173, "params": {"n_estimators": 781, "max_depth": 3, "learning_rate": 0.014157500178291765, "random_state": 32}}
{"target": 56.13002955913544, "params": {"n_estimators": 37, "max_depth": 10, "learning_rate": 0.012734200241314796, "random_state": 32}}
{"target": 46.52954339981079, "params": {"n_estimators": 1163, "max_depth": 7, "learning_rate": 0.010723490926973967, "random_state": 32}}
{"target": 43.588698506355286, "params": {"n_estimators": 1720, "max_depth": 3, "learning_rate": 0.0129883972768623, "random_state": 32}}
{"target": 46.963785886764526, "params": {"n_estimators": 381, "max_depth": 11, "learning_rate": 0.01593278984328065, "random_state": 32}}
{"target": 47.553046345710754, "params": {"n_estimators": 857, "max_depth": 11, "learning_rate": 0.2946694856423105, "random_state": 32}}
{"target": 42.14205265045166, "params": {"n_estimators": 828, "max_depth": 3, "learning_rate": 0.011509911665406788, "random_state": 32}}
{"target": 47.29032337665558, "params": {"n_estimators": 15, "max_depth": 3, "learning_rate": 0.08068119194441939, "random_state": 32}}
{"target": 43.50766181945801, "params": {"n_estimators": 1211, "max_depth": 3, "learning_rate": 0.02042631126961797, "random_state": 32}}
{"target": 44.87060844898224, "params": {"n_estimators": 686, "max_depth": 6, "learning_rate": 0.08871651249746254, "random_state": 32}}
{"target": 43.278860449790955, "params": {"n_estimators": 1302, "max_depth": 3, "learning_rate": 0.01557274298407526, "random_state": 32}}
{"target": 44.90559935569763, "params": {"n_estimators": 690, "max_depth": 7, "learning_rate": 0.12373343072238058, "random_state": 32}}
{"target": 50.04680812358856, "params": {"n_estimators": 90, "max_depth": 6, "learning_rate": 0.01157772167693892, "random_state": 32}}
{"target": 46.85163080692291, "params": {"n_estimators": 2769, "max_depth": 10, "learning_rate": 0.16858635500321761, "random_state": 32}}
{"target": 44.91308808326721, "params": {"n_estimators": 810, "max_depth": 6, "learning_rate": 0.054418051057444614, "random_state": 32}}
{"target": 46.545904874801636, "params": {"n_estimators": 4652, "max_depth": 24, "learning_rate": 0.24094796088941584, "random_state": 32}}
{"target": 43.87588977813721, "params": {"n_estimators": 832, "max_depth": 5, "learning_rate": 0.010326677734123548, "random_state": 32}}
{"target": 44.736196994781494, "params": {"n_estimators": 840, "max_depth": 6, "learning_rate": 0.04597624178910215, "random_state": 32}}
{"target": 44.16259050369263, "params": {"n_estimators": 1990, "max_depth": 6, "learning_rate": 0.06319092544964318, "random_state": 32}}
{"target": 44.47818398475647, "params": {"n_estimators": 415, "max_depth": 6, "learning_rate": 0.045188505711351946, "random_state": 32}}
{"target": 47.15647876262665, "params": {"n_estimators": 1005, "max_depth": 11, "learning_rate": 0.09943420452407489, "random_state": 32}}
{"target": 44.67386305332184, "params": {"n_estimators": 40, "max_depth": 6, "learning_rate": 0.08408046199298112, "random_state": 32}}
{"target": 53.98471176624298, "params": {"n_estimators": 14, "max_depth": 6, "learning_rate": 0.04060592530897733, "random_state": 32}}
{"target": 45.54293513298035, "params": {"n_estimators": 1371, "max_depth": 7, "learning_rate": 0.04455558883868947, "random_state": 32}}
{"target": 46.099854707717896, "params": {"n_estimators": 22, "max_depth": 6, "learning_rate": 0.10206158360623604, "random_state": 32}}
{"target": 45.311715602874756, "params": {"n_estimators": 468, "max_depth": 3, "learning_rate": 0.09022192237407076, "random_state": 32}}
{"target": 45.40452420711517, "params": {"n_estimators": 673, "max_depth": 6, "learning_rate": 0.1129569692519364, "random_state": 32}}
{"target": 45.61481535434723, "params": {"n_estimators": 597, "max_depth": 3, "learning_rate": 0.09879417773545385, "random_state": 32}}
{"target": 46.52822434902191, "params": {"n_estimators": 54, "max_depth": 7, "learning_rate": 0.05321601887732891, "random_state": 32}}
{"target": 44.42458093166351, "params": {"n_estimators": 556, "max_depth": 3, "learning_rate": 0.05079889137111168, "random_state": 32}}
{"target": 44.32705283164978, "params": {"n_estimators": 726, "max_depth": 3, "learning_rate": 0.08904204025089735, "random_state": 32}}
{"target": 44.27382051944733, "params": {"n_estimators": 36, "max_depth": 3, "learning_rate": 0.05807240831231272, "random_state": 32}}
{"target": 43.56353044509888, "params": {"n_estimators": 458, "max_depth": 3, "learning_rate": 0.04914527890688647, "random_state": 32}}
{"target": 43.52568984031677, "params": {"n_estimators": 624, "max_depth": 3, "learning_rate": 0.04772952435491236, "random_state": 32}}
{"target": 45.157873034477234, "params": {"n_estimators": 1121, "max_depth": 6, "learning_rate": 0.012123802611302893, "random_state": 32}}
{"target": 45.66331446170807, "params": {"n_estimators": 1392, "max_depth": 6, "learning_rate": 0.05884081788816172, "random_state": 32}}
{"target": 45.23159861564636, "params": {"n_estimators": 551, "max_depth": 6, "learning_rate": 0.038047841702627226, "random_state": 32}}
{"target": 44.8575896024704, "params": {"n_estimators": 587, "max_depth": 6, "learning_rate": 0.011631431171071564, "random_state": 32}}
{"target": 51.17356359958649, "params": {"n_estimators": 10, "max_depth": 3, "learning_rate": 0.07063599924264205, "random_state": 32}}
{"target": 44.860254526138306, "params": {"n_estimators": 1518, "max_depth": 6, "learning_rate": 0.014604437300681256, "random_state": 32}}
{"target": 42.387468218803406, "params": {"n_estimators": 670, "max_depth": 3, "learning_rate": 0.016257901095902784, "random_state": 32}}
{"target": 42.61386752128601, "params": {"n_estimators": 757, "max_depth": 3, "learning_rate": 0.015159639440064883, "random_state": 32}}
{"target": 42.72501528263092, "params": {"n_estimators": 40, "max_depth": 3, "learning_rate": 0.09621703406572801, "random_state": 32}}
{"target": 44.76626396179199, "params": {"n_estimators": 566, "max_depth": 6, "learning_rate": 0.07908680509741897, "random_state": 32}}
{"target": 50.43161928653717, "params": {"n_estimators": 17, "max_depth": 3, "learning_rate": 0.04663645741071756, "random_state": 32}}
{"target": 42.73738086223602, "params": {"n_estimators": 900, "max_depth": 3, "learning_rate": 0.014449262465493495, "random_state": 32}}
{"target": 45.70836365222931, "params": {"n_estimators": 1082, "max_depth": 3, "learning_rate": 0.0660049725100649, "random_state": 32}}
{"target": 47.252026200294495, "params": {"n_estimators": 3108, "max_depth": 11, "learning_rate": 0.016231680863486392, "random_state": 32}}
{"target": 44.28910553455353, "params": {"n_estimators": 1195, "max_depth": 6, "learning_rate": 0.07655511983798606, "random_state": 32}}
{"target": 48.343485593795776, "params": {"n_estimators": 23, "max_depth": 8, "learning_rate": 0.07211341647749087, "random_state": 32}}
{"target": 52.68603265285492, "params": {"n_estimators": 55, "max_depth": 3, "learning_rate": 0.010770903655917955, "random_state": 32}}
{"target": 42.78643310070038, "params": {"n_estimators": 1253, "max_depth": 3, "learning_rate": 0.011767736433738995, "random_state": 32}}
{"target": 53.32029700279236, "params": {"n_estimators": 58, "max_depth": 6, "learning_rate": 0.01090473545460648, "random_state": 32}}
{"target": 46.87679409980774, "params": {"n_estimators": 192, "max_depth": 14, "learning_rate": 0.1215817373000384, "random_state": 32}}
{"target": 44.993778467178345, "params": {"n_estimators": 524, "max_depth": 6, "learning_rate": 0.04989020376652134, "random_state": 32}}
{"target": 45.541489124298096, "params": {"n_estimators": 589, "max_depth": 7, "learning_rate": 0.06325570827288857, "random_state": 32}}
{"target": 44.60812270641327, "params": {"n_estimators": 612, "max_depth": 6, "learning_rate": 0.07163030275909482, "random_state": 32}}
{"target": 45.03266990184784, "params": {"n_estimators": 590, "max_depth": 6, "learning_rate": 0.049534764582215854, "random_state": 32}}
{"target": 43.410181403160095, "params": {"n_estimators": 450, "max_depth": 3, "learning_rate": 0.04392928099057186, "random_state": 32}}
{"target": 44.76257920265198, "params": {"n_estimators": 662, "max_depth": 6, "learning_rate": 0.06797314358867727, "random_state": 32}}
{"target": 44.98126983642578, "params": {"n_estimators": 686, "max_depth": 3, "learning_rate": 0.08691430412741395, "random_state": 32}}
{"target": 42.13928043842316, "params": {"n_estimators": 720, "max_depth": 3, "learning_rate": 0.013427118838542727, "random_state": 32}}
{"target": 44.77714121341705, "params": {"n_estimators": 609, "max_depth": 5, "learning_rate": 0.1286050856877765, "random_state": 32}}
{"target": 43.7007737159729, "params": {"n_estimators": 523, "max_depth": 3, "learning_rate": 0.04445539547457628, "random_state": 32}}
{"target": 46.28083527088165, "params": {"n_estimators": 3265, "max_depth": 29, "learning_rate": 0.22340752103785483, "random_state": 32}}
{"target": 45.79913675785065, "params": {"n_estimators": 1141, "max_depth": 3, "learning_rate": 0.0791582986329655, "random_state": 32}}
{"target": 51.819732785224915, "params": {"n_estimators": 22, "max_depth": 10, "learning_rate": 0.04347585636156162, "random_state": 32}}
{"target": 45.70417761802673, "params": {"n_estimators": 40, "max_depth": 7, "learning_rate": 0.11531992754511974, "random_state": 32}}
{"target": 46.23655557632446, "params": {"n_estimators": 29, "max_depth": 3, "learning_rate": 0.05080484318452323, "random_state": 32}}
{"target": 44.8097962141037, "params": {"n_estimators": 94, "max_depth": 6, "learning_rate": 0.04369854020636349, "random_state": 32}}
{"target": 45.11940002441406, "params": {"n_estimators": 633, "max_depth": 3, "learning_rate": 0.1346485719606616, "random_state": 32}}
{"target": 46.02360546588898, "params": {"n_estimators": 727, "max_depth": 10, "learning_rate": 0.011448445672263234, "random_state": 32}}
{"target": 45.684205293655396, "params": {"n_estimators": 35, "max_depth": 3, "learning_rate": 0.045606399726126456, "random_state": 32}}
{"target": 44.60468232631683, "params": {"n_estimators": 676, "max_depth": 3, "learning_rate": 0.0699424432486083, "random_state": 32}}
{"target": 44.39511001110077, "params": {"n_estimators": 474, "max_depth": 3, "learning_rate": 0.08276143308430436, "random_state": 32}}
{"target": 45.83101809024811, "params": {"n_estimators": 1112, "max_depth": 10, "learning_rate": 0.08656706581285785, "random_state": 32}}
{"target": 44.54479396343231, "params": {"n_estimators": 916, "max_depth": 6, "learning_rate": 0.010345691196373808, "random_state": 32}}
{"target": 46.40777587890625, "params": {"n_estimators": 725, "max_depth": 29, "learning_rate": 0.09303110842273415, "random_state": 32}}
{"target": 48.50511193275452, "params": {"n_estimators": 20, "max_depth": 6, "learning_rate": 0.06216838319038585, "random_state": 32}}
{"target": 46.836199164390564, "params": {"n_estimators": 850, "max_depth": 15, "learning_rate": 0.017528857358570307, "random_state": 32}}
{"target": 44.7451776266098, "params": {"n_estimators": 733, "max_depth": 6, "learning_rate": 0.01080393102481202, "random_state": 32}}
{"target": 44.3627667427063, "params": {"n_estimators": 1213, "max_depth": 6, "learning_rate": 0.04500589808422138, "random_state": 32}}
{"target": 46.77642345428467, "params": {"n_estimators": 18, "max_depth": 7, "learning_rate": 0.10873409681618323, "random_state": 32}}
{"target": 42.30846643447876, "params": {"n_estimators": 43, "max_depth": 3, "learning_rate": 0.09434596570771113, "random_state": 32}}
{"target": 47.01824247837067, "params": {"n_estimators": 2373, "max_depth": 21, "learning_rate": 0.11576048787287607, "random_state": 32}}
{"target": 45.006309151649475, "params": {"n_estimators": 1341, "max_depth": 3, "learning_rate": 0.040411462088899355, "random_state": 32}}
{"target": 44.02504086494446, "params": {"n_estimators": 2761, "max_depth": 3, "learning_rate": 0.012597503274215688, "random_state": 32}}
{"target": 44.246774315834045, "params": {"n_estimators": 478, "max_depth": 6, "learning_rate": 0.07769455622941952, "random_state": 32}}
{"target": 43.32615315914154, "params": {"n_estimators": 1311, "max_depth": 3, "learning_rate": 0.012891945580853078, "random_state": 32}}
{"target": 42.82941997051239, "params": {"n_estimators": 1362, "max_depth": 3, "learning_rate": 0.010301170388476272, "random_state": 32}}
{"target": 44.353758096694946, "params": {"n_estimators": 655, "max_depth": 3, "learning_rate": 0.06038653104025422, "random_state": 32}}
{"target": 44.956185817718506, "params": {"n_estimators": 20, "max_depth": 3, "learning_rate": 0.08795577495428471, "random_state": 32}}
{"target": 47.04979658126831, "params": {"n_estimators": 1459, "max_depth": 19, "learning_rate": 0.18969308857179268, "random_state": 32}}
{"target": 52.96583592891693, "params": {"n_estimators": 11, "max_depth": 3, "learning_rate": 0.050997705044699464, "random_state": 32}}
{"target": 45.21906554698944, "params": {"n_estimators": 1525, "max_depth": 7, "learning_rate": 0.1304732619382747, "random_state": 32}}
{"target": 45.73729932308197, "params": {"n_estimators": 702, "max_depth": 7, "learning_rate": 0.039494337681402265, "random_state": 32}}
{"target": 46.04844808578491, "params": {"n_estimators": 4204, "max_depth": 9, "learning_rate": 0.15015170119443885, "random_state": 32}}
{"target": 46.64306879043579, "params": {"n_estimators": 33, "max_depth": 6, "learning_rate": 0.05050136242650182, "random_state": 32}}
{"target": 49.89744961261749, "params": {"n_estimators": 21, "max_depth": 7, "learning_rate": 0.05415783290393558, "random_state": 32}}
{"target": 48.722355365753174, "params": {"n_estimators": 49, "max_depth": 3, "learning_rate": 0.02070191220905855, "random_state": 32}}
{"target": 45.25756478309631, "params": {"n_estimators": 515, "max_depth": 3, "learning_rate": 0.1101433672321508, "random_state": 32}}
{"target": 42.078049182891846, "params": {"n_estimators": 577, "max_depth": 3, "learning_rate": 0.013918847390173772, "random_state": 32}}
{"target": 56.447463035583496, "params": {"n_estimators": 35, "max_depth": 7, "learning_rate": 0.011331005821638266, "random_state": 32}}
{"target": 46.983739137649536, "params": {"n_estimators": 4486, "max_depth": 13, "learning_rate": 0.22902841681232722, "random_state": 32}}
{"target": 42.286027669906616, "params": {"n_estimators": 1035, "max_depth": 3, "learning_rate": 0.010117531567213692, "random_state": 32}}
{"target": 43.27553689479828, "params": {"n_estimators": 490, "max_depth": 3, "learning_rate": 0.03938157773018908, "random_state": 32}}
{"target": 47.076125741004944, "params": {"n_estimators": 1087, "max_depth": 25, "learning_rate": 0.15963410623684698, "random_state": 32}}
{"target": 52.74230659008026, "params": {"n_estimators": 42, "max_depth": 3, "learning_rate": 0.013994765169912438, "random_state": 32}}
{"target": 44.82247591018677, "params": {"n_estimators": 529, "max_depth": 6, "learning_rate": 0.10874967795977437, "random_state": 32}}
{"target": 42.96172559261322, "params": {"n_estimators": 323, "max_depth": 3, "learning_rate": 0.010267114384338598, "random_state": 32}}
{"target": 42.08873927593231, "params": {"n_estimators": 840, "max_depth": 3, "learning_rate": 0.010680241652912236, "random_state": 32}}
{"target": 41.959771513938904, "params": {"n_estimators": 585, "max_depth": 3, "learning_rate": 0.010370999626663505, "random_state": 32}}
{"target": 44.115936160087585, "params": {"n_estimators": 676, "max_depth": 3, "learning_rate": 0.03702853576875785, "random_state": 32}}
{"target": 45.199936628341675, "params": {"n_estimators": 788, "max_depth": 6, "learning_rate": 0.04318406125684834, "random_state": 32}}
{"target": 46.37065410614014, "params": {"n_estimators": 19, "max_depth": 7, "learning_rate": 0.1258940689569173, "random_state": 32}}
{"target": 45.239102244377136, "params": {"n_estimators": 1261, "max_depth": 3, "learning_rate": 0.07567062958191742, "random_state": 32}}
{"target": 45.929991602897644, "params": {"n_estimators": 622, "max_depth": 8, "learning_rate": 0.01004597608666166, "random_state": 32}}
{"target": 44.479506611824036, "params": {"n_estimators": 30, "max_depth": 3, "learning_rate": 0.0636052238210046, "random_state": 32}}
{"target": 44.16629076004028, "params": {"n_estimators": 536, "max_depth": 3, "learning_rate": 0.05779375415364153, "random_state": 32}}
{"target": 46.027761697769165, "params": {"n_estimators": 560, "max_depth": 8, "learning_rate": 0.010746426395643185, "random_state": 32}}
{"target": 44.55798864364624, "params": {"n_estimators": 482, "max_depth": 3, "learning_rate": 0.0812561385027377, "random_state": 32}}
{"target": 46.44853711128235, "params": {"n_estimators": 765, "max_depth": 10, "learning_rate": 0.03654136048014298, "random_state": 32}}
{"target": 45.83307445049286, "params": {"n_estimators": 24, "max_depth": 6, "learning_rate": 0.10205949123443966, "random_state": 32}}
{"target": 44.713484048843384, "params": {"n_estimators": 708, "max_depth": 3, "learning_rate": 0.058191088320155404, "random_state": 32}}
{"target": 46.37365937232971, "params": {"n_estimators": 440, "max_depth": 3, "learning_rate": 0.1236368565402332, "random_state": 32}}
{"target": 44.600000977516174, "params": {"n_estimators": 783, "max_depth": 6, "learning_rate": 0.04409001965632024, "random_state": 32}}
{"target": 44.32990849018097, "params": {"n_estimators": 393, "max_depth": 6, "learning_rate": 0.060690698519995666, "random_state": 32}}
{"target": 46.42211675643921, "params": {"n_estimators": 620, "max_depth": 9, "learning_rate": 0.0935438561637357, "random_state": 32}}
{"target": 44.55532491207123, "params": {"n_estimators": 31, "max_depth": 5, "learning_rate": 0.09037482196438015, "random_state": 32}}
{"target": 46.64202332496643, "params": {"n_estimators": 512, "max_depth": 9, "learning_rate": 0.08312852097543985, "random_state": 32}}
{"target": 44.44663166999817, "params": {"n_estimators": 610, "max_depth": 6, "learning_rate": 0.08597663666052174, "random_state": 32}}
