{"target": 41.92736625671387, "params": {"n_estimators": 517, "max_depth": 3, "learning_rate": 0.013361269504991882, "random_state": 32}}
{"target": 46.394118666648865, "params": {"n_estimators": 432, "max_depth": 8, "learning_rate": 0.01034505522027323, "random_state": 32}}
{"target": 44.949639439582825, "params": {"n_estimators": 3113, "max_depth": 5, "learning_rate": 0.2987363513393109, "random_state": 32}}
{"target": 42.25618302822113, "params": {"n_estimators": 386, "max_depth": 3, "learning_rate": 0.013003914866014462, "random_state": 32}}
{"target": 45.04387319087982, "params": {"n_estimators": 227, "max_depth": 6, "learning_rate": 0.016441673513858127, "random_state": 32}}
{"target": 42.012741565704346, "params": {"n_estimators": 576, "max_depth": 3, "learning_rate": 0.012377999623170835, "random_state": 32}}
{"target": 43.79608154296875, "params": {"n_estimators": 1179, "max_depth": 5, "learning_rate": 0.010673958489042594, "random_state": 32}}
{"target": 45.851314663887024, "params": {"n_estimators": 627, "max_depth": 7, "learning_rate": 0.011375483431920248, "random_state": 32}}
{"target": 41.98905408382416, "params": {"n_estimators": 569, "max_depth": 3, "learning_rate": 0.013645383888127693, "random_state": 32}}
{"target": 42.314077615737915, "params": {"n_estimators": 1132, "max_depth": 3, "learning_rate": 0.0103810185442645, "random_state": 32}}
{"target": 43.414400815963745, "params": {"n_estimators": 968, "max_depth": 3, "learning_rate": 0.018343418912117142, "random_state": 32}}
{"target": 43.57028603553772, "params": {"n_estimators": 1077, "max_depth": 4, "learning_rate": 0.014485848702685001, "random_state": 32}}
{"target": 49.24548387527466, "params": {"n_estimators": 68, "max_depth": 3, "learning_rate": 0.013973088343162448, "random_state": 32}}
{"target": 44.92857336997986, "params": {"n_estimators": 431, "max_depth": 6, "learning_rate": 0.01274036202986382, "random_state": 32}}
{"target": 45.12368679046631, "params": {"n_estimators": 1356, "max_depth": 3, "learning_rate": 0.05024651724605873, "random_state": 32}}
{"target": 45.03040432929993, "params": {"n_estimators": 1220, "max_depth": 3, "learning_rate": 0.04837237569692611, "random_state": 32}}
{"target": 45.86330533027649, "params": {"n_estimators": 1477, "max_depth": 3, "learning_rate": 0.04596527864368429, "random_state": 32}}
{"target": 44.74834740161896, "params": {"n_estimators": 495, "max_depth": 6, "learning_rate": 0.012479365999085227, "random_state": 32}}
{"target": 46.0223913192749, "params": {"n_estimators": 1424, "max_depth": 7, "learning_rate": 0.04145730460401245, "random_state": 32}}
{"target": 42.898279428482056, "params": {"n_estimators": 290, "max_depth": 3, "learning_rate": 0.011863912626199085, "random_state": 32}}
{"target": 44.6352481842041, "params": {"n_estimators": 878, "max_depth": 3, "learning_rate": 0.04389987762381925, "random_state": 32}}
{"target": 42.39888846874237, "params": {"n_estimators": 850, "max_depth": 3, "learning_rate": 0.012378535893359972, "random_state": 32}}
{"target": 42.132660150527954, "params": {"n_estimators": 533, "max_depth": 3, "learning_rate": 0.010037306384755973, "random_state": 32}}
{"target": 44.97371554374695, "params": {"n_estimators": 1567, "max_depth": 6, "learning_rate": 0.056263628216568384, "random_state": 32}}
{"target": 53.103187680244446, "params": {"n_estimators": 16, "max_depth": 6, "learning_rate": 0.040862723138413895, "random_state": 32}}
{"target": 48.40862512588501, "params": {"n_estimators": 124, "max_depth": 7, "learning_rate": 0.012947369040039382, "random_state": 32}}
{"target": 47.871583700180054, "params": {"n_estimators": 124, "max_depth": 7, "learning_rate": 0.015294578179036723, "random_state": 32}}
{"target": 42.906414270401, "params": {"n_estimators": 74, "max_depth": 3, "learning_rate": 0.047462877820167074, "random_state": 32}}
{"target": 44.29834306240082, "params": {"n_estimators": 421, "max_depth": 3, "learning_rate": 0.058804723479192994, "random_state": 32}}
{"target": 42.402475476264954, "params": {"n_estimators": 1048, "max_depth": 3, "learning_rate": 0.010849899212169091, "random_state": 32}}
{"target": 44.04344379901886, "params": {"n_estimators": 435, "max_depth": 6, "learning_rate": 0.043477799034979794, "random_state": 32}}
{"target": 56.307533979415894, "params": {"n_estimators": 25, "max_depth": 3, "learning_rate": 0.013628129448923124, "random_state": 32}}
{"target": 44.138469099998474, "params": {"n_estimators": 835, "max_depth": 3, "learning_rate": 0.05615812027537859, "random_state": 32}}
{"target": 44.43851888179779, "params": {"n_estimators": 436, "max_depth": 3, "learning_rate": 0.057661227758381506, "random_state": 32}}
{"target": 46.04832589626312, "params": {"n_estimators": 440, "max_depth": 7, "learning_rate": 0.04897205957592267, "random_state": 32}}
{"target": 43.36143910884857, "params": {"n_estimators": 690, "max_depth": 3, "learning_rate": 0.04345514006405003, "random_state": 32}}
{"target": 44.64987933635712, "params": {"n_estimators": 700, "max_depth": 6, "learning_rate": 0.06823928756240977, "random_state": 32}}
{"target": 45.639528036117554, "params": {"n_estimators": 1286, "max_depth": 7, "learning_rate": 0.07120024018082088, "random_state": 32}}
{"target": 43.987852334976196, "params": {"n_estimators": 753, "max_depth": 3, "learning_rate": 0.03904201301685818, "random_state": 32}}
{"target": 54.25800800323486, "params": {"n_estimators": 45, "max_depth": 3, "learning_rate": 0.010546014410794759, "random_state": 32}}
{"target": 45.32415211200714, "params": {"n_estimators": 1040, "max_depth": 6, "learning_rate": 0.03934289618699031, "random_state": 32}}
{"target": 47.177749276161194, "params": {"n_estimators": 3811, "max_depth": 17, "learning_rate": 0.030320694898701983, "random_state": 32}}
{"target": 44.984349608421326, "params": {"n_estimators": 1186, "max_depth": 6, "learning_rate": 0.04105275448774224, "random_state": 32}}
{"target": 42.94492542743683, "params": {"n_estimators": 68, "max_depth": 3, "learning_rate": 0.046629679334060654, "random_state": 32}}
{"target": 45.15999913215637, "params": {"n_estimators": 83, "max_depth": 6, "learning_rate": 0.05065170005096504, "random_state": 32}}
{"target": 46.09846651554108, "params": {"n_estimators": 618, "max_depth": 7, "learning_rate": 0.05746726699075222, "random_state": 32}}
{"target": 43.3879691362381, "params": {"n_estimators": 442, "max_depth": 3, "learning_rate": 0.04040453672342177, "random_state": 32}}
{"target": 46.868619322776794, "params": {"n_estimators": 101, "max_depth": 10, "learning_rate": 0.06711804522076031, "random_state": 32}}
{"target": 42.18405544757843, "params": {"n_estimators": 875, "max_depth": 3, "learning_rate": 0.010509704548456376, "random_state": 32}}
{"target": 43.471715450286865, "params": {"n_estimators": 31, "max_depth": 3, "learning_rate": 0.0912808546186191, "random_state": 32}}
{"target": 47.06836462020874, "params": {"n_estimators": 411, "max_depth": 24, "learning_rate": 0.034430259567857516, "random_state": 32}}
{"target": 47.12779343128204, "params": {"n_estimators": 2370, "max_depth": 15, "learning_rate": 0.2771657131653566, "random_state": 32}}
{"target": 49.9563604593277, "params": {"n_estimators": 14, "max_depth": 6, "learning_rate": 0.07357496187096507, "random_state": 32}}
{"target": 56.59122586250305, "params": {"n_estimators": 17, "max_depth": 7, "learning_rate": 0.022743610404051342, "random_state": 32}}
{"target": 44.41434860229492, "params": {"n_estimators": 53, "max_depth": 6, "learning_rate": 0.07715445175206702, "random_state": 32}}
{"target": 46.971206068992615, "params": {"n_estimators": 916, "max_depth": 9, "learning_rate": 0.2494694571912614, "random_state": 32}}
{"target": 43.774763345718384, "params": {"n_estimators": 606, "max_depth": 3, "learning_rate": 0.045991053649190275, "random_state": 32}}
{"target": 46.953721046447754, "params": {"n_estimators": 1246, "max_depth": 18, "learning_rate": 0.1000526361675213, "random_state": 32}}
{"target": 45.025389194488525, "params": {"n_estimators": 861, "max_depth": 3, "learning_rate": 0.07122532809072855, "random_state": 32}}
{"target": 44.9813312292099, "params": {"n_estimators": 576, "max_depth": 6, "learning_rate": 0.012739831592180045, "random_state": 32}}
{"target": 44.16130304336548, "params": {"n_estimators": 613, "max_depth": 3, "learning_rate": 0.05619514373156628, "random_state": 32}}
{"target": 44.23279345035553, "params": {"n_estimators": 571, "max_depth": 3, "learning_rate": 0.05132328576797926, "random_state": 32}}
{"target": 43.931885957717896, "params": {"n_estimators": 620, "max_depth": 3, "learning_rate": 0.04728375148991085, "random_state": 32}}
{"target": 46.80067241191864, "params": {"n_estimators": 998, "max_depth": 27, "learning_rate": 0.28379935795971867, "random_state": 32}}
{"target": 45.2263468503952, "params": {"n_estimators": 2212, "max_depth": 3, "learning_rate": 0.0711746286087181, "random_state": 32}}
{"target": 46.40333831310272, "params": {"n_estimators": 864, "max_depth": 9, "learning_rate": 0.056900750398554564, "random_state": 32}}
{"target": 48.468626737594604, "params": {"n_estimators": 27, "max_depth": 5, "learning_rate": 0.0430270477191612, "random_state": 32}}
{"target": 46.69370114803314, "params": {"n_estimators": 4075, "max_depth": 18, "learning_rate": 0.1267817227130175, "random_state": 32}}
{"target": 43.84539067745209, "params": {"n_estimators": 590, "max_depth": 3, "learning_rate": 0.05321562084829134, "random_state": 32}}
{"target": 45.81031262874603, "params": {"n_estimators": 1167, "max_depth": 7, "learning_rate": 0.04272144154519724, "random_state": 32}}
{"target": 44.80791985988617, "params": {"n_estimators": 817, "max_depth": 3, "learning_rate": 0.08215382378835479, "random_state": 32}}
{"target": 42.72304654121399, "params": {"n_estimators": 1078, "max_depth": 3, "learning_rate": 0.012460851256389622, "random_state": 32}}
{"target": 45.49492120742798, "params": {"n_estimators": 464, "max_depth": 7, "learning_rate": 0.075086897720819, "random_state": 32}}
{"target": 43.22576820850372, "params": {"n_estimators": 60, "max_depth": 3, "learning_rate": 0.04629133111264454, "random_state": 32}}
{"target": 45.97398281097412, "params": {"n_estimators": 753, "max_depth": 7, "learning_rate": 0.032722470527614234, "random_state": 32}}
{"target": 47.669336795806885, "params": {"n_estimators": 21, "max_depth": 3, "learning_rate": 0.05595264183194043, "random_state": 32}}
{"target": 58.28558802604675, "params": {"n_estimators": 25, "max_depth": 5, "learning_rate": 0.010228453037949205, "random_state": 32}}
{"target": 46.00013554096222, "params": {"n_estimators": 997, "max_depth": 7, "learning_rate": 0.04058612777283292, "random_state": 32}}
{"target": 46.45835757255554, "params": {"n_estimators": 740, "max_depth": 10, "learning_rate": 0.040651846776216014, "random_state": 32}}
{"target": 46.329177021980286, "params": {"n_estimators": 661, "max_depth": 7, "learning_rate": 0.04127856758482963, "random_state": 32}}
{"target": 44.89754259586334, "params": {"n_estimators": 565, "max_depth": 3, "learning_rate": 0.0831636657193055, "random_state": 32}}
{"target": 59.65694546699524, "params": {"n_estimators": 15, "max_depth": 3, "learning_rate": 0.010786966600013185, "random_state": 32}}
{"target": 53.18215012550354, "params": {"n_estimators": 12, "max_depth": 5, "learning_rate": 0.05018875062797011, "random_state": 32}}
{"target": 42.03307867050171, "params": {"n_estimators": 550, "max_depth": 3, "learning_rate": 0.010030181797439168, "random_state": 32}}
{"target": 44.67879354953766, "params": {"n_estimators": 818, "max_depth": 6, "learning_rate": 0.011438344533503605, "random_state": 32}}
{"target": 46.06397807598114, "params": {"n_estimators": 847, "max_depth": 7, "learning_rate": 0.014249458979971093, "random_state": 32}}
{"target": 46.6123765707016, "params": {"n_estimators": 36, "max_depth": 7, "learning_rate": 0.07128230477605267, "random_state": 32}}
{"target": 41.98873162269592, "params": {"n_estimators": 477, "max_depth": 3, "learning_rate": 0.011417486234786514, "random_state": 32}}
{"target": 47.71955728530884, "params": {"n_estimators": 19, "max_depth": 3, "learning_rate": 0.06083564384738471, "random_state": 32}}
{"target": 50.639026165008545, "params": {"n_estimators": 17, "max_depth": 6, "learning_rate": 0.05502829174106478, "random_state": 32}}
{"target": 42.29423761367798, "params": {"n_estimators": 910, "max_depth": 3, "learning_rate": 0.011635223021962637, "random_state": 32}}
{"target": 46.35756313800812, "params": {"n_estimators": 2840, "max_depth": 24, "learning_rate": 0.23779566400947638, "random_state": 32}}
{"target": 44.95772838592529, "params": {"n_estimators": 523, "max_depth": 6, "learning_rate": 0.08674611606292043, "random_state": 32}}
{"target": 44.75809693336487, "params": {"n_estimators": 590, "max_depth": 6, "learning_rate": 0.06061971522826454, "random_state": 32}}
{"target": 45.01229166984558, "params": {"n_estimators": 1239, "max_depth": 6, "learning_rate": 0.012502533176538322, "random_state": 32}}
{"target": 43.885655999183655, "params": {"n_estimators": 540, "max_depth": 3, "learning_rate": 0.03929635388921447, "random_state": 32}}
{"target": 45.63452184200287, "params": {"n_estimators": 1352, "max_depth": 3, "learning_rate": 0.0631421394878846, "random_state": 32}}
{"target": 52.53704786300659, "params": {"n_estimators": 10, "max_depth": 6, "learning_rate": 0.07070817286854149, "random_state": 32}}
{"target": 44.77353811264038, "params": {"n_estimators": 436, "max_depth": 6, "learning_rate": 0.05164086719370974, "random_state": 32}}
{"target": 43.80008280277252, "params": {"n_estimators": 841, "max_depth": 3, "learning_rate": 0.040502513799130974, "random_state": 32}}
{"target": 43.72240602970123, "params": {"n_estimators": 563, "max_depth": 3, "learning_rate": 0.049279621845312135, "random_state": 32}}
{"target": 42.66297996044159, "params": {"n_estimators": 50, "max_depth": 3, "learning_rate": 0.07956643147821486, "random_state": 32}}
{"target": 45.35380184650421, "params": {"n_estimators": 680, "max_depth": 6, "learning_rate": 0.09149879968040361, "random_state": 32}}
{"target": 44.30891036987305, "params": {"n_estimators": 540, "max_depth": 6, "learning_rate": 0.08962764100585234, "random_state": 32}}
{"target": 45.652695298194885, "params": {"n_estimators": 615, "max_depth": 3, "learning_rate": 0.09969039883511739, "random_state": 32}}
{"target": 52.4652236700058, "params": {"n_estimators": 22, "max_depth": 6, "learning_rate": 0.03246855816668438, "random_state": 32}}
{"target": 44.45523977279663, "params": {"n_estimators": 1114, "max_depth": 3, "learning_rate": 0.04836835796987251, "random_state": 32}}
{"target": 44.47746217250824, "params": {"n_estimators": 23, "max_depth": 3, "learning_rate": 0.08253709254117168, "random_state": 32}}
{"target": 45.65437436103821, "params": {"n_estimators": 789, "max_depth": 3, "learning_rate": 0.09903520668724632, "random_state": 32}}
{"target": 45.48403799533844, "params": {"n_estimators": 4736, "max_depth": 3, "learning_rate": 0.06523785324617183, "random_state": 32}}
{"target": 56.12536132335663, "params": {"n_estimators": 29, "max_depth": 7, "learning_rate": 0.01465938442790421, "random_state": 32}}
{"target": 44.78584706783295, "params": {"n_estimators": 1041, "max_depth": 6, "learning_rate": 0.012416712655974264, "random_state": 32}}
{"target": 43.35242688655853, "params": {"n_estimators": 380, "max_depth": 3, "learning_rate": 0.053218769755711645, "random_state": 32}}
{"target": 46.64398789405823, "params": {"n_estimators": 4982, "max_depth": 19, "learning_rate": 0.2351028968868597, "random_state": 32}}
{"target": 43.679407238960266, "params": {"n_estimators": 606, "max_depth": 3, "learning_rate": 0.04373464486850688, "random_state": 32}}
{"target": 42.39254117012024, "params": {"n_estimators": 1026, "max_depth": 3, "learning_rate": 0.011123382619653142, "random_state": 32}}
{"target": 46.05311691761017, "params": {"n_estimators": 1071, "max_depth": 7, "learning_rate": 0.09167645539153682, "random_state": 32}}
{"target": 44.69605505466461, "params": {"n_estimators": 1942, "max_depth": 6, "learning_rate": 0.015008551085783112, "random_state": 32}}
{"target": 51.87371075153351, "params": {"n_estimators": 11, "max_depth": 3, "learning_rate": 0.05839068426104482, "random_state": 32}}
{"target": 45.0848513841629, "params": {"n_estimators": 484, "max_depth": 6, "learning_rate": 0.01306995351194817, "random_state": 32}}
{"target": 42.70071625709534, "params": {"n_estimators": 366, "max_depth": 3, "learning_rate": 0.01078179886263728, "random_state": 32}}
{"target": 47.318387031555176, "params": {"n_estimators": 71, "max_depth": 10, "learning_rate": 0.031801494976074776, "random_state": 32}}
{"target": 46.313186287879944, "params": {"n_estimators": 773, "max_depth": 10, "learning_rate": 0.04655247620454557, "random_state": 32}}
{"target": 43.750412464141846, "params": {"n_estimators": 60, "max_depth": 3, "learning_rate": 0.03809816896765955, "random_state": 32}}
{"target": 47.552685141563416, "params": {"n_estimators": 15, "max_depth": 3, "learning_rate": 0.07669092443894943, "random_state": 32}}
{"target": 45.91466248035431, "params": {"n_estimators": 1146, "max_depth": 7, "learning_rate": 0.010591629819131754, "random_state": 32}}
{"target": 46.17756545543671, "params": {"n_estimators": 581, "max_depth": 7, "learning_rate": 0.0693594834709754, "random_state": 32}}
{"target": 45.88552117347717, "params": {"n_estimators": 658, "max_depth": 10, "learning_rate": 0.04390226321087929, "random_state": 32}}
{"target": 48.53496193885803, "params": {"n_estimators": 15, "max_depth": 6, "learning_rate": 0.08018518436043356, "random_state": 32}}
{"target": 45.11255383491516, "params": {"n_estimators": 563, "max_depth": 3, "learning_rate": 0.0953891784064485, "random_state": 32}}
{"target": 44.243441224098206, "params": {"n_estimators": 793, "max_depth": 6, "learning_rate": 0.074762632235341, "random_state": 32}}
{"target": 45.38910150527954, "params": {"n_estimators": 46, "max_depth": 6, "learning_rate": 0.10090226867163765, "random_state": 32}}
{"target": 43.645570278167725, "params": {"n_estimators": 521, "max_depth": 3, "learning_rate": 0.039544448126741835, "random_state": 32}}
{"target": 46.45744860172272, "params": {"n_estimators": 3262, "max_depth": 22, "learning_rate": 0.10420980376439234, "random_state": 32}}
{"target": 46.604809165000916, "params": {"n_estimators": 529, "max_depth": 9, "learning_rate": 0.07600286856805616, "random_state": 32}}
{"target": 41.99679374694824, "params": {"n_estimators": 558, "max_depth": 3, "learning_rate": 0.011291048151357, "random_state": 32}}
{"target": 44.53314423561096, "params": {"n_estimators": 673, "max_depth": 3, "learning_rate": 0.05997160838066898, "random_state": 32}}
{"target": 44.76487338542938, "params": {"n_estimators": 1365, "max_depth": 3, "learning_rate": 0.04211695356501934, "random_state": 32}}
{"target": 46.505045890808105, "params": {"n_estimators": 3897, "max_depth": 9, "learning_rate": 0.2514415982713346, "random_state": 32}}
{"target": 42.68867492675781, "params": {"n_estimators": 62, "max_depth": 3, "learning_rate": 0.05366919522034518, "random_state": 32}}
{"target": 45.34354090690613, "params": {"n_estimators": 901, "max_depth": 6, "learning_rate": 0.05018201158270914, "random_state": 32}}
{"target": 45.30882954597473, "params": {"n_estimators": 1723, "max_depth": 3, "learning_rate": 0.03777641286324964, "random_state": 32}}
{"target": 45.96700608730316, "params": {"n_estimators": 14, "max_depth": 3, "learning_rate": 0.10746993156174205, "random_state": 32}}
{"target": 47.012858390808105, "params": {"n_estimators": 21, "max_depth": 7, "learning_rate": 0.09636211248325187, "random_state": 32}}
{"target": 45.38939595222473, "params": {"n_estimators": 1931, "max_depth": 5, "learning_rate": 0.2414222878289499, "random_state": 32}}
{"target": 45.95592200756073, "params": {"n_estimators": 501, "max_depth": 7, "learning_rate": 0.044845464801586576, "random_state": 32}}
{"target": 41.99710965156555, "params": {"n_estimators": 497, "max_depth": 3, "learning_rate": 0.01314540038775245, "random_state": 32}}
{"target": 48.70233356952667, "params": {"n_estimators": 20, "max_depth": 3, "learning_rate": 0.049746070021964316, "random_state": 32}}
{"target": 47.84295201301575, "params": {"n_estimators": 50, "max_depth": 7, "learning_rate": 0.03471719299977219, "random_state": 32}}
{"target": 44.91919755935669, "params": {"n_estimators": 545, "max_depth": 6, "learning_rate": 0.041229048296853, "random_state": 32}}
{"target": 53.16267907619476, "params": {"n_estimators": 16, "max_depth": 3, "learning_rate": 0.03423441294334911, "random_state": 32}}
{"target": 46.074103116989136, "params": {"n_estimators": 494, "max_depth": 7, "learning_rate": 0.010799440944414367, "random_state": 32}}
{"target": 44.808897972106934, "params": {"n_estimators": 693, "max_depth": 3, "learning_rate": 0.07842925143640617, "random_state": 32}}
{"target": 45.78447997570038, "params": {"n_estimators": 567, "max_depth": 7, "learning_rate": 0.04648482106748721, "random_state": 32}}
{"target": 45.344411730766296, "params": {"n_estimators": 821, "max_depth": 3, "learning_rate": 0.07861493770184971, "random_state": 32}}
{"target": 44.79800820350647, "params": {"n_estimators": 538, "max_depth": 6, "learning_rate": 0.011108329187729884, "random_state": 32}}
{"target": 44.58912014961243, "params": {"n_estimators": 729, "max_depth": 6, "learning_rate": 0.01066240874819542, "random_state": 32}}
{"target": 46.01095199584961, "params": {"n_estimators": 2019, "max_depth": 10, "learning_rate": 0.2382031999039132, "random_state": 32}}
{"target": 45.00459432601929, "params": {"n_estimators": 446, "max_depth": 6, "learning_rate": 0.01016333151208813, "random_state": 32}}
{"target": 51.41375124454498, "params": {"n_estimators": 18, "max_depth": 3, "learning_rate": 0.03879352653973376, "random_state": 32}}
