{"target": 45.19950985908508, "params": {"n_estimators": 70, "max_depth": 3, "learning_rate": 0.025092416611683918, "random_state": 32}}
{"target": 45.22342026233673, "params": {"n_estimators": 31, "max_depth": 5, "learning_rate": 0.06847943957152347, "random_state": 32}}
{"target": 46.18999779224396, "params": {"n_estimators": 53, "max_depth": 7, "learning_rate": 0.09784350741665487, "random_state": 32}}
{"target": 44.13219094276428, "params": {"n_estimators": 20, "max_depth": 3, "learning_rate": 0.10746218296984018, "random_state": 32}}
{"target": 46.206116676330566, "params": {"n_estimators": 1095, "max_depth": 3, "learning_rate": 0.09868513706599868, "random_state": 32}}
{"target": 44.9438202381134, "params": {"n_estimators": 54, "max_depth": 6, "learning_rate": 0.06178397717529976, "random_state": 32}}
{"target": 61.09590709209442, "params": {"n_estimators": 10, "max_depth": 6, "learning_rate": 0.01098271576307295, "random_state": 32}}
{"target": 45.1485937833786, "params": {"n_estimators": 550, "max_depth": 3, "learning_rate": 0.08208646521503468, "random_state": 32}}
{"target": 46.497289538383484, "params": {"n_estimators": 74, "max_depth": 10, "learning_rate": 0.13197456016032616, "random_state": 32}}
{"target": 51.22297763824463, "params": {"n_estimators": 60, "max_depth": 3, "learning_rate": 0.012095146642280924, "random_state": 32}}
{"target": 46.87206566333771, "params": {"n_estimators": 496, "max_depth": 8, "learning_rate": 0.15412249174704898, "random_state": 32}}
{"target": 44.065149426460266, "params": {"n_estimators": 46, "max_depth": 3, "learning_rate": 0.046962481425433224, "random_state": 32}}
{"target": 41.93740129470825, "params": {"n_estimators": 73, "max_depth": 3, "learning_rate": 0.09354109018159967, "random_state": 32}}
{"target": 44.09966230392456, "params": {"n_estimators": 524, "max_depth": 3, "learning_rate": 0.06256074966817349, "random_state": 32}}
{"target": 47.620582580566406, "params": {"n_estimators": 14, "max_depth": 6, "learning_rate": 0.10260889948535615, "random_state": 32}}
{"target": 42.156760692596436, "params": {"n_estimators": 64, "max_depth": 3, "learning_rate": 0.08718225420776002, "random_state": 32}}
{"target": 45.49266695976257, "params": {"n_estimators": 89, "max_depth": 7, "learning_rate": 0.09846652001790884, "random_state": 32}}
{"target": 45.31002223491669, "params": {"n_estimators": 782, "max_depth": 7, "learning_rate": 0.12823591084966218, "random_state": 32}}
{"target": 44.56243813037872, "params": {"n_estimators": 1325, "max_depth": 6, "learning_rate": 0.07724570903602991, "random_state": 32}}
{"target": 47.33288288116455, "params": {"n_estimators": 13, "max_depth": 3, "learning_rate": 0.09700659007664948, "random_state": 32}}
{"target": 45.61959505081177, "params": {"n_estimators": 707, "max_depth": 7, "learning_rate": 0.12713266988535732, "random_state": 32}}
{"target": 45.65004765987396, "params": {"n_estimators": 18, "max_depth": 3, "learning_rate": 0.09144471011282071, "random_state": 32}}
{"target": 45.15846371650696, "params": {"n_estimators": 751, "max_depth": 3, "learning_rate": 0.11446848419321233, "random_state": 32}}
{"target": 45.27628540992737, "params": {"n_estimators": 987, "max_depth": 7, "learning_rate": 0.1289049807591106, "random_state": 32}}
{"target": 44.017449617385864, "params": {"n_estimators": 21, "max_depth": 4, "learning_rate": 0.1343241976724804, "random_state": 32}}
{"target": 45.67739546298981, "params": {"n_estimators": 645, "max_depth": 3, "learning_rate": 0.14235542741070886, "random_state": 32}}
{"target": 45.46770751476288, "params": {"n_estimators": 523, "max_depth": 3, "learning_rate": 0.1810720009695611, "random_state": 32}}
{"target": 43.18081617355347, "params": {"n_estimators": 98, "max_depth": 3, "learning_rate": 0.13810316192065597, "random_state": 32}}
{"target": 44.225255250930786, "params": {"n_estimators": 327, "max_depth": 3, "learning_rate": 0.11785449973669807, "random_state": 32}}
{"target": 44.73845362663269, "params": {"n_estimators": 530, "max_depth": 3, "learning_rate": 0.13549303679503655, "random_state": 32}}
{"target": 42.412872314453125, "params": {"n_estimators": 58, "max_depth": 3, "learning_rate": 0.09780831772459997, "random_state": 32}}
{"target": 43.300310373306274, "params": {"n_estimators": 34, "max_depth": 3, "learning_rate": 0.07350703700792952, "random_state": 32}}
{"target": 46.809407472610474, "params": {"n_estimators": 704, "max_depth": 9, "learning_rate": 0.09124640339587115, "random_state": 32}}
{"target": 45.94077944755554, "params": {"n_estimators": 41, "max_depth": 7, "learning_rate": 0.07056214837433465, "random_state": 32}}
{"target": 45.05687713623047, "params": {"n_estimators": 24, "max_depth": 3, "learning_rate": 0.07193695039114693, "random_state": 32}}
{"target": 46.03962779045105, "params": {"n_estimators": 976, "max_depth": 3, "learning_rate": 0.12150359534936919, "random_state": 32}}
{"target": 44.95634913444519, "params": {"n_estimators": 692, "max_depth": 6, "learning_rate": 0.0945228538422857, "random_state": 32}}
{"target": 45.527461767196655, "params": {"n_estimators": 545, "max_depth": 3, "learning_rate": 0.09594663623043281, "random_state": 32}}
{"target": 47.78382897377014, "params": {"n_estimators": 16, "max_depth": 3, "learning_rate": 0.06968240099247072, "random_state": 32}}
{"target": 45.04574477672577, "params": {"n_estimators": 982, "max_depth": 3, "learning_rate": 0.08819678276354576, "random_state": 32}}
{"target": 45.08141815662384, "params": {"n_estimators": 49, "max_depth": 6, "learning_rate": 0.07929353209084522, "random_state": 32}}
{"target": 44.97894465923309, "params": {"n_estimators": 471, "max_depth": 3, "learning_rate": 0.10613497992908852, "random_state": 32}}
{"target": 46.30486786365509, "params": {"n_estimators": 58, "max_depth": 10, "learning_rate": 0.10346632858216437, "random_state": 32}}
{"target": 45.439584255218506, "params": {"n_estimators": 538, "max_depth": 6, "learning_rate": 0.09562851226298838, "random_state": 32}}
{"target": 45.60828506946564, "params": {"n_estimators": 129, "max_depth": 7, "learning_rate": 0.15351095650139532, "random_state": 32}}
{"target": 46.583260893821716, "params": {"n_estimators": 3249, "max_depth": 26, "learning_rate": 0.1941163769417091, "random_state": 32}}
{"target": 44.225255846977234, "params": {"n_estimators": 578, "max_depth": 6, "learning_rate": 0.06672060074927375, "random_state": 32}}
{"target": 44.82533812522888, "params": {"n_estimators": 409, "max_depth": 6, "learning_rate": 0.08327564784848271, "random_state": 32}}
{"target": 44.65038001537323, "params": {"n_estimators": 702, "max_depth": 3, "learning_rate": 0.08601541527959344, "random_state": 32}}
{"target": 44.69426691532135, "params": {"n_estimators": 518, "max_depth": 3, "learning_rate": 0.09282158012512352, "random_state": 32}}
{"target": 45.12041926383972, "params": {"n_estimators": 625, "max_depth": 3, "learning_rate": 0.08670229358168495, "random_state": 32}}
{"target": 45.36953866481781, "params": {"n_estimators": 20, "max_depth": 3, "learning_rate": 0.0846378493893207, "random_state": 32}}
{"target": 44.58240866661072, "params": {"n_estimators": 82, "max_depth": 6, "learning_rate": 0.048314614191716, "random_state": 32}}
{"target": 47.4418842792511, "params": {"n_estimators": 2830, "max_depth": 20, "learning_rate": 0.013417050997126173, "random_state": 32}}
{"target": 44.82180178165436, "params": {"n_estimators": 1042, "max_depth": 6, "learning_rate": 0.1030343819190291, "random_state": 32}}
{"target": 47.482072710990906, "params": {"n_estimators": 19, "max_depth": 7, "learning_rate": 0.09883238953277736, "random_state": 32}}
{"target": 46.291537284851074, "params": {"n_estimators": 60, "max_depth": 7, "learning_rate": 0.0826640697064337, "random_state": 32}}
{"target": 45.150644183158875, "params": {"n_estimators": 698, "max_depth": 7, "learning_rate": 0.12351606424036188, "random_state": 32}}
{"target": 42.355393171310425, "params": {"n_estimators": 65, "max_depth": 3, "learning_rate": 0.09890823107354663, "random_state": 32}}
{"target": 44.63541030883789, "params": {"n_estimators": 595, "max_depth": 6, "learning_rate": 0.07808927937835927, "random_state": 32}}
{"target": 44.39083695411682, "params": {"n_estimators": 792, "max_depth": 3, "learning_rate": 0.07070164255021483, "random_state": 32}}
{"target": 42.291638255119324, "params": {"n_estimators": 84, "max_depth": 3, "learning_rate": 0.05031705181353076, "random_state": 32}}
{"target": 47.09014415740967, "params": {"n_estimators": 3279, "max_depth": 30, "learning_rate": 0.1234332113374925, "random_state": 32}}
{"target": 46.088170409202576, "params": {"n_estimators": 676, "max_depth": 9, "learning_rate": 0.06409436729583612, "random_state": 32}}
{"target": 44.98701453208923, "params": {"n_estimators": 1154, "max_depth": 6, "learning_rate": 0.07632168319103996, "random_state": 32}}
{"target": 44.71974849700928, "params": {"n_estimators": 941, "max_depth": 6, "learning_rate": 0.07564983913795574, "random_state": 32}}
{"target": 54.50732946395874, "params": {"n_estimators": 10, "max_depth": 7, "learning_rate": 0.05445968477651633, "random_state": 32}}
{"target": 48.858652114868164, "params": {"n_estimators": 12, "max_depth": 8, "learning_rate": 0.11242970835496875, "random_state": 32}}
{"target": 46.6101610660553, "params": {"n_estimators": 495, "max_depth": 10, "learning_rate": 0.05479579155534139, "random_state": 32}}
{"target": 43.774396777153015, "params": {"n_estimators": 516, "max_depth": 3, "learning_rate": 0.05499595680754625, "random_state": 32}}
{"target": 44.32354152202606, "params": {"n_estimators": 556, "max_depth": 3, "learning_rate": 0.07610023058111964, "random_state": 32}}
{"target": 44.524911642074585, "params": {"n_estimators": 539, "max_depth": 3, "learning_rate": 0.062336882841338766, "random_state": 32}}
{"target": 51.66692495346069, "params": {"n_estimators": 14, "max_depth": 8, "learning_rate": 0.06729935935944258, "random_state": 32}}
{"target": 45.59818089008331, "params": {"n_estimators": 13, "max_depth": 3, "learning_rate": 0.12683717447139845, "random_state": 32}}
{"target": 54.67421054840088, "params": {"n_estimators": 14, "max_depth": 3, "learning_rate": 0.031598703616864815, "random_state": 32}}
{"target": 44.68537986278534, "params": {"n_estimators": 544, "max_depth": 3, "learning_rate": 0.07756779267985432, "random_state": 32}}
{"target": 43.75816524028778, "params": {"n_estimators": 431, "max_depth": 3, "learning_rate": 0.051791122291386445, "random_state": 32}}
{"target": 43.59194576740265, "params": {"n_estimators": 590, "max_depth": 3, "learning_rate": 0.048355761607071876, "random_state": 32}}
{"target": 44.52850818634033, "params": {"n_estimators": 551, "max_depth": 3, "learning_rate": 0.08043199174775181, "random_state": 32}}
{"target": 44.44042980670929, "params": {"n_estimators": 554, "max_depth": 6, "learning_rate": 0.07702220599952578, "random_state": 32}}
{"target": 46.37205183506012, "params": {"n_estimators": 20, "max_depth": 6, "learning_rate": 0.08937701251837422, "random_state": 32}}
{"target": 44.466856718063354, "params": {"n_estimators": 398, "max_depth": 6, "learning_rate": 0.11483902650074425, "random_state": 32}}
{"target": 46.48713946342468, "params": {"n_estimators": 701, "max_depth": 7, "learning_rate": 0.08035856468076501, "random_state": 32}}
{"target": 47.367942333221436, "params": {"n_estimators": 3881, "max_depth": 20, "learning_rate": 0.20054033666254617, "random_state": 32}}
{"target": 44.65491831302643, "params": {"n_estimators": 486, "max_depth": 6, "learning_rate": 0.11602789162174074, "random_state": 32}}
{"target": 44.8576956987381, "params": {"n_estimators": 720, "max_depth": 6, "learning_rate": 0.04846731189921727, "random_state": 32}}
{"target": 44.85096275806427, "params": {"n_estimators": 388, "max_depth": 6, "learning_rate": 0.04911156926062994, "random_state": 32}}
{"target": 46.94277346134186, "params": {"n_estimators": 3557, "max_depth": 14, "learning_rate": 0.09956008980486408, "random_state": 32}}
{"target": 46.18442356586456, "params": {"n_estimators": 864, "max_depth": 3, "learning_rate": 0.14166898739884892, "random_state": 32}}
{"target": 44.47243869304657, "params": {"n_estimators": 60, "max_depth": 6, "learning_rate": 0.061106303835094036, "random_state": 32}}
{"target": 45.729238390922546, "params": {"n_estimators": 717, "max_depth": 7, "learning_rate": 0.040396494263682345, "random_state": 32}}
{"target": 51.243382692337036, "params": {"n_estimators": 17, "max_depth": 3, "learning_rate": 0.04182599447508163, "random_state": 32}}
{"target": 44.83953595161438, "params": {"n_estimators": 360, "max_depth": 6, "learning_rate": 0.03721403824859015, "random_state": 32}}
{"target": 44.80762422084808, "params": {"n_estimators": 778, "max_depth": 6, "learning_rate": 0.04874249485321142, "random_state": 32}}
{"target": 45.1695442199707, "params": {"n_estimators": 42, "max_depth": 6, "learning_rate": 0.11075615863029223, "random_state": 32}}
{"target": 44.3493914604187, "params": {"n_estimators": 490, "max_depth": 6, "learning_rate": 0.04411306444549716, "random_state": 32}}
{"target": 42.7393114566803, "params": {"n_estimators": 43, "max_depth": 3, "learning_rate": 0.08154428865368507, "random_state": 32}}
{"target": 45.44680416584015, "params": {"n_estimators": 1384, "max_depth": 3, "learning_rate": 0.09157098427976772, "random_state": 32}}
{"target": 43.59499633312225, "params": {"n_estimators": 483, "max_depth": 3, "learning_rate": 0.046059879536922504, "random_state": 32}}
{"target": 45.27985692024231, "params": {"n_estimators": 1268, "max_depth": 3, "learning_rate": 0.08184623114200831, "random_state": 32}}
{"target": 43.013741970062256, "params": {"n_estimators": 56, "max_depth": 3, "learning_rate": 0.16788706735106296, "random_state": 32}}
{"target": 44.69566822052002, "params": {"n_estimators": 1092, "max_depth": 6, "learning_rate": 0.06249135000273463, "random_state": 32}}
{"target": 45.33948361873627, "params": {"n_estimators": 1088, "max_depth": 3, "learning_rate": 0.07956439052914076, "random_state": 32}}
{"target": 45.696120262145996, "params": {"n_estimators": 1152, "max_depth": 3, "learning_rate": 0.07471030107617174, "random_state": 32}}
{"target": 43.4776908159256, "params": {"n_estimators": 119, "max_depth": 3, "learning_rate": 0.11826687995851735, "random_state": 32}}
{"target": 44.80598866939545, "params": {"n_estimators": 566, "max_depth": 6, "learning_rate": 0.10232227182697949, "random_state": 32}}
{"target": 45.10142922401428, "params": {"n_estimators": 512, "max_depth": 3, "learning_rate": 0.1260215792162684, "random_state": 32}}
{"target": 46.11560344696045, "params": {"n_estimators": 35, "max_depth": 3, "learning_rate": 0.04365365734765666, "random_state": 32}}
{"target": 43.855716586112976, "params": {"n_estimators": 523, "max_depth": 3, "learning_rate": 0.08616052820373327, "random_state": 32}}
{"target": 47.0486444234848, "params": {"n_estimators": 26, "max_depth": 3, "learning_rate": 0.04835116094546896, "random_state": 32}}
{"target": 57.629544734954834, "params": {"n_estimators": 10, "max_depth": 10, "learning_rate": 0.03336988843070573, "random_state": 32}}
{"target": 46.206215620040894, "params": {"n_estimators": 1210, "max_depth": 10, "learning_rate": 0.06914392707593021, "random_state": 32}}
{"target": 46.67345404624939, "params": {"n_estimators": 1771, "max_depth": 14, "learning_rate": 0.13228466769372063, "random_state": 32}}
{"target": 45.12405514717102, "params": {"n_estimators": 489, "max_depth": 6, "learning_rate": 0.037158772823501274, "random_state": 32}}
{"target": 46.955283880233765, "params": {"n_estimators": 45, "max_depth": 9, "learning_rate": 0.05967378986111569, "random_state": 32}}
{"target": 44.74073052406311, "params": {"n_estimators": 57, "max_depth": 6, "learning_rate": 0.09694845428320348, "random_state": 32}}
{"target": 44.224900007247925, "params": {"n_estimators": 66, "max_depth": 6, "learning_rate": 0.07820384434373091, "random_state": 32}}
{"target": 46.83202862739563, "params": {"n_estimators": 3017, "max_depth": 30, "learning_rate": 0.27225361509586804, "random_state": 32}}
{"target": 45.50852060317993, "params": {"n_estimators": 399, "max_depth": 6, "learning_rate": 0.04694099006290792, "random_state": 32}}
{"target": 51.79283678531647, "params": {"n_estimators": 50, "max_depth": 3, "learning_rate": 0.013509217030847155, "random_state": 32}}
{"target": 44.712631702423096, "params": {"n_estimators": 394, "max_depth": 3, "learning_rate": 0.08661191001003003, "random_state": 32}}
{"target": 46.58729076385498, "params": {"n_estimators": 21, "max_depth": 6, "learning_rate": 0.09227193052029806, "random_state": 32}}
{"target": 50.4570746421814, "params": {"n_estimators": 13, "max_depth": 13, "learning_rate": 0.09210325263564936, "random_state": 32}}
{"target": 43.28908681869507, "params": {"n_estimators": 417, "max_depth": 3, "learning_rate": 0.04608089762417869, "random_state": 32}}
{"target": 49.85345959663391, "params": {"n_estimators": 19, "max_depth": 6, "learning_rate": 0.05244954621851757, "random_state": 32}}
{"target": 43.211679458618164, "params": {"n_estimators": 42, "max_depth": 3, "learning_rate": 0.06333310299372023, "random_state": 32}}
{"target": 43.49987745285034, "params": {"n_estimators": 522, "max_depth": 3, "learning_rate": 0.05575804967447133, "random_state": 32}}
{"target": 43.58751714229584, "params": {"n_estimators": 29, "max_depth": 3, "learning_rate": 0.079923153513548, "random_state": 32}}
{"target": 43.75595450401306, "params": {"n_estimators": 604, "max_depth": 6, "learning_rate": 0.04658269405960905, "random_state": 32}}
{"target": 44.94841516017914, "params": {"n_estimators": 1241, "max_depth": 3, "learning_rate": 0.056836474026105505, "random_state": 32}}
{"target": 46.69467389583588, "params": {"n_estimators": 4434, "max_depth": 28, "learning_rate": 0.2858208392632772, "random_state": 32}}
{"target": 42.69261717796326, "params": {"n_estimators": 66, "max_depth": 3, "learning_rate": 0.12138659420583933, "random_state": 32}}
{"target": 45.38395404815674, "params": {"n_estimators": 1202, "max_depth": 6, "learning_rate": 0.0576883224122073, "random_state": 32}}
{"target": 44.993353486061096, "params": {"n_estimators": 1106, "max_depth": 3, "learning_rate": 0.04688505326532954, "random_state": 32}}
{"target": 47.15492784976959, "params": {"n_estimators": 3770, "max_depth": 30, "learning_rate": 0.05010319044579006, "random_state": 32}}
{"target": 42.81414806842804, "params": {"n_estimators": 63, "max_depth": 3, "learning_rate": 0.054840938040730924, "random_state": 32}}
{"target": 45.94410300254822, "params": {"n_estimators": 837, "max_depth": 3, "learning_rate": 0.11940983398130392, "random_state": 32}}
{"target": 42.30850696563721, "params": {"n_estimators": 46, "max_depth": 3, "learning_rate": 0.0779139178575096, "random_state": 32}}
{"target": 43.296348452568054, "params": {"n_estimators": 497, "max_depth": 3, "learning_rate": 0.04012372755954361, "random_state": 32}}
{"target": 46.7168128490448, "params": {"n_estimators": 19, "max_depth": 5, "learning_rate": 0.08549803103440362, "random_state": 32}}
{"target": 42.635618448257446, "params": {"n_estimators": 40, "max_depth": 3, "learning_rate": 0.10378228572966326, "random_state": 32}}
{"target": 45.191065073013306, "params": {"n_estimators": 517, "max_depth": 6, "learning_rate": 0.037548744542806864, "random_state": 32}}
{"target": 44.262056946754456, "params": {"n_estimators": 601, "max_depth": 6, "learning_rate": 0.03183307783311392, "random_state": 32}}
{"target": 46.86552882194519, "params": {"n_estimators": 4595, "max_depth": 30, "learning_rate": 0.18690198675165504, "random_state": 32}}
{"target": 44.352577328681946, "params": {"n_estimators": 923, "max_depth": 3, "learning_rate": 0.04488159431415819, "random_state": 32}}
{"target": 45.286641120910645, "params": {"n_estimators": 636, "max_depth": 3, "learning_rate": 0.07979569476646554, "random_state": 32}}
{"target": 45.7936692237854, "params": {"n_estimators": 63, "max_depth": 6, "learning_rate": 0.03887263796643926, "random_state": 32}}
{"target": 46.872137784957886, "params": {"n_estimators": 338, "max_depth": 17, "learning_rate": 0.06323242025412489, "random_state": 32}}
{"target": 51.66355788707733, "params": {"n_estimators": 11, "max_depth": 7, "learning_rate": 0.07906409264786882, "random_state": 32}}
{"target": 50.97833216190338, "params": {"n_estimators": 13, "max_depth": 3, "learning_rate": 0.0565753962717223, "random_state": 32}}
{"target": 46.12199425697327, "params": {"n_estimators": 523, "max_depth": 7, "learning_rate": 0.010174587472082915, "random_state": 32}}
{"target": 47.3763632774353, "params": {"n_estimators": 4873, "max_depth": 18, "learning_rate": 0.07473929010499408, "random_state": 32}}
{"target": 46.28655552864075, "params": {"n_estimators": 590, "max_depth": 9, "learning_rate": 0.04876485531975194, "random_state": 32}}
{"target": 47.325947284698486, "params": {"n_estimators": 4326, "max_depth": 23, "learning_rate": 0.04525558068530516, "random_state": 32}}
{"target": 44.133862257003784, "params": {"n_estimators": 708, "max_depth": 3, "learning_rate": 0.04190143541738866, "random_state": 32}}
{"target": 45.118974447250366, "params": {"n_estimators": 35, "max_depth": 3, "learning_rate": 0.05161956659697659, "random_state": 32}}
{"target": 43.936498165130615, "params": {"n_estimators": 25, "max_depth": 3, "learning_rate": 0.08353754040599766, "random_state": 32}}
{"target": 45.745002031326294, "params": {"n_estimators": 58, "max_depth": 7, "learning_rate": 0.1512168694190943, "random_state": 32}}
{"target": 44.72562611103058, "params": {"n_estimators": 47, "max_depth": 7, "learning_rate": 0.12016090581859623, "random_state": 32}}
{"target": 46.88955366611481, "params": {"n_estimators": 228, "max_depth": 10, "learning_rate": 0.011483481302177759, "random_state": 32}}
