{"target": 45.06703972816467, "params": {"n_estimators": 487, "max_depth": 6, "learning_rate": 0.037884690351436955, "random_state": 32}}
{"target": 42.25041389465332, "params": {"n_estimators": 865, "max_depth": 3, "learning_rate": 0.010995604462432721, "random_state": 32}}
{"target": 42.57799685001373, "params": {"n_estimators": 324, "max_depth": 3, "learning_rate": 0.011819014024072216, "random_state": 32}}
{"target": 46.624431014060974, "params": {"n_estimators": 580, "max_depth": 9, "learning_rate": 0.09712939065632095, "random_state": 32}}
{"target": 51.6585636138916, "params": {"n_estimators": 22, "max_depth": 5, "learning_rate": 0.035067888560168514, "random_state": 32}}
{"target": 46.70073330402374, "params": {"n_estimators": 535, "max_depth": 10, "learning_rate": 0.06927301731519711, "random_state": 32}}
{"target": 46.2621134519577, "params": {"n_estimators": 708, "max_depth": 10, "learning_rate": 0.11765759708075357, "random_state": 32}}
{"target": 45.2677446603775, "params": {"n_estimators": 702, "max_depth": 6, "learning_rate": 0.10148703547768584, "random_state": 32}}
{"target": 49.6290248632431, "params": {"n_estimators": 11, "max_depth": 6, "learning_rate": 0.09431303021216338, "random_state": 32}}
{"target": 45.01171112060547, "params": {"n_estimators": 562, "max_depth": 6, "learning_rate": 0.10237060457006926, "random_state": 32}}
{"target": 44.21400427818298, "params": {"n_estimators": 689, "max_depth": 3, "learning_rate": 0.044832809938356206, "random_state": 32}}
{"target": 47.07602083683014, "params": {"n_estimators": 1207, "max_depth": 9, "learning_rate": 0.051097288419565234, "random_state": 32}}
{"target": 45.994221568107605, "params": {"n_estimators": 1431, "max_depth": 7, "learning_rate": 0.09326059811421213, "random_state": 32}}
{"target": 49.40062403678894, "params": {"n_estimators": 12, "max_depth": 3, "learning_rate": 0.07419852594313635, "random_state": 32}}
{"target": 41.98443293571472, "params": {"n_estimators": 790, "max_depth": 3, "learning_rate": 0.010027889227984997, "random_state": 32}}
{"target": 44.018771052360535, "params": {"n_estimators": 565, "max_depth": 3, "learning_rate": 0.08242730208903337, "random_state": 32}}
{"target": 45.112475752830505, "params": {"n_estimators": 705, "max_depth": 3, "learning_rate": 0.1082882728119171, "random_state": 32}}
{"target": 46.184239983558655, "params": {"n_estimators": 33, "max_depth": 6, "learning_rate": 0.06211952989740267, "random_state": 32}}
{"target": 43.633288741111755, "params": {"n_estimators": 514, "max_depth": 3, "learning_rate": 0.04241246346919243, "random_state": 32}}
{"target": 44.840598702430725, "params": {"n_estimators": 686, "max_depth": 3, "learning_rate": 0.0712181995717274, "random_state": 32}}
{"target": 47.17274785041809, "params": {"n_estimators": 32, "max_depth": 3, "learning_rate": 0.03996835012068608, "random_state": 32}}
{"target": 45.03600358963013, "params": {"n_estimators": 1330, "max_depth": 6, "learning_rate": 0.09886036441589405, "random_state": 32}}
{"target": 42.32969105243683, "params": {"n_estimators": 63, "max_depth": 3, "learning_rate": 0.12034485645487707, "random_state": 32}}
{"target": 44.896875619888306, "params": {"n_estimators": 588, "max_depth": 3, "learning_rate": 0.0756375581767619, "random_state": 32}}
{"target": 51.23557150363922, "params": {"n_estimators": 36, "max_depth": 8, "learning_rate": 0.027723829332236268, "random_state": 32}}
{"target": 51.40408515930176, "params": {"n_estimators": 12, "max_depth": 11, "learning_rate": 0.08309875792685206, "random_state": 32}}
{"target": 44.68534052371979, "params": {"n_estimators": 618, "max_depth": 6, "learning_rate": 0.06778359504135026, "random_state": 32}}
{"target": 44.86268997192383, "params": {"n_estimators": 538, "max_depth": 6, "learning_rate": 0.03566125351646148, "random_state": 32}}
{"target": 44.91454839706421, "params": {"n_estimators": 624, "max_depth": 6, "learning_rate": 0.07499214264011757, "random_state": 32}}
{"target": 45.9479695558548, "params": {"n_estimators": 518, "max_depth": 7, "learning_rate": 0.011579875891596285, "random_state": 32}}
{"target": 44.48700129985809, "params": {"n_estimators": 664, "max_depth": 6, "learning_rate": 0.07675143940163111, "random_state": 32}}
{"target": 45.14663636684418, "params": {"n_estimators": 1242, "max_depth": 6, "learning_rate": 0.05167022296914256, "random_state": 32}}
{"target": 58.64110291004181, "params": {"n_estimators": 23, "max_depth": 9, "learning_rate": 0.011289689572780197, "random_state": 32}}
{"target": 44.744760394096375, "params": {"n_estimators": 1035, "max_depth": 3, "learning_rate": 0.043889579732297096, "random_state": 32}}
{"target": 46.538692116737366, "params": {"n_estimators": 1605, "max_depth": 20, "learning_rate": 0.23568917556218102, "random_state": 32}}
{"target": 44.49133276939392, "params": {"n_estimators": 967, "max_depth": 6, "learning_rate": 0.06740377626388777, "random_state": 32}}
{"target": 44.7286993265152, "params": {"n_estimators": 1482, "max_depth": 6, "learning_rate": 0.023611693587095278, "random_state": 32}}
{"target": 44.90592420101166, "params": {"n_estimators": 1043, "max_depth": 6, "learning_rate": 0.05794771848324329, "random_state": 32}}
{"target": 44.5554655790329, "params": {"n_estimators": 769, "max_depth": 3, "learning_rate": 0.043366527473268676, "random_state": 32}}
{"target": 45.32397449016571, "params": {"n_estimators": 1109, "max_depth": 6, "learning_rate": 0.015240594561265114, "random_state": 32}}
{"target": 48.5858428478241, "params": {"n_estimators": 11, "max_depth": 6, "learning_rate": 0.1122097508831088, "random_state": 32}}
{"target": 44.99728977680206, "params": {"n_estimators": 64, "max_depth": 3, "learning_rate": 0.028504631343711707, "random_state": 32}}
{"target": 42.52358019351959, "params": {"n_estimators": 34, "max_depth": 3, "learning_rate": 0.11770444068314642, "random_state": 32}}
{"target": 47.238503098487854, "params": {"n_estimators": 18, "max_depth": 6, "learning_rate": 0.08660261284457883, "random_state": 32}}
{"target": 46.938302516937256, "params": {"n_estimators": 153, "max_depth": 6, "learning_rate": 0.01128996235338384, "random_state": 32}}
{"target": 46.00148558616638, "params": {"n_estimators": 780, "max_depth": 3, "learning_rate": 0.147629896346199, "random_state": 32}}
{"target": 45.124510526657104, "params": {"n_estimators": 1894, "max_depth": 6, "learning_rate": 0.01012984455006785, "random_state": 32}}
{"target": 43.55807900428772, "params": {"n_estimators": 455, "max_depth": 3, "learning_rate": 0.04296680817987602, "random_state": 32}}
{"target": 43.50746750831604, "params": {"n_estimators": 812, "max_depth": 5, "learning_rate": 0.011295424055729671, "random_state": 32}}
{"target": 41.9574373960495, "params": {"n_estimators": 550, "max_depth": 3, "learning_rate": 0.013988363352785728, "random_state": 32}}
{"target": 44.662166237831116, "params": {"n_estimators": 301, "max_depth": 6, "learning_rate": 0.05481091795180729, "random_state": 32}}
{"target": 52.19120442867279, "params": {"n_estimators": 12, "max_depth": 7, "learning_rate": 0.067496900428525, "random_state": 32}}
{"target": 43.451717495918274, "params": {"n_estimators": 535, "max_depth": 3, "learning_rate": 0.03515781361144557, "random_state": 32}}
{"target": 43.14435601234436, "params": {"n_estimators": 38, "max_depth": 3, "learning_rate": 0.09583274989640939, "random_state": 32}}
{"target": 45.25697648525238, "params": {"n_estimators": 715, "max_depth": 6, "learning_rate": 0.10170965163140508, "random_state": 32}}
{"target": 46.33934676647186, "params": {"n_estimators": 1456, "max_depth": 7, "learning_rate": 0.011098188545598544, "random_state": 32}}
{"target": 47.2133207321167, "params": {"n_estimators": 3020, "max_depth": 30, "learning_rate": 0.027787395117980312, "random_state": 32}}
{"target": 46.05092704296112, "params": {"n_estimators": 37, "max_depth": 6, "learning_rate": 0.05115171786328378, "random_state": 32}}
{"target": 53.460546135902405, "params": {"n_estimators": 13, "max_depth": 9, "learning_rate": 0.0536336673299607, "random_state": 32}}
{"target": 45.20819842815399, "params": {"n_estimators": 607, "max_depth": 3, "learning_rate": 0.07733584418775796, "random_state": 32}}
{"target": 44.05856370925903, "params": {"n_estimators": 23, "max_depth": 3, "learning_rate": 0.1034079265521388, "random_state": 32}}
{"target": 57.98006474971771, "params": {"n_estimators": 26, "max_depth": 7, "learning_rate": 0.010989568523654236, "random_state": 32}}
{"target": 45.172383189201355, "params": {"n_estimators": 16, "max_depth": 3, "learning_rate": 0.10677868026476044, "random_state": 32}}
{"target": 43.634111285209656, "params": {"n_estimators": 500, "max_depth": 3, "learning_rate": 0.04608150682941457, "random_state": 32}}
{"target": 45.458073019981384, "params": {"n_estimators": 1267, "max_depth": 3, "learning_rate": 0.06282886198926921, "random_state": 32}}
{"target": 42.28476345539093, "params": {"n_estimators": 913, "max_depth": 3, "learning_rate": 0.011087765471650152, "random_state": 32}}
{"target": 46.46832883358002, "params": {"n_estimators": 737, "max_depth": 7, "learning_rate": 0.010662627080683195, "random_state": 32}}
{"target": 44.80529546737671, "params": {"n_estimators": 574, "max_depth": 3, "learning_rate": 0.08947041209097753, "random_state": 32}}
{"target": 46.686556935310364, "params": {"n_estimators": 2537, "max_depth": 21, "learning_rate": 0.1890565907899209, "random_state": 32}}
{"target": 50.50470590591431, "params": {"n_estimators": 35, "max_depth": 3, "learning_rate": 0.02262808141026728, "random_state": 32}}
{"target": 45.8146071434021, "params": {"n_estimators": 579, "max_depth": 7, "learning_rate": 0.06336792137182569, "random_state": 32}}
{"target": 47.06638216972351, "params": {"n_estimators": 673, "max_depth": 9, "learning_rate": 0.05067148621290819, "random_state": 32}}
{"target": 45.000832080841064, "params": {"n_estimators": 52, "max_depth": 6, "learning_rate": 0.07397287693672801, "random_state": 32}}
{"target": 46.226845383644104, "params": {"n_estimators": 24, "max_depth": 9, "learning_rate": 0.13756392655752359, "random_state": 32}}
{"target": 42.555686831474304, "params": {"n_estimators": 49, "max_depth": 3, "learning_rate": 0.0781921802856377, "random_state": 32}}
{"target": 44.69734609127045, "params": {"n_estimators": 843, "max_depth": 6, "learning_rate": 0.04162644868204622, "random_state": 32}}
{"target": 44.48030650615692, "params": {"n_estimators": 1064, "max_depth": 3, "learning_rate": 0.04024617158652577, "random_state": 32}}
{"target": 45.120218992233276, "params": {"n_estimators": 579, "max_depth": 6, "learning_rate": 0.010586321314334091, "random_state": 32}}
{"target": 46.26274347305298, "params": {"n_estimators": 1060, "max_depth": 9, "learning_rate": 0.010058136073643035, "random_state": 32}}
{"target": 41.953251361846924, "params": {"n_estimators": 737, "max_depth": 3, "learning_rate": 0.010806679008031235, "random_state": 32}}
{"target": 44.731873869895935, "params": {"n_estimators": 65, "max_depth": 6, "learning_rate": 0.05113840474728308, "random_state": 32}}
{"target": 44.796802401542664, "params": {"n_estimators": 512, "max_depth": 3, "learning_rate": 0.06706855083096586, "random_state": 32}}
{"target": 42.20549702644348, "params": {"n_estimators": 489, "max_depth": 3, "learning_rate": 0.010452192149405324, "random_state": 32}}
{"target": 43.21099936962128, "params": {"n_estimators": 567, "max_depth": 3, "learning_rate": 0.04202797768115592, "random_state": 32}}
{"target": 45.37019491195679, "params": {"n_estimators": 616, "max_depth": 6, "learning_rate": 0.1085676495160074, "random_state": 32}}
{"target": 49.90752339363098, "params": {"n_estimators": 31, "max_depth": 7, "learning_rate": 0.038595159570741444, "random_state": 32}}
{"target": 44.67742204666138, "params": {"n_estimators": 744, "max_depth": 6, "learning_rate": 0.11713955814788267, "random_state": 32}}
{"target": 42.17898905277252, "params": {"n_estimators": 55, "max_depth": 3, "learning_rate": 0.08732494098705827, "random_state": 32}}
{"target": 46.02842330932617, "params": {"n_estimators": 32, "max_depth": 6, "learning_rate": 0.06271558304230462, "random_state": 32}}
{"target": 45.161839723587036, "params": {"n_estimators": 975, "max_depth": 3, "learning_rate": 0.07226075827489532, "random_state": 32}}
{"target": 45.8080929517746, "params": {"n_estimators": 758, "max_depth": 3, "learning_rate": 0.11617060769624137, "random_state": 32}}
{"target": 45.670453906059265, "params": {"n_estimators": 1057, "max_depth": 7, "learning_rate": 0.16207948300067637, "random_state": 32}}
{"target": 45.58489263057709, "params": {"n_estimators": 2148, "max_depth": 3, "learning_rate": 0.18090862331255597, "random_state": 32}}
{"target": 44.514222741127014, "params": {"n_estimators": 513, "max_depth": 3, "learning_rate": 0.06810631749259502, "random_state": 32}}
{"target": 46.84315741062164, "params": {"n_estimators": 15, "max_depth": 7, "learning_rate": 0.12418370229087192, "random_state": 32}}
{"target": 42.622507214546204, "params": {"n_estimators": 42, "max_depth": 3, "learning_rate": 0.08480038336132852, "random_state": 32}}
{"target": 42.80953884124756, "params": {"n_estimators": 95, "max_depth": 3, "learning_rate": 0.03564372292494303, "random_state": 32}}
{"target": 45.38591265678406, "params": {"n_estimators": 27, "max_depth": 3, "learning_rate": 0.061193480426209985, "random_state": 32}}
{"target": 44.876853227615356, "params": {"n_estimators": 454, "max_depth": 6, "learning_rate": 0.13858994560768806, "random_state": 32}}
{"target": 44.94046628475189, "params": {"n_estimators": 707, "max_depth": 6, "learning_rate": 0.05851662039323205, "random_state": 32}}
{"target": 55.316157937049866, "params": {"n_estimators": 21, "max_depth": 3, "learning_rate": 0.019121368777073842, "random_state": 32}}
{"target": 46.416367292404175, "params": {"n_estimators": 4998, "max_depth": 10, "learning_rate": 0.110363809537086, "random_state": 32}}
{"target": 46.59242630004883, "params": {"n_estimators": 21, "max_depth": 3, "learning_rate": 0.06605960962120652, "random_state": 32}}
{"target": 44.868197441101074, "params": {"n_estimators": 824, "max_depth": 6, "learning_rate": 0.049965185879793345, "random_state": 32}}
{"target": 45.52427113056183, "params": {"n_estimators": 1949, "max_depth": 3, "learning_rate": 0.045590399201987986, "random_state": 32}}
{"target": 45.09283900260925, "params": {"n_estimators": 1082, "max_depth": 3, "learning_rate": 0.04834744900349815, "random_state": 32}}
{"target": 43.8418835401535, "params": {"n_estimators": 810, "max_depth": 3, "learning_rate": 0.03800386159479388, "random_state": 32}}
{"target": 44.6481591463089, "params": {"n_estimators": 29, "max_depth": 3, "learning_rate": 0.06466383074316186, "random_state": 32}}
{"target": 45.1287716627121, "params": {"n_estimators": 742, "max_depth": 3, "learning_rate": 0.07351928151623605, "random_state": 32}}
{"target": 46.14592373371124, "params": {"n_estimators": 697, "max_depth": 10, "learning_rate": 0.08341835708764864, "random_state": 32}}
{"target": 44.84462380409241, "params": {"n_estimators": 1680, "max_depth": 3, "learning_rate": 0.04405243334986829, "random_state": 32}}
{"target": 42.09285795688629, "params": {"n_estimators": 637, "max_depth": 3, "learning_rate": 0.011345896487791643, "random_state": 32}}
{"target": 45.85969924926758, "params": {"n_estimators": 1869, "max_depth": 3, "learning_rate": 0.1250886962824993, "random_state": 32}}
{"target": 44.593523144721985, "params": {"n_estimators": 594, "max_depth": 6, "learning_rate": 0.12282127927200609, "random_state": 32}}
{"target": 45.32351911067963, "params": {"n_estimators": 613, "max_depth": 3, "learning_rate": 0.1513110358759997, "random_state": 32}}
{"target": 46.84163510799408, "params": {"n_estimators": 754, "max_depth": 9, "learning_rate": 0.05189905731054495, "random_state": 32}}
{"target": 48.493226170539856, "params": {"n_estimators": 21, "max_depth": 10, "learning_rate": 0.08172934103182014, "random_state": 32}}
{"target": 45.14719307422638, "params": {"n_estimators": 588, "max_depth": 6, "learning_rate": 0.09403832140080078, "random_state": 32}}
{"target": 44.56747531890869, "params": {"n_estimators": 1214, "max_depth": 6, "learning_rate": 0.030520140085635413, "random_state": 32}}
{"target": 47.886947989463806, "params": {"n_estimators": 32, "max_depth": 6, "learning_rate": 0.04290523245294816, "random_state": 32}}
{"target": 45.28077840805054, "params": {"n_estimators": 560, "max_depth": 3, "learning_rate": 0.12850378708999843, "random_state": 32}}
{"target": 43.040945529937744, "params": {"n_estimators": 1437, "max_depth": 3, "learning_rate": 0.011422657429004716, "random_state": 32}}
{"target": 46.0235720872879, "params": {"n_estimators": 1049, "max_depth": 3, "learning_rate": 0.11070225281991973, "random_state": 32}}
{"target": 46.5207439661026, "params": {"n_estimators": 697, "max_depth": 17, "learning_rate": 0.15415236192255918, "random_state": 32}}
{"target": 46.31571710109711, "params": {"n_estimators": 111, "max_depth": 25, "learning_rate": 0.28877869050256383, "random_state": 32}}
{"target": 44.61491882801056, "params": {"n_estimators": 1124, "max_depth": 6, "learning_rate": 0.03545678171214796, "random_state": 32}}
{"target": 44.8420512676239, "params": {"n_estimators": 570, "max_depth": 6, "learning_rate": 0.03858466576533453, "random_state": 32}}
{"target": 42.73321509361267, "params": {"n_estimators": 344, "max_depth": 3, "learning_rate": 0.010529751489997852, "random_state": 32}}
{"target": 46.14876687526703, "params": {"n_estimators": 458, "max_depth": 7, "learning_rate": 0.08203194473330777, "random_state": 32}}
{"target": 44.693655371665955, "params": {"n_estimators": 664, "max_depth": 6, "learning_rate": 0.09669798793778486, "random_state": 32}}
{"target": 44.97947573661804, "params": {"n_estimators": 417, "max_depth": 6, "learning_rate": 0.07804108381231145, "random_state": 32}}
{"target": 44.790873527526855, "params": {"n_estimators": 939, "max_depth": 6, "learning_rate": 0.047110950958293894, "random_state": 32}}
{"target": 45.705971121788025, "params": {"n_estimators": 642, "max_depth": 7, "learning_rate": 0.07998856528517599, "random_state": 32}}
{"target": 44.50079560279846, "params": {"n_estimators": 40, "max_depth": 3, "learning_rate": 0.04881923997356729, "random_state": 32}}
{"target": 44.74891185760498, "params": {"n_estimators": 490, "max_depth": 6, "learning_rate": 0.04393094844617582, "random_state": 32}}
{"target": 45.909637212753296, "params": {"n_estimators": 523, "max_depth": 3, "learning_rate": 0.10209730920955426, "random_state": 32}}
{"target": 44.552146792411804, "params": {"n_estimators": 633, "max_depth": 6, "learning_rate": 0.045167947024736185, "random_state": 32}}
{"target": 43.54644060134888, "params": {"n_estimators": 537, "max_depth": 3, "learning_rate": 0.035674500608151694, "random_state": 32}}
{"target": 45.494882464408875, "params": {"n_estimators": 294, "max_depth": 6, "learning_rate": 0.01102251991947981, "random_state": 32}}
{"target": 45.69076895713806, "params": {"n_estimators": 40, "max_depth": 6, "learning_rate": 0.06586307902543037, "random_state": 32}}
{"target": 44.34672951698303, "params": {"n_estimators": 487, "max_depth": 6, "learning_rate": 0.03490583669965527, "random_state": 32}}
{"target": 44.788761138916016, "params": {"n_estimators": 761, "max_depth": 3, "learning_rate": 0.0736442237120517, "random_state": 32}}
{"target": 43.539162278175354, "params": {"n_estimators": 657, "max_depth": 3, "learning_rate": 0.03462173851658791, "random_state": 32}}
{"target": 44.321038126945496, "params": {"n_estimators": 553, "max_depth": 3, "learning_rate": 0.08733747955423878, "random_state": 32}}
{"target": 54.8442679643631, "params": {"n_estimators": 11, "max_depth": 3, "learning_rate": 0.03914272732450719, "random_state": 32}}
{"target": 45.44435679912567, "params": {"n_estimators": 1169, "max_depth": 3, "learning_rate": 0.08701929197555268, "random_state": 32}}
{"target": 45.225157737731934, "params": {"n_estimators": 654, "max_depth": 3, "learning_rate": 0.06108280772602881, "random_state": 32}}
{"target": 49.783713817596436, "params": {"n_estimators": 66, "max_depth": 3, "learning_rate": 0.013311593594169953, "random_state": 32}}
{"target": 44.83006954193115, "params": {"n_estimators": 1006, "max_depth": 6, "learning_rate": 0.013558048531200444, "random_state": 32}}
{"target": 44.75825071334839, "params": {"n_estimators": 644, "max_depth": 3, "learning_rate": 0.06704881557801227, "random_state": 32}}
{"target": 48.65656554698944, "params": {"n_estimators": 44, "max_depth": 7, "learning_rate": 0.03389470066064734, "random_state": 32}}
{"target": 45.5082505941391, "params": {"n_estimators": 30, "max_depth": 6, "learning_rate": 0.10913800812069552, "random_state": 32}}
{"target": 43.287100195884705, "params": {"n_estimators": 26, "max_depth": 3, "learning_rate": 0.11359688177584654, "random_state": 32}}
{"target": 43.292980790138245, "params": {"n_estimators": 56, "max_depth": 3, "learning_rate": 0.04765396770148719, "random_state": 32}}
{"target": 43.73912155628204, "params": {"n_estimators": 599, "max_depth": 3, "learning_rate": 0.05355211395249921, "random_state": 32}}
{"target": 45.59867858886719, "params": {"n_estimators": 17, "max_depth": 3, "learning_rate": 0.10006442088587932, "random_state": 32}}
{"target": 44.575340151786804, "params": {"n_estimators": 114, "max_depth": 6, "learning_rate": 0.19608697596322477, "random_state": 32}}
{"target": 45.01639425754547, "params": {"n_estimators": 27, "max_depth": 3, "learning_rate": 0.06588905731911618, "random_state": 32}}
{"target": 47.44553506374359, "params": {"n_estimators": 113, "max_depth": 17, "learning_rate": 0.2022297794257926, "random_state": 32}}
{"target": 44.40119504928589, "params": {"n_estimators": 547, "max_depth": 6, "learning_rate": 0.0640001225458091, "random_state": 32}}
