{"target": 46.50321364402771, "params": {"n_estimators": 888, "max_depth": 29, "learning_rate": 0.16903619975224862, "random_state": 32}}
{"target": 47.42902159690857, "params": {"n_estimators": 1661, "max_depth": 27, "learning_rate": 0.25016168235626357, "random_state": 32}}
{"target": 44.34191823005676, "params": {"n_estimators": 737, "max_depth": 5, "learning_rate": 0.11508154718998294, "random_state": 32}}
{"target": 46.66247308254242, "params": {"n_estimators": 3082, "max_depth": 13, "learning_rate": 0.11280165856752994, "random_state": 32}}
{"target": 47.144259214401245, "params": {"n_estimators": 2669, "max_depth": 9, "learning_rate": 0.27483093615794163, "random_state": 32}}
{"target": 46.3322514295578, "params": {"n_estimators": 1883, "max_depth": 20, "learning_rate": 0.10358304187516656, "random_state": 32}}
{"target": 47.00876474380493, "params": {"n_estimators": 2518, "max_depth": 24, "learning_rate": 0.2719689544786087, "random_state": 32}}
{"target": 45.856956243515015, "params": {"n_estimators": 4025, "max_depth": 3, "learning_rate": 0.15776528609851426, "random_state": 32}}
{"target": 46.7982417345047, "params": {"n_estimators": 320, "max_depth": 12, "learning_rate": 0.27358965888872816, "random_state": 32}}
{"target": 46.865410804748535, "params": {"n_estimators": 2931, "max_depth": 15, "learning_rate": 0.09349691811015322, "random_state": 32}}
{"target": 46.69111907482147, "params": {"n_estimators": 3908, "max_depth": 8, "learning_rate": 0.16819228006517734, "random_state": 32}}
{"target": 44.16974127292633, "params": {"n_estimators": 2143, "max_depth": 5, "learning_rate": 0.0657192961578451, "random_state": 32}}
{"target": 47.21348226070404, "params": {"n_estimators": 2584, "max_depth": 16, "learning_rate": 0.03091847172868819, "random_state": 32}}
{"target": 46.646848917007446, "params": {"n_estimators": 609, "max_depth": 10, "learning_rate": 0.14360170822167992, "random_state": 32}}
{"target": 46.47131860256195, "params": {"n_estimators": 4443, "max_depth": 15, "learning_rate": 0.14100179386427625, "random_state": 32}}
{"target": 46.59858822822571, "params": {"n_estimators": 327, "max_depth": 25, "learning_rate": 0.08880880515909459, "random_state": 32}}
{"target": 46.18533372879028, "params": {"n_estimators": 2342, "max_depth": 7, "learning_rate": 0.25606206849179386, "random_state": 32}}
{"target": 44.55006659030914, "params": {"n_estimators": 94, "max_depth": 6, "learning_rate": 0.04304247390775274, "random_state": 32}}
{"target": 47.331488728523254, "params": {"n_estimators": 4305, "max_depth": 15, "learning_rate": 0.0808347096652888, "random_state": 32}}
{"target": 46.817572712898254, "params": {"n_estimators": 4531, "max_depth": 30, "learning_rate": 0.13882055681761896, "random_state": 32}}
{"target": 47.254647612571716, "params": {"n_estimators": 1374, "max_depth": 22, "learning_rate": 0.29168279491356836, "random_state": 32}}
{"target": 46.63322329521179, "params": {"n_estimators": 2087, "max_depth": 24, "learning_rate": 0.149891861030848, "random_state": 32}}
{"target": 47.13468134403229, "params": {"n_estimators": 742, "max_depth": 9, "learning_rate": 0.25558951761796656, "random_state": 32}}
{"target": 46.899704337120056, "params": {"n_estimators": 3982, "max_depth": 23, "learning_rate": 0.09077288487102529, "random_state": 32}}
{"target": 47.01117277145386, "params": {"n_estimators": 1856, "max_depth": 24, "learning_rate": 0.059243544055117454, "random_state": 32}}
{"target": 46.74284636974335, "params": {"n_estimators": 2956, "max_depth": 10, "learning_rate": 0.2353823076911805, "random_state": 32}}
{"target": 46.851415038108826, "params": {"n_estimators": 179, "max_depth": 30, "learning_rate": 0.2591962732746601, "random_state": 32}}
{"target": 46.826674938201904, "params": {"n_estimators": 2502, "max_depth": 20, "learning_rate": 0.1362788638666328, "random_state": 32}}
{"target": 46.46566987037659, "params": {"n_estimators": 1430, "max_depth": 11, "learning_rate": 0.18578416687642504, "random_state": 32}}
{"target": 46.91363275051117, "params": {"n_estimators": 3296, "max_depth": 23, "learning_rate": 0.1603261892336681, "random_state": 32}}
{"target": 43.029765486717224, "params": {"n_estimators": 209, "max_depth": 3, "learning_rate": 0.06232980496201984, "random_state": 32}}
{"target": 46.04583740234375, "params": {"n_estimators": 4555, "max_depth": 8, "learning_rate": 0.020886364702448687, "random_state": 32}}
{"target": 42.44656145572662, "params": {"n_estimators": 77, "max_depth": 3, "learning_rate": 0.054776808177283545, "random_state": 32}}
{"target": 46.21196806430817, "params": {"n_estimators": 592, "max_depth": 7, "learning_rate": 0.042541525640298214, "random_state": 32}}
{"target": 45.54426968097687, "params": {"n_estimators": 4160, "max_depth": 3, "learning_rate": 0.13169654733269548, "random_state": 32}}
{"target": 44.28832948207855, "params": {"n_estimators": 1982, "max_depth": 5, "learning_rate": 0.09330439459995818, "random_state": 32}}
{"target": 45.36690294742584, "params": {"n_estimators": 1655, "max_depth": 3, "learning_rate": 0.11729319397440333, "random_state": 32}}
{"target": 47.02317714691162, "params": {"n_estimators": 3388, "max_depth": 23, "learning_rate": 0.03237522938047939, "random_state": 32}}
{"target": 45.46484053134918, "params": {"n_estimators": 1732, "max_depth": 4, "learning_rate": 0.10215898867766543, "random_state": 32}}
{"target": 45.56355953216553, "params": {"n_estimators": 2144, "max_depth": 3, "learning_rate": 0.050150977898225625, "random_state": 32}}
{"target": 43.49569916725159, "params": {"n_estimators": 441, "max_depth": 3, "learning_rate": 0.06487407070136544, "random_state": 32}}
{"target": 44.37956154346466, "params": {"n_estimators": 64, "max_depth": 6, "learning_rate": 0.10675446894810423, "random_state": 32}}
{"target": 42.728514671325684, "params": {"n_estimators": 224, "max_depth": 3, "learning_rate": 0.06662052069406449, "random_state": 32}}
{"target": 44.93238389492035, "params": {"n_estimators": 2543, "max_depth": 6, "learning_rate": 0.07133261555857615, "random_state": 32}}
{"target": 44.10967469215393, "params": {"n_estimators": 311, "max_depth": 4, "learning_rate": 0.07759779548970692, "random_state": 32}}
{"target": 42.734346985816956, "params": {"n_estimators": 294, "max_depth": 3, "learning_rate": 0.051973917224780716, "random_state": 32}}
{"target": 46.344616413116455, "params": {"n_estimators": 2190, "max_depth": 9, "learning_rate": 0.04129587813722899, "random_state": 32}}
{"target": 42.875181436538696, "params": {"n_estimators": 830, "max_depth": 3, "learning_rate": 0.02016955044088551, "random_state": 32}}
{"target": 42.82143235206604, "params": {"n_estimators": 553, "max_depth": 3, "learning_rate": 0.025467757591593726, "random_state": 32}}
{"target": 44.54189658164978, "params": {"n_estimators": 588, "max_depth": 3, "learning_rate": 0.05962889248492278, "random_state": 32}}
{"target": 46.34011626243591, "params": {"n_estimators": 2008, "max_depth": 8, "learning_rate": 0.02907781797557836, "random_state": 32}}
{"target": 43.09803247451782, "params": {"n_estimators": 1110, "max_depth": 3, "learning_rate": 0.01384556977850199, "random_state": 32}}
{"target": 43.546377420425415, "params": {"n_estimators": 747, "max_depth": 4, "learning_rate": 0.022135603312559343, "random_state": 32}}
{"target": 42.3405796289444, "params": {"n_estimators": 888, "max_depth": 3, "learning_rate": 0.010913640709295885, "random_state": 32}}
{"target": 43.695423007011414, "params": {"n_estimators": 396, "max_depth": 5, "learning_rate": 0.015362945609868721, "random_state": 32}}
{"target": 44.214598536491394, "params": {"n_estimators": 1171, "max_depth": 4, "learning_rate": 0.021307679844920636, "random_state": 32}}
{"target": 42.58121073246002, "params": {"n_estimators": 685, "max_depth": 3, "learning_rate": 0.019567746115433316, "random_state": 32}}
{"target": 50.07344841957092, "params": {"n_estimators": 73, "max_depth": 4, "learning_rate": 0.012692085990427267, "random_state": 32}}
{"target": 46.937015652656555, "params": {"n_estimators": 370, "max_depth": 16, "learning_rate": 0.030169116031499528, "random_state": 32}}
{"target": 47.33508050441742, "params": {"n_estimators": 710, "max_depth": 11, "learning_rate": 0.04243532548254342, "random_state": 32}}
{"target": 47.57365643978119, "params": {"n_estimators": 229, "max_depth": 11, "learning_rate": 0.010886955616063317, "random_state": 32}}
{"target": 55.7010543346405, "params": {"n_estimators": 22, "max_depth": 3, "learning_rate": 0.01709695991110354, "random_state": 32}}
{"target": 46.873799562454224, "params": {"n_estimators": 841, "max_depth": 14, "learning_rate": 0.010954153977424289, "random_state": 32}}
{"target": 44.15545105934143, "params": {"n_estimators": 1213, "max_depth": 3, "learning_rate": 0.025833774563534532, "random_state": 32}}
{"target": 46.9399094581604, "params": {"n_estimators": 4660, "max_depth": 15, "learning_rate": 0.28055543762789004, "random_state": 32}}
{"target": 42.79891848564148, "params": {"n_estimators": 156, "max_depth": 4, "learning_rate": 0.07862381247722695, "random_state": 32}}
{"target": 44.22259509563446, "params": {"n_estimators": 973, "max_depth": 3, "learning_rate": 0.05279623344649041, "random_state": 32}}
{"target": 44.344356656074524, "params": {"n_estimators": 43, "max_depth": 5, "learning_rate": 0.12108903284951612, "random_state": 32}}
{"target": 46.381579637527466, "params": {"n_estimators": 1413, "max_depth": 10, "learning_rate": 0.010330121731337731, "random_state": 32}}
{"target": 45.694241523742676, "params": {"n_estimators": 591, "max_depth": 3, "learning_rate": 0.12913072013737115, "random_state": 32}}
{"target": 45.50919055938721, "params": {"n_estimators": 873, "max_depth": 3, "learning_rate": 0.09199353660019244, "random_state": 32}}
{"target": 43.44920337200165, "params": {"n_estimators": 299, "max_depth": 3, "learning_rate": 0.07172646960932898, "random_state": 32}}
{"target": 43.36208879947662, "params": {"n_estimators": 69, "max_depth": 4, "learning_rate": 0.06732226770509021, "random_state": 32}}
{"target": 43.281590938568115, "params": {"n_estimators": 464, "max_depth": 3, "learning_rate": 0.05678885949432647, "random_state": 32}}
{"target": 46.45141780376434, "params": {"n_estimators": 310, "max_depth": 11, "learning_rate": 0.09617697702348307, "random_state": 32}}
{"target": 43.03437411785126, "params": {"n_estimators": 663, "max_depth": 4, "learning_rate": 0.012479160161439191, "random_state": 32}}
{"target": 42.13734209537506, "params": {"n_estimators": 563, "max_depth": 3, "learning_rate": 0.010698509651033713, "random_state": 32}}
{"target": 47.07512974739075, "params": {"n_estimators": 364, "max_depth": 12, "learning_rate": 0.11252511347722398, "random_state": 32}}
{"target": 47.111918330192566, "params": {"n_estimators": 32, "max_depth": 3, "learning_rate": 0.04036178344098855, "random_state": 32}}
{"target": 47.02592372894287, "params": {"n_estimators": 4397, "max_depth": 26, "learning_rate": 0.29957784145720534, "random_state": 32}}
{"target": 45.81828951835632, "params": {"n_estimators": 455, "max_depth": 7, "learning_rate": 0.06518042862810486, "random_state": 32}}
{"target": 46.2854939699173, "params": {"n_estimators": 746, "max_depth": 8, "learning_rate": 0.0714477573930049, "random_state": 32}}
{"target": 46.29051387310028, "params": {"n_estimators": 589, "max_depth": 8, "learning_rate": 0.08959171048098985, "random_state": 32}}
{"target": 46.088067293167114, "params": {"n_estimators": 1038, "max_depth": 8, "learning_rate": 0.05492097365695578, "random_state": 32}}
{"target": 47.02891826629639, "params": {"n_estimators": 1781, "max_depth": 26, "learning_rate": 0.17091541577663152, "random_state": 32}}
{"target": 45.93911170959473, "params": {"n_estimators": 2094, "max_depth": 7, "learning_rate": 0.07780456939115031, "random_state": 32}}
{"target": 46.90152049064636, "params": {"n_estimators": 3032, "max_depth": 29, "learning_rate": 0.2159241856572458, "random_state": 32}}
{"target": 46.25235855579376, "params": {"n_estimators": 1739, "max_depth": 14, "learning_rate": 0.14478036806761882, "random_state": 32}}
{"target": 44.69678223133087, "params": {"n_estimators": 3812, "max_depth": 6, "learning_rate": 0.04774815091684758, "random_state": 32}}
{"target": 47.15561389923096, "params": {"n_estimators": 1555, "max_depth": 11, "learning_rate": 0.0299366565665566, "random_state": 32}}
{"target": 44.560770988464355, "params": {"n_estimators": 291, "max_depth": 6, "learning_rate": 0.1958497629308842, "random_state": 32}}
{"target": 46.63495898246765, "params": {"n_estimators": 215, "max_depth": 14, "learning_rate": 0.1494872503181905, "random_state": 32}}
{"target": 45.91211438179016, "params": {"n_estimators": 2221, "max_depth": 8, "learning_rate": 0.16691609920963518, "random_state": 32}}
{"target": 47.01938092708588, "params": {"n_estimators": 2045, "max_depth": 9, "learning_rate": 0.27766244258018047, "random_state": 32}}
{"target": 46.8861985206604, "params": {"n_estimators": 2604, "max_depth": 12, "learning_rate": 0.19895985910155864, "random_state": 32}}
{"target": 47.13798463344574, "params": {"n_estimators": 4675, "max_depth": 18, "learning_rate": 0.20415938961468494, "random_state": 32}}
{"target": 47.10480332374573, "params": {"n_estimators": 865, "max_depth": 9, "learning_rate": 0.27755022395924356, "random_state": 32}}
{"target": 46.6415011882782, "params": {"n_estimators": 3350, "max_depth": 30, "learning_rate": 0.06005222967120218, "random_state": 32}}
{"target": 46.95610225200653, "params": {"n_estimators": 3888, "max_depth": 27, "learning_rate": 0.29561994519088014, "random_state": 32}}
{"target": 45.72811484336853, "params": {"n_estimators": 2069, "max_depth": 10, "learning_rate": 0.031163151018158433, "random_state": 32}}
{"target": 46.37076020240784, "params": {"n_estimators": 2420, "max_depth": 29, "learning_rate": 0.10580464265003674, "random_state": 32}}
{"target": 47.156864404678345, "params": {"n_estimators": 439, "max_depth": 18, "learning_rate": 0.17748928407255005, "random_state": 32}}
{"target": 45.319417119026184, "params": {"n_estimators": 1384, "max_depth": 6, "learning_rate": 0.22865752267682257, "random_state": 32}}
{"target": 46.52992069721222, "params": {"n_estimators": 1405, "max_depth": 9, "learning_rate": 0.17277602521976268, "random_state": 32}}
{"target": 46.593413949012756, "params": {"n_estimators": 513, "max_depth": 15, "learning_rate": 0.153968532373631, "random_state": 32}}
{"target": 46.62480890750885, "params": {"n_estimators": 2507, "max_depth": 29, "learning_rate": 0.11016140275825438, "random_state": 32}}
{"target": 46.622973680496216, "params": {"n_estimators": 1025, "max_depth": 26, "learning_rate": 0.06386692639744151, "random_state": 32}}
{"target": 46.628577709198, "params": {"n_estimators": 353, "max_depth": 16, "learning_rate": 0.23655063047472727, "random_state": 32}}
{"target": 45.92168748378754, "params": {"n_estimators": 3961, "max_depth": 8, "learning_rate": 0.052229237777029584, "random_state": 32}}
{"target": 47.07281708717346, "params": {"n_estimators": 4314, "max_depth": 29, "learning_rate": 0.10779854187736045, "random_state": 32}}
{"target": 46.660229563713074, "params": {"n_estimators": 3126, "max_depth": 20, "learning_rate": 0.04579365661497521, "random_state": 32}}
{"target": 47.12708294391632, "params": {"n_estimators": 3862, "max_depth": 18, "learning_rate": 0.17746934965446715, "random_state": 32}}
{"target": 47.083595991134644, "params": {"n_estimators": 1086, "max_depth": 21, "learning_rate": 0.07680518844295002, "random_state": 32}}
{"target": 46.991262435913086, "params": {"n_estimators": 4546, "max_depth": 26, "learning_rate": 0.22893345584176575, "random_state": 32}}
{"target": 47.02435910701752, "params": {"n_estimators": 3030, "max_depth": 30, "learning_rate": 0.018824739681293466, "random_state": 32}}
{"target": 44.461968541145325, "params": {"n_estimators": 254, "max_depth": 5, "learning_rate": 0.20972390304924468, "random_state": 32}}
{"target": 46.95360541343689, "params": {"n_estimators": 4127, "max_depth": 22, "learning_rate": 0.05880035814533799, "random_state": 32}}
{"target": 44.81447994709015, "params": {"n_estimators": 601, "max_depth": 6, "learning_rate": 0.19413620037021337, "random_state": 32}}
{"target": 45.24796664714813, "params": {"n_estimators": 13, "max_depth": 5, "learning_rate": 0.16993941798912165, "random_state": 32}}
{"target": 46.521106362342834, "params": {"n_estimators": 3347, "max_depth": 24, "learning_rate": 0.13963011967661004, "random_state": 32}}
{"target": 45.44592320919037, "params": {"n_estimators": 473, "max_depth": 3, "learning_rate": 0.24053749221736645, "random_state": 32}}
{"target": 45.923203229904175, "params": {"n_estimators": 4272, "max_depth": 8, "learning_rate": 0.13810487825803588, "random_state": 32}}
{"target": 46.821104884147644, "params": {"n_estimators": 1098, "max_depth": 3, "learning_rate": 0.12423886978449172, "random_state": 32}}
{"target": 44.67243790626526, "params": {"n_estimators": 3025, "max_depth": 4, "learning_rate": 0.08154124828086932, "random_state": 32}}
{"target": 44.23672080039978, "params": {"n_estimators": 3198, "max_depth": 5, "learning_rate": 0.061653362254028204, "random_state": 32}}
{"target": 44.82414782047272, "params": {"n_estimators": 4597, "max_depth": 3, "learning_rate": 0.023000598127054708, "random_state": 32}}
{"target": 44.66214954853058, "params": {"n_estimators": 3041, "max_depth": 5, "learning_rate": 0.07535929445481332, "random_state": 32}}
{"target": 44.218894839286804, "params": {"n_estimators": 2715, "max_depth": 5, "learning_rate": 0.10831862729479921, "random_state": 32}}
{"target": 44.23650026321411, "params": {"n_estimators": 3244, "max_depth": 6, "learning_rate": 0.08480292796639533, "random_state": 32}}
{"target": 45.2083683013916, "params": {"n_estimators": 3007, "max_depth": 4, "learning_rate": 0.0832492882935618, "random_state": 32}}
{"target": 44.24790978431702, "params": {"n_estimators": 4832, "max_depth": 5, "learning_rate": 0.011109224324899906, "random_state": 32}}
{"target": 46.05084300041199, "params": {"n_estimators": 3063, "max_depth": 10, "learning_rate": 0.12194801975403521, "random_state": 32}}
{"target": 46.4208847284317, "params": {"n_estimators": 2896, "max_depth": 10, "learning_rate": 0.136648466206544, "random_state": 32}}
{"target": 46.84695541858673, "params": {"n_estimators": 3054, "max_depth": 11, "learning_rate": 0.09868458200957479, "random_state": 32}}
{"target": 46.34252429008484, "params": {"n_estimators": 4774, "max_depth": 10, "learning_rate": 0.03214850731820923, "random_state": 32}}
{"target": 46.35789453983307, "params": {"n_estimators": 4838, "max_depth": 9, "learning_rate": 0.019874382832820905, "random_state": 32}}
{"target": 46.92898213863373, "params": {"n_estimators": 4438, "max_depth": 11, "learning_rate": 0.02031158741812191, "random_state": 32}}
{"target": 46.200663447380066, "params": {"n_estimators": 4674, "max_depth": 8, "learning_rate": 0.019995906454868866, "random_state": 32}}
{"target": 46.52813792228699, "params": {"n_estimators": 4178, "max_depth": 3, "learning_rate": 0.285221578347597, "random_state": 32}}
{"target": 44.74419593811035, "params": {"n_estimators": 2403, "max_depth": 5, "learning_rate": 0.14492232689294485, "random_state": 32}}
{"target": 44.53511118888855, "params": {"n_estimators": 1639, "max_depth": 3, "learning_rate": 0.026828710976353656, "random_state": 32}}
{"target": 45.72197377681732, "params": {"n_estimators": 3010, "max_depth": 3, "learning_rate": 0.13701525599323158, "random_state": 32}}
{"target": 46.59953474998474, "params": {"n_estimators": 2972, "max_depth": 10, "learning_rate": 0.021397902170579616, "random_state": 32}}
{"target": 44.439857006073, "params": {"n_estimators": 3209, "max_depth": 4, "learning_rate": 0.014728852399770568, "random_state": 32}}
{"target": 43.80496263504028, "params": {"n_estimators": 1201, "max_depth": 4, "learning_rate": 0.013474470577338613, "random_state": 32}}
{"target": 44.96363878250122, "params": {"n_estimators": 1736, "max_depth": 6, "learning_rate": 0.07260292084862566, "random_state": 32}}
{"target": 45.023332834243774, "params": {"n_estimators": 1344, "max_depth": 6, "learning_rate": 0.01613753416013708, "random_state": 32}}
{"target": 44.45315957069397, "params": {"n_estimators": 937, "max_depth": 6, "learning_rate": 0.06307953620310809, "random_state": 32}}
{"target": 44.61629569530487, "params": {"n_estimators": 2891, "max_depth": 4, "learning_rate": 0.03979942917536546, "random_state": 32}}
{"target": 42.34004735946655, "params": {"n_estimators": 268, "max_depth": 3, "learning_rate": 0.038558632130613446, "random_state": 32}}
{"target": 44.009206891059875, "params": {"n_estimators": 135, "max_depth": 5, "learning_rate": 0.05620084490711655, "random_state": 32}}
{"target": 42.22668647766113, "params": {"n_estimators": 768, "max_depth": 3, "learning_rate": 0.012283084427088042, "random_state": 32}}
{"target": 44.69260334968567, "params": {"n_estimators": 3556, "max_depth": 3, "learning_rate": 0.013163671051307295, "random_state": 32}}
{"target": 42.90773332118988, "params": {"n_estimators": 197, "max_depth": 4, "learning_rate": 0.027468726773168754, "random_state": 32}}
{"target": 57.2627991437912, "params": {"n_estimators": 20, "max_depth": 6, "learning_rate": 0.01655783982257509, "random_state": 32}}
{"target": 43.90892744064331, "params": {"n_estimators": 3615, "max_depth": 4, "learning_rate": 0.014797698106142402, "random_state": 32}}
{"target": 43.28465819358826, "params": {"n_estimators": 188, "max_depth": 3, "learning_rate": 0.08455475826253495, "random_state": 32}}
{"target": 44.1254448890686, "params": {"n_estimators": 526, "max_depth": 4, "learning_rate": 0.038568599642385674, "random_state": 32}}
{"target": 44.314647912979126, "params": {"n_estimators": 218, "max_depth": 5, "learning_rate": 0.0698403032378831, "random_state": 32}}
