{"target": 44.57544803619385, "params": {"n_estimators": 653, "max_depth": 3, "learning_rate": 0.08361019541295416, "random_state": 32}}
{"target": 44.81827259063721, "params": {"n_estimators": 463, "max_depth": 6, "learning_rate": 0.01142819060505602, "random_state": 32}}
{"target": 45.6456458568573, "params": {"n_estimators": 3063, "max_depth": 11, "learning_rate": 0.21291933807684854, "random_state": 32}}
{"target": 46.73892259597778, "params": {"n_estimators": 53, "max_depth": 10, "learning_rate": 0.049926148807474334, "random_state": 32}}
{"target": 45.0386768579483, "params": {"n_estimators": 37, "max_depth": 6, "learning_rate": 0.07353313709094494, "random_state": 32}}
{"target": 45.11405050754547, "params": {"n_estimators": 737, "max_depth": 6, "learning_rate": 0.010944533966773475, "random_state": 32}}
{"target": 43.44811260700226, "params": {"n_estimators": 33, "max_depth": 3, "learning_rate": 0.09123897415269211, "random_state": 32}}
{"target": 42.69736707210541, "params": {"n_estimators": 566, "max_depth": 6, "learning_rate": 0.08497711233719354, "random_state": 32}}
{"target": 56.50879621505737, "params": {"n_estimators": 25, "max_depth": 3, "learning_rate": 0.013125349167746506, "random_state": 32}}
{"target": 47.26253688335419, "params": {"n_estimators": 3738, "max_depth": 27, "learning_rate": 0.2945217889720794, "random_state": 32}}
{"target": 44.878345131874084, "params": {"n_estimators": 1074, "max_depth": 6, "learning_rate": 0.06949855976459071, "random_state": 32}}
{"target": 44.41106081008911, "params": {"n_estimators": 52, "max_depth": 6, "learning_rate": 0.17364385996299617, "random_state": 32}}
{"target": 45.15666723251343, "params": {"n_estimators": 59, "max_depth": 6, "learning_rate": 0.05040153720595286, "random_state": 32}}
{"target": 45.09926617145538, "params": {"n_estimators": 1144, "max_depth": 6, "learning_rate": 0.040641624955770304, "random_state": 32}}
{"target": 43.77072215080261, "params": {"n_estimators": 481, "max_depth": 3, "learning_rate": 0.03965206906791041, "random_state": 32}}
{"target": 44.32496428489685, "params": {"n_estimators": 49, "max_depth": 6, "learning_rate": 0.12729705653454365, "random_state": 32}}
{"target": 45.87098181247711, "params": {"n_estimators": 1192, "max_depth": 7, "learning_rate": 0.01023287136194932, "random_state": 32}}
{"target": 43.23709845542908, "params": {"n_estimators": 1616, "max_depth": 3, "learning_rate": 0.01051794059235008, "random_state": 32}}
{"target": 45.32852292060852, "params": {"n_estimators": 630, "max_depth": 6, "learning_rate": 0.0662903405351632, "random_state": 32}}
{"target": 45.44507145881653, "params": {"n_estimators": 554, "max_depth": 3, "learning_rate": 0.07347312418650365, "random_state": 32}}
{"target": 44.760557413101196, "params": {"n_estimators": 525, "max_depth": 6, "learning_rate": 0.04383044078621845, "random_state": 32}}
{"target": 44.835864901542664, "params": {"n_estimators": 760, "max_depth": 6, "learning_rate": 0.05780797100320099, "random_state": 32}}
{"target": 43.540858030319214, "params": {"n_estimators": 548, "max_depth": 3, "learning_rate": 0.0340658328877934, "random_state": 32}}
{"target": 46.73788070678711, "params": {"n_estimators": 3031, "max_depth": 21, "learning_rate": 0.24572468529854563, "random_state": 32}}
{"target": 42.40529775619507, "params": {"n_estimators": 373, "max_depth": 3, "learning_rate": 0.011683401990016053, "random_state": 32}}
{"target": 46.53892993927002, "params": {"n_estimators": 690, "max_depth": 9, "learning_rate": 0.0933241867259397, "random_state": 32}}
{"target": 42.25021958351135, "params": {"n_estimators": 905, "max_depth": 3, "learning_rate": 0.011431827688006588, "random_state": 32}}
{"target": 44.214725494384766, "params": {"n_estimators": 454, "max_depth": 3, "learning_rate": 0.06739949228914595, "random_state": 32}}
{"target": 43.9022296667099, "params": {"n_estimators": 1136, "max_depth": 3, "learning_rate": 0.024521003409015037, "random_state": 32}}
{"target": 49.26750957965851, "params": {"n_estimators": 31, "max_depth": 7, "learning_rate": 0.04269840607383809, "random_state": 32}}
{"target": 52.026620507240295, "params": {"n_estimators": 11, "max_depth": 9, "learning_rate": 0.07963888786762939, "random_state": 32}}
{"target": 43.2640677690506, "params": {"n_estimators": 460, "max_depth": 3, "learning_rate": 0.03606722210754104, "random_state": 32}}
{"target": 51.00384473800659, "params": {"n_estimators": 16, "max_depth": 3, "learning_rate": 0.04597142601254314, "random_state": 32}}
{"target": 44.741694927215576, "params": {"n_estimators": 32, "max_depth": 6, "learning_rate": 0.11215392465772943, "random_state": 32}}
{"target": 44.82801854610443, "params": {"n_estimators": 788, "max_depth": 6, "learning_rate": 0.13601969083364027, "random_state": 32}}
{"target": 51.24798893928528, "params": {"n_estimators": 16, "max_depth": 5, "learning_rate": 0.050463223197875634, "random_state": 32}}
{"target": 42.704944014549255, "params": {"n_estimators": 1259, "max_depth": 3, "learning_rate": 0.010929905786102529, "random_state": 32}}
{"target": 44.55457091331482, "params": {"n_estimators": 473, "max_depth": 6, "learning_rate": 0.05175748799312934, "random_state": 32}}
{"target": 44.36173439025879, "params": {"n_estimators": 56, "max_depth": 6, "learning_rate": 0.07674124831652814, "random_state": 32}}
{"target": 45.039860010147095, "params": {"n_estimators": 574, "max_depth": 6, "learning_rate": 0.011371021715268353, "random_state": 32}}
{"target": 46.10869348049164, "params": {"n_estimators": 751, "max_depth": 3, "learning_rate": 0.16325073163700282, "random_state": 32}}
{"target": 49.8996102809906, "params": {"n_estimators": 18, "max_depth": 6, "learning_rate": 0.05608556294086088, "random_state": 32}}
{"target": 44.735578298568726, "params": {"n_estimators": 481, "max_depth": 6, "learning_rate": 0.014850763994284302, "random_state": 32}}
{"target": 59.506012201309204, "params": {"n_estimators": 10, "max_depth": 3, "learning_rate": 0.016831230931124975, "random_state": 32}}
{"target": 47.443891167640686, "params": {"n_estimators": 2375, "max_depth": 15, "learning_rate": 0.1526418581885926, "random_state": 32}}
{"target": 44.75142061710358, "params": {"n_estimators": 1182, "max_depth": 3, "learning_rate": 0.05573892858728396, "random_state": 32}}
{"target": 50.08540213108063, "params": {"n_estimators": 16, "max_depth": 5, "learning_rate": 0.05856336765920786, "random_state": 32}}
{"target": 44.779810309410095, "params": {"n_estimators": 1091, "max_depth": 6, "learning_rate": 0.11403677383576966, "random_state": 32}}
{"target": 45.43685495853424, "params": {"n_estimators": 642, "max_depth": 3, "learning_rate": 0.10283494261559603, "random_state": 32}}
{"target": 44.51970815658569, "params": {"n_estimators": 622, "max_depth": 6, "learning_rate": 0.09730982907966838, "random_state": 32}}
{"target": 44.689098596572876, "params": {"n_estimators": 461, "max_depth": 6, "learning_rate": 0.11141439776042043, "random_state": 32}}
{"target": 42.83973455429077, "params": {"n_estimators": 334, "max_depth": 3, "learning_rate": 0.04188642390075682, "random_state": 32}}
{"target": 45.71826934814453, "params": {"n_estimators": 1105, "max_depth": 3, "learning_rate": 0.11495808774558887, "random_state": 32}}
{"target": 42.177640199661255, "params": {"n_estimators": 77, "max_depth": 3, "learning_rate": 0.06965025700188944, "random_state": 32}}
{"target": 46.896533370018005, "params": {"n_estimators": 1004, "max_depth": 9, "learning_rate": 0.05286360527676583, "random_state": 32}}
{"target": 46.43995940685272, "params": {"n_estimators": 573, "max_depth": 10, "learning_rate": 0.01201480935132191, "random_state": 32}}
{"target": 46.06711685657501, "params": {"n_estimators": 1195, "max_depth": 3, "learning_rate": 0.07680094008809198, "random_state": 32}}
{"target": 46.978744864463806, "params": {"n_estimators": 3366, "max_depth": 23, "learning_rate": 0.017479254123031474, "random_state": 32}}
{"target": 42.28985905647278, "params": {"n_estimators": 60, "max_depth": 3, "learning_rate": 0.11740235434142832, "random_state": 32}}
{"target": 41.72293841838837, "params": {"n_estimators": 115, "max_depth": 3, "learning_rate": 0.06462687802664883, "random_state": 32}}
{"target": 44.31941330432892, "params": {"n_estimators": 421, "max_depth": 3, "learning_rate": 0.07059583464477456, "random_state": 32}}
{"target": 43.965482115745544, "params": {"n_estimators": 433, "max_depth": 3, "learning_rate": 0.07795507139826095, "random_state": 32}}
{"target": 45.98333299160004, "params": {"n_estimators": 505, "max_depth": 8, "learning_rate": 0.011748355761229526, "random_state": 32}}
{"target": 44.68537747859955, "params": {"n_estimators": 539, "max_depth": 3, "learning_rate": 0.07563375692017543, "random_state": 32}}
{"target": 45.66682517528534, "params": {"n_estimators": 565, "max_depth": 3, "learning_rate": 0.11957685546218819, "random_state": 32}}
{"target": 44.68347609043121, "params": {"n_estimators": 483, "max_depth": 3, "learning_rate": 0.0834656971859438, "random_state": 32}}
{"target": 43.58558416366577, "params": {"n_estimators": 48, "max_depth": 3, "learning_rate": 0.05142977175228283, "random_state": 32}}
{"target": 45.10285019874573, "params": {"n_estimators": 34, "max_depth": 5, "learning_rate": 0.11828420133448714, "random_state": 32}}
{"target": 45.813825726509094, "params": {"n_estimators": 24, "max_depth": 6, "learning_rate": 0.08675519985326809, "random_state": 32}}
{"target": 44.58095848560333, "params": {"n_estimators": 507, "max_depth": 6, "learning_rate": 0.09639518228979733, "random_state": 32}}
{"target": 46.34278476238251, "params": {"n_estimators": 656, "max_depth": 10, "learning_rate": 0.10005066852835892, "random_state": 32}}
{"target": 42.602384090423584, "params": {"n_estimators": 83, "max_depth": 3, "learning_rate": 0.09971556878522546, "random_state": 32}}
{"target": 46.992210149765015, "params": {"n_estimators": 12, "max_depth": 3, "learning_rate": 0.10421754596631606, "random_state": 32}}
{"target": 44.528361558914185, "params": {"n_estimators": 544, "max_depth": 6, "learning_rate": 0.089694860418123, "random_state": 32}}
{"target": 45.73559105396271, "params": {"n_estimators": 4095, "max_depth": 3, "learning_rate": 0.035136086680793516, "random_state": 32}}
{"target": 45.0105881690979, "params": {"n_estimators": 626, "max_depth": 6, "learning_rate": 0.0928244408655173, "random_state": 32}}
{"target": 51.29985570907593, "params": {"n_estimators": 10, "max_depth": 4, "learning_rate": 0.07411382502151617, "random_state": 32}}
{"target": 46.984902024269104, "params": {"n_estimators": 903, "max_depth": 14, "learning_rate": 0.11961123288951, "random_state": 32}}
{"target": 49.84190285205841, "params": {"n_estimators": 58, "max_depth": 16, "learning_rate": 0.02420377014464592, "random_state": 32}}
{"target": 46.71289920806885, "params": {"n_estimators": 38, "max_depth": 7, "learning_rate": 0.07879416674472671, "random_state": 32}}
{"target": 46.01543843746185, "params": {"n_estimators": 479, "max_depth": 9, "learning_rate": 0.08254753771915291, "random_state": 32}}
{"target": 45.87436616420746, "params": {"n_estimators": 495, "max_depth": 7, "learning_rate": 0.0877279175978572, "random_state": 32}}
{"target": 42.328113317489624, "params": {"n_estimators": 98, "max_depth": 3, "learning_rate": 0.06600733043474363, "random_state": 32}}
{"target": 45.89198052883148, "params": {"n_estimators": 532, "max_depth": 7, "learning_rate": 0.07688967395640414, "random_state": 32}}
{"target": 44.172351360321045, "params": {"n_estimators": 69, "max_depth": 6, "learning_rate": 0.07675726874741554, "random_state": 32}}
{"target": 46.746946573257446, "params": {"n_estimators": 545, "max_depth": 9, "learning_rate": 0.06579211255383939, "random_state": 32}}
{"target": 43.26933443546295, "params": {"n_estimators": 40, "max_depth": 3, "learning_rate": 0.07171727391816278, "random_state": 32}}
{"target": 45.46219348907471, "params": {"n_estimators": 596, "max_depth": 3, "learning_rate": 0.11752131788662147, "random_state": 32}}
{"target": 44.38133955001831, "params": {"n_estimators": 693, "max_depth": 3, "learning_rate": 0.06851291848717814, "random_state": 32}}
{"target": 44.59876775741577, "params": {"n_estimators": 1122, "max_depth": 3, "learning_rate": 0.08988431404014023, "random_state": 32}}
{"target": 45.12707054615021, "params": {"n_estimators": 552, "max_depth": 3, "learning_rate": 0.11291576230658593, "random_state": 32}}
{"target": 42.67848312854767, "params": {"n_estimators": 59, "max_depth": 3, "learning_rate": 0.1568218774262018, "random_state": 32}}
{"target": 48.58421087265015, "params": {"n_estimators": 34, "max_depth": 7, "learning_rate": 0.0451393867154712, "random_state": 32}}
{"target": 43.486451506614685, "params": {"n_estimators": 45, "max_depth": 3, "learning_rate": 0.06280081301590412, "random_state": 32}}
{"target": 45.272072553634644, "params": {"n_estimators": 595, "max_depth": 3, "learning_rate": 0.10278990947573956, "random_state": 32}}
{"target": 44.39414203166962, "params": {"n_estimators": 572, "max_depth": 6, "learning_rate": 0.09927354660958011, "random_state": 32}}
{"target": 42.554404735565186, "params": {"n_estimators": 33, "max_depth": 3, "learning_rate": 0.14609112235738797, "random_state": 32}}
{"target": 44.299821853637695, "params": {"n_estimators": 663, "max_depth": 6, "learning_rate": 0.07746461844488482, "random_state": 32}}
{"target": 44.30146276950836, "params": {"n_estimators": 418, "max_depth": 6, "learning_rate": 0.08605570578353536, "random_state": 32}}
{"target": 45.61407685279846, "params": {"n_estimators": 38, "max_depth": 6, "learning_rate": 0.06314135486433793, "random_state": 32}}
{"target": 45.38538157939911, "params": {"n_estimators": 24, "max_depth": 6, "learning_rate": 0.10303869257134429, "random_state": 32}}
{"target": 42.42249011993408, "params": {"n_estimators": 85, "max_depth": 3, "learning_rate": 0.05343305551475895, "random_state": 32}}
{"target": 44.71080005168915, "params": {"n_estimators": 491, "max_depth": 6, "learning_rate": 0.08271110645575107, "random_state": 32}}
{"target": 48.81059229373932, "params": {"n_estimators": 13, "max_depth": 6, "learning_rate": 0.09767393182821989, "random_state": 32}}
{"target": 45.55607259273529, "params": {"n_estimators": 34, "max_depth": 6, "learning_rate": 0.06576027597797372, "random_state": 32}}
{"target": 46.63638114929199, "params": {"n_estimators": 30, "max_depth": 9, "learning_rate": 0.11250577398499718, "random_state": 32}}
{"target": 50.7763135433197, "params": {"n_estimators": 10, "max_depth": 5, "learning_rate": 0.08407157397364846, "random_state": 32}}
{"target": 44.70965266227722, "params": {"n_estimators": 724, "max_depth": 6, "learning_rate": 0.1378087267041742, "random_state": 32}}
{"target": 44.69729483127594, "params": {"n_estimators": 535, "max_depth": 3, "learning_rate": 0.09187933698215599, "random_state": 32}}
{"target": 44.316885471343994, "params": {"n_estimators": 620, "max_depth": 6, "learning_rate": 0.07309610768938812, "random_state": 32}}
{"target": 43.877196311950684, "params": {"n_estimators": 766, "max_depth": 5, "learning_rate": 0.21816184809021893, "random_state": 32}}
{"target": 44.11914944648743, "params": {"n_estimators": 584, "max_depth": 3, "learning_rate": 0.08821487699815102, "random_state": 32}}
{"target": 46.40108644962311, "params": {"n_estimators": 1262, "max_depth": 7, "learning_rate": 0.08338087257748701, "random_state": 32}}
{"target": 44.624897837638855, "params": {"n_estimators": 46, "max_depth": 3, "learning_rate": 0.04254746114242585, "random_state": 32}}
{"target": 42.46173679828644, "params": {"n_estimators": 53, "max_depth": 3, "learning_rate": 0.09138486671053306, "random_state": 32}}
{"target": 44.363001585006714, "params": {"n_estimators": 343, "max_depth": 3, "learning_rate": 0.09085508484004567, "random_state": 32}}
{"target": 44.86500382423401, "params": {"n_estimators": 510, "max_depth": 3, "learning_rate": 0.08609626189596976, "random_state": 32}}
{"target": 45.23138880729675, "params": {"n_estimators": 1068, "max_depth": 3, "learning_rate": 0.07544201398357495, "random_state": 32}}
{"target": 44.00926887989044, "params": {"n_estimators": 41, "max_depth": 3, "learning_rate": 0.05190126806447909, "random_state": 32}}
{"target": 45.30634641647339, "params": {"n_estimators": 76, "max_depth": 6, "learning_rate": 0.2862166315460959, "random_state": 32}}
{"target": 45.453802943229675, "params": {"n_estimators": 1002, "max_depth": 3, "learning_rate": 0.08771262901523441, "random_state": 32}}
{"target": 45.577651262283325, "params": {"n_estimators": 1200, "max_depth": 3, "learning_rate": 0.07064754413932363, "random_state": 32}}
{"target": 45.304866433143616, "params": {"n_estimators": 48, "max_depth": 6, "learning_rate": 0.059063110877534214, "random_state": 32}}
{"target": 45.81293046474457, "params": {"n_estimators": 537, "max_depth": 7, "learning_rate": 0.06342242963476172, "random_state": 32}}
{"target": 46.76747679710388, "params": {"n_estimators": 98, "max_depth": 9, "learning_rate": 0.04801928606028866, "random_state": 32}}
{"target": 47.88595259189606, "params": {"n_estimators": 16, "max_depth": 3, "learning_rate": 0.06908667424579001, "random_state": 32}}
{"target": 46.649940609931946, "params": {"n_estimators": 123, "max_depth": 10, "learning_rate": 0.056953048914372896, "random_state": 32}}
{"target": 47.16220557689667, "params": {"n_estimators": 17, "max_depth": 6, "learning_rate": 0.10514251897030828, "random_state": 32}}
{"target": 42.52556324005127, "params": {"n_estimators": 62, "max_depth": 3, "learning_rate": 0.11361915924111293, "random_state": 32}}
{"target": 46.18343532085419, "params": {"n_estimators": 32, "max_depth": 3, "learning_rate": 0.04653275072741409, "random_state": 32}}
{"target": 46.57295048236847, "params": {"n_estimators": 3018, "max_depth": 30, "learning_rate": 0.1789786812839776, "random_state": 32}}
{"target": 42.79633700847626, "params": {"n_estimators": 42, "max_depth": 3, "learning_rate": 0.07704177011875137, "random_state": 32}}
{"target": 45.887104868888855, "params": {"n_estimators": 3061, "max_depth": 8, "learning_rate": 0.24708961457699558, "random_state": 32}}
{"target": 43.70819270610809, "params": {"n_estimators": 514, "max_depth": 3, "learning_rate": 0.046449014307708855, "random_state": 32}}
{"target": 42.89653837680817, "params": {"n_estimators": 47, "max_depth": 3, "learning_rate": 0.07572496937920384, "random_state": 32}}
{"target": 45.929086208343506, "params": {"n_estimators": 3881, "max_depth": 10, "learning_rate": 0.2999481106908189, "random_state": 32}}
{"target": 45.465925335884094, "params": {"n_estimators": 971, "max_depth": 7, "learning_rate": 0.07349008585515322, "random_state": 32}}
{"target": 44.53504025936127, "params": {"n_estimators": 604, "max_depth": 6, "learning_rate": 0.12193390884029183, "random_state": 32}}
{"target": 44.32952582836151, "params": {"n_estimators": 21, "max_depth": 5, "learning_rate": 0.13063026775974593, "random_state": 32}}
{"target": 46.04824185371399, "params": {"n_estimators": 1164, "max_depth": 7, "learning_rate": 0.06617747217044309, "random_state": 32}}
{"target": 46.369906067848206, "params": {"n_estimators": 20, "max_depth": 6, "learning_rate": 0.08525225634929921, "random_state": 32}}
{"target": 44.32421147823334, "params": {"n_estimators": 705, "max_depth": 6, "learning_rate": 0.15464798823425258, "random_state": 32}}
{"target": 44.12155210971832, "params": {"n_estimators": 676, "max_depth": 3, "learning_rate": 0.04774986410934271, "random_state": 32}}
{"target": 50.69888889789581, "params": {"n_estimators": 10, "max_depth": 3, "learning_rate": 0.07542850441053219, "random_state": 32}}
{"target": 43.34803581237793, "params": {"n_estimators": 546, "max_depth": 3, "learning_rate": 0.039859389861718705, "random_state": 32}}
{"target": 44.53994154930115, "params": {"n_estimators": 901, "max_depth": 6, "learning_rate": 0.05996784600644304, "random_state": 32}}
{"target": 46.51238739490509, "params": {"n_estimators": 569, "max_depth": 7, "learning_rate": 0.040080176091752254, "random_state": 32}}
{"target": 44.62048053741455, "params": {"n_estimators": 501, "max_depth": 3, "learning_rate": 0.07190688280218473, "random_state": 32}}
{"target": 44.42979335784912, "params": {"n_estimators": 624, "max_depth": 3, "learning_rate": 0.08645540562689509, "random_state": 32}}
{"target": 44.571375250816345, "params": {"n_estimators": 948, "max_depth": 3, "learning_rate": 0.07021232124483567, "random_state": 32}}
{"target": 43.33135008811951, "params": {"n_estimators": 28, "max_depth": 3, "learning_rate": 0.0862853617129271, "random_state": 32}}
{"target": 42.812490463256836, "params": {"n_estimators": 48, "max_depth": 3, "learning_rate": 0.06927357792756704, "random_state": 32}}
{"target": 44.29993808269501, "params": {"n_estimators": 631, "max_depth": 6, "learning_rate": 0.04520551423663896, "random_state": 32}}
{"target": 43.45934450626373, "params": {"n_estimators": 68, "max_depth": 3, "learning_rate": 0.03656911310530095, "random_state": 32}}
{"target": 42.41241753101349, "params": {"n_estimators": 40, "max_depth": 3, "learning_rate": 0.11989656007582847, "random_state": 32}}
{"target": 58.68288993835449, "params": {"n_estimators": 13, "max_depth": 7, "learning_rate": 0.018104747305530064, "random_state": 32}}
{"target": 44.52284097671509, "params": {"n_estimators": 443, "max_depth": 6, "learning_rate": 0.046441844076902494, "random_state": 32}}
{"target": 44.615551829338074, "params": {"n_estimators": 501, "max_depth": 6, "learning_rate": 0.03588117565930177, "random_state": 32}}
{"target": 45.26835083961487, "params": {"n_estimators": 532, "max_depth": 3, "learning_rate": 0.14066580553808622, "random_state": 32}}
{"target": 45.49241602420807, "params": {"n_estimators": 678, "max_depth": 3, "learning_rate": 0.11151545524920228, "random_state": 32}}
