{"target": 46.90882623195648, "params": {"n_estimators": 1166, "max_depth": 11, "learning_rate": 0.03852468966086532, "random_state": 32}}
{"target": 46.43727004528046, "params": {"n_estimators": 910, "max_depth": 8, "learning_rate": 0.011603305702304724, "random_state": 32}}
{"target": 46.372480392456055, "params": {"n_estimators": 1351, "max_depth": 7, "learning_rate": 0.012184033085380672, "random_state": 32}}
{"target": 45.45495688915253, "params": {"n_estimators": 1371, "max_depth": 3, "learning_rate": 0.08428089281920952, "random_state": 32}}
{"target": 45.90559363365173, "params": {"n_estimators": 1303, "max_depth": 3, "learning_rate": 0.07401130476315541, "random_state": 32}}
{"target": 50.64834237098694, "params": {"n_estimators": 20, "max_depth": 6, "learning_rate": 0.0468139856786166, "random_state": 32}}
{"target": 45.69719672203064, "params": {"n_estimators": 1231, "max_depth": 7, "learning_rate": 0.07937542566409299, "random_state": 32}}
{"target": 45.92378914356232, "params": {"n_estimators": 2684, "max_depth": 3, "learning_rate": 0.1094000668662094, "random_state": 32}}
{"target": 45.17311692237854, "params": {"n_estimators": 494, "max_depth": 3, "learning_rate": 0.09591713924735798, "random_state": 32}}
{"target": 45.59465944766998, "params": {"n_estimators": 645, "max_depth": 6, "learning_rate": 0.09209745111468114, "random_state": 32}}
{"target": 46.086161732673645, "params": {"n_estimators": 505, "max_depth": 7, "learning_rate": 0.08362546786661611, "random_state": 32}}
{"target": 42.940698862075806, "params": {"n_estimators": 46, "max_depth": 3, "learning_rate": 0.06998141636759483, "random_state": 32}}
{"target": 44.69178259372711, "params": {"n_estimators": 24, "max_depth": 3, "learning_rate": 0.07889004494902795, "random_state": 32}}
{"target": 46.01806700229645, "params": {"n_estimators": 601, "max_depth": 7, "learning_rate": 0.09780572767803962, "random_state": 32}}
{"target": 46.579447984695435, "params": {"n_estimators": 57, "max_depth": 18, "learning_rate": 0.28365354923135333, "random_state": 32}}
{"target": 44.819191694259644, "params": {"n_estimators": 642, "max_depth": 6, "learning_rate": 0.03785286885137278, "random_state": 32}}
{"target": 47.082064151763916, "params": {"n_estimators": 1879, "max_depth": 20, "learning_rate": 0.2969713394132919, "random_state": 32}}
{"target": 44.3041729927063, "params": {"n_estimators": 1114, "max_depth": 3, "learning_rate": 0.036691570045944075, "random_state": 32}}
{"target": 44.17186737060547, "params": {"n_estimators": 727, "max_depth": 6, "learning_rate": 0.03237258040664674, "random_state": 32}}
{"target": 46.66348397731781, "params": {"n_estimators": 169, "max_depth": 11, "learning_rate": 0.12504655148992408, "random_state": 32}}
{"target": 44.77096676826477, "params": {"n_estimators": 991, "max_depth": 3, "learning_rate": 0.0370205166829934, "random_state": 32}}
{"target": 44.88480567932129, "params": {"n_estimators": 986, "max_depth": 3, "learning_rate": 0.042586809904420264, "random_state": 32}}
{"target": 48.8213986158371, "params": {"n_estimators": 99, "max_depth": 3, "learning_rate": 0.010229387219824602, "random_state": 32}}
{"target": 44.05263304710388, "params": {"n_estimators": 604, "max_depth": 3, "learning_rate": 0.04001690884941228, "random_state": 32}}
{"target": 46.23619854450226, "params": {"n_estimators": 542, "max_depth": 7, "learning_rate": 0.0465292641983572, "random_state": 32}}
{"target": 43.97722363471985, "params": {"n_estimators": 721, "max_depth": 3, "learning_rate": 0.04085919308398255, "random_state": 32}}
{"target": 44.63310718536377, "params": {"n_estimators": 596, "max_depth": 3, "learning_rate": 0.08567198376458504, "random_state": 32}}
{"target": 45.86547374725342, "params": {"n_estimators": 518, "max_depth": 7, "learning_rate": 0.0505548673165274, "random_state": 32}}
{"target": 44.94212329387665, "params": {"n_estimators": 4703, "max_depth": 3, "learning_rate": 0.16083998002829492, "random_state": 32}}
{"target": 45.22058963775635, "params": {"n_estimators": 40, "max_depth": 7, "learning_rate": 0.11727533790719769, "random_state": 32}}
{"target": 44.41409945487976, "params": {"n_estimators": 3906, "max_depth": 4, "learning_rate": 0.13209535785618368, "random_state": 32}}
{"target": 43.567585945129395, "params": {"n_estimators": 616, "max_depth": 3, "learning_rate": 0.05433204304465437, "random_state": 32}}
{"target": 46.76886737346649, "params": {"n_estimators": 1963, "max_depth": 16, "learning_rate": 0.07381606846704665, "random_state": 32}}
{"target": 43.53892922401428, "params": {"n_estimators": 31, "max_depth": 3, "learning_rate": 0.07374243144662294, "random_state": 32}}
{"target": 43.4055495262146, "params": {"n_estimators": 163, "max_depth": 3, "learning_rate": 0.13644771130198993, "random_state": 32}}
{"target": 46.22348368167877, "params": {"n_estimators": 677, "max_depth": 10, "learning_rate": 0.012227211957989842, "random_state": 32}}
{"target": 44.95457649230957, "params": {"n_estimators": 683, "max_depth": 6, "learning_rate": 0.015622524466025849, "random_state": 32}}
{"target": 46.45426571369171, "params": {"n_estimators": 574, "max_depth": 10, "learning_rate": 0.0571414959360808, "random_state": 32}}
{"target": 42.01984524726868, "params": {"n_estimators": 609, "max_depth": 3, "learning_rate": 0.010975025698840974, "random_state": 32}}
{"target": 46.53402030467987, "params": {"n_estimators": 587, "max_depth": 10, "learning_rate": 0.05695953798593534, "random_state": 32}}
{"target": 46.1497038602829, "params": {"n_estimators": 658, "max_depth": 10, "learning_rate": 0.01219938359350847, "random_state": 32}}
{"target": 44.98941779136658, "params": {"n_estimators": 655, "max_depth": 3, "learning_rate": 0.0971790428652469, "random_state": 32}}
{"target": 44.903637766838074, "params": {"n_estimators": 997, "max_depth": 3, "learning_rate": 0.04754272614012518, "random_state": 32}}
{"target": 45.515541434288025, "params": {"n_estimators": 691, "max_depth": 7, "learning_rate": 0.07738322899551585, "random_state": 32}}
{"target": 50.461164712905884, "params": {"n_estimators": 35, "max_depth": 6, "learning_rate": 0.027443876670583595, "random_state": 32}}
{"target": 42.143657207489014, "params": {"n_estimators": 716, "max_depth": 3, "learning_rate": 0.012599369575414833, "random_state": 32}}
{"target": 49.59279716014862, "params": {"n_estimators": 69, "max_depth": 3, "learning_rate": 0.013117322529541474, "random_state": 32}}
{"target": 46.478286385536194, "params": {"n_estimators": 41, "max_depth": 6, "learning_rate": 0.04625759207294186, "random_state": 32}}
{"target": 45.10168194770813, "params": {"n_estimators": 408, "max_depth": 6, "learning_rate": 0.04957289968803227, "random_state": 32}}
{"target": 45.458917021751404, "params": {"n_estimators": 47, "max_depth": 6, "learning_rate": 0.04834962147000427, "random_state": 32}}
{"target": 44.504430294036865, "params": {"n_estimators": 574, "max_depth": 6, "learning_rate": 0.09398226818409178, "random_state": 32}}
{"target": 45.124961137771606, "params": {"n_estimators": 584, "max_depth": 6, "learning_rate": 0.07079290426508368, "random_state": 32}}
{"target": 45.056002736091614, "params": {"n_estimators": 928, "max_depth": 6, "learning_rate": 0.044805565235420106, "random_state": 32}}
{"target": 45.07961392402649, "params": {"n_estimators": 586, "max_depth": 6, "learning_rate": 0.03962076797284058, "random_state": 32}}
{"target": 44.82472479343414, "params": {"n_estimators": 1118, "max_depth": 6, "learning_rate": 0.01351761289920389, "random_state": 32}}
{"target": 44.943628907203674, "params": {"n_estimators": 772, "max_depth": 6, "learning_rate": 0.011687103122044355, "random_state": 32}}
{"target": 42.533239126205444, "params": {"n_estimators": 964, "max_depth": 3, "learning_rate": 0.01227873758716739, "random_state": 32}}
{"target": 45.63919007778168, "params": {"n_estimators": 1165, "max_depth": 3, "learning_rate": 0.17837662831155784, "random_state": 32}}
{"target": 44.881547689437866, "params": {"n_estimators": 1195, "max_depth": 3, "learning_rate": 0.07416924631376581, "random_state": 32}}
{"target": 43.01702558994293, "params": {"n_estimators": 499, "max_depth": 3, "learning_rate": 0.03555132061905129, "random_state": 32}}
{"target": 43.54235768318176, "params": {"n_estimators": 102, "max_depth": 3, "learning_rate": 0.12423184997405327, "random_state": 32}}
{"target": 44.1493022441864, "params": {"n_estimators": 350, "max_depth": 6, "learning_rate": 0.11753976950227715, "random_state": 32}}
{"target": 52.934619784355164, "params": {"n_estimators": 10, "max_depth": 3, "learning_rate": 0.05590317094129438, "random_state": 32}}
{"target": 44.640761613845825, "params": {"n_estimators": 432, "max_depth": 6, "learning_rate": 0.11918138524529284, "random_state": 32}}
{"target": 44.62177217006683, "params": {"n_estimators": 1767, "max_depth": 6, "learning_rate": 0.03947206421602537, "random_state": 32}}
{"target": 45.24434149265289, "params": {"n_estimators": 521, "max_depth": 3, "learning_rate": 0.09856506265700282, "random_state": 32}}
{"target": 47.14345991611481, "params": {"n_estimators": 1507, "max_depth": 11, "learning_rate": 0.010105150658179563, "random_state": 32}}
{"target": 43.740787506103516, "params": {"n_estimators": 552, "max_depth": 3, "learning_rate": 0.04044243336576259, "random_state": 32}}
{"target": 45.423449873924255, "params": {"n_estimators": 35, "max_depth": 6, "learning_rate": 0.06996897500663196, "random_state": 32}}
{"target": 44.75271463394165, "params": {"n_estimators": 52, "max_depth": 6, "learning_rate": 0.09631384695132902, "random_state": 32}}
{"target": 47.48786211013794, "params": {"n_estimators": 17, "max_depth": 3, "learning_rate": 0.06734579005658564, "random_state": 32}}
{"target": 43.73862981796265, "params": {"n_estimators": 499, "max_depth": 3, "learning_rate": 0.0480418271517908, "random_state": 32}}
{"target": 44.959877133369446, "params": {"n_estimators": 552, "max_depth": 3, "learning_rate": 0.08544967727716138, "random_state": 32}}
{"target": 44.86051082611084, "params": {"n_estimators": 505, "max_depth": 6, "learning_rate": 0.050314156075826136, "random_state": 32}}
{"target": 42.375256419181824, "params": {"n_estimators": 58, "max_depth": 3, "learning_rate": 0.09882715426147598, "random_state": 32}}
{"target": 44.693958163261414, "params": {"n_estimators": 696, "max_depth": 3, "learning_rate": 0.05038422998020178, "random_state": 32}}
{"target": 44.405431151390076, "params": {"n_estimators": 1110, "max_depth": 6, "learning_rate": 0.060533944901505175, "random_state": 32}}
{"target": 45.72193205356598, "params": {"n_estimators": 36, "max_depth": 6, "learning_rate": 0.06509287566391414, "random_state": 32}}
{"target": 42.475005984306335, "params": {"n_estimators": 1132, "max_depth": 3, "learning_rate": 0.010955157221864666, "random_state": 32}}
{"target": 46.19921386241913, "params": {"n_estimators": 1367, "max_depth": 7, "learning_rate": 0.04775944240746341, "random_state": 32}}
{"target": 46.42186105251312, "params": {"n_estimators": 689, "max_depth": 18, "learning_rate": 0.24123634976752006, "random_state": 32}}
{"target": 46.37285828590393, "params": {"n_estimators": 520, "max_depth": 12, "learning_rate": 0.1762299584653406, "random_state": 32}}
{"target": 44.4129079580307, "params": {"n_estimators": 1229, "max_depth": 6, "learning_rate": 0.03819951194671512, "random_state": 32}}
{"target": 43.868510127067566, "params": {"n_estimators": 40, "max_depth": 3, "learning_rate": 0.05541295811183341, "random_state": 32}}
{"target": 44.69613313674927, "params": {"n_estimators": 611, "max_depth": 6, "learning_rate": 0.012790266548564215, "random_state": 32}}
{"target": 43.57293725013733, "params": {"n_estimators": 381, "max_depth": 3, "learning_rate": 0.0516953065593249, "random_state": 32}}
{"target": 45.527164340019226, "params": {"n_estimators": 662, "max_depth": 7, "learning_rate": 0.013976368558336453, "random_state": 32}}
{"target": 46.69790267944336, "params": {"n_estimators": 78, "max_depth": 10, "learning_rate": 0.05264080884690871, "random_state": 32}}
{"target": 46.05467140674591, "params": {"n_estimators": 508, "max_depth": 10, "learning_rate": 0.10258680694812819, "random_state": 32}}
{"target": 56.634206771850586, "params": {"n_estimators": 10, "max_depth": 7, "learning_rate": 0.03816365562087163, "random_state": 32}}
{"target": 45.303179025650024, "params": {"n_estimators": 286, "max_depth": 6, "learning_rate": 0.011598003554472335, "random_state": 32}}
{"target": 46.48269236087799, "params": {"n_estimators": 1125, "max_depth": 3, "learning_rate": 0.11895334917903085, "random_state": 32}}
{"target": 46.80930137634277, "params": {"n_estimators": 16, "max_depth": 6, "learning_rate": 0.10856548682485215, "random_state": 32}}
{"target": 49.0391880273819, "params": {"n_estimators": 19, "max_depth": 3, "learning_rate": 0.05072613806882761, "random_state": 32}}
{"target": 47.217738032341, "params": {"n_estimators": 1152, "max_depth": 21, "learning_rate": 0.011451899383946501, "random_state": 32}}
{"target": 46.02898359298706, "params": {"n_estimators": 1092, "max_depth": 3, "learning_rate": 0.14633716752984202, "random_state": 32}}
{"target": 43.83085310459137, "params": {"n_estimators": 567, "max_depth": 3, "learning_rate": 0.04412364356671379, "random_state": 32}}
{"target": 57.88844108581543, "params": {"n_estimators": 27, "max_depth": 6, "learning_rate": 0.010711785243059997, "random_state": 32}}
{"target": 44.576594829559326, "params": {"n_estimators": 849, "max_depth": 6, "learning_rate": 0.08532289997151757, "random_state": 32}}
{"target": 44.25519287586212, "params": {"n_estimators": 594, "max_depth": 6, "learning_rate": 0.04827575786874905, "random_state": 32}}
{"target": 44.3638813495636, "params": {"n_estimators": 36, "max_depth": 3, "learning_rate": 0.053064818535582856, "random_state": 32}}
{"target": 42.25768208503723, "params": {"n_estimators": 987, "max_depth": 3, "learning_rate": 0.010021550773983909, "random_state": 32}}
{"target": 41.741740703582764, "params": {"n_estimators": 64, "max_depth": 3, "learning_rate": 0.09722395335060587, "random_state": 32}}
{"target": 44.943177700042725, "params": {"n_estimators": 267, "max_depth": 3, "learning_rate": 0.1290093968291075, "random_state": 32}}
{"target": 43.0709582567215, "params": {"n_estimators": 1398, "max_depth": 3, "learning_rate": 0.010586884433242452, "random_state": 32}}
{"target": 45.18968641757965, "params": {"n_estimators": 1370, "max_depth": 3, "learning_rate": 0.03899347502459421, "random_state": 32}}
{"target": 45.60667157173157, "params": {"n_estimators": 603, "max_depth": 3, "learning_rate": 0.09483449008560624, "random_state": 32}}
{"target": 46.46787762641907, "params": {"n_estimators": 559, "max_depth": 9, "learning_rate": 0.09002732119097775, "random_state": 32}}
{"target": 42.5661838054657, "params": {"n_estimators": 30, "max_depth": 3, "learning_rate": 0.12954101902177212, "random_state": 32}}
{"target": 45.47511696815491, "params": {"n_estimators": 449, "max_depth": 7, "learning_rate": 0.13444156000095445, "random_state": 32}}
{"target": 42.98415422439575, "params": {"n_estimators": 36, "max_depth": 3, "learning_rate": 0.1004501168883514, "random_state": 32}}
{"target": 46.70318007469177, "params": {"n_estimators": 674, "max_depth": 11, "learning_rate": 0.13433985474846963, "random_state": 32}}
{"target": 46.9581800699234, "params": {"n_estimators": 4020, "max_depth": 12, "learning_rate": 0.06564928633464967, "random_state": 32}}
{"target": 46.700552105903625, "params": {"n_estimators": 11, "max_depth": 3, "learning_rate": 0.1240348093598031, "random_state": 32}}
{"target": 44.36940789222717, "params": {"n_estimators": 502, "max_depth": 5, "learning_rate": 0.10742885918082098, "random_state": 32}}
{"target": 45.17718017101288, "params": {"n_estimators": 657, "max_depth": 6, "learning_rate": 0.10160906874933295, "random_state": 32}}
{"target": 46.04459047317505, "params": {"n_estimators": 39, "max_depth": 8, "learning_rate": 0.08415318045099607, "random_state": 32}}
{"target": 46.302775740623474, "params": {"n_estimators": 1103, "max_depth": 3, "learning_rate": 0.11169802367748738, "random_state": 32}}
{"target": 44.67574059963226, "params": {"n_estimators": 622, "max_depth": 6, "learning_rate": 0.10695728174372056, "random_state": 32}}
{"target": 46.95048689842224, "params": {"n_estimators": 30, "max_depth": 9, "learning_rate": 0.08547440600130862, "random_state": 32}}
{"target": 46.597647070884705, "params": {"n_estimators": 2917, "max_depth": 17, "learning_rate": 0.18306614969212104, "random_state": 32}}
{"target": 45.123799443244934, "params": {"n_estimators": 1189, "max_depth": 7, "learning_rate": 0.11271239104057736, "random_state": 32}}
{"target": 44.10941123962402, "params": {"n_estimators": 393, "max_depth": 6, "learning_rate": 0.09436833657233923, "random_state": 32}}
{"target": 44.41840052604675, "params": {"n_estimators": 411, "max_depth": 3, "learning_rate": 0.08585001658747926, "random_state": 32}}
{"target": 43.39233756065369, "params": {"n_estimators": 43, "max_depth": 4, "learning_rate": 0.13340420121043128, "random_state": 32}}
{"target": 44.699848890304565, "params": {"n_estimators": 97, "max_depth": 7, "learning_rate": 0.1042088731912137, "random_state": 32}}
{"target": 43.83973002433777, "params": {"n_estimators": 358, "max_depth": 3, "learning_rate": 0.08425252721991536, "random_state": 32}}
{"target": 45.19534766674042, "params": {"n_estimators": 388, "max_depth": 3, "learning_rate": 0.11068799304890721, "random_state": 32}}
{"target": 45.51425397396088, "params": {"n_estimators": 775, "max_depth": 3, "learning_rate": 0.1105583606942747, "random_state": 32}}
{"target": 46.42808675765991, "params": {"n_estimators": 21, "max_depth": 5, "learning_rate": 0.0732804022681454, "random_state": 32}}
{"target": 45.16273319721222, "params": {"n_estimators": 583, "max_depth": 3, "learning_rate": 0.10717632121916677, "random_state": 32}}
{"target": 45.215697288513184, "params": {"n_estimators": 666, "max_depth": 3, "learning_rate": 0.10867475903374745, "random_state": 32}}
{"target": 45.86912274360657, "params": {"n_estimators": 39, "max_depth": 7, "learning_rate": 0.08981322200805462, "random_state": 32}}
{"target": 45.062503814697266, "params": {"n_estimators": 19, "max_depth": 6, "learning_rate": 0.1326790422142737, "random_state": 32}}
{"target": 44.81601417064667, "params": {"n_estimators": 610, "max_depth": 6, "learning_rate": 0.08390855024172461, "random_state": 32}}
{"target": 44.96626913547516, "params": {"n_estimators": 600, "max_depth": 3, "learning_rate": 0.08262396474192109, "random_state": 32}}
{"target": 43.25437128543854, "params": {"n_estimators": 29, "max_depth": 3, "learning_rate": 0.12127805432242239, "random_state": 32}}
{"target": 45.209569334983826, "params": {"n_estimators": 46, "max_depth": 6, "learning_rate": 0.10377140679328675, "random_state": 32}}
{"target": 47.88154184818268, "params": {"n_estimators": 2752, "max_depth": 11, "learning_rate": 0.28735937117432997, "random_state": 32}}
{"target": 44.5089590549469, "params": {"n_estimators": 624, "max_depth": 6, "learning_rate": 0.07809589579767422, "random_state": 32}}
{"target": 43.99120032787323, "params": {"n_estimators": 35, "max_depth": 3, "learning_rate": 0.06248887654643227, "random_state": 32}}
{"target": 42.51654267311096, "params": {"n_estimators": 51, "max_depth": 3, "learning_rate": 0.0793948368472188, "random_state": 32}}
{"target": 45.87900519371033, "params": {"n_estimators": 693, "max_depth": 7, "learning_rate": 0.0824922843017225, "random_state": 32}}
{"target": 43.36953938007355, "params": {"n_estimators": 552, "max_depth": 3, "learning_rate": 0.05228592836802339, "random_state": 32}}
{"target": 44.54246401786804, "params": {"n_estimators": 650, "max_depth": 5, "learning_rate": 0.07106666620449215, "random_state": 32}}
{"target": 45.02223491668701, "params": {"n_estimators": 139, "max_depth": 6, "learning_rate": 0.07107409955852328, "random_state": 32}}
{"target": 44.44422900676727, "params": {"n_estimators": 694, "max_depth": 6, "learning_rate": 0.07563087613420519, "random_state": 32}}
{"target": 45.946444272994995, "params": {"n_estimators": 88, "max_depth": 8, "learning_rate": 0.07148496571744746, "random_state": 32}}
{"target": 46.45117700099945, "params": {"n_estimators": 596, "max_depth": 7, "learning_rate": 0.06312271290737334, "random_state": 32}}
{"target": 42.77921915054321, "params": {"n_estimators": 91, "max_depth": 3, "learning_rate": 0.11877275443490123, "random_state": 32}}
{"target": 44.40354645252228, "params": {"n_estimators": 564, "max_depth": 3, "learning_rate": 0.0663338593025415, "random_state": 32}}
{"target": 46.5427166223526, "params": {"n_estimators": 13, "max_depth": 3, "learning_rate": 0.106170422324873, "random_state": 32}}
{"target": 44.65335011482239, "params": {"n_estimators": 498, "max_depth": 6, "learning_rate": 0.07574658429401208, "random_state": 32}}
{"target": 50.27534604072571, "params": {"n_estimators": 16, "max_depth": 5, "learning_rate": 0.056343455802993436, "random_state": 32}}
{"target": 44.13856327533722, "params": {"n_estimators": 560, "max_depth": 3, "learning_rate": 0.059134043547297135, "random_state": 32}}
{"target": 47.12996006011963, "params": {"n_estimators": 12, "max_depth": 5, "learning_rate": 0.11860448353426664, "random_state": 32}}
{"target": 45.38375198841095, "params": {"n_estimators": 1114, "max_depth": 6, "learning_rate": 0.14763959437489815, "random_state": 32}}
{"target": 45.49360454082489, "params": {"n_estimators": 1018, "max_depth": 3, "learning_rate": 0.0697932597363157, "random_state": 32}}
{"target": 42.01799988746643, "params": {"n_estimators": 61, "max_depth": 3, "learning_rate": 0.08586096300196878, "random_state": 32}}
{"target": 44.68171715736389, "params": {"n_estimators": 487, "max_depth": 3, "learning_rate": 0.06727742636104098, "random_state": 32}}
