{"target": 44.42897081375122, "params": {"n_estimators": 3146, "max_depth": 4, "learning_rate": 0.019223207305797352, "random_state": 32}}
{"target": 44.17901039123535, "params": {"n_estimators": 248, "max_depth": 5, "learning_rate": 0.08165751994082482, "random_state": 32}}
{"target": 43.78827095031738, "params": {"n_estimators": 366, "max_depth": 3, "learning_rate": 0.05923308073055106, "random_state": 32}}
{"target": 41.98687553405762, "params": {"n_estimators": 150, "max_depth": 3, "learning_rate": 0.044846710034526775, "random_state": 32}}
{"target": 46.386258006095886, "params": {"n_estimators": 290, "max_depth": 9, "learning_rate": 0.08718589476185924, "random_state": 32}}
{"target": 43.267693519592285, "params": {"n_estimators": 721, "max_depth": 3, "learning_rate": 0.025417476307130885, "random_state": 32}}
{"target": 43.229509592056274, "params": {"n_estimators": 366, "max_depth": 3, "learning_rate": 0.05387744035041854, "random_state": 32}}
{"target": 42.426748871803284, "params": {"n_estimators": 540, "max_depth": 3, "learning_rate": 0.020099687605118485, "random_state": 32}}
{"target": 43.14433395862579, "params": {"n_estimators": 239, "max_depth": 3, "learning_rate": 0.012728059819319737, "random_state": 32}}
{"target": 48.71624171733856, "params": {"n_estimators": 67, "max_depth": 3, "learning_rate": 0.01528403097394257, "random_state": 32}}
{"target": 43.51501643657684, "params": {"n_estimators": 758, "max_depth": 3, "learning_rate": 0.02877527015854464, "random_state": 32}}
{"target": 44.349011182785034, "params": {"n_estimators": 916, "max_depth": 5, "learning_rate": 0.024598750877995755, "random_state": 32}}
{"target": 43.431042432785034, "params": {"n_estimators": 481, "max_depth": 4, "learning_rate": 0.01994429866942869, "random_state": 32}}
{"target": 42.84451603889465, "params": {"n_estimators": 1264, "max_depth": 3, "learning_rate": 0.013426328040523572, "random_state": 32}}
{"target": 43.915990591049194, "params": {"n_estimators": 205, "max_depth": 3, "learning_rate": 0.1177719417161178, "random_state": 32}}
{"target": 48.77077102661133, "params": {"n_estimators": 82, "max_depth": 3, "learning_rate": 0.012368877138182098, "random_state": 32}}
{"target": 44.28766429424286, "params": {"n_estimators": 1132, "max_depth": 3, "learning_rate": 0.026715446642685572, "random_state": 32}}
{"target": 44.738107323646545, "params": {"n_estimators": 1251, "max_depth": 3, "learning_rate": 0.03657321006797482, "random_state": 32}}
{"target": 45.95083773136139, "params": {"n_estimators": 647, "max_depth": 8, "learning_rate": 0.015956603949830995, "random_state": 32}}
{"target": 47.410162687301636, "params": {"n_estimators": 553, "max_depth": 12, "learning_rate": 0.03822424822373015, "random_state": 32}}
{"target": 47.304710149765015, "params": {"n_estimators": 191, "max_depth": 12, "learning_rate": 0.044412859774882754, "random_state": 32}}
{"target": 42.118685841560364, "params": {"n_estimators": 221, "max_depth": 3, "learning_rate": 0.045817997180284335, "random_state": 32}}
{"target": 46.70921981334686, "params": {"n_estimators": 1447, "max_depth": 28, "learning_rate": 0.27788338905385457, "random_state": 32}}
{"target": 46.96732461452484, "params": {"n_estimators": 633, "max_depth": 13, "learning_rate": 0.03786138296476597, "random_state": 32}}
{"target": 46.863630414009094, "params": {"n_estimators": 591, "max_depth": 13, "learning_rate": 0.042666255132110725, "random_state": 32}}
{"target": 47.463387846946716, "params": {"n_estimators": 2953, "max_depth": 17, "learning_rate": 0.2506336038389766, "random_state": 32}}
{"target": 45.57191491127014, "params": {"n_estimators": 936, "max_depth": 3, "learning_rate": 0.07853932991987617, "random_state": 32}}
{"target": 42.27676510810852, "params": {"n_estimators": 251, "max_depth": 3, "learning_rate": 0.037572995800093385, "random_state": 32}}
{"target": 41.98820352554321, "params": {"n_estimators": 506, "max_depth": 3, "learning_rate": 0.010737115445997508, "random_state": 32}}
{"target": 43.78163993358612, "params": {"n_estimators": 399, "max_depth": 3, "learning_rate": 0.05409188615285871, "random_state": 32}}
{"target": 43.49832594394684, "params": {"n_estimators": 66, "max_depth": 3, "learning_rate": 0.04268922826071473, "random_state": 32}}
{"target": 45.97362220287323, "params": {"n_estimators": 42, "max_depth": 3, "learning_rate": 0.03641115720587653, "random_state": 32}}
{"target": 44.913732409477234, "params": {"n_estimators": 702, "max_depth": 3, "learning_rate": 0.06412772857617274, "random_state": 32}}
{"target": 42.05122530460358, "params": {"n_estimators": 306, "max_depth": 3, "learning_rate": 0.01967393500184634, "random_state": 32}}
{"target": 42.04285442829132, "params": {"n_estimators": 671, "max_depth": 3, "learning_rate": 0.012697551558716708, "random_state": 32}}
{"target": 45.3936243057251, "params": {"n_estimators": 162, "max_depth": 6, "learning_rate": 0.019528863715217205, "random_state": 32}}
{"target": 46.55062258243561, "params": {"n_estimators": 213, "max_depth": 9, "learning_rate": 0.021511102467511346, "random_state": 32}}
{"target": 46.529844999313354, "params": {"n_estimators": 264, "max_depth": 8, "learning_rate": 0.027284375135544107, "random_state": 32}}
{"target": 42.07063138484955, "params": {"n_estimators": 853, "max_depth": 3, "learning_rate": 0.010159449880824354, "random_state": 32}}
{"target": 42.0502108335495, "params": {"n_estimators": 369, "max_depth": 3, "learning_rate": 0.014959698899977187, "random_state": 32}}
{"target": 43.59656274318695, "params": {"n_estimators": 921, "max_depth": 4, "learning_rate": 0.013288200514048708, "random_state": 32}}
{"target": 43.106881976127625, "params": {"n_estimators": 742, "max_depth": 4, "learning_rate": 0.011875408754827052, "random_state": 32}}
{"target": 43.78257513046265, "params": {"n_estimators": 1206, "max_depth": 5, "learning_rate": 0.01785875539885638, "random_state": 32}}
{"target": 44.45692420005798, "params": {"n_estimators": 1160, "max_depth": 3, "learning_rate": 0.03432508107939403, "random_state": 32}}
{"target": 45.983986258506775, "params": {"n_estimators": 1305, "max_depth": 7, "learning_rate": 0.01068403747226684, "random_state": 32}}
{"target": 45.89302957057953, "params": {"n_estimators": 1499, "max_depth": 3, "learning_rate": 0.05993298107067664, "random_state": 32}}
{"target": 45.961347818374634, "params": {"n_estimators": 1352, "max_depth": 8, "learning_rate": 0.025645966202176178, "random_state": 32}}
{"target": 43.81327033042908, "params": {"n_estimators": 228, "max_depth": 4, "learning_rate": 0.013058904396457426, "random_state": 32}}
{"target": 43.36806058883667, "params": {"n_estimators": 1041, "max_depth": 4, "learning_rate": 0.010886443587932022, "random_state": 32}}
{"target": 43.11281442642212, "params": {"n_estimators": 519, "max_depth": 4, "learning_rate": 0.011492870419025119, "random_state": 32}}
{"target": 45.53553283214569, "params": {"n_estimators": 1401, "max_depth": 3, "learning_rate": 0.05647962230244051, "random_state": 32}}
{"target": 44.43934202194214, "params": {"n_estimators": 742, "max_depth": 3, "learning_rate": 0.037793747302922905, "random_state": 32}}
{"target": 42.25102484226227, "params": {"n_estimators": 387, "max_depth": 3, "learning_rate": 0.012548207953622416, "random_state": 32}}
{"target": 47.69137382507324, "params": {"n_estimators": 113, "max_depth": 3, "learning_rate": 0.010558747221801522, "random_state": 32}}
{"target": 43.25155019760132, "params": {"n_estimators": 198, "max_depth": 3, "learning_rate": 0.01373470645019375, "random_state": 32}}
{"target": 42.018874287605286, "params": {"n_estimators": 515, "max_depth": 3, "learning_rate": 0.014831837333073517, "random_state": 32}}
{"target": 43.36423337459564, "params": {"n_estimators": 1918, "max_depth": 3, "learning_rate": 0.011058098945369485, "random_state": 32}}
{"target": 45.67182242870331, "params": {"n_estimators": 1061, "max_depth": 8, "learning_rate": 0.08814416752827778, "random_state": 32}}
{"target": 43.19003999233246, "params": {"n_estimators": 871, "max_depth": 3, "learning_rate": 0.020439904180625138, "random_state": 32}}
{"target": 42.3318737745285, "params": {"n_estimators": 116, "max_depth": 3, "learning_rate": 0.08432079706897172, "random_state": 32}}
{"target": 43.3857125043869, "params": {"n_estimators": 1455, "max_depth": 3, "learning_rate": 0.012760642011887365, "random_state": 32}}
{"target": 46.15214169025421, "params": {"n_estimators": 25, "max_depth": 4, "learning_rate": 0.07000341632632555, "random_state": 32}}
{"target": 45.03668546676636, "params": {"n_estimators": 33, "max_depth": 6, "learning_rate": 0.07546711481090011, "random_state": 32}}
{"target": 42.46665120124817, "params": {"n_estimators": 68, "max_depth": 3, "learning_rate": 0.09263768580658219, "random_state": 32}}
{"target": 42.37946033477783, "params": {"n_estimators": 811, "max_depth": 3, "learning_rate": 0.01423822176612511, "random_state": 32}}
{"target": 43.60379993915558, "params": {"n_estimators": 335, "max_depth": 3, "learning_rate": 0.08366961036459297, "random_state": 32}}
{"target": 41.98050677776337, "params": {"n_estimators": 173, "max_depth": 3, "learning_rate": 0.06285159003768617, "random_state": 32}}
{"target": 44.38617646694183, "params": {"n_estimators": 568, "max_depth": 3, "learning_rate": 0.05452232763194557, "random_state": 32}}
{"target": 41.99801862239838, "params": {"n_estimators": 615, "max_depth": 3, "learning_rate": 0.01066632052390483, "random_state": 32}}
{"target": 47.06252098083496, "params": {"n_estimators": 1815, "max_depth": 21, "learning_rate": 0.16116625296023349, "random_state": 32}}
{"target": 46.78574085235596, "params": {"n_estimators": 594, "max_depth": 26, "learning_rate": 0.12634714770262145, "random_state": 32}}
{"target": 47.74023473262787, "params": {"n_estimators": 14, "max_depth": 3, "learning_rate": 0.07972117392003107, "random_state": 32}}
{"target": 46.02487027645111, "params": {"n_estimators": 700, "max_depth": 8, "learning_rate": 0.08305640771726602, "random_state": 32}}
{"target": 42.868812084198, "params": {"n_estimators": 90, "max_depth": 3, "learning_rate": 0.04144137175755456, "random_state": 32}}
{"target": 42.99987077713013, "params": {"n_estimators": 345, "max_depth": 3, "learning_rate": 0.0665133658972342, "random_state": 32}}
{"target": 44.89881455898285, "params": {"n_estimators": 559, "max_depth": 3, "learning_rate": 0.06745819156074422, "random_state": 32}}
{"target": 47.44043469429016, "params": {"n_estimators": 99, "max_depth": 8, "learning_rate": 0.022736995483206884, "random_state": 32}}
{"target": 42.89677381515503, "params": {"n_estimators": 527, "max_depth": 3, "learning_rate": 0.0271845273848519, "random_state": 32}}
{"target": 42.8351491689682, "params": {"n_estimators": 437, "max_depth": 4, "learning_rate": 0.011796128516381784, "random_state": 32}}
{"target": 46.209184527397156, "params": {"n_estimators": 533, "max_depth": 8, "learning_rate": 0.013065689022455574, "random_state": 32}}
{"target": 46.143768429756165, "params": {"n_estimators": 640, "max_depth": 8, "learning_rate": 0.010520949834451048, "random_state": 32}}
{"target": 43.53925347328186, "params": {"n_estimators": 930, "max_depth": 4, "learning_rate": 0.011705533670108815, "random_state": 32}}
{"target": 45.78749239444733, "params": {"n_estimators": 811, "max_depth": 7, "learning_rate": 0.01901747877734193, "random_state": 32}}
{"target": 42.60643005371094, "params": {"n_estimators": 961, "max_depth": 3, "learning_rate": 0.012558735662419744, "random_state": 32}}
{"target": 43.98234963417053, "params": {"n_estimators": 1039, "max_depth": 4, "learning_rate": 0.015677175278931133, "random_state": 32}}
{"target": 43.305584192276, "params": {"n_estimators": 993, "max_depth": 3, "learning_rate": 0.016172217588952757, "random_state": 32}}
{"target": 42.6260507106781, "params": {"n_estimators": 312, "max_depth": 3, "learning_rate": 0.04703891460857439, "random_state": 32}}
{"target": 42.6645028591156, "params": {"n_estimators": 371, "max_depth": 3, "learning_rate": 0.010518713068509619, "random_state": 32}}
{"target": 42.01522409915924, "params": {"n_estimators": 232, "max_depth": 3, "learning_rate": 0.025301285118839424, "random_state": 32}}
{"target": 42.73687422275543, "params": {"n_estimators": 679, "max_depth": 3, "learning_rate": 0.01991983234936097, "random_state": 32}}
{"target": 43.458348512649536, "params": {"n_estimators": 822, "max_depth": 3, "learning_rate": 0.028586017008398534, "random_state": 32}}
{"target": 46.97046637535095, "params": {"n_estimators": 67, "max_depth": 8, "learning_rate": 0.040213333601316584, "random_state": 32}}
{"target": 51.73779606819153, "params": {"n_estimators": 13, "max_depth": 9, "learning_rate": 0.07391494177223094, "random_state": 32}}
{"target": 58.88233125209808, "params": {"n_estimators": 21, "max_depth": 5, "learning_rate": 0.010645374599914437, "random_state": 32}}
{"target": 42.036999464035034, "params": {"n_estimators": 482, "max_depth": 3, "learning_rate": 0.01851899039857956, "random_state": 32}}
{"target": 43.093225955963135, "params": {"n_estimators": 261, "max_depth": 3, "learning_rate": 0.05483984969808529, "random_state": 32}}
{"target": 46.48432493209839, "params": {"n_estimators": 247, "max_depth": 7, "learning_rate": 0.05896517005433237, "random_state": 32}}
{"target": 43.780754804611206, "params": {"n_estimators": 403, "max_depth": 3, "learning_rate": 0.05658726686816785, "random_state": 32}}
{"target": 42.54969239234924, "params": {"n_estimators": 526, "max_depth": 3, "learning_rate": 0.02434132907821701, "random_state": 32}}
{"target": 42.03297197818756, "params": {"n_estimators": 444, "max_depth": 3, "learning_rate": 0.01635311168671193, "random_state": 32}}
{"target": 51.54133975505829, "params": {"n_estimators": 51, "max_depth": 4, "learning_rate": 0.014753081958834503, "random_state": 32}}
{"target": 43.26617181301117, "params": {"n_estimators": 184, "max_depth": 3, "learning_rate": 0.015842240219414952, "random_state": 32}}
{"target": 45.29470443725586, "params": {"n_estimators": 1136, "max_depth": 4, "learning_rate": 0.07399288111066867, "random_state": 32}}
{"target": 45.6672066450119, "params": {"n_estimators": 968, "max_depth": 8, "learning_rate": 0.06196306766623724, "random_state": 32}}
{"target": 46.00520610809326, "params": {"n_estimators": 4423, "max_depth": 11, "learning_rate": 0.2056856891437574, "random_state": 32}}
{"target": 42.069533467292786, "params": {"n_estimators": 166, "max_depth": 3, "learning_rate": 0.05706187977454734, "random_state": 32}}
{"target": 42.00245976448059, "params": {"n_estimators": 180, "max_depth": 3, "learning_rate": 0.03887415765937388, "random_state": 32}}
{"target": 43.20392668247223, "params": {"n_estimators": 61, "max_depth": 3, "learning_rate": 0.04646158219766537, "random_state": 32}}
{"target": 45.23228704929352, "params": {"n_estimators": 680, "max_depth": 3, "learning_rate": 0.08239780215825013, "random_state": 32}}
{"target": 43.544102907180786, "params": {"n_estimators": 353, "max_depth": 3, "learning_rate": 0.05793412187338122, "random_state": 32}}
{"target": 45.3029328584671, "params": {"n_estimators": 835, "max_depth": 7, "learning_rate": 0.07550592620881252, "random_state": 32}}
{"target": 48.289031982421875, "params": {"n_estimators": 21, "max_depth": 3, "learning_rate": 0.05035292035534361, "random_state": 32}}
{"target": 46.39650642871857, "params": {"n_estimators": 46, "max_depth": 3, "learning_rate": 0.03134836672089296, "random_state": 32}}
{"target": 43.46230983734131, "params": {"n_estimators": 168, "max_depth": 3, "learning_rate": 0.015567445060585817, "random_state": 32}}
{"target": 46.83550000190735, "params": {"n_estimators": 4166, "max_depth": 17, "learning_rate": 0.26584118934111767, "random_state": 32}}
{"target": 47.66816854476929, "params": {"n_estimators": 4279, "max_depth": 17, "learning_rate": 0.29267813339977045, "random_state": 32}}
{"target": 44.45707857608795, "params": {"n_estimators": 1049, "max_depth": 3, "learning_rate": 0.06442663152707431, "random_state": 32}}
{"target": 46.114917397499084, "params": {"n_estimators": 1047, "max_depth": 3, "learning_rate": 0.09070311638984678, "random_state": 32}}
{"target": 45.88727593421936, "params": {"n_estimators": 766, "max_depth": 7, "learning_rate": 0.04540589982296121, "random_state": 32}}
{"target": 42.68847405910492, "params": {"n_estimators": 359, "max_depth": 3, "learning_rate": 0.010584150906730132, "random_state": 32}}
{"target": 45.85572123527527, "params": {"n_estimators": 687, "max_depth": 8, "learning_rate": 0.03916956871010201, "random_state": 32}}
{"target": 45.92508316040039, "params": {"n_estimators": 153, "max_depth": 7, "learning_rate": 0.11304121451721025, "random_state": 32}}
{"target": 43.16726803779602, "params": {"n_estimators": 289, "max_depth": 3, "learning_rate": 0.06824961014245355, "random_state": 32}}
{"target": 47.040773034095764, "params": {"n_estimators": 240, "max_depth": 30, "learning_rate": 0.03522336251103898, "random_state": 32}}
{"target": 45.77190279960632, "params": {"n_estimators": 426, "max_depth": 8, "learning_rate": 0.05070126294816088, "random_state": 32}}
{"target": 44.738729596138, "params": {"n_estimators": 628, "max_depth": 3, "learning_rate": 0.058969486987173685, "random_state": 32}}
{"target": 46.12414836883545, "params": {"n_estimators": 1003, "max_depth": 8, "learning_rate": 0.014260551829190497, "random_state": 32}}
{"target": 46.63391172885895, "params": {"n_estimators": 1438, "max_depth": 15, "learning_rate": 0.23871329871398295, "random_state": 32}}
{"target": 58.93145442008972, "params": {"n_estimators": 20, "max_depth": 8, "learning_rate": 0.011581209014216574, "random_state": 32}}
{"target": 43.31324636936188, "params": {"n_estimators": 934, "max_depth": 3, "learning_rate": 0.021612885671577563, "random_state": 32}}
{"target": 43.09331655502319, "params": {"n_estimators": 622, "max_depth": 4, "learning_rate": 0.015362780608926785, "random_state": 32}}
{"target": 42.18903720378876, "params": {"n_estimators": 454, "max_depth": 3, "learning_rate": 0.011105069376052129, "random_state": 32}}
{"target": 43.31006348133087, "params": {"n_estimators": 40, "max_depth": 3, "learning_rate": 0.06071680903151322, "random_state": 32}}
{"target": 44.312177896499634, "params": {"n_estimators": 821, "max_depth": 3, "learning_rate": 0.036189362326841695, "random_state": 32}}
{"target": 43.32886457443237, "params": {"n_estimators": 460, "max_depth": 3, "learning_rate": 0.04518443448145045, "random_state": 32}}
{"target": 46.08541429042816, "params": {"n_estimators": 420, "max_depth": 7, "learning_rate": 0.013800182478162932, "random_state": 32}}
{"target": 44.579678773880005, "params": {"n_estimators": 190, "max_depth": 4, "learning_rate": 0.012302483441190774, "random_state": 32}}
{"target": 42.16740548610687, "params": {"n_estimators": 829, "max_depth": 3, "learning_rate": 0.012165110720128554, "random_state": 32}}
{"target": 43.68339776992798, "params": {"n_estimators": 891, "max_depth": 3, "learning_rate": 0.025224014908016235, "random_state": 32}}
{"target": 43.11402201652527, "params": {"n_estimators": 619, "max_depth": 4, "learning_rate": 0.012583585939339495, "random_state": 32}}
{"target": 48.47438037395477, "params": {"n_estimators": 101, "max_depth": 3, "learning_rate": 0.010499687952235841, "random_state": 32}}
{"target": 43.0882066488266, "params": {"n_estimators": 441, "max_depth": 4, "learning_rate": 0.010223805580450628, "random_state": 32}}
{"target": 41.94233417510986, "params": {"n_estimators": 517, "max_depth": 3, "learning_rate": 0.011223348659888393, "random_state": 32}}
{"target": 47.384881377220154, "params": {"n_estimators": 4005, "max_depth": 30, "learning_rate": 0.1917431161030984, "random_state": 32}}
{"target": 47.17118203639984, "params": {"n_estimators": 2799, "max_depth": 19, "learning_rate": 0.10649405221606237, "random_state": 32}}
{"target": 43.55328679084778, "params": {"n_estimators": 1114, "max_depth": 3, "learning_rate": 0.0212372661676936, "random_state": 32}}
{"target": 43.17107021808624, "params": {"n_estimators": 55, "max_depth": 3, "learning_rate": 0.04800933922108336, "random_state": 32}}
{"target": 44.78274762630463, "params": {"n_estimators": 1359, "max_depth": 3, "learning_rate": 0.033914764008616316, "random_state": 32}}
{"target": 42.54308223724365, "params": {"n_estimators": 861, "max_depth": 3, "learning_rate": 0.01425894095409731, "random_state": 32}}
{"target": 43.97692859172821, "params": {"n_estimators": 1021, "max_depth": 5, "learning_rate": 0.012355238541692294, "random_state": 32}}
{"target": 42.57850170135498, "params": {"n_estimators": 968, "max_depth": 3, "learning_rate": 0.011588615181851095, "random_state": 32}}
{"target": 46.00633442401886, "params": {"n_estimators": 173, "max_depth": 7, "learning_rate": 0.04537699613868141, "random_state": 32}}
{"target": 46.37608230113983, "params": {"n_estimators": 4853, "max_depth": 17, "learning_rate": 0.14868740003216238, "random_state": 32}}
{"target": 43.3413964509964, "params": {"n_estimators": 947, "max_depth": 3, "learning_rate": 0.018628545794466943, "random_state": 32}}
{"target": 51.22039496898651, "params": {"n_estimators": 14, "max_depth": 5, "learning_rate": 0.05603424857783611, "random_state": 32}}
{"target": 44.265485405921936, "params": {"n_estimators": 675, "max_depth": 3, "learning_rate": 0.049756187612929666, "random_state": 32}}
{"target": 44.12675619125366, "params": {"n_estimators": 173, "max_depth": 3, "learning_rate": 0.012453930258334994, "random_state": 32}}
{"target": 46.29260957241058, "params": {"n_estimators": 1566, "max_depth": 7, "learning_rate": 0.01251713723973779, "random_state": 32}}
{"target": 41.95579767227173, "params": {"n_estimators": 407, "max_depth": 3, "learning_rate": 0.01871858685900297, "random_state": 32}}
