{"target": 22.035839993158977, "params": {"n_estimators": 117, "max_depth": 22, "learning_rate": 0.15, "random_state": 32}}
{"target": 22.035841733614607, "params": {"n_estimators": 664, "max_depth": 23, "learning_rate": 0.15, "random_state": 32}}
{"target": 22.03584217866262, "params": {"n_estimators": 789, "max_depth": 23, "learning_rate": 0.15, "random_state": 32}}
{"target": 22.03584217866262, "params": {"n_estimators": 770, "max_depth": 23, "learning_rate": 0.15, "random_state": 32}}
{"target": 22.03584217866262, "params": {"n_estimators": 747, "max_depth": 25, "learning_rate": 0.15, "random_state": 32}}
{"target": 22.035841733614607, "params": {"n_estimators": 682, "max_depth": 27, "learning_rate": 0.15, "random_state": 32}}
{"target": 22.03584217866262, "params": {"n_estimators": 762, "max_depth": 23, "learning_rate": 0.15, "random_state": 32}}
{"target": 22.035841733614607, "params": {"n_estimators": 698, "max_depth": 27, "learning_rate": 0.15, "random_state": 32}}
{"target": 22.035872410138445, "params": {"n_estimators": 455, "max_depth": 15, "learning_rate": 0.15, "random_state": 32}}
{"target": 22.035865774154665, "params": {"n_estimators": 107, "max_depth": 14, "learning_rate": 0.15, "random_state": 32}}
{"target": 22.08676982720693, "params": {"n_estimators": 26, "max_depth": 19, "learning_rate": 0.15, "random_state": 32}}
{"target": 22.035856992403666, "params": {"n_estimators": 258, "max_depth": 16, "learning_rate": 0.15, "random_state": 32}}
{"target": 22.03445998191834, "params": {"n_estimators": 36, "max_depth": 19, "learning_rate": 0.15, "random_state": 32}}
{"target": 22.162446320851643, "params": {"n_estimators": 22, "max_depth": 22, "learning_rate": 0.15, "random_state": 32}}
{"target": 22.034763107299803, "params": {"n_estimators": 38, "max_depth": 21, "learning_rate": 0.15, "random_state": 32}}
{"target": 22.03586248397827, "params": {"n_estimators": 125, "max_depth": 15, "learning_rate": 0.15, "random_state": 32}}
{"target": 22.035856738090516, "params": {"n_estimators": 179, "max_depth": 13, "learning_rate": 0.15, "random_state": 32}}
{"target": 22.035786658922834, "params": {"n_estimators": 84, "max_depth": 26, "learning_rate": 0.15, "random_state": 32}}
{"target": 24.63246527353922, "params": {"n_estimators": 12, "max_depth": 18, "learning_rate": 0.15, "random_state": 32}}
{"target": 22.301476224263507, "params": {"n_estimators": 20, "max_depth": 19, "learning_rate": 0.15, "random_state": 32}}
{"target": 22.035845286051433, "params": {"n_estimators": 296, "max_depth": 18, "learning_rate": 0.15, "random_state": 32}}
{"target": 22.08676982720693, "params": {"n_estimators": 26, "max_depth": 24, "learning_rate": 0.15, "random_state": 32}}
{"target": 22.06674558321635, "params": {"n_estimators": 28, "max_depth": 24, "learning_rate": 0.15, "random_state": 32}}
{"target": 22.03583761692047, "params": {"n_estimators": 116, "max_depth": 17, "learning_rate": 0.15, "random_state": 32}}
{"target": 22.035554637908938, "params": {"n_estimators": 50, "max_depth": 21, "learning_rate": 0.15, "random_state": 32}}
{"target": 22.035837346712746, "params": {"n_estimators": 143, "max_depth": 21, "learning_rate": 0.15, "random_state": 32}}
{"target": 22.03562213420868, "params": {"n_estimators": 56, "max_depth": 23, "learning_rate": 0.15, "random_state": 32}}
{"target": 22.061360303560896, "params": {"n_estimators": 29, "max_depth": 21, "learning_rate": 0.15, "random_state": 32}}
{"target": 22.162446320851643, "params": {"n_estimators": 22, "max_depth": 22, "learning_rate": 0.15, "random_state": 32}}
{"target": 22.035554200808207, "params": {"n_estimators": 48, "max_depth": 20, "learning_rate": 0.15, "random_state": 32}}
{"target": 22.06674558321635, "params": {"n_estimators": 28, "max_depth": 27, "learning_rate": 0.15, "random_state": 32}}
{"target": 22.035841733614607, "params": {"n_estimators": 514, "max_depth": 23, "learning_rate": 0.15, "random_state": 32}}
{"target": 22.035576246579488, "params": {"n_estimators": 53, "max_depth": 29, "learning_rate": 0.15, "random_state": 32}}
{"target": 22.035629795392357, "params": {"n_estimators": 57, "max_depth": 29, "learning_rate": 0.15, "random_state": 32}}
{"target": 22.035846827824912, "params": {"n_estimators": 685, "max_depth": 20, "learning_rate": 0.15, "random_state": 32}}
{"target": 22.03551018079122, "params": {"n_estimators": 42, "max_depth": 30, "learning_rate": 0.15, "random_state": 32}}
{"target": 22.037306764920555, "params": {"n_estimators": 34, "max_depth": 29, "learning_rate": 0.15, "random_state": 32}}
{"target": 22.03583791891734, "params": {"n_estimators": 162, "max_depth": 28, "learning_rate": 0.15, "random_state": 32}}
{"target": 22.03584787686666, "params": {"n_estimators": 757, "max_depth": 20, "learning_rate": 0.15, "random_state": 32}}
{"target": 22.035841733614607, "params": {"n_estimators": 444, "max_depth": 28, "learning_rate": 0.15, "random_state": 32}}
{"target": 22.035839921633404, "params": {"n_estimators": 130, "max_depth": 30, "learning_rate": 0.15, "random_state": 32}}
{"target": 22.035841733614607, "params": {"n_estimators": 466, "max_depth": 29, "learning_rate": 0.15, "random_state": 32}}
{"target": 22.035841733614603, "params": {"n_estimators": 366, "max_depth": 30, "learning_rate": 0.15, "random_state": 32}}
{"target": 22.035133908589682, "params": {"n_estimators": 40, "max_depth": 22, "learning_rate": 0.15, "random_state": 32}}
{"target": 22.03584035078685, "params": {"n_estimators": 1005, "max_depth": 30, "learning_rate": 0.15, "random_state": 32}}
{"target": 22.0358376010259, "params": {"n_estimators": 151, "max_depth": 30, "learning_rate": 0.15, "random_state": 32}}
{"target": 22.06674558321635, "params": {"n_estimators": 28, "max_depth": 29, "learning_rate": 0.15, "random_state": 32}}
{"target": 22.035841733614607, "params": {"n_estimators": 629, "max_depth": 30, "learning_rate": 0.15, "random_state": 32}}
{"target": 22.03584035078685, "params": {"n_estimators": 926, "max_depth": 30, "learning_rate": 0.15, "random_state": 32}}
{"target": 22.301476224263507, "params": {"n_estimators": 20, "max_depth": 18, "learning_rate": 0.15, "random_state": 32}}
{"target": 22.035841733614607, "params": {"n_estimators": 530, "max_depth": 30, "learning_rate": 0.15, "random_state": 32}}
{"target": 26.0810078048706, "params": {"n_estimators": 10, "max_depth": 21, "learning_rate": 0.15, "random_state": 32}}
{"target": 22.035752922693888, "params": {"n_estimators": 73, "max_depth": 19, "learning_rate": 0.15, "random_state": 32}}
{"target": 22.03584217866262, "params": {"n_estimators": 775, "max_depth": 30, "learning_rate": 0.15, "random_state": 32}}
{"target": 22.035841733614607, "params": {"n_estimators": 651, "max_depth": 21, "learning_rate": 0.15, "random_state": 32}}
{"target": 22.035841733614607, "params": {"n_estimators": 640, "max_depth": 24, "learning_rate": 0.15, "random_state": 32}}
{"target": 22.035841733614607, "params": {"n_estimators": 647, "max_depth": 21, "learning_rate": 0.15, "random_state": 32}}
{"target": 22.035841733614607, "params": {"n_estimators": 670, "max_depth": 23, "learning_rate": 0.15, "random_state": 32}}
{"target": 22.035841733614607, "params": {"n_estimators": 681, "max_depth": 22, "learning_rate": 0.15, "random_state": 32}}
{"target": 22.06674558321635, "params": {"n_estimators": 28, "max_depth": 24, "learning_rate": 0.15, "random_state": 32}}
{"target": 22.035825775464378, "params": {"n_estimators": 96, "max_depth": 26, "learning_rate": 0.15, "random_state": 32}}
{"target": 22.03551018079122, "params": {"n_estimators": 42, "max_depth": 25, "learning_rate": 0.15, "random_state": 32}}
{"target": 22.035841733614607, "params": {"n_estimators": 625, "max_depth": 24, "learning_rate": 0.15, "random_state": 32}}
{"target": 22.035758152008057, "params": {"n_estimators": 80, "max_depth": 23, "learning_rate": 0.15, "random_state": 32}}
{"target": 22.076026097933454, "params": {"n_estimators": 27, "max_depth": 23, "learning_rate": 0.15, "random_state": 32}}
{"target": 22.035735637346907, "params": {"n_estimators": 71, "max_depth": 24, "learning_rate": 0.15, "random_state": 32}}
{"target": 22.03445998191834, "params": {"n_estimators": 36, "max_depth": 26, "learning_rate": 0.15, "random_state": 32}}
{"target": 22.630947901407875, "params": {"n_estimators": 18, "max_depth": 25, "learning_rate": 0.15, "random_state": 32}}
{"target": 22.03569980303447, "params": {"n_estimators": 62, "max_depth": 25, "learning_rate": 0.15, "random_state": 32}}
{"target": 22.03557097752889, "params": {"n_estimators": 46, "max_depth": 27, "learning_rate": 0.15, "random_state": 32}}
{"target": 22.035841852823893, "params": {"n_estimators": 135, "max_depth": 22, "learning_rate": 0.15, "random_state": 32}}
{"target": 22.03445998191834, "params": {"n_estimators": 36, "max_depth": 27, "learning_rate": 0.15, "random_state": 32}}
{"target": 22.03572012424469, "params": {"n_estimators": 64, "max_depth": 27, "learning_rate": 0.15, "random_state": 32}}
{"target": 22.03445998191834, "params": {"n_estimators": 36, "max_depth": 27, "learning_rate": 0.15, "random_state": 32}}
{"target": 22.035272850990296, "params": {"n_estimators": 43, "max_depth": 27, "learning_rate": 0.15, "random_state": 32}}
{"target": 22.035839579900106, "params": {"n_estimators": 127, "max_depth": 27, "learning_rate": 0.15, "random_state": 32}}
{"target": 22.035855379104614, "params": {"n_estimators": 3135, "max_depth": 16, "learning_rate": 0.15, "random_state": 32}}
{"target": 22.035759328206378, "params": {"n_estimators": 79, "max_depth": 28, "learning_rate": 0.15, "random_state": 32}}
{"target": 22.035839635531108, "params": {"n_estimators": 106, "max_depth": 27, "learning_rate": 0.15, "random_state": 32}}
{"target": 22.035751865704857, "params": {"n_estimators": 77, "max_depth": 27, "learning_rate": 0.15, "random_state": 32}}
{"target": 22.035841733614607, "params": {"n_estimators": 662, "max_depth": 26, "learning_rate": 0.15, "random_state": 32}}
{"target": 23.111751225789387, "params": {"n_estimators": 16, "max_depth": 28, "learning_rate": 0.15, "random_state": 32}}
{"target": 22.035870033899947, "params": {"n_estimators": 2481, "max_depth": 11, "learning_rate": 0.15, "random_state": 32}}
{"target": 22.035841733614607, "params": {"n_estimators": 674, "max_depth": 25, "learning_rate": 0.15, "random_state": 32}}
{"target": 22.03584217866262, "params": {"n_estimators": 837, "max_depth": 27, "learning_rate": 0.15, "random_state": 32}}
{"target": 25.288416105906165, "params": {"n_estimators": 11, "max_depth": 20, "learning_rate": 0.15, "random_state": 32}}
{"target": 22.136167647043866, "params": {"n_estimators": 23, "max_depth": 27, "learning_rate": 0.15, "random_state": 32}}
{"target": 22.035873133341475, "params": {"n_estimators": 2696, "max_depth": 15, "learning_rate": 0.15, "random_state": 32}}
{"target": 22.06674558321635, "params": {"n_estimators": 28, "max_depth": 26, "learning_rate": 0.15, "random_state": 32}}
{"target": 22.035841733614607, "params": {"n_estimators": 728, "max_depth": 25, "learning_rate": 0.15, "random_state": 32}}
{"target": 22.03584217866262, "params": {"n_estimators": 809, "max_depth": 26, "learning_rate": 0.15, "random_state": 32}}
{"target": 22.03584217866262, "params": {"n_estimators": 861, "max_depth": 26, "learning_rate": 0.15, "random_state": 32}}
{"target": 22.035841733614607, "params": {"n_estimators": 658, "max_depth": 25, "learning_rate": 0.15, "random_state": 32}}
{"target": 22.035847892761232, "params": {"n_estimators": 809, "max_depth": 18, "learning_rate": 0.15, "random_state": 32}}
{"target": 22.035841733614607, "params": {"n_estimators": 577, "max_depth": 25, "learning_rate": 0.15, "random_state": 32}}
{"target": 22.03569259484609, "params": {"n_estimators": 60, "max_depth": 20, "learning_rate": 0.15, "random_state": 32}}
{"target": 22.035847892761232, "params": {"n_estimators": 632, "max_depth": 18, "learning_rate": 0.15, "random_state": 32}}
{"target": 22.136167647043866, "params": {"n_estimators": 23, "max_depth": 22, "learning_rate": 0.15, "random_state": 32}}
{"target": 22.04394076983134, "params": {"n_estimators": 33, "max_depth": 19, "learning_rate": 0.15, "random_state": 32}}
{"target": 22.04394076983134, "params": {"n_estimators": 33, "max_depth": 25, "learning_rate": 0.15, "random_state": 32}}
{"target": 22.035848298072814, "params": {"n_estimators": 962, "max_depth": 17, "learning_rate": 0.15, "random_state": 32}}
{"target": 22.076026097933454, "params": {"n_estimators": 27, "max_depth": 29, "learning_rate": 0.15, "random_state": 32}}
{"target": 22.035855124791464, "params": {"n_estimators": 1025, "max_depth": 16, "learning_rate": 0.15, "random_state": 32}}
{"target": 22.042441736857096, "params": {"n_estimators": 32, "max_depth": 30, "learning_rate": 0.15, "random_state": 32}}
{"target": 22.630947901407875, "params": {"n_estimators": 18, "max_depth": 25, "learning_rate": 0.15, "random_state": 32}}
{"target": 22.035133908589682, "params": {"n_estimators": 40, "max_depth": 28, "learning_rate": 0.15, "random_state": 32}}
{"target": 22.035590019226074, "params": {"n_estimators": 45, "max_depth": 24, "learning_rate": 0.15, "random_state": 32}}
{"target": 26.0810078048706, "params": {"n_estimators": 10, "max_depth": 22, "learning_rate": 0.15, "random_state": 32}}
{"target": 22.03557097752889, "params": {"n_estimators": 46, "max_depth": 25, "learning_rate": 0.15, "random_state": 32}}
{"target": 22.035839953422546, "params": {"n_estimators": 119, "max_depth": 26, "learning_rate": 0.15, "random_state": 32}}
{"target": 22.035786078770954, "params": {"n_estimators": 86, "max_depth": 26, "learning_rate": 0.15, "random_state": 32}}
{"target": 26.0810078048706, "params": {"n_estimators": 10, "max_depth": 19, "learning_rate": 0.15, "random_state": 32}}
{"target": 22.035847225189208, "params": {"n_estimators": 529, "max_depth": 20, "learning_rate": 0.15, "random_state": 32}}
{"target": 22.035841733614607, "params": {"n_estimators": 691, "max_depth": 22, "learning_rate": 0.15, "random_state": 32}}
{"target": 22.035841733614607, "params": {"n_estimators": 691, "max_depth": 26, "learning_rate": 0.15, "random_state": 32}}
{"target": 22.035847090085348, "params": {"n_estimators": 652, "max_depth": 20, "learning_rate": 0.15, "random_state": 32}}
{"target": 22.035619010925295, "params": {"n_estimators": 44, "max_depth": 30, "learning_rate": 0.15, "random_state": 32}}
{"target": 22.03584217866262, "params": {"n_estimators": 874, "max_depth": 22, "learning_rate": 0.15, "random_state": 32}}
{"target": 22.035841733614607, "params": {"n_estimators": 547, "max_depth": 22, "learning_rate": 0.15, "random_state": 32}}
{"target": 24.63246527353922, "params": {"n_estimators": 12, "max_depth": 24, "learning_rate": 0.15, "random_state": 32}}
{"target": 22.035841733614607, "params": {"n_estimators": 644, "max_depth": 21, "learning_rate": 0.15, "random_state": 32}}
{"target": 22.119041833877567, "params": {"n_estimators": 24, "max_depth": 16, "learning_rate": 0.15, "random_state": 32}}
{"target": 22.035841733614607, "params": {"n_estimators": 615, "max_depth": 22, "learning_rate": 0.15, "random_state": 32}}
{"target": 24.17564461390177, "params": {"n_estimators": 13, "max_depth": 28, "learning_rate": 0.15, "random_state": 32}}
{"target": 22.035841733614607, "params": {"n_estimators": 602, "max_depth": 27, "learning_rate": 0.15, "random_state": 32}}
{"target": 22.035752946535744, "params": {"n_estimators": 72, "max_depth": 17, "learning_rate": 0.15, "random_state": 32}}
{"target": 22.03585633277893, "params": {"n_estimators": 3353, "max_depth": 8, "learning_rate": 0.15, "random_state": 32}}
{"target": 22.035741812388103, "params": {"n_estimators": 74, "max_depth": 20, "learning_rate": 0.15, "random_state": 32}}
{"target": 22.035741812388103, "params": {"n_estimators": 74, "max_depth": 22, "learning_rate": 0.15, "random_state": 32}}
{"target": 22.035841733614607, "params": {"n_estimators": 604, "max_depth": 27, "learning_rate": 0.15, "random_state": 32}}
{"target": 22.035841733614607, "params": {"n_estimators": 639, "max_depth": 27, "learning_rate": 0.15, "random_state": 32}}
{"target": 22.035841733614607, "params": {"n_estimators": 717, "max_depth": 26, "learning_rate": 0.15, "random_state": 32}}
{"target": 22.03588408470154, "params": {"n_estimators": 4082, "max_depth": 10, "learning_rate": 0.15, "random_state": 32}}
{"target": 22.03584217866262, "params": {"n_estimators": 783, "max_depth": 28, "learning_rate": 0.15, "random_state": 32}}
{"target": 22.09920896689097, "params": {"n_estimators": 25, "max_depth": 20, "learning_rate": 0.15, "random_state": 32}}
{"target": 24.17564461390177, "params": {"n_estimators": 13, "max_depth": 24, "learning_rate": 0.15, "random_state": 32}}
{"target": 22.035786078770954, "params": {"n_estimators": 86, "max_depth": 24, "learning_rate": 0.15, "random_state": 32}}
{"target": 22.03584035078685, "params": {"n_estimators": 1730, "max_depth": 25, "learning_rate": 0.15, "random_state": 32}}
{"target": 22.035695583025618, "params": {"n_estimators": 61, "max_depth": 25, "learning_rate": 0.15, "random_state": 32}}
{"target": 22.03584035078685, "params": {"n_estimators": 1752, "max_depth": 23, "learning_rate": 0.15, "random_state": 32}}
{"target": 22.83553890546163, "params": {"n_estimators": 17, "max_depth": 28, "learning_rate": 0.15, "random_state": 32}}
{"target": 22.035838967959087, "params": {"n_estimators": 180, "max_depth": 27, "learning_rate": 0.15, "random_state": 32}}
{"target": 22.03584035078685, "params": {"n_estimators": 2039, "max_depth": 23, "learning_rate": 0.15, "random_state": 32}}
{"target": 22.119041833877567, "params": {"n_estimators": 24, "max_depth": 28, "learning_rate": 0.15, "random_state": 32}}
{"target": 23.879539848963415, "params": {"n_estimators": 35, "max_depth": 6, "learning_rate": 0.15, "random_state": 32}}
{"target": 22.83553890546163, "params": {"n_estimators": 17, "max_depth": 25, "learning_rate": 0.15, "random_state": 32}}
{"target": 22.03588408470154, "params": {"n_estimators": 1063, "max_depth": 10, "learning_rate": 0.15, "random_state": 32}}
{"target": 22.035560987790426, "params": {"n_estimators": 51, "max_depth": 29, "learning_rate": 0.15, "random_state": 32}}
{"target": 22.03583902359009, "params": {"n_estimators": 102, "max_depth": 27, "learning_rate": 0.15, "random_state": 32}}
{"target": 22.035749521255493, "params": {"n_estimators": 72, "max_depth": 19, "learning_rate": 0.15, "random_state": 32}}
{"target": 22.03584035078685, "params": {"n_estimators": 2144, "max_depth": 23, "learning_rate": 0.15, "random_state": 32}}
{"target": 22.83553890546163, "params": {"n_estimators": 17, "max_depth": 21, "learning_rate": 0.15, "random_state": 32}}
{"target": 22.035841733614607, "params": {"n_estimators": 723, "max_depth": 23, "learning_rate": 0.15, "random_state": 32}}
{"target": 22.035841733614607, "params": {"n_estimators": 651, "max_depth": 22, "learning_rate": 0.15, "random_state": 32}}
{"target": 22.035841733614607, "params": {"n_estimators": 670, "max_depth": 22, "learning_rate": 0.15, "random_state": 32}}
{"target": 22.03584217866262, "params": {"n_estimators": 753, "max_depth": 22, "learning_rate": 0.15, "random_state": 32}}
{"target": 22.035841733614607, "params": {"n_estimators": 625, "max_depth": 22, "learning_rate": 0.15, "random_state": 32}}
{"target": 22.034763107299803, "params": {"n_estimators": 38, "max_depth": 22, "learning_rate": 0.15, "random_state": 32}}
{"target": 22.06674558321635, "params": {"n_estimators": 28, "max_depth": 23, "learning_rate": 0.15, "random_state": 32}}
{"target": 22.035841733614607, "params": {"n_estimators": 662, "max_depth": 25, "learning_rate": 0.15, "random_state": 32}}
{"target": 22.035838872591654, "params": {"n_estimators": 100, "max_depth": 21, "learning_rate": 0.15, "random_state": 32}}
{"target": 22.03584035078685, "params": {"n_estimators": 4097, "max_depth": 25, "learning_rate": 0.15, "random_state": 32}}
{"target": 22.035856722195945, "params": {"n_estimators": 528, "max_depth": 16, "learning_rate": 0.15, "random_state": 32}}
{"target": 22.035848139127094, "params": {"n_estimators": 550, "max_depth": 17, "learning_rate": 0.15, "random_state": 32}}
{"target": 22.03584035078685, "params": {"n_estimators": 3270, "max_depth": 24, "learning_rate": 0.15, "random_state": 32}}
{"target": 22.03573079744975, "params": {"n_estimators": 68, "max_depth": 21, "learning_rate": 0.15, "random_state": 32}}
{"target": 22.035856722195945, "params": {"n_estimators": 479, "max_depth": 16, "learning_rate": 0.15, "random_state": 32}}
{"target": 22.03585711161296, "params": {"n_estimators": 746, "max_depth": 16, "learning_rate": 0.15, "random_state": 32}}
{"target": 22.03584035078685, "params": {"n_estimators": 4430, "max_depth": 26, "learning_rate": 0.15, "random_state": 32}}
{"target": 22.03554158846537, "params": {"n_estimators": 54, "max_depth": 30, "learning_rate": 0.15, "random_state": 32}}
{"target": 25.288416105906165, "params": {"n_estimators": 11, "max_depth": 25, "learning_rate": 0.15, "random_state": 32}}
{"target": 22.035841733614607, "params": {"n_estimators": 640, "max_depth": 29, "learning_rate": 0.15, "random_state": 32}}
{"target": 22.035590019226074, "params": {"n_estimators": 45, "max_depth": 20, "learning_rate": 0.15, "random_state": 32}}
{"target": 22.035841987927757, "params": {"n_estimators": 737, "max_depth": 29, "learning_rate": 0.15, "random_state": 32}}
{"target": 22.035841733614607, "params": {"n_estimators": 702, "max_depth": 26, "learning_rate": 0.15, "random_state": 32}}
{"target": 22.035841733614607, "params": {"n_estimators": 397, "max_depth": 30, "learning_rate": 0.15, "random_state": 32}}
{"target": 22.035841733614607, "params": {"n_estimators": 569, "max_depth": 29, "learning_rate": 0.15, "random_state": 32}}
{"target": 22.035841733614607, "params": {"n_estimators": 436, "max_depth": 30, "learning_rate": 0.15, "random_state": 32}}
