{"target": 22.03587155977885, "params": {"n_estimators": 804, "max_depth": 11, "learning_rate": 0.15, "random_state": 32}}
{"target": 22.035861744880677, "params": {"n_estimators": 1079, "max_depth": 13, "learning_rate": 0.15, "random_state": 32}}
{"target": 22.03585633277893, "params": {"n_estimators": 1543, "max_depth": 8, "learning_rate": 0.15, "random_state": 32}}
{"target": 22.035854179064433, "params": {"n_estimators": 2741, "max_depth": 19, "learning_rate": 0.15, "random_state": 32}}
{"target": 22.03584848880768, "params": {"n_estimators": 3086, "max_depth": 17, "learning_rate": 0.15, "random_state": 32}}
{"target": 22.035855379104614, "params": {"n_estimators": 1426, "max_depth": 16, "learning_rate": 0.15, "random_state": 32}}
{"target": 22.035905224482217, "params": {"n_estimators": 1880, "max_depth": 5, "learning_rate": 0.15, "random_state": 32}}
{"target": 22.03584035078685, "params": {"n_estimators": 2039, "max_depth": 24, "learning_rate": 0.15, "random_state": 32}}
{"target": 22.035860226949058, "params": {"n_estimators": 964, "max_depth": 9, "learning_rate": 0.15, "random_state": 32}}
{"target": 22.035852422714235, "params": {"n_estimators": 3415, "max_depth": 14, "learning_rate": 0.15, "random_state": 32}}
{"target": 22.03584035078685, "params": {"n_estimators": 2980, "max_depth": 21, "learning_rate": 0.15, "random_state": 32}}
{"target": 22.035860226949058, "params": {"n_estimators": 2316, "max_depth": 9, "learning_rate": 0.15, "random_state": 32}}
{"target": 22.035845580101014, "params": {"n_estimators": 4011, "max_depth": 20, "learning_rate": 0.15, "random_state": 32}}
{"target": 22.03588408470154, "params": {"n_estimators": 3939, "max_depth": 10, "learning_rate": 0.15, "random_state": 32}}
{"target": 22.035840191841125, "params": {"n_estimators": 882, "max_depth": 24, "learning_rate": 0.15, "random_state": 32}}
{"target": 22.03584035078685, "params": {"n_estimators": 4009, "max_depth": 26, "learning_rate": 0.15, "random_state": 32}}
{"target": 22.03585633277893, "params": {"n_estimators": 1905, "max_depth": 8, "learning_rate": 0.15, "random_state": 32}}
{"target": 22.035852073033652, "params": {"n_estimators": 737, "max_depth": 14, "learning_rate": 0.15, "random_state": 32}}
{"target": 22.035848298072814, "params": {"n_estimators": 797, "max_depth": 17, "learning_rate": 0.15, "random_state": 32}}
{"target": 22.0358300113678, "params": {"n_estimators": 96, "max_depth": 19, "learning_rate": 0.15, "random_state": 32}}
{"target": 22.035863270759585, "params": {"n_estimators": 3350, "max_depth": 13, "learning_rate": 0.15, "random_state": 32}}
{"target": 22.03584035078685, "params": {"n_estimators": 1533, "max_depth": 26, "learning_rate": 0.15, "random_state": 32}}
{"target": 22.03584035078685, "params": {"n_estimators": 2531, "max_depth": 27, "learning_rate": 0.15, "random_state": 32}}
{"target": 22.035890776316325, "params": {"n_estimators": 4856, "max_depth": 6, "learning_rate": 0.15, "random_state": 32}}
{"target": 22.03584035078685, "params": {"n_estimators": 2104, "max_depth": 22, "learning_rate": 0.15, "random_state": 32}}
{"target": 22.035841733614607, "params": {"n_estimators": 423, "max_depth": 22, "learning_rate": 0.15, "random_state": 32}}
{"target": 22.035855379104614, "params": {"n_estimators": 1769, "max_depth": 16, "learning_rate": 0.15, "random_state": 32}}
{"target": 22.035870033899947, "params": {"n_estimators": 3202, "max_depth": 11, "learning_rate": 0.15, "random_state": 32}}
{"target": 22.03584035078685, "params": {"n_estimators": 3026, "max_depth": 27, "learning_rate": 0.15, "random_state": 32}}
{"target": 22.035842464764915, "params": {"n_estimators": 274, "max_depth": 22, "learning_rate": 0.15, "random_state": 32}}
{"target": 22.035870033899947, "params": {"n_estimators": 4935, "max_depth": 11, "learning_rate": 0.15, "random_state": 32}}
{"target": 22.03587109088898, "params": {"n_estimators": 1221, "max_depth": 12, "learning_rate": 0.15, "random_state": 32}}
{"target": 22.03584035078685, "params": {"n_estimators": 2796, "max_depth": 22, "learning_rate": 0.15, "random_state": 32}}
{"target": 22.03584035078685, "params": {"n_estimators": 4922, "max_depth": 27, "learning_rate": 0.15, "random_state": 32}}
{"target": 22.035841733614607, "params": {"n_estimators": 597, "max_depth": 27, "learning_rate": 0.15, "random_state": 32}}
{"target": 22.03584035078685, "params": {"n_estimators": 1166, "max_depth": 28, "learning_rate": 0.15, "random_state": 32}}
{"target": 22.03584035078685, "params": {"n_estimators": 1158, "max_depth": 30, "learning_rate": 0.15, "random_state": 32}}
{"target": 22.03584035078685, "params": {"n_estimators": 1199, "max_depth": 30, "learning_rate": 0.15, "random_state": 32}}
{"target": 22.035630963643392, "params": {"n_estimators": 57, "max_depth": 17, "learning_rate": 0.15, "random_state": 32}}
{"target": 22.035890776316325, "params": {"n_estimators": 2604, "max_depth": 6, "learning_rate": 0.15, "random_state": 32}}
{"target": 22.03583245118459, "params": {"n_estimators": 100, "max_depth": 17, "learning_rate": 0.15, "random_state": 32}}
{"target": 22.83553890546163, "params": {"n_estimators": 17, "max_depth": 15, "learning_rate": 0.15, "random_state": 32}}
{"target": 22.03584035078685, "params": {"n_estimators": 1117, "max_depth": 25, "learning_rate": 0.15, "random_state": 32}}
{"target": 22.119041833877567, "params": {"n_estimators": 24, "max_depth": 21, "learning_rate": 0.15, "random_state": 32}}
{"target": 22.0358420753479, "params": {"n_estimators": 167, "max_depth": 17, "learning_rate": 0.15, "random_state": 32}}
{"target": 22.03584035078685, "params": {"n_estimators": 1861, "max_depth": 30, "learning_rate": 0.15, "random_state": 32}}
{"target": 24.95243546803792, "params": {"n_estimators": 12, "max_depth": 11, "learning_rate": 0.15, "random_state": 32}}
{"target": 22.035810039838157, "params": {"n_estimators": 90, "max_depth": 17, "learning_rate": 0.15, "random_state": 32}}
{"target": 22.035848155021668, "params": {"n_estimators": 363, "max_depth": 17, "learning_rate": 0.15, "random_state": 32}}
{"target": 22.035847225189208, "params": {"n_estimators": 414, "max_depth": 20, "learning_rate": 0.15, "random_state": 32}}
{"target": 22.035845580101014, "params": {"n_estimators": 1433, "max_depth": 20, "learning_rate": 0.15, "random_state": 32}}
{"target": 22.035738768577577, "params": {"n_estimators": 69, "max_depth": 17, "learning_rate": 0.15, "random_state": 32}}
{"target": 22.035836726824446, "params": {"n_estimators": 129, "max_depth": 18, "learning_rate": 0.15, "random_state": 32}}
{"target": 22.035841987927757, "params": {"n_estimators": 114, "max_depth": 18, "learning_rate": 0.15, "random_state": 32}}
{"target": 22.035749044418335, "params": {"n_estimators": 72, "max_depth": 20, "learning_rate": 0.15, "random_state": 32}}
{"target": 22.035854179064433, "params": {"n_estimators": 854, "max_depth": 19, "learning_rate": 0.15, "random_state": 32}}
{"target": 22.037741611798605, "params": {"n_estimators": 60, "max_depth": 15, "learning_rate": 0.15, "random_state": 32}}
{"target": 22.035854179064433, "params": {"n_estimators": 1186, "max_depth": 19, "learning_rate": 0.15, "random_state": 32}}
{"target": 22.034135239919028, "params": {"n_estimators": 37, "max_depth": 17, "learning_rate": 0.15, "random_state": 32}}
{"target": 22.04394076983134, "params": {"n_estimators": 33, "max_depth": 18, "learning_rate": 0.15, "random_state": 32}}
{"target": 22.035857040087382, "params": {"n_estimators": 252, "max_depth": 16, "learning_rate": 0.15, "random_state": 32}}
{"target": 22.035853781700133, "params": {"n_estimators": 180, "max_depth": 16, "learning_rate": 0.15, "random_state": 32}}
{"target": 22.03551018079122, "params": {"n_estimators": 42, "max_depth": 23, "learning_rate": 0.15, "random_state": 32}}
{"target": 26.0810078048706, "params": {"n_estimators": 10, "max_depth": 21, "learning_rate": 0.15, "random_state": 32}}
{"target": 22.035849585533143, "params": {"n_estimators": 127, "max_depth": 14, "learning_rate": 0.15, "random_state": 32}}
{"target": 22.035590019226074, "params": {"n_estimators": 45, "max_depth": 22, "learning_rate": 0.15, "random_state": 32}}
{"target": 22.035854171117148, "params": {"n_estimators": 229, "max_depth": 16, "learning_rate": 0.15, "random_state": 32}}
{"target": 22.034941754341126, "params": {"n_estimators": 39, "max_depth": 27, "learning_rate": 0.15, "random_state": 32}}
{"target": 22.035714116096496, "params": {"n_estimators": 66, "max_depth": 22, "learning_rate": 0.15, "random_state": 32}}
{"target": 22.034941754341126, "params": {"n_estimators": 39, "max_depth": 25, "learning_rate": 0.15, "random_state": 32}}
{"target": 22.035838872591654, "params": {"n_estimators": 100, "max_depth": 21, "learning_rate": 0.15, "random_state": 32}}
{"target": 22.03556056658427, "params": {"n_estimators": 47, "max_depth": 24, "learning_rate": 0.15, "random_state": 32}}
{"target": 22.03584268728892, "params": {"n_estimators": 246, "max_depth": 25, "learning_rate": 0.15, "random_state": 32}}
{"target": 22.035134313901267, "params": {"n_estimators": 41, "max_depth": 26, "learning_rate": 0.15, "random_state": 32}}
{"target": 23.429323819478352, "params": {"n_estimators": 15, "max_depth": 27, "learning_rate": 0.15, "random_state": 32}}
{"target": 22.035841852823893, "params": {"n_estimators": 351, "max_depth": 25, "learning_rate": 0.15, "random_state": 32}}
{"target": 22.035842186609905, "params": {"n_estimators": 309, "max_depth": 30, "learning_rate": 0.15, "random_state": 32}}
{"target": 22.035751190185547, "params": {"n_estimators": 78, "max_depth": 26, "learning_rate": 0.15, "random_state": 32}}
{"target": 22.035695583025618, "params": {"n_estimators": 61, "max_depth": 28, "learning_rate": 0.15, "random_state": 32}}
{"target": 22.09920896689097, "params": {"n_estimators": 25, "max_depth": 26, "learning_rate": 0.15, "random_state": 32}}
{"target": 22.035786078770954, "params": {"n_estimators": 86, "max_depth": 28, "learning_rate": 0.15, "random_state": 32}}
{"target": 22.035134313901267, "params": {"n_estimators": 41, "max_depth": 26, "learning_rate": 0.15, "random_state": 32}}
{"target": 22.035272850990296, "params": {"n_estimators": 43, "max_depth": 28, "learning_rate": 0.15, "random_state": 32}}
{"target": 23.111751225789387, "params": {"n_estimators": 16, "max_depth": 26, "learning_rate": 0.15, "random_state": 32}}
{"target": 22.06674558321635, "params": {"n_estimators": 28, "max_depth": 27, "learning_rate": 0.15, "random_state": 32}}
{"target": 22.035841733614607, "params": {"n_estimators": 451, "max_depth": 28, "learning_rate": 0.15, "random_state": 32}}
{"target": 22.042441736857096, "params": {"n_estimators": 32, "max_depth": 27, "learning_rate": 0.15, "random_state": 32}}
{"target": 22.03445998191834, "params": {"n_estimators": 36, "max_depth": 25, "learning_rate": 0.15, "random_state": 32}}
{"target": 22.035751190185547, "params": {"n_estimators": 78, "max_depth": 30, "learning_rate": 0.15, "random_state": 32}}
{"target": 22.035590019226074, "params": {"n_estimators": 45, "max_depth": 25, "learning_rate": 0.15, "random_state": 32}}
{"target": 22.051367853482567, "params": {"n_estimators": 588, "max_depth": 4, "learning_rate": 0.15, "random_state": 32}}
{"target": 22.03584217866262, "params": {"n_estimators": 841, "max_depth": 23, "learning_rate": 0.15, "random_state": 32}}
{"target": 22.03584217866262, "params": {"n_estimators": 867, "max_depth": 23, "learning_rate": 0.15, "random_state": 32}}
{"target": 22.03584217866262, "params": {"n_estimators": 865, "max_depth": 25, "learning_rate": 0.15, "random_state": 32}}
{"target": 22.03584035078685, "params": {"n_estimators": 1041, "max_depth": 24, "learning_rate": 0.15, "random_state": 32}}
{"target": 22.217544433275854, "params": {"n_estimators": 21, "max_depth": 24, "learning_rate": 0.15, "random_state": 32}}
{"target": 22.034971748987836, "params": {"n_estimators": 35, "max_depth": 23, "learning_rate": 0.15, "random_state": 32}}
{"target": 22.03584035078685, "params": {"n_estimators": 1223, "max_depth": 24, "learning_rate": 0.15, "random_state": 32}}
{"target": 22.035841733614607, "params": {"n_estimators": 475, "max_depth": 24, "learning_rate": 0.15, "random_state": 32}}
{"target": 22.03584217866262, "params": {"n_estimators": 742, "max_depth": 23, "learning_rate": 0.15, "random_state": 32}}
{"target": 22.035839953422546, "params": {"n_estimators": 119, "max_depth": 24, "learning_rate": 0.15, "random_state": 32}}
{"target": 22.03584217866262, "params": {"n_estimators": 830, "max_depth": 25, "learning_rate": 0.15, "random_state": 32}}
{"target": 22.035841733614607, "params": {"n_estimators": 657, "max_depth": 26, "learning_rate": 0.15, "random_state": 32}}
{"target": 22.035741812388103, "params": {"n_estimators": 74, "max_depth": 26, "learning_rate": 0.15, "random_state": 32}}
{"target": 22.035839754740397, "params": {"n_estimators": 124, "max_depth": 26, "learning_rate": 0.15, "random_state": 32}}
{"target": 22.035554200808207, "params": {"n_estimators": 48, "max_depth": 23, "learning_rate": 0.15, "random_state": 32}}
{"target": 22.035842639605203, "params": {"n_estimators": 252, "max_depth": 25, "learning_rate": 0.15, "random_state": 32}}
{"target": 22.035841733614603, "params": {"n_estimators": 134, "max_depth": 23, "learning_rate": 0.15, "random_state": 32}}
{"target": 22.03576724370321, "params": {"n_estimators": 82, "max_depth": 23, "learning_rate": 0.15, "random_state": 32}}
{"target": 22.09920896689097, "params": {"n_estimators": 25, "max_depth": 24, "learning_rate": 0.15, "random_state": 32}}
{"target": 22.035839754740397, "params": {"n_estimators": 124, "max_depth": 22, "learning_rate": 0.15, "random_state": 32}}
{"target": 22.035838395754496, "params": {"n_estimators": 170, "max_depth": 24, "learning_rate": 0.15, "random_state": 32}}
{"target": 22.035839818318685, "params": {"n_estimators": 107, "max_depth": 23, "learning_rate": 0.15, "random_state": 32}}
{"target": 22.034763107299803, "params": {"n_estimators": 38, "max_depth": 21, "learning_rate": 0.15, "random_state": 32}}
{"target": 22.035746858914695, "params": {"n_estimators": 76, "max_depth": 24, "learning_rate": 0.15, "random_state": 32}}
{"target": 22.03583893616994, "params": {"n_estimators": 179, "max_depth": 22, "learning_rate": 0.15, "random_state": 32}}
{"target": 22.035695583025618, "params": {"n_estimators": 61, "max_depth": 30, "learning_rate": 0.15, "random_state": 32}}
{"target": 22.035839754740397, "params": {"n_estimators": 215, "max_depth": 30, "learning_rate": 0.15, "random_state": 32}}
{"target": 22.03584217866262, "params": {"n_estimators": 868, "max_depth": 30, "learning_rate": 0.15, "random_state": 32}}
{"target": 22.035841733614607, "params": {"n_estimators": 699, "max_depth": 27, "learning_rate": 0.15, "random_state": 32}}
{"target": 23.111751225789387, "params": {"n_estimators": 16, "max_depth": 23, "learning_rate": 0.15, "random_state": 32}}
{"target": 22.03584035078685, "params": {"n_estimators": 901, "max_depth": 30, "learning_rate": 0.15, "random_state": 32}}
{"target": 22.047809505462645, "params": {"n_estimators": 31, "max_depth": 23, "learning_rate": 0.15, "random_state": 32}}
{"target": 22.03584217866262, "params": {"n_estimators": 801, "max_depth": 21, "learning_rate": 0.15, "random_state": 32}}
{"target": 22.035860409736635, "params": {"n_estimators": 3954, "max_depth": 3, "learning_rate": 0.15, "random_state": 32}}
{"target": 25.288416105906165, "params": {"n_estimators": 11, "max_depth": 21, "learning_rate": 0.15, "random_state": 32}}
{"target": 22.03580919742584, "params": {"n_estimators": 90, "max_depth": 20, "learning_rate": 0.15, "random_state": 32}}
{"target": 22.035841733614607, "params": {"n_estimators": 665, "max_depth": 21, "learning_rate": 0.15, "random_state": 32}}
{"target": 22.035845580101014, "params": {"n_estimators": 933, "max_depth": 20, "learning_rate": 0.15, "random_state": 32}}
{"target": 25.288416105906165, "params": {"n_estimators": 11, "max_depth": 26, "learning_rate": 0.15, "random_state": 32}}
{"target": 22.035837322870893, "params": {"n_estimators": 142, "max_depth": 25, "learning_rate": 0.15, "random_state": 32}}
{"target": 22.035619010925295, "params": {"n_estimators": 44, "max_depth": 23, "learning_rate": 0.15, "random_state": 32}}
{"target": 22.035788192749024, "params": {"n_estimators": 87, "max_depth": 27, "learning_rate": 0.15, "random_state": 32}}
{"target": 22.03575637976329, "params": {"n_estimators": 81, "max_depth": 27, "learning_rate": 0.15, "random_state": 32}}
{"target": 22.03584035078685, "params": {"n_estimators": 3683, "max_depth": 30, "learning_rate": 0.15, "random_state": 32}}
{"target": 22.035576246579488, "params": {"n_estimators": 53, "max_depth": 26, "learning_rate": 0.15, "random_state": 32}}
{"target": 22.035860409736635, "params": {"n_estimators": 4071, "max_depth": 3, "learning_rate": 0.15, "random_state": 32}}
{"target": 22.037306764920555, "params": {"n_estimators": 34, "max_depth": 23, "learning_rate": 0.15, "random_state": 32}}
{"target": 22.035629795392357, "params": {"n_estimators": 57, "max_depth": 23, "learning_rate": 0.15, "random_state": 32}}
{"target": 22.035845580101014, "params": {"n_estimators": 4987, "max_depth": 20, "learning_rate": 0.15, "random_state": 32}}
{"target": 22.036630740165712, "params": {"n_estimators": 1862, "max_depth": 3, "learning_rate": 0.15, "random_state": 32}}
{"target": 22.037306764920555, "params": {"n_estimators": 34, "max_depth": 28, "learning_rate": 0.15, "random_state": 32}}
{"target": 22.03584035078685, "params": {"n_estimators": 938, "max_depth": 26, "learning_rate": 0.15, "random_state": 32}}
{"target": 22.03584217866262, "params": {"n_estimators": 880, "max_depth": 25, "learning_rate": 0.15, "random_state": 32}}
{"target": 22.03584217866262, "params": {"n_estimators": 831, "max_depth": 24, "learning_rate": 0.15, "random_state": 32}}
{"target": 22.03584217866262, "params": {"n_estimators": 826, "max_depth": 26, "learning_rate": 0.15, "random_state": 32}}
{"target": 26.0810078048706, "params": {"n_estimators": 10, "max_depth": 25, "learning_rate": 0.15, "random_state": 32}}
{"target": 22.45101548194885, "params": {"n_estimators": 19, "max_depth": 24, "learning_rate": 0.15, "random_state": 32}}
{"target": 22.035841733614607, "params": {"n_estimators": 657, "max_depth": 26, "learning_rate": 0.15, "random_state": 32}}
{"target": 22.035841733614607, "params": {"n_estimators": 729, "max_depth": 25, "learning_rate": 0.15, "random_state": 32}}
{"target": 22.035133908589682, "params": {"n_estimators": 40, "max_depth": 20, "learning_rate": 0.15, "random_state": 32}}
{"target": 22.035837887128192, "params": {"n_estimators": 161, "max_depth": 27, "learning_rate": 0.15, "random_state": 32}}
{"target": 23.760127271016437, "params": {"n_estimators": 14, "max_depth": 25, "learning_rate": 0.15, "random_state": 32}}
{"target": 22.04394076983134, "params": {"n_estimators": 33, "max_depth": 19, "learning_rate": 0.15, "random_state": 32}}
{"target": 22.035732522010804, "params": {"n_estimators": 69, "max_depth": 24, "learning_rate": 0.15, "random_state": 32}}
{"target": 22.035845580101014, "params": {"n_estimators": 4352, "max_depth": 20, "learning_rate": 0.15, "random_state": 32}}
{"target": 22.035844292640686, "params": {"n_estimators": 198, "max_depth": 20, "learning_rate": 0.15, "random_state": 32}}
{"target": 22.03584848880768, "params": {"n_estimators": 4845, "max_depth": 17, "learning_rate": 0.15, "random_state": 32}}
{"target": 22.0358442290624, "params": {"n_estimators": 226, "max_depth": 20, "learning_rate": 0.15, "random_state": 32}}
{"target": 22.035844221115113, "params": {"n_estimators": 227, "max_depth": 20, "learning_rate": 0.15, "random_state": 32}}
{"target": 22.119041833877567, "params": {"n_estimators": 24, "max_depth": 29, "learning_rate": 0.15, "random_state": 32}}
{"target": 22.035854179064433, "params": {"n_estimators": 909, "max_depth": 19, "learning_rate": 0.15, "random_state": 32}}
{"target": 23.429323819478352, "params": {"n_estimators": 15, "max_depth": 20, "learning_rate": 0.15, "random_state": 32}}
{"target": 22.035847407976785, "params": {"n_estimators": 841, "max_depth": 20, "learning_rate": 0.15, "random_state": 32}}
{"target": 22.035848298072814, "params": {"n_estimators": 804, "max_depth": 17, "learning_rate": 0.15, "random_state": 32}}
{"target": 22.035837672551473, "params": {"n_estimators": 154, "max_depth": 21, "learning_rate": 0.15, "random_state": 32}}
{"target": 22.03584747950236, "params": {"n_estimators": 807, "max_depth": 20, "learning_rate": 0.15, "random_state": 32}}
{"target": 22.035854179064433, "params": {"n_estimators": 1031, "max_depth": 19, "learning_rate": 0.15, "random_state": 32}}
{"target": 22.035741812388103, "params": {"n_estimators": 74, "max_depth": 24, "learning_rate": 0.15, "random_state": 32}}
{"target": 22.45101548194885, "params": {"n_estimators": 19, "max_depth": 22, "learning_rate": 0.15, "random_state": 32}}
{"target": 22.83553890546163, "params": {"n_estimators": 17, "max_depth": 25, "learning_rate": 0.15, "random_state": 32}}
{"target": 22.09920896689097, "params": {"n_estimators": 25, "max_depth": 27, "learning_rate": 0.15, "random_state": 32}}
{"target": 22.08676982720693, "params": {"n_estimators": 26, "max_depth": 25, "learning_rate": 0.15, "random_state": 32}}
{"target": 26.0810078048706, "params": {"n_estimators": 10, "max_depth": 23, "learning_rate": 0.15, "random_state": 32}}
{"target": 22.035695583025618, "params": {"n_estimators": 61, "max_depth": 24, "learning_rate": 0.15, "random_state": 32}}
{"target": 23.111751225789387, "params": {"n_estimators": 16, "max_depth": 21, "learning_rate": 0.15, "random_state": 32}}
{"target": 22.119041833877567, "params": {"n_estimators": 24, "max_depth": 22, "learning_rate": 0.15, "random_state": 32}}
{"target": 22.035837577184044, "params": {"n_estimators": 150, "max_depth": 26, "learning_rate": 0.15, "random_state": 32}}
