{"target": 22.035847225189208, "params": {"n_estimators": 615, "max_depth": 20, "learning_rate": 0.15, "random_state": 32}}
{"target": 22.035847225189208, "params": {"n_estimators": 576, "max_depth": 20, "learning_rate": 0.15, "random_state": 32}}
{"target": 22.0357182486852, "params": {"n_estimators": 63, "max_depth": 22, "learning_rate": 0.15, "random_state": 32}}
{"target": 22.035847407976785, "params": {"n_estimators": 836, "max_depth": 20, "learning_rate": 0.15, "random_state": 32}}
{"target": 22.035841733614607, "params": {"n_estimators": 635, "max_depth": 21, "learning_rate": 0.15, "random_state": 32}}
{"target": 22.035841733614607, "params": {"n_estimators": 581, "max_depth": 21, "learning_rate": 0.15, "random_state": 32}}
{"target": 22.035841733614607, "params": {"n_estimators": 625, "max_depth": 21, "learning_rate": 0.15, "random_state": 32}}
{"target": 22.054089840253194, "params": {"n_estimators": 30, "max_depth": 21, "learning_rate": 0.15, "random_state": 32}}
{"target": 22.076026097933454, "params": {"n_estimators": 27, "max_depth": 23, "learning_rate": 0.15, "random_state": 32}}
{"target": 22.035619010925295, "params": {"n_estimators": 44, "max_depth": 23, "learning_rate": 0.15, "random_state": 32}}
{"target": 22.03569259484609, "params": {"n_estimators": 60, "max_depth": 22, "learning_rate": 0.15, "random_state": 32}}
{"target": 22.035576246579488, "params": {"n_estimators": 53, "max_depth": 22, "learning_rate": 0.15, "random_state": 32}}
{"target": 22.035841733614607, "params": {"n_estimators": 698, "max_depth": 21, "learning_rate": 0.15, "random_state": 32}}
{"target": 22.09920896689097, "params": {"n_estimators": 25, "max_depth": 26, "learning_rate": 0.15, "random_state": 32}}
{"target": 22.035841733614607, "params": {"n_estimators": 527, "max_depth": 23, "learning_rate": 0.15, "random_state": 32}}
{"target": 22.035841733614607, "params": {"n_estimators": 615, "max_depth": 24, "learning_rate": 0.15, "random_state": 32}}
{"target": 22.03587325255076, "params": {"n_estimators": 701, "max_depth": 15, "learning_rate": 0.15, "random_state": 32}}
{"target": 22.119041833877567, "params": {"n_estimators": 24, "max_depth": 20, "learning_rate": 0.15, "random_state": 32}}
{"target": 22.035841733614607, "params": {"n_estimators": 569, "max_depth": 25, "learning_rate": 0.15, "random_state": 32}}
{"target": 23.429323819478352, "params": {"n_estimators": 15, "max_depth": 27, "learning_rate": 0.15, "random_state": 32}}
{"target": 22.03587278366089, "params": {"n_estimators": 823, "max_depth": 15, "learning_rate": 0.15, "random_state": 32}}
{"target": 23.429323819478352, "params": {"n_estimators": 15, "max_depth": 18, "learning_rate": 0.15, "random_state": 32}}
{"target": 22.035841733614607, "params": {"n_estimators": 636, "max_depth": 26, "learning_rate": 0.15, "random_state": 32}}
{"target": 22.035554637908938, "params": {"n_estimators": 50, "max_depth": 25, "learning_rate": 0.15, "random_state": 32}}
{"target": 23.429323819478352, "params": {"n_estimators": 15, "max_depth": 27, "learning_rate": 0.15, "random_state": 32}}
{"target": 22.035841733614607, "params": {"n_estimators": 695, "max_depth": 28, "learning_rate": 0.15, "random_state": 32}}
{"target": 23.429323819478352, "params": {"n_estimators": 15, "max_depth": 23, "learning_rate": 0.15, "random_state": 32}}
{"target": 22.035841733614607, "params": {"n_estimators": 580, "max_depth": 27, "learning_rate": 0.15, "random_state": 32}}
{"target": 24.63246527353922, "params": {"n_estimators": 12, "max_depth": 23, "learning_rate": 0.15, "random_state": 32}}
{"target": 22.035841733614607, "params": {"n_estimators": 485, "max_depth": 25, "learning_rate": 0.15, "random_state": 32}}
{"target": 22.035841733614607, "params": {"n_estimators": 480, "max_depth": 25, "learning_rate": 0.15, "random_state": 32}}
{"target": 22.035841733614607, "params": {"n_estimators": 644, "max_depth": 26, "learning_rate": 0.15, "random_state": 32}}
{"target": 22.035841733614607, "params": {"n_estimators": 584, "max_depth": 23, "learning_rate": 0.15, "random_state": 32}}
{"target": 22.035860409736635, "params": {"n_estimators": 4948, "max_depth": 3, "learning_rate": 0.15, "random_state": 32}}
{"target": 22.035847892761232, "params": {"n_estimators": 500, "max_depth": 18, "learning_rate": 0.15, "random_state": 32}}
{"target": 22.217544433275854, "params": {"n_estimators": 21, "max_depth": 27, "learning_rate": 0.15, "random_state": 32}}
{"target": 22.061360303560896, "params": {"n_estimators": 29, "max_depth": 28, "learning_rate": 0.15, "random_state": 32}}
{"target": 22.03584035078685, "params": {"n_estimators": 1269, "max_depth": 24, "learning_rate": 0.15, "random_state": 32}}
{"target": 22.03584035078685, "params": {"n_estimators": 1393, "max_depth": 23, "learning_rate": 0.15, "random_state": 32}}
{"target": 22.034971748987836, "params": {"n_estimators": 35, "max_depth": 24, "learning_rate": 0.15, "random_state": 32}}
{"target": 22.09920896689097, "params": {"n_estimators": 25, "max_depth": 30, "learning_rate": 0.15, "random_state": 32}}
{"target": 24.17564461390177, "params": {"n_estimators": 13, "max_depth": 25, "learning_rate": 0.15, "random_state": 32}}
{"target": 22.162446320851643, "params": {"n_estimators": 22, "max_depth": 18, "learning_rate": 0.15, "random_state": 32}}
{"target": 22.037306764920555, "params": {"n_estimators": 34, "max_depth": 25, "learning_rate": 0.15, "random_state": 32}}
{"target": 22.047809505462645, "params": {"n_estimators": 31, "max_depth": 20, "learning_rate": 0.15, "random_state": 32}}
{"target": 25.288416105906165, "params": {"n_estimators": 11, "max_depth": 20, "learning_rate": 0.15, "random_state": 32}}
{"target": 22.03569980303447, "params": {"n_estimators": 62, "max_depth": 22, "learning_rate": 0.15, "random_state": 32}}
{"target": 22.034867221514382, "params": {"n_estimators": 47, "max_depth": 14, "learning_rate": 0.15, "random_state": 32}}
{"target": 22.136167647043866, "params": {"n_estimators": 23, "max_depth": 23, "learning_rate": 0.15, "random_state": 32}}
{"target": 22.03584035078685, "params": {"n_estimators": 1169, "max_depth": 24, "learning_rate": 0.15, "random_state": 32}}
{"target": 22.035841733614607, "params": {"n_estimators": 580, "max_depth": 23, "learning_rate": 0.15, "random_state": 32}}
{"target": 22.03584035078685, "params": {"n_estimators": 1340, "max_depth": 24, "learning_rate": 0.15, "random_state": 32}}
{"target": 22.035841733614607, "params": {"n_estimators": 665, "max_depth": 22, "learning_rate": 0.15, "random_state": 32}}
{"target": 22.125796899795535, "params": {"n_estimators": 24, "max_depth": 14, "learning_rate": 0.15, "random_state": 32}}
{"target": 22.03585212071737, "params": {"n_estimators": 420, "max_depth": 14, "learning_rate": 0.15, "random_state": 32}}
{"target": 22.03587155977885, "params": {"n_estimators": 317, "max_depth": 11, "learning_rate": 0.15, "random_state": 32}}
{"target": 22.035856722195945, "params": {"n_estimators": 474, "max_depth": 16, "learning_rate": 0.15, "random_state": 32}}
{"target": 22.035871567726137, "params": {"n_estimators": 197, "max_depth": 11, "learning_rate": 0.15, "random_state": 32}}
{"target": 22.035875986417132, "params": {"n_estimators": 132, "max_depth": 13, "learning_rate": 0.15, "random_state": 32}}
{"target": 22.035865551630657, "params": {"n_estimators": 131, "max_depth": 15, "learning_rate": 0.15, "random_state": 32}}
{"target": 22.03585389296214, "params": {"n_estimators": 184, "max_depth": 16, "learning_rate": 0.15, "random_state": 32}}
{"target": 22.035852200190227, "params": {"n_estimators": 410, "max_depth": 14, "learning_rate": 0.15, "random_state": 32}}
{"target": 22.03588408470154, "params": {"n_estimators": 620, "max_depth": 10, "learning_rate": 0.15, "random_state": 32}}
{"target": 22.076026097933454, "params": {"n_estimators": 27, "max_depth": 26, "learning_rate": 0.15, "random_state": 32}}
{"target": 22.035841733614607, "params": {"n_estimators": 556, "max_depth": 24, "learning_rate": 0.15, "random_state": 32}}
{"target": 22.035855061213176, "params": {"n_estimators": 850, "max_depth": 16, "learning_rate": 0.15, "random_state": 32}}
{"target": 23.760127271016437, "params": {"n_estimators": 14, "max_depth": 25, "learning_rate": 0.15, "random_state": 32}}
{"target": 22.03588408470154, "params": {"n_estimators": 625, "max_depth": 10, "learning_rate": 0.15, "random_state": 32}}
{"target": 22.035853090286256, "params": {"n_estimators": 584, "max_depth": 8, "learning_rate": 0.15, "random_state": 32}}
{"target": 22.035841733614607, "params": {"n_estimators": 527, "max_depth": 25, "learning_rate": 0.15, "random_state": 32}}
{"target": 22.035847892761232, "params": {"n_estimators": 722, "max_depth": 18, "learning_rate": 0.15, "random_state": 32}}
{"target": 22.035841733614607, "params": {"n_estimators": 682, "max_depth": 26, "learning_rate": 0.15, "random_state": 32}}
{"target": 22.035841733614607, "params": {"n_estimators": 716, "max_depth": 27, "learning_rate": 0.15, "random_state": 32}}
{"target": 22.035841733614607, "params": {"n_estimators": 597, "max_depth": 27, "learning_rate": 0.15, "random_state": 32}}
{"target": 22.035841733614607, "params": {"n_estimators": 594, "max_depth": 26, "learning_rate": 0.15, "random_state": 32}}
{"target": 22.035841733614607, "params": {"n_estimators": 612, "max_depth": 27, "learning_rate": 0.15, "random_state": 32}}
{"target": 22.047809505462645, "params": {"n_estimators": 31, "max_depth": 24, "learning_rate": 0.15, "random_state": 32}}
{"target": 22.067989748318993, "params": {"n_estimators": 39, "max_depth": 13, "learning_rate": 0.15, "random_state": 32}}
{"target": 22.035509417851767, "params": {"n_estimators": 42, "max_depth": 17, "learning_rate": 0.15, "random_state": 32}}
{"target": 22.035841733614607, "params": {"n_estimators": 597, "max_depth": 21, "learning_rate": 0.15, "random_state": 32}}
{"target": 22.03557038942973, "params": {"n_estimators": 46, "max_depth": 16, "learning_rate": 0.15, "random_state": 32}}
{"target": 22.08676982720693, "params": {"n_estimators": 26, "max_depth": 24, "learning_rate": 0.15, "random_state": 32}}
{"target": 22.035847225189208, "params": {"n_estimators": 521, "max_depth": 20, "learning_rate": 0.15, "random_state": 32}}
{"target": 22.035841733614607, "params": {"n_estimators": 586, "max_depth": 23, "learning_rate": 0.15, "random_state": 32}}
{"target": 22.054089840253194, "params": {"n_estimators": 30, "max_depth": 24, "learning_rate": 0.15, "random_state": 32}}
{"target": 22.630947901407875, "params": {"n_estimators": 18, "max_depth": 20, "learning_rate": 0.15, "random_state": 32}}
{"target": 22.03557097752889, "params": {"n_estimators": 46, "max_depth": 20, "learning_rate": 0.15, "random_state": 32}}
{"target": 22.035841733614607, "params": {"n_estimators": 663, "max_depth": 22, "learning_rate": 0.15, "random_state": 32}}
{"target": 22.035841733614607, "params": {"n_estimators": 553, "max_depth": 21, "learning_rate": 0.15, "random_state": 32}}
{"target": 22.035847225189208, "params": {"n_estimators": 564, "max_depth": 20, "learning_rate": 0.15, "random_state": 32}}
{"target": 22.03587109088898, "params": {"n_estimators": 3399, "max_depth": 12, "learning_rate": 0.15, "random_state": 32}}
{"target": 22.035741812388103, "params": {"n_estimators": 74, "max_depth": 27, "learning_rate": 0.15, "random_state": 32}}
{"target": 22.035576246579488, "params": {"n_estimators": 53, "max_depth": 28, "learning_rate": 0.15, "random_state": 32}}
{"target": 25.288416105906165, "params": {"n_estimators": 11, "max_depth": 22, "learning_rate": 0.15, "random_state": 32}}
{"target": 22.035711914698282, "params": {"n_estimators": 65, "max_depth": 26, "learning_rate": 0.15, "random_state": 32}}
{"target": 22.162446320851643, "params": {"n_estimators": 22, "max_depth": 24, "learning_rate": 0.15, "random_state": 32}}
{"target": 22.035788192749024, "params": {"n_estimators": 87, "max_depth": 25, "learning_rate": 0.15, "random_state": 32}}
{"target": 22.035841733614607, "params": {"n_estimators": 650, "max_depth": 28, "learning_rate": 0.15, "random_state": 32}}
{"target": 22.03584217866262, "params": {"n_estimators": 767, "max_depth": 23, "learning_rate": 0.15, "random_state": 32}}
{"target": 22.035841733614607, "params": {"n_estimators": 614, "max_depth": 24, "learning_rate": 0.15, "random_state": 32}}
{"target": 22.035841733614607, "params": {"n_estimators": 711, "max_depth": 30, "learning_rate": 0.15, "random_state": 32}}
{"target": 22.03551018079122, "params": {"n_estimators": 42, "max_depth": 24, "learning_rate": 0.15, "random_state": 32}}
{"target": 22.035841733614607, "params": {"n_estimators": 620, "max_depth": 29, "learning_rate": 0.15, "random_state": 32}}
{"target": 22.076026097933454, "params": {"n_estimators": 27, "max_depth": 16, "learning_rate": 0.15, "random_state": 32}}
{"target": 22.047809505462645, "params": {"n_estimators": 31, "max_depth": 26, "learning_rate": 0.15, "random_state": 32}}
{"target": 22.035845580101014, "params": {"n_estimators": 1337, "max_depth": 20, "learning_rate": 0.15, "random_state": 32}}
{"target": 22.03584035078685, "params": {"n_estimators": 2717, "max_depth": 21, "learning_rate": 0.15, "random_state": 32}}
{"target": 22.035841733614607, "params": {"n_estimators": 644, "max_depth": 28, "learning_rate": 0.15, "random_state": 32}}
{"target": 22.136167647043866, "params": {"n_estimators": 23, "max_depth": 29, "learning_rate": 0.15, "random_state": 32}}
{"target": 22.035847892761232, "params": {"n_estimators": 672, "max_depth": 18, "learning_rate": 0.15, "random_state": 32}}
{"target": 22.035854179064433, "params": {"n_estimators": 2446, "max_depth": 19, "learning_rate": 0.15, "random_state": 32}}
{"target": 22.035841733614607, "params": {"n_estimators": 523, "max_depth": 25, "learning_rate": 0.15, "random_state": 32}}
{"target": 22.035841733614607, "params": {"n_estimators": 649, "max_depth": 23, "learning_rate": 0.15, "random_state": 32}}
{"target": 22.035847892761232, "params": {"n_estimators": 1244, "max_depth": 18, "learning_rate": 0.15, "random_state": 32}}
{"target": 22.301476224263507, "params": {"n_estimators": 20, "max_depth": 17, "learning_rate": 0.15, "random_state": 32}}
{"target": 22.035841733614607, "params": {"n_estimators": 520, "max_depth": 23, "learning_rate": 0.15, "random_state": 32}}
{"target": 22.061360303560896, "params": {"n_estimators": 29, "max_depth": 24, "learning_rate": 0.15, "random_state": 32}}
{"target": 22.03569036960602, "params": {"n_estimators": 59, "max_depth": 22, "learning_rate": 0.15, "random_state": 32}}
{"target": 25.288416105906165, "params": {"n_estimators": 11, "max_depth": 29, "learning_rate": 0.15, "random_state": 32}}
{"target": 22.08676982720693, "params": {"n_estimators": 26, "max_depth": 25, "learning_rate": 0.15, "random_state": 32}}
{"target": 22.09920896689097, "params": {"n_estimators": 25, "max_depth": 22, "learning_rate": 0.15, "random_state": 32}}
{"target": 22.45101548194885, "params": {"n_estimators": 19, "max_depth": 28, "learning_rate": 0.15, "random_state": 32}}
{"target": 22.035714116096496, "params": {"n_estimators": 66, "max_depth": 20, "learning_rate": 0.15, "random_state": 32}}
{"target": 22.06674558321635, "params": {"n_estimators": 28, "max_depth": 27, "learning_rate": 0.15, "random_state": 32}}
{"target": 22.035841733614607, "params": {"n_estimators": 545, "max_depth": 24, "learning_rate": 0.15, "random_state": 32}}
{"target": 22.035841733614607, "params": {"n_estimators": 504, "max_depth": 22, "learning_rate": 0.15, "random_state": 32}}
{"target": 26.0810078048706, "params": {"n_estimators": 10, "max_depth": 20, "learning_rate": 0.15, "random_state": 32}}
{"target": 23.111751225789387, "params": {"n_estimators": 16, "max_depth": 23, "learning_rate": 0.15, "random_state": 32}}
{"target": 22.03584035078685, "params": {"n_estimators": 3100, "max_depth": 21, "learning_rate": 0.15, "random_state": 32}}
{"target": 22.035841733614607, "params": {"n_estimators": 490, "max_depth": 21, "learning_rate": 0.15, "random_state": 32}}
{"target": 22.035847892761232, "params": {"n_estimators": 598, "max_depth": 18, "learning_rate": 0.15, "random_state": 32}}
{"target": 22.035841733614607, "params": {"n_estimators": 639, "max_depth": 27, "learning_rate": 0.15, "random_state": 32}}
{"target": 22.035841733614607, "params": {"n_estimators": 596, "max_depth": 27, "learning_rate": 0.15, "random_state": 32}}
{"target": 22.035847892761232, "params": {"n_estimators": 729, "max_depth": 18, "learning_rate": 0.15, "random_state": 32}}
{"target": 22.03584035078685, "params": {"n_estimators": 1240, "max_depth": 27, "learning_rate": 0.15, "random_state": 32}}
{"target": 22.45101548194885, "params": {"n_estimators": 19, "max_depth": 23, "learning_rate": 0.15, "random_state": 32}}
{"target": 23.429323819478352, "params": {"n_estimators": 15, "max_depth": 18, "learning_rate": 0.15, "random_state": 32}}
{"target": 22.035841733614607, "params": {"n_estimators": 724, "max_depth": 28, "learning_rate": 0.15, "random_state": 32}}
{"target": 22.035841733614607, "params": {"n_estimators": 528, "max_depth": 27, "learning_rate": 0.15, "random_state": 32}}
{"target": 22.035841733614607, "params": {"n_estimators": 576, "max_depth": 26, "learning_rate": 0.15, "random_state": 32}}
{"target": 22.035841733614607, "params": {"n_estimators": 544, "max_depth": 26, "learning_rate": 0.15, "random_state": 32}}
{"target": 22.035841733614607, "params": {"n_estimators": 555, "max_depth": 23, "learning_rate": 0.15, "random_state": 32}}
{"target": 22.08676982720693, "params": {"n_estimators": 26, "max_depth": 28, "learning_rate": 0.15, "random_state": 32}}
{"target": 22.035134313901267, "params": {"n_estimators": 41, "max_depth": 23, "learning_rate": 0.15, "random_state": 32}}
{"target": 24.17564461390177, "params": {"n_estimators": 13, "max_depth": 24, "learning_rate": 0.15, "random_state": 32}}
{"target": 22.035841733614607, "params": {"n_estimators": 548, "max_depth": 25, "learning_rate": 0.15, "random_state": 32}}
{"target": 24.63246527353922, "params": {"n_estimators": 12, "max_depth": 22, "learning_rate": 0.15, "random_state": 32}}
{"target": 25.288416105906165, "params": {"n_estimators": 11, "max_depth": 23, "learning_rate": 0.15, "random_state": 32}}
{"target": 22.630947901407875, "params": {"n_estimators": 18, "max_depth": 25, "learning_rate": 0.15, "random_state": 32}}
{"target": 22.45101548194885, "params": {"n_estimators": 19, "max_depth": 27, "learning_rate": 0.15, "random_state": 32}}
{"target": 22.035133908589682, "params": {"n_estimators": 40, "max_depth": 23, "learning_rate": 0.15, "random_state": 32}}
{"target": 22.034135239919028, "params": {"n_estimators": 37, "max_depth": 26, "learning_rate": 0.15, "random_state": 32}}
{"target": 22.037306764920555, "params": {"n_estimators": 34, "max_depth": 17, "learning_rate": 0.15, "random_state": 32}}
{"target": 22.035841733614607, "params": {"n_estimators": 584, "max_depth": 25, "learning_rate": 0.15, "random_state": 32}}
{"target": 22.035841733614607, "params": {"n_estimators": 546, "max_depth": 22, "learning_rate": 0.15, "random_state": 32}}
{"target": 22.035850936571755, "params": {"n_estimators": 553, "max_depth": 19, "learning_rate": 0.15, "random_state": 32}}
{"target": 22.035847892761232, "params": {"n_estimators": 510, "max_depth": 18, "learning_rate": 0.15, "random_state": 32}}
{"target": 22.035847225189208, "params": {"n_estimators": 583, "max_depth": 20, "learning_rate": 0.15, "random_state": 32}}
{"target": 22.03585398832957, "params": {"n_estimators": 644, "max_depth": 19, "learning_rate": 0.15, "random_state": 32}}
{"target": 22.034941754341126, "params": {"n_estimators": 39, "max_depth": 19, "learning_rate": 0.15, "random_state": 32}}
{"target": 22.035841733614607, "params": {"n_estimators": 644, "max_depth": 21, "learning_rate": 0.15, "random_state": 32}}
{"target": 22.035847225189208, "params": {"n_estimators": 568, "max_depth": 20, "learning_rate": 0.15, "random_state": 32}}
{"target": 22.035847225189208, "params": {"n_estimators": 505, "max_depth": 20, "learning_rate": 0.15, "random_state": 32}}
{"target": 22.035852073033652, "params": {"n_estimators": 868, "max_depth": 14, "learning_rate": 0.15, "random_state": 32}}
{"target": 22.035873379707336, "params": {"n_estimators": 685, "max_depth": 15, "learning_rate": 0.15, "random_state": 32}}
{"target": 22.03574554761251, "params": {"n_estimators": 45, "max_depth": 17, "learning_rate": 0.15, "random_state": 32}}
{"target": 22.035856722195945, "params": {"n_estimators": 345, "max_depth": 16, "learning_rate": 0.15, "random_state": 32}}
{"target": 22.047809505462645, "params": {"n_estimators": 31, "max_depth": 18, "learning_rate": 0.15, "random_state": 32}}
{"target": 22.03585633277893, "params": {"n_estimators": 1467, "max_depth": 8, "learning_rate": 0.15, "random_state": 32}}
{"target": 22.03584361712138, "params": {"n_estimators": 165, "max_depth": 18, "learning_rate": 0.15, "random_state": 32}}
{"target": 22.035855124791464, "params": {"n_estimators": 983, "max_depth": 16, "learning_rate": 0.15, "random_state": 32}}
{"target": 22.03584457874298, "params": {"n_estimators": 110, "max_depth": 19, "learning_rate": 0.15, "random_state": 32}}
{"target": 22.035827039082847, "params": {"n_estimators": 94, "max_depth": 19, "learning_rate": 0.15, "random_state": 32}}
{"target": 22.035711914698282, "params": {"n_estimators": 65, "max_depth": 19, "learning_rate": 0.15, "random_state": 32}}
{"target": 22.03584276676178, "params": {"n_estimators": 166, "max_depth": 20, "learning_rate": 0.15, "random_state": 32}}
{"target": 22.03576724370321, "params": {"n_estimators": 82, "max_depth": 20, "learning_rate": 0.15, "random_state": 32}}
{"target": 22.035856650670368, "params": {"n_estimators": 176, "max_depth": 13, "learning_rate": 0.15, "random_state": 32}}
{"target": 22.035845580101014, "params": {"n_estimators": 1277, "max_depth": 20, "learning_rate": 0.15, "random_state": 32}}
