{"target": 22.035841733614607, "params": {"n_estimators": 473, "max_depth": 30, "learning_rate": 0.15, "random_state": 32}}
{"target": 22.035576246579488, "params": {"n_estimators": 53, "max_depth": 29, "learning_rate": 0.15, "random_state": 32}}
{"target": 22.035841733614607, "params": {"n_estimators": 414, "max_depth": 30, "learning_rate": 0.15, "random_state": 32}}
{"target": 22.162446320851643, "params": {"n_estimators": 22, "max_depth": 27, "learning_rate": 0.15, "random_state": 32}}
{"target": 22.034971748987836, "params": {"n_estimators": 35, "max_depth": 27, "learning_rate": 0.15, "random_state": 32}}
{"target": 22.035837982495625, "params": {"n_estimators": 164, "max_depth": 30, "learning_rate": 0.15, "random_state": 32}}
{"target": 22.035841733614607, "params": {"n_estimators": 428, "max_depth": 30, "learning_rate": 0.15, "random_state": 32}}
{"target": 22.035841733614607, "params": {"n_estimators": 716, "max_depth": 28, "learning_rate": 0.15, "random_state": 32}}
{"target": 22.08676982720693, "params": {"n_estimators": 26, "max_depth": 25, "learning_rate": 0.15, "random_state": 32}}
{"target": 22.037306764920555, "params": {"n_estimators": 34, "max_depth": 29, "learning_rate": 0.15, "random_state": 32}}
{"target": 22.03556056658427, "params": {"n_estimators": 47, "max_depth": 28, "learning_rate": 0.15, "random_state": 32}}
{"target": 22.03584217866262, "params": {"n_estimators": 742, "max_depth": 26, "learning_rate": 0.15, "random_state": 32}}
{"target": 24.17564461390177, "params": {"n_estimators": 13, "max_depth": 28, "learning_rate": 0.15, "random_state": 32}}
{"target": 22.06674558321635, "params": {"n_estimators": 28, "max_depth": 25, "learning_rate": 0.15, "random_state": 32}}
{"target": 22.034135239919028, "params": {"n_estimators": 37, "max_depth": 26, "learning_rate": 0.15, "random_state": 32}}
{"target": 22.136167647043866, "params": {"n_estimators": 23, "max_depth": 30, "learning_rate": 0.15, "random_state": 32}}
{"target": 22.035841852823893, "params": {"n_estimators": 135, "max_depth": 30, "learning_rate": 0.15, "random_state": 32}}
{"target": 22.035841733614607, "params": {"n_estimators": 443, "max_depth": 25, "learning_rate": 0.15, "random_state": 32}}
{"target": 22.035272850990296, "params": {"n_estimators": 43, "max_depth": 26, "learning_rate": 0.15, "random_state": 32}}
{"target": 22.035841733614607, "params": {"n_estimators": 578, "max_depth": 25, "learning_rate": 0.15, "random_state": 32}}
{"target": 22.035841733614607, "params": {"n_estimators": 611, "max_depth": 25, "learning_rate": 0.15, "random_state": 32}}
{"target": 22.035841733614607, "params": {"n_estimators": 570, "max_depth": 26, "learning_rate": 0.15, "random_state": 32}}
{"target": 22.035841733614607, "params": {"n_estimators": 481, "max_depth": 26, "learning_rate": 0.15, "random_state": 32}}
{"target": 22.035841733614607, "params": {"n_estimators": 594, "max_depth": 25, "learning_rate": 0.15, "random_state": 32}}
{"target": 24.17564461390177, "params": {"n_estimators": 13, "max_depth": 24, "learning_rate": 0.15, "random_state": 32}}
{"target": 22.119041833877567, "params": {"n_estimators": 24, "max_depth": 24, "learning_rate": 0.15, "random_state": 32}}
{"target": 22.035841733614607, "params": {"n_estimators": 618, "max_depth": 25, "learning_rate": 0.15, "random_state": 32}}
{"target": 22.035841733614607, "params": {"n_estimators": 615, "max_depth": 26, "learning_rate": 0.15, "random_state": 32}}
{"target": 22.035841733614607, "params": {"n_estimators": 579, "max_depth": 25, "learning_rate": 0.15, "random_state": 32}}
{"target": 22.03576724370321, "params": {"n_estimators": 82, "max_depth": 26, "learning_rate": 0.15, "random_state": 32}}
{"target": 22.035841733614607, "params": {"n_estimators": 613, "max_depth": 25, "learning_rate": 0.15, "random_state": 32}}
{"target": 22.035758152008057, "params": {"n_estimators": 80, "max_depth": 24, "learning_rate": 0.15, "random_state": 32}}
{"target": 22.035688501993818, "params": {"n_estimators": 58, "max_depth": 25, "learning_rate": 0.15, "random_state": 32}}
{"target": 22.03581827322642, "params": {"n_estimators": 94, "max_depth": 26, "learning_rate": 0.15, "random_state": 32}}
{"target": 22.035749044418335, "params": {"n_estimators": 72, "max_depth": 27, "learning_rate": 0.15, "random_state": 32}}
{"target": 24.17564461390177, "params": {"n_estimators": 13, "max_depth": 26, "learning_rate": 0.15, "random_state": 32}}
{"target": 22.035751190185547, "params": {"n_estimators": 78, "max_depth": 24, "learning_rate": 0.15, "random_state": 32}}
{"target": 22.630947901407875, "params": {"n_estimators": 18, "max_depth": 22, "learning_rate": 0.15, "random_state": 32}}
{"target": 22.035794161160787, "params": {"n_estimators": 88, "max_depth": 25, "learning_rate": 0.15, "random_state": 32}}
{"target": 22.03445998191834, "params": {"n_estimators": 36, "max_depth": 24, "learning_rate": 0.15, "random_state": 32}}
{"target": 22.03557097752889, "params": {"n_estimators": 46, "max_depth": 23, "learning_rate": 0.15, "random_state": 32}}
{"target": 23.429323819478352, "params": {"n_estimators": 15, "max_depth": 26, "learning_rate": 0.15, "random_state": 32}}
{"target": 22.03581827322642, "params": {"n_estimators": 94, "max_depth": 27, "learning_rate": 0.15, "random_state": 32}}
{"target": 22.03574219385783, "params": {"n_estimators": 75, "max_depth": 27, "learning_rate": 0.15, "random_state": 32}}
{"target": 22.03584035078685, "params": {"n_estimators": 1697, "max_depth": 29, "learning_rate": 0.15, "random_state": 32}}
{"target": 22.035847892761232, "params": {"n_estimators": 496, "max_depth": 18, "learning_rate": 0.15, "random_state": 32}}
{"target": 22.03584035078685, "params": {"n_estimators": 1342, "max_depth": 28, "learning_rate": 0.15, "random_state": 32}}
{"target": 22.03584035078685, "params": {"n_estimators": 1369, "max_depth": 29, "learning_rate": 0.15, "random_state": 32}}
{"target": 22.03584035078685, "params": {"n_estimators": 1450, "max_depth": 28, "learning_rate": 0.15, "random_state": 32}}
{"target": 22.035841733614607, "params": {"n_estimators": 490, "max_depth": 21, "learning_rate": 0.15, "random_state": 32}}
{"target": 22.03584035078685, "params": {"n_estimators": 1794, "max_depth": 28, "learning_rate": 0.15, "random_state": 32}}
{"target": 22.035841733614607, "params": {"n_estimators": 531, "max_depth": 23, "learning_rate": 0.15, "random_state": 32}}
{"target": 22.035854179064433, "params": {"n_estimators": 748, "max_depth": 19, "learning_rate": 0.15, "random_state": 32}}
{"target": 22.03584217866262, "params": {"n_estimators": 880, "max_depth": 21, "learning_rate": 0.15, "random_state": 32}}
{"target": 24.63246527353922, "params": {"n_estimators": 12, "max_depth": 23, "learning_rate": 0.15, "random_state": 32}}
{"target": 22.035841733614607, "params": {"n_estimators": 558, "max_depth": 21, "learning_rate": 0.15, "random_state": 32}}
{"target": 22.035841987927757, "params": {"n_estimators": 737, "max_depth": 22, "learning_rate": 0.15, "random_state": 32}}
{"target": 22.035841733614607, "params": {"n_estimators": 705, "max_depth": 23, "learning_rate": 0.15, "random_state": 32}}
{"target": 22.035590019226074, "params": {"n_estimators": 45, "max_depth": 25, "learning_rate": 0.15, "random_state": 32}}
{"target": 22.035846486091614, "params": {"n_estimators": 728, "max_depth": 20, "learning_rate": 0.15, "random_state": 32}}
{"target": 22.035841733614607, "params": {"n_estimators": 711, "max_depth": 27, "learning_rate": 0.15, "random_state": 32}}
{"target": 22.035841733614607, "params": {"n_estimators": 596, "max_depth": 27, "learning_rate": 0.15, "random_state": 32}}
{"target": 22.03584217866262, "params": {"n_estimators": 782, "max_depth": 27, "learning_rate": 0.15, "random_state": 32}}
{"target": 22.136167647043866, "params": {"n_estimators": 23, "max_depth": 21, "learning_rate": 0.15, "random_state": 32}}
{"target": 22.035817089080812, "params": {"n_estimators": 91, "max_depth": 17, "learning_rate": 0.15, "random_state": 32}}
{"target": 22.035852422714235, "params": {"n_estimators": 1754, "max_depth": 14, "learning_rate": 0.15, "random_state": 32}}
{"target": 22.136167647043866, "params": {"n_estimators": 23, "max_depth": 27, "learning_rate": 0.15, "random_state": 32}}
{"target": 22.035843529701232, "params": {"n_estimators": 103, "max_depth": 19, "learning_rate": 0.15, "random_state": 32}}
{"target": 22.035841733614607, "params": {"n_estimators": 571, "max_depth": 27, "learning_rate": 0.15, "random_state": 32}}
{"target": 22.03551018079122, "params": {"n_estimators": 42, "max_depth": 30, "learning_rate": 0.15, "random_state": 32}}
{"target": 22.076026097933454, "params": {"n_estimators": 27, "max_depth": 25, "learning_rate": 0.15, "random_state": 32}}
{"target": 22.035619010925295, "params": {"n_estimators": 44, "max_depth": 27, "learning_rate": 0.15, "random_state": 32}}
{"target": 22.301476224263507, "params": {"n_estimators": 20, "max_depth": 18, "learning_rate": 0.15, "random_state": 32}}
{"target": 22.035809960365295, "params": {"n_estimators": 90, "max_depth": 27, "learning_rate": 0.15, "random_state": 32}}
{"target": 22.035873133341475, "params": {"n_estimators": 1755, "max_depth": 15, "learning_rate": 0.15, "random_state": 32}}
{"target": 22.042441736857096, "params": {"n_estimators": 32, "max_depth": 24, "learning_rate": 0.15, "random_state": 32}}
{"target": 22.038998697598778, "params": {"n_estimators": 1232, "max_depth": 3, "learning_rate": 0.15, "random_state": 32}}
{"target": 24.17564461390177, "params": {"n_estimators": 13, "max_depth": 24, "learning_rate": 0.15, "random_state": 32}}
{"target": 23.429323819478352, "params": {"n_estimators": 15, "max_depth": 21, "learning_rate": 0.15, "random_state": 32}}
{"target": 22.035841733614607, "params": {"n_estimators": 466, "max_depth": 25, "learning_rate": 0.15, "random_state": 32}}
{"target": 22.217544433275854, "params": {"n_estimators": 21, "max_depth": 27, "learning_rate": 0.15, "random_state": 32}}
{"target": 22.035841733614607, "params": {"n_estimators": 690, "max_depth": 24, "learning_rate": 0.15, "random_state": 32}}
{"target": 22.03584217866262, "params": {"n_estimators": 751, "max_depth": 26, "learning_rate": 0.15, "random_state": 32}}
{"target": 22.035841733614607, "params": {"n_estimators": 643, "max_depth": 27, "learning_rate": 0.15, "random_state": 32}}
{"target": 22.035841733614607, "params": {"n_estimators": 713, "max_depth": 27, "learning_rate": 0.15, "random_state": 32}}
{"target": 22.06674558321635, "params": {"n_estimators": 28, "max_depth": 19, "learning_rate": 0.15, "random_state": 32}}
{"target": 22.035554637908938, "params": {"n_estimators": 50, "max_depth": 20, "learning_rate": 0.15, "random_state": 32}}
{"target": 24.17564461390177, "params": {"n_estimators": 13, "max_depth": 22, "learning_rate": 0.15, "random_state": 32}}
{"target": 22.035560987790426, "params": {"n_estimators": 51, "max_depth": 28, "learning_rate": 0.15, "random_state": 32}}
{"target": 22.035841733614607, "params": {"n_estimators": 620, "max_depth": 28, "learning_rate": 0.15, "random_state": 32}}
{"target": 22.03585633277893, "params": {"n_estimators": 4837, "max_depth": 8, "learning_rate": 0.15, "random_state": 32}}
{"target": 22.047809505462645, "params": {"n_estimators": 31, "max_depth": 24, "learning_rate": 0.15, "random_state": 32}}
{"target": 22.035861132939655, "params": {"n_estimators": 2791, "max_depth": 3, "learning_rate": 0.15, "random_state": 32}}
{"target": 22.035871718724568, "params": {"n_estimators": 299, "max_depth": 12, "learning_rate": 0.15, "random_state": 32}}
{"target": 22.035841733614607, "params": {"n_estimators": 658, "max_depth": 24, "learning_rate": 0.15, "random_state": 32}}
{"target": 25.288416105906165, "params": {"n_estimators": 11, "max_depth": 15, "learning_rate": 0.15, "random_state": 32}}
{"target": 22.035841733614607, "params": {"n_estimators": 652, "max_depth": 22, "learning_rate": 0.15, "random_state": 32}}
{"target": 26.0810078048706, "params": {"n_estimators": 10, "max_depth": 25, "learning_rate": 0.15, "random_state": 32}}
{"target": 22.035841733614607, "params": {"n_estimators": 651, "max_depth": 23, "learning_rate": 0.15, "random_state": 32}}
{"target": 22.03606568813324, "params": {"n_estimators": 80, "max_depth": 14, "learning_rate": 0.15, "random_state": 32}}
{"target": 22.076026097933454, "params": {"n_estimators": 27, "max_depth": 22, "learning_rate": 0.15, "random_state": 32}}
{"target": 25.288416105906165, "params": {"n_estimators": 11, "max_depth": 27, "learning_rate": 0.15, "random_state": 32}}
{"target": 22.035554637908938, "params": {"n_estimators": 50, "max_depth": 30, "learning_rate": 0.15, "random_state": 32}}
{"target": 24.63246527353922, "params": {"n_estimators": 12, "max_depth": 29, "learning_rate": 0.15, "random_state": 32}}
{"target": 22.035841733614607, "params": {"n_estimators": 684, "max_depth": 23, "learning_rate": 0.15, "random_state": 32}}
{"target": 22.03584035078685, "params": {"n_estimators": 1167, "max_depth": 23, "learning_rate": 0.15, "random_state": 32}}
{"target": 22.03588228066762, "params": {"n_estimators": 4608, "max_depth": 7, "learning_rate": 0.15, "random_state": 32}}
{"target": 22.035841733614607, "params": {"n_estimators": 594, "max_depth": 30, "learning_rate": 0.15, "random_state": 32}}
{"target": 22.035841733614607, "params": {"n_estimators": 650, "max_depth": 24, "learning_rate": 0.15, "random_state": 32}}
{"target": 22.03584035078685, "params": {"n_estimators": 1385, "max_depth": 22, "learning_rate": 0.15, "random_state": 32}}
{"target": 22.035841733614607, "params": {"n_estimators": 733, "max_depth": 28, "learning_rate": 0.15, "random_state": 32}}
{"target": 22.035560987790426, "params": {"n_estimators": 51, "max_depth": 26, "learning_rate": 0.15, "random_state": 32}}
{"target": 22.03584217866262, "params": {"n_estimators": 807, "max_depth": 30, "learning_rate": 0.15, "random_state": 32}}
{"target": 22.035841733614607, "params": {"n_estimators": 589, "max_depth": 27, "learning_rate": 0.15, "random_state": 32}}
{"target": 22.034941754341126, "params": {"n_estimators": 39, "max_depth": 22, "learning_rate": 0.15, "random_state": 32}}
{"target": 22.054089840253194, "params": {"n_estimators": 30, "max_depth": 25, "learning_rate": 0.15, "random_state": 32}}
{"target": 22.035841733614607, "params": {"n_estimators": 631, "max_depth": 26, "learning_rate": 0.15, "random_state": 32}}
{"target": 22.035751190185547, "params": {"n_estimators": 78, "max_depth": 24, "learning_rate": 0.15, "random_state": 32}}
{"target": 24.17564461390177, "params": {"n_estimators": 13, "max_depth": 20, "learning_rate": 0.15, "random_state": 32}}
{"target": 22.035841733614607, "params": {"n_estimators": 608, "max_depth": 27, "learning_rate": 0.15, "random_state": 32}}
{"target": 23.760127271016437, "params": {"n_estimators": 14, "max_depth": 18, "learning_rate": 0.15, "random_state": 32}}
{"target": 22.035854179064433, "params": {"n_estimators": 744, "max_depth": 19, "learning_rate": 0.15, "random_state": 32}}
{"target": 25.288416105906165, "params": {"n_estimators": 11, "max_depth": 24, "learning_rate": 0.15, "random_state": 32}}
{"target": 22.035847225189208, "params": {"n_estimators": 477, "max_depth": 20, "learning_rate": 0.15, "random_state": 32}}
{"target": 22.035847892761232, "params": {"n_estimators": 718, "max_depth": 18, "learning_rate": 0.15, "random_state": 32}}
{"target": 22.035847225189208, "params": {"n_estimators": 607, "max_depth": 20, "learning_rate": 0.15, "random_state": 32}}
{"target": 22.035847892761232, "params": {"n_estimators": 521, "max_depth": 18, "learning_rate": 0.15, "random_state": 32}}
{"target": 22.035841733614607, "params": {"n_estimators": 409, "max_depth": 22, "learning_rate": 0.15, "random_state": 32}}
{"target": 22.03584710597992, "params": {"n_estimators": 650, "max_depth": 20, "learning_rate": 0.15, "random_state": 32}}
{"target": 22.035841733614607, "params": {"n_estimators": 554, "max_depth": 22, "learning_rate": 0.15, "random_state": 32}}
{"target": 22.217544433275854, "params": {"n_estimators": 21, "max_depth": 20, "learning_rate": 0.15, "random_state": 32}}
{"target": 22.037306764920555, "params": {"n_estimators": 34, "max_depth": 23, "learning_rate": 0.15, "random_state": 32}}
{"target": 22.035841733614607, "params": {"n_estimators": 645, "max_depth": 23, "learning_rate": 0.15, "random_state": 32}}
{"target": 22.035554200808207, "params": {"n_estimators": 48, "max_depth": 21, "learning_rate": 0.15, "random_state": 32}}
{"target": 22.035841733614607, "params": {"n_estimators": 441, "max_depth": 23, "learning_rate": 0.15, "random_state": 32}}
{"target": 22.035839993158977, "params": {"n_estimators": 118, "max_depth": 23, "learning_rate": 0.15, "random_state": 32}}
{"target": 22.035855379104614, "params": {"n_estimators": 3950, "max_depth": 16, "learning_rate": 0.15, "random_state": 32}}
{"target": 22.217544433275854, "params": {"n_estimators": 21, "max_depth": 25, "learning_rate": 0.15, "random_state": 32}}
{"target": 22.035841733614607, "params": {"n_estimators": 460, "max_depth": 22, "learning_rate": 0.15, "random_state": 32}}
{"target": 22.035841733614607, "params": {"n_estimators": 574, "max_depth": 24, "learning_rate": 0.15, "random_state": 32}}
{"target": 22.035759328206378, "params": {"n_estimators": 79, "max_depth": 23, "learning_rate": 0.15, "random_state": 32}}
{"target": 22.034971748987836, "params": {"n_estimators": 35, "max_depth": 21, "learning_rate": 0.15, "random_state": 32}}
{"target": 22.035629795392357, "params": {"n_estimators": 57, "max_depth": 23, "learning_rate": 0.15, "random_state": 32}}
{"target": 22.03584023952484, "params": {"n_estimators": 111, "max_depth": 26, "learning_rate": 0.15, "random_state": 32}}
{"target": 22.047809505462645, "params": {"n_estimators": 31, "max_depth": 27, "learning_rate": 0.15, "random_state": 32}}
{"target": 22.034763107299803, "params": {"n_estimators": 38, "max_depth": 26, "learning_rate": 0.15, "random_state": 32}}
{"target": 22.035759328206378, "params": {"n_estimators": 79, "max_depth": 23, "learning_rate": 0.15, "random_state": 32}}
{"target": 22.035841733614607, "params": {"n_estimators": 608, "max_depth": 24, "learning_rate": 0.15, "random_state": 32}}
{"target": 22.061360303560896, "params": {"n_estimators": 29, "max_depth": 22, "learning_rate": 0.15, "random_state": 32}}
{"target": 22.03584348201752, "params": {"n_estimators": 315, "max_depth": 17, "learning_rate": 0.15, "random_state": 32}}
{"target": 22.035844841003417, "params": {"n_estimators": 446, "max_depth": 18, "learning_rate": 0.15, "random_state": 32}}
{"target": 22.035749457677205, "params": {"n_estimators": 72, "max_depth": 18, "learning_rate": 0.15, "random_state": 32}}
{"target": 22.03573079744975, "params": {"n_estimators": 68, "max_depth": 19, "learning_rate": 0.15, "random_state": 32}}
{"target": 22.83553890546163, "params": {"n_estimators": 17, "max_depth": 28, "learning_rate": 0.15, "random_state": 32}}
{"target": 22.301476224263507, "params": {"n_estimators": 20, "max_depth": 20, "learning_rate": 0.15, "random_state": 32}}
{"target": 22.035863270759585, "params": {"n_estimators": 5000, "max_depth": 13, "learning_rate": 0.15, "random_state": 32}}
{"target": 22.03584035078685, "params": {"n_estimators": 2782, "max_depth": 28, "learning_rate": 0.15, "random_state": 32}}
{"target": 22.035841733614607, "params": {"n_estimators": 599, "max_depth": 27, "learning_rate": 0.15, "random_state": 32}}
{"target": 22.217544433275854, "params": {"n_estimators": 21, "max_depth": 27, "learning_rate": 0.15, "random_state": 32}}
{"target": 22.037306764920555, "params": {"n_estimators": 34, "max_depth": 25, "learning_rate": 0.15, "random_state": 32}}
{"target": 22.03588228066762, "params": {"n_estimators": 2122, "max_depth": 7, "learning_rate": 0.15, "random_state": 32}}
{"target": 22.03584035078685, "params": {"n_estimators": 977, "max_depth": 25, "learning_rate": 0.15, "random_state": 32}}
{"target": 22.09920896689097, "params": {"n_estimators": 25, "max_depth": 27, "learning_rate": 0.15, "random_state": 32}}
{"target": 22.03584035078685, "params": {"n_estimators": 4925, "max_depth": 29, "learning_rate": 0.15, "random_state": 32}}
{"target": 22.035841733614607, "params": {"n_estimators": 563, "max_depth": 26, "learning_rate": 0.15, "random_state": 32}}
{"target": 23.111751225789387, "params": {"n_estimators": 16, "max_depth": 20, "learning_rate": 0.15, "random_state": 32}}
{"target": 22.035134313901267, "params": {"n_estimators": 41, "max_depth": 21, "learning_rate": 0.15, "random_state": 32}}
{"target": 22.035854179064433, "params": {"n_estimators": 1422, "max_depth": 19, "learning_rate": 0.15, "random_state": 32}}
{"target": 22.03584217866262, "params": {"n_estimators": 758, "max_depth": 26, "learning_rate": 0.15, "random_state": 32}}
{"target": 22.035841733614607, "params": {"n_estimators": 708, "max_depth": 25, "learning_rate": 0.15, "random_state": 32}}
{"target": 22.09920896689097, "params": {"n_estimators": 25, "max_depth": 16, "learning_rate": 0.15, "random_state": 32}}
{"target": 22.301476224263507, "params": {"n_estimators": 20, "max_depth": 18, "learning_rate": 0.15, "random_state": 32}}
{"target": 22.035861744880677, "params": {"n_estimators": 981, "max_depth": 13, "learning_rate": 0.15, "random_state": 32}}
{"target": 22.035729207992553, "params": {"n_estimators": 67, "max_depth": 18, "learning_rate": 0.15, "random_state": 32}}
{"target": 25.288416105906165, "params": {"n_estimators": 11, "max_depth": 22, "learning_rate": 0.15, "random_state": 32}}
{"target": 22.035841733614607, "params": {"n_estimators": 709, "max_depth": 24, "learning_rate": 0.15, "random_state": 32}}
{"target": 22.03585398832957, "params": {"n_estimators": 629, "max_depth": 19, "learning_rate": 0.15, "random_state": 32}}
{"target": 22.035735637346907, "params": {"n_estimators": 71, "max_depth": 22, "learning_rate": 0.15, "random_state": 32}}
