{"target": 22.036174947420754, "params": {"n_estimators": 101, "max_depth": 12, "learning_rate": 0.15, "random_state": 32}}
{"target": 24.63246527353922, "params": {"n_estimators": 12, "max_depth": 26, "learning_rate": 0.15, "random_state": 32}}
{"target": 22.035897873242696, "params": {"n_estimators": 3546, "max_depth": 4, "learning_rate": 0.15, "random_state": 32}}
{"target": 22.03584035078685, "params": {"n_estimators": 1072, "max_depth": 22, "learning_rate": 0.15, "random_state": 32}}
{"target": 22.03584035078685, "params": {"n_estimators": 1205, "max_depth": 22, "learning_rate": 0.15, "random_state": 32}}
{"target": 22.03584217866262, "params": {"n_estimators": 767, "max_depth": 23, "learning_rate": 0.15, "random_state": 32}}
{"target": 22.035841733614607, "params": {"n_estimators": 615, "max_depth": 24, "learning_rate": 0.15, "random_state": 32}}
{"target": 22.03584035078685, "params": {"n_estimators": 1145, "max_depth": 23, "learning_rate": 0.15, "random_state": 32}}
{"target": 22.035841733614607, "params": {"n_estimators": 566, "max_depth": 30, "learning_rate": 0.15, "random_state": 32}}
{"target": 22.301476224263507, "params": {"n_estimators": 20, "max_depth": 22, "learning_rate": 0.15, "random_state": 32}}
{"target": 22.035841733614607, "params": {"n_estimators": 669, "max_depth": 23, "learning_rate": 0.15, "random_state": 32}}
{"target": 22.035841733614607, "params": {"n_estimators": 566, "max_depth": 24, "learning_rate": 0.15, "random_state": 32}}
{"target": 22.03554158846537, "params": {"n_estimators": 54, "max_depth": 30, "learning_rate": 0.15, "random_state": 32}}
{"target": 22.03584035078685, "params": {"n_estimators": 1310, "max_depth": 26, "learning_rate": 0.15, "random_state": 32}}
{"target": 22.217544433275854, "params": {"n_estimators": 21, "max_depth": 27, "learning_rate": 0.15, "random_state": 32}}
{"target": 22.16134429772695, "params": {"n_estimators": 26, "max_depth": 13, "learning_rate": 0.15, "random_state": 32}}
{"target": 22.035576246579488, "params": {"n_estimators": 53, "max_depth": 25, "learning_rate": 0.15, "random_state": 32}}
{"target": 22.03584035078685, "params": {"n_estimators": 1328, "max_depth": 26, "learning_rate": 0.15, "random_state": 32}}
{"target": 22.03569036960602, "params": {"n_estimators": 59, "max_depth": 20, "learning_rate": 0.15, "random_state": 32}}
{"target": 23.111751225789387, "params": {"n_estimators": 16, "max_depth": 25, "learning_rate": 0.15, "random_state": 32}}
{"target": 22.035841733614607, "params": {"n_estimators": 520, "max_depth": 23, "learning_rate": 0.15, "random_state": 32}}
{"target": 22.136167647043866, "params": {"n_estimators": 23, "max_depth": 26, "learning_rate": 0.15, "random_state": 32}}
{"target": 22.035554200808207, "params": {"n_estimators": 48, "max_depth": 21, "learning_rate": 0.15, "random_state": 32}}
{"target": 22.035841733614607, "params": {"n_estimators": 526, "max_depth": 23, "learning_rate": 0.15, "random_state": 32}}
{"target": 23.429323819478352, "params": {"n_estimators": 15, "max_depth": 26, "learning_rate": 0.15, "random_state": 32}}
{"target": 22.035847892761232, "params": {"n_estimators": 643, "max_depth": 18, "learning_rate": 0.15, "random_state": 32}}
{"target": 22.061360303560896, "params": {"n_estimators": 29, "max_depth": 20, "learning_rate": 0.15, "random_state": 32}}
{"target": 26.0810078048706, "params": {"n_estimators": 10, "max_depth": 19, "learning_rate": 0.15, "random_state": 32}}
{"target": 22.035834612846376, "params": {"n_estimators": 98, "max_depth": 21, "learning_rate": 0.15, "random_state": 32}}
{"target": 22.035847892761232, "params": {"n_estimators": 614, "max_depth": 18, "learning_rate": 0.15, "random_state": 32}}
{"target": 22.035848139127094, "params": {"n_estimators": 652, "max_depth": 17, "learning_rate": 0.15, "random_state": 32}}
{"target": 22.035841733614607, "params": {"n_estimators": 542, "max_depth": 30, "learning_rate": 0.15, "random_state": 32}}
{"target": 22.83553890546163, "params": {"n_estimators": 17, "max_depth": 16, "learning_rate": 0.15, "random_state": 32}}
{"target": 22.035841733614607, "params": {"n_estimators": 538, "max_depth": 28, "learning_rate": 0.15, "random_state": 32}}
{"target": 22.035841733614607, "params": {"n_estimators": 427, "max_depth": 27, "learning_rate": 0.15, "random_state": 32}}
{"target": 24.63246527353922, "params": {"n_estimators": 12, "max_depth": 21, "learning_rate": 0.15, "random_state": 32}}
{"target": 22.035841733614607, "params": {"n_estimators": 532, "max_depth": 28, "learning_rate": 0.15, "random_state": 32}}
{"target": 22.035841733614607, "params": {"n_estimators": 573, "max_depth": 26, "learning_rate": 0.15, "random_state": 32}}
{"target": 22.035841733614607, "params": {"n_estimators": 532, "max_depth": 30, "learning_rate": 0.15, "random_state": 32}}
{"target": 22.035841733614607, "params": {"n_estimators": 606, "max_depth": 26, "learning_rate": 0.15, "random_state": 32}}
{"target": 22.035841733614607, "params": {"n_estimators": 584, "max_depth": 22, "learning_rate": 0.15, "random_state": 32}}
{"target": 22.119041833877567, "params": {"n_estimators": 24, "max_depth": 27, "learning_rate": 0.15, "random_state": 32}}
{"target": 22.035841733614607, "params": {"n_estimators": 556, "max_depth": 23, "learning_rate": 0.15, "random_state": 32}}
{"target": 22.035841733614607, "params": {"n_estimators": 596, "max_depth": 23, "learning_rate": 0.15, "random_state": 32}}
{"target": 22.035841733614607, "params": {"n_estimators": 506, "max_depth": 22, "learning_rate": 0.15, "random_state": 32}}
{"target": 22.301476224263507, "params": {"n_estimators": 20, "max_depth": 24, "learning_rate": 0.15, "random_state": 32}}
{"target": 22.035841733614607, "params": {"n_estimators": 632, "max_depth": 22, "learning_rate": 0.15, "random_state": 32}}
{"target": 22.630947901407875, "params": {"n_estimators": 18, "max_depth": 19, "learning_rate": 0.15, "random_state": 32}}
{"target": 26.0810078048706, "params": {"n_estimators": 10, "max_depth": 24, "learning_rate": 0.15, "random_state": 32}}
{"target": 22.054089840253194, "params": {"n_estimators": 30, "max_depth": 30, "learning_rate": 0.15, "random_state": 32}}
{"target": 22.035560987790426, "params": {"n_estimators": 51, "max_depth": 24, "learning_rate": 0.15, "random_state": 32}}
{"target": 26.0810078048706, "params": {"n_estimators": 10, "max_depth": 24, "learning_rate": 0.15, "random_state": 32}}
{"target": 22.03551018079122, "params": {"n_estimators": 42, "max_depth": 21, "learning_rate": 0.15, "random_state": 32}}
{"target": 22.035841733614607, "params": {"n_estimators": 557, "max_depth": 24, "learning_rate": 0.15, "random_state": 32}}
{"target": 22.035841733614607, "params": {"n_estimators": 466, "max_depth": 23, "learning_rate": 0.15, "random_state": 32}}
{"target": 24.63246527353922, "params": {"n_estimators": 12, "max_depth": 22, "learning_rate": 0.15, "random_state": 32}}
{"target": 22.630947901407875, "params": {"n_estimators": 18, "max_depth": 16, "learning_rate": 0.15, "random_state": 32}}
{"target": 22.035841733614607, "params": {"n_estimators": 635, "max_depth": 25, "learning_rate": 0.15, "random_state": 32}}
{"target": 24.63246527353922, "params": {"n_estimators": 12, "max_depth": 30, "learning_rate": 0.15, "random_state": 32}}
{"target": 22.03613246122996, "params": {"n_estimators": 87, "max_depth": 15, "learning_rate": 0.15, "random_state": 32}}
{"target": 22.035841733614607, "params": {"n_estimators": 544, "max_depth": 23, "learning_rate": 0.15, "random_state": 32}}
{"target": 22.83553890546163, "params": {"n_estimators": 17, "max_depth": 27, "learning_rate": 0.15, "random_state": 32}}
{"target": 22.035861744880677, "params": {"n_estimators": 738, "max_depth": 13, "learning_rate": 0.15, "random_state": 32}}
{"target": 22.035852073033652, "params": {"n_estimators": 783, "max_depth": 14, "learning_rate": 0.15, "random_state": 32}}
{"target": 22.03584035078685, "params": {"n_estimators": 1205, "max_depth": 30, "learning_rate": 0.15, "random_state": 32}}
{"target": 22.03585398832957, "params": {"n_estimators": 629, "max_depth": 19, "learning_rate": 0.15, "random_state": 32}}
{"target": 22.035854179064433, "params": {"n_estimators": 882, "max_depth": 19, "learning_rate": 0.15, "random_state": 32}}
{"target": 22.035861744880677, "params": {"n_estimators": 906, "max_depth": 13, "learning_rate": 0.15, "random_state": 32}}
{"target": 22.035841733614607, "params": {"n_estimators": 503, "max_depth": 27, "learning_rate": 0.15, "random_state": 32}}
{"target": 22.035590019226074, "params": {"n_estimators": 45, "max_depth": 24, "learning_rate": 0.15, "random_state": 32}}
{"target": 22.03585398832957, "params": {"n_estimators": 597, "max_depth": 19, "learning_rate": 0.15, "random_state": 32}}
{"target": 22.83553890546163, "params": {"n_estimators": 17, "max_depth": 27, "learning_rate": 0.15, "random_state": 32}}
{"target": 22.035841733614607, "params": {"n_estimators": 494, "max_depth": 26, "learning_rate": 0.15, "random_state": 32}}
{"target": 22.035854179064433, "params": {"n_estimators": 833, "max_depth": 19, "learning_rate": 0.15, "random_state": 32}}
{"target": 22.119041833877567, "params": {"n_estimators": 24, "max_depth": 27, "learning_rate": 0.15, "random_state": 32}}
{"target": 22.035841733614607, "params": {"n_estimators": 603, "max_depth": 26, "learning_rate": 0.15, "random_state": 32}}
{"target": 22.035841733614607, "params": {"n_estimators": 537, "max_depth": 27, "learning_rate": 0.15, "random_state": 32}}
{"target": 22.03585398832957, "params": {"n_estimators": 564, "max_depth": 19, "learning_rate": 0.15, "random_state": 32}}
{"target": 22.03572012424469, "params": {"n_estimators": 64, "max_depth": 21, "learning_rate": 0.15, "random_state": 32}}
{"target": 22.035847225189208, "params": {"n_estimators": 566, "max_depth": 20, "learning_rate": 0.15, "random_state": 32}}
{"target": 22.034763107299803, "params": {"n_estimators": 38, "max_depth": 26, "learning_rate": 0.15, "random_state": 32}}
{"target": 22.037306764920555, "params": {"n_estimators": 34, "max_depth": 22, "learning_rate": 0.15, "random_state": 32}}
{"target": 22.035732522010804, "params": {"n_estimators": 69, "max_depth": 19, "learning_rate": 0.15, "random_state": 32}}
{"target": 23.760127271016437, "params": {"n_estimators": 14, "max_depth": 19, "learning_rate": 0.15, "random_state": 32}}
{"target": 22.035841733614607, "params": {"n_estimators": 545, "max_depth": 22, "learning_rate": 0.15, "random_state": 32}}
{"target": 22.03584035078685, "params": {"n_estimators": 1165, "max_depth": 27, "learning_rate": 0.15, "random_state": 32}}
{"target": 22.035841733614607, "params": {"n_estimators": 535, "max_depth": 21, "learning_rate": 0.15, "random_state": 32}}
{"target": 22.06674558321635, "params": {"n_estimators": 28, "max_depth": 21, "learning_rate": 0.15, "random_state": 32}}
{"target": 22.035841733614607, "params": {"n_estimators": 577, "max_depth": 24, "learning_rate": 0.15, "random_state": 32}}
{"target": 24.17564461390177, "params": {"n_estimators": 13, "max_depth": 24, "learning_rate": 0.15, "random_state": 32}}
{"target": 22.03584035078685, "params": {"n_estimators": 1203, "max_depth": 25, "learning_rate": 0.15, "random_state": 32}}
{"target": 22.04394076983134, "params": {"n_estimators": 33, "max_depth": 22, "learning_rate": 0.15, "random_state": 32}}
{"target": 22.9811753988266, "params": {"n_estimators": 154, "max_depth": 3, "learning_rate": 0.15, "random_state": 32}}
{"target": 22.035841733614607, "params": {"n_estimators": 454, "max_depth": 24, "learning_rate": 0.15, "random_state": 32}}
{"target": 22.035841733614607, "params": {"n_estimators": 599, "max_depth": 24, "learning_rate": 0.15, "random_state": 32}}
{"target": 22.035841733614607, "params": {"n_estimators": 674, "max_depth": 25, "learning_rate": 0.15, "random_state": 32}}
{"target": 22.034763107299803, "params": {"n_estimators": 38, "max_depth": 26, "learning_rate": 0.15, "random_state": 32}}
{"target": 22.04394076983134, "params": {"n_estimators": 33, "max_depth": 25, "learning_rate": 0.15, "random_state": 32}}
{"target": 22.03569259484609, "params": {"n_estimators": 60, "max_depth": 26, "learning_rate": 0.15, "random_state": 32}}
{"target": 22.061360303560896, "params": {"n_estimators": 29, "max_depth": 25, "learning_rate": 0.15, "random_state": 32}}
{"target": 22.035841733614607, "params": {"n_estimators": 578, "max_depth": 25, "learning_rate": 0.15, "random_state": 32}}
{"target": 22.035841733614607, "params": {"n_estimators": 469, "max_depth": 25, "learning_rate": 0.15, "random_state": 32}}
{"target": 22.03584035078685, "params": {"n_estimators": 3391, "max_depth": 30, "learning_rate": 0.15, "random_state": 32}}
{"target": 22.035841733614607, "params": {"n_estimators": 504, "max_depth": 27, "learning_rate": 0.15, "random_state": 32}}
{"target": 22.035841733614607, "params": {"n_estimators": 512, "max_depth": 28, "learning_rate": 0.15, "random_state": 32}}
{"target": 22.035133908589682, "params": {"n_estimators": 40, "max_depth": 27, "learning_rate": 0.15, "random_state": 32}}
{"target": 22.054089840253194, "params": {"n_estimators": 30, "max_depth": 26, "learning_rate": 0.15, "random_state": 32}}
{"target": 22.162446320851643, "params": {"n_estimators": 22, "max_depth": 25, "learning_rate": 0.15, "random_state": 32}}
{"target": 23.429323819478352, "params": {"n_estimators": 15, "max_depth": 28, "learning_rate": 0.15, "random_state": 32}}
{"target": 22.162446320851643, "params": {"n_estimators": 22, "max_depth": 24, "learning_rate": 0.15, "random_state": 32}}
{"target": 22.83553890546163, "params": {"n_estimators": 17, "max_depth": 27, "learning_rate": 0.15, "random_state": 32}}
{"target": 22.035841733614607, "params": {"n_estimators": 630, "max_depth": 27, "learning_rate": 0.15, "random_state": 32}}
{"target": 22.301476224263507, "params": {"n_estimators": 20, "max_depth": 26, "learning_rate": 0.15, "random_state": 32}}
{"target": 22.458010542392735, "params": {"n_estimators": 43, "max_depth": 8, "learning_rate": 0.15, "random_state": 32}}
{"target": 22.035841733614607, "params": {"n_estimators": 585, "max_depth": 28, "learning_rate": 0.15, "random_state": 32}}
{"target": 22.037306764920555, "params": {"n_estimators": 34, "max_depth": 23, "learning_rate": 0.15, "random_state": 32}}
{"target": 22.035841733614607, "params": {"n_estimators": 675, "max_depth": 30, "learning_rate": 0.15, "random_state": 32}}
{"target": 22.035841733614607, "params": {"n_estimators": 588, "max_depth": 28, "learning_rate": 0.15, "random_state": 32}}
{"target": 23.760127271016437, "params": {"n_estimators": 14, "max_depth": 17, "learning_rate": 0.15, "random_state": 32}}
{"target": 22.035856722195945, "params": {"n_estimators": 618, "max_depth": 16, "learning_rate": 0.15, "random_state": 32}}
{"target": 22.036375722885133, "params": {"n_estimators": 36, "max_depth": 14, "learning_rate": 0.15, "random_state": 32}}
{"target": 22.035841733614607, "params": {"n_estimators": 575, "max_depth": 28, "learning_rate": 0.15, "random_state": 32}}
{"target": 25.288416105906165, "params": {"n_estimators": 11, "max_depth": 29, "learning_rate": 0.15, "random_state": 32}}
{"target": 26.0810078048706, "params": {"n_estimators": 10, "max_depth": 27, "learning_rate": 0.15, "random_state": 32}}
{"target": 22.035841733614607, "params": {"n_estimators": 634, "max_depth": 27, "learning_rate": 0.15, "random_state": 32}}
{"target": 22.034971748987836, "params": {"n_estimators": 35, "max_depth": 22, "learning_rate": 0.15, "random_state": 32}}
{"target": 22.45101548194885, "params": {"n_estimators": 19, "max_depth": 22, "learning_rate": 0.15, "random_state": 32}}
{"target": 22.035841733614607, "params": {"n_estimators": 566, "max_depth": 24, "learning_rate": 0.15, "random_state": 32}}
{"target": 22.035857071876528, "params": {"n_estimators": 751, "max_depth": 16, "learning_rate": 0.15, "random_state": 32}}
{"target": 22.03584035078685, "params": {"n_estimators": 1077, "max_depth": 24, "learning_rate": 0.15, "random_state": 32}}
{"target": 22.03584035078685, "params": {"n_estimators": 1179, "max_depth": 24, "learning_rate": 0.15, "random_state": 32}}
{"target": 22.035841733614607, "params": {"n_estimators": 611, "max_depth": 23, "learning_rate": 0.15, "random_state": 32}}
{"target": 22.03551018079122, "params": {"n_estimators": 42, "max_depth": 26, "learning_rate": 0.15, "random_state": 32}}
{"target": 22.03584035078685, "params": {"n_estimators": 1142, "max_depth": 24, "learning_rate": 0.15, "random_state": 32}}
{"target": 22.03584035078685, "params": {"n_estimators": 1016, "max_depth": 23, "learning_rate": 0.15, "random_state": 32}}
{"target": 22.035841733614607, "params": {"n_estimators": 481, "max_depth": 23, "learning_rate": 0.15, "random_state": 32}}
{"target": 22.035841733614607, "params": {"n_estimators": 582, "max_depth": 25, "learning_rate": 0.15, "random_state": 32}}
{"target": 22.035841733614607, "params": {"n_estimators": 568, "max_depth": 25, "learning_rate": 0.15, "random_state": 32}}
{"target": 22.035552039146424, "params": {"n_estimators": 49, "max_depth": 27, "learning_rate": 0.15, "random_state": 32}}
{"target": 22.035841733614607, "params": {"n_estimators": 601, "max_depth": 23, "learning_rate": 0.15, "random_state": 32}}
{"target": 22.035841733614607, "params": {"n_estimators": 539, "max_depth": 24, "learning_rate": 0.15, "random_state": 32}}
{"target": 22.03584035078685, "params": {"n_estimators": 4631, "max_depth": 21, "learning_rate": 0.15, "random_state": 32}}
{"target": 22.035841733614607, "params": {"n_estimators": 483, "max_depth": 26, "learning_rate": 0.15, "random_state": 32}}
{"target": 22.83553890546163, "params": {"n_estimators": 17, "max_depth": 24, "learning_rate": 0.15, "random_state": 32}}
{"target": 22.035552039146424, "params": {"n_estimators": 49, "max_depth": 24, "learning_rate": 0.15, "random_state": 32}}
{"target": 22.04394076983134, "params": {"n_estimators": 33, "max_depth": 27, "learning_rate": 0.15, "random_state": 32}}
{"target": 22.035134313901267, "params": {"n_estimators": 41, "max_depth": 24, "learning_rate": 0.15, "random_state": 32}}
{"target": 22.03556056658427, "params": {"n_estimators": 47, "max_depth": 24, "learning_rate": 0.15, "random_state": 32}}
{"target": 24.17564461390177, "params": {"n_estimators": 13, "max_depth": 20, "learning_rate": 0.15, "random_state": 32}}
{"target": 22.03583945274353, "params": {"n_estimators": 105, "max_depth": 24, "learning_rate": 0.15, "random_state": 32}}
{"target": 22.035847225189208, "params": {"n_estimators": 567, "max_depth": 20, "learning_rate": 0.15, "random_state": 32}}
{"target": 22.035841733614607, "params": {"n_estimators": 509, "max_depth": 21, "learning_rate": 0.15, "random_state": 32}}
{"target": 22.45101548194885, "params": {"n_estimators": 19, "max_depth": 25, "learning_rate": 0.15, "random_state": 32}}
{"target": 22.035759328206378, "params": {"n_estimators": 79, "max_depth": 30, "learning_rate": 0.15, "random_state": 32}}
{"target": 22.035841733614607, "params": {"n_estimators": 730, "max_depth": 21, "learning_rate": 0.15, "random_state": 32}}
{"target": 22.035848083496095, "params": {"n_estimators": 4250, "max_depth": 18, "learning_rate": 0.15, "random_state": 32}}
{"target": 22.035870033899947, "params": {"n_estimators": 2561, "max_depth": 11, "learning_rate": 0.15, "random_state": 32}}
{"target": 22.035847225189208, "params": {"n_estimators": 530, "max_depth": 20, "learning_rate": 0.15, "random_state": 32}}
{"target": 22.45101548194885, "params": {"n_estimators": 19, "max_depth": 23, "learning_rate": 0.15, "random_state": 32}}
{"target": 22.119041833877567, "params": {"n_estimators": 24, "max_depth": 20, "learning_rate": 0.15, "random_state": 32}}
{"target": 22.217544433275854, "params": {"n_estimators": 21, "max_depth": 22, "learning_rate": 0.15, "random_state": 32}}
{"target": 22.03584035078685, "params": {"n_estimators": 1031, "max_depth": 27, "learning_rate": 0.15, "random_state": 32}}
{"target": 22.03584035078685, "params": {"n_estimators": 1052, "max_depth": 27, "learning_rate": 0.15, "random_state": 32}}
{"target": 23.760127271016437, "params": {"n_estimators": 14, "max_depth": 16, "learning_rate": 0.15, "random_state": 32}}
{"target": 22.035841733614607, "params": {"n_estimators": 495, "max_depth": 27, "learning_rate": 0.15, "random_state": 32}}
{"target": 24.63246527353922, "params": {"n_estimators": 12, "max_depth": 14, "learning_rate": 0.15, "random_state": 32}}
{"target": 25.288416105906165, "params": {"n_estimators": 11, "max_depth": 25, "learning_rate": 0.15, "random_state": 32}}
{"target": 22.035133908589682, "params": {"n_estimators": 40, "max_depth": 30, "learning_rate": 0.15, "random_state": 32}}
{"target": 22.035841733614607, "params": {"n_estimators": 543, "max_depth": 22, "learning_rate": 0.15, "random_state": 32}}
{"target": 23.111751225789387, "params": {"n_estimators": 16, "max_depth": 26, "learning_rate": 0.15, "random_state": 32}}
{"target": 23.062795473734536, "params": {"n_estimators": 17, "max_depth": 11, "learning_rate": 0.15, "random_state": 32}}
{"target": 22.035841733614607, "params": {"n_estimators": 614, "max_depth": 25, "learning_rate": 0.15, "random_state": 32}}
{"target": 24.17564461390177, "params": {"n_estimators": 13, "max_depth": 26, "learning_rate": 0.15, "random_state": 32}}
{"target": 22.035841733614607, "params": {"n_estimators": 401, "max_depth": 27, "learning_rate": 0.15, "random_state": 32}}
{"target": 23.760127271016437, "params": {"n_estimators": 14, "max_depth": 22, "learning_rate": 0.15, "random_state": 32}}
{"target": 22.035841733614607, "params": {"n_estimators": 568, "max_depth": 27, "learning_rate": 0.15, "random_state": 32}}
{"target": 22.035841733614607, "params": {"n_estimators": 658, "max_depth": 28, "learning_rate": 0.15, "random_state": 32}}
{"target": 22.035841733614607, "params": {"n_estimators": 575, "max_depth": 27, "learning_rate": 0.15, "random_state": 32}}
