{"target": 22.03551018079122, "params": {"n_estimators": 42, "max_depth": 22, "learning_rate": 0.15, "random_state": 32}}
{"target": 22.035841733614607, "params": {"n_estimators": 681, "max_depth": 26, "learning_rate": 0.15, "random_state": 32}}
{"target": 22.035841733614607, "params": {"n_estimators": 619, "max_depth": 26, "learning_rate": 0.15, "random_state": 32}}
{"target": 22.035845580101014, "params": {"n_estimators": 1186, "max_depth": 20, "learning_rate": 0.15, "random_state": 32}}
{"target": 22.83553890546163, "params": {"n_estimators": 17, "max_depth": 26, "learning_rate": 0.15, "random_state": 32}}
{"target": 22.035848083496095, "params": {"n_estimators": 1388, "max_depth": 18, "learning_rate": 0.15, "random_state": 32}}
{"target": 22.03584035078685, "params": {"n_estimators": 1278, "max_depth": 21, "learning_rate": 0.15, "random_state": 32}}
{"target": 23.429323819478352, "params": {"n_estimators": 15, "max_depth": 22, "learning_rate": 0.15, "random_state": 32}}
{"target": 22.035847892761232, "params": {"n_estimators": 613, "max_depth": 18, "learning_rate": 0.15, "random_state": 32}}
{"target": 24.63246527353922, "params": {"n_estimators": 12, "max_depth": 27, "learning_rate": 0.15, "random_state": 32}}
{"target": 22.035848139127094, "params": {"n_estimators": 524, "max_depth": 17, "learning_rate": 0.15, "random_state": 32}}
{"target": 24.17564461390177, "params": {"n_estimators": 13, "max_depth": 23, "learning_rate": 0.15, "random_state": 32}}
{"target": 22.035841733614607, "params": {"n_estimators": 485, "max_depth": 22, "learning_rate": 0.15, "random_state": 32}}
{"target": 22.035841733614607, "params": {"n_estimators": 493, "max_depth": 23, "learning_rate": 0.15, "random_state": 32}}
{"target": 22.035841733614607, "params": {"n_estimators": 630, "max_depth": 24, "learning_rate": 0.15, "random_state": 32}}
{"target": 22.035841733614607, "params": {"n_estimators": 644, "max_depth": 23, "learning_rate": 0.15, "random_state": 32}}
{"target": 22.83553890546163, "params": {"n_estimators": 17, "max_depth": 27, "learning_rate": 0.15, "random_state": 32}}
{"target": 22.03584848880768, "params": {"n_estimators": 3484, "max_depth": 17, "learning_rate": 0.15, "random_state": 32}}
{"target": 22.047809505462645, "params": {"n_estimators": 31, "max_depth": 30, "learning_rate": 0.15, "random_state": 32}}
{"target": 22.83553890546163, "params": {"n_estimators": 17, "max_depth": 30, "learning_rate": 0.15, "random_state": 32}}
{"target": 22.035841733614607, "params": {"n_estimators": 576, "max_depth": 22, "learning_rate": 0.15, "random_state": 32}}
{"target": 22.035856722195945, "params": {"n_estimators": 441, "max_depth": 16, "learning_rate": 0.15, "random_state": 32}}
{"target": 22.08676982720693, "params": {"n_estimators": 26, "max_depth": 16, "learning_rate": 0.15, "random_state": 32}}
{"target": 25.288416105906165, "params": {"n_estimators": 11, "max_depth": 25, "learning_rate": 0.15, "random_state": 32}}
{"target": 22.035688501993818, "params": {"n_estimators": 58, "max_depth": 18, "learning_rate": 0.15, "random_state": 32}}
{"target": 22.03585398832957, "params": {"n_estimators": 647, "max_depth": 19, "learning_rate": 0.15, "random_state": 32}}
{"target": 22.035848139127094, "params": {"n_estimators": 532, "max_depth": 17, "learning_rate": 0.15, "random_state": 32}}
{"target": 22.035854179064433, "params": {"n_estimators": 3663, "max_depth": 19, "learning_rate": 0.15, "random_state": 32}}
{"target": 22.035590019226074, "params": {"n_estimators": 45, "max_depth": 19, "learning_rate": 0.15, "random_state": 32}}
{"target": 22.035841733614607, "params": {"n_estimators": 468, "max_depth": 22, "learning_rate": 0.15, "random_state": 32}}
{"target": 23.429323819478352, "params": {"n_estimators": 15, "max_depth": 19, "learning_rate": 0.15, "random_state": 32}}
{"target": 22.035841733614607, "params": {"n_estimators": 563, "max_depth": 24, "learning_rate": 0.15, "random_state": 32}}
{"target": 22.035614075660707, "params": {"n_estimators": 55, "max_depth": 19, "learning_rate": 0.15, "random_state": 32}}
{"target": 22.03551018079122, "params": {"n_estimators": 42, "max_depth": 21, "learning_rate": 0.15, "random_state": 32}}
{"target": 22.035841733614607, "params": {"n_estimators": 575, "max_depth": 24, "learning_rate": 0.15, "random_state": 32}}
{"target": 24.63246527353922, "params": {"n_estimators": 12, "max_depth": 27, "learning_rate": 0.15, "random_state": 32}}
{"target": 22.04394076983134, "params": {"n_estimators": 33, "max_depth": 24, "learning_rate": 0.15, "random_state": 32}}
{"target": 22.035841733614607, "params": {"n_estimators": 663, "max_depth": 30, "learning_rate": 0.15, "random_state": 32}}
{"target": 22.035841733614607, "params": {"n_estimators": 539, "max_depth": 25, "learning_rate": 0.15, "random_state": 32}}
