{"target": 43.044699704064776, "params": {"C": 2.701956672065149, "epsilon": 18.313503968809467, "tau": 8.988174822237317}}
{"target": 43.38439434504914, "params": {"C": 11.706946486179616, "epsilon": 23.042819239662244, "tau": 2.94615228354718}}
{"target": 43.004185087212925, "params": {"C": 16.091178343047858, "epsilon": 17.625659305451038, "tau": 7.264155321131899}}
{"target": 42.252704081356576, "params": {"C": 13.019503273980055, "epsilon": 2.9129590490540296, "tau": 1.6832490586729145}}
{"target": 43.8717995822179, "params": {"C": 3.6086123161801504, "epsilon": 29.16005361109304, "tau": 7.62897619473732}}
{"target": 43.104853520291776, "params": {"C": 4.053197344065192, "epsilon": 19.234946537705653, "tau": 6.292907612124371}}
{"target": 42.458153408554494, "params": {"C": 17.130945819520687, "epsilon": 7.047936564100465, "tau": 0.8990765726587819}}
{"target": 42.288549752899264, "params": {"C": 19.304224307805217, "epsilon": 3.7953060898638866, "tau": 3.4243850610021305}}
{"target": 42.88303695357578, "params": {"C": 16.22708481520107, "epsilon": 15.479895837179512, "tau": 4.35511449914095}}
{"target": 43.80709570086806, "params": {"C": 7.662489883490382, "epsilon": 28.343413060272262, "tau": 8.359858381451017}}
{"target": 43.375140582417266, "params": {"C": 7.1679449485070235, "epsilon": 22.926482406586054, "tau": 2.5137992950775914}}
{"target": 42.93207902924267, "params": {"C": 14.907845392474027, "epsilon": 16.369641120222376, "tau": 2.353226747256562}}
{"target": 42.77011519243632, "params": {"C": 13.65160374573, "epsilon": 13.319855840281855, "tau": 0.03113042520459035}}
{"target": 43.4315909680132, "params": {"C": 8.929402115442148, "epsilon": 23.637037204765445, "tau": 4.425931265145194}}
{"target": 43.62194459871218, "params": {"C": 11.729537500746913, "epsilon": 26.012490077408213, "tau": 1.379580538881441}}
{"target": 42.361406838326744, "params": {"C": 12.25153512744867, "epsilon": 5.3568537569480625, "tau": 1.6432376191626352}}
{"target": 42.53602379738618, "params": {"C": 14.472063029154267, "epsilon": 8.560795566121651, "tau": 7.650620127202186}}
{"target": 43.29181720609368, "params": {"C": 9.986156152862865, "epsilon": 21.8607818233555, "tau": 4.895887092407295}}
{"target": 42.80702120954116, "params": {"C": 4.021913291838913, "epsilon": 14.032842515097297, "tau": 4.317086148625621}}
{"target": 42.22285523370827, "params": {"C": 4.002111686466522, "epsilon": 2.1737533091489087, "tau": 1.6579374648728784}}
{"target": 42.86060017499377, "params": {"C": 7.1285394115808245, "epsilon": 15.065955737871112, "tau": 8.459515934887706}}
{"target": 42.29571425028955, "params": {"C": 14.96166254478085, "epsilon": 3.9605025142817323, "tau": 4.406748446194065}}
{"target": 43.41625642977689, "params": {"C": 18.52048937143591, "epsilon": 23.443589969553276, "tau": 8.25947267493743}}
{"target": 42.43495348080508, "params": {"C": 11.989336566902663, "epsilon": 6.701586574673666, "tau": 1.3901397129060638}}
{"target": 43.07695652939698, "params": {"C": 12.51564974616111, "epsilon": 18.818403537502547, "tau": 0.5344978160265662}}
{"target": 43.60193653425408, "params": {"C": 12.241611563436537, "epsilon": 25.762172616264966, "tau": 6.016125932081178}}
{"target": 43.40969261374208, "params": {"C": 3.176111613454834, "epsilon": 23.36354976702511, "tau": 9.809969341119437}}
{"target": 42.718536536067916, "params": {"C": 6.340162763962656, "epsilon": 12.285219786587009, "tau": 6.103147977104934}}
{"target": 42.71328789401672, "params": {"C": 4.363231529348207, "epsilon": 12.174388520391888, "tau": 0.5436438576124595}}
{"target": 43.676605419620444, "params": {"C": 3.4070330902525887, "epsilon": 26.707487514842647, "tau": 9.78187003192603}}
{"target": 43.40189614161058, "params": {"C": 19.963853588431903, "epsilon": 23.263380534489006, "tau": 5.435370540206528}}
{"target": 43.11200415004647, "params": {"C": 4.383259552081712, "epsilon": 19.339301144225395, "tau": 2.1124076134941085}}
{"target": 42.49475750656251, "params": {"C": 16.863748128199582, "epsilon": 7.72964191090271, "tau": 4.873010314845923}}
{"target": 43.77220559910485, "params": {"C": 19.21340945567371, "epsilon": 27.907183440041305, "tau": 6.384995889384864}}
{"target": 43.55043753838347, "params": {"C": 14.328311722189191, "epsilon": 25.122283843542064, "tau": 0.905068759287119}}
{"target": 42.16584197977094, "params": {"C": 13.673337604409808, "epsilon": 0.6901147972005792, "tau": 3.0419767319386057}}
{"target": 42.66108190401106, "params": {"C": 7.228601798284171, "epsilon": 11.104143872610313, "tau": 6.841367711337127}}
{"target": 42.645178297957884, "params": {"C": 18.37807948221079, "epsilon": 10.783945618853615, "tau": 2.529181754302547}}
{"target": 42.73755297671819, "params": {"C": 6.5961013414626555, "epsilon": 12.690886960517819, "tau": 7.996684220866592}}
{"target": 42.30080843441212, "params": {"C": 12.100194671963711, "epsilon": 4.078247979416246, "tau": 2.3492110693176937}}
{"target": 43.39664361451437, "params": {"C": 0.825551213713412, "epsilon": 23.208966487949173, "tau": 7.176809321709548}}
{"target": 43.28356692166644, "params": {"C": 2.185989991036107, "epsilon": 21.75888479167942, "tau": 4.887935554703148}}
{"target": 42.81853080095273, "params": {"C": 17.022644025026008, "epsilon": 14.253114677547849, "tau": 2.228474188829394}}
{"target": 43.61059034464057, "params": {"C": 18.987899806416944, "epsilon": 25.869744030778833, "tau": 4.660285365798839}}
{"target": 43.00269909864473, "params": {"C": 0.16532371325916426, "epsilon": 17.686866529655976, "tau": 4.549366268230061}}
{"target": 42.26499574945187, "params": {"C": 19.68370188347209, "epsilon": 3.2417705094339224, "tau": 9.795529553603505}}
{"target": 43.32706782462619, "params": {"C": 9.809545455046058, "epsilon": 22.322218223566285, "tau": 6.9076441217783415}}
{"target": 43.165941019510925, "params": {"C": 18.851582726961553, "epsilon": 20.130485714603598, "tau": 8.407854724315728}}
{"target": 43.52575771421162, "params": {"C": 19.013959452765537, "epsilon": 24.812983753456223, "tau": 0.9400135095212314}}
{"target": 42.41325248463768, "params": {"C": 10.935130623649458, "epsilon": 6.3710071386427956, "tau": 5.97932538825041}}
{"target": 43.74360192114521, "params": {"C": 2.0722403651597254, "epsilon": 27.54955633364121, "tau": 2.5000645369483685}}
{"target": 42.342726006239474, "params": {"C": 15.849025985690707, "epsilon": 4.983606762592275, "tau": 2.4364870567681787}}
{"target": 43.059916543895454, "params": {"C": 3.194450941017504, "epsilon": 18.553293754817595, "tau": 1.6796860431352685}}
{"target": 42.14325487705057, "params": {"C": 19.750092082549756, "epsilon": 0.055032020615646715, "tau": 9.153632485366927}}
{"target": 42.2441076260947, "params": {"C": 18.830202279550463, "epsilon": 2.6873105746787163, "tau": 8.703790204090271}}
{"target": 42.37251697239789, "params": {"C": 15.4606970511144, "epsilon": 5.576591702637584, "tau": 8.89392472051025}}
{"target": 42.23548491916243, "params": {"C": 19.147456986049455, "epsilon": 2.4762203905548437, "tau": 7.515795705678231}}
{"target": 42.1682751206172, "params": {"C": 19.111444702032827, "epsilon": 0.7590746395699197, "tau": 9.392903041018371}}
{"target": 42.21039839580832, "params": {"C": 19.234086802666578, "epsilon": 1.8748484919634567, "tau": 9.344408219261357}}
{"target": 42.148360097176024, "params": {"C": 19.49070569528768, "epsilon": 0.19945786732519286, "tau": 8.36546656187021}}
{"target": 42.21700569102573, "params": {"C": 19.551149990749376, "epsilon": 2.0302452515806824, "tau": 6.2411170989707765}}
{"target": 42.15210042084063, "params": {"C": 19.49702750889559, "epsilon": 0.3042667843640616, "tau": 8.888527915972222}}
{"target": 42.143512701432606, "params": {"C": 17.198076266948696, "epsilon": 0.06273496943537225, "tau": 6.0064155965694574}}
{"target": 42.187798245760284, "params": {"C": 14.50857272818687, "epsilon": 1.3015507206616026, "tau": 7.648420171345769}}
{"target": 42.219397789062995, "params": {"C": 14.346321306377813, "epsilon": 2.087213517877566, "tau": 8.826951918390836}}
{"target": 42.14903333991161, "params": {"C": 14.428919902091563, "epsilon": 0.2187162042519739, "tau": 5.6536633327881765}}
{"target": 42.21055060863481, "params": {"C": 19.808821681725973, "epsilon": 1.8782205890365984, "tau": 9.870115909664182}}
{"target": 42.239174756752064, "params": {"C": 15.620772683135128, "epsilon": 2.5639687209435422, "tau": 3.696990419192092}}
{"target": 42.36548769835461, "params": {"C": 5.634559323135296, "epsilon": 5.436910342110654, "tau": 2.8106738826717503}}
{"target": 42.20412743633272, "params": {"C": 18.16460681489571, "epsilon": 1.7243095778510091, "tau": 5.306884903311354}}
{"target": 42.17112675184078, "params": {"C": 16.46489814257111, "epsilon": 0.84169921769433, "tau": 5.658664084536754}}
{"target": 42.21266613423825, "params": {"C": 14.597196689700706, "epsilon": 1.9282684253246767, "tau": 6.491996882332986}}
{"target": 42.14547521037382, "params": {"C": 14.712308752996389, "epsilon": 0.1183746487904385, "tau": 4.732740539008487}}
{"target": 42.14555652099303, "params": {"C": 16.985850609223526, "epsilon": 0.12121001398779627, "tau": 6.375056822007558}}
{"target": 42.20844564406035, "params": {"C": 17.88055432803157, "epsilon": 1.8283689598130461, "tau": 6.116219205220002}}
{"target": 42.169282772554865, "params": {"C": 19.61332356637649, "epsilon": 0.7898861677249138, "tau": 8.250724684622751}}
{"target": 42.151386829844554, "params": {"C": 10.960858180619109, "epsilon": 0.2854756820836911, "tau": 7.496188861422334}}
{"target": 42.195452246740196, "params": {"C": 14.563374511741227, "epsilon": 1.5010896448888424, "tau": 5.19423100476499}}
{"target": 42.709652561893044, "params": {"C": 19.49382029806342, "epsilon": 12.096435706327217, "tau": 7.915027480677116}}
{"target": 42.159169707608, "params": {"C": 12.410919102843264, "epsilon": 0.5024814901128087, "tau": 6.34481287039122}}
{"target": 42.15284959813586, "params": {"C": 11.900650543417633, "epsilon": 0.32538898840790226, "tau": 4.466018295980967}}
{"target": 42.205078071630034, "params": {"C": 13.279177686716329, "epsilon": 1.7484746628539194, "tau": 4.792123559795013}}
{"target": 42.17513077525899, "params": {"C": 13.280083050338494, "epsilon": 0.9548143160628314, "tau": 5.0458051088849984}}
{"target": 42.544500249881615, "params": {"C": 15.607381491988377, "epsilon": 8.732395692829547, "tau": 6.895218569861818}}
{"target": 42.35793629471824, "params": {"C": 4.693098435605479, "epsilon": 5.2928791622430404, "tau": 8.925960792106379}}
{"target": 42.33159972871907, "params": {"C": 4.9175709967285925, "epsilon": 4.753487323681079, "tau": 6.872902936774693}}
{"target": 42.196950207436245, "params": {"C": 8.83383648228931, "epsilon": 1.5412876858482734, "tau": 7.073448957188465}}
{"target": 42.18525433764328, "params": {"C": 9.615631567928808, "epsilon": 1.235579776031884, "tau": 7.573776403630358}}
{"target": 42.16063092175384, "params": {"C": 9.982964609199323, "epsilon": 0.5438771352272794, "tau": 6.946173843425959}}
{"target": 42.2054660069067, "params": {"C": 10.120900400355893, "epsilon": 1.7594565331106176, "tau": 8.195370045440104}}
{"target": 42.172157005616135, "params": {"C": 12.407939152182113, "epsilon": 0.8716189630036519, "tau": 7.660381169855822}}
{"target": 42.35201968047319, "params": {"C": 10.782916427873204, "epsilon": 5.175216955838374, "tau": 9.635034137670464}}
{"target": 43.8866922164205, "params": {"C": 9.006233878119344, "epsilon": 29.350890475483837, "tau": 1.8742565893792462}}
{"target": 42.1433424739292, "params": {"C": 16.801843234696232, "epsilon": 0.05803384202066186, "tau": 7.29541996069287}}
{"target": 42.15569466459883, "params": {"C": 17.26073689074612, "epsilon": 0.40492247105765444, "tau": 5.8375670851646095}}
{"target": 42.1764982759841, "params": {"C": 19.15116883979531, "epsilon": 0.9930441559414455, "tau": 7.9399752660150265}}
{"target": 42.23146001173187, "params": {"C": 17.68530123229313, "epsilon": 2.3816265619829884, "tau": 7.751305785784779}}
{"target": 42.14549584219691, "params": {"C": 18.236088294009154, "epsilon": 0.1188977668708037, "tau": 3.8266356706057594}}
{"target": 42.14491965941808, "params": {"C": 14.406754491180262, "epsilon": 0.1030008152028, "tau": 7.433393455056782}}
{"target": 42.29428825894233, "params": {"C": 17.28838449601416, "epsilon": 3.927781709815006, "tau": 7.053098084171733}}
{"target": 42.21312881504883, "params": {"C": 15.573535387965517, "epsilon": 1.9388224433126475, "tau": 6.588425646846091}}
{"target": 42.1753722271105, "params": {"C": 19.81556182810243, "epsilon": 0.9610640533180334, "tau": 5.2576400683407085}}
{"target": 42.300712175003476, "params": {"C": 18.76188232652237, "epsilon": 4.076043364381434, "tau": 3.916429448371459}}
{"target": 42.16169970722057, "params": {"C": 16.802807219497442, "epsilon": 0.5726932071454798, "tau": 3.5657437659036137}}
{"target": 42.154572876322824, "params": {"C": 18.60084809045755, "epsilon": 0.37252087176983206, "tau": 1.892472599155643}}
{"target": 42.1460766603926, "params": {"C": 16.34209101368745, "epsilon": 0.13633711879505572, "tau": 7.901760520939177}}
{"target": 42.22563176180372, "params": {"C": 16.948178956588734, "epsilon": 2.2394113796367963, "tau": 2.8138076411056234}}
{"target": 42.1424748662598, "params": {"C": 16.44169658526781, "epsilon": 0.033390696249045074, "tau": 7.8018100504457415}}
{"target": 42.14706838436426, "params": {"C": 16.337850278760083, "epsilon": 0.16437705896805174, "tau": 7.7986714966151}}
{"target": 42.954190295305885, "params": {"C": 12.464021365316981, "epsilon": 16.76907535295925, "tau": 9.890213113137769}}
{"target": 42.20131970905979, "params": {"C": 15.044433747961541, "epsilon": 1.6524149704111197, "tau": 8.966981466963041}}
{"target": 42.14528955518892, "params": {"C": 14.891591447575928, "epsilon": 0.11364898479973116, "tau": 9.095668162476239}}
{"target": 42.327853113432674, "params": {"C": 14.463525387898727, "epsilon": 4.673557911839937, "tau": 8.629301609641296}}
{"target": 42.15101920236807, "params": {"C": 14.876787859231195, "epsilon": 0.2742293018050163, "tau": 7.052223948543379}}
{"target": 42.34250164150096, "params": {"C": 14.391135105546926, "epsilon": 4.979712061210639, "tau": 8.542775312635513}}
{"target": 42.212689565508626, "params": {"C": 15.220032705097989, "epsilon": 1.928652922635602, "tau": 7.071117995624829}}
{"target": 42.14151561843825, "params": {"C": 15.053748713625087, "epsilon": 0.006573186494163025, "tau": 9.879564389159018}}
{"target": 42.158849418319875, "params": {"C": 15.581478916949209, "epsilon": 0.49347814745159274, "tau": 8.595981048328987}}
{"target": 42.15314473717025, "params": {"C": 15.574593361284062, "epsilon": 0.3338533940148547, "tau": 8.728797685964967}}
{"target": 42.149496440809976, "params": {"C": 14.861695430039884, "epsilon": 0.23173741606317627, "tau": 7.1974213307846835}}
{"target": 42.20883527121154, "params": {"C": 15.506854437540461, "epsilon": 1.838146780145041, "tau": 9.052707157097739}}
{"target": 42.172586851339354, "params": {"C": 15.944318915521782, "epsilon": 0.8840418386972402, "tau": 9.976868508167987}}
{"target": 42.17073965212111, "params": {"C": 8.100846272317444, "epsilon": 0.8305034171608638, "tau": 0.8864358062473525}}
{"target": 42.21477608197348, "params": {"C": 13.620771206462852, "epsilon": 1.9785377430212525, "tau": 9.834147673949879}}
{"target": 42.14746948278863, "params": {"C": 15.93612854385682, "epsilon": 0.17595274572414862, "tau": 9.268799529357691}}
{"target": 42.144690793829255, "params": {"C": 15.415550726081566, "epsilon": 0.09655868088848688, "tau": 9.077664276136279}}
{"target": 42.67585078841679, "params": {"C": 10.289230818677256, "epsilon": 11.404041258342147, "tau": 1.6225629358901523}}
{"target": 42.962860113389034, "params": {"C": 9.133238780906398, "epsilon": 16.916171151851117, "tau": 2.85609692171354}}
{"target": 42.17629297736146, "params": {"C": 16.171878426786343, "epsilon": 0.9874733655704051, "tau": 7.622585640664416}}
{"target": 42.45618044120259, "params": {"C": 16.645597887733082, "epsilon": 7.012957556226926, "tau": 5.573664510370402}}
{"target": 42.16262124844293, "params": {"C": 19.91143477341562, "epsilon": 0.5984241192807138, "tau": 3.5124379005649238}}
{"target": 42.19584853037905, "params": {"C": 15.749960818372976, "epsilon": 1.510982755344369, "tau": 4.516468327774931}}
{"target": 42.493588059173995, "params": {"C": 17.336791439518006, "epsilon": 7.707300477338029, "tau": 5.313260113081357}}
{"target": 42.146643215177015, "params": {"C": 15.034678267421606, "epsilon": 0.1527699232503798, "tau": 9.99055703521193}}
{"target": 42.141694093088645, "params": {"C": 16.03871504745405, "epsilon": 0.010852199101544224, "tau": 5.362844609394369}}
{"target": 42.14257919861926, "params": {"C": 10.444612286248837, "epsilon": 0.037850501252934016, "tau": 9.427123667354653}}
{"target": 42.16275512264148, "params": {"C": 14.14723570171391, "epsilon": 0.6040965363682788, "tau": 9.291847070196619}}
{"target": 42.16524247656274, "params": {"C": 15.312593329553922, "epsilon": 0.6748071495754016, "tau": 5.490813304640854}}
{"target": 42.311876361417525, "params": {"C": 17.074038217648162, "epsilon": 4.329596709832173, "tau": 5.175636912453263}}
{"target": 42.242445897533415, "params": {"C": 10.025392883319215, "epsilon": 2.6455110938111686, "tau": 9.825471331273286}}
{"target": 42.196544148532155, "params": {"C": 10.677038677525099, "epsilon": 1.5304803254925716, "tau": 8.875835009945973}}
{"target": 42.44977353271806, "params": {"C": 12.623930581302153, "epsilon": 6.919587272202976, "tau": 8.466154695203853}}
{"target": 42.21035124876754, "params": {"C": 11.506229203337298, "epsilon": 1.874458860211743, "tau": 8.827343271789397}}
{"target": 42.492892442180484, "params": {"C": 18.20019665183353, "epsilon": 7.694390395245802, "tau": 8.87035949067164}}
{"target": 42.151683434420974, "params": {"C": 15.695373475814046, "epsilon": 0.29243277006026125, "tau": 5.0254578399797705}}
{"target": 42.146664731369164, "params": {"C": 17.6621364225637, "epsilon": 0.15224166267189537, "tau": 6.065528770024756}}
{"target": 43.84499196050522, "params": {"C": 11.616353212898428, "epsilon": 28.818912745198567, "tau": 9.114888160028954}}
{"target": 42.15552942188241, "params": {"C": 6.746928292229903, "epsilon": 0.40361702645058306, "tau": 9.818231691252526}}
{"target": 42.18188103340596, "params": {"C": 17.25956132386311, "epsilon": 1.1454266021549846, "tau": 7.152615667179938}}
{"target": 42.178730813725096, "params": {"C": 16.187244294150478, "epsilon": 1.0561555984854107, "tau": 7.174578416158944}}
{"target": 43.92411392723446, "params": {"C": 9.355367059232794, "epsilon": 29.82290642867767, "tau": 5.567010508450734}}
{"target": 42.164453931438096, "params": {"C": 17.147292865302298, "epsilon": 0.6523405017315755, "tau": 7.9277392126087864}}
{"target": 42.14544799499212, "params": {"C": 15.94220484379101, "epsilon": 0.11770814708258265, "tau": 4.62868151596963}}
{"target": 42.15252121730424, "params": {"C": 18.550944617743532, "epsilon": 0.3154423296058668, "tau": 5.284390548597894}}
{"target": 42.16164673259851, "params": {"C": 19.63531340225334, "epsilon": 0.5705750142102388, "tau": 8.42922286124392}}
{"target": 42.16566824008692, "params": {"C": 19.79953512216872, "epsilon": 0.6867596016777535, "tau": 7.44661046125678}}
