{"target": 41.951499792775806, "params": {"C": 67.29828311526623, "epsilon": 0.4171776424925966, "tau": 395.9476653655797, "kronecker_kernel": true}}
{"target": 40.3950683731114, "params": {"C": 26.175962036332457, "epsilon": 0.5973025620142705, "tau": 169.85128841060066, "kronecker_kernel": true}}
{"target": 42.490887620893716, "params": {"C": 90.7608267638435, "epsilon": 7.6372813544423055, "tau": 669.1807908005511, "kronecker_kernel": true}}
{"target": 40.86623704987646, "params": {"C": 40.00319602934225, "epsilon": 0.9404955171737751, "tau": 352.6616934780926, "kronecker_kernel": true}}
{"target": 42.15037458210652, "params": {"C": 140.86302463670842, "epsilon": 0.2560563081991063, "tau": 946.8512521597381, "kronecker_kernel": true}}
{"target": 41.17741225449068, "params": {"C": 5.75542345480396, "epsilon": 4.0061452369205, "tau": 240.1995691459059, "kronecker_kernel": true}}
{"target": 44.92255984574466, "params": {"C": 122.39221822662314, "epsilon": 0.15247336538225187, "tau": 3.3874678277037447, "kronecker_kernel": true}}
{"target": 40.58784826549546, "params": {"C": 159.9764632653563, "epsilon": 6.3123217239451535, "tau": 18.27636443096476, "kronecker_kernel": true}}
{"target": 42.52992968478035, "params": {"C": 151.6195139340316, "epsilon": 9.646825567094199, "tau": 226.4554744500319, "kronecker_kernel": true}}
{"target": 42.714187972927405, "params": {"C": 224.3760764849853, "epsilon": 11.340438039462962, "tau": 317.7033200672639, "kronecker_kernel": true}}
{"target": 42.45830637098118, "params": {"C": 329.81448943232266, "epsilon": 7.072583921816129, "tau": 481.52879820493376, "kronecker_kernel": true}}
{"target": 40.46256985391566, "params": {"C": 16.89317637746546, "epsilon": 8.751029993034441, "tau": 175.23468749641728, "kronecker_kernel": true}}
{"target": 42.24876966988193, "params": {"C": 577.9988479500441, "epsilon": 2.792484883749994, "tau": 494.7536700989944, "kronecker_kernel": true}}
{"target": 40.44668030388174, "params": {"C": 17.225769800214334, "epsilon": 6.000309326076017, "tau": 183.5075857307554, "kronecker_kernel": true}}
{"target": 40.3987640199441, "params": {"C": 17.09990144525571, "epsilon": 6.520950117682551, "tau": 202.0573053433859, "kronecker_kernel": true}}
{"target": 40.699814049229445, "params": {"C": 16.590903472761347, "epsilon": 2.47936820878693, "tau": 128.4574942338097, "kronecker_kernel": true}}
{"target": 40.890873625558434, "params": {"C": 13.665899236262387, "epsilon": 2.9011284840416502, "tau": 113.5548321376865, "kronecker_kernel": true}}
{"target": 41.68813750275921, "params": {"C": 2.3062365951225985, "epsilon": 6.145408409966655, "tau": 437.6827933137325, "kronecker_kernel": true}}
{"target": 43.58154408703063, "params": {"C": 3.6452325735593636, "epsilon": 3.6824804284501615, "tau": 126.27441293715233, "kronecker_kernel": true}}
{"target": 50.59226510178997, "params": {"C": 30.562370240596053, "epsilon": 6.724012325769537, "tau": 5.165890772517038, "kronecker_kernel": true}}
{"target": 42.486477254038206, "params": {"C": 549.5238214316446, "epsilon": 7.576952954864727, "tau": 925.549348399212, "kronecker_kernel": true}}
{"target": 40.67643551383736, "params": {"C": 5.989700497445007, "epsilon": 4.3787720775779215, "tau": 343.72138374654696, "kronecker_kernel": true}}
{"target": 42.31807884832456, "params": {"C": 178.8662282257863, "epsilon": 6.128582257199525, "tau": 166.15116998993318, "kronecker_kernel": true}}
{"target": 40.337090811608306, "params": {"C": 21.857134950641765, "epsilon": 6.869863483716414, "tau": 311.8177952093849, "kronecker_kernel": true}}
{"target": 41.948948370226205, "params": {"C": 124.32543702196985, "epsilon": 0.440384770492505, "tau": 192.17647050869374, "kronecker_kernel": true}}
{"target": 41.25791402298762, "params": {"C": 79.96837182229257, "epsilon": 0.478015531818484, "tau": 154.09257315382587, "kronecker_kernel": true}}
{"target": 41.71608250269457, "params": {"C": 76.47011694163979, "epsilon": 0.48087987361706375, "tau": 264.14820119487587, "kronecker_kernel": true}}
{"target": 42.44648968510653, "params": {"C": 137.55369193564826, "epsilon": 9.031300270568984, "tau": 228.8951408450852, "kronecker_kernel": true}}
{"target": 42.43297700650113, "params": {"C": 212.17580675185985, "epsilon": 6.517506790241228, "tau": 397.0964569268085, "kronecker_kernel": true}}
{"target": 40.27886457598252, "params": {"C": 15.325685409973174, "epsilon": 9.270327661488729, "tau": 278.63176148773937, "kronecker_kernel": true}}
{"target": 40.264512925871536, "params": {"C": 16.22166134545248, "epsilon": 7.763679113140059, "tau": 314.6066060130031, "kronecker_kernel": true}}
{"target": 45.565742848537546, "params": {"C": 1.0860308434526154, "epsilon": 8.0289498208734, "tau": 290.3898588707599, "kronecker_kernel": true}}
{"target": 42.60032153496475, "params": {"C": 146.86661695642377, "epsilon": 9.478536415366111, "tau": 394.6503519623481, "kronecker_kernel": true}}
{"target": 42.493315635987, "params": {"C": 129.3903977648268, "epsilon": 14.072227947625745, "tau": 172.5246594769464, "kronecker_kernel": true}}
{"target": 42.72174829739989, "params": {"C": 104.87822611977494, "epsilon": 12.58928679193135, "tau": 391.09852097037196, "kronecker_kernel": true}}
{"target": 40.298072164915745, "params": {"C": 8.177389547416613, "epsilon": 8.895454161924306, "tau": 444.71070343165553, "kronecker_kernel": true}}
{"target": 42.30634740201411, "params": {"C": 66.77707924521545, "epsilon": 9.507529428896166, "tau": 365.5801133896334, "kronecker_kernel": true}}
{"target": 45.5479112889227, "params": {"C": 1.250133692399615, "epsilon": 7.991158345481862, "tau": 252.57717459772604, "kronecker_kernel": true}}
{"target": 40.274750560280665, "params": {"C": 11.851608593519046, "epsilon": 9.688733955796216, "tau": 342.57465099227966, "kronecker_kernel": true}}
{"target": 41.223432587718875, "params": {"C": 30.193874270886315, "epsilon": 6.53358577996527, "tau": 523.5641628144313, "kronecker_kernel": true}}
{"target": 40.30430887991555, "params": {"C": 20.35805154485328, "epsilon": 14.275406679123384, "tau": 217.40105725092025, "kronecker_kernel": true}}
{"target": 41.23885272177547, "params": {"C": 40.33429438428482, "epsilon": 15.572494896494451, "tau": 271.7422519332151, "kronecker_kernel": true}}
{"target": 42.76184761118594, "params": {"C": 123.11491383546101, "epsilon": 12.527568601737274, "tau": 526.30819516934, "kronecker_kernel": true}}
{"target": 42.16841848197268, "params": {"C": 39.38542121891592, "epsilon": 12.96928533107397, "tau": 542.670177552139, "kronecker_kernel": true}}
{"target": 42.6256966760467, "params": {"C": 89.27113711830424, "epsilon": 10.248841608387576, "tau": 499.0433524224247, "kronecker_kernel": true}}
{"target": 40.37989296586217, "params": {"C": 6.7595695781306615, "epsilon": 16.979422482487116, "tau": 482.14084558357206, "kronecker_kernel": true}}
{"target": 40.44319147108532, "params": {"C": 12.271389266597696, "epsilon": 12.298567709757295, "tau": 263.13358277252803, "kronecker_kernel": true}}
{"target": 42.55786664843728, "params": {"C": 105.24647298334207, "epsilon": 11.373664408721229, "tau": 274.22313789753264, "kronecker_kernel": true}}
{"target": 42.62850137902948, "params": {"C": 110.71802500814334, "epsilon": 13.167060554210925, "tau": 238.05906094047072, "kronecker_kernel": true}}
{"target": 42.37404804014086, "params": {"C": 213.1046290668064, "epsilon": 11.295396521329565, "tau": 105.08083035265753, "kronecker_kernel": true}}
{"target": 42.508067405094906, "params": {"C": 122.11015607398036, "epsilon": 11.364373700952038, "tau": 215.1940738440059, "kronecker_kernel": true}}
{"target": 40.60003712561178, "params": {"C": 58.47928845763299, "epsilon": 13.348674139249207, "tau": 124.88325688275285, "kronecker_kernel": true}}
{"target": 40.56898228733509, "params": {"C": 21.059239459049003, "epsilon": 11.273103456806991, "tau": 363.72274734638415, "kronecker_kernel": true}}
{"target": 43.13798556784394, "params": {"C": 6.169415859188227, "epsilon": 15.081816129211532, "tau": 113.18321519354951, "kronecker_kernel": true}}
{"target": 41.53261919940761, "params": {"C": 271.9204918656242, "epsilon": 15.024676590192263, "tau": 22.3169549084612, "kronecker_kernel": true}}
{"target": 40.93070631973389, "params": {"C": 33.17011573540955, "epsilon": 20.95737979068698, "tau": 185.18156652014446, "kronecker_kernel": true}}
{"target": 40.302172923802615, "params": {"C": 12.03384211326692, "epsilon": 14.50186240160218, "tau": 353.5278727072995, "kronecker_kernel": true}}
{"target": 43.19788732965661, "params": {"C": 99.53536661017435, "epsilon": 19.63381001168215, "tau": 346.6827689263182, "kronecker_kernel": true}}
{"target": 43.15398331003657, "params": {"C": 95.61067095484685, "epsilon": 19.877207087939276, "tau": 511.4388717085193, "kronecker_kernel": true}}
{"target": 41.77208121013335, "params": {"C": 41.24510146046005, "epsilon": 18.027227702351226, "tau": 342.20327807144577, "kronecker_kernel": true}}
{"target": 40.31995612513014, "params": {"C": 21.572323770797375, "epsilon": 8.877463362130863, "tau": 299.7331741617472, "kronecker_kernel": true}}
{"target": 41.727149130643504, "params": {"C": 41.82445853097831, "epsilon": 11.341637742074408, "tau": 406.30127775749145, "kronecker_kernel": true}}
{"target": 42.86502125994717, "params": {"C": 999.7884597853812, "epsilon": 15.136897726902857, "tau": 856.9849961710506, "kronecker_kernel": true}}
{"target": 42.18932295453557, "params": {"C": 53.11219999925633, "epsilon": 8.88573681788021, "tau": 427.8779457993294, "kronecker_kernel": true}}
{"target": 46.07525691482819, "params": {"C": 0.7094110932315303, "epsilon": 9.656421492733637, "tau": 411.5850156766285, "kronecker_kernel": true}}
{"target": 42.65192853580776, "params": {"C": 103.49621441542965, "epsilon": 11.737640874983548, "tau": 325.9592498582071, "kronecker_kernel": true}}
{"target": 40.34290011790497, "params": {"C": 9.525684193868948, "epsilon": 9.182713393927644, "tau": 351.7224385647098, "kronecker_kernel": true}}
{"target": 41.97895255550235, "params": {"C": 48.28056263426656, "epsilon": 6.675986638191969, "tau": 466.2557230994162, "kronecker_kernel": true}}
{"target": 42.15028358293135, "params": {"C": 491.4891563719145, "epsilon": 0.25321056445373813, "tau": 814.8270974063963, "kronecker_kernel": true}}
{"target": 42.37370067391196, "params": {"C": 180.4777683513924, "epsilon": 5.783939290039038, "tau": 302.06230637979473, "kronecker_kernel": true}}
{"target": 41.262700307902925, "params": {"C": 47.13337202344476, "epsilon": 8.648821067184302, "tau": 291.37621679428247, "kronecker_kernel": true}}
{"target": 45.69733038113553, "params": {"C": 0.9302106411566413, "epsilon": 8.288130201061888, "tau": 334.40917434342515, "kronecker_kernel": true}}
{"target": 41.820625962931885, "params": {"C": 66.12207506761891, "epsilon": 10.001076087525476, "tau": 283.6614263668511, "kronecker_kernel": true}}
{"target": 43.18011987691947, "params": {"C": 481.64775881982536, "epsilon": 20.348133907179445, "tau": 849.425747681877, "kronecker_kernel": true}}
{"target": 42.352029649072996, "params": {"C": 115.48096492465163, "epsilon": 9.079957329425147, "tau": 221.6129945854713, "kronecker_kernel": true}}
{"target": 41.624349809033575, "params": {"C": 2.778444525326636, "epsilon": 12.806169468743857, "tau": 399.4576027201693, "kronecker_kernel": true}}
{"target": 41.576968470322754, "params": {"C": 257.5653984963392, "epsilon": 4.560938376435277, "tau": 18.248551465022818, "kronecker_kernel": true}}
{"target": 41.30739739350053, "params": {"C": 162.13081754358262, "epsilon": 7.452701881368303, "tau": 33.78216908223103, "kronecker_kernel": true}}
{"target": 41.3647125140783, "params": {"C": 6.9032207734512525, "epsilon": 9.570749172370887, "tau": 177.46224148890656, "kronecker_kernel": true}}
{"target": 54.72092492460649, "params": {"C": 0.6123363393499943, "epsilon": 10.445527093341177, "tau": 141.86211292770088, "kronecker_kernel": true}}
{"target": 53.12212181685915, "params": {"C": 9.90842575558257, "epsilon": 4.043964922329632, "tau": 10.114106888977162, "kronecker_kernel": true}}
{"target": 40.43516823385944, "params": {"C": 10.83718027398362, "epsilon": 6.4310586584013425, "tau": 301.826168110715, "kronecker_kernel": true}}
{"target": 40.37727401680458, "params": {"C": 9.71733406281035, "epsilon": 3.9200904006151047, "tau": 428.03628236886834, "kronecker_kernel": true}}
{"target": 42.90485367293923, "params": {"C": 39.02049957193587, "epsilon": 7.4544080121119185, "tau": 16.404531534733565, "kronecker_kernel": true}}
{"target": 40.56391763748286, "params": {"C": 24.777835042304304, "epsilon": 7.967906731983759, "tau": 381.54312725883904, "kronecker_kernel": true}}
{"target": 40.363388040385914, "params": {"C": 12.83048470920976, "epsilon": 10.734510329835746, "tau": 265.98600146106713, "kronecker_kernel": true}}
{"target": 40.37767553343614, "params": {"C": 5.470887551574222, "epsilon": 7.498947479762845, "tau": 643.1496788807297, "kronecker_kernel": true}}
{"target": 43.85328721704558, "params": {"C": 849.7779918389333, "epsilon": 26.168651070616534, "tau": 194.10205082788332, "kronecker_kernel": true}}
{"target": 42.30175560355651, "params": {"C": 251.1334706812777, "epsilon": 4.14013039565759, "tau": 353.83623655885333, "kronecker_kernel": true}}
{"target": 41.612524435370226, "params": {"C": 56.01112226545098, "epsilon": 12.593563521231498, "tau": 277.7133255090084, "kronecker_kernel": true}}
{"target": 40.39783781596303, "params": {"C": 18.969075465777806, "epsilon": 11.151175600618568, "tau": 332.41571547165177, "kronecker_kernel": true}}
{"target": 41.19933216997581, "params": {"C": 54.64892559062987, "epsilon": 9.638772169899346, "tau": 238.18412371813014, "kronecker_kernel": true}}
{"target": 40.68261898805821, "params": {"C": 25.051004673948754, "epsilon": 15.900436423513153, "tau": 273.81914755977215, "kronecker_kernel": true}}
{"target": 42.16348352857819, "params": {"C": 91.35174705252643, "epsilon": 6.7247033462600765, "tau": 279.5635806904491, "kronecker_kernel": true}}
{"target": 41.7144250877329, "params": {"C": 1.7861396861787338, "epsilon": 4.47394748935318, "tau": 509.84810582885314, "kronecker_kernel": true}}
{"target": 42.310584988404216, "params": {"C": 966.7235869750336, "epsilon": 4.181617171631917, "tau": 381.1153627454038, "kronecker_kernel": true}}
{"target": 42.402808438735256, "params": {"C": 969.7499740808244, "epsilon": 11.463482426470128, "tau": 22.91750926849261, "kronecker_kernel": true}}
{"target": 41.064819993884, "params": {"C": 39.94792835164673, "epsilon": 2.4007401053668778, "tau": 395.2052492113512, "kronecker_kernel": true}}
{"target": 41.20354979924783, "params": {"C": 36.26232243870628, "epsilon": 5.902901848520608, "tau": 397.6037311486558, "kronecker_kernel": true}}
{"target": 41.6328009784696, "params": {"C": 2.8089682952011614, "epsilon": 3.4125180837099816, "tau": 308.860275030142, "kronecker_kernel": true}}
{"target": 42.20541403179122, "params": {"C": 77.13517630266264, "epsilon": 4.685802670994715, "tau": 401.69857717853597, "kronecker_kernel": true}}
{"target": 40.29240846725706, "params": {"C": 19.254093269181826, "epsilon": 4.906779302678694, "tau": 303.6623202797748, "kronecker_kernel": true}}
{"target": 41.04606932990631, "params": {"C": 6.504783388100753, "epsilon": 11.0055135211407, "tau": 230.89773954943038, "kronecker_kernel": true}}
{"target": 43.02473258010518, "params": {"C": 752.5882865166086, "epsilon": 18.04221138787705, "tau": 371.26660181711975, "kronecker_kernel": true}}
{"target": 41.782575444089424, "params": {"C": 124.73050876206631, "epsilon": 5.362571938539412, "tau": 146.3851507716575, "kronecker_kernel": true}}
{"target": 40.674858857967344, "params": {"C": 143.00014484844974, "epsilon": 13.918883087176766, "tau": 17.02878984919441, "kronecker_kernel": true}}
{"target": 40.92272698843901, "params": {"C": 29.069086590480808, "epsilon": 0.6357596600125723, "tau": 534.2054813057607, "kronecker_kernel": true}}
{"target": 42.17084591776753, "params": {"C": 175.80153198927846, "epsilon": 0.8329781640901546, "tau": 699.0210431770207, "kronecker_kernel": true}}
{"target": 40.36483446072829, "params": {"C": 15.14817328702825, "epsilon": 5.609841886605134, "tau": 286.25080289788895, "kronecker_kernel": true}}
{"target": 40.64498493262467, "params": {"C": 6.226571817536556, "epsilon": 5.944996366107121, "tau": 353.8335144712064, "kronecker_kernel": true}}
{"target": 42.78474247336845, "params": {"C": 367.6261431657078, "epsilon": 13.51203828266101, "tau": 460.9437736549279, "kronecker_kernel": true}}
{"target": 42.77624227372404, "params": {"C": 400.1558128120496, "epsilon": 13.40542742486336, "tau": 649.9231928017922, "kronecker_kernel": true}}
{"target": 40.37111073612492, "params": {"C": 15.397553739339193, "epsilon": 7.231641967869431, "tau": 243.03525099202207, "kronecker_kernel": true}}
{"target": 41.48026376159074, "params": {"C": 174.03139397975409, "epsilon": 1.0497920538774286, "tau": 38.681712550401784, "kronecker_kernel": true}}
{"target": 40.4390852462922, "params": {"C": 30.352158917435766, "epsilon": 6.622661669452529, "tau": 259.150678462025, "kronecker_kernel": true}}
{"target": 42.34761989106981, "params": {"C": 193.07692190828473, "epsilon": 5.835049695697373, "tau": 198.65521354406386, "kronecker_kernel": true}}
{"target": 40.356475372435554, "params": {"C": 17.99293134359594, "epsilon": 4.123852289998966, "tau": 214.89880277438436, "kronecker_kernel": true}}
{"target": 43.902517847379826, "params": {"C": 581.3773844578233, "epsilon": 29.467635091456, "tau": 615.7109525901716, "kronecker_kernel": true}}
{"target": 40.41545675232578, "params": {"C": 40.454369654898514, "epsilon": 5.342850375899902, "tau": 203.9662436572653, "kronecker_kernel": true}}
{"target": 42.49671753909073, "params": {"C": 155.02411373886133, "epsilon": 7.412229327317039, "tau": 324.3107118034899, "kronecker_kernel": true}}
{"target": 41.81260745294305, "params": {"C": 5.89056662133456, "epsilon": 7.122174653540345, "tau": 152.8798799436996, "kronecker_kernel": true}}
{"target": 42.62960729508835, "params": {"C": 216.62880276888228, "epsilon": 10.116906345315854, "tau": 414.5073223650246, "kronecker_kernel": true}}
{"target": 41.21651633961248, "params": {"C": 98.98523625125233, "epsilon": 7.40173219710304, "tau": 138.57995040868786, "kronecker_kernel": true}}
{"target": 40.75888658347945, "params": {"C": 10.889829187739034, "epsilon": 11.84456172678869, "tau": 206.07195994960892, "kronecker_kernel": true}}
{"target": 41.64635767945584, "params": {"C": 64.47801257139453, "epsilon": 7.1239744015520134, "tau": 239.37688319547897, "kronecker_kernel": true}}
{"target": 42.69428067046127, "params": {"C": 987.1660723842017, "epsilon": 11.72324974241857, "tau": 579.8592222516119, "kronecker_kernel": true}}
{"target": 41.75408612341736, "params": {"C": 3.099116275873378, "epsilon": 5.697947561927823, "tau": 313.9542424314709, "kronecker_kernel": true}}
{"target": 40.39315368642059, "params": {"C": 16.1803709722632, "epsilon": 1.2855697466791156, "tau": 256.9900199660729, "kronecker_kernel": true}}
{"target": 40.37919797214755, "params": {"C": 22.856969898161033, "epsilon": 3.6645889685956012, "tau": 195.70228239023692, "kronecker_kernel": true}}
{"target": 41.178743017373364, "params": {"C": 4.286956317771345, "epsilon": 3.478828144258922, "tau": 308.0633394680719, "kronecker_kernel": true}}
{"target": 40.810485159398105, "params": {"C": 4.774180873089057, "epsilon": 10.876373057648426, "tau": 401.45722226255083, "kronecker_kernel": true}}
{"target": 40.49402695166977, "params": {"C": 23.29209082364195, "epsilon": 10.171418994432422, "tau": 313.62708135786517, "kronecker_kernel": true}}
{"target": 42.27494289128919, "params": {"C": 139.9505395342282, "epsilon": 4.68270303801628, "tau": 242.16862843503165, "kronecker_kernel": true}}
{"target": 41.19582323942874, "params": {"C": 29.78638631015759, "epsilon": 15.099129695818144, "tau": 365.07523846452904, "kronecker_kernel": true}}
{"target": 42.60123977407231, "params": {"C": 168.0189255339464, "epsilon": 9.414919402267282, "tau": 289.10537450500766, "kronecker_kernel": true}}
{"target": 40.2596414072621, "params": {"C": 14.099743803354741, "epsilon": 8.131994877214265, "tau": 390.76471213931404, "kronecker_kernel": true}}
{"target": 42.29120726966703, "params": {"C": 182.09012143726773, "epsilon": 3.913768844961056, "tau": 334.05092781901953, "kronecker_kernel": true}}
{"target": 40.60954525601642, "params": {"C": 9.634157583676267, "epsilon": 8.401474513267376, "tau": 242.95402800187657, "kronecker_kernel": true}}
{"target": 40.885283725890005, "params": {"C": 42.07912905207347, "epsilon": 6.5145051650165415, "tau": 295.59415216097057, "kronecker_kernel": true}}
{"target": 40.851314867964156, "params": {"C": 33.89131395207906, "epsilon": 7.443571171731899, "tau": 335.92113859032423, "kronecker_kernel": true}}
{"target": 42.18515302661772, "params": {"C": 239.71428043585894, "epsilon": 1.230512938222927, "tau": 263.147767055607, "kronecker_kernel": true}}
{"target": 41.009003726324636, "params": {"C": 6.493648682958337, "epsilon": 8.138240607208377, "tau": 234.85221411634473, "kronecker_kernel": true}}
{"target": 41.84139422049734, "params": {"C": 45.4476837370412, "epsilon": 9.083474469851511, "tau": 443.50869141131034, "kronecker_kernel": true}}
{"target": 41.34420766642819, "params": {"C": 5.039765315183043, "epsilon": 9.980988941496854, "tau": 244.27872860002446, "kronecker_kernel": true}}
{"target": 42.32245202514888, "params": {"C": 135.8775773525861, "epsilon": 4.444833531333263, "tau": 456.65129872783325, "kronecker_kernel": true}}
{"target": 41.16284703936033, "params": {"C": 164.79242832753272, "epsilon": 10.005748555177638, "tau": 28.73770311975922, "kronecker_kernel": true}}
{"target": 40.64633497119873, "params": {"C": 54.397453125090685, "epsilon": 0.03873997756427361, "tau": 44.43128147446836, "kronecker_kernel": true}}
