{"target": 40.8796965252424, "params": {"C": 23.23983972972507, "epsilon": 7.584548505247074, "tau": 513.7621698188092, "kronecker_kernel": true}}
{"target": 40.55454028840098, "params": {"C": 19.625121675996837, "epsilon": 5.654521297250157, "tau": 494.67935470663866, "kronecker_kernel": true}}
{"target": 41.14807148530486, "params": {"C": 17.30774353111842, "epsilon": 3.4445862093519772, "tau": 67.40105207879677, "kronecker_kernel": true}}
{"target": 41.84712486850568, "params": {"C": 2.4336604343281856, "epsilon": 6.194990327300811, "tau": 347.73323062609495, "kronecker_kernel": true}}
{"target": 42.421147794988265, "params": {"C": 118.77756557036673, "epsilon": 6.786889537004176, "tau": 361.4843475150368, "kronecker_kernel": true}}
{"target": 40.357821635567326, "params": {"C": 12.451750201496422, "epsilon": 5.082087912193106, "tau": 372.6795179867675, "kronecker_kernel": true}}
{"target": 40.362155577072414, "params": {"C": 16.970572298179704, "epsilon": 6.81180394184579, "tau": 416.637759538191, "kronecker_kernel": true}}
{"target": 42.835566182735, "params": {"C": 263.4198906736489, "epsilon": 13.49596570837397, "tau": 262.0335732428496, "kronecker_kernel": true}}
{"target": 45.30095981390865, "params": {"C": 2.7333882636495854, "epsilon": 16.240686140143914, "tau": 147.58990383202593, "kronecker_kernel": true}}
{"target": 41.21207396445561, "params": {"C": 3.979604010926858, "epsilon": 4.177593391720826, "tau": 339.0161403297168, "kronecker_kernel": true}}
{"target": 42.86890815890022, "params": {"C": 162.31218507302756, "epsilon": 15.208073191094329, "tau": 175.68157040035422, "kronecker_kernel": true}}
{"target": 40.74393668877032, "params": {"C": 18.317603513326375, "epsilon": 12.643555780867434, "tau": 486.87375609213126, "kronecker_kernel": true}}
{"target": 40.60378643015465, "params": {"C": 19.440643237858986, "epsilon": 10.081669332074787, "tau": 460.40686389665683, "kronecker_kernel": true}}
{"target": 42.612438518428824, "params": {"C": 200.6074579869302, "epsilon": 9.952355307631375, "tau": 404.6829340441102, "kronecker_kernel": true}}
{"target": 42.625824137228605, "params": {"C": 151.19632403046398, "epsilon": 10.044416695550687, "tau": 387.70075187956115, "kronecker_kernel": true}}
{"target": 40.405781115105796, "params": {"C": 7.285625055986937, "epsilon": 8.341160070339892, "tau": 452.4961970057696, "kronecker_kernel": true}}
{"target": 42.75778132539025, "params": {"C": 176.88253024647423, "epsilon": 12.407701566968804, "tau": 421.7303445887433, "kronecker_kernel": true}}
{"target": 43.85123641953213, "params": {"C": 321.9738734048242, "epsilon": 25.171589139828534, "tau": 154.22032991373322, "kronecker_kernel": true}}
{"target": 41.63802860566784, "params": {"C": 190.6186943952159, "epsilon": 4.530057151491583, "tau": 71.51840176623755, "kronecker_kernel": true}}
{"target": 41.76817288011453, "params": {"C": 7.4082373326897555, "epsilon": 11.661713275883939, "tau": 142.03657701932627, "kronecker_kernel": true}}
{"target": 40.30928540461718, "params": {"C": 13.92915520892647, "epsilon": 13.008901013266033, "tau": 321.13835204437277, "kronecker_kernel": true}}
{"target": 42.45257034828662, "params": {"C": 236.39591859932742, "epsilon": 8.049522193946881, "tau": 145.20691017192934, "kronecker_kernel": true}}
{"target": 42.138408699414455, "params": {"C": 158.0322111238202, "epsilon": 11.405628774068795, "tau": 108.75872109270054, "kronecker_kernel": true}}
{"target": 41.94585996880773, "params": {"C": 124.70064919612187, "epsilon": 6.309611428269916, "tau": 162.48396094180777, "kronecker_kernel": true}}
{"target": 41.6410715477599, "params": {"C": 46.918405452973815, "epsilon": 12.868139079056002, "tau": 337.6301712079361, "kronecker_kernel": true}}
{"target": 41.05223986824975, "params": {"C": 30.172447070428767, "epsilon": 13.21566805890983, "tau": 350.34124000451345, "kronecker_kernel": true}}
{"target": 40.71965094906393, "params": {"C": 89.24925839892072, "epsilon": 5.495060729509046, "tau": 76.55438798713504, "kronecker_kernel": true}}
{"target": 42.70858431075633, "params": {"C": 147.41799638509573, "epsilon": 11.484694346186103, "tau": 315.2255012437907, "kronecker_kernel": true}}
{"target": 40.535982401213964, "params": {"C": 18.069964915012093, "epsilon": 11.790000323597525, "tau": 387.0148308963163, "kronecker_kernel": true}}
{"target": 40.34251750568883, "params": {"C": 18.787858641864887, "epsilon": 11.575222168599463, "tau": 290.07862535679345, "kronecker_kernel": true}}
{"target": 40.269817621224064, "params": {"C": 14.399785436591886, "epsilon": 6.929778039509214, "tau": 381.07914580448073, "kronecker_kernel": true}}
{"target": 40.596012860418675, "params": {"C": 22.14962296067632, "epsilon": 9.896902831857387, "tau": 404.9066282668463, "kronecker_kernel": true}}
{"target": 41.168556898797306, "params": {"C": 37.5633686014115, "epsilon": 17.73226466184684, "tau": 250.56527068627685, "kronecker_kernel": true}}
{"target": 45.64986862868057, "params": {"C": 107.02425129567477, "epsilon": 11.085089134534334, "tau": 3.47561025344217, "kronecker_kernel": true}}
{"target": 52.785468019782705, "params": {"C": 18.961926852162197, "epsilon": 11.415236896720222, "tau": 4.708391934219833, "kronecker_kernel": true}}
{"target": 40.396613711595634, "params": {"C": 16.39525674793619, "epsilon": 14.6989378410178, "tau": 316.6543162214406, "kronecker_kernel": true}}
{"target": 40.453177766244686, "params": {"C": 7.263948384334377, "epsilon": 9.146286981822321, "tau": 396.39184719336856, "kronecker_kernel": true}}
{"target": 42.39944995172507, "params": {"C": 287.16613263747973, "epsilon": 6.025025290504708, "tau": 562.7729698656108, "kronecker_kernel": true}}
{"target": 42.43804743059783, "params": {"C": 114.3526899924523, "epsilon": 7.758716588428065, "tau": 320.9943333390069, "kronecker_kernel": true}}
{"target": 42.1822307827437, "params": {"C": 187.0180246069259, "epsilon": 2.5075984458189957, "tau": 9.61324882230327, "kronecker_kernel": true}}
{"target": 42.513880803104044, "params": {"C": 223.02147275103866, "epsilon": 8.027317232633186, "tau": 561.7268668141512, "kronecker_kernel": true}}
{"target": 42.39485997677748, "params": {"C": 183.62002916152565, "epsilon": 5.970336007481818, "tau": 438.52225136205084, "kronecker_kernel": true}}
{"target": 42.42398640704702, "params": {"C": 169.35800313215407, "epsilon": 6.436003446508674, "tau": 550.6885473179426, "kronecker_kernel": true}}
{"target": 42.545885070192405, "params": {"C": 132.44056849898783, "epsilon": 8.738681999913148, "tau": 555.6818487528407, "kronecker_kernel": true}}
{"target": 42.510964505871954, "params": {"C": 143.5315019683461, "epsilon": 7.753618114702577, "tau": 425.645155248893, "kronecker_kernel": true}}
{"target": 42.13642775296512, "params": {"C": 180.86381025714576, "epsilon": 2.5077284289790067, "tau": 162.2245438251332, "kronecker_kernel": true}}
{"target": 42.391487139449225, "params": {"C": 111.65567904217761, "epsilon": 6.24808359467405, "tau": 388.3895269660885, "kronecker_kernel": true}}
{"target": 40.327183323951445, "params": {"C": 20.82131503921093, "epsilon": 7.957499240314408, "tau": 314.5272717015756, "kronecker_kernel": true}}
{"target": 40.62405175490338, "params": {"C": 6.7875083328970955, "epsilon": 7.283125882614118, "tau": 339.2553447893184, "kronecker_kernel": true}}
{"target": 42.88659868381141, "params": {"C": 141.5855665417352, "epsilon": 15.347254841276282, "tau": 325.51254155957423, "kronecker_kernel": true}}
{"target": 42.96972895435731, "params": {"C": 138.5472149903412, "epsilon": 16.37272873291393, "tau": 439.41084366850305, "kronecker_kernel": true}}
{"target": 42.227168587444446, "params": {"C": 4.099083049661658, "epsilon": 3.722730680188919, "tau": 171.8880358236404, "kronecker_kernel": true}}
{"target": 40.97542989133913, "params": {"C": 37.0045250904033, "epsilon": 13.621343280709272, "tau": 249.26892215658972, "kronecker_kernel": true}}
{"target": 40.36419652778359, "params": {"C": 25.718810530144005, "epsilon": 14.035055494006656, "tau": 201.92535561134227, "kronecker_kernel": true}}
{"target": 41.3762534180826, "params": {"C": 49.46449683837783, "epsilon": 11.274933028367611, "tau": 277.8426796975774, "kronecker_kernel": true}}
{"target": 42.53370160191306, "params": {"C": 196.42872662250414, "epsilon": 8.795093098728263, "tau": 195.61358126125398, "kronecker_kernel": true}}
{"target": 43.71307690404491, "params": {"C": 2.6088278829754152, "epsilon": 5.909582126742089, "tau": 186.26900426623777, "kronecker_kernel": true}}
{"target": 40.41561325023983, "params": {"C": 12.984003812069716, "epsilon": 12.033609307286014, "tau": 259.7108296566787, "kronecker_kernel": true}}
{"target": 43.11800123814782, "params": {"C": 2.0943909254643067, "epsilon": 1.8225899995578905, "tau": 240.21566450709503, "kronecker_kernel": true}}
{"target": 42.184712305036705, "params": {"C": 112.13233768627708, "epsilon": 8.455325341386413, "tau": 201.47779779107844, "kronecker_kernel": true}}
{"target": 41.98402726835244, "params": {"C": 149.8387417271153, "epsilon": 0.2849880077993241, "tau": 179.2278345799977, "kronecker_kernel": true}}
{"target": 43.80560596238267, "params": {"C": 937.7043159747825, "epsilon": 28.31754140626059, "tau": 689.8030515830193, "kronecker_kernel": true}}
{"target": 42.22291182583393, "params": {"C": 115.27410993557169, "epsilon": 5.371148117735043, "tau": 246.41344669155205, "kronecker_kernel": true}}
{"target": 40.89822325617918, "params": {"C": 126.14878189408839, "epsilon": 6.72072994280925, "tau": 35.08693348630255, "kronecker_kernel": true}}
