{"target": 61.027209167088266, "params": {"C": 3.5144520887928574, "epsilon": 4.394996723143181, "tau": 4.867807694888848, "kronecker_kernel": true}}
{"target": 63.30448788510957, "params": {"C": 1.7903965277036662, "epsilon": 2.7074194784693417, "tau": 2.0911042199851746, "kronecker_kernel": true}}
{"target": 63.68648588947396, "params": {"C": 1.0316973227823731, "epsilon": 4.890154172615082, "tau": 1.0836804374210585, "kronecker_kernel": true}}
{"target": 62.46109705612419, "params": {"C": 3.8766193313382282, "epsilon": 18.451696636932585, "tau": 5.904113728446312, "kronecker_kernel": true}}
{"target": 64.53640198755565, "params": {"C": 1.2995932363602876, "epsilon": 24.828298511716493, "tau": 1.956134939738931, "kronecker_kernel": true}}
{"target": 64.4734513850735, "params": {"C": 0.6758694394336026, "epsilon": 29.687193277379126, "tau": 8.749109641257595, "kronecker_kernel": true}}
{"target": 62.50274320278932, "params": {"C": 0.35355271024076207, "epsilon": 0.8333302682618666, "tau": 6.849026858385759, "kronecker_kernel": true}}
{"target": 58.461127666892196, "params": {"C": 2.4677644163789534, "epsilon": 2.355633118881043, "tau": 14.631133843850016, "kronecker_kernel": true}}
{"target": 64.63574868312064, "params": {"C": 0.23556842316947618, "epsilon": 27.65370047299861, "tau": 11.713783866123336, "kronecker_kernel": true}}
{"target": 62.58038146439435, "params": {"C": 0.6686483500994842, "epsilon": 0.4546162844675992, "tau": 3.434278341801732, "kronecker_kernel": true}}
{"target": 60.72181372780492, "params": {"C": 1.717621169350397, "epsilon": 18.69952947396012, "tau": 13.74812966433151, "kronecker_kernel": true}}
{"target": 63.157565686971154, "params": {"C": 1.1959237669252327, "epsilon": 21.354719835886844, "tau": 5.173828301899248, "kronecker_kernel": true}}
{"target": 62.620239523822214, "params": {"C": 0.8669245592714764, "epsilon": 22.70547099158581, "tau": 9.475366984721532, "kronecker_kernel": true}}
{"target": 62.962416597073414, "params": {"C": 1.510769987016397, "epsilon": 0.746034345502751, "tau": 4.29897254269096, "kronecker_kernel": true}}
{"target": 59.27077571436773, "params": {"C": 3.2095217558639275, "epsilon": 7.816726995539241, "tau": 19.09532584828995, "kronecker_kernel": true}}
{"target": 62.74328243299817, "params": {"C": 1.4054680761553802, "epsilon": 15.705542888137304, "tau": 13.05286206407579, "kronecker_kernel": true}}
{"target": 63.50177734589842, "params": {"C": 2.381093827713653, "epsilon": 8.19905700549918, "tau": 2.477477988208616, "kronecker_kernel": true}}
{"target": 62.35920619658275, "params": {"C": 2.3735027354415577, "epsilon": 16.176589444497523, "tau": 9.68182503072699, "kronecker_kernel": true}}
{"target": 63.80678438118866, "params": {"C": 0.30887138262877006, "epsilon": 14.385016211188585, "tau": 18.670866138607515, "kronecker_kernel": true}}
{"target": 62.93096312473656, "params": {"C": 0.9473072503026013, "epsilon": 15.259349012644874, "tau": 16.908633979062962, "kronecker_kernel": true}}
{"target": 62.49235235147224, "params": {"C": 3.304784919244868, "epsilon": 20.41105500838468, "tau": 2.147497261067693, "kronecker_kernel": true}}
{"target": 60.174700260545976, "params": {"C": 2.5977556454530677, "epsilon": 12.05361831323964, "tau": 11.213131745291307, "kronecker_kernel": true}}
{"target": 61.51922292897823, "params": {"C": 2.6893276612059838, "epsilon": 29.58050313159276, "tau": 11.925939850407092, "kronecker_kernel": true}}
{"target": 63.76202349297425, "params": {"C": 0.0560258465623808, "epsilon": 4.92282896413026, "tau": 4.596513248488652, "kronecker_kernel": true}}
{"target": 59.04112248750797, "params": {"C": 2.724985407272249, "epsilon": 0.5325938703966226, "tau": 17.454546787981695, "kronecker_kernel": true}}
{"target": 63.55566436562792, "params": {"C": 0.43840085672580076, "epsilon": 11.596473245402109, "tau": 16.08641911121257, "kronecker_kernel": true}}
{"target": 63.96777839249935, "params": {"C": 1.1771159144402075, "epsilon": 17.60160159184487, "tau": 4.509140979349568, "kronecker_kernel": true}}
{"target": 64.64221728376181, "params": {"C": 3.649251434475692, "epsilon": 25.247236078062635, "tau": 0.4301058038021807, "kronecker_kernel": true}}
{"target": 63.2983318985157, "params": {"C": 1.3750902434446426, "epsilon": 28.074361585150193, "tau": 13.72466772779877, "kronecker_kernel": true}}
{"target": 60.05092105838783, "params": {"C": 1.324408636529903, "epsilon": 3.7266915408714465, "tau": 19.153937309733628, "kronecker_kernel": true}}
{"target": 63.13151671367696, "params": {"C": 0.9872455225310938, "epsilon": 7.813411838895257, "tau": 9.92134457910399, "kronecker_kernel": true}}
{"target": 57.72442034311355, "params": {"C": 2.514340912218509, "epsilon": 16.094540541333377, "tau": 16.412057857250527, "kronecker_kernel": true}}
{"target": 57.95256860825733, "params": {"C": 3.2947011221100615, "epsilon": 1.7871755327187402, "tau": 19.43079374674899, "kronecker_kernel": true}}
{"target": 63.00206952329383, "params": {"C": 3.1207146776518355, "epsilon": 12.516978286106038, "tau": 4.427321229763171, "kronecker_kernel": true}}
{"target": 57.917569318584455, "params": {"C": 2.6512423882064375, "epsilon": 0.829544965665857, "tau": 18.81666948234078, "kronecker_kernel": true}}
{"target": 58.42759048541259, "params": {"C": 3.1274304967026847, "epsilon": 4.408505867501285, "tau": 19.37362727060879, "kronecker_kernel": true}}
{"target": 59.218338037580416, "params": {"C": 2.4989225211016635, "epsilon": 0.883822261276114, "tau": 13.554526516160687, "kronecker_kernel": true}}
{"target": 60.95819730787717, "params": {"C": 2.4813894453754446, "epsilon": 0.4237191914014834, "tau": 12.974734267040123, "kronecker_kernel": true}}
{"target": 55.7918821733143, "params": {"C": 3.6269154402463766, "epsilon": 0.35535900368136675, "tau": 19.010759274423805, "kronecker_kernel": true}}
{"target": 58.4196564508717, "params": {"C": 3.979477435105546, "epsilon": 4.224510433122452, "tau": 18.20568910796494, "kronecker_kernel": true}}
{"target": 55.03498942846721, "params": {"C": 3.9043314891611693, "epsilon": 2.1207650855321787, "tau": 19.206204393900688, "kronecker_kernel": true}}
{"target": 56.870085177671896, "params": {"C": 3.8574624361613457, "epsilon": 0.04508154837050382, "tau": 15.23043425209244, "kronecker_kernel": true}}
{"target": 59.72220996144004, "params": {"C": 3.4493192040727427, "epsilon": 21.961191616713236, "tau": 18.00415261988822, "kronecker_kernel": true}}
{"target": 58.81220829259911, "params": {"C": 2.968845303020189, "epsilon": 22.13805281526172, "tau": 16.323798771443993, "kronecker_kernel": true}}
{"target": 59.05814296629645, "params": {"C": 2.3076261791772543, "epsilon": 13.344595471353873, "tau": 18.619259005415703, "kronecker_kernel": true}}
{"target": 58.769595084039665, "params": {"C": 3.9360717199844206, "epsilon": 3.654126211598945, "tau": 13.665406683462622, "kronecker_kernel": true}}
{"target": 58.41324386832358, "params": {"C": 3.5353822105191752, "epsilon": 3.239470038261543, "tau": 13.392068816857217, "kronecker_kernel": true}}
{"target": 60.166048268237695, "params": {"C": 3.7563282524573056, "epsilon": 0.9362688151384099, "tau": 11.447581752389937, "kronecker_kernel": true}}
{"target": 42.67655566203065, "params": {"C": 237.345090481788, "epsilon": 10.799466826428834, "tau": 634.230922956676, "kronecker_kernel": true}}
{"target": 42.80606520812038, "params": {"C": 829.9845122782089, "epsilon": 12.946403750682194, "tau": 211.6481726291741, "kronecker_kernel": true}}
{"target": 42.326563135558686, "params": {"C": 645.7327853465207, "epsilon": 4.848876707598502, "tau": 170.07260346896737, "kronecker_kernel": true}}
{"target": 42.31277463181433, "params": {"C": 432.42206898357114, "epsilon": 4.248199630259833, "tau": 252.96623390519107, "kronecker_kernel": true}}
{"target": 43.155312439962, "params": {"C": 152.77464831398484, "epsilon": 19.973479269925125, "tau": 822.8236034669515, "kronecker_kernel": true}}
{"target": 43.84536304331694, "params": {"C": 182.27166979344275, "epsilon": 28.796893742191653, "tau": 451.8374427298326, "kronecker_kernel": true}}
{"target": 43.99850199701571, "params": {"C": 428.988304651911, "epsilon": 28.193354426579, "tau": 54.282746679689055, "kronecker_kernel": true}}
{"target": 42.38577970376635, "params": {"C": 858.0754106206175, "epsilon": 5.896854838653951, "tau": 132.88084900386116, "kronecker_kernel": true}}
{"target": 43.15204978992659, "params": {"C": 182.50436458273296, "epsilon": 19.033352487502178, "tau": 663.3958908015934, "kronecker_kernel": true}}
{"target": 43.19490220928307, "params": {"C": 722.9798735344172, "epsilon": 20.50865813474395, "tau": 557.4914179101224, "kronecker_kernel": true}}
{"target": 42.431862664918754, "params": {"C": 228.23579099552626, "epsilon": 6.650449146689612, "tau": 714.2769112084096, "kronecker_kernel": true}}
{"target": 42.518923659864036, "params": {"C": 352.7864745742251, "epsilon": 8.16402376996918, "tau": 362.9504411357725, "kronecker_kernel": true}}
{"target": 42.14607255125319, "params": {"C": 949.7533801734552, "epsilon": 0.13429210110693027, "tau": 634.7465945444078, "kronecker_kernel": true}}
{"target": 43.16356558317775, "params": {"C": 604.1807840834172, "epsilon": 20.10062824082677, "tau": 697.6484011173641, "kronecker_kernel": true}}
{"target": 42.80865392789094, "params": {"C": 358.181212441193, "epsilon": 14.063083048018415, "tau": 858.1749315477674, "kronecker_kernel": true}}
{"target": 42.478063393731496, "params": {"C": 354.598741650277, "epsilon": 7.394104400562125, "tau": 788.9212383635248, "kronecker_kernel": true}}
{"target": 43.59686995554961, "params": {"C": 78.16686488179904, "epsilon": 25.68900789564656, "tau": 767.4714998548391, "kronecker_kernel": true}}
{"target": 43.55030061239377, "params": {"C": 751.6935373154986, "epsilon": 25.122650724798326, "tau": 550.8715260699429, "kronecker_kernel": true}}
{"target": 43.29229096526275, "params": {"C": 63.110262197122495, "epsilon": 29.753187575809534, "tau": 297.67570731597857, "kronecker_kernel": true}}
{"target": 42.05800307141352, "params": {"C": 131.4870054462781, "epsilon": 3.969553453541148, "tau": 188.78487944726155, "kronecker_kernel": true}}
{"target": 43.158844356239555, "params": {"C": 900.0601934575456, "epsilon": 19.924658105505962, "tau": 238.08164416752223, "kronecker_kernel": true}}
{"target": 43.72038009767711, "params": {"C": 255.07628761807854, "epsilon": 27.239449896489727, "tau": 685.1797311558935, "kronecker_kernel": true}}
{"target": 43.06409387528243, "params": {"C": 287.8103645389043, "epsilon": 18.558313422312203, "tau": 487.8008243889746, "kronecker_kernel": true}}
{"target": 43.34308057888296, "params": {"C": 484.657219478624, "epsilon": 22.535266145216653, "tau": 447.73501200931713, "kronecker_kernel": true}}
{"target": 43.37064079289845, "params": {"C": 158.86011045536026, "epsilon": 22.875086077304672, "tau": 892.0994276390652, "kronecker_kernel": true}}
{"target": 43.23376730981193, "params": {"C": 742.7592368348039, "epsilon": 21.102616399125527, "tau": 689.8648891048009, "kronecker_kernel": true}}
{"target": 42.13666570643325, "params": {"C": 544.6212192880959, "epsilon": 0.6823236526841314, "tau": 71.91836368665729, "kronecker_kernel": true}}
{"target": 42.48219279078828, "params": {"C": 436.73234908219507, "epsilon": 7.488304735990271, "tau": 306.6211618863521, "kronecker_kernel": true}}
{"target": 43.277734109797656, "params": {"C": 61.29723620643537, "epsilon": 24.024222361790024, "tau": 484.9519885032786, "kronecker_kernel": true}}
{"target": 42.73449619125613, "params": {"C": 206.70803761356888, "epsilon": 12.574648835371692, "tau": 923.631134825621, "kronecker_kernel": true}}
{"target": 42.66913114047054, "params": {"C": 885.6683382080229, "epsilon": 10.783035442277585, "tau": 225.0167591570556, "kronecker_kernel": true}}
{"target": 43.68395908333869, "params": {"C": 858.9709531357819, "epsilon": 26.79400682019753, "tau": 439.20821037235095, "kronecker_kernel": true}}
{"target": 45.328831815449846, "params": {"C": 130.08988236728973, "epsilon": 29.640891984253965, "tau": 5.421974757394295, "kronecker_kernel": true}}
{"target": 42.17922058378741, "params": {"C": 933.9182334765034, "epsilon": 1.0734255463810503, "tau": 843.0303386874302, "kronecker_kernel": true}}
{"target": 42.181994472069086, "params": {"C": 963.9916680264877, "epsilon": 1.13019671109826, "tau": 614.5317806308348, "kronecker_kernel": true}}
{"target": 40.463476229038335, "params": {"C": 53.561482569839654, "epsilon": 1.7327754072747457, "tau": 57.37348864405327, "kronecker_kernel": true}}
{"target": 42.25342578350556, "params": {"C": 797.9144224411561, "epsilon": 2.8855404323541918, "tau": 740.8346926535054, "kronecker_kernel": true}}
{"target": 42.285661595789534, "params": {"C": 891.7343929675122, "epsilon": 3.678376490855887, "tau": 772.3548763514359, "kronecker_kernel": true}}
{"target": 40.38960126667756, "params": {"C": 28.609814829567043, "epsilon": 2.0450946411084727, "tau": 186.115089916223, "kronecker_kernel": true}}
{"target": 40.14082817555004, "params": {"C": 78.09215441420795, "epsilon": 1.6313749248875837, "tau": 69.07047394825632, "kronecker_kernel": true}}
{"target": 40.801140268792025, "params": {"C": 77.65040799975726, "epsilon": 1.2445900912528476, "tau": 141.28227077632278, "kronecker_kernel": true}}
{"target": 40.41559338699124, "params": {"C": 66.1318347845271, "epsilon": 5.164533407360347, "tau": 48.48331679330256, "kronecker_kernel": true}}
{"target": 40.14410793553768, "params": {"C": 81.86517265024533, "epsilon": 2.8389694686030813, "tau": 44.753377076831406, "kronecker_kernel": true}}
{"target": 40.787156414415506, "params": {"C": 78.0645536978114, "epsilon": 2.9628835339981494, "tau": 17.795820982732835, "kronecker_kernel": true}}
{"target": 41.48168122697932, "params": {"C": 12.48422285001472, "epsilon": 0.40578098515226935, "tau": 70.38776930645187, "kronecker_kernel": true}}
{"target": 40.86133327649044, "params": {"C": 103.21107059576983, "epsilon": 10.077982144024443, "tau": 64.22142856154655, "kronecker_kernel": true}}
{"target": 44.60948516676916, "params": {"C": 77.03320782245119, "epsilon": 3.0483329501957677, "tau": 4.59005264266014, "kronecker_kernel": true}}
{"target": 40.29061566143046, "params": {"C": 106.11018844324148, "epsilon": 12.505837293362701, "tau": 47.80621212286727, "kronecker_kernel": true}}
{"target": 41.20067489905394, "params": {"C": 154.07912358333613, "epsilon": 11.682602196622444, "tau": 53.72591015583469, "kronecker_kernel": true}}
{"target": 42.19658471961763, "params": {"C": 124.43323433179825, "epsilon": 1.5300741735752443, "tau": 408.6855208805003, "kronecker_kernel": true}}
{"target": 42.06909516447615, "params": {"C": 63.44742498017286, "epsilon": 4.423726198564171, "tau": 411.37716339696976, "kronecker_kernel": true}}
{"target": 41.55047983145598, "params": {"C": 178.7449574830167, "epsilon": 19.0574992945488, "tau": 35.85511455422585, "kronecker_kernel": true}}
{"target": 42.20002453081684, "params": {"C": 134.73876967616144, "epsilon": 1.6344919494937244, "tau": 471.50669249911726, "kronecker_kernel": true}}
{"target": 42.93411591727622, "params": {"C": 107.77401082687882, "epsilon": 16.915378433930822, "tau": 255.75128330613072, "kronecker_kernel": true}}
{"target": 42.07633307946711, "params": {"C": 204.40375548734403, "epsilon": 18.836298739147395, "tau": 53.56951403824489, "kronecker_kernel": true}}
{"target": 40.28810278021176, "params": {"C": 23.621960082488087, "epsilon": 5.010958824479268, "tau": 246.90726095013568, "kronecker_kernel": true}}
{"target": 41.53749550671752, "params": {"C": 343.836270566661, "epsilon": 7.340675307668989, "tau": 10.540645100139777, "kronecker_kernel": true}}
{"target": 40.290830670775144, "params": {"C": 21.61539926451851, "epsilon": 9.382729537647457, "tau": 282.94383911486545, "kronecker_kernel": true}}
{"target": 42.469961987374376, "params": {"C": 103.07802087779753, "epsilon": 8.984156078964698, "tau": 309.2568006205638, "kronecker_kernel": true}}
{"target": 42.16285538622764, "params": {"C": 313.43691495279757, "epsilon": 0.7334604314944748, "tau": 190.2205140852332, "kronecker_kernel": true}}
{"target": 42.25398299407554, "params": {"C": 126.56544466272676, "epsilon": 7.650557377691363, "tau": 197.23349426062748, "kronecker_kernel": true}}
{"target": 40.90356767561685, "params": {"C": 26.356351070891062, "epsilon": 10.391608021037362, "tau": 414.1388669207701, "kronecker_kernel": true}}
{"target": 45.24479825020418, "params": {"C": 1.5033839246309242, "epsilon": 11.327581266459553, "tau": 275.57408612460654, "kronecker_kernel": true}}
{"target": 42.36926832577236, "params": {"C": 2.172847049792196, "epsilon": 9.393106424853647, "tau": 346.5813032844839, "kronecker_kernel": true}}
{"target": 40.54440149170994, "params": {"C": 17.253437800796846, "epsilon": 13.171205065514199, "tau": 380.0324994397582, "kronecker_kernel": true}}
{"target": 41.61836026818787, "params": {"C": 57.93523466263717, "epsilon": 5.878976418526442, "tau": 316.1441821190274, "kronecker_kernel": true}}
{"target": 40.431610982009104, "params": {"C": 36.93644708375841, "epsilon": 9.001597024866186, "tau": 81.5574115743801, "kronecker_kernel": true}}
{"target": 40.892007849654576, "params": {"C": 60.41830555751657, "epsilon": 3.3431581284372456, "tau": 207.6499471537996, "kronecker_kernel": true}}
{"target": 40.658777201483545, "params": {"C": 15.676648261363013, "epsilon": 6.959756465504489, "tau": 138.05175508337098, "kronecker_kernel": true}}
{"target": 41.24267335482868, "params": {"C": 6.332646048804097, "epsilon": 4.6550418155360855, "tau": 192.8907575827256, "kronecker_kernel": true}}
{"target": 41.74107350417737, "params": {"C": 250.66193224724685, "epsilon": 4.780037412335445, "tau": 57.30454386009849, "kronecker_kernel": true}}
{"target": 40.15709094003644, "params": {"C": 68.97399164016234, "epsilon": 8.144450594107562, "tau": 86.02983285270784, "kronecker_kernel": true}}
{"target": 42.332983985165036, "params": {"C": 201.66843824273667, "epsilon": 5.124921969213392, "tau": 203.44476511166806, "kronecker_kernel": true}}
{"target": 41.147787920363925, "params": {"C": 19.53060941287167, "epsilon": 14.432958600682806, "tau": 97.85868383051233, "kronecker_kernel": true}}
{"target": 41.67040532055105, "params": {"C": 212.0260480929178, "epsilon": 0.23116499440981841, "tau": 79.42298512387234, "kronecker_kernel": true}}
{"target": 42.3586348932889, "params": {"C": 245.1255673494312, "epsilon": 5.470116005848545, "tau": 188.95766938024644, "kronecker_kernel": true}}
{"target": 41.49993329240224, "params": {"C": 44.94471178877785, "epsilon": 12.534877780484244, "tau": 26.03233613674496, "kronecker_kernel": true}}
{"target": 41.40116648782144, "params": {"C": 18.982088129695487, "epsilon": 7.443717604090643, "tau": 63.140264252276, "kronecker_kernel": true}}
{"target": 40.21617587585066, "params": {"C": 96.8371285081773, "epsilon": 6.753654884643174, "tau": 36.0955282760378, "kronecker_kernel": true}}
{"target": 41.52535662734596, "params": {"C": 228.8508749809505, "epsilon": 8.096580530199923, "tau": 44.98625318981655, "kronecker_kernel": true}}
{"target": 40.371311850337314, "params": {"C": 19.097619576080533, "epsilon": 2.3673763243557473, "tau": 288.6909674853423, "kronecker_kernel": true}}
{"target": 41.564614177413205, "params": {"C": 41.06098984785783, "epsilon": 8.858979051384445, "tau": 23.813729868783042, "kronecker_kernel": true}}
{"target": 43.872645095199175, "params": {"C": 504.86928203048535, "epsilon": 29.16325102031763, "tau": 924.9819048807481, "kronecker_kernel": true}}
{"target": 42.50612690123223, "params": {"C": 240.23237158880846, "epsilon": 8.848556000987923, "tau": 146.3893400802683, "kronecker_kernel": true}}
{"target": 42.212856685017094, "params": {"C": 167.41063310938165, "epsilon": 2.0003819184640097, "tau": 325.9520069491592, "kronecker_kernel": true}}
{"target": 40.355489269143575, "params": {"C": 29.198529097833486, "epsilon": 1.305028743981108, "tau": 255.29251043712912, "kronecker_kernel": true}}
{"target": 43.15106584260441, "params": {"C": 573.4732899919474, "epsilon": 19.31814699081299, "tau": 43.92282664091812, "kronecker_kernel": true}}
{"target": 42.131183875724844, "params": {"C": 108.26533843451695, "epsilon": 2.119282759357896, "tau": 319.86263258207646, "kronecker_kernel": true}}
{"target": 40.569720573354914, "params": {"C": 36.06922542571678, "epsilon": 5.457388447447741, "tau": 278.49765333678954, "kronecker_kernel": true}}
{"target": 40.87177249297982, "params": {"C": 33.12091704701676, "epsilon": 3.1361055152115496, "tau": 375.34633123234994, "kronecker_kernel": true}}
{"target": 40.48442060840691, "params": {"C": 33.981479245935546, "epsilon": 3.2699876365192573, "tau": 263.52614969247924, "kronecker_kernel": true}}
{"target": 42.09058497538756, "params": {"C": 106.15005356375197, "epsilon": 2.545470581965414, "tau": 262.7620373092507, "kronecker_kernel": true}}
{"target": 40.38651620687898, "params": {"C": 15.165800216767206, "epsilon": 3.5231232046750147, "tau": 314.1147273914587, "kronecker_kernel": true}}
{"target": 42.67475969467041, "params": {"C": 700.1803672323865, "epsilon": 11.363499926549595, "tau": 528.7644182284527, "kronecker_kernel": true}}
{"target": 42.17960889324753, "params": {"C": 176.3413460002473, "epsilon": 2.7387221727817557, "tau": 186.83284978696597, "kronecker_kernel": true}}
{"target": 43.4965806011893, "params": {"C": 962.3602391752686, "epsilon": 24.446643957170146, "tau": 891.6870261087413, "kronecker_kernel": true}}
{"target": 40.3872685109863, "params": {"C": 33.34950806312597, "epsilon": 3.711750585418331, "tau": 240.1805126722955, "kronecker_kernel": true}}
{"target": 42.834815682861056, "params": {"C": 316.09221762490944, "epsilon": 13.21830147146383, "tau": 188.149331719406, "kronecker_kernel": true}}
{"target": 40.39616268434594, "params": {"C": 20.970766937952884, "epsilon": 0.05639932254685087, "tau": 233.80234833967293, "kronecker_kernel": true}}
