[I 2025-07-20 01:41:25,770] Trial 27 finished with value: 43.165941019510925 and parameters: {'C': 18.851582726961553, 'epsilon': 20.130485714603598, 'tau': 8.407854724315728}. Best is trial 15 with value: 42.16584197977094.
/home/alber/env/lib/python3.11/site-packages/cvxpy/atoms/quad_form.py:226: UserWarning: Forming a nonconvex expression quad_form(x, indefinite).
  warnings.warn("Forming a nonconvex expression quad_form(x, indefinite).")
/home/alber/env/lib/python3.11/site-packages/cvxpy/atoms/quad_form.py:226: UserWarning: Forming a nonconvex expression quad_form(x, indefinite).
  warnings.warn("Forming a nonconvex expression quad_form(x, indefinite).")
/home/alber/env/lib/python3.11/site-packages/cvxpy/atoms/quad_form.py:226: UserWarning: Forming a nonconvex expression quad_form(x, indefinite).
  warnings.warn("Forming a nonconvex expression quad_form(x, indefinite).")
/home/alber/env/lib/python3.11/site-packages/cvxpy/atoms/quad_form.py:226: UserWarning: Forming a nonconvex expression quad_form(x, indefinite).
  warnings.warn("Forming a nonconvex expression quad_form(x, indefinite).")
/home/alber/env/lib/python3.11/site-packages/cvxpy/atoms/quad_form.py:226: UserWarning: Forming a nonconvex expression quad_form(x, indefinite).
  warnings.warn("Forming a nonconvex expression quad_form(x, indefinite).")
trail number 28
[I 2025-07-20 01:42:14,599] Trial 28 finished with value: 43.52575771421162 and parameters: {'C': 19.013959452765537, 'epsilon': 24.812983753456223, 'tau': 0.9400135095212314}. Best is trial 15 with value: 42.16584197977094.
trail number 29
[I 2025-07-20 01:42:21,106] Trial 29 finished with value: 42.41325248463768 and parameters: {'C': 10.935130623649458, 'epsilon': 6.3710071386427956, 'tau': 5.97932538825041}. Best is trial 15 with value: 42.16584197977094.
/home/alber/env/lib/python3.11/site-packages/cvxpy/atoms/quad_form.py:226: UserWarning: Forming a nonconvex expression quad_form(x, indefinite).
  warnings.warn("Forming a nonconvex expression quad_form(x, indefinite).")
/home/alber/env/lib/python3.11/site-packages/cvxpy/atoms/quad_form.py:226: UserWarning: Forming a nonconvex expression quad_form(x, indefinite).
  warnings.warn("Forming a nonconvex expression quad_form(x, indefinite).")
trail number 30
[I 2025-07-20 01:42:27,864] Trial 30 finished with value: 43.74360192114521 and parameters: {'C': 2.0722403651597254, 'epsilon': 27.54955633364121, 'tau': 2.5000645369483685}. Best is trial 15 with value: 42.16584197977094.
trail number 31
[I 2025-07-20 01:42:33,894] Trial 31 finished with value: 42.342726006239474 and parameters: {'C': 15.849025985690707, 'epsilon': 4.983606762592275, 'tau': 2.4364870567681787}. Best is trial 15 with value: 42.16584197977094.
/home/alber/env/lib/python3.11/site-packages/cvxpy/atoms/quad_form.py:226: UserWarning: Forming a nonconvex expression quad_form(x, indefinite).
  warnings.warn("Forming a nonconvex expression quad_form(x, indefinite).")
/home/alber/env/lib/python3.11/site-packages/cvxpy/atoms/quad_form.py:226: UserWarning: Forming a nonconvex expression quad_form(x, indefinite).
  warnings.warn("Forming a nonconvex expression quad_form(x, indefinite).")
/home/alber/env/lib/python3.11/site-packages/cvxpy/atoms/quad_form.py:226: UserWarning: Forming a nonconvex expression quad_form(x, indefinite).
  warnings.warn("Forming a nonconvex expression quad_form(x, indefinite).")
/home/alber/env/lib/python3.11/site-packages/cvxpy/atoms/quad_form.py:226: UserWarning: Forming a nonconvex expression quad_form(x, indefinite).
  warnings.warn("Forming a nonconvex expression quad_form(x, indefinite).")
/home/alber/env/lib/python3.11/site-packages/cvxpy/atoms/quad_form.py:226: UserWarning: Forming a nonconvex expression quad_form(x, indefinite).
  warnings.warn("Forming a nonconvex expression quad_form(x, indefinite).")
/home/alber/env/lib/python3.11/site-packages/cvxpy/atoms/quad_form.py:226: UserWarning: Forming a nonconvex expression quad_form(x, indefinite).
  warnings.warn("Forming a nonconvex expression quad_form(x, indefinite).")
/home/alber/env/lib/python3.11/site-packages/cvxpy/atoms/quad_form.py:226: UserWarning: Forming a nonconvex expression quad_form(x, indefinite).
  warnings.warn("Forming a nonconvex expression quad_form(x, indefinite).")
trail number 32
[I 2025-07-20 01:43:26,956] Trial 32 finished with value: 43.059916543895454 and parameters: {'C': 3.194450941017504, 'epsilon': 18.553293754817595, 'tau': 1.6796860431352685}. Best is trial 15 with value: 42.16584197977094.
trail number 33
[I 2025-07-20 01:43:30,174] Trial 33 finished with value: 42.14325487705057 and parameters: {'C': 19.750092082549756, 'epsilon': 0.055032020615646715, 'tau': 9.153632485366927}. Best is trial 33 with value: 42.14325487705057.
/home/alber/env/lib/python3.11/site-packages/cvxpy/atoms/quad_form.py:226: UserWarning: Forming a nonconvex expression quad_form(x, indefinite).
  warnings.warn("Forming a nonconvex expression quad_form(x, indefinite).")
/home/alber/env/lib/python3.11/site-packages/cvxpy/atoms/quad_form.py:226: UserWarning: Forming a nonconvex expression quad_form(x, indefinite).
  warnings.warn("Forming a nonconvex expression quad_form(x, indefinite).")
trail number 34
[I 2025-07-20 01:43:36,735] Trial 34 finished with value: 42.2441076260947 and parameters: {'C': 18.830202279550463, 'epsilon': 2.6873105746787163, 'tau': 8.703790204090271}. Best is trial 33 with value: 42.14325487705057.
trail number 35
[I 2025-07-20 01:43:42,942] Trial 35 finished with value: 42.37251697239789 and parameters: {'C': 15.4606970511144, 'epsilon': 5.576591702637584, 'tau': 8.89392472051025}. Best is trial 33 with value: 42.14325487705057.
/home/alber/env/lib/python3.11/site-packages/cvxpy/atoms/quad_form.py:226: UserWarning: Forming a nonconvex expression quad_form(x, indefinite).
  warnings.warn("Forming a nonconvex expression quad_form(x, indefinite).")
/home/alber/env/lib/python3.11/site-packages/cvxpy/atoms/quad_form.py:226: UserWarning: Forming a nonconvex expression quad_form(x, indefinite).
  warnings.warn("Forming a nonconvex expression quad_form(x, indefinite).")
/home/alber/env/lib/python3.11/site-packages/cvxpy/atoms/quad_form.py:226: UserWarning: Forming a nonconvex expression quad_form(x, indefinite).
  warnings.warn("Forming a nonconvex expression quad_form(x, indefinite).")
/home/alber/env/lib/python3.11/site-packages/cvxpy/atoms/quad_form.py:226: UserWarning: Forming a nonconvex expression quad_form(x, indefinite).
  warnings.warn("Forming a nonconvex expression quad_form(x, indefinite).")
/home/alber/env/lib/python3.11/site-packages/cvxpy/atoms/quad_form.py:226: UserWarning: Forming a nonconvex expression quad_form(x, indefinite).
  warnings.warn("Forming a nonconvex expression quad_form(x, indefinite).")
/home/alber/env/lib/python3.11/site-packages/cvxpy/atoms/quad_form.py:226: UserWarning: Forming a nonconvex expression quad_form(x, indefinite).
  warnings.warn("Forming a nonconvex expression quad_form(x, indefinite).")
/home/alber/env/lib/python3.11/site-packages/cvxpy/atoms/quad_form.py:226: UserWarning: Forming a nonconvex expression quad_form(x, indefinite).
  warnings.warn("Forming a nonconvex expression quad_form(x, indefinite).")
/home/alber/env/lib/python3.11/site-packages/cvxpy/atoms/quad_form.py:226: UserWarning: Forming a nonconvex expression quad_form(x, indefinite).
  warnings.warn("Forming a nonconvex expression quad_form(x, indefinite).")
trail number 36
[I 2025-07-20 01:44:39,554] Trial 36 finished with value: 42.23548491916243 and parameters: {'C': 19.147456986049455, 'epsilon': 2.4762203905548437, 'tau': 7.515795705678231}. Best is trial 33 with value: 42.14325487705057.
trail number 37
[I 2025-07-20 01:44:42,408] Trial 37 finished with value: 42.1682751206172 and parameters: {'C': 19.111444702032827, 'epsilon': 0.7590746395699197, 'tau': 9.392903041018371}. Best is trial 33 with value: 42.14325487705057.
/home/alber/env/lib/python3.11/site-packages/cvxpy/atoms/quad_form.py:226: UserWarning: Forming a nonconvex expression quad_form(x, indefinite).
  warnings.warn("Forming a nonconvex expression quad_form(x, indefinite).")
/home/alber/env/lib/python3.11/site-packages/cvxpy/atoms/quad_form.py:226: UserWarning: Forming a nonconvex expression quad_form(x, indefinite).
  warnings.warn("Forming a nonconvex expression quad_form(x, indefinite).")
trail number 38
[I 2025-07-20 01:44:49,965] Trial 38 finished with value: 42.21039839580832 and parameters: {'C': 19.234086802666578, 'epsilon': 1.8748484919634567, 'tau': 9.344408219261357}. Best is trial 33 with value: 42.14325487705057.
/home/alber/env/lib/python3.11/site-packages/cvxpy/atoms/quad_form.py:226: UserWarning: Forming a nonconvex expression quad_form(x, indefinite).
  warnings.warn("Forming a nonconvex expression quad_form(x, indefinite).")
trail number 39
[I 2025-07-20 01:44:56,502] Trial 39 finished with value: 42.148360097176024 and parameters: {'C': 19.49070569528768, 'epsilon': 0.19945786732519286, 'tau': 8.36546656187021}. Best is trial 33 with value: 42.14325487705057.
/home/alber/env/lib/python3.11/site-packages/cvxpy/atoms/quad_form.py:226: UserWarning: Forming a nonconvex expression quad_form(x, indefinite).
  warnings.warn("Forming a nonconvex expression quad_form(x, indefinite).")
/home/alber/env/lib/python3.11/site-packages/cvxpy/atoms/quad_form.py:226: UserWarning: Forming a nonconvex expression quad_form(x, indefinite).
  warnings.warn("Forming a nonconvex expression quad_form(x, indefinite).")
/home/alber/env/lib/python3.11/site-packages/cvxpy/atoms/quad_form.py:226: UserWarning: Forming a nonconvex expression quad_form(x, indefinite).
  warnings.warn("Forming a nonconvex expression quad_form(x, indefinite).")
/home/alber/env/lib/python3.11/site-packages/cvxpy/atoms/quad_form.py:226: UserWarning: Forming a nonconvex expression quad_form(x, indefinite).
  warnings.warn("Forming a nonconvex expression quad_form(x, indefinite).")
/home/alber/env/lib/python3.11/site-packages/cvxpy/atoms/quad_form.py:226: UserWarning: Forming a nonconvex expression quad_form(x, indefinite).
  warnings.warn("Forming a nonconvex expression quad_form(x, indefinite).")
/home/alber/env/lib/python3.11/site-packages/cvxpy/atoms/quad_form.py:226: UserWarning: Forming a nonconvex expression quad_form(x, indefinite).
  warnings.warn("Forming a nonconvex expression quad_form(x, indefinite).")
/home/alber/env/lib/python3.11/site-packages/cvxpy/atoms/quad_form.py:226: UserWarning: Forming a nonconvex expression quad_form(x, indefinite).
  warnings.warn("Forming a nonconvex expression quad_form(x, indefinite).")
/home/alber/env/lib/python3.11/site-packages/cvxpy/atoms/quad_form.py:226: UserWarning: Forming a nonconvex expression quad_form(x, indefinite).
  warnings.warn("Forming a nonconvex expression quad_form(x, indefinite).")
/home/alber/env/lib/python3.11/site-packages/cvxpy/atoms/quad_form.py:226: UserWarning: Forming a nonconvex expression quad_form(x, indefinite).
  warnings.warn("Forming a nonconvex expression quad_form(x, indefinite).")
trail number 40
[I 2025-07-20 01:46:00,918] Trial 40 finished with value: 42.21700569102573 and parameters: {'C': 19.551149990749376, 'epsilon': 2.0302452515806824, 'tau': 6.2411170989707765}. Best is trial 33 with value: 42.14325487705057.
trail number 42
[I 2025-07-20 01:46:02,251] Trial 42 finished with value: 42.15210042084063 and parameters: {'C': 19.49702750889559, 'epsilon': 0.3042667843640616, 'tau': 8.888527915972222}. Best is trial 33 with value: 42.14325487705057.
trail number 41
[I 2025-07-20 01:46:04,619] Trial 41 finished with value: 42.143512701432606 and parameters: {'C': 17.198076266948696, 'epsilon': 0.06273496943537225, 'tau': 6.0064155965694574}. Best is trial 33 with value: 42.14325487705057.
/home/alber/env/lib/python3.11/site-packages/cvxpy/atoms/quad_form.py:226: UserWarning: Forming a nonconvex expression quad_form(x, indefinite).
  warnings.warn("Forming a nonconvex expression quad_form(x, indefinite).")
/home/alber/env/lib/python3.11/site-packages/cvxpy/atoms/quad_form.py:226: UserWarning: Forming a nonconvex expression quad_form(x, indefinite).
  warnings.warn("Forming a nonconvex expression quad_form(x, indefinite).")
trail number 43
[I 2025-07-20 01:46:12,155] Trial 43 finished with value: 42.187798245760284 and parameters: {'C': 14.50857272818687, 'epsilon': 1.3015507206616026, 'tau': 7.648420171345769}. Best is trial 33 with value: 42.14325487705057.
/home/alber/env/lib/python3.11/site-packages/cvxpy/atoms/quad_form.py:226: UserWarning: Forming a nonconvex expression quad_form(x, indefinite).
  warnings.warn("Forming a nonconvex expression quad_form(x, indefinite).")
/home/alber/env/lib/python3.11/site-packages/cvxpy/atoms/quad_form.py:226: UserWarning: Forming a nonconvex expression quad_form(x, indefinite).
  warnings.warn("Forming a nonconvex expression quad_form(x, indefinite).")
/home/alber/env/lib/python3.11/site-packages/cvxpy/atoms/quad_form.py:226: UserWarning: Forming a nonconvex expression quad_form(x, indefinite).
  warnings.warn("Forming a nonconvex expression quad_form(x, indefinite).")
/home/alber/env/lib/python3.11/site-packages/cvxpy/atoms/quad_form.py:226: UserWarning: Forming a nonconvex expression quad_form(x, indefinite).
  warnings.warn("Forming a nonconvex expression quad_form(x, indefinite).")
/home/alber/env/lib/python3.11/site-packages/cvxpy/atoms/quad_form.py:226: UserWarning: Forming a nonconvex expression quad_form(x, indefinite).
  warnings.warn("Forming a nonconvex expression quad_form(x, indefinite).")
/home/alber/env/lib/python3.11/site-packages/cvxpy/atoms/quad_form.py:226: UserWarning: Forming a nonconvex expression quad_form(x, indefinite).
  warnings.warn("Forming a nonconvex expression quad_form(x, indefinite).")
/home/alber/env/lib/python3.11/site-packages/cvxpy/atoms/quad_form.py:226: UserWarning: Forming a nonconvex expression quad_form(x, indefinite).
  warnings.warn("Forming a nonconvex expression quad_form(x, indefinite).")
/home/alber/env/lib/python3.11/site-packages/cvxpy/atoms/quad_form.py:226: UserWarning: Forming a nonconvex expression quad_form(x, indefinite).
  warnings.warn("Forming a nonconvex expression quad_form(x, indefinite).")
trail number 45
[I 2025-07-20 01:47:10,045] Trial 45 finished with value: 42.219397789062995 and parameters: {'C': 14.346321306377813, 'epsilon': 2.087213517877566, 'tau': 8.826951918390836}. Best is trial 33 with value: 42.14325487705057.
trail number 46
[I 2025-07-20 01:47:13,185] Trial 46 finished with value: 42.14903333991161 and parameters: {'C': 14.428919902091563, 'epsilon': 0.2187162042519739, 'tau': 5.6536633327881765}. Best is trial 33 with value: 42.14325487705057.
trail number 44
[I 2025-07-20 01:47:13,413] Trial 44 finished with value: 42.21055060863481 and parameters: {'C': 19.808821681725973, 'epsilon': 1.8782205890365984, 'tau': 9.870115909664182}. Best is trial 33 with value: 42.14325487705057.
/home/alber/env/lib/python3.11/site-packages/cvxpy/atoms/quad_form.py:226: UserWarning: Forming a nonconvex expression quad_form(x, indefinite).
  warnings.warn("Forming a nonconvex expression quad_form(x, indefinite).")
/home/alber/env/lib/python3.11/site-packages/cvxpy/atoms/quad_form.py:226: UserWarning: Forming a nonconvex expression quad_form(x, indefinite).
  warnings.warn("Forming a nonconvex expression quad_form(x, indefinite).")
trail number 47
[I 2025-07-20 01:47:20,645] Trial 47 finished with value: 42.239174756752064 and parameters: {'C': 15.620772683135128, 'epsilon': 2.5639687209435422, 'tau': 3.696990419192092}. Best is trial 33 with value: 42.14325487705057.
/home/alber/env/lib/python3.11/site-packages/cvxpy/atoms/quad_form.py:226: UserWarning: Forming a nonconvex expression quad_form(x, indefinite).
  warnings.warn("Forming a nonconvex expression quad_form(x, indefinite).")
/home/alber/env/lib/python3.11/site-packages/cvxpy/atoms/quad_form.py:226: UserWarning: Forming a nonconvex expression quad_form(x, indefinite).
  warnings.warn("Forming a nonconvex expression quad_form(x, indefinite).")
/home/alber/env/lib/python3.11/site-packages/cvxpy/atoms/quad_form.py:226: UserWarning: Forming a nonconvex expression quad_form(x, indefinite).
  warnings.warn("Forming a nonconvex expression quad_form(x, indefinite).")
/home/alber/env/lib/python3.11/site-packages/cvxpy/atoms/quad_form.py:226: UserWarning: Forming a nonconvex expression quad_form(x, indefinite).
  warnings.warn("Forming a nonconvex expression quad_form(x, indefinite).")
/home/alber/env/lib/python3.11/site-packages/cvxpy/atoms/quad_form.py:226: UserWarning: Forming a nonconvex expression quad_form(x, indefinite).
  warnings.warn("Forming a nonconvex expression quad_form(x, indefinite).")
/home/alber/env/lib/python3.11/site-packages/cvxpy/atoms/quad_form.py:226: UserWarning: Forming a nonconvex expression quad_form(x, indefinite).
  warnings.warn("Forming a nonconvex expression quad_form(x, indefinite).")
/home/alber/env/lib/python3.11/site-packages/cvxpy/atoms/quad_form.py:226: UserWarning: Forming a nonconvex expression quad_form(x, indefinite).
  warnings.warn("Forming a nonconvex expression quad_form(x, indefinite).")
trail number 48
[I 2025-07-20 01:48:25,921] Trial 48 finished with value: 42.36548769835461 and parameters: {'C': 5.634559323135296, 'epsilon': 5.436910342110654, 'tau': 2.8106738826717503}. Best is trial 33 with value: 42.14325487705057.
trail number 50
[I 2025-07-20 01:48:28,675] Trial 50 finished with value: 42.20412743633272 and parameters: {'C': 18.16460681489571, 'epsilon': 1.7243095778510091, 'tau': 5.306884903311354}. Best is trial 33 with value: 42.14325487705057.
trail number 49
[I 2025-07-20 01:48:28,847] Trial 49 finished with value: 42.17112675184078 and parameters: {'C': 16.46489814257111, 'epsilon': 0.84169921769433, 'tau': 5.658664084536754}. Best is trial 33 with value: 42.14325487705057.
/home/alber/env/lib/python3.11/site-packages/cvxpy/atoms/quad_form.py:226: UserWarning: Forming a nonconvex expression quad_form(x, indefinite).
  warnings.warn("Forming a nonconvex expression quad_form(x, indefinite).")
/home/alber/env/lib/python3.11/site-packages/cvxpy/atoms/quad_form.py:226: UserWarning: Forming a nonconvex expression quad_form(x, indefinite).
  warnings.warn("Forming a nonconvex expression quad_form(x, indefinite).")
trail number 51
[I 2025-07-20 01:48:35,822] Trial 51 finished with value: 42.21266613423825 and parameters: {'C': 14.597196689700706, 'epsilon': 1.9282684253246767, 'tau': 6.491996882332986}. Best is trial 33 with value: 42.14325487705057.
/home/alber/env/lib/python3.11/site-packages/cvxpy/atoms/quad_form.py:226: UserWarning: Forming a nonconvex expression quad_form(x, indefinite).
  warnings.warn("Forming a nonconvex expression quad_form(x, indefinite).")
/home/alber/env/lib/python3.11/site-packages/cvxpy/atoms/quad_form.py:226: UserWarning: Forming a nonconvex expression quad_form(x, indefinite).
  warnings.warn("Forming a nonconvex expression quad_form(x, indefinite).")
/home/alber/env/lib/python3.11/site-packages/cvxpy/atoms/quad_form.py:226: UserWarning: Forming a nonconvex expression quad_form(x, indefinite).
  warnings.warn("Forming a nonconvex expression quad_form(x, indefinite).")
/home/alber/env/lib/python3.11/site-packages/cvxpy/atoms/quad_form.py:226: UserWarning: Forming a nonconvex expression quad_form(x, indefinite).
  warnings.warn("Forming a nonconvex expression quad_form(x, indefinite).")
/home/alber/env/lib/python3.11/site-packages/cvxpy/atoms/quad_form.py:226: UserWarning: Forming a nonconvex expression quad_form(x, indefinite).
  warnings.warn("Forming a nonconvex expression quad_form(x, indefinite).")
/home/alber/env/lib/python3.11/site-packages/cvxpy/atoms/quad_form.py:226: UserWarning: Forming a nonconvex expression quad_form(x, indefinite).
  warnings.warn("Forming a nonconvex expression quad_form(x, indefinite).")
/home/alber/env/lib/python3.11/site-packages/cvxpy/atoms/quad_form.py:226: UserWarning: Forming a nonconvex expression quad_form(x, indefinite).
  warnings.warn("Forming a nonconvex expression quad_form(x, indefinite).")
/home/alber/env/lib/python3.11/site-packages/cvxpy/atoms/quad_form.py:226: UserWarning: Forming a nonconvex expression quad_form(x, indefinite).
  warnings.warn("Forming a nonconvex expression quad_form(x, indefinite).")
trail number 54
[I 2025-07-20 01:49:43,980] Trial 54 finished with value: 42.14547521037382 and parameters: {'C': 14.712308752996389, 'epsilon': 0.1183746487904385, 'tau': 4.732740539008487}. Best is trial 33 with value: 42.14325487705057.
trail number 53
[I 2025-07-20 01:49:44,875] Trial 53 finished with value: 42.14555652099303 and parameters: {'C': 16.985850609223526, 'epsilon': 0.12121001398779627, 'tau': 6.375056822007558}. Best is trial 33 with value: 42.14325487705057.
trail number 52
[I 2025-07-20 01:49:44,879] Trial 52 finished with value: 42.20844564406035 and parameters: {'C': 17.88055432803157, 'epsilon': 1.8283689598130461, 'tau': 6.116219205220002}. Best is trial 33 with value: 42.14325487705057.
/home/alber/env/lib/python3.11/site-packages/cvxpy/atoms/quad_form.py:226: UserWarning: Forming a nonconvex expression quad_form(x, indefinite).
  warnings.warn("Forming a nonconvex expression quad_form(x, indefinite).")
/home/alber/env/lib/python3.11/site-packages/cvxpy/atoms/quad_form.py:226: UserWarning: Forming a nonconvex expression quad_form(x, indefinite).
  warnings.warn("Forming a nonconvex expression quad_form(x, indefinite).")
trail number 55
