[I 2025-07-20 02:05:27,383] Trial 103 finished with value: 42.21477608197348 and parameters: {'C': 13.620771206462852, 'epsilon': 1.9785377430212525, 'tau': 9.834147673949879}. Best is trial 96 with value: 42.14151561843825.
/home/alber/env/lib/python3.11/site-packages/cvxpy/atoms/quad_form.py:226: UserWarning: Forming a nonconvex expression quad_form(x, indefinite).
  warnings.warn("Forming a nonconvex expression quad_form(x, indefinite).")
/home/alber/env/lib/python3.11/site-packages/cvxpy/atoms/quad_form.py:226: UserWarning: Forming a nonconvex expression quad_form(x, indefinite).
  warnings.warn("Forming a nonconvex expression quad_form(x, indefinite).")
/home/alber/env/lib/python3.11/site-packages/cvxpy/atoms/quad_form.py:226: UserWarning: Forming a nonconvex expression quad_form(x, indefinite).
  warnings.warn("Forming a nonconvex expression quad_form(x, indefinite).")
/home/alber/env/lib/python3.11/site-packages/cvxpy/atoms/quad_form.py:226: UserWarning: Forming a nonconvex expression quad_form(x, indefinite).
  warnings.warn("Forming a nonconvex expression quad_form(x, indefinite).")
/home/alber/env/lib/python3.11/site-packages/cvxpy/atoms/quad_form.py:226: UserWarning: Forming a nonconvex expression quad_form(x, indefinite).
  warnings.warn("Forming a nonconvex expression quad_form(x, indefinite).")
/home/alber/env/lib/python3.11/site-packages/cvxpy/atoms/quad_form.py:226: UserWarning: Forming a nonconvex expression quad_form(x, indefinite).
  warnings.warn("Forming a nonconvex expression quad_form(x, indefinite).")
/home/alber/env/lib/python3.11/site-packages/cvxpy/atoms/quad_form.py:226: UserWarning: Forming a nonconvex expression quad_form(x, indefinite).
  warnings.warn("Forming a nonconvex expression quad_form(x, indefinite).")
/home/alber/env/lib/python3.11/site-packages/cvxpy/atoms/quad_form.py:226: UserWarning: Forming a nonconvex expression quad_form(x, indefinite).
  warnings.warn("Forming a nonconvex expression quad_form(x, indefinite).")
trail number 104
[I 2025-07-20 02:06:20,753] Trial 104 finished with value: 42.14746948278863 and parameters: {'C': 15.93612854385682, 'epsilon': 0.17595274572414862, 'tau': 9.268799529357691}. Best is trial 96 with value: 42.14151561843825.
/home/alber/env/lib/python3.11/site-packages/cvxpy/atoms/quad_form.py:226: UserWarning: Forming a nonconvex expression quad_form(x, indefinite).
  warnings.warn("Forming a nonconvex expression quad_form(x, indefinite).")
/home/alber/env/lib/python3.11/site-packages/cvxpy/atoms/quad_form.py:226: UserWarning: Forming a nonconvex expression quad_form(x, indefinite).
  warnings.warn("Forming a nonconvex expression quad_form(x, indefinite).")
trail number 105
[I 2025-07-20 02:06:37,953] Trial 105 finished with value: 42.144690793829255 and parameters: {'C': 15.415550726081566, 'epsilon': 0.09655868088848688, 'tau': 9.077664276136279}. Best is trial 96 with value: 42.14151561843825.
trail number 106
[I 2025-07-20 02:06:38,860] Trial 106 finished with value: 42.67585078841679 and parameters: {'C': 10.289230818677256, 'epsilon': 11.404041258342147, 'tau': 1.6225629358901523}. Best is trial 96 with value: 42.14151561843825.
/home/alber/env/lib/python3.11/site-packages/cvxpy/atoms/quad_form.py:226: UserWarning: Forming a nonconvex expression quad_form(x, indefinite).
  warnings.warn("Forming a nonconvex expression quad_form(x, indefinite).")
/home/alber/env/lib/python3.11/site-packages/cvxpy/atoms/quad_form.py:226: UserWarning: Forming a nonconvex expression quad_form(x, indefinite).
  warnings.warn("Forming a nonconvex expression quad_form(x, indefinite).")
trail number 107
[I 2025-07-20 02:06:48,804] Trial 107 finished with value: 42.962860113389034 and parameters: {'C': 9.133238780906398, 'epsilon': 16.916171151851117, 'tau': 2.85609692171354}. Best is trial 96 with value: 42.14151561843825.
/home/alber/env/lib/python3.11/site-packages/cvxpy/atoms/quad_form.py:226: UserWarning: Forming a nonconvex expression quad_form(x, indefinite).
  warnings.warn("Forming a nonconvex expression quad_form(x, indefinite).")
/home/alber/env/lib/python3.11/site-packages/cvxpy/atoms/quad_form.py:226: UserWarning: Forming a nonconvex expression quad_form(x, indefinite).
  warnings.warn("Forming a nonconvex expression quad_form(x, indefinite).")
/home/alber/env/lib/python3.11/site-packages/cvxpy/atoms/quad_form.py:226: UserWarning: Forming a nonconvex expression quad_form(x, indefinite).
  warnings.warn("Forming a nonconvex expression quad_form(x, indefinite).")
/home/alber/env/lib/python3.11/site-packages/cvxpy/atoms/quad_form.py:226: UserWarning: Forming a nonconvex expression quad_form(x, indefinite).
  warnings.warn("Forming a nonconvex expression quad_form(x, indefinite).")
/home/alber/env/lib/python3.11/site-packages/cvxpy/atoms/quad_form.py:226: UserWarning: Forming a nonconvex expression quad_form(x, indefinite).
  warnings.warn("Forming a nonconvex expression quad_form(x, indefinite).")
/home/alber/env/lib/python3.11/site-packages/cvxpy/atoms/quad_form.py:226: UserWarning: Forming a nonconvex expression quad_form(x, indefinite).
  warnings.warn("Forming a nonconvex expression quad_form(x, indefinite).")
trail number 108
[I 2025-07-20 02:07:45,910] Trial 108 finished with value: 42.17629297736146 and parameters: {'C': 16.171878426786343, 'epsilon': 0.9874733655704051, 'tau': 7.622585640664416}. Best is trial 96 with value: 42.14151561843825.
/home/alber/env/lib/python3.11/site-packages/cvxpy/atoms/quad_form.py:226: UserWarning: Forming a nonconvex expression quad_form(x, indefinite).
  warnings.warn("Forming a nonconvex expression quad_form(x, indefinite).")
/home/alber/env/lib/python3.11/site-packages/cvxpy/atoms/quad_form.py:226: UserWarning: Forming a nonconvex expression quad_form(x, indefinite).
  warnings.warn("Forming a nonconvex expression quad_form(x, indefinite).")
trail number 110
[I 2025-07-20 02:08:01,588] Trial 110 finished with value: 42.45618044120259 and parameters: {'C': 16.645597887733082, 'epsilon': 7.012957556226926, 'tau': 5.573664510370402}. Best is trial 96 with value: 42.14151561843825.
trail number 109
[I 2025-07-20 02:08:03,389] Trial 109 finished with value: 42.16262124844293 and parameters: {'C': 19.91143477341562, 'epsilon': 0.5984241192807138, 'tau': 3.5124379005649238}. Best is trial 96 with value: 42.14151561843825.
/home/alber/env/lib/python3.11/site-packages/cvxpy/atoms/quad_form.py:226: UserWarning: Forming a nonconvex expression quad_form(x, indefinite).
  warnings.warn("Forming a nonconvex expression quad_form(x, indefinite).")
/home/alber/env/lib/python3.11/site-packages/cvxpy/atoms/quad_form.py:226: UserWarning: Forming a nonconvex expression quad_form(x, indefinite).
  warnings.warn("Forming a nonconvex expression quad_form(x, indefinite).")
trail number 111
[I 2025-07-20 02:08:12,436] Trial 111 finished with value: 42.19584853037905 and parameters: {'C': 15.749960818372976, 'epsilon': 1.510982755344369, 'tau': 4.516468327774931}. Best is trial 96 with value: 42.14151561843825.
/home/alber/env/lib/python3.11/site-packages/cvxpy/atoms/quad_form.py:226: UserWarning: Forming a nonconvex expression quad_form(x, indefinite).
  warnings.warn("Forming a nonconvex expression quad_form(x, indefinite).")
/home/alber/env/lib/python3.11/site-packages/cvxpy/atoms/quad_form.py:226: UserWarning: Forming a nonconvex expression quad_form(x, indefinite).
  warnings.warn("Forming a nonconvex expression quad_form(x, indefinite).")
/home/alber/env/lib/python3.11/site-packages/cvxpy/atoms/quad_form.py:226: UserWarning: Forming a nonconvex expression quad_form(x, indefinite).
  warnings.warn("Forming a nonconvex expression quad_form(x, indefinite).")
/home/alber/env/lib/python3.11/site-packages/cvxpy/atoms/quad_form.py:226: UserWarning: Forming a nonconvex expression quad_form(x, indefinite).
  warnings.warn("Forming a nonconvex expression quad_form(x, indefinite).")
/home/alber/env/lib/python3.11/site-packages/cvxpy/atoms/quad_form.py:226: UserWarning: Forming a nonconvex expression quad_form(x, indefinite).
  warnings.warn("Forming a nonconvex expression quad_form(x, indefinite).")
trail number 112
[I 2025-07-20 02:09:00,416] Trial 112 finished with value: 42.493588059173995 and parameters: {'C': 17.336791439518006, 'epsilon': 7.707300477338029, 'tau': 5.313260113081357}. Best is trial 96 with value: 42.14151561843825.
/home/alber/env/lib/python3.11/site-packages/cvxpy/atoms/quad_form.py:226: UserWarning: Forming a nonconvex expression quad_form(x, indefinite).
  warnings.warn("Forming a nonconvex expression quad_form(x, indefinite).")
trail number 113
trail number 114
[I 2025-07-20 02:09:17,381] Trial 113 finished with value: 42.146643215177015 and parameters: {'C': 15.034678267421606, 'epsilon': 0.1527699232503798, 'tau': 9.99055703521193}. Best is trial 96 with value: 42.14151561843825.
[I 2025-07-20 02:09:17,399] Trial 114 finished with value: 42.141694093088645 and parameters: {'C': 16.03871504745405, 'epsilon': 0.010852199101544224, 'tau': 5.362844609394369}. Best is trial 96 with value: 42.14151561843825.
/home/alber/env/lib/python3.11/site-packages/cvxpy/atoms/quad_form.py:226: UserWarning: Forming a nonconvex expression quad_form(x, indefinite).
  warnings.warn("Forming a nonconvex expression quad_form(x, indefinite).")
/home/alber/env/lib/python3.11/site-packages/cvxpy/atoms/quad_form.py:226: UserWarning: Forming a nonconvex expression quad_form(x, indefinite).
  warnings.warn("Forming a nonconvex expression quad_form(x, indefinite).")
trail number 115
[I 2025-07-20 02:09:27,382] Trial 115 finished with value: 42.14257919861926 and parameters: {'C': 10.444612286248837, 'epsilon': 0.037850501252934016, 'tau': 9.427123667354653}. Best is trial 96 with value: 42.14151561843825.
/home/alber/env/lib/python3.11/site-packages/cvxpy/atoms/quad_form.py:226: UserWarning: Forming a nonconvex expression quad_form(x, indefinite).
  warnings.warn("Forming a nonconvex expression quad_form(x, indefinite).")
/home/alber/env/lib/python3.11/site-packages/cvxpy/atoms/quad_form.py:226: UserWarning: Forming a nonconvex expression quad_form(x, indefinite).
  warnings.warn("Forming a nonconvex expression quad_form(x, indefinite).")
/home/alber/env/lib/python3.11/site-packages/cvxpy/atoms/quad_form.py:226: UserWarning: Forming a nonconvex expression quad_form(x, indefinite).
  warnings.warn("Forming a nonconvex expression quad_form(x, indefinite).")
/home/alber/env/lib/python3.11/site-packages/cvxpy/atoms/quad_form.py:226: UserWarning: Forming a nonconvex expression quad_form(x, indefinite).
  warnings.warn("Forming a nonconvex expression quad_form(x, indefinite).")
/home/alber/env/lib/python3.11/site-packages/cvxpy/atoms/quad_form.py:226: UserWarning: Forming a nonconvex expression quad_form(x, indefinite).
  warnings.warn("Forming a nonconvex expression quad_form(x, indefinite).")
/home/alber/env/lib/python3.11/site-packages/cvxpy/atoms/quad_form.py:226: UserWarning: Forming a nonconvex expression quad_form(x, indefinite).
  warnings.warn("Forming a nonconvex expression quad_form(x, indefinite).")
trail number 116
[I 2025-07-20 02:10:23,967] Trial 116 finished with value: 42.16275512264148 and parameters: {'C': 14.14723570171391, 'epsilon': 0.6040965363682788, 'tau': 9.291847070196619}. Best is trial 96 with value: 42.14151561843825.
/home/alber/env/lib/python3.11/site-packages/cvxpy/atoms/quad_form.py:226: UserWarning: Forming a nonconvex expression quad_form(x, indefinite).
  warnings.warn("Forming a nonconvex expression quad_form(x, indefinite).")
/home/alber/env/lib/python3.11/site-packages/cvxpy/atoms/quad_form.py:226: UserWarning: Forming a nonconvex expression quad_form(x, indefinite).
  warnings.warn("Forming a nonconvex expression quad_form(x, indefinite).")
trail number 117
[I 2025-07-20 02:10:40,852] Trial 117 finished with value: 42.16524247656274 and parameters: {'C': 15.312593329553922, 'epsilon': 0.6748071495754016, 'tau': 5.490813304640854}. Best is trial 96 with value: 42.14151561843825.
trail number 118
[I 2025-07-20 02:10:42,096] Trial 118 finished with value: 42.311876361417525 and parameters: {'C': 17.074038217648162, 'epsilon': 4.329596709832173, 'tau': 5.175636912453263}. Best is trial 96 with value: 42.14151561843825.
/home/alber/env/lib/python3.11/site-packages/cvxpy/atoms/quad_form.py:226: UserWarning: Forming a nonconvex expression quad_form(x, indefinite).
  warnings.warn("Forming a nonconvex expression quad_form(x, indefinite).")
/home/alber/env/lib/python3.11/site-packages/cvxpy/atoms/quad_form.py:226: UserWarning: Forming a nonconvex expression quad_form(x, indefinite).
  warnings.warn("Forming a nonconvex expression quad_form(x, indefinite).")
trail number 119
[I 2025-07-20 02:10:51,624] Trial 119 finished with value: 42.242445897533415 and parameters: {'C': 10.025392883319215, 'epsilon': 2.6455110938111686, 'tau': 9.825471331273286}. Best is trial 96 with value: 42.14151561843825.
/home/alber/env/lib/python3.11/site-packages/cvxpy/atoms/quad_form.py:226: UserWarning: Forming a nonconvex expression quad_form(x, indefinite).
  warnings.warn("Forming a nonconvex expression quad_form(x, indefinite).")
/home/alber/env/lib/python3.11/site-packages/cvxpy/atoms/quad_form.py:226: UserWarning: Forming a nonconvex expression quad_form(x, indefinite).
  warnings.warn("Forming a nonconvex expression quad_form(x, indefinite).")
/home/alber/env/lib/python3.11/site-packages/cvxpy/atoms/quad_form.py:226: UserWarning: Forming a nonconvex expression quad_form(x, indefinite).
  warnings.warn("Forming a nonconvex expression quad_form(x, indefinite).")
/home/alber/env/lib/python3.11/site-packages/cvxpy/atoms/quad_form.py:226: UserWarning: Forming a nonconvex expression quad_form(x, indefinite).
  warnings.warn("Forming a nonconvex expression quad_form(x, indefinite).")
/home/alber/env/lib/python3.11/site-packages/cvxpy/atoms/quad_form.py:226: UserWarning: Forming a nonconvex expression quad_form(x, indefinite).
  warnings.warn("Forming a nonconvex expression quad_form(x, indefinite).")
trail number 120
[I 2025-07-20 02:11:45,061] Trial 120 finished with value: 42.196544148532155 and parameters: {'C': 10.677038677525099, 'epsilon': 1.5304803254925716, 'tau': 8.875835009945973}. Best is trial 96 with value: 42.14151561843825.
/home/alber/env/lib/python3.11/site-packages/cvxpy/atoms/quad_form.py:226: UserWarning: Forming a nonconvex expression quad_form(x, indefinite).
  warnings.warn("Forming a nonconvex expression quad_form(x, indefinite).")
/home/alber/env/lib/python3.11/site-packages/cvxpy/atoms/quad_form.py:226: UserWarning: Forming a nonconvex expression quad_form(x, indefinite).
  warnings.warn("Forming a nonconvex expression quad_form(x, indefinite).")
trail number 121
[I 2025-07-20 02:12:03,459] Trial 121 finished with value: 42.44977353271806 and parameters: {'C': 12.623930581302153, 'epsilon': 6.919587272202976, 'tau': 8.466154695203853}. Best is trial 96 with value: 42.14151561843825.
trail number 122
[I 2025-07-20 02:12:03,591] Trial 122 finished with value: 42.21035124876754 and parameters: {'C': 11.506229203337298, 'epsilon': 1.874458860211743, 'tau': 8.827343271789397}. Best is trial 96 with value: 42.14151561843825.
/home/alber/env/lib/python3.11/site-packages/cvxpy/atoms/quad_form.py:226: UserWarning: Forming a nonconvex expression quad_form(x, indefinite).
  warnings.warn("Forming a nonconvex expression quad_form(x, indefinite).")
/home/alber/env/lib/python3.11/site-packages/cvxpy/atoms/quad_form.py:226: UserWarning: Forming a nonconvex expression quad_form(x, indefinite).
  warnings.warn("Forming a nonconvex expression quad_form(x, indefinite).")
trail number 123
[I 2025-07-20 02:12:15,274] Trial 123 finished with value: 42.492892442180484 and parameters: {'C': 18.20019665183353, 'epsilon': 7.694390395245802, 'tau': 8.87035949067164}. Best is trial 96 with value: 42.14151561843825.
/home/alber/env/lib/python3.11/site-packages/cvxpy/atoms/quad_form.py:226: UserWarning: Forming a nonconvex expression quad_form(x, indefinite).
  warnings.warn("Forming a nonconvex expression quad_form(x, indefinite).")
/home/alber/env/lib/python3.11/site-packages/cvxpy/atoms/quad_form.py:226: UserWarning: Forming a nonconvex expression quad_form(x, indefinite).
  warnings.warn("Forming a nonconvex expression quad_form(x, indefinite).")
/home/alber/env/lib/python3.11/site-packages/cvxpy/atoms/quad_form.py:226: UserWarning: Forming a nonconvex expression quad_form(x, indefinite).
  warnings.warn("Forming a nonconvex expression quad_form(x, indefinite).")
/home/alber/env/lib/python3.11/site-packages/cvxpy/atoms/quad_form.py:226: UserWarning: Forming a nonconvex expression quad_form(x, indefinite).
  warnings.warn("Forming a nonconvex expression quad_form(x, indefinite).")
/home/alber/env/lib/python3.11/site-packages/cvxpy/atoms/quad_form.py:226: UserWarning: Forming a nonconvex expression quad_form(x, indefinite).
  warnings.warn("Forming a nonconvex expression quad_form(x, indefinite).")
/home/alber/env/lib/python3.11/site-packages/cvxpy/atoms/quad_form.py:226: UserWarning: Forming a nonconvex expression quad_form(x, indefinite).
  warnings.warn("Forming a nonconvex expression quad_form(x, indefinite).")
/home/alber/env/lib/python3.11/site-packages/cvxpy/atoms/quad_form.py:226: UserWarning: Forming a nonconvex expression quad_form(x, indefinite).
  warnings.warn("Forming a nonconvex expression quad_form(x, indefinite).")
trail number 124
[I 2025-07-20 02:13:01,109] Trial 124 finished with value: 42.151683434420974 and parameters: {'C': 15.695373475814046, 'epsilon': 0.29243277006026125, 'tau': 5.0254578399797705}. Best is trial 96 with value: 42.14151561843825.
/home/alber/env/lib/python3.11/site-packages/cvxpy/atoms/quad_form.py:226: UserWarning: Forming a nonconvex expression quad_form(x, indefinite).
  warnings.warn("Forming a nonconvex expression quad_form(x, indefinite).")
/home/alber/env/lib/python3.11/site-packages/cvxpy/atoms/quad_form.py:226: UserWarning: Forming a nonconvex expression quad_form(x, indefinite).
  warnings.warn("Forming a nonconvex expression quad_form(x, indefinite).")
/home/alber/env/lib/python3.11/site-packages/cvxpy/atoms/quad_form.py:226: UserWarning: Forming a nonconvex expression quad_form(x, indefinite).
  warnings.warn("Forming a nonconvex expression quad_form(x, indefinite).")
trail number 126
[I 2025-07-20 02:13:13,864] Trial 126 finished with value: 42.146664731369164 and parameters: {'C': 17.6621364225637, 'epsilon': 0.15224166267189537, 'tau': 6.065528770024756}. Best is trial 96 with value: 42.14151561843825.
/home/alber/env/lib/python3.11/site-packages/cvxpy/atoms/quad_form.py:226: UserWarning: Forming a nonconvex expression quad_form(x, indefinite).
  warnings.warn("Forming a nonconvex expression quad_form(x, indefinite).")
trail number 127
[I 2025-07-20 02:13:18,691] Trial 127 finished with value: 43.84499196050522 and parameters: {'C': 11.616353212898428, 'epsilon': 28.818912745198567, 'tau': 9.114888160028954}. Best is trial 96 with value: 42.14151561843825.
trail number 125
[I 2025-07-20 02:13:19,687] Trial 125 finished with value: 42.15552942188241 and parameters: {'C': 6.746928292229903, 'epsilon': 0.40361702645058306, 'tau': 9.818231691252526}. Best is trial 96 with value: 42.14151561843825.
/home/alber/env/lib/python3.11/site-packages/cvxpy/atoms/quad_form.py:226: UserWarning: Forming a nonconvex expression quad_form(x, indefinite).
  warnings.warn("Forming a nonconvex expression quad_form(x, indefinite).")
/home/alber/env/lib/python3.11/site-packages/cvxpy/atoms/quad_form.py:226: UserWarning: Forming a nonconvex expression quad_form(x, indefinite).
  warnings.warn("Forming a nonconvex expression quad_form(x, indefinite).")
/home/alber/env/lib/python3.11/site-packages/cvxpy/atoms/quad_form.py:226: UserWarning: Forming a nonconvex expression quad_form(x, indefinite).
  warnings.warn("Forming a nonconvex expression quad_form(x, indefinite).")
/home/alber/env/lib/python3.11/site-packages/cvxpy/atoms/quad_form.py:226: UserWarning: Forming a nonconvex expression quad_form(x, indefinite).
  warnings.warn("Forming a nonconvex expression quad_form(x, indefinite).")
trail number 128
[I 2025-07-20 02:14:12,534] Trial 128 finished with value: 42.18188103340596 and parameters: {'C': 17.25956132386311, 'epsilon': 1.1454266021549846, 'tau': 7.152615667179938}. Best is trial 96 with value: 42.14151561843825.
/home/alber/env/lib/python3.11/site-packages/cvxpy/atoms/quad_form.py:226: UserWarning: Forming a nonconvex expression quad_form(x, indefinite).
  warnings.warn("Forming a nonconvex expression quad_form(x, indefinite).")
trail number 129
[I 2025-07-20 02:14:19,733] Trial 129 finished with value: 42.178730813725096 and parameters: {'C': 16.187244294150478, 'epsilon': 1.0561555984854107, 'tau': 7.174578416158944}. Best is trial 96 with value: 42.14151561843825.
trail number 131
[I 2025-07-20 02:14:21,500] Trial 131 finished with value: 43.92411392723446 and parameters: {'C': 9.355367059232794, 'epsilon': 29.82290642867767, 'tau': 5.567010508450734}. Best is trial 96 with value: 42.14151561843825.
trail number 130
