nohup: ignoring input
/home/alber/env/lib/python3.11/site-packages/optuna/_experimental.py:32: ExperimentalWarning: Argument ``multivariate`` is an experimental feature. The interface can change in the future.
  warnings.warn(
[I 2025-07-20 01:33:45,592] A new study created in memory with name: no-name-38a6c684-7761-4f9d-a98b-5bde9390d25b
/home/alber/env/lib/python3.11/site-packages/cvxpy/atoms/quad_form.py:226: UserWarning: Forming a nonconvex expression quad_form(x, indefinite).
  warnings.warn("Forming a nonconvex expression quad_form(x, indefinite).")
/home/alber/env/lib/python3.11/site-packages/cvxpy/atoms/quad_form.py:226: UserWarning: Forming a nonconvex expression quad_form(x, indefinite).
  warnings.warn("Forming a nonconvex expression quad_form(x, indefinite).")
/home/alber/env/lib/python3.11/site-packages/cvxpy/atoms/quad_form.py:226: UserWarning: Forming a nonconvex expression quad_form(x, indefinite).
  warnings.warn("Forming a nonconvex expression quad_form(x, indefinite).")
/home/alber/env/lib/python3.11/site-packages/cvxpy/atoms/quad_form.py:226: UserWarning: Forming a nonconvex expression quad_form(x, indefinite).
  warnings.warn("Forming a nonconvex expression quad_form(x, indefinite).")
/home/alber/env/lib/python3.11/site-packages/cvxpy/atoms/quad_form.py:226: UserWarning: Forming a nonconvex expression quad_form(x, indefinite).
  warnings.warn("Forming a nonconvex expression quad_form(x, indefinite).")
/home/alber/env/lib/python3.11/site-packages/cvxpy/atoms/quad_form.py:226: UserWarning: Forming a nonconvex expression quad_form(x, indefinite).
  warnings.warn("Forming a nonconvex expression quad_form(x, indefinite).")
/home/alber/env/lib/python3.11/site-packages/cvxpy/atoms/quad_form.py:226: UserWarning: Forming a nonconvex expression quad_form(x, indefinite).
  warnings.warn("Forming a nonconvex expression quad_form(x, indefinite).")
/home/alber/env/lib/python3.11/site-packages/cvxpy/atoms/quad_form.py:226: UserWarning: Forming a nonconvex expression quad_form(x, indefinite).
  warnings.warn("Forming a nonconvex expression quad_form(x, indefinite).")
/home/alber/env/lib/python3.11/site-packages/cvxpy/atoms/quad_form.py:226: UserWarning: Forming a nonconvex expression quad_form(x, indefinite).
  warnings.warn("Forming a nonconvex expression quad_form(x, indefinite).")
/home/alber/env/lib/python3.11/site-packages/cvxpy/atoms/quad_form.py:226: UserWarning: Forming a nonconvex expression quad_form(x, indefinite).
  warnings.warn("Forming a nonconvex expression quad_form(x, indefinite).")
trail number 2
[I 2025-07-20 01:34:46,860] Trial 2 finished with value: 42.86060017499377 and parameters: {'C': 7.1285394115808245, 'epsilon': 15.065955737871112, 'tau': 8.459515934887706}. Best is trial 2 with value: 42.86060017499377.
/home/alber/env/lib/python3.11/site-packages/cvxpy/atoms/quad_form.py:226: UserWarning: Forming a nonconvex expression quad_form(x, indefinite).
  warnings.warn("Forming a nonconvex expression quad_form(x, indefinite).")
trail number 1
[I 2025-07-20 01:34:52,724] Trial 1 finished with value: 42.29571425028955 and parameters: {'C': 14.96166254478085, 'epsilon': 3.9605025142817323, 'tau': 4.406748446194065}. Best is trial 1 with value: 42.29571425028955.
trail number 3
[I 2025-07-20 01:34:54,630] Trial 3 finished with value: 43.41625642977689 and parameters: {'C': 18.52048937143591, 'epsilon': 23.443589969553276, 'tau': 8.25947267493743}. Best is trial 1 with value: 42.29571425028955.
trail number 0
[I 2025-07-20 01:34:54,655] Trial 0 finished with value: 42.43495348080508 and parameters: {'C': 11.989336566902663, 'epsilon': 6.701586574673666, 'tau': 1.3901397129060638}. Best is trial 1 with value: 42.29571425028955.
/home/alber/env/lib/python3.11/site-packages/cvxpy/atoms/quad_form.py:226: UserWarning: Forming a nonconvex expression quad_form(x, indefinite).
  warnings.warn("Forming a nonconvex expression quad_form(x, indefinite).")
/home/alber/env/lib/python3.11/site-packages/cvxpy/atoms/quad_form.py:226: UserWarning: Forming a nonconvex expression quad_form(x, indefinite).
  warnings.warn("Forming a nonconvex expression quad_form(x, indefinite).")
/home/alber/env/lib/python3.11/site-packages/cvxpy/atoms/quad_form.py:226: UserWarning: Forming a nonconvex expression quad_form(x, indefinite).
  warnings.warn("Forming a nonconvex expression quad_form(x, indefinite).")
/home/alber/env/lib/python3.11/site-packages/cvxpy/atoms/quad_form.py:226: UserWarning: Forming a nonconvex expression quad_form(x, indefinite).
  warnings.warn("Forming a nonconvex expression quad_form(x, indefinite).")
/home/alber/env/lib/python3.11/site-packages/cvxpy/atoms/quad_form.py:226: UserWarning: Forming a nonconvex expression quad_form(x, indefinite).
  warnings.warn("Forming a nonconvex expression quad_form(x, indefinite).")
/home/alber/env/lib/python3.11/site-packages/cvxpy/atoms/quad_form.py:226: UserWarning: Forming a nonconvex expression quad_form(x, indefinite).
  warnings.warn("Forming a nonconvex expression quad_form(x, indefinite).")
trail number 4
[I 2025-07-20 01:35:47,325] Trial 4 finished with value: 43.07695652939698 and parameters: {'C': 12.51564974616111, 'epsilon': 18.818403537502547, 'tau': 0.5344978160265662}. Best is trial 1 with value: 42.29571425028955.
/home/alber/env/lib/python3.11/site-packages/cvxpy/atoms/quad_form.py:226: UserWarning: Forming a nonconvex expression quad_form(x, indefinite).
  warnings.warn("Forming a nonconvex expression quad_form(x, indefinite).")
trail number 5
[I 2025-07-20 01:35:55,183] Trial 5 finished with value: 43.60193653425408 and parameters: {'C': 12.241611563436537, 'epsilon': 25.762172616264966, 'tau': 6.016125932081178}. Best is trial 1 with value: 42.29571425028955.
trail number 7
[I 2025-07-20 01:35:57,392] Trial 7 finished with value: 43.40969261374208 and parameters: {'C': 3.176111613454834, 'epsilon': 23.36354976702511, 'tau': 9.809969341119437}. Best is trial 1 with value: 42.29571425028955.
trail number 6
[I 2025-07-20 01:35:59,442] Trial 6 finished with value: 42.718536536067916 and parameters: {'C': 6.340162763962656, 'epsilon': 12.285219786587009, 'tau': 6.103147977104934}. Best is trial 1 with value: 42.29571425028955.
/home/alber/env/lib/python3.11/site-packages/cvxpy/atoms/quad_form.py:226: UserWarning: Forming a nonconvex expression quad_form(x, indefinite).
  warnings.warn("Forming a nonconvex expression quad_form(x, indefinite).")
/home/alber/env/lib/python3.11/site-packages/cvxpy/atoms/quad_form.py:226: UserWarning: Forming a nonconvex expression quad_form(x, indefinite).
  warnings.warn("Forming a nonconvex expression quad_form(x, indefinite).")
/home/alber/env/lib/python3.11/site-packages/cvxpy/atoms/quad_form.py:226: UserWarning: Forming a nonconvex expression quad_form(x, indefinite).
  warnings.warn("Forming a nonconvex expression quad_form(x, indefinite).")
/home/alber/env/lib/python3.11/site-packages/cvxpy/atoms/quad_form.py:226: UserWarning: Forming a nonconvex expression quad_form(x, indefinite).
  warnings.warn("Forming a nonconvex expression quad_form(x, indefinite).")
/home/alber/env/lib/python3.11/site-packages/cvxpy/atoms/quad_form.py:226: UserWarning: Forming a nonconvex expression quad_form(x, indefinite).
  warnings.warn("Forming a nonconvex expression quad_form(x, indefinite).")
/home/alber/env/lib/python3.11/site-packages/cvxpy/atoms/quad_form.py:226: UserWarning: Forming a nonconvex expression quad_form(x, indefinite).
  warnings.warn("Forming a nonconvex expression quad_form(x, indefinite).")
trail number 8
[I 2025-07-20 01:36:50,277] Trial 8 finished with value: 42.71328789401672 and parameters: {'C': 4.363231529348207, 'epsilon': 12.174388520391888, 'tau': 0.5436438576124595}. Best is trial 1 with value: 42.29571425028955.
/home/alber/env/lib/python3.11/site-packages/cvxpy/atoms/quad_form.py:226: UserWarning: Forming a nonconvex expression quad_form(x, indefinite).
  warnings.warn("Forming a nonconvex expression quad_form(x, indefinite).")
trail number 9
[I 2025-07-20 01:36:56,633] Trial 9 finished with value: 43.676605419620444 and parameters: {'C': 3.4070330902525887, 'epsilon': 26.707487514842647, 'tau': 9.78187003192603}. Best is trial 1 with value: 42.29571425028955.
trail number 11
[I 2025-07-20 01:36:57,963] Trial 11 finished with value: 43.40189614161058 and parameters: {'C': 19.963853588431903, 'epsilon': 23.263380534489006, 'tau': 5.435370540206528}. Best is trial 1 with value: 42.29571425028955.
trail number 10
[I 2025-07-20 01:36:59,282] Trial 10 finished with value: 43.11200415004647 and parameters: {'C': 4.383259552081712, 'epsilon': 19.339301144225395, 'tau': 2.1124076134941085}. Best is trial 1 with value: 42.29571425028955.
/home/alber/env/lib/python3.11/site-packages/cvxpy/atoms/quad_form.py:226: UserWarning: Forming a nonconvex expression quad_form(x, indefinite).
  warnings.warn("Forming a nonconvex expression quad_form(x, indefinite).")
/home/alber/env/lib/python3.11/site-packages/cvxpy/atoms/quad_form.py:226: UserWarning: Forming a nonconvex expression quad_form(x, indefinite).
  warnings.warn("Forming a nonconvex expression quad_form(x, indefinite).")
/home/alber/env/lib/python3.11/site-packages/cvxpy/atoms/quad_form.py:226: UserWarning: Forming a nonconvex expression quad_form(x, indefinite).
  warnings.warn("Forming a nonconvex expression quad_form(x, indefinite).")
/home/alber/env/lib/python3.11/site-packages/cvxpy/atoms/quad_form.py:226: UserWarning: Forming a nonconvex expression quad_form(x, indefinite).
  warnings.warn("Forming a nonconvex expression quad_form(x, indefinite).")
/home/alber/env/lib/python3.11/site-packages/cvxpy/atoms/quad_form.py:226: UserWarning: Forming a nonconvex expression quad_form(x, indefinite).
  warnings.warn("Forming a nonconvex expression quad_form(x, indefinite).")
/home/alber/env/lib/python3.11/site-packages/cvxpy/atoms/quad_form.py:226: UserWarning: Forming a nonconvex expression quad_form(x, indefinite).
  warnings.warn("Forming a nonconvex expression quad_form(x, indefinite).")
/home/alber/env/lib/python3.11/site-packages/cvxpy/atoms/quad_form.py:226: UserWarning: Forming a nonconvex expression quad_form(x, indefinite).
  warnings.warn("Forming a nonconvex expression quad_form(x, indefinite).")
trail number 12
[I 2025-07-20 01:37:51,590] Trial 12 finished with value: 42.49475750656251 and parameters: {'C': 16.863748128199582, 'epsilon': 7.72964191090271, 'tau': 4.873010314845923}. Best is trial 1 with value: 42.29571425028955.
/home/alber/env/lib/python3.11/site-packages/cvxpy/atoms/quad_form.py:226: UserWarning: Forming a nonconvex expression quad_form(x, indefinite).
  warnings.warn("Forming a nonconvex expression quad_form(x, indefinite).")
trail number 13
[I 2025-07-20 01:37:59,124] Trial 13 finished with value: 43.77220559910485 and parameters: {'C': 19.21340945567371, 'epsilon': 27.907183440041305, 'tau': 6.384995889384864}. Best is trial 1 with value: 42.29571425028955.
trail number 14
[I 2025-07-20 01:38:00,590] Trial 14 finished with value: 43.55043753838347 and parameters: {'C': 14.328311722189191, 'epsilon': 25.122283843542064, 'tau': 0.905068759287119}. Best is trial 1 with value: 42.29571425028955.
/home/alber/env/lib/python3.11/site-packages/cvxpy/atoms/quad_form.py:226: UserWarning: Forming a nonconvex expression quad_form(x, indefinite).
  warnings.warn("Forming a nonconvex expression quad_form(x, indefinite).")
trail number 15
[I 2025-07-20 01:38:07,512] Trial 15 finished with value: 42.16584197977094 and parameters: {'C': 13.673337604409808, 'epsilon': 0.6901147972005792, 'tau': 3.0419767319386057}. Best is trial 15 with value: 42.16584197977094.
/home/alber/env/lib/python3.11/site-packages/cvxpy/atoms/quad_form.py:226: UserWarning: Forming a nonconvex expression quad_form(x, indefinite).
  warnings.warn("Forming a nonconvex expression quad_form(x, indefinite).")
/home/alber/env/lib/python3.11/site-packages/cvxpy/atoms/quad_form.py:226: UserWarning: Forming a nonconvex expression quad_form(x, indefinite).
  warnings.warn("Forming a nonconvex expression quad_form(x, indefinite).")
/home/alber/env/lib/python3.11/site-packages/cvxpy/atoms/quad_form.py:226: UserWarning: Forming a nonconvex expression quad_form(x, indefinite).
  warnings.warn("Forming a nonconvex expression quad_form(x, indefinite).")
/home/alber/env/lib/python3.11/site-packages/cvxpy/atoms/quad_form.py:226: UserWarning: Forming a nonconvex expression quad_form(x, indefinite).
  warnings.warn("Forming a nonconvex expression quad_form(x, indefinite).")
/home/alber/env/lib/python3.11/site-packages/cvxpy/atoms/quad_form.py:226: UserWarning: Forming a nonconvex expression quad_form(x, indefinite).
  warnings.warn("Forming a nonconvex expression quad_form(x, indefinite).")
/home/alber/env/lib/python3.11/site-packages/cvxpy/atoms/quad_form.py:226: UserWarning: Forming a nonconvex expression quad_form(x, indefinite).
  warnings.warn("Forming a nonconvex expression quad_form(x, indefinite).")
/home/alber/env/lib/python3.11/site-packages/cvxpy/atoms/quad_form.py:226: UserWarning: Forming a nonconvex expression quad_form(x, indefinite).
  warnings.warn("Forming a nonconvex expression quad_form(x, indefinite).")
/home/alber/env/lib/python3.11/site-packages/cvxpy/atoms/quad_form.py:226: UserWarning: Forming a nonconvex expression quad_form(x, indefinite).
  warnings.warn("Forming a nonconvex expression quad_form(x, indefinite).")
/home/alber/env/lib/python3.11/site-packages/cvxpy/atoms/quad_form.py:226: UserWarning: Forming a nonconvex expression quad_form(x, indefinite).
  warnings.warn("Forming a nonconvex expression quad_form(x, indefinite).")
/home/alber/env/lib/python3.11/site-packages/cvxpy/atoms/quad_form.py:226: UserWarning: Forming a nonconvex expression quad_form(x, indefinite).
  warnings.warn("Forming a nonconvex expression quad_form(x, indefinite).")
/home/alber/env/lib/python3.11/site-packages/cvxpy/atoms/quad_form.py:226: UserWarning: Forming a nonconvex expression quad_form(x, indefinite).
  warnings.warn("Forming a nonconvex expression quad_form(x, indefinite).")
/home/alber/env/lib/python3.11/site-packages/cvxpy/atoms/quad_form.py:226: UserWarning: Forming a nonconvex expression quad_form(x, indefinite).
  warnings.warn("Forming a nonconvex expression quad_form(x, indefinite).")
/home/alber/env/lib/python3.11/site-packages/cvxpy/atoms/quad_form.py:226: UserWarning: Forming a nonconvex expression quad_form(x, indefinite).
  warnings.warn("Forming a nonconvex expression quad_form(x, indefinite).")
trail number 16
[I 2025-07-20 01:39:12,970] Trial 16 finished with value: 42.66108190401106 and parameters: {'C': 7.228601798284171, 'epsilon': 11.104143872610313, 'tau': 6.841367711337127}. Best is trial 15 with value: 42.16584197977094.
/home/alber/env/lib/python3.11/site-packages/cvxpy/atoms/quad_form.py:226: UserWarning: Forming a nonconvex expression quad_form(x, indefinite).
  warnings.warn("Forming a nonconvex expression quad_form(x, indefinite).")
trail number 17
[I 2025-07-20 01:39:19,335] Trial 17 finished with value: 42.645178297957884 and parameters: {'C': 18.37807948221079, 'epsilon': 10.783945618853615, 'tau': 2.529181754302547}. Best is trial 15 with value: 42.16584197977094.
/home/alber/env/lib/python3.11/site-packages/cvxpy/atoms/quad_form.py:226: UserWarning: Forming a nonconvex expression quad_form(x, indefinite).
  warnings.warn("Forming a nonconvex expression quad_form(x, indefinite).")
/home/alber/env/lib/python3.11/site-packages/cvxpy/atoms/quad_form.py:226: UserWarning: Forming a nonconvex expression quad_form(x, indefinite).
  warnings.warn("Forming a nonconvex expression quad_form(x, indefinite).")
trail number 18
[I 2025-07-20 01:39:25,047] Trial 18 finished with value: 42.73755297671819 and parameters: {'C': 6.5961013414626555, 'epsilon': 12.690886960517819, 'tau': 7.996684220866592}. Best is trial 15 with value: 42.16584197977094.
trail number 19
[I 2025-07-20 01:39:28,549] Trial 19 finished with value: 42.30080843441212 and parameters: {'C': 12.100194671963711, 'epsilon': 4.078247979416246, 'tau': 2.3492110693176937}. Best is trial 15 with value: 42.16584197977094.
/home/alber/env/lib/python3.11/site-packages/cvxpy/atoms/quad_form.py:226: UserWarning: Forming a nonconvex expression quad_form(x, indefinite).
  warnings.warn("Forming a nonconvex expression quad_form(x, indefinite).")
/home/alber/env/lib/python3.11/site-packages/cvxpy/atoms/quad_form.py:226: UserWarning: Forming a nonconvex expression quad_form(x, indefinite).
  warnings.warn("Forming a nonconvex expression quad_form(x, indefinite).")
/home/alber/env/lib/python3.11/site-packages/cvxpy/atoms/quad_form.py:226: UserWarning: Forming a nonconvex expression quad_form(x, indefinite).
  warnings.warn("Forming a nonconvex expression quad_form(x, indefinite).")
/home/alber/env/lib/python3.11/site-packages/cvxpy/atoms/quad_form.py:226: UserWarning: Forming a nonconvex expression quad_form(x, indefinite).
  warnings.warn("Forming a nonconvex expression quad_form(x, indefinite).")
trail number 21
trail number 20
[I 2025-07-20 01:40:08,372] Trial 21 finished with value: 43.39664361451437 and parameters: {'C': 0.825551213713412, 'epsilon': 23.208966487949173, 'tau': 7.176809321709548}. Best is trial 15 with value: 42.16584197977094.
[I 2025-07-20 01:40:08,386] Trial 20 finished with value: 43.28356692166644 and parameters: {'C': 2.185989991036107, 'epsilon': 21.75888479167942, 'tau': 4.887935554703148}. Best is trial 15 with value: 42.16584197977094.
/home/alber/env/lib/python3.11/site-packages/cvxpy/atoms/quad_form.py:226: UserWarning: Forming a nonconvex expression quad_form(x, indefinite).
  warnings.warn("Forming a nonconvex expression quad_form(x, indefinite).")
trail number 22
[I 2025-07-20 01:40:16,813] Trial 22 finished with value: 42.81853080095273 and parameters: {'C': 17.022644025026008, 'epsilon': 14.253114677547849, 'tau': 2.228474188829394}. Best is trial 15 with value: 42.16584197977094.
trail number 23
[I 2025-07-20 01:40:19,317] Trial 23 finished with value: 43.61059034464057 and parameters: {'C': 18.987899806416944, 'epsilon': 25.869744030778833, 'tau': 4.660285365798839}. Best is trial 15 with value: 42.16584197977094.
/home/alber/env/lib/python3.11/site-packages/cvxpy/atoms/quad_form.py:226: UserWarning: Forming a nonconvex expression quad_form(x, indefinite).
  warnings.warn("Forming a nonconvex expression quad_form(x, indefinite).")
/home/alber/env/lib/python3.11/site-packages/cvxpy/atoms/quad_form.py:226: UserWarning: Forming a nonconvex expression quad_form(x, indefinite).
  warnings.warn("Forming a nonconvex expression quad_form(x, indefinite).")
/home/alber/env/lib/python3.11/site-packages/cvxpy/atoms/quad_form.py:226: UserWarning: Forming a nonconvex expression quad_form(x, indefinite).
  warnings.warn("Forming a nonconvex expression quad_form(x, indefinite).")
/home/alber/env/lib/python3.11/site-packages/cvxpy/atoms/quad_form.py:226: UserWarning: Forming a nonconvex expression quad_form(x, indefinite).
  warnings.warn("Forming a nonconvex expression quad_form(x, indefinite).")
/home/alber/env/lib/python3.11/site-packages/cvxpy/atoms/quad_form.py:226: UserWarning: Forming a nonconvex expression quad_form(x, indefinite).
  warnings.warn("Forming a nonconvex expression quad_form(x, indefinite).")
/home/alber/env/lib/python3.11/site-packages/cvxpy/atoms/quad_form.py:226: UserWarning: Forming a nonconvex expression quad_form(x, indefinite).
  warnings.warn("Forming a nonconvex expression quad_form(x, indefinite).")
/home/alber/env/lib/python3.11/site-packages/cvxpy/atoms/quad_form.py:226: UserWarning: Forming a nonconvex expression quad_form(x, indefinite).
  warnings.warn("Forming a nonconvex expression quad_form(x, indefinite).")
/home/alber/env/lib/python3.11/site-packages/cvxpy/atoms/quad_form.py:226: UserWarning: Forming a nonconvex expression quad_form(x, indefinite).
  warnings.warn("Forming a nonconvex expression quad_form(x, indefinite).")
trail number 25
[I 2025-07-20 01:41:14,206] Trial 25 finished with value: 43.00269909864473 and parameters: {'C': 0.16532371325916426, 'epsilon': 17.686866529655976, 'tau': 4.549366268230061}. Best is trial 15 with value: 42.16584197977094.
trail number 24
[I 2025-07-20 01:41:16,292] Trial 24 finished with value: 42.26499574945187 and parameters: {'C': 19.68370188347209, 'epsilon': 3.2417705094339224, 'tau': 9.795529553603505}. Best is trial 15 with value: 42.16584197977094.
/home/alber/env/lib/python3.11/site-packages/cvxpy/atoms/quad_form.py:226: UserWarning: Forming a nonconvex expression quad_form(x, indefinite).
  warnings.warn("Forming a nonconvex expression quad_form(x, indefinite).")
/home/alber/env/lib/python3.11/site-packages/cvxpy/atoms/quad_form.py:226: UserWarning: Forming a nonconvex expression quad_form(x, indefinite).
  warnings.warn("Forming a nonconvex expression quad_form(x, indefinite).")
trail number 26
[I 2025-07-20 01:41:23,903] Trial 26 finished with value: 43.32706782462619 and parameters: {'C': 9.809545455046058, 'epsilon': 22.322218223566285, 'tau': 6.9076441217783415}. Best is trial 15 with value: 42.16584197977094.
trail number 27
