{"target": 31.974585164388014, "params": {"n_estimators": 107, "max_depth": 12, "learning_rate": 0.15, "random_state": 32}}
{"target": 31.974555298487342, "params": {"n_estimators": 677, "max_depth": 12, "learning_rate": 0.15, "random_state": 32}}
{"target": 31.97458103179931, "params": {"n_estimators": 697, "max_depth": 11, "learning_rate": 0.15, "random_state": 32}}
{"target": 31.974556506474812, "params": {"n_estimators": 799, "max_depth": 13, "learning_rate": 0.15, "random_state": 32}}
{"target": 31.974556506474812, "params": {"n_estimators": 1036, "max_depth": 13, "learning_rate": 0.15, "random_state": 32}}
{"target": 31.97458802541097, "params": {"n_estimators": 600, "max_depth": 10, "learning_rate": 0.15, "random_state": 32}}
{"target": 31.974556506474812, "params": {"n_estimators": 926, "max_depth": 13, "learning_rate": 0.15, "random_state": 32}}
{"target": 31.97458103179931, "params": {"n_estimators": 1676, "max_depth": 11, "learning_rate": 0.15, "random_state": 32}}
{"target": 31.974556760787966, "params": {"n_estimators": 1639, "max_depth": 13, "learning_rate": 0.15, "random_state": 32}}
{"target": 31.974555298487342, "params": {"n_estimators": 1503, "max_depth": 12, "learning_rate": 0.15, "random_state": 32}}
{"target": 31.97458802541097, "params": {"n_estimators": 1297, "max_depth": 10, "learning_rate": 0.15, "random_state": 32}}
{"target": 31.974555298487342, "params": {"n_estimators": 1869, "max_depth": 12, "learning_rate": 0.15, "random_state": 32}}
{"target": 31.974555298487342, "params": {"n_estimators": 1817, "max_depth": 12, "learning_rate": 0.15, "random_state": 32}}
{"target": 31.974555298487342, "params": {"n_estimators": 2016, "max_depth": 12, "learning_rate": 0.15, "random_state": 32}}
{"target": 31.974547287623086, "params": {"n_estimators": 2062, "max_depth": 14, "learning_rate": 0.15, "random_state": 32}}
{"target": 31.974556760787966, "params": {"n_estimators": 2175, "max_depth": 13, "learning_rate": 0.15, "random_state": 32}}
{"target": 31.974547287623086, "params": {"n_estimators": 2271, "max_depth": 14, "learning_rate": 0.15, "random_state": 32}}
{"target": 31.974556760787966, "params": {"n_estimators": 2140, "max_depth": 13, "learning_rate": 0.15, "random_state": 32}}
{"target": 31.974561052322382, "params": {"n_estimators": 2091, "max_depth": 15, "learning_rate": 0.15, "random_state": 32}}
{"target": 31.97455068906148, "params": {"n_estimators": 2200, "max_depth": 16, "learning_rate": 0.15, "random_state": 32}}
{"target": 31.974548670450844, "params": {"n_estimators": 1164, "max_depth": 17, "learning_rate": 0.15, "random_state": 32}}
{"target": 31.97455068906148, "params": {"n_estimators": 2287, "max_depth": 16, "learning_rate": 0.15, "random_state": 32}}
{"target": 31.974555854797366, "params": {"n_estimators": 1226, "max_depth": 18, "learning_rate": 0.15, "random_state": 32}}
{"target": 31.974555854797366, "params": {"n_estimators": 2086, "max_depth": 18, "learning_rate": 0.15, "random_state": 32}}
{"target": 31.974559812545778, "params": {"n_estimators": 2015, "max_depth": 19, "learning_rate": 0.15, "random_state": 32}}
{"target": 31.974561052322382, "params": {"n_estimators": 778, "max_depth": 15, "learning_rate": 0.15, "random_state": 32}}
{"target": 31.974561052322382, "params": {"n_estimators": 757, "max_depth": 15, "learning_rate": 0.15, "random_state": 32}}
{"target": 31.974547192255653, "params": {"n_estimators": 1051, "max_depth": 14, "learning_rate": 0.15, "random_state": 32}}
{"target": 31.974548670450844, "params": {"n_estimators": 1345, "max_depth": 17, "learning_rate": 0.15, "random_state": 32}}
{"target": 31.974548670450844, "params": {"n_estimators": 1655, "max_depth": 17, "learning_rate": 0.15, "random_state": 32}}
{"target": 31.97454884529114, "params": {"n_estimators": 131, "max_depth": 14, "learning_rate": 0.15, "random_state": 32}}
{"target": 31.97455043474833, "params": {"n_estimators": 910, "max_depth": 16, "learning_rate": 0.15, "random_state": 32}}
{"target": 31.97455709457397, "params": {"n_estimators": 780, "max_depth": 30, "learning_rate": 0.15, "random_state": 32}}
{"target": 31.97454703330994, "params": {"n_estimators": 1594, "max_depth": 14, "learning_rate": 0.15, "random_state": 32}}
{"target": 31.97454703330994, "params": {"n_estimators": 1413, "max_depth": 14, "learning_rate": 0.15, "random_state": 32}}
{"target": 31.974547192255653, "params": {"n_estimators": 986, "max_depth": 14, "learning_rate": 0.15, "random_state": 32}}
{"target": 31.974561052322382, "params": {"n_estimators": 1346, "max_depth": 15, "learning_rate": 0.15, "random_state": 32}}
{"target": 31.97454703330994, "params": {"n_estimators": 1349, "max_depth": 14, "learning_rate": 0.15, "random_state": 32}}
{"target": 31.974547192255653, "params": {"n_estimators": 1086, "max_depth": 14, "learning_rate": 0.15, "random_state": 32}}
{"target": 31.974547192255653, "params": {"n_estimators": 1133, "max_depth": 14, "learning_rate": 0.15, "random_state": 32}}
{"target": 31.97454703330994, "params": {"n_estimators": 1342, "max_depth": 14, "learning_rate": 0.15, "random_state": 32}}
{"target": 31.974547192255653, "params": {"n_estimators": 1046, "max_depth": 14, "learning_rate": 0.15, "random_state": 32}}
{"target": 31.974556506474812, "params": {"n_estimators": 922, "max_depth": 13, "learning_rate": 0.15, "random_state": 32}}
{"target": 31.974555298487342, "params": {"n_estimators": 1162, "max_depth": 12, "learning_rate": 0.15, "random_state": 32}}
{"target": 31.974556506474812, "params": {"n_estimators": 1028, "max_depth": 13, "learning_rate": 0.15, "random_state": 32}}
{"target": 31.974547192255653, "params": {"n_estimators": 959, "max_depth": 14, "learning_rate": 0.15, "random_state": 32}}
{"target": 31.974556760787966, "params": {"n_estimators": 1122, "max_depth": 13, "learning_rate": 0.15, "random_state": 32}}
{"target": 31.974561052322382, "params": {"n_estimators": 772, "max_depth": 15, "learning_rate": 0.15, "random_state": 32}}
{"target": 31.974556506474812, "params": {"n_estimators": 1056, "max_depth": 13, "learning_rate": 0.15, "random_state": 32}}
{"target": 31.974547192255653, "params": {"n_estimators": 1001, "max_depth": 14, "learning_rate": 0.15, "random_state": 32}}
{"target": 31.974561052322382, "params": {"n_estimators": 936, "max_depth": 15, "learning_rate": 0.15, "random_state": 32}}
{"target": 31.974560798009236, "params": {"n_estimators": 570, "max_depth": 15, "learning_rate": 0.15, "random_state": 32}}
{"target": 31.974578456878664, "params": {"n_estimators": 4908, "max_depth": 3, "learning_rate": 0.15, "random_state": 32}}
{"target": 31.974560798009236, "params": {"n_estimators": 692, "max_depth": 15, "learning_rate": 0.15, "random_state": 32}}
{"target": 31.974561052322382, "params": {"n_estimators": 830, "max_depth": 15, "learning_rate": 0.15, "random_state": 32}}
{"target": 31.974548670450844, "params": {"n_estimators": 809, "max_depth": 17, "learning_rate": 0.15, "random_state": 32}}
{"target": 31.974561052322382, "params": {"n_estimators": 926, "max_depth": 15, "learning_rate": 0.15, "random_state": 32}}
{"target": 31.97455043474833, "params": {"n_estimators": 997, "max_depth": 16, "learning_rate": 0.15, "random_state": 32}}
{"target": 31.974547192255653, "params": {"n_estimators": 1026, "max_depth": 14, "learning_rate": 0.15, "random_state": 32}}
{"target": 31.97458802541097, "params": {"n_estimators": 1142, "max_depth": 10, "learning_rate": 0.15, "random_state": 32}}
{"target": 31.97458103179931, "params": {"n_estimators": 1121, "max_depth": 11, "learning_rate": 0.15, "random_state": 32}}
{"target": 31.974578345616663, "params": {"n_estimators": 1213, "max_depth": 8, "learning_rate": 0.15, "random_state": 32}}
{"target": 31.97460442860921, "params": {"n_estimators": 970, "max_depth": 9, "learning_rate": 0.15, "random_state": 32}}
{"target": 31.974607003529865, "params": {"n_estimators": 1161, "max_depth": 7, "learning_rate": 0.15, "random_state": 32}}
{"target": 31.97460442860921, "params": {"n_estimators": 1081, "max_depth": 9, "learning_rate": 0.15, "random_state": 32}}
{"target": 31.974556506474812, "params": {"n_estimators": 1027, "max_depth": 13, "learning_rate": 0.15, "random_state": 32}}
{"target": 31.97460442860921, "params": {"n_estimators": 975, "max_depth": 9, "learning_rate": 0.15, "random_state": 32}}
{"target": 31.974556506474812, "params": {"n_estimators": 1070, "max_depth": 13, "learning_rate": 0.15, "random_state": 32}}
{"target": 31.974556760787966, "params": {"n_estimators": 1162, "max_depth": 13, "learning_rate": 0.15, "random_state": 32}}
{"target": 31.974607003529865, "params": {"n_estimators": 1037, "max_depth": 7, "learning_rate": 0.15, "random_state": 32}}
{"target": 31.974547192255653, "params": {"n_estimators": 1185, "max_depth": 14, "learning_rate": 0.15, "random_state": 32}}
{"target": 31.97454695383708, "params": {"n_estimators": 249, "max_depth": 14, "learning_rate": 0.15, "random_state": 32}}
{"target": 31.974554408391317, "params": {"n_estimators": 168, "max_depth": 13, "learning_rate": 0.15, "random_state": 32}}
{"target": 31.974542407989503, "params": {"n_estimators": 114, "max_depth": 14, "learning_rate": 0.15, "random_state": 32}}
{"target": 31.974548988342285, "params": {"n_estimators": 191, "max_depth": 14, "learning_rate": 0.15, "random_state": 32}}
{"target": 31.974547192255653, "params": {"n_estimators": 1138, "max_depth": 14, "learning_rate": 0.15, "random_state": 32}}
{"target": 31.974555362065633, "params": {"n_estimators": 314, "max_depth": 13, "learning_rate": 0.15, "random_state": 32}}
{"target": 31.974550816218056, "params": {"n_estimators": 112, "max_depth": 16, "learning_rate": 0.15, "random_state": 32}}
{"target": 31.97454975128174, "params": {"n_estimators": 232, "max_depth": 14, "learning_rate": 0.15, "random_state": 32}}
{"target": 31.97455043474833, "params": {"n_estimators": 228, "max_depth": 16, "learning_rate": 0.15, "random_state": 32}}
{"target": 31.975194991429646, "params": {"n_estimators": 127, "max_depth": 11, "learning_rate": 0.15, "random_state": 32}}
{"target": 31.974546874364215, "params": {"n_estimators": 404, "max_depth": 14, "learning_rate": 0.15, "random_state": 32}}
{"target": 31.974546874364215, "params": {"n_estimators": 347, "max_depth": 14, "learning_rate": 0.15, "random_state": 32}}
{"target": 31.974552580515542, "params": {"n_estimators": 107, "max_depth": 15, "learning_rate": 0.15, "random_state": 32}}
{"target": 31.974554344813026, "params": {"n_estimators": 170, "max_depth": 12, "learning_rate": 0.15, "random_state": 32}}
{"target": 31.974555298487342, "params": {"n_estimators": 222, "max_depth": 12, "learning_rate": 0.15, "random_state": 32}}
{"target": 31.975799303054806, "params": {"n_estimators": 107, "max_depth": 11, "learning_rate": 0.15, "random_state": 32}}
{"target": 31.974548670450844, "params": {"n_estimators": 949, "max_depth": 17, "learning_rate": 0.15, "random_state": 32}}
{"target": 31.974555298487342, "params": {"n_estimators": 206, "max_depth": 12, "learning_rate": 0.15, "random_state": 32}}
{"target": 31.974592475891114, "params": {"n_estimators": 290, "max_depth": 10, "learning_rate": 0.15, "random_state": 32}}
{"target": 31.97455534617106, "params": {"n_estimators": 632, "max_depth": 18, "learning_rate": 0.15, "random_state": 32}}
{"target": 31.974559462865194, "params": {"n_estimators": 514, "max_depth": 19, "learning_rate": 0.15, "random_state": 32}}
{"target": 31.974559717178344, "params": {"n_estimators": 977, "max_depth": 19, "learning_rate": 0.15, "random_state": 32}}
{"target": 31.974548670450844, "params": {"n_estimators": 657, "max_depth": 17, "learning_rate": 0.15, "random_state": 32}}
{"target": 31.974548670450844, "params": {"n_estimators": 1394, "max_depth": 17, "learning_rate": 0.15, "random_state": 32}}
{"target": 31.974548670450844, "params": {"n_estimators": 789, "max_depth": 17, "learning_rate": 0.15, "random_state": 32}}
{"target": 31.97455043474833, "params": {"n_estimators": 737, "max_depth": 16, "learning_rate": 0.15, "random_state": 32}}
