{"target": 31.974537734985354, "params": {"n_estimators": 756, "max_depth": 28, "learning_rate": 0.2921454671298116, "random_state": 32}}
{"target": 31.97455556869507, "params": {"n_estimators": 647, "max_depth": 25, "learning_rate": 0.27408696985493125, "random_state": 32}}
{"target": 31.974555457433063, "params": {"n_estimators": 597, "max_depth": 24, "learning_rate": 0.06052101485662315, "random_state": 32}}
{"target": 31.9745524374644, "params": {"n_estimators": 535, "max_depth": 30, "learning_rate": 0.052514639733971205, "random_state": 32}}
{"target": 31.974551404317214, "params": {"n_estimators": 678, "max_depth": 25, "learning_rate": 0.07691902916500945, "random_state": 32}}
{"target": 41.3681875483195, "params": {"n_estimators": 43, "max_depth": 13, "learning_rate": 0.014372431970438953, "random_state": 32}}
{"target": 31.974560130437215, "params": {"n_estimators": 571, "max_depth": 26, "learning_rate": 0.053783755880991595, "random_state": 32}}
{"target": 31.974555075963337, "params": {"n_estimators": 607, "max_depth": 29, "learning_rate": 0.04336901093867856, "random_state": 32}}
{"target": 31.974556760787966, "params": {"n_estimators": 803, "max_depth": 26, "learning_rate": 0.21066548736306687, "random_state": 32}}
{"target": 31.97457890192668, "params": {"n_estimators": 978, "max_depth": 11, "learning_rate": 0.08221029961298025, "random_state": 32}}
{"target": 31.974792763392127, "params": {"n_estimators": 353, "max_depth": 15, "learning_rate": 0.02561578231619662, "random_state": 32}}
{"target": 31.9745441087087, "params": {"n_estimators": 615, "max_depth": 24, "learning_rate": 0.024911178323039358, "random_state": 32}}
{"target": 31.974885905583704, "params": {"n_estimators": 456, "max_depth": 14, "learning_rate": 0.019518603725696672, "random_state": 32}}
{"target": 31.97976877848307, "params": {"n_estimators": 403, "max_depth": 18, "learning_rate": 0.01295152813185549, "random_state": 32}}
{"target": 31.974546635945636, "params": {"n_estimators": 952, "max_depth": 24, "learning_rate": 0.2903852612065645, "random_state": 32}}
{"target": 31.97453241030375, "params": {"n_estimators": 392, "max_depth": 14, "learning_rate": 0.02870898969693681, "random_state": 32}}
{"target": 31.974551324844356, "params": {"n_estimators": 910, "max_depth": 24, "learning_rate": 0.2671326337404866, "random_state": 32}}
{"target": 31.974557142257687, "params": {"n_estimators": 903, "max_depth": 24, "learning_rate": 0.28742715239872985, "random_state": 32}}
{"target": 31.97453576405843, "params": {"n_estimators": 994, "max_depth": 25, "learning_rate": 0.2794292858580065, "random_state": 32}}
{"target": 31.97452509880066, "params": {"n_estimators": 980, "max_depth": 25, "learning_rate": 0.26968001966668687, "random_state": 32}}
{"target": 31.975006640752156, "params": {"n_estimators": 282, "max_depth": 8, "learning_rate": 0.17201272565678033, "random_state": 32}}
{"target": 31.97454601605733, "params": {"n_estimators": 744, "max_depth": 27, "learning_rate": 0.2427844214578454, "random_state": 32}}
{"target": 31.981685800552373, "params": {"n_estimators": 132, "max_depth": 8, "learning_rate": 0.16223697843682733, "random_state": 32}}
{"target": 31.975002539952595, "params": {"n_estimators": 202, "max_depth": 8, "learning_rate": 0.2567815872434393, "random_state": 32}}
{"target": 31.97455738067627, "params": {"n_estimators": 357, "max_depth": 15, "learning_rate": 0.08109970296413865, "random_state": 32}}
{"target": 31.974549830754597, "params": {"n_estimators": 992, "max_depth": 25, "learning_rate": 0.27226056120495445, "random_state": 32}}
{"target": 31.974558445612587, "params": {"n_estimators": 984, "max_depth": 26, "learning_rate": 0.23764596981352648, "random_state": 32}}
{"target": 31.97454975128174, "params": {"n_estimators": 969, "max_depth": 24, "learning_rate": 0.21823897845339058, "random_state": 32}}
{"target": 31.974539086023963, "params": {"n_estimators": 931, "max_depth": 25, "learning_rate": 0.22233310011215893, "random_state": 32}}
{"target": 31.974541629155475, "params": {"n_estimators": 999, "max_depth": 24, "learning_rate": 0.24275203450323893, "random_state": 32}}
{"target": 31.974555981953937, "params": {"n_estimators": 949, "max_depth": 22, "learning_rate": 0.2249802861313029, "random_state": 32}}
{"target": 31.97454619089762, "params": {"n_estimators": 675, "max_depth": 13, "learning_rate": 0.06358875054388899, "random_state": 32}}
{"target": 31.974560241699216, "params": {"n_estimators": 387, "max_depth": 28, "learning_rate": 0.2666244594496931, "random_state": 32}}
{"target": 31.974549322128297, "params": {"n_estimators": 588, "max_depth": 17, "learning_rate": 0.07818276867651554, "random_state": 32}}
{"target": 32.129991359710694, "params": {"n_estimators": 291, "max_depth": 15, "learning_rate": 0.01281858173395207, "random_state": 32}}
{"target": 31.974549798965455, "params": {"n_estimators": 591, "max_depth": 16, "learning_rate": 0.0775939740779555, "random_state": 32}}
{"target": 31.97455499649048, "params": {"n_estimators": 708, "max_depth": 20, "learning_rate": 0.2891223878646697, "random_state": 32}}
{"target": 31.974551626841226, "params": {"n_estimators": 976, "max_depth": 30, "learning_rate": 0.2870741964526853, "random_state": 32}}
{"target": 31.97452409744263, "params": {"n_estimators": 272, "max_depth": 14, "learning_rate": 0.042846202434692365, "random_state": 32}}
{"target": 32.02901659965515, "params": {"n_estimators": 284, "max_depth": 10, "learning_rate": 0.027231102541045844, "random_state": 32}}
{"target": 31.974588851928708, "params": {"n_estimators": 303, "max_depth": 14, "learning_rate": 0.03427492652447063, "random_state": 32}}
{"target": 31.97454469680786, "params": {"n_estimators": 683, "max_depth": 29, "learning_rate": 0.22698847492618657, "random_state": 32}}
{"target": 31.974533522923785, "params": {"n_estimators": 996, "max_depth": 29, "learning_rate": 0.29855813132055053, "random_state": 32}}
{"target": 31.97455315272013, "params": {"n_estimators": 788, "max_depth": 27, "learning_rate": 0.29835351384650577, "random_state": 32}}
{"target": 31.97451635678609, "params": {"n_estimators": 169, "max_depth": 15, "learning_rate": 0.07060772697770872, "random_state": 32}}
{"target": 31.974542646408082, "params": {"n_estimators": 990, "max_depth": 29, "learning_rate": 0.03313321642456582, "random_state": 32}}
{"target": 31.974649871190387, "params": {"n_estimators": 254, "max_depth": 11, "learning_rate": 0.08847058232643773, "random_state": 32}}
{"target": 31.97456985791524, "params": {"n_estimators": 324, "max_depth": 12, "learning_rate": 0.07562168324241522, "random_state": 32}}
{"target": 31.97454221725464, "params": {"n_estimators": 932, "max_depth": 27, "learning_rate": 0.2995944102288429, "random_state": 32}}
{"target": 31.97454480806987, "params": {"n_estimators": 389, "max_depth": 13, "learning_rate": 0.0711310740932577, "random_state": 32}}
{"target": 31.9750140953064, "params": {"n_estimators": 151, "max_depth": 17, "learning_rate": 0.05635094685589269, "random_state": 32}}
{"target": 32.2720007610321, "params": {"n_estimators": 41, "max_depth": 13, "learning_rate": 0.07851840956125342, "random_state": 32}}
{"target": 31.974550641377768, "params": {"n_estimators": 194, "max_depth": 15, "learning_rate": 0.12662645726774457, "random_state": 32}}
{"target": 31.974926929473877, "params": {"n_estimators": 140, "max_depth": 18, "learning_rate": 0.06402221777414013, "random_state": 32}}
{"target": 31.97454908370971, "params": {"n_estimators": 290, "max_depth": 19, "learning_rate": 0.08363756551526703, "random_state": 32}}
{"target": 31.974556824366253, "params": {"n_estimators": 986, "max_depth": 29, "learning_rate": 0.2582991995521483, "random_state": 32}}
{"target": 31.974536924362184, "params": {"n_estimators": 973, "max_depth": 27, "learning_rate": 0.2797459598648793, "random_state": 32}}
{"target": 31.97508860905965, "params": {"n_estimators": 235, "max_depth": 21, "learning_rate": 0.031412469206898316, "random_state": 32}}
{"target": 31.97456451733907, "params": {"n_estimators": 985, "max_depth": 29, "learning_rate": 0.2345202779916022, "random_state": 32}}
{"target": 31.974532775878906, "params": {"n_estimators": 947, "max_depth": 27, "learning_rate": 0.29132983849601435, "random_state": 32}}
{"target": 31.974546969731648, "params": {"n_estimators": 853, "max_depth": 30, "learning_rate": 0.24304452283466743, "random_state": 32}}
{"target": 31.974546715418494, "params": {"n_estimators": 986, "max_depth": 22, "learning_rate": 0.2715452198015471, "random_state": 32}}
{"target": 31.974541088740033, "params": {"n_estimators": 975, "max_depth": 20, "learning_rate": 0.27224299185787465, "random_state": 32}}
{"target": 31.974546445210773, "params": {"n_estimators": 951, "max_depth": 24, "learning_rate": 0.28412396926476496, "random_state": 32}}
{"target": 31.974540659586587, "params": {"n_estimators": 838, "max_depth": 24, "learning_rate": 0.2895207800530527, "random_state": 32}}
{"target": 32.03523206392924, "params": {"n_estimators": 483, "max_depth": 10, "learning_rate": 0.01718103004745689, "random_state": 32}}
{"target": 31.974546683629352, "params": {"n_estimators": 979, "max_depth": 27, "learning_rate": 0.2807320711659279, "random_state": 32}}
{"target": 31.977068401972453, "params": {"n_estimators": 363, "max_depth": 27, "learning_rate": 0.016719676028030164, "random_state": 32}}
{"target": 31.98159023284912, "params": {"n_estimators": 477, "max_depth": 26, "learning_rate": 0.01078441827166675, "random_state": 32}}
{"target": 31.993781166076655, "params": {"n_estimators": 557, "max_depth": 11, "learning_rate": 0.01491809702046146, "random_state": 32}}
{"target": 31.974553867975875, "params": {"n_estimators": 973, "max_depth": 28, "learning_rate": 0.2963892931015457, "random_state": 32}}
{"target": 31.974551547368367, "params": {"n_estimators": 842, "max_depth": 21, "learning_rate": 0.06188890379828982, "random_state": 32}}
{"target": 31.97450496037801, "params": {"n_estimators": 471, "max_depth": 23, "learning_rate": 0.026924174883783, "random_state": 32}}
{"target": 31.97454290072123, "params": {"n_estimators": 994, "max_depth": 27, "learning_rate": 0.2987183071513018, "random_state": 32}}
{"target": 31.974514099756874, "params": {"n_estimators": 668, "max_depth": 25, "learning_rate": 0.019155974526959683, "random_state": 32}}
{"target": 31.974541660944617, "params": {"n_estimators": 850, "max_depth": 23, "learning_rate": 0.03400813887316302, "random_state": 32}}
{"target": 31.976054836908975, "params": {"n_estimators": 613, "max_depth": 24, "learning_rate": 0.010352353489048007, "random_state": 32}}
{"target": 31.97454480806986, "params": {"n_estimators": 515, "max_depth": 24, "learning_rate": 0.03324557940916213, "random_state": 32}}
{"target": 31.974547732671102, "params": {"n_estimators": 723, "max_depth": 22, "learning_rate": 0.026272808437932026, "random_state": 32}}
{"target": 31.9745859114329, "params": {"n_estimators": 695, "max_depth": 30, "learning_rate": 0.015171063417766372, "random_state": 32}}
{"target": 31.974523843129475, "params": {"n_estimators": 676, "max_depth": 26, "learning_rate": 0.020905361821521362, "random_state": 32}}
{"target": 31.974522619247438, "params": {"n_estimators": 594, "max_depth": 20, "learning_rate": 0.019841877773273557, "random_state": 32}}
{"target": 31.974542980194094, "params": {"n_estimators": 928, "max_depth": 17, "learning_rate": 0.16471634280556452, "random_state": 32}}
{"target": 31.97453512827555, "params": {"n_estimators": 678, "max_depth": 21, "learning_rate": 0.021478632454980863, "random_state": 32}}
{"target": 31.974551690419514, "params": {"n_estimators": 619, "max_depth": 20, "learning_rate": 0.07807346799873727, "random_state": 32}}
{"target": 31.974542980194087, "params": {"n_estimators": 728, "max_depth": 26, "learning_rate": 0.022931115832620794, "random_state": 32}}
{"target": 31.979318135579426, "params": {"n_estimators": 428, "max_depth": 21, "learning_rate": 0.012264170885127707, "random_state": 32}}
{"target": 31.97455040295919, "params": {"n_estimators": 521, "max_depth": 20, "learning_rate": 0.04621133128002314, "random_state": 32}}
{"target": 31.97454968770345, "params": {"n_estimators": 553, "max_depth": 19, "learning_rate": 0.0554940878875254, "random_state": 32}}
{"target": 31.974749180475875, "params": {"n_estimators": 790, "max_depth": 29, "learning_rate": 0.011853790889971063, "random_state": 32}}
{"target": 31.972679293950392, "params": {"n_estimators": 208, "max_depth": 13, "learning_rate": 0.040108840957201734, "random_state": 32}}
{"target": 31.98045327822367, "params": {"n_estimators": 357, "max_depth": 12, "learning_rate": 0.01827200108976917, "random_state": 32}}
{"target": 31.974488096237184, "params": {"n_estimators": 280, "max_depth": 16, "learning_rate": 0.04677827686333072, "random_state": 32}}
{"target": 31.97455852508545, "params": {"n_estimators": 716, "max_depth": 26, "learning_rate": 0.07393855243429609, "random_state": 32}}
{"target": 32.032787491480505, "params": {"n_estimators": 107, "max_depth": 13, "learning_rate": 0.03925439421079276, "random_state": 32}}
{"target": 32.07757676442464, "params": {"n_estimators": 234, "max_depth": 11, "learning_rate": 0.02316196131417971, "random_state": 32}}
{"target": 31.975069471995035, "params": {"n_estimators": 483, "max_depth": 22, "learning_rate": 0.01519023551932554, "random_state": 32}}
{"target": 31.975281902949014, "params": {"n_estimators": 248, "max_depth": 12, "learning_rate": 0.05352441282704147, "random_state": 32}}
{"target": 31.97425665537516, "params": {"n_estimators": 188, "max_depth": 13, "learning_rate": 0.07307457461224894, "random_state": 32}}
{"target": 31.974555552800496, "params": {"n_estimators": 240, "max_depth": 16, "learning_rate": 0.08295824460099463, "random_state": 32}}
{"target": 31.974946018854773, "params": {"n_estimators": 158, "max_depth": 16, "learning_rate": 0.044492032451187574, "random_state": 32}}
{"target": 31.97454197883606, "params": {"n_estimators": 821, "max_depth": 27, "learning_rate": 0.019398539114642354, "random_state": 32}}
{"target": 31.97455116589864, "params": {"n_estimators": 343, "max_depth": 17, "learning_rate": 0.06792365304898194, "random_state": 32}}
{"target": 31.97454730351766, "params": {"n_estimators": 269, "max_depth": 14, "learning_rate": 0.07169080501175301, "random_state": 32}}
{"target": 31.974673871994014, "params": {"n_estimators": 143, "max_depth": 15, "learning_rate": 0.06700870855703817, "random_state": 32}}
{"target": 31.974447008768713, "params": {"n_estimators": 214, "max_depth": 13, "learning_rate": 0.0798259351622702, "random_state": 32}}
{"target": 31.97485112826029, "params": {"n_estimators": 185, "max_depth": 12, "learning_rate": 0.07095215026913813, "random_state": 32}}
{"target": 32.082557341257726, "params": {"n_estimators": 110, "max_depth": 9, "learning_rate": 0.08189882847181264, "random_state": 32}}
{"target": 31.974547716776527, "params": {"n_estimators": 329, "max_depth": 14, "learning_rate": 0.0777545188769144, "random_state": 32}}
{"target": 33.59169310251872, "params": {"n_estimators": 185, "max_depth": 16, "learning_rate": 0.010423886687428253, "random_state": 32}}
{"target": 31.97453337987264, "params": {"n_estimators": 191, "max_depth": 14, "learning_rate": 0.05870046521833867, "random_state": 32}}
{"target": 32.05642629941305, "params": {"n_estimators": 97, "max_depth": 9, "learning_rate": 0.08783623869641663, "random_state": 32}}
{"target": 31.97373412132263, "params": {"n_estimators": 95, "max_depth": 13, "learning_rate": 0.1172942611980881, "random_state": 32}}
{"target": 31.974549862543746, "params": {"n_estimators": 677, "max_depth": 23, "learning_rate": 0.22337653806614655, "random_state": 32}}
{"target": 32.57882574081421, "params": {"n_estimators": 16, "max_depth": 12, "learning_rate": 0.15864311794462282, "random_state": 32}}
{"target": 32.20425752321879, "params": {"n_estimators": 306, "max_depth": 16, "learning_rate": 0.011338733683933965, "random_state": 32}}
{"target": 31.9778027788798, "params": {"n_estimators": 511, "max_depth": 15, "learning_rate": 0.01144867442279951, "random_state": 32}}
{"target": 31.974543155034382, "params": {"n_estimators": 347, "max_depth": 13, "learning_rate": 0.06042955886523859, "random_state": 32}}
{"target": 31.9744990158081, "params": {"n_estimators": 334, "max_depth": 17, "learning_rate": 0.03911650390755994, "random_state": 32}}
{"target": 31.97451322555542, "params": {"n_estimators": 369, "max_depth": 14, "learning_rate": 0.03472577255238463, "random_state": 32}}
{"target": 31.97455304145813, "params": {"n_estimators": 166, "max_depth": 14, "learning_rate": 0.10273351531827182, "random_state": 32}}
{"target": 31.974770447413125, "params": {"n_estimators": 221, "max_depth": 11, "learning_rate": 0.09434805427379762, "random_state": 32}}
{"target": 31.97450586636861, "params": {"n_estimators": 330, "max_depth": 18, "learning_rate": 0.0379985404450285, "random_state": 32}}
{"target": 31.974551944732667, "params": {"n_estimators": 232, "max_depth": 12, "learning_rate": 0.13574237076712842, "random_state": 32}}
{"target": 31.974554853439333, "params": {"n_estimators": 160, "max_depth": 16, "learning_rate": 0.10165984229385593, "random_state": 32}}
{"target": 31.97455801645915, "params": {"n_estimators": 119, "max_depth": 14, "learning_rate": 0.11747586397113273, "random_state": 32}}
{"target": 31.974546524683632, "params": {"n_estimators": 136, "max_depth": 15, "learning_rate": 0.11332168850023748, "random_state": 32}}
{"target": 31.9745525487264, "params": {"n_estimators": 430, "max_depth": 23, "learning_rate": 0.08779559231268924, "random_state": 32}}
{"target": 31.974549401601156, "params": {"n_estimators": 356, "max_depth": 23, "learning_rate": 0.06458254436357826, "random_state": 32}}
{"target": 31.974500700632735, "params": {"n_estimators": 266, "max_depth": 17, "learning_rate": 0.0485234660075574, "random_state": 32}}
{"target": 31.97454986254374, "params": {"n_estimators": 333, "max_depth": 18, "learning_rate": 0.0642621960048918, "random_state": 32}}
{"target": 31.974499683380127, "params": {"n_estimators": 305, "max_depth": 15, "learning_rate": 0.041712970714368226, "random_state": 32}}
{"target": 31.975296382904048, "params": {"n_estimators": 168, "max_depth": 20, "learning_rate": 0.03995519715690504, "random_state": 32}}
{"target": 31.97455251693725, "params": {"n_estimators": 460, "max_depth": 17, "learning_rate": 0.039413064991910926, "random_state": 32}}
{"target": 31.974549592336018, "params": {"n_estimators": 334, "max_depth": 18, "learning_rate": 0.07208491905059036, "random_state": 32}}
{"target": 31.97620794932048, "params": {"n_estimators": 216, "max_depth": 19, "learning_rate": 0.028476876318041536, "random_state": 32}}
{"target": 31.974500478108723, "params": {"n_estimators": 271, "max_depth": 19, "learning_rate": 0.048049587186551945, "random_state": 32}}
{"target": 31.974554551442463, "params": {"n_estimators": 431, "max_depth": 17, "learning_rate": 0.05176525536501881, "random_state": 32}}
{"target": 31.974545459747315, "params": {"n_estimators": 291, "max_depth": 19, "learning_rate": 0.07628007849037338, "random_state": 32}}
{"target": 31.97455219904582, "params": {"n_estimators": 306, "max_depth": 16, "learning_rate": 0.05767370878673245, "random_state": 32}}
{"target": 31.974549989700314, "params": {"n_estimators": 345, "max_depth": 18, "learning_rate": 0.049821521975955456, "random_state": 32}}
{"target": 31.974544967015582, "params": {"n_estimators": 135, "max_depth": 24, "learning_rate": 0.11240862764508804, "random_state": 32}}
{"target": 31.974558254877728, "params": {"n_estimators": 425, "max_depth": 17, "learning_rate": 0.047456717334194445, "random_state": 32}}
{"target": 31.974510062535604, "params": {"n_estimators": 286, "max_depth": 16, "learning_rate": 0.047883897382273624, "random_state": 32}}
{"target": 31.97451764424642, "params": {"n_estimators": 330, "max_depth": 16, "learning_rate": 0.037551542952900765, "random_state": 32}}
{"target": 32.16533120791117, "params": {"n_estimators": 333, "max_depth": 15, "learning_rate": 0.01082154081498857, "random_state": 32}}
{"target": 31.974540866216024, "params": {"n_estimators": 306, "max_depth": 15, "learning_rate": 0.04891546685153565, "random_state": 32}}
{"target": 31.97450429280599, "params": {"n_estimators": 51, "max_depth": 30, "learning_rate": 0.24321770181236813, "random_state": 32}}
{"target": 31.974675238927205, "params": {"n_estimators": 274, "max_depth": 17, "learning_rate": 0.035821961899037635, "random_state": 32}}
{"target": 31.983641649881992, "params": {"n_estimators": 316, "max_depth": 16, "learning_rate": 0.016018756975068868, "random_state": 32}}
{"target": 31.974558143615724, "params": {"n_estimators": 171, "max_depth": 28, "learning_rate": 0.2667473273092729, "random_state": 32}}
{"target": 31.974555187225338, "params": {"n_estimators": 188, "max_depth": 28, "learning_rate": 0.29628808245981164, "random_state": 32}}
{"target": 31.97454669952392, "params": {"n_estimators": 119, "max_depth": 30, "learning_rate": 0.24071280163086298, "random_state": 32}}
{"target": 33.68450342178345, "params": {"n_estimators": 10, "max_depth": 27, "learning_rate": 0.1760402988857499, "random_state": 32}}
{"target": 31.976095892588297, "params": {"n_estimators": 297, "max_depth": 16, "learning_rate": 0.021361032233953876, "random_state": 32}}
{"target": 35.066888402303064, "params": {"n_estimators": 24, "max_depth": 16, "learning_rate": 0.05712157907110023, "random_state": 32}}
{"target": 31.97456297556559, "params": {"n_estimators": 308, "max_depth": 16, "learning_rate": 0.03517736682222436, "random_state": 32}}
{"target": 31.974532426198323, "params": {"n_estimators": 67, "max_depth": 29, "learning_rate": 0.20800437671079616, "random_state": 32}}
