{"target": 32.21200033187866, "params": {"n_estimators": 163, "max_depth": 8, "learning_rate": 0.05907016624088745, "random_state": 32}}
{"target": 31.979689165751136, "params": {"n_estimators": 241, "max_depth": 6, "learning_rate": 0.24197096800005197, "random_state": 32}}
{"target": 31.97935847918193, "params": {"n_estimators": 372, "max_depth": 7, "learning_rate": 0.1065975914549069, "random_state": 32}}
{"target": 37.21371550242106, "params": {"n_estimators": 116, "max_depth": 3, "learning_rate": 0.0686124141874302, "random_state": 32}}
{"target": 31.976256669362385, "params": {"n_estimators": 880, "max_depth": 4, "learning_rate": 0.15802792511614996, "random_state": 32}}
{"target": 31.97456653594971, "params": {"n_estimators": 939, "max_depth": 9, "learning_rate": 0.14921470931390107, "random_state": 32}}
{"target": 31.97458564122518, "params": {"n_estimators": 556, "max_depth": 9, "learning_rate": 0.20338887352822377, "random_state": 32}}
{"target": 31.974691944122316, "params": {"n_estimators": 918, "max_depth": 5, "learning_rate": 0.16494522493834396, "random_state": 32}}
{"target": 31.975685704549154, "params": {"n_estimators": 279, "max_depth": 6, "learning_rate": 0.267947766290432, "random_state": 32}}
{"target": 34.307979888916016, "params": {"n_estimators": 18, "max_depth": 6, "learning_rate": 0.22899707070059627, "random_state": 32}}
{"target": 32.03690054893494, "params": {"n_estimators": 692, "max_depth": 6, "learning_rate": 0.03177374093347717, "random_state": 32}}
{"target": 31.97459934234619, "params": {"n_estimators": 622, "max_depth": 7, "learning_rate": 0.21081646678378654, "random_state": 32}}
{"target": 40.12173245747884, "params": {"n_estimators": 50, "max_depth": 8, "learning_rate": 0.022948450913043768, "random_state": 32}}
{"target": 32.023807729085284, "params": {"n_estimators": 446, "max_depth": 4, "learning_rate": 0.132427143995397, "random_state": 32}}
{"target": 31.986376647949214, "params": {"n_estimators": 84, "max_depth": 8, "learning_rate": 0.2794826090346068, "random_state": 32}}
{"target": 35.46615011850993, "params": {"n_estimators": 968, "max_depth": 3, "learning_rate": 0.011491207752329095, "random_state": 32}}
{"target": 31.985091349283856, "params": {"n_estimators": 585, "max_depth": 7, "learning_rate": 0.052164282710034114, "random_state": 32}}
{"target": 31.974587930043537, "params": {"n_estimators": 446, "max_depth": 8, "learning_rate": 0.2331007113451479, "random_state": 32}}
{"target": 51.86654319763183, "params": {"n_estimators": 763, "max_depth": 2, "learning_rate": 0.010912184834743129, "random_state": 32}}
{"target": 32.0529731241862, "params": {"n_estimators": 117, "max_depth": 5, "learning_rate": 0.20367351591389632, "random_state": 32}}
{"target": 31.97460255304972, "params": {"n_estimators": 662, "max_depth": 10, "learning_rate": 0.12906461888637744, "random_state": 32}}
{"target": 31.988554236094153, "params": {"n_estimators": 776, "max_depth": 4, "learning_rate": 0.11257375615243698, "random_state": 32}}
{"target": 42.12774065653483, "params": {"n_estimators": 37, "max_depth": 5, "learning_rate": 0.06581647565801971, "random_state": 32}}
{"target": 36.967254199981696, "params": {"n_estimators": 328, "max_depth": 2, "learning_rate": 0.07522111661196167, "random_state": 32}}
{"target": 31.974553136825563, "params": {"n_estimators": 840, "max_depth": 6, "learning_rate": 0.2962196809481581, "random_state": 32}}
{"target": 31.98068798065185, "params": {"n_estimators": 962, "max_depth": 5, "learning_rate": 0.08190394208737072, "random_state": 32}}
{"target": 32.840586344401046, "params": {"n_estimators": 266, "max_depth": 2, "learning_rate": 0.17564301245964423, "random_state": 32}}
{"target": 32.01082607587178, "params": {"n_estimators": 852, "max_depth": 4, "learning_rate": 0.07684449600502939, "random_state": 32}}
{"target": 31.97506276448567, "params": {"n_estimators": 672, "max_depth": 7, "learning_rate": 0.08813277865801919, "random_state": 32}}
{"target": 31.981861419677728, "params": {"n_estimators": 227, "max_depth": 10, "learning_rate": 0.054758121069563674, "random_state": 32}}
{"target": 32.01429114023844, "params": {"n_estimators": 997, "max_depth": 2, "learning_rate": 0.2184341697965068, "random_state": 32}}
{"target": 31.9779989528656, "params": {"n_estimators": 289, "max_depth": 5, "learning_rate": 0.28724325797127365, "random_state": 32}}
{"target": 31.9745777575175, "params": {"n_estimators": 206, "max_depth": 9, "learning_rate": 0.2938102894938773, "random_state": 32}}
{"target": 31.98156987508138, "params": {"n_estimators": 424, "max_depth": 7, "learning_rate": 0.0785051962591975, "random_state": 32}}
{"target": 31.97461466471354, "params": {"n_estimators": 987, "max_depth": 7, "learning_rate": 0.2739958497638999, "random_state": 32}}
{"target": 31.97457483291626, "params": {"n_estimators": 901, "max_depth": 9, "learning_rate": 0.23758147564001492, "random_state": 32}}
{"target": 31.97460867245992, "params": {"n_estimators": 897, "max_depth": 6, "learning_rate": 0.2916188702354961, "random_state": 32}}
{"target": 31.97456621805827, "params": {"n_estimators": 786, "max_depth": 8, "learning_rate": 0.2934728310841941, "random_state": 32}}
{"target": 31.97457162221273, "params": {"n_estimators": 637, "max_depth": 10, "learning_rate": 0.08913269451416603, "random_state": 32}}
{"target": 31.974578456878664, "params": {"n_estimators": 975, "max_depth": 7, "learning_rate": 0.2916331114732767, "random_state": 32}}
{"target": 31.974561974207557, "params": {"n_estimators": 839, "max_depth": 10, "learning_rate": 0.27039158554688125, "random_state": 32}}
{"target": 31.974571193059283, "params": {"n_estimators": 989, "max_depth": 10, "learning_rate": 0.20306971595563747, "random_state": 32}}
{"target": 31.97456343650818, "params": {"n_estimators": 878, "max_depth": 10, "learning_rate": 0.22871961416421505, "random_state": 32}}
{"target": 31.974589376449586, "params": {"n_estimators": 679, "max_depth": 10, "learning_rate": 0.27261747011794735, "random_state": 32}}
{"target": 31.974592428207394, "params": {"n_estimators": 996, "max_depth": 9, "learning_rate": 0.11858539912450147, "random_state": 32}}
{"target": 31.974558525085445, "params": {"n_estimators": 691, "max_depth": 10, "learning_rate": 0.286626306236862, "random_state": 32}}
{"target": 31.97457476933797, "params": {"n_estimators": 949, "max_depth": 8, "learning_rate": 0.13215236783080228, "random_state": 32}}
{"target": 31.974577725728352, "params": {"n_estimators": 975, "max_depth": 8, "learning_rate": 0.17564096136569995, "random_state": 32}}
{"target": 31.974592014948524, "params": {"n_estimators": 662, "max_depth": 7, "learning_rate": 0.2839081636436551, "random_state": 32}}
{"target": 31.97456156094869, "params": {"n_estimators": 856, "max_depth": 10, "learning_rate": 0.27598471149445536, "random_state": 32}}
{"target": 31.97514258702596, "params": {"n_estimators": 590, "max_depth": 10, "learning_rate": 0.04751562419039885, "random_state": 32}}
{"target": 31.974594224294027, "params": {"n_estimators": 574, "max_depth": 7, "learning_rate": 0.2930901210520775, "random_state": 32}}
{"target": 31.97458998044332, "params": {"n_estimators": 927, "max_depth": 8, "learning_rate": 0.15914518583736778, "random_state": 32}}
{"target": 31.97452511469523, "params": {"n_estimators": 850, "max_depth": 10, "learning_rate": 0.2966273884443872, "random_state": 32}}
{"target": 31.9745717493693, "params": {"n_estimators": 774, "max_depth": 9, "learning_rate": 0.2924484218418978, "random_state": 32}}
{"target": 31.974581747055055, "params": {"n_estimators": 897, "max_depth": 10, "learning_rate": 0.27726994968469754, "random_state": 32}}
{"target": 31.974553995132446, "params": {"n_estimators": 865, "max_depth": 10, "learning_rate": 0.2966158412285147, "random_state": 32}}
{"target": 31.974544426600136, "params": {"n_estimators": 910, "max_depth": 9, "learning_rate": 0.28912283454375387, "random_state": 32}}
{"target": 31.97455671310425, "params": {"n_estimators": 848, "max_depth": 10, "learning_rate": 0.2974675192916194, "random_state": 32}}
{"target": 31.974584226608272, "params": {"n_estimators": 978, "max_depth": 10, "learning_rate": 0.27599142637102464, "random_state": 32}}
{"target": 31.974575293858845, "params": {"n_estimators": 862, "max_depth": 10, "learning_rate": 0.26320561108481416, "random_state": 32}}
{"target": 32.082845335006716, "params": {"n_estimators": 528, "max_depth": 2, "learning_rate": 0.2924294517574786, "random_state": 32}}
{"target": 31.98120039621989, "params": {"n_estimators": 621, "max_depth": 3, "learning_rate": 0.2876053813094501, "random_state": 32}}
{"target": 31.97455914497375, "params": {"n_estimators": 630, "max_depth": 10, "learning_rate": 0.2930581772617061, "random_state": 32}}
{"target": 31.974608879089356, "params": {"n_estimators": 722, "max_depth": 10, "learning_rate": 0.22955773208721725, "random_state": 32}}
{"target": 31.974531361262002, "params": {"n_estimators": 717, "max_depth": 10, "learning_rate": 0.295662743248528, "random_state": 32}}
{"target": 31.97458285967509, "params": {"n_estimators": 474, "max_depth": 10, "learning_rate": 0.2987242642018111, "random_state": 32}}
{"target": 31.974592682520544, "params": {"n_estimators": 652, "max_depth": 10, "learning_rate": 0.2829322905910441, "random_state": 32}}
{"target": 31.974564326604206, "params": {"n_estimators": 617, "max_depth": 10, "learning_rate": 0.2949831519788523, "random_state": 32}}
{"target": 31.974564501444497, "params": {"n_estimators": 502, "max_depth": 10, "learning_rate": 0.2965030558063106, "random_state": 32}}
{"target": 31.974589312871295, "params": {"n_estimators": 584, "max_depth": 10, "learning_rate": 0.2506320781328563, "random_state": 32}}
{"target": 31.97458223978678, "params": {"n_estimators": 697, "max_depth": 10, "learning_rate": 0.2970591333525157, "random_state": 32}}
{"target": 31.974577805201214, "params": {"n_estimators": 878, "max_depth": 10, "learning_rate": 0.29464955177901614, "random_state": 32}}
{"target": 31.97456140200297, "params": {"n_estimators": 883, "max_depth": 9, "learning_rate": 0.2946270299582066, "random_state": 32}}
{"target": 31.974567346572872, "params": {"n_estimators": 723, "max_depth": 5, "learning_rate": 0.28374481390227496, "random_state": 32}}
{"target": 31.974583495457967, "params": {"n_estimators": 747, "max_depth": 5, "learning_rate": 0.28124602718319386, "random_state": 32}}
{"target": 31.974584306081134, "params": {"n_estimators": 847, "max_depth": 9, "learning_rate": 0.29636394413607625, "random_state": 32}}
{"target": 31.97457507133484, "params": {"n_estimators": 874, "max_depth": 4, "learning_rate": 0.29907007667529995, "random_state": 32}}
{"target": 31.974564660390218, "params": {"n_estimators": 771, "max_depth": 10, "learning_rate": 0.29857645816049827, "random_state": 32}}
{"target": 31.974646358489984, "params": {"n_estimators": 315, "max_depth": 9, "learning_rate": 0.16221251065573544, "random_state": 32}}
{"target": 31.974588756561282, "params": {"n_estimators": 665, "max_depth": 8, "learning_rate": 0.24129093493649706, "random_state": 32}}
{"target": 31.974535319010414, "params": {"n_estimators": 317, "max_depth": 10, "learning_rate": 0.15116485004408467, "random_state": 32}}
{"target": 31.974587310155233, "params": {"n_estimators": 673, "max_depth": 8, "learning_rate": 0.23338557444382263, "random_state": 32}}
{"target": 31.974545618693032, "params": {"n_estimators": 716, "max_depth": 8, "learning_rate": 0.2963198646324247, "random_state": 32}}
{"target": 31.974562848409015, "params": {"n_estimators": 926, "max_depth": 10, "learning_rate": 0.2976882468541375, "random_state": 32}}
{"target": 32.05670640945435, "params": {"n_estimators": 49, "max_depth": 9, "learning_rate": 0.17393817803507816, "random_state": 32}}
{"target": 31.974567632675168, "params": {"n_estimators": 736, "max_depth": 9, "learning_rate": 0.2862402724770502, "random_state": 32}}
{"target": 31.99332241694132, "params": {"n_estimators": 166, "max_depth": 7, "learning_rate": 0.15101931367403476, "random_state": 32}}
{"target": 31.974592444101965, "params": {"n_estimators": 830, "max_depth": 8, "learning_rate": 0.2996388375754773, "random_state": 32}}
{"target": 31.97723105430603, "params": {"n_estimators": 271, "max_depth": 9, "learning_rate": 0.09746436036528894, "random_state": 32}}
{"target": 31.974578727086385, "params": {"n_estimators": 266, "max_depth": 10, "learning_rate": 0.14994136650517542, "random_state": 32}}
{"target": 31.97456928571065, "params": {"n_estimators": 369, "max_depth": 10, "learning_rate": 0.12192792983805627, "random_state": 32}}
{"target": 31.97463187853495, "params": {"n_estimators": 207, "max_depth": 10, "learning_rate": 0.15657600205376013, "random_state": 32}}
{"target": 31.97460568428039, "params": {"n_estimators": 760, "max_depth": 7, "learning_rate": 0.29797775720698516, "random_state": 32}}
{"target": 31.974547382990515, "params": {"n_estimators": 226, "max_depth": 10, "learning_rate": 0.22358196668276498, "random_state": 32}}
{"target": 31.974557857513428, "params": {"n_estimators": 699, "max_depth": 10, "learning_rate": 0.2900093108299163, "random_state": 32}}
{"target": 31.97462467829386, "params": {"n_estimators": 396, "max_depth": 10, "learning_rate": 0.2086749881331539, "random_state": 32}}
{"target": 31.974562180836994, "params": {"n_estimators": 665, "max_depth": 8, "learning_rate": 0.28153175062816443, "random_state": 32}}
{"target": 31.97456966718038, "params": {"n_estimators": 377, "max_depth": 10, "learning_rate": 0.12274962029224422, "random_state": 32}}
{"target": 31.974562864303586, "params": {"n_estimators": 745, "max_depth": 10, "learning_rate": 0.2952752917655681, "random_state": 32}}
{"target": 31.981038964589438, "params": {"n_estimators": 86, "max_depth": 9, "learning_rate": 0.24055434072725065, "random_state": 32}}
{"target": 31.974555377960208, "params": {"n_estimators": 398, "max_depth": 10, "learning_rate": 0.16843812730994223, "random_state": 32}}
{"target": 31.974645563761392, "params": {"n_estimators": 224, "max_depth": 9, "learning_rate": 0.22067960285796345, "random_state": 32}}
{"target": 31.974798898696896, "params": {"n_estimators": 115, "max_depth": 10, "learning_rate": 0.2436312235815441, "random_state": 32}}
{"target": 31.974711367289224, "params": {"n_estimators": 196, "max_depth": 9, "learning_rate": 0.23420640876150112, "random_state": 32}}
{"target": 32.23817730903626, "params": {"n_estimators": 623, "max_depth": 2, "learning_rate": 0.1653611497634172, "random_state": 32}}
{"target": 31.974582335154214, "params": {"n_estimators": 989, "max_depth": 8, "learning_rate": 0.24414204656453492, "random_state": 32}}
{"target": 31.974594891866047, "params": {"n_estimators": 314, "max_depth": 8, "learning_rate": 0.2315157311826204, "random_state": 32}}
{"target": 31.97454363187154, "params": {"n_estimators": 521, "max_depth": 10, "learning_rate": 0.1638796148393792, "random_state": 32}}
{"target": 31.974569333394363, "params": {"n_estimators": 513, "max_depth": 9, "learning_rate": 0.15867923149717872, "random_state": 32}}
{"target": 31.974559653600057, "params": {"n_estimators": 961, "max_depth": 8, "learning_rate": 0.2585354604420509, "random_state": 32}}
{"target": 31.974597021738685, "params": {"n_estimators": 984, "max_depth": 5, "learning_rate": 0.21044637556100934, "random_state": 32}}
{"target": 31.97455806414286, "params": {"n_estimators": 442, "max_depth": 9, "learning_rate": 0.14590674382814758, "random_state": 32}}
{"target": 31.97459263483683, "params": {"n_estimators": 463, "max_depth": 10, "learning_rate": 0.195956478233127, "random_state": 32}}
{"target": 31.974579966862997, "params": {"n_estimators": 759, "max_depth": 6, "learning_rate": 0.22361727869776535, "random_state": 32}}
{"target": 31.97457774162292, "params": {"n_estimators": 451, "max_depth": 9, "learning_rate": 0.1835426772725239, "random_state": 32}}
{"target": 31.97458653132121, "params": {"n_estimators": 514, "max_depth": 10, "learning_rate": 0.19541647804635248, "random_state": 32}}
{"target": 31.97456051190694, "params": {"n_estimators": 548, "max_depth": 10, "learning_rate": 0.15202996452201586, "random_state": 32}}
{"target": 31.974580459594726, "params": {"n_estimators": 438, "max_depth": 10, "learning_rate": 0.205156961855401, "random_state": 32}}
{"target": 31.9745547580719, "params": {"n_estimators": 568, "max_depth": 10, "learning_rate": 0.1727587904585328, "random_state": 32}}
{"target": 31.974585927327475, "params": {"n_estimators": 500, "max_depth": 10, "learning_rate": 0.16125979728141968, "random_state": 32}}
{"target": 31.974591538111365, "params": {"n_estimators": 341, "max_depth": 10, "learning_rate": 0.16697858682034653, "random_state": 32}}
{"target": 31.974590139389033, "params": {"n_estimators": 246, "max_depth": 10, "learning_rate": 0.18738508921656544, "random_state": 32}}
{"target": 31.974560337066645, "params": {"n_estimators": 916, "max_depth": 10, "learning_rate": 0.2892128966694978, "random_state": 32}}
{"target": 31.974571018218988, "params": {"n_estimators": 984, "max_depth": 9, "learning_rate": 0.29939230542908246, "random_state": 32}}
{"target": 31.974565852483114, "params": {"n_estimators": 575, "max_depth": 10, "learning_rate": 0.1379100238777591, "random_state": 32}}
{"target": 31.974600486755367, "params": {"n_estimators": 734, "max_depth": 10, "learning_rate": 0.1422146038007258, "random_state": 32}}
{"target": 31.97456165631612, "params": {"n_estimators": 918, "max_depth": 9, "learning_rate": 0.29423764724925117, "random_state": 32}}
{"target": 47.00676675160726, "params": {"n_estimators": 17, "max_depth": 3, "learning_rate": 0.12412105545564911, "random_state": 32}}
{"target": 31.97460570017496, "params": {"n_estimators": 688, "max_depth": 9, "learning_rate": 0.13211007632272107, "random_state": 32}}
{"target": 31.97460129737854, "params": {"n_estimators": 723, "max_depth": 10, "learning_rate": 0.1454427264321787, "random_state": 32}}
{"target": 31.974573402404786, "params": {"n_estimators": 684, "max_depth": 10, "learning_rate": 0.1532398685364152, "random_state": 32}}
{"target": 31.974603013992304, "params": {"n_estimators": 739, "max_depth": 10, "learning_rate": 0.16560626965256636, "random_state": 32}}
{"target": 31.974544839859004, "params": {"n_estimators": 801, "max_depth": 10, "learning_rate": 0.2584255000236658, "random_state": 32}}
{"target": 31.974570573170972, "params": {"n_estimators": 696, "max_depth": 10, "learning_rate": 0.21903994247020458, "random_state": 32}}
{"target": 31.974588788350424, "params": {"n_estimators": 772, "max_depth": 9, "learning_rate": 0.23495656271859966, "random_state": 32}}
{"target": 31.9745609887441, "params": {"n_estimators": 705, "max_depth": 10, "learning_rate": 0.25897032876410675, "random_state": 32}}
{"target": 31.974556442896528, "params": {"n_estimators": 745, "max_depth": 10, "learning_rate": 0.2955494112427681, "random_state": 32}}
{"target": 31.97459770520528, "params": {"n_estimators": 589, "max_depth": 8, "learning_rate": 0.1630758378933893, "random_state": 32}}
{"target": 31.97453690846761, "params": {"n_estimators": 746, "max_depth": 10, "learning_rate": 0.24564380970958843, "random_state": 32}}
{"target": 31.974611581166585, "params": {"n_estimators": 515, "max_depth": 7, "learning_rate": 0.16092178793953735, "random_state": 32}}
{"target": 31.974566774368288, "params": {"n_estimators": 745, "max_depth": 10, "learning_rate": 0.2322630418758978, "random_state": 32}}
{"target": 31.974592952728273, "params": {"n_estimators": 860, "max_depth": 10, "learning_rate": 0.23413061229484058, "random_state": 32}}
{"target": 31.974580141703285, "params": {"n_estimators": 810, "max_depth": 10, "learning_rate": 0.2724943042403083, "random_state": 32}}
{"target": 31.974566949208576, "params": {"n_estimators": 836, "max_depth": 6, "learning_rate": 0.2870907463856573, "random_state": 32}}
{"target": 31.974595813751222, "params": {"n_estimators": 829, "max_depth": 10, "learning_rate": 0.26048935994496497, "random_state": 32}}
{"target": 31.9745974667867, "params": {"n_estimators": 816, "max_depth": 10, "learning_rate": 0.24424274884743358, "random_state": 32}}
{"target": 31.974586769739783, "params": {"n_estimators": 826, "max_depth": 9, "learning_rate": 0.23983532415690398, "random_state": 32}}
{"target": 31.98475687980652, "params": {"n_estimators": 400, "max_depth": 4, "learning_rate": 0.22573167459679488, "random_state": 32}}
{"target": 31.97459393819173, "params": {"n_estimators": 786, "max_depth": 9, "learning_rate": 0.2767007392290736, "random_state": 32}}
{"target": 31.974536368052167, "params": {"n_estimators": 849, "max_depth": 10, "learning_rate": 0.2832615020515743, "random_state": 32}}
{"target": 31.974562609990436, "params": {"n_estimators": 705, "max_depth": 10, "learning_rate": 0.2971069393621256, "random_state": 32}}
{"target": 31.97457116127014, "params": {"n_estimators": 738, "max_depth": 9, "learning_rate": 0.2998818131537135, "random_state": 32}}
{"target": 31.974552024205526, "params": {"n_estimators": 807, "max_depth": 9, "learning_rate": 0.2971627915655033, "random_state": 32}}
{"target": 31.974547382990522, "params": {"n_estimators": 674, "max_depth": 10, "learning_rate": 0.2993008864366814, "random_state": 32}}
{"target": 31.97457659721374, "params": {"n_estimators": 736, "max_depth": 9, "learning_rate": 0.2722529809334104, "random_state": 32}}
{"target": 31.974559351603187, "params": {"n_estimators": 623, "max_depth": 8, "learning_rate": 0.29834466559545436, "random_state": 32}}
{"target": 31.974554074605305, "params": {"n_estimators": 820, "max_depth": 10, "learning_rate": 0.2949763612731568, "random_state": 32}}
{"target": 31.974553359349567, "params": {"n_estimators": 932, "max_depth": 10, "learning_rate": 0.26695813972462856, "random_state": 32}}
{"target": 31.974562133153277, "params": {"n_estimators": 676, "max_depth": 8, "learning_rate": 0.29883077279109754, "random_state": 32}}
