{"target": 32.55343773523967, "params": {"n_estimators": 196, "max_depth": 12, "learning_rate": 0.013589703609659783, "random_state": 32}}
{"target": 31.9770450369517, "params": {"n_estimators": 225, "max_depth": 13, "learning_rate": 0.02712642527707896, "random_state": 32}}
{"target": 33.325119323730476, "params": {"n_estimators": 164, "max_depth": 13, "learning_rate": 0.012512593656319213, "random_state": 32}}
{"target": 31.970540056228636, "params": {"n_estimators": 504, "max_depth": 12, "learning_rate": 0.012741237310772962, "random_state": 32}}
{"target": 31.974573465983077, "params": {"n_estimators": 502, "max_depth": 12, "learning_rate": 0.06425406226988144, "random_state": 32}}
{"target": 31.981909001668292, "params": {"n_estimators": 613, "max_depth": 11, "learning_rate": 0.01804368472148773, "random_state": 32}}
{"target": 31.97288468360901, "params": {"n_estimators": 575, "max_depth": 13, "learning_rate": 0.018211552421809767, "random_state": 32}}
{"target": 31.97457351366679, "params": {"n_estimators": 440, "max_depth": 12, "learning_rate": 0.06440504521753246, "random_state": 32}}
{"target": 31.971673310597737, "params": {"n_estimators": 469, "max_depth": 13, "learning_rate": 0.02055423056620663, "random_state": 32}}
{"target": 31.979426476160683, "params": {"n_estimators": 446, "max_depth": 9, "learning_rate": 0.049203740153068096, "random_state": 32}}
{"target": 31.97451834360758, "params": {"n_estimators": 378, "max_depth": 14, "learning_rate": 0.035910149720170564, "random_state": 32}}
{"target": 31.972940489451094, "params": {"n_estimators": 358, "max_depth": 13, "learning_rate": 0.022725577705546195, "random_state": 32}}
{"target": 31.987107734680176, "params": {"n_estimators": 522, "max_depth": 10, "learning_rate": 0.024630753868461287, "random_state": 32}}
{"target": 31.97469683965047, "params": {"n_estimators": 511, "max_depth": 16, "learning_rate": 0.018906375768568538, "random_state": 32}}
{"target": 31.974984658559162, "params": {"n_estimators": 602, "max_depth": 15, "learning_rate": 0.012994380727409792, "random_state": 32}}
{"target": 31.974630734125775, "params": {"n_estimators": 432, "max_depth": 12, "learning_rate": 0.04800074106152399, "random_state": 32}}
{"target": 31.974554154078163, "params": {"n_estimators": 586, "max_depth": 15, "learning_rate": 0.06376669322158529, "random_state": 32}}
{"target": 31.974512844085687, "params": {"n_estimators": 582, "max_depth": 14, "learning_rate": 0.021436386153459032, "random_state": 32}}
{"target": 31.974543615976973, "params": {"n_estimators": 668, "max_depth": 14, "learning_rate": 0.02601631009958858, "random_state": 32}}
{"target": 31.97458697636922, "params": {"n_estimators": 724, "max_depth": 11, "learning_rate": 0.072701185320058, "random_state": 32}}
{"target": 31.989059063593544, "params": {"n_estimators": 630, "max_depth": 10, "learning_rate": 0.020904429176237714, "random_state": 32}}
{"target": 31.980362586975097, "params": {"n_estimators": 665, "max_depth": 10, "learning_rate": 0.024632899709902997, "random_state": 32}}
{"target": 31.97457426071167, "params": {"n_estimators": 811, "max_depth": 12, "learning_rate": 0.027891203438166333, "random_state": 32}}
{"target": 31.97570037206014, "params": {"n_estimators": 383, "max_depth": 13, "learning_rate": 0.014579892257897135, "random_state": 32}}
{"target": 31.974622230529786, "params": {"n_estimators": 741, "max_depth": 12, "learning_rate": 0.027284058925914297, "random_state": 32}}
{"target": 31.973252579371138, "params": {"n_estimators": 427, "max_depth": 13, "learning_rate": 0.026343993131409848, "random_state": 32}}
{"target": 31.97448800086975, "params": {"n_estimators": 435, "max_depth": 13, "learning_rate": 0.04200413913455705, "random_state": 32}}
{"target": 31.97449961980184, "params": {"n_estimators": 528, "max_depth": 14, "learning_rate": 0.025789959342900064, "random_state": 32}}
{"target": 32.04040509541829, "params": {"n_estimators": 508, "max_depth": 9, "learning_rate": 0.019591602609454518, "random_state": 32}}
{"target": 31.973621190388997, "params": {"n_estimators": 467, "max_depth": 13, "learning_rate": 0.025778640356396033, "random_state": 32}}
{"target": 31.983394158681232, "params": {"n_estimators": 511, "max_depth": 12, "learning_rate": 0.013802116561259379, "random_state": 32}}
{"target": 31.97456027348836, "params": {"n_estimators": 907, "max_depth": 28, "learning_rate": 0.11507475601567096, "random_state": 32}}
{"target": 31.974597403208413, "params": {"n_estimators": 468, "max_depth": 8, "learning_rate": 0.20087011058392415, "random_state": 32}}
{"target": 31.97469017982483, "params": {"n_estimators": 514, "max_depth": 14, "learning_rate": 0.018926395824056946, "random_state": 32}}
{"target": 31.974547176361078, "params": {"n_estimators": 469, "max_depth": 14, "learning_rate": 0.032806724328510596, "random_state": 32}}
{"target": 31.996387971242264, "params": {"n_estimators": 313, "max_depth": 9, "learning_rate": 0.041174855121265265, "random_state": 32}}
{"target": 31.974934622446693, "params": {"n_estimators": 470, "max_depth": 12, "learning_rate": 0.03298432546435959, "random_state": 32}}
{"target": 31.97783763567607, "params": {"n_estimators": 433, "max_depth": 14, "learning_rate": 0.01306581689550625, "random_state": 32}}
{"target": 32.02384342511495, "params": {"n_estimators": 390, "max_depth": 12, "learning_rate": 0.010540284363241373, "random_state": 32}}
{"target": 31.973444951375324, "params": {"n_estimators": 425, "max_depth": 13, "learning_rate": 0.0162245393824596, "random_state": 32}}
{"target": 31.975032771428424, "params": {"n_estimators": 290, "max_depth": 14, "learning_rate": 0.02736616100374535, "random_state": 32}}
{"target": 31.974389104843134, "params": {"n_estimators": 545, "max_depth": 13, "learning_rate": 0.02639809936073438, "random_state": 32}}
{"target": 31.974571352005, "params": {"n_estimators": 183, "max_depth": 13, "learning_rate": 0.25098169856113905, "random_state": 32}}
{"target": 32.093025019963584, "params": {"n_estimators": 340, "max_depth": 15, "learning_rate": 0.011445534002482622, "random_state": 32}}
{"target": 32.04306137720744, "params": {"n_estimators": 328, "max_depth": 11, "learning_rate": 0.019613636887894154, "random_state": 32}}
{"target": 31.974952646891275, "params": {"n_estimators": 466, "max_depth": 15, "learning_rate": 0.014612122024478905, "random_state": 32}}
{"target": 31.974504102071126, "params": {"n_estimators": 346, "max_depth": 14, "learning_rate": 0.03852320916392579, "random_state": 32}}
{"target": 32.136479698816935, "params": {"n_estimators": 335, "max_depth": 14, "learning_rate": 0.011076932946905456, "random_state": 32}}
{"target": 31.974902226130165, "params": {"n_estimators": 444, "max_depth": 15, "learning_rate": 0.014898394989161894, "random_state": 32}}
{"target": 31.97455302556356, "params": {"n_estimators": 511, "max_depth": 13, "learning_rate": 0.06280470660202887, "random_state": 32}}
{"target": 31.9745476214091, "params": {"n_estimators": 499, "max_depth": 15, "learning_rate": 0.08337646532785323, "random_state": 32}}
{"target": 31.97394777615865, "params": {"n_estimators": 444, "max_depth": 13, "learning_rate": 0.026754402444959094, "random_state": 32}}
{"target": 31.97817285219828, "params": {"n_estimators": 396, "max_depth": 13, "learning_rate": 0.013459248692978461, "random_state": 32}}
{"target": 31.999222106933594, "params": {"n_estimators": 409, "max_depth": 16, "learning_rate": 0.011298722411187026, "random_state": 32}}
{"target": 32.92551169077556, "params": {"n_estimators": 162, "max_depth": 13, "learning_rate": 0.014209020939294596, "random_state": 32}}
{"target": 31.974558080037433, "params": {"n_estimators": 549, "max_depth": 15, "learning_rate": 0.08906560896311229, "random_state": 32}}
{"target": 33.33721873283386, "params": {"n_estimators": 392, "max_depth": 8, "learning_rate": 0.01278466895324213, "random_state": 32}}
{"target": 32.30617764790853, "params": {"n_estimators": 441, "max_depth": 9, "learning_rate": 0.014133114016544313, "random_state": 32}}
{"target": 31.975689423878986, "params": {"n_estimators": 495, "max_depth": 10, "learning_rate": 0.045773822219384294, "random_state": 32}}
{"target": 31.978769251505536, "params": {"n_estimators": 513, "max_depth": 11, "learning_rate": 0.02630590826978364, "random_state": 32}}
{"target": 31.974565916061398, "params": {"n_estimators": 597, "max_depth": 12, "learning_rate": 0.060267135240026234, "random_state": 32}}
{"target": 31.97717820485433, "params": {"n_estimators": 505, "max_depth": 12, "learning_rate": 0.020913778593916136, "random_state": 32}}
{"target": 31.974664398829145, "params": {"n_estimators": 491, "max_depth": 11, "learning_rate": 0.03783156891312244, "random_state": 32}}
{"target": 31.973762143452962, "params": {"n_estimators": 345, "max_depth": 13, "learning_rate": 0.036965696477263235, "random_state": 32}}
{"target": 31.975028336842854, "params": {"n_estimators": 334, "max_depth": 12, "learning_rate": 0.04271338701294882, "random_state": 32}}
{"target": 31.974635915756227, "params": {"n_estimators": 363, "max_depth": 12, "learning_rate": 0.04817552376337198, "random_state": 32}}
{"target": 31.974541581471755, "params": {"n_estimators": 433, "max_depth": 13, "learning_rate": 0.0503914815162866, "random_state": 32}}
{"target": 31.974546095530194, "params": {"n_estimators": 366, "max_depth": 14, "learning_rate": 0.07013629315521702, "random_state": 32}}
{"target": 31.974560877482094, "params": {"n_estimators": 457, "max_depth": 12, "learning_rate": 0.05644021084350144, "random_state": 32}}
{"target": 31.97481116930644, "params": {"n_estimators": 203, "max_depth": 15, "learning_rate": 0.04415289018180762, "random_state": 32}}
{"target": 33.406657485961915, "params": {"n_estimators": 203, "max_depth": 9, "learning_rate": 0.010788832396923763, "random_state": 32}}
{"target": 31.980088866551718, "params": {"n_estimators": 265, "max_depth": 11, "learning_rate": 0.04421360113529289, "random_state": 32}}
{"target": 31.974555886586508, "params": {"n_estimators": 398, "max_depth": 14, "learning_rate": 0.07357717711602388, "random_state": 32}}
{"target": 32.44478065490723, "params": {"n_estimators": 34, "max_depth": 15, "learning_rate": 0.08142861053607206, "random_state": 32}}
{"target": 32.14590540250143, "params": {"n_estimators": 270, "max_depth": 14, "learning_rate": 0.013594527301836763, "random_state": 32}}
{"target": 34.185470377604176, "params": {"n_estimators": 45, "max_depth": 12, "learning_rate": 0.037120562228669794, "random_state": 32}}
{"target": 40.2885124206543, "params": {"n_estimators": 59, "max_depth": 14, "learning_rate": 0.011802282325333618, "random_state": 32}}
{"target": 31.974425535202023, "params": {"n_estimators": 310, "max_depth": 13, "learning_rate": 0.05044340201291748, "random_state": 32}}
{"target": 31.971886758804324, "params": {"n_estimators": 252, "max_depth": 13, "learning_rate": 0.028687840919662467, "random_state": 32}}
{"target": 31.962141087849933, "params": {"n_estimators": 187, "max_depth": 12, "learning_rate": 0.025165988946825063, "random_state": 32}}
{"target": 31.97454820950826, "params": {"n_estimators": 329, "max_depth": 25, "learning_rate": 0.15115100518170133, "random_state": 32}}
{"target": 31.969621814091994, "params": {"n_estimators": 185, "max_depth": 13, "learning_rate": 0.04095187755690455, "random_state": 32}}
{"target": 33.152957954406745, "params": {"n_estimators": 36, "max_depth": 9, "learning_rate": 0.0662714517872306, "random_state": 32}}
{"target": 32.27991536776225, "params": {"n_estimators": 282, "max_depth": 14, "learning_rate": 0.011519403286775386, "random_state": 32}}
{"target": 32.40654905954997, "params": {"n_estimators": 260, "max_depth": 16, "learning_rate": 0.011292773072269422, "random_state": 32}}
{"target": 31.97455882708232, "params": {"n_estimators": 296, "max_depth": 23, "learning_rate": 0.18610946141412324, "random_state": 32}}
{"target": 32.49367171605428, "params": {"n_estimators": 87, "max_depth": 15, "learning_rate": 0.03152202246669851, "random_state": 32}}
{"target": 32.019737796783446, "params": {"n_estimators": 216, "max_depth": 10, "learning_rate": 0.03884783871245735, "random_state": 32}}
{"target": 32.04506229718526, "params": {"n_estimators": 151, "max_depth": 10, "learning_rate": 0.04733266873033302, "random_state": 32}}
{"target": 32.36932772318522, "params": {"n_estimators": 257, "max_depth": 16, "learning_rate": 0.011750525155647194, "random_state": 32}}
{"target": 31.98317128499349, "params": {"n_estimators": 224, "max_depth": 12, "learning_rate": 0.030125843355310076, "random_state": 32}}
{"target": 31.978999338150025, "params": {"n_estimators": 46, "max_depth": 14, "learning_rate": 0.12792705232030444, "random_state": 32}}
{"target": 32.1006836827596, "params": {"n_estimators": 216, "max_depth": 10, "learning_rate": 0.0256129662919663, "random_state": 32}}
{"target": 32.260709807078044, "params": {"n_estimators": 138, "max_depth": 10, "learning_rate": 0.03108026313002596, "random_state": 32}}
{"target": 33.436820144653325, "params": {"n_estimators": 127, "max_depth": 11, "learning_rate": 0.01570847603054252, "random_state": 32}}
{"target": 33.13077838897705, "params": {"n_estimators": 96, "max_depth": 11, "learning_rate": 0.02239283149679075, "random_state": 32}}
{"target": 32.19310393651327, "params": {"n_estimators": 241, "max_depth": 11, "learning_rate": 0.014906295174978337, "random_state": 32}}
{"target": 32.15227349917094, "params": {"n_estimators": 151, "max_depth": 15, "learning_rate": 0.02405520968254014, "random_state": 32}}
{"target": 31.975195341110226, "params": {"n_estimators": 226, "max_depth": 14, "learning_rate": 0.032954065771718714, "random_state": 32}}
{"target": 31.971062434514362, "params": {"n_estimators": 191, "max_depth": 13, "learning_rate": 0.045352191461406455, "random_state": 32}}
{"target": 35.10191565195719, "params": {"n_estimators": 12, "max_depth": 11, "learning_rate": 0.11101591482300498, "random_state": 32}}
{"target": 31.994420293172197, "params": {"n_estimators": 207, "max_depth": 14, "learning_rate": 0.022710490165200235, "random_state": 32}}
{"target": 31.97534508387248, "params": {"n_estimators": 131, "max_depth": 14, "learning_rate": 0.05273624773380463, "random_state": 32}}
{"target": 31.97105467796326, "params": {"n_estimators": 139, "max_depth": 13, "learning_rate": 0.06304498466792773, "random_state": 32}}
{"target": 31.9787243938446, "params": {"n_estimators": 119, "max_depth": 14, "learning_rate": 0.046354195577642, "random_state": 32}}
{"target": 31.993954846064252, "params": {"n_estimators": 177, "max_depth": 8, "learning_rate": 0.1091629384579158, "random_state": 32}}
{"target": 31.975141569773353, "params": {"n_estimators": 198, "max_depth": 15, "learning_rate": 0.03872039165801497, "random_state": 32}}
{"target": 31.97752471923828, "params": {"n_estimators": 91, "max_depth": 15, "learning_rate": 0.06533597459342082, "random_state": 32}}
{"target": 32.35015855153402, "params": {"n_estimators": 48, "max_depth": 14, "learning_rate": 0.06310855467709774, "random_state": 32}}
{"target": 31.97534624417623, "params": {"n_estimators": 125, "max_depth": 15, "learning_rate": 0.05601268926859118, "random_state": 32}}
{"target": 31.955872879028316, "params": {"n_estimators": 133, "max_depth": 12, "learning_rate": 0.03708092784714776, "random_state": 32}}
{"target": 31.981005395253497, "params": {"n_estimators": 161, "max_depth": 11, "learning_rate": 0.0650850824333039, "random_state": 32}}
{"target": 31.975626751581824, "params": {"n_estimators": 153, "max_depth": 12, "learning_rate": 0.06438365916561013, "random_state": 32}}
{"target": 33.40163073857626, "params": {"n_estimators": 48, "max_depth": 11, "learning_rate": 0.04162127608320837, "random_state": 32}}
{"target": 31.9736732451121, "params": {"n_estimators": 580, "max_depth": 13, "learning_rate": 0.011746569704772468, "random_state": 32}}
{"target": 31.973900299072262, "params": {"n_estimators": 144, "max_depth": 12, "learning_rate": 0.06594349255917428, "random_state": 32}}
{"target": 31.991954100926716, "params": {"n_estimators": 275, "max_depth": 9, "learning_rate": 0.04997991902742138, "random_state": 32}}
{"target": 31.974809357325235, "params": {"n_estimators": 614, "max_depth": 14, "learning_rate": 0.013959865214548964, "random_state": 32}}
{"target": 31.95634234110514, "params": {"n_estimators": 226, "max_depth": 12, "learning_rate": 0.021746974019041427, "random_state": 32}}
{"target": 32.48500994364421, "params": {"n_estimators": 201, "max_depth": 10, "learning_rate": 0.0138930263513605, "random_state": 32}}
{"target": 31.98990061759948, "params": {"n_estimators": 447, "max_depth": 12, "learning_rate": 0.015773331433081253, "random_state": 32}}
{"target": 31.974280557632444, "params": {"n_estimators": 499, "max_depth": 13, "learning_rate": 0.012831068634924668, "random_state": 32}}
{"target": 31.9763189125061, "params": {"n_estimators": 581, "max_depth": 12, "learning_rate": 0.020241408739955093, "random_state": 32}}
{"target": 31.97454256693522, "params": {"n_estimators": 369, "max_depth": 16, "learning_rate": 0.21927235561972372, "random_state": 32}}
{"target": 31.98951587041219, "params": {"n_estimators": 393, "max_depth": 12, "learning_rate": 0.015547741478743271, "random_state": 32}}
{"target": 34.791248435974126, "params": {"n_estimators": 49, "max_depth": 13, "learning_rate": 0.029821307506759716, "random_state": 32}}
{"target": 31.975266628265377, "params": {"n_estimators": 241, "max_depth": 12, "learning_rate": 0.05902112138860234, "random_state": 32}}
{"target": 31.974552961985268, "params": {"n_estimators": 761, "max_depth": 12, "learning_rate": 0.2020104884750127, "random_state": 32}}
{"target": 37.054971059163414, "params": {"n_estimators": 94, "max_depth": 13, "learning_rate": 0.01098368250668405, "random_state": 32}}
{"target": 31.976024497350057, "params": {"n_estimators": 171, "max_depth": 12, "learning_rate": 0.04969858439666099, "random_state": 32}}
{"target": 31.991413555145265, "params": {"n_estimators": 165, "max_depth": 12, "learning_rate": 0.03795193221888813, "random_state": 32}}
{"target": 31.973384059270217, "params": {"n_estimators": 194, "max_depth": 13, "learning_rate": 0.05139152648055137, "random_state": 32}}
{"target": 31.974920587539668, "params": {"n_estimators": 241, "max_depth": 14, "learning_rate": 0.02838304045891484, "random_state": 32}}
{"target": 31.99990926106771, "params": {"n_estimators": 160, "max_depth": 13, "learning_rate": 0.02868727674473756, "random_state": 32}}
{"target": 31.975309750239052, "params": {"n_estimators": 126, "max_depth": 17, "learning_rate": 0.05954237016376481, "random_state": 32}}
{"target": 31.974766839345296, "params": {"n_estimators": 223, "max_depth": 14, "learning_rate": 0.04102459593983958, "random_state": 32}}
{"target": 31.97456354777018, "params": {"n_estimators": 901, "max_depth": 13, "learning_rate": 0.12717234351373094, "random_state": 32}}
{"target": 31.974541883468625, "params": {"n_estimators": 881, "max_depth": 17, "learning_rate": 0.01689534851405918, "random_state": 32}}
{"target": 31.97453576405843, "params": {"n_estimators": 273, "max_depth": 15, "learning_rate": 0.053700196711974235, "random_state": 32}}
{"target": 31.974960133234656, "params": {"n_estimators": 226, "max_depth": 30, "learning_rate": 0.03747455126583343, "random_state": 32}}
{"target": 32.06283632914225, "params": {"n_estimators": 97, "max_depth": 11, "learning_rate": 0.061689170609750085, "random_state": 32}}
{"target": 32.414702021280924, "params": {"n_estimators": 238, "max_depth": 13, "learning_rate": 0.012264517284843892, "random_state": 32}}
{"target": 31.98702096303304, "params": {"n_estimators": 243, "max_depth": 13, "learning_rate": 0.020152005844179175, "random_state": 32}}
{"target": 32.035834563573204, "params": {"n_estimators": 216, "max_depth": 8, "learning_rate": 0.06415190201588371, "random_state": 32}}
{"target": 31.98081390380859, "params": {"n_estimators": 234, "max_depth": 10, "learning_rate": 0.05556670511368696, "random_state": 32}}
{"target": 32.03656550725301, "params": {"n_estimators": 189, "max_depth": 8, "learning_rate": 0.0763994369784914, "random_state": 32}}
{"target": 31.98480168660482, "params": {"n_estimators": 286, "max_depth": 10, "learning_rate": 0.044479172622131774, "random_state": 32}}
{"target": 32.31355128606161, "params": {"n_estimators": 281, "max_depth": 13, "learning_rate": 0.01125645980676148, "random_state": 32}}
{"target": 31.978336057662965, "params": {"n_estimators": 68, "max_depth": 14, "learning_rate": 0.08051027375823863, "random_state": 32}}
{"target": 31.974549735387164, "params": {"n_estimators": 312, "max_depth": 15, "learning_rate": 0.10188923624476909, "random_state": 32}}
{"target": 31.97465160369873, "params": {"n_estimators": 119, "max_depth": 14, "learning_rate": 0.08332216476189802, "random_state": 32}}
{"target": 31.97455056190491, "params": {"n_estimators": 215, "max_depth": 16, "learning_rate": 0.08007687456035825, "random_state": 32}}
{"target": 34.050784543355306, "params": {"n_estimators": 28, "max_depth": 11, "learning_rate": 0.06107128994791323, "random_state": 32}}
{"target": 31.97455162684123, "params": {"n_estimators": 495, "max_depth": 23, "learning_rate": 0.2473238270406841, "random_state": 32}}
{"target": 31.97454730351766, "params": {"n_estimators": 129, "max_depth": 14, "learning_rate": 0.08835703418416829, "random_state": 32}}
{"target": 31.97454905192057, "params": {"n_estimators": 250, "max_depth": 14, "learning_rate": 0.10358482090741221, "random_state": 32}}
{"target": 31.975492728551227, "params": {"n_estimators": 152, "max_depth": 17, "learning_rate": 0.04565655059379336, "random_state": 32}}
{"target": 32.693374468485516, "params": {"n_estimators": 233, "max_depth": 10, "learning_rate": 0.011239383176868727, "random_state": 32}}
