{"target": 32.44247639973958, "params": {"n_estimators": 374, "max_depth": 4, "learning_rate": 0.05896175267254378, "random_state": 32}}
{"target": 31.974584989547726, "params": {"n_estimators": 808, "max_depth": 8, "learning_rate": 0.28530894543846036, "random_state": 32}}
{"target": 31.974561433792115, "params": {"n_estimators": 855, "max_depth": 10, "learning_rate": 0.2979913179287906, "random_state": 32}}
{"target": 31.97457820256551, "params": {"n_estimators": 1000, "max_depth": 10, "learning_rate": 0.23982225625656825, "random_state": 32}}
{"target": 32.087383600870766, "params": {"n_estimators": 819, "max_depth": 8, "learning_rate": 0.014838328687236196, "random_state": 32}}
{"target": 31.974566790262855, "params": {"n_estimators": 925, "max_depth": 10, "learning_rate": 0.24200210595479918, "random_state": 32}}
{"target": 31.97456828435262, "params": {"n_estimators": 966, "max_depth": 10, "learning_rate": 0.2541307441672332, "random_state": 32}}
{"target": 31.97459007581075, "params": {"n_estimators": 993, "max_depth": 10, "learning_rate": 0.2607180687285021, "random_state": 32}}
{"target": 31.974559653600057, "params": {"n_estimators": 968, "max_depth": 10, "learning_rate": 0.2583133912682844, "random_state": 32}}
{"target": 31.974579203923543, "params": {"n_estimators": 816, "max_depth": 8, "learning_rate": 0.2484224405066531, "random_state": 32}}
{"target": 31.97457705815633, "params": {"n_estimators": 980, "max_depth": 10, "learning_rate": 0.26814770964512463, "random_state": 32}}
{"target": 31.974543647766115, "params": {"n_estimators": 822, "max_depth": 10, "learning_rate": 0.29254774258589655, "random_state": 32}}
{"target": 31.97455881118774, "params": {"n_estimators": 883, "max_depth": 10, "learning_rate": 0.2877186765114648, "random_state": 32}}
{"target": 31.974542328516645, "params": {"n_estimators": 863, "max_depth": 9, "learning_rate": 0.28550932128079914, "random_state": 32}}
{"target": 31.974566869735717, "params": {"n_estimators": 901, "max_depth": 9, "learning_rate": 0.29986750492977216, "random_state": 32}}
{"target": 31.974557539621987, "params": {"n_estimators": 812, "max_depth": 10, "learning_rate": 0.29926357352187244, "random_state": 32}}
{"target": 31.974561274846394, "params": {"n_estimators": 880, "max_depth": 10, "learning_rate": 0.29636608347278887, "random_state": 32}}
{"target": 31.97457233746846, "params": {"n_estimators": 804, "max_depth": 10, "learning_rate": 0.2782066323470998, "random_state": 32}}
{"target": 31.974543425242103, "params": {"n_estimators": 998, "max_depth": 5, "learning_rate": 0.28069067667022957, "random_state": 32}}
{"target": 31.974606033960974, "params": {"n_estimators": 774, "max_depth": 9, "learning_rate": 0.2777408103241401, "random_state": 32}}
{"target": 31.97457251230876, "params": {"n_estimators": 751, "max_depth": 10, "learning_rate": 0.2990398210288518, "random_state": 32}}
{"target": 31.97458573659261, "params": {"n_estimators": 885, "max_depth": 8, "learning_rate": 0.29961802754539923, "random_state": 32}}
{"target": 31.974600439071658, "params": {"n_estimators": 666, "max_depth": 9, "learning_rate": 0.2541105447034315, "random_state": 32}}
{"target": 31.974597212473554, "params": {"n_estimators": 857, "max_depth": 8, "learning_rate": 0.26692811195813565, "random_state": 32}}
{"target": 37.470905545552576, "params": {"n_estimators": 69, "max_depth": 2, "learning_rate": 0.2688692899640168, "random_state": 32}}
{"target": 31.974565502802527, "params": {"n_estimators": 816, "max_depth": 8, "learning_rate": 0.29759451821379335, "random_state": 32}}
{"target": 31.974603681564332, "params": {"n_estimators": 991, "max_depth": 6, "learning_rate": 0.2760544967781129, "random_state": 32}}
{"target": 31.974550546010335, "params": {"n_estimators": 933, "max_depth": 6, "learning_rate": 0.25716457922385394, "random_state": 32}}
{"target": 31.97457780520121, "params": {"n_estimators": 864, "max_depth": 4, "learning_rate": 0.27658570421085393, "random_state": 32}}
{"target": 31.974583765665688, "params": {"n_estimators": 986, "max_depth": 6, "learning_rate": 0.29575715881166653, "random_state": 32}}
{"target": 31.974600041707355, "params": {"n_estimators": 960, "max_depth": 5, "learning_rate": 0.2958760853581599, "random_state": 32}}
{"target": 31.97456243515014, "params": {"n_estimators": 924, "max_depth": 4, "learning_rate": 0.29315133789768527, "random_state": 32}}
{"target": 31.974610897699996, "params": {"n_estimators": 857, "max_depth": 4, "learning_rate": 0.28645156637733316, "random_state": 32}}
{"target": 31.9745699373881, "params": {"n_estimators": 978, "max_depth": 4, "learning_rate": 0.2871043459218425, "random_state": 32}}
{"target": 31.974619909922286, "params": {"n_estimators": 930, "max_depth": 5, "learning_rate": 0.2731715908440197, "random_state": 32}}
{"target": 31.974580570856727, "params": {"n_estimators": 766, "max_depth": 6, "learning_rate": 0.2506332085016149, "random_state": 32}}
{"target": 31.976508518854775, "params": {"n_estimators": 999, "max_depth": 3, "learning_rate": 0.2667604223777962, "random_state": 32}}
{"target": 31.974614537556967, "params": {"n_estimators": 943, "max_depth": 5, "learning_rate": 0.28899380350327847, "random_state": 32}}
{"target": 31.974590838750203, "params": {"n_estimators": 765, "max_depth": 6, "learning_rate": 0.2634895363410873, "random_state": 32}}
{"target": 31.974593811035156, "params": {"n_estimators": 535, "max_depth": 9, "learning_rate": 0.262168122965543, "random_state": 32}}
{"target": 31.974560209910074, "params": {"n_estimators": 746, "max_depth": 10, "learning_rate": 0.24139992451959058, "random_state": 32}}
{"target": 31.974613091150918, "params": {"n_estimators": 907, "max_depth": 7, "learning_rate": 0.22241482948107077, "random_state": 32}}
{"target": 31.974582446416218, "params": {"n_estimators": 883, "max_depth": 7, "learning_rate": 0.24450858516502436, "random_state": 32}}
{"target": 31.974559351603187, "params": {"n_estimators": 618, "max_depth": 10, "learning_rate": 0.27110515608639774, "random_state": 32}}
{"target": 31.974586181640625, "params": {"n_estimators": 243, "max_depth": 10, "learning_rate": 0.22148391428255762, "random_state": 32}}
{"target": 31.9746013768514, "params": {"n_estimators": 921, "max_depth": 6, "learning_rate": 0.1965373668296947, "random_state": 32}}
{"target": 31.97457503954569, "params": {"n_estimators": 828, "max_depth": 10, "learning_rate": 0.29584112479103425, "random_state": 32}}
{"target": 31.974556570053096, "params": {"n_estimators": 652, "max_depth": 10, "learning_rate": 0.29740956850555395, "random_state": 32}}
{"target": 31.974577376047773, "params": {"n_estimators": 793, "max_depth": 10, "learning_rate": 0.24036553248814166, "random_state": 32}}
{"target": 31.974596211115518, "params": {"n_estimators": 673, "max_depth": 9, "learning_rate": 0.2983837795455928, "random_state": 32}}
{"target": 31.974613504409785, "params": {"n_estimators": 926, "max_depth": 6, "learning_rate": 0.23366476074426046, "random_state": 32}}
{"target": 31.974546508789057, "params": {"n_estimators": 627, "max_depth": 10, "learning_rate": 0.19505345528740511, "random_state": 32}}
{"target": 31.974548861185706, "params": {"n_estimators": 814, "max_depth": 10, "learning_rate": 0.2657161044251444, "random_state": 32}}
{"target": 31.97456235567729, "params": {"n_estimators": 832, "max_depth": 9, "learning_rate": 0.24737340694576454, "random_state": 32}}
{"target": 31.97456669489543, "params": {"n_estimators": 781, "max_depth": 9, "learning_rate": 0.26349896844241905, "random_state": 32}}
{"target": 31.97458634058634, "params": {"n_estimators": 854, "max_depth": 9, "learning_rate": 0.2663335345515561, "random_state": 32}}
{"target": 31.97459125200907, "params": {"n_estimators": 505, "max_depth": 10, "learning_rate": 0.16251629938224832, "random_state": 32}}
{"target": 31.974579966862997, "params": {"n_estimators": 593, "max_depth": 9, "learning_rate": 0.2167783413117939, "random_state": 32}}
{"target": 31.97461790720622, "params": {"n_estimators": 762, "max_depth": 10, "learning_rate": 0.24129567844336952, "random_state": 32}}
{"target": 31.97457046190898, "params": {"n_estimators": 662, "max_depth": 10, "learning_rate": 0.2069534675134883, "random_state": 32}}
{"target": 31.97456481933594, "params": {"n_estimators": 780, "max_depth": 10, "learning_rate": 0.2602017454961018, "random_state": 32}}
{"target": 31.974580411911006, "params": {"n_estimators": 834, "max_depth": 10, "learning_rate": 0.29701746704672227, "random_state": 32}}
{"target": 31.974558858871454, "params": {"n_estimators": 585, "max_depth": 10, "learning_rate": 0.21588708612130958, "random_state": 32}}
{"target": 31.97455773035685, "params": {"n_estimators": 722, "max_depth": 10, "learning_rate": 0.2421335680900863, "random_state": 32}}
{"target": 31.974564167658485, "params": {"n_estimators": 847, "max_depth": 9, "learning_rate": 0.29324988903951876, "random_state": 32}}
{"target": 31.974569587707514, "params": {"n_estimators": 814, "max_depth": 10, "learning_rate": 0.29060889422175556, "random_state": 32}}
{"target": 31.97455362955729, "params": {"n_estimators": 822, "max_depth": 9, "learning_rate": 0.299748274728723, "random_state": 32}}
{"target": 31.974557634989416, "params": {"n_estimators": 990, "max_depth": 10, "learning_rate": 0.298562051861048, "random_state": 32}}
{"target": 31.974543631871548, "params": {"n_estimators": 848, "max_depth": 9, "learning_rate": 0.2897708725258006, "random_state": 32}}
{"target": 31.97457988739014, "params": {"n_estimators": 919, "max_depth": 9, "learning_rate": 0.29544089126784434, "random_state": 32}}
{"target": 31.97457279841105, "params": {"n_estimators": 335, "max_depth": 10, "learning_rate": 0.26194323458906854, "random_state": 32}}
{"target": 31.97457130432129, "params": {"n_estimators": 1000, "max_depth": 10, "learning_rate": 0.29269408065344926, "random_state": 32}}
{"target": 31.9746205774943, "params": {"n_estimators": 938, "max_depth": 9, "learning_rate": 0.2754099145033006, "random_state": 32}}
{"target": 31.974560019175208, "params": {"n_estimators": 278, "max_depth": 10, "learning_rate": 0.25527445874070975, "random_state": 32}}
{"target": 31.974574054082233, "params": {"n_estimators": 976, "max_depth": 8, "learning_rate": 0.288765381367404, "random_state": 32}}
{"target": 31.97458270072937, "params": {"n_estimators": 983, "max_depth": 8, "learning_rate": 0.26809307609926447, "random_state": 32}}
{"target": 31.974579124450685, "params": {"n_estimators": 816, "max_depth": 8, "learning_rate": 0.29480866143523465, "random_state": 32}}
{"target": 31.974572226206465, "params": {"n_estimators": 728, "max_depth": 9, "learning_rate": 0.2728790399188302, "random_state": 32}}
{"target": 31.974608831405636, "params": {"n_estimators": 840, "max_depth": 8, "learning_rate": 0.27695811175111484, "random_state": 32}}
{"target": 31.974537194569898, "params": {"n_estimators": 823, "max_depth": 7, "learning_rate": 0.2962360183724537, "random_state": 32}}
{"target": 31.9745809841156, "params": {"n_estimators": 723, "max_depth": 6, "learning_rate": 0.2922984776520166, "random_state": 32}}
{"target": 31.974614394505817, "params": {"n_estimators": 731, "max_depth": 7, "learning_rate": 0.2909858447003929, "random_state": 32}}
{"target": 31.9745664246877, "params": {"n_estimators": 692, "max_depth": 8, "learning_rate": 0.2974498583298709, "random_state": 32}}
{"target": 32.002374375661205, "params": {"n_estimators": 973, "max_depth": 3, "learning_rate": 0.13215729146139127, "random_state": 32}}
{"target": 31.974547478357948, "params": {"n_estimators": 776, "max_depth": 10, "learning_rate": 0.287817134163585, "random_state": 32}}
{"target": 31.97456343650818, "params": {"n_estimators": 721, "max_depth": 8, "learning_rate": 0.2697408350311121, "random_state": 32}}
{"target": 31.974569174448646, "params": {"n_estimators": 713, "max_depth": 9, "learning_rate": 0.29534214810686416, "random_state": 32}}
{"target": 31.97457001686096, "params": {"n_estimators": 877, "max_depth": 7, "learning_rate": 0.2999354605660629, "random_state": 32}}
{"target": 31.974557936986287, "params": {"n_estimators": 787, "max_depth": 6, "learning_rate": 0.29654421630073907, "random_state": 32}}
{"target": 31.974576787948603, "params": {"n_estimators": 839, "max_depth": 7, "learning_rate": 0.2986340118282831, "random_state": 32}}
{"target": 31.97458305040995, "params": {"n_estimators": 722, "max_depth": 9, "learning_rate": 0.2941636400741889, "random_state": 32}}
{"target": 31.974584290186563, "params": {"n_estimators": 727, "max_depth": 10, "learning_rate": 0.2996384741062283, "random_state": 32}}
{"target": 31.975231962203974, "params": {"n_estimators": 213, "max_depth": 10, "learning_rate": 0.11117646799594316, "random_state": 32}}
{"target": 31.974577948252357, "params": {"n_estimators": 813, "max_depth": 10, "learning_rate": 0.26099630738717045, "random_state": 32}}
{"target": 31.974566837946572, "params": {"n_estimators": 752, "max_depth": 10, "learning_rate": 0.25028729863285437, "random_state": 32}}
{"target": 31.974554503758753, "params": {"n_estimators": 770, "max_depth": 10, "learning_rate": 0.25423494095772636, "random_state": 32}}
{"target": 31.974699541727706, "params": {"n_estimators": 248, "max_depth": 10, "learning_rate": 0.1355866528111928, "random_state": 32}}
{"target": 31.975756292343142, "params": {"n_estimators": 243, "max_depth": 9, "learning_rate": 0.13136175496234925, "random_state": 32}}
{"target": 31.975345687866206, "params": {"n_estimators": 241, "max_depth": 8, "learning_rate": 0.18224526479384637, "random_state": 32}}
{"target": 31.98850642522176, "params": {"n_estimators": 57, "max_depth": 10, "learning_rate": 0.20606666840390248, "random_state": 32}}
{"target": 31.974697682062782, "params": {"n_estimators": 145, "max_depth": 10, "learning_rate": 0.20780890175887018, "random_state": 32}}
{"target": 31.974600884119674, "params": {"n_estimators": 833, "max_depth": 9, "learning_rate": 0.23771353135733556, "random_state": 32}}
{"target": 31.97457585016886, "params": {"n_estimators": 860, "max_depth": 9, "learning_rate": 0.25522858095610734, "random_state": 32}}
{"target": 31.985628258387248, "params": {"n_estimators": 771, "max_depth": 3, "learning_rate": 0.2160479571087481, "random_state": 32}}
{"target": 31.974651730855307, "params": {"n_estimators": 888, "max_depth": 5, "learning_rate": 0.23445699404920345, "random_state": 32}}
{"target": 31.974567346572872, "params": {"n_estimators": 877, "max_depth": 9, "learning_rate": 0.29298953044761583, "random_state": 32}}
{"target": 31.97534864425659, "params": {"n_estimators": 828, "max_depth": 4, "learning_rate": 0.2252339814589993, "random_state": 32}}
{"target": 31.974537369410193, "params": {"n_estimators": 578, "max_depth": 10, "learning_rate": 0.2966842107025932, "random_state": 32}}
{"target": 31.97455671310425, "params": {"n_estimators": 734, "max_depth": 8, "learning_rate": 0.1786096727381487, "random_state": 32}}
{"target": 31.974570350646975, "params": {"n_estimators": 771, "max_depth": 9, "learning_rate": 0.29926136385802016, "random_state": 32}}
{"target": 31.974579140345252, "params": {"n_estimators": 884, "max_depth": 5, "learning_rate": 0.24392456994587897, "random_state": 32}}
{"target": 31.974562721252443, "params": {"n_estimators": 740, "max_depth": 10, "learning_rate": 0.2996267632727574, "random_state": 32}}
{"target": 31.974562753041585, "params": {"n_estimators": 629, "max_depth": 10, "learning_rate": 0.28235564684947434, "random_state": 32}}
{"target": 31.97462070465088, "params": {"n_estimators": 967, "max_depth": 6, "learning_rate": 0.25362652533371316, "random_state": 32}}
{"target": 31.974554742177325, "params": {"n_estimators": 554, "max_depth": 10, "learning_rate": 0.255381936733653, "random_state": 32}}
{"target": 31.974563484191897, "params": {"n_estimators": 599, "max_depth": 10, "learning_rate": 0.27387750247558146, "random_state": 32}}
{"target": 31.974546906153357, "params": {"n_estimators": 346, "max_depth": 8, "learning_rate": 0.29367588858490096, "random_state": 32}}
{"target": 31.974533602396644, "params": {"n_estimators": 616, "max_depth": 10, "learning_rate": 0.26558676369846873, "random_state": 32}}
{"target": 31.974571542739863, "params": {"n_estimators": 559, "max_depth": 10, "learning_rate": 0.2939809218716288, "random_state": 32}}
{"target": 31.97862003326416, "params": {"n_estimators": 163, "max_depth": 7, "learning_rate": 0.2615202131243546, "random_state": 32}}
{"target": 31.97459198315939, "params": {"n_estimators": 511, "max_depth": 8, "learning_rate": 0.29998407217791695, "random_state": 32}}
{"target": 31.974568983713784, "params": {"n_estimators": 243, "max_depth": 8, "learning_rate": 0.29629910429088474, "random_state": 32}}
{"target": 31.979839337666828, "params": {"n_estimators": 604, "max_depth": 5, "learning_rate": 0.1370485870970254, "random_state": 32}}
{"target": 31.974555457433063, "params": {"n_estimators": 860, "max_depth": 8, "learning_rate": 0.242748578418212, "random_state": 32}}
{"target": 31.974548447926832, "params": {"n_estimators": 439, "max_depth": 7, "learning_rate": 0.2670497937998525, "random_state": 32}}
{"target": 31.974539340337117, "params": {"n_estimators": 465, "max_depth": 8, "learning_rate": 0.27336805782027257, "random_state": 32}}
{"target": 31.974601806004834, "params": {"n_estimators": 344, "max_depth": 8, "learning_rate": 0.28403318212839473, "random_state": 32}}
{"target": 31.974561306635543, "params": {"n_estimators": 494, "max_depth": 9, "learning_rate": 0.256368529904119, "random_state": 32}}
{"target": 31.974599008560176, "params": {"n_estimators": 400, "max_depth": 8, "learning_rate": 0.2750979894610733, "random_state": 32}}
{"target": 31.974547955195106, "params": {"n_estimators": 574, "max_depth": 10, "learning_rate": 0.29369402681996365, "random_state": 32}}
{"target": 31.974585593541462, "params": {"n_estimators": 525, "max_depth": 8, "learning_rate": 0.25636525073012323, "random_state": 32}}
{"target": 31.974745826721193, "params": {"n_estimators": 364, "max_depth": 6, "learning_rate": 0.2901582147869877, "random_state": 32}}
{"target": 31.974605890909835, "params": {"n_estimators": 506, "max_depth": 8, "learning_rate": 0.2759485785352181, "random_state": 32}}
{"target": 31.975563014348346, "params": {"n_estimators": 297, "max_depth": 6, "learning_rate": 0.2788265039009274, "random_state": 32}}
{"target": 31.974591871897378, "params": {"n_estimators": 498, "max_depth": 7, "learning_rate": 0.24920011915781518, "random_state": 32}}
{"target": 31.974741996129353, "params": {"n_estimators": 394, "max_depth": 6, "learning_rate": 0.2712053513568663, "random_state": 32}}
{"target": 31.974556649525958, "params": {"n_estimators": 411, "max_depth": 9, "learning_rate": 0.2929793457023922, "random_state": 32}}
{"target": 31.975039780934658, "params": {"n_estimators": 531, "max_depth": 5, "learning_rate": 0.24575766388448017, "random_state": 32}}
{"target": 31.97457263946533, "params": {"n_estimators": 513, "max_depth": 10, "learning_rate": 0.2735403406744346, "random_state": 32}}
{"target": 31.974572369257608, "params": {"n_estimators": 363, "max_depth": 8, "learning_rate": 0.265031563693107, "random_state": 32}}
{"target": 31.97456286430359, "params": {"n_estimators": 464, "max_depth": 10, "learning_rate": 0.27592255634444024, "random_state": 32}}
{"target": 31.974616651535037, "params": {"n_estimators": 392, "max_depth": 8, "learning_rate": 0.2717066252574415, "random_state": 32}}
{"target": 31.97455216725667, "params": {"n_estimators": 614, "max_depth": 10, "learning_rate": 0.2924892248268912, "random_state": 32}}
{"target": 31.97456502596537, "params": {"n_estimators": 490, "max_depth": 10, "learning_rate": 0.29315829278461447, "random_state": 32}}
{"target": 31.974577280680343, "params": {"n_estimators": 426, "max_depth": 8, "learning_rate": 0.24973350239912392, "random_state": 32}}
{"target": 31.974548114140827, "params": {"n_estimators": 588, "max_depth": 10, "learning_rate": 0.2937158868529993, "random_state": 32}}
{"target": 31.97456934928894, "params": {"n_estimators": 670, "max_depth": 10, "learning_rate": 0.28063009581401294, "random_state": 32}}
{"target": 31.974572067260738, "params": {"n_estimators": 630, "max_depth": 10, "learning_rate": 0.25682103146311486, "random_state": 32}}
{"target": 31.974564469655355, "params": {"n_estimators": 839, "max_depth": 10, "learning_rate": 0.21211695536756084, "random_state": 32}}
{"target": 31.97456168810526, "params": {"n_estimators": 614, "max_depth": 10, "learning_rate": 0.27118296318433804, "random_state": 32}}
{"target": 31.974603681564325, "params": {"n_estimators": 672, "max_depth": 9, "learning_rate": 0.20502162859804166, "random_state": 32}}
{"target": 31.974584973653158, "params": {"n_estimators": 575, "max_depth": 9, "learning_rate": 0.20497727029924234, "random_state": 32}}
{"target": 31.97458826382955, "params": {"n_estimators": 435, "max_depth": 8, "learning_rate": 0.199730818869184, "random_state": 32}}
{"target": 31.974563198089594, "params": {"n_estimators": 546, "max_depth": 10, "learning_rate": 0.298133324005021, "random_state": 32}}
{"target": 32.099641745885215, "params": {"n_estimators": 411, "max_depth": 7, "learning_rate": 0.028668568382372, "random_state": 32}}
{"target": 31.974547748565676, "params": {"n_estimators": 488, "max_depth": 10, "learning_rate": 0.29544814822654225, "random_state": 32}}
{"target": 31.974571495056146, "params": {"n_estimators": 575, "max_depth": 8, "learning_rate": 0.22607006144100522, "random_state": 32}}
{"target": 31.97544537862142, "params": {"n_estimators": 981, "max_depth": 10, "learning_rate": 0.019659093036424935, "random_state": 32}}
{"target": 31.974556220372516, "params": {"n_estimators": 568, "max_depth": 9, "learning_rate": 0.25919872507021907, "random_state": 32}}
