{"target": 31.974519408543905, "params": {"n_estimators": 331, "max_depth": 10, "learning_rate": 0.2834042845986476, "random_state": 32}}
{"target": 31.974539435704553, "params": {"n_estimators": 399, "max_depth": 10, "learning_rate": 0.28935107619274264, "random_state": 32}}
{"target": 31.974586944580075, "params": {"n_estimators": 553, "max_depth": 8, "learning_rate": 0.2801712180760923, "random_state": 32}}
{"target": 31.974561084111524, "params": {"n_estimators": 664, "max_depth": 8, "learning_rate": 0.23988650934619704, "random_state": 32}}
{"target": 31.97455893834432, "params": {"n_estimators": 523, "max_depth": 9, "learning_rate": 0.2889885095781249, "random_state": 32}}
{"target": 31.97460083643595, "params": {"n_estimators": 464, "max_depth": 9, "learning_rate": 0.29777995567249116, "random_state": 32}}
{"target": 31.974580698013305, "params": {"n_estimators": 443, "max_depth": 10, "learning_rate": 0.28186489435935347, "random_state": 32}}
{"target": 31.974588677088416, "params": {"n_estimators": 256, "max_depth": 10, "learning_rate": 0.2819841719041234, "random_state": 32}}
{"target": 31.974565645853676, "params": {"n_estimators": 337, "max_depth": 10, "learning_rate": 0.2698165584791943, "random_state": 32}}
{"target": 31.97459052085876, "params": {"n_estimators": 319, "max_depth": 10, "learning_rate": 0.24221057178124583, "random_state": 32}}
{"target": 31.97457181294759, "params": {"n_estimators": 360, "max_depth": 9, "learning_rate": 0.2101914264267924, "random_state": 32}}
{"target": 31.974573926925654, "params": {"n_estimators": 260, "max_depth": 10, "learning_rate": 0.2808706277522184, "random_state": 32}}
{"target": 31.974562292099, "params": {"n_estimators": 235, "max_depth": 10, "learning_rate": 0.2564324120066928, "random_state": 32}}
{"target": 31.974578536351526, "params": {"n_estimators": 301, "max_depth": 9, "learning_rate": 0.27279676597998287, "random_state": 32}}
{"target": 31.974566615422567, "params": {"n_estimators": 318, "max_depth": 9, "learning_rate": 0.28489197930940596, "random_state": 32}}
{"target": 31.974542471567787, "params": {"n_estimators": 348, "max_depth": 10, "learning_rate": 0.29506088243222983, "random_state": 32}}
{"target": 31.974652811686195, "params": {"n_estimators": 107, "max_depth": 10, "learning_rate": 0.27685039373009807, "random_state": 32}}
{"target": 31.97454805056254, "params": {"n_estimators": 433, "max_depth": 10, "learning_rate": 0.24880332648825926, "random_state": 32}}
{"target": 31.974594128926594, "params": {"n_estimators": 348, "max_depth": 9, "learning_rate": 0.2878729514797476, "random_state": 32}}
{"target": 31.97455858866374, "params": {"n_estimators": 449, "max_depth": 10, "learning_rate": 0.2256901680345368, "random_state": 32}}
{"target": 31.97456864992777, "params": {"n_estimators": 331, "max_depth": 10, "learning_rate": 0.27641501238145055, "random_state": 32}}
{"target": 31.974555234909058, "params": {"n_estimators": 347, "max_depth": 10, "learning_rate": 0.20010313956267514, "random_state": 32}}
{"target": 31.974592650731402, "params": {"n_estimators": 282, "max_depth": 10, "learning_rate": 0.18343292580332451, "random_state": 32}}
{"target": 32.05419179280599, "params": {"n_estimators": 228, "max_depth": 5, "learning_rate": 0.12029238281300351, "random_state": 32}}
{"target": 31.974607702891028, "params": {"n_estimators": 601, "max_depth": 10, "learning_rate": 0.19944042573481657, "random_state": 32}}
{"target": 31.974594033559164, "params": {"n_estimators": 619, "max_depth": 10, "learning_rate": 0.18876968222213392, "random_state": 32}}
{"target": 31.974646374384566, "params": {"n_estimators": 439, "max_depth": 10, "learning_rate": 0.07315054676944925, "random_state": 32}}
{"target": 31.974589376449586, "params": {"n_estimators": 476, "max_depth": 9, "learning_rate": 0.12598991288087746, "random_state": 32}}
{"target": 31.974575754801428, "params": {"n_estimators": 680, "max_depth": 10, "learning_rate": 0.2041645883377396, "random_state": 32}}
{"target": 31.97457745552063, "params": {"n_estimators": 748, "max_depth": 10, "learning_rate": 0.23632622269645848, "random_state": 32}}
{"target": 31.974552278518672, "params": {"n_estimators": 802, "max_depth": 10, "learning_rate": 0.29940221679975465, "random_state": 32}}
{"target": 31.974558588663733, "params": {"n_estimators": 314, "max_depth": 9, "learning_rate": 0.29529480056810054, "random_state": 32}}
{"target": 31.9745809841156, "params": {"n_estimators": 823, "max_depth": 10, "learning_rate": 0.2752311798994314, "random_state": 32}}
{"target": 31.974593159357703, "params": {"n_estimators": 774, "max_depth": 10, "learning_rate": 0.2998634933212443, "random_state": 32}}
{"target": 32.278434880574544, "params": {"n_estimators": 905, "max_depth": 5, "learning_rate": 0.013222356639176008, "random_state": 32}}
{"target": 31.974570175806683, "params": {"n_estimators": 712, "max_depth": 10, "learning_rate": 0.2676494982538946, "random_state": 32}}
{"target": 31.974547335306802, "params": {"n_estimators": 669, "max_depth": 10, "learning_rate": 0.2520116363869257, "random_state": 32}}
{"target": 31.974585577646895, "params": {"n_estimators": 752, "max_depth": 10, "learning_rate": 0.25494725014216724, "random_state": 32}}
{"target": 31.974541931152338, "params": {"n_estimators": 713, "max_depth": 9, "learning_rate": 0.2890383765419515, "random_state": 32}}
{"target": 32.872478669484465, "params": {"n_estimators": 345, "max_depth": 2, "learning_rate": 0.13647734978821055, "random_state": 32}}
{"target": 34.37040208498637, "params": {"n_estimators": 584, "max_depth": 2, "learning_rate": 0.060822363146482164, "random_state": 32}}
{"target": 31.974588247934975, "params": {"n_estimators": 346, "max_depth": 10, "learning_rate": 0.1374265970499317, "random_state": 32}}
{"target": 31.974572639465332, "params": {"n_estimators": 306, "max_depth": 10, "learning_rate": 0.2992936833082397, "random_state": 32}}
{"target": 31.97455350240071, "params": {"n_estimators": 338, "max_depth": 10, "learning_rate": 0.29293913949702, "random_state": 32}}
{"target": 31.974606320063277, "params": {"n_estimators": 342, "max_depth": 10, "learning_rate": 0.14521158394357372, "random_state": 32}}
{"target": 31.974581921895343, "params": {"n_estimators": 624, "max_depth": 7, "learning_rate": 0.2856206479442051, "random_state": 32}}
{"target": 32.02216833114624, "params": {"n_estimators": 874, "max_depth": 5, "learning_rate": 0.03869861532175836, "random_state": 32}}
{"target": 31.97455428123474, "params": {"n_estimators": 722, "max_depth": 8, "learning_rate": 0.2469776764722057, "random_state": 32}}
{"target": 31.974580841064448, "params": {"n_estimators": 750, "max_depth": 9, "learning_rate": 0.23404328444605507, "random_state": 32}}
{"target": 31.974566313425697, "params": {"n_estimators": 728, "max_depth": 8, "learning_rate": 0.2721018319966653, "random_state": 32}}
{"target": 31.974563023249306, "params": {"n_estimators": 797, "max_depth": 8, "learning_rate": 0.253183765843087, "random_state": 32}}
{"target": 31.974592046737673, "params": {"n_estimators": 740, "max_depth": 8, "learning_rate": 0.26473656599384293, "random_state": 32}}
{"target": 31.97457413355509, "params": {"n_estimators": 725, "max_depth": 8, "learning_rate": 0.2971850919226947, "random_state": 32}}
{"target": 31.974569094975788, "params": {"n_estimators": 745, "max_depth": 8, "learning_rate": 0.2614336958863901, "random_state": 32}}
{"target": 31.97519208272298, "params": {"n_estimators": 186, "max_depth": 8, "learning_rate": 0.2736712201875196, "random_state": 32}}
{"target": 31.97455329577128, "params": {"n_estimators": 734, "max_depth": 8, "learning_rate": 0.2724629418352402, "random_state": 32}}
{"target": 31.974589440027877, "params": {"n_estimators": 779, "max_depth": 8, "learning_rate": 0.29770645463506057, "random_state": 32}}
{"target": 31.974592396418256, "params": {"n_estimators": 957, "max_depth": 8, "learning_rate": 0.29661247406645175, "random_state": 32}}
{"target": 31.97458829561869, "params": {"n_estimators": 589, "max_depth": 9, "learning_rate": 0.2523544349905446, "random_state": 32}}
{"target": 31.974593429565424, "params": {"n_estimators": 559, "max_depth": 10, "learning_rate": 0.1182171243207348, "random_state": 32}}
{"target": 31.974583495457967, "params": {"n_estimators": 895, "max_depth": 9, "learning_rate": 0.2553247310206647, "random_state": 32}}
{"target": 31.97456764856974, "params": {"n_estimators": 536, "max_depth": 10, "learning_rate": 0.22299959973148162, "random_state": 32}}
{"target": 32.2339483833313, "params": {"n_estimators": 102, "max_depth": 4, "learning_rate": 0.29046317419398004, "random_state": 32}}
{"target": 31.974597498575843, "params": {"n_estimators": 488, "max_depth": 10, "learning_rate": 0.23933543662548515, "random_state": 32}}
{"target": 31.974582112630213, "params": {"n_estimators": 632, "max_depth": 9, "learning_rate": 0.2516864229319555, "random_state": 32}}
{"target": 31.97458165168762, "params": {"n_estimators": 584, "max_depth": 10, "learning_rate": 0.23875442876223266, "random_state": 32}}
{"target": 31.974579203923543, "params": {"n_estimators": 270, "max_depth": 9, "learning_rate": 0.23129430662966363, "random_state": 32}}
{"target": 31.974580539067585, "params": {"n_estimators": 814, "max_depth": 9, "learning_rate": 0.2539864670598108, "random_state": 32}}
{"target": 31.97458238283793, "params": {"n_estimators": 289, "max_depth": 10, "learning_rate": 0.29932175561733126, "random_state": 32}}
{"target": 31.974604682922358, "params": {"n_estimators": 930, "max_depth": 9, "learning_rate": 0.2617550006070568, "random_state": 32}}
{"target": 31.974601694742837, "params": {"n_estimators": 812, "max_depth": 10, "learning_rate": 0.18798400775776178, "random_state": 32}}
{"target": 31.974623724619544, "params": {"n_estimators": 857, "max_depth": 9, "learning_rate": 0.20925703946578803, "random_state": 32}}
{"target": 31.974567807515463, "params": {"n_estimators": 379, "max_depth": 10, "learning_rate": 0.2991630905667879, "random_state": 32}}
{"target": 31.974573291142775, "params": {"n_estimators": 863, "max_depth": 10, "learning_rate": 0.23062698424992042, "random_state": 32}}
{"target": 31.974591569900515, "params": {"n_estimators": 793, "max_depth": 10, "learning_rate": 0.1847275827451323, "random_state": 32}}
{"target": 31.974581540425618, "params": {"n_estimators": 447, "max_depth": 8, "learning_rate": 0.2999811008496692, "random_state": 32}}
{"target": 31.97456183115641, "params": {"n_estimators": 747, "max_depth": 10, "learning_rate": 0.2348922491419162, "random_state": 32}}
{"target": 31.974595416386922, "params": {"n_estimators": 733, "max_depth": 10, "learning_rate": 0.23851559995908328, "random_state": 32}}
{"target": 31.97458516438802, "params": {"n_estimators": 847, "max_depth": 10, "learning_rate": 0.2622742758679267, "random_state": 32}}
{"target": 31.974589757919308, "params": {"n_estimators": 740, "max_depth": 10, "learning_rate": 0.24032188553155714, "random_state": 32}}
{"target": 31.974582970937092, "params": {"n_estimators": 717, "max_depth": 10, "learning_rate": 0.26062053240437794, "random_state": 32}}
{"target": 31.974591045379633, "params": {"n_estimators": 899, "max_depth": 10, "learning_rate": 0.2615051496623489, "random_state": 32}}
{"target": 31.974571717580158, "params": {"n_estimators": 907, "max_depth": 8, "learning_rate": 0.2988674895506614, "random_state": 32}}
{"target": 31.974559224446615, "params": {"n_estimators": 511, "max_depth": 10, "learning_rate": 0.15606070211795098, "random_state": 32}}
{"target": 31.974583781560263, "params": {"n_estimators": 921, "max_depth": 10, "learning_rate": 0.2997424232016513, "random_state": 32}}
{"target": 31.97495450655619, "params": {"n_estimators": 332, "max_depth": 8, "learning_rate": 0.14219818823185756, "random_state": 32}}
{"target": 31.974585943222042, "params": {"n_estimators": 987, "max_depth": 9, "learning_rate": 0.29445836240257384, "random_state": 32}}
{"target": 31.974565661748244, "params": {"n_estimators": 921, "max_depth": 9, "learning_rate": 0.2921063381744493, "random_state": 32}}
{"target": 31.974541501998896, "params": {"n_estimators": 673, "max_depth": 9, "learning_rate": 0.29256063976370866, "random_state": 32}}
{"target": 31.974603443145753, "params": {"n_estimators": 954, "max_depth": 9, "learning_rate": 0.2999046916036734, "random_state": 32}}
{"target": 31.974560639063515, "params": {"n_estimators": 701, "max_depth": 9, "learning_rate": 0.2892475179174199, "random_state": 32}}
{"target": 31.974753567377725, "params": {"n_estimators": 205, "max_depth": 9, "learning_rate": 0.22887168079068418, "random_state": 32}}
{"target": 31.974597673416138, "params": {"n_estimators": 389, "max_depth": 9, "learning_rate": 0.2548809612752095, "random_state": 32}}
{"target": 31.974581317901606, "params": {"n_estimators": 545, "max_depth": 9, "learning_rate": 0.29576350862220496, "random_state": 32}}
{"target": 31.974577328364052, "params": {"n_estimators": 764, "max_depth": 9, "learning_rate": 0.29187065073173746, "random_state": 32}}
{"target": 31.974578663508094, "params": {"n_estimators": 675, "max_depth": 9, "learning_rate": 0.2787861098971499, "random_state": 32}}
{"target": 31.9745543607076, "params": {"n_estimators": 634, "max_depth": 9, "learning_rate": 0.27385090193371203, "random_state": 32}}
{"target": 31.974601949055995, "params": {"n_estimators": 973, "max_depth": 5, "learning_rate": 0.24439515712053209, "random_state": 32}}
{"target": 31.974633404413858, "params": {"n_estimators": 996, "max_depth": 5, "learning_rate": 0.29038121900861213, "random_state": 32}}
{"target": 32.27844835917155, "params": {"n_estimators": 143, "max_depth": 7, "learning_rate": 0.06412032409759094, "random_state": 32}}
{"target": 31.97456680615743, "params": {"n_estimators": 611, "max_depth": 8, "learning_rate": 0.28250898948737546, "random_state": 32}}
{"target": 31.974604015350344, "params": {"n_estimators": 702, "max_depth": 9, "learning_rate": 0.2681429550771811, "random_state": 32}}
{"target": 31.974573577245074, "params": {"n_estimators": 571, "max_depth": 9, "learning_rate": 0.29901496562443064, "random_state": 32}}
{"target": 31.974578107198077, "params": {"n_estimators": 608, "max_depth": 9, "learning_rate": 0.2572174998753197, "random_state": 32}}
{"target": 31.974555409749343, "params": {"n_estimators": 615, "max_depth": 9, "learning_rate": 0.29218781629212986, "random_state": 32}}
{"target": 31.9746004708608, "params": {"n_estimators": 667, "max_depth": 9, "learning_rate": 0.2975610260696753, "random_state": 32}}
{"target": 31.974554726282754, "params": {"n_estimators": 731, "max_depth": 9, "learning_rate": 0.2987506588355125, "random_state": 32}}
{"target": 31.975126565297444, "params": {"n_estimators": 239, "max_depth": 7, "learning_rate": 0.2933243288795481, "random_state": 32}}
{"target": 31.974559733072915, "params": {"n_estimators": 639, "max_depth": 10, "learning_rate": 0.2364669004145745, "random_state": 32}}
{"target": 31.97478038152059, "params": {"n_estimators": 146, "max_depth": 9, "learning_rate": 0.29626726825187016, "random_state": 32}}
{"target": 31.974586006800337, "params": {"n_estimators": 778, "max_depth": 9, "learning_rate": 0.296821871446306, "random_state": 32}}
{"target": 31.97456032117207, "params": {"n_estimators": 397, "max_depth": 10, "learning_rate": 0.2977741065861163, "random_state": 32}}
{"target": 32.44410243988037, "params": {"n_estimators": 60, "max_depth": 5, "learning_rate": 0.17807824032493696, "random_state": 32}}
{"target": 31.97456011454264, "params": {"n_estimators": 413, "max_depth": 10, "learning_rate": 0.2822784393198422, "random_state": 32}}
{"target": 31.97455350240071, "params": {"n_estimators": 413, "max_depth": 10, "learning_rate": 0.2948968076056651, "random_state": 32}}
{"target": 31.974592777887977, "params": {"n_estimators": 805, "max_depth": 6, "learning_rate": 0.2998191380185209, "random_state": 32}}
{"target": 31.974562753041578, "params": {"n_estimators": 586, "max_depth": 6, "learning_rate": 0.29801686657681914, "random_state": 32}}
{"target": 31.976821975708003, "params": {"n_estimators": 370, "max_depth": 6, "learning_rate": 0.17748327254154952, "random_state": 32}}
{"target": 31.974543520609537, "params": {"n_estimators": 295, "max_depth": 16, "learning_rate": 0.23451709471604124, "random_state": 32}}
{"target": 31.974553311665847, "params": {"n_estimators": 858, "max_depth": 22, "learning_rate": 0.16080817638959555, "random_state": 32}}
{"target": 31.97454671541849, "params": {"n_estimators": 726, "max_depth": 18, "learning_rate": 0.23111221083807, "random_state": 32}}
{"target": 31.974556840260824, "params": {"n_estimators": 918, "max_depth": 27, "learning_rate": 0.09678263961642038, "random_state": 32}}
{"target": 31.974547589619952, "params": {"n_estimators": 709, "max_depth": 13, "learning_rate": 0.20554504413434097, "random_state": 32}}
{"target": 31.968241291046137, "params": {"n_estimators": 342, "max_depth": 13, "learning_rate": 0.025003173817124552, "random_state": 32}}
{"target": 31.97454871813456, "params": {"n_estimators": 980, "max_depth": 27, "learning_rate": 0.19299607614895667, "random_state": 32}}
{"target": 31.974591951370236, "params": {"n_estimators": 737, "max_depth": 9, "learning_rate": 0.08075342879354189, "random_state": 32}}
{"target": 35.424369506835944, "params": {"n_estimators": 14, "max_depth": 20, "learning_rate": 0.0900049192517281, "random_state": 32}}
{"target": 31.974572623570754, "params": {"n_estimators": 734, "max_depth": 9, "learning_rate": 0.23402898499709507, "random_state": 32}}
{"target": 31.974565137227376, "params": {"n_estimators": 738, "max_depth": 13, "learning_rate": 0.2932501021634116, "random_state": 32}}
{"target": 31.974544855753578, "params": {"n_estimators": 975, "max_depth": 23, "learning_rate": 0.17896589314443254, "random_state": 32}}
{"target": 31.974544156392415, "params": {"n_estimators": 712, "max_depth": 16, "learning_rate": 0.27254110621776484, "random_state": 32}}
{"target": 31.974551992416377, "params": {"n_estimators": 388, "max_depth": 17, "learning_rate": 0.09078930726721685, "random_state": 32}}
{"target": 31.97452950159709, "params": {"n_estimators": 977, "max_depth": 27, "learning_rate": 0.29520970153495596, "random_state": 32}}
{"target": 31.977449731826784, "params": {"n_estimators": 409, "max_depth": 9, "learning_rate": 0.06286546573970209, "random_state": 32}}
{"target": 31.97454488754272, "params": {"n_estimators": 788, "max_depth": 19, "learning_rate": 0.02627041736733572, "random_state": 32}}
{"target": 31.986901324590047, "params": {"n_estimators": 22, "max_depth": 23, "learning_rate": 0.2269181591430726, "random_state": 32}}
{"target": 31.974546000162757, "params": {"n_estimators": 225, "max_depth": 25, "learning_rate": 0.04861398716098496, "random_state": 32}}
{"target": 31.974574578603107, "params": {"n_estimators": 941, "max_depth": 12, "learning_rate": 0.22622247415704935, "random_state": 32}}
{"target": 31.97454967180888, "params": {"n_estimators": 67, "max_depth": 20, "learning_rate": 0.251846265713518, "random_state": 32}}
{"target": 31.976203899383545, "params": {"n_estimators": 55, "max_depth": 18, "learning_rate": 0.12070926068395288, "random_state": 32}}
{"target": 31.97455607732137, "params": {"n_estimators": 950, "max_depth": 19, "learning_rate": 0.2664363453230143, "random_state": 32}}
{"target": 31.975613829294836, "params": {"n_estimators": 283, "max_depth": 11, "learning_rate": 0.056408197433494005, "random_state": 32}}
{"target": 31.974554599126186, "params": {"n_estimators": 312, "max_depth": 30, "learning_rate": 0.12568037547480237, "random_state": 32}}
{"target": 31.974549163182576, "params": {"n_estimators": 405, "max_depth": 19, "learning_rate": 0.21692071998021817, "random_state": 32}}
{"target": 31.974549592336018, "params": {"n_estimators": 183, "max_depth": 28, "learning_rate": 0.179853720420859, "random_state": 32}}
{"target": 32.29553046544393, "params": {"n_estimators": 103, "max_depth": 28, "learning_rate": 0.030961073798362077, "random_state": 32}}
{"target": 31.974555838902784, "params": {"n_estimators": 822, "max_depth": 15, "learning_rate": 0.2452115362025703, "random_state": 32}}
{"target": 31.974558652242024, "params": {"n_estimators": 64, "max_depth": 17, "learning_rate": 0.25695354582663343, "random_state": 32}}
{"target": 31.974549099604292, "params": {"n_estimators": 523, "max_depth": 16, "learning_rate": 0.15189791396387264, "random_state": 32}}
{"target": 31.974556601842238, "params": {"n_estimators": 529, "max_depth": 23, "learning_rate": 0.12357779961508017, "random_state": 32}}
{"target": 31.97453509648641, "params": {"n_estimators": 604, "max_depth": 26, "learning_rate": 0.024544198658324662, "random_state": 32}}
{"target": 31.97453115463257, "params": {"n_estimators": 817, "max_depth": 27, "learning_rate": 0.2518757554947324, "random_state": 32}}
{"target": 31.9745551554362, "params": {"n_estimators": 694, "max_depth": 8, "learning_rate": 0.1717069025779032, "random_state": 32}}
{"target": 31.990477256774902, "params": {"n_estimators": 427, "max_depth": 9, "learning_rate": 0.03991422659558256, "random_state": 32}}
{"target": 31.97455070495605, "params": {"n_estimators": 976, "max_depth": 28, "learning_rate": 0.26184280228708234, "random_state": 32}}
{"target": 31.97454007148742, "params": {"n_estimators": 980, "max_depth": 28, "learning_rate": 0.28111777213551614, "random_state": 32}}
{"target": 31.97455161094665, "params": {"n_estimators": 854, "max_depth": 30, "learning_rate": 0.2959978272453999, "random_state": 32}}
{"target": 31.974555314381917, "params": {"n_estimators": 759, "max_depth": 30, "learning_rate": 0.2883051245041448, "random_state": 32}}
{"target": 31.97455032348633, "params": {"n_estimators": 713, "max_depth": 26, "learning_rate": 0.28918693840735554, "random_state": 32}}
