{"target": 32.23320645014445, "params": {"n_estimators": 12, "max_depth": 27, "learning_rate": 0.2579624575194884, "random_state": 32}}
{"target": 31.97455216725667, "params": {"n_estimators": 76, "max_depth": 29, "learning_rate": 0.2675654632036076, "random_state": 32}}
{"target": 31.977978588740037, "params": {"n_estimators": 131, "max_depth": 15, "learning_rate": 0.04120299761874646, "random_state": 32}}
{"target": 31.974915374120076, "params": {"n_estimators": 421, "max_depth": 16, "learning_rate": 0.01909461295462549, "random_state": 32}}
{"target": 31.97455483754476, "params": {"n_estimators": 412, "max_depth": 12, "learning_rate": 0.2686693900266147, "random_state": 32}}
{"target": 31.97460546175639, "params": {"n_estimators": 643, "max_depth": 8, "learning_rate": 0.29658977790397445, "random_state": 32}}
{"target": 32.297876440684, "params": {"n_estimators": 267, "max_depth": 20, "learning_rate": 0.011978289671157317, "random_state": 32}}
{"target": 31.97477670987447, "params": {"n_estimators": 179, "max_depth": 14, "learning_rate": 0.05114623980083212, "random_state": 32}}
{"target": 31.973801323572793, "params": {"n_estimators": 222, "max_depth": 13, "learning_rate": 0.0520412271710993, "random_state": 32}}
{"target": 31.974612518946326, "params": {"n_estimators": 430, "max_depth": 10, "learning_rate": 0.0812978496366501, "random_state": 32}}
{"target": 31.974586165746054, "params": {"n_estimators": 539, "max_depth": 10, "learning_rate": 0.0945576018009719, "random_state": 32}}
{"target": 31.97457170168559, "params": {"n_estimators": 307, "max_depth": 21, "learning_rate": 0.03517314308620383, "random_state": 32}}
{"target": 32.0276674524943, "params": {"n_estimators": 188, "max_depth": 11, "learning_rate": 0.02606838961434517, "random_state": 32}}
{"target": 31.974546858469644, "params": {"n_estimators": 377, "max_depth": 17, "learning_rate": 0.14989656336982415, "random_state": 32}}
{"target": 31.974555123647054, "params": {"n_estimators": 634, "max_depth": 25, "learning_rate": 0.06430048537166523, "random_state": 32}}
{"target": 31.974513034820557, "params": {"n_estimators": 654, "max_depth": 24, "learning_rate": 0.03523800173040208, "random_state": 32}}
{"target": 31.97454968770345, "params": {"n_estimators": 675, "max_depth": 25, "learning_rate": 0.03535820420206531, "random_state": 32}}
{"target": 31.973474769592286, "params": {"n_estimators": 236, "max_depth": 13, "learning_rate": 0.04752450061836937, "random_state": 32}}
{"target": 31.97455167452494, "params": {"n_estimators": 265, "max_depth": 15, "learning_rate": 0.07280683947469055, "random_state": 32}}
{"target": 31.974876559575392, "params": {"n_estimators": 617, "max_depth": 26, "learning_rate": 0.0143299289273038, "random_state": 32}}
{"target": 31.974563817977902, "params": {"n_estimators": 327, "max_depth": 12, "learning_rate": 0.07401559966812234, "random_state": 32}}
{"target": 32.09309743245443, "params": {"n_estimators": 225, "max_depth": 11, "learning_rate": 0.02509021880030125, "random_state": 32}}
{"target": 31.97471917152405, "params": {"n_estimators": 343, "max_depth": 12, "learning_rate": 0.04854075392216932, "random_state": 32}}
{"target": 31.974559892018636, "params": {"n_estimators": 410, "max_depth": 12, "learning_rate": 0.057447563085501654, "random_state": 32}}
{"target": 31.974551213582355, "params": {"n_estimators": 623, "max_depth": 19, "learning_rate": 0.03531838325360173, "random_state": 32}}
{"target": 31.974378232955935, "params": {"n_estimators": 302, "max_depth": 13, "learning_rate": 0.04979914386315043, "random_state": 32}}
{"target": 31.974533475240072, "params": {"n_estimators": 227, "max_depth": 13, "learning_rate": 0.08881157929571612, "random_state": 32}}
{"target": 31.974976393381752, "params": {"n_estimators": 666, "max_depth": 17, "learning_rate": 0.011649578941736046, "random_state": 32}}
{"target": 31.97454706509908, "params": {"n_estimators": 669, "max_depth": 20, "learning_rate": 0.030320073756133797, "random_state": 32}}
{"target": 31.974555362065633, "params": {"n_estimators": 377, "max_depth": 29, "learning_rate": 0.19290886473388583, "random_state": 32}}
{"target": 31.97453659057617, "params": {"n_estimators": 207, "max_depth": 14, "learning_rate": 0.07331676387401481, "random_state": 32}}
{"target": 31.974555362065633, "params": {"n_estimators": 177, "max_depth": 14, "learning_rate": 0.05985501100332359, "random_state": 32}}
{"target": 31.97376928011576, "params": {"n_estimators": 262, "max_depth": 13, "learning_rate": 0.04566791080481121, "random_state": 32}}
{"target": 31.971195519765217, "params": {"n_estimators": 198, "max_depth": 13, "learning_rate": 0.0464219265209561, "random_state": 32}}
{"target": 31.974549290339148, "params": {"n_estimators": 236, "max_depth": 16, "learning_rate": 0.07115086036163767, "random_state": 32}}
{"target": 31.97460215568542, "params": {"n_estimators": 687, "max_depth": 22, "learning_rate": 0.015045607194861178, "random_state": 32}}
{"target": 31.970338166554768, "params": {"n_estimators": 229, "max_depth": 13, "learning_rate": 0.03608686216483111, "random_state": 32}}
{"target": 31.974552389780683, "params": {"n_estimators": 283, "max_depth": 16, "learning_rate": 0.06891821037260329, "random_state": 32}}
{"target": 31.98309137980143, "params": {"n_estimators": 182, "max_depth": 14, "learning_rate": 0.027830699519408378, "random_state": 32}}
{"target": 31.97458169937134, "params": {"n_estimators": 703, "max_depth": 23, "learning_rate": 0.014904390878185628, "random_state": 32}}
{"target": 32.00190724690755, "params": {"n_estimators": 121, "max_depth": 11, "learning_rate": 0.04320727732333024, "random_state": 32}}
{"target": 32.07774145762126, "params": {"n_estimators": 160, "max_depth": 11, "learning_rate": 0.03148456483256024, "random_state": 32}}
{"target": 31.99289275487264, "params": {"n_estimators": 190, "max_depth": 11, "learning_rate": 0.042044375553162934, "random_state": 32}}
{"target": 31.973182992935183, "params": {"n_estimators": 346, "max_depth": 13, "learning_rate": 0.020219633077250682, "random_state": 32}}
{"target": 33.00763525644938, "params": {"n_estimators": 210, "max_depth": 13, "learning_rate": 0.010660932770070158, "random_state": 32}}
{"target": 31.969931694666542, "params": {"n_estimators": 260, "max_depth": 13, "learning_rate": 0.02866484992852718, "random_state": 32}}
{"target": 34.01867935180665, "params": {"n_estimators": 126, "max_depth": 13, "learning_rate": 0.01393514361490552, "random_state": 32}}
{"target": 32.11606006940206, "params": {"n_estimators": 259, "max_depth": 13, "learning_rate": 0.01462943623747651, "random_state": 32}}
{"target": 31.97517896970113, "params": {"n_estimators": 309, "max_depth": 12, "learning_rate": 0.04111328944219942, "random_state": 32}}
{"target": 31.991337264378863, "params": {"n_estimators": 300, "max_depth": 10, "learning_rate": 0.038334143810093195, "random_state": 32}}
{"target": 32.01011355400085, "params": {"n_estimators": 310, "max_depth": 11, "learning_rate": 0.025237913213301568, "random_state": 32}}
{"target": 31.991092074712117, "params": {"n_estimators": 300, "max_depth": 11, "learning_rate": 0.030110176710651082, "random_state": 32}}
{"target": 31.973941720326746, "params": {"n_estimators": 379, "max_depth": 13, "learning_rate": 0.032331115936719584, "random_state": 32}}
{"target": 31.974547843933106, "params": {"n_estimators": 402, "max_depth": 13, "learning_rate": 0.07629042615123861, "random_state": 32}}
{"target": 31.980588877995807, "params": {"n_estimators": 362, "max_depth": 10, "learning_rate": 0.04289677765782947, "random_state": 32}}
{"target": 31.97456516901652, "params": {"n_estimators": 323, "max_depth": 14, "learning_rate": 0.06006253331681491, "random_state": 32}}
{"target": 31.976303494771322, "params": {"n_estimators": 344, "max_depth": 12, "learning_rate": 0.031617519527730266, "random_state": 32}}
{"target": 31.97472951889038, "params": {"n_estimators": 414, "max_depth": 14, "learning_rate": 0.01629518547238065, "random_state": 32}}
{"target": 31.974581047693885, "params": {"n_estimators": 412, "max_depth": 12, "learning_rate": 0.04383414342808113, "random_state": 32}}
{"target": 31.974552103678388, "params": {"n_estimators": 439, "max_depth": 15, "learning_rate": 0.04750568216160085, "random_state": 32}}
{"target": 31.974546858469648, "params": {"n_estimators": 552, "max_depth": 13, "learning_rate": 0.04115338965990239, "random_state": 32}}
{"target": 31.974543615976966, "params": {"n_estimators": 346, "max_depth": 14, "learning_rate": 0.04996855618674503, "random_state": 32}}
{"target": 31.998106695810954, "params": {"n_estimators": 83, "max_depth": 12, "learning_rate": 0.07743553847786622, "random_state": 32}}
{"target": 31.974511000315353, "params": {"n_estimators": 458, "max_depth": 13, "learning_rate": 0.04010281209015692, "random_state": 32}}
{"target": 31.974555330276484, "params": {"n_estimators": 449, "max_depth": 15, "learning_rate": 0.067245923581081, "random_state": 32}}
{"target": 31.976656751632692, "params": {"n_estimators": 207, "max_depth": 11, "learning_rate": 0.06346518228126145, "random_state": 32}}
{"target": 31.974553200403847, "params": {"n_estimators": 95, "max_depth": 18, "learning_rate": 0.17855135065411737, "random_state": 32}}
{"target": 31.974544617335, "params": {"n_estimators": 108, "max_depth": 19, "learning_rate": 0.1732742414120826, "random_state": 32}}
{"target": 31.97470165570577, "params": {"n_estimators": 249, "max_depth": 15, "learning_rate": 0.0387107256025002, "random_state": 32}}
{"target": 31.974190549850466, "params": {"n_estimators": 471, "max_depth": 13, "learning_rate": 0.02964783015716497, "random_state": 32}}
{"target": 31.974552898406984, "params": {"n_estimators": 241, "max_depth": 19, "learning_rate": 0.07000367025260991, "random_state": 32}}
{"target": 31.974500414530432, "params": {"n_estimators": 180, "max_depth": 19, "learning_rate": 0.07295810980934334, "random_state": 32}}
{"target": 31.974971466064453, "params": {"n_estimators": 206, "max_depth": 15, "learning_rate": 0.03710583944378111, "random_state": 32}}
{"target": 31.974453430175778, "params": {"n_estimators": 259, "max_depth": 13, "learning_rate": 0.06447652205734007, "random_state": 32}}
{"target": 31.97474337895711, "params": {"n_estimators": 241, "max_depth": 11, "learning_rate": 0.09211179337945864, "random_state": 32}}
{"target": 31.974542519251504, "params": {"n_estimators": 245, "max_depth": 20, "learning_rate": 0.06003310360265406, "random_state": 32}}
{"target": 31.973327188491822, "params": {"n_estimators": 114, "max_depth": 13, "learning_rate": 0.09579574846398932, "random_state": 32}}
{"target": 31.97454638163249, "params": {"n_estimators": 380, "max_depth": 14, "learning_rate": 0.12227907065401435, "random_state": 32}}
{"target": 31.974697332382203, "params": {"n_estimators": 194, "max_depth": 12, "learning_rate": 0.1053728693520472, "random_state": 32}}
{"target": 31.978420600891116, "params": {"n_estimators": 55, "max_depth": 21, "learning_rate": 0.09346272992743646, "random_state": 32}}
{"target": 31.97454108874003, "params": {"n_estimators": 215, "max_depth": 20, "learning_rate": 0.0703613156626187, "random_state": 32}}
{"target": 34.144227841695155, "params": {"n_estimators": 19, "max_depth": 13, "learning_rate": 0.08663168116272854, "random_state": 32}}
{"target": 31.972874574661255, "params": {"n_estimators": 93, "max_depth": 13, "learning_rate": 0.09914912014908753, "random_state": 32}}
{"target": 31.974920587539668, "params": {"n_estimators": 134, "max_depth": 20, "learning_rate": 0.06458919542915305, "random_state": 32}}
{"target": 31.97475423494975, "params": {"n_estimators": 159, "max_depth": 12, "learning_rate": 0.11132284899393431, "random_state": 32}}
{"target": 31.980476261774697, "params": {"n_estimators": 26, "max_depth": 30, "learning_rate": 0.2121946425855249, "random_state": 32}}
{"target": 31.974549655914302, "params": {"n_estimators": 92, "max_depth": 30, "learning_rate": 0.22135781611785638, "random_state": 32}}
{"target": 31.97675892194112, "params": {"n_estimators": 699, "max_depth": 8, "learning_rate": 0.053140048742362264, "random_state": 32}}
{"target": 33.606190700531, "params": {"n_estimators": 15, "max_depth": 11, "learning_rate": 0.12395413033739534, "random_state": 32}}
{"target": 31.983650649388625, "params": {"n_estimators": 121, "max_depth": 10, "learning_rate": 0.12169605488360746, "random_state": 32}}
{"target": 31.99802298227946, "params": {"n_estimators": 275, "max_depth": 8, "learning_rate": 0.07251906497868747, "random_state": 32}}
{"target": 31.97533376693725, "params": {"n_estimators": 71, "max_depth": 17, "learning_rate": 0.11144290279297675, "random_state": 32}}
{"target": 31.974602664311725, "params": {"n_estimators": 119, "max_depth": 15, "learning_rate": 0.0867045659805161, "random_state": 32}}
{"target": 31.974499460856123, "params": {"n_estimators": 146, "max_depth": 13, "learning_rate": 0.12496483209774659, "random_state": 32}}
{"target": 31.974551245371497, "params": {"n_estimators": 347, "max_depth": 22, "learning_rate": 0.29746578199103346, "random_state": 32}}
{"target": 32.02121688842773, "params": {"n_estimators": 35, "max_depth": 15, "learning_rate": 0.12231608672945805, "random_state": 32}}
{"target": 31.974547748565676, "params": {"n_estimators": 212, "max_depth": 15, "learning_rate": 0.10392450774208697, "random_state": 32}}
{"target": 31.974548114140827, "params": {"n_estimators": 216, "max_depth": 16, "learning_rate": 0.10502985730237897, "random_state": 32}}
{"target": 31.974552659988404, "params": {"n_estimators": 177, "max_depth": 14, "learning_rate": 0.09969808657355589, "random_state": 32}}
{"target": 31.974507551193238, "params": {"n_estimators": 142, "max_depth": 16, "learning_rate": 0.09382329665696737, "random_state": 32}}
{"target": 31.974542932510378, "params": {"n_estimators": 97, "max_depth": 14, "learning_rate": 0.1706900196868929, "random_state": 32}}
{"target": 31.974553836186725, "params": {"n_estimators": 149, "max_depth": 13, "learning_rate": 0.1588991575326576, "random_state": 32}}
{"target": 31.97453180631001, "params": {"n_estimators": 98, "max_depth": 14, "learning_rate": 0.15218085981449805, "random_state": 32}}
{"target": 31.97456089337667, "params": {"n_estimators": 212, "max_depth": 12, "learning_rate": 0.1616852408263069, "random_state": 32}}
{"target": 31.97455083211263, "params": {"n_estimators": 962, "max_depth": 9, "learning_rate": 0.2927453890891085, "random_state": 32}}
{"target": 32.1197260316213, "params": {"n_estimators": 95, "max_depth": 10, "learning_rate": 0.06202539148921611, "random_state": 32}}
{"target": 31.97405109087626, "params": {"n_estimators": 165, "max_depth": 13, "learning_rate": 0.07125063413322168, "random_state": 32}}
{"target": 31.974497410456337, "params": {"n_estimators": 247, "max_depth": 13, "learning_rate": 0.06707521505402915, "random_state": 32}}
{"target": 31.984393943150838, "params": {"n_estimators": 175, "max_depth": 11, "learning_rate": 0.05963643389964219, "random_state": 32}}
{"target": 31.974359556833907, "params": {"n_estimators": 217, "max_depth": 13, "learning_rate": 0.069969588677224, "random_state": 32}}
{"target": 31.97345021247863, "params": {"n_estimators": 159, "max_depth": 13, "learning_rate": 0.07180538443400344, "random_state": 32}}
{"target": 31.974584957758587, "params": {"n_estimators": 186, "max_depth": 14, "learning_rate": 0.05594848385138045, "random_state": 32}}
{"target": 32.774230314890545, "params": {"n_estimators": 33, "max_depth": 13, "learning_rate": 0.07222093466434926, "random_state": 32}}
{"target": 31.974573291142782, "params": {"n_estimators": 210, "max_depth": 14, "learning_rate": 0.05050378385462772, "random_state": 32}}
{"target": 31.974462807973225, "params": {"n_estimators": 224, "max_depth": 13, "learning_rate": 0.0737500033837368, "random_state": 32}}
{"target": 31.973733723958333, "params": {"n_estimators": 222, "max_depth": 13, "learning_rate": 0.04800960615563695, "random_state": 32}}
{"target": 31.97456904729207, "params": {"n_estimators": 391, "max_depth": 11, "learning_rate": 0.11149356795120377, "random_state": 32}}
{"target": 31.97471766153971, "params": {"n_estimators": 296, "max_depth": 10, "learning_rate": 0.10780511883594601, "random_state": 32}}
{"target": 31.985885378519697, "params": {"n_estimators": 131, "max_depth": 12, "learning_rate": 0.05971617798587092, "random_state": 32}}
{"target": 31.974562482833864, "params": {"n_estimators": 375, "max_depth": 12, "learning_rate": 0.12601775342046706, "random_state": 32}}
{"target": 31.974518502553302, "params": {"n_estimators": 202, "max_depth": 12, "learning_rate": 0.08563218371339076, "random_state": 32}}
{"target": 31.974840319951376, "params": {"n_estimators": 199, "max_depth": 11, "learning_rate": 0.08929702930111341, "random_state": 32}}
{"target": 31.97458160400391, "params": {"n_estimators": 314, "max_depth": 11, "learning_rate": 0.0916178817611247, "random_state": 32}}
{"target": 31.97454278945923, "params": {"n_estimators": 275, "max_depth": 12, "learning_rate": 0.07631236404119413, "random_state": 32}}
{"target": 31.975069233576455, "params": {"n_estimators": 263, "max_depth": 11, "learning_rate": 0.06902213197271823, "random_state": 32}}
{"target": 31.974619290033974, "params": {"n_estimators": 354, "max_depth": 11, "learning_rate": 0.08349655046477587, "random_state": 32}}
{"target": 31.977489579518636, "params": {"n_estimators": 207, "max_depth": 11, "learning_rate": 0.06876330615977419, "random_state": 32}}
{"target": 32.19370317776998, "params": {"n_estimators": 70, "max_depth": 13, "learning_rate": 0.049432996104495294, "random_state": 32}}
{"target": 33.33276915868124, "params": {"n_estimators": 46, "max_depth": 14, "learning_rate": 0.04399902655947337, "random_state": 32}}
{"target": 31.977574742635085, "params": {"n_estimators": 199, "max_depth": 12, "learning_rate": 0.05293687198871917, "random_state": 32}}
{"target": 31.974667720794674, "params": {"n_estimators": 253, "max_depth": 12, "learning_rate": 0.06587969804030308, "random_state": 32}}
{"target": 31.974527562459308, "params": {"n_estimators": 257, "max_depth": 13, "learning_rate": 0.07686957255704832, "random_state": 32}}
{"target": 32.07931940714518, "params": {"n_estimators": 329, "max_depth": 11, "learning_rate": 0.015807477183007894, "random_state": 32}}
{"target": 32.148035831451416, "params": {"n_estimators": 327, "max_depth": 11, "learning_rate": 0.011762474555649542, "random_state": 32}}
{"target": 32.022261981964114, "params": {"n_estimators": 282, "max_depth": 13, "learning_rate": 0.015329108025117569, "random_state": 32}}
{"target": 31.974536606470743, "params": {"n_estimators": 243, "max_depth": 14, "learning_rate": 0.06647832257924399, "random_state": 32}}
{"target": 32.00390340487162, "params": {"n_estimators": 374, "max_depth": 10, "learning_rate": 0.01967128218724925, "random_state": 32}}
{"target": 31.97411250750224, "params": {"n_estimators": 192, "max_depth": 13, "learning_rate": 0.061133095925341684, "random_state": 32}}
{"target": 31.98356278737386, "params": {"n_estimators": 408, "max_depth": 11, "learning_rate": 0.014838280438138864, "random_state": 32}}
{"target": 32.12423463185628, "params": {"n_estimators": 289, "max_depth": 12, "learning_rate": 0.01260406818204722, "random_state": 32}}
{"target": 31.974375975926716, "params": {"n_estimators": 232, "max_depth": 13, "learning_rate": 0.06503827182673069, "random_state": 32}}
{"target": 32.44577171325683, "params": {"n_estimators": 166, "max_depth": 8, "learning_rate": 0.04225082502284124, "random_state": 32}}
{"target": 33.95404496510824, "params": {"n_estimators": 100, "max_depth": 9, "learning_rate": 0.019358813067083955, "random_state": 32}}
{"target": 32.06130085309347, "params": {"n_estimators": 158, "max_depth": 15, "learning_rate": 0.025594541839168435, "random_state": 32}}
{"target": 31.974683535893753, "params": {"n_estimators": 172, "max_depth": 14, "learning_rate": 0.05616672174647476, "random_state": 32}}
{"target": 31.970410677591957, "params": {"n_estimators": 230, "max_depth": 13, "learning_rate": 0.035546630784245324, "random_state": 32}}
{"target": 31.974501956303914, "params": {"n_estimators": 242, "max_depth": 14, "learning_rate": 0.05134393963528974, "random_state": 32}}
{"target": 31.972128165562943, "params": {"n_estimators": 123, "max_depth": 13, "learning_rate": 0.07317044902787084, "random_state": 32}}
{"target": 44.756690317789705, "params": {"n_estimators": 41, "max_depth": 18, "learning_rate": 0.010566436148121684, "random_state": 32}}
{"target": 32.120518315633134, "params": {"n_estimators": 66, "max_depth": 11, "learning_rate": 0.06937739572914592, "random_state": 32}}
{"target": 31.97498901367187, "params": {"n_estimators": 90, "max_depth": 13, "learning_rate": 0.0738888068421387, "random_state": 32}}
{"target": 31.97455280303955, "params": {"n_estimators": 210, "max_depth": 14, "learning_rate": 0.10349946758942478, "random_state": 32}}
{"target": 31.97452997843424, "params": {"n_estimators": 93, "max_depth": 12, "learning_rate": 0.1129472241305271, "random_state": 32}}
{"target": 31.975298004150385, "params": {"n_estimators": 173, "max_depth": 12, "learning_rate": 0.09145625013062725, "random_state": 32}}
{"target": 31.9745432027181, "params": {"n_estimators": 244, "max_depth": 13, "learning_rate": 0.08569921774259594, "random_state": 32}}
{"target": 31.980177351633706, "params": {"n_estimators": 80, "max_depth": 12, "learning_rate": 0.08064725705253382, "random_state": 32}}
{"target": 31.975893526077265, "params": {"n_estimators": 130, "max_depth": 12, "learning_rate": 0.10375852357907797, "random_state": 32}}
{"target": 31.97771060943603, "params": {"n_estimators": 115, "max_depth": 11, "learning_rate": 0.11090187838036733, "random_state": 32}}
{"target": 31.979105895360313, "params": {"n_estimators": 66, "max_depth": 16, "learning_rate": 0.0787038437691935, "random_state": 32}}
