{"target": 31.974546604156494, "params": {"n_estimators": 721, "max_depth": 25, "learning_rate": 0.13835407169518765, "random_state": 32}}
{"target": 31.974540055592854, "params": {"n_estimators": 287, "max_depth": 13, "learning_rate": 0.06640320725113039, "random_state": 32}}
{"target": 31.983909174601234, "params": {"n_estimators": 352, "max_depth": 9, "learning_rate": 0.04873386109044946, "random_state": 32}}
{"target": 31.974548241297402, "params": {"n_estimators": 328, "max_depth": 15, "learning_rate": 0.053514056177263375, "random_state": 32}}
{"target": 31.97455208778381, "params": {"n_estimators": 405, "max_depth": 15, "learning_rate": 0.052776917104277024, "random_state": 32}}
{"target": 31.974550418853756, "params": {"n_estimators": 302, "max_depth": 15, "learning_rate": 0.06497379950882148, "random_state": 32}}
{"target": 31.974554885228475, "params": {"n_estimators": 401, "max_depth": 16, "learning_rate": 0.04730097376291406, "random_state": 32}}
{"target": 31.974633245468134, "params": {"n_estimators": 318, "max_depth": 12, "learning_rate": 0.06087768253923731, "random_state": 32}}
{"target": 31.975511913299556, "params": {"n_estimators": 224, "max_depth": 12, "learning_rate": 0.047022925193427156, "random_state": 32}}
{"target": 32.06538598060608, "params": {"n_estimators": 393, "max_depth": 17, "learning_rate": 0.010267622218141398, "random_state": 32}}
{"target": 31.978665164311728, "params": {"n_estimators": 326, "max_depth": 13, "learning_rate": 0.016224504434082715, "random_state": 32}}
{"target": 34.669158477783206, "params": {"n_estimators": 97, "max_depth": 16, "learning_rate": 0.015626911218756704, "random_state": 32}}
{"target": 33.35415269851685, "params": {"n_estimators": 152, "max_depth": 18, "learning_rate": 0.013373691229715365, "random_state": 32}}
{"target": 32.00511389732361, "params": {"n_estimators": 96, "max_depth": 12, "learning_rate": 0.04361125629237664, "random_state": 32}}
{"target": 31.98425429026285, "params": {"n_estimators": 126, "max_depth": 15, "learning_rate": 0.04042279096583197, "random_state": 32}}
{"target": 32.120066614151, "params": {"n_estimators": 358, "max_depth": 13, "learning_rate": 0.01054822319656835, "random_state": 32}}
{"target": 35.34352030436198, "params": {"n_estimators": 12, "max_depth": 17, "learning_rate": 0.10594016131902664, "random_state": 32}}
{"target": 31.97859734853109, "params": {"n_estimators": 475, "max_depth": 17, "learning_rate": 0.011105237469437954, "random_state": 32}}
{"target": 31.987425893147787, "params": {"n_estimators": 188, "max_depth": 17, "learning_rate": 0.026014053759227752, "random_state": 32}}
{"target": 31.969670705795288, "params": {"n_estimators": 223, "max_depth": 13, "learning_rate": 0.038264460277120375, "random_state": 32}}
{"target": 31.977590764363605, "params": {"n_estimators": 132, "max_depth": 11, "learning_rate": 0.09519533729293359, "random_state": 32}}
{"target": 34.83356474558512, "params": {"n_estimators": 95, "max_depth": 10, "learning_rate": 0.01538585093403129, "random_state": 32}}
{"target": 31.974548352559406, "params": {"n_estimators": 479, "max_depth": 17, "learning_rate": 0.15, "random_state": 32}}
{"target": 31.974557348887124, "params": {"n_estimators": 2188, "max_depth": 29, "learning_rate": 0.15, "random_state": 32}}
{"target": 31.974557348887124, "params": {"n_estimators": 2534, "max_depth": 24, "learning_rate": 0.15, "random_state": 32}}
{"target": 31.974556713104242, "params": {"n_estimators": 319, "max_depth": 23, "learning_rate": 0.15, "random_state": 32}}
{"target": 31.974559812545778, "params": {"n_estimators": 3735, "max_depth": 19, "learning_rate": 0.15, "random_state": 32}}
{"target": 31.97460442860921, "params": {"n_estimators": 3025, "max_depth": 9, "learning_rate": 0.15, "random_state": 32}}
{"target": 31.974578345616663, "params": {"n_estimators": 3544, "max_depth": 8, "learning_rate": 0.15, "random_state": 32}}
{"target": 31.974557348887124, "params": {"n_estimators": 3874, "max_depth": 23, "learning_rate": 0.15, "random_state": 32}}
{"target": 31.974557348887124, "params": {"n_estimators": 2127, "max_depth": 30, "learning_rate": 0.15, "random_state": 32}}
{"target": 31.974557348887124, "params": {"n_estimators": 3728, "max_depth": 25, "learning_rate": 0.15, "random_state": 32}}
{"target": 31.974578456878664, "params": {"n_estimators": 3721, "max_depth": 3, "learning_rate": 0.15, "random_state": 32}}
{"target": 31.974593890508014, "params": {"n_estimators": 3004, "max_depth": 6, "learning_rate": 0.15, "random_state": 32}}
{"target": 31.974604651133216, "params": {"n_estimators": 3124, "max_depth": 5, "learning_rate": 0.15, "random_state": 32}}
{"target": 31.99465771993001, "params": {"n_estimators": 131, "max_depth": 8, "learning_rate": 0.15, "random_state": 32}}
{"target": 31.974557348887124, "params": {"n_estimators": 2530, "max_depth": 26, "learning_rate": 0.15, "random_state": 32}}
{"target": 31.974557348887124, "params": {"n_estimators": 3069, "max_depth": 26, "learning_rate": 0.15, "random_state": 32}}
{"target": 31.974557348887124, "params": {"n_estimators": 2499, "max_depth": 25, "learning_rate": 0.15, "random_state": 32}}
{"target": 31.97460442860921, "params": {"n_estimators": 4882, "max_depth": 9, "learning_rate": 0.15, "random_state": 32}}
{"target": 31.974746430714923, "params": {"n_estimators": 1343, "max_depth": 4, "learning_rate": 0.15, "random_state": 32}}
{"target": 31.974555298487342, "params": {"n_estimators": 4895, "max_depth": 12, "learning_rate": 0.15, "random_state": 32}}
{"target": 31.974557348887124, "params": {"n_estimators": 2065, "max_depth": 30, "learning_rate": 0.15, "random_state": 32}}
{"target": 31.974557348887124, "params": {"n_estimators": 1710, "max_depth": 24, "learning_rate": 0.15, "random_state": 32}}
{"target": 31.974557348887124, "params": {"n_estimators": 2599, "max_depth": 29, "learning_rate": 0.15, "random_state": 32}}
{"target": 31.974556760787966, "params": {"n_estimators": 4960, "max_depth": 13, "learning_rate": 0.15, "random_state": 32}}
{"target": 31.974557348887124, "params": {"n_estimators": 3427, "max_depth": 27, "learning_rate": 0.15, "random_state": 32}}
{"target": 31.974557348887124, "params": {"n_estimators": 4675, "max_depth": 25, "learning_rate": 0.15, "random_state": 32}}
{"target": 31.97460442860921, "params": {"n_estimators": 4772, "max_depth": 9, "learning_rate": 0.15, "random_state": 32}}
{"target": 31.974555298487342, "params": {"n_estimators": 2479, "max_depth": 12, "learning_rate": 0.15, "random_state": 32}}
{"target": 31.974578345616663, "params": {"n_estimators": 4487, "max_depth": 8, "learning_rate": 0.15, "random_state": 32}}
{"target": 31.97455068906148, "params": {"n_estimators": 3881, "max_depth": 16, "learning_rate": 0.15, "random_state": 32}}
{"target": 31.974555854797366, "params": {"n_estimators": 4586, "max_depth": 18, "learning_rate": 0.15, "random_state": 32}}
{"target": 31.97458103179931, "params": {"n_estimators": 790, "max_depth": 11, "learning_rate": 0.15, "random_state": 32}}
{"target": 31.974556792577108, "params": {"n_estimators": 225, "max_depth": 27, "learning_rate": 0.15, "random_state": 32}}
{"target": 31.97455068906148, "params": {"n_estimators": 1090, "max_depth": 16, "learning_rate": 0.15, "random_state": 32}}
{"target": 31.974557348887124, "params": {"n_estimators": 4653, "max_depth": 29, "learning_rate": 0.15, "random_state": 32}}
{"target": 31.974561052322382, "params": {"n_estimators": 2347, "max_depth": 15, "learning_rate": 0.15, "random_state": 32}}
{"target": 31.974604651133216, "params": {"n_estimators": 4137, "max_depth": 5, "learning_rate": 0.15, "random_state": 32}}
{"target": 31.974560543696082, "params": {"n_estimators": 438, "max_depth": 15, "learning_rate": 0.15, "random_state": 32}}
{"target": 31.974555600484212, "params": {"n_estimators": 1145, "max_depth": 18, "learning_rate": 0.15, "random_state": 32}}
{"target": 31.974561052322382, "params": {"n_estimators": 2596, "max_depth": 15, "learning_rate": 0.15, "random_state": 32}}
{"target": 31.974561052322382, "params": {"n_estimators": 2977, "max_depth": 15, "learning_rate": 0.15, "random_state": 32}}
{"target": 31.974548670450844, "params": {"n_estimators": 820, "max_depth": 17, "learning_rate": 0.15, "random_state": 32}}
{"target": 31.974555600484212, "params": {"n_estimators": 1105, "max_depth": 18, "learning_rate": 0.15, "random_state": 32}}
{"target": 31.97455068906148, "params": {"n_estimators": 1530, "max_depth": 16, "learning_rate": 0.15, "random_state": 32}}
{"target": 31.974551912943518, "params": {"n_estimators": 249, "max_depth": 18, "learning_rate": 0.15, "random_state": 32}}
{"target": 31.97454703330994, "params": {"n_estimators": 1528, "max_depth": 14, "learning_rate": 0.15, "random_state": 32}}
{"target": 31.97454911549886, "params": {"n_estimators": 134, "max_depth": 18, "learning_rate": 0.15, "random_state": 32}}
{"target": 31.974548225402835, "params": {"n_estimators": 285, "max_depth": 17, "learning_rate": 0.15, "random_state": 32}}
{"target": 31.97455068906148, "params": {"n_estimators": 3522, "max_depth": 16, "learning_rate": 0.15, "random_state": 32}}
{"target": 31.97455068906148, "params": {"n_estimators": 3797, "max_depth": 16, "learning_rate": 0.15, "random_state": 32}}
{"target": 31.974556713104242, "params": {"n_estimators": 295, "max_depth": 20, "learning_rate": 0.15, "random_state": 32}}
{"target": 31.974559478759765, "params": {"n_estimators": 181, "max_depth": 19, "learning_rate": 0.15, "random_state": 32}}
{"target": 31.974555298487342, "params": {"n_estimators": 1630, "max_depth": 12, "learning_rate": 0.15, "random_state": 32}}
{"target": 31.974548225402835, "params": {"n_estimators": 238, "max_depth": 17, "learning_rate": 0.15, "random_state": 32}}
{"target": 31.974547287623086, "params": {"n_estimators": 1676, "max_depth": 14, "learning_rate": 0.15, "random_state": 32}}
{"target": 31.97455280303955, "params": {"n_estimators": 363, "max_depth": 18, "learning_rate": 0.15, "random_state": 32}}
{"target": 31.974555362065633, "params": {"n_estimators": 288, "max_depth": 13, "learning_rate": 0.15, "random_state": 32}}
{"target": 31.974560798009236, "params": {"n_estimators": 599, "max_depth": 15, "learning_rate": 0.15, "random_state": 32}}
{"target": 31.974546874364215, "params": {"n_estimators": 607, "max_depth": 14, "learning_rate": 0.15, "random_state": 32}}
{"target": 31.974536383946734, "params": {"n_estimators": 105, "max_depth": 14, "learning_rate": 0.15, "random_state": 32}}
{"target": 31.97455466270447, "params": {"n_estimators": 204, "max_depth": 13, "learning_rate": 0.15, "random_state": 32}}
{"target": 31.974555362065633, "params": {"n_estimators": 332, "max_depth": 13, "learning_rate": 0.15, "random_state": 32}}
{"target": 31.974556760787966, "params": {"n_estimators": 1337, "max_depth": 13, "learning_rate": 0.15, "random_state": 32}}
{"target": 31.974555298487342, "params": {"n_estimators": 1265, "max_depth": 12, "learning_rate": 0.15, "random_state": 32}}
{"target": 31.97458103179931, "params": {"n_estimators": 1596, "max_depth": 11, "learning_rate": 0.15, "random_state": 32}}
{"target": 31.974556760787966, "params": {"n_estimators": 1462, "max_depth": 13, "learning_rate": 0.15, "random_state": 32}}
{"target": 31.97454652468364, "params": {"n_estimators": 123, "max_depth": 14, "learning_rate": 0.15, "random_state": 32}}
{"target": 31.974578345616663, "params": {"n_estimators": 1588, "max_depth": 8, "learning_rate": 0.15, "random_state": 32}}
{"target": 31.97460442860921, "params": {"n_estimators": 1623, "max_depth": 9, "learning_rate": 0.15, "random_state": 32}}
{"target": 31.974554996490475, "params": {"n_estimators": 151, "max_depth": 15, "learning_rate": 0.15, "random_state": 32}}
{"target": 31.97455053011576, "params": {"n_estimators": 142, "max_depth": 17, "learning_rate": 0.15, "random_state": 32}}
{"target": 31.974555298487342, "params": {"n_estimators": 1485, "max_depth": 12, "learning_rate": 0.15, "random_state": 32}}
{"target": 32.02052329063415, "params": {"n_estimators": 153, "max_depth": 6, "learning_rate": 0.15, "random_state": 32}}
{"target": 31.975289945602412, "params": {"n_estimators": 150, "max_depth": 10, "learning_rate": 0.15, "random_state": 32}}
{"target": 31.97454873402914, "params": {"n_estimators": 154, "max_depth": 14, "learning_rate": 0.15, "random_state": 32}}
{"target": 31.974555298487342, "params": {"n_estimators": 251, "max_depth": 12, "learning_rate": 0.15, "random_state": 32}}
{"target": 31.97454097747803, "params": {"n_estimators": 128, "max_depth": 13, "learning_rate": 0.15, "random_state": 32}}
{"target": 31.97458802541097, "params": {"n_estimators": 298, "max_depth": 10, "learning_rate": 0.15, "random_state": 32}}
{"target": 31.97480069478353, "params": {"n_estimators": 386, "max_depth": 8, "learning_rate": 0.15, "random_state": 32}}
{"target": 31.97455466270447, "params": {"n_estimators": 205, "max_depth": 13, "learning_rate": 0.15, "random_state": 32}}
{"target": 31.974557348887124, "params": {"n_estimators": 1178, "max_depth": 20, "learning_rate": 0.15, "random_state": 32}}
{"target": 31.974557348887124, "params": {"n_estimators": 1243, "max_depth": 20, "learning_rate": 0.15, "random_state": 32}}
{"target": 31.974559812545778, "params": {"n_estimators": 1400, "max_depth": 19, "learning_rate": 0.15, "random_state": 32}}
{"target": 31.974555854797366, "params": {"n_estimators": 1595, "max_depth": 18, "learning_rate": 0.15, "random_state": 32}}
{"target": 31.97455043474833, "params": {"n_estimators": 846, "max_depth": 16, "learning_rate": 0.15, "random_state": 32}}
{"target": 31.97455043474833, "params": {"n_estimators": 828, "max_depth": 16, "learning_rate": 0.15, "random_state": 32}}
{"target": 31.974557348887124, "params": {"n_estimators": 2017, "max_depth": 20, "learning_rate": 0.15, "random_state": 32}}
{"target": 31.974557348887124, "params": {"n_estimators": 1347, "max_depth": 22, "learning_rate": 0.15, "random_state": 32}}
{"target": 31.97454873402914, "params": {"n_estimators": 176, "max_depth": 14, "learning_rate": 0.15, "random_state": 32}}
{"target": 31.97455067316691, "params": {"n_estimators": 205, "max_depth": 16, "learning_rate": 0.15, "random_state": 32}}
{"target": 31.974560798009236, "params": {"n_estimators": 701, "max_depth": 15, "learning_rate": 0.15, "random_state": 32}}
{"target": 31.97455863634745, "params": {"n_estimators": 271, "max_depth": 15, "learning_rate": 0.15, "random_state": 32}}
{"target": 31.974547192255653, "params": {"n_estimators": 1064, "max_depth": 14, "learning_rate": 0.15, "random_state": 32}}
{"target": 31.974560543696082, "params": {"n_estimators": 286, "max_depth": 15, "learning_rate": 0.15, "random_state": 32}}
{"target": 31.97455167452494, "params": {"n_estimators": 202, "max_depth": 18, "learning_rate": 0.15, "random_state": 32}}
{"target": 31.974556792577108, "params": {"n_estimators": 228, "max_depth": 23, "learning_rate": 0.15, "random_state": 32}}
{"target": 31.974556713104242, "params": {"n_estimators": 298, "max_depth": 21, "learning_rate": 0.15, "random_state": 32}}
{"target": 31.974556840260824, "params": {"n_estimators": 437, "max_depth": 22, "learning_rate": 0.15, "random_state": 32}}
{"target": 31.974547192255653, "params": {"n_estimators": 1251, "max_depth": 14, "learning_rate": 0.15, "random_state": 32}}
{"target": 31.974556760787966, "params": {"n_estimators": 1142, "max_depth": 13, "learning_rate": 0.15, "random_state": 32}}
{"target": 31.974556506474812, "params": {"n_estimators": 987, "max_depth": 13, "learning_rate": 0.15, "random_state": 32}}
{"target": 31.974547192255653, "params": {"n_estimators": 1185, "max_depth": 14, "learning_rate": 0.15, "random_state": 32}}
{"target": 31.974556760787966, "params": {"n_estimators": 1128, "max_depth": 13, "learning_rate": 0.15, "random_state": 32}}
{"target": 31.974561052322382, "params": {"n_estimators": 1478, "max_depth": 15, "learning_rate": 0.15, "random_state": 32}}
{"target": 31.974561052322382, "params": {"n_estimators": 1481, "max_depth": 15, "learning_rate": 0.15, "random_state": 32}}
{"target": 31.974561052322382, "params": {"n_estimators": 1826, "max_depth": 15, "learning_rate": 0.15, "random_state": 32}}
{"target": 31.974547287623086, "params": {"n_estimators": 2119, "max_depth": 14, "learning_rate": 0.15, "random_state": 32}}
{"target": 31.974548670450844, "params": {"n_estimators": 1933, "max_depth": 17, "learning_rate": 0.15, "random_state": 32}}
{"target": 31.974561052322382, "params": {"n_estimators": 2185, "max_depth": 15, "learning_rate": 0.15, "random_state": 32}}
{"target": 31.974547287623086, "params": {"n_estimators": 1744, "max_depth": 14, "learning_rate": 0.15, "random_state": 32}}
{"target": 31.974547287623086, "params": {"n_estimators": 2089, "max_depth": 14, "learning_rate": 0.15, "random_state": 32}}
{"target": 31.974555298487342, "params": {"n_estimators": 2254, "max_depth": 12, "learning_rate": 0.15, "random_state": 32}}
{"target": 31.974547287623086, "params": {"n_estimators": 2061, "max_depth": 14, "learning_rate": 0.15, "random_state": 32}}
{"target": 31.974561052322382, "params": {"n_estimators": 1851, "max_depth": 15, "learning_rate": 0.15, "random_state": 32}}
{"target": 31.974555298487342, "params": {"n_estimators": 1888, "max_depth": 12, "learning_rate": 0.15, "random_state": 32}}
{"target": 31.974607003529865, "params": {"n_estimators": 2342, "max_depth": 7, "learning_rate": 0.15, "random_state": 32}}
{"target": 31.97458103179931, "params": {"n_estimators": 1954, "max_depth": 11, "learning_rate": 0.15, "random_state": 32}}
{"target": 31.974578345616663, "params": {"n_estimators": 2411, "max_depth": 8, "learning_rate": 0.15, "random_state": 32}}
{"target": 31.974555298487342, "params": {"n_estimators": 2297, "max_depth": 12, "learning_rate": 0.15, "random_state": 32}}
{"target": 31.974555298487342, "params": {"n_estimators": 2726, "max_depth": 12, "learning_rate": 0.15, "random_state": 32}}
{"target": 31.974578345616663, "params": {"n_estimators": 2373, "max_depth": 8, "learning_rate": 0.15, "random_state": 32}}
{"target": 31.97458103179931, "params": {"n_estimators": 2434, "max_depth": 11, "learning_rate": 0.15, "random_state": 32}}
{"target": 31.974547287623086, "params": {"n_estimators": 2371, "max_depth": 14, "learning_rate": 0.15, "random_state": 32}}
{"target": 31.97458802541097, "params": {"n_estimators": 1011, "max_depth": 10, "learning_rate": 0.15, "random_state": 32}}
{"target": 31.974547287623086, "params": {"n_estimators": 2841, "max_depth": 14, "learning_rate": 0.15, "random_state": 32}}
{"target": 31.974556760787966, "params": {"n_estimators": 1158, "max_depth": 13, "learning_rate": 0.15, "random_state": 32}}
{"target": 31.974548670450844, "params": {"n_estimators": 2410, "max_depth": 17, "learning_rate": 0.15, "random_state": 32}}
{"target": 31.974556760787966, "params": {"n_estimators": 1421, "max_depth": 13, "learning_rate": 0.15, "random_state": 32}}
{"target": 31.974561052322382, "params": {"n_estimators": 1687, "max_depth": 15, "learning_rate": 0.15, "random_state": 32}}
{"target": 31.97455068906148, "params": {"n_estimators": 2356, "max_depth": 16, "learning_rate": 0.15, "random_state": 32}}
{"target": 31.974547287623086, "params": {"n_estimators": 1831, "max_depth": 14, "learning_rate": 0.15, "random_state": 32}}
{"target": 31.974555854797366, "params": {"n_estimators": 2839, "max_depth": 18, "learning_rate": 0.15, "random_state": 32}}
{"target": 31.974556760787966, "params": {"n_estimators": 1502, "max_depth": 13, "learning_rate": 0.15, "random_state": 32}}
{"target": 31.974561052322382, "params": {"n_estimators": 1636, "max_depth": 15, "learning_rate": 0.15, "random_state": 32}}
{"target": 31.97458103179931, "params": {"n_estimators": 833, "max_depth": 11, "learning_rate": 0.15, "random_state": 32}}
{"target": 31.97458103179931, "params": {"n_estimators": 869, "max_depth": 11, "learning_rate": 0.15, "random_state": 32}}
{"target": 31.974555854797366, "params": {"n_estimators": 2797, "max_depth": 18, "learning_rate": 0.15, "random_state": 32}}
{"target": 31.974556760787966, "params": {"n_estimators": 2915, "max_depth": 13, "learning_rate": 0.15, "random_state": 32}}
{"target": 31.97455068906148, "params": {"n_estimators": 2759, "max_depth": 16, "learning_rate": 0.15, "random_state": 32}}
{"target": 31.974556760787966, "params": {"n_estimators": 3096, "max_depth": 13, "learning_rate": 0.15, "random_state": 32}}
{"target": 31.974547287623086, "params": {"n_estimators": 3085, "max_depth": 14, "learning_rate": 0.15, "random_state": 32}}
{"target": 31.974547192255653, "params": {"n_estimators": 1099, "max_depth": 14, "learning_rate": 0.15, "random_state": 32}}
{"target": 31.974556760787966, "params": {"n_estimators": 3730, "max_depth": 13, "learning_rate": 0.15, "random_state": 32}}
{"target": 31.974556506474812, "params": {"n_estimators": 906, "max_depth": 13, "learning_rate": 0.15, "random_state": 32}}
{"target": 31.97455068906148, "params": {"n_estimators": 1176, "max_depth": 16, "learning_rate": 0.15, "random_state": 32}}
{"target": 31.97455068906148, "params": {"n_estimators": 1103, "max_depth": 16, "learning_rate": 0.15, "random_state": 32}}
{"target": 31.97455068906148, "params": {"n_estimators": 1362, "max_depth": 16, "learning_rate": 0.15, "random_state": 32}}
{"target": 31.97455043474833, "params": {"n_estimators": 920, "max_depth": 16, "learning_rate": 0.15, "random_state": 32}}
{"target": 31.974547192255653, "params": {"n_estimators": 929, "max_depth": 14, "learning_rate": 0.15, "random_state": 32}}
{"target": 31.97455068906148, "params": {"n_estimators": 2090, "max_depth": 16, "learning_rate": 0.15, "random_state": 32}}
{"target": 31.97455068906148, "params": {"n_estimators": 1545, "max_depth": 16, "learning_rate": 0.15, "random_state": 32}}
{"target": 31.974735765457154, "params": {"n_estimators": 157, "max_depth": 11, "learning_rate": 0.15, "random_state": 32}}
