[I 2025-07-18 04:25:31,841] Trial 652 finished with value: 22.035841733614607 and parameters: {'n_estimators': 504, 'max_depth': 22}. Best is trial 60 with value: 22.034135239919028.
trail number 663
[I 2025-07-18 04:25:31,887] Trial 663 finished with value: 26.0810078048706 and parameters: {'n_estimators': 10, 'max_depth': 20}. Best is trial 60 with value: 22.034135239919028.
trail number 665
[I 2025-07-18 04:25:32,592] Trial 665 finished with value: 23.111751225789387 and parameters: {'n_estimators': 16, 'max_depth': 23}. Best is trial 60 with value: 22.034135239919028.
trail number 645
[I 2025-07-18 04:25:32,723] Trial 645 finished with value: 22.03584035078685 and parameters: {'n_estimators': 3100, 'max_depth': 21}. Best is trial 60 with value: 22.034135239919028.
trail number 661
[I 2025-07-18 04:25:36,474] Trial 661 finished with value: 22.035841733614607 and parameters: {'n_estimators': 490, 'max_depth': 21}. Best is trial 60 with value: 22.034135239919028.
trail number 664
[I 2025-07-18 04:25:37,691] Trial 664 finished with value: 22.035847892761232 and parameters: {'n_estimators': 598, 'max_depth': 18}. Best is trial 60 with value: 22.034135239919028.
trail number 666
[I 2025-07-18 04:25:38,752] Trial 666 finished with value: 22.035841733614607 and parameters: {'n_estimators': 639, 'max_depth': 27}. Best is trial 60 with value: 22.034135239919028.
trail number 667
[I 2025-07-18 04:25:39,049] Trial 667 finished with value: 22.035841733614607 and parameters: {'n_estimators': 596, 'max_depth': 27}. Best is trial 60 with value: 22.034135239919028.
trail number 668
[I 2025-07-18 04:25:39,637] Trial 668 finished with value: 22.035847892761232 and parameters: {'n_estimators': 729, 'max_depth': 18}. Best is trial 60 with value: 22.034135239919028.
trail number 662
[I 2025-07-18 04:25:39,725] Trial 662 finished with value: 22.03584035078685 and parameters: {'n_estimators': 1240, 'max_depth': 27}. Best is trial 60 with value: 22.034135239919028.
trail number 672
[I 2025-07-18 04:25:39,984] Trial 672 finished with value: 22.45101548194885 and parameters: {'n_estimators': 19, 'max_depth': 23}. Best is trial 60 with value: 22.034135239919028.
trail number 675
[I 2025-07-18 04:25:40,726] Trial 675 finished with value: 23.429323819478352 and parameters: {'n_estimators': 15, 'max_depth': 18}. Best is trial 60 with value: 22.034135239919028.
trail number 669
[I 2025-07-18 04:25:43,235] Trial 669 finished with value: 22.035841733614607 and parameters: {'n_estimators': 724, 'max_depth': 28}. Best is trial 60 with value: 22.034135239919028.
trail number 670
[I 2025-07-18 04:25:44,288] Trial 670 finished with value: 22.035841733614607 and parameters: {'n_estimators': 528, 'max_depth': 27}. Best is trial 60 with value: 22.034135239919028.
trail number 671
[I 2025-07-18 04:25:44,902] Trial 671 finished with value: 22.035841733614607 and parameters: {'n_estimators': 576, 'max_depth': 26}. Best is trial 60 with value: 22.034135239919028.
trail number 674
[I 2025-07-18 04:25:45,869] Trial 674 finished with value: 22.035841733614607 and parameters: {'n_estimators': 544, 'max_depth': 26}. Best is trial 60 with value: 22.034135239919028.
trail number 673
[I 2025-07-18 04:25:46,099] Trial 673 finished with value: 22.035841733614607 and parameters: {'n_estimators': 555, 'max_depth': 23}. Best is trial 60 with value: 22.034135239919028.
trail number 679
[I 2025-07-18 04:25:46,139] Trial 679 finished with value: 22.08676982720693 and parameters: {'n_estimators': 26, 'max_depth': 28}. Best is trial 60 with value: 22.034135239919028.
trail number 678
[I 2025-07-18 04:25:46,323] Trial 678 finished with value: 22.035134313901267 and parameters: {'n_estimators': 41, 'max_depth': 23}. Best is trial 60 with value: 22.034135239919028.
trail number 680
[I 2025-07-18 04:25:46,547] Trial 680 finished with value: 24.17564461390177 and parameters: {'n_estimators': 13, 'max_depth': 24}. Best is trial 60 with value: 22.034135239919028.
trail number 676
[I 2025-07-18 04:25:46,699] Trial 676 finished with value: 22.035841733614607 and parameters: {'n_estimators': 548, 'max_depth': 25}. Best is trial 60 with value: 22.034135239919028.
trail number 681
[I 2025-07-18 04:25:46,709] Trial 681 finished with value: 24.63246527353922 and parameters: {'n_estimators': 12, 'max_depth': 22}. Best is trial 60 with value: 22.034135239919028.
trail number 684
[I 2025-07-18 04:25:47,065] Trial 684 finished with value: 25.288416105906165 and parameters: {'n_estimators': 11, 'max_depth': 23}. Best is trial 60 with value: 22.034135239919028.
trail number 683
[I 2025-07-18 04:25:47,090] Trial 683 finished with value: 22.630947901407875 and parameters: {'n_estimators': 18, 'max_depth': 25}. Best is trial 60 with value: 22.034135239919028.
trail number 687
[I 2025-07-18 04:25:47,975] Trial 687 finished with value: 22.45101548194885 and parameters: {'n_estimators': 19, 'max_depth': 27}. Best is trial 60 with value: 22.034135239919028.
trail number 682
[I 2025-07-18 04:25:48,238] Trial 682 finished with value: 22.035133908589682 and parameters: {'n_estimators': 40, 'max_depth': 23}. Best is trial 60 with value: 22.034135239919028.
trail number 686
[I 2025-07-18 04:25:48,541] Trial 686 finished with value: 22.034135239919028 and parameters: {'n_estimators': 37, 'max_depth': 26}. Best is trial 60 with value: 22.034135239919028.
trail number 688
[I 2025-07-18 04:25:48,645] Trial 688 finished with value: 22.037306764920555 and parameters: {'n_estimators': 34, 'max_depth': 17}. Best is trial 60 with value: 22.034135239919028.
trail number 677
[I 2025-07-18 04:25:49,811] Trial 677 finished with value: 22.035841733614607 and parameters: {'n_estimators': 584, 'max_depth': 25}. Best is trial 60 with value: 22.034135239919028.
trail number 685
[I 2025-07-18 04:25:53,135] Trial 685 finished with value: 22.035841733614607 and parameters: {'n_estimators': 546, 'max_depth': 22}. Best is trial 60 with value: 22.034135239919028.
trail number 689
[I 2025-07-18 04:25:53,655] Trial 689 finished with value: 22.035850936571755 and parameters: {'n_estimators': 553, 'max_depth': 19}. Best is trial 60 with value: 22.034135239919028.
trail number 690
[I 2025-07-18 04:25:54,425] Trial 690 finished with value: 22.035847892761232 and parameters: {'n_estimators': 510, 'max_depth': 18}. Best is trial 60 with value: 22.034135239919028.
trail number 692
[I 2025-07-18 04:25:54,898] Trial 692 finished with value: 22.035847225189208 and parameters: {'n_estimators': 583, 'max_depth': 20}. Best is trial 60 with value: 22.034135239919028.
trail number 691
[I 2025-07-18 04:25:55,247] Trial 691 finished with value: 22.03585398832957 and parameters: {'n_estimators': 644, 'max_depth': 19}. Best is trial 60 with value: 22.034135239919028.
trail number 695
[I 2025-07-18 04:25:55,442] Trial 695 finished with value: 22.034941754341126 and parameters: {'n_estimators': 39, 'max_depth': 19}. Best is trial 60 with value: 22.034135239919028.
trail number 693
[I 2025-07-18 04:25:56,732] Trial 693 finished with value: 22.035841733614607 and parameters: {'n_estimators': 644, 'max_depth': 21}. Best is trial 60 with value: 22.034135239919028.
trail number 694
[I 2025-07-18 04:25:59,721] Trial 694 finished with value: 22.035847225189208 and parameters: {'n_estimators': 568, 'max_depth': 20}. Best is trial 60 with value: 22.034135239919028.
trail number 696
[I 2025-07-18 04:26:00,563] Trial 696 finished with value: 22.035847225189208 and parameters: {'n_estimators': 505, 'max_depth': 20}. Best is trial 60 with value: 22.034135239919028.
trail number 697
[I 2025-07-18 04:26:01,790] Trial 697 finished with value: 22.035852073033652 and parameters: {'n_estimators': 868, 'max_depth': 14}. Best is trial 60 with value: 22.034135239919028.
trail number 700
[I 2025-07-18 04:26:03,146] Trial 700 finished with value: 22.035873379707336 and parameters: {'n_estimators': 685, 'max_depth': 15}. Best is trial 60 with value: 22.034135239919028.
trail number 703
[I 2025-07-18 04:26:03,947] Trial 703 finished with value: 22.03574554761251 and parameters: {'n_estimators': 45, 'max_depth': 17}. Best is trial 60 with value: 22.034135239919028.
trail number 701
[I 2025-07-18 04:26:04,805] Trial 701 finished with value: 22.035856722195945 and parameters: {'n_estimators': 345, 'max_depth': 16}. Best is trial 60 with value: 22.034135239919028.
trail number 706
[I 2025-07-18 04:26:06,185] Trial 706 finished with value: 22.047809505462645 and parameters: {'n_estimators': 31, 'max_depth': 18}. Best is trial 60 with value: 22.034135239919028.
trail number 699
[I 2025-07-18 04:26:07,788] Trial 699 finished with value: 22.03585633277893 and parameters: {'n_estimators': 1467, 'max_depth': 8}. Best is trial 60 with value: 22.034135239919028.
trail number 704
[I 2025-07-18 04:26:07,820] Trial 704 finished with value: 22.03584361712138 and parameters: {'n_estimators': 165, 'max_depth': 18}. Best is trial 60 with value: 22.034135239919028.
trail number 702
[I 2025-07-18 04:26:07,939] Trial 702 finished with value: 22.035855124791464 and parameters: {'n_estimators': 983, 'max_depth': 16}. Best is trial 60 with value: 22.034135239919028.
trail number 705
[I 2025-07-18 04:26:08,459] Trial 705 finished with value: 22.03584457874298 and parameters: {'n_estimators': 110, 'max_depth': 19}. Best is trial 60 with value: 22.034135239919028.
trail number 707
[I 2025-07-18 04:26:10,747] Trial 707 finished with value: 22.035827039082847 and parameters: {'n_estimators': 94, 'max_depth': 19}. Best is trial 60 with value: 22.034135239919028.
trail number 710
[I 2025-07-18 04:26:11,276] Trial 710 finished with value: 22.035711914698282 and parameters: {'n_estimators': 65, 'max_depth': 19}. Best is trial 60 with value: 22.034135239919028.
trail number 708
[I 2025-07-18 04:26:12,644] Trial 708 finished with value: 22.03584276676178 and parameters: {'n_estimators': 166, 'max_depth': 20}. Best is trial 60 with value: 22.034135239919028.
trail number 711
[I 2025-07-18 04:26:12,737] Trial 711 finished with value: 22.03576724370321 and parameters: {'n_estimators': 82, 'max_depth': 20}. Best is trial 60 with value: 22.034135239919028.
trail number 712
[I 2025-07-18 04:26:15,119] Trial 712 finished with value: 22.035856650670368 and parameters: {'n_estimators': 176, 'max_depth': 13}. Best is trial 60 with value: 22.034135239919028.
trail number 709
[I 2025-07-18 04:26:16,306] Trial 709 finished with value: 22.035845580101014 and parameters: {'n_estimators': 1277, 'max_depth': 20}. Best is trial 60 with value: 22.034135239919028.
trail number 714
[I 2025-07-18 04:26:16,319] Trial 714 finished with value: 22.036174947420754 and parameters: {'n_estimators': 101, 'max_depth': 12}. Best is trial 60 with value: 22.034135239919028.
trail number 718
[I 2025-07-18 04:26:16,924] Trial 718 finished with value: 24.63246527353922 and parameters: {'n_estimators': 12, 'max_depth': 26}. Best is trial 60 with value: 22.034135239919028.
trail number 698
[I 2025-07-18 04:26:19,292] Trial 698 finished with value: 22.035897873242696 and parameters: {'n_estimators': 3546, 'max_depth': 4}. Best is trial 60 with value: 22.034135239919028.
trail number 713
[I 2025-07-18 04:26:19,430] Trial 713 finished with value: 22.03584035078685 and parameters: {'n_estimators': 1072, 'max_depth': 22}. Best is trial 60 with value: 22.034135239919028.
trail number 715
[I 2025-07-18 04:26:21,302] Trial 715 finished with value: 22.03584035078685 and parameters: {'n_estimators': 1205, 'max_depth': 22}. Best is trial 60 with value: 22.034135239919028.
trail number 716
[I 2025-07-18 04:26:21,876] Trial 716 finished with value: 22.03584217866262 and parameters: {'n_estimators': 767, 'max_depth': 23}. Best is trial 60 with value: 22.034135239919028.
trail number 717
[I 2025-07-18 04:26:22,769] Trial 717 finished with value: 22.035841733614607 and parameters: {'n_estimators': 615, 'max_depth': 24}. Best is trial 60 with value: 22.034135239919028.
trail number 719
[I 2025-07-18 04:26:25,011] Trial 719 finished with value: 22.03584035078685 and parameters: {'n_estimators': 1145, 'max_depth': 23}. Best is trial 60 with value: 22.034135239919028.
trail number 721
[I 2025-07-18 04:26:25,810] Trial 721 finished with value: 22.035841733614607 and parameters: {'n_estimators': 566, 'max_depth': 30}. Best is trial 60 with value: 22.034135239919028.
trail number 725
[I 2025-07-18 04:26:25,940] Trial 725 finished with value: 22.301476224263507 and parameters: {'n_estimators': 20, 'max_depth': 22}. Best is trial 60 with value: 22.034135239919028.
trail number 722
[I 2025-07-18 04:26:27,984] Trial 722 finished with value: 22.035841733614607 and parameters: {'n_estimators': 669, 'max_depth': 23}. Best is trial 60 with value: 22.034135239919028.
trail number 723
[I 2025-07-18 04:26:28,053] Trial 723 finished with value: 22.035841733614607 and parameters: {'n_estimators': 566, 'max_depth': 24}. Best is trial 60 with value: 22.034135239919028.
trail number 726
[I 2025-07-18 04:26:28,418] Trial 726 finished with value: 22.03554158846537 and parameters: {'n_estimators': 54, 'max_depth': 30}. Best is trial 60 with value: 22.034135239919028.
trail number 720
[I 2025-07-18 04:26:28,506] Trial 720 finished with value: 22.03584035078685 and parameters: {'n_estimators': 1310, 'max_depth': 26}. Best is trial 60 with value: 22.034135239919028.
trail number 729
[I 2025-07-18 04:26:29,059] Trial 729 finished with value: 22.217544433275854 and parameters: {'n_estimators': 21, 'max_depth': 27}. Best is trial 60 with value: 22.034135239919028.
trail number 732
[I 2025-07-18 04:26:30,160] Trial 732 finished with value: 22.16134429772695 and parameters: {'n_estimators': 26, 'max_depth': 13}. Best is trial 60 with value: 22.034135239919028.
trail number 730
[I 2025-07-18 04:26:31,106] Trial 730 finished with value: 22.035576246579488 and parameters: {'n_estimators': 53, 'max_depth': 25}. Best is trial 60 with value: 22.034135239919028.
trail number 724
[I 2025-07-18 04:26:31,541] Trial 724 finished with value: 22.03584035078685 and parameters: {'n_estimators': 1328, 'max_depth': 26}. Best is trial 60 with value: 22.034135239919028.
trail number 731
[I 2025-07-18 04:26:31,774] Trial 731 finished with value: 22.03569036960602 and parameters: {'n_estimators': 59, 'max_depth': 20}. Best is trial 60 with value: 22.034135239919028.
trail number 734
[I 2025-07-18 04:26:31,873] Trial 734 finished with value: 23.111751225789387 and parameters: {'n_estimators': 16, 'max_depth': 25}. Best is trial 60 with value: 22.034135239919028.
trail number 727
[I 2025-07-18 04:26:32,151] Trial 727 finished with value: 22.035841733614607 and parameters: {'n_estimators': 520, 'max_depth': 23}. Best is trial 60 with value: 22.034135239919028.
trail number 736
[I 2025-07-18 04:26:32,967] Trial 736 finished with value: 22.136167647043866 and parameters: {'n_estimators': 23, 'max_depth': 26}. Best is trial 60 with value: 22.034135239919028.
trail number 735
[I 2025-07-18 04:26:33,909] Trial 735 finished with value: 22.035554200808207 and parameters: {'n_estimators': 48, 'max_depth': 21}. Best is trial 60 with value: 22.034135239919028.
trail number 728
[I 2025-07-18 04:26:35,033] Trial 728 finished with value: 22.035841733614607 and parameters: {'n_estimators': 526, 'max_depth': 23}. Best is trial 60 with value: 22.034135239919028.
trail number 741
[I 2025-07-18 04:26:36,131] Trial 741 finished with value: 23.429323819478352 and parameters: {'n_estimators': 15, 'max_depth': 26}. Best is trial 60 with value: 22.034135239919028.
trail number 733
[I 2025-07-18 04:26:37,348] Trial 733 finished with value: 22.035847892761232 and parameters: {'n_estimators': 643, 'max_depth': 18}. Best is trial 60 with value: 22.034135239919028.
trail number 742
[I 2025-07-18 04:26:37,931] Trial 742 finished with value: 22.061360303560896 and parameters: {'n_estimators': 29, 'max_depth': 20}. Best is trial 60 with value: 22.034135239919028.
trail number 744
[I 2025-07-18 04:26:38,541] Trial 744 finished with value: 26.0810078048706 and parameters: {'n_estimators': 10, 'max_depth': 19}. Best is trial 60 with value: 22.034135239919028.
trail number 739
[I 2025-07-18 04:26:38,713] Trial 739 finished with value: 22.035834612846376 and parameters: {'n_estimators': 98, 'max_depth': 21}. Best is trial 60 with value: 22.034135239919028.
trail number 737
[I 2025-07-18 04:26:39,421] Trial 737 finished with value: 22.035847892761232 and parameters: {'n_estimators': 614, 'max_depth': 18}. Best is trial 60 with value: 22.034135239919028.
trail number 738
[I 2025-07-18 04:26:39,750] Trial 738 finished with value: 22.035848139127094 and parameters: {'n_estimators': 652, 'max_depth': 17}. Best is trial 60 with value: 22.034135239919028.
trail number 740
[I 2025-07-18 04:26:41,475] Trial 740 finished with value: 22.035841733614607 and parameters: {'n_estimators': 542, 'max_depth': 30}. Best is trial 60 with value: 22.034135239919028.
trail number 749
[I 2025-07-18 04:26:42,377] Trial 749 finished with value: 22.83553890546163 and parameters: {'n_estimators': 17, 'max_depth': 16}. Best is trial 60 with value: 22.034135239919028.
trail number 743
[I 2025-07-18 04:26:43,332] Trial 743 finished with value: 22.035841733614607 and parameters: {'n_estimators': 538, 'max_depth': 28}. Best is trial 60 with value: 22.034135239919028.
trail number 746
[I 2025-07-18 04:26:44,680] Trial 746 finished with value: 22.035841733614607 and parameters: {'n_estimators': 427, 'max_depth': 27}. Best is trial 60 with value: 22.034135239919028.
trail number 752
[I 2025-07-18 04:26:45,222] Trial 752 finished with value: 24.63246527353922 and parameters: {'n_estimators': 12, 'max_depth': 21}. Best is trial 60 with value: 22.034135239919028.
trail number 745
[I 2025-07-18 04:26:45,345] Trial 745 finished with value: 22.035841733614607 and parameters: {'n_estimators': 532, 'max_depth': 28}. Best is trial 60 with value: 22.034135239919028.
trail number 747
[I 2025-07-18 04:26:45,733] Trial 747 finished with value: 22.035841733614607 and parameters: {'n_estimators': 573, 'max_depth': 26}. Best is trial 60 with value: 22.034135239919028.
trail number 748
[I 2025-07-18 04:26:46,006] Trial 748 finished with value: 22.035841733614607 and parameters: {'n_estimators': 532, 'max_depth': 30}. Best is trial 60 with value: 22.034135239919028.
trail number 750
[I 2025-07-18 04:26:48,866] Trial 750 finished with value: 22.035841733614607 and parameters: {'n_estimators': 606, 'max_depth': 26}. Best is trial 60 with value: 22.034135239919028.
trail number 751
[I 2025-07-18 04:26:49,762] Trial 751 finished with value: 22.035841733614607 and parameters: {'n_estimators': 584, 'max_depth': 22}. Best is trial 60 with value: 22.034135239919028.
trail number 757
[I 2025-07-18 04:26:50,014] Trial 757 finished with value: 22.119041833877567 and parameters: {'n_estimators': 24, 'max_depth': 27}. Best is trial 60 with value: 22.034135239919028.
trail number 754
[I 2025-07-18 04:26:51,466] Trial 754 finished with value: 22.035841733614607 and parameters: {'n_estimators': 556, 'max_depth': 23}. Best is trial 60 with value: 22.034135239919028.
trail number 753
[I 2025-07-18 04:26:51,842] Trial 753 finished with value: 22.035841733614607 and parameters: {'n_estimators': 596, 'max_depth': 23}. Best is trial 60 with value: 22.034135239919028.
trail number 756
[I 2025-07-18 04:26:52,105] Trial 756 finished with value: 22.035841733614607 and parameters: {'n_estimators': 506, 'max_depth': 22}. Best is trial 60 with value: 22.034135239919028.
trail number 760
[I 2025-07-18 04:26:52,311] Trial 760 finished with value: 22.301476224263507 and parameters: {'n_estimators': 20, 'max_depth': 24}. Best is trial 60 with value: 22.034135239919028.
trail number 755
[I 2025-07-18 04:26:52,623] Trial 755 finished with value: 22.035841733614607 and parameters: {'n_estimators': 632, 'max_depth': 22}. Best is trial 60 with value: 22.034135239919028.
trail number 762
[I 2025-07-18 04:26:52,865] Trial 762 finished with value: 22.630947901407875 and parameters: {'n_estimators': 18, 'max_depth': 19}. Best is trial 60 with value: 22.034135239919028.
trail number 765
[I 2025-07-18 04:26:53,373] Trial 765 finished with value: 26.0810078048706 and parameters: {'n_estimators': 10, 'max_depth': 24}. Best is trial 60 with value: 22.034135239919028.
trail number 764
[I 2025-07-18 04:26:53,994] Trial 764 finished with value: 22.054089840253194 and parameters: {'n_estimators': 30, 'max_depth': 30}. Best is trial 60 with value: 22.034135239919028.
trail number 763
[I 2025-07-18 04:26:54,938] Trial 763 finished with value: 22.035560987790426 and parameters: {'n_estimators': 51, 'max_depth': 24}. Best is trial 60 with value: 22.034135239919028.
trail number 768
[I 2025-07-18 04:26:55,420] Trial 768 finished with value: 26.0810078048706 and parameters: {'n_estimators': 10, 'max_depth': 24}. Best is trial 60 with value: 22.034135239919028.
trail number 766
[I 2025-07-18 04:26:55,496] Trial 766 finished with value: 22.03551018079122 and parameters: {'n_estimators': 42, 'max_depth': 21}. Best is trial 60 with value: 22.034135239919028.
trail number 758
[I 2025-07-18 04:26:55,902] Trial 758 finished with value: 22.035841733614607 and parameters: {'n_estimators': 557, 'max_depth': 24}. Best is trial 60 with value: 22.034135239919028.
trail number 759
[I 2025-07-18 04:26:56,060] Trial 759 finished with value: 22.035841733614607 and parameters: {'n_estimators': 466, 'max_depth': 23}. Best is trial 60 with value: 22.034135239919028.
trail number 770
[I 2025-07-18 04:26:56,078] Trial 770 finished with value: 24.63246527353922 and parameters: {'n_estimators': 12, 'max_depth': 22}. Best is trial 60 with value: 22.034135239919028.
trail number 769
[I 2025-07-18 04:26:56,269] Trial 769 finished with value: 22.630947901407875 and parameters: {'n_estimators': 18, 'max_depth': 16}. Best is trial 60 with value: 22.034135239919028.
trail number 761
