nohup: ignoring input
/home/alber/env/lib/python3.11/site-packages/optuna/_experimental.py:32: ExperimentalWarning: Argument ``multivariate`` is an experimental feature. The interface can change in the future.
  warnings.warn(
[I 2025-07-18 04:15:34,118] A new study created in memory with name: no-name-05ed677a-d041-4585-a800-566bd2dbdfde
trail number 1
[I 2025-07-18 04:15:41,519] Trial 1 finished with value: 22.03587155977885 and parameters: {'n_estimators': 804, 'max_depth': 11}. Best is trial 1 with value: 22.03587155977885.
trail number 2
[I 2025-07-18 04:15:41,748] Trial 2 finished with value: 22.035861744880677 and parameters: {'n_estimators': 1079, 'max_depth': 13}. Best is trial 2 with value: 22.035861744880677.
trail number 3
[I 2025-07-18 04:15:46,569] Trial 3 finished with value: 22.03585633277893 and parameters: {'n_estimators': 1543, 'max_depth': 8}. Best is trial 3 with value: 22.03585633277893.
trail number 5
[I 2025-07-18 04:15:47,647] Trial 5 finished with value: 22.035854179064433 and parameters: {'n_estimators': 2741, 'max_depth': 19}. Best is trial 5 with value: 22.035854179064433.
trail number 4
[I 2025-07-18 04:15:48,771] Trial 4 finished with value: 22.03584848880768 and parameters: {'n_estimators': 3086, 'max_depth': 17}. Best is trial 4 with value: 22.03584848880768.
trail number 7
[I 2025-07-18 04:15:50,797] Trial 7 finished with value: 22.035855379104614 and parameters: {'n_estimators': 1426, 'max_depth': 16}. Best is trial 4 with value: 22.03584848880768.
trail number 0
[I 2025-07-18 04:15:50,942] Trial 0 finished with value: 22.035905224482217 and parameters: {'n_estimators': 1880, 'max_depth': 5}. Best is trial 4 with value: 22.03584848880768.
trail number 6
[I 2025-07-18 04:15:53,029] Trial 6 finished with value: 22.03584035078685 and parameters: {'n_estimators': 2039, 'max_depth': 24}. Best is trial 6 with value: 22.03584035078685.
trail number 9
[I 2025-07-18 04:15:57,194] Trial 9 finished with value: 22.035860226949058 and parameters: {'n_estimators': 964, 'max_depth': 9}. Best is trial 6 with value: 22.03584035078685.
trail number 8
[I 2025-07-18 04:16:02,061] Trial 8 finished with value: 22.035852422714235 and parameters: {'n_estimators': 3415, 'max_depth': 14}. Best is trial 6 with value: 22.03584035078685.
trail number 10
[I 2025-07-18 04:16:03,265] Trial 10 finished with value: 22.03584035078685 and parameters: {'n_estimators': 2980, 'max_depth': 21}. Best is trial 6 with value: 22.03584035078685.
trail number 11
[I 2025-07-18 04:16:05,467] Trial 11 finished with value: 22.035860226949058 and parameters: {'n_estimators': 2316, 'max_depth': 9}. Best is trial 6 with value: 22.03584035078685.
trail number 12
[I 2025-07-18 04:16:09,013] Trial 12 finished with value: 22.035845580101014 and parameters: {'n_estimators': 4011, 'max_depth': 20}. Best is trial 6 with value: 22.03584035078685.
trail number 13
[I 2025-07-18 04:16:12,329] Trial 13 finished with value: 22.03588408470154 and parameters: {'n_estimators': 3939, 'max_depth': 10}. Best is trial 6 with value: 22.03584035078685.
trail number 17
[I 2025-07-18 04:16:13,003] Trial 17 finished with value: 22.035840191841125 and parameters: {'n_estimators': 882, 'max_depth': 24}. Best is trial 17 with value: 22.035840191841125.
trail number 14
[I 2025-07-18 04:16:15,746] Trial 14 finished with value: 22.03584035078685 and parameters: {'n_estimators': 4009, 'max_depth': 26}. Best is trial 17 with value: 22.035840191841125.
trail number 15
[I 2025-07-18 04:16:16,065] Trial 15 finished with value: 22.03585633277893 and parameters: {'n_estimators': 1905, 'max_depth': 8}. Best is trial 17 with value: 22.035840191841125.
trail number 19
[I 2025-07-18 04:16:18,715] Trial 19 finished with value: 22.035852073033652 and parameters: {'n_estimators': 737, 'max_depth': 14}. Best is trial 17 with value: 22.035840191841125.
trail number 20
[I 2025-07-18 04:16:20,073] Trial 20 finished with value: 22.035848298072814 and parameters: {'n_estimators': 797, 'max_depth': 17}. Best is trial 17 with value: 22.035840191841125.
trail number 24
[I 2025-07-18 04:16:24,740] Trial 24 finished with value: 22.0358300113678 and parameters: {'n_estimators': 96, 'max_depth': 19}. Best is trial 24 with value: 22.0358300113678.
trail number 18
[I 2025-07-18 04:16:24,917] Trial 18 finished with value: 22.035863270759585 and parameters: {'n_estimators': 3350, 'max_depth': 13}. Best is trial 24 with value: 22.0358300113678.
trail number 21
[I 2025-07-18 04:16:25,307] Trial 21 finished with value: 22.03584035078685 and parameters: {'n_estimators': 1533, 'max_depth': 26}. Best is trial 24 with value: 22.0358300113678.
trail number 22
[I 2025-07-18 04:16:29,004] Trial 22 finished with value: 22.03584035078685 and parameters: {'n_estimators': 2531, 'max_depth': 27}. Best is trial 24 with value: 22.0358300113678.
trail number 16
[I 2025-07-18 04:16:29,358] Trial 16 finished with value: 22.035890776316325 and parameters: {'n_estimators': 4856, 'max_depth': 6}. Best is trial 24 with value: 22.0358300113678.
trail number 23
[I 2025-07-18 04:16:30,724] Trial 23 finished with value: 22.03584035078685 and parameters: {'n_estimators': 2104, 'max_depth': 22}. Best is trial 24 with value: 22.0358300113678.
trail number 28
[I 2025-07-18 04:16:34,922] Trial 28 finished with value: 22.035841733614607 and parameters: {'n_estimators': 423, 'max_depth': 22}. Best is trial 24 with value: 22.0358300113678.
trail number 29
[I 2025-07-18 04:16:39,468] Trial 29 finished with value: 22.035855379104614 and parameters: {'n_estimators': 1769, 'max_depth': 16}. Best is trial 24 with value: 22.0358300113678.
trail number 25
[I 2025-07-18 04:16:40,226] Trial 25 finished with value: 22.035870033899947 and parameters: {'n_estimators': 3202, 'max_depth': 11}. Best is trial 24 with value: 22.0358300113678.
trail number 27
[I 2025-07-18 04:16:40,747] Trial 27 finished with value: 22.03584035078685 and parameters: {'n_estimators': 3026, 'max_depth': 27}. Best is trial 24 with value: 22.0358300113678.
trail number 34
[I 2025-07-18 04:16:46,094] Trial 34 finished with value: 22.035842464764915 and parameters: {'n_estimators': 274, 'max_depth': 22}. Best is trial 24 with value: 22.0358300113678.
trail number 26
[I 2025-07-18 04:16:46,873] Trial 26 finished with value: 22.035870033899947 and parameters: {'n_estimators': 4935, 'max_depth': 11}. Best is trial 24 with value: 22.0358300113678.
trail number 32
[I 2025-07-18 04:16:47,734] Trial 32 finished with value: 22.03587109088898 and parameters: {'n_estimators': 1221, 'max_depth': 12}. Best is trial 24 with value: 22.0358300113678.
trail number 31
[I 2025-07-18 04:16:49,286] Trial 31 finished with value: 22.03584035078685 and parameters: {'n_estimators': 2796, 'max_depth': 22}. Best is trial 24 with value: 22.0358300113678.
trail number 30
[I 2025-07-18 04:16:52,037] Trial 30 finished with value: 22.03584035078685 and parameters: {'n_estimators': 4922, 'max_depth': 27}. Best is trial 24 with value: 22.0358300113678.
trail number 35
[I 2025-07-18 04:16:52,616] Trial 35 finished with value: 22.035841733614607 and parameters: {'n_estimators': 597, 'max_depth': 27}. Best is trial 24 with value: 22.0358300113678.
trail number 36
[I 2025-07-18 04:16:54,932] Trial 36 finished with value: 22.03584035078685 and parameters: {'n_estimators': 1166, 'max_depth': 28}. Best is trial 24 with value: 22.0358300113678.
trail number 37
[I 2025-07-18 04:16:56,209] Trial 37 finished with value: 22.03584035078685 and parameters: {'n_estimators': 1158, 'max_depth': 30}. Best is trial 24 with value: 22.0358300113678.
trail number 38
[I 2025-07-18 04:16:57,904] Trial 38 finished with value: 22.03584035078685 and parameters: {'n_estimators': 1199, 'max_depth': 30}. Best is trial 24 with value: 22.0358300113678.
trail number 42
[I 2025-07-18 04:16:58,788] Trial 42 finished with value: 22.035630963643392 and parameters: {'n_estimators': 57, 'max_depth': 17}. Best is trial 42 with value: 22.035630963643392.
trail number 33
[I 2025-07-18 04:16:59,203] Trial 33 finished with value: 22.035890776316325 and parameters: {'n_estimators': 2604, 'max_depth': 6}. Best is trial 42 with value: 22.035630963643392.
trail number 41
[I 2025-07-18 04:16:59,303] Trial 41 finished with value: 22.03583245118459 and parameters: {'n_estimators': 100, 'max_depth': 17}. Best is trial 42 with value: 22.035630963643392.
trail number 46
[I 2025-07-18 04:17:00,057] Trial 46 finished with value: 22.83553890546163 and parameters: {'n_estimators': 17, 'max_depth': 15}. Best is trial 42 with value: 22.035630963643392.
trail number 39
[I 2025-07-18 04:17:00,091] Trial 39 finished with value: 22.03584035078685 and parameters: {'n_estimators': 1117, 'max_depth': 25}. Best is trial 42 with value: 22.035630963643392.
trail number 45
[I 2025-07-18 04:17:00,309] Trial 45 finished with value: 22.119041833877567 and parameters: {'n_estimators': 24, 'max_depth': 21}. Best is trial 42 with value: 22.035630963643392.
trail number 44
[I 2025-07-18 04:17:03,318] Trial 44 finished with value: 22.0358420753479 and parameters: {'n_estimators': 167, 'max_depth': 17}. Best is trial 42 with value: 22.035630963643392.
trail number 40
[I 2025-07-18 04:17:03,376] Trial 40 finished with value: 22.03584035078685 and parameters: {'n_estimators': 1861, 'max_depth': 30}. Best is trial 42 with value: 22.035630963643392.
trail number 51
[I 2025-07-18 04:17:03,893] Trial 51 finished with value: 24.95243546803792 and parameters: {'n_estimators': 12, 'max_depth': 11}. Best is trial 42 with value: 22.035630963643392.
trail number 49
[I 2025-07-18 04:17:04,419] Trial 49 finished with value: 22.035810039838157 and parameters: {'n_estimators': 90, 'max_depth': 17}. Best is trial 42 with value: 22.035630963643392.
trail number 48
[I 2025-07-18 04:17:05,462] Trial 48 finished with value: 22.035848155021668 and parameters: {'n_estimators': 363, 'max_depth': 17}. Best is trial 42 with value: 22.035630963643392.
trail number 47
[I 2025-07-18 04:17:05,974] Trial 47 finished with value: 22.035847225189208 and parameters: {'n_estimators': 414, 'max_depth': 20}. Best is trial 42 with value: 22.035630963643392.
trail number 43
[I 2025-07-18 04:17:07,160] Trial 43 finished with value: 22.035845580101014 and parameters: {'n_estimators': 1433, 'max_depth': 20}. Best is trial 42 with value: 22.035630963643392.
trail number 55
[I 2025-07-18 04:17:08,757] Trial 55 finished with value: 22.035738768577577 and parameters: {'n_estimators': 69, 'max_depth': 17}. Best is trial 42 with value: 22.035630963643392.
trail number 53
[I 2025-07-18 04:17:09,226] Trial 53 finished with value: 22.035836726824446 and parameters: {'n_estimators': 129, 'max_depth': 18}. Best is trial 42 with value: 22.035630963643392.
trail number 54
[I 2025-07-18 04:17:09,966] Trial 54 finished with value: 22.035841987927757 and parameters: {'n_estimators': 114, 'max_depth': 18}. Best is trial 42 with value: 22.035630963643392.
trail number 56
[I 2025-07-18 04:17:10,620] Trial 56 finished with value: 22.035749044418335 and parameters: {'n_estimators': 72, 'max_depth': 20}. Best is trial 42 with value: 22.035630963643392.
trail number 50
[I 2025-07-18 04:17:10,828] Trial 50 finished with value: 22.035854179064433 and parameters: {'n_estimators': 854, 'max_depth': 19}. Best is trial 42 with value: 22.035630963643392.
trail number 58
[I 2025-07-18 04:17:11,899] Trial 58 finished with value: 22.037741611798605 and parameters: {'n_estimators': 60, 'max_depth': 15}. Best is trial 42 with value: 22.035630963643392.
trail number 52
[I 2025-07-18 04:17:12,147] Trial 52 finished with value: 22.035854179064433 and parameters: {'n_estimators': 1186, 'max_depth': 19}. Best is trial 42 with value: 22.035630963643392.
trail number 60
[I 2025-07-18 04:17:12,488] Trial 60 finished with value: 22.034135239919028 and parameters: {'n_estimators': 37, 'max_depth': 17}. Best is trial 60 with value: 22.034135239919028.
trail number 63
[I 2025-07-18 04:17:13,719] Trial 63 finished with value: 22.04394076983134 and parameters: {'n_estimators': 33, 'max_depth': 18}. Best is trial 60 with value: 22.034135239919028.
trail number 57
[I 2025-07-18 04:17:13,863] Trial 57 finished with value: 22.035857040087382 and parameters: {'n_estimators': 252, 'max_depth': 16}. Best is trial 60 with value: 22.034135239919028.
trail number 59
[I 2025-07-18 04:17:14,222] Trial 59 finished with value: 22.035853781700133 and parameters: {'n_estimators': 180, 'max_depth': 16}. Best is trial 60 with value: 22.034135239919028.
trail number 64
[I 2025-07-18 04:17:14,537] Trial 64 finished with value: 22.03551018079122 and parameters: {'n_estimators': 42, 'max_depth': 23}. Best is trial 60 with value: 22.034135239919028.
trail number 67
[I 2025-07-18 04:17:14,753] Trial 67 finished with value: 26.0810078048706 and parameters: {'n_estimators': 10, 'max_depth': 21}. Best is trial 60 with value: 22.034135239919028.
trail number 61
[I 2025-07-18 04:17:15,120] Trial 61 finished with value: 22.035849585533143 and parameters: {'n_estimators': 127, 'max_depth': 14}. Best is trial 60 with value: 22.034135239919028.
trail number 66
[I 2025-07-18 04:17:16,155] Trial 66 finished with value: 22.035590019226074 and parameters: {'n_estimators': 45, 'max_depth': 22}. Best is trial 60 with value: 22.034135239919028.
trail number 62
[I 2025-07-18 04:17:16,571] Trial 62 finished with value: 22.035854171117148 and parameters: {'n_estimators': 229, 'max_depth': 16}. Best is trial 60 with value: 22.034135239919028.
trail number 70
[I 2025-07-18 04:17:17,035] Trial 70 finished with value: 22.034941754341126 and parameters: {'n_estimators': 39, 'max_depth': 27}. Best is trial 60 with value: 22.034135239919028.
trail number 65
[I 2025-07-18 04:17:17,126] Trial 65 finished with value: 22.035714116096496 and parameters: {'n_estimators': 66, 'max_depth': 22}. Best is trial 60 with value: 22.034135239919028.
trail number 71
[I 2025-07-18 04:17:17,968] Trial 71 finished with value: 22.034941754341126 and parameters: {'n_estimators': 39, 'max_depth': 25}. Best is trial 60 with value: 22.034135239919028.
trail number 68
[I 2025-07-18 04:17:18,958] Trial 68 finished with value: 22.035838872591654 and parameters: {'n_estimators': 100, 'max_depth': 21}. Best is trial 60 with value: 22.034135239919028.
trail number 74
[I 2025-07-18 04:17:19,360] Trial 74 finished with value: 22.03556056658427 and parameters: {'n_estimators': 47, 'max_depth': 24}. Best is trial 60 with value: 22.034135239919028.
trail number 69
[I 2025-07-18 04:17:19,695] Trial 69 finished with value: 22.03584268728892 and parameters: {'n_estimators': 246, 'max_depth': 25}. Best is trial 60 with value: 22.034135239919028.
trail number 75
[I 2025-07-18 04:17:19,989] Trial 75 finished with value: 22.035134313901267 and parameters: {'n_estimators': 41, 'max_depth': 26}. Best is trial 60 with value: 22.034135239919028.
trail number 78
[I 2025-07-18 04:17:20,364] Trial 78 finished with value: 23.429323819478352 and parameters: {'n_estimators': 15, 'max_depth': 27}. Best is trial 60 with value: 22.034135239919028.
trail number 72
[I 2025-07-18 04:17:22,249] Trial 72 finished with value: 22.035841852823893 and parameters: {'n_estimators': 351, 'max_depth': 25}. Best is trial 60 with value: 22.034135239919028.
trail number 73
[I 2025-07-18 04:17:22,406] Trial 73 finished with value: 22.035842186609905 and parameters: {'n_estimators': 309, 'max_depth': 30}. Best is trial 60 with value: 22.034135239919028.
trail number 76
[I 2025-07-18 04:17:22,459] Trial 76 finished with value: 22.035751190185547 and parameters: {'n_estimators': 78, 'max_depth': 26}. Best is trial 60 with value: 22.034135239919028.
trail number 77
[I 2025-07-18 04:17:22,737] Trial 77 finished with value: 22.035695583025618 and parameters: {'n_estimators': 61, 'max_depth': 28}. Best is trial 60 with value: 22.034135239919028.
trail number 84
[I 2025-07-18 04:17:24,012] Trial 84 finished with value: 22.09920896689097 and parameters: {'n_estimators': 25, 'max_depth': 26}. Best is trial 60 with value: 22.034135239919028.
trail number 80
[I 2025-07-18 04:17:24,338] Trial 80 finished with value: 22.035786078770954 and parameters: {'n_estimators': 86, 'max_depth': 28}. Best is trial 60 with value: 22.034135239919028.
trail number 83
[I 2025-07-18 04:17:24,369] Trial 83 finished with value: 22.035134313901267 and parameters: {'n_estimators': 41, 'max_depth': 26}. Best is trial 60 with value: 22.034135239919028.
trail number 82
[I 2025-07-18 04:17:24,463] Trial 82 finished with value: 22.035272850990296 and parameters: {'n_estimators': 43, 'max_depth': 28}. Best is trial 60 with value: 22.034135239919028.
trail number 85
[I 2025-07-18 04:17:24,839] Trial 85 finished with value: 23.111751225789387 and parameters: {'n_estimators': 16, 'max_depth': 26}. Best is trial 60 with value: 22.034135239919028.
trail number 86
[I 2025-07-18 04:17:25,661] Trial 86 finished with value: 22.06674558321635 and parameters: {'n_estimators': 28, 'max_depth': 27}. Best is trial 60 with value: 22.034135239919028.
trail number 79
[I 2025-07-18 04:17:25,954] Trial 79 finished with value: 22.035841733614607 and parameters: {'n_estimators': 451, 'max_depth': 28}. Best is trial 60 with value: 22.034135239919028.
trail number 88
[I 2025-07-18 04:17:26,105] Trial 88 finished with value: 22.042441736857096 and parameters: {'n_estimators': 32, 'max_depth': 27}. Best is trial 60 with value: 22.034135239919028.
trail number 87
[I 2025-07-18 04:17:26,197] Trial 87 finished with value: 22.03445998191834 and parameters: {'n_estimators': 36, 'max_depth': 25}. Best is trial 60 with value: 22.034135239919028.
trail number 81
[I 2025-07-18 04:17:26,262] Trial 81 finished with value: 22.035751190185547 and parameters: {'n_estimators': 78, 'max_depth': 30}. Best is trial 60 with value: 22.034135239919028.
trail number 89
[I 2025-07-18 04:17:27,143] Trial 89 finished with value: 22.035590019226074 and parameters: {'n_estimators': 45, 'max_depth': 25}. Best is trial 60 with value: 22.034135239919028.
trail number 93
[I 2025-07-18 04:17:32,618] Trial 93 finished with value: 22.051367853482567 and parameters: {'n_estimators': 588, 'max_depth': 4}. Best is trial 60 with value: 22.034135239919028.
trail number 90
[I 2025-07-18 04:17:32,688] Trial 90 finished with value: 22.03584217866262 and parameters: {'n_estimators': 841, 'max_depth': 23}. Best is trial 60 with value: 22.034135239919028.
trail number 92
[I 2025-07-18 04:17:33,610] Trial 92 finished with value: 22.03584217866262 and parameters: {'n_estimators': 867, 'max_depth': 23}. Best is trial 60 with value: 22.034135239919028.
trail number 94
[I 2025-07-18 04:17:33,687] Trial 94 finished with value: 22.03584217866262 and parameters: {'n_estimators': 865, 'max_depth': 25}. Best is trial 60 with value: 22.034135239919028.
trail number 91
[I 2025-07-18 04:17:33,910] Trial 91 finished with value: 22.03584035078685 and parameters: {'n_estimators': 1041, 'max_depth': 24}. Best is trial 60 with value: 22.034135239919028.
trail number 98
[I 2025-07-18 04:17:34,459] Trial 98 finished with value: 22.217544433275854 and parameters: {'n_estimators': 21, 'max_depth': 24}. Best is trial 60 with value: 22.034135239919028.
trail number 100
[I 2025-07-18 04:17:35,525] Trial 100 finished with value: 22.034971748987836 and parameters: {'n_estimators': 35, 'max_depth': 23}. Best is trial 60 with value: 22.034135239919028.
trail number 95
[I 2025-07-18 04:17:35,903] Trial 95 finished with value: 22.03584035078685 and parameters: {'n_estimators': 1223, 'max_depth': 24}. Best is trial 60 with value: 22.034135239919028.
trail number 99
[I 2025-07-18 04:17:39,514] Trial 99 finished with value: 22.035841733614607 and parameters: {'n_estimators': 475, 'max_depth': 24}. Best is trial 60 with value: 22.034135239919028.
trail number 97
[I 2025-07-18 04:17:39,773] Trial 97 finished with value: 22.03584217866262 and parameters: {'n_estimators': 742, 'max_depth': 23}. Best is trial 60 with value: 22.034135239919028.
trail number 102
[I 2025-07-18 04:17:39,987] Trial 102 finished with value: 22.035839953422546 and parameters: {'n_estimators': 119, 'max_depth': 24}. Best is trial 60 with value: 22.034135239919028.
trail number 101
[I 2025-07-18 04:17:41,728] Trial 101 finished with value: 22.03584217866262 and parameters: {'n_estimators': 830, 'max_depth': 25}. Best is trial 60 with value: 22.034135239919028.
trail number 103
[I 2025-07-18 04:17:42,359] Trial 103 finished with value: 22.035841733614607 and parameters: {'n_estimators': 657, 'max_depth': 26}. Best is trial 60 with value: 22.034135239919028.
trail number 105
[I 2025-07-18 04:17:43,607] Trial 105 finished with value: 22.035741812388103 and parameters: {'n_estimators': 74, 'max_depth': 26}. Best is trial 60 with value: 22.034135239919028.
trail number 104
[I 2025-07-18 04:17:43,930] Trial 104 finished with value: 22.035839754740397 and parameters: {'n_estimators': 124, 'max_depth': 26}. Best is trial 60 with value: 22.034135239919028.
trail number 107
[I 2025-07-18 04:17:44,189] Trial 107 finished with value: 22.035554200808207 and parameters: {'n_estimators': 48, 'max_depth': 23}. Best is trial 60 with value: 22.034135239919028.
trail number 106
[I 2025-07-18 04:17:45,254] Trial 106 finished with value: 22.035842639605203 and parameters: {'n_estimators': 252, 'max_depth': 25}. Best is trial 60 with value: 22.034135239919028.
trail number 108
[I 2025-07-18 04:17:47,181] Trial 108 finished with value: 22.035841733614603 and parameters: {'n_estimators': 134, 'max_depth': 23}. Best is trial 60 with value: 22.034135239919028.
trail number 111
[I 2025-07-18 04:17:48,311] Trial 111 finished with value: 22.03576724370321 and parameters: {'n_estimators': 82, 'max_depth': 23}. Best is trial 60 with value: 22.034135239919028.
trail number 113
