[I 2025-07-18 04:26:58,968] Trial 761 finished with value: 22.035841733614607 and parameters: {'n_estimators': 635, 'max_depth': 25}. Best is trial 60 with value: 22.034135239919028.
trail number 775
[I 2025-07-18 04:26:59,565] Trial 775 finished with value: 24.63246527353922 and parameters: {'n_estimators': 12, 'max_depth': 30}. Best is trial 60 with value: 22.034135239919028.
trail number 771
[I 2025-07-18 04:26:59,708] Trial 771 finished with value: 22.03613246122996 and parameters: {'n_estimators': 87, 'max_depth': 15}. Best is trial 60 with value: 22.034135239919028.
trail number 767
[I 2025-07-18 04:27:00,161] Trial 767 finished with value: 22.035841733614607 and parameters: {'n_estimators': 544, 'max_depth': 23}. Best is trial 60 with value: 22.034135239919028.
trail number 778
[I 2025-07-18 04:27:00,960] Trial 778 finished with value: 22.83553890546163 and parameters: {'n_estimators': 17, 'max_depth': 27}. Best is trial 60 with value: 22.034135239919028.
trail number 773
[I 2025-07-18 04:27:02,792] Trial 773 finished with value: 22.035861744880677 and parameters: {'n_estimators': 738, 'max_depth': 13}. Best is trial 60 with value: 22.034135239919028.
trail number 772
[I 2025-07-18 04:27:02,977] Trial 772 finished with value: 22.035852073033652 and parameters: {'n_estimators': 783, 'max_depth': 14}. Best is trial 60 with value: 22.034135239919028.
trail number 774
[I 2025-07-18 04:27:05,030] Trial 774 finished with value: 22.03584035078685 and parameters: {'n_estimators': 1205, 'max_depth': 30}. Best is trial 60 with value: 22.034135239919028.
trail number 777
[I 2025-07-18 04:27:06,161] Trial 777 finished with value: 22.03585398832957 and parameters: {'n_estimators': 629, 'max_depth': 19}. Best is trial 60 with value: 22.034135239919028.
trail number 776
[I 2025-07-18 04:27:06,828] Trial 776 finished with value: 22.035854179064433 and parameters: {'n_estimators': 882, 'max_depth': 19}. Best is trial 60 with value: 22.034135239919028.
trail number 779
[I 2025-07-18 04:27:08,004] Trial 779 finished with value: 22.035861744880677 and parameters: {'n_estimators': 906, 'max_depth': 13}. Best is trial 60 with value: 22.034135239919028.
trail number 781
[I 2025-07-18 04:27:08,848] Trial 781 finished with value: 22.035841733614607 and parameters: {'n_estimators': 503, 'max_depth': 27}. Best is trial 60 with value: 22.034135239919028.
trail number 784
[I 2025-07-18 04:27:09,048] Trial 784 finished with value: 22.035590019226074 and parameters: {'n_estimators': 45, 'max_depth': 24}. Best is trial 60 with value: 22.034135239919028.
trail number 780
[I 2025-07-18 04:27:09,164] Trial 780 finished with value: 22.03585398832957 and parameters: {'n_estimators': 597, 'max_depth': 19}. Best is trial 60 with value: 22.034135239919028.
trail number 788
[I 2025-07-18 04:27:09,977] Trial 788 finished with value: 22.83553890546163 and parameters: {'n_estimators': 17, 'max_depth': 27}. Best is trial 60 with value: 22.034135239919028.
trail number 783
[I 2025-07-18 04:27:11,982] Trial 783 finished with value: 22.035841733614607 and parameters: {'n_estimators': 494, 'max_depth': 26}. Best is trial 60 with value: 22.034135239919028.
trail number 782
[I 2025-07-18 04:27:12,240] Trial 782 finished with value: 22.035854179064433 and parameters: {'n_estimators': 833, 'max_depth': 19}. Best is trial 60 with value: 22.034135239919028.
trail number 790
[I 2025-07-18 04:27:13,136] Trial 790 finished with value: 22.119041833877567 and parameters: {'n_estimators': 24, 'max_depth': 27}. Best is trial 60 with value: 22.034135239919028.
trail number 785
[I 2025-07-18 04:27:14,683] Trial 785 finished with value: 22.035841733614607 and parameters: {'n_estimators': 603, 'max_depth': 26}. Best is trial 60 with value: 22.034135239919028.
trail number 786
[I 2025-07-18 04:27:14,965] Trial 786 finished with value: 22.035841733614607 and parameters: {'n_estimators': 537, 'max_depth': 27}. Best is trial 60 with value: 22.034135239919028.
trail number 787
[I 2025-07-18 04:27:15,567] Trial 787 finished with value: 22.03585398832957 and parameters: {'n_estimators': 564, 'max_depth': 19}. Best is trial 60 with value: 22.034135239919028.
trail number 791
[I 2025-07-18 04:27:15,683] Trial 791 finished with value: 22.03572012424469 and parameters: {'n_estimators': 64, 'max_depth': 21}. Best is trial 60 with value: 22.034135239919028.
trail number 789
[I 2025-07-18 04:27:16,529] Trial 789 finished with value: 22.035847225189208 and parameters: {'n_estimators': 566, 'max_depth': 20}. Best is trial 60 with value: 22.034135239919028.
trail number 796
[I 2025-07-18 04:27:17,596] Trial 796 finished with value: 22.034763107299803 and parameters: {'n_estimators': 38, 'max_depth': 26}. Best is trial 60 with value: 22.034135239919028.
trail number 797
[I 2025-07-18 04:27:18,142] Trial 797 finished with value: 22.037306764920555 and parameters: {'n_estimators': 34, 'max_depth': 22}. Best is trial 60 with value: 22.034135239919028.
trail number 793
[I 2025-07-18 04:27:18,187] Trial 793 finished with value: 22.035732522010804 and parameters: {'n_estimators': 69, 'max_depth': 19}. Best is trial 60 with value: 22.034135239919028.
trail number 799
[I 2025-07-18 04:27:18,803] Trial 799 finished with value: 23.760127271016437 and parameters: {'n_estimators': 14, 'max_depth': 19}. Best is trial 60 with value: 22.034135239919028.
trail number 794
[I 2025-07-18 04:27:21,112] Trial 794 finished with value: 22.035841733614607 and parameters: {'n_estimators': 545, 'max_depth': 22}. Best is trial 60 with value: 22.034135239919028.
trail number 792
[I 2025-07-18 04:27:21,707] Trial 792 finished with value: 22.03584035078685 and parameters: {'n_estimators': 1165, 'max_depth': 27}. Best is trial 60 with value: 22.034135239919028.
trail number 795
[I 2025-07-18 04:27:21,780] Trial 795 finished with value: 22.035841733614607 and parameters: {'n_estimators': 535, 'max_depth': 21}. Best is trial 60 with value: 22.034135239919028.
trail number 802
[I 2025-07-18 04:27:22,438] Trial 802 finished with value: 22.06674558321635 and parameters: {'n_estimators': 28, 'max_depth': 21}. Best is trial 60 with value: 22.034135239919028.
trail number 800
[I 2025-07-18 04:27:24,956] Trial 800 finished with value: 22.035841733614607 and parameters: {'n_estimators': 577, 'max_depth': 24}. Best is trial 60 with value: 22.034135239919028.
trail number 806
[I 2025-07-18 04:27:25,628] Trial 806 finished with value: 24.17564461390177 and parameters: {'n_estimators': 13, 'max_depth': 24}. Best is trial 60 with value: 22.034135239919028.
trail number 798
[I 2025-07-18 04:27:26,033] Trial 798 finished with value: 22.03584035078685 and parameters: {'n_estimators': 1203, 'max_depth': 25}. Best is trial 60 with value: 22.034135239919028.
trail number 807
[I 2025-07-18 04:27:27,273] Trial 807 finished with value: 22.04394076983134 and parameters: {'n_estimators': 33, 'max_depth': 22}. Best is trial 60 with value: 22.034135239919028.
trail number 808
[I 2025-07-18 04:27:27,490] Trial 808 finished with value: 22.9811753988266 and parameters: {'n_estimators': 154, 'max_depth': 3}. Best is trial 60 with value: 22.034135239919028.
trail number 805
[I 2025-07-18 04:27:28,408] Trial 805 finished with value: 22.035841733614607 and parameters: {'n_estimators': 454, 'max_depth': 24}. Best is trial 60 with value: 22.034135239919028.
trail number 803
[I 2025-07-18 04:27:28,477] Trial 803 finished with value: 22.035841733614607 and parameters: {'n_estimators': 599, 'max_depth': 24}. Best is trial 60 with value: 22.034135239919028.
trail number 804
[I 2025-07-18 04:27:28,643] Trial 804 finished with value: 22.035841733614607 and parameters: {'n_estimators': 674, 'max_depth': 25}. Best is trial 60 with value: 22.034135239919028.
trail number 810
[I 2025-07-18 04:27:29,306] Trial 810 finished with value: 22.034763107299803 and parameters: {'n_estimators': 38, 'max_depth': 26}. Best is trial 60 with value: 22.034135239919028.
trail number 812
[I 2025-07-18 04:27:30,182] Trial 812 finished with value: 22.04394076983134 and parameters: {'n_estimators': 33, 'max_depth': 25}. Best is trial 60 with value: 22.034135239919028.
trail number 809
[I 2025-07-18 04:27:30,272] Trial 809 finished with value: 22.03569259484609 and parameters: {'n_estimators': 60, 'max_depth': 26}. Best is trial 60 with value: 22.034135239919028.
trail number 815
[I 2025-07-18 04:27:31,697] Trial 815 finished with value: 22.061360303560896 and parameters: {'n_estimators': 29, 'max_depth': 25}. Best is trial 60 with value: 22.034135239919028.
trail number 811
[I 2025-07-18 04:27:34,967] Trial 811 finished with value: 22.035841733614607 and parameters: {'n_estimators': 578, 'max_depth': 25}. Best is trial 60 with value: 22.034135239919028.
trail number 813
[I 2025-07-18 04:27:35,114] Trial 813 finished with value: 22.035841733614607 and parameters: {'n_estimators': 469, 'max_depth': 25}. Best is trial 60 with value: 22.034135239919028.
trail number 801
[I 2025-07-18 04:27:35,490] Trial 801 finished with value: 22.03584035078685 and parameters: {'n_estimators': 3391, 'max_depth': 30}. Best is trial 60 with value: 22.034135239919028.
trail number 814
[I 2025-07-18 04:27:35,990] Trial 814 finished with value: 22.035841733614607 and parameters: {'n_estimators': 504, 'max_depth': 27}. Best is trial 60 with value: 22.034135239919028.
trail number 816
[I 2025-07-18 04:27:36,903] Trial 816 finished with value: 22.035841733614607 and parameters: {'n_estimators': 512, 'max_depth': 28}. Best is trial 60 with value: 22.034135239919028.
trail number 818
[I 2025-07-18 04:27:36,965] Trial 818 finished with value: 22.035133908589682 and parameters: {'n_estimators': 40, 'max_depth': 27}. Best is trial 60 with value: 22.034135239919028.
trail number 820
[I 2025-07-18 04:27:37,052] Trial 820 finished with value: 22.054089840253194 and parameters: {'n_estimators': 30, 'max_depth': 26}. Best is trial 60 with value: 22.034135239919028.
trail number 821
[I 2025-07-18 04:27:37,142] Trial 821 finished with value: 22.162446320851643 and parameters: {'n_estimators': 22, 'max_depth': 25}. Best is trial 60 with value: 22.034135239919028.
trail number 823
[I 2025-07-18 04:27:37,737] Trial 823 finished with value: 23.429323819478352 and parameters: {'n_estimators': 15, 'max_depth': 28}. Best is trial 60 with value: 22.034135239919028.
trail number 822
[I 2025-07-18 04:27:37,970] Trial 822 finished with value: 22.162446320851643 and parameters: {'n_estimators': 22, 'max_depth': 24}. Best is trial 60 with value: 22.034135239919028.
trail number 824
[I 2025-07-18 04:27:38,001] Trial 824 finished with value: 22.83553890546163 and parameters: {'n_estimators': 17, 'max_depth': 27}. Best is trial 60 with value: 22.034135239919028.
trail number 817
[I 2025-07-18 04:27:38,671] Trial 817 finished with value: 22.035841733614607 and parameters: {'n_estimators': 630, 'max_depth': 27}. Best is trial 60 with value: 22.034135239919028.
trail number 826
[I 2025-07-18 04:27:38,789] Trial 826 finished with value: 22.301476224263507 and parameters: {'n_estimators': 20, 'max_depth': 26}. Best is trial 60 with value: 22.034135239919028.
trail number 828
[I 2025-07-18 04:27:39,127] Trial 828 finished with value: 22.458010542392735 and parameters: {'n_estimators': 43, 'max_depth': 8}. Best is trial 60 with value: 22.034135239919028.
trail number 819
[I 2025-07-18 04:27:41,703] Trial 819 finished with value: 22.035841733614607 and parameters: {'n_estimators': 585, 'max_depth': 28}. Best is trial 60 with value: 22.034135239919028.
trail number 832
[I 2025-07-18 04:27:43,373] Trial 832 finished with value: 22.037306764920555 and parameters: {'n_estimators': 34, 'max_depth': 23}. Best is trial 60 with value: 22.034135239919028.
trail number 825
[I 2025-07-18 04:27:44,276] Trial 825 finished with value: 22.035841733614607 and parameters: {'n_estimators': 675, 'max_depth': 30}. Best is trial 60 with value: 22.034135239919028.
trail number 827
[I 2025-07-18 04:27:44,730] Trial 827 finished with value: 22.035841733614607 and parameters: {'n_estimators': 588, 'max_depth': 28}. Best is trial 60 with value: 22.034135239919028.
trail number 834
[I 2025-07-18 04:27:44,890] Trial 834 finished with value: 23.760127271016437 and parameters: {'n_estimators': 14, 'max_depth': 17}. Best is trial 60 with value: 22.034135239919028.
trail number 830
[I 2025-07-18 04:27:44,928] Trial 830 finished with value: 22.035856722195945 and parameters: {'n_estimators': 618, 'max_depth': 16}. Best is trial 60 with value: 22.034135239919028.
trail number 833
[I 2025-07-18 04:27:44,952] Trial 833 finished with value: 22.036375722885133 and parameters: {'n_estimators': 36, 'max_depth': 14}. Best is trial 60 with value: 22.034135239919028.
trail number 829
[I 2025-07-18 04:27:45,257] Trial 829 finished with value: 22.035841733614607 and parameters: {'n_estimators': 575, 'max_depth': 28}. Best is trial 60 with value: 22.034135239919028.
trail number 835
[I 2025-07-18 04:27:45,312] Trial 835 finished with value: 25.288416105906165 and parameters: {'n_estimators': 11, 'max_depth': 29}. Best is trial 60 with value: 22.034135239919028.
trail number 838
[I 2025-07-18 04:27:45,502] Trial 838 finished with value: 26.0810078048706 and parameters: {'n_estimators': 10, 'max_depth': 27}. Best is trial 60 with value: 22.034135239919028.
trail number 831
[I 2025-07-18 04:27:45,778] Trial 831 finished with value: 22.035841733614607 and parameters: {'n_estimators': 634, 'max_depth': 27}. Best is trial 60 with value: 22.034135239919028.
trail number 839
[I 2025-07-18 04:27:47,017] Trial 839 finished with value: 22.034971748987836 and parameters: {'n_estimators': 35, 'max_depth': 22}. Best is trial 60 with value: 22.034135239919028.
trail number 843
[I 2025-07-18 04:27:47,889] Trial 843 finished with value: 22.45101548194885 and parameters: {'n_estimators': 19, 'max_depth': 22}. Best is trial 60 with value: 22.034135239919028.
trail number 837
[I 2025-07-18 04:27:50,980] Trial 837 finished with value: 22.035841733614607 and parameters: {'n_estimators': 566, 'max_depth': 24}. Best is trial 60 with value: 22.034135239919028.
trail number 836
[I 2025-07-18 04:27:51,675] Trial 836 finished with value: 22.035857071876528 and parameters: {'n_estimators': 751, 'max_depth': 16}. Best is trial 60 with value: 22.034135239919028.
trail number 840
[I 2025-07-18 04:27:53,605] Trial 840 finished with value: 22.03584035078685 and parameters: {'n_estimators': 1077, 'max_depth': 24}. Best is trial 60 with value: 22.034135239919028.
trail number 841
[I 2025-07-18 04:27:54,208] Trial 841 finished with value: 22.03584035078685 and parameters: {'n_estimators': 1179, 'max_depth': 24}. Best is trial 60 with value: 22.034135239919028.
trail number 844
[I 2025-07-18 04:27:54,455] Trial 844 finished with value: 22.035841733614607 and parameters: {'n_estimators': 611, 'max_depth': 23}. Best is trial 60 with value: 22.034135239919028.
trail number 849
[I 2025-07-18 04:27:56,587] Trial 849 finished with value: 22.03551018079122 and parameters: {'n_estimators': 42, 'max_depth': 26}. Best is trial 60 with value: 22.034135239919028.
trail number 845
[I 2025-07-18 04:27:59,217] Trial 845 finished with value: 22.03584035078685 and parameters: {'n_estimators': 1142, 'max_depth': 24}. Best is trial 60 with value: 22.034135239919028.
trail number 846
[I 2025-07-18 04:27:59,705] Trial 846 finished with value: 22.03584035078685 and parameters: {'n_estimators': 1016, 'max_depth': 23}. Best is trial 60 with value: 22.034135239919028.
trail number 847
[I 2025-07-18 04:27:59,755] Trial 847 finished with value: 22.035841733614607 and parameters: {'n_estimators': 481, 'max_depth': 23}. Best is trial 60 with value: 22.034135239919028.
trail number 848
[I 2025-07-18 04:28:00,818] Trial 848 finished with value: 22.035841733614607 and parameters: {'n_estimators': 582, 'max_depth': 25}. Best is trial 60 with value: 22.034135239919028.
trail number 850
[I 2025-07-18 04:28:02,619] Trial 850 finished with value: 22.035841733614607 and parameters: {'n_estimators': 568, 'max_depth': 25}. Best is trial 60 with value: 22.034135239919028.
trail number 855
[I 2025-07-18 04:28:04,990] Trial 855 finished with value: 22.035552039146424 and parameters: {'n_estimators': 49, 'max_depth': 27}. Best is trial 60 with value: 22.034135239919028.
trail number 851
[I 2025-07-18 04:28:06,022] Trial 851 finished with value: 22.035841733614607 and parameters: {'n_estimators': 601, 'max_depth': 23}. Best is trial 60 with value: 22.034135239919028.
trail number 852
[I 2025-07-18 04:28:06,032] Trial 852 finished with value: 22.035841733614607 and parameters: {'n_estimators': 539, 'max_depth': 24}. Best is trial 60 with value: 22.034135239919028.
trail number 842
[I 2025-07-18 04:28:06,291] Trial 842 finished with value: 22.03584035078685 and parameters: {'n_estimators': 4631, 'max_depth': 21}. Best is trial 60 with value: 22.034135239919028.
trail number 853
[I 2025-07-18 04:28:06,480] Trial 853 finished with value: 22.035841733614607 and parameters: {'n_estimators': 483, 'max_depth': 26}. Best is trial 60 with value: 22.034135239919028.
trail number 857
[I 2025-07-18 04:28:06,834] Trial 857 finished with value: 22.83553890546163 and parameters: {'n_estimators': 17, 'max_depth': 24}. Best is trial 60 with value: 22.034135239919028.
trail number 856
[I 2025-07-18 04:28:07,334] Trial 856 finished with value: 22.035552039146424 and parameters: {'n_estimators': 49, 'max_depth': 24}. Best is trial 60 with value: 22.034135239919028.
trail number 860
[I 2025-07-18 04:28:08,103] Trial 860 finished with value: 22.04394076983134 and parameters: {'n_estimators': 33, 'max_depth': 27}. Best is trial 60 with value: 22.034135239919028.
trail number 859
[I 2025-07-18 04:28:08,151] Trial 859 finished with value: 22.035134313901267 and parameters: {'n_estimators': 41, 'max_depth': 24}. Best is trial 60 with value: 22.034135239919028.
trail number 861
[I 2025-07-18 04:28:09,299] Trial 861 finished with value: 22.03556056658427 and parameters: {'n_estimators': 47, 'max_depth': 24}. Best is trial 60 with value: 22.034135239919028.
trail number 865
[I 2025-07-18 04:28:09,896] Trial 865 finished with value: 24.17564461390177 and parameters: {'n_estimators': 13, 'max_depth': 20}. Best is trial 60 with value: 22.034135239919028.
trail number 858
[I 2025-07-18 04:28:11,184] Trial 858 finished with value: 22.03583945274353 and parameters: {'n_estimators': 105, 'max_depth': 24}. Best is trial 60 with value: 22.034135239919028.
trail number 864
[I 2025-07-18 04:28:14,110] Trial 864 finished with value: 22.035847225189208 and parameters: {'n_estimators': 567, 'max_depth': 20}. Best is trial 60 with value: 22.034135239919028.
trail number 863
[I 2025-07-18 04:28:14,227] Trial 863 finished with value: 22.035841733614607 and parameters: {'n_estimators': 509, 'max_depth': 21}. Best is trial 60 with value: 22.034135239919028.
trail number 869
[I 2025-07-18 04:28:15,151] Trial 869 finished with value: 22.45101548194885 and parameters: {'n_estimators': 19, 'max_depth': 25}. Best is trial 60 with value: 22.034135239919028.
trail number 867
[I 2025-07-18 04:28:15,303] Trial 867 finished with value: 22.035759328206378 and parameters: {'n_estimators': 79, 'max_depth': 30}. Best is trial 60 with value: 22.034135239919028.
trail number 866
[I 2025-07-18 04:28:17,200] Trial 866 finished with value: 22.035841733614607 and parameters: {'n_estimators': 730, 'max_depth': 21}. Best is trial 60 with value: 22.034135239919028.
trail number 854
[I 2025-07-18 04:28:20,226] Trial 854 finished with value: 22.035848083496095 and parameters: {'n_estimators': 4250, 'max_depth': 18}. Best is trial 60 with value: 22.034135239919028.
trail number 862
[I 2025-07-18 04:28:20,335] Trial 862 finished with value: 22.035870033899947 and parameters: {'n_estimators': 2561, 'max_depth': 11}. Best is trial 60 with value: 22.034135239919028.
trail number 868
[I 2025-07-18 04:28:20,758] Trial 868 finished with value: 22.035847225189208 and parameters: {'n_estimators': 530, 'max_depth': 20}. Best is trial 60 with value: 22.034135239919028.
trail number 874
[I 2025-07-18 04:28:21,265] Trial 874 finished with value: 22.45101548194885 and parameters: {'n_estimators': 19, 'max_depth': 23}. Best is trial 60 with value: 22.034135239919028.
trail number 875
[I 2025-07-18 04:28:21,924] Trial 875 finished with value: 22.119041833877567 and parameters: {'n_estimators': 24, 'max_depth': 20}. Best is trial 60 with value: 22.034135239919028.
trail number 877
[I 2025-07-18 04:28:22,802] Trial 877 finished with value: 22.217544433275854 and parameters: {'n_estimators': 21, 'max_depth': 22}. Best is trial 60 with value: 22.034135239919028.
trail number 870
[I 2025-07-18 04:28:23,271] Trial 870 finished with value: 22.03584035078685 and parameters: {'n_estimators': 1031, 'max_depth': 27}. Best is trial 60 with value: 22.034135239919028.
trail number 871
[I 2025-07-18 04:28:23,366] Trial 871 finished with value: 22.03584035078685 and parameters: {'n_estimators': 1052, 'max_depth': 27}. Best is trial 60 with value: 22.034135239919028.
trail number 878
[I 2025-07-18 04:28:23,507] Trial 878 finished with value: 23.760127271016437 and parameters: {'n_estimators': 14, 'max_depth': 16}. Best is trial 60 with value: 22.034135239919028.
trail number 872
[I 2025-07-18 04:28:23,654] Trial 872 finished with value: 22.035841733614607 and parameters: {'n_estimators': 495, 'max_depth': 27}. Best is trial 60 with value: 22.034135239919028.
trail number 879
[I 2025-07-18 04:28:23,841] Trial 879 finished with value: 24.63246527353922 and parameters: {'n_estimators': 12, 'max_depth': 14}. Best is trial 60 with value: 22.034135239919028.
trail number 881
[I 2025-07-18 04:28:24,072] Trial 881 finished with value: 25.288416105906165 and parameters: {'n_estimators': 11, 'max_depth': 25}. Best is trial 60 with value: 22.034135239919028.
trail number 883
