[I 2025-07-18 04:22:27,444] Trial 442 finished with value: 22.035841733614607 and parameters: {'n_estimators': 643, 'max_depth': 27}. Best is trial 60 with value: 22.034135239919028.
trail number 441
[I 2025-07-18 04:22:27,652] Trial 441 finished with value: 22.035841733614607 and parameters: {'n_estimators': 713, 'max_depth': 27}. Best is trial 60 with value: 22.034135239919028.
trail number 446
[I 2025-07-18 04:22:28,988] Trial 446 finished with value: 22.06674558321635 and parameters: {'n_estimators': 28, 'max_depth': 19}. Best is trial 60 with value: 22.034135239919028.
trail number 445
[I 2025-07-18 04:22:30,231] Trial 445 finished with value: 22.035554637908938 and parameters: {'n_estimators': 50, 'max_depth': 20}. Best is trial 60 with value: 22.034135239919028.
trail number 448
[I 2025-07-18 04:22:31,003] Trial 448 finished with value: 24.17564461390177 and parameters: {'n_estimators': 13, 'max_depth': 22}. Best is trial 60 with value: 22.034135239919028.
trail number 447
[I 2025-07-18 04:22:31,914] Trial 447 finished with value: 22.035560987790426 and parameters: {'n_estimators': 51, 'max_depth': 28}. Best is trial 60 with value: 22.034135239919028.
trail number 444
[I 2025-07-18 04:22:32,273] Trial 444 finished with value: 22.035841733614607 and parameters: {'n_estimators': 620, 'max_depth': 28}. Best is trial 60 with value: 22.034135239919028.
trail number 426
[I 2025-07-18 04:22:32,894] Trial 426 finished with value: 22.03585633277893 and parameters: {'n_estimators': 4837, 'max_depth': 8}. Best is trial 60 with value: 22.034135239919028.
trail number 450
[I 2025-07-18 04:22:33,474] Trial 450 finished with value: 22.047809505462645 and parameters: {'n_estimators': 31, 'max_depth': 24}. Best is trial 60 with value: 22.034135239919028.
trail number 432
[I 2025-07-18 04:22:36,890] Trial 432 finished with value: 22.035861132939655 and parameters: {'n_estimators': 2791, 'max_depth': 3}. Best is trial 60 with value: 22.034135239919028.
trail number 451
[I 2025-07-18 04:22:37,471] Trial 451 finished with value: 22.035871718724568 and parameters: {'n_estimators': 299, 'max_depth': 12}. Best is trial 60 with value: 22.034135239919028.
trail number 449
[I 2025-07-18 04:22:37,975] Trial 449 finished with value: 22.035841733614607 and parameters: {'n_estimators': 658, 'max_depth': 24}. Best is trial 60 with value: 22.034135239919028.
trail number 455
[I 2025-07-18 04:22:37,990] Trial 455 finished with value: 25.288416105906165 and parameters: {'n_estimators': 11, 'max_depth': 15}. Best is trial 60 with value: 22.034135239919028.
trail number 452
[I 2025-07-18 04:22:39,724] Trial 452 finished with value: 22.035841733614607 and parameters: {'n_estimators': 652, 'max_depth': 22}. Best is trial 60 with value: 22.034135239919028.
trail number 458
[I 2025-07-18 04:22:40,162] Trial 458 finished with value: 26.0810078048706 and parameters: {'n_estimators': 10, 'max_depth': 25}. Best is trial 60 with value: 22.034135239919028.
trail number 453
[I 2025-07-18 04:22:40,169] Trial 453 finished with value: 22.035841733614607 and parameters: {'n_estimators': 651, 'max_depth': 23}. Best is trial 60 with value: 22.034135239919028.
trail number 456
[I 2025-07-18 04:22:41,287] Trial 456 finished with value: 22.03606568813324 and parameters: {'n_estimators': 80, 'max_depth': 14}. Best is trial 60 with value: 22.034135239919028.
trail number 459
[I 2025-07-18 04:22:41,366] Trial 459 finished with value: 22.076026097933454 and parameters: {'n_estimators': 27, 'max_depth': 22}. Best is trial 60 with value: 22.034135239919028.
trail number 462
[I 2025-07-18 04:22:41,799] Trial 462 finished with value: 25.288416105906165 and parameters: {'n_estimators': 11, 'max_depth': 27}. Best is trial 60 with value: 22.034135239919028.
trail number 460
[I 2025-07-18 04:22:42,665] Trial 460 finished with value: 22.035554637908938 and parameters: {'n_estimators': 50, 'max_depth': 30}. Best is trial 60 with value: 22.034135239919028.
trail number 464
[I 2025-07-18 04:22:43,206] Trial 464 finished with value: 24.63246527353922 and parameters: {'n_estimators': 12, 'max_depth': 29}. Best is trial 60 with value: 22.034135239919028.
trail number 457
[I 2025-07-18 04:22:44,988] Trial 457 finished with value: 22.035841733614607 and parameters: {'n_estimators': 684, 'max_depth': 23}. Best is trial 60 with value: 22.034135239919028.
trail number 454
[I 2025-07-18 04:22:45,560] Trial 454 finished with value: 22.03584035078685 and parameters: {'n_estimators': 1167, 'max_depth': 23}. Best is trial 60 with value: 22.034135239919028.
trail number 443
[I 2025-07-18 04:22:46,492] Trial 443 finished with value: 22.03588228066762 and parameters: {'n_estimators': 4608, 'max_depth': 7}. Best is trial 60 with value: 22.034135239919028.
trail number 461
[I 2025-07-18 04:22:47,464] Trial 461 finished with value: 22.035841733614607 and parameters: {'n_estimators': 594, 'max_depth': 30}. Best is trial 60 with value: 22.034135239919028.
trail number 465
[I 2025-07-18 04:22:49,920] Trial 465 finished with value: 22.035841733614607 and parameters: {'n_estimators': 650, 'max_depth': 24}. Best is trial 60 with value: 22.034135239919028.
trail number 463
[I 2025-07-18 04:22:50,878] Trial 463 finished with value: 22.03584035078685 and parameters: {'n_estimators': 1385, 'max_depth': 22}. Best is trial 60 with value: 22.034135239919028.
trail number 466
[I 2025-07-18 04:22:51,655] Trial 466 finished with value: 22.035841733614607 and parameters: {'n_estimators': 733, 'max_depth': 28}. Best is trial 60 with value: 22.034135239919028.
trail number 470
[I 2025-07-18 04:22:52,519] Trial 470 finished with value: 22.035560987790426 and parameters: {'n_estimators': 51, 'max_depth': 26}. Best is trial 60 with value: 22.034135239919028.
trail number 467
[I 2025-07-18 04:22:52,678] Trial 467 finished with value: 22.03584217866262 and parameters: {'n_estimators': 807, 'max_depth': 30}. Best is trial 60 with value: 22.034135239919028.
trail number 468
[I 2025-07-18 04:22:52,758] Trial 468 finished with value: 22.035841733614607 and parameters: {'n_estimators': 589, 'max_depth': 27}. Best is trial 60 with value: 22.034135239919028.
trail number 472
[I 2025-07-18 04:22:53,522] Trial 472 finished with value: 22.034941754341126 and parameters: {'n_estimators': 39, 'max_depth': 22}. Best is trial 60 with value: 22.034135239919028.
trail number 475
[I 2025-07-18 04:22:54,259] Trial 475 finished with value: 22.054089840253194 and parameters: {'n_estimators': 30, 'max_depth': 25}. Best is trial 60 with value: 22.034135239919028.
trail number 469
[I 2025-07-18 04:22:54,332] Trial 469 finished with value: 22.035841733614607 and parameters: {'n_estimators': 631, 'max_depth': 26}. Best is trial 60 with value: 22.034135239919028.
trail number 471
[I 2025-07-18 04:22:54,892] Trial 471 finished with value: 22.035751190185547 and parameters: {'n_estimators': 78, 'max_depth': 24}. Best is trial 60 with value: 22.034135239919028.
trail number 478
[I 2025-07-18 04:22:54,960] Trial 478 finished with value: 24.17564461390177 and parameters: {'n_estimators': 13, 'max_depth': 20}. Best is trial 60 with value: 22.034135239919028.
trail number 473
[I 2025-07-18 04:22:58,868] Trial 473 finished with value: 22.035841733614607 and parameters: {'n_estimators': 608, 'max_depth': 27}. Best is trial 60 with value: 22.034135239919028.
trail number 481
[I 2025-07-18 04:22:59,535] Trial 481 finished with value: 23.760127271016437 and parameters: {'n_estimators': 14, 'max_depth': 18}. Best is trial 60 with value: 22.034135239919028.
trail number 474
[I 2025-07-18 04:22:59,554] Trial 474 finished with value: 22.035854179064433 and parameters: {'n_estimators': 744, 'max_depth': 19}. Best is trial 60 with value: 22.034135239919028.
trail number 483
[I 2025-07-18 04:23:00,080] Trial 483 finished with value: 25.288416105906165 and parameters: {'n_estimators': 11, 'max_depth': 24}. Best is trial 60 with value: 22.034135239919028.
trail number 477
[I 2025-07-18 04:23:00,410] Trial 477 finished with value: 22.035847225189208 and parameters: {'n_estimators': 477, 'max_depth': 20}. Best is trial 60 with value: 22.034135239919028.
trail number 476
[I 2025-07-18 04:23:00,578] Trial 476 finished with value: 22.035847892761232 and parameters: {'n_estimators': 718, 'max_depth': 18}. Best is trial 60 with value: 22.034135239919028.
trail number 479
[I 2025-07-18 04:23:01,636] Trial 479 finished with value: 22.035847225189208 and parameters: {'n_estimators': 607, 'max_depth': 20}. Best is trial 60 with value: 22.034135239919028.
trail number 482
[I 2025-07-18 04:23:05,379] Trial 482 finished with value: 22.035847892761232 and parameters: {'n_estimators': 521, 'max_depth': 18}. Best is trial 60 with value: 22.034135239919028.
trail number 485
[I 2025-07-18 04:23:05,959] Trial 485 finished with value: 22.035841733614607 and parameters: {'n_estimators': 409, 'max_depth': 22}. Best is trial 60 with value: 22.034135239919028.
trail number 484
[I 2025-07-18 04:23:06,353] Trial 484 finished with value: 22.03584710597992 and parameters: {'n_estimators': 650, 'max_depth': 20}. Best is trial 60 with value: 22.034135239919028.
trail number 486
[I 2025-07-18 04:23:07,209] Trial 486 finished with value: 22.035841733614607 and parameters: {'n_estimators': 554, 'max_depth': 22}. Best is trial 60 with value: 22.034135239919028.
trail number 490
[I 2025-07-18 04:23:07,358] Trial 490 finished with value: 22.217544433275854 and parameters: {'n_estimators': 21, 'max_depth': 20}. Best is trial 60 with value: 22.034135239919028.
trail number 489
[I 2025-07-18 04:23:07,672] Trial 489 finished with value: 22.037306764920555 and parameters: {'n_estimators': 34, 'max_depth': 23}. Best is trial 60 with value: 22.034135239919028.
trail number 487
[I 2025-07-18 04:23:08,124] Trial 487 finished with value: 22.035841733614607 and parameters: {'n_estimators': 645, 'max_depth': 23}. Best is trial 60 with value: 22.034135239919028.
trail number 494
[I 2025-07-18 04:23:10,650] Trial 494 finished with value: 22.035554200808207 and parameters: {'n_estimators': 48, 'max_depth': 21}. Best is trial 60 with value: 22.034135239919028.
trail number 488
[I 2025-07-18 04:23:10,960] Trial 488 finished with value: 22.035841733614607 and parameters: {'n_estimators': 441, 'max_depth': 23}. Best is trial 60 with value: 22.034135239919028.
trail number 491
[I 2025-07-18 04:23:11,940] Trial 491 finished with value: 22.035839993158977 and parameters: {'n_estimators': 118, 'max_depth': 23}. Best is trial 60 with value: 22.034135239919028.
trail number 480
[I 2025-07-18 04:23:12,533] Trial 480 finished with value: 22.035855379104614 and parameters: {'n_estimators': 3950, 'max_depth': 16}. Best is trial 60 with value: 22.034135239919028.
trail number 497
[I 2025-07-18 04:23:13,013] Trial 497 finished with value: 22.217544433275854 and parameters: {'n_estimators': 21, 'max_depth': 25}. Best is trial 60 with value: 22.034135239919028.
trail number 492
[I 2025-07-18 04:23:13,599] Trial 492 finished with value: 22.035841733614607 and parameters: {'n_estimators': 460, 'max_depth': 22}. Best is trial 60 with value: 22.034135239919028.
trail number 493
[I 2025-07-18 04:23:14,148] Trial 493 finished with value: 22.035841733614607 and parameters: {'n_estimators': 574, 'max_depth': 24}. Best is trial 60 with value: 22.034135239919028.
trail number 495
[I 2025-07-18 04:23:14,431] Trial 495 finished with value: 22.035759328206378 and parameters: {'n_estimators': 79, 'max_depth': 23}. Best is trial 60 with value: 22.034135239919028.
trail number 502
[I 2025-07-18 04:23:16,121] Trial 502 finished with value: 22.034971748987836 and parameters: {'n_estimators': 35, 'max_depth': 21}. Best is trial 60 with value: 22.034135239919028.
trail number 500
[I 2025-07-18 04:23:16,358] Trial 500 finished with value: 22.035629795392357 and parameters: {'n_estimators': 57, 'max_depth': 23}. Best is trial 60 with value: 22.034135239919028.
trail number 498
[I 2025-07-18 04:23:17,480] Trial 498 finished with value: 22.03584023952484 and parameters: {'n_estimators': 111, 'max_depth': 26}. Best is trial 60 with value: 22.034135239919028.
trail number 504
[I 2025-07-18 04:23:17,838] Trial 504 finished with value: 22.047809505462645 and parameters: {'n_estimators': 31, 'max_depth': 27}. Best is trial 60 with value: 22.034135239919028.
trail number 503
[I 2025-07-18 04:23:18,055] Trial 503 finished with value: 22.034763107299803 and parameters: {'n_estimators': 38, 'max_depth': 26}. Best is trial 60 with value: 22.034135239919028.
trail number 501
[I 2025-07-18 04:23:18,334] Trial 501 finished with value: 22.035759328206378 and parameters: {'n_estimators': 79, 'max_depth': 23}. Best is trial 60 with value: 22.034135239919028.
trail number 499
[I 2025-07-18 04:23:19,118] Trial 499 finished with value: 22.035841733614607 and parameters: {'n_estimators': 608, 'max_depth': 24}. Best is trial 60 with value: 22.034135239919028.
trail number 507
[I 2025-07-18 04:23:19,492] Trial 507 finished with value: 22.061360303560896 and parameters: {'n_estimators': 29, 'max_depth': 22}. Best is trial 60 with value: 22.034135239919028.
trail number 508
[I 2025-07-18 04:23:23,516] Trial 508 finished with value: 22.03584348201752 and parameters: {'n_estimators': 315, 'max_depth': 17}. Best is trial 60 with value: 22.034135239919028.
trail number 506
[I 2025-07-18 04:23:23,795] Trial 506 finished with value: 22.035844841003417 and parameters: {'n_estimators': 446, 'max_depth': 18}. Best is trial 60 with value: 22.034135239919028.
trail number 511
[I 2025-07-18 04:23:27,406] Trial 511 finished with value: 22.035749457677205 and parameters: {'n_estimators': 72, 'max_depth': 18}. Best is trial 60 with value: 22.034135239919028.
trail number 512
[I 2025-07-18 04:23:27,777] Trial 512 finished with value: 22.03573079744975 and parameters: {'n_estimators': 68, 'max_depth': 19}. Best is trial 60 with value: 22.034135239919028.
trail number 513
[I 2025-07-18 04:23:28,203] Trial 513 finished with value: 22.83553890546163 and parameters: {'n_estimators': 17, 'max_depth': 28}. Best is trial 60 with value: 22.034135239919028.
trail number 515
[I 2025-07-18 04:23:29,066] Trial 515 finished with value: 22.301476224263507 and parameters: {'n_estimators': 20, 'max_depth': 20}. Best is trial 60 with value: 22.034135239919028.
trail number 496
[I 2025-07-18 04:23:33,222] Trial 496 finished with value: 22.035863270759585 and parameters: {'n_estimators': 5000, 'max_depth': 13}. Best is trial 60 with value: 22.034135239919028.
trail number 509
[I 2025-07-18 04:23:33,352] Trial 509 finished with value: 22.03584035078685 and parameters: {'n_estimators': 2782, 'max_depth': 28}. Best is trial 60 with value: 22.034135239919028.
trail number 514
[I 2025-07-18 04:23:34,220] Trial 514 finished with value: 22.035841733614607 and parameters: {'n_estimators': 599, 'max_depth': 27}. Best is trial 60 with value: 22.034135239919028.
trail number 518
[I 2025-07-18 04:23:34,288] Trial 518 finished with value: 22.217544433275854 and parameters: {'n_estimators': 21, 'max_depth': 27}. Best is trial 60 with value: 22.034135239919028.
trail number 519
[I 2025-07-18 04:23:35,915] Trial 519 finished with value: 22.037306764920555 and parameters: {'n_estimators': 34, 'max_depth': 25}. Best is trial 60 with value: 22.034135239919028.
trail number 510
[I 2025-07-18 04:23:35,940] Trial 510 finished with value: 22.03588228066762 and parameters: {'n_estimators': 2122, 'max_depth': 7}. Best is trial 60 with value: 22.034135239919028.
trail number 516
[I 2025-07-18 04:23:37,030] Trial 516 finished with value: 22.03584035078685 and parameters: {'n_estimators': 977, 'max_depth': 25}. Best is trial 60 with value: 22.034135239919028.
trail number 523
[I 2025-07-18 04:23:38,313] Trial 523 finished with value: 22.09920896689097 and parameters: {'n_estimators': 25, 'max_depth': 27}. Best is trial 60 with value: 22.034135239919028.
trail number 505
[I 2025-07-18 04:23:39,903] Trial 505 finished with value: 22.03584035078685 and parameters: {'n_estimators': 4925, 'max_depth': 29}. Best is trial 60 with value: 22.034135239919028.
trail number 520
[I 2025-07-18 04:23:40,381] Trial 520 finished with value: 22.035841733614607 and parameters: {'n_estimators': 563, 'max_depth': 26}. Best is trial 60 with value: 22.034135239919028.
trail number 525
[I 2025-07-18 04:23:40,694] Trial 525 finished with value: 23.111751225789387 and parameters: {'n_estimators': 16, 'max_depth': 20}. Best is trial 60 with value: 22.034135239919028.
trail number 526
[I 2025-07-18 04:23:42,399] Trial 526 finished with value: 22.035134313901267 and parameters: {'n_estimators': 41, 'max_depth': 21}. Best is trial 60 with value: 22.034135239919028.
trail number 517
[I 2025-07-18 04:23:42,759] Trial 517 finished with value: 22.035854179064433 and parameters: {'n_estimators': 1422, 'max_depth': 19}. Best is trial 60 with value: 22.034135239919028.
trail number 522
[I 2025-07-18 04:23:42,900] Trial 522 finished with value: 22.03584217866262 and parameters: {'n_estimators': 758, 'max_depth': 26}. Best is trial 60 with value: 22.034135239919028.
trail number 521
[I 2025-07-18 04:23:43,078] Trial 521 finished with value: 22.035841733614607 and parameters: {'n_estimators': 708, 'max_depth': 25}. Best is trial 60 with value: 22.034135239919028.
trail number 528
[I 2025-07-18 04:23:43,628] Trial 528 finished with value: 22.09920896689097 and parameters: {'n_estimators': 25, 'max_depth': 16}. Best is trial 60 with value: 22.034135239919028.
trail number 532
[I 2025-07-18 04:23:44,543] Trial 532 finished with value: 22.301476224263507 and parameters: {'n_estimators': 20, 'max_depth': 18}. Best is trial 60 with value: 22.034135239919028.
trail number 524
[I 2025-07-18 04:23:45,832] Trial 524 finished with value: 22.035861744880677 and parameters: {'n_estimators': 981, 'max_depth': 13}. Best is trial 60 with value: 22.034135239919028.
trail number 531
[I 2025-07-18 04:23:46,458] Trial 531 finished with value: 22.035729207992553 and parameters: {'n_estimators': 67, 'max_depth': 18}. Best is trial 60 with value: 22.034135239919028.
trail number 535
[I 2025-07-18 04:23:47,019] Trial 535 finished with value: 25.288416105906165 and parameters: {'n_estimators': 11, 'max_depth': 22}. Best is trial 60 with value: 22.034135239919028.
trail number 527
[I 2025-07-18 04:23:47,826] Trial 527 finished with value: 22.035841733614607 and parameters: {'n_estimators': 709, 'max_depth': 24}. Best is trial 60 with value: 22.034135239919028.
trail number 530
[I 2025-07-18 04:23:49,456] Trial 530 finished with value: 22.03585398832957 and parameters: {'n_estimators': 629, 'max_depth': 19}. Best is trial 60 with value: 22.034135239919028.
trail number 534
[I 2025-07-18 04:23:49,467] Trial 534 finished with value: 22.035735637346907 and parameters: {'n_estimators': 71, 'max_depth': 22}. Best is trial 60 with value: 22.034135239919028.
trail number 529
[I 2025-07-18 04:23:49,629] Trial 529 finished with value: 22.035847225189208 and parameters: {'n_estimators': 615, 'max_depth': 20}. Best is trial 60 with value: 22.034135239919028.
trail number 533
[I 2025-07-18 04:23:50,099] Trial 533 finished with value: 22.035847225189208 and parameters: {'n_estimators': 576, 'max_depth': 20}. Best is trial 60 with value: 22.034135239919028.
trail number 541
[I 2025-07-18 04:23:53,358] Trial 541 finished with value: 22.0357182486852 and parameters: {'n_estimators': 63, 'max_depth': 22}. Best is trial 60 with value: 22.034135239919028.
trail number 537
[I 2025-07-18 04:23:55,104] Trial 537 finished with value: 22.035847407976785 and parameters: {'n_estimators': 836, 'max_depth': 20}. Best is trial 60 with value: 22.034135239919028.
trail number 540
[I 2025-07-18 04:23:55,908] Trial 540 finished with value: 22.035841733614607 and parameters: {'n_estimators': 635, 'max_depth': 21}. Best is trial 60 with value: 22.034135239919028.
trail number 538
[I 2025-07-18 04:23:56,006] Trial 538 finished with value: 22.035841733614607 and parameters: {'n_estimators': 581, 'max_depth': 21}. Best is trial 60 with value: 22.034135239919028.
trail number 539
[I 2025-07-18 04:23:56,325] Trial 539 finished with value: 22.035841733614607 and parameters: {'n_estimators': 625, 'max_depth': 21}. Best is trial 60 with value: 22.034135239919028.
trail number 543
[I 2025-07-18 04:23:56,522] Trial 543 finished with value: 22.054089840253194 and parameters: {'n_estimators': 30, 'max_depth': 21}. Best is trial 60 with value: 22.034135239919028.
trail number 545
[I 2025-07-18 04:23:57,400] Trial 545 finished with value: 22.076026097933454 and parameters: {'n_estimators': 27, 'max_depth': 23}. Best is trial 60 with value: 22.034135239919028.
trail number 547
[I 2025-07-18 04:23:58,790] Trial 547 finished with value: 22.035619010925295 and parameters: {'n_estimators': 44, 'max_depth': 23}. Best is trial 60 with value: 22.034135239919028.
trail number 546
[I 2025-07-18 04:23:59,341] Trial 546 finished with value: 22.03569259484609 and parameters: {'n_estimators': 60, 'max_depth': 22}. Best is trial 60 with value: 22.034135239919028.
trail number 548
[I 2025-07-18 04:23:59,964] Trial 548 finished with value: 22.035576246579488 and parameters: {'n_estimators': 53, 'max_depth': 22}. Best is trial 60 with value: 22.034135239919028.
trail number 542
[I 2025-07-18 04:24:00,083] Trial 542 finished with value: 22.035841733614607 and parameters: {'n_estimators': 698, 'max_depth': 21}. Best is trial 60 with value: 22.034135239919028.
trail number 551
[I 2025-07-18 04:24:01,213] Trial 551 finished with value: 22.09920896689097 and parameters: {'n_estimators': 25, 'max_depth': 26}. Best is trial 60 with value: 22.034135239919028.
trail number 544
[I 2025-07-18 04:24:01,906] Trial 544 finished with value: 22.035841733614607 and parameters: {'n_estimators': 527, 'max_depth': 23}. Best is trial 60 with value: 22.034135239919028.
trail number 549
