[I 2025-07-18 04:17:48,398] Trial 113 finished with value: 22.09920896689097 and parameters: {'n_estimators': 25, 'max_depth': 24}. Best is trial 60 with value: 22.034135239919028.
trail number 110
[I 2025-07-18 04:17:48,515] Trial 110 finished with value: 22.035839754740397 and parameters: {'n_estimators': 124, 'max_depth': 22}. Best is trial 60 with value: 22.034135239919028.
trail number 109
[I 2025-07-18 04:17:48,524] Trial 109 finished with value: 22.035838395754496 and parameters: {'n_estimators': 170, 'max_depth': 24}. Best is trial 60 with value: 22.034135239919028.
trail number 112
[I 2025-07-18 04:17:49,514] Trial 112 finished with value: 22.035839818318685 and parameters: {'n_estimators': 107, 'max_depth': 23}. Best is trial 60 with value: 22.034135239919028.
trail number 116
[I 2025-07-18 04:17:50,246] Trial 116 finished with value: 22.034763107299803 and parameters: {'n_estimators': 38, 'max_depth': 21}. Best is trial 60 with value: 22.034135239919028.
trail number 114
[I 2025-07-18 04:17:52,235] Trial 114 finished with value: 22.035746858914695 and parameters: {'n_estimators': 76, 'max_depth': 24}. Best is trial 60 with value: 22.034135239919028.
trail number 117
[I 2025-07-18 04:17:53,194] Trial 117 finished with value: 22.03583893616994 and parameters: {'n_estimators': 179, 'max_depth': 22}. Best is trial 60 with value: 22.034135239919028.
trail number 119
[I 2025-07-18 04:17:53,348] Trial 119 finished with value: 22.035695583025618 and parameters: {'n_estimators': 61, 'max_depth': 30}. Best is trial 60 with value: 22.034135239919028.
trail number 115
[I 2025-07-18 04:17:53,528] Trial 115 finished with value: 22.035839754740397 and parameters: {'n_estimators': 215, 'max_depth': 30}. Best is trial 60 with value: 22.034135239919028.
trail number 120
[I 2025-07-18 04:17:59,212] Trial 120 finished with value: 22.03584217866262 and parameters: {'n_estimators': 868, 'max_depth': 30}. Best is trial 60 with value: 22.034135239919028.
trail number 121
[I 2025-07-18 04:17:59,841] Trial 121 finished with value: 22.035841733614607 and parameters: {'n_estimators': 699, 'max_depth': 27}. Best is trial 60 with value: 22.034135239919028.
trail number 125
[I 2025-07-18 04:18:00,453] Trial 125 finished with value: 23.111751225789387 and parameters: {'n_estimators': 16, 'max_depth': 23}. Best is trial 60 with value: 22.034135239919028.
trail number 122
[I 2025-07-18 04:18:00,746] Trial 122 finished with value: 22.03584035078685 and parameters: {'n_estimators': 901, 'max_depth': 30}. Best is trial 60 with value: 22.034135239919028.
trail number 124
[I 2025-07-18 04:18:00,860] Trial 124 finished with value: 22.047809505462645 and parameters: {'n_estimators': 31, 'max_depth': 23}. Best is trial 60 with value: 22.034135239919028.
trail number 123
[I 2025-07-18 04:18:00,867] Trial 123 finished with value: 22.03584217866262 and parameters: {'n_estimators': 801, 'max_depth': 21}. Best is trial 60 with value: 22.034135239919028.
trail number 96
[I 2025-07-18 04:18:02,112] Trial 96 finished with value: 22.035860409736635 and parameters: {'n_estimators': 3954, 'max_depth': 3}. Best is trial 60 with value: 22.034135239919028.
trail number 130
[I 2025-07-18 04:18:02,663] Trial 130 finished with value: 25.288416105906165 and parameters: {'n_estimators': 11, 'max_depth': 21}. Best is trial 60 with value: 22.034135239919028.
trail number 129
[I 2025-07-18 04:18:05,061] Trial 129 finished with value: 22.03580919742584 and parameters: {'n_estimators': 90, 'max_depth': 20}. Best is trial 60 with value: 22.034135239919028.
trail number 126
[I 2025-07-18 04:18:07,119] Trial 126 finished with value: 22.035841733614607 and parameters: {'n_estimators': 665, 'max_depth': 21}. Best is trial 60 with value: 22.034135239919028.
trail number 131
[I 2025-07-18 04:18:09,998] Trial 131 finished with value: 22.035845580101014 and parameters: {'n_estimators': 933, 'max_depth': 20}. Best is trial 60 with value: 22.034135239919028.
trail number 134
[I 2025-07-18 04:18:10,551] Trial 134 finished with value: 25.288416105906165 and parameters: {'n_estimators': 11, 'max_depth': 26}. Best is trial 60 with value: 22.034135239919028.
trail number 133
[I 2025-07-18 04:18:11,681] Trial 133 finished with value: 22.035837322870893 and parameters: {'n_estimators': 142, 'max_depth': 25}. Best is trial 60 with value: 22.034135239919028.
trail number 135
[I 2025-07-18 04:18:12,817] Trial 135 finished with value: 22.035619010925295 and parameters: {'n_estimators': 44, 'max_depth': 23}. Best is trial 60 with value: 22.034135239919028.
trail number 136
[I 2025-07-18 04:18:15,881] Trial 136 finished with value: 22.035788192749024 and parameters: {'n_estimators': 87, 'max_depth': 27}. Best is trial 60 with value: 22.034135239919028.
trail number 137
[I 2025-07-18 04:18:16,765] Trial 137 finished with value: 22.03575637976329 and parameters: {'n_estimators': 81, 'max_depth': 27}. Best is trial 60 with value: 22.034135239919028.
trail number 127
[I 2025-07-18 04:18:17,783] Trial 127 finished with value: 22.03584035078685 and parameters: {'n_estimators': 3683, 'max_depth': 30}. Best is trial 60 with value: 22.034135239919028.
trail number 138
[I 2025-07-18 04:18:18,482] Trial 138 finished with value: 22.035576246579488 and parameters: {'n_estimators': 53, 'max_depth': 26}. Best is trial 60 with value: 22.034135239919028.
trail number 118
[I 2025-07-18 04:18:18,668] Trial 118 finished with value: 22.035860409736635 and parameters: {'n_estimators': 4071, 'max_depth': 3}. Best is trial 60 with value: 22.034135239919028.
trail number 140
[I 2025-07-18 04:18:19,261] Trial 140 finished with value: 22.037306764920555 and parameters: {'n_estimators': 34, 'max_depth': 23}. Best is trial 60 with value: 22.034135239919028.
trail number 139
[I 2025-07-18 04:18:19,828] Trial 139 finished with value: 22.035629795392357 and parameters: {'n_estimators': 57, 'max_depth': 23}. Best is trial 60 with value: 22.034135239919028.
trail number 128
[I 2025-07-18 04:18:22,134] Trial 128 finished with value: 22.035845580101014 and parameters: {'n_estimators': 4987, 'max_depth': 20}. Best is trial 60 with value: 22.034135239919028.
trail number 132
[I 2025-07-18 04:18:22,348] Trial 132 finished with value: 22.036630740165712 and parameters: {'n_estimators': 1862, 'max_depth': 3}. Best is trial 60 with value: 22.034135239919028.
trail number 146
[I 2025-07-18 04:18:23,797] Trial 146 finished with value: 22.037306764920555 and parameters: {'n_estimators': 34, 'max_depth': 28}. Best is trial 60 with value: 22.034135239919028.
trail number 141
[I 2025-07-18 04:18:26,011] Trial 141 finished with value: 22.03584035078685 and parameters: {'n_estimators': 938, 'max_depth': 26}. Best is trial 60 with value: 22.034135239919028.
trail number 144
[I 2025-07-18 04:18:27,014] Trial 144 finished with value: 22.03584217866262 and parameters: {'n_estimators': 880, 'max_depth': 25}. Best is trial 60 with value: 22.034135239919028.
trail number 145
[I 2025-07-18 04:18:29,471] Trial 145 finished with value: 22.03584217866262 and parameters: {'n_estimators': 831, 'max_depth': 24}. Best is trial 60 with value: 22.034135239919028.
trail number 147
[I 2025-07-18 04:18:30,878] Trial 147 finished with value: 22.03584217866262 and parameters: {'n_estimators': 826, 'max_depth': 26}. Best is trial 60 with value: 22.034135239919028.
trail number 151
[I 2025-07-18 04:18:31,381] Trial 151 finished with value: 26.0810078048706 and parameters: {'n_estimators': 10, 'max_depth': 25}. Best is trial 60 with value: 22.034135239919028.
trail number 152
[I 2025-07-18 04:18:32,283] Trial 152 finished with value: 22.45101548194885 and parameters: {'n_estimators': 19, 'max_depth': 24}. Best is trial 60 with value: 22.034135239919028.
trail number 148
[I 2025-07-18 04:18:32,581] Trial 148 finished with value: 22.035841733614607 and parameters: {'n_estimators': 657, 'max_depth': 26}. Best is trial 60 with value: 22.034135239919028.
trail number 149
[I 2025-07-18 04:18:34,174] Trial 149 finished with value: 22.035841733614607 and parameters: {'n_estimators': 729, 'max_depth': 25}. Best is trial 60 with value: 22.034135239919028.
trail number 153
[I 2025-07-18 04:18:34,184] Trial 153 finished with value: 22.035133908589682 and parameters: {'n_estimators': 40, 'max_depth': 20}. Best is trial 60 with value: 22.034135239919028.
trail number 150
[I 2025-07-18 04:18:34,449] Trial 150 finished with value: 22.035837887128192 and parameters: {'n_estimators': 161, 'max_depth': 27}. Best is trial 60 with value: 22.034135239919028.
trail number 155
[I 2025-07-18 04:18:34,822] Trial 155 finished with value: 23.760127271016437 and parameters: {'n_estimators': 14, 'max_depth': 25}. Best is trial 60 with value: 22.034135239919028.
trail number 156
[I 2025-07-18 04:18:35,789] Trial 156 finished with value: 22.04394076983134 and parameters: {'n_estimators': 33, 'max_depth': 19}. Best is trial 60 with value: 22.034135239919028.
trail number 154
[I 2025-07-18 04:18:36,287] Trial 154 finished with value: 22.035732522010804 and parameters: {'n_estimators': 69, 'max_depth': 24}. Best is trial 60 with value: 22.034135239919028.
trail number 143
[I 2025-07-18 04:18:38,707] Trial 143 finished with value: 22.035845580101014 and parameters: {'n_estimators': 4352, 'max_depth': 20}. Best is trial 60 with value: 22.034135239919028.
trail number 157
[I 2025-07-18 04:18:39,393] Trial 157 finished with value: 22.035844292640686 and parameters: {'n_estimators': 198, 'max_depth': 20}. Best is trial 60 with value: 22.034135239919028.
trail number 142
[I 2025-07-18 04:18:39,515] Trial 142 finished with value: 22.03584848880768 and parameters: {'n_estimators': 4845, 'max_depth': 17}. Best is trial 60 with value: 22.034135239919028.
trail number 158
[I 2025-07-18 04:18:39,709] Trial 158 finished with value: 22.0358442290624 and parameters: {'n_estimators': 226, 'max_depth': 20}. Best is trial 60 with value: 22.034135239919028.
trail number 159
[I 2025-07-18 04:18:41,071] Trial 159 finished with value: 22.035844221115113 and parameters: {'n_estimators': 227, 'max_depth': 20}. Best is trial 60 with value: 22.034135239919028.
trail number 165
[I 2025-07-18 04:18:42,251] Trial 165 finished with value: 22.119041833877567 and parameters: {'n_estimators': 24, 'max_depth': 29}. Best is trial 60 with value: 22.034135239919028.
trail number 160
[I 2025-07-18 04:18:43,544] Trial 160 finished with value: 22.035854179064433 and parameters: {'n_estimators': 909, 'max_depth': 19}. Best is trial 60 with value: 22.034135239919028.
trail number 167
[I 2025-07-18 04:18:44,227] Trial 167 finished with value: 23.429323819478352 and parameters: {'n_estimators': 15, 'max_depth': 20}. Best is trial 60 with value: 22.034135239919028.
trail number 161
[I 2025-07-18 04:18:46,040] Trial 161 finished with value: 22.035847407976785 and parameters: {'n_estimators': 841, 'max_depth': 20}. Best is trial 60 with value: 22.034135239919028.
trail number 163
[I 2025-07-18 04:18:46,783] Trial 163 finished with value: 22.035848298072814 and parameters: {'n_estimators': 804, 'max_depth': 17}. Best is trial 60 with value: 22.034135239919028.
trail number 166
[I 2025-07-18 04:18:46,942] Trial 166 finished with value: 22.035837672551473 and parameters: {'n_estimators': 154, 'max_depth': 21}. Best is trial 60 with value: 22.034135239919028.
trail number 164
[I 2025-07-18 04:18:47,050] Trial 164 finished with value: 22.03584747950236 and parameters: {'n_estimators': 807, 'max_depth': 20}. Best is trial 60 with value: 22.034135239919028.
trail number 162
[I 2025-07-18 04:18:47,314] Trial 162 finished with value: 22.035854179064433 and parameters: {'n_estimators': 1031, 'max_depth': 19}. Best is trial 60 with value: 22.034135239919028.
trail number 168
[I 2025-07-18 04:18:47,649] Trial 168 finished with value: 22.035741812388103 and parameters: {'n_estimators': 74, 'max_depth': 24}. Best is trial 60 with value: 22.034135239919028.
trail number 170
[I 2025-07-18 04:18:47,752] Trial 170 finished with value: 22.45101548194885 and parameters: {'n_estimators': 19, 'max_depth': 22}. Best is trial 60 with value: 22.034135239919028.
trail number 171
[I 2025-07-18 04:18:47,803] Trial 171 finished with value: 22.83553890546163 and parameters: {'n_estimators': 17, 'max_depth': 25}. Best is trial 60 with value: 22.034135239919028.
trail number 173
[I 2025-07-18 04:18:48,610] Trial 173 finished with value: 22.09920896689097 and parameters: {'n_estimators': 25, 'max_depth': 27}. Best is trial 60 with value: 22.034135239919028.
trail number 174
[I 2025-07-18 04:18:48,930] Trial 174 finished with value: 22.08676982720693 and parameters: {'n_estimators': 26, 'max_depth': 25}. Best is trial 60 with value: 22.034135239919028.
trail number 177
[I 2025-07-18 04:18:49,122] Trial 177 finished with value: 26.0810078048706 and parameters: {'n_estimators': 10, 'max_depth': 23}. Best is trial 60 with value: 22.034135239919028.
trail number 169
[I 2025-07-18 04:18:49,158] Trial 169 finished with value: 22.035695583025618 and parameters: {'n_estimators': 61, 'max_depth': 24}. Best is trial 60 with value: 22.034135239919028.
trail number 180
[I 2025-07-18 04:18:49,913] Trial 180 finished with value: 23.111751225789387 and parameters: {'n_estimators': 16, 'max_depth': 21}. Best is trial 60 with value: 22.034135239919028.
trail number 178
[I 2025-07-18 04:18:50,130] Trial 178 finished with value: 22.119041833877567 and parameters: {'n_estimators': 24, 'max_depth': 22}. Best is trial 60 with value: 22.034135239919028.
trail number 175
[I 2025-07-18 04:18:52,785] Trial 175 finished with value: 22.035837577184044 and parameters: {'n_estimators': 150, 'max_depth': 26}. Best is trial 60 with value: 22.034135239919028.
trail number 179
[I 2025-07-18 04:18:53,754] Trial 179 finished with value: 22.035839993158977 and parameters: {'n_estimators': 117, 'max_depth': 22}. Best is trial 60 with value: 22.034135239919028.
trail number 172
[I 2025-07-18 04:18:53,973] Trial 172 finished with value: 22.035841733614607 and parameters: {'n_estimators': 664, 'max_depth': 23}. Best is trial 60 with value: 22.034135239919028.
trail number 176
[I 2025-07-18 04:18:55,078] Trial 176 finished with value: 22.03584217866262 and parameters: {'n_estimators': 789, 'max_depth': 23}. Best is trial 60 with value: 22.034135239919028.
trail number 181
[I 2025-07-18 04:18:56,875] Trial 181 finished with value: 22.03584217866262 and parameters: {'n_estimators': 770, 'max_depth': 23}. Best is trial 60 with value: 22.034135239919028.
trail number 182
[I 2025-07-18 04:18:57,476] Trial 182 finished with value: 22.03584217866262 and parameters: {'n_estimators': 747, 'max_depth': 25}. Best is trial 60 with value: 22.034135239919028.
trail number 184
[I 2025-07-18 04:18:59,728] Trial 184 finished with value: 22.035841733614607 and parameters: {'n_estimators': 682, 'max_depth': 27}. Best is trial 60 with value: 22.034135239919028.
trail number 183
[I 2025-07-18 04:19:00,220] Trial 183 finished with value: 22.03584217866262 and parameters: {'n_estimators': 762, 'max_depth': 23}. Best is trial 60 with value: 22.034135239919028.
trail number 185
[I 2025-07-18 04:19:00,635] Trial 185 finished with value: 22.035841733614607 and parameters: {'n_estimators': 698, 'max_depth': 27}. Best is trial 60 with value: 22.034135239919028.
trail number 186
[I 2025-07-18 04:19:00,696] Trial 186 finished with value: 22.035872410138445 and parameters: {'n_estimators': 455, 'max_depth': 15}. Best is trial 60 with value: 22.034135239919028.
trail number 187
[I 2025-07-18 04:19:00,919] Trial 187 finished with value: 22.035865774154665 and parameters: {'n_estimators': 107, 'max_depth': 14}. Best is trial 60 with value: 22.034135239919028.
trail number 189
[I 2025-07-18 04:19:00,929] Trial 189 finished with value: 22.08676982720693 and parameters: {'n_estimators': 26, 'max_depth': 19}. Best is trial 60 with value: 22.034135239919028.
trail number 188
[I 2025-07-18 04:19:02,271] Trial 188 finished with value: 22.035856992403666 and parameters: {'n_estimators': 258, 'max_depth': 16}. Best is trial 60 with value: 22.034135239919028.
trail number 193
[I 2025-07-18 04:19:02,677] Trial 193 finished with value: 22.03445998191834 and parameters: {'n_estimators': 36, 'max_depth': 19}. Best is trial 60 with value: 22.034135239919028.
trail number 195
[I 2025-07-18 04:19:03,251] Trial 195 finished with value: 22.162446320851643 and parameters: {'n_estimators': 22, 'max_depth': 22}. Best is trial 60 with value: 22.034135239919028.
trail number 196
[I 2025-07-18 04:19:04,623] Trial 196 finished with value: 22.034763107299803 and parameters: {'n_estimators': 38, 'max_depth': 21}. Best is trial 60 with value: 22.034135239919028.
trail number 190
[I 2025-07-18 04:19:04,722] Trial 190 finished with value: 22.03586248397827 and parameters: {'n_estimators': 125, 'max_depth': 15}. Best is trial 60 with value: 22.034135239919028.
trail number 192
[I 2025-07-18 04:19:04,930] Trial 192 finished with value: 22.035856738090516 and parameters: {'n_estimators': 179, 'max_depth': 13}. Best is trial 60 with value: 22.034135239919028.
trail number 194
[I 2025-07-18 04:19:04,979] Trial 194 finished with value: 22.035786658922834 and parameters: {'n_estimators': 84, 'max_depth': 26}. Best is trial 60 with value: 22.034135239919028.
trail number 200
[I 2025-07-18 04:19:05,493] Trial 200 finished with value: 24.63246527353922 and parameters: {'n_estimators': 12, 'max_depth': 18}. Best is trial 60 with value: 22.034135239919028.
trail number 199
[I 2025-07-18 04:19:05,764] Trial 199 finished with value: 22.301476224263507 and parameters: {'n_estimators': 20, 'max_depth': 19}. Best is trial 60 with value: 22.034135239919028.
trail number 191
[I 2025-07-18 04:19:06,017] Trial 191 finished with value: 22.035845286051433 and parameters: {'n_estimators': 296, 'max_depth': 18}. Best is trial 60 with value: 22.034135239919028.
trail number 201
[I 2025-07-18 04:19:06,264] Trial 201 finished with value: 22.08676982720693 and parameters: {'n_estimators': 26, 'max_depth': 24}. Best is trial 60 with value: 22.034135239919028.
trail number 204
[I 2025-07-18 04:19:07,274] Trial 204 finished with value: 22.06674558321635 and parameters: {'n_estimators': 28, 'max_depth': 24}. Best is trial 60 with value: 22.034135239919028.
trail number 197
[I 2025-07-18 04:19:07,845] Trial 197 finished with value: 22.03583761692047 and parameters: {'n_estimators': 116, 'max_depth': 17}. Best is trial 60 with value: 22.034135239919028.
trail number 202
[I 2025-07-18 04:19:08,168] Trial 202 finished with value: 22.035554637908938 and parameters: {'n_estimators': 50, 'max_depth': 21}. Best is trial 60 with value: 22.034135239919028.
trail number 198
[I 2025-07-18 04:19:09,056] Trial 198 finished with value: 22.035837346712746 and parameters: {'n_estimators': 143, 'max_depth': 21}. Best is trial 60 with value: 22.034135239919028.
trail number 205
[I 2025-07-18 04:19:09,393] Trial 205 finished with value: 22.03562213420868 and parameters: {'n_estimators': 56, 'max_depth': 23}. Best is trial 60 with value: 22.034135239919028.
trail number 208
[I 2025-07-18 04:19:09,507] Trial 208 finished with value: 22.061360303560896 and parameters: {'n_estimators': 29, 'max_depth': 21}. Best is trial 60 with value: 22.034135239919028.
trail number 209
[I 2025-07-18 04:19:10,142] Trial 209 finished with value: 22.162446320851643 and parameters: {'n_estimators': 22, 'max_depth': 22}. Best is trial 60 with value: 22.034135239919028.
trail number 207
[I 2025-07-18 04:19:10,337] Trial 207 finished with value: 22.035554200808207 and parameters: {'n_estimators': 48, 'max_depth': 20}. Best is trial 60 with value: 22.034135239919028.
trail number 211
[I 2025-07-18 04:19:10,949] Trial 211 finished with value: 22.06674558321635 and parameters: {'n_estimators': 28, 'max_depth': 27}. Best is trial 60 with value: 22.034135239919028.
trail number 203
[I 2025-07-18 04:19:11,923] Trial 203 finished with value: 22.035841733614607 and parameters: {'n_estimators': 514, 'max_depth': 23}. Best is trial 60 with value: 22.034135239919028.
trail number 210
[I 2025-07-18 04:19:12,276] Trial 210 finished with value: 22.035576246579488 and parameters: {'n_estimators': 53, 'max_depth': 29}. Best is trial 60 with value: 22.034135239919028.
trail number 212
[I 2025-07-18 04:19:12,797] Trial 212 finished with value: 22.035629795392357 and parameters: {'n_estimators': 57, 'max_depth': 29}. Best is trial 60 with value: 22.034135239919028.
trail number 206
[I 2025-07-18 04:19:13,897] Trial 206 finished with value: 22.035846827824912 and parameters: {'n_estimators': 685, 'max_depth': 20}. Best is trial 60 with value: 22.034135239919028.
trail number 215
[I 2025-07-18 04:19:14,096] Trial 215 finished with value: 22.03551018079122 and parameters: {'n_estimators': 42, 'max_depth': 30}. Best is trial 60 with value: 22.034135239919028.
trail number 217
[I 2025-07-18 04:19:14,605] Trial 217 finished with value: 22.037306764920555 and parameters: {'n_estimators': 34, 'max_depth': 29}. Best is trial 60 with value: 22.034135239919028.
trail number 213
[I 2025-07-18 04:19:14,648] Trial 213 finished with value: 22.03583791891734 and parameters: {'n_estimators': 162, 'max_depth': 28}. Best is trial 60 with value: 22.034135239919028.
trail number 214
[I 2025-07-18 04:19:17,835] Trial 214 finished with value: 22.03584787686666 and parameters: {'n_estimators': 757, 'max_depth': 20}. Best is trial 60 with value: 22.034135239919028.
trail number 216
[I 2025-07-18 04:19:18,075] Trial 216 finished with value: 22.035841733614607 and parameters: {'n_estimators': 444, 'max_depth': 28}. Best is trial 60 with value: 22.034135239919028.
trail number 219
[I 2025-07-18 04:19:18,750] Trial 219 finished with value: 22.035839921633404 and parameters: {'n_estimators': 130, 'max_depth': 30}. Best is trial 60 with value: 22.034135239919028.
trail number 218
