[I 2025-07-18 04:19:19,553] Trial 218 finished with value: 22.035841733614607 and parameters: {'n_estimators': 466, 'max_depth': 29}. Best is trial 60 with value: 22.034135239919028.
trail number 220
[I 2025-07-18 04:19:20,383] Trial 220 finished with value: 22.035841733614603 and parameters: {'n_estimators': 366, 'max_depth': 30}. Best is trial 60 with value: 22.034135239919028.
trail number 226
[I 2025-07-18 04:19:22,202] Trial 226 finished with value: 22.035133908589682 and parameters: {'n_estimators': 40, 'max_depth': 22}. Best is trial 60 with value: 22.034135239919028.
trail number 221
[I 2025-07-18 04:19:23,002] Trial 221 finished with value: 22.03584035078685 and parameters: {'n_estimators': 1005, 'max_depth': 30}. Best is trial 60 with value: 22.034135239919028.
trail number 224
[I 2025-07-18 04:19:23,744] Trial 224 finished with value: 22.0358376010259 and parameters: {'n_estimators': 151, 'max_depth': 30}. Best is trial 60 with value: 22.034135239919028.
trail number 228
[I 2025-07-18 04:19:24,413] Trial 228 finished with value: 22.06674558321635 and parameters: {'n_estimators': 28, 'max_depth': 29}. Best is trial 60 with value: 22.034135239919028.
trail number 223
[I 2025-07-18 04:19:24,910] Trial 223 finished with value: 22.035841733614607 and parameters: {'n_estimators': 629, 'max_depth': 30}. Best is trial 60 with value: 22.034135239919028.
trail number 222
[I 2025-07-18 04:19:25,117] Trial 222 finished with value: 22.03584035078685 and parameters: {'n_estimators': 926, 'max_depth': 30}. Best is trial 60 with value: 22.034135239919028.
trail number 232
[I 2025-07-18 04:19:26,113] Trial 232 finished with value: 22.301476224263507 and parameters: {'n_estimators': 20, 'max_depth': 18}. Best is trial 60 with value: 22.034135239919028.
trail number 225
[I 2025-07-18 04:19:26,191] Trial 225 finished with value: 22.035841733614607 and parameters: {'n_estimators': 530, 'max_depth': 30}. Best is trial 60 with value: 22.034135239919028.
trail number 233
[I 2025-07-18 04:19:26,568] Trial 233 finished with value: 26.0810078048706 and parameters: {'n_estimators': 10, 'max_depth': 21}. Best is trial 60 with value: 22.034135239919028.
trail number 229
[I 2025-07-18 04:19:27,285] Trial 229 finished with value: 22.035752922693888 and parameters: {'n_estimators': 73, 'max_depth': 19}. Best is trial 60 with value: 22.034135239919028.
trail number 227
[I 2025-07-18 04:19:29,503] Trial 227 finished with value: 22.03584217866262 and parameters: {'n_estimators': 775, 'max_depth': 30}. Best is trial 60 with value: 22.034135239919028.
trail number 230
[I 2025-07-18 04:19:30,822] Trial 230 finished with value: 22.035841733614607 and parameters: {'n_estimators': 651, 'max_depth': 21}. Best is trial 60 with value: 22.034135239919028.
trail number 231
[I 2025-07-18 04:19:31,413] Trial 231 finished with value: 22.035841733614607 and parameters: {'n_estimators': 640, 'max_depth': 24}. Best is trial 60 with value: 22.034135239919028.
trail number 234
[I 2025-07-18 04:19:32,863] Trial 234 finished with value: 22.035841733614607 and parameters: {'n_estimators': 647, 'max_depth': 21}. Best is trial 60 with value: 22.034135239919028.
trail number 235
[I 2025-07-18 04:19:33,091] Trial 235 finished with value: 22.035841733614607 and parameters: {'n_estimators': 670, 'max_depth': 23}. Best is trial 60 with value: 22.034135239919028.
trail number 236
[I 2025-07-18 04:19:33,665] Trial 236 finished with value: 22.035841733614607 and parameters: {'n_estimators': 681, 'max_depth': 22}. Best is trial 60 with value: 22.034135239919028.
trail number 241
[I 2025-07-18 04:19:34,399] Trial 241 finished with value: 22.06674558321635 and parameters: {'n_estimators': 28, 'max_depth': 24}. Best is trial 60 with value: 22.034135239919028.
trail number 239
[I 2025-07-18 04:19:35,794] Trial 239 finished with value: 22.035825775464378 and parameters: {'n_estimators': 96, 'max_depth': 26}. Best is trial 60 with value: 22.034135239919028.
trail number 242
[I 2025-07-18 04:19:35,864] Trial 242 finished with value: 22.03551018079122 and parameters: {'n_estimators': 42, 'max_depth': 25}. Best is trial 60 with value: 22.034135239919028.
trail number 237
[I 2025-07-18 04:19:36,060] Trial 237 finished with value: 22.035841733614607 and parameters: {'n_estimators': 625, 'max_depth': 24}. Best is trial 60 with value: 22.034135239919028.
trail number 240
[I 2025-07-18 04:19:36,953] Trial 240 finished with value: 22.035758152008057 and parameters: {'n_estimators': 80, 'max_depth': 23}. Best is trial 60 with value: 22.034135239919028.
trail number 245
[I 2025-07-18 04:19:37,162] Trial 245 finished with value: 22.076026097933454 and parameters: {'n_estimators': 27, 'max_depth': 23}. Best is trial 60 with value: 22.034135239919028.
trail number 243
[I 2025-07-18 04:19:38,109] Trial 243 finished with value: 22.035735637346907 and parameters: {'n_estimators': 71, 'max_depth': 24}. Best is trial 60 with value: 22.034135239919028.
trail number 247
[I 2025-07-18 04:19:38,580] Trial 247 finished with value: 22.03445998191834 and parameters: {'n_estimators': 36, 'max_depth': 26}. Best is trial 60 with value: 22.034135239919028.
trail number 249
[I 2025-07-18 04:19:38,982] Trial 249 finished with value: 22.630947901407875 and parameters: {'n_estimators': 18, 'max_depth': 25}. Best is trial 60 with value: 22.034135239919028.
trail number 246
[I 2025-07-18 04:19:38,991] Trial 246 finished with value: 22.03569980303447 and parameters: {'n_estimators': 62, 'max_depth': 25}. Best is trial 60 with value: 22.034135239919028.
trail number 248
[I 2025-07-18 04:19:39,471] Trial 248 finished with value: 22.03557097752889 and parameters: {'n_estimators': 46, 'max_depth': 27}. Best is trial 60 with value: 22.034135239919028.
trail number 244
[I 2025-07-18 04:19:40,727] Trial 244 finished with value: 22.035841852823893 and parameters: {'n_estimators': 135, 'max_depth': 22}. Best is trial 60 with value: 22.034135239919028.
trail number 251
[I 2025-07-18 04:19:40,991] Trial 251 finished with value: 22.03445998191834 and parameters: {'n_estimators': 36, 'max_depth': 27}. Best is trial 60 with value: 22.034135239919028.
trail number 252
[I 2025-07-18 04:19:42,298] Trial 252 finished with value: 22.03572012424469 and parameters: {'n_estimators': 64, 'max_depth': 27}. Best is trial 60 with value: 22.034135239919028.
trail number 254
[I 2025-07-18 04:19:42,511] Trial 254 finished with value: 22.03445998191834 and parameters: {'n_estimators': 36, 'max_depth': 27}. Best is trial 60 with value: 22.034135239919028.
trail number 255
[I 2025-07-18 04:19:43,101] Trial 255 finished with value: 22.035272850990296 and parameters: {'n_estimators': 43, 'max_depth': 27}. Best is trial 60 with value: 22.034135239919028.
trail number 253
[I 2025-07-18 04:19:43,723] Trial 253 finished with value: 22.035839579900106 and parameters: {'n_estimators': 127, 'max_depth': 27}. Best is trial 60 with value: 22.034135239919028.
trail number 238
[I 2025-07-18 04:19:46,050] Trial 238 finished with value: 22.035855379104614 and parameters: {'n_estimators': 3135, 'max_depth': 16}. Best is trial 60 with value: 22.034135239919028.
trail number 258
[I 2025-07-18 04:19:47,013] Trial 258 finished with value: 22.035759328206378 and parameters: {'n_estimators': 79, 'max_depth': 28}. Best is trial 60 with value: 22.034135239919028.
trail number 256
[I 2025-07-18 04:19:47,033] Trial 256 finished with value: 22.035839635531108 and parameters: {'n_estimators': 106, 'max_depth': 27}. Best is trial 60 with value: 22.034135239919028.
trail number 260
[I 2025-07-18 04:19:50,115] Trial 260 finished with value: 22.035751865704857 and parameters: {'n_estimators': 77, 'max_depth': 27}. Best is trial 60 with value: 22.034135239919028.
trail number 259
[I 2025-07-18 04:19:50,302] Trial 259 finished with value: 22.035841733614607 and parameters: {'n_estimators': 662, 'max_depth': 26}. Best is trial 60 with value: 22.034135239919028.
trail number 264
[I 2025-07-18 04:19:51,003] Trial 264 finished with value: 23.111751225789387 and parameters: {'n_estimators': 16, 'max_depth': 28}. Best is trial 60 with value: 22.034135239919028.
trail number 250
[I 2025-07-18 04:19:51,158] Trial 250 finished with value: 22.035870033899947 and parameters: {'n_estimators': 2481, 'max_depth': 11}. Best is trial 60 with value: 22.034135239919028.
trail number 261
[I 2025-07-18 04:19:53,760] Trial 261 finished with value: 22.035841733614607 and parameters: {'n_estimators': 674, 'max_depth': 25}. Best is trial 60 with value: 22.034135239919028.
trail number 262
[I 2025-07-18 04:19:54,074] Trial 262 finished with value: 22.03584217866262 and parameters: {'n_estimators': 837, 'max_depth': 27}. Best is trial 60 with value: 22.034135239919028.
trail number 268
[I 2025-07-18 04:19:54,645] Trial 268 finished with value: 25.288416105906165 and parameters: {'n_estimators': 11, 'max_depth': 20}. Best is trial 60 with value: 22.034135239919028.
trail number 269
[I 2025-07-18 04:19:55,771] Trial 269 finished with value: 22.136167647043866 and parameters: {'n_estimators': 23, 'max_depth': 27}. Best is trial 60 with value: 22.034135239919028.
trail number 257
[I 2025-07-18 04:19:56,249] Trial 257 finished with value: 22.035873133341475 and parameters: {'n_estimators': 2696, 'max_depth': 15}. Best is trial 60 with value: 22.034135239919028.
trail number 270
[I 2025-07-18 04:19:57,155] Trial 270 finished with value: 22.06674558321635 and parameters: {'n_estimators': 28, 'max_depth': 26}. Best is trial 60 with value: 22.034135239919028.
trail number 263
[I 2025-07-18 04:19:57,532] Trial 263 finished with value: 22.035841733614607 and parameters: {'n_estimators': 728, 'max_depth': 25}. Best is trial 60 with value: 22.034135239919028.
trail number 265
[I 2025-07-18 04:19:58,041] Trial 265 finished with value: 22.03584217866262 and parameters: {'n_estimators': 809, 'max_depth': 26}. Best is trial 60 with value: 22.034135239919028.
trail number 266
[I 2025-07-18 04:19:58,436] Trial 266 finished with value: 22.03584217866262 and parameters: {'n_estimators': 861, 'max_depth': 26}. Best is trial 60 with value: 22.034135239919028.
trail number 267
[I 2025-07-18 04:20:00,661] Trial 267 finished with value: 22.035841733614607 and parameters: {'n_estimators': 658, 'max_depth': 25}. Best is trial 60 with value: 22.034135239919028.
trail number 271
[I 2025-07-18 04:20:03,398] Trial 271 finished with value: 22.035847892761232 and parameters: {'n_estimators': 809, 'max_depth': 18}. Best is trial 60 with value: 22.034135239919028.
trail number 272
[I 2025-07-18 04:20:03,496] Trial 272 finished with value: 22.035841733614607 and parameters: {'n_estimators': 577, 'max_depth': 25}. Best is trial 60 with value: 22.034135239919028.
trail number 276
[I 2025-07-18 04:20:03,578] Trial 276 finished with value: 22.03569259484609 and parameters: {'n_estimators': 60, 'max_depth': 20}. Best is trial 60 with value: 22.034135239919028.
trail number 273
[I 2025-07-18 04:20:03,994] Trial 273 finished with value: 22.035847892761232 and parameters: {'n_estimators': 632, 'max_depth': 18}. Best is trial 60 with value: 22.034135239919028.
trail number 277
[I 2025-07-18 04:20:04,587] Trial 277 finished with value: 22.136167647043866 and parameters: {'n_estimators': 23, 'max_depth': 22}. Best is trial 60 with value: 22.034135239919028.
trail number 278
[I 2025-07-18 04:20:05,143] Trial 278 finished with value: 22.04394076983134 and parameters: {'n_estimators': 33, 'max_depth': 19}. Best is trial 60 with value: 22.034135239919028.
trail number 280
[I 2025-07-18 04:20:05,551] Trial 280 finished with value: 22.04394076983134 and parameters: {'n_estimators': 33, 'max_depth': 25}. Best is trial 60 with value: 22.034135239919028.
trail number 275
[I 2025-07-18 04:20:05,679] Trial 275 finished with value: 22.035848298072814 and parameters: {'n_estimators': 962, 'max_depth': 17}. Best is trial 60 with value: 22.034135239919028.
trail number 281
[I 2025-07-18 04:20:06,001] Trial 281 finished with value: 22.076026097933454 and parameters: {'n_estimators': 27, 'max_depth': 29}. Best is trial 60 with value: 22.034135239919028.
trail number 274
[I 2025-07-18 04:20:06,037] Trial 274 finished with value: 22.035855124791464 and parameters: {'n_estimators': 1025, 'max_depth': 16}. Best is trial 60 with value: 22.034135239919028.
trail number 282
[I 2025-07-18 04:20:06,700] Trial 282 finished with value: 22.042441736857096 and parameters: {'n_estimators': 32, 'max_depth': 30}. Best is trial 60 with value: 22.034135239919028.
trail number 287
[I 2025-07-18 04:20:07,431] Trial 287 finished with value: 22.630947901407875 and parameters: {'n_estimators': 18, 'max_depth': 25}. Best is trial 60 with value: 22.034135239919028.
trail number 284
[I 2025-07-18 04:20:07,640] Trial 284 finished with value: 22.035133908589682 and parameters: {'n_estimators': 40, 'max_depth': 28}. Best is trial 60 with value: 22.034135239919028.
trail number 283
[I 2025-07-18 04:20:07,853] Trial 283 finished with value: 22.035590019226074 and parameters: {'n_estimators': 45, 'max_depth': 24}. Best is trial 60 with value: 22.034135239919028.
trail number 288
[I 2025-07-18 04:20:07,967] Trial 288 finished with value: 26.0810078048706 and parameters: {'n_estimators': 10, 'max_depth': 22}. Best is trial 60 with value: 22.034135239919028.
trail number 285
[I 2025-07-18 04:20:08,386] Trial 285 finished with value: 22.03557097752889 and parameters: {'n_estimators': 46, 'max_depth': 25}. Best is trial 60 with value: 22.034135239919028.
trail number 279
[I 2025-07-18 04:20:08,400] Trial 279 finished with value: 22.035839953422546 and parameters: {'n_estimators': 119, 'max_depth': 26}. Best is trial 60 with value: 22.034135239919028.
trail number 286
[I 2025-07-18 04:20:10,398] Trial 286 finished with value: 22.035786078770954 and parameters: {'n_estimators': 86, 'max_depth': 26}. Best is trial 60 with value: 22.034135239919028.
trail number 294
[I 2025-07-18 04:20:10,909] Trial 294 finished with value: 26.0810078048706 and parameters: {'n_estimators': 10, 'max_depth': 19}. Best is trial 60 with value: 22.034135239919028.
trail number 290
[I 2025-07-18 04:20:14,116] Trial 290 finished with value: 22.035847225189208 and parameters: {'n_estimators': 529, 'max_depth': 20}. Best is trial 60 with value: 22.034135239919028.
trail number 291
[I 2025-07-18 04:20:14,565] Trial 291 finished with value: 22.035841733614607 and parameters: {'n_estimators': 691, 'max_depth': 22}. Best is trial 60 with value: 22.034135239919028.
trail number 292
[I 2025-07-18 04:20:15,173] Trial 292 finished with value: 22.035841733614607 and parameters: {'n_estimators': 691, 'max_depth': 26}. Best is trial 60 with value: 22.034135239919028.
trail number 293
[I 2025-07-18 04:20:15,315] Trial 293 finished with value: 22.035847090085348 and parameters: {'n_estimators': 652, 'max_depth': 20}. Best is trial 60 with value: 22.034135239919028.
trail number 297
[I 2025-07-18 04:20:16,719] Trial 297 finished with value: 22.035619010925295 and parameters: {'n_estimators': 44, 'max_depth': 30}. Best is trial 60 with value: 22.034135239919028.
trail number 295
[I 2025-07-18 04:20:18,117] Trial 295 finished with value: 22.03584217866262 and parameters: {'n_estimators': 874, 'max_depth': 22}. Best is trial 60 with value: 22.034135239919028.
trail number 296
[I 2025-07-18 04:20:20,715] Trial 296 finished with value: 22.035841733614607 and parameters: {'n_estimators': 547, 'max_depth': 22}. Best is trial 60 with value: 22.034135239919028.
trail number 302
[I 2025-07-18 04:20:21,313] Trial 302 finished with value: 24.63246527353922 and parameters: {'n_estimators': 12, 'max_depth': 24}. Best is trial 60 with value: 22.034135239919028.
trail number 299
[I 2025-07-18 04:20:21,950] Trial 299 finished with value: 22.035841733614607 and parameters: {'n_estimators': 644, 'max_depth': 21}. Best is trial 60 with value: 22.034135239919028.
trail number 304
[I 2025-07-18 04:20:23,111] Trial 304 finished with value: 22.119041833877567 and parameters: {'n_estimators': 24, 'max_depth': 16}. Best is trial 60 with value: 22.034135239919028.
trail number 300
[I 2025-07-18 04:20:23,169] Trial 300 finished with value: 22.035841733614607 and parameters: {'n_estimators': 615, 'max_depth': 22}. Best is trial 60 with value: 22.034135239919028.
trail number 306
[I 2025-07-18 04:20:23,833] Trial 306 finished with value: 24.17564461390177 and parameters: {'n_estimators': 13, 'max_depth': 28}. Best is trial 60 with value: 22.034135239919028.
trail number 301
[I 2025-07-18 04:20:24,747] Trial 301 finished with value: 22.035841733614607 and parameters: {'n_estimators': 602, 'max_depth': 27}. Best is trial 60 with value: 22.034135239919028.
trail number 303
[I 2025-07-18 04:20:24,893] Trial 303 finished with value: 22.035752946535744 and parameters: {'n_estimators': 72, 'max_depth': 17}. Best is trial 60 with value: 22.034135239919028.
trail number 289
[I 2025-07-18 04:20:27,024] Trial 289 finished with value: 22.03585633277893 and parameters: {'n_estimators': 3353, 'max_depth': 8}. Best is trial 60 with value: 22.034135239919028.
trail number 305
[I 2025-07-18 04:20:27,181] Trial 305 finished with value: 22.035741812388103 and parameters: {'n_estimators': 74, 'max_depth': 20}. Best is trial 60 with value: 22.034135239919028.
trail number 309
[I 2025-07-18 04:20:28,502] Trial 309 finished with value: 22.035741812388103 and parameters: {'n_estimators': 74, 'max_depth': 22}. Best is trial 60 with value: 22.034135239919028.
trail number 307
[I 2025-07-18 04:20:30,244] Trial 307 finished with value: 22.035841733614607 and parameters: {'n_estimators': 604, 'max_depth': 27}. Best is trial 60 with value: 22.034135239919028.
trail number 308
[I 2025-07-18 04:20:31,140] Trial 308 finished with value: 22.035841733614607 and parameters: {'n_estimators': 639, 'max_depth': 27}. Best is trial 60 with value: 22.034135239919028.
trail number 310
[I 2025-07-18 04:20:33,587] Trial 310 finished with value: 22.035841733614607 and parameters: {'n_estimators': 717, 'max_depth': 26}. Best is trial 60 with value: 22.034135239919028.
trail number 298
[I 2025-07-18 04:20:35,127] Trial 298 finished with value: 22.03588408470154 and parameters: {'n_estimators': 4082, 'max_depth': 10}. Best is trial 60 with value: 22.034135239919028.
trail number 312
[I 2025-07-18 04:20:35,571] Trial 312 finished with value: 22.03584217866262 and parameters: {'n_estimators': 783, 'max_depth': 28}. Best is trial 60 with value: 22.034135239919028.
trail number 316
[I 2025-07-18 04:20:36,191] Trial 316 finished with value: 22.09920896689097 and parameters: {'n_estimators': 25, 'max_depth': 20}. Best is trial 60 with value: 22.034135239919028.
trail number 318
[I 2025-07-18 04:20:36,803] Trial 318 finished with value: 24.17564461390177 and parameters: {'n_estimators': 13, 'max_depth': 24}. Best is trial 60 with value: 22.034135239919028.
trail number 315
[I 2025-07-18 04:20:37,551] Trial 315 finished with value: 22.035786078770954 and parameters: {'n_estimators': 86, 'max_depth': 24}. Best is trial 60 with value: 22.034135239919028.
trail number 311
[I 2025-07-18 04:20:37,561] Trial 311 finished with value: 22.03584035078685 and parameters: {'n_estimators': 1730, 'max_depth': 25}. Best is trial 60 with value: 22.034135239919028.
trail number 321
[I 2025-07-18 04:20:40,512] Trial 321 finished with value: 22.035695583025618 and parameters: {'n_estimators': 61, 'max_depth': 25}. Best is trial 60 with value: 22.034135239919028.
trail number 313
[I 2025-07-18 04:20:41,188] Trial 313 finished with value: 22.03584035078685 and parameters: {'n_estimators': 1752, 'max_depth': 23}. Best is trial 60 with value: 22.034135239919028.
trail number 323
[I 2025-07-18 04:20:41,987] Trial 323 finished with value: 22.83553890546163 and parameters: {'n_estimators': 17, 'max_depth': 28}. Best is trial 60 with value: 22.034135239919028.
trail number 320
[I 2025-07-18 04:20:42,542] Trial 320 finished with value: 22.035838967959087 and parameters: {'n_estimators': 180, 'max_depth': 27}. Best is trial 60 with value: 22.034135239919028.
trail number 314
[I 2025-07-18 04:20:42,639] Trial 314 finished with value: 22.03584035078685 and parameters: {'n_estimators': 2039, 'max_depth': 23}. Best is trial 60 with value: 22.034135239919028.
trail number 324
[I 2025-07-18 04:20:43,092] Trial 324 finished with value: 22.119041833877567 and parameters: {'n_estimators': 24, 'max_depth': 28}. Best is trial 60 with value: 22.034135239919028.
trail number 326
[I 2025-07-18 04:20:43,290] Trial 326 finished with value: 23.879539848963415 and parameters: {'n_estimators': 35, 'max_depth': 6}. Best is trial 60 with value: 22.034135239919028.
trail number 328
[I 2025-07-18 04:20:44,115] Trial 328 finished with value: 22.83553890546163 and parameters: {'n_estimators': 17, 'max_depth': 25}. Best is trial 60 with value: 22.034135239919028.
trail number 317
[I 2025-07-18 04:20:44,799] Trial 317 finished with value: 22.03588408470154 and parameters: {'n_estimators': 1063, 'max_depth': 10}. Best is trial 60 with value: 22.034135239919028.
trail number 325
[I 2025-07-18 04:20:45,040] Trial 325 finished with value: 22.035560987790426 and parameters: {'n_estimators': 51, 'max_depth': 29}. Best is trial 60 with value: 22.034135239919028.
trail number 322
[I 2025-07-18 04:20:45,264] Trial 322 finished with value: 22.03583902359009 and parameters: {'n_estimators': 102, 'max_depth': 27}. Best is trial 60 with value: 22.034135239919028.
trail number 330
[I 2025-07-18 04:20:48,456] Trial 330 finished with value: 22.035749521255493 and parameters: {'n_estimators': 72, 'max_depth': 19}. Best is trial 60 with value: 22.034135239919028.
trail number 319
[I 2025-07-18 04:20:48,723] Trial 319 finished with value: 22.03584035078685 and parameters: {'n_estimators': 2144, 'max_depth': 23}. Best is trial 60 with value: 22.034135239919028.
trail number 334
