[I 2025-07-18 04:20:49,506] Trial 334 finished with value: 22.83553890546163 and parameters: {'n_estimators': 17, 'max_depth': 21}. Best is trial 60 with value: 22.034135239919028.
trail number 327
[I 2025-07-18 04:20:49,925] Trial 327 finished with value: 22.035841733614607 and parameters: {'n_estimators': 723, 'max_depth': 23}. Best is trial 60 with value: 22.034135239919028.
trail number 331
[I 2025-07-18 04:20:51,402] Trial 331 finished with value: 22.035841733614607 and parameters: {'n_estimators': 651, 'max_depth': 22}. Best is trial 60 with value: 22.034135239919028.
trail number 332
[I 2025-07-18 04:20:51,921] Trial 332 finished with value: 22.035841733614607 and parameters: {'n_estimators': 670, 'max_depth': 22}. Best is trial 60 with value: 22.034135239919028.
trail number 333
[I 2025-07-18 04:20:55,507] Trial 333 finished with value: 22.03584217866262 and parameters: {'n_estimators': 753, 'max_depth': 22}. Best is trial 60 with value: 22.034135239919028.
trail number 335
[I 2025-07-18 04:20:56,521] Trial 335 finished with value: 22.035841733614607 and parameters: {'n_estimators': 625, 'max_depth': 22}. Best is trial 60 with value: 22.034135239919028.
trail number 339
[I 2025-07-18 04:20:57,367] Trial 339 finished with value: 22.034763107299803 and parameters: {'n_estimators': 38, 'max_depth': 22}. Best is trial 60 with value: 22.034135239919028.
trail number 340
[I 2025-07-18 04:20:57,970] Trial 340 finished with value: 22.06674558321635 and parameters: {'n_estimators': 28, 'max_depth': 23}. Best is trial 60 with value: 22.034135239919028.
trail number 337
[I 2025-07-18 04:20:58,273] Trial 337 finished with value: 22.035841733614607 and parameters: {'n_estimators': 662, 'max_depth': 25}. Best is trial 60 with value: 22.034135239919028.
trail number 341
[I 2025-07-18 04:21:02,003] Trial 341 finished with value: 22.035838872591654 and parameters: {'n_estimators': 100, 'max_depth': 21}. Best is trial 60 with value: 22.034135239919028.
trail number 329
[I 2025-07-18 04:21:02,742] Trial 329 finished with value: 22.03584035078685 and parameters: {'n_estimators': 4097, 'max_depth': 25}. Best is trial 60 with value: 22.034135239919028.
trail number 342
[I 2025-07-18 04:21:03,648] Trial 342 finished with value: 22.035856722195945 and parameters: {'n_estimators': 528, 'max_depth': 16}. Best is trial 60 with value: 22.034135239919028.
trail number 343
[I 2025-07-18 04:21:04,197] Trial 343 finished with value: 22.035848139127094 and parameters: {'n_estimators': 550, 'max_depth': 17}. Best is trial 60 with value: 22.034135239919028.
trail number 338
[I 2025-07-18 04:21:07,104] Trial 338 finished with value: 22.03584035078685 and parameters: {'n_estimators': 3270, 'max_depth': 24}. Best is trial 60 with value: 22.034135239919028.
trail number 346
[I 2025-07-18 04:21:07,256] Trial 346 finished with value: 22.03573079744975 and parameters: {'n_estimators': 68, 'max_depth': 21}. Best is trial 60 with value: 22.034135239919028.
trail number 344
[I 2025-07-18 04:21:07,837] Trial 344 finished with value: 22.035856722195945 and parameters: {'n_estimators': 479, 'max_depth': 16}. Best is trial 60 with value: 22.034135239919028.
trail number 345
[I 2025-07-18 04:21:09,016] Trial 345 finished with value: 22.03585711161296 and parameters: {'n_estimators': 746, 'max_depth': 16}. Best is trial 60 with value: 22.034135239919028.
trail number 336
[I 2025-07-18 04:21:09,930] Trial 336 finished with value: 22.03584035078685 and parameters: {'n_estimators': 4430, 'max_depth': 26}. Best is trial 60 with value: 22.034135239919028.
trail number 349
[I 2025-07-18 04:21:10,243] Trial 349 finished with value: 22.03554158846537 and parameters: {'n_estimators': 54, 'max_depth': 30}. Best is trial 60 with value: 22.034135239919028.
trail number 352
[I 2025-07-18 04:21:10,399] Trial 352 finished with value: 25.288416105906165 and parameters: {'n_estimators': 11, 'max_depth': 25}. Best is trial 60 with value: 22.034135239919028.
trail number 347
[I 2025-07-18 04:21:10,782] Trial 347 finished with value: 22.035841733614607 and parameters: {'n_estimators': 640, 'max_depth': 29}. Best is trial 60 with value: 22.034135239919028.
trail number 351
[I 2025-07-18 04:21:11,276] Trial 351 finished with value: 22.035590019226074 and parameters: {'n_estimators': 45, 'max_depth': 20}. Best is trial 60 with value: 22.034135239919028.
trail number 348
[I 2025-07-18 04:21:14,235] Trial 348 finished with value: 22.035841987927757 and parameters: {'n_estimators': 737, 'max_depth': 29}. Best is trial 60 with value: 22.034135239919028.
trail number 350
[I 2025-07-18 04:21:14,743] Trial 350 finished with value: 22.035841733614607 and parameters: {'n_estimators': 702, 'max_depth': 26}. Best is trial 60 with value: 22.034135239919028.
trail number 353
[I 2025-07-18 04:21:16,241] Trial 353 finished with value: 22.035841733614607 and parameters: {'n_estimators': 397, 'max_depth': 30}. Best is trial 60 with value: 22.034135239919028.
trail number 354
[I 2025-07-18 04:21:16,731] Trial 354 finished with value: 22.035841733614607 and parameters: {'n_estimators': 569, 'max_depth': 29}. Best is trial 60 with value: 22.034135239919028.
trail number 355
[I 2025-07-18 04:21:16,771] Trial 355 finished with value: 22.035841733614607 and parameters: {'n_estimators': 436, 'max_depth': 30}. Best is trial 60 with value: 22.034135239919028.
trail number 356
[I 2025-07-18 04:21:16,972] Trial 356 finished with value: 22.035841733614607 and parameters: {'n_estimators': 473, 'max_depth': 30}. Best is trial 60 with value: 22.034135239919028.
trail number 360
[I 2025-07-18 04:21:19,569] Trial 360 finished with value: 22.035576246579488 and parameters: {'n_estimators': 53, 'max_depth': 29}. Best is trial 60 with value: 22.034135239919028.
trail number 357
[I 2025-07-18 04:21:20,176] Trial 357 finished with value: 22.035841733614607 and parameters: {'n_estimators': 414, 'max_depth': 30}. Best is trial 60 with value: 22.034135239919028.
trail number 364
[I 2025-07-18 04:21:21,069] Trial 364 finished with value: 22.162446320851643 and parameters: {'n_estimators': 22, 'max_depth': 27}. Best is trial 60 with value: 22.034135239919028.
trail number 363
[I 2025-07-18 04:21:21,323] Trial 363 finished with value: 22.034971748987836 and parameters: {'n_estimators': 35, 'max_depth': 27}. Best is trial 60 with value: 22.034135239919028.
trail number 361
[I 2025-07-18 04:21:21,562] Trial 361 finished with value: 22.035837982495625 and parameters: {'n_estimators': 164, 'max_depth': 30}. Best is trial 60 with value: 22.034135239919028.
trail number 359
[I 2025-07-18 04:21:21,782] Trial 359 finished with value: 22.035841733614607 and parameters: {'n_estimators': 428, 'max_depth': 30}. Best is trial 60 with value: 22.034135239919028.
trail number 358
[I 2025-07-18 04:21:22,061] Trial 358 finished with value: 22.035841733614607 and parameters: {'n_estimators': 716, 'max_depth': 28}. Best is trial 60 with value: 22.034135239919028.
trail number 368
[I 2025-07-18 04:21:23,120] Trial 368 finished with value: 22.08676982720693 and parameters: {'n_estimators': 26, 'max_depth': 25}. Best is trial 60 with value: 22.034135239919028.
trail number 367
[I 2025-07-18 04:21:23,231] Trial 367 finished with value: 22.037306764920555 and parameters: {'n_estimators': 34, 'max_depth': 29}. Best is trial 60 with value: 22.034135239919028.
trail number 366
[I 2025-07-18 04:21:23,625] Trial 366 finished with value: 22.03556056658427 and parameters: {'n_estimators': 47, 'max_depth': 28}. Best is trial 60 with value: 22.034135239919028.
trail number 362
[I 2025-07-18 04:21:23,680] Trial 362 finished with value: 22.03584217866262 and parameters: {'n_estimators': 742, 'max_depth': 26}. Best is trial 60 with value: 22.034135239919028.
trail number 370
[I 2025-07-18 04:21:23,792] Trial 370 finished with value: 24.17564461390177 and parameters: {'n_estimators': 13, 'max_depth': 28}. Best is trial 60 with value: 22.034135239919028.
trail number 372
[I 2025-07-18 04:21:24,852] Trial 372 finished with value: 22.06674558321635 and parameters: {'n_estimators': 28, 'max_depth': 25}. Best is trial 60 with value: 22.034135239919028.
trail number 371
[I 2025-07-18 04:21:25,094] Trial 371 finished with value: 22.034135239919028 and parameters: {'n_estimators': 37, 'max_depth': 26}. Best is trial 60 with value: 22.034135239919028.
trail number 375
[I 2025-07-18 04:21:25,788] Trial 375 finished with value: 22.136167647043866 and parameters: {'n_estimators': 23, 'max_depth': 30}. Best is trial 60 with value: 22.034135239919028.
trail number 365
[I 2025-07-18 04:21:26,006] Trial 365 finished with value: 22.035841852823893 and parameters: {'n_estimators': 135, 'max_depth': 30}. Best is trial 60 with value: 22.034135239919028.
trail number 369
[I 2025-07-18 04:21:27,779] Trial 369 finished with value: 22.035841733614607 and parameters: {'n_estimators': 443, 'max_depth': 25}. Best is trial 60 with value: 22.034135239919028.
trail number 379
[I 2025-07-18 04:21:29,604] Trial 379 finished with value: 22.035272850990296 and parameters: {'n_estimators': 43, 'max_depth': 26}. Best is trial 60 with value: 22.034135239919028.
trail number 373
[I 2025-07-18 04:21:30,212] Trial 373 finished with value: 22.035841733614607 and parameters: {'n_estimators': 578, 'max_depth': 25}. Best is trial 60 with value: 22.034135239919028.
trail number 374
[I 2025-07-18 04:21:30,525] Trial 374 finished with value: 22.035841733614607 and parameters: {'n_estimators': 611, 'max_depth': 25}. Best is trial 60 with value: 22.034135239919028.
trail number 376
[I 2025-07-18 04:21:31,296] Trial 376 finished with value: 22.035841733614607 and parameters: {'n_estimators': 570, 'max_depth': 26}. Best is trial 60 with value: 22.034135239919028.
trail number 378
[I 2025-07-18 04:21:32,218] Trial 378 finished with value: 22.035841733614607 and parameters: {'n_estimators': 481, 'max_depth': 26}. Best is trial 60 with value: 22.034135239919028.
trail number 377
[I 2025-07-18 04:21:32,468] Trial 377 finished with value: 22.035841733614607 and parameters: {'n_estimators': 594, 'max_depth': 25}. Best is trial 60 with value: 22.034135239919028.
trail number 384
[I 2025-07-18 04:21:32,781] Trial 384 finished with value: 24.17564461390177 and parameters: {'n_estimators': 13, 'max_depth': 24}. Best is trial 60 with value: 22.034135239919028.
trail number 386
[I 2025-07-18 04:21:33,890] Trial 386 finished with value: 22.119041833877567 and parameters: {'n_estimators': 24, 'max_depth': 24}. Best is trial 60 with value: 22.034135239919028.
trail number 380
[I 2025-07-18 04:21:35,749] Trial 380 finished with value: 22.035841733614607 and parameters: {'n_estimators': 618, 'max_depth': 25}. Best is trial 60 with value: 22.034135239919028.
trail number 381
[I 2025-07-18 04:21:36,752] Trial 381 finished with value: 22.035841733614607 and parameters: {'n_estimators': 615, 'max_depth': 26}. Best is trial 60 with value: 22.034135239919028.
trail number 382
[I 2025-07-18 04:21:36,882] Trial 382 finished with value: 22.035841733614607 and parameters: {'n_estimators': 579, 'max_depth': 25}. Best is trial 60 with value: 22.034135239919028.
trail number 385
[I 2025-07-18 04:21:37,019] Trial 385 finished with value: 22.03576724370321 and parameters: {'n_estimators': 82, 'max_depth': 26}. Best is trial 60 with value: 22.034135239919028.
trail number 383
[I 2025-07-18 04:21:37,739] Trial 383 finished with value: 22.035841733614607 and parameters: {'n_estimators': 613, 'max_depth': 25}. Best is trial 60 with value: 22.034135239919028.
trail number 387
[I 2025-07-18 04:21:38,061] Trial 387 finished with value: 22.035758152008057 and parameters: {'n_estimators': 80, 'max_depth': 24}. Best is trial 60 with value: 22.034135239919028.
trail number 389
[I 2025-07-18 04:21:39,722] Trial 389 finished with value: 22.035688501993818 and parameters: {'n_estimators': 58, 'max_depth': 25}. Best is trial 60 with value: 22.034135239919028.
trail number 388
[I 2025-07-18 04:21:40,229] Trial 388 finished with value: 22.03581827322642 and parameters: {'n_estimators': 94, 'max_depth': 26}. Best is trial 60 with value: 22.034135239919028.
trail number 390
[I 2025-07-18 04:21:40,371] Trial 390 finished with value: 22.035749044418335 and parameters: {'n_estimators': 72, 'max_depth': 27}. Best is trial 60 with value: 22.034135239919028.
trail number 395
[I 2025-07-18 04:21:40,875] Trial 395 finished with value: 24.17564461390177 and parameters: {'n_estimators': 13, 'max_depth': 26}. Best is trial 60 with value: 22.034135239919028.
trail number 391
[I 2025-07-18 04:21:40,987] Trial 391 finished with value: 22.035751190185547 and parameters: {'n_estimators': 78, 'max_depth': 24}. Best is trial 60 with value: 22.034135239919028.
trail number 397
[I 2025-07-18 04:21:41,580] Trial 397 finished with value: 22.630947901407875 and parameters: {'n_estimators': 18, 'max_depth': 22}. Best is trial 60 with value: 22.034135239919028.
trail number 393
[I 2025-07-18 04:21:42,461] Trial 393 finished with value: 22.035794161160787 and parameters: {'n_estimators': 88, 'max_depth': 25}. Best is trial 60 with value: 22.034135239919028.
trail number 398
[I 2025-07-18 04:21:42,785] Trial 398 finished with value: 22.03445998191834 and parameters: {'n_estimators': 36, 'max_depth': 24}. Best is trial 60 with value: 22.034135239919028.
trail number 396
[I 2025-07-18 04:21:42,888] Trial 396 finished with value: 22.03557097752889 and parameters: {'n_estimators': 46, 'max_depth': 23}. Best is trial 60 with value: 22.034135239919028.
trail number 401
[I 2025-07-18 04:21:43,543] Trial 401 finished with value: 23.429323819478352 and parameters: {'n_estimators': 15, 'max_depth': 26}. Best is trial 60 with value: 22.034135239919028.
trail number 394
[I 2025-07-18 04:21:44,482] Trial 394 finished with value: 22.03581827322642 and parameters: {'n_estimators': 94, 'max_depth': 27}. Best is trial 60 with value: 22.034135239919028.
trail number 399
[I 2025-07-18 04:21:45,023] Trial 399 finished with value: 22.03574219385783 and parameters: {'n_estimators': 75, 'max_depth': 27}. Best is trial 60 with value: 22.034135239919028.
trail number 392
[I 2025-07-18 04:21:47,811] Trial 392 finished with value: 22.03584035078685 and parameters: {'n_estimators': 1697, 'max_depth': 29}. Best is trial 60 with value: 22.034135239919028.
trail number 405
[I 2025-07-18 04:21:51,241] Trial 405 finished with value: 22.035847892761232 and parameters: {'n_estimators': 496, 'max_depth': 18}. Best is trial 60 with value: 22.034135239919028.
trail number 400
[I 2025-07-18 04:21:51,569] Trial 400 finished with value: 22.03584035078685 and parameters: {'n_estimators': 1342, 'max_depth': 28}. Best is trial 60 with value: 22.034135239919028.
trail number 402
[I 2025-07-18 04:21:51,770] Trial 402 finished with value: 22.03584035078685 and parameters: {'n_estimators': 1369, 'max_depth': 29}. Best is trial 60 with value: 22.034135239919028.
trail number 403
[I 2025-07-18 04:21:53,261] Trial 403 finished with value: 22.03584035078685 and parameters: {'n_estimators': 1450, 'max_depth': 28}. Best is trial 60 with value: 22.034135239919028.
trail number 406
[I 2025-07-18 04:21:53,763] Trial 406 finished with value: 22.035841733614607 and parameters: {'n_estimators': 490, 'max_depth': 21}. Best is trial 60 with value: 22.034135239919028.
trail number 404
[I 2025-07-18 04:21:55,068] Trial 404 finished with value: 22.03584035078685 and parameters: {'n_estimators': 1794, 'max_depth': 28}. Best is trial 60 with value: 22.034135239919028.
trail number 408
[I 2025-07-18 04:21:57,845] Trial 408 finished with value: 22.035841733614607 and parameters: {'n_estimators': 531, 'max_depth': 23}. Best is trial 60 with value: 22.034135239919028.
trail number 409
[I 2025-07-18 04:21:58,517] Trial 409 finished with value: 22.035854179064433 and parameters: {'n_estimators': 748, 'max_depth': 19}. Best is trial 60 with value: 22.034135239919028.
trail number 407
[I 2025-07-18 04:21:58,771] Trial 407 finished with value: 22.03584217866262 and parameters: {'n_estimators': 880, 'max_depth': 21}. Best is trial 60 with value: 22.034135239919028.
trail number 415
[I 2025-07-18 04:21:59,333] Trial 415 finished with value: 24.63246527353922 and parameters: {'n_estimators': 12, 'max_depth': 23}. Best is trial 60 with value: 22.034135239919028.
trail number 411
[I 2025-07-18 04:21:59,859] Trial 411 finished with value: 22.035841733614607 and parameters: {'n_estimators': 558, 'max_depth': 21}. Best is trial 60 with value: 22.034135239919028.
trail number 410
[I 2025-07-18 04:22:00,234] Trial 410 finished with value: 22.035841987927757 and parameters: {'n_estimators': 737, 'max_depth': 22}. Best is trial 60 with value: 22.034135239919028.
trail number 412
[I 2025-07-18 04:22:01,989] Trial 412 finished with value: 22.035841733614607 and parameters: {'n_estimators': 705, 'max_depth': 23}. Best is trial 60 with value: 22.034135239919028.
trail number 419
[I 2025-07-18 04:22:04,177] Trial 419 finished with value: 22.035590019226074 and parameters: {'n_estimators': 45, 'max_depth': 25}. Best is trial 60 with value: 22.034135239919028.
trail number 413
[I 2025-07-18 04:22:04,473] Trial 413 finished with value: 22.035846486091614 and parameters: {'n_estimators': 728, 'max_depth': 20}. Best is trial 60 with value: 22.034135239919028.
trail number 416
[I 2025-07-18 04:22:06,000] Trial 416 finished with value: 22.035841733614607 and parameters: {'n_estimators': 711, 'max_depth': 27}. Best is trial 60 with value: 22.034135239919028.
trail number 418
[I 2025-07-18 04:22:06,201] Trial 418 finished with value: 22.035841733614607 and parameters: {'n_estimators': 596, 'max_depth': 27}. Best is trial 60 with value: 22.034135239919028.
trail number 417
[I 2025-07-18 04:22:06,895] Trial 417 finished with value: 22.03584217866262 and parameters: {'n_estimators': 782, 'max_depth': 27}. Best is trial 60 with value: 22.034135239919028.
trail number 423
[I 2025-07-18 04:22:07,368] Trial 423 finished with value: 22.136167647043866 and parameters: {'n_estimators': 23, 'max_depth': 21}. Best is trial 60 with value: 22.034135239919028.
trail number 420
[I 2025-07-18 04:22:08,238] Trial 420 finished with value: 22.035817089080812 and parameters: {'n_estimators': 91, 'max_depth': 17}. Best is trial 60 with value: 22.034135239919028.
trail number 414
[I 2025-07-18 04:22:08,615] Trial 414 finished with value: 22.035852422714235 and parameters: {'n_estimators': 1754, 'max_depth': 14}. Best is trial 60 with value: 22.034135239919028.
trail number 427
[I 2025-07-18 04:22:09,652] Trial 427 finished with value: 22.136167647043866 and parameters: {'n_estimators': 23, 'max_depth': 27}. Best is trial 60 with value: 22.034135239919028.
trail number 422
[I 2025-07-18 04:22:10,581] Trial 422 finished with value: 22.035843529701232 and parameters: {'n_estimators': 103, 'max_depth': 19}. Best is trial 60 with value: 22.034135239919028.
trail number 421
[I 2025-07-18 04:22:10,936] Trial 421 finished with value: 22.035841733614607 and parameters: {'n_estimators': 571, 'max_depth': 27}. Best is trial 60 with value: 22.034135239919028.
trail number 428
[I 2025-07-18 04:22:11,654] Trial 428 finished with value: 22.03551018079122 and parameters: {'n_estimators': 42, 'max_depth': 30}. Best is trial 60 with value: 22.034135239919028.
trail number 430
[I 2025-07-18 04:22:12,192] Trial 430 finished with value: 22.076026097933454 and parameters: {'n_estimators': 27, 'max_depth': 25}. Best is trial 60 with value: 22.034135239919028.
trail number 431
[I 2025-07-18 04:22:13,915] Trial 431 finished with value: 22.035619010925295 and parameters: {'n_estimators': 44, 'max_depth': 27}. Best is trial 60 with value: 22.034135239919028.
trail number 433
[I 2025-07-18 04:22:14,869] Trial 433 finished with value: 22.301476224263507 and parameters: {'n_estimators': 20, 'max_depth': 18}. Best is trial 60 with value: 22.034135239919028.
trail number 429
[I 2025-07-18 04:22:15,071] Trial 429 finished with value: 22.035809960365295 and parameters: {'n_estimators': 90, 'max_depth': 27}. Best is trial 60 with value: 22.034135239919028.
trail number 424
[I 2025-07-18 04:22:17,032] Trial 424 finished with value: 22.035873133341475 and parameters: {'n_estimators': 1755, 'max_depth': 15}. Best is trial 60 with value: 22.034135239919028.
trail number 436
[I 2025-07-18 04:22:18,599] Trial 436 finished with value: 22.042441736857096 and parameters: {'n_estimators': 32, 'max_depth': 24}. Best is trial 60 with value: 22.034135239919028.
trail number 425
[I 2025-07-18 04:22:18,693] Trial 425 finished with value: 22.038998697598778 and parameters: {'n_estimators': 1232, 'max_depth': 3}. Best is trial 60 with value: 22.034135239919028.
trail number 437
[I 2025-07-18 04:22:19,223] Trial 437 finished with value: 24.17564461390177 and parameters: {'n_estimators': 13, 'max_depth': 24}. Best is trial 60 with value: 22.034135239919028.
trail number 439
[I 2025-07-18 04:22:19,883] Trial 439 finished with value: 23.429323819478352 and parameters: {'n_estimators': 15, 'max_depth': 21}. Best is trial 60 with value: 22.034135239919028.
trail number 434
[I 2025-07-18 04:22:20,834] Trial 434 finished with value: 22.035841733614607 and parameters: {'n_estimators': 466, 'max_depth': 25}. Best is trial 60 with value: 22.034135239919028.
trail number 440
[I 2025-07-18 04:22:20,905] Trial 440 finished with value: 22.217544433275854 and parameters: {'n_estimators': 21, 'max_depth': 27}. Best is trial 60 with value: 22.034135239919028.
trail number 435
[I 2025-07-18 04:22:21,693] Trial 435 finished with value: 22.035841733614607 and parameters: {'n_estimators': 690, 'max_depth': 24}. Best is trial 60 with value: 22.034135239919028.
trail number 438
[I 2025-07-18 04:22:25,658] Trial 438 finished with value: 22.03584217866262 and parameters: {'n_estimators': 751, 'max_depth': 26}. Best is trial 60 with value: 22.034135239919028.
trail number 442
