[I 2025-07-18 04:28:25,838] Trial 883 finished with value: 22.035133908589682 and parameters: {'n_estimators': 40, 'max_depth': 30}. Best is trial 60 with value: 22.034135239919028.
trail number 873
[I 2025-07-18 04:28:26,014] Trial 873 finished with value: 22.035841733614607 and parameters: {'n_estimators': 543, 'max_depth': 22}. Best is trial 60 with value: 22.034135239919028.
trail number 885
[I 2025-07-18 04:28:26,571] Trial 885 finished with value: 23.111751225789387 and parameters: {'n_estimators': 16, 'max_depth': 26}. Best is trial 60 with value: 22.034135239919028.
trail number 887
[I 2025-07-18 04:28:27,213] Trial 887 finished with value: 23.062795473734536 and parameters: {'n_estimators': 17, 'max_depth': 11}. Best is trial 60 with value: 22.034135239919028.
trail number 876
[I 2025-07-18 04:28:28,159] Trial 876 finished with value: 22.035841733614607 and parameters: {'n_estimators': 614, 'max_depth': 25}. Best is trial 60 with value: 22.034135239919028.
trail number 889
[I 2025-07-18 04:28:28,747] Trial 889 finished with value: 24.17564461390177 and parameters: {'n_estimators': 13, 'max_depth': 26}. Best is trial 60 with value: 22.034135239919028.
trail number 880
[I 2025-07-18 04:28:29,181] Trial 880 finished with value: 22.035841733614607 and parameters: {'n_estimators': 401, 'max_depth': 27}. Best is trial 60 with value: 22.034135239919028.
trail number 890
[I 2025-07-18 04:28:29,373] Trial 890 finished with value: 23.760127271016437 and parameters: {'n_estimators': 14, 'max_depth': 22}. Best is trial 60 with value: 22.034135239919028.
trail number 884
[I 2025-07-18 04:28:30,307] Trial 884 finished with value: 22.035841733614607 and parameters: {'n_estimators': 568, 'max_depth': 27}. Best is trial 60 with value: 22.034135239919028.
trail number 882
[I 2025-07-18 04:28:30,479] Trial 882 finished with value: 22.035841733614607 and parameters: {'n_estimators': 658, 'max_depth': 28}. Best is trial 60 with value: 22.034135239919028.
trail number 886
[I 2025-07-18 04:28:31,960] Trial 886 finished with value: 22.035841733614607 and parameters: {'n_estimators': 575, 'max_depth': 27}. Best is trial 60 with value: 22.034135239919028.
trail number 895
[I 2025-07-18 04:28:34,080] Trial 895 finished with value: 22.03551018079122 and parameters: {'n_estimators': 42, 'max_depth': 22}. Best is trial 60 with value: 22.034135239919028.
trail number 888
[I 2025-07-18 04:28:34,135] Trial 888 finished with value: 22.035841733614607 and parameters: {'n_estimators': 681, 'max_depth': 26}. Best is trial 60 with value: 22.034135239919028.
trail number 892
[I 2025-07-18 04:28:35,578] Trial 892 finished with value: 22.035841733614607 and parameters: {'n_estimators': 619, 'max_depth': 26}. Best is trial 60 with value: 22.034135239919028.
trail number 891
[I 2025-07-18 04:28:37,969] Trial 891 finished with value: 22.035845580101014 and parameters: {'n_estimators': 1186, 'max_depth': 20}. Best is trial 60 with value: 22.034135239919028.
trail number 899
[I 2025-07-18 04:28:38,804] Trial 899 finished with value: 22.83553890546163 and parameters: {'n_estimators': 17, 'max_depth': 26}. Best is trial 60 with value: 22.034135239919028.
trail number 893
[I 2025-07-18 04:28:39,147] Trial 893 finished with value: 22.035848083496095 and parameters: {'n_estimators': 1388, 'max_depth': 18}. Best is trial 60 with value: 22.034135239919028.
trail number 894
[I 2025-07-18 04:28:39,509] Trial 894 finished with value: 22.03584035078685 and parameters: {'n_estimators': 1278, 'max_depth': 21}. Best is trial 60 with value: 22.034135239919028.
trail number 901
[I 2025-07-18 04:28:39,950] Trial 901 finished with value: 23.429323819478352 and parameters: {'n_estimators': 15, 'max_depth': 22}. Best is trial 60 with value: 22.034135239919028.
trail number 897
[I 2025-07-18 04:28:40,748] Trial 897 finished with value: 22.035847892761232 and parameters: {'n_estimators': 613, 'max_depth': 18}. Best is trial 60 with value: 22.034135239919028.
trail number 904
[I 2025-07-18 04:28:41,313] Trial 904 finished with value: 24.63246527353922 and parameters: {'n_estimators': 12, 'max_depth': 27}. Best is trial 60 with value: 22.034135239919028.
trail number 898
[I 2025-07-18 04:28:41,879] Trial 898 finished with value: 22.035848139127094 and parameters: {'n_estimators': 524, 'max_depth': 17}. Best is trial 60 with value: 22.034135239919028.
trail number 905
[I 2025-07-18 04:28:41,934] Trial 905 finished with value: 24.17564461390177 and parameters: {'n_estimators': 13, 'max_depth': 23}. Best is trial 60 with value: 22.034135239919028.
trail number 900
[I 2025-07-18 04:28:44,841] Trial 900 finished with value: 22.035841733614607 and parameters: {'n_estimators': 485, 'max_depth': 22}. Best is trial 60 with value: 22.034135239919028.
trail number 903
[I 2025-07-18 04:28:46,140] Trial 903 finished with value: 22.035841733614607 and parameters: {'n_estimators': 493, 'max_depth': 23}. Best is trial 60 with value: 22.034135239919028.
trail number 906
[I 2025-07-18 04:28:48,376] Trial 906 finished with value: 22.035841733614607 and parameters: {'n_estimators': 630, 'max_depth': 24}. Best is trial 60 with value: 22.034135239919028.
trail number 907
[I 2025-07-18 04:28:48,561] Trial 907 finished with value: 22.035841733614607 and parameters: {'n_estimators': 644, 'max_depth': 23}. Best is trial 60 with value: 22.034135239919028.
trail number 910
[I 2025-07-18 04:28:49,233] Trial 910 finished with value: 22.83553890546163 and parameters: {'n_estimators': 17, 'max_depth': 27}. Best is trial 60 with value: 22.034135239919028.
trail number 896
[I 2025-07-18 04:28:50,242] Trial 896 finished with value: 22.03584848880768 and parameters: {'n_estimators': 3484, 'max_depth': 17}. Best is trial 60 with value: 22.034135239919028.
trail number 912
[I 2025-07-18 04:28:50,523] Trial 912 finished with value: 22.047809505462645 and parameters: {'n_estimators': 31, 'max_depth': 30}. Best is trial 60 with value: 22.034135239919028.
trail number 913
[I 2025-07-18 04:28:51,065] Trial 913 finished with value: 22.83553890546163 and parameters: {'n_estimators': 17, 'max_depth': 30}. Best is trial 60 with value: 22.034135239919028.
trail number 908
[I 2025-07-18 04:28:51,580] Trial 908 finished with value: 22.035841733614607 and parameters: {'n_estimators': 576, 'max_depth': 22}. Best is trial 60 with value: 22.034135239919028.
trail number 909
[I 2025-07-18 04:28:51,624] Trial 909 finished with value: 22.035856722195945 and parameters: {'n_estimators': 441, 'max_depth': 16}. Best is trial 60 with value: 22.034135239919028.
trail number 916
[I 2025-07-18 04:28:52,852] Trial 916 finished with value: 22.08676982720693 and parameters: {'n_estimators': 26, 'max_depth': 16}. Best is trial 60 with value: 22.034135239919028.
trail number 918
[I 2025-07-18 04:28:53,399] Trial 918 finished with value: 25.288416105906165 and parameters: {'n_estimators': 11, 'max_depth': 25}. Best is trial 60 with value: 22.034135239919028.
trail number 914
[I 2025-07-18 04:28:53,459] Trial 914 finished with value: 22.035688501993818 and parameters: {'n_estimators': 58, 'max_depth': 18}. Best is trial 60 with value: 22.034135239919028.
trail number 911
[I 2025-07-18 04:28:55,292] Trial 911 finished with value: 22.03585398832957 and parameters: {'n_estimators': 647, 'max_depth': 19}. Best is trial 60 with value: 22.034135239919028.
trail number 915
[I 2025-07-18 04:28:56,552] Trial 915 finished with value: 22.035848139127094 and parameters: {'n_estimators': 532, 'max_depth': 17}. Best is trial 60 with value: 22.034135239919028.
trail number 902
[I 2025-07-18 04:28:56,831] Trial 902 finished with value: 22.035854179064433 and parameters: {'n_estimators': 3663, 'max_depth': 19}. Best is trial 60 with value: 22.034135239919028.
trail number 921
[I 2025-07-18 04:28:57,594] Trial 921 finished with value: 22.035590019226074 and parameters: {'n_estimators': 45, 'max_depth': 19}. Best is trial 60 with value: 22.034135239919028.
trail number 917
[I 2025-07-18 04:28:57,927] Trial 917 finished with value: 22.035841733614607 and parameters: {'n_estimators': 468, 'max_depth': 22}. Best is trial 60 with value: 22.034135239919028.
trail number 924
[I 2025-07-18 04:28:58,251] Trial 924 finished with value: 23.429323819478352 and parameters: {'n_estimators': 15, 'max_depth': 19}. Best is trial 60 with value: 22.034135239919028.
trail number 919
[I 2025-07-18 04:28:59,522] Trial 919 finished with value: 22.035841733614607 and parameters: {'n_estimators': 563, 'max_depth': 24}. Best is trial 60 with value: 22.034135239919028.
trail number 923
[I 2025-07-18 04:28:59,843] Trial 923 finished with value: 22.035614075660707 and parameters: {'n_estimators': 55, 'max_depth': 19}. Best is trial 60 with value: 22.034135239919028.
trail number 925
[I 2025-07-18 04:28:59,882] Trial 925 finished with value: 22.03551018079122 and parameters: {'n_estimators': 42, 'max_depth': 21}. Best is trial 60 with value: 22.034135239919028.
trail number 920
[I 2025-07-18 04:28:59,932] Trial 920 finished with value: 22.035841733614607 and parameters: {'n_estimators': 575, 'max_depth': 24}. Best is trial 60 with value: 22.034135239919028.
trail number 930
[I 2025-07-18 04:29:00,541] Trial 930 finished with value: 24.63246527353922 and parameters: {'n_estimators': 12, 'max_depth': 27}. Best is trial 60 with value: 22.034135239919028.
trail number 928
[I 2025-07-18 04:29:01,469] Trial 928 finished with value: 22.04394076983134 and parameters: {'n_estimators': 33, 'max_depth': 24}. Best is trial 60 with value: 22.034135239919028.
trail number 922
[I 2025-07-18 04:29:02,869] Trial 922 finished with value: 22.035841733614607 and parameters: {'n_estimators': 663, 'max_depth': 30}. Best is trial 60 with value: 22.034135239919028.
trail number 926
[I 2025-07-18 04:29:04,345] Trial 926 finished with value: 22.035841733614607 and parameters: {'n_estimators': 539, 'max_depth': 25}. Best is trial 60 with value: 22.034135239919028.
