[I 2025-07-18 04:24:05,496] Trial 549 finished with value: 22.035841733614607 and parameters: {'n_estimators': 615, 'max_depth': 24}. Best is trial 60 with value: 22.034135239919028.
trail number 550
[I 2025-07-18 04:24:05,574] Trial 550 finished with value: 22.03587325255076 and parameters: {'n_estimators': 701, 'max_depth': 15}. Best is trial 60 with value: 22.034135239919028.
trail number 556
[I 2025-07-18 04:24:06,595] Trial 556 finished with value: 22.119041833877567 and parameters: {'n_estimators': 24, 'max_depth': 20}. Best is trial 60 with value: 22.034135239919028.
trail number 552
[I 2025-07-18 04:24:06,710] Trial 552 finished with value: 22.035841733614607 and parameters: {'n_estimators': 569, 'max_depth': 25}. Best is trial 60 with value: 22.034135239919028.
trail number 557
[I 2025-07-18 04:24:07,309] Trial 557 finished with value: 23.429323819478352 and parameters: {'n_estimators': 15, 'max_depth': 27}. Best is trial 60 with value: 22.034135239919028.
trail number 553
[I 2025-07-18 04:24:07,998] Trial 553 finished with value: 22.03587278366089 and parameters: {'n_estimators': 823, 'max_depth': 15}. Best is trial 60 with value: 22.034135239919028.
trail number 560
[I 2025-07-18 04:24:08,714] Trial 560 finished with value: 23.429323819478352 and parameters: {'n_estimators': 15, 'max_depth': 18}. Best is trial 60 with value: 22.034135239919028.
trail number 554
[I 2025-07-18 04:24:08,740] Trial 554 finished with value: 22.035841733614607 and parameters: {'n_estimators': 636, 'max_depth': 26}. Best is trial 60 with value: 22.034135239919028.
trail number 561
[I 2025-07-18 04:24:11,024] Trial 561 finished with value: 22.035554637908938 and parameters: {'n_estimators': 50, 'max_depth': 25}. Best is trial 60 with value: 22.034135239919028.
trail number 563
[I 2025-07-18 04:24:11,779] Trial 563 finished with value: 23.429323819478352 and parameters: {'n_estimators': 15, 'max_depth': 27}. Best is trial 60 with value: 22.034135239919028.
trail number 555
[I 2025-07-18 04:24:12,218] Trial 555 finished with value: 22.035841733614607 and parameters: {'n_estimators': 695, 'max_depth': 28}. Best is trial 60 with value: 22.034135239919028.
trail number 564
[I 2025-07-18 04:24:12,481] Trial 564 finished with value: 23.429323819478352 and parameters: {'n_estimators': 15, 'max_depth': 23}. Best is trial 60 with value: 22.034135239919028.
trail number 558
[I 2025-07-18 04:24:12,945] Trial 558 finished with value: 22.035841733614607 and parameters: {'n_estimators': 580, 'max_depth': 27}. Best is trial 60 with value: 22.034135239919028.
trail number 567
[I 2025-07-18 04:24:13,466] Trial 567 finished with value: 24.63246527353922 and parameters: {'n_estimators': 12, 'max_depth': 23}. Best is trial 60 with value: 22.034135239919028.
trail number 559
[I 2025-07-18 04:24:13,709] Trial 559 finished with value: 22.035841733614607 and parameters: {'n_estimators': 485, 'max_depth': 25}. Best is trial 60 with value: 22.034135239919028.
trail number 562
[I 2025-07-18 04:24:15,044] Trial 562 finished with value: 22.035841733614607 and parameters: {'n_estimators': 480, 'max_depth': 25}. Best is trial 60 with value: 22.034135239919028.
trail number 565
[I 2025-07-18 04:24:18,831] Trial 565 finished with value: 22.035841733614607 and parameters: {'n_estimators': 644, 'max_depth': 26}. Best is trial 60 with value: 22.034135239919028.
trail number 569
[I 2025-07-18 04:24:19,982] Trial 569 finished with value: 22.035841733614607 and parameters: {'n_estimators': 584, 'max_depth': 23}. Best is trial 60 with value: 22.034135239919028.
trail number 536
[I 2025-07-18 04:24:20,210] Trial 536 finished with value: 22.035860409736635 and parameters: {'n_estimators': 4948, 'max_depth': 3}. Best is trial 60 with value: 22.034135239919028.
trail number 570
[I 2025-07-18 04:24:20,997] Trial 570 finished with value: 22.035847892761232 and parameters: {'n_estimators': 500, 'max_depth': 18}. Best is trial 60 with value: 22.034135239919028.
trail number 572
[I 2025-07-18 04:24:21,024] Trial 572 finished with value: 22.217544433275854 and parameters: {'n_estimators': 21, 'max_depth': 27}. Best is trial 60 with value: 22.034135239919028.
trail number 573
[I 2025-07-18 04:24:21,538] Trial 573 finished with value: 22.061360303560896 and parameters: {'n_estimators': 29, 'max_depth': 28}. Best is trial 60 with value: 22.034135239919028.
trail number 568
[I 2025-07-18 04:24:22,269] Trial 568 finished with value: 22.03584035078685 and parameters: {'n_estimators': 1269, 'max_depth': 24}. Best is trial 60 with value: 22.034135239919028.
trail number 566
[I 2025-07-18 04:24:22,413] Trial 566 finished with value: 22.03584035078685 and parameters: {'n_estimators': 1393, 'max_depth': 23}. Best is trial 60 with value: 22.034135239919028.
trail number 575
[I 2025-07-18 04:24:22,675] Trial 575 finished with value: 22.034971748987836 and parameters: {'n_estimators': 35, 'max_depth': 24}. Best is trial 60 with value: 22.034135239919028.
trail number 576
[I 2025-07-18 04:24:22,799] Trial 576 finished with value: 22.09920896689097 and parameters: {'n_estimators': 25, 'max_depth': 30}. Best is trial 60 with value: 22.034135239919028.
trail number 577
[I 2025-07-18 04:24:22,917] Trial 577 finished with value: 24.17564461390177 and parameters: {'n_estimators': 13, 'max_depth': 25}. Best is trial 60 with value: 22.034135239919028.
trail number 581
[I 2025-07-18 04:24:23,961] Trial 581 finished with value: 22.162446320851643 and parameters: {'n_estimators': 22, 'max_depth': 18}. Best is trial 60 with value: 22.034135239919028.
trail number 578
[I 2025-07-18 04:24:24,073] Trial 578 finished with value: 22.037306764920555 and parameters: {'n_estimators': 34, 'max_depth': 25}. Best is trial 60 with value: 22.034135239919028.
trail number 579
[I 2025-07-18 04:24:24,214] Trial 579 finished with value: 22.047809505462645 and parameters: {'n_estimators': 31, 'max_depth': 20}. Best is trial 60 with value: 22.034135239919028.
trail number 584
[I 2025-07-18 04:24:24,767] Trial 584 finished with value: 25.288416105906165 and parameters: {'n_estimators': 11, 'max_depth': 20}. Best is trial 60 with value: 22.034135239919028.
trail number 580
[I 2025-07-18 04:24:25,887] Trial 580 finished with value: 22.03569980303447 and parameters: {'n_estimators': 62, 'max_depth': 22}. Best is trial 60 with value: 22.034135239919028.
trail number 585
[I 2025-07-18 04:24:26,786] Trial 585 finished with value: 22.034867221514382 and parameters: {'n_estimators': 47, 'max_depth': 14}. Best is trial 60 with value: 22.034135239919028.
trail number 586
[I 2025-07-18 04:24:26,964] Trial 586 finished with value: 22.136167647043866 and parameters: {'n_estimators': 23, 'max_depth': 23}. Best is trial 60 with value: 22.034135239919028.
trail number 571
[I 2025-07-18 04:24:27,904] Trial 571 finished with value: 22.03584035078685 and parameters: {'n_estimators': 1169, 'max_depth': 24}. Best is trial 60 with value: 22.034135239919028.
trail number 583
[I 2025-07-18 04:24:31,406] Trial 583 finished with value: 22.035841733614607 and parameters: {'n_estimators': 580, 'max_depth': 23}. Best is trial 60 with value: 22.034135239919028.
trail number 574
[I 2025-07-18 04:24:31,425] Trial 574 finished with value: 22.03584035078685 and parameters: {'n_estimators': 1340, 'max_depth': 24}. Best is trial 60 with value: 22.034135239919028.
trail number 582
[I 2025-07-18 04:24:31,815] Trial 582 finished with value: 22.035841733614607 and parameters: {'n_estimators': 665, 'max_depth': 22}. Best is trial 60 with value: 22.034135239919028.
trail number 591
[I 2025-07-18 04:24:32,507] Trial 591 finished with value: 22.125796899795535 and parameters: {'n_estimators': 24, 'max_depth': 14}. Best is trial 60 with value: 22.034135239919028.
trail number 587
[I 2025-07-18 04:24:33,240] Trial 587 finished with value: 22.03585212071737 and parameters: {'n_estimators': 420, 'max_depth': 14}. Best is trial 60 with value: 22.034135239919028.
trail number 588
[I 2025-07-18 04:24:33,656] Trial 588 finished with value: 22.03587155977885 and parameters: {'n_estimators': 317, 'max_depth': 11}. Best is trial 60 with value: 22.034135239919028.
trail number 589
[I 2025-07-18 04:24:34,410] Trial 589 finished with value: 22.035856722195945 and parameters: {'n_estimators': 474, 'max_depth': 16}. Best is trial 60 with value: 22.034135239919028.
trail number 590
[I 2025-07-18 04:24:36,428] Trial 590 finished with value: 22.035871567726137 and parameters: {'n_estimators': 197, 'max_depth': 11}. Best is trial 60 with value: 22.034135239919028.
trail number 592
[I 2025-07-18 04:24:36,532] Trial 592 finished with value: 22.035875986417132 and parameters: {'n_estimators': 132, 'max_depth': 13}. Best is trial 60 with value: 22.034135239919028.
trail number 594
[I 2025-07-18 04:24:37,600] Trial 594 finished with value: 22.035865551630657 and parameters: {'n_estimators': 131, 'max_depth': 15}. Best is trial 60 with value: 22.034135239919028.
trail number 595
[I 2025-07-18 04:24:38,157] Trial 595 finished with value: 22.03585389296214 and parameters: {'n_estimators': 184, 'max_depth': 16}. Best is trial 60 with value: 22.034135239919028.
trail number 596
[I 2025-07-18 04:24:39,555] Trial 596 finished with value: 22.035852200190227 and parameters: {'n_estimators': 410, 'max_depth': 14}. Best is trial 60 with value: 22.034135239919028.
trail number 593
[I 2025-07-18 04:24:40,248] Trial 593 finished with value: 22.03588408470154 and parameters: {'n_estimators': 620, 'max_depth': 10}. Best is trial 60 with value: 22.034135239919028.
trail number 601
[I 2025-07-18 04:24:40,894] Trial 601 finished with value: 22.076026097933454 and parameters: {'n_estimators': 27, 'max_depth': 26}. Best is trial 60 with value: 22.034135239919028.
trail number 597
[I 2025-07-18 04:24:42,917] Trial 597 finished with value: 22.035841733614607 and parameters: {'n_estimators': 556, 'max_depth': 24}. Best is trial 60 with value: 22.034135239919028.
trail number 599
[I 2025-07-18 04:24:44,499] Trial 599 finished with value: 22.035855061213176 and parameters: {'n_estimators': 850, 'max_depth': 16}. Best is trial 60 with value: 22.034135239919028.
trail number 605
[I 2025-07-18 04:24:45,189] Trial 605 finished with value: 23.760127271016437 and parameters: {'n_estimators': 14, 'max_depth': 25}. Best is trial 60 with value: 22.034135239919028.
trail number 600
[I 2025-07-18 04:24:45,689] Trial 600 finished with value: 22.03588408470154 and parameters: {'n_estimators': 625, 'max_depth': 10}. Best is trial 60 with value: 22.034135239919028.
trail number 598
[I 2025-07-18 04:24:46,251] Trial 598 finished with value: 22.035853090286256 and parameters: {'n_estimators': 584, 'max_depth': 8}. Best is trial 60 with value: 22.034135239919028.
trail number 602
[I 2025-07-18 04:24:46,443] Trial 602 finished with value: 22.035841733614607 and parameters: {'n_estimators': 527, 'max_depth': 25}. Best is trial 60 with value: 22.034135239919028.
trail number 603
[I 2025-07-18 04:24:47,701] Trial 603 finished with value: 22.035847892761232 and parameters: {'n_estimators': 722, 'max_depth': 18}. Best is trial 60 with value: 22.034135239919028.
trail number 604
[I 2025-07-18 04:24:49,315] Trial 604 finished with value: 22.035841733614607 and parameters: {'n_estimators': 682, 'max_depth': 26}. Best is trial 60 with value: 22.034135239919028.
trail number 606
[I 2025-07-18 04:24:51,949] Trial 606 finished with value: 22.035841733614607 and parameters: {'n_estimators': 716, 'max_depth': 27}. Best is trial 60 with value: 22.034135239919028.
trail number 607
[I 2025-07-18 04:24:52,052] Trial 607 finished with value: 22.035841733614607 and parameters: {'n_estimators': 597, 'max_depth': 27}. Best is trial 60 with value: 22.034135239919028.
trail number 608
[I 2025-07-18 04:24:53,094] Trial 608 finished with value: 22.035841733614607 and parameters: {'n_estimators': 594, 'max_depth': 26}. Best is trial 60 with value: 22.034135239919028.
trail number 609
[I 2025-07-18 04:24:53,184] Trial 609 finished with value: 22.035841733614607 and parameters: {'n_estimators': 612, 'max_depth': 27}. Best is trial 60 with value: 22.034135239919028.
trail number 612
[I 2025-07-18 04:24:53,622] Trial 612 finished with value: 22.047809505462645 and parameters: {'n_estimators': 31, 'max_depth': 24}. Best is trial 60 with value: 22.034135239919028.
trail number 613
[I 2025-07-18 04:24:53,750] Trial 613 finished with value: 22.067989748318993 and parameters: {'n_estimators': 39, 'max_depth': 13}. Best is trial 60 with value: 22.034135239919028.
trail number 616
[I 2025-07-18 04:24:55,710] Trial 616 finished with value: 22.035509417851767 and parameters: {'n_estimators': 42, 'max_depth': 17}. Best is trial 60 with value: 22.034135239919028.
trail number 611
[I 2025-07-18 04:24:55,999] Trial 611 finished with value: 22.035841733614607 and parameters: {'n_estimators': 597, 'max_depth': 21}. Best is trial 60 with value: 22.034135239919028.
trail number 617
[I 2025-07-18 04:24:56,079] Trial 617 finished with value: 22.03557038942973 and parameters: {'n_estimators': 46, 'max_depth': 16}. Best is trial 60 with value: 22.034135239919028.
trail number 620
[I 2025-07-18 04:24:57,308] Trial 620 finished with value: 22.08676982720693 and parameters: {'n_estimators': 26, 'max_depth': 24}. Best is trial 60 with value: 22.034135239919028.
trail number 614
[I 2025-07-18 04:24:58,731] Trial 614 finished with value: 22.035847225189208 and parameters: {'n_estimators': 521, 'max_depth': 20}. Best is trial 60 with value: 22.034135239919028.
trail number 615
[I 2025-07-18 04:24:59,703] Trial 615 finished with value: 22.035841733614607 and parameters: {'n_estimators': 586, 'max_depth': 23}. Best is trial 60 with value: 22.034135239919028.
trail number 622
[I 2025-07-18 04:25:00,225] Trial 622 finished with value: 22.054089840253194 and parameters: {'n_estimators': 30, 'max_depth': 24}. Best is trial 60 with value: 22.034135239919028.
trail number 624
[I 2025-07-18 04:25:01,016] Trial 624 finished with value: 22.630947901407875 and parameters: {'n_estimators': 18, 'max_depth': 20}. Best is trial 60 with value: 22.034135239919028.
trail number 623
[I 2025-07-18 04:25:02,064] Trial 623 finished with value: 22.03557097752889 and parameters: {'n_estimators': 46, 'max_depth': 20}. Best is trial 60 with value: 22.034135239919028.
trail number 618
[I 2025-07-18 04:25:02,161] Trial 618 finished with value: 22.035841733614607 and parameters: {'n_estimators': 663, 'max_depth': 22}. Best is trial 60 with value: 22.034135239919028.
trail number 619
[I 2025-07-18 04:25:02,213] Trial 619 finished with value: 22.035841733614607 and parameters: {'n_estimators': 553, 'max_depth': 21}. Best is trial 60 with value: 22.034135239919028.
trail number 621
[I 2025-07-18 04:25:03,822] Trial 621 finished with value: 22.035847225189208 and parameters: {'n_estimators': 564, 'max_depth': 20}. Best is trial 60 with value: 22.034135239919028.
trail number 610
[I 2025-07-18 04:25:03,868] Trial 610 finished with value: 22.03587109088898 and parameters: {'n_estimators': 3399, 'max_depth': 12}. Best is trial 60 with value: 22.034135239919028.
trail number 625
[I 2025-07-18 04:25:04,607] Trial 625 finished with value: 22.035741812388103 and parameters: {'n_estimators': 74, 'max_depth': 27}. Best is trial 60 with value: 22.034135239919028.
trail number 626
[I 2025-07-18 04:25:04,746] Trial 626 finished with value: 22.035576246579488 and parameters: {'n_estimators': 53, 'max_depth': 28}. Best is trial 60 with value: 22.034135239919028.
trail number 632
[I 2025-07-18 04:25:05,313] Trial 632 finished with value: 25.288416105906165 and parameters: {'n_estimators': 11, 'max_depth': 22}. Best is trial 60 with value: 22.034135239919028.
trail number 628
[I 2025-07-18 04:25:05,623] Trial 628 finished with value: 22.035711914698282 and parameters: {'n_estimators': 65, 'max_depth': 26}. Best is trial 60 with value: 22.034135239919028.
trail number 631
[I 2025-07-18 04:25:05,687] Trial 631 finished with value: 22.162446320851643 and parameters: {'n_estimators': 22, 'max_depth': 24}. Best is trial 60 with value: 22.034135239919028.
trail number 629
[I 2025-07-18 04:25:08,110] Trial 629 finished with value: 22.035788192749024 and parameters: {'n_estimators': 87, 'max_depth': 25}. Best is trial 60 with value: 22.034135239919028.
trail number 627
[I 2025-07-18 04:25:08,413] Trial 627 finished with value: 22.035841733614607 and parameters: {'n_estimators': 650, 'max_depth': 28}. Best is trial 60 with value: 22.034135239919028.
trail number 633
[I 2025-07-18 04:25:11,997] Trial 633 finished with value: 22.03584217866262 and parameters: {'n_estimators': 767, 'max_depth': 23}. Best is trial 60 with value: 22.034135239919028.
trail number 634
[I 2025-07-18 04:25:12,164] Trial 634 finished with value: 22.035841733614607 and parameters: {'n_estimators': 614, 'max_depth': 24}. Best is trial 60 with value: 22.034135239919028.
trail number 635
[I 2025-07-18 04:25:12,452] Trial 635 finished with value: 22.035841733614607 and parameters: {'n_estimators': 711, 'max_depth': 30}. Best is trial 60 with value: 22.034135239919028.
trail number 640
[I 2025-07-18 04:25:14,168] Trial 640 finished with value: 22.03551018079122 and parameters: {'n_estimators': 42, 'max_depth': 24}. Best is trial 60 with value: 22.034135239919028.
trail number 636
[I 2025-07-18 04:25:14,673] Trial 636 finished with value: 22.035841733614607 and parameters: {'n_estimators': 620, 'max_depth': 29}. Best is trial 60 with value: 22.034135239919028.
trail number 641
[I 2025-07-18 04:25:15,358] Trial 641 finished with value: 22.076026097933454 and parameters: {'n_estimators': 27, 'max_depth': 16}. Best is trial 60 with value: 22.034135239919028.
trail number 643
[I 2025-07-18 04:25:16,859] Trial 643 finished with value: 22.047809505462645 and parameters: {'n_estimators': 31, 'max_depth': 26}. Best is trial 60 with value: 22.034135239919028.
trail number 637
[I 2025-07-18 04:25:17,657] Trial 637 finished with value: 22.035845580101014 and parameters: {'n_estimators': 1337, 'max_depth': 20}. Best is trial 60 with value: 22.034135239919028.
trail number 630
[I 2025-07-18 04:25:18,177] Trial 630 finished with value: 22.03584035078685 and parameters: {'n_estimators': 2717, 'max_depth': 21}. Best is trial 60 with value: 22.034135239919028.
trail number 638
[I 2025-07-18 04:25:18,598] Trial 638 finished with value: 22.035841733614607 and parameters: {'n_estimators': 644, 'max_depth': 28}. Best is trial 60 with value: 22.034135239919028.
trail number 646
[I 2025-07-18 04:25:19,284] Trial 646 finished with value: 22.136167647043866 and parameters: {'n_estimators': 23, 'max_depth': 29}. Best is trial 60 with value: 22.034135239919028.
trail number 642
[I 2025-07-18 04:25:21,151] Trial 642 finished with value: 22.035847892761232 and parameters: {'n_estimators': 672, 'max_depth': 18}. Best is trial 60 with value: 22.034135239919028.
trail number 639
[I 2025-07-18 04:25:25,212] Trial 639 finished with value: 22.035854179064433 and parameters: {'n_estimators': 2446, 'max_depth': 19}. Best is trial 60 with value: 22.034135239919028.
trail number 648
[I 2025-07-18 04:25:25,319] Trial 648 finished with value: 22.035841733614607 and parameters: {'n_estimators': 523, 'max_depth': 25}. Best is trial 60 with value: 22.034135239919028.
trail number 647
[I 2025-07-18 04:25:25,351] Trial 647 finished with value: 22.035841733614607 and parameters: {'n_estimators': 649, 'max_depth': 23}. Best is trial 60 with value: 22.034135239919028.
trail number 644
[I 2025-07-18 04:25:25,809] Trial 644 finished with value: 22.035847892761232 and parameters: {'n_estimators': 1244, 'max_depth': 18}. Best is trial 60 with value: 22.034135239919028.
trail number 653
[I 2025-07-18 04:25:26,872] Trial 653 finished with value: 22.301476224263507 and parameters: {'n_estimators': 20, 'max_depth': 17}. Best is trial 60 with value: 22.034135239919028.
trail number 649
[I 2025-07-18 04:25:27,349] Trial 649 finished with value: 22.035841733614607 and parameters: {'n_estimators': 520, 'max_depth': 23}. Best is trial 60 with value: 22.034135239919028.
trail number 654
[I 2025-07-18 04:25:28,184] Trial 654 finished with value: 22.061360303560896 and parameters: {'n_estimators': 29, 'max_depth': 24}. Best is trial 60 with value: 22.034135239919028.
trail number 651
[I 2025-07-18 04:25:28,261] Trial 651 finished with value: 22.03569036960602 and parameters: {'n_estimators': 59, 'max_depth': 22}. Best is trial 60 with value: 22.034135239919028.
trail number 657
[I 2025-07-18 04:25:28,796] Trial 657 finished with value: 25.288416105906165 and parameters: {'n_estimators': 11, 'max_depth': 29}. Best is trial 60 with value: 22.034135239919028.
trail number 656
[I 2025-07-18 04:25:29,375] Trial 656 finished with value: 22.08676982720693 and parameters: {'n_estimators': 26, 'max_depth': 25}. Best is trial 60 with value: 22.034135239919028.
trail number 658
[I 2025-07-18 04:25:29,991] Trial 658 finished with value: 22.09920896689097 and parameters: {'n_estimators': 25, 'max_depth': 22}. Best is trial 60 with value: 22.034135239919028.
trail number 659
[I 2025-07-18 04:25:30,349] Trial 659 finished with value: 22.45101548194885 and parameters: {'n_estimators': 19, 'max_depth': 28}. Best is trial 60 with value: 22.034135239919028.
trail number 655
[I 2025-07-18 04:25:30,993] Trial 655 finished with value: 22.035714116096496 and parameters: {'n_estimators': 66, 'max_depth': 20}. Best is trial 60 with value: 22.034135239919028.
trail number 660
[I 2025-07-18 04:25:31,347] Trial 660 finished with value: 22.06674558321635 and parameters: {'n_estimators': 28, 'max_depth': 27}. Best is trial 60 with value: 22.034135239919028.
trail number 650
[I 2025-07-18 04:25:31,717] Trial 650 finished with value: 22.035841733614607 and parameters: {'n_estimators': 545, 'max_depth': 24}. Best is trial 60 with value: 22.034135239919028.
trail number 652
