[I 2025-07-22 01:40:31,744] Trial 140 finished with value: 54.616089543866885 and parameters: {'C': 1000.0, 'epsilon': 50.004999999999995, 'tau': 526.3158842105263}. Best is trial 69 with value: 45.38715158912755.
[I 2025-07-22 01:41:08,386] Trial 141 finished with value: 45.412753588907826 and parameters: {'C': 1000.0, 'epsilon': 0.01, 'tau': 4210.526373684211}. Best is trial 69 with value: 45.38715158912755.
[I 2025-07-22 01:41:30,454] Trial 142 finished with value: 57.93682382615575 and parameters: {'C': 0.01, 'epsilon': 50.004999999999995, 'tau': 7368.421078947368}. Best is trial 69 with value: 45.38715158912755.
[I 2025-07-22 01:41:48,475] Trial 143 finished with value: 57.75989785564746 and parameters: {'C': 0.01, 'epsilon': 50.004999999999995, 'tau': 4210.526373684211}. Best is trial 69 with value: 45.38715158912755.
[I 2025-07-22 01:42:42,594] Trial 144 finished with value: 69.05057983930668 and parameters: {'C': 500.005, 'epsilon': 100.0, 'tau': 7368.421078947368}. Best is trial 69 with value: 45.38715158912755.
[I 2025-07-22 01:43:13,151] Trial 145 finished with value: 58.03197894315999 and parameters: {'C': 0.01, 'epsilon': 50.004999999999995, 'tau': 5789.4737263157895}. Best is trial 69 with value: 45.38715158912755.
Solver failed: Solver 'MOSEK' failed. Try another solver, or solve with verbose=True for more information.
[I 2025-07-22 01:43:41,243] Trial 146 finished with value: 53.790461644868834 and parameters: {'C': 1000.0, 'epsilon': 50.004999999999995, 'tau': 4736.842157894737}. Best is trial 69 with value: 45.38715158912755.
[I 2025-07-22 01:44:27,295] Trial 147 finished with value: 47.64429136733728 and parameters: {'C': 1000.0, 'epsilon': 0.01, 'tau': 3684.210589473684}. Best is trial 69 with value: 45.38715158912755.
[I 2025-07-22 01:44:54,689] Trial 148 finished with value: 53.788742134057905 and parameters: {'C': 1000.0, 'epsilon': 50.004999999999995, 'tau': 10000.0}. Best is trial 69 with value: 45.38715158912755.
[I 2025-07-22 01:45:28,119] Trial 149 finished with value: 58.04677735227333 and parameters: {'C': 0.01, 'epsilon': 50.004999999999995, 'tau': 6315.789510526316}. Best is trial 69 with value: 45.38715158912755.
[I 2025-07-22 01:45:58,298] Trial 150 finished with value: 54.550059293050275 and parameters: {'C': 1000.0, 'epsilon': 50.004999999999995, 'tau': 1052.6316684210526}. Best is trial 69 with value: 45.38715158912755.
[I 2025-07-22 01:46:34,641] Trial 151 finished with value: 53.788545739717584 and parameters: {'C': 1000.0, 'epsilon': 50.004999999999995, 'tau': 6315.789510526316}. Best is trial 69 with value: 45.38715158912755.
[I 2025-07-22 01:47:12,070] Trial 152 finished with value: 53.788948163153634 and parameters: {'C': 1000.0, 'epsilon': 50.004999999999995, 'tau': 3684.210589473684}. Best is trial 69 with value: 45.38715158912755.
Best trial: 69. Best value: 45.3872:  85%|████████▌ | 153/180 [1:31:54<15:41, 34.86s/it]Best trial: 69. Best value: 45.3872:  85%|████████▌ | 153/180 [1:31:54<15:41, 34.86s/it]Best trial: 69. Best value: 45.3872:  86%|████████▌ | 154/180 [1:31:54<14:54, 34.39s/it]                                                                                        Best trial: 69. Best value: 45.3872:  86%|████████▌ | 154/180 [1:32:25<14:54, 34.39s/it]Best trial: 69. Best value: 45.3872:  86%|████████▌ | 154/180 [1:32:25<14:54, 34.39s/it]Best trial: 69. Best value: 45.3872:  86%|████████▌ | 155/180 [1:32:25<13:52, 33.30s/it]                                                                                        Best trial: 69. Best value: 45.3872:  86%|████████▌ | 155/180 [1:32:59<13:52, 33.30s/it]Best trial: 69. Best value: 45.3872:  86%|████████▌ | 155/180 [1:32:59<13:52, 33.30s/it]Best trial: 69. Best value: 45.3872:  87%|████████▋ | 156/180 [1:32:59<13:26, 33.62s/it]                                                                                        Best trial: 69. Best value: 45.3872:  87%|████████▋ | 156/180 [1:34:20<13:26, 33.62s/it]Best trial: 69. Best value: 45.3872:  87%|████████▋ | 156/180 [1:34:20<13:26, 33.62s/it]Best trial: 69. Best value: 45.3872:  87%|████████▋ | 157/180 [1:34:20<18:20, 47.83s/it]                                                                                        Best trial: 69. Best value: 45.3872:  87%|████████▋ | 157/180 [1:34:32<18:20, 47.83s/it]Best trial: 69. Best value: 45.3872:  87%|████████▋ | 157/180 [1:34:32<18:20, 47.83s/it]Best trial: 69. Best value: 45.3872:  88%|████████▊ | 158/180 [1:34:32<13:36, 37.11s/it]                                                                                        Best trial: 69. Best value: 45.3872:  88%|████████▊ | 158/180 [1:34:46<13:36, 37.11s/it]Best trial: 69. Best value: 45.3872:  88%|████████▊ | 158/180 [1:34:46<13:36, 37.11s/it]Best trial: 69. Best value: 45.3872:  88%|████████▊ | 159/180 [1:34:46<10:31, 30.07s/it]                                                                                        Best trial: 69. Best value: 45.3872:  88%|████████▊ | 159/180 [1:35:17<10:31, 30.07s/it]Best trial: 69. Best value: 45.3872:  88%|████████▊ | 159/180 [1:35:17<10:31, 30.07s/it]Best trial: 69. Best value: 45.3872:  89%|████████▉ | 160/180 [1:35:17<10:03, 30.18s/it]                                                                                        Best trial: 69. Best value: 45.3872:  89%|████████▉ | 160/180 [1:36:55<10:03, 30.18s/it]Best trial: 69. Best value: 45.3872:  89%|████████▉ | 160/180 [1:36:55<10:03, 30.18s/it]Best trial: 69. Best value: 45.3872:  89%|████████▉ | 161/180 [1:36:55<16:04, 50.75s/it]                                                                                        Best trial: 69. Best value: 45.3872:  89%|████████▉ | 161/180 [1:37:08<16:04, 50.75s/it]Best trial: 69. Best value: 45.3872:  89%|████████▉ | 161/180 [1:37:08<16:04, 50.75s/it]Best trial: 69. Best value: 45.3872:  90%|█████████ | 162/180 [1:37:08<11:50, 39.47s/it]                                                                                        Best trial: 69. Best value: 45.3872:  90%|█████████ | 162/180 [1:37:33<11:50, 39.47s/it]Best trial: 69. Best value: 45.3872:  90%|█████████ | 162/180 [1:37:33<11:50, 39.47s/it]Best trial: 69. Best value: 45.3872:  91%|█████████ | 163/180 [1:37:33<09:54, 34.98s/it]                                                                                        Best trial: 69. Best value: 45.3872:  91%|█████████ | 163/180 [1:38:02<09:54, 34.98s/it]Best trial: 69. Best value: 45.3872:  91%|█████████ | 163/180 [1:38:02<09:54, 34.98s/it]Best trial: 69. Best value: 45.3872:  91%|█████████ | 164/180 [1:38:02<08:53, 33.33s/it]                                                                                        Best trial: 69. Best value: 45.3872:  91%|█████████ | 164/180 [1:38:57<08:53, 33.33s/it]Best trial: 69. Best value: 45.3872:  91%|█████████ | 164/180 [1:38:57<08:53, 33.33s/it]Best trial: 69. Best value: 45.3872:  92%|█████████▏| 165/180 [1:38:57<09:55, 39.67s/it]                                                                                        Best trial: 69. Best value: 45.3872:  92%|█████████▏| 165/180 [1:39:32<09:55, 39.67s/it]Best trial: 69. Best value: 45.3872:  92%|█████████▏| 165/180 [1:39:32<09:55, 39.67s/it]Best trial: 69. Best value: 45.3872:  92%|█████████▏| 166/180 [1:39:32<08:55, 38.26s/it]                                                                                        Best trial: 69. Best value: 45.3872:  92%|█████████▏| 166/180 [1:40:05<08:55, 38.26s/it]Best trial: 69. Best value: 45.3872:  92%|█████████▏| 166/180 [1:40:05<08:55, 38.26s/it]Best trial: 69. Best value: 45.3872:  93%|█████████▎| 167/180 [1:40:05<07:58, 36.78s/it]                                                                                        Best trial: 69. Best value: 45.3872:  93%|█████████▎| 167/180 [1:40:13<07:58, 36.78s/it]Best trial: 69. Best value: 45.3872:  93%|█████████▎| 167/180 [1:40:13<07:58, 36.78s/it]Best trial: 69. Best value: 45.3872:  93%|█████████▎| 168/180 [1:40:13<05:35, 27.96s/it]                                                                                        Best trial: 69. Best value: 45.3872:  93%|█████████▎| 168/180 [1:41:47<05:35, 27.96s/it]Best trial: 69. Best value: 45.3872:  93%|█████████▎| 168/180 [1:41:47<05:35, 27.96s/it]Best trial: 69. Best value: 45.3872:  94%|█████████▍| 169/180 [1:41:47<08:48, 48.05s/it]                                                                                        Best trial: 69. Best value: 45.3872:  94%|█████████▍| 169/180 [1:41:59<08:48, 48.05s/it]Best trial: 69. Best value: 45.3872:  94%|█████████▍| 169/180 [1:41:59<08:48, 48.05s/it]Best trial: 69. Best value: 45.3872:  94%|█████████▍| 170/180 [1:41:59<06:11, 37.16s/it]                                                                                        Best trial: 69. Best value: 45.3872:  94%|█████████▍| 170/180 [1:42:16<06:11, 37.16s/it]Best trial: 69. Best value: 45.3872:  94%|█████████▍| 170/180 [1:42:16<06:11, 37.16s/it]Best trial: 69. Best value: 45.3872:  95%|█████████▌| 171/180 [1:42:16<04:39, 31.05s/it]                                                                                        Best trial: 69. Best value: 45.3872:  95%|█████████▌| 171/180 [1:43:00<04:39, 31.05s/it]Best trial: 69. Best value: 45.3872:  95%|█████████▌| 171/180 [1:43:00<04:39, 31.05s/it]Best trial: 69. Best value: 45.3872:  96%|█████████▌| 172/180 [1:43:00<04:39, 34.99s/it]                                                                                        Best trial: 69. Best value: 45.3872:  96%|█████████▌| 172/180 [1:44:00<04:39, 34.99s/it]Best trial: 69. Best value: 45.3872:  96%|█████████▌| 172/180 [1:44:00<04:39, 34.99s/it]Best trial: 69. Best value: 45.3872:  96%|█████████▌| 173/180 [1:44:00<04:56, 42.42s/it]                                                                                        Best trial: 69. Best value: 45.3872:  96%|█████████▌| 173/180 [1:44:18<04:56, 42.42s/it]Best trial: 69. Best value: 45.3872:  96%|█████████▌| 173/180 [1:44:18<04:56, 42.42s/it]Best trial: 69. Best value: 45.3872:  97%|█████████▋| 174/180 [1:44:18<03:31, 35.26s/it]                                                                                        Best trial: 69. Best value: 45.3872:  97%|█████████▋| 174/180 [1:45:00<03:31, 35.26s/it]Best trial: 69. Best value: 45.3872:  97%|█████████▋| 174/180 [1:45:00<03:31, 35.26s/it]Best trial: 69. Best value: 45.3872:  97%|█████████▋| 175/180 [1:45:00<03:05, 37.10s/it]                                                                                        Best trial: 69. Best value: 45.3872:  97%|█████████▋| 175/180 [1:45:05<03:05, 37.10s/it]Best trial: 69. Best value: 45.3872:  97%|█████████▋| 175/180 [1:45:05<03:05, 37.10s/it]Best trial: 69. Best value: 45.3872:  98%|█████████▊| 176/180 [1:45:05<01:49, 27.46s/it]                                                                                        Best trial: 69. Best value: 45.3872:  98%|█████████▊| 176/180 [1:46:15<01:49, 27.46s/it]Best trial: 69. Best value: 45.3872:  98%|█████████▊| 176/180 [1:46:15<01:49, 27.46s/it]Best trial: 69. Best value: 45.3872:  98%|█████████▊| 177/180 [1:46:15<02:01, 40.40s/it]                                                                                        Best trial: 69. Best value: 45.3872:  98%|█████████▊| 177/180 [1:46:20<02:01, 40.40s/it]Best trial: 69. Best value: 45.3872:  98%|█████████▊| 177/180 [1:46:20<02:01, 40.40s/it]Best trial: 69. Best value: 45.3872:  99%|█████████▉| 178/180 [1:46:20<00:59, 29.63s/it]                                                                                        Best trial: 69. Best value: 45.3872:  99%|█████████▉| 178/180 [1:46:33<00:59, 29.63s/it]Best trial: 69. Best value: 45.3872:  99%|█████████▉| 178/180 [1:46:33<00:59, 29.63s/it]Best trial: 69. Best value: 45.3872:  99%|█████████▉| 179/180 [1:46:33<00:24, 24.62s/it]                                                                                        Best trial: 69. Best value: 45.3872:  99%|█████████▉| 179/180 [1:46:35<00:24, 24.62s/it]Best trial: 69. Best value: 45.3872:  99%|█████████▉| 179/180 [1:46:35<00:24, 24.62s/it]Best trial: 69. Best value: 45.3872: 100%|██████████| 180/180 [1:46:35<00:00, 17.90s/it]Best trial: 69. Best value: 45.3872: 100%|██████████| 180/180 [1:46:35<00:00, 35.53s/it]
[I 2025-07-22 01:47:45,366] Trial 153 finished with value: 57.96469334188911 and parameters: {'C': 0.01, 'epsilon': 50.004999999999995, 'tau': 4736.842157894737}. Best is trial 69 with value: 45.38715158912755.
[I 2025-07-22 01:48:16,077] Trial 154 finished with value: 53.78889273562967 and parameters: {'C': 500.005, 'epsilon': 50.004999999999995, 'tau': 10000.0}. Best is trial 69 with value: 45.38715158912755.
[I 2025-07-22 01:48:50,476] Trial 155 finished with value: 53.849487560079986 and parameters: {'C': 500.005, 'epsilon': 50.004999999999995, 'tau': 1052.6316684210526}. Best is trial 69 with value: 45.38715158912755.
[I 2025-07-22 01:50:11,490] Trial 157 finished with value: 69.0522077197573 and parameters: {'C': 500.005, 'epsilon': 100.0, 'tau': 7894.736863157895}. Best is trial 69 with value: 45.38715158912755.
[I 2025-07-22 01:50:23,582] Trial 156 finished with value: 45.42303438790024 and parameters: {'C': 500.005, 'epsilon': 0.01, 'tau': 10000.0}. Best is trial 69 with value: 45.38715158912755.
[I 2025-07-22 01:50:37,139] Trial 158 finished with value: 53.7886136511853 and parameters: {'C': 1000.0, 'epsilon': 50.004999999999995, 'tau': 4210.526373684211}. Best is trial 69 with value: 45.38715158912755.
[I 2025-07-22 01:51:07,570] Trial 159 finished with value: 69.05156499540284 and parameters: {'C': 1000.0, 'epsilon': 100.0, 'tau': 7368.421078947368}. Best is trial 69 with value: 45.38715158912755.
[I 2025-07-22 01:52:46,417] Trial 160 finished with value: 45.434502840637656 and parameters: {'C': 500.005, 'epsilon': 0.01, 'tau': 6315.789510526316}. Best is trial 69 with value: 45.38715158912755.
[I 2025-07-22 01:52:59,559] Trial 162 finished with value: 58.04423959070201 and parameters: {'C': 0.01, 'epsilon': 50.004999999999995, 'tau': 2631.579021052632}. Best is trial 69 with value: 45.38715158912755.
[I 2025-07-22 01:53:24,069] Trial 161 finished with value: 45.42102300822082 and parameters: {'C': 500.005, 'epsilon': 0.01, 'tau': 8947.368431578947}. Best is trial 69 with value: 45.38715158912755.
[I 2025-07-22 01:53:53,537] Trial 163 finished with value: 56.00435054479624 and parameters: {'C': 500.005, 'epsilon': 50.004999999999995, 'tau': 526.3158842105263}. Best is trial 69 with value: 45.38715158912755.
[I 2025-07-22 01:54:48,021] Trial 164 finished with value: 69.05053234129696 and parameters: {'C': 1000.0, 'epsilon': 100.0, 'tau': 4736.842157894737}. Best is trial 69 with value: 45.38715158912755.
[I 2025-07-22 01:55:22,974] Trial 165 finished with value: 69.05421853162774 and parameters: {'C': 1000.0, 'epsilon': 100.0, 'tau': 5789.4737263157895}. Best is trial 69 with value: 45.38715158912755.
Solver failed: Solver 'MOSEK' failed. Try another solver, or solve with verbose=True for more information.
[I 2025-07-22 01:55:56,295] Trial 166 finished with value: 58.1116832148937 and parameters: {'C': 0.01, 'epsilon': 50.004999999999995, 'tau': 10000.0}. Best is trial 69 with value: 45.38715158912755.
[I 2025-07-22 01:56:03,670] Trial 167 finished with value: 70.74376929694104 and parameters: {'C': 0.01, 'epsilon': 100.0, 'tau': 9473.684215789473}. Best is trial 69 with value: 45.38715158912755.
Solver failed: Solver 'MOSEK' failed. Try another solver, or solve with verbose=True for more information.
[I 2025-07-22 01:57:38,613] Trial 169 finished with value: 53.78914649427853 and parameters: {'C': 500.005, 'epsilon': 50.004999999999995, 'tau': 4210.526373684211}. Best is trial 69 with value: 45.38715158912755.
[I 2025-07-22 01:57:50,295] Trial 168 finished with value: 62.15839424481726 and parameters: {'C': 1000.0, 'epsilon': 50.004999999999995, 'tau': 0.0001}. Best is trial 69 with value: 45.38715158912755.
[I 2025-07-22 01:58:07,010] Trial 171 finished with value: 53.78902207407824 and parameters: {'C': 500.005, 'epsilon': 50.004999999999995, 'tau': 3684.210589473684}. Best is trial 69 with value: 45.38715158912755.
[I 2025-07-22 01:58:51,333] Trial 170 finished with value: 45.49928684890023 and parameters: {'C': 500.005, 'epsilon': 0.01, 'tau': 5263.157942105264}. Best is trial 69 with value: 45.38715158912755.
[I 2025-07-22 01:59:51,101] Trial 172 finished with value: 58.0305877599605 and parameters: {'C': 0.01, 'epsilon': 50.004999999999995, 'tau': 8421.05264736842}. Best is trial 69 with value: 45.38715158912755.
[I 2025-07-22 02:00:09,643] Trial 173 finished with value: 64.97840142349678 and parameters: {'C': 0.01, 'epsilon': 50.004999999999995, 'tau': 526.3158842105263}. Best is trial 69 with value: 45.38715158912755.
[I 2025-07-22 02:00:51,025] Trial 175 finished with value: 69.05039806906657 and parameters: {'C': 500.005, 'epsilon': 100.0, 'tau': 1578.947452631579}. Best is trial 69 with value: 45.38715158912755.
[I 2025-07-22 02:00:55,981] Trial 174 finished with value: 60.21872729893772 and parameters: {'C': 0.01, 'epsilon': 0.01, 'tau': 4736.842157894737}. Best is trial 69 with value: 45.38715158912755.
[I 2025-07-22 02:02:06,587] Trial 177 finished with value: 69.05109392938108 and parameters: {'C': 500.005, 'epsilon': 100.0, 'tau': 8947.368431578947}. Best is trial 69 with value: 45.38715158912755.
[I 2025-07-22 02:02:11,075] Trial 176 finished with value: 45.50190880283568 and parameters: {'C': 500.005, 'epsilon': 0.01, 'tau': 3684.210589473684}. Best is trial 69 with value: 45.38715158912755.
[I 2025-07-22 02:02:24,005] Trial 178 finished with value: 77.94475926192032 and parameters: {'C': 0.01, 'epsilon': 100.0, 'tau': 3684.210589473684}. Best is trial 69 with value: 45.38715158912755.
[I 2025-07-22 02:02:26,245] Trial 179 finished with value: 69.05162289809743 and parameters: {'C': 1000.0, 'epsilon': 100.0, 'tau': 6315.789510526316}. Best is trial 69 with value: 45.38715158912755.
--- Finished Optuna Study ---
  Best trial overall: Score=45.38715158912755, Params={'C': 500.005, 'epsilon': 0.01, 'tau': 1052.6316684210526}
Study complete. Triggering final upload...
Cloud upload is disabled. Skipping upload.
Waiting for all uploads to finish...
Cloud upload is disabled. Skipping waiting for uploads.
All uploads finished.

--- Grid Search Optimization Complete ---
