[I 2025-07-22 00:52:22,192] Trial 59 finished with value: 47.914318712532385 and parameters: {'C': 1000.0, 'epsilon': 0.01, 'tau': 4736.842157894737}. Best is trial 55 with value: 45.4030059529649.
[I 2025-07-22 00:53:10,159] Trial 61 finished with value: 53.78923167378602 and parameters: {'C': 500.005, 'epsilon': 50.004999999999995, 'tau': 5263.157942105264}. Best is trial 55 with value: 45.4030059529649.
[I 2025-07-22 00:53:21,124] Trial 62 finished with value: 69.05159718423171 and parameters: {'C': 500.005, 'epsilon': 100.0, 'tau': 8421.05264736842}. Best is trial 55 with value: 45.4030059529649.
[I 2025-07-22 00:54:30,184] Trial 63 finished with value: 57.8435517871167 and parameters: {'C': 0.01, 'epsilon': 50.004999999999995, 'tau': 3684.210589473684}. Best is trial 55 with value: 45.4030059529649.
[I 2025-07-22 00:54:36,120] Trial 64 finished with value: 53.78913725959887 and parameters: {'C': 500.005, 'epsilon': 50.004999999999995, 'tau': 7368.421078947368}. Best is trial 55 with value: 45.4030059529649.
[I 2025-07-22 00:55:22,459] Trial 65 finished with value: 53.78901370272979 and parameters: {'C': 1000.0, 'epsilon': 50.004999999999995, 'tau': 8947.368431578947}. Best is trial 55 with value: 45.4030059529649.
[I 2025-07-22 00:55:49,662] Trial 66 finished with value: 45.423053205851026 and parameters: {'C': 1000.0, 'epsilon': 0.01, 'tau': 5263.157942105264}. Best is trial 55 with value: 45.4030059529649.
[I 2025-07-22 00:56:32,733] Trial 67 finished with value: 69.05155478965759 and parameters: {'C': 1000.0, 'epsilon': 100.0, 'tau': 8421.05264736842}. Best is trial 55 with value: 45.4030059529649.
[I 2025-07-22 00:56:33,250] Trial 68 finished with value: 53.788724037449555 and parameters: {'C': 500.005, 'epsilon': 50.004999999999995, 'tau': 4736.842157894737}. Best is trial 55 with value: 45.4030059529649.
[I 2025-07-22 00:57:41,927] Trial 69 finished with value: 45.38715158912755 and parameters: {'C': 500.005, 'epsilon': 0.01, 'tau': 1052.6316684210526}. Best is trial 69 with value: 45.38715158912755.
[I 2025-07-22 00:58:02,846] Trial 70 finished with value: 55.52211507508119 and parameters: {'C': 0.01, 'epsilon': 0.01, 'tau': 1052.6316684210526}. Best is trial 69 with value: 45.38715158912755.
[I 2025-07-22 00:58:31,472] Trial 71 finished with value: 70.75881585838839 and parameters: {'C': 0.01, 'epsilon': 100.0, 'tau': 10000.0}. Best is trial 69 with value: 45.38715158912755.
[I 2025-07-22 00:58:33,686] Trial 72 finished with value: 53.78898823884064 and parameters: {'C': 500.005, 'epsilon': 50.004999999999995, 'tau': 8947.368431578947}. Best is trial 69 with value: 45.38715158912755.
[I 2025-07-22 00:59:40,921] Trial 73 finished with value: 53.788723254897015 and parameters: {'C': 500.005, 'epsilon': 50.004999999999995, 'tau': 9473.684215789473}. Best is trial 69 with value: 45.38715158912755.
[I 2025-07-22 01:00:14,349] Trial 74 finished with value: 74.26529564402617 and parameters: {'C': 0.01, 'epsilon': 100.0, 'tau': 1578.947452631579}. Best is trial 69 with value: 45.38715158912755.
[I 2025-07-22 01:00:45,699] Trial 76 finished with value: 53.78901169827541 and parameters: {'C': 500.005, 'epsilon': 50.004999999999995, 'tau': 3157.894805263158}. Best is trial 69 with value: 45.38715158912755.
Best trial: 69. Best value: 45.3872:  42%|████▏     | 76/180 [45:19<59:11, 34.15s/it]Best trial: 69. Best value: 45.3872:  42%|████▏     | 76/180 [45:19<59:11, 34.15s/it]Best trial: 69. Best value: 45.3872:  43%|████▎     | 77/180 [45:19<53:43, 31.30s/it]                                                                                     Best trial: 69. Best value: 45.3872:  43%|████▎     | 77/180 [46:26<53:43, 31.30s/it]Best trial: 69. Best value: 45.3872:  43%|████▎     | 77/180 [46:26<53:43, 31.30s/it]Best trial: 69. Best value: 45.3872:  43%|████▎     | 78/180 [46:26<1:11:09, 41.86s/it]                                                                                       Best trial: 69. Best value: 45.3872:  43%|████▎     | 78/180 [46:51<1:11:09, 41.86s/it]Best trial: 69. Best value: 45.3872:  43%|████▎     | 78/180 [46:51<1:11:09, 41.86s/it]Best trial: 69. Best value: 45.3872:  44%|████▍     | 79/180 [46:51<1:02:11, 36.95s/it]                                                                                       Best trial: 69. Best value: 45.3872:  44%|████▍     | 79/180 [47:05<1:02:11, 36.95s/it]Best trial: 69. Best value: 45.3872:  44%|████▍     | 79/180 [47:05<1:02:11, 36.95s/it]Best trial: 69. Best value: 45.3872:  44%|████▍     | 80/180 [47:05<50:12, 30.13s/it]                                                                                       Best trial: 69. Best value: 45.3872:  44%|████▍     | 80/180 [47:34<50:12, 30.13s/it]Best trial: 69. Best value: 45.3872:  44%|████▍     | 80/180 [47:34<50:12, 30.13s/it]Best trial: 69. Best value: 45.3872:  45%|████▌     | 81/180 [47:34<48:50, 29.60s/it]                                                                                     Best trial: 69. Best value: 45.3872:  45%|████▌     | 81/180 [49:01<48:50, 29.60s/it]Best trial: 69. Best value: 45.3872:  45%|████▌     | 81/180 [49:01<48:50, 29.60s/it]Best trial: 69. Best value: 45.3872:  46%|████▌     | 82/180 [49:01<1:16:36, 46.90s/it]                                                                                       Best trial: 69. Best value: 45.3872:  46%|████▌     | 82/180 [49:05<1:16:36, 46.90s/it]Best trial: 69. Best value: 45.3872:  46%|████▌     | 82/180 [49:05<1:16:36, 46.90s/it]Best trial: 69. Best value: 45.3872:  46%|████▌     | 83/180 [49:05<55:06, 34.09s/it]                                                                                       Best trial: 69. Best value: 45.3872:  46%|████▌     | 83/180 [49:26<55:06, 34.09s/it]Best trial: 69. Best value: 45.3872:  46%|████▌     | 83/180 [49:26<55:06, 34.09s/it]Best trial: 69. Best value: 45.3872:  47%|████▋     | 84/180 [49:26<48:12, 30.13s/it]                                                                                     Best trial: 69. Best value: 45.3872:  47%|████▋     | 84/180 [49:35<48:12, 30.13s/it]Best trial: 69. Best value: 45.3872:  47%|████▋     | 84/180 [49:35<48:12, 30.13s/it]Best trial: 69. Best value: 45.3872:  47%|████▋     | 85/180 [49:35<37:47, 23.87s/it]                                                                                     Best trial: 69. Best value: 45.3872:  47%|████▋     | 85/180 [51:05<37:47, 23.87s/it]Best trial: 69. Best value: 45.3872:  47%|████▋     | 85/180 [51:05<37:47, 23.87s/it]Best trial: 69. Best value: 45.3872:  48%|████▊     | 86/180 [51:05<1:08:17, 43.59s/it]                                                                                       Best trial: 69. Best value: 45.3872:  48%|████▊     | 86/180 [51:24<1:08:17, 43.59s/it]Best trial: 69. Best value: 45.3872:  48%|████▊     | 86/180 [51:24<1:08:17, 43.59s/it]Best trial: 69. Best value: 45.3872:  48%|████▊     | 87/180 [51:24<56:09, 36.23s/it]                                                                                       Best trial: 69. Best value: 45.3872:  48%|████▊     | 87/180 [51:35<56:09, 36.23s/it]Best trial: 69. Best value: 45.3872:  48%|████▊     | 87/180 [51:35<56:09, 36.23s/it]Best trial: 69. Best value: 45.3872:  49%|████▉     | 88/180 [51:35<43:46, 28.55s/it]                                                                                     Best trial: 69. Best value: 45.3872:  49%|████▉     | 88/180 [52:41<43:46, 28.55s/it]Best trial: 69. Best value: 45.3872:  49%|████▉     | 88/180 [52:41<43:46, 28.55s/it]Best trial: 69. Best value: 45.3872:  49%|████▉     | 89/180 [52:41<1:00:40, 40.01s/it]                                                                                       Best trial: 69. Best value: 45.3872:  49%|████▉     | 89/180 [53:44<1:00:40, 40.01s/it]Best trial: 69. Best value: 45.3872:  49%|████▉     | 89/180 [53:44<1:00:40, 40.01s/it]Best trial: 69. Best value: 45.3872:  50%|█████     | 90/180 [53:44<1:10:00, 46.68s/it]                                                                                       Best trial: 69. Best value: 45.3872:  50%|█████     | 90/180 [54:03<1:10:00, 46.68s/it]Best trial: 69. Best value: 45.3872:  50%|█████     | 90/180 [54:03<1:10:00, 46.68s/it]Best trial: 69. Best value: 45.3872:  51%|█████     | 91/180 [54:03<57:07, 38.51s/it]                                                                                       Best trial: 69. Best value: 45.3872:  51%|█████     | 91/180 [54:23<57:07, 38.51s/it]Best trial: 69. Best value: 45.3872:  51%|█████     | 91/180 [54:23<57:07, 38.51s/it]Best trial: 69. Best value: 45.3872:  51%|█████     | 92/180 [54:23<48:19, 32.95s/it]                                                                                     Best trial: 69. Best value: 45.3872:  51%|█████     | 92/180 [54:52<48:19, 32.95s/it]Best trial: 69. Best value: 45.3872:  51%|█████     | 92/180 [54:52<48:19, 32.95s/it]Best trial: 69. Best value: 45.3872:  52%|█████▏    | 93/180 [54:52<46:12, 31.87s/it]                                                                                     Best trial: 69. Best value: 45.3872:  52%|█████▏    | 93/180 [55:42<46:12, 31.87s/it]Best trial: 69. Best value: 45.3872:  52%|█████▏    | 93/180 [55:42<46:12, 31.87s/it]Best trial: 69. Best value: 45.3872:  52%|█████▏    | 94/180 [55:42<53:18, 37.19s/it]                                                                                     Best trial: 69. Best value: 45.3872:  52%|█████▏    | 94/180 [56:17<53:18, 37.19s/it]Best trial: 69. Best value: 45.3872:  52%|█████▏    | 94/180 [56:17<53:18, 37.19s/it]Best trial: 69. Best value: 45.3872:  53%|█████▎    | 95/180 [56:17<51:39, 36.46s/it]                                                                                     Best trial: 69. Best value: 45.3872:  53%|█████▎    | 95/180 [56:57<51:39, 36.46s/it]Best trial: 69. Best value: 45.3872:  53%|█████▎    | 95/180 [56:57<51:39, 36.46s/it]Best trial: 69. Best value: 45.3872:  53%|█████▎    | 96/180 [56:57<52:36, 37.57s/it]                                                                                     Best trial: 69. Best value: 45.3872:  53%|█████▎    | 96/180 [57:46<52:36, 37.57s/it]Best trial: 69. Best value: 45.3872:  53%|█████▎    | 96/180 [57:46<52:36, 37.57s/it]Best trial: 69. Best value: 45.3872:  54%|█████▍    | 97/180 [57:46<56:49, 41.08s/it]                                                                                     Best trial: 69. Best value: 45.3872:  54%|█████▍    | 97/180 [58:06<56:49, 41.08s/it]Best trial: 69. Best value: 45.3872:  54%|█████▍    | 97/180 [58:06<56:49, 41.08s/it]Best trial: 69. Best value: 45.3872:  54%|█████▍    | 98/180 [58:06<47:17, 34.60s/it]                                                                                     Best trial: 69. Best value: 45.3872:  54%|█████▍    | 98/180 [58:18<47:17, 34.60s/it]Best trial: 69. Best value: 45.3872:  54%|█████▍    | 98/180 [58:18<47:17, 34.60s/it]Best trial: 69. Best value: 45.3872:  55%|█████▌    | 99/180 [58:18<37:38, 27.88s/it]                                                                                     Best trial: 69. Best value: 45.3872:  55%|█████▌    | 99/180 [59:37<37:38, 27.88s/it]Best trial: 69. Best value: 45.3872:  55%|█████▌    | 99/180 [59:37<37:38, 27.88s/it]Best trial: 69. Best value: 45.3872:  56%|█████▌    | 100/180 [59:37<57:49, 43.36s/it]                                                                                      Best trial: 69. Best value: 45.3872:  56%|█████▌    | 100/180 [1:00:18<57:49, 43.36s/it]Best trial: 69. Best value: 45.3872:  56%|█████▌    | 100/180 [1:00:18<57:49, 43.36s/it]Best trial: 69. Best value: 45.3872:  56%|█████▌    | 101/180 [1:00:18<56:02, 42.56s/it]                                                                                        Best trial: 69. Best value: 45.3872:  56%|█████▌    | 101/180 [1:00:27<56:02, 42.56s/it]Best trial: 69. Best value: 45.3872:  56%|█████▌    | 101/180 [1:00:27<56:02, 42.56s/it]Best trial: 69. Best value: 45.3872:  57%|█████▋    | 102/180 [1:00:27<42:16, 32.51s/it]                                                                                        Best trial: 69. Best value: 45.3872:  57%|█████▋    | 102/180 [1:00:58<42:16, 32.51s/it]Best trial: 69. Best value: 45.3872:  57%|█████▋    | 102/180 [1:00:58<42:16, 32.51s/it]Best trial: 69. Best value: 45.3872:  57%|█████▋    | 103/180 [1:00:58<41:11, 32.10s/it]                                                                                        Best trial: 69. Best value: 45.3872:  57%|█████▋    | 103/180 [1:02:52<41:11, 32.10s/it]Best trial: 69. Best value: 45.3872:  57%|█████▋    | 103/180 [1:02:52<41:11, 32.10s/it]Best trial: 69. Best value: 45.3872:  58%|█████▊    | 104/180 [1:02:52<1:11:29, 56.44s/it]                                                                                          Best trial: 69. Best value: 45.3872:  58%|█████▊    | 104/180 [1:03:16<1:11:29, 56.44s/it]Best trial: 69. Best value: 45.3872:  58%|█████▊    | 104/180 [1:03:16<1:11:29, 56.44s/it]Best trial: 69. Best value: 45.3872:  58%|█████▊    | 105/180 [1:03:16<58:28, 46.78s/it]                                                                                          Best trial: 69. Best value: 45.3872:  58%|█████▊    | 105/180 [1:03:17<58:28, 46.78s/it]Best trial: 69. Best value: 45.3872:  58%|█████▊    | 105/180 [1:03:17<58:28, 46.78s/it]Best trial: 69. Best value: 45.3872:  59%|█████▉    | 106/180 [1:03:17<40:47, 33.07s/it]                                                                                        Best trial: 69. Best value: 45.3872:  59%|█████▉    | 106/180 [1:03:38<40:47, 33.07s/it]Best trial: 69. Best value: 45.3872:  59%|█████▉    | 106/180 [1:03:38<40:47, 33.07s/it]Best trial: 69. Best value: 45.3872:  59%|█████▉    | 107/180 [1:03:38<35:50, 29.46s/it]                                                                                        Best trial: 69. Best value: 45.3872:  59%|█████▉    | 107/180 [1:05:17<35:50, 29.46s/it]Best trial: 69. Best value: 45.3872:  59%|█████▉    | 107/180 [1:05:17<35:50, 29.46s/it]Best trial: 69. Best value: 45.3872:  60%|██████    | 108/180 [1:05:17<1:00:27, 50.38s/it]                                                                                          Best trial: 69. Best value: 45.3872:  60%|██████    | 108/180 [1:05:51<1:00:27, 50.38s/it]Best trial: 69. Best value: 45.3872:  60%|██████    | 108/180 [1:05:51<1:00:27, 50.38s/it]Best trial: 69. Best value: 45.3872:  61%|██████    | 109/180 [1:05:51<53:39, 45.34s/it]                                                                                          Best trial: 69. Best value: 45.3872:  61%|██████    | 109/180 [1:05:55<53:39, 45.34s/it]Best trial: 69. Best value: 45.3872:  61%|██████    | 109/180 [1:05:55<53:39, 45.34s/it]Best trial: 69. Best value: 45.3872:  61%|██████    | 110/180 [1:05:55<38:27, 32.96s/it]                                                                                        Best trial: 69. Best value: 45.3872:  61%|██████    | 110/180 [1:06:36<38:27, 32.96s/it]Best trial: 69. Best value: 45.3872:  61%|██████    | 110/180 [1:06:36<38:27, 32.96s/it]Best trial: 69. Best value: 45.3872:  62%|██████▏   | 111/180 [1:06:36<40:50, 35.51s/it]                                                                                        Best trial: 69. Best value: 45.3872:  62%|██████▏   | 111/180 [1:07:57<40:50, 35.51s/it]Best trial: 69. Best value: 45.3872:  62%|██████▏   | 111/180 [1:07:57<40:50, 35.51s/it]Best trial: 69. Best value: 45.3872:  62%|██████▏   | 112/180 [1:07:57<55:40, 49.12s/it]                                                                                        Best trial: 69. Best value: 45.3872:  62%|██████▏   | 112/180 [1:08:52<55:40, 49.12s/it]Best trial: 69. Best value: 45.3872:  62%|██████▏   | 112/180 [1:08:52<55:40, 49.12s/it]Best trial: 69. Best value: 45.3872:  63%|██████▎   | 113/180 [1:08:52<56:55, 50.97s/it]                                                                                        Best trial: 69. Best value: 45.3872:  63%|██████▎   | 113/180 [1:08:52<56:55, 50.97s/it]Best trial: 69. Best value: 45.3872:  63%|██████▎   | 113/180 [1:08:52<56:55, 50.97s/it]                                                                                        Best trial: 69. Best value: 45.3872:  63%|██████▎   | 114/180 [1:09:15<56:04, 50.97s/it]Best trial: 69. Best value: 45.3872:  63%|██████▎   | 114/180 [1:09:15<56:04, 50.97s/it]Best trial: 69. Best value: 45.3872:  64%|██████▍   | 115/180 [1:09:15<35:27, 32.73s/it]                                                                                        [I 2025-07-22 01:01:10,424] Trial 75 finished with value: 59.496134907023226 and parameters: {'C': 0.01, 'epsilon': 0.01, 'tau': 5263.157942105264}. Best is trial 69 with value: 45.38715158912755.
[I 2025-07-22 01:02:16,925] Trial 78 finished with value: 69.05156073185158 and parameters: {'C': 1000.0, 'epsilon': 100.0, 'tau': 6842.105294736843}. Best is trial 69 with value: 45.38715158912755.
[I 2025-07-22 01:02:42,412] Trial 77 finished with value: 45.40969805683255 and parameters: {'C': 500.005, 'epsilon': 0.01, 'tau': 6842.105294736843}. Best is trial 69 with value: 45.38715158912755.
[I 2025-07-22 01:02:56,636] Trial 79 finished with value: 69.05319347105608 and parameters: {'C': 1000.0, 'epsilon': 100.0, 'tau': 526.3158842105263}. Best is trial 69 with value: 45.38715158912755.
[I 2025-07-22 01:03:25,007] Trial 80 finished with value: 69.05157383093353 and parameters: {'C': 500.005, 'epsilon': 100.0, 'tau': 6315.789510526316}. Best is trial 69 with value: 45.38715158912755.
[I 2025-07-22 01:04:52,278] Trial 83 finished with value: 53.78901812559625 and parameters: {'C': 1000.0, 'epsilon': 50.004999999999995, 'tau': 5263.157942105264}. Best is trial 69 with value: 45.38715158912755.
[I 2025-07-22 01:04:56,447] Trial 82 finished with value: 53.7890175702398 and parameters: {'C': 500.005, 'epsilon': 50.004999999999995, 'tau': 6842.105294736843}. Best is trial 69 with value: 45.38715158912755.
[I 2025-07-22 01:05:17,354] Trial 81 finished with value: 45.42305552828145 and parameters: {'C': 1000.0, 'epsilon': 0.01, 'tau': 9473.684215789473}. Best is trial 69 with value: 45.38715158912755.
[I 2025-07-22 01:05:26,465] Trial 84 finished with value: 69.05129121744181 and parameters: {'C': 1000.0, 'epsilon': 100.0, 'tau': 10000.0}. Best is trial 69 with value: 45.38715158912755.
[I 2025-07-22 01:06:56,200] Trial 85 finished with value: 76.94217262906672 and parameters: {'C': 0.01, 'epsilon': 100.0, 'tau': 5263.157942105264}. Best is trial 69 with value: 45.38715158912755.
[I 2025-07-22 01:07:15,272] Trial 86 finished with value: 69.05173573425004 and parameters: {'C': 1000.0, 'epsilon': 100.0, 'tau': 8947.368431578947}. Best is trial 69 with value: 45.38715158912755.
[I 2025-07-22 01:07:25,899] Trial 87 finished with value: 69.05115186659124 and parameters: {'C': 500.005, 'epsilon': 100.0, 'tau': 9473.684215789473}. Best is trial 69 with value: 45.38715158912755.
Solver failed: Solver 'MOSEK' failed. Try another solver, or solve with verbose=True for more information.
Solver failed: Solver 'MOSEK' failed. Try another solver, or solve with verbose=True for more information.
[I 2025-07-22 01:08:32,640] Trial 88 finished with value: 45.45538766941781 and parameters: {'C': 500.005, 'epsilon': 0.01, 'tau': 2105.2632368421055}. Best is trial 69 with value: 45.38715158912755.
Solver failed: Solver 'MOSEK' failed. Try another solver, or solve with verbose=True for more information.
[I 2025-07-22 01:09:34,876] Trial 89 finished with value: 47.99780788860213 and parameters: {'C': 1000.0, 'epsilon': 0.01, 'tau': 2105.2632368421055}. Best is trial 69 with value: 45.38715158912755.
[I 2025-07-22 01:09:54,343] Trial 90 finished with value: 47.918506354679245 and parameters: {'C': 1000.0, 'epsilon': 0.01, 'tau': 3157.894805263158}. Best is trial 69 with value: 45.38715158912755.
[I 2025-07-22 01:10:14,312] Trial 91 finished with value: 47.74939944039087 and parameters: {'C': 500.005, 'epsilon': 0.01, 'tau': 4736.842157894737}. Best is trial 69 with value: 45.38715158912755.
[I 2025-07-22 01:10:43,625] Trial 92 finished with value: 72.0872421624724 and parameters: {'C': 0.01, 'epsilon': 100.0, 'tau': 4736.842157894737}. Best is trial 69 with value: 45.38715158912755.
[I 2025-07-22 01:11:33,254] Trial 93 finished with value: 71.9716332815097 and parameters: {'C': 0.01, 'epsilon': 100.0, 'tau': 4210.526373684211}. Best is trial 69 with value: 45.38715158912755.
[I 2025-07-22 01:12:08,031] Trial 94 finished with value: 53.78859079358156 and parameters: {'C': 500.005, 'epsilon': 50.004999999999995, 'tau': 2631.579021052632}. Best is trial 69 with value: 45.38715158912755.
[I 2025-07-22 01:12:48,201] Trial 95 finished with value: 58.989230183475115 and parameters: {'C': 0.01, 'epsilon': 0.01, 'tau': 6842.105294736843}. Best is trial 69 with value: 45.38715158912755.
[I 2025-07-22 01:13:37,467] Trial 96 finished with value: 45.42304511819312 and parameters: {'C': 1000.0, 'epsilon': 0.01, 'tau': 7894.736863157895}. Best is trial 69 with value: 45.38715158912755.
[I 2025-07-22 01:13:56,947] Trial 97 finished with value: 64.70021804408027 and parameters: {'C': 0.01, 'epsilon': 50.004999999999995, 'tau': 1578.947452631579}. Best is trial 69 with value: 45.38715158912755.
[I 2025-07-22 01:14:09,080] Trial 98 finished with value: 69.05054741704826 and parameters: {'C': 1000.0, 'epsilon': 100.0, 'tau': 3684.210589473684}. Best is trial 69 with value: 45.38715158912755.
