nohup: ignoring input
[I 2025-07-22 00:15:50,664] A new study created in memory with name: no-name-9ed0c5ad-0e38-4d4c-b545-cde7b341c344
Generating Optuna GridSampler search space and identifying stationary params:
  - C (float): 3 points from 0.01 to 1000.0
  - epsilon (float): 3 points from 0.01 to 100.0
  - tau (float): 20 points from 0.0001 to 10000.0
  - kernel_params (stationary): Fixed value -> [('linear', {}), ('rbf', {'gamma': 0.01}), ('rbf', {'gamma': 0.1}), ('rbf', {'gamma': 1.0}), ('rbf', {'gamma': 100.0}), ('poly', {'degree': 2}), ('poly', {'degree': 3}), ('sigmoid', {}), (ExpSineSquared(length_scale=1, periodicity=4.11), {}), (ExpSineSquared(length_scale=0.1, periodicity=4.11), {}), (ExpSineSquared(length_scale=10, periodicity=4.11), {}), (ExpSineSquared(length_scale=1, periodicity=0.343), {}), (ExpSineSquared(length_scale=0.1, periodicity=0.343), {}), (ExpSineSquared(length_scale=10, periodicity=0.343), {}), (ExpSineSquared(length_scale=1, periodicity=0.187), {}), (ExpSineSquared(length_scale=0.1, periodicity=0.187), {}), (ExpSineSquared(length_scale=10, periodicity=0.187), {}), (ExpSineSquared(length_scale=1, periodicity=0.0935), {}), (ExpSineSquared(length_scale=0.1, periodicity=0.0935), {}), (ExpSineSquared(length_scale=10, periodicity=0.0935), {}), (ExpSineSquared(length_scale=1, periodicity=0.0312), {}), (ExpSineSquared(length_scale=0.1, periodicity=0.0312), {}), (ExpSineSquared(length_scale=10, periodicity=0.0312), {}), (ExpSineSquared(length_scale=1, periodicity=0.00779), {}), (ExpSineSquared(length_scale=0.1, periodicity=0.00779), {}), (ExpSineSquared(length_scale=10, periodicity=0.00779), {}), (ExpSineSquared(length_scale=1, periodicity=0.0103), {}), (ExpSineSquared(length_scale=0.1, periodicity=0.0103), {}), (ExpSineSquared(length_scale=10, periodicity=0.0103), {}), (ExpSineSquared(length_scale=1, periodicity=0.0156), {}), (ExpSineSquared(length_scale=0.1, periodicity=0.0156), {}), (ExpSineSquared(length_scale=10, periodicity=0.0156), {}), (RationalQuadratic(alpha=1, length_scale=1), {}), (RationalQuadratic(alpha=1, length_scale=0.1), {}), (RationalQuadratic(alpha=1, length_scale=10), {}), (Matern(length_scale=1, nu=0.5), {}), (Matern(length_scale=0.1, nu=0.5), {}), (Matern(length_scale=10, nu=0.5), {}), (Matern(length_scale=1, nu=1.5), {}), (Matern(length_scale=0.1, nu=1.5), {}), (Matern(length_scale=10, nu=1.5), {}), (Matern(length_scale=1, nu=2.5), {}), (Matern(length_scale=0.1, nu=2.5), {}), (Matern(length_scale=10, nu=2.5), {}), (1**2, {})]
  - kronecker_kernel (stationary): Fixed value -> False
--- Starting Optuna Study ---
  Stationary parameters: {'kernel_params': [('linear', {}), ('rbf', {'gamma': 0.01}), ('rbf', {'gamma': 0.1}), ('rbf', {'gamma': 1.0}), ('rbf', {'gamma': 100.0}), ('poly', {'degree': 2}), ('poly', {'degree': 3}), ('sigmoid', {}), (ExpSineSquared(length_scale=1, periodicity=4.11), {}), (ExpSineSquared(length_scale=0.1, periodicity=4.11), {}), (ExpSineSquared(length_scale=10, periodicity=4.11), {}), (ExpSineSquared(length_scale=1, periodicity=0.343), {}), (ExpSineSquared(length_scale=0.1, periodicity=0.343), {}), (ExpSineSquared(length_scale=10, periodicity=0.343), {}), (ExpSineSquared(length_scale=1, periodicity=0.187), {}), (ExpSineSquared(length_scale=0.1, periodicity=0.187), {}), (ExpSineSquared(length_scale=10, periodicity=0.187), {}), (ExpSineSquared(length_scale=1, periodicity=0.0935), {}), (ExpSineSquared(length_scale=0.1, periodicity=0.0935), {}), (ExpSineSquared(length_scale=10, periodicity=0.0935), {}), (ExpSineSquared(length_scale=1, periodicity=0.0312), {}), (ExpSineSquared(length_scale=0.1, periodicity=0.0312), {}), (ExpSineSquared(length_scale=10, periodicity=0.0312), {}), (ExpSineSquared(length_scale=1, periodicity=0.00779), {}), (ExpSineSquared(length_scale=0.1, periodicity=0.00779), {}), (ExpSineSquared(length_scale=10, periodicity=0.00779), {}), (ExpSineSquared(length_scale=1, periodicity=0.0103), {}), (ExpSineSquared(length_scale=0.1, periodicity=0.0103), {}), (ExpSineSquared(length_scale=10, periodicity=0.0103), {}), (ExpSineSquared(length_scale=1, periodicity=0.0156), {}), (ExpSineSquared(length_scale=0.1, periodicity=0.0156), {}), (ExpSineSquared(length_scale=10, periodicity=0.0156), {}), (RationalQuadratic(alpha=1, length_scale=1), {}), (RationalQuadratic(alpha=1, length_scale=0.1), {}), (RationalQuadratic(alpha=1, length_scale=10), {}), (Matern(length_scale=1, nu=0.5), {}), (Matern(length_scale=0.1, nu=0.5), {}), (Matern(length_scale=10, nu=0.5), {}), (Matern(length_scale=1, nu=1.5), {}), (Matern(length_scale=0.1, nu=1.5), {}), (Matern(length_scale=10, nu=1.5), {}), (Matern(length_scale=1, nu=2.5), {}), (Matern(length_scale=0.1, nu=2.5), {}), (Matern(length_scale=10, nu=2.5), {}), (1**2, {})], 'kronecker_kernel': False}
  Evaluating 180 combinations for varying parameters across 3 splits each (n_jobs=4)
  0%|          | 0/180 [00:00<?, ?it/s]                                         0%|          | 0/180 [02:04<?, ?it/s]Best trial: 0. Best value: 69.0504:   0%|          | 0/180 [02:04<?, ?it/s]Best trial: 0. Best value: 69.0504:   1%|          | 1/180 [02:04<6:11:15, 124.44s/it]                                                                                      Best trial: 0. Best value: 69.0504:   1%|          | 1/180 [02:27<6:11:15, 124.44s/it]Best trial: 1. Best value: 59.9157:   1%|          | 1/180 [02:27<6:11:15, 124.44s/it]Best trial: 1. Best value: 59.9157:   1%|          | 2/180 [02:27<3:12:47, 64.99s/it]                                                                                      Best trial: 1. Best value: 59.9157:   1%|          | 2/180 [03:05<3:12:47, 64.99s/it]Best trial: 1. Best value: 59.9157:   1%|          | 2/180 [03:05<3:12:47, 64.99s/it]Best trial: 1. Best value: 59.9157:   2%|▏         | 3/180 [03:05<2:34:51, 52.50s/it]                                                                                     Best trial: 1. Best value: 59.9157:   2%|▏         | 3/180 [03:08<2:34:51, 52.50s/it]Best trial: 2. Best value: 45.4993:   2%|▏         | 3/180 [03:08<2:34:51, 52.50s/it]Best trial: 2. Best value: 45.4993:   2%|▏         | 4/180 [03:08<1:36:41, 32.96s/it]                                                                                     Best trial: 2. Best value: 45.4993:   2%|▏         | 4/180 [05:05<1:36:41, 32.96s/it]Best trial: 4. Best value: 45.423:   2%|▏         | 4/180 [05:05<1:36:41, 32.96s/it] Best trial: 4. Best value: 45.423:   3%|▎         | 5/180 [05:05<3:04:23, 63.22s/it]                                                                                    Best trial: 4. Best value: 45.423:   3%|▎         | 5/180 [05:25<3:04:23, 63.22s/it]Best trial: 4. Best value: 45.423:   3%|▎         | 5/180 [05:25<3:04:23, 63.22s/it]Best trial: 4. Best value: 45.423:   3%|▎         | 6/180 [05:25<2:21:08, 48.67s/it]                                                                                    Best trial: 4. Best value: 45.423:   3%|▎         | 6/180 [05:30<2:21:08, 48.67s/it]Best trial: 4. Best value: 45.423:   3%|▎         | 6/180 [05:30<2:21:08, 48.67s/it]Best trial: 4. Best value: 45.423:   4%|▍         | 7/180 [05:30<1:38:42, 34.24s/it]                                                                                    Best trial: 4. Best value: 45.423:   4%|▍         | 7/180 [05:31<1:38:42, 34.24s/it]Best trial: 4. Best value: 45.423:   4%|▍         | 7/180 [05:31<1:38:42, 34.24s/it]Best trial: 4. Best value: 45.423:   4%|▍         | 8/180 [05:31<1:08:14, 23.81s/it]                                                                                    Best trial: 4. Best value: 45.423:   4%|▍         | 8/180 [07:12<1:08:14, 23.81s/it]Best trial: 4. Best value: 45.423:   4%|▍         | 8/180 [07:12<1:08:14, 23.81s/it]Best trial: 4. Best value: 45.423:   5%|▌         | 9/180 [07:12<2:16:17, 47.82s/it]                                                                                    Best trial: 4. Best value: 45.423:   5%|▌         | 9/180 [07:28<2:16:17, 47.82s/it]Best trial: 4. Best value: 45.423:   5%|▌         | 9/180 [07:28<2:16:17, 47.82s/it]Best trial: 4. Best value: 45.423:   6%|▌         | 10/180 [07:28<1:47:26, 37.92s/it]                                                                                     Best trial: 4. Best value: 45.423:   6%|▌         | 10/180 [07:37<1:47:26, 37.92s/it]Best trial: 4. Best value: 45.423:   6%|▌         | 10/180 [07:37<1:47:26, 37.92s/it]Best trial: 4. Best value: 45.423:   6%|▌         | 11/180 [07:37<1:22:32, 29.31s/it]                                                                                     Best trial: 4. Best value: 45.423:   6%|▌         | 11/180 [07:48<1:22:32, 29.31s/it]Best trial: 4. Best value: 45.423:   6%|▌         | 11/180 [07:48<1:22:32, 29.31s/it]Best trial: 4. Best value: 45.423:   7%|▋         | 12/180 [07:48<1:06:19, 23.69s/it]                                                                                     Best trial: 4. Best value: 45.423:   7%|▋         | 12/180 [09:11<1:06:19, 23.69s/it]Best trial: 4. Best value: 45.423:   7%|▋         | 12/180 [09:11<1:06:19, 23.69s/it]Best trial: 4. Best value: 45.423:   7%|▋         | 13/180 [09:11<1:55:25, 41.47s/it]                                                                                     Best trial: 4. Best value: 45.423:   7%|▋         | 13/180 [09:45<1:55:25, 41.47s/it]Best trial: 4. Best value: 45.423:   7%|▋         | 13/180 [09:45<1:55:25, 41.47s/it]Best trial: 4. Best value: 45.423:   8%|▊         | 14/180 [09:45<1:48:47, 39.32s/it]                                                                                     Best trial: 4. Best value: 45.423:   8%|▊         | 14/180 [09:53<1:48:47, 39.32s/it]Best trial: 4. Best value: 45.423:   8%|▊         | 14/180 [09:53<1:48:47, 39.32s/it]Best trial: 4. Best value: 45.423:   8%|▊         | 15/180 [09:53<1:22:05, 29.85s/it]                                                                                     Best trial: 4. Best value: 45.423:   8%|▊         | 15/180 [10:12<1:22:05, 29.85s/it]Best trial: 4. Best value: 45.423:   8%|▊         | 15/180 [10:12<1:22:05, 29.85s/it]Best trial: 4. Best value: 45.423:   9%|▉         | 16/180 [10:12<1:12:53, 26.67s/it]                                                                                     Best trial: 4. Best value: 45.423:   9%|▉         | 16/180 [11:23<1:12:53, 26.67s/it]Best trial: 4. Best value: 45.423:   9%|▉         | 16/180 [11:23<1:12:53, 26.67s/it]Best trial: 4. Best value: 45.423:   9%|▉         | 17/180 [11:23<1:48:24, 39.91s/it]                                                                                     Best trial: 4. Best value: 45.423:   9%|▉         | 17/180 [11:52<1:48:24, 39.91s/it]Best trial: 4. Best value: 45.423:   9%|▉         | 17/180 [11:52<1:48:24, 39.91s/it]Best trial: 4. Best value: 45.423:  10%|█         | 18/180 [11:52<1:38:48, 36.59s/it]                                                                                     Best trial: 4. Best value: 45.423:  10%|█         | 18/180 [11:59<1:38:48, 36.59s/it]Best trial: 4. Best value: 45.423:  10%|█         | 18/180 [11:59<1:38:48, 36.59s/it]Best trial: 4. Best value: 45.423:  11%|█         | 19/180 [11:59<1:14:40, 27.83s/it]                                                                                     Best trial: 4. Best value: 45.423:  11%|█         | 19/180 [12:00<1:14:40, 27.83s/it]Best trial: 4. Best value: 45.423:  11%|█         | 19/180 [12:00<1:14:40, 27.83s/it]Best trial: 4. Best value: 45.423:  11%|█         | 20/180 [12:00<52:21, 19.63s/it]                                                                                     Best trial: 4. Best value: 45.423:  11%|█         | 20/180 [13:33<52:21, 19.63s/it]Best trial: 4. Best value: 45.423:  11%|█         | 20/180 [13:33<52:21, 19.63s/it]Best trial: 4. Best value: 45.423:  12%|█▏        | 21/180 [13:33<1:50:21, 41.64s/it]                                                                                     Best trial: 4. Best value: 45.423:  12%|█▏        | 21/180 [14:12<1:50:21, 41.64s/it]Best trial: 4. Best value: 45.423:  12%|█▏        | 21/180 [14:12<1:50:21, 41.64s/it]Best trial: 4. Best value: 45.423:  12%|█▏        | 22/180 [14:12<1:48:13, 41.10s/it]                                                                                     Best trial: 4. Best value: 45.423:  12%|█▏        | 22/180 [14:41<1:48:13, 41.10s/it]Best trial: 4. Best value: 45.423:  12%|█▏        | 22/180 [14:41<1:48:13, 41.10s/it]Best trial: 4. Best value: 45.423:  13%|█▎        | 23/180 [14:41<1:37:48, 37.38s/it]                                                                                     Best trial: 4. Best value: 45.423:  13%|█▎        | 23/180 [14:51<1:37:48, 37.38s/it]Best trial: 4. Best value: 45.423:  13%|█▎        | 23/180 [14:51<1:37:48, 37.38s/it]Best trial: 4. Best value: 45.423:  13%|█▎        | 24/180 [14:51<1:15:59, 29.23s/it]                                                                                     Best trial: 4. Best value: 45.423:  13%|█▎        | 24/180 [16:06<1:15:59, 29.23s/it]Best trial: 4. Best value: 45.423:  13%|█▎        | 24/180 [16:06<1:15:59, 29.23s/it]Best trial: 4. Best value: 45.423:  14%|█▍        | 25/180 [16:06<1:50:44, 42.86s/it]                                                                                     Best trial: 4. Best value: 45.423:  14%|█▍        | 25/180 [16:07<1:50:44, 42.86s/it]Best trial: 4. Best value: 45.423:  14%|█▍        | 25/180 [16:07<1:50:44, 42.86s/it]Best trial: 4. Best value: 45.423:  14%|█▍        | 26/180 [16:07<1:17:24, 30.16s/it]                                                                                     Best trial: 4. Best value: 45.423:  14%|█▍        | 26/180 [16:33<1:17:24, 30.16s/it]Best trial: 4. Best value: 45.423:  14%|█▍        | 26/180 [16:33<1:17:24, 30.16s/it]Best trial: 4. Best value: 45.423:  15%|█▌        | 27/180 [16:33<1:14:12, 29.10s/it]                                                                                     Best trial: 4. Best value: 45.423:  15%|█▌        | 27/180 [16:38<1:14:12, 29.10s/it]Best trial: 4. Best value: 45.423:  15%|█▌        | 27/180 [16:38<1:14:12, 29.10s/it]Best trial: 4. Best value: 45.423:  16%|█▌        | 28/180 [16:38<55:15, 21.81s/it]                                                                                     Best trial: 4. Best value: 45.423:  16%|█▌        | 28/180 [18:03<55:15, 21.81s/it]Best trial: 4. Best value: 45.423:  16%|█▌        | 28/180 [18:03<55:15, 21.81s/it]Best trial: 4. Best value: 45.423:  16%|█▌        | 29/180 [18:03<1:42:42, 40.81s/it]                                                                                     Best trial: 4. Best value: 45.423:  16%|█▌        | 29/180 [18:27<1:42:42, 40.81s/it]Best trial: 4. Best value: 45.423:  16%|█▌        | 29/180 [18:27<1:42:42, 40.81s/it]Best trial: 4. Best value: 45.423:  17%|█▋        | 30/180 [18:27<1:28:59, 35.59s/it]                                                                                     Best trial: 4. Best value: 45.423:  17%|█▋        | 30/180 [18:38<1:28:59, 35.59s/it]Best trial: 4. Best value: 45.423:  17%|█▋        | 30/180 [18:38<1:28:59, 35.59s/it]Best trial: 4. Best value: 45.423:  17%|█▋        | 31/180 [18:38<1:10:13, 28.28s/it]                                                                                     Best trial: 4. Best value: 45.423:  17%|█▋        | 31/180 [18:55<1:10:13, 28.28s/it]Best trial: 4. Best value: 45.423:  17%|█▋        | 31/180 [18:55<1:10:13, 28.28s/it]Best trial: 4. Best value: 45.423:  18%|█▊        | 32/180 [18:55<1:01:41, 25.01s/it]                                                                                     Best trial: 4. Best value: 45.423:  18%|█▊        | 32/180 [20:16<1:01:41, 25.01s/it]Best trial: 4. Best value: 45.423:  18%|█▊        | 32/180 [20:16<1:01:41, 25.01s/it]Best trial: 4. Best value: 45.423:  18%|█▊        | 33/180 [20:16<1:42:15, 41.74s/it]                                                                                     Best trial: 4. Best value: 45.423:  18%|█▊        | 33/180 [20:56<1:42:15, 41.74s/it]Best trial: 4. Best value: 45.423:  18%|█▊        | 33/180 [20:56<1:42:15, 41.74s/it]Best trial: 4. Best value: 45.423:  19%|█▉        | 34/180 [20:56<1:40:04, 41.13s/it]                                                                                     Best trial: 4. Best value: 45.423:  19%|█▉        | 34/180 [21:17<1:40:04, 41.13s/it]Best trial: 4. Best value: 45.423:  19%|█▉        | 34/180 [21:17<1:40:04, 41.13s/it]Best trial: 4. Best value: 45.423:  19%|█▉        | 35/180 [21:17<1:24:47, 35.09s/it]                                                                                     Best trial: 4. Best value: 45.423:  19%|█▉        | 35/180 [21:40<1:24:47, 35.09s/it]Best trial: 4. Best value: 45.423:  19%|█▉        | 35/180 [21:40<1:24:47, 35.09s/it]Best trial: 4. Best value: 45.423:  20%|██        | 36/180 [21:40<1:15:27, 31.44s/it]                                                                                     Best trial: 4. Best value: 45.423:  20%|██        | 36/180 [22:16<1:15:27, 31.44s/it]Best trial: 4. Best value: 45.423:  20%|██        | 36/180 [22:16<1:15:27, 31.44s/it]Best trial: 4. Best value: 45.423:  21%|██        | 37/180 [22:16<1:18:18, 32.86s/it]                                                                                     Best trial: 4. Best value: 45.423:  21%|██        | 37/180 [23:26<1:18:18, 32.86s/it]Best trial: 4. Best value: 45.423:  21%|██        | 37/180 [23:26<1:18:18, 32.86s/it]Best trial: 4. Best value: 45.423:  21%|██        | 38/180 [23:26<1:44:13, 44.04s/it]                                                                                     [I 2025-07-22 00:17:55,109] Trial 0 finished with value: 69.0504083642553 and parameters: {'C': 500.005, 'epsilon': 100.0, 'tau': 3157.894805263158}. Best is trial 0 with value: 69.0504083642553.
[I 2025-07-22 00:18:18,460] Trial 1 finished with value: 59.91568992834443 and parameters: {'C': 0.01, 'epsilon': 0.01, 'tau': 3684.210589473684}. Best is trial 1 with value: 59.91568992834443.
Solver failed: Solver 'MOSEK' failed. Try another solver, or solve with verbose=True for more information.
[I 2025-07-22 00:18:56,098] Trial 3 finished with value: 62.58911350163618 and parameters: {'C': 1000.0, 'epsilon': 100.0, 'tau': 0.0001}. Best is trial 1 with value: 59.91568992834443.
[I 2025-07-22 00:18:59,120] Trial 2 finished with value: 45.49926799152137 and parameters: {'C': 1000.0, 'epsilon': 0.01, 'tau': 2631.579021052632}. Best is trial 2 with value: 45.49926799152137.
[I 2025-07-22 00:20:55,991] Trial 4 finished with value: 45.423035945829746 and parameters: {'C': 1000.0, 'epsilon': 0.01, 'tau': 8421.05264736842}. Best is trial 4 with value: 45.423035945829746.
[I 2025-07-22 00:21:16,415] Trial 6 finished with value: 70.75040513438822 and parameters: {'C': 0.01, 'epsilon': 100.0, 'tau': 8421.05264736842}. Best is trial 4 with value: 45.423035945829746.
[I 2025-07-22 00:21:20,915] Trial 7 finished with value: 53.78900491741672 and parameters: {'C': 1000.0, 'epsilon': 50.004999999999995, 'tau': 5789.4737263157895}. Best is trial 4 with value: 45.423035945829746.
[I 2025-07-22 00:21:22,398] Trial 5 finished with value: 45.45921342362703 and parameters: {'C': 500.005, 'epsilon': 0.01, 'tau': 5789.4737263157895}. Best is trial 4 with value: 45.423035945829746.
[I 2025-07-22 00:23:03,037] Trial 8 finished with value: 69.0512127420932 and parameters: {'C': 1000.0, 'epsilon': 100.0, 'tau': 1052.6316684210526}. Best is trial 4 with value: 45.423035945829746.
[I 2025-07-22 00:23:18,789] Trial 9 finished with value: 69.05055204570371 and parameters: {'C': 500.005, 'epsilon': 100.0, 'tau': 4210.526373684211}. Best is trial 4 with value: 45.423035945829746.
[I 2025-07-22 00:23:28,565] Trial 10 finished with value: 57.925071824735916 and parameters: {'C': 0.01, 'epsilon': 50.004999999999995, 'tau': 6842.105294736843}. Best is trial 4 with value: 45.423035945829746.
[I 2025-07-22 00:23:39,400] Trial 11 finished with value: 53.789218921046455 and parameters: {'C': 1000.0, 'epsilon': 50.004999999999995, 'tau': 6842.105294736843}. Best is trial 4 with value: 45.423035945829746.
[I 2025-07-22 00:25:01,776] Trial 12 finished with value: 53.788655988564926 and parameters: {'C': 1000.0, 'epsilon': 50.004999999999995, 'tau': 9473.684215789473}. Best is trial 4 with value: 45.423035945829746.
[I 2025-07-22 00:25:36,144] Trial 13 finished with value: 60.2681759373555 and parameters: {'C': 0.01, 'epsilon': 0.01, 'tau': 2631.579021052632}. Best is trial 4 with value: 45.423035945829746.
[I 2025-07-22 00:25:44,005] Trial 15 finished with value: 53.78901680320419 and parameters: {'C': 500.005, 'epsilon': 50.004999999999995, 'tau': 6315.789510526316}. Best is trial 4 with value: 45.423035945829746.
[I 2025-07-22 00:26:03,222] Trial 14 finished with value: 59.320843262544635 and parameters: {'C': 0.01, 'epsilon': 0.01, 'tau': 9473.684215789473}. Best is trial 4 with value: 45.423035945829746.
[I 2025-07-22 00:27:12,714] Trial 16 finished with value: 69.0519157779148 and parameters: {'C': 1000.0, 'epsilon': 100.0, 'tau': 2105.2632368421055}. Best is trial 4 with value: 45.423035945829746.
[I 2025-07-22 00:27:42,899] Trial 18 finished with value: 58.016856941579356 and parameters: {'C': 0.01, 'epsilon': 50.004999999999995, 'tau': 8947.368431578947}. Best is trial 4 with value: 45.423035945829746.
[I 2025-07-22 00:27:50,302] Trial 17 finished with value: 53.785624494406505 and parameters: {'C': 1000.0, 'epsilon': 50.004999999999995, 'tau': 1578.947452631579}. Best is trial 4 with value: 45.423035945829746.
