[I 2025-07-22 00:27:50,836] Trial 19 finished with value: 69.05194928927358 and parameters: {'C': 500.005, 'epsilon': 100.0, 'tau': 526.3158842105263}. Best is trial 4 with value: 45.423035945829746.
[I 2025-07-22 00:29:21,719] Trial 20 finished with value: 53.78878482850217 and parameters: {'C': 1000.0, 'epsilon': 50.004999999999995, 'tau': 2105.2632368421055}. Best is trial 4 with value: 45.423035945829746.
[I 2025-07-22 00:30:03,631] Trial 23 finished with value: 60.45223798076097 and parameters: {'C': 0.01, 'epsilon': 0.01, 'tau': 2105.2632368421055}. Best is trial 4 with value: 45.423035945829746.
[I 2025-07-22 00:30:32,337] Trial 21 finished with value: 56.31129811503999 and parameters: {'C': 500.005, 'epsilon': 0.01, 'tau': 0.0001}. Best is trial 4 with value: 45.423035945829746.
[I 2025-07-22 00:30:42,025] Trial 22 finished with value: 45.444892864077566 and parameters: {'C': 500.005, 'epsilon': 0.01, 'tau': 1578.947452631579}. Best is trial 4 with value: 45.423035945829746.
[I 2025-07-22 00:31:57,205] Trial 25 finished with value: 69.05083104321773 and parameters: {'C': 1000.0, 'epsilon': 100.0, 'tau': 2631.579021052632}. Best is trial 4 with value: 45.423035945829746.
[I 2025-07-22 00:31:57,695] Trial 24 finished with value: 45.45531564143747 and parameters: {'C': 1000.0, 'epsilon': 0.01, 'tau': 1052.6316684210526}. Best is trial 4 with value: 45.423035945829746.
[I 2025-07-22 00:32:24,365] Trial 27 finished with value: 69.05156668344907 and parameters: {'C': 1000.0, 'epsilon': 100.0, 'tau': 3157.894805263158}. Best is trial 4 with value: 45.423035945829746.
[I 2025-07-22 00:32:28,965] Trial 26 finished with value: 69.05046945939385 and parameters: {'C': 500.005, 'epsilon': 100.0, 'tau': 6842.105294736843}. Best is trial 4 with value: 45.423035945829746.
Solver failed: Solver 'MOSEK' failed. Try another solver, or solve with verbose=True for more information.
[I 2025-07-22 00:33:54,318] Trial 28 finished with value: 69.05039725163175 and parameters: {'C': 1000.0, 'epsilon': 100.0, 'tau': 4210.526373684211}. Best is trial 4 with value: 45.423035945829746.
[I 2025-07-22 00:34:17,652] Trial 29 finished with value: 46.992658716544334 and parameters: {'C': 500.005, 'epsilon': 0.01, 'tau': 526.3158842105263}. Best is trial 4 with value: 45.423035945829746.
[I 2025-07-22 00:34:28,670] Trial 30 finished with value: 69.38593909600793 and parameters: {'C': 0.01, 'epsilon': 100.0, 'tau': 2105.2632368421055}. Best is trial 4 with value: 45.423035945829746.
[I 2025-07-22 00:34:46,333] Trial 31 finished with value: 64.47489800247716 and parameters: {'C': 0.01, 'epsilon': 50.004999999999995, 'tau': 3157.894805263158}. Best is trial 4 with value: 45.423035945829746.
[I 2025-07-22 00:36:07,096] Trial 32 finished with value: 69.05044528394164 and parameters: {'C': 500.005, 'epsilon': 100.0, 'tau': 3684.210589473684}. Best is trial 4 with value: 45.423035945829746.
Solver failed: Solver 'MOSEK' failed. Try another solver, or solve with verbose=True for more information.
[I 2025-07-22 00:36:46,807] Trial 33 finished with value: 56.48667598781436 and parameters: {'C': 1000.0, 'epsilon': 0.01, 'tau': 5789.4737263157895}. Best is trial 4 with value: 45.423035945829746.
[I 2025-07-22 00:37:07,793] Trial 34 finished with value: 45.4932102503403 and parameters: {'C': 500.005, 'epsilon': 0.01, 'tau': 3157.894805263158}. Best is trial 4 with value: 45.423035945829746.
[I 2025-07-22 00:37:30,724] Trial 35 finished with value: 59.74169430866643 and parameters: {'C': 0.01, 'epsilon': 0.01, 'tau': 4210.526373684211}. Best is trial 4 with value: 45.423035945829746.
[I 2025-07-22 00:38:06,798] Trial 36 finished with value: 70.75711134246691 and parameters: {'C': 0.01, 'epsilon': 100.0, 'tau': 7894.736863157895}. Best is trial 4 with value: 45.423035945829746.
Solver failed: Solver 'MOSEK' failed. Try another solver, or solve with verbose=True for more information.
[I 2025-07-22 00:39:16,962] Trial 37 finished with value: 53.78911604848346 and parameters: {'C': 500.005, 'epsilon': 50.004999999999995, 'tau': 1578.947452631579}. Best is trial 4 with value: 45.423035945829746.
Best trial: 4. Best value: 45.423:  21%|██        | 38/180 [23:40<1:44:13, 44.04s/it]Best trial: 4. Best value: 45.423:  21%|██        | 38/180 [23:40<1:44:13, 44.04s/it]Best trial: 4. Best value: 45.423:  22%|██▏       | 39/180 [23:40<1:22:14, 34.99s/it]                                                                                     Best trial: 4. Best value: 45.423:  22%|██▏       | 39/180 [23:54<1:22:14, 34.99s/it]Best trial: 4. Best value: 45.423:  22%|██▏       | 39/180 [23:54<1:22:14, 34.99s/it]Best trial: 4. Best value: 45.423:  22%|██▏       | 40/180 [23:54<1:07:01, 28.72s/it]                                                                                     Best trial: 4. Best value: 45.423:  22%|██▏       | 40/180 [24:58<1:07:01, 28.72s/it]Best trial: 4. Best value: 45.423:  22%|██▏       | 40/180 [24:58<1:07:01, 28.72s/it]Best trial: 4. Best value: 45.423:  23%|██▎       | 41/180 [24:58<1:31:04, 39.31s/it]                                                                                     Best trial: 4. Best value: 45.423:  23%|██▎       | 41/180 [25:53<1:31:04, 39.31s/it]Best trial: 4. Best value: 45.423:  23%|██▎       | 41/180 [25:53<1:31:04, 39.31s/it]                                                                                     Best trial: 4. Best value: 45.423:  23%|██▎       | 42/180 [25:53<1:41:09, 43.98s/it]Best trial: 4. Best value: 45.423:  23%|██▎       | 42/180 [25:53<1:41:09, 43.98s/it]Best trial: 4. Best value: 45.423:  23%|██▎       | 42/180 [25:53<1:41:09, 43.98s/it]                                                                                     Best trial: 4. Best value: 45.423:  24%|██▍       | 43/180 [26:04<1:40:25, 43.98s/it]Best trial: 4. Best value: 45.423:  24%|██▍       | 43/180 [26:04<1:40:25, 43.98s/it]Best trial: 4. Best value: 45.423:  24%|██▍       | 44/180 [26:04<59:36, 26.29s/it]                                                                                     Best trial: 4. Best value: 45.423:  24%|██▍       | 44/180 [27:11<59:36, 26.29s/it]Best trial: 4. Best value: 45.423:  24%|██▍       | 44/180 [27:11<59:36, 26.29s/it]Best trial: 4. Best value: 45.423:  25%|██▌       | 45/180 [27:11<1:21:38, 36.28s/it]                                                                                     Best trial: 4. Best value: 45.423:  25%|██▌       | 45/180 [28:43<1:21:38, 36.28s/it]Best trial: 4. Best value: 45.423:  25%|██▌       | 45/180 [28:43<1:21:38, 36.28s/it]Best trial: 4. Best value: 45.423:  26%|██▌       | 46/180 [28:43<1:53:46, 50.94s/it]                                                                                     Best trial: 4. Best value: 45.423:  26%|██▌       | 46/180 [28:43<1:53:46, 50.94s/it]Best trial: 4. Best value: 45.423:  26%|██▌       | 46/180 [28:43<1:53:46, 50.94s/it]                                                                                     Best trial: 4. Best value: 45.423:  26%|██▌       | 47/180 [29:10<1:52:55, 50.94s/it]Best trial: 4. Best value: 45.423:  26%|██▌       | 47/180 [29:10<1:52:55, 50.94s/it]Best trial: 4. Best value: 45.423:  27%|██▋       | 48/180 [29:11<1:17:07, 35.05s/it]                                                                                     Best trial: 4. Best value: 45.423:  27%|██▋       | 48/180 [29:36<1:17:07, 35.05s/it]Best trial: 4. Best value: 45.423:  27%|██▋       | 48/180 [29:36<1:17:07, 35.05s/it]Best trial: 4. Best value: 45.423:  27%|██▋       | 49/180 [29:36<1:11:26, 32.72s/it]                                                                                     Best trial: 4. Best value: 45.423:  27%|██▋       | 49/180 [30:45<1:11:26, 32.72s/it]Best trial: 4. Best value: 45.423:  27%|██▋       | 49/180 [30:45<1:11:26, 32.72s/it]Best trial: 4. Best value: 45.423:  28%|██▊       | 50/180 [30:45<1:31:00, 42.00s/it]                                                                                     Best trial: 4. Best value: 45.423:  28%|██▊       | 50/180 [31:17<1:31:00, 42.00s/it]Best trial: 4. Best value: 45.423:  28%|██▊       | 50/180 [31:17<1:31:00, 42.00s/it]Best trial: 4. Best value: 45.423:  28%|██▊       | 51/180 [31:17<1:24:38, 39.37s/it]                                                                                     Best trial: 4. Best value: 45.423:  28%|██▊       | 51/180 [31:23<1:24:38, 39.37s/it]Best trial: 4. Best value: 45.423:  28%|██▊       | 51/180 [31:23<1:24:38, 39.37s/it]Best trial: 4. Best value: 45.423:  29%|██▉       | 52/180 [31:23<1:04:32, 30.25s/it]                                                                                     Best trial: 4. Best value: 45.423:  29%|██▉       | 52/180 [31:47<1:04:32, 30.25s/it]Best trial: 4. Best value: 45.423:  29%|██▉       | 52/180 [31:47<1:04:32, 30.25s/it]Best trial: 4. Best value: 45.423:  29%|██▉       | 53/180 [31:47<1:00:05, 28.39s/it]                                                                                     Best trial: 4. Best value: 45.423:  29%|██▉       | 53/180 [33:21<1:00:05, 28.39s/it]Best trial: 4. Best value: 45.423:  29%|██▉       | 53/180 [33:21<1:00:05, 28.39s/it]Best trial: 4. Best value: 45.423:  30%|███       | 54/180 [33:21<1:39:00, 47.14s/it]                                                                                     Best trial: 4. Best value: 45.423:  30%|███       | 54/180 [33:29<1:39:00, 47.14s/it]Best trial: 4. Best value: 45.423:  30%|███       | 54/180 [33:29<1:39:00, 47.14s/it]Best trial: 4. Best value: 45.423:  31%|███       | 55/180 [33:29<1:14:24, 35.72s/it]                                                                                     Best trial: 4. Best value: 45.423:  31%|███       | 55/180 [34:08<1:14:24, 35.72s/it]Best trial: 4. Best value: 45.423:  31%|███       | 55/180 [34:08<1:14:24, 35.72s/it]Best trial: 4. Best value: 45.423:  31%|███       | 56/180 [34:08<1:15:58, 36.76s/it]                                                                                     Best trial: 4. Best value: 45.423:  31%|███       | 56/180 [34:12<1:15:58, 36.76s/it]Best trial: 55. Best value: 45.403:  31%|███       | 56/180 [34:12<1:15:58, 36.76s/it]Best trial: 55. Best value: 45.403:  32%|███▏      | 57/180 [34:12<55:20, 26.99s/it]                                                                                      Best trial: 55. Best value: 45.403:  32%|███▏      | 57/180 [35:13<55:20, 26.99s/it]Best trial: 55. Best value: 45.403:  32%|███▏      | 57/180 [35:13<55:20, 26.99s/it]Best trial: 55. Best value: 45.403:  32%|███▏      | 58/180 [35:13<1:15:43, 37.24s/it]                                                                                      Best trial: 55. Best value: 45.403:  32%|███▏      | 58/180 [35:31<1:15:43, 37.24s/it]Best trial: 55. Best value: 45.403:  32%|███▏      | 58/180 [35:31<1:15:43, 37.24s/it]Best trial: 55. Best value: 45.403:  33%|███▎      | 59/180 [35:31<1:03:26, 31.46s/it]                                                                                      Best trial: 55. Best value: 45.403:  33%|███▎      | 59/180 [36:27<1:03:26, 31.46s/it]Best trial: 55. Best value: 45.403:  33%|███▎      | 59/180 [36:27<1:03:26, 31.46s/it]Best trial: 55. Best value: 45.403:  33%|███▎      | 60/180 [36:27<1:17:28, 38.74s/it]                                                                                      Best trial: 55. Best value: 45.403:  33%|███▎      | 60/180 [36:31<1:17:28, 38.74s/it]Best trial: 55. Best value: 45.403:  33%|███▎      | 60/180 [36:31<1:17:28, 38.74s/it]Best trial: 55. Best value: 45.403:  34%|███▍      | 61/180 [36:31<56:19, 28.40s/it]                                                                                      Best trial: 55. Best value: 45.403:  34%|███▍      | 61/180 [37:19<56:19, 28.40s/it]Best trial: 55. Best value: 45.403:  34%|███▍      | 61/180 [37:19<56:19, 28.40s/it]Best trial: 55. Best value: 45.403:  34%|███▍      | 62/180 [37:19<1:07:21, 34.25s/it]                                                                                      Best trial: 55. Best value: 45.403:  34%|███▍      | 62/180 [37:30<1:07:21, 34.25s/it]Best trial: 55. Best value: 45.403:  34%|███▍      | 62/180 [37:30<1:07:21, 34.25s/it]Best trial: 55. Best value: 45.403:  35%|███▌      | 63/180 [37:30<53:14, 27.30s/it]                                                                                      Best trial: 55. Best value: 45.403:  35%|███▌      | 63/180 [38:39<53:14, 27.30s/it]Best trial: 55. Best value: 45.403:  35%|███▌      | 63/180 [38:40<53:14, 27.30s/it]Best trial: 55. Best value: 45.403:  36%|███▌      | 64/180 [38:40<1:17:31, 40.10s/it]                                                                                      Best trial: 55. Best value: 45.403:  36%|███▌      | 64/180 [38:46<1:17:31, 40.10s/it]Best trial: 55. Best value: 45.403:  36%|███▌      | 64/180 [38:46<1:17:31, 40.10s/it]Best trial: 55. Best value: 45.403:  36%|███▌      | 65/180 [38:46<57:00, 29.74s/it]                                                                                      Best trial: 55. Best value: 45.403:  36%|███▌      | 65/180 [39:31<57:00, 29.74s/it]Best trial: 55. Best value: 45.403:  36%|███▌      | 65/180 [39:31<57:00, 29.74s/it]Best trial: 55. Best value: 45.403:  37%|███▋      | 66/180 [39:31<1:05:35, 34.52s/it]                                                                                      Best trial: 55. Best value: 45.403:  37%|███▋      | 66/180 [39:58<1:05:35, 34.52s/it]Best trial: 55. Best value: 45.403:  37%|███▋      | 66/180 [39:58<1:05:35, 34.52s/it]Best trial: 55. Best value: 45.403:  37%|███▋      | 67/180 [39:58<1:00:53, 32.33s/it]                                                                                      Best trial: 55. Best value: 45.403:  37%|███▋      | 67/180 [40:42<1:00:53, 32.33s/it]Best trial: 55. Best value: 45.403:  37%|███▋      | 67/180 [40:42<1:00:53, 32.33s/it]Best trial: 55. Best value: 45.403:  38%|███▊      | 68/180 [40:42<1:06:21, 35.55s/it]                                                                                      Best trial: 55. Best value: 45.403:  38%|███▊      | 68/180 [40:42<1:06:21, 35.55s/it]Best trial: 55. Best value: 45.403:  38%|███▊      | 68/180 [40:42<1:06:21, 35.55s/it]Best trial: 55. Best value: 45.403:  38%|███▊      | 69/180 [40:42<46:20, 25.05s/it]                                                                                      Best trial: 55. Best value: 45.403:  38%|███▊      | 69/180 [41:51<46:20, 25.05s/it]Best trial: 69. Best value: 45.3872:  38%|███▊      | 69/180 [41:51<46:20, 25.05s/it]Best trial: 69. Best value: 45.3872:  39%|███▉      | 70/180 [41:51<1:09:54, 38.13s/it]                                                                                       Best trial: 69. Best value: 45.3872:  39%|███▉      | 70/180 [42:12<1:09:54, 38.13s/it]Best trial: 69. Best value: 45.3872:  39%|███▉      | 70/180 [42:12<1:09:54, 38.13s/it]Best trial: 69. Best value: 45.3872:  39%|███▉      | 71/180 [42:12<59:55, 32.98s/it]                                                                                       Best trial: 69. Best value: 45.3872:  39%|███▉      | 71/180 [42:40<59:55, 32.98s/it]Best trial: 69. Best value: 45.3872:  39%|███▉      | 71/180 [42:40<59:55, 32.98s/it]Best trial: 69. Best value: 45.3872:  40%|████      | 72/180 [42:41<57:07, 31.73s/it]                                                                                     Best trial: 69. Best value: 45.3872:  40%|████      | 72/180 [42:43<57:07, 31.73s/it]Best trial: 69. Best value: 45.3872:  40%|████      | 72/180 [42:43<57:07, 31.73s/it]Best trial: 69. Best value: 45.3872:  41%|████      | 73/180 [42:43<40:40, 22.80s/it]                                                                                     Best trial: 69. Best value: 45.3872:  41%|████      | 73/180 [43:50<40:40, 22.80s/it]Best trial: 69. Best value: 45.3872:  41%|████      | 73/180 [43:50<40:40, 22.80s/it]Best trial: 69. Best value: 45.3872:  41%|████      | 74/180 [43:50<1:03:53, 36.16s/it]                                                                                       Best trial: 69. Best value: 45.3872:  41%|████      | 74/180 [44:23<1:03:53, 36.16s/it]Best trial: 69. Best value: 45.3872:  41%|████      | 74/180 [44:23<1:03:53, 36.16s/it]Best trial: 69. Best value: 45.3872:  42%|████▏     | 75/180 [44:23<1:01:48, 35.32s/it]                                                                                       Best trial: 69. Best value: 45.3872:  42%|████▏     | 75/180 [44:55<1:01:48, 35.32s/it]Best trial: 69. Best value: 45.3872:  42%|████▏     | 75/180 [44:55<1:01:48, 35.32s/it]Best trial: 69. Best value: 45.3872:  42%|████▏     | 76/180 [44:55<59:11, 34.15s/it]                                                                                       [I 2025-07-22 00:39:30,896] Trial 38 finished with value: 75.75627061019556 and parameters: {'C': 0.01, 'epsilon': 100.0, 'tau': 2631.579021052632}. Best is trial 4 with value: 45.423035945829746.
[I 2025-07-22 00:39:44,999] Trial 39 finished with value: 69.0544350173479 and parameters: {'C': 1000.0, 'epsilon': 100.0, 'tau': 1578.947452631579}. Best is trial 4 with value: 45.423035945829746.
[I 2025-07-22 00:40:49,024] Trial 40 finished with value: 47.98941302959279 and parameters: {'C': 1000.0, 'epsilon': 0.01, 'tau': 1578.947452631579}. Best is trial 4 with value: 45.423035945829746.
[I 2025-07-22 00:41:43,773] Trial 41 finished with value: 64.55827957129021 and parameters: {'C': 0.01, 'epsilon': 50.004999999999995, 'tau': 2105.2632368421055}. Best is trial 4 with value: 45.423035945829746.
[I 2025-07-22 00:41:43,779] Trial 43 finished with value: 53.789227575162215 and parameters: {'C': 500.005, 'epsilon': 50.004999999999995, 'tau': 7894.736863157895}. Best is trial 4 with value: 45.423035945829746.
[I 2025-07-22 00:41:55,056] Trial 42 finished with value: 58.048635006702774 and parameters: {'C': 0.01, 'epsilon': 50.004999999999995, 'tau': 5263.157942105264}. Best is trial 4 with value: 45.423035945829746.
Solver failed: Solver 'MOSEK' failed. Try another solver, or solve with verbose=True for more information.
[I 2025-07-22 00:43:01,805] Trial 44 finished with value: 70.76454154333857 and parameters: {'C': 0.01, 'epsilon': 100.0, 'tau': 7368.421078947368}. Best is trial 4 with value: 45.423035945829746.
[I 2025-07-22 00:44:34,138] Trial 45 finished with value: 62.44090446063942 and parameters: {'C': 500.005, 'epsilon': 50.004999999999995, 'tau': 0.0001}. Best is trial 4 with value: 45.423035945829746.
[I 2025-07-22 00:44:34,199] Trial 46 finished with value: 58.15297187698726 and parameters: {'C': 0.01, 'epsilon': 0.01, 'tau': 10000.0}. Best is trial 4 with value: 45.423035945829746.
[I 2025-07-22 00:45:01,495] Trial 47 finished with value: 45.423059946742136 and parameters: {'C': 1000.0, 'epsilon': 0.01, 'tau': 8947.368431578947}. Best is trial 4 with value: 45.423035945829746.
[I 2025-07-22 00:45:26,801] Trial 48 finished with value: 69.05036651585225 and parameters: {'C': 500.005, 'epsilon': 100.0, 'tau': 2105.2632368421055}. Best is trial 4 with value: 45.423035945829746.
[I 2025-07-22 00:46:36,573] Trial 49 finished with value: 53.78891670881782 and parameters: {'C': 1000.0, 'epsilon': 50.004999999999995, 'tau': 3157.894805263158}. Best is trial 4 with value: 45.423035945829746.
[I 2025-07-22 00:47:07,918] Trial 51 finished with value: 70.672101525825 and parameters: {'C': 0.01, 'epsilon': 100.0, 'tau': 5789.4737263157895}. Best is trial 4 with value: 45.423035945829746.
[I 2025-07-22 00:47:13,793] Trial 50 finished with value: 59.330816556217705 and parameters: {'C': 0.01, 'epsilon': 0.01, 'tau': 8421.05264736842}. Best is trial 4 with value: 45.423035945829746.
[I 2025-07-22 00:47:38,244] Trial 52 finished with value: 69.05323066104059 and parameters: {'C': 1000.0, 'epsilon': 100.0, 'tau': 5263.157942105264}. Best is trial 4 with value: 45.423035945829746.
Solver failed: Solver 'MOSEK' failed. Try another solver, or solve with verbose=True for more information.
[I 2025-07-22 00:49:12,103] Trial 54 finished with value: 69.05513468244295 and parameters: {'C': 0.01, 'epsilon': 100.0, 'tau': 0.0001}. Best is trial 4 with value: 45.423035945829746.
[I 2025-07-22 00:49:19,895] Trial 53 finished with value: 47.54243922538148 and parameters: {'C': 1000.0, 'epsilon': 0.01, 'tau': 526.3158842105263}. Best is trial 4 with value: 45.423035945829746.
[I 2025-07-22 00:49:59,178] Trial 56 finished with value: 58.21447708595476 and parameters: {'C': 0.01, 'epsilon': 50.004999999999995, 'tau': 1052.6316684210526}. Best is trial 4 with value: 45.423035945829746.
[I 2025-07-22 00:50:02,848] Trial 55 finished with value: 45.4030059529649 and parameters: {'C': 500.005, 'epsilon': 0.01, 'tau': 7368.421078947368}. Best is trial 55 with value: 45.4030059529649.
Solver failed: Solver 'MOSEK' failed. Try another solver, or solve with verbose=True for more information.
[I 2025-07-22 00:51:04,393] Trial 57 finished with value: 69.05108990075375 and parameters: {'C': 500.005, 'epsilon': 100.0, 'tau': 5263.157942105264}. Best is trial 55 with value: 45.4030059529649.
[I 2025-07-22 00:51:22,214] Trial 58 finished with value: 69.05160144992112 and parameters: {'C': 500.005, 'epsilon': 100.0, 'tau': 5789.4737263157895}. Best is trial 55 with value: 45.4030059529649.
[I 2025-07-22 00:52:18,012] Trial 60 finished with value: 53.78922735273901 and parameters: {'C': 500.005, 'epsilon': 50.004999999999995, 'tau': 8421.05264736842}. Best is trial 55 with value: 45.4030059529649.
