[I 2025-07-22 01:15:28,638] Trial 99 finished with value: 58.33227778380007 and parameters: {'C': 0.01, 'epsilon': 50.004999999999995, 'tau': 0.0001}. Best is trial 69 with value: 45.38715158912755.
[I 2025-07-22 01:16:09,309] Trial 100 finished with value: 58.71972264335077 and parameters: {'C': 0.01, 'epsilon': 0.01, 'tau': 7894.736863157895}. Best is trial 69 with value: 45.38715158912755.
[I 2025-07-22 01:16:18,304] Trial 102 finished with value: 70.72102219538918 and parameters: {'C': 0.01, 'epsilon': 100.0, 'tau': 6315.789510526316}. Best is trial 69 with value: 45.38715158912755.
[I 2025-07-22 01:16:49,521] Trial 101 finished with value: 45.423038879557424 and parameters: {'C': 500.005, 'epsilon': 0.01, 'tau': 9473.684215789473}. Best is trial 69 with value: 45.38715158912755.
[I 2025-07-22 01:18:42,642] Trial 103 finished with value: 71.51516255264774 and parameters: {'C': 500.005, 'epsilon': 100.0, 'tau': 0.0001}. Best is trial 69 with value: 45.38715158912755.
[I 2025-07-22 01:19:06,962] Trial 105 finished with value: 60.63888930772407 and parameters: {'C': 0.01, 'epsilon': 0.01, 'tau': 1578.947452631579}. Best is trial 69 with value: 45.38715158912755.
[I 2025-07-22 01:19:08,076] Trial 106 finished with value: 69.05080685660364 and parameters: {'C': 1000.0, 'epsilon': 100.0, 'tau': 9473.684215789473}. Best is trial 69 with value: 45.38715158912755.
[I 2025-07-22 01:19:29,100] Trial 104 finished with value: 45.413004797374214 and parameters: {'C': 500.005, 'epsilon': 0.01, 'tau': 8421.05264736842}. Best is trial 69 with value: 45.38715158912755.
[I 2025-07-22 01:21:08,286] Trial 107 finished with value: 69.05039900419867 and parameters: {'C': 500.005, 'epsilon': 100.0, 'tau': 4736.842157894737}. Best is trial 69 with value: 45.38715158912755.
[I 2025-07-22 01:21:41,856] Trial 108 finished with value: 60.71306484393773 and parameters: {'C': 0.01, 'epsilon': 0.01, 'tau': 3157.894805263158}. Best is trial 69 with value: 45.38715158912755.
[I 2025-07-22 01:21:45,963] Trial 109 finished with value: 45.50327297177021 and parameters: {'C': 500.005, 'epsilon': 0.01, 'tau': 4210.526373684211}. Best is trial 69 with value: 45.38715158912755.
[I 2025-07-22 01:22:27,404] Trial 110 finished with value: 45.40703851443154 and parameters: {'C': 500.005, 'epsilon': 0.01, 'tau': 7894.736863157895}. Best is trial 69 with value: 45.38715158912755.
[I 2025-07-22 01:23:48,285] Trial 111 finished with value: 53.78844393514898 and parameters: {'C': 500.005, 'epsilon': 50.004999999999995, 'tau': 2105.2632368421055}. Best is trial 69 with value: 45.38715158912755.
[I 2025-07-22 01:24:43,525] Trial 112 finished with value: 45.423051281160866 and parameters: {'C': 1000.0, 'epsilon': 0.01, 'tau': 7368.421078947368}. Best is trial 69 with value: 45.38715158912755.
[I 2025-07-22 01:24:43,537] Trial 113 finished with value: 53.86407764878923 and parameters: {'C': 0.01, 'epsilon': 0.01, 'tau': 6315.789510526316}. Best is trial 69 with value: 45.38715158912755.
[I 2025-07-22 01:25:06,496] Trial 114 finished with value: 45.423038917081534 and parameters: {'C': 1000.0, 'epsilon': 0.01, 'tau': 10000.0}. Best is trial 69 with value: 45.38715158912755.
Best trial: 69. Best value: 45.3872:  64%|██████▍   | 115/180 [1:10:04<35:27, 32.73s/it]Best trial: 69. Best value: 45.3872:  64%|██████▍   | 115/180 [1:10:04<35:27, 32.73s/it]Best trial: 69. Best value: 45.3872:  64%|██████▍   | 116/180 [1:10:04<39:12, 36.75s/it]                                                                                        Best trial: 69. Best value: 45.3872:  64%|██████▍   | 116/180 [1:11:05<39:12, 36.75s/it]Best trial: 69. Best value: 45.3872:  64%|██████▍   | 116/180 [1:11:05<39:12, 36.75s/it]Best trial: 69. Best value: 45.3872:  65%|██████▌   | 117/180 [1:11:05<45:12, 43.06s/it]                                                                                        Best trial: 69. Best value: 45.3872:  65%|██████▌   | 117/180 [1:11:21<45:12, 43.06s/it]Best trial: 69. Best value: 45.3872:  65%|██████▌   | 117/180 [1:11:21<45:12, 43.06s/it]Best trial: 69. Best value: 45.3872:  66%|██████▌   | 118/180 [1:11:21<36:42, 35.53s/it]                                                                                        Best trial: 69. Best value: 45.3872:  66%|██████▌   | 118/180 [1:11:26<36:42, 35.53s/it]Best trial: 69. Best value: 45.3872:  66%|██████▌   | 118/180 [1:11:26<36:42, 35.53s/it]Best trial: 69. Best value: 45.3872:  66%|██████▌   | 119/180 [1:11:26<27:36, 27.15s/it]                                                                                        Best trial: 69. Best value: 45.3872:  66%|██████▌   | 119/180 [1:12:06<27:36, 27.15s/it]Best trial: 69. Best value: 45.3872:  66%|██████▌   | 119/180 [1:12:06<27:36, 27.15s/it]Best trial: 69. Best value: 45.3872:  67%|██████▋   | 120/180 [1:12:06<30:40, 30.68s/it]                                                                                        Best trial: 69. Best value: 45.3872:  67%|██████▋   | 120/180 [1:13:05<30:40, 30.68s/it]Best trial: 69. Best value: 45.3872:  67%|██████▋   | 120/180 [1:13:05<30:40, 30.68s/it]Best trial: 69. Best value: 45.3872:  67%|██████▋   | 121/180 [1:13:05<38:12, 38.86s/it]                                                                                        Best trial: 69. Best value: 45.3872:  67%|██████▋   | 121/180 [1:13:38<38:12, 38.86s/it]Best trial: 69. Best value: 45.3872:  67%|██████▋   | 121/180 [1:13:38<38:12, 38.86s/it]Best trial: 69. Best value: 45.3872:  68%|██████▊   | 122/180 [1:13:38<35:57, 37.19s/it]                                                                                        Best trial: 69. Best value: 45.3872:  68%|██████▊   | 122/180 [1:13:53<35:57, 37.19s/it]Best trial: 69. Best value: 45.3872:  68%|██████▊   | 122/180 [1:13:53<35:57, 37.19s/it]Best trial: 69. Best value: 45.3872:  68%|██████▊   | 123/180 [1:13:53<29:20, 30.88s/it]                                                                                        Best trial: 69. Best value: 45.3872:  68%|██████▊   | 123/180 [1:14:02<29:20, 30.88s/it]Best trial: 69. Best value: 45.3872:  68%|██████▊   | 123/180 [1:14:02<29:20, 30.88s/it]Best trial: 69. Best value: 45.3872:  69%|██████▉   | 124/180 [1:14:02<22:33, 24.17s/it]                                                                                        Best trial: 69. Best value: 45.3872:  69%|██████▉   | 124/180 [1:15:16<22:33, 24.17s/it]Best trial: 69. Best value: 45.3872:  69%|██████▉   | 124/180 [1:15:16<22:33, 24.17s/it]Best trial: 69. Best value: 45.3872:  69%|██████▉   | 125/180 [1:15:16<35:48, 39.07s/it]                                                                                        Best trial: 69. Best value: 45.3872:  69%|██████▉   | 125/180 [1:15:41<35:48, 39.07s/it]Best trial: 69. Best value: 45.3872:  69%|██████▉   | 125/180 [1:15:41<35:48, 39.07s/it]Best trial: 69. Best value: 45.3872:  70%|███████   | 126/180 [1:15:41<31:24, 34.90s/it]                                                                                        Best trial: 69. Best value: 45.3872:  70%|███████   | 126/180 [1:15:59<31:24, 34.90s/it]Best trial: 69. Best value: 45.3872:  70%|███████   | 126/180 [1:15:59<31:24, 34.90s/it]Best trial: 69. Best value: 45.3872:  71%|███████   | 127/180 [1:15:59<26:24, 29.90s/it]                                                                                        Best trial: 69. Best value: 45.3872:  71%|███████   | 127/180 [1:16:13<26:24, 29.90s/it]Best trial: 69. Best value: 45.3872:  71%|███████   | 127/180 [1:16:13<26:24, 29.90s/it]Best trial: 69. Best value: 45.3872:  71%|███████   | 128/180 [1:16:13<21:48, 25.17s/it]                                                                                        Best trial: 69. Best value: 45.3872:  71%|███████   | 128/180 [1:18:11<21:48, 25.17s/it]Best trial: 69. Best value: 45.3872:  71%|███████   | 128/180 [1:18:11<21:48, 25.17s/it]Best trial: 69. Best value: 45.3872:  72%|███████▏  | 129/180 [1:18:11<45:01, 52.97s/it]                                                                                        Best trial: 69. Best value: 45.3872:  72%|███████▏  | 129/180 [1:18:34<45:01, 52.97s/it]Best trial: 69. Best value: 45.3872:  72%|███████▏  | 129/180 [1:18:34<45:01, 52.97s/it]Best trial: 69. Best value: 45.3872:  72%|███████▏  | 130/180 [1:18:34<36:32, 43.85s/it]                                                                                        Best trial: 69. Best value: 45.3872:  72%|███████▏  | 130/180 [1:18:38<36:32, 43.85s/it]Best trial: 69. Best value: 45.3872:  72%|███████▏  | 130/180 [1:18:38<36:32, 43.85s/it]Best trial: 69. Best value: 45.3872:  73%|███████▎  | 131/180 [1:18:38<26:01, 31.87s/it]                                                                                        Best trial: 69. Best value: 45.3872:  73%|███████▎  | 131/180 [1:18:57<26:01, 31.87s/it]Best trial: 69. Best value: 45.3872:  73%|███████▎  | 131/180 [1:18:57<26:01, 31.87s/it]Best trial: 69. Best value: 45.3872:  73%|███████▎  | 132/180 [1:18:57<22:33, 28.19s/it]                                                                                        Best trial: 69. Best value: 45.3872:  73%|███████▎  | 132/180 [1:20:28<22:33, 28.19s/it]Best trial: 69. Best value: 45.3872:  73%|███████▎  | 132/180 [1:20:28<22:33, 28.19s/it]Best trial: 69. Best value: 45.3872:  74%|███████▍  | 133/180 [1:20:28<36:48, 47.00s/it]                                                                                        Best trial: 69. Best value: 45.3872:  74%|███████▍  | 133/180 [1:20:36<36:48, 47.00s/it]Best trial: 69. Best value: 45.3872:  74%|███████▍  | 133/180 [1:20:36<36:48, 47.00s/it]Best trial: 69. Best value: 45.3872:  74%|███████▍  | 134/180 [1:20:36<26:58, 35.18s/it]                                                                                        Best trial: 69. Best value: 45.3872:  74%|███████▍  | 134/180 [1:21:09<26:58, 35.18s/it]Best trial: 69. Best value: 45.3872:  74%|███████▍  | 134/180 [1:21:09<26:58, 35.18s/it]Best trial: 69. Best value: 45.3872:  75%|███████▌  | 135/180 [1:21:09<26:01, 34.70s/it]                                                                                        Best trial: 69. Best value: 45.3872:  75%|███████▌  | 135/180 [1:21:15<26:01, 34.70s/it]Best trial: 69. Best value: 45.3872:  75%|███████▌  | 135/180 [1:21:15<26:01, 34.70s/it]Best trial: 69. Best value: 45.3872:  76%|███████▌  | 136/180 [1:21:15<19:06, 26.07s/it]                                                                                        Best trial: 69. Best value: 45.3872:  76%|███████▌  | 136/180 [1:22:25<19:06, 26.07s/it]Best trial: 69. Best value: 45.3872:  76%|███████▌  | 136/180 [1:22:25<19:06, 26.07s/it]Best trial: 69. Best value: 45.3872:  76%|███████▌  | 137/180 [1:22:25<28:01, 39.10s/it]                                                                                        Best trial: 69. Best value: 45.3872:  76%|███████▌  | 137/180 [1:22:44<28:01, 39.10s/it]Best trial: 69. Best value: 45.3872:  76%|███████▌  | 137/180 [1:22:44<28:01, 39.10s/it]Best trial: 69. Best value: 45.3872:  77%|███████▋  | 138/180 [1:22:44<23:14, 33.19s/it]                                                                                        Best trial: 69. Best value: 45.3872:  77%|███████▋  | 138/180 [1:23:16<23:14, 33.19s/it]Best trial: 69. Best value: 45.3872:  77%|███████▋  | 138/180 [1:23:16<23:14, 33.19s/it]Best trial: 69. Best value: 45.3872:  77%|███████▋  | 139/180 [1:23:16<22:17, 32.62s/it]                                                                                        Best trial: 69. Best value: 45.3872:  77%|███████▋  | 139/180 [1:23:55<22:17, 32.62s/it]Best trial: 69. Best value: 45.3872:  77%|███████▋  | 139/180 [1:23:55<22:17, 32.62s/it]Best trial: 69. Best value: 45.3872:  78%|███████▊  | 140/180 [1:23:55<23:12, 34.82s/it]                                                                                        Best trial: 69. Best value: 45.3872:  78%|███████▊  | 140/180 [1:24:41<23:12, 34.82s/it]Best trial: 69. Best value: 45.3872:  78%|███████▊  | 140/180 [1:24:41<23:12, 34.82s/it]Best trial: 69. Best value: 45.3872:  78%|███████▊  | 141/180 [1:24:41<24:39, 37.93s/it]                                                                                        Best trial: 69. Best value: 45.3872:  78%|███████▊  | 141/180 [1:25:17<24:39, 37.93s/it]Best trial: 69. Best value: 45.3872:  78%|███████▊  | 141/180 [1:25:17<24:39, 37.93s/it]Best trial: 69. Best value: 45.3872:  79%|███████▉  | 142/180 [1:25:17<23:45, 37.51s/it]                                                                                        Best trial: 69. Best value: 45.3872:  79%|███████▉  | 142/180 [1:25:39<23:45, 37.51s/it]Best trial: 69. Best value: 45.3872:  79%|███████▉  | 142/180 [1:25:39<23:45, 37.51s/it]Best trial: 69. Best value: 45.3872:  79%|███████▉  | 143/180 [1:25:39<20:16, 32.88s/it]                                                                                        Best trial: 69. Best value: 45.3872:  79%|███████▉  | 143/180 [1:25:57<20:16, 32.88s/it]Best trial: 69. Best value: 45.3872:  79%|███████▉  | 143/180 [1:25:57<20:16, 32.88s/it]Best trial: 69. Best value: 45.3872:  80%|████████  | 144/180 [1:25:57<17:03, 28.42s/it]                                                                                        Best trial: 69. Best value: 45.3872:  80%|████████  | 144/180 [1:26:51<17:03, 28.42s/it]Best trial: 69. Best value: 45.3872:  80%|████████  | 144/180 [1:26:51<17:03, 28.42s/it]Best trial: 69. Best value: 45.3872:  81%|████████  | 145/180 [1:26:51<21:04, 36.13s/it]                                                                                        Best trial: 69. Best value: 45.3872:  81%|████████  | 145/180 [1:27:22<21:04, 36.13s/it]Best trial: 69. Best value: 45.3872:  81%|████████  | 145/180 [1:27:22<21:04, 36.13s/it]Best trial: 69. Best value: 45.3872:  81%|████████  | 146/180 [1:27:22<19:33, 34.50s/it]                                                                                        Best trial: 69. Best value: 45.3872:  81%|████████  | 146/180 [1:27:50<19:33, 34.50s/it]Best trial: 69. Best value: 45.3872:  81%|████████  | 146/180 [1:27:50<19:33, 34.50s/it]Best trial: 69. Best value: 45.3872:  82%|████████▏ | 147/180 [1:27:50<17:54, 32.55s/it]                                                                                        Best trial: 69. Best value: 45.3872:  82%|████████▏ | 147/180 [1:28:36<17:54, 32.55s/it]Best trial: 69. Best value: 45.3872:  82%|████████▏ | 147/180 [1:28:36<17:54, 32.55s/it]Best trial: 69. Best value: 45.3872:  82%|████████▏ | 148/180 [1:28:36<19:30, 36.59s/it]                                                                                        Best trial: 69. Best value: 45.3872:  82%|████████▏ | 148/180 [1:29:04<19:30, 36.59s/it]Best trial: 69. Best value: 45.3872:  82%|████████▏ | 148/180 [1:29:04<19:30, 36.59s/it]Best trial: 69. Best value: 45.3872:  83%|████████▎ | 149/180 [1:29:04<17:28, 33.83s/it]                                                                                        Best trial: 69. Best value: 45.3872:  83%|████████▎ | 149/180 [1:29:37<17:28, 33.83s/it]Best trial: 69. Best value: 45.3872:  83%|████████▎ | 149/180 [1:29:37<17:28, 33.83s/it]Best trial: 69. Best value: 45.3872:  83%|████████▎ | 150/180 [1:29:37<16:51, 33.73s/it]                                                                                        Best trial: 69. Best value: 45.3872:  83%|████████▎ | 150/180 [1:30:07<16:51, 33.73s/it]Best trial: 69. Best value: 45.3872:  83%|████████▎ | 150/180 [1:30:07<16:51, 33.73s/it]Best trial: 69. Best value: 45.3872:  84%|████████▍ | 151/180 [1:30:07<15:46, 32.64s/it]                                                                                        Best trial: 69. Best value: 45.3872:  84%|████████▍ | 151/180 [1:30:43<15:46, 32.64s/it]Best trial: 69. Best value: 45.3872:  84%|████████▍ | 151/180 [1:30:43<15:46, 32.64s/it]Best trial: 69. Best value: 45.3872:  84%|████████▍ | 152/180 [1:30:43<15:45, 33.75s/it]                                                                                        Best trial: 69. Best value: 45.3872:  84%|████████▍ | 152/180 [1:31:21<15:45, 33.75s/it]Best trial: 69. Best value: 45.3872:  84%|████████▍ | 152/180 [1:31:21<15:45, 33.75s/it]Best trial: 69. Best value: 45.3872:  85%|████████▌ | 153/180 [1:31:21<15:41, 34.86s/it]                                                                                        [I 2025-07-22 01:25:55,400] Trial 115 finished with value: 53.78900172547167 and parameters: {'C': 1000.0, 'epsilon': 50.004999999999995, 'tau': 7368.421078947368}. Best is trial 69 with value: 45.38715158912755.
[I 2025-07-22 01:26:56,289] Trial 116 finished with value: 58.85208178393759 and parameters: {'C': 0.01, 'epsilon': 0.01, 'tau': 7368.421078947368}. Best is trial 69 with value: 45.38715158912755.
[I 2025-07-22 01:27:11,685] Trial 118 finished with value: 53.78913588308725 and parameters: {'C': 500.005, 'epsilon': 50.004999999999995, 'tau': 5789.4737263157895}. Best is trial 69 with value: 45.38715158912755.
[I 2025-07-22 01:27:17,246] Trial 117 finished with value: 61.21971747688743 and parameters: {'C': 0.01, 'epsilon': 0.01, 'tau': 0.0001}. Best is trial 69 with value: 45.38715158912755.
[I 2025-07-22 01:27:56,744] Trial 119 finished with value: 53.789248391970204 and parameters: {'C': 1000.0, 'epsilon': 50.004999999999995, 'tau': 7894.736863157895}. Best is trial 69 with value: 45.38715158912755.
[I 2025-07-22 01:28:55,680] Trial 120 finished with value: 77.6894471082731 and parameters: {'C': 0.01, 'epsilon': 100.0, 'tau': 3157.894805263158}. Best is trial 69 with value: 45.38715158912755.
[I 2025-07-22 01:29:28,857] Trial 122 finished with value: 69.05060201422079 and parameters: {'C': 500.005, 'epsilon': 100.0, 'tau': 10000.0}. Best is trial 69 with value: 45.38715158912755.
[I 2025-07-22 01:29:44,638] Trial 121 finished with value: 59.28507854745565 and parameters: {'C': 0.01, 'epsilon': 0.01, 'tau': 5789.4737263157895}. Best is trial 69 with value: 45.38715158912755.
[I 2025-07-22 01:29:52,861] Trial 123 finished with value: 69.05074258866858 and parameters: {'C': 500.005, 'epsilon': 100.0, 'tau': 1052.6316684210526}. Best is trial 69 with value: 45.38715158912755.
[I 2025-07-22 01:31:07,128] Trial 124 finished with value: 57.99474525605587 and parameters: {'C': 0.01, 'epsilon': 50.004999999999995, 'tau': 7894.736863157895}. Best is trial 69 with value: 45.38715158912755.
[I 2025-07-22 01:31:32,207] Trial 125 finished with value: 70.7451446758448 and parameters: {'C': 0.01, 'epsilon': 100.0, 'tau': 8947.368431578947}. Best is trial 69 with value: 45.38715158912755.
[I 2025-07-22 01:31:50,347] Trial 126 finished with value: 70.42118563817468 and parameters: {'C': 0.01, 'epsilon': 100.0, 'tau': 526.3158842105263}. Best is trial 69 with value: 45.38715158912755.
[I 2025-07-22 01:32:04,463] Trial 127 finished with value: 69.05154829545161 and parameters: {'C': 1000.0, 'epsilon': 100.0, 'tau': 7894.736863157895}. Best is trial 69 with value: 45.38715158912755.
Solver failed: Solver 'MOSEK' failed. Try another solver, or solve with verbose=True for more information.
Solver failed: Solver 'MOSEK' failed. Try another solver, or solve with verbose=True for more information.
[I 2025-07-22 01:34:02,481] Trial 128 finished with value: 45.434156883700986 and parameters: {'C': 500.005, 'epsilon': 0.01, 'tau': 2631.579021052632}. Best is trial 69 with value: 45.38715158912755.
[I 2025-07-22 01:34:25,008] Trial 131 finished with value: 53.78917391067504 and parameters: {'C': 1000.0, 'epsilon': 50.004999999999995, 'tau': 2631.579021052632}. Best is trial 69 with value: 45.38715158912755.
[I 2025-07-22 01:34:28,891] Trial 129 finished with value: 61.02298774896739 and parameters: {'C': 0.01, 'epsilon': 0.01, 'tau': 526.3158842105263}. Best is trial 69 with value: 45.38715158912755.
[I 2025-07-22 01:34:48,500] Trial 130 finished with value: 55.861590447709055 and parameters: {'C': 1000.0, 'epsilon': 0.01, 'tau': 0.0001}. Best is trial 69 with value: 45.38715158912755.
[I 2025-07-22 01:36:19,411] Trial 132 finished with value: 71.0255427638556 and parameters: {'C': 0.01, 'epsilon': 100.0, 'tau': 1052.6316684210526}. Best is trial 69 with value: 45.38715158912755.
[I 2025-07-22 01:36:26,996] Trial 133 finished with value: 69.05044686000036 and parameters: {'C': 500.005, 'epsilon': 100.0, 'tau': 2631.579021052632}. Best is trial 69 with value: 45.38715158912755.
[I 2025-07-22 01:37:00,586] Trial 135 finished with value: 53.789881980575615 and parameters: {'C': 1000.0, 'epsilon': 50.004999999999995, 'tau': 8421.05264736842}. Best is trial 69 with value: 45.38715158912755.
[I 2025-07-22 01:37:06,443] Trial 134 finished with value: 45.423052110868014 and parameters: {'C': 1000.0, 'epsilon': 0.01, 'tau': 6315.789510526316}. Best is trial 69 with value: 45.38715158912755.
[I 2025-07-22 01:38:16,005] Trial 136 finished with value: 53.99796402749168 and parameters: {'C': 0.01, 'epsilon': 0.01, 'tau': 8947.368431578947}. Best is trial 69 with value: 45.38715158912755.
[I 2025-07-22 01:38:34,734] Trial 137 finished with value: 58.16830345069415 and parameters: {'C': 0.01, 'epsilon': 50.004999999999995, 'tau': 9473.684215789473}. Best is trial 69 with value: 45.38715158912755.
[I 2025-07-22 01:39:06,707] Trial 139 finished with value: 70.69858386171042 and parameters: {'C': 0.01, 'epsilon': 100.0, 'tau': 6842.105294736843}. Best is trial 69 with value: 45.38715158912755.
[I 2025-07-22 01:39:46,629] Trial 138 finished with value: 45.423046055338 and parameters: {'C': 1000.0, 'epsilon': 0.01, 'tau': 6842.105294736843}. Best is trial 69 with value: 45.38715158912755.
