{"target": 68646.89205090393, "params": {"C": 25.933406299663446, "epsilon": 1.8124906955001086, "tau": 227.0839442477428, "kronecker_kernel": true}}
{"target": 798.5933544627302, "params": {"C": 2.7100791223542684, "epsilon": 10.37816713072659, "tau": 2.1123473489034517, "kronecker_kernel": true}}
{"target": 125.70366052643013, "params": {"C": 0.03053650774274963, "epsilon": 10.73580082098826, "tau": 38.39287818049994, "kronecker_kernel": true}}
{"target": 38308.37151195125, "params": {"C": 6.579843740065342, "epsilon": 11.23231667432238, "tau": 72.57679705716637, "kronecker_kernel": true}}
{"target": 62439.41560013358, "params": {"C": 28.42017375413136, "epsilon": 0.7280543153905006, "tau": 229.42257974439508, "kronecker_kernel": true}}
{"target": 1306.7631265548432, "params": {"C": 1.2417381635167333, "epsilon": 9.186075634499984, "tau": 7.961343413035483, "kronecker_kernel": true}}
{"target": 31463.604435924026, "params": {"C": 6.317868860040597, "epsilon": 12.595992696164478, "tau": 60.84306829072704, "kronecker_kernel": true}}
{"target": 4338.428410649473, "params": {"C": 0.5785897585828681, "epsilon": 11.296867411721903, "tau": 51.789227043701594, "kronecker_kernel": true}}
{"target": 39626.34876991611, "params": {"C": 4.729613468220312, "epsilon": 7.209906984276642, "tau": 97.96182778497118, "kronecker_kernel": true}}
{"target": 389.3265001133707, "params": {"C": 1.2962430125575977, "epsilon": 11.858527730242972, "tau": 2.424541046917361, "kronecker_kernel": true}}
{"target": 1755.154284025043, "params": {"C": 0.16248786805698545, "epsilon": 12.095652823207, "tau": 82.81551540794759, "kronecker_kernel": true}}
{"target": 49.06307963165835, "params": {"C": 0.09835981014250264, "epsilon": 9.192133953541296, "tau": 5.155112670366682, "kronecker_kernel": true}}
{"target": 54.712269685642454, "params": {"C": 0.06084523546612419, "epsilon": 8.626165431695073, "tau": 2.382204724603861, "kronecker_kernel": true}}
{"target": 4236.147198601391, "params": {"C": 0.46581362383476665, "epsilon": 10.986709603130725, "tau": 69.919877073288, "kronecker_kernel": true}}
{"target": 5324.964922827827, "params": {"C": 0.6016110392087647, "epsilon": 9.786979237871519, "tau": 69.7190417977134, "kronecker_kernel": true}}
{"target": 74.79466598904955, "params": {"C": 0.05651029910092298, "epsilon": 8.415766746416647, "tau": 14.082519918925058, "kronecker_kernel": true}}
{"target": 106.58278599801739, "params": {"C": 0.8582361703985767, "epsilon": 8.696907539935674, "tau": 1.1863119753218023, "kronecker_kernel": true}}
{"target": 4430.621217014491, "params": {"C": 2.4513170837000864, "epsilon": 8.664422080341659, "tau": 16.379815551075037, "kronecker_kernel": true}}
{"target": 7364.644834883026, "params": {"C": 1.0095949390870507, "epsilon": 8.480792981828401, "tau": 63.74016963522163, "kronecker_kernel": true}}
{"target": 775.7021386682941, "params": {"C": 0.28579975458872076, "epsilon": 7.873521623298512, "tau": 18.976572106300726, "kronecker_kernel": true}}
{"target": 3163.530686695487, "params": {"C": 1.0960807388848555, "epsilon": 8.57353304077634, "tau": 21.435292397479557, "kronecker_kernel": true}}
{"target": 2293.6892626563667, "params": {"C": 0.31060417061692547, "epsilon": 8.383570048124652, "tau": 55.81151672059781, "kronecker_kernel": true}}
{"target": 243.7574350697884, "params": {"C": 0.0978519666335739, "epsilon": 8.62626327899162, "tau": 20.960889055202983, "kronecker_kernel": true}}
{"target": 237.63093544723625, "params": {"C": 0.11064360289585176, "epsilon": 7.2907987014329905, "tau": 18.15369968971673, "kronecker_kernel": true}}
{"target": 66.38647102764881, "params": {"C": 0.037684906862652356, "epsilon": 6.908891052215542, "tau": 18.136175056865028, "kronecker_kernel": true}}
{"target": 840.2569037324753, "params": {"C": 0.9286081932631903, "epsilon": 8.244570824926925, "tau": 6.8504390570061195, "kronecker_kernel": true}}
{"target": 41.25471451899586, "params": {"C": 0.3204374010414674, "epsilon": 6.9114662241420115, "tau": 1.3983771613696039, "kronecker_kernel": true}}
{"target": 47.16062087546351, "params": {"C": 0.4397437758493161, "epsilon": 7.555166730854266, "tau": 1.0930668867760365, "kronecker_kernel": true}}
{"target": 1523.5853880758784, "params": {"C": 1.407926628553163, "epsilon": 7.332284105714601, "tau": 8.191740960804687, "kronecker_kernel": true}}
{"target": 536.3705665053712, "params": {"C": 1.0616772610406873, "epsilon": 6.755791421867148, "tau": 3.957659280464129, "kronecker_kernel": true}}
{"target": 1284.2854501782208, "params": {"C": 0.290685519570699, "epsilon": 7.199189956540645, "tau": 33.48545370299362, "kronecker_kernel": true}}
{"target": 393.3657759326576, "params": {"C": 0.16058566666822635, "epsilon": 5.534622436850469, "tau": 19.628247648515433, "kronecker_kernel": true}}
{"target": 3826.091731011466, "params": {"C": 8.46138761567272, "epsilon": 5.210079732110655, "tau": 3.1661121344207857, "kronecker_kernel": true}}
{"target": 160.21592606971848, "params": {"C": 0.37979378487301463, "epsilon": 7.624144862579387, "tau": 3.8616081384947014, "kronecker_kernel": true}}
{"target": 589.9439337420396, "params": {"C": 1.1725123406915072, "epsilon": 6.3145218929200775, "tau": 3.9120638327120822, "kronecker_kernel": true}}
{"target": 16742.625176635607, "params": {"C": 11.082326387348747, "epsilon": 6.331478811348701, "tau": 15.042564958893177, "kronecker_kernel": true}}
{"target": 20843.472027451986, "params": {"C": 6.196606820106637, "epsilon": 6.398535994878304, "tau": 38.74722018528867, "kronecker_kernel": true}}
{"target": 17574.268599601553, "params": {"C": 5.973646121797444, "epsilon": 6.179962175590612, "tau": 26.39672858613138, "kronecker_kernel": true}}
{"target": 727.1011651116717, "params": {"C": 0.314247071027122, "epsilon": 10.213252504833992, "tau": 17.865799774638912, "kronecker_kernel": true}}
{"target": 3761.737027278848, "params": {"C": 0.4487097740476251, "epsilon": 5.522466284277096, "tau": 62.98714593287939, "kronecker_kernel": true}}
{"target": 56629.71988001083, "params": {"C": 20.52623244612147, "epsilon": 5.286549797954354, "tau": 105.45559786038038, "kronecker_kernel": true}}
{"target": 26419.66170084334, "params": {"C": 6.045533755994759, "epsilon": 9.009052253467862, "tau": 51.43201484426369, "kronecker_kernel": true}}
{"target": 496.7519615690867, "params": {"C": 2.102284186490387, "epsilon": 14.950702119257716, "tau": 2.0780583390668905, "kronecker_kernel": true}}
{"target": 103.60638414822456, "params": {"C": 0.13420177033307268, "epsilon": 10.60205557949835, "tau": 7.088363479193491, "kronecker_kernel": true}}
{"target": 4696.142724562823, "params": {"C": 4.038485259874617, "epsilon": 9.680805762495195, "tau": 7.652207209997808, "kronecker_kernel": true}}
{"target": 3183.2713152766164, "params": {"C": 3.9320254040732694, "epsilon": 8.233135182914554, "tau": 7.039989667250563, "kronecker_kernel": true}}
{"target": 1056.5436219623211, "params": {"C": 0.6092993405021623, "epsilon": 9.909549339402725, "tau": 13.183862528965589, "kronecker_kernel": true}}
{"target": 17388.375250014466, "params": {"C": 7.595373137587759, "epsilon": 10.430406359596496, "tau": 20.51541489882476, "kronecker_kernel": true}}
{"target": 157.51582426459169, "params": {"C": 0.14409889177982382, "epsilon": 11.023052491477527, "tau": 9.838934524719864, "kronecker_kernel": true}}
{"target": 410.7101459150669, "params": {"C": 0.07034679248210848, "epsilon": 9.056185728481111, "tau": 46.47292408026389, "kronecker_kernel": true}}
{"target": 423.14849462976406, "params": {"C": 0.4170806073904532, "epsilon": 11.705229914952906, "tau": 9.208989177164195, "kronecker_kernel": true}}
{"target": 386.5287584215238, "params": {"C": 0.4398469919078588, "epsilon": 9.834094092744857, "tau": 6.263505037453846, "kronecker_kernel": true}}
{"target": 383.52639297272356, "params": {"C": 0.2255763287021788, "epsilon": 9.751107159436865, "tau": 13.641908295081326, "kronecker_kernel": true}}
{"target": 24632.223983653486, "params": {"C": 4.639000651334381, "epsilon": 13.875290042583941, "tau": 64.36838634879484, "kronecker_kernel": true}}
{"target": 638.3376491846133, "params": {"C": 5.6264980248807746, "epsilon": 14.773136310486347, "tau": 0.765520754083706, "kronecker_kernel": true}}
{"target": 23320.713439300238, "params": {"C": 5.033988539838925, "epsilon": 13.601889988296008, "tau": 45.87306952539942, "kronecker_kernel": true}}
{"target": 59019.410117868, "params": {"C": 14.319401033419803, "epsilon": 4.754047736885555, "tau": 195.85329674036782, "kronecker_kernel": true}}
{"target": 3286.6698691730717, "params": {"C": 4.851163561835006, "epsilon": 14.381394289191219, "tau": 4.508094269023253, "kronecker_kernel": true}}
{"target": 1916.553676982509, "params": {"C": 2.183963102758968, "epsilon": 8.227129263065201, "tau": 6.614848184893182, "kronecker_kernel": true}}
{"target": 1714.078907203144, "params": {"C": 1.027225878824823, "epsilon": 7.3041678580612155, "tau": 14.198649495649926, "kronecker_kernel": true}}
{"target": 65857.11759783037, "params": {"C": 29.19408478132593, "epsilon": 11.744687958449813, "tau": 250.19633853488145, "kronecker_kernel": true}}
{"target": 134.91886243872213, "params": {"C": 0.12296182082577509, "epsilon": 8.875059792721185, "tau": 10.052124554868556, "kronecker_kernel": true}}
{"target": 57.59921876388635, "params": {"C": 0.12308332337932218, "epsilon": 5.087540343026387, "tau": 4.88368307347425, "kronecker_kernel": true}}
{"target": 82.98888897349119, "params": {"C": 0.14849088089976448, "epsilon": 13.80719557909211, "tau": 5.671258174044388, "kronecker_kernel": true}}
{"target": 338.74955398796936, "params": {"C": 0.12745490894139466, "epsilon": 7.106140264137683, "tau": 21.583481891636968, "kronecker_kernel": true}}
{"target": 633.0066614821891, "params": {"C": 6.883541584832546, "epsilon": 10.344498912082607, "tau": 0.7706868217003862, "kronecker_kernel": true}}
{"target": 6087.900530768696, "params": {"C": 0.7097333525556156, "epsilon": 6.0067094431331585, "tau": 64.29006487307011, "kronecker_kernel": true}}
{"target": 45.93532320477308, "params": {"C": 0.44596539223626186, "epsilon": 5.0985118814949075, "tau": 0.7867634477517171, "kronecker_kernel": true}}
{"target": 58336.296729973415, "params": {"C": 18.924755025361762, "epsilon": 10.382222631831347, "tau": 249.41879331967942, "kronecker_kernel": true}}
{"target": 1499.154262085373, "params": {"C": 0.845939825123049, "epsilon": 5.277705128917984, "tau": 13.421446621340095, "kronecker_kernel": true}}
{"target": 127.12533916100331, "params": {"C": 0.1793231639508168, "epsilon": 1.9812578164316248, "tau": 6.602786831141494, "kronecker_kernel": true}}
{"target": 443.79280011940125, "params": {"C": 1.0212338935881964, "epsilon": 14.09475157660577, "tau": 3.4845563777281363, "kronecker_kernel": true}}
{"target": 1283.4751055372549, "params": {"C": 0.6687827039919949, "epsilon": 3.772172979222283, "tau": 13.907709795920464, "kronecker_kernel": true}}
{"target": 110.64859240769462, "params": {"C": 0.2099765443925654, "epsilon": 14.077501435573481, "tau": 4.583519091586188, "kronecker_kernel": true}}
{"target": 902.7369559823676, "params": {"C": 0.16810286734361207, "epsilon": 5.630727601375801, "tau": 41.05210066809143, "kronecker_kernel": true}}
{"target": 551.4834000805706, "params": {"C": 2.151599715820544, "epsilon": 5.3533041293188575, "tau": 2.0177928885635326, "kronecker_kernel": true}}
{"target": 1888.7037793823124, "params": {"C": 2.6032227103753813, "epsilon": 4.2853393006607465, "tau": 4.765984635117507, "kronecker_kernel": true}}
{"target": 11237.364224436358, "params": {"C": 3.9954929057494746, "epsilon": 4.3379753917383574, "tau": 25.545653396622523, "kronecker_kernel": true}}
{"target": 3625.8081612044843, "params": {"C": 0.5333769439734871, "epsilon": 14.862477814497954, "tau": 47.150626529382365, "kronecker_kernel": true}}
{"target": 825.827895734608, "params": {"C": 0.2596513607808771, "epsilon": 14.708114933994901, "tau": 24.730783028390423, "kronecker_kernel": true}}
{"target": 5344.272569881503, "params": {"C": 0.7648122348764002, "epsilon": 13.778201590856657, "tau": 58.13768878067542, "kronecker_kernel": true}}
{"target": 1606.823186110813, "params": {"C": 0.3353953186222517, "epsilon": 14.339533089127134, "tau": 33.84857776142746, "kronecker_kernel": true}}
{"target": 48258.49831355177, "params": {"C": 28.979670009479058, "epsilon": 1.6637650109035498, "tau": 38.36700855403312, "kronecker_kernel": true}}
{"target": 2124.4790452691514, "params": {"C": 0.5924912083533282, "epsilon": 13.008397163969622, "tau": 27.460232204291486, "kronecker_kernel": true}}
{"target": 2112.944919284081, "params": {"C": 2.361893331250949, "epsilon": 11.901776351844566, "tau": 6.993620418742049, "kronecker_kernel": true}}
{"target": 82.02153301637783, "params": {"C": 0.5440305960291872, "epsilon": 6.248795328155991, "tau": 1.5069591213823799, "kronecker_kernel": true}}
{"target": 7539.324002465338, "params": {"C": 3.063243667028412, "epsilon": 2.6680674691604995, "tau": 19.904477105582547, "kronecker_kernel": true}}
{"target": 238.0148141153958, "params": {"C": 0.2889376144911792, "epsilon": 6.123034944688502, "tau": 6.1607596524333665, "kronecker_kernel": true}}
{"target": 1545.9537516656615, "params": {"C": 1.4577597680264995, "epsilon": 2.6455554321648345, "tau": 9.318321391839564, "kronecker_kernel": true}}
{"target": 5918.14659253317, "params": {"C": 2.208824276845854, "epsilon": 4.2575921984916265, "tau": 19.450994102546407, "kronecker_kernel": true}}
{"target": 435.9783064403665, "params": {"C": 0.4725931932905431, "epsilon": 4.62160143180778, "tau": 7.349463581324348, "kronecker_kernel": true}}
{"target": 3536.6872817872572, "params": {"C": 1.5840654671062917, "epsilon": 6.609121672520946, "tau": 17.084955034873758, "kronecker_kernel": true}}
{"target": 8209.52453379742, "params": {"C": 3.8629485267083203, "epsilon": 9.43748390532003, "tau": 16.358488080665268, "kronecker_kernel": true}}
{"target": 766.2846231658834, "params": {"C": 0.8995496715545149, "epsilon": 3.5004598612412368, "tau": 6.718947564117613, "kronecker_kernel": true}}
{"target": 1261.4014500464498, "params": {"C": 3.6458874083870474, "epsilon": 3.6972159075370272, "tau": 3.1447255750296383, "kronecker_kernel": true}}
{"target": 6345.596276511767, "params": {"C": 2.8905624311505105, "epsilon": 8.526048404302843, "tau": 17.01218982675756, "kronecker_kernel": true}}
{"target": 470.76946499236726, "params": {"C": 0.21077448053652398, "epsilon": 2.3055829514550212, "tau": 17.73240619274602, "kronecker_kernel": true}}
{"target": 1742.2050114119393, "params": {"C": 1.5412240324593423, "epsilon": 8.696840081257692, "tau": 8.52605811228538, "kronecker_kernel": true}}
{"target": 4257.534545054211, "params": {"C": 1.9280152457947002, "epsilon": 2.1087883925566637, "tau": 16.84247285511409, "kronecker_kernel": true}}
{"target": 721.7969135580423, "params": {"C": 0.8707431966538249, "epsilon": 13.96574781330565, "tau": 5.747410121760745, "kronecker_kernel": true}}
{"target": 2701.117533457916, "params": {"C": 1.8662019822197404, "epsilon": 10.626328576380649, "tau": 11.314145512834934, "kronecker_kernel": true}}
{"target": 5211.31070406158, "params": {"C": 3.4279046959357635, "epsilon": 3.1696445432086398, "tau": 11.829643423550758, "kronecker_kernel": true}}
{"target": 5048.912376406071, "params": {"C": 3.1728852792547073, "epsilon": 7.37330242183474, "tau": 15.27570666591742, "kronecker_kernel": true}}
{"target": 170.97763860024574, "params": {"C": 3.531484264392883, "epsilon": 7.313707717521145, "tau": 0.4280833571193967, "kronecker_kernel": true}}
{"target": 4689.372449210813, "params": {"C": 3.8520198464711037, "epsilon": 7.769884387293239, "tau": 9.195729203323165, "kronecker_kernel": true}}
{"target": 54.36164392895157, "params": {"C": 0.06132853328001501, "epsilon": 12.492558692466634, "tau": 9.36884048513296, "kronecker_kernel": true}}
{"target": 444.4851054507594, "params": {"C": 3.1667873167843243, "epsilon": 8.427256379300083, "tau": 1.112601269657591, "kronecker_kernel": true}}
{"target": 6699.631471914591, "params": {"C": 2.8298094033325882, "epsilon": 2.4832339857180115, "tau": 17.688063248451854, "kronecker_kernel": true}}
{"target": 748.4964991368232, "params": {"C": 0.783126928228554, "epsilon": 2.0048913420595986, "tau": 8.091078960362031, "kronecker_kernel": true}}
{"target": 955.9474082622066, "params": {"C": 0.5392409533346103, "epsilon": 0.6569681112444484, "tau": 13.26977163964249, "kronecker_kernel": true}}
{"target": 4464.339617240648, "params": {"C": 2.740367701194452, "epsilon": 8.590997033464786, "tau": 11.526775246551287, "kronecker_kernel": true}}
{"target": 4926.440533973991, "params": {"C": 3.098517459061346, "epsilon": 1.9121260572222625, "tau": 13.21672866691298, "kronecker_kernel": true}}
{"target": 3115.2970492809354, "params": {"C": 1.803975496077894, "epsilon": 11.087842999211322, "tau": 12.965522451293849, "kronecker_kernel": true}}
{"target": 723.7648806876848, "params": {"C": 1.3634845519454764, "epsilon": 7.646679667862424, "tau": 4.095308537282191, "kronecker_kernel": true}}
{"target": 664.3873379530506, "params": {"C": 0.5499550123226352, "epsilon": 6.531890443192626, "tau": 9.35506557147098, "kronecker_kernel": true}}
{"target": 2768.6195734526527, "params": {"C": 2.8289194176890566, "epsilon": 13.438444360746656, "tau": 6.616005498525868, "kronecker_kernel": true}}
{"target": 458.6806277278639, "params": {"C": 3.9019743371166467, "epsilon": 1.8547788275984647, "tau": 0.890559835027562, "kronecker_kernel": true}}
{"target": 241.51450222426902, "params": {"C": 0.1641397863090283, "epsilon": 0.189257537561209, "tau": 12.457787891320361, "kronecker_kernel": true}}
{"target": 3327.0373131623865, "params": {"C": 2.363709657407035, "epsilon": 10.687062489601647, "tau": 12.056644361904558, "kronecker_kernel": true}}
{"target": 519.1284670358556, "params": {"C": 0.30065754330939587, "epsilon": 11.691908508756331, "tau": 14.152235388822652, "kronecker_kernel": true}}
{"target": 538.5207433796832, "params": {"C": 0.3534230147401095, "epsilon": 11.317320483606107, "tau": 10.87145155802493, "kronecker_kernel": true}}
{"target": 756.7747596806244, "params": {"C": 0.4676866185964951, "epsilon": 11.159404983688702, "tau": 12.502218953415559, "kronecker_kernel": true}}
{"target": 143.40018738413133, "params": {"C": 0.10626322658035253, "epsilon": 11.52085151475817, "tau": 12.376749962371736, "kronecker_kernel": true}}
{"target": 52.148772245047226, "params": {"C": 0.023026247227583285, "epsilon": 14.29275864582504, "tau": 9.297838795976425, "kronecker_kernel": true}}
{"target": 49.40283810552161, "params": {"C": 0.16392128867741654, "epsilon": 9.819039964759511, "tau": 0.9854158866794913, "kronecker_kernel": true}}
{"target": 451.73023767047806, "params": {"C": 3.971171011784182, "epsilon": 9.162196585699213, "tau": 0.8198950326938192, "kronecker_kernel": true}}
{"target": 56.80235865255024, "params": {"C": 0.45240622829346894, "epsilon": 7.8283735894856665, "tau": 0.22989904520234283, "kronecker_kernel": true}}
{"target": 192.39357623735495, "params": {"C": 0.15842637897557338, "epsilon": 12.978766131766626, "tau": 10.658163018643984, "kronecker_kernel": true}}
{"target": 59.21599756531494, "params": {"C": 0.641664377174337, "epsilon": 8.640693915719227, "tau": 0.04558759101467891, "kronecker_kernel": true}}
{"target": 50.208208171348275, "params": {"C": 0.2677583106153496, "epsilon": 10.877112961849784, "tau": 0.6383199608950854, "kronecker_kernel": true}}
{"target": 52.41717358972308, "params": {"C": 0.10434248573310356, "epsilon": 7.2111184715927354, "tau": 1.824207518775694, "kronecker_kernel": true}}
{"target": 94.89740760756986, "params": {"C": 0.712799941136315, "epsilon": 10.966373108797931, "tau": 1.348760354588741, "kronecker_kernel": true}}
{"target": 60.46351292254502, "params": {"C": 0.02222753538577593, "epsilon": 9.77060987816363, "tau": 1.9053927852942354, "kronecker_kernel": true}}
{"target": 165.10340668578203, "params": {"C": 0.4181724627546972, "epsilon": 10.193230729932965, "tau": 3.1645074514157763, "kronecker_kernel": true}}
{"target": 50.84538372795042, "params": {"C": 0.17814956126813403, "epsilon": 11.962423771522978, "tau": 0.9973568131336787, "kronecker_kernel": true}}
{"target": 52.15192050672325, "params": {"C": 0.18133980369756403, "epsilon": 1.833190407625949, "tau": 0.6062558606219253, "kronecker_kernel": true}}
{"target": 55.61861579962609, "params": {"C": 0.044329798343828636, "epsilon": 5.799343678391403, "tau": 2.7972404947188614, "kronecker_kernel": true}}
{"target": 50.6285760888134, "params": {"C": 0.3263128663244733, "epsilon": 2.2898863402321483, "tau": 0.6012141317804374, "kronecker_kernel": true}}
{"target": 132.08123494790934, "params": {"C": 0.4057543253820808, "epsilon": 13.710929165586398, "tau": 3.1735391176132435, "kronecker_kernel": true}}
{"target": 58.693669566383235, "params": {"C": 0.06262963281154021, "epsilon": 13.480033607483483, "tau": 1.3060977099460374, "kronecker_kernel": true}}
{"target": 43.86368691219051, "params": {"C": 0.23799878512165215, "epsilon": 1.574623766180363, "tau": 1.6867916441983553, "kronecker_kernel": true}}
{"target": 45.39723317090962, "params": {"C": 0.49454003489732307, "epsilon": 1.5982810378398324, "tau": 0.7029962914231592, "kronecker_kernel": true}}
{"target": 52.794506815169186, "params": {"C": 0.42198351420151, "epsilon": 0.5655238913410299, "tau": 0.3071714111915655, "kronecker_kernel": true}}
{"target": 61.209418877476104, "params": {"C": 0.33944054635589466, "epsilon": 2.5338934459470686, "tau": 0.14776878829056583, "kronecker_kernel": true}}
{"target": 121.53388504349918, "params": {"C": 0.876890530562141, "epsilon": 1.1190855623221452, "tau": 1.1376993990522886, "kronecker_kernel": true}}
{"target": 483.3151401156879, "params": {"C": 1.671824591332246, "epsilon": 0.3540346532173011, "tau": 2.2835392894218307, "kronecker_kernel": true}}
