{"target": 11835.144622931783, "params": {"C": 0.9832123690719122, "epsilon": 13.852680930904649, "tau": 106.71214341502562, "kronecker_kernel": true}}
{"target": 58234.174142632386, "params": {"C": 22.638856334362988, "epsilon": 7.266938762701459, "tau": 266.7122053311985, "kronecker_kernel": true}}
{"target": 42313.42023483895, "params": {"C": 19.070555872663736, "epsilon": 2.614352950936452, "tau": 29.19142389421247, "kronecker_kernel": true}}
{"target": 62244.04080575163, "params": {"C": 17.108123653838533, "epsilon": 4.36181053237345, "tau": 238.68301797522426, "kronecker_kernel": true}}
{"target": 54184.13702601937, "params": {"C": 6.526729976973529, "epsilon": 4.776751968261001, "tau": 294.09283146896024, "kronecker_kernel": true}}
{"target": 55222.81920887517, "params": {"C": 13.766357222013132, "epsilon": 11.43627586407766, "tau": 223.43732353507306, "kronecker_kernel": true}}
{"target": 44182.20222301512, "params": {"C": 27.215046370498964, "epsilon": 4.800457528556139, "tau": 37.06738087854843, "kronecker_kernel": true}}
{"target": 50397.39429984037, "params": {"C": 26.551157140192757, "epsilon": 4.6596259497694685, "tau": 81.09078771717648, "kronecker_kernel": true}}
{"target": 10424.398760967186, "params": {"C": 1.1340698914278633, "epsilon": 11.100175126353248, "tau": 66.7903688645319, "kronecker_kernel": true}}
{"target": 52298.06466939296, "params": {"C": 11.490109556386122, "epsilon": 13.659453317247072, "tau": 228.5125482482016, "kronecker_kernel": true}}
{"target": 48357.723507723924, "params": {"C": 6.93295351112599, "epsilon": 9.473885634983775, "tau": 292.48483488266396, "kronecker_kernel": true}}
{"target": 32860.73005605077, "params": {"C": 8.901637187938208, "epsilon": 9.241859894035006, "tau": 57.23794953185313, "kronecker_kernel": true}}
{"target": 67706.75295830153, "params": {"C": 22.469603520968747, "epsilon": 3.978711406049653, "tau": 158.1440561397997, "kronecker_kernel": true}}
{"target": 52861.686211203654, "params": {"C": 8.630726096355472, "epsilon": 14.541708392246058, "tau": 232.70335083539214, "kronecker_kernel": true}}
{"target": 63140.094137159955, "params": {"C": 27.43411612197772, "epsilon": 3.380158508594156, "tau": 146.4152271306868, "kronecker_kernel": true}}
{"target": 48312.9784116719, "params": {"C": 3.257989993171516, "epsilon": 13.621355942309705, "tau": 156.09618409427978, "kronecker_kernel": true}}
{"target": 52505.53992562664, "params": {"C": 8.62653989220089, "epsilon": 5.337465118627869, "tau": 175.2526387167512, "kronecker_kernel": true}}
{"target": 14735.820297437094, "params": {"C": 6.812119764121341, "epsilon": 7.520767910853166, "tau": 21.781610630423796, "kronecker_kernel": true}}
{"target": 35751.65891951692, "params": {"C": 5.4269652807768, "epsilon": 11.84956449431831, "tau": 141.3839888279455, "kronecker_kernel": true}}
{"target": 16661.717359748505, "params": {"C": 16.424929868090754, "epsilon": 3.6284705561746096, "tau": 9.097800638597942, "kronecker_kernel": true}}
{"target": 13212.592137524241, "params": {"C": 0.606221531435058, "epsilon": 12.804718074037588, "tau": 173.95332865017826, "kronecker_kernel": true}}
{"target": 21578.997692342302, "params": {"C": 25.727974774254974, "epsilon": 8.115826616282662, "tau": 9.845811619017862, "kronecker_kernel": true}}
{"target": 51000.151316209376, "params": {"C": 7.830252207937662, "epsilon": 13.159924929225076, "tau": 296.94044471834553, "kronecker_kernel": true}}
{"target": 74680.69341146354, "params": {"C": 25.985913846820534, "epsilon": 14.32894133741786, "tau": 295.93376429044764, "kronecker_kernel": true}}
{"target": 65549.95452068163, "params": {"C": 17.865005321975723, "epsilon": 0.39990177355465417, "tau": 236.86503032727975, "kronecker_kernel": true}}
{"target": 61879.085139425006, "params": {"C": 17.504083980579043, "epsilon": 0.7524049576246309, "tau": 251.17843137729434, "kronecker_kernel": true}}
{"target": 44608.99401622565, "params": {"C": 6.230634972858131, "epsilon": 10.899768576557866, "tau": 89.21698006121106, "kronecker_kernel": true}}
{"target": 10989.966219366843, "params": {"C": 6.641965517294956, "epsilon": 0.4611942964998576, "tau": 11.75649151613052, "kronecker_kernel": true}}
{"target": 35967.91791027295, "params": {"C": 10.07627156612105, "epsilon": 6.101071925323355, "tau": 36.26739111292715, "kronecker_kernel": true}}
{"target": 54103.25582364904, "params": {"C": 23.1097358001561, "epsilon": 0.0012466233332409501, "tau": 89.91797634747287, "kronecker_kernel": true}}
{"target": 67162.17624025243, "params": {"C": 29.23136162804186, "epsilon": 5.390911104179446, "tau": 207.86507164159434, "kronecker_kernel": true}}
{"target": 47106.96384561048, "params": {"C": 26.031197954834997, "epsilon": 5.533522092336555, "tau": 50.415390185204686, "kronecker_kernel": true}}
{"target": 58039.899582679514, "params": {"C": 26.98700526975658, "epsilon": 9.216250938428097, "tau": 200.51107692913888, "kronecker_kernel": true}}
{"target": 3693.8658187517954, "params": {"C": 6.906383062682851, "epsilon": 1.8919696742303724, "tau": 4.001423364818842, "kronecker_kernel": true}}
{"target": 26453.345040959295, "params": {"C": 3.5086964063591664, "epsilon": 1.2474837844297262, "tau": 77.3591111959102, "kronecker_kernel": true}}
{"target": 25590.360765502606, "params": {"C": 5.380640010326189, "epsilon": 0.2528047620821038, "tau": 54.13714434721511, "kronecker_kernel": true}}
{"target": 4683.2706530324185, "params": {"C": 0.7417693017260945, "epsilon": 13.670113861342992, "tau": 48.85566800725865, "kronecker_kernel": true}}
{"target": 22767.560442775448, "params": {"C": 5.719837628523222, "epsilon": 1.579457990161827, "tau": 43.82376355105273, "kronecker_kernel": true}}
{"target": 3220.633793969947, "params": {"C": 7.248803781121797, "epsilon": 1.1409411294204506, "tau": 3.4732992360553574, "kronecker_kernel": true}}
{"target": 10781.431428401656, "params": {"C": 7.318450177032677, "epsilon": 1.4694623322445426, "tau": 11.347316968562716, "kronecker_kernel": true}}
{"target": 5006.986067764994, "params": {"C": 0.8227829570892724, "epsilon": 10.683627512762866, "tau": 53.67031078706578, "kronecker_kernel": true}}
{"target": 48.484689663182664, "params": {"C": 3.373523008157356, "epsilon": 14.176709465971195, "tau": 0.09105949879580066, "kronecker_kernel": true}}
{"target": 8140.596891039895, "params": {"C": 1.1507073772141743, "epsilon": 11.049192143936416, "tau": 68.21145759733193, "kronecker_kernel": true}}
{"target": 20733.01237604257, "params": {"C": 8.580089111557658, "epsilon": 14.280443187707466, "tau": 33.52510295471703, "kronecker_kernel": true}}
{"target": 6346.719068031756, "params": {"C": 1.7268200155419111, "epsilon": 12.19079713011923, "tau": 25.975659428224745, "kronecker_kernel": true}}
{"target": 4249.817914750384, "params": {"C": 1.5134880899997452, "epsilon": 14.69695323948068, "tau": 18.805430570052977, "kronecker_kernel": true}}
{"target": 3114.067938338492, "params": {"C": 3.4317823027216363, "epsilon": 12.83951875122265, "tau": 5.892379030492813, "kronecker_kernel": true}}
{"target": 2631.741720596215, "params": {"C": 3.355704786640667, "epsilon": 14.258889319939442, "tau": 5.647892236211012, "kronecker_kernel": true}}
{"target": 1905.0751906186065, "params": {"C": 3.0053645029203975, "epsilon": 5.187189579532792, "tau": 4.709536211973448, "kronecker_kernel": true}}
{"target": 2224.5040319823593, "params": {"C": 1.6260560632093333, "epsilon": 14.083458230649386, "tau": 10.885182796043, "kronecker_kernel": true}}
{"target": 243.8965292633587, "params": {"C": 3.4406546761751615, "epsilon": 13.071721926401004, "tau": 0.6019076442792601, "kronecker_kernel": true}}
{"target": 13271.710018605623, "params": {"C": 8.044902837853623, "epsilon": 11.396443362714365, "tau": 13.144090255211518, "kronecker_kernel": true}}
{"target": 14182.662349872528, "params": {"C": 9.612985978436674, "epsilon": 11.531950528124197, "tau": 11.841380582149938, "kronecker_kernel": true}}
{"target": 3639.983129557483, "params": {"C": 5.282484108815702, "epsilon": 14.794627689357158, "tau": 6.245588246195195, "kronecker_kernel": true}}
{"target": 12019.741629767408, "params": {"C": 6.737520467183937, "epsilon": 14.467672816554886, "tau": 14.989325587550441, "kronecker_kernel": true}}
{"target": 3178.973239768774, "params": {"C": 3.4504742013579244, "epsilon": 13.021700319271236, "tau": 7.37155794964533, "kronecker_kernel": true}}
{"target": 5155.004447061336, "params": {"C": 4.885526297865634, "epsilon": 13.535812882703764, "tau": 5.864178311512643, "kronecker_kernel": true}}
{"target": 8542.620174764128, "params": {"C": 4.96917910699848, "epsilon": 13.577516672071251, "tau": 12.007177867808231, "kronecker_kernel": true}}
{"target": 19783.63586485223, "params": {"C": 22.1879400029916, "epsilon": 14.504129794056379, "tau": 9.724873544408524, "kronecker_kernel": true}}
{"target": 13598.563423823327, "params": {"C": 1.5293378282082255, "epsilon": 6.563362821423373, "tau": 62.227426804267544, "kronecker_kernel": true}}
{"target": 1529.8246948561289, "params": {"C": 1.0024975667571598, "epsilon": 14.965435921819921, "tau": 11.696356577163957, "kronecker_kernel": true}}
{"target": 14290.43685527113, "params": {"C": 3.064657771695815, "epsilon": 5.338894810883638, "tau": 44.85058176247426, "kronecker_kernel": true}}
{"target": 353.1942203348864, "params": {"C": 0.34893949918497347, "epsilon": 4.077875629529963, "tau": 8.219674858039118, "kronecker_kernel": true}}
{"target": 1510.3831594312148, "params": {"C": 1.5598275469618785, "epsilon": 11.821893065244428, "tau": 7.378935484453008, "kronecker_kernel": true}}
{"target": 119.67235775474084, "params": {"C": 0.06557366361631978, "epsilon": 13.674153317231676, "tau": 17.30349990774924, "kronecker_kernel": true}}
{"target": 963.0183343308767, "params": {"C": 0.18683238564637672, "epsilon": 14.719531998761113, "tau": 38.98382437552723, "kronecker_kernel": true}}
{"target": 37063.57479847931, "params": {"C": 5.240462520331889, "epsilon": 14.955097102444919, "tau": 86.62144155966912, "kronecker_kernel": true}}
{"target": 8961.857345667086, "params": {"C": 5.64236246735234, "epsilon": 5.37694967646296, "tau": 13.402669892924543, "kronecker_kernel": true}}
{"target": 463.6250370018535, "params": {"C": 0.23870959715232787, "epsilon": 11.273821879084833, "tau": 15.46281068094371, "kronecker_kernel": true}}
{"target": 4202.846416489969, "params": {"C": 2.474610586173598, "epsilon": 4.40765761091338, "tau": 15.86949546746325, "kronecker_kernel": true}}
{"target": 25535.70103090437, "params": {"C": 2.852133387221329, "epsilon": 14.886259680560396, "tau": 84.92271113231227, "kronecker_kernel": true}}
{"target": 1154.3164819337248, "params": {"C": 0.28369921686366784, "epsilon": 14.813666318119646, "tau": 31.368180080644017, "kronecker_kernel": true}}
{"target": 2300.8425609995206, "params": {"C": 1.2340496640886245, "epsilon": 8.201321884386475, "tau": 14.169762506885846, "kronecker_kernel": true}}
{"target": 289.7426539820211, "params": {"C": 0.08097296731485532, "epsilon": 11.014387387001957, "tau": 29.673807183526108, "kronecker_kernel": true}}
{"target": 594.5491743098297, "params": {"C": 0.13027820480372343, "epsilon": 9.795348828134763, "tau": 35.49989440663072, "kronecker_kernel": true}}
{"target": 128.00965549516636, "params": {"C": 1.2236637333146616, "epsilon": 8.018200810826942, "tau": 0.9661708237530835, "kronecker_kernel": true}}
{"target": 1577.3159993200647, "params": {"C": 0.5328371491178747, "epsilon": 11.949232768440194, "tau": 22.569316153108517, "kronecker_kernel": true}}
{"target": 56919.61841579522, "params": {"C": 24.166066395786842, "epsilon": 13.270857972977739, "tau": 160.1478406389576, "kronecker_kernel": true}}
{"target": 3122.615870694261, "params": {"C": 0.8506660338576224, "epsilon": 9.889393539047932, "tau": 29.690187610687186, "kronecker_kernel": true}}
{"target": 2754.1179694916873, "params": {"C": 2.438564469643815, "epsilon": 9.469417593719012, "tau": 8.171724421555705, "kronecker_kernel": true}}
{"target": 12952.443254873566, "params": {"C": 2.640711624361746, "epsilon": 9.576265734190677, "tau": 45.90808690362601, "kronecker_kernel": true}}
{"target": 10969.061072598304, "params": {"C": 3.8446673359603496, "epsilon": 9.534721422729499, "tau": 23.828099752708383, "kronecker_kernel": true}}
{"target": 2964.6127154123487, "params": {"C": 0.9205590041774481, "epsilon": 8.222545235807727, "tau": 25.06434278150292, "kronecker_kernel": true}}
{"target": 1523.695950449051, "params": {"C": 0.13988350567747077, "epsilon": 9.652001109989452, "tau": 82.35408259991371, "kronecker_kernel": true}}
{"target": 1729.3398546827425, "params": {"C": 2.1292098644126893, "epsilon": 9.77215905425588, "tau": 6.628308667371719, "kronecker_kernel": true}}
{"target": 54.67951709472665, "params": {"C": 0.010741232145872026, "epsilon": 6.517803881061848, "tau": 13.36614046307161, "kronecker_kernel": true}}
{"target": 789.0354449258543, "params": {"C": 0.7581582091571285, "epsilon": 9.800126618618792, "tau": 7.979126793814022, "kronecker_kernel": true}}
{"target": 486.4855960829527, "params": {"C": 0.5511154139950085, "epsilon": 12.308648537594106, "tau": 6.745007551065365, "kronecker_kernel": true}}
{"target": 586.2656638224599, "params": {"C": 0.9824160401718931, "epsilon": 12.083671037414849, "tau": 4.471778559294425, "kronecker_kernel": true}}
{"target": 1273.0336897272475, "params": {"C": 0.4726807557564737, "epsilon": 6.652556376936457, "tau": 20.6676955794807, "kronecker_kernel": true}}
{"target": 2387.8598508020145, "params": {"C": 0.8678927781640782, "epsilon": 3.7716372912572482, "tau": 20.90605639526825, "kronecker_kernel": true}}
{"target": 18805.31229598757, "params": {"C": 2.055856514538218, "epsilon": 4.3078148069220585, "tau": 79.25152166684435, "kronecker_kernel": true}}
{"target": 1423.467896173213, "params": {"C": 0.913904494590748, "epsilon": 6.513247715863354, "tau": 11.791609643838486, "kronecker_kernel": true}}
{"target": 423.0502740592334, "params": {"C": 0.13902490183767383, "epsilon": 12.516146493935105, "tau": 24.428086883364628, "kronecker_kernel": true}}
{"target": 55202.885642564666, "params": {"C": 18.34145527708885, "epsilon": 8.792516220889325, "tau": 165.8419168362319, "kronecker_kernel": true}}
{"target": 769.8960606006316, "params": {"C": 0.15906878707299532, "epsilon": 12.655444141914424, "tau": 37.619959753962135, "kronecker_kernel": true}}
{"target": 566.6393388611385, "params": {"C": 0.2527212388065411, "epsilon": 10.439376878809286, "tau": 17.53957255209447, "kronecker_kernel": true}}
{"target": 99.23437542290888, "params": {"C": 0.2589501416786927, "epsilon": 10.918018317960794, "tau": 3.7318473343912633, "kronecker_kernel": true}}
{"target": 39538.05415840994, "params": {"C": 3.6629577198165375, "epsilon": 6.694386209059925, "tau": 217.52304049230582, "kronecker_kernel": true}}
{"target": 66599.9629931995, "params": {"C": 15.398588982505505, "epsilon": 5.96748830342882, "tau": 284.5006093790984, "kronecker_kernel": true}}
{"target": 2357.202049109439, "params": {"C": 1.220787848303971, "epsilon": 2.871169112393796, "tau": 14.030923410593385, "kronecker_kernel": true}}
{"target": 45.7679962070702, "params": {"C": 1.097991674078765, "epsilon": 5.863345038855841, "tau": 0.32653175042197446, "kronecker_kernel": true}}
{"target": 25748.679780376166, "params": {"C": 5.243351314260681, "epsilon": 11.290410436390937, "tau": 62.91028901232039, "kronecker_kernel": true}}
{"target": 57909.30872014691, "params": {"C": 27.9981354806006, "epsilon": 8.323128081860661, "tau": 110.04127292439097, "kronecker_kernel": true}}
{"target": 512.7936893494199, "params": {"C": 0.1760191787705811, "epsilon": 12.106362756443625, "tau": 23.07055392084534, "kronecker_kernel": true}}
{"target": 863.0746263958159, "params": {"C": 0.4615625499355947, "epsilon": 6.500364994774299, "tau": 13.45302243927475, "kronecker_kernel": true}}
{"target": 1813.6493684443471, "params": {"C": 2.5480173067969667, "epsilon": 6.324184673507648, "tau": 5.515951251090394, "kronecker_kernel": true}}
{"target": 1515.2868499526903, "params": {"C": 2.644777708217502, "epsilon": 7.671637606469646, "tau": 4.27615688106604, "kronecker_kernel": true}}
{"target": 1010.7073476883177, "params": {"C": 0.6946521696426283, "epsilon": 5.454685349407242, "tau": 12.548291708842143, "kronecker_kernel": true}}
{"target": 15578.66677119078, "params": {"C": 6.811362159584673, "epsilon": 7.709790746441917, "tau": 17.611171253424146, "kronecker_kernel": true}}
{"target": 7183.411599118403, "params": {"C": 6.5005239983956615, "epsilon": 8.968693206363643, "tau": 9.393746633202344, "kronecker_kernel": true}}
{"target": 949.8677624785423, "params": {"C": 0.8361101564908291, "epsilon": 4.880042588956856, "tau": 8.921660341984264, "kronecker_kernel": true}}
{"target": 40750.09752389407, "params": {"C": 1.6306071104072846, "epsilon": 1.1744842081987272, "tau": 282.95384329488184, "kronecker_kernel": true}}
{"target": 3975.2360562106296, "params": {"C": 6.485581651017923, "epsilon": 11.509480515242512, "tau": 3.798880060770909, "kronecker_kernel": true}}
{"target": 3761.2405746042923, "params": {"C": 0.3199660822810154, "epsilon": 12.870973684648744, "tau": 91.40639607824396, "kronecker_kernel": true}}
{"target": 3948.3573829503716, "params": {"C": 1.6455220157677861, "epsilon": 12.148740731666406, "tau": 16.260776463676404, "kronecker_kernel": true}}
{"target": 45.67576623072643, "params": {"C": 1.4969324771401897, "epsilon": 12.51779480553758, "tau": 0.2524806109976512, "kronecker_kernel": true}}
{"target": 517.8782905444039, "params": {"C": 0.33235327409326887, "epsilon": 10.679931414960961, "tau": 14.054212991744455, "kronecker_kernel": true}}
{"target": 905.8820263347258, "params": {"C": 1.6874931387007983, "epsilon": 12.52986211782018, "tau": 4.194987382017872, "kronecker_kernel": true}}
{"target": 45442.39588265559, "params": {"C": 14.759662539734489, "epsilon": 11.003643796943434, "tau": 91.13132329143622, "kronecker_kernel": true}}
{"target": 220.17939586464226, "params": {"C": 0.28456108770928884, "epsilon": 11.352457896528211, "tau": 6.6433515411583475, "kronecker_kernel": true}}
{"target": 4888.032250746471, "params": {"C": 6.652600743680304, "epsilon": 13.08825682744927, "tau": 7.066696999354086, "kronecker_kernel": true}}
{"target": 764.5690361346981, "params": {"C": 6.833077222596988, "epsilon": 13.94560120274318, "tau": 0.7680778619399075, "kronecker_kernel": true}}
{"target": 51668.195732950364, "params": {"C": 28.050054661928634, "epsilon": 14.636373579515453, "tau": 92.30099147826779, "kronecker_kernel": true}}
{"target": 1339.184272310504, "params": {"C": 0.22176075037170276, "epsilon": 12.762379474659703, "tau": 46.300003016736156, "kronecker_kernel": true}}
{"target": 297.44669568988877, "params": {"C": 0.7875657812137923, "epsilon": 13.030831955362782, "tau": 3.135149854078927, "kronecker_kernel": true}}
{"target": 1302.02704990653, "params": {"C": 3.3201009992397323, "epsilon": 12.263871040345382, "tau": 3.3113261470812283, "kronecker_kernel": true}}
{"target": 18845.21218235499, "params": {"C": 4.152226571595724, "epsilon": 12.198714783392367, "tau": 66.66332554724596, "kronecker_kernel": true}}
{"target": 50547.61252634206, "params": {"C": 4.61249219611075, "epsilon": 2.035080987005995, "tau": 164.3231312553234, "kronecker_kernel": true}}
{"target": 1106.7136581878506, "params": {"C": 1.650758542074982, "epsilon": 12.494945741371723, "tau": 5.14056724925097, "kronecker_kernel": true}}
{"target": 344.8136807974222, "params": {"C": 0.6923382763464729, "epsilon": 12.786731082318589, "tau": 4.070341070877525, "kronecker_kernel": true}}
{"target": 46023.80481688773, "params": {"C": 10.438200480144655, "epsilon": 3.0182044080374117, "tau": 131.0256019806585, "kronecker_kernel": true}}
{"target": 59.29468000997899, "params": {"C": 1.2400529196452728, "epsilon": 14.761807903268837, "tau": 0.05899067748867337, "kronecker_kernel": true}}
{"target": 50.77439877309001, "params": {"C": 3.831665670215955, "epsilon": 11.874803654595565, "tau": 0.04445864136722566, "kronecker_kernel": true}}
{"target": 1462.1938600318792, "params": {"C": 0.6492933326962204, "epsilon": 12.915940607338548, "tau": 16.002351530542903, "kronecker_kernel": true}}
{"target": 3749.162848525762, "params": {"C": 2.9888666596818148, "epsilon": 13.975668018026429, "tau": 9.203242650050072, "kronecker_kernel": true}}
{"target": 2497.6926774014023, "params": {"C": 5.407936125555888, "epsilon": 12.436781436254416, "tau": 3.3343053724180587, "kronecker_kernel": true}}
{"target": 2701.594635329044, "params": {"C": 5.679224383885889, "epsilon": 10.910592644857482, "tau": 3.942807578410421, "kronecker_kernel": true}}
{"target": 997.6463946832064, "params": {"C": 0.8211610942382385, "epsilon": 14.95557824927274, "tau": 9.435364324569441, "kronecker_kernel": true}}
{"target": 2145.207255185069, "params": {"C": 3.3750115629365163, "epsilon": 13.598230135787508, "tau": 3.7798816978675362, "kronecker_kernel": true}}
{"target": 715.9949879765795, "params": {"C": 0.30863931696421143, "epsilon": 13.509919649472355, "tau": 20.43342634691246, "kronecker_kernel": true}}
{"target": 49.97857157879614, "params": {"C": 0.8511159868618263, "epsilon": 11.019044080450508, "tau": 0.23671297383508616, "kronecker_kernel": true}}
{"target": 54.24849660158488, "params": {"C": 0.4601008069687359, "epsilon": 12.397118933920522, "tau": 1.0489763990772123, "kronecker_kernel": true}}
{"target": 618.4504427945889, "params": {"C": 4.5714160698605335, "epsilon": 10.025334221563018, "tau": 1.0502426395784332, "kronecker_kernel": true}}
{"target": 111.97048150864767, "params": {"C": 0.30812659417278687, "epsilon": 13.12455270312979, "tau": 3.475950671378123, "kronecker_kernel": true}}
{"target": 2470.0359664972807, "params": {"C": 1.8796160131827464, "epsilon": 10.486059593644049, "tau": 11.250891804873918, "kronecker_kernel": true}}
