{"target": 50.29864766910073, "params": {"C": 1.3263942568380256, "epsilon": 3.327577270119815, "tau": 0.22640451963657993, "kronecker_kernel": true}}
{"target": 148.79887701878073, "params": {"C": 1.1110831983108391, "epsilon": 3.8009067675380592, "tau": 1.2686656827365685, "kronecker_kernel": true}}
{"target": 106.2522056225755, "params": {"C": 1.080345010576483, "epsilon": 3.939731546581351, "tau": 0.9422975705826883, "kronecker_kernel": true}}
{"target": 70.13551718833152, "params": {"C": 0.2080478240014802, "epsilon": 0.11026611197194791, "tau": 3.4548345829919316, "kronecker_kernel": true}}
{"target": 1172.4116128591413, "params": {"C": 1.964654995972897, "epsilon": 3.7271110217181804, "tau": 4.7923237841075155, "kronecker_kernel": true}}
{"target": 415.42287743243185, "params": {"C": 0.5130908336086447, "epsilon": 1.1230353058785498, "tau": 6.491864959182259, "kronecker_kernel": true}}
{"target": 48.50256339254573, "params": {"C": 0.0662413002395163, "epsilon": 1.4089876120057938, "tau": 3.9655682730883273, "kronecker_kernel": true}}
{"target": 64.07079277758221, "params": {"C": 0.09771428514457245, "epsilon": 10.577706018906442, "tau": 0.13864410222337997, "kronecker_kernel": true}}
{"target": 57.59804464294173, "params": {"C": 0.5756140257629432, "epsilon": 11.947596293728843, "tau": 0.057098553316538125, "kronecker_kernel": true}}
{"target": 54.114448507697524, "params": {"C": 0.13891724303035846, "epsilon": 11.714352546257201, "tau": 1.0184123298546741, "kronecker_kernel": true}}
{"target": 61.58950478305242, "params": {"C": 0.0033380655791943603, "epsilon": 3.3246784500723336, "tau": 4.735148280807781, "kronecker_kernel": true}}
{"target": 90.6685794796579, "params": {"C": 0.2524650047857753, "epsilon": 2.403202556085751, "tau": 3.5465440743543217, "kronecker_kernel": true}}
{"target": 128.30750411980964, "params": {"C": 0.2631706838757919, "epsilon": 3.1419486042269558, "tau": 4.52481846453145, "kronecker_kernel": true}}
{"target": 94.95842066320223, "params": {"C": 0.1823371051675984, "epsilon": 2.10704104981093, "tau": 5.246083590637844, "kronecker_kernel": true}}
{"target": 72.4923540508708, "params": {"C": 0.1611695369464629, "epsilon": 3.120545489662679, "tau": 4.1027621414907935, "kronecker_kernel": true}}
{"target": 58.26756403958824, "params": {"C": 0.1253329294779954, "epsilon": 3.7162502118432967, "tau": 0.2863035075243554, "kronecker_kernel": true}}
{"target": 46.576735246937915, "params": {"C": 2.5283128836047073, "epsilon": 12.37124268671163, "tau": 0.1678645482917851, "kronecker_kernel": true}}
{"target": 349.13714855213163, "params": {"C": 1.3095902758777367, "epsilon": 2.5481816754963087, "tau": 2.169331641158228, "kronecker_kernel": true}}
{"target": 44.49059221347853, "params": {"C": 0.6043050372276211, "epsilon": 3.6021099760964, "tau": 0.7114277572791317, "kronecker_kernel": true}}
{"target": 54.4801846513097, "params": {"C": 1.0225576988262242, "epsilon": 1.9594422026350093, "tau": 0.1342123787264562, "kronecker_kernel": true}}
{"target": 174.23422904992984, "params": {"C": 2.114936218206204, "epsilon": 12.228637579857935, "tau": 0.7328957048129677, "kronecker_kernel": true}}
{"target": 146.41789084781686, "params": {"C": 2.501910626743998, "epsilon": 12.997175754523774, "tau": 0.45734879483479923, "kronecker_kernel": true}}
{"target": 233.99229881254615, "params": {"C": 2.3100884613392036, "epsilon": 14.593538058114579, "tau": 0.9243282364400053, "kronecker_kernel": true}}
{"target": 175.82704281702348, "params": {"C": 2.6432273972245204, "epsilon": 13.29933271505095, "tau": 0.6806897709092796, "kronecker_kernel": true}}
{"target": 70.12393468622535, "params": {"C": 0.805631075190923, "epsilon": 5.48013102854766, "tau": 0.8876658584022452, "kronecker_kernel": true}}
{"target": 335.5986249881759, "params": {"C": 2.305115024335151, "epsilon": 5.077214233741522, "tau": 1.1845621284572, "kronecker_kernel": true}}
{"target": 99.33132509328793, "params": {"C": 2.056987627307629, "epsilon": 5.984616646555454, "tau": 0.3940554838738784, "kronecker_kernel": true}}
{"target": 61.03066665759601, "params": {"C": 0.9589244443993166, "epsilon": 4.869514601118796, "tau": 0.6609661870482615, "kronecker_kernel": true}}
{"target": 1622.765028046121, "params": {"C": 2.724606915317864, "epsilon": 10.582068603820568, "tau": 5.3470238117954665, "kronecker_kernel": true}}
{"target": 51.185408043410106, "params": {"C": 2.029295656617685, "epsilon": 3.2788700512968565, "tau": 0.26270474464921933, "kronecker_kernel": true}}
{"target": 54.36474253327384, "params": {"C": 2.0001997145824806, "epsilon": 3.1557124044658167, "tau": 0.04617221220176396, "kronecker_kernel": true}}
{"target": 59.126642639482455, "params": {"C": 0.058713572486236265, "epsilon": 0.6267476720077081, "tau": 0.8845480272408142, "kronecker_kernel": true}}
{"target": 111.48739358886489, "params": {"C": 0.05828067773534329, "epsilon": 14.50363626309911, "tau": 18.445509324663472, "kronecker_kernel": true}}
{"target": 1378.1902780075857, "params": {"C": 0.544614561244201, "epsilon": 8.075563525552148, "tau": 19.1379986997704, "kronecker_kernel": true}}
{"target": 236.9836246734832, "params": {"C": 0.43531522768509323, "epsilon": 10.05261525102283, "tau": 4.607014398892479, "kronecker_kernel": true}}
{"target": 7596.241017693193, "params": {"C": 3.2999904336345094, "epsilon": 13.970096176775243, "tau": 15.42013779395398, "kronecker_kernel": true}}
{"target": 512.6917907219183, "params": {"C": 0.9185497401128391, "epsilon": 0.8702833608471583, "tau": 4.396689916791681, "kronecker_kernel": true}}
{"target": 208.39673541258693, "params": {"C": 0.40775798079099324, "epsilon": 10.950979989221945, "tau": 4.4202338695462595, "kronecker_kernel": true}}
{"target": 699.6299096064221, "params": {"C": 1.4886825794519005, "epsilon": 11.431808610220617, "tau": 3.649947999485682, "kronecker_kernel": true}}
{"target": 126.32869881431006, "params": {"C": 1.2455437251841683, "epsilon": 11.356175616060893, "tau": 0.9456087810758081, "kronecker_kernel": true}}
{"target": 1063.9475006322548, "params": {"C": 1.3440187538880735, "epsilon": 11.76038815349992, "tau": 6.0679346804803975, "kronecker_kernel": true}}
{"target": 1399.2338318572579, "params": {"C": 3.5707747685590796, "epsilon": 12.552605702379177, "tau": 2.5028269657555096, "kronecker_kernel": true}}
{"target": 46.44063569255986, "params": {"C": 1.4535685707556705, "epsilon": 9.509722754117725, "tau": 0.3225725303307517, "kronecker_kernel": true}}
{"target": 60.96575794827313, "params": {"C": 0.6983518071776376, "epsilon": 3.2642360680405482, "tau": 0.036195648697230576, "kronecker_kernel": true}}
{"target": 65.0053355327984, "params": {"C": 0.5129416956278314, "epsilon": 2.8265869921850406, "tau": 1.3144275193634198, "kronecker_kernel": true}}
{"target": 464.2514133533984, "params": {"C": 1.4934976625395846, "epsilon": 9.340661651425265, "tau": 2.6655446725994714, "kronecker_kernel": true}}
{"target": 77.6553602243672, "params": {"C": 2.1247705643830077, "epsilon": 1.4913048017860127, "tau": 0.36997852771144907, "kronecker_kernel": true}}
{"target": 73.42608951486676, "params": {"C": 1.6366916827354314, "epsilon": 8.956773971207927, "tau": 0.4559853474725047, "kronecker_kernel": true}}
{"target": 50.499047336830415, "params": {"C": 2.0068831199346557, "epsilon": 8.479365470794349, "tau": 0.08494440659408917, "kronecker_kernel": true}}
{"target": 469.91736547826815, "params": {"C": 2.1578626689602656, "epsilon": 9.958015259101382, "tau": 1.4984318094988083, "kronecker_kernel": true}}
{"target": 50.057525288569444, "params": {"C": 0.32306900780097036, "epsilon": 9.996671716808315, "tau": 1.6111839642918988, "kronecker_kernel": true}}
{"target": 52.866091306302415, "params": {"C": 0.29917032304832947, "epsilon": 10.049298411313623, "tau": 0.6226644028463633, "kronecker_kernel": true}}
{"target": 500.9671945187595, "params": {"C": 2.13461346309323, "epsilon": 9.929197268485574, "tau": 1.754835504965548, "kronecker_kernel": true}}
{"target": 788.1682992654494, "params": {"C": 2.3207551029547555, "epsilon": 8.901318574760898, "tau": 2.6241471851023173, "kronecker_kernel": true}}
{"target": 754.2027488720256, "params": {"C": 2.814722312476233, "epsilon": 9.676702197275606, "tau": 2.2716300243137777, "kronecker_kernel": true}}
{"target": 48.158268638747266, "params": {"C": 1.2648216920201718, "epsilon": 6.911268638018489, "tau": 0.3410020793818656, "kronecker_kernel": true}}
{"target": 234.94241464464227, "params": {"C": 0.8165875593907613, "epsilon": 9.525687476176069, "tau": 2.4329310444911805, "kronecker_kernel": true}}
{"target": 54.02915458753419, "params": {"C": 1.362175431970287, "epsilon": 8.24823382334047, "tau": 0.0764674848580722, "kronecker_kernel": true}}
{"target": 150.33297202565382, "params": {"C": 1.2507164873561905, "epsilon": 7.41998190433623, "tau": 1.1316904452791767, "kronecker_kernel": true}}
{"target": 287.757793417517, "params": {"C": 1.2337668143756173, "epsilon": 7.22954310782998, "tau": 1.9273701041598494, "kronecker_kernel": true}}
{"target": 45.21793110525044, "params": {"C": 1.5095772505467009, "epsilon": 8.560861731518491, "tau": 0.18058950930328757, "kronecker_kernel": true}}
{"target": 531.7428043846583, "params": {"C": 1.0448376088955738, "epsilon": 7.142396601057186, "tau": 3.9839244540215413, "kronecker_kernel": true}}
{"target": 391.8829924068318, "params": {"C": 0.8327613868881741, "epsilon": 6.766447265211031, "tau": 3.772508788799473, "kronecker_kernel": true}}
{"target": 49.63918060568848, "params": {"C": 0.15602605927697577, "epsilon": 8.88520007960397, "tau": 3.292399206141575, "kronecker_kernel": true}}
{"target": 98.40038596813169, "params": {"C": 1.4426633915003895, "epsilon": 10.112513512967283, "tau": 0.5967829441595178, "kronecker_kernel": true}}
{"target": 744.6626671093062, "params": {"C": 2.0124405700972865, "epsilon": 7.385625442874849, "tau": 2.725592667201886, "kronecker_kernel": true}}
{"target": 44.658292605316696, "params": {"C": 1.4602764398743144, "epsilon": 6.625948223326586, "tau": 0.2960295642301348, "kronecker_kernel": true}}
{"target": 60.94347388251579, "params": {"C": 0.006754783527603503, "epsilon": 8.399980281377712, "tau": 1.782015047002548, "kronecker_kernel": true}}
{"target": 44.52980325944308, "params": {"C": 0.42528265824118816, "epsilon": 8.30085556282471, "tau": 0.619678010446387, "kronecker_kernel": true}}
{"target": 44.56493099465662, "params": {"C": 0.06421131634309885, "epsilon": 8.362381105066538, "tau": 6.2801981663241495, "kronecker_kernel": true}}
{"target": 52.39059819724213, "params": {"C": 0.5099586836591092, "epsilon": 8.565752652703342, "tau": 1.2043957012589634, "kronecker_kernel": true}}
{"target": 144.60268245839035, "params": {"C": 0.7701579161420403, "epsilon": 10.002995645552852, "tau": 1.6252217466588386, "kronecker_kernel": true}}
{"target": 58.69537010125826, "params": {"C": 0.2615777799707051, "epsilon": 7.027399116602922, "tau": 0.20097975690548214, "kronecker_kernel": true}}
{"target": 535.9067791325133, "params": {"C": 0.4242447830972773, "epsilon": 7.75762475568403, "tau": 9.895164976157766, "kronecker_kernel": true}}
{"target": 132.4241486336991, "params": {"C": 0.4096650155894368, "epsilon": 8.161443031802667, "tau": 2.967150434243157, "kronecker_kernel": true}}
{"target": 55.85466948886475, "params": {"C": 0.018879558315145928, "epsilon": 10.0174757529996, "tau": 6.6445777814306055, "kronecker_kernel": true}}
{"target": 2069.5558184479078, "params": {"C": 1.3445863745373698, "epsilon": 9.030973406921886, "tau": 11.233681299177407, "kronecker_kernel": true}}
{"target": 962.9384529613122, "params": {"C": 1.6932275857913115, "epsilon": 9.295978069731882, "tau": 4.327353052300936, "kronecker_kernel": true}}
{"target": 1565.548678405734, "params": {"C": 1.0473742280736527, "epsilon": 13.177991356009414, "tau": 11.758653381443692, "kronecker_kernel": true}}
{"target": 209.05492414352562, "params": {"C": 0.19977538059953676, "epsilon": 6.150323594147608, "tau": 8.995855505819225, "kronecker_kernel": true}}
{"target": 334.06119129231837, "params": {"C": 0.7486049667306375, "epsilon": 4.632754508464903, "tau": 3.6418162066857254, "kronecker_kernel": true}}
{"target": 3209.7250884259147, "params": {"C": 1.6564585499323994, "epsilon": 6.971622704149787, "tau": 16.44998129814426, "kronecker_kernel": true}}
{"target": 46.876620302308055, "params": {"C": 0.019146453452646973, "epsilon": 4.685467965948409, "tau": 18.660973465914548, "kronecker_kernel": true}}
{"target": 1722.0347434534528, "params": {"C": 0.9564230603174625, "epsilon": 8.151965502038928, "tau": 13.56407227402903, "kronecker_kernel": true}}
{"target": 2266.063264008178, "params": {"C": 2.962355058216283, "epsilon": 2.0395552787529763, "tau": 5.796170229615778, "kronecker_kernel": true}}
{"target": 405.4823126135201, "params": {"C": 1.2656775304877907, "epsilon": 14.818622800927542, "tau": 2.5930872552906767, "kronecker_kernel": true}}
{"target": 6280.125605817089, "params": {"C": 2.3666466185078816, "epsilon": 14.298636672161742, "tau": 16.47278989356503, "kronecker_kernel": true}}
{"target": 3598.683291012755, "params": {"C": 3.103805725934402, "epsilon": 11.235339359538646, "tau": 9.577216292271636, "kronecker_kernel": true}}
{"target": 1822.3671468242876, "params": {"C": 2.1271923046813486, "epsilon": 7.528101050226885, "tau": 5.753497415300758, "kronecker_kernel": true}}
{"target": 3935.2139986073153, "params": {"C": 3.5054470717905826, "epsilon": 11.52176739737339, "tau": 9.641006888040307, "kronecker_kernel": true}}
{"target": 4125.335291983209, "params": {"C": 3.4636506801987483, "epsilon": 13.957891152526399, "tau": 13.391756419438252, "kronecker_kernel": true}}
{"target": 259.3401936245561, "params": {"C": 0.18025536773334513, "epsilon": 11.943252002846519, "tau": 12.145976387358708, "kronecker_kernel": true}}
{"target": 4258.359648969702, "params": {"C": 3.4156617562796088, "epsilon": 8.7807309447858, "tau": 13.168840146711755, "kronecker_kernel": true}}
{"target": 4607.033862982018, "params": {"C": 1.9185386319145348, "epsilon": 8.124101186279379, "tau": 18.845499185508135, "kronecker_kernel": true}}
{"target": 520.5602541068071, "params": {"C": 3.925603514264328, "epsilon": 1.931748191027179, "tau": 1.1498630463869417, "kronecker_kernel": true}}
{"target": 136.94308851075905, "params": {"C": 2.1072136908120522, "epsilon": 4.864249206518318, "tau": 0.5956439035499561, "kronecker_kernel": true}}
{"target": 1412.928235689572, "params": {"C": 1.915635460167581, "epsilon": 3.288278112162799, "tau": 5.587963054296386, "kronecker_kernel": true}}
{"target": 424.24031371427645, "params": {"C": 2.5494801492175174, "epsilon": 10.357595558841295, "tau": 1.326495132115128, "kronecker_kernel": true}}
{"target": 4211.1135192395, "params": {"C": 1.7595216196815329, "epsilon": 13.315936482796026, "tau": 19.862980766043428, "kronecker_kernel": true}}
{"target": 73.25198359874477, "params": {"C": 0.048600303551191625, "epsilon": 12.571824393495358, "tau": 15.48742013006543, "kronecker_kernel": true}}
{"target": 4310.482505048226, "params": {"C": 1.6658896151705935, "epsilon": 12.025656838206228, "tau": 18.73382329965457, "kronecker_kernel": true}}
{"target": 409.58153295544986, "params": {"C": 0.6682553016473343, "epsilon": 0.8115856852802278, "tau": 4.916537766185802, "kronecker_kernel": true}}
{"target": 1261.4222058699283, "params": {"C": 2.5791301387338508, "epsilon": 0.8482418415105648, "tau": 3.7546910955609882, "kronecker_kernel": true}}
{"target": 4643.574031469049, "params": {"C": 2.349190308681468, "epsilon": 1.7108398800619666, "tau": 16.007927357759822, "kronecker_kernel": true}}
