[I 2025-07-19 12:07:38,710] Trial 1113 finished with value: 43.28116774559021 and parameters: {'n_estimators': 144, 'max_depth': 3, 'learning_rate': 0.12543682523920044}. Best is trial 321 with value: 41.67874455451965.
trail number 1111
[I 2025-07-19 12:07:40,265] Trial 1111 finished with value: 45.22099554538727 and parameters: {'n_estimators': 673, 'max_depth': 3, 'learning_rate': 0.08688276691624502}. Best is trial 321 with value: 41.67874455451965.
trail number 1115
[I 2025-07-19 12:07:41,109] Trial 1115 finished with value: 44.50175762176514 and parameters: {'n_estimators': 731, 'max_depth': 3, 'learning_rate': 0.04936156066980316}. Best is trial 321 with value: 41.67874455451965.
trail number 1117
[I 2025-07-19 12:07:41,242] Trial 1117 finished with value: 48.08574080467224 and parameters: {'n_estimators': 10, 'max_depth': 7, 'learning_rate': 0.1351444628518256}. Best is trial 321 with value: 41.67874455451965.
trail number 1114
[I 2025-07-19 12:07:43,696] Trial 1114 finished with value: 45.52022457122803 and parameters: {'n_estimators': 1623, 'max_depth': 3, 'learning_rate': 0.12821361654237093}. Best is trial 321 with value: 41.67874455451965.
trail number 1116
[I 2025-07-19 12:07:44,004] Trial 1116 finished with value: 45.21663844585419 and parameters: {'n_estimators': 548, 'max_depth': 6, 'learning_rate': 0.06600356376072053}. Best is trial 321 with value: 41.67874455451965.
trail number 1120
[I 2025-07-19 12:07:44,454] Trial 1120 finished with value: 44.95429039001465 and parameters: {'n_estimators': 58, 'max_depth': 6, 'learning_rate': 0.06048322945473427}. Best is trial 321 with value: 41.67874455451965.
trail number 1106
[I 2025-07-19 12:07:44,554] Trial 1106 finished with value: 45.00930964946747 and parameters: {'n_estimators': 1920, 'max_depth': 6, 'learning_rate': 0.010431450870570867}. Best is trial 321 with value: 41.67874455451965.
trail number 1118
[I 2025-07-19 12:07:44,851] Trial 1118 finished with value: 44.424039125442505 and parameters: {'n_estimators': 529, 'max_depth': 6, 'learning_rate': 0.08969994463825415}. Best is trial 321 with value: 41.67874455451965.
trail number 1119
[I 2025-07-19 12:07:47,826] Trial 1119 finished with value: 45.93544781208038 and parameters: {'n_estimators': 1047, 'max_depth': 7, 'learning_rate': 0.09172311926317064}. Best is trial 321 with value: 41.67874455451965.
trail number 1122
[I 2025-07-19 12:07:48,112] Trial 1122 finished with value: 45.7624751329422 and parameters: {'n_estimators': 579, 'max_depth': 7, 'learning_rate': 0.09194455913829755}. Best is trial 321 with value: 41.67874455451965.
trail number 1125
[I 2025-07-19 12:07:48,542] Trial 1125 finished with value: 42.07780420780182 and parameters: {'n_estimators': 119, 'max_depth': 3, 'learning_rate': 0.08479635540868874}. Best is trial 321 with value: 41.67874455451965.
trail number 1126
[I 2025-07-19 12:07:48,712] Trial 1126 finished with value: 47.017279863357544 and parameters: {'n_estimators': 18, 'max_depth': 6, 'learning_rate': 0.08583237263061014}. Best is trial 321 with value: 41.67874455451965.
trail number 1127
[I 2025-07-19 12:07:48,961] Trial 1127 finished with value: 42.7336722612381 and parameters: {'n_estimators': 59, 'max_depth': 3, 'learning_rate': 0.07164376645666372}. Best is trial 321 with value: 41.67874455451965.
trail number 1128
[I 2025-07-19 12:07:49,354] Trial 1128 finished with value: 45.83478569984436 and parameters: {'n_estimators': 110, 'max_depth': 3, 'learning_rate': 0.014394514747988963}. Best is trial 321 with value: 41.67874455451965.
trail number 1121
[I 2025-07-19 12:07:49,567] Trial 1121 finished with value: 44.97398316860199 and parameters: {'n_estimators': 1489, 'max_depth': 6, 'learning_rate': 0.0966819393495642}. Best is trial 321 with value: 41.67874455451965.
trail number 1123
[I 2025-07-19 12:07:49,863] Trial 1123 finished with value: 45.06282448768616 and parameters: {'n_estimators': 1479, 'max_depth': 6, 'learning_rate': 0.10164293651701187}. Best is trial 321 with value: 41.67874455451965.
trail number 1124
[I 2025-07-19 12:07:51,383] Trial 1124 finished with value: 44.6580708026886 and parameters: {'n_estimators': 491, 'max_depth': 6, 'learning_rate': 0.0441289922360571}. Best is trial 321 with value: 41.67874455451965.
trail number 1130
[I 2025-07-19 12:07:51,992] Trial 1130 finished with value: 42.25377440452576 and parameters: {'n_estimators': 729, 'max_depth': 3, 'learning_rate': 0.014460450628008277}. Best is trial 321 with value: 41.67874455451965.
trail number 1133
[I 2025-07-19 12:07:52,106] Trial 1133 finished with value: 44.78121876716614 and parameters: {'n_estimators': 20, 'max_depth': 3, 'learning_rate': 0.09574953626045032}. Best is trial 321 with value: 41.67874455451965.
trail number 1132
[I 2025-07-19 12:07:53,570] Trial 1132 finished with value: 46.18321657180786 and parameters: {'n_estimators': 362, 'max_depth': 30, 'learning_rate': 0.21337077834421864}. Best is trial 321 with value: 41.67874455451965.
trail number 1129
[I 2025-07-19 12:07:53,687] Trial 1129 finished with value: 44.9070143699646 and parameters: {'n_estimators': 1255, 'max_depth': 3, 'learning_rate': 0.05339687954450503}. Best is trial 321 with value: 41.67874455451965.
trail number 1134
[I 2025-07-19 12:07:54,430] Trial 1134 finished with value: 44.23204243183136 and parameters: {'n_estimators': 686, 'max_depth': 3, 'learning_rate': 0.04913961388359539}. Best is trial 321 with value: 41.67874455451965.
trail number 1136
[I 2025-07-19 12:07:54,997] Trial 1136 finished with value: 47.025856375694275 and parameters: {'n_estimators': 88, 'max_depth': 11, 'learning_rate': 0.07037409128878563}. Best is trial 321 with value: 41.67874455451965.
trail number 1131
[I 2025-07-19 12:07:55,410] Trial 1131 finished with value: 45.275431871414185 and parameters: {'n_estimators': 807, 'max_depth': 6, 'learning_rate': 0.04686118127378213}. Best is trial 321 with value: 41.67874455451965.
trail number 1135
[I 2025-07-19 12:07:56,519] Trial 1135 finished with value: 44.574244022369385 and parameters: {'n_estimators': 887, 'max_depth': 3, 'learning_rate': 0.055672839234675656}. Best is trial 321 with value: 41.67874455451965.
trail number 1140
[I 2025-07-19 12:07:56,762] Trial 1140 finished with value: 52.34673023223877 and parameters: {'n_estimators': 23, 'max_depth': 7, 'learning_rate': 0.03517086761329346}. Best is trial 321 with value: 41.67874455451965.
trail number 1141
[I 2025-07-19 12:07:56,853] Trial 1141 finished with value: 45.70663034915924 and parameters: {'n_estimators': 14, 'max_depth': 3, 'learning_rate': 0.11167331975441815}. Best is trial 321 with value: 41.67874455451965.
trail number 1139
[I 2025-07-19 12:07:58,612] Trial 1139 finished with value: 42.46272683143616 and parameters: {'n_estimators': 960, 'max_depth': 3, 'learning_rate': 0.011713332836221198}. Best is trial 321 with value: 41.67874455451965.
trail number 1138
[I 2025-07-19 12:07:58,760] Trial 1138 finished with value: 46.15857541561127 and parameters: {'n_estimators': 447, 'max_depth': 7, 'learning_rate': 0.05197157463610855}. Best is trial 321 with value: 41.67874455451965.
trail number 1144
[I 2025-07-19 12:07:59,157] Trial 1144 finished with value: 44.95350122451782 and parameters: {'n_estimators': 52, 'max_depth': 6, 'learning_rate': 0.07016868352231377}. Best is trial 321 with value: 41.67874455451965.
trail number 1142
[I 2025-07-19 12:07:59,799] Trial 1142 finished with value: 46.517027616500854 and parameters: {'n_estimators': 837, 'max_depth': 10, 'learning_rate': 0.12554087964663888}. Best is trial 321 with value: 41.67874455451965.
trail number 1143
[I 2025-07-19 12:08:00,540] Trial 1143 finished with value: 43.26335072517395 and parameters: {'n_estimators': 556, 'max_depth': 3, 'learning_rate': 0.0431175882088094}. Best is trial 321 with value: 41.67874455451965.
trail number 1145
[I 2025-07-19 12:08:01,345] Trial 1145 finished with value: 44.59326386451721 and parameters: {'n_estimators': 632, 'max_depth': 3, 'learning_rate': 0.07014016449813142}. Best is trial 321 with value: 41.67874455451965.
trail number 1137
[I 2025-07-19 12:08:01,737] Trial 1137 finished with value: 46.02351367473602 and parameters: {'n_estimators': 871, 'max_depth': 7, 'learning_rate': 0.037383636790372675}. Best is trial 321 with value: 41.67874455451965.
trail number 1146
[I 2025-07-19 12:08:03,080] Trial 1146 finished with value: 47.07732439041138 and parameters: {'n_estimators': 1756, 'max_depth': 9, 'learning_rate': 0.1821475295170285}. Best is trial 321 with value: 41.67874455451965.
trail number 1147
[I 2025-07-19 12:08:03,335] Trial 1147 finished with value: 42.03996658325195 and parameters: {'n_estimators': 828, 'max_depth': 3, 'learning_rate': 0.010146400478171025}. Best is trial 321 with value: 41.67874455451965.
trail number 1151
[I 2025-07-19 12:08:03,496] Trial 1151 finished with value: 43.146575689315796 and parameters: {'n_estimators': 37, 'max_depth': 3, 'learning_rate': 0.07418505566608088}. Best is trial 321 with value: 41.67874455451965.
trail number 1152
[I 2025-07-19 12:08:03,725] Trial 1152 finished with value: 41.957589983940125 and parameters: {'n_estimators': 54, 'max_depth': 3, 'learning_rate': 0.11488262663787632}. Best is trial 321 with value: 41.67874455451965.
trail number 1153
[I 2025-07-19 12:08:05,796] Trial 1153 finished with value: 47.02050805091858 and parameters: {'n_estimators': 766, 'max_depth': 22, 'learning_rate': 0.2993645499071447}. Best is trial 321 with value: 41.67874455451965.
trail number 1149
[I 2025-07-19 12:08:07,170] Trial 1149 finished with value: 44.74119305610657 and parameters: {'n_estimators': 808, 'max_depth': 6, 'learning_rate': 0.010713615311849611}. Best is trial 321 with value: 41.67874455451965.
trail number 1154
[I 2025-07-19 12:08:07,713] Trial 1154 finished with value: 44.650022983551025 and parameters: {'n_estimators': 352, 'max_depth': 5, 'learning_rate': 0.16202936793275374}. Best is trial 321 with value: 41.67874455451965.
trail number 1148
[I 2025-07-19 12:08:07,723] Trial 1148 finished with value: 46.00612163543701 and parameters: {'n_estimators': 902, 'max_depth': 7, 'learning_rate': 0.04931826498896662}. Best is trial 321 with value: 41.67874455451965.
trail number 1156
[I 2025-07-19 12:08:08,379] Trial 1156 finished with value: 43.97982358932495 and parameters: {'n_estimators': 131, 'max_depth': 4, 'learning_rate': 0.15718703154546082}. Best is trial 321 with value: 41.67874455451965.
trail number 1157
[I 2025-07-19 12:08:09,263] Trial 1157 finished with value: 45.67841291427612 and parameters: {'n_estimators': 431, 'max_depth': 3, 'learning_rate': 0.1647658250503235}. Best is trial 321 with value: 41.67874455451965.
trail number 1159
[I 2025-07-19 12:08:09,402] Trial 1159 finished with value: 45.23634970188141 and parameters: {'n_estimators': 30, 'max_depth': 3, 'learning_rate': 0.05674514231398825}. Best is trial 321 with value: 41.67874455451965.
trail number 1160
[I 2025-07-19 12:08:10,323] Trial 1160 finished with value: 44.743494391441345 and parameters: {'n_estimators': 129, 'max_depth': 6, 'learning_rate': 0.1436594326125796}. Best is trial 321 with value: 41.67874455451965.
trail number 1150
[I 2025-07-19 12:08:10,621] Trial 1150 finished with value: 45.68500101566315 and parameters: {'n_estimators': 1318, 'max_depth': 7, 'learning_rate': 0.04418599731731317}. Best is trial 321 with value: 41.67874455451965.
trail number 1162
[I 2025-07-19 12:08:10,732] Trial 1162 finished with value: 47.148293256759644 and parameters: {'n_estimators': 12, 'max_depth': 5, 'learning_rate': 0.1129177946445547}. Best is trial 321 with value: 41.67874455451965.
trail number 1155
[I 2025-07-19 12:08:11,398] Trial 1155 finished with value: 44.434810280799866 and parameters: {'n_estimators': 599, 'max_depth': 6, 'learning_rate': 0.08787859991948185}. Best is trial 321 with value: 41.67874455451965.
trail number 1158
[I 2025-07-19 12:08:12,825] Trial 1158 finished with value: 44.26524877548218 and parameters: {'n_estimators': 961, 'max_depth': 4, 'learning_rate': 0.12393949827931605}. Best is trial 321 with value: 41.67874455451965.
trail number 1161
[I 2025-07-19 12:08:13,253] Trial 1161 finished with value: 45.83211541175842 and parameters: {'n_estimators': 816, 'max_depth': 3, 'learning_rate': 0.1303390199493384}. Best is trial 321 with value: 41.67874455451965.
trail number 1166
[I 2025-07-19 12:08:13,503] Trial 1166 finished with value: 42.57734835147858 and parameters: {'n_estimators': 61, 'max_depth': 3, 'learning_rate': 0.1378860608857994}. Best is trial 321 with value: 41.67874455451965.
trail number 1165
[I 2025-07-19 12:08:13,594] Trial 1165 finished with value: 44.109400510787964 and parameters: {'n_estimators': 193, 'max_depth': 3, 'learning_rate': 0.011333137553640099}. Best is trial 321 with value: 41.67874455451965.
trail number 1164
[I 2025-07-19 12:08:14,048] Trial 1164 finished with value: 45.887940526008606 and parameters: {'n_estimators': 755, 'max_depth': 3, 'learning_rate': 0.13782595893247002}. Best is trial 321 with value: 41.67874455451965.
trail number 1163
[I 2025-07-19 12:08:14,260] Trial 1163 finished with value: 43.94239842891693 and parameters: {'n_estimators': 890, 'max_depth': 5, 'learning_rate': 0.14267380247456043}. Best is trial 321 with value: 41.67874455451965.
trail number 1169
[I 2025-07-19 12:08:14,520] Trial 1169 finished with value: 43.39363932609558 and parameters: {'n_estimators': 114, 'max_depth': 3, 'learning_rate': 0.11312228122449633}. Best is trial 321 with value: 41.67874455451965.
trail number 1171
[I 2025-07-19 12:08:14,657] Trial 1171 finished with value: 57.220200300216675 and parameters: {'n_estimators': 14, 'max_depth': 6, 'learning_rate': 0.023906509675136783}. Best is trial 321 with value: 41.67874455451965.
trail number 1172
[I 2025-07-19 12:08:14,819] Trial 1172 finished with value: 42.730552554130554 and parameters: {'n_estimators': 35, 'max_depth': 3, 'learning_rate': 0.08968378689530643}. Best is trial 321 with value: 41.67874455451965.
trail number 1173
[I 2025-07-19 12:08:14,924] Trial 1173 finished with value: 44.10123527050018 and parameters: {'n_estimators': 18, 'max_depth': 3, 'learning_rate': 0.12049821557500982}. Best is trial 321 with value: 41.67874455451965.
trail number 1167
[I 2025-07-19 12:08:15,126] Trial 1167 finished with value: 45.70035755634308 and parameters: {'n_estimators': 190, 'max_depth': 6, 'learning_rate': 0.012607822122732024}. Best is trial 321 with value: 41.67874455451965.
trail number 1168
[I 2025-07-19 12:08:15,381] Trial 1168 finished with value: 45.067206621170044 and parameters: {'n_estimators': 423, 'max_depth': 3, 'learning_rate': 0.1009959813150124}. Best is trial 321 with value: 41.67874455451965.
trail number 1175
[I 2025-07-19 12:08:16,522] Trial 1175 finished with value: 46.45874738693237 and parameters: {'n_estimators': 110, 'max_depth': 10, 'learning_rate': 0.12650193614485825}. Best is trial 321 with value: 41.67874455451965.
trail number 1170
[I 2025-07-19 12:08:17,094] Trial 1170 finished with value: 46.424654722213745 and parameters: {'n_estimators': 775, 'max_depth': 3, 'learning_rate': 0.09959475738846246}. Best is trial 321 with value: 41.67874455451965.
trail number 1177
[I 2025-07-19 12:08:18,977] Trial 1177 finished with value: 45.914098024368286 and parameters: {'n_estimators': 739, 'max_depth': 3, 'learning_rate': 0.09610104945528088}. Best is trial 321 with value: 41.67874455451965.
trail number 1174
[I 2025-07-19 12:08:21,477] Trial 1174 finished with value: 44.825058579444885 and parameters: {'n_estimators': 967, 'max_depth': 6, 'learning_rate': 0.012320954033025498}. Best is trial 321 with value: 41.67874455451965.
trail number 1176
[I 2025-07-19 12:08:22,005] Trial 1176 finished with value: 46.53629779815674 and parameters: {'n_estimators': 651, 'max_depth': 10, 'learning_rate': 0.04199693282938998}. Best is trial 321 with value: 41.67874455451965.
trail number 1179
[I 2025-07-19 12:08:23,622] Trial 1179 finished with value: 46.5303635597229 and parameters: {'n_estimators': 1937, 'max_depth': 24, 'learning_rate': 0.1542566886312761}. Best is trial 321 with value: 41.67874455451965.
trail number 1182
[I 2025-07-19 12:08:25,579] Trial 1182 finished with value: 42.31403291225433 and parameters: {'n_estimators': 590, 'max_depth': 3, 'learning_rate': 0.017616289154701044}. Best is trial 321 with value: 41.67874455451965.
trail number 1178
[I 2025-07-19 12:08:26,165] Trial 1178 finished with value: 47.2664737701416 and parameters: {'n_estimators': 3852, 'max_depth': 27, 'learning_rate': 0.08450217869402979}. Best is trial 321 with value: 41.67874455451965.
trail number 1180
[I 2025-07-19 12:08:26,332] Trial 1180 finished with value: 47.792057394981384 and parameters: {'n_estimators': 2067, 'max_depth': 25, 'learning_rate': 0.16077415585861488}. Best is trial 321 with value: 41.67874455451965.
trail number 1183
[I 2025-07-19 12:08:27,424] Trial 1183 finished with value: 41.959078311920166 and parameters: {'n_estimators': 515, 'max_depth': 3, 'learning_rate': 0.012231778004292778}. Best is trial 321 with value: 41.67874455451965.
trail number 1181
[I 2025-07-19 12:08:27,904] Trial 1181 finished with value: 46.4291650056839 and parameters: {'n_estimators': 433, 'max_depth': 10, 'learning_rate': 0.01075455117720732}. Best is trial 321 with value: 41.67874455451965.
trail number 1184
[I 2025-07-19 12:08:28,254] Trial 1184 finished with value: 44.48604166507721 and parameters: {'n_estimators': 595, 'max_depth': 3, 'learning_rate': 0.051442293731062655}. Best is trial 321 with value: 41.67874455451965.
trail number 1188
[I 2025-07-19 12:08:28,341] Trial 1188 finished with value: 46.77886188030243 and parameters: {'n_estimators': 13, 'max_depth': 3, 'learning_rate': 0.1017871853477205}. Best is trial 321 with value: 41.67874455451965.
trail number 1186
[I 2025-07-19 12:08:30,555] Trial 1186 finished with value: 46.03795111179352 and parameters: {'n_estimators': 681, 'max_depth': 9, 'learning_rate': 0.10442531331925341}. Best is trial 321 with value: 41.67874455451965.
trail number 1190
[I 2025-07-19 12:08:30,648] Trial 1190 finished with value: 49.23568665981293 and parameters: {'n_estimators': 14, 'max_depth': 3, 'learning_rate': 0.06614794576310656}. Best is trial 321 with value: 41.67874455451965.
trail number 1189
[I 2025-07-19 12:08:31,374] Trial 1189 finished with value: 46.67096138000488 and parameters: {'n_estimators': 782, 'max_depth': 9, 'learning_rate': 0.11483802620099835}. Best is trial 321 with value: 41.67874455451965.
trail number 1185
[I 2025-07-19 12:08:32,673] Trial 1185 finished with value: 45.87784767150879 and parameters: {'n_estimators': 743, 'max_depth': 7, 'learning_rate': 0.04327584299646626}. Best is trial 321 with value: 41.67874455451965.
trail number 1193
[I 2025-07-19 12:08:33,148] Trial 1193 finished with value: 45.11276841163635 and parameters: {'n_estimators': 61, 'max_depth': 6, 'learning_rate': 0.05239102043707475}. Best is trial 321 with value: 41.67874455451965.
trail number 1194
[I 2025-07-19 12:08:33,246] Trial 1194 finished with value: 57.56361961364746 and parameters: {'n_estimators': 16, 'max_depth': 3, 'learning_rate': 0.016567615020974952}. Best is trial 321 with value: 41.67874455451965.
trail number 1187
[I 2025-07-19 12:08:34,081] Trial 1187 finished with value: 46.9617235660553 and parameters: {'n_estimators': 3877, 'max_depth': 13, 'learning_rate': 0.1885230377956979}. Best is trial 321 with value: 41.67874455451965.
trail number 1191
[I 2025-07-19 12:08:34,210] Trial 1191 finished with value: 45.17893612384796 and parameters: {'n_estimators': 752, 'max_depth': 6, 'learning_rate': 0.10987221663328844}. Best is trial 321 with value: 41.67874455451965.
trail number 1197
[I 2025-07-19 12:08:34,388] Trial 1197 finished with value: 52.073994874954224 and parameters: {'n_estimators': 16, 'max_depth': 7, 'learning_rate': 0.050707764941990086}. Best is trial 321 with value: 41.67874455451965.
trail number 1192
[I 2025-07-19 12:08:35,476] Trial 1192 finished with value: 44.57756280899048 and parameters: {'n_estimators': 566, 'max_depth': 6, 'learning_rate': 0.01087762005703681}. Best is trial 321 with value: 41.67874455451965.
trail number 1199
[I 2025-07-19 12:08:35,597] Trial 1199 finished with value: 49.221948981285095 and parameters: {'n_estimators': 20, 'max_depth': 3, 'learning_rate': 0.04695753707191262}. Best is trial 321 with value: 41.67874455451965.
trail number 1196
[I 2025-07-19 12:08:37,506] Trial 1196 finished with value: 44.566113352775574 and parameters: {'n_estimators': 1027, 'max_depth': 3, 'learning_rate': 0.04374182237247241}. Best is trial 321 with value: 41.67874455451965.
trail number 1200
[I 2025-07-19 12:08:37,579] Trial 1200 finished with value: 44.74543213844299 and parameters: {'n_estimators': 599, 'max_depth': 3, 'learning_rate': 0.08494690770642542}. Best is trial 321 with value: 41.67874455451965.
trail number 1198
[I 2025-07-19 12:08:38,304] Trial 1198 finished with value: 44.78248119354248 and parameters: {'n_estimators': 568, 'max_depth': 6, 'learning_rate': 0.08290064782434357}. Best is trial 321 with value: 41.67874455451965.
trail number 1203
[I 2025-07-19 12:08:39,926] Trial 1203 finished with value: 44.08916234970093 and parameters: {'n_estimators': 524, 'max_depth': 3, 'learning_rate': 0.04975936234184634}. Best is trial 321 with value: 41.67874455451965.
trail number 1195
[I 2025-07-19 12:08:41,336] Trial 1195 finished with value: 47.2588324546814 and parameters: {'n_estimators': 4934, 'max_depth': 26, 'learning_rate': 0.15834703454322951}. Best is trial 321 with value: 41.67874455451965.
trail number 1201
[I 2025-07-19 12:08:42,271] Trial 1201 finished with value: 45.24428427219391 and parameters: {'n_estimators': 731, 'max_depth': 6, 'learning_rate': 0.07173773678242883}. Best is trial 321 with value: 41.67874455451965.
trail number 1202
