[I 2025-07-19 12:02:01,941] Trial 649 finished with value: 47.20831274986267 and parameters: {'n_estimators': 126, 'max_depth': 3, 'learning_rate': 0.010152417407541622}. Best is trial 321 with value: 41.67874455451965.
trail number 650
[I 2025-07-19 12:02:03,916] Trial 650 finished with value: 45.573766231536865 and parameters: {'n_estimators': 731, 'max_depth': 3, 'learning_rate': 0.09320138074479978}. Best is trial 321 with value: 41.67874455451965.
trail number 640
[I 2025-07-19 12:02:05,280] Trial 640 finished with value: 46.23461961746216 and parameters: {'n_estimators': 1426, 'max_depth': 7, 'learning_rate': 0.036793023462016086}. Best is trial 321 with value: 41.67874455451965.
trail number 651
[I 2025-07-19 12:02:07,079] Trial 651 finished with value: 47.312936782836914 and parameters: {'n_estimators': 3694, 'max_depth': 28, 'learning_rate': 0.2617268392077739}. Best is trial 321 with value: 41.67874455451965.
trail number 652
[I 2025-07-19 12:02:07,625] Trial 652 finished with value: 46.48404061794281 and parameters: {'n_estimators': 1030, 'max_depth': 7, 'learning_rate': 0.05349268264845468}. Best is trial 321 with value: 41.67874455451965.
trail number 653
[I 2025-07-19 12:02:08,679] Trial 653 finished with value: 45.927653312683105 and parameters: {'n_estimators': 773, 'max_depth': 7, 'learning_rate': 0.06621774340712809}. Best is trial 321 with value: 41.67874455451965.
trail number 654
[I 2025-07-19 12:02:08,956] Trial 654 finished with value: 44.582809805870056 and parameters: {'n_estimators': 556, 'max_depth': 6, 'learning_rate': 0.07616118456609396}. Best is trial 321 with value: 41.67874455451965.
trail number 655
[I 2025-07-19 12:02:11,017] Trial 655 finished with value: 46.10040009021759 and parameters: {'n_estimators': 497, 'max_depth': 7, 'learning_rate': 0.04304042860358297}. Best is trial 321 with value: 41.67874455451965.
trail number 656
[I 2025-07-19 12:02:11,320] Trial 656 finished with value: 42.49153792858124 and parameters: {'n_estimators': 1177, 'max_depth': 3, 'learning_rate': 0.010408410400696965}. Best is trial 321 with value: 41.67874455451965.
trail number 658
[I 2025-07-19 12:02:14,198] Trial 658 finished with value: 44.76212501525879 and parameters: {'n_estimators': 797, 'max_depth': 6, 'learning_rate': 0.0422814784620347}. Best is trial 321 with value: 41.67874455451965.
trail number 657
[I 2025-07-19 12:02:14,450] Trial 657 finished with value: 47.09245800971985 and parameters: {'n_estimators': 406, 'max_depth': 12, 'learning_rate': 0.05292244300977996}. Best is trial 321 with value: 41.67874455451965.
trail number 661
[I 2025-07-19 12:02:14,527] Trial 661 finished with value: 42.24620819091797 and parameters: {'n_estimators': 73, 'max_depth': 3, 'learning_rate': 0.06030572204330511}. Best is trial 321 with value: 41.67874455451965.
trail number 662
[I 2025-07-19 12:02:16,499] Trial 662 finished with value: 43.52458417415619 and parameters: {'n_estimators': 583, 'max_depth': 3, 'learning_rate': 0.05336216043740216}. Best is trial 321 with value: 41.67874455451965.
trail number 664
[I 2025-07-19 12:02:16,609] Trial 664 finished with value: 51.41089141368866 and parameters: {'n_estimators': 21, 'max_depth': 3, 'learning_rate': 0.033295146249931185}. Best is trial 321 with value: 41.67874455451965.
trail number 659
[I 2025-07-19 12:02:16,738] Trial 659 finished with value: 46.59807562828064 and parameters: {'n_estimators': 2725, 'max_depth': 29, 'learning_rate': 0.1592233414367953}. Best is trial 321 with value: 41.67874455451965.
trail number 663
[I 2025-07-19 12:02:17,163] Trial 663 finished with value: 44.804566502571106 and parameters: {'n_estimators': 731, 'max_depth': 3, 'learning_rate': 0.0713051079205691}. Best is trial 321 with value: 41.67874455451965.
trail number 660
[I 2025-07-19 12:02:17,752] Trial 660 finished with value: 47.30957388877869 and parameters: {'n_estimators': 4622, 'max_depth': 11, 'learning_rate': 0.27713757340927025}. Best is trial 321 with value: 41.67874455451965.
trail number 666
[I 2025-07-19 12:02:18,638] Trial 666 finished with value: 44.47974383831024 and parameters: {'n_estimators': 570, 'max_depth': 3, 'learning_rate': 0.08057278079897359}. Best is trial 321 with value: 41.67874455451965.
trail number 665
[I 2025-07-19 12:02:19,372] Trial 665 finished with value: 45.98921477794647 and parameters: {'n_estimators': 826, 'max_depth': 3, 'learning_rate': 0.0905790824252021}. Best is trial 321 with value: 41.67874455451965.
trail number 668
[I 2025-07-19 12:02:19,898] Trial 668 finished with value: 45.158456563949585 and parameters: {'n_estimators': 650, 'max_depth': 3, 'learning_rate': 0.09763326833985074}. Best is trial 321 with value: 41.67874455451965.
trail number 671
[I 2025-07-19 12:02:22,239] Trial 671 finished with value: 47.227938771247864 and parameters: {'n_estimators': 233, 'max_depth': 8, 'learning_rate': 0.010676822348331956}. Best is trial 321 with value: 41.67874455451965.
trail number 672
[I 2025-07-19 12:02:22,606] Trial 672 finished with value: 44.70848858356476 and parameters: {'n_estimators': 47, 'max_depth': 6, 'learning_rate': 0.09050337749838563}. Best is trial 321 with value: 41.67874455451965.
trail number 673
[I 2025-07-19 12:02:22,753] Trial 673 finished with value: 51.06637895107269 and parameters: {'n_estimators': 11, 'max_depth': 8, 'learning_rate': 0.08379347859375745}. Best is trial 321 with value: 41.67874455451965.
trail number 669
[I 2025-07-19 12:02:23,195] Trial 669 finished with value: 44.682987332344055 and parameters: {'n_estimators': 666, 'max_depth': 6, 'learning_rate': 0.01335490113741393}. Best is trial 321 with value: 41.67874455451965.
trail number 670
[I 2025-07-19 12:02:24,547] Trial 670 finished with value: 45.524431467056274 and parameters: {'n_estimators': 618, 'max_depth': 7, 'learning_rate': 0.03471298830255959}. Best is trial 321 with value: 41.67874455451965.
trail number 674
[I 2025-07-19 12:02:25,441] Trial 674 finished with value: 42.173399925231934 and parameters: {'n_estimators': 813, 'max_depth': 3, 'learning_rate': 0.011530519044303484}. Best is trial 321 with value: 41.67874455451965.
trail number 677
[I 2025-07-19 12:02:25,567] Trial 677 finished with value: 50.59757947921753 and parameters: {'n_estimators': 14, 'max_depth': 5, 'learning_rate': 0.06436227146922342}. Best is trial 321 with value: 41.67874455451965.
trail number 667
[I 2025-07-19 12:02:26,633] Trial 667 finished with value: 46.874433755874634 and parameters: {'n_estimators': 646, 'max_depth': 11, 'learning_rate': 0.0101808739198349}. Best is trial 321 with value: 41.67874455451965.
trail number 679
[I 2025-07-19 12:02:27,116] Trial 679 finished with value: 42.03466296195984 and parameters: {'n_estimators': 131, 'max_depth': 3, 'learning_rate': 0.06529631610840483}. Best is trial 321 with value: 41.67874455451965.
trail number 680
[I 2025-07-19 12:02:27,357] Trial 680 finished with value: 49.57105100154877 and parameters: {'n_estimators': 56, 'max_depth': 3, 'learning_rate': 0.01618344747905793}. Best is trial 321 with value: 41.67874455451965.
trail number 681
[I 2025-07-19 12:02:27,541] Trial 681 finished with value: 45.30845105648041 and parameters: {'n_estimators': 24, 'max_depth': 5, 'learning_rate': 0.09618272092991689}. Best is trial 321 with value: 41.67874455451965.
trail number 675
[I 2025-07-19 12:02:28,451] Trial 675 finished with value: 45.703409910202026 and parameters: {'n_estimators': 1565, 'max_depth': 3, 'learning_rate': 0.0545395092799503}. Best is trial 321 with value: 41.67874455451965.
trail number 678
[I 2025-07-19 12:02:29,767] Trial 678 finished with value: 47.112197279930115 and parameters: {'n_estimators': 1656, 'max_depth': 17, 'learning_rate': 0.15511189356570892}. Best is trial 321 with value: 41.67874455451965.
trail number 682
[I 2025-07-19 12:02:30,298] Trial 682 finished with value: 42.459097504615784 and parameters: {'n_estimators': 850, 'max_depth': 3, 'learning_rate': 0.013346581428677742}. Best is trial 321 with value: 41.67874455451965.
trail number 685
[I 2025-07-19 12:02:30,684] Trial 685 finished with value: 47.73206830024719 and parameters: {'n_estimators': 35, 'max_depth': 8, 'learning_rate': 0.05500359570435818}. Best is trial 321 with value: 41.67874455451965.
trail number 686
[I 2025-07-19 12:02:30,808] Trial 686 finished with value: 44.20072257518768 and parameters: {'n_estimators': 24, 'max_depth': 3, 'learning_rate': 0.08530210288631682}. Best is trial 321 with value: 41.67874455451965.
trail number 676
[I 2025-07-19 12:02:31,433] Trial 676 finished with value: 44.873692989349365 and parameters: {'n_estimators': 986, 'max_depth': 6, 'learning_rate': 0.012241805461018496}. Best is trial 321 with value: 41.67874455451965.
trail number 683
[I 2025-07-19 12:02:31,557] Trial 683 finished with value: 42.478395104408264 and parameters: {'n_estimators': 912, 'max_depth': 3, 'learning_rate': 0.012716514454410795}. Best is trial 321 with value: 41.67874455451965.
trail number 689
[I 2025-07-19 12:02:31,719] Trial 689 finished with value: 44.7078001499176 and parameters: {'n_estimators': 36, 'max_depth': 3, 'learning_rate': 0.05189887423888802}. Best is trial 321 with value: 41.67874455451965.
trail number 684
[I 2025-07-19 12:02:31,869] Trial 684 finished with value: 43.51980686187744 and parameters: {'n_estimators': 582, 'max_depth': 3, 'learning_rate': 0.04526719279118707}. Best is trial 321 with value: 41.67874455451965.
trail number 691
[I 2025-07-19 12:02:31,952] Trial 691 finished with value: 47.366995215415955 and parameters: {'n_estimators': 14, 'max_depth': 3, 'learning_rate': 0.08746362307120362}. Best is trial 321 with value: 41.67874455451965.
trail number 690
[I 2025-07-19 12:02:32,330] Trial 690 finished with value: 51.90822422504425 and parameters: {'n_estimators': 64, 'max_depth': 7, 'learning_rate': 0.013348676826897901}. Best is trial 321 with value: 41.67874455451965.
trail number 688
[I 2025-07-19 12:02:34,526] Trial 688 finished with value: 44.36700761318207 and parameters: {'n_estimators': 885, 'max_depth': 3, 'learning_rate': 0.04021885236801524}. Best is trial 321 with value: 41.67874455451965.
trail number 692
[I 2025-07-19 12:02:34,632] Trial 692 finished with value: 43.58691096305847 and parameters: {'n_estimators': 793, 'max_depth': 3, 'learning_rate': 0.053162816169494954}. Best is trial 321 with value: 41.67874455451965.
trail number 694
[I 2025-07-19 12:02:34,801] Trial 694 finished with value: 47.65960454940796 and parameters: {'n_estimators': 32, 'max_depth': 6, 'learning_rate': 0.045826842279306515}. Best is trial 321 with value: 41.67874455451965.
trail number 687
[I 2025-07-19 12:02:35,206] Trial 687 finished with value: 44.36172842979431 and parameters: {'n_estimators': 623, 'max_depth': 6, 'learning_rate': 0.05271663234958564}. Best is trial 321 with value: 41.67874455451965.
trail number 693
[I 2025-07-19 12:02:35,658] Trial 693 finished with value: 44.2449426651001 and parameters: {'n_estimators': 990, 'max_depth': 3, 'learning_rate': 0.04332179877560694}. Best is trial 321 with value: 41.67874455451965.
trail number 695
[I 2025-07-19 12:02:39,663] Trial 695 finished with value: 46.377668380737305 and parameters: {'n_estimators': 632, 'max_depth': 7, 'learning_rate': 0.053113006884362296}. Best is trial 321 with value: 41.67874455451965.
trail number 698
[I 2025-07-19 12:02:40,112] Trial 698 finished with value: 44.915401339530945 and parameters: {'n_estimators': 737, 'max_depth': 6, 'learning_rate': 0.07890887800401776}. Best is trial 321 with value: 41.67874455451965.
trail number 699
[I 2025-07-19 12:02:41,547] Trial 699 finished with value: 44.116631746292114 and parameters: {'n_estimators': 545, 'max_depth': 3, 'learning_rate': 0.04726693364214353}. Best is trial 321 with value: 41.67874455451965.
trail number 696
[I 2025-07-19 12:02:42,274] Trial 696 finished with value: 46.594685316085815 and parameters: {'n_estimators': 4816, 'max_depth': 17, 'learning_rate': 0.19896840614701072}. Best is trial 321 with value: 41.67874455451965.
trail number 700
[I 2025-07-19 12:02:42,781] Trial 700 finished with value: 44.48036432266235 and parameters: {'n_estimators': 779, 'max_depth': 3, 'learning_rate': 0.04814442057090873}. Best is trial 321 with value: 41.67874455451965.
trail number 697
[I 2025-07-19 12:02:42,808] Trial 697 finished with value: 47.20594644546509 and parameters: {'n_estimators': 4470, 'max_depth': 21, 'learning_rate': 0.15719102049004274}. Best is trial 321 with value: 41.67874455451965.
trail number 703
[I 2025-07-19 12:02:43,094] Trial 703 finished with value: 43.27017068862915 and parameters: {'n_estimators': 73, 'max_depth': 3, 'learning_rate': 0.04317074478165323}. Best is trial 321 with value: 41.67874455451965.
trail number 705
[I 2025-07-19 12:02:43,537] Trial 705 finished with value: 42.1598219871521 and parameters: {'n_estimators': 124, 'max_depth': 3, 'learning_rate': 0.08335608176850029}. Best is trial 321 with value: 41.67874455451965.
trail number 702
[I 2025-07-19 12:02:44,518] Trial 702 finished with value: 45.34495830535889 and parameters: {'n_estimators': 307, 'max_depth': 6, 'learning_rate': 0.012533131133610213}. Best is trial 321 with value: 41.67874455451965.
trail number 706
[I 2025-07-19 12:02:45,187] Trial 706 finished with value: 42.03033208847046 and parameters: {'n_estimators': 506, 'max_depth': 3, 'learning_rate': 0.011639527393705159}. Best is trial 321 with value: 41.67874455451965.
trail number 708
[I 2025-07-19 12:02:45,639] Trial 708 finished with value: 42.06161677837372 and parameters: {'n_estimators': 126, 'max_depth': 3, 'learning_rate': 0.06654078625586604}. Best is trial 321 with value: 41.67874455451965.
trail number 707
[I 2025-07-19 12:02:46,308] Trial 707 finished with value: 43.853365778923035 and parameters: {'n_estimators': 536, 'max_depth': 3, 'learning_rate': 0.04363120031496688}. Best is trial 321 with value: 41.67874455451965.
trail number 710
[I 2025-07-19 12:02:46,631] Trial 710 finished with value: 47.003859877586365 and parameters: {'n_estimators': 41, 'max_depth': 6, 'learning_rate': 0.04149585029095225}. Best is trial 321 with value: 41.67874455451965.
trail number 704
[I 2025-07-19 12:02:47,880] Trial 704 finished with value: 45.81249296665192 and parameters: {'n_estimators': 744, 'max_depth': 7, 'learning_rate': 0.06015828737114301}. Best is trial 321 with value: 41.67874455451965.
trail number 712
[I 2025-07-19 12:02:48,121] Trial 712 finished with value: 52.00918674468994 and parameters: {'n_estimators': 60, 'max_depth': 3, 'learning_rate': 0.010896449554832517}. Best is trial 321 with value: 41.67874455451965.
trail number 701
[I 2025-07-19 12:02:48,485] Trial 701 finished with value: 45.98870038986206 and parameters: {'n_estimators': 823, 'max_depth': 7, 'learning_rate': 0.010756969321151215}. Best is trial 321 with value: 41.67874455451965.
trail number 709
[I 2025-07-19 12:02:49,352] Trial 709 finished with value: 45.806355476379395 and parameters: {'n_estimators': 1162, 'max_depth': 7, 'learning_rate': 0.10229615181217272}. Best is trial 321 with value: 41.67874455451965.
trail number 715
[I 2025-07-19 12:02:50,119] Trial 715 finished with value: 45.82714557647705 and parameters: {'n_estimators': 91, 'max_depth': 7, 'learning_rate': 0.06966572539569632}. Best is trial 321 with value: 41.67874455451965.
trail number 711
[I 2025-07-19 12:02:50,128] Trial 711 finished with value: 46.580631136894226 and parameters: {'n_estimators': 731, 'max_depth': 7, 'learning_rate': 0.09495560211531999}. Best is trial 321 with value: 41.67874455451965.
trail number 717
[I 2025-07-19 12:02:50,384] Trial 717 finished with value: 42.9703688621521 and parameters: {'n_estimators': 48, 'max_depth': 4, 'learning_rate': 0.118668970652642}. Best is trial 321 with value: 41.67874455451965.
trail number 714
[I 2025-07-19 12:02:51,078] Trial 714 finished with value: 45.65926134586334 and parameters: {'n_estimators': 455, 'max_depth': 7, 'learning_rate': 0.12001500533482255}. Best is trial 321 with value: 41.67874455451965.
trail number 713
[I 2025-07-19 12:02:53,040] Trial 713 finished with value: 46.001607179641724 and parameters: {'n_estimators': 599, 'max_depth': 7, 'learning_rate': 0.01255077102029025}. Best is trial 321 with value: 41.67874455451965.
trail number 718
[I 2025-07-19 12:02:57,168] Trial 718 finished with value: 43.74660015106201 and parameters: {'n_estimators': 1337, 'max_depth': 6, 'learning_rate': 0.05204806635083908}. Best is trial 321 with value: 41.67874455451965.
trail number 719
[I 2025-07-19 12:02:58,723] Trial 719 finished with value: 44.51024651527405 and parameters: {'n_estimators': 1392, 'max_depth': 6, 'learning_rate': 0.045869951743592305}. Best is trial 321 with value: 41.67874455451965.
trail number 721
[I 2025-07-19 12:02:59,325] Trial 721 finished with value: 44.674094915390015 and parameters: {'n_estimators': 649, 'max_depth': 3, 'learning_rate': 0.0724401583507672}. Best is trial 321 with value: 41.67874455451965.
trail number 720
[I 2025-07-19 12:03:00,135] Trial 720 finished with value: 44.9985533952713 and parameters: {'n_estimators': 1501, 'max_depth': 6, 'learning_rate': 0.05073976422074845}. Best is trial 321 with value: 41.67874455451965.
trail number 716
[I 2025-07-19 12:03:00,785] Trial 716 finished with value: 45.74918448925018 and parameters: {'n_estimators': 1309, 'max_depth': 7, 'learning_rate': 0.012204762880087702}. Best is trial 321 with value: 41.67874455451965.
trail number 725
[I 2025-07-19 12:03:00,916] Trial 725 finished with value: 50.88220477104187 and parameters: {'n_estimators': 12, 'max_depth': 7, 'learning_rate': 0.08068633013281021}. Best is trial 321 with value: 41.67874455451965.
trail number 723
[I 2025-07-19 12:03:01,245] Trial 723 finished with value: 44.14842367172241 and parameters: {'n_estimators': 568, 'max_depth': 3, 'learning_rate': 0.05181613536875296}. Best is trial 321 with value: 41.67874455451965.
trail number 724
[I 2025-07-19 12:03:01,565] Trial 724 finished with value: 42.0587295293808 and parameters: {'n_estimators': 412, 'max_depth': 3, 'learning_rate': 0.013777975516560806}. Best is trial 321 with value: 41.67874455451965.
trail number 728
[I 2025-07-19 12:03:01,776] Trial 728 finished with value: 42.9468560218811 and parameters: {'n_estimators': 54, 'max_depth': 3, 'learning_rate': 0.06781389015504849}. Best is trial 321 with value: 41.67874455451965.
trail number 726
[I 2025-07-19 12:03:03,492] Trial 726 finished with value: 46.86201810836792 and parameters: {'n_estimators': 642, 'max_depth': 17, 'learning_rate': 0.18778075429418278}. Best is trial 321 with value: 41.67874455451965.
trail number 730
[I 2025-07-19 12:03:03,731] Trial 730 finished with value: 43.02793085575104 and parameters: {'n_estimators': 62, 'max_depth': 3, 'learning_rate': 0.050272945995682175}. Best is trial 321 with value: 41.67874455451965.
trail number 729
[I 2025-07-19 12:03:03,772] Trial 729 finished with value: 43.1439083814621 and parameters: {'n_estimators': 611, 'max_depth': 3, 'learning_rate': 0.03177100485532906}. Best is trial 321 with value: 41.67874455451965.
trail number 722
[I 2025-07-19 12:03:03,932] Trial 722 finished with value: 45.437012910842896 and parameters: {'n_estimators': 1542, 'max_depth': 3, 'learning_rate': 0.04495781663448049}. Best is trial 321 with value: 41.67874455451965.
trail number 732
[I 2025-07-19 12:03:04,032] Trial 732 finished with value: 41.94145083427429 and parameters: {'n_estimators': 56, 'max_depth': 3, 'learning_rate': 0.07787749760863708}. Best is trial 321 with value: 41.67874455451965.
trail number 734
[I 2025-07-19 12:03:04,793] Trial 734 finished with value: 45.958372354507446 and parameters: {'n_estimators': 91, 'max_depth': 7, 'learning_rate': 0.145732132532018}. Best is trial 321 with value: 41.67874455451965.
trail number 727
[I 2025-07-19 12:03:07,170] Trial 727 finished with value: 46.071157455444336 and parameters: {'n_estimators': 759, 'max_depth': 7, 'learning_rate': 0.0508304048948395}. Best is trial 321 with value: 41.67874455451965.
trail number 736
[I 2025-07-19 12:03:07,256] Trial 736 finished with value: 47.95744836330414 and parameters: {'n_estimators': 11, 'max_depth': 4, 'learning_rate': 0.1085427308097735}. Best is trial 321 with value: 41.67874455451965.
trail number 737
[I 2025-07-19 12:03:07,379] Trial 737 finished with value: 45.490538477897644 and parameters: {'n_estimators': 19, 'max_depth': 4, 'learning_rate': 0.09691963201014121}. Best is trial 321 with value: 41.67874455451965.
trail number 733
[I 2025-07-19 12:03:08,038] Trial 733 finished with value: 42.78202831745148 and parameters: {'n_estimators': 1253, 'max_depth': 3, 'learning_rate': 0.010260772017677167}. Best is trial 321 with value: 41.67874455451965.
trail number 731
[I 2025-07-19 12:03:08,285] Trial 731 finished with value: 46.2580007314682 and parameters: {'n_estimators': 541, 'max_depth': 7, 'learning_rate': 0.044036729318442824}. Best is trial 321 with value: 41.67874455451965.
trail number 735
[I 2025-07-19 12:03:08,729] Trial 735 finished with value: 44.73896861076355 and parameters: {'n_estimators': 673, 'max_depth': 6, 'learning_rate': 0.0884851623824914}. Best is trial 321 with value: 41.67874455451965.
trail number 740
[I 2025-07-19 12:03:08,932] Trial 740 finished with value: 43.37738811969757 and parameters: {'n_estimators': 187, 'max_depth': 3, 'learning_rate': 0.0934514450473648}. Best is trial 321 with value: 41.67874455451965.
trail number 738
[I 2025-07-19 12:03:10,203] Trial 738 finished with value: 45.9103399515152 and parameters: {'n_estimators': 545, 'max_depth': 7, 'learning_rate': 0.11648926284682372}. Best is trial 321 with value: 41.67874455451965.
trail number 743
[I 2025-07-19 12:03:10,525] Trial 743 finished with value: 46.71595633029938 and parameters: {'n_estimators': 34, 'max_depth': 7, 'learning_rate': 0.07616486954002008}. Best is trial 321 with value: 41.67874455451965.
trail number 739
