[I 2025-07-19 12:23:01,220] Trial 2302 finished with value: 43.73912155628204 and parameters: {'n_estimators': 599, 'max_depth': 3, 'learning_rate': 0.05355211395249921}. Best is trial 321 with value: 41.67874455451965.
trail number 2311
[I 2025-07-19 12:23:01,338] Trial 2311 finished with value: 45.59867858886719 and parameters: {'n_estimators': 17, 'max_depth': 3, 'learning_rate': 0.10006442088587932}. Best is trial 321 with value: 41.67874455451965.
trail number 2310
[I 2025-07-19 12:23:02,122] Trial 2310 finished with value: 44.575340151786804 and parameters: {'n_estimators': 114, 'max_depth': 6, 'learning_rate': 0.19608697596322477}. Best is trial 321 with value: 41.67874455451965.
trail number 2313
[I 2025-07-19 12:23:02,271] Trial 2313 finished with value: 45.01639425754547 and parameters: {'n_estimators': 27, 'max_depth': 3, 'learning_rate': 0.06588905731911618}. Best is trial 321 with value: 41.67874455451965.
trail number 2312
[I 2025-07-19 12:23:03,341] Trial 2312 finished with value: 47.44553506374359 and parameters: {'n_estimators': 113, 'max_depth': 17, 'learning_rate': 0.2022297794257926}. Best is trial 321 with value: 41.67874455451965.
trail number 2304
[I 2025-07-19 12:23:03,600] Trial 2304 finished with value: 44.40119504928589 and parameters: {'n_estimators': 547, 'max_depth': 6, 'learning_rate': 0.0640001225458091}. Best is trial 321 with value: 41.67874455451965.
trail number 2316
[I 2025-07-19 12:23:04,035] Trial 2316 finished with value: 46.65770769119263 and parameters: {'n_estimators': 117, 'max_depth': 3, 'learning_rate': 0.011903894423246852}. Best is trial 321 with value: 41.67874455451965.
trail number 2315
[I 2025-07-19 12:23:06,679] Trial 2315 finished with value: 44.44732189178467 and parameters: {'n_estimators': 487, 'max_depth': 6, 'learning_rate': 0.042040745452620265}. Best is trial 321 with value: 41.67874455451965.
trail number 2314
[I 2025-07-19 12:23:06,760] Trial 2314 finished with value: 44.37148571014404 and parameters: {'n_estimators': 1149, 'max_depth': 6, 'learning_rate': 0.08982141151355355}. Best is trial 321 with value: 41.67874455451965.
trail number 2317
[I 2025-07-19 12:23:08,898] Trial 2317 finished with value: 44.772502183914185 and parameters: {'n_estimators': 1075, 'max_depth': 6, 'learning_rate': 0.0742658212357599}. Best is trial 321 with value: 41.67874455451965.
trail number 2318
[I 2025-07-19 12:23:09,039] Trial 2318 finished with value: 44.9447637796402 and parameters: {'n_estimators': 691, 'max_depth': 3, 'learning_rate': 0.07860256813926285}. Best is trial 321 with value: 41.67874455451965.
trail number 2307
[I 2025-07-19 12:23:11,341] Trial 2307 finished with value: 46.00293576717377 and parameters: {'n_estimators': 1268, 'max_depth': 7, 'learning_rate': 0.01091365678957706}. Best is trial 321 with value: 41.67874455451965.
trail number 2322
[I 2025-07-19 12:23:11,441] Trial 2322 finished with value: 50.78249454498291 and parameters: {'n_estimators': 11, 'max_depth': 3, 'learning_rate': 0.06733030068362267}. Best is trial 321 with value: 41.67874455451965.
trail number 2321
[I 2025-07-19 12:23:12,318] Trial 2321 finished with value: 45.219178795814514 and parameters: {'n_estimators': 469, 'max_depth': 6, 'learning_rate': 0.038370506671528866}. Best is trial 321 with value: 41.67874455451965.
trail number 2320
[I 2025-07-19 12:23:13,198] Trial 2320 finished with value: 44.70400393009186 and parameters: {'n_estimators': 600, 'max_depth': 6, 'learning_rate': 0.012632790169317537}. Best is trial 321 with value: 41.67874455451965.
trail number 2319
[I 2025-07-19 12:23:16,597] Trial 2319 finished with value: 46.37142837047577 and parameters: {'n_estimators': 988, 'max_depth': 8, 'learning_rate': 0.010524318682100534}. Best is trial 321 with value: 41.67874455451965.
trail number 2326
[I 2025-07-19 12:23:16,956] Trial 2326 finished with value: 55.23721933364868 and parameters: {'n_estimators': 44, 'max_depth': 6, 'learning_rate': 0.010821621042778633}. Best is trial 321 with value: 41.67874455451965.
trail number 2327
[I 2025-07-19 12:23:17,567] Trial 2327 finished with value: 46.041563749313354 and parameters: {'n_estimators': 66, 'max_depth': 7, 'learning_rate': 0.082736108468126}. Best is trial 321 with value: 41.67874455451965.
trail number 2328
[I 2025-07-19 12:23:17,801] Trial 2328 finished with value: 44.21877384185791 and parameters: {'n_estimators': 27, 'max_depth': 5, 'learning_rate': 0.16193579069442593}. Best is trial 321 with value: 41.67874455451965.
trail number 2324
[I 2025-07-19 12:23:18,536] Trial 2324 finished with value: 46.318479776382446 and parameters: {'n_estimators': 1771, 'max_depth': 10, 'learning_rate': 0.062194035348268825}. Best is trial 321 with value: 41.67874455451965.
trail number 2323
[I 2025-07-19 12:23:18,824] Trial 2323 finished with value: 46.50070250034332 and parameters: {'n_estimators': 812, 'max_depth': 10, 'learning_rate': 0.0403993830226587}. Best is trial 321 with value: 41.67874455451965.
trail number 2329
[I 2025-07-19 12:23:20,746] Trial 2329 finished with value: 42.49536395072937 and parameters: {'n_estimators': 874, 'max_depth': 3, 'learning_rate': 0.01244989501983485}. Best is trial 321 with value: 41.67874455451965.
trail number 2332
[I 2025-07-19 12:23:21,056] Trial 2332 finished with value: 45.92516779899597 and parameters: {'n_estimators': 33, 'max_depth': 6, 'learning_rate': 0.060257810071034534}. Best is trial 321 with value: 41.67874455451965.
trail number 2330
[I 2025-07-19 12:23:21,143] Trial 2330 finished with value: 43.970667719841 and parameters: {'n_estimators': 765, 'max_depth': 3, 'learning_rate': 0.035178998528045874}. Best is trial 321 with value: 41.67874455451965.
trail number 2331
[I 2025-07-19 12:23:24,183] Trial 2331 finished with value: 46.51084542274475 and parameters: {'n_estimators': 486, 'max_depth': 9, 'learning_rate': 0.04307089323082123}. Best is trial 321 with value: 41.67874455451965.
trail number 2334
[I 2025-07-19 12:23:24,863] Trial 2334 finished with value: 44.082061648368835 and parameters: {'n_estimators': 555, 'max_depth': 6, 'learning_rate': 0.0675791467015778}. Best is trial 321 with value: 41.67874455451965.
trail number 2336
[I 2025-07-19 12:23:24,966] Trial 2336 finished with value: 52.74244010448456 and parameters: {'n_estimators': 11, 'max_depth': 3, 'learning_rate': 0.051940786774865286}. Best is trial 321 with value: 41.67874455451965.
trail number 2333
[I 2025-07-19 12:23:25,115] Trial 2333 finished with value: 44.85816717147827 and parameters: {'n_estimators': 588, 'max_depth': 6, 'learning_rate': 0.06906730622007692}. Best is trial 321 with value: 41.67874455451965.
trail number 2337
[I 2025-07-19 12:23:27,331] Trial 2337 finished with value: 44.949453473091125 and parameters: {'n_estimators': 720, 'max_depth': 3, 'learning_rate': 0.07617414205463884}. Best is trial 321 with value: 41.67874455451965.
trail number 2338
[I 2025-07-19 12:23:27,589] Trial 2338 finished with value: 44.717732071876526 and parameters: {'n_estimators': 734, 'max_depth': 3, 'learning_rate': 0.08948607081434413}. Best is trial 321 with value: 41.67874455451965.
trail number 2335
[I 2025-07-19 12:23:28,074] Trial 2335 finished with value: 45.03263771533966 and parameters: {'n_estimators': 1142, 'max_depth': 3, 'learning_rate': 0.04283693810124077}. Best is trial 321 with value: 41.67874455451965.
trail number 2341
[I 2025-07-19 12:23:28,570] Trial 2341 finished with value: 44.15513873100281 and parameters: {'n_estimators': 63, 'max_depth': 6, 'learning_rate': 0.09437242347912186}. Best is trial 321 with value: 41.67874455451965.
trail number 2340
[I 2025-07-19 12:23:29,682] Trial 2340 finished with value: 44.49917495250702 and parameters: {'n_estimators': 601, 'max_depth': 3, 'learning_rate': 0.10799680411728427}. Best is trial 321 with value: 41.67874455451965.
trail number 2339
[I 2025-07-19 12:23:30,925] Trial 2339 finished with value: 46.0271018743515 and parameters: {'n_estimators': 1053, 'max_depth': 3, 'learning_rate': 0.10505231486942151}. Best is trial 321 with value: 41.67874455451965.
trail number 2342
[I 2025-07-19 12:23:32,068] Trial 2342 finished with value: 46.87291502952576 and parameters: {'n_estimators': 1134, 'max_depth': 9, 'learning_rate': 0.10594101321921957}. Best is trial 321 with value: 41.67874455451965.
trail number 2325
[I 2025-07-19 12:23:33,460] Trial 2325 finished with value: 47.237403988838196 and parameters: {'n_estimators': 4999, 'max_depth': 23, 'learning_rate': 0.030252808200732256}. Best is trial 321 with value: 41.67874455451965.
trail number 2343
[I 2025-07-19 12:23:33,796] Trial 2343 finished with value: 45.10582447052002 and parameters: {'n_estimators': 598, 'max_depth': 6, 'learning_rate': 0.010178059651634055}. Best is trial 321 with value: 41.67874455451965.
trail number 2345
[I 2025-07-19 12:23:34,022] Trial 2345 finished with value: 42.030028104782104 and parameters: {'n_estimators': 556, 'max_depth': 3, 'learning_rate': 0.010376573104944994}. Best is trial 321 with value: 41.67874455451965.
trail number 2344
[I 2025-07-19 12:23:35,390] Trial 2344 finished with value: 45.093260407447815 and parameters: {'n_estimators': 1309, 'max_depth': 3, 'learning_rate': 0.035336366007824686}. Best is trial 321 with value: 41.67874455451965.
trail number 2348
[I 2025-07-19 12:23:37,602] Trial 2348 finished with value: 44.65779006481171 and parameters: {'n_estimators': 1121, 'max_depth': 3, 'learning_rate': 0.057903159564776874}. Best is trial 321 with value: 41.67874455451965.
trail number 2346
[I 2025-07-19 12:23:37,920] Trial 2346 finished with value: 44.45906043052673 and parameters: {'n_estimators': 1319, 'max_depth': 3, 'learning_rate': 0.04203531212263392}. Best is trial 321 with value: 41.67874455451965.
trail number 2347
[I 2025-07-19 12:23:38,154] Trial 2347 finished with value: 46.199036836624146 and parameters: {'n_estimators': 549, 'max_depth': 7, 'learning_rate': 0.06886088292912608}. Best is trial 321 with value: 41.67874455451965.
trail number 2349
[I 2025-07-19 12:23:38,999] Trial 2349 finished with value: 46.99548959732056 and parameters: {'n_estimators': 556, 'max_depth': 9, 'learning_rate': 0.08091192739709252}. Best is trial 321 with value: 41.67874455451965.
trail number 2352
[I 2025-07-19 12:23:40,051] Trial 2352 finished with value: 44.87008988857269 and parameters: {'n_estimators': 576, 'max_depth': 3, 'learning_rate': 0.09112153473043771}. Best is trial 321 with value: 41.67874455451965.
trail number 2354
[I 2025-07-19 12:23:40,246] Trial 2354 finished with value: 48.76008093357086 and parameters: {'n_estimators': 19, 'max_depth': 6, 'learning_rate': 0.06513054181350114}. Best is trial 321 with value: 41.67874455451965.
trail number 2355
[I 2025-07-19 12:23:40,368] Trial 2355 finished with value: 53.75059247016907 and parameters: {'n_estimators': 19, 'max_depth': 3, 'learning_rate': 0.026712100851953323}. Best is trial 321 with value: 41.67874455451965.
trail number 2353
[I 2025-07-19 12:23:40,916] Trial 2353 finished with value: 44.648560881614685 and parameters: {'n_estimators': 507, 'max_depth': 3, 'learning_rate': 0.07323694036851114}. Best is trial 321 with value: 41.67874455451965.
trail number 2357
[I 2025-07-19 12:23:41,288] Trial 2357 finished with value: 51.35891020298004 and parameters: {'n_estimators': 26, 'max_depth': 9, 'learning_rate': 0.03961827507340636}. Best is trial 321 with value: 41.67874455451965.
trail number 2351
[I 2025-07-19 12:23:41,413] Trial 2351 finished with value: 44.67953622341156 and parameters: {'n_estimators': 461, 'max_depth': 6, 'learning_rate': 0.04683571451605877}. Best is trial 321 with value: 41.67874455451965.
trail number 2350
[I 2025-07-19 12:23:42,035] Trial 2350 finished with value: 45.59713363647461 and parameters: {'n_estimators': 588, 'max_depth': 6, 'learning_rate': 0.08265344095355683}. Best is trial 321 with value: 41.67874455451965.
trail number 2356
[I 2025-07-19 12:23:42,446] Trial 2356 finished with value: 44.09701585769653 and parameters: {'n_estimators': 523, 'max_depth': 3, 'learning_rate': 0.057541907440370216}. Best is trial 321 with value: 41.67874455451965.
trail number 2361
[I 2025-07-19 12:23:42,577] Trial 2361 finished with value: 57.38750994205475 and parameters: {'n_estimators': 21, 'max_depth': 3, 'learning_rate': 0.013181691334650213}. Best is trial 321 with value: 41.67874455451965.
trail number 2360
[I 2025-07-19 12:23:43,807] Trial 2360 finished with value: 43.068479895591736 and parameters: {'n_estimators': 507, 'max_depth': 3, 'learning_rate': 0.04365169592943444}. Best is trial 321 with value: 41.67874455451965.
trail number 2363
[I 2025-07-19 12:23:46,087] Trial 2363 finished with value: 46.069504618644714 and parameters: {'n_estimators': 707, 'max_depth': 3, 'learning_rate': 0.13344292267081437}. Best is trial 321 with value: 41.67874455451965.
trail number 2364
[I 2025-07-19 12:23:46,348] Trial 2364 finished with value: 42.7277934551239 and parameters: {'n_estimators': 57, 'max_depth': 3, 'learning_rate': 0.13666140239547947}. Best is trial 321 with value: 41.67874455451965.
trail number 2365
[I 2025-07-19 12:23:46,643] Trial 2365 finished with value: 42.58543074131012 and parameters: {'n_estimators': 63, 'max_depth': 3, 'learning_rate': 0.06776214331459086}. Best is trial 321 with value: 41.67874455451965.
trail number 2362
[I 2025-07-19 12:23:47,783] Trial 2362 finished with value: 44.616931676864624 and parameters: {'n_estimators': 740, 'max_depth': 6, 'learning_rate': 0.04531036095861781}. Best is trial 321 with value: 41.67874455451965.
trail number 2359
[I 2025-07-19 12:23:49,177] Trial 2359 finished with value: 46.3622510433197 and parameters: {'n_estimators': 4782, 'max_depth': 14, 'learning_rate': 0.15477417619006584}. Best is trial 321 with value: 41.67874455451965.
trail number 2366
[I 2025-07-19 12:23:49,593] Trial 2366 finished with value: 45.392404198646545 and parameters: {'n_estimators': 636, 'max_depth': 7, 'learning_rate': 0.11765522793936066}. Best is trial 321 with value: 41.67874455451965.
trail number 2368
[I 2025-07-19 12:23:49,923] Trial 2368 finished with value: 46.72322332859039 and parameters: {'n_estimators': 74, 'max_depth': 7, 'learning_rate': 0.06647036230647714}. Best is trial 321 with value: 41.67874455451965.
trail number 2358
[I 2025-07-19 12:23:50,099] Trial 2358 finished with value: 45.131126046180725 and parameters: {'n_estimators': 1222, 'max_depth': 6, 'learning_rate': 0.03889103640639134}. Best is trial 321 with value: 41.67874455451965.
trail number 2367
[I 2025-07-19 12:23:50,517] Trial 2367 finished with value: 45.99511206150055 and parameters: {'n_estimators': 593, 'max_depth': 9, 'learning_rate': 0.12480763541948868}. Best is trial 321 with value: 41.67874455451965.
trail number 2372
[I 2025-07-19 12:23:50,874] Trial 2372 finished with value: 47.76253283023834 and parameters: {'n_estimators': 41, 'max_depth': 6, 'learning_rate': 0.035291708427819216}. Best is trial 321 with value: 41.67874455451965.
trail number 2371
[I 2025-07-19 12:23:52,224] Trial 2371 finished with value: 44.82536196708679 and parameters: {'n_estimators': 604, 'max_depth': 3, 'learning_rate': 0.09749147721481627}. Best is trial 321 with value: 41.67874455451965.
trail number 2373
[I 2025-07-19 12:23:53,124] Trial 2373 finished with value: 44.07072722911835 and parameters: {'n_estimators': 692, 'max_depth': 3, 'learning_rate': 0.03976826437819429}. Best is trial 321 with value: 41.67874455451965.
trail number 2370
[I 2025-07-19 12:23:53,471] Trial 2370 finished with value: 44.98115301132202 and parameters: {'n_estimators': 485, 'max_depth': 6, 'learning_rate': 0.09413935635596106}. Best is trial 321 with value: 41.67874455451965.
trail number 2369
[I 2025-07-19 12:23:56,032] Trial 2369 finished with value: 43.81032705307007 and parameters: {'n_estimators': 1141, 'max_depth': 5, 'learning_rate': 0.011033289692732685}. Best is trial 321 with value: 41.67874455451965.
trail number 2377
[I 2025-07-19 12:23:56,151] Trial 2377 finished with value: 53.20779860019684 and parameters: {'n_estimators': 16, 'max_depth': 3, 'learning_rate': 0.03398800934893623}. Best is trial 321 with value: 41.67874455451965.
trail number 2378
[I 2025-07-19 12:23:58,497] Trial 2378 finished with value: 43.50368797779083 and parameters: {'n_estimators': 691, 'max_depth': 3, 'learning_rate': 0.0454311795760004}. Best is trial 321 with value: 41.67874455451965.
trail number 2379
[I 2025-07-19 12:23:59,044] Trial 2379 finished with value: 44.356242418289185 and parameters: {'n_estimators': 69, 'max_depth': 6, 'learning_rate': 0.1416378765916954}. Best is trial 321 with value: 41.67874455451965.
trail number 2375
[I 2025-07-19 12:24:00,757] Trial 2375 finished with value: 46.27214431762695 and parameters: {'n_estimators': 1031, 'max_depth': 10, 'learning_rate': 0.03993752344984276}. Best is trial 321 with value: 41.67874455451965.
trail number 2374
[I 2025-07-19 12:24:01,699] Trial 2374 finished with value: 43.95618736743927 and parameters: {'n_estimators': 1697, 'max_depth': 5, 'learning_rate': 0.010270554073106616}. Best is trial 321 with value: 41.67874455451965.
trail number 2382
[I 2025-07-19 12:24:02,032] Trial 2382 finished with value: 47.150858640670776 and parameters: {'n_estimators': 30, 'max_depth': 7, 'learning_rate': 0.06890900072342415}. Best is trial 321 with value: 41.67874455451965.
trail number 2376
[I 2025-07-19 12:24:02,358] Trial 2376 finished with value: 46.826964020729065 and parameters: {'n_estimators': 2873, 'max_depth': 21, 'learning_rate': 0.07065596667851566}. Best is trial 321 with value: 41.67874455451965.
trail number 2380
[I 2025-07-19 12:24:02,552] Trial 2380 finished with value: 46.74497604370117 and parameters: {'n_estimators': 1780, 'max_depth': 14, 'learning_rate': 0.23795186245901503}. Best is trial 321 with value: 41.67874455451965.
trail number 2385
[I 2025-07-19 12:24:04,142] Trial 2385 finished with value: 44.57727074623108 and parameters: {'n_estimators': 462, 'max_depth': 3, 'learning_rate': 0.10573705196899218}. Best is trial 321 with value: 41.67874455451965.
trail number 2386
[I 2025-07-19 12:24:04,295] Trial 2386 finished with value: 58.00455689430237 and parameters: {'n_estimators': 12, 'max_depth': 7, 'learning_rate': 0.023639818142603554}. Best is trial 321 with value: 41.67874455451965.
trail number 2387
[I 2025-07-19 12:24:04,456] Trial 2387 finished with value: 60.69956123828888 and parameters: {'n_estimators': 12, 'max_depth': 7, 'learning_rate': 0.010549696258266338}. Best is trial 321 with value: 41.67874455451965.
trail number 2388
[I 2025-07-19 12:24:04,815] Trial 2388 finished with value: 47.41555690765381 and parameters: {'n_estimators': 22, 'max_depth': 10, 'learning_rate': 0.1137472609231357}. Best is trial 321 with value: 41.67874455451965.
trail number 2389
[I 2025-07-19 12:24:05,031] Trial 2389 finished with value: 43.16393315792084 and parameters: {'n_estimators': 42, 'max_depth': 3, 'learning_rate': 0.06617248076389394}. Best is trial 321 with value: 41.67874455451965.
trail number 2384
[I 2025-07-19 12:24:05,863] Trial 2384 finished with value: 44.82285499572754 and parameters: {'n_estimators': 429, 'max_depth': 6, 'learning_rate': 0.011074079080320352}. Best is trial 321 with value: 41.67874455451965.
trail number 2381
[I 2025-07-19 12:24:05,967] Trial 2381 finished with value: 44.44276034832001 and parameters: {'n_estimators': 718, 'max_depth': 6, 'learning_rate': 0.07479397303035391}. Best is trial 321 with value: 41.67874455451965.
trail number 2391
[I 2025-07-19 12:24:06,028] Trial 2391 finished with value: 49.02508854866028 and parameters: {'n_estimators': 22, 'max_depth': 3, 'learning_rate': 0.04380935737106986}. Best is trial 321 with value: 41.67874455451965.
trail number 2383
[I 2025-07-19 12:24:06,775] Trial 2383 finished with value: 44.60926175117493 and parameters: {'n_estimators': 589, 'max_depth': 6, 'learning_rate': 0.07780116645104176}. Best is trial 321 with value: 41.67874455451965.
trail number 2394
[I 2025-07-19 12:24:08,914] Trial 2394 finished with value: 45.18462538719177 and parameters: {'n_estimators': 638, 'max_depth': 3, 'learning_rate': 0.11973046347334962}. Best is trial 321 with value: 41.67874455451965.
trail number 2395
[I 2025-07-19 12:24:09,118] Trial 2395 finished with value: 46.905513405799866 and parameters: {'n_estimators': 21, 'max_depth': 6, 'learning_rate': 0.08681697766797596}. Best is trial 321 with value: 41.67874455451965.
trail number 2390
[I 2025-07-19 12:24:09,604] Trial 2390 finished with value: 46.41953527927399 and parameters: {'n_estimators': 1145, 'max_depth': 9, 'learning_rate': 0.08368117910818137}. Best is trial 321 with value: 41.67874455451965.
trail number 2397
[I 2025-07-19 12:24:09,804] Trial 2397 finished with value: 45.21377444267273 and parameters: {'n_estimators': 25, 'max_depth': 5, 'learning_rate': 0.08052227180885714}. Best is trial 321 with value: 41.67874455451965.
trail number 2393
[I 2025-07-19 12:24:10,483] Trial 2393 finished with value: 44.78430092334747 and parameters: {'n_estimators': 1257, 'max_depth': 3, 'learning_rate': 0.04131294440343512}. Best is trial 321 with value: 41.67874455451965.
trail number 2396
[I 2025-07-19 12:24:11,577] Trial 2396 finished with value: 44.08772051334381 and parameters: {'n_estimators': 671, 'max_depth': 3, 'learning_rate': 0.04156234514498684}. Best is trial 321 with value: 41.67874455451965.
trail number 2392
[I 2025-07-19 12:24:13,946] Trial 2392 finished with value: 44.77183222770691 and parameters: {'n_estimators': 1236, 'max_depth': 6, 'learning_rate': 0.045999099735246754}. Best is trial 321 with value: 41.67874455451965.
trail number 2398
[I 2025-07-19 12:24:15,094] Trial 2398 finished with value: 44.59697663784027 and parameters: {'n_estimators': 756, 'max_depth': 6, 'learning_rate': 0.010017530061562904}. Best is trial 321 with value: 41.67874455451965.
trail number 2402
