[I 2025-07-19 12:19:43,179] Trial 2034 finished with value: 47.78382897377014 and parameters: {'n_estimators': 16, 'max_depth': 3, 'learning_rate': 0.06968240099247072}. Best is trial 321 with value: 41.67874455451965.
trail number 2031
[I 2025-07-19 12:19:43,456] Trial 2031 finished with value: 45.04574477672577 and parameters: {'n_estimators': 982, 'max_depth': 3, 'learning_rate': 0.08819678276354576}. Best is trial 321 with value: 41.67874455451965.
trail number 2035
[I 2025-07-19 12:19:43,643] Trial 2035 finished with value: 45.08141815662384 and parameters: {'n_estimators': 49, 'max_depth': 6, 'learning_rate': 0.07929353209084522}. Best is trial 321 with value: 41.67874455451965.
trail number 2037
[I 2025-07-19 12:19:45,204] Trial 2037 finished with value: 44.97894465923309 and parameters: {'n_estimators': 471, 'max_depth': 3, 'learning_rate': 0.10613497992908852}. Best is trial 321 with value: 41.67874455451965.
trail number 2038
[I 2025-07-19 12:19:45,987] Trial 2038 finished with value: 46.30486786365509 and parameters: {'n_estimators': 58, 'max_depth': 10, 'learning_rate': 0.10346632858216437}. Best is trial 321 with value: 41.67874455451965.
trail number 2036
[I 2025-07-19 12:19:47,058] Trial 2036 finished with value: 45.439584255218506 and parameters: {'n_estimators': 538, 'max_depth': 6, 'learning_rate': 0.09562851226298838}. Best is trial 321 with value: 41.67874455451965.
trail number 2040
[I 2025-07-19 12:19:48,119] Trial 2040 finished with value: 45.60828506946564 and parameters: {'n_estimators': 129, 'max_depth': 7, 'learning_rate': 0.15351095650139532}. Best is trial 321 with value: 41.67874455451965.
trail number 2033
[I 2025-07-19 12:19:48,823] Trial 2033 finished with value: 46.583260893821716 and parameters: {'n_estimators': 3249, 'max_depth': 26, 'learning_rate': 0.1941163769417091}. Best is trial 321 with value: 41.67874455451965.
trail number 2039
[I 2025-07-19 12:19:49,898] Trial 2039 finished with value: 44.225255846977234 and parameters: {'n_estimators': 578, 'max_depth': 6, 'learning_rate': 0.06672060074927375}. Best is trial 321 with value: 41.67874455451965.
trail number 2041
[I 2025-07-19 12:19:50,874] Trial 2041 finished with value: 44.82533812522888 and parameters: {'n_estimators': 409, 'max_depth': 6, 'learning_rate': 0.08327564784848271}. Best is trial 321 with value: 41.67874455451965.
trail number 2042
[I 2025-07-19 12:19:51,140] Trial 2042 finished with value: 44.65038001537323 and parameters: {'n_estimators': 702, 'max_depth': 3, 'learning_rate': 0.08601541527959344}. Best is trial 321 with value: 41.67874455451965.
trail number 2043
[I 2025-07-19 12:19:51,652] Trial 2043 finished with value: 44.69426691532135 and parameters: {'n_estimators': 518, 'max_depth': 3, 'learning_rate': 0.09282158012512352}. Best is trial 321 with value: 41.67874455451965.
trail number 2045
[I 2025-07-19 12:19:53,126] Trial 2045 finished with value: 45.12041926383972 and parameters: {'n_estimators': 625, 'max_depth': 3, 'learning_rate': 0.08670229358168495}. Best is trial 321 with value: 41.67874455451965.
trail number 2047
[I 2025-07-19 12:19:53,249] Trial 2047 finished with value: 45.36953866481781 and parameters: {'n_estimators': 20, 'max_depth': 3, 'learning_rate': 0.0846378493893207}. Best is trial 321 with value: 41.67874455451965.
trail number 2048
[I 2025-07-19 12:19:53,909] Trial 2048 finished with value: 44.58240866661072 and parameters: {'n_estimators': 82, 'max_depth': 6, 'learning_rate': 0.048314614191716}. Best is trial 321 with value: 41.67874455451965.
trail number 1978
[I 2025-07-19 12:19:54,662] Trial 1978 finished with value: 47.4418842792511 and parameters: {'n_estimators': 2830, 'max_depth': 20, 'learning_rate': 0.013417050997126173}. Best is trial 321 with value: 41.67874455451965.
trail number 2044
[I 2025-07-19 12:19:55,023] Trial 2044 finished with value: 44.82180178165436 and parameters: {'n_estimators': 1042, 'max_depth': 6, 'learning_rate': 0.1030343819190291}. Best is trial 321 with value: 41.67874455451965.
trail number 2051
[I 2025-07-19 12:19:55,242] Trial 2051 finished with value: 47.482072710990906 and parameters: {'n_estimators': 19, 'max_depth': 7, 'learning_rate': 0.09883238953277736}. Best is trial 321 with value: 41.67874455451965.
trail number 2052
[I 2025-07-19 12:19:55,830] Trial 2052 finished with value: 46.291537284851074 and parameters: {'n_estimators': 60, 'max_depth': 7, 'learning_rate': 0.0826640697064337}. Best is trial 321 with value: 41.67874455451965.
trail number 2050
[I 2025-07-19 12:19:57,631] Trial 2050 finished with value: 45.150644183158875 and parameters: {'n_estimators': 698, 'max_depth': 7, 'learning_rate': 0.12351606424036188}. Best is trial 321 with value: 41.67874455451965.
trail number 2054
[I 2025-07-19 12:19:57,903] Trial 2054 finished with value: 42.355393171310425 and parameters: {'n_estimators': 65, 'max_depth': 3, 'learning_rate': 0.09890823107354663}. Best is trial 321 with value: 41.67874455451965.
trail number 2049
[I 2025-07-19 12:19:58,173] Trial 2049 finished with value: 44.63541030883789 and parameters: {'n_estimators': 595, 'max_depth': 6, 'learning_rate': 0.07808927937835927}. Best is trial 321 with value: 41.67874455451965.
trail number 2053
[I 2025-07-19 12:19:58,482] Trial 2053 finished with value: 44.39083695411682 and parameters: {'n_estimators': 792, 'max_depth': 3, 'learning_rate': 0.07070164255021483}. Best is trial 321 with value: 41.67874455451965.
trail number 2056
[I 2025-07-19 12:19:58,544] Trial 2056 finished with value: 42.291638255119324 and parameters: {'n_estimators': 84, 'max_depth': 3, 'learning_rate': 0.05031705181353076}. Best is trial 321 with value: 41.67874455451965.
trail number 2046
[I 2025-07-19 12:19:58,991] Trial 2046 finished with value: 47.09014415740967 and parameters: {'n_estimators': 3279, 'max_depth': 30, 'learning_rate': 0.1234332113374925}. Best is trial 321 with value: 41.67874455451965.
trail number 2058
[I 2025-07-19 12:20:02,837] Trial 2058 finished with value: 46.088170409202576 and parameters: {'n_estimators': 676, 'max_depth': 9, 'learning_rate': 0.06409436729583612}. Best is trial 321 with value: 41.67874455451965.
trail number 2055
[I 2025-07-19 12:20:02,955] Trial 2055 finished with value: 44.98701453208923 and parameters: {'n_estimators': 1154, 'max_depth': 6, 'learning_rate': 0.07632168319103996}. Best is trial 321 with value: 41.67874455451965.
trail number 2057
[I 2025-07-19 12:20:03,296] Trial 2057 finished with value: 44.71974849700928 and parameters: {'n_estimators': 941, 'max_depth': 6, 'learning_rate': 0.07564983913795574}. Best is trial 321 with value: 41.67874455451965.
trail number 2062
[I 2025-07-19 12:20:03,436] Trial 2062 finished with value: 54.50732946395874 and parameters: {'n_estimators': 10, 'max_depth': 7, 'learning_rate': 0.05445968477651633}. Best is trial 321 with value: 41.67874455451965.
trail number 2063
[I 2025-07-19 12:20:03,611] Trial 2063 finished with value: 48.858652114868164 and parameters: {'n_estimators': 12, 'max_depth': 8, 'learning_rate': 0.11242970835496875}. Best is trial 321 with value: 41.67874455451965.
trail number 2059
[I 2025-07-19 12:20:04,181] Trial 2059 finished with value: 46.6101610660553 and parameters: {'n_estimators': 495, 'max_depth': 10, 'learning_rate': 0.05479579155534139}. Best is trial 321 with value: 41.67874455451965.
trail number 2061
[I 2025-07-19 12:20:05,028] Trial 2061 finished with value: 43.774396777153015 and parameters: {'n_estimators': 516, 'max_depth': 3, 'learning_rate': 0.05499595680754625}. Best is trial 321 with value: 41.67874455451965.
trail number 2060
[I 2025-07-19 12:20:05,122] Trial 2060 finished with value: 44.32354152202606 and parameters: {'n_estimators': 556, 'max_depth': 3, 'learning_rate': 0.07610023058111964}. Best is trial 321 with value: 41.67874455451965.
trail number 2064
[I 2025-07-19 12:20:05,668] Trial 2064 finished with value: 44.524911642074585 and parameters: {'n_estimators': 539, 'max_depth': 3, 'learning_rate': 0.062336882841338766}. Best is trial 321 with value: 41.67874455451965.
trail number 2068
[I 2025-07-19 12:20:05,864] Trial 2068 finished with value: 51.66692495346069 and parameters: {'n_estimators': 14, 'max_depth': 8, 'learning_rate': 0.06729935935944258}. Best is trial 321 with value: 41.67874455451965.
trail number 2069
[I 2025-07-19 12:20:05,963] Trial 2069 finished with value: 45.59818089008331 and parameters: {'n_estimators': 13, 'max_depth': 3, 'learning_rate': 0.12683717447139845}. Best is trial 321 with value: 41.67874455451965.
trail number 2070
[I 2025-07-19 12:20:06,065] Trial 2070 finished with value: 54.67421054840088 and parameters: {'n_estimators': 14, 'max_depth': 3, 'learning_rate': 0.031598703616864815}. Best is trial 321 with value: 41.67874455451965.
trail number 2065
[I 2025-07-19 12:20:06,361] Trial 2065 finished with value: 44.68537986278534 and parameters: {'n_estimators': 544, 'max_depth': 3, 'learning_rate': 0.07756779267985432}. Best is trial 321 with value: 41.67874455451965.
trail number 2067
[I 2025-07-19 12:20:06,858] Trial 2067 finished with value: 43.75816524028778 and parameters: {'n_estimators': 431, 'max_depth': 3, 'learning_rate': 0.051791122291386445}. Best is trial 321 with value: 41.67874455451965.
trail number 2066
[I 2025-07-19 12:20:07,363] Trial 2066 finished with value: 43.59194576740265 and parameters: {'n_estimators': 590, 'max_depth': 3, 'learning_rate': 0.048355761607071876}. Best is trial 321 with value: 41.67874455451965.
trail number 2071
[I 2025-07-19 12:20:08,081] Trial 2071 finished with value: 44.52850818634033 and parameters: {'n_estimators': 551, 'max_depth': 3, 'learning_rate': 0.08043199174775181}. Best is trial 321 with value: 41.67874455451965.
trail number 2072
[I 2025-07-19 12:20:10,165] Trial 2072 finished with value: 44.44042980670929 and parameters: {'n_estimators': 554, 'max_depth': 6, 'learning_rate': 0.07702220599952578}. Best is trial 321 with value: 41.67874455451965.
trail number 2076
[I 2025-07-19 12:20:10,360] Trial 2076 finished with value: 46.37205183506012 and parameters: {'n_estimators': 20, 'max_depth': 6, 'learning_rate': 0.08937701251837422}. Best is trial 321 with value: 41.67874455451965.
trail number 2075
[I 2025-07-19 12:20:10,832] Trial 2075 finished with value: 44.466856718063354 and parameters: {'n_estimators': 398, 'max_depth': 6, 'learning_rate': 0.11483902650074425}. Best is trial 321 with value: 41.67874455451965.
trail number 2074
[I 2025-07-19 12:20:11,359] Trial 2074 finished with value: 46.48713946342468 and parameters: {'n_estimators': 701, 'max_depth': 7, 'learning_rate': 0.08035856468076501}. Best is trial 321 with value: 41.67874455451965.
trail number 2073
[I 2025-07-19 12:20:13,197] Trial 2073 finished with value: 47.367942333221436 and parameters: {'n_estimators': 3881, 'max_depth': 20, 'learning_rate': 0.20054033666254617}. Best is trial 321 with value: 41.67874455451965.
trail number 2077
[I 2025-07-19 12:20:13,398] Trial 2077 finished with value: 44.65491831302643 and parameters: {'n_estimators': 486, 'max_depth': 6, 'learning_rate': 0.11602789162174074}. Best is trial 321 with value: 41.67874455451965.
trail number 2078
[I 2025-07-19 12:20:15,700] Trial 2078 finished with value: 44.8576956987381 and parameters: {'n_estimators': 720, 'max_depth': 6, 'learning_rate': 0.04846731189921727}. Best is trial 321 with value: 41.67874455451965.
trail number 2080
[I 2025-07-19 12:20:15,897] Trial 2080 finished with value: 44.85096275806427 and parameters: {'n_estimators': 388, 'max_depth': 6, 'learning_rate': 0.04911156926062994}. Best is trial 321 with value: 41.67874455451965.
trail number 2079
[I 2025-07-19 12:20:18,525] Trial 2079 finished with value: 46.94277346134186 and parameters: {'n_estimators': 3557, 'max_depth': 14, 'learning_rate': 0.09956008980486408}. Best is trial 321 with value: 41.67874455451965.
trail number 2082
[I 2025-07-19 12:20:18,538] Trial 2082 finished with value: 46.18442356586456 and parameters: {'n_estimators': 864, 'max_depth': 3, 'learning_rate': 0.14166898739884892}. Best is trial 321 with value: 41.67874455451965.
trail number 2084
[I 2025-07-19 12:20:19,042] Trial 2084 finished with value: 44.47243869304657 and parameters: {'n_estimators': 60, 'max_depth': 6, 'learning_rate': 0.061106303835094036}. Best is trial 321 with value: 41.67874455451965.
trail number 2081
[I 2025-07-19 12:20:19,336] Trial 2081 finished with value: 45.729238390922546 and parameters: {'n_estimators': 717, 'max_depth': 7, 'learning_rate': 0.040396494263682345}. Best is trial 321 with value: 41.67874455451965.
trail number 2087
[I 2025-07-19 12:20:19,448] Trial 2087 finished with value: 51.243382692337036 and parameters: {'n_estimators': 17, 'max_depth': 3, 'learning_rate': 0.04182599447508163}. Best is trial 321 with value: 41.67874455451965.
trail number 2085
[I 2025-07-19 12:20:21,131] Trial 2085 finished with value: 44.83953595161438 and parameters: {'n_estimators': 360, 'max_depth': 6, 'learning_rate': 0.03721403824859015}. Best is trial 321 with value: 41.67874455451965.
trail number 2083
[I 2025-07-19 12:20:21,214] Trial 2083 finished with value: 44.80762422084808 and parameters: {'n_estimators': 778, 'max_depth': 6, 'learning_rate': 0.04874249485321142}. Best is trial 321 with value: 41.67874455451965.
trail number 2090
[I 2025-07-19 12:20:21,575] Trial 2090 finished with value: 45.1695442199707 and parameters: {'n_estimators': 42, 'max_depth': 6, 'learning_rate': 0.11075615863029223}. Best is trial 321 with value: 41.67874455451965.
trail number 2086
[I 2025-07-19 12:20:22,557] Trial 2086 finished with value: 44.3493914604187 and parameters: {'n_estimators': 490, 'max_depth': 6, 'learning_rate': 0.04411306444549716}. Best is trial 321 with value: 41.67874455451965.
trail number 2092
[I 2025-07-19 12:20:22,759] Trial 2092 finished with value: 42.7393114566803 and parameters: {'n_estimators': 43, 'max_depth': 3, 'learning_rate': 0.08154428865368507}. Best is trial 321 with value: 41.67874455451965.
trail number 2088
[I 2025-07-19 12:20:24,189] Trial 2088 finished with value: 45.44680416584015 and parameters: {'n_estimators': 1384, 'max_depth': 3, 'learning_rate': 0.09157098427976772}. Best is trial 321 with value: 41.67874455451965.
trail number 2093
[I 2025-07-19 12:20:24,416] Trial 2093 finished with value: 43.59499633312225 and parameters: {'n_estimators': 483, 'max_depth': 3, 'learning_rate': 0.046059879536922504}. Best is trial 321 with value: 41.67874455451965.
trail number 2089
[I 2025-07-19 12:20:25,510] Trial 2089 finished with value: 45.27985692024231 and parameters: {'n_estimators': 1268, 'max_depth': 3, 'learning_rate': 0.08184623114200831}. Best is trial 321 with value: 41.67874455451965.
trail number 2096
[I 2025-07-19 12:20:25,755] Trial 2096 finished with value: 43.013741970062256 and parameters: {'n_estimators': 56, 'max_depth': 3, 'learning_rate': 0.16788706735106296}. Best is trial 321 with value: 41.67874455451965.
trail number 2091
[I 2025-07-19 12:20:27,322] Trial 2091 finished with value: 44.69566822052002 and parameters: {'n_estimators': 1092, 'max_depth': 6, 'learning_rate': 0.06249135000273463}. Best is trial 321 with value: 41.67874455451965.
trail number 2095
[I 2025-07-19 12:20:27,990] Trial 2095 finished with value: 45.33948361873627 and parameters: {'n_estimators': 1088, 'max_depth': 3, 'learning_rate': 0.07956439052914076}. Best is trial 321 with value: 41.67874455451965.
trail number 2094
[I 2025-07-19 12:20:28,008] Trial 2094 finished with value: 45.696120262145996 and parameters: {'n_estimators': 1152, 'max_depth': 3, 'learning_rate': 0.07471030107617174}. Best is trial 321 with value: 41.67874455451965.
trail number 2100
[I 2025-07-19 12:20:28,487] Trial 2100 finished with value: 43.4776908159256 and parameters: {'n_estimators': 119, 'max_depth': 3, 'learning_rate': 0.11826687995851735}. Best is trial 321 with value: 41.67874455451965.
trail number 2097
[I 2025-07-19 12:20:29,180] Trial 2097 finished with value: 44.80598866939545 and parameters: {'n_estimators': 566, 'max_depth': 6, 'learning_rate': 0.10232227182697949}. Best is trial 321 with value: 41.67874455451965.
trail number 2099
[I 2025-07-19 12:20:29,831] Trial 2099 finished with value: 45.10142922401428 and parameters: {'n_estimators': 512, 'max_depth': 3, 'learning_rate': 0.1260215792162684}. Best is trial 321 with value: 41.67874455451965.
trail number 2103
[I 2025-07-19 12:20:30,004] Trial 2103 finished with value: 46.11560344696045 and parameters: {'n_estimators': 35, 'max_depth': 3, 'learning_rate': 0.04365365734765666}. Best is trial 321 with value: 41.67874455451965.
trail number 2101
[I 2025-07-19 12:20:30,410] Trial 2101 finished with value: 43.855716586112976 and parameters: {'n_estimators': 523, 'max_depth': 3, 'learning_rate': 0.08616052820373327}. Best is trial 321 with value: 41.67874455451965.
trail number 2105
[I 2025-07-19 12:20:30,554] Trial 2105 finished with value: 47.0486444234848 and parameters: {'n_estimators': 26, 'max_depth': 3, 'learning_rate': 0.04835116094546896}. Best is trial 321 with value: 41.67874455451965.
trail number 2106
[I 2025-07-19 12:20:30,744] Trial 2106 finished with value: 57.629544734954834 and parameters: {'n_estimators': 10, 'max_depth': 10, 'learning_rate': 0.03336988843070573}. Best is trial 321 with value: 41.67874455451965.
trail number 2098
[I 2025-07-19 12:20:32,648] Trial 2098 finished with value: 46.206215620040894 and parameters: {'n_estimators': 1210, 'max_depth': 10, 'learning_rate': 0.06914392707593021}. Best is trial 321 with value: 41.67874455451965.
trail number 2102
[I 2025-07-19 12:20:33,843] Trial 2102 finished with value: 46.67345404624939 and parameters: {'n_estimators': 1771, 'max_depth': 14, 'learning_rate': 0.13228466769372063}. Best is trial 321 with value: 41.67874455451965.
trail number 2107
[I 2025-07-19 12:20:34,156] Trial 2107 finished with value: 45.12405514717102 and parameters: {'n_estimators': 489, 'max_depth': 6, 'learning_rate': 0.037158772823501274}. Best is trial 321 with value: 41.67874455451965.
trail number 2109
[I 2025-07-19 12:20:34,480] Trial 2109 finished with value: 46.955283880233765 and parameters: {'n_estimators': 45, 'max_depth': 9, 'learning_rate': 0.05967378986111569}. Best is trial 321 with value: 41.67874455451965.
trail number 2110
[I 2025-07-19 12:20:34,700] Trial 2110 finished with value: 44.74073052406311 and parameters: {'n_estimators': 57, 'max_depth': 6, 'learning_rate': 0.09694845428320348}. Best is trial 321 with value: 41.67874455451965.
trail number 2111
[I 2025-07-19 12:20:35,077] Trial 2111 finished with value: 44.224900007247925 and parameters: {'n_estimators': 66, 'max_depth': 6, 'learning_rate': 0.07820384434373091}. Best is trial 321 with value: 41.67874455451965.
trail number 2104
[I 2025-07-19 12:20:35,373] Trial 2104 finished with value: 46.83202862739563 and parameters: {'n_estimators': 3017, 'max_depth': 30, 'learning_rate': 0.27225361509586804}. Best is trial 321 with value: 41.67874455451965.
trail number 2108
[I 2025-07-19 12:20:35,766] Trial 2108 finished with value: 45.50852060317993 and parameters: {'n_estimators': 399, 'max_depth': 6, 'learning_rate': 0.04694099006290792}. Best is trial 321 with value: 41.67874455451965.
trail number 2115
[I 2025-07-19 12:20:36,000] Trial 2115 finished with value: 51.79283678531647 and parameters: {'n_estimators': 50, 'max_depth': 3, 'learning_rate': 0.013509217030847155}. Best is trial 321 with value: 41.67874455451965.
trail number 2112
[I 2025-07-19 12:20:36,417] Trial 2112 finished with value: 44.712631702423096 and parameters: {'n_estimators': 394, 'max_depth': 3, 'learning_rate': 0.08661191001003003}. Best is trial 321 with value: 41.67874455451965.
trail number 2117
[I 2025-07-19 12:20:36,623] Trial 2117 finished with value: 46.58729076385498 and parameters: {'n_estimators': 21, 'max_depth': 6, 'learning_rate': 0.09227193052029806}. Best is trial 321 with value: 41.67874455451965.
trail number 2118
[I 2025-07-19 12:20:36,891] Trial 2118 finished with value: 50.4570746421814 and parameters: {'n_estimators': 13, 'max_depth': 13, 'learning_rate': 0.09210325263564936}. Best is trial 321 with value: 41.67874455451965.
trail number 2116
[I 2025-07-19 12:20:37,730] Trial 2116 finished with value: 43.28908681869507 and parameters: {'n_estimators': 417, 'max_depth': 3, 'learning_rate': 0.04608089762417869}. Best is trial 321 with value: 41.67874455451965.
trail number 2120
[I 2025-07-19 12:20:37,920] Trial 2120 finished with value: 49.85345959663391 and parameters: {'n_estimators': 19, 'max_depth': 6, 'learning_rate': 0.05244954621851757}. Best is trial 321 with value: 41.67874455451965.
trail number 2121
[I 2025-07-19 12:20:38,129] Trial 2121 finished with value: 43.211679458618164 and parameters: {'n_estimators': 42, 'max_depth': 3, 'learning_rate': 0.06333310299372023}. Best is trial 321 with value: 41.67874455451965.
trail number 2119
[I 2025-07-19 12:20:38,928] Trial 2119 finished with value: 43.49987745285034 and parameters: {'n_estimators': 522, 'max_depth': 3, 'learning_rate': 0.05575804967447133}. Best is trial 321 with value: 41.67874455451965.
trail number 2123
[I 2025-07-19 12:20:39,086] Trial 2123 finished with value: 43.58751714229584 and parameters: {'n_estimators': 29, 'max_depth': 3, 'learning_rate': 0.079923153513548}. Best is trial 321 with value: 41.67874455451965.
trail number 2114
[I 2025-07-19 12:20:40,158] Trial 2114 finished with value: 43.75595450401306 and parameters: {'n_estimators': 604, 'max_depth': 6, 'learning_rate': 0.04658269405960905}. Best is trial 321 with value: 41.67874455451965.
trail number 2125
[I 2025-07-19 12:20:44,040] Trial 2125 finished with value: 44.94841516017914 and parameters: {'n_estimators': 1241, 'max_depth': 3, 'learning_rate': 0.056836474026105505}. Best is trial 321 with value: 41.67874455451965.
trail number 2122
