[I 2025-07-19 12:27:19,175] Trial 2678 finished with value: 52.81442403793335 and parameters: {'n_estimators': 16, 'max_depth': 6, 'learning_rate': 0.04241106392872038}. Best is trial 321 with value: 41.67874455451965.
trail number 2679
[I 2025-07-19 12:27:19,437] Trial 2679 finished with value: 48.88787627220154 and parameters: {'n_estimators': 19, 'max_depth': 8, 'learning_rate': 0.07924740723877499}. Best is trial 321 with value: 41.67874455451965.
trail number 2674
[I 2025-07-19 12:27:22,287] Trial 2674 finished with value: 45.84778606891632 and parameters: {'n_estimators': 4061, 'max_depth': 9, 'learning_rate': 0.1999285310208085}. Best is trial 321 with value: 41.67874455451965.
trail number 2680
[I 2025-07-19 12:27:23,677] Trial 2680 finished with value: 46.69073283672333 and parameters: {'n_estimators': 987, 'max_depth': 9, 'learning_rate': 0.07581115433593992}. Best is trial 321 with value: 41.67874455451965.
trail number 2676
[I 2025-07-19 12:27:24,052] Trial 2676 finished with value: 46.66570007801056 and parameters: {'n_estimators': 1984, 'max_depth': 25, 'learning_rate': 0.08770956217351113}. Best is trial 321 with value: 41.67874455451965.
trail number 2677
[I 2025-07-19 12:27:26,469] Trial 2677 finished with value: 44.92323398590088 and parameters: {'n_estimators': 1096, 'max_depth': 6, 'learning_rate': 0.03682367163186798}. Best is trial 321 with value: 41.67874455451965.
trail number 2683
[I 2025-07-19 12:27:26,543] Trial 2683 finished with value: 46.697805523872375 and parameters: {'n_estimators': 511, 'max_depth': 10, 'learning_rate': 0.1251794019208716}. Best is trial 321 with value: 41.67874455451965.
trail number 2681
[I 2025-07-19 12:27:27,021] Trial 2681 finished with value: 46.68481707572937 and parameters: {'n_estimators': 725, 'max_depth': 9, 'learning_rate': 0.06253368446974555}. Best is trial 321 with value: 41.67874455451965.
trail number 2682
[I 2025-07-19 12:27:27,298] Trial 2682 finished with value: 45.166802406311035 and parameters: {'n_estimators': 1049, 'max_depth': 3, 'learning_rate': 0.05730838975492833}. Best is trial 321 with value: 41.67874455451965.
trail number 2684
[I 2025-07-19 12:27:28,221] Trial 2684 finished with value: 43.288360834121704 and parameters: {'n_estimators': 468, 'max_depth': 3, 'learning_rate': 0.04057681472701215}. Best is trial 321 with value: 41.67874455451965.
trail number 2688
[I 2025-07-19 12:27:28,600] Trial 2688 finished with value: 47.7412486076355 and parameters: {'n_estimators': 91, 'max_depth': 3, 'learning_rate': 0.013004725577584662}. Best is trial 321 with value: 41.67874455451965.
trail number 2685
[I 2025-07-19 12:27:28,766] Trial 2685 finished with value: 45.011940002441406 and parameters: {'n_estimators': 591, 'max_depth': 3, 'learning_rate': 0.07508349468645378}. Best is trial 321 with value: 41.67874455451965.
trail number 2687
[I 2025-07-19 12:27:29,135] Trial 2687 finished with value: 44.227750301361084 and parameters: {'n_estimators': 486, 'max_depth': 3, 'learning_rate': 0.08054713612216653}. Best is trial 321 with value: 41.67874455451965.
trail number 2691
[I 2025-07-19 12:27:29,377] Trial 2691 finished with value: 42.12748110294342 and parameters: {'n_estimators': 50, 'max_depth': 3, 'learning_rate': 0.14639274128031027}. Best is trial 321 with value: 41.67874455451965.
trail number 2692
[I 2025-07-19 12:27:29,598] Trial 2692 finished with value: 42.97168016433716 and parameters: {'n_estimators': 43, 'max_depth': 3, 'learning_rate': 0.09256159173934933}. Best is trial 321 with value: 41.67874455451965.
trail number 2693
[I 2025-07-19 12:27:31,693] Trial 2693 finished with value: 44.57356572151184 and parameters: {'n_estimators': 605, 'max_depth': 3, 'learning_rate': 0.08798319220369186}. Best is trial 321 with value: 41.67874455451965.
trail number 2689
[I 2025-07-19 12:27:35,103] Trial 2689 finished with value: 46.135390400886536 and parameters: {'n_estimators': 558, 'max_depth': 10, 'learning_rate': 0.044109059322088945}. Best is trial 321 with value: 41.67874455451965.
trail number 2690
[I 2025-07-19 12:27:35,285] Trial 2690 finished with value: 46.5958034992218 and parameters: {'n_estimators': 4169, 'max_depth': 30, 'learning_rate': 0.24098926631029893}. Best is trial 321 with value: 41.67874455451965.
trail number 2696
[I 2025-07-19 12:27:35,559] Trial 2696 finished with value: 49.3325138092041 and parameters: {'n_estimators': 24, 'max_depth': 7, 'learning_rate': 0.05279132714405135}. Best is trial 321 with value: 41.67874455451965.
trail number 2697
[I 2025-07-19 12:27:35,874] Trial 2697 finished with value: 45.31518638134003 and parameters: {'n_estimators': 27, 'max_depth': 7, 'learning_rate': 0.1299147044307502}. Best is trial 321 with value: 41.67874455451965.
trail number 2694
[I 2025-07-19 12:27:38,196] Trial 2694 finished with value: 46.02305233478546 and parameters: {'n_estimators': 776, 'max_depth': 7, 'learning_rate': 0.01008184458805838}. Best is trial 321 with value: 41.67874455451965.
trail number 2699
[I 2025-07-19 12:27:38,406] Trial 2699 finished with value: 43.67206633090973 and parameters: {'n_estimators': 42, 'max_depth': 3, 'learning_rate': 0.054196470357951325}. Best is trial 321 with value: 41.67874455451965.
trail number 2700
[I 2025-07-19 12:27:38,576] Trial 2700 finished with value: 44.87499952316284 and parameters: {'n_estimators': 18, 'max_depth': 5, 'learning_rate': 0.12715956748581814}. Best is trial 321 with value: 41.67874455451965.
trail number 2698
[I 2025-07-19 12:27:41,123] Trial 2698 finished with value: 44.699084758758545 and parameters: {'n_estimators': 766, 'max_depth': 6, 'learning_rate': 0.03456326677031506}. Best is trial 321 with value: 41.67874455451965.
trail number 2686
[I 2025-07-19 12:27:41,458] Trial 2686 finished with value: 46.27254903316498 and parameters: {'n_estimators': 4745, 'max_depth': 10, 'learning_rate': 0.03036314388297834}. Best is trial 321 with value: 41.67874455451965.
trail number 2701
[I 2025-07-19 12:27:42,342] Trial 2701 finished with value: 44.164459109306335 and parameters: {'n_estimators': 1138, 'max_depth': 3, 'learning_rate': 0.03216658832219266}. Best is trial 321 with value: 41.67874455451965.
trail number 2702
[I 2025-07-19 12:27:42,930] Trial 2702 finished with value: 43.80332946777344 and parameters: {'n_estimators': 506, 'max_depth': 3, 'learning_rate': 0.03621049054768871}. Best is trial 321 with value: 41.67874455451965.
trail number 2695
[I 2025-07-19 12:27:43,300] Trial 2695 finished with value: 44.288931488990784 and parameters: {'n_estimators': 1179, 'max_depth': 6, 'learning_rate': 0.04521332243055225}. Best is trial 321 with value: 41.67874455451965.
trail number 2706
[I 2025-07-19 12:27:46,479] Trial 2706 finished with value: 44.54347014427185 and parameters: {'n_estimators': 683, 'max_depth': 6, 'learning_rate': 0.11594201826442388}. Best is trial 321 with value: 41.67874455451965.
trail number 2707
[I 2025-07-19 12:27:46,681] Trial 2707 finished with value: 42.786840200424194 and parameters: {'n_estimators': 36, 'max_depth': 3, 'learning_rate': 0.11570515224312095}. Best is trial 321 with value: 41.67874455451965.
trail number 2705
[I 2025-07-19 12:27:47,791] Trial 2705 finished with value: 44.46933209896088 and parameters: {'n_estimators': 806, 'max_depth': 6, 'learning_rate': 0.07708065645489487}. Best is trial 321 with value: 41.67874455451965.
trail number 2709
[I 2025-07-19 12:27:48,026] Trial 2709 finished with value: 51.23590648174286 and parameters: {'n_estimators': 24, 'max_depth': 6, 'learning_rate': 0.03608424044977416}. Best is trial 321 with value: 41.67874455451965.
trail number 2704
[I 2025-07-19 12:27:48,648] Trial 2704 finished with value: 44.65590298175812 and parameters: {'n_estimators': 1326, 'max_depth': 6, 'learning_rate': 0.06751104909504227}. Best is trial 321 with value: 41.67874455451965.
trail number 2703
[I 2025-07-19 12:27:48,667] Trial 2703 finished with value: 46.90110146999359 and parameters: {'n_estimators': 3634, 'max_depth': 22, 'learning_rate': 0.15010459721636726}. Best is trial 321 with value: 41.67874455451965.
trail number 2710
[I 2025-07-19 12:27:50,224] Trial 2710 finished with value: 45.152801275253296 and parameters: {'n_estimators': 619, 'max_depth': 3, 'learning_rate': 0.10511154374829888}. Best is trial 321 with value: 41.67874455451965.
trail number 2708
[I 2025-07-19 12:27:50,763] Trial 2708 finished with value: 46.802083253860474 and parameters: {'n_estimators': 2150, 'max_depth': 27, 'learning_rate': 0.2797321142511947}. Best is trial 321 with value: 41.67874455451965.
trail number 2714
[I 2025-07-19 12:27:50,940] Trial 2714 finished with value: 49.503520131111145 and parameters: {'n_estimators': 16, 'max_depth': 6, 'learning_rate': 0.06674987983561279}. Best is trial 321 with value: 41.67874455451965.
trail number 2712
[I 2025-07-19 12:27:51,445] Trial 2712 finished with value: 44.64040279388428 and parameters: {'n_estimators': 372, 'max_depth': 6, 'learning_rate': 0.07501254807091562}. Best is trial 321 with value: 41.67874455451965.
trail number 2716
[I 2025-07-19 12:27:51,592] Trial 2716 finished with value: 59.41731154918671 and parameters: {'n_estimators': 12, 'max_depth': 6, 'learning_rate': 0.0164403962350972}. Best is trial 321 with value: 41.67874455451965.
trail number 2711
[I 2025-07-19 12:27:52,224] Trial 2711 finished with value: 44.52360510826111 and parameters: {'n_estimators': 465, 'max_depth': 6, 'learning_rate': 0.06451747245840223}. Best is trial 321 with value: 41.67874455451965.
trail number 2717
[I 2025-07-19 12:27:54,145] Trial 2717 finished with value: 43.80643427371979 and parameters: {'n_estimators': 741, 'max_depth': 3, 'learning_rate': 0.03670518561648497}. Best is trial 321 with value: 41.67874455451965.
trail number 2713
[I 2025-07-19 12:27:54,470] Trial 2713 finished with value: 44.22139048576355 and parameters: {'n_estimators': 559, 'max_depth': 6, 'learning_rate': 0.06109836997431073}. Best is trial 321 with value: 41.67874455451965.
trail number 2720
[I 2025-07-19 12:27:54,583] Trial 2720 finished with value: 59.12871778011322 and parameters: {'n_estimators': 14, 'max_depth': 3, 'learning_rate': 0.013324812378105864}. Best is trial 321 with value: 41.67874455451965.
trail number 2715
[I 2025-07-19 12:27:56,506] Trial 2715 finished with value: 46.000205278396606 and parameters: {'n_estimators': 466, 'max_depth': 9, 'learning_rate': 0.03760967847186643}. Best is trial 321 with value: 41.67874455451965.
trail number 2718
[I 2025-07-19 12:27:57,004] Trial 2718 finished with value: 44.828404784202576 and parameters: {'n_estimators': 677, 'max_depth': 6, 'learning_rate': 0.040803576474816805}. Best is trial 321 with value: 41.67874455451965.
trail number 2719
[I 2025-07-19 12:27:58,498] Trial 2719 finished with value: 44.34852063655853 and parameters: {'n_estimators': 615, 'max_depth': 6, 'learning_rate': 0.04744707786717675}. Best is trial 321 with value: 41.67874455451965.
trail number 2722
[I 2025-07-19 12:27:58,927] Trial 2722 finished with value: 43.11470150947571 and parameters: {'n_estimators': 697, 'max_depth': 3, 'learning_rate': 0.04345092402951985}. Best is trial 321 with value: 41.67874455451965.
trail number 2723
[I 2025-07-19 12:28:00,098] Trial 2723 finished with value: 45.83613336086273 and parameters: {'n_estimators': 581, 'max_depth': 7, 'learning_rate': 0.10499677304330274}. Best is trial 321 with value: 41.67874455451965.
trail number 2724
[I 2025-07-19 12:28:00,243] Trial 2724 finished with value: 43.619185090065 and parameters: {'n_estimators': 494, 'max_depth': 3, 'learning_rate': 0.05501453733751886}. Best is trial 321 with value: 41.67874455451965.
trail number 2721
[I 2025-07-19 12:28:00,801] Trial 2721 finished with value: 45.65228819847107 and parameters: {'n_estimators': 1828, 'max_depth': 3, 'learning_rate': 0.07823308366404517}. Best is trial 321 with value: 41.67874455451965.
trail number 2728
[I 2025-07-19 12:28:00,998] Trial 2728 finished with value: 44.14682328701019 and parameters: {'n_estimators': 38, 'max_depth': 3, 'learning_rate': 0.05504809567063317}. Best is trial 321 with value: 41.67874455451965.
trail number 2729
[I 2025-07-19 12:28:01,264] Trial 2729 finished with value: 44.28113400936127 and parameters: {'n_estimators': 34, 'max_depth': 5, 'learning_rate': 0.0892515202635149}. Best is trial 321 with value: 41.67874455451965.
trail number 2727
[I 2025-07-19 12:28:02,631] Trial 2727 finished with value: 44.195770621299744 and parameters: {'n_estimators': 636, 'max_depth': 3, 'learning_rate': 0.08895213369464641}. Best is trial 321 with value: 41.67874455451965.
trail number 2725
[I 2025-07-19 12:28:02,781] Trial 2725 finished with value: 45.719472765922546 and parameters: {'n_estimators': 1043, 'max_depth': 3, 'learning_rate': 0.0954852637008066}. Best is trial 321 with value: 41.67874455451965.
trail number 2730
[I 2025-07-19 12:28:03,879] Trial 2730 finished with value: 46.01688027381897 and parameters: {'n_estimators': 1144, 'max_depth': 8, 'learning_rate': 0.19504379386793125}. Best is trial 321 with value: 41.67874455451965.
trail number 2726
[I 2025-07-19 12:28:04,329] Trial 2726 finished with value: 44.3497633934021 and parameters: {'n_estimators': 654, 'max_depth': 6, 'learning_rate': 0.09040734078609537}. Best is trial 321 with value: 41.67874455451965.
trail number 2732
[I 2025-07-19 12:28:04,768] Trial 2732 finished with value: 43.3259117603302 and parameters: {'n_estimators': 552, 'max_depth': 3, 'learning_rate': 0.04756782903084352}. Best is trial 321 with value: 41.67874455451965.
trail number 2734
[I 2025-07-19 12:28:04,973] Trial 2734 finished with value: 46.75128161907196 and parameters: {'n_estimators': 45, 'max_depth': 9, 'learning_rate': 0.07608291050870337}. Best is trial 321 with value: 41.67874455451965.
trail number 2731
[I 2025-07-19 12:28:06,037] Trial 2731 finished with value: 46.44740164279938 and parameters: {'n_estimators': 751, 'max_depth': 9, 'learning_rate': 0.10179696836061422}. Best is trial 321 with value: 41.67874455451965.
trail number 2733
[I 2025-07-19 12:28:07,458] Trial 2733 finished with value: 44.95335042476654 and parameters: {'n_estimators': 507, 'max_depth': 6, 'learning_rate': 0.0880204081647895}. Best is trial 321 with value: 41.67874455451965.
trail number 2738
[I 2025-07-19 12:28:07,767] Trial 2738 finished with value: 44.37514364719391 and parameters: {'n_estimators': 40, 'max_depth': 5, 'learning_rate': 0.0655140125699246}. Best is trial 321 with value: 41.67874455451965.
trail number 2735
[I 2025-07-19 12:28:09,099] Trial 2735 finished with value: 44.75768446922302 and parameters: {'n_estimators': 1254, 'max_depth': 3, 'learning_rate': 0.043849510514588276}. Best is trial 321 with value: 41.67874455451965.
trail number 2740
[I 2025-07-19 12:28:09,238] Trial 2740 finished with value: 45.351372957229614 and parameters: {'n_estimators': 20, 'max_depth': 3, 'learning_rate': 0.08482040345160981}. Best is trial 321 with value: 41.67874455451965.
trail number 2736
[I 2025-07-19 12:28:09,317] Trial 2736 finished with value: 44.54570710659027 and parameters: {'n_estimators': 1289, 'max_depth': 3, 'learning_rate': 0.03216206387945639}. Best is trial 321 with value: 41.67874455451965.
trail number 2742
[I 2025-07-19 12:28:09,912] Trial 2742 finished with value: 44.684609174728394 and parameters: {'n_estimators': 72, 'max_depth': 6, 'learning_rate': 0.07731466056244218}. Best is trial 321 with value: 41.67874455451965.
trail number 2739
[I 2025-07-19 12:28:11,348] Trial 2739 finished with value: 44.66683328151703 and parameters: {'n_estimators': 1025, 'max_depth': 3, 'learning_rate': 0.04293380098226132}. Best is trial 321 with value: 41.67874455451965.
trail number 2743
[I 2025-07-19 12:28:11,683] Trial 2743 finished with value: 44.47009325027466 and parameters: {'n_estimators': 499, 'max_depth': 3, 'learning_rate': 0.07801642536608971}. Best is trial 321 with value: 41.67874455451965.
trail number 2745
[I 2025-07-19 12:28:12,002] Trial 2745 finished with value: 50.05969166755676 and parameters: {'n_estimators': 73, 'max_depth': 3, 'learning_rate': 0.011628442560970446}. Best is trial 321 with value: 41.67874455451965.
trail number 2737
[I 2025-07-19 12:28:12,715] Trial 2737 finished with value: 44.90005075931549 and parameters: {'n_estimators': 1238, 'max_depth': 6, 'learning_rate': 0.059845169243217436}. Best is trial 321 with value: 41.67874455451965.
trail number 2741
[I 2025-07-19 12:28:12,805] Trial 2741 finished with value: 44.30099606513977 and parameters: {'n_estimators': 986, 'max_depth': 6, 'learning_rate': 0.14020778398319006}. Best is trial 321 with value: 41.67874455451965.
trail number 2747
[I 2025-07-19 12:28:14,422] Trial 2747 finished with value: 43.64159822463989 and parameters: {'n_estimators': 489, 'max_depth': 3, 'learning_rate': 0.041041617791752506}. Best is trial 321 with value: 41.67874455451965.
trail number 2748
[I 2025-07-19 12:28:16,977] Trial 2748 finished with value: 44.726600646972656 and parameters: {'n_estimators': 605, 'max_depth': 6, 'learning_rate': 0.017088151970509516}. Best is trial 321 with value: 41.67874455451965.
trail number 2746
[I 2025-07-19 12:28:18,045] Trial 2746 finished with value: 46.873096227645874 and parameters: {'n_estimators': 4044, 'max_depth': 14, 'learning_rate': 0.2549362830656374}. Best is trial 321 with value: 41.67874455451965.
trail number 2744
[I 2025-07-19 12:28:18,797] Trial 2744 finished with value: 46.158610582351685 and parameters: {'n_estimators': 3864, 'max_depth': 7, 'learning_rate': 0.09279240548147993}. Best is trial 321 with value: 41.67874455451965.
trail number 2750
[I 2025-07-19 12:28:19,024] Trial 2750 finished with value: 43.641459345817566 and parameters: {'n_estimators': 557, 'max_depth': 3, 'learning_rate': 0.06485498912212405}. Best is trial 321 with value: 41.67874455451965.
trail number 2752
[I 2025-07-19 12:28:21,457] Trial 2752 finished with value: 43.417208194732666 and parameters: {'n_estimators': 470, 'max_depth': 5, 'learning_rate': 0.011106403602302056}. Best is trial 321 with value: 41.67874455451965.
trail number 2751
[I 2025-07-19 12:28:22,224] Trial 2751 finished with value: 45.26475965976715 and parameters: {'n_estimators': 1216, 'max_depth': 3, 'learning_rate': 0.08757887353485196}. Best is trial 321 with value: 41.67874455451965.
trail number 2755
[I 2025-07-19 12:28:22,451] Trial 2755 finished with value: 43.215118646621704 and parameters: {'n_estimators': 45, 'max_depth': 3, 'learning_rate': 0.06840097018193982}. Best is trial 321 with value: 41.67874455451965.
trail number 2753
[I 2025-07-19 12:28:23,157] Trial 2753 finished with value: 45.10203719139099 and parameters: {'n_estimators': 1196, 'max_depth': 3, 'learning_rate': 0.10587055304554474}. Best is trial 321 with value: 41.67874455451965.
trail number 2757
[I 2025-07-19 12:28:23,269] Trial 2757 finished with value: 54.19816851615906 and parameters: {'n_estimators': 13, 'max_depth': 3, 'learning_rate': 0.036115489268812064}. Best is trial 321 with value: 41.67874455451965.
trail number 2749
[I 2025-07-19 12:28:23,835] Trial 2749 finished with value: 46.83068335056305 and parameters: {'n_estimators': 4633, 'max_depth': 22, 'learning_rate': 0.11028536257320773}. Best is trial 321 with value: 41.67874455451965.
trail number 2758
[I 2025-07-19 12:28:24,160] Trial 2758 finished with value: 47.52708315849304 and parameters: {'n_estimators': 47, 'max_depth': 12, 'learning_rate': 0.050879246049578136}. Best is trial 321 with value: 41.67874455451965.
trail number 2754
[I 2025-07-19 12:28:24,628] Trial 2754 finished with value: 45.59395670890808 and parameters: {'n_estimators': 774, 'max_depth': 3, 'learning_rate': 0.13475448938706247}. Best is trial 321 with value: 41.67874455451965.
trail number 2761
[I 2025-07-19 12:28:24,788] Trial 2761 finished with value: 50.38146913051605 and parameters: {'n_estimators': 10, 'max_depth': 8, 'learning_rate': 0.11123917027407146}. Best is trial 321 with value: 41.67874455451965.
trail number 2760
[I 2025-07-19 12:28:27,001] Trial 2760 finished with value: 46.538094878196716 and parameters: {'n_estimators': 225, 'max_depth': 22, 'learning_rate': 0.15410939144080976}. Best is trial 321 with value: 41.67874455451965.
trail number 2763
[I 2025-07-19 12:28:27,144] Trial 2763 finished with value: 50.23316264152527 and parameters: {'n_estimators': 11, 'max_depth': 6, 'learning_rate': 0.08869005184458321}. Best is trial 321 with value: 41.67874455451965.
trail number 2756
[I 2025-07-19 12:28:28,375] Trial 2756 finished with value: 46.74762189388275 and parameters: {'n_estimators': 558, 'max_depth': 8, 'learning_rate': 0.044260885869995326}. Best is trial 321 with value: 41.67874455451965.
trail number 2762
[I 2025-07-19 12:28:29,226] Trial 2762 finished with value: 44.91820812225342 and parameters: {'n_estimators': 2677, 'max_depth': 6, 'learning_rate': 0.20784832327319183}. Best is trial 321 with value: 41.67874455451965.
trail number 2759
[I 2025-07-19 12:28:30,520] Trial 2759 finished with value: 45.841729044914246 and parameters: {'n_estimators': 602, 'max_depth': 9, 'learning_rate': 0.04246415517034724}. Best is trial 321 with value: 41.67874455451965.
trail number 2766
[I 2025-07-19 12:28:31,241] Trial 2766 finished with value: 43.092241287231445 and parameters: {'n_estimators': 605, 'max_depth': 3, 'learning_rate': 0.03176150452604475}. Best is trial 321 with value: 41.67874455451965.
trail number 2768
[I 2025-07-19 12:28:31,446] Trial 2768 finished with value: 53.035146594047546 and parameters: {'n_estimators': 20, 'max_depth': 6, 'learning_rate': 0.03296688867489122}. Best is trial 321 with value: 41.67874455451965.
trail number 2767
[I 2025-07-19 12:28:33,765] Trial 2767 finished with value: 45.36989510059357 and parameters: {'n_estimators': 650, 'max_depth': 6, 'learning_rate': 0.11344756291699294}. Best is trial 321 with value: 41.67874455451965.
trail number 2769
