[I 2025-07-19 11:55:27,284] Trial 94 finished with value: 44.738107323646545 and parameters: {'n_estimators': 1251, 'max_depth': 3, 'learning_rate': 0.03657321006797482}. Best is trial 81 with value: 41.98687553405762.
trail number 89
[I 2025-07-19 11:55:27,535] Trial 89 finished with value: 45.95083773136139 and parameters: {'n_estimators': 647, 'max_depth': 8, 'learning_rate': 0.015956603949830995}. Best is trial 81 with value: 41.98687553405762.
trail number 90
[I 2025-07-19 11:55:29,768] Trial 90 finished with value: 47.410162687301636 and parameters: {'n_estimators': 553, 'max_depth': 12, 'learning_rate': 0.03822424822373015}. Best is trial 81 with value: 41.98687553405762.
trail number 96
[I 2025-07-19 11:55:30,180] Trial 96 finished with value: 47.304710149765015 and parameters: {'n_estimators': 191, 'max_depth': 12, 'learning_rate': 0.044412859774882754}. Best is trial 81 with value: 41.98687553405762.
trail number 99
[I 2025-07-19 11:55:30,888] Trial 99 finished with value: 42.118685841560364 and parameters: {'n_estimators': 221, 'max_depth': 3, 'learning_rate': 0.045817997180284335}. Best is trial 81 with value: 41.98687553405762.
trail number 98
[I 2025-07-19 11:55:32,594] Trial 98 finished with value: 46.70921981334686 and parameters: {'n_estimators': 1447, 'max_depth': 28, 'learning_rate': 0.27788338905385457}. Best is trial 81 with value: 41.98687553405762.
trail number 95
[I 2025-07-19 11:55:35,041] Trial 95 finished with value: 46.96732461452484 and parameters: {'n_estimators': 633, 'max_depth': 13, 'learning_rate': 0.03786138296476597}. Best is trial 81 with value: 41.98687553405762.
trail number 97
[I 2025-07-19 11:55:35,058] Trial 97 finished with value: 46.863630414009094 and parameters: {'n_estimators': 591, 'max_depth': 13, 'learning_rate': 0.042666255132110725}. Best is trial 81 with value: 41.98687553405762.
trail number 100
[I 2025-07-19 11:55:35,513] Trial 100 finished with value: 47.463387846946716 and parameters: {'n_estimators': 2953, 'max_depth': 17, 'learning_rate': 0.2506336038389766}. Best is trial 81 with value: 41.98687553405762.
trail number 101
[I 2025-07-19 11:55:35,652] Trial 101 finished with value: 45.57191491127014 and parameters: {'n_estimators': 936, 'max_depth': 3, 'learning_rate': 0.07853932991987617}. Best is trial 81 with value: 41.98687553405762.
trail number 103
[I 2025-07-19 11:55:35,905] Trial 103 finished with value: 42.27676510810852 and parameters: {'n_estimators': 251, 'max_depth': 3, 'learning_rate': 0.037572995800093385}. Best is trial 81 with value: 41.98687553405762.
trail number 102
[I 2025-07-19 11:55:36,748] Trial 102 finished with value: 41.98820352554321 and parameters: {'n_estimators': 506, 'max_depth': 3, 'learning_rate': 0.010737115445997508}. Best is trial 81 with value: 41.98687553405762.
trail number 104
[I 2025-07-19 11:55:36,839] Trial 104 finished with value: 43.78163993358612 and parameters: {'n_estimators': 399, 'max_depth': 3, 'learning_rate': 0.05409188615285871}. Best is trial 81 with value: 41.98687553405762.
trail number 107
[I 2025-07-19 11:55:37,006] Trial 107 finished with value: 43.49832594394684 and parameters: {'n_estimators': 66, 'max_depth': 3, 'learning_rate': 0.04268922826071473}. Best is trial 81 with value: 41.98687553405762.
trail number 108
[I 2025-07-19 11:55:37,011] Trial 108 finished with value: 45.97362220287323 and parameters: {'n_estimators': 42, 'max_depth': 3, 'learning_rate': 0.03641115720587653}. Best is trial 81 with value: 41.98687553405762.
trail number 105
[I 2025-07-19 11:55:37,979] Trial 105 finished with value: 44.913732409477234 and parameters: {'n_estimators': 702, 'max_depth': 3, 'learning_rate': 0.06412772857617274}. Best is trial 81 with value: 41.98687553405762.
trail number 110
[I 2025-07-19 11:55:37,992] Trial 110 finished with value: 42.05122530460358 and parameters: {'n_estimators': 306, 'max_depth': 3, 'learning_rate': 0.01967393500184634}. Best is trial 81 with value: 41.98687553405762.
trail number 106
[I 2025-07-19 11:55:38,133] Trial 106 finished with value: 42.04285442829132 and parameters: {'n_estimators': 671, 'max_depth': 3, 'learning_rate': 0.012697551558716708}. Best is trial 81 with value: 41.98687553405762.
trail number 109
[I 2025-07-19 11:55:38,164] Trial 109 finished with value: 45.3936243057251 and parameters: {'n_estimators': 162, 'max_depth': 6, 'learning_rate': 0.019528863715217205}. Best is trial 81 with value: 41.98687553405762.
trail number 113
[I 2025-07-19 11:55:40,528] Trial 113 finished with value: 46.55062258243561 and parameters: {'n_estimators': 213, 'max_depth': 9, 'learning_rate': 0.021511102467511346}. Best is trial 81 with value: 41.98687553405762.
trail number 112
[I 2025-07-19 11:55:40,596] Trial 112 finished with value: 46.529844999313354 and parameters: {'n_estimators': 264, 'max_depth': 8, 'learning_rate': 0.027284375135544107}. Best is trial 81 with value: 41.98687553405762.
trail number 111
[I 2025-07-19 11:55:40,638] Trial 111 finished with value: 42.07063138484955 and parameters: {'n_estimators': 853, 'max_depth': 3, 'learning_rate': 0.010159449880824354}. Best is trial 81 with value: 41.98687553405762.
trail number 116
[I 2025-07-19 11:55:41,807] Trial 116 finished with value: 42.0502108335495 and parameters: {'n_estimators': 369, 'max_depth': 3, 'learning_rate': 0.014959698899977187}. Best is trial 81 with value: 41.98687553405762.
trail number 114
[I 2025-07-19 11:55:41,954] Trial 114 finished with value: 43.59656274318695 and parameters: {'n_estimators': 921, 'max_depth': 4, 'learning_rate': 0.013288200514048708}. Best is trial 81 with value: 41.98687553405762.
trail number 119
[I 2025-07-19 11:55:45,019] Trial 119 finished with value: 43.106881976127625 and parameters: {'n_estimators': 742, 'max_depth': 4, 'learning_rate': 0.011875408754827052}. Best is trial 81 with value: 41.98687553405762.
trail number 117
[I 2025-07-19 11:55:46,879] Trial 117 finished with value: 43.78257513046265 and parameters: {'n_estimators': 1206, 'max_depth': 5, 'learning_rate': 0.01785875539885638}. Best is trial 81 with value: 41.98687553405762.
trail number 120
[I 2025-07-19 11:55:48,704] Trial 120 finished with value: 44.45692420005798 and parameters: {'n_estimators': 1160, 'max_depth': 3, 'learning_rate': 0.03432508107939403}. Best is trial 81 with value: 41.98687553405762.
trail number 115
[I 2025-07-19 11:55:50,854] Trial 115 finished with value: 45.983986258506775 and parameters: {'n_estimators': 1305, 'max_depth': 7, 'learning_rate': 0.01068403747226684}. Best is trial 81 with value: 41.98687553405762.
trail number 121
[I 2025-07-19 11:55:51,552] Trial 121 finished with value: 45.89302957057953 and parameters: {'n_estimators': 1499, 'max_depth': 3, 'learning_rate': 0.05993298107067664}. Best is trial 81 with value: 41.98687553405762.
trail number 118
[I 2025-07-19 11:55:52,256] Trial 118 finished with value: 45.961347818374634 and parameters: {'n_estimators': 1352, 'max_depth': 8, 'learning_rate': 0.025645966202176178}. Best is trial 81 with value: 41.98687553405762.
trail number 124
[I 2025-07-19 11:55:52,576] Trial 124 finished with value: 43.81327033042908 and parameters: {'n_estimators': 228, 'max_depth': 4, 'learning_rate': 0.013058904396457426}. Best is trial 81 with value: 41.98687553405762.
trail number 122
[I 2025-07-19 11:55:53,080] Trial 122 finished with value: 43.36806058883667 and parameters: {'n_estimators': 1041, 'max_depth': 4, 'learning_rate': 0.010886443587932022}. Best is trial 81 with value: 41.98687553405762.
trail number 125
[I 2025-07-19 11:55:54,486] Trial 125 finished with value: 43.11281442642212 and parameters: {'n_estimators': 519, 'max_depth': 4, 'learning_rate': 0.011492870419025119}. Best is trial 81 with value: 41.98687553405762.
trail number 123
[I 2025-07-19 11:55:55,410] Trial 123 finished with value: 45.53553283214569 and parameters: {'n_estimators': 1401, 'max_depth': 3, 'learning_rate': 0.05647962230244051}. Best is trial 81 with value: 41.98687553405762.
trail number 127
[I 2025-07-19 11:55:55,514] Trial 127 finished with value: 44.43934202194214 and parameters: {'n_estimators': 742, 'max_depth': 3, 'learning_rate': 0.037793747302922905}. Best is trial 81 with value: 41.98687553405762.
trail number 128
[I 2025-07-19 11:55:55,794] Trial 128 finished with value: 42.25102484226227 and parameters: {'n_estimators': 387, 'max_depth': 3, 'learning_rate': 0.012548207953622416}. Best is trial 81 with value: 41.98687553405762.
trail number 129
[I 2025-07-19 11:55:55,813] Trial 129 finished with value: 47.69137382507324 and parameters: {'n_estimators': 113, 'max_depth': 3, 'learning_rate': 0.010558747221801522}. Best is trial 81 with value: 41.98687553405762.
trail number 130
[I 2025-07-19 11:55:56,181] Trial 130 finished with value: 43.25155019760132 and parameters: {'n_estimators': 198, 'max_depth': 3, 'learning_rate': 0.01373470645019375}. Best is trial 81 with value: 41.98687553405762.
trail number 131
[I 2025-07-19 11:55:57,427] Trial 131 finished with value: 42.018874287605286 and parameters: {'n_estimators': 515, 'max_depth': 3, 'learning_rate': 0.014831837333073517}. Best is trial 81 with value: 41.98687553405762.
trail number 126
[I 2025-07-19 11:55:58,754] Trial 126 finished with value: 43.36423337459564 and parameters: {'n_estimators': 1918, 'max_depth': 3, 'learning_rate': 0.011058098945369485}. Best is trial 81 with value: 41.98687553405762.
trail number 133
[I 2025-07-19 11:55:59,979] Trial 133 finished with value: 45.67182242870331 and parameters: {'n_estimators': 1061, 'max_depth': 8, 'learning_rate': 0.08814416752827778}. Best is trial 81 with value: 41.98687553405762.
trail number 134
[I 2025-07-19 11:56:00,303] Trial 134 finished with value: 43.19003999233246 and parameters: {'n_estimators': 871, 'max_depth': 3, 'learning_rate': 0.020439904180625138}. Best is trial 81 with value: 41.98687553405762.
trail number 136
[I 2025-07-19 11:56:00,424] Trial 136 finished with value: 42.3318737745285 and parameters: {'n_estimators': 116, 'max_depth': 3, 'learning_rate': 0.08432079706897172}. Best is trial 81 with value: 41.98687553405762.
trail number 132
[I 2025-07-19 11:56:00,554] Trial 132 finished with value: 43.3857125043869 and parameters: {'n_estimators': 1455, 'max_depth': 3, 'learning_rate': 0.012760642011887365}. Best is trial 81 with value: 41.98687553405762.
trail number 138
[I 2025-07-19 11:56:00,567] Trial 138 finished with value: 46.15214169025421 and parameters: {'n_estimators': 25, 'max_depth': 4, 'learning_rate': 0.07000341632632555}. Best is trial 81 with value: 41.98687553405762.
trail number 137
[I 2025-07-19 11:56:00,578] Trial 137 finished with value: 45.03668546676636 and parameters: {'n_estimators': 33, 'max_depth': 6, 'learning_rate': 0.07546711481090011}. Best is trial 81 with value: 41.98687553405762.
trail number 141
[I 2025-07-19 11:56:00,835] Trial 141 finished with value: 42.46665120124817 and parameters: {'n_estimators': 68, 'max_depth': 3, 'learning_rate': 0.09263768580658219}. Best is trial 81 with value: 41.98687553405762.
trail number 135
[I 2025-07-19 11:56:01,453] Trial 135 finished with value: 42.37946033477783 and parameters: {'n_estimators': 811, 'max_depth': 3, 'learning_rate': 0.01423822176612511}. Best is trial 81 with value: 41.98687553405762.
trail number 140
[I 2025-07-19 11:56:01,736] Trial 140 finished with value: 43.60379993915558 and parameters: {'n_estimators': 335, 'max_depth': 3, 'learning_rate': 0.08366961036459297}. Best is trial 81 with value: 41.98687553405762.
trail number 143
[I 2025-07-19 11:56:02,071] Trial 143 finished with value: 41.98050677776337 and parameters: {'n_estimators': 173, 'max_depth': 3, 'learning_rate': 0.06285159003768617}. Best is trial 143 with value: 41.98050677776337.
trail number 142
[I 2025-07-19 11:56:02,705] Trial 142 finished with value: 44.38617646694183 and parameters: {'n_estimators': 568, 'max_depth': 3, 'learning_rate': 0.05452232763194557}. Best is trial 143 with value: 41.98050677776337.
trail number 146
[I 2025-07-19 11:56:04,686] Trial 146 finished with value: 41.99801862239838 and parameters: {'n_estimators': 615, 'max_depth': 3, 'learning_rate': 0.01066632052390483}. Best is trial 143 with value: 41.98050677776337.
trail number 139
[I 2025-07-19 11:56:04,896] Trial 139 finished with value: 47.06252098083496 and parameters: {'n_estimators': 1815, 'max_depth': 21, 'learning_rate': 0.16116625296023349}. Best is trial 143 with value: 41.98050677776337.
trail number 144
[I 2025-07-19 11:56:05,416] Trial 144 finished with value: 46.78574085235596 and parameters: {'n_estimators': 594, 'max_depth': 26, 'learning_rate': 0.12634714770262145}. Best is trial 143 with value: 41.98050677776337.
trail number 149
[I 2025-07-19 11:56:05,495] Trial 149 finished with value: 47.74023473262787 and parameters: {'n_estimators': 14, 'max_depth': 3, 'learning_rate': 0.07972117392003107}. Best is trial 143 with value: 41.98050677776337.
trail number 145
[I 2025-07-19 11:56:05,702] Trial 145 finished with value: 46.02487027645111 and parameters: {'n_estimators': 700, 'max_depth': 8, 'learning_rate': 0.08305640771726602}. Best is trial 143 with value: 41.98050677776337.
trail number 150
[I 2025-07-19 11:56:05,843] Trial 150 finished with value: 42.868812084198 and parameters: {'n_estimators': 90, 'max_depth': 3, 'learning_rate': 0.04144137175755456}. Best is trial 143 with value: 41.98050677776337.
trail number 147
[I 2025-07-19 11:56:05,983] Trial 147 finished with value: 42.99987077713013 and parameters: {'n_estimators': 345, 'max_depth': 3, 'learning_rate': 0.0665133658972342}. Best is trial 143 with value: 41.98050677776337.
trail number 148
[I 2025-07-19 11:56:06,828] Trial 148 finished with value: 44.89881455898285 and parameters: {'n_estimators': 559, 'max_depth': 3, 'learning_rate': 0.06745819156074422}. Best is trial 143 with value: 41.98050677776337.
trail number 153
[I 2025-07-19 11:56:06,983] Trial 153 finished with value: 47.44043469429016 and parameters: {'n_estimators': 99, 'max_depth': 8, 'learning_rate': 0.022736995483206884}. Best is trial 143 with value: 41.98050677776337.
trail number 155
[I 2025-07-19 11:56:08,586] Trial 155 finished with value: 42.89677381515503 and parameters: {'n_estimators': 527, 'max_depth': 3, 'learning_rate': 0.0271845273848519}. Best is trial 143 with value: 41.98050677776337.
trail number 154
[I 2025-07-19 11:56:08,621] Trial 154 finished with value: 42.8351491689682 and parameters: {'n_estimators': 437, 'max_depth': 4, 'learning_rate': 0.011796128516381784}. Best is trial 143 with value: 41.98050677776337.
trail number 151
[I 2025-07-19 11:56:10,967] Trial 151 finished with value: 46.209184527397156 and parameters: {'n_estimators': 533, 'max_depth': 8, 'learning_rate': 0.013065689022455574}. Best is trial 143 with value: 41.98050677776337.
trail number 152
[I 2025-07-19 11:56:12,196] Trial 152 finished with value: 46.143768429756165 and parameters: {'n_estimators': 640, 'max_depth': 8, 'learning_rate': 0.010520949834451048}. Best is trial 143 with value: 41.98050677776337.
trail number 156
[I 2025-07-19 11:56:12,492] Trial 156 finished with value: 43.53925347328186 and parameters: {'n_estimators': 930, 'max_depth': 4, 'learning_rate': 0.011705533670108815}. Best is trial 143 with value: 41.98050677776337.
trail number 157
[I 2025-07-19 11:56:14,974] Trial 157 finished with value: 45.78749239444733 and parameters: {'n_estimators': 811, 'max_depth': 7, 'learning_rate': 0.01901747877734193}. Best is trial 143 with value: 41.98050677776337.
trail number 159
[I 2025-07-19 11:56:15,204] Trial 159 finished with value: 42.60643005371094 and parameters: {'n_estimators': 961, 'max_depth': 3, 'learning_rate': 0.012558735662419744}. Best is trial 143 with value: 41.98050677776337.
trail number 158
[I 2025-07-19 11:56:15,297] Trial 158 finished with value: 43.98234963417053 and parameters: {'n_estimators': 1039, 'max_depth': 4, 'learning_rate': 0.015677175278931133}. Best is trial 143 with value: 41.98050677776337.
trail number 160
[I 2025-07-19 11:56:15,640] Trial 160 finished with value: 43.305584192276 and parameters: {'n_estimators': 993, 'max_depth': 3, 'learning_rate': 0.016172217588952757}. Best is trial 143 with value: 41.98050677776337.
trail number 163
[I 2025-07-19 11:56:16,306] Trial 163 finished with value: 42.6260507106781 and parameters: {'n_estimators': 312, 'max_depth': 3, 'learning_rate': 0.04703891460857439}. Best is trial 143 with value: 41.98050677776337.
trail number 164
[I 2025-07-19 11:56:16,861] Trial 164 finished with value: 42.6645028591156 and parameters: {'n_estimators': 371, 'max_depth': 3, 'learning_rate': 0.010518713068509619}. Best is trial 143 with value: 41.98050677776337.
trail number 165
[I 2025-07-19 11:56:17,108] Trial 165 finished with value: 42.01522409915924 and parameters: {'n_estimators': 232, 'max_depth': 3, 'learning_rate': 0.025301285118839424}. Best is trial 143 with value: 41.98050677776337.
trail number 161
[I 2025-07-19 11:56:17,221] Trial 161 finished with value: 42.73687422275543 and parameters: {'n_estimators': 679, 'max_depth': 3, 'learning_rate': 0.01991983234936097}. Best is trial 143 with value: 41.98050677776337.
trail number 162
[I 2025-07-19 11:56:17,882] Trial 162 finished with value: 43.458348512649536 and parameters: {'n_estimators': 822, 'max_depth': 3, 'learning_rate': 0.028586017008398534}. Best is trial 143 with value: 41.98050677776337.
trail number 168
[I 2025-07-19 11:56:17,915] Trial 168 finished with value: 46.97046637535095 and parameters: {'n_estimators': 67, 'max_depth': 8, 'learning_rate': 0.040213333601316584}. Best is trial 143 with value: 41.98050677776337.
trail number 169
[I 2025-07-19 11:56:18,064] Trial 169 finished with value: 51.73779606819153 and parameters: {'n_estimators': 13, 'max_depth': 9, 'learning_rate': 0.07391494177223094}. Best is trial 143 with value: 41.98050677776337.
trail number 171
[I 2025-07-19 11:56:18,205] Trial 171 finished with value: 58.88233125209808 and parameters: {'n_estimators': 21, 'max_depth': 5, 'learning_rate': 0.010645374599914437}. Best is trial 143 with value: 41.98050677776337.
trail number 166
[I 2025-07-19 11:56:18,435] Trial 166 finished with value: 42.036999464035034 and parameters: {'n_estimators': 482, 'max_depth': 3, 'learning_rate': 0.01851899039857956}. Best is trial 143 with value: 41.98050677776337.
trail number 172
[I 2025-07-19 11:56:19,069] Trial 172 finished with value: 43.093225955963135 and parameters: {'n_estimators': 261, 'max_depth': 3, 'learning_rate': 0.05483984969808529}. Best is trial 143 with value: 41.98050677776337.
trail number 167
[I 2025-07-19 11:56:19,158] Trial 167 finished with value: 46.48432493209839 and parameters: {'n_estimators': 247, 'max_depth': 7, 'learning_rate': 0.05896517005433237}. Best is trial 143 with value: 41.98050677776337.
trail number 173
[I 2025-07-19 11:56:19,792] Trial 173 finished with value: 43.780754804611206 and parameters: {'n_estimators': 403, 'max_depth': 3, 'learning_rate': 0.05658726686816785}. Best is trial 143 with value: 41.98050677776337.
trail number 176
[I 2025-07-19 11:56:21,465] Trial 176 finished with value: 42.54969239234924 and parameters: {'n_estimators': 526, 'max_depth': 3, 'learning_rate': 0.02434132907821701}. Best is trial 143 with value: 41.98050677776337.
trail number 177
[I 2025-07-19 11:56:22,896] Trial 177 finished with value: 42.03297197818756 and parameters: {'n_estimators': 444, 'max_depth': 3, 'learning_rate': 0.01635311168671193}. Best is trial 143 with value: 41.98050677776337.
trail number 178
[I 2025-07-19 11:56:23,153] Trial 178 finished with value: 51.54133975505829 and parameters: {'n_estimators': 51, 'max_depth': 4, 'learning_rate': 0.014753081958834503}. Best is trial 143 with value: 41.98050677776337.
trail number 179
[I 2025-07-19 11:56:23,739] Trial 179 finished with value: 43.26617181301117 and parameters: {'n_estimators': 184, 'max_depth': 3, 'learning_rate': 0.015842240219414952}. Best is trial 143 with value: 41.98050677776337.
trail number 175
trail number 174
[I 2025-07-19 11:56:23,928] Trial 174 finished with value: 45.6672066450119 and parameters: {'n_estimators': 968, 'max_depth': 8, 'learning_rate': 0.06196306766623724}. Best is trial 143 with value: 41.98050677776337.
[I 2025-07-19 11:56:23,930] Trial 175 finished with value: 45.29470443725586 and parameters: {'n_estimators': 1136, 'max_depth': 4, 'learning_rate': 0.07399288111066867}. Best is trial 143 with value: 41.98050677776337.
trail number 170
[I 2025-07-19 11:56:24,136] Trial 170 finished with value: 46.00520610809326 and parameters: {'n_estimators': 4423, 'max_depth': 11, 'learning_rate': 0.2056856891437574}. Best is trial 143 with value: 41.98050677776337.
trail number 182
[I 2025-07-19 11:56:24,543] Trial 182 finished with value: 42.069533467292786 and parameters: {'n_estimators': 166, 'max_depth': 3, 'learning_rate': 0.05706187977454734}. Best is trial 143 with value: 41.98050677776337.
trail number 183
[I 2025-07-19 11:56:24,762] Trial 183 finished with value: 42.00245976448059 and parameters: {'n_estimators': 180, 'max_depth': 3, 'learning_rate': 0.03887415765937388}. Best is trial 143 with value: 41.98050677776337.
trail number 185
[I 2025-07-19 11:56:24,994] Trial 185 finished with value: 43.20392668247223 and parameters: {'n_estimators': 61, 'max_depth': 3, 'learning_rate': 0.04646158219766537}. Best is trial 143 with value: 41.98050677776337.
trail number 184
[I 2025-07-19 11:56:26,768] Trial 184 finished with value: 45.23228704929352 and parameters: {'n_estimators': 680, 'max_depth': 3, 'learning_rate': 0.08239780215825013}. Best is trial 143 with value: 41.98050677776337.
trail number 187
[I 2025-07-19 11:56:27,980] Trial 187 finished with value: 43.544102907180786 and parameters: {'n_estimators': 353, 'max_depth': 3, 'learning_rate': 0.05793412187338122}. Best is trial 143 with value: 41.98050677776337.
trail number 180
