[I 2025-07-19 12:26:28,651] Trial 2579 finished with value: 45.00142514705658 and parameters: {'n_estimators': 667, 'max_depth': 3, 'learning_rate': 0.11738631403010966}. Best is trial 321 with value: 41.67874455451965.
trail number 2583
[I 2025-07-19 12:26:28,990] Trial 2583 finished with value: 45.08774757385254 and parameters: {'n_estimators': 376, 'max_depth': 3, 'learning_rate': 0.12929825435453907}. Best is trial 321 with value: 41.67874455451965.
trail number 2588
[I 2025-07-19 12:26:29,702] Trial 2588 finished with value: 44.21375393867493 and parameters: {'n_estimators': 192, 'max_depth': 3, 'learning_rate': 0.14103549960028516}. Best is trial 321 with value: 41.67874455451965.
trail number 2589
[I 2025-07-19 12:26:29,991] Trial 2589 finished with value: 42.2430956363678 and parameters: {'n_estimators': 65, 'max_depth': 3, 'learning_rate': 0.09059896369558958}. Best is trial 321 with value: 41.67874455451965.
trail number 2590
[I 2025-07-19 12:26:30,298] Trial 2590 finished with value: 42.65517175197601 and parameters: {'n_estimators': 67, 'max_depth': 3, 'learning_rate': 0.11230501249041891}. Best is trial 321 with value: 41.67874455451965.
trail number 2584
[I 2025-07-19 12:26:31,457] Trial 2584 finished with value: 44.18722152709961 and parameters: {'n_estimators': 807, 'max_depth': 5, 'learning_rate': 0.14094932408150335}. Best is trial 321 with value: 41.67874455451965.
trail number 2586
[I 2025-07-19 12:26:32,861] Trial 2586 finished with value: 45.348756313323975 and parameters: {'n_estimators': 1197, 'max_depth': 3, 'learning_rate': 0.10950899079708844}. Best is trial 321 with value: 41.67874455451965.
trail number 2592
[I 2025-07-19 12:26:33,216] Trial 2592 finished with value: 45.57470500469208 and parameters: {'n_estimators': 524, 'max_depth': 3, 'learning_rate': 0.12572366127126067}. Best is trial 321 with value: 41.67874455451965.
trail number 2587
[I 2025-07-19 12:26:33,628] Trial 2587 finished with value: 46.125019788742065 and parameters: {'n_estimators': 1386, 'max_depth': 3, 'learning_rate': 0.12826657275382283}. Best is trial 321 with value: 41.67874455451965.
trail number 2591
[I 2025-07-19 12:26:34,038] Trial 2591 finished with value: 44.67817187309265 and parameters: {'n_estimators': 1086, 'max_depth': 6, 'learning_rate': 0.12266234484511535}. Best is trial 321 with value: 41.67874455451965.
trail number 2593
[I 2025-07-19 12:26:34,660] Trial 2593 finished with value: 45.220147371292114 and parameters: {'n_estimators': 476, 'max_depth': 3, 'learning_rate': 0.10137165461482797}. Best is trial 321 with value: 41.67874455451965.
trail number 2596
[I 2025-07-19 12:26:35,730] Trial 2596 finished with value: 45.7483172416687 and parameters: {'n_estimators': 504, 'max_depth': 3, 'learning_rate': 0.12044103014565488}. Best is trial 321 with value: 41.67874455451965.
trail number 2598
[I 2025-07-19 12:26:35,834] Trial 2598 finished with value: 49.13463115692139 and parameters: {'n_estimators': 12, 'max_depth': 3, 'learning_rate': 0.07774605163276806}. Best is trial 321 with value: 41.67874455451965.
trail number 2599
[I 2025-07-19 12:26:36,134] Trial 2599 finished with value: 42.23456919193268 and parameters: {'n_estimators': 66, 'max_depth': 3, 'learning_rate': 0.1651847530674}. Best is trial 321 with value: 41.67874455451965.
trail number 2594
[I 2025-07-19 12:26:36,271] Trial 2594 finished with value: 44.484867453575134 and parameters: {'n_estimators': 402, 'max_depth': 6, 'learning_rate': 0.0991759508608325}. Best is trial 321 with value: 41.67874455451965.
trail number 2600
[I 2025-07-19 12:26:36,414] Trial 2600 finished with value: 43.036596179008484 and parameters: {'n_estimators': 48, 'max_depth': 3, 'learning_rate': 0.22008376324353832}. Best is trial 321 with value: 41.67874455451965.
trail number 2602
[I 2025-07-19 12:26:36,571] Trial 2602 finished with value: 43.3463317155838 and parameters: {'n_estimators': 27, 'max_depth': 3, 'learning_rate': 0.12299074627497832}. Best is trial 321 with value: 41.67874455451965.
trail number 2603
[I 2025-07-19 12:26:36,912] Trial 2603 finished with value: 42.074904441833496 and parameters: {'n_estimators': 77, 'max_depth': 3, 'learning_rate': 0.10466337895635608}. Best is trial 321 with value: 41.67874455451965.
trail number 2604
[I 2025-07-19 12:26:37,340] Trial 2604 finished with value: 46.56014382839203 and parameters: {'n_estimators': 39, 'max_depth': 7, 'learning_rate': 0.07999945977446542}. Best is trial 321 with value: 41.67874455451965.
trail number 2595
[I 2025-07-19 12:26:38,391] Trial 2595 finished with value: 46.1539751291275 and parameters: {'n_estimators': 655, 'max_depth': 7, 'learning_rate': 0.07675372347748866}. Best is trial 321 with value: 41.67874455451965.
trail number 2597
[I 2025-07-19 12:26:38,463] Trial 2597 finished with value: 45.95436155796051 and parameters: {'n_estimators': 496, 'max_depth': 9, 'learning_rate': 0.0860883421090919}. Best is trial 321 with value: 41.67874455451965.
trail number 2605
[I 2025-07-19 12:26:39,363] Trial 2605 finished with value: 45.33972680568695 and parameters: {'n_estimators': 548, 'max_depth': 3, 'learning_rate': 0.09116960216941397}. Best is trial 321 with value: 41.67874455451965.
trail number 2608
[I 2025-07-19 12:26:39,552] Trial 2608 finished with value: 51.913105845451355 and parameters: {'n_estimators': 18, 'max_depth': 6, 'learning_rate': 0.043218648727745876}. Best is trial 321 with value: 41.67874455451965.
trail number 2609
[I 2025-07-19 12:26:39,790] Trial 2609 finished with value: 45.75713574886322 and parameters: {'n_estimators': 24, 'max_depth': 6, 'learning_rate': 0.08459982918060437}. Best is trial 321 with value: 41.67874455451965.
trail number 2601
[I 2025-07-19 12:26:40,837] Trial 2601 finished with value: 46.36779844760895 and parameters: {'n_estimators': 546, 'max_depth': 7, 'learning_rate': 0.07865337591046903}. Best is trial 321 with value: 41.67874455451965.
trail number 2611
[I 2025-07-19 12:26:41,122] Trial 2611 finished with value: 47.784234285354614 and parameters: {'n_estimators': 30, 'max_depth': 6, 'learning_rate': 0.046517927859325604}. Best is trial 321 with value: 41.67874455451965.
trail number 2610
[I 2025-07-19 12:26:41,576] Trial 2610 finished with value: 44.44917023181915 and parameters: {'n_estimators': 471, 'max_depth': 3, 'learning_rate': 0.07407748574918019}. Best is trial 321 with value: 41.67874455451965.
trail number 2607
[I 2025-07-19 12:26:42,049] Trial 2607 finished with value: 45.635443329811096 and parameters: {'n_estimators': 506, 'max_depth': 6, 'learning_rate': 0.10924950880240972}. Best is trial 321 with value: 41.67874455451965.
trail number 2614
[I 2025-07-19 12:26:42,311] Trial 2614 finished with value: 47.661314606666565 and parameters: {'n_estimators': 17, 'max_depth': 9, 'learning_rate': 0.10984555682821295}. Best is trial 321 with value: 41.67874455451965.
trail number 2615
[I 2025-07-19 12:26:44,166] Trial 2615 finished with value: 45.1537024974823 and parameters: {'n_estimators': 538, 'max_depth': 3, 'learning_rate': 0.0691627504068536}. Best is trial 321 with value: 41.67874455451965.
trail number 2612
[I 2025-07-19 12:26:44,466] Trial 2612 finished with value: 46.60137593746185 and parameters: {'n_estimators': 834, 'max_depth': 9, 'learning_rate': 0.11447590463669777}. Best is trial 321 with value: 41.67874455451965.
trail number 2616
[I 2025-07-19 12:26:46,918] Trial 2616 finished with value: 46.72578990459442 and parameters: {'n_estimators': 1076, 'max_depth': 9, 'learning_rate': 0.1571201541693809}. Best is trial 321 with value: 41.67874455451965.
trail number 2617
[I 2025-07-19 12:26:48,077] Trial 2617 finished with value: 45.12013852596283 and parameters: {'n_estimators': 881, 'max_depth': 6, 'learning_rate': 0.10943877220208614}. Best is trial 321 with value: 41.67874455451965.
trail number 2619
[I 2025-07-19 12:26:48,355] Trial 2619 finished with value: 44.0138441324234 and parameters: {'n_estimators': 35, 'max_depth': 5, 'learning_rate': 0.09786076778041813}. Best is trial 321 with value: 41.67874455451965.
trail number 2606
[I 2025-07-19 12:26:48,483] Trial 2606 finished with value: 46.84945821762085 and parameters: {'n_estimators': 3427, 'max_depth': 16, 'learning_rate': 0.06695229271539031}. Best is trial 321 with value: 41.67874455451965.
trail number 2613
[I 2025-07-19 12:26:49,416] Trial 2613 finished with value: 45.77371954917908 and parameters: {'n_estimators': 2781, 'max_depth': 7, 'learning_rate': 0.06186351677513892}. Best is trial 321 with value: 41.67874455451965.
trail number 2618
[I 2025-07-19 12:26:49,807] Trial 2618 finished with value: 45.30943989753723 and parameters: {'n_estimators': 374, 'max_depth': 6, 'learning_rate': 0.10527944888766078}. Best is trial 321 with value: 41.67874455451965.
trail number 2623
[I 2025-07-19 12:26:50,014] Trial 2623 finished with value: 43.574182987213135 and parameters: {'n_estimators': 40, 'max_depth': 3, 'learning_rate': 0.06000171690096127}. Best is trial 321 with value: 41.67874455451965.
trail number 2624
[I 2025-07-19 12:26:50,282] Trial 2624 finished with value: 44.88548457622528 and parameters: {'n_estimators': 28, 'max_depth': 6, 'learning_rate': 0.13821122638007494}. Best is trial 321 with value: 41.67874455451965.
trail number 2625
[I 2025-07-19 12:26:50,416] Trial 2625 finished with value: 44.78229641914368 and parameters: {'n_estimators': 20, 'max_depth': 3, 'learning_rate': 0.09259393674746123}. Best is trial 321 with value: 41.67874455451965.
trail number 2620
[I 2025-07-19 12:26:51,424] Trial 2620 finished with value: 46.451491713523865 and parameters: {'n_estimators': 759, 'max_depth': 3, 'learning_rate': 0.12330050911912784}. Best is trial 321 with value: 41.67874455451965.
trail number 2627
[I 2025-07-19 12:26:51,971] Trial 2627 finished with value: 44.31114435195923 and parameters: {'n_estimators': 70, 'max_depth': 6, 'learning_rate': 0.12464553591985461}. Best is trial 321 with value: 41.67874455451965.
trail number 2628
[I 2025-07-19 12:26:52,323] Trial 2628 finished with value: 42.37224519252777 and parameters: {'n_estimators': 84, 'max_depth': 3, 'learning_rate': 0.06788288354868569}. Best is trial 321 with value: 41.67874455451965.
trail number 2626
[I 2025-07-19 12:26:53,839] Trial 2626 finished with value: 44.643152356147766 and parameters: {'n_estimators': 478, 'max_depth': 6, 'learning_rate': 0.07722360685111788}. Best is trial 321 with value: 41.67874455451965.
trail number 2630
[I 2025-07-19 12:26:53,956] Trial 2630 finished with value: 46.06216609477997 and parameters: {'n_estimators': 16, 'max_depth': 3, 'learning_rate': 0.09464473155868186}. Best is trial 321 with value: 41.67874455451965.
trail number 2622
[I 2025-07-19 12:26:54,145] Trial 2622 finished with value: 45.08084058761597 and parameters: {'n_estimators': 625, 'max_depth': 6, 'learning_rate': 0.0822047912594227}. Best is trial 321 with value: 41.67874455451965.
trail number 2621
[I 2025-07-19 12:26:55,085] Trial 2621 finished with value: 46.72832131385803 and parameters: {'n_estimators': 3667, 'max_depth': 12, 'learning_rate': 0.15661369973825812}. Best is trial 321 with value: 41.67874455451965.
trail number 2629
[I 2025-07-19 12:26:56,148] Trial 2629 finished with value: 46.49322807788849 and parameters: {'n_estimators': 624, 'max_depth': 10, 'learning_rate': 0.08244177568757435}. Best is trial 321 with value: 41.67874455451965.
trail number 2632
[I 2025-07-19 12:26:57,452] Trial 2632 finished with value: 45.20817279815674 and parameters: {'n_estimators': 657, 'max_depth': 6, 'learning_rate': 0.11009564291308939}. Best is trial 321 with value: 41.67874455451965.
trail number 2633
[I 2025-07-19 12:26:57,777] Trial 2633 finished with value: 45.2569717168808 and parameters: {'n_estimators': 803, 'max_depth': 3, 'learning_rate': 0.0878858329451705}. Best is trial 321 with value: 41.67874455451965.
trail number 2635
[I 2025-07-19 12:26:57,869] Trial 2635 finished with value: 43.249977231025696 and parameters: {'n_estimators': 93, 'max_depth': 3, 'learning_rate': 0.14384383709764598}. Best is trial 321 with value: 41.67874455451965.
trail number 2631
[I 2025-07-19 12:26:58,240] Trial 2631 finished with value: 45.086737871170044 and parameters: {'n_estimators': 598, 'max_depth': 6, 'learning_rate': 0.07325194601116325}. Best is trial 321 with value: 41.67874455451965.
trail number 2638
[I 2025-07-19 12:27:00,006] Trial 2638 finished with value: 45.43496549129486 and parameters: {'n_estimators': 544, 'max_depth': 3, 'learning_rate': 0.10744217107922219}. Best is trial 321 with value: 41.67874455451965.
trail number 2639
[I 2025-07-19 12:27:00,129] Trial 2639 finished with value: 47.545766830444336 and parameters: {'n_estimators': 11, 'max_depth': 5, 'learning_rate': 0.11265646184353396}. Best is trial 321 with value: 41.67874455451965.
trail number 2634
[I 2025-07-19 12:27:00,810] Trial 2634 finished with value: 44.333873987197876 and parameters: {'n_estimators': 862, 'max_depth': 6, 'learning_rate': 0.08042067410135802}. Best is trial 321 with value: 41.67874455451965.
trail number 2641
[I 2025-07-19 12:27:01,113] Trial 2641 finished with value: 47.67090976238251 and parameters: {'n_estimators': 23, 'max_depth': 8, 'learning_rate': 0.09653721730732326}. Best is trial 321 with value: 41.67874455451965.
trail number 2642
[I 2025-07-19 12:27:01,473] Trial 2642 finished with value: 44.82643723487854 and parameters: {'n_estimators': 38, 'max_depth': 6, 'learning_rate': 0.08848074269835698}. Best is trial 321 with value: 41.67874455451965.
trail number 2636
[I 2025-07-19 12:27:01,799] Trial 2636 finished with value: 45.77836990356445 and parameters: {'n_estimators': 440, 'max_depth': 7, 'learning_rate': 0.07331988339527332}. Best is trial 321 with value: 41.67874455451965.
trail number 2637
[I 2025-07-19 12:27:02,318] Trial 2637 finished with value: 45.45692324638367 and parameters: {'n_estimators': 592, 'max_depth': 7, 'learning_rate': 0.07561931189264687}. Best is trial 321 with value: 41.67874455451965.
trail number 2645
[I 2025-07-19 12:27:02,479] Trial 2645 finished with value: 43.734915256500244 and parameters: {'n_estimators': 28, 'max_depth': 3, 'learning_rate': 0.09842256827998093}. Best is trial 321 with value: 41.67874455451965.
trail number 2646
[I 2025-07-19 12:27:02,655] Trial 2646 finished with value: 54.36326861381531 and parameters: {'n_estimators': 10, 'max_depth': 9, 'learning_rate': 0.0588533150972318}. Best is trial 321 with value: 41.67874455451965.
trail number 2640
[I 2025-07-19 12:27:03,362] Trial 2640 finished with value: 44.4729745388031 and parameters: {'n_estimators': 382, 'max_depth': 6, 'learning_rate': 0.06041575983132592}. Best is trial 321 with value: 41.67874455451965.
trail number 2648
[I 2025-07-19 12:27:04,771] Trial 2648 finished with value: 43.79301965236664 and parameters: {'n_estimators': 436, 'max_depth': 3, 'learning_rate': 0.06466140638304375}. Best is trial 321 with value: 41.67874455451965.
trail number 2649
[I 2025-07-19 12:27:04,919] Trial 2649 finished with value: 47.12745189666748 and parameters: {'n_estimators': 25, 'max_depth': 3, 'learning_rate': 0.05037716559459844}. Best is trial 321 with value: 41.67874455451965.
trail number 2644
[I 2025-07-19 12:27:05,331] Trial 2644 finished with value: 45.0942188501358 and parameters: {'n_estimators': 455, 'max_depth': 6, 'learning_rate': 0.06616007272390123}. Best is trial 321 with value: 41.67874455451965.
trail number 2643
[I 2025-07-19 12:27:05,527] Trial 2643 finished with value: 44.50567901134491 and parameters: {'n_estimators': 516, 'max_depth': 6, 'learning_rate': 0.0669564288183436}. Best is trial 321 with value: 41.67874455451965.
trail number 2651
[I 2025-07-19 12:27:05,608] Trial 2651 finished with value: 60.49321115016937 and parameters: {'n_estimators': 14, 'max_depth': 10, 'learning_rate': 0.01068071770192952}. Best is trial 321 with value: 41.67874455451965.
trail number 2647
[I 2025-07-19 12:27:06,289] Trial 2647 finished with value: 46.48434281349182 and parameters: {'n_estimators': 1538, 'max_depth': 25, 'learning_rate': 0.2406810731970862}. Best is trial 321 with value: 41.67874455451965.
trail number 2654
[I 2025-07-19 12:27:06,655] Trial 2654 finished with value: 45.20639479160309 and parameters: {'n_estimators': 41, 'max_depth': 6, 'learning_rate': 0.0630602786545021}. Best is trial 321 with value: 41.67874455451965.
trail number 2650
[I 2025-07-19 12:27:07,417] Trial 2650 finished with value: 44.255550503730774 and parameters: {'n_estimators': 612, 'max_depth': 3, 'learning_rate': 0.07702705509692286}. Best is trial 321 with value: 41.67874455451965.
trail number 2652
[I 2025-07-19 12:27:07,739] Trial 2652 finished with value: 45.98982095718384 and parameters: {'n_estimators': 577, 'max_depth': 3, 'learning_rate': 0.11152398657159016}. Best is trial 321 with value: 41.67874455451965.
trail number 2653
[I 2025-07-19 12:27:07,829] Trial 2653 finished with value: 44.90409016609192 and parameters: {'n_estimators': 577, 'max_depth': 3, 'learning_rate': 0.07545054108904553}. Best is trial 321 with value: 41.67874455451965.
trail number 2658
[I 2025-07-19 12:27:07,938] Trial 2658 finished with value: 44.678670167922974 and parameters: {'n_estimators': 13, 'max_depth': 3, 'learning_rate': 0.14429390507695192}. Best is trial 321 with value: 41.67874455451965.
trail number 2657
[I 2025-07-19 12:27:08,309] Trial 2657 finished with value: 42.150012850761414 and parameters: {'n_estimators': 114, 'max_depth': 3, 'learning_rate': 0.045791630343751756}. Best is trial 321 with value: 41.67874455451965.
trail number 2660
[I 2025-07-19 12:27:08,476] Trial 2660 finished with value: 48.261762857437134 and parameters: {'n_estimators': 28, 'max_depth': 3, 'learning_rate': 0.03841935172364933}. Best is trial 321 with value: 41.67874455451965.
trail number 2655
[I 2025-07-19 12:27:08,817] Trial 2655 finished with value: 44.88437354564667 and parameters: {'n_estimators': 516, 'max_depth': 3, 'learning_rate': 0.11483762061769955}. Best is trial 321 with value: 41.67874455451965.
trail number 2662
[I 2025-07-19 12:27:10,452] Trial 2662 finished with value: 44.252700209617615 and parameters: {'n_estimators': 489, 'max_depth': 3, 'learning_rate': 0.06183158437761583}. Best is trial 321 with value: 41.67874455451965.
trail number 2663
[I 2025-07-19 12:27:10,719] Trial 2663 finished with value: 42.75236904621124 and parameters: {'n_estimators': 54, 'max_depth': 3, 'learning_rate': 0.06637392788596443}. Best is trial 321 with value: 41.67874455451965.
trail number 2661
[I 2025-07-19 12:27:11,036] Trial 2661 finished with value: 44.92437481880188 and parameters: {'n_estimators': 699, 'max_depth': 3, 'learning_rate': 0.07099304811278213}. Best is trial 321 with value: 41.67874455451965.
trail number 2656
[I 2025-07-19 12:27:11,637] Trial 2656 finished with value: 45.17246961593628 and parameters: {'n_estimators': 1002, 'max_depth': 6, 'learning_rate': 0.1105109839249223}. Best is trial 321 with value: 41.67874455451965.
trail number 2666
[I 2025-07-19 12:27:12,037] Trial 2666 finished with value: 44.33889389038086 and parameters: {'n_estimators': 46, 'max_depth': 6, 'learning_rate': 0.08414893669647938}. Best is trial 321 with value: 41.67874455451965.
trail number 2664
[I 2025-07-19 12:27:12,790] Trial 2664 finished with value: 44.24196183681488 and parameters: {'n_estimators': 567, 'max_depth': 3, 'learning_rate': 0.05001263314002008}. Best is trial 321 with value: 41.67874455451965.
trail number 2659
[I 2025-07-19 12:27:14,432] Trial 2659 finished with value: 47.099071741104126 and parameters: {'n_estimators': 4508, 'max_depth': 9, 'learning_rate': 0.2886344416109291}. Best is trial 321 with value: 41.67874455451965.
trail number 2668
[I 2025-07-19 12:27:14,792] Trial 2668 finished with value: 43.30230534076691 and parameters: {'n_estimators': 563, 'max_depth': 3, 'learning_rate': 0.03513192024843231}. Best is trial 321 with value: 41.67874455451965.
trail number 2670
[I 2025-07-19 12:27:15,137] Trial 2670 finished with value: 42.75003373622894 and parameters: {'n_estimators': 78, 'max_depth': 3, 'learning_rate': 0.11302976731406283}. Best is trial 321 with value: 41.67874455451965.
trail number 2665
[I 2025-07-19 12:27:15,775] Trial 2665 finished with value: 45.6749165058136 and parameters: {'n_estimators': 1303, 'max_depth': 3, 'learning_rate': 0.08122006171755262}. Best is trial 321 with value: 41.67874455451965.
trail number 2672
[I 2025-07-19 12:27:15,885] Trial 2672 finished with value: 47.53262937068939 and parameters: {'n_estimators': 13, 'max_depth': 3, 'learning_rate': 0.0905747571463676}. Best is trial 321 with value: 41.67874455451965.
trail number 2673
[I 2025-07-19 12:27:16,070] Trial 2673 finished with value: 44.3179976940155 and parameters: {'n_estimators': 35, 'max_depth': 3, 'learning_rate': 0.05626886935633751}. Best is trial 321 with value: 41.67874455451965.
trail number 2667
[I 2025-07-19 12:27:16,867] Trial 2667 finished with value: 44.5139080286026 and parameters: {'n_estimators': 1126, 'max_depth': 6, 'learning_rate': 0.08953691566141404}. Best is trial 321 with value: 41.67874455451965.
trail number 2675
[I 2025-07-19 12:27:17,010] Trial 2675 finished with value: 44.50352668762207 and parameters: {'n_estimators': 25, 'max_depth': 3, 'learning_rate': 0.07494157497748584}. Best is trial 321 with value: 41.67874455451965.
trail number 2669
[I 2025-07-19 12:27:18,754] Trial 2669 finished with value: 44.97309863567352 and parameters: {'n_estimators': 553, 'max_depth': 6, 'learning_rate': 0.035149646038724794}. Best is trial 321 with value: 41.67874455451965.
trail number 2671
[I 2025-07-19 12:27:18,995] Trial 2671 finished with value: 44.31000590324402 and parameters: {'n_estimators': 503, 'max_depth': 6, 'learning_rate': 0.044497984898028184}. Best is trial 321 with value: 41.67874455451965.
trail number 2678
