[I 2025-07-19 12:24:15,277] Trial 2402 finished with value: 45.52036106586456 and parameters: {'n_estimators': 21, 'max_depth': 5, 'learning_rate': 0.09749824446086139}. Best is trial 321 with value: 41.67874455451965.
trail number 2401
[I 2025-07-19 12:24:18,224] Trial 2401 finished with value: 44.735199213027954 and parameters: {'n_estimators': 613, 'max_depth': 6, 'learning_rate': 0.051300738707720034}. Best is trial 321 with value: 41.67874455451965.
trail number 2404
[I 2025-07-19 12:24:18,534] Trial 2404 finished with value: 42.156347036361694 and parameters: {'n_estimators': 69, 'max_depth': 3, 'learning_rate': 0.09814992528455148}. Best is trial 321 with value: 41.67874455451965.
trail number 2400
[I 2025-07-19 12:24:19,138] Trial 2400 finished with value: 45.78394174575806 and parameters: {'n_estimators': 883, 'max_depth': 7, 'learning_rate': 0.010327849040847105}. Best is trial 321 with value: 41.67874455451965.
trail number 2406
[I 2025-07-19 12:24:19,412] Trial 2406 finished with value: 42.08688259124756 and parameters: {'n_estimators': 56, 'max_depth': 3, 'learning_rate': 0.11373891628505546}. Best is trial 321 with value: 41.67874455451965.
trail number 2399
[I 2025-07-19 12:24:19,662] Trial 2399 finished with value: 47.27987349033356 and parameters: {'n_estimators': 1780, 'max_depth': 29, 'learning_rate': 0.0577363007854822}. Best is trial 321 with value: 41.67874455451965.
trail number 2407
[I 2025-07-19 12:24:19,989] Trial 2407 finished with value: 44.60592806339264 and parameters: {'n_estimators': 61, 'max_depth': 6, 'learning_rate': 0.11560918608387773}. Best is trial 321 with value: 41.67874455451965.
trail number 2408
[I 2025-07-19 12:24:20,155] Trial 2408 finished with value: 46.86615228652954 and parameters: {'n_estimators': 43, 'max_depth': 7, 'learning_rate': 0.05561648756937862}. Best is trial 321 with value: 41.67874455451965.
trail number 2405
[I 2025-07-19 12:24:22,276] Trial 2405 finished with value: 46.906651854515076 and parameters: {'n_estimators': 204, 'max_depth': 25, 'learning_rate': 0.12359941041691855}. Best is trial 321 with value: 41.67874455451965.
trail number 2403
[I 2025-07-19 12:24:22,296] Trial 2403 finished with value: 47.05808997154236 and parameters: {'n_estimators': 4746, 'max_depth': 17, 'learning_rate': 0.2953792300789819}. Best is trial 321 with value: 41.67874455451965.
trail number 2410
[I 2025-07-19 12:24:22,879] Trial 2410 finished with value: 44.01500999927521 and parameters: {'n_estimators': 792, 'max_depth': 3, 'learning_rate': 0.04225591157082331}. Best is trial 321 with value: 41.67874455451965.
trail number 2413
[I 2025-07-19 12:24:23,013] Trial 2413 finished with value: 44.16226863861084 and parameters: {'n_estimators': 23, 'max_depth': 3, 'learning_rate': 0.08861287991841164}. Best is trial 321 with value: 41.67874455451965.
trail number 2414
[I 2025-07-19 12:24:25,748] Trial 2414 finished with value: 42.531766295433044 and parameters: {'n_estimators': 834, 'max_depth': 3, 'learning_rate': 0.013898928076045468}. Best is trial 321 with value: 41.67874455451965.
trail number 2411
[I 2025-07-19 12:24:26,130] Trial 2411 finished with value: 44.68178629875183 and parameters: {'n_estimators': 537, 'max_depth': 6, 'learning_rate': 0.0384830981453643}. Best is trial 321 with value: 41.67874455451965.
trail number 2409
[I 2025-07-19 12:24:27,903] Trial 2409 finished with value: 46.864407658576965 and parameters: {'n_estimators': 4131, 'max_depth': 25, 'learning_rate': 0.1309772222879916}. Best is trial 321 with value: 41.67874455451965.
trail number 2416
[I 2025-07-19 12:24:28,186] Trial 2416 finished with value: 43.31649720668793 and parameters: {'n_estimators': 592, 'max_depth': 3, 'learning_rate': 0.04874037621519881}. Best is trial 321 with value: 41.67874455451965.
trail number 2418
[I 2025-07-19 12:24:28,411] Trial 2418 finished with value: 48.739211559295654 and parameters: {'n_estimators': 23, 'max_depth': 6, 'learning_rate': 0.052314383988410804}. Best is trial 321 with value: 41.67874455451965.
trail number 2412
[I 2025-07-19 12:24:28,798] Trial 2412 finished with value: 43.87460231781006 and parameters: {'n_estimators': 1098, 'max_depth': 5, 'learning_rate': 0.010116805153151354}. Best is trial 321 with value: 41.67874455451965.
trail number 2415
[I 2025-07-19 12:24:29,745] Trial 2415 finished with value: 45.58399319648743 and parameters: {'n_estimators': 1113, 'max_depth': 3, 'learning_rate': 0.06786438925680485}. Best is trial 321 with value: 41.67874455451965.
trail number 2417
[I 2025-07-19 12:24:30,490] Trial 2417 finished with value: 44.63348388671875 and parameters: {'n_estimators': 677, 'max_depth': 3, 'learning_rate': 0.07272301679130448}. Best is trial 321 with value: 41.67874455451965.
trail number 2420
[I 2025-07-19 12:24:30,863] Trial 2420 finished with value: 45.04267990589142 and parameters: {'n_estimators': 575, 'max_depth': 3, 'learning_rate': 0.06879418254855157}. Best is trial 321 with value: 41.67874455451965.
trail number 2421
[I 2025-07-19 12:24:31,898] Trial 2421 finished with value: 45.15172004699707 and parameters: {'n_estimators': 614, 'max_depth': 3, 'learning_rate': 0.10718104886583985}. Best is trial 321 with value: 41.67874455451965.
trail number 2423
[I 2025-07-19 12:24:34,792] Trial 2423 finished with value: 42.9669725894928 and parameters: {'n_estimators': 1245, 'max_depth': 3, 'learning_rate': 0.010777465388720696}. Best is trial 321 with value: 41.67874455451965.
trail number 2419
[I 2025-07-19 12:24:35,071] Trial 2419 finished with value: 45.54652690887451 and parameters: {'n_estimators': 2051, 'max_depth': 7, 'learning_rate': 0.06185334499629852}. Best is trial 321 with value: 41.67874455451965.
trail number 2426
[I 2025-07-19 12:24:35,467] Trial 2426 finished with value: 48.31839084625244 and parameters: {'n_estimators': 44, 'max_depth': 6, 'learning_rate': 0.03022113358174726}. Best is trial 321 with value: 41.67874455451965.
trail number 2427
[I 2025-07-19 12:24:36,051] Trial 2427 finished with value: 46.025638580322266 and parameters: {'n_estimators': 150, 'max_depth': 3, 'learning_rate': 0.010294677117355126}. Best is trial 321 with value: 41.67874455451965.
trail number 2422
[I 2025-07-19 12:24:36,678] Trial 2422 finished with value: 46.25485122203827 and parameters: {'n_estimators': 564, 'max_depth': 9, 'learning_rate': 0.04463107514928659}. Best is trial 321 with value: 41.67874455451965.
trail number 2424
[I 2025-07-19 12:24:36,912] Trial 2424 finished with value: 46.84718132019043 and parameters: {'n_estimators': 490, 'max_depth': 10, 'learning_rate': 0.05871134304030369}. Best is trial 321 with value: 41.67874455451965.
trail number 2429
[I 2025-07-19 12:24:37,983] Trial 2429 finished with value: 42.89833903312683 and parameters: {'n_estimators': 355, 'max_depth': 3, 'learning_rate': 0.0408999041761861}. Best is trial 321 with value: 41.67874455451965.
trail number 2428
[I 2025-07-19 12:24:38,130] Trial 2428 finished with value: 43.70414853096008 and parameters: {'n_estimators': 584, 'max_depth': 3, 'learning_rate': 0.039378122134843485}. Best is trial 321 with value: 41.67874455451965.
trail number 2432
[I 2025-07-19 12:24:38,508] Trial 2432 finished with value: 42.07836389541626 and parameters: {'n_estimators': 90, 'max_depth': 3, 'learning_rate': 0.08128405494373782}. Best is trial 321 with value: 41.67874455451965.
trail number 2433
[I 2025-07-19 12:24:38,867] Trial 2433 finished with value: 48.43746900558472 and parameters: {'n_estimators': 25, 'max_depth': 9, 'learning_rate': 0.06931875251996764}. Best is trial 321 with value: 41.67874455451965.
trail number 2425
[I 2025-07-19 12:24:39,762] Trial 2425 finished with value: 46.52972161769867 and parameters: {'n_estimators': 527, 'max_depth': 7, 'learning_rate': 0.056061634482284836}. Best is trial 321 with value: 41.67874455451965.
trail number 2434
[I 2025-07-19 12:24:40,068] Trial 2434 finished with value: 47.139089703559875 and parameters: {'n_estimators': 151, 'max_depth': 9, 'learning_rate': 0.2510504544257922}. Best is trial 321 with value: 41.67874455451965.
trail number 2430
[I 2025-07-19 12:24:40,157] Trial 2430 finished with value: 46.997337341308594 and parameters: {'n_estimators': 149, 'max_depth': 29, 'learning_rate': 0.05102961323960081}. Best is trial 321 with value: 41.67874455451965.
trail number 2431
[I 2025-07-19 12:24:41,969] Trial 2431 finished with value: 44.89683210849762 and parameters: {'n_estimators': 515, 'max_depth': 6, 'learning_rate': 0.06681652003829852}. Best is trial 321 with value: 41.67874455451965.
trail number 2437
[I 2025-07-19 12:24:43,489] Trial 2437 finished with value: 44.931102991104126 and parameters: {'n_estimators': 479, 'max_depth': 6, 'learning_rate': 0.08206867631091841}. Best is trial 321 with value: 41.67874455451965.
trail number 2439
[I 2025-07-19 12:24:43,625] Trial 2439 finished with value: 54.466718435287476 and parameters: {'n_estimators': 11, 'max_depth': 6, 'learning_rate': 0.04806647515607738}. Best is trial 321 with value: 41.67874455451965.
trail number 2435
[I 2025-07-19 12:24:44,138] Trial 2435 finished with value: 45.274580121040344 and parameters: {'n_estimators': 598, 'max_depth': 6, 'learning_rate': 0.06291383891436222}. Best is trial 321 with value: 41.67874455451965.
trail number 2441
[I 2025-07-19 12:24:44,329] Trial 2441 finished with value: 42.66280233860016 and parameters: {'n_estimators': 38, 'max_depth': 3, 'learning_rate': 0.11050319033178282}. Best is trial 321 with value: 41.67874455451965.
trail number 2442
[I 2025-07-19 12:24:44,463] Trial 2442 finished with value: 44.8606413602829 and parameters: {'n_estimators': 21, 'max_depth': 3, 'learning_rate': 0.09080384237239413}. Best is trial 321 with value: 41.67874455451965.
trail number 2438
[I 2025-07-19 12:24:45,096] Trial 2438 finished with value: 44.6786904335022 and parameters: {'n_estimators': 403, 'max_depth': 6, 'learning_rate': 0.058565322639349965}. Best is trial 321 with value: 41.67874455451965.
trail number 2436
[I 2025-07-19 12:24:45,963] Trial 2436 finished with value: 45.5333137512207 and parameters: {'n_estimators': 1645, 'max_depth': 7, 'learning_rate': 0.07304508752334016}. Best is trial 321 with value: 41.67874455451965.
trail number 2444
[I 2025-07-19 12:24:46,626] Trial 2444 finished with value: 43.72338950634003 and parameters: {'n_estimators': 422, 'max_depth': 3, 'learning_rate': 0.059610752185399386}. Best is trial 321 with value: 41.67874455451965.
trail number 2443
[I 2025-07-19 12:24:46,821] Trial 2443 finished with value: 43.51548910140991 and parameters: {'n_estimators': 613, 'max_depth': 3, 'learning_rate': 0.0315963796724664}. Best is trial 321 with value: 41.67874455451965.
trail number 2446
[I 2025-07-19 12:24:46,948] Trial 2446 finished with value: 43.322712779045105 and parameters: {'n_estimators': 61, 'max_depth': 3, 'learning_rate': 0.045740792408026115}. Best is trial 321 with value: 41.67874455451965.
trail number 2440
[I 2025-07-19 12:24:47,275] Trial 2440 finished with value: 42.3701548576355 and parameters: {'n_estimators': 898, 'max_depth': 3, 'learning_rate': 0.010826717880717741}. Best is trial 321 with value: 41.67874455451965.
trail number 2445
[I 2025-07-19 12:24:49,677] Trial 2445 finished with value: 45.58898985385895 and parameters: {'n_estimators': 683, 'max_depth': 6, 'learning_rate': 0.10470346915778009}. Best is trial 321 with value: 41.67874455451965.
trail number 2447
[I 2025-07-19 12:24:50,259] Trial 2447 finished with value: 45.92651903629303 and parameters: {'n_estimators': 488, 'max_depth': 6, 'learning_rate': 0.0956409346011185}. Best is trial 321 with value: 41.67874455451965.
trail number 2451
[I 2025-07-19 12:24:50,404] Trial 2451 finished with value: 47.530508637428284 and parameters: {'n_estimators': 23, 'max_depth': 3, 'learning_rate': 0.05162399795783079}. Best is trial 321 with value: 41.67874455451965.
trail number 2452
[I 2025-07-19 12:24:50,588] Trial 2452 finished with value: 43.146018981933594 and parameters: {'n_estimators': 35, 'max_depth': 3, 'learning_rate': 0.07620704909309098}. Best is trial 321 with value: 41.67874455451965.
trail number 2448
[I 2025-07-19 12:24:50,733] Trial 2448 finished with value: 44.7024929523468 and parameters: {'n_estimators': 1239, 'max_depth': 6, 'learning_rate': 0.1340050609285516}. Best is trial 321 with value: 41.67874455451965.
trail number 2449
[I 2025-07-19 12:24:52,479] Trial 2449 finished with value: 43.90383064746857 and parameters: {'n_estimators': 904, 'max_depth': 5, 'learning_rate': 0.010505256398273898}. Best is trial 321 with value: 41.67874455451965.
trail number 2450
[I 2025-07-19 12:24:53,038] Trial 2450 finished with value: 44.0086030960083 and parameters: {'n_estimators': 447, 'max_depth': 6, 'learning_rate': 0.11169466459640924}. Best is trial 321 with value: 41.67874455451965.
trail number 2455
[I 2025-07-19 12:24:54,037] Trial 2455 finished with value: 42.24426031112671 and parameters: {'n_estimators': 436, 'max_depth': 3, 'learning_rate': 0.011034901617626387}. Best is trial 321 with value: 41.67874455451965.
trail number 2456
[I 2025-07-19 12:24:56,348] Trial 2456 finished with value: 45.23609817028046 and parameters: {'n_estimators': 974, 'max_depth': 3, 'learning_rate': 0.09591267745633106}. Best is trial 321 with value: 41.67874455451965.
trail number 2457
[I 2025-07-19 12:24:56,602] Trial 2457 finished with value: 45.11464178562164 and parameters: {'n_estimators': 731, 'max_depth': 3, 'learning_rate': 0.07352004610839089}. Best is trial 321 with value: 41.67874455451965.
trail number 2459
[I 2025-07-19 12:24:56,806] Trial 2459 finished with value: 47.71187663078308 and parameters: {'n_estimators': 16, 'max_depth': 7, 'learning_rate': 0.10834346999578513}. Best is trial 321 with value: 41.67874455451965.
trail number 2453
[I 2025-07-19 12:24:57,133] Trial 2453 finished with value: 46.604074239730835 and parameters: {'n_estimators': 1111, 'max_depth': 9, 'learning_rate': 0.04799314914220652}. Best is trial 321 with value: 41.67874455451965.
trail number 2454
[I 2025-07-19 12:24:58,216] Trial 2454 finished with value: 46.23965501785278 and parameters: {'n_estimators': 1289, 'max_depth': 9, 'learning_rate': 0.0431645746976756}. Best is trial 321 with value: 41.67874455451965.
trail number 2462
trail number 2461
[I 2025-07-19 12:25:01,364] Trial 2462 finished with value: 44.91867423057556 and parameters: {'n_estimators': 466, 'max_depth': 6, 'learning_rate': 0.043322091171851776}. Best is trial 321 with value: 41.67874455451965.
[I 2025-07-19 12:25:01,370] Trial 2461 finished with value: 45.40233910083771 and parameters: {'n_estimators': 1282, 'max_depth': 3, 'learning_rate': 0.0468629695334322}. Best is trial 321 with value: 41.67874455451965.
trail number 2464
[I 2025-07-19 12:25:01,560] Trial 2464 finished with value: 48.37278366088867 and parameters: {'n_estimators': 27, 'max_depth': 3, 'learning_rate': 0.03903996401663211}. Best is trial 321 with value: 41.67874455451965.
trail number 2458
[I 2025-07-19 12:25:01,915] Trial 2458 finished with value: 45.95582902431488 and parameters: {'n_estimators': 1275, 'max_depth': 7, 'learning_rate': 0.06735543359238033}. Best is trial 321 with value: 41.67874455451965.
trail number 2465
[I 2025-07-19 12:25:03,708] Trial 2465 finished with value: 43.63704264163971 and parameters: {'n_estimators': 614, 'max_depth': 3, 'learning_rate': 0.04713600398906415}. Best is trial 321 with value: 41.67874455451965.
trail number 2466
[I 2025-07-19 12:25:05,283] Trial 2466 finished with value: 46.99203968048096 and parameters: {'n_estimators': 896, 'max_depth': 30, 'learning_rate': 0.16384999631293945}. Best is trial 321 with value: 41.67874455451965.
trail number 2467
[I 2025-07-19 12:25:05,824] Trial 2467 finished with value: 44.61473524570465 and parameters: {'n_estimators': 639, 'max_depth': 3, 'learning_rate': 0.07198081164698672}. Best is trial 321 with value: 41.67874455451965.
trail number 2460
[I 2025-07-19 12:25:07,077] Trial 2460 finished with value: 47.17336118221283 and parameters: {'n_estimators': 692, 'max_depth': 11, 'learning_rate': 0.011093541726091128}. Best is trial 321 with value: 41.67874455451965.
trail number 2470
[I 2025-07-19 12:25:07,560] Trial 2470 finished with value: 51.76538050174713 and parameters: {'n_estimators': 76, 'max_depth': 5, 'learning_rate': 0.0100488451623893}. Best is trial 321 with value: 41.67874455451965.
trail number 2463
[I 2025-07-19 12:25:08,521] Trial 2463 finished with value: 44.85847532749176 and parameters: {'n_estimators': 1161, 'max_depth': 6, 'learning_rate': 0.05194899236581757}. Best is trial 321 with value: 41.67874455451965.
trail number 2472
[I 2025-07-19 12:25:08,634] Trial 2472 finished with value: 50.802151560783386 and parameters: {'n_estimators': 15, 'max_depth': 3, 'learning_rate': 0.05019040871213678}. Best is trial 321 with value: 41.67874455451965.
trail number 2469
[I 2025-07-19 12:25:10,343] Trial 2469 finished with value: 44.7618293762207 and parameters: {'n_estimators': 1292, 'max_depth': 6, 'learning_rate': 0.0989410001838453}. Best is trial 321 with value: 41.67874455451965.
trail number 2473
[I 2025-07-19 12:25:10,535] Trial 2473 finished with value: 44.930697083473206 and parameters: {'n_estimators': 561, 'max_depth': 3, 'learning_rate': 0.10481563491682946}. Best is trial 321 with value: 41.67874455451965.
trail number 2468
[I 2025-07-19 12:25:11,609] Trial 2468 finished with value: 45.731605887413025 and parameters: {'n_estimators': 1037, 'max_depth': 6, 'learning_rate': 0.05899162314147774}. Best is trial 321 with value: 41.67874455451965.
trail number 2476
[I 2025-07-19 12:25:11,965] Trial 2476 finished with value: 45.29790163040161 and parameters: {'n_estimators': 40, 'max_depth': 6, 'learning_rate': 0.10023317585045323}. Best is trial 321 with value: 41.67874455451965.
trail number 2474
[I 2025-07-19 12:25:13,054] Trial 2474 finished with value: 43.72239053249359 and parameters: {'n_estimators': 756, 'max_depth': 3, 'learning_rate': 0.03323662759727248}. Best is trial 321 with value: 41.67874455451965.
trail number 2478
[I 2025-07-19 12:25:13,243] Trial 2478 finished with value: 44.78482902050018 and parameters: {'n_estimators': 18, 'max_depth': 6, 'learning_rate': 0.14444017640550633}. Best is trial 321 with value: 41.67874455451965.
trail number 2471
[I 2025-07-19 12:25:13,851] Trial 2471 finished with value: 45.20169675350189 and parameters: {'n_estimators': 864, 'max_depth': 6, 'learning_rate': 0.03826795255699843}. Best is trial 321 with value: 41.67874455451965.
trail number 2477
[I 2025-07-19 12:25:14,271] Trial 2477 finished with value: 43.286606669425964 and parameters: {'n_estimators': 628, 'max_depth': 3, 'learning_rate': 0.04897844970435052}. Best is trial 321 with value: 41.67874455451965.
trail number 2480
[I 2025-07-19 12:25:14,562] Trial 2480 finished with value: 50.917232632637024 and parameters: {'n_estimators': 88, 'max_depth': 6, 'learning_rate': 0.010387795168951788}. Best is trial 321 with value: 41.67874455451965.
trail number 2482
[I 2025-07-19 12:25:14,730] Trial 2482 finished with value: 44.31029498577118 and parameters: {'n_estimators': 31, 'max_depth': 3, 'learning_rate': 0.06624877149944597}. Best is trial 321 with value: 41.67874455451965.
trail number 2483
[I 2025-07-19 12:25:14,926] Trial 2483 finished with value: 43.07880640029907 and parameters: {'n_estimators': 39, 'max_depth': 3, 'learning_rate': 0.09146254444383692}. Best is trial 321 with value: 41.67874455451965.
trail number 2479
[I 2025-07-19 12:25:15,894] Trial 2479 finished with value: 43.632503151893616 and parameters: {'n_estimators': 558, 'max_depth': 6, 'learning_rate': 0.16494564433181622}. Best is trial 321 with value: 41.67874455451965.
trail number 2475
[I 2025-07-19 12:25:16,156] Trial 2475 finished with value: 44.37010109424591 and parameters: {'n_estimators': 742, 'max_depth': 6, 'learning_rate': 0.04386755095375537}. Best is trial 321 with value: 41.67874455451965.
trail number 2481
[I 2025-07-19 12:25:16,782] Trial 2481 finished with value: 45.95758080482483 and parameters: {'n_estimators': 636, 'max_depth': 3, 'learning_rate': 0.14775871658081544}. Best is trial 321 with value: 41.67874455451965.
trail number 2484
[I 2025-07-19 12:25:16,905] Trial 2484 finished with value: 45.84054410457611 and parameters: {'n_estimators': 517, 'max_depth': 3, 'learning_rate': 0.12957404990466576}. Best is trial 321 with value: 41.67874455451965.
trail number 2488
[I 2025-07-19 12:25:17,049] Trial 2488 finished with value: 47.297645807266235 and parameters: {'n_estimators': 25, 'max_depth': 3, 'learning_rate': 0.048639357339350306}. Best is trial 321 with value: 41.67874455451965.
trail number 2487
[I 2025-07-19 12:25:17,249] Trial 2487 finished with value: 47.52131164073944 and parameters: {'n_estimators': 28, 'max_depth': 9, 'learning_rate': 0.08041805288707221}. Best is trial 321 with value: 41.67874455451965.
trail number 2489
[I 2025-07-19 12:25:19,774] Trial 2489 finished with value: 42.38405227661133 and parameters: {'n_estimators': 829, 'max_depth': 3, 'learning_rate': 0.012013535427352008}. Best is trial 321 with value: 41.67874455451965.
trail number 2491
[I 2025-07-19 12:25:19,883] Trial 2491 finished with value: 47.562241554260254 and parameters: {'n_estimators': 13, 'max_depth': 3, 'learning_rate': 0.09140591884940497}. Best is trial 321 with value: 41.67874455451965.
trail number 2492
[I 2025-07-19 12:25:20,071] Trial 2492 finished with value: 55.733235478401184 and parameters: {'n_estimators': 15, 'max_depth': 7, 'learning_rate': 0.0300243303836344}. Best is trial 321 with value: 41.67874455451965.
trail number 2490
[I 2025-07-19 12:25:20,120] Trial 2490 finished with value: 44.8629504442215 and parameters: {'n_estimators': 398, 'max_depth': 6, 'learning_rate': 0.03956856953327278}. Best is trial 321 with value: 41.67874455451965.
trail number 2485
