[I 2025-07-19 12:11:14,113] Trial 1389 finished with value: 44.43851888179779 and parameters: {'n_estimators': 436, 'max_depth': 3, 'learning_rate': 0.057661227758381506}. Best is trial 321 with value: 41.67874455451965.
trail number 1387
[I 2025-07-19 12:11:14,669] Trial 1387 finished with value: 46.04832589626312 and parameters: {'n_estimators': 440, 'max_depth': 7, 'learning_rate': 0.04897205957592267}. Best is trial 321 with value: 41.67874455451965.
trail number 1390
[I 2025-07-19 12:11:15,454] Trial 1390 finished with value: 43.36143910884857 and parameters: {'n_estimators': 690, 'max_depth': 3, 'learning_rate': 0.04345514006405003}. Best is trial 321 with value: 41.67874455451965.
trail number 1391
[I 2025-07-19 12:11:18,739] Trial 1391 finished with value: 44.64987933635712 and parameters: {'n_estimators': 700, 'max_depth': 6, 'learning_rate': 0.06823928756240977}. Best is trial 321 with value: 41.67874455451965.
trail number 1392
[I 2025-07-19 12:11:19,507] Trial 1392 finished with value: 45.639528036117554 and parameters: {'n_estimators': 1286, 'max_depth': 7, 'learning_rate': 0.07120024018082088}. Best is trial 321 with value: 41.67874455451965.
trail number 1395
[I 2025-07-19 12:11:21,796] Trial 1395 finished with value: 43.987852334976196 and parameters: {'n_estimators': 753, 'max_depth': 3, 'learning_rate': 0.03904201301685818}. Best is trial 321 with value: 41.67874455451965.
trail number 1396
[I 2025-07-19 12:11:22,002] Trial 1396 finished with value: 54.25800800323486 and parameters: {'n_estimators': 45, 'max_depth': 3, 'learning_rate': 0.010546014410794759}. Best is trial 321 with value: 41.67874455451965.
trail number 1393
[I 2025-07-19 12:11:22,419] Trial 1393 finished with value: 45.32415211200714 and parameters: {'n_estimators': 1040, 'max_depth': 6, 'learning_rate': 0.03934289618699031}. Best is trial 321 with value: 41.67874455451965.
trail number 1383
[I 2025-07-19 12:11:26,310] Trial 1383 finished with value: 47.177749276161194 and parameters: {'n_estimators': 3811, 'max_depth': 17, 'learning_rate': 0.030320694898701983}. Best is trial 321 with value: 41.67874455451965.
trail number 1394
[I 2025-07-19 12:11:26,566] Trial 1394 finished with value: 44.984349608421326 and parameters: {'n_estimators': 1186, 'max_depth': 6, 'learning_rate': 0.04105275448774224}. Best is trial 321 with value: 41.67874455451965.
trail number 1399
[I 2025-07-19 12:11:26,622] Trial 1399 finished with value: 42.94492542743683 and parameters: {'n_estimators': 68, 'max_depth': 3, 'learning_rate': 0.046629679334060654}. Best is trial 321 with value: 41.67874455451965.
trail number 1401
[I 2025-07-19 12:11:27,225] Trial 1401 finished with value: 45.15999913215637 and parameters: {'n_estimators': 83, 'max_depth': 6, 'learning_rate': 0.05065170005096504}. Best is trial 321 with value: 41.67874455451965.
trail number 1398
[I 2025-07-19 12:11:27,283] Trial 1398 finished with value: 46.09846651554108 and parameters: {'n_estimators': 618, 'max_depth': 7, 'learning_rate': 0.05746726699075222}. Best is trial 321 with value: 41.67874455451965.
trail number 1400
[I 2025-07-19 12:11:28,114] Trial 1400 finished with value: 43.3879691362381 and parameters: {'n_estimators': 442, 'max_depth': 3, 'learning_rate': 0.04040453672342177}. Best is trial 321 with value: 41.67874455451965.
trail number 1404
[I 2025-07-19 12:11:29,386] Trial 1404 finished with value: 46.868619322776794 and parameters: {'n_estimators': 101, 'max_depth': 10, 'learning_rate': 0.06711804522076031}. Best is trial 321 with value: 41.67874455451965.
trail number 1403
[I 2025-07-19 12:11:30,122] Trial 1403 finished with value: 42.18405544757843 and parameters: {'n_estimators': 875, 'max_depth': 3, 'learning_rate': 0.010509704548456376}. Best is trial 321 with value: 41.67874455451965.
trail number 1406
[I 2025-07-19 12:11:30,283] Trial 1406 finished with value: 43.471715450286865 and parameters: {'n_estimators': 31, 'max_depth': 3, 'learning_rate': 0.0912808546186191}. Best is trial 321 with value: 41.67874455451965.
trail number 1397
[I 2025-07-19 12:11:30,959] Trial 1397 finished with value: 47.06836462020874 and parameters: {'n_estimators': 411, 'max_depth': 24, 'learning_rate': 0.034430259567857516}. Best is trial 321 with value: 41.67874455451965.
trail number 1402
[I 2025-07-19 12:11:31,106] Trial 1402 finished with value: 47.12779343128204 and parameters: {'n_estimators': 2370, 'max_depth': 15, 'learning_rate': 0.2771657131653566}. Best is trial 321 with value: 41.67874455451965.
trail number 1409
[I 2025-07-19 12:11:31,257] Trial 1409 finished with value: 49.9563604593277 and parameters: {'n_estimators': 14, 'max_depth': 6, 'learning_rate': 0.07357496187096507}. Best is trial 321 with value: 41.67874455451965.
trail number 1410
[I 2025-07-19 12:11:31,454] Trial 1410 finished with value: 56.59122586250305 and parameters: {'n_estimators': 17, 'max_depth': 7, 'learning_rate': 0.022743610404051342}. Best is trial 321 with value: 41.67874455451965.
trail number 1408
[I 2025-07-19 12:11:31,516] Trial 1408 finished with value: 44.41434860229492 and parameters: {'n_estimators': 53, 'max_depth': 6, 'learning_rate': 0.07715445175206702}. Best is trial 321 with value: 41.67874455451965.
trail number 1407
[I 2025-07-19 12:11:32,468] Trial 1407 finished with value: 46.971206068992615 and parameters: {'n_estimators': 916, 'max_depth': 9, 'learning_rate': 0.2494694571912614}. Best is trial 321 with value: 41.67874455451965.
trail number 1411
[I 2025-07-19 12:11:33,494] Trial 1411 finished with value: 43.774763345718384 and parameters: {'n_estimators': 606, 'max_depth': 3, 'learning_rate': 0.045991053649190275}. Best is trial 321 with value: 41.67874455451965.
trail number 1405
[I 2025-07-19 12:11:34,823] Trial 1405 finished with value: 46.953721046447754 and parameters: {'n_estimators': 1246, 'max_depth': 18, 'learning_rate': 0.1000526361675213}. Best is trial 321 with value: 41.67874455451965.
trail number 1413
[I 2025-07-19 12:11:35,289] Trial 1413 finished with value: 45.025389194488525 and parameters: {'n_estimators': 861, 'max_depth': 3, 'learning_rate': 0.07122532809072855}. Best is trial 321 with value: 41.67874455451965.
trail number 1412
[I 2025-07-19 12:11:35,476] Trial 1412 finished with value: 44.9813312292099 and parameters: {'n_estimators': 576, 'max_depth': 6, 'learning_rate': 0.012739831592180045}. Best is trial 321 with value: 41.67874455451965.
trail number 1414
[I 2025-07-19 12:11:35,572] Trial 1414 finished with value: 44.16130304336548 and parameters: {'n_estimators': 613, 'max_depth': 3, 'learning_rate': 0.05619514373156628}. Best is trial 321 with value: 41.67874455451965.
trail number 1415
[I 2025-07-19 12:11:36,809] Trial 1415 finished with value: 44.23279345035553 and parameters: {'n_estimators': 571, 'max_depth': 3, 'learning_rate': 0.05132328576797926}. Best is trial 321 with value: 41.67874455451965.
trail number 1416
[I 2025-07-19 12:11:37,439] Trial 1416 finished with value: 43.931885957717896 and parameters: {'n_estimators': 620, 'max_depth': 3, 'learning_rate': 0.04728375148991085}. Best is trial 321 with value: 41.67874455451965.
trail number 1417
[I 2025-07-19 12:11:37,957] Trial 1417 finished with value: 46.80067241191864 and parameters: {'n_estimators': 998, 'max_depth': 27, 'learning_rate': 0.28379935795971867}. Best is trial 321 with value: 41.67874455451965.
trail number 1418
[I 2025-07-19 12:11:42,578] Trial 1418 finished with value: 45.2263468503952 and parameters: {'n_estimators': 2212, 'max_depth': 3, 'learning_rate': 0.0711746286087181}. Best is trial 321 with value: 41.67874455451965.
trail number 1421
[I 2025-07-19 12:11:43,127] Trial 1421 finished with value: 46.40333831310272 and parameters: {'n_estimators': 864, 'max_depth': 9, 'learning_rate': 0.056900750398554564}. Best is trial 321 with value: 41.67874455451965.
trail number 1423
[I 2025-07-19 12:11:43,340] Trial 1423 finished with value: 48.468626737594604 and parameters: {'n_estimators': 27, 'max_depth': 5, 'learning_rate': 0.0430270477191612}. Best is trial 321 with value: 41.67874455451965.
trail number 1419
[I 2025-07-19 12:11:44,274] Trial 1419 finished with value: 46.69370114803314 and parameters: {'n_estimators': 4075, 'max_depth': 18, 'learning_rate': 0.1267817227130175}. Best is trial 321 with value: 41.67874455451965.
trail number 1422
[I 2025-07-19 12:11:44,673] Trial 1422 finished with value: 43.84539067745209 and parameters: {'n_estimators': 590, 'max_depth': 3, 'learning_rate': 0.05321562084829134}. Best is trial 321 with value: 41.67874455451965.
trail number 1420
[I 2025-07-19 12:11:44,809] Trial 1420 finished with value: 45.81031262874603 and parameters: {'n_estimators': 1167, 'max_depth': 7, 'learning_rate': 0.04272144154519724}. Best is trial 321 with value: 41.67874455451965.
trail number 1424
[I 2025-07-19 12:11:46,033] Trial 1424 finished with value: 44.80791985988617 and parameters: {'n_estimators': 817, 'max_depth': 3, 'learning_rate': 0.08215382378835479}. Best is trial 321 with value: 41.67874455451965.
trail number 1425
[I 2025-07-19 12:11:47,722] Trial 1425 finished with value: 42.72304654121399 and parameters: {'n_estimators': 1078, 'max_depth': 3, 'learning_rate': 0.012460851256389622}. Best is trial 321 with value: 41.67874455451965.
trail number 1428
[I 2025-07-19 12:11:49,629] Trial 1428 finished with value: 45.49492120742798 and parameters: {'n_estimators': 464, 'max_depth': 7, 'learning_rate': 0.075086897720819}. Best is trial 321 with value: 41.67874455451965.
trail number 1430
[I 2025-07-19 12:11:49,884] Trial 1430 finished with value: 43.22576820850372 and parameters: {'n_estimators': 60, 'max_depth': 3, 'learning_rate': 0.04629133111264454}. Best is trial 321 with value: 41.67874455451965.
trail number 1426
[I 2025-07-19 12:11:50,698] Trial 1426 finished with value: 45.97398281097412 and parameters: {'n_estimators': 753, 'max_depth': 7, 'learning_rate': 0.032722470527614234}. Best is trial 321 with value: 41.67874455451965.
trail number 1432
[I 2025-07-19 12:11:50,816] Trial 1432 finished with value: 47.669336795806885 and parameters: {'n_estimators': 21, 'max_depth': 3, 'learning_rate': 0.05595264183194043}. Best is trial 321 with value: 41.67874455451965.
trail number 1433
[I 2025-07-19 12:11:51,010] Trial 1433 finished with value: 58.28558802604675 and parameters: {'n_estimators': 25, 'max_depth': 5, 'learning_rate': 0.010228453037949205}. Best is trial 321 with value: 41.67874455451965.
trail number 1427
[I 2025-07-19 12:11:52,299] Trial 1427 finished with value: 46.00013554096222 and parameters: {'n_estimators': 997, 'max_depth': 7, 'learning_rate': 0.04058612777283292}. Best is trial 321 with value: 41.67874455451965.
trail number 1429
[I 2025-07-19 12:11:54,698] Trial 1429 finished with value: 46.45835757255554 and parameters: {'n_estimators': 740, 'max_depth': 10, 'learning_rate': 0.040651846776216014}. Best is trial 321 with value: 41.67874455451965.
trail number 1431
[I 2025-07-19 12:11:55,338] Trial 1431 finished with value: 46.329177021980286 and parameters: {'n_estimators': 661, 'max_depth': 7, 'learning_rate': 0.04127856758482963}. Best is trial 321 with value: 41.67874455451965.
trail number 1436
[I 2025-07-19 12:11:56,549] Trial 1436 finished with value: 44.89754259586334 and parameters: {'n_estimators': 565, 'max_depth': 3, 'learning_rate': 0.0831636657193055}. Best is trial 321 with value: 41.67874455451965.
trail number 1438
[I 2025-07-19 12:11:56,643] Trial 1438 finished with value: 59.65694546699524 and parameters: {'n_estimators': 15, 'max_depth': 3, 'learning_rate': 0.010786966600013185}. Best is trial 321 with value: 41.67874455451965.
trail number 1439
[I 2025-07-19 12:11:56,755] Trial 1439 finished with value: 53.18215012550354 and parameters: {'n_estimators': 12, 'max_depth': 5, 'learning_rate': 0.05018875062797011}. Best is trial 321 with value: 41.67874455451965.
trail number 1437
[I 2025-07-19 12:11:57,322] Trial 1437 finished with value: 42.03307867050171 and parameters: {'n_estimators': 550, 'max_depth': 3, 'learning_rate': 0.010030181797439168}. Best is trial 321 with value: 41.67874455451965.
trail number 1435
[I 2025-07-19 12:11:57,951] Trial 1435 finished with value: 44.67879354953766 and parameters: {'n_estimators': 818, 'max_depth': 6, 'learning_rate': 0.011438344533503605}. Best is trial 321 with value: 41.67874455451965.
trail number 1434
[I 2025-07-19 12:11:58,051] Trial 1434 finished with value: 46.06397807598114 and parameters: {'n_estimators': 847, 'max_depth': 7, 'learning_rate': 0.014249458979971093}. Best is trial 321 with value: 41.67874455451965.
trail number 1443
[I 2025-07-19 12:11:58,409] Trial 1443 finished with value: 46.6123765707016 and parameters: {'n_estimators': 36, 'max_depth': 7, 'learning_rate': 0.07128230477605267}. Best is trial 321 with value: 41.67874455451965.
trail number 1444
[I 2025-07-19 12:11:59,945] Trial 1444 finished with value: 41.98873162269592 and parameters: {'n_estimators': 477, 'max_depth': 3, 'learning_rate': 0.011417486234786514}. Best is trial 321 with value: 41.67874455451965.
trail number 1445
[I 2025-07-19 12:12:00,059] Trial 1445 finished with value: 47.71955728530884 and parameters: {'n_estimators': 19, 'max_depth': 3, 'learning_rate': 0.06083564384738471}. Best is trial 321 with value: 41.67874455451965.
trail number 1446
[I 2025-07-19 12:12:00,225] Trial 1446 finished with value: 50.639026165008545 and parameters: {'n_estimators': 17, 'max_depth': 6, 'learning_rate': 0.05502829174106478}. Best is trial 321 with value: 41.67874455451965.
trail number 1441
[I 2025-07-19 12:12:00,544] Trial 1441 finished with value: 42.29423761367798 and parameters: {'n_estimators': 910, 'max_depth': 3, 'learning_rate': 0.011635223021962637}. Best is trial 321 with value: 41.67874455451965.
trail number 1442
[I 2025-07-19 12:12:02,906] Trial 1442 finished with value: 46.35756313800812 and parameters: {'n_estimators': 2840, 'max_depth': 24, 'learning_rate': 0.23779566400947638}. Best is trial 321 with value: 41.67874455451965.
trail number 1448
[I 2025-07-19 12:12:04,019] Trial 1448 finished with value: 44.95772838592529 and parameters: {'n_estimators': 523, 'max_depth': 6, 'learning_rate': 0.08674611606292043}. Best is trial 321 with value: 41.67874455451965.
trail number 1447
[I 2025-07-19 12:12:04,212] Trial 1447 finished with value: 44.75809693336487 and parameters: {'n_estimators': 590, 'max_depth': 6, 'learning_rate': 0.06061971522826454}. Best is trial 321 with value: 41.67874455451965.
trail number 1440
[I 2025-07-19 12:12:05,310] Trial 1440 finished with value: 45.01229166984558 and parameters: {'n_estimators': 1239, 'max_depth': 6, 'learning_rate': 0.012502533176538322}. Best is trial 321 with value: 41.67874455451965.
trail number 1450
[I 2025-07-19 12:12:05,860] Trial 1450 finished with value: 43.885655999183655 and parameters: {'n_estimators': 540, 'max_depth': 3, 'learning_rate': 0.03929635388921447}. Best is trial 321 with value: 41.67874455451965.
trail number 1449
[I 2025-07-19 12:12:07,433] Trial 1449 finished with value: 45.63452184200287 and parameters: {'n_estimators': 1352, 'max_depth': 3, 'learning_rate': 0.0631421394878846}. Best is trial 321 with value: 41.67874455451965.
trail number 1454
[I 2025-07-19 12:12:07,548] Trial 1454 finished with value: 52.53704786300659 and parameters: {'n_estimators': 10, 'max_depth': 6, 'learning_rate': 0.07070817286854149}. Best is trial 321 with value: 41.67874455451965.
trail number 1452
[I 2025-07-19 12:12:08,367] Trial 1452 finished with value: 44.77353811264038 and parameters: {'n_estimators': 436, 'max_depth': 6, 'learning_rate': 0.05164086719370974}. Best is trial 321 with value: 41.67874455451965.
trail number 1453
[I 2025-07-19 12:12:08,699] Trial 1453 finished with value: 43.80008280277252 and parameters: {'n_estimators': 841, 'max_depth': 3, 'learning_rate': 0.040502513799130974}. Best is trial 321 with value: 41.67874455451965.
trail number 1456
[I 2025-07-19 12:12:10,261] Trial 1456 finished with value: 43.72240602970123 and parameters: {'n_estimators': 563, 'max_depth': 3, 'learning_rate': 0.049279621845312135}. Best is trial 321 with value: 41.67874455451965.
trail number 1458
[I 2025-07-19 12:12:10,483] Trial 1458 finished with value: 42.66297996044159 and parameters: {'n_estimators': 50, 'max_depth': 3, 'learning_rate': 0.07956643147821486}. Best is trial 321 with value: 41.67874455451965.
trail number 1455
[I 2025-07-19 12:12:11,524] Trial 1455 finished with value: 45.35380184650421 and parameters: {'n_estimators': 680, 'max_depth': 6, 'learning_rate': 0.09149879968040361}. Best is trial 321 with value: 41.67874455451965.
trail number 1457
[I 2025-07-19 12:12:12,297] Trial 1457 finished with value: 44.30891036987305 and parameters: {'n_estimators': 540, 'max_depth': 6, 'learning_rate': 0.08962764100585234}. Best is trial 321 with value: 41.67874455451965.
trail number 1460
[I 2025-07-19 12:12:13,580] Trial 1460 finished with value: 45.652695298194885 and parameters: {'n_estimators': 615, 'max_depth': 3, 'learning_rate': 0.09969039883511739}. Best is trial 321 with value: 41.67874455451965.
trail number 1462
[I 2025-07-19 12:12:13,785] Trial 1462 finished with value: 52.4652236700058 and parameters: {'n_estimators': 22, 'max_depth': 6, 'learning_rate': 0.03246855816668438}. Best is trial 321 with value: 41.67874455451965.
trail number 1459
[I 2025-07-19 12:12:14,191] Trial 1459 finished with value: 44.45523977279663 and parameters: {'n_estimators': 1114, 'max_depth': 3, 'learning_rate': 0.04836835796987251}. Best is trial 321 with value: 41.67874455451965.
trail number 1464
[I 2025-07-19 12:12:14,312] Trial 1464 finished with value: 44.47746217250824 and parameters: {'n_estimators': 23, 'max_depth': 3, 'learning_rate': 0.08253709254117168}. Best is trial 321 with value: 41.67874455451965.
trail number 1461
[I 2025-07-19 12:12:15,062] Trial 1461 finished with value: 45.65437436103821 and parameters: {'n_estimators': 789, 'max_depth': 3, 'learning_rate': 0.09903520668724632}. Best is trial 321 with value: 41.67874455451965.
trail number 1451
[I 2025-07-19 12:12:19,715] Trial 1451 finished with value: 45.48403799533844 and parameters: {'n_estimators': 4736, 'max_depth': 3, 'learning_rate': 0.06523785324617183}. Best is trial 321 with value: 41.67874455451965.
trail number 1467
[I 2025-07-19 12:12:20,019] Trial 1467 finished with value: 56.12536132335663 and parameters: {'n_estimators': 29, 'max_depth': 7, 'learning_rate': 0.01465938442790421}. Best is trial 321 with value: 41.67874455451965.
trail number 1463
[I 2025-07-19 12:12:21,143] Trial 1463 finished with value: 44.78584706783295 and parameters: {'n_estimators': 1041, 'max_depth': 6, 'learning_rate': 0.012416712655974264}. Best is trial 321 with value: 41.67874455451965.
trail number 1468
[I 2025-07-19 12:12:21,372] Trial 1468 finished with value: 43.35242688655853 and parameters: {'n_estimators': 380, 'max_depth': 3, 'learning_rate': 0.053218769755711645}. Best is trial 321 with value: 41.67874455451965.
trail number 1465
[I 2025-07-19 12:12:21,700] Trial 1465 finished with value: 46.64398789405823 and parameters: {'n_estimators': 4982, 'max_depth': 19, 'learning_rate': 0.2351028968868597}. Best is trial 321 with value: 41.67874455451965.
trail number 1471
[I 2025-07-19 12:12:23,709] Trial 1471 finished with value: 43.679407238960266 and parameters: {'n_estimators': 606, 'max_depth': 3, 'learning_rate': 0.04373464486850688}. Best is trial 321 with value: 41.67874455451965.
trail number 1469
[I 2025-07-19 12:12:24,700] Trial 1469 finished with value: 42.39254117012024 and parameters: {'n_estimators': 1026, 'max_depth': 3, 'learning_rate': 0.011123382619653142}. Best is trial 321 with value: 41.67874455451965.
trail number 1470
[I 2025-07-19 12:12:25,432] Trial 1470 finished with value: 46.05311691761017 and parameters: {'n_estimators': 1071, 'max_depth': 7, 'learning_rate': 0.09167645539153682}. Best is trial 321 with value: 41.67874455451965.
trail number 1466
[I 2025-07-19 12:12:28,427] Trial 1466 finished with value: 44.69605505466461 and parameters: {'n_estimators': 1942, 'max_depth': 6, 'learning_rate': 0.015008551085783112}. Best is trial 321 with value: 41.67874455451965.
trail number 1475
[I 2025-07-19 12:12:28,511] Trial 1475 finished with value: 51.87371075153351 and parameters: {'n_estimators': 11, 'max_depth': 3, 'learning_rate': 0.05839068426104482}. Best is trial 321 with value: 41.67874455451965.
trail number 1474
[I 2025-07-19 12:12:28,878] Trial 1474 finished with value: 45.0848513841629 and parameters: {'n_estimators': 484, 'max_depth': 6, 'learning_rate': 0.01306995351194817}. Best is trial 321 with value: 41.67874455451965.
trail number 1476
[I 2025-07-19 12:12:29,766] Trial 1476 finished with value: 42.70071625709534 and parameters: {'n_estimators': 366, 'max_depth': 3, 'learning_rate': 0.01078179886263728}. Best is trial 321 with value: 41.67874455451965.
trail number 1478
[I 2025-07-19 12:12:30,696] Trial 1478 finished with value: 47.318387031555176 and parameters: {'n_estimators': 71, 'max_depth': 10, 'learning_rate': 0.031801494976074776}. Best is trial 321 with value: 41.67874455451965.
trail number 1473
[I 2025-07-19 12:12:31,195] Trial 1473 finished with value: 46.313186287879944 and parameters: {'n_estimators': 773, 'max_depth': 10, 'learning_rate': 0.04655247620454557}. Best is trial 321 with value: 41.67874455451965.
trail number 1480
[I 2025-07-19 12:12:31,445] Trial 1480 finished with value: 43.750412464141846 and parameters: {'n_estimators': 60, 'max_depth': 3, 'learning_rate': 0.03809816896765955}. Best is trial 321 with value: 41.67874455451965.
trail number 1481
[I 2025-07-19 12:12:31,550] Trial 1481 finished with value: 47.552685141563416 and parameters: {'n_estimators': 15, 'max_depth': 3, 'learning_rate': 0.07669092443894943}. Best is trial 321 with value: 41.67874455451965.
trail number 1472
