[I 2025-07-19 12:16:20,205] Trial 1758 finished with value: 53.30475926399231 and parameters: {'n_estimators': 14, 'max_depth': 3, 'learning_rate': 0.03835616868709929}. Best is trial 321 with value: 41.67874455451965.
trail number 1756
[I 2025-07-19 12:16:21,522] Trial 1756 finished with value: 46.254212856292725 and parameters: {'n_estimators': 1125, 'max_depth': 7, 'learning_rate': 0.09564147511082928}. Best is trial 321 with value: 41.67874455451965.
trail number 1753
[I 2025-07-19 12:16:21,812] Trial 1753 finished with value: 45.69658577442169 and parameters: {'n_estimators': 708, 'max_depth': 7, 'learning_rate': 0.04191653831159742}. Best is trial 321 with value: 41.67874455451965.
trail number 1755
[I 2025-07-19 12:16:21,824] Trial 1755 finished with value: 44.5717716217041 and parameters: {'n_estimators': 1076, 'max_depth': 6, 'learning_rate': 0.0787666006163064}. Best is trial 321 with value: 41.67874455451965.
trail number 1760
[I 2025-07-19 12:16:23,643] Trial 1760 finished with value: 44.840272068977356 and parameters: {'n_estimators': 614, 'max_depth': 3, 'learning_rate': 0.07544711950640091}. Best is trial 321 with value: 41.67874455451965.
trail number 1761
[I 2025-07-19 12:16:24,316] Trial 1761 finished with value: 43.84094059467316 and parameters: {'n_estimators': 722, 'max_depth': 3, 'learning_rate': 0.04479423897431473}. Best is trial 321 with value: 41.67874455451965.
trail number 1763
[I 2025-07-19 12:16:25,398] Trial 1763 finished with value: 41.97009265422821 and parameters: {'n_estimators': 514, 'max_depth': 3, 'learning_rate': 0.01120658033571487}. Best is trial 321 with value: 41.67874455451965.
trail number 1759
[I 2025-07-19 12:16:25,505] Trial 1759 finished with value: 44.92064714431763 and parameters: {'n_estimators': 736, 'max_depth': 6, 'learning_rate': 0.01107985625874034}. Best is trial 321 with value: 41.67874455451965.
trail number 1766
[I 2025-07-19 12:16:26,818] Trial 1766 finished with value: 42.59101748466492 and parameters: {'n_estimators': 384, 'max_depth': 3, 'learning_rate': 0.010590174744681902}. Best is trial 321 with value: 41.67874455451965.
trail number 1762
[I 2025-07-19 12:16:26,882] Trial 1762 finished with value: 45.03346860408783 and parameters: {'n_estimators': 1458, 'max_depth': 3, 'learning_rate': 0.04594220757684207}. Best is trial 321 with value: 41.67874455451965.
trail number 1767
[I 2025-07-19 12:16:26,972] Trial 1767 finished with value: 52.647778391838074 and parameters: {'n_estimators': 19, 'max_depth': 3, 'learning_rate': 0.031130946058374076}. Best is trial 321 with value: 41.67874455451965.
trail number 1768
[I 2025-07-19 12:16:27,248] Trial 1768 finished with value: 49.607757925987244 and parameters: {'n_estimators': 31, 'max_depth': 7, 'learning_rate': 0.04127973699376832}. Best is trial 321 with value: 41.67874455451965.
trail number 1769
[I 2025-07-19 12:16:30,334] Trial 1769 finished with value: 46.030922532081604 and parameters: {'n_estimators': 504, 'max_depth': 7, 'learning_rate': 0.09228033076698632}. Best is trial 321 with value: 41.67874455451965.
trail number 1771
[I 2025-07-19 12:16:30,576] Trial 1771 finished with value: 46.13797962665558 and parameters: {'n_estimators': 27, 'max_depth': 6, 'learning_rate': 0.07074548874373249}. Best is trial 321 with value: 41.67874455451965.
trail number 1765
[I 2025-07-19 12:16:30,917] Trial 1765 finished with value: 45.00358998775482 and parameters: {'n_estimators': 1574, 'max_depth': 3, 'learning_rate': 0.03645230640264026}. Best is trial 321 with value: 41.67874455451965.
trail number 1764
[I 2025-07-19 12:16:31,177] Trial 1764 finished with value: 43.779370188713074 and parameters: {'n_estimators': 1976, 'max_depth': 3, 'learning_rate': 0.011357707185513537}. Best is trial 321 with value: 41.67874455451965.
trail number 1774
[I 2025-07-19 12:16:31,327] Trial 1774 finished with value: 53.38313639163971 and parameters: {'n_estimators': 15, 'max_depth': 6, 'learning_rate': 0.04196486234530973}. Best is trial 321 with value: 41.67874455451965.
trail number 1775
[I 2025-07-19 12:16:31,457] Trial 1775 finished with value: 49.56193029880524 and parameters: {'n_estimators': 11, 'max_depth': 6, 'learning_rate': 0.09408056037617914}. Best is trial 321 with value: 41.67874455451965.
trail number 1773
[I 2025-07-19 12:16:35,314] Trial 1773 finished with value: 45.587411522865295 and parameters: {'n_estimators': 510, 'max_depth': 7, 'learning_rate': 0.056118094809467486}. Best is trial 321 with value: 41.67874455451965.
trail number 1777
[I 2025-07-19 12:16:35,761] Trial 1777 finished with value: 46.16932034492493 and parameters: {'n_estimators': 45, 'max_depth': 7, 'learning_rate': 0.06955745860312101}. Best is trial 321 with value: 41.67874455451965.
trail number 1770
[I 2025-07-19 12:16:35,961] Trial 1770 finished with value: 45.84456205368042 and parameters: {'n_estimators': 1255, 'max_depth': 7, 'learning_rate': 0.03690541110330458}. Best is trial 321 with value: 41.67874455451965.
trail number 1772
[I 2025-07-19 12:16:37,691] Trial 1772 finished with value: 45.510119795799255 and parameters: {'n_estimators': 2046, 'max_depth': 3, 'learning_rate': 0.04072359372939284}. Best is trial 321 with value: 41.67874455451965.
trail number 1779
[I 2025-07-19 12:16:39,162] Trial 1779 finished with value: 45.49920916557312 and parameters: {'n_estimators': 652, 'max_depth': 6, 'learning_rate': 0.11448889228734045}. Best is trial 321 with value: 41.67874455451965.
trail number 1776
[I 2025-07-19 12:16:39,630] Trial 1776 finished with value: 45.003559589385986 and parameters: {'n_estimators': 1165, 'max_depth': 6, 'learning_rate': 0.040571582873063006}. Best is trial 321 with value: 41.67874455451965.
trail number 1781
[I 2025-07-19 12:16:41,478] Trial 1781 finished with value: 45.374075174331665 and parameters: {'n_estimators': 663, 'max_depth': 3, 'learning_rate': 0.0842234415263455}. Best is trial 321 with value: 41.67874455451965.
trail number 1780
[I 2025-07-19 12:16:41,780] Trial 1780 finished with value: 42.701520919799805 and parameters: {'n_estimators': 1164, 'max_depth': 3, 'learning_rate': 0.010489476746112943}. Best is trial 321 with value: 41.67874455451965.
trail number 1784
[I 2025-07-19 12:16:41,937] Trial 1784 finished with value: 50.48253834247589 and parameters: {'n_estimators': 15, 'max_depth': 6, 'learning_rate': 0.06273265111756761}. Best is trial 321 with value: 41.67874455451965.
trail number 1785
[I 2025-07-19 12:16:42,072] Trial 1785 finished with value: 55.525230169296265 and parameters: {'n_estimators': 25, 'max_depth': 3, 'learning_rate': 0.015521901334529738}. Best is trial 321 with value: 41.67874455451965.
trail number 1786
[I 2025-07-19 12:16:44,633] Trial 1786 finished with value: 42.098583579063416 and parameters: {'n_estimators': 760, 'max_depth': 3, 'learning_rate': 0.01100353684936488}. Best is trial 321 with value: 41.67874455451965.
trail number 1783
[I 2025-07-19 12:16:44,858] Trial 1783 finished with value: 44.47541952133179 and parameters: {'n_estimators': 714, 'max_depth': 6, 'learning_rate': 0.1221200838063785}. Best is trial 321 with value: 41.67874455451965.
trail number 1778
[I 2025-07-19 12:16:45,140] Trial 1778 finished with value: 46.612401604652405 and parameters: {'n_estimators': 4903, 'max_depth': 29, 'learning_rate': 0.11691290230659898}. Best is trial 321 with value: 41.67874455451965.
trail number 1782
[I 2025-07-19 12:16:47,084] Trial 1782 finished with value: 44.75492477416992 and parameters: {'n_estimators': 1044, 'max_depth': 6, 'learning_rate': 0.011639783253600815}. Best is trial 321 with value: 41.67874455451965.
trail number 1789
[I 2025-07-19 12:16:47,820] Trial 1789 finished with value: 44.89663481712341 and parameters: {'n_estimators': 789, 'max_depth': 3, 'learning_rate': 0.07381970664390866}. Best is trial 321 with value: 41.67874455451965.
trail number 1787
[I 2025-07-19 12:16:49,078] Trial 1787 finished with value: 44.461846351623535 and parameters: {'n_estimators': 627, 'max_depth': 6, 'learning_rate': 0.04904936851893579}. Best is trial 321 with value: 41.67874455451965.
trail number 1790
[I 2025-07-19 12:16:49,175] Trial 1790 finished with value: 45.77638030052185 and parameters: {'n_estimators': 599, 'max_depth': 3, 'learning_rate': 0.0905020551843901}. Best is trial 321 with value: 41.67874455451965.
trail number 1788
[I 2025-07-19 12:16:49,274] Trial 1788 finished with value: 44.14581477642059 and parameters: {'n_estimators': 616, 'max_depth': 6, 'learning_rate': 0.033389171261086294}. Best is trial 321 with value: 41.67874455451965.
trail number 1793
[I 2025-07-19 12:16:49,346] Trial 1793 finished with value: 50.336753129959106 and parameters: {'n_estimators': 13, 'max_depth': 6, 'learning_rate': 0.0717356007895989}. Best is trial 321 with value: 41.67874455451965.
trail number 1795
[I 2025-07-19 12:16:49,497] Trial 1795 finished with value: 43.585625886917114 and parameters: {'n_estimators': 30, 'max_depth': 3, 'learning_rate': 0.09871454159061885}. Best is trial 321 with value: 41.67874455451965.
trail number 1791
[I 2025-07-19 12:16:50,072] Trial 1791 finished with value: 44.087138175964355 and parameters: {'n_estimators': 594, 'max_depth': 3, 'learning_rate': 0.04473822597500344}. Best is trial 321 with value: 41.67874455451965.
trail number 1792
[I 2025-07-19 12:16:51,522] Trial 1792 finished with value: 44.6728378534317 and parameters: {'n_estimators': 634, 'max_depth': 3, 'learning_rate': 0.061404044113276046}. Best is trial 321 with value: 41.67874455451965.
trail number 1797
[I 2025-07-19 12:16:51,740] Trial 1797 finished with value: 43.45448553562164 and parameters: {'n_estimators': 479, 'max_depth': 3, 'learning_rate': 0.04839620586937539}. Best is trial 321 with value: 41.67874455451965.
trail number 1796
[I 2025-07-19 12:16:53,516] Trial 1796 finished with value: 44.64269161224365 and parameters: {'n_estimators': 1181, 'max_depth': 3, 'learning_rate': 0.043578807624923534}. Best is trial 321 with value: 41.67874455451965.
trail number 1800
[I 2025-07-19 12:16:53,829] Trial 1800 finished with value: 44.035903215408325 and parameters: {'n_estimators': 49, 'max_depth': 5, 'learning_rate': 0.13414238697077074}. Best is trial 321 with value: 41.67874455451965.
trail number 1799
[I 2025-07-19 12:16:53,935] Trial 1799 finished with value: 44.29576277732849 and parameters: {'n_estimators': 649, 'max_depth': 3, 'learning_rate': 0.05587443389820639}. Best is trial 321 with value: 41.67874455451965.
trail number 1802
[I 2025-07-19 12:16:54,122] Trial 1802 finished with value: 42.764498591423035 and parameters: {'n_estimators': 40, 'max_depth': 3, 'learning_rate': 0.08815244798435704}. Best is trial 321 with value: 41.67874455451965.
trail number 1794
[I 2025-07-19 12:16:54,220] Trial 1794 finished with value: 44.72117245197296 and parameters: {'n_estimators': 671, 'max_depth': 6, 'learning_rate': 0.04101247552123914}. Best is trial 321 with value: 41.67874455451965.
trail number 1804
[I 2025-07-19 12:16:54,647] Trial 1804 finished with value: 42.58273959159851 and parameters: {'n_estimators': 103, 'max_depth': 3, 'learning_rate': 0.0428922643648421}. Best is trial 321 with value: 41.67874455451965.
trail number 1805
[I 2025-07-19 12:16:55,094] Trial 1805 finished with value: 47.616939544677734 and parameters: {'n_estimators': 34, 'max_depth': 9, 'learning_rate': 0.0615632378884622}. Best is trial 321 with value: 41.67874455451965.
trail number 1801
[I 2025-07-19 12:16:57,109] Trial 1801 finished with value: 45.05981743335724 and parameters: {'n_estimators': 458, 'max_depth': 6, 'learning_rate': 0.044848115070890156}. Best is trial 321 with value: 41.67874455451965.
trail number 1798
[I 2025-07-19 12:16:57,366] Trial 1798 finished with value: 45.61538636684418 and parameters: {'n_estimators': 667, 'max_depth': 7, 'learning_rate': 0.011430310899020453}. Best is trial 321 with value: 41.67874455451965.
trail number 1808
[I 2025-07-19 12:16:57,544] Trial 1808 finished with value: 46.18923008441925 and parameters: {'n_estimators': 38, 'max_depth': 3, 'learning_rate': 0.03941181930478393}. Best is trial 321 with value: 41.67874455451965.
trail number 1806
[I 2025-07-19 12:16:57,860] Trial 1806 finished with value: 44.72699761390686 and parameters: {'n_estimators': 382, 'max_depth': 6, 'learning_rate': 0.013226637586094636}. Best is trial 321 with value: 41.67874455451965.
trail number 1803
[I 2025-07-19 12:16:59,657] Trial 1803 finished with value: 45.55169641971588 and parameters: {'n_estimators': 634, 'max_depth': 7, 'learning_rate': 0.04560760730464143}. Best is trial 321 with value: 41.67874455451965.
trail number 1811
[I 2025-07-19 12:17:00,752] Trial 1811 finished with value: 43.068286776542664 and parameters: {'n_estimators': 314, 'max_depth': 3, 'learning_rate': 0.010159981669767178}. Best is trial 321 with value: 41.67874455451965.
trail number 1809
[I 2025-07-19 12:17:02,090] Trial 1809 finished with value: 44.876582622528076 and parameters: {'n_estimators': 748, 'max_depth': 6, 'learning_rate': 0.07934012495766588}. Best is trial 321 with value: 41.67874455451965.
trail number 1810
[I 2025-07-19 12:17:02,776] Trial 1810 finished with value: 43.23932647705078 and parameters: {'n_estimators': 1454, 'max_depth': 3, 'learning_rate': 0.011150172000057275}. Best is trial 321 with value: 41.67874455451965.
trail number 1807
[I 2025-07-19 12:17:03,831] Trial 1807 finished with value: 45.592631101608276 and parameters: {'n_estimators': 4271, 'max_depth': 4, 'learning_rate': 0.2770213236538693}. Best is trial 321 with value: 41.67874455451965.
trail number 1815
[I 2025-07-19 12:17:04,441] Trial 1815 finished with value: 47.60942995548248 and parameters: {'n_estimators': 45, 'max_depth': 10, 'learning_rate': 0.0458041916118471}. Best is trial 321 with value: 41.67874455451965.
trail number 1814
[I 2025-07-19 12:17:04,889] Trial 1814 finished with value: 45.55981993675232 and parameters: {'n_estimators': 589, 'max_depth': 3, 'learning_rate': 0.11203584724661425}. Best is trial 321 with value: 41.67874455451965.
trail number 1817
[I 2025-07-19 12:17:05,050] Trial 1817 finished with value: 45.041344165802 and parameters: {'n_estimators': 31, 'max_depth': 3, 'learning_rate': 0.057635069354430246}. Best is trial 321 with value: 41.67874455451965.
trail number 1816
[I 2025-07-19 12:17:06,345] Trial 1816 finished with value: 44.317113757133484 and parameters: {'n_estimators': 501, 'max_depth': 3, 'learning_rate': 0.0789458279029607}. Best is trial 321 with value: 41.67874455451965.
trail number 1812
[I 2025-07-19 12:17:07,375] Trial 1812 finished with value: 47.63313174247742 and parameters: {'n_estimators': 4336, 'max_depth': 23, 'learning_rate': 0.2940045047151008}. Best is trial 321 with value: 41.67874455451965.
trail number 1820
[I 2025-07-19 12:17:07,535] Trial 1820 finished with value: 48.64392101764679 and parameters: {'n_estimators': 15, 'max_depth': 6, 'learning_rate': 0.08004221046648707}. Best is trial 321 with value: 41.67874455451965.
trail number 1813
[I 2025-07-19 12:17:08,447] Trial 1813 finished with value: 46.19016349315643 and parameters: {'n_estimators': 2191, 'max_depth': 9, 'learning_rate': 0.06806036451759093}. Best is trial 321 with value: 41.67874455451965.
trail number 1819
[I 2025-07-19 12:17:09,538] Trial 1819 finished with value: 42.48777389526367 and parameters: {'n_estimators': 904, 'max_depth': 3, 'learning_rate': 0.011470597933128455}. Best is trial 321 with value: 41.67874455451965.
trail number 1818
[I 2025-07-19 12:17:09,848] Trial 1818 finished with value: 45.81709682941437 and parameters: {'n_estimators': 1322, 'max_depth': 3, 'learning_rate': 0.0858059285969598}. Best is trial 321 with value: 41.67874455451965.
trail number 1822
[I 2025-07-19 12:17:11,243] Trial 1822 finished with value: 44.418566823005676 and parameters: {'n_estimators': 832, 'max_depth': 3, 'learning_rate': 0.046812676504077555}. Best is trial 321 with value: 41.67874455451965.
trail number 1824
[I 2025-07-19 12:17:11,480] Trial 1824 finished with value: 45.26606619358063 and parameters: {'n_estimators': 483, 'max_depth': 3, 'learning_rate': 0.13369551211617864}. Best is trial 321 with value: 41.67874455451965.
trail number 1823
[I 2025-07-19 12:17:12,159] Trial 1823 finished with value: 44.32672917842865 and parameters: {'n_estimators': 748, 'max_depth': 3, 'learning_rate': 0.051755843062034665}. Best is trial 321 with value: 41.67874455451965.
trail number 1821
[I 2025-07-19 12:17:12,418] Trial 1821 finished with value: 46.989333629608154 and parameters: {'n_estimators': 859, 'max_depth': 10, 'learning_rate': 0.06692797487066539}. Best is trial 321 with value: 41.67874455451965.
trail number 1827
[I 2025-07-19 12:17:12,607] Trial 1827 finished with value: 52.45803654193878 and parameters: {'n_estimators': 39, 'max_depth': 7, 'learning_rate': 0.02064073603877377}. Best is trial 321 with value: 41.67874455451965.
trail number 1826
[I 2025-07-19 12:17:13,464] Trial 1826 finished with value: 44.31163012981415 and parameters: {'n_estimators': 560, 'max_depth': 3, 'learning_rate': 0.08618090770249365}. Best is trial 321 with value: 41.67874455451965.
trail number 1830
[I 2025-07-19 12:17:13,577] Trial 1830 finished with value: 47.71310806274414 and parameters: {'n_estimators': 18, 'max_depth': 3, 'learning_rate': 0.06342090831010844}. Best is trial 321 with value: 41.67874455451965.
trail number 1831
[I 2025-07-19 12:17:13,713] Trial 1831 finished with value: 46.48980259895325 and parameters: {'n_estimators': 25, 'max_depth': 3, 'learning_rate': 0.055052197303645384}. Best is trial 321 with value: 41.67874455451965.
trail number 1832
[I 2025-07-19 12:17:14,224] Trial 1832 finished with value: 52.02390015125275 and parameters: {'n_estimators': 73, 'max_depth': 5, 'learning_rate': 0.010125043729905012}. Best is trial 321 with value: 41.67874455451965.
trail number 1829
[I 2025-07-19 12:17:14,515] Trial 1829 finished with value: 42.135242223739624 and parameters: {'n_estimators': 494, 'max_depth': 3, 'learning_rate': 0.010435511828544524}. Best is trial 321 with value: 41.67874455451965.
trail number 1825
[I 2025-07-19 12:17:14,969] Trial 1825 finished with value: 47.15476870536804 and parameters: {'n_estimators': 1415, 'max_depth': 13, 'learning_rate': 0.17495653126355065}. Best is trial 321 with value: 41.67874455451965.
trail number 1835
[I 2025-07-19 12:17:19,924] Trial 1835 finished with value: 45.70562958717346 and parameters: {'n_estimators': 637, 'max_depth': 7, 'learning_rate': 0.03698935920339924}. Best is trial 321 with value: 41.67874455451965.
trail number 1833
[I 2025-07-19 12:17:22,460] Trial 1833 finished with value: 46.90882623195648 and parameters: {'n_estimators': 1166, 'max_depth': 11, 'learning_rate': 0.03852468966086532}. Best is trial 321 with value: 41.67874455451965.
trail number 1834
[I 2025-07-19 12:17:23,264] Trial 1834 finished with value: 46.43727004528046 and parameters: {'n_estimators': 910, 'max_depth': 8, 'learning_rate': 0.011603305702304724}. Best is trial 321 with value: 41.67874455451965.
trail number 1828
[I 2025-07-19 12:17:23,869] Trial 1828 finished with value: 46.372480392456055 and parameters: {'n_estimators': 1351, 'max_depth': 7, 'learning_rate': 0.012184033085380672}. Best is trial 321 with value: 41.67874455451965.
trail number 1837
[I 2025-07-19 12:17:27,018] Trial 1837 finished with value: 45.45495688915253 and parameters: {'n_estimators': 1371, 'max_depth': 3, 'learning_rate': 0.08428089281920952}. Best is trial 321 with value: 41.67874455451965.
trail number 1838
[I 2025-07-19 12:17:27,638] Trial 1838 finished with value: 45.90559363365173 and parameters: {'n_estimators': 1303, 'max_depth': 3, 'learning_rate': 0.07401130476315541}. Best is trial 321 with value: 41.67874455451965.
trail number 1841
[I 2025-07-19 12:17:27,833] Trial 1841 finished with value: 50.64834237098694 and parameters: {'n_estimators': 20, 'max_depth': 6, 'learning_rate': 0.0468139856786166}. Best is trial 321 with value: 41.67874455451965.
trail number 1839
[I 2025-07-19 12:17:28,597] Trial 1839 finished with value: 45.69719672203064 and parameters: {'n_estimators': 1231, 'max_depth': 7, 'learning_rate': 0.07937542566409299}. Best is trial 321 with value: 41.67874455451965.
trail number 1836
[I 2025-07-19 12:17:28,767] Trial 1836 finished with value: 45.92378914356232 and parameters: {'n_estimators': 2684, 'max_depth': 3, 'learning_rate': 0.1094000668662094}. Best is trial 321 with value: 41.67874455451965.
trail number 1843
[I 2025-07-19 12:17:30,295] Trial 1843 finished with value: 45.17311692237854 and parameters: {'n_estimators': 494, 'max_depth': 3, 'learning_rate': 0.09591713924735798}. Best is trial 321 with value: 41.67874455451965.
trail number 1840
[I 2025-07-19 12:17:30,897] Trial 1840 finished with value: 45.59465944766998 and parameters: {'n_estimators': 645, 'max_depth': 6, 'learning_rate': 0.09209745111468114}. Best is trial 321 with value: 41.67874455451965.
trail number 1842
[I 2025-07-19 12:17:31,554] Trial 1842 finished with value: 46.086161732673645 and parameters: {'n_estimators': 505, 'max_depth': 7, 'learning_rate': 0.08362546786661611}. Best is trial 321 with value: 41.67874455451965.
trail number 1847
[I 2025-07-19 12:17:31,766] Trial 1847 finished with value: 42.940698862075806 and parameters: {'n_estimators': 46, 'max_depth': 3, 'learning_rate': 0.06998141636759483}. Best is trial 321 with value: 41.67874455451965.
trail number 1848
[I 2025-07-19 12:17:31,899] Trial 1848 finished with value: 44.69178259372711 and parameters: {'n_estimators': 24, 'max_depth': 3, 'learning_rate': 0.07889004494902795}. Best is trial 321 with value: 41.67874455451965.
trail number 1844
[I 2025-07-19 12:17:32,170] Trial 1844 finished with value: 46.01806700229645 and parameters: {'n_estimators': 601, 'max_depth': 7, 'learning_rate': 0.09780572767803962}. Best is trial 321 with value: 41.67874455451965.
trail number 1846
