[I 2025-07-19 12:17:32,223] Trial 1846 finished with value: 46.579447984695435 and parameters: {'n_estimators': 57, 'max_depth': 18, 'learning_rate': 0.28365354923135333}. Best is trial 321 with value: 41.67874455451965.
trail number 1845
[I 2025-07-19 12:17:34,789] Trial 1845 finished with value: 44.819191694259644 and parameters: {'n_estimators': 642, 'max_depth': 6, 'learning_rate': 0.03785286885137278}. Best is trial 321 with value: 41.67874455451965.
trail number 1851
[I 2025-07-19 12:17:35,488] Trial 1851 finished with value: 47.082064151763916 and parameters: {'n_estimators': 1879, 'max_depth': 20, 'learning_rate': 0.2969713394132919}. Best is trial 321 with value: 41.67874455451965.
trail number 1850
[I 2025-07-19 12:17:35,842] Trial 1850 finished with value: 44.3041729927063 and parameters: {'n_estimators': 1114, 'max_depth': 3, 'learning_rate': 0.036691570045944075}. Best is trial 321 with value: 41.67874455451965.
trail number 1849
[I 2025-07-19 12:17:36,881] Trial 1849 finished with value: 44.17186737060547 and parameters: {'n_estimators': 727, 'max_depth': 6, 'learning_rate': 0.03237258040664674}. Best is trial 321 with value: 41.67874455451965.
trail number 1853
[I 2025-07-19 12:17:37,804] Trial 1853 finished with value: 46.66348397731781 and parameters: {'n_estimators': 169, 'max_depth': 11, 'learning_rate': 0.12504655148992408}. Best is trial 321 with value: 41.67874455451965.
trail number 1852
[I 2025-07-19 12:17:38,174] Trial 1852 finished with value: 44.77096676826477 and parameters: {'n_estimators': 991, 'max_depth': 3, 'learning_rate': 0.0370205166829934}. Best is trial 321 with value: 41.67874455451965.
trail number 1854
[I 2025-07-19 12:17:39,100] Trial 1854 finished with value: 44.88480567932129 and parameters: {'n_estimators': 986, 'max_depth': 3, 'learning_rate': 0.042586809904420264}. Best is trial 321 with value: 41.67874455451965.
trail number 1858
[I 2025-07-19 12:17:39,470] Trial 1858 finished with value: 48.8213986158371 and parameters: {'n_estimators': 99, 'max_depth': 3, 'learning_rate': 0.010229387219824602}. Best is trial 321 with value: 41.67874455451965.
trail number 1856
[I 2025-07-19 12:17:39,919] Trial 1856 finished with value: 44.05263304710388 and parameters: {'n_estimators': 604, 'max_depth': 3, 'learning_rate': 0.04001690884941228}. Best is trial 321 with value: 41.67874455451965.
trail number 1855
[I 2025-07-19 12:17:41,400] Trial 1855 finished with value: 46.23619854450226 and parameters: {'n_estimators': 542, 'max_depth': 7, 'learning_rate': 0.0465292641983572}. Best is trial 321 with value: 41.67874455451965.
trail number 1860
[I 2025-07-19 12:17:42,320] Trial 1860 finished with value: 43.97722363471985 and parameters: {'n_estimators': 721, 'max_depth': 3, 'learning_rate': 0.04085919308398255}. Best is trial 321 with value: 41.67874455451965.
trail number 1861
[I 2025-07-19 12:17:43,451] Trial 1861 finished with value: 44.63310718536377 and parameters: {'n_estimators': 596, 'max_depth': 3, 'learning_rate': 0.08567198376458504}. Best is trial 321 with value: 41.67874455451965.
trail number 1859
[I 2025-07-19 12:17:43,811] Trial 1859 finished with value: 45.86547374725342 and parameters: {'n_estimators': 518, 'max_depth': 7, 'learning_rate': 0.0505548673165274}. Best is trial 321 with value: 41.67874455451965.
trail number 1857
[I 2025-07-19 12:17:48,063] Trial 1857 finished with value: 44.94212329387665 and parameters: {'n_estimators': 4703, 'max_depth': 3, 'learning_rate': 0.16083998002829492}. Best is trial 321 with value: 41.67874455451965.
trail number 1865
[I 2025-07-19 12:17:48,497] Trial 1865 finished with value: 45.22058963775635 and parameters: {'n_estimators': 40, 'max_depth': 7, 'learning_rate': 0.11727533790719769}. Best is trial 321 with value: 41.67874455451965.
trail number 1862
[I 2025-07-19 12:17:50,518] Trial 1862 finished with value: 44.41409945487976 and parameters: {'n_estimators': 3906, 'max_depth': 4, 'learning_rate': 0.13209535785618368}. Best is trial 321 with value: 41.67874455451965.
trail number 1866
[I 2025-07-19 12:17:50,635] Trial 1866 finished with value: 43.567585945129395 and parameters: {'n_estimators': 616, 'max_depth': 3, 'learning_rate': 0.05433204304465437}. Best is trial 321 with value: 41.67874455451965.
trail number 1864
[I 2025-07-19 12:17:51,150] Trial 1864 finished with value: 46.76886737346649 and parameters: {'n_estimators': 1963, 'max_depth': 16, 'learning_rate': 0.07381606846704665}. Best is trial 321 with value: 41.67874455451965.
trail number 1869
[I 2025-07-19 12:17:51,310] Trial 1869 finished with value: 43.53892922401428 and parameters: {'n_estimators': 31, 'max_depth': 3, 'learning_rate': 0.07374243144662294}. Best is trial 321 with value: 41.67874455451965.
trail number 1870
[I 2025-07-19 12:17:51,973] Trial 1870 finished with value: 43.4055495262146 and parameters: {'n_estimators': 163, 'max_depth': 3, 'learning_rate': 0.13644771130198993}. Best is trial 321 with value: 41.67874455451965.
trail number 1863
[I 2025-07-19 12:17:52,728] Trial 1863 finished with value: 46.22348368167877 and parameters: {'n_estimators': 677, 'max_depth': 10, 'learning_rate': 0.012227211957989842}. Best is trial 321 with value: 41.67874455451965.
trail number 1868
[I 2025-07-19 12:17:55,465] Trial 1868 finished with value: 44.95457649230957 and parameters: {'n_estimators': 683, 'max_depth': 6, 'learning_rate': 0.015622524466025849}. Best is trial 321 with value: 41.67874455451965.
trail number 1871
[I 2025-07-19 12:17:56,905] Trial 1871 finished with value: 46.45426571369171 and parameters: {'n_estimators': 574, 'max_depth': 10, 'learning_rate': 0.0571414959360808}. Best is trial 321 with value: 41.67874455451965.
trail number 1873
[I 2025-07-19 12:17:57,569] Trial 1873 finished with value: 42.01984524726868 and parameters: {'n_estimators': 609, 'max_depth': 3, 'learning_rate': 0.010975025698840974}. Best is trial 321 with value: 41.67874455451965.
trail number 1872
[I 2025-07-19 12:17:57,802] Trial 1872 finished with value: 46.53402030467987 and parameters: {'n_estimators': 587, 'max_depth': 10, 'learning_rate': 0.05695953798593534}. Best is trial 321 with value: 41.67874455451965.
trail number 1867
[I 2025-07-19 12:17:59,301] Trial 1867 finished with value: 46.1497038602829 and parameters: {'n_estimators': 658, 'max_depth': 10, 'learning_rate': 0.01219938359350847}. Best is trial 321 with value: 41.67874455451965.
trail number 1876
[I 2025-07-19 12:17:59,985] Trial 1876 finished with value: 44.98941779136658 and parameters: {'n_estimators': 655, 'max_depth': 3, 'learning_rate': 0.0971790428652469}. Best is trial 321 with value: 41.67874455451965.
trail number 1875
[I 2025-07-19 12:18:00,929] Trial 1875 finished with value: 44.903637766838074 and parameters: {'n_estimators': 997, 'max_depth': 3, 'learning_rate': 0.04754272614012518}. Best is trial 321 with value: 41.67874455451965.
trail number 1874
[I 2025-07-19 12:18:01,108] Trial 1874 finished with value: 45.515541434288025 and parameters: {'n_estimators': 691, 'max_depth': 7, 'learning_rate': 0.07738322899551585}. Best is trial 321 with value: 41.67874455451965.
trail number 1879
[I 2025-07-19 12:18:01,279] Trial 1879 finished with value: 50.461164712905884 and parameters: {'n_estimators': 35, 'max_depth': 6, 'learning_rate': 0.027443876670583595}. Best is trial 321 with value: 41.67874455451965.
trail number 1877
[I 2025-07-19 12:18:01,853] Trial 1877 finished with value: 42.143657207489014 and parameters: {'n_estimators': 716, 'max_depth': 3, 'learning_rate': 0.012599369575414833}. Best is trial 321 with value: 41.67874455451965.
trail number 1882
[I 2025-07-19 12:18:02,131] Trial 1882 finished with value: 49.59279716014862 and parameters: {'n_estimators': 69, 'max_depth': 3, 'learning_rate': 0.013117322529541474}. Best is trial 321 with value: 41.67874455451965.
trail number 1883
[I 2025-07-19 12:18:02,474] Trial 1883 finished with value: 46.478286385536194 and parameters: {'n_estimators': 41, 'max_depth': 6, 'learning_rate': 0.04625759207294186}. Best is trial 321 with value: 41.67874455451965.
trail number 1878
[I 2025-07-19 12:18:02,984] Trial 1878 finished with value: 45.10168194770813 and parameters: {'n_estimators': 408, 'max_depth': 6, 'learning_rate': 0.04957289968803227}. Best is trial 321 with value: 41.67874455451965.
trail number 1885
[I 2025-07-19 12:18:03,358] Trial 1885 finished with value: 45.458917021751404 and parameters: {'n_estimators': 47, 'max_depth': 6, 'learning_rate': 0.04834962147000427}. Best is trial 321 with value: 41.67874455451965.
trail number 1880
[I 2025-07-19 12:18:04,821] Trial 1880 finished with value: 44.504430294036865 and parameters: {'n_estimators': 574, 'max_depth': 6, 'learning_rate': 0.09398226818409178}. Best is trial 321 with value: 41.67874455451965.
trail number 1886
[I 2025-07-19 12:18:07,271] Trial 1886 finished with value: 45.124961137771606 and parameters: {'n_estimators': 584, 'max_depth': 6, 'learning_rate': 0.07079290426508368}. Best is trial 321 with value: 41.67874455451965.
trail number 1881
[I 2025-07-19 12:18:07,678] Trial 1881 finished with value: 45.056002736091614 and parameters: {'n_estimators': 928, 'max_depth': 6, 'learning_rate': 0.044805565235420106}. Best is trial 321 with value: 41.67874455451965.
trail number 1888
[I 2025-07-19 12:18:11,169] Trial 1888 finished with value: 45.07961392402649 and parameters: {'n_estimators': 586, 'max_depth': 6, 'learning_rate': 0.03962076797284058}. Best is trial 321 with value: 41.67874455451965.
trail number 1887
[I 2025-07-19 12:18:12,130] Trial 1887 finished with value: 44.82472479343414 and parameters: {'n_estimators': 1118, 'max_depth': 6, 'learning_rate': 0.01351761289920389}. Best is trial 321 with value: 41.67874455451965.
trail number 1889
[I 2025-07-19 12:18:12,912] Trial 1889 finished with value: 44.943628907203674 and parameters: {'n_estimators': 772, 'max_depth': 6, 'learning_rate': 0.011687103122044355}. Best is trial 321 with value: 41.67874455451965.
trail number 1890
[I 2025-07-19 12:18:14,296] Trial 1890 finished with value: 42.533239126205444 and parameters: {'n_estimators': 964, 'max_depth': 3, 'learning_rate': 0.01227873758716739}. Best is trial 321 with value: 41.67874455451965.
trail number 1892
[I 2025-07-19 12:18:16,667] Trial 1892 finished with value: 45.63919007778168 and parameters: {'n_estimators': 1165, 'max_depth': 3, 'learning_rate': 0.17837662831155784}. Best is trial 321 with value: 41.67874455451965.
trail number 1893
[I 2025-07-19 12:18:18,126] Trial 1893 finished with value: 44.881547689437866 and parameters: {'n_estimators': 1195, 'max_depth': 3, 'learning_rate': 0.07416924631376581}. Best is trial 321 with value: 41.67874455451965.
trail number 1894
[I 2025-07-19 12:18:18,395] Trial 1894 finished with value: 43.01702558994293 and parameters: {'n_estimators': 499, 'max_depth': 3, 'learning_rate': 0.03555132061905129}. Best is trial 321 with value: 41.67874455451965.
trail number 1895
[I 2025-07-19 12:18:18,589] Trial 1895 finished with value: 43.54235768318176 and parameters: {'n_estimators': 102, 'max_depth': 3, 'learning_rate': 0.12423184997405327}. Best is trial 321 with value: 41.67874455451965.
trail number 1896
[I 2025-07-19 12:18:20,825] Trial 1896 finished with value: 44.1493022441864 and parameters: {'n_estimators': 350, 'max_depth': 6, 'learning_rate': 0.11753976950227715}. Best is trial 321 with value: 41.67874455451965.
trail number 1898
[I 2025-07-19 12:18:20,913] Trial 1898 finished with value: 52.934619784355164 and parameters: {'n_estimators': 10, 'max_depth': 3, 'learning_rate': 0.05590317094129438}. Best is trial 321 with value: 41.67874455451965.
trail number 1897
[I 2025-07-19 12:18:21,383] Trial 1897 finished with value: 44.640761613845825 and parameters: {'n_estimators': 432, 'max_depth': 6, 'learning_rate': 0.11918138524529284}. Best is trial 321 with value: 41.67874455451965.
trail number 1891
[I 2025-07-19 12:18:21,615] Trial 1891 finished with value: 44.62177217006683 and parameters: {'n_estimators': 1767, 'max_depth': 6, 'learning_rate': 0.03947206421602537}. Best is trial 321 with value: 41.67874455451965.
trail number 1900
[I 2025-07-19 12:18:23,193] Trial 1900 finished with value: 45.24434149265289 and parameters: {'n_estimators': 521, 'max_depth': 3, 'learning_rate': 0.09856506265700282}. Best is trial 321 with value: 41.67874455451965.
trail number 1884
[I 2025-07-19 12:18:23,325] Trial 1884 finished with value: 47.14345991611481 and parameters: {'n_estimators': 1507, 'max_depth': 11, 'learning_rate': 0.010105150658179563}. Best is trial 321 with value: 41.67874455451965.
trail number 1901
[I 2025-07-19 12:18:23,507] Trial 1901 finished with value: 43.740787506103516 and parameters: {'n_estimators': 552, 'max_depth': 3, 'learning_rate': 0.04044243336576259}. Best is trial 321 with value: 41.67874455451965.
trail number 1904
[I 2025-07-19 12:18:23,827] Trial 1904 finished with value: 45.423449873924255 and parameters: {'n_estimators': 35, 'max_depth': 6, 'learning_rate': 0.06996897500663196}. Best is trial 321 with value: 41.67874455451965.
trail number 1905
[I 2025-07-19 12:18:24,277] Trial 1905 finished with value: 44.75271463394165 and parameters: {'n_estimators': 52, 'max_depth': 6, 'learning_rate': 0.09631384695132902}. Best is trial 321 with value: 41.67874455451965.
trail number 1906
[I 2025-07-19 12:18:24,391] Trial 1906 finished with value: 47.48786211013794 and parameters: {'n_estimators': 17, 'max_depth': 3, 'learning_rate': 0.06734579005658564}. Best is trial 321 with value: 41.67874455451965.
trail number 1902
[I 2025-07-19 12:18:25,294] Trial 1902 finished with value: 43.73862981796265 and parameters: {'n_estimators': 499, 'max_depth': 3, 'learning_rate': 0.0480418271517908}. Best is trial 321 with value: 41.67874455451965.
trail number 1908
[I 2025-07-19 12:18:27,032] Trial 1908 finished with value: 44.959877133369446 and parameters: {'n_estimators': 552, 'max_depth': 3, 'learning_rate': 0.08544967727716138}. Best is trial 321 with value: 41.67874455451965.
trail number 1903
[I 2025-07-19 12:18:27,121] Trial 1903 finished with value: 44.86051082611084 and parameters: {'n_estimators': 505, 'max_depth': 6, 'learning_rate': 0.050314156075826136}. Best is trial 321 with value: 41.67874455451965.
trail number 1910
[I 2025-07-19 12:18:27,383] Trial 1910 finished with value: 42.375256419181824 and parameters: {'n_estimators': 58, 'max_depth': 3, 'learning_rate': 0.09882715426147598}. Best is trial 321 with value: 41.67874455451965.
trail number 1911
[I 2025-07-19 12:18:29,604] Trial 1911 finished with value: 44.693958163261414 and parameters: {'n_estimators': 696, 'max_depth': 3, 'learning_rate': 0.05038422998020178}. Best is trial 321 with value: 41.67874455451965.
trail number 1907
[I 2025-07-19 12:18:30,463] Trial 1907 finished with value: 44.405431151390076 and parameters: {'n_estimators': 1110, 'max_depth': 6, 'learning_rate': 0.060533944901505175}. Best is trial 321 with value: 41.67874455451965.
trail number 1913
[I 2025-07-19 12:18:30,769] Trial 1913 finished with value: 45.72193205356598 and parameters: {'n_estimators': 36, 'max_depth': 6, 'learning_rate': 0.06509287566391414}. Best is trial 321 with value: 41.67874455451965.
trail number 1912
[I 2025-07-19 12:18:33,263] Trial 1912 finished with value: 42.475005984306335 and parameters: {'n_estimators': 1132, 'max_depth': 3, 'learning_rate': 0.010955157221864666}. Best is trial 321 with value: 41.67874455451965.
trail number 1909
[I 2025-07-19 12:18:34,031] Trial 1909 finished with value: 46.19921386241913 and parameters: {'n_estimators': 1367, 'max_depth': 7, 'learning_rate': 0.04775944240746341}. Best is trial 321 with value: 41.67874455451965.
trail number 1915
[I 2025-07-19 12:18:35,504] Trial 1915 finished with value: 46.42186105251312 and parameters: {'n_estimators': 689, 'max_depth': 18, 'learning_rate': 0.24123634976752006}. Best is trial 321 with value: 41.67874455451965.
trail number 1916
[I 2025-07-19 12:18:36,200] Trial 1916 finished with value: 46.37285828590393 and parameters: {'n_estimators': 520, 'max_depth': 12, 'learning_rate': 0.1762299584653406}. Best is trial 321 with value: 41.67874455451965.
trail number 1914
[I 2025-07-19 12:18:38,930] Trial 1914 finished with value: 44.4129079580307 and parameters: {'n_estimators': 1229, 'max_depth': 6, 'learning_rate': 0.03819951194671512}. Best is trial 321 with value: 41.67874455451965.
trail number 1919
[I 2025-07-19 12:18:39,125] Trial 1919 finished with value: 43.868510127067566 and parameters: {'n_estimators': 40, 'max_depth': 3, 'learning_rate': 0.05541295811183341}. Best is trial 321 with value: 41.67874455451965.
trail number 1918
[I 2025-07-19 12:18:40,366] Trial 1918 finished with value: 44.69613313674927 and parameters: {'n_estimators': 611, 'max_depth': 6, 'learning_rate': 0.012790266548564215}. Best is trial 321 with value: 41.67874455451965.
trail number 1920
[I 2025-07-19 12:18:40,446] Trial 1920 finished with value: 43.57293725013733 and parameters: {'n_estimators': 381, 'max_depth': 3, 'learning_rate': 0.0516953065593249}. Best is trial 321 with value: 41.67874455451965.
trail number 1917
[I 2025-07-19 12:18:41,092] Trial 1917 finished with value: 45.527164340019226 and parameters: {'n_estimators': 662, 'max_depth': 7, 'learning_rate': 0.013976368558336453}. Best is trial 321 with value: 41.67874455451965.
trail number 1923
[I 2025-07-19 12:18:42,116] Trial 1923 finished with value: 46.69790267944336 and parameters: {'n_estimators': 78, 'max_depth': 10, 'learning_rate': 0.05264080884690871}. Best is trial 321 with value: 41.67874455451965.
trail number 1921
[I 2025-07-19 12:18:43,438] Trial 1921 finished with value: 46.05467140674591 and parameters: {'n_estimators': 508, 'max_depth': 10, 'learning_rate': 0.10258680694812819}. Best is trial 321 with value: 41.67874455451965.
trail number 1925
[I 2025-07-19 12:18:43,572] Trial 1925 finished with value: 56.634206771850586 and parameters: {'n_estimators': 10, 'max_depth': 7, 'learning_rate': 0.03816365562087163}. Best is trial 321 with value: 41.67874455451965.
trail number 1924
[I 2025-07-19 12:18:44,222] Trial 1924 finished with value: 45.303179025650024 and parameters: {'n_estimators': 286, 'max_depth': 6, 'learning_rate': 0.011598003554472335}. Best is trial 321 with value: 41.67874455451965.
trail number 1922
[I 2025-07-19 12:18:44,352] Trial 1922 finished with value: 46.48269236087799 and parameters: {'n_estimators': 1125, 'max_depth': 3, 'learning_rate': 0.11895334917903085}. Best is trial 321 with value: 41.67874455451965.
trail number 1928
[I 2025-07-19 12:18:44,524] Trial 1928 finished with value: 46.80930137634277 and parameters: {'n_estimators': 16, 'max_depth': 6, 'learning_rate': 0.10856548682485215}. Best is trial 321 with value: 41.67874455451965.
trail number 1929
[I 2025-07-19 12:18:44,646] Trial 1929 finished with value: 49.0391880273819 and parameters: {'n_estimators': 19, 'max_depth': 3, 'learning_rate': 0.05072613806882761}. Best is trial 321 with value: 41.67874455451965.
trail number 1899
[I 2025-07-19 12:18:45,711] Trial 1899 finished with value: 47.217738032341 and parameters: {'n_estimators': 1152, 'max_depth': 21, 'learning_rate': 0.011451899383946501}. Best is trial 321 with value: 41.67874455451965.
trail number 1926
[I 2025-07-19 12:18:47,406] Trial 1926 finished with value: 46.02898359298706 and parameters: {'n_estimators': 1092, 'max_depth': 3, 'learning_rate': 0.14633716752984202}. Best is trial 321 with value: 41.67874455451965.
trail number 1931
[I 2025-07-19 12:18:47,613] Trial 1931 finished with value: 43.83085310459137 and parameters: {'n_estimators': 567, 'max_depth': 3, 'learning_rate': 0.04412364356671379}. Best is trial 321 with value: 41.67874455451965.
trail number 1932
[I 2025-07-19 12:18:47,677] Trial 1932 finished with value: 57.88844108581543 and parameters: {'n_estimators': 27, 'max_depth': 6, 'learning_rate': 0.010711785243059997}. Best is trial 321 with value: 41.67874455451965.
trail number 1927
[I 2025-07-19 12:18:48,819] Trial 1927 finished with value: 44.576594829559326 and parameters: {'n_estimators': 849, 'max_depth': 6, 'learning_rate': 0.08532289997151757}. Best is trial 321 with value: 41.67874455451965.
trail number 1930
[I 2025-07-19 12:18:48,856] Trial 1930 finished with value: 44.25519287586212 and parameters: {'n_estimators': 594, 'max_depth': 6, 'learning_rate': 0.04827575786874905}. Best is trial 321 with value: 41.67874455451965.
trail number 1935
[I 2025-07-19 12:18:49,027] Trial 1935 finished with value: 44.3638813495636 and parameters: {'n_estimators': 36, 'max_depth': 3, 'learning_rate': 0.053064818535582856}. Best is trial 321 with value: 41.67874455451965.
trail number 1934
[I 2025-07-19 12:18:51,018] Trial 1934 finished with value: 42.25768208503723 and parameters: {'n_estimators': 987, 'max_depth': 3, 'learning_rate': 0.010021550773983909}. Best is trial 321 with value: 41.67874455451965.
trail number 1938
[I 2025-07-19 12:18:51,277] Trial 1938 finished with value: 41.741740703582764 and parameters: {'n_estimators': 64, 'max_depth': 3, 'learning_rate': 0.09722395335060587}. Best is trial 321 with value: 41.67874455451965.
trail number 1939
[I 2025-07-19 12:18:52,182] Trial 1939 finished with value: 44.943177700042725 and parameters: {'n_estimators': 267, 'max_depth': 3, 'learning_rate': 0.1290093968291075}. Best is trial 321 with value: 41.67874455451965.
trail number 1933
[I 2025-07-19 12:18:52,396] Trial 1933 finished with value: 43.0709582567215 and parameters: {'n_estimators': 1398, 'max_depth': 3, 'learning_rate': 0.010586884433242452}. Best is trial 321 with value: 41.67874455451965.
trail number 1936
[I 2025-07-19 12:18:53,516] Trial 1936 finished with value: 45.18968641757965 and parameters: {'n_estimators': 1370, 'max_depth': 3, 'learning_rate': 0.03899347502459421}. Best is trial 321 with value: 41.67874455451965.
trail number 1940
