[I 2025-07-19 12:00:56,056] Trial 541 finished with value: 46.85302257537842 and parameters: {'n_estimators': 4978, 'max_depth': 29, 'learning_rate': 0.044108861983446046}. Best is trial 321 with value: 41.67874455451965.
trail number 559
[I 2025-07-19 12:00:56,219] Trial 559 finished with value: 43.08927774429321 and parameters: {'n_estimators': 37, 'max_depth': 3, 'learning_rate': 0.07378092779038327}. Best is trial 321 with value: 41.67874455451965.
trail number 558
[I 2025-07-19 12:00:56,347] Trial 558 finished with value: 43.95265817642212 and parameters: {'n_estimators': 736, 'max_depth': 3, 'learning_rate': 0.04346019294921971}. Best is trial 321 with value: 41.67874455451965.
trail number 561
[I 2025-07-19 12:00:56,441] Trial 561 finished with value: 47.473915219306946 and parameters: {'n_estimators': 17, 'max_depth': 3, 'learning_rate': 0.06897746838056798}. Best is trial 321 with value: 41.67874455451965.
trail number 560
[I 2025-07-19 12:00:56,587] Trial 560 finished with value: 42.592573165893555 and parameters: {'n_estimators': 83, 'max_depth': 3, 'learning_rate': 0.04543205000115871}. Best is trial 321 with value: 41.67874455451965.
trail number 557
[I 2025-07-19 12:00:58,522] Trial 557 finished with value: 45.98321616649628 and parameters: {'n_estimators': 634, 'max_depth': 7, 'learning_rate': 0.03913792623676242}. Best is trial 321 with value: 41.67874455451965.
trail number 556
[I 2025-07-19 12:01:00,300] Trial 556 finished with value: 44.50952112674713 and parameters: {'n_estimators': 1339, 'max_depth': 6, 'learning_rate': 0.04641612345390371}. Best is trial 321 with value: 41.67874455451965.
trail number 562
[I 2025-07-19 12:01:00,992] Trial 562 finished with value: 44.8946076631546 and parameters: {'n_estimators': 694, 'max_depth': 6, 'learning_rate': 0.02939780455131965}. Best is trial 321 with value: 41.67874455451965.
trail number 566
[I 2025-07-19 12:01:01,347] Trial 566 finished with value: 42.58737325668335 and parameters: {'n_estimators': 102, 'max_depth': 3, 'learning_rate': 0.04187799812475173}. Best is trial 321 with value: 41.67874455451965.
trail number 563
[I 2025-07-19 12:01:04,102] Trial 563 finished with value: 46.2934410572052 and parameters: {'n_estimators': 842, 'max_depth': 8, 'learning_rate': 0.036012845532788565}. Best is trial 321 with value: 41.67874455451965.
trail number 564
[I 2025-07-19 12:01:04,765] Trial 564 finished with value: 46.72324478626251 and parameters: {'n_estimators': 963, 'max_depth': 8, 'learning_rate': 0.0445261415947146}. Best is trial 321 with value: 41.67874455451965.
trail number 569
[I 2025-07-19 12:01:04,969] Trial 569 finished with value: 43.90179097652435 and parameters: {'n_estimators': 50, 'max_depth': 3, 'learning_rate': 0.044712525486104424}. Best is trial 321 with value: 41.67874455451965.
trail number 565
[I 2025-07-19 12:01:05,131] Trial 565 finished with value: 46.34040594100952 and parameters: {'n_estimators': 687, 'max_depth': 7, 'learning_rate': 0.060689721685167286}. Best is trial 321 with value: 41.67874455451965.
trail number 567
[I 2025-07-19 12:01:05,478] Trial 567 finished with value: 42.833092212677 and parameters: {'n_estimators': 1289, 'max_depth': 3, 'learning_rate': 0.010821563797189786}. Best is trial 321 with value: 41.67874455451965.
trail number 570
[I 2025-07-19 12:01:05,604] Trial 570 finished with value: 49.888171553611755 and parameters: {'n_estimators': 84, 'max_depth': 6, 'learning_rate': 0.012714504463512761}. Best is trial 321 with value: 41.67874455451965.
trail number 572
[I 2025-07-19 12:01:07,809] Trial 572 finished with value: 46.37927949428558 and parameters: {'n_estimators': 280, 'max_depth': 7, 'learning_rate': 0.010254347213135485}. Best is trial 321 with value: 41.67874455451965.
trail number 574
[I 2025-07-19 12:01:08,005] Trial 574 finished with value: 42.108521461486816 and parameters: {'n_estimators': 53, 'max_depth': 3, 'learning_rate': 0.10636631934440421}. Best is trial 321 with value: 41.67874455451965.
trail number 568
[I 2025-07-19 12:01:08,447] Trial 568 finished with value: 46.53799533843994 and parameters: {'n_estimators': 1383, 'max_depth': 3, 'learning_rate': 0.20533079163330448}. Best is trial 321 with value: 41.67874455451965.
trail number 573
[I 2025-07-19 12:01:10,941] Trial 573 finished with value: 45.42896091938019 and parameters: {'n_estimators': 795, 'max_depth': 7, 'learning_rate': 0.05537670314057234}. Best is trial 321 with value: 41.67874455451965.
trail number 577
[I 2025-07-19 12:01:11,066] Trial 577 finished with value: 49.92264747619629 and parameters: {'n_estimators': 28, 'max_depth': 3, 'learning_rate': 0.03058292762522649}. Best is trial 321 with value: 41.67874455451965.
trail number 576
[I 2025-07-19 12:01:11,179] Trial 576 finished with value: 44.453977942466736 and parameters: {'n_estimators': 843, 'max_depth': 3, 'learning_rate': 0.05463177005146355}. Best is trial 321 with value: 41.67874455451965.
trail number 579
[I 2025-07-19 12:01:11,325] Trial 579 finished with value: 44.16788160800934 and parameters: {'n_estimators': 30, 'max_depth': 3, 'learning_rate': 0.06704787743008231}. Best is trial 321 with value: 41.67874455451965.
trail number 575
[I 2025-07-19 12:01:12,939] Trial 575 finished with value: 45.29942452907562 and parameters: {'n_estimators': 1482, 'max_depth': 3, 'learning_rate': 0.059412368997055306}. Best is trial 321 with value: 41.67874455451965.
trail number 578
[I 2025-07-19 12:01:13,860] Trial 578 finished with value: 44.889692068099976 and parameters: {'n_estimators': 838, 'max_depth': 3, 'learning_rate': 0.0828441112638888}. Best is trial 321 with value: 41.67874455451965.
trail number 582
[I 2025-07-19 12:01:14,004] Trial 582 finished with value: 46.57101631164551 and parameters: {'n_estimators': 33, 'max_depth': 3, 'learning_rate': 0.043265418782022724}. Best is trial 321 with value: 41.67874455451965.
trail number 583
[I 2025-07-19 12:01:14,654] Trial 583 finished with value: 45.83642899990082 and parameters: {'n_estimators': 65, 'max_depth': 8, 'learning_rate': 0.07043066500725764}. Best is trial 321 with value: 41.67874455451965.
trail number 571
[I 2025-07-19 12:01:15,294] Trial 571 finished with value: 47.12451756000519 and parameters: {'n_estimators': 4727, 'max_depth': 22, 'learning_rate': 0.0824282330475273}. Best is trial 321 with value: 41.67874455451965.
trail number 585
[I 2025-07-19 12:01:15,496] Trial 585 finished with value: 50.51755964756012 and parameters: {'n_estimators': 19, 'max_depth': 7, 'learning_rate': 0.05522231533996505}. Best is trial 321 with value: 41.67874455451965.
trail number 581
[I 2025-07-19 12:01:16,794] Trial 581 finished with value: 45.67681431770325 and parameters: {'n_estimators': 474, 'max_depth': 7, 'learning_rate': 0.06199609106567905}. Best is trial 321 with value: 41.67874455451965.
trail number 580
[I 2025-07-19 12:01:16,920] Trial 580 finished with value: 46.00930869579315 and parameters: {'n_estimators': 1712, 'max_depth': 3, 'learning_rate': 0.07730537938694623}. Best is trial 321 with value: 41.67874455451965.
trail number 587
[I 2025-07-19 12:01:18,943] Trial 587 finished with value: 44.122833609580994 and parameters: {'n_estimators': 687, 'max_depth': 3, 'learning_rate': 0.05464497830657955}. Best is trial 321 with value: 41.67874455451965.
trail number 589
[I 2025-07-19 12:01:19,020] Trial 589 finished with value: 46.57171368598938 and parameters: {'n_estimators': 13, 'max_depth': 3, 'learning_rate': 0.10637171930561994}. Best is trial 321 with value: 41.67874455451965.
trail number 590
[I 2025-07-19 12:01:19,130] Trial 590 finished with value: 53.10944139957428 and parameters: {'n_estimators': 23, 'max_depth': 3, 'learning_rate': 0.024065098573218563}. Best is trial 321 with value: 41.67874455451965.
trail number 591
[I 2025-07-19 12:01:20,896] Trial 591 finished with value: 43.36961030960083 and parameters: {'n_estimators': 567, 'max_depth': 3, 'learning_rate': 0.043711507362864645}. Best is trial 321 with value: 41.67874455451965.
trail number 586
[I 2025-07-19 12:01:21,420] Trial 586 finished with value: 45.88494896888733 and parameters: {'n_estimators': 726, 'max_depth': 7, 'learning_rate': 0.013002078553853902}. Best is trial 321 with value: 41.67874455451965.
trail number 588
[I 2025-07-19 12:01:21,676] Trial 588 finished with value: 45.210272669792175 and parameters: {'n_estimators': 712, 'max_depth': 6, 'learning_rate': 0.01044169742686719}. Best is trial 321 with value: 41.67874455451965.
trail number 584
[I 2025-07-19 12:01:22,316] Trial 584 finished with value: 44.97548520565033 and parameters: {'n_estimators': 1153, 'max_depth': 6, 'learning_rate': 0.011505390772018434}. Best is trial 321 with value: 41.67874455451965.
trail number 593
[I 2025-07-19 12:01:23,754] Trial 593 finished with value: 41.97755813598633 and parameters: {'n_estimators': 725, 'max_depth': 3, 'learning_rate': 0.010742689015996988}. Best is trial 321 with value: 41.67874455451965.
trail number 595
[I 2025-07-19 12:01:24,988] Trial 595 finished with value: 44.43272352218628 and parameters: {'n_estimators': 852, 'max_depth': 3, 'learning_rate': 0.03929633416243036}. Best is trial 321 with value: 41.67874455451965.
trail number 597
[I 2025-07-19 12:01:25,168] Trial 597 finished with value: 43.78854691982269 and parameters: {'n_estimators': 44, 'max_depth': 3, 'learning_rate': 0.04915566330068781}. Best is trial 321 with value: 41.67874455451965.
trail number 598
[I 2025-07-19 12:01:25,475] Trial 598 finished with value: 46.52912437915802 and parameters: {'n_estimators': 33, 'max_depth': 7, 'learning_rate': 0.07670528129230816}. Best is trial 321 with value: 41.67874455451965.
trail number 596
[I 2025-07-19 12:01:26,799] Trial 596 finished with value: 42.39691972732544 and parameters: {'n_estimators': 946, 'max_depth': 3, 'learning_rate': 0.01156691755744763}. Best is trial 321 with value: 41.67874455451965.
trail number 594
[I 2025-07-19 12:01:27,333] Trial 594 finished with value: 44.25785005092621 and parameters: {'n_estimators': 850, 'max_depth': 6, 'learning_rate': 0.05414849852671865}. Best is trial 321 with value: 41.67874455451965.
trail number 592
[I 2025-07-19 12:01:27,600] Trial 592 finished with value: 45.90056121349335 and parameters: {'n_estimators': 3541, 'max_depth': 26, 'learning_rate': 0.13458165466179942}. Best is trial 321 with value: 41.67874455451965.
trail number 602
[I 2025-07-19 12:01:27,823] Trial 602 finished with value: 47.813525795936584 and parameters: {'n_estimators': 22, 'max_depth': 7, 'learning_rate': 0.07346880707802673}. Best is trial 321 with value: 41.67874455451965.
trail number 603
[I 2025-07-19 12:01:30,453] Trial 603 finished with value: 44.71762299537659 and parameters: {'n_estimators': 846, 'max_depth': 3, 'learning_rate': 0.06364170881588715}. Best is trial 321 with value: 41.67874455451965.
trail number 600
[I 2025-07-19 12:01:30,802] Trial 600 finished with value: 44.15018439292908 and parameters: {'n_estimators': 684, 'max_depth': 6, 'learning_rate': 0.08298231544930068}. Best is trial 321 with value: 41.67874455451965.
trail number 601
[I 2025-07-19 12:01:31,180] Trial 601 finished with value: 44.780316948890686 and parameters: {'n_estimators': 757, 'max_depth': 6, 'learning_rate': 0.09315284030792526}. Best is trial 321 with value: 41.67874455451965.
trail number 604
[I 2025-07-19 12:01:32,793] Trial 604 finished with value: 45.322436690330505 and parameters: {'n_estimators': 721, 'max_depth': 3, 'learning_rate': 0.09750482484825336}. Best is trial 321 with value: 41.67874455451965.
trail number 606
[I 2025-07-19 12:01:32,899] Trial 606 finished with value: 41.94275915622711 and parameters: {'n_estimators': 542, 'max_depth': 3, 'learning_rate': 0.012538340200195282}. Best is trial 321 with value: 41.67874455451965.
trail number 608
[I 2025-07-19 12:01:32,984] Trial 608 finished with value: 47.94911980628967 and parameters: {'n_estimators': 15, 'max_depth': 3, 'learning_rate': 0.0728707082336762}. Best is trial 321 with value: 41.67874455451965.
trail number 599
[I 2025-07-19 12:01:33,266] Trial 599 finished with value: 46.322166323661804 and parameters: {'n_estimators': 4342, 'max_depth': 29, 'learning_rate': 0.13499181806206623}. Best is trial 321 with value: 41.67874455451965.
trail number 607
[I 2025-07-19 12:01:33,275] Trial 607 finished with value: 55.800979137420654 and parameters: {'n_estimators': 27, 'max_depth': 12, 'learning_rate': 0.018479089433441783}. Best is trial 321 with value: 41.67874455451965.
trail number 605
[I 2025-07-19 12:01:33,893] Trial 605 finished with value: 44.1775506734848 and parameters: {'n_estimators': 909, 'max_depth': 3, 'learning_rate': 0.05273230047278035}. Best is trial 321 with value: 41.67874455451965.
trail number 610
[I 2025-07-19 12:01:35,480] Trial 610 finished with value: 43.63057732582092 and parameters: {'n_estimators': 692, 'max_depth': 3, 'learning_rate': 0.04841801120340329}. Best is trial 321 with value: 41.67874455451965.
trail number 613
[I 2025-07-19 12:01:35,613] Trial 613 finished with value: 55.73076903820038 and parameters: {'n_estimators': 12, 'max_depth': 7, 'learning_rate': 0.03775800734141871}. Best is trial 321 with value: 41.67874455451965.
trail number 611
[I 2025-07-19 12:01:36,250] Trial 611 finished with value: 43.29150915145874 and parameters: {'n_estimators': 909, 'max_depth': 3, 'learning_rate': 0.021296129627447105}. Best is trial 321 with value: 41.67874455451965.
trail number 612
[I 2025-07-19 12:01:36,571] Trial 612 finished with value: 44.59422707557678 and parameters: {'n_estimators': 809, 'max_depth': 3, 'learning_rate': 0.03742087101312726}. Best is trial 321 with value: 41.67874455451965.
trail number 616
[I 2025-07-19 12:01:36,657] Trial 616 finished with value: 57.814584374427795 and parameters: {'n_estimators': 14, 'max_depth': 3, 'learning_rate': 0.018129852273369104}. Best is trial 321 with value: 41.67874455451965.
trail number 615
[I 2025-07-19 12:01:36,855] Trial 615 finished with value: 46.0403847694397 and parameters: {'n_estimators': 151, 'max_depth': 3, 'learning_rate': 0.01020247337523373}. Best is trial 321 with value: 41.67874455451965.
trail number 614
[I 2025-07-19 12:01:37,832] Trial 614 finished with value: 43.82578134536743 and parameters: {'n_estimators': 666, 'max_depth': 3, 'learning_rate': 0.045532603254823945}. Best is trial 321 with value: 41.67874455451965.
trail number 609
[I 2025-07-19 12:01:40,164] Trial 609 finished with value: 46.703428626060486 and parameters: {'n_estimators': 4848, 'max_depth': 30, 'learning_rate': 0.2292170704455046}. Best is trial 321 with value: 41.67874455451965.
trail number 620
[I 2025-07-19 12:01:40,398] Trial 620 finished with value: 45.98508656024933 and parameters: {'n_estimators': 22, 'max_depth': 7, 'learning_rate': 0.12204467387947304}. Best is trial 321 with value: 41.67874455451965.
trail number 617
[I 2025-07-19 12:01:41,305] Trial 617 finished with value: 44.84562695026398 and parameters: {'n_estimators': 701, 'max_depth': 6, 'learning_rate': 0.03914592817777332}. Best is trial 321 with value: 41.67874455451965.
trail number 619
[I 2025-07-19 12:01:41,940] Trial 619 finished with value: 42.71062731742859 and parameters: {'n_estimators': 1284, 'max_depth': 3, 'learning_rate': 0.01003160492237145}. Best is trial 321 with value: 41.67874455451965.
trail number 618
[I 2025-07-19 12:01:42,156] Trial 618 finished with value: 45.84005951881409 and parameters: {'n_estimators': 646, 'max_depth': 7, 'learning_rate': 0.011118602278243404}. Best is trial 321 with value: 41.67874455451965.
trail number 623
[I 2025-07-19 12:01:43,264] Trial 623 finished with value: 44.12959814071655 and parameters: {'n_estimators': 409, 'max_depth': 3, 'learning_rate': 0.08429496138605228}. Best is trial 321 with value: 41.67874455451965.
trail number 625
[I 2025-07-19 12:01:43,585] Trial 625 finished with value: 42.29620575904846 and parameters: {'n_estimators': 81, 'max_depth': 3, 'learning_rate': 0.09574071753444577}. Best is trial 321 with value: 41.67874455451965.
trail number 622
[I 2025-07-19 12:01:43,896] Trial 622 finished with value: 44.948880076408386 and parameters: {'n_estimators': 793, 'max_depth': 3, 'learning_rate': 0.08944708217065828}. Best is trial 321 with value: 41.67874455451965.
trail number 621
[I 2025-07-19 12:01:43,975] Trial 621 finished with value: 46.41589820384979 and parameters: {'n_estimators': 746, 'max_depth': 7, 'learning_rate': 0.0926477731815808}. Best is trial 321 with value: 41.67874455451965.
trail number 627
[I 2025-07-19 12:01:44,648] Trial 627 finished with value: 46.69577777385712 and parameters: {'n_estimators': 72, 'max_depth': 8, 'learning_rate': 0.06603205918002733}. Best is trial 321 with value: 41.67874455451965.
trail number 629
[I 2025-07-19 12:01:45,259] Trial 629 finished with value: 44.823588132858276 and parameters: {'n_estimators': 84, 'max_depth': 6, 'learning_rate': 0.06429205120774545}. Best is trial 321 with value: 41.67874455451965.
trail number 630
[I 2025-07-19 12:01:45,559] Trial 630 finished with value: 42.0538330078125 and parameters: {'n_estimators': 84, 'max_depth': 3, 'learning_rate': 0.06749030886258373}. Best is trial 321 with value: 41.67874455451965.
trail number 628
[I 2025-07-19 12:01:45,978] Trial 628 finished with value: 42.0439749956131 and parameters: {'n_estimators': 619, 'max_depth': 3, 'learning_rate': 0.014332263282129866}. Best is trial 321 with value: 41.67874455451965.
trail number 626
[I 2025-07-19 12:01:46,967] Trial 626 finished with value: 45.801894664764404 and parameters: {'n_estimators': 624, 'max_depth': 8, 'learning_rate': 0.08805875094999299}. Best is trial 321 with value: 41.67874455451965.
trail number 631
[I 2025-07-19 12:01:47,226] Trial 631 finished with value: 43.39747667312622 and parameters: {'n_estimators': 510, 'max_depth': 3, 'learning_rate': 0.03908327845582235}. Best is trial 321 with value: 41.67874455451965.
trail number 634
[I 2025-07-19 12:01:47,483] Trial 634 finished with value: 50.82271158695221 and parameters: {'n_estimators': 32, 'max_depth': 6, 'learning_rate': 0.02893636125604955}. Best is trial 321 with value: 41.67874455451965.
trail number 624
[I 2025-07-19 12:01:49,054] Trial 624 finished with value: 47.037243247032166 and parameters: {'n_estimators': 3987, 'max_depth': 12, 'learning_rate': 0.11596317701578088}. Best is trial 321 with value: 41.67874455451965.
trail number 633
[I 2025-07-19 12:01:50,173] Trial 633 finished with value: 45.87450921535492 and parameters: {'n_estimators': 405, 'max_depth': 7, 'learning_rate': 0.03745768900751989}. Best is trial 321 with value: 41.67874455451965.
trail number 632
[I 2025-07-19 12:01:55,228] Trial 632 finished with value: 45.617331862449646 and parameters: {'n_estimators': 1926, 'max_depth': 7, 'learning_rate': 0.03498133031212035}. Best is trial 321 with value: 41.67874455451965.
trail number 638
[I 2025-07-19 12:01:55,453] Trial 638 finished with value: 43.30745816230774 and parameters: {'n_estimators': 57, 'max_depth': 3, 'learning_rate': 0.046301658317384885}. Best is trial 321 with value: 41.67874455451965.
trail number 636
[I 2025-07-19 12:01:56,649] Trial 636 finished with value: 46.16257071495056 and parameters: {'n_estimators': 4698, 'max_depth': 8, 'learning_rate': 0.08873488104173827}. Best is trial 321 with value: 41.67874455451965.
trail number 639
[I 2025-07-19 12:01:57,805] Trial 639 finished with value: 44.81152534484863 and parameters: {'n_estimators': 748, 'max_depth': 3, 'learning_rate': 0.0583618050941353}. Best is trial 321 with value: 41.67874455451965.
trail number 641
[I 2025-07-19 12:01:58,152] Trial 641 finished with value: 41.897884011268616 and parameters: {'n_estimators': 95, 'max_depth': 3, 'learning_rate': 0.08591468289375773}. Best is trial 321 with value: 41.67874455451965.
trail number 642
[I 2025-07-19 12:01:58,565] Trial 642 finished with value: 46.02613091468811 and parameters: {'n_estimators': 46, 'max_depth': 7, 'learning_rate': 0.09605245784002352}. Best is trial 321 with value: 41.67874455451965.
trail number 643
[I 2025-07-19 12:01:58,689] Trial 643 finished with value: 47.71539330482483 and parameters: {'n_estimators': 15, 'max_depth': 5, 'learning_rate': 0.08797359785287004}. Best is trial 321 with value: 41.67874455451965.
trail number 635
[I 2025-07-19 12:01:58,722] Trial 635 finished with value: 46.064497232437134 and parameters: {'n_estimators': 1423, 'max_depth': 7, 'learning_rate': 0.011509507714266523}. Best is trial 321 with value: 41.67874455451965.
trail number 644
[I 2025-07-19 12:01:59,163] Trial 644 finished with value: 42.41172194480896 and parameters: {'n_estimators': 128, 'max_depth': 3, 'learning_rate': 0.07859179616658604}. Best is trial 321 with value: 41.67874455451965.
trail number 637
[I 2025-07-19 12:01:59,513] Trial 637 finished with value: 46.451610922813416 and parameters: {'n_estimators': 2031, 'max_depth': 8, 'learning_rate': 0.03244725789656584}. Best is trial 321 with value: 41.67874455451965.
trail number 647
[I 2025-07-19 12:01:59,763] Trial 647 finished with value: 42.47931778430939 and parameters: {'n_estimators': 64, 'max_depth': 3, 'learning_rate': 0.14426762686096706}. Best is trial 321 with value: 41.67874455451965.
trail number 648
[I 2025-07-19 12:02:01,412] Trial 648 finished with value: 45.992693305015564 and parameters: {'n_estimators': 536, 'max_depth': 3, 'learning_rate': 0.12307495351778142}. Best is trial 321 with value: 41.67874455451965.
trail number 645
[I 2025-07-19 12:02:01,504] Trial 645 finished with value: 44.47116315364838 and parameters: {'n_estimators': 531, 'max_depth': 5, 'learning_rate': 0.14636255390417152}. Best is trial 321 with value: 41.67874455451965.
trail number 646
[I 2025-07-19 12:02:01,666] Trial 646 finished with value: 45.342939496040344 and parameters: {'n_estimators': 770, 'max_depth': 3, 'learning_rate': 0.11725981962685034}. Best is trial 321 with value: 41.67874455451965.
trail number 649
