[I 2025-07-19 12:25:22,504] Trial 2485 finished with value: 45.443644523620605 and parameters: {'n_estimators': 935, 'max_depth': 6, 'learning_rate': 0.01045765595085326}. Best is trial 321 with value: 41.67874455451965.
trail number 2486
[I 2025-07-19 12:25:22,862] Trial 2486 finished with value: 45.79001426696777 and parameters: {'n_estimators': 1916, 'max_depth': 3, 'learning_rate': 0.06187042331790809}. Best is trial 321 with value: 41.67874455451965.
trail number 2496
[I 2025-07-19 12:25:24,377] Trial 2496 finished with value: 41.982622146606445 and parameters: {'n_estimators': 476, 'max_depth': 3, 'learning_rate': 0.01214188663402894}. Best is trial 321 with value: 41.67874455451965.
trail number 2493
[I 2025-07-19 12:25:24,878] Trial 2493 finished with value: 44.73121404647827 and parameters: {'n_estimators': 710, 'max_depth': 6, 'learning_rate': 0.03908439536963819}. Best is trial 321 with value: 41.67874455451965.
trail number 2494
[I 2025-07-19 12:25:25,115] Trial 2494 finished with value: 44.74389672279358 and parameters: {'n_estimators': 978, 'max_depth': 6, 'learning_rate': 0.07466178535619411}. Best is trial 321 with value: 41.67874455451965.
trail number 2499
[I 2025-07-19 12:25:25,505] Trial 2499 finished with value: 44.57396864891052 and parameters: {'n_estimators': 43, 'max_depth': 6, 'learning_rate': 0.07762976892469879}. Best is trial 321 with value: 41.67874455451965.
trail number 2495
[I 2025-07-19 12:25:27,734] Trial 2495 finished with value: 46.4006906747818 and parameters: {'n_estimators': 2200, 'max_depth': 19, 'learning_rate': 0.1440605244763777}. Best is trial 321 with value: 41.67874455451965.
trail number 2498
[I 2025-07-19 12:25:28,398] Trial 2498 finished with value: 46.56410336494446 and parameters: {'n_estimators': 1432, 'max_depth': 30, 'learning_rate': 0.2207282727244385}. Best is trial 321 with value: 41.67874455451965.
trail number 2497
[I 2025-07-19 12:25:28,969] Trial 2497 finished with value: 44.78707790374756 and parameters: {'n_estimators': 616, 'max_depth': 6, 'learning_rate': 0.0111110337964644}. Best is trial 321 with value: 41.67874455451965.
trail number 2501
[I 2025-07-19 12:25:29,472] Trial 2501 finished with value: 44.360291957855225 and parameters: {'n_estimators': 489, 'max_depth': 3, 'learning_rate': 0.07122469416020623}. Best is trial 321 with value: 41.67874455451965.
trail number 2503
[I 2025-07-19 12:25:30,629] Trial 2503 finished with value: 42.081427574157715 and parameters: {'n_estimators': 477, 'max_depth': 3, 'learning_rate': 0.01129364088742035}. Best is trial 321 with value: 41.67874455451965.
trail number 2500
[I 2025-07-19 12:25:31,430] Trial 2500 finished with value: 46.549667716026306 and parameters: {'n_estimators': 518, 'max_depth': 9, 'learning_rate': 0.03609589836654056}. Best is trial 321 with value: 41.67874455451965.
trail number 2506
[I 2025-07-19 12:25:31,614] Trial 2506 finished with value: 53.70138704776764 and parameters: {'n_estimators': 18, 'max_depth': 6, 'learning_rate': 0.03320471607485549}. Best is trial 321 with value: 41.67874455451965.
trail number 2507
[I 2025-07-19 12:25:31,807] Trial 2507 finished with value: 47.4326890707016 and parameters: {'n_estimators': 18, 'max_depth': 6, 'learning_rate': 0.0798781730350682}. Best is trial 321 with value: 41.67874455451965.
trail number 2502
[I 2025-07-19 12:25:33,922] Trial 2502 finished with value: 46.180928349494934 and parameters: {'n_estimators': 736, 'max_depth': 14, 'learning_rate': 0.07314524654152556}. Best is trial 321 with value: 41.67874455451965.
trail number 2508
[I 2025-07-19 12:25:34,689] Trial 2508 finished with value: 44.85979199409485 and parameters: {'n_estimators': 551, 'max_depth': 6, 'learning_rate': 0.12897702003408482}. Best is trial 321 with value: 41.67874455451965.
trail number 2510
[I 2025-07-19 12:25:34,945] Trial 2510 finished with value: 46.72983169555664 and parameters: {'n_estimators': 26, 'max_depth': 6, 'learning_rate': 0.06958458170043902}. Best is trial 321 with value: 41.67874455451965.
trail number 2511
[I 2025-07-19 12:25:35,082] Trial 2511 finished with value: 48.06943356990814 and parameters: {'n_estimators': 21, 'max_depth': 3, 'learning_rate': 0.0517801631454217}. Best is trial 321 with value: 41.67874455451965.
trail number 2512
[I 2025-07-19 12:25:35,447] Trial 2512 finished with value: 45.431817173957825 and parameters: {'n_estimators': 38, 'max_depth': 6, 'learning_rate': 0.09596365296158356}. Best is trial 321 with value: 41.67874455451965.
trail number 2504
[I 2025-07-19 12:25:35,564] Trial 2504 finished with value: 46.385416984558105 and parameters: {'n_estimators': 444, 'max_depth': 10, 'learning_rate': 0.026298788190365827}. Best is trial 321 with value: 41.67874455451965.
trail number 2514
[I 2025-07-19 12:25:39,109] Trial 2514 finished with value: 44.713094830513 and parameters: {'n_estimators': 1104, 'max_depth': 3, 'learning_rate': 0.047087710494478255}. Best is trial 321 with value: 41.67874455451965.
trail number 2513
[I 2025-07-19 12:25:39,419] Trial 2513 finished with value: 45.61805486679077 and parameters: {'n_estimators': 1197, 'max_depth': 3, 'learning_rate': 0.09860697695931962}. Best is trial 321 with value: 41.67874455451965.
trail number 2516
[I 2025-07-19 12:25:39,594] Trial 2516 finished with value: 43.15839469432831 and parameters: {'n_estimators': 34, 'max_depth': 3, 'learning_rate': 0.08448826766306251}. Best is trial 321 with value: 41.67874455451965.
trail number 2509
[I 2025-07-19 12:25:40,239] Trial 2509 finished with value: 46.90156400203705 and parameters: {'n_estimators': 3842, 'max_depth': 23, 'learning_rate': 0.24306790060158412}. Best is trial 321 with value: 41.67874455451965.
trail number 2517
[I 2025-07-19 12:25:41,614] Trial 2517 finished with value: 43.63304138183594 and parameters: {'n_estimators': 573, 'max_depth': 3, 'learning_rate': 0.03914193671467849}. Best is trial 321 with value: 41.67874455451965.
trail number 2515
[I 2025-07-19 12:25:42,941] Trial 2515 finished with value: 45.491178035736084 and parameters: {'n_estimators': 591, 'max_depth': 6, 'learning_rate': 0.09380820160456951}. Best is trial 321 with value: 41.67874455451965.
trail number 2518
[I 2025-07-19 12:25:44,227] Trial 2518 finished with value: 43.551509976387024 and parameters: {'n_estimators': 620, 'max_depth': 6, 'learning_rate': 0.0849055341670425}. Best is trial 321 with value: 41.67874455451965.
trail number 2519
[I 2025-07-19 12:25:44,883] Trial 2519 finished with value: 45.21126747131348 and parameters: {'n_estimators': 996, 'max_depth': 3, 'learning_rate': 0.07178049067681339}. Best is trial 321 with value: 41.67874455451965.
trail number 2520
[I 2025-07-19 12:25:46,306] Trial 2520 finished with value: 45.20481824874878 and parameters: {'n_estimators': 1026, 'max_depth': 3, 'learning_rate': 0.08737794194562777}. Best is trial 321 with value: 41.67874455451965.
trail number 2522
[I 2025-07-19 12:25:46,841] Trial 2522 finished with value: 44.88726079463959 and parameters: {'n_estimators': 579, 'max_depth': 3, 'learning_rate': 0.07506925172154304}. Best is trial 321 with value: 41.67874455451965.
trail number 2505
[I 2025-07-19 12:25:47,658] Trial 2505 finished with value: 47.00122773647308 and parameters: {'n_estimators': 2262, 'max_depth': 14, 'learning_rate': 0.02448032118886177}. Best is trial 321 with value: 41.67874455451965.
trail number 2521
[I 2025-07-19 12:25:48,222] Trial 2521 finished with value: 44.75457549095154 and parameters: {'n_estimators': 1174, 'max_depth': 3, 'learning_rate': 0.05756956927518604}. Best is trial 321 with value: 41.67874455451965.
trail number 2524
[I 2025-07-19 12:25:48,237] Trial 2524 finished with value: 44.51949894428253 and parameters: {'n_estimators': 389, 'max_depth': 3, 'learning_rate': 0.07412611275993133}. Best is trial 321 with value: 41.67874455451965.
trail number 2526
[I 2025-07-19 12:25:50,331] Trial 2526 finished with value: 41.98535740375519 and parameters: {'n_estimators': 645, 'max_depth': 3, 'learning_rate': 0.010486861483613552}. Best is trial 321 with value: 41.67874455451965.
trail number 2527
[I 2025-07-19 12:25:51,846] Trial 2527 finished with value: 46.47900640964508 and parameters: {'n_estimators': 581, 'max_depth': 7, 'learning_rate': 0.08307749070708943}. Best is trial 321 with value: 41.67874455451965.
trail number 2523
[I 2025-07-19 12:25:53,039] Trial 2523 finished with value: 43.625860810279846 and parameters: {'n_estimators': 1212, 'max_depth': 5, 'learning_rate': 0.010129974286081048}. Best is trial 321 with value: 41.67874455451965.
trail number 2525
[I 2025-07-19 12:25:53,156] Trial 2525 finished with value: 43.250072598457336 and parameters: {'n_estimators': 1660, 'max_depth': 3, 'learning_rate': 0.01027296168316407}. Best is trial 321 with value: 41.67874455451965.
trail number 2531
[I 2025-07-19 12:25:54,952] Trial 2531 finished with value: 44.633134603500366 and parameters: {'n_estimators': 524, 'max_depth': 3, 'learning_rate': 0.08763806741802098}. Best is trial 321 with value: 41.67874455451965.
trail number 2532
[I 2025-07-19 12:25:55,212] Trial 2532 finished with value: 50.82645535469055 and parameters: {'n_estimators': 22, 'max_depth': 7, 'learning_rate': 0.04530312613323552}. Best is trial 321 with value: 41.67874455451965.
trail number 2528
[I 2025-07-19 12:25:58,142] Trial 2528 finished with value: 44.67924416065216 and parameters: {'n_estimators': 1325, 'max_depth': 6, 'learning_rate': 0.045148767878660866}. Best is trial 321 with value: 41.67874455451965.
trail number 2529
[I 2025-07-19 12:25:58,527] Trial 2529 finished with value: 44.52742874622345 and parameters: {'n_estimators': 965, 'max_depth': 6, 'learning_rate': 0.038025901078575494}. Best is trial 321 with value: 41.67874455451965.
trail number 2535
[I 2025-07-19 12:25:58,809] Trial 2535 finished with value: 49.63515639305115 and parameters: {'n_estimators': 17, 'max_depth': 10, 'learning_rate': 0.07868990150668417}. Best is trial 321 with value: 41.67874455451965.
trail number 2533
[I 2025-07-19 12:25:59,305] Trial 2533 finished with value: 45.30889570713043 and parameters: {'n_estimators': 584, 'max_depth': 6, 'learning_rate': 0.04140673386342536}. Best is trial 321 with value: 41.67874455451965.
trail number 2537
[I 2025-07-19 12:25:59,498] Trial 2537 finished with value: 53.715858459472656 and parameters: {'n_estimators': 18, 'max_depth': 6, 'learning_rate': 0.033176056134618985}. Best is trial 321 with value: 41.67874455451965.
trail number 2534
[I 2025-07-19 12:26:00,708] Trial 2534 finished with value: 42.04664766788483 and parameters: {'n_estimators': 651, 'max_depth': 3, 'learning_rate': 0.010942843661298156}. Best is trial 321 with value: 41.67874455451965.
trail number 2536
[I 2025-07-19 12:26:02,270] Trial 2536 finished with value: 46.04629576206207 and parameters: {'n_estimators': 574, 'max_depth': 10, 'learning_rate': 0.09288517338511965}. Best is trial 321 with value: 41.67874455451965.
trail number 2530
[I 2025-07-19 12:26:03,270] Trial 2530 finished with value: 46.96166694164276 and parameters: {'n_estimators': 1710, 'max_depth': 19, 'learning_rate': 0.048380929548223525}. Best is trial 321 with value: 41.67874455451965.
trail number 2538
[I 2025-07-19 12:26:04,112] Trial 2538 finished with value: 44.7073757648468 and parameters: {'n_estimators': 678, 'max_depth': 6, 'learning_rate': 0.06854133464943338}. Best is trial 321 with value: 41.67874455451965.
trail number 2539
[I 2025-07-19 12:26:04,155] Trial 2539 finished with value: 45.19566893577576 and parameters: {'n_estimators': 511, 'max_depth': 6, 'learning_rate': 0.03777701432647859}. Best is trial 321 with value: 41.67874455451965.
trail number 2540
[I 2025-07-19 12:26:05,103] Trial 2540 finished with value: 44.7923743724823 and parameters: {'n_estimators': 620, 'max_depth': 6, 'learning_rate': 0.1311841205880464}. Best is trial 321 with value: 41.67874455451965.
trail number 2541
[I 2025-07-19 12:26:05,192] Trial 2541 finished with value: 44.2805290222168 and parameters: {'n_estimators': 549, 'max_depth': 3, 'learning_rate': 0.10463757769622412}. Best is trial 321 with value: 41.67874455451965.
trail number 2544
[I 2025-07-19 12:26:05,559] Trial 2544 finished with value: 44.7210693359375 and parameters: {'n_estimators': 47, 'max_depth': 6, 'learning_rate': 0.08711995900543726}. Best is trial 321 with value: 41.67874455451965.
trail number 2546
[I 2025-07-19 12:26:05,785] Trial 2546 finished with value: 42.84604549407959 and parameters: {'n_estimators': 46, 'max_depth': 3, 'learning_rate': 0.07610741254093147}. Best is trial 321 with value: 41.67874455451965.
trail number 2542
[I 2025-07-19 12:26:06,217] Trial 2542 finished with value: 43.01089644432068 and parameters: {'n_estimators': 530, 'max_depth': 3, 'learning_rate': 0.04202205048184623}. Best is trial 321 with value: 41.67874455451965.
trail number 2545
[I 2025-07-19 12:26:07,452] Trial 2545 finished with value: 43.61639618873596 and parameters: {'n_estimators': 591, 'max_depth': 3, 'learning_rate': 0.041747495201043566}. Best is trial 321 with value: 41.67874455451965.
trail number 2547
[I 2025-07-19 12:26:07,873] Trial 2547 finished with value: 45.52195429801941 and parameters: {'n_estimators': 575, 'max_depth': 3, 'learning_rate': 0.11072480949285887}. Best is trial 321 with value: 41.67874455451965.
trail number 2549
[I 2025-07-19 12:26:08,558] Trial 2549 finished with value: 42.908249497413635 and parameters: {'n_estimators': 310, 'max_depth': 3, 'learning_rate': 0.04864593046069575}. Best is trial 321 with value: 41.67874455451965.
trail number 2548
[I 2025-07-19 12:26:10,229] Trial 2548 finished with value: 44.35931384563446 and parameters: {'n_estimators': 570, 'max_depth': 6, 'learning_rate': 0.04036819302526516}. Best is trial 321 with value: 41.67874455451965.
trail number 2552
[I 2025-07-19 12:26:10,491] Trial 2552 finished with value: 45.27865469455719 and parameters: {'n_estimators': 26, 'max_depth': 6, 'learning_rate': 0.09281784286520892}. Best is trial 321 with value: 41.67874455451965.
trail number 2550
[I 2025-07-19 12:26:11,885] Trial 2550 finished with value: 45.00073194503784 and parameters: {'n_estimators': 1227, 'max_depth': 6, 'learning_rate': 0.11230446211492107}. Best is trial 321 with value: 41.67874455451965.
trail number 2554
[I 2025-07-19 12:26:12,137] Trial 2554 finished with value: 45.08943259716034 and parameters: {'n_estimators': 26, 'max_depth': 6, 'learning_rate': 0.11985502464130839}. Best is trial 321 with value: 41.67874455451965.
trail number 2543
[I 2025-07-19 12:26:12,525] Trial 2543 finished with value: 46.12456560134888 and parameters: {'n_estimators': 685, 'max_depth': 9, 'learning_rate': 0.011596505501245238}. Best is trial 321 with value: 41.67874455451965.
trail number 2553
[I 2025-07-19 12:26:12,598] Trial 2553 finished with value: 43.808536529541016 and parameters: {'n_estimators': 558, 'max_depth': 3, 'learning_rate': 0.04276992958729298}. Best is trial 321 with value: 41.67874455451965.
trail number 2557
[I 2025-07-19 12:26:12,868] Trial 2557 finished with value: 51.11098051071167 and parameters: {'n_estimators': 28, 'max_depth': 6, 'learning_rate': 0.03096982067331916}. Best is trial 321 with value: 41.67874455451965.
trail number 2551
[I 2025-07-19 12:26:13,205] Trial 2551 finished with value: 45.7768714427948 and parameters: {'n_estimators': 522, 'max_depth': 7, 'learning_rate': 0.055952347073782265}. Best is trial 321 with value: 41.67874455451965.
trail number 2559
[I 2025-07-19 12:26:13,427] Trial 2559 finished with value: 47.81980335712433 and parameters: {'n_estimators': 46, 'max_depth': 3, 'learning_rate': 0.025229466206325615}. Best is trial 321 with value: 41.67874455451965.
trail number 2560
[I 2025-07-19 12:26:13,698] Trial 2560 finished with value: 41.904136538505554 and parameters: {'n_estimators': 58, 'max_depth': 3, 'learning_rate': 0.11489211789411367}. Best is trial 321 with value: 41.67874455451965.
trail number 2558
[I 2025-07-19 12:26:15,120] Trial 2558 finished with value: 45.17245411872864 and parameters: {'n_estimators': 604, 'max_depth': 3, 'learning_rate': 0.08831456730927134}. Best is trial 321 with value: 41.67874455451965.
trail number 2555
[I 2025-07-19 12:26:15,837] Trial 2555 finished with value: 45.24550139904022 and parameters: {'n_estimators': 979, 'max_depth': 3, 'learning_rate': 0.05732138702528343}. Best is trial 321 with value: 41.67874455451965.
trail number 2563
[I 2025-07-19 12:26:16,084] Trial 2563 finished with value: 42.03811049461365 and parameters: {'n_estimators': 50, 'max_depth': 3, 'learning_rate': 0.08968040766595094}. Best is trial 321 with value: 41.67874455451965.
trail number 2556
[I 2025-07-19 12:26:16,700] Trial 2556 finished with value: 45.25373995304108 and parameters: {'n_estimators': 1090, 'max_depth': 3, 'learning_rate': 0.06210515135806499}. Best is trial 321 with value: 41.67874455451965.
trail number 2565
[I 2025-07-19 12:26:16,859] Trial 2565 finished with value: 42.688692808151245 and parameters: {'n_estimators': 29, 'max_depth': 3, 'learning_rate': 0.13397077821861617}. Best is trial 321 with value: 41.67874455451965.
trail number 2561
[I 2025-07-19 12:26:17,136] Trial 2561 finished with value: 44.5780074596405 and parameters: {'n_estimators': 694, 'max_depth': 4, 'learning_rate': 0.17157708313828418}. Best is trial 321 with value: 41.67874455451965.
trail number 2564
[I 2025-07-19 12:26:18,563] Trial 2564 finished with value: 45.81166446208954 and parameters: {'n_estimators': 352, 'max_depth': 8, 'learning_rate': 0.12724652223575972}. Best is trial 321 with value: 41.67874455451965.
trail number 2567
[I 2025-07-19 12:26:19,431] Trial 2567 finished with value: 45.225005745887756 and parameters: {'n_estimators': 502, 'max_depth': 7, 'learning_rate': 0.14556814319423556}. Best is trial 321 with value: 41.67874455451965.
trail number 2568
[I 2025-07-19 12:26:19,734] Trial 2568 finished with value: 45.41228771209717 and parameters: {'n_estimators': 128, 'max_depth': 7, 'learning_rate': 0.1195085517897755}. Best is trial 321 with value: 41.67874455451965.
trail number 2566
[I 2025-07-19 12:26:19,814] Trial 2566 finished with value: 45.018476247787476 and parameters: {'n_estimators': 424, 'max_depth': 6, 'learning_rate': 0.12817822856165562}. Best is trial 321 with value: 41.67874455451965.
trail number 2569
[I 2025-07-19 12:26:20,886] Trial 2569 finished with value: 44.7910612821579 and parameters: {'n_estimators': 389, 'max_depth': 3, 'learning_rate': 0.14145208039555476}. Best is trial 321 with value: 41.67874455451965.
trail number 2571
[I 2025-07-19 12:26:21,765] Trial 2571 finished with value: 45.45259118080139 and parameters: {'n_estimators': 428, 'max_depth': 4, 'learning_rate': 0.15214690497417566}. Best is trial 321 with value: 41.67874455451965.
trail number 2570
[I 2025-07-19 12:26:22,059] Trial 2570 finished with value: 43.99208724498749 and parameters: {'n_estimators': 492, 'max_depth': 6, 'learning_rate': 0.17239757865599925}. Best is trial 321 with value: 41.67874455451965.
trail number 2562
[I 2025-07-19 12:26:23,441] Trial 2562 finished with value: 47.01710522174835 and parameters: {'n_estimators': 4977, 'max_depth': 20, 'learning_rate': 0.18649716214533757}. Best is trial 321 with value: 41.67874455451965.
trail number 2573
[I 2025-07-19 12:26:24,943] Trial 2573 finished with value: 44.83429193496704 and parameters: {'n_estimators': 453, 'max_depth': 6, 'learning_rate': 0.10416044853843145}. Best is trial 321 with value: 41.67874455451965.
trail number 2575
[I 2025-07-19 12:26:25,243] Trial 2575 finished with value: 45.75106918811798 and parameters: {'n_estimators': 504, 'max_depth': 3, 'learning_rate': 0.1250165558060356}. Best is trial 321 with value: 41.67874455451965.
trail number 2572
[I 2025-07-19 12:26:25,479] Trial 2572 finished with value: 47.00243651866913 and parameters: {'n_estimators': 1302, 'max_depth': 3, 'learning_rate': 0.148388246813631}. Best is trial 321 with value: 41.67874455451965.
trail number 2577
[I 2025-07-19 12:26:25,848] Trial 2577 finished with value: 46.65635108947754 and parameters: {'n_estimators': 47, 'max_depth': 8, 'learning_rate': 0.15419893085695463}. Best is trial 321 with value: 41.67874455451965.
trail number 2578
[I 2025-07-19 12:26:26,130] Trial 2578 finished with value: 43.32563281059265 and parameters: {'n_estimators': 143, 'max_depth': 3, 'learning_rate': 0.12774073375263362}. Best is trial 321 with value: 41.67874455451965.
trail number 2574
[I 2025-07-19 12:26:26,599] Trial 2574 finished with value: 45.027775168418884 and parameters: {'n_estimators': 1062, 'max_depth': 6, 'learning_rate': 0.09462252240294246}. Best is trial 321 with value: 41.67874455451965.
trail number 2580
[I 2025-07-19 12:26:26,698] Trial 2580 finished with value: 43.61644625663757 and parameters: {'n_estimators': 126, 'max_depth': 3, 'learning_rate': 0.1728138487002175}. Best is trial 321 with value: 41.67874455451965.
trail number 2582
[I 2025-07-19 12:26:27,410] Trial 2582 finished with value: 44.85614061355591 and parameters: {'n_estimators': 90, 'max_depth': 6, 'learning_rate': 0.12608983650021116}. Best is trial 321 with value: 41.67874455451965.
trail number 2581
[I 2025-07-19 12:26:27,722] Trial 2581 finished with value: 46.92873239517212 and parameters: {'n_estimators': 73, 'max_depth': 10, 'learning_rate': 0.10095756932047374}. Best is trial 321 with value: 41.67874455451965.
trail number 2576
[I 2025-07-19 12:26:28,014] Trial 2576 finished with value: 44.343791007995605 and parameters: {'n_estimators': 359, 'max_depth': 6, 'learning_rate': 0.13495843997029888}. Best is trial 321 with value: 41.67874455451965.
trail number 2585
[I 2025-07-19 12:26:28,550] Trial 2585 finished with value: 44.15435314178467 and parameters: {'n_estimators': 83, 'max_depth': 5, 'learning_rate': 0.12924443360201301}. Best is trial 321 with value: 41.67874455451965.
trail number 2579
