[I 2025-07-19 11:59:56,538] Trial 464 finished with value: 41.939396262168884 and parameters: {'n_estimators': 69, 'max_depth': 3, 'learning_rate': 0.07546897664117609}. Best is trial 321 with value: 41.67874455451965.
trail number 466
[I 2025-07-19 11:59:59,092] Trial 466 finished with value: 45.7830685377121 and parameters: {'n_estimators': 817, 'max_depth': 3, 'learning_rate': 0.10123107215194323}. Best is trial 321 with value: 41.67874455451965.
trail number 465
[I 2025-07-19 11:59:59,457] Trial 465 finished with value: 45.85076987743378 and parameters: {'n_estimators': 902, 'max_depth': 7, 'learning_rate': 0.11476716860026917}. Best is trial 321 with value: 41.67874455451965.
trail number 467
[I 2025-07-19 11:59:59,891] Trial 467 finished with value: 45.5896782875061 and parameters: {'n_estimators': 93, 'max_depth': 7, 'learning_rate': 0.1058349852069448}. Best is trial 321 with value: 41.67874455451965.
trail number 468
[I 2025-07-19 12:00:00,210] Trial 468 finished with value: 43.09255063533783 and parameters: {'n_estimators': 213, 'max_depth': 3, 'learning_rate': 0.08430492753208187}. Best is trial 321 with value: 41.67874455451965.
trail number 469
[I 2025-07-19 12:00:00,322] Trial 469 finished with value: 43.48285615444183 and parameters: {'n_estimators': 89, 'max_depth': 4, 'learning_rate': 0.060335525207237256}. Best is trial 321 with value: 41.67874455451965.
trail number 470
[I 2025-07-19 12:00:00,445] Trial 470 finished with value: 43.761560916900635 and parameters: {'n_estimators': 56, 'max_depth': 3, 'learning_rate': 0.04274052815543174}. Best is trial 321 with value: 41.67874455451965.
trail number 471
[I 2025-07-19 12:00:00,728] Trial 471 finished with value: 43.020029067993164 and parameters: {'n_estimators': 80, 'max_depth': 4, 'learning_rate': 0.09809013988833237}. Best is trial 321 with value: 41.67874455451965.
trail number 472
[I 2025-07-19 12:00:00,815] Trial 472 finished with value: 41.900193095207214 and parameters: {'n_estimators': 99, 'max_depth': 3, 'learning_rate': 0.06141715999349038}. Best is trial 321 with value: 41.67874455451965.
trail number 473
[I 2025-07-19 12:00:01,084] Trial 473 finished with value: 43.0290412902832 and parameters: {'n_estimators': 97, 'max_depth': 3, 'learning_rate': 0.12625609778281313}. Best is trial 321 with value: 41.67874455451965.
trail number 474
[I 2025-07-19 12:00:01,452] Trial 474 finished with value: 42.33249545097351 and parameters: {'n_estimators': 181, 'max_depth': 3, 'learning_rate': 0.058873698408493706}. Best is trial 321 with value: 41.67874455451965.
trail number 475
[I 2025-07-19 12:00:01,512] Trial 475 finished with value: 45.73443353176117 and parameters: {'n_estimators': 44, 'max_depth': 7, 'learning_rate': 0.07313776486542459}. Best is trial 321 with value: 41.67874455451965.
trail number 463
[I 2025-07-19 12:00:03,319] Trial 463 finished with value: 46.490941643714905 and parameters: {'n_estimators': 717, 'max_depth': 8, 'learning_rate': 0.010336606418097558}. Best is trial 321 with value: 41.67874455451965.
trail number 477
[I 2025-07-19 12:00:03,662] Trial 477 finished with value: 44.341961145401 and parameters: {'n_estimators': 660, 'max_depth': 3, 'learning_rate': 0.06389256346269681}. Best is trial 321 with value: 41.67874455451965.
trail number 479
[I 2025-07-19 12:00:04,608] Trial 479 finished with value: 43.5961639881134 and parameters: {'n_estimators': 282, 'max_depth': 3, 'learning_rate': 0.07514695689088231}. Best is trial 321 with value: 41.67874455451965.
trail number 480
[I 2025-07-19 12:00:04,720] Trial 480 finished with value: 45.26206970214844 and parameters: {'n_estimators': 22, 'max_depth': 3, 'learning_rate': 0.07499296535720039}. Best is trial 321 with value: 41.67874455451965.
trail number 478
[I 2025-07-19 12:00:04,954] Trial 478 finished with value: 44.68295156955719 and parameters: {'n_estimators': 465, 'max_depth': 3, 'learning_rate': 0.10477650485481632}. Best is trial 321 with value: 41.67874455451965.
trail number 481
[I 2025-07-19 12:00:05,037] Trial 481 finished with value: 41.854071617126465 and parameters: {'n_estimators': 78, 'max_depth': 3, 'learning_rate': 0.06580874190032375}. Best is trial 321 with value: 41.67874455451965.
trail number 483
[I 2025-07-19 12:00:05,166] Trial 483 finished with value: 46.577409505844116 and parameters: {'n_estimators': 26, 'max_depth': 3, 'learning_rate': 0.05198523838759642}. Best is trial 321 with value: 41.67874455451965.
trail number 484
[I 2025-07-19 12:00:06,143] Trial 484 finished with value: 45.528268218040466 and parameters: {'n_estimators': 113, 'max_depth': 7, 'learning_rate': 0.10055109335725723}. Best is trial 321 with value: 41.67874455451965.
trail number 485
[I 2025-07-19 12:00:06,247] Trial 485 finished with value: 45.52564263343811 and parameters: {'n_estimators': 21, 'max_depth': 3, 'learning_rate': 0.07631736623292144}. Best is trial 321 with value: 41.67874455451965.
trail number 476
[I 2025-07-19 12:00:08,202] Trial 476 finished with value: 44.45473909378052 and parameters: {'n_estimators': 4749, 'max_depth': 6, 'learning_rate': 0.23808326249411482}. Best is trial 321 with value: 41.67874455451965.
trail number 487
[I 2025-07-19 12:00:08,277] Trial 487 finished with value: 50.06373107433319 and parameters: {'n_estimators': 12, 'max_depth': 3, 'learning_rate': 0.0686241245328649}. Best is trial 321 with value: 41.67874455451965.
trail number 488
[I 2025-07-19 12:00:08,447] Trial 488 finished with value: 53.46701681613922 and parameters: {'n_estimators': 14, 'max_depth': 8, 'learning_rate': 0.04765096378104643}. Best is trial 321 with value: 41.67874455451965.
trail number 489
[I 2025-07-19 12:00:08,946] Trial 489 finished with value: 43.43666732311249 and parameters: {'n_estimators': 136, 'max_depth': 3, 'learning_rate': 0.10070100547924804}. Best is trial 321 with value: 41.67874455451965.
trail number 486
[I 2025-07-19 12:00:09,947] Trial 486 finished with value: 46.967588663101196 and parameters: {'n_estimators': 194, 'max_depth': 19, 'learning_rate': 0.025661341391062853}. Best is trial 321 with value: 41.67874455451965.
trail number 482
[I 2025-07-19 12:00:10,188] Trial 482 finished with value: 45.23424983024597 and parameters: {'n_estimators': 3444, 'max_depth': 8, 'learning_rate': 0.20884339384443404}. Best is trial 321 with value: 41.67874455451965.
trail number 490
[I 2025-07-19 12:00:12,343] Trial 490 finished with value: 45.89265584945679 and parameters: {'n_estimators': 679, 'max_depth': 8, 'learning_rate': 0.0931754148711354}. Best is trial 321 with value: 41.67874455451965.
trail number 491
[I 2025-07-19 12:00:14,039] Trial 491 finished with value: 46.45864725112915 and parameters: {'n_estimators': 757, 'max_depth': 7, 'learning_rate': 0.07719146943346629}. Best is trial 321 with value: 41.67874455451965.
trail number 492
[I 2025-07-19 12:00:14,206] Trial 492 finished with value: 46.579102873802185 and parameters: {'n_estimators': 566, 'max_depth': 8, 'learning_rate': 0.06985287121002597}. Best is trial 321 with value: 41.67874455451965.
trail number 493
[I 2025-07-19 12:00:17,116] Trial 493 finished with value: 46.059476137161255 and parameters: {'n_estimators': 859, 'max_depth': 7, 'learning_rate': 0.06557601354130409}. Best is trial 321 with value: 41.67874455451965.
trail number 495
[I 2025-07-19 12:00:18,447] Trial 495 finished with value: 46.27689778804779 and parameters: {'n_estimators': 525, 'max_depth': 7, 'learning_rate': 0.0498414385532797}. Best is trial 321 with value: 41.67874455451965.
trail number 494
[I 2025-07-19 12:00:18,703] Trial 494 finished with value: 45.95398008823395 and parameters: {'n_estimators': 737, 'max_depth': 7, 'learning_rate': 0.06620364128400871}. Best is trial 321 with value: 41.67874455451965.
trail number 496
[I 2025-07-19 12:00:22,593] Trial 496 finished with value: 46.57571852207184 and parameters: {'n_estimators': 1660, 'max_depth': 21, 'learning_rate': 0.10382625955977298}. Best is trial 321 with value: 41.67874455451965.
trail number 497
[I 2025-07-19 12:00:23,530] Trial 497 finished with value: 45.78023314476013 and parameters: {'n_estimators': 629, 'max_depth': 7, 'learning_rate': 0.051455200309591734}. Best is trial 321 with value: 41.67874455451965.
trail number 434
[I 2025-07-19 12:00:23,839] Trial 434 finished with value: 46.99402570724487 and parameters: {'n_estimators': 4436, 'max_depth': 21, 'learning_rate': 0.012121695209877659}. Best is trial 321 with value: 41.67874455451965.
trail number 498
[I 2025-07-19 12:00:24,015] Trial 498 finished with value: 46.744821071624756 and parameters: {'n_estimators': 1554, 'max_depth': 24, 'learning_rate': 0.11049248061571423}. Best is trial 321 with value: 41.67874455451965.
trail number 501
[I 2025-07-19 12:00:24,319] Trial 501 finished with value: 42.15104520320892 and parameters: {'n_estimators': 119, 'max_depth': 3, 'learning_rate': 0.06221877674760107}. Best is trial 321 with value: 41.67874455451965.
trail number 503
[I 2025-07-19 12:00:24,794] Trial 503 finished with value: 45.76144456863403 and parameters: {'n_estimators': 51, 'max_depth': 7, 'learning_rate': 0.07445173581095102}. Best is trial 321 with value: 41.67874455451965.
trail number 502
[I 2025-07-19 12:00:24,833] Trial 502 finished with value: 45.097951889038086 and parameters: {'n_estimators': 105, 'max_depth': 6, 'learning_rate': 0.04122170793742268}. Best is trial 321 with value: 41.67874455451965.
trail number 499
[I 2025-07-19 12:00:25,141] Trial 499 finished with value: 45.133841037750244 and parameters: {'n_estimators': 704, 'max_depth': 3, 'learning_rate': 0.08804973040959099}. Best is trial 321 with value: 41.67874455451965.
trail number 505
[I 2025-07-19 12:00:25,297] Trial 505 finished with value: 41.78556561470032 and parameters: {'n_estimators': 120, 'max_depth': 3, 'learning_rate': 0.05676634663771502}. Best is trial 321 with value: 41.67874455451965.
trail number 507
[I 2025-07-19 12:00:25,453] Trial 507 finished with value: 45.0585812330246 and parameters: {'n_estimators': 36, 'max_depth': 3, 'learning_rate': 0.048601870026902326}. Best is trial 321 with value: 41.67874455451965.
trail number 500
[I 2025-07-19 12:00:27,643] Trial 500 finished with value: 46.174524426460266 and parameters: {'n_estimators': 1944, 'max_depth': 9, 'learning_rate': 0.14037231187682717}. Best is trial 321 with value: 41.67874455451965.
trail number 504
[I 2025-07-19 12:00:27,944] Trial 504 finished with value: 45.02606689929962 and parameters: {'n_estimators': 911, 'max_depth': 3, 'learning_rate': 0.05478754036641874}. Best is trial 321 with value: 41.67874455451965.
trail number 506
[I 2025-07-19 12:00:28,010] Trial 506 finished with value: 44.5254772901535 and parameters: {'n_estimators': 832, 'max_depth': 3, 'learning_rate': 0.07322649223787256}. Best is trial 321 with value: 41.67874455451965.
trail number 508
[I 2025-07-19 12:00:28,065] Trial 508 finished with value: 45.395293831825256 and parameters: {'n_estimators': 774, 'max_depth': 3, 'learning_rate': 0.08549272366794135}. Best is trial 321 with value: 41.67874455451965.
trail number 512
[I 2025-07-19 12:00:28,272] Trial 512 finished with value: 42.50367283821106 and parameters: {'n_estimators': 51, 'max_depth': 3, 'learning_rate': 0.08043655991049653}. Best is trial 321 with value: 41.67874455451965.
trail number 511
[I 2025-07-19 12:00:28,469] Trial 511 finished with value: 47.24206984043121 and parameters: {'n_estimators': 44, 'max_depth': 7, 'learning_rate': 0.04651122997325087}. Best is trial 321 with value: 41.67874455451965.
trail number 513
[I 2025-07-19 12:00:28,555] Trial 513 finished with value: 48.267858028411865 and parameters: {'n_estimators': 27, 'max_depth': 7, 'learning_rate': 0.057972222802751466}. Best is trial 321 with value: 41.67874455451965.
trail number 509
[I 2025-07-19 12:00:30,389] Trial 509 finished with value: 45.094565749168396 and parameters: {'n_estimators': 813, 'max_depth': 3, 'learning_rate': 0.06174018237095344}. Best is trial 321 with value: 41.67874455451965.
trail number 515
[I 2025-07-19 12:00:30,658] Trial 515 finished with value: 44.32556986808777 and parameters: {'n_estimators': 652, 'max_depth': 3, 'learning_rate': 0.06482525393525776}. Best is trial 321 with value: 41.67874455451965.
trail number 514
[I 2025-07-19 12:00:30,771] Trial 514 finished with value: 44.59554195404053 and parameters: {'n_estimators': 706, 'max_depth': 3, 'learning_rate': 0.06089074204622583}. Best is trial 321 with value: 41.67874455451965.
trail number 518
[I 2025-07-19 12:00:30,843] Trial 518 finished with value: 52.47060298919678 and parameters: {'n_estimators': 10, 'max_depth': 3, 'learning_rate': 0.059729648949120494}. Best is trial 321 with value: 41.67874455451965.
trail number 517
[I 2025-07-19 12:00:30,934] Trial 517 finished with value: 42.09921360015869 and parameters: {'n_estimators': 58, 'max_depth': 3, 'learning_rate': 0.11506652962030792}. Best is trial 321 with value: 41.67874455451965.
trail number 510
[I 2025-07-19 12:00:31,375] Trial 510 finished with value: 45.26481807231903 and parameters: {'n_estimators': 982, 'max_depth': 3, 'learning_rate': 0.0612590899060456}. Best is trial 321 with value: 41.67874455451965.
trail number 519
[I 2025-07-19 12:00:31,494] Trial 519 finished with value: 43.59658241271973 and parameters: {'n_estimators': 177, 'max_depth': 3, 'learning_rate': 0.11303926483788312}. Best is trial 321 with value: 41.67874455451965.
trail number 522
[I 2025-07-19 12:00:31,881] Trial 522 finished with value: 43.4429395198822 and parameters: {'n_estimators': 108, 'max_depth': 3, 'learning_rate': 0.023949356374883244}. Best is trial 321 with value: 41.67874455451965.
trail number 516
[I 2025-07-19 12:00:32,302] Trial 516 finished with value: 44.44076955318451 and parameters: {'n_estimators': 530, 'max_depth': 3, 'learning_rate': 0.060798978865953285}. Best is trial 321 with value: 41.67874455451965.
trail number 524
[I 2025-07-19 12:00:33,237] Trial 524 finished with value: 42.77239263057709 and parameters: {'n_estimators': 288, 'max_depth': 3, 'learning_rate': 0.04654278975148987}. Best is trial 321 with value: 41.67874455451965.
trail number 525
[I 2025-07-19 12:00:33,812] Trial 525 finished with value: 41.9926780462265 and parameters: {'n_estimators': 173, 'max_depth': 3, 'learning_rate': 0.04965572189562237}. Best is trial 321 with value: 41.67874455451965.
trail number 526
[I 2025-07-19 12:00:34,090] Trial 526 finished with value: 46.87669575214386 and parameters: {'n_estimators': 35, 'max_depth': 6, 'learning_rate': 0.04780381654788903}. Best is trial 321 with value: 41.67874455451965.
trail number 521
[I 2025-07-19 12:00:34,485] Trial 521 finished with value: 46.794655323028564 and parameters: {'n_estimators': 226, 'max_depth': 13, 'learning_rate': 0.10558601866381372}. Best is trial 321 with value: 41.67874455451965.
trail number 528
[I 2025-07-19 12:00:34,611] Trial 528 finished with value: 46.8194305896759 and parameters: {'n_estimators': 27, 'max_depth': 3, 'learning_rate': 0.04857418909772202}. Best is trial 321 with value: 41.67874455451965.
trail number 529
[I 2025-07-19 12:00:34,969] Trial 529 finished with value: 41.90885603427887 and parameters: {'n_estimators': 102, 'max_depth': 3, 'learning_rate': 0.06982443110368491}. Best is trial 321 with value: 41.67874455451965.
trail number 523
[I 2025-07-19 12:00:35,652] Trial 523 finished with value: 46.66989326477051 and parameters: {'n_estimators': 429, 'max_depth': 12, 'learning_rate': 0.08679801669829623}. Best is trial 321 with value: 41.67874455451965.
trail number 527
[I 2025-07-19 12:00:35,762] Trial 527 finished with value: 45.58900833129883 and parameters: {'n_estimators': 197, 'max_depth': 7, 'learning_rate': 0.1028350880109726}. Best is trial 321 with value: 41.67874455451965.
trail number 531
[I 2025-07-19 12:00:37,054] Trial 531 finished with value: 46.45853579044342 and parameters: {'n_estimators': 173, 'max_depth': 7, 'learning_rate': 0.09082877359907068}. Best is trial 321 with value: 41.67874455451965.
trail number 533
[I 2025-07-19 12:00:37,250] Trial 533 finished with value: 45.93577802181244 and parameters: {'n_estimators': 24, 'max_depth': 6, 'learning_rate': 0.09752199668204184}. Best is trial 321 with value: 41.67874455451965.
trail number 520
[I 2025-07-19 12:00:37,480] Trial 520 finished with value: 45.92609167098999 and parameters: {'n_estimators': 786, 'max_depth': 7, 'learning_rate': 0.0391346591784891}. Best is trial 321 with value: 41.67874455451965.
trail number 535
[I 2025-07-19 12:00:37,806] Trial 535 finished with value: 42.163556814193726 and parameters: {'n_estimators': 90, 'max_depth': 3, 'learning_rate': 0.0936136697498582}. Best is trial 321 with value: 41.67874455451965.
trail number 530
[I 2025-07-19 12:00:37,884] Trial 530 finished with value: 45.82813560962677 and parameters: {'n_estimators': 700, 'max_depth': 7, 'learning_rate': 0.12081844713230741}. Best is trial 321 with value: 41.67874455451965.
trail number 536
[I 2025-07-19 12:00:37,922] Trial 536 finished with value: 49.78012502193451 and parameters: {'n_estimators': 12, 'max_depth': 5, 'learning_rate': 0.07882993334632614}. Best is trial 321 with value: 41.67874455451965.
trail number 532
[I 2025-07-19 12:00:39,841] Trial 532 finished with value: 44.5152348279953 and parameters: {'n_estimators': 910, 'max_depth': 5, 'learning_rate': 0.1116102392348518}. Best is trial 321 with value: 41.67874455451965.
trail number 537
[I 2025-07-19 12:00:40,414] Trial 537 finished with value: 45.6894451379776 and parameters: {'n_estimators': 768, 'max_depth': 3, 'learning_rate': 0.11966538177748584}. Best is trial 321 with value: 41.67874455451965.
trail number 534
[I 2025-07-19 12:00:41,521] Trial 534 finished with value: 44.363754987716675 and parameters: {'n_estimators': 981, 'max_depth': 4, 'learning_rate': 0.09733484052164174}. Best is trial 321 with value: 41.67874455451965.
trail number 538
[I 2025-07-19 12:00:42,011] Trial 538 finished with value: 45.125874280929565 and parameters: {'n_estimators': 1139, 'max_depth': 6, 'learning_rate': 0.10135339940617828}. Best is trial 321 with value: 41.67874455451965.
trail number 542
[I 2025-07-19 12:00:42,557] Trial 542 finished with value: 43.40445637702942 and parameters: {'n_estimators': 158, 'max_depth': 3, 'learning_rate': 0.10331256216744886}. Best is trial 321 with value: 41.67874455451965.
trail number 539
[I 2025-07-19 12:00:42,775] Trial 539 finished with value: 46.402931809425354 and parameters: {'n_estimators': 897, 'max_depth': 3, 'learning_rate': 0.0927446338245575}. Best is trial 321 with value: 41.67874455451965.
trail number 540
[I 2025-07-19 12:00:42,940] Trial 540 finished with value: 45.11909306049347 and parameters: {'n_estimators': 744, 'max_depth': 3, 'learning_rate': 0.05532557727329025}. Best is trial 321 with value: 41.67874455451965.
trail number 544
[I 2025-07-19 12:00:43,091] Trial 544 finished with value: 43.2222580909729 and parameters: {'n_estimators': 59, 'max_depth': 4, 'learning_rate': 0.06207563944472937}. Best is trial 321 with value: 41.67874455451965.
trail number 545
[I 2025-07-19 12:00:44,091] Trial 545 finished with value: 46.004836559295654 and parameters: {'n_estimators': 131, 'max_depth': 7, 'learning_rate': 0.0629212924542392}. Best is trial 321 with value: 41.67874455451965.
trail number 547
[I 2025-07-19 12:00:44,548] Trial 547 finished with value: 42.36291706562042 and parameters: {'n_estimators': 128, 'max_depth': 3, 'learning_rate': 0.07912494104084655}. Best is trial 321 with value: 41.67874455451965.
trail number 543
[I 2025-07-19 12:00:45,070] Trial 543 finished with value: 44.65476334095001 and parameters: {'n_estimators': 731, 'max_depth': 3, 'learning_rate': 0.05555428083068186}. Best is trial 321 with value: 41.67874455451965.
trail number 549
[I 2025-07-19 12:00:48,187] Trial 549 finished with value: 46.83304250240326 and parameters: {'n_estimators': 1665, 'max_depth': 22, 'learning_rate': 0.2777872319777307}. Best is trial 321 with value: 41.67874455451965.
trail number 550
[I 2025-07-19 12:00:48,372] Trial 550 finished with value: 57.38925337791443 and parameters: {'n_estimators': 18, 'max_depth': 7, 'learning_rate': 0.018100279610779865}. Best is trial 321 with value: 41.67874455451965.
trail number 546
[I 2025-07-19 12:00:48,586] Trial 546 finished with value: 43.29096972942352 and parameters: {'n_estimators': 1688, 'max_depth': 3, 'learning_rate': 0.010614570679637609}. Best is trial 321 with value: 41.67874455451965.
trail number 552
[I 2025-07-19 12:00:48,862] Trial 552 finished with value: 47.59073257446289 and parameters: {'n_estimators': 35, 'max_depth': 6, 'learning_rate': 0.042121067688806774}. Best is trial 321 with value: 41.67874455451965.
trail number 553
[I 2025-07-19 12:00:51,770] Trial 553 finished with value: 44.44949567317963 and parameters: {'n_estimators': 925, 'max_depth': 3, 'learning_rate': 0.043429006634757475}. Best is trial 321 with value: 41.67874455451965.
trail number 554
[I 2025-07-19 12:00:51,966] Trial 554 finished with value: 42.87387430667877 and parameters: {'n_estimators': 48, 'max_depth': 3, 'learning_rate': 0.0708256047067094}. Best is trial 321 with value: 41.67874455451965.
trail number 548
[I 2025-07-19 12:00:52,814] Trial 548 finished with value: 47.45831489562988 and parameters: {'n_estimators': 2273, 'max_depth': 13, 'learning_rate': 0.05369193872417617}. Best is trial 321 with value: 41.67874455451965.
trail number 555
[I 2025-07-19 12:00:53,472] Trial 555 finished with value: 45.153518319129944 and parameters: {'n_estimators': 550, 'max_depth': 6, 'learning_rate': 0.2909237443265802}. Best is trial 321 with value: 41.67874455451965.
trail number 551
[I 2025-07-19 12:00:53,930] Trial 551 finished with value: 45.76599955558777 and parameters: {'n_estimators': 1447, 'max_depth': 7, 'learning_rate': 0.0633028124086408}. Best is trial 321 with value: 41.67874455451965.
trail number 541
