[I 2025-07-19 12:20:44,470] Trial 2122 finished with value: 46.69467389583588 and parameters: {'n_estimators': 4434, 'max_depth': 28, 'learning_rate': 0.2858208392632772}. Best is trial 321 with value: 41.67874455451965.
trail number 2127
[I 2025-07-19 12:20:44,760] Trial 2127 finished with value: 42.69261717796326 and parameters: {'n_estimators': 66, 'max_depth': 3, 'learning_rate': 0.12138659420583933}. Best is trial 321 with value: 41.67874455451965.
trail number 2124
[I 2025-07-19 12:20:45,498] Trial 2124 finished with value: 45.38395404815674 and parameters: {'n_estimators': 1202, 'max_depth': 6, 'learning_rate': 0.0576883224122073}. Best is trial 321 with value: 41.67874455451965.
trail number 2126
[I 2025-07-19 12:20:47,804] Trial 2126 finished with value: 44.993353486061096 and parameters: {'n_estimators': 1106, 'max_depth': 3, 'learning_rate': 0.04688505326532954}. Best is trial 321 with value: 41.67874455451965.
trail number 2113
[I 2025-07-19 12:20:47,925] Trial 2113 finished with value: 47.15492784976959 and parameters: {'n_estimators': 3770, 'max_depth': 30, 'learning_rate': 0.05010319044579006}. Best is trial 321 with value: 41.67874455451965.
trail number 2130
[I 2025-07-19 12:20:48,126] Trial 2130 finished with value: 42.81414806842804 and parameters: {'n_estimators': 63, 'max_depth': 3, 'learning_rate': 0.054840938040730924}. Best is trial 321 with value: 41.67874455451965.
trail number 2129
[I 2025-07-19 12:20:48,395] Trial 2129 finished with value: 45.94410300254822 and parameters: {'n_estimators': 837, 'max_depth': 3, 'learning_rate': 0.11940983398130392}. Best is trial 321 with value: 41.67874455451965.
trail number 2133
[I 2025-07-19 12:20:48,614] Trial 2133 finished with value: 42.30850696563721 and parameters: {'n_estimators': 46, 'max_depth': 3, 'learning_rate': 0.0779139178575096}. Best is trial 321 with value: 41.67874455451965.
trail number 2134
[I 2025-07-19 12:20:50,268] Trial 2134 finished with value: 43.296348452568054 and parameters: {'n_estimators': 497, 'max_depth': 3, 'learning_rate': 0.04012372755954361}. Best is trial 321 with value: 41.67874455451965.
trail number 2135
[I 2025-07-19 12:20:50,427] Trial 2135 finished with value: 46.7168128490448 and parameters: {'n_estimators': 19, 'max_depth': 5, 'learning_rate': 0.08549803103440362}. Best is trial 321 with value: 41.67874455451965.
trail number 2136
[I 2025-07-19 12:20:50,622] Trial 2136 finished with value: 42.635618448257446 and parameters: {'n_estimators': 40, 'max_depth': 3, 'learning_rate': 0.10378228572966326}. Best is trial 321 with value: 41.67874455451965.
trail number 2132
[I 2025-07-19 12:20:51,950] Trial 2132 finished with value: 45.191065073013306 and parameters: {'n_estimators': 517, 'max_depth': 6, 'learning_rate': 0.037548744542806864}. Best is trial 321 with value: 41.67874455451965.
trail number 2131
[I 2025-07-19 12:20:52,443] Trial 2131 finished with value: 44.262056946754456 and parameters: {'n_estimators': 601, 'max_depth': 6, 'learning_rate': 0.03183307783311392}. Best is trial 321 with value: 41.67874455451965.
trail number 2128
[I 2025-07-19 12:20:52,473] Trial 2128 finished with value: 46.86552882194519 and parameters: {'n_estimators': 4595, 'max_depth': 30, 'learning_rate': 0.18690198675165504}. Best is trial 321 with value: 41.67874455451965.
trail number 2139
[I 2025-07-19 12:20:55,339] Trial 2139 finished with value: 44.352577328681946 and parameters: {'n_estimators': 923, 'max_depth': 3, 'learning_rate': 0.04488159431415819}. Best is trial 321 with value: 41.67874455451965.
trail number 2141
[I 2025-07-19 12:20:57,356] Trial 2141 finished with value: 45.286641120910645 and parameters: {'n_estimators': 636, 'max_depth': 3, 'learning_rate': 0.07979569476646554}. Best is trial 321 with value: 41.67874455451965.
trail number 2142
[I 2025-07-19 12:20:57,837] Trial 2142 finished with value: 45.7936692237854 and parameters: {'n_estimators': 63, 'max_depth': 6, 'learning_rate': 0.03887263796643926}. Best is trial 321 with value: 41.67874455451965.
trail number 2138
[I 2025-07-19 12:20:58,055] Trial 2138 finished with value: 46.872137784957886 and parameters: {'n_estimators': 338, 'max_depth': 17, 'learning_rate': 0.06323242025412489}. Best is trial 321 with value: 41.67874455451965.
trail number 2144
[I 2025-07-19 12:20:58,207] Trial 2144 finished with value: 51.66355788707733 and parameters: {'n_estimators': 11, 'max_depth': 7, 'learning_rate': 0.07906409264786882}. Best is trial 321 with value: 41.67874455451965.
trail number 2145
[I 2025-07-19 12:20:58,310] Trial 2145 finished with value: 50.97833216190338 and parameters: {'n_estimators': 13, 'max_depth': 3, 'learning_rate': 0.0565753962717223}. Best is trial 321 with value: 41.67874455451965.
trail number 2143
[I 2025-07-19 12:21:02,427] Trial 2143 finished with value: 46.12199425697327 and parameters: {'n_estimators': 523, 'max_depth': 7, 'learning_rate': 0.010174587472082915}. Best is trial 321 with value: 41.67874455451965.
trail number 2140
[I 2025-07-19 12:21:02,993] Trial 2140 finished with value: 47.3763632774353 and parameters: {'n_estimators': 4873, 'max_depth': 18, 'learning_rate': 0.07473929010499408}. Best is trial 321 with value: 41.67874455451965.
trail number 2146
[I 2025-07-19 12:21:03,878] Trial 2146 finished with value: 46.28655552864075 and parameters: {'n_estimators': 590, 'max_depth': 9, 'learning_rate': 0.04876485531975194}. Best is trial 321 with value: 41.67874455451965.
trail number 2137
[I 2025-07-19 12:21:04,636] Trial 2137 finished with value: 47.325947284698486 and parameters: {'n_estimators': 4326, 'max_depth': 23, 'learning_rate': 0.04525558068530516}. Best is trial 321 with value: 41.67874455451965.
trail number 2147
[I 2025-07-19 12:21:04,950] Trial 2147 finished with value: 44.133862257003784 and parameters: {'n_estimators': 708, 'max_depth': 3, 'learning_rate': 0.04190143541738866}. Best is trial 321 with value: 41.67874455451965.
trail number 2151
[I 2025-07-19 12:21:05,130] Trial 2151 finished with value: 45.118974447250366 and parameters: {'n_estimators': 35, 'max_depth': 3, 'learning_rate': 0.05161956659697659}. Best is trial 321 with value: 41.67874455451965.
trail number 2152
[I 2025-07-19 12:21:05,272] Trial 2152 finished with value: 43.936498165130615 and parameters: {'n_estimators': 25, 'max_depth': 3, 'learning_rate': 0.08353754040599766}. Best is trial 321 with value: 41.67874455451965.
trail number 2150
[I 2025-07-19 12:21:05,330] Trial 2150 finished with value: 45.745002031326294 and parameters: {'n_estimators': 58, 'max_depth': 7, 'learning_rate': 0.1512168694190943}. Best is trial 321 with value: 41.67874455451965.
trail number 2153
[I 2025-07-19 12:21:05,793] Trial 2153 finished with value: 44.72562611103058 and parameters: {'n_estimators': 47, 'max_depth': 7, 'learning_rate': 0.12016090581859623}. Best is trial 321 with value: 41.67874455451965.
trail number 2148
[I 2025-07-19 12:21:06,317] Trial 2148 finished with value: 46.88955366611481 and parameters: {'n_estimators': 228, 'max_depth': 10, 'learning_rate': 0.011483481302177759}. Best is trial 321 with value: 41.67874455451965.
trail number 2149
[I 2025-07-19 12:21:07,597] Trial 2149 finished with value: 45.06703972816467 and parameters: {'n_estimators': 487, 'max_depth': 6, 'learning_rate': 0.037884690351436955}. Best is trial 321 with value: 41.67874455451965.
trail number 2154
[I 2025-07-19 12:21:08,419] Trial 2154 finished with value: 42.25041389465332 and parameters: {'n_estimators': 865, 'max_depth': 3, 'learning_rate': 0.010995604462432721}. Best is trial 321 with value: 41.67874455451965.
trail number 2157
[I 2025-07-19 12:21:08,748] Trial 2157 finished with value: 42.57799685001373 and parameters: {'n_estimators': 324, 'max_depth': 3, 'learning_rate': 0.011819014024072216}. Best is trial 321 with value: 41.67874455451965.
trail number 2155
[I 2025-07-19 12:21:09,049] Trial 2155 finished with value: 46.624431014060974 and parameters: {'n_estimators': 580, 'max_depth': 9, 'learning_rate': 0.09712939065632095}. Best is trial 321 with value: 41.67874455451965.
trail number 2160
[I 2025-07-19 12:21:09,245] Trial 2160 finished with value: 51.6585636138916 and parameters: {'n_estimators': 22, 'max_depth': 5, 'learning_rate': 0.035067888560168514}. Best is trial 321 with value: 41.67874455451965.
trail number 2156
[I 2025-07-19 12:21:10,781] Trial 2156 finished with value: 46.70073330402374 and parameters: {'n_estimators': 535, 'max_depth': 10, 'learning_rate': 0.06927301731519711}. Best is trial 321 with value: 41.67874455451965.
trail number 2158
[I 2025-07-19 12:21:11,527] Trial 2158 finished with value: 46.2621134519577 and parameters: {'n_estimators': 708, 'max_depth': 10, 'learning_rate': 0.11765759708075357}. Best is trial 321 with value: 41.67874455451965.
trail number 2159
[I 2025-07-19 12:21:12,436] Trial 2159 finished with value: 45.2677446603775 and parameters: {'n_estimators': 702, 'max_depth': 6, 'learning_rate': 0.10148703547768584}. Best is trial 321 with value: 41.67874455451965.
trail number 2164
[I 2025-07-19 12:21:12,567] Trial 2164 finished with value: 49.6290248632431 and parameters: {'n_estimators': 11, 'max_depth': 6, 'learning_rate': 0.09431303021216338}. Best is trial 321 with value: 41.67874455451965.
trail number 2162
[I 2025-07-19 12:21:14,214] Trial 2162 finished with value: 45.01171112060547 and parameters: {'n_estimators': 562, 'max_depth': 6, 'learning_rate': 0.10237060457006926}. Best is trial 321 with value: 41.67874455451965.
trail number 2165
[I 2025-07-19 12:21:14,885] Trial 2165 finished with value: 44.21400427818298 and parameters: {'n_estimators': 689, 'max_depth': 3, 'learning_rate': 0.044832809938356206}. Best is trial 321 with value: 41.67874455451965.
trail number 2161
[I 2025-07-19 12:21:15,389] Trial 2161 finished with value: 47.07602083683014 and parameters: {'n_estimators': 1207, 'max_depth': 9, 'learning_rate': 0.051097288419565234}. Best is trial 321 with value: 41.67874455451965.
trail number 2163
[I 2025-07-19 12:21:15,916] Trial 2163 finished with value: 45.994221568107605 and parameters: {'n_estimators': 1431, 'max_depth': 7, 'learning_rate': 0.09326059811421213}. Best is trial 321 with value: 41.67874455451965.
trail number 2169
[I 2025-07-19 12:21:16,015] Trial 2169 finished with value: 49.40062403678894 and parameters: {'n_estimators': 12, 'max_depth': 3, 'learning_rate': 0.07419852594313635}. Best is trial 321 with value: 41.67874455451965.
trail number 2166
[I 2025-07-19 12:21:17,002] Trial 2166 finished with value: 41.98443293571472 and parameters: {'n_estimators': 790, 'max_depth': 3, 'learning_rate': 0.010027889227984997}. Best is trial 321 with value: 41.67874455451965.
trail number 2168
[I 2025-07-19 12:21:17,448] Trial 2168 finished with value: 44.018771052360535 and parameters: {'n_estimators': 565, 'max_depth': 3, 'learning_rate': 0.08242730208903337}. Best is trial 321 with value: 41.67874455451965.
trail number 2170
[I 2025-07-19 12:21:18,423] Trial 2170 finished with value: 45.112475752830505 and parameters: {'n_estimators': 705, 'max_depth': 3, 'learning_rate': 0.1082882728119171}. Best is trial 321 with value: 41.67874455451965.
trail number 2173
[I 2025-07-19 12:21:18,714] Trial 2173 finished with value: 46.184239983558655 and parameters: {'n_estimators': 33, 'max_depth': 6, 'learning_rate': 0.06211952989740267}. Best is trial 321 with value: 41.67874455451965.
trail number 2172
[I 2025-07-19 12:21:19,220] Trial 2172 finished with value: 43.633288741111755 and parameters: {'n_estimators': 514, 'max_depth': 3, 'learning_rate': 0.04241246346919243}. Best is trial 321 with value: 41.67874455451965.
trail number 2171
[I 2025-07-19 12:21:19,416] Trial 2171 finished with value: 44.840598702430725 and parameters: {'n_estimators': 686, 'max_depth': 3, 'learning_rate': 0.0712181995717274}. Best is trial 321 with value: 41.67874455451965.
trail number 2176
[I 2025-07-19 12:21:19,580] Trial 2176 finished with value: 47.17274785041809 and parameters: {'n_estimators': 32, 'max_depth': 3, 'learning_rate': 0.03996835012068608}. Best is trial 321 with value: 41.67874455451965.
trail number 2167
[I 2025-07-19 12:21:19,655] Trial 2167 finished with value: 45.03600358963013 and parameters: {'n_estimators': 1330, 'max_depth': 6, 'learning_rate': 0.09886036441589405}. Best is trial 321 with value: 41.67874455451965.
trail number 2177
[I 2025-07-19 12:21:19,902] Trial 2177 finished with value: 42.32969105243683 and parameters: {'n_estimators': 63, 'max_depth': 3, 'learning_rate': 0.12034485645487707}. Best is trial 321 with value: 41.67874455451965.
trail number 2178
[I 2025-07-19 12:21:21,637] Trial 2178 finished with value: 44.896875619888306 and parameters: {'n_estimators': 588, 'max_depth': 3, 'learning_rate': 0.0756375581767619}. Best is trial 321 with value: 41.67874455451965.
trail number 2180
[I 2025-07-19 12:21:22,039] Trial 2180 finished with value: 51.23557150363922 and parameters: {'n_estimators': 36, 'max_depth': 8, 'learning_rate': 0.027723829332236268}. Best is trial 321 with value: 41.67874455451965.
trail number 2181
[I 2025-07-19 12:21:22,261] Trial 2181 finished with value: 51.40408515930176 and parameters: {'n_estimators': 12, 'max_depth': 11, 'learning_rate': 0.08309875792685206}. Best is trial 321 with value: 41.67874455451965.
trail number 2174
[I 2025-07-19 12:21:23,246] Trial 2174 finished with value: 44.68534052371979 and parameters: {'n_estimators': 618, 'max_depth': 6, 'learning_rate': 0.06778359504135026}. Best is trial 321 with value: 41.67874455451965.
trail number 2179
[I 2025-07-19 12:21:23,665] Trial 2179 finished with value: 44.86268997192383 and parameters: {'n_estimators': 538, 'max_depth': 6, 'learning_rate': 0.03566125351646148}. Best is trial 321 with value: 41.67874455451965.
trail number 2175
[I 2025-07-19 12:21:23,842] Trial 2175 finished with value: 44.91454839706421 and parameters: {'n_estimators': 624, 'max_depth': 6, 'learning_rate': 0.07499214264011757}. Best is trial 321 with value: 41.67874455451965.
trail number 2184
[I 2025-07-19 12:21:27,863] Trial 2184 finished with value: 45.9479695558548 and parameters: {'n_estimators': 518, 'max_depth': 7, 'learning_rate': 0.011579875891596285}. Best is trial 321 with value: 41.67874455451965.
trail number 2185
[I 2025-07-19 12:21:28,005] Trial 2185 finished with value: 44.48700129985809 and parameters: {'n_estimators': 664, 'max_depth': 6, 'learning_rate': 0.07675143940163111}. Best is trial 321 with value: 41.67874455451965.
trail number 2182
[I 2025-07-19 12:21:29,213] Trial 2182 finished with value: 45.14663636684418 and parameters: {'n_estimators': 1242, 'max_depth': 6, 'learning_rate': 0.05167022296914256}. Best is trial 321 with value: 41.67874455451965.
trail number 2188
[I 2025-07-19 12:21:29,537] Trial 2188 finished with value: 58.64110291004181 and parameters: {'n_estimators': 23, 'max_depth': 9, 'learning_rate': 0.011289689572780197}. Best is trial 321 with value: 41.67874455451965.
trail number 2187
[I 2025-07-19 12:21:31,389] Trial 2187 finished with value: 44.744760394096375 and parameters: {'n_estimators': 1035, 'max_depth': 3, 'learning_rate': 0.043889579732297096}. Best is trial 321 with value: 41.67874455451965.
trail number 2189
[I 2025-07-19 12:21:32,826] Trial 2189 finished with value: 46.538692116737366 and parameters: {'n_estimators': 1605, 'max_depth': 20, 'learning_rate': 0.23568917556218102}. Best is trial 321 with value: 41.67874455451965.
trail number 2186
[I 2025-07-19 12:21:33,132] Trial 2186 finished with value: 44.49133276939392 and parameters: {'n_estimators': 967, 'max_depth': 6, 'learning_rate': 0.06740377626388777}. Best is trial 321 with value: 41.67874455451965.
trail number 2183
[I 2025-07-19 12:21:33,385] Trial 2183 finished with value: 44.7286993265152 and parameters: {'n_estimators': 1482, 'max_depth': 6, 'learning_rate': 0.023611693587095278}. Best is trial 321 with value: 41.67874455451965.
trail number 2190
[I 2025-07-19 12:21:37,267] Trial 2190 finished with value: 44.90592420101166 and parameters: {'n_estimators': 1043, 'max_depth': 6, 'learning_rate': 0.05794771848324329}. Best is trial 321 with value: 41.67874455451965.
trail number 2194
[I 2025-07-19 12:21:39,698] Trial 2194 finished with value: 44.5554655790329 and parameters: {'n_estimators': 769, 'max_depth': 3, 'learning_rate': 0.043366527473268676}. Best is trial 321 with value: 41.67874455451965.
trail number 2191
[I 2025-07-19 12:21:40,193] Trial 2191 finished with value: 45.32397449016571 and parameters: {'n_estimators': 1109, 'max_depth': 6, 'learning_rate': 0.015240594561265114}. Best is trial 321 with value: 41.67874455451965.
trail number 2196
[I 2025-07-19 12:21:40,325] Trial 2196 finished with value: 48.5858428478241 and parameters: {'n_estimators': 11, 'max_depth': 6, 'learning_rate': 0.1122097508831088}. Best is trial 321 with value: 41.67874455451965.
trail number 2197
[I 2025-07-19 12:21:40,613] Trial 2197 finished with value: 44.99728977680206 and parameters: {'n_estimators': 64, 'max_depth': 3, 'learning_rate': 0.028504631343711707}. Best is trial 321 with value: 41.67874455451965.
trail number 2198
[I 2025-07-19 12:21:40,796] Trial 2198 finished with value: 42.52358019351959 and parameters: {'n_estimators': 34, 'max_depth': 3, 'learning_rate': 0.11770444068314642}. Best is trial 321 with value: 41.67874455451965.
trail number 2199
[I 2025-07-19 12:21:40,981] Trial 2199 finished with value: 47.238503098487854 and parameters: {'n_estimators': 18, 'max_depth': 6, 'learning_rate': 0.08660261284457883}. Best is trial 321 with value: 41.67874455451965.
trail number 2195
[I 2025-07-19 12:21:41,076] Trial 2195 finished with value: 46.938302516937256 and parameters: {'n_estimators': 153, 'max_depth': 6, 'learning_rate': 0.01128996235338384}. Best is trial 321 with value: 41.67874455451965.
trail number 2200
[I 2025-07-19 12:21:43,570] Trial 2200 finished with value: 46.00148558616638 and parameters: {'n_estimators': 780, 'max_depth': 3, 'learning_rate': 0.147629896346199}. Best is trial 321 with value: 41.67874455451965.
trail number 2192
[I 2025-07-19 12:21:45,833] Trial 2192 finished with value: 45.124510526657104 and parameters: {'n_estimators': 1894, 'max_depth': 6, 'learning_rate': 0.01012984455006785}. Best is trial 321 with value: 41.67874455451965.
trail number 2203
[I 2025-07-19 12:21:47,294] Trial 2203 finished with value: 43.55807900428772 and parameters: {'n_estimators': 455, 'max_depth': 3, 'learning_rate': 0.04296680817987602}. Best is trial 321 with value: 41.67874455451965.
trail number 2202
[I 2025-07-19 12:21:47,947] Trial 2202 finished with value: 43.50746750831604 and parameters: {'n_estimators': 812, 'max_depth': 5, 'learning_rate': 0.011295424055729671}. Best is trial 321 with value: 41.67874455451965.
trail number 2204
[I 2025-07-19 12:21:49,137] Trial 2204 finished with value: 41.9574373960495 and parameters: {'n_estimators': 550, 'max_depth': 3, 'learning_rate': 0.013988363352785728}. Best is trial 321 with value: 41.67874455451965.
trail number 2205
[I 2025-07-19 12:21:50,033] Trial 2205 finished with value: 44.662166237831116 and parameters: {'n_estimators': 301, 'max_depth': 6, 'learning_rate': 0.05481091795180729}. Best is trial 321 with value: 41.67874455451965.
trail number 2207
[I 2025-07-19 12:21:50,188] Trial 2207 finished with value: 52.19120442867279 and parameters: {'n_estimators': 12, 'max_depth': 7, 'learning_rate': 0.067496900428525}. Best is trial 321 with value: 41.67874455451965.
trail number 2208
[I 2025-07-19 12:21:51,988] Trial 2208 finished with value: 43.451717495918274 and parameters: {'n_estimators': 535, 'max_depth': 3, 'learning_rate': 0.03515781361144557}. Best is trial 321 with value: 41.67874455451965.
trail number 2209
[I 2025-07-19 12:21:52,177] Trial 2209 finished with value: 43.14435601234436 and parameters: {'n_estimators': 38, 'max_depth': 3, 'learning_rate': 0.09583274989640939}. Best is trial 321 with value: 41.67874455451965.
trail number 2206
[I 2025-07-19 12:21:52,801] Trial 2206 finished with value: 45.25697648525238 and parameters: {'n_estimators': 715, 'max_depth': 6, 'learning_rate': 0.10170965163140508}. Best is trial 321 with value: 41.67874455451965.
trail number 2201
[I 2025-07-19 12:21:53,095] Trial 2201 finished with value: 46.33934676647186 and parameters: {'n_estimators': 1456, 'max_depth': 7, 'learning_rate': 0.011098188545598544}. Best is trial 321 with value: 41.67874455451965.
trail number 2193
[I 2025-07-19 12:21:53,860] Trial 2193 finished with value: 47.2133207321167 and parameters: {'n_estimators': 3020, 'max_depth': 30, 'learning_rate': 0.027787395117980312}. Best is trial 321 with value: 41.67874455451965.
trail number 2213
[I 2025-07-19 12:21:54,194] Trial 2213 finished with value: 46.05092704296112 and parameters: {'n_estimators': 37, 'max_depth': 6, 'learning_rate': 0.05115171786328378}. Best is trial 321 with value: 41.67874455451965.
trail number 2214
[I 2025-07-19 12:21:54,399] Trial 2214 finished with value: 53.460546135902405 and parameters: {'n_estimators': 13, 'max_depth': 9, 'learning_rate': 0.0536336673299607}. Best is trial 321 with value: 41.67874455451965.
trail number 2210
[I 2025-07-19 12:21:54,469] Trial 2210 finished with value: 45.20819842815399 and parameters: {'n_estimators': 607, 'max_depth': 3, 'learning_rate': 0.07733584418775796}. Best is trial 321 with value: 41.67874455451965.
trail number 2216
[I 2025-07-19 12:21:54,609] Trial 2216 finished with value: 44.05856370925903 and parameters: {'n_estimators': 23, 'max_depth': 3, 'learning_rate': 0.1034079265521388}. Best is trial 321 with value: 41.67874455451965.
trail number 2215
[I 2025-07-19 12:21:54,758] Trial 2215 finished with value: 57.98006474971771 and parameters: {'n_estimators': 26, 'max_depth': 7, 'learning_rate': 0.010989568523654236}. Best is trial 321 with value: 41.67874455451965.
trail number 2218
