[I 2025-07-19 12:13:48,569] Trial 1572 finished with value: 44.42458093166351 and parameters: {'n_estimators': 556, 'max_depth': 3, 'learning_rate': 0.05079889137111168}. Best is trial 321 with value: 41.67874455451965.
trail number 1571
[I 2025-07-19 12:13:48,656] Trial 1571 finished with value: 44.32705283164978 and parameters: {'n_estimators': 726, 'max_depth': 3, 'learning_rate': 0.08904204025089735}. Best is trial 321 with value: 41.67874455451965.
trail number 1576
[I 2025-07-19 12:13:48,823] Trial 1576 finished with value: 44.27382051944733 and parameters: {'n_estimators': 36, 'max_depth': 3, 'learning_rate': 0.05807240831231272}. Best is trial 321 with value: 41.67874455451965.
trail number 1575
[I 2025-07-19 12:13:50,176] Trial 1575 finished with value: 43.56353044509888 and parameters: {'n_estimators': 458, 'max_depth': 3, 'learning_rate': 0.04914527890688647}. Best is trial 321 with value: 41.67874455451965.
trail number 1574
[I 2025-07-19 12:13:50,258] Trial 1574 finished with value: 43.52568984031677 and parameters: {'n_estimators': 624, 'max_depth': 3, 'learning_rate': 0.04772952435491236}. Best is trial 321 with value: 41.67874455451965.
trail number 1577
[I 2025-07-19 12:13:56,227] Trial 1577 finished with value: 45.157873034477234 and parameters: {'n_estimators': 1121, 'max_depth': 6, 'learning_rate': 0.012123802611302893}. Best is trial 321 with value: 41.67874455451965.
trail number 1578
[I 2025-07-19 12:13:56,473] Trial 1578 finished with value: 45.66331446170807 and parameters: {'n_estimators': 1392, 'max_depth': 6, 'learning_rate': 0.05884081788816172}. Best is trial 321 with value: 41.67874455451965.
trail number 1581
[I 2025-07-19 12:14:00,088] Trial 1581 finished with value: 45.23159861564636 and parameters: {'n_estimators': 551, 'max_depth': 6, 'learning_rate': 0.038047841702627226}. Best is trial 321 with value: 41.67874455451965.
trail number 1580
[I 2025-07-19 12:14:00,145] Trial 1580 finished with value: 44.8575896024704 and parameters: {'n_estimators': 587, 'max_depth': 6, 'learning_rate': 0.011631431171071564}. Best is trial 321 with value: 41.67874455451965.
trail number 1583
[I 2025-07-19 12:14:00,231] Trial 1583 finished with value: 51.17356359958649 and parameters: {'n_estimators': 10, 'max_depth': 3, 'learning_rate': 0.07063599924264205}. Best is trial 321 with value: 41.67874455451965.
trail number 1579
[I 2025-07-19 12:14:00,301] Trial 1579 finished with value: 44.860254526138306 and parameters: {'n_estimators': 1518, 'max_depth': 6, 'learning_rate': 0.014604437300681256}. Best is trial 321 with value: 41.67874455451965.
trail number 1582
[I 2025-07-19 12:14:02,371] Trial 1582 finished with value: 42.387468218803406 and parameters: {'n_estimators': 670, 'max_depth': 3, 'learning_rate': 0.016257901095902784}. Best is trial 321 with value: 41.67874455451965.
trail number 1585
[I 2025-07-19 12:14:02,847] Trial 1585 finished with value: 42.61386752128601 and parameters: {'n_estimators': 757, 'max_depth': 3, 'learning_rate': 0.015159639440064883}. Best is trial 321 with value: 41.67874455451965.
trail number 1587
[I 2025-07-19 12:14:03,042] Trial 1587 finished with value: 42.72501528263092 and parameters: {'n_estimators': 40, 'max_depth': 3, 'learning_rate': 0.09621703406572801}. Best is trial 321 with value: 41.67874455451965.
trail number 1584
[I 2025-07-19 12:14:04,124] Trial 1584 finished with value: 44.76626396179199 and parameters: {'n_estimators': 566, 'max_depth': 6, 'learning_rate': 0.07908680509741897}. Best is trial 321 with value: 41.67874455451965.
trail number 1589
[I 2025-07-19 12:14:04,241] Trial 1589 finished with value: 50.43161928653717 and parameters: {'n_estimators': 17, 'max_depth': 3, 'learning_rate': 0.04663645741071756}. Best is trial 321 with value: 41.67874455451965.
trail number 1586
[I 2025-07-19 12:14:05,502] Trial 1586 finished with value: 42.73738086223602 and parameters: {'n_estimators': 900, 'max_depth': 3, 'learning_rate': 0.014449262465493495}. Best is trial 321 with value: 41.67874455451965.
trail number 1590
[I 2025-07-19 12:14:07,748] Trial 1590 finished with value: 45.70836365222931 and parameters: {'n_estimators': 1082, 'max_depth': 3, 'learning_rate': 0.0660049725100649}. Best is trial 321 with value: 41.67874455451965.
trail number 1565
[I 2025-07-19 12:14:07,924] Trial 1565 finished with value: 47.252026200294495 and parameters: {'n_estimators': 3108, 'max_depth': 11, 'learning_rate': 0.016231680863486392}. Best is trial 321 with value: 41.67874455451965.
trail number 1588
[I 2025-07-19 12:14:08,178] Trial 1588 finished with value: 44.28910553455353 and parameters: {'n_estimators': 1195, 'max_depth': 6, 'learning_rate': 0.07655511983798606}. Best is trial 321 with value: 41.67874455451965.
trail number 1593
[I 2025-07-19 12:14:08,237] Trial 1593 finished with value: 48.343485593795776 and parameters: {'n_estimators': 23, 'max_depth': 8, 'learning_rate': 0.07211341647749087}. Best is trial 321 with value: 41.67874455451965.
trail number 1594
[I 2025-07-19 12:14:08,440] Trial 1594 finished with value: 52.68603265285492 and parameters: {'n_estimators': 55, 'max_depth': 3, 'learning_rate': 0.010770903655917955}. Best is trial 321 with value: 41.67874455451965.
trail number 1591
[I 2025-07-19 12:14:09,793] Trial 1591 finished with value: 42.78643310070038 and parameters: {'n_estimators': 1253, 'max_depth': 3, 'learning_rate': 0.011767736433738995}. Best is trial 321 with value: 41.67874455451965.
trail number 1597
[I 2025-07-19 12:14:10,246] Trial 1597 finished with value: 53.32029700279236 and parameters: {'n_estimators': 58, 'max_depth': 6, 'learning_rate': 0.01090473545460648}. Best is trial 321 with value: 41.67874455451965.
trail number 1592
[I 2025-07-19 12:14:10,732] Trial 1592 finished with value: 46.87679409980774 and parameters: {'n_estimators': 192, 'max_depth': 14, 'learning_rate': 0.1215817373000384}. Best is trial 321 with value: 41.67874455451965.
trail number 1595
[I 2025-07-19 12:14:11,917] Trial 1595 finished with value: 44.993778467178345 and parameters: {'n_estimators': 524, 'max_depth': 6, 'learning_rate': 0.04989020376652134}. Best is trial 321 with value: 41.67874455451965.
trail number 1596
[I 2025-07-19 12:14:13,219] Trial 1596 finished with value: 45.541489124298096 and parameters: {'n_estimators': 589, 'max_depth': 7, 'learning_rate': 0.06325570827288857}. Best is trial 321 with value: 41.67874455451965.
trail number 1598
[I 2025-07-19 12:14:14,400] Trial 1598 finished with value: 44.60812270641327 and parameters: {'n_estimators': 612, 'max_depth': 6, 'learning_rate': 0.07163030275909482}. Best is trial 321 with value: 41.67874455451965.
trail number 1599
[I 2025-07-19 12:14:14,735] Trial 1599 finished with value: 45.03266990184784 and parameters: {'n_estimators': 590, 'max_depth': 6, 'learning_rate': 0.049534764582215854}. Best is trial 321 with value: 41.67874455451965.
trail number 1601
[I 2025-07-19 12:14:14,808] Trial 1601 finished with value: 43.410181403160095 and parameters: {'n_estimators': 450, 'max_depth': 3, 'learning_rate': 0.04392928099057186}. Best is trial 321 with value: 41.67874455451965.
trail number 1600
[I 2025-07-19 12:14:16,422] Trial 1600 finished with value: 44.76257920265198 and parameters: {'n_estimators': 662, 'max_depth': 6, 'learning_rate': 0.06797314358867727}. Best is trial 321 with value: 41.67874455451965.
trail number 1603
[I 2025-07-19 12:14:17,038] Trial 1603 finished with value: 44.98126983642578 and parameters: {'n_estimators': 686, 'max_depth': 3, 'learning_rate': 0.08691430412741395}. Best is trial 321 with value: 41.67874455451965.
trail number 1604
[I 2025-07-19 12:14:17,196] Trial 1604 finished with value: 42.13928043842316 and parameters: {'n_estimators': 720, 'max_depth': 3, 'learning_rate': 0.013427118838542727}. Best is trial 321 with value: 41.67874455451965.
trail number 1602
[I 2025-07-19 12:14:17,847] Trial 1602 finished with value: 44.77714121341705 and parameters: {'n_estimators': 609, 'max_depth': 5, 'learning_rate': 0.1286050856877765}. Best is trial 321 with value: 41.67874455451965.
trail number 1607
[I 2025-07-19 12:14:18,934] Trial 1607 finished with value: 43.7007737159729 and parameters: {'n_estimators': 523, 'max_depth': 3, 'learning_rate': 0.04445539547457628}. Best is trial 321 with value: 41.67874455451965.
trail number 1606
[I 2025-07-19 12:14:22,452] Trial 1606 finished with value: 46.28083527088165 and parameters: {'n_estimators': 3265, 'max_depth': 29, 'learning_rate': 0.22340752103785483}. Best is trial 321 with value: 41.67874455451965.
trail number 1609
[I 2025-07-19 12:14:22,662] Trial 1609 finished with value: 45.79913675785065 and parameters: {'n_estimators': 1141, 'max_depth': 3, 'learning_rate': 0.0791582986329655}. Best is trial 321 with value: 41.67874455451965.
trail number 1611
[I 2025-07-19 12:14:23,008] Trial 1611 finished with value: 51.819732785224915 and parameters: {'n_estimators': 22, 'max_depth': 10, 'learning_rate': 0.04347585636156162}. Best is trial 321 with value: 41.67874455451965.
trail number 1612
[I 2025-07-19 12:14:23,438] Trial 1612 finished with value: 45.70417761802673 and parameters: {'n_estimators': 40, 'max_depth': 7, 'learning_rate': 0.11531992754511974}. Best is trial 321 with value: 41.67874455451965.
trail number 1613
[I 2025-07-19 12:14:23,592] Trial 1613 finished with value: 46.23655557632446 and parameters: {'n_estimators': 29, 'max_depth': 3, 'learning_rate': 0.05080484318452323}. Best is trial 321 with value: 41.67874455451965.
trail number 1614
[I 2025-07-19 12:14:24,372] Trial 1614 finished with value: 44.8097962141037 and parameters: {'n_estimators': 94, 'max_depth': 6, 'learning_rate': 0.04369854020636349}. Best is trial 321 with value: 41.67874455451965.
trail number 1610
[I 2025-07-19 12:14:25,028] Trial 1610 finished with value: 45.11940002441406 and parameters: {'n_estimators': 633, 'max_depth': 3, 'learning_rate': 0.1346485719606616}. Best is trial 321 with value: 41.67874455451965.
trail number 1605
[I 2025-07-19 12:14:26,221] Trial 1605 finished with value: 46.02360546588898 and parameters: {'n_estimators': 727, 'max_depth': 10, 'learning_rate': 0.011448445672263234}. Best is trial 321 with value: 41.67874455451965.
trail number 1617
[I 2025-07-19 12:14:26,399] Trial 1617 finished with value: 45.684205293655396 and parameters: {'n_estimators': 35, 'max_depth': 3, 'learning_rate': 0.045606399726126456}. Best is trial 321 with value: 41.67874455451965.
trail number 1615
[I 2025-07-19 12:14:26,784] Trial 1615 finished with value: 44.60468232631683 and parameters: {'n_estimators': 676, 'max_depth': 3, 'learning_rate': 0.0699424432486083}. Best is trial 321 with value: 41.67874455451965.
trail number 1619
[I 2025-07-19 12:14:28,354] Trial 1619 finished with value: 44.39511001110077 and parameters: {'n_estimators': 474, 'max_depth': 3, 'learning_rate': 0.08276143308430436}. Best is trial 321 with value: 41.67874455451965.
trail number 1618
[I 2025-07-19 12:14:30,610] Trial 1618 finished with value: 45.83101809024811 and parameters: {'n_estimators': 1112, 'max_depth': 10, 'learning_rate': 0.08656706581285785}. Best is trial 321 with value: 41.67874455451965.
trail number 1616
[I 2025-07-19 12:14:31,414] Trial 1616 finished with value: 44.54479396343231 and parameters: {'n_estimators': 916, 'max_depth': 6, 'learning_rate': 0.010345691196373808}. Best is trial 321 with value: 41.67874455451965.
trail number 1620
[I 2025-07-19 12:14:33,405] Trial 1620 finished with value: 46.40777587890625 and parameters: {'n_estimators': 725, 'max_depth': 29, 'learning_rate': 0.09303110842273415}. Best is trial 321 with value: 41.67874455451965.
trail number 1623
[I 2025-07-19 12:14:33,599] Trial 1623 finished with value: 48.50511193275452 and parameters: {'n_estimators': 20, 'max_depth': 6, 'learning_rate': 0.06216838319038585}. Best is trial 321 with value: 41.67874455451965.
trail number 1608
[I 2025-07-19 12:14:34,091] Trial 1608 finished with value: 46.836199164390564 and parameters: {'n_estimators': 850, 'max_depth': 15, 'learning_rate': 0.017528857358570307}. Best is trial 321 with value: 41.67874455451965.
trail number 1621
[I 2025-07-19 12:14:35,905] Trial 1621 finished with value: 44.7451776266098 and parameters: {'n_estimators': 733, 'max_depth': 6, 'learning_rate': 0.01080393102481202}. Best is trial 321 with value: 41.67874455451965.
trail number 1622
[I 2025-07-19 12:14:39,216] Trial 1622 finished with value: 44.3627667427063 and parameters: {'n_estimators': 1213, 'max_depth': 6, 'learning_rate': 0.04500589808422138}. Best is trial 321 with value: 41.67874455451965.
trail number 1627
[I 2025-07-19 12:14:39,432] Trial 1627 finished with value: 46.77642345428467 and parameters: {'n_estimators': 18, 'max_depth': 7, 'learning_rate': 0.10873409681618323}. Best is trial 321 with value: 41.67874455451965.
trail number 1628
[I 2025-07-19 12:14:39,646] Trial 1628 finished with value: 42.30846643447876 and parameters: {'n_estimators': 43, 'max_depth': 3, 'learning_rate': 0.09434596570771113}. Best is trial 321 with value: 41.67874455451965.
trail number 1624
[I 2025-07-19 12:14:39,733] Trial 1624 finished with value: 47.01824247837067 and parameters: {'n_estimators': 2373, 'max_depth': 21, 'learning_rate': 0.11576048787287607}. Best is trial 321 with value: 41.67874455451965.
trail number 1626
[I 2025-07-19 12:14:40,448] Trial 1626 finished with value: 45.006309151649475 and parameters: {'n_estimators': 1341, 'max_depth': 3, 'learning_rate': 0.040411462088899355}. Best is trial 321 with value: 41.67874455451965.
trail number 1625
[I 2025-07-19 12:14:43,276] Trial 1625 finished with value: 44.02504086494446 and parameters: {'n_estimators': 2761, 'max_depth': 3, 'learning_rate': 0.012597503274215688}. Best is trial 321 with value: 41.67874455451965.
trail number 1631
[I 2025-07-19 12:14:43,825] Trial 1631 finished with value: 44.246774315834045 and parameters: {'n_estimators': 478, 'max_depth': 6, 'learning_rate': 0.07769455622941952}. Best is trial 321 with value: 41.67874455451965.
trail number 1629
[I 2025-07-19 12:14:44,178] Trial 1629 finished with value: 43.32615315914154 and parameters: {'n_estimators': 1311, 'max_depth': 3, 'learning_rate': 0.012891945580853078}. Best is trial 321 with value: 41.67874455451965.
trail number 1630
[I 2025-07-19 12:14:44,399] Trial 1630 finished with value: 42.82941997051239 and parameters: {'n_estimators': 1362, 'max_depth': 3, 'learning_rate': 0.010301170388476272}. Best is trial 321 with value: 41.67874455451965.
trail number 1634
[I 2025-07-19 12:14:46,374] Trial 1634 finished with value: 44.353758096694946 and parameters: {'n_estimators': 655, 'max_depth': 3, 'learning_rate': 0.06038653104025422}. Best is trial 321 with value: 41.67874455451965.
trail number 1636
[I 2025-07-19 12:14:46,489] Trial 1636 finished with value: 44.956185817718506 and parameters: {'n_estimators': 20, 'max_depth': 3, 'learning_rate': 0.08795577495428471}. Best is trial 321 with value: 41.67874455451965.
trail number 1632
[I 2025-07-19 12:14:47,181] Trial 1632 finished with value: 47.04979658126831 and parameters: {'n_estimators': 1459, 'max_depth': 19, 'learning_rate': 0.18969308857179268}. Best is trial 321 with value: 41.67874455451965.
trail number 1638
[I 2025-07-19 12:14:47,271] Trial 1638 finished with value: 52.96583592891693 and parameters: {'n_estimators': 11, 'max_depth': 3, 'learning_rate': 0.050997705044699464}. Best is trial 321 with value: 41.67874455451965.
trail number 1637
[I 2025-07-19 12:14:50,353] Trial 1637 finished with value: 45.21906554698944 and parameters: {'n_estimators': 1525, 'max_depth': 7, 'learning_rate': 0.1304732619382747}. Best is trial 321 with value: 41.67874455451965.
trail number 1635
[I 2025-07-19 12:14:50,540] Trial 1635 finished with value: 45.73729932308197 and parameters: {'n_estimators': 702, 'max_depth': 7, 'learning_rate': 0.039494337681402265}. Best is trial 321 with value: 41.67874455451965.
trail number 1633
[I 2025-07-19 12:14:50,678] Trial 1633 finished with value: 46.04844808578491 and parameters: {'n_estimators': 4204, 'max_depth': 9, 'learning_rate': 0.15015170119443885}. Best is trial 321 with value: 41.67874455451965.
trail number 1640
[I 2025-07-19 12:14:50,690] Trial 1640 finished with value: 46.64306879043579 and parameters: {'n_estimators': 33, 'max_depth': 6, 'learning_rate': 0.05050136242650182}. Best is trial 321 with value: 41.67874455451965.
trail number 1641
[I 2025-07-19 12:14:50,826] Trial 1641 finished with value: 49.89744961261749 and parameters: {'n_estimators': 21, 'max_depth': 7, 'learning_rate': 0.05415783290393558}. Best is trial 321 with value: 41.67874455451965.
trail number 1642
[I 2025-07-19 12:14:50,964] Trial 1642 finished with value: 48.722355365753174 and parameters: {'n_estimators': 49, 'max_depth': 3, 'learning_rate': 0.02070191220905855}. Best is trial 321 with value: 41.67874455451965.
trail number 1644
[I 2025-07-19 12:14:52,599] Trial 1644 finished with value: 45.25756478309631 and parameters: {'n_estimators': 515, 'max_depth': 3, 'learning_rate': 0.1101433672321508}. Best is trial 321 with value: 41.67874455451965.
trail number 1643
[I 2025-07-19 12:14:52,784] Trial 1643 finished with value: 42.078049182891846 and parameters: {'n_estimators': 577, 'max_depth': 3, 'learning_rate': 0.013918847390173772}. Best is trial 321 with value: 41.67874455451965.
trail number 1647
[I 2025-07-19 12:14:53,162] Trial 1647 finished with value: 56.447463035583496 and parameters: {'n_estimators': 35, 'max_depth': 7, 'learning_rate': 0.011331005821638266}. Best is trial 321 with value: 41.67874455451965.
trail number 1639
[I 2025-07-19 12:14:54,269] Trial 1639 finished with value: 46.983739137649536 and parameters: {'n_estimators': 4486, 'max_depth': 13, 'learning_rate': 0.22902841681232722}. Best is trial 321 with value: 41.67874455451965.
trail number 1645
[I 2025-07-19 12:14:54,721] Trial 1645 finished with value: 42.286027669906616 and parameters: {'n_estimators': 1035, 'max_depth': 3, 'learning_rate': 0.010117531567213692}. Best is trial 321 with value: 41.67874455451965.
trail number 1648
[I 2025-07-19 12:14:55,016] Trial 1648 finished with value: 43.27553689479828 and parameters: {'n_estimators': 490, 'max_depth': 3, 'learning_rate': 0.03938157773018908}. Best is trial 321 with value: 41.67874455451965.
trail number 1646
[I 2025-07-19 12:14:56,530] Trial 1646 finished with value: 47.076125741004944 and parameters: {'n_estimators': 1087, 'max_depth': 25, 'learning_rate': 0.15963410623684698}. Best is trial 321 with value: 41.67874455451965.
trail number 1652
[I 2025-07-19 12:14:56,726] Trial 1652 finished with value: 52.74230659008026 and parameters: {'n_estimators': 42, 'max_depth': 3, 'learning_rate': 0.013994765169912438}. Best is trial 321 with value: 41.67874455451965.
trail number 1649
[I 2025-07-19 12:14:57,623] Trial 1649 finished with value: 44.82247591018677 and parameters: {'n_estimators': 529, 'max_depth': 6, 'learning_rate': 0.10874967795977437}. Best is trial 321 with value: 41.67874455451965.
trail number 1653
[I 2025-07-19 12:14:57,870] Trial 1653 finished with value: 42.96172559261322 and parameters: {'n_estimators': 323, 'max_depth': 3, 'learning_rate': 0.010267114384338598}. Best is trial 321 with value: 41.67874455451965.
trail number 1651
[I 2025-07-19 12:14:57,888] Trial 1651 finished with value: 42.08873927593231 and parameters: {'n_estimators': 840, 'max_depth': 3, 'learning_rate': 0.010680241652912236}. Best is trial 321 with value: 41.67874455451965.
trail number 1655
[I 2025-07-19 12:14:59,753] Trial 1655 finished with value: 41.959771513938904 and parameters: {'n_estimators': 585, 'max_depth': 3, 'learning_rate': 0.010370999626663505}. Best is trial 321 with value: 41.67874455451965.
trail number 1654
[I 2025-07-19 12:14:59,990] Trial 1654 finished with value: 44.115936160087585 and parameters: {'n_estimators': 676, 'max_depth': 3, 'learning_rate': 0.03702853576875785}. Best is trial 321 with value: 41.67874455451965.
trail number 1650
[I 2025-07-19 12:15:00,296] Trial 1650 finished with value: 45.199936628341675 and parameters: {'n_estimators': 788, 'max_depth': 6, 'learning_rate': 0.04318406125684834}. Best is trial 321 with value: 41.67874455451965.
trail number 1659
[I 2025-07-19 12:15:00,503] Trial 1659 finished with value: 46.37065410614014 and parameters: {'n_estimators': 19, 'max_depth': 7, 'learning_rate': 0.1258940689569173}. Best is trial 321 with value: 41.67874455451965.
trail number 1657
[I 2025-07-19 12:15:03,949] Trial 1657 finished with value: 45.239102244377136 and parameters: {'n_estimators': 1261, 'max_depth': 3, 'learning_rate': 0.07567062958191742}. Best is trial 321 with value: 41.67874455451965.
trail number 1656
[I 2025-07-19 12:15:04,304] Trial 1656 finished with value: 45.929991602897644 and parameters: {'n_estimators': 622, 'max_depth': 8, 'learning_rate': 0.01004597608666166}. Best is trial 321 with value: 41.67874455451965.
trail number 1662
[I 2025-07-19 12:15:04,465] Trial 1662 finished with value: 44.479506611824036 and parameters: {'n_estimators': 30, 'max_depth': 3, 'learning_rate': 0.0636052238210046}. Best is trial 321 with value: 41.67874455451965.
trail number 1661
[I 2025-07-19 12:15:05,847] Trial 1661 finished with value: 44.16629076004028 and parameters: {'n_estimators': 536, 'max_depth': 3, 'learning_rate': 0.05779375415364153}. Best is trial 321 with value: 41.67874455451965.
trail number 1660
[I 2025-07-19 12:15:06,196] Trial 1660 finished with value: 46.027761697769165 and parameters: {'n_estimators': 560, 'max_depth': 8, 'learning_rate': 0.010746426395643185}. Best is trial 321 with value: 41.67874455451965.
trail number 1665
[I 2025-07-19 12:15:07,779] Trial 1665 finished with value: 44.55798864364624 and parameters: {'n_estimators': 482, 'max_depth': 3, 'learning_rate': 0.0812561385027377}. Best is trial 321 with value: 41.67874455451965.
trail number 1658
