[I 2025-07-19 12:15:07,863] Trial 1658 finished with value: 46.44853711128235 and parameters: {'n_estimators': 765, 'max_depth': 10, 'learning_rate': 0.03654136048014298}. Best is trial 321 with value: 41.67874455451965.
trail number 1667
[I 2025-07-19 12:15:08,096] Trial 1667 finished with value: 45.83307445049286 and parameters: {'n_estimators': 24, 'max_depth': 6, 'learning_rate': 0.10205949123443966}. Best is trial 321 with value: 41.67874455451965.
trail number 1664
[I 2025-07-19 12:15:08,361] Trial 1664 finished with value: 44.713484048843384 and parameters: {'n_estimators': 708, 'max_depth': 3, 'learning_rate': 0.058191088320155404}. Best is trial 321 with value: 41.67874455451965.
trail number 1668
[I 2025-07-19 12:15:09,646] Trial 1668 finished with value: 46.37365937232971 and parameters: {'n_estimators': 440, 'max_depth': 3, 'learning_rate': 0.1236368565402332}. Best is trial 321 with value: 41.67874455451965.
trail number 1663
[I 2025-07-19 12:15:09,969] Trial 1663 finished with value: 44.600000977516174 and parameters: {'n_estimators': 783, 'max_depth': 6, 'learning_rate': 0.04409001965632024}. Best is trial 321 with value: 41.67874455451965.
trail number 1669
[I 2025-07-19 12:15:11,071] Trial 1669 finished with value: 44.32990849018097 and parameters: {'n_estimators': 393, 'max_depth': 6, 'learning_rate': 0.060690698519995666}. Best is trial 321 with value: 41.67874455451965.
trail number 1666
[I 2025-07-19 12:15:11,105] Trial 1666 finished with value: 46.42211675643921 and parameters: {'n_estimators': 620, 'max_depth': 9, 'learning_rate': 0.0935438561637357}. Best is trial 321 with value: 41.67874455451965.
trail number 1673
[I 2025-07-19 12:15:11,349] Trial 1673 finished with value: 44.55532491207123 and parameters: {'n_estimators': 31, 'max_depth': 5, 'learning_rate': 0.09037482196438015}. Best is trial 321 with value: 41.67874455451965.
trail number 1670
[I 2025-07-19 12:15:13,178] Trial 1670 finished with value: 46.64202332496643 and parameters: {'n_estimators': 512, 'max_depth': 9, 'learning_rate': 0.08312852097543985}. Best is trial 321 with value: 41.67874455451965.
trail number 1671
[I 2025-07-19 12:15:13,889] Trial 1671 finished with value: 44.44663166999817 and parameters: {'n_estimators': 610, 'max_depth': 6, 'learning_rate': 0.08597663666052174}. Best is trial 321 with value: 41.67874455451965.
trail number 1672
[I 2025-07-19 12:15:14,965] Trial 1672 finished with value: 45.93815743923187 and parameters: {'n_estimators': 547, 'max_depth': 7, 'learning_rate': 0.07786976401808404}. Best is trial 321 with value: 41.67874455451965.
trail number 1675
[I 2025-07-19 12:15:15,173] Trial 1675 finished with value: 43.830421566963196 and parameters: {'n_estimators': 584, 'max_depth': 3, 'learning_rate': 0.04096119666509687}. Best is trial 321 with value: 41.67874455451965.
trail number 1678
[I 2025-07-19 12:15:15,304] Trial 1678 finished with value: 44.33705151081085 and parameters: {'n_estimators': 23, 'max_depth': 3, 'learning_rate': 0.09052348154967524}. Best is trial 321 with value: 41.67874455451965.
trail number 1677
[I 2025-07-19 12:15:16,694] Trial 1677 finished with value: 42.24351465702057 and parameters: {'n_estimators': 480, 'max_depth': 3, 'learning_rate': 0.010222221445907181}. Best is trial 321 with value: 41.67874455451965.
trail number 1680
[I 2025-07-19 12:15:17,212] Trial 1680 finished with value: 44.56573188304901 and parameters: {'n_estimators': 70, 'max_depth': 6, 'learning_rate': 0.05280011035552368}. Best is trial 321 with value: 41.67874455451965.
trail number 1674
[I 2025-07-19 12:15:17,637] Trial 1674 finished with value: 44.58944261074066 and parameters: {'n_estimators': 1104, 'max_depth': 6, 'learning_rate': 0.0581034005986461}. Best is trial 321 with value: 41.67874455451965.
trail number 1676
[I 2025-07-19 12:15:20,102] Trial 1676 finished with value: 45.61929523944855 and parameters: {'n_estimators': 1118, 'max_depth': 7, 'learning_rate': 0.0524884723840966}. Best is trial 321 with value: 41.67874455451965.
trail number 1681
[I 2025-07-19 12:15:21,593] Trial 1681 finished with value: 45.18296837806702 and parameters: {'n_estimators': 1087, 'max_depth': 6, 'learning_rate': 0.08702120902385878}. Best is trial 321 with value: 41.67874455451965.
trail number 1683
[I 2025-07-19 12:15:22,539] Trial 1683 finished with value: 46.20453238487244 and parameters: {'n_estimators': 725, 'max_depth': 25, 'learning_rate': 0.2216443600666692}. Best is trial 321 with value: 41.67874455451965.
trail number 1679
[I 2025-07-19 12:15:23,062] Trial 1679 finished with value: 44.97802197933197 and parameters: {'n_estimators': 1147, 'max_depth': 6, 'learning_rate': 0.0400612917656747}. Best is trial 321 with value: 41.67874455451965.
trail number 1685
[I 2025-07-19 12:15:25,111] Trial 1685 finished with value: 43.99219214916229 and parameters: {'n_estimators': 817, 'max_depth': 3, 'learning_rate': 0.045260383299912735}. Best is trial 321 with value: 41.67874455451965.
trail number 1682
[I 2025-07-19 12:15:25,991] Trial 1682 finished with value: 45.02645194530487 and parameters: {'n_estimators': 1295, 'max_depth': 6, 'learning_rate': 0.039705987976799625}. Best is trial 321 with value: 41.67874455451965.
trail number 1688
[I 2025-07-19 12:15:26,437] Trial 1688 finished with value: 44.99139487743378 and parameters: {'n_estimators': 58, 'max_depth': 6, 'learning_rate': 0.07898082832127293}. Best is trial 321 with value: 41.67874455451965.
trail number 1686
[I 2025-07-19 12:15:26,622] Trial 1686 finished with value: 44.09007966518402 and parameters: {'n_estimators': 525, 'max_depth': 6, 'learning_rate': 0.052907111972822746}. Best is trial 321 with value: 41.67874455451965.
trail number 1684
[I 2025-07-19 12:15:28,379] Trial 1684 finished with value: 46.02787971496582 and parameters: {'n_estimators': 830, 'max_depth': 7, 'learning_rate': 0.038211068821815485}. Best is trial 321 with value: 41.67874455451965.
trail number 1691
[I 2025-07-19 12:15:28,599] Trial 1691 finished with value: 43.086979389190674 and parameters: {'n_estimators': 49, 'max_depth': 3, 'learning_rate': 0.06411101328903535}. Best is trial 321 with value: 41.67874455451965.
trail number 1687
[I 2025-07-19 12:15:28,676] Trial 1687 finished with value: 44.42899167537689 and parameters: {'n_estimators': 508, 'max_depth': 6, 'learning_rate': 0.04992637078342685}. Best is trial 321 with value: 41.67874455451965.
trail number 1692
[I 2025-07-19 12:15:28,767] Trial 1692 finished with value: 57.44443893432617 and parameters: {'n_estimators': 12, 'max_depth': 7, 'learning_rate': 0.02690490370409481}. Best is trial 321 with value: 41.67874455451965.
trail number 1693
[I 2025-07-19 12:15:28,945] Trial 1693 finished with value: 43.90312731266022 and parameters: {'n_estimators': 51, 'max_depth': 3, 'learning_rate': 0.04369241039149917}. Best is trial 321 with value: 41.67874455451965.
trail number 1695
[I 2025-07-19 12:15:29,073] Trial 1695 finished with value: 55.097665190696716 and parameters: {'n_estimators': 23, 'max_depth': 3, 'learning_rate': 0.01808350712271619}. Best is trial 321 with value: 41.67874455451965.
trail number 1696
[I 2025-07-19 12:15:29,475] Trial 1696 finished with value: 47.175124287605286 and parameters: {'n_estimators': 39, 'max_depth': 7, 'learning_rate': 0.051062937155019236}. Best is trial 321 with value: 41.67874455451965.
trail number 1690
[I 2025-07-19 12:15:30,574] Trial 1690 finished with value: 45.162819623947144 and parameters: {'n_estimators': 1111, 'max_depth': 3, 'learning_rate': 0.043194337834728695}. Best is trial 321 with value: 41.67874455451965.
trail number 1689
[I 2025-07-19 12:15:30,861] Trial 1689 finished with value: 45.846946239471436 and parameters: {'n_estimators': 1219, 'max_depth': 3, 'learning_rate': 0.12498093767876053}. Best is trial 321 with value: 41.67874455451965.
trail number 1698
[I 2025-07-19 12:15:33,032] Trial 1698 finished with value: 45.83585023880005 and parameters: {'n_estimators': 735, 'max_depth': 3, 'learning_rate': 0.09378592969302084}. Best is trial 321 with value: 41.67874455451965.
trail number 1697
[I 2025-07-19 12:15:33,975] Trial 1697 finished with value: 46.09938681125641 and parameters: {'n_estimators': 1375, 'max_depth': 3, 'learning_rate': 0.0940198354501999}. Best is trial 321 with value: 41.67874455451965.
trail number 1699
[I 2025-07-19 12:15:34,687] Trial 1699 finished with value: 44.6948504447937 and parameters: {'n_estimators': 571, 'max_depth': 6, 'learning_rate': 0.013586208753357268}. Best is trial 321 with value: 41.67874455451965.
trail number 1700
[I 2025-07-19 12:15:35,206] Trial 1700 finished with value: 44.69764173030853 and parameters: {'n_estimators': 657, 'max_depth': 3, 'learning_rate': 0.0578419787775528}. Best is trial 321 with value: 41.67874455451965.
trail number 1694
[I 2025-07-19 12:15:37,054] Trial 1694 finished with value: 44.34091031551361 and parameters: {'n_estimators': 4707, 'max_depth': 3, 'learning_rate': 0.22763650857441203}. Best is trial 321 with value: 41.67874455451965.
trail number 1704
[I 2025-07-19 12:15:37,324] Trial 1704 finished with value: 42.184515595436096 and parameters: {'n_estimators': 60, 'max_depth': 3, 'learning_rate': 0.07809716983406567}. Best is trial 321 with value: 41.67874455451965.
trail number 1705
[I 2025-07-19 12:15:37,471] Trial 1705 finished with value: 48.26289117336273 and parameters: {'n_estimators': 29, 'max_depth': 3, 'learning_rate': 0.0369530430777828}. Best is trial 321 with value: 41.67874455451965.
trail number 1703
[I 2025-07-19 12:15:38,220] Trial 1703 finished with value: 44.64633345603943 and parameters: {'n_estimators': 857, 'max_depth': 3, 'learning_rate': 0.04717573692280675}. Best is trial 321 with value: 41.67874455451965.
trail number 1701
[I 2025-07-19 12:15:38,825] Trial 1701 finished with value: 44.74827587604523 and parameters: {'n_estimators': 693, 'max_depth': 6, 'learning_rate': 0.013862266377488986}. Best is trial 321 with value: 41.67874455451965.
trail number 1702
[I 2025-07-19 12:15:40,255] Trial 1702 finished with value: 47.38063871860504 and parameters: {'n_estimators': 3727, 'max_depth': 16, 'learning_rate': 0.2922943455640546}. Best is trial 321 with value: 41.67874455451965.
trail number 1707
[I 2025-07-19 12:15:40,777] Trial 1707 finished with value: 45.8394593000412 and parameters: {'n_estimators': 758, 'max_depth': 3, 'learning_rate': 0.12057905903875824}. Best is trial 321 with value: 41.67874455451965.
trail number 1709
[I 2025-07-19 12:15:41,948] Trial 1709 finished with value: 42.140841484069824 and parameters: {'n_estimators': 507, 'max_depth': 3, 'learning_rate': 0.010211089490559086}. Best is trial 321 with value: 41.67874455451965.
trail number 1710
[I 2025-07-19 12:15:42,421] Trial 1710 finished with value: 42.079874873161316 and parameters: {'n_estimators': 481, 'max_depth': 3, 'learning_rate': 0.01073869833836677}. Best is trial 321 with value: 41.67874455451965.
trail number 1708
[I 2025-07-19 12:15:42,482] Trial 1708 finished with value: 44.874568581581116 and parameters: {'n_estimators': 1102, 'max_depth': 3, 'learning_rate': 0.044695900560133006}. Best is trial 321 with value: 41.67874455451965.
trail number 1712
[I 2025-07-19 12:15:42,957] Trial 1712 finished with value: 44.15920376777649 and parameters: {'n_estimators': 62, 'max_depth': 6, 'learning_rate': 0.05966770311833111}. Best is trial 321 with value: 41.67874455451965.
trail number 1711
[I 2025-07-19 12:15:45,897] Trial 1711 finished with value: 44.704245924949646 and parameters: {'n_estimators': 584, 'max_depth': 6, 'learning_rate': 0.0789336159819274}. Best is trial 321 with value: 41.67874455451965.
trail number 1713
[I 2025-07-19 12:15:46,286] Trial 1713 finished with value: 46.2658154964447 and parameters: {'n_estimators': 467, 'max_depth': 10, 'learning_rate': 0.07714324645621119}. Best is trial 321 with value: 41.67874455451965.
trail number 1715
[I 2025-07-19 12:15:47,731] Trial 1715 finished with value: 44.25930857658386 and parameters: {'n_estimators': 568, 'max_depth': 3, 'learning_rate': 0.0543695956534484}. Best is trial 321 with value: 41.67874455451965.
trail number 1717
[I 2025-07-19 12:15:49,721] Trial 1717 finished with value: 44.63529944419861 and parameters: {'n_estimators': 611, 'max_depth': 3, 'learning_rate': 0.08284632709621685}. Best is trial 321 with value: 41.67874455451965.
trail number 1706
[I 2025-07-19 12:15:50,489] Trial 1706 finished with value: 45.95909893512726 and parameters: {'n_estimators': 1575, 'max_depth': 7, 'learning_rate': 0.010118897914859676}. Best is trial 321 with value: 41.67874455451965.
trail number 1716
[I 2025-07-19 12:15:51,050] Trial 1716 finished with value: 45.20384669303894 and parameters: {'n_estimators': 1481, 'max_depth': 3, 'learning_rate': 0.044191549026089724}. Best is trial 321 with value: 41.67874455451965.
trail number 1718
[I 2025-07-19 12:15:51,938] Trial 1718 finished with value: 44.57252323627472 and parameters: {'n_estimators': 655, 'max_depth': 3, 'learning_rate': 0.0638465009506139}. Best is trial 321 with value: 41.67874455451965.
trail number 1720
[I 2025-07-19 12:15:52,562] Trial 1720 finished with value: 44.082964062690735 and parameters: {'n_estimators': 465, 'max_depth': 3, 'learning_rate': 0.0554880457965381}. Best is trial 321 with value: 41.67874455451965.
trail number 1721
[I 2025-07-19 12:15:53,497] Trial 1721 finished with value: 43.314295411109924 and parameters: {'n_estimators': 467, 'max_depth': 3, 'learning_rate': 0.04004696232260324}. Best is trial 321 with value: 41.67874455451965.
trail number 1719
[I 2025-07-19 12:15:53,873] Trial 1719 finished with value: 45.187718868255615 and parameters: {'n_estimators': 485, 'max_depth': 6, 'learning_rate': 0.05002530032422615}. Best is trial 321 with value: 41.67874455451965.
trail number 1724
[I 2025-07-19 12:15:54,099] Trial 1724 finished with value: 47.076218128204346 and parameters: {'n_estimators': 25, 'max_depth': 6, 'learning_rate': 0.061548213007188865}. Best is trial 321 with value: 41.67874455451965.
trail number 1722
[I 2025-07-19 12:15:54,682] Trial 1722 finished with value: 43.59363377094269 and parameters: {'n_estimators': 597, 'max_depth': 3, 'learning_rate': 0.04225055999650361}. Best is trial 321 with value: 41.67874455451965.
trail number 1726
[I 2025-07-19 12:15:54,909] Trial 1726 finished with value: 43.54187846183777 and parameters: {'n_estimators': 50, 'max_depth': 3, 'learning_rate': 0.050871758533616473}. Best is trial 321 with value: 41.67874455451965.
trail number 1727
[I 2025-07-19 12:15:55,088] Trial 1727 finished with value: 43.452962040901184 and parameters: {'n_estimators': 36, 'max_depth': 3, 'learning_rate': 0.07045373997177899}. Best is trial 321 with value: 41.67874455451965.
trail number 1728
[I 2025-07-19 12:15:55,486] Trial 1728 finished with value: 43.85983645915985 and parameters: {'n_estimators': 46, 'max_depth': 6, 'learning_rate': 0.14182618358612306}. Best is trial 321 with value: 41.67874455451965.
trail number 1723
[I 2025-07-19 12:15:55,767] Trial 1723 finished with value: 42.04875111579895 and parameters: {'n_estimators': 544, 'max_depth': 3, 'learning_rate': 0.012245508453734623}. Best is trial 321 with value: 41.67874455451965.
trail number 1725
[I 2025-07-19 12:15:57,689] Trial 1725 finished with value: 45.141711831092834 and parameters: {'n_estimators': 1066, 'max_depth': 3, 'learning_rate': 0.2871695171201145}. Best is trial 321 with value: 41.67874455451965.
trail number 1731
[I 2025-07-19 12:15:57,863] Trial 1731 finished with value: 47.19341278076172 and parameters: {'n_estimators': 18, 'max_depth': 6, 'learning_rate': 0.10487639568679524}. Best is trial 321 with value: 41.67874455451965.
trail number 1730
[I 2025-07-19 12:15:58,602] Trial 1730 finished with value: 45.030274987220764 and parameters: {'n_estimators': 675, 'max_depth': 7, 'learning_rate': 0.12027755267252063}. Best is trial 321 with value: 41.67874455451965.
trail number 1732
[I 2025-07-19 12:16:01,784] Trial 1732 finished with value: 44.92358148097992 and parameters: {'n_estimators': 584, 'max_depth': 6, 'learning_rate': 0.03871709435309888}. Best is trial 321 with value: 41.67874455451965.
trail number 1733
[I 2025-07-19 12:16:02,048] Trial 1733 finished with value: 45.162649154663086 and parameters: {'n_estimators': 518, 'max_depth': 6, 'learning_rate': 0.0831490856376647}. Best is trial 321 with value: 41.67874455451965.
trail number 1734
[I 2025-07-19 12:16:02,288] Trial 1734 finished with value: 46.634631752967834 and parameters: {'n_estimators': 45, 'max_depth': 7, 'learning_rate': 0.05497576929741889}. Best is trial 321 with value: 41.67874455451965.
trail number 1736
[I 2025-07-19 12:16:03,525] Trial 1736 finished with value: 46.24849259853363 and parameters: {'n_estimators': 81, 'max_depth': 11, 'learning_rate': 0.0935736047414415}. Best is trial 321 with value: 41.67874455451965.
trail number 1737
[I 2025-07-19 12:16:04,293] Trial 1737 finished with value: 44.308327436447144 and parameters: {'n_estimators': 219, 'max_depth': 3, 'learning_rate': 0.12281161115612532}. Best is trial 321 with value: 41.67874455451965.
trail number 1738
[I 2025-07-19 12:16:04,460] Trial 1738 finished with value: 43.04540991783142 and parameters: {'n_estimators': 34, 'max_depth': 3, 'learning_rate': 0.09416476569037005}. Best is trial 321 with value: 41.67874455451965.
trail number 1729
[I 2025-07-19 12:16:05,967] Trial 1729 finished with value: 45.435375571250916 and parameters: {'n_estimators': 1226, 'max_depth': 7, 'learning_rate': 0.012780129732731278}. Best is trial 321 with value: 41.67874455451965.
trail number 1735
[I 2025-07-19 12:16:06,663] Trial 1735 finished with value: 46.64324879646301 and parameters: {'n_estimators': 798, 'max_depth': 23, 'learning_rate': 0.11267421239324052}. Best is trial 321 with value: 41.67874455451965.
trail number 1740
[I 2025-07-19 12:16:07,667] Trial 1740 finished with value: 42.01741933822632 and parameters: {'n_estimators': 461, 'max_depth': 3, 'learning_rate': 0.011810211075702647}. Best is trial 321 with value: 41.67874455451965.
trail number 1741
[I 2025-07-19 12:16:09,017] Trial 1741 finished with value: 45.49185931682587 and parameters: {'n_estimators': 662, 'max_depth': 3, 'learning_rate': 0.07972849292025279}. Best is trial 321 with value: 41.67874455451965.
trail number 1742
[I 2025-07-19 12:16:11,461] Trial 1742 finished with value: 42.666786909103394 and parameters: {'n_estimators': 1137, 'max_depth': 3, 'learning_rate': 0.011930796632198653}. Best is trial 321 with value: 41.67874455451965.
trail number 1714
[I 2025-07-19 12:16:11,773] Trial 1714 finished with value: 47.36978352069855 and parameters: {'n_estimators': 2340, 'max_depth': 27, 'learning_rate': 0.01778347330839755}. Best is trial 321 with value: 41.67874455451965.
trail number 1745
[I 2025-07-19 12:16:12,184] Trial 1745 finished with value: 53.61891567707062 and parameters: {'n_estimators': 42, 'max_depth': 7, 'learning_rate': 0.015918717483598133}. Best is trial 321 with value: 41.67874455451965.
trail number 1739
[I 2025-07-19 12:16:12,348] Trial 1739 finished with value: 46.166484355926514 and parameters: {'n_estimators': 677, 'max_depth': 10, 'learning_rate': 0.037883325377624615}. Best is trial 321 with value: 41.67874455451965.
trail number 1743
[I 2025-07-19 12:16:14,435] Trial 1743 finished with value: 46.43353998661041 and parameters: {'n_estimators': 1154, 'max_depth': 9, 'learning_rate': 0.060760300752909856}. Best is trial 321 with value: 41.67874455451965.
trail number 1748
[I 2025-07-19 12:16:14,617] Trial 1748 finished with value: 42.48130559921265 and parameters: {'n_estimators': 39, 'max_depth': 3, 'learning_rate': 0.15554906191422474}. Best is trial 321 with value: 41.67874455451965.
trail number 1746
[I 2025-07-19 12:16:14,709] Trial 1746 finished with value: 43.721524477005005 and parameters: {'n_estimators': 688, 'max_depth': 3, 'learning_rate': 0.04180034999669542}. Best is trial 321 with value: 41.67874455451965.
trail number 1749
[I 2025-07-19 12:16:14,750] Trial 1749 finished with value: 48.14153492450714 and parameters: {'n_estimators': 16, 'max_depth': 3, 'learning_rate': 0.06837741975726212}. Best is trial 321 with value: 41.67874455451965.
trail number 1751
[I 2025-07-19 12:16:14,936] Trial 1751 finished with value: 42.57464408874512 and parameters: {'n_estimators': 39, 'max_depth': 3, 'learning_rate': 0.09510354028501548}. Best is trial 321 with value: 41.67874455451965.
trail number 1752
[I 2025-07-19 12:16:15,479] Trial 1752 finished with value: 52.351475954055786 and parameters: {'n_estimators': 63, 'max_depth': 6, 'learning_rate': 0.011648114374817633}. Best is trial 321 with value: 41.67874455451965.
trail number 1747
[I 2025-07-19 12:16:16,577] Trial 1747 finished with value: 46.07736825942993 and parameters: {'n_estimators': 456, 'max_depth': 7, 'learning_rate': 0.013633097462215133}. Best is trial 321 with value: 41.67874455451965.
trail number 1754
[I 2025-07-19 12:16:16,667] Trial 1754 finished with value: 48.77168297767639 and parameters: {'n_estimators': 12, 'max_depth': 3, 'learning_rate': 0.08135925289964567}. Best is trial 321 with value: 41.67874455451965.
trail number 1750
[I 2025-07-19 12:16:17,323] Trial 1750 finished with value: 45.26935696601868 and parameters: {'n_estimators': 324, 'max_depth': 6, 'learning_rate': 0.012105618421572076}. Best is trial 321 with value: 41.67874455451965.
trail number 1744
[I 2025-07-19 12:16:17,823] Trial 1744 finished with value: 44.507355093955994 and parameters: {'n_estimators': 830, 'max_depth': 6, 'learning_rate': 0.042085239352483574}. Best is trial 321 with value: 41.67874455451965.
trail number 1757
[I 2025-07-19 12:16:20,107] Trial 1757 finished with value: 45.54521918296814 and parameters: {'n_estimators': 693, 'max_depth': 3, 'learning_rate': 0.10088912146796358}. Best is trial 321 with value: 41.67874455451965.
trail number 1758
