[I 2025-07-19 12:06:39,996] Trial 1022 finished with value: 47.851513624191284 and parameters: {'n_estimators': 43, 'max_depth': 8, 'learning_rate': 0.042527181562113464}. Best is trial 321 with value: 41.67874455451965.
trail number 1017
[I 2025-07-19 12:06:40,171] Trial 1017 finished with value: 45.47523319721222 and parameters: {'n_estimators': 674, 'max_depth': 6, 'learning_rate': 0.06866423165193808}. Best is trial 321 with value: 41.67874455451965.
trail number 1019
[I 2025-07-19 12:06:41,280] Trial 1019 finished with value: 45.510830879211426 and parameters: {'n_estimators': 688, 'max_depth': 7, 'learning_rate': 0.07666376404406948}. Best is trial 321 with value: 41.67874455451965.
trail number 1025
[I 2025-07-19 12:06:42,094] Trial 1025 finished with value: 46.41601800918579 and parameters: {'n_estimators': 86, 'max_depth': 7, 'learning_rate': 0.030399962819327137}. Best is trial 321 with value: 41.67874455451965.
trail number 1024
[I 2025-07-19 12:06:42,255] Trial 1024 finished with value: 43.73259663581848 and parameters: {'n_estimators': 602, 'max_depth': 3, 'learning_rate': 0.035370054345146215}. Best is trial 321 with value: 41.67874455451965.
trail number 1023
[I 2025-07-19 12:06:43,516] Trial 1023 finished with value: 45.08733034133911 and parameters: {'n_estimators': 503, 'max_depth': 6, 'learning_rate': 0.05896402747031122}. Best is trial 321 with value: 41.67874455451965.
trail number 1026
[I 2025-07-19 12:06:44,196] Trial 1026 finished with value: 43.91805648803711 and parameters: {'n_estimators': 604, 'max_depth': 3, 'learning_rate': 0.04361721599499131}. Best is trial 321 with value: 41.67874455451965.
trail number 1027
[I 2025-07-19 12:06:44,336] Trial 1027 finished with value: 43.91531765460968 and parameters: {'n_estimators': 612, 'max_depth': 3, 'learning_rate': 0.05037057415664585}. Best is trial 321 with value: 41.67874455451965.
trail number 1029
[I 2025-07-19 12:06:44,676] Trial 1029 finished with value: 44.88297879695892 and parameters: {'n_estimators': 61, 'max_depth': 6, 'learning_rate': 0.06377281259268677}. Best is trial 321 with value: 41.67874455451965.
trail number 1028
[I 2025-07-19 12:06:45,700] Trial 1028 finished with value: 43.89751613140106 and parameters: {'n_estimators': 636, 'max_depth': 3, 'learning_rate': 0.05201597461066546}. Best is trial 321 with value: 41.67874455451965.
trail number 1020
[I 2025-07-19 12:06:46,386] Trial 1020 finished with value: 45.24114429950714 and parameters: {'n_estimators': 3820, 'max_depth': 3, 'learning_rate': 0.18921287949913748}. Best is trial 321 with value: 41.67874455451965.
trail number 1032
[I 2025-07-19 12:06:46,683] Trial 1032 finished with value: 42.832210659980774 and parameters: {'n_estimators': 277, 'max_depth': 3, 'learning_rate': 0.0537178743013159}. Best is trial 321 with value: 41.67874455451965.
trail number 1034
[I 2025-07-19 12:06:47,805] Trial 1034 finished with value: 45.319676995277405 and parameters: {'n_estimators': 324, 'max_depth': 3, 'learning_rate': 0.1474559736408711}. Best is trial 321 with value: 41.67874455451965.
trail number 1035
[I 2025-07-19 12:06:48,028] Trial 1035 finished with value: 47.52725660800934 and parameters: {'n_estimators': 52, 'max_depth': 3, 'learning_rate': 0.023299045749601274}. Best is trial 321 with value: 41.67874455451965.
trail number 1030
[I 2025-07-19 12:06:48,533] Trial 1030 finished with value: 44.12540256977081 and parameters: {'n_estimators': 698, 'max_depth': 6, 'learning_rate': 0.08926972398454078}. Best is trial 321 with value: 41.67874455451965.
trail number 1033
[I 2025-07-19 12:06:48,748] Trial 1033 finished with value: 45.88211417198181 and parameters: {'n_estimators': 671, 'max_depth': 3, 'learning_rate': 0.11933916010676762}. Best is trial 321 with value: 41.67874455451965.
trail number 1037
[I 2025-07-19 12:06:48,813] Trial 1037 finished with value: 42.29924440383911 and parameters: {'n_estimators': 63, 'max_depth': 3, 'learning_rate': 0.09579326120598329}. Best is trial 321 with value: 41.67874455451965.
trail number 1039
[I 2025-07-19 12:06:48,889] Trial 1039 finished with value: 54.04648184776306 and parameters: {'n_estimators': 10, 'max_depth': 3, 'learning_rate': 0.04795663814690254}. Best is trial 321 with value: 41.67874455451965.
trail number 1038
[I 2025-07-19 12:06:49,017] Trial 1038 finished with value: 46.73371911048889 and parameters: {'n_estimators': 21, 'max_depth': 7, 'learning_rate': 0.10827556413970858}. Best is trial 321 with value: 41.67874455451965.
trail number 1040
[I 2025-07-19 12:06:51,155] Trial 1040 finished with value: 45.11332452297211 and parameters: {'n_estimators': 684, 'max_depth': 3, 'learning_rate': 0.06089545554509852}. Best is trial 321 with value: 41.67874455451965.
trail number 1041
[I 2025-07-19 12:06:51,236] Trial 1041 finished with value: 44.38715636730194 and parameters: {'n_estimators': 670, 'max_depth': 3, 'learning_rate': 0.055296250118702574}. Best is trial 321 with value: 41.67874455451965.
trail number 1043
[I 2025-07-19 12:06:51,373] Trial 1043 finished with value: 47.710662484169006 and parameters: {'n_estimators': 14, 'max_depth': 6, 'learning_rate': 0.10596320769797654}. Best is trial 321 with value: 41.67874455451965.
trail number 1031
[I 2025-07-19 12:06:52,612] Trial 1031 finished with value: 47.14129328727722 and parameters: {'n_estimators': 1059, 'max_depth': 16, 'learning_rate': 0.05576302239118233}. Best is trial 321 with value: 41.67874455451965.
trail number 1044
[I 2025-07-19 12:06:53,363] Trial 1044 finished with value: 46.517685651779175 and parameters: {'n_estimators': 226, 'max_depth': 7, 'learning_rate': 0.014266965260940248}. Best is trial 321 with value: 41.67874455451965.
trail number 1042
[I 2025-07-19 12:06:53,374] Trial 1042 finished with value: 42.413002252578735 and parameters: {'n_estimators': 637, 'max_depth': 3, 'learning_rate': 0.016337344177974878}. Best is trial 321 with value: 41.67874455451965.
trail number 1046
[I 2025-07-19 12:06:53,489] Trial 1046 finished with value: 51.63212478160858 and parameters: {'n_estimators': 10, 'max_depth': 5, 'learning_rate': 0.07682130743048451}. Best is trial 321 with value: 41.67874455451965.
trail number 1048
[I 2025-07-19 12:06:53,567] Trial 1048 finished with value: 56.35638236999512 and parameters: {'n_estimators': 12, 'max_depth': 3, 'learning_rate': 0.02784535529526018}. Best is trial 321 with value: 41.67874455451965.
trail number 1036
[I 2025-07-19 12:06:55,393] Trial 1036 finished with value: 45.91066658496857 and parameters: {'n_estimators': 855, 'max_depth': 7, 'learning_rate': 0.011427740244424535}. Best is trial 321 with value: 41.67874455451965.
trail number 1047
[I 2025-07-19 12:06:55,952] Trial 1047 finished with value: 43.664098381996155 and parameters: {'n_estimators': 441, 'max_depth': 5, 'learning_rate': 0.011922651218938693}. Best is trial 321 with value: 41.67874455451965.
trail number 1051
[I 2025-07-19 12:06:56,145] Trial 1051 finished with value: 42.251940965652466 and parameters: {'n_estimators': 43, 'max_depth': 3, 'learning_rate': 0.14099266009327246}. Best is trial 321 with value: 41.67874455451965.
trail number 1045
[I 2025-07-19 12:06:56,466] Trial 1045 finished with value: 44.90818500518799 and parameters: {'n_estimators': 533, 'max_depth': 6, 'learning_rate': 0.012891448328665588}. Best is trial 321 with value: 41.67874455451965.
trail number 1053
[I 2025-07-19 12:06:56,635] Trial 1053 finished with value: 44.195676445961 and parameters: {'n_estimators': 39, 'max_depth': 3, 'learning_rate': 0.052577161666209765}. Best is trial 321 with value: 41.67874455451965.
trail number 1050
[I 2025-07-19 12:06:57,222] Trial 1050 finished with value: 44.401779770851135 and parameters: {'n_estimators': 493, 'max_depth': 3, 'learning_rate': 0.08679942498351653}. Best is trial 321 with value: 41.67874455451965.
trail number 1052
[I 2025-07-19 12:06:57,858] Trial 1052 finished with value: 42.00271725654602 and parameters: {'n_estimators': 489, 'max_depth': 3, 'learning_rate': 0.015011692978533352}. Best is trial 321 with value: 41.67874455451965.
trail number 1054
[I 2025-07-19 12:07:00,907] Trial 1054 finished with value: 45.93840956687927 and parameters: {'n_estimators': 625, 'max_depth': 10, 'learning_rate': 0.0700415592632475}. Best is trial 321 with value: 41.67874455451965.
trail number 1055
[I 2025-07-19 12:07:01,586] Trial 1055 finished with value: 45.173086524009705 and parameters: {'n_estimators': 648, 'max_depth': 6, 'learning_rate': 0.051223592459126985}. Best is trial 321 with value: 41.67874455451965.
trail number 1049
[I 2025-07-19 12:07:01,858] Trial 1049 finished with value: 45.7483971118927 and parameters: {'n_estimators': 1001, 'max_depth': 7, 'learning_rate': 0.010915996921407878}. Best is trial 321 with value: 41.67874455451965.
trail number 1058
[I 2025-07-19 12:07:01,925] Trial 1058 finished with value: 48.55155289173126 and parameters: {'n_estimators': 77, 'max_depth': 3, 'learning_rate': 0.013704523814530623}. Best is trial 321 with value: 41.67874455451965.
trail number 1056
[I 2025-07-19 12:07:02,412] Trial 1056 finished with value: 45.182693004608154 and parameters: {'n_estimators': 1388, 'max_depth': 3, 'learning_rate': 0.07256237924544978}. Best is trial 321 with value: 41.67874455451965.
trail number 1060
[I 2025-07-19 12:07:03,569] Trial 1060 finished with value: 44.20710802078247 and parameters: {'n_estimators': 489, 'max_depth': 3, 'learning_rate': 0.08620163971098475}. Best is trial 321 with value: 41.67874455451965.
trail number 1059
[I 2025-07-19 12:07:04,090] Trial 1059 finished with value: 45.560705065727234 and parameters: {'n_estimators': 658, 'max_depth': 3, 'learning_rate': 0.10433922636306406}. Best is trial 321 with value: 41.67874455451965.
trail number 1062
[I 2025-07-19 12:07:04,119] Trial 1062 finished with value: 46.622570753097534 and parameters: {'n_estimators': 58, 'max_depth': 7, 'learning_rate': 0.06775973837151521}. Best is trial 321 with value: 41.67874455451965.
trail number 1063
[I 2025-07-19 12:07:04,452] Trial 1063 finished with value: 47.48549401760101 and parameters: {'n_estimators': 36, 'max_depth': 7, 'learning_rate': 0.059800447448428225}. Best is trial 321 with value: 41.67874455451965.
trail number 1057
[I 2025-07-19 12:07:05,086] Trial 1057 finished with value: 44.408740401268005 and parameters: {'n_estimators': 1185, 'max_depth': 3, 'learning_rate': 0.049292332368545466}. Best is trial 321 with value: 41.67874455451965.
trail number 1065
[I 2025-07-19 12:07:08,643] Trial 1065 finished with value: 45.26890814304352 and parameters: {'n_estimators': 1316, 'max_depth': 3, 'learning_rate': 0.05893725534292221}. Best is trial 321 with value: 41.67874455451965.
trail number 1067
[I 2025-07-19 12:07:08,758] Trial 1067 finished with value: 46.9901704788208 and parameters: {'n_estimators': 21, 'max_depth': 3, 'learning_rate': 0.06092371085740576}. Best is trial 321 with value: 41.67874455451965.
trail number 1061
[I 2025-07-19 12:07:09,059] Trial 1061 finished with value: 44.760419726371765 and parameters: {'n_estimators': 1278, 'max_depth': 6, 'learning_rate': 0.05712993302568159}. Best is trial 321 with value: 41.67874455451965.
trail number 1064
[I 2025-07-19 12:07:09,735] Trial 1064 finished with value: 46.69053018093109 and parameters: {'n_estimators': 3522, 'max_depth': 17, 'learning_rate': 0.22925220725640558}. Best is trial 321 with value: 41.67874455451965.
trail number 1070
[I 2025-07-19 12:07:09,891] Trial 1070 finished with value: 50.546919107437134 and parameters: {'n_estimators': 11, 'max_depth': 8, 'learning_rate': 0.0975234209654345}. Best is trial 321 with value: 41.67874455451965.
trail number 1066
[I 2025-07-19 12:07:10,408] Trial 1066 finished with value: 44.81062650680542 and parameters: {'n_estimators': 772, 'max_depth': 6, 'learning_rate': 0.05139391577522308}. Best is trial 321 with value: 41.67874455451965.
trail number 1072
[I 2025-07-19 12:07:11,044] Trial 1072 finished with value: 46.840715408325195 and parameters: {'n_estimators': 71, 'max_depth': 7, 'learning_rate': 0.03543258009969118}. Best is trial 321 with value: 41.67874455451965.
trail number 1073
[I 2025-07-19 12:07:11,160] Trial 1073 finished with value: 46.55592322349548 and parameters: {'n_estimators': 22, 'max_depth': 3, 'learning_rate': 0.0626204519384907}. Best is trial 321 with value: 41.67874455451965.
trail number 1071
[I 2025-07-19 12:07:11,735] Trial 1071 finished with value: 43.964393734931946 and parameters: {'n_estimators': 537, 'max_depth': 3, 'learning_rate': 0.046741403521706776}. Best is trial 321 with value: 41.67874455451965.
trail number 1075
[I 2025-07-19 12:07:13,520] Trial 1075 finished with value: 44.643428325653076 and parameters: {'n_estimators': 560, 'max_depth': 3, 'learning_rate': 0.08371302850362229}. Best is trial 321 with value: 41.67874455451965.
trail number 1068
[I 2025-07-19 12:07:13,670] Trial 1068 finished with value: 46.81045949459076 and parameters: {'n_estimators': 3108, 'max_depth': 13, 'learning_rate': 0.22776649088927903}. Best is trial 321 with value: 41.67874455451965.
trail number 1069
[I 2025-07-19 12:07:15,193] Trial 1069 finished with value: 44.949819445610046 and parameters: {'n_estimators': 889, 'max_depth': 6, 'learning_rate': 0.010116867111290612}. Best is trial 321 with value: 41.67874455451965.
trail number 1076
[I 2025-07-19 12:07:15,278] Trial 1076 finished with value: 43.68802607059479 and parameters: {'n_estimators': 519, 'max_depth': 3, 'learning_rate': 0.04854956017280338}. Best is trial 321 with value: 41.67874455451965.
trail number 1079
[I 2025-07-19 12:07:15,651] Trial 1079 finished with value: 42.24358081817627 and parameters: {'n_estimators': 101, 'max_depth': 3, 'learning_rate': 0.10586595396712876}. Best is trial 321 with value: 41.67874455451965.
trail number 1077
[I 2025-07-19 12:07:16,676] Trial 1077 finished with value: 44.42997694015503 and parameters: {'n_estimators': 918, 'max_depth': 3, 'learning_rate': 0.05314018513228645}. Best is trial 321 with value: 41.67874455451965.
trail number 1074
[I 2025-07-19 12:07:16,895] Trial 1074 finished with value: 46.961273550987244 and parameters: {'n_estimators': 535, 'max_depth': 11, 'learning_rate': 0.051756309145799824}. Best is trial 321 with value: 41.67874455451965.
trail number 1081
[I 2025-07-19 12:07:17,157] Trial 1081 finished with value: 44.62425410747528 and parameters: {'n_estimators': 115, 'max_depth': 3, 'learning_rate': 0.017123696490986925}. Best is trial 321 with value: 41.67874455451965.
trail number 1078
[I 2025-07-19 12:07:17,196] Trial 1078 finished with value: 44.865742921829224 and parameters: {'n_estimators': 565, 'max_depth': 3, 'learning_rate': 0.07826280578069525}. Best is trial 321 with value: 41.67874455451965.
trail number 1084
[I 2025-07-19 12:07:17,361] Trial 1084 finished with value: 48.51727247238159 and parameters: {'n_estimators': 15, 'max_depth': 7, 'learning_rate': 0.0983809257465559}. Best is trial 321 with value: 41.67874455451965.
trail number 1083
[I 2025-07-19 12:07:17,579] Trial 1083 finished with value: 46.18765413761139 and parameters: {'n_estimators': 45, 'max_depth': 6, 'learning_rate': 0.04490438497736968}. Best is trial 321 with value: 41.67874455451965.
trail number 1085
[I 2025-07-19 12:07:17,643] Trial 1085 finished with value: 54.36297357082367 and parameters: {'n_estimators': 24, 'max_depth': 7, 'learning_rate': 0.024056848267723623}. Best is trial 321 with value: 41.67874455451965.
trail number 1080
[I 2025-07-19 12:07:18,784] Trial 1080 finished with value: 45.645034313201904 and parameters: {'n_estimators': 955, 'max_depth': 7, 'learning_rate': 0.12732369998337054}. Best is trial 321 with value: 41.67874455451965.
trail number 1088
[I 2025-07-19 12:07:18,981] Trial 1088 finished with value: 44.68322992324829 and parameters: {'n_estimators': 45, 'max_depth': 3, 'learning_rate': 0.042993539224357134}. Best is trial 321 with value: 41.67874455451965.
trail number 1087
[I 2025-07-19 12:07:19,189] Trial 1087 finished with value: 42.2056782245636 and parameters: {'n_estimators': 462, 'max_depth': 3, 'learning_rate': 0.010687117317075957}. Best is trial 321 with value: 41.67874455451965.
trail number 1086
[I 2025-07-19 12:07:19,568] Trial 1086 finished with value: 42.05965876579285 and parameters: {'n_estimators': 580, 'max_depth': 3, 'learning_rate': 0.012456638339123964}. Best is trial 321 with value: 41.67874455451965.
trail number 1089
[I 2025-07-19 12:07:21,723] Trial 1089 finished with value: 42.49167323112488 and parameters: {'n_estimators': 861, 'max_depth': 3, 'learning_rate': 0.014682168831975949}. Best is trial 321 with value: 41.67874455451965.
trail number 1082
[I 2025-07-19 12:07:23,171] Trial 1082 finished with value: 46.30798161029816 and parameters: {'n_estimators': 1214, 'max_depth': 10, 'learning_rate': 0.05158180938693635}. Best is trial 321 with value: 41.67874455451965.
trail number 1092
[I 2025-07-19 12:07:25,065] Trial 1092 finished with value: 45.05307376384735 and parameters: {'n_estimators': 520, 'max_depth': 6, 'learning_rate': 0.07929298666971041}. Best is trial 321 with value: 41.67874455451965.
trail number 1090
[I 2025-07-19 12:07:25,221] Trial 1090 finished with value: 46.357868909835815 and parameters: {'n_estimators': 741, 'max_depth': 7, 'learning_rate': 0.010496686054703379}. Best is trial 321 with value: 41.67874455451965.
trail number 1095
[I 2025-07-19 12:07:25,412] Trial 1095 finished with value: 42.98556923866272 and parameters: {'n_estimators': 41, 'max_depth': 3, 'learning_rate': 0.0818219051068745}. Best is trial 321 with value: 41.67874455451965.
trail number 1094
[I 2025-07-19 12:07:25,502] Trial 1094 finished with value: 41.85439109802246 and parameters: {'n_estimators': 91, 'max_depth': 3, 'learning_rate': 0.08791763457303756}. Best is trial 321 with value: 41.67874455451965.
trail number 1091
[I 2025-07-19 12:07:26,088] Trial 1091 finished with value: 45.2853000164032 and parameters: {'n_estimators': 990, 'max_depth': 6, 'learning_rate': 0.04791934638221654}. Best is trial 321 with value: 41.67874455451965.
trail number 1093
[I 2025-07-19 12:07:26,858] Trial 1093 finished with value: 44.78329539299011 and parameters: {'n_estimators': 585, 'max_depth': 6, 'learning_rate': 0.09315478791345141}. Best is trial 321 with value: 41.67874455451965.
trail number 1098
[I 2025-07-19 12:07:28,767] Trial 1098 finished with value: 45.02421736717224 and parameters: {'n_estimators': 671, 'max_depth': 6, 'learning_rate': 0.1409417915845456}. Best is trial 321 with value: 41.67874455451965.
trail number 1099
[I 2025-07-19 12:07:29,056] Trial 1099 finished with value: 46.585862040519714 and parameters: {'n_estimators': 334, 'max_depth': 7, 'learning_rate': 0.13204657121028532}. Best is trial 321 with value: 41.67874455451965.
trail number 1097
[I 2025-07-19 12:07:29,566] Trial 1097 finished with value: 47.31340050697327 and parameters: {'n_estimators': 2157, 'max_depth': 14, 'learning_rate': 0.19028414004369545}. Best is trial 321 with value: 41.67874455451965.
trail number 1100
[I 2025-07-19 12:07:30,068] Trial 1100 finished with value: 44.670884013175964 and parameters: {'n_estimators': 369, 'max_depth': 3, 'learning_rate': 0.11546438155321619}. Best is trial 321 with value: 41.67874455451965.
trail number 1101
[I 2025-07-19 12:07:30,361] Trial 1101 finished with value: 44.64002311229706 and parameters: {'n_estimators': 379, 'max_depth': 3, 'learning_rate': 0.1379860408188032}. Best is trial 321 with value: 41.67874455451965.
trail number 1104
[I 2025-07-19 12:07:31,075] Trial 1104 finished with value: 43.0429869890213 and parameters: {'n_estimators': 208, 'max_depth': 3, 'learning_rate': 0.09700257699693754}. Best is trial 321 with value: 41.67874455451965.
trail number 1105
[I 2025-07-19 12:07:31,364] Trial 1105 finished with value: 46.662185192108154 and parameters: {'n_estimators': 28, 'max_depth': 7, 'learning_rate': 0.11156905232663321}. Best is trial 321 with value: 41.67874455451965.
trail number 1102
[I 2025-07-19 12:07:31,962] Trial 1102 finished with value: 45.88717877864838 and parameters: {'n_estimators': 681, 'max_depth': 3, 'learning_rate': 0.09451363198208977}. Best is trial 321 with value: 41.67874455451965.
trail number 1103
[I 2025-07-19 12:07:32,419] Trial 1103 finished with value: 44.8676335811615 and parameters: {'n_estimators': 698, 'max_depth': 3, 'learning_rate': 0.10683104428521342}. Best is trial 321 with value: 41.67874455451965.
trail number 1096
[I 2025-07-19 12:07:32,629] Trial 1096 finished with value: 45.02304673194885 and parameters: {'n_estimators': 1079, 'max_depth': 6, 'learning_rate': 0.04718528514183196}. Best is trial 321 with value: 41.67874455451965.
trail number 1107
[I 2025-07-19 12:07:36,516] Trial 1107 finished with value: 43.45054388046265 and parameters: {'n_estimators': 1405, 'max_depth': 3, 'learning_rate': 0.01471324798113792}. Best is trial 321 with value: 41.67874455451965.
trail number 1109
[I 2025-07-19 12:07:37,849] Trial 1109 finished with value: 43.974531292915344 and parameters: {'n_estimators': 1646, 'max_depth': 3, 'learning_rate': 0.016177719624194575}. Best is trial 321 with value: 41.67874455451965.
trail number 1108
[I 2025-07-19 12:07:37,962] Trial 1108 finished with value: 43.36195528507233 and parameters: {'n_estimators': 1745, 'max_depth': 3, 'learning_rate': 0.0106142658513156}. Best is trial 321 with value: 41.67874455451965.
trail number 1112
[I 2025-07-19 12:07:38,165] Trial 1112 finished with value: 47.17631280422211 and parameters: {'n_estimators': 23, 'max_depth': 6, 'learning_rate': 0.06978954113578033}. Best is trial 321 with value: 41.67874455451965.
trail number 1110
[I 2025-07-19 12:07:38,336] Trial 1110 finished with value: 44.835694432258606 and parameters: {'n_estimators': 515, 'max_depth': 3, 'learning_rate': 0.06411677720721912}. Best is trial 321 with value: 41.67874455451965.
trail number 1113
