[I 2025-07-19 12:03:10,770] Trial 739 finished with value: 45.01149833202362 and parameters: {'n_estimators': 813, 'max_depth': 3, 'learning_rate': 0.08296416443164957}. Best is trial 321 with value: 41.67874455451965.
trail number 741
[I 2025-07-19 12:03:11,225] Trial 741 finished with value: 45.342286825180054 and parameters: {'n_estimators': 750, 'max_depth': 3, 'learning_rate': 0.07824590447397763}. Best is trial 321 with value: 41.67874455451965.
trail number 746
[I 2025-07-19 12:03:11,313] Trial 746 finished with value: 45.14073371887207 and parameters: {'n_estimators': 14, 'max_depth': 3, 'learning_rate': 0.1242130176344455}. Best is trial 321 with value: 41.67874455451965.
trail number 747
[I 2025-07-19 12:03:11,653] Trial 747 finished with value: 47.85193204879761 and parameters: {'n_estimators': 24, 'max_depth': 10, 'learning_rate': 0.07683831660229816}. Best is trial 321 with value: 41.67874455451965.
trail number 742
[I 2025-07-19 12:03:11,841] Trial 742 finished with value: 44.70260798931122 and parameters: {'n_estimators': 835, 'max_depth': 3, 'learning_rate': 0.08618026447396387}. Best is trial 321 with value: 41.67874455451965.
trail number 748
[I 2025-07-19 12:03:12,027] Trial 748 finished with value: 45.32764494419098 and parameters: {'n_estimators': 44, 'max_depth': 6, 'learning_rate': 0.05995550308955681}. Best is trial 321 with value: 41.67874455451965.
trail number 750
[I 2025-07-19 12:03:12,184] Trial 750 finished with value: 43.24399530887604 and parameters: {'n_estimators': 35, 'max_depth': 3, 'learning_rate': 0.07862791689425079}. Best is trial 321 with value: 41.67874455451965.
trail number 749
[I 2025-07-19 12:03:12,365] Trial 749 finished with value: 42.23155677318573 and parameters: {'n_estimators': 124, 'max_depth': 3, 'learning_rate': 0.07838613715173542}. Best is trial 321 with value: 41.67874455451965.
trail number 752
[I 2025-07-19 12:03:12,615] Trial 752 finished with value: 42.917287945747375 and parameters: {'n_estimators': 65, 'max_depth': 3, 'learning_rate': 0.0509461323909072}. Best is trial 321 with value: 41.67874455451965.
trail number 744
[I 2025-07-19 12:03:13,112] Trial 744 finished with value: 44.943634271621704 and parameters: {'n_estimators': 700, 'max_depth': 3, 'learning_rate': 0.07668242639132844}. Best is trial 321 with value: 41.67874455451965.
trail number 745
[I 2025-07-19 12:03:13,976] Trial 745 finished with value: 45.31599998474121 and parameters: {'n_estimators': 906, 'max_depth': 3, 'learning_rate': 0.11502371821594648}. Best is trial 321 with value: 41.67874455451965.
trail number 755
[I 2025-07-19 12:03:14,211] Trial 755 finished with value: 49.70930635929108 and parameters: {'n_estimators': 30, 'max_depth': 6, 'learning_rate': 0.035476766491536166}. Best is trial 321 with value: 41.67874455451965.
trail number 756
[I 2025-07-19 12:03:14,433] Trial 756 finished with value: 45.002241134643555 and parameters: {'n_estimators': 33, 'max_depth': 5, 'learning_rate': 0.07684506009816258}. Best is trial 321 with value: 41.67874455451965.
trail number 751
[I 2025-07-19 12:03:16,552] Trial 751 finished with value: 44.804686307907104 and parameters: {'n_estimators': 1336, 'max_depth': 3, 'learning_rate': 0.13541479784671362}. Best is trial 321 with value: 41.67874455451965.
trail number 753
[I 2025-07-19 12:03:17,711] Trial 753 finished with value: 45.79214870929718 and parameters: {'n_estimators': 737, 'max_depth': 7, 'learning_rate': 0.060142620630322066}. Best is trial 321 with value: 41.67874455451965.
trail number 758
[I 2025-07-19 12:03:19,493] Trial 758 finished with value: 46.25026762485504 and parameters: {'n_estimators': 1641, 'max_depth': 16, 'learning_rate': 0.27978801564289246}. Best is trial 321 with value: 41.67874455451965.
trail number 760
[I 2025-07-19 12:03:19,738] Trial 760 finished with value: 41.90730392932892 and parameters: {'n_estimators': 63, 'max_depth': 3, 'learning_rate': 0.10672148742817703}. Best is trial 321 with value: 41.67874455451965.
trail number 761
[I 2025-07-19 12:03:21,508] Trial 761 finished with value: 46.04976713657379 and parameters: {'n_estimators': 559, 'max_depth': 3, 'learning_rate': 0.12137258380856714}. Best is trial 321 with value: 41.67874455451965.
trail number 759
[I 2025-07-19 12:03:21,806] Trial 759 finished with value: 44.9139803647995 and parameters: {'n_estimators': 613, 'max_depth': 6, 'learning_rate': 0.06118873182275686}. Best is trial 321 with value: 41.67874455451965.
trail number 763
[I 2025-07-19 12:03:21,883] Trial 763 finished with value: 45.073129534721375 and parameters: {'n_estimators': 11, 'max_depth': 3, 'learning_rate': 0.15972642560582717}. Best is trial 321 with value: 41.67874455451965.
trail number 762
[I 2025-07-19 12:03:22,179] Trial 762 finished with value: 45.44912278652191 and parameters: {'n_estimators': 71, 'max_depth': 7, 'learning_rate': 0.14160716473831547}. Best is trial 321 with value: 41.67874455451965.
trail number 765
[I 2025-07-19 12:03:24,073] Trial 765 finished with value: 45.160003304481506 and parameters: {'n_estimators': 297, 'max_depth': 6, 'learning_rate': 0.12323731686388037}. Best is trial 321 with value: 41.67874455451965.
trail number 766
[I 2025-07-19 12:03:24,698] Trial 766 finished with value: 43.397459983825684 and parameters: {'n_estimators': 189, 'max_depth': 3, 'learning_rate': 0.0908424810492646}. Best is trial 321 with value: 41.67874455451965.
trail number 764
[I 2025-07-19 12:03:24,879] Trial 764 finished with value: 44.822227358818054 and parameters: {'n_estimators': 498, 'max_depth': 7, 'learning_rate': 0.10341959771369187}. Best is trial 321 with value: 41.67874455451965.
trail number 767
[I 2025-07-19 12:03:24,964] Trial 767 finished with value: 42.32945144176483 and parameters: {'n_estimators': 60, 'max_depth': 3, 'learning_rate': 0.09882351269477999}. Best is trial 321 with value: 41.67874455451965.
trail number 768
[I 2025-07-19 12:03:25,426] Trial 768 finished with value: 43.320494294166565 and parameters: {'n_estimators': 151, 'max_depth': 3, 'learning_rate': 0.09889847995284257}. Best is trial 321 with value: 41.67874455451965.
trail number 770
[I 2025-07-19 12:03:27,110] Trial 770 finished with value: 44.89011287689209 and parameters: {'n_estimators': 514, 'max_depth': 3, 'learning_rate': 0.08520975312409221}. Best is trial 321 with value: 41.67874455451965.
trail number 771
[I 2025-07-19 12:03:27,376] Trial 771 finished with value: 57.88007080554962 and parameters: {'n_estimators': 28, 'max_depth': 7, 'learning_rate': 0.010445881187975417}. Best is trial 321 with value: 41.67874455451965.
trail number 772
[I 2025-07-19 12:03:27,890] Trial 772 finished with value: 43.598777651786804 and parameters: {'n_estimators': 155, 'max_depth': 3, 'learning_rate': 0.10614844263090056}. Best is trial 321 with value: 41.67874455451965.
trail number 769
[I 2025-07-19 12:03:28,183] Trial 769 finished with value: 45.2893728017807 and parameters: {'n_estimators': 471, 'max_depth': 6, 'learning_rate': 0.09173289409756252}. Best is trial 321 with value: 41.67874455451965.
trail number 757
[I 2025-07-19 12:03:29,775] Trial 757 finished with value: 47.027313113212585 and parameters: {'n_estimators': 4527, 'max_depth': 15, 'learning_rate': 0.03306883505035656}. Best is trial 321 with value: 41.67874455451965.
trail number 775
[I 2025-07-19 12:03:31,939] Trial 775 finished with value: 41.94516479969025 and parameters: {'n_estimators': 664, 'max_depth': 3, 'learning_rate': 0.010911966692897648}. Best is trial 321 with value: 41.67874455451965.
trail number 773
[I 2025-07-19 12:03:31,963] Trial 773 finished with value: 44.86078977584839 and parameters: {'n_estimators': 718, 'max_depth': 6, 'learning_rate': 0.08392467879701218}. Best is trial 321 with value: 41.67874455451965.
trail number 777
[I 2025-07-19 12:03:32,333] Trial 777 finished with value: 45.738056898117065 and parameters: {'n_estimators': 32, 'max_depth': 8, 'learning_rate': 0.1148188266204819}. Best is trial 321 with value: 41.67874455451965.
trail number 776
[I 2025-07-19 12:03:32,357] Trial 776 finished with value: 47.47223734855652 and parameters: {'n_estimators': 19, 'max_depth': 27, 'learning_rate': 0.250250034317815}. Best is trial 321 with value: 41.67874455451965.
trail number 778
[I 2025-07-19 12:03:34,462] Trial 778 finished with value: 45.077046155929565 and parameters: {'n_estimators': 659, 'max_depth': 3, 'learning_rate': 0.1060697402607631}. Best is trial 321 with value: 41.67874455451965.
trail number 780
[I 2025-07-19 12:03:34,569] Trial 780 finished with value: 50.565139055252075 and parameters: {'n_estimators': 10, 'max_depth': 6, 'learning_rate': 0.09574741790328224}. Best is trial 321 with value: 41.67874455451965.
trail number 779
[I 2025-07-19 12:03:35,053] Trial 779 finished with value: 43.97893786430359 and parameters: {'n_estimators': 826, 'max_depth': 3, 'learning_rate': 0.05451045014279294}. Best is trial 321 with value: 41.67874455451965.
trail number 782
[I 2025-07-19 12:03:35,307] Trial 782 finished with value: 42.17890977859497 and parameters: {'n_estimators': 65, 'max_depth': 3, 'learning_rate': 0.06927673549819886}. Best is trial 321 with value: 41.67874455451965.
trail number 774
[I 2025-07-19 12:03:37,333] Trial 774 finished with value: 46.679444313049316 and parameters: {'n_estimators': 3768, 'max_depth': 20, 'learning_rate': 0.0776787354263506}. Best is trial 321 with value: 41.67874455451965.
trail number 783
[I 2025-07-19 12:03:39,850] Trial 783 finished with value: 46.14974856376648 and parameters: {'n_estimators': 603, 'max_depth': 7, 'learning_rate': 0.06456132845677438}. Best is trial 321 with value: 41.67874455451965.
trail number 781
[I 2025-07-19 12:03:40,992] Trial 781 finished with value: 46.93134129047394 and parameters: {'n_estimators': 1337, 'max_depth': 29, 'learning_rate': 0.07668630150734358}. Best is trial 321 with value: 41.67874455451965.
trail number 784
[I 2025-07-19 12:03:42,084] Trial 784 finished with value: 44.93017315864563 and parameters: {'n_estimators': 1496, 'max_depth': 3, 'learning_rate': 0.03555042954727812}. Best is trial 321 with value: 41.67874455451965.
trail number 787
[I 2025-07-19 12:03:42,179] Trial 787 finished with value: 48.23768615722656 and parameters: {'n_estimators': 16, 'max_depth': 3, 'learning_rate': 0.06801169584773806}. Best is trial 321 with value: 41.67874455451965.
trail number 785
[I 2025-07-19 12:03:42,841] Trial 785 finished with value: 43.99483680725098 and parameters: {'n_estimators': 926, 'max_depth': 3, 'learning_rate': 0.04203644276314393}. Best is trial 321 with value: 41.67874455451965.
trail number 786
[I 2025-07-19 12:03:43,144] Trial 786 finished with value: 45.554487109184265 and parameters: {'n_estimators': 642, 'max_depth': 3, 'learning_rate': 0.16583964622604977}. Best is trial 321 with value: 41.67874455451965.
trail number 790
[I 2025-07-19 12:03:43,275] Trial 790 finished with value: 51.366817355155945 and parameters: {'n_estimators': 11, 'max_depth': 7, 'learning_rate': 0.08124272952936304}. Best is trial 321 with value: 41.67874455451965.
trail number 789
[I 2025-07-19 12:03:45,045] Trial 789 finished with value: 44.53563570976257 and parameters: {'n_estimators': 735, 'max_depth': 6, 'learning_rate': 0.18813676289662112}. Best is trial 321 with value: 41.67874455451965.
trail number 754
[I 2025-07-19 12:03:47,116] Trial 754 finished with value: 47.051647901535034 and parameters: {'n_estimators': 2017, 'max_depth': 18, 'learning_rate': 0.012568809980364415}. Best is trial 321 with value: 41.67874455451965.
trail number 788
[I 2025-07-19 12:03:47,313] Trial 788 finished with value: 46.18033051490784 and parameters: {'n_estimators': 1579, 'max_depth': 3, 'learning_rate': 0.09254067514232506}. Best is trial 321 with value: 41.67874455451965.
trail number 794
[I 2025-07-19 12:03:47,564] Trial 794 finished with value: 43.214954137802124 and parameters: {'n_estimators': 64, 'max_depth': 3, 'learning_rate': 0.04232508881545817}. Best is trial 321 with value: 41.67874455451965.
trail number 791
[I 2025-07-19 12:03:47,643] Trial 791 finished with value: 46.57675564289093 and parameters: {'n_estimators': 2833, 'max_depth': 19, 'learning_rate': 0.28105153101154834}. Best is trial 321 with value: 41.67874455451965.
trail number 792
[I 2025-07-19 12:03:49,111] Trial 792 finished with value: 44.53031241893768 and parameters: {'n_estimators': 617, 'max_depth': 6, 'learning_rate': 0.04730677851874076}. Best is trial 321 with value: 41.67874455451965.
trail number 795
[I 2025-07-19 12:03:49,664] Trial 795 finished with value: 44.135098457336426 and parameters: {'n_estimators': 653, 'max_depth': 3, 'learning_rate': 0.044929010573839134}. Best is trial 321 with value: 41.67874455451965.
trail number 793
[I 2025-07-19 12:03:50,842] Trial 793 finished with value: 47.1248996257782 and parameters: {'n_estimators': 829, 'max_depth': 11, 'learning_rate': 0.0946300941284497}. Best is trial 321 with value: 41.67874455451965.
trail number 796
[I 2025-07-19 12:03:52,051] Trial 796 finished with value: 47.16513276100159 and parameters: {'n_estimators': 204, 'max_depth': 24, 'learning_rate': 0.08438649558306284}. Best is trial 321 with value: 41.67874455451965.
trail number 800
[I 2025-07-19 12:03:52,338] Trial 800 finished with value: 42.66571283340454 and parameters: {'n_estimators': 69, 'max_depth': 3, 'learning_rate': 0.10942690183644896}. Best is trial 321 with value: 41.67874455451965.
trail number 797
[I 2025-07-19 12:03:52,874] Trial 797 finished with value: 46.62549078464508 and parameters: {'n_estimators': 665, 'max_depth': 11, 'learning_rate': 0.08629195868426282}. Best is trial 321 with value: 41.67874455451965.
trail number 798
[I 2025-07-19 12:03:53,206] Trial 798 finished with value: 46.499613523483276 and parameters: {'n_estimators': 1588, 'max_depth': 23, 'learning_rate': 0.22292697585761972}. Best is trial 321 with value: 41.67874455451965.
trail number 803
[I 2025-07-19 12:03:53,411] Trial 803 finished with value: 42.935590744018555 and parameters: {'n_estimators': 48, 'max_depth': 3, 'learning_rate': 0.06709497427142551}. Best is trial 321 with value: 41.67874455451965.
trail number 804
[I 2025-07-19 12:03:58,663] Trial 804 finished with value: 45.61045587062836 and parameters: {'n_estimators': 740, 'max_depth': 7, 'learning_rate': 0.05503656059058173}. Best is trial 321 with value: 41.67874455451965.
trail number 801
[I 2025-07-19 12:03:59,213] Trial 801 finished with value: 47.00541973114014 and parameters: {'n_estimators': 1250, 'max_depth': 11, 'learning_rate': 0.04852181525572344}. Best is trial 321 with value: 41.67874455451965.
trail number 799
[I 2025-07-19 12:03:59,250] Trial 799 finished with value: 46.16903841495514 and parameters: {'n_estimators': 837, 'max_depth': 8, 'learning_rate': 0.010618624109682971}. Best is trial 321 with value: 41.67874455451965.
trail number 807
[I 2025-07-19 12:03:59,476] Trial 807 finished with value: 48.32019507884979 and parameters: {'n_estimators': 21, 'max_depth': 7, 'learning_rate': 0.07221359709203057}. Best is trial 321 with value: 41.67874455451965.
trail number 806
[I 2025-07-19 12:04:01,137] Trial 806 finished with value: 43.70866119861603 and parameters: {'n_estimators': 569, 'max_depth': 3, 'learning_rate': 0.05227605405765129}. Best is trial 321 with value: 41.67874455451965.
trail number 809
[I 2025-07-19 12:04:02,030] Trial 809 finished with value: 45.86154103279114 and parameters: {'n_estimators': 100, 'max_depth': 7, 'learning_rate': 0.0514652254243288}. Best is trial 321 with value: 41.67874455451965.
trail number 808
[I 2025-07-19 12:04:02,126] Trial 808 finished with value: 44.16725516319275 and parameters: {'n_estimators': 781, 'max_depth': 3, 'learning_rate': 0.036487989535129065}. Best is trial 321 with value: 41.67874455451965.
trail number 805
[I 2025-07-19 12:04:02,922] Trial 805 finished with value: 46.51185691356659 and parameters: {'n_estimators': 1934, 'max_depth': 3, 'learning_rate': 0.2932958780322441}. Best is trial 321 with value: 41.67874455451965.
trail number 802
[I 2025-07-19 12:04:03,271] Trial 802 finished with value: 45.96828579902649 and parameters: {'n_estimators': 1251, 'max_depth': 7, 'learning_rate': 0.012158216117126638}. Best is trial 321 with value: 41.67874455451965.
trail number 813
[I 2025-07-19 12:04:03,384] Trial 813 finished with value: 46.221327781677246 and parameters: {'n_estimators': 14, 'max_depth': 5, 'learning_rate': 0.12396010715869504}. Best is trial 321 with value: 41.67874455451965.
trail number 811
[I 2025-07-19 12:04:04,826] Trial 811 finished with value: 45.05617141723633 and parameters: {'n_estimators': 799, 'max_depth': 3, 'learning_rate': 0.07558475669513724}. Best is trial 321 with value: 41.67874455451965.
trail number 812
[I 2025-07-19 12:04:05,905] Trial 812 finished with value: 44.80658948421478 and parameters: {'n_estimators': 868, 'max_depth': 3, 'learning_rate': 0.10148046540991235}. Best is trial 321 with value: 41.67874455451965.
trail number 810
[I 2025-07-19 12:04:06,078] Trial 810 finished with value: 45.270716547966 and parameters: {'n_estimators': 571, 'max_depth': 6, 'learning_rate': 0.015162930260679532}. Best is trial 321 with value: 41.67874455451965.
trail number 817
[I 2025-07-19 12:04:06,213] Trial 817 finished with value: 52.500035762786865 and parameters: {'n_estimators': 14, 'max_depth': 6, 'learning_rate': 0.05057583195820203}. Best is trial 321 with value: 41.67874455451965.
trail number 814
[I 2025-07-19 12:04:07,338] Trial 814 finished with value: 42.834869623184204 and parameters: {'n_estimators': 1167, 'max_depth': 3, 'learning_rate': 0.012755354646827605}. Best is trial 321 with value: 41.67874455451965.
trail number 816
[I 2025-07-19 12:04:08,183] Trial 816 finished with value: 42.083311676979065 and parameters: {'n_estimators': 653, 'max_depth': 3, 'learning_rate': 0.010607576969474173}. Best is trial 321 with value: 41.67874455451965.
trail number 815
[I 2025-07-19 12:04:08,475] Trial 815 finished with value: 44.51310992240906 and parameters: {'n_estimators': 518, 'max_depth': 6, 'learning_rate': 0.04170987725024604}. Best is trial 321 with value: 41.67874455451965.
trail number 820
[I 2025-07-19 12:04:08,507] Trial 820 finished with value: 43.324896693229675 and parameters: {'n_estimators': 87, 'max_depth': 3, 'learning_rate': 0.03179389636896412}. Best is trial 321 with value: 41.67874455451965.
trail number 821
[I 2025-07-19 12:04:08,584] Trial 821 finished with value: 44.36528980731964 and parameters: {'n_estimators': 17, 'max_depth': 3, 'learning_rate': 0.12242756957786538}. Best is trial 321 with value: 41.67874455451965.
trail number 818
[I 2025-07-19 12:04:08,727] Trial 818 finished with value: 43.734872341156006 and parameters: {'n_estimators': 716, 'max_depth': 3, 'learning_rate': 0.027011373397412733}. Best is trial 321 with value: 41.67874455451965.
trail number 824
[I 2025-07-19 12:04:08,888] Trial 824 finished with value: 42.98387169837952 and parameters: {'n_estimators': 36, 'max_depth': 3, 'learning_rate': 0.08886293872106513}. Best is trial 321 with value: 41.67874455451965.
trail number 825
[I 2025-07-19 12:04:08,969] Trial 825 finished with value: 50.37814259529114 and parameters: {'n_estimators': 13, 'max_depth': 3, 'learning_rate': 0.06036849645721389}. Best is trial 321 with value: 41.67874455451965.
trail number 823
[I 2025-07-19 12:04:10,909] Trial 823 finished with value: 43.5556697845459 and parameters: {'n_estimators': 655, 'max_depth': 3, 'learning_rate': 0.049247130741229016}. Best is trial 321 with value: 41.67874455451965.
trail number 822
[I 2025-07-19 12:04:11,204] Trial 822 finished with value: 46.55870974063873 and parameters: {'n_estimators': 914, 'max_depth': 9, 'learning_rate': 0.15698892823343408}. Best is trial 321 with value: 41.67874455451965.
trail number 819
[I 2025-07-19 12:04:11,275] Trial 819 finished with value: 45.66980838775635 and parameters: {'n_estimators': 626, 'max_depth': 6, 'learning_rate': 0.09593086428211411}. Best is trial 321 with value: 41.67874455451965.
trail number 828
[I 2025-07-19 12:04:11,365] Trial 828 finished with value: 45.30063569545746 and parameters: {'n_estimators': 29, 'max_depth': 3, 'learning_rate': 0.05920910540344091}. Best is trial 321 with value: 41.67874455451965.
trail number 829
[I 2025-07-19 12:04:11,536] Trial 829 finished with value: 53.423872590065 and parameters: {'n_estimators': 15, 'max_depth': 11, 'learning_rate': 0.04861581945691973}. Best is trial 321 with value: 41.67874455451965.
trail number 831
[I 2025-07-19 12:04:11,675] Trial 831 finished with value: 46.104336977005005 and parameters: {'n_estimators': 30, 'max_depth': 3, 'learning_rate': 0.04931030338051093}. Best is trial 321 with value: 41.67874455451965.
trail number 826
[I 2025-07-19 12:04:13,465] Trial 826 finished with value: 44.54220116138458 and parameters: {'n_estimators': 756, 'max_depth': 6, 'learning_rate': 0.08089432197860146}. Best is trial 321 with value: 41.67874455451965.
trail number 827
[I 2025-07-19 12:04:13,824] Trial 827 finished with value: 44.85681712627411 and parameters: {'n_estimators': 829, 'max_depth': 3, 'learning_rate': 0.06364888706649144}. Best is trial 321 with value: 41.67874455451965.
trail number 832
[I 2025-07-19 12:04:16,220] Trial 832 finished with value: 45.55967688560486 and parameters: {'n_estimators': 1391, 'max_depth': 3, 'learning_rate': 0.06020108498247671}. Best is trial 321 with value: 41.67874455451965.
trail number 834
[I 2025-07-19 12:04:16,262] Trial 834 finished with value: 45.08910953998566 and parameters: {'n_estimators': 735, 'max_depth': 3, 'learning_rate': 0.08759128944128003}. Best is trial 321 with value: 41.67874455451965.
trail number 836
[I 2025-07-19 12:04:16,476] Trial 836 finished with value: 54.27665710449219 and parameters: {'n_estimators': 24, 'max_depth': 6, 'learning_rate': 0.022893695516280163}. Best is trial 321 with value: 41.67874455451965.
trail number 837
