[I 2025-07-19 12:28:36,176] Trial 2769 finished with value: 44.42354381084442 and parameters: {'n_estimators': 1149, 'max_depth': 6, 'learning_rate': 0.07742747395304597}. Best is trial 321 with value: 41.67874455451965.
trail number 2771
[I 2025-07-19 12:28:36,463] Trial 2771 finished with value: 47.863314747810364 and parameters: {'n_estimators': 29, 'max_depth': 6, 'learning_rate': 0.04812082922040298}. Best is trial 321 with value: 41.67874455451965.
trail number 2764
[I 2025-07-19 12:28:36,937] Trial 2764 finished with value: 45.00020742416382 and parameters: {'n_estimators': 1780, 'max_depth': 6, 'learning_rate': 0.03856370624399028}. Best is trial 321 with value: 41.67874455451965.
trail number 2773
[I 2025-07-19 12:28:37,497] Trial 2773 finished with value: 45.09473204612732 and parameters: {'n_estimators': 65, 'max_depth': 6, 'learning_rate': 0.0978133553356077}. Best is trial 321 with value: 41.67874455451965.
trail number 2772
[I 2025-07-19 12:28:38,531] Trial 2772 finished with value: 44.48141694068909 and parameters: {'n_estimators': 542, 'max_depth': 3, 'learning_rate': 0.06213579020088781}. Best is trial 321 with value: 41.67874455451965.
trail number 2770
[I 2025-07-19 12:28:39,981] Trial 2770 finished with value: 45.10304570198059 and parameters: {'n_estimators': 891, 'max_depth': 6, 'learning_rate': 0.045720094540864384}. Best is trial 321 with value: 41.67874455451965.
trail number 2775
[I 2025-07-19 12:28:40,230] Trial 2775 finished with value: 43.252992033958435 and parameters: {'n_estimators': 505, 'max_depth': 3, 'learning_rate': 0.033506342885111354}. Best is trial 321 with value: 41.67874455451965.
trail number 2777
[I 2025-07-19 12:28:40,479] Trial 2777 finished with value: 42.34367787837982 and parameters: {'n_estimators': 52, 'max_depth': 3, 'learning_rate': 0.09336061857211143}. Best is trial 321 with value: 41.67874455451965.
trail number 2774
[I 2025-07-19 12:28:41,325] Trial 2774 finished with value: 44.12744462490082 and parameters: {'n_estimators': 1065, 'max_depth': 3, 'learning_rate': 0.03594884867672829}. Best is trial 321 with value: 41.67874455451965.
trail number 2779
[I 2025-07-19 12:28:41,604] Trial 2779 finished with value: 45.415082573890686 and parameters: {'n_estimators': 29, 'max_depth': 6, 'learning_rate': 0.08673804006042989}. Best is trial 321 with value: 41.67874455451965.
trail number 2765
[I 2025-07-19 12:28:45,169] Trial 2765 finished with value: 46.230053305625916 and parameters: {'n_estimators': 1532, 'max_depth': 9, 'learning_rate': 0.01650312190044831}. Best is trial 321 with value: 41.67874455451965.
trail number 2780
[I 2025-07-19 12:28:45,797] Trial 2780 finished with value: 45.41590392589569 and parameters: {'n_estimators': 628, 'max_depth': 6, 'learning_rate': 0.03893649913530532}. Best is trial 321 with value: 41.67874455451965.
trail number 2781
[I 2025-07-19 12:28:47,181] Trial 2781 finished with value: 45.31399607658386 and parameters: {'n_estimators': 595, 'max_depth': 3, 'learning_rate': 0.11171476032878672}. Best is trial 321 with value: 41.67874455451965.
trail number 2776
[I 2025-07-19 12:28:47,761] Trial 2776 finished with value: 44.651251435279846 and parameters: {'n_estimators': 1105, 'max_depth': 6, 'learning_rate': 0.03322319404947741}. Best is trial 321 with value: 41.67874455451965.
trail number 2782
[I 2025-07-19 12:28:49,397] Trial 2782 finished with value: 45.41464924812317 and parameters: {'n_estimators': 1066, 'max_depth': 3, 'learning_rate': 0.15577729650206357}. Best is trial 321 with value: 41.67874455451965.
trail number 2783
[I 2025-07-19 12:28:49,533] Trial 2783 finished with value: 46.23043596744537 and parameters: {'n_estimators': 585, 'max_depth': 9, 'learning_rate': 0.14631882812566385}. Best is trial 321 with value: 41.67874455451965.
trail number 2786
[I 2025-07-19 12:28:51,314] Trial 2786 finished with value: 45.740169286727905 and parameters: {'n_estimators': 528, 'max_depth': 3, 'learning_rate': 0.09460259543004067}. Best is trial 321 with value: 41.67874455451965.
trail number 2787
[I 2025-07-19 12:28:51,586] Trial 2787 finished with value: 42.52415955066681 and parameters: {'n_estimators': 57, 'max_depth': 3, 'learning_rate': 0.1200152388302179}. Best is trial 321 with value: 41.67874455451965.
trail number 2784
[I 2025-07-19 12:28:51,800] Trial 2784 finished with value: 46.4452338218689 and parameters: {'n_estimators': 1398, 'max_depth': 10, 'learning_rate': 0.10882540251073598}. Best is trial 321 with value: 41.67874455451965.
trail number 2789
[I 2025-07-19 12:28:52,107] Trial 2789 finished with value: 42.24273860454559 and parameters: {'n_estimators': 68, 'max_depth': 3, 'learning_rate': 0.11447640214194438}. Best is trial 321 with value: 41.67874455451965.
trail number 2790
[I 2025-07-19 12:28:54,039] Trial 2790 finished with value: 44.02569830417633 and parameters: {'n_estimators': 570, 'max_depth': 3, 'learning_rate': 0.07388892723872464}. Best is trial 321 with value: 41.67874455451965.
trail number 2788
[I 2025-07-19 12:28:54,055] Trial 2788 finished with value: 44.51268434524536 and parameters: {'n_estimators': 685, 'max_depth': 3, 'learning_rate': 0.07151106993154205}. Best is trial 321 with value: 41.67874455451965.
trail number 2785
[I 2025-07-19 12:28:54,244] Trial 2785 finished with value: 45.37832319736481 and parameters: {'n_estimators': 1930, 'max_depth': 7, 'learning_rate': 0.1142758970781807}. Best is trial 321 with value: 41.67874455451965.
trail number 2778
[I 2025-07-19 12:28:54,380] Trial 2778 finished with value: 46.55653774738312 and parameters: {'n_estimators': 1197, 'max_depth': 10, 'learning_rate': 0.02097138412882866}. Best is trial 321 with value: 41.67874455451965.
trail number 2793
[I 2025-07-19 12:28:54,556] Trial 2793 finished with value: 45.44852077960968 and parameters: {'n_estimators': 27, 'max_depth': 6, 'learning_rate': 0.1203860410851358}. Best is trial 321 with value: 41.67874455451965.
trail number 2795
[I 2025-07-19 12:28:55,213] Trial 2795 finished with value: 45.032837986946106 and parameters: {'n_estimators': 79, 'max_depth': 6, 'learning_rate': 0.049531639660387816}. Best is trial 321 with value: 41.67874455451965.
trail number 2791
[I 2025-07-19 12:28:56,552] Trial 2791 finished with value: 44.57544803619385 and parameters: {'n_estimators': 653, 'max_depth': 3, 'learning_rate': 0.08361019541295416}. Best is trial 321 with value: 41.67874455451965.
trail number 2796
[I 2025-07-19 12:28:58,386] Trial 2796 finished with value: 44.81827259063721 and parameters: {'n_estimators': 463, 'max_depth': 6, 'learning_rate': 0.01142819060505602}. Best is trial 321 with value: 41.67874455451965.
trail number 2792
[I 2025-07-19 12:28:59,057] Trial 2792 finished with value: 45.6456458568573 and parameters: {'n_estimators': 3063, 'max_depth': 11, 'learning_rate': 0.21291933807684854}. Best is trial 321 with value: 41.67874455451965.
trail number 2798
[I 2025-07-19 12:28:59,194] Trial 2798 finished with value: 46.73892259597778 and parameters: {'n_estimators': 53, 'max_depth': 10, 'learning_rate': 0.049926148807474334}. Best is trial 321 with value: 41.67874455451965.
trail number 2800
[I 2025-07-19 12:28:59,537] Trial 2800 finished with value: 45.0386768579483 and parameters: {'n_estimators': 37, 'max_depth': 6, 'learning_rate': 0.07353313709094494}. Best is trial 321 with value: 41.67874455451965.
trail number 2794
[I 2025-07-19 12:28:59,764] Trial 2794 finished with value: 45.11405050754547 and parameters: {'n_estimators': 737, 'max_depth': 6, 'learning_rate': 0.010944533966773475}. Best is trial 321 with value: 41.67874455451965.
trail number 2802
[I 2025-07-19 12:28:59,944] Trial 2802 finished with value: 43.44811260700226 and parameters: {'n_estimators': 33, 'max_depth': 3, 'learning_rate': 0.09123897415269211}. Best is trial 321 with value: 41.67874455451965.
trail number 2797
[I 2025-07-19 12:29:00,774] Trial 2797 finished with value: 42.69736707210541 and parameters: {'n_estimators': 566, 'max_depth': 6, 'learning_rate': 0.08497711233719354}. Best is trial 321 with value: 41.67874455451965.
trail number 2804
[I 2025-07-19 12:29:00,921] Trial 2804 finished with value: 56.50879621505737 and parameters: {'n_estimators': 25, 'max_depth': 3, 'learning_rate': 0.013125349167746506}. Best is trial 321 with value: 41.67874455451965.
trail number 2799
[I 2025-07-19 12:29:04,862] Trial 2799 finished with value: 47.26253688335419 and parameters: {'n_estimators': 3738, 'max_depth': 27, 'learning_rate': 0.2945217889720794}. Best is trial 321 with value: 41.67874455451965.
trail number 2805
[I 2025-07-19 12:29:06,008] Trial 2805 finished with value: 44.878345131874084 and parameters: {'n_estimators': 1074, 'max_depth': 6, 'learning_rate': 0.06949855976459071}. Best is trial 321 with value: 41.67874455451965.
trail number 2807
[I 2025-07-19 12:29:06,446] Trial 2807 finished with value: 44.41106081008911 and parameters: {'n_estimators': 52, 'max_depth': 6, 'learning_rate': 0.17364385996299617}. Best is trial 321 with value: 41.67874455451965.
trail number 2808
[I 2025-07-19 12:29:06,945] Trial 2808 finished with value: 45.15666723251343 and parameters: {'n_estimators': 59, 'max_depth': 6, 'learning_rate': 0.05040153720595286}. Best is trial 321 with value: 41.67874455451965.
trail number 2801
[I 2025-07-19 12:29:07,688] Trial 2801 finished with value: 45.09926617145538 and parameters: {'n_estimators': 1144, 'max_depth': 6, 'learning_rate': 0.040641624955770304}. Best is trial 321 with value: 41.67874455451965.
trail number 2810
[I 2025-07-19 12:29:09,227] Trial 2810 finished with value: 43.77072215080261 and parameters: {'n_estimators': 481, 'max_depth': 3, 'learning_rate': 0.03965206906791041}. Best is trial 321 with value: 41.67874455451965.
trail number 2811
[I 2025-07-19 12:29:09,636] Trial 2811 finished with value: 44.32496428489685 and parameters: {'n_estimators': 49, 'max_depth': 6, 'learning_rate': 0.12729705653454365}. Best is trial 321 with value: 41.67874455451965.
trail number 2803
[I 2025-07-19 12:29:09,987] Trial 2803 finished with value: 45.87098181247711 and parameters: {'n_estimators': 1192, 'max_depth': 7, 'learning_rate': 0.01023287136194932}. Best is trial 321 with value: 41.67874455451965.
trail number 2806
[I 2025-07-19 12:29:10,469] Trial 2806 finished with value: 43.23709845542908 and parameters: {'n_estimators': 1616, 'max_depth': 3, 'learning_rate': 0.01051794059235008}. Best is trial 321 with value: 41.67874455451965.
trail number 2809
[I 2025-07-19 12:29:11,294] Trial 2809 finished with value: 45.32852292060852 and parameters: {'n_estimators': 630, 'max_depth': 6, 'learning_rate': 0.0662903405351632}. Best is trial 321 with value: 41.67874455451965.
trail number 2814
[I 2025-07-19 12:29:12,303] Trial 2814 finished with value: 45.44507145881653 and parameters: {'n_estimators': 554, 'max_depth': 3, 'learning_rate': 0.07347312418650365}. Best is trial 321 with value: 41.67874455451965.
trail number 2813
[I 2025-07-19 12:29:13,592] Trial 2813 finished with value: 44.760557413101196 and parameters: {'n_estimators': 525, 'max_depth': 6, 'learning_rate': 0.04383044078621845}. Best is trial 321 with value: 41.67874455451965.
trail number 2812
[I 2025-07-19 12:29:14,966] Trial 2812 finished with value: 44.835864901542664 and parameters: {'n_estimators': 760, 'max_depth': 6, 'learning_rate': 0.05780797100320099}. Best is trial 321 with value: 41.67874455451965.
trail number 2817
[I 2025-07-19 12:29:15,465] Trial 2817 finished with value: 43.540858030319214 and parameters: {'n_estimators': 548, 'max_depth': 3, 'learning_rate': 0.0340658328877934}. Best is trial 321 with value: 41.67874455451965.
trail number 2815
[I 2025-07-19 12:29:16,313] Trial 2815 finished with value: 46.73788070678711 and parameters: {'n_estimators': 3031, 'max_depth': 21, 'learning_rate': 0.24572468529854563}. Best is trial 321 with value: 41.67874455451965.
trail number 2819
[I 2025-07-19 12:29:16,782] Trial 2819 finished with value: 42.40529775619507 and parameters: {'n_estimators': 373, 'max_depth': 3, 'learning_rate': 0.011683401990016053}. Best is trial 321 with value: 41.67874455451965.
trail number 2818
[I 2025-07-19 12:29:18,483] Trial 2818 finished with value: 46.53892993927002 and parameters: {'n_estimators': 690, 'max_depth': 9, 'learning_rate': 0.0933241867259397}. Best is trial 321 with value: 41.67874455451965.
trail number 2820
[I 2025-07-19 12:29:19,366] Trial 2820 finished with value: 42.25021958351135 and parameters: {'n_estimators': 905, 'max_depth': 3, 'learning_rate': 0.011431827688006588}. Best is trial 321 with value: 41.67874455451965.
trail number 2822
[I 2025-07-19 12:29:20,071] Trial 2822 finished with value: 44.214725494384766 and parameters: {'n_estimators': 454, 'max_depth': 3, 'learning_rate': 0.06739949228914595}. Best is trial 321 with value: 41.67874455451965.
trail number 2821
[I 2025-07-19 12:29:20,609] Trial 2821 finished with value: 43.9022296667099 and parameters: {'n_estimators': 1136, 'max_depth': 3, 'learning_rate': 0.024521003409015037}. Best is trial 321 with value: 41.67874455451965.
trail number 2825
[I 2025-07-19 12:29:20,949] Trial 2825 finished with value: 49.26750957965851 and parameters: {'n_estimators': 31, 'max_depth': 7, 'learning_rate': 0.04269840607383809}. Best is trial 321 with value: 41.67874455451965.
trail number 2826
[I 2025-07-19 12:29:21,138] Trial 2826 finished with value: 52.026620507240295 and parameters: {'n_estimators': 11, 'max_depth': 9, 'learning_rate': 0.07963888786762939}. Best is trial 321 with value: 41.67874455451965.
trail number 2824
[I 2025-07-19 12:29:21,941] Trial 2824 finished with value: 43.2640677690506 and parameters: {'n_estimators': 460, 'max_depth': 3, 'learning_rate': 0.03606722210754104}. Best is trial 321 with value: 41.67874455451965.
trail number 2828
[I 2025-07-19 12:29:22,060] Trial 2828 finished with value: 51.00384473800659 and parameters: {'n_estimators': 16, 'max_depth': 3, 'learning_rate': 0.04597142601254314}. Best is trial 321 with value: 41.67874455451965.
trail number 2829
[I 2025-07-19 12:29:22,380] Trial 2829 finished with value: 44.741694927215576 and parameters: {'n_estimators': 32, 'max_depth': 6, 'learning_rate': 0.11215392465772943}. Best is trial 321 with value: 41.67874455451965.
trail number 2823
[I 2025-07-19 12:29:22,837] Trial 2823 finished with value: 44.82801854610443 and parameters: {'n_estimators': 788, 'max_depth': 6, 'learning_rate': 0.13601969083364027}. Best is trial 321 with value: 41.67874455451965.
trail number 2831
[I 2025-07-19 12:29:22,995] Trial 2831 finished with value: 51.24798893928528 and parameters: {'n_estimators': 16, 'max_depth': 5, 'learning_rate': 0.050463223197875634}. Best is trial 321 with value: 41.67874455451965.
trail number 2827
[I 2025-07-19 12:29:25,716] Trial 2827 finished with value: 42.704944014549255 and parameters: {'n_estimators': 1259, 'max_depth': 3, 'learning_rate': 0.010929905786102529}. Best is trial 321 with value: 41.67874455451965.
trail number 2830
[I 2025-07-19 12:29:25,809] Trial 2830 finished with value: 44.55457091331482 and parameters: {'n_estimators': 473, 'max_depth': 6, 'learning_rate': 0.05175748799312934}. Best is trial 321 with value: 41.67874455451965.
trail number 2833
[I 2025-07-19 12:29:26,234] Trial 2833 finished with value: 44.36173439025879 and parameters: {'n_estimators': 56, 'max_depth': 6, 'learning_rate': 0.07674124831652814}. Best is trial 321 with value: 41.67874455451965.
trail number 2832
[I 2025-07-19 12:29:27,118] Trial 2832 finished with value: 45.039860010147095 and parameters: {'n_estimators': 574, 'max_depth': 6, 'learning_rate': 0.011371021715268353}. Best is trial 321 with value: 41.67874455451965.
trail number 2835
[I 2025-07-19 12:29:28,831] Trial 2835 finished with value: 46.10869348049164 and parameters: {'n_estimators': 751, 'max_depth': 3, 'learning_rate': 0.16325073163700282}. Best is trial 321 with value: 41.67874455451965.
trail number 2837
[I 2025-07-19 12:29:29,032] Trial 2837 finished with value: 49.8996102809906 and parameters: {'n_estimators': 18, 'max_depth': 6, 'learning_rate': 0.05608556294086088}. Best is trial 321 with value: 41.67874455451965.
trail number 2834
[I 2025-07-19 12:29:29,492] Trial 2834 finished with value: 44.735578298568726 and parameters: {'n_estimators': 481, 'max_depth': 6, 'learning_rate': 0.014850763994284302}. Best is trial 321 with value: 41.67874455451965.
trail number 2839
[I 2025-07-19 12:29:29,597] Trial 2839 finished with value: 59.506012201309204 and parameters: {'n_estimators': 10, 'max_depth': 3, 'learning_rate': 0.016831230931124975}. Best is trial 321 with value: 41.67874455451965.
trail number 2836
[I 2025-07-19 12:29:32,405] Trial 2836 finished with value: 47.443891167640686 and parameters: {'n_estimators': 2375, 'max_depth': 15, 'learning_rate': 0.1526418581885926}. Best is trial 321 with value: 41.67874455451965.
trail number 2838
[I 2025-07-19 12:29:33,241] Trial 2838 finished with value: 44.75142061710358 and parameters: {'n_estimators': 1182, 'max_depth': 3, 'learning_rate': 0.05573892858728396}. Best is trial 321 with value: 41.67874455451965.
trail number 2842
[I 2025-07-19 12:29:33,403] Trial 2842 finished with value: 50.08540213108063 and parameters: {'n_estimators': 16, 'max_depth': 5, 'learning_rate': 0.05856336765920786}. Best is trial 321 with value: 41.67874455451965.
trail number 2840
[I 2025-07-19 12:29:33,626] Trial 2840 finished with value: 44.779810309410095 and parameters: {'n_estimators': 1091, 'max_depth': 6, 'learning_rate': 0.11403677383576966}. Best is trial 321 with value: 41.67874455451965.
trail number 2844
[I 2025-07-19 12:29:35,798] Trial 2844 finished with value: 45.43685495853424 and parameters: {'n_estimators': 642, 'max_depth': 3, 'learning_rate': 0.10283494261559603}. Best is trial 321 with value: 41.67874455451965.
trail number 2841
[I 2025-07-19 12:29:36,308] Trial 2841 finished with value: 44.51970815658569 and parameters: {'n_estimators': 622, 'max_depth': 6, 'learning_rate': 0.09730982907966838}. Best is trial 321 with value: 41.67874455451965.
trail number 2843
[I 2025-07-19 12:29:36,626] Trial 2843 finished with value: 44.689098596572876 and parameters: {'n_estimators': 461, 'max_depth': 6, 'learning_rate': 0.11141439776042043}. Best is trial 321 with value: 41.67874455451965.
trail number 2847
[I 2025-07-19 12:29:37,800] Trial 2847 finished with value: 42.83973455429077 and parameters: {'n_estimators': 334, 'max_depth': 3, 'learning_rate': 0.04188642390075682}. Best is trial 321 with value: 41.67874455451965.
trail number 2848
[I 2025-07-19 12:29:41,409] Trial 2848 finished with value: 45.71826934814453 and parameters: {'n_estimators': 1105, 'max_depth': 3, 'learning_rate': 0.11495808774558887}. Best is trial 321 with value: 41.67874455451965.
trail number 2849
[I 2025-07-19 12:29:41,765] Trial 2849 finished with value: 42.177640199661255 and parameters: {'n_estimators': 77, 'max_depth': 3, 'learning_rate': 0.06965025700188944}. Best is trial 321 with value: 41.67874455451965.
trail number 2846
[I 2025-07-19 12:29:42,312] Trial 2846 finished with value: 46.896533370018005 and parameters: {'n_estimators': 1004, 'max_depth': 9, 'learning_rate': 0.05286360527676583}. Best is trial 321 with value: 41.67874455451965.
trail number 2845
[I 2025-07-19 12:29:43,721] Trial 2845 finished with value: 46.43995940685272 and parameters: {'n_estimators': 573, 'max_depth': 10, 'learning_rate': 0.01201480935132191}. Best is trial 321 with value: 41.67874455451965.
trail number 2850
[I 2025-07-19 12:29:45,867] Trial 2850 finished with value: 46.06711685657501 and parameters: {'n_estimators': 1195, 'max_depth': 3, 'learning_rate': 0.07680094008809198}. Best is trial 321 with value: 41.67874455451965.
trail number 2816
[I 2025-07-19 12:29:45,884] Trial 2816 finished with value: 46.978744864463806 and parameters: {'n_estimators': 3366, 'max_depth': 23, 'learning_rate': 0.017479254123031474}. Best is trial 321 with value: 41.67874455451965.
trail number 2854
[I 2025-07-19 12:29:46,193] Trial 2854 finished with value: 42.28985905647278 and parameters: {'n_estimators': 60, 'max_depth': 3, 'learning_rate': 0.11740235434142832}. Best is trial 321 with value: 41.67874455451965.
trail number 2855
[I 2025-07-19 12:29:46,688] Trial 2855 finished with value: 41.72293841838837 and parameters: {'n_estimators': 115, 'max_depth': 3, 'learning_rate': 0.06462687802664883}. Best is trial 321 with value: 41.67874455451965.
trail number 2853
[I 2025-07-19 12:29:47,614] Trial 2853 finished with value: 44.31941330432892 and parameters: {'n_estimators': 421, 'max_depth': 3, 'learning_rate': 0.07059583464477456}. Best is trial 321 with value: 41.67874455451965.
trail number 2856
[I 2025-07-19 12:29:48,301] Trial 2856 finished with value: 43.965482115745544 and parameters: {'n_estimators': 433, 'max_depth': 3, 'learning_rate': 0.07795507139826095}. Best is trial 321 with value: 41.67874455451965.
trail number 2852
[I 2025-07-19 12:29:49,193] Trial 2852 finished with value: 45.98333299160004 and parameters: {'n_estimators': 505, 'max_depth': 8, 'learning_rate': 0.011748355761229526}. Best is trial 321 with value: 41.67874455451965.
trail number 2857
[I 2025-07-19 12:29:49,584] Trial 2857 finished with value: 44.68537747859955 and parameters: {'n_estimators': 539, 'max_depth': 3, 'learning_rate': 0.07563375692017543}. Best is trial 321 with value: 41.67874455451965.
trail number 2858
[I 2025-07-19 12:29:50,358] Trial 2858 finished with value: 45.66682517528534 and parameters: {'n_estimators': 565, 'max_depth': 3, 'learning_rate': 0.11957685546218819}. Best is trial 321 with value: 41.67874455451965.
trail number 2861
[I 2025-07-19 12:29:51,963] Trial 2861 finished with value: 44.68347609043121 and parameters: {'n_estimators': 483, 'max_depth': 3, 'learning_rate': 0.0834656971859438}. Best is trial 321 with value: 41.67874455451965.
trail number 2862
