[I 2025-07-19 12:10:05,108] Trial 1294 finished with value: 44.66201186180115 and parameters: {'n_estimators': 1166, 'max_depth': 6, 'learning_rate': 0.0736805841629267}. Best is trial 321 with value: 41.67874455451965.
trail number 1299
[I 2025-07-19 12:10:05,260] Trial 1299 finished with value: 44.68322932720184 and parameters: {'n_estimators': 33, 'max_depth': 3, 'learning_rate': 0.05745385960697878}. Best is trial 321 with value: 41.67874455451965.
trail number 1300
[I 2025-07-19 12:10:05,474] Trial 1300 finished with value: 42.698310017585754 and parameters: {'n_estimators': 49, 'max_depth': 3, 'learning_rate': 0.1154995560274345}. Best is trial 321 with value: 41.67874455451965.
trail number 1298
[I 2025-07-19 12:10:07,689] Trial 1298 finished with value: 44.23307657241821 and parameters: {'n_estimators': 887, 'max_depth': 3, 'learning_rate': 0.05272728776134897}. Best is trial 321 with value: 41.67874455451965.
trail number 1302
[I 2025-07-19 12:10:07,824] Trial 1302 finished with value: 54.09030854701996 and parameters: {'n_estimators': 12, 'max_depth': 6, 'learning_rate': 0.04632464879624678}. Best is trial 321 with value: 41.67874455451965.
trail number 1301
[I 2025-07-19 12:10:07,890] Trial 1301 finished with value: 42.312469482421875 and parameters: {'n_estimators': 731, 'max_depth': 3, 'learning_rate': 0.01258422138393405}. Best is trial 321 with value: 41.67874455451965.
trail number 1297
[I 2025-07-19 12:10:08,017] Trial 1297 finished with value: 45.90368866920471 and parameters: {'n_estimators': 688, 'max_depth': 7, 'learning_rate': 0.09173651302671351}. Best is trial 321 with value: 41.67874455451965.
trail number 1296
[I 2025-07-19 12:10:08,163] Trial 1296 finished with value: 44.44580554962158 and parameters: {'n_estimators': 1122, 'max_depth': 3, 'learning_rate': 0.041079246679961656}. Best is trial 321 with value: 41.67874455451965.
trail number 1306
[I 2025-07-19 12:10:08,271] Trial 1306 finished with value: 45.923267006874084 and parameters: {'n_estimators': 20, 'max_depth': 3, 'learning_rate': 0.0750546327751401}. Best is trial 321 with value: 41.67874455451965.
trail number 1307
[I 2025-07-19 12:10:08,357] Trial 1307 finished with value: 49.16676580905914 and parameters: {'n_estimators': 12, 'max_depth': 3, 'learning_rate': 0.07721490123646105}. Best is trial 321 with value: 41.67874455451965.
trail number 1308
[I 2025-07-19 12:10:08,482] Trial 1308 finished with value: 54.56255495548248 and parameters: {'n_estimators': 12, 'max_depth': 6, 'learning_rate': 0.04377456126421324}. Best is trial 321 with value: 41.67874455451965.
trail number 1303
[I 2025-07-19 12:10:08,876] Trial 1303 finished with value: 43.44205558300018 and parameters: {'n_estimators': 228, 'max_depth': 3, 'learning_rate': 0.011320934171844897}. Best is trial 321 with value: 41.67874455451965.
trail number 1305
[I 2025-07-19 12:10:10,297] Trial 1305 finished with value: 43.37182104587555 and parameters: {'n_estimators': 626, 'max_depth': 3, 'learning_rate': 0.03981336260246794}. Best is trial 321 with value: 41.67874455451965.
trail number 1304
[I 2025-07-19 12:10:11,289] Trial 1304 finished with value: 45.036688446998596 and parameters: {'n_estimators': 959, 'max_depth': 3, 'learning_rate': 0.046863364917503786}. Best is trial 321 with value: 41.67874455451965.
trail number 1310
[I 2025-07-19 12:10:13,340] Trial 1310 finished with value: 46.44249677658081 and parameters: {'n_estimators': 695, 'max_depth': 10, 'learning_rate': 0.06754108803415049}. Best is trial 321 with value: 41.67874455451965.
trail number 1311
[I 2025-07-19 12:10:13,419] Trial 1311 finished with value: 45.044607520103455 and parameters: {'n_estimators': 472, 'max_depth': 6, 'learning_rate': 0.10000480305337199}. Best is trial 321 with value: 41.67874455451965.
trail number 1309
[I 2025-07-19 12:10:13,641] Trial 1309 finished with value: 46.62324845790863 and parameters: {'n_estimators': 2734, 'max_depth': 8, 'learning_rate': 0.11702530651457119}. Best is trial 321 with value: 41.67874455451965.
trail number 1315
[I 2025-07-19 12:10:13,746] Trial 1315 finished with value: 45.62256574630737 and parameters: {'n_estimators': 18, 'max_depth': 3, 'learning_rate': 0.0861003890073759}. Best is trial 321 with value: 41.67874455451965.
trail number 1312
[I 2025-07-19 12:10:14,585] Trial 1312 finished with value: 44.91692900657654 and parameters: {'n_estimators': 773, 'max_depth': 6, 'learning_rate': 0.11881373835690781}. Best is trial 321 with value: 41.67874455451965.
trail number 1314
[I 2025-07-19 12:10:16,914] Trial 1314 finished with value: 44.439629316329956 and parameters: {'n_estimators': 506, 'max_depth': 6, 'learning_rate': 0.049979607988427446}. Best is trial 321 with value: 41.67874455451965.
trail number 1313
[I 2025-07-19 12:10:17,513] Trial 1313 finished with value: 44.88803148269653 and parameters: {'n_estimators': 852, 'max_depth': 6, 'learning_rate': 0.09114348929982383}. Best is trial 321 with value: 41.67874455451965.
trail number 1317
[I 2025-07-19 12:10:18,839] Trial 1317 finished with value: 42.8575873374939 and parameters: {'n_estimators': 1366, 'max_depth': 3, 'learning_rate': 0.01003815747593491}. Best is trial 321 with value: 41.67874455451965.
trail number 1320
[I 2025-07-19 12:10:18,988] Trial 1320 finished with value: 52.61327087879181 and parameters: {'n_estimators': 13, 'max_depth': 7, 'learning_rate': 0.05808686443017287}. Best is trial 321 with value: 41.67874455451965.
trail number 1319
[I 2025-07-19 12:10:20,057] Trial 1319 finished with value: 42.03079164028168 and parameters: {'n_estimators': 752, 'max_depth': 3, 'learning_rate': 0.01007397195548106}. Best is trial 321 with value: 41.67874455451965.
trail number 1322
[I 2025-07-19 12:10:20,440] Trial 1322 finished with value: 42.63392090797424 and parameters: {'n_estimators': 98, 'max_depth': 3, 'learning_rate': 0.03877830972964394}. Best is trial 321 with value: 41.67874455451965.
trail number 1316
[I 2025-07-19 12:10:21,823] Trial 1316 finished with value: 45.83743333816528 and parameters: {'n_estimators': 976, 'max_depth': 7, 'learning_rate': 0.012525268662260506}. Best is trial 321 with value: 41.67874455451965.
trail number 1318
[I 2025-07-19 12:10:26,213] Trial 1318 finished with value: 45.87619364261627 and parameters: {'n_estimators': 1146, 'max_depth': 7, 'learning_rate': 0.01297591999930267}. Best is trial 321 with value: 41.67874455451965.
trail number 1321
[I 2025-07-19 12:10:27,283] Trial 1321 finished with value: 46.570197343826294 and parameters: {'n_estimators': 849, 'max_depth': 8, 'learning_rate': 0.012275727370647742}. Best is trial 321 with value: 41.67874455451965.
trail number 1325
[I 2025-07-19 12:10:28,435] Trial 1325 finished with value: 45.26273012161255 and parameters: {'n_estimators': 313, 'max_depth': 6, 'learning_rate': 0.010439758994618763}. Best is trial 321 with value: 41.67874455451965.
trail number 1326
[I 2025-07-19 12:10:29,073] Trial 1326 finished with value: 45.36207556724548 and parameters: {'n_estimators': 535, 'max_depth': 3, 'learning_rate': 0.09469795737837189}. Best is trial 321 with value: 41.67874455451965.
trail number 1324
[I 2025-07-19 12:10:29,285] Trial 1324 finished with value: 46.42118692398071 and parameters: {'n_estimators': 745, 'max_depth': 8, 'learning_rate': 0.010604909547769839}. Best is trial 321 with value: 41.67874455451965.
trail number 1327
[I 2025-07-19 12:10:31,038] Trial 1327 finished with value: 46.308391094207764 and parameters: {'n_estimators': 776, 'max_depth': 3, 'learning_rate': 0.10922898228502953}. Best is trial 321 with value: 41.67874455451965.
trail number 1330
[I 2025-07-19 12:10:31,230] Trial 1330 finished with value: 46.33921027183533 and parameters: {'n_estimators': 21, 'max_depth': 6, 'learning_rate': 0.09564480312877863}. Best is trial 321 with value: 41.67874455451965.
trail number 1331
[I 2025-07-19 12:10:32,348] Trial 1331 finished with value: 42.92803466320038 and parameters: {'n_estimators': 331, 'max_depth': 3, 'learning_rate': 0.04612532330633315}. Best is trial 321 with value: 41.67874455451965.
trail number 1328
[I 2025-07-19 12:10:32,409] Trial 1328 finished with value: 44.68861103057861 and parameters: {'n_estimators': 594, 'max_depth': 5, 'learning_rate': 0.05090610299792907}. Best is trial 321 with value: 41.67874455451965.
trail number 1332
[I 2025-07-19 12:10:32,537] Trial 1332 finished with value: 49.042125940322876 and parameters: {'n_estimators': 14, 'max_depth': 7, 'learning_rate': 0.09237922412003624}. Best is trial 321 with value: 41.67874455451965.
trail number 1323
[I 2025-07-19 12:10:32,662] Trial 1323 finished with value: 46.23489022254944 and parameters: {'n_estimators': 964, 'max_depth': 10, 'learning_rate': 0.013961785615094308}. Best is trial 321 with value: 41.67874455451965.
trail number 1329
[I 2025-07-19 12:10:33,787] Trial 1329 finished with value: 44.937976002693176 and parameters: {'n_estimators': 637, 'max_depth': 6, 'learning_rate': 0.044282005199309596}. Best is trial 321 with value: 41.67874455451965.
trail number 1336
[I 2025-07-19 12:10:33,866] Trial 1336 finished with value: 55.661471486091614 and parameters: {'n_estimators': 10, 'max_depth': 3, 'learning_rate': 0.03747391139164015}. Best is trial 321 with value: 41.67874455451965.
trail number 1335
[I 2025-07-19 12:10:35,549] Trial 1335 finished with value: 44.475690722465515 and parameters: {'n_estimators': 530, 'max_depth': 6, 'learning_rate': 0.1240740583902688}. Best is trial 321 with value: 41.67874455451965.
trail number 1333
[I 2025-07-19 12:10:35,871] Trial 1333 finished with value: 44.62233901023865 and parameters: {'n_estimators': 495, 'max_depth': 6, 'learning_rate': 0.08334545323571935}. Best is trial 321 with value: 41.67874455451965.
trail number 1337
[I 2025-07-19 12:10:36,164] Trial 1337 finished with value: 45.123470425605774 and parameters: {'n_estimators': 682, 'max_depth': 3, 'learning_rate': 0.06759892355817947}. Best is trial 321 with value: 41.67874455451965.
trail number 1339
[I 2025-07-19 12:10:37,683] Trial 1339 finished with value: 43.706339597702026 and parameters: {'n_estimators': 552, 'max_depth': 3, 'learning_rate': 0.058484839733455835}. Best is trial 321 with value: 41.67874455451965.
trail number 1334
[I 2025-07-19 12:10:38,375] Trial 1334 finished with value: 44.76978003978729 and parameters: {'n_estimators': 957, 'max_depth': 6, 'learning_rate': 0.06169040155366362}. Best is trial 321 with value: 41.67874455451965.
trail number 1338
[I 2025-07-19 12:10:40,339] Trial 1338 finished with value: 45.717586278915405 and parameters: {'n_estimators': 1416, 'max_depth': 3, 'learning_rate': 0.09121891758047704}. Best is trial 321 with value: 41.67874455451965.
trail number 1341
[I 2025-07-19 12:10:40,888] Trial 1341 finished with value: 45.057464838027954 and parameters: {'n_estimators': 477, 'max_depth': 6, 'learning_rate': 0.054602281238484304}. Best is trial 321 with value: 41.67874455451965.
trail number 1342
[I 2025-07-19 12:10:41,836] Trial 1342 finished with value: 44.56800699234009 and parameters: {'n_estimators': 507, 'max_depth': 6, 'learning_rate': 0.04738923576972769}. Best is trial 321 with value: 41.67874455451965.
trail number 1343
[I 2025-07-19 12:10:42,172] Trial 1343 finished with value: 44.426929354667664 and parameters: {'n_estimators': 534, 'max_depth': 3, 'learning_rate': 0.07528113763133093}. Best is trial 321 with value: 41.67874455451965.
trail number 1344
[I 2025-07-19 12:10:42,604] Trial 1344 finished with value: 43.79449248313904 and parameters: {'n_estimators': 496, 'max_depth': 3, 'learning_rate': 0.0599101867884474}. Best is trial 321 with value: 41.67874455451965.
trail number 1347
[I 2025-07-19 12:10:42,764] Trial 1347 finished with value: 47.782360911369324 and parameters: {'n_estimators': 35, 'max_depth': 3, 'learning_rate': 0.03330152282009359}. Best is trial 321 with value: 41.67874455451965.
trail number 1340
[I 2025-07-19 12:10:42,868] Trial 1340 finished with value: 46.589030623435974 and parameters: {'n_estimators': 2574, 'max_depth': 28, 'learning_rate': 0.10545187775882107}. Best is trial 321 with value: 41.67874455451965.
trail number 1345
[I 2025-07-19 12:10:44,016] Trial 1345 finished with value: 44.916465282440186 and parameters: {'n_estimators': 593, 'max_depth': 3, 'learning_rate': 0.11422785033955538}. Best is trial 321 with value: 41.67874455451965.
trail number 1350
[I 2025-07-19 12:10:44,209] Trial 1350 finished with value: 55.76960027217865 and parameters: {'n_estimators': 10, 'max_depth': 12, 'learning_rate': 0.04896196939987036}. Best is trial 321 with value: 41.67874455451965.
trail number 1346
[I 2025-07-19 12:10:45,444] Trial 1346 finished with value: 44.40751791000366 and parameters: {'n_estimators': 944, 'max_depth': 3, 'learning_rate': 0.04292873021514242}. Best is trial 321 with value: 41.67874455451965.
trail number 1352
[I 2025-07-19 12:10:45,629] Trial 1352 finished with value: 43.63632142543793 and parameters: {'n_estimators': 38, 'max_depth': 3, 'learning_rate': 0.06170812533128885}. Best is trial 321 with value: 41.67874455451965.
trail number 1349
[I 2025-07-19 12:10:46,622] Trial 1349 finished with value: 46.22835159301758 and parameters: {'n_estimators': 286, 'max_depth': 10, 'learning_rate': 0.04649551393554938}. Best is trial 321 with value: 41.67874455451965.
trail number 1348
[I 2025-07-19 12:10:46,930] Trial 1348 finished with value: 45.73004066944122 and parameters: {'n_estimators': 483, 'max_depth': 7, 'learning_rate': 0.06738199706693336}. Best is trial 321 with value: 41.67874455451965.
trail number 1355
[I 2025-07-19 12:10:47,717] Trial 1355 finished with value: 44.7528201341629 and parameters: {'n_estimators': 114, 'max_depth': 6, 'learning_rate': 0.14115676949677916}. Best is trial 321 with value: 41.67874455451965.
trail number 1351
[I 2025-07-19 12:10:47,895] Trial 1351 finished with value: 44.482752084732056 and parameters: {'n_estimators': 524, 'max_depth': 6, 'learning_rate': 0.0479432220124351}. Best is trial 321 with value: 41.67874455451965.
trail number 1357
[I 2025-07-19 12:10:49,532] Trial 1357 finished with value: 41.92736625671387 and parameters: {'n_estimators': 517, 'max_depth': 3, 'learning_rate': 0.013361269504991882}. Best is trial 321 with value: 41.67874455451965.
trail number 1353
[I 2025-07-19 12:10:50,171] Trial 1353 finished with value: 46.394118666648865 and parameters: {'n_estimators': 432, 'max_depth': 8, 'learning_rate': 0.01034505522027323}. Best is trial 321 with value: 41.67874455451965.
trail number 1354
[I 2025-07-19 12:10:51,299] Trial 1354 finished with value: 44.949639439582825 and parameters: {'n_estimators': 3113, 'max_depth': 5, 'learning_rate': 0.2987363513393109}. Best is trial 321 with value: 41.67874455451965.
trail number 1359
[I 2025-07-19 12:10:51,508] Trial 1359 finished with value: 42.25618302822113 and parameters: {'n_estimators': 386, 'max_depth': 3, 'learning_rate': 0.013003914866014462}. Best is trial 321 with value: 41.67874455451965.
trail number 1360
[I 2025-07-19 12:10:52,968] Trial 1360 finished with value: 45.04387319087982 and parameters: {'n_estimators': 227, 'max_depth': 6, 'learning_rate': 0.016441673513858127}. Best is trial 321 with value: 41.67874455451965.
trail number 1361
[I 2025-07-19 12:10:53,438] Trial 1361 finished with value: 42.012741565704346 and parameters: {'n_estimators': 576, 'max_depth': 3, 'learning_rate': 0.012377999623170835}. Best is trial 321 with value: 41.67874455451965.
trail number 1356
[I 2025-07-19 12:10:54,249] Trial 1356 finished with value: 43.79608154296875 and parameters: {'n_estimators': 1179, 'max_depth': 5, 'learning_rate': 0.010673958489042594}. Best is trial 321 with value: 41.67874455451965.
trail number 1358
[I 2025-07-19 12:10:54,936] Trial 1358 finished with value: 45.851314663887024 and parameters: {'n_estimators': 627, 'max_depth': 7, 'learning_rate': 0.011375483431920248}. Best is trial 321 with value: 41.67874455451965.
trail number 1365
[I 2025-07-19 12:10:56,772] Trial 1365 finished with value: 41.98905408382416 and parameters: {'n_estimators': 569, 'max_depth': 3, 'learning_rate': 0.013645383888127693}. Best is trial 321 with value: 41.67874455451965.
trail number 1363
[I 2025-07-19 12:10:57,198] Trial 1363 finished with value: 42.314077615737915 and parameters: {'n_estimators': 1132, 'max_depth': 3, 'learning_rate': 0.0103810185442645}. Best is trial 321 with value: 41.67874455451965.
trail number 1364
[I 2025-07-19 12:10:57,515] Trial 1364 finished with value: 43.414400815963745 and parameters: {'n_estimators': 968, 'max_depth': 3, 'learning_rate': 0.018343418912117142}. Best is trial 321 with value: 41.67874455451965.
trail number 1362
[I 2025-07-19 12:10:57,711] Trial 1362 finished with value: 43.57028603553772 and parameters: {'n_estimators': 1077, 'max_depth': 4, 'learning_rate': 0.014485848702685001}. Best is trial 321 with value: 41.67874455451965.
trail number 1368
[I 2025-07-19 12:10:57,838] Trial 1368 finished with value: 49.24548387527466 and parameters: {'n_estimators': 68, 'max_depth': 3, 'learning_rate': 0.013973088343162448}. Best is trial 321 with value: 41.67874455451965.
trail number 1366
[I 2025-07-19 12:10:59,749] Trial 1366 finished with value: 44.92857336997986 and parameters: {'n_estimators': 431, 'max_depth': 6, 'learning_rate': 0.01274036202986382}. Best is trial 321 with value: 41.67874455451965.
trail number 1367
[I 2025-07-19 12:11:01,666] Trial 1367 finished with value: 45.12368679046631 and parameters: {'n_estimators': 1356, 'max_depth': 3, 'learning_rate': 0.05024651724605873}. Best is trial 321 with value: 41.67874455451965.
trail number 1370
[I 2025-07-19 12:11:01,708] Trial 1370 finished with value: 45.03040432929993 and parameters: {'n_estimators': 1220, 'max_depth': 3, 'learning_rate': 0.04837237569692611}. Best is trial 321 with value: 41.67874455451965.
trail number 1371
[I 2025-07-19 12:11:04,439] Trial 1371 finished with value: 45.86330533027649 and parameters: {'n_estimators': 1477, 'max_depth': 3, 'learning_rate': 0.04596527864368429}. Best is trial 321 with value: 41.67874455451965.
trail number 1373
[I 2025-07-19 12:11:05,084] Trial 1373 finished with value: 44.74834740161896 and parameters: {'n_estimators': 495, 'max_depth': 6, 'learning_rate': 0.012479365999085227}. Best is trial 321 with value: 41.67874455451965.
trail number 1369
[I 2025-07-19 12:11:05,282] Trial 1369 finished with value: 46.0223913192749 and parameters: {'n_estimators': 1424, 'max_depth': 7, 'learning_rate': 0.04145730460401245}. Best is trial 321 with value: 41.67874455451965.
trail number 1376
[I 2025-07-19 12:11:06,237] Trial 1376 finished with value: 42.898279428482056 and parameters: {'n_estimators': 290, 'max_depth': 3, 'learning_rate': 0.011863912626199085}. Best is trial 321 with value: 41.67874455451965.
trail number 1374
[I 2025-07-19 12:11:07,299] Trial 1374 finished with value: 44.6352481842041 and parameters: {'n_estimators': 878, 'max_depth': 3, 'learning_rate': 0.04389987762381925}. Best is trial 321 with value: 41.67874455451965.
trail number 1375
[I 2025-07-19 12:11:07,872] Trial 1375 finished with value: 42.39888846874237 and parameters: {'n_estimators': 850, 'max_depth': 3, 'learning_rate': 0.012378535893359972}. Best is trial 321 with value: 41.67874455451965.
trail number 1377
[I 2025-07-19 12:11:08,076] Trial 1377 finished with value: 42.132660150527954 and parameters: {'n_estimators': 533, 'max_depth': 3, 'learning_rate': 0.010037306384755973}. Best is trial 321 with value: 41.67874455451965.
trail number 1372
[I 2025-07-19 12:11:08,642] Trial 1372 finished with value: 44.97371554374695 and parameters: {'n_estimators': 1567, 'max_depth': 6, 'learning_rate': 0.056263628216568384}. Best is trial 321 with value: 41.67874455451965.
trail number 1381
[I 2025-07-19 12:11:08,799] Trial 1381 finished with value: 53.103187680244446 and parameters: {'n_estimators': 16, 'max_depth': 6, 'learning_rate': 0.040862723138413895}. Best is trial 321 with value: 41.67874455451965.
trail number 1379
[I 2025-07-19 12:11:09,117] Trial 1379 finished with value: 48.40862512588501 and parameters: {'n_estimators': 124, 'max_depth': 7, 'learning_rate': 0.012947369040039382}. Best is trial 321 with value: 41.67874455451965.
trail number 1380
[I 2025-07-19 12:11:09,338] Trial 1380 finished with value: 47.871583700180054 and parameters: {'n_estimators': 124, 'max_depth': 7, 'learning_rate': 0.015294578179036723}. Best is trial 321 with value: 41.67874455451965.
trail number 1384
[I 2025-07-19 12:11:09,640] Trial 1384 finished with value: 42.906414270401 and parameters: {'n_estimators': 74, 'max_depth': 3, 'learning_rate': 0.047462877820167074}. Best is trial 321 with value: 41.67874455451965.
trail number 1382
[I 2025-07-19 12:11:10,391] Trial 1382 finished with value: 44.29834306240082 and parameters: {'n_estimators': 421, 'max_depth': 3, 'learning_rate': 0.058804723479192994}. Best is trial 321 with value: 41.67874455451965.
trail number 1378
[I 2025-07-19 12:11:11,057] Trial 1378 finished with value: 42.402475476264954 and parameters: {'n_estimators': 1048, 'max_depth': 3, 'learning_rate': 0.010849899212169091}. Best is trial 321 with value: 41.67874455451965.
trail number 1385
[I 2025-07-19 12:11:12,516] Trial 1385 finished with value: 44.04344379901886 and parameters: {'n_estimators': 435, 'max_depth': 6, 'learning_rate': 0.043477799034979794}. Best is trial 321 with value: 41.67874455451965.
trail number 1388
[I 2025-07-19 12:11:12,649] Trial 1388 finished with value: 56.307533979415894 and parameters: {'n_estimators': 25, 'max_depth': 3, 'learning_rate': 0.013628129448923124}. Best is trial 321 with value: 41.67874455451965.
trail number 1386
[I 2025-07-19 12:11:13,156] Trial 1386 finished with value: 44.138469099998474 and parameters: {'n_estimators': 835, 'max_depth': 3, 'learning_rate': 0.05615812027537859}. Best is trial 321 with value: 41.67874455451965.
trail number 1389
