[I 2025-07-19 11:57:36,445] Trial 279 finished with value: 42.574185729026794 and parameters: {'n_estimators': 628, 'max_depth': 3, 'learning_rate': 0.019091264536006083}. Best is trial 219 with value: 41.94233417510986.
trail number 277
[I 2025-07-19 11:57:36,747] Trial 277 finished with value: 44.32116985321045 and parameters: {'n_estimators': 772, 'max_depth': 3, 'learning_rate': 0.052845855507091026}. Best is trial 219 with value: 41.94233417510986.
trail number 280
[I 2025-07-19 11:57:37,453] Trial 280 finished with value: 44.94089901447296 and parameters: {'n_estimators': 725, 'max_depth': 3, 'learning_rate': 0.05497163522544109}. Best is trial 219 with value: 41.94233417510986.
trail number 282
[I 2025-07-19 11:57:38,081] Trial 282 finished with value: 42.23825454711914 and parameters: {'n_estimators': 389, 'max_depth': 3, 'learning_rate': 0.012004201270857414}. Best is trial 219 with value: 41.94233417510986.
trail number 281
[I 2025-07-19 11:57:39,134] Trial 281 finished with value: 42.41992115974426 and parameters: {'n_estimators': 826, 'max_depth': 3, 'learning_rate': 0.014227500467080937}. Best is trial 219 with value: 41.94233417510986.
trail number 283
[I 2025-07-19 11:57:39,787] Trial 283 finished with value: 42.54426300525665 and parameters: {'n_estimators': 694, 'max_depth': 3, 'learning_rate': 0.017763301993650164}. Best is trial 219 with value: 41.94233417510986.
trail number 286
[I 2025-07-19 11:57:40,394] Trial 286 finished with value: 49.347551465034485 and parameters: {'n_estimators': 61, 'max_depth': 8, 'learning_rate': 0.023790058315754543}. Best is trial 219 with value: 41.94233417510986.
trail number 285
[I 2025-07-19 11:57:40,520] Trial 285 finished with value: 42.32664406299591 and parameters: {'n_estimators': 406, 'max_depth': 3, 'learning_rate': 0.011367515399166628}. Best is trial 219 with value: 41.94233417510986.
trail number 287
[I 2025-07-19 11:57:40,628] Trial 287 finished with value: 46.540842056274414 and parameters: {'n_estimators': 26, 'max_depth': 6, 'learning_rate': 0.06919134957894457}. Best is trial 219 with value: 41.94233417510986.
trail number 289
[I 2025-07-19 11:57:41,953] Trial 289 finished with value: 43.93940269947052 and parameters: {'n_estimators': 395, 'max_depth': 3, 'learning_rate': 0.06967565380324672}. Best is trial 219 with value: 41.94233417510986.
trail number 290
[I 2025-07-19 11:57:42,344] Trial 290 finished with value: 41.877084374427795 and parameters: {'n_estimators': 117, 'max_depth': 3, 'learning_rate': 0.054549635815024256}. Best is trial 290 with value: 41.877084374427795.
trail number 291
[I 2025-07-19 11:57:42,865] Trial 291 finished with value: 43.10513734817505 and parameters: {'n_estimators': 154, 'max_depth': 3, 'learning_rate': 0.080072633500889}. Best is trial 290 with value: 41.877084374427795.
trail number 284
[I 2025-07-19 11:57:42,962] Trial 284 finished with value: 47.65519678592682 and parameters: {'n_estimators': 3371, 'max_depth': 11, 'learning_rate': 0.2824773920340302}. Best is trial 290 with value: 41.877084374427795.
trail number 288
[I 2025-07-19 11:57:43,192] Trial 288 finished with value: 44.63349401950836 and parameters: {'n_estimators': 786, 'max_depth': 3, 'learning_rate': 0.06101355135973775}. Best is trial 290 with value: 41.877084374427795.
trail number 294
[I 2025-07-19 11:57:43,361] Trial 294 finished with value: 50.9416788816452 and parameters: {'n_estimators': 42, 'max_depth': 3, 'learning_rate': 0.01793199877909266}. Best is trial 290 with value: 41.877084374427795.
trail number 278
[I 2025-07-19 11:57:43,449] Trial 278 finished with value: 47.08230435848236 and parameters: {'n_estimators': 4282, 'max_depth': 15, 'learning_rate': 0.08107764035680386}. Best is trial 290 with value: 41.877084374427795.
trail number 296
[I 2025-07-19 11:57:43,880] Trial 296 finished with value: 41.88827157020569 and parameters: {'n_estimators': 117, 'max_depth': 3, 'learning_rate': 0.06078856285846211}. Best is trial 290 with value: 41.877084374427795.
trail number 292
[I 2025-07-19 11:57:45,064] Trial 292 finished with value: 46.0222601890564 and parameters: {'n_estimators': 258, 'max_depth': 7, 'learning_rate': 0.06809217409295948}. Best is trial 290 with value: 41.877084374427795.
trail number 297
[I 2025-07-19 11:57:46,189] Trial 297 finished with value: 46.02453291416168 and parameters: {'n_estimators': 282, 'max_depth': 7, 'learning_rate': 0.07805896348983135}. Best is trial 290 with value: 41.877084374427795.
trail number 299
[I 2025-07-19 11:57:46,939] Trial 299 finished with value: 44.32523846626282 and parameters: {'n_estimators': 91, 'max_depth': 6, 'learning_rate': 0.07611805539052705}. Best is trial 290 with value: 41.877084374427795.
trail number 295
[I 2025-07-19 11:57:48,462] Trial 295 finished with value: 44.516969323158264 and parameters: {'n_estimators': 720, 'max_depth': 6, 'learning_rate': 0.05251187400184301}. Best is trial 290 with value: 41.877084374427795.
trail number 298
[I 2025-07-19 11:57:48,537] Trial 298 finished with value: 45.521661043167114 and parameters: {'n_estimators': 381, 'max_depth': 7, 'learning_rate': 0.07334820426866777}. Best is trial 290 with value: 41.877084374427795.
trail number 293
[I 2025-07-19 11:57:48,904] Trial 293 finished with value: 46.3992714881897 and parameters: {'n_estimators': 745, 'max_depth': 8, 'learning_rate': 0.048725191102176546}. Best is trial 290 with value: 41.877084374427795.
trail number 303
[I 2025-07-19 11:57:49,685] Trial 303 finished with value: 43.19023668766022 and parameters: {'n_estimators': 230, 'max_depth': 3, 'learning_rate': 0.08068886176465581}. Best is trial 290 with value: 41.877084374427795.
trail number 302
[I 2025-07-19 11:57:49,916] Trial 302 finished with value: 44.78629291057587 and parameters: {'n_estimators': 194, 'max_depth': 6, 'learning_rate': 0.0535409536846357}. Best is trial 290 with value: 41.877084374427795.
trail number 301
[I 2025-07-19 11:57:50,116] Trial 301 finished with value: 44.256126284599304 and parameters: {'n_estimators': 481, 'max_depth': 3, 'learning_rate': 0.05933072331645058}. Best is trial 290 with value: 41.877084374427795.
trail number 304
[I 2025-07-19 11:57:52,128] Trial 304 finished with value: 44.762054085731506 and parameters: {'n_estimators': 729, 'max_depth': 3, 'learning_rate': 0.07633003861722604}. Best is trial 290 with value: 41.877084374427795.
trail number 307
[I 2025-07-19 11:57:52,443] Trial 307 finished with value: 41.97377026081085 and parameters: {'n_estimators': 87, 'max_depth': 3, 'learning_rate': 0.05292235074417677}. Best is trial 290 with value: 41.877084374427795.
trail number 308
[I 2025-07-19 11:57:53,685] Trial 308 finished with value: 43.5815703868866 and parameters: {'n_estimators': 382, 'max_depth': 3, 'learning_rate': 0.04926473337529646}. Best is trial 290 with value: 41.877084374427795.
trail number 305
[I 2025-07-19 11:57:54,336] Trial 305 finished with value: 44.26714360713959 and parameters: {'n_estimators': 649, 'max_depth': 6, 'learning_rate': 0.05225944811259728}. Best is trial 290 with value: 41.877084374427795.
trail number 306
[I 2025-07-19 11:57:54,661] Trial 306 finished with value: 45.143534541130066 and parameters: {'n_estimators': 1361, 'max_depth': 3, 'learning_rate': 0.069206446579068}. Best is trial 290 with value: 41.877084374427795.
trail number 310
[I 2025-07-19 11:57:54,761] Trial 310 finished with value: 44.704694747924805 and parameters: {'n_estimators': 63, 'max_depth': 5, 'learning_rate': 0.04129856287997105}. Best is trial 290 with value: 41.877084374427795.
trail number 309
[I 2025-07-19 11:57:54,811] Trial 309 finished with value: 43.5619980096817 and parameters: {'n_estimators': 323, 'max_depth': 3, 'learning_rate': 0.07937028222184737}. Best is trial 290 with value: 41.877084374427795.
trail number 311
[I 2025-07-19 11:57:54,877] Trial 311 finished with value: 43.15860450267792 and parameters: {'n_estimators': 47, 'max_depth': 3, 'learning_rate': 0.060073730130372135}. Best is trial 290 with value: 41.877084374427795.
trail number 313
[I 2025-07-19 11:57:54,995] Trial 313 finished with value: 58.169658184051514 and parameters: {'n_estimators': 19, 'max_depth': 6, 'learning_rate': 0.014303248209512585}. Best is trial 290 with value: 41.877084374427795.
trail number 314
[I 2025-07-19 11:57:55,021] Trial 314 finished with value: 47.8434419631958 and parameters: {'n_estimators': 22, 'max_depth': 4, 'learning_rate': 0.05573297680936328}. Best is trial 290 with value: 41.877084374427795.
trail number 315
[I 2025-07-19 11:57:55,510] Trial 315 finished with value: 42.34151363372803 and parameters: {'n_estimators': 142, 'max_depth': 3, 'learning_rate': 0.07354038182754444}. Best is trial 290 with value: 41.877084374427795.
trail number 316
[I 2025-07-19 11:57:57,951] Trial 316 finished with value: 46.22513949871063 and parameters: {'n_estimators': 345, 'max_depth': 7, 'learning_rate': 0.0150680484346854}. Best is trial 290 with value: 41.877084374427795.
trail number 318
[I 2025-07-19 11:57:58,122] Trial 318 finished with value: 42.74333655834198 and parameters: {'n_estimators': 39, 'max_depth': 3, 'learning_rate': 0.07754450498930388}. Best is trial 290 with value: 41.877084374427795.
trail number 312
[I 2025-07-19 11:57:59,600] Trial 312 finished with value: 46.48827075958252 and parameters: {'n_estimators': 3001, 'max_depth': 24, 'learning_rate': 0.2785046242462985}. Best is trial 290 with value: 41.877084374427795.
trail number 319
[I 2025-07-19 11:57:59,808] Trial 319 finished with value: 42.00131833553314 and parameters: {'n_estimators': 499, 'max_depth': 3, 'learning_rate': 0.012109931565227432}. Best is trial 290 with value: 41.877084374427795.
trail number 321
[I 2025-07-19 11:58:00,285] Trial 321 finished with value: 41.67874455451965 and parameters: {'n_estimators': 140, 'max_depth': 3, 'learning_rate': 0.04637909560808959}. Best is trial 321 with value: 41.67874455451965.
trail number 322
[I 2025-07-19 11:58:00,530] Trial 322 finished with value: 59.616533517837524 and parameters: {'n_estimators': 19, 'max_depth': 9, 'learning_rate': 0.01031433734895694}. Best is trial 321 with value: 41.67874455451965.
trail number 323
[I 2025-07-19 11:58:00,863] Trial 323 finished with value: 42.691189646720886 and parameters: {'n_estimators': 92, 'max_depth': 3, 'learning_rate': 0.047536978026123985}. Best is trial 321 with value: 41.67874455451965.
trail number 320
[I 2025-07-19 11:58:01,078] Trial 320 finished with value: 48.36390972137451 and parameters: {'n_estimators': 167, 'max_depth': 7, 'learning_rate': 0.01015858785897419}. Best is trial 321 with value: 41.67874455451965.
trail number 324
[I 2025-07-19 11:58:01,178] Trial 324 finished with value: 43.279948234558105 and parameters: {'n_estimators': 81, 'max_depth': 3, 'learning_rate': 0.03622669765090685}. Best is trial 321 with value: 41.67874455451965.
trail number 326
[I 2025-07-19 11:58:01,374] Trial 326 finished with value: 56.566150188446045 and parameters: {'n_estimators': 34, 'max_depth': 4, 'learning_rate': 0.01018137612253403}. Best is trial 321 with value: 41.67874455451965.
trail number 300
[I 2025-07-19 11:58:01,886] Trial 300 finished with value: 47.38089442253113 and parameters: {'n_estimators': 1266, 'max_depth': 21, 'learning_rate': 0.030960294144341927}. Best is trial 321 with value: 41.67874455451965.
trail number 328
[I 2025-07-19 11:58:02,089] Trial 328 finished with value: 42.98034906387329 and parameters: {'n_estimators': 45, 'max_depth': 3, 'learning_rate': 0.06056059221854178}. Best is trial 321 with value: 41.67874455451965.
trail number 317
[I 2025-07-19 11:58:02,592] Trial 317 finished with value: 46.60134017467499 and parameters: {'n_estimators': 4893, 'max_depth': 26, 'learning_rate': 0.2849240401892082}. Best is trial 321 with value: 41.67874455451965.
trail number 330
[I 2025-07-19 11:58:03,210] Trial 330 finished with value: 42.679752707481384 and parameters: {'n_estimators': 176, 'max_depth': 3, 'learning_rate': 0.022239406947340595}. Best is trial 321 with value: 41.67874455451965.
trail number 325
[I 2025-07-19 11:58:03,645] Trial 325 finished with value: 44.57644581794739 and parameters: {'n_estimators': 735, 'max_depth': 3, 'learning_rate': 0.06215057796225873}. Best is trial 321 with value: 41.67874455451965.
trail number 327
[I 2025-07-19 11:58:05,402] Trial 327 finished with value: 45.26043176651001 and parameters: {'n_estimators': 1204, 'max_depth': 3, 'learning_rate': 0.060361099163897106}. Best is trial 321 with value: 41.67874455451965.
trail number 329
[I 2025-07-19 11:58:05,726] Trial 329 finished with value: 44.63108003139496 and parameters: {'n_estimators': 833, 'max_depth': 5, 'learning_rate': 0.12654976278922575}. Best is trial 321 with value: 41.67874455451965.
trail number 331
[I 2025-07-19 11:58:06,335] Trial 331 finished with value: 44.85820174217224 and parameters: {'n_estimators': 955, 'max_depth': 3, 'learning_rate': 0.06657323095286667}. Best is trial 321 with value: 41.67874455451965.
trail number 333
[I 2025-07-19 11:58:11,684] Trial 333 finished with value: 46.34005606174469 and parameters: {'n_estimators': 1249, 'max_depth': 7, 'learning_rate': 0.04997205274029471}. Best is trial 321 with value: 41.67874455451965.
trail number 332
[I 2025-07-19 11:58:14,974] Trial 332 finished with value: 46.595333218574524 and parameters: {'n_estimators': 1075, 'max_depth': 9, 'learning_rate': 0.022745753071848025}. Best is trial 321 with value: 41.67874455451965.
trail number 334
[I 2025-07-19 11:58:16,992] Trial 334 finished with value: 46.67660355567932 and parameters: {'n_estimators': 2129, 'max_depth': 27, 'learning_rate': 0.043490474397109666}. Best is trial 321 with value: 41.67874455451965.
trail number 336
[I 2025-07-19 11:58:17,387] Trial 336 finished with value: 45.6645405292511 and parameters: {'n_estimators': 729, 'max_depth': 8, 'learning_rate': 0.04718419785894537}. Best is trial 321 with value: 41.67874455451965.
trail number 339
[I 2025-07-19 11:58:17,847] Trial 339 finished with value: 42.105557918548584 and parameters: {'n_estimators': 135, 'max_depth': 3, 'learning_rate': 0.035748634160065296}. Best is trial 321 with value: 41.67874455451965.
trail number 340
[I 2025-07-19 11:58:19,509] Trial 340 finished with value: 47.44675695896149 and parameters: {'n_estimators': 513, 'max_depth': 15, 'learning_rate': 0.29152482947290187}. Best is trial 321 with value: 41.67874455451965.
trail number 338
[I 2025-07-19 11:58:22,086] Trial 338 finished with value: 46.15273714065552 and parameters: {'n_estimators': 803, 'max_depth': 7, 'learning_rate': 0.05970797716314631}. Best is trial 321 with value: 41.67874455451965.
trail number 342
[I 2025-07-19 11:58:22,597] Trial 342 finished with value: 45.9171998500824 and parameters: {'n_estimators': 149, 'max_depth': 3, 'learning_rate': 0.010577483585269937}. Best is trial 321 with value: 41.67874455451965.
trail number 337
[I 2025-07-19 11:58:22,782] Trial 337 finished with value: 46.09545052051544 and parameters: {'n_estimators': 965, 'max_depth': 7, 'learning_rate': 0.01012141883645112}. Best is trial 321 with value: 41.67874455451965.
trail number 344
[I 2025-07-19 11:58:23,468] Trial 344 finished with value: 46.75763010978699 and parameters: {'n_estimators': 65, 'max_depth': 8, 'learning_rate': 0.05622100151583359}. Best is trial 321 with value: 41.67874455451965.
trail number 345
[I 2025-07-19 11:58:24,767] Trial 345 finished with value: 42.061864733695984 and parameters: {'n_estimators': 404, 'max_depth': 3, 'learning_rate': 0.016379028605236018}. Best is trial 321 with value: 41.67874455451965.
trail number 341
[I 2025-07-19 11:58:24,893] Trial 341 finished with value: 47.465869188308716 and parameters: {'n_estimators': 3249, 'max_depth': 22, 'learning_rate': 0.20361230341622466}. Best is trial 321 with value: 41.67874455451965.
trail number 343
[I 2025-07-19 11:58:25,288] Trial 343 finished with value: 44.439374804496765 and parameters: {'n_estimators': 813, 'max_depth': 3, 'learning_rate': 0.05116972030753036}. Best is trial 321 with value: 41.67874455451965.
trail number 346
[I 2025-07-19 11:58:26,025] Trial 346 finished with value: 42.32883274555206 and parameters: {'n_estimators': 372, 'max_depth': 3, 'learning_rate': 0.01233504842306952}. Best is trial 321 with value: 41.67874455451965.
trail number 348
[I 2025-07-19 11:58:27,106] Trial 348 finished with value: 42.0817106962204 and parameters: {'n_estimators': 578, 'max_depth': 3, 'learning_rate': 0.015395745742850585}. Best is trial 321 with value: 41.67874455451965.
trail number 347
[I 2025-07-19 11:58:27,137] Trial 347 finished with value: 42.2493851184845 and parameters: {'n_estimators': 698, 'max_depth': 3, 'learning_rate': 0.01559555145539595}. Best is trial 321 with value: 41.67874455451965.
trail number 335
[I 2025-07-19 11:58:27,388] Trial 335 finished with value: 47.36898183822632 and parameters: {'n_estimators': 1413, 'max_depth': 12, 'learning_rate': 0.012097960154213666}. Best is trial 321 with value: 41.67874455451965.
trail number 350
[I 2025-07-19 11:58:29,068] Trial 350 finished with value: 46.772738099098206 and parameters: {'n_estimators': 95, 'max_depth': 19, 'learning_rate': 0.13879935769216992}. Best is trial 321 with value: 41.67874455451965.
trail number 349
[I 2025-07-19 11:58:29,244] Trial 349 finished with value: 44.27781403064728 and parameters: {'n_estimators': 999, 'max_depth': 3, 'learning_rate': 0.03599491757745106}. Best is trial 321 with value: 41.67874455451965.
trail number 353
[I 2025-07-19 11:58:32,474] Trial 353 finished with value: 43.06391894817352 and parameters: {'n_estimators': 1072, 'max_depth': 3, 'learning_rate': 0.016107612978787603}. Best is trial 321 with value: 41.67874455451965.
trail number 351
[I 2025-07-19 11:58:33,026] Trial 351 finished with value: 44.870391488075256 and parameters: {'n_estimators': 885, 'max_depth': 6, 'learning_rate': 0.011545344230921042}. Best is trial 321 with value: 41.67874455451965.
trail number 354
[I 2025-07-19 11:58:35,107] Trial 354 finished with value: 44.69762623310089 and parameters: {'n_estimators': 1895, 'max_depth': 3, 'learning_rate': 0.025812874391545962}. Best is trial 321 with value: 41.67874455451965.
trail number 356
[I 2025-07-19 11:58:36,415] Trial 356 finished with value: 45.082746744155884 and parameters: {'n_estimators': 503, 'max_depth': 6, 'learning_rate': 0.01061162439385751}. Best is trial 321 with value: 41.67874455451965.
trail number 352
[I 2025-07-19 11:58:37,393] Trial 352 finished with value: 46.039748191833496 and parameters: {'n_estimators': 1248, 'max_depth': 7, 'learning_rate': 0.0123236348464283}. Best is trial 321 with value: 41.67874455451965.
trail number 359
[I 2025-07-19 11:58:37,525] Trial 359 finished with value: 46.76601529121399 and parameters: {'n_estimators': 29, 'max_depth': 3, 'learning_rate': 0.04603608660636205}. Best is trial 321 with value: 41.67874455451965.
trail number 358
[I 2025-07-19 11:58:38,855] Trial 358 finished with value: 42.19252169132233 and parameters: {'n_estimators': 764, 'max_depth': 3, 'learning_rate': 0.011733086089412563}. Best is trial 321 with value: 41.67874455451965.
trail number 355
[I 2025-07-19 11:58:39,007] Trial 355 finished with value: 45.47292351722717 and parameters: {'n_estimators': 2045, 'max_depth': 3, 'learning_rate': 0.0368164928452408}. Best is trial 321 with value: 41.67874455451965.
trail number 357
[I 2025-07-19 11:58:40,092] Trial 357 finished with value: 45.82431197166443 and parameters: {'n_estimators': 624, 'max_depth': 7, 'learning_rate': 0.03730435790051239}. Best is trial 321 with value: 41.67874455451965.
trail number 362
[I 2025-07-19 11:58:41,660] Trial 362 finished with value: 44.36265468597412 and parameters: {'n_estimators': 814, 'max_depth': 3, 'learning_rate': 0.04040550686593286}. Best is trial 321 with value: 41.67874455451965.
trail number 364
[I 2025-07-19 11:58:41,784] Trial 364 finished with value: 54.244739413261414 and parameters: {'n_estimators': 28, 'max_depth': 3, 'learning_rate': 0.016867648463787403}. Best is trial 321 with value: 41.67874455451965.
trail number 363
[I 2025-07-19 11:58:42,278] Trial 363 finished with value: 42.078304290771484 and parameters: {'n_estimators': 688, 'max_depth': 3, 'learning_rate': 0.012083909778907774}. Best is trial 321 with value: 41.67874455451965.
trail number 361
[I 2025-07-19 11:58:42,292] Trial 361 finished with value: 47.09877371788025 and parameters: {'n_estimators': 1196, 'max_depth': 28, 'learning_rate': 0.17747300562298324}. Best is trial 321 with value: 41.67874455451965.
trail number 360
[I 2025-07-19 11:58:42,787] Trial 360 finished with value: 45.74725031852722 and parameters: {'n_estimators': 734, 'max_depth': 7, 'learning_rate': 0.055392981016955896}. Best is trial 321 with value: 41.67874455451965.
trail number 366
[I 2025-07-19 11:58:42,952] Trial 366 finished with value: 43.416969776153564 and parameters: {'n_estimators': 192, 'max_depth': 3, 'learning_rate': 0.10184731150185845}. Best is trial 321 with value: 41.67874455451965.
trail number 368
[I 2025-07-19 11:58:43,150] Trial 368 finished with value: 42.09717035293579 and parameters: {'n_estimators': 91, 'max_depth': 3, 'learning_rate': 0.05870556199067209}. Best is trial 321 with value: 41.67874455451965.
trail number 370
[I 2025-07-19 11:58:44,062] Trial 370 finished with value: 45.43579041957855 and parameters: {'n_estimators': 106, 'max_depth': 7, 'learning_rate': 0.05225767345524959}. Best is trial 321 with value: 41.67874455451965.
trail number 371
[I 2025-07-19 11:58:44,265] Trial 371 finished with value: 50.5905544757843 and parameters: {'n_estimators': 17, 'max_depth': 8, 'learning_rate': 0.06740694089264189}. Best is trial 321 with value: 41.67874455451965.
trail number 367
