[I 2025-07-19 12:21:54,872] Trial 2218 finished with value: 45.172383189201355 and parameters: {'n_estimators': 16, 'max_depth': 3, 'learning_rate': 0.10677868026476044}. Best is trial 321 with value: 41.67874455451965.
trail number 2217
[I 2025-07-19 12:21:56,371] Trial 2217 finished with value: 43.634111285209656 and parameters: {'n_estimators': 500, 'max_depth': 3, 'learning_rate': 0.04608150682941457}. Best is trial 321 with value: 41.67874455451965.
trail number 2212
[I 2025-07-19 12:21:57,695] Trial 2212 finished with value: 45.458073019981384 and parameters: {'n_estimators': 1267, 'max_depth': 3, 'learning_rate': 0.06282886198926921}. Best is trial 321 with value: 41.67874455451965.
trail number 2219
[I 2025-07-19 12:21:58,024] Trial 2219 finished with value: 42.28476345539093 and parameters: {'n_estimators': 913, 'max_depth': 3, 'learning_rate': 0.011087765471650152}. Best is trial 321 with value: 41.67874455451965.
trail number 2211
[I 2025-07-19 12:21:59,393] Trial 2211 finished with value: 46.46832883358002 and parameters: {'n_estimators': 737, 'max_depth': 7, 'learning_rate': 0.010662627080683195}. Best is trial 321 with value: 41.67874455451965.
trail number 2222
[I 2025-07-19 12:21:59,930] Trial 2222 finished with value: 44.80529546737671 and parameters: {'n_estimators': 574, 'max_depth': 3, 'learning_rate': 0.08947041209097753}. Best is trial 321 with value: 41.67874455451965.
trail number 2220
[I 2025-07-19 12:22:01,279] Trial 2220 finished with value: 46.686556935310364 and parameters: {'n_estimators': 2537, 'max_depth': 21, 'learning_rate': 0.1890565907899209}. Best is trial 321 with value: 41.67874455451965.
trail number 2225
[I 2025-07-19 12:22:01,456] Trial 2225 finished with value: 50.50470590591431 and parameters: {'n_estimators': 35, 'max_depth': 3, 'learning_rate': 0.02262808141026728}. Best is trial 321 with value: 41.67874455451965.
trail number 2224
[I 2025-07-19 12:22:04,526] Trial 2224 finished with value: 45.8146071434021 and parameters: {'n_estimators': 579, 'max_depth': 7, 'learning_rate': 0.06336792137182569}. Best is trial 321 with value: 41.67874455451965.
trail number 2223
[I 2025-07-19 12:22:04,921] Trial 2223 finished with value: 47.06638216972351 and parameters: {'n_estimators': 673, 'max_depth': 9, 'learning_rate': 0.05067148621290819}. Best is trial 321 with value: 41.67874455451965.
trail number 2227
[I 2025-07-19 12:22:05,016] Trial 2227 finished with value: 45.000832080841064 and parameters: {'n_estimators': 52, 'max_depth': 6, 'learning_rate': 0.07397287693672801}. Best is trial 321 with value: 41.67874455451965.
trail number 2229
[I 2025-07-19 12:22:05,359] Trial 2229 finished with value: 46.226845383644104 and parameters: {'n_estimators': 24, 'max_depth': 9, 'learning_rate': 0.13756392655752359}. Best is trial 321 with value: 41.67874455451965.
trail number 2230
[I 2025-07-19 12:22:05,592] Trial 2230 finished with value: 42.555686831474304 and parameters: {'n_estimators': 49, 'max_depth': 3, 'learning_rate': 0.0781921802856377}. Best is trial 321 with value: 41.67874455451965.
trail number 2226
[I 2025-07-19 12:22:07,332] Trial 2226 finished with value: 44.69734609127045 and parameters: {'n_estimators': 843, 'max_depth': 6, 'learning_rate': 0.04162644868204622}. Best is trial 321 with value: 41.67874455451965.
trail number 2228
[I 2025-07-19 12:22:08,607] Trial 2228 finished with value: 44.48030650615692 and parameters: {'n_estimators': 1064, 'max_depth': 3, 'learning_rate': 0.04024617158652577}. Best is trial 321 with value: 41.67874455451965.
trail number 2231
[I 2025-07-19 12:22:09,613] Trial 2231 finished with value: 45.120218992233276 and parameters: {'n_estimators': 579, 'max_depth': 6, 'learning_rate': 0.010586321314334091}. Best is trial 321 with value: 41.67874455451965.
trail number 2221
[I 2025-07-19 12:22:09,766] Trial 2221 finished with value: 46.26274347305298 and parameters: {'n_estimators': 1060, 'max_depth': 9, 'learning_rate': 0.010058136073643035}. Best is trial 321 with value: 41.67874455451965.
trail number 2232
[I 2025-07-19 12:22:09,918] Trial 2232 finished with value: 41.953251361846924 and parameters: {'n_estimators': 737, 'max_depth': 3, 'learning_rate': 0.010806679008031235}. Best is trial 321 with value: 41.67874455451965.
trail number 2235
[I 2025-07-19 12:22:10,345] Trial 2235 finished with value: 44.731873869895935 and parameters: {'n_estimators': 65, 'max_depth': 6, 'learning_rate': 0.05113840474728308}. Best is trial 321 with value: 41.67874455451965.
trail number 2233
[I 2025-07-19 12:22:10,503] Trial 2233 finished with value: 44.796802401542664 and parameters: {'n_estimators': 512, 'max_depth': 3, 'learning_rate': 0.06706855083096586}. Best is trial 321 with value: 41.67874455451965.
trail number 2234
[I 2025-07-19 12:22:11,512] Trial 2234 finished with value: 42.20549702644348 and parameters: {'n_estimators': 489, 'max_depth': 3, 'learning_rate': 0.010452192149405324}. Best is trial 321 with value: 41.67874455451965.
trail number 2237
[I 2025-07-19 12:22:12,334] Trial 2237 finished with value: 43.21099936962128 and parameters: {'n_estimators': 567, 'max_depth': 3, 'learning_rate': 0.04202797768115592}. Best is trial 321 with value: 41.67874455451965.
trail number 2236
[I 2025-07-19 12:22:13,351] Trial 2236 finished with value: 45.37019491195679 and parameters: {'n_estimators': 616, 'max_depth': 6, 'learning_rate': 0.1085676495160074}. Best is trial 321 with value: 41.67874455451965.
trail number 2241
[I 2025-07-19 12:22:13,684] Trial 2241 finished with value: 49.90752339363098 and parameters: {'n_estimators': 31, 'max_depth': 7, 'learning_rate': 0.038595159570741444}. Best is trial 321 with value: 41.67874455451965.
trail number 2238
[I 2025-07-19 12:22:13,858] Trial 2238 finished with value: 44.67742204666138 and parameters: {'n_estimators': 744, 'max_depth': 6, 'learning_rate': 0.11713955814788267}. Best is trial 321 with value: 41.67874455451965.
trail number 2242
[I 2025-07-19 12:22:13,969] Trial 2242 finished with value: 42.17898905277252 and parameters: {'n_estimators': 55, 'max_depth': 3, 'learning_rate': 0.08732494098705827}. Best is trial 321 with value: 41.67874455451965.
trail number 2243
[I 2025-07-19 12:22:14,189] Trial 2243 finished with value: 46.02842330932617 and parameters: {'n_estimators': 32, 'max_depth': 6, 'learning_rate': 0.06271558304230462}. Best is trial 321 with value: 41.67874455451965.
trail number 2240
[I 2025-07-19 12:22:15,776] Trial 2240 finished with value: 45.161839723587036 and parameters: {'n_estimators': 975, 'max_depth': 3, 'learning_rate': 0.07226075827489532}. Best is trial 321 with value: 41.67874455451965.
trail number 2244
[I 2025-07-19 12:22:16,600] Trial 2244 finished with value: 45.8080929517746 and parameters: {'n_estimators': 758, 'max_depth': 3, 'learning_rate': 0.11617060769624137}. Best is trial 321 with value: 41.67874455451965.
trail number 2245
[I 2025-07-19 12:22:16,926] Trial 2245 finished with value: 45.670453906059265 and parameters: {'n_estimators': 1057, 'max_depth': 7, 'learning_rate': 0.16207948300067637}. Best is trial 321 with value: 41.67874455451965.
trail number 2239
[I 2025-07-19 12:22:17,809] Trial 2239 finished with value: 45.58489263057709 and parameters: {'n_estimators': 2148, 'max_depth': 3, 'learning_rate': 0.18090862331255597}. Best is trial 321 with value: 41.67874455451965.
trail number 2247
[I 2025-07-19 12:22:18,442] Trial 2247 finished with value: 44.514222741127014 and parameters: {'n_estimators': 513, 'max_depth': 3, 'learning_rate': 0.06810631749259502}. Best is trial 321 with value: 41.67874455451965.
trail number 2250
[I 2025-07-19 12:22:18,627] Trial 2250 finished with value: 46.84315741062164 and parameters: {'n_estimators': 15, 'max_depth': 7, 'learning_rate': 0.12418370229087192}. Best is trial 321 with value: 41.67874455451965.
trail number 2251
[I 2025-07-19 12:22:18,834] Trial 2251 finished with value: 42.622507214546204 and parameters: {'n_estimators': 42, 'max_depth': 3, 'learning_rate': 0.08480038336132852}. Best is trial 321 with value: 41.67874455451965.
trail number 2252
[I 2025-07-19 12:22:19,251] Trial 2252 finished with value: 42.80953884124756 and parameters: {'n_estimators': 95, 'max_depth': 3, 'learning_rate': 0.03564372292494303}. Best is trial 321 with value: 41.67874455451965.
trail number 2253
[I 2025-07-19 12:22:19,405] Trial 2253 finished with value: 45.38591265678406 and parameters: {'n_estimators': 27, 'max_depth': 3, 'learning_rate': 0.061193480426209985}. Best is trial 321 with value: 41.67874455451965.
trail number 2248
[I 2025-07-19 12:22:19,832] Trial 2248 finished with value: 44.876853227615356 and parameters: {'n_estimators': 454, 'max_depth': 6, 'learning_rate': 0.13858994560768806}. Best is trial 321 with value: 41.67874455451965.
trail number 2249
[I 2025-07-19 12:22:22,946] Trial 2249 finished with value: 44.94046628475189 and parameters: {'n_estimators': 707, 'max_depth': 6, 'learning_rate': 0.05851662039323205}. Best is trial 321 with value: 41.67874455451965.
trail number 2256
[I 2025-07-19 12:22:23,074] Trial 2256 finished with value: 55.316157937049866 and parameters: {'n_estimators': 21, 'max_depth': 3, 'learning_rate': 0.019121368777073842}. Best is trial 321 with value: 41.67874455451965.
trail number 2246
[I 2025-07-19 12:22:24,333] Trial 2246 finished with value: 46.416367292404175 and parameters: {'n_estimators': 4998, 'max_depth': 10, 'learning_rate': 0.110363809537086}. Best is trial 321 with value: 41.67874455451965.
trail number 2258
[I 2025-07-19 12:22:24,459] Trial 2258 finished with value: 46.59242630004883 and parameters: {'n_estimators': 21, 'max_depth': 3, 'learning_rate': 0.06605960962120652}. Best is trial 321 with value: 41.67874455451965.
trail number 2254
[I 2025-07-19 12:22:25,177] Trial 2254 finished with value: 44.868197441101074 and parameters: {'n_estimators': 824, 'max_depth': 6, 'learning_rate': 0.049965185879793345}. Best is trial 321 with value: 41.67874455451965.
trail number 2255
[I 2025-07-19 12:22:26,411] Trial 2255 finished with value: 45.52427113056183 and parameters: {'n_estimators': 1949, 'max_depth': 3, 'learning_rate': 0.045590399201987986}. Best is trial 321 with value: 41.67874455451965.
trail number 2257
[I 2025-07-19 12:22:26,846] Trial 2257 finished with value: 45.09283900260925 and parameters: {'n_estimators': 1082, 'max_depth': 3, 'learning_rate': 0.04834744900349815}. Best is trial 321 with value: 41.67874455451965.
trail number 2259
[I 2025-07-19 12:22:27,275] Trial 2259 finished with value: 43.8418835401535 and parameters: {'n_estimators': 810, 'max_depth': 3, 'learning_rate': 0.03800386159479388}. Best is trial 321 with value: 41.67874455451965.
trail number 2263
[I 2025-07-19 12:22:27,436] Trial 2263 finished with value: 44.6481591463089 and parameters: {'n_estimators': 29, 'max_depth': 3, 'learning_rate': 0.06466383074316186}. Best is trial 321 with value: 41.67874455451965.
trail number 2262
[I 2025-07-19 12:22:29,381] Trial 2262 finished with value: 45.1287716627121 and parameters: {'n_estimators': 742, 'max_depth': 3, 'learning_rate': 0.07351928151623605}. Best is trial 321 with value: 41.67874455451965.
trail number 2261
[I 2025-07-19 12:22:30,265] Trial 2261 finished with value: 46.14592373371124 and parameters: {'n_estimators': 697, 'max_depth': 10, 'learning_rate': 0.08341835708764864}. Best is trial 321 with value: 41.67874455451965.
trail number 2260
[I 2025-07-19 12:22:30,878] Trial 2260 finished with value: 44.84462380409241 and parameters: {'n_estimators': 1680, 'max_depth': 3, 'learning_rate': 0.04405243334986829}. Best is trial 321 with value: 41.67874455451965.
trail number 2265
[I 2025-07-19 12:22:31,553] Trial 2265 finished with value: 42.09285795688629 and parameters: {'n_estimators': 637, 'max_depth': 3, 'learning_rate': 0.011345896487791643}. Best is trial 321 with value: 41.67874455451965.
trail number 2264
[I 2025-07-19 12:22:33,583] Trial 2264 finished with value: 45.85969924926758 and parameters: {'n_estimators': 1869, 'max_depth': 3, 'learning_rate': 0.1250886962824993}. Best is trial 321 with value: 41.67874455451965.
trail number 2268
[I 2025-07-19 12:22:34,421] Trial 2268 finished with value: 44.593523144721985 and parameters: {'n_estimators': 594, 'max_depth': 6, 'learning_rate': 0.12282127927200609}. Best is trial 321 with value: 41.67874455451965.
trail number 2269
[I 2025-07-19 12:22:35,611] Trial 2269 finished with value: 45.32351911067963 and parameters: {'n_estimators': 613, 'max_depth': 3, 'learning_rate': 0.1513110358759997}. Best is trial 321 with value: 41.67874455451965.
trail number 2267
[I 2025-07-19 12:22:36,291] Trial 2267 finished with value: 46.84163510799408 and parameters: {'n_estimators': 754, 'max_depth': 9, 'learning_rate': 0.05189905731054495}. Best is trial 321 with value: 41.67874455451965.
trail number 2272
[I 2025-07-19 12:22:36,615] Trial 2272 finished with value: 48.493226170539856 and parameters: {'n_estimators': 21, 'max_depth': 10, 'learning_rate': 0.08172934103182014}. Best is trial 321 with value: 41.67874455451965.
trail number 2270
[I 2025-07-19 12:22:38,108] Trial 2270 finished with value: 45.14719307422638 and parameters: {'n_estimators': 588, 'max_depth': 6, 'learning_rate': 0.09403832140080078}. Best is trial 321 with value: 41.67874455451965.
trail number 2266
[I 2025-07-19 12:22:38,472] Trial 2266 finished with value: 44.56747531890869 and parameters: {'n_estimators': 1214, 'max_depth': 6, 'learning_rate': 0.030520140085635413}. Best is trial 321 with value: 41.67874455451965.
trail number 2275
[I 2025-07-19 12:22:38,759] Trial 2275 finished with value: 47.886947989463806 and parameters: {'n_estimators': 32, 'max_depth': 6, 'learning_rate': 0.04290523245294816}. Best is trial 321 with value: 41.67874455451965.
trail number 2274
[I 2025-07-19 12:22:40,041] Trial 2274 finished with value: 45.28077840805054 and parameters: {'n_estimators': 560, 'max_depth': 3, 'learning_rate': 0.12850378708999843}. Best is trial 321 with value: 41.67874455451965.
trail number 2271
[I 2025-07-19 12:22:40,487] Trial 2271 finished with value: 43.040945529937744 and parameters: {'n_estimators': 1437, 'max_depth': 3, 'learning_rate': 0.011422657429004716}. Best is trial 321 with value: 41.67874455451965.
trail number 2276
[I 2025-07-19 12:22:42,147] Trial 2276 finished with value: 46.0235720872879 and parameters: {'n_estimators': 1049, 'max_depth': 3, 'learning_rate': 0.11070225281991973}. Best is trial 321 with value: 41.67874455451965.
trail number 2277
[I 2025-07-19 12:22:43,164] Trial 2277 finished with value: 46.5207439661026 and parameters: {'n_estimators': 697, 'max_depth': 17, 'learning_rate': 0.15415236192255918}. Best is trial 321 with value: 41.67874455451965.
trail number 2279
[I 2025-07-19 12:22:43,589] Trial 2279 finished with value: 46.31571710109711 and parameters: {'n_estimators': 111, 'max_depth': 25, 'learning_rate': 0.28877869050256383}. Best is trial 321 with value: 41.67874455451965.
trail number 2273
[I 2025-07-19 12:22:44,245] Trial 2273 finished with value: 44.61491882801056 and parameters: {'n_estimators': 1124, 'max_depth': 6, 'learning_rate': 0.03545678171214796}. Best is trial 321 with value: 41.67874455451965.
trail number 2278
[I 2025-07-19 12:22:44,406] Trial 2278 finished with value: 44.8420512676239 and parameters: {'n_estimators': 570, 'max_depth': 6, 'learning_rate': 0.03858466576533453}. Best is trial 321 with value: 41.67874455451965.
trail number 2282
[I 2025-07-19 12:22:45,439] Trial 2282 finished with value: 42.73321509361267 and parameters: {'n_estimators': 344, 'max_depth': 3, 'learning_rate': 0.010529751489997852}. Best is trial 321 with value: 41.67874455451965.
trail number 2280
[I 2025-07-19 12:22:46,838] Trial 2280 finished with value: 46.14876687526703 and parameters: {'n_estimators': 458, 'max_depth': 7, 'learning_rate': 0.08203194473330777}. Best is trial 321 with value: 41.67874455451965.
trail number 2283
[I 2025-07-19 12:22:48,025] Trial 2283 finished with value: 44.693655371665955 and parameters: {'n_estimators': 664, 'max_depth': 6, 'learning_rate': 0.09669798793778486}. Best is trial 321 with value: 41.67874455451965.
trail number 2284
[I 2025-07-19 12:22:48,302] Trial 2284 finished with value: 44.97947573661804 and parameters: {'n_estimators': 417, 'max_depth': 6, 'learning_rate': 0.07804108381231145}. Best is trial 321 with value: 41.67874455451965.
trail number 2281
[I 2025-07-19 12:22:49,931] Trial 2281 finished with value: 44.790873527526855 and parameters: {'n_estimators': 939, 'max_depth': 6, 'learning_rate': 0.047110950958293894}. Best is trial 321 with value: 41.67874455451965.
trail number 2285
[I 2025-07-19 12:22:50,814] Trial 2285 finished with value: 45.705971121788025 and parameters: {'n_estimators': 642, 'max_depth': 7, 'learning_rate': 0.07998856528517599}. Best is trial 321 with value: 41.67874455451965.
trail number 2289
[I 2025-07-19 12:22:51,007] Trial 2289 finished with value: 44.50079560279846 and parameters: {'n_estimators': 40, 'max_depth': 3, 'learning_rate': 0.04881923997356729}. Best is trial 321 with value: 41.67874455451965.
trail number 2286
[I 2025-07-19 12:22:51,492] Trial 2286 finished with value: 44.74891185760498 and parameters: {'n_estimators': 490, 'max_depth': 6, 'learning_rate': 0.04393094844617582}. Best is trial 321 with value: 41.67874455451965.
trail number 2288
[I 2025-07-19 12:22:51,848] Trial 2288 finished with value: 45.909637212753296 and parameters: {'n_estimators': 523, 'max_depth': 3, 'learning_rate': 0.10209730920955426}. Best is trial 321 with value: 41.67874455451965.
trail number 2287
[I 2025-07-19 12:22:52,720] Trial 2287 finished with value: 44.552146792411804 and parameters: {'n_estimators': 633, 'max_depth': 6, 'learning_rate': 0.045167947024736185}. Best is trial 321 with value: 41.67874455451965.
trail number 2291
[I 2025-07-19 12:22:53,320] Trial 2291 finished with value: 43.54644060134888 and parameters: {'n_estimators': 537, 'max_depth': 3, 'learning_rate': 0.035674500608151694}. Best is trial 321 with value: 41.67874455451965.
trail number 2292
[I 2025-07-19 12:22:53,984] Trial 2292 finished with value: 45.494882464408875 and parameters: {'n_estimators': 294, 'max_depth': 6, 'learning_rate': 0.01102251991947981}. Best is trial 321 with value: 41.67874455451965.
trail number 2295
[I 2025-07-19 12:22:54,331] Trial 2295 finished with value: 45.69076895713806 and parameters: {'n_estimators': 40, 'max_depth': 6, 'learning_rate': 0.06586307902543037}. Best is trial 321 with value: 41.67874455451965.
trail number 2290
[I 2025-07-19 12:22:54,631] Trial 2290 finished with value: 44.34672951698303 and parameters: {'n_estimators': 487, 'max_depth': 6, 'learning_rate': 0.03490583669965527}. Best is trial 321 with value: 41.67874455451965.
trail number 2294
[I 2025-07-19 12:22:56,026] Trial 2294 finished with value: 44.788761138916016 and parameters: {'n_estimators': 761, 'max_depth': 3, 'learning_rate': 0.0736442237120517}. Best is trial 321 with value: 41.67874455451965.
trail number 2296
[I 2025-07-19 12:22:56,631] Trial 2296 finished with value: 43.539162278175354 and parameters: {'n_estimators': 657, 'max_depth': 3, 'learning_rate': 0.03462173851658791}. Best is trial 321 with value: 41.67874455451965.
trail number 2298
[I 2025-07-19 12:22:57,926] Trial 2298 finished with value: 44.321038126945496 and parameters: {'n_estimators': 553, 'max_depth': 3, 'learning_rate': 0.08733747955423878}. Best is trial 321 with value: 41.67874455451965.
trail number 2300
[I 2025-07-19 12:22:58,026] Trial 2300 finished with value: 54.8442679643631 and parameters: {'n_estimators': 11, 'max_depth': 3, 'learning_rate': 0.03914272732450719}. Best is trial 321 with value: 41.67874455451965.
trail number 2297
[I 2025-07-19 12:22:58,702] Trial 2297 finished with value: 45.44435679912567 and parameters: {'n_estimators': 1169, 'max_depth': 3, 'learning_rate': 0.08701929197555268}. Best is trial 321 with value: 41.67874455451965.
trail number 2299
[I 2025-07-19 12:22:58,994] Trial 2299 finished with value: 45.225157737731934 and parameters: {'n_estimators': 654, 'max_depth': 3, 'learning_rate': 0.06108280772602881}. Best is trial 321 with value: 41.67874455451965.
trail number 2303
[I 2025-07-19 12:22:59,281] Trial 2303 finished with value: 49.783713817596436 and parameters: {'n_estimators': 66, 'max_depth': 3, 'learning_rate': 0.013311593594169953}. Best is trial 321 with value: 41.67874455451965.
trail number 2293
[I 2025-07-19 12:23:00,082] Trial 2293 finished with value: 44.83006954193115 and parameters: {'n_estimators': 1006, 'max_depth': 6, 'learning_rate': 0.013558048531200444}. Best is trial 321 with value: 41.67874455451965.
trail number 2301
[I 2025-07-19 12:23:00,415] Trial 2301 finished with value: 44.75825071334839 and parameters: {'n_estimators': 644, 'max_depth': 3, 'learning_rate': 0.06704881557801227}. Best is trial 321 with value: 41.67874455451965.
trail number 2305
[I 2025-07-19 12:23:00,570] Trial 2305 finished with value: 48.65656554698944 and parameters: {'n_estimators': 44, 'max_depth': 7, 'learning_rate': 0.03389470066064734}. Best is trial 321 with value: 41.67874455451965.
trail number 2306
[I 2025-07-19 12:23:00,732] Trial 2306 finished with value: 45.5082505941391 and parameters: {'n_estimators': 30, 'max_depth': 6, 'learning_rate': 0.10913800812069552}. Best is trial 321 with value: 41.67874455451965.
trail number 2308
[I 2025-07-19 12:23:00,879] Trial 2308 finished with value: 43.287100195884705 and parameters: {'n_estimators': 26, 'max_depth': 3, 'learning_rate': 0.11359688177584654}. Best is trial 321 with value: 41.67874455451965.
trail number 2309
[I 2025-07-19 12:23:01,143] Trial 2309 finished with value: 43.292980790138245 and parameters: {'n_estimators': 56, 'max_depth': 3, 'learning_rate': 0.04765396770148719}. Best is trial 321 with value: 41.67874455451965.
trail number 2302
