[I 2025-07-19 12:05:25,661] Trial 925 finished with value: 46.198883056640625 and parameters: {'n_estimators': 1515, 'max_depth': 7, 'learning_rate': 0.04080697626524373}. Best is trial 321 with value: 41.67874455451965.
trail number 931
[I 2025-07-19 12:05:25,811] Trial 931 finished with value: 43.28135848045349 and parameters: {'n_estimators': 32, 'max_depth': 3, 'learning_rate': 0.07726625970473647}. Best is trial 321 with value: 41.67874455451965.
trail number 930
[I 2025-07-19 12:05:26,357] Trial 930 finished with value: 42.22789287567139 and parameters: {'n_estimators': 720, 'max_depth': 3, 'learning_rate': 0.013278532058998134}. Best is trial 321 with value: 41.67874455451965.
trail number 928
[I 2025-07-19 12:05:26,411] Trial 928 finished with value: 46.68359398841858 and parameters: {'n_estimators': 1782, 'max_depth': 30, 'learning_rate': 0.12997225036629215}. Best is trial 321 with value: 41.67874455451965.
trail number 929
[I 2025-07-19 12:05:27,445] Trial 929 finished with value: 44.733428955078125 and parameters: {'n_estimators': 738, 'max_depth': 6, 'learning_rate': 0.018393193582717227}. Best is trial 321 with value: 41.67874455451965.
trail number 933
[I 2025-07-19 12:05:28,391] Trial 933 finished with value: 42.700528502464294 and parameters: {'n_estimators': 621, 'max_depth': 3, 'learning_rate': 0.020595885502741093}. Best is trial 321 with value: 41.67874455451965.
trail number 935
[I 2025-07-19 12:05:29,289] Trial 935 finished with value: 43.04529130458832 and parameters: {'n_estimators': 570, 'max_depth': 3, 'learning_rate': 0.02670620388560888}. Best is trial 321 with value: 41.67874455451965.
trail number 932
[I 2025-07-19 12:05:29,813] Trial 932 finished with value: 43.98965299129486 and parameters: {'n_estimators': 927, 'max_depth': 4, 'learning_rate': 0.01840005406393396}. Best is trial 321 with value: 41.67874455451965.
trail number 934
[I 2025-07-19 12:05:29,977] Trial 934 finished with value: 42.87225902080536 and parameters: {'n_estimators': 1086, 'max_depth': 3, 'learning_rate': 0.013211400122704888}. Best is trial 321 with value: 41.67874455451965.
trail number 936
[I 2025-07-19 12:05:30,575] Trial 936 finished with value: 42.771151661872864 and parameters: {'n_estimators': 657, 'max_depth': 3, 'learning_rate': 0.022336859396765076}. Best is trial 321 with value: 41.67874455451965.
trail number 937
[I 2025-07-19 12:05:30,648] Trial 937 finished with value: 42.03845918178558 and parameters: {'n_estimators': 387, 'max_depth': 3, 'learning_rate': 0.017352018206264225}. Best is trial 321 with value: 41.67874455451965.
trail number 941
[I 2025-07-19 12:05:31,318] Trial 941 finished with value: 50.47972857952118 and parameters: {'n_estimators': 91, 'max_depth': 6, 'learning_rate': 0.010686627574119853}. Best is trial 321 with value: 41.67874455451965.
trail number 942
[I 2025-07-19 12:05:31,475] Trial 942 finished with value: 52.78770327568054 and parameters: {'n_estimators': 14, 'max_depth': 7, 'learning_rate': 0.052758290190089936}. Best is trial 321 with value: 41.67874455451965.
trail number 939
[I 2025-07-19 12:05:31,909] Trial 939 finished with value: 43.84162485599518 and parameters: {'n_estimators': 568, 'max_depth': 3, 'learning_rate': 0.04963967352049725}. Best is trial 321 with value: 41.67874455451965.
trail number 944
[I 2025-07-19 12:05:32,027] Trial 944 finished with value: 47.702789306640625 and parameters: {'n_estimators': 23, 'max_depth': 3, 'learning_rate': 0.050399819500042395}. Best is trial 321 with value: 41.67874455451965.
trail number 945
[I 2025-07-19 12:05:32,410] Trial 945 finished with value: 42.10980534553528 and parameters: {'n_estimators': 103, 'max_depth': 3, 'learning_rate': 0.05849991281127581}. Best is trial 321 with value: 41.67874455451965.
trail number 940
[I 2025-07-19 12:05:33,144] Trial 940 finished with value: 46.96789026260376 and parameters: {'n_estimators': 425, 'max_depth': 23, 'learning_rate': 0.1868055705691736}. Best is trial 321 with value: 41.67874455451965.
trail number 938
[I 2025-07-19 12:05:35,362] Trial 938 finished with value: 44.686705470085144 and parameters: {'n_estimators': 920, 'max_depth': 6, 'learning_rate': 0.06162467079958623}. Best is trial 321 with value: 41.67874455451965.
trail number 943
[I 2025-07-19 12:05:35,421] Trial 943 finished with value: 44.413753151893616 and parameters: {'n_estimators': 592, 'max_depth': 6, 'learning_rate': 0.04219550262261945}. Best is trial 321 with value: 41.67874455451965.
trail number 946
[I 2025-07-19 12:05:35,674] Trial 946 finished with value: 44.52594339847565 and parameters: {'n_estimators': 1010, 'max_depth': 3, 'learning_rate': 0.05869466342444879}. Best is trial 321 with value: 41.67874455451965.
trail number 949
[I 2025-07-19 12:05:35,752] Trial 949 finished with value: 41.99862778186798 and parameters: {'n_estimators': 75, 'max_depth': 3, 'learning_rate': 0.07859274031151736}. Best is trial 321 with value: 41.67874455451965.
trail number 948
[I 2025-07-19 12:05:37,106] Trial 948 finished with value: 43.31369638442993 and parameters: {'n_estimators': 515, 'max_depth': 3, 'learning_rate': 0.0406340223509876}. Best is trial 321 with value: 41.67874455451965.
trail number 947
[I 2025-07-19 12:05:38,832] Trial 947 finished with value: 45.08378803730011 and parameters: {'n_estimators': 873, 'max_depth': 6, 'learning_rate': 0.04758455109604683}. Best is trial 321 with value: 41.67874455451965.
trail number 952
[I 2025-07-19 12:05:39,340] Trial 952 finished with value: 44.879910349845886 and parameters: {'n_estimators': 698, 'max_depth': 3, 'learning_rate': 0.07360842530275016}. Best is trial 321 with value: 41.67874455451965.
trail number 954
[I 2025-07-19 12:05:42,619] Trial 954 finished with value: 45.735076665878296 and parameters: {'n_estimators': 626, 'max_depth': 7, 'learning_rate': 0.08996632983424785}. Best is trial 321 with value: 41.67874455451965.
trail number 951
[I 2025-07-19 12:05:42,765] Trial 951 finished with value: 44.69999015331268 and parameters: {'n_estimators': 1060, 'max_depth': 6, 'learning_rate': 0.012471815651480693}. Best is trial 321 with value: 41.67874455451965.
trail number 956
[I 2025-07-19 12:05:43,246] Trial 956 finished with value: 46.65628492832184 and parameters: {'n_estimators': 40, 'max_depth': 9, 'learning_rate': 0.10577521195887067}. Best is trial 321 with value: 41.67874455451965.
trail number 957
[I 2025-07-19 12:05:46,188] Trial 957 finished with value: 44.94958996772766 and parameters: {'n_estimators': 446, 'max_depth': 6, 'learning_rate': 0.01093642371498299}. Best is trial 321 with value: 41.67874455451965.
trail number 950
[I 2025-07-19 12:05:46,985] Trial 950 finished with value: 45.42612612247467 and parameters: {'n_estimators': 3656, 'max_depth': 3, 'learning_rate': 0.08380077396196746}. Best is trial 321 with value: 41.67874455451965.
trail number 959
[I 2025-07-19 12:05:47,170] Trial 959 finished with value: 46.24553620815277 and parameters: {'n_estimators': 43, 'max_depth': 3, 'learning_rate': 0.03424027785314755}. Best is trial 321 with value: 41.67874455451965.
trail number 958
[I 2025-07-19 12:05:47,888] Trial 958 finished with value: 42.023576498031616 and parameters: {'n_estimators': 510, 'max_depth': 3, 'learning_rate': 0.0157488529764769}. Best is trial 321 with value: 41.67874455451965.
trail number 961
[I 2025-07-19 12:05:47,972] Trial 961 finished with value: 58.71292293071747 and parameters: {'n_estimators': 12, 'max_depth': 3, 'learning_rate': 0.0172428830771535}. Best is trial 321 with value: 41.67874455451965.
trail number 953
[I 2025-07-19 12:05:50,222] Trial 953 finished with value: 45.94824016094208 and parameters: {'n_estimators': 1433, 'max_depth': 7, 'learning_rate': 0.010175301653106388}. Best is trial 321 with value: 41.67874455451965.
trail number 960
[I 2025-07-19 12:05:50,711] Trial 960 finished with value: 42.66740798950195 and parameters: {'n_estimators': 1102, 'max_depth': 3, 'learning_rate': 0.012665737923142593}. Best is trial 321 with value: 41.67874455451965.
trail number 955
[I 2025-07-19 12:05:50,897] Trial 955 finished with value: 44.04854953289032 and parameters: {'n_estimators': 1548, 'max_depth': 5, 'learning_rate': 0.012822306286761991}. Best is trial 321 with value: 41.67874455451965.
trail number 962
[I 2025-07-19 12:05:52,355] Trial 962 finished with value: 45.14228045940399 and parameters: {'n_estimators': 1394, 'max_depth': 3, 'learning_rate': 0.07750847094569147}. Best is trial 321 with value: 41.67874455451965.
trail number 963
[I 2025-07-19 12:05:53,241] Trial 963 finished with value: 44.94025111198425 and parameters: {'n_estimators': 794, 'max_depth': 6, 'learning_rate': 0.12140255201945521}. Best is trial 321 with value: 41.67874455451965.
trail number 966
[I 2025-07-19 12:05:54,539] Trial 966 finished with value: 44.67917859554291 and parameters: {'n_estimators': 658, 'max_depth': 3, 'learning_rate': 0.06323160603702586}. Best is trial 321 with value: 41.67874455451965.
trail number 964
[I 2025-07-19 12:05:55,101] Trial 964 finished with value: 44.62521970272064 and parameters: {'n_estimators': 657, 'max_depth': 6, 'learning_rate': 0.06843142033414762}. Best is trial 321 with value: 41.67874455451965.
trail number 965
[I 2025-07-19 12:05:56,068] Trial 965 finished with value: 46.39151632785797 and parameters: {'n_estimators': 730, 'max_depth': 7, 'learning_rate': 0.058250674082484716}. Best is trial 321 with value: 41.67874455451965.
trail number 970
[I 2025-07-19 12:05:56,331] Trial 970 finished with value: 41.989322900772095 and parameters: {'n_estimators': 68, 'max_depth': 3, 'learning_rate': 0.08452708792353693}. Best is trial 321 with value: 41.67874455451965.
trail number 971
[I 2025-07-19 12:05:57,142] Trial 971 finished with value: 45.88378548622131 and parameters: {'n_estimators': 97, 'max_depth': 7, 'learning_rate': 0.14293481608853992}. Best is trial 321 with value: 41.67874455451965.
trail number 968
[I 2025-07-19 12:05:57,250] Trial 968 finished with value: 42.156142592430115 and parameters: {'n_estimators': 808, 'max_depth': 3, 'learning_rate': 0.01023212005721108}. Best is trial 321 with value: 41.67874455451965.
trail number 969
[I 2025-07-19 12:05:58,606] Trial 969 finished with value: 44.32776987552643 and parameters: {'n_estimators': 509, 'max_depth': 6, 'learning_rate': 0.05527884308172982}. Best is trial 321 with value: 41.67874455451965.
trail number 973
[I 2025-07-19 12:05:59,071] Trial 973 finished with value: 43.68501543998718 and parameters: {'n_estimators': 546, 'max_depth': 3, 'learning_rate': 0.04697355126905467}. Best is trial 321 with value: 41.67874455451965.
trail number 967
[I 2025-07-19 12:05:59,103] Trial 967 finished with value: 46.47073686122894 and parameters: {'n_estimators': 2969, 'max_depth': 13, 'learning_rate': 0.12206778233118498}. Best is trial 321 with value: 41.67874455451965.
trail number 972
[I 2025-07-19 12:05:59,583] Trial 972 finished with value: 43.914432525634766 and parameters: {'n_estimators': 718, 'max_depth': 3, 'learning_rate': 0.0453614398959093}. Best is trial 321 with value: 41.67874455451965.
trail number 976
[I 2025-07-19 12:06:04,444] Trial 976 finished with value: 47.43298888206482 and parameters: {'n_estimators': 3617, 'max_depth': 21, 'learning_rate': 0.298715856013547}. Best is trial 321 with value: 41.67874455451965.
trail number 975
[I 2025-07-19 12:06:05,240] Trial 975 finished with value: 46.83797478675842 and parameters: {'n_estimators': 2582, 'max_depth': 14, 'learning_rate': 0.09939384908403562}. Best is trial 321 with value: 41.67874455451965.
trail number 977
[I 2025-07-19 12:06:06,743] Trial 977 finished with value: 46.85219168663025 and parameters: {'n_estimators': 687, 'max_depth': 11, 'learning_rate': 0.04159473993148172}. Best is trial 321 with value: 41.67874455451965.
trail number 980
[I 2025-07-19 12:06:06,896] Trial 980 finished with value: 46.08496308326721 and parameters: {'n_estimators': 34, 'max_depth': 3, 'learning_rate': 0.04342311626352278}. Best is trial 321 with value: 41.67874455451965.
trail number 981
[I 2025-07-19 12:06:07,059] Trial 981 finished with value: 47.8085732460022 and parameters: {'n_estimators': 35, 'max_depth': 3, 'learning_rate': 0.03320928758227428}. Best is trial 321 with value: 41.67874455451965.
trail number 978
[I 2025-07-19 12:06:07,923] Trial 978 finished with value: 44.77304697036743 and parameters: {'n_estimators': 511, 'max_depth': 6, 'learning_rate': 0.05322103055017727}. Best is trial 321 with value: 41.67874455451965.
trail number 983
[I 2025-07-19 12:06:08,158] Trial 983 finished with value: 48.70546877384186 and parameters: {'n_estimators': 16, 'max_depth': 10, 'learning_rate': 0.09385641678298365}. Best is trial 321 with value: 41.67874455451965.
trail number 979
[I 2025-07-19 12:06:08,228] Trial 979 finished with value: 47.228423953056335 and parameters: {'n_estimators': 224, 'max_depth': 10, 'learning_rate': 0.010059981172694542}. Best is trial 321 with value: 41.67874455451965.
trail number 982
[I 2025-07-19 12:06:10,745] Trial 982 finished with value: 44.1693377494812 and parameters: {'n_estimators': 562, 'max_depth': 6, 'learning_rate': 0.09084076637677671}. Best is trial 321 with value: 41.67874455451965.
trail number 985
[I 2025-07-19 12:06:11,001] Trial 985 finished with value: 46.060460805892944 and parameters: {'n_estimators': 868, 'max_depth': 3, 'learning_rate': 0.10303938468291036}. Best is trial 321 with value: 41.67874455451965.
trail number 984
[I 2025-07-19 12:06:11,011] Trial 984 finished with value: 45.45400083065033 and parameters: {'n_estimators': 857, 'max_depth': 3, 'learning_rate': 0.09700085888252397}. Best is trial 321 with value: 41.67874455451965.
trail number 988
[I 2025-07-19 12:06:11,340] Trial 988 finished with value: 42.43139684200287 and parameters: {'n_estimators': 75, 'max_depth': 3, 'learning_rate': 0.11501520005277609}. Best is trial 321 with value: 41.67874455451965.
trail number 987
[I 2025-07-19 12:06:11,693] Trial 987 finished with value: 46.11546337604523 and parameters: {'n_estimators': 69, 'max_depth': 7, 'learning_rate': 0.05774523136756627}. Best is trial 321 with value: 41.67874455451965.
trail number 989
[I 2025-07-19 12:06:11,769] Trial 989 finished with value: 45.11508345603943 and parameters: {'n_estimators': 51, 'max_depth': 6, 'learning_rate': 0.06062475783448386}. Best is trial 321 with value: 41.67874455451965.
trail number 990
[I 2025-07-19 12:06:11,823] Trial 990 finished with value: 44.98715937137604 and parameters: {'n_estimators': 21, 'max_depth': 3, 'learning_rate': 0.0838384422361461}. Best is trial 321 with value: 41.67874455451965.
trail number 992
[I 2025-07-19 12:06:12,001] Trial 992 finished with value: 43.07348191738129 and parameters: {'n_estimators': 41, 'max_depth': 3, 'learning_rate': 0.0719624516317259}. Best is trial 321 with value: 41.67874455451965.
trail number 986
[I 2025-07-19 12:06:13,938] Trial 986 finished with value: 42.47150182723999 and parameters: {'n_estimators': 881, 'max_depth': 3, 'learning_rate': 0.012490513766157646}. Best is trial 321 with value: 41.67874455451965.
trail number 993
[I 2025-07-19 12:06:16,222] Trial 993 finished with value: 46.2161386013031 and parameters: {'n_estimators': 513, 'max_depth': 7, 'learning_rate': 0.03263017718478976}. Best is trial 321 with value: 41.67874455451965.
trail number 991
[I 2025-07-19 12:06:19,384] Trial 991 finished with value: 45.408486127853394 and parameters: {'n_estimators': 2349, 'max_depth': 3, 'learning_rate': 0.036189304803284555}. Best is trial 321 with value: 41.67874455451965.
trail number 995
[I 2025-07-19 12:06:19,952] Trial 995 finished with value: 45.061461329460144 and parameters: {'n_estimators': 1151, 'max_depth': 3, 'learning_rate': 0.06192138370502924}. Best is trial 321 with value: 41.67874455451965.
trail number 997
[I 2025-07-19 12:06:20,187] Trial 997 finished with value: 46.92083120346069 and parameters: {'n_estimators': 50, 'max_depth': 3, 'learning_rate': 0.02652079165790078}. Best is trial 321 with value: 41.67874455451965.
trail number 998
[I 2025-07-19 12:06:20,280] Trial 998 finished with value: 48.56307804584503 and parameters: {'n_estimators': 15, 'max_depth': 3, 'learning_rate': 0.0678440453319808}. Best is trial 321 with value: 41.67874455451965.
trail number 999
[I 2025-07-19 12:06:21,940] Trial 999 finished with value: 44.79201376438141 and parameters: {'n_estimators': 504, 'max_depth': 3, 'learning_rate': 0.08852401161583065}. Best is trial 321 with value: 41.67874455451965.
trail number 996
[I 2025-07-19 12:06:22,321] Trial 996 finished with value: 46.750375628471375 and parameters: {'n_estimators': 250, 'max_depth': 29, 'learning_rate': 0.1499308517997397}. Best is trial 321 with value: 41.67874455451965.
trail number 994
[I 2025-07-19 12:06:22,636] Trial 994 finished with value: 46.594728231430054 and parameters: {'n_estimators': 2289, 'max_depth': 23, 'learning_rate': 0.06411810675833036}. Best is trial 321 with value: 41.67874455451965.
trail number 974
[I 2025-07-19 12:06:23,406] Trial 974 finished with value: 46.977816224098206 and parameters: {'n_estimators': 1141, 'max_depth': 29, 'learning_rate': 0.01518892322605428}. Best is trial 321 with value: 41.67874455451965.
trail number 1001
[I 2025-07-19 12:06:23,985] Trial 1001 finished with value: 45.29421508312225 and parameters: {'n_estimators': 480, 'max_depth': 3, 'learning_rate': 0.13447876179435822}. Best is trial 321 with value: 41.67874455451965.
trail number 1000
[I 2025-07-19 12:06:25,812] Trial 1000 finished with value: 44.7896534204483 and parameters: {'n_estimators': 564, 'max_depth': 6, 'learning_rate': 0.04259996333058291}. Best is trial 321 with value: 41.67874455451965.
trail number 1003
[I 2025-07-19 12:06:26,311] Trial 1003 finished with value: 42.31155037879944 and parameters: {'n_estimators': 884, 'max_depth': 3, 'learning_rate': 0.010417955390318194}. Best is trial 321 with value: 41.67874455451965.
trail number 1004
[I 2025-07-19 12:06:29,798] Trial 1004 finished with value: 45.19861578941345 and parameters: {'n_estimators': 1390, 'max_depth': 6, 'learning_rate': 0.06584768137889059}. Best is trial 321 with value: 41.67874455451965.
trail number 1007
[I 2025-07-19 12:06:29,982] Trial 1007 finished with value: 43.140966296195984 and parameters: {'n_estimators': 39, 'max_depth': 3, 'learning_rate': 0.07537058191754678}. Best is trial 321 with value: 41.67874455451965.
trail number 1008
[I 2025-07-19 12:06:31,053] Trial 1008 finished with value: 49.20936405658722 and parameters: {'n_estimators': 106, 'max_depth': 8, 'learning_rate': 0.013765673902075611}. Best is trial 321 with value: 41.67874455451965.
trail number 1006
[I 2025-07-19 12:06:32,175] Trial 1006 finished with value: 45.647438168525696 and parameters: {'n_estimators': 704, 'max_depth': 7, 'learning_rate': 0.012069138858552084}. Best is trial 321 with value: 41.67874455451965.
trail number 1005
[I 2025-07-19 12:06:33,080] Trial 1005 finished with value: 44.902249574661255 and parameters: {'n_estimators': 1083, 'max_depth': 6, 'learning_rate': 0.04513349327526753}. Best is trial 321 with value: 41.67874455451965.
trail number 1010
[I 2025-07-19 12:06:33,521] Trial 1010 finished with value: 41.85671925544739 and parameters: {'n_estimators': 396, 'max_depth': 3, 'learning_rate': 0.01785816184426751}. Best is trial 321 with value: 41.67874455451965.
trail number 1012
[I 2025-07-19 12:06:34,059] Trial 1012 finished with value: 49.867814779281616 and parameters: {'n_estimators': 88, 'max_depth': 5, 'learning_rate': 0.011105140718248106}. Best is trial 321 with value: 41.67874455451965.
trail number 1013
[I 2025-07-19 12:06:34,170] Trial 1013 finished with value: 50.99152207374573 and parameters: {'n_estimators': 19, 'max_depth': 3, 'learning_rate': 0.03908057009212211}. Best is trial 321 with value: 41.67874455451965.
trail number 1014
[I 2025-07-19 12:06:34,381] Trial 1014 finished with value: 50.84640622138977 and parameters: {'n_estimators': 17, 'max_depth': 8, 'learning_rate': 0.06290132203109414}. Best is trial 321 with value: 41.67874455451965.
trail number 1009
[I 2025-07-19 12:06:34,875] Trial 1009 finished with value: 44.788161516189575 and parameters: {'n_estimators': 537, 'max_depth': 6, 'learning_rate': 0.04886845573876006}. Best is trial 321 with value: 41.67874455451965.
trail number 1011
[I 2025-07-19 12:06:35,430] Trial 1011 finished with value: 42.66544044017792 and parameters: {'n_estimators': 656, 'max_depth': 3, 'learning_rate': 0.01794413008776124}. Best is trial 321 with value: 41.67874455451965.
trail number 1002
[I 2025-07-19 12:06:37,043] Trial 1002 finished with value: 45.953503251075745 and parameters: {'n_estimators': 1119, 'max_depth': 10, 'learning_rate': 0.012892121611246636}. Best is trial 321 with value: 41.67874455451965.
trail number 1015
[I 2025-07-19 12:06:37,081] Trial 1015 finished with value: 44.5954030752182 and parameters: {'n_estimators': 785, 'max_depth': 3, 'learning_rate': 0.07841492761837288}. Best is trial 321 with value: 41.67874455451965.
trail number 1016
[I 2025-07-19 12:06:38,470] Trial 1016 finished with value: 46.197972893714905 and parameters: {'n_estimators': 529, 'max_depth': 7, 'learning_rate': 0.08529008387873152}. Best is trial 321 with value: 41.67874455451965.
trail number 1018
[I 2025-07-19 12:06:39,344] Trial 1018 finished with value: 45.54765582084656 and parameters: {'n_estimators': 280, 'max_depth': 7, 'learning_rate': 0.1086009957568881}. Best is trial 321 with value: 41.67874455451965.
trail number 1021
[I 2025-07-19 12:06:39,535] Trial 1021 finished with value: 43.15324127674103 and parameters: {'n_estimators': 42, 'max_depth': 3, 'learning_rate': 0.06483851409842066}. Best is trial 321 with value: 41.67874455451965.
trail number 1022
