[I 2025-07-19 11:56:28,088] Trial 180 finished with value: 45.3029328584671 and parameters: {'n_estimators': 835, 'max_depth': 7, 'learning_rate': 0.07550592620881252}. Best is trial 143 with value: 41.98050677776337.
trail number 189
[I 2025-07-19 11:56:28,187] Trial 189 finished with value: 48.289031982421875 and parameters: {'n_estimators': 21, 'max_depth': 3, 'learning_rate': 0.05035292035534361}. Best is trial 143 with value: 41.98050677776337.
trail number 190
[I 2025-07-19 11:56:28,370] Trial 190 finished with value: 46.39650642871857 and parameters: {'n_estimators': 46, 'max_depth': 3, 'learning_rate': 0.03134836672089296}. Best is trial 143 with value: 41.98050677776337.
trail number 188
[I 2025-07-19 11:56:28,618] Trial 188 finished with value: 43.46230983734131 and parameters: {'n_estimators': 168, 'max_depth': 3, 'learning_rate': 0.015567445060585817}. Best is trial 143 with value: 41.98050677776337.
trail number 181
[I 2025-07-19 11:56:30,140] Trial 181 finished with value: 46.83550000190735 and parameters: {'n_estimators': 4166, 'max_depth': 17, 'learning_rate': 0.26584118934111767}. Best is trial 143 with value: 41.98050677776337.
trail number 186
[I 2025-07-19 11:56:31,033] Trial 186 finished with value: 47.66816854476929 and parameters: {'n_estimators': 4279, 'max_depth': 17, 'learning_rate': 0.29267813339977045}. Best is trial 143 with value: 41.98050677776337.
trail number 192
[I 2025-07-19 11:56:31,958] Trial 192 finished with value: 44.45707857608795 and parameters: {'n_estimators': 1049, 'max_depth': 3, 'learning_rate': 0.06442663152707431}. Best is trial 143 with value: 41.98050677776337.
trail number 194
[I 2025-07-19 11:56:34,338] Trial 194 finished with value: 46.114917397499084 and parameters: {'n_estimators': 1047, 'max_depth': 3, 'learning_rate': 0.09070311638984678}. Best is trial 143 with value: 41.98050677776337.
trail number 191
[I 2025-07-19 11:56:34,393] Trial 191 finished with value: 45.88727593421936 and parameters: {'n_estimators': 766, 'max_depth': 7, 'learning_rate': 0.04540589982296121}. Best is trial 143 with value: 41.98050677776337.
trail number 197
[I 2025-07-19 11:56:35,552] Trial 197 finished with value: 42.68847405910492 and parameters: {'n_estimators': 359, 'max_depth': 3, 'learning_rate': 0.010584150906730132}. Best is trial 143 with value: 41.98050677776337.
trail number 193
[I 2025-07-19 11:56:36,595] Trial 193 finished with value: 45.85572123527527 and parameters: {'n_estimators': 687, 'max_depth': 8, 'learning_rate': 0.03916956871010201}. Best is trial 143 with value: 41.98050677776337.
trail number 199
[I 2025-07-19 11:56:37,819] Trial 199 finished with value: 45.92508316040039 and parameters: {'n_estimators': 153, 'max_depth': 7, 'learning_rate': 0.11304121451721025}. Best is trial 143 with value: 41.98050677776337.
trail number 200
[I 2025-07-19 11:56:38,725] Trial 200 finished with value: 43.16726803779602 and parameters: {'n_estimators': 289, 'max_depth': 3, 'learning_rate': 0.06824961014245355}. Best is trial 143 with value: 41.98050677776337.
trail number 196
[I 2025-07-19 11:56:39,031] Trial 196 finished with value: 47.040773034095764 and parameters: {'n_estimators': 240, 'max_depth': 30, 'learning_rate': 0.03522336251103898}. Best is trial 143 with value: 41.98050677776337.
trail number 198
[I 2025-07-19 11:56:39,624] Trial 198 finished with value: 45.77190279960632 and parameters: {'n_estimators': 426, 'max_depth': 8, 'learning_rate': 0.05070126294816088}. Best is trial 143 with value: 41.98050677776337.
trail number 201
[I 2025-07-19 11:56:40,747] Trial 201 finished with value: 44.738729596138 and parameters: {'n_estimators': 628, 'max_depth': 3, 'learning_rate': 0.058969486987173685}. Best is trial 143 with value: 41.98050677776337.
trail number 195
[I 2025-07-19 11:56:41,570] Trial 195 finished with value: 46.12414836883545 and parameters: {'n_estimators': 1003, 'max_depth': 8, 'learning_rate': 0.014260551829190497}. Best is trial 143 with value: 41.98050677776337.
trail number 202
[I 2025-07-19 11:56:41,988] Trial 202 finished with value: 46.63391172885895 and parameters: {'n_estimators': 1438, 'max_depth': 15, 'learning_rate': 0.23871329871398295}. Best is trial 143 with value: 41.98050677776337.
trail number 206
[I 2025-07-19 11:56:42,217] Trial 206 finished with value: 58.93145442008972 and parameters: {'n_estimators': 20, 'max_depth': 8, 'learning_rate': 0.011581209014216574}. Best is trial 143 with value: 41.98050677776337.
trail number 203
[I 2025-07-19 11:56:42,700] Trial 203 finished with value: 43.31324636936188 and parameters: {'n_estimators': 934, 'max_depth': 3, 'learning_rate': 0.021612885671577563}. Best is trial 143 with value: 41.98050677776337.
trail number 204
[I 2025-07-19 11:56:43,491] Trial 204 finished with value: 43.09331655502319 and parameters: {'n_estimators': 622, 'max_depth': 4, 'learning_rate': 0.015362780608926785}. Best is trial 143 with value: 41.98050677776337.
trail number 208
[I 2025-07-19 11:56:44,175] Trial 208 finished with value: 42.18903720378876 and parameters: {'n_estimators': 454, 'max_depth': 3, 'learning_rate': 0.011105069376052129}. Best is trial 143 with value: 41.98050677776337.
trail number 210
[I 2025-07-19 11:56:44,332] Trial 210 finished with value: 43.31006348133087 and parameters: {'n_estimators': 40, 'max_depth': 3, 'learning_rate': 0.06071680903151322}. Best is trial 143 with value: 41.98050677776337.
trail number 207
[I 2025-07-19 11:56:44,858] Trial 207 finished with value: 44.312177896499634 and parameters: {'n_estimators': 821, 'max_depth': 3, 'learning_rate': 0.036189362326841695}. Best is trial 143 with value: 41.98050677776337.
trail number 209
[I 2025-07-19 11:56:45,003] Trial 209 finished with value: 43.32886457443237 and parameters: {'n_estimators': 460, 'max_depth': 3, 'learning_rate': 0.04518443448145045}. Best is trial 143 with value: 41.98050677776337.
trail number 205
[I 2025-07-19 11:56:45,214] Trial 205 finished with value: 46.08541429042816 and parameters: {'n_estimators': 420, 'max_depth': 7, 'learning_rate': 0.013800182478162932}. Best is trial 143 with value: 41.98050677776337.
trail number 212
[I 2025-07-19 11:56:45,707] Trial 212 finished with value: 44.579678773880005 and parameters: {'n_estimators': 190, 'max_depth': 4, 'learning_rate': 0.012302483441190774}. Best is trial 143 with value: 41.98050677776337.
trail number 211
[I 2025-07-19 11:56:47,082] Trial 211 finished with value: 42.16740548610687 and parameters: {'n_estimators': 829, 'max_depth': 3, 'learning_rate': 0.012165110720128554}. Best is trial 143 with value: 41.98050677776337.
trail number 214
[I 2025-07-19 11:56:48,111] Trial 214 finished with value: 43.68339776992798 and parameters: {'n_estimators': 891, 'max_depth': 3, 'learning_rate': 0.025224014908016235}. Best is trial 143 with value: 41.98050677776337.
trail number 215
[I 2025-07-19 11:56:48,345] Trial 215 finished with value: 43.11402201652527 and parameters: {'n_estimators': 619, 'max_depth': 4, 'learning_rate': 0.012583585939339495}. Best is trial 143 with value: 41.98050677776337.
trail number 218
[I 2025-07-19 11:56:48,719] Trial 218 finished with value: 48.47438037395477 and parameters: {'n_estimators': 101, 'max_depth': 3, 'learning_rate': 0.010499687952235841}. Best is trial 143 with value: 41.98050677776337.
trail number 217
[I 2025-07-19 11:56:50,080] Trial 217 finished with value: 43.0882066488266 and parameters: {'n_estimators': 441, 'max_depth': 4, 'learning_rate': 0.010223805580450628}. Best is trial 143 with value: 41.98050677776337.
trail number 219
[I 2025-07-19 11:56:50,390] Trial 219 finished with value: 41.94233417510986 and parameters: {'n_estimators': 517, 'max_depth': 3, 'learning_rate': 0.011223348659888393}. Best is trial 219 with value: 41.94233417510986.
trail number 213
[I 2025-07-19 11:56:51,567] Trial 213 finished with value: 47.384881377220154 and parameters: {'n_estimators': 4005, 'max_depth': 30, 'learning_rate': 0.1917431161030984}. Best is trial 219 with value: 41.94233417510986.
trail number 216
[I 2025-07-19 11:56:53,682] Trial 216 finished with value: 47.17118203639984 and parameters: {'n_estimators': 2799, 'max_depth': 19, 'learning_rate': 0.10649405221606237}. Best is trial 219 with value: 41.94233417510986.
trail number 221
[I 2025-07-19 11:56:53,963] Trial 221 finished with value: 43.55328679084778 and parameters: {'n_estimators': 1114, 'max_depth': 3, 'learning_rate': 0.0212372661676936}. Best is trial 219 with value: 41.94233417510986.
trail number 224
[I 2025-07-19 11:56:54,182] Trial 224 finished with value: 43.17107021808624 and parameters: {'n_estimators': 55, 'max_depth': 3, 'learning_rate': 0.04800933922108336}. Best is trial 219 with value: 41.94233417510986.
trail number 220
[I 2025-07-19 11:56:54,486] Trial 220 finished with value: 44.78274762630463 and parameters: {'n_estimators': 1359, 'max_depth': 3, 'learning_rate': 0.033914764008616316}. Best is trial 219 with value: 41.94233417510986.
trail number 225
[I 2025-07-19 11:56:56,980] Trial 225 finished with value: 42.54308223724365 and parameters: {'n_estimators': 861, 'max_depth': 3, 'learning_rate': 0.01425894095409731}. Best is trial 219 with value: 41.94233417510986.
trail number 226
[I 2025-07-19 11:56:59,911] Trial 226 finished with value: 43.97692859172821 and parameters: {'n_estimators': 1021, 'max_depth': 5, 'learning_rate': 0.012355238541692294}. Best is trial 219 with value: 41.94233417510986.
trail number 227
[I 2025-07-19 11:56:59,944] Trial 227 finished with value: 42.57850170135498 and parameters: {'n_estimators': 968, 'max_depth': 3, 'learning_rate': 0.011588615181851095}. Best is trial 219 with value: 41.94233417510986.
trail number 229
[I 2025-07-19 11:57:01,391] Trial 229 finished with value: 46.00633442401886 and parameters: {'n_estimators': 173, 'max_depth': 7, 'learning_rate': 0.04537699613868141}. Best is trial 219 with value: 41.94233417510986.
trail number 223
[I 2025-07-19 11:57:01,562] Trial 223 finished with value: 46.37608230113983 and parameters: {'n_estimators': 4853, 'max_depth': 17, 'learning_rate': 0.14868740003216238}. Best is trial 219 with value: 41.94233417510986.
trail number 228
[I 2025-07-19 11:57:03,050] Trial 228 finished with value: 43.3413964509964 and parameters: {'n_estimators': 947, 'max_depth': 3, 'learning_rate': 0.018628545794466943}. Best is trial 219 with value: 41.94233417510986.
trail number 232
[I 2025-07-19 11:57:03,163] Trial 232 finished with value: 51.22039496898651 and parameters: {'n_estimators': 14, 'max_depth': 5, 'learning_rate': 0.05603424857783611}. Best is trial 219 with value: 41.94233417510986.
trail number 230
[I 2025-07-19 11:57:03,710] Trial 230 finished with value: 44.265485405921936 and parameters: {'n_estimators': 675, 'max_depth': 3, 'learning_rate': 0.049756187612929666}. Best is trial 219 with value: 41.94233417510986.
trail number 233
[I 2025-07-19 11:57:03,802] Trial 233 finished with value: 44.12675619125366 and parameters: {'n_estimators': 173, 'max_depth': 3, 'learning_rate': 0.012453930258334994}. Best is trial 219 with value: 41.94233417510986.
trail number 222
[I 2025-07-19 11:57:04,108] Trial 222 finished with value: 46.29260957241058 and parameters: {'n_estimators': 1566, 'max_depth': 7, 'learning_rate': 0.01251713723973779}. Best is trial 219 with value: 41.94233417510986.
trail number 234
[I 2025-07-19 11:57:05,034] Trial 234 finished with value: 41.95579767227173 and parameters: {'n_estimators': 407, 'max_depth': 3, 'learning_rate': 0.01871858685900297}. Best is trial 219 with value: 41.94233417510986.
trail number 231
[I 2025-07-19 11:57:06,287] Trial 231 finished with value: 45.77739477157593 and parameters: {'n_estimators': 768, 'max_depth': 7, 'learning_rate': 0.06418926705836428}. Best is trial 219 with value: 41.94233417510986.
trail number 238
[I 2025-07-19 11:57:06,539] Trial 238 finished with value: 42.55561172962189 and parameters: {'n_estimators': 60, 'max_depth': 3, 'learning_rate': 0.07176544285392927}. Best is trial 219 with value: 41.94233417510986.
trail number 237
[I 2025-07-19 11:57:07,123] Trial 237 finished with value: 42.841432094573975 and parameters: {'n_estimators': 640, 'max_depth': 3, 'learning_rate': 0.02200873941538838}. Best is trial 219 with value: 41.94233417510986.
trail number 236
[I 2025-07-19 11:57:07,394] Trial 236 finished with value: 42.60466277599335 and parameters: {'n_estimators': 1006, 'max_depth': 3, 'learning_rate': 0.013469899707346694}. Best is trial 219 with value: 41.94233417510986.
trail number 239
[I 2025-07-19 11:57:08,361] Trial 239 finished with value: 42.47387766838074 and parameters: {'n_estimators': 554, 'max_depth': 3, 'learning_rate': 0.019314804389350737}. Best is trial 219 with value: 41.94233417510986.
trail number 242
[I 2025-07-19 11:57:09,645] Trial 242 finished with value: 43.647616505622864 and parameters: {'n_estimators': 407, 'max_depth': 3, 'learning_rate': 0.05454615657901093}. Best is trial 219 with value: 41.94233417510986.
trail number 243
[I 2025-07-19 11:57:09,945] Trial 243 finished with value: 42.76466727256775 and parameters: {'n_estimators': 83, 'max_depth': 3, 'learning_rate': 0.143983342962883}. Best is trial 219 with value: 41.94233417510986.
trail number 240
[I 2025-07-19 11:57:10,087] Trial 240 finished with value: 45.4630970954895 and parameters: {'n_estimators': 913, 'max_depth': 3, 'learning_rate': 0.06069987972212954}. Best is trial 219 with value: 41.94233417510986.
trail number 235
[I 2025-07-19 11:57:10,536] Trial 235 finished with value: 46.006391644477844 and parameters: {'n_estimators': 674, 'max_depth': 8, 'learning_rate': 0.010535502992440625}. Best is trial 219 with value: 41.94233417510986.
trail number 246
[I 2025-07-19 11:57:12,562] Trial 246 finished with value: 43.539273738861084 and parameters: {'n_estimators': 635, 'max_depth': 3, 'learning_rate': 0.05315458356868457}. Best is trial 219 with value: 41.94233417510986.
trail number 241
[I 2025-07-19 11:57:13,260] Trial 241 finished with value: 46.180604696273804 and parameters: {'n_estimators': 706, 'max_depth': 7, 'learning_rate': 0.01130172154893765}. Best is trial 219 with value: 41.94233417510986.
trail number 248
[I 2025-07-19 11:57:13,929] Trial 248 finished with value: 42.07723379135132 and parameters: {'n_estimators': 189, 'max_depth': 3, 'learning_rate': 0.029385491676448414}. Best is trial 219 with value: 41.94233417510986.
trail number 247
[I 2025-07-19 11:57:14,033] Trial 247 finished with value: 42.0181530714035 and parameters: {'n_estimators': 418, 'max_depth': 3, 'learning_rate': 0.013720199581384804}. Best is trial 219 with value: 41.94233417510986.
trail number 249
[I 2025-07-19 11:57:14,142] Trial 249 finished with value: 51.97946012020111 and parameters: {'n_estimators': 48, 'max_depth': 3, 'learning_rate': 0.013608734649188882}. Best is trial 219 with value: 41.94233417510986.
trail number 245
[I 2025-07-19 11:57:14,664] Trial 245 finished with value: 46.54106676578522 and parameters: {'n_estimators': 2281, 'max_depth': 27, 'learning_rate': 0.19627606271320394}. Best is trial 219 with value: 41.94233417510986.
trail number 250
[I 2025-07-19 11:57:14,692] Trial 250 finished with value: 42.93294131755829 and parameters: {'n_estimators': 173, 'max_depth': 3, 'learning_rate': 0.019838687771789293}. Best is trial 219 with value: 41.94233417510986.
trail number 244
[I 2025-07-19 11:57:14,881] Trial 244 finished with value: 46.366297006607056 and parameters: {'n_estimators': 476, 'max_depth': 8, 'learning_rate': 0.01136382665340744}. Best is trial 219 with value: 41.94233417510986.
trail number 254
[I 2025-07-19 11:57:15,029] Trial 254 finished with value: 54.108147621154785 and parameters: {'n_estimators': 14, 'max_depth': 7, 'learning_rate': 0.042441141508794425}. Best is trial 219 with value: 41.94233417510986.
trail number 251
[I 2025-07-19 11:57:15,394] Trial 251 finished with value: 46.0278594493866 and parameters: {'n_estimators': 144, 'max_depth': 7, 'learning_rate': 0.04731092123473738}. Best is trial 219 with value: 41.94233417510986.
trail number 256
[I 2025-07-19 11:57:15,553] Trial 256 finished with value: 46.759745478630066 and parameters: {'n_estimators': 36, 'max_depth': 3, 'learning_rate': 0.037639909892167284}. Best is trial 219 with value: 41.94233417510986.
trail number 252
[I 2025-07-19 11:57:16,138] Trial 252 finished with value: 45.92608690261841 and parameters: {'n_estimators': 163, 'max_depth': 7, 'learning_rate': 0.029210327951594738}. Best is trial 219 with value: 41.94233417510986.
trail number 253
[I 2025-07-19 11:57:16,610] Trial 253 finished with value: 42.11670160293579 and parameters: {'n_estimators': 548, 'max_depth': 3, 'learning_rate': 0.016647729788725387}. Best is trial 219 with value: 41.94233417510986.
trail number 257
[I 2025-07-19 11:57:17,127] Trial 257 finished with value: 41.98439061641693 and parameters: {'n_estimators': 473, 'max_depth': 3, 'learning_rate': 0.012376120179739176}. Best is trial 219 with value: 41.94233417510986.
trail number 259
[I 2025-07-19 11:57:17,161] Trial 259 finished with value: 42.71422982215881 and parameters: {'n_estimators': 159, 'max_depth': 3, 'learning_rate': 0.023259934170143708}. Best is trial 219 with value: 41.94233417510986.
trail number 255
[I 2025-07-19 11:57:17,802] Trial 255 finished with value: 42.95410692691803 and parameters: {'n_estimators': 626, 'max_depth': 4, 'learning_rate': 0.010233292666282421}. Best is trial 219 with value: 41.94233417510986.
trail number 261
[I 2025-07-19 11:57:18,866] Trial 261 finished with value: 47.33574032783508 and parameters: {'n_estimators': 271, 'max_depth': 22, 'learning_rate': 0.26162767220744954}. Best is trial 219 with value: 41.94233417510986.
trail number 260
[I 2025-07-19 11:57:19,520] Trial 260 finished with value: 43.10089826583862 and parameters: {'n_estimators': 734, 'max_depth': 3, 'learning_rate': 0.023365378533164557}. Best is trial 219 with value: 41.94233417510986.
trail number 262
[I 2025-07-19 11:57:20,779] Trial 262 finished with value: 42.34712541103363 and parameters: {'n_estimators': 924, 'max_depth': 3, 'learning_rate': 0.01227418668719285}. Best is trial 219 with value: 41.94233417510986.
trail number 258
[I 2025-07-19 11:57:21,213] Trial 258 finished with value: 44.82551038265228 and parameters: {'n_estimators': 746, 'max_depth': 6, 'learning_rate': 0.01159998290193254}. Best is trial 219 with value: 41.94233417510986.
trail number 265
[I 2025-07-19 11:57:23,617] Trial 265 finished with value: 43.04768204689026 and parameters: {'n_estimators': 907, 'max_depth': 3, 'learning_rate': 0.0187096145771231}. Best is trial 219 with value: 41.94233417510986.
trail number 264
[I 2025-07-19 11:57:25,160] Trial 264 finished with value: 44.03300762176514 and parameters: {'n_estimators': 1354, 'max_depth': 4, 'learning_rate': 0.013256170232142346}. Best is trial 219 with value: 41.94233417510986.
trail number 266
[I 2025-07-19 11:57:25,279] Trial 266 finished with value: 43.43650281429291 and parameters: {'n_estimators': 984, 'max_depth': 4, 'learning_rate': 0.01213512952396191}. Best is trial 219 with value: 41.94233417510986.
trail number 269
[I 2025-07-19 11:57:25,385] Trial 269 finished with value: 55.78289747238159 and parameters: {'n_estimators': 23, 'max_depth': 3, 'learning_rate': 0.016167268677457988}. Best is trial 219 with value: 41.94233417510986.
trail number 267
[I 2025-07-19 11:57:27,432] Trial 267 finished with value: 43.434409499168396 and parameters: {'n_estimators': 887, 'max_depth': 4, 'learning_rate': 0.014311142021933055}. Best is trial 219 with value: 41.94233417510986.
trail number 263
[I 2025-07-19 11:57:28,460] Trial 263 finished with value: 45.89956760406494 and parameters: {'n_estimators': 1187, 'max_depth': 7, 'learning_rate': 0.01154536441816596}. Best is trial 219 with value: 41.94233417510986.
trail number 272
[I 2025-07-19 11:57:28,663] Trial 272 finished with value: 57.346351146698 and parameters: {'n_estimators': 28, 'max_depth': 5, 'learning_rate': 0.011270706108063867}. Best is trial 219 with value: 41.94233417510986.
trail number 270
[I 2025-07-19 11:57:31,209] Trial 270 finished with value: 45.06243586540222 and parameters: {'n_estimators': 894, 'max_depth': 6, 'learning_rate': 0.010569067797940635}. Best is trial 219 with value: 41.94233417510986.
trail number 268
[I 2025-07-19 11:57:31,581] Trial 268 finished with value: 44.85465347766876 and parameters: {'n_estimators': 1186, 'max_depth': 6, 'learning_rate': 0.05515381971872516}. Best is trial 219 with value: 41.94233417510986.
trail number 271
[I 2025-07-19 11:57:32,669] Trial 271 finished with value: 46.1750465631485 and parameters: {'n_estimators': 990, 'max_depth': 7, 'learning_rate': 0.05909542402060702}. Best is trial 219 with value: 41.94233417510986.
trail number 275
[I 2025-07-19 11:57:34,227] Trial 275 finished with value: 42.32920169830322 and parameters: {'n_estimators': 841, 'max_depth': 3, 'learning_rate': 0.013365140139974052}. Best is trial 219 with value: 41.94233417510986.
trail number 276
[I 2025-07-19 11:57:34,255] Trial 276 finished with value: 41.94394826889038 and parameters: {'n_estimators': 499, 'max_depth': 3, 'learning_rate': 0.015527354748345698}. Best is trial 219 with value: 41.94233417510986.
trail number 273
[I 2025-07-19 11:57:34,418] Trial 273 finished with value: 45.13136804103851 and parameters: {'n_estimators': 875, 'max_depth': 6, 'learning_rate': 0.05064904432936247}. Best is trial 219 with value: 41.94233417510986.
trail number 274
[I 2025-07-19 11:57:35,102] Trial 274 finished with value: 45.194536447525024 and parameters: {'n_estimators': 1223, 'max_depth': 3, 'learning_rate': 0.057275055299363456}. Best is trial 219 with value: 41.94233417510986.
trail number 279
