nohup: ignoring input
/home/alber/env/lib/python3.11/site-packages/optuna/_experimental.py:32: ExperimentalWarning: Argument ``multivariate`` is an experimental feature. The interface can change in the future.
  warnings.warn(
[I 2025-07-19 11:53:00,880] A new study created in memory with name: no-name-91816342-8ac1-44ac-a34e-7e6c2585a1c4
trail number 1
[I 2025-07-19 11:53:04,932] Trial 1 finished with value: 47.02891826629639 and parameters: {'n_estimators': 1781, 'max_depth': 26, 'learning_rate': 0.17091541577663152}. Best is trial 1 with value: 47.02891826629639.
trail number 0
[I 2025-07-19 11:53:06,277] Trial 0 finished with value: 45.93911170959473 and parameters: {'n_estimators': 2094, 'max_depth': 7, 'learning_rate': 0.07780456939115031}. Best is trial 0 with value: 45.93911170959473.
trail number 4
[I 2025-07-19 11:53:09,858] Trial 4 finished with value: 46.90152049064636 and parameters: {'n_estimators': 3032, 'max_depth': 29, 'learning_rate': 0.2159241856572458}. Best is trial 0 with value: 45.93911170959473.
trail number 5
[I 2025-07-19 11:53:10,220] Trial 5 finished with value: 46.25235855579376 and parameters: {'n_estimators': 1739, 'max_depth': 14, 'learning_rate': 0.14478036806761882}. Best is trial 0 with value: 45.93911170959473.
trail number 3
[I 2025-07-19 11:53:10,749] Trial 3 finished with value: 44.69678223133087 and parameters: {'n_estimators': 3812, 'max_depth': 6, 'learning_rate': 0.04774815091684758}. Best is trial 3 with value: 44.69678223133087.
trail number 2
[I 2025-07-19 11:53:11,245] Trial 2 finished with value: 47.15561389923096 and parameters: {'n_estimators': 1555, 'max_depth': 11, 'learning_rate': 0.0299366565665566}. Best is trial 3 with value: 44.69678223133087.
trail number 7
[I 2025-07-19 11:53:11,911] Trial 7 finished with value: 44.560770988464355 and parameters: {'n_estimators': 291, 'max_depth': 6, 'learning_rate': 0.1958497629308842}. Best is trial 7 with value: 44.560770988464355.
trail number 8
[I 2025-07-19 11:53:13,032] Trial 8 finished with value: 46.63495898246765 and parameters: {'n_estimators': 215, 'max_depth': 14, 'learning_rate': 0.1494872503181905}. Best is trial 7 with value: 44.560770988464355.
trail number 6
[I 2025-07-19 11:53:13,698] Trial 6 finished with value: 45.91211438179016 and parameters: {'n_estimators': 2221, 'max_depth': 8, 'learning_rate': 0.16691609920963518}. Best is trial 7 with value: 44.560770988464355.
trail number 9
[I 2025-07-19 11:53:14,343] Trial 9 finished with value: 47.01938092708588 and parameters: {'n_estimators': 2045, 'max_depth': 9, 'learning_rate': 0.27766244258018047}. Best is trial 7 with value: 44.560770988464355.
trail number 11
[I 2025-07-19 11:53:17,296] Trial 11 finished with value: 46.8861985206604 and parameters: {'n_estimators': 2604, 'max_depth': 12, 'learning_rate': 0.19895985910155864}. Best is trial 7 with value: 44.560770988464355.
trail number 10
[I 2025-07-19 11:53:18,915] Trial 10 finished with value: 47.13798463344574 and parameters: {'n_estimators': 4675, 'max_depth': 18, 'learning_rate': 0.20415938961468494}. Best is trial 7 with value: 44.560770988464355.
trail number 14
[I 2025-07-19 11:53:19,079] Trial 14 finished with value: 47.10480332374573 and parameters: {'n_estimators': 865, 'max_depth': 9, 'learning_rate': 0.27755022395924356}. Best is trial 7 with value: 44.560770988464355.
trail number 12
[I 2025-07-19 11:53:23,916] Trial 12 finished with value: 46.6415011882782 and parameters: {'n_estimators': 3350, 'max_depth': 30, 'learning_rate': 0.06005222967120218}. Best is trial 7 with value: 44.560770988464355.
trail number 15
[I 2025-07-19 11:53:24,388] Trial 15 finished with value: 46.95610225200653 and parameters: {'n_estimators': 3888, 'max_depth': 27, 'learning_rate': 0.29561994519088014}. Best is trial 7 with value: 44.560770988464355.
trail number 13
[I 2025-07-19 11:53:24,610] Trial 13 finished with value: 45.72811484336853 and parameters: {'n_estimators': 2069, 'max_depth': 10, 'learning_rate': 0.031163151018158433}. Best is trial 7 with value: 44.560770988464355.
trail number 16
[I 2025-07-19 11:53:25,393] Trial 16 finished with value: 46.37076020240784 and parameters: {'n_estimators': 2420, 'max_depth': 29, 'learning_rate': 0.10580464265003674}. Best is trial 7 with value: 44.560770988464355.
trail number 17
[I 2025-07-19 11:53:26,398] Trial 17 finished with value: 47.156864404678345 and parameters: {'n_estimators': 439, 'max_depth': 18, 'learning_rate': 0.17748928407255005}. Best is trial 7 with value: 44.560770988464355.
trail number 18
[I 2025-07-19 11:53:27,082] Trial 18 finished with value: 45.319417119026184 and parameters: {'n_estimators': 1384, 'max_depth': 6, 'learning_rate': 0.22865752267682257}. Best is trial 7 with value: 44.560770988464355.
trail number 19
[I 2025-07-19 11:53:27,410] Trial 19 finished with value: 46.52992069721222 and parameters: {'n_estimators': 1405, 'max_depth': 9, 'learning_rate': 0.17277602521976268}. Best is trial 7 with value: 44.560770988464355.
trail number 23
[I 2025-07-19 11:53:30,018] Trial 23 finished with value: 46.593413949012756 and parameters: {'n_estimators': 513, 'max_depth': 15, 'learning_rate': 0.153968532373631}. Best is trial 7 with value: 44.560770988464355.
trail number 21
[I 2025-07-19 11:53:32,591] Trial 21 finished with value: 46.62480890750885 and parameters: {'n_estimators': 2507, 'max_depth': 29, 'learning_rate': 0.11016140275825438}. Best is trial 7 with value: 44.560770988464355.
trail number 22
[I 2025-07-19 11:53:34,131] Trial 22 finished with value: 46.622973680496216 and parameters: {'n_estimators': 1025, 'max_depth': 26, 'learning_rate': 0.06386692639744151}. Best is trial 7 with value: 44.560770988464355.
trail number 26
[I 2025-07-19 11:53:35,911] Trial 26 finished with value: 46.628577709198 and parameters: {'n_estimators': 353, 'max_depth': 16, 'learning_rate': 0.23655063047472727}. Best is trial 7 with value: 44.560770988464355.
trail number 24
[I 2025-07-19 11:53:38,861] Trial 24 finished with value: 45.92168748378754 and parameters: {'n_estimators': 3961, 'max_depth': 8, 'learning_rate': 0.052229237777029584}. Best is trial 7 with value: 44.560770988464355.
trail number 27
[I 2025-07-19 11:53:44,176] Trial 27 finished with value: 47.07281708717346 and parameters: {'n_estimators': 4314, 'max_depth': 29, 'learning_rate': 0.10779854187736045}. Best is trial 7 with value: 44.560770988464355.
trail number 25
[I 2025-07-19 11:53:44,255] Trial 25 finished with value: 46.660229563713074 and parameters: {'n_estimators': 3126, 'max_depth': 20, 'learning_rate': 0.04579365661497521}. Best is trial 7 with value: 44.560770988464355.
trail number 28
[I 2025-07-19 11:53:45,076] Trial 28 finished with value: 47.12708294391632 and parameters: {'n_estimators': 3862, 'max_depth': 18, 'learning_rate': 0.17746934965446715}. Best is trial 7 with value: 44.560770988464355.
trail number 29
[I 2025-07-19 11:53:50,294] Trial 29 finished with value: 47.083595991134644 and parameters: {'n_estimators': 1086, 'max_depth': 21, 'learning_rate': 0.07680518844295002}. Best is trial 7 with value: 44.560770988464355.
trail number 31
[I 2025-07-19 11:53:51,594] Trial 31 finished with value: 46.991262435913086 and parameters: {'n_estimators': 4546, 'max_depth': 26, 'learning_rate': 0.22893345584176575}. Best is trial 7 with value: 44.560770988464355.
trail number 20
[I 2025-07-19 11:53:52,172] Trial 20 finished with value: 47.02435910701752 and parameters: {'n_estimators': 3030, 'max_depth': 30, 'learning_rate': 0.018824739681293466}. Best is trial 7 with value: 44.560770988464355.
trail number 34
[I 2025-07-19 11:53:53,553] Trial 34 finished with value: 44.461968541145325 and parameters: {'n_estimators': 254, 'max_depth': 5, 'learning_rate': 0.20972390304924468}. Best is trial 34 with value: 44.461968541145325.
trail number 30
[I 2025-07-19 11:53:55,432] Trial 30 finished with value: 46.95360541343689 and parameters: {'n_estimators': 4127, 'max_depth': 22, 'learning_rate': 0.05880035814533799}. Best is trial 34 with value: 44.461968541145325.
trail number 35
[I 2025-07-19 11:53:55,648] Trial 35 finished with value: 44.81447994709015 and parameters: {'n_estimators': 601, 'max_depth': 6, 'learning_rate': 0.19413620037021337}. Best is trial 34 with value: 44.461968541145325.
trail number 37
[I 2025-07-19 11:53:55,746] Trial 37 finished with value: 45.24796664714813 and parameters: {'n_estimators': 13, 'max_depth': 5, 'learning_rate': 0.16993941798912165}. Best is trial 34 with value: 44.461968541145325.
trail number 32
[I 2025-07-19 11:53:56,790] Trial 32 finished with value: 46.521106362342834 and parameters: {'n_estimators': 3347, 'max_depth': 24, 'learning_rate': 0.13963011967661004}. Best is trial 34 with value: 44.461968541145325.
trail number 36
[I 2025-07-19 11:53:57,037] Trial 36 finished with value: 45.44592320919037 and parameters: {'n_estimators': 473, 'max_depth': 3, 'learning_rate': 0.24053749221736645}. Best is trial 34 with value: 44.461968541145325.
trail number 33
[I 2025-07-19 11:53:58,044] Trial 33 finished with value: 45.923203229904175 and parameters: {'n_estimators': 4272, 'max_depth': 8, 'learning_rate': 0.13810487825803588}. Best is trial 34 with value: 44.461968541145325.
trail number 41
[I 2025-07-19 11:54:01,464] Trial 41 finished with value: 46.821104884147644 and parameters: {'n_estimators': 1098, 'max_depth': 3, 'learning_rate': 0.12423886978449172}. Best is trial 34 with value: 44.461968541145325.
trail number 39
[I 2025-07-19 11:54:05,031] Trial 39 finished with value: 44.67243790626526 and parameters: {'n_estimators': 3025, 'max_depth': 4, 'learning_rate': 0.08154124828086932}. Best is trial 34 with value: 44.461968541145325.
trail number 42
[I 2025-07-19 11:54:10,161] Trial 42 finished with value: 44.23672080039978 and parameters: {'n_estimators': 3198, 'max_depth': 5, 'learning_rate': 0.061653362254028204}. Best is trial 42 with value: 44.23672080039978.
trail number 40
[I 2025-07-19 11:54:11,273] Trial 40 finished with value: 44.82414782047272 and parameters: {'n_estimators': 4597, 'max_depth': 3, 'learning_rate': 0.023000598127054708}. Best is trial 42 with value: 44.23672080039978.
trail number 43
[I 2025-07-19 11:54:12,464] Trial 43 finished with value: 44.66214954853058 and parameters: {'n_estimators': 3041, 'max_depth': 5, 'learning_rate': 0.07535929445481332}. Best is trial 42 with value: 44.23672080039978.
trail number 44
[I 2025-07-19 11:54:15,955] Trial 44 finished with value: 44.218894839286804 and parameters: {'n_estimators': 2715, 'max_depth': 5, 'learning_rate': 0.10831862729479921}. Best is trial 44 with value: 44.218894839286804.
trail number 46
[I 2025-07-19 11:54:19,144] Trial 46 finished with value: 44.23650026321411 and parameters: {'n_estimators': 3244, 'max_depth': 6, 'learning_rate': 0.08480292796639533}. Best is trial 44 with value: 44.218894839286804.
trail number 45
[I 2025-07-19 11:54:19,528] Trial 45 finished with value: 45.2083683013916 and parameters: {'n_estimators': 3007, 'max_depth': 4, 'learning_rate': 0.0832492882935618}. Best is trial 44 with value: 44.218894839286804.
trail number 38
[I 2025-07-19 11:54:20,925] Trial 38 finished with value: 44.24790978431702 and parameters: {'n_estimators': 4832, 'max_depth': 5, 'learning_rate': 0.011109224324899906}. Best is trial 44 with value: 44.218894839286804.
trail number 47
[I 2025-07-19 11:54:21,309] Trial 47 finished with value: 46.05084300041199 and parameters: {'n_estimators': 3063, 'max_depth': 10, 'learning_rate': 0.12194801975403521}. Best is trial 44 with value: 44.218894839286804.
trail number 49
[I 2025-07-19 11:54:24,503] Trial 49 finished with value: 46.4208847284317 and parameters: {'n_estimators': 2896, 'max_depth': 10, 'learning_rate': 0.136648466206544}. Best is trial 44 with value: 44.218894839286804.
trail number 48
[I 2025-07-19 11:54:25,263] Trial 48 finished with value: 46.84695541858673 and parameters: {'n_estimators': 3054, 'max_depth': 11, 'learning_rate': 0.09868458200957479}. Best is trial 44 with value: 44.218894839286804.
trail number 52
[I 2025-07-19 11:54:37,684] Trial 52 finished with value: 46.34252429008484 and parameters: {'n_estimators': 4774, 'max_depth': 10, 'learning_rate': 0.03214850731820923}. Best is trial 44 with value: 44.218894839286804.
trail number 51
[I 2025-07-19 11:54:38,424] Trial 51 finished with value: 46.35789453983307 and parameters: {'n_estimators': 4838, 'max_depth': 9, 'learning_rate': 0.019874382832820905}. Best is trial 44 with value: 44.218894839286804.
trail number 50
[I 2025-07-19 11:54:42,411] Trial 50 finished with value: 46.92898213863373 and parameters: {'n_estimators': 4438, 'max_depth': 11, 'learning_rate': 0.02031158741812191}. Best is trial 44 with value: 44.218894839286804.
trail number 53
[I 2025-07-19 11:54:42,966] Trial 53 finished with value: 46.200663447380066 and parameters: {'n_estimators': 4674, 'max_depth': 8, 'learning_rate': 0.019995906454868866}. Best is trial 44 with value: 44.218894839286804.
trail number 55
[I 2025-07-19 11:54:45,068] Trial 55 finished with value: 46.52813792228699 and parameters: {'n_estimators': 4178, 'max_depth': 3, 'learning_rate': 0.285221578347597}. Best is trial 44 with value: 44.218894839286804.
trail number 56
[I 2025-07-19 11:54:47,469] Trial 56 finished with value: 44.74419593811035 and parameters: {'n_estimators': 2403, 'max_depth': 5, 'learning_rate': 0.14492232689294485}. Best is trial 44 with value: 44.218894839286804.
trail number 59
[I 2025-07-19 11:54:52,542] Trial 59 finished with value: 44.53511118888855 and parameters: {'n_estimators': 1639, 'max_depth': 3, 'learning_rate': 0.026828710976353656}. Best is trial 44 with value: 44.218894839286804.
trail number 58
[I 2025-07-19 11:54:52,912] Trial 58 finished with value: 45.72197377681732 and parameters: {'n_estimators': 3010, 'max_depth': 3, 'learning_rate': 0.13701525599323158}. Best is trial 44 with value: 44.218894839286804.
trail number 54
[I 2025-07-19 11:54:53,267] Trial 54 finished with value: 46.59953474998474 and parameters: {'n_estimators': 2972, 'max_depth': 10, 'learning_rate': 0.021397902170579616}. Best is trial 44 with value: 44.218894839286804.
trail number 57
[I 2025-07-19 11:54:56,387] Trial 57 finished with value: 44.439857006073 and parameters: {'n_estimators': 3209, 'max_depth': 4, 'learning_rate': 0.014728852399770568}. Best is trial 44 with value: 44.218894839286804.
trail number 60
[I 2025-07-19 11:54:57,639] Trial 60 finished with value: 43.80496263504028 and parameters: {'n_estimators': 1201, 'max_depth': 4, 'learning_rate': 0.013474470577338613}. Best is trial 60 with value: 43.80496263504028.
trail number 62
[I 2025-07-19 11:54:59,146] Trial 62 finished with value: 44.96363878250122 and parameters: {'n_estimators': 1736, 'max_depth': 6, 'learning_rate': 0.07260292084862566}. Best is trial 60 with value: 43.80496263504028.
trail number 61
[I 2025-07-19 11:55:01,923] Trial 61 finished with value: 45.023332834243774 and parameters: {'n_estimators': 1344, 'max_depth': 6, 'learning_rate': 0.01613753416013708}. Best is trial 60 with value: 43.80496263504028.
trail number 64
[I 2025-07-19 11:55:03,109] Trial 64 finished with value: 44.45315957069397 and parameters: {'n_estimators': 937, 'max_depth': 6, 'learning_rate': 0.06307953620310809}. Best is trial 60 with value: 43.80496263504028.
trail number 63
[I 2025-07-19 11:55:08,903] Trial 63 finished with value: 44.61629569530487 and parameters: {'n_estimators': 2891, 'max_depth': 4, 'learning_rate': 0.03979942917536546}. Best is trial 60 with value: 43.80496263504028.
trail number 68
[I 2025-07-19 11:55:09,777] Trial 68 finished with value: 42.34004735946655 and parameters: {'n_estimators': 268, 'max_depth': 3, 'learning_rate': 0.038558632130613446}. Best is trial 68 with value: 42.34004735946655.
trail number 69
[I 2025-07-19 11:55:10,516] Trial 69 finished with value: 44.009206891059875 and parameters: {'n_estimators': 135, 'max_depth': 5, 'learning_rate': 0.05620084490711655}. Best is trial 68 with value: 42.34004735946655.
trail number 70
[I 2025-07-19 11:55:13,008] Trial 70 finished with value: 42.22668647766113 and parameters: {'n_estimators': 768, 'max_depth': 3, 'learning_rate': 0.012283084427088042}. Best is trial 70 with value: 42.22668647766113.
trail number 66
[I 2025-07-19 11:55:13,281] Trial 66 finished with value: 44.69260334968567 and parameters: {'n_estimators': 3556, 'max_depth': 3, 'learning_rate': 0.013163671051307295}. Best is trial 70 with value: 42.22668647766113.
trail number 71
[I 2025-07-19 11:55:13,911] Trial 71 finished with value: 42.90773332118988 and parameters: {'n_estimators': 197, 'max_depth': 4, 'learning_rate': 0.027468726773168754}. Best is trial 70 with value: 42.22668647766113.
trail number 73
[I 2025-07-19 11:55:14,071] Trial 73 finished with value: 57.2627991437912 and parameters: {'n_estimators': 20, 'max_depth': 6, 'learning_rate': 0.01655783982257509}. Best is trial 70 with value: 42.22668647766113.
trail number 65
[I 2025-07-19 11:55:14,607] Trial 65 finished with value: 43.90892744064331 and parameters: {'n_estimators': 3615, 'max_depth': 4, 'learning_rate': 0.014797698106142402}. Best is trial 70 with value: 42.22668647766113.
trail number 74
[I 2025-07-19 11:55:14,700] Trial 74 finished with value: 43.28465819358826 and parameters: {'n_estimators': 188, 'max_depth': 3, 'learning_rate': 0.08455475826253495}. Best is trial 70 with value: 42.22668647766113.
trail number 72
[I 2025-07-19 11:55:15,545] Trial 72 finished with value: 44.1254448890686 and parameters: {'n_estimators': 526, 'max_depth': 4, 'learning_rate': 0.038568599642385674}. Best is trial 70 with value: 42.22668647766113.
trail number 75
[I 2025-07-19 11:55:15,843] Trial 75 finished with value: 44.314647912979126 and parameters: {'n_estimators': 218, 'max_depth': 5, 'learning_rate': 0.0698403032378831}. Best is trial 70 with value: 42.22668647766113.
trail number 67
[I 2025-07-19 11:55:16,516] Trial 67 finished with value: 44.42897081375122 and parameters: {'n_estimators': 3146, 'max_depth': 4, 'learning_rate': 0.019223207305797352}. Best is trial 70 with value: 42.22668647766113.
trail number 77
[I 2025-07-19 11:55:16,932] Trial 77 finished with value: 44.17901039123535 and parameters: {'n_estimators': 248, 'max_depth': 5, 'learning_rate': 0.08165751994082482}. Best is trial 70 with value: 42.22668647766113.
trail number 78
[I 2025-07-19 11:55:17,058] Trial 78 finished with value: 43.78827095031738 and parameters: {'n_estimators': 366, 'max_depth': 3, 'learning_rate': 0.05923308073055106}. Best is trial 70 with value: 42.22668647766113.
trail number 81
[I 2025-07-19 11:55:17,560] Trial 81 finished with value: 41.98687553405762 and parameters: {'n_estimators': 150, 'max_depth': 3, 'learning_rate': 0.044846710034526775}. Best is trial 81 with value: 41.98687553405762.
trail number 76
[I 2025-07-19 11:55:17,722] Trial 76 finished with value: 46.386258006095886 and parameters: {'n_estimators': 290, 'max_depth': 9, 'learning_rate': 0.08718589476185924}. Best is trial 81 with value: 41.98687553405762.
trail number 79
[I 2025-07-19 11:55:18,834] Trial 79 finished with value: 43.267693519592285 and parameters: {'n_estimators': 721, 'max_depth': 3, 'learning_rate': 0.025417476307130885}. Best is trial 81 with value: 41.98687553405762.
trail number 83
[I 2025-07-19 11:55:18,904] Trial 83 finished with value: 43.229509592056274 and parameters: {'n_estimators': 366, 'max_depth': 3, 'learning_rate': 0.05387744035041854}. Best is trial 81 with value: 41.98687553405762.
trail number 82
[I 2025-07-19 11:55:19,364] Trial 82 finished with value: 42.426748871803284 and parameters: {'n_estimators': 540, 'max_depth': 3, 'learning_rate': 0.020099687605118485}. Best is trial 81 with value: 41.98687553405762.
trail number 86
[I 2025-07-19 11:55:20,137] Trial 86 finished with value: 43.14433395862579 and parameters: {'n_estimators': 239, 'max_depth': 3, 'learning_rate': 0.012728059819319737}. Best is trial 81 with value: 41.98687553405762.
trail number 87
[I 2025-07-19 11:55:20,374] Trial 87 finished with value: 48.71624171733856 and parameters: {'n_estimators': 67, 'max_depth': 3, 'learning_rate': 0.01528403097394257}. Best is trial 81 with value: 41.98687553405762.
trail number 84
[I 2025-07-19 11:55:21,310] Trial 84 finished with value: 43.51501643657684 and parameters: {'n_estimators': 758, 'max_depth': 3, 'learning_rate': 0.02877527015854464}. Best is trial 81 with value: 41.98687553405762.
trail number 80
[I 2025-07-19 11:55:21,978] Trial 80 finished with value: 44.349011182785034 and parameters: {'n_estimators': 916, 'max_depth': 5, 'learning_rate': 0.024598750877995755}. Best is trial 81 with value: 41.98687553405762.
trail number 88
[I 2025-07-19 11:55:22,431] Trial 88 finished with value: 43.431042432785034 and parameters: {'n_estimators': 481, 'max_depth': 4, 'learning_rate': 0.01994429866942869}. Best is trial 81 with value: 41.98687553405762.
trail number 85
[I 2025-07-19 11:55:22,969] Trial 85 finished with value: 42.84451603889465 and parameters: {'n_estimators': 1264, 'max_depth': 3, 'learning_rate': 0.013426328040523572}. Best is trial 81 with value: 41.98687553405762.
trail number 91
[I 2025-07-19 11:55:23,126] Trial 91 finished with value: 43.915990591049194 and parameters: {'n_estimators': 205, 'max_depth': 3, 'learning_rate': 0.1177719417161178}. Best is trial 81 with value: 41.98687553405762.
trail number 93
[I 2025-07-19 11:55:23,415] Trial 93 finished with value: 48.77077102661133 and parameters: {'n_estimators': 82, 'max_depth': 3, 'learning_rate': 0.012368877138182098}. Best is trial 81 with value: 41.98687553405762.
trail number 92
[I 2025-07-19 11:55:26,543] Trial 92 finished with value: 44.28766429424286 and parameters: {'n_estimators': 1132, 'max_depth': 3, 'learning_rate': 0.026715446642685572}. Best is trial 81 with value: 41.98687553405762.
trail number 94
