[I 2025-07-19 12:08:43,009] Trial 1202 finished with value: 46.172659397125244 and parameters: {'n_estimators': 675, 'max_depth': 7, 'learning_rate': 0.04450179195629163}. Best is trial 321 with value: 41.67874455451965.
trail number 1204
[I 2025-07-19 12:08:44,826] Trial 1204 finished with value: 46.38098657131195 and parameters: {'n_estimators': 592, 'max_depth': 7, 'learning_rate': 0.04795270678513436}. Best is trial 321 with value: 41.67874455451965.
trail number 1205
[I 2025-07-19 12:08:44,890] Trial 1205 finished with value: 44.960002303123474 and parameters: {'n_estimators': 516, 'max_depth': 6, 'learning_rate': 0.040677540294149925}. Best is trial 321 with value: 41.67874455451965.
trail number 1207
[I 2025-07-19 12:08:45,370] Trial 1207 finished with value: 44.129077196121216 and parameters: {'n_estimators': 726, 'max_depth': 3, 'learning_rate': 0.04683877984023428}. Best is trial 321 with value: 41.67874455451965.
trail number 1206
[I 2025-07-19 12:08:47,236] Trial 1206 finished with value: 45.049415826797485 and parameters: {'n_estimators': 1525, 'max_depth': 3, 'learning_rate': 0.051306293444406084}. Best is trial 321 with value: 41.67874455451965.
trail number 1209
[I 2025-07-19 12:08:48,565] Trial 1209 finished with value: 46.36427879333496 and parameters: {'n_estimators': 1122, 'max_depth': 3, 'learning_rate': 0.09047346434962286}. Best is trial 321 with value: 41.67874455451965.
trail number 1212
[I 2025-07-19 12:08:48,859] Trial 1212 finished with value: 45.88203310966492 and parameters: {'n_estimators': 36, 'max_depth': 6, 'learning_rate': 0.06165754925572545}. Best is trial 321 with value: 41.67874455451965.
trail number 1213
[I 2025-07-19 12:08:49,269] Trial 1213 finished with value: 44.720733761787415 and parameters: {'n_estimators': 54, 'max_depth': 6, 'learning_rate': 0.094405407893252}. Best is trial 321 with value: 41.67874455451965.
trail number 1214
[I 2025-07-19 12:08:49,511] Trial 1214 finished with value: 42.10336685180664 and parameters: {'n_estimators': 57, 'max_depth': 3, 'learning_rate': 0.1097307190058465}. Best is trial 321 with value: 41.67874455451965.
trail number 1210
[I 2025-07-19 12:08:49,979] Trial 1210 finished with value: 45.809481143951416 and parameters: {'n_estimators': 1377, 'max_depth': 3, 'learning_rate': 0.10751773130551952}. Best is trial 321 with value: 41.67874455451965.
trail number 1216
[I 2025-07-19 12:08:50,080] Trial 1216 finished with value: 55.34457564353943 and parameters: {'n_estimators': 17, 'max_depth': 3, 'learning_rate': 0.023296842383815873}. Best is trial 321 with value: 41.67874455451965.
trail number 1211
[I 2025-07-19 12:08:50,762] Trial 1211 finished with value: 46.17855608463287 and parameters: {'n_estimators': 507, 'max_depth': 7, 'learning_rate': 0.08690576489307841}. Best is trial 321 with value: 41.67874455451965.
trail number 1218
[I 2025-07-19 12:08:50,875] Trial 1218 finished with value: 44.78001832962036 and parameters: {'n_estimators': 21, 'max_depth': 3, 'learning_rate': 0.08746081663149835}. Best is trial 321 with value: 41.67874455451965.
trail number 1219
[I 2025-07-19 12:08:51,324] Trial 1219 finished with value: 46.008049845695496 and parameters: {'n_estimators': 38, 'max_depth': 8, 'learning_rate': 0.11727448936681152}. Best is trial 321 with value: 41.67874455451965.
trail number 1217
[I 2025-07-19 12:08:52,903] Trial 1217 finished with value: 45.52697777748108 and parameters: {'n_estimators': 585, 'max_depth': 7, 'learning_rate': 0.12586373305773424}. Best is trial 321 with value: 41.67874455451965.
trail number 1208
[I 2025-07-19 12:08:53,973] Trial 1208 finished with value: 45.52440822124481 and parameters: {'n_estimators': 1086, 'max_depth': 7, 'learning_rate': 0.012883007409398519}. Best is trial 321 with value: 41.67874455451965.
trail number 1222
[I 2025-07-19 12:08:54,079] Trial 1222 finished with value: 56.0807991027832 and parameters: {'n_estimators': 18, 'max_depth': 3, 'learning_rate': 0.019562261615845733}. Best is trial 321 with value: 41.67874455451965.
trail number 1215
[I 2025-07-19 12:08:54,590] Trial 1215 finished with value: 46.312164664268494 and parameters: {'n_estimators': 1506, 'max_depth': 10, 'learning_rate': 0.07830042929771681}. Best is trial 321 with value: 41.67874455451965.
trail number 1223
[I 2025-07-19 12:08:56,523] Trial 1223 finished with value: 45.16463577747345 and parameters: {'n_estimators': 731, 'max_depth': 3, 'learning_rate': 0.06865737911092036}. Best is trial 321 with value: 41.67874455451965.
trail number 1224
[I 2025-07-19 12:08:58,468] Trial 1224 finished with value: 45.070375204086304 and parameters: {'n_estimators': 1237, 'max_depth': 3, 'learning_rate': 0.052835361352460135}. Best is trial 321 with value: 41.67874455451965.
trail number 1226
[I 2025-07-19 12:08:58,587] Trial 1226 finished with value: 58.424474596977234 and parameters: {'n_estimators': 22, 'max_depth': 3, 'learning_rate': 0.010073884501106335}. Best is trial 321 with value: 41.67874455451965.
trail number 1227
[I 2025-07-19 12:09:00,059] Trial 1227 finished with value: 43.36757838726044 and parameters: {'n_estimators': 442, 'max_depth': 3, 'learning_rate': 0.04625101921016364}. Best is trial 321 with value: 41.67874455451965.
trail number 1228
[I 2025-07-19 12:09:00,268] Trial 1228 finished with value: 43.46500337123871 and parameters: {'n_estimators': 43, 'max_depth': 3, 'learning_rate': 0.05618998505606108}. Best is trial 321 with value: 41.67874455451965.
trail number 1221
[I 2025-07-19 12:09:01,323] Trial 1221 finished with value: 44.92720603942871 and parameters: {'n_estimators': 1238, 'max_depth': 6, 'learning_rate': 0.010146729427051821}. Best is trial 321 with value: 41.67874455451965.
trail number 1225
[I 2025-07-19 12:09:01,683] Trial 1225 finished with value: 43.262237906455994 and parameters: {'n_estimators': 1544, 'max_depth': 3, 'learning_rate': 0.011020981095588528}. Best is trial 321 with value: 41.67874455451965.
trail number 1229
[I 2025-07-19 12:09:01,795] Trial 1229 finished with value: 46.579649448394775 and parameters: {'n_estimators': 234, 'max_depth': 13, 'learning_rate': 0.24989408347118064}. Best is trial 321 with value: 41.67874455451965.
trail number 1232
[I 2025-07-19 12:09:02,084] Trial 1232 finished with value: 45.30389487743378 and parameters: {'n_estimators': 35, 'max_depth': 6, 'learning_rate': 0.06753997760726412}. Best is trial 321 with value: 41.67874455451965.
trail number 1233
[I 2025-07-19 12:09:04,449] Trial 1233 finished with value: 44.45704936981201 and parameters: {'n_estimators': 730, 'max_depth': 3, 'learning_rate': 0.06260291759862621}. Best is trial 321 with value: 41.67874455451965.
trail number 1231
[I 2025-07-19 12:09:04,597] Trial 1231 finished with value: 45.86208879947662 and parameters: {'n_estimators': 497, 'max_depth': 7, 'learning_rate': 0.10762203825546851}. Best is trial 321 with value: 41.67874455451965.
trail number 1230
[I 2025-07-19 12:09:06,891] Trial 1230 finished with value: 44.02178227901459 and parameters: {'n_estimators': 3440, 'max_depth': 4, 'learning_rate': 0.25128005199921377}. Best is trial 321 with value: 41.67874455451965.
trail number 1234
[I 2025-07-19 12:09:09,025] Trial 1234 finished with value: 46.805943846702576 and parameters: {'n_estimators': 577, 'max_depth': 11, 'learning_rate': 0.06595196220921995}. Best is trial 321 with value: 41.67874455451965.
trail number 1235
[I 2025-07-19 12:09:09,543] Trial 1235 finished with value: 44.57712948322296 and parameters: {'n_estimators': 750, 'max_depth': 6, 'learning_rate': 0.044459078377536605}. Best is trial 321 with value: 41.67874455451965.
trail number 1237
[I 2025-07-19 12:09:10,650] Trial 1237 finished with value: 45.824196338653564 and parameters: {'n_estimators': 226, 'max_depth': 6, 'learning_rate': 0.01018815658484295}. Best is trial 321 with value: 41.67874455451965.
trail number 1239
[I 2025-07-19 12:09:10,946] Trial 1239 finished with value: 43.534167408943176 and parameters: {'n_estimators': 82, 'max_depth': 3, 'learning_rate': 0.14308898686236401}. Best is trial 321 with value: 41.67874455451965.
trail number 1236
[I 2025-07-19 12:09:12,043] Trial 1236 finished with value: 44.85655665397644 and parameters: {'n_estimators': 759, 'max_depth': 6, 'learning_rate': 0.012403393898514248}. Best is trial 321 with value: 41.67874455451965.
trail number 1241
[I 2025-07-19 12:09:12,224] Trial 1241 finished with value: 49.98032331466675 and parameters: {'n_estimators': 20, 'max_depth': 6, 'learning_rate': 0.050931586822132696}. Best is trial 321 with value: 41.67874455451965.
trail number 1238
[I 2025-07-19 12:09:14,039] Trial 1238 finished with value: 43.31970393657684 and parameters: {'n_estimators': 1366, 'max_depth': 3, 'learning_rate': 0.0135410857424959}. Best is trial 321 with value: 41.67874455451965.
trail number 1243
[I 2025-07-19 12:09:14,145] Trial 1243 finished with value: 44.5215904712677 and parameters: {'n_estimators': 16, 'max_depth': 3, 'learning_rate': 0.12068500569788454}. Best is trial 321 with value: 41.67874455451965.
trail number 1244
[I 2025-07-19 12:09:15,770] Trial 1244 finished with value: 43.308844566345215 and parameters: {'n_estimators': 488, 'max_depth': 3, 'learning_rate': 0.039107533792089366}. Best is trial 321 with value: 41.67874455451965.
trail number 1240
[I 2025-07-19 12:09:16,047] Trial 1240 finished with value: 45.73793888092041 and parameters: {'n_estimators': 605, 'max_depth': 7, 'learning_rate': 0.012415453041808591}. Best is trial 321 with value: 41.67874455451965.
trail number 1246
[I 2025-07-19 12:09:17,967] Trial 1246 finished with value: 45.080055594444275 and parameters: {'n_estimators': 574, 'max_depth': 3, 'learning_rate': 0.0698714318927168}. Best is trial 321 with value: 41.67874455451965.
trail number 1242
[I 2025-07-19 12:09:18,962] Trial 1242 finished with value: 46.1429637670517 and parameters: {'n_estimators': 4935, 'max_depth': 9, 'learning_rate': 0.1988572366433457}. Best is trial 321 with value: 41.67874455451965.
trail number 1245
[I 2025-07-19 12:09:19,446] Trial 1245 finished with value: 44.338982701301575 and parameters: {'n_estimators': 520, 'max_depth': 6, 'learning_rate': 0.04773288565028232}. Best is trial 321 with value: 41.67874455451965.
trail number 1248
[I 2025-07-19 12:09:19,455] Trial 1248 finished with value: 45.4197633266449 and parameters: {'n_estimators': 51, 'max_depth': 7, 'learning_rate': 0.10150623930648625}. Best is trial 321 with value: 41.67874455451965.
trail number 1250
[I 2025-07-19 12:09:21,369] Trial 1250 finished with value: 45.38731634616852 and parameters: {'n_estimators': 579, 'max_depth': 3, 'learning_rate': 0.10650638955033552}. Best is trial 321 with value: 41.67874455451965.
trail number 1249
[I 2025-07-19 12:09:21,550] Trial 1249 finished with value: 44.3491530418396 and parameters: {'n_estimators': 616, 'max_depth': 3, 'learning_rate': 0.061069495716870176}. Best is trial 321 with value: 41.67874455451965.
trail number 1252
[I 2025-07-19 12:09:21,789] Trial 1252 finished with value: 47.901272773742676 and parameters: {'n_estimators': 28, 'max_depth': 6, 'learning_rate': 0.049689720519857886}. Best is trial 321 with value: 41.67874455451965.
trail number 1247
[I 2025-07-19 12:09:22,808] Trial 1247 finished with value: 44.38218414783478 and parameters: {'n_estimators': 686, 'max_depth': 6, 'learning_rate': 0.046409445844093344}. Best is trial 321 with value: 41.67874455451965.
trail number 1254
[I 2025-07-19 12:09:22,914] Trial 1254 finished with value: 45.23898243904114 and parameters: {'n_estimators': 19, 'max_depth': 3, 'learning_rate': 0.08855372617518344}. Best is trial 321 with value: 41.67874455451965.
trail number 1251
[I 2025-07-19 12:09:23,633] Trial 1251 finished with value: 43.555312752723694 and parameters: {'n_estimators': 650, 'max_depth': 3, 'learning_rate': 0.03174958798995438}. Best is trial 321 with value: 41.67874455451965.
trail number 1253
[I 2025-07-19 12:09:23,723] Trial 1253 finished with value: 44.31739807128906 and parameters: {'n_estimators': 552, 'max_depth': 3, 'learning_rate': 0.08980745494075044}. Best is trial 321 with value: 41.67874455451965.
trail number 1256
[I 2025-07-19 12:09:25,672] Trial 1256 finished with value: 44.70805287361145 and parameters: {'n_estimators': 630, 'max_depth': 3, 'learning_rate': 0.07097693443507984}. Best is trial 321 with value: 41.67874455451965.
trail number 1258
[I 2025-07-19 12:09:26,861] Trial 1258 finished with value: 42.54838705062866 and parameters: {'n_estimators': 368, 'max_depth': 3, 'learning_rate': 0.011270116630279228}. Best is trial 321 with value: 41.67874455451965.
trail number 1255
[I 2025-07-19 12:09:28,305] Trial 1255 finished with value: 44.27509546279907 and parameters: {'n_estimators': 789, 'max_depth': 6, 'learning_rate': 0.04358472118112441}. Best is trial 321 with value: 41.67874455451965.
trail number 1260
[I 2025-07-19 12:09:28,685] Trial 1260 finished with value: 44.43530201911926 and parameters: {'n_estimators': 46, 'max_depth': 6, 'learning_rate': 0.10704092505148441}. Best is trial 321 with value: 41.67874455451965.
trail number 1257
[I 2025-07-19 12:09:29,585] Trial 1257 finished with value: 44.38778638839722 and parameters: {'n_estimators': 1357, 'max_depth': 6, 'learning_rate': 0.06411679469238306}. Best is trial 321 with value: 41.67874455451965.
trail number 1259
[I 2025-07-19 12:09:30,430] Trial 1259 finished with value: 44.7258996963501 and parameters: {'n_estimators': 1074, 'max_depth': 3, 'learning_rate': 0.043273901756621186}. Best is trial 321 with value: 41.67874455451965.
trail number 1261
[I 2025-07-19 12:09:32,723] Trial 1261 finished with value: 44.83076274394989 and parameters: {'n_estimators': 617, 'max_depth': 6, 'learning_rate': 0.042622301725486325}. Best is trial 321 with value: 41.67874455451965.
trail number 1262
[I 2025-07-19 12:09:33,091] Trial 1262 finished with value: 42.50687301158905 and parameters: {'n_estimators': 1099, 'max_depth': 3, 'learning_rate': 0.010978671356871642}. Best is trial 321 with value: 41.67874455451965.
trail number 1263
[I 2025-07-19 12:09:34,151] Trial 1263 finished with value: 44.43498075008392 and parameters: {'n_estimators': 572, 'max_depth': 6, 'learning_rate': 0.08121809161013362}. Best is trial 321 with value: 41.67874455451965.
trail number 1265
[I 2025-07-19 12:09:34,550] Trial 1265 finished with value: 44.154614210128784 and parameters: {'n_estimators': 439, 'max_depth': 3, 'learning_rate': 0.062133073711167885}. Best is trial 321 with value: 41.67874455451965.
trail number 1266
[I 2025-07-19 12:09:34,641] Trial 1266 finished with value: 43.81266176700592 and parameters: {'n_estimators': 62, 'max_depth': 6, 'learning_rate': 0.08047996068065466}. Best is trial 321 with value: 41.67874455451965.
trail number 1220
[I 2025-07-19 12:09:36,051] Trial 1220 finished with value: 47.268109917640686 and parameters: {'n_estimators': 4227, 'max_depth': 30, 'learning_rate': 0.013952317270541359}. Best is trial 321 with value: 41.67874455451965.
trail number 1267
[I 2025-07-19 12:09:36,185] Trial 1267 finished with value: 42.09042549133301 and parameters: {'n_estimators': 476, 'max_depth': 3, 'learning_rate': 0.011217888433219265}. Best is trial 321 with value: 41.67874455451965.
trail number 1268
[I 2025-07-19 12:09:36,384] Trial 1268 finished with value: 43.72787952423096 and parameters: {'n_estimators': 515, 'max_depth': 3, 'learning_rate': 0.04594887509268465}. Best is trial 321 with value: 41.67874455451965.
trail number 1269
[I 2025-07-19 12:09:37,676] Trial 1269 finished with value: 42.15565264225006 and parameters: {'n_estimators': 476, 'max_depth': 3, 'learning_rate': 0.01099500802341636}. Best is trial 321 with value: 41.67874455451965.
trail number 1271
[I 2025-07-19 12:09:38,911] Trial 1271 finished with value: 42.10099279880524 and parameters: {'n_estimators': 781, 'max_depth': 3, 'learning_rate': 0.010093436689262634}. Best is trial 321 with value: 41.67874455451965.
trail number 1273
[I 2025-07-19 12:09:39,088] Trial 1273 finished with value: 43.07442545890808 and parameters: {'n_estimators': 36, 'max_depth': 3, 'learning_rate': 0.08320295517383865}. Best is trial 321 with value: 41.67874455451965.
trail number 1270
[I 2025-07-19 12:09:40,060] Trial 1270 finished with value: 46.300288438797 and parameters: {'n_estimators': 664, 'max_depth': 7, 'learning_rate': 0.08582378320429024}. Best is trial 321 with value: 41.67874455451965.
trail number 1275
[I 2025-07-19 12:09:40,217] Trial 1275 finished with value: 52.08665370941162 and parameters: {'n_estimators': 10, 'max_depth': 9, 'learning_rate': 0.09050587792948117}. Best is trial 321 with value: 41.67874455451965.
trail number 1276
[I 2025-07-19 12:09:40,333] Trial 1276 finished with value: 59.83637571334839 and parameters: {'n_estimators': 13, 'max_depth': 5, 'learning_rate': 0.01326326956766299}. Best is trial 321 with value: 41.67874455451965.
trail number 1274
[I 2025-07-19 12:09:41,330] Trial 1274 finished with value: 45.927554965019226 and parameters: {'n_estimators': 245, 'max_depth': 7, 'learning_rate': 0.015446577957971797}. Best is trial 321 with value: 41.67874455451965.
trail number 1278
[I 2025-07-19 12:09:41,747] Trial 1278 finished with value: 44.6777069568634 and parameters: {'n_estimators': 52, 'max_depth': 6, 'learning_rate': 0.09366303213514975}. Best is trial 321 with value: 41.67874455451965.
trail number 1277
[I 2025-07-19 12:09:43,425] Trial 1277 finished with value: 46.88316464424133 and parameters: {'n_estimators': 212, 'max_depth': 11, 'learning_rate': 0.049832405036339546}. Best is trial 321 with value: 41.67874455451965.
trail number 1279
[I 2025-07-19 12:09:43,697] Trial 1279 finished with value: 43.6634224653244 and parameters: {'n_estimators': 589, 'max_depth': 3, 'learning_rate': 0.04013221525207961}. Best is trial 321 with value: 41.67874455451965.
trail number 1280
[I 2025-07-19 12:09:43,863] Trial 1280 finished with value: 44.124603271484375 and parameters: {'n_estimators': 106, 'max_depth': 3, 'learning_rate': 0.18789323392738178}. Best is trial 321 with value: 41.67874455451965.
trail number 1281
[I 2025-07-19 12:09:43,960] Trial 1281 finished with value: 42.47424125671387 and parameters: {'n_estimators': 57, 'max_depth': 3, 'learning_rate': 0.07121154839270817}. Best is trial 321 with value: 41.67874455451965.
trail number 1282
[I 2025-07-19 12:09:44,322] Trial 1282 finished with value: 46.45169258117676 and parameters: {'n_estimators': 55, 'max_depth': 6, 'learning_rate': 0.03470982260848207}. Best is trial 321 with value: 41.67874455451965.
trail number 1272
[I 2025-07-19 12:09:44,755] Trial 1272 finished with value: 47.35802173614502 and parameters: {'n_estimators': 4212, 'max_depth': 26, 'learning_rate': 0.2023509385743654}. Best is trial 321 with value: 41.67874455451965.
trail number 1285
[I 2025-07-19 12:09:48,125] Trial 1285 finished with value: 45.56105077266693 and parameters: {'n_estimators': 1029, 'max_depth': 3, 'learning_rate': 0.07957379976746594}. Best is trial 321 with value: 41.67874455451965.
trail number 1283
[I 2025-07-19 12:09:48,452] Trial 1283 finished with value: 44.79702353477478 and parameters: {'n_estimators': 644, 'max_depth': 6, 'learning_rate': 0.04980040828437926}. Best is trial 321 with value: 41.67874455451965.
trail number 1287
[I 2025-07-19 12:09:49,055] Trial 1287 finished with value: 54.346163272857666 and parameters: {'n_estimators': 52, 'max_depth': 9, 'learning_rate': 0.012047616954654457}. Best is trial 321 with value: 41.67874455451965.
trail number 1286
[I 2025-07-19 12:09:49,747] Trial 1286 finished with value: 46.31308972835541 and parameters: {'n_estimators': 171, 'max_depth': 8, 'learning_rate': 0.16904634526560908}. Best is trial 321 with value: 41.67874455451965.
trail number 1288
[I 2025-07-19 12:09:50,871] Trial 1288 finished with value: 45.9189236164093 and parameters: {'n_estimators': 456, 'max_depth': 8, 'learning_rate': 0.1789888796782549}. Best is trial 321 with value: 41.67874455451965.
trail number 1284
[I 2025-07-19 12:09:56,872] Trial 1284 finished with value: 47.197837829589844 and parameters: {'n_estimators': 1526, 'max_depth': 11, 'learning_rate': 0.02589684623780366}. Best is trial 321 with value: 41.67874455451965.
trail number 1289
[I 2025-07-19 12:09:56,967] Trial 1289 finished with value: 46.19554877281189 and parameters: {'n_estimators': 1329, 'max_depth': 8, 'learning_rate': 0.041610641317139374}. Best is trial 321 with value: 41.67874455451965.
trail number 1292
[I 2025-07-19 12:09:57,149] Trial 1292 finished with value: 43.8934600353241 and parameters: {'n_estimators': 41, 'max_depth': 3, 'learning_rate': 0.05406575374200745}. Best is trial 321 with value: 41.67874455451965.
trail number 1293
[I 2025-07-19 12:09:59,956] Trial 1293 finished with value: 45.222896337509155 and parameters: {'n_estimators': 872, 'max_depth': 3, 'learning_rate': 0.13553261741123815}. Best is trial 321 with value: 41.67874455451965.
trail number 1264
[I 2025-07-19 12:10:02,087] Trial 1264 finished with value: 45.04943013191223 and parameters: {'n_estimators': 4236, 'max_depth': 6, 'learning_rate': 0.0115869781857742}. Best is trial 321 with value: 41.67874455451965.
trail number 1295
[I 2025-07-19 12:10:04,093] Trial 1295 finished with value: 45.302242040634155 and parameters: {'n_estimators': 627, 'max_depth': 3, 'learning_rate': 0.0943040669981002}. Best is trial 321 with value: 41.67874455451965.
trail number 1290
[I 2025-07-19 12:10:04,281] Trial 1290 finished with value: 46.33127748966217 and parameters: {'n_estimators': 1741, 'max_depth': 10, 'learning_rate': 0.022412278765955918}. Best is trial 321 with value: 41.67874455451965.
trail number 1291
[I 2025-07-19 12:10:04,676] Trial 1291 finished with value: 44.460137486457825 and parameters: {'n_estimators': 1196, 'max_depth': 6, 'learning_rate': 0.04542557625064732}. Best is trial 321 with value: 41.67874455451965.
trail number 1294
