[I 2025-07-19 12:29:52,206] Trial 2862 finished with value: 43.58558416366577 and parameters: {'n_estimators': 48, 'max_depth': 3, 'learning_rate': 0.05142977175228283}. Best is trial 321 with value: 41.67874455451965.
trail number 2863
[I 2025-07-19 12:29:52,484] Trial 2863 finished with value: 45.10285019874573 and parameters: {'n_estimators': 34, 'max_depth': 5, 'learning_rate': 0.11828420133448714}. Best is trial 321 with value: 41.67874455451965.
trail number 2864
[I 2025-07-19 12:29:52,729] Trial 2864 finished with value: 45.813825726509094 and parameters: {'n_estimators': 24, 'max_depth': 6, 'learning_rate': 0.08675519985326809}. Best is trial 321 with value: 41.67874455451965.
trail number 2859
[I 2025-07-19 12:29:53,133] Trial 2859 finished with value: 44.58095848560333 and parameters: {'n_estimators': 507, 'max_depth': 6, 'learning_rate': 0.09639518228979733}. Best is trial 321 with value: 41.67874455451965.
trail number 2860
[I 2025-07-19 12:29:53,181] Trial 2860 finished with value: 46.34278476238251 and parameters: {'n_estimators': 656, 'max_depth': 10, 'learning_rate': 0.10005066852835892}. Best is trial 321 with value: 41.67874455451965.
trail number 2867
[I 2025-07-19 12:29:53,553] Trial 2867 finished with value: 42.602384090423584 and parameters: {'n_estimators': 83, 'max_depth': 3, 'learning_rate': 0.09971556878522546}. Best is trial 321 with value: 41.67874455451965.
trail number 2868
[I 2025-07-19 12:29:53,660] Trial 2868 finished with value: 46.992210149765015 and parameters: {'n_estimators': 12, 'max_depth': 3, 'learning_rate': 0.10421754596631606}. Best is trial 321 with value: 41.67874455451965.
trail number 2865
[I 2025-07-19 12:29:56,594] Trial 2865 finished with value: 44.528361558914185 and parameters: {'n_estimators': 544, 'max_depth': 6, 'learning_rate': 0.089694860418123}. Best is trial 321 with value: 41.67874455451965.
trail number 2851
[I 2025-07-19 12:29:57,106] Trial 2851 finished with value: 45.73559105396271 and parameters: {'n_estimators': 4095, 'max_depth': 3, 'learning_rate': 0.035136086680793516}. Best is trial 321 with value: 41.67874455451965.
trail number 2866
[I 2025-07-19 12:29:57,244] Trial 2866 finished with value: 45.0105881690979 and parameters: {'n_estimators': 626, 'max_depth': 6, 'learning_rate': 0.0928244408655173}. Best is trial 321 with value: 41.67874455451965.
trail number 2872
[I 2025-07-19 12:29:57,355] Trial 2872 finished with value: 51.29985570907593 and parameters: {'n_estimators': 10, 'max_depth': 4, 'learning_rate': 0.07411382502151617}. Best is trial 321 with value: 41.67874455451965.
trail number 2869
[I 2025-07-19 12:29:57,554] Trial 2869 finished with value: 46.984902024269104 and parameters: {'n_estimators': 903, 'max_depth': 14, 'learning_rate': 0.11961123288951}. Best is trial 321 with value: 41.67874455451965.
trail number 2873
[I 2025-07-19 12:29:58,478] Trial 2873 finished with value: 49.84190285205841 and parameters: {'n_estimators': 58, 'max_depth': 16, 'learning_rate': 0.02420377014464592}. Best is trial 321 with value: 41.67874455451965.
trail number 2875
[I 2025-07-19 12:29:58,873] Trial 2875 finished with value: 46.71289920806885 and parameters: {'n_estimators': 38, 'max_depth': 7, 'learning_rate': 0.07879416674472671}. Best is trial 321 with value: 41.67874455451965.
trail number 2870
[I 2025-07-19 12:30:00,338] Trial 2870 finished with value: 46.01543843746185 and parameters: {'n_estimators': 479, 'max_depth': 9, 'learning_rate': 0.08254753771915291}. Best is trial 321 with value: 41.67874455451965.
trail number 2871
[I 2025-07-19 12:30:00,941] Trial 2871 finished with value: 45.87436616420746 and parameters: {'n_estimators': 495, 'max_depth': 7, 'learning_rate': 0.0877279175978572}. Best is trial 321 with value: 41.67874455451965.
trail number 2878
[I 2025-07-19 12:30:01,363] Trial 2878 finished with value: 42.328113317489624 and parameters: {'n_estimators': 98, 'max_depth': 3, 'learning_rate': 0.06600733043474363}. Best is trial 321 with value: 41.67874455451965.
trail number 2874
[I 2025-07-19 12:30:01,820] Trial 2874 finished with value: 45.89198052883148 and parameters: {'n_estimators': 532, 'max_depth': 7, 'learning_rate': 0.07688967395640414}. Best is trial 321 with value: 41.67874455451965.
trail number 2879
[I 2025-07-19 12:30:01,995] Trial 2879 finished with value: 44.172351360321045 and parameters: {'n_estimators': 69, 'max_depth': 6, 'learning_rate': 0.07675726874741554}. Best is trial 321 with value: 41.67874455451965.
trail number 2876
[I 2025-07-19 12:30:03,415] Trial 2876 finished with value: 46.746946573257446 and parameters: {'n_estimators': 545, 'max_depth': 9, 'learning_rate': 0.06579211255383939}. Best is trial 321 with value: 41.67874455451965.
trail number 2882
[I 2025-07-19 12:30:03,615] Trial 2882 finished with value: 43.26933443546295 and parameters: {'n_estimators': 40, 'max_depth': 3, 'learning_rate': 0.07171727391816278}. Best is trial 321 with value: 41.67874455451965.
trail number 2881
[I 2025-07-19 12:30:04,245] Trial 2881 finished with value: 45.46219348907471 and parameters: {'n_estimators': 596, 'max_depth': 3, 'learning_rate': 0.11752131788662147}. Best is trial 321 with value: 41.67874455451965.
trail number 2880
[I 2025-07-19 12:30:04,468] Trial 2880 finished with value: 44.38133955001831 and parameters: {'n_estimators': 693, 'max_depth': 3, 'learning_rate': 0.06851291848717814}. Best is trial 321 with value: 41.67874455451965.
trail number 2877
[I 2025-07-19 12:30:04,739] Trial 2877 finished with value: 44.59876775741577 and parameters: {'n_estimators': 1122, 'max_depth': 3, 'learning_rate': 0.08988431404014023}. Best is trial 321 with value: 41.67874455451965.
trail number 2883
[I 2025-07-19 12:30:05,696] Trial 2883 finished with value: 45.12707054615021 and parameters: {'n_estimators': 552, 'max_depth': 3, 'learning_rate': 0.11291576230658593}. Best is trial 321 with value: 41.67874455451965.
trail number 2887
[I 2025-07-19 12:30:05,969] Trial 2887 finished with value: 42.67848312854767 and parameters: {'n_estimators': 59, 'max_depth': 3, 'learning_rate': 0.1568218774262018}. Best is trial 321 with value: 41.67874455451965.
trail number 2888
[I 2025-07-19 12:30:06,351] Trial 2888 finished with value: 48.58421087265015 and parameters: {'n_estimators': 34, 'max_depth': 7, 'learning_rate': 0.0451393867154712}. Best is trial 321 with value: 41.67874455451965.
trail number 2889
[I 2025-07-19 12:30:06,581] Trial 2889 finished with value: 43.486451506614685 and parameters: {'n_estimators': 45, 'max_depth': 3, 'learning_rate': 0.06280081301590412}. Best is trial 321 with value: 41.67874455451965.
trail number 2886
[I 2025-07-19 12:30:07,117] Trial 2886 finished with value: 45.272072553634644 and parameters: {'n_estimators': 595, 'max_depth': 3, 'learning_rate': 0.10278990947573956}. Best is trial 321 with value: 41.67874455451965.
trail number 2885
[I 2025-07-19 12:30:08,459] Trial 2885 finished with value: 44.39414203166962 and parameters: {'n_estimators': 572, 'max_depth': 6, 'learning_rate': 0.09927354660958011}. Best is trial 321 with value: 41.67874455451965.
trail number 2892
[I 2025-07-19 12:30:08,642] Trial 2892 finished with value: 42.554404735565186 and parameters: {'n_estimators': 33, 'max_depth': 3, 'learning_rate': 0.14609112235738797}. Best is trial 321 with value: 41.67874455451965.
trail number 2884
[I 2025-07-19 12:30:09,382] Trial 2884 finished with value: 44.299821853637695 and parameters: {'n_estimators': 663, 'max_depth': 6, 'learning_rate': 0.07746461844488482}. Best is trial 321 with value: 41.67874455451965.
trail number 2890
[I 2025-07-19 12:30:09,766] Trial 2890 finished with value: 44.30146276950836 and parameters: {'n_estimators': 418, 'max_depth': 6, 'learning_rate': 0.08605570578353536}. Best is trial 321 with value: 41.67874455451965.
trail number 2895
[I 2025-07-19 12:30:10,119] Trial 2895 finished with value: 45.61407685279846 and parameters: {'n_estimators': 38, 'max_depth': 6, 'learning_rate': 0.06314135486433793}. Best is trial 321 with value: 41.67874455451965.
trail number 2896
[I 2025-07-19 12:30:10,368] Trial 2896 finished with value: 45.38538157939911 and parameters: {'n_estimators': 24, 'max_depth': 6, 'learning_rate': 0.10303869257134429}. Best is trial 321 with value: 41.67874455451965.
trail number 2897
[I 2025-07-19 12:30:10,750] Trial 2897 finished with value: 42.42249011993408 and parameters: {'n_estimators': 85, 'max_depth': 3, 'learning_rate': 0.05343305551475895}. Best is trial 321 with value: 41.67874455451965.
trail number 2891
[I 2025-07-19 12:30:10,958] Trial 2891 finished with value: 44.71080005168915 and parameters: {'n_estimators': 491, 'max_depth': 6, 'learning_rate': 0.08271110645575107}. Best is trial 321 with value: 41.67874455451965.
trail number 2899
[I 2025-07-19 12:30:11,114] Trial 2899 finished with value: 48.81059229373932 and parameters: {'n_estimators': 13, 'max_depth': 6, 'learning_rate': 0.09767393182821989}. Best is trial 321 with value: 41.67874455451965.
trail number 2898
[I 2025-07-19 12:30:11,139] Trial 2898 finished with value: 45.55607259273529 and parameters: {'n_estimators': 34, 'max_depth': 6, 'learning_rate': 0.06576027597797372}. Best is trial 321 with value: 41.67874455451965.
trail number 2901
[I 2025-07-19 12:30:11,594] Trial 2901 finished with value: 46.63638114929199 and parameters: {'n_estimators': 30, 'max_depth': 9, 'learning_rate': 0.11250577398499718}. Best is trial 321 with value: 41.67874455451965.
trail number 2902
[I 2025-07-19 12:30:11,720] Trial 2902 finished with value: 50.7763135433197 and parameters: {'n_estimators': 10, 'max_depth': 5, 'learning_rate': 0.08407157397364846}. Best is trial 321 with value: 41.67874455451965.
trail number 2894
[I 2025-07-19 12:30:12,939] Trial 2894 finished with value: 44.70965266227722 and parameters: {'n_estimators': 724, 'max_depth': 6, 'learning_rate': 0.1378087267041742}. Best is trial 321 with value: 41.67874455451965.
trail number 2903
[I 2025-07-19 12:30:13,659] Trial 2903 finished with value: 44.69729483127594 and parameters: {'n_estimators': 535, 'max_depth': 3, 'learning_rate': 0.09187933698215599}. Best is trial 321 with value: 41.67874455451965.
trail number 2893
[I 2025-07-19 12:30:13,743] Trial 2893 finished with value: 44.316885471343994 and parameters: {'n_estimators': 620, 'max_depth': 6, 'learning_rate': 0.07309610768938812}. Best is trial 321 with value: 41.67874455451965.
trail number 2904
[I 2025-07-19 12:30:15,438] Trial 2904 finished with value: 43.877196311950684 and parameters: {'n_estimators': 766, 'max_depth': 5, 'learning_rate': 0.21816184809021893}. Best is trial 321 with value: 41.67874455451965.
trail number 2905
[I 2025-07-19 12:30:15,792] Trial 2905 finished with value: 44.11914944648743 and parameters: {'n_estimators': 584, 'max_depth': 3, 'learning_rate': 0.08821487699815102}. Best is trial 321 with value: 41.67874455451965.
trail number 2900
[I 2025-07-19 12:30:16,082] Trial 2900 finished with value: 46.40108644962311 and parameters: {'n_estimators': 1262, 'max_depth': 7, 'learning_rate': 0.08338087257748701}. Best is trial 321 with value: 41.67874455451965.
trail number 2909
[I 2025-07-19 12:30:16,306] Trial 2909 finished with value: 44.624897837638855 and parameters: {'n_estimators': 46, 'max_depth': 3, 'learning_rate': 0.04254746114242585}. Best is trial 321 with value: 41.67874455451965.
trail number 2910
[I 2025-07-19 12:30:16,557] Trial 2910 finished with value: 42.46173679828644 and parameters: {'n_estimators': 53, 'max_depth': 3, 'learning_rate': 0.09138486671053306}. Best is trial 321 with value: 41.67874455451965.
trail number 2908
[I 2025-07-19 12:30:17,266] Trial 2908 finished with value: 44.363001585006714 and parameters: {'n_estimators': 343, 'max_depth': 3, 'learning_rate': 0.09085508484004567}. Best is trial 321 with value: 41.67874455451965.
trail number 2907
[I 2025-07-19 12:30:17,608] Trial 2907 finished with value: 44.86500382423401 and parameters: {'n_estimators': 510, 'max_depth': 3, 'learning_rate': 0.08609626189596976}. Best is trial 321 with value: 41.67874455451965.
trail number 2906
[I 2025-07-19 12:30:17,831] Trial 2906 finished with value: 45.23138880729675 and parameters: {'n_estimators': 1068, 'max_depth': 3, 'learning_rate': 0.07544201398357495}. Best is trial 321 with value: 41.67874455451965.
trail number 2914
[I 2025-07-19 12:30:18,036] Trial 2914 finished with value: 44.00926887989044 and parameters: {'n_estimators': 41, 'max_depth': 3, 'learning_rate': 0.05190126806447909}. Best is trial 321 with value: 41.67874455451965.
trail number 2915
[I 2025-07-19 12:30:18,666] Trial 2915 finished with value: 45.30634641647339 and parameters: {'n_estimators': 76, 'max_depth': 6, 'learning_rate': 0.2862166315460959}. Best is trial 321 with value: 41.67874455451965.
trail number 2912
[I 2025-07-19 12:30:20,953] Trial 2912 finished with value: 45.453802943229675 and parameters: {'n_estimators': 1002, 'max_depth': 3, 'learning_rate': 0.08771262901523441}. Best is trial 321 with value: 41.67874455451965.
trail number 2911
[I 2025-07-19 12:30:21,095] Trial 2911 finished with value: 45.577651262283325 and parameters: {'n_estimators': 1200, 'max_depth': 3, 'learning_rate': 0.07064754413932363}. Best is trial 321 with value: 41.67874455451965.
trail number 2918
[I 2025-07-19 12:30:21,540] Trial 2918 finished with value: 45.304866433143616 and parameters: {'n_estimators': 48, 'max_depth': 6, 'learning_rate': 0.059063110877534214}. Best is trial 321 with value: 41.67874455451965.
trail number 2913
[I 2025-07-19 12:30:22,455] Trial 2913 finished with value: 45.81293046474457 and parameters: {'n_estimators': 537, 'max_depth': 7, 'learning_rate': 0.06342242963476172}. Best is trial 321 with value: 41.67874455451965.
trail number 2919
[I 2025-07-19 12:30:22,856] Trial 2919 finished with value: 46.76747679710388 and parameters: {'n_estimators': 98, 'max_depth': 9, 'learning_rate': 0.04801928606028866}. Best is trial 321 with value: 41.67874455451965.
trail number 2921
[I 2025-07-19 12:30:22,979] Trial 2921 finished with value: 47.88595259189606 and parameters: {'n_estimators': 16, 'max_depth': 3, 'learning_rate': 0.06908667424579001}. Best is trial 321 with value: 41.67874455451965.
trail number 2920
[I 2025-07-19 12:30:24,272] Trial 2920 finished with value: 46.649940609931946 and parameters: {'n_estimators': 123, 'max_depth': 10, 'learning_rate': 0.056953048914372896}. Best is trial 321 with value: 41.67874455451965.
trail number 2923
[I 2025-07-19 12:30:24,467] Trial 2923 finished with value: 47.16220557689667 and parameters: {'n_estimators': 17, 'max_depth': 6, 'learning_rate': 0.10514251897030828}. Best is trial 321 with value: 41.67874455451965.
trail number 2924
[I 2025-07-19 12:30:24,756] Trial 2924 finished with value: 42.52556324005127 and parameters: {'n_estimators': 62, 'max_depth': 3, 'learning_rate': 0.11361915924111293}. Best is trial 321 with value: 41.67874455451965.
trail number 2925
[I 2025-07-19 12:30:24,937] Trial 2925 finished with value: 46.18343532085419 and parameters: {'n_estimators': 32, 'max_depth': 3, 'learning_rate': 0.04653275072741409}. Best is trial 321 with value: 41.67874455451965.
trail number 2916
[I 2025-07-19 12:30:25,118] Trial 2916 finished with value: 46.57295048236847 and parameters: {'n_estimators': 3018, 'max_depth': 30, 'learning_rate': 0.1789786812839776}. Best is trial 321 with value: 41.67874455451965.
trail number 2927
[I 2025-07-19 12:30:25,330] Trial 2927 finished with value: 42.79633700847626 and parameters: {'n_estimators': 42, 'max_depth': 3, 'learning_rate': 0.07704177011875137}. Best is trial 321 with value: 41.67874455451965.
trail number 2917
[I 2025-07-19 12:30:26,352] Trial 2917 finished with value: 45.887104868888855 and parameters: {'n_estimators': 3061, 'max_depth': 8, 'learning_rate': 0.24708961457699558}. Best is trial 321 with value: 41.67874455451965.
trail number 2926
[I 2025-07-19 12:30:26,966] Trial 2926 finished with value: 43.70819270610809 and parameters: {'n_estimators': 514, 'max_depth': 3, 'learning_rate': 0.046449014307708855}. Best is trial 321 with value: 41.67874455451965.
trail number 2930
[I 2025-07-19 12:30:27,194] Trial 2930 finished with value: 42.89653837680817 and parameters: {'n_estimators': 47, 'max_depth': 3, 'learning_rate': 0.07572496937920384}. Best is trial 321 with value: 41.67874455451965.
trail number 2922
[I 2025-07-19 12:30:28,980] Trial 2922 finished with value: 45.929086208343506 and parameters: {'n_estimators': 3881, 'max_depth': 10, 'learning_rate': 0.2999481106908189}. Best is trial 321 with value: 41.67874455451965.
trail number 2928
[I 2025-07-19 12:30:30,141] Trial 2928 finished with value: 45.465925335884094 and parameters: {'n_estimators': 971, 'max_depth': 7, 'learning_rate': 0.07349008585515322}. Best is trial 321 with value: 41.67874455451965.
trail number 2931
[I 2025-07-19 12:30:30,258] Trial 2931 finished with value: 44.53504025936127 and parameters: {'n_estimators': 604, 'max_depth': 6, 'learning_rate': 0.12193390884029183}. Best is trial 321 with value: 41.67874455451965.
trail number 2934
[I 2025-07-19 12:30:30,445] Trial 2934 finished with value: 44.32952582836151 and parameters: {'n_estimators': 21, 'max_depth': 5, 'learning_rate': 0.13063026775974593}. Best is trial 321 with value: 41.67874455451965.
trail number 2929
[I 2025-07-19 12:30:31,996] Trial 2929 finished with value: 46.04824185371399 and parameters: {'n_estimators': 1164, 'max_depth': 7, 'learning_rate': 0.06617747217044309}. Best is trial 321 with value: 41.67874455451965.
trail number 2936
[I 2025-07-19 12:30:32,202] Trial 2936 finished with value: 46.369906067848206 and parameters: {'n_estimators': 20, 'max_depth': 6, 'learning_rate': 0.08525225634929921}. Best is trial 321 with value: 41.67874455451965.
trail number 2933
[I 2025-07-19 12:30:33,059] Trial 2933 finished with value: 44.32421147823334 and parameters: {'n_estimators': 705, 'max_depth': 6, 'learning_rate': 0.15464798823425258}. Best is trial 321 with value: 41.67874455451965.
trail number 2937
[I 2025-07-19 12:30:34,530] Trial 2937 finished with value: 44.12155210971832 and parameters: {'n_estimators': 676, 'max_depth': 3, 'learning_rate': 0.04774986410934271}. Best is trial 321 with value: 41.67874455451965.
trail number 2939
[I 2025-07-19 12:30:34,633] Trial 2939 finished with value: 50.69888889789581 and parameters: {'n_estimators': 10, 'max_depth': 3, 'learning_rate': 0.07542850441053219}. Best is trial 321 with value: 41.67874455451965.
trail number 2938
[I 2025-07-19 12:30:34,962] Trial 2938 finished with value: 43.34803581237793 and parameters: {'n_estimators': 546, 'max_depth': 3, 'learning_rate': 0.039859389861718705}. Best is trial 321 with value: 41.67874455451965.
trail number 2932
[I 2025-07-19 12:30:35,193] Trial 2932 finished with value: 44.53994154930115 and parameters: {'n_estimators': 901, 'max_depth': 6, 'learning_rate': 0.05996784600644304}. Best is trial 321 with value: 41.67874455451965.
trail number 2935
[I 2025-07-19 12:30:35,654] Trial 2935 finished with value: 46.51238739490509 and parameters: {'n_estimators': 569, 'max_depth': 7, 'learning_rate': 0.040080176091752254}. Best is trial 321 with value: 41.67874455451965.
trail number 2942
[I 2025-07-19 12:30:36,990] Trial 2942 finished with value: 44.62048053741455 and parameters: {'n_estimators': 501, 'max_depth': 3, 'learning_rate': 0.07190688280218473}. Best is trial 321 with value: 41.67874455451965.
trail number 2941
[I 2025-07-19 12:30:37,307] Trial 2941 finished with value: 44.42979335784912 and parameters: {'n_estimators': 624, 'max_depth': 3, 'learning_rate': 0.08645540562689509}. Best is trial 321 with value: 41.67874455451965.
trail number 2943
[I 2025-07-19 12:30:38,841] Trial 2943 finished with value: 44.571375250816345 and parameters: {'n_estimators': 948, 'max_depth': 3, 'learning_rate': 0.07021232124483567}. Best is trial 321 with value: 41.67874455451965.
trail number 2946
[I 2025-07-19 12:30:39,001] Trial 2946 finished with value: 43.33135008811951 and parameters: {'n_estimators': 28, 'max_depth': 3, 'learning_rate': 0.0862853617129271}. Best is trial 321 with value: 41.67874455451965.
trail number 2947
[I 2025-07-19 12:30:39,241] Trial 2947 finished with value: 42.812490463256836 and parameters: {'n_estimators': 48, 'max_depth': 3, 'learning_rate': 0.06927357792756704}. Best is trial 321 with value: 41.67874455451965.
trail number 2940
[I 2025-07-19 12:30:39,449] Trial 2940 finished with value: 44.29993808269501 and parameters: {'n_estimators': 631, 'max_depth': 6, 'learning_rate': 0.04520551423663896}. Best is trial 321 with value: 41.67874455451965.
trail number 2948
[I 2025-07-19 12:30:39,601] Trial 2948 finished with value: 43.45934450626373 and parameters: {'n_estimators': 68, 'max_depth': 3, 'learning_rate': 0.03656911310530095}. Best is trial 321 with value: 41.67874455451965.
trail number 2949
[I 2025-07-19 12:30:39,698] Trial 2949 finished with value: 42.41241753101349 and parameters: {'n_estimators': 40, 'max_depth': 3, 'learning_rate': 0.11989656007582847}. Best is trial 321 with value: 41.67874455451965.
trail number 2950
[I 2025-07-19 12:30:39,821] Trial 2950 finished with value: 58.68288993835449 and parameters: {'n_estimators': 13, 'max_depth': 7, 'learning_rate': 0.018104747305530064}. Best is trial 321 with value: 41.67874455451965.
trail number 2945
[I 2025-07-19 12:30:40,694] Trial 2945 finished with value: 44.52284097671509 and parameters: {'n_estimators': 443, 'max_depth': 6, 'learning_rate': 0.046441844076902494}. Best is trial 321 with value: 41.67874455451965.
trail number 2944
[I 2025-07-19 12:30:40,900] Trial 2944 finished with value: 44.615551829338074 and parameters: {'n_estimators': 501, 'max_depth': 6, 'learning_rate': 0.03588117565930177}. Best is trial 321 with value: 41.67874455451965.
trail number 2954
