[I 2025-07-19 12:12:33,443] Trial 1472 finished with value: 45.91466248035431 and parameters: {'n_estimators': 1146, 'max_depth': 7, 'learning_rate': 0.010591629819131754}. Best is trial 321 with value: 41.67874455451965.
trail number 1479
[I 2025-07-19 12:12:35,266] Trial 1479 finished with value: 46.17756545543671 and parameters: {'n_estimators': 581, 'max_depth': 7, 'learning_rate': 0.0693594834709754}. Best is trial 321 with value: 41.67874455451965.
trail number 1477
[I 2025-07-19 12:12:35,413] Trial 1477 finished with value: 45.88552117347717 and parameters: {'n_estimators': 658, 'max_depth': 10, 'learning_rate': 0.04390226321087929}. Best is trial 321 with value: 41.67874455451965.
trail number 1485
[I 2025-07-19 12:12:35,562] Trial 1485 finished with value: 48.53496193885803 and parameters: {'n_estimators': 15, 'max_depth': 6, 'learning_rate': 0.08018518436043356}. Best is trial 321 with value: 41.67874455451965.
trail number 1484
[I 2025-07-19 12:12:37,216] Trial 1484 finished with value: 45.11255383491516 and parameters: {'n_estimators': 563, 'max_depth': 3, 'learning_rate': 0.0953891784064485}. Best is trial 321 with value: 41.67874455451965.
trail number 1483
[I 2025-07-19 12:12:38,276] Trial 1483 finished with value: 44.243441224098206 and parameters: {'n_estimators': 793, 'max_depth': 6, 'learning_rate': 0.074762632235341}. Best is trial 321 with value: 41.67874455451965.
trail number 1488
[I 2025-07-19 12:12:38,646] Trial 1488 finished with value: 45.38910150527954 and parameters: {'n_estimators': 46, 'max_depth': 6, 'learning_rate': 0.10090226867163765}. Best is trial 321 with value: 41.67874455451965.
trail number 1487
[I 2025-07-19 12:12:39,108] Trial 1487 finished with value: 43.645570278167725 and parameters: {'n_estimators': 521, 'max_depth': 3, 'learning_rate': 0.039544448126741835}. Best is trial 321 with value: 41.67874455451965.
trail number 1482
[I 2025-07-19 12:12:39,397] Trial 1482 finished with value: 46.45744860172272 and parameters: {'n_estimators': 3262, 'max_depth': 22, 'learning_rate': 0.10420980376439234}. Best is trial 321 with value: 41.67874455451965.
trail number 1486
[I 2025-07-19 12:12:39,416] Trial 1486 finished with value: 46.604809165000916 and parameters: {'n_estimators': 529, 'max_depth': 9, 'learning_rate': 0.07600286856805616}. Best is trial 321 with value: 41.67874455451965.
trail number 1490
[I 2025-07-19 12:12:41,070] Trial 1490 finished with value: 41.99679374694824 and parameters: {'n_estimators': 558, 'max_depth': 3, 'learning_rate': 0.011291048151357}. Best is trial 321 with value: 41.67874455451965.
trail number 1492
[I 2025-07-19 12:12:41,705] Trial 1492 finished with value: 44.53314423561096 and parameters: {'n_estimators': 673, 'max_depth': 3, 'learning_rate': 0.05997160838066898}. Best is trial 321 with value: 41.67874455451965.
trail number 1491
[I 2025-07-19 12:12:44,037] Trial 1491 finished with value: 44.76487338542938 and parameters: {'n_estimators': 1365, 'max_depth': 3, 'learning_rate': 0.04211695356501934}. Best is trial 321 with value: 41.67874455451965.
trail number 1489
[I 2025-07-19 12:12:44,312] Trial 1489 finished with value: 46.505045890808105 and parameters: {'n_estimators': 3897, 'max_depth': 9, 'learning_rate': 0.2514415982713346}. Best is trial 321 with value: 41.67874455451965.
trail number 1496
[I 2025-07-19 12:12:44,572] Trial 1496 finished with value: 42.68867492675781 and parameters: {'n_estimators': 62, 'max_depth': 3, 'learning_rate': 0.05366919522034518}. Best is trial 321 with value: 41.67874455451965.
trail number 1493
[I 2025-07-19 12:12:47,545] Trial 1493 finished with value: 45.34354090690613 and parameters: {'n_estimators': 901, 'max_depth': 6, 'learning_rate': 0.05018201158270914}. Best is trial 321 with value: 41.67874455451965.
trail number 1494
[I 2025-07-19 12:12:47,667] Trial 1494 finished with value: 45.30882954597473 and parameters: {'n_estimators': 1723, 'max_depth': 3, 'learning_rate': 0.03777641286324964}. Best is trial 321 with value: 41.67874455451965.
trail number 1499
[I 2025-07-19 12:12:47,764] Trial 1499 finished with value: 45.96700608730316 and parameters: {'n_estimators': 14, 'max_depth': 3, 'learning_rate': 0.10746993156174205}. Best is trial 321 with value: 41.67874455451965.
trail number 1498
[I 2025-07-19 12:12:47,824] Trial 1498 finished with value: 47.012858390808105 and parameters: {'n_estimators': 21, 'max_depth': 7, 'learning_rate': 0.09636211248325187}. Best is trial 321 with value: 41.67874455451965.
trail number 1497
[I 2025-07-19 12:12:48,350] Trial 1497 finished with value: 45.38939595222473 and parameters: {'n_estimators': 1931, 'max_depth': 5, 'learning_rate': 0.2414222878289499}. Best is trial 321 with value: 41.67874455451965.
trail number 1495
[I 2025-07-19 12:12:48,568] Trial 1495 finished with value: 45.95592200756073 and parameters: {'n_estimators': 501, 'max_depth': 7, 'learning_rate': 0.044845464801586576}. Best is trial 321 with value: 41.67874455451965.
trail number 1503
[I 2025-07-19 12:12:50,253] Trial 1503 finished with value: 41.99710965156555 and parameters: {'n_estimators': 497, 'max_depth': 3, 'learning_rate': 0.01314540038775245}. Best is trial 321 with value: 41.67874455451965.
trail number 1504
[I 2025-07-19 12:12:50,366] Trial 1504 finished with value: 48.70233356952667 and parameters: {'n_estimators': 20, 'max_depth': 3, 'learning_rate': 0.049746070021964316}. Best is trial 321 with value: 41.67874455451965.
trail number 1505
[I 2025-07-19 12:12:50,857] Trial 1505 finished with value: 47.84295201301575 and parameters: {'n_estimators': 50, 'max_depth': 7, 'learning_rate': 0.03471719299977219}. Best is trial 321 with value: 41.67874455451965.
trail number 1500
[I 2025-07-19 12:12:51,716] Trial 1500 finished with value: 44.91919755935669 and parameters: {'n_estimators': 545, 'max_depth': 6, 'learning_rate': 0.041229048296853}. Best is trial 321 with value: 41.67874455451965.
trail number 1507
[I 2025-07-19 12:12:51,818] Trial 1507 finished with value: 53.16267907619476 and parameters: {'n_estimators': 16, 'max_depth': 3, 'learning_rate': 0.03423441294334911}. Best is trial 321 with value: 41.67874455451965.
trail number 1501
[I 2025-07-19 12:12:52,406] Trial 1501 finished with value: 46.074103116989136 and parameters: {'n_estimators': 494, 'max_depth': 7, 'learning_rate': 0.010799440944414367}. Best is trial 321 with value: 41.67874455451965.
trail number 1506
[I 2025-07-19 12:12:53,310] Trial 1506 finished with value: 44.808897972106934 and parameters: {'n_estimators': 693, 'max_depth': 3, 'learning_rate': 0.07842925143640617}. Best is trial 321 with value: 41.67874455451965.
trail number 1502
[I 2025-07-19 12:12:53,358] Trial 1502 finished with value: 45.78447997570038 and parameters: {'n_estimators': 567, 'max_depth': 7, 'learning_rate': 0.04648482106748721}. Best is trial 321 with value: 41.67874455451965.
trail number 1509
[I 2025-07-19 12:12:55,169] Trial 1509 finished with value: 45.344411730766296 and parameters: {'n_estimators': 821, 'max_depth': 3, 'learning_rate': 0.07861493770184971}. Best is trial 321 with value: 41.67874455451965.
trail number 1508
[I 2025-07-19 12:12:55,683] Trial 1508 finished with value: 44.79800820350647 and parameters: {'n_estimators': 538, 'max_depth': 6, 'learning_rate': 0.011108329187729884}. Best is trial 321 with value: 41.67874455451965.
trail number 1510
[I 2025-07-19 12:12:58,392] Trial 1510 finished with value: 44.58912014961243 and parameters: {'n_estimators': 729, 'max_depth': 6, 'learning_rate': 0.01066240874819542}. Best is trial 321 with value: 41.67874455451965.
trail number 1512
[I 2025-07-19 12:12:58,539] Trial 1512 finished with value: 46.01095199584961 and parameters: {'n_estimators': 2019, 'max_depth': 10, 'learning_rate': 0.2382031999039132}. Best is trial 321 with value: 41.67874455451965.
trail number 1513
[I 2025-07-19 12:12:58,895] Trial 1513 finished with value: 45.00459432601929 and parameters: {'n_estimators': 446, 'max_depth': 6, 'learning_rate': 0.01016333151208813}. Best is trial 321 with value: 41.67874455451965.
trail number 1516
[I 2025-07-19 12:12:59,003] Trial 1516 finished with value: 51.41375124454498 and parameters: {'n_estimators': 18, 'max_depth': 3, 'learning_rate': 0.03879352653973376}. Best is trial 321 with value: 41.67874455451965.
trail number 1514
[I 2025-07-19 12:13:02,020] Trial 1514 finished with value: 44.594075083732605 and parameters: {'n_estimators': 1037, 'max_depth': 3, 'learning_rate': 0.04724860619395531}. Best is trial 321 with value: 41.67874455451965.
trail number 1518
[I 2025-07-19 12:13:02,274] Trial 1518 finished with value: 45.63012778759003 and parameters: {'n_estimators': 26, 'max_depth': 6, 'learning_rate': 0.07864420455815405}. Best is trial 321 with value: 41.67874455451965.
trail number 1517
[I 2025-07-19 12:13:03,066] Trial 1517 finished with value: 45.55814206600189 and parameters: {'n_estimators': 1216, 'max_depth': 3, 'learning_rate': 0.06881460059466879}. Best is trial 321 with value: 41.67874455451965.
trail number 1520
[I 2025-07-19 12:13:03,254] Trial 1520 finished with value: 42.6856929063797 and parameters: {'n_estimators': 40, 'max_depth': 3, 'learning_rate': 0.10054889841997121}. Best is trial 321 with value: 41.67874455451965.
trail number 1521
[I 2025-07-19 12:13:06,606] Trial 1521 finished with value: 45.61432480812073 and parameters: {'n_estimators': 497, 'max_depth': 6, 'learning_rate': 0.03932654108601253}. Best is trial 321 with value: 41.67874455451965.
trail number 1515
[I 2025-07-19 12:13:07,412] Trial 1515 finished with value: 47.18579292297363 and parameters: {'n_estimators': 4648, 'max_depth': 15, 'learning_rate': 0.10126336948302253}. Best is trial 321 with value: 41.67874455451965.
trail number 1523
[I 2025-07-19 12:13:07,888] Trial 1523 finished with value: 48.29975426197052 and parameters: {'n_estimators': 34, 'max_depth': 9, 'learning_rate': 0.05543280912002728}. Best is trial 321 with value: 41.67874455451965.
trail number 1524
[I 2025-07-19 12:13:08,042] Trial 1524 finished with value: 53.343098163604736 and parameters: {'n_estimators': 31, 'max_depth': 3, 'learning_rate': 0.017403624590600984}. Best is trial 321 with value: 41.67874455451965.
trail number 1522
[I 2025-07-19 12:13:08,419] Trial 1522 finished with value: 44.38208281993866 and parameters: {'n_estimators': 471, 'max_depth': 3, 'learning_rate': 0.0711681645201376}. Best is trial 321 with value: 41.67874455451965.
trail number 1526
[I 2025-07-19 12:13:08,516] Trial 1526 finished with value: 46.73561751842499 and parameters: {'n_estimators': 13, 'max_depth': 3, 'learning_rate': 0.10374594476072801}. Best is trial 321 with value: 41.67874455451965.
trail number 1519
[I 2025-07-19 12:13:09,966] Trial 1519 finished with value: 44.56713318824768 and parameters: {'n_estimators': 1144, 'max_depth': 6, 'learning_rate': 0.04765316206734066}. Best is trial 321 with value: 41.67874455451965.
trail number 1511
[I 2025-07-19 12:13:11,032] Trial 1511 finished with value: 45.8470892906189 and parameters: {'n_estimators': 1739, 'max_depth': 8, 'learning_rate': 0.010001239471077174}. Best is trial 321 with value: 41.67874455451965.
trail number 1525
[I 2025-07-19 12:13:12,218] Trial 1525 finished with value: 45.662697553634644 and parameters: {'n_estimators': 1222, 'max_depth': 3, 'learning_rate': 0.09467407709019576}. Best is trial 321 with value: 41.67874455451965.
trail number 1527
[I 2025-07-19 12:13:13,032] Trial 1527 finished with value: 45.01153767108917 and parameters: {'n_estimators': 1192, 'max_depth': 6, 'learning_rate': 0.08740120730661016}. Best is trial 321 with value: 41.67874455451965.
trail number 1528
[I 2025-07-19 12:13:13,441] Trial 1528 finished with value: 44.629578590393066 and parameters: {'n_estimators': 1024, 'max_depth': 3, 'learning_rate': 0.04154440850707273}. Best is trial 321 with value: 41.67874455451965.
trail number 1530
[I 2025-07-19 12:13:14,544] Trial 1530 finished with value: 44.15680229663849 and parameters: {'n_estimators': 672, 'max_depth': 3, 'learning_rate': 0.04477617913135354}. Best is trial 321 with value: 41.67874455451965.
trail number 1531
[I 2025-07-19 12:13:14,781] Trial 1531 finished with value: 43.69384407997131 and parameters: {'n_estimators': 493, 'max_depth': 3, 'learning_rate': 0.04968577601115175}. Best is trial 321 with value: 41.67874455451965.
trail number 1529
[I 2025-07-19 12:13:14,900] Trial 1529 finished with value: 44.63970065116882 and parameters: {'n_estimators': 1117, 'max_depth': 3, 'learning_rate': 0.03934567977271648}. Best is trial 321 with value: 41.67874455451965.
trail number 1534
[I 2025-07-19 12:13:15,439] Trial 1534 finished with value: 46.1184161901474 and parameters: {'n_estimators': 43, 'max_depth': 10, 'learning_rate': 0.08700590440861772}. Best is trial 321 with value: 41.67874455451965.
trail number 1533
[I 2025-07-19 12:13:16,495] Trial 1533 finished with value: 45.09757339954376 and parameters: {'n_estimators': 537, 'max_depth': 3, 'learning_rate': 0.07625542307133024}. Best is trial 321 with value: 41.67874455451965.
trail number 1537
[I 2025-07-19 12:13:16,719] Trial 1537 finished with value: 43.36524307727814 and parameters: {'n_estimators': 52, 'max_depth': 3, 'learning_rate': 0.048665012358308335}. Best is trial 321 with value: 41.67874455451965.
trail number 1536
[I 2025-07-19 12:13:16,997] Trial 1536 finished with value: 44.38517212867737 and parameters: {'n_estimators': 438, 'max_depth': 3, 'learning_rate': 0.07328852486610252}. Best is trial 321 with value: 41.67874455451965.
trail number 1532
[I 2025-07-19 12:13:17,178] Trial 1532 finished with value: 44.50369894504547 and parameters: {'n_estimators': 1022, 'max_depth': 3, 'learning_rate': 0.038151501555674025}. Best is trial 321 with value: 41.67874455451965.
trail number 1538
[I 2025-07-19 12:13:20,890] Trial 1538 finished with value: 45.14990746974945 and parameters: {'n_estimators': 623, 'max_depth': 6, 'learning_rate': 0.0649126279552998}. Best is trial 321 with value: 41.67874455451965.
trail number 1539
[I 2025-07-19 12:13:21,093] Trial 1539 finished with value: 45.73197782039642 and parameters: {'n_estimators': 705, 'max_depth': 7, 'learning_rate': 0.07474213326425555}. Best is trial 321 with value: 41.67874455451965.
trail number 1542
[I 2025-07-19 12:13:21,353] Trial 1542 finished with value: 46.933775544166565 and parameters: {'n_estimators': 24, 'max_depth': 7, 'learning_rate': 0.08831097602500662}. Best is trial 321 with value: 41.67874455451965.
trail number 1535
[I 2025-07-19 12:13:21,702] Trial 1535 finished with value: 44.92915630340576 and parameters: {'n_estimators': 972, 'max_depth': 6, 'learning_rate': 0.011865265408064478}. Best is trial 321 with value: 41.67874455451965.
trail number 1541
[I 2025-07-19 12:13:23,268] Trial 1541 finished with value: 41.82227551937103 and parameters: {'n_estimators': 670, 'max_depth': 3, 'learning_rate': 0.010734780451176816}. Best is trial 321 with value: 41.67874455451965.
trail number 1545
[I 2025-07-19 12:13:25,749] Trial 1545 finished with value: 42.40725815296173 and parameters: {'n_estimators': 781, 'max_depth': 3, 'learning_rate': 0.014157500178291765}. Best is trial 321 with value: 41.67874455451965.
trail number 1546
[I 2025-07-19 12:13:26,247] Trial 1546 finished with value: 56.13002955913544 and parameters: {'n_estimators': 37, 'max_depth': 10, 'learning_rate': 0.012734200241314796}. Best is trial 321 with value: 41.67874455451965.
trail number 1540
[I 2025-07-19 12:13:26,790] Trial 1540 finished with value: 46.52954339981079 and parameters: {'n_estimators': 1163, 'max_depth': 7, 'learning_rate': 0.010723490926973967}. Best is trial 321 with value: 41.67874455451965.
trail number 1543
[I 2025-07-19 12:13:26,980] Trial 1543 finished with value: 43.588698506355286 and parameters: {'n_estimators': 1720, 'max_depth': 3, 'learning_rate': 0.0129883972768623}. Best is trial 321 with value: 41.67874455451965.
trail number 1544
[I 2025-07-19 12:13:27,246] Trial 1544 finished with value: 46.963785886764526 and parameters: {'n_estimators': 381, 'max_depth': 11, 'learning_rate': 0.01593278984328065}. Best is trial 321 with value: 41.67874455451965.
trail number 1547
[I 2025-07-19 12:13:28,167] Trial 1547 finished with value: 47.553046345710754 and parameters: {'n_estimators': 857, 'max_depth': 11, 'learning_rate': 0.2946694856423105}. Best is trial 321 with value: 41.67874455451965.
trail number 1551
[I 2025-07-19 12:13:30,792] Trial 1551 finished with value: 42.14205265045166 and parameters: {'n_estimators': 828, 'max_depth': 3, 'learning_rate': 0.011509911665406788}. Best is trial 321 with value: 41.67874455451965.
trail number 1552
[I 2025-07-19 12:13:30,890] Trial 1552 finished with value: 47.29032337665558 and parameters: {'n_estimators': 15, 'max_depth': 3, 'learning_rate': 0.08068119194441939}. Best is trial 321 with value: 41.67874455451965.
trail number 1548
[I 2025-07-19 12:13:30,902] Trial 1548 finished with value: 43.50766181945801 and parameters: {'n_estimators': 1211, 'max_depth': 3, 'learning_rate': 0.02042631126961797}. Best is trial 321 with value: 41.67874455451965.
trail number 1549
[I 2025-07-19 12:13:30,980] Trial 1549 finished with value: 44.87060844898224 and parameters: {'n_estimators': 686, 'max_depth': 6, 'learning_rate': 0.08871651249746254}. Best is trial 321 with value: 41.67874455451965.
trail number 1550
[I 2025-07-19 12:13:31,611] Trial 1550 finished with value: 43.278860449790955 and parameters: {'n_estimators': 1302, 'max_depth': 3, 'learning_rate': 0.01557274298407526}. Best is trial 321 with value: 41.67874455451965.
trail number 1556
[I 2025-07-19 12:13:34,445] Trial 1556 finished with value: 44.90559935569763 and parameters: {'n_estimators': 690, 'max_depth': 7, 'learning_rate': 0.12373343072238058}. Best is trial 321 with value: 41.67874455451965.
trail number 1557
[I 2025-07-19 12:13:35,103] Trial 1557 finished with value: 50.04680812358856 and parameters: {'n_estimators': 90, 'max_depth': 6, 'learning_rate': 0.01157772167693892}. Best is trial 321 with value: 41.67874455451965.
trail number 1555
[I 2025-07-19 12:13:35,727] Trial 1555 finished with value: 46.85163080692291 and parameters: {'n_estimators': 2769, 'max_depth': 10, 'learning_rate': 0.16858635500321761}. Best is trial 321 with value: 41.67874455451965.
trail number 1554
[I 2025-07-19 12:13:36,524] Trial 1554 finished with value: 44.91308808326721 and parameters: {'n_estimators': 810, 'max_depth': 6, 'learning_rate': 0.054418051057444614}. Best is trial 321 with value: 41.67874455451965.
trail number 1553
[I 2025-07-19 12:13:37,893] Trial 1553 finished with value: 46.545904874801636 and parameters: {'n_estimators': 4652, 'max_depth': 24, 'learning_rate': 0.24094796088941584}. Best is trial 321 with value: 41.67874455451965.
trail number 1559
[I 2025-07-19 12:13:40,260] Trial 1559 finished with value: 43.87588977813721 and parameters: {'n_estimators': 832, 'max_depth': 5, 'learning_rate': 0.010326677734123548}. Best is trial 321 with value: 41.67874455451965.
trail number 1558
[I 2025-07-19 12:13:40,879] Trial 1558 finished with value: 44.736196994781494 and parameters: {'n_estimators': 840, 'max_depth': 6, 'learning_rate': 0.04597624178910215}. Best is trial 321 with value: 41.67874455451965.
trail number 1560
[I 2025-07-19 12:13:43,178] Trial 1560 finished with value: 44.16259050369263 and parameters: {'n_estimators': 1990, 'max_depth': 6, 'learning_rate': 0.06319092544964318}. Best is trial 321 with value: 41.67874455451965.
trail number 1563
[I 2025-07-19 12:13:43,651] Trial 1563 finished with value: 44.47818398475647 and parameters: {'n_estimators': 415, 'max_depth': 6, 'learning_rate': 0.045188505711351946}. Best is trial 321 with value: 41.67874455451965.
trail number 1562
[I 2025-07-19 12:13:44,069] Trial 1562 finished with value: 47.15647876262665 and parameters: {'n_estimators': 1005, 'max_depth': 11, 'learning_rate': 0.09943420452407489}. Best is trial 321 with value: 41.67874455451965.
trail number 1566
[I 2025-07-19 12:13:44,424] Trial 1566 finished with value: 44.67386305332184 and parameters: {'n_estimators': 40, 'max_depth': 6, 'learning_rate': 0.08408046199298112}. Best is trial 321 with value: 41.67874455451965.
trail number 1567
[I 2025-07-19 12:13:44,574] Trial 1567 finished with value: 53.98471176624298 and parameters: {'n_estimators': 14, 'max_depth': 6, 'learning_rate': 0.04060592530897733}. Best is trial 321 with value: 41.67874455451965.
trail number 1561
[I 2025-07-19 12:13:45,399] Trial 1561 finished with value: 45.54293513298035 and parameters: {'n_estimators': 1371, 'max_depth': 7, 'learning_rate': 0.04455558883868947}. Best is trial 321 with value: 41.67874455451965.
trail number 1569
[I 2025-07-19 12:13:45,606] Trial 1569 finished with value: 46.099854707717896 and parameters: {'n_estimators': 22, 'max_depth': 6, 'learning_rate': 0.10206158360623604}. Best is trial 321 with value: 41.67874455451965.
trail number 1568
[I 2025-07-19 12:13:46,228] Trial 1568 finished with value: 45.311715602874756 and parameters: {'n_estimators': 468, 'max_depth': 3, 'learning_rate': 0.09022192237407076}. Best is trial 321 with value: 41.67874455451965.
trail number 1564
[I 2025-07-19 12:13:46,695] Trial 1564 finished with value: 45.40452420711517 and parameters: {'n_estimators': 673, 'max_depth': 6, 'learning_rate': 0.1129569692519364}. Best is trial 321 with value: 41.67874455451965.
trail number 1570
[I 2025-07-19 12:13:47,595] Trial 1570 finished with value: 45.61481535434723 and parameters: {'n_estimators': 597, 'max_depth': 3, 'learning_rate': 0.09879417773545385}. Best is trial 321 with value: 41.67874455451965.
trail number 1573
[I 2025-07-19 12:13:48,090] Trial 1573 finished with value: 46.52822434902191 and parameters: {'n_estimators': 54, 'max_depth': 7, 'learning_rate': 0.05321601887732891}. Best is trial 321 with value: 41.67874455451965.
trail number 1572
