[I 2025-07-19 12:18:54,251] Trial 1940 finished with value: 45.60667157173157 and parameters: {'n_estimators': 603, 'max_depth': 3, 'learning_rate': 0.09483449008560624}. Best is trial 321 with value: 41.67874455451965.
trail number 1941
[I 2025-07-19 12:18:55,737] Trial 1941 finished with value: 46.46787762641907 and parameters: {'n_estimators': 559, 'max_depth': 9, 'learning_rate': 0.09002732119097775}. Best is trial 321 with value: 41.67874455451965.
trail number 1944
[I 2025-07-19 12:18:55,896] Trial 1944 finished with value: 42.5661838054657 and parameters: {'n_estimators': 30, 'max_depth': 3, 'learning_rate': 0.12954101902177212}. Best is trial 321 with value: 41.67874455451965.
trail number 1942
[I 2025-07-19 12:18:55,941] Trial 1942 finished with value: 45.47511696815491 and parameters: {'n_estimators': 449, 'max_depth': 7, 'learning_rate': 0.13444156000095445}. Best is trial 321 with value: 41.67874455451965.
trail number 1946
[I 2025-07-19 12:18:56,116] Trial 1946 finished with value: 42.98415422439575 and parameters: {'n_estimators': 36, 'max_depth': 3, 'learning_rate': 0.1004501168883514}. Best is trial 321 with value: 41.67874455451965.
trail number 1943
[I 2025-07-19 12:18:57,220] Trial 1943 finished with value: 46.70318007469177 and parameters: {'n_estimators': 674, 'max_depth': 11, 'learning_rate': 0.13433985474846963}. Best is trial 321 with value: 41.67874455451965.
trail number 1937
[I 2025-07-19 12:18:58,214] Trial 1937 finished with value: 46.9581800699234 and parameters: {'n_estimators': 4020, 'max_depth': 12, 'learning_rate': 0.06564928633464967}. Best is trial 321 with value: 41.67874455451965.
trail number 1949
[I 2025-07-19 12:18:58,307] Trial 1949 finished with value: 46.700552105903625 and parameters: {'n_estimators': 11, 'max_depth': 3, 'learning_rate': 0.1240348093598031}. Best is trial 321 with value: 41.67874455451965.
trail number 1945
[I 2025-07-19 12:18:58,940] Trial 1945 finished with value: 44.36940789222717 and parameters: {'n_estimators': 502, 'max_depth': 5, 'learning_rate': 0.10742885918082098}. Best is trial 321 with value: 41.67874455451965.
trail number 1947
[I 2025-07-19 12:18:59,825] Trial 1947 finished with value: 45.17718017101288 and parameters: {'n_estimators': 657, 'max_depth': 6, 'learning_rate': 0.10160906874933295}. Best is trial 321 with value: 41.67874455451965.
trail number 1952
[I 2025-07-19 12:19:00,260] Trial 1952 finished with value: 46.04459047317505 and parameters: {'n_estimators': 39, 'max_depth': 8, 'learning_rate': 0.08415318045099607}. Best is trial 321 with value: 41.67874455451965.
trail number 1948
[I 2025-07-19 12:19:01,080] Trial 1948 finished with value: 46.302775740623474 and parameters: {'n_estimators': 1103, 'max_depth': 3, 'learning_rate': 0.11169802367748738}. Best is trial 321 with value: 41.67874455451965.
trail number 1951
[I 2025-07-19 12:19:02,462] Trial 1951 finished with value: 44.67574059963226 and parameters: {'n_estimators': 622, 'max_depth': 6, 'learning_rate': 0.10695728174372056}. Best is trial 321 with value: 41.67874455451965.
trail number 1955
[I 2025-07-19 12:19:02,885] Trial 1955 finished with value: 46.95048689842224 and parameters: {'n_estimators': 30, 'max_depth': 9, 'learning_rate': 0.08547440600130862}. Best is trial 321 with value: 41.67874455451965.
trail number 1950
[I 2025-07-19 12:19:03,836] Trial 1950 finished with value: 46.597647070884705 and parameters: {'n_estimators': 2917, 'max_depth': 17, 'learning_rate': 0.18306614969212104}. Best is trial 321 with value: 41.67874455451965.
trail number 1953
[I 2025-07-19 12:19:03,998] Trial 1953 finished with value: 45.123799443244934 and parameters: {'n_estimators': 1189, 'max_depth': 7, 'learning_rate': 0.11271239104057736}. Best is trial 321 with value: 41.67874455451965.
trail number 1954
[I 2025-07-19 12:19:04,035] Trial 1954 finished with value: 44.10941123962402 and parameters: {'n_estimators': 393, 'max_depth': 6, 'learning_rate': 0.09436833657233923}. Best is trial 321 with value: 41.67874455451965.
trail number 1956
[I 2025-07-19 12:19:04,412] Trial 1956 finished with value: 44.41840052604675 and parameters: {'n_estimators': 411, 'max_depth': 3, 'learning_rate': 0.08585001658747926}. Best is trial 321 with value: 41.67874455451965.
trail number 1960
[I 2025-07-19 12:19:04,670] Trial 1960 finished with value: 43.39233756065369 and parameters: {'n_estimators': 43, 'max_depth': 4, 'learning_rate': 0.13340420121043128}. Best is trial 321 with value: 41.67874455451965.
trail number 1959
[I 2025-07-19 12:19:05,017] Trial 1959 finished with value: 44.699848890304565 and parameters: {'n_estimators': 97, 'max_depth': 7, 'learning_rate': 0.1042088731912137}. Best is trial 321 with value: 41.67874455451965.
trail number 1957
[I 2025-07-19 12:19:05,377] Trial 1957 finished with value: 43.83973002433777 and parameters: {'n_estimators': 358, 'max_depth': 3, 'learning_rate': 0.08425252721991536}. Best is trial 321 with value: 41.67874455451965.
trail number 1958
[I 2025-07-19 12:19:05,628] Trial 1958 finished with value: 45.19534766674042 and parameters: {'n_estimators': 388, 'max_depth': 3, 'learning_rate': 0.11068799304890721}. Best is trial 321 with value: 41.67874455451965.
trail number 1961
[I 2025-07-19 12:19:07,323] Trial 1961 finished with value: 45.51425397396088 and parameters: {'n_estimators': 775, 'max_depth': 3, 'learning_rate': 0.1105583606942747}. Best is trial 321 with value: 41.67874455451965.
trail number 1965
[I 2025-07-19 12:19:07,490] Trial 1965 finished with value: 46.42808675765991 and parameters: {'n_estimators': 21, 'max_depth': 5, 'learning_rate': 0.0732804022681454}. Best is trial 321 with value: 41.67874455451965.
trail number 1964
[I 2025-07-19 12:19:07,530] Trial 1964 finished with value: 45.16273319721222 and parameters: {'n_estimators': 583, 'max_depth': 3, 'learning_rate': 0.10717632121916677}. Best is trial 321 with value: 41.67874455451965.
trail number 1963
[I 2025-07-19 12:19:07,668] Trial 1963 finished with value: 45.215697288513184 and parameters: {'n_estimators': 666, 'max_depth': 3, 'learning_rate': 0.10867475903374745}. Best is trial 321 with value: 41.67874455451965.
trail number 1966
[I 2025-07-19 12:19:07,968] Trial 1966 finished with value: 45.86912274360657 and parameters: {'n_estimators': 39, 'max_depth': 7, 'learning_rate': 0.08981322200805462}. Best is trial 321 with value: 41.67874455451965.
trail number 1969
[I 2025-07-19 12:19:08,162] Trial 1969 finished with value: 45.062503814697266 and parameters: {'n_estimators': 19, 'max_depth': 6, 'learning_rate': 0.1326790422142737}. Best is trial 321 with value: 41.67874455451965.
trail number 1962
[I 2025-07-19 12:19:09,368] Trial 1962 finished with value: 44.81601417064667 and parameters: {'n_estimators': 610, 'max_depth': 6, 'learning_rate': 0.08390855024172461}. Best is trial 321 with value: 41.67874455451965.
trail number 1971
[I 2025-07-19 12:19:11,322] Trial 1971 finished with value: 44.96626913547516 and parameters: {'n_estimators': 600, 'max_depth': 3, 'learning_rate': 0.08262396474192109}. Best is trial 321 with value: 41.67874455451965.
trail number 1972
[I 2025-07-19 12:19:11,472] Trial 1972 finished with value: 43.25437128543854 and parameters: {'n_estimators': 29, 'max_depth': 3, 'learning_rate': 0.12127805432242239}. Best is trial 321 with value: 41.67874455451965.
trail number 1973
[I 2025-07-19 12:19:11,882] Trial 1973 finished with value: 45.209569334983826 and parameters: {'n_estimators': 46, 'max_depth': 6, 'learning_rate': 0.10377140679328675}. Best is trial 321 with value: 41.67874455451965.
trail number 1968
[I 2025-07-19 12:19:11,966] Trial 1968 finished with value: 47.88154184818268 and parameters: {'n_estimators': 2752, 'max_depth': 11, 'learning_rate': 0.28735937117432997}. Best is trial 321 with value: 41.67874455451965.
trail number 1967
[I 2025-07-19 12:19:12,089] Trial 1967 finished with value: 44.5089590549469 and parameters: {'n_estimators': 624, 'max_depth': 6, 'learning_rate': 0.07809589579767422}. Best is trial 321 with value: 41.67874455451965.
trail number 1975
[I 2025-07-19 12:19:12,172] Trial 1975 finished with value: 43.99120032787323 and parameters: {'n_estimators': 35, 'max_depth': 3, 'learning_rate': 0.06248887654643227}. Best is trial 321 with value: 41.67874455451965.
trail number 1977
[I 2025-07-19 12:19:12,406] Trial 1977 finished with value: 42.51654267311096 and parameters: {'n_estimators': 51, 'max_depth': 3, 'learning_rate': 0.0793948368472188}. Best is trial 321 with value: 41.67874455451965.
trail number 1970
[I 2025-07-19 12:19:12,419] Trial 1970 finished with value: 45.87900519371033 and parameters: {'n_estimators': 693, 'max_depth': 7, 'learning_rate': 0.0824922843017225}. Best is trial 321 with value: 41.67874455451965.
trail number 1979
[I 2025-07-19 12:19:14,227] Trial 1979 finished with value: 43.36953938007355 and parameters: {'n_estimators': 552, 'max_depth': 3, 'learning_rate': 0.05228592836802339}. Best is trial 321 with value: 41.67874455451965.
trail number 1974
[I 2025-07-19 12:19:15,602] Trial 1974 finished with value: 44.54246401786804 and parameters: {'n_estimators': 650, 'max_depth': 5, 'learning_rate': 0.07106666620449215}. Best is trial 321 with value: 41.67874455451965.
trail number 1981
[I 2025-07-19 12:19:16,598] Trial 1981 finished with value: 45.02223491668701 and parameters: {'n_estimators': 139, 'max_depth': 6, 'learning_rate': 0.07107409955852328}. Best is trial 321 with value: 41.67874455451965.
trail number 1976
[I 2025-07-19 12:19:16,684] Trial 1976 finished with value: 44.44422900676727 and parameters: {'n_estimators': 694, 'max_depth': 6, 'learning_rate': 0.07563087613420519}. Best is trial 321 with value: 41.67874455451965.
trail number 1983
[I 2025-07-19 12:19:17,626] Trial 1983 finished with value: 45.946444272994995 and parameters: {'n_estimators': 88, 'max_depth': 8, 'learning_rate': 0.07148496571744746}. Best is trial 321 with value: 41.67874455451965.
trail number 1980
[I 2025-07-19 12:19:18,961] Trial 1980 finished with value: 46.45117700099945 and parameters: {'n_estimators': 596, 'max_depth': 7, 'learning_rate': 0.06312271290737334}. Best is trial 321 with value: 41.67874455451965.
trail number 1985
[I 2025-07-19 12:19:19,318] Trial 1985 finished with value: 42.77921915054321 and parameters: {'n_estimators': 91, 'max_depth': 3, 'learning_rate': 0.11877275443490123}. Best is trial 321 with value: 41.67874455451965.
trail number 1984
[I 2025-07-19 12:19:19,504] Trial 1984 finished with value: 44.40354645252228 and parameters: {'n_estimators': 564, 'max_depth': 3, 'learning_rate': 0.0663338593025415}. Best is trial 321 with value: 41.67874455451965.
trail number 1987
[I 2025-07-19 12:19:19,600] Trial 1987 finished with value: 46.5427166223526 and parameters: {'n_estimators': 13, 'max_depth': 3, 'learning_rate': 0.106170422324873}. Best is trial 321 with value: 41.67874455451965.
trail number 1982
[I 2025-07-19 12:19:20,214] Trial 1982 finished with value: 44.65335011482239 and parameters: {'n_estimators': 498, 'max_depth': 6, 'learning_rate': 0.07574658429401208}. Best is trial 321 with value: 41.67874455451965.
trail number 1989
[I 2025-07-19 12:19:20,357] Trial 1989 finished with value: 50.27534604072571 and parameters: {'n_estimators': 16, 'max_depth': 5, 'learning_rate': 0.056343455802993436}. Best is trial 321 with value: 41.67874455451965.
trail number 1988
[I 2025-07-19 12:19:21,632] Trial 1988 finished with value: 44.13856327533722 and parameters: {'n_estimators': 560, 'max_depth': 3, 'learning_rate': 0.059134043547297135}. Best is trial 321 with value: 41.67874455451965.
trail number 1991
[I 2025-07-19 12:19:21,752] Trial 1991 finished with value: 47.12996006011963 and parameters: {'n_estimators': 12, 'max_depth': 5, 'learning_rate': 0.11860448353426664}. Best is trial 321 with value: 41.67874455451965.
trail number 1986
[I 2025-07-19 12:19:22,804] Trial 1986 finished with value: 45.38375198841095 and parameters: {'n_estimators': 1114, 'max_depth': 6, 'learning_rate': 0.14763959437489815}. Best is trial 321 with value: 41.67874455451965.
trail number 1990
[I 2025-07-19 12:19:23,810] Trial 1990 finished with value: 45.49360454082489 and parameters: {'n_estimators': 1018, 'max_depth': 3, 'learning_rate': 0.0697932597363157}. Best is trial 321 with value: 41.67874455451965.
trail number 1994
[I 2025-07-19 12:19:24,079] Trial 1994 finished with value: 42.01799988746643 and parameters: {'n_estimators': 61, 'max_depth': 3, 'learning_rate': 0.08586096300196878}. Best is trial 321 with value: 41.67874455451965.
trail number 1993
[I 2025-07-19 12:19:24,500] Trial 1993 finished with value: 44.68171715736389 and parameters: {'n_estimators': 487, 'max_depth': 3, 'learning_rate': 0.06727742636104098}. Best is trial 321 with value: 41.67874455451965.
trail number 1996
[I 2025-07-19 12:19:24,797] Trial 1996 finished with value: 45.19950985908508 and parameters: {'n_estimators': 70, 'max_depth': 3, 'learning_rate': 0.025092416611683918}. Best is trial 321 with value: 41.67874455451965.
trail number 1997
[I 2025-07-19 12:19:25,044] Trial 1997 finished with value: 45.22342026233673 and parameters: {'n_estimators': 31, 'max_depth': 5, 'learning_rate': 0.06847943957152347}. Best is trial 321 with value: 41.67874455451965.
trail number 1998
[I 2025-07-19 12:19:25,588] Trial 1998 finished with value: 46.18999779224396 and parameters: {'n_estimators': 53, 'max_depth': 7, 'learning_rate': 0.09784350741665487}. Best is trial 321 with value: 41.67874455451965.
trail number 1999
[I 2025-07-19 12:19:25,712] Trial 1999 finished with value: 44.13219094276428 and parameters: {'n_estimators': 20, 'max_depth': 3, 'learning_rate': 0.10746218296984018}. Best is trial 321 with value: 41.67874455451965.
trail number 1992
[I 2025-07-19 12:19:25,775] Trial 1992 finished with value: 46.206116676330566 and parameters: {'n_estimators': 1095, 'max_depth': 3, 'learning_rate': 0.09868513706599868}. Best is trial 321 with value: 41.67874455451965.
trail number 2001
[I 2025-07-19 12:19:26,256] Trial 2001 finished with value: 44.9438202381134 and parameters: {'n_estimators': 54, 'max_depth': 6, 'learning_rate': 0.06178397717529976}. Best is trial 321 with value: 41.67874455451965.
trail number 2002
[I 2025-07-19 12:19:26,382] Trial 2002 finished with value: 61.09590709209442 and parameters: {'n_estimators': 10, 'max_depth': 6, 'learning_rate': 0.01098271576307295}. Best is trial 321 with value: 41.67874455451965.
trail number 1995
[I 2025-07-19 12:19:26,469] Trial 1995 finished with value: 45.1485937833786 and parameters: {'n_estimators': 550, 'max_depth': 3, 'learning_rate': 0.08208646521503468}. Best is trial 321 with value: 41.67874455451965.
trail number 2003
[I 2025-07-19 12:19:27,417] Trial 2003 finished with value: 46.497289538383484 and parameters: {'n_estimators': 74, 'max_depth': 10, 'learning_rate': 0.13197456016032616}. Best is trial 321 with value: 41.67874455451965.
trail number 2005
[I 2025-07-19 12:19:27,690] Trial 2005 finished with value: 51.22297763824463 and parameters: {'n_estimators': 60, 'max_depth': 3, 'learning_rate': 0.012095146642280924}. Best is trial 321 with value: 41.67874455451965.
trail number 2000
[I 2025-07-19 12:19:28,159] Trial 2000 finished with value: 46.87206566333771 and parameters: {'n_estimators': 496, 'max_depth': 8, 'learning_rate': 0.15412249174704898}. Best is trial 321 with value: 41.67874455451965.
trail number 2007
[I 2025-07-19 12:19:28,364] Trial 2007 finished with value: 44.065149426460266 and parameters: {'n_estimators': 46, 'max_depth': 3, 'learning_rate': 0.046962481425433224}. Best is trial 321 with value: 41.67874455451965.
trail number 2008
[I 2025-07-19 12:19:28,680] Trial 2008 finished with value: 41.93740129470825 and parameters: {'n_estimators': 73, 'max_depth': 3, 'learning_rate': 0.09354109018159967}. Best is trial 321 with value: 41.67874455451965.
trail number 2006
[I 2025-07-19 12:19:29,624] Trial 2006 finished with value: 44.09966230392456 and parameters: {'n_estimators': 524, 'max_depth': 3, 'learning_rate': 0.06256074966817349}. Best is trial 321 with value: 41.67874455451965.
trail number 2010
[I 2025-07-19 12:19:29,786] Trial 2010 finished with value: 47.620582580566406 and parameters: {'n_estimators': 14, 'max_depth': 6, 'learning_rate': 0.10260889948535615}. Best is trial 321 with value: 41.67874455451965.
trail number 2011
[I 2025-07-19 12:19:30,081] Trial 2011 finished with value: 42.156760692596436 and parameters: {'n_estimators': 64, 'max_depth': 3, 'learning_rate': 0.08718225420776002}. Best is trial 321 with value: 41.67874455451965.
trail number 2012
[I 2025-07-19 12:19:30,954] Trial 2012 finished with value: 45.49266695976257 and parameters: {'n_estimators': 89, 'max_depth': 7, 'learning_rate': 0.09846652001790884}. Best is trial 321 with value: 41.67874455451965.
trail number 2009
[I 2025-07-19 12:19:31,829] Trial 2009 finished with value: 45.31002223491669 and parameters: {'n_estimators': 782, 'max_depth': 7, 'learning_rate': 0.12823591084966218}. Best is trial 321 with value: 41.67874455451965.
trail number 2004
[I 2025-07-19 12:19:32,311] Trial 2004 finished with value: 44.56243813037872 and parameters: {'n_estimators': 1325, 'max_depth': 6, 'learning_rate': 0.07724570903602991}. Best is trial 321 with value: 41.67874455451965.
trail number 2015
[I 2025-07-19 12:19:32,413] Trial 2015 finished with value: 47.33288288116455 and parameters: {'n_estimators': 13, 'max_depth': 3, 'learning_rate': 0.09700659007664948}. Best is trial 321 with value: 41.67874455451965.
trail number 2013
[I 2025-07-19 12:19:33,845] Trial 2013 finished with value: 45.61959505081177 and parameters: {'n_estimators': 707, 'max_depth': 7, 'learning_rate': 0.12713266988535732}. Best is trial 321 with value: 41.67874455451965.
trail number 2017
[I 2025-07-19 12:19:33,963] Trial 2017 finished with value: 45.65004765987396 and parameters: {'n_estimators': 18, 'max_depth': 3, 'learning_rate': 0.09144471011282071}. Best is trial 321 with value: 41.67874455451965.
trail number 2014
[I 2025-07-19 12:19:34,588] Trial 2014 finished with value: 45.15846371650696 and parameters: {'n_estimators': 751, 'max_depth': 3, 'learning_rate': 0.11446848419321233}. Best is trial 321 with value: 41.67874455451965.
trail number 2016
[I 2025-07-19 12:19:35,592] Trial 2016 finished with value: 45.27628540992737 and parameters: {'n_estimators': 987, 'max_depth': 7, 'learning_rate': 0.1289049807591106}. Best is trial 321 with value: 41.67874455451965.
trail number 2020
[I 2025-07-19 12:19:35,739] Trial 2020 finished with value: 44.017449617385864 and parameters: {'n_estimators': 21, 'max_depth': 4, 'learning_rate': 0.1343241976724804}. Best is trial 321 with value: 41.67874455451965.
trail number 2018
[I 2025-07-19 12:19:36,303] Trial 2018 finished with value: 45.67739546298981 and parameters: {'n_estimators': 645, 'max_depth': 3, 'learning_rate': 0.14235542741070886}. Best is trial 321 with value: 41.67874455451965.
trail number 2019
[I 2025-07-19 12:19:36,482] Trial 2019 finished with value: 45.46770751476288 and parameters: {'n_estimators': 523, 'max_depth': 3, 'learning_rate': 0.1810720009695611}. Best is trial 321 with value: 41.67874455451965.
trail number 2022
[I 2025-07-19 12:19:36,747] Trial 2022 finished with value: 43.18081617355347 and parameters: {'n_estimators': 98, 'max_depth': 3, 'learning_rate': 0.13810316192065597}. Best is trial 321 with value: 41.67874455451965.
trail number 2023
[I 2025-07-19 12:19:37,623] Trial 2023 finished with value: 44.225255250930786 and parameters: {'n_estimators': 327, 'max_depth': 3, 'learning_rate': 0.11785449973669807}. Best is trial 321 with value: 41.67874455451965.
trail number 2024
[I 2025-07-19 12:19:38,556] Trial 2024 finished with value: 44.73845362663269 and parameters: {'n_estimators': 530, 'max_depth': 3, 'learning_rate': 0.13549303679503655}. Best is trial 321 with value: 41.67874455451965.
trail number 2026
[I 2025-07-19 12:19:38,828] Trial 2026 finished with value: 42.412872314453125 and parameters: {'n_estimators': 58, 'max_depth': 3, 'learning_rate': 0.09780831772459997}. Best is trial 321 with value: 41.67874455451965.
trail number 2027
[I 2025-07-19 12:19:39,003] Trial 2027 finished with value: 43.300310373306274 and parameters: {'n_estimators': 34, 'max_depth': 3, 'learning_rate': 0.07350703700792952}. Best is trial 321 with value: 41.67874455451965.
trail number 2021
[I 2025-07-19 12:19:39,467] Trial 2021 finished with value: 46.809407472610474 and parameters: {'n_estimators': 704, 'max_depth': 9, 'learning_rate': 0.09124640339587115}. Best is trial 321 with value: 41.67874455451965.
trail number 2029
[I 2025-07-19 12:19:39,897] Trial 2029 finished with value: 45.94077944755554 and parameters: {'n_estimators': 41, 'max_depth': 7, 'learning_rate': 0.07056214837433465}. Best is trial 321 with value: 41.67874455451965.
trail number 2030
[I 2025-07-19 12:19:40,041] Trial 2030 finished with value: 45.05687713623047 and parameters: {'n_estimators': 24, 'max_depth': 3, 'learning_rate': 0.07193695039114693}. Best is trial 321 with value: 41.67874455451965.
trail number 2025
[I 2025-07-19 12:19:41,289] Trial 2025 finished with value: 46.03962779045105 and parameters: {'n_estimators': 976, 'max_depth': 3, 'learning_rate': 0.12150359534936919}. Best is trial 321 with value: 41.67874455451965.
trail number 2028
[I 2025-07-19 12:19:42,919] Trial 2028 finished with value: 44.95634913444519 and parameters: {'n_estimators': 692, 'max_depth': 6, 'learning_rate': 0.0945228538422857}. Best is trial 321 with value: 41.67874455451965.
trail number 2032
[I 2025-07-19 12:19:43,068] Trial 2032 finished with value: 45.527461767196655 and parameters: {'n_estimators': 545, 'max_depth': 3, 'learning_rate': 0.09594663623043281}. Best is trial 321 with value: 41.67874455451965.
trail number 2034
