[I 2025-07-19 12:30:42,657] Trial 2954 finished with value: 45.26835083961487 and parameters: {'n_estimators': 532, 'max_depth': 3, 'learning_rate': 0.14066580553808622}. Best is trial 321 with value: 41.67874455451965.
trail number 2953
[I 2025-07-19 12:30:43,084] Trial 2953 finished with value: 45.49241602420807 and parameters: {'n_estimators': 678, 'max_depth': 3, 'learning_rate': 0.11151545524920228}. Best is trial 321 with value: 41.67874455451965.
trail number 2952
[I 2025-07-19 12:30:43,783] Trial 2952 finished with value: 44.73948836326599 and parameters: {'n_estimators': 555, 'max_depth': 6, 'learning_rate': 0.07800024479039736}. Best is trial 321 with value: 41.67874455451965.
trail number 2957
[I 2025-07-19 12:30:44,038] Trial 2957 finished with value: 50.75842022895813 and parameters: {'n_estimators': 26, 'max_depth': 6, 'learning_rate': 0.03708393806763414}. Best is trial 321 with value: 41.67874455451965.
trail number 2951
[I 2025-07-19 12:30:44,695] Trial 2951 finished with value: 46.216760873794556 and parameters: {'n_estimators': 561, 'max_depth': 7, 'learning_rate': 0.057634877074788406}. Best is trial 321 with value: 41.67874455451965.
trail number 2956
[I 2025-07-19 12:30:45,233] Trial 2956 finished with value: 44.74952518939972 and parameters: {'n_estimators': 572, 'max_depth': 3, 'learning_rate': 0.06813067981523674}. Best is trial 321 with value: 41.67874455451965.
trail number 2960
[I 2025-07-19 12:30:45,656] Trial 2960 finished with value: 46.805909276008606 and parameters: {'n_estimators': 30, 'max_depth': 9, 'learning_rate': 0.10397301835270736}. Best is trial 321 with value: 41.67874455451965.
trail number 2958
[I 2025-07-19 12:30:46,301] Trial 2958 finished with value: 43.858155608177185 and parameters: {'n_estimators': 594, 'max_depth': 3, 'learning_rate': 0.036371400700680484}. Best is trial 321 with value: 41.67874455451965.
trail number 2955
[I 2025-07-19 12:30:46,804] Trial 2955 finished with value: 44.74367558956146 and parameters: {'n_estimators': 545, 'max_depth': 6, 'learning_rate': 0.045258956591883046}. Best is trial 321 with value: 41.67874455451965.
trail number 2959
[I 2025-07-19 12:30:49,015] Trial 2959 finished with value: 44.62189555168152 and parameters: {'n_estimators': 1171, 'max_depth': 6, 'learning_rate': 0.09892186322875027}. Best is trial 321 with value: 41.67874455451965.
trail number 2963
[I 2025-07-19 12:30:49,582] Trial 2963 finished with value: 44.33573842048645 and parameters: {'n_estimators': 684, 'max_depth': 6, 'learning_rate': 0.13671447983592316}. Best is trial 321 with value: 41.67874455451965.
trail number 2961
[I 2025-07-19 12:30:49,998] Trial 2961 finished with value: 44.9379163980484 and parameters: {'n_estimators': 627, 'max_depth': 6, 'learning_rate': 0.06598613419007285}. Best is trial 321 with value: 41.67874455451965.
trail number 2962
[I 2025-07-19 12:30:50,432] Trial 2962 finished with value: 44.59222435951233 and parameters: {'n_estimators': 898, 'max_depth': 6, 'learning_rate': 0.09470043223432986}. Best is trial 321 with value: 41.67874455451965.
trail number 2964
[I 2025-07-19 12:30:50,922] Trial 2964 finished with value: 44.43099319934845 and parameters: {'n_estimators': 505, 'max_depth': 3, 'learning_rate': 0.062359984014932146}. Best is trial 321 with value: 41.67874455451965.
trail number 2968
[I 2025-07-19 12:30:51,150] Trial 2968 finished with value: 42.67449140548706 and parameters: {'n_estimators': 45, 'max_depth': 3, 'learning_rate': 0.08731282740442495}. Best is trial 321 with value: 41.67874455451965.
trail number 2967
[I 2025-07-19 12:30:52,868] Trial 2967 finished with value: 46.99853837490082 and parameters: {'n_estimators': 954, 'max_depth': 15, 'learning_rate': 0.2715882493561626}. Best is trial 321 with value: 41.67874455451965.
trail number 2969
[I 2025-07-19 12:30:53,128] Trial 2969 finished with value: 44.01688635349274 and parameters: {'n_estimators': 560, 'max_depth': 3, 'learning_rate': 0.052295922543232454}. Best is trial 321 with value: 41.67874455451965.
trail number 2965
[I 2025-07-19 12:30:53,408] Trial 2965 finished with value: 44.633387327194214 and parameters: {'n_estimators': 501, 'max_depth': 6, 'learning_rate': 0.060982306328698235}. Best is trial 321 with value: 41.67874455451965.
trail number 2971
[I 2025-07-19 12:30:53,532] Trial 2971 finished with value: 55.91156303882599 and parameters: {'n_estimators': 40, 'max_depth': 6, 'learning_rate': 0.010576335016582887}. Best is trial 321 with value: 41.67874455451965.
trail number 2972
[I 2025-07-19 12:30:53,780] Trial 2972 finished with value: 41.95981323719025 and parameters: {'n_estimators': 71, 'max_depth': 3, 'learning_rate': 0.10578979074776801}. Best is trial 321 with value: 41.67874455451965.
trail number 2966
[I 2025-07-19 12:30:53,945] Trial 2966 finished with value: 44.398930072784424 and parameters: {'n_estimators': 1022, 'max_depth': 3, 'learning_rate': 0.04532327048180195}. Best is trial 321 with value: 41.67874455451965.
trail number 2975
[I 2025-07-19 12:30:54,152] Trial 2975 finished with value: 42.72362232208252 and parameters: {'n_estimators': 39, 'max_depth': 3, 'learning_rate': 0.09613804026330361}. Best is trial 321 with value: 41.67874455451965.
trail number 2970
[I 2025-07-19 12:30:57,196] Trial 2970 finished with value: 44.96113896369934 and parameters: {'n_estimators': 592, 'max_depth': 6, 'learning_rate': 0.06389058908846375}. Best is trial 321 with value: 41.67874455451965.
trail number 2976
[I 2025-07-19 12:30:57,414] Trial 2976 finished with value: 46.35541617870331 and parameters: {'n_estimators': 652, 'max_depth': 9, 'learning_rate': 0.09248045700515131}. Best is trial 321 with value: 41.67874455451965.
trail number 2978
[I 2025-07-19 12:30:57,683] Trial 2978 finished with value: 46.661627888679504 and parameters: {'n_estimators': 27, 'max_depth': 6, 'learning_rate': 0.06795524582505369}. Best is trial 321 with value: 41.67874455451965.
trail number 2973
[I 2025-07-19 12:30:57,815] Trial 2973 finished with value: 45.07237792015076 and parameters: {'n_estimators': 1193, 'max_depth': 3, 'learning_rate': 0.08727885824182398}. Best is trial 321 with value: 41.67874455451965.
trail number 2980
[I 2025-07-19 12:30:58,008] Trial 2980 finished with value: 42.92953610420227 and parameters: {'n_estimators': 36, 'max_depth': 3, 'learning_rate': 0.12442374539029899}. Best is trial 321 with value: 41.67874455451965.
trail number 2977
[I 2025-07-19 12:31:00,179] Trial 2977 finished with value: 46.137588024139404 and parameters: {'n_estimators': 534, 'max_depth': 10, 'learning_rate': 0.11256999070166855}. Best is trial 321 with value: 41.67874455451965.
trail number 2982
[I 2025-07-19 12:31:00,292] Trial 2982 finished with value: 47.698503732681274 and parameters: {'n_estimators': 14, 'max_depth': 3, 'learning_rate': 0.08025433444077876}. Best is trial 321 with value: 41.67874455451965.
trail number 2979
[I 2025-07-19 12:31:00,501] Trial 2979 finished with value: 44.16911840438843 and parameters: {'n_estimators': 786, 'max_depth': 3, 'learning_rate': 0.04378716601327693}. Best is trial 321 with value: 41.67874455451965.
trail number 2974
[I 2025-07-19 12:31:00,900] Trial 2974 finished with value: 45.116921067237854 and parameters: {'n_estimators': 1007, 'max_depth': 6, 'learning_rate': 0.05303110313448929}. Best is trial 321 with value: 41.67874455451965.
trail number 2981
[I 2025-07-19 12:31:01,321] Trial 2981 finished with value: 45.55633723735809 and parameters: {'n_estimators': 559, 'max_depth': 6, 'learning_rate': 0.1201431266180258}. Best is trial 321 with value: 41.67874455451965.
trail number 2985
[I 2025-07-19 12:31:01,909] Trial 2985 finished with value: 45.9682822227478 and parameters: {'n_estimators': 78, 'max_depth': 9, 'learning_rate': 0.13360302238556154}. Best is trial 321 with value: 41.67874455451965.
trail number 2983
[I 2025-07-19 12:31:02,626] Trial 2983 finished with value: 45.58879911899567 and parameters: {'n_estimators': 584, 'max_depth': 3, 'learning_rate': 0.09406011493966995}. Best is trial 321 with value: 41.67874455451965.
trail number 2987
[I 2025-07-19 12:31:03,846] Trial 2987 finished with value: 43.7001371383667 and parameters: {'n_estimators': 570, 'max_depth': 3, 'learning_rate': 0.04624847914965513}. Best is trial 321 with value: 41.67874455451965.
trail number 2988
[I 2025-07-19 12:31:04,682] Trial 2988 finished with value: 43.395981788635254 and parameters: {'n_estimators': 609, 'max_depth': 3, 'learning_rate': 0.033791030412391954}. Best is trial 321 with value: 41.67874455451965.
trail number 2986
[I 2025-07-19 12:31:04,745] Trial 2986 finished with value: 44.36424791812897 and parameters: {'n_estimators': 967, 'max_depth': 3, 'learning_rate': 0.04768773269212986}. Best is trial 321 with value: 41.67874455451965.
trail number 2984
[I 2025-07-19 12:31:07,102] Trial 2984 finished with value: 45.430431962013245 and parameters: {'n_estimators': 1657, 'max_depth': 6, 'learning_rate': 0.06474874916701422}. Best is trial 321 with value: 41.67874455451965.
trail number 2992
[I 2025-07-19 12:31:07,619] Trial 2992 finished with value: 45.095226764678955 and parameters: {'n_estimators': 58, 'max_depth': 6, 'learning_rate': 0.05606745606114037}. Best is trial 321 with value: 41.67874455451965.
trail number 2989
[I 2025-07-19 12:31:08,581] Trial 2989 finished with value: 46.49596989154816 and parameters: {'n_estimators': 385, 'max_depth': 10, 'learning_rate': 0.06186713385657628}. Best is trial 321 with value: 41.67874455451965.
trail number 2990
[I 2025-07-19 12:31:09,944] Trial 2990 finished with value: 46.31075620651245 and parameters: {'n_estimators': 432, 'max_depth': 10, 'learning_rate': 0.054969111862558845}. Best is trial 321 with value: 41.67874455451965.
trail number 2994
[I 2025-07-19 12:31:10,885] Trial 2994 finished with value: 44.81122374534607 and parameters: {'n_estimators': 660, 'max_depth': 3, 'learning_rate': 0.08156701155532176}. Best is trial 321 with value: 41.67874455451965.
trail number 2996
[I 2025-07-19 12:31:11,232] Trial 2996 finished with value: 46.9307816028595 and parameters: {'n_estimators': 31, 'max_depth': 7, 'learning_rate': 0.0796815672571772}. Best is trial 321 with value: 41.67874455451965.
trail number 2997
[I 2025-07-19 12:31:11,642] Trial 2997 finished with value: 46.12256348133087 and parameters: {'n_estimators': 33, 'max_depth': 8, 'learning_rate': 0.1603404011314924}. Best is trial 321 with value: 41.67874455451965.
trail number 2998
[I 2025-07-19 12:31:11,909] Trial 2998 finished with value: 58.09353828430176 and parameters: {'n_estimators': 22, 'max_depth': 7, 'learning_rate': 0.012673143189556806}. Best is trial 321 with value: 41.67874455451965.
trail number 2999
[I 2025-07-19 12:31:12,050] Trial 2999 finished with value: 44.51204180717468 and parameters: {'n_estimators': 21, 'max_depth': 3, 'learning_rate': 0.08973372038137274}. Best is trial 321 with value: 41.67874455451965.
trail number 2991
[I 2025-07-19 12:31:12,318] Trial 2991 finished with value: 47.40002632141113 and parameters: {'n_estimators': 3951, 'max_depth': 30, 'learning_rate': 0.15235355235632053}. Best is trial 321 with value: 41.67874455451965.
trail number 2995
[I 2025-07-19 12:31:13,693] Trial 2995 finished with value: 44.525389075279236 and parameters: {'n_estimators': 631, 'max_depth': 6, 'learning_rate': 0.09069480843021588}. Best is trial 321 with value: 41.67874455451965.
trail number 2993
[I 2025-07-19 12:31:13,785] Trial 2993 finished with value: 46.33226931095123 and parameters: {'n_estimators': 1082, 'max_depth': 9, 'learning_rate': 0.043161958883668014}. Best is trial 321 with value: 41.67874455451965.
Best parameters:  {'n_estimators': 140, 'max_depth': 3, 'learning_rate': 0.04637909560808959}
Best value:  41.67874455451965
