[I 2025-07-19 12:04:16,595] Trial 837 finished with value: 46.506267786026 and parameters: {'n_estimators': 25, 'max_depth': 3, 'learning_rate': 0.055130804133450444}. Best is trial 321 with value: 41.67874455451965.
trail number 830
[I 2025-07-19 12:04:16,912] Trial 830 finished with value: 43.52252721786499 and parameters: {'n_estimators': 1627, 'max_depth': 3, 'learning_rate': 0.013522982446252205}. Best is trial 321 with value: 41.67874455451965.
trail number 833
[I 2025-07-19 12:04:18,732] Trial 833 finished with value: 44.27752077579498 and parameters: {'n_estimators': 760, 'max_depth': 6, 'learning_rate': 0.05617842578556992}. Best is trial 321 with value: 41.67874455451965.
trail number 835
[I 2025-07-19 12:04:18,790] Trial 835 finished with value: 42.37427532672882 and parameters: {'n_estimators': 740, 'max_depth': 3, 'learning_rate': 0.01563124827062208}. Best is trial 321 with value: 41.67874455451965.
trail number 839
[I 2025-07-19 12:04:21,140] Trial 839 finished with value: 46.30733668804169 and parameters: {'n_estimators': 1653, 'max_depth': 8, 'learning_rate': 0.10008032609959643}. Best is trial 321 with value: 41.67874455451965.
trail number 842
[I 2025-07-19 12:04:21,354] Trial 842 finished with value: 42.00746297836304 and parameters: {'n_estimators': 56, 'max_depth': 3, 'learning_rate': 0.10611894986589868}. Best is trial 321 with value: 41.67874455451965.
trail number 843
[I 2025-07-19 12:04:21,470] Trial 843 finished with value: 49.626293778419495 and parameters: {'n_estimators': 23, 'max_depth': 3, 'learning_rate': 0.038464090294734014}. Best is trial 321 with value: 41.67874455451965.
trail number 838
[I 2025-07-19 12:04:21,654] Trial 838 finished with value: 44.963122606277466 and parameters: {'n_estimators': 719, 'max_depth': 6, 'learning_rate': 0.014023677404427344}. Best is trial 321 with value: 41.67874455451965.
trail number 841
[I 2025-07-19 12:04:23,149] Trial 841 finished with value: 45.87615251541138 and parameters: {'n_estimators': 527, 'max_depth': 7, 'learning_rate': 0.04310681848944829}. Best is trial 321 with value: 41.67874455451965.
trail number 846
[I 2025-07-19 12:04:23,985] Trial 846 finished with value: 46.47069454193115 and parameters: {'n_estimators': 77, 'max_depth': 8, 'learning_rate': 0.06412411696739942}. Best is trial 321 with value: 41.67874455451965.
trail number 840
[I 2025-07-19 12:04:24,234] Trial 840 finished with value: 46.00813865661621 and parameters: {'n_estimators': 663, 'max_depth': 7, 'learning_rate': 0.0450977212039074}. Best is trial 321 with value: 41.67874455451965.
trail number 848
[I 2025-07-19 12:04:24,734] Trial 848 finished with value: 45.05635619163513 and parameters: {'n_estimators': 55, 'max_depth': 7, 'learning_rate': 0.10454161982705551}. Best is trial 321 with value: 41.67874455451965.
trail number 844
[I 2025-07-19 12:04:25,252] Trial 844 finished with value: 45.182088017463684 and parameters: {'n_estimators': 718, 'max_depth': 7, 'learning_rate': 0.08789598816447391}. Best is trial 321 with value: 41.67874455451965.
trail number 847
[I 2025-07-19 12:04:25,849] Trial 847 finished with value: 43.502575755119324 and parameters: {'n_estimators': 539, 'max_depth': 3, 'learning_rate': 0.0463965099084377}. Best is trial 321 with value: 41.67874455451965.
trail number 850
[I 2025-07-19 12:04:26,331] Trial 850 finished with value: 47.2457081079483 and parameters: {'n_estimators': 147, 'max_depth': 6, 'learning_rate': 0.010951277617054092}. Best is trial 321 with value: 41.67874455451965.
trail number 845
[I 2025-07-19 12:04:26,521] Trial 845 finished with value: 45.603798031806946 and parameters: {'n_estimators': 577, 'max_depth': 8, 'learning_rate': 0.05833605096988763}. Best is trial 321 with value: 41.67874455451965.
trail number 849
[I 2025-07-19 12:04:27,139] Trial 849 finished with value: 44.46543574333191 and parameters: {'n_estimators': 697, 'max_depth': 3, 'learning_rate': 0.08647493995012771}. Best is trial 321 with value: 41.67874455451965.
trail number 852
[I 2025-07-19 12:04:28,964] Trial 852 finished with value: 45.06243288516998 and parameters: {'n_estimators': 786, 'max_depth': 3, 'learning_rate': 0.06901775603877315}. Best is trial 321 with value: 41.67874455451965.
trail number 855
[I 2025-07-19 12:04:29,344] Trial 855 finished with value: 46.12178385257721 and parameters: {'n_estimators': 110, 'max_depth': 3, 'learning_rate': 0.013796609870290263}. Best is trial 321 with value: 41.67874455451965.
trail number 856
[I 2025-07-19 12:04:29,695] Trial 856 finished with value: 45.17070293426514 and parameters: {'n_estimators': 45, 'max_depth': 6, 'learning_rate': 0.09675162177869717}. Best is trial 321 with value: 41.67874455451965.
trail number 851
[I 2025-07-19 12:04:29,766] Trial 851 finished with value: 46.75061285495758 and parameters: {'n_estimators': 1937, 'max_depth': 30, 'learning_rate': 0.2444804722396059}. Best is trial 321 with value: 41.67874455451965.
trail number 857
[I 2025-07-19 12:04:30,036] Trial 857 finished with value: 44.92472171783447 and parameters: {'n_estimators': 38, 'max_depth': 6, 'learning_rate': 0.07279981127630579}. Best is trial 321 with value: 41.67874455451965.
trail number 854
[I 2025-07-19 12:04:31,574] Trial 854 finished with value: 46.461448669433594 and parameters: {'n_estimators': 2428, 'max_depth': 28, 'learning_rate': 0.23600290320205375}. Best is trial 321 with value: 41.67874455451965.
trail number 858
[I 2025-07-19 12:04:32,668] Trial 858 finished with value: 43.17564010620117 and parameters: {'n_estimators': 671, 'max_depth': 4, 'learning_rate': 0.01076218047522177}. Best is trial 321 with value: 41.67874455451965.
trail number 860
[I 2025-07-19 12:04:33,955] Trial 860 finished with value: 43.81433308124542 and parameters: {'n_estimators': 713, 'max_depth': 3, 'learning_rate': 0.037116714638267614}. Best is trial 321 with value: 41.67874455451965.
trail number 861
[I 2025-07-19 12:04:34,621] Trial 861 finished with value: 44.47391867637634 and parameters: {'n_estimators': 599, 'max_depth': 3, 'learning_rate': 0.055950299731104325}. Best is trial 321 with value: 41.67874455451965.
trail number 853
[I 2025-07-19 12:04:35,540] Trial 853 finished with value: 46.25978171825409 and parameters: {'n_estimators': 3468, 'max_depth': 10, 'learning_rate': 0.05195048377711162}. Best is trial 321 with value: 41.67874455451965.
trail number 864
[I 2025-07-19 12:04:35,723] Trial 864 finished with value: 48.16941022872925 and parameters: {'n_estimators': 44, 'max_depth': 3, 'learning_rate': 0.024952127522146712}. Best is trial 321 with value: 41.67874455451965.
trail number 863
[I 2025-07-19 12:04:36,303] Trial 863 finished with value: 42.1953159570694 and parameters: {'n_estimators': 492, 'max_depth': 3, 'learning_rate': 0.01066775320790584}. Best is trial 321 with value: 41.67874455451965.
trail number 866
[I 2025-07-19 12:04:37,994] Trial 866 finished with value: 44.94213163852692 and parameters: {'n_estimators': 504, 'max_depth': 3, 'learning_rate': 0.07039198072752083}. Best is trial 321 with value: 41.67874455451965.
trail number 862
[I 2025-07-19 12:04:38,977] Trial 862 finished with value: 45.073397755622864 and parameters: {'n_estimators': 2804, 'max_depth': 5, 'learning_rate': 0.17555328959828323}. Best is trial 321 with value: 41.67874455451965.
trail number 859
[I 2025-07-19 12:04:39,685] Trial 859 finished with value: 44.969268441200256 and parameters: {'n_estimators': 1404, 'max_depth': 6, 'learning_rate': 0.01204295482181616}. Best is trial 321 with value: 41.67874455451965.
trail number 869
[I 2025-07-19 12:04:39,813] Trial 869 finished with value: 43.71605038642883 and parameters: {'n_estimators': 26, 'max_depth': 3, 'learning_rate': 0.08675947151507478}. Best is trial 321 with value: 41.67874455451965.
trail number 868
[I 2025-07-19 12:04:41,364] Trial 868 finished with value: 45.48551023006439 and parameters: {'n_estimators': 683, 'max_depth': 3, 'learning_rate': 0.1141939232770544}. Best is trial 321 with value: 41.67874455451965.
trail number 865
[I 2025-07-19 12:04:41,802] Trial 865 finished with value: 44.67341125011444 and parameters: {'n_estimators': 3488, 'max_depth': 6, 'learning_rate': 0.1525741385811752}. Best is trial 321 with value: 41.67874455451965.
trail number 867
[I 2025-07-19 12:04:42,649] Trial 867 finished with value: 45.00593304634094 and parameters: {'n_estimators': 1361, 'max_depth': 3, 'learning_rate': 0.04767699053020738}. Best is trial 321 with value: 41.67874455451965.
trail number 870
[I 2025-07-19 12:04:44,111] Trial 870 finished with value: 45.40340960025787 and parameters: {'n_estimators': 1286, 'max_depth': 3, 'learning_rate': 0.05086546804410137}. Best is trial 321 with value: 41.67874455451965.
trail number 874
[I 2025-07-19 12:04:44,213] Trial 874 finished with value: 48.3665806055069 and parameters: {'n_estimators': 17, 'max_depth': 3, 'learning_rate': 0.062208344618863785}. Best is trial 321 with value: 41.67874455451965.
trail number 875
[I 2025-07-19 12:04:44,301] Trial 875 finished with value: 51.60881221294403 and parameters: {'n_estimators': 15, 'max_depth': 3, 'learning_rate': 0.045319744919152354}. Best is trial 321 with value: 41.67874455451965.
trail number 872
[I 2025-07-19 12:04:45,379] Trial 872 finished with value: 45.57552754878998 and parameters: {'n_estimators': 814, 'max_depth': 7, 'learning_rate': 0.09614012149014034}. Best is trial 321 with value: 41.67874455451965.
trail number 877
[I 2025-07-19 12:04:45,536] Trial 877 finished with value: 53.92850577831268 and parameters: {'n_estimators': 13, 'max_depth': 7, 'learning_rate': 0.04691497778013708}. Best is trial 321 with value: 41.67874455451965.
trail number 878
[I 2025-07-19 12:04:45,683] Trial 878 finished with value: 43.307636976242065 and parameters: {'n_estimators': 32, 'max_depth': 3, 'learning_rate': 0.09780001698418694}. Best is trial 321 with value: 41.67874455451965.
trail number 873
[I 2025-07-19 12:04:46,404] Trial 873 finished with value: 42.80219376087189 and parameters: {'n_estimators': 1119, 'max_depth': 3, 'learning_rate': 0.011824770952708157}. Best is trial 321 with value: 41.67874455451965.
trail number 871
[I 2025-07-19 12:04:48,131] Trial 871 finished with value: 45.378628969192505 and parameters: {'n_estimators': 989, 'max_depth': 7, 'learning_rate': 0.04582353978846707}. Best is trial 321 with value: 41.67874455451965.
trail number 880
[I 2025-07-19 12:04:50,846] Trial 880 finished with value: 44.657798409461975 and parameters: {'n_estimators': 735, 'max_depth': 6, 'learning_rate': 0.07585379489825678}. Best is trial 321 with value: 41.67874455451965.
trail number 876
[I 2025-07-19 12:04:50,935] Trial 876 finished with value: 46.14521563053131 and parameters: {'n_estimators': 855, 'max_depth': 7, 'learning_rate': 0.042793460750735215}. Best is trial 321 with value: 41.67874455451965.
trail number 882
[I 2025-07-19 12:04:52,787] Trial 882 finished with value: 43.35990607738495 and parameters: {'n_estimators': 605, 'max_depth': 3, 'learning_rate': 0.04024928142622873}. Best is trial 321 with value: 41.67874455451965.
trail number 881
[I 2025-07-19 12:04:52,838] Trial 881 finished with value: 46.416112184524536 and parameters: {'n_estimators': 587, 'max_depth': 7, 'learning_rate': 0.04318512502428147}. Best is trial 321 with value: 41.67874455451965.
trail number 884
[I 2025-07-19 12:04:53,072] Trial 884 finished with value: 54.631346464157104 and parameters: {'n_estimators': 40, 'max_depth': 5, 'learning_rate': 0.012625687759007027}. Best is trial 321 with value: 41.67874455451965.
trail number 879
[I 2025-07-19 12:04:53,270] Trial 879 finished with value: 44.565210938453674 and parameters: {'n_estimators': 1105, 'max_depth': 6, 'learning_rate': 0.012137744551082491}. Best is trial 321 with value: 41.67874455451965.
trail number 885
[I 2025-07-19 12:04:53,487] Trial 885 finished with value: 46.0106235742569 and parameters: {'n_estimators': 68, 'max_depth': 7, 'learning_rate': 0.08602930606637464}. Best is trial 321 with value: 41.67874455451965.
trail number 887
[I 2025-07-19 12:04:55,265] Trial 887 finished with value: 44.91729199886322 and parameters: {'n_estimators': 605, 'max_depth': 3, 'learning_rate': 0.0961359898197287}. Best is trial 321 with value: 41.67874455451965.
trail number 883
[I 2025-07-19 12:04:55,575] Trial 883 finished with value: 45.68430781364441 and parameters: {'n_estimators': 558, 'max_depth': 7, 'learning_rate': 0.05254562057054562}. Best is trial 321 with value: 41.67874455451965.
trail number 886
[I 2025-07-19 12:04:55,724] Trial 886 finished with value: 45.3240829706192 and parameters: {'n_estimators': 796, 'max_depth': 3, 'learning_rate': 0.07686810478696976}. Best is trial 321 with value: 41.67874455451965.
trail number 891
[I 2025-07-19 12:04:55,976] Trial 891 finished with value: 42.49656021595001 and parameters: {'n_estimators': 64, 'max_depth': 3, 'learning_rate': 0.09970085474303565}. Best is trial 321 with value: 41.67874455451965.
trail number 890
[I 2025-07-19 12:04:57,309] Trial 890 finished with value: 43.96718442440033 and parameters: {'n_estimators': 513, 'max_depth': 3, 'learning_rate': 0.06477090472203333}. Best is trial 321 with value: 41.67874455451965.
trail number 889
[I 2025-07-19 12:04:57,577] Trial 889 finished with value: 45.12041211128235 and parameters: {'n_estimators': 678, 'max_depth': 3, 'learning_rate': 0.07880484250002659}. Best is trial 321 with value: 41.67874455451965.
trail number 892
[I 2025-07-19 12:04:57,747] Trial 892 finished with value: 45.0455778837204 and parameters: {'n_estimators': 523, 'max_depth': 3, 'learning_rate': 0.0742908235093957}. Best is trial 321 with value: 41.67874455451965.
trail number 894
[I 2025-07-19 12:04:58,044] Trial 894 finished with value: 48.68163764476776 and parameters: {'n_estimators': 40, 'max_depth': 8, 'learning_rate': 0.04377920088574892}. Best is trial 321 with value: 41.67874455451965.
trail number 896
[I 2025-07-19 12:04:58,391] Trial 896 finished with value: 47.630425691604614 and parameters: {'n_estimators': 38, 'max_depth': 7, 'learning_rate': 0.048496649111589726}. Best is trial 321 with value: 41.67874455451965.
trail number 888
[I 2025-07-19 12:04:59,067] Trial 888 finished with value: 46.25516414642334 and parameters: {'n_estimators': 691, 'max_depth': 7, 'learning_rate': 0.05352016596303277}. Best is trial 321 with value: 41.67874455451965.
trail number 895
[I 2025-07-19 12:05:00,058] Trial 895 finished with value: 43.04612457752228 and parameters: {'n_estimators': 696, 'max_depth': 3, 'learning_rate': 0.023543539160792933}. Best is trial 321 with value: 41.67874455451965.
trail number 897
[I 2025-07-19 12:05:01,536] Trial 897 finished with value: 45.57837426662445 and parameters: {'n_estimators': 645, 'max_depth': 7, 'learning_rate': 0.10019016460266145}. Best is trial 321 with value: 41.67874455451965.
trail number 900
[I 2025-07-19 12:05:02,930] Trial 900 finished with value: 41.9987952709198 and parameters: {'n_estimators': 419, 'max_depth': 3, 'learning_rate': 0.012997864945283315}. Best is trial 321 with value: 41.67874455451965.
trail number 899
[I 2025-07-19 12:05:03,130] Trial 899 finished with value: 42.8170907497406 and parameters: {'n_estimators': 959, 'max_depth': 3, 'learning_rate': 0.014017194893192295}. Best is trial 321 with value: 41.67874455451965.
trail number 898
[I 2025-07-19 12:05:03,489] Trial 898 finished with value: 46.267088651657104 and parameters: {'n_estimators': 2452, 'max_depth': 19, 'learning_rate': 0.2232336461090558}. Best is trial 321 with value: 41.67874455451965.
trail number 903
[I 2025-07-19 12:05:03,727] Trial 903 finished with value: 46.939765214920044 and parameters: {'n_estimators': 36, 'max_depth': 5, 'learning_rate': 0.04246458656246138}. Best is trial 321 with value: 41.67874455451965.
trail number 901
[I 2025-07-19 12:05:04,888] Trial 901 finished with value: 44.03606355190277 and parameters: {'n_estimators': 568, 'max_depth': 3, 'learning_rate': 0.049479889565546976}. Best is trial 321 with value: 41.67874455451965.
trail number 904
[I 2025-07-19 12:05:05,411] Trial 904 finished with value: 43.87232065200806 and parameters: {'n_estimators': 507, 'max_depth': 3, 'learning_rate': 0.0519526178497852}. Best is trial 321 with value: 41.67874455451965.
trail number 902
[I 2025-07-19 12:05:06,002] Trial 902 finished with value: 44.88428175449371 and parameters: {'n_estimators': 930, 'max_depth': 6, 'learning_rate': 0.14752053548300742}. Best is trial 321 with value: 41.67874455451965.
trail number 906
[I 2025-07-19 12:05:06,094] Trial 906 finished with value: 46.471455097198486 and parameters: {'n_estimators': 75, 'max_depth': 7, 'learning_rate': 0.047822369675534944}. Best is trial 321 with value: 41.67874455451965.
trail number 907
[I 2025-07-19 12:05:06,136] Trial 907 finished with value: 60.24432301521301 and parameters: {'n_estimators': 14, 'max_depth': 5, 'learning_rate': 0.010831724434408843}. Best is trial 321 with value: 41.67874455451965.
trail number 908
[I 2025-07-19 12:05:06,201] Trial 908 finished with value: 59.21372413635254 and parameters: {'n_estimators': 13, 'max_depth': 3, 'learning_rate': 0.014028345180013078}. Best is trial 321 with value: 41.67874455451965.
trail number 893
[I 2025-07-19 12:05:09,794] Trial 893 finished with value: 46.98404371738434 and parameters: {'n_estimators': 897, 'max_depth': 11, 'learning_rate': 0.01338006750443764}. Best is trial 321 with value: 41.67874455451965.
trail number 905
[I 2025-07-19 12:05:10,154] Trial 905 finished with value: 45.542373061180115 and parameters: {'n_estimators': 630, 'max_depth': 7, 'learning_rate': 0.012509093055263362}. Best is trial 321 with value: 41.67874455451965.
trail number 911
[I 2025-07-19 12:05:10,400] Trial 911 finished with value: 44.66929912567139 and parameters: {'n_estimators': 80, 'max_depth': 6, 'learning_rate': 0.08639106070799671}. Best is trial 321 with value: 41.67874455451965.
trail number 913
[I 2025-07-19 12:05:10,865] Trial 913 finished with value: 46.59057378768921 and parameters: {'n_estimators': 52, 'max_depth': 7, 'learning_rate': 0.05735533291256194}. Best is trial 321 with value: 41.67874455451965.
trail number 910
[I 2025-07-19 12:05:11,313] Trial 910 finished with value: 46.226940751075745 and parameters: {'n_estimators': 620, 'max_depth': 7, 'learning_rate': 0.013281049815701877}. Best is trial 321 with value: 41.67874455451965.
trail number 909
[I 2025-07-19 12:05:11,846] Trial 909 finished with value: 45.9052848815918 and parameters: {'n_estimators': 705, 'max_depth': 7, 'learning_rate': 0.02576313844112308}. Best is trial 321 with value: 41.67874455451965.
trail number 916
[I 2025-07-19 12:05:11,975] Trial 916 finished with value: 49.06333923339844 and parameters: {'n_estimators': 13, 'max_depth': 6, 'learning_rate': 0.08404915915412683}. Best is trial 321 with value: 41.67874455451965.
trail number 917
[I 2025-07-19 12:05:12,146] Trial 917 finished with value: 42.52375781536102 and parameters: {'n_estimators': 40, 'max_depth': 3, 'learning_rate': 0.12153206687944845}. Best is trial 321 with value: 41.67874455451965.
trail number 912
[I 2025-07-19 12:05:12,697] Trial 912 finished with value: 45.629780888557434 and parameters: {'n_estimators': 728, 'max_depth': 3, 'learning_rate': 0.11535085904647852}. Best is trial 321 with value: 41.67874455451965.
trail number 919
[I 2025-07-19 12:05:12,785] Trial 919 finished with value: 52.79001235961914 and parameters: {'n_estimators': 10, 'max_depth': 4, 'learning_rate': 0.060072757585419176}. Best is trial 321 with value: 41.67874455451965.
trail number 915
[I 2025-07-19 12:05:13,161] Trial 915 finished with value: 41.91192030906677 and parameters: {'n_estimators': 507, 'max_depth': 3, 'learning_rate': 0.012495796168598895}. Best is trial 321 with value: 41.67874455451965.
trail number 914
[I 2025-07-19 12:05:13,892] Trial 914 finished with value: 44.201887249946594 and parameters: {'n_estimators': 871, 'max_depth': 3, 'learning_rate': 0.0475999871233206}. Best is trial 321 with value: 41.67874455451965.
trail number 918
[I 2025-07-19 12:05:16,195] Trial 918 finished with value: 46.157283782958984 and parameters: {'n_estimators': 982, 'max_depth': 7, 'learning_rate': 0.08369687434977459}. Best is trial 321 with value: 41.67874455451965.
trail number 921
[I 2025-07-19 12:05:16,609] Trial 921 finished with value: 44.72861468791962 and parameters: {'n_estimators': 523, 'max_depth': 6, 'learning_rate': 0.015892972675474737}. Best is trial 321 with value: 41.67874455451965.
trail number 922
[I 2025-07-19 12:05:17,722] Trial 922 finished with value: 42.987751960754395 and parameters: {'n_estimators': 1222, 'max_depth': 3, 'learning_rate': 0.012563325394129837}. Best is trial 321 with value: 41.67874455451965.
trail number 920
[I 2025-07-19 12:05:17,770] Trial 920 finished with value: 44.480093121528625 and parameters: {'n_estimators': 1635, 'max_depth': 6, 'learning_rate': 0.09009151973912152}. Best is trial 321 with value: 41.67874455451965.
trail number 923
[I 2025-07-19 12:05:20,098] Trial 923 finished with value: 44.83179450035095 and parameters: {'n_estimators': 1223, 'max_depth': 3, 'learning_rate': 0.04269945232161959}. Best is trial 321 with value: 41.67874455451965.
trail number 926
[I 2025-07-19 12:05:21,524] Trial 926 finished with value: 44.75826144218445 and parameters: {'n_estimators': 1175, 'max_depth': 3, 'learning_rate': 0.03875501181943536}. Best is trial 321 with value: 41.67874455451965.
trail number 924
[I 2025-07-19 12:05:22,489] Trial 924 finished with value: 46.732462644577026 and parameters: {'n_estimators': 3112, 'max_depth': 20, 'learning_rate': 0.15144562860742514}. Best is trial 321 with value: 41.67874455451965.
trail number 927
[I 2025-07-19 12:05:24,048] Trial 927 finished with value: 45.83743095397949 and parameters: {'n_estimators': 477, 'max_depth': 7, 'learning_rate': 0.01339973791949163}. Best is trial 321 with value: 41.67874455451965.
trail number 925
