[I 2025-07-19 11:58:44,727] Trial 367 finished with value: 44.487794637680054 and parameters: {'n_estimators': 708, 'max_depth': 3, 'learning_rate': 0.061187142687968515}. Best is trial 321 with value: 41.67874455451965.
trail number 365
[I 2025-07-19 11:58:45,115] Trial 365 finished with value: 44.763853549957275 and parameters: {'n_estimators': 970, 'max_depth': 3, 'learning_rate': 0.05428169723435073}. Best is trial 321 with value: 41.67874455451965.
trail number 369
[I 2025-07-19 11:58:45,477] Trial 369 finished with value: 44.326709508895874 and parameters: {'n_estimators': 739, 'max_depth': 3, 'learning_rate': 0.04864029306886255}. Best is trial 321 with value: 41.67874455451965.
trail number 375
[I 2025-07-19 11:58:45,622] Trial 375 finished with value: 44.393470287323 and parameters: {'n_estimators': 34, 'max_depth': 3, 'learning_rate': 0.05843005440613061}. Best is trial 321 with value: 41.67874455451965.
trail number 373
[I 2025-07-19 11:58:47,093] Trial 373 finished with value: 43.796775341033936 and parameters: {'n_estimators': 756, 'max_depth': 3, 'learning_rate': 0.04839886365157991}. Best is trial 321 with value: 41.67874455451965.
trail number 372
[I 2025-07-19 11:58:47,293] Trial 372 finished with value: 42.34967231750488 and parameters: {'n_estimators': 947, 'max_depth': 3, 'learning_rate': 0.012023363579360145}. Best is trial 321 with value: 41.67874455451965.
trail number 376
[I 2025-07-19 11:58:47,357] Trial 376 finished with value: 46.4272540807724 and parameters: {'n_estimators': 210, 'max_depth': 7, 'learning_rate': 0.012858969441221165}. Best is trial 321 with value: 41.67874455451965.
trail number 377
[I 2025-07-19 11:58:47,405] Trial 377 finished with value: 51.014302372932434 and parameters: {'n_estimators': 26, 'max_depth': 8, 'learning_rate': 0.03972989943078696}. Best is trial 321 with value: 41.67874455451965.
trail number 380
[I 2025-07-19 11:58:48,441] Trial 380 finished with value: 46.342230439186096 and parameters: {'n_estimators': 78, 'max_depth': 11, 'learning_rate': 0.1487544539293758}. Best is trial 321 with value: 41.67874455451965.
trail number 379
[I 2025-07-19 11:58:48,771] Trial 379 finished with value: 48.075716495513916 and parameters: {'n_estimators': 169, 'max_depth': 7, 'learning_rate': 0.010048838164201816}. Best is trial 321 with value: 41.67874455451965.
trail number 374
[I 2025-07-19 11:58:49,656] Trial 374 finished with value: 45.613683462142944 and parameters: {'n_estimators': 556, 'max_depth': 7, 'learning_rate': 0.023996441823467943}. Best is trial 321 with value: 41.67874455451965.
trail number 383
[I 2025-07-19 11:58:49,990] Trial 383 finished with value: 42.81695365905762 and parameters: {'n_estimators': 95, 'max_depth': 3, 'learning_rate': 0.03844468193541206}. Best is trial 321 with value: 41.67874455451965.
trail number 378
[I 2025-07-19 11:58:51,452] Trial 378 finished with value: 46.075637340545654 and parameters: {'n_estimators': 523, 'max_depth': 7, 'learning_rate': 0.020357551987424755}. Best is trial 321 with value: 41.67874455451965.
trail number 384
[I 2025-07-19 11:58:51,769] Trial 384 finished with value: 41.9230979681015 and parameters: {'n_estimators': 539, 'max_depth': 3, 'learning_rate': 0.012888795156671053}. Best is trial 321 with value: 41.67874455451965.
trail number 381
[I 2025-07-19 11:58:52,621] Trial 381 finished with value: 46.39170706272125 and parameters: {'n_estimators': 532, 'max_depth': 7, 'learning_rate': 0.023095561653390134}. Best is trial 321 with value: 41.67874455451965.
trail number 385
[I 2025-07-19 11:58:53,883] Trial 385 finished with value: 41.92562997341156 and parameters: {'n_estimators': 761, 'max_depth': 3, 'learning_rate': 0.010127619427624551}. Best is trial 321 with value: 41.67874455451965.
trail number 382
[I 2025-07-19 11:58:55,675] Trial 382 finished with value: 45.96688389778137 and parameters: {'n_estimators': 861, 'max_depth': 7, 'learning_rate': 0.01233388839378105}. Best is trial 321 with value: 41.67874455451965.
trail number 386
[I 2025-07-19 11:58:56,164] Trial 386 finished with value: 47.4263858795166 and parameters: {'n_estimators': 1323, 'max_depth': 13, 'learning_rate': 0.1023812964838014}. Best is trial 321 with value: 41.67874455451965.
trail number 388
[I 2025-07-19 11:58:56,790] Trial 388 finished with value: 42.93323516845703 and parameters: {'n_estimators': 880, 'max_depth': 3, 'learning_rate': 0.0148949321948754}. Best is trial 321 with value: 41.67874455451965.
trail number 389
[I 2025-07-19 11:58:57,672] Trial 389 finished with value: 42.52060890197754 and parameters: {'n_estimators': 591, 'max_depth': 3, 'learning_rate': 0.01865119770877642}. Best is trial 321 with value: 41.67874455451965.
trail number 390
[I 2025-07-19 11:58:57,914] Trial 390 finished with value: 42.59757578372955 and parameters: {'n_estimators': 520, 'max_depth': 3, 'learning_rate': 0.02400348570501671}. Best is trial 321 with value: 41.67874455451965.
trail number 393
[I 2025-07-19 11:58:58,127] Trial 393 finished with value: 45.82073211669922 and parameters: {'n_estimators': 55, 'max_depth': 3, 'learning_rate': 0.028580415596958408}. Best is trial 321 with value: 41.67874455451965.
trail number 391
[I 2025-07-19 11:58:59,500] Trial 391 finished with value: 44.62872266769409 and parameters: {'n_estimators': 810, 'max_depth': 3, 'learning_rate': 0.04466051425688447}. Best is trial 321 with value: 41.67874455451965.
trail number 395
[I 2025-07-19 11:58:59,786] Trial 395 finished with value: 45.77650249004364 and parameters: {'n_estimators': 72, 'max_depth': 3, 'learning_rate': 0.022058830514136797}. Best is trial 321 with value: 41.67874455451965.
trail number 387
[I 2025-07-19 11:58:59,802] Trial 387 finished with value: 45.66850662231445 and parameters: {'n_estimators': 4669, 'max_depth': 6, 'learning_rate': 0.1596352822889793}. Best is trial 321 with value: 41.67874455451965.
trail number 397
[I 2025-07-19 11:59:00,074] Trial 397 finished with value: 50.38999855518341 and parameters: {'n_estimators': 70, 'max_depth': 3, 'learning_rate': 0.011608220731019464}. Best is trial 321 with value: 41.67874455451965.
trail number 392
[I 2025-07-19 11:59:00,982] Trial 392 finished with value: 42.46964633464813 and parameters: {'n_estimators': 970, 'max_depth': 3, 'learning_rate': 0.011872551756260757}. Best is trial 321 with value: 41.67874455451965.
trail number 396
[I 2025-07-19 11:59:01,184] Trial 396 finished with value: 42.05017864704132 and parameters: {'n_estimators': 384, 'max_depth': 3, 'learning_rate': 0.014061328779438116}. Best is trial 321 with value: 41.67874455451965.
trail number 394
[I 2025-07-19 11:59:04,209] Trial 394 finished with value: 44.83945667743683 and parameters: {'n_estimators': 876, 'max_depth': 6, 'learning_rate': 0.057120586394616}. Best is trial 321 with value: 41.67874455451965.
trail number 398
[I 2025-07-19 11:59:04,244] Trial 398 finished with value: 44.46229338645935 and parameters: {'n_estimators': 1274, 'max_depth': 3, 'learning_rate': 0.04914299170321733}. Best is trial 321 with value: 41.67874455451965.
trail number 399
[I 2025-07-19 11:59:06,610] Trial 399 finished with value: 45.464884638786316 and parameters: {'n_estimators': 1404, 'max_depth': 8, 'learning_rate': 0.05722651168230924}. Best is trial 321 with value: 41.67874455451965.
trail number 401
[I 2025-07-19 11:59:07,305] Trial 401 finished with value: 42.889235615730286 and parameters: {'n_estimators': 963, 'max_depth': 3, 'learning_rate': 0.014765223400785881}. Best is trial 321 with value: 41.67874455451965.
trail number 400
[I 2025-07-19 11:59:08,412] Trial 400 finished with value: 46.10851526260376 and parameters: {'n_estimators': 877, 'max_depth': 7, 'learning_rate': 0.012578188659391146}. Best is trial 321 with value: 41.67874455451965.
trail number 402
[I 2025-07-19 11:59:08,764] Trial 402 finished with value: 44.59261894226074 and parameters: {'n_estimators': 2556, 'max_depth': 4, 'learning_rate': 0.24115083144845795}. Best is trial 321 with value: 41.67874455451965.
trail number 405
[I 2025-07-19 11:59:09,523] Trial 405 finished with value: 42.60407328605652 and parameters: {'n_estimators': 330, 'max_depth': 3, 'learning_rate': 0.012403869407392512}. Best is trial 321 with value: 41.67874455451965.
trail number 407
[I 2025-07-19 11:59:09,826] Trial 407 finished with value: 46.09120309352875 and parameters: {'n_estimators': 31, 'max_depth': 7, 'learning_rate': 0.09566077891000715}. Best is trial 321 with value: 41.67874455451965.
trail number 404
[I 2025-07-19 11:59:10,196] Trial 404 finished with value: 45.12532830238342 and parameters: {'n_estimators': 398, 'max_depth': 6, 'learning_rate': 0.01036124676870461}. Best is trial 321 with value: 41.67874455451965.
trail number 406
[I 2025-07-19 11:59:10,274] Trial 406 finished with value: 42.15603590011597 and parameters: {'n_estimators': 426, 'max_depth': 3, 'learning_rate': 0.011701096397850937}. Best is trial 321 with value: 41.67874455451965.
trail number 403
[I 2025-07-19 11:59:10,596] Trial 403 finished with value: 46.13510608673096 and parameters: {'n_estimators': 461, 'max_depth': 7, 'learning_rate': 0.010773698210451875}. Best is trial 321 with value: 41.67874455451965.
trail number 409
[I 2025-07-19 11:59:12,128] Trial 409 finished with value: 42.06194281578064 and parameters: {'n_estimators': 571, 'max_depth': 3, 'learning_rate': 0.012257144350944648}. Best is trial 321 with value: 41.67874455451965.
trail number 411
[I 2025-07-19 11:59:14,309] Trial 411 finished with value: 42.458385825157166 and parameters: {'n_estimators': 1192, 'max_depth': 3, 'learning_rate': 0.010095404185192138}. Best is trial 321 with value: 41.67874455451965.
trail number 410
[I 2025-07-19 11:59:14,555] Trial 410 finished with value: 42.73483872413635 and parameters: {'n_estimators': 1349, 'max_depth': 3, 'learning_rate': 0.011419160716150534}. Best is trial 321 with value: 41.67874455451965.
trail number 414
[I 2025-07-19 11:59:14,906] Trial 414 finished with value: 46.97184383869171 and parameters: {'n_estimators': 38, 'max_depth': 7, 'learning_rate': 0.05594954668414649}. Best is trial 321 with value: 41.67874455451965.
trail number 413
[I 2025-07-19 11:59:15,786] Trial 413 finished with value: 43.16573619842529 and parameters: {'n_estimators': 440, 'max_depth': 3, 'learning_rate': 0.06485886319226981}. Best is trial 321 with value: 41.67874455451965.
trail number 412
[I 2025-07-19 11:59:17,145] Trial 412 finished with value: 46.11511826515198 and parameters: {'n_estimators': 659, 'max_depth': 7, 'learning_rate': 0.058444835728027805}. Best is trial 321 with value: 41.67874455451965.
trail number 415
[I 2025-07-19 11:59:17,638] Trial 415 finished with value: 44.27043676376343 and parameters: {'n_estimators': 845, 'max_depth': 3, 'learning_rate': 0.04487257062515565}. Best is trial 321 with value: 41.67874455451965.
trail number 418
[I 2025-07-19 11:59:18,108] Trial 418 finished with value: 41.77201688289642 and parameters: {'n_estimators': 145, 'max_depth': 3, 'learning_rate': 0.04373196985149457}. Best is trial 321 with value: 41.67874455451965.
trail number 416
[I 2025-07-19 11:59:18,321] Trial 416 finished with value: 45.63288986682892 and parameters: {'n_estimators': 779, 'max_depth': 3, 'learning_rate': 0.12792889430960905}. Best is trial 321 with value: 41.67874455451965.
trail number 419
[I 2025-07-19 11:59:18,393] Trial 419 finished with value: 42.87656366825104 and parameters: {'n_estimators': 49, 'max_depth': 4, 'learning_rate': 0.09789173620287078}. Best is trial 321 with value: 41.67874455451965.
trail number 421
[I 2025-07-19 11:59:19,358] Trial 421 finished with value: 43.66755187511444 and parameters: {'n_estimators': 299, 'max_depth': 3, 'learning_rate': 0.06320775090024194}. Best is trial 321 with value: 41.67874455451965.
trail number 408
[I 2025-07-19 11:59:21,150] Trial 408 finished with value: 44.744797348976135 and parameters: {'n_estimators': 1685, 'max_depth': 6, 'learning_rate': 0.012676525571605979}. Best is trial 321 with value: 41.67874455451965.
trail number 417
[I 2025-07-19 11:59:22,171] Trial 417 finished with value: 45.74083685874939 and parameters: {'n_estimators': 637, 'max_depth': 7, 'learning_rate': 0.058591509050784134}. Best is trial 321 with value: 41.67874455451965.
trail number 420
[I 2025-07-19 11:59:22,414] Trial 420 finished with value: 45.491101145744324 and parameters: {'n_estimators': 738, 'max_depth': 7, 'learning_rate': 0.07319668525793285}. Best is trial 321 with value: 41.67874455451965.
trail number 424
[I 2025-07-19 11:59:22,712] Trial 424 finished with value: 41.8490070104599 and parameters: {'n_estimators': 145, 'max_depth': 3, 'learning_rate': 0.06484469308541554}. Best is trial 321 with value: 41.67874455451965.
trail number 426
[I 2025-07-19 11:59:22,962] Trial 426 finished with value: 43.922770619392395 and parameters: {'n_estimators': 40, 'max_depth': 5, 'learning_rate': 0.07104004613121463}. Best is trial 321 with value: 41.67874455451965.
trail number 425
[I 2025-07-19 11:59:23,709] Trial 425 finished with value: 43.61606419086456 and parameters: {'n_estimators': 367, 'max_depth': 3, 'learning_rate': 0.0581253976360948}. Best is trial 321 with value: 41.67874455451965.
trail number 428
[I 2025-07-19 11:59:24,108] Trial 428 finished with value: 41.922680735588074 and parameters: {'n_estimators': 114, 'max_depth': 3, 'learning_rate': 0.06066641273917266}. Best is trial 321 with value: 41.67874455451965.
trail number 429
[I 2025-07-19 11:59:24,763] Trial 429 finished with value: 42.91321635246277 and parameters: {'n_estimators': 196, 'max_depth': 3, 'learning_rate': 0.0775001293120339}. Best is trial 321 with value: 41.67874455451965.
trail number 422
[I 2025-07-19 11:59:25,154] Trial 422 finished with value: 46.12556755542755 and parameters: {'n_estimators': 954, 'max_depth': 7, 'learning_rate': 0.05366186269889691}. Best is trial 321 with value: 41.67874455451965.
trail number 430
[I 2025-07-19 11:59:25,258] Trial 430 finished with value: 42.951512932777405 and parameters: {'n_estimators': 141, 'max_depth': 3, 'learning_rate': 0.11460155689807681}. Best is trial 321 with value: 41.67874455451965.
trail number 432
[I 2025-07-19 11:59:25,795] Trial 432 finished with value: 46.0965496301651 and parameters: {'n_estimators': 60, 'max_depth': 7, 'learning_rate': 0.08901630508882458}. Best is trial 321 with value: 41.67874455451965.
trail number 427
[I 2025-07-19 11:59:26,162] Trial 427 finished with value: 46.87408983707428 and parameters: {'n_estimators': 1971, 'max_depth': 10, 'learning_rate': 0.2777326133857931}. Best is trial 321 with value: 41.67874455451965.
trail number 423
[I 2025-07-19 11:59:26,892] Trial 423 finished with value: 46.37366533279419 and parameters: {'n_estimators': 763, 'max_depth': 7, 'learning_rate': 0.05305887784971085}. Best is trial 321 with value: 41.67874455451965.
trail number 431
[I 2025-07-19 11:59:29,050] Trial 431 finished with value: 46.196866035461426 and parameters: {'n_estimators': 1195, 'max_depth': 3, 'learning_rate': 0.10536670195303671}. Best is trial 321 with value: 41.67874455451965.
trail number 433
[I 2025-07-19 11:59:29,271] Trial 433 finished with value: 44.62666034698486 and parameters: {'n_estimators': 823, 'max_depth': 4, 'learning_rate': 0.08807064236018688}. Best is trial 321 with value: 41.67874455451965.
trail number 435
[I 2025-07-19 11:59:32,212] Trial 435 finished with value: 46.65283977985382 and parameters: {'n_estimators': 3252, 'max_depth': 14, 'learning_rate': 0.17128845843123858}. Best is trial 321 with value: 41.67874455451965.
trail number 438
[I 2025-07-19 11:59:34,002] Trial 438 finished with value: 45.10145306587219 and parameters: {'n_estimators': 566, 'max_depth': 3, 'learning_rate': 0.0929804643767807}. Best is trial 321 with value: 41.67874455451965.
trail number 437
[I 2025-07-19 11:59:34,061] Trial 437 finished with value: 44.263482093811035 and parameters: {'n_estimators': 733, 'max_depth': 6, 'learning_rate': 0.06575721251216389}. Best is trial 321 with value: 41.67874455451965.
trail number 440
[I 2025-07-19 11:59:34,435] Trial 440 finished with value: 44.22806680202484 and parameters: {'n_estimators': 68, 'max_depth': 5, 'learning_rate': 0.04616245585362324}. Best is trial 321 with value: 41.67874455451965.
trail number 441
[I 2025-07-19 11:59:34,520] Trial 441 finished with value: 48.260520696640015 and parameters: {'n_estimators': 19, 'max_depth': 3, 'learning_rate': 0.055199727093711036}. Best is trial 321 with value: 41.67874455451965.
trail number 442
[I 2025-07-19 11:59:34,601] Trial 442 finished with value: 46.84159815311432 and parameters: {'n_estimators': 14, 'max_depth': 3, 'learning_rate': 0.09476942055450943}. Best is trial 321 with value: 41.67874455451965.
trail number 443
[I 2025-07-19 11:59:37,320] Trial 443 finished with value: 45.15208184719086 and parameters: {'n_estimators': 874, 'max_depth': 3, 'learning_rate': 0.07350111263993468}. Best is trial 321 with value: 41.67874455451965.
trail number 444
[I 2025-07-19 11:59:37,563] Trial 444 finished with value: 52.19936966896057 and parameters: {'n_estimators': 24, 'max_depth': 7, 'learning_rate': 0.03404311681210262}. Best is trial 321 with value: 41.67874455451965.
trail number 445
[I 2025-07-19 11:59:39,305] Trial 445 finished with value: 44.069799184799194 and parameters: {'n_estimators': 526, 'max_depth': 3, 'learning_rate': 0.06297920886747521}. Best is trial 321 with value: 41.67874455451965.
trail number 446
[I 2025-07-19 11:59:39,568] Trial 446 finished with value: 48.58277976512909 and parameters: {'n_estimators': 26, 'max_depth': 7, 'learning_rate': 0.05597177796573713}. Best is trial 321 with value: 41.67874455451965.
trail number 447
[I 2025-07-19 11:59:39,864] Trial 447 finished with value: 41.96694493293762 and parameters: {'n_estimators': 88, 'max_depth': 3, 'learning_rate': 0.07040065246127042}. Best is trial 321 with value: 41.67874455451965.
trail number 448
[I 2025-07-19 11:59:42,800] Trial 448 finished with value: 44.79402720928192 and parameters: {'n_estimators': 441, 'max_depth': 6, 'learning_rate': 0.07080673962027216}. Best is trial 321 with value: 41.67874455451965.
trail number 436
[I 2025-07-19 11:59:43,771] Trial 436 finished with value: 46.94801092147827 and parameters: {'n_estimators': 2906, 'max_depth': 18, 'learning_rate': 0.03380726726485503}. Best is trial 321 with value: 41.67874455451965.
trail number 449
[I 2025-07-19 11:59:43,849] Trial 449 finished with value: 43.44759285449982 and parameters: {'n_estimators': 310, 'max_depth': 3, 'learning_rate': 0.07275651536512209}. Best is trial 321 with value: 41.67874455451965.
trail number 450
[I 2025-07-19 11:59:43,959] Trial 450 finished with value: 47.12515354156494 and parameters: {'n_estimators': 24, 'max_depth': 5, 'learning_rate': 0.06257550210268774}. Best is trial 321 with value: 41.67874455451965.
trail number 451
[I 2025-07-19 11:59:44,675] Trial 451 finished with value: 46.17433845996857 and parameters: {'n_estimators': 87, 'max_depth': 7, 'learning_rate': 0.0452104274704962}. Best is trial 321 with value: 41.67874455451965.
trail number 452
[I 2025-07-19 11:59:44,821] Trial 452 finished with value: 42.80854821205139 and parameters: {'n_estimators': 259, 'max_depth': 3, 'learning_rate': 0.05456693393681736}. Best is trial 321 with value: 41.67874455451965.
trail number 454
[I 2025-07-19 11:59:45,665] Trial 454 finished with value: 43.34675312042236 and parameters: {'n_estimators': 251, 'max_depth': 3, 'learning_rate': 0.06337477539480901}. Best is trial 321 with value: 41.67874455451965.
trail number 455
[I 2025-07-19 11:59:48,227] Trial 455 finished with value: 46.457942724227905 and parameters: {'n_estimators': 339, 'max_depth': 8, 'learning_rate': 0.10917448738046687}. Best is trial 321 with value: 41.67874455451965.
trail number 456
[I 2025-07-19 11:59:51,303] Trial 456 finished with value: 45.02946674823761 and parameters: {'n_estimators': 951, 'max_depth': 3, 'learning_rate': 0.08332817387870523}. Best is trial 321 with value: 41.67874455451965.
trail number 457
[I 2025-07-19 11:59:52,091] Trial 457 finished with value: 42.36286163330078 and parameters: {'n_estimators': 230, 'max_depth': 3, 'learning_rate': 0.058063468194946}. Best is trial 321 with value: 41.67874455451965.
trail number 458
[I 2025-07-19 11:59:52,519] Trial 458 finished with value: 44.96322512626648 and parameters: {'n_estimators': 57, 'max_depth': 6, 'learning_rate': 0.0983401060608807}. Best is trial 321 with value: 41.67874455451965.
trail number 453
[I 2025-07-19 11:59:54,064] Trial 453 finished with value: 46.79738759994507 and parameters: {'n_estimators': 3113, 'max_depth': 25, 'learning_rate': 0.06666235109530783}. Best is trial 321 with value: 41.67874455451965.
trail number 459
[I 2025-07-19 11:59:55,498] Trial 459 finished with value: 44.76203918457031 and parameters: {'n_estimators': 940, 'max_depth': 3, 'learning_rate': 0.05166994343568966}. Best is trial 321 with value: 41.67874455451965.
trail number 460
[I 2025-07-19 11:59:55,622] Trial 460 finished with value: 45.81479787826538 and parameters: {'n_estimators': 421, 'max_depth': 10, 'learning_rate': 0.21841826765642364}. Best is trial 321 with value: 41.67874455451965.
trail number 462
[I 2025-07-19 11:59:56,072] Trial 462 finished with value: 43.18273186683655 and parameters: {'n_estimators': 96, 'max_depth': 4, 'learning_rate': 0.05979174709531769}. Best is trial 321 with value: 41.67874455451965.
trail number 461
[I 2025-07-19 11:59:56,235] Trial 461 finished with value: 42.62336552143097 and parameters: {'n_estimators': 204, 'max_depth': 3, 'learning_rate': 0.06554151695431598}. Best is trial 321 with value: 41.67874455451965.
trail number 439
[I 2025-07-19 11:59:56,346] Trial 439 finished with value: 47.145371437072754 and parameters: {'n_estimators': 3324, 'max_depth': 25, 'learning_rate': 0.024885950340833657}. Best is trial 321 with value: 41.67874455451965.
trail number 464
