{"target": 19.969504019305955, "params": {"C": 14.509155264393883, "epsilon": 0.12493670537855506, "tau": 730.4666131183625, "kronecker_kernel": true}}
{"target": 19.08736104233629, "params": {"C": 19.018658008120077, "epsilon": 0.011653307579669536, "tau": 777.0859840193464, "kronecker_kernel": true}}
{"target": 44.912039763604255, "params": {"C": 0.7227654568787436, "epsilon": 0.2161282232305018, "tau": 667.3933090996286, "kronecker_kernel": true}}
{"target": 18.61233578311549, "params": {"C": 25.206549495761024, "epsilon": 3.035159696817014, "tau": 841.7333344387754, "kronecker_kernel": true}}
{"target": 18.79910177681123, "params": {"C": 21.96090472288571, "epsilon": 4.185734900364476, "tau": 837.4607006983198, "kronecker_kernel": true}}
{"target": 19.235738949453413, "params": {"C": 22.4887161584078, "epsilon": 3.2899189493335146, "tau": 846.5498325535001, "kronecker_kernel": true}}
{"target": 21.45818175121395, "params": {"C": 11.837727654355024, "epsilon": 5.861671668381869, "tau": 728.6594596865438, "kronecker_kernel": true}}
{"target": 19.06103554606934, "params": {"C": 20.282015639512654, "epsilon": 2.382720126305644, "tau": 811.5128902180749, "kronecker_kernel": true}}
{"target": 20.505726389015987, "params": {"C": 14.760907486753844, "epsilon": 4.6371194440070145, "tau": 742.0872643976018, "kronecker_kernel": true}}
{"target": 20.266584762572965, "params": {"C": 16.66157780503768, "epsilon": 5.442581730358189, "tau": 725.6034685039265, "kronecker_kernel": true}}
{"target": 19.72466593680708, "params": {"C": 26.66026237661343, "epsilon": 5.2574785650138995, "tau": 810.0541537185335, "kronecker_kernel": true}}
{"target": 20.690228531171176, "params": {"C": 30.626888330511694, "epsilon": 2.4563265869436886, "tau": 871.4250551766175, "kronecker_kernel": true}}
{"target": 19.5349071682868, "params": {"C": 22.00073219266584, "epsilon": 2.452957165524089, "tau": 899.8728272433736, "kronecker_kernel": true}}
{"target": 19.725320127058627, "params": {"C": 27.95173356471415, "epsilon": 3.0773063763461876, "tau": 956.5201094847682, "kronecker_kernel": true}}
{"target": 19.307572896973976, "params": {"C": 24.043138440157048, "epsilon": 2.4322093031423377, "tau": 875.5711589802609, "kronecker_kernel": true}}
{"target": 18.849348230413916, "params": {"C": 20.178719234396286, "epsilon": 0.6757448521785395, "tau": 987.7962082967263, "kronecker_kernel": true}}
{"target": 20.849414994532005, "params": {"C": 28.831316540181234, "epsilon": 1.9708563961265466, "tau": 968.7955680717022, "kronecker_kernel": true}}
{"target": 20.916005419763007, "params": {"C": 30.04542173623662, "epsilon": 0.5405163818821607, "tau": 992.9431146935767, "kronecker_kernel": true}}
{"target": 20.818325793133933, "params": {"C": 45.75619267055046, "epsilon": 0.00792544033564302, "tau": 893.3262794104679, "kronecker_kernel": true}}
{"target": 18.8549339631734, "params": {"C": 20.397900027445026, "epsilon": 0.9467353852256188, "tau": 906.0553268980068, "kronecker_kernel": true}}
{"target": 28.051061240969442, "params": {"C": 55.292620653080405, "epsilon": 0.4444295910067022, "tau": 875.4243960174098, "kronecker_kernel": true}}
{"target": 19.966940258775377, "params": {"C": 12.19754026571609, "epsilon": 0.5441237810864441, "tau": 874.0677563153788, "kronecker_kernel": true}}
{"target": 19.08910503169795, "params": {"C": 16.57150036790471, "epsilon": 0.18028480899190186, "tau": 878.0237716708732, "kronecker_kernel": true}}
{"target": 19.541989970154354, "params": {"C": 12.463329552636598, "epsilon": 0.28859276614944246, "tau": 924.1228235799122, "kronecker_kernel": true}}
{"target": 19.0919813541656, "params": {"C": 15.799908561993986, "epsilon": 1.37002456843571, "tau": 876.8350296153013, "kronecker_kernel": true}}
{"target": 19.83543914235241, "params": {"C": 26.73534826636202, "epsilon": 0.5396354097530085, "tau": 847.9829619816644, "kronecker_kernel": true}}
{"target": 19.131285660701664, "params": {"C": 14.740729419386096, "epsilon": 0.2919304866288867, "tau": 967.333372285266, "kronecker_kernel": true}}
{"target": 20.205823815930398, "params": {"C": 30.368679463426048, "epsilon": 6.9205817824659395, "tau": 490.50386592346115, "kronecker_kernel": true}}
{"target": 20.428089029156684, "params": {"C": 30.41000696794728, "epsilon": 0.4983781568732896, "tau": 841.4860991406255, "kronecker_kernel": true}}
{"target": 18.719075198896157, "params": {"C": 22.12838136137747, "epsilon": 5.031279376397904, "tau": 878.633074259273, "kronecker_kernel": true}}
{"target": 23.25541819154371, "params": {"C": 69.9413670070239, "epsilon": 11.150684288011993, "tau": 685.6164408093755, "kronecker_kernel": true}}
{"target": 19.31688811833575, "params": {"C": 20.0978905752879, "epsilon": 1.7040900881661365, "tau": 997.8721033353091, "kronecker_kernel": true}}
{"target": 23.576731342209378, "params": {"C": 6.23632361482421, "epsilon": 4.566697586824727, "tau": 844.0880283349558, "kronecker_kernel": true}}
{"target": 19.596551697727044, "params": {"C": 15.868755240182658, "epsilon": 5.81655376095331, "tau": 912.8633420138865, "kronecker_kernel": true}}
{"target": 21.224646372576448, "params": {"C": 45.31005631487099, "epsilon": 5.212775890296564, "tau": 884.8487301860299, "kronecker_kernel": true}}
{"target": 28.189928372584735, "params": {"C": 92.21301413989224, "epsilon": 1.1746428996983713, "tau": 233.19603274707708, "kronecker_kernel": true}}
{"target": 20.9582741071974, "params": {"C": 37.92561617814456, "epsilon": 6.313077145028972, "tau": 764.0540128914632, "kronecker_kernel": true}}
{"target": 21.42141549681618, "params": {"C": 45.36661044269147, "epsilon": 6.055420924361403, "tau": 987.5398316315793, "kronecker_kernel": true}}
{"target": 19.61579229599804, "params": {"C": 15.352083693306897, "epsilon": 2.660899415537609, "tau": 791.8628279192271, "kronecker_kernel": true}}
{"target": 19.228393244878653, "params": {"C": 24.705025392240238, "epsilon": 5.7849307441615405, "tau": 869.6678339519708, "kronecker_kernel": true}}
{"target": 19.528469667967208, "params": {"C": 25.79577205401727, "epsilon": 4.720563567623425, "tau": 849.7981711589204, "kronecker_kernel": true}}
{"target": 18.776386119300575, "params": {"C": 22.514555500968168, "epsilon": 4.295628666713507, "tau": 929.4586180804243, "kronecker_kernel": true}}
{"target": 19.97327405632881, "params": {"C": 28.056422694810372, "epsilon": 4.178286306595871, "tau": 875.6039124463075, "kronecker_kernel": true}}
{"target": 25.961895353793274, "params": {"C": 30.805368337560882, "epsilon": 3.736035217025358, "tau": 857.9910812207798, "kronecker_kernel": true}}
{"target": 19.475609559824562, "params": {"C": 17.249684426175428, "epsilon": 2.5711020547110435, "tau": 827.8871233928237, "kronecker_kernel": true}}
{"target": 20.749628376664887, "params": {"C": 28.403343432839726, "epsilon": 4.176339755492939, "tau": 972.1400164468183, "kronecker_kernel": true}}
{"target": 19.349095873443147, "params": {"C": 19.136730603447557, "epsilon": 3.584081869832047, "tau": 774.5003768838222, "kronecker_kernel": true}}
{"target": 19.948763074100984, "params": {"C": 25.773333089825414, "epsilon": 5.451264969495068, "tau": 973.8797332781215, "kronecker_kernel": true}}
{"target": 31.110404087814523, "params": {"C": 77.77008765596128, "epsilon": 13.40044246708351, "tau": 1825.9154046165334, "kronecker_kernel": true}}
{"target": 23.00731329722425, "params": {"C": 18.12140149602257, "epsilon": 14.953801249731777, "tau": 2829.9387825484027, "kronecker_kernel": true}}
{"target": 23.266666689974706, "params": {"C": 58.99083630551208, "epsilon": 7.759818754548615, "tau": 1517.6157165652558, "kronecker_kernel": true}}
{"target": 20.88265234256067, "params": {"C": 54.14291811656451, "epsilon": 2.4458850738664597, "tau": 4260.185836502089, "kronecker_kernel": true}}
{"target": 23.53041043148385, "params": {"C": 55.36986380982943, "epsilon": 12.415071689081737, "tau": 1156.541457283155, "kronecker_kernel": true}}
{"target": 23.848810703795913, "params": {"C": 90.72393943946948, "epsilon": 11.357804196978824, "tau": 2956.2770173554836, "kronecker_kernel": true}}
{"target": 22.840575673520974, "params": {"C": 41.02602580371169, "epsilon": 11.545747396397989, "tau": 1340.0787794457094, "kronecker_kernel": true}}
{"target": 25.17382001330503, "params": {"C": 68.5927384974902, "epsilon": 6.318318449130913, "tau": 1150.0131826587535, "kronecker_kernel": true}}
{"target": 21.419493601361054, "params": {"C": 5.861441573538507, "epsilon": 13.349757335692981, "tau": 3595.7032780459203, "kronecker_kernel": true}}
{"target": 20.576971150777798, "params": {"C": 85.49007099145574, "epsilon": 0.9297793139994855, "tau": 3060.603854313343, "kronecker_kernel": true}}
