{"target": 55.932050195764035, "params": {"C": 0.26795339693450765, "epsilon": 4.066690750267995, "tau": 635.6527242352635, "kronecker_kernel": true}}
{"target": 35.922239754280724, "params": {"C": 3.1605535383630827, "epsilon": 14.989440615317635, "tau": 529.6817596576229, "kronecker_kernel": true}}
{"target": 45.71902740872734, "params": {"C": 1.666107795973338, "epsilon": 12.324595624866914, "tau": 288.51421972088156, "kronecker_kernel": true}}
{"target": 34.641715018871125, "params": {"C": 2.049209312631247, "epsilon": 7.227017885739952, "tau": 765.1846966098751, "kronecker_kernel": true}}
{"target": 34.16026004129899, "params": {"C": 99.29849269208684, "epsilon": 2.5272185129922646, "tau": 917.525215034839, "kronecker_kernel": true}}
{"target": 21.02141867210137, "params": {"C": 47.520890141877864, "epsilon": 4.949286883404296, "tau": 759.9430313714788, "kronecker_kernel": true}}
{"target": 25.02959118905906, "params": {"C": 25.15434695388275, "epsilon": 7.030581462860827, "tau": 207.27727540051578, "kronecker_kernel": true}}
{"target": 21.990331242534353, "params": {"C": 88.78262624191086, "epsilon": 7.813562534385996, "tau": 416.38032760164634, "kronecker_kernel": true}}
{"target": 27.07802488911518, "params": {"C": 3.9358429615035684, "epsilon": 5.696344410179458, "tau": 824.3051782267681, "kronecker_kernel": true}}
{"target": 30.056774700332074, "params": {"C": 35.541307264453245, "epsilon": 14.88953966093708, "tau": 133.763516111408, "kronecker_kernel": true}}
{"target": 21.30438078914803, "params": {"C": 41.80256106620094, "epsilon": 2.02537612514421, "tau": 815.9558391873531, "kronecker_kernel": true}}
{"target": 22.270786138696895, "params": {"C": 55.7738151257484, "epsilon": 7.987549404470033, "tau": 968.7178180359076, "kronecker_kernel": true}}
{"target": 21.06988016088055, "params": {"C": 60.67994773758064, "epsilon": 7.530913862912786, "tau": 405.8385907902659, "kronecker_kernel": true}}
{"target": 20.775678917217185, "params": {"C": 78.29496264778565, "epsilon": 3.110833592051513, "tau": 230.32012657846388, "kronecker_kernel": true}}
{"target": 21.33524412251918, "params": {"C": 42.296907863191855, "epsilon": 7.493705801684013, "tau": 481.11263378019726, "kronecker_kernel": true}}
{"target": 23.019812357846497, "params": {"C": 99.34654527605854, "epsilon": 6.89862979954807, "tau": 894.1460529057003, "kronecker_kernel": true}}
{"target": 24.792320226421687, "params": {"C": 81.5450860559202, "epsilon": 14.323158489151364, "tau": 868.1941986558294, "kronecker_kernel": true}}
{"target": 23.050799650484688, "params": {"C": 16.510349845229364, "epsilon": 7.920960011989083, "tau": 419.66064154135825, "kronecker_kernel": true}}
{"target": 24.63661762080013, "params": {"C": 96.09834381113764, "epsilon": 4.317486484068554, "tau": 965.0029466921795, "kronecker_kernel": true}}
{"target": 29.803495393727417, "params": {"C": 54.566051423579886, "epsilon": 9.427366939239038, "tau": 95.43893232052649, "kronecker_kernel": true}}
{"target": 25.095573112194337, "params": {"C": 79.09678375868741, "epsilon": 14.992207529148763, "tau": 779.9781182272603, "kronecker_kernel": true}}
{"target": 21.3845211442305, "params": {"C": 76.24988958050785, "epsilon": 2.824646794301321, "tau": 418.69562641539375, "kronecker_kernel": true}}
{"target": 23.321613777307476, "params": {"C": 7.153391492382672, "epsilon": 3.339070702018567, "tau": 757.3150399819385, "kronecker_kernel": true}}
{"target": 25.570353240968366, "params": {"C": 60.23265446371021, "epsilon": 8.45401270922852, "tau": 153.14852261427143, "kronecker_kernel": true}}
{"target": 30.929626369786245, "params": {"C": 17.935356572963112, "epsilon": 7.3457357168629365, "tau": 196.50359663800876, "kronecker_kernel": true}}
{"target": 22.23432959144861, "params": {"C": 68.5509751320344, "epsilon": 3.9319088400396307, "tau": 604.8650483067916, "kronecker_kernel": true}}
{"target": 24.128460101035706, "params": {"C": 95.47156306367208, "epsilon": 12.752497243923143, "tau": 711.3600635672948, "kronecker_kernel": true}}
{"target": 24.67844699037097, "params": {"C": 4.709360023682487, "epsilon": 4.311062969958626, "tau": 931.7858055847953, "kronecker_kernel": true}}
{"target": 21.40142241318727, "params": {"C": 31.828625457666675, "epsilon": 11.707125176080316, "tau": 837.5661864501842, "kronecker_kernel": true}}
{"target": 19.523206246100216, "params": {"C": 23.744866271320234, "epsilon": 7.310434043510899, "tau": 839.7537906491683, "kronecker_kernel": true}}
{"target": 22.23261819731118, "params": {"C": 46.74574851915131, "epsilon": 11.672127238235896, "tau": 769.4765107931006, "kronecker_kernel": true}}
{"target": 23.186685577374696, "params": {"C": 84.31209268001085, "epsilon": 12.512991659252918, "tau": 310.8589173061008, "kronecker_kernel": true}}
{"target": 20.739455607439947, "params": {"C": 37.55193930489354, "epsilon": 1.5811724325304164, "tau": 369.663550906195, "kronecker_kernel": true}}
{"target": 40.913793793950575, "params": {"C": 19.184099694261967, "epsilon": 9.444337404475737, "tau": 54.19369590471918, "kronecker_kernel": true}}
{"target": 19.653847866422844, "params": {"C": 21.326893494079382, "epsilon": 8.03570791284848, "tau": 742.1295410517066, "kronecker_kernel": true}}
{"target": 23.008914719805865, "params": {"C": 92.6260485129845, "epsilon": 9.419944334356494, "tau": 956.5991454934508, "kronecker_kernel": true}}
{"target": 23.686283252222903, "params": {"C": 47.92049317697319, "epsilon": 13.723119732401024, "tau": 771.9133585364744, "kronecker_kernel": true}}
{"target": 20.6791027037137, "params": {"C": 33.625985828800985, "epsilon": 0.5148358406478339, "tau": 314.48881203213307, "kronecker_kernel": true}}
{"target": 20.247224477983355, "params": {"C": 41.857281427447916, "epsilon": 2.1084301901881477, "tau": 387.4875167209121, "kronecker_kernel": true}}
{"target": 20.646297670373098, "params": {"C": 27.25553951523738, "epsilon": 1.061438547628614, "tau": 383.9971874689306, "kronecker_kernel": true}}
{"target": 25.038383647642032, "params": {"C": 38.60128150508798, "epsilon": 1.4130529496412745, "tau": 173.40933540953438, "kronecker_kernel": true}}
{"target": 18.957266137265556, "params": {"C": 32.86913623111196, "epsilon": 0.3348967811626034, "tau": 496.9505598582442, "kronecker_kernel": true}}
{"target": 23.273302636586404, "params": {"C": 50.13523771257698, "epsilon": 0.034934980915477476, "tau": 202.67649589402964, "kronecker_kernel": true}}
{"target": 25.27591338418582, "params": {"C": 6.472085417654128, "epsilon": 0.22099994778718468, "tau": 564.3775083339563, "kronecker_kernel": true}}
{"target": 21.636956175916513, "params": {"C": 12.05913592181823, "epsilon": 8.864534469994227, "tau": 890.9295467289708, "kronecker_kernel": true}}
{"target": 19.689168805574212, "params": {"C": 19.829374131545208, "epsilon": 8.030341154325454, "tau": 759.1009555520632, "kronecker_kernel": true}}
{"target": 20.402123029494483, "params": {"C": 19.35948566999912, "epsilon": 7.935063761164205, "tau": 813.650326648252, "kronecker_kernel": true}}
{"target": 20.047369583094216, "params": {"C": 21.223993315273276, "epsilon": 8.63394957345977, "tau": 837.2667899467676, "kronecker_kernel": true}}
{"target": 21.431507814530026, "params": {"C": 16.952353355520465, "epsilon": 7.998806371556276, "tau": 649.7410374943208, "kronecker_kernel": true}}
{"target": 21.973513855098098, "params": {"C": 16.981464290414827, "epsilon": 10.399744094570206, "tau": 621.5236352465425, "kronecker_kernel": true}}
{"target": 21.39229170885075, "params": {"C": 16.50692605026807, "epsilon": 8.422191081426876, "tau": 670.1497341993005, "kronecker_kernel": true}}
{"target": 19.87737455365297, "params": {"C": 25.407557495057326, "epsilon": 6.726219542513184, "tau": 691.6889027083928, "kronecker_kernel": true}}
{"target": 20.91224685646779, "params": {"C": 39.103890277423446, "epsilon": 8.594632407451819, "tau": 708.8594727046766, "kronecker_kernel": true}}
{"target": 20.42557937776874, "params": {"C": 34.16553866335241, "epsilon": 6.045810039932781, "tau": 776.4843572643258, "kronecker_kernel": true}}
{"target": 21.202868723704245, "params": {"C": 43.01572386545683, "epsilon": 6.646167218176599, "tau": 778.5854378965089, "kronecker_kernel": true}}
{"target": 20.47921770266604, "params": {"C": 29.50194895832367, "epsilon": 4.289308928932703, "tau": 560.0413761411871, "kronecker_kernel": true}}
{"target": 20.508111367907965, "params": {"C": 38.57751783534495, "epsilon": 2.5111635701080486, "tau": 622.2677827096237, "kronecker_kernel": true}}
{"target": 19.882952930702952, "params": {"C": 26.286520742704074, "epsilon": 0.37543380474611, "tau": 735.2685604426301, "kronecker_kernel": true}}
{"target": 20.719872164686613, "params": {"C": 29.07044821138596, "epsilon": 8.24614712985809, "tau": 976.6197480368313, "kronecker_kernel": true}}
{"target": 19.872971056551485, "params": {"C": 20.24626849209794, "epsilon": 8.02489360571635, "tau": 900.7699945668232, "kronecker_kernel": true}}
{"target": 19.523448147080124, "params": {"C": 23.894316269824884, "epsilon": 7.354174439212326, "tau": 875.3294773242915, "kronecker_kernel": true}}
{"target": 20.548896885271613, "params": {"C": 45.88160319020288, "epsilon": 0.34835948119374627, "tau": 573.5018685139944, "kronecker_kernel": true}}
{"target": 19.42395426874917, "params": {"C": 23.913315452468755, "epsilon": 6.07652386761995, "tau": 895.7341312823057, "kronecker_kernel": true}}
{"target": 20.37128011148209, "params": {"C": 33.366947937825174, "epsilon": 0.17624082890029555, "tau": 701.0002236499672, "kronecker_kernel": true}}
{"target": 20.35335623358261, "params": {"C": 25.71194803725653, "epsilon": 6.938767153647902, "tau": 980.7953278354805, "kronecker_kernel": true}}
{"target": 24.92943016412961, "params": {"C": 4.72172174626, "epsilon": 7.129140951695719, "tau": 973.7572514865304, "kronecker_kernel": true}}
{"target": 42.47779101168324, "params": {"C": 98.00766382187139, "epsilon": 9.460253347858508, "tau": 14.169088876996796, "kronecker_kernel": true}}
{"target": 20.79383014384453, "params": {"C": 42.29074015609258, "epsilon": 4.08298665427228, "tau": 937.2947020331759, "kronecker_kernel": true}}
{"target": 18.873595978719358, "params": {"C": 22.941674879646047, "epsilon": 5.7908517610264845, "tau": 826.2834311258691, "kronecker_kernel": true}}
{"target": 18.889167789084702, "params": {"C": 19.943737313464435, "epsilon": 5.340803889989563, "tau": 870.3189964515796, "kronecker_kernel": true}}
{"target": 20.76677328736225, "params": {"C": 32.17900107371128, "epsilon": 4.588714945056993, "tau": 939.5026232724022, "kronecker_kernel": true}}
{"target": 19.79410240425387, "params": {"C": 16.309245728481237, "epsilon": 5.640754958965949, "tau": 836.6001453733297, "kronecker_kernel": true}}
{"target": 19.134969411453724, "params": {"C": 21.795775941160063, "epsilon": 4.965081631828982, "tau": 757.4722674239204, "kronecker_kernel": true}}
{"target": 19.463508514738713, "params": {"C": 27.571539266962358, "epsilon": 4.0476007861261944, "tau": 911.2853085249336, "kronecker_kernel": true}}
{"target": 19.415549270106062, "params": {"C": 15.332324579002368, "epsilon": 3.806141911275086, "tau": 909.0078818582238, "kronecker_kernel": true}}
{"target": 19.610637023905745, "params": {"C": 19.613627382125628, "epsilon": 3.772164864617574, "tau": 793.5259448920991, "kronecker_kernel": true}}
{"target": 18.94508766994529, "params": {"C": 26.747222046666913, "epsilon": 4.511176311592953, "tau": 790.8031661147595, "kronecker_kernel": true}}
{"target": 19.22232990756538, "params": {"C": 17.089556755064308, "epsilon": 2.9958009755997606, "tau": 933.1951856637363, "kronecker_kernel": true}}
{"target": 19.946801559166477, "params": {"C": 13.090078226276507, "epsilon": 2.6917710758479445, "tau": 824.6502631280523, "kronecker_kernel": true}}
{"target": 19.197607757537092, "params": {"C": 22.953190228106266, "epsilon": 1.9370778370144586, "tau": 976.3513190358469, "kronecker_kernel": true}}
{"target": 27.95630677915282, "params": {"C": 5.119014307586262, "epsilon": 14.998836352677651, "tau": 940.7640791167794, "kronecker_kernel": true}}
{"target": 25.924555407996415, "params": {"C": 33.99074227680777, "epsilon": 1.296906117703604, "tau": 993.8664268029488, "kronecker_kernel": true}}
{"target": 19.687365291311004, "params": {"C": 24.565409537370535, "epsilon": 1.6129266763975256, "tau": 953.310324334927, "kronecker_kernel": true}}
{"target": 18.93218379603043, "params": {"C": 21.14828972488006, "epsilon": 1.3197309578800414, "tau": 910.7022640865273, "kronecker_kernel": true}}
{"target": 18.944735764900802, "params": {"C": 18.440132648281214, "epsilon": 1.606649191083809, "tau": 976.9163171583693, "kronecker_kernel": true}}
{"target": 20.476934616260806, "params": {"C": 10.324244471008166, "epsilon": 3.343398503767774, "tau": 957.7819839309728, "kronecker_kernel": true}}
{"target": 22.239529826928568, "params": {"C": 7.338379906339469, "epsilon": 1.2229132647060315, "tau": 904.1846244409412, "kronecker_kernel": true}}
{"target": 23.962761214843248, "params": {"C": 5.135127907226078, "epsilon": 1.9318265250227757, "tau": 891.1361827364711, "kronecker_kernel": true}}
{"target": 29.571817604280717, "params": {"C": 2.722473005220845, "epsilon": 0.8940001357954601, "tau": 853.9999920196847, "kronecker_kernel": true}}
{"target": 19.98065001183646, "params": {"C": 11.973297111706444, "epsilon": 0.24791408448219654, "tau": 931.5028301502318, "kronecker_kernel": true}}
{"target": 22.764908131619485, "params": {"C": 6.409916668847773, "epsilon": 1.2617933850358294, "tau": 959.078401572507, "kronecker_kernel": true}}
{"target": 18.775995746806817, "params": {"C": 18.512676038706882, "epsilon": 0.6112804568208003, "tau": 932.1842698352259, "kronecker_kernel": true}}
{"target": 19.10870326707218, "params": {"C": 13.87595858013781, "epsilon": 0.33762115771262136, "tau": 992.1738472527281, "kronecker_kernel": true}}
{"target": 22.370835090342744, "params": {"C": 10.392176929631542, "epsilon": 4.173054200027006, "tau": 667.7886771178034, "kronecker_kernel": true}}
{"target": 21.28390754681741, "params": {"C": 35.49970798332885, "epsilon": 1.037623658239054, "tau": 924.0854756708985, "kronecker_kernel": true}}
{"target": 20.75989957087031, "params": {"C": 32.038442866862525, "epsilon": 0.38381590785463116, "tau": 863.586219564544, "kronecker_kernel": true}}
{"target": 18.82355364870307, "params": {"C": 17.25697623440792, "epsilon": 0.3418825387916827, "tau": 984.1544493331273, "kronecker_kernel": true}}
{"target": 20.298911488136806, "params": {"C": 26.830077559933777, "epsilon": 0.1360327635520624, "tau": 915.1701107923132, "kronecker_kernel": true}}
{"target": 26.856021357081694, "params": {"C": 99.04533016955097, "epsilon": 6.62713465484304, "tau": 596.0190701926344, "kronecker_kernel": true}}
{"target": 19.93593126513622, "params": {"C": 24.48202067850493, "epsilon": 0.49671366193378086, "tau": 976.3686764775184, "kronecker_kernel": true}}
{"target": 20.366738845057885, "params": {"C": 30.721278041538923, "epsilon": 0.6540190347932069, "tau": 912.7738780171425, "kronecker_kernel": true}}
{"target": 20.21825348511282, "params": {"C": 33.51583149194411, "epsilon": 4.104940490104449, "tau": 717.8284901988927, "kronecker_kernel": true}}
{"target": 19.58483290168637, "params": {"C": 21.742478010997893, "epsilon": 2.2521098735633163, "tau": 746.8969817981804, "kronecker_kernel": true}}
{"target": 18.699212401980866, "params": {"C": 29.61328741086013, "epsilon": 4.508043335111742, "tau": 662.7999990455171, "kronecker_kernel": true}}
{"target": 19.076369117110424, "params": {"C": 23.96571938548602, "epsilon": 2.601398231233403, "tau": 679.0486772212896, "kronecker_kernel": true}}
{"target": 26.340599867479483, "params": {"C": 86.21896781119145, "epsilon": 0.2652111546038549, "tau": 850.3345517191322, "kronecker_kernel": true}}
{"target": 18.93198227152992, "params": {"C": 19.66777031149154, "epsilon": 1.2443309710394816, "tau": 989.9862683297941, "kronecker_kernel": true}}
{"target": 20.151088671929337, "params": {"C": 35.017969994470064, "epsilon": 4.872641740671537, "tau": 643.9589666602117, "kronecker_kernel": true}}
{"target": 20.661082236099524, "params": {"C": 44.22374519590495, "epsilon": 4.214037427131199, "tau": 568.4759783952366, "kronecker_kernel": true}}
{"target": 20.917493389578475, "params": {"C": 15.077633878688895, "epsilon": 2.0953375791580857, "tau": 591.1765870871868, "kronecker_kernel": true}}
{"target": 19.609202855212025, "params": {"C": 33.8573920969614, "epsilon": 0.9759938293081709, "tau": 481.16284139023526, "kronecker_kernel": true}}
{"target": 24.052483271558586, "params": {"C": 10.261641544991614, "epsilon": 3.2376809236632234, "tau": 564.7183510175291, "kronecker_kernel": true}}
{"target": 40.45723025099655, "params": {"C": 2.3113683573557893, "epsilon": 4.26433364590604, "tau": 404.36870770608976, "kronecker_kernel": true}}
{"target": 22.773696307270097, "params": {"C": 34.586495399516785, "epsilon": 12.43906401396439, "tau": 379.58236162868127, "kronecker_kernel": true}}
{"target": 19.150488329537712, "params": {"C": 28.40015182059875, "epsilon": 2.061952806332753, "tau": 690.1768813144033, "kronecker_kernel": true}}
{"target": 18.980976232647873, "params": {"C": 23.192145518613597, "epsilon": 1.801124413759094, "tau": 692.9469197617027, "kronecker_kernel": true}}
{"target": 51.487055338758275, "params": {"C": 4.356561947949778, "epsilon": 0.37855616033280537, "tau": 37.5172944544567, "kronecker_kernel": true}}
{"target": 18.865781941096316, "params": {"C": 25.823341475455774, "epsilon": 2.856475467882337, "tau": 738.0921970577594, "kronecker_kernel": true}}
{"target": 19.134126297393905, "params": {"C": 23.985241277484086, "epsilon": 1.0450307340628227, "tau": 990.9590519749642, "kronecker_kernel": true}}
{"target": 19.13879463902375, "params": {"C": 28.166279695535714, "epsilon": 3.514167896904081, "tau": 719.7853552866596, "kronecker_kernel": true}}
{"target": 20.908185684996063, "params": {"C": 35.826713809949496, "epsilon": 3.784275763290542, "tau": 716.6065746411539, "kronecker_kernel": true}}
{"target": 20.997486510710985, "params": {"C": 52.55129649180425, "epsilon": 4.063460450866814, "tau": 752.9185327907151, "kronecker_kernel": true}}
{"target": 19.222610984569805, "params": {"C": 25.03251462607965, "epsilon": 3.7249381575065783, "tau": 786.7236177477101, "kronecker_kernel": true}}
{"target": 22.15120741265596, "params": {"C": 49.893756846903884, "epsilon": 2.9382316907046127, "tau": 796.8500549890526, "kronecker_kernel": true}}
{"target": 19.505434146278883, "params": {"C": 27.751723008284326, "epsilon": 3.2030861669223363, "tau": 838.7902555440589, "kronecker_kernel": true}}
{"target": 20.041192449294478, "params": {"C": 13.842674660631719, "epsilon": 0.9048002109658448, "tau": 770.6986865026985, "kronecker_kernel": true}}
{"target": 19.091787478692744, "params": {"C": 17.600104894744426, "epsilon": 1.1506141803793497, "tau": 724.8109526307754, "kronecker_kernel": true}}
{"target": 19.037141549785176, "params": {"C": 31.304559260296465, "epsilon": 0.006120874795876474, "tau": 490.60784036970756, "kronecker_kernel": true}}
{"target": 20.843362100200643, "params": {"C": 20.99616706929868, "epsilon": 2.2132573316336814, "tau": 496.2067746888608, "kronecker_kernel": true}}
{"target": 18.806079378697618, "params": {"C": 21.83428847676288, "epsilon": 0.27604652862704965, "tau": 731.2036671565475, "kronecker_kernel": true}}
{"target": 19.322703507071548, "params": {"C": 20.864152142697456, "epsilon": 0.19454607651025296, "tau": 586.5406588637567, "kronecker_kernel": true}}
{"target": 21.10898157253488, "params": {"C": 53.92993297561181, "epsilon": 1.247690543259244, "tau": 469.5325209007259, "kronecker_kernel": true}}
{"target": 20.241314954351083, "params": {"C": 50.54986760099634, "epsilon": 2.7322360907614223, "tau": 457.42140758687043, "kronecker_kernel": true}}
{"target": 19.292055860081042, "params": {"C": 16.72401151255201, "epsilon": 0.5945544466722689, "tau": 728.3126003828924, "kronecker_kernel": true}}
{"target": 34.12480804036527, "params": {"C": 15.362775841326936, "epsilon": 14.34976759450683, "tau": 147.61915631208404, "kronecker_kernel": true}}
{"target": 18.799913524157148, "params": {"C": 20.923778854332944, "epsilon": 0.37823557612279446, "tau": 751.0532086895053, "kronecker_kernel": true}}
{"target": 19.46808856792871, "params": {"C": 14.241719446710967, "epsilon": 3.069693580091001, "tau": 966.919892254507, "kronecker_kernel": true}}
{"target": 19.400573185023557, "params": {"C": 16.40278485399176, "epsilon": 3.7562966581988873, "tau": 972.8133391618471, "kronecker_kernel": true}}
{"target": 20.07438473706552, "params": {"C": 33.74681954176539, "epsilon": 1.4550907530886183, "tau": 604.7951598988107, "kronecker_kernel": true}}
{"target": 20.903651900292704, "params": {"C": 38.09680903636426, "epsilon": 1.021816971954852, "tau": 704.0841924112522, "kronecker_kernel": true}}
{"target": 18.865038455236064, "params": {"C": 21.155461871007965, "epsilon": 1.5328950740694522, "tau": 787.5553277280737, "kronecker_kernel": true}}
{"target": 18.93628962298907, "params": {"C": 25.809328881749757, "epsilon": 0.542815374507672, "tau": 823.6104558135258, "kronecker_kernel": true}}
{"target": 19.18624690548844, "params": {"C": 20.9876484404309, "epsilon": 0.07039636443037645, "tau": 883.8723504363044, "kronecker_kernel": true}}
{"target": 19.770377796943503, "params": {"C": 32.74393279809564, "epsilon": 0.8804239245164771, "tau": 773.6309734827953, "kronecker_kernel": true}}
{"target": 20.80286676592707, "params": {"C": 8.711733515100955, "epsilon": 0.7186787615004679, "tau": 994.08050859421, "kronecker_kernel": true}}
{"target": 19.641233370307102, "params": {"C": 29.287145994255766, "epsilon": 0.37397139286966175, "tau": 775.0083901355731, "kronecker_kernel": true}}
{"target": 18.887350622181707, "params": {"C": 22.854107933147848, "epsilon": 2.616253394504386, "tau": 862.7063217489871, "kronecker_kernel": true}}
