{"target": 45.380612105863996, "params": {"C": 701.9721599267552, "epsilon": 26.373949202360073, "gamma": 0.10815819650016921}}
{"target": 48.32862233832335, "params": {"C": 1148.1419653484377, "epsilon": 21.266552349261485, "gamma": 0.16404527546430375}}
{"target": 39.184695194300176, "params": {"C": 908.0865046575345, "epsilon": 29.6489739783434, "gamma": 0.004682406181171326}}
{"target": 41.08848242238762, "params": {"C": 733.6236900399184, "epsilon": 25.10738800651093, "gamma": 0.0006432225582820392}}
{"target": 45.24403274483582, "params": {"C": 706.4460596670343, "epsilon": 25.484658144653853, "gamma": 0.09725843216356177}}
{"target": 43.93577706543473, "params": {"C": 901.8647204172321, "epsilon": 25.93483083251427, "gamma": 0.055604576665029014}}
{"target": 44.87689851914464, "params": {"C": 956.4262999103723, "epsilon": 25.59151464550384, "gamma": 0.06482851214240301}}
{"target": 43.06203648056748, "params": {"C": 810.1516988003511, "epsilon": 23.917219728428684, "gamma": 0.05262275550664561}}
{"target": 44.02429884488673, "params": {"C": 1026.078405784932, "epsilon": 25.669821891059502, "gamma": 0.0531733475221525}}
{"target": 40.04039663537357, "params": {"C": 813.7518136703671, "epsilon": 22.7025262566514, "gamma": 0.0014796640946046456}}
{"target": 44.0578581048609, "params": {"C": 811.3000691056635, "epsilon": 23.72134067308951, "gamma": 0.06266424318335555}}
{"target": 43.393863284095936, "params": {"C": 800.4467685500555, "epsilon": 26.8324567434319, "gamma": 0.05284675424998909}}
{"target": 43.88510022325608, "params": {"C": 860.6065711987291, "epsilon": 24.09649156291561, "gamma": 0.0580420876842665}}
{"target": 44.37966519174927, "params": {"C": 778.6939861628106, "epsilon": 26.624923997032354, "gamma": 0.06486065942853401}}
{"target": 42.11759835029984, "params": {"C": 850.1677930890689, "epsilon": 25.859226151468576, "gamma": 0.000270557081098792}}
{"target": 42.449106146112356, "params": {"C": 709.517455024779, "epsilon": 20.3897659971012, "gamma": 0.053438343852974426}}
{"target": 45.735884316637204, "params": {"C": 980.2986425314209, "epsilon": 27.792111104905274, "gamma": 0.07967030039090206}}
{"target": 44.13743916265092, "params": {"C": 703.4851814167816, "epsilon": 26.589722243916874, "gamma": 0.06535865044299527}}
{"target": 43.24944383397481, "params": {"C": 1038.5773237970734, "epsilon": 22.271140684686948, "gamma": 0.048765543488870106}}
{"target": 45.24185201013908, "params": {"C": 802.610888375013, "epsilon": 24.482508518236916, "gamma": 0.00012106038701152448}}
{"target": 39.23435652431893, "params": {"C": 984.4365067911892, "epsilon": 23.706750226578126, "gamma": 0.0039928523437402445}}
{"target": 40.27987915468119, "params": {"C": 900.1078361319273, "epsilon": 20.999727396679695, "gamma": 0.03093594983728009}}
{"target": 39.73330354959107, "params": {"C": 863.482547149629, "epsilon": 24.909546577072945, "gamma": 0.0020400810959098816}}
{"target": 40.59095784117894, "params": {"C": 723.9864872596224, "epsilon": 25.109130748363256, "gamma": 0.0008559381004352188}}
{"target": 45.25457691977486, "params": {"C": 917.6856396833085, "epsilon": 22.280187355625657, "gamma": 0.07946884511815427}}
{"target": 40.553259571121636, "params": {"C": 960.2555731471607, "epsilon": 27.814134815192922, "gamma": 0.0009486035284599886}}
{"target": 39.34973591242509, "params": {"C": 714.964667339147, "epsilon": 25.029796050618167, "gamma": 0.004539345682862048}}
{"target": 43.244620558499946, "params": {"C": 705.2132200081443, "epsilon": 26.06305138019942, "gamma": 0.05550445090676584}}
{"target": 43.36724672932161, "params": {"C": 944.2376238576115, "epsilon": 27.510640545097576, "gamma": 0.00017632944571600948}}
{"target": 43.554270048703884, "params": {"C": 1007.971512190453, "epsilon": 26.77521914674962, "gamma": 0.04847694634855883}}
{"target": 44.02398340798341, "params": {"C": 915.9022139896198, "epsilon": 29.795309369067233, "gamma": 0.05376715641417604}}
{"target": 49.1669764104976, "params": {"C": 1066.7275050937956, "epsilon": 29.354041339896057, "gamma": 0.3301022519419339}}
{"target": 45.19315032090434, "params": {"C": 803.5662340013035, "epsilon": 29.74336482453338, "gamma": 0.08126769262914596}}
{"target": 45.75158571082423, "params": {"C": 1098.466131553355, "epsilon": 18.810378885881423, "gamma": 0.08335722553868478}}
{"target": 44.22227042010609, "params": {"C": 706.5323011754663, "epsilon": 27.420153700515137, "gamma": 0.06625792778882678}}
{"target": 43.90841006627987, "params": {"C": 795.9165758582878, "epsilon": 27.666168729641086, "gamma": 0.05749313817081565}}
{"target": 44.460421831968894, "params": {"C": 809.7923812442211, "epsilon": 27.11001289264675, "gamma": 0.06450960204257011}}
{"target": 46.587164459697135, "params": {"C": 1335.543680637103, "epsilon": 10.511701957884712, "gamma": 0.09425563127465925}}
{"target": 48.42197467999115, "params": {"C": 707.3749993724175, "epsilon": 13.371909659092584, "gamma": 0.34568815311282314}}
{"target": 39.760911143799234, "params": {"C": 990.5960267093271, "epsilon": 25.810486794579045, "gamma": 0.002037196712418636}}
{"target": 42.196519780029575, "params": {"C": 919.3709701862377, "epsilon": 24.668242153141673, "gamma": 0.042090677678542604}}
{"target": 45.340917240980644, "params": {"C": 925.7610062592508, "epsilon": 25.533802061512763, "gamma": 0.07342236619612093}}
{"target": 43.81147832627435, "params": {"C": 1031.0487699604928, "epsilon": 22.47665995810777, "gamma": 0.05396570664314598}}
{"target": 39.37487963167898, "params": {"C": 965.4093965582243, "epsilon": 20.84139965586312, "gamma": 0.008352236791649804}}
{"target": 39.232671810034105, "params": {"C": 922.0863887199375, "epsilon": 21.360451400216128, "gamma": 0.005649384737361299}}
{"target": 40.44117839338078, "params": {"C": 709.2470331269114, "epsilon": 29.971428948642227, "gamma": 0.0016359983099430136}}
{"target": 39.61263958605214, "params": {"C": 859.1593193531376, "epsilon": 28.993763962825494, "gamma": 0.0024851164345266593}}
{"target": 46.44564701000579, "params": {"C": 896.5418689167446, "epsilon": 24.47037759406657, "gamma": 0.1158265844952822}}
{"target": 43.644844673326716, "params": {"C": 822.3687452715786, "epsilon": 26.055250939166893, "gamma": 0.05534641975878969}}
{"target": 43.25603885441284, "params": {"C": 874.7945456143578, "epsilon": 23.431697935617045, "gamma": 0.05252644600169168}}
{"target": 44.70851006637148, "params": {"C": 714.3539746675325, "epsilon": 23.2898288495457, "gamma": 0.08155318699340212}}
{"target": 49.826468004427014, "params": {"C": 1133.6409206658063, "epsilon": 9.753619301718578, "gamma": 0.4788738213441818}}
{"target": 39.07113943613136, "params": {"C": 702.3481849949819, "epsilon": 27.07777063746585, "gamma": 0.007005424960554365}}
{"target": 42.55707607118437, "params": {"C": 705.2025370169994, "epsilon": 28.32260532645111, "gamma": 0.04824222277707025}}
{"target": 44.26768474339565, "params": {"C": 958.3487775208054, "epsilon": 24.241595315989617, "gamma": 0.05892792596840257}}
{"target": 43.4721399558539, "params": {"C": 940.3829077497446, "epsilon": 23.152385238457434, "gamma": 0.05269136098619428}}
{"target": 46.69611973561372, "params": {"C": 949.9936264281885, "epsilon": 21.7676593046832, "gamma": 0.12120123899060385}}
{"target": 44.89076073266667, "params": {"C": 1044.3906252876277, "epsilon": 23.621082524414575, "gamma": 0.0637472785247052}}
{"target": 39.02424561977807, "params": {"C": 706.2926879229285, "epsilon": 27.52870974511239, "gamma": 0.007434237756232836}}
{"target": 39.68703208535685, "params": {"C": 819.1581852821158, "epsilon": 23.53564773597075, "gamma": 0.0022257857151333433}}
{"target": 43.744680021117034, "params": {"C": 1076.590752068315, "epsilon": 23.635781614171652, "gamma": 0.05119455870647481}}
{"target": 45.21006304331327, "params": {"C": 711.5417577013844, "epsilon": 28.3029954943777, "gamma": 0.09969582939801235}}
{"target": 47.64334722544841, "params": {"C": 1446.3356520361776, "epsilon": 29.77625884232048, "gamma": 0.20667638673798078}}
{"target": 39.22229650951634, "params": {"C": 747.9257993320225, "epsilon": 28.437639425483297, "gamma": 0.013135549662946382}}
{"target": 40.222309791466756, "params": {"C": 732.4968456062402, "epsilon": 26.011017976216603, "gamma": 0.0013362838779490136}}
{"target": 43.886862490856885, "params": {"C": 770.8428223008024, "epsilon": 27.003031026497883, "gamma": 0.058616420801762326}}
{"target": 44.17348847882196, "params": {"C": 705.4323407310422, "epsilon": 29.11757153124264, "gamma": 0.06581481002194067}}
{"target": 39.28169651175004, "params": {"C": 703.6601296319401, "epsilon": 25.63882976970656, "gamma": 0.018682514961034596}}
{"target": 44.15468216330183, "params": {"C": 764.6089055377536, "epsilon": 27.827900028286603, "gamma": 0.06203678012320803}}
{"target": 39.725916346292735, "params": {"C": 707.8146917703574, "epsilon": 28.75525351647502, "gamma": 0.02258814221117884}}
{"target": 43.706012862660444, "params": {"C": 721.7331857039928, "epsilon": 22.661269781629226, "gamma": 0.0001812598694691664}}
{"target": 44.72862515882897, "params": {"C": 751.2298261773406, "epsilon": 29.942295622908627, "gamma": 0.07424564388966706}}
{"target": 39.01601048635976, "params": {"C": 703.0630649117371, "epsilon": 26.63780867296351, "gamma": 0.014139590976206979}}
{"target": 49.089216517271986, "params": {"C": 781.6356650109547, "epsilon": 8.042859519888319, "gamma": 0.41908964144962724}}
{"target": 42.677365433617226, "params": {"C": 786.3541048153422, "epsilon": 26.403157267721998, "gamma": 0.04772881073065011}}
{"target": 40.07066356525881, "params": {"C": 804.2672820765033, "epsilon": 25.116268579153086, "gamma": 0.0015622609359852296}}
{"target": 43.46895426735236, "params": {"C": 788.9127432425032, "epsilon": 25.172942397662826, "gamma": 0.05561104515119211}}
{"target": 44.4135093556215, "params": {"C": 708.5301351704336, "epsilon": 26.595513441719767, "gamma": 0.0702666816655804}}
{"target": 42.20858529662187, "params": {"C": 809.4484107477309, "epsilon": 26.6522048280454, "gamma": 0.04373028241940492}}
{"target": 39.39593543411108, "params": {"C": 814.5795524895767, "epsilon": 27.095341795059927, "gamma": 0.0030175525537785193}}
{"target": 39.118261031403186, "params": {"C": 703.1883149460446, "epsilon": 24.442096155935996, "gamma": 0.006324341030926292}}
{"target": 46.80524917786185, "params": {"C": 784.7804764007037, "epsilon": 26.76316984747984, "gamma": 0.12881812585552693}}
{"target": 39.730196905998866, "params": {"C": 702.8102727293644, "epsilon": 23.573833363575275, "gamma": 0.02501429649006759}}
{"target": 44.00477329164217, "params": {"C": 710.0655495479882, "epsilon": 22.760154386906724, "gamma": 0.06825884156811735}}
{"target": 45.4408608432487, "params": {"C": 756.5988898457791, "epsilon": 22.449845892820598, "gamma": 0.1063627051111653}}
{"target": 45.21378223635792, "params": {"C": 719.4359705050327, "epsilon": 22.926680845027004, "gamma": 0.09539109140778697}}
{"target": 45.24799930989062, "params": {"C": 705.7147089523564, "epsilon": 25.71850426912814, "gamma": 0.09595842716375146}}
{"target": 45.09876444043647, "params": {"C": 894.3873976301425, "epsilon": 26.53258204012885, "gamma": 0.07042969446543225}}
{"target": 45.315379322137446, "params": {"C": 885.5674658650162, "epsilon": 29.833049572941523, "gamma": 0.07742290120293815}}
{"target": 41.08973076063425, "params": {"C": 774.5752570626018, "epsilon": 27.145503168137896, "gamma": 0.0006540293021940497}}
{"target": 39.11011693938039, "params": {"C": 819.7575535034533, "epsilon": 28.905225552440374, "gamma": 0.008463836670435548}}
{"target": 45.71568908911192, "params": {"C": 900.1231923383081, "epsilon": 27.26598851452507, "gamma": 0.09079812154583271}}
{"target": 39.077005773547654, "params": {"C": 806.8053256122956, "epsilon": 27.20373679120844, "gamma": 0.009683432727623825}}
{"target": 43.431370769088666, "params": {"C": 770.4126293561096, "epsilon": 29.929765885399526, "gamma": 0.05217793761929278}}
{"target": 39.742718865653025, "params": {"C": 841.0592582710683, "epsilon": 29.401740991970957, "gamma": 0.0023190884268933683}}
{"target": 43.67993953400545, "params": {"C": 700.6809721073223, "epsilon": 25.265199678300146, "gamma": 0.060754265377140675}}
{"target": 43.93951467274011, "params": {"C": 725.1445108113838, "epsilon": 25.02989968831039, "gamma": 0.06266082404945428}}
{"target": 44.35755085273246, "params": {"C": 712.1458389678189, "epsilon": 25.944371587159917, "gamma": 0.06968197206579571}}
{"target": 43.67072056002807, "params": {"C": 797.813256504925, "epsilon": 25.364434069746356, "gamma": 0.05695740441898621}}
{"target": 39.409741407078464, "params": {"C": 710.0620000893983, "epsilon": 25.036914704532833, "gamma": 0.004061818250644747}}
{"target": 39.78194750056341, "params": {"C": 885.583618147874, "epsilon": 27.338078066036935, "gamma": 0.0020888325192630246}}
{"target": 45.05885833772849, "params": {"C": 796.3163464857087, "epsilon": 23.185478110758012, "gamma": 0.0828164346497258}}
{"target": 39.133510015667056, "params": {"C": 703.5936419744675, "epsilon": 25.65424470023141, "gamma": 0.006265578772044242}}
{"target": 42.035372828539245, "params": {"C": 709.2663641556951, "epsilon": 26.12055165970748, "gamma": 0.000357815559463983}}
{"target": 39.09478972049996, "params": {"C": 713.5340022577825, "epsilon": 27.19177198496022, "gamma": 0.005577938258547116}}
{"target": 45.527818558033445, "params": {"C": 797.9678727065445, "epsilon": 24.632497265128666, "gamma": 0.09828262395009235}}
{"target": 41.910116922857945, "params": {"C": 746.9981362858923, "epsilon": 27.80491921876912, "gamma": 0.00034428215970780905}}
{"target": 45.68969979289045, "params": {"C": 987.9474490244004, "epsilon": 27.205586479581648, "gamma": 0.07598581926957326}}
{"target": 43.881289824469405, "params": {"C": 814.3933711696457, "epsilon": 24.46109401923347, "gamma": 0.05911912728046291}}
{"target": 43.2862100356871, "params": {"C": 876.3387291685098, "epsilon": 26.2827166380191, "gamma": 0.05014501841269382}}
{"target": 42.34308250761721, "params": {"C": 700.3145289097946, "epsilon": 29.988519519505, "gamma": 0.045277793683259904}}
{"target": 39.22816713226369, "params": {"C": 918.3086874540608, "epsilon": 25.68248353878011, "gamma": 0.004338528307697901}}
{"target": 44.609648837002645, "params": {"C": 896.6784980947339, "epsilon": 26.80019496791397, "gamma": 0.0626752996631915}}
{"target": 43.969233253238826, "params": {"C": 911.4081979342756, "epsilon": 27.19587762804755, "gamma": 0.054615535056943505}}
{"target": 48.47896520560702, "params": {"C": 1446.2469214948512, "epsilon": 8.875898159890225, "gamma": 0.30458790910803996}}
{"target": 39.87032514758216, "params": {"C": 797.800979132072, "epsilon": 27.26914239743911, "gamma": 0.0019234122243919245}}
{"target": 43.84740624875924, "params": {"C": 953.8567989529859, "epsilon": 27.402865031047796, "gamma": 0.0522949428848955}}
{"target": 39.497873785552244, "params": {"C": 707.6548305616878, "epsilon": 27.833077261608594, "gamma": 0.002994277380164752}}
{"target": 47.506083800564326, "params": {"C": 778.7288073510122, "epsilon": 27.00060267163984, "gamma": 0.14040714497730872}}
{"target": 39.180767735781515, "params": {"C": 866.6021519255138, "epsilon": 24.512251989485527, "gamma": 0.0071402326718785596}}
{"target": 44.20709683565299, "params": {"C": 700.346588331962, "epsilon": 26.005958190770787, "gamma": 0.0673039528088813}}
{"target": 44.20077022643934, "params": {"C": 701.845138342126, "epsilon": 25.67505729056127, "gamma": 0.06755558200716871}}
{"target": 47.88990315177611, "params": {"C": 730.0112801154672, "epsilon": 29.376455269377587, "gamma": 0.1667796387433158}}
{"target": 40.253316493590106, "params": {"C": 838.6471127623727, "epsilon": 25.19007218297873, "gamma": 0.001057613566205099}}
{"target": 39.27097692547323, "params": {"C": 842.1462666391224, "epsilon": 23.37517063178174, "gamma": 0.004428882432093282}}
{"target": 44.215801299201146, "params": {"C": 809.1185053258378, "epsilon": 28.195796329822475, "gamma": 0.06086104251585697}}
{"target": 42.21609190538847, "params": {"C": 791.4726150083479, "epsilon": 21.96847659536162, "gamma": 0.047658087280267034}}
{"target": 49.089560623505825, "params": {"C": 1126.6618633868618, "epsilon": 24.303278282401095, "gamma": 0.35938662345207845}}
{"target": 40.34129108688526, "params": {"C": 815.8617286371318, "epsilon": 24.309390338552518, "gamma": 0.0010894394168132135}}
{"target": 40.74963490818925, "params": {"C": 761.825001830521, "epsilon": 29.59510892725766, "gamma": 0.0010741384285961565}}
{"target": 41.248189455922514, "params": {"C": 869.4629554612017, "epsilon": 26.402858401735934, "gamma": 0.0005012367207942441}}
{"target": 44.0944199692431, "params": {"C": 841.2149692668452, "epsilon": 29.603783519353026, "gamma": 0.05744009518793752}}
{"target": 45.806712014901244, "params": {"C": 1035.9564900763573, "epsilon": 28.87028780294614, "gamma": 0.07869056085638496}}
{"target": 43.15887235485188, "params": {"C": 796.5333934439193, "epsilon": 23.20366509201447, "gamma": 0.05431580121594645}}
{"target": 39.120860903799716, "params": {"C": 701.5355658536171, "epsilon": 24.27271963547334, "gamma": 0.005642116287288904}}
{"target": 39.08310449118116, "params": {"C": 834.0636893326097, "epsilon": 29.99989947337533, "gamma": 0.007174276675535105}}
{"target": 42.9755115403655, "params": {"C": 833.3467319436328, "epsilon": 24.93982779349408, "gamma": 0.05036121639101752}}
{"target": 43.45649067938369, "params": {"C": 980.5652601455325, "epsilon": 26.571147695460425, "gamma": 0.048457631157970575}}
{"target": 42.01381331779693, "params": {"C": 703.4365001618783, "epsilon": 28.202053686495695, "gamma": 0.044269309642877064}}
{"target": 39.70764913500702, "params": {"C": 964.1735913301222, "epsilon": 24.181374869345554, "gamma": 0.001794749294383259}}
{"target": 41.00396240753972, "params": {"C": 826.9622530307587, "epsilon": 26.802689538039804, "gamma": 0.0006527459599407785}}
{"target": 46.52091491443967, "params": {"C": 847.8107207796827, "epsilon": 25.721864987297618, "gamma": 0.11982188986120225}}
{"target": 39.69527384936413, "params": {"C": 892.9569694494705, "epsilon": 29.019420125045038, "gamma": 0.0022569673513480604}}
{"target": 40.5910584392059, "params": {"C": 834.6001143443485, "epsilon": 29.82950597552976, "gamma": 0.0011792743701055223}}
{"target": 44.74561084724675, "params": {"C": 1020.309760956992, "epsilon": 27.378010978552965, "gamma": 0.05910162456216153}}
{"target": 41.42868761527794, "params": {"C": 700.6195933409133, "epsilon": 24.052223848811987, "gamma": 0.00042100709225137596}}
{"target": 48.18004302353712, "params": {"C": 972.9327011862717, "epsilon": 26.50557805608943, "gamma": 0.14247390444179298}}
{"target": 41.36500725303269, "params": {"C": 936.008581486727, "epsilon": 29.72361419669449, "gamma": 0.0005374029087830091}}
{"target": 45.48093488120371, "params": {"C": 900.8578528821398, "epsilon": 26.070893560212134, "gamma": 0.0777321385631621}}
{"target": 44.41890614297914, "params": {"C": 790.7839570728266, "epsilon": 26.902492354828077, "gamma": 0.06473133232816619}}
{"target": 44.53753121617524, "params": {"C": 871.9750409262762, "epsilon": 23.135219023322822, "gamma": 0.0669597791859535}}
{"target": 43.06313800200149, "params": {"C": 812.5608416592809, "epsilon": 25.79473176049972, "gamma": 0.05084141037950917}}
{"target": 43.45025148627917, "params": {"C": 799.0526336218138, "epsilon": 27.242198660438163, "gamma": 0.0001968861961535815}}
{"target": 43.98584405902886, "params": {"C": 705.1975499464743, "epsilon": 28.51869652073358, "gamma": 0.06247568597734606}}
{"target": 50.41291942913314, "params": {"C": 1363.6035462658738, "epsilon": 25.63391079346755, "gamma": 0.40809124671987645}}
{"target": 43.62846764396734, "params": {"C": 702.7894079780034, "epsilon": 21.65372336129603, "gamma": 0.06451255473705766}}
{"target": 44.82761882329461, "params": {"C": 793.0984279959205, "epsilon": 25.38754242342198, "gamma": 0.07339486140554334}}
{"target": 44.699027720149246, "params": {"C": 862.2307626524512, "epsilon": 24.353371561955818, "gamma": 0.06826347952642885}}
{"target": 44.041948218778465, "params": {"C": 816.7221335480899, "epsilon": 24.317168648514738, "gamma": 0.061413234191484554}}
{"target": 39.36347152041183, "params": {"C": 922.5490731878922, "epsilon": 26.113730853984016, "gamma": 0.0033069567520394756}}
{"target": 43.99442949555919, "params": {"C": 883.2297074788617, "epsilon": 24.660607306768036, "gamma": 0.05785581077748306}}
{"target": 40.12279060820433, "params": {"C": 804.4363414719639, "epsilon": 23.671649609241136, "gamma": 0.001383864228882578}}
{"target": 46.31588630527678, "params": {"C": 818.9733784474172, "epsilon": 27.26680426962482, "gamma": 0.11655809225051932}}
{"target": 39.70081418203735, "params": {"C": 798.6444580548011, "epsilon": 25.830867628701526, "gamma": 0.0024585930933730925}}
{"target": 39.242868296586295, "params": {"C": 797.3213979247311, "epsilon": 25.586082767190856, "gamma": 0.0045439936214321085}}
{"target": 44.08709372001927, "params": {"C": 714.2457512454246, "epsilon": 29.986840987765653, "gamma": 0.06299845508417591}}
{"target": 40.39948276475315, "params": {"C": 878.3402371827108, "epsilon": 23.301451200379223, "gamma": 0.0011275462885355896}}
{"target": 39.1237151258666, "params": {"C": 802.1862772936797, "epsilon": 29.920661308264364, "gamma": 0.00822768057700106}}
{"target": 39.738220121825215, "params": {"C": 713.2515594022718, "epsilon": 20.857029423544915, "gamma": 0.002485330286628673}}
{"target": 40.18857670554182, "params": {"C": 811.5410667206768, "epsilon": 19.942435132507327, "gamma": 0.0015225044471142233}}
{"target": 41.71220512337847, "params": {"C": 1024.829981023463, "epsilon": 25.93622195347899, "gamma": 0.0002783207650374972}}
{"target": 44.93833776716982, "params": {"C": 998.9326066803001, "epsilon": 27.81928826134402, "gamma": 0.062350098405874646}}
