{"target": 64.60911486494166, "params": {"C": 667.9598004443667, "epsilon": 22.363883477899876, "gamma": 315.6582019318752}}
{"target": 59.063101990440124, "params": {"C": 1.0938387822579374, "epsilon": 9.407664956959607, "gamma": 389.833533513128}}
{"target": 64.23749471361695, "params": {"C": 603.0909391312257, "epsilon": 14.712799352715333, "gamma": 391.9129183432236}}
{"target": 64.98530999371607, "params": {"C": 1002.6723365328774, "epsilon": 29.167058130435283, "gamma": 291.65651252998725}}
{"target": 63.50304146361812, "params": {"C": 198.30697692858365, "epsilon": 0.11353354075627209, "gamma": 202.12552375728612}}
{"target": 65.0557784715538, "params": {"C": 1284.0592496462366, "epsilon": 30.371003795841162, "gamma": 292.54479161279437}}
{"target": 65.0612942406923, "params": {"C": 529.7753919576782, "epsilon": 30.465499995329125, "gamma": 426.8062358918062}}
{"target": 60.190018656712354, "params": {"C": 78.8321619608766, "epsilon": 0.1320764236798342, "gamma": 352.8841092904668}}
{"target": 58.28565220816902, "params": {"C": 2.3899652660032285, "epsilon": 2.743154332457153, "gamma": 307.2633664671645}}
{"target": 65.06150725946478, "params": {"C": 589.0711584839303, "epsilon": 30.469132215782643, "gamma": 335.1145705884899}}
{"target": 63.40021112864811, "params": {"C": 164.68148676491853, "epsilon": 0.22729658106825412, "gamma": 228.42930193675977}}
{"target": 64.76710385829215, "params": {"C": 769.5731523604343, "epsilon": 25.323216441130107, "gamma": 420.7847099799767}}
{"target": 63.93443148526352, "params": {"C": 929.2295432596734, "epsilon": 8.563471284286663, "gamma": 259.668607392423}}
{"target": 59.47969583713829, "params": {"C": 35.14336815592234, "epsilon": 8.990896219051274, "gamma": 312.3576528398567}}
{"target": 63.504223544787536, "params": {"C": 1472.6807298610386, "epsilon": 0.13794910185782472, "gamma": 252.81926582580087}}
{"target": 64.36975290544768, "params": {"C": 612.0686079329091, "epsilon": 17.544090142467056, "gamma": 283.39163173022314}}
{"target": 65.13651682478951, "params": {"C": 591.8928328609605, "epsilon": 31.745982637214073, "gamma": 250.23371652794816}}
{"target": 63.54573479010853, "params": {"C": 534.2922908991914, "epsilon": 0.982097611585415, "gamma": 274.19642153645714}}
{"target": 64.73971410965957, "params": {"C": 3146.7454297409954, "epsilon": 24.828060363074968, "gamma": 78.61797544573301}}
{"target": 59.594736953498696, "params": {"C": 26.96783859909405, "epsilon": 16.34006084105293, "gamma": 230.02214002333773}}
{"target": 63.99217480767135, "params": {"C": 909.598320522854, "epsilon": 9.698439125000933, "gamma": 311.4725111917837}}
{"target": 67.9084080643883, "params": {"C": 5385.769618668575, "epsilon": 65.97908918530315, "gamma": 324.31174781380025}}
{"target": 59.1771418526356, "params": {"C": 42.79850277062039, "epsilon": 0.13108715670195997, "gamma": 354.0453839985857}}
{"target": 64.4780236313741, "params": {"C": 485.97224993473327, "epsilon": 19.790203224547557, "gamma": 271.5067454294977}}
{"target": 64.12836386287363, "params": {"C": 1182.9634127998852, "epsilon": 12.444400144155363, "gamma": 254.51814672597146}}
{"target": 71.22168473918529, "params": {"C": 1974.1001933208438, "epsilon": 99.1772586608509, "gamma": 468.88163808372167}}
{"target": 64.9096497403961, "params": {"C": 5175.2136582148505, "epsilon": 27.844702011247655, "gamma": 49.1525515990368}}
{"target": 64.18251220250716, "params": {"C": 292.62022184193853, "epsilon": 13.563462437409466, "gamma": 302.31155260767656}}
{"target": 64.26831659894172, "params": {"C": 172.45317867797712, "epsilon": 15.44922656438872, "gamma": 243.18213099690595}}
{"target": 59.53313729890847, "params": {"C": 2.8139067422025885, "epsilon": 18.534794412048647, "gamma": 345.86594572223225}}
{"target": 64.08063402723538, "params": {"C": 491.4849050971141, "epsilon": 11.469536781724024, "gamma": 286.4018769896016}}
{"target": 63.534884313108776, "params": {"C": 737.8477851544119, "epsilon": 0.7592520143627531, "gamma": 267.36467058687947}}
{"target": 64.12243404302504, "params": {"C": 816.3894969635298, "epsilon": 12.321649132460212, "gamma": 232.52888394517603}}
{"target": 59.60830732778588, "params": {"C": 59.72867879439288, "epsilon": 2.389245973681496, "gamma": 272.0406421705157}}
{"target": 64.14640202555778, "params": {"C": 821.2186089732337, "epsilon": 12.818673150019567, "gamma": 301.43226266431117}}
{"target": 63.52535971934668, "params": {"C": 485.31753520115285, "epsilon": 0.5657504364298225, "gamma": 274.69430174475576}}
{"target": 59.32089893138309, "params": {"C": 48.85646240269816, "epsilon": 1.314686233362604, "gamma": 291.68392708275815}}
{"target": 63.5093001617078, "params": {"C": 443.7327055113623, "epsilon": 0.24124897143209534, "gamma": 310.91334852484846}}
{"target": 58.586740576278906, "params": {"C": 15.285706090877841, "epsilon": 0.03489983361333859, "gamma": 369.5578611136907}}
{"target": 64.29798399182309, "params": {"C": 533.8532281265881, "epsilon": 15.993583381107252, "gamma": 184.31204419991485}}
{"target": 59.67333936063902, "params": {"C": 38.44499695665591, "epsilon": 14.171072879784179, "gamma": 302.3858553060271}}
{"target": 61.395237095292806, "params": {"C": 95.80085506468271, "epsilon": 2.5398411724616943, "gamma": 238.67721082780014}}
{"target": 59.63072137997288, "params": {"C": 30.07432163702226, "epsilon": 16.570853746122978, "gamma": 250.13659050359}}
{"target": 62.34391062920628, "params": {"C": 114.22969824079608, "epsilon": 1.6534879374131648, "gamma": 310.82278696884856}}
{"target": 59.63401084417377, "params": {"C": 30.86496099707314, "epsilon": 16.23207897947232, "gamma": 269.80774776694375}}
{"target": 64.71507322249056, "params": {"C": 582.7947343174164, "epsilon": 24.372105533085374, "gamma": 325.61612859618236}}
{"target": 60.83671518873747, "params": {"C": 67.57236623802004, "epsilon": 14.695802958940057, "gamma": 281.63180979285016}}
{"target": 59.513236962569934, "params": {"C": 22.422120558216356, "epsilon": 11.606747321422468, "gamma": 219.5958897850453}}
{"target": 64.04941714549496, "params": {"C": 619.3826598882507, "epsilon": 10.845083865776498, "gamma": 332.3232020536697}}
{"target": 60.577501914645914, "params": {"C": 84.62008534129967, "epsilon": 0.9926687101594077, "gamma": 187.03851124610114}}
{"target": 59.36277311143799, "params": {"C": 51.12203634681878, "epsilon": 1.6759629191839587, "gamma": 231.3814064186053}}
{"target": 63.895596754319925, "params": {"C": 1470.1697300678848, "epsilon": 7.810263251793064, "gamma": 314.4163692791731}}
{"target": 58.78632522455528, "params": {"C": 16.74771751735101, "epsilon": 2.7892667733407004, "gamma": 237.91082402926696}}
{"target": 58.37676309400596, "params": {"C": 9.297165866086038, "epsilon": 0.34492998288557164, "gamma": 262.82116980721446}}
{"target": 64.24294858067825, "params": {"C": 1235.202744900647, "epsilon": 14.827306267145644, "gamma": 315.4196410614186}}
{"target": 64.05510748196173, "params": {"C": 815.6556507692956, "epsilon": 10.958697411097058, "gamma": 337.090992557119}}
{"target": 64.74389665800496, "params": {"C": 683.3051391501778, "epsilon": 24.90513385773762, "gamma": 308.56865146522307}}
{"target": 67.23891704197425, "params": {"C": 5919.811509911233, "epsilon": 58.92754815924729, "gamma": 422.66109849083495}}
{"target": 63.5640522237335, "params": {"C": 587.7870573009421, "epsilon": 1.3584715360025617, "gamma": 311.48240799804404}}
{"target": 63.51523475845629, "params": {"C": 735.5705892893795, "epsilon": 0.3616410847460341, "gamma": 362.2005489818476}}
{"target": 58.8217767667276, "params": {"C": 13.953689017457243, "epsilon": 4.201996567964095, "gamma": 301.9991768360883}}
{"target": 59.60389851616414, "params": {"C": 27.51608480342881, "epsilon": 16.586436302244785, "gamma": 271.92075771042835}}
{"target": 59.68216835977023, "params": {"C": 24.581252915701167, "epsilon": 24.90754072928774, "gamma": 330.69717312545276}}
{"target": 63.5196326809178, "params": {"C": 1445.76720224021, "epsilon": 0.4502989187984707, "gamma": 301.2625669049423}}
{"target": 64.60756382253864, "params": {"C": 1357.409182163424, "epsilon": 22.334618532796533, "gamma": 334.12080106709055}}
{"target": 63.546532927093835, "params": {"C": 827.0459005403301, "epsilon": 0.9984896386950431, "gamma": 307.1195197440685}}
{"target": 63.52863692595349, "params": {"C": 414.39689622265564, "epsilon": 0.6319244078046627, "gamma": 315.9257570507608}}
{"target": 65.3682389528294, "params": {"C": 559.0077235237411, "epsilon": 35.73341967111517, "gamma": 207.05971871302262}}
{"target": 59.9541210452992, "params": {"C": 73.61231174254958, "epsilon": 0.13788756131597402, "gamma": 397.20973766441455}}
{"target": 64.23058749720299, "params": {"C": 630.8147025441613, "epsilon": 14.567907589811025, "gamma": 303.74255694679357}}
{"target": 59.68062535618568, "params": {"C": 66.15636506166726, "epsilon": 0.07408567029074387, "gamma": 279.9031597387952}}
{"target": 62.616670557715246, "params": {"C": 54.51597787797886, "epsilon": 40.5924964237628, "gamma": 374.0441634397235}}
{"target": 59.487971026965305, "params": {"C": 7.985232844356151, "epsilon": 34.4970841080486, "gamma": 321.05999654881606}}
{"target": 58.6779824875797, "params": {"C": 14.427018877780242, "epsilon": 2.2208465951711727, "gamma": 338.3152901754113}}
{"target": 64.87976561468675, "params": {"C": 630.3633165835677, "epsilon": 27.31878655422167, "gamma": 390.52964416906974}}
{"target": 63.51395332421957, "params": {"C": 1207.9898002737486, "epsilon": 0.3358086184147373, "gamma": 313.3884566839596}}
{"target": 63.537797872726436, "params": {"C": 878.3333463915063, "epsilon": 0.8190902991769524, "gamma": 349.75355533805384}}
{"target": 64.09129865681649, "params": {"C": 583.605105165827, "epsilon": 11.682976791597206, "gamma": 337.1444302881724}}
{"target": 59.653591170900505, "params": {"C": 25.111798689434593, "epsilon": 21.74029060157298, "gamma": 314.09109513238315}}
{"target": 59.15279280701316, "params": {"C": 12.980182148482502, "epsilon": 7.78306097156284, "gamma": 296.90926938038604}}
{"target": 60.2679530760971, "params": {"C": 54.91899671332448, "epsilon": 15.916374853025065, "gamma": 302.1003453743051}}
{"target": 64.2347823502841, "params": {"C": 1624.5238675836445, "epsilon": 14.655885517235003, "gamma": 238.73826162585058}}
{"target": 64.23483236623109, "params": {"C": 768.6019545131497, "epsilon": 14.656934493029418, "gamma": 418.19618230840604}}
{"target": 63.50503899227583, "params": {"C": 651.1878077720332, "epsilon": 0.15468085461257752, "gamma": 462.2860557818676}}
{"target": 64.27154277987219, "params": {"C": 643.0031598195128, "epsilon": 15.42780005808542, "gamma": 340.11994551032194}}
{"target": 63.50638219074117, "params": {"C": 740.7914831221697, "epsilon": 0.18196870681258126, "gamma": 362.8602950995641}}
{"target": 59.10957029482589, "params": {"C": 6.5492567280656715, "epsilon": 12.002260791372954, "gamma": 479.1950749177799}}
{"target": 59.55158174340663, "params": {"C": 28.03730944990196, "epsilon": 14.050409215869713, "gamma": 334.00950507364655}}
{"target": 65.52756349231865, "params": {"C": 2262.3650142956576, "epsilon": 38.364093051571444, "gamma": 452.4601670524215}}
{"target": 64.17320696737144, "params": {"C": 549.1510361783938, "epsilon": 13.370456688459475, "gamma": 458.8211360486038}}
{"target": 65.01101521571655, "params": {"C": 555.1467472711745, "epsilon": 29.60967863638096, "gamma": 498.77576787125844}}
{"target": 59.07709144638776, "params": {"C": 31.22353871265429, "epsilon": 0.06223012494115876, "gamma": 221.31935582495927}}
{"target": 59.6937355539816, "params": {"C": 11.810187163178696, "epsilon": 21.99217286392574, "gamma": 267.6800997970339}}
{"target": 59.099774971515146, "params": {"C": 5.445504114394826, "epsilon": 11.329644867004685, "gamma": 370.97684052238594}}
{"target": 59.52038890520238, "params": {"C": 6.153871868643636, "epsilon": 27.56967663666905, "gamma": 377.72891099348664}}
{"target": 58.15951587464324, "params": {"C": 0.8103337402817083, "epsilon": 0.39505031711319993, "gamma": 275.67928402768086}}
{"target": 64.13057151921366, "params": {"C": 934.5409420272006, "epsilon": 12.490521503138595, "gamma": 249.14837363917326}}
{"target": 64.1483422142907, "params": {"C": 828.0495099700402, "epsilon": 12.85866659287203, "gamma": 248.9930548496588}}
{"target": 61.32372775026805, "params": {"C": 62.822010085798425, "epsilon": 24.04392069299867, "gamma": 229.96858315615512}}
{"target": 64.3028270640959, "params": {"C": 406.9895829971029, "epsilon": 16.096174873482347, "gamma": 177.8418207952396}}
{"target": 64.44780538214661, "params": {"C": 789.7260432024435, "epsilon": 19.164763860079745, "gamma": 341.6690124290874}}
{"target": 64.39018308209245, "params": {"C": 627.6141534809725, "epsilon": 17.973332975593753, "gamma": 265.4815486857189}}
{"target": 59.37112159753093, "params": {"C": 52.828967275634575, "epsilon": 1.1567026045805313, "gamma": 277.6858242737037}}
{"target": 62.05423494182852, "params": {"C": 108.73543663699502, "epsilon": 1.6047202028989165, "gamma": 254.41989562171472}}
{"target": 63.522834387673605, "params": {"C": 1826.8683972018584, "epsilon": 0.514842209113134, "gamma": 242.9127410085069}}
{"target": 63.54620622201783, "params": {"C": 2110.100765867026, "epsilon": 0.9917798149915504, "gamma": 208.95212248265156}}
{"target": 63.54725283662854, "params": {"C": 1045.243673863783, "epsilon": 1.0132750412362903, "gamma": 200.1816454720231}}
{"target": 65.04507985343605, "params": {"C": 1068.645852744023, "epsilon": 30.18802953439812, "gamma": 204.13548358318997}}
{"target": 58.28034990480012, "params": {"C": 3.9739563774642996, "epsilon": 1.885385715379908, "gamma": 250.91673069752522}}
{"target": 63.88032720564545, "params": {"C": 1179.3526108930173, "epsilon": 7.517360036587636, "gamma": 186.52252072324907}}
{"target": 58.23023336298138, "params": {"C": 2.7742868352654932, "epsilon": 0.6720262592205224, "gamma": 479.5090480078042}}
{"target": 62.157754649290645, "params": {"C": 87.77732580745905, "epsilon": 14.963876274485898, "gamma": 184.41643382612455}}
{"target": 64.16488953144527, "params": {"C": 1486.8052970640422, "epsilon": 13.197939505723452, "gamma": 379.7884388783254}}
{"target": 64.1849992610836, "params": {"C": 1259.663734183568, "epsilon": 13.615283890420379, "gamma": 359.1922775259642}}
{"target": 64.46528821455435, "params": {"C": 784.1362567642379, "epsilon": 19.52561635760775, "gamma": 474.4176604177833}}
{"target": 63.62897494705851, "params": {"C": 190.1566400436713, "epsilon": 2.6926104936521775, "gamma": 491.2687243321118}}
{"target": 64.46223332844686, "params": {"C": 388.96624226975115, "epsilon": 19.46074057813302, "gamma": 487.5986302976039}}
{"target": 64.20478888389036, "params": {"C": 1385.670189259807, "epsilon": 14.029190461893991, "gamma": 487.8730113134818}}
{"target": 56.341699605785436, "params": {"C": 1439.9588673584308, "epsilon": 58.335262915127416, "gamma": 0.3683815423791543}}
{"target": 63.52614488836396, "params": {"C": 462.8844816337028, "epsilon": 0.5815786792047773, "gamma": 483.8762478325437}}
{"target": 59.50977927352335, "params": {"C": 29.6633510364014, "epsilon": 11.897249797594208, "gamma": 493.2857609793401}}
{"target": 64.06379853438379, "params": {"C": 806.8486244510009, "epsilon": 11.132419124759718, "gamma": 495.7108054875326}}
{"target": 68.52474652014715, "params": {"C": 1754.3092394277783, "epsilon": 72.71669720029256, "gamma": 28.55705004527634}}
{"target": 66.91813283617213, "params": {"C": 1464.9801334784065, "epsilon": 55.45683050918007, "gamma": 92.09962845829219}}
{"target": 59.51693086471116, "params": {"C": 35.079510218105256, "epsilon": 10.419660832880322, "gamma": 477.2695792895161}}
{"target": 58.958699204505436, "params": {"C": 17.312044849753082, "epsilon": 4.257906173936879, "gamma": 475.42751464269304}}
{"target": 65.83327854433709, "params": {"C": 1819.2839561018377, "epsilon": 42.61441170413089, "gamma": 43.89207357464399}}
{"target": 64.37085788142338, "params": {"C": 660.5094376686635, "epsilon": 17.56837119419596, "gamma": 470.6413401343551}}
{"target": 68.7798315595965, "params": {"C": 1529.9763936681284, "epsilon": 75.59853694795584, "gamma": 37.19227342677162}}
{"target": 67.37295098286974, "params": {"C": 1204.915595081745, "epsilon": 60.28075334827048, "gamma": 6.288318377225523}}
{"target": 65.2955898093657, "params": {"C": 2489.3895043954035, "epsilon": 34.479825476618274, "gamma": 54.18280755975939}}
{"target": 65.40224175153908, "params": {"C": 2045.9065272216258, "epsilon": 36.30155272486135, "gamma": 22.07536123604325}}
{"target": 68.47200519737895, "params": {"C": 1872.2223991985604, "epsilon": 72.12123951198451, "gamma": 34.1548488803089}}
{"target": 66.3015541528879, "params": {"C": 1106.460374810739, "epsilon": 48.27940898195939, "gamma": 57.565484115782425}}
{"target": 66.4857115742243, "params": {"C": 1420.855252292301, "epsilon": 50.35053854720959, "gamma": 9.538551001578677}}
{"target": 64.9393227106579, "params": {"C": 321.72521650243726, "epsilon": 28.366469427531737, "gamma": 427.5527723480396}}
{"target": 65.24803077185932, "params": {"C": 492.84620877673115, "epsilon": 34.28641745402182, "gamma": 4.236449114116283}}
{"target": 69.50248792945133, "params": {"C": 4953.23148408444, "epsilon": 83.48704922919583, "gamma": 433.8543386903822}}
{"target": 63.8754836747295, "params": {"C": 1132.257392604124, "epsilon": 39.51743362887978, "gamma": 1.550828195625392}}
{"target": 68.0753436521644, "params": {"C": 1089.1207844518292, "epsilon": 69.41842937671528, "gamma": 2.913120934995982}}
{"target": 64.28583867343431, "params": {"C": 1371.3643840847892, "epsilon": 15.73604883154233, "gamma": 499.38666644488814}}
{"target": 67.73162389146081, "params": {"C": 1177.1939619649513, "epsilon": 64.10094346000342, "gamma": 51.388767139641985}}
{"target": 67.69084099755236, "params": {"C": 2064.020586511914, "epsilon": 63.668417677640946, "gamma": 30.869620258341254}}
{"target": 63.61784148018446, "params": {"C": 952.8477166900444, "epsilon": 2.446047013313425, "gamma": 477.65984577338827}}
{"target": 66.49748419442574, "params": {"C": 798.395548458141, "epsilon": 50.60751288157654, "gamma": 52.618789021944615}}
{"target": 69.22373142177754, "params": {"C": 1390.378658005771, "epsilon": 80.49431480994346, "gamma": 56.54323509295786}}
{"target": 66.50984946793064, "params": {"C": 1353.455915678603, "epsilon": 50.71277964757909, "gamma": 14.631394841780665}}
{"target": 65.69449119666177, "params": {"C": 1700.3411143088201, "epsilon": 40.79789027574659, "gamma": 81.25495216350481}}
{"target": 63.580901383878505, "params": {"C": 723.8298724587429, "epsilon": 1.7022226668210587, "gamma": 492.0961679094005}}
{"target": 68.15628927867047, "params": {"C": 2523.796532307674, "epsilon": 68.68858799223594, "gamma": 72.19682140871214}}
{"target": 63.939351044237455, "params": {"C": 462.6397223269103, "epsilon": 8.659736178542012, "gamma": 468.2314952997836}}
{"target": 64.00548715544917, "params": {"C": 818.8004552599133, "epsilon": 9.964141081448316, "gamma": 468.10578797614534}}
{"target": 63.531339387285485, "params": {"C": 449.9635059435555, "epsilon": 0.6869044781569442, "gamma": 480.1762612535787}}
{"target": 59.92861230201824, "params": {"C": 48.57644735605522, "epsilon": 14.200450274740476, "gamma": 424.38789038765793}}
{"target": 66.75743696803319, "params": {"C": 2361.5842296955916, "epsilon": 87.26891388585612, "gamma": 0.6506841767097455}}
{"target": 67.62765326357318, "params": {"C": 1354.1918347272635, "epsilon": 62.99784843130983, "gamma": 89.6415365142822}}
{"target": 68.01114331205473, "params": {"C": 1753.968893994017, "epsilon": 67.10113000470811, "gamma": 37.237267227945466}}
{"target": 66.64169519843746, "params": {"C": 1998.1817177570374, "epsilon": 52.25221725362428, "gamma": 12.77299049213503}}
{"target": 64.43909732498604, "params": {"C": 511.86126451093736, "epsilon": 18.98628953554355, "gamma": 452.78128284533506}}
{"target": 68.34314672828869, "params": {"C": 1010.5758703461063, "epsilon": 71.11958689169126, "gamma": 4.003715347470621}}
{"target": 67.40506282888889, "params": {"C": 889.3461664761592, "epsilon": 60.662187853239566, "gamma": 119.96663910027019}}
{"target": 59.51982651456469, "params": {"C": 22.97482307986601, "epsilon": 12.399807612463034, "gamma": 471.5131584770821}}
{"target": 63.510031295280555, "params": {"C": 2361.295892690156, "epsilon": 0.2561023720153037, "gamma": 350.18698281300937}}
{"target": 63.7252763667733, "params": {"C": 161.3073834221297, "epsilon": 6.271784421013253, "gamma": 494.1860899094277}}
{"target": 64.03630715179165, "params": {"C": 575.4155872228588, "epsilon": 10.582093288018063, "gamma": 463.4225583672295}}
{"target": 66.74495024475914, "params": {"C": 2023.2682815490878, "epsilon": 53.51594913747108, "gamma": 58.81522176856396}}
{"target": 59.83512683413558, "params": {"C": 43.65034150194769, "epsilon": 15.36050865091936, "gamma": 418.4985204917659}}
{"target": 67.02142714341322, "params": {"C": 1789.6740046186985, "epsilon": 56.57152827833875, "gamma": 50.115819061901554}}
{"target": 63.834601878845966, "params": {"C": 595.1653423146494, "epsilon": 6.624852236057727, "gamma": 442.0531751199285}}
{"target": 63.52238945190102, "params": {"C": 502.7717981699164, "epsilon": 0.5058727372232604, "gamma": 470.0599931772166}}
{"target": 68.69948106445092, "params": {"C": 1477.6537023918504, "epsilon": 74.68820648930993, "gamma": 65.57563393841933}}
{"target": 66.89092342664944, "params": {"C": 1128.201050132503, "epsilon": 55.06863656580238, "gamma": 9.504422804141154}}
{"target": 68.35758762039468, "params": {"C": 1105.5561352388224, "epsilon": 70.8452233353925, "gamma": 40.65716360084838}}
{"target": 69.08573437242273, "params": {"C": 2568.505757408144, "epsilon": 79.57590387893482, "gamma": 3.6926768466381144}}
{"target": 67.31770118663754, "params": {"C": 1532.300827186123, "epsilon": 59.7591467757049, "gamma": 45.11907509470242}}
