{"target": 63.41160410982968, "params": {"C": 165.10504289136665, "epsilon": 0.3832434219047942, "gamma": 366.74932491316855}}
{"target": 59.92134752732916, "params": {"C": 69.37861986862173, "epsilon": 2.08999562591536, "gamma": 491.6828996076814}}
{"target": 74.28517598411011, "params": {"C": 4456.634544931517, "epsilon": 116.91282471300889, "gamma": 419.8294765485192}}
{"target": 59.27538309851171, "params": {"C": 47.24204667388899, "epsilon": 1.0228138302527365, "gamma": 398.20840176745463}}
{"target": 59.03587239543798, "params": {"C": 4.313608557492857, "epsilon": 12.937809330578288, "gamma": 374.8696511310467}}
{"target": 59.60510026627217, "params": {"C": 17.19698187104661, "epsilon": 13.371434537364868, "gamma": 419.2093215887592}}
{"target": 59.53797304015708, "params": {"C": 4.968964500648074, "epsilon": 17.14770195140284, "gamma": 488.24062639928866}}
{"target": 63.500960104438334, "params": {"C": 1770.8842496460447, "epsilon": 0.07054363994522106, "gamma": 391.4131829492673}}
{"target": 59.75326786396645, "params": {"C": 64.80612183080824, "epsilon": 2.0100397013120803, "gamma": 303.60965651596973}}
{"target": 74.1331078914848, "params": {"C": 5003.138677159895, "epsilon": 116.1382140939993, "gamma": 140.15882651753546}}
{"target": 64.44651099555117, "params": {"C": 819.3197530964361, "epsilon": 19.13813618603673, "gamma": 281.4994937759671}}
{"target": 71.89004042034817, "params": {"C": 3279.4088014082877, "epsilon": 103.97037882094511, "gamma": 499.94664806612275}}
{"target": 58.67845894635908, "params": {"C": 10.996367037598429, "epsilon": 3.117106978281579, "gamma": 451.82831871241655}}
{"target": 73.96062080202597, "params": {"C": 3512.23262425871, "epsilon": 115.26250787923874, "gamma": 134.07334989445008}}
{"target": 64.3468289884488, "params": {"C": 827.8529686249499, "epsilon": 17.045578093503845, "gamma": 382.23142662209614}}
{"target": 59.64318906802809, "params": {"C": 61.50578009443953, "epsilon": 2.05160079876655, "gamma": 494.8153691128296}}
{"target": 62.73131067727526, "params": {"C": 124.63536796285509, "epsilon": 1.323264868507239, "gamma": 433.15131397448295}}
{"target": 64.26023656817836, "params": {"C": 689.0573302199796, "epsilon": 15.186338449697875, "gamma": 222.2140424287605}}
{"target": 61.8052442173442, "params": {"C": 105.32992249148029, "epsilon": 1.0384263201523656, "gamma": 393.20673057678545}}
{"target": 69.87820694611017, "params": {"C": 2261.755913969452, "epsilon": 87.42604739929844, "gamma": 246.80981628472745}}
{"target": 60.70333567839416, "params": {"C": 29.02554118954645, "epsilon": 40.32461569947902, "gamma": 466.9973441889582}}
{"target": 63.54188136879873, "params": {"C": 784.9228260162232, "epsilon": 0.9029565772199172, "gamma": 201.69148001304382}}
{"target": 64.3365454731572, "params": {"C": 718.5750324214131, "epsilon": 16.826191616850828, "gamma": 291.6610403546873}}
{"target": 59.62400125631832, "params": {"C": 18.068653756063014, "epsilon": 16.20014640238203, "gamma": 320.4274721679254}}
{"target": 59.261228021078146, "params": {"C": 1.0821743595154096, "epsilon": 17.13387372055106, "gamma": 128.69871804267933}}
{"target": 63.50586955816275, "params": {"C": 772.1630105146778, "epsilon": 0.17155428005992612, "gamma": 183.06144345057658}}
{"target": 71.89776822401929, "params": {"C": 4723.192494868241, "epsilon": 104.55881559135761, "gamma": 2.7697372701639438}}
{"target": 59.102071630400395, "params": {"C": 5.975039985967786, "epsilon": 8.832454825960763, "gamma": 334.55480428442524}}
{"target": 64.27321574428382, "params": {"C": 745.0187237363149, "epsilon": 15.463802359143639, "gamma": 398.84067351853946}}
{"target": 59.75160643507833, "params": {"C": 10.264242983792315, "epsilon": 17.853997124467135, "gamma": 391.4321156518701}}
{"target": 64.15268567169656, "params": {"C": 718.1821897018276, "epsilon": 12.94745258924259, "gamma": 441.54701447461457}}
{"target": 64.0867572423691, "params": {"C": 900.8235704770525, "epsilon": 11.592149404780029, "gamma": 299.0888355800639}}
{"target": 73.97896474226181, "params": {"C": 5749.847762866646, "epsilon": 115.35542965776912, "gamma": 272.81455890160186}}
{"target": 64.37689136616184, "params": {"C": 588.5699022297423, "epsilon": 17.700022464664265, "gamma": 320.6561318057188}}
{"target": 63.535861473465005, "params": {"C": 730.3372363409065, "epsilon": 0.7793207987306634, "gamma": 471.83330119216043}}
{"target": 63.5879671595283, "params": {"C": 824.6276685973667, "epsilon": 1.8448313483371548, "gamma": 439.10871099195384}}
{"target": 63.500798441689554, "params": {"C": 217.54215149098374, "epsilon": 0.0672045403793824, "gamma": 306.81117368236875}}
{"target": 58.68970530630425, "params": {"C": 18.870196474891287, "epsilon": 0.31268892324650466, "gamma": 452.1336228646996}}
{"target": 60.00208849504131, "params": {"C": 74.72933425253214, "epsilon": 0.140009123914977, "gamma": 429.0565223179008}}
{"target": 59.60781739166166, "params": {"C": 9.360116653653316, "epsilon": 15.674455336562731, "gamma": 307.31579204179366}}
{"target": 63.50775025961825, "params": {"C": 701.624845092317, "epsilon": 0.20976181578499808, "gamma": 394.33662423683774}}
{"target": 63.50093141820573, "params": {"C": 417.36638912110396, "epsilon": 0.06995113371292623, "gamma": 333.8959286286274}}
{"target": 65.2538317112157, "params": {"C": 816.1551576497518, "epsilon": 33.76217261223931, "gamma": 422.81973840842346}}
{"target": 64.43594086392595, "params": {"C": 1458.9100768689052, "epsilon": 18.921727042476366, "gamma": 338.74942710493457}}
{"target": 62.96013536389135, "params": {"C": 69.67433057505698, "epsilon": 34.18629830755522, "gamma": 400.9051892077503}}
{"target": 64.36430574381949, "params": {"C": 865.024446072316, "epsilon": 17.423810997663864, "gamma": 82.46110904071026}}
{"target": 60.290217444513566, "params": {"C": 78.18852959784081, "epsilon": 1.7019495441690653, "gamma": 361.00414597131385}}
{"target": 64.09363062685587, "params": {"C": 894.5166405133047, "epsilon": 11.729731657757235, "gamma": 349.47472515155704}}
{"target": 68.18251420639861, "params": {"C": 5045.1780813188825, "epsilon": 68.9712047959741, "gamma": 46.19316375317888}}
{"target": 70.73732434369704, "params": {"C": 1156.2889166332798, "epsilon": 95.36645584027903, "gamma": 453.36184117565756}}
{"target": 59.40436897022262, "params": {"C": 54.03342694049712, "epsilon": 1.2799710139456268, "gamma": 84.89473360731982}}
{"target": 59.44329575447714, "params": {"C": 11.652436046405885, "epsilon": 12.259475641485967, "gamma": 408.5237305334699}}
{"target": 63.541583666179896, "params": {"C": 850.2147024802674, "epsilon": 0.8968424019707286, "gamma": 350.61484911167963}}
{"target": 59.07624191727923, "params": {"C": 26.725435653026796, "epsilon": 1.6308215689913834, "gamma": 290.3144663955452}}
{"target": 63.57474430102538, "params": {"C": 848.3291057055128, "epsilon": 1.5768829234292314, "gamma": 349.79256083116985}}
{"target": 64.33802410660437, "params": {"C": 790.973268102235, "epsilon": 16.85768969902849, "gamma": 440.5934692864175}}
{"target": 63.56224761399587, "params": {"C": 609.2185828527583, "epsilon": 1.3216541955457755, "gamma": 218.19679922381857}}
{"target": 59.356252972340414, "params": {"C": 48.16039420156432, "epsilon": 2.3121433156774422, "gamma": 213.99721696027586}}
{"target": 63.53685136953631, "params": {"C": 891.0313197519203, "epsilon": 0.7996511474517369, "gamma": 392.1161890266083}}
{"target": 59.62088531426264, "params": {"C": 44.870978291781064, "epsilon": 9.519992811559117, "gamma": 194.22499621001387}}
{"target": 64.13477390202524, "params": {"C": 608.2596057097329, "epsilon": 12.578159507238365, "gamma": 356.84616242944145}}
{"target": 63.589995342145095, "params": {"C": 881.7036781080081, "epsilon": 1.8856515378809058, "gamma": 369.87344119630677}}
{"target": 63.51542371759483, "params": {"C": 881.169669608169, "epsilon": 0.36545031697006225, "gamma": 428.4226262944121}}
{"target": 58.94337134023726, "params": {"C": 23.968859265930206, "epsilon": 1.0147531669673615, "gamma": 318.35262212702384}}
{"target": 66.01976328374005, "params": {"C": 140.23351376076826, "epsilon": 44.9446614481454, "gamma": 260.2416992614443}}
{"target": 63.510734383871885, "params": {"C": 761.6773307368396, "epsilon": 0.2703860226127926, "gamma": 497.3823272125353}}
{"target": 60.52570740036329, "params": {"C": 85.07811844723693, "epsilon": 0.17143747687733218, "gamma": 492.5085340993954}}
{"target": 70.22424252435289, "params": {"C": 5567.898562393801, "epsilon": 90.96005437074466, "gamma": 258.85710197782436}}
{"target": 58.7144120735979, "params": {"C": 19.061574194799775, "epsilon": 0.60377826207842, "gamma": 307.89406146985215}}
{"target": 63.511455046371566, "params": {"C": 178.7307928988959, "epsilon": 0.8763581981086721, "gamma": 166.7925559243989}}
{"target": 63.51562845298562, "params": {"C": 801.5918561671804, "epsilon": 0.36957758306843624, "gamma": 379.66232164353426}}
{"target": 64.27689190094328, "params": {"C": 750.5449385495124, "epsilon": 15.542913485403833, "gamma": 159.6916852018847}}
{"target": 65.50836197884965, "params": {"C": 4628.561004369169, "epsilon": 38.0691273828144, "gamma": 182.82946353876383}}
{"target": 64.07942708120535, "params": {"C": 708.54193993943, "epsilon": 11.445368625716306, "gamma": 421.194742995536}}
{"target": 63.5677467780366, "params": {"C": 913.9453845511869, "epsilon": 1.4337810208026114, "gamma": 280.37094711079686}}
{"target": 61.77171997959597, "params": {"C": 105.99367325155558, "epsilon": 0.3258673508711243, "gamma": 113.35281768223729}}
{"target": 63.51069123576432, "params": {"C": 588.9426374806185, "epsilon": 0.269509443899449, "gamma": 413.6812146474834}}
{"target": 59.58106502341208, "params": {"C": 14.293165158957665, "epsilon": 32.56113792007173, "gamma": 422.7725856268074}}
{"target": 63.522528260452134, "params": {"C": 708.0048140894343, "epsilon": 0.5086709824397202, "gamma": 433.48124876053083}}
{"target": 60.017798117478534, "params": {"C": 46.607397266505004, "epsilon": 17.381516896578482, "gamma": 454.7600054063546}}
{"target": 63.697208696487884, "params": {"C": 1806.8955181967099, "epsilon": 4.010079701077563, "gamma": 142.06422168281063}}
{"target": 64.33178075836163, "params": {"C": 698.4586085313238, "epsilon": 16.724781264955006, "gamma": 495.78183817266995}}
{"target": 67.1371335207169, "params": {"C": 2825.2549564466585, "epsilon": 57.83380264332862, "gamma": 347.1520625322205}}
{"target": 64.50895217974858, "params": {"C": 760.6256610962831, "epsilon": 20.42844992824253, "gamma": 226.70727289247776}}
{"target": 63.54234375820438, "params": {"C": 859.3439567564936, "epsilon": 0.9124530669359476, "gamma": 231.20887026436714}}
{"target": 61.52176519004617, "params": {"C": 78.7706888827915, "epsilon": 14.418906926132626, "gamma": 169.61161396423657}}
{"target": 63.546648955807235, "params": {"C": 779.320044143838, "epsilon": 1.0008726203775815, "gamma": 351.40715865971214}}
{"target": 60.23197933096733, "params": {"C": 79.65439081753993, "epsilon": 0.14378132335774751, "gamma": 393.50874059182024}}
{"target": 64.30171333454678, "params": {"C": 791.6407293348128, "epsilon": 16.072582581211915, "gamma": 310.24815818193207}}
{"target": 60.261945408590655, "params": {"C": 58.446472469869896, "epsilon": 13.385393067621257, "gamma": 389.2642150459732}}
{"target": 59.53984201711817, "params": {"C": 23.019712868385724, "epsilon": 14.172434958505132, "gamma": 487.22976785532785}}
{"target": 61.38668815411006, "params": {"C": 76.65327707303781, "epsilon": 14.418916612901848, "gamma": 372.65932580572263}}
{"target": 64.30006077918372, "params": {"C": 1821.2886466060952, "epsilon": 16.03757626468869, "gamma": 448.6336710212444}}
{"target": 64.36660568920252, "params": {"C": 605.7889494696403, "epsilon": 17.474463984582947, "gamma": 359.9136679040497}}
{"target": 64.34734554855315, "params": {"C": 940.878737669896, "epsilon": 17.056642081419724, "gamma": 402.4012829251491}}
{"target": 59.48550490624302, "params": {"C": 58.97569419835313, "epsilon": 0.37454631171316866, "gamma": 340.3794875031775}}
{"target": 58.688232477011205, "params": {"C": 17.580861461243682, "epsilon": 1.055306306734889, "gamma": 354.55204265147154}}
{"target": 61.866929579066536, "params": {"C": 107.86877531530293, "epsilon": 0.22382834411956498, "gamma": 449.9261230829845}}
{"target": 69.3006815017308, "params": {"C": 127.07707547334758, "epsilon": 81.29925743959824, "gamma": 32.86864198834468}}
{"target": 59.17534617210386, "params": {"C": 4.850119031765507, "epsilon": 14.888661276467804, "gamma": 375.2835263080016}}
{"target": 63.508833806841004, "params": {"C": 793.595020208794, "epsilon": 0.23177470310218984, "gamma": 321.18519204213385}}
{"target": 63.16599998148814, "params": {"C": 144.86662759361352, "epsilon": 0.404275621848023, "gamma": 179.24202661514232}}
{"target": 59.47643421275338, "params": {"C": 8.66749385948236, "epsilon": 27.59005272338084, "gamma": 270.9599209935668}}
{"target": 66.38750532322672, "params": {"C": 3577.7840390991205, "epsilon": 49.30495051504518, "gamma": 194.33685199728154}}
{"target": 64.22023540889047, "params": {"C": 1695.085383227037, "epsilon": 14.351952466779641, "gamma": 195.56290409593512}}
{"target": 59.66814580535846, "params": {"C": 27.266815370413326, "epsilon": 20.32102469532841, "gamma": 255.071115334294}}
{"target": 64.1963446389603, "params": {"C": 1673.9345868090581, "epsilon": 13.851839871739545, "gamma": 224.19512038372122}}
{"target": 64.57420669611768, "params": {"C": 616.1665891485011, "epsilon": 21.68913711074348, "gamma": 440.0282766017385}}
{"target": 59.69896476855176, "params": {"C": 36.380284057164005, "epsilon": 16.056903402416264, "gamma": 414.6018041100839}}
{"target": 59.54256799063713, "params": {"C": 14.556519849675386, "epsilon": 24.525440199601917, "gamma": 342.0656569784444}}
{"target": 65.26871315423311, "params": {"C": 995.37910593221, "epsilon": 34.016903003408935, "gamma": 222.65500698574593}}
{"target": 64.1040321594534, "params": {"C": 757.4927436932594, "epsilon": 11.941548272885651, "gamma": 446.74467551266315}}
{"target": 60.085256620723385, "params": {"C": 72.14852451686204, "epsilon": 2.7331461866888076, "gamma": 416.41018936439514}}
{"target": 65.33839679247258, "params": {"C": 933.8680312034506, "epsilon": 35.2153585297012, "gamma": 374.24711376941553}}
{"target": 59.29483029905224, "params": {"C": 17.89641594857858, "epsilon": 7.083832707825746, "gamma": 415.0933556015225}}
{"target": 58.66591311124971, "params": {"C": 14.628329348360896, "epsilon": 1.9172254761408083, "gamma": 383.09219513084605}}
{"target": 63.52318788779629, "params": {"C": 609.9113363127027, "epsilon": 0.5219684271012621, "gamma": 103.49835648168394}}
{"target": 64.11542460828214, "params": {"C": 636.9391234463825, "epsilon": 12.17645769650925, "gamma": 302.3080237733485}}
{"target": 64.0706654106498, "params": {"C": 685.3823487503378, "epsilon": 11.269922983891195, "gamma": 241.26090751135655}}
{"target": 59.26210910152499, "params": {"C": 39.19075734051835, "epsilon": 3.183951139609713, "gamma": 423.6198311983154}}
{"target": 59.5448156161893, "params": {"C": 20.872551736490205, "epsilon": 12.554041919415202, "gamma": 416.78557047968593}}
{"target": 64.25271576561947, "params": {"C": 1571.814686845901, "epsilon": 15.030205851826857, "gamma": 377.76606512564763}}
{"target": 64.62875965776803, "params": {"C": 1533.6401654093893, "epsilon": 22.733604649698037, "gamma": 332.23528957506426}}
{"target": 64.47086110407676, "params": {"C": 867.3500686928393, "epsilon": 19.64161876764805, "gamma": 389.1782697279666}}
{"target": 64.32740906564169, "params": {"C": 837.3573044715549, "epsilon": 16.62987112545605, "gamma": 402.42395954333864}}
{"target": 64.27307459161344, "params": {"C": 728.2293092657394, "epsilon": 15.460764744654941, "gamma": 428.573160909931}}
{"target": 64.49773475516898, "params": {"C": 1837.169496873816, "epsilon": 20.10397348015712, "gamma": 15.147658596976584}}
{"target": 59.526143163751534, "params": {"C": 34.03527506845259, "epsilon": 11.10743321903904, "gamma": 141.0491327150314}}
{"target": 59.00559707351442, "params": {"C": 8.757643489592905, "epsilon": 6.986910189109151, "gamma": 381.1130044966318}}
{"target": 64.24886165171144, "params": {"C": 562.12168605998, "epsilon": 14.950345314370587, "gamma": 283.4556981812567}}
{"target": 63.52265854423015, "params": {"C": 737.2771548687774, "epsilon": 0.5112973765327734, "gamma": 405.37317894232564}}
{"target": 59.806358688866396, "params": {"C": 38.39995485639848, "epsilon": 18.186837936506855, "gamma": 396.7163929441212}}
{"target": 64.21302548958758, "params": {"C": 541.6549929015771, "epsilon": 14.200381390790735, "gamma": 499.09460196351574}}
{"target": 59.571543604144836, "params": {"C": 20.543801054375464, "epsilon": 14.245540791177657, "gamma": 454.324461580502}}
{"target": 63.19127020840639, "params": {"C": 141.76583186314275, "epsilon": 1.669953533619989, "gamma": 447.33246274743465}}
{"target": 59.18876290010121, "params": {"C": 35.13832218868378, "epsilon": 2.7149697154587824, "gamma": 324.10630414827506}}
{"target": 59.07842758908971, "params": {"C": 25.89312596625928, "epsilon": 1.9985413868712874, "gamma": 435.2446039202035}}
{"target": 64.16822571287628, "params": {"C": 734.658794926223, "epsilon": 13.267137348265912, "gamma": 332.1589139820833}}
{"target": 60.8479438374661, "params": {"C": 90.82090418939926, "epsilon": 0.020192738058878668, "gamma": 484.875612362118}}
{"target": 59.06194694509371, "params": {"C": 27.35740122328322, "epsilon": 1.1209561309539664, "gamma": 374.26152223671875}}
{"target": 64.31627144135204, "params": {"C": 652.2168259449951, "epsilon": 16.38552560156846, "gamma": 231.2673073515736}}
{"target": 64.34137738503911, "params": {"C": 614.8559813752854, "epsilon": 16.929121763477585, "gamma": 130.62187982888648}}
{"target": 61.73562233061959, "params": {"C": 104.553685609769, "epsilon": 0.7731643021438974, "gamma": 386.22940873703726}}
{"target": 60.41268021045321, "params": {"C": 82.9004344310171, "epsilon": 0.23074137604155354, "gamma": 143.1755266158319}}
{"target": 60.488189522298896, "params": {"C": 83.89210499967493, "epsilon": 0.46123432983313806, "gamma": 440.41368927304876}}
{"target": 63.50324670428745, "params": {"C": 850.0430031002968, "epsilon": 0.11777273027623561, "gamma": 463.1029717173992}}
{"target": 63.52326621580973, "params": {"C": 1079.6226799461265, "epsilon": 0.52354744381381, "gamma": 310.9804807456134}}
{"target": 59.63353052794173, "params": {"C": 15.997218600884134, "epsilon": 20.50571840619094, "gamma": 429.61754986149873}}
{"target": 62.18315731195944, "params": {"C": 95.96981456749864, "epsilon": 10.14769264198706, "gamma": 262.10438667624607}}
{"target": 64.38366366089238, "params": {"C": 769.584128279216, "epsilon": 17.840167267740863, "gamma": 442.74300260752403}}
{"target": 63.50202270549107, "params": {"C": 645.969148888647, "epsilon": 0.09249137213145708, "gamma": 280.2315326755027}}
{"target": 59.50155369927794, "params": {"C": 35.6803441249814, "epsilon": 9.694475935198511, "gamma": 198.78159931094999}}
{"target": 58.56720124256883, "params": {"C": 9.789716334245687, "epsilon": 2.279851753457761, "gamma": 191.41943076381125}}
{"target": 63.50249204921452, "params": {"C": 1721.0358224585314, "epsilon": 0.10218553751876913, "gamma": 374.10116194846074}}
{"target": 59.085471171994946, "params": {"C": 29.80445768996703, "epsilon": 0.671793668136534, "gamma": 180.68476225909293}}
{"target": 64.52429404148174, "params": {"C": 622.7945922453656, "epsilon": 20.72848905423582, "gamma": 329.42610298563983}}
{"target": 59.42778577163896, "params": {"C": 56.282886339609306, "epsilon": 0.6303523468596133, "gamma": 345.667030867592}}
{"target": 64.5383953246114, "params": {"C": 847.245741370015, "epsilon": 21.00172921089494, "gamma": 379.20817855738636}}
{"target": 63.50804967849049, "params": {"C": 1009.584493851614, "epsilon": 0.21584468301712678, "gamma": 441.1506694892731}}
{"target": 59.44255970826849, "params": {"C": 56.064417265070794, "epsilon": 1.0418901696828733, "gamma": 284.73719211680657}}
{"target": 59.065337633254195, "params": {"C": 3.6729686215784305, "epsilon": 14.649548993936943, "gamma": 379.9023501199587}}
{"target": 64.74364768237345, "params": {"C": 144.62911665104457, "epsilon": 26.21417839862103, "gamma": 69.6486027068002}}
{"target": 59.97312228323294, "params": {"C": 71.84710008863208, "epsilon": 1.4544132263204852, "gamma": 430.53431380520004}}
{"target": 61.20991567293322, "params": {"C": 75.29140185256983, "epsilon": 13.491093410760726, "gamma": 274.43710232353584}}
{"target": 63.530822155338015, "params": {"C": 800.7753680181269, "epsilon": 0.676381682318659, "gamma": 346.73142667767036}}
{"target": 59.103108420232616, "params": {"C": 1.6447561177188825, "epsilon": 15.991686204801908, "gamma": 324.4824623263781}}
{"target": 61.299687685469394, "params": {"C": 69.62637067341868, "epsilon": 18.586882085957825, "gamma": 92.99043115656647}}
{"target": 59.40744789185298, "params": {"C": 12.504795916421951, "epsilon": 11.330346927387014, "gamma": 357.0071983219236}}
{"target": 63.50193133611761, "params": {"C": 814.6375909236077, "epsilon": 0.09060416287542639, "gamma": 261.63792244608646}}
{"target": 68.11134254536441, "params": {"C": 4543.262053461499, "epsilon": 68.20561599084, "gamma": 320.82477309910945}}
{"target": 64.43603649012668, "params": {"C": 670.0541950604493, "epsilon": 18.923682988014235, "gamma": 373.9338115086133}}
{"target": 59.60913312700061, "params": {"C": 19.89228018225301, "epsilon": 28.424976767066646, "gamma": 421.55736903416874}}
{"target": 63.51386395362499, "params": {"C": 1017.4834150847115, "epsilon": 0.3340069942630419, "gamma": 485.3411162905715}}
{"target": 66.83446424343602, "params": {"C": 2271.405536920697, "epsilon": 54.53057252203114, "gamma": 416.515176573978}}
{"target": 60.20719073894512, "params": {"C": 52.58829503919849, "epsilon": 16.434202709693132, "gamma": 439.6514693064337}}
