{"target": 65.2812634413298, "params": {"C": 1029.44861631272, "epsilon": 34.23328704362067, "gamma": 291.69387819095186}}
{"target": 64.18634338028576, "params": {"C": 1707.6670292425983, "epsilon": 13.64330935068898, "gamma": 409.2739423393902}}
{"target": 64.31600384836807, "params": {"C": 1518.2455662012962, "epsilon": 16.379654946735492, "gamma": 285.679326815055}}
{"target": 61.19370220639189, "params": {"C": 30.546224797289224, "epsilon": 44.78234321462261, "gamma": 373.7494871183973}}
{"target": 66.30075571442008, "params": {"C": 852.4595441501847, "epsilon": 48.20044997890813, "gamma": 12.464152603703553}}
{"target": 64.19911599328954, "params": {"C": 886.617038302848, "epsilon": 13.90972043998697, "gamma": 272.7315887115795}}
{"target": 64.15062215107517, "params": {"C": 901.0400968543751, "epsilon": 12.905663320536544, "gamma": 283.9675915695428}}
{"target": 62.92177655663981, "params": {"C": 132.798826263836, "epsilon": 0.7616212048815179, "gamma": 409.3511540020934}}
{"target": 59.00102705635688, "params": {"C": 27.16470010077139, "epsilon": 0.25768908254523215, "gamma": 250.79466694692073}}
{"target": 64.55228204753591, "params": {"C": 1937.0550344425344, "epsilon": 21.272045978548523, "gamma": 342.51619544569013}}
{"target": 58.50622221619043, "params": {"C": 5.06562060026998, "epsilon": 4.3613341998727995, "gamma": 391.93618112084926}}
{"target": 63.584790738092316, "params": {"C": 841.8730253067997, "epsilon": 1.7809164877305799, "gamma": 404.70650026383015}}
{"target": 61.524688520140536, "params": {"C": 102.17804639190247, "epsilon": 0.11464491433470148, "gamma": 399.27019228209576}}
{"target": 59.146401621487215, "params": {"C": 37.18445790026578, "epsilon": 1.3701806071026965, "gamma": 398.3036650361594}}
{"target": 63.5068202579378, "params": {"C": 1005.1166097184259, "epsilon": 0.1908682947893099, "gamma": 418.3366782830014}}
{"target": 64.27899794623531, "params": {"C": 867.9624031426741, "epsilon": 15.588235714686451, "gamma": 340.9100355968727}}
{"target": 59.39691594468695, "params": {"C": 7.272016505643797, "epsilon": 14.816054624759952, "gamma": 424.0800567175324}}
{"target": 59.70893063994339, "params": {"C": 35.9448503309822, "epsilon": 16.789216175554312, "gamma": 378.7125502003763}}
{"target": 64.5651053296254, "params": {"C": 418.1180201790346, "epsilon": 21.517051884483813, "gamma": 424.0176766819791}}
{"target": 64.451363104792, "params": {"C": 258.5529889453193, "epsilon": 19.23795210172585, "gamma": 400.4725963337371}}
{"target": 64.39647171927345, "params": {"C": 722.37713356409, "epsilon": 18.100973497810134, "gamma": 392.4869313998493}}
{"target": 67.08692614850408, "params": {"C": 5941.644600852333, "epsilon": 57.28046245476897, "gamma": 14.204372586680222}}
{"target": 59.86459602356116, "params": {"C": 5.323468353049691, "epsilon": 20.73660910858505, "gamma": 365.5732808090038}}
{"target": 59.13657616917832, "params": {"C": 3.1758488621161263, "epsilon": 9.19528008294698, "gamma": 401.8025253719688}}
{"target": 59.58390010386523, "params": {"C": 24.038509970641243, "epsilon": 16.743234766117915, "gamma": 419.36249233567736}}
{"target": 59.49618935113084, "params": {"C": 35.06516370586552, "epsilon": 9.68862671237924, "gamma": 420.52519851903173}}
{"target": 64.27684114706328, "params": {"C": 736.4186288213606, "epsilon": 15.541821258660292, "gamma": 398.3996567674579}}
{"target": 64.06926994461762, "params": {"C": 734.2274716873155, "epsilon": 11.241979861386437, "gamma": 394.98436774721114}}
{"target": 59.227732273003355, "params": {"C": 43.510797470613696, "epsilon": 1.4956227808717169, "gamma": 393.3109981018964}}
{"target": 65.09588875109948, "params": {"C": 872.1161091953006, "epsilon": 31.0584974784689, "gamma": 393.2976852088968}}
{"target": 59.70915698706769, "params": {"C": 14.302197853471416, "epsilon": 16.918976219718225, "gamma": 421.9721396638267}}
{"target": 63.52859149608914, "params": {"C": 924.112420567204, "epsilon": 0.6310001625245822, "gamma": 361.5736482157756}}
{"target": 63.61778103654865, "params": {"C": 895.6262803643644, "epsilon": 2.4448427398159063, "gamma": 401.88240325166277}}
{"target": 63.514751450171254, "params": {"C": 1337.3320140259887, "epsilon": 0.35189806037515914, "gamma": 330.0692907353228}}
{"target": 64.27467932845416, "params": {"C": 735.2788196928001, "epsilon": 15.495298784027145, "gamma": 345.6754496393272}}
{"target": 63.51648383527068, "params": {"C": 584.763748705476, "epsilon": 0.38682125695293124, "gamma": 359.3373746917794}}
{"target": 59.74172820436704, "params": {"C": 21.426776104579492, "epsilon": 32.157958981144304, "gamma": 390.0096271665635}}
{"target": 64.27544544567374, "params": {"C": 673.0974218187147, "epsilon": 15.511785675556954, "gamma": 351.5176176967113}}
{"target": 58.6617574151865, "params": {"C": 17.712624316411855, "epsilon": 0.5266735888566296, "gamma": 394.92035320679463}}
{"target": 68.73663115611745, "params": {"C": 1800.2344804641832, "epsilon": 75.10835213796481, "gamma": 207.58000451384927}}
{"target": 59.04689066130487, "params": {"C": 8.880757540792896, "epsilon": 7.480501411774369, "gamma": 453.0013136290924}}
{"target": 59.646837440376565, "params": {"C": 36.15424232956185, "epsilon": 13.909061358981209, "gamma": 375.33799242674183}}
{"target": 59.61671719723123, "params": {"C": 24.284488608148273, "epsilon": 18.669565471941223, "gamma": 382.4021572174122}}
{"target": 59.60807112851744, "params": {"C": 15.050360029398584, "epsilon": 13.510094535178975, "gamma": 328.9620802059709}}
{"target": 63.499812265552194, "params": {"C": 614.5027600645468, "epsilon": 0.04683534378234344, "gamma": 348.4850610139799}}
{"target": 63.67731416673828, "params": {"C": 1093.5368526854807, "epsilon": 3.628113724157955, "gamma": 408.10341910609463}}
{"target": 59.432096365095084, "params": {"C": 51.241342432732836, "epsilon": 3.0239930298622393, "gamma": 374.8167192268553}}
{"target": 59.38663842219478, "params": {"C": 52.4171631636456, "epsilon": 1.6742967991382836, "gamma": 387.69143537403136}}
{"target": 63.60148781514363, "params": {"C": 1039.348741646918, "epsilon": 2.117074816159262, "gamma": 409.9363027882693}}
{"target": 63.56056559637134, "params": {"C": 760.9193223409485, "epsilon": 1.286599845141411, "gamma": 403.5975328145005}}
{"target": 64.52296110435627, "params": {"C": 935.6283871400437, "epsilon": 20.70279807785512, "gamma": 436.25554846043434}}
{"target": 65.13596887601878, "params": {"C": 752.2120717772879, "epsilon": 31.736745320582198, "gamma": 344.67487948990976}}
{"target": 64.06175079762343, "params": {"C": 1044.6702140981206, "epsilon": 11.091414787978856, "gamma": 448.6046871379524}}
{"target": 69.96732993328385, "params": {"C": 1385.1075216304557, "epsilon": 88.30957948483085, "gamma": 20.662840246727598}}
{"target": 59.18919344540897, "params": {"C": 42.24024709200599, "epsilon": 0.733359305363286, "gamma": 338.11362577657997}}
{"target": 58.95335938087951, "params": {"C": 25.35801687648822, "epsilon": 0.48181126492053855, "gamma": 368.1294357644347}}
{"target": 58.241108861135864, "params": {"C": 1.3182770591599855, "epsilon": 1.3919448039687161, "gamma": 456.7246064973017}}
{"target": 63.51726994146428, "params": {"C": 846.9040563520371, "epsilon": 0.4026683922953721, "gamma": 424.49693242482243}}
{"target": 63.51785474263018, "params": {"C": 703.3568234118896, "epsilon": 0.41445741431029615, "gamma": 353.912276672724}}
{"target": 63.56943611037468, "params": {"C": 2161.6054483378707, "epsilon": 1.4683567814370821, "gamma": 446.3702083384575}}
{"target": 62.702790537278034, "params": {"C": 116.00341636906201, "epsilon": 4.734491436958706, "gamma": 455.0073622279873}}
{"target": 74.69760255160489, "params": {"C": 1065.4752765798007, "epsilon": 118.81807697344786, "gamma": 270.7004984501666}}
{"target": 59.14337533136285, "params": {"C": 32.47099614357414, "epsilon": 1.9413611461401403, "gamma": 408.76578767237754}}
{"target": 67.44162786905274, "params": {"C": 5971.562697627471, "epsilon": 61.04318509470605, "gamma": 213.23647773649515}}
{"target": 63.55369832691711, "params": {"C": 647.8632710308167, "epsilon": 1.145058754987201, "gamma": 493.5664326484606}}
{"target": 63.54344410779586, "params": {"C": 399.15847764093553, "epsilon": 0.9350518947919105, "gamma": 495.47618824498903}}
{"target": 63.634796328942855, "params": {"C": 632.8824915766842, "epsilon": 2.7856133874626177, "gamma": 476.2804143201954}}
{"target": 63.514742663412314, "params": {"C": 692.6208191311757, "epsilon": 0.3517209278723401, "gamma": 461.0580590880679}}
{"target": 64.42303693108069, "params": {"C": 985.0486899495146, "epsilon": 18.653856612335257, "gamma": 491.4871956526461}}
{"target": 62.93666010813879, "params": {"C": 125.04012957482243, "epsilon": 3.8049677744483006, "gamma": 441.66379100681587}}
{"target": 65.2274240423924, "params": {"C": 122.00006339521858, "epsilon": 36.405697683770896, "gamma": 456.20570585138034}}
{"target": 64.84850871787539, "params": {"C": 228.20810297192583, "epsilon": 26.77464253437933, "gamma": 463.01776274906865}}
{"target": 58.97144482290393, "params": {"C": 10.03122371128952, "epsilon": 6.430818614128518, "gamma": 420.600119012421}}
{"target": 64.57612261500888, "params": {"C": 391.0597242340458, "epsilon": 21.726053286647733, "gamma": 436.6417189850348}}
{"target": 63.57913209133735, "params": {"C": 193.09425819365754, "epsilon": 1.6721482546376316, "gamma": 447.9749634071853}}
{"target": 60.67806791929188, "params": {"C": 83.61427280482711, "epsilon": 2.6824179445672196, "gamma": 433.1344667576341}}
{"target": 64.48128102978963, "params": {"C": 759.7649769976919, "epsilon": 19.8574615029546, "gamma": 421.3946249650991}}
{"target": 64.36962445062244, "params": {"C": 561.2370499666757, "epsilon": 17.541248324414653, "gamma": 429.8865674974602}}
{"target": 64.0419371722713, "params": {"C": 130.02843377979823, "epsilon": 17.470916927591755, "gamma": 442.61598528187824}}
{"target": 69.05810771188591, "params": {"C": 3047.634306648642, "epsilon": 78.74886541158776, "gamma": 494.0611542967332}}
{"target": 59.72652966013408, "params": {"C": 10.443612645167129, "epsilon": 17.061772908024025, "gamma": 342.88064412640205}}
{"target": 64.12166557299365, "params": {"C": 1042.8655581381513, "epsilon": 12.305759777003423, "gamma": 409.85888802281994}}
{"target": 63.499732657496715, "params": {"C": 228.87764629597427, "epsilon": 0.04519106131423367, "gamma": 453.51955612459966}}
{"target": 63.54832761809496, "params": {"C": 941.0524589281621, "epsilon": 1.0353487544757887, "gamma": 416.70028007047375}}
{"target": 63.512764042835826, "params": {"C": 2696.2653514338604, "epsilon": 0.31164576354816376, "gamma": 49.05476010901759}}
{"target": 64.34207369002705, "params": {"C": 675.3744354931079, "epsilon": 16.94395456180839, "gamma": 433.94243955374475}}
{"target": 63.5331318664415, "params": {"C": 1190.2181649146596, "epsilon": 0.7233714680580401, "gamma": 437.96186809857755}}
{"target": 59.74299275911228, "params": {"C": 1.1778335126598902, "epsilon": 20.325452774952968, "gamma": 424.8745507804281}}
{"target": 64.22867458338143, "params": {"C": 663.8120355489759, "epsilon": 14.527889916952205, "gamma": 436.25045172085584}}
{"target": 59.71681477076464, "params": {"C": 34.839992676651065, "epsilon": 17.678746009832388, "gamma": 383.33564324826455}}
{"target": 64.07744978767441, "params": {"C": 806.3908809756944, "epsilon": 11.405774859845415, "gamma": 390.6788952558397}}
{"target": 61.67290163770771, "params": {"C": 75.84631665129973, "epsilon": 18.114282623211974, "gamma": 364.50241693683097}}
{"target": 64.1057883676962, "params": {"C": 1110.7284002155557, "epsilon": 11.977512619619395, "gamma": 366.94835941871526}}
{"target": 61.28998163798866, "params": {"C": 97.69485975448877, "epsilon": 0.4060724939984941, "gamma": 498.39029951516443}}
{"target": 64.89498270034139, "params": {"C": 4178.678535261743, "epsilon": 27.58684562131088, "gamma": 99.72840721616129}}
{"target": 65.02487014329972, "params": {"C": 4276.672051411386, "epsilon": 29.844251797497684, "gamma": 360.9339377202685}}
{"target": 59.65167734805285, "params": {"C": 39.46817275500101, "epsilon": 13.007122719000684, "gamma": 405.8792685537466}}
{"target": 60.28864073850978, "params": {"C": 50.83897118879335, "epsilon": 19.30934489538427, "gamma": 461.0790859415028}}
{"target": 59.49689960399655, "params": {"C": 23.90213079432005, "epsilon": 11.316438188242259, "gamma": 402.1099320968933}}
{"target": 64.20677152149501, "params": {"C": 666.5710962462144, "epsilon": 14.07094444142692, "gamma": 386.84455961256054}}
{"target": 59.57640965065459, "params": {"C": 58.61665221809792, "epsilon": 2.362389749152788, "gamma": 374.34174089115055}}
{"target": 66.09322327037874, "params": {"C": 781.1384800323553, "epsilon": 45.78537899059115, "gamma": 498.9215654989338}}
{"target": 64.17222091828685, "params": {"C": 741.3362828730122, "epsilon": 13.350004422683629, "gamma": 440.0065338362523}}
{"target": 63.53643018616499, "params": {"C": 448.37268583740854, "epsilon": 0.7910009415720862, "gamma": 350.0982469019949}}
{"target": 63.642066916393006, "params": {"C": 804.2926652040079, "epsilon": 2.931761482654315, "gamma": 359.81455819657793}}
{"target": 68.4137980922493, "params": {"C": 3924.7492310865478, "epsilon": 71.4631464449023, "gamma": 212.392887996074}}
{"target": 58.25396645032022, "params": {"C": 3.969506067262823, "epsilon": 0.6645927592143757, "gamma": 398.69425604201876}}
{"target": 64.28085694099445, "params": {"C": 813.2465873114521, "epsilon": 15.628241400715655, "gamma": 317.86499326444}}
{"target": 63.51764143895552, "params": {"C": 937.1956293739338, "epsilon": 0.41015741994415456, "gamma": 436.19018116474194}}
{"target": 64.1998113363659, "params": {"C": 860.9286498558572, "epsilon": 13.924364235967012, "gamma": 428.17580215823114}}
{"target": 63.360646392973266, "params": {"C": 152.77045006502652, "epsilon": 1.4679222529471447, "gamma": 467.2042838867681}}
{"target": 59.373041938700396, "params": {"C": 44.847548303163016, "epsilon": 3.80998926010529, "gamma": 445.20248177436014}}
{"target": 61.089700042021704, "params": {"C": 91.67121074928411, "epsilon": 1.9542789121426924, "gamma": 449.9521451012859}}
{"target": 60.83125915956005, "params": {"C": 60.08063087846296, "epsilon": 20.384187937863697, "gamma": 462.6486622301201}}
{"target": 59.356356679672444, "params": {"C": 46.533533517689904, "epsilon": 2.9209391583748436, "gamma": 498.68563422830164}}
{"target": 59.802328519823256, "params": {"C": 10.150580761399652, "epsilon": 20.4295128507285, "gamma": 462.9204578965713}}
{"target": 59.62112590040459, "params": {"C": 25.571562932263276, "epsilon": 18.363348816070854, "gamma": 407.72178197242386}}
{"target": 64.10372827736133, "params": {"C": 2202.2206727914886, "epsilon": 11.935325251801622, "gamma": 178.7870959680845}}
{"target": 59.6544153193817, "params": {"C": 13.467427199092256, "epsilon": 15.038549956394828, "gamma": 385.3491953669167}}
{"target": 61.11061516484699, "params": {"C": 95.11324029286277, "epsilon": 0.12777216402136737, "gamma": 421.61544440233513}}
{"target": 64.31028435745048, "params": {"C": 774.8719914289454, "epsilon": 16.25573759467534, "gamma": 376.6199570715809}}
{"target": 59.612511280268066, "params": {"C": 63.593289004765026, "epsilon": 0.36923332049061186, "gamma": 436.2052423755515}}
{"target": 63.53306650849504, "params": {"C": 379.70820326032117, "epsilon": 0.7220417970417412, "gamma": 401.3286837370683}}
{"target": 58.30970292890093, "params": {"C": 6.666077503100529, "epsilon": 0.8741027051714076, "gamma": 416.0855957827956}}
{"target": 59.56741246170127, "params": {"C": 26.308198872864683, "epsilon": 15.190342269951852, "gamma": 346.091722485838}}
{"target": 64.63752577654729, "params": {"C": 1795.2450491368309, "epsilon": 22.90241291417148, "gamma": 447.622598379099}}
{"target": 64.16989837591477, "params": {"C": 742.8207236375486, "epsilon": 13.301831106971196, "gamma": 347.485740106618}}
{"target": 70.72749341353, "params": {"C": 155.45190371955732, "epsilon": 95.28876466859148, "gamma": 260.9946352588691}}
{"target": 63.078464971031885, "params": {"C": 105.45009003698539, "epsilon": 14.089258725995816, "gamma": 451.2651991554697}}
{"target": 59.053201240081854, "params": {"C": 28.81735706122443, "epsilon": 0.32911632045616246, "gamma": 448.69297671649656}}
{"target": 63.543904561093065, "params": {"C": 300.8252413891834, "epsilon": 0.9445086209798275, "gamma": 447.1030259988098}}
{"target": 58.8914362871544, "params": {"C": 20.24962186472587, "epsilon": 2.2953928130548893, "gamma": 450.4729878083898}}
{"target": 63.772341221582245, "params": {"C": 868.808289399442, "epsilon": 5.431722859731991, "gamma": 460.06400659164956}}
{"target": 61.737578258437885, "params": {"C": 104.63265304472309, "epsilon": 0.7483532333700915, "gamma": 381.331656997402}}
{"target": 64.31914463568559, "params": {"C": 741.830935368659, "epsilon": 16.44855988575733, "gamma": 456.1024954493512}}
{"target": 60.30678092202032, "params": {"C": 63.32857181663065, "epsilon": 10.940232235407468, "gamma": 426.1752923467983}}
{"target": 64.15500749652493, "params": {"C": 753.248410705528, "epsilon": 12.994577068364862, "gamma": 395.8227765931723}}
{"target": 63.51608407304648, "params": {"C": 867.8067205106637, "epsilon": 0.3787624398040359, "gamma": 496.5538048526353}}
{"target": 64.7779576530302, "params": {"C": 1550.6887134297626, "epsilon": 25.516945415398656, "gamma": 427.0659800829288}}
{"target": 63.55518954146903, "params": {"C": 838.0470616076473, "epsilon": 1.1755141023033668, "gamma": 439.6557953276409}}
{"target": 64.09014084889701, "params": {"C": 887.5483117387639, "epsilon": 11.659903495192117, "gamma": 423.67304346618}}
{"target": 64.3811177892616, "params": {"C": 574.7538874915149, "epsilon": 17.787792533694432, "gamma": 396.4485478157019}}
{"target": 60.9378604978814, "params": {"C": 71.10082146640143, "epsilon": 13.385049484684483, "gamma": 409.44641447393366}}
{"target": 63.54488064210334, "params": {"C": 607.4930082937605, "epsilon": 0.9645552378872256, "gamma": 446.36701429157915}}
{"target": 60.60315772456505, "params": {"C": 41.632855515429746, "epsilon": 31.664386463256058, "gamma": 410.1938199425999}}
{"target": 63.549387434828304, "params": {"C": 1672.6012690080556, "epsilon": 1.0570166180354774, "gamma": 420.5857302485978}}
{"target": 58.29983439093435, "params": {"C": 7.075790226194979, "epsilon": 0.4242634504152766, "gamma": 465.9965581639293}}
{"target": 59.854735016280344, "params": {"C": 37.27988276973386, "epsilon": 20.677352558436855, "gamma": 413.1470315453772}}
{"target": 64.05793170918582, "params": {"C": 5299.502648202659, "epsilon": 11.01538562061031, "gamma": 213.61019422348323}}
{"target": 63.498453463896965, "params": {"C": 772.2751726951108, "epsilon": 0.018769669702663583, "gamma": 405.9673185047648}}
{"target": 66.78857486659976, "params": {"C": 5810.5704507389655, "epsilon": 54.01217172196783, "gamma": 493.02892212896336}}
{"target": 59.379461680266765, "params": {"C": 48.29772780481815, "epsilon": 2.8088600968155104, "gamma": 395.2824033327904}}
{"target": 64.67653625364032, "params": {"C": 256.6413490173142, "epsilon": 23.636586362106584, "gamma": 499.2537459890447}}
{"target": 63.68534562118955, "params": {"C": 924.8660500098125, "epsilon": 3.7825336126313864, "gamma": 474.8318646104544}}
{"target": 60.7380412797864, "params": {"C": 84.4126453594236, "epsilon": 2.8234662700924016, "gamma": 422.0014329898873}}
{"target": 59.50697232512723, "params": {"C": 0.5879971055307784, "epsilon": 19.682313426087966, "gamma": 483.04412785674066}}
{"target": 60.160536347893455, "params": {"C": 48.566734151318045, "epsilon": 18.656505460946413, "gamma": 457.89872420851964}}
{"target": 63.597125997260164, "params": {"C": 1173.509618908321, "epsilon": 2.0293589473590883, "gamma": 404.3106169372327}}
{"target": 64.49540057751278, "params": {"C": 808.2347849252528, "epsilon": 20.148412577562766, "gamma": 457.4111120917408}}
{"target": 64.08207214847464, "params": {"C": 671.7394171050163, "epsilon": 11.498334041589327, "gamma": 488.9207772005139}}
{"target": 63.58034652723588, "params": {"C": 1474.7213888443757, "epsilon": 1.690927449451388, "gamma": 467.14417125094417}}
{"target": 62.81436670603605, "params": {"C": 111.15107033647632, "epsilon": 8.26236804876286, "gamma": 427.10694373220656}}
{"target": 63.87313451634716, "params": {"C": 1835.0201180854774, "epsilon": 7.379374412396759, "gamma": 484.61063268486583}}
{"target": 59.74981420792168, "params": {"C": 39.8628536686532, "epsilon": 15.588394414107956, "gamma": 439.1614926059627}}
{"target": 64.24328867985061, "params": {"C": 781.3998839831379, "epsilon": 14.8343830429648, "gamma": 454.2644708762713}}
{"target": 63.83047120136398, "params": {"C": 196.86506267830396, "epsilon": 6.545853088599601, "gamma": 475.7724436470147}}
{"target": 63.514058460501225, "params": {"C": 715.7155519559469, "epsilon": 0.33792806346936555, "gamma": 394.6537227936475}}
{"target": 63.563276467798076, "params": {"C": 922.8840741389754, "epsilon": 1.3426585921318466, "gamma": 373.85357568986984}}
{"target": 63.578286380992765, "params": {"C": 901.8252881329545, "epsilon": 1.6489890497854118, "gamma": 450.5902230477427}}
{"target": 64.17480806481231, "params": {"C": 814.9515228663026, "epsilon": 13.403666059979155, "gamma": 449.49993821702424}}
{"target": 63.52484000081531, "params": {"C": 434.37627354020475, "epsilon": 0.5552734169474747, "gamma": 421.98784079634885}}
{"target": 58.301500782541645, "params": {"C": 1.339112195570479, "epsilon": 3.524298505864503, "gamma": 407.8315728350148}}
{"target": 67.59837546022324, "params": {"C": 1888.4074598126608, "epsilon": 62.69065253650126, "gamma": 59.963720242975995}}
{"target": 59.39526247301255, "params": {"C": 34.68482499480692, "epsilon": 6.666099627313057, "gamma": 477.23066623323814}}
{"target": 63.51394665829806, "params": {"C": 260.97105279194943, "epsilon": 0.33567423993159706, "gamma": 450.93532180541985}}
