{"target": 64.48013117500201, "params": {"C": 1938.4735175220283, "epsilon": 19.833766724603873, "gamma": 67.49329980695926}}
{"target": 64.46570346611072, "params": {"C": 1706.268731482534, "epsilon": 19.5343546425252, "gamma": 97.81500377498926}}
{"target": 61.49465830880374, "params": {"C": 455.15199652357535, "epsilon": 2.8975935291868833, "gamma": 1.6886129295242742}}
{"target": 64.63988818279886, "params": {"C": 2227.3343193409, "epsilon": 22.947220865134806, "gamma": 98.93845698065299}}
{"target": 64.9773904487264, "params": {"C": 454.45184894884403, "epsilon": 34.83667066190367, "gamma": 2.742532518425869}}
{"target": 63.61762258565044, "params": {"C": 2403.0447293684, "epsilon": 2.4416856830943114, "gamma": 76.75601790792406}}
{"target": 64.4387186597265, "params": {"C": 887.3984938611827, "epsilon": 24.074297060182595, "gamma": 3.000558563527502}}
{"target": 64.00477478354696, "params": {"C": 1651.905476742374, "epsilon": 32.913017559781814, "gamma": 1.8666899692331307}}
{"target": 64.88063051704627, "params": {"C": 1461.275042850379, "epsilon": 27.333969424030677, "gamma": 65.74558867203375}}
{"target": 64.68784052431502, "params": {"C": 677.9230650885954, "epsilon": 23.850979541534663, "gamma": 72.3545066002345}}
{"target": 52.451468430219464, "params": {"C": 856.1637899750797, "epsilon": 12.388295139570392, "gamma": 0.6023326011354816}}
{"target": 64.43218367849036, "params": {"C": 765.703661683151, "epsilon": 18.843732130394976, "gamma": 64.82712237483285}}
{"target": 55.0854417456257, "params": {"C": 1511.6534869166942, "epsilon": 24.0933790173899, "gamma": 0.6666185509725979}}
{"target": 65.14736659620154, "params": {"C": 539.3427337952609, "epsilon": 31.930369735625455, "gamma": 61.664771938350356}}
{"target": 62.241311332944704, "params": {"C": 286.40768299963844, "epsilon": 2.4048888007408253, "gamma": 2.0002741932140893}}
{"target": 63.550550632323485, "params": {"C": 1054.5215352042524, "epsilon": 1.0807645048414187, "gamma": 58.21500344144222}}
{"target": 63.551514749923214, "params": {"C": 1420.0649537601746, "epsilon": 1.1004629527641168, "gamma": 74.11047487913216}}
{"target": 47.51783879972885, "params": {"C": 829.0133000657203, "epsilon": 8.025553670015839, "gamma": 0.1605780123981515}}
{"target": 64.38227702781907, "params": {"C": 821.4766829827026, "epsilon": 17.13432961835973, "gamma": 5.828658040790742}}
{"target": 64.50242299633206, "params": {"C": 798.7586273916972, "epsilon": 19.85764611237837, "gamma": 5.259213989947422}}
{"target": 64.42932467828093, "params": {"C": 575.0581104673707, "epsilon": 18.784383313109778, "gamma": 73.82156410893722}}
{"target": 63.501451862509455, "params": {"C": 960.8893807497992, "epsilon": 0.080666663449378, "gamma": 52.27490189191637}}
{"target": 64.05804186919949, "params": {"C": 381.80443520276907, "epsilon": 11.017596550663331, "gamma": 72.04310212142205}}
{"target": 60.89286909012319, "params": {"C": 1412.0303748031204, "epsilon": 1.7003705736099874, "gamma": 1.5426124513887003}}
{"target": 64.28208264761005, "params": {"C": 617.9232918144595, "epsilon": 15.654618581454883, "gamma": 75.29038252392354}}
{"target": 63.61849239423422, "params": {"C": 558.7857992296325, "epsilon": 2.4590067115899767, "gamma": 56.99683278345849}}
{"target": 49.94512938936582, "params": {"C": 1102.253516577826, "epsilon": 5.043350060187654, "gamma": 0.5037279174205944}}
{"target": 59.89824550461678, "params": {"C": 30.878115562092944, "epsilon": 28.81787956607706, "gamma": 4.804558405849293}}
{"target": 62.722960780848574, "params": {"C": 113.18284294259064, "epsilon": 10.676928288332926, "gamma": 2.6895588999927122}}
{"target": 60.849113949800554, "params": {"C": 861.5656860252404, "epsilon": 36.12202706955004, "gamma": 1.0112908837427157}}
{"target": 62.66764018992527, "params": {"C": 755.1101579119454, "epsilon": 1.127872077569089, "gamma": 2.314172584349599}}
{"target": 64.0840272772955, "params": {"C": 1211.4145004172203, "epsilon": 11.503015224334948, "gamma": 19.888154528231105}}
{"target": 63.528855473508564, "params": {"C": 824.2223636656045, "epsilon": 0.21854286897060327, "gamma": 11.667083568221997}}
{"target": 63.51394705587819, "params": {"C": 539.802534001702, "epsilon": 0.33567910153625746, "gamma": 62.437284436100306}}
{"target": 63.56330452404181, "params": {"C": 1456.3416781932444, "epsilon": 1.3431942410384377, "gamma": 51.23644109488022}}
{"target": 50.80823817707304, "params": {"C": 756.2626327014262, "epsilon": 12.089983759383866, "gamma": 0.5139335214858278}}
{"target": 63.29002177599739, "params": {"C": 749.9027299227571, "epsilon": 4.748956663366577, "gamma": 2.7802518419858164}}
{"target": 64.12309348109129, "params": {"C": 472.7304988217527, "epsilon": 12.33528361408175, "gamma": 68.76821237878782}}
{"target": 64.29216128802297, "params": {"C": 801.2326663681599, "epsilon": 15.870221754698257, "gamma": 52.66986173172136}}
{"target": 58.58760018208532, "params": {"C": 830.4578257114305, "epsilon": 13.222934895785752, "gamma": 1.0390726344150083}}
{"target": 63.562420231965135, "params": {"C": 1401.8710754146625, "epsilon": 0.6492338741023467, "gamma": 9.568627545885125}}
{"target": 63.53486199770972, "params": {"C": 916.9783439829391, "epsilon": 0.7587517031252009, "gamma": 51.275476213052436}}
{"target": 63.504355919159124, "params": {"C": 831.937756892145, "epsilon": 0.1406832406297216, "gamma": 85.05354958556913}}
{"target": 63.9670534471334, "params": {"C": 854.6235774143764, "epsilon": 8.43900236629206, "gamma": 7.413064635931456}}
{"target": 63.516021135814434, "params": {"C": 1575.115983958581, "epsilon": 0.3734317294817924, "gamma": 31.49150532539196}}
{"target": 63.97368590121889, "params": {"C": 1329.5258806289503, "epsilon": 9.332901656895924, "gamma": 54.13509505019787}}
{"target": 64.02655456999882, "params": {"C": 1560.7059513468707, "epsilon": 10.386782357556129, "gamma": 71.41318443159331}}
{"target": 52.30809185179966, "params": {"C": 1179.8614156527924, "epsilon": 4.7410714277092225, "gamma": 0.6443495137288769}}
{"target": 63.52874978888438, "params": {"C": 1213.5576517897675, "epsilon": 0.22193506592175716, "gamma": 11.723798990044388}}
{"target": 59.06581184026923, "params": {"C": 10.77144375090279, "epsilon": 7.560303445939309, "gamma": 58.87543085384903}}
{"target": 64.39052127910986, "params": {"C": 1518.1772537890588, "epsilon": 17.980197147196016, "gamma": 71.74458388078104}}
{"target": 59.118179433046535, "params": {"C": 25.454386816048668, "epsilon": 2.6958079813756726, "gamma": 43.80086707334631}}
{"target": 64.45557895907852, "params": {"C": 848.1822699445734, "epsilon": 19.324676959511795, "gamma": 61.56211736693544}}
{"target": 64.0492182441395, "params": {"C": 975.3773146137796, "epsilon": 10.841104846171588, "gamma": 60.043798665550106}}
{"target": 64.52212553835406, "params": {"C": 471.08978350551297, "epsilon": 20.686676695487293, "gamma": 52.468367762166324}}
{"target": 64.04666284297784, "params": {"C": 1721.6248404473615, "epsilon": 10.131926157002514, "gamma": 5.385605829553073}}
{"target": 64.26315467669701, "params": {"C": 1317.0981405911375, "epsilon": 15.247286902949337, "gamma": 67.40733293676837}}
{"target": 64.1511412435685, "params": {"C": 1052.7865521984334, "epsilon": 12.91621549858628, "gamma": 76.40295111767385}}
{"target": 63.665180168098274, "params": {"C": 1977.6797260718708, "epsilon": 3.389385134891633, "gamma": 57.815465042983895}}
{"target": 55.83098368741874, "params": {"C": 1081.907459424439, "epsilon": 19.69505776994003, "gamma": 0.7502508104760987}}
{"target": 49.20138722388218, "params": {"C": 1712.1831298073544, "epsilon": 9.427522343984933, "gamma": 0.2538717201470956}}
{"target": 60.61193927106164, "params": {"C": 1200.6567543288486, "epsilon": 24.746551406500547, "gamma": 1.1544410595836243}}
{"target": 64.34025427509735, "params": {"C": 1137.7172743959163, "epsilon": 16.90519709890861, "gamma": 118.87941428114841}}
{"target": 63.44961421290443, "params": {"C": 440.06408775409415, "epsilon": 2.7773533422374967, "gamma": 3.352740421568884}}
{"target": 63.6648651319156, "params": {"C": 1942.0688996850836, "epsilon": 2.7833786552306474, "gamma": 9.587754956575305}}
{"target": 64.15733503989013, "params": {"C": 1847.9970049197368, "epsilon": 13.041814698138136, "gamma": 60.64351998014265}}
{"target": 64.14671488502815, "params": {"C": 1370.8207727579575, "epsilon": 12.551367472893105, "gamma": 11.32842549612468}}
{"target": 64.12870062095854, "params": {"C": 1947.8400352204292, "epsilon": 12.444824730408918, "gamma": 27.177783391356552}}
{"target": 63.90588334577658, "params": {"C": 2160.621325542964, "epsilon": 8.008258971269186, "gamma": 54.529515315554335}}
{"target": 63.973056472803975, "params": {"C": 2369.5363387648385, "epsilon": 9.32062710048989, "gamma": 67.77281130926252}}
{"target": 63.53126231475035, "params": {"C": 2209.194054521663, "epsilon": 0.6853364803562947, "gamma": 118.33603848447089}}
{"target": 60.05399644293825, "params": {"C": 1672.8812539989606, "epsilon": 15.026796393597598, "gamma": 1.201183910879699}}
{"target": 64.2335631286268, "params": {"C": 2067.3762072008576, "epsilon": 14.63031411316646, "gamma": 65.93136991433308}}
{"target": 64.0578178653046, "params": {"C": 1874.141264659494, "epsilon": 10.202031101028552, "gamma": 6.633668601416908}}
{"target": 64.00603606695702, "params": {"C": 2010.932140571458, "epsilon": 9.25149843866509, "gamma": 7.707716009054924}}
{"target": 63.56393208527197, "params": {"C": 2293.7455752704254, "epsilon": 1.3560021528942396, "gamma": 53.71009042043249}}
{"target": 64.06106705002476, "params": {"C": 1636.185526574221, "epsilon": 10.894588002765705, "gamma": 13.051944944670494}}
{"target": 64.4548433393678, "params": {"C": 1172.9569757081933, "epsilon": 19.01874432145605, "gamma": 4.914656671953601}}
{"target": 64.56427790832382, "params": {"C": 1620.0127964897606, "epsilon": 21.501553625919733, "gamma": 57.15557289011023}}
{"target": 64.20571958500298, "params": {"C": 774.7188822245171, "epsilon": 14.048783861214368, "gamma": 56.95054129206954}}
{"target": 64.60763645893844, "params": {"C": 1329.0560111528887, "epsilon": 22.33600005430973, "gamma": 70.08327557038717}}
{"target": 62.410012910602426, "params": {"C": 726.1538412184251, "epsilon": 15.244154626127367, "gamma": 1.7302536324281048}}
{"target": 61.02599906696204, "params": {"C": 639.4018154617444, "epsilon": 11.770203389738455, "gamma": 1.414750864533553}}
{"target": 64.11341185219061, "params": {"C": 1430.4057523925503, "epsilon": 12.101443574146682, "gamma": 4.567235201944165}}
{"target": 63.59444606872743, "params": {"C": 870.8748435994564, "epsilon": 0.8783305737269291, "gamma": 6.2852112918266565}}
{"target": 63.557166256481345, "params": {"C": 207.48731064222125, "epsilon": 21.03293455926305, "gamma": 2.1073358759313963}}
{"target": 65.0366299397367, "params": {"C": 822.7261581044847, "epsilon": 30.043967401210786, "gamma": 59.5359608900774}}
{"target": 64.43388255065274, "params": {"C": 895.9543321921378, "epsilon": 19.10720635080794, "gamma": 4.387254648878386}}
{"target": 63.27069390158088, "params": {"C": 1802.0960578437703, "epsilon": 4.43682224950895, "gamma": 2.776080163717702}}
{"target": 63.65443136213001, "params": {"C": 2311.6690923347373, "epsilon": 2.234478709169684, "gamma": 7.400817660208985}}
{"target": 64.11476397345074, "params": {"C": 1915.881148315958, "epsilon": 12.162778641676322, "gamma": 150.27996803360114}}
{"target": 65.20669785269195, "params": {"C": 809.3367918225097, "epsilon": 32.948218089262426, "gamma": 112.31817070892934}}
{"target": 63.54166162764452, "params": {"C": 1263.0348668583642, "epsilon": 6.490735599004719, "gamma": 3.0773395752675077}}
{"target": 63.561908124894856, "params": {"C": 1606.0028650224417, "epsilon": 1.314579017821801, "gamma": 93.87424398852167}}
{"target": 63.517353180887675, "params": {"C": 1482.5601326866654, "epsilon": 0.40431259062515323, "gamma": 52.17018903101904}}
{"target": 63.850686461756084, "params": {"C": 2316.3867736513776, "epsilon": 15.044492335078928, "gamma": 2.7709385517478164}}
{"target": 63.52915253324231, "params": {"C": 1807.0376403583755, "epsilon": 0.6424094383836811, "gamma": 60.702340353254144}}
{"target": 62.78125679780593, "params": {"C": 1291.94485484215, "epsilon": 15.277358073263757, "gamma": 1.8779328575424026}}
{"target": 60.225039699139, "params": {"C": 958.559897263139, "epsilon": 11.725804828715473, "gamma": 1.2670050243865851}}
{"target": 64.60022520798144, "params": {"C": 1297.916511376815, "epsilon": 22.19351071869359, "gamma": 112.1348225199209}}
{"target": 64.70419133480783, "params": {"C": 960.0121046382428, "epsilon": 24.170163665541423, "gamma": 72.24608655412005}}
{"target": 64.87249498337509, "params": {"C": 1054.982735162049, "epsilon": 27.191006552152118, "gamma": 63.824130680001886}}
{"target": 65.17899795706586, "params": {"C": 781.5143922067913, "epsilon": 32.47135783413699, "gamma": 60.71725732866135}}
{"target": 58.31203962738007, "params": {"C": 742.2416735920633, "epsilon": 11.098202166028544, "gamma": 1.0306121239090325}}
{"target": 64.207712228122, "params": {"C": 1140.6959483152314, "epsilon": 14.09055781839383, "gamma": 57.969131151430645}}
{"target": 64.00613770926087, "params": {"C": 797.8445682706938, "epsilon": 20.418539694379174, "gamma": 2.573337368889477}}
{"target": 64.38600133721702, "params": {"C": 1625.7037992571304, "epsilon": 17.38016473351936, "gamma": 5.229234967118532}}
{"target": 59.511943316215856, "params": {"C": 26.99979800459039, "epsilon": 12.465665303608208, "gamma": 13.897913871440899}}
{"target": 64.72340372376514, "params": {"C": 1637.5897023525201, "epsilon": 24.526485652381446, "gamma": 43.728676752361345}}
{"target": 64.21695919791789, "params": {"C": 2400.8219071597123, "epsilon": 13.52201733867469, "gamma": 6.610339230025291}}
{"target": 61.594684059157814, "params": {"C": 904.8084069675965, "epsilon": 38.93669647154017, "gamma": 1.0613661769971803}}
{"target": 64.23197074556262, "params": {"C": 1448.9647896021575, "epsilon": 14.596914872337297, "gamma": 60.11674613558081}}
{"target": 63.971594878253654, "params": {"C": 959.5337352901801, "epsilon": 9.292096146946172, "gamma": 103.50755478280551}}
{"target": 57.928558127226026, "params": {"C": 40.59180909012241, "epsilon": 6.841718924779123, "gamma": 1.4946706764628421}}
{"target": 65.20744863629393, "params": {"C": 886.9451474035362, "epsilon": 32.96144150846314, "gamma": 74.94898692781993}}
{"target": 63.50817132729512, "params": {"C": 561.7870733115271, "epsilon": 0.21831584185262543, "gamma": 74.26664934420053}}
{"target": 64.61089984210028, "params": {"C": 1598.282970255575, "epsilon": 22.397390556027617, "gamma": 63.15033424917527}}
{"target": 47.911809425624675, "params": {"C": 741.1790173729094, "epsilon": 36.50932185718009, "gamma": 0.16993829901794838}}
{"target": 64.5584422242152, "params": {"C": 478.81351456033065, "epsilon": 21.391289668179603, "gamma": 57.79195184584966}}
{"target": 57.48890512148405, "params": {"C": 976.16916979144, "epsilon": 13.57218056444369, "gamma": 0.9293899285628286}}
{"target": 64.57707568411021, "params": {"C": 1668.6977586037706, "epsilon": 21.74451481465855, "gamma": 51.10257069917342}}
{"target": 61.82421406079144, "params": {"C": 871.9263412213975, "epsilon": 14.371335528786, "gamma": 1.5643744900311587}}
{"target": 64.75615712585714, "params": {"C": 183.7526931540586, "epsilon": 25.12777132427998, "gamma": 89.80104463142213}}
{"target": 56.94661495168627, "params": {"C": 2980.910163811921, "epsilon": 18.556697922550875, "gamma": 0.8410750574241325}}
{"target": 65.05765758323939, "params": {"C": 295.7893580973222, "epsilon": 30.403431875630137, "gamma": 69.04266460298295}}
{"target": 59.66840172452214, "params": {"C": 28.274796841655984, "epsilon": 19.278712086719633, "gamma": 34.86415139679112}}
{"target": 65.15864778889825, "params": {"C": 775.3106534778929, "epsilon": 32.12256516370172, "gamma": 46.8489883291695}}
{"target": 63.331453156372426, "params": {"C": 1559.1633283368544, "epsilon": 15.824326640937425, "gamma": 2.168162464962628}}
{"target": 59.90682656217373, "params": {"C": 71.96057017037856, "epsilon": 0.28284476604997977, "gamma": 3.604474727282052}}
{"target": 64.81889739452798, "params": {"C": 705.5689546003304, "epsilon": 30.40059784402342, "gamma": 3.041043620250078}}
{"target": 57.92627258404919, "params": {"C": 1452.3670450436462, "epsilon": 12.601623427360611, "gamma": 0.9783286465573765}}
{"target": 64.27757417900446, "params": {"C": 1146.5129807671235, "epsilon": 15.557596152810339, "gamma": 106.87464936533425}}
{"target": 47.241875649550266, "params": {"C": 1748.7020571449495, "epsilon": 27.977613953664964, "gamma": 0.06956712262624146}}
{"target": 49.36845874888466, "params": {"C": 334.73289203051604, "epsilon": 27.872416756456637, "gamma": 0.32497723796122974}}
{"target": 64.33351585402298, "params": {"C": 459.8661903601511, "epsilon": 16.761794861507582, "gamma": 60.19726818667744}}
{"target": 64.65550215507622, "params": {"C": 1092.6607099423738, "epsilon": 23.24447260239601, "gamma": 54.16588192089298}}
{"target": 64.4189500176906, "params": {"C": 2483.3764199108896, "epsilon": 18.56767484751969, "gamma": 79.68752339830452}}
{"target": 60.98100151993841, "params": {"C": 56.163361257443455, "epsilon": 25.2603322347431, "gamma": 13.215709722574854}}
{"target": 49.632726531473125, "params": {"C": 438.84387495877587, "epsilon": 25.527359973324423, "gamma": 0.36715390051639196}}
{"target": 58.175290253022425, "params": {"C": 1142.4592063314967, "epsilon": 33.80075630804754, "gamma": 0.7833312681311717}}
{"target": 64.90732188810901, "params": {"C": 274.0651947694304, "epsilon": 27.803258414508285, "gamma": 36.16793933595481}}
{"target": 64.57951271461461, "params": {"C": 376.7741427469541, "epsilon": 21.791252139169558, "gamma": 37.23462166100192}}
{"target": 64.94669970012387, "params": {"C": 244.33729581650002, "epsilon": 28.287232272702933, "gamma": 5.5702866374970395}}
{"target": 59.45906387576353, "params": {"C": 9.088239196387292, "epsilon": 27.741521313662087, "gamma": 43.196211790638706}}
{"target": 59.89932874802569, "params": {"C": 3.823388317682543, "epsilon": 24.18987762342775, "gamma": 68.01094927625488}}
{"target": 63.94869987509251, "params": {"C": 681.2003766916039, "epsilon": 22.239092668905045, "gamma": 2.377683167059404}}
{"target": 59.86051346898669, "params": {"C": 40.60484708558448, "epsilon": 17.404733663310964, "gamma": 5.500918498485909}}
{"target": 64.47725176030399, "params": {"C": 238.54119233882784, "epsilon": 19.217763570486902, "gamma": 7.096257737658704}}
{"target": 63.370009731550795, "params": {"C": 79.35275335539245, "epsilon": 33.49979130398464, "gamma": 2.8691292934825006}}
{"target": 65.54486855362666, "params": {"C": 800.2852474031354, "epsilon": 38.62737402173802, "gamma": 66.80265691798914}}
{"target": 64.22728846541035, "params": {"C": 464.21507346949363, "epsilon": 20.177246760684852, "gamma": 3.000761741222047}}
{"target": 65.32479260159182, "params": {"C": 547.4131931279709, "epsilon": 34.98309197481234, "gamma": 103.6832681783219}}
{"target": 65.47084261086158, "params": {"C": 650.9383620688255, "epsilon": 37.47071501927796, "gamma": 126.76765030994885}}
{"target": 64.33618208158445, "params": {"C": 441.52861735758245, "epsilon": 16.818509846305503, "gamma": 75.17707823064681}}
{"target": 59.58562630217648, "params": {"C": 2.82732161632714, "epsilon": 18.764641524568425, "gamma": 58.81842552508549}}
{"target": 59.505552600926194, "params": {"C": 13.922039002342899, "epsilon": 26.10952820751892, "gamma": 89.39089938544562}}
{"target": 60.61025340090416, "params": {"C": 58.200183778434734, "epsilon": 18.90407991281322, "gamma": 91.17947132277179}}
{"target": 63.397539536766445, "params": {"C": 673.0919908262697, "epsilon": 1.6721447879736546, "gamma": 3.360116929577458}}
{"target": 63.99250011448144, "params": {"C": 842.2469369351206, "epsilon": 9.70491351662548, "gamma": 57.9149645717133}}
{"target": 64.01089855790629, "params": {"C": 1049.7817659638854, "epsilon": 10.072627489287541, "gamma": 63.27634732108617}}
{"target": 65.62390037879524, "params": {"C": 547.2746443714632, "epsilon": 39.79902842790303, "gamma": 64.01744943686619}}
{"target": 63.963054991618186, "params": {"C": 673.0200550641378, "epsilon": 9.124791729115294, "gamma": 79.95201688047963}}
{"target": 65.23085674450985, "params": {"C": 872.3157984511267, "epsilon": 33.36829568789583, "gamma": 46.95327878724442}}
{"target": 55.419745286638445, "params": {"C": 1513.8990160353683, "epsilon": 4.447036301674855, "gamma": 0.8405981404681032}}
{"target": 64.54896070926222, "params": {"C": 677.2872920483804, "epsilon": 21.207390912405756, "gamma": 60.904120896130735}}
{"target": 64.03045986759479, "params": {"C": 1089.861823383722, "epsilon": 10.465027971789995, "gamma": 80.59896260750612}}
{"target": 65.67237619879214, "params": {"C": 325.585976334158, "epsilon": 40.3447726101754, "gamma": 6.359921236373219}}
{"target": 64.2919884137169, "params": {"C": 98.44732942000883, "epsilon": 31.744687538641344, "gamma": 63.45405403817417}}
{"target": 64.38937466258814, "params": {"C": 714.0152057506516, "epsilon": 17.95684503309205, "gamma": 46.03665221809014}}
{"target": 59.15814048048105, "params": {"C": 37.521847320618235, "epsilon": 1.5648526185171168, "gamma": 62.57152188271618}}
{"target": 59.10526222704031, "params": {"C": 7.164656767781594, "epsilon": 8.298731829375415, "gamma": 3.7345218077510527}}
{"target": 63.86235407307417, "params": {"C": 1030.4365142734005, "epsilon": 8.163133321554819, "gamma": 3.9917381841035704}}
{"target": 64.71875660379705, "params": {"C": 878.4777801023968, "epsilon": 24.440402182356998, "gamma": 52.82102024413398}}
{"target": 64.2495851935561, "params": {"C": 1062.10898582028, "epsilon": 14.96532546415061, "gamma": 46.51427476761062}}
{"target": 59.83454235155823, "params": {"C": 5.995298412027921, "epsilon": 23.512252434935153, "gamma": 12.141301884188728}}
