{"target": 40.24403272614977, "params": {"C": 961.8437429667692, "epsilon": 24.362267481752834, "gamma": 0.0010895719425115672}}
{"target": 46.507160134848924, "params": {"C": 1022.3409656942576, "epsilon": 25.01823188519852, "gamma": 0.10356745345892}}
{"target": 43.73269053158851, "params": {"C": 885.0295316021075, "epsilon": 25.874339375561835, "gamma": 0.054346829464258874}}
{"target": 51.95435460518022, "params": {"C": 1314.3109476156478, "epsilon": 24.769557950581166, "gamma": 0.48803251009557813}}
{"target": 43.43734742273804, "params": {"C": 762.3465192979821, "epsilon": 27.26331646735164, "gamma": 0.05419350040496652}}
{"target": 49.369202535549476, "params": {"C": 1260.4331295394093, "epsilon": 21.68417756427405, "gamma": 0.389160511563025}}
{"target": 43.62380319283005, "params": {"C": 883.9559882664048, "epsilon": 24.849899475635077, "gamma": 0.05424149069346086}}
{"target": 49.23706982011094, "params": {"C": 1293.6667157244083, "epsilon": 20.99586040112934, "gamma": 0.3874721771377077}}
{"target": 40.40917142891601, "params": {"C": 771.6377938242673, "epsilon": 26.403562665326405, "gamma": 0.001036431219706306}}
{"target": 45.04759190182726, "params": {"C": 700.6153768152824, "epsilon": 26.447214659846203, "gamma": 0.08526187335424111}}
{"target": 42.09387689857145, "params": {"C": 815.3215718020937, "epsilon": 24.652791727224198, "gamma": 0.044088900221969075}}
{"target": 44.533593161628424, "params": {"C": 1098.0021349977676, "epsilon": 23.85294172985089, "gamma": 0.05753250231016524}}
{"target": 39.706417453829246, "params": {"C": 992.902260362167, "epsilon": 28.203035934043445, "gamma": 0.001874973203993179}}
{"target": 39.16250233795883, "params": {"C": 703.5689862637132, "epsilon": 23.638960026690167, "gamma": 0.006336690378527356}}
{"target": 43.53980585907385, "params": {"C": 935.5839585743087, "epsilon": 29.734444422964106, "gamma": 0.04836477988259737}}
{"target": 44.57093456841081, "params": {"C": 700.9278502821497, "epsilon": 24.633055982458437, "gamma": 0.07614643097448719}}
{"target": 44.15381928539499, "params": {"C": 1034.8401069143806, "epsilon": 24.896867791246333, "gamma": 0.054895042755769355}}
{"target": 42.45600272903456, "params": {"C": 901.005516066948, "epsilon": 23.373539436856674, "gamma": 0.04575490803502075}}
{"target": 39.66766159324267, "params": {"C": 832.5512958705295, "epsilon": 21.19596226365298, "gamma": 0.0024250088377609502}}
{"target": 40.26469937156431, "params": {"C": 707.8568909765111, "epsilon": 27.655460356196347, "gamma": 0.001740346418420977}}
{"target": 43.595047765638284, "params": {"C": 918.9460848859808, "epsilon": 22.685006202539455, "gamma": 0.05441067094150963}}
{"target": 40.64589548375326, "params": {"C": 1043.8920434694417, "epsilon": 19.38181701147535, "gamma": 0.0008195877449152858}}
{"target": 39.420843868311934, "params": {"C": 803.8131992377494, "epsilon": 25.82995885631772, "gamma": 0.003392627385778541}}
{"target": 40.41434553088452, "params": {"C": 776.0350391487895, "epsilon": 22.46755408012971, "gamma": 0.0012090450993192167}}
{"target": 39.37644595493016, "params": {"C": 1370.186344063001, "epsilon": 21.7000373340499, "gamma": 0.005615333142410667}}
{"target": 39.78164430703361, "params": {"C": 711.6281783221626, "epsilon": 24.647098715449925, "gamma": 0.0020415996962694083}}
{"target": 39.64702608029254, "params": {"C": 971.1099230374988, "epsilon": 27.49814079858256, "gamma": 0.002258908586887206}}
{"target": 43.89101230353771, "params": {"C": 809.9555278991862, "epsilon": 25.86719425178775, "gamma": 0.05818943490172568}}
{"target": 41.779620356449826, "params": {"C": 781.8044010260389, "epsilon": 24.881555619253884, "gamma": 0.04247182309777142}}
{"target": 42.59226746576675, "params": {"C": 790.6208249297302, "epsilon": 26.63365792231129, "gamma": 0.04674668683430986}}
{"target": 43.84957095922556, "params": {"C": 789.9028402272295, "epsilon": 26.130222662539122, "gamma": 0.05829213226376834}}
{"target": 39.48098636170419, "params": {"C": 931.8531458314858, "epsilon": 24.341383919527058, "gamma": 0.0024067793179305664}}
{"target": 39.73355187355723, "params": {"C": 831.2749768175627, "epsilon": 23.605325887711434, "gamma": 0.0019148341285601476}}
{"target": 39.15137837937299, "params": {"C": 701.6029818136171, "epsilon": 25.644909352880536, "gamma": 0.00547368885298645}}
{"target": 47.591461267691045, "params": {"C": 827.0207173684996, "epsilon": 15.703871322783575, "gamma": 0.25572485855779126}}
{"target": 46.981611833911934, "params": {"C": 944.9762996336998, "epsilon": 24.27973584882055, "gamma": 0.12121646292986575}}
{"target": 39.19863444642422, "params": {"C": 772.322013765033, "epsilon": 29.721814898288223, "gamma": 0.004678671279533484}}
{"target": 39.35880376082427, "params": {"C": 864.4143597549296, "epsilon": 29.973650403912288, "gamma": 0.00367266129992061}}
{"target": 46.297622528302036, "params": {"C": 903.417937503875, "epsilon": 25.025157518705974, "gamma": 0.11140361279197597}}
{"target": 45.55127856066092, "params": {"C": 887.4203668311466, "epsilon": 27.928839829349638, "gamma": 0.0865152394955547}}
{"target": 40.379112644624726, "params": {"C": 940.7484127284571, "epsilon": 23.98269301094413, "gamma": 0.0010029898020875103}}
{"target": 44.29374292437897, "params": {"C": 966.5990318861125, "epsilon": 26.695243574952368, "gamma": 0.056339498261228915}}
{"target": 39.317595633232784, "params": {"C": 874.3524882305805, "epsilon": 17.185738149654632, "gamma": 0.006882595592302653}}
{"target": 50.847319416749976, "params": {"C": 1044.7043406878774, "epsilon": 26.768967922198552, "gamma": 0.4191630497815319}}
{"target": 44.234232375243295, "params": {"C": 711.4208337455515, "epsilon": 29.83087615201391, "gamma": 0.06577794472616906}}
{"target": 43.417646082732574, "params": {"C": 1061.573231299933, "epsilon": 26.297161019609558, "gamma": 0.04617698075738175}}
{"target": 44.24389422378689, "params": {"C": 770.8881184192506, "epsilon": 28.00411505754677, "gamma": 0.06318592450287913}}
{"target": 44.9485847455558, "params": {"C": 700.1994928380919, "epsilon": 21.27669848662284, "gamma": 0.0938937123855859}}
{"target": 41.188707412742886, "params": {"C": 706.2131637012099, "epsilon": 20.26325889356039, "gamma": 0.000439852980581152}}
{"target": 39.62837843385159, "params": {"C": 957.76286070486, "epsilon": 25.372983702028765, "gamma": 0.0022565853593376345}}
{"target": 40.15681743331095, "params": {"C": 930.7835387826648, "epsilon": 25.38765027762841, "gamma": 0.001114432866302098}}
{"target": 45.76600910341534, "params": {"C": 773.0452721700337, "epsilon": 21.466851298701286, "gamma": 0.11977123134716951}}
{"target": 39.75318907235238, "params": {"C": 899.5755969349136, "epsilon": 21.923257135322114, "gamma": 0.00170323671951789}}
{"target": 39.170513391484604, "params": {"C": 788.7293669712457, "epsilon": 29.711968008089762, "gamma": 0.004974531031287567}}
{"target": 52.37066915807894, "params": {"C": 782.352859792973, "epsilon": 29.71066900736865, "gamma": 0.4725802709479976}}
{"target": 39.27240143215442, "params": {"C": 1102.8929180287114, "epsilon": 22.916552309469807, "gamma": 0.0038046432248817798}}
{"target": 47.41026158412652, "params": {"C": 954.9057386787156, "epsilon": 28.634178070681678, "gamma": 0.12105488966591463}}
{"target": 39.40108931803755, "params": {"C": 1080.7098725491483, "epsilon": 25.72519406345168, "gamma": 0.0025155092853676696}}
{"target": 43.442981303850125, "params": {"C": 906.1332497741282, "epsilon": 27.67749034562981, "gamma": 0.04958652639191702}}
{"target": 40.126105641005715, "params": {"C": 759.3114861001106, "epsilon": 25.386606071400323, "gamma": 0.0013248977272017895}}
{"target": 41.35987102045858, "params": {"C": 799.3082276382706, "epsilon": 27.08233160466547, "gamma": 0.0004960007789287617}}
{"target": 45.73325005227601, "params": {"C": 903.1107008119112, "epsilon": 21.065395920793197, "gamma": 0.09978734269480215}}
{"target": 48.40395186254827, "params": {"C": 1296.0561023990763, "epsilon": 8.654010881388562, "gamma": 0.3170743087175377}}
{"target": 40.65366829118271, "params": {"C": 707.9133296256831, "epsilon": 27.75957511055003, "gamma": 0.0010202505872054955}}
{"target": 41.89569307620866, "params": {"C": 1014.486314103381, "epsilon": 21.351058275077413, "gamma": 0.04029763871399174}}
{"target": 45.6785993803356, "params": {"C": 783.4015472503811, "epsilon": 23.291859565252615, "gamma": 0.11096292816107706}}
{"target": 40.29259184904042, "params": {"C": 857.6375643292603, "epsilon": 26.348310683471496, "gamma": 0.0011093650536522248}}
{"target": 43.159061875399914, "params": {"C": 786.6997900088877, "epsilon": 27.1099607136453, "gamma": 0.05112549702479243}}
{"target": 50.449124206562445, "params": {"C": 1172.428698100663, "epsilon": 26.345511203740397, "gamma": 0.4047185847541773}}
{"target": 40.44050885411476, "params": {"C": 834.4406239292888, "epsilon": 24.56320053400901, "gamma": 0.0009455631989493708}}
{"target": 44.1216629866255, "params": {"C": 809.3455382020443, "epsilon": 27.66915142999559, "gamma": 0.05946855385733127}}
{"target": 45.39745851821676, "params": {"C": 802.08687376891, "epsilon": 27.694768269256762, "gamma": 0.09038903824990838}}
{"target": 44.581886778491445, "params": {"C": 700.4770547890105, "epsilon": 24.776962949937243, "gamma": 0.07622364171388527}}
{"target": 40.065883395442896, "params": {"C": 930.096907131781, "epsilon": 28.472816348697457, "gamma": 0.0016562550094442446}}
{"target": 40.03348465201438, "params": {"C": 1058.4994299969565, "epsilon": 29.733629561781385, "gamma": 0.0016285619871018366}}
{"target": 48.27116874164452, "params": {"C": 709.7984367298855, "epsilon": 17.05571046826737, "gamma": 0.3292721706724073}}
{"target": 44.560811581794255, "params": {"C": 970.3550228496483, "epsilon": 27.309861253885366, "gamma": 0.05878699940986141}}
{"target": 42.76105327801762, "params": {"C": 784.558508266679, "epsilon": 23.762090028069867, "gamma": 0.051270454068084496}}
{"target": 43.80980646990933, "params": {"C": 806.9461573858879, "epsilon": 22.77144551494438, "gamma": 0.06064195721147877}}
{"target": 44.13288568849581, "params": {"C": 1024.7091591585042, "epsilon": 24.028425382477085, "gamma": 0.05607067304090511}}
{"target": 44.92875476788986, "params": {"C": 701.1400812735619, "epsilon": 27.423840397343753, "gamma": 0.08189786365999431}}
{"target": 45.09201093117884, "params": {"C": 790.9141299417324, "epsilon": 23.81780888479204, "gamma": 0.08214775643017477}}
{"target": 43.66021295843682, "params": {"C": 923.5752131688369, "epsilon": 24.031193051735382, "gamma": 0.054060417207914026}}
{"target": 43.12785683956851, "params": {"C": 1016.0601768224353, "epsilon": 23.35552839353257, "gamma": 0.04780398304006276}}
{"target": 44.19136415600983, "params": {"C": 932.6209838497583, "epsilon": 25.9707355097501, "gamma": 0.05701613640945152}}
{"target": 42.56639525583578, "params": {"C": 949.5098569418614, "epsilon": 22.476542827809602, "gamma": 0.04602588079555494}}
{"target": 45.373850294812556, "params": {"C": 871.0761312363617, "epsilon": 26.634748378018543, "gamma": 0.07790070038825116}}
{"target": 46.8649987757169, "params": {"C": 854.618004810702, "epsilon": 27.899775236819234, "gamma": 0.12138819307385763}}
{"target": 39.673123932437775, "params": {"C": 868.3301421692665, "epsilon": 27.14853852379561, "gamma": 0.002434506915611629}}
{"target": 40.43930057873969, "params": {"C": 998.334938584452, "epsilon": 24.768284420289252, "gamma": 0.0007754445405379062}}
{"target": 43.38133460420683, "params": {"C": 858.7750150189851, "epsilon": 28.13676744301543, "gamma": 0.04998226813100549}}
{"target": 44.65683371088956, "params": {"C": 761.414038594264, "epsilon": 23.388047919980604, "gamma": 0.0001384851323040226}}
{"target": 47.11022687508427, "params": {"C": 787.8297157449479, "epsilon": 28.50244805242723, "gamma": 0.129684683537961}}
{"target": 42.52170979771232, "params": {"C": 702.5943749977388, "epsilon": 25.735083850181145, "gamma": 0.05000655089272084}}
{"target": 42.555377897987746, "params": {"C": 984.0361737466396, "epsilon": 26.86039294195889, "gamma": 0.00019498967493048087}}
{"target": 44.21377633933334, "params": {"C": 876.1045668999043, "epsilon": 29.978691743509675, "gamma": 0.05737040077934506}}
{"target": 41.22252005913141, "params": {"C": 701.5342433840555, "epsilon": 22.478769679469885, "gamma": 0.042087275924102184}}
{"target": 40.479917788844304, "params": {"C": 790.3404702634584, "epsilon": 27.456291955234647, "gamma": 0.0010703016265206124}}
{"target": 43.7117620817326, "params": {"C": 779.7844453214469, "epsilon": 19.642145997280274, "gamma": 0.06585352583915621}}
{"target": 43.234376473905826, "params": {"C": 803.4312248090107, "epsilon": 29.975914895921875, "gamma": 0.0491446709582588}}
{"target": 43.26984447378455, "params": {"C": 899.6624830185722, "epsilon": 25.98528335541076, "gamma": 0.04958190447941347}}
{"target": 45.456287691548496, "params": {"C": 1102.087035321839, "epsilon": 28.16786943080386, "gamma": 0.06463666341502979}}
{"target": 46.64995442996336, "params": {"C": 923.9514944490682, "epsilon": 23.413282187375813, "gamma": 0.11898353730118429}}
{"target": 42.332157332224796, "params": {"C": 781.1586067628365, "epsilon": 26.45206892129803, "gamma": 0.00026021713010488355}}
{"target": 39.78440485690736, "params": {"C": 709.5907668036831, "epsilon": 24.878069137580813, "gamma": 0.002067887750508835}}
{"target": 46.301261471473474, "params": {"C": 1088.9049054671318, "epsilon": 26.58316862706126, "gamma": 0.0870815893213592}}
{"target": 42.82377301545195, "params": {"C": 788.8326005704062, "epsilon": 23.655285995245457, "gamma": 0.0517151064307489}}
{"target": 41.658256487712286, "params": {"C": 785.0927667005222, "epsilon": 26.519782400356878, "gamma": 0.04061596667032972}}
{"target": 40.95487898085173, "params": {"C": 706.2770615812896, "epsilon": 29.99208808586556, "gamma": 0.034966861421034376}}
{"target": 44.52871818660643, "params": {"C": 785.1507019143926, "epsilon": 27.769658475313516, "gamma": 0.0669539798757049}}
{"target": 43.7619453201261, "params": {"C": 976.110402271815, "epsilon": 21.66010377316772, "gamma": 0.05597500798745694}}
{"target": 43.83760286116802, "params": {"C": 709.4690954785821, "epsilon": 27.329212506302934, "gamma": 0.060382699624688445}}
{"target": 44.05774673634225, "params": {"C": 1030.9827200705852, "epsilon": 26.94226740714152, "gamma": 0.05241832619766347}}
{"target": 43.915369916533606, "params": {"C": 703.337002762745, "epsilon": 26.404962955169538, "gamma": 0.06239958482531917}}
{"target": 45.64908902721382, "params": {"C": 899.8807706393732, "epsilon": 24.801120127040086, "gamma": 0.08575132660456848}}
{"target": 43.641775297720685, "params": {"C": 887.3254207830205, "epsilon": 23.423115480763805, "gamma": 0.0552742967404254}}
{"target": 39.19072493837036, "params": {"C": 704.3922482132854, "epsilon": 26.668087169597054, "gamma": 0.004816797010467061}}
{"target": 44.146478295677355, "params": {"C": 761.8058452857156, "epsilon": 29.933370035599935, "gamma": 0.0614779744690763}}
{"target": 41.14667533153769, "params": {"C": 838.2071029810397, "epsilon": 22.881133227308503, "gamma": 0.0374228113112157}}
{"target": 41.3705897153369, "params": {"C": 826.5636000903631, "epsilon": 21.590384226263595, "gamma": 0.04072490408740341}}
{"target": 42.30925928402426, "params": {"C": 877.5923603665495, "epsilon": 25.712700016563158, "gamma": 0.0430553743214854}}
{"target": 42.046022399975264, "params": {"C": 844.7449982639097, "epsilon": 21.874331156234174, "gamma": 0.04480426640401233}}
{"target": 46.039979024184234, "params": {"C": 777.4511836542215, "epsilon": 24.749433867569962, "gamma": 0.11983057878360891}}
{"target": 43.59029542933304, "params": {"C": 861.8463002251145, "epsilon": 25.16163786735316, "gamma": 0.05440502260592235}}
{"target": 39.32642172791119, "params": {"C": 794.8005664048995, "epsilon": 29.926777630245105, "gamma": 0.011030764348439854}}
{"target": 39.38962710333631, "params": {"C": 880.1404791131632, "epsilon": 25.441207429325058, "gamma": 0.0029467391598406566}}
{"target": 39.46337348566258, "params": {"C": 823.9113776663514, "epsilon": 26.5234308126107, "gamma": 0.002948212619545791}}
{"target": 44.38610688468542, "params": {"C": 873.8475336689327, "epsilon": 27.0635744884943, "gamma": 0.06026081743408135}}
{"target": 40.33596386988937, "params": {"C": 1082.9845677984356, "epsilon": 20.820783789789925, "gamma": 0.0009752141348484088}}
{"target": 39.37171774124148, "params": {"C": 794.3002085611828, "epsilon": 21.571435113877154, "gamma": 0.00396939608470021}}
{"target": 40.542789075076925, "params": {"C": 942.1345813495216, "epsilon": 26.170248871669955, "gamma": 0.0006798214514262104}}
{"target": 40.041937178762375, "params": {"C": 935.9060664899062, "epsilon": 27.427727116656275, "gamma": 0.0015239482875496566}}
{"target": 46.77841549660499, "params": {"C": 987.0826244904686, "epsilon": 22.127836482831395, "gamma": 0.1185577521164961}}
{"target": 41.64287339691399, "params": {"C": 867.3825980622333, "epsilon": 24.99552329897044, "gamma": 0.00032260578868724063}}
{"target": 39.987162848779455, "params": {"C": 972.8452517920322, "epsilon": 25.386866661210636, "gamma": 0.0014292599437915696}}
{"target": 46.87617748862773, "params": {"C": 1010.3958797670565, "epsilon": 24.151678233841004, "gamma": 0.11400188280374483}}
{"target": 45.968356346645216, "params": {"C": 983.875625056349, "epsilon": 25.17687453530669, "gamma": 0.09036352458107834}}
{"target": 46.52148235397645, "params": {"C": 701.5320925661707, "epsilon": 24.153124001239924, "gamma": 0.13766236849572472}}
{"target": 46.60979094798161, "params": {"C": 939.5149050610847, "epsilon": 28.003491023618224, "gamma": 0.1105615322922377}}
{"target": 45.6161846847309, "params": {"C": 813.1346443461074, "epsilon": 25.35708051129844, "gamma": 0.09985930913910536}}
{"target": 43.170197004264985, "params": {"C": 787.7659944395488, "epsilon": 26.71405677235502, "gamma": 0.05150648005227458}}
{"target": 43.621255495230606, "params": {"C": 788.646040948455, "epsilon": 27.641928721924806, "gamma": 0.05496863690040847}}
{"target": 39.248300111151636, "params": {"C": 898.3081525438658, "epsilon": 22.52198244236636, "gamma": 0.007521807456593733}}
{"target": 43.455133382789896, "params": {"C": 813.0838646856141, "epsilon": 24.34975876680349, "gamma": 0.05529046948596191}}
{"target": 48.11965472873942, "params": {"C": 1189.036899360474, "epsilon": 17.975478627520904, "gamma": 0.2070849667290111}}
{"target": 44.48676907917345, "params": {"C": 921.759163360063, "epsilon": 28.393909301136215, "gamma": 0.06006389119980422}}
{"target": 39.22937476597294, "params": {"C": 975.3100204482, "epsilon": 22.206964935484855, "gamma": 0.004460175562996743}}
{"target": 39.43935459841294, "params": {"C": 788.9295392060546, "epsilon": 28.115540558267924, "gamma": 0.003090239714505703}}
{"target": 42.950574073714954, "params": {"C": 908.2679610251785, "epsilon": 21.783908423175525, "gamma": 0.050084447037103505}}
{"target": 39.37787387855399, "params": {"C": 867.5647359516115, "epsilon": 29.395718524113146, "gamma": 0.0035920084001556593}}
{"target": 39.54720486397413, "params": {"C": 945.75361536707, "epsilon": 20.844217697414333, "gamma": 0.0026917005761937854}}
{"target": 39.34604456783251, "params": {"C": 1044.0111492405624, "epsilon": 26.879705212445018, "gamma": 0.002957717790677236}}
{"target": 44.658739831254465, "params": {"C": 1074.907137635847, "epsilon": 22.39512079161521, "gamma": 0.061852939547407476}}
{"target": 43.74895732618843, "params": {"C": 700.946555750579, "epsilon": 28.77010897707869, "gamma": 0.059117500314220056}}
{"target": 44.70953426161658, "params": {"C": 1062.9720697615746, "epsilon": 23.201086594373297, "gamma": 0.0613256420343538}}
{"target": 45.88282145324812, "params": {"C": 856.0038917871802, "epsilon": 23.025501388553558, "gamma": 0.10760023440297001}}
{"target": 42.921119950068956, "params": {"C": 781.5617017649374, "epsilon": 24.260542788658675, "gamma": 0.0521989986505183}}
{"target": 39.82108292356539, "params": {"C": 915.9112785902178, "epsilon": 27.246683287610466, "gamma": 0.0018882220153872403}}
{"target": 39.13089100422523, "params": {"C": 781.368224959513, "epsilon": 24.499900043151683, "gamma": 0.004934262193264816}}
{"target": 39.23748607475737, "params": {"C": 809.2153739164369, "epsilon": 22.55227286214606, "gamma": 0.00468617246769628}}
{"target": 50.917815090713454, "params": {"C": 1275.846126842213, "epsilon": 28.68260175050104, "gamma": 0.40918002144839044}}
{"target": 45.41981614565471, "params": {"C": 754.043090727828, "epsilon": 27.169108817889928, "gamma": 0.00013516168901672038}}
{"target": 40.242710525155985, "params": {"C": 868.2315114695647, "epsilon": 25.620295117866743, "gamma": 0.0010774391593943288}}
{"target": 44.698821253829564, "params": {"C": 702.4512523900135, "epsilon": 29.90245804992443, "gamma": 0.07788038930921072}}
{"target": 43.93436658324572, "params": {"C": 1086.2640552071448, "epsilon": 25.46525503918359, "gamma": 0.050962129293662624}}
{"target": 40.68944581152455, "params": {"C": 713.6124754814302, "epsilon": 27.10973082095371, "gamma": 0.0009071620510105044}}
{"target": 49.478574686499215, "params": {"C": 714.6387991471462, "epsilon": 29.864761991230814, "gamma": 0.33997243740282124}}
{"target": 39.78145133765797, "params": {"C": 813.023684886479, "epsilon": 29.871779517760714, "gamma": 0.0024223977078890076}}
{"target": 40.763671495835645, "params": {"C": 1101.8260143691607, "epsilon": 23.027371297361398, "gamma": 0.0006059486357265394}}
{"target": 39.236763901554454, "params": {"C": 984.5662561960838, "epsilon": 29.79302101509736, "gamma": 0.004072911343771001}}
{"target": 42.69783259681135, "params": {"C": 884.4959439795912, "epsilon": 25.595890975845926, "gamma": 0.04570301087271732}}
{"target": 41.47456988273711, "params": {"C": 1103.597459501525, "epsilon": 24.71570128046899, "gamma": 0.00028707687932381237}}
