{"target": 47.77006192251353, "params": {"C": 1221.973858163364, "epsilon": 28.446237703866373, "gamma": 0.25760024260432474}}
{"target": 40.01354999279939, "params": {"C": 1145.2866757945767, "epsilon": 26.426819610468648, "gamma": 0.0014584852828977849}}
{"target": 39.30904204938575, "params": {"C": 1118.0305125940295, "epsilon": 25.07162668523371, "gamma": 0.0035269994973036803}}
{"target": 42.58721418691637, "params": {"C": 1116.943025829134, "epsilon": 22.941418821234976, "gamma": 0.0001641237089230075}}
{"target": 47.840327661195566, "params": {"C": 994.0527637054446, "epsilon": 24.657796563084485, "gamma": 0.13336158910459486}}
{"target": 47.122907057956255, "params": {"C": 853.7590961378173, "epsilon": 23.94005192957015, "gamma": 0.13327133154409376}}
{"target": 39.424739281553165, "params": {"C": 901.8965475440291, "epsilon": 24.089494410483987, "gamma": 0.003594278096822376}}
{"target": 45.69865240334591, "params": {"C": 840.0991542269161, "epsilon": 23.17066931739978, "gamma": 0.10315405127338857}}
{"target": 44.95840511307186, "params": {"C": 868.7857403220041, "epsilon": 23.432852947717723, "gamma": 0.07462938141905916}}
{"target": 44.20090061308976, "params": {"C": 942.7867494199066, "epsilon": 26.509670358931775, "gamma": 0.05637550961838832}}
{"target": 41.03414475011694, "params": {"C": 891.7046191309583, "epsilon": 24.6703968874242, "gamma": 0.034129295804341084}}
{"target": 39.19045584791557, "params": {"C": 1017.5513462559105, "epsilon": 26.1486410256099, "gamma": 0.004188819066629835}}
{"target": 44.950200504624114, "params": {"C": 898.7295295428753, "epsilon": 24.535340159531984, "gamma": 0.06999075859831914}}
{"target": 40.185499472679766, "params": {"C": 968.1819721042679, "epsilon": 25.170760463905133, "gamma": 0.0010559425839159354}}
{"target": 44.036363825848774, "params": {"C": 976.1741084757476, "epsilon": 26.324529674766758, "gamma": 0.05411319211606998}}
{"target": 39.434307716060616, "params": {"C": 917.5203262625527, "epsilon": 22.50475812314425, "gamma": 0.003493233242680317}}
{"target": 44.45522184143974, "params": {"C": 1005.4322520862966, "epsilon": 25.019190504343566, "gamma": 0.05816189880626831}}
{"target": 42.22347353633929, "params": {"C": 931.1914734849056, "epsilon": 19.99538259102684, "gamma": 0.045373052311230525}}
{"target": 39.01560592233891, "params": {"C": 821.6122856710565, "epsilon": 24.656733171192464, "gamma": 0.01267247057221942}}
{"target": 40.209467528264824, "params": {"C": 1081.093736040477, "epsilon": 26.262692100789966, "gamma": 0.0010378435119501343}}
{"target": 39.24956675913504, "params": {"C": 932.0124482438733, "epsilon": 27.56294617066962, "gamma": 0.003816016318547157}}
{"target": 42.20143188075932, "params": {"C": 774.7449186135783, "epsilon": 23.0252906138597, "gamma": 0.047482678999744274}}
{"target": 43.869677094382915, "params": {"C": 1091.7543410568596, "epsilon": 21.993206073733347, "gamma": 0.05370220402334015}}
{"target": 43.75356831405581, "params": {"C": 826.4800961710712, "epsilon": 22.817051419359565, "gamma": 0.05900720896710597}}
{"target": 40.285415086614286, "params": {"C": 828.2884741895032, "epsilon": 21.988919740012534, "gamma": 0.030633183587344272}}
{"target": 39.22300335499888, "params": {"C": 780.2418306223003, "epsilon": 22.181679345996393, "gamma": 0.0054067266823732245}}
{"target": 41.986628441106916, "params": {"C": 812.2210595386327, "epsilon": 22.681386001032788, "gamma": 0.0448423946560733}}
{"target": 42.545667317440845, "params": {"C": 711.4369366322738, "epsilon": 21.245211260513887, "gamma": 0.0535093524527102}}
{"target": 41.29963038209611, "params": {"C": 860.6824117029295, "epsilon": 21.925178893347365, "gamma": 0.03891269094363159}}
{"target": 39.424018033319335, "params": {"C": 778.3980579265677, "epsilon": 22.526022920227557, "gamma": 0.0034091764902924194}}
{"target": 40.20844812893723, "params": {"C": 957.0705987758165, "epsilon": 23.10601716101961, "gamma": 0.0012066218853303574}}
{"target": 47.560988534156316, "params": {"C": 703.1530734618019, "epsilon": 13.4910518609065, "gamma": 0.26549961380258263}}
{"target": 44.96119027547898, "params": {"C": 824.0141191426478, "epsilon": 23.66223857940024, "gamma": 0.07734599512489236}}
{"target": 44.58296220331063, "params": {"C": 783.7210710964093, "epsilon": 25.39163318972152, "gamma": 0.0695994301716088}}
{"target": 45.54709011220276, "params": {"C": 939.664879213715, "epsilon": 22.426355604931285, "gamma": 0.08306296455898424}}
{"target": 44.89225786367499, "params": {"C": 766.9331690446604, "epsilon": 24.98502319500206, "gamma": 0.07710411847044087}}
{"target": 39.1297839436663, "params": {"C": 801.3824986323947, "epsilon": 25.590800752142158, "gamma": 0.008630260702483482}}
{"target": 39.49241726970032, "params": {"C": 844.7011026099931, "epsilon": 23.58370074091343, "gamma": 0.0030315217138555724}}
{"target": 39.16859353433313, "params": {"C": 828.4249947600464, "epsilon": 24.75366297988947, "gamma": 0.010424522780394288}}
{"target": 39.31807808961382, "params": {"C": 985.1879612828875, "epsilon": 22.831064088937225, "gamma": 0.0037892395004049725}}
{"target": 40.26504947584269, "params": {"C": 961.7302914561474, "epsilon": 20.416966986358403, "gamma": 0.001280791890833492}}
{"target": 39.38523908320731, "params": {"C": 752.9024419744321, "epsilon": 25.194377014430863, "gamma": 0.0032102607982750246}}
{"target": 46.26920796570767, "params": {"C": 1019.7685796829372, "epsilon": 20.89228557052452, "gamma": 0.10357116719941162}}
{"target": 43.39698248899309, "params": {"C": 871.1532238516024, "epsilon": 24.93487366859152, "gamma": 0.05262571733872408}}
{"target": 44.340679719626706, "params": {"C": 1027.949697569248, "epsilon": 21.45106840449997, "gamma": 0.06139840354840752}}
{"target": 47.54097422774087, "params": {"C": 1097.6714745003417, "epsilon": 26.55601228736559, "gamma": 0.21972655515848977}}
{"target": 43.29722158312937, "params": {"C": 700.9868626877247, "epsilon": 24.779528607425284, "gamma": 0.05736589742741572}}
{"target": 45.50741693214799, "params": {"C": 988.9163108539904, "epsilon": 25.461132629997497, "gamma": 0.0723548390989345}}
{"target": 44.68191507586055, "params": {"C": 920.5490043719957, "epsilon": 24.735301230430025, "gamma": 0.06455065597698224}}
{"target": 44.28558581190097, "params": {"C": 956.6632211745401, "epsilon": 24.72866794454348, "gamma": 0.05849774724620088}}
{"target": 45.86134831599479, "params": {"C": 997.6116706795859, "epsilon": 23.952186672105107, "gamma": 0.08532075569510697}}
{"target": 47.01528133248348, "params": {"C": 795.3041708862208, "epsilon": 27.18260308965976, "gamma": 0.13053584443722574}}
{"target": 39.06782008003246, "params": {"C": 911.0418321243199, "epsilon": 24.02495216545765, "gamma": 0.012985110171813613}}
{"target": 39.459505740130126, "params": {"C": 969.8875978586393, "epsilon": 26.834995374416007, "gamma": 0.0025623000963306587}}
{"target": 39.18445418302956, "params": {"C": 836.5769002264965, "epsilon": 23.71323956432107, "gamma": 0.005796655320717201}}
{"target": 39.49420564666856, "params": {"C": 1066.1803023242778, "epsilon": 23.664797484122403, "gamma": 0.0024853255911507577}}
{"target": 41.12758182739737, "params": {"C": 1095.423015618251, "epsilon": 24.783924734557917, "gamma": 0.00042127601376999464}}
{"target": 39.06271917610614, "params": {"C": 700.7350589194656, "epsilon": 24.130798943085345, "gamma": 0.01430852297654463}}
{"target": 40.29395596718204, "params": {"C": 1220.1901560362876, "epsilon": 29.974021947601614, "gamma": 0.020378883548090226}}
{"target": 47.696827973652304, "params": {"C": 1242.7368164706456, "epsilon": 28.73219696319403, "gamma": 0.10652312541423997}}
{"target": 39.11432864480497, "params": {"C": 922.0669029679173, "epsilon": 26.053180987604907, "gamma": 0.00859405735005224}}
{"target": 45.137706867470385, "params": {"C": 1055.7609321858617, "epsilon": 26.838902230033483, "gamma": 0.062480772088421975}}
{"target": 44.67303235532051, "params": {"C": 893.429762431238, "epsilon": 25.29272616215403, "gamma": 0.06513714779077437}}
{"target": 39.12273168901432, "params": {"C": 831.2324249935211, "epsilon": 24.190470105553675, "gamma": 0.005095288771968064}}
{"target": 45.5306585788598, "params": {"C": 927.5664247542027, "epsilon": 27.897230861753865, "gamma": 0.07761569169819357}}
{"target": 39.69537499011099, "params": {"C": 936.102155166442, "epsilon": 22.084323852546625, "gamma": 0.0020995466165393377}}
{"target": 39.83799628201284, "params": {"C": 880.7801443613615, "epsilon": 23.95920611543784, "gamma": 0.0015543479399647096}}
{"target": 44.7543604960563, "params": {"C": 823.3439171441747, "epsilon": 25.499981861920528, "gamma": 0.06984258942727224}}
{"target": 47.170010625288484, "params": {"C": 885.7202983303669, "epsilon": 25.299352207889275, "gamma": 0.1281723079695655}}
{"target": 45.30618995937947, "params": {"C": 819.1042842747936, "epsilon": 26.161157887167242, "gamma": 0.08010494684757015}}
{"target": 45.80791305264411, "params": {"C": 775.1103626239856, "epsilon": 21.369675534954258, "gamma": 0.12072093039391023}}
{"target": 49.112155136893065, "params": {"C": 801.0331424182571, "epsilon": 16.51655519991008, "gamma": 0.4030376786355888}}
{"target": 45.09076781780682, "params": {"C": 801.6103933934023, "epsilon": 25.64217091177389, "gamma": 0.07694220723615136}}
{"target": 44.7046252414752, "params": {"C": 855.9291883771734, "epsilon": 20.42861011836245, "gamma": 0.07611171675118733}}
{"target": 49.72704589439686, "params": {"C": 890.5399541193017, "epsilon": 9.591768088740368, "gamma": 0.47044248457539095}}
{"target": 43.52767507171273, "params": {"C": 1029.3013634833183, "epsilon": 25.236622739326044, "gamma": 0.04910125911124574}}
{"target": 44.35985679325237, "params": {"C": 964.3481964481481, "epsilon": 22.848797082228412, "gamma": 0.06146826117019164}}
{"target": 41.265313045448025, "params": {"C": 1063.9598815162285, "epsilon": 19.833301559182097, "gamma": 0.03670042447797414}}
{"target": 39.54500806904433, "params": {"C": 1086.7781152287196, "epsilon": 17.958788502192935, "gamma": 0.0083998887993614}}
{"target": 39.242796348081654, "params": {"C": 1019.4809775835193, "epsilon": 27.97364983764233, "gamma": 0.003746762604111839}}
{"target": 39.48547743596167, "params": {"C": 705.5575006838477, "epsilon": 23.016155570550506, "gamma": 0.0038034077134887385}}
{"target": 42.722171134455884, "params": {"C": 1028.0798838030223, "epsilon": 24.839220284021625, "gamma": 0.00018541682771682812}}
{"target": 39.526432644450495, "params": {"C": 900.3485730149192, "epsilon": 19.265819210054545, "gamma": 0.010254143213705614}}
{"target": 44.052812383181994, "params": {"C": 1078.5532370616625, "epsilon": 23.391469572719192, "gamma": 0.054686234742041304}}
{"target": 44.44043506475607, "params": {"C": 1000.7107635849329, "epsilon": 23.710402566986893, "gamma": 0.059752061593283015}}
{"target": 39.10377438172633, "params": {"C": 821.1638115961549, "epsilon": 25.50866756408236, "gamma": 0.00826710073253946}}
{"target": 43.32798840068146, "params": {"C": 826.6586185079667, "epsilon": 26.16857374972495, "gamma": 0.05206494701269206}}
{"target": 43.81554238671549, "params": {"C": 795.4111520361294, "epsilon": 26.827834658963802, "gamma": 0.057163420648341026}}
{"target": 39.38720443032482, "params": {"C": 872.0983097427663, "epsilon": 25.877458846988695, "gamma": 0.0035067536262131513}}
{"target": 45.94615445784292, "params": {"C": 886.7986351619509, "epsilon": 21.943278845087598, "gamma": 0.10738620153889418}}
{"target": 39.117701607615835, "params": {"C": 895.4749497758855, "epsilon": 26.234798457269314, "gamma": 0.0051616356111829995}}
{"target": 45.263719472767654, "params": {"C": 938.671216443309, "epsilon": 27.758468596755783, "gamma": 0.0705337600201075}}
{"target": 44.367811811481054, "params": {"C": 808.0570115610591, "epsilon": 27.384132785182423, "gamma": 0.06298311366600326}}
{"target": 39.38138686951561, "params": {"C": 911.7959163898474, "epsilon": 27.58708230385466, "gamma": 0.003171115694305793}}
{"target": 39.98020159076874, "params": {"C": 963.4273371770973, "epsilon": 24.697035974687513, "gamma": 0.0012876449031032286}}
{"target": 44.48600400282036, "params": {"C": 925.1004143576109, "epsilon": 26.78365576955448, "gamma": 0.05970863918746823}}
{"target": 40.152148363602905, "params": {"C": 779.0848244757597, "epsilon": 25.951328273766457, "gamma": 0.0014798902076503025}}
{"target": 39.1018656286165, "params": {"C": 821.3238703481842, "epsilon": 25.293021646726356, "gamma": 0.005956595686399594}}
{"target": 45.91047516239802, "params": {"C": 750.3855409466196, "epsilon": 22.69781047095317, "gamma": 0.12316724767401917}}
{"target": 45.382510938872294, "params": {"C": 937.9801097956986, "epsilon": 28.160736379077484, "gamma": 0.07331674492360155}}
{"target": 40.47322535551594, "params": {"C": 930.8118137967069, "epsilon": 21.86218451548073, "gamma": 0.0009411029145072174}}
{"target": 47.077756607229105, "params": {"C": 999.1502532258497, "epsilon": 27.460385312215337, "gamma": 0.11456801037785852}}
{"target": 41.79916759962541, "params": {"C": 1017.9346170958585, "epsilon": 28.468219727158733, "gamma": 0.0002859178657084755}}
{"target": 39.13384923550804, "params": {"C": 933.1929731132495, "epsilon": 25.054515849491278, "gamma": 0.00829651566475368}}
{"target": 39.624526134417025, "params": {"C": 1047.478723050707, "epsilon": 22.956296232605073, "gamma": 0.0021958248463389493}}
{"target": 44.88439906426095, "params": {"C": 700.0071809160778, "epsilon": 21.15940754146099, "gamma": 0.09241900121288822}}
{"target": 44.6069577934796, "params": {"C": 950.6171419639151, "epsilon": 23.96675781449422, "gamma": 0.06296694925055608}}
{"target": 41.26785169882925, "params": {"C": 842.4038744079551, "epsilon": 25.69666214959205, "gamma": 0.0004586010549358071}}
{"target": 44.63012027686286, "params": {"C": 787.2786194281823, "epsilon": 27.177548549137285, "gamma": 0.0688169488303333}}
{"target": 46.88407954960265, "params": {"C": 1202.2292018759576, "epsilon": 25.087805523619643, "gamma": 0.09416604102262933}}
{"target": 46.98216985743427, "params": {"C": 790.1399497871606, "epsilon": 27.65342902436854, "gamma": 0.1294595761959053}}
{"target": 39.33497378005394, "params": {"C": 780.3164707219876, "epsilon": 24.137641086757156, "gamma": 0.004245922817732164}}
{"target": 45.12931320171973, "params": {"C": 918.3668383366106, "epsilon": 22.241077697704014, "gamma": 0.07731917768217998}}
{"target": 41.33285092608899, "params": {"C": 888.8508038796174, "epsilon": 27.009832299845208, "gamma": 0.00045769432883042277}}
{"target": 45.03480336737729, "params": {"C": 705.9996880141694, "epsilon": 26.044954699459733, "gamma": 0.08341503182772748}}
{"target": 49.562359118712, "params": {"C": 708.9915289610149, "epsilon": 24.767702285050007, "gamma": 0.37547304596212144}}
{"target": 44.84730962758797, "params": {"C": 1023.5392517647857, "epsilon": 21.074328791011936, "gamma": 0.06824612111912023}}
{"target": 46.00257515995926, "params": {"C": 1084.8765222092393, "epsilon": 23.120176300968456, "gamma": 0.08032759156421794}}
{"target": 46.12151320678042, "params": {"C": 1082.9374431210508, "epsilon": 24.39035630620229, "gamma": 0.08442494543136066}}
{"target": 44.2796166068863, "params": {"C": 701.0676412778168, "epsilon": 26.75360400120498, "gamma": 0.06773505366385682}}
{"target": 39.27425556687401, "params": {"C": 700.1614255748921, "epsilon": 25.043872445838065, "gamma": 0.004880529891160219}}
{"target": 44.46623902443071, "params": {"C": 869.9971593944358, "epsilon": 23.994040446548695, "gamma": 0.0645453019823602}}
{"target": 43.74348481482612, "params": {"C": 875.3482885399441, "epsilon": 20.40133994493494, "gamma": 0.06065233384179905}}
{"target": 44.997345539149975, "params": {"C": 1049.9042661800154, "epsilon": 26.726720160905025, "gamma": 0.061236382825528374}}
{"target": 44.28943403763862, "params": {"C": 895.2509124256328, "epsilon": 22.538854836436183, "gamma": 0.06381656928686094}}
{"target": 40.22472874070216, "params": {"C": 707.2530987609754, "epsilon": 26.627711240432912, "gamma": 0.0014120618719969478}}
{"target": 39.625797851820536, "params": {"C": 787.9668064147113, "epsilon": 21.184914416134347, "gamma": 0.0027413365803614902}}
{"target": 39.06270762918725, "params": {"C": 795.3049780699654, "epsilon": 27.187776604857124, "gamma": 0.00950584349161203}}
{"target": 39.340830920915664, "params": {"C": 1097.0184967740558, "epsilon": 29.6395632851847, "gamma": 0.012663515779051844}}
{"target": 39.19931950305955, "params": {"C": 813.3296558064307, "epsilon": 26.02501011260202, "gamma": 0.004743365942039359}}
{"target": 39.601745279580925, "params": {"C": 799.4884359668946, "epsilon": 26.148560692889326, "gamma": 0.0027912901877177806}}
{"target": 39.78538059289169, "params": {"C": 1002.8469378085739, "epsilon": 19.92752104609146, "gamma": 0.00199278745697511}}
{"target": 47.47552723507571, "params": {"C": 743.2472443750822, "epsilon": 17.647924736740137, "gamma": 0.2680583889534465}}
{"target": 47.76999989215646, "params": {"C": 932.7956952158015, "epsilon": 24.932443323426373, "gamma": 0.13642760200497864}}
{"target": 44.34914547083143, "params": {"C": 797.002347711646, "epsilon": 27.215502368046113, "gamma": 0.06319022658732325}}
{"target": 39.51872283230999, "params": {"C": 939.5959605363641, "epsilon": 29.916758230331926, "gamma": 0.002866299868973467}}
{"target": 45.8145174544001, "params": {"C": 889.8614364844842, "epsilon": 24.877480528342286, "gamma": 0.09751617389934043}}
{"target": 40.794650320797686, "params": {"C": 923.6217374247609, "epsilon": 23.497437654963775, "gamma": 0.0006795505273401118}}
{"target": 40.526656762349646, "params": {"C": 895.4462914346307, "epsilon": 27.340587623621598, "gamma": 0.0009151866192114288}}
{"target": 39.5286630707259, "params": {"C": 999.9651736621373, "epsilon": 26.198340412704802, "gamma": 0.002419221186875164}}
{"target": 39.640878437371114, "params": {"C": 1000.0416206550744, "epsilon": 21.750153138660195, "gamma": 0.0021934692443593175}}
{"target": 45.20547612424931, "params": {"C": 1012.5335315517485, "epsilon": 26.60584704711374, "gamma": 0.06531900149301682}}
{"target": 44.66859315411813, "params": {"C": 936.4649561828991, "epsilon": 27.304859108374778, "gamma": 0.06197509078669365}}
{"target": 39.25935158832259, "params": {"C": 945.210694060232, "epsilon": 23.72715821114784, "gamma": 0.003995570895963913}}
{"target": 45.478539741335965, "params": {"C": 991.5585663292492, "epsilon": 27.34417152935934, "gamma": 0.07039427729866574}}
{"target": 44.59073896287548, "params": {"C": 815.5195902277219, "epsilon": 29.456714698729616, "gamma": 0.06568216607502397}}
{"target": 43.976807159986535, "params": {"C": 787.0029051311603, "epsilon": 24.1489429383276, "gamma": 0.061941722223819266}}
{"target": 47.28840416787001, "params": {"C": 968.5815697564061, "epsilon": 20.90617991457353, "gamma": 0.13303329949431053}}
{"target": 48.27137543938666, "params": {"C": 1007.8810498368969, "epsilon": 20.218112021749597, "gamma": 0.16367983837523883}}
{"target": 42.35089091884373, "params": {"C": 958.0565891212133, "epsilon": 23.184187407425025, "gamma": 0.00021129840179227345}}
{"target": 39.2206103316794, "params": {"C": 1113.1271180418487, "epsilon": 26.293010430831565, "gamma": 0.003732897662273197}}
{"target": 47.2123633997531, "params": {"C": 993.5131059078874, "epsilon": 22.579068984645744, "gamma": 0.12513818551369393}}
{"target": 45.35021216667745, "params": {"C": 886.300574982802, "epsilon": 29.733289536061935, "gamma": 0.07812124991601503}}
{"target": 39.95324298088915, "params": {"C": 930.3251479911767, "epsilon": 26.77673415449161, "gamma": 0.0017398351747929443}}
{"target": 47.31603178475903, "params": {"C": 858.2998697512044, "epsilon": 29.964385545211556, "gamma": 0.12408203615019332}}
{"target": 39.98908289169443, "params": {"C": 764.5370510765476, "epsilon": 26.11614605623372, "gamma": 0.002047068647840034}}
{"target": 44.80765897341382, "params": {"C": 845.4443296810093, "epsilon": 28.061695085943548, "gamma": 0.06796364073203613}}
{"target": 45.55603768696501, "params": {"C": 900.2460503952295, "epsilon": 25.113587797814613, "gamma": 0.08137043060873256}}
{"target": 44.72508178841137, "params": {"C": 875.7841657350596, "epsilon": 24.692188406032695, "gamma": 0.06753397289068427}}
{"target": 45.523223338377946, "params": {"C": 826.1696452103131, "epsilon": 24.796647973538814, "gamma": 0.09283368433214663}}
{"target": 43.04556799105827, "params": {"C": 989.3406956998631, "epsilon": 22.715015856110146, "gamma": 0.04832853827253408}}
{"target": 47.72439228026316, "params": {"C": 1285.2711687432266, "epsilon": 14.305776463791554, "gamma": 0.11616058957502046}}
{"target": 40.55801315639657, "params": {"C": 867.7654088458893, "epsilon": 22.181836652358562, "gamma": 0.0009757013845396283}}
{"target": 39.22688440442412, "params": {"C": 880.8386212483588, "epsilon": 22.415759957376928, "gamma": 0.004985030739481453}}
{"target": 42.96173155052295, "params": {"C": 1030.6168157122956, "epsilon": 23.910617089375304, "gamma": 0.04571997238935105}}
{"target": 43.87504833123121, "params": {"C": 925.1555045928538, "epsilon": 22.611900899363796, "gamma": 0.05779434497845859}}
{"target": 40.04515440708953, "params": {"C": 785.4672821545905, "epsilon": 29.19492614099415, "gamma": 0.001939337796778497}}
{"target": 50.937574720990256, "params": {"C": 1469.7307171797752, "epsilon": 21.56086590792186, "gamma": 0.46100296078826375}}
{"target": 41.109356385051655, "params": {"C": 992.8105251641298, "epsilon": 25.286473609030686, "gamma": 0.0004555841034692837}}
{"target": 45.026931273812096, "params": {"C": 1024.608541012269, "epsilon": 26.09066559167716, "gamma": 0.06311580567225737}}
{"target": 39.42870977201479, "params": {"C": 890.6453808950494, "epsilon": 24.90608225531797, "gamma": 0.0026109543914618373}}
{"target": 51.052801270657405, "params": {"C": 1364.1343294913283, "epsilon": 21.879338180137648, "gamma": 0.4641955720314914}}
