{"target": 69.80155699949934, "params": {"C": 5927.809216397892, "epsilon": 86.66224590520301, "gamma": 426.93973532288487}}
{"target": 64.43226894116283, "params": {"C": 1120.424012366802, "epsilon": 18.845503164699352, "gamma": 284.77239285915977}}
{"target": 66.63603370899689, "params": {"C": 2424.9797511638194, "epsilon": 52.245082761518425, "gamma": 137.18814604330353}}
{"target": 64.38472684195276, "params": {"C": 2012.0483462871223, "epsilon": 17.862039472375738, "gamma": 243.2025548910882}}
{"target": 67.01274217545986, "params": {"C": 425.1745083390797, "epsilon": 56.478497415698676, "gamma": 97.83728610409322}}
{"target": 64.16558295467267, "params": {"C": 2328.5144455789805, "epsilon": 13.212322234090289, "gamma": 258.26575106623324}}
{"target": 65.99149706910559, "params": {"C": 4011.398732943769, "epsilon": 44.55691003339297, "gamma": 128.67695473494518}}
{"target": 64.25100473283604, "params": {"C": 4125.380272815218, "epsilon": 14.994868984081196, "gamma": 434.72733881300826}}
{"target": 73.12156125807849, "params": {"C": 3652.0157095691143, "epsilon": 110.96202005252864, "gamma": 327.574357601555}}
{"target": 70.66387424607944, "params": {"C": 403.5202242175647, "epsilon": 94.77859894029744, "gamma": 134.32554464751365}}
{"target": 70.30699283091022, "params": {"C": 2048.903364395481, "epsilon": 91.73186433065418, "gamma": 267.24340365982425}}
{"target": 68.59189570549844, "params": {"C": 3374.100248951182, "epsilon": 73.47362467332458, "gamma": 390.3326370988887}}
{"target": 68.3198673044351, "params": {"C": 3175.948694755568, "epsilon": 70.42991650142348, "gamma": 116.68990786584688}}
{"target": 73.83938217038758, "params": {"C": 4185.988681708402, "epsilon": 114.6387063454616, "gamma": 110.90359439171881}}
{"target": 71.59130038971209, "params": {"C": 3086.6645304998465, "epsilon": 101.92106818481189, "gamma": 285.91753580089824}}
{"target": 64.39541159039061, "params": {"C": 1397.9323856090318, "epsilon": 18.079456052881124, "gamma": 122.48189386470223}}
{"target": 64.5316515236461, "params": {"C": 5634.406640410615, "epsilon": 20.870455440362896, "gamma": 364.53397725318774}}
{"target": 73.32809622891095, "params": {"C": 1190.4667227229313, "epsilon": 112.00860757119199, "gamma": 166.61823730249625}}
{"target": 63.55331735440073, "params": {"C": 1986.9465007454337, "epsilon": 1.137278083661014, "gamma": 395.13052529066977}}
{"target": 63.89974358556509, "params": {"C": 1529.436969916205, "epsilon": 7.889801786271945, "gamma": 370.72137969965496}}
{"target": 70.5248573409515, "params": {"C": 1426.0431701415189, "epsilon": 93.61670033466989, "gamma": 452.34320512592814}}
{"target": 64.35416589398184, "params": {"C": 1258.696767774046, "epsilon": 17.202724248380903, "gamma": 169.7061897582854}}
{"target": 64.28873466989612, "params": {"C": 1482.068378440742, "epsilon": 15.797653672335414, "gamma": 210.01912213561988}}
{"target": 70.59818647500478, "params": {"C": 1303.173526775634, "epsilon": 94.23556807075265, "gamma": 413.65698185303233}}
{"target": 64.50572909574593, "params": {"C": 3602.99903231495, "epsilon": 20.36163105740046, "gamma": 214.7504400851043}}
{"target": 63.669981331449456, "params": {"C": 568.7948757467253, "epsilon": 3.4841043800472504, "gamma": 390.36248030425503}}
{"target": 69.88533296753491, "params": {"C": 2586.4580430493606, "epsilon": 87.4967587333593, "gamma": 110.8141257212978}}
{"target": 67.93829673603798, "params": {"C": 1764.784913522589, "epsilon": 66.30040873110937, "gamma": 417.25081782229074}}
{"target": 68.85365159887377, "params": {"C": 2389.613485494044, "epsilon": 76.44875292030056, "gamma": 384.2858484162713}}
{"target": 71.21854347268228, "params": {"C": 5761.288267339495, "epsilon": 99.15251778095187, "gamma": 280.0540468541695}}
{"target": 70.89969253745514, "params": {"C": 2144.4619740852436, "epsilon": 96.65590009354544, "gamma": 49.970631976484945}}
{"target": 64.62807905449314, "params": {"C": 2080.6577188269093, "epsilon": 22.720630816530672, "gamma": 216.51203071629513}}
{"target": 65.54223324831582, "params": {"C": 840.1842400262877, "epsilon": 38.586900225113396, "gamma": 489.2877373739901}}
{"target": 63.872939265449745, "params": {"C": 369.4042993703174, "epsilon": 7.375589545422242, "gamma": 429.3672770798752}}
{"target": 63.90086747818075, "params": {"C": 530.4399121854372, "epsilon": 7.911487935966267, "gamma": 403.33230379260726}}
{"target": 63.56519082743692, "params": {"C": 239.30288172289477, "epsilon": 1.3816807383227099, "gamma": 368.41948616711704}}
{"target": 63.59770414103466, "params": {"C": 258.7696662358581, "epsilon": 2.0409727420573036, "gamma": 416.58420219933674}}
{"target": 63.56330996523893, "params": {"C": 1161.1765328362285, "epsilon": 1.3433414011517906, "gamma": 424.540107605167}}
{"target": 59.94828330382777, "params": {"C": 68.9665782431141, "epsilon": 2.7036425944670803, "gamma": 366.26510494450054}}
{"target": 64.30771582802188, "params": {"C": 63.763847159852446, "epsilon": 47.50690621267022, "gamma": 340.9531046264768}}
{"target": 63.72548220687135, "params": {"C": 1961.026651855621, "epsilon": 4.544068615147063, "gamma": 379.46728020295876}}
{"target": 64.02774977541593, "params": {"C": 1918.223003591075, "epsilon": 10.410770725214377, "gamma": 465.5016752151291}}
{"target": 63.361937454713726, "params": {"C": 157.79914377221886, "epsilon": 0.5368916392814692, "gamma": 246.73350787190208}}
{"target": 64.80392365857524, "params": {"C": 2190.844949016903, "epsilon": 25.976322899671555, "gamma": 428.6524401460673}}
{"target": 63.707527418973825, "params": {"C": 775.8819211742868, "epsilon": 4.205091559289876, "gamma": 294.6463176519302}}
{"target": 63.875428746636274, "params": {"C": 311.3505229152133, "epsilon": 7.4235448044296, "gamma": 351.8275529481831}}
{"target": 64.02933894093178, "params": {"C": 294.9021265245729, "epsilon": 10.44258654082805, "gamma": 298.4678528756582}}
{"target": 59.12191746038243, "params": {"C": 29.494155110035848, "epsilon": 1.6071992372713333, "gamma": 225.20381144491526}}
{"target": 64.72269372863784, "params": {"C": 240.49746864972403, "epsilon": 24.513433150021328, "gamma": 238.0402602937496}}
{"target": 63.597895934090865, "params": {"C": 254.31608404372756, "epsilon": 2.044825495088727, "gamma": 232.18848046731648}}
{"target": 64.13848258818669, "params": {"C": 322.96175033740394, "epsilon": 12.65512600360481, "gamma": 221.17144218058777}}
{"target": 59.51268346974473, "params": {"C": 11.909432030198062, "epsilon": 13.208987514122198, "gamma": 106.05401257152378}}
{"target": 59.450254152773255, "params": {"C": 28.181518388785197, "epsilon": 9.785343142953172, "gamma": 207.6866946414403}}
{"target": 58.22578943164149, "params": {"C": 3.5546924926397097, "epsilon": 0.24173160335507493, "gamma": 226.45913401322653}}
{"target": 63.58609157335026, "params": {"C": 3043.46965462144, "epsilon": 1.807091447776891, "gamma": 489.0471524536728}}
{"target": 65.47866229806702, "params": {"C": 478.14566051520364, "epsilon": 37.60048054801252, "gamma": 55.27815422883302}}
{"target": 64.54939696777193, "params": {"C": 190.2292948088359, "epsilon": 21.1781835977341, "gamma": 18.841008539239567}}
{"target": 63.587639267894794, "params": {"C": 474.0923921731024, "epsilon": 1.8177705850791828, "gamma": 23.643665315331845}}
{"target": 63.53415986923405, "params": {"C": 687.4992825020385, "epsilon": 0.7443734778206021, "gamma": 88.13698306587938}}
{"target": 63.98337554022267, "params": {"C": 529.6453650956289, "epsilon": 9.523162805746797, "gamma": 84.05362630067026}}
{"target": 63.55008897444973, "params": {"C": 531.1755066072839, "epsilon": 1.0713442899347443, "gamma": 164.53175390722424}}
{"target": 61.66661059954946, "params": {"C": 80.19313594296818, "epsilon": 14.989202793167607, "gamma": 155.40699383077495}}
{"target": 64.10689849706901, "params": {"C": 5644.76717031366, "epsilon": 12.000245423988012, "gamma": 65.95725306366796}}
{"target": 63.75955191955579, "params": {"C": 124.50445462880944, "epsilon": 14.999634860155915, "gamma": 160.27478331574898}}
{"target": 64.22703682512238, "params": {"C": 2240.816132105115, "epsilon": 14.491740834471777, "gamma": 31.91066601015524}}
{"target": 64.74584819597301, "params": {"C": 159.78075798085848, "epsilon": 25.074145781275025, "gamma": 132.52836675952392}}
{"target": 64.01017111091186, "params": {"C": 133.25716757624636, "epsilon": 16.020516100568944, "gamma": 185.95192921141893}}
{"target": 64.64075510723417, "params": {"C": 95.28567145930072, "epsilon": 36.84292554068936, "gamma": 157.9980024292781}}
{"target": 66.6158993515133, "params": {"C": 346.75463181254815, "epsilon": 52.002001704764375, "gamma": 199.98317172026958}}
{"target": 62.53601715190333, "params": {"C": 118.45314119122946, "epsilon": 1.6806744471943706, "gamma": 261.1146256248737}}
{"target": 63.584829055778414, "params": {"C": 219.8987921966522, "epsilon": 1.7816875030446795, "gamma": 231.67578213759208}}
{"target": 58.645627784063734, "params": {"C": 1.714810991249891, "epsilon": 6.873189772984746, "gamma": 158.22567370293817}}
{"target": 63.509349365415304, "params": {"C": 167.81523948180336, "epsilon": 1.854759196214344, "gamma": 272.145343616931}}
{"target": 63.55445859366701, "params": {"C": 208.37000243074064, "epsilon": 1.1605858217608525, "gamma": 261.07108208506116}}
{"target": 63.39630585615661, "params": {"C": 137.07316826850217, "epsilon": 5.903791259116463, "gamma": 179.1976916862906}}
{"target": 74.63273313612028, "params": {"C": 5432.84712675429, "epsilon": 118.5272436996822, "gamma": 483.85261607967664}}
{"target": 63.66233111235749, "params": {"C": 494.18696003652127, "epsilon": 3.3331892913467884, "gamma": 171.59241167241598}}
{"target": 63.734733356785, "params": {"C": 218.6278595313445, "epsilon": 4.71841471302425, "gamma": 148.84490941587075}}
{"target": 63.87139132208656, "params": {"C": 233.31002954135556, "epsilon": 7.345583231521507, "gamma": 137.42542462522437}}
{"target": 64.39678306127416, "params": {"C": 1200.2072944772317, "epsilon": 18.10729280904163, "gamma": 162.2127908459702}}
{"target": 63.58845904738065, "params": {"C": 180.57643835888692, "epsilon": 2.194056439613772, "gamma": 122.0554551840876}}
{"target": 65.10818983705786, "params": {"C": 1200.9416000290544, "epsilon": 31.266292462027685, "gamma": 301.0850029622045}}
{"target": 59.64975429389896, "params": {"C": 26.577372031530786, "epsilon": 19.871078451219716, "gamma": 247.82786494346877}}
{"target": 63.57544706984349, "params": {"C": 1429.4004432829965, "epsilon": 1.5911891891449763, "gamma": 220.53751903862673}}
{"target": 66.99574629576519, "params": {"C": 5719.220951708608, "epsilon": 56.29470775151322, "gamma": 427.33332118092187}}
{"target": 65.02649623808637, "params": {"C": 149.06309190436343, "epsilon": 30.269282342621644, "gamma": 284.2065572236537}}
{"target": 63.660791520085105, "params": {"C": 185.5079751539983, "epsilon": 3.3861710030957477, "gamma": 243.37957531828076}}
{"target": 64.89500820719543, "params": {"C": 859.2620850470762, "epsilon": 27.587295615350286, "gamma": 265.2646688916725}}
{"target": 64.58799600510699, "params": {"C": 425.9307334763159, "epsilon": 21.9563315995048, "gamma": 246.6825810144413}}
{"target": 64.75302841484424, "params": {"C": 123.35022442303054, "epsilon": 29.47315799678475, "gamma": 185.60222255427817}}
{"target": 59.73471054693605, "params": {"C": 31.273973785561267, "epsilon": 21.307808612106236, "gamma": 305.8920854702038}}
{"target": 69.6426101983864, "params": {"C": 5176.796001648589, "epsilon": 84.97274343155648, "gamma": 103.79743230333514}}
{"target": 67.75723790806077, "params": {"C": 4801.89333238565, "epsilon": 64.37086869683309, "gamma": 210.53907895623038}}
{"target": 74.61017034452894, "params": {"C": 3071.105843715438, "epsilon": 118.42608646719023, "gamma": 441.41506349903415}}
{"target": 59.554378441222376, "params": {"C": 42.68477107261902, "epsilon": 8.21805644067642, "gamma": 350.0004045999741}}
{"target": 59.86297755997428, "params": {"C": 34.35966769852204, "epsilon": 23.70424516052996, "gamma": 301.6545083268199}}
{"target": 65.47286514746762, "params": {"C": 427.7202697445532, "epsilon": 37.50448178250259, "gamma": 324.19026864034254}}
{"target": 64.39145964466468, "params": {"C": 139.7038102854686, "epsilon": 21.03053040313715, "gamma": 397.6484048877027}}
{"target": 64.88046240820603, "params": {"C": 1167.4943433346946, "epsilon": 27.331018907965877, "gamma": 329.70755071925805}}
{"target": 64.13851042067445, "params": {"C": 127.05908434706109, "epsilon": 19.84784200856152, "gamma": 381.37432898563543}}
{"target": 63.25093178736811, "params": {"C": 114.09221425281083, "epsilon": 12.120881085016899, "gamma": 381.38135632291255}}
{"target": 59.402262097962556, "params": {"C": 7.273260408464157, "epsilon": 32.93645276849956, "gamma": 356.6890985222258}}
{"target": 59.76478740417478, "params": {"C": 9.709499697294518, "epsilon": 18.275129607555854, "gamma": 354.9614502990745}}
{"target": 65.33600765245592, "params": {"C": 195.1252325386233, "epsilon": 35.1740841075131, "gamma": 378.78755806548793}}
{"target": 59.271891152588545, "params": {"C": 1.3559452528143616, "epsilon": 35.90454055593886, "gamma": 333.7102688085531}}
{"target": 63.06838565500179, "params": {"C": 60.76992877759166, "epsilon": 40.31254704233713, "gamma": 270.55041933108987}}
{"target": 61.21538087203565, "params": {"C": 49.662941287679956, "epsilon": 32.43666477568664, "gamma": 279.21896166796245}}
{"target": 65.5526523372605, "params": {"C": 199.7251947865867, "epsilon": 38.747056194076464, "gamma": 385.21788022573793}}
{"target": 66.35023391562459, "params": {"C": 616.9620840865562, "epsilon": 48.86518589792159, "gamma": 352.3720777560951}}
{"target": 67.38703087126535, "params": {"C": 1390.4609902135599, "epsilon": 60.47503367229409, "gamma": 309.63273166935625}}
{"target": 72.09081165596623, "params": {"C": 207.71551388240096, "epsilon": 105.2489472508253, "gamma": 25.060955046012594}}
{"target": 64.50213960438165, "params": {"C": 92.74944125656232, "epsilon": 36.34116871290344, "gamma": 374.3930827858677}}
{"target": 61.775910350795854, "params": {"C": 53.90299890576436, "epsilon": 34.387952262693986, "gamma": 340.98513403423107}}
{"target": 59.98480733445933, "params": {"C": 27.956316825660764, "epsilon": 32.55414332299123, "gamma": 374.2106720424441}}
{"target": 64.59074630036645, "params": {"C": 332.6840551357567, "epsilon": 22.00967216584309, "gamma": 359.3017827794517}}
{"target": 59.550892664872855, "params": {"C": 31.312013488360062, "epsilon": 13.037448987189517, "gamma": 332.3743908400258}}
{"target": 59.929867030031346, "params": {"C": 34.512542964082094, "epsilon": 25.93689180448297, "gamma": 284.75554888741476}}
{"target": 64.56754156077291, "params": {"C": 415.69913729228466, "epsilon": 21.562668285475844, "gamma": 312.7460599607139}}
{"target": 64.22857259623011, "params": {"C": 128.09657296362207, "epsilon": 20.887136703737895, "gamma": 307.2718687587228}}
{"target": 59.709852898774976, "params": {"C": 32.71257504042739, "epsilon": 18.258733661300127, "gamma": 267.66079937762754}}
{"target": 62.9614696438898, "params": {"C": 89.76743171401407, "epsilon": 22.08615691411421, "gamma": 245.27142041082308}}
{"target": 63.53549624849713, "params": {"C": 172.95001623767843, "epsilon": 1.8111380245867252, "gamma": 347.7148975112329}}
{"target": 63.90109665118682, "params": {"C": 282.51541299623506, "epsilon": 7.915909959960938, "gamma": 314.3408031276605}}
{"target": 64.39247750374334, "params": {"C": 1216.6039102698353, "epsilon": 18.019902871309235, "gamma": 250.73656881304638}}
{"target": 67.95405311057702, "params": {"C": 72.86666308101614, "epsilon": 71.61236398890466, "gamma": 403.0527935987534}}
{"target": 66.4454935546527, "params": {"C": 5085.614553504276, "epsilon": 49.98035921773048, "gamma": 19.6595053495017}}
{"target": 63.556154490027794, "params": {"C": 1280.6946293333503, "epsilon": 1.195221423063491, "gamma": 307.5131340915045}}
{"target": 59.96774130861305, "params": {"C": 47.17968960893492, "epsilon": 15.934738976842693, "gamma": 249.75687700037815}}
{"target": 59.47450788025484, "params": {"C": 20.89278998272486, "epsilon": 8.777703477432375, "gamma": 231.97765565888147}}
{"target": 59.14256957128522, "params": {"C": 6.356641354983426, "epsilon": 13.081790736144455, "gamma": 291.53405506958165}}
{"target": 63.65118176844269, "params": {"C": 246.33986825661304, "epsilon": 3.113342721288557, "gamma": 203.86363406624022}}
{"target": 59.45278902657776, "params": {"C": 31.094209774978083, "epsilon": 9.209664731663636, "gamma": 249.16217871781737}}
{"target": 60.41770046280144, "params": {"C": 67.49426322137383, "epsilon": 9.720507182869346, "gamma": 158.44654070478205}}
{"target": 63.94058175276443, "params": {"C": 163.6098565866081, "epsilon": 9.797872841051236, "gamma": 168.19609877430614}}
{"target": 64.21857754945458, "params": {"C": 293.6621973632184, "epsilon": 14.317171626725973, "gamma": 228.84935582687996}}
{"target": 60.94378018391617, "params": {"C": 84.4773739697346, "epsilon": 4.893773914990378, "gamma": 202.0330457240943}}
{"target": 64.06719548645987, "params": {"C": 249.19562144213384, "epsilon": 11.200440449396982, "gamma": 275.9388855330411}}
{"target": 64.17433253583881, "params": {"C": 258.9414312416324, "epsilon": 13.393802813718118, "gamma": 253.07081857314483}}
{"target": 63.697199082211554, "params": {"C": 285.16910170061, "epsilon": 4.009895289287245, "gamma": 280.66927693603105}}
{"target": 63.629475883121884, "params": {"C": 264.73342065077895, "epsilon": 2.678665630131154, "gamma": 209.93123451213597}}
{"target": 64.31444182313629, "params": {"C": 5828.223803475068, "epsilon": 16.34538607002917, "gamma": 267.0343940764383}}
{"target": 64.77741097136115, "params": {"C": 1236.5411828260187, "epsilon": 25.507187714834092, "gamma": 170.8272024959361}}
{"target": 64.7986669027027, "params": {"C": 1099.345905711227, "epsilon": 25.883917712567637, "gamma": 191.7527701428357}}
{"target": 64.66052803257449, "params": {"C": 1341.1335883956954, "epsilon": 23.33984741171474, "gamma": 101.42043568157726}}
{"target": 62.93633464654921, "params": {"C": 122.71312922266662, "epsilon": 4.682139579689805, "gamma": 305.77384244802516}}
{"target": 62.22855413277038, "params": {"C": 74.84769496940726, "epsilon": 24.63659700933769, "gamma": 254.51289481872212}}
{"target": 59.811622694744436, "params": {"C": 44.04483967623416, "epsilon": 14.505845162851063, "gamma": 249.48739907675787}}
{"target": 64.05882478311148, "params": {"C": 184.0208178867604, "epsilon": 11.033311501850074, "gamma": 316.3760735070743}}
{"target": 59.69197974771557, "params": {"C": 17.761399596972595, "epsilon": 32.51870374272182, "gamma": 256.5487747506625}}
{"target": 64.87190561949643, "params": {"C": 142.721270842031, "epsilon": 28.435401732369456, "gamma": 101.71296728285239}}
{"target": 59.57753693238692, "params": {"C": 29.777927289043483, "epsilon": 14.503809059295419, "gamma": 320.47979321321236}}
{"target": 69.44453528561783, "params": {"C": 656.5005503163507, "epsilon": 82.859629411942, "gamma": 240.86964775348747}}
{"target": 66.46592183726652, "params": {"C": 3289.3993089208443, "epsilon": 50.233894625935775, "gamma": 224.21491131371}}
{"target": 59.611156291791985, "params": {"C": 21.20493144509424, "epsilon": 21.50094891343068, "gamma": 132.42954842081545}}
{"target": 65.19221209988477, "params": {"C": 220.80517072021803, "epsilon": 32.6979631987619, "gamma": 222.6095281147585}}
{"target": 65.89269115003931, "params": {"C": 878.0547236605192, "epsilon": 43.349867533171434, "gamma": 223.68453892545844}}
{"target": 65.14595927112084, "params": {"C": 426.06131931890866, "epsilon": 31.906389300572638, "gamma": 182.99891830554782}}
{"target": 65.67255324848745, "params": {"C": 169.90405069871292, "epsilon": 40.495604619399984, "gamma": 162.51166062850893}}
{"target": 64.1375951414879, "params": {"C": 134.51294214493905, "epsilon": 17.759905017058667, "gamma": 92.67167354215893}}
{"target": 60.17736653587663, "params": {"C": 23.243759965416032, "epsilon": 38.131235754129335, "gamma": 71.82396910128205}}
{"target": 61.248787301889514, "params": {"C": 39.66531717732118, "epsilon": 39.2042550964697, "gamma": 117.76201054847448}}
{"target": 64.97377896271753, "params": {"C": 150.4733052815802, "epsilon": 29.341336790199616, "gamma": 103.99169357844022}}
{"target": 60.533651572175565, "params": {"C": 83.49257023242781, "epsilon": 1.1845887244196138, "gamma": 237.26964890261058}}
{"target": 58.98537944576926, "params": {"C": 0.2227743997595475, "epsilon": 15.387991565005045, "gamma": 313.7322886481633}}
{"target": 64.76331573846639, "params": {"C": 1071.315408804357, "epsilon": 25.255602432761663, "gamma": 340.5803084355795}}
{"target": 60.70025533879167, "params": {"C": 58.59172436779323, "epsilon": 19.828699698326254, "gamma": 176.95891522099856}}
{"target": 63.71404696281064, "params": {"C": 1184.3424721549284, "epsilon": 4.327541710183147, "gamma": 166.52740359655314}}
{"target": 59.36235464987601, "params": {"C": 53.784164050529895, "epsilon": 0.5038016268739156, "gamma": 312.93287830392046}}
{"target": 63.55138219846261, "params": {"C": 1878.4474397341403, "epsilon": 1.0977560402680195, "gamma": 115.39780921753544}}
{"target": 59.25977533217449, "params": {"C": 26.76130531874709, "epsilon": 4.514194156369875, "gamma": 70.95352107062732}}
{"target": 58.769597924287346, "params": {"C": 9.885460214248937, "epsilon": 4.33962304402834, "gamma": 330.18539580945696}}
{"target": 58.772323119088455, "params": {"C": 15.565583834374571, "epsilon": 3.103486981614086, "gamma": 323.801238231414}}
{"target": 63.61479504294799, "params": {"C": 388.16374342602944, "epsilon": 2.3847783340303614, "gamma": 376.81704694407443}}
{"target": 60.0773999821498, "params": {"C": 74.59427707025819, "epsilon": 1.2273663313131515, "gamma": 75.34412065346046}}
{"target": 63.85030463034739, "params": {"C": 751.992968464355, "epsilon": 6.933713570217269, "gamma": 376.17146892072117}}
