{"target": 64.16926007994661, "params": {"C": 660.1989718329082, "epsilon": 13.288591807847109, "gamma": 227.36198394063115}}
{"target": 59.55245524880041, "params": {"C": 13.144123735813459, "epsilon": 13.151989558119134, "gamma": 285.93168047088943}}
{"target": 63.47904883670422, "params": {"C": 110.81986840857951, "epsilon": 16.55268325766852, "gamma": 264.5286852283946}}
{"target": 63.6377770476681, "params": {"C": 1047.4947530340985, "epsilon": 2.8455296414078277, "gamma": 332.24331657807295}}
{"target": 59.491591715830836, "params": {"C": 7.974688695982647, "epsilon": 27.538146563723558, "gamma": 316.222986499137}}
{"target": 62.7301642691602, "params": {"C": 125.00646826952456, "epsilon": 1.154409505296234, "gamma": 277.08641311473656}}
{"target": 63.57819789870568, "params": {"C": 112.59016064825582, "epsilon": 17.12376559070069, "gamma": 237.37180277432597}}
{"target": 63.574921549187295, "params": {"C": 693.830568727244, "epsilon": 1.5804911644842243, "gamma": 290.5412434898284}}
{"target": 64.29570138231495, "params": {"C": 510.115518993672, "epsilon": 15.945230537545946, "gamma": 300.77192723653656}}
{"target": 63.90851469155659, "params": {"C": 529.5417622775267, "epsilon": 8.059045284125112, "gamma": 242.31159604630597}}
{"target": 63.545014618622155, "params": {"C": 662.3336400155372, "epsilon": 0.9673068291179256, "gamma": 307.8371970020797}}
{"target": 63.948615748653694, "params": {"C": 719.2454146185428, "epsilon": 8.8404025483001, "gamma": 262.2036142411372}}
{"target": 63.55521683124998, "params": {"C": 935.1502277835709, "epsilon": 1.1760714464867141, "gamma": 307.0962187912523}}
{"target": 64.93786049956837, "params": {"C": 922.0635562033781, "epsilon": 28.34050979445626, "gamma": 324.179154667719}}
{"target": 61.19706900444038, "params": {"C": 80.68454694232122, "epsilon": 9.811505995635693, "gamma": 238.12542868911456}}
{"target": 63.61878064563467, "params": {"C": 442.75223136211395, "epsilon": 2.4647588602553343, "gamma": 231.3713413389026}}
{"target": 59.36829117405756, "params": {"C": 46.44439208687806, "epsilon": 3.1748852815927724, "gamma": 233.21481822373596}}
{"target": 64.17722301584102, "params": {"C": 768.4737126685397, "epsilon": 13.453756081908187, "gamma": 274.97827520752776}}
{"target": 62.146112610037584, "params": {"C": 110.3356369785683, "epsilon": 1.6620922634972644, "gamma": 290.27848027023543}}
{"target": 65.00482569259249, "params": {"C": 448.79152130897705, "epsilon": 29.504735780411124, "gamma": 218.41984704288757}}
{"target": 59.395929303356546, "params": {"C": 10.541170923537477, "epsilon": 12.334068591655377, "gamma": 354.50327239047084}}
{"target": 64.20656193709196, "params": {"C": 587.9279747661611, "epsilon": 14.066530632845792, "gamma": 251.8424623463187}}
{"target": 59.133226140794136, "params": {"C": 9.264628389911959, "epsilon": 9.8333039875262, "gamma": 319.1125841310308}}
{"target": 58.28597091443182, "params": {"C": 5.201881905412198, "epsilon": 1.2794054581932024, "gamma": 394.96995747441883}}
{"target": 59.371194268136016, "params": {"C": 47.66040611417246, "epsilon": 2.7840830162309307, "gamma": 311.72621760444446}}
{"target": 69.94260842109693, "params": {"C": 2746.0505726596934, "epsilon": 88.06220227578653, "gamma": 329.06619701770546}}
{"target": 59.71396254562518, "params": {"C": 49.34751003777687, "epsilon": 9.127553206283464, "gamma": 293.62301772572044}}
{"target": 63.51701360374608, "params": {"C": 814.9955551468263, "epsilon": 0.3975008735178767, "gamma": 334.24806742152947}}
{"target": 63.43484204407032, "params": {"C": 167.48962018777374, "epsilon": 0.537188364568589, "gamma": 418.14937130052795}}
{"target": 63.55088713778584, "params": {"C": 626.2664833081853, "epsilon": 1.0876453256089542, "gamma": 394.8796244654104}}
{"target": 64.32714151538315, "params": {"C": 607.9052633184173, "epsilon": 16.624001407967533, "gamma": 381.706014951674}}
{"target": 64.2688329575371, "params": {"C": 790.3961043352793, "epsilon": 15.369484508245446, "gamma": 362.82077025772384}}
{"target": 64.26204541508446, "params": {"C": 560.2611219399797, "epsilon": 15.223890288664926, "gamma": 358.8512507244816}}
{"target": 58.79638647062185, "params": {"C": 19.756651317109736, "epsilon": 1.3109379823495768, "gamma": 351.28939228992056}}
{"target": 63.54507463648914, "params": {"C": 560.5618850284231, "epsilon": 0.9685394677756097, "gamma": 429.9408324564995}}
{"target": 58.753225523747304, "params": {"C": 12.261269543308638, "epsilon": 3.7958415113397974, "gamma": 336.14404436582237}}
{"target": 63.51279386187002, "params": {"C": 847.8515592045948, "epsilon": 0.312324803952452, "gamma": 320.96877146211517}}
{"target": 58.94319981464232, "params": {"C": 6.421397671962565, "epsilon": 6.355886468485616, "gamma": 356.46898942170225}}
{"target": 58.9488132738191, "params": {"C": 17.082110641188404, "epsilon": 4.2605929437379135, "gamma": 404.0403423027496}}
{"target": 59.69072175836366, "params": {"C": 14.968832608452516, "epsilon": 17.57826115601099, "gamma": 433.9800243484635}}
{"target": 70.18964744855282, "params": {"C": 1099.2636699849088, "epsilon": 90.60842254515951, "gamma": 295.57716753057235}}
{"target": 63.52462340608757, "params": {"C": 678.6377011446584, "epsilon": 0.5509070781602532, "gamma": 385.7256335338925}}
{"target": 63.54948116296994, "params": {"C": 765.5150778913619, "epsilon": 1.058930845001258, "gamma": 437.83110843636575}}
{"target": 64.71160736404502, "params": {"C": 806.6234795648369, "epsilon": 24.30782876389423, "gamma": 345.0692489339171}}
{"target": 64.45851352393562, "params": {"C": 761.2755767057299, "epsilon": 19.384723131219978, "gamma": 386.59004711282995}}
{"target": 63.53477472603811, "params": {"C": 590.5628783865717, "epsilon": 0.7570013302497905, "gamma": 416.9474934476873}}
{"target": 65.02612080572476, "params": {"C": 739.5843774640424, "epsilon": 29.865491966990756, "gamma": 435.7973879481862}}
{"target": 65.0200949921959, "params": {"C": 663.1691120423176, "epsilon": 29.763154759026573, "gamma": 439.0772624770679}}
{"target": 64.13286372519539, "params": {"C": 1452.7039278726995, "epsilon": 12.538409235050695, "gamma": 385.1926902348672}}
{"target": 59.22531284124663, "params": {"C": 5.475577873307699, "epsilon": 14.808203970677592, "gamma": 485.5237620931053}}
{"target": 58.98755809693414, "params": {"C": 17.76520882503403, "epsilon": 4.323933323764814, "gamma": 397.4149928852357}}
{"target": 63.505512006446864, "params": {"C": 952.9762039576492, "epsilon": 0.16429041055300012, "gamma": 398.1206766725191}}
{"target": 63.52763372413726, "params": {"C": 670.5669160149762, "epsilon": 0.6115921585408544, "gamma": 403.34524528878694}}
{"target": 63.520190659610115, "params": {"C": 494.82031435450784, "epsilon": 0.46154722586390473, "gamma": 392.75886269568736}}
{"target": 64.26025509939484, "params": {"C": 516.9144189117847, "epsilon": 15.186723159566629, "gamma": 359.7234207958317}}
{"target": 63.5169210994341, "params": {"C": 1761.2451848788724, "epsilon": 0.3956360766704312, "gamma": 484.2744431546618}}
{"target": 63.56346405930505, "params": {"C": 1922.1840704969202, "epsilon": 1.346482441664103, "gamma": 485.6099345695432}}
{"target": 63.54098062265056, "params": {"C": 1241.1104600232222, "epsilon": 0.8844571772978019, "gamma": 349.26986173760713}}
{"target": 69.55794156482023, "params": {"C": 2216.892642743138, "epsilon": 84.07067312473383, "gamma": 66.94424053661328}}
{"target": 59.39899619939153, "params": {"C": 27.740285322431397, "epsilon": 7.396818204012988, "gamma": 499.6250414523047}}
{"target": 64.92050296060475, "params": {"C": 632.2141226263344, "epsilon": 28.035321049091618, "gamma": 374.3293672127347}}
{"target": 63.49852433922722, "params": {"C": 690.1527569507228, "epsilon": 0.020233580135541884, "gamma": 355.6216239773189}}
{"target": 59.63809962673995, "params": {"C": 7.3690645051276435, "epsilon": 16.837107720240226, "gamma": 298.7234808062801}}
{"target": 64.38008518134146, "params": {"C": 614.5809316302048, "epsilon": 17.766549292466372, "gamma": 407.5263837640871}}
{"target": 73.00873760670316, "params": {"C": 5457.708523649762, "epsilon": 110.39100411722106, "gamma": 423.03990666179595}}
{"target": 64.11996300098244, "params": {"C": 660.9515252432868, "epsilon": 12.270556358821008, "gamma": 364.0368105306755}}
{"target": 63.508088145448255, "params": {"C": 419.5647566154493, "epsilon": 0.21662616146858804, "gamma": 332.08369998276106}}
{"target": 59.355038521823914, "params": {"C": 5.020403959313907, "epsilon": 33.75030072783494, "gamma": 355.45116410504033}}
{"target": 64.19153056855063, "params": {"C": 590.5347651766311, "epsilon": 13.75146444464696, "gamma": 367.85159016055223}}
{"target": 58.94682908066561, "params": {"C": 0.35450208084159485, "epsilon": 16.046752708884313, "gamma": 436.7942015482471}}
{"target": 65.2721706525811, "params": {"C": 591.380050150186, "epsilon": 34.076304296200696, "gamma": 469.7295393278708}}
{"target": 59.504739182892436, "params": {"C": 24.88460512921806, "epsilon": 12.58614782074298, "gamma": 382.67767740281704}}
{"target": 59.09183447265393, "params": {"C": 29.102252780003003, "epsilon": 1.0348055305350443, "gamma": 381.4408974197189}}
{"target": 64.20022563447021, "params": {"C": 891.3270553341392, "epsilon": 13.933089277055029, "gamma": 356.2738808994914}}
{"target": 59.16305919942181, "params": {"C": 39.516989600931524, "epsilon": 1.002130981269656, "gamma": 307.40117429544694}}
{"target": 59.817901070216706, "params": {"C": 34.18849870127427, "epsilon": 22.088306495213157, "gamma": 323.07558918094963}}
{"target": 58.41791182015045, "params": {"C": 10.593948684814627, "epsilon": 0.027433745095143625, "gamma": 446.9539646323328}}
{"target": 64.19858366362838, "params": {"C": 746.5564231614396, "epsilon": 13.898524493735675, "gamma": 438.30876156198457}}
{"target": 64.24432690393294, "params": {"C": 1035.508598966376, "epsilon": 14.8559863860015, "gamma": 408.1051945151809}}
{"target": 58.28098286666058, "params": {"C": 3.6260211024740565, "epsilon": 2.1352384630925823, "gamma": 386.824495515685}}
{"target": 59.118916949766, "params": {"C": 14.63508128380897, "epsilon": 6.7042586032266405, "gamma": 359.8926442457835}}
{"target": 59.61066629998911, "params": {"C": 62.50287171994417, "epsilon": 0.9631101492166572, "gamma": 404.7816963747551}}
{"target": 64.08052118161831, "params": {"C": 731.7959002358951, "epsilon": 11.4672771359639, "gamma": 416.45810805678803}}
{"target": 69.53496192068626, "params": {"C": 4478.981483168287, "epsilon": 83.83011581469347, "gamma": 361.35478392516006}}
{"target": 72.61082194631011, "params": {"C": 2315.41111369281, "epsilon": 108.23654298184786, "gamma": 279.2291087527535}}
{"target": 58.988463200806585, "params": {"C": 2.0759293887790866, "epsilon": 14.06641102796543, "gamma": 345.3061812506469}}
{"target": 59.398053513081415, "params": {"C": 53.65786094157211, "epsilon": 1.3259083212857656, "gamma": 370.31251902307264}}
{"target": 64.30535685121612, "params": {"C": 549.255380310791, "epsilon": 16.149994279523742, "gamma": 363.33409818711357}}
{"target": 59.38834423889644, "params": {"C": 53.19341073129803, "epsilon": 1.349059594549943, "gamma": 327.5417816912717}}
{"target": 63.57003007132187, "params": {"C": 689.3819781363161, "epsilon": 1.4805185008147033, "gamma": 346.9397758798113}}
{"target": 59.544880984826726, "params": {"C": 14.989998096657299, "epsilon": 31.43845865997369, "gamma": 355.0597082249068}}
{"target": 59.73560738885103, "params": {"C": 35.26551299818213, "epsilon": 18.308556801192644, "gamma": 359.22348852433373}}
{"target": 63.526772039934464, "params": {"C": 1043.7053173384033, "epsilon": 0.5942214441362177, "gamma": 382.3417567961873}}
{"target": 63.80788947743357, "params": {"C": 111.28358240655756, "epsilon": 20.84622421578212, "gamma": 326.44772079693814}}
{"target": 63.520141879099825, "params": {"C": 822.342272019161, "epsilon": 0.46056385827992946, "gamma": 324.08784149819337}}
{"target": 59.20825298867442, "params": {"C": 45.5513792399661, "epsilon": 0.19555392014700462, "gamma": 335.9018540555634}}
{"target": 63.5169269273326, "params": {"C": 832.1437158363622, "epsilon": 0.3957535614311153, "gamma": 355.8768653008194}}
{"target": 64.31556285528802, "params": {"C": 569.1128747885432, "epsilon": 16.369980111024926, "gamma": 312.78688914450186}}
{"target": 64.24576594992881, "params": {"C": 475.88879087255344, "epsilon": 14.885930022264738, "gamma": 378.27098728359135}}
{"target": 63.532450238947696, "params": {"C": 763.531286505193, "epsilon": 0.7095041364072843, "gamma": 375.6197851927159}}
{"target": 63.49804658165257, "params": {"C": 194.91452727806595, "epsilon": 0.01649649937187836, "gamma": 354.88784466520843}}
{"target": 58.705732755431676, "params": {"C": 8.712369344793895, "epsilon": 4.011893956733704, "gamma": 377.0562211648969}}
{"target": 58.57211529868722, "params": {"C": 12.113620328384982, "epsilon": 1.1178761929296146, "gamma": 397.00786336855384}}
{"target": 60.554596529391574, "params": {"C": 59.6952928922921, "epsilon": 16.947064022349963, "gamma": 316.5461063249077}}
{"target": 61.689649680880756, "params": {"C": 104.1114255480047, "epsilon": 0.5603911436402517, "gamma": 339.52363133906493}}
{"target": 64.90248613809362, "params": {"C": 3782.2568966203003, "epsilon": 27.942440048414483, "gamma": 4.579211518715141}}
{"target": 58.607084397864696, "params": {"C": 14.793212504453978, "epsilon": 0.6241064990455465, "gamma": 405.3534003835895}}
{"target": 61.931887218413806, "params": {"C": 66.89253110253722, "epsilon": 27.121687498989658, "gamma": 422.5134739215222}}
{"target": 63.49991029341211, "params": {"C": 649.8802696637082, "epsilon": 0.04886008223734839, "gamma": 373.85247256202973}}
{"target": 59.45101619227928, "params": {"C": 8.52241795784493, "epsilon": 14.299485464499481, "gamma": 330.73155605272893}}
{"target": 64.06364772278752, "params": {"C": 1660.0991049640793, "epsilon": 11.129399239783805, "gamma": 438.8289490030279}}
{"target": 64.39625593112392, "params": {"C": 784.7083728681486, "epsilon": 18.09659364390822, "gamma": 344.1303675726537}}
{"target": 59.18816821402261, "params": {"C": 43.4766617385064, "epsilon": 0.30339813478192457, "gamma": 422.92437582914073}}
{"target": 59.05439080425701, "params": {"C": 0.29893055894802956, "epsilon": 16.453219230999284, "gamma": 341.0766736377039}}
{"target": 59.83136108283711, "params": {"C": 45.91790877527767, "epsilon": 13.832444761725853, "gamma": 425.82423728679396}}
{"target": 59.16883893161162, "params": {"C": 40.689836525827886, "epsilon": 0.6652526890779621, "gamma": 427.45533678386073}}
{"target": 63.49862548198911, "params": {"C": 1644.4960600550114, "epsilon": 0.022322656034676203, "gamma": 407.8431745457056}}
{"target": 63.532454986868586, "params": {"C": 993.2132635716783, "epsilon": 0.7096007302112914, "gamma": 319.5799141416734}}
{"target": 59.7082221082448, "params": {"C": 45.1513330320986, "epsilon": 11.34769576775427, "gamma": 364.4695239757422}}
{"target": 64.17497789266721, "params": {"C": 822.3142187871318, "epsilon": 13.407188566596517, "gamma": 308.3488488293825}}
{"target": 64.57589832186144, "params": {"C": 743.4446080382946, "epsilon": 21.721703236061767, "gamma": 399.11912176573077}}
{"target": 64.17315254059406, "params": {"C": 782.3118781218934, "epsilon": 13.369327788350443, "gamma": 391.40052147747855}}
{"target": 63.75305970413674, "params": {"C": 2688.3163958246573, "epsilon": 5.0640213756674015, "gamma": 377.89674274355025}}
{"target": 64.07676879037335, "params": {"C": 762.5246063229108, "epsilon": 11.392138418279325, "gamma": 345.92454414202155}}
{"target": 64.38748659316418, "params": {"C": 643.3326002340985, "epsilon": 17.91860231694017, "gamma": 319.97837655179194}}
{"target": 64.42483687050135, "params": {"C": 1393.9466374434012, "epsilon": 18.691221409530918, "gamma": 373.7947830941267}}
{"target": 59.74900720601651, "params": {"C": 11.419584934794127, "epsilon": 17.94338393273589, "gamma": 406.72930405522425}}
{"target": 63.526188398924106, "params": {"C": 736.2879503524676, "epsilon": 0.5824558097279704, "gamma": 426.9001112362008}}
{"target": 63.54237717847925, "params": {"C": 787.0258294187842, "epsilon": 0.9131394479218935, "gamma": 384.03366426041754}}
{"target": 64.15472059755075, "params": {"C": 969.1407786756488, "epsilon": 12.988754077520262, "gamma": 419.224597337709}}
{"target": 64.25774751219322, "params": {"C": 1423.8989945829555, "epsilon": 15.134665403616427, "gamma": 355.7356723568195}}
{"target": 63.52740846154044, "params": {"C": 333.5831818711413, "epsilon": 0.6070510839543146, "gamma": 315.19625250057226}}
{"target": 63.50305325298537, "params": {"C": 561.447690506086, "epsilon": 0.11377704689093182, "gamma": 378.17438851344207}}
{"target": 63.50753033381013, "params": {"C": 1138.9385248332444, "epsilon": 0.20529389603915238, "gamma": 434.1971306860164}}
{"target": 61.087302296941104, "params": {"C": 93.09099470914647, "epsilon": 1.0927709081624555, "gamma": 362.35764592270186}}
{"target": 59.45289472918607, "params": {"C": 9.437764338499749, "epsilon": 13.783968967033605, "gamma": 382.6906092814808}}
{"target": 64.07610825579673, "params": {"C": 1509.18775076248, "epsilon": 11.378911726858316, "gamma": 311.94189070613896}}
{"target": 59.702835291262865, "params": {"C": 44.8418110177904, "epsilon": 11.39145886553743, "gamma": 388.7654249794466}}
{"target": 63.51178923614306, "params": {"C": 483.6883970502487, "epsilon": 0.29182441204214254, "gamma": 373.32925781514484}}
{"target": 60.14605854058631, "params": {"C": 57.42081300077134, "epsilon": 12.098867361795246, "gamma": 330.013828869971}}
{"target": 59.428921403758025, "params": {"C": 0.6956681943614771, "epsilon": 19.39744048604483, "gamma": 395.96938167259475}}
{"target": 63.545499979736135, "params": {"C": 602.2718005686182, "epsilon": 0.97727510860531, "gamma": 334.0540931434858}}
{"target": 59.48029267608806, "params": {"C": 32.3870395836786, "epsilon": 9.924095686793061, "gamma": 443.1054157986813}}
{"target": 64.909817878765, "params": {"C": 1417.1665262297893, "epsilon": 27.84768474324285, "gamma": 406.4270166141894}}
{"target": 59.78279286264414, "params": {"C": 6.323772248856107, "epsilon": 19.104364935608857, "gamma": 417.44357580943245}}
{"target": 59.442384367784044, "params": {"C": 57.14217245850721, "epsilon": 0.49507319491374824, "gamma": 268.40940912879256}}
{"target": 65.0227965819114, "params": {"C": 864.2609076661719, "epsilon": 29.80903622336509, "gamma": 350.3181073075637}}
{"target": 59.33461920314878, "params": {"C": 8.59107809937691, "epsilon": 13.308663974306342, "gamma": 291.74694494911233}}
{"target": 64.24305168000615, "params": {"C": 714.0768202074577, "epsilon": 14.829451555607443, "gamma": 376.02531217210986}}
{"target": 58.68501106077741, "params": {"C": 17.61390005628062, "epsilon": 0.9784762783706982, "gamma": 363.28961725006525}}
{"target": 64.11186955513138, "params": {"C": 797.4220531697002, "epsilon": 12.102847034950688, "gamma": 460.78143690817217}}
{"target": 63.50026169151696, "params": {"C": 492.13930930530194, "epsilon": 0.056118113344950205, "gamma": 453.5493234474275}}
{"target": 63.49909983379373, "params": {"C": 450.99680819971303, "epsilon": 0.03212026195934025, "gamma": 298.5560013879003}}
{"target": 59.540093533663196, "params": {"C": 22.65000907814156, "epsilon": 13.765335172925251, "gamma": 421.7287294742546}}
{"target": 59.51344022196092, "params": {"C": 16.735054878824457, "epsilon": 28.240616456530862, "gamma": 360.29742210681206}}
{"target": 58.31945857996534, "params": {"C": 0.16153815162794127, "epsilon": 4.011543488296105, "gamma": 391.6193396400965}}
{"target": 65.00524787989463, "params": {"C": 712.4978364471058, "epsilon": 29.512095227590045, "gamma": 278.71058431062363}}
{"target": 63.00119114829668, "params": {"C": 70.64074151251819, "epsilon": 33.95373724182008, "gamma": 428.7119562476498}}
{"target": 63.50845923737704, "params": {"C": 204.69261575508696, "epsilon": 0.22416510821919577, "gamma": 436.9890979981151}}
{"target": 63.503901384291055, "params": {"C": 774.5860610829626, "epsilon": 0.13129496549874253, "gamma": 473.62537150803}}
{"target": 63.53139958084084, "params": {"C": 630.853054998845, "epsilon": 0.6881290825106635, "gamma": 326.5679156832685}}
{"target": 59.55648494708365, "params": {"C": 58.24269123655901, "epsilon": 2.154267120942537, "gamma": 388.98332905296274}}
{"target": 60.006060398219574, "params": {"C": 50.44035547956111, "epsilon": 14.374840293414046, "gamma": 415.70578660075705}}
{"target": 64.05055105112278, "params": {"C": 685.4494302908378, "epsilon": 10.86774844475517, "gamma": 386.9085261141414}}
{"target": 63.24546184015903, "params": {"C": 150.63569005744142, "epsilon": 0.09597086058289328, "gamma": 418.9430872969787}}
{"target": 59.20032814328315, "params": {"C": 45.07436334759885, "epsilon": 0.19028461526301865, "gamma": 319.52111426913945}}
{"target": 64.16167591533683, "params": {"C": 747.8439267040895, "epsilon": 13.130798474497102, "gamma": 423.5026073558974}}
{"target": 64.57925719829015, "params": {"C": 1473.7717393214314, "epsilon": 21.786846922127797, "gamma": 286.48727354532514}}
{"target": 64.16182200867439, "params": {"C": 1076.8021002438718, "epsilon": 13.13386532712238, "gamma": 330.85126198309797}}
{"target": 63.53256514813645, "params": {"C": 678.8038551143648, "epsilon": 0.7118418998429388, "gamma": 370.93041235314047}}
{"target": 63.54990202565765, "params": {"C": 669.0223971201285, "epsilon": 1.0675262005850015, "gamma": 309.49024651129236}}
{"target": 64.2148187789521, "params": {"C": 692.7122797408388, "epsilon": 14.238104090652946, "gamma": 405.01691953087004}}
{"target": 63.51147312976716, "params": {"C": 1003.9054787794299, "epsilon": 0.2853940719273112, "gamma": 337.35802753609636}}
{"target": 58.28712453604029, "params": {"C": 1.1635863329429976, "epsilon": 4.419410806653881, "gamma": 338.95217514820257}}
{"target": 64.43692418136513, "params": {"C": 776.2433554476688, "epsilon": 18.941839891690684, "gamma": 326.2791722308042}}
