{"target": 41.81822203329408, "params": {"C": 701.9936497009162, "epsilon": 27.160599359487637, "gamma": 0.0438852140647352}}
{"target": 41.893332257569554, "params": {"C": 708.7256591769931, "epsilon": 27.147644471639133, "gamma": 0.04416379481001817}}
{"target": 39.2204830611346, "params": {"C": 743.968979119983, "epsilon": 21.514009686526137, "gamma": 0.006699517882295095}}
{"target": 43.92876954243985, "params": {"C": 844.6503866463075, "epsilon": 24.823282480525666, "gamma": 0.05818253310904553}}
{"target": 39.312277828850846, "params": {"C": 701.027193966903, "epsilon": 20.290070826311222, "gamma": 0.009567980372775134}}
{"target": 39.29568592039283, "params": {"C": 763.8656115468924, "epsilon": 21.74791894446046, "gamma": 0.004669340459486087}}
{"target": 39.624097076931704, "params": {"C": 770.5185548855225, "epsilon": 22.527515429346625, "gamma": 0.002694046711879205}}
{"target": 45.411340984010685, "params": {"C": 1208.16100826959, "epsilon": 26.598405986319854, "gamma": 0.059809156918077665}}
{"target": 39.15345244204264, "params": {"C": 1044.4311191542765, "epsilon": 25.920896137064325, "gamma": 0.008336139937829123}}
{"target": 40.09986943220804, "params": {"C": 778.6987859236152, "epsilon": 25.241357764026894, "gamma": 0.001515323851931618}}
{"target": 44.230024618738945, "params": {"C": 981.9455403187875, "epsilon": 25.06316127943702, "gamma": 0.0568190060403407}}
{"target": 39.81952608227637, "params": {"C": 750.6298421769844, "epsilon": 29.728036538100195, "gamma": 0.0023456637276053948}}
{"target": 39.52826100271072, "params": {"C": 1088.6416708614836, "epsilon": 23.649170829823806, "gamma": 0.0022659402534106407}}
{"target": 43.762394943787356, "params": {"C": 1030.8223095261137, "epsilon": 24.2552219212105, "gamma": 0.05204684202952681}}
{"target": 39.05513719007107, "params": {"C": 791.7683508476109, "epsilon": 25.596778014325636, "gamma": 0.007522365937802516}}
{"target": 47.868157451993696, "params": {"C": 950.8897931193345, "epsilon": 15.861822832296705, "gamma": 0.2770085354502514}}
{"target": 38.98089945528517, "params": {"C": 710.1663828308965, "epsilon": 24.520668935427395, "gamma": 0.0170063954764839}}
{"target": 44.10251056463212, "params": {"C": 808.8423024918368, "epsilon": 24.85140542739459, "gamma": 0.06170670615397966}}
{"target": 45.37204830078479, "params": {"C": 797.4679227300237, "epsilon": 24.387093388022528, "gamma": 0.08704490722668914}}
{"target": 43.93710308112939, "params": {"C": 874.4672010555281, "epsilon": 24.07018839887578, "gamma": 0.058247141637917374}}
{"target": 44.50922229779975, "params": {"C": 752.2915856327814, "epsilon": 23.785627592240964, "gamma": 0.07225476050318949}}
{"target": 44.86738456447476, "params": {"C": 700.8935948879416, "epsilon": 23.0051981646211, "gamma": 0.08744423432435385}}
{"target": 39.517047096034986, "params": {"C": 745.3759903160741, "epsilon": 25.50797114756086, "gamma": 0.0029271592932916986}}
{"target": 45.74598819911766, "params": {"C": 702.1443541149615, "epsilon": 24.84529746486163, "gamma": 0.12237496705231392}}
{"target": 45.25444175061328, "params": {"C": 716.9263220579726, "epsilon": 23.46657362215148, "gamma": 0.10003280642928442}}
{"target": 43.78986610793002, "params": {"C": 772.6968559899267, "epsilon": 23.847045928548628, "gamma": 0.060247968857871544}}
{"target": 44.45664024487137, "params": {"C": 833.0516355562044, "epsilon": 27.291423135200837, "gamma": 0.06317436377319524}}
{"target": 41.74533168769165, "params": {"C": 828.7592008051449, "epsilon": 24.090164271456956, "gamma": 0.04133934233972421}}
{"target": 44.30208586992529, "params": {"C": 812.6209052635331, "epsilon": 21.324179657334263, "gamma": 0.0698322179297955}}
{"target": 41.95751765648356, "params": {"C": 802.680766979588, "epsilon": 24.070250941503083, "gamma": 0.043722659640573903}}
{"target": 40.18647514471251, "params": {"C": 724.6663083342388, "epsilon": 24.1258845391705, "gamma": 0.02922674269841868}}
{"target": 43.78673071206665, "params": {"C": 725.6385778574025, "epsilon": 24.56623013956469, "gamma": 0.06138983755292021}}
{"target": 39.03946046744168, "params": {"C": 722.4635632593813, "epsilon": 26.282935593137783, "gamma": 0.013269498433648599}}
{"target": 42.10327210290435, "params": {"C": 703.6589353339972, "epsilon": 27.704280768093618, "gamma": 0.00034489752645227613}}
{"target": 42.774949071824835, "params": {"C": 700.2937395715732, "epsilon": 24.09649006249083, "gamma": 0.05391608370028953}}
{"target": 40.08844425594516, "params": {"C": 710.515534769815, "epsilon": 25.398794547122655, "gamma": 0.02699776040542569}}
{"target": 45.061338287815936, "params": {"C": 718.0592321283846, "epsilon": 20.4383707157708, "gamma": 0.0985455225407347}}
{"target": 45.05708370444165, "params": {"C": 788.3179118734338, "epsilon": 26.865695055429597, "gamma": 0.07659568812066865}}
{"target": 41.816213441143546, "params": {"C": 792.5694722618507, "epsilon": 24.30196095670576, "gamma": 0.00033895355264925396}}
{"target": 39.40671241920594, "params": {"C": 822.3737715055277, "epsilon": 26.318877777779957, "gamma": 0.003051942022247579}}
{"target": 48.27024627017871, "params": {"C": 1027.4152232794854, "epsilon": 21.353578621894457, "gamma": 0.32464935057487426}}
{"target": 44.2125639231641, "params": {"C": 702.234533412805, "epsilon": 26.59855856415866, "gamma": 0.06650678353536599}}
{"target": 41.06222899030367, "params": {"C": 836.5126651006184, "epsilon": 27.05141739770936, "gamma": 0.000624121831827756}}
{"target": 39.17174489869132, "params": {"C": 862.9636715271428, "epsilon": 24.418152951058687, "gamma": 0.006761146673044224}}
{"target": 40.093731066712124, "params": {"C": 703.621052534251, "epsilon": 25.21077031479733, "gamma": 0.0014834273026080608}}
{"target": 39.106264462781084, "params": {"C": 707.4340689689878, "epsilon": 25.09666665938268, "gamma": 0.01753265224183117}}
{"target": 51.2988418046123, "params": {"C": 822.8163587548798, "epsilon": 19.533432122828316, "gamma": 0.4924172677084794}}
{"target": 39.04231995264968, "params": {"C": 706.3757345117097, "epsilon": 29.520271449260672, "gamma": 0.007216744434211031}}
{"target": 40.06530042184863, "params": {"C": 742.9003556582267, "epsilon": 23.861669427552087, "gamma": 0.0015084243644947499}}
{"target": 44.420344050182266, "params": {"C": 704.3641840843819, "epsilon": 26.16564137329698, "gamma": 0.07121274508290693}}
{"target": 44.2212520368973, "params": {"C": 811.9548581439511, "epsilon": 26.53543596901112, "gamma": 0.061207946088008364}}
{"target": 45.94350364384325, "params": {"C": 817.1675445647027, "epsilon": 24.026106406685553, "gamma": 0.11355920335198183}}
{"target": 39.23050231515877, "params": {"C": 732.6823949080162, "epsilon": 22.198078696331528, "gamma": 0.008783133492781479}}
{"target": 39.3477576754459, "params": {"C": 903.8449991798352, "epsilon": 20.04852785098011, "gamma": 0.01089679321455101}}
{"target": 39.45238931716081, "params": {"C": 870.8076676786329, "epsilon": 19.493624686956032, "gamma": 0.008872486426465598}}
{"target": 45.02598738315758, "params": {"C": 923.0767383749342, "epsilon": 25.597884535049726, "gamma": 0.06857104435366042}}
{"target": 44.30416144781142, "params": {"C": 978.0730147432643, "epsilon": 20.04925282732001, "gamma": 0.06419743633500521}}
{"target": 39.11855075333089, "params": {"C": 705.7998429606938, "epsilon": 23.518272012407536, "gamma": 0.012273594808770407}}
{"target": 39.73389826759334, "params": {"C": 704.9586834394507, "epsilon": 27.25867792425616, "gamma": 0.002633906218259453}}
{"target": 46.329879348950485, "params": {"C": 889.3030378962433, "epsilon": 21.931172303736492, "gamma": 0.11846183322517925}}
{"target": 45.29872185745917, "params": {"C": 1042.0346668609825, "epsilon": 21.427045712755717, "gamma": 0.07343593129351778}}
{"target": 41.48005775380041, "params": {"C": 720.54334270078, "epsilon": 28.050443128816795, "gamma": 0.0004975736688425658}}
{"target": 39.12985099212398, "params": {"C": 888.1541666978932, "epsilon": 25.112794254128282, "gamma": 0.00832169634332509}}
{"target": 39.10570896367667, "params": {"C": 703.4112290850454, "epsilon": 23.425694717898573, "gamma": 0.014912567258417279}}
{"target": 43.93115889353281, "params": {"C": 842.6207225817319, "epsilon": 26.835153826425305, "gamma": 0.05664935668351086}}
{"target": 44.47113225006332, "params": {"C": 826.3807614345358, "epsilon": 27.11058226812745, "gamma": 0.06376667388695309}}
{"target": 45.11560702324768, "params": {"C": 774.656203875723, "epsilon": 18.408106386536875, "gamma": 0.09855834141282863}}
{"target": 39.49145246233265, "params": {"C": 924.2688515391211, "epsilon": 24.209549063373757, "gamma": 0.0024187701662351426}}
{"target": 47.3901547829616, "params": {"C": 1025.1494784105769, "epsilon": 23.92790471327918, "gamma": 0.12318862548447625}}
{"target": 39.34057222196405, "params": {"C": 706.1163669537682, "epsilon": 24.606649918738935, "gamma": 0.004573873281402047}}
{"target": 44.11059674298333, "params": {"C": 702.8284893999772, "epsilon": 28.426658215408295, "gamma": 0.06507240963111455}}
{"target": 49.03895739251779, "params": {"C": 1036.109424762029, "epsilon": 13.062540638614466, "gamma": 0.41337939104111354}}
{"target": 45.30979347954086, "params": {"C": 713.8172089353811, "epsilon": 27.490578032235835, "gamma": 0.10288305711877994}}
{"target": 39.67904446590573, "params": {"C": 711.0724990373958, "epsilon": 29.75032011618852, "gamma": 0.0029265310801656437}}
{"target": 44.22806945129797, "params": {"C": 851.8530226221965, "epsilon": 25.57261379658755, "gamma": 0.06040618627499783}}
{"target": 39.29739165720541, "params": {"C": 1041.078837926169, "epsilon": 23.120466648105612, "gamma": 0.003765084595992072}}
{"target": 39.23248024187012, "params": {"C": 993.0002781977494, "epsilon": 22.778264211814648, "gamma": 0.004417938824948221}}
{"target": 42.70556706236293, "params": {"C": 976.2492877602442, "epsilon": 23.209706485020625, "gamma": 0.045897306161131614}}
{"target": 39.72137270785277, "params": {"C": 949.509476469022, "epsilon": 23.883452323121947, "gamma": 0.001882221381696074}}
{"target": 46.70292076643298, "params": {"C": 962.6641238333256, "epsilon": 25.13682085394238, "gamma": 0.11376812933657071}}
{"target": 39.32580849966163, "params": {"C": 701.0227872139307, "epsilon": 24.970201730883346, "gamma": 0.004685806563198678}}
{"target": 43.76853727810141, "params": {"C": 856.632007393778, "epsilon": 23.439880076800797, "gamma": 0.05751432498392564}}
{"target": 47.647250177054396, "params": {"C": 834.8945842112335, "epsilon": 24.285578286991296, "gamma": 0.1448500172632039}}
{"target": 44.28356582200006, "params": {"C": 818.7108103996999, "epsilon": 27.072681839308515, "gamma": 0.06128054034302576}}
{"target": 40.02017092118765, "params": {"C": 794.1950376680448, "epsilon": 26.516296565191976, "gamma": 0.0019120462252524163}}
{"target": 48.17149802627436, "params": {"C": 1210.815119183264, "epsilon": 16.17289400249864, "gamma": 0.33370762360134193}}
{"target": 46.75159497094303, "params": {"C": 850.6427326013036, "epsilon": 26.461213761740208, "gamma": 0.12197426737736883}}
{"target": 44.88657836689297, "params": {"C": 823.8109304356553, "epsilon": 27.505888108051163, "gamma": 0.07110723943026659}}
{"target": 44.943756459423206, "params": {"C": 805.1464270367157, "epsilon": 29.238378114183803, "gamma": 0.07478600908174364}}
{"target": 43.49130723886755, "params": {"C": 816.5675698616719, "epsilon": 27.457245481582813, "gamma": 0.052770985349486696}}
{"target": 43.76175064175028, "params": {"C": 795.3156403152441, "epsilon": 20.231504946225147, "gamma": 0.06465717066300004}}
{"target": 42.74506555304436, "params": {"C": 797.2365924241482, "epsilon": 20.49280042419922, "gamma": 0.052662003431362056}}
{"target": 48.304471515518784, "params": {"C": 952.9309016841703, "epsilon": 10.457228588367137, "gamma": 0.25900905511780886}}
{"target": 43.756500630199284, "params": {"C": 784.4511918264001, "epsilon": 20.39720524141984, "gamma": 0.06476086199178481}}
{"target": 39.21004300294976, "params": {"C": 872.4749726833966, "epsilon": 23.036036636846294, "gamma": 0.007534570507813141}}
{"target": 42.77909236680419, "params": {"C": 872.8576621481103, "epsilon": 23.751367340417385, "gamma": 0.048642063904526404}}
{"target": 40.109670545922896, "params": {"C": 894.1410879545209, "epsilon": 23.951229085902263, "gamma": 0.0013088057224310886}}
{"target": 41.97188140010618, "params": {"C": 927.2065041580205, "epsilon": 23.979523914894678, "gamma": 0.00027893110664873634}}
{"target": 42.831011490342725, "params": {"C": 944.3314715712813, "epsilon": 21.37273783885066, "gamma": 0.04822400726462822}}
{"target": 39.39994558494349, "params": {"C": 962.3787334736737, "epsilon": 25.373066557322037, "gamma": 0.003308430555701453}}
{"target": 39.3163248132692, "params": {"C": 850.5112568438224, "epsilon": 27.001262267947897, "gamma": 0.00342243457514637}}
{"target": 42.88174531802739, "params": {"C": 715.3613698043595, "epsilon": 28.792231634295007, "gamma": 0.0002636694232561682}}
{"target": 39.69346738862886, "params": {"C": 897.7054804771208, "epsilon": 25.64972331417839, "gamma": 0.0022589768295126766}}
{"target": 44.86681780985845, "params": {"C": 977.0144386066964, "epsilon": 24.303845952067544, "gamma": 0.0651888384120788}}
{"target": 44.95772037392551, "params": {"C": 710.4258138618305, "epsilon": 29.671614444786837, "gamma": 0.08391136166240112}}
{"target": 46.58441382753681, "params": {"C": 1072.4460809685688, "epsilon": 22.588992442899862, "gamma": 0.10364115052343148}}
{"target": 43.06120152382345, "params": {"C": 910.4960113257397, "epsilon": 25.177853563014345, "gamma": 0.048423012139897706}}
{"target": 45.70928444225885, "params": {"C": 963.7233790996606, "epsilon": 24.41424555341618, "gamma": 0.08118987863968778}}
{"target": 44.4521995815462, "params": {"C": 813.6765419335604, "epsilon": 28.037088357342718, "gamma": 0.06429192909975046}}
{"target": 39.7191127725866, "params": {"C": 701.0641327826786, "epsilon": 28.923678397458428, "gamma": 0.002452598430805338}}
{"target": 39.113546223725095, "params": {"C": 827.3825759798106, "epsilon": 24.72080426462098, "gamma": 0.005934526514168392}}
{"target": 46.56158923456189, "params": {"C": 948.4833433693034, "epsilon": 25.14241887958904, "gamma": 0.11230900505863559}}
{"target": 44.271086615566574, "params": {"C": 798.2302174926208, "epsilon": 24.854233436545176, "gamma": 0.06432903722055285}}
{"target": 45.471551496030386, "params": {"C": 808.3966867078326, "epsilon": 24.2147941245275, "gamma": 0.0940936249083701}}
{"target": 44.033165928419265, "params": {"C": 823.1973941136317, "epsilon": 23.3232628692839, "gamma": 0.062397837942421444}}
{"target": 39.02290475776685, "params": {"C": 853.026447627067, "epsilon": 28.359257266996487, "gamma": 0.005345123994383485}}
{"target": 39.094335910539925, "params": {"C": 846.2738783277503, "epsilon": 27.082192280832437, "gamma": 0.008631302790086885}}
{"target": 42.78752612257949, "params": {"C": 817.5375109477127, "epsilon": 26.343774104640197, "gamma": 0.04773971978895488}}
{"target": 39.87842448258782, "params": {"C": 828.267812059037, "epsilon": 22.196329063792334, "gamma": 0.0015483457769741877}}
{"target": 39.23084381840464, "params": {"C": 806.1403254252081, "epsilon": 26.829040563155065, "gamma": 0.004291712778014078}}
{"target": 42.8372994034456, "params": {"C": 895.9337934827195, "epsilon": 28.350504721709985, "gamma": 0.0445541207601482}}
{"target": 44.7412886785195, "params": {"C": 871.121778095519, "epsilon": 27.722724455049306, "gamma": 0.06584906030203959}}
{"target": 45.513372334181874, "params": {"C": 907.4208608411038, "epsilon": 29.070604603363734, "gamma": 0.08432941502407869}}
{"target": 40.51253026338345, "params": {"C": 904.7464996412349, "epsilon": 27.814919435001585, "gamma": 0.029602460387467402}}
{"target": 39.76292712039844, "params": {"C": 950.8504514274086, "epsilon": 28.73275133114827, "gamma": 0.0019342723496303662}}
{"target": 39.26691018753, "params": {"C": 811.4135139232437, "epsilon": 29.571883073425948, "gamma": 0.009787093511921127}}
{"target": 43.366299836200746, "params": {"C": 840.4638335359418, "epsilon": 29.14176104344266, "gamma": 0.04974454771701174}}
{"target": 43.77768874683293, "params": {"C": 876.0512896554022, "epsilon": 29.455646656142513, "gamma": 0.052579908413852974}}
{"target": 40.31619358966621, "params": {"C": 782.3174725450334, "epsilon": 27.65334531754148, "gamma": 0.0015537700769643207}}
{"target": 39.038067000692685, "params": {"C": 880.5902669614563, "epsilon": 29.153669208239123, "gamma": 0.005659111954471209}}
{"target": 48.0157794571157, "params": {"C": 959.5746708651438, "epsilon": 28.3599757780367, "gamma": 0.15871740469434273}}
{"target": 46.35909473734809, "params": {"C": 827.7497844142104, "epsilon": 29.485550936697518, "gamma": 0.11366926066217274}}
{"target": 39.39175648399151, "params": {"C": 831.7825867288026, "epsilon": 27.571560190259838, "gamma": 0.0031922311359935465}}
{"target": 39.022008033123505, "params": {"C": 936.0344685058218, "epsilon": 28.144101994974854, "gamma": 0.004988672616904225}}
{"target": 44.472082594000526, "params": {"C": 787.4784041310897, "epsilon": 29.328968781774314, "gamma": 0.0653563458826727}}
{"target": 44.953654993926136, "params": {"C": 776.75216089823, "epsilon": 29.999626492168687, "gamma": 0.07778278465161509}}
{"target": 43.589445221775264, "params": {"C": 782.0841215332736, "epsilon": 27.15538621458565, "gamma": 0.05513420209556498}}
{"target": 39.329739701111734, "params": {"C": 923.3834268742371, "epsilon": 29.825840782184727, "gamma": 0.009150535855558304}}
{"target": 39.27642622668712, "params": {"C": 986.2816840483899, "epsilon": 27.151644461280593, "gamma": 0.014219010069074929}}
{"target": 44.01238745681624, "params": {"C": 921.7975840485523, "epsilon": 25.370847229126284, "gamma": 0.05603020430261787}}
{"target": 44.17384986082138, "params": {"C": 949.3872673514395, "epsilon": 29.121001545828854, "gamma": 0.05467965086110873}}
{"target": 48.631535323489814, "params": {"C": 1453.2741322901918, "epsilon": 22.61880700336423, "gamma": 0.34577404320924215}}
{"target": 39.241675543839655, "params": {"C": 876.0563012224561, "epsilon": 27.182208358457874, "gamma": 0.0037885605040772156}}
{"target": 42.88311038738848, "params": {"C": 947.1745018028435, "epsilon": 29.8048366581637, "gamma": 0.043062148250123125}}
{"target": 39.332147483777646, "params": {"C": 943.7789275827002, "epsilon": 27.419222500251692, "gamma": 0.015185479941090638}}
{"target": 39.15279924544707, "params": {"C": 991.4543581532961, "epsilon": 26.94901401775825, "gamma": 0.008747820578129086}}
{"target": 42.47929250022092, "params": {"C": 913.5722730083811, "epsilon": 27.996344652359173, "gamma": 0.04169994235597867}}
{"target": 45.50648168817035, "params": {"C": 952.6948386520777, "epsilon": 26.731898405494217, "gamma": 0.07368743176308576}}
{"target": 39.39495234089247, "params": {"C": 901.8114027745054, "epsilon": 25.822569930945814, "gamma": 0.0033377495150806787}}
{"target": 39.09659714210867, "params": {"C": 944.5107063406622, "epsilon": 26.918319186024227, "gamma": 0.006521392081750989}}
{"target": 43.835455152185325, "params": {"C": 933.0709775182803, "epsilon": 26.639835209118836, "gamma": 0.053323550377594384}}
{"target": 42.65390294335888, "params": {"C": 701.1115477456701, "epsilon": 22.583162955216423, "gamma": 0.054294670069481625}}
{"target": 39.53287234529945, "params": {"C": 750.4281572966962, "epsilon": 21.305825034692443, "gamma": 0.0029860971627668972}}
{"target": 40.791020281794815, "params": {"C": 745.0462639275328, "epsilon": 21.87281033158092, "gamma": 0.0007681139407256215}}
{"target": 39.52126480916021, "params": {"C": 729.264426437183, "epsilon": 24.065018048192083, "gamma": 0.003338015120770192}}
{"target": 47.00618126289391, "params": {"C": 947.1143540001228, "epsilon": 29.062340415425243, "gamma": 0.11493303412689042}}
{"target": 40.47866194039159, "params": {"C": 815.3265526498136, "epsilon": 23.454993297543652, "gamma": 0.0009190493054155452}}
{"target": 39.5651747968865, "params": {"C": 867.4093284961792, "epsilon": 27.41835979961313, "gamma": 0.0025857248777299714}}
{"target": 46.598924181205746, "params": {"C": 856.0459910816027, "epsilon": 26.115200994635888, "gamma": 0.1197284055953546}}
{"target": 46.69602730875857, "params": {"C": 902.3474289097155, "epsilon": 27.683989664591678, "gamma": 0.115334698857859}}
{"target": 40.171961705958665, "params": {"C": 777.4825481246011, "epsilon": 27.567222515203465, "gamma": 0.0016866564851263262}}
{"target": 39.77822664995096, "params": {"C": 716.2019905348634, "epsilon": 26.094644600460633, "gamma": 0.002479526574001913}}
{"target": 47.46818261604051, "params": {"C": 863.0523818801283, "epsilon": 25.33976566216758, "gamma": 0.13592021483903496}}
{"target": 39.26142678726939, "params": {"C": 1006.4910893020269, "epsilon": 16.14921426061328, "gamma": 0.017248313994604327}}
{"target": 45.63870642174567, "params": {"C": 724.3975455841695, "epsilon": 26.794572521114233, "gamma": 0.114348979269271}}
{"target": 43.02680276346077, "params": {"C": 979.1514351177725, "epsilon": 17.312540238349087, "gamma": 0.053681161200344434}}
{"target": 40.72573066932786, "params": {"C": 1022.6037774711137, "epsilon": 27.272618061405073, "gamma": 0.0006498924040777461}}
{"target": 39.96811444048922, "params": {"C": 828.6536058543595, "epsilon": 27.656504270041083, "gamma": 0.0017778741523107704}}
{"target": 41.66552936805125, "params": {"C": 900.767438534301, "epsilon": 25.965579072581647, "gamma": 0.0003297712890890274}}
{"target": 43.67119610054539, "params": {"C": 847.2246092822859, "epsilon": 25.547424026645245, "gamma": 0.05523480466317668}}
{"target": 41.50082766497631, "params": {"C": 704.6749114717281, "epsilon": 29.81765154661509, "gamma": 0.038915909715347814}}
{"target": 45.486582420651565, "params": {"C": 843.8824360889589, "epsilon": 22.80590050666338, "gamma": 0.09179080677297516}}
