{"target": 44.959030470721146, "params": {"C": 1090.2424153979832, "epsilon": 25.166916140324147, "gamma": 0.06065783719563525}}
{"target": 44.730316998044245, "params": {"C": 1004.8309594423235, "epsilon": 24.556289004271864, "gamma": 0.061886369345766384}}
{"target": 43.96508493458323, "params": {"C": 901.4376498317321, "epsilon": 23.66673818344204, "gamma": 0.05831775635584809}}
{"target": 40.04377028558942, "params": {"C": 892.2873946578184, "epsilon": 28.562058560626898, "gamma": 0.00175289996486498}}
{"target": 39.55781492050747, "params": {"C": 788.646612681773, "epsilon": 25.692250610211673, "gamma": 0.002782307460440535}}
{"target": 39.21283513421454, "params": {"C": 895.2052888372683, "epsilon": 24.976637883043754, "gamma": 0.004369689620966125}}
{"target": 46.761611716653064, "params": {"C": 931.6460773339359, "epsilon": 19.504499306557353, "gamma": 0.12886013043986122}}
{"target": 41.07536145354088, "params": {"C": 961.7626439546906, "epsilon": 27.0752887117613, "gamma": 0.0005549495389221646}}
{"target": 42.29035699492978, "params": {"C": 806.2961938458695, "epsilon": 22.65209852705099, "gamma": 0.047559929360006206}}
{"target": 46.60383988817567, "params": {"C": 837.2052905235182, "epsilon": 22.454873988244913, "gamma": 0.12858034463137913}}
{"target": 39.39455916691536, "params": {"C": 773.36237098746, "epsilon": 25.427862372954355, "gamma": 0.003154535539137103}}
{"target": 46.308819584425535, "params": {"C": 707.717409946208, "epsilon": 25.334137539385505, "gamma": 0.13103249770863407}}
{"target": 40.25618050946596, "params": {"C": 903.5465663581965, "epsilon": 22.06589235321773, "gamma": 0.0012005604572098063}}
{"target": 39.87792205211848, "params": {"C": 826.0376316243131, "epsilon": 26.940157190340944, "gamma": 0.0020743397976210457}}
{"target": 44.14520683987209, "params": {"C": 800.5259194586297, "epsilon": 29.42100082997081, "gamma": 0.06017113376558226}}
{"target": 48.609513382680824, "params": {"C": 1308.3098412851227, "epsilon": 15.588979330053998, "gamma": 0.19758400056092706}}
{"target": 46.36016458121297, "params": {"C": 943.3715617129412, "epsilon": 27.390486111611278, "gamma": 0.10663225880224586}}
{"target": 41.40498383262718, "params": {"C": 739.920599452177, "epsilon": 19.20511269008768, "gamma": 0.04540853364203863}}
{"target": 43.72051183091299, "params": {"C": 932.5564502580437, "epsilon": 26.227556281793355, "gamma": 0.052638138708529486}}
{"target": 44.847135117827264, "params": {"C": 1092.2223447031758, "epsilon": 20.108609255062078, "gamma": 0.06606206002465752}}
{"target": 43.814802497052156, "params": {"C": 847.3092262772259, "epsilon": 27.453366424497197, "gamma": 0.055015466356456336}}
{"target": 41.67838927280975, "params": {"C": 800.3852926830376, "epsilon": 21.242096694129653, "gamma": 0.04390910792735914}}
{"target": 44.62040107248648, "params": {"C": 1043.3172690944918, "epsilon": 21.61236600748642, "gamma": 0.06387636822686966}}
{"target": 42.77819178527885, "params": {"C": 817.6993648799055, "epsilon": 27.83381728007978, "gamma": 0.04654075733037337}}
{"target": 40.34669513261618, "params": {"C": 848.5647952195816, "epsilon": 23.412373888835255, "gamma": 0.0011902066818223114}}
{"target": 42.11848225775874, "params": {"C": 806.007822774825, "epsilon": 28.22585683566406, "gamma": 0.04197165287119818}}
{"target": 44.46286002978096, "params": {"C": 806.8102036260091, "epsilon": 27.063331845674107, "gamma": 0.0647162378222385}}
{"target": 45.28239037175469, "params": {"C": 1002.8063402752562, "epsilon": 21.51178983249306, "gamma": 0.07556241397773508}}
{"target": 43.17421541126943, "params": {"C": 819.4312296157777, "epsilon": 24.225929071224407, "gamma": 0.0001806828836446485}}
{"target": 43.52573841756656, "params": {"C": 793.4850430316731, "epsilon": 27.87018293063283, "gamma": 0.05374059461027466}}
{"target": 39.92347301275603, "params": {"C": 812.5052523708109, "epsilon": 24.580535611773065, "gamma": 0.0015911426963353074}}
{"target": 44.40180899439247, "params": {"C": 987.8121380285588, "epsilon": 24.532538539713432, "gamma": 0.05878200286307455}}
{"target": 43.93827758257132, "params": {"C": 934.5928859873137, "epsilon": 25.044600422523445, "gamma": 0.055345990997608216}}
{"target": 39.09522308751218, "params": {"C": 707.3705355846657, "epsilon": 29.55583426253069, "gamma": 0.008939294013767264}}
{"target": 41.85697740722187, "params": {"C": 801.5720550502117, "epsilon": 28.2385552147485, "gamma": 0.0003330917194770758}}
{"target": 44.95363754341939, "params": {"C": 704.1307219654552, "epsilon": 24.29506931047445, "gamma": 0.08497170995814261}}
{"target": 40.3870476023926, "params": {"C": 700.5951231771794, "epsilon": 24.12796546102352, "gamma": 0.032390075337114105}}
{"target": 44.013992886428014, "params": {"C": 912.5980025487826, "epsilon": 23.92480901451835, "gamma": 0.05816033069110911}}
{"target": 45.0613169058734, "params": {"C": 706.5313670396409, "epsilon": 28.113373558581767, "gamma": 0.08548851443609733}}
{"target": 42.80322429978615, "params": {"C": 939.9452939507966, "epsilon": 26.31806451776058, "gamma": 0.04437810835917527}}
{"target": 40.84941997262125, "params": {"C": 808.3937652070059, "epsilon": 26.12122044090269, "gamma": 0.0006405894835102531}}
{"target": 39.710985357560105, "params": {"C": 938.4342938802952, "epsilon": 21.83634750650499, "gamma": 0.0020467603391507855}}
{"target": 45.267868426741316, "params": {"C": 937.8726583485532, "epsilon": 27.493734837876513, "gamma": 0.07042167744508795}}
{"target": 43.74510582095611, "params": {"C": 944.4229562622514, "epsilon": 27.193622687591954, "gamma": 0.05175680655899869}}
{"target": 46.55232422078129, "params": {"C": 852.4756166061818, "epsilon": 24.16655037817365, "gamma": 0.12260038194636881}}
{"target": 45.80566275744905, "params": {"C": 998.7190205569118, "epsilon": 29.583504029030472, "gamma": 0.08568629959294291}}
{"target": 42.815132596617204, "params": {"C": 766.5754563442902, "epsilon": 26.461074046180045, "gamma": 0.00024090928012650802}}
{"target": 40.31074310524556, "params": {"C": 814.6314064065075, "epsilon": 24.326268371170386, "gamma": 0.0011496245793778444}}
{"target": 39.03161314541207, "params": {"C": 1054.9623992289594, "epsilon": 26.504983973520094, "gamma": 0.004979252771809649}}
{"target": 40.90452663516064, "params": {"C": 1041.186594015384, "epsilon": 24.692203026515703, "gamma": 0.0005024606033879747}}
{"target": 39.21888663111435, "params": {"C": 1037.8597375792156, "epsilon": 22.347840571682077, "gamma": 0.005261902243551413}}
{"target": 43.21747492881133, "params": {"C": 1044.9883705058753, "epsilon": 23.74347067281869, "gamma": 0.00013908321059158055}}
{"target": 43.12937034577419, "params": {"C": 816.5497421989579, "epsilon": 29.99321787930661, "gamma": 0.04790792707760959}}
{"target": 40.28917943490275, "params": {"C": 926.1342823821872, "epsilon": 26.964894504183384, "gamma": 0.0011107520514339344}}
{"target": 46.035895366839725, "params": {"C": 762.6769852461608, "epsilon": 27.717193189191615, "gamma": 0.11593208588918245}}
{"target": 43.60097633536259, "params": {"C": 855.581383763252, "epsilon": 23.66205471441765, "gamma": 0.055687548059743436}}
{"target": 40.99335255272662, "params": {"C": 799.3489805255205, "epsilon": 29.954035825812262, "gamma": 0.0008040259770507787}}
{"target": 41.258375068492796, "params": {"C": 779.2878848169781, "epsilon": 25.158223437018155, "gamma": 0.0004988680664275713}}
{"target": 39.7531302747204, "params": {"C": 720.9647182940195, "epsilon": 24.207195662755854, "gamma": 0.0021624394540491025}}
{"target": 44.09004653015586, "params": {"C": 1028.960707722465, "epsilon": 27.95167774132056, "gamma": 0.052042542315434086}}
{"target": 46.06592774215823, "params": {"C": 940.8862399133897, "epsilon": 23.97815920337732, "gamma": 0.10146056247368654}}
{"target": 45.31314824778413, "params": {"C": 1043.8110648523761, "epsilon": 28.775922475096728, "gamma": 0.0657113515861293}}
{"target": 40.45175780078013, "params": {"C": 940.7092934439604, "epsilon": 23.38837026247987, "gamma": 0.0010281853724553227}}
{"target": 45.96562290759301, "params": {"C": 883.6737587994355, "epsilon": 23.91300379101371, "gamma": 0.10558153793399712}}
{"target": 45.9172073406897, "params": {"C": 846.1715544170364, "epsilon": 25.0989437703864, "gamma": 0.10751058397366094}}
{"target": 43.002800976460634, "params": {"C": 833.8528198187134, "epsilon": 24.621090635784125, "gamma": 0.05086582728426817}}
{"target": 43.451369142364214, "params": {"C": 854.5240376458795, "epsilon": 26.90871255318493, "gamma": 0.05169275280809645}}
{"target": 44.411639857741946, "params": {"C": 700.7442665914675, "epsilon": 24.171017909777774, "gamma": 0.07354998132871418}}
{"target": 39.32802980346879, "params": {"C": 962.670873939524, "epsilon": 26.561477576639476, "gamma": 0.003248615076322634}}
{"target": 39.10969195939499, "params": {"C": 908.491921852175, "epsilon": 27.464014952677022, "gamma": 0.004923752075836296}}
{"target": 43.8638226991063, "params": {"C": 766.9624011102679, "epsilon": 26.871132881292176, "gamma": 0.05864886946524018}}
{"target": 44.343049719429516, "params": {"C": 803.3486629969892, "epsilon": 27.300025179135414, "gamma": 0.0627914837888057}}
{"target": 48.48058659680922, "params": {"C": 1171.4229442869507, "epsilon": 11.869516318218738, "gamma": 0.36418328130258554}}
{"target": 39.71427572826543, "params": {"C": 703.9391627451685, "epsilon": 20.43232503636938, "gamma": 0.002686396195321336}}
{"target": 39.07532935691545, "params": {"C": 703.6836139285944, "epsilon": 25.820902718152727, "gamma": 0.012580249762010656}}
{"target": 40.39062820307411, "params": {"C": 950.1392301673059, "epsilon": 24.03336641973199, "gamma": 0.0009805015423701435}}
{"target": 44.77900341599693, "params": {"C": 895.5438610571482, "epsilon": 18.938197211776803, "gamma": 0.07624992775391708}}
{"target": 44.80539293444467, "params": {"C": 943.5948343009087, "epsilon": 19.71329840813023, "gamma": 0.0732451956986313}}
{"target": 39.57859882167677, "params": {"C": 928.6109953930325, "epsilon": 29.813646039258444, "gamma": 0.002715756261430353}}
{"target": 43.08651752353841, "params": {"C": 803.4542679971798, "epsilon": 25.128906473284125, "gamma": 0.05194206569735632}}
{"target": 47.08995922504424, "params": {"C": 895.0537005032927, "epsilon": 27.549395954886187, "gamma": 0.12258654837881146}}
{"target": 39.57767866834948, "params": {"C": 1022.3939548257346, "epsilon": 18.924792734762914, "gamma": 0.009433451150545474}}
{"target": 43.63256200529059, "params": {"C": 801.9245862560837, "epsilon": 25.651403245835454, "gamma": 0.05623969075879489}}
{"target": 45.348175166367604, "params": {"C": 706.0482355343925, "epsilon": 28.239731553384335, "gamma": 0.10588753723960186}}
{"target": 41.42182452958237, "params": {"C": 782.4812483914246, "epsilon": 24.30002291622639, "gamma": 0.03995774666423178}}
{"target": 45.20665526865829, "params": {"C": 704.2313734385638, "epsilon": 26.81848815246062, "gamma": 0.09753657960087773}}
{"target": 42.60250398941677, "params": {"C": 791.6536586882979, "epsilon": 22.899026488827282, "gamma": 0.050588313482352196}}
{"target": 39.833795237030095, "params": {"C": 859.7904048712624, "epsilon": 26.828231190911314, "gamma": 0.002119469831568889}}
{"target": 44.43065989708674, "params": {"C": 717.661101053928, "epsilon": 27.17765745126855, "gamma": 0.06945606786053513}}
{"target": 40.12509903271082, "params": {"C": 850.9782357165202, "epsilon": 26.37562880025908, "gamma": 0.0016284185218788747}}
{"target": 46.157471369562835, "params": {"C": 962.4164078675034, "epsilon": 23.64948236185424, "gamma": 0.10205666706352798}}
{"target": 39.0761552997215, "params": {"C": 705.6114895983745, "epsilon": 26.15302762232936, "gamma": 0.007093589190701211}}
{"target": 39.239240730191504, "params": {"C": 705.4652913018339, "epsilon": 26.023814470816014, "gamma": 0.004500705236503274}}
{"target": 45.31808626041825, "params": {"C": 1032.4220540796985, "epsilon": 23.427516540434286, "gamma": 0.07090186600439352}}
{"target": 39.418123792295006, "params": {"C": 870.2072343002942, "epsilon": 21.423260682117327, "gamma": 0.003335624638062272}}
{"target": 48.99565663318832, "params": {"C": 1440.5544357961753, "epsilon": 19.62643445815275, "gamma": 0.38373086566791603}}
{"target": 42.39340548979932, "params": {"C": 700.9872837654096, "epsilon": 25.93336809218785, "gamma": 0.048836071797125125}}
{"target": 45.25253405401851, "params": {"C": 1013.6768692925276, "epsilon": 24.162425282189457, "gamma": 0.06915042790512771}}
{"target": 42.23194431334899, "params": {"C": 702.9269545211044, "epsilon": 22.374045540903587, "gamma": 0.05062043370890351}}
{"target": 42.629192923557575, "params": {"C": 978.658482430523, "epsilon": 23.13725067340353, "gamma": 0.04535945689904279}}
{"target": 40.828815933130755, "params": {"C": 964.9265965134903, "epsilon": 23.921023015288867, "gamma": 0.0006281512060009597}}
{"target": 40.528557399357446, "params": {"C": 889.0750634008656, "epsilon": 27.121344648823573, "gamma": 0.0009030468303032934}}
{"target": 43.20547847964606, "params": {"C": 867.673015183159, "epsilon": 24.763470138687953, "gamma": 0.05121784413823115}}
{"target": 43.10964389939963, "params": {"C": 895.3561265298065, "epsilon": 25.582892689153358, "gamma": 0.04881372784379815}}
{"target": 43.12613910994485, "params": {"C": 972.945053339955, "epsilon": 24.487527329852085, "gamma": 0.04787063133459257}}
{"target": 44.84650100320047, "params": {"C": 897.6606266902943, "epsilon": 28.273070895995158, "gamma": 0.06590875190815153}}
{"target": 44.62993053854877, "params": {"C": 701.276859203248, "epsilon": 28.348889655628103, "gamma": 0.07379698440044209}}
{"target": 43.26768519986608, "params": {"C": 775.6821521976408, "epsilon": 23.718040660554802, "gamma": 0.00018546302220060797}}
{"target": 39.52563564881368, "params": {"C": 769.7546072404026, "epsilon": 24.117753555155208, "gamma": 0.0032048592525178946}}
{"target": 46.684482988046526, "params": {"C": 797.6001350087628, "epsilon": 27.50289349441447, "gamma": 0.12391055772288939}}
{"target": 42.99332114051304, "params": {"C": 802.1169413523088, "epsilon": 28.02556100443537, "gamma": 0.04856056606631759}}
{"target": 41.087067822017765, "params": {"C": 949.2591025172461, "epsilon": 25.806262427476277, "gamma": 0.00047638384501786854}}
{"target": 39.857890383305794, "params": {"C": 790.1412538662362, "epsilon": 27.71148331890867, "gamma": 0.0020073742209494655}}
{"target": 39.72049178363719, "params": {"C": 845.8373176327245, "epsilon": 20.705233609991357, "gamma": 0.002334456812014}}
{"target": 41.86025989373569, "params": {"C": 859.1326681473871, "epsilon": 28.671327670288118, "gamma": 0.00032866028449473825}}
{"target": 44.27174144742912, "params": {"C": 950.4573967571988, "epsilon": 28.943039999902346, "gamma": 0.0560079089935583}}
{"target": 47.884311494361704, "params": {"C": 1063.5343753917618, "epsilon": 27.848956225981407, "gamma": 0.12289768607668858}}
{"target": 41.7720690345466, "params": {"C": 791.4801544253722, "epsilon": 28.191712342643637, "gamma": 0.04008502380470773}}
{"target": 48.240220760642785, "params": {"C": 1046.1503489316665, "epsilon": 26.71158472865391, "gamma": 0.1440331192911671}}
{"target": 39.26869049740132, "params": {"C": 779.0248736470132, "epsilon": 27.72814668797158, "gamma": 0.004044538279799193}}
{"target": 43.006862410340844, "params": {"C": 702.1249234496956, "epsilon": 29.495516696906275, "gamma": 0.05072418065729515}}
{"target": 42.643073240597204, "params": {"C": 780.1633842301073, "epsilon": 21.31781113835406, "gamma": 0.051813943107553447}}
{"target": 39.16613199286415, "params": {"C": 706.2287994675283, "epsilon": 29.433636631088767, "gamma": 0.005092300946995058}}
{"target": 44.15217281324907, "params": {"C": 1067.1868293165935, "epsilon": 26.025921886109213, "gamma": 0.053038426323634674}}
{"target": 50.936365223377535, "params": {"C": 1281.3703220354143, "epsilon": 17.352445501499076, "gamma": 0.4886878003550896}}
{"target": 39.41130131444076, "params": {"C": 1118.7743198013345, "epsilon": 20.860002096305546, "gamma": 0.006810839036037413}}
{"target": 43.94542184635765, "params": {"C": 996.7278457384791, "epsilon": 27.081912954094975, "gamma": 0.05226249629899116}}
{"target": 45.62588665603286, "params": {"C": 795.900218782625, "epsilon": 25.2742720487882, "gamma": 0.10319951478865866}}
{"target": 45.76145649578423, "params": {"C": 885.6307363236112, "epsilon": 22.966456681907413, "gamma": 0.09875035044303596}}
{"target": 44.67287649894391, "params": {"C": 885.660203065747, "epsilon": 25.250772065823725, "gamma": 0.06554973053027215}}
{"target": 44.460003164496456, "params": {"C": 892.0183514968336, "epsilon": 23.335678126217203, "gamma": 0.06455141843777361}}
{"target": 39.29844893867318, "params": {"C": 1003.4251337891719, "epsilon": 20.639303086698, "gamma": 0.005156646021007348}}
{"target": 50.15357273916602, "params": {"C": 986.7787550812936, "epsilon": 18.39058399491165, "gamma": 0.4458608588449487}}
{"target": 42.49035185764424, "params": {"C": 790.5252679968972, "epsilon": 24.817762703391395, "gamma": 0.047722535325172545}}
{"target": 44.58921707428245, "params": {"C": 924.7996701468948, "epsilon": 21.29965526519566, "gamma": 0.0686458857920902}}
{"target": 40.84343830489139, "params": {"C": 875.4358036980298, "epsilon": 23.671991658568047, "gamma": 0.0006443062098008719}}
{"target": 44.482181799984836, "params": {"C": 700.8130044478112, "epsilon": 27.01279156107693, "gamma": 0.07185684760893804}}
{"target": 48.524569549170124, "params": {"C": 793.2254352413764, "epsilon": 19.936085413281827, "gamma": 0.3452199634694456}}
{"target": 40.8535473757164, "params": {"C": 745.9668013222775, "epsilon": 29.920490463029736, "gamma": 0.0009661815103414054}}
{"target": 46.152832850629764, "params": {"C": 871.456450806745, "epsilon": 29.63932954650839, "gamma": 0.10684367072083376}}
{"target": 40.172298445723605, "params": {"C": 738.3184531686637, "epsilon": 29.759716475802488, "gamma": 0.0018900212182630409}}
{"target": 39.31817335568762, "params": {"C": 705.5651767135905, "epsilon": 29.843935450928697, "gamma": 0.004347678248620141}}
{"target": 39.19804776220981, "params": {"C": 1005.3874289654436, "epsilon": 27.46847612997031, "gamma": 0.003986401243597209}}
{"target": 40.46777001127837, "params": {"C": 805.1757161639497, "epsilon": 26.737489145875244, "gamma": 0.0008658960707036553}}
{"target": 43.894876785807085, "params": {"C": 870.2714714886408, "epsilon": 27.72148402287975, "gamma": 0.054870400572029535}}
{"target": 43.62268439960985, "params": {"C": 835.6112145113044, "epsilon": 28.058698113918364, "gamma": 0.05330542284058109}}
{"target": 44.828056091286136, "params": {"C": 809.8863434894904, "epsilon": 29.79165876092165, "gamma": 0.0720386878620051}}
{"target": 39.689546862277794, "params": {"C": 856.6313854029484, "epsilon": 26.257071986517246, "gamma": 0.0024682174952683836}}
{"target": 46.97057174044536, "params": {"C": 959.2957991769042, "epsilon": 25.909419763976455, "gamma": 0.1173809587497002}}
{"target": 39.07483023814585, "params": {"C": 707.4976935174706, "epsilon": 26.381910995418583, "gamma": 0.005743675821862256}}
{"target": 45.100516989431014, "params": {"C": 805.6732429892435, "epsilon": 29.93337404608738, "gamma": 0.07889795885096776}}
{"target": 46.879542805697255, "params": {"C": 802.9665815053108, "epsilon": 29.940714549994787, "gamma": 0.1211102799777306}}
{"target": 41.40789074903288, "params": {"C": 701.470145182783, "epsilon": 24.122871103949635, "gamma": 0.042374666350154765}}
{"target": 46.10815228711577, "params": {"C": 702.918161192155, "epsilon": 22.386816168325765, "gamma": 0.13434138178341712}}
{"target": 40.41079327895386, "params": {"C": 891.8949516220285, "epsilon": 25.59628491544587, "gamma": 0.0008804639792545071}}
{"target": 45.342592772994465, "params": {"C": 777.7055423706365, "epsilon": 22.501968579661852, "gamma": 0.09640038029510166}}
{"target": 39.663024029016, "params": {"C": 896.9268121580695, "epsilon": 23.606393276038197, "gamma": 0.0021922385686491963}}
{"target": 42.13990320863482, "params": {"C": 894.4651885140282, "epsilon": 25.36849403060793, "gamma": 0.04182394444850886}}
{"target": 39.84122286993568, "params": {"C": 800.0578882028565, "epsilon": 22.64369086297273, "gamma": 0.0017799494469065303}}
{"target": 42.478387070241546, "params": {"C": 1040.7583228769108, "epsilon": 23.03891415664241, "gamma": 0.04302838398494155}}
{"target": 44.79435633829545, "params": {"C": 1031.1416945590038, "epsilon": 24.438543569035698, "gamma": 0.06184569077564586}}
{"target": 39.21324491070061, "params": {"C": 797.35064451959, "epsilon": 21.594746894674145, "gamma": 0.00621389859617856}}
{"target": 44.044045914249104, "params": {"C": 703.9006596748726, "epsilon": 27.032806252956227, "gamma": 0.06355599936076303}}
{"target": 44.40377718779227, "params": {"C": 927.2855349104977, "epsilon": 26.926195205279313, "gamma": 0.05853771057404002}}
{"target": 41.19656679799977, "params": {"C": 1017.2333211354951, "epsilon": 23.511179787666016, "gamma": 0.00037322822199459434}}
{"target": 45.76994145479286, "params": {"C": 982.1072489355255, "epsilon": 26.189409264461247, "gamma": 0.07975187181354028}}
{"target": 39.521940687240146, "params": {"C": 940.3505754644175, "epsilon": 28.9981959871462, "gamma": 0.002559235843792024}}
{"target": 40.17828662642904, "params": {"C": 707.1330451973109, "epsilon": 26.688015084171674, "gamma": 0.0016690908023984609}}
{"target": 39.54886579567067, "params": {"C": 1001.36108727116, "epsilon": 27.790761619228462, "gamma": 0.0023401850079562986}}
{"target": 40.21275793890292, "params": {"C": 983.5084480330905, "epsilon": 27.729937073025972, "gamma": 0.0013372502835649995}}
{"target": 43.2649127480119, "params": {"C": 840.8787660127318, "epsilon": 25.20775560939878, "gamma": 0.052146049758128275}}
{"target": 44.47112828556406, "params": {"C": 794.1775798601346, "epsilon": 25.64290566856701, "gamma": 0.06668986919214098}}
