{"target": 65.17392697470758, "params": {"C": 274.944056746396, "epsilon": 34.26127828651324, "gamma": 3.557187114251557}}
{"target": 58.01877979395274, "params": {"C": 1102.0508083989466, "epsilon": 5.982819970919026, "gamma": 1.0484704738898987}}
{"target": 64.8322203899173, "params": {"C": 1460.6083337680093, "epsilon": 26.485252816305078, "gamma": 61.41727472003101}}
{"target": 65.1806669977442, "params": {"C": 797.4617082699099, "epsilon": 32.244586011204646, "gamma": 6.252378507893937}}
{"target": 59.620911015481354, "params": {"C": 1519.5358083157578, "epsilon": 24.02533820003367, "gamma": 1.0388773218192802}}
{"target": 64.93098730103226, "params": {"C": 553.9287413027735, "epsilon": 28.886685280172376, "gamma": 4.175594117509707}}
{"target": 63.824311954372874, "params": {"C": 143.469714467168, "epsilon": 14.825129518450353, "gamma": 3.0087144422008}}
{"target": 64.26118224112892, "params": {"C": 1267.3858482544783, "epsilon": 19.706166334335368, "gamma": 3.159982466716959}}
{"target": 63.63260494808475, "params": {"C": 121.23460943740224, "epsilon": 16.055984834297977, "gamma": 3.4031758409098916}}
{"target": 63.53919136480265, "params": {"C": 1283.1956235807356, "epsilon": 0.8477096464161011, "gamma": 100.70560380874765}}
{"target": 63.51913861135417, "params": {"C": 927.4819588436557, "epsilon": 0.42668597062356817, "gamma": 26.25933999769621}}
{"target": 64.97940515984085, "params": {"C": 1733.8962915659013, "epsilon": 30.070478775333545, "gamma": 3.947546141023163}}
{"target": 62.165932316694786, "params": {"C": 2140.3898480603248, "epsilon": 2.2092062683739258, "gamma": 1.9688102232363502}}
{"target": 64.60406416666058, "params": {"C": 529.549737940964, "epsilon": 22.430036023359982, "gamma": 4.501557269216382}}
{"target": 64.41324041608095, "params": {"C": 1500.452930308043, "epsilon": 18.445978407512975, "gamma": 59.147588983111646}}
{"target": 65.22143590589349, "params": {"C": 574.9855071880429, "epsilon": 33.20522028883436, "gamma": 43.443471990641584}}
{"target": 64.28561614547384, "params": {"C": 748.2701528541231, "epsilon": 15.731203817266383, "gamma": 62.10306234583578}}
{"target": 64.99417349170093, "params": {"C": 1496.9136960871815, "epsilon": 29.319849132806404, "gamma": 57.268275075810784}}
{"target": 64.28747399254391, "params": {"C": 1230.2524345167612, "epsilon": 15.770948563740303, "gamma": 118.1381849487613}}
{"target": 62.45859193029975, "params": {"C": 71.09977184183305, "epsilon": 35.01612190524382, "gamma": 1.9034071518978475}}
{"target": 60.84839532348393, "params": {"C": 428.28431992616845, "epsilon": 18.611913538944528, "gamma": 1.2824967193751897}}
{"target": 64.08135259830595, "params": {"C": 1240.769789091258, "epsilon": 18.492390217071698, "gamma": 2.8690770933075913}}
{"target": 65.37640717731718, "params": {"C": 1173.9479888623116, "epsilon": 35.873213190228824, "gamma": 81.15175566345104}}
{"target": 58.36000316734463, "params": {"C": 81.92012503292517, "epsilon": 18.81304831619074, "gamma": 1.097703901863449}}
{"target": 65.19829918396685, "params": {"C": 677.8059562983564, "epsilon": 33.058423197971166, "gamma": 4.612866135261858}}
{"target": 63.548379303330094, "params": {"C": 1028.3622734507335, "epsilon": 0.22626773142196654, "gamma": 8.70851002224337}}
{"target": 63.522307367629026, "params": {"C": 724.6213564281053, "epsilon": 0.5042031190783298, "gamma": 55.70787467672735}}
{"target": 60.2000606196252, "params": {"C": 844.3452253236753, "epsilon": 0.4432528221218579, "gamma": 1.4066974304472453}}
{"target": 64.20997048730248, "params": {"C": 516.7268403297974, "epsilon": 14.136981311891018, "gamma": 73.53775009110255}}
{"target": 64.90608010437745, "params": {"C": 1399.7524078336403, "epsilon": 27.782042489171793, "gamma": 57.201748987550936}}
{"target": 64.21290647226533, "params": {"C": 737.9123710906364, "epsilon": 14.197877444574209, "gamma": 69.85181118988561}}
{"target": 61.796498240223514, "params": {"C": 1276.7864353525706, "epsilon": 27.02295958459496, "gamma": 1.3180131391243728}}
{"target": 64.81914062383018, "params": {"C": 1649.143347871936, "epsilon": 26.250025163932577, "gamma": 130.4010947677966}}
{"target": 59.28614556634251, "params": {"C": 1317.9200509621087, "epsilon": 25.061368008868406, "gamma": 0.9895325302231186}}
{"target": 64.02413234152091, "params": {"C": 1757.1544766088273, "epsilon": 10.337990715615975, "gamma": 70.68749435486272}}
{"target": 51.85511481036357, "params": {"C": 753.1342556132488, "epsilon": 13.282525453590072, "gamma": 0.5629453598776689}}
{"target": 63.537175741681935, "params": {"C": 762.6722490917493, "epsilon": 16.770980755057767, "gamma": 2.2863879467011206}}
{"target": 50.02304744635603, "params": {"C": 598.1616732139231, "epsilon": 16.838226113952928, "gamma": 0.4448224033767555}}
{"target": 64.69947300255436, "params": {"C": 903.2759838915931, "epsilon": 23.664309160186864, "gamma": 7.0329772523457486}}
{"target": 65.7679209315984, "params": {"C": 765.5287894069251, "epsilon": 41.76430805147052, "gamma": 67.28170431455754}}
{"target": 65.65207796526109, "params": {"C": 381.6948351271184, "epsilon": 40.20450378793817, "gamma": 67.776575485002}}
{"target": 65.0418212788537, "params": {"C": 703.8845263826474, "epsilon": 30.132421069593022, "gamma": 108.91089594593511}}
{"target": 63.62388418717349, "params": {"C": 1390.6812358246355, "epsilon": 2.5664365462637604, "gamma": 59.72408139587201}}
{"target": 53.613091728930385, "params": {"C": 218.3149173322064, "epsilon": 14.128426240596028, "gamma": 0.6534402263351637}}
{"target": 63.87992115129875, "params": {"C": 130.8878628708046, "epsilon": 14.719281107645138, "gamma": 74.47432318355159}}
{"target": 61.88855055747503, "params": {"C": 82.22771157148094, "epsilon": 15.945226969717343, "gamma": 64.35880167938619}}
{"target": 43.81561419548542, "params": {"C": 406.8048751399084, "epsilon": 1.2069707742858249, "gamma": 0.159654434930276}}
{"target": 47.51085504265311, "params": {"C": 866.9208399197855, "epsilon": 27.495796701597545, "gamma": 0.21743949849573393}}
{"target": 64.29725477527919, "params": {"C": 917.1336044416937, "epsilon": 31.303831922717862, "gamma": 2.1495830982609485}}
{"target": 63.921711789789, "params": {"C": 389.7747115973908, "epsilon": 8.313690644839147, "gamma": 72.9977791098593}}
{"target": 64.15828123520838, "params": {"C": 478.63968693911767, "epsilon": 13.061021882689133, "gamma": 88.74420731646681}}
{"target": 65.33495293105261, "params": {"C": 108.70310316855534, "epsilon": 40.3033026989284, "gamma": 55.88914265857842}}
{"target": 58.61308090879652, "params": {"C": 15.306564646156176, "epsilon": 0.5842092520104085, "gamma": 32.88849155514817}}
{"target": 59.098133934772065, "params": {"C": 35.01115082647152, "epsilon": 0.3190625126979807, "gamma": 38.01154548338503}}
{"target": 60.74943652086207, "params": {"C": 80.97556336186022, "epsilon": 5.092667024388586, "gamma": 64.49716414700661}}
{"target": 62.32973853025112, "params": {"C": 59.702013780973175, "epsilon": 35.18554846330714, "gamma": 72.77519121571862}}
{"target": 61.91626229795234, "params": {"C": 374.76305368574634, "epsilon": 27.636047621171947, "gamma": 1.330957402269199}}
{"target": 64.76674892994552, "params": {"C": 680.6756783876788, "epsilon": 25.31520998295138, "gamma": 31.867373703525654}}
{"target": 65.29222124659404, "params": {"C": 964.0203530393162, "epsilon": 34.422017822987485, "gamma": 67.25989815338285}}
{"target": 60.41548441070135, "params": {"C": 79.69425898708982, "epsilon": 22.598418063433563, "gamma": 1.429912072229461}}
{"target": 65.35443149723504, "params": {"C": 1301.3713149895577, "epsilon": 35.494143926331034, "gamma": 53.6140798492051}}
{"target": 65.36287871687746, "params": {"C": 928.3011581734576, "epsilon": 35.401842006144435, "gamma": 8.150718874030352}}
{"target": 65.00576967119457, "params": {"C": 794.5125350171104, "epsilon": 29.52096516203684, "gamma": 50.420264833410386}}
{"target": 65.37300238415905, "params": {"C": 897.152780715339, "epsilon": 35.81539725644623, "gamma": 73.32560558009823}}
{"target": 65.24571715433653, "params": {"C": 582.3083087882534, "epsilon": 33.6234310708713, "gamma": 48.01943401318232}}
{"target": 65.42348554758513, "params": {"C": 860.355670485769, "epsilon": 36.675469578456834, "gamma": 68.6472353461996}}
{"target": 64.59936759774921, "params": {"C": 935.017008644091, "epsilon": 22.17687643884053, "gamma": 63.31525162990438}}
{"target": 65.38558946725409, "params": {"C": 736.4156594941675, "epsilon": 36.02998204930685, "gamma": 36.05611831032938}}
{"target": 65.52778819277209, "params": {"C": 138.78183948628885, "epsilon": 41.91887102692421, "gamma": 2.8872721765531804}}
{"target": 61.33803703266415, "params": {"C": 1250.584506206862, "epsilon": 0.3541387414225383, "gamma": 1.6902019239544104}}
{"target": 64.28930530329237, "params": {"C": 946.3572932156069, "epsilon": 15.809696548974692, "gamma": 48.80084910275027}}
{"target": 53.35889686417937, "params": {"C": 519.8801764938762, "epsilon": 34.880497630391915, "gamma": 0.4762687493648711}}
{"target": 61.47879011187573, "params": {"C": 512.0001932930359, "epsilon": 43.61319818405969, "gamma": 0.956749149488431}}
{"target": 39.65447876180254, "params": {"C": 1117.3236242620083, "epsilon": 13.723098402254774, "gamma": 0.01000622920100852}}
{"target": 59.32823772818298, "params": {"C": 14.111911088075544, "epsilon": 8.754689102896545, "gamma": 4.95909120070159}}
{"target": 64.2191391338935, "params": {"C": 587.518963467028, "epsilon": 14.328983708958617, "gamma": 64.92371444545867}}
{"target": 64.08443958658434, "params": {"C": 727.8087505178487, "epsilon": 11.545607381711047, "gamma": 44.0284743341795}}
{"target": 63.90974857480857, "params": {"C": 481.1808059982354, "epsilon": 8.082822337170006, "gamma": 50.691563695580925}}
{"target": 49.41423142412101, "params": {"C": 1320.5235951054194, "epsilon": 0.2374394120478982, "gamma": 0.32060384910518447}}
{"target": 64.2170295742197, "params": {"C": 1580.9206386505389, "epsilon": 14.284570290690214, "gamma": 49.46210306131489}}
{"target": 63.5258852165577, "params": {"C": 627.6364558582792, "epsilon": 0.5756791347652115, "gamma": 39.281027809231716}}
{"target": 63.563501843871606, "params": {"C": 1295.2375445526066, "epsilon": 1.3469532923521808, "gamma": 42.07380104270749}}
{"target": 63.56799834270303, "params": {"C": 1856.2260294705516, "epsilon": 1.438789007777294, "gamma": 45.74678758616885}}
{"target": 59.25498102891269, "params": {"C": 42.575384764327396, "epsilon": 0.7025436408058354, "gamma": 5.090505807371519}}
{"target": 63.542079451784936, "params": {"C": 701.1164043186075, "epsilon": 0.8104666706692494, "gamma": 17.912421668360256}}
{"target": 63.52344498485907, "params": {"C": 1185.6146230559284, "epsilon": 0.5271512518933168, "gamma": 94.56685287259086}}
{"target": 63.840707718051604, "params": {"C": 1343.104500448808, "epsilon": 6.744961960408003, "gamma": 92.27711146110583}}
{"target": 63.70242785718879, "params": {"C": 1518.0921770673967, "epsilon": 4.1093115275495045, "gamma": 96.78700782114733}}
{"target": 63.7346409510652, "params": {"C": 1043.3551477383387, "epsilon": 4.716672807279049, "gamma": 59.750982393164605}}
{"target": 64.16088587933456, "params": {"C": 1642.8360333028072, "epsilon": 13.114206222520327, "gamma": 56.68213634644787}}
{"target": 63.59680763117929, "params": {"C": 1197.040182928924, "epsilon": 2.0227980504565544, "gamma": 44.48763824533942}}
{"target": 64.09462196820269, "params": {"C": 1187.9767700224554, "epsilon": 10.955833796741107, "gamma": 6.2190498523205004}}
{"target": 63.63933752727587, "params": {"C": 1276.9625273111894, "epsilon": 2.876896526377063, "gamma": 67.78810299503135}}
{"target": 63.54901079592779, "params": {"C": 813.6480030065152, "epsilon": 0.7812559223704412, "gamma": 13.575854343028162}}
{"target": 63.599409644007935, "params": {"C": 1677.1692172657874, "epsilon": 2.075207426153483, "gamma": 52.58164666717863}}
{"target": 63.81368479028274, "params": {"C": 1582.2080163448904, "epsilon": 7.9872136253503125, "gamma": 3.7375497216098394}}
{"target": 64.09322562715684, "params": {"C": 1585.5294477126404, "epsilon": 11.72075925547448, "gamma": 36.02298068503477}}
{"target": 64.2576695267712, "params": {"C": 1298.4047469650977, "epsilon": 15.12365675214331, "gamma": 25.509649590111316}}
{"target": 63.67262497930928, "params": {"C": 1081.6171873560988, "epsilon": 5.515769388383525, "gamma": 3.685311642571267}}
{"target": 63.97394944267952, "params": {"C": 1123.6931490108627, "epsilon": 9.338050008291797, "gamma": 55.647909879836135}}
{"target": 63.49174589858287, "params": {"C": 540.3980100502321, "epsilon": 5.106387898521186, "gamma": 3.1379310400401685}}
{"target": 59.15547550100111, "params": {"C": 1017.4947913292692, "epsilon": 16.05517567685503, "gamma": 1.0734911670880996}}
{"target": 62.95412062430894, "params": {"C": 1235.1680515621706, "epsilon": 1.4973425779573013, "gamma": 2.567609297459647}}
{"target": 56.95598826456386, "params": {"C": 1255.225664200777, "epsilon": 11.659695271878944, "gamma": 0.9016098701168809}}
{"target": 62.37917237185111, "params": {"C": 913.6377750987693, "epsilon": 1.1764587921360565, "gamma": 2.11588622798085}}
{"target": 63.6240554331702, "params": {"C": 611.5210107521527, "epsilon": 3.3856477914761074, "gamma": 4.061491779342478}}
{"target": 63.753919634471835, "params": {"C": 1525.999262105114, "epsilon": 4.240557774478045, "gamma": 5.934177239980407}}
{"target": 64.18377751854294, "params": {"C": 843.8928632081479, "epsilon": 13.098368331904577, "gamma": 5.094818367573336}}
{"target": 63.668320419759446, "params": {"C": 1604.9307905822088, "epsilon": 12.300165540190871, "gamma": 2.7093777352850186}}
{"target": 61.97624789020472, "params": {"C": 1608.63780405623, "epsilon": 13.63681984433721, "gamma": 1.6227451939152697}}
{"target": 64.62279977572727, "params": {"C": 1131.1218288082764, "epsilon": 22.620691831577076, "gamma": 62.52818684611548}}
{"target": 64.1473244577719, "params": {"C": 1532.94788235514, "epsilon": 12.837686576222625, "gamma": 66.20180917642338}}
{"target": 64.370994670165, "params": {"C": 1275.3074616017086, "epsilon": 17.571376359190204, "gamma": 76.35642398848445}}
{"target": 63.77611073293666, "params": {"C": 2077.79034602595, "epsilon": 18.656655086163337, "gamma": 2.4147220791327126}}
{"target": 57.020094052005405, "params": {"C": 897.2649775726712, "epsilon": 18.12724582877161, "gamma": 0.85058967489772}}
{"target": 64.05006248161929, "params": {"C": 1054.562179584183, "epsilon": 10.857982801214572, "gamma": 76.06927206555753}}
{"target": 57.94796249891276, "params": {"C": 458.7038777754372, "epsilon": 17.526095677905595, "gamma": 0.9345723525841466}}
{"target": 65.18773644013172, "params": {"C": 1669.3636244370928, "epsilon": 32.62110529920139, "gamma": 64.5172060453853}}
{"target": 57.30028264471414, "params": {"C": 1158.8874192083413, "epsilon": 12.172286118099894, "gamma": 0.925640491108155}}
{"target": 63.40150696620773, "params": {"C": 161.77589071450421, "epsilon": 0.6286970800608565, "gamma": 81.53680646139908}}
{"target": 62.20506766377307, "params": {"C": 96.54774890225747, "epsilon": 10.031264375177187, "gamma": 65.67438206221877}}
{"target": 64.09899677353746, "params": {"C": 1958.2826012752303, "epsilon": 11.838431591953668, "gamma": 124.66481760178888}}
{"target": 54.36420090980805, "params": {"C": 697.3959330055029, "epsilon": 16.24745764175153, "gamma": 0.6834619127209731}}
{"target": 63.515046455015195, "params": {"C": 1054.3096931920468, "epsilon": 0.35784091435313137, "gamma": 61.240038795156465}}
{"target": 63.53942607521246, "params": {"C": 501.9238638596189, "epsilon": 0.852530077714512, "gamma": 84.539146488239}}
{"target": 63.5413523951698, "params": {"C": 832.7084540960276, "epsilon": 0.8920920504010486, "gamma": 70.08507519047761}}
{"target": 63.53191027874071, "params": {"C": 1459.749292214984, "epsilon": 0.36206449862236845, "gamma": 12.579802010821533}}
{"target": 64.26442749618923, "params": {"C": 880.4713631767385, "epsilon": 15.274678698473748, "gamma": 117.43785527008713}}
{"target": 64.50362408410373, "params": {"C": 1785.1021804878, "epsilon": 20.318019937813375, "gamma": 52.07656216411553}}
{"target": 64.26003700262288, "params": {"C": 667.1563938919093, "epsilon": 15.182195396028362, "gamma": 78.07216176610115}}
{"target": 61.69744272509827, "params": {"C": 1499.1723607930785, "epsilon": 18.29767586231555, "gamma": 1.4604512771677722}}
{"target": 65.62452423470242, "params": {"C": 674.2863521334635, "epsilon": 40.84130619561478, "gamma": 3.7331393233557844}}
{"target": 64.48599407983606, "params": {"C": 1344.0566615185182, "epsilon": 19.954572937142263, "gamma": 56.643979919924405}}
{"target": 64.47966928698787, "params": {"C": 1496.6719760899157, "epsilon": 19.824243832846722, "gamma": 57.4989994787054}}
{"target": 64.69135667231161, "params": {"C": 909.2794773409616, "epsilon": 23.918863014407773, "gamma": 49.009580953920256}}
{"target": 58.58059206895295, "params": {"C": 821.4123065246417, "epsilon": 36.52952025949421, "gamma": 0.7815571894798607}}
{"target": 63.51692740044316, "params": {"C": 505.7095677961218, "epsilon": 0.3957626921425611, "gamma": 71.28728464220917}}
{"target": 64.50664587660364, "params": {"C": 979.448215755288, "epsilon": 20.380614171697488, "gamma": 62.17929695486491}}
{"target": 65.17315363465987, "params": {"C": 1434.2213291099358, "epsilon": 32.370778994271326, "gamma": 41.95789799321416}}
{"target": 48.06915855029204, "params": {"C": 828.01457141975, "epsilon": 9.644761185706276, "gamma": 0.2856185228182816}}
{"target": 62.337975778315695, "params": {"C": 1045.1091897459203, "epsilon": 24.219785761897867, "gamma": 1.5006427934971243}}
{"target": 63.530915134549105, "params": {"C": 212.28824219183568, "epsilon": 0.516914965397131, "gamma": 15.690155180467846}}
{"target": 64.95712454023926, "params": {"C": 1346.5350955153185, "epsilon": 28.678514553462826, "gamma": 141.1806047446222}}
{"target": 52.200650234591194, "params": {"C": 1890.2304599880526, "epsilon": 20.944426349444278, "gamma": 0.5282032420316107}}
{"target": 63.5389540871908, "params": {"C": 1907.346664554394, "epsilon": 0.8428339581095816, "gamma": 63.43670605122012}}
{"target": 63.62357465803234, "params": {"C": 1923.131787773354, "epsilon": 2.47390579178043, "gamma": 17.505743360317997}}
{"target": 64.06561371625706, "params": {"C": 1835.9197562080792, "epsilon": 10.965344910861113, "gamma": 12.653397500599898}}
{"target": 64.58275234913614, "params": {"C": 1429.5739332332341, "epsilon": 23.683584678127175, "gamma": 3.6454530657374082}}
{"target": 64.22758824736202, "params": {"C": 969.545416354383, "epsilon": 14.505341919859399, "gamma": 57.857759879507306}}
{"target": 64.30301132218898, "params": {"C": 946.7235471156832, "epsilon": 16.100064429765702, "gamma": 53.986234428426386}}
{"target": 64.47107071018812, "params": {"C": 1917.4411917391262, "epsilon": 19.645971914776272, "gamma": 57.26390019115289}}
{"target": 64.17738195402103, "params": {"C": 895.2069563876382, "epsilon": 13.719897263198867, "gamma": 4.3620748374097555}}
{"target": 55.5368713852683, "params": {"C": 15.568040351600757, "epsilon": 5.7276506405068695, "gamma": 0.7678605666186157}}
{"target": 64.2022392168966, "params": {"C": 1103.3304912508868, "epsilon": 16.937612210247025, "gamma": 3.4448309084986795}}
{"target": 64.17224264750696, "params": {"C": 808.0295239231185, "epsilon": 13.350423699940087, "gamma": 50.3754243588554}}
{"target": 63.68247577569544, "params": {"C": 2051.749393014151, "epsilon": 9.902474206366566, "gamma": 2.969741333029017}}
{"target": 63.51815215611045, "params": {"C": 790.6938109302862, "epsilon": 0.4204069018901846, "gamma": 50.8323097935159}}
{"target": 63.1353548320702, "params": {"C": 505.12233430799796, "epsilon": 3.0793025901300437, "gamma": 2.685971415228432}}
{"target": 64.09287067557617, "params": {"C": 1489.3483602789074, "epsilon": 11.714457433455564, "gamma": 55.934661767953465}}
{"target": 63.58908691579067, "params": {"C": 1855.82382779842, "epsilon": 0.7632867950986295, "gamma": 6.345123681461058}}
{"target": 63.75207703370991, "params": {"C": 1159.668493453027, "epsilon": 9.510030215103814, "gamma": 3.189752310352098}}
{"target": 64.24948264487068, "params": {"C": 1294.7200151591965, "epsilon": 15.285351364138693, "gamma": 4.323801082227372}}
{"target": 64.94387055587983, "params": {"C": 1370.5740952272554, "epsilon": 29.13363967682156, "gamma": 4.15870314310616}}
{"target": 56.22631840167522, "params": {"C": 1263.2523239412253, "epsilon": 1.2464511308200787, "gamma": 0.9241502935469422}}
{"target": 63.52263952433341, "params": {"C": 478.89107627650634, "epsilon": 0.5087604545947837, "gamma": 34.214051371299}}
{"target": 63.55980756298602, "params": {"C": 1628.395174540684, "epsilon": 1.2708001270489628, "gamma": 64.8771244549898}}
{"target": 64.40241290580309, "params": {"C": 2220.603871346999, "epsilon": 18.222043580602914, "gamma": 52.5951805011925}}
{"target": 64.09590622264724, "params": {"C": 497.89321211203276, "epsilon": 11.775438228119878, "gamma": 58.57534671456371}}
{"target": 64.23453216652123, "params": {"C": 662.6517110851096, "epsilon": 14.65062774358411, "gamma": 55.04938474911046}}
{"target": 62.58138172991221, "params": {"C": 825.7465866282128, "epsilon": 13.075068449599115, "gamma": 1.853566781843977}}
{"target": 59.297873149231656, "params": {"C": 9.323464842191697, "epsilon": 12.332838256801992, "gamma": 66.31589990849098}}
{"target": 53.19928843503298, "params": {"C": 588.6382171475718, "epsilon": 19.820008600352466, "gamma": 0.5896237999221143}}
{"target": 62.02730240567003, "params": {"C": 662.6934877143804, "epsilon": 7.308007714482667, "gamma": 1.7773902495669947}}
{"target": 54.2822213534951, "params": {"C": 935.6292174755391, "epsilon": 24.222183493119267, "gamma": 0.6177926292110432}}
{"target": 64.28103528350259, "params": {"C": 1409.2826086060777, "epsilon": 15.632079342877905, "gamma": 115.3382714547418}}
