{"target": 44.31718085101756, "params": {"C": 979.5190400141862, "epsilon": 25.94928547235267, "gamma": 0.05668121484104646}}
{"target": 41.3322272015846, "params": {"C": 1026.5242802751, "epsilon": 28.164883703784543, "gamma": 0.0004567568301142369}}
{"target": 45.04894608809195, "params": {"C": 775.4207621655536, "epsilon": 24.87276885848293, "gamma": 0.07962395195087917}}
{"target": 43.77032010757222, "params": {"C": 786.1756565516436, "epsilon": 22.62033397054058, "gamma": 0.06111146888873488}}
{"target": 39.885938382241946, "params": {"C": 714.3798808312796, "epsilon": 29.632481487584265, "gamma": 0.0022878152120237617}}
{"target": 43.940432463258055, "params": {"C": 767.9741183704288, "epsilon": 24.39989995606968, "gamma": 0.06174065770719918}}
{"target": 39.36543519205587, "params": {"C": 792.0349207134732, "epsilon": 27.659642163918907, "gamma": 0.003523320825530471}}
{"target": 46.26340412596679, "params": {"C": 1169.027823615129, "epsilon": 20.75656150096794, "gamma": 0.08895771106485173}}
{"target": 42.17344076447074, "params": {"C": 792.9953205606477, "epsilon": 26.778698922232227, "gamma": 0.0438662138638084}}
{"target": 47.77733761719624, "params": {"C": 1488.3035857963423, "epsilon": 19.264210773031706, "gamma": 0.2572274631610494}}
{"target": 42.30477040858632, "params": {"C": 1159.4876343623885, "epsilon": 20.89953667304396, "gamma": 0.04070561473514914}}
{"target": 41.16348253653507, "params": {"C": 895.0936025763449, "epsilon": 23.963926406325616, "gamma": 0.0004746103946564719}}
{"target": 40.69952972214926, "params": {"C": 825.5292291667188, "epsilon": 26.1600195248084, "gamma": 0.0007280289102971974}}
{"target": 40.550036044202514, "params": {"C": 940.3609975174983, "epsilon": 29.903599725611098, "gamma": 0.0010984525901634162}}
{"target": 39.232134495975686, "params": {"C": 1096.998002102525, "epsilon": 22.252584244423897, "gamma": 0.004206505560315845}}
{"target": 40.51762771817461, "params": {"C": 1017.4308665577906, "epsilon": 25.22457808483426, "gamma": 0.0006883815200609232}}
{"target": 40.59957329854963, "params": {"C": 1019.7517779637691, "epsilon": 23.983637030506824, "gamma": 0.0006862185690424544}}
{"target": 39.612272343423214, "params": {"C": 770.8999340571327, "epsilon": 23.789735632115956, "gamma": 0.0025584664055122094}}
{"target": 43.7593312730199, "params": {"C": 839.616412484816, "epsilon": 27.639448536010303, "gamma": 0.054645440627585765}}
{"target": 40.02113187190096, "params": {"C": 891.9556018759906, "epsilon": 25.985504855668648, "gamma": 0.0016575518136901363}}
{"target": 40.42589586525254, "params": {"C": 709.0741396594135, "epsilon": 23.868907759658445, "gamma": 0.001109127269855981}}
{"target": 44.373048906911485, "params": {"C": 781.5685614107114, "epsilon": 26.74970133368997, "gamma": 0.06446831349149273}}
{"target": 45.398138757451896, "params": {"C": 965.2484791287962, "epsilon": 29.72219950746049, "gamma": 0.07247326651154509}}
{"target": 43.73123535681184, "params": {"C": 906.7432949526661, "epsilon": 19.81236446911118, "gamma": 0.060261551096807475}}
{"target": 45.59056183233811, "params": {"C": 1074.884229492056, "epsilon": 24.445862044634882, "gamma": 0.07068131385135676}}
{"target": 45.06355282322754, "params": {"C": 704.0624164568592, "epsilon": 29.405951052252185, "gamma": 0.0906295047204545}}
{"target": 44.73587912971409, "params": {"C": 998.0017011758965, "epsilon": 14.687494609713443, "gamma": 0.0704545715571552}}
{"target": 44.21896057403361, "params": {"C": 918.6940260162847, "epsilon": 22.807034858916104, "gamma": 0.06170252507905165}}
{"target": 46.34589768454906, "params": {"C": 1143.8560410614878, "epsilon": 26.149953591041882, "gamma": 0.08336267177689448}}
{"target": 45.89384761984795, "params": {"C": 1095.4956923375287, "epsilon": 27.268046767143264, "gamma": 0.07215017019938819}}
{"target": 45.67906166706913, "params": {"C": 1120.8081427948978, "epsilon": 26.1641539909009, "gamma": 0.0667531946064502}}
{"target": 45.830419357115616, "params": {"C": 900.9645904387916, "epsilon": 26.329736564192775, "gamma": 0.09432351119402244}}
{"target": 46.72517080479475, "params": {"C": 776.1147943866496, "epsilon": 24.87102331694089, "gamma": 0.13168969679556747}}
{"target": 44.893934135586186, "params": {"C": 871.1604364538505, "epsilon": 25.847490538231828, "gamma": 0.0690950977807758}}
{"target": 45.4764821662874, "params": {"C": 938.55463965958, "epsilon": 26.253866320412257, "gamma": 0.07427859076110872}}
{"target": 44.90037638077855, "params": {"C": 889.8515097523356, "epsilon": 27.478346366627843, "gamma": 0.06734005225171644}}
{"target": 43.86738999814966, "params": {"C": 1004.6281786857028, "epsilon": 20.191232121602944, "gamma": 0.05830756765083768}}
{"target": 39.02736424948198, "params": {"C": 822.7521177750681, "epsilon": 27.733945016905782, "gamma": 0.005736261843107293}}
{"target": 52.24263381931305, "params": {"C": 840.4481687890094, "epsilon": 27.129290893638316, "gamma": 0.48564723675614646}}
{"target": 43.893237327186185, "params": {"C": 983.6681984042131, "epsilon": 24.12615895249966, "gamma": 0.054647614496453216}}
{"target": 43.97161368096662, "params": {"C": 828.3819890185997, "epsilon": 29.968870995961513, "gamma": 0.056280303389206955}}
{"target": 44.46773181251351, "params": {"C": 714.4001124610479, "epsilon": 26.718890499982855, "gamma": 0.07081528610414406}}
{"target": 44.923730553495865, "params": {"C": 1015.7870536544281, "epsilon": 21.090116690843928, "gamma": 0.06978833488051976}}
{"target": 41.14394739941828, "params": {"C": 887.9420637876652, "epsilon": 24.558784971191557, "gamma": 0.0005229090179491892}}
{"target": 39.067863110536585, "params": {"C": 805.508805148525, "epsilon": 27.79198346306575, "gamma": 0.0054867543372850765}}
{"target": 39.054544969610795, "params": {"C": 713.3933447968649, "epsilon": 27.055214895405808, "gamma": 0.009239615759545343}}
{"target": 49.52383001862843, "params": {"C": 840.7767574121942, "epsilon": 22.350420951067996, "gamma": 0.39083564217975275}}
{"target": 40.77407930869696, "params": {"C": 846.3116998785941, "epsilon": 27.532610256729313, "gamma": 0.0007633686437663973}}
{"target": 39.398036752861415, "params": {"C": 713.4201747790103, "epsilon": 27.568865119563416, "gamma": 0.003469788632897229}}
{"target": 49.290081027089194, "params": {"C": 1206.7365856629162, "epsilon": 18.711061996478325, "gamma": 0.4045074836569741}}
{"target": 42.736950042088964, "params": {"C": 822.5833499998446, "epsilon": 21.6676630512779, "gamma": 0.0510379960126747}}
{"target": 39.81613448457986, "params": {"C": 802.4099563598447, "epsilon": 17.076183728964416, "gamma": 0.0026355089734894244}}
{"target": 44.55023666635884, "params": {"C": 850.0251611337043, "epsilon": 22.711598328333046, "gamma": 0.06916114499387227}}
{"target": 44.22821844000525, "params": {"C": 710.1981413285062, "epsilon": 22.494327178667852, "gamma": 0.07245897978444324}}
{"target": 39.42986566732576, "params": {"C": 928.9647983375368, "epsilon": 19.28857546990216, "gamma": 0.0077226061168826805}}
{"target": 40.893580957429535, "params": {"C": 718.3490120703755, "epsilon": 26.53895316501974, "gamma": 0.000752232669245876}}
{"target": 39.90612733274179, "params": {"C": 856.2381577056846, "epsilon": 22.579770105082993, "gamma": 0.0015259389159332226}}
{"target": 51.58045274798269, "params": {"C": 1089.7697364286253, "epsilon": 23.487567532814914, "gamma": 0.4783229747174691}}
{"target": 45.209839989024736, "params": {"C": 777.1063826272307, "epsilon": 29.468513941705677, "gamma": 0.08447262067735653}}
{"target": 48.421984618391505, "params": {"C": 1310.8145406070357, "epsilon": 10.525591881439537, "gamma": 0.35655495178675045}}
{"target": 45.20206054780578, "params": {"C": 784.381063822334, "epsilon": 26.566757691171755, "gamma": 0.08072189295917097}}
{"target": 44.8755138141866, "params": {"C": 953.2863088456688, "epsilon": 22.654706889564313, "gamma": 0.06967231261485621}}
{"target": 44.95138229101611, "params": {"C": 974.1325654558897, "epsilon": 23.253067671045848, "gamma": 0.06861170258621452}}
{"target": 39.179564250352385, "params": {"C": 816.1599968615525, "epsilon": 23.498677727088435, "gamma": 0.005010218130471672}}
{"target": 43.996378516099384, "params": {"C": 830.7701119770279, "epsilon": 27.317316840721993, "gamma": 0.057350512664253527}}
{"target": 45.38072090507244, "params": {"C": 959.287964354962, "epsilon": 25.251797004458865, "gamma": 0.07242137133043666}}
{"target": 45.54285872088364, "params": {"C": 903.0524967765391, "epsilon": 23.438557674169054, "gamma": 0.08346919727610339}}
{"target": 40.49557706945144, "params": {"C": 797.1408123823593, "epsilon": 28.05290054158785, "gamma": 0.001239313155031752}}
{"target": 44.32820908686007, "params": {"C": 982.3878674860581, "epsilon": 26.66044192066338, "gamma": 0.05622253330469809}}
{"target": 40.68391993417397, "params": {"C": 883.0156969574791, "epsilon": 26.850650696899848, "gamma": 0.0007210152100379976}}
{"target": 47.549419570377346, "params": {"C": 1037.158025353796, "epsilon": 29.579404204319207, "gamma": 0.21515451798379548}}
{"target": 48.26519640513213, "params": {"C": 1052.0303347478273, "epsilon": 29.22393905312013, "gamma": 0.13002967081085987}}
{"target": 47.669835502034296, "params": {"C": 1439.428809326541, "epsilon": 24.945034236052262, "gamma": 0.26480770407146326}}
{"target": 41.11294649015399, "params": {"C": 1110.632917484638, "epsilon": 26.855222851112263, "gamma": 0.00043567092700443413}}
{"target": 39.15540283832494, "params": {"C": 1007.9612391507695, "epsilon": 26.577719555679803, "gamma": 0.008475104190984264}}
{"target": 45.83247947803327, "params": {"C": 1064.7999258898913, "epsilon": 29.679192108713035, "gamma": 0.07705859934662812}}
{"target": 42.73434047388974, "params": {"C": 916.3521459529491, "epsilon": 29.812274740776584, "gamma": 0.042665226198294375}}
{"target": 40.97712881162745, "params": {"C": 1084.3201604303122, "epsilon": 19.808296887225996, "gamma": 0.0003147294410970492}}
{"target": 40.5125704288752, "params": {"C": 802.811609678792, "epsilon": 23.98228719685175, "gamma": 0.0008803904262823983}}
{"target": 39.48913930398449, "params": {"C": 987.8726096167353, "epsilon": 22.49759835479999, "gamma": 0.0026441636167880474}}
{"target": 40.77555968418318, "params": {"C": 1120.5596082947734, "epsilon": 28.81024472588434, "gamma": 0.0006776463526346165}}
{"target": 44.67969108429211, "params": {"C": 1074.661180366094, "epsilon": 22.481890286394133, "gamma": 0.06195549149979143}}
{"target": 43.68611216323393, "params": {"C": 802.5441337251189, "epsilon": 25.33340546838004, "gamma": 0.05695608909445994}}
{"target": 44.70953257795365, "params": {"C": 765.7906893590093, "epsilon": 25.722634450500355, "gamma": 0.07261070834932525}}
{"target": 44.74339927510361, "params": {"C": 804.2107795152906, "epsilon": 25.768412683668945, "gamma": 0.07060831101531394}}
{"target": 44.46655692209829, "params": {"C": 874.7276166496549, "epsilon": 24.400573528078137, "gamma": 0.06391315775354003}}
{"target": 44.263569554270354, "params": {"C": 754.6754029258558, "epsilon": 26.238278545581355, "gamma": 0.06473085293532245}}
{"target": 41.36524741903955, "params": {"C": 779.5969901503491, "epsilon": 27.87108438733059, "gamma": 0.0005811832510010419}}
{"target": 44.010976080288934, "params": {"C": 901.8405981544802, "epsilon": 25.14494062304543, "gamma": 0.05683941933509295}}
{"target": 51.946346335622955, "params": {"C": 1381.7137884608803, "epsilon": 29.899410066359938, "gamma": 0.4492953676209944}}
{"target": 42.64639040056585, "params": {"C": 896.279691010779, "epsilon": 26.799491171984318, "gamma": 0.0440881399564798}}
{"target": 51.563265564033955, "params": {"C": 1220.7727617916153, "epsilon": 24.976637003677997, "gamma": 0.46648550252760324}}
{"target": 39.811188089277884, "params": {"C": 951.8190038354118, "epsilon": 26.200600980450464, "gamma": 0.0020163616899478397}}
{"target": 40.119827266406695, "params": {"C": 812.8283459603025, "epsilon": 19.53037650624609, "gamma": 0.001573999731000789}}
{"target": 48.67440161373709, "params": {"C": 1039.4649706496007, "epsilon": 13.987695626502324, "gamma": 0.1626869054066004}}
{"target": 44.04338263501896, "params": {"C": 705.6896805922995, "epsilon": 25.222484257876538, "gamma": 0.06511015395682326}}
{"target": 41.76796033630027, "params": {"C": 1031.0458194400953, "epsilon": 23.41247336136665, "gamma": 0.037684319397241}}
{"target": 47.871181111308545, "params": {"C": 926.5734848529953, "epsilon": 26.465052644117144, "gamma": 0.13550387025932387}}
{"target": 39.08606959754483, "params": {"C": 949.5969055597293, "epsilon": 24.67184806393078, "gamma": 0.004770362920088741}}
{"target": 44.58251016885504, "params": {"C": 715.2161122900534, "epsilon": 28.917729227798603, "gamma": 0.07163349520222487}}
{"target": 40.96020679711724, "params": {"C": 971.3568635008759, "epsilon": 26.170382711446706, "gamma": 0.0005064539204819984}}
{"target": 44.983648010186215, "params": {"C": 795.271658588061, "epsilon": 29.530070317812466, "gamma": 0.07653571491973574}}
{"target": 40.084608845022444, "params": {"C": 960.1891229333928, "epsilon": 25.847782102020737, "gamma": 0.0012514571617253424}}
{"target": 48.18500906324293, "params": {"C": 1036.392665900224, "epsilon": 25.229476617129663, "gamma": 0.14653794700341133}}
{"target": 43.608245294534484, "params": {"C": 764.5311185205676, "epsilon": 27.4604324952762, "gamma": 0.055750971823883014}}
{"target": 39.11743520864266, "params": {"C": 714.5483416761454, "epsilon": 29.829519193264016, "gamma": 0.009307527664772969}}
{"target": 39.662216678573806, "params": {"C": 812.4344846736268, "epsilon": 23.87005112616235, "gamma": 0.0022682210139870606}}
{"target": 42.49879627204747, "params": {"C": 1178.9870466453692, "epsilon": 24.101520646577058, "gamma": 0.039575315253848435}}
{"target": 39.05573062752656, "params": {"C": 1196.068488866374, "epsilon": 23.28140811785648, "gamma": 0.015200315836225112}}
{"target": 42.98573376231864, "params": {"C": 884.9228620353992, "epsilon": 21.162049151074736, "gamma": 0.05129690657420695}}
{"target": 46.30480552033753, "params": {"C": 1099.1982032118258, "epsilon": 8.700066070823297, "gamma": 0.1102471138273558}}
{"target": 41.61261272222912, "params": {"C": 1084.726015301145, "epsilon": 25.33079215425567, "gamma": 0.0002787945701295015}}
{"target": 40.11101790802673, "params": {"C": 785.687510295537, "epsilon": 25.425827413721095, "gamma": 0.0014987212981255396}}
{"target": 39.102052984299874, "params": {"C": 794.291573853716, "epsilon": 26.667966082582836, "gamma": 0.005095172002579173}}
{"target": 43.93789696179225, "params": {"C": 871.3769374956408, "epsilon": 27.00126165734051, "gamma": 0.055664500157195075}}
{"target": 39.05413072965075, "params": {"C": 821.2820306837016, "epsilon": 29.714229468808366, "gamma": 0.0072790308821633985}}
{"target": 45.85572643627486, "params": {"C": 1005.74445164434, "epsilon": 17.080512691240745, "gamma": 0.10074657589598933}}
{"target": 40.950423572290205, "params": {"C": 892.5219825109498, "epsilon": 29.047218964675512, "gamma": 0.0006949018161663302}}
{"target": 43.59183524753783, "params": {"C": 877.9708905185214, "epsilon": 23.38316990375205, "gamma": 0.055145086832684986}}
{"target": 39.2868853297458, "params": {"C": 1002.3468177712116, "epsilon": 21.993399854218925, "gamma": 0.003835002182060506}}
{"target": 39.330993090194056, "params": {"C": 1018.8968998258331, "epsilon": 20.477714175030375, "gamma": 0.0055606863674051155}}
{"target": 44.772609899076535, "params": {"C": 922.4577823723478, "epsilon": 22.144829317254935, "gamma": 0.07028986110846967}}
{"target": 47.15955062580357, "params": {"C": 795.807582761648, "epsilon": 26.88196127255696, "gamma": 0.13334471825776986}}
{"target": 45.59703171726428, "params": {"C": 979.8003495815666, "epsilon": 23.473837049956394, "gamma": 0.07869021666932323}}
{"target": 43.05884938739552, "params": {"C": 706.3659422939654, "epsilon": 24.11348041149339, "gamma": 0.0558291292235606}}
{"target": 40.94927279417649, "params": {"C": 703.5710604700663, "epsilon": 22.847194297287366, "gamma": 0.03911923998722218}}
{"target": 40.34610161262182, "params": {"C": 866.2312314454601, "epsilon": 27.049096156730638, "gamma": 0.0010414987319680193}}
{"target": 39.538046195210065, "params": {"C": 881.6843782289296, "epsilon": 22.774086386313396, "gamma": 0.0026882294852717745}}
{"target": 43.2062774035836, "params": {"C": 746.592962151492, "epsilon": 23.296576943344565, "gamma": 0.05629966204506889}}
{"target": 43.259793948113966, "params": {"C": 945.4355222354346, "epsilon": 27.222371490963372, "gamma": 0.04713109995744755}}
{"target": 44.22214022629816, "params": {"C": 911.9732725275344, "epsilon": 27.967005343815664, "gamma": 0.05669857207650667}}
{"target": 38.99039066753223, "params": {"C": 700.9362058440443, "epsilon": 28.724815703132847, "gamma": 0.006895338054075942}}
{"target": 39.075183013516934, "params": {"C": 819.6690272380176, "epsilon": 29.981517548938662, "gamma": 0.006132942493417791}}
{"target": 45.74548524461541, "params": {"C": 1042.7347050261933, "epsilon": 25.291180888369517, "gamma": 0.07350808194115577}}
{"target": 44.636558380226475, "params": {"C": 1026.8346777457423, "epsilon": 27.250790909473487, "gamma": 0.05748331076522635}}
{"target": 39.324906584961944, "params": {"C": 700.7104764441661, "epsilon": 26.376800652919705, "gamma": 0.0039007891566479064}}
{"target": 39.087038271912995, "params": {"C": 741.4501125373779, "epsilon": 29.863768238241196, "gamma": 0.0067731125840911075}}
{"target": 39.3908603325241, "params": {"C": 738.6328603783282, "epsilon": 27.785539422300488, "gamma": 0.0034870693662534882}}
{"target": 44.20896862479834, "params": {"C": 717.7381322181855, "epsilon": 28.220547424056267, "gamma": 0.06566686075377963}}
{"target": 43.64346108919595, "params": {"C": 730.6063989046899, "epsilon": 29.346578955194325, "gamma": 0.05648941765469218}}
{"target": 44.03793943806016, "params": {"C": 784.0974193864874, "epsilon": 27.787992486992067, "gamma": 0.05940115107200331}}
{"target": 44.84186195339032, "params": {"C": 727.149164657299, "epsilon": 13.73401094863111, "gamma": 0.10591838842299942}}
{"target": 44.502896415416714, "params": {"C": 720.213626554551, "epsilon": 29.741725226435033, "gamma": 0.07017592147353822}}
{"target": 39.961814370242564, "params": {"C": 704.9904599772569, "epsilon": 27.552917356706708, "gamma": 0.02579798732585677}}
{"target": 44.13889519392867, "params": {"C": 700.4382946182467, "epsilon": 29.501662068145528, "gamma": 0.06531546388638809}}
{"target": 38.95581805076471, "params": {"C": 717.6483577022323, "epsilon": 25.08143890761408, "gamma": 0.013624518181810787}}
{"target": 40.218999809899714, "params": {"C": 717.820876541074, "epsilon": 27.42918489134027, "gamma": 0.029655578756371134}}
{"target": 39.7344721916309, "params": {"C": 707.0748952766493, "epsilon": 29.979669289303157, "gamma": 0.022012903857789312}}
{"target": 46.43170356089665, "params": {"C": 819.0630427691697, "epsilon": 28.182689852778104, "gamma": 0.11695821522049839}}
{"target": 40.05032171269578, "params": {"C": 714.2297974110095, "epsilon": 25.71050769748366, "gamma": 0.02647626232630057}}
{"target": 39.22298488080145, "params": {"C": 799.3919909714874, "epsilon": 22.834662034818546, "gamma": 0.007120808554263266}}
{"target": 43.35649834934391, "params": {"C": 708.7588918258103, "epsilon": 25.081580037026345, "gamma": 0.057365366163560236}}
{"target": 39.06613079168155, "params": {"C": 712.5191352494052, "epsilon": 26.577978469896063, "gamma": 0.009366895788754149}}
{"target": 47.884528006009795, "params": {"C": 720.5710957106821, "epsilon": 29.45889463593852, "gamma": 0.15143956363266034}}
{"target": 42.6067991599488, "params": {"C": 700.9106568687785, "epsilon": 26.998295943433526, "gamma": 0.04961336962117234}}
{"target": 41.135302738493, "params": {"C": 734.873924541022, "epsilon": 25.97418665232645, "gamma": 0.03836366213052164}}
{"target": 45.06650867970937, "params": {"C": 715.5813466863133, "epsilon": 26.78266584308176, "gamma": 0.0844039617373228}}
{"target": 45.23411827849715, "params": {"C": 705.1780538605163, "epsilon": 26.10760824238504, "gamma": 0.09583711870006015}}
{"target": 40.74549386968188, "params": {"C": 718.0238289987761, "epsilon": 23.163295774348313, "gamma": 0.035907893753554104}}
{"target": 43.07119839915736, "params": {"C": 702.2254267060404, "epsilon": 23.64590889325728, "gamma": 0.05660252226633374}}
{"target": 43.88296929554085, "params": {"C": 732.444292046456, "epsilon": 21.84199181135827, "gamma": 0.06676485180969217}}
{"target": 39.54159196070235, "params": {"C": 1267.2332012096588, "epsilon": 17.200796025759303, "gamma": 0.004605152076685354}}
{"target": 40.27881145377556, "params": {"C": 763.7961049227789, "epsilon": 26.24612827978219, "gamma": 0.0012436223608768152}}
{"target": 46.238269303963236, "params": {"C": 702.4704795251955, "epsilon": 27.459421569064745, "gamma": 0.12580438221432733}}
{"target": 42.930079301271554, "params": {"C": 714.9116968923031, "epsilon": 23.84342065092701, "gamma": 0.054780029621121565}}
{"target": 46.929087322477066, "params": {"C": 808.559857954353, "epsilon": 21.691411508658142, "gamma": 0.13912651871914275}}
{"target": 47.58115374922194, "params": {"C": 708.2714634525339, "epsilon": 24.535247087154335, "gamma": 0.15843010067519647}}
{"target": 45.55971805441288, "params": {"C": 751.4178703025364, "epsilon": 24.63614420066376, "gamma": 0.1086693527544301}}
{"target": 41.45495786691377, "params": {"C": 701.4204268267463, "epsilon": 26.11797291463311, "gamma": 0.04181398839889812}}
{"target": 39.09430468470945, "params": {"C": 740.6857201027088, "epsilon": 26.082031747879913, "gamma": 0.015779865538745736}}
{"target": 39.1252178886467, "params": {"C": 757.4836767749223, "epsilon": 24.564258153773764, "gamma": 0.006389598749470815}}
{"target": 44.55989553589922, "params": {"C": 813.3783026628912, "epsilon": 25.999419167728764, "gamma": 0.0668762259913659}}
