{"target": 44.383616918908416, "params": {"C": 881.3579429939438, "epsilon": 22.85633182800215, "gamma": 0.06496124262610349}}
{"target": 44.04709326047769, "params": {"C": 935.1647346029284, "epsilon": 25.309679660809493, "gamma": 0.05604818183114969}}
{"target": 39.40957302526199, "params": {"C": 1468.3968663523447, "epsilon": 29.92388065170234, "gamma": 0.01131300474090502}}
{"target": 41.922043812478364, "params": {"C": 796.1806795092984, "epsilon": 29.795435438953866, "gamma": 0.03971988267425908}}
{"target": 44.287431633617516, "params": {"C": 1128.381246214094, "epsilon": 25.613922728900825, "gamma": 0.052820963505229745}}
{"target": 39.459850268530474, "params": {"C": 802.3470785042325, "epsilon": 24.45662334210234, "gamma": 0.0035771248220788313}}
{"target": 39.755389801840444, "params": {"C": 791.2265602976664, "epsilon": 28.113832316461032, "gamma": 0.002202005318410978}}
{"target": 44.33067575593695, "params": {"C": 840.022260187203, "epsilon": 29.879775402561616, "gamma": 0.06058301716480701}}
{"target": 41.618522114678605, "params": {"C": 700.4856391014798, "epsilon": 27.921260672110858, "gamma": 0.04178486135550588}}
{"target": 40.525116421065476, "params": {"C": 799.2495097526845, "epsilon": 26.997596382264774, "gamma": 0.0009727536430023049}}
{"target": 39.83349003651024, "params": {"C": 903.0811752668508, "epsilon": 23.091688184266197, "gamma": 0.0016227112114764568}}
{"target": 40.81836204192096, "params": {"C": 1088.0791498021597, "epsilon": 23.007347610899657, "gamma": 0.0005678037963548089}}
{"target": 45.926824633860505, "params": {"C": 797.5128907643603, "epsilon": 22.795327814617185, "gamma": 0.11777256099363967}}
{"target": 46.798748454541006, "params": {"C": 1042.8627145026494, "epsilon": 22.865238384208844, "gamma": 0.11173480940572146}}
{"target": 41.071927667466774, "params": {"C": 829.2629241291515, "epsilon": 25.89543282039468, "gamma": 0.0005484538224983064}}
{"target": 44.562718616698604, "params": {"C": 1099.6858294082979, "epsilon": 21.233254236118345, "gamma": 0.06150769843211189}}
{"target": 40.370253573279214, "params": {"C": 1003.5462811671434, "epsilon": 24.023697066375973, "gamma": 0.0009633392627423718}}
{"target": 44.79429765719057, "params": {"C": 764.0677205055589, "epsilon": 21.506711559966547, "gamma": 0.08400605711941465}}
{"target": 40.146499023793275, "params": {"C": 796.13898304256, "epsilon": 19.276265768643604, "gamma": 0.0014223558425161937}}
{"target": 44.116357398779485, "params": {"C": 1039.1308285377363, "epsilon": 27.89331053418708, "gamma": 0.052021955467008024}}
{"target": 42.56071919929164, "params": {"C": 870.4979243544641, "epsilon": 23.93148494788171, "gamma": 0.00022463884069786819}}
{"target": 44.98507006253912, "params": {"C": 1029.1183701562375, "epsilon": 26.50698193645608, "gamma": 0.062154867946337344}}
{"target": 45.73742998439711, "params": {"C": 984.2259339795728, "epsilon": 28.04806081165554, "gamma": 0.08035445310227993}}
{"target": 40.84220614367418, "params": {"C": 794.070434687346, "epsilon": 23.162550437090925, "gamma": 0.0007573938088318733}}
{"target": 45.57024623224513, "params": {"C": 796.8299481190875, "epsilon": 25.825928098797903, "gamma": 0.09954568717752495}}
{"target": 41.031295933021, "params": {"C": 820.5347900818585, "epsilon": 29.10169064512322, "gamma": 0.0007237782134357539}}
{"target": 43.70936498193912, "params": {"C": 927.7300805291031, "epsilon": 25.287918441666378, "gamma": 0.053436797004656963}}
{"target": 40.974832300222886, "params": {"C": 707.7126963815086, "epsilon": 29.790793003419463, "gamma": 0.03534342794206515}}
{"target": 46.122400897780665, "params": {"C": 893.4217364419827, "epsilon": 23.217438519613083, "gamma": 0.10944814888272729}}
{"target": 39.04755717860837, "params": {"C": 701.0697328262052, "epsilon": 27.967824927704445, "gamma": 0.005848509520794658}}
{"target": 44.90342024591079, "params": {"C": 702.8326242591158, "epsilon": 25.206676082328777, "gamma": 0.08173503586928163}}
{"target": 44.90723628841639, "params": {"C": 709.1963939988195, "epsilon": 22.635479105156865, "gamma": 0.08827838521336528}}
{"target": 44.48883212227373, "params": {"C": 991.4071182323277, "epsilon": 19.87929739614641, "gamma": 0.0658144438619141}}
{"target": 40.43918777631451, "params": {"C": 755.8834903315972, "epsilon": 27.69130113770184, "gamma": 0.001291055223350361}}
{"target": 39.68301769340072, "params": {"C": 704.4922431448929, "epsilon": 27.912714091937474, "gamma": 0.0025571242685886245}}
{"target": 39.80355605796642, "params": {"C": 1012.4606676325121, "epsilon": 28.182551522648005, "gamma": 0.001770120358102483}}
{"target": 43.8021658097515, "params": {"C": 865.5277712886701, "epsilon": 23.378344376193365, "gamma": 0.05774309049353111}}
{"target": 43.95866608765679, "params": {"C": 970.9435011221681, "epsilon": 21.73131293369899, "gamma": 0.05863091454303921}}
{"target": 43.91415267961824, "params": {"C": 894.2923198373506, "epsilon": 26.375405684290058, "gamma": 0.055292793718155854}}
{"target": 43.23498374131582, "params": {"C": 972.3276483781833, "epsilon": 22.673510740468462, "gamma": 0.050111107960639716}}
{"target": 42.0538366531153, "params": {"C": 813.9706071405792, "epsilon": 24.87042907539286, "gamma": 0.0436834864920827}}
{"target": 42.42432680990471, "params": {"C": 937.6289192491772, "epsilon": 22.129048237409656, "gamma": 0.04538277355025723}}
{"target": 42.39828659309097, "params": {"C": 807.9650188612243, "epsilon": 25.806750613792595, "gamma": 0.04546716384571617}}
{"target": 43.34853253308477, "params": {"C": 816.4699566743612, "epsilon": 24.574886480924878, "gamma": 0.054020602716187256}}
{"target": 44.12322915061477, "params": {"C": 789.8120956048522, "epsilon": 25.90835787521535, "gamma": 0.06152719105617215}}
{"target": 47.807078700209104, "params": {"C": 1477.759868082932, "epsilon": 22.77703321383919, "gamma": 0.2874386411666676}}
{"target": 43.05643616871704, "params": {"C": 947.2057346058841, "epsilon": 25.38644538120519, "gamma": 0.0471291793144063}}
{"target": 48.432098248412835, "params": {"C": 1467.7590384609603, "epsilon": 29.371795932966968, "gamma": 0.1326114836960666}}
{"target": 39.51098500798526, "params": {"C": 899.5514826339918, "epsilon": 24.40555298459229, "gamma": 0.002814115259590459}}
{"target": 51.475526676033, "params": {"C": 759.8217193072205, "epsilon": 24.30572966887111, "gamma": 0.46705189375734}}
{"target": 43.15571194116416, "params": {"C": 882.8698884276076, "epsilon": 27.83737981653711, "gamma": 0.047716785773026425}}
{"target": 44.68646966657115, "params": {"C": 912.6433686885282, "epsilon": 27.932981785093208, "gamma": 0.06334531515984351}}
{"target": 39.870546393460224, "params": {"C": 703.6822569228844, "epsilon": 20.954474346071656, "gamma": 0.0017809517246824662}}
{"target": 40.47350945529216, "params": {"C": 700.6383254498738, "epsilon": 29.763857543035947, "gamma": 0.0315898980451049}}
{"target": 40.64828333418132, "params": {"C": 702.9057806781298, "epsilon": 22.897365805506638, "gamma": 0.0009964358615191168}}
{"target": 46.0662672364862, "params": {"C": 703.5926668200109, "epsilon": 27.391722860075113, "gamma": 0.1227213059455559}}
{"target": 39.08458588496619, "params": {"C": 706.2710407074375, "epsilon": 29.987064456908847, "gamma": 0.00685864763907388}}
{"target": 39.08556002393059, "params": {"C": 701.3907002369855, "epsilon": 29.9002707815103, "gamma": 0.008496524928310814}}
{"target": 41.9325496132987, "params": {"C": 792.8925840422271, "epsilon": 28.131570638000387, "gamma": 0.041156651801933716}}
{"target": 39.67397238183584, "params": {"C": 780.407631020702, "epsilon": 27.57695749705755, "gamma": 0.0025446763975801668}}
{"target": 40.80846129981528, "params": {"C": 935.4413577752576, "epsilon": 26.383808716555425, "gamma": 0.0006257092564891081}}
{"target": 48.34289399989097, "params": {"C": 1370.7965311899698, "epsilon": 12.924666603668241, "gamma": 0.35483846670247793}}
{"target": 44.43794701872122, "params": {"C": 701.5507011419744, "epsilon": 26.02182229096572, "gamma": 0.071904152387949}}
{"target": 43.118644821296684, "params": {"C": 815.9023402534115, "epsilon": 27.83260444088401, "gamma": 0.04934467937432248}}
{"target": 46.695728815420296, "params": {"C": 1008.0746145894074, "epsilon": 24.55722470006607, "gamma": 0.10964085485314637}}
{"target": 40.442403256133716, "params": {"C": 1015.8738188353135, "epsilon": 29.317572716293743, "gamma": 0.0010551167124340103}}
{"target": 39.33847078825022, "params": {"C": 1023.8032231939976, "epsilon": 27.05307970977021, "gamma": 0.002965731312312283}}
{"target": 46.34454181069412, "params": {"C": 843.8737574768325, "epsilon": 26.314948117273165, "gamma": 0.11677622885294792}}
{"target": 42.997971013305346, "params": {"C": 1009.7678045851833, "epsilon": 24.674132299276014, "gamma": 0.045675726428629465}}
{"target": 39.49627379651686, "params": {"C": 957.2920503015907, "epsilon": 22.865624899254787, "gamma": 0.0026819969600545505}}
{"target": 43.611594970294306, "params": {"C": 1033.4847395140573, "epsilon": 23.935242056865263, "gamma": 0.00012982836442708597}}
{"target": 45.84163583434291, "params": {"C": 1295.9738044928918, "epsilon": 24.679250925738035, "gamma": 0.0632777565769339}}
{"target": 43.570914865628744, "params": {"C": 850.6820903083216, "epsilon": 24.809062524284105, "gamma": 0.05480027779013461}}
{"target": 47.32432652069915, "params": {"C": 988.5469937196763, "epsilon": 27.850763976007922, "gamma": 0.11868576069321263}}
{"target": 40.43480774311981, "params": {"C": 931.46839151616, "epsilon": 23.921267490257723, "gamma": 0.0008898257037036634}}
{"target": 44.17876496720426, "params": {"C": 922.5221361706446, "epsilon": 29.798789393278973, "gamma": 0.055424476384497816}}
{"target": 39.978901140769054, "params": {"C": 785.2999041120182, "epsilon": 28.118036022797043, "gamma": 0.0018857976761604807}}
{"target": 43.319708950186374, "params": {"C": 702.1701322320254, "epsilon": 27.172931266617475, "gamma": 0.05527165263325903}}
{"target": 42.506139026562394, "params": {"C": 790.2020481324897, "epsilon": 23.79036778657788, "gamma": 0.049029658196235226}}
{"target": 40.10837134555818, "params": {"C": 880.7447126877322, "epsilon": 28.36558636680774, "gamma": 0.001647920168383288}}
{"target": 44.58191682008355, "params": {"C": 700.5130847331533, "epsilon": 24.63230155083932, "gamma": 0.07640041583697457}}
{"target": 45.29720675446366, "params": {"C": 701.660676001288, "epsilon": 24.69514648847157, "gamma": 0.10548087238960444}}
{"target": 43.54808145881682, "params": {"C": 1213.907902399579, "epsilon": 14.875237258134165, "gamma": 0.05377194998322038}}
{"target": 43.42493237042938, "params": {"C": 859.7483114803507, "epsilon": 26.552734694559994, "gamma": 0.05158866098515882}}
{"target": 44.05032274708511, "params": {"C": 803.0612187929096, "epsilon": 21.53923602735295, "gamma": 0.06639193716644984}}
{"target": 44.21131495658065, "params": {"C": 871.087339627218, "epsilon": 25.952515260941468, "gamma": 0.05920715854185714}}
{"target": 46.481238207498976, "params": {"C": 972.0142345025254, "epsilon": 25.871299513016695, "gamma": 0.10800035861182983}}
{"target": 40.465252485098475, "params": {"C": 924.8374663095522, "epsilon": 24.72726819314789, "gamma": 0.0008110754086671675}}
{"target": 39.25804244193743, "params": {"C": 826.560718754497, "epsilon": 24.15884716341141, "gamma": 0.004358386024963289}}
{"target": 45.27871127087176, "params": {"C": 800.1780905509199, "epsilon": 29.938755842705174, "gamma": 0.0900760920477117}}
{"target": 41.78399845047681, "params": {"C": 877.214285792135, "epsilon": 25.964305005413244, "gamma": 0.00031314942166015165}}
{"target": 47.9143737510762, "params": {"C": 859.1203356973926, "epsilon": 21.743631183694387, "gamma": 0.17718766288687}}
{"target": 42.7109433732605, "params": {"C": 795.4660942050353, "epsilon": 26.52043009217177, "gamma": 0.047624434874514524}}
{"target": 40.56876990716354, "params": {"C": 1007.5600896332007, "epsilon": 20.254937186972615, "gamma": 0.000789899658711176}}
{"target": 43.97971389756959, "params": {"C": 868.3067671109359, "epsilon": 20.789601103653844, "gamma": 0.06371835984785792}}
{"target": 42.68936268815952, "params": {"C": 851.8664740918475, "epsilon": 20.572721333905324, "gamma": 0.050309248557766875}}
{"target": 42.42823601297687, "params": {"C": 704.7671335146536, "epsilon": 23.91669601558565, "gamma": 0.05129826572471693}}
{"target": 39.27916320147284, "params": {"C": 943.2519605361139, "epsilon": 27.56040773463655, "gamma": 0.0035414875912132184}}
{"target": 40.28040047832972, "params": {"C": 829.3954950978314, "epsilon": 27.43117636661966, "gamma": 0.0015294802033973065}}
{"target": 45.46392331199407, "params": {"C": 1139.8245370574577, "epsilon": 25.070657601988696, "gamma": 0.06451189572162866}}
{"target": 46.35687318274531, "params": {"C": 977.2488661222033, "epsilon": 22.277778938633215, "gamma": 0.10785024098053911}}
{"target": 41.21775704466228, "params": {"C": 761.265077710741, "epsilon": 26.773993785586104, "gamma": 0.0005789982172671355}}
{"target": 40.02018612429431, "params": {"C": 868.4826431417458, "epsilon": 26.779659549095726, "gamma": 0.0017728186479257363}}
{"target": 44.142387940441395, "params": {"C": 1086.710237768554, "epsilon": 25.511898867236827, "gamma": 0.05283809753326462}}
{"target": 47.67226119440649, "params": {"C": 1116.6751884227126, "epsilon": 25.27960523848257, "gamma": 0.11888429321100821}}
{"target": 43.078306176059165, "params": {"C": 766.8903464807356, "epsilon": 23.114957328652864, "gamma": 0.054768200945560674}}
{"target": 41.12625687358105, "params": {"C": 832.4120415209169, "epsilon": 27.925316927683628, "gamma": 0.0006429124750658398}}
{"target": 46.1148042592783, "params": {"C": 891.9426328696281, "epsilon": 25.388637512768643, "gamma": 0.10733013849915314}}
{"target": 43.30697635690622, "params": {"C": 775.3988913529447, "epsilon": 25.30333316061939, "gamma": 0.054387520149400514}}
{"target": 42.798968617185366, "params": {"C": 814.6255714595458, "epsilon": 29.923483216911556, "gamma": 0.04565412443013049}}
{"target": 44.25577918191845, "params": {"C": 1008.7377460259165, "epsilon": 23.099879325284498, "gamma": 0.058767798384240726}}
{"target": 44.32967032244167, "params": {"C": 882.9557257312927, "epsilon": 23.84580254489098, "gamma": 0.06262686742760372}}
{"target": 44.74927751215229, "params": {"C": 897.1538133971688, "epsilon": 27.697839891100582, "gamma": 0.06477996674887752}}
{"target": 39.33053527806344, "params": {"C": 772.988253686636, "epsilon": 25.39386212747641, "gamma": 0.0042403215728545034}}
{"target": 43.24365327032463, "params": {"C": 700.754840161884, "epsilon": 25.363600327125848, "gamma": 0.056353103321805195}}
{"target": 43.468411429356294, "params": {"C": 984.809268652127, "epsilon": 25.728138627342318, "gamma": 0.04927479728589256}}
{"target": 44.65446558946734, "params": {"C": 957.1196256785254, "epsilon": 27.943195653875947, "gamma": 0.060925521637939316}}
{"target": 43.35372077690211, "params": {"C": 965.8826291229562, "epsilon": 25.68898302265896, "gamma": 0.04870026573027884}}
{"target": 44.04659256929186, "params": {"C": 777.8918792863922, "epsilon": 29.70577413341477, "gamma": 0.05945588303682985}}
{"target": 44.71244380062426, "params": {"C": 1109.2324804625844, "epsilon": 29.98300104681512, "gamma": 0.054962997972641904}}
{"target": 43.623127883455865, "params": {"C": 980.6828418551924, "epsilon": 26.402316331173758, "gamma": 0.05018799773111288}}
{"target": 43.050974443167455, "params": {"C": 725.3201392153215, "epsilon": 24.460376127371184, "gamma": 0.00021964092584647772}}
{"target": 41.38154248996928, "params": {"C": 706.5110704543778, "epsilon": 26.585127174340176, "gamma": 0.0005047906910960569}}
{"target": 43.20475471344562, "params": {"C": 923.360585630385, "epsilon": 25.564292787918646, "gamma": 0.04875591119279648}}
{"target": 45.538567078490246, "params": {"C": 784.2637382926576, "epsilon": 27.28203012908792, "gamma": 0.09997010476344773}}
{"target": 40.20960378496702, "params": {"C": 980.1475415819353, "epsilon": 27.54943975189206, "gamma": 0.0013450397946057468}}
{"target": 48.01740354569047, "params": {"C": 1405.2163295197186, "epsilon": 17.99267127686191, "gamma": 0.3170001605851479}}
{"target": 42.827236837921525, "params": {"C": 700.5875399451108, "epsilon": 27.216257405328506, "gamma": 0.05121639946873665}}
{"target": 39.71106095901668, "params": {"C": 1010.7279987808248, "epsilon": 25.49540014526743, "gamma": 0.0020685125293032833}}
{"target": 40.212493418983506, "params": {"C": 915.0885056179068, "epsilon": 28.522879254777276, "gamma": 0.0013994275613740817}}
{"target": 42.298052649522, "params": {"C": 803.1025775572657, "epsilon": 24.427779087925312, "gamma": 0.04613746738329086}}
{"target": 43.003821642128806, "params": {"C": 777.469593028592, "epsilon": 27.749785253350606, "gamma": 0.04960616068790163}}
{"target": 45.88158082849988, "params": {"C": 940.5550748649459, "epsilon": 16.699102856458644, "gamma": 0.11161982971683879}}
{"target": 44.108380272050795, "params": {"C": 879.9572403124799, "epsilon": 22.85349371971625, "gamma": 0.06184663489911579}}
{"target": 39.40414290225708, "params": {"C": 839.9502879738264, "epsilon": 25.213770510040465, "gamma": 0.0034065626633822555}}
{"target": 39.21292628792105, "params": {"C": 797.6023808093707, "epsilon": 21.517623232691527, "gamma": 0.006097128206049173}}
{"target": 42.2355095740131, "params": {"C": 927.1581027918236, "epsilon": 23.424873204581264, "gamma": 0.04325822501957435}}
{"target": 43.79984616303927, "params": {"C": 943.1698305540522, "epsilon": 23.316963428680037, "gamma": 0.055472986216399664}}
{"target": 45.685145439053464, "params": {"C": 867.8681808803351, "epsilon": 27.159709906528644, "gamma": 0.09344337982630666}}
{"target": 40.234845785738386, "params": {"C": 878.6251310030992, "epsilon": 29.812387823371942, "gamma": 0.0015652367737206442}}
{"target": 42.12277289553664, "params": {"C": 843.4114018066846, "epsilon": 26.272819266090035, "gamma": 0.00027526423175742824}}
{"target": 43.99865729108103, "params": {"C": 801.3736476930255, "epsilon": 27.473878373786384, "gamma": 0.05838927620119682}}
{"target": 45.342854263782755, "params": {"C": 784.394854907483, "epsilon": 27.678077840670117, "gamma": 0.08694348245086636}}
{"target": 42.84364434127954, "params": {"C": 815.4923341988639, "epsilon": 27.774015543242214, "gamma": 0.04713293445900684}}
{"target": 43.94040961923771, "params": {"C": 932.7715032939338, "epsilon": 19.665664168370675, "gamma": 0.062175703940559074}}
{"target": 48.38822364983935, "params": {"C": 1057.2389387863007, "epsilon": 20.228169406489304, "gamma": 0.15557249321234523}}
{"target": 39.20616136386697, "params": {"C": 1059.5009581435465, "epsilon": 22.431084305348477, "gamma": 0.005152755486578749}}
{"target": 42.48041893837528, "params": {"C": 930.1618048203428, "epsilon": 19.838156905431603, "gamma": 0.047340097353738717}}
{"target": 45.08084916051525, "params": {"C": 815.4200472227319, "epsilon": 28.226946499166193, "gamma": 0.00013489287167604315}}
{"target": 41.08622772547215, "params": {"C": 829.7001305644636, "epsilon": 24.831613420301228, "gamma": 0.0005789833955317479}}
{"target": 42.823709414317385, "params": {"C": 785.3695474511609, "epsilon": 22.6883433084602, "gamma": 0.05263420422039292}}
{"target": 42.98305848747791, "params": {"C": 701.6713944507056, "epsilon": 25.716604856794127, "gamma": 0.05389614501946661}}
{"target": 39.32681316108465, "params": {"C": 982.5296365677075, "epsilon": 21.07169894085124, "gamma": 0.0037562395753643323}}
{"target": 45.89210445523918, "params": {"C": 840.368744427992, "epsilon": 24.584322514214545, "gamma": 0.10793624364590068}}
{"target": 43.49904197243848, "params": {"C": 1034.206741325953, "epsilon": 24.472898832498448, "gamma": 0.049278677819986086}}
{"target": 39.27805635561102, "params": {"C": 1185.0108695863264, "epsilon": 21.81959975842494, "gamma": 0.005248274677752176}}
{"target": 43.922069707252355, "params": {"C": 1007.9003029995345, "epsilon": 24.70927956007996, "gamma": 0.053661199927024714}}
{"target": 41.21839269395975, "params": {"C": 882.3999586168554, "epsilon": 26.57369169456029, "gamma": 0.0005073374604438099}}
{"target": 43.40373790636787, "params": {"C": 871.4149885578875, "epsilon": 26.44189007254361, "gamma": 0.051178478213413675}}
{"target": 40.284307718936844, "params": {"C": 904.7540818448598, "epsilon": 23.736772727494294, "gamma": 0.0011429913856148746}}
{"target": 47.82423122158405, "params": {"C": 810.7275182327755, "epsilon": 26.545792870877747, "gamma": 0.1763438656881445}}
{"target": 40.18289221041607, "params": {"C": 776.0621019028398, "epsilon": 24.459960930738756, "gamma": 0.0013348768821508025}}
{"target": 39.47545957981276, "params": {"C": 990.8179141696494, "epsilon": 23.919319471593425, "gamma": 0.002977551953491992}}
{"target": 46.63657476631803, "params": {"C": 964.144159220566, "epsilon": 27.27301847217578, "gamma": 0.11017062041992945}}
{"target": 45.99675856716196, "params": {"C": 961.5710927510726, "epsilon": 24.649559792199817, "gamma": 0.09545702207286527}}
{"target": 45.915480497823125, "params": {"C": 927.8877547442221, "epsilon": 23.041398725682416, "gamma": 0.09917923865925296}}
{"target": 45.59021434271296, "params": {"C": 1140.7156157607994, "epsilon": 21.858533466693704, "gamma": 0.07119008248375784}}
{"target": 46.588761177643555, "params": {"C": 983.6241744587919, "epsilon": 23.74982457421078, "gamma": 0.11063187018994662}}
{"target": 44.37551272733409, "params": {"C": 732.4153424404851, "epsilon": 29.943618911841234, "gamma": 0.06660572948035642}}
{"target": 43.84919380407374, "params": {"C": 792.2320768585893, "epsilon": 25.13118246087035, "gamma": 0.058899631133012394}}
{"target": 42.9777458233276, "params": {"C": 727.6454585521913, "epsilon": 18.793753827585146, "gamma": 0.06006894326320063}}
{"target": 42.80465795435255, "params": {"C": 701.1086268680959, "epsilon": 26.13001096001471, "gamma": 0.05210250052373342}}
