{"target": 65.72424361172008, "params": {"C": 987.6503125799358, "epsilon": 41.18989850560426, "gamma": 137.61839408504252}}
{"target": 64.53458695974355, "params": {"C": 1449.356362606346, "epsilon": 30.3271880235424, "gamma": 2.478512034922012}}
{"target": 65.14381940133711, "params": {"C": 1257.4794860299112, "epsilon": 32.520048182468535, "gamma": 4.202209032274951}}
{"target": 65.84114915072962, "params": {"C": 1721.2257961936054, "epsilon": 42.55868048676401, "gamma": 8.658724946869711}}
{"target": 65.67299860575794, "params": {"C": 743.8957009355274, "epsilon": 40.310870063818214, "gamma": 7.583780813288611}}
{"target": 67.01941487305535, "params": {"C": 833.6758458709277, "epsilon": 56.549965897715936, "gamma": 67.57744191052768}}
{"target": 66.08221017263536, "params": {"C": 712.6432136507885, "epsilon": 45.49596865963004, "gamma": 7.387767391927469}}
{"target": 62.41518020752399, "params": {"C": 50.91871366483235, "epsilon": 41.20097416279156, "gamma": 70.01349756033356}}
{"target": 61.68064190851644, "params": {"C": 110.28724349907225, "epsilon": 47.76173157270132, "gamma": 0.9153966393716699}}
{"target": 65.47186941771622, "params": {"C": 198.47293379844518, "epsilon": 37.487856362004784, "gamma": 61.598600784219165}}
{"target": 66.27943529516422, "params": {"C": 1915.8969065092238, "epsilon": 50.4817332471259, "gamma": 2.8810684865557796}}
{"target": 70.63215521202004, "params": {"C": 3057.387439517849, "epsilon": 94.51797948401114, "gamma": 52.797279984186375}}
{"target": 65.45856604435386, "params": {"C": 1676.0455545218742, "epsilon": 37.26575427333039, "gamma": 67.89178974471209}}
{"target": 65.00996468659473, "params": {"C": 622.7792095336926, "epsilon": 29.591920873969876, "gamma": 61.72635078516307}}
{"target": 59.39694964301564, "params": {"C": 11.25820577221657, "epsilon": 28.08350697934835, "gamma": 3.0560939896517243}}
{"target": 66.94307032145613, "params": {"C": 626.7211740026491, "epsilon": 55.72521945288966, "gamma": 54.021597003103956}}
{"target": 49.810729535987505, "params": {"C": 804.603314283223, "epsilon": 29.91562974942288, "gamma": 0.3550740657938467}}
{"target": 58.88013242576908, "params": {"C": 469.194158213052, "epsilon": 28.94408519568705, "gamma": 0.901498698912323}}
{"target": 59.792331611843636, "params": {"C": 15.701767145571694, "epsilon": 35.89748627482772, "gamma": 8.500535132807132}}
{"target": 54.337892021336394, "params": {"C": 555.5733222944839, "epsilon": 16.88014960995365, "gamma": 0.6769769026798614}}
{"target": 64.87717995835273, "params": {"C": 546.5983783357441, "epsilon": 27.07377540083998, "gamma": 10.232164315851087}}
{"target": 64.89468912814421, "params": {"C": 1963.4865781194744, "epsilon": 27.581666198601077, "gamma": 70.98939067144207}}
{"target": 64.11453799608864, "params": {"C": 328.9915817185138, "epsilon": 12.158099478865232, "gamma": 75.7787061310016}}
{"target": 60.44863507858838, "params": {"C": 1261.957581931376, "epsilon": 13.498333847155237, "gamma": 1.2819280863643399}}
{"target": 64.38154194466044, "params": {"C": 1026.3921678683719, "epsilon": 17.796499331674205, "gamma": 52.305441758077734}}
{"target": 63.634547427948725, "params": {"C": 600.2082716557969, "epsilon": 2.778257593957509, "gamma": 32.868980628657205}}
{"target": 59.3275588299025, "params": {"C": 41.11637715167463, "epsilon": 4.1836474022713475, "gamma": 42.61641352977128}}
{"target": 63.75232874190033, "params": {"C": 843.3035828279629, "epsilon": 5.049691317907193, "gamma": 40.07486970746888}}
{"target": 64.3284744623528, "params": {"C": 1364.9751617625504, "epsilon": 16.986072498785028, "gamma": 4.32297410491475}}
{"target": 64.23039818643214, "params": {"C": 1577.9892312117342, "epsilon": 14.563780694345906, "gamma": 43.38187129132673}}
{"target": 64.36878026692054, "params": {"C": 924.7238833513283, "epsilon": 16.8156414047601, "gamma": 6.098795302425074}}
{"target": 63.57989770081822, "params": {"C": 255.35317949023644, "epsilon": 1.4234895602998314, "gamma": 13.623689639606077}}
{"target": 63.74236140872758, "params": {"C": 1524.9374519954204, "epsilon": 12.684812287835626, "gamma": 2.7946595762671276}}
{"target": 64.01427657201168, "params": {"C": 429.3402450584276, "epsilon": 9.455015314376002, "gamma": 8.000903296596158}}
{"target": 64.9317758990655, "params": {"C": 669.2603069426605, "epsilon": 30.678212580062056, "gamma": 3.397525021095782}}
{"target": 62.69220626431847, "params": {"C": 598.8976307319249, "epsilon": 23.93543765036781, "gamma": 1.6123224527377809}}
{"target": 64.52193940345424, "params": {"C": 1084.7933469804766, "epsilon": 29.215297612110994, "gamma": 2.5645616537926643}}
{"target": 64.24938266576785, "params": {"C": 355.4349596490713, "epsilon": 14.959938328538533, "gamma": 34.2949968226873}}
{"target": 65.29066877857676, "params": {"C": 1489.2686253765364, "epsilon": 35.22515313778614, "gamma": 4.0721393416822655}}
{"target": 64.54242111752791, "params": {"C": 511.8930743982822, "epsilon": 21.08009372928442, "gamma": 65.0467840598258}}
{"target": 64.43004400460673, "params": {"C": 1114.2096772584566, "epsilon": 18.799315856606107, "gamma": 80.44982790835478}}
{"target": 64.17206041078641, "params": {"C": 1000.4661080518891, "epsilon": 13.346673179738058, "gamma": 62.24402791350177}}
{"target": 60.35770309551439, "params": {"C": 28.953414360824013, "epsilon": 36.74458976212476, "gamma": 77.3645441151214}}
{"target": 64.41845824011459, "params": {"C": 757.3411807686579, "epsilon": 18.55719328597359, "gamma": 80.90303139317042}}
{"target": 55.6191773950291, "params": {"C": 2033.4285162076585, "epsilon": 26.881543838960646, "gamma": 0.6761642431827115}}
{"target": 63.71770200373705, "params": {"C": 76.96721703379887, "epsilon": 36.220171333445535, "gamma": 4.520042378877249}}
{"target": 65.18447745563493, "params": {"C": 904.6239645766636, "epsilon": 32.565141778053395, "gamma": 69.06314637314296}}
{"target": 52.894564499777495, "params": {"C": 871.8217745305124, "epsilon": 26.409800001338784, "gamma": 0.5248699013198498}}
{"target": 58.74355099052732, "params": {"C": 733.4076002459697, "epsilon": 15.946256696056214, "gamma": 1.028818596945571}}
{"target": 63.910680280758925, "params": {"C": 1841.5974680986387, "epsilon": 7.985922117608059, "gamma": 15.55248281629876}}
{"target": 64.80792041193926, "params": {"C": 1958.9221755279627, "epsilon": 26.041408682466724, "gamma": 25.648403085654152}}
{"target": 64.42539639243358, "params": {"C": 971.3446455457635, "epsilon": 18.581165853480464, "gamma": 14.255320306716003}}
{"target": 64.65168970976217, "params": {"C": 2121.772979764277, "epsilon": 23.02855791652678, "gamma": 12.616653864544961}}
{"target": 64.5541436832052, "params": {"C": 1400.0825435738973, "epsilon": 21.30815462638335, "gamma": 43.566253166024836}}
{"target": 65.28973233829642, "params": {"C": 1345.2039081318196, "epsilon": 34.3792959302618, "gamma": 57.15027549757154}}
{"target": 64.98819988707587, "params": {"C": 1473.994053029996, "epsilon": 29.216599026115105, "gamma": 56.07668642983161}}
{"target": 65.18872167276177, "params": {"C": 1896.1752523065172, "epsilon": 32.63802468857552, "gamma": 75.00782641543458}}
{"target": 64.52190675658775, "params": {"C": 1802.6929790458491, "epsilon": 20.682476621500072, "gamma": 126.48984395610876}}
{"target": 64.7818411051969, "params": {"C": 1953.5773826115383, "epsilon": 25.352045901625836, "gamma": 9.476972374955619}}
{"target": 64.57019671397829, "params": {"C": 1529.8898996698852, "epsilon": 21.612923447290232, "gamma": 119.64307664824203}}
{"target": 65.08846700528231, "params": {"C": 2952.125187703532, "epsilon": 30.68492138017221, "gamma": 8.159741517280876}}
{"target": 64.75744157291338, "params": {"C": 504.73653952511717, "epsilon": 27.395121866724118, "gamma": 3.4822382201055473}}
{"target": 64.7497274754418, "params": {"C": 2929.333009564403, "epsilon": 25.011309689410936, "gamma": 53.18053145693548}}
{"target": 63.29507372537857, "params": {"C": 1172.1792327595954, "epsilon": 21.57503168268704, "gamma": 1.9282094386168946}}
{"target": 50.7767488878088, "params": {"C": 1232.5766059768594, "epsilon": 41.38169499901401, "gamma": 0.3046874340611838}}
{"target": 64.21988982170292, "params": {"C": 1008.2048584822936, "epsilon": 13.9576327356866, "gamma": 4.948418364694685}}
{"target": 64.4936868221606, "params": {"C": 1733.6488906683953, "epsilon": 20.113092992081313, "gamma": 57.62707788749162}}
{"target": 64.25615983096509, "params": {"C": 711.5527944160582, "epsilon": 15.101699204434194, "gamma": 57.66940143417525}}
{"target": 65.16914174343773, "params": {"C": 2362.6011408033255, "epsilon": 33.214368548347565, "gamma": 4.021877438549315}}
{"target": 65.32734388854192, "params": {"C": 662.3823591761768, "epsilon": 35.02625404718696, "gamma": 48.54891849120968}}
{"target": 64.72160135028003, "params": {"C": 1938.2187962916298, "epsilon": 24.435014684332778, "gamma": 16.548971592604524}}
{"target": 64.64596018977022, "params": {"C": 2122.267890873466, "epsilon": 23.68985908014471, "gamma": 4.1682386953794826}}
{"target": 62.238882175748884, "params": {"C": 1848.1898727732978, "epsilon": 18.311060989910526, "gamma": 1.60542581886303}}
{"target": 65.96855236483933, "params": {"C": 2054.0725057955765, "epsilon": 44.278909950168426, "gamma": 5.221000193933839}}
{"target": 65.41555292265427, "params": {"C": 1206.7894309168455, "epsilon": 36.72413275458123, "gamma": 4.711955307253052}}
{"target": 65.30968583325014, "params": {"C": 1574.0070906091446, "epsilon": 35.613597199658656, "gamma": 4.028542900948095}}
{"target": 65.9679958215241, "params": {"C": 992.5338236056891, "epsilon": 49.536273297765504, "gamma": 2.345525963029715}}
{"target": 65.7149164347732, "params": {"C": 1400.5826223907827, "epsilon": 41.066601412483166, "gamma": 46.172559927558495}}
{"target": 47.42283468369355, "params": {"C": 433.26647036542494, "epsilon": 16.67741666294705, "gamma": 0.25043288693078597}}
{"target": 65.3298246888375, "params": {"C": 2525.727869356592, "epsilon": 35.06828116139049, "gamma": 58.86736696087532}}
{"target": 65.73250487580493, "params": {"C": 1867.9406779661906, "epsilon": 41.12656997764785, "gamma": 8.191024299560233}}
{"target": 64.39854389198358, "params": {"C": 262.319769990386, "epsilon": 18.108023139827957, "gamma": 19.587533174745857}}
{"target": 64.45967562265315, "params": {"C": 1769.8180865099894, "epsilon": 19.408471630083987, "gamma": 94.41893384755944}}
{"target": 63.88274928477309, "params": {"C": 1933.8591492654266, "epsilon": 7.563745882088806, "gamma": 63.12599622988433}}
{"target": 63.68879629470716, "params": {"C": 1627.9207557699867, "epsilon": 3.848721106707094, "gamma": 91.44006810776798}}
{"target": 64.23091245849369, "params": {"C": 502.08523797505154, "epsilon": 14.5723153984552, "gamma": 31.489918611630184}}
{"target": 62.9911587264956, "params": {"C": 110.71780815495077, "epsilon": 10.495018144684764, "gamma": 57.46269316556435}}
{"target": 64.29435138495278, "params": {"C": 352.57161209285124, "epsilon": 15.916624424782723, "gamma": 55.830388390208235}}
{"target": 63.779013220795434, "params": {"C": 401.7874582416767, "epsilon": 5.446623725141112, "gamma": 15.788731988135472}}
{"target": 43.999065002186384, "params": {"C": 731.6845762355687, "epsilon": 10.489650468240146, "gamma": 0.08097378846788705}}
{"target": 63.79549942974198, "params": {"C": 716.8165991626812, "epsilon": 5.225574299608283, "gamma": 5.296147272722715}}
{"target": 64.6614161325879, "params": {"C": 982.093139710252, "epsilon": 23.356630846076573, "gamma": 82.98886385947557}}
{"target": 64.29426098406677, "params": {"C": 525.7245832502228, "epsilon": 19.060059414958662, "gamma": 3.389356420918782}}
{"target": 65.02116924658495, "params": {"C": 972.8194077509067, "epsilon": 29.78133428014374, "gamma": 45.58265905012608}}
{"target": 64.35267653726407, "params": {"C": 463.52319544295557, "epsilon": 16.77658188451172, "gamma": 5.000040592522821}}
{"target": 64.10560683416453, "params": {"C": 1380.41844851704, "epsilon": 11.973774903077626, "gamma": 52.30292548744796}}
{"target": 64.04377272157606, "params": {"C": 1080.871878844603, "epsilon": 10.732003221105245, "gamma": 85.00655695392521}}
{"target": 63.750001406408614, "params": {"C": 875.8073492396327, "epsilon": 5.005999219176065, "gamma": 55.76461678445704}}
{"target": 63.710093260691885, "params": {"C": 144.42184143683187, "epsilon": 8.560436819325279, "gamma": 22.503186262148095}}
{"target": 63.66020175994779, "params": {"C": 1474.2999515313818, "epsilon": 3.290413863073409, "gamma": 37.55753102020187}}
{"target": 64.70183173607765, "params": {"C": 280.0913529450406, "epsilon": 24.04717871592618, "gamma": 15.468604672785837}}
{"target": 55.59343504772602, "params": {"C": 522.6148957059911, "epsilon": 17.659544607818475, "gamma": 0.751277633997526}}
{"target": 64.39954762666554, "params": {"C": 638.3505696204048, "epsilon": 17.548634623823883, "gamma": 5.65572167933245}}
{"target": 63.78377012626631, "params": {"C": 736.9318568088214, "epsilon": 5.22232461616321, "gamma": 10.429549437782894}}
{"target": 61.506495025223124, "params": {"C": 73.4784042164664, "epsilon": 18.004705269705823, "gamma": 62.23213419759528}}
{"target": 63.625436219815484, "params": {"C": 1023.2593133614854, "epsilon": 2.1957112839110273, "gamma": 11.48415421667067}}
{"target": 59.04924289076398, "params": {"C": 11.041419981431886, "epsilon": 7.277550001470554, "gamma": 24.282523727563515}}
{"target": 64.05025910713428, "params": {"C": 520.3766054271183, "epsilon": 10.686763384397278, "gamma": 13.288952130864173}}
{"target": 63.77288391523855, "params": {"C": 156.13339941953768, "epsilon": 7.6460248064043945, "gamma": 20.46361753656568}}
{"target": 64.55559995008907, "params": {"C": 1151.2591494171616, "epsilon": 21.33654911799875, "gamma": 45.525822973391044}}
{"target": 64.38263311959479, "params": {"C": 1158.04913445079, "epsilon": 20.713830876432503, "gamma": 3.4117775250864426}}
{"target": 63.68290911147413, "params": {"C": 129.68951186998032, "epsilon": 12.094015807076236, "gamma": 14.680634612524885}}
{"target": 58.572846021691305, "params": {"C": 996.7138209577713, "epsilon": 19.364152737513315, "gamma": 0.9777893491779648}}
{"target": 64.29656869630021, "params": {"C": 268.9809212363708, "epsilon": 16.78165707175767, "gamma": 4.074471843813225}}
{"target": 63.46721710821015, "params": {"C": 779.5743177983173, "epsilon": 1.8673448474016894, "gamma": 3.581259428923399}}
{"target": 64.00172985296317, "params": {"C": 1900.4763890038141, "epsilon": 9.060957525669807, "gamma": 6.4724170479288405}}
{"target": 64.61257701833627, "params": {"C": 533.1634219498137, "epsilon": 22.428876684039395, "gamma": 87.23020249875093}}
{"target": 64.45155603371704, "params": {"C": 791.7994653375483, "epsilon": 19.241920966896593, "gamma": 92.01973499471643}}
{"target": 65.02987637329319, "params": {"C": 367.5906999363533, "epsilon": 29.929273276968267, "gamma": 88.85130578179744}}
{"target": 63.72830441647871, "params": {"C": 867.3916712381962, "epsilon": 4.597524232601861, "gamma": 63.974616424234654}}
{"target": 64.61666865466518, "params": {"C": 250.35564096551934, "epsilon": 22.50546468426007, "gamma": 83.83051001297396}}
{"target": 64.22713246348349, "params": {"C": 751.497223437951, "epsilon": 14.49588193485274, "gamma": 56.48350862836497}}
{"target": 63.754101647290256, "params": {"C": 1429.6470193206346, "epsilon": 6.603147158590367, "gamma": 3.8124218978159767}}
{"target": 64.9653857131764, "params": {"C": 1115.5776347404235, "epsilon": 28.661075911062866, "gamma": 11.274042132372578}}
{"target": 60.9284157168875, "params": {"C": 393.1183093126126, "epsilon": 25.03649663506831, "gamma": 1.197610507516833}}
{"target": 64.63155655536266, "params": {"C": 874.5008276840223, "epsilon": 22.78691958777881, "gamma": 70.84385140505579}}
{"target": 53.608699433757955, "params": {"C": 1384.7603344713766, "epsilon": 26.61946480782352, "gamma": 0.5612256698040937}}
{"target": 65.3362606743393, "params": {"C": 494.8797090334717, "epsilon": 36.33931865910355, "gamma": 3.8524411054180834}}
{"target": 65.0270745356085, "params": {"C": 1135.722188139036, "epsilon": 29.881689290855597, "gamma": 109.18258359599395}}
{"target": 65.56022931535672, "params": {"C": 1191.5590487454615, "epsilon": 38.863224378336824, "gamma": 63.94809436269801}}
{"target": 49.30058758749054, "params": {"C": 1847.1830296504695, "epsilon": 14.822588785610513, "gamma": 0.4274086696140255}}
{"target": 64.77651584480188, "params": {"C": 1105.5947460290035, "epsilon": 25.23073283278465, "gamma": 9.031892150280388}}
{"target": 64.20420768904812, "params": {"C": 2356.9709405391955, "epsilon": 14.0169503853509, "gamma": 71.98403677730545}}
{"target": 64.33617425869042, "params": {"C": 2670.418076004786, "epsilon": 16.817855825674194, "gamma": 38.33925884052178}}
{"target": 64.38312911113526, "params": {"C": 1529.5448804675455, "epsilon": 18.048527383745878, "gamma": 4.387510689576735}}
{"target": 63.62366834447572, "params": {"C": 1937.1238109988462, "epsilon": 1.6832247188107345, "gamma": 8.014704933674873}}
{"target": 64.0190574101269, "params": {"C": 1714.736615788838, "epsilon": 9.916402852341069, "gamma": 11.114280354060293}}
{"target": 64.91765700546829, "params": {"C": 2566.8249353521746, "epsilon": 27.985342294845026, "gamma": 60.71188713710208}}
{"target": 64.39815127991416, "params": {"C": 1673.5747046641468, "epsilon": 18.135109509473907, "gamma": 69.08790621886737}}
{"target": 64.19489345616486, "params": {"C": 2556.0157401740516, "epsilon": 13.82152659504441, "gamma": 47.9019434921744}}
{"target": 64.06191615141387, "params": {"C": 2332.9575179941276, "epsilon": 11.0336652687877, "gamma": 17.415425346476955}}
{"target": 64.88986381832203, "params": {"C": 2298.714500645054, "epsilon": 27.496537931203743, "gamma": 88.92016361928145}}
{"target": 64.24080806016808, "params": {"C": 2367.3052462644264, "epsilon": 14.78234705147278, "gamma": 40.36844274861818}}
{"target": 63.612879102577004, "params": {"C": 2075.9527870311194, "epsilon": 2.346113000947387, "gamma": 49.69053547144208}}
{"target": 51.115593014519035, "params": {"C": 1982.050575306982, "epsilon": 25.315937578893728, "gamma": 0.4421723451905766}}
{"target": 64.36368155986956, "params": {"C": 1273.874081086578, "epsilon": 17.410060957376555, "gamma": 45.71649377261175}}
{"target": 64.38314277856833, "params": {"C": 1914.178868820773, "epsilon": 17.829449119829572, "gamma": 61.44405077535945}}
{"target": 46.76830140777925, "params": {"C": 960.9114424905631, "epsilon": 12.005250970903226, "gamma": 0.1298680567322732}}
{"target": 64.96740926920222, "params": {"C": 2485.6004598119434, "epsilon": 28.824373548537967, "gamma": 18.646533500783374}}
{"target": 64.59278465531297, "params": {"C": 1893.2344752413967, "epsilon": 21.639693104829842, "gamma": 7.8331186477484795}}
{"target": 64.09923683300534, "params": {"C": 1197.4141649294438, "epsilon": 11.843303287168418, "gamma": 48.88655880019389}}
{"target": 63.5727904268849, "params": {"C": 1303.1102199034256, "epsilon": 1.5365547076943304, "gamma": 39.98311168613805}}
{"target": 64.32814844079304, "params": {"C": 2076.065308805791, "epsilon": 15.970813626962185, "gamma": 7.123461066752707}}
{"target": 63.612377137812544, "params": {"C": 1249.6612423610245, "epsilon": 1.6774081755619434, "gamma": 9.460173356660473}}
{"target": 64.41372252666858, "params": {"C": 1573.1179649302123, "epsilon": 18.456236258758597, "gamma": 51.86205392922588}}
{"target": 63.63214506011633, "params": {"C": 1555.4520566607412, "epsilon": 2.7323194825324464, "gamma": 84.84127245661728}}
{"target": 65.06417272852339, "params": {"C": 2111.5194360919045, "epsilon": 33.92622261512654, "gamma": 3.138681237578406}}
{"target": 64.41007830457471, "params": {"C": 2158.6695494100327, "epsilon": 17.83005092916505, "gamma": 7.5158861817125695}}
{"target": 64.83052198740579, "params": {"C": 1461.928320202519, "epsilon": 26.367119943059535, "gamma": 14.445276995494718}}
{"target": 65.24277601884015, "params": {"C": 1739.8169772592903, "epsilon": 33.57317785388635, "gamma": 51.92462281676988}}
{"target": 64.03841269106938, "params": {"C": 2384.5616588997773, "epsilon": 9.950370448086552, "gamma": 5.4239735449206705}}
{"target": 64.47898083074999, "params": {"C": 1369.9109602637027, "epsilon": 19.71282083368643, "gamma": 14.975394195906196}}
{"target": 64.44957843997709, "params": {"C": 1721.3550436122598, "epsilon": 18.701002565741028, "gamma": 5.312365854625302}}
{"target": 63.59514236999778, "params": {"C": 2032.008423588789, "epsilon": 0.8923456424813807, "gamma": 6.46378332021618}}
{"target": 63.4974118011221, "params": {"C": 536.1055743774742, "epsilon": 2.1537707537931983, "gamma": 3.6539142355835814}}
{"target": 64.40333536604241, "params": {"C": 2244.073714885456, "epsilon": 18.24088247862151, "gamma": 98.16361771795535}}
{"target": 64.96084181402526, "params": {"C": 1775.5705757943283, "epsilon": 28.74285734760506, "gamma": 67.89167700323604}}
{"target": 64.7510517463644, "params": {"C": 1744.1854383546392, "epsilon": 25.03508932629071, "gamma": 86.64716325668401}}
{"target": 54.89549484937694, "params": {"C": 1253.4355855454933, "epsilon": 34.631896542490544, "gamma": 0.5588393614875138}}
{"target": 65.11950254082413, "params": {"C": 2268.6829142701094, "epsilon": 31.45775619797101, "gamma": 60.38129130588767}}
{"target": 64.68658958635457, "params": {"C": 2078.03625560407, "epsilon": 23.826916150798752, "gamma": 75.89385292394321}}
{"target": 64.0848277234056, "params": {"C": 1171.875958849309, "epsilon": 11.553511855477375, "gamma": 68.95783351553207}}
{"target": 64.64396544863382, "params": {"C": 1528.740982518073, "epsilon": 22.572979249313263, "gamma": 6.389102486444877}}
{"target": 64.7928525723099, "params": {"C": 1420.8896360316667, "epsilon": 25.427227211429997, "gamma": 6.400321069602887}}
{"target": 64.46441614404492, "params": {"C": 1593.2696049312194, "epsilon": 19.00145837749167, "gamma": 7.720388979110546}}
