{"target": 64.91322134430322, "params": {"C": 2356.228145674262, "epsilon": 27.907451594846556, "gamma": 309.8617461553366}}
{"target": 64.3056073922572, "params": {"C": 626.3190724947603, "epsilon": 16.15537503759045, "gamma": 326.0724632636804}}
{"target": 63.61728878035012, "params": {"C": 758.1532737573689, "epsilon": 2.435035072125106, "gamma": 325.115633310987}}
{"target": 64.63021685160042, "params": {"C": 4644.5839004039035, "epsilon": 22.76138205008558, "gamma": 400.27909841334576}}
{"target": 63.57684861161739, "params": {"C": 817.5739395839231, "epsilon": 1.6197203768007837, "gamma": 319.8192064766124}}
{"target": 63.516677928125524, "params": {"C": 448.0654133558114, "epsilon": 0.39073397989363007, "gamma": 392.33098307264635}}
{"target": 63.510295959363155, "params": {"C": 259.76900244281023, "epsilon": 0.2614791756332661, "gamma": 305.6642303935922}}
{"target": 59.854980878380694, "params": {"C": 47.43097903411583, "epsilon": 13.399910998748634, "gamma": 267.18544440317453}}
{"target": 59.18786116745956, "params": {"C": 43.73052595269128, "epsilon": 0.20597136865290222, "gamma": 454.3646831593749}}
{"target": 63.53535338502701, "params": {"C": 752.1907910871533, "epsilon": 0.7688857486016181, "gamma": 369.76474864608053}}
{"target": 59.09214833094351, "params": {"C": 30.339431804115804, "epsilon": 0.6927041343123718, "gamma": 309.23821480525316}}
{"target": 63.50378462773752, "params": {"C": 531.3537600599539, "epsilon": 0.12888339103084334, "gamma": 313.2662510197697}}
{"target": 63.5265040164139, "params": {"C": 258.1986268946041, "epsilon": 0.5888183509665829, "gamma": 232.50531604341575}}
{"target": 59.72344854636983, "params": {"C": 13.725991205583863, "epsilon": 18.545815041617274, "gamma": 455.736309537549}}
{"target": 63.455489120168544, "params": {"C": 173.94332164366477, "epsilon": 0.24446775394876719, "gamma": 340.8810824895803}}
{"target": 64.94045916388211, "params": {"C": 733.0762627089224, "epsilon": 28.386645658524152, "gamma": 403.80856774088875}}
{"target": 60.25704617832573, "params": {"C": 79.36910178512866, "epsilon": 0.6111614137274243, "gamma": 496.01832743781}}
{"target": 63.5091340269207, "params": {"C": 416.79215181829824, "epsilon": 0.2378738473281503, "gamma": 257.0484889747662}}
{"target": 62.449697070038596, "params": {"C": 118.50971269043012, "epsilon": 0.6564285647567983, "gamma": 285.7302935367269}}
{"target": 63.50617056294483, "params": {"C": 734.1324068997876, "epsilon": 0.17766936596697636, "gamma": 430.3664768067058}}
{"target": 64.33564513267333, "params": {"C": 1383.7945283758502, "epsilon": 16.807198471853177, "gamma": 393.9540297332324}}
{"target": 60.318234548751754, "params": {"C": 81.39015373455986, "epsilon": 0.07296347528498659, "gamma": 301.163218709889}}
{"target": 59.35885855993181, "params": {"C": 2.8662303495421817, "epsilon": 35.953897674448925, "gamma": 322.0831835190096}}
{"target": 64.38782000664119, "params": {"C": 1639.346860579948, "epsilon": 17.925369613109638, "gamma": 331.04176246290643}}
{"target": 62.302719515419064, "params": {"C": 59.69617683848451, "epsilon": 34.9664543110083, "gamma": 289.03971522059845}}
{"target": 63.540447495177474, "params": {"C": 639.3000862454029, "epsilon": 0.8735078789259991, "gamma": 374.0312004150445}}
{"target": 64.25313246224059, "params": {"C": 599.2442372892008, "epsilon": 15.038856514503127, "gamma": 414.6605310190623}}
{"target": 74.09963762353735, "params": {"C": 2845.7733993559314, "epsilon": 115.96886152800911, "gamma": 36.52768738054763}}
{"target": 64.6369474280049, "params": {"C": 648.2433812708128, "epsilon": 22.891201229488807, "gamma": 345.66736575262615}}
{"target": 63.51191269310756, "params": {"C": 1475.6263739473952, "epsilon": 0.2943436747748748, "gamma": 319.7058928681613}}
{"target": 70.12084713818366, "params": {"C": 455.5556448407988, "epsilon": 89.87713840446378, "gamma": 480.6872536278331}}
{"target": 59.33321287974727, "params": {"C": 52.876199558207645, "epsilon": 0.1955269302013684, "gamma": 418.8178728267005}}
{"target": 59.8216287044166, "params": {"C": 49.30822149002353, "epsilon": 11.519535464595124, "gamma": 386.13143809180065}}
{"target": 64.3716399044566, "params": {"C": 636.6308519392024, "epsilon": 17.585552227523525, "gamma": 409.6866479316693}}
{"target": 59.594249205204605, "params": {"C": 10.694245799664465, "epsilon": 24.878333447698818, "gamma": 386.5190383704806}}
{"target": 64.2305570858563, "params": {"C": 877.367988683342, "epsilon": 14.56726977790211, "gamma": 492.2663614714667}}
{"target": 64.11952141284902, "params": {"C": 711.1179459052535, "epsilon": 12.26142581301973, "gamma": 362.01860612567697}}
{"target": 60.048089006058795, "params": {"C": 75.29684391492631, "epsilon": 0.4329641105119131, "gamma": 376.27575906006206}}
{"target": 63.53091041376147, "params": {"C": 571.440764454685, "epsilon": 0.6781772507764148, "gamma": 333.5210705829936}}
{"target": 59.67783642653127, "params": {"C": 25.892431344851715, "epsilon": 22.284744155666257, "gamma": 377.02661995412313}}
{"target": 64.07394928010955, "params": {"C": 650.3659461127769, "epsilon": 11.335679917045304, "gamma": 402.8689475259001}}
{"target": 64.31803149546714, "params": {"C": 514.1133698626376, "epsilon": 16.424138983889634, "gamma": 320.87259264560026}}
{"target": 64.20477362974611, "params": {"C": 648.4793191144249, "epsilon": 14.028869212448765, "gamma": 416.12768779787524}}
{"target": 59.75352626237854, "params": {"C": 34.820047891682584, "epsilon": 19.316280525608263, "gamma": 251.28645409313486}}
{"target": 63.28111882677117, "params": {"C": 153.03935914786257, "epsilon": 0.11107412894004703, "gamma": 397.3247251537607}}
{"target": 59.132421281868645, "params": {"C": 26.034804306223585, "epsilon": 2.682839961243277, "gamma": 399.5154139003437}}
{"target": 63.550036709398384, "params": {"C": 716.2107285230164, "epsilon": 1.0702768712360844, "gamma": 285.3755236437076}}
{"target": 63.53043574839294, "params": {"C": 769.6561146884386, "epsilon": 0.6685204482757984, "gamma": 383.8397537159239}}
{"target": 63.51263343589328, "params": {"C": 527.4884606083477, "epsilon": 0.3090511515763254, "gamma": 441.74154958485644}}
{"target": 59.55787351651295, "params": {"C": 9.143010215333508, "epsilon": 15.173059584467893, "gamma": 498.9456951974182}}
{"target": 59.65286524984568, "params": {"C": 26.29700767751755, "epsilon": 20.42283819767473, "gamma": 342.80187304698524}}
{"target": 58.76533836697737, "params": {"C": 17.606310851761556, "epsilon": 2.090942375027347, "gamma": 327.44550043926387}}
{"target": 60.361462111356865, "params": {"C": 54.40784313455032, "epsilon": 17.97120893254721, "gamma": 349.2358483310138}}
{"target": 64.16423957815081, "params": {"C": 1396.0276193893912, "epsilon": 13.184458414646926, "gamma": 402.345203913486}}
{"target": 62.89123238089441, "params": {"C": 132.2895835554917, "epsilon": 0.5196804388707572, "gamma": 315.00060838364425}}
{"target": 59.600105275885724, "params": {"C": 21.548453113065513, "epsilon": 17.962608040958894, "gamma": 406.46665618774614}}
{"target": 64.23759467383225, "params": {"C": 726.1531661190963, "epsilon": 14.714907000557513, "gamma": 452.19012259444895}}
{"target": 59.20459607671937, "params": {"C": 7.9202658993789345, "epsilon": 12.399991136201885, "gamma": 239.02386388185374}}
{"target": 63.51987631651442, "params": {"C": 862.3811477866492, "epsilon": 0.4552103751650434, "gamma": 443.8947816275838}}
{"target": 58.812765354127166, "params": {"C": 1.8389444489551843, "epsilon": 7.557482415714466, "gamma": 339.1231535516386}}
{"target": 58.82561289816452, "params": {"C": 21.681285843952118, "epsilon": 0.7039845184630934, "gamma": 400.32542988198935}}
{"target": 59.942385726361806, "params": {"C": 71.47748883262558, "epsilon": 1.2470788519691722, "gamma": 270.79146789367076}}
{"target": 64.24867333663838, "params": {"C": 690.7056256323363, "epsilon": 14.946426858623479, "gamma": 408.37270246400357}}
{"target": 65.02314378672472, "params": {"C": 618.879298832971, "epsilon": 29.814932849774873, "gamma": 293.38275064626043}}
{"target": 64.17133663646455, "params": {"C": 774.3246837770361, "epsilon": 13.331662975864141, "gamma": 299.664855491552}}
{"target": 59.53173625893176, "params": {"C": 26.7046290293284, "epsilon": 13.570302125936712, "gamma": 418.21604723832957}}
{"target": 59.934621768385284, "params": {"C": 50.0094265127827, "epsilon": 13.328796527176554, "gamma": 377.01135429447106}}
{"target": 64.37753978754253, "params": {"C": 1588.5845953165451, "epsilon": 17.714066448873005, "gamma": 289.00175035954624}}
{"target": 72.17448625885103, "params": {"C": 1199.7537071218426, "epsilon": 105.76233765573653, "gamma": 11.323185150270916}}
{"target": 64.14373585207792, "params": {"C": 669.5045158444643, "epsilon": 12.763714859161237, "gamma": 322.37464726300374}}
{"target": 64.25470800605677, "params": {"C": 4380.644645035786, "epsilon": 15.071564958467377, "gamma": 248.40385172958915}}
{"target": 64.28601772485919, "params": {"C": 660.5377370692738, "epsilon": 15.73992019182696, "gamma": 458.63095475524887}}
{"target": 63.51399903253052, "params": {"C": 1104.9713879271271, "epsilon": 0.33673005345428475, "gamma": 488.342910143383}}
{"target": 63.55950801339709, "params": {"C": 1402.805820475937, "epsilon": 1.2645591223697812, "gamma": 241.72349921752408}}
{"target": 58.345108149623364, "params": {"C": 7.154982408688677, "epsilon": 1.30849449620001, "gamma": 305.9617688660194}}
{"target": 63.50103948169514, "params": {"C": 1479.134345299392, "epsilon": 0.07218315533224762, "gamma": 336.7742325706695}}
{"target": 59.897538091154686, "params": {"C": 43.5102460142273, "epsilon": 17.045453927274014, "gamma": 389.60596992061244}}
{"target": 60.16739096173116, "params": {"C": 49.36220828731292, "epsilon": 18.155330454095424, "gamma": 282.9012321472317}}
{"target": 64.24660319652779, "params": {"C": 534.0532547941123, "epsilon": 14.903351430403848, "gamma": 359.9801776929644}}
{"target": 63.52092801539734, "params": {"C": 1369.2672877103698, "epsilon": 0.476411600483236, "gamma": 344.2625846411925}}
{"target": 59.77212352362898, "params": {"C": 27.414356336710714, "epsilon": 28.263784477616138, "gamma": 476.04800650232175}}
{"target": 59.60100241401602, "params": {"C": 21.104251696400834, "epsilon": 24.976752540174083, "gamma": 492.2161501073445}}
{"target": 63.551948460100405, "params": {"C": 673.222859205911, "epsilon": 1.1093209051991946, "gamma": 411.66477294154225}}
{"target": 65.322609701875, "params": {"C": 5781.305814133033, "epsilon": 34.94613600009466, "gamma": 144.38581823304827}}
{"target": 59.63368689842398, "params": {"C": 36.49941873493239, "epsilon": 13.34542996732302, "gamma": 368.94265377873216}}
{"target": 59.106212542074765, "params": {"C": 30.534324173915408, "epsilon": 1.033193560863178, "gamma": 358.6823329068693}}
{"target": 62.7208717007624, "params": {"C": 126.43200074484123, "epsilon": 0.4517839946923292, "gamma": 378.4542665654894}}
{"target": 63.501225940753216, "params": {"C": 751.7299302366438, "epsilon": 0.07603441583737158, "gamma": 330.665997938639}}
{"target": 59.01544338879963, "params": {"C": 9.692788343475867, "epsilon": 7.033544114967554, "gamma": 441.82223638737776}}
{"target": 59.83173098409941, "params": {"C": 2.9728087589741357, "epsilon": 22.258197084546303, "gamma": 365.7132563233757}}
{"target": 64.26125322810258, "params": {"C": 988.5182965515273, "epsilon": 15.207444409316095, "gamma": 322.86760379729253}}
{"target": 63.287945311130656, "params": {"C": 151.00862851825488, "epsilon": 0.6759668901280422, "gamma": 237.12654850624148}}
{"target": 64.09491822742572, "params": {"C": 905.6426094441334, "epsilon": 11.755596468902379, "gamma": 497.28988862664903}}
{"target": 59.42650789791086, "params": {"C": 8.717241953067896, "epsilon": 13.980207253512287, "gamma": 338.5854871995373}}
{"target": 59.614774861274576, "params": {"C": 14.724770271355705, "epsilon": 13.755214215115444, "gamma": 322.13130687815465}}
{"target": 63.501204680520665, "params": {"C": 797.9895547268918, "epsilon": 0.0755952915874753, "gamma": 399.6569666635362}}
{"target": 64.23271845403885, "params": {"C": 755.1580443965157, "epsilon": 14.612599778598176, "gamma": 363.53036462114375}}
{"target": 64.81992216298288, "params": {"C": 643.5082250232048, "epsilon": 26.264132631520848, "gamma": 391.173336414226}}
{"target": 64.15803904338092, "params": {"C": 805.1990143136613, "epsilon": 13.056106286577382, "gamma": 310.7558948940015}}
{"target": 58.255472059167104, "params": {"C": 2.491977458298911, "epsilon": 1.6302700840421886, "gamma": 314.6062984110922}}
{"target": 64.66928324000904, "params": {"C": 1419.168382353762, "epsilon": 23.50237069544388, "gamma": 372.68410381698993}}
{"target": 64.06510543466197, "params": {"C": 693.2844696097981, "epsilon": 11.158588786886968, "gamma": 413.7023380911684}}
{"target": 61.954560813275535, "params": {"C": 109.18075263348621, "epsilon": 0.36616741110116574, "gamma": 370.49885626257526}}
{"target": 64.04193529335899, "params": {"C": 657.2903086894606, "epsilon": 10.695044794411077, "gamma": 381.4910295489158}}
{"target": 64.74709197989598, "params": {"C": 1201.7247951931952, "epsilon": 24.964022351669588, "gamma": 241.21658412575638}}
{"target": 59.64866002094093, "params": {"C": 15.810127474280442, "epsilon": 14.829322137699906, "gamma": 432.909200569923}}
{"target": 64.16645002053444, "params": {"C": 815.5875522317093, "epsilon": 13.230306593819535, "gamma": 234.36273842802157}}
{"target": 64.28973623093844, "params": {"C": 1461.994333117225, "epsilon": 15.818869883094923, "gamma": 441.4852624160333}}
{"target": 63.57026052237948, "params": {"C": 601.276353653354, "epsilon": 1.4852371293809075, "gamma": 256.11458018866136}}
{"target": 63.589507279933194, "params": {"C": 720.5539619926783, "epsilon": 1.8758211218842438, "gamma": 250.97881098855208}}
{"target": 58.26956497038162, "params": {"C": 0.28734374508967964, "epsilon": 4.486036162244743, "gamma": 371.7351838434373}}
{"target": 64.05763454763287, "params": {"C": 691.0742489880727, "epsilon": 11.009420960177867, "gamma": 251.0844652196501}}
{"target": 59.16805311363596, "params": {"C": 41.99450172478741, "epsilon": 0.10887010960204302, "gamma": 405.36585950793784}}
{"target": 64.18762013256323, "params": {"C": 688.004212048735, "epsilon": 13.669930181759181, "gamma": 291.5566094136216}}
{"target": 63.37554898566198, "params": {"C": 159.72265773286523, "epsilon": 0.46348407026269955, "gamma": 453.9734841565931}}
{"target": 67.80144512565083, "params": {"C": 3155.2127908266575, "epsilon": 64.8380483082406, "gamma": 207.4023522819923}}
{"target": 63.22888012338442, "params": {"C": 149.44615037300093, "epsilon": 0.1376477925662355, "gamma": 324.24777249921726}}
{"target": 64.96794130912546, "params": {"C": 916.4639651548765, "epsilon": 28.865744621227876, "gamma": 355.4410178627086}}
{"target": 60.15762979933042, "params": {"C": 32.013304348482905, "epsilon": 32.32006503774075, "gamma": 284.5593841137934}}
{"target": 64.3773892702062, "params": {"C": 1073.3564872240063, "epsilon": 17.710806434384896, "gamma": 352.39879911362624}}
{"target": 64.08001785010643, "params": {"C": 562.4705901580526, "epsilon": 11.457198313715857, "gamma": 364.96309091867147}}
{"target": 64.12207960189252, "params": {"C": 1473.0674135584243, "epsilon": 12.314320491244807, "gamma": 347.5368530123694}}
{"target": 59.74851983109156, "params": {"C": 66.3996424027965, "epsilon": 1.0708159238031434, "gamma": 349.64874975635655}}
{"target": 64.20090599242376, "params": {"C": 885.8756316506236, "epsilon": 13.947417489133073, "gamma": 362.8543388252079}}
{"target": 59.58633472489, "params": {"C": 37.53387210238941, "epsilon": 11.39463102492653, "gamma": 293.59846266374404}}
{"target": 59.75116897674483, "params": {"C": 67.60864969180238, "epsilon": 0.40701622312322794, "gamma": 403.44421299805765}}
{"target": 59.07417683089752, "params": {"C": 3.2065173397861386, "epsilon": 12.197779255932556, "gamma": 353.003412734079}}
{"target": 64.05047008952168, "params": {"C": 617.9207710496552, "epsilon": 10.866130179042841, "gamma": 337.5972278658647}}
{"target": 59.6109315185354, "params": {"C": 25.169682034373828, "epsilon": 17.884015410413415, "gamma": 336.88720628896795}}
{"target": 60.961517161036205, "params": {"C": 68.29114314104558, "epsilon": 15.66651449814776, "gamma": 364.46902355545797}}
{"target": 63.51820522927445, "params": {"C": 576.1503095788137, "epsilon": 0.42152288374293073, "gamma": 287.2118611246277}}
{"target": 63.52122454187342, "params": {"C": 864.7027231071977, "epsilon": 0.4823892854803671, "gamma": 262.85579273574933}}
{"target": 64.62941041951082, "params": {"C": 593.2469978523634, "epsilon": 22.74600963596835, "gamma": 303.8344920957845}}
{"target": 59.86653418141202, "params": {"C": 70.22421252359199, "epsilon": 0.7932045527156641, "gamma": 427.6919686334629}}
{"target": 59.73888353401355, "params": {"C": 63.7135061548617, "epsilon": 2.3702825505338616, "gamma": 243.1167433434927}}
{"target": 63.53229727592412, "params": {"C": 237.90835610771907, "epsilon": 0.7063921889032713, "gamma": 249.86827506560448}}
{"target": 63.52682433584632, "params": {"C": 583.4897838490272, "epsilon": 0.5952756787916899, "gamma": 392.2296903372336}}
{"target": 59.129022316066106, "params": {"C": 37.4105467840026, "epsilon": 0.8389883064794845, "gamma": 448.3261583981882}}
{"target": 65.00323159344907, "params": {"C": 671.6487014094654, "epsilon": 29.47694790429623, "gamma": 434.28482481929575}}
{"target": 64.20051798844213, "params": {"C": 699.2700762273323, "epsilon": 13.939246197378496, "gamma": 279.69721374330913}}
{"target": 63.51788221762054, "params": {"C": 747.8811887150068, "epsilon": 0.41501128335531756, "gamma": 340.72567792581765}}
{"target": 64.17768659859777, "params": {"C": 789.4981418177118, "epsilon": 13.463371544156908, "gamma": 308.02075400611733}}
{"target": 64.22227789103326, "params": {"C": 750.0555383772355, "epsilon": 14.394627643520504, "gamma": 374.11584902031393}}
{"target": 64.22720423469872, "params": {"C": 1417.463860136193, "epsilon": 14.49737888694307, "gamma": 287.36818027521764}}
{"target": 63.51264816023561, "params": {"C": 680.5630785978914, "epsilon": 0.3093516164975778, "gamma": 210.16126000676587}}
{"target": 59.5814965831688, "params": {"C": 25.18889154441418, "epsilon": 16.337392801401705, "gamma": 397.749164682085}}
{"target": 64.1042027055909, "params": {"C": 719.9076435424552, "epsilon": 11.945040786059774, "gamma": 296.96686724690136}}
{"target": 63.57153710669318, "params": {"C": 785.6583533184796, "epsilon": 1.511375986247237, "gamma": 344.0612397660392}}
{"target": 63.54321287566678, "params": {"C": 654.195407265446, "epsilon": 0.9303028812759537, "gamma": 277.46059754068824}}
{"target": 59.50440514874923, "params": {"C": 25.616587586150363, "epsilon": 12.549234029577331, "gamma": 356.4098674880995}}
{"target": 63.49922541268133, "params": {"C": 983.7327809602641, "epsilon": 0.034714059308608214, "gamma": 325.1321363730045}}
{"target": 59.596829416491936, "params": {"C": 24.175450070306816, "epsilon": 17.46532584356303, "gamma": 303.62217209512175}}
{"target": 64.27452263994758, "params": {"C": 810.5671928730818, "epsilon": 15.491926837353708, "gamma": 400.66900595020655}}
{"target": 63.82125749622198, "params": {"C": 108.56444265739216, "epsilon": 22.13789473899178, "gamma": 280.56642548247225}}
{"target": 59.94334396530199, "params": {"C": 41.1841445382996, "epsilon": 20.013167256832336, "gamma": 288.4781456240221}}
{"target": 59.05028285672431, "params": {"C": 2.786080236097332, "epsilon": 12.711630073513128, "gamma": 357.1009038231142}}
{"target": 59.574699325998246, "params": {"C": 39.302796655122265, "epsilon": 10.219979534674037, "gamma": 359.82970969864016}}
{"target": 60.11825618007934, "params": {"C": 75.08665883409556, "epsilon": 1.4607339768542762, "gamma": 333.04685456524555}}
{"target": 63.52021751892838, "params": {"C": 531.0757788316806, "epsilon": 0.46208868356345534, "gamma": 442.7841599479106}}
{"target": 64.91281216543821, "params": {"C": 531.400772739282, "epsilon": 27.90026617391677, "gamma": 373.3295964661522}}
{"target": 59.23329289588753, "params": {"C": 23.886549316075133, "epsilon": 4.641047276466404, "gamma": 245.65482188828935}}
{"target": 59.089232191661154, "params": {"C": 32.437985209185946, "epsilon": 0.1921698407188961, "gamma": 374.001438690576}}
{"target": 59.05993907160721, "params": {"C": 29.469564975496887, "epsilon": 0.182525160622139, "gamma": 482.1566984037811}}
{"target": 58.74497639405449, "params": {"C": 18.003468411028386, "epsilon": 1.611995828993506, "gamma": 419.7102432708115}}
{"target": 61.68426186019125, "params": {"C": 10.287451295374922, "epsilon": 58.3785050321048, "gamma": 442.54752384915776}}
{"target": 59.06034959638229, "params": {"C": 4.606513480799633, "epsilon": 13.509214700164726, "gamma": 304.59791668394263}}
{"target": 59.82333408224913, "params": {"C": 7.442150629422158, "epsilon": 21.691918197280195, "gamma": 250.70434186986552}}
{"target": 64.87103510076645, "params": {"C": 1462.2260563888003, "epsilon": 27.1654638669145, "gamma": 475.04432504111475}}
{"target": 63.51322228424512, "params": {"C": 1135.2021278250284, "epsilon": 0.3210715644323363, "gamma": 402.307156430929}}
{"target": 59.05240837159408, "params": {"C": 4.258252227895294, "epsilon": 13.506030690638898, "gamma": 289.65402084248524}}
{"target": 60.51982927115499, "params": {"C": 64.10673505339945, "epsilon": 13.244710169143572, "gamma": 294.2739242533948}}
{"target": 59.53925431454434, "params": {"C": 14.531882306994989, "epsilon": 24.6777335290465, "gamma": 419.30547499836626}}
{"target": 64.20799712906702, "params": {"C": 584.7901734183915, "epsilon": 14.09641932194308, "gamma": 435.09597950628125}}
{"target": 65.00132212442146, "params": {"C": 656.861291744261, "epsilon": 29.443787879563242, "gamma": 395.35895215909477}}
{"target": 63.55421831731828, "params": {"C": 646.4782989573577, "epsilon": 1.1556786139811892, "gamma": 368.7977151478015}}
