{"target": 67.37456462615, "params": {"C": 1215.1305236308608, "epsilon": 60.348367067197685, "gamma": 27.383319925412664}}
{"target": 64.30997827781076, "params": {"C": 175.3865494214329, "epsilon": 16.268362264803876, "gamma": 496.755543535234}}
{"target": 67.51707981759765, "params": {"C": 2492.5570569321653, "epsilon": 61.82960014727636, "gamma": 89.24085298138905}}
{"target": 67.3365892808707, "params": {"C": 1369.8506496302844, "epsilon": 61.1253528142883, "gamma": 3.235053295347178}}
{"target": 69.03108011178531, "params": {"C": 766.7453996764594, "epsilon": 78.45576325526271, "gamma": 105.60882645328566}}
{"target": 64.06204276204906, "params": {"C": 447.690853548735, "epsilon": 11.097261148637845, "gamma": 473.31117795682644}}
{"target": 66.30162863429553, "params": {"C": 1245.838363043565, "epsilon": 48.28031618587859, "gamma": 93.32234755010181}}
{"target": 68.82284004214051, "params": {"C": 1123.872942103814, "epsilon": 76.0950862989069, "gamma": 52.85404530254702}}
{"target": 68.01132676442856, "params": {"C": 1219.158922167987, "epsilon": 67.10417716619315, "gamma": 28.763706241048652}}
{"target": 66.43509258399884, "params": {"C": 2389.8364913470077, "epsilon": 49.8712072135682, "gamma": 56.271965256602854}}
{"target": 64.07269771877293, "params": {"C": 907.4993906146434, "epsilon": 11.3106183742033, "gamma": 478.3524538153962}}
{"target": 67.27732830294184, "params": {"C": 721.8046411599753, "epsilon": 59.33553305085302, "gamma": 80.70317910684433}}
{"target": 58.77132818288095, "params": {"C": 20.047039552792953, "epsilon": 0.83940311998788, "gamma": 417.53485911209106}}
{"target": 69.01046360501884, "params": {"C": 2133.384099140834, "epsilon": 78.22956695545527, "gamma": 79.16441530608797}}
{"target": 66.85226799732128, "params": {"C": 610.3082677005123, "epsilon": 54.6324010440268, "gamma": 6.187858441345751}}
{"target": 66.22444243636707, "params": {"C": 667.1407877551349, "epsilon": 47.61959539646698, "gamma": 4.4102176228860275}}
{"target": 65.57143935595869, "params": {"C": 2962.158183079063, "epsilon": 39.24617626584158, "gamma": 4.5973518755863605}}
{"target": 66.6707055996462, "params": {"C": 1329.6951977147748, "epsilon": 52.65706811154734, "gamma": 30.860106114595126}}
{"target": 68.66722470764189, "params": {"C": 1356.4155337138395, "epsilon": 74.32581554284688, "gamma": 33.525437445998136}}
{"target": 69.64193885601846, "params": {"C": 1611.5773400074204, "epsilon": 85.20542269265593, "gamma": 4.958734789821809}}
{"target": 66.80172199634073, "params": {"C": 977.9475725432294, "epsilon": 54.160677006473826, "gamma": 44.28309524913674}}
{"target": 68.26741680538711, "params": {"C": 1346.255408886891, "epsilon": 77.09586776885388, "gamma": 1.7015249665867636}}
{"target": 66.37012487220179, "params": {"C": 1907.2401596739946, "epsilon": 49.09889892515322, "gamma": 85.05316216281079}}
{"target": 59.6844954235882, "params": {"C": 36.89151595789461, "epsilon": 15.139481325277796, "gamma": 453.3079587674747}}
{"target": 65.55903240916575, "params": {"C": 1162.0377150732186, "epsilon": 45.45149748172624, "gamma": 2.297355929742867}}
{"target": 64.4051780353658, "params": {"C": 792.2537344844501, "epsilon": 18.278454888039317, "gamma": 426.4014916267297}}
{"target": 64.21889858378341, "params": {"C": 817.3902176003304, "epsilon": 14.323924737445697, "gamma": 425.00920397164685}}
{"target": 68.07197139130191, "params": {"C": 1959.0402135455838, "epsilon": 67.83310294057858, "gamma": 5.472627047213288}}
{"target": 67.16034648477736, "params": {"C": 930.4570780288288, "epsilon": 59.018565214491275, "gamma": 3.466840651716616}}
{"target": 64.34106328150332, "params": {"C": 726.2102434804514, "epsilon": 16.92243068057095, "gamma": 496.50994623043124}}
{"target": 64.28571458178514, "params": {"C": 210.2557156520535, "epsilon": 15.733348244965624, "gamma": 494.33196888868673}}
{"target": 68.7922151937888, "params": {"C": 1228.7213002350707, "epsilon": 75.73988597302728, "gamma": 82.83537895625652}}
{"target": 70.71149397953616, "params": {"C": 1712.988607098618, "epsilon": 95.16188609753559, "gamma": 49.09727320287461}}
{"target": 68.0811487738837, "params": {"C": 274.5707716251982, "epsilon": 67.87920097942188, "gamma": 7.406731704168478}}
{"target": 59.78141079463914, "params": {"C": 66.83658701650637, "epsilon": 1.3345216828484223, "gamma": 469.0053746527399}}
{"target": 69.36353217288352, "params": {"C": 919.429955671357, "epsilon": 82.00042981459995, "gamma": 13.493891033173126}}
{"target": 63.52477100536906, "params": {"C": 536.4227933218713, "epsilon": 0.553882535942753, "gamma": 446.36757347644175}}
{"target": 67.64699439065198, "params": {"C": 124.24537708072398, "epsilon": 63.23031998211524, "gamma": 14.913922455237522}}
{"target": 63.950107342115714, "params": {"C": 780.5882860311527, "epsilon": 8.86992275374543, "gamma": 452.6304608149989}}
{"target": 47.881484461161165, "params": {"C": 1497.9556918923909, "epsilon": 57.69618630465087, "gamma": 0.05735305465554402}}
{"target": 67.64017899624127, "params": {"C": 1470.5634143381012, "epsilon": 63.12926267922058, "gamma": 54.400133833028455}}
{"target": 67.51437458437238, "params": {"C": 924.2276628081144, "epsilon": 61.82375364784788, "gamma": 16.203398178946404}}
{"target": 59.81056880381444, "params": {"C": 35.18584250760037, "epsilon": 20.992230123443182, "gamma": 494.8577216919725}}
{"target": 64.30967324844475, "params": {"C": 1086.398335089653, "epsilon": 16.24269561545988, "gamma": 448.92939678301025}}
{"target": 66.34755673546222, "params": {"C": 1255.0740592319373, "epsilon": 48.83330829717236, "gamma": 86.84346073966702}}
{"target": 68.0106773189495, "params": {"C": 844.368783441142, "epsilon": 67.09578270714492, "gamma": 67.45181883169677}}
{"target": 68.08455536666787, "params": {"C": 323.20887764349504, "epsilon": 67.91774274415583, "gamma": 22.7749447519294}}
{"target": 68.6690468930761, "params": {"C": 2233.7605765988565, "epsilon": 74.34583021166206, "gamma": 70.19730476145966}}
{"target": 64.13947962795702, "params": {"C": 1672.438612162061, "epsilon": 12.675817605564408, "gamma": 496.3940231188073}}
{"target": 67.26910218300027, "params": {"C": 1213.338550851595, "epsilon": 59.246990641183714, "gamma": 73.41300322047667}}
{"target": 66.8372982541413, "params": {"C": 1849.4256021246701, "epsilon": 54.562996577145356, "gamma": 67.39273137377214}}
{"target": 65.13040837640847, "params": {"C": 2266.494614748367, "epsilon": 31.61913064525353, "gamma": 19.696017387310736}}
{"target": 68.37293906193952, "params": {"C": 1383.2523285070847, "epsilon": 71.01340718188578, "gamma": 65.06427314734655}}
{"target": 64.33664502366518, "params": {"C": 595.9635707893702, "epsilon": 16.828312257423928, "gamma": 205.28449852875966}}
{"target": 68.58507339301096, "params": {"C": 2289.3586022199165, "epsilon": 73.45752880153653, "gamma": 6.218780341597251}}
{"target": 68.73540778782693, "params": {"C": 1431.3034520174347, "epsilon": 75.09508472919828, "gamma": 32.63880433530746}}
{"target": 67.78012294748808, "params": {"C": 1210.692666926532, "epsilon": 64.61960195254574, "gamma": 9.934951224632147}}
{"target": 67.39524906964785, "params": {"C": 1454.728251965283, "epsilon": 60.560260561076234, "gamma": 42.40075307054787}}
{"target": 65.17303984922447, "params": {"C": 1398.2485562651475, "epsilon": 32.319780811492066, "gamma": 16.534475475490677}}
{"target": 66.38008189932518, "params": {"C": 666.3460571747239, "epsilon": 49.21683828323588, "gamma": 48.550388223210035}}
{"target": 67.92369738956893, "params": {"C": 2466.758315131677, "epsilon": 66.1784529727964, "gamma": 10.873040565265082}}
{"target": 65.79949747867704, "params": {"C": 1309.4993868691229, "epsilon": 42.033278817753, "gamma": 9.419184687454186}}
{"target": 66.88595020073241, "params": {"C": 1231.559169870396, "epsilon": 55.10501272277491, "gamma": 39.96227976557762}}
{"target": 59.93907292156049, "params": {"C": 11.04286279763619, "epsilon": 40.47234372777564, "gamma": 17.323814726159334}}
{"target": 63.62194239972698, "params": {"C": 4204.519487220603, "epsilon": 2.5277533609830485, "gamma": 300.19916692702714}}
{"target": 66.43049004309492, "params": {"C": 288.896244706895, "epsilon": 49.66922439730222, "gamma": 7.9881409193645165}}
{"target": 66.99439417152897, "params": {"C": 268.18111065154324, "epsilon": 56.27998973199334, "gamma": 118.8357903115593}}
{"target": 68.03178830359472, "params": {"C": 1847.476384270835, "epsilon": 67.3426163509913, "gamma": 6.112086760385799}}
{"target": 66.74347929300566, "params": {"C": 2237.6288480952862, "epsilon": 53.49906903955637, "gamma": 85.15635924933451}}
{"target": 67.17866827530922, "params": {"C": 1676.6618451899615, "epsilon": 58.282038609359816, "gamma": 27.078265161448765}}
{"target": 64.59648848860789, "params": {"C": 1018.5944045069054, "epsilon": 21.87784176431888, "gamma": 10.298780799774278}}
{"target": 65.53601768723253, "params": {"C": 923.2759312714049, "epsilon": 38.853913778621845, "gamma": 4.401443421916398}}
{"target": 66.11942561061272, "params": {"C": 2473.652950358677, "epsilon": 46.00556622025027, "gamma": 11.081943338485585}}
{"target": 67.93454335485694, "params": {"C": 1463.217398133466, "epsilon": 66.2726262543372, "gamma": 18.53268757010359}}
{"target": 69.54681578707321, "params": {"C": 1458.0810205637465, "epsilon": 83.95455250287807, "gamma": 115.17197827285685}}
{"target": 69.37596037367844, "params": {"C": 1098.2297433951264, "epsilon": 82.10835183537574, "gamma": 72.87202727421324}}
{"target": 65.85122292525088, "params": {"C": 390.65850014169314, "epsilon": 42.83841334038338, "gamma": 88.28646302093377}}
{"target": 67.97980312397999, "params": {"C": 1184.8818414235975, "epsilon": 66.75394502731157, "gamma": 50.154650498229486}}
{"target": 65.0176982094711, "params": {"C": 1592.808458672167, "epsilon": 29.722046852665006, "gamma": 35.953333705155345}}
{"target": 67.31974301249245, "params": {"C": 1707.3419979082937, "epsilon": 59.7802227361138, "gamma": 97.60708351121256}}
{"target": 68.7436326734665, "params": {"C": 1447.1228398832036, "epsilon": 75.21895294483795, "gamma": 13.798517251040819}}
{"target": 60.92384501471891, "params": {"C": 14.050198659783128, "epsilon": 51.63107055441155, "gamma": 228.1130606008917}}
{"target": 65.73581545418718, "params": {"C": 1927.3909260692626, "epsilon": 41.342779818674714, "gamma": 57.515861813508536}}
{"target": 63.610837411256874, "params": {"C": 4085.3834360776045, "epsilon": 2.3050122080973523, "gamma": 476.0880600623648}}
{"target": 64.31892367088471, "params": {"C": 2667.8875827708957, "epsilon": 51.354928710195914, "gamma": 1.2651211634486648}}
{"target": 67.8213102269379, "params": {"C": 710.3515427413205, "epsilon": 65.04905963857472, "gamma": 47.31848007632766}}
{"target": 68.71470589343048, "params": {"C": 2040.9337024693014, "epsilon": 74.8613995750378, "gamma": 306.47656658651647}}
{"target": 66.62793841762547, "params": {"C": 2566.7330799666215, "epsilon": 52.119399190646995, "gamma": 16.32466262225899}}
{"target": 68.79012583706488, "params": {"C": 944.7618148573204, "epsilon": 75.79422936912158, "gamma": 10.316432305649206}}
{"target": 66.79158175720478, "params": {"C": 1546.7775070059172, "epsilon": 54.0461328541885, "gamma": 52.78365534327283}}
{"target": 66.86253082562273, "params": {"C": 1660.4684362809444, "epsilon": 54.8085404231955, "gamma": 13.51884352267414}}
{"target": 66.46786586044725, "params": {"C": 701.170346513162, "epsilon": 50.2567635968074, "gamma": 60.586073349833434}}
{"target": 66.72339416514735, "params": {"C": 1434.1707047368004, "epsilon": 53.131041220877506, "gamma": 7.579758143719118}}
{"target": 69.21584725640813, "params": {"C": 197.35992561985995, "epsilon": 80.40899095820234, "gamma": 103.36956875756462}}
{"target": 56.467664526120096, "params": {"C": 1882.4320655690658, "epsilon": 62.81628684106806, "gamma": 0.3296421770819994}}
{"target": 68.11513471308143, "params": {"C": 1615.4418822806447, "epsilon": 68.29819620625929, "gamma": 10.690582096258822}}
{"target": 67.09112623041842, "params": {"C": 1750.607119997518, "epsilon": 57.24803967187097, "gamma": 8.439305910020844}}
{"target": 67.62995810643524, "params": {"C": 1163.0728379380687, "epsilon": 63.02208938752304, "gamma": 71.2534051420721}}
{"target": 68.07251097022217, "params": {"C": 2523.144816931638, "epsilon": 67.77978341912852, "gamma": 36.09263108059415}}
{"target": 67.27189215416604, "params": {"C": 1965.7084540472829, "epsilon": 59.28974301685746, "gamma": 14.602831932631325}}
{"target": 68.96344796704719, "params": {"C": 2452.930872404638, "epsilon": 77.78507934600182, "gamma": 9.871935414123072}}
{"target": 67.24850915286478, "params": {"C": 2265.4760344768392, "epsilon": 59.028606809726156, "gamma": 59.72752219705553}}
{"target": 67.28448940615007, "params": {"C": 3064.7259077067883, "epsilon": 61.981266260984114, "gamma": 2.5946152569092837}}
{"target": 68.1499979568608, "params": {"C": 1290.1968108976932, "epsilon": 68.6214059225251, "gamma": 162.51160960472538}}
{"target": 69.14355314807071, "params": {"C": 1765.8152955560065, "epsilon": 79.66174621593518, "gamma": 55.90844052523274}}
{"target": 66.83466096215804, "params": {"C": 1886.2341946326742, "epsilon": 54.49757763099011, "gamma": 14.069115027325998}}
{"target": 57.33340115770452, "params": {"C": 1171.024555732207, "epsilon": 59.40592602086305, "gamma": 0.4034081074104866}}
{"target": 66.53445747482647, "params": {"C": 1761.482542094259, "epsilon": 50.969515569037654, "gamma": 5.746628027243778}}
{"target": 68.30256897296464, "params": {"C": 605.0052045428565, "epsilon": 70.24487636740483, "gamma": 35.542444324660906}}
{"target": 67.78559119479067, "params": {"C": 1952.7168489183903, "epsilon": 64.70312199770476, "gamma": 14.402740545948706}}
{"target": 67.41790426236884, "params": {"C": 1907.7884493947665, "epsilon": 60.812097245869985, "gamma": 13.449985907449173}}
{"target": 67.46681636418805, "params": {"C": 1639.6919033320978, "epsilon": 61.249746710665256, "gamma": 7.141846529674033}}
{"target": 68.16441937577721, "params": {"C": 1538.045889417861, "epsilon": 68.80763561833719, "gamma": 9.018467775308327}}
{"target": 62.66312319781413, "params": {"C": 1626.8679362003302, "epsilon": 50.05725163764556, "gamma": 0.9890582675069979}}
{"target": 65.51935678087227, "params": {"C": 1628.8018042765088, "epsilon": 38.20251853087738, "gamma": 17.163720407419277}}
{"target": 66.26937311102839, "params": {"C": 1113.6798684080384, "epsilon": 47.889495216912586, "gamma": 80.86761773629259}}
{"target": 68.60685901082502, "params": {"C": 1392.1242958063517, "epsilon": 73.6425467186192, "gamma": 119.20073036280354}}
{"target": 67.68770645318284, "params": {"C": 2186.0030123355828, "epsilon": 63.63396573049029, "gamma": 125.3068419507157}}
{"target": 67.85854835571544, "params": {"C": 613.4362942963186, "epsilon": 65.46956824166075, "gamma": 15.583209857131516}}
{"target": 68.57800190209711, "params": {"C": 817.5012568158918, "epsilon": 73.34988502772856, "gamma": 14.03573820981429}}
{"target": 67.75740528002014, "params": {"C": 1318.7474844989988, "epsilon": 64.34766793764767, "gamma": 7.818510574449724}}
{"target": 63.914075567003394, "params": {"C": 1753.8946213251884, "epsilon": 41.31074028607533, "gamma": 1.498014149237596}}
{"target": 69.52407799270819, "params": {"C": 2025.243637522117, "epsilon": 83.83249480283989, "gamma": 7.620401446978513}}
{"target": 51.82428471726123, "params": {"C": 1769.4914484534058, "epsilon": 36.422637689614376, "gamma": 0.3915699997457294}}
{"target": 62.39619708532399, "params": {"C": 458.3062289848283, "epsilon": 55.21598473788409, "gamma": 0.8557940668982764}}
{"target": 66.71641461471533, "params": {"C": 1189.4002846686237, "epsilon": 53.18844875578797, "gamma": 51.599287324644}}
{"target": 65.7257650630589, "params": {"C": 2509.3233501960417, "epsilon": 44.62288554381439, "gamma": 2.759137834991403}}
{"target": 65.9702007963441, "params": {"C": 2235.233775303415, "epsilon": 44.29957349188813, "gamma": 83.57393837380212}}
{"target": 63.8721688704353, "params": {"C": 1683.4329042874015, "epsilon": 53.28816092909889, "gamma": 1.114394843946639}}
{"target": 68.0587873691637, "params": {"C": 2734.056234166779, "epsilon": 67.62715569794176, "gamma": 73.98499700221504}}
{"target": 66.3326589750072, "params": {"C": 1464.5207307903006, "epsilon": 48.514481889433746, "gamma": 8.487518092931579}}
{"target": 66.26925192271521, "params": {"C": 1567.5627117210324, "epsilon": 47.87761483613055, "gamma": 20.831573412207643}}
{"target": 65.44448219269253, "params": {"C": 1581.8651643424168, "epsilon": 36.86529998943898, "gamma": 10.536832420618515}}
{"target": 64.19444461571653, "params": {"C": 1713.4534638446023, "epsilon": 13.792418887411742, "gamma": 22.355531785691408}}
{"target": 66.03364982876542, "params": {"C": 1636.2376473241798, "epsilon": 45.64013787615647, "gamma": 3.9681925382924312}}
{"target": 65.6237515618176, "params": {"C": 1281.3196402050696, "epsilon": 39.79685576034023, "gamma": 77.35744509059904}}
{"target": 65.35081332776744, "params": {"C": 1493.172033036915, "epsilon": 35.43137317169971, "gamma": 112.2111520211485}}
{"target": 64.03242584613507, "params": {"C": 1909.8690783822449, "epsilon": 10.504386594044856, "gamma": 64.58590648490248}}
{"target": 65.63502826081717, "params": {"C": 1959.6897658320834, "epsilon": 39.76521119047543, "gamma": 7.384158840978654}}
{"target": 65.86181363004827, "params": {"C": 1704.5392058719876, "epsilon": 42.9687918776193, "gamma": 58.76374810006679}}
{"target": 64.25733950835398, "params": {"C": 1741.8950998540454, "epsilon": 15.126195180495358, "gamma": 81.63945409816866}}
{"target": 65.34116286233186, "params": {"C": 1289.5124749552708, "epsilon": 35.26299838007845, "gamma": 38.7725994274608}}
{"target": 64.98134845651508, "params": {"C": 723.7461646630927, "epsilon": 28.910307661211526, "gamma": 10.422781564392867}}
{"target": 64.38666310762395, "params": {"C": 2614.990199033464, "epsilon": 17.901744397460224, "gamma": 43.996930788952874}}
{"target": 66.76676993389688, "params": {"C": 2343.5203445072493, "epsilon": 53.764246469214214, "gamma": 28.05995153977108}}
{"target": 65.09337803477656, "params": {"C": 1810.318859414724, "epsilon": 31.014879290990503, "gamma": 35.34757151826743}}
{"target": 68.48208691067813, "params": {"C": 1856.4481369224575, "epsilon": 72.27923919872104, "gamma": 7.57177134768839}}
{"target": 67.64563463616557, "params": {"C": 2561.2756385165508, "epsilon": 63.15950828638161, "gamma": 6.26414059751521}}
{"target": 64.80067404348083, "params": {"C": 1544.7336765244452, "epsilon": 27.45947948132489, "gamma": 3.7197247898135437}}
{"target": 64.72516780249978, "params": {"C": 2457.971517310056, "epsilon": 24.180369352705426, "gamma": 7.425756746860582}}
{"target": 64.4867109612743, "params": {"C": 2879.8439763850743, "epsilon": 19.405477727417384, "gamma": 6.901726814985353}}
{"target": 67.21142983905885, "params": {"C": 1721.65160403766, "epsilon": 58.63209216348203, "gamma": 77.19835094723405}}
{"target": 65.52608931931563, "params": {"C": 2386.1011279313307, "epsilon": 38.341524027443185, "gamma": 44.82835053895151}}
{"target": 66.58062169666769, "params": {"C": 1222.6468997926793, "epsilon": 51.58952702181636, "gamma": 54.9686166101619}}
{"target": 65.75046272178409, "params": {"C": 2349.7421007055073, "epsilon": 41.45741985252174, "gamma": 12.703686546218087}}
{"target": 68.39011070586415, "params": {"C": 1539.565094300329, "epsilon": 71.4295770313036, "gamma": 4.5615676758382815}}
{"target": 68.7611412350076, "params": {"C": 1635.3049618352593, "epsilon": 75.38483496636105, "gamma": 82.81867064349207}}
{"target": 65.8516738265646, "params": {"C": 1517.8626923651345, "epsilon": 42.843943223033435, "gamma": 52.150592503757736}}
{"target": 63.43765186374744, "params": {"C": 2420.9391315677462, "epsilon": 5.240600575449523, "gamma": 2.998496572396626}}
{"target": 67.08904153786011, "params": {"C": 737.1701302475872, "epsilon": 57.32201156894118, "gamma": 17.18994485460336}}
{"target": 50.48747265177124, "params": {"C": 1086.3624879705803, "epsilon": 31.62063715999627, "gamma": 0.3711901188566308}}
{"target": 65.48447782132905, "params": {"C": 2105.9420122682723, "epsilon": 37.692747095117525, "gamma": 71.42580296017492}}
{"target": 65.0763685265645, "params": {"C": 1780.267194337146, "epsilon": 30.714984530219795, "gamma": 24.343807170171317}}
{"target": 65.44525871663731, "params": {"C": 3493.900590477936, "epsilon": 37.04264954096889, "gamma": 51.534208877592164}}
{"target": 64.62165362237677, "params": {"C": 2427.673388365012, "epsilon": 22.599093460111803, "gamma": 96.56968667906304}}
{"target": 65.28956801078243, "params": {"C": 481.28063893966737, "epsilon": 34.37647130531792, "gamma": 54.19406471123057}}
{"target": 64.65928902993551, "params": {"C": 1367.850801299042, "epsilon": 23.316392327897308, "gamma": 48.43551536914797}}
{"target": 65.19382482948348, "params": {"C": 969.5343879229692, "epsilon": 32.67248908255696, "gamma": 5.162906183860443}}
{"target": 64.86519945408914, "params": {"C": 1220.1635185106343, "epsilon": 27.064136831466897, "gamma": 80.11884577270123}}
{"target": 65.0469364007814, "params": {"C": 791.6561199718451, "epsilon": 30.21971172743897, "gamma": 69.0537449744441}}
{"target": 44.93643592282071, "params": {"C": 805.8887297444003, "epsilon": 39.31511876896962, "gamma": 0.07441027463293753}}
{"target": 66.01014458251662, "params": {"C": 1779.9143656732604, "epsilon": 44.779669045027646, "gamma": 152.88481903306368}}
{"target": 64.37608966524013, "params": {"C": 1023.6492819811486, "epsilon": 17.160765323389068, "gamma": 8.240586931746938}}
{"target": 66.35002507028402, "params": {"C": 776.0491096849868, "epsilon": 48.78605046686016, "gamma": 11.878491455522443}}
{"target": 64.70521597336895, "params": {"C": 216.15554695206674, "epsilon": 24.16596737267313, "gamma": 20.64507708456826}}
{"target": 64.91621672326164, "params": {"C": 459.76987762245324, "epsilon": 27.96005213733789, "gamma": 75.58250759213313}}
