{"target": 40.081365515461336, "params": {"C": 951.3080012416531, "epsilon": 24.972740513139936, "gamma": 0.0012583947649225154}}
{"target": 43.23386711335147, "params": {"C": 969.9271388214765, "epsilon": 24.175013517496136, "gamma": 0.04902542877486141}}
{"target": 45.85360502347385, "params": {"C": 982.1096906956335, "epsilon": 24.51885838920626, "gamma": 0.08762031513656664}}
{"target": 41.146654933845426, "params": {"C": 864.7775609270057, "epsilon": 24.51012839841667, "gamma": 0.0004930038581942089}}
{"target": 45.29987351209383, "params": {"C": 913.5256901793457, "epsilon": 24.208400042698877, "gamma": 0.07662833060384387}}
{"target": 44.759843101611224, "params": {"C": 709.6450800465662, "epsilon": 24.027302569297795, "gamma": 0.08120650605693076}}
{"target": 39.95181035877513, "params": {"C": 947.872770299847, "epsilon": 26.81785964835135, "gamma": 0.0017003990462193877}}
{"target": 46.00655532138245, "params": {"C": 1037.2767589065409, "epsilon": 23.706538824696683, "gamma": 0.08758451143678131}}
{"target": 41.06366864242565, "params": {"C": 762.9993665798796, "epsilon": 23.013870367764113, "gamma": 0.0005846744770096612}}
{"target": 39.46365898319895, "params": {"C": 783.4791383826365, "epsilon": 24.485968258093905, "gamma": 0.0033008961052067437}}
{"target": 38.97213351133429, "params": {"C": 767.0055086325408, "epsilon": 25.30535038264017, "gamma": 0.012895318859033703}}
{"target": 45.37512653316254, "params": {"C": 731.2781922951688, "epsilon": 24.22562552909261, "gamma": 0.10406532266002914}}
{"target": 39.289480334277656, "params": {"C": 986.0354277244862, "epsilon": 20.157879318795857, "gamma": 0.0047731915417210885}}
{"target": 47.99118921806062, "params": {"C": 1485.0156369561953, "epsilon": 21.880413124752597, "gamma": 0.20907671724296853}}
{"target": 39.15466424115222, "params": {"C": 774.867898730598, "epsilon": 25.032245322389848, "gamma": 0.009717612952591544}}
{"target": 47.95646643282244, "params": {"C": 1291.3675796453545, "epsilon": 23.194309309741428, "gamma": 0.17675938148268228}}
{"target": 39.554867990685445, "params": {"C": 799.3494164277172, "epsilon": 25.59180490814511, "gamma": 0.0027357383290046167}}
{"target": 43.63136506897702, "params": {"C": 733.4891176104009, "epsilon": 23.9521001920487, "gamma": 0.060003023180881326}}
{"target": 39.090364062442816, "params": {"C": 711.2010800613267, "epsilon": 27.825700191634606, "gamma": 0.010218785753014588}}
{"target": 44.10747134539254, "params": {"C": 802.5066904326735, "epsilon": 23.19710667172331, "gamma": 0.06434756978221952}}
{"target": 39.044770144649526, "params": {"C": 720.0954754468623, "epsilon": 27.422937297482388, "gamma": 0.00819035613869908}}
{"target": 44.14303019537197, "params": {"C": 743.6646551567194, "epsilon": 27.009804518718433, "gamma": 0.06305116416407086}}
{"target": 48.885251664574284, "params": {"C": 1004.2753959728183, "epsilon": 8.188251735839543, "gamma": 0.1650308925380885}}
{"target": 44.480163469875386, "params": {"C": 728.8192452274482, "epsilon": 27.14987886892286, "gamma": 0.06972606804757207}}
{"target": 41.36678047047483, "params": {"C": 711.2286425069489, "epsilon": 28.69265592988699, "gamma": 0.03913960579679949}}
{"target": 42.1707347519874, "params": {"C": 720.2574557924044, "epsilon": 26.912560988936363, "gamma": 0.045939400772558654}}
{"target": 39.04062026554466, "params": {"C": 721.5632512830082, "epsilon": 26.418654785378262, "gamma": 0.008006196724649774}}
{"target": 41.75427723364673, "params": {"C": 707.9269644817479, "epsilon": 29.111104340195844, "gamma": 0.041580804465675476}}
{"target": 40.61721062082231, "params": {"C": 739.5373165073926, "epsilon": 27.90867792806423, "gamma": 0.03396178825252554}}
{"target": 40.39303299642719, "params": {"C": 721.7448421599014, "epsilon": 23.20960274333368, "gamma": 0.032465406487939066}}
{"target": 44.85801532619841, "params": {"C": 772.0215696064968, "epsilon": 29.421473705357457, "gamma": 0.0755649912827938}}
{"target": 39.28433732625513, "params": {"C": 702.7677777893352, "epsilon": 26.947919582273848, "gamma": 0.01758367439736397}}
{"target": 50.66680089644798, "params": {"C": 1430.0510046537186, "epsilon": 16.091783213087698, "gamma": 0.48384114790469623}}
{"target": 40.12668675681821, "params": {"C": 712.7008121266226, "epsilon": 24.510104165332653, "gamma": 0.02797745178117031}}
{"target": 39.48693047504031, "params": {"C": 748.44271806664, "epsilon": 23.546754808905856, "gamma": 0.0033236347871447754}}
{"target": 40.30369014901563, "params": {"C": 771.2207802400983, "epsilon": 21.484436078452944, "gamma": 0.0012487246736375187}}
{"target": 39.23149663835751, "params": {"C": 707.1968048262858, "epsilon": 29.047655834474575, "gamma": 0.013175335066627512}}
{"target": 39.13760405609963, "params": {"C": 728.4078260934068, "epsilon": 24.209864280259254, "gamma": 0.008537328075122863}}
{"target": 48.085395792972406, "params": {"C": 1016.4419961446833, "epsilon": 26.666531361572112, "gamma": 0.28729742355918436}}
{"target": 39.71723026329913, "params": {"C": 714.5891841761564, "epsilon": 24.561405245967467, "gamma": 0.02363680566739692}}
{"target": 49.61919045492856, "params": {"C": 1413.1949410918303, "epsilon": 14.009573264391486, "gamma": 0.14911900215429008}}
{"target": 45.54518562977039, "params": {"C": 936.8777154069937, "epsilon": 22.627131203479163, "gamma": 0.08272361552182925}}
{"target": 44.90507889894413, "params": {"C": 715.8950394570084, "epsilon": 26.367349904942397, "gamma": 0.0001527077102559636}}
{"target": 39.27905293219813, "params": {"C": 946.8586005502568, "epsilon": 22.489546186704963, "gamma": 0.008397772992292316}}
{"target": 39.76589542359651, "params": {"C": 931.0999826059927, "epsilon": 20.785196759849523, "gamma": 0.0020986965912482437}}
{"target": 40.22121553923192, "params": {"C": 992.9642104956299, "epsilon": 22.360992876118072, "gamma": 0.02623762231919871}}
{"target": 49.216506065161, "params": {"C": 1446.6175821365634, "epsilon": 10.478847874895129, "gamma": 0.12533407666559257}}
{"target": 45.595501898774124, "params": {"C": 840.5054457588553, "epsilon": 23.80607188745464, "gamma": 0.09595080439813769}}
{"target": 39.43114595218252, "params": {"C": 1121.1830719741945, "epsilon": 20.343713030252644, "gamma": 0.008023246211377092}}
{"target": 39.04210573331302, "params": {"C": 922.6857259545792, "epsilon": 23.566233734986493, "gamma": 0.013955789765103952}}
{"target": 44.559668864927254, "params": {"C": 887.3852853507722, "epsilon": 23.53682304164649, "gamma": 0.06571504900058618}}
{"target": 45.79513784314266, "params": {"C": 891.4179854428863, "epsilon": 25.786195957845806, "gamma": 0.09452479788886525}}
{"target": 46.07771566488751, "params": {"C": 1216.237679824857, "epsilon": 29.510797650592455, "gamma": 0.06963845761109343}}
{"target": 39.448499086401924, "params": {"C": 1039.2465883090833, "epsilon": 22.999226361842556, "gamma": 0.0031557470749408734}}
{"target": 39.067242923963136, "params": {"C": 805.2732545991946, "epsilon": 25.633052733823728, "gamma": 0.006757489949445353}}
{"target": 45.327005380877324, "params": {"C": 821.9941407590355, "epsilon": 23.552816289251766, "gamma": 0.08497959915720271}}
{"target": 44.58753178354921, "params": {"C": 901.6315411533137, "epsilon": 24.528200594074523, "gamma": 0.06423653157160959}}
{"target": 39.269539091114964, "params": {"C": 835.9518166624134, "epsilon": 22.450442222094228, "gamma": 0.004368861343106777}}
{"target": 39.09514931540271, "params": {"C": 836.6440767760972, "epsilon": 24.628066887614175, "gamma": 0.012046798804630925}}
{"target": 45.14709265406817, "params": {"C": 840.2074712047925, "epsilon": 26.97819337630533, "gamma": 0.07462488930770206}}
{"target": 46.068150143771994, "params": {"C": 992.8049735833382, "epsilon": 15.947598693982275, "gamma": 0.1116019312004464}}
{"target": 40.49088767991192, "params": {"C": 818.9745215197145, "epsilon": 26.380079601041206, "gamma": 0.031282775963883944}}
{"target": 48.12658104937723, "params": {"C": 1238.9465704703566, "epsilon": 12.502139472545801, "gamma": 0.3029679739465124}}
{"target": 39.16049509816005, "params": {"C": 794.2850003776102, "epsilon": 24.35593577894876, "gamma": 0.00808708141267985}}
{"target": 40.16288977362911, "params": {"C": 820.4110427966306, "epsilon": 24.150397685942668, "gamma": 0.02644202940555719}}
{"target": 50.316919463699946, "params": {"C": 929.5955990191239, "epsilon": 14.807125558520625, "gamma": 0.4748925772935396}}
{"target": 42.16111869292727, "params": {"C": 813.4667577775642, "epsilon": 26.15849677400197, "gamma": 0.04360185513854735}}
{"target": 39.06029354241845, "params": {"C": 862.3145501806374, "epsilon": 26.368511263937986, "gamma": 0.013902919915161233}}
{"target": 45.22592988210584, "params": {"C": 847.0333870421824, "epsilon": 18.140125412980236, "gamma": 0.0941224818942194}}
{"target": 39.065440274700755, "params": {"C": 857.6105576304539, "epsilon": 26.115875579814244, "gamma": 0.012139332299251328}}
{"target": 41.44802471661739, "params": {"C": 842.0546514755994, "epsilon": 28.129226955871864, "gamma": 0.0004879457090799372}}
{"target": 41.417267298629795, "params": {"C": 824.6288477584255, "epsilon": 29.652853994004683, "gamma": 0.0005844392498861543}}
{"target": 39.08481704481299, "params": {"C": 707.3260143888486, "epsilon": 25.845234489632652, "gamma": 0.009104979114142663}}
{"target": 39.7678664820776, "params": {"C": 811.1092705538414, "epsilon": 25.732895453316626, "gamma": 0.02193921042150999}}
{"target": 40.20532513064539, "params": {"C": 724.0737359587943, "epsilon": 26.632848159414074, "gamma": 0.029183526681272578}}
{"target": 39.79780960171975, "params": {"C": 739.7049040184312, "epsilon": 25.371235551815854, "gamma": 0.002252658127408752}}
{"target": 39.91558265947172, "params": {"C": 731.3229615475168, "epsilon": 25.848013798842565, "gamma": 0.0021287156879295395}}
{"target": 39.16894021096583, "params": {"C": 942.0181951150771, "epsilon": 24.1232105572231, "gamma": 0.0052524052263202906}}
{"target": 45.74984884196029, "params": {"C": 722.4386822624803, "epsilon": 26.282299073155908, "gamma": 0.11799115114598296}}
{"target": 45.45263849533845, "params": {"C": 857.8916379035843, "epsilon": 27.275262237637456, "gamma": 0.08153802109619605}}
{"target": 39.07833948485188, "params": {"C": 933.8999930212927, "epsilon": 23.099775725720743, "gamma": 0.014163857756454132}}
{"target": 49.607121494909414, "params": {"C": 1213.2867622622568, "epsilon": 23.644258441083316, "gamma": 0.3873161648257981}}
{"target": 39.03970136013129, "params": {"C": 713.0072461251842, "epsilon": 28.291996688067286, "gamma": 0.005932089491292787}}
{"target": 46.42635170978683, "params": {"C": 989.80316385381, "epsilon": 20.172983896417687, "gamma": 0.11454370308389904}}
{"target": 44.964384365302166, "params": {"C": 896.119895434686, "epsilon": 22.68507602535622, "gamma": 0.07503406237329897}}
{"target": 46.016541114993416, "params": {"C": 964.0252303616309, "epsilon": 21.10835862369573, "gamma": 0.10182125241426768}}
{"target": 44.86062591919173, "params": {"C": 847.5481715126132, "epsilon": 21.69628605038836, "gamma": 0.07828949315847591}}
{"target": 39.641793311918924, "params": {"C": 884.4369326374643, "epsilon": 25.4758695175908, "gamma": 0.0023691037555013447}}
{"target": 39.120139701867785, "params": {"C": 871.2112849270344, "epsilon": 24.600513197197046, "gamma": 0.017126116588167224}}
{"target": 39.03432296818868, "params": {"C": 896.281077341881, "epsilon": 23.847840214410056, "gamma": 0.013795505140014487}}
{"target": 39.17556963527504, "params": {"C": 860.741162944636, "epsilon": 24.320669050584794, "gamma": 0.008541417398785498}}
{"target": 39.14808072164023, "params": {"C": 1334.1854712751974, "epsilon": 26.281607320477384, "gamma": 0.009623498549483581}}
{"target": 39.134793942149976, "params": {"C": 1391.709015055464, "epsilon": 27.357050497745306, "gamma": 0.0037676856389303954}}
{"target": 39.04077344801099, "params": {"C": 985.6135816737391, "epsilon": 22.25758447948528, "gamma": 0.01664696792117323}}
{"target": 39.36553032352581, "params": {"C": 704.3059874922714, "epsilon": 25.767516402960034, "gamma": 0.004091398544195898}}
{"target": 39.76826161637888, "params": {"C": 794.3304311313059, "epsilon": 27.963335312592452, "gamma": 0.021980751048127082}}
{"target": 39.02134467534073, "params": {"C": 989.4880756711326, "epsilon": 22.66656084062193, "gamma": 0.016783045429219327}}
{"target": 45.320877185328, "params": {"C": 700.9715276159437, "epsilon": 23.72564423688361, "gamma": 0.10889436270805845}}
{"target": 39.13269479137928, "params": {"C": 966.9984752556319, "epsilon": 23.336778560142022, "gamma": 0.011304417577389087}}
{"target": 44.89777301533663, "params": {"C": 963.3749256175851, "epsilon": 22.573798438863086, "gamma": 0.06978685685231537}}
{"target": 40.25857937359475, "params": {"C": 969.5536606924599, "epsilon": 19.731390493967105, "gamma": 0.031130483670919445}}
{"target": 45.3075063355558, "params": {"C": 1014.0974888938895, "epsilon": 21.783510456930063, "gamma": 0.07475694024354473}}
{"target": 44.25220336649532, "params": {"C": 1067.205500660515, "epsilon": 20.927262111936976, "gamma": 0.05991201720784754}}
{"target": 39.38151391584806, "params": {"C": 1042.4100731498818, "epsilon": 21.218813173667158, "gamma": 0.02060088491060021}}
{"target": 45.66534477735012, "params": {"C": 888.4738692493587, "epsilon": 27.811649601765726, "gamma": 0.09118914363548986}}
{"target": 46.834763064140475, "params": {"C": 929.8628921700927, "epsilon": 28.669246538902424, "gamma": 0.11420176375956163}}
{"target": 39.28706418593132, "params": {"C": 886.9244663684212, "epsilon": 26.426498982681064, "gamma": 0.003593811565639719}}
{"target": 39.04156336142584, "params": {"C": 1033.7214178641868, "epsilon": 22.57384698128759, "gamma": 0.01487942763471629}}
{"target": 48.91406036646903, "params": {"C": 827.9188764421051, "epsilon": 29.880911359805694, "gamma": 0.31403765493678754}}
{"target": 48.14382885733101, "params": {"C": 1033.6408455542382, "epsilon": 14.151935750917678, "gamma": 0.2408519476607085}}
{"target": 40.13517353692012, "params": {"C": 1065.269206874391, "epsilon": 15.631103713637877, "gamma": 0.030251304691012615}}
{"target": 39.02808308927579, "params": {"C": 1000.1679019008368, "epsilon": 24.19075802310987, "gamma": 0.012645449513232125}}
{"target": 41.14677803955102, "params": {"C": 1114.502477118153, "epsilon": 23.040980127042964, "gamma": 0.0003815976309264543}}
{"target": 43.95645402455578, "params": {"C": 1020.5486887649894, "epsilon": 23.641121380194985, "gamma": 0.054862863375900586}}
{"target": 39.31872722181013, "params": {"C": 950.2581826799016, "epsilon": 21.836283472625627, "gamma": 0.009054390547981139}}
{"target": 39.27758788785495, "params": {"C": 1021.574036088555, "epsilon": 22.69654210867957, "gamma": 0.0038164852925177788}}
{"target": 40.62732219957194, "params": {"C": 959.0614972931927, "epsilon": 18.5731687296516, "gamma": 0.0006434262078832582}}
{"target": 46.09304893855999, "params": {"C": 1221.1572939253574, "epsilon": 20.83814729480251, "gamma": 0.07979523635476603}}
{"target": 42.33579256419138, "params": {"C": 985.2373392544208, "epsilon": 23.74647908851995, "gamma": 0.042475009307857456}}
{"target": 40.546902328965515, "params": {"C": 1051.77530658483, "epsilon": 21.36442577074494, "gamma": 0.030429482344116035}}
{"target": 39.04504345603933, "params": {"C": 993.8904002405149, "epsilon": 21.972311973406274, "gamma": 0.016541349273796416}}
{"target": 46.74131395067569, "params": {"C": 1051.7123572434425, "epsilon": 23.28305526285207, "gamma": 0.10847696584104624}}
{"target": 46.018312388405704, "params": {"C": 1080.151638049696, "epsilon": 22.62709429242646, "gamma": 0.08571407983658716}}
{"target": 44.02264566770559, "params": {"C": 982.8133749486296, "epsilon": 23.594542063017048, "gamma": 0.0566337347359995}}
{"target": 39.351863428475916, "params": {"C": 912.372426534215, "epsilon": 20.78082947769164, "gamma": 0.010127231360360166}}
{"target": 46.91648312125966, "params": {"C": 1040.5255653962486, "epsilon": 23.903829325404157, "gamma": 0.1122027709753749}}
{"target": 42.445587068765086, "params": {"C": 962.2161522001464, "epsilon": 21.424590321251095, "gamma": 0.045205190343926886}}
{"target": 44.57528108836887, "params": {"C": 931.98174451627, "epsilon": 20.600906134770174, "gamma": 0.06879109240008546}}
{"target": 39.050999218319326, "params": {"C": 1033.120692701055, "epsilon": 21.580413365774994, "gamma": 0.017439227391106628}}
{"target": 39.77125326731577, "params": {"C": 1074.2246172597286, "epsilon": 23.077760690546125, "gamma": 0.0016562313095305863}}
{"target": 39.27027124877527, "params": {"C": 900.5244267713339, "epsilon": 21.443892576783306, "gamma": 0.0072159072775423525}}
{"target": 41.65109842064425, "params": {"C": 945.8296300919402, "epsilon": 23.123791211327156, "gamma": 0.03873572809272248}}
{"target": 39.331215864354746, "params": {"C": 1078.8830898357753, "epsilon": 18.630979722032432, "gamma": 0.0037090194838199884}}
{"target": 39.971978705712885, "params": {"C": 706.14825306109, "epsilon": 14.689883634851936, "gamma": 0.035652682713238314}}
{"target": 39.4295635617169, "params": {"C": 1059.8272215743107, "epsilon": 22.74637409355638, "gamma": 0.003045506230142164}}
{"target": 43.209518188638526, "params": {"C": 1095.5421244223148, "epsilon": 19.785441893158758, "gamma": 0.04941577801699326}}
{"target": 43.36470853162918, "params": {"C": 1080.5844557982448, "epsilon": 17.770934467164302, "gamma": 0.05339102193470972}}
{"target": 39.46747011214056, "params": {"C": 975.5821378506445, "epsilon": 23.580488370423865, "gamma": 0.0028674799253255775}}
{"target": 39.79574484675154, "params": {"C": 948.3656140459523, "epsilon": 24.441366150524757, "gamma": 0.001626318790167466}}
{"target": 39.272209355894034, "params": {"C": 1031.8048460748857, "epsilon": 20.624085730855285, "gamma": 0.01126138795803598}}
{"target": 39.42573582266378, "params": {"C": 971.7482569032271, "epsilon": 24.743586472081848, "gamma": 0.002859230183165501}}
{"target": 39.39176308370087, "params": {"C": 1020.222989882808, "epsilon": 21.445570924820856, "gamma": 0.007872290501155952}}
{"target": 45.39557471546307, "params": {"C": 964.4488646029278, "epsilon": 26.092983639608406, "gamma": 0.07100787335358058}}
{"target": 49.9771013823521, "params": {"C": 1486.6478890993983, "epsilon": 11.121477604897658, "gamma": 0.48034720238256046}}
{"target": 45.94101357403471, "params": {"C": 959.5860254519872, "epsilon": 26.048051303645593, "gamma": 0.09121264253407599}}
{"target": 45.63302992338618, "params": {"C": 882.3444153965211, "epsilon": 25.43845061988389, "gamma": 0.088424729177982}}
{"target": 39.14991069446917, "params": {"C": 778.6710170547804, "epsilon": 29.803960712399803, "gamma": 0.005408374916996987}}
{"target": 46.072997408452544, "params": {"C": 903.3177822675375, "epsilon": 23.603986783141814, "gamma": 0.10638086802165932}}
{"target": 45.252570619820716, "params": {"C": 841.0663309651769, "epsilon": 29.820274911684987, "gamma": 0.07967586201987353}}
{"target": 45.60944729673777, "params": {"C": 896.0375929776988, "epsilon": 29.65117687250493, "gamma": 0.09063598044994886}}
{"target": 45.35348841422169, "params": {"C": 979.4645768542086, "epsilon": 23.075008051367604, "gamma": 0.0756458441565923}}
{"target": 49.5610461895544, "params": {"C": 992.929707350795, "epsilon": 22.94720876489102, "gamma": 0.38978661193278596}}
{"target": 44.83901946820537, "params": {"C": 861.6376347299794, "epsilon": 29.998085407192487, "gamma": 0.06879941258490466}}
{"target": 43.01363935314151, "params": {"C": 1005.6672976276506, "epsilon": 23.07911633619148, "gamma": 0.047483971659862526}}
{"target": 39.78885848224989, "params": {"C": 990.7909814341904, "epsilon": 23.353938676927292, "gamma": 0.001596844553505108}}
{"target": 45.98077504696791, "params": {"C": 1086.1904388489559, "epsilon": 22.71070580626859, "gamma": 0.08082202606261922}}
{"target": 39.493018099275574, "params": {"C": 1004.3632681497519, "epsilon": 24.35622234982864, "gamma": 0.0022933353325925616}}
{"target": 40.25403888713187, "params": {"C": 849.601764360541, "epsilon": 20.710337445590667, "gamma": 0.032071349565250346}}
{"target": 39.5302023428253, "params": {"C": 837.9943910728241, "epsilon": 24.089424381913204, "gamma": 0.0029676947196969287}}
{"target": 38.90494892453006, "params": {"C": 947.5100011892805, "epsilon": 25.242648034133342, "gamma": 0.013811162544220249}}
{"target": 39.08230567945512, "params": {"C": 920.0208628303085, "epsilon": 24.999712317292122, "gamma": 0.005449771755515912}}
{"target": 38.9534580108069, "params": {"C": 938.4800918555854, "epsilon": 25.373660620251677, "gamma": 0.014147405444415014}}
{"target": 40.284454019834925, "params": {"C": 926.4852609786209, "epsilon": 27.46728040842471, "gamma": 0.0012914119777681834}}
{"target": 44.232364905489916, "params": {"C": 878.8756177326217, "epsilon": 25.161030732301953, "gamma": 0.059994403566759245}}
{"target": 39.392158306298526, "params": {"C": 846.2297066610777, "epsilon": 19.928580228002247, "gamma": 0.0035747367853063323}}
{"target": 42.309534783259146, "params": {"C": 960.1889809624324, "epsilon": 26.078670151086904, "gamma": 0.04100634663466184}}
{"target": 48.55656762925774, "params": {"C": 726.5040201609559, "epsilon": 21.48231024107968, "gamma": 0.3387693327385961}}
{"target": 39.259948181181855, "params": {"C": 1013.6896377440424, "epsilon": 20.229028108486183, "gamma": 0.004332912863266531}}
{"target": 45.38306392456589, "params": {"C": 1005.6799344359854, "epsilon": 20.725113262127106, "gamma": 0.07802568315883247}}
{"target": 39.636461313886514, "params": {"C": 976.1205625091237, "epsilon": 23.213744815026764, "gamma": 0.0022214308215128264}}
{"target": 45.62007435112362, "params": {"C": 991.3220378622389, "epsilon": 21.164409882639497, "gamma": 0.08354085394469812}}
{"target": 43.58185554219091, "params": {"C": 1035.05503358049, "epsilon": 24.453318077359505, "gamma": 0.050027026097811414}}
