{"target": 47.856806808233806, "params": {"C": 915.3053847160863, "epsilon": 25.660598420489833, "gamma": 0.17533191195808778}}
{"target": 43.96102647682808, "params": {"C": 973.328937948814, "epsilon": 24.52891786389093, "gamma": 0.055112438460681194}}
{"target": 46.23430826223036, "params": {"C": 988.4534104174319, "epsilon": 29.78825605233238, "gamma": 0.09964580979214177}}
{"target": 43.35878286311018, "params": {"C": 761.131696231744, "epsilon": 23.453684354442345, "gamma": 0.05688038109302675}}
{"target": 45.650980585234635, "params": {"C": 1024.607631665898, "epsilon": 26.392536000453955, "gamma": 0.07146834316757084}}
{"target": 43.51277804675426, "params": {"C": 988.4981616262718, "epsilon": 22.926624620197522, "gamma": 0.05183050526825726}}
{"target": 46.100848958990625, "params": {"C": 797.6530202316837, "epsilon": 26.23020066818309, "gamma": 0.11719034250744446}}
{"target": 41.06901615768996, "params": {"C": 773.1115699224762, "epsilon": 24.12741927880585, "gamma": 0.0005996939824014572}}
{"target": 41.29472782969846, "params": {"C": 702.7695271589373, "epsilon": 24.96548140104941, "gamma": 0.04069044864517533}}
{"target": 46.40526545630022, "params": {"C": 1356.7043547747455, "epsilon": 14.11682633039013, "gamma": 0.08415962200636248}}
{"target": 42.99487649669829, "params": {"C": 1036.800124329287, "epsilon": 17.70195354664545, "gamma": 0.05161886485087361}}
{"target": 40.66712233314837, "params": {"C": 880.5705110122506, "epsilon": 24.44019810349556, "gamma": 0.000728055045318558}}
{"target": 43.38555294310678, "params": {"C": 926.9179441783804, "epsilon": 24.762321284512225, "gamma": 0.05099621178620604}}
{"target": 43.58803555149971, "params": {"C": 959.7681276686144, "epsilon": 19.110251268058757, "gamma": 0.05774882113525223}}
{"target": 42.777346376472586, "params": {"C": 905.2389171582375, "epsilon": 27.890119212210116, "gamma": 0.044095891964354414}}
{"target": 46.03439523951719, "params": {"C": 850.4631008015476, "epsilon": 28.05230061297192, "gamma": 0.10789888948468747}}
{"target": 42.47628696755917, "params": {"C": 773.9790896029225, "epsilon": 27.00125516978448, "gamma": 0.0462771297688503}}
{"target": 43.31325920303866, "params": {"C": 881.2611127836141, "epsilon": 26.958150408760375, "gamma": 0.04966543053064408}}
{"target": 46.50109804466446, "params": {"C": 911.9362187534531, "epsilon": 25.920733526441502, "gamma": 0.11400215866132775}}
{"target": 39.572330642800026, "params": {"C": 876.5397885873597, "epsilon": 22.916136960312976, "gamma": 0.002583318274810748}}
{"target": 43.64669513562258, "params": {"C": 950.359553210657, "epsilon": 23.230604702890737, "gamma": 0.053761056298368824}}
{"target": 41.57566690153009, "params": {"C": 703.8121695373526, "epsilon": 28.7169444102584, "gamma": 0.0005125476132566333}}
{"target": 39.27500236831278, "params": {"C": 703.2449316754579, "epsilon": 27.190037750644056, "gamma": 0.003972047613197048}}
{"target": 40.836730840078914, "params": {"C": 816.2634983456193, "epsilon": 26.37406500608342, "gamma": 0.0006920477606748299}}
{"target": 43.95119944054666, "params": {"C": 808.9433930652583, "epsilon": 28.215628456220927, "gamma": 0.057141702058188006}}
{"target": 43.98160621094131, "params": {"C": 772.9917770684293, "epsilon": 25.039678607544005, "gamma": 0.0611678873903304}}
{"target": 43.05578583705383, "params": {"C": 1006.9645938408826, "epsilon": 26.545487848161837, "gamma": 0.04456151944896326}}
{"target": 39.24596046477868, "params": {"C": 793.8559331013222, "epsilon": 29.954762875567667, "gamma": 0.004297927766564714}}
{"target": 45.66789173533766, "params": {"C": 865.2258163592783, "epsilon": 21.823258806471788, "gamma": 0.10006962713850413}}
{"target": 43.63928806383547, "params": {"C": 1043.2997114733719, "epsilon": 25.566652503507484, "gamma": 0.04940748256934241}}
{"target": 40.38298042455257, "params": {"C": 781.5253692533399, "epsilon": 23.80478103543728, "gamma": 0.001210648042663914}}
{"target": 44.212030929022326, "params": {"C": 868.7467376786395, "epsilon": 29.956570403913638, "gamma": 0.0576571518055686}}
{"target": 39.23918691419034, "params": {"C": 870.6560215803314, "epsilon": 27.45248677214147, "gamma": 0.004100112575612222}}
{"target": 43.823618429937525, "params": {"C": 926.4811484687393, "epsilon": 24.729575857457206, "gamma": 0.0548301384842825}}
{"target": 42.862323569020795, "params": {"C": 816.3355443271402, "epsilon": 26.998241440377384, "gamma": 0.04785441643969747}}
{"target": 43.568918575443206, "params": {"C": 963.010147492442, "epsilon": 25.840855295642648, "gamma": 0.050699148255788015}}
{"target": 40.72384269854341, "params": {"C": 964.4215910644768, "epsilon": 18.16357868684877, "gamma": 0.0004651938979974759}}
{"target": 40.79784889307981, "params": {"C": 707.6648639029372, "epsilon": 22.68722700082959, "gamma": 0.03745904232065622}}
{"target": 39.16014269582211, "params": {"C": 704.4560105694881, "epsilon": 25.611458409169003, "gamma": 0.005389312710085612}}
{"target": 41.412859781551404, "params": {"C": 764.6043497298276, "epsilon": 29.7599490219222, "gamma": 0.0006352272573768719}}
{"target": 40.856963632500666, "params": {"C": 824.1884875111971, "epsilon": 26.5051576701479, "gamma": 0.0006831639467131043}}
{"target": 40.10623200654481, "params": {"C": 1022.9608807096076, "epsilon": 25.872476459927537, "gamma": 0.0011263375998313337}}
{"target": 45.69792368600385, "params": {"C": 800.0024511124315, "epsilon": 24.763020427171835, "gamma": 0.1062043380591281}}
{"target": 41.009478640713944, "params": {"C": 814.0391173498178, "epsilon": 29.911425240257675, "gamma": 0.0007697729497228899}}
{"target": 40.95420935382602, "params": {"C": 996.0968203786666, "epsilon": 24.542213874507244, "gamma": 0.0005108476548209319}}
{"target": 42.167668520320035, "params": {"C": 703.4468604101339, "epsilon": 26.339554708166933, "gamma": 0.04691258089408641}}
{"target": 44.21172477897589, "params": {"C": 760.7010654246195, "epsilon": 24.350385420382004, "gamma": 0.06595560145134574}}
{"target": 40.70354222059078, "params": {"C": 705.4488332479635, "epsilon": 26.706991001437753, "gamma": 0.0008686210821489326}}
{"target": 44.322958658506664, "params": {"C": 794.1593193238118, "epsilon": 25.291463824667883, "gamma": 0.06484006824765924}}
{"target": 43.74411560131415, "params": {"C": 857.6828310501803, "epsilon": 23.989025111225256, "gamma": 0.05674146099157282}}
{"target": 47.89965167083758, "params": {"C": 838.4490295444267, "epsilon": 23.928088076212177, "gamma": 0.16814154396578412}}
{"target": 43.56049961186142, "params": {"C": 979.3062644555782, "epsilon": 21.902530269543515, "gamma": 0.053032405207243505}}
{"target": 39.83479893185385, "params": {"C": 857.3889687300258, "epsilon": 24.194798203633717, "gamma": 0.001546486443039285}}
{"target": 40.424903121651205, "params": {"C": 792.5679562361437, "epsilon": 26.303002804336955, "gamma": 0.0010063876674176412}}
{"target": 41.44837152290681, "params": {"C": 700.2986438710346, "epsilon": 22.33800181347867, "gamma": 0.04425224112747588}}
{"target": 44.28810280580208, "params": {"C": 794.754652491659, "epsilon": 26.92704192928178, "gamma": 0.06247603806856448}}
{"target": 42.75930571036377, "params": {"C": 947.4044720673774, "epsilon": 27.690549182608606, "gamma": 0.0430886906467763}}
{"target": 45.02754894632098, "params": {"C": 785.4512053142886, "epsilon": 27.344494102826893, "gamma": 0.07656744219457548}}
{"target": 46.321427913668984, "params": {"C": 707.7827142576409, "epsilon": 26.05047424419036, "gamma": 0.12964940540517045}}
{"target": 45.81743821164059, "params": {"C": 766.8222857430984, "epsilon": 26.108403580353333, "gamma": 0.11513314496564046}}
{"target": 44.06634953940288, "params": {"C": 948.7739450652197, "epsilon": 28.63733019907978, "gamma": 0.05345026420365034}}
{"target": 47.373664601825254, "params": {"C": 988.2504127643842, "epsilon": 26.567845652432446, "gamma": 0.12097494627946667}}
{"target": 44.6840447213602, "params": {"C": 936.053563402327, "epsilon": 29.888649560157866, "gamma": 0.061492000009673024}}
{"target": 43.71391449004247, "params": {"C": 703.7376808651155, "epsilon": 28.734032186722022, "gamma": 0.05865486072156773}}
{"target": 45.78703597454518, "params": {"C": 884.7811258465308, "epsilon": 28.184955838341644, "gamma": 0.09641787116599337}}
{"target": 39.11406789420963, "params": {"C": 700.9155724746372, "epsilon": 23.821525936179878, "gamma": 0.01205509346845857}}
{"target": 48.18954610723604, "params": {"C": 1031.4838583082405, "epsilon": 13.200021352754908, "gamma": 0.3280701223889356}}
{"target": 45.835964651302426, "params": {"C": 878.3364705716685, "epsilon": 26.43954683527648, "gamma": 0.09756319152888333}}
{"target": 41.24679233039766, "params": {"C": 825.1679928467483, "epsilon": 25.027215079118903, "gamma": 0.00048192456857369323}}
{"target": 43.11682534869953, "params": {"C": 1061.9911975124373, "epsilon": 27.842709246045196, "gamma": 0.0001670178630586508}}
{"target": 44.524317044213596, "params": {"C": 710.613073295432, "epsilon": 16.091567164967508, "gamma": 0.09016055577733106}}
{"target": 43.40357520082188, "params": {"C": 872.9175989421609, "epsilon": 24.805977249270267, "gamma": 0.05272876681365707}}
{"target": 44.030666325290916, "params": {"C": 863.3477195920112, "epsilon": 24.401292529413332, "gamma": 0.05932138234404974}}
{"target": 41.43740988380732, "params": {"C": 850.5416586732076, "epsilon": 26.612821010577562, "gamma": 0.000398343433928125}}
{"target": 40.895563470244056, "params": {"C": 828.7605728469132, "epsilon": 18.903501291251704, "gamma": 0.03919836151418682}}
{"target": 39.148512292012796, "params": {"C": 825.2178786586138, "epsilon": 18.857909663142536, "gamma": 0.020596094340039426}}
{"target": 41.99332511612031, "params": {"C": 806.5241437704767, "epsilon": 25.21681291110237, "gamma": 0.04323856429618623}}
{"target": 40.48558869410911, "params": {"C": 1071.09453709121, "epsilon": 24.977071489305317, "gamma": 0.0006838548864418204}}
{"target": 42.56618523052906, "params": {"C": 991.7712598539646, "epsilon": 22.761736810112065, "gamma": 0.044891202686985765}}
{"target": 39.37825033994058, "params": {"C": 1001.4090707902537, "epsilon": 20.97213050760063, "gamma": 0.007415824729284973}}
{"target": 43.918771733046384, "params": {"C": 1160.243290519215, "epsilon": 19.277350718656415, "gamma": 0.055647606900262075}}
{"target": 45.922985941821004, "params": {"C": 968.4925091652608, "epsilon": 23.02391948583415, "gamma": 0.09421870992248552}}
{"target": 39.80940911401183, "params": {"C": 705.7750770086283, "epsilon": 25.0833959838483, "gamma": 0.0020683087849370603}}
{"target": 39.255308444712966, "params": {"C": 949.8721804711269, "epsilon": 23.141160171919623, "gamma": 0.004422203582025474}}
{"target": 44.785790658965404, "params": {"C": 800.9238686491279, "epsilon": 27.831011790478904, "gamma": 0.07028015738123534}}
{"target": 44.249822165083394, "params": {"C": 976.0440465462289, "epsilon": 27.810463154522054, "gamma": 0.05497202069415669}}
{"target": 41.566499099015154, "params": {"C": 877.3675429779787, "epsilon": 27.45887257406019, "gamma": 0.037300396365506694}}
{"target": 43.293362027372204, "params": {"C": 793.5368558339746, "epsilon": 22.415674536995066, "gamma": 0.055939709720690824}}
{"target": 44.50020859006328, "params": {"C": 968.6540349965586, "epsilon": 24.952978238725322, "gamma": 0.05994479809761648}}
{"target": 44.49452761620823, "params": {"C": 781.0704266108551, "epsilon": 27.819584304171396, "gamma": 0.06660646297590211}}
{"target": 43.248192214971354, "params": {"C": 928.7017630422224, "epsilon": 26.44724614184415, "gamma": 0.04813763711255618}}
{"target": 46.14846679185113, "params": {"C": 931.7955635962619, "epsilon": 20.73855665503671, "gamma": 0.11132866160978024}}
{"target": 43.06050127203544, "params": {"C": 785.1199584728311, "epsilon": 27.739576157489758, "gamma": 0.04985309146402536}}
{"target": 44.3178208526376, "params": {"C": 702.8572807450561, "epsilon": 24.87344537698625, "gamma": 0.07075265353551546}}
{"target": 40.3600900243366, "params": {"C": 796.8546002562614, "epsilon": 25.53266113603304, "gamma": 0.0010120642843595411}}
{"target": 47.4312481113623, "params": {"C": 799.3369866325195, "epsilon": 28.983791650879688, "gamma": 0.1326718667387618}}
{"target": 43.560497053608564, "params": {"C": 857.8780920200301, "epsilon": 26.323242276046937, "gamma": 0.00016732132095754245}}
{"target": 41.410669813649285, "params": {"C": 758.8530350423482, "epsilon": 29.871655452603086, "gamma": 0.0006438451013779925}}
{"target": 44.78658174246292, "params": {"C": 1013.8873223625385, "epsilon": 25.66343586320272, "gamma": 0.061157883409476047}}
{"target": 47.78714687705373, "params": {"C": 709.7382002396868, "epsilon": 29.51243425520821, "gamma": 0.23255677765096433}}
{"target": 43.126507180734585, "params": {"C": 790.4569754096136, "epsilon": 27.37355168385727, "gamma": 0.050479745678574696}}
{"target": 39.441986137621214, "params": {"C": 1021.3715852891821, "epsilon": 24.70132925183075, "gamma": 0.0025730776082698407}}
{"target": 47.61035967274487, "params": {"C": 1186.2175872415805, "epsilon": 29.83798193715241, "gamma": 0.2165057447540099}}
{"target": 43.87107682940162, "params": {"C": 704.6927694291112, "epsilon": 28.811366460926713, "gamma": 0.060435749407646844}}
{"target": 42.438771137175664, "params": {"C": 805.2070583336312, "epsilon": 21.012036738997132, "gamma": 0.04945622310600948}}
{"target": 39.33761699064881, "params": {"C": 909.8779677680486, "epsilon": 29.95780704335597, "gamma": 0.012710636890697423}}
{"target": 45.76245112575078, "params": {"C": 887.3520849398914, "epsilon": 21.86133987296084, "gamma": 0.10106967132153545}}
{"target": 40.495363584382076, "params": {"C": 848.0489554972189, "epsilon": 22.04383030087934, "gamma": 0.0010202544950037497}}
{"target": 46.69007092251041, "params": {"C": 1147.1941505754855, "epsilon": 25.117656375177923, "gamma": 0.09440336744293575}}
{"target": 43.41447737629072, "params": {"C": 896.8824609732585, "epsilon": 21.09694839641111, "gamma": 0.0547998231916564}}
{"target": 39.79471839504471, "params": {"C": 874.0004362447205, "epsilon": 27.547735389283705, "gamma": 0.0019492588888965247}}
{"target": 42.980277237090384, "params": {"C": 921.7064636052023, "epsilon": 23.715297942465913, "gamma": 0.04878689238357969}}
{"target": 44.376566176539335, "params": {"C": 1139.7888995625697, "epsilon": 27.90018817292448, "gamma": 0.05131883255908731}}
{"target": 48.00567344675362, "params": {"C": 1053.314554229223, "epsilon": 25.409078436033873, "gamma": 0.13037694302672773}}
{"target": 44.51378195307993, "params": {"C": 969.6252705320361, "epsilon": 25.498892647495023, "gamma": 0.00011736593804399786}}
{"target": 45.388864900213505, "params": {"C": 948.5354441797286, "epsilon": 28.152161352066756, "gamma": 0.00011123886280433887}}
{"target": 47.722203693679106, "params": {"C": 1107.329527519839, "epsilon": 23.258004110744892, "gamma": 0.24663690336392324}}
{"target": 42.90791217439645, "params": {"C": 994.2721974880001, "epsilon": 29.869839206960947, "gamma": 0.04211789952216875}}
{"target": 44.19835675879034, "params": {"C": 869.174068422077, "epsilon": 27.673342067192834, "gamma": 0.058037232721104656}}
{"target": 47.35899927352479, "params": {"C": 845.3706685924328, "epsilon": 29.815138902486098, "gamma": 0.1260425672598035}}
{"target": 39.762821463515166, "params": {"C": 942.5187614183858, "epsilon": 25.120999823704164, "gamma": 0.001947076213248503}}
{"target": 46.746057280349575, "params": {"C": 700.9359366820718, "epsilon": 29.789745302103363, "gamma": 0.12804614747888596}}
{"target": 40.27699595258113, "params": {"C": 786.8671413859216, "epsilon": 27.393577966593618, "gamma": 0.0013847453918807203}}
{"target": 39.83642831861473, "params": {"C": 753.9009829213647, "epsilon": 22.63273785358379, "gamma": 0.001800246898236206}}
{"target": 43.97803965184337, "params": {"C": 770.6913250611585, "epsilon": 25.065198222048814, "gamma": 0.061188959718082636}}
{"target": 46.989988191927615, "params": {"C": 789.9898531582819, "epsilon": 29.91999270848295, "gamma": 0.12408575630471382}}
{"target": 49.24334292164597, "params": {"C": 1072.3781629960904, "epsilon": 15.346663321268487, "gamma": 0.4215048284686209}}
{"target": 44.410191223735175, "params": {"C": 896.4404974623976, "epsilon": 24.742432941053565, "gamma": 0.06185700803959854}}
{"target": 48.76556122037273, "params": {"C": 1232.7285050216278, "epsilon": 9.14341107612501, "gamma": 0.3938195793052088}}
{"target": 45.63308112982581, "params": {"C": 706.1986194554075, "epsilon": 22.478254150714974, "gamma": 0.12266233600565729}}
{"target": 44.47634982617131, "params": {"C": 703.7762570054435, "epsilon": 28.01902536588543, "gamma": 0.0704599449512923}}
{"target": 49.0587254618721, "params": {"C": 1186.31709734032, "epsilon": 29.901656388379894, "gamma": 0.3217691597740901}}
{"target": 39.23359094311827, "params": {"C": 877.1920832694852, "epsilon": 22.34346909741248, "gamma": 0.004635002999785122}}
{"target": 40.79323258470415, "params": {"C": 959.6108867312113, "epsilon": 20.36906683233837, "gamma": 0.0004434836711966223}}
{"target": 43.641677462381786, "params": {"C": 1073.9339726604476, "epsilon": 22.903413728543015, "gamma": 0.05077577964407709}}
{"target": 44.29475054161453, "params": {"C": 823.2718215745651, "epsilon": 24.707386930660604, "gamma": 0.06361215175038462}}
{"target": 43.73627370893448, "params": {"C": 784.6793040368201, "epsilon": 25.267378330525315, "gamma": 0.05808232490015289}}
{"target": 43.47978032890525, "params": {"C": 800.6004941683428, "epsilon": 25.122144949940694, "gamma": 0.055371440449017845}}
{"target": 44.172122816345734, "params": {"C": 796.6258377659656, "epsilon": 23.676620568283294, "gamma": 0.06467905745554849}}
{"target": 43.94584383340551, "params": {"C": 797.5370853380467, "epsilon": 29.64385008483197, "gamma": 0.057140272892847885}}
{"target": 46.21459594762563, "params": {"C": 890.6109642911662, "epsilon": 26.66879350750272, "gamma": 0.10973043871616832}}
{"target": 40.23758378285687, "params": {"C": 939.449249303496, "epsilon": 26.047387342640874, "gamma": 0.0010453416757124114}}
{"target": 42.85300489747048, "params": {"C": 960.8056889937536, "epsilon": 25.93858869285627, "gamma": 0.044582823947875175}}
{"target": 42.36924587995438, "params": {"C": 704.2281975060647, "epsilon": 25.65750312018362, "gamma": 0.04872853793239273}}
{"target": 49.00399177508229, "params": {"C": 890.9940453934709, "epsilon": 14.900299377126938, "gamma": 0.40238020072475217}}
{"target": 44.05137478112646, "params": {"C": 704.8901982664313, "epsilon": 26.147871601402205, "gamma": 0.06446124759070003}}
{"target": 44.52964877638889, "params": {"C": 703.6383759222963, "epsilon": 25.086905634617676, "gamma": 0.07455721377999311}}
{"target": 42.833963823042225, "params": {"C": 1024.440159716084, "epsilon": 25.185345570616132, "gamma": 0.00017452075826889478}}
{"target": 47.924341395186765, "params": {"C": 996.8807704395724, "epsilon": 23.131195299103876, "gamma": 0.17897114335886563}}
{"target": 39.75936606503406, "params": {"C": 897.4205835068906, "epsilon": 29.83517826464417, "gamma": 0.0024189777370718854}}
{"target": 46.218557151377276, "params": {"C": 936.6093436176025, "epsilon": 25.24585216645371, "gamma": 0.10481624063719117}}
{"target": 43.25822279380869, "params": {"C": 1016.7058513810857, "epsilon": 23.323671922090853, "gamma": 0.048722805494092844}}
{"target": 40.14330977861066, "params": {"C": 873.5903983288529, "epsilon": 28.738099559683405, "gamma": 0.0016390388398229835}}
{"target": 39.06618266229239, "params": {"C": 700.2716538153895, "epsilon": 26.053705550203496, "gamma": 0.007248266380761065}}
{"target": 39.948902266911105, "params": {"C": 851.7907316609912, "epsilon": 22.40605261395171, "gamma": 0.0014675076895949192}}
{"target": 39.177978832276686, "params": {"C": 858.0967448308375, "epsilon": 23.31803372028557, "gamma": 0.005045715914330399}}
{"target": 39.731070974801824, "params": {"C": 908.961847356044, "epsilon": 22.80374407627283, "gamma": 0.002026028681433924}}
{"target": 39.47855318638573, "params": {"C": 708.5725132954381, "epsilon": 23.62021398859242, "gamma": 0.003544143836613934}}
{"target": 40.00688855912468, "params": {"C": 707.0239314027122, "epsilon": 25.452072445760425, "gamma": 0.001776289014714925}}
{"target": 43.31583526831591, "params": {"C": 864.1385363250092, "epsilon": 14.070554629475021, "gamma": 0.06295299323743456}}
{"target": 39.34086435107442, "params": {"C": 700.758538184435, "epsilon": 26.124668460610387, "gamma": 0.004086095429457956}}
{"target": 43.097076887623885, "params": {"C": 880.7687704953607, "epsilon": 26.676312399549193, "gamma": 0.04811129852577952}}
{"target": 41.89791440799756, "params": {"C": 703.7521810701649, "epsilon": 28.114048156691553, "gamma": 0.043520921540763584}}
{"target": 41.33958103232203, "params": {"C": 908.9994767321562, "epsilon": 27.066763555313592, "gamma": 0.0004478134523427414}}
{"target": 44.40328055582868, "params": {"C": 895.7508451779455, "epsilon": 28.02344544962436, "gamma": 0.059787668066387106}}
{"target": 43.93326626274437, "params": {"C": 782.0729776344277, "epsilon": 27.62538720152588, "gamma": 0.05831526667203647}}
{"target": 48.30893893904867, "params": {"C": 924.6391073424694, "epsilon": 29.69156169303877, "gamma": 0.2827938044304809}}
{"target": 45.7887348138847, "params": {"C": 784.9256685249594, "epsilon": 27.321446154090225, "gamma": 0.11007941505539935}}
{"target": 46.0339823245512, "params": {"C": 865.4465125080077, "epsilon": 24.89299963041965, "gamma": 0.10864879753281796}}
{"target": 39.456152782650335, "params": {"C": 716.9057604436559, "epsilon": 21.365424937487628, "gamma": 0.0034047638384203244}}
{"target": 46.44754532339848, "params": {"C": 1330.0002638781104, "epsilon": 18.130628043822608, "gamma": 0.08588652752418638}}
{"target": 45.18522365575632, "params": {"C": 1033.6469095724237, "epsilon": 27.528223558792153, "gamma": 0.06384031867548766}}
