{"target": 65.41604571369149, "params": {"C": 2089.9796168487455, "epsilon": 36.54891325664845, "gamma": 49.53223476912776}}
{"target": 66.96774010348858, "params": {"C": 643.1083232056855, "epsilon": 56.38875991948544, "gamma": 4.159656855620363}}
{"target": 64.97220177959726, "params": {"C": 497.85563049230706, "epsilon": 35.25084299650428, "gamma": 2.6753997290088085}}
{"target": 48.29725871514411, "params": {"C": 1471.7382283886932, "epsilon": 37.88343360352573, "gamma": 0.22913203459610343}}
{"target": 65.27903183014863, "params": {"C": 1422.3452320659117, "epsilon": 34.19470749617615, "gamma": 49.775344594616264}}
{"target": 64.50531028418611, "params": {"C": 1337.9198896488426, "epsilon": 29.779232778583527, "gamma": 2.4874082816354033}}
{"target": 65.34790315368352, "params": {"C": 1223.9146391164113, "epsilon": 38.793745677483074, "gamma": 3.037152954228211}}
{"target": 66.32632368602381, "params": {"C": 2064.1371417996197, "epsilon": 48.57980855710703, "gamma": 80.85182533757231}}
{"target": 66.1349535480543, "params": {"C": 2370.4698505333017, "epsilon": 46.282958962498654, "gamma": 66.31318692698251}}
{"target": 66.7650989270804, "params": {"C": 1437.317521890668, "epsilon": 53.74602839982548, "gamma": 93.93714066416936}}
{"target": 66.21540878566248, "params": {"C": 1253.4953420938575, "epsilon": 47.24123963500719, "gamma": 94.83166632838501}}
{"target": 66.47394788808023, "params": {"C": 976.8797184415554, "epsilon": 50.32831546107143, "gamma": 135.34342872890366}}
{"target": 66.3155983233496, "params": {"C": 1166.1180067794528, "epsilon": 48.45003478538341, "gamma": 64.86069339707008}}
{"target": 66.39686973901632, "params": {"C": 1260.7260095134575, "epsilon": 49.41586611828157, "gamma": 77.74423031476707}}
{"target": 65.33307235631182, "params": {"C": 1428.6522473562768, "epsilon": 35.123373997650866, "gamma": 67.7699063653993}}
{"target": 65.4886828632306, "params": {"C": 955.9293448566959, "epsilon": 37.75945841479572, "gamma": 84.29554642003635}}
{"target": 65.27887758510508, "params": {"C": 331.6256382642366, "epsilon": 34.19206101222224, "gamma": 56.24076665827134}}
{"target": 66.38688418967267, "params": {"C": 1282.9346164225904, "epsilon": 49.297147365602285, "gamma": 34.65546393248092}}
{"target": 65.32859041129402, "params": {"C": 1337.7172804062031, "epsilon": 35.04736536939594, "gamma": 49.8638276213564}}
{"target": 66.09997744734942, "params": {"C": 1622.5107566332404, "epsilon": 45.77684795925829, "gamma": 11.341774616035309}}
{"target": 66.65740063666112, "params": {"C": 1317.0709894860513, "epsilon": 52.50122048707871, "gamma": 45.31826749659202}}
{"target": 65.84566733954873, "params": {"C": 1488.6317258858874, "epsilon": 42.76966864464803, "gamma": 70.14617618039033}}
{"target": 66.24459001815198, "params": {"C": 538.3594799326318, "epsilon": 48.88330308444531, "gamma": 3.3757768834293786}}
{"target": 65.5655403440971, "params": {"C": 717.0180823715949, "epsilon": 38.944398496129025, "gamma": 52.31144308607751}}
{"target": 66.22267232166409, "params": {"C": 1478.327577054112, "epsilon": 47.32849120101306, "gamma": 66.93699782513767}}
{"target": 66.1651022909668, "params": {"C": 124.75602163432222, "epsilon": 47.331825401832766, "gamma": 75.4888240492575}}
{"target": 65.38064579760638, "params": {"C": 603.5125887480685, "epsilon": 35.94571873140027, "gamma": 51.76235329227556}}
{"target": 65.10974398783739, "params": {"C": 385.58932744547474, "epsilon": 31.292536284757233, "gamma": 53.81733623849138}}
{"target": 62.68717536013501, "params": {"C": 1542.8414688813987, "epsilon": 36.311390241179055, "gamma": 1.3096556303095903}}
{"target": 56.73335501273216, "params": {"C": 670.1879561875149, "epsilon": 43.84482461703301, "gamma": 0.5591004680204607}}
{"target": 44.63553963335086, "params": {"C": 235.10333017797905, "epsilon": 37.932555658577826, "gamma": 0.11000820754857812}}
{"target": 65.11023962752795, "params": {"C": 382.2977327006339, "epsilon": 31.300918180393083, "gamma": 71.04343191582262}}
{"target": 64.68346089314166, "params": {"C": 442.71250320887697, "epsilon": 23.76662151179979, "gamma": 51.68014190972295}}
{"target": 65.33477775857827, "params": {"C": 1986.4358055812309, "epsilon": 35.15282415650264, "gamma": 52.5317256322961}}
{"target": 63.99938279604946, "params": {"C": 974.0265237076335, "epsilon": 41.825335926939765, "gamma": 1.5076357563604574}}
{"target": 60.47201725561287, "params": {"C": 518.6201557374741, "epsilon": 37.37604766055828, "gamma": 0.9460297620944741}}
{"target": 64.90085499216623, "params": {"C": 524.836869958183, "epsilon": 27.690445019001025, "gamma": 112.10059153828382}}
{"target": 64.74205357651769, "params": {"C": 1173.536185948743, "epsilon": 29.620206659282026, "gamma": 2.9567819261975608}}
{"target": 59.33356374342471, "params": {"C": 6.14662278385515, "epsilon": 30.39045266210528, "gamma": 90.99729308771121}}
{"target": 64.96318979103887, "params": {"C": 174.11458081283524, "epsilon": 28.783486606712408, "gamma": 52.75418184490336}}
{"target": 65.24903968968292, "params": {"C": 198.4335308615254, "epsilon": 33.68020230283238, "gamma": 45.88321436915639}}
{"target": 65.47107630704959, "params": {"C": 466.33995798218734, "epsilon": 37.66249243444066, "gamma": 4.687862799235447}}
{"target": 60.44694911498824, "params": {"C": 46.72570388037309, "epsilon": 25.62909301142659, "gamma": 48.24299384263991}}
{"target": 60.238551017832116, "params": {"C": 34.618856231932284, "epsilon": 31.58903146954049, "gamma": 48.00053809231143}}
{"target": 59.47658850221818, "params": {"C": 23.452420534573662, "epsilon": 9.164313593177027, "gamma": 67.89866706309165}}
{"target": 60.51135999953776, "params": {"C": 286.505581947584, "epsilon": 20.80837039353287, "gamma": 1.196153209145173}}
{"target": 56.04382772518667, "params": {"C": 411.7957651529827, "epsilon": 31.4616177493804, "gamma": 0.6579634424202133}}
{"target": 61.601700430431706, "params": {"C": 1146.7833247826507, "epsilon": 32.70612992779757, "gamma": 1.178799390174187}}
{"target": 65.19347387399223, "params": {"C": 986.6402035623539, "epsilon": 32.71961997387921, "gamma": 53.30645886590868}}
{"target": 63.57444359625792, "params": {"C": 52.986900824658505, "epsilon": 47.8957925849803, "gamma": 12.526913768385096}}
{"target": 62.086693101332955, "params": {"C": 1510.5095417338196, "epsilon": 49.142612574743254, "gamma": 0.9307145121512892}}
{"target": 64.8947501045634, "params": {"C": 851.9708097385454, "epsilon": 27.582741489115868, "gamma": 65.8093062298012}}
{"target": 64.77525490590202, "params": {"C": 679.8387950241143, "epsilon": 25.468612091271392, "gamma": 44.47699656217144}}
{"target": 65.1153517181804, "params": {"C": 281.206338471952, "epsilon": 33.50607804804355, "gamma": 3.476758840269382}}
{"target": 64.61909712235925, "params": {"C": 710.9767646043631, "epsilon": 22.550909297575515, "gamma": 57.2281760796862}}
{"target": 48.04128244003529, "params": {"C": 1800.2951377959237, "epsilon": 32.51955914014373, "gamma": 0.1428981902169041}}
{"target": 65.25640933304604, "params": {"C": 1183.436659038019, "epsilon": 33.80621425310889, "gamma": 50.7576252502993}}
{"target": 53.33659161811063, "params": {"C": 1728.0592246830524, "epsilon": 41.71080274293865, "gamma": 0.4061679774757898}}
{"target": 65.40153578159536, "params": {"C": 2329.1065429521645, "epsilon": 36.30274640794039, "gamma": 141.35073093984445}}
{"target": 62.274914744145306, "params": {"C": 931.8548013229085, "epsilon": 32.31952003295346, "gamma": 1.309490814860026}}
{"target": 64.57860616749863, "params": {"C": 874.0633294715972, "epsilon": 21.77421463578654, "gamma": 56.99309599878517}}
{"target": 63.084575446176316, "params": {"C": 54.90443850784766, "epsilon": 43.66876563685093, "gamma": 4.590942603271485}}
{"target": 57.52380761617371, "params": {"C": 1681.5394420407301, "epsilon": 34.346888564031666, "gamma": 0.7268580472335805}}
{"target": 56.57362055812342, "params": {"C": 778.8107241220251, "epsilon": 19.15650063859878, "gamma": 0.8075370856331919}}
{"target": 66.1558849791893, "params": {"C": 4222.204248508959, "epsilon": 46.53209867392705, "gamma": 378.88781412246715}}
{"target": 65.25141173890725, "params": {"C": 1843.4042007026915, "epsilon": 33.72080686100923, "gamma": 115.86948372003235}}
{"target": 62.52597190887106, "params": {"C": 1361.4516762365104, "epsilon": 17.67114660562396, "gamma": 1.713599280195024}}
{"target": 63.5643547206037, "params": {"C": 421.3012744406015, "epsilon": 15.702276301909205, "gamma": 2.363390332726945}}
{"target": 65.66017798015284, "params": {"C": 2512.8404273454416, "epsilon": 40.31979370122094, "gamma": 49.914986303099006}}
{"target": 64.59580575390825, "params": {"C": 1379.9713450852264, "epsilon": 29.628305577706943, "gamma": 2.6426691036355594}}
{"target": 65.00679603507123, "params": {"C": 2108.186174452466, "epsilon": 29.38705094307653, "gamma": 11.527880989556401}}
{"target": 64.83407495836833, "params": {"C": 1566.6388041565633, "epsilon": 26.518005551386587, "gamma": 44.34803072999239}}
{"target": 61.78489974708875, "params": {"C": 80.48309918420398, "epsilon": 16.04405777431412, "gamma": 62.5181059934615}}
{"target": 65.04818130898354, "params": {"C": 266.05729490256635, "epsilon": 30.117340834089784, "gamma": 5.331052491544141}}
{"target": 63.36377613763598, "params": {"C": 287.82095509916905, "epsilon": 34.25748364621601, "gamma": 1.547339332313498}}
{"target": 64.0642798592292, "params": {"C": 558.5260734913634, "epsilon": 11.142050265748306, "gamma": 56.843649296496515}}
{"target": 63.74722572344156, "params": {"C": 1408.8045189588327, "epsilon": 19.05426999101921, "gamma": 2.3618217070474574}}
{"target": 71.6502962057035, "params": {"C": 2914.7366620956072, "epsilon": 102.3247978558406, "gamma": 138.82080034792904}}
{"target": 62.47608172113398, "params": {"C": 739.8143581362085, "epsilon": 17.211387078944984, "gamma": 1.7070044638199284}}
{"target": 65.68389385050543, "params": {"C": 2445.397499663749, "epsilon": 40.65386323897042, "gamma": 49.42733682929971}}
{"target": 65.14367754684159, "params": {"C": 2496.1118819918147, "epsilon": 31.86750677501162, "gamma": 81.09723211998617}}
{"target": 64.25554384963762, "params": {"C": 504.19800327189876, "epsilon": 15.08885771773533, "gamma": 47.528003021928484}}
{"target": 65.21575572372406, "params": {"C": 2051.629067650585, "epsilon": 33.10723303568414, "gamma": 71.59443499228432}}
{"target": 65.31291015510352, "params": {"C": 2188.398547318061, "epsilon": 34.778218515895055, "gamma": 52.633361727403646}}
{"target": 64.8071435070342, "params": {"C": 784.2397709604113, "epsilon": 26.034408620005312, "gamma": 120.61537238283763}}
{"target": 63.09439096777925, "params": {"C": 104.42697544025395, "epsilon": 14.813437356325917, "gamma": 55.14215440308243}}
{"target": 64.08038497081907, "params": {"C": 718.6515039974181, "epsilon": 24.616849661873353, "gamma": 2.364581804911364}}
{"target": 64.83763775914566, "params": {"C": 1167.996493810386, "epsilon": 26.581161714622656, "gamma": 48.53213544305221}}
{"target": 64.77445523896014, "params": {"C": 1228.314499609208, "epsilon": 25.45442996640346, "gamma": 64.19790196151354}}
{"target": 64.53133090737113, "params": {"C": 1380.4260765444956, "epsilon": 20.86412391671967, "gamma": 45.15433248312153}}
{"target": 65.39330341873844, "params": {"C": 329.22818517992505, "epsilon": 36.16282423988079, "gamma": 111.20482753782197}}
{"target": 61.457652623941556, "params": {"C": 43.26111269955959, "epsilon": 38.629926686079315, "gamma": 116.59706746217716}}
{"target": 64.30984970502696, "params": {"C": 484.0929025135969, "epsilon": 16.246474385597082, "gamma": 55.00207951788838}}
{"target": 47.594976942700285, "params": {"C": 1523.2884880148194, "epsilon": 34.10711986451834, "gamma": 0.19473602585609207}}
{"target": 59.28092627602001, "params": {"C": 2.786493413385074, "epsilon": 35.18730945604196, "gamma": 25.7577034594508}}
{"target": 64.50087830119618, "params": {"C": 1320.0626471933497, "epsilon": 20.261178942864053, "gamma": 105.53393550903624}}
{"target": 58.71841948052723, "params": {"C": 67.90065784130275, "epsilon": 0.6875249310299001, "gamma": 1.8096658229159144}}
{"target": 64.78441265808749, "params": {"C": 1744.1100475613114, "epsilon": 25.631687698328484, "gamma": 64.36623541943692}}
{"target": 47.72353270400015, "params": {"C": 1181.8989205513587, "epsilon": 22.895892824039137, "gamma": 0.2502059238459634}}
{"target": 44.330564955967745, "params": {"C": 1487.8477599606535, "epsilon": 23.40222872770106, "gamma": 0.048530144015037864}}
{"target": 45.273877123817236, "params": {"C": 832.7137872339381, "epsilon": 10.738844268644424, "gamma": 0.11541775189240538}}
{"target": 39.095989918927, "params": {"C": 831.6163530173008, "epsilon": 25.26118180603882, "gamma": 0.005934176981072642}}
{"target": 49.70050351514159, "params": {"C": 914.9741408363676, "epsilon": 24.364203134534392, "gamma": 0.38678326959074777}}
{"target": 47.24039412009033, "params": {"C": 1362.7931935934578, "epsilon": 12.011606548609889, "gamma": 0.10324979413005042}}
{"target": 48.41530737834891, "params": {"C": 1370.0164218321338, "epsilon": 8.369470869030112, "gamma": 0.32095746291508576}}
{"target": 52.26163989131014, "params": {"C": 1164.2639463230907, "epsilon": 28.473164603964275, "gamma": 0.4765702069692567}}
{"target": 52.47531906054032, "params": {"C": 1218.8223193886145, "epsilon": 29.6054203777103, "gamma": 0.478968915654209}}
{"target": 50.23294416825404, "params": {"C": 985.4370239019294, "epsilon": 26.39259959003217, "gamma": 0.39592890155453014}}
{"target": 44.561709553290775, "params": {"C": 757.8033917803042, "epsilon": 13.02056096072934, "gamma": 0.08574168338264357}}
{"target": 47.98320335215923, "params": {"C": 900.5972525780198, "epsilon": 26.22348610136086, "gamma": 0.16308611440284793}}
{"target": 50.5720178445292, "params": {"C": 1436.8060451738047, "epsilon": 28.96091760789711, "gamma": 0.3925027639910433}}
{"target": 49.724862841053074, "params": {"C": 1100.4201350530689, "epsilon": 26.333195397605746, "gamma": 0.37481999888415146}}
{"target": 48.81680074959065, "params": {"C": 1314.4650473748752, "epsilon": 10.764258318190613, "gamma": 0.24468802813917587}}
{"target": 47.78490398599845, "params": {"C": 1382.0995810287664, "epsilon": 22.271161212285605, "gamma": 0.2837485469046316}}
{"target": 40.0597154172501, "params": {"C": 867.9941454655834, "epsilon": 18.338203362235873, "gamma": 0.03102388894143496}}
{"target": 44.020509366043434, "params": {"C": 1408.6408754280083, "epsilon": 28.17013505426098, "gamma": 0.04335838663753999}}
{"target": 48.482164788417904, "params": {"C": 744.4827920631866, "epsilon": 27.51119411974257, "gamma": 0.30073436353277017}}
{"target": 50.77435438608653, "params": {"C": 715.5001339133369, "epsilon": 29.588204600037194, "gamma": 0.3968034209757714}}
{"target": 48.948821610955314, "params": {"C": 1420.366875262113, "epsilon": 8.114469972250957, "gamma": 0.41529642884766366}}
{"target": 48.123499114247025, "params": {"C": 983.7421476089569, "epsilon": 13.955897166217895, "gamma": 0.15550134593176262}}
{"target": 48.92286630975987, "params": {"C": 829.1945627576508, "epsilon": 16.07364056003277, "gamma": 0.3907982339290985}}
{"target": 48.40830674771084, "params": {"C": 844.7112228889546, "epsilon": 23.533680130021708, "gamma": 0.3215869529006292}}
{"target": 51.247074832271586, "params": {"C": 969.4311204848892, "epsilon": 25.806353329944454, "gamma": 0.4448734045456289}}
{"target": 39.575443668333335, "params": {"C": 1190.100931238239, "epsilon": 28.804224892052964, "gamma": 0.016212043671655078}}
{"target": 47.78897124369883, "params": {"C": 812.4550984751561, "epsilon": 23.57773252230291, "gamma": 0.1563234951404406}}
{"target": 47.95905033629212, "params": {"C": 1260.3155930584894, "epsilon": 20.057991251228735, "gamma": 0.22908363358535955}}
{"target": 48.186215251889315, "params": {"C": 886.4603148714906, "epsilon": 17.73124052624065, "gamma": 0.3274461032126751}}
{"target": 49.459994079171864, "params": {"C": 1458.6828379425228, "epsilon": 25.539291103609546, "gamma": 0.36817308488839084}}
{"target": 47.87675626624312, "params": {"C": 928.1749808179004, "epsilon": 17.19756874139998, "gamma": 0.28280978492026904}}
{"target": 43.18479963343623, "params": {"C": 1276.4945590985922, "epsilon": 21.996525592069542, "gamma": 0.04364450892082446}}
{"target": 48.288630279186506, "params": {"C": 1343.3145577179034, "epsilon": 28.90080990539319, "gamma": 0.14332387906166957}}
{"target": 42.39983458732737, "params": {"C": 1113.4259770233527, "epsilon": 29.297342959381872, "gamma": 0.036552174646500145}}
{"target": 39.06581396232919, "params": {"C": 1263.8995214119175, "epsilon": 29.213465989645172, "gamma": 0.0050240416401119235}}
{"target": 39.470582843077615, "params": {"C": 1122.5225585688568, "epsilon": 19.467408567566732, "gamma": 0.006388951111998029}}
{"target": 43.60218354781504, "params": {"C": 1152.1182796662442, "epsilon": 27.416845584183186, "gamma": 0.045142603985688784}}
{"target": 39.10045241505832, "params": {"C": 1045.2364410349073, "epsilon": 26.616933639412785, "gamma": 0.012302936163504606}}
{"target": 39.21247830341427, "params": {"C": 872.3070531085632, "epsilon": 25.47403750315256, "gamma": 0.004447110044825426}}
{"target": 39.76752751353082, "params": {"C": 746.5034657587998, "epsilon": 25.712397829066326, "gamma": 0.022586454666434042}}
{"target": 39.968529800347966, "params": {"C": 876.068631290971, "epsilon": 24.195666175588805, "gamma": 0.0014181688394629844}}
{"target": 39.145405597398984, "params": {"C": 938.1847176798759, "epsilon": 24.747794351081616, "gamma": 0.005978459076819344}}
{"target": 43.76248467594763, "params": {"C": 1054.2923391841568, "epsilon": 19.071575443569017, "gamma": 0.05699678987949178}}
{"target": 40.96495893036943, "params": {"C": 858.36898345836, "epsilon": 24.64489703619926, "gamma": 0.03415427036552231}}
{"target": 39.872476983456515, "params": {"C": 1095.9274265939935, "epsilon": 19.35754468512328, "gamma": 0.025505611561903247}}
{"target": 45.06911347581213, "params": {"C": 903.2413354938019, "epsilon": 28.496216500215176, "gamma": 0.06997868245981857}}
{"target": 42.05063742103148, "params": {"C": 800.2103943075459, "epsilon": 29.53811495189776, "gamma": 0.0003074798384586847}}
{"target": 39.01007920819754, "params": {"C": 859.8671048361964, "epsilon": 28.40097438664463, "gamma": 0.00646380042714046}}
{"target": 40.01683042196221, "params": {"C": 941.1929035143212, "epsilon": 28.964147860364122, "gamma": 0.021814867973810388}}
{"target": 39.04385574363912, "params": {"C": 947.7539965732867, "epsilon": 24.603275335464726, "gamma": 0.016035190846234892}}
{"target": 39.089934327677256, "params": {"C": 1028.7604005598482, "epsilon": 23.907817618427142, "gamma": 0.011957609243757852}}
{"target": 47.30749343040481, "params": {"C": 1114.080461810767, "epsilon": 24.119982582783646, "gamma": 0.11392338478763961}}
{"target": 46.02609812545505, "params": {"C": 1058.9975139486924, "epsilon": 24.06502264676535, "gamma": 0.0823079528361792}}
{"target": 39.21367319628412, "params": {"C": 1039.484414516506, "epsilon": 25.953261259594118, "gamma": 0.004097532445625485}}
{"target": 47.0876673837178, "params": {"C": 1055.023775710435, "epsilon": 24.70077285005288, "gamma": 0.11344560166945974}}
{"target": 39.5545242095931, "params": {"C": 1298.378075428811, "epsilon": 29.237129838532407, "gamma": 0.0021245165983027965}}
{"target": 42.37823794918214, "params": {"C": 1028.3191941471798, "epsilon": 26.277873447264056, "gamma": 0.00019497934495655775}}
{"target": 51.39075695371078, "params": {"C": 1332.516121240264, "epsilon": 19.99709618247451, "gamma": 0.4937287568464743}}
{"target": 40.31422899669974, "params": {"C": 1068.483817867288, "epsilon": 24.23152048779984, "gamma": 0.024538989099124088}}
{"target": 39.71229059783174, "params": {"C": 1003.8129673891351, "epsilon": 24.295710564394653, "gamma": 0.020874628434469227}}
{"target": 48.1393177277857, "params": {"C": 885.4679999530946, "epsilon": 28.51597559313054, "gamma": 0.14560712898223432}}
{"target": 46.50920805683204, "params": {"C": 1461.1973329937223, "epsilon": 17.698098580709768, "gamma": 0.07909692833194348}}
{"target": 45.28425559121017, "params": {"C": 782.3105071520237, "epsilon": 23.364128967784083, "gamma": 0.0880261883516032}}
{"target": 45.71985456656071, "params": {"C": 839.9084441564762, "epsilon": 28.851657507027966, "gamma": 0.10052538112215308}}
{"target": 39.43833858435153, "params": {"C": 945.4799198838995, "epsilon": 22.541968747327324, "gamma": 0.002934825463325876}}
{"target": 41.07238290446609, "params": {"C": 900.5257278722886, "epsilon": 20.61543151787005, "gamma": 0.037110045967250364}}
{"target": 39.8893590325978, "params": {"C": 864.5151888198881, "epsilon": 19.203013646194986, "gamma": 0.029363396704506606}}
{"target": 45.59336610288549, "params": {"C": 921.1955045866403, "epsilon": 22.113543625023258, "gamma": 0.08728264018541085}}
{"target": 43.94229125922973, "params": {"C": 900.0903102710552, "epsilon": 21.126895093158534, "gamma": 0.0615747972662537}}
{"target": 48.51092502624947, "params": {"C": 1023.929496901528, "epsilon": 8.108062618143208, "gamma": 0.2859152092726153}}
{"target": 38.95014158713764, "params": {"C": 1006.7946760696964, "epsilon": 24.883716243762443, "gamma": 0.011971423419477736}}
{"target": 39.11452508017867, "params": {"C": 894.0853042927307, "epsilon": 27.31222984800953, "gamma": 0.009296385907639312}}
{"target": 40.175996580387384, "params": {"C": 926.7029110936738, "epsilon": 29.36688305309292, "gamma": 0.023345477627891163}}
{"target": 49.57751588498329, "params": {"C": 1218.3366371427185, "epsilon": 11.061474458915006, "gamma": 0.4589500621004782}}
{"target": 39.068737244217246, "params": {"C": 1180.2989539918806, "epsilon": 25.213141424329, "gamma": 0.010427646169382547}}
{"target": 39.07047850568021, "params": {"C": 780.3743155253209, "epsilon": 26.20851476036095, "gamma": 0.005941471499202494}}
