{"target": 64.24494508319951, "params": {"C": 686.5944309337593, "epsilon": 14.86884944608194, "gamma": 286.0098997403587}}
{"target": 63.501228659148694, "params": {"C": 685.2861592902015, "epsilon": 0.0760905635479181, "gamma": 305.05874963503715}}
{"target": 60.76938730329814, "params": {"C": 55.50981263350898, "epsilon": 23.179971290810347, "gamma": 324.6034348336279}}
{"target": 59.82782811780736, "params": {"C": 42.640313366380276, "epsilon": 15.798320974785957, "gamma": 341.9935352151059}}
{"target": 63.5141340546111, "params": {"C": 1098.108343111513, "epsilon": 0.3394519671126699, "gamma": 352.02469007385935}}
{"target": 62.07971494149986, "params": {"C": 111.5311720700877, "epsilon": 0.3311027058795437, "gamma": 400.5621210729566}}
{"target": 64.22947327566797, "params": {"C": 668.2531862048298, "epsilon": 14.544539214456538, "gamma": 325.81484067573837}}
{"target": 63.49823416139388, "params": {"C": 999.6547762449214, "epsilon": 0.014240036881712048, "gamma": 440.653042923517}}
{"target": 62.432244454967396, "params": {"C": 75.92014633124262, "epsilon": 25.791921238091092, "gamma": 292.46483301832325}}
{"target": 59.10553016299821, "params": {"C": 4.56919204544597, "epsilon": 8.30333993415287, "gamma": 383.13222258950003}}
{"target": 65.22788467209052, "params": {"C": 493.0373205326762, "epsilon": 33.316686356841544, "gamma": 390.35400103898235}}
{"target": 63.51742342839714, "params": {"C": 1239.7594105812009, "epsilon": 0.4057625393870681, "gamma": 294.71453608894234}}
{"target": 59.80466887082112, "params": {"C": 7.126708312069359, "epsilon": 23.752399531073397, "gamma": 373.635605209101}}
{"target": 59.60599758672767, "params": {"C": 21.757258749075067, "epsilon": 19.08934895745278, "gamma": 390.9178664622866}}
{"target": 67.28704240721163, "params": {"C": 630.394064922421, "epsilon": 59.43819551905799, "gamma": 88.0142221400516}}
{"target": 64.12249589989621, "params": {"C": 774.5924269048562, "epsilon": 12.322928122888865, "gamma": 364.96989386326777}}
{"target": 64.16915544439576, "params": {"C": 844.7772501231624, "epsilon": 13.28642149591028, "gamma": 348.6624172215778}}
{"target": 64.0924970149802, "params": {"C": 787.413020354078, "epsilon": 11.706960110611693, "gamma": 388.3530546754388}}
{"target": 64.15024481374583, "params": {"C": 897.658083021816, "epsilon": 12.897885201501545, "gamma": 383.887133547576}}
{"target": 64.40689321270322, "params": {"C": 832.0113862197055, "epsilon": 18.313127074474146, "gamma": 369.64664414276274}}
{"target": 61.882507062887065, "params": {"C": 78.99451297581157, "epsilon": 18.139061116924513, "gamma": 277.99019406161324}}
{"target": 61.912013818360286, "params": {"C": 79.20863607635454, "epsilon": 18.301094660818276, "gamma": 318.46483741968234}}
{"target": 59.55702065310951, "params": {"C": 20.545435607435124, "epsilon": 13.429573062669949, "gamma": 399.52801459650794}}
{"target": 63.506555698086004, "params": {"C": 976.5575325749953, "epsilon": 0.1854936086811535, "gamma": 446.68175949353883}}
{"target": 63.512343004397266, "params": {"C": 1099.2486145414803, "epsilon": 0.3031246066638347, "gamma": 363.31251057105453}}
{"target": 63.18379208752244, "params": {"C": 145.43901240166568, "epsilon": 0.5152842329101226, "gamma": 498.423099346242}}
{"target": 58.5855239449491, "params": {"C": 9.502409553029157, "epsilon": 2.6140886632622466, "gamma": 282.04589598677865}}
{"target": 59.64072939915077, "params": {"C": 37.54321322986331, "epsilon": 13.242224408430664, "gamma": 391.59146123470043}}
{"target": 63.58737724730204, "params": {"C": 706.8963424471028, "epsilon": 1.8329613372346996, "gamma": 320.6474054344988}}
{"target": 63.52205174018859, "params": {"C": 522.0578754875236, "epsilon": 0.499064797971392, "gamma": 430.0119482162748}}
{"target": 67.7300604847471, "params": {"C": 2427.354363881104, "epsilon": 64.08446271606525, "gamma": 172.30630397382367}}
{"target": 63.583715958222925, "params": {"C": 718.9617632442405, "epsilon": 1.75929013653078, "gamma": 433.2714326498485}}
{"target": 63.599967278310714, "params": {"C": 944.1061085034773, "epsilon": 2.086434810245792, "gamma": 423.5157273878725}}
{"target": 58.5945848864754, "params": {"C": 13.069237007650623, "epsilon": 1.108135191443825, "gamma": 430.50608486671894}}
{"target": 60.78966832712153, "params": {"C": 63.91758946649252, "epsilon": 16.883079960708123, "gamma": 362.0704397493294}}
{"target": 63.53233708936263, "params": {"C": 1018.6744117077471, "epsilon": 0.7072021711295229, "gamma": 393.8618277536131}}
{"target": 59.359846652768645, "params": {"C": 13.324931711504199, "epsilon": 10.154152371201103, "gamma": 349.30645884283786}}
{"target": 61.900308883865094, "params": {"C": 81.13218071829391, "epsilon": 16.813837373898345, "gamma": 437.0177637281332}}
{"target": 64.27901399532664, "params": {"C": 632.9573610675075, "epsilon": 15.588581092156124, "gamma": 404.1434259524692}}
{"target": 64.50528593824195, "params": {"C": 1476.5310894166869, "epsilon": 20.352453981800355, "gamma": 251.1724602700985}}
{"target": 63.537510935948646, "params": {"C": 808.8849893866395, "epsilon": 0.8131972312832373, "gamma": 418.78539060854706}}
{"target": 63.516971989104356, "params": {"C": 994.6690239204743, "epsilon": 0.39666196286890765, "gamma": 405.9312566482045}}
{"target": 64.99202112475898, "params": {"C": 1509.7263345540703, "epsilon": 29.28253856718804, "gamma": 332.9063314690613}}
{"target": 63.501179672515626, "params": {"C": 193.01761537640473, "epsilon": 0.10013941824366279, "gamma": 351.5445120674861}}
{"target": 59.3142768070893, "params": {"C": 9.76022950234115, "epsilon": 12.160094864893548, "gamma": 268.3279564068582}}
{"target": 63.517297215514645, "params": {"C": 214.422293019403, "epsilon": 0.40321821058688434, "gamma": 372.08351194217994}}
{"target": 63.54021212815945, "params": {"C": 326.1499122416932, "epsilon": 0.8686739436373409, "gamma": 345.9151652084519}}
{"target": 58.807856208756995, "params": {"C": 20.158824363274505, "epsilon": 1.2508762225156143, "gamma": 364.19147001716476}}
{"target": 59.09414093409858, "params": {"C": 30.71911108154834, "epsilon": 0.6589311202278829, "gamma": 376.3583248994787}}
{"target": 63.54676862262802, "params": {"C": 701.9759489505144, "epsilon": 1.0033303210078879, "gamma": 375.57184897493687}}
{"target": 67.1577688924509, "params": {"C": 961.212472326064, "epsilon": 58.05687587723436, "gamma": 412.5515035639779}}
{"target": 59.7336697273581, "params": {"C": 29.15375930561749, "epsilon": 24.181867039413206, "gamma": 368.9775335391324}}
{"target": 64.69343229208692, "params": {"C": 861.3498079858111, "epsilon": 23.959970538031527, "gamma": 494.4390797462274}}
{"target": 64.10525339747251, "params": {"C": 1662.3737663443612, "epsilon": 11.966557281780792, "gamma": 354.71019445928573}}
{"target": 67.14647604129323, "params": {"C": 2680.153560847306, "epsilon": 58.03510842095391, "gamma": 4.8825942462624425}}
{"target": 59.857074561832164, "params": {"C": 70.91722135924931, "epsilon": 0.24739167223200353, "gamma": 380.6541471806185}}
{"target": 63.519871978736184, "params": {"C": 758.2938904145054, "epsilon": 0.4551229297813163, "gamma": 467.2623577494087}}
{"target": 59.55133569789477, "params": {"C": 24.657891077598215, "epsilon": 14.63101807697003, "gamma": 394.5653571501426}}
{"target": 64.39178951407791, "params": {"C": 623.9296378735254, "epsilon": 18.005938739230643, "gamma": 379.48390483549247}}
{"target": 63.539206896256815, "params": {"C": 728.2503561482902, "epsilon": 0.8480286297349968, "gamma": 269.60390633663576}}
{"target": 64.57837877556338, "params": {"C": 1433.6465133122858, "epsilon": 21.76981036375489, "gamma": 416.8171749152564}}
{"target": 59.62475525907833, "params": {"C": 11.730142093646819, "epsilon": 14.868230782031723, "gamma": 382.5641637024454}}
{"target": 59.56091221682741, "params": {"C": 19.53373608521042, "epsilon": 12.130678698440441, "gamma": 399.5346163827335}}
{"target": 58.9179943982259, "params": {"C": 23.220858255614743, "epsilon": 1.0460169054932966, "gamma": 269.2589846622575}}
{"target": 63.50826807967278, "params": {"C": 498.5759647120251, "epsilon": 0.22028162910884694, "gamma": 308.1091838537064}}
{"target": 59.73508283801832, "params": {"C": 12.448806743218308, "epsilon": 17.513882513731467, "gamma": 364.6071746626133}}
{"target": 64.30068521653749, "params": {"C": 756.1429954212682, "epsilon": 16.050803810428576, "gamma": 261.1995797209583}}
{"target": 58.85542155807093, "params": {"C": 21.538087316505802, "epsilon": 1.1571131867930498, "gamma": 479.11573713380096}}
{"target": 65.18748011683438, "params": {"C": 790.2564443105981, "epsilon": 32.61670447088261, "gamma": 437.5763398864292}}
{"target": 63.50772777638507, "params": {"C": 456.1932777389667, "epsilon": 0.2093050559244421, "gamma": 391.9420781175001}}
{"target": 59.10094744251685, "params": {"C": 14.554489297766153, "epsilon": 6.572343460320985, "gamma": 438.1629280853338}}
{"target": 64.3386280365469, "params": {"C": 623.8165943016793, "epsilon": 16.870554709619224, "gamma": 290.5981371738578}}
{"target": 59.8542062660214, "params": {"C": 5.076218718048807, "epsilon": 22.58847367237032, "gamma": 278.8976502668801}}
{"target": 65.04905579509554, "params": {"C": 5959.097048779262, "epsilon": 30.255880064170068, "gamma": 377.37394030714216}}
{"target": 58.253756711655136, "params": {"C": 1.3738788998224838, "epsilon": 1.754728044850059, "gamma": 391.66621322701195}}
{"target": 65.23550780197725, "params": {"C": 674.4844873567198, "epsilon": 33.448898892369826, "gamma": 300.6756135383298}}
{"target": 64.27818279229795, "params": {"C": 859.6227982452314, "epsilon": 15.570693549858442, "gamma": 396.0294069906815}}
{"target": 61.66009166616716, "params": {"C": 76.9676335565224, "epsilon": 17.167856781956694, "gamma": 446.26536391058}}
{"target": 63.50705484048253, "params": {"C": 623.8227463034357, "epsilon": 0.1956339746037825, "gamma": 365.6209515801244}}
{"target": 63.57854960183444, "params": {"C": 617.3498070961216, "epsilon": 1.6543474367907933, "gamma": 495.7726406999955}}
{"target": 61.003315661439544, "params": {"C": 75.31991074870774, "epsilon": 11.282344834042737, "gamma": 456.0331549334612}}
{"target": 64.26033703054793, "params": {"C": 589.7763406367991, "epsilon": 15.188424058330241, "gamma": 381.16801920134355}}
{"target": 59.801450753239024, "params": {"C": 48.789174779899255, "epsilon": 11.380769252974332, "gamma": 432.7736265729386}}
{"target": 64.29842900772624, "params": {"C": 1042.2379812209808, "epsilon": 16.003010216607326, "gamma": 450.9108670645467}}
{"target": 63.531164919307955, "params": {"C": 726.1451643497614, "epsilon": 0.6833550243461239, "gamma": 445.47849955971253}}
{"target": 59.53634152621144, "params": {"C": 17.555785592317633, "epsilon": 11.308127908567785, "gamma": 392.9242574250612}}
{"target": 63.512517235104795, "params": {"C": 498.6497305276544, "epsilon": 0.3066799583628676, "gamma": 380.23606741839}}
{"target": 60.66694745209204, "params": {"C": 87.16814504672112, "epsilon": 0.41422996264267165, "gamma": 439.71821577236625}}
{"target": 63.52466116532048, "params": {"C": 823.2942571125365, "epsilon": 0.5516682675238594, "gamma": 379.99852797731273}}
{"target": 62.543926131989465, "params": {"C": 120.79592723729643, "epsilon": 0.6939391408498627, "gamma": 443.9478566638995}}
{"target": 64.250820091446, "params": {"C": 636.3384987714458, "epsilon": 14.99107358071953, "gamma": 414.21562945871017}}
{"target": 59.72113508243924, "params": {"C": 0.9458933528176419, "epsilon": 27.72724538873244, "gamma": 392.96327190453746}}
{"target": 65.9454529981139, "params": {"C": 4826.458726594241, "epsilon": 43.99918525094924, "gamma": 75.307723494806}}
{"target": 63.62049463556514, "params": {"C": 768.4581437173134, "epsilon": 2.4989082396101203, "gamma": 429.7151033520802}}
{"target": 63.50497338915147, "params": {"C": 1033.2320282806115, "epsilon": 0.15334808927425952, "gamma": 414.0017078003917}}
{"target": 63.25124502929284, "params": {"C": 150.3100720135736, "epsilon": 0.2664047167470822, "gamma": 316.85524597235116}}
{"target": 63.5345200597993, "params": {"C": 672.2088783682542, "epsilon": 0.7517710302312279, "gamma": 437.35098317171355}}
{"target": 64.20472208495121, "params": {"C": 745.4659259429627, "epsilon": 14.027783688647228, "gamma": 400.76634037842615}}
{"target": 64.41231437904796, "params": {"C": 757.1779383451457, "epsilon": 18.42600012466573, "gamma": 482.6074340763071}}
{"target": 64.44899224973032, "params": {"C": 837.576668274533, "epsilon": 19.189179690141387, "gamma": 499.45034611546265}}
{"target": 59.680488261967334, "params": {"C": 24.74020947567604, "epsilon": 24.542182494476975, "gamma": 413.15498323176234}}
{"target": 64.10016556889798, "params": {"C": 654.6630601755759, "epsilon": 11.862366658755084, "gamma": 443.75871287652353}}
{"target": 58.49753065474067, "params": {"C": 10.61929377532994, "epsilon": 0.9475560882696441, "gamma": 357.93648135214215}}
{"target": 62.94187905641255, "params": {"C": 132.95434771095964, "epsilon": 0.9836540028849786, "gamma": 427.77626742186277}}
{"target": 64.8471247034406, "params": {"C": 707.4995711794928, "epsilon": 26.750014455924934, "gamma": 369.1176021973931}}
{"target": 59.669967684464154, "params": {"C": 9.203895117955339, "epsilon": 16.52585469131296, "gamma": 365.3128543446879}}
{"target": 59.33948043171932, "params": {"C": 39.09777616633497, "epsilon": 4.802156923862963, "gamma": 496.8121412208468}}
{"target": 63.59575489066757, "params": {"C": 118.33836970529673, "epsilon": 14.97933912184627, "gamma": 444.5322173958022}}
{"target": 59.38005899912598, "params": {"C": 12.033939558458336, "epsilon": 11.212455828031413, "gamma": 431.06408456060205}}
{"target": 59.61855263049877, "params": {"C": 38.47515939634444, "epsilon": 11.999775243087878, "gamma": 484.7386589875889}}
{"target": 63.51526435525575, "params": {"C": 667.4765317388797, "epsilon": 0.36223772740414173, "gamma": 429.3763264463426}}
{"target": 64.28867105755734, "params": {"C": 1384.6588135034583, "epsilon": 15.7963061630688, "gamma": 431.3016918400311}}
{"target": 60.47816913179425, "params": {"C": 57.84012227619403, "epsilon": 17.222928667118126, "gamma": 417.2197403512233}}
{"target": 59.11482245851511, "params": {"C": 36.50915669790629, "epsilon": 0.5934564071715592, "gamma": 331.4483688049619}}
{"target": 59.62074384820162, "params": {"C": 18.36356460948519, "epsilon": 16.136697518630946, "gamma": 458.17700672298344}}
{"target": 59.576650770590696, "params": {"C": 19.670265066216828, "epsilon": 13.930334047360974, "gamma": 492.0127162705467}}
{"target": 58.604069143797844, "params": {"C": 13.27599121519679, "epsilon": 1.2371990817459793, "gamma": 394.8365126060069}}
{"target": 58.71776107143917, "params": {"C": 16.276783370657284, "epsilon": 2.1239135297054124, "gamma": 454.2551731645025}}
{"target": 58.22218273702066, "params": {"C": 2.3647616618777954, "epsilon": 0.11989843954247892, "gamma": 428.1090384571967}}
{"target": 58.628687337373506, "params": {"C": 16.067122142372355, "epsilon": 0.6284636975089181, "gamma": 475.33006468561086}}
{"target": 59.21372644880712, "params": {"C": 42.826166974595644, "epsilon": 1.269518576947843, "gamma": 345.5639285438241}}
{"target": 64.25446852619532, "params": {"C": 1497.7769480050722, "epsilon": 15.06659333308535, "gamma": 349.55471496124244}}
{"target": 64.12018929252824, "params": {"C": 631.7067981414164, "epsilon": 12.275235300952033, "gamma": 404.22959400793957}}
{"target": 63.564071226898115, "params": {"C": 726.5219082404162, "epsilon": 1.358858894915917, "gamma": 494.9218314332277}}
{"target": 63.503176558523805, "params": {"C": 979.5146380084631, "epsilon": 0.11632388883809383, "gamma": 472.717310459631}}
{"target": 63.58638295150276, "params": {"C": 798.0219133769499, "epsilon": 1.8129544588351685, "gamma": 437.7491857459931}}
{"target": 74.2667901138907, "params": {"C": 882.1135377615319, "epsilon": 116.82170148451048, "gamma": 158.82879731523798}}
{"target": 64.24580916105135, "params": {"C": 1045.5322939296072, "epsilon": 14.886829158320811, "gamma": 498.3650178795499}}
{"target": 64.12413171821251, "params": {"C": 656.6264936083949, "epsilon": 12.356751300926677, "gamma": 413.8048031253105}}
{"target": 64.17938550276497, "params": {"C": 901.8792796415161, "epsilon": 13.498609586655128, "gamma": 465.9316009126123}}
{"target": 63.50818681145304, "params": {"C": 1725.4162519666718, "epsilon": 0.21863061831039077, "gamma": 369.99637163210326}}
{"target": 66.8829289456868, "params": {"C": 1857.7476766871273, "epsilon": 55.07183820923174, "gamma": 310.40967395491015}}
{"target": 63.50562700475011, "params": {"C": 647.7682300511107, "epsilon": 0.16662666746566807, "gamma": 401.0206018251747}}
{"target": 63.56769149395325, "params": {"C": 5471.690891415297, "epsilon": 1.4326541146882192, "gamma": 398.7070021886877}}
{"target": 64.24485987033499, "params": {"C": 645.1581155980401, "epsilon": 14.867076338740976, "gamma": 452.1122067523828}}
{"target": 59.78910792829121, "params": {"C": 11.028607128865694, "epsilon": 20.251074098259622, "gamma": 382.6405617524506}}
{"target": 59.11555373648732, "params": {"C": 4.592692195701446, "epsilon": 10.4438423589521, "gamma": 412.48748599616385}}
{"target": 62.179736369538674, "params": {"C": 111.92056273483743, "epsilon": 1.151914238175654, "gamma": 428.8066937261018}}
{"target": 60.136408644476965, "params": {"C": 49.24171466644973, "epsilon": 17.683917583201286, "gamma": 251.63377002459376}}
{"target": 64.29742972469631, "params": {"C": 648.2884418302132, "epsilon": 15.981842261315446, "gamma": 456.19008251833753}}
{"target": 63.6103709538484, "params": {"C": 748.0996604686574, "epsilon": 2.2956937141184315, "gamma": 446.1534758329823}}
{"target": 59.76127389749247, "params": {"C": 11.99356575925849, "epsilon": 18.703270446867577, "gamma": 432.63319861630106}}
{"target": 63.53701613202503, "params": {"C": 687.7791949736688, "epsilon": 0.8030350166738023, "gamma": 407.33729957633443}}
{"target": 59.589680363478365, "params": {"C": 39.724255724780136, "epsilon": 10.434931027013006, "gamma": 451.16454063404547}}
{"target": 59.39371923019286, "params": {"C": 21.540428731945646, "epsilon": 7.207906124008441, "gamma": 440.90913869160187}}
{"target": 63.50762829601315, "params": {"C": 315.3443935097426, "epsilon": 0.2072840547420156, "gamma": 416.5630974868532}}
{"target": 66.75283203158135, "params": {"C": 2998.1196218111095, "epsilon": 53.60640728824875, "gamma": 487.8471130367721}}
{"target": 64.2502830474485, "params": {"C": 723.8571881581121, "epsilon": 14.979921684454757, "gamma": 399.3944716762767}}
{"target": 63.57454585895847, "params": {"C": 763.0709024279554, "epsilon": 1.572843238024656, "gamma": 491.41748389811755}}
{"target": 63.52320391677787, "params": {"C": 1155.3702939481225, "epsilon": 0.5222915560035399, "gamma": 373.07964735933376}}
{"target": 69.23768299291453, "params": {"C": 3571.3850683271316, "epsilon": 80.642670241264, "gamma": 284.80555569518174}}
{"target": 59.57980807547407, "params": {"C": 18.271236550910793, "epsilon": 23.2023300165666, "gamma": 448.44302439927}}
{"target": 65.07428304216184, "params": {"C": 827.0680816768328, "epsilon": 30.68770082722223, "gamma": 412.74826278357017}}
{"target": 64.15306428934859, "params": {"C": 1468.7257750334418, "epsilon": 12.955137130910284, "gamma": 387.568829812981}}
{"target": 58.89787113843531, "params": {"C": 9.610896918962087, "epsilon": 5.755563359946645, "gamma": 454.82008522221}}
{"target": 59.05581047571229, "params": {"C": 27.69343382673457, "epsilon": 0.8645937930266647, "gamma": 266.452369661904}}
{"target": 59.503469166281775, "params": {"C": 25.71183934404059, "epsilon": 12.499831458137429, "gamma": 390.6939308346086}}
{"target": 59.14442596172256, "params": {"C": 4.0769476514498475, "epsilon": 10.145472017931844, "gamma": 429.00483130747506}}
{"target": 62.12012148929339, "params": {"C": 112.45920070551284, "epsilon": 0.2389114820013594, "gamma": 236.23671561481518}}
{"target": 64.25007150998806, "params": {"C": 721.7831394806719, "epsilon": 14.9755200178015, "gamma": 344.88496881310044}}
{"target": 64.08512366138322, "params": {"C": 782.7619891187779, "epsilon": 11.559438215437886, "gamma": 347.76599563293985}}
{"target": 58.22895703117301, "params": {"C": 3.0925158876272603, "epsilon": 0.5207321823557152, "gamma": 291.0844247501814}}
{"target": 58.45131216667435, "params": {"C": 0.38457701731128413, "epsilon": 5.942218642327965, "gamma": 496.76863820813526}}
{"target": 62.91476935515766, "params": {"C": 131.72326919171877, "epsilon": 1.0524714422686348, "gamma": 422.2858494516039}}
{"target": 59.33334668441855, "params": {"C": 50.6113641136485, "epsilon": 1.0346845152682338, "gamma": 407.57740452181025}}
{"target": 63.50685724265877, "params": {"C": 1081.8508936399064, "epsilon": 0.19161966074745163, "gamma": 232.78412016617256}}
{"target": 63.88336065885282, "params": {"C": 862.8479257991445, "epsilon": 7.575456698485718, "gamma": 253.27011774388808}}
{"target": 64.3780757411412, "params": {"C": 809.2695748374936, "epsilon": 17.72521024975987, "gamma": 253.99954179877108}}
{"target": 63.864903844521436, "params": {"C": 1453.3101371037424, "epsilon": 7.219118351898064, "gamma": 291.87808619984344}}
{"target": 64.24854995908692, "params": {"C": 859.6539862725166, "epsilon": 14.94385962134633, "gamma": 267.36883919783133}}
{"target": 63.80038862573864, "params": {"C": 243.54244801960684, "epsilon": 5.968453363710149, "gamma": 286.98961884227367}}
{"target": 60.06810812364758, "params": {"C": 58.80576480007689, "epsilon": 9.996603683053555, "gamma": 284.37237863767945}}
{"target": 63.65341415988621, "params": {"C": 1616.8524655930257, "epsilon": 3.1576587794136524, "gamma": 277.4535132797428}}
{"target": 63.83129074097708, "params": {"C": 789.535105252629, "epsilon": 6.561526771919655, "gamma": 260.9205405903747}}
{"target": 59.362084901210764, "params": {"C": 1.2281085312266802, "epsilon": 18.63685992355869, "gamma": 317.2655553016402}}
