{"target": 63.795955594042276, "params": {"C": 106.60482383191946, "epsilon": 22.635764329862404, "gamma": 122.10249320443508}}
{"target": 64.22846578160392, "params": {"C": 669.9359749416076, "epsilon": 14.523557096190498, "gamma": 134.85953257625138}}
{"target": 58.84521220969884, "params": {"C": 4.2272439650818825, "epsilon": 6.609746734147828, "gamma": 135.68547757922414}}
{"target": 62.800740095207594, "params": {"C": 97.90445269877033, "epsilon": 15.29480970784477, "gamma": 86.18680690659154}}
{"target": 63.56862167352407, "params": {"C": 245.43767378660948, "epsilon": 1.4516806809700191, "gamma": 159.86901430208957}}
{"target": 59.66151694906309, "params": {"C": 16.401457020067376, "epsilon": 18.31605211081424, "gamma": 191.0535444608137}}
{"target": 59.94214024558155, "params": {"C": 72.04635508669665, "epsilon": 0.9024522944786177, "gamma": 118.95066826866221}}
{"target": 62.915929131897315, "params": {"C": 122.49655637597823, "epsilon": 4.509491155380903, "gamma": 196.6047422141151}}
{"target": 64.37950227238933, "params": {"C": 267.26351053509353, "epsilon": 17.75455744614906, "gamma": 151.06790255064544}}
{"target": 63.61790145554136, "params": {"C": 722.6125777798524, "epsilon": 2.4472419568642323, "gamma": 152.5869153522882}}
{"target": 67.52688866578876, "params": {"C": 200.87050187362044, "epsilon": 61.93301963710327, "gamma": 249.3431562769867}}
{"target": 64.44571839013358, "params": {"C": 1088.7501549326207, "epsilon": 19.121830981102946, "gamma": 211.87061114570935}}
{"target": 59.4989660461995, "params": {"C": 33.777142540985935, "epsilon": 10.182593649584824, "gamma": 171.4707703969128}}
{"target": 64.50517384235017, "params": {"C": 1014.9403145293843, "epsilon": 20.350132657073345, "gamma": 244.1330847401393}}
{"target": 63.534424330502176, "params": {"C": 740.5486528869835, "epsilon": 0.7498049551527415, "gamma": 244.3260978665444}}
{"target": 59.21625929397942, "params": {"C": 40.98110456874586, "epsilon": 1.7965333789670577, "gamma": 215.8079244827187}}
{"target": 63.56939225853314, "params": {"C": 304.99597424924934, "epsilon": 1.467458887738953, "gamma": 183.60060900716587}}
{"target": 59.48862573022329, "params": {"C": 13.282260256292357, "epsilon": 12.110005775049583, "gamma": 188.86392010403085}}
{"target": 63.21216438572954, "params": {"C": 135.2772458713132, "epsilon": 3.9247239696150924, "gamma": 276.9841039481716}}
{"target": 63.373434485121926, "params": {"C": 162.28265099744218, "epsilon": 0.057783213791027466, "gamma": 204.88656981651548}}
{"target": 58.88456292893885, "params": {"C": 12.893612767111788, "epsilon": 5.117033706238352, "gamma": 268.3589390342002}}
{"target": 59.6024238466149, "params": {"C": 20.768503757497516, "epsilon": 20.54886858378884, "gamma": 202.07899974037207}}
{"target": 58.794878778915816, "params": {"C": 17.152832463617564, "epsilon": 2.699355790328347, "gamma": 153.56671905505638}}
{"target": 63.52102521110093, "params": {"C": 726.5695153731183, "epsilon": 0.4783709712167122, "gamma": 185.79426465664147}}
{"target": 59.14678209034078, "params": {"C": 33.50692093817818, "epsilon": 1.959164764317532, "gamma": 336.92174050427457}}
{"target": 63.50826491084149, "params": {"C": 509.6514760152729, "epsilon": 0.22021725247272794, "gamma": 260.4419724515349}}
{"target": 63.55327181370127, "params": {"C": 296.7242269968203, "epsilon": 1.1363479976356967, "gamma": 222.9469559812912}}
{"target": 63.55374228443186, "params": {"C": 564.5460035769925, "epsilon": 1.1459565073427527, "gamma": 155.18253761576142}}
{"target": 59.10071629555661, "params": {"C": 34.196616493099526, "epsilon": 0.5209326375331313, "gamma": 322.89666501411386}}
{"target": 60.21877271587747, "params": {"C": 66.23917467647895, "epsilon": 7.887484249476284, "gamma": 347.96742161765235}}
{"target": 63.51474461577233, "params": {"C": 940.1151548399306, "epsilon": 0.351760285549366, "gamma": 295.51697421863884}}
{"target": 63.585208925767574, "params": {"C": 595.393137842825, "epsilon": 1.789331116427158, "gamma": 359.1193813549769}}
{"target": 64.14782099387484, "params": {"C": 1106.6210335222927, "epsilon": 12.847922587117631, "gamma": 342.78859630301105}}
{"target": 64.36228774235232, "params": {"C": 293.73180495967136, "epsilon": 17.379656501159403, "gamma": 383.3601271943223}}
{"target": 64.14522617050008, "params": {"C": 145.67287393031546, "epsilon": 15.673346298849374, "gamma": 339.4328090858341}}
{"target": 64.38593999533875, "params": {"C": 1060.1410332254518, "epsilon": 17.886996970301247, "gamma": 337.2992328834443}}
{"target": 59.66881567610407, "params": {"C": 32.73135335283109, "epsilon": 16.42151700995184, "gamma": 135.06962809895225}}
{"target": 58.96659150476656, "params": {"C": 18.66416931325553, "epsilon": 3.7489309401706428, "gamma": 378.20889205722426}}
{"target": 59.44430152998768, "params": {"C": 28.14693852227356, "epsilon": 9.491078398168007, "gamma": 146.53458401446318}}
{"target": 62.38235579925155, "params": {"C": 95.9751980696658, "epsilon": 12.103242096327165, "gamma": 300.27912422751467}}
{"target": 64.31676767926568, "params": {"C": 878.397175326268, "epsilon": 16.396412439711117, "gamma": 286.0506192197531}}
{"target": 63.93768821378315, "params": {"C": 337.16556290495015, "epsilon": 8.627447115089039, "gamma": 381.711059680238}}
{"target": 63.681669499542195, "params": {"C": 320.4733851442055, "epsilon": 3.7120217866093097, "gamma": 387.91747709203986}}
{"target": 63.629799635839824, "params": {"C": 243.13957028758438, "epsilon": 2.6851734733212593, "gamma": 455.93958742710595}}
{"target": 59.54593774931882, "params": {"C": 48.790947803400066, "epsilon": 6.00704679722014, "gamma": 298.9622523240114}}
{"target": 64.53416499434842, "params": {"C": 122.00116372121593, "epsilon": 26.833283539226983, "gamma": 135.81907243367831}}
{"target": 63.764141199571576, "params": {"C": 4188.626118543845, "epsilon": 5.275084353430941, "gamma": 393.2907386573438}}
{"target": 64.18740246326055, "params": {"C": 265.4978141540548, "epsilon": 13.665391683696122, "gamma": 340.6352774708532}}
{"target": 59.46095269565615, "params": {"C": 46.15029707686542, "epsilon": 5.092514193948425, "gamma": 391.7568660372108}}
{"target": 64.00590152333099, "params": {"C": 166.10306589609587, "epsilon": 10.750010669453774, "gamma": 375.3317465660799}}
{"target": 62.472396961080236, "params": {"C": 110.38209210563862, "epsilon": 4.9965183801232484, "gamma": 351.29080812499694}}
{"target": 64.57961729759714, "params": {"C": 792.9226589885715, "epsilon": 21.793830863546006, "gamma": 378.17159964594464}}
{"target": 59.789032264675505, "params": {"C": 2.5291915092389736, "epsilon": 20.330665147575207, "gamma": 330.49208677149863}}
{"target": 58.98837376392508, "params": {"C": 26.993244355265308, "epsilon": 0.14126957076434477, "gamma": 274.3522212462159}}
{"target": 59.18734715805361, "params": {"C": 30.37265869058203, "epsilon": 2.954937197036651, "gamma": 333.8984057620941}}
{"target": 63.33748941260499, "params": {"C": 142.6678759969956, "epsilon": 3.5564356460692137, "gamma": 142.21653025850307}}
{"target": 62.727418880690195, "params": {"C": 127.32869832036495, "epsilon": 0.1792070123472964, "gamma": 318.9492975323838}}
{"target": 64.38917483193089, "params": {"C": 141.69537065684085, "epsilon": 20.70609654732759, "gamma": 285.315931751339}}
{"target": 64.48309145975921, "params": {"C": 396.5415021887184, "epsilon": 19.894767694021745, "gamma": 262.7394641384165}}
{"target": 63.54493890484024, "params": {"C": 1453.7272708918772, "epsilon": 0.9657518299258618, "gamma": 132.95989145853764}}
{"target": 59.66256231084917, "params": {"C": 37.33421002806588, "epsilon": 14.118702010865967, "gamma": 151.9469254314879}}
{"target": 60.18580107209341, "params": {"C": 44.22938938744777, "epsilon": 22.699629996367552, "gamma": 266.4872559730278}}
{"target": 64.77761903839703, "params": {"C": 990.911295928302, "epsilon": 25.510901495539315, "gamma": 217.44833033019535}}
{"target": 59.48635941029058, "params": {"C": 41.22896164830006, "epsilon": 7.037533264005066, "gamma": 257.8843059722285}}
{"target": 64.17539878822774, "params": {"C": 1003.7081625177736, "epsilon": 13.415918626792106, "gamma": 128.55942380520762}}
{"target": 63.61316571047812, "params": {"C": 1902.159133388375, "epsilon": 2.3519391137286974, "gamma": 410.7481634593099}}
{"target": 67.57722524350704, "params": {"C": 5414.378309731848, "epsilon": 62.46698444493051, "gamma": 138.52672109897185}}
{"target": 58.30364253500553, "params": {"C": 0.21232830908767442, "epsilon": 5.049200634545704, "gamma": 142.93750243800324}}
{"target": 61.68461336912442, "params": {"C": 75.64719477282978, "epsilon": 18.386614457769774, "gamma": 266.351031046924}}
{"target": 63.913294410994766, "params": {"C": 3301.243869166946, "epsilon": 8.15127269959973, "gamma": 275.7202154194355}}
{"target": 63.173387723380884, "params": {"C": 101.46498408453094, "epsilon": 17.34607140476104, "gamma": 129.69083780632704}}
{"target": 64.3064224366204, "params": {"C": 839.3355832004985, "epsilon": 16.17287938144509, "gamma": 121.33902556370049}}
{"target": 64.25131173131524, "params": {"C": 831.7057684529768, "epsilon": 15.001179503404876, "gamma": 225.14693642923322}}
{"target": 64.6860128995412, "params": {"C": 269.81568869406686, "epsilon": 23.815822872556105, "gamma": 92.98395241974848}}
{"target": 60.53069925536082, "params": {"C": 72.37931012849451, "epsilon": 8.027331949069149, "gamma": 91.86556189621153}}
{"target": 61.47783313231347, "params": {"C": 96.07773213049805, "epsilon": 3.210444514606815, "gamma": 139.24281433044797}}
{"target": 63.72604667232482, "params": {"C": 878.3838449329184, "epsilon": 4.554797131540035, "gamma": 114.6123869010602}}
{"target": 59.16315676427409, "params": {"C": 36.399813700602934, "epsilon": 1.9614001555490246, "gamma": 101.07036179728807}}
{"target": 63.76367568511794, "params": {"C": 993.9030051956814, "epsilon": 5.2662179628490655, "gamma": 158.23408262668622}}
{"target": 63.52413380826099, "params": {"C": 858.1772087602297, "epsilon": 0.5410372625215505, "gamma": 103.51813935530959}}
{"target": 60.14896595326426, "params": {"C": 71.46507726741142, "epsilon": 3.946086466335654, "gamma": 124.91072305393976}}
{"target": 73.17644847357397, "params": {"C": 1335.602890239625, "epsilon": 111.24212467196887, "gamma": 91.78354641992962}}
{"target": 69.85722763438793, "params": {"C": 5577.917759351758, "epsilon": 87.40237071145108, "gamma": 5.897638051131992}}
{"target": 63.56163942570648, "params": {"C": 997.9084416553306, "epsilon": 1.3089791527293977, "gamma": 253.6347861786208}}
{"target": 63.55255184602589, "params": {"C": 1108.2078461489184, "epsilon": 1.1216439662255206, "gamma": 160.19708513414847}}
{"target": 60.77216673645552, "params": {"C": 89.56124523835004, "epsilon": 0.01733010650346402, "gamma": 256.9484562035079}}
{"target": 59.511437315897794, "params": {"C": 56.22379902335898, "epsilon": 2.2700490548941357, "gamma": 170.06473338084544}}
{"target": 63.528352933371025, "params": {"C": 201.01407252905318, "epsilon": 0.6261467369202922, "gamma": 210.545950597799}}
{"target": 63.31365025108164, "params": {"C": 146.68000825716652, "epsilon": 2.1568397993272628, "gamma": 191.99270595361145}}
{"target": 62.70535668504797, "params": {"C": 90.9760458186664, "epsilon": 18.584111686764626, "gamma": 171.09384531124005}}
{"target": 63.50219043213606, "params": {"C": 711.217243371742, "epsilon": 0.09595571980540507, "gamma": 282.72982283873796}}
{"target": 64.55457245197579, "params": {"C": 875.1890781067266, "epsilon": 21.316630631688177, "gamma": 167.66144924140798}}
{"target": 65.58051783105046, "params": {"C": 5209.174252775333, "epsilon": 39.165505848050444, "gamma": 228.35707819026211}}
{"target": 64.5709505272237, "params": {"C": 5615.422552908179, "epsilon": 21.627250411102047, "gamma": 410.54365836484175}}
{"target": 58.26902496747232, "params": {"C": 1.4057461822933774, "epsilon": 2.689794681782402, "gamma": 235.13963359949759}}
{"target": 64.31411952665061, "params": {"C": 111.2033447595713, "epsilon": 27.33106843746988, "gamma": 145.20527327837456}}
{"target": 59.29100603148264, "params": {"C": 1.8323481542635696, "epsilon": 17.328700115834945, "gamma": 73.65483720909741}}
{"target": 59.44313536545885, "params": {"C": 55.832584837587845, "epsilon": 1.1680106467377316, "gamma": 220.15404769970894}}
{"target": 63.617075326941155, "params": {"C": 219.11940107835127, "epsilon": 2.430737492020262, "gamma": 254.2633119731331}}
{"target": 63.50242187955232, "params": {"C": 549.6218855919886, "epsilon": 0.10073620246314618, "gamma": 231.9154710435596}}
{"target": 61.424460636866044, "params": {"C": 75.48734948775295, "epsilon": 15.635463041754242, "gamma": 262.94789618847926}}
{"target": 63.49821616780773, "params": {"C": 299.165745285532, "epsilon": 0.013868384314441151, "gamma": 283.8021331670384}}
{"target": 68.09745740139208, "params": {"C": 2761.2059297180444, "epsilon": 68.05472196639865, "gamma": 110.08789466436008}}
{"target": 64.35588585851585, "params": {"C": 178.02252589472846, "epsilon": 17.239581238588435, "gamma": 208.41695251941601}}
{"target": 64.11833818344658, "params": {"C": 902.770739266393, "epsilon": 12.236785963421031, "gamma": 257.1703253926223}}
{"target": 59.79611483572213, "params": {"C": 1.216879752086946, "epsilon": 21.55730220395136, "gamma": 161.27287846883576}}
{"target": 64.1387571834446, "params": {"C": 1098.4482208980992, "epsilon": 12.660824688797288, "gamma": 322.6067382403119}}
{"target": 60.837827119959215, "params": {"C": 88.0608779343713, "epsilon": 1.5617346386138522, "gamma": 305.46795474931616}}
{"target": 59.65791277497393, "params": {"C": 33.9162830242442, "epsilon": 15.370890268917485, "gamma": 208.08912975914927}}
{"target": 59.25806580051786, "params": {"C": 29.210036383621823, "epsilon": 4.487601214746066, "gamma": 280.53365767056994}}
{"target": 63.534351663101255, "params": {"C": 1174.0633630594107, "epsilon": 0.7483125221148215, "gamma": 364.535433880603}}
{"target": 65.61042807880239, "params": {"C": 3206.8188749177957, "epsilon": 39.60329264676997, "gamma": 88.27917837699582}}
{"target": 61.621823624629826, "params": {"C": 103.50097796647627, "epsilon": 0.25310668698022454, "gamma": 246.44598232739267}}
{"target": 58.204094899036136, "params": {"C": 0.6005427514016812, "epsilon": 0.845533195484145, "gamma": 339.3455699684062}}
{"target": 60.337724551937654, "params": {"C": 44.621060885108086, "epsilon": 25.289290426197372, "gamma": 234.07305452963365}}
{"target": 64.10794774814404, "params": {"C": 914.5729583083281, "epsilon": 12.02173329075973, "gamma": 208.88307160989405}}
{"target": 63.72258150439895, "params": {"C": 1183.2119819540076, "epsilon": 4.488534404466273, "gamma": 230.25176435341422}}
{"target": 63.62717376986227, "params": {"C": 686.3968310827047, "epsilon": 2.6323902128952885, "gamma": 371.51687073397056}}
{"target": 63.57649712266429, "params": {"C": 1027.6176201308742, "epsilon": 1.61256511573875, "gamma": 358.6723151882401}}
{"target": 63.62505692899053, "params": {"C": 393.44571544131054, "epsilon": 2.5898390073223774, "gamma": 363.0459038867689}}
{"target": 63.55102275156776, "params": {"C": 360.5463827201179, "epsilon": 1.090414990658538, "gamma": 425.89448086856856}}
{"target": 58.71053000636988, "params": {"C": 10.595238293937904, "epsilon": 3.596049420581436, "gamma": 315.15867055895706}}
{"target": 59.498969918613646, "params": {"C": 35.37615660771413, "epsilon": 9.68915819848733, "gamma": 363.8844471032167}}
{"target": 59.54382292868097, "params": {"C": 17.565532374057575, "epsilon": 26.09887031635828, "gamma": 394.3091589406594}}
{"target": 60.28412937556817, "params": {"C": 51.09484697493767, "epsilon": 19.029199405419476, "gamma": 415.14054631596576}}
{"target": 64.31477068848926, "params": {"C": 207.9675739501244, "epsilon": 16.352600963876355, "gamma": 362.63787307665933}}
{"target": 59.53556142035501, "params": {"C": 52.46377848534997, "epsilon": 4.3254567994387205, "gamma": 343.38029138658595}}
{"target": 59.592073478204156, "params": {"C": 2.103437444561306, "epsilon": 19.244212211594018, "gamma": 344.79597911436156}}
{"target": 59.58428170284333, "params": {"C": 41.99782969099307, "epsilon": 9.50463950907243, "gamma": 388.22728801838934}}
{"target": 63.75264866459118, "params": {"C": 837.6719427514901, "epsilon": 5.056192537857402, "gamma": 334.46290588004024}}
{"target": 59.56377369950887, "params": {"C": 59.49541907696771, "epsilon": 1.7188550190595921, "gamma": 178.25451592467363}}
{"target": 60.53548092951919, "params": {"C": 78.38052714952723, "epsilon": 4.337413145881247, "gamma": 334.8082951308837}}
{"target": 63.047821214406916, "params": {"C": 131.21608196564372, "epsilon": 3.0335977997875894, "gamma": 349.3877722542235}}
{"target": 63.507191561842816, "params": {"C": 1063.8479992465548, "epsilon": 0.19841154796114147, "gamma": 319.844794346269}}
{"target": 58.745706070868344, "params": {"C": 16.786627615126754, "epsilon": 2.244987289313632, "gamma": 294.37070450374927}}
{"target": 64.69686707043941, "params": {"C": 1067.5608254610581, "epsilon": 24.02818186207366, "gamma": 348.7113385224963}}
{"target": 69.36693048636901, "params": {"C": 2480.8297594543187, "epsilon": 82.04472916974422, "gamma": 12.51502832431774}}
{"target": 64.4912514717353, "params": {"C": 1154.4572709575, "epsilon": 20.06291502422006, "gamma": 303.88774157878225}}
{"target": 58.71684979719983, "params": {"C": 19.620420936270726, "epsilon": 0.3167149857613478, "gamma": 100.57816859956918}}
{"target": 59.8606903036774, "params": {"C": 4.886869844301177, "epsilon": 21.076223181795015, "gamma": 127.55912004592608}}
{"target": 59.72647141939505, "params": {"C": 8.095301490240216, "epsilon": 17.761613137897932, "gamma": 169.02736523485143}}
{"target": 58.42760696388848, "params": {"C": 9.159868086164627, "epsilon": 1.1026788111043522, "gamma": 175.19048105728794}}
{"target": 64.55897182949568, "params": {"C": 845.1750425430175, "epsilon": 21.4014754133454, "gamma": 284.7799427654457}}
{"target": 59.55973214559994, "params": {"C": 44.63655435942158, "epsilon": 7.823445010202292, "gamma": 299.21930111017264}}
{"target": 63.10979620577018, "params": {"C": 140.397496487519, "epsilon": 0.8886460595410607, "gamma": 82.96824782216851}}
{"target": 62.408804962326464, "params": {"C": 114.75429218508613, "epsilon": 2.0836062560788555, "gamma": 100.66281252015709}}
{"target": 59.65247593372396, "params": {"C": 16.61938551396711, "epsilon": 17.259882737493612, "gamma": 273.3262853818307}}
{"target": 59.103978818877636, "params": {"C": 34.46700349982895, "epsilon": 0.6039265364183581, "gamma": 102.75016029598777}}
{"target": 71.69543396544267, "params": {"C": 2282.741035381308, "epsilon": 102.63368155865913, "gamma": 206.080009991576}}
{"target": 60.81975862913983, "params": {"C": 90.13901352608231, "epsilon": 0.14039617799314474, "gamma": 273.9954821913077}}
{"target": 63.50339194306357, "params": {"C": 1157.3509694393406, "epsilon": 0.12077259720579026, "gamma": 256.7092971704584}}
{"target": 61.58026037918641, "params": {"C": 100.16862500607522, "epsilon": 1.8227946980230456, "gamma": 162.87327825847547}}
{"target": 63.54618125633575, "params": {"C": 1001.663525269814, "epsilon": 0.9912670732639679, "gamma": 227.54986865396444}}
{"target": 59.12241236690627, "params": {"C": 36.31478451274996, "epsilon": 0.880564414263787, "gamma": 190.4257117347566}}
{"target": 60.49829236753637, "params": {"C": 83.872545709511, "epsilon": 0.5811916684154355, "gamma": 137.20123321282074}}
{"target": 64.47231669658264, "params": {"C": 650.6257192423889, "epsilon": 19.671890930392358, "gamma": 245.01755129896117}}
{"target": 61.09852030033271, "params": {"C": 87.55823628582574, "epsilon": 4.57043176914006, "gamma": 176.12529553759302}}
{"target": 64.44259078033744, "params": {"C": 826.9274260388411, "epsilon": 19.057744935317817, "gamma": 291.5967551773517}}
{"target": 63.88714842285894, "params": {"C": 819.2783402491164, "epsilon": 7.648064850145787, "gamma": 287.0075215859945}}
{"target": 64.34003743374626, "params": {"C": 975.1401602514903, "epsilon": 16.900577910357878, "gamma": 181.76755606495058}}
{"target": 59.15266076352693, "params": {"C": 34.819354635806256, "epsilon": 1.9782240873786967, "gamma": 287.09501582458273}}
{"target": 64.60867374839748, "params": {"C": 715.9681969189469, "epsilon": 22.35560262560677, "gamma": 309.3478136960629}}
{"target": 59.11017637919169, "params": {"C": 6.029434248678825, "epsilon": 10.639901422890343, "gamma": 254.34124850750507}}
{"target": 63.25058523641809, "params": {"C": 90.8706236648586, "epsilon": 24.318011378842865, "gamma": 251.7614256130958}}
{"target": 64.15640720801699, "params": {"C": 1363.7507656273192, "epsilon": 13.022986048308622, "gamma": 444.08025269790113}}
{"target": 63.533025412727305, "params": {"C": 727.3714801081331, "epsilon": 0.7212057265423937, "gamma": 147.35410338923936}}
{"target": 59.33232700917946, "params": {"C": 51.51217846979232, "epsilon": 0.7744496788167354, "gamma": 269.8207207876319}}
{"target": 64.9977560363115, "params": {"C": 4502.72569868474, "epsilon": 29.185700889286135, "gamma": 10.133585820648534}}
{"target": 63.1772628092077, "params": {"C": 145.3182330160816, "epsilon": 0.45000958898370613, "gamma": 215.6772586170546}}
{"target": 63.5848248469634, "params": {"C": 1020.8783655897982, "epsilon": 1.781602814715944, "gamma": 185.09775977142885}}
{"target": 59.83646705297915, "params": {"C": 43.95648666630063, "epsilon": 15.192467124342746, "gamma": 309.6629062858951}}
{"target": 63.52836394506689, "params": {"C": 871.6711410298503, "epsilon": 0.6263707637370577, "gamma": 293.0763120178615}}
{"target": 63.586610269622135, "params": {"C": 698.9591523380668, "epsilon": 1.817528475919358, "gamma": 308.50244608696585}}
{"target": 63.56313355824286, "params": {"C": 1027.9820498249599, "epsilon": 1.339745535749719, "gamma": 319.193073411999}}
{"target": 59.79722597660204, "params": {"C": 41.9947180195304, "epsilon": 15.440744884092531, "gamma": 230.14097497415636}}
