{"target": 39.559937198168285, "params": {"C": 864.3975002781704, "epsilon": 25.097577116971266, "gamma": 0.0024590273581987353}}
{"target": 44.68371468010863, "params": {"C": 796.3143093668724, "epsilon": 29.996946831448277, "gamma": 0.06945596266630863}}
{"target": 48.06154019146597, "params": {"C": 847.4517950265138, "epsilon": 17.93133067586992, "gamma": 0.18078536519398375}}
{"target": 47.65037056706935, "params": {"C": 859.9093331890076, "epsilon": 18.915122548488636, "gamma": 0.21996562023949}}
{"target": 44.68196109408247, "params": {"C": 831.0684067779453, "epsilon": 25.402596715366233, "gamma": 0.06835394831955825}}
{"target": 39.03972081678146, "params": {"C": 1015.9313477485671, "epsilon": 28.96089539359994, "gamma": 0.005412470512860805}}
{"target": 44.80245022256709, "params": {"C": 957.7374466043079, "epsilon": 29.611502353293726, "gamma": 0.06216282241907285}}
{"target": 47.774668210151745, "params": {"C": 1479.0686939865116, "epsilon": 26.50392081204503, "gamma": 0.17499744656235766}}
{"target": 44.914213904860446, "params": {"C": 934.5615253773354, "epsilon": 26.576846770632667, "gamma": 0.06573638737370871}}
{"target": 46.67997987347748, "params": {"C": 990.4108490926909, "epsilon": 28.26589101153486, "gamma": 0.10771948812780047}}
{"target": 45.088899655694064, "params": {"C": 883.9162532404641, "epsilon": 27.98762695963783, "gamma": 0.07146135364469319}}
{"target": 44.65705234628257, "params": {"C": 1060.520666257043, "epsilon": 27.74431639641236, "gamma": 0.05642113059365375}}
{"target": 44.78541438959895, "params": {"C": 956.4751448163044, "epsilon": 27.696252010578487, "gamma": 0.06255999049381417}}
{"target": 45.447119011085306, "params": {"C": 987.2643499002877, "epsilon": 27.662062655355438, "gamma": 0.07041178105109881}}
{"target": 40.3369916530702, "params": {"C": 1064.8615207395903, "epsilon": 27.012593876547847, "gamma": 0.02495527332528185}}
{"target": 47.63871675024883, "params": {"C": 1182.220363892452, "epsilon": 23.967780699725203, "gamma": 0.22125879970029144}}
{"target": 39.18816248193377, "params": {"C": 957.1886423687416, "epsilon": 27.90327016524584, "gamma": 0.009207051529446536}}
{"target": 40.270468047948945, "params": {"C": 989.19107305138, "epsilon": 29.873603724163647, "gamma": 0.02314355201963841}}
{"target": 41.27820346735386, "params": {"C": 889.6611806970816, "epsilon": 29.377677796528747, "gamma": 0.0005916712243177634}}
{"target": 41.383644722164696, "params": {"C": 707.7265037749277, "epsilon": 28.167101475677892, "gamma": 0.0006293206235453578}}
{"target": 39.11153834349487, "params": {"C": 932.4007007199124, "epsilon": 26.992070719212755, "gamma": 0.012300418882789665}}
{"target": 39.91052571843187, "params": {"C": 1113.1563767381717, "epsilon": 29.31481751444171, "gamma": 0.018878996513021017}}
{"target": 45.05440477392985, "params": {"C": 882.458151723793, "epsilon": 8.684829131235967, "gamma": 0.08880851997431041}}
{"target": 44.24568544004429, "params": {"C": 738.4486895757075, "epsilon": 25.87434715481057, "gamma": 0.06584297214018937}}
{"target": 43.07034695304877, "params": {"C": 1021.5720322832454, "epsilon": 29.69681405975641, "gamma": 0.04274497073950494}}
{"target": 39.24998905430949, "params": {"C": 1044.5055805621807, "epsilon": 24.221784823331653, "gamma": 0.0038138206813687434}}
{"target": 39.99313725097622, "params": {"C": 1022.6615084537757, "epsilon": 24.812693398749374, "gamma": 0.0012480914398109357}}
{"target": 39.36074381615991, "params": {"C": 1069.3603468045555, "epsilon": 26.553342921536025, "gamma": 0.002614942862028253}}
{"target": 48.26009099367076, "params": {"C": 1311.8749014492887, "epsilon": 17.074230191392104, "gamma": 0.34380359527458015}}
{"target": 41.49946541660616, "params": {"C": 726.0876433286771, "epsilon": 28.164632158240824, "gamma": 0.0005103227461085574}}
{"target": 39.21527118791637, "params": {"C": 1059.9024118120146, "epsilon": 29.876664817512747, "gamma": 0.007479712150440354}}
{"target": 39.31115469429875, "params": {"C": 711.8948168579354, "epsilon": 29.890271042834943, "gamma": 0.012942552458790698}}
{"target": 43.23317694087209, "params": {"C": 815.9154666424567, "epsilon": 29.844236149850467, "gamma": 0.04883367828300032}}
{"target": 39.13117895164889, "params": {"C": 1047.9735538536308, "epsilon": 28.592454412651634, "gamma": 0.0074249779076678585}}
{"target": 39.352291947703904, "params": {"C": 785.501354506506, "epsilon": 26.118918770602665, "gamma": 0.003764905994346296}}
{"target": 39.55568161548605, "params": {"C": 790.0576295216827, "epsilon": 25.732775052192153, "gamma": 0.0027992493184841056}}
{"target": 39.07625585918147, "params": {"C": 805.4252971589392, "epsilon": 24.9661346806008, "gamma": 0.005930752469601117}}
{"target": 43.9692335642534, "params": {"C": 822.6717480536132, "epsilon": 26.895395257755975, "gamma": 0.05769751633554089}}
{"target": 39.11775594243085, "params": {"C": 704.7970395825336, "epsilon": 22.8378448858537, "gamma": 0.011233219430804893}}
{"target": 44.494294694289195, "params": {"C": 847.5440074075173, "epsilon": 25.460468304410085, "gamma": 0.06453659086305845}}
{"target": 39.05126399748841, "params": {"C": 854.0871894645255, "epsilon": 27.058583779536427, "gamma": 0.0055847307625722115}}
{"target": 39.48584928138165, "params": {"C": 1187.0836694571651, "epsilon": 23.385733821147692, "gamma": 0.0024032931354056233}}
{"target": 39.268061038827895, "params": {"C": 1035.3896309681036, "epsilon": 21.59976652505853, "gamma": 0.0042448148551810505}}
{"target": 40.3790613588934, "params": {"C": 753.6625989414817, "epsilon": 29.529578248401336, "gamma": 0.0015809241911942046}}
{"target": 39.33431131730707, "params": {"C": 1128.6706794976874, "epsilon": 22.55618007859915, "gamma": 0.007676610022748485}}
{"target": 39.506327261863305, "params": {"C": 734.8425112986038, "epsilon": 29.869788194455754, "gamma": 0.003483724031301254}}
{"target": 39.80790511128026, "params": {"C": 871.5250742109342, "epsilon": 26.817688914109603, "gamma": 0.0021551628395146357}}
{"target": 44.04835239127723, "params": {"C": 911.8959526300329, "epsilon": 24.165283292595355, "gamma": 0.05826342622359584}}
{"target": 41.66259078855623, "params": {"C": 968.7949645562599, "epsilon": 21.979223732981964, "gamma": 0.0002882496622950096}}
{"target": 39.14651470507411, "params": {"C": 894.8256392333589, "epsilon": 26.85653748019426, "gamma": 0.00454338926263966}}
{"target": 39.75537156094845, "params": {"C": 946.6997053486378, "epsilon": 21.83838808284742, "gamma": 0.0014865408507645141}}
{"target": 46.72505003535845, "params": {"C": 1111.3813153628503, "epsilon": 19.338364568960653, "gamma": 0.11138326707123841}}
{"target": 45.055552674948835, "params": {"C": 789.069202064624, "epsilon": 25.65994407161838, "gamma": 0.07717990054269495}}
{"target": 45.181908161423834, "params": {"C": 756.732679319751, "epsilon": 27.41937903748683, "gamma": 0.08334263878871481}}
{"target": 43.821804317460234, "params": {"C": 709.2435187861048, "epsilon": 25.67584848581841, "gamma": 0.06151903390293653}}
{"target": 45.674701871831644, "params": {"C": 934.8783339572029, "epsilon": 23.39313285343899, "gamma": 0.08500250055675346}}
{"target": 48.20493265257629, "params": {"C": 1142.2620604213255, "epsilon": 25.418363531410964, "gamma": 0.12802344396566206}}
{"target": 44.51211299902739, "params": {"C": 939.5219043051167, "epsilon": 25.77506899962012, "gamma": 0.0602649771812986}}
{"target": 40.45322086587002, "params": {"C": 855.3616326562938, "epsilon": 23.642877739882344, "gamma": 0.0009756903540016574}}
{"target": 45.771272045707626, "params": {"C": 1008.8404111950972, "epsilon": 22.341614972215137, "gamma": 0.08347127244923774}}
{"target": 45.50739716839629, "params": {"C": 967.5437615623265, "epsilon": 25.151485463650847, "gamma": 0.07443958345962305}}
{"target": 48.58029881216696, "params": {"C": 1409.591124771253, "epsilon": 13.759721636909969, "gamma": 0.24508123222965555}}
{"target": 39.370755413201124, "params": {"C": 827.2626603404747, "epsilon": 25.40911074801752, "gamma": 0.003882086741265665}}
{"target": 39.487808744573385, "params": {"C": 892.1532691374508, "epsilon": 29.868414555568126, "gamma": 0.01656819870387398}}
{"target": 47.9879752157103, "params": {"C": 961.6382646757477, "epsilon": 27.08645301518692, "gamma": 0.16269367364262508}}
{"target": 44.46133256268478, "params": {"C": 703.6325448408184, "epsilon": 29.798881846639507, "gamma": 0.07050476359056727}}
{"target": 39.33346885544705, "params": {"C": 928.9374482158838, "epsilon": 29.818209021935793, "gamma": 0.010859146560089478}}
{"target": 39.66127012815279, "params": {"C": 1006.4733416427251, "epsilon": 23.015541350018044, "gamma": 0.0021017547534547647}}
{"target": 39.75658281248291, "params": {"C": 807.1580296997643, "epsilon": 26.769542607579208, "gamma": 0.002422942839394404}}
{"target": 47.726455546265946, "params": {"C": 760.580490407486, "epsilon": 22.516861039036083, "gamma": 0.17187187208087482}}
{"target": 45.127182170683895, "params": {"C": 819.2761629360797, "epsilon": 27.548142138938967, "gamma": 0.07631235872894758}}
{"target": 45.5425811258425, "params": {"C": 802.9409619317767, "epsilon": 29.933414266811155, "gamma": 0.10036267215816903}}
{"target": 44.8855637209963, "params": {"C": 849.416359083534, "epsilon": 23.864771195459866, "gamma": 0.07320771318114128}}
{"target": 44.53452693644913, "params": {"C": 857.9632796554896, "epsilon": 21.7344937635374, "gamma": 0.07029528766048841}}
{"target": 45.381508385633346, "params": {"C": 888.9591055475025, "epsilon": 21.23008200459291, "gamma": 0.08590512320237531}}
{"target": 39.1839156698611, "params": {"C": 922.5434332764878, "epsilon": 25.37006740126035, "gamma": 0.009447552612411043}}
{"target": 45.66775724273731, "params": {"C": 1127.2127222123172, "epsilon": 22.80564077132954, "gamma": 0.07167488071683918}}
{"target": 39.12929608775552, "params": {"C": 932.1536578503426, "epsilon": 25.975656856484456, "gamma": 0.0079345980235642}}
{"target": 44.88448002325625, "params": {"C": 1032.1982384647768, "epsilon": 23.578148526675104, "gamma": 0.06426055905991669}}
{"target": 42.101503677037144, "params": {"C": 704.50304616047, "epsilon": 26.90295873221082, "gamma": 0.04597762362121749}}
{"target": 39.532251448605074, "params": {"C": 884.6668780413186, "epsilon": 18.307735019780527, "gamma": 0.010434629943477143}}
{"target": 42.908711785969864, "params": {"C": 706.0096624000644, "epsilon": 24.100323824187175, "gamma": 0.05470481720566387}}
{"target": 40.24691145235289, "params": {"C": 886.8708948391499, "epsilon": 26.557679658728162, "gamma": 0.0011094156731557602}}
{"target": 45.03402329483699, "params": {"C": 786.4891961978936, "epsilon": 26.5284552951494, "gamma": 0.07629313197635818}}
{"target": 45.08374350195705, "params": {"C": 701.0769686113194, "epsilon": 23.4389011907409, "gamma": 0.09091252180606013}}
{"target": 39.08574094324462, "params": {"C": 1003.2538858717508, "epsilon": 18.393204762015653, "gamma": 0.014232057162786948}}
{"target": 39.307540790050005, "params": {"C": 705.150811519448, "epsilon": 25.364138173205273, "gamma": 0.019168435575886822}}
{"target": 45.46281089623284, "params": {"C": 860.3212816519206, "epsilon": 26.89300526287434, "gamma": 0.08148662798020931}}
{"target": 44.38068108299439, "params": {"C": 807.4679262300181, "epsilon": 23.26086860650529, "gamma": 0.00014396491771576612}}
{"target": 39.44818731353058, "params": {"C": 936.2434942423703, "epsilon": 23.559844770267322, "gamma": 0.003456715800128707}}
{"target": 50.35868290900025, "params": {"C": 736.0068815222221, "epsilon": 19.90443536785157, "gamma": 0.44424290478830386}}
{"target": 45.079096764008014, "params": {"C": 844.3578519643678, "epsilon": 27.341486890490287, "gamma": 0.07337844893543898}}
{"target": 40.514646637452856, "params": {"C": 772.0578959241675, "epsilon": 27.77693632294843, "gamma": 0.0010959818135197839}}
{"target": 41.82843174766565, "params": {"C": 998.6153430423968, "epsilon": 25.668147212910892, "gamma": 0.03747200843590867}}
{"target": 39.72904778741864, "params": {"C": 771.5313301748505, "epsilon": 26.972940841472074, "gamma": 0.0025518419058934696}}
{"target": 39.63947211679429, "params": {"C": 1124.7232539699048, "epsilon": 25.67997107562462, "gamma": 0.0020922938038984117}}
{"target": 45.87608635610469, "params": {"C": 947.9551815704797, "epsilon": 25.73106085102885, "gamma": 0.09039991382475306}}
{"target": 45.27806956546332, "params": {"C": 833.83503186578, "epsilon": 29.88696888306243, "gamma": 0.08121235117458905}}
{"target": 39.46770791613094, "params": {"C": 848.8932304048539, "epsilon": 28.5177388138723, "gamma": 0.002946098480517851}}
{"target": 44.96636043094811, "params": {"C": 825.3869660737993, "epsilon": 29.424344980496016, "gamma": 0.07411508138338252}}
{"target": 45.79379809151766, "params": {"C": 1007.737432598592, "epsilon": 23.380668456523626, "gamma": 0.08134036265167283}}
{"target": 39.11416768094151, "params": {"C": 1040.7767170130633, "epsilon": 25.992451437536772, "gamma": 0.006662568160005269}}
{"target": 39.103317629288014, "params": {"C": 981.1051352485637, "epsilon": 26.31217563852665, "gamma": 0.006656499198154221}}
{"target": 48.94653334939503, "params": {"C": 1352.897203158434, "epsilon": 18.642773680298394, "gamma": 0.14657277115478412}}
{"target": 39.23256682172108, "params": {"C": 705.9391480109813, "epsilon": 27.482015100407644, "gamma": 0.004584846134438127}}
{"target": 44.819647334237345, "params": {"C": 968.3503643012491, "epsilon": 21.418329335660143, "gamma": 0.07016663056538482}}
{"target": 43.51426434027831, "params": {"C": 713.4320245246023, "epsilon": 26.409733755761987, "gamma": 0.05753807726267448}}
{"target": 44.773113011647354, "params": {"C": 986.1953094324809, "epsilon": 21.818859441827325, "gamma": 0.06773350157245493}}
{"target": 44.51249536677016, "params": {"C": 954.1729763698191, "epsilon": 21.526300369656827, "gamma": 0.0660312416691697}}
{"target": 48.49610266517774, "params": {"C": 1499.6848578459526, "epsilon": 10.623231519650794, "gamma": 0.3699778530255342}}
{"target": 39.13470059866707, "params": {"C": 707.0923020524261, "epsilon": 26.968364692769384, "gamma": 0.0051872992043953195}}
{"target": 47.94280882010895, "params": {"C": 1065.14626598378, "epsilon": 21.80634926616752, "gamma": 0.18482162288296655}}
{"target": 39.52685117279168, "params": {"C": 906.8683507385575, "epsilon": 24.004398420926073, "gamma": 0.0027747213166769737}}
{"target": 44.93711521115689, "params": {"C": 927.5042560128761, "epsilon": 25.009449342086693, "gamma": 0.06764281275589391}}
{"target": 44.96995274662139, "params": {"C": 1202.8491374999937, "epsilon": 10.02288795799422, "gamma": 0.06698998638268683}}
{"target": 41.64123957483017, "params": {"C": 1035.760641135399, "epsilon": 21.643001254712928, "gamma": 0.0002661340392313902}}
{"target": 39.33945689077766, "params": {"C": 999.4475731843067, "epsilon": 29.517751594013635, "gamma": 0.010767110302218242}}
{"target": 43.861050085290586, "params": {"C": 826.6657297642961, "epsilon": 22.27532732102253, "gamma": 0.06131423438391843}}
{"target": 39.60772322579079, "params": {"C": 1019.4965932464112, "epsilon": 23.989848281009436, "gamma": 0.002077364124628084}}
{"target": 39.08554390199528, "params": {"C": 862.0882322880652, "epsilon": 29.99241933487676, "gamma": 0.0070166175580419436}}
{"target": 39.24938490997306, "params": {"C": 802.918250455318, "epsilon": 26.98850388163585, "gamma": 0.003985986268282211}}
{"target": 45.65270376253673, "params": {"C": 1129.9604748728598, "epsilon": 21.25014302828012, "gamma": 0.07400547395787292}}
{"target": 43.567565555284936, "params": {"C": 822.6165624356781, "epsilon": 27.402941499310884, "gamma": 0.053402574079949285}}
{"target": 39.36941495410333, "params": {"C": 983.2297637963057, "epsilon": 26.497092496833446, "gamma": 0.002915383968455351}}
{"target": 39.70860303483439, "params": {"C": 838.494850813205, "epsilon": 24.936196076692063, "gamma": 0.0021311433390072696}}
{"target": 43.956296563647165, "params": {"C": 829.4525655209289, "epsilon": 26.408333309399403, "gamma": 0.05771255143198095}}
{"target": 45.98151004233126, "params": {"C": 840.6531712106084, "epsilon": 29.744400548716147, "gamma": 0.00011376361944115138}}
{"target": 45.19302351355383, "params": {"C": 700.0176572934043, "epsilon": 27.16803080577945, "gamma": 0.0939188154213945}}
{"target": 45.472788278726156, "params": {"C": 706.104365567983, "epsilon": 27.745856312804918, "gamma": 0.11029429230494114}}
{"target": 43.06538954137439, "params": {"C": 823.8641609014751, "epsilon": 29.43115434152332, "gamma": 0.00022223880596424547}}
{"target": 39.99492100515708, "params": {"C": 1397.2562207643352, "epsilon": 9.836103393592017, "gamma": 0.024483768757866425}}
{"target": 39.41783501891367, "params": {"C": 709.389058180417, "epsilon": 26.586500067726814, "gamma": 0.0034212289683138355}}
{"target": 39.49517836581417, "params": {"C": 730.320873163751, "epsilon": 23.942027507840898, "gamma": 0.003842435455724195}}
{"target": 46.830398059590834, "params": {"C": 1049.4211264968028, "epsilon": 26.279460918539478, "gamma": 0.10747293371593727}}
{"target": 47.56029725137678, "params": {"C": 1016.9978265240046, "epsilon": 25.605579016919144, "gamma": 0.12373524836277164}}
{"target": 46.38135436431328, "params": {"C": 1009.0177082622823, "epsilon": 25.94937449295014, "gamma": 0.10093972941760672}}
{"target": 45.92482137728042, "params": {"C": 1055.2668065843538, "epsilon": 24.6723561044459, "gamma": 0.07794575087292445}}
{"target": 39.13541473323206, "params": {"C": 933.9358582331062, "epsilon": 23.169320558233416, "gamma": 0.01250706835606592}}
{"target": 39.224004129240036, "params": {"C": 839.2971337459508, "epsilon": 22.170998754578555, "gamma": 0.007092383251330029}}
{"target": 47.99237645138871, "params": {"C": 887.3804612888205, "epsilon": 25.874664632888848, "gamma": 0.16157547521310497}}
{"target": 45.11151215114755, "params": {"C": 758.4869732230761, "epsilon": 29.95912549018863, "gamma": 0.08397710328147466}}
{"target": 45.09981841241481, "params": {"C": 879.9142152826224, "epsilon": 23.985183066346018, "gamma": 0.07557898297134095}}
{"target": 39.876174274716114, "params": {"C": 1110.570571783619, "epsilon": 23.287540971933456, "gamma": 0.0012290861377348885}}
{"target": 44.36712382256645, "params": {"C": 837.3897100441218, "epsilon": 26.716510633014813, "gamma": 0.06175695422894319}}
{"target": 44.8814390604155, "params": {"C": 803.3957973549848, "epsilon": 26.321449670673037, "gamma": 0.07269399367802207}}
{"target": 44.769386755850306, "params": {"C": 896.282482994065, "epsilon": 27.885561490989417, "gamma": 0.06504586207714577}}
{"target": 45.58824500390248, "params": {"C": 888.4750764510798, "epsilon": 26.99278666222711, "gamma": 0.08327532594438337}}
{"target": 43.37188979317012, "params": {"C": 1189.3949078375856, "epsilon": 17.085453370908063, "gamma": 0.051530154501372286}}
{"target": 39.38610901374769, "params": {"C": 987.6663513117411, "epsilon": 26.93026658916127, "gamma": 0.002733431462829849}}
{"target": 39.677958232057144, "params": {"C": 995.8080220967302, "epsilon": 26.634517383877384, "gamma": 0.0022378057212809072}}
{"target": 39.114935515376, "params": {"C": 720.8991938667792, "epsilon": 29.893461185190134, "gamma": 0.009247873212848038}}
{"target": 43.432520897384165, "params": {"C": 823.725034399962, "epsilon": 23.108414442904937, "gamma": 0.05562952127150925}}
{"target": 39.99255041440794, "params": {"C": 968.5821056756507, "epsilon": 18.549603051651555, "gamma": 0.0016054656280916867}}
{"target": 39.24339735167119, "params": {"C": 999.0261269361954, "epsilon": 23.0461274459658, "gamma": 0.004358314805163046}}
{"target": 39.41569588502021, "params": {"C": 1033.9315588759284, "epsilon": 19.311774525736308, "gamma": 0.010966375463686204}}
{"target": 39.801490012759714, "params": {"C": 909.2926211101063, "epsilon": 23.676400952418685, "gamma": 0.0017040893094710501}}
{"target": 42.38934185591639, "params": {"C": 933.2226848601446, "epsilon": 20.95664542367441, "gamma": 0.045708653533522645}}
{"target": 39.22869343414828, "params": {"C": 703.2683370330197, "epsilon": 25.775790973701035, "gamma": 0.004752821895102595}}
{"target": 39.390096494091104, "params": {"C": 791.1842567088081, "epsilon": 21.872575982497857, "gamma": 0.0037993405242865725}}
{"target": 40.134169005503914, "params": {"C": 924.8840937410145, "epsilon": 26.32636487105392, "gamma": 0.0015377079717913628}}
{"target": 44.68402921281016, "params": {"C": 786.7680010042034, "epsilon": 23.715860082531606, "gamma": 0.07334014165392178}}
{"target": 44.29626602830164, "params": {"C": 910.3118579292313, "epsilon": 24.96339487047632, "gamma": 0.05981901829710853}}
{"target": 47.82530921125305, "params": {"C": 1007.7326130980425, "epsilon": 29.6251161638643, "gamma": 0.12284731021841708}}
{"target": 48.17603024260767, "params": {"C": 1044.9789746531628, "epsilon": 15.85377351779643, "gamma": 0.332077432818603}}
{"target": 45.33175105714514, "params": {"C": 1006.913458036812, "epsilon": 27.488579613118816, "gamma": 0.06725761812897733}}
{"target": 40.25993715433905, "params": {"C": 1092.0747129928677, "epsilon": 26.629341827550327, "gamma": 0.0010084787438430238}}
{"target": 48.13792503461788, "params": {"C": 1073.829530049678, "epsilon": 14.334349580496962, "gamma": 0.3255034127351193}}
{"target": 41.3089469230881, "params": {"C": 840.3727973023945, "epsilon": 26.488229939035524, "gamma": 0.0005008836091465463}}
{"target": 39.72535173797296, "params": {"C": 825.439020732153, "epsilon": 27.619009050502765, "gamma": 0.0023265722276675045}}
{"target": 39.54105909998119, "params": {"C": 702.2509767275966, "epsilon": 28.38486129704564, "gamma": 0.002987384575764398}}
{"target": 44.682209766838184, "params": {"C": 721.4192556736494, "epsilon": 29.984111583438164, "gamma": 0.07561906665637766}}
{"target": 44.902538098909965, "params": {"C": 979.7549530580206, "epsilon": 23.66043296417068, "gamma": 0.06670171440815112}}
