{"target": 65.84624434268473, "params": {"C": 963.6291128270234, "epsilon": 42.77682779927378, "gamma": 59.95838879101681}}
{"target": 65.80999496239139, "params": {"C": 350.6840928040806, "epsilon": 42.31647209211745, "gamma": 56.25249590158416}}
{"target": 66.70873943699225, "params": {"C": 658.7749160242031, "epsilon": 53.10024032610437, "gamma": 39.46159729869526}}
{"target": 65.33161386960654, "params": {"C": 1014.3211476768561, "epsilon": 34.985464065504715, "gamma": 12.531155490476202}}
{"target": 64.60154025552382, "params": {"C": 894.221738648426, "epsilon": 22.21482492746071, "gamma": 28.3762277298441}}
{"target": 66.14211685195737, "params": {"C": 102.3722606810345, "epsilon": 49.64609437533768, "gamma": 32.33800850300442}}
{"target": 61.69842319941167, "params": {"C": 39.877740208813066, "epsilon": 42.752314328581214, "gamma": 34.41305057068379}}
{"target": 65.35978807736763, "params": {"C": 809.8870361954293, "epsilon": 35.58707395569624, "gamma": 49.65599111705859}}
{"target": 62.03666242021457, "params": {"C": 63.34401805876098, "epsilon": 30.443562770474244, "gamma": 46.86451238313792}}
{"target": 66.23378918553124, "params": {"C": 875.2286806955739, "epsilon": 47.46289779659979, "gamma": 96.71057814942131}}
{"target": 66.41391686485886, "params": {"C": 878.0957445810609, "epsilon": 49.48058489204688, "gamma": 6.5821647411819635}}
{"target": 65.25416384053395, "params": {"C": 940.2397230962888, "epsilon": 33.76715027092917, "gamma": 35.03877736656762}}
{"target": 64.63304451260318, "params": {"C": 2007.5276351060131, "epsilon": 22.815204107833953, "gamma": 45.52979169412504}}
{"target": 64.52709471926885, "params": {"C": 1956.516323690142, "epsilon": 20.77653311536764, "gamma": 26.900395306895632}}
{"target": 65.84381468290975, "params": {"C": 1873.5357689591715, "epsilon": 42.74667580367162, "gamma": 58.8466435364082}}
{"target": 64.8281332962001, "params": {"C": 1070.3400097766607, "epsilon": 26.20117100131653, "gamma": 5.378756702873802}}
{"target": 65.01905241902082, "params": {"C": 988.1746771016435, "epsilon": 29.74530566704448, "gamma": 40.25895109240039}}
{"target": 64.96612830571858, "params": {"C": 1152.3875247263372, "epsilon": 28.834296079308004, "gamma": 45.57180365727076}}
{"target": 64.78339449112546, "params": {"C": 397.0602033176091, "epsilon": 25.444250030405, "gamma": 11.321957989214905}}
{"target": 64.74516040106644, "params": {"C": 1286.457774389912, "epsilon": 24.874196840795356, "gamma": 16.810381752733257}}
{"target": 65.69644699428115, "params": {"C": 527.5535953406871, "epsilon": 40.751125940308455, "gamma": 13.09846748996219}}
{"target": 65.92569129698832, "params": {"C": 1442.3337120459807, "epsilon": 43.75686100178084, "gamma": 102.97144363960206}}
{"target": 64.84865873540372, "params": {"C": 1236.2704351980944, "epsilon": 26.511607065019717, "gamma": 5.677849600920751}}
{"target": 65.32078440838293, "params": {"C": 975.6525031088333, "epsilon": 35.83224462450727, "gamma": 4.005212782165444}}
{"target": 65.57579967990418, "params": {"C": 955.7467322318279, "epsilon": 39.07278533899597, "gamma": 18.85127633148701}}
{"target": 65.01725166770976, "params": {"C": 1462.4947323419578, "epsilon": 29.71508787491528, "gamma": 73.93032076152738}}
{"target": 66.27136585964953, "params": {"C": 1208.1500669025988, "epsilon": 47.86260403308103, "gamma": 13.847259330975898}}
{"target": 64.69304099518904, "params": {"C": 1752.5206761377672, "epsilon": 25.079481948567434, "gamma": 3.9064952826589376}}
{"target": 65.36832371833782, "params": {"C": 1159.1815022784654, "epsilon": 35.734879439743594, "gamma": 103.96073959087882}}
{"target": 66.16915483784209, "params": {"C": 701.4110438964651, "epsilon": 46.69004509280723, "gamma": 97.14613969716089}}
{"target": 70.24578601613231, "params": {"C": 1317.9460590412148, "epsilon": 95.00909121879522, "gamma": 1.5193710886243283}}
{"target": 65.46391210898226, "params": {"C": 1051.7021227859782, "epsilon": 37.35500852653935, "gamma": 95.83043939665767}}
{"target": 65.55758829558752, "params": {"C": 847.3291693709151, "epsilon": 38.82273178468329, "gamma": 60.51027274343537}}
{"target": 66.27938360837511, "params": {"C": 2302.9788780928056, "epsilon": 48.01056592515047, "gamma": 56.350549682268}}
{"target": 65.18132799506478, "params": {"C": 1739.9259327333416, "epsilon": 32.51111984995721, "gamma": 79.71574508442882}}
{"target": 59.5387801942134, "params": {"C": 7.820963589229905, "epsilon": 35.367614252001175, "gamma": 9.270463963566574}}
{"target": 66.54636575400237, "params": {"C": 1222.361037118943, "epsilon": 51.05009982983664, "gamma": 8.370408012576616}}
{"target": 65.51433603944209, "params": {"C": 1181.5609258950876, "epsilon": 37.949690723189306, "gamma": 7.863835961353319}}
{"target": 67.77832960536365, "params": {"C": 864.5847560943869, "epsilon": 64.87626084542023, "gamma": 4.327255174662299}}
{"target": 66.82248658527718, "params": {"C": 214.00126554408735, "epsilon": 54.26523061101392, "gamma": 7.491060268456674}}
{"target": 66.62130506773956, "params": {"C": 242.29993303058768, "epsilon": 52.067082091039296, "gamma": 86.17079472303766}}
{"target": 66.75866260818336, "params": {"C": 2004.569717435957, "epsilon": 53.67285383546142, "gamma": 63.42061220279332}}
{"target": 65.56163184460614, "params": {"C": 1286.102030156889, "epsilon": 56.21881402472384, "gamma": 1.4732510009521476}}
{"target": 67.12018189369635, "params": {"C": 1385.781824480948, "epsilon": 57.649701476920185, "gamma": 63.405595547599496}}
{"target": 65.58570881882636, "params": {"C": 1362.1685672580347, "epsilon": 39.04632987969774, "gamma": 8.212584148269153}}
{"target": 63.932309646144724, "params": {"C": 1517.4024300324136, "epsilon": 8.492809751522426, "gamma": 21.20343379841439}}
{"target": 58.73393098765778, "params": {"C": 1063.236060804178, "epsilon": 67.6174405667645, "gamma": 0.38669989131580135}}
{"target": 64.86100663026608, "params": {"C": 1494.628780266409, "epsilon": 29.595211642881218, "gamma": 3.369470449011595}}
{"target": 64.8370926676092, "params": {"C": 869.7897164346051, "epsilon": 26.507891995410034, "gamma": 15.834901600356707}}
{"target": 67.09240140214519, "params": {"C": 917.1991988057894, "epsilon": 57.46433244424627, "gamma": 4.8272539804717605}}
{"target": 73.77039581113577, "params": {"C": 83.30086368243246, "epsilon": 114.27900555484449, "gamma": 96.69508097308622}}
{"target": 67.06413391957756, "params": {"C": 1292.4868575917703, "epsilon": 57.06897603221736, "gamma": 5.199515864945527}}
{"target": 64.7977180941429, "params": {"C": 458.2884662709837, "epsilon": 25.69195630915398, "gamma": 11.093950396044013}}
{"target": 63.81859830918123, "params": {"C": 2840.959934879889, "epsilon": 6.3188376402138715, "gamma": 133.13186536766344}}
{"target": 65.87517782681024, "params": {"C": 547.1102861284588, "epsilon": 42.974969449008036, "gamma": 8.169291375667168}}
{"target": 65.37749665729443, "params": {"C": 1396.9514417835414, "epsilon": 35.689071772178565, "gamma": 9.451846057602312}}
{"target": 65.91414643063685, "params": {"C": 431.8354528220997, "epsilon": 43.61214423568958, "gamma": 27.53248252779442}}
{"target": 64.36570328409411, "params": {"C": 1611.523391039012, "epsilon": 17.454499249018546, "gamma": 66.76726723369146}}
{"target": 63.56112639772698, "params": {"C": 1128.9620870849064, "epsilon": 4.256312114482689, "gamma": 3.488286870775397}}
{"target": 66.19868044216035, "params": {"C": 1157.5831521833875, "epsilon": 47.04147787562683, "gamma": 81.54020586823397}}
{"target": 67.07551141558342, "params": {"C": 1274.3192069907846, "epsilon": 57.16446794124644, "gamma": 85.62913396680194}}
{"target": 67.39341348613108, "params": {"C": 1685.757048952903, "epsilon": 60.54113211725323, "gamma": 104.10256327049719}}
{"target": 63.64362781796349, "params": {"C": 1248.58035474305, "epsilon": 2.5613166751474026, "gamma": 11.413230201868776}}
{"target": 68.34288826513117, "params": {"C": 2289.992253333622, "epsilon": 70.6823112310235, "gamma": 77.38069808557952}}
{"target": 67.3834681751832, "params": {"C": 1420.8160576443915, "epsilon": 60.43792708898387, "gamma": 129.1120615772688}}
{"target": 65.90744058737216, "params": {"C": 2250.33419115167, "epsilon": 43.42243137684055, "gamma": 10.613920907161045}}
{"target": 68.13106779308903, "params": {"C": 2160.9962094028347, "epsilon": 68.41929269611792, "gamma": 54.32989184612227}}
{"target": 68.07591616861154, "params": {"C": 2026.8518167081377, "epsilon": 67.81738640727822, "gamma": 66.81235269177569}}
{"target": 50.831331459203724, "params": {"C": 467.6496768500898, "epsilon": 32.59049222368897, "gamma": 0.37766803174195057}}
{"target": 66.31964138525981, "params": {"C": 1188.533363276874, "epsilon": 48.49915474485135, "gamma": 85.51438147951325}}
{"target": 64.40919756674441, "params": {"C": 1673.662707634389, "epsilon": 18.11812578460706, "gamma": 11.28930201264549}}
{"target": 65.66429204797284, "params": {"C": 2040.0563258226414, "epsilon": 40.19129083110012, "gamma": 8.194209938369848}}
{"target": 59.78024669957697, "params": {"C": 38.71482980313493, "epsilon": 17.169964423943235, "gamma": 17.791153513123753}}
{"target": 64.59210073831218, "params": {"C": 932.2171623980723, "epsilon": 27.46805972513327, "gamma": 2.900495453935069}}
{"target": 65.56900386408542, "params": {"C": 827.8233749659485, "epsilon": 38.99551389770698, "gamma": 48.87318247275613}}
{"target": 61.4502288589095, "params": {"C": 50.51300395673047, "epsilon": 33.883942268118616, "gamma": 14.332486088252743}}
{"target": 59.72903223052523, "params": {"C": 27.335003620421674, "epsilon": 26.219914849008394, "gamma": 24.07462661962423}}
{"target": 57.94956656447213, "params": {"C": 315.0656441737119, "epsilon": 28.350098734169126, "gamma": 0.827258917483663}}
{"target": 65.42035582397565, "params": {"C": 797.2508959257268, "epsilon": 36.622234949088295, "gamma": 55.34091845960089}}
{"target": 56.64259102031285, "params": {"C": 604.5757362341071, "epsilon": 44.527581056593654, "gamma": 0.5456840799422003}}
{"target": 65.11296426271413, "params": {"C": 625.4095317403375, "epsilon": 31.346944016206628, "gamma": 113.29076825226369}}
{"target": 64.93227295193738, "params": {"C": 684.4135215144022, "epsilon": 28.242008956588283, "gamma": 77.39836542939003}}
{"target": 61.150836668711236, "params": {"C": 60.524735869187424, "epsilon": 23.85729774436136, "gamma": 69.18056077593228}}
{"target": 65.74965442239494, "params": {"C": 139.75045564035605, "epsilon": 41.68006716409751, "gamma": 128.77403977210727}}
{"target": 64.5788675547963, "params": {"C": 357.8143250378997, "epsilon": 21.779289693532853, "gamma": 70.04734682737269}}
{"target": 61.854248869011016, "params": {"C": 78.51335304222954, "epsilon": 18.080155826929314, "gamma": 12.300391686383001}}
{"target": 64.78615426550924, "params": {"C": 241.6475210810803, "epsilon": 27.7541715698517, "gamma": 3.525681517654977}}
{"target": 64.02558416755258, "params": {"C": 116.69190973662904, "epsilon": 21.64747182219984, "gamma": 22.819892406837116}}
{"target": 65.4436057577025, "params": {"C": 1191.6456795722484, "epsilon": 37.01463196912455, "gamma": 62.43417442284153}}
{"target": 65.16209556345578, "params": {"C": 677.5000576585417, "epsilon": 33.364297619251204, "gamma": 3.8635338552819536}}
{"target": 64.88192200249405, "params": {"C": 200.75371328455896, "epsilon": 33.58082878697461, "gamma": 2.712714157232834}}
{"target": 63.914317490930536, "params": {"C": 520.4069977651079, "epsilon": 8.054298708657043, "gamma": 15.470846322363988}}
{"target": 64.96368832001973, "params": {"C": 385.0067226621368, "epsilon": 28.791873580741346, "gamma": 39.74494184999402}}
{"target": 66.04151361709225, "params": {"C": 317.04504818537356, "epsilon": 45.158649287351174, "gamma": 48.963941887889945}}
{"target": 65.09518488630565, "params": {"C": 130.12756196549492, "epsilon": 33.27006005916939, "gamma": 75.88357861885828}}
{"target": 64.536873696733, "params": {"C": 493.55362464626205, "epsilon": 20.958022031923406, "gamma": 23.165368859695125}}
{"target": 65.33955229208512, "params": {"C": 299.34530106618536, "epsilon": 35.23435578694339, "gamma": 33.605817975282996}}
{"target": 62.41765003271392, "params": {"C": 35.94837530050029, "epsilon": 49.86388124820193, "gamma": 38.64030324760711}}
{"target": 64.843069220216, "params": {"C": 1286.579948028536, "epsilon": 26.677848473112576, "gamma": 90.95038601339506}}
{"target": 64.25234522308959, "params": {"C": 708.0614919614868, "epsilon": 14.93528425393718, "gamma": 15.902506728960331}}
{"target": 64.96454728818483, "params": {"C": 734.7464860243181, "epsilon": 28.806996658377933, "gamma": 78.60113598159955}}
{"target": 65.48495485048768, "params": {"C": 298.0153377813918, "epsilon": 37.48302038030194, "gamma": 8.258407948800727}}
{"target": 60.77466993014893, "params": {"C": 59.125011278060896, "epsilon": 19.825371944920306, "gamma": 4.8736582228531855}}
{"target": 64.37712552149989, "params": {"C": 905.6080677756204, "epsilon": 17.702118212526372, "gamma": 30.567160073206615}}
{"target": 64.91724336881552, "params": {"C": 1338.4267950806338, "epsilon": 27.667493234221563, "gamma": 7.514068156022956}}
{"target": 65.57253884176909, "params": {"C": 722.204121849403, "epsilon": 38.93777475604074, "gamma": 11.77007804343827}}
{"target": 65.84235287408693, "params": {"C": 363.80759103675933, "epsilon": 42.728536963551164, "gamma": 84.48435590874085}}
{"target": 64.5843101161924, "params": {"C": 1120.6317508651146, "epsilon": 21.884845660580027, "gamma": 83.47579096415176}}
{"target": 48.30995642324446, "params": {"C": 644.7154407057534, "epsilon": 45.516652960278535, "gamma": 0.14021805835870021}}
{"target": 64.83061203699735, "params": {"C": 2468.656598491818, "epsilon": 31.55378033475092, "gamma": 2.8797059552033666}}
{"target": 67.90867627972905, "params": {"C": 210.68681825315213, "epsilon": 65.98196691060116, "gamma": 79.55243641656257}}
{"target": 65.92083193810711, "params": {"C": 616.598165410608, "epsilon": 43.696771234060314, "gamma": 42.727643588165975}}
{"target": 65.86113896035893, "params": {"C": 698.0318916700719, "epsilon": 42.96034999558272, "gamma": 46.95247005588067}}
{"target": 65.61086115999333, "params": {"C": 415.02471228210663, "epsilon": 44.95442267801775, "gamma": 2.447977122950961}}
{"target": 64.99540584865038, "params": {"C": 852.4294676221684, "epsilon": 29.45513680536544, "gamma": 4.771804577288353}}
{"target": 65.65037751571383, "params": {"C": 566.4524844789498, "epsilon": 40.1583547095549, "gamma": 18.84915115927333}}
{"target": 65.56331097052609, "params": {"C": 368.5328582322151, "epsilon": 38.84179166461544, "gamma": 14.167032766478519}}
{"target": 66.89069421699384, "params": {"C": 287.57608694683404, "epsilon": 55.15682610286507, "gamma": 86.3481002080267}}
{"target": 66.08612804259397, "params": {"C": 221.80967563543618, "epsilon": 45.69956825111853, "gamma": 40.35547400011721}}
{"target": 66.21540948434547, "params": {"C": 747.776474869691, "epsilon": 47.2222755730074, "gamma": 18.28284238655593}}
{"target": 65.97119653679788, "params": {"C": 105.29109773861126, "epsilon": 47.41200917479946, "gamma": 15.344951708405508}}
{"target": 65.45769097058715, "params": {"C": 51.03348878069244, "epsilon": 60.84378124447626, "gamma": 12.846043743359479}}
{"target": 66.94534019276487, "params": {"C": 295.6172727470285, "epsilon": 55.70494488883907, "gamma": 12.031289479648866}}
{"target": 65.24068975372407, "params": {"C": 473.5561038656231, "epsilon": 33.53644459884006, "gamma": 33.13582996950524}}
{"target": 66.75971374417452, "params": {"C": 1026.217270481738, "epsilon": 53.56369731376992, "gamma": 8.795030354537863}}
{"target": 65.98134996040162, "params": {"C": 1134.9138540366419, "epsilon": 44.33876663750079, "gamma": 11.127499968666564}}
{"target": 65.32618333738353, "params": {"C": 1204.8959957149605, "epsilon": 35.000761323629945, "gamma": 25.66233967420206}}
{"target": 64.09863583459602, "params": {"C": 89.66724461249237, "epsilon": 52.031032792246506, "gamma": 1.2608684259070144}}
{"target": 64.37260808839225, "params": {"C": 1096.187009258404, "epsilon": 17.60682312325863, "gamma": 75.93933808570883}}
{"target": 65.40524471462173, "params": {"C": 1005.8696640689434, "epsilon": 36.18148546839029, "gamma": 9.952258055578314}}
{"target": 65.70003664784693, "params": {"C": 942.6332080583185, "epsilon": 40.747783939639106, "gamma": 10.492486092629376}}
{"target": 48.72690198816913, "params": {"C": 487.3543916198275, "epsilon": 30.739837029900812, "gamma": 0.278784352384589}}
{"target": 65.83034958778265, "params": {"C": 1231.8107497677302, "epsilon": 42.570411323641586, "gamma": 5.1907950240885805}}
{"target": 64.87804335998506, "params": {"C": 525.6532942776402, "epsilon": 27.288385156830238, "gamma": 67.2596129725914}}
{"target": 64.36895196259043, "params": {"C": 1131.2656965197439, "epsilon": 17.52636899521584, "gamma": 62.88147532018011}}
{"target": 61.87503500277744, "params": {"C": 78.60138854796676, "epsilon": 18.307954577252584, "gamma": 17.021466727926935}}
{"target": 64.36030097532787, "params": {"C": 1034.0817971082397, "epsilon": 17.29186977097335, "gamma": 18.933666811589752}}
{"target": 65.03780633754027, "params": {"C": 936.2238351173736, "epsilon": 30.063948925935808, "gamma": 83.01652295083916}}
{"target": 64.9555328040498, "params": {"C": 962.2756946300387, "epsilon": 28.628595966801157, "gamma": 20.252935431547215}}
{"target": 63.659999920797574, "params": {"C": 56.89927723191397, "epsilon": 46.58182891298067, "gamma": 123.61538080193918}}
{"target": 64.73039850890224, "params": {"C": 801.1525408441236, "epsilon": 24.656307279086707, "gamma": 52.19099120317408}}
{"target": 64.65670987716946, "params": {"C": 761.3860657884215, "epsilon": 22.854054018423973, "gamma": 7.331303938459118}}
{"target": 60.40997703295451, "params": {"C": 19.83054086503762, "epsilon": 43.03446965687217, "gamma": 10.588035646345995}}
{"target": 65.31869518443796, "params": {"C": 733.8886387940397, "epsilon": 34.87916803127471, "gamma": 73.35940422277395}}
{"target": 65.43927931557985, "params": {"C": 162.48285442560666, "epsilon": 36.9412628652409, "gamma": 62.62649372380512}}
{"target": 63.2896290294688, "params": {"C": 2048.1693421360715, "epsilon": 30.003271131115408, "gamma": 1.6501051763457726}}
{"target": 64.47217430974464, "params": {"C": 972.097528948856, "epsilon": 19.663020056351563, "gamma": 27.303329346859655}}
{"target": 67.03395756982938, "params": {"C": 665.2188844335724, "epsilon": 56.7075246988435, "gamma": 86.35281251650991}}
{"target": 65.10530742948998, "params": {"C": 638.2325899281113, "epsilon": 31.174416375085958, "gamma": 17.11413952779597}}
{"target": 66.37058235629112, "params": {"C": 310.63996038376206, "epsilon": 59.458967450579934, "gamma": 1.6944066678531715}}
{"target": 59.76989536795355, "params": {"C": 31.298557649571876, "epsilon": 23.37781784691083, "gamma": 21.62988351986342}}
{"target": 66.57131276420441, "params": {"C": 975.5930843591967, "epsilon": 51.67702102499114, "gamma": 4.606698465324116}}
{"target": 65.77701857032086, "params": {"C": 237.84322952760607, "epsilon": 41.883773370881414, "gamma": 99.50276216095874}}
{"target": 65.37395777093262, "params": {"C": 2295.8544966297013, "epsilon": 35.831620516707204, "gamma": 109.4370135141783}}
{"target": 66.02342535243758, "params": {"C": 972.8554505187412, "epsilon": 44.838453673379846, "gamma": 6.017575069107318}}
{"target": 65.36378253998785, "params": {"C": 860.1166708410981, "epsilon": 35.65640204816719, "gamma": 55.866867692186986}}
{"target": 65.5033890577828, "params": {"C": 237.90695282334025, "epsilon": 37.84776896126201, "gamma": 10.797869341851465}}
{"target": 65.02869455522658, "params": {"C": 1161.4492242607062, "epsilon": 35.174830729419924, "gamma": 2.807825554022894}}
{"target": 65.08198560196494, "params": {"C": 1668.054369134612, "epsilon": 30.819809828229104, "gamma": 84.55808700552717}}
{"target": 64.71848250007255, "params": {"C": 795.890859041767, "epsilon": 25.64799304714718, "gamma": 3.856587701433618}}
{"target": 65.58195147826048, "params": {"C": 756.9335905334665, "epsilon": 39.02744553951442, "gamma": 6.33852447244496}}
{"target": 64.76853496101369, "params": {"C": 104.89649381256288, "epsilon": 37.28937232578833, "gamma": 2.8773626477290475}}
{"target": 64.55015873212878, "params": {"C": 912.6764466331321, "epsilon": 21.210178321168385, "gamma": 21.505816387752926}}
{"target": 64.98141932767228, "params": {"C": 1480.4671232180522, "epsilon": 29.100353103541803, "gamma": 72.53728027582277}}
{"target": 66.68958470392272, "params": {"C": 667.8263635523532, "epsilon": 52.80506216496237, "gamma": 11.625390046892644}}
{"target": 65.93742087724738, "params": {"C": 1039.6184436642616, "epsilon": 43.901825153123305, "gamma": 75.72471723250531}}
{"target": 64.99074376416323, "params": {"C": 589.6780338067795, "epsilon": 29.260380121973604, "gamma": 52.63751074769219}}
{"target": 66.0216981837777, "params": {"C": 1084.6795846528494, "epsilon": 46.07814899378441, "gamma": 3.4939308321721256}}
{"target": 62.9081966583557, "params": {"C": 1374.7893482938837, "epsilon": 50.8314406188703, "gamma": 1.00824988643003}}
{"target": 66.60559048049885, "params": {"C": 101.5308976218065, "epsilon": 54.40090418971364, "gamma": 53.653140860590746}}
{"target": 64.3064778184347, "params": {"C": 1019.0029514493862, "epsilon": 16.058629095402143, "gamma": 14.766644320200658}}
{"target": 64.08793255667166, "params": {"C": 1194.7768386805794, "epsilon": 10.848382028784055, "gamma": 5.881557168527796}}
{"target": 61.49066838262529, "params": {"C": 49.71963078652777, "epsilon": 34.786246592637994, "gamma": 91.40486495409593}}
{"target": 64.26646096830873, "params": {"C": 567.2559773577168, "epsilon": 15.184469619562176, "gamma": 14.1538827430463}}
{"target": 68.0679930691138, "params": {"C": 736.7000474103833, "epsilon": 67.7293931522398, "gamma": 97.46779908045075}}
{"target": 66.25306268368833, "params": {"C": 806.5653354180213, "epsilon": 47.69559839791508, "gamma": 116.69488120708198}}
