{"target": 39.39322010775953, "params": {"C": 915.3060373145136, "epsilon": 26.038171491509054, "gamma": 0.0029543507117813315}}
{"target": 42.55625616978851, "params": {"C": 700.2472183952217, "epsilon": 25.31742349763156, "gamma": 0.05082941989814144}}
{"target": 43.929081306196125, "params": {"C": 797.9594259960388, "epsilon": 29.99319318647242, "gamma": 0.05693008701804063}}
{"target": 44.16833468474526, "params": {"C": 941.605487533112, "epsilon": 22.427394107364975, "gamma": 0.061024295313580695}}
{"target": 47.345804048283824, "params": {"C": 841.6535939466639, "epsilon": 26.848549324475293, "gamma": 0.13244206211840812}}
{"target": 40.253051834929934, "params": {"C": 717.4186744744082, "epsilon": 26.75352850604575, "gamma": 0.0013207114504993362}}
{"target": 47.8658493038986, "params": {"C": 1353.8808508512948, "epsilon": 16.991289093207225, "gamma": 0.2770661541546571}}
{"target": 46.216703743828305, "params": {"C": 803.4551233475194, "epsilon": 27.507485995037527, "gamma": 0.1157567334058369}}
{"target": 45.75017860077533, "params": {"C": 793.7591653765892, "epsilon": 24.005493368094776, "gamma": 0.11104261317937411}}
{"target": 44.281423448378746, "params": {"C": 777.1245606396838, "epsilon": 26.967968192498816, "gamma": 0.06319824925206774}}
{"target": 45.77132941659622, "params": {"C": 995.1022415004354, "epsilon": 26.240528208116324, "gamma": 0.07775080379654388}}
{"target": 44.62485601104578, "params": {"C": 1068.1012487667997, "epsilon": 23.956914503953833, "gamma": 0.05910398675562985}}
{"target": 44.57883170570235, "params": {"C": 938.9091856599292, "epsilon": 20.2669960372642, "gamma": 0.06877302565744002}}
{"target": 41.07020490294136, "params": {"C": 1054.8908169393242, "epsilon": 21.904823638639186, "gamma": 0.00035740480781580423}}
{"target": 39.15046604690903, "params": {"C": 943.7963336611269, "epsilon": 24.59607770695062, "gamma": 0.005781962284016161}}
{"target": 39.22755489963354, "params": {"C": 891.947352448978, "epsilon": 23.884536941924015, "gamma": 0.006182954629128497}}
{"target": 44.360446818789114, "params": {"C": 700.6599609173627, "epsilon": 24.39335441267748, "gamma": 0.07224593440196035}}
{"target": 43.78987526595991, "params": {"C": 788.6700933449329, "epsilon": 24.061050730845185, "gamma": 0.05944929259305666}}
{"target": 39.411668203161206, "params": {"C": 792.7832762226388, "epsilon": 24.954003162947217, "gamma": 0.0038963479650928143}}
{"target": 39.80844370110784, "params": {"C": 962.495324194458, "epsilon": 23.383447396757536, "gamma": 0.001572269002474416}}
{"target": 39.939474034047265, "params": {"C": 925.302077610146, "epsilon": 29.123401854915084, "gamma": 0.001837140581095683}}
{"target": 44.18986164085917, "params": {"C": 931.5531792265677, "epsilon": 29.81587402269377, "gamma": 0.05524698292345316}}
{"target": 43.29187876492328, "params": {"C": 975.635834967902, "epsilon": 24.679194477446682, "gamma": 0.04885828821736528}}
{"target": 39.54431059820151, "params": {"C": 869.1844866924093, "epsilon": 29.71571528076055, "gamma": 0.002922315342050525}}
{"target": 39.114735998162004, "params": {"C": 791.2627881595206, "epsilon": 24.238247533339916, "gamma": 0.005188588738973887}}
{"target": 39.4998324899121, "params": {"C": 800.8860073897304, "epsilon": 23.91902102721104, "gamma": 0.00348593101541945}}
{"target": 41.54734749474064, "params": {"C": 720.5916286087831, "epsilon": 26.74545103603724, "gamma": 0.00043562393147960135}}
{"target": 39.0936799671646, "params": {"C": 774.5486620922829, "epsilon": 29.92073712195073, "gamma": 0.005661268223301853}}
{"target": 45.138902485227945, "params": {"C": 807.2245683530589, "epsilon": 27.492204150455382, "gamma": 0.07742530651265933}}
{"target": 48.357337133261936, "params": {"C": 902.6623994127391, "epsilon": 12.756484475606918, "gamma": 0.3471331884060995}}
{"target": 40.20905278214661, "params": {"C": 874.689695013158, "epsilon": 27.10447947156778, "gamma": 0.0013760654191553087}}
{"target": 44.923169660177095, "params": {"C": 1035.2625652624683, "epsilon": 27.14050981551525, "gamma": 0.06077676832490224}}
{"target": 52.11759246660923, "params": {"C": 1495.0590290321265, "epsilon": 24.762535151678335, "gamma": 0.4964097338525879}}
{"target": 42.47636814013479, "params": {"C": 870.506695368807, "epsilon": 25.448111272332017, "gamma": 0.04442027015319629}}
{"target": 44.55774916677359, "params": {"C": 716.5316975916268, "epsilon": 29.9532603612897, "gamma": 0.07230963766877856}}
{"target": 44.87920823818786, "params": {"C": 761.8770545013923, "epsilon": 29.983359256173163, "gamma": 0.07736355487058097}}
{"target": 44.08994723875749, "params": {"C": 892.208666490471, "epsilon": 27.200327993815446, "gamma": 0.05635580477979299}}
{"target": 44.54546264854915, "params": {"C": 829.2578691527887, "epsilon": 25.3640910852307, "gamma": 0.0663459762778303}}
{"target": 44.66558305759522, "params": {"C": 879.0339255537057, "epsilon": 26.07287542617004, "gamma": 0.06500500046081016}}
{"target": 46.31870183534237, "params": {"C": 894.6795448178588, "epsilon": 23.680405562687294, "gamma": 0.11394142200624904}}
{"target": 44.89616928509257, "params": {"C": 896.8102203506585, "epsilon": 20.89371430926603, "gamma": 0.07656441101879925}}
{"target": 45.87723774945542, "params": {"C": 910.0752270232787, "epsilon": 25.295033081732782, "gamma": 0.09662836544618772}}
{"target": 44.65231974286863, "params": {"C": 1007.451847102865, "epsilon": 25.952035437074265, "gamma": 0.059391202624423545}}
{"target": 48.87720445250774, "params": {"C": 1143.1562601231913, "epsilon": 14.181410693696787, "gamma": 0.1879239053104345}}
{"target": 43.53223044515678, "params": {"C": 700.3157320167807, "epsilon": 26.289457501351954, "gamma": 0.0002074179915064235}}
{"target": 46.77795102710256, "params": {"C": 788.9531403233806, "epsilon": 24.827088649008253, "gamma": 0.1314173787782084}}
{"target": 39.52244498245526, "params": {"C": 988.7013930294407, "epsilon": 24.014619339256555, "gamma": 0.0026727963702745418}}
{"target": 42.362711210409934, "params": {"C": 873.7341351421726, "epsilon": 21.763706569102883, "gamma": 0.046602616049207714}}
{"target": 43.37030395344261, "params": {"C": 809.2745777448588, "epsilon": 27.492843154628485, "gamma": 0.05173665876198911}}
{"target": 40.07641923858404, "params": {"C": 828.3269254061123, "epsilon": 25.574096189882745, "gamma": 0.0014555496444754335}}
{"target": 46.40910765712739, "params": {"C": 800.4168791166027, "epsilon": 24.925655963147115, "gamma": 0.12393028871517422}}
{"target": 39.15940554420418, "params": {"C": 982.7314513820222, "epsilon": 28.52527534023069, "gamma": 0.004246612581232797}}
{"target": 39.35177992283248, "params": {"C": 981.9019702071158, "epsilon": 20.888283800950312, "gamma": 0.006818907176462737}}
{"target": 43.68509134544189, "params": {"C": 1009.029177313481, "epsilon": 21.79989855249926, "gamma": 0.05382907578078161}}
{"target": 42.07683777569705, "params": {"C": 970.0175779274829, "epsilon": 21.00919373605135, "gamma": 0.042601543382919355}}
{"target": 46.30137885894872, "params": {"C": 969.7792706897551, "epsilon": 22.677207051805883, "gamma": 0.10616257908434391}}
{"target": 42.4369765249392, "params": {"C": 923.2499919419977, "epsilon": 23.277796774723008, "gamma": 0.04511206784697129}}
{"target": 40.5045517035889, "params": {"C": 1049.5395894998385, "epsilon": 25.9743665592715, "gamma": 0.0007109069948014399}}
{"target": 44.34401905277082, "params": {"C": 798.7425854605738, "epsilon": 21.29266860235532, "gamma": 0.07124722571597135}}
{"target": 46.10797878245588, "params": {"C": 1096.3483881136851, "epsilon": 24.668899648614186, "gamma": 0.07964031443891452}}
{"target": 43.86783670519965, "params": {"C": 813.1520009226124, "epsilon": 22.255735411244242, "gamma": 0.06195165392044622}}
{"target": 44.17444007987457, "params": {"C": 1143.146997072889, "epsilon": 23.520226317591376, "gamma": 0.053947037652307794}}
{"target": 42.13161752045877, "params": {"C": 700.2235042082922, "epsilon": 23.795493148196297, "gamma": 0.00034269393532422934}}
{"target": 39.23435373045766, "params": {"C": 704.2061219619038, "epsilon": 24.249227994171452, "gamma": 0.004908356506684206}}
{"target": 40.18003084552122, "params": {"C": 791.4814807456717, "epsilon": 26.139248879217313, "gamma": 0.0014202379970941785}}
{"target": 49.84861340261601, "params": {"C": 1190.4047970137374, "epsilon": 14.178192517929823, "gamma": 0.45673624594565887}}
{"target": 43.50724351570769, "params": {"C": 978.3515002074346, "epsilon": 25.018334484046118, "gamma": 0.05044930040582313}}
{"target": 44.20085923811755, "params": {"C": 796.5666075057198, "epsilon": 24.709877132153558, "gamma": 0.0636465030419988}}
{"target": 44.48078736297812, "params": {"C": 713.4827442660794, "epsilon": 27.20571377145851, "gamma": 0.0707945984385183}}
{"target": 43.8065916781719, "params": {"C": 773.65710439261, "epsilon": 26.934568193963376, "gamma": 0.05777203253554605}}
{"target": 41.034414718628135, "params": {"C": 795.7207353731203, "epsilon": 29.916891514369134, "gamma": 0.0007727251635942104}}
{"target": 47.58256600860532, "params": {"C": 1301.390208664518, "epsilon": 29.671052248680695, "gamma": 0.18885432763973914}}
{"target": 44.5138127819793, "params": {"C": 1016.1240796200923, "epsilon": 26.71129039990773, "gamma": 0.05686876177401641}}
{"target": 40.89059012661115, "params": {"C": 1050.090954675865, "epsilon": 26.851197098630777, "gamma": 0.0005552517047874451}}
{"target": 44.62457193365779, "params": {"C": 974.3963921721787, "epsilon": 28.40867942038679, "gamma": 0.05980851070987246}}
{"target": 39.360952119546326, "params": {"C": 835.9367604663254, "epsilon": 20.648792945111772, "gamma": 0.009801865029744328}}
{"target": 39.74245091224329, "params": {"C": 821.0649563568742, "epsilon": 23.4888314325956, "gamma": 0.0019250425504943932}}
{"target": 44.48254602857726, "params": {"C": 851.1308472774091, "epsilon": 27.38466543664679, "gamma": 0.06275104988814571}}
{"target": 39.39581645736415, "params": {"C": 929.0970379403468, "epsilon": 25.247533128639738, "gamma": 0.0034041315283835673}}
{"target": 40.230318467242206, "params": {"C": 829.905260288469, "epsilon": 23.019835770919546, "gamma": 0.0012815695521734751}}
{"target": 41.45658611031918, "params": {"C": 801.2631594093464, "epsilon": 27.145828664646643, "gamma": 0.00043317823011707144}}
{"target": 40.485508716984434, "params": {"C": 939.0768220337285, "epsilon": 26.680862221989237, "gamma": 0.0007616676932156122}}
{"target": 43.538790485379295, "params": {"C": 787.4885790319162, "epsilon": 28.256477460184975, "gamma": 0.05393641839393623}}
{"target": 44.63359821979671, "params": {"C": 797.1956171750837, "epsilon": 24.40440131437763, "gamma": 0.07086096202010618}}
{"target": 47.31387181015628, "params": {"C": 950.8011165731775, "epsilon": 25.73568952282977, "gamma": 0.12416626840048169}}
{"target": 46.21122597034709, "params": {"C": 822.5684417992503, "epsilon": 29.817179926694376, "gamma": 0.11127450346717774}}
{"target": 43.372172596351874, "params": {"C": 701.1117879472724, "epsilon": 27.75401050081632, "gamma": 0.05541326772601164}}
{"target": 44.68514460828452, "params": {"C": 702.005312150804, "epsilon": 27.168822672847444, "gamma": 0.07553218997761948}}
{"target": 48.073036236985175, "params": {"C": 1280.3378211248614, "epsilon": 13.496612384126214, "gamma": 0.28742030528190393}}
{"target": 45.21076274493892, "params": {"C": 700.0910769194553, "epsilon": 26.790192440979382, "gamma": 0.09976954536298974}}
{"target": 42.62730406984996, "params": {"C": 705.0526687211097, "epsilon": 28.080545165506688, "gamma": 0.04890536910954883}}
{"target": 43.20548026736525, "params": {"C": 845.9432957767833, "epsilon": 24.39876543804843, "gamma": 0.00017388867394495418}}
{"target": 41.05075732007954, "params": {"C": 950.1532342584165, "epsilon": 27.181488593195613, "gamma": 0.0005867997536912403}}
{"target": 39.08178567803934, "params": {"C": 795.1285472900099, "epsilon": 29.990874000624043, "gamma": 0.005660341539616309}}
{"target": 44.67371486368826, "params": {"C": 897.8164065623344, "epsilon": 25.46681441312792, "gamma": 0.06474292850150787}}
{"target": 40.1117582603118, "params": {"C": 874.6367803999098, "epsilon": 25.151552153760477, "gamma": 0.0013935002136059686}}
{"target": 39.752852705241146, "params": {"C": 707.688490380778, "epsilon": 21.968348388102896, "gamma": 0.001975441273314312}}
{"target": 43.28649562905129, "params": {"C": 701.5967931217191, "epsilon": 29.77655971138247, "gamma": 0.0532582073078979}}
{"target": 45.3764361377824, "params": {"C": 702.0917245390971, "epsilon": 20.576015367369635, "gamma": 0.11942060845502704}}
{"target": 43.94835177821348, "params": {"C": 920.4271385263504, "epsilon": 27.007017946051132, "gamma": 0.05432068020097164}}
{"target": 44.030639194443026, "params": {"C": 854.8669910123027, "epsilon": 27.74003895884456, "gamma": 0.05663988021828718}}
{"target": 40.45993479750281, "params": {"C": 1120.9150537046269, "epsilon": 24.1123503794113, "gamma": 0.000767950541169066}}
{"target": 39.709363748797685, "params": {"C": 808.1003321538155, "epsilon": 26.831314580820962, "gamma": 0.0025536824044573104}}
{"target": 45.228165325315636, "params": {"C": 700.0501756654363, "epsilon": 23.497601423800724, "gamma": 0.10227193215627049}}
{"target": 46.92889214147246, "params": {"C": 1028.2746753473186, "epsilon": 21.135235295186607, "gamma": 0.1198635517790635}}
{"target": 44.241248283388515, "params": {"C": 713.4675613496784, "epsilon": 23.884259837659666, "gamma": 0.06975272102545386}}
{"target": 44.438918059405, "params": {"C": 700.8795787500861, "epsilon": 29.96688753409335, "gamma": 0.07023224249875461}}
{"target": 40.89347453973423, "params": {"C": 771.814888871042, "epsilon": 25.595680050483175, "gamma": 0.00065983697338577}}
{"target": 49.4146111652283, "params": {"C": 937.4157465091743, "epsilon": 25.052915243762605, "gamma": 0.3693009926673465}}
{"target": 43.49089761804978, "params": {"C": 985.83961143072, "epsilon": 25.42224928017952, "gamma": 0.0497770882566685}}
{"target": 43.67949178739146, "params": {"C": 854.7676575174714, "epsilon": 24.651376511006863, "gamma": 0.055756938424591035}}
{"target": 42.92559642074518, "params": {"C": 1035.8939423613142, "epsilon": 24.8563333149537, "gamma": 0.00016554821869512945}}
{"target": 42.70961333196603, "params": {"C": 973.4227730157208, "epsilon": 24.98333613791306, "gamma": 0.0441857331343704}}
{"target": 41.26678043824279, "params": {"C": 983.8062367563988, "epsilon": 24.954545846621286, "gamma": 0.00034586336910227486}}
{"target": 45.83308030379957, "params": {"C": 993.8693932992562, "epsilon": 24.368810709200883, "gamma": 0.08242256357249775}}
{"target": 43.0518500925372, "params": {"C": 948.7691371979008, "epsilon": 22.790960078297644, "gamma": 0.049358255378527394}}
{"target": 39.0759547566199, "params": {"C": 704.1134542937609, "epsilon": 29.073797306769, "gamma": 0.008948382397294275}}
{"target": 39.38554419796594, "params": {"C": 700.0573788537421, "epsilon": 27.18772861939419, "gamma": 0.018526583532229142}}
{"target": 43.86792288972053, "params": {"C": 868.0115966919468, "epsilon": 28.716591335649184, "gamma": 0.00016182533620016232}}
{"target": 39.374006782834456, "params": {"C": 858.651045817835, "epsilon": 20.397030934034134, "gamma": 0.003814004165835933}}
{"target": 40.71629898724301, "params": {"C": 864.2270997993103, "epsilon": 28.266562320623624, "gamma": 0.0008132094543986269}}
{"target": 42.43215718937913, "params": {"C": 700.9961601826484, "epsilon": 25.086646386570813, "gamma": 0.05001463118899827}}
{"target": 45.63465032486708, "params": {"C": 913.9162848758527, "epsilon": 29.9443881833639, "gamma": 0.09006126022640114}}
{"target": 43.01082606134763, "params": {"C": 767.4209713191643, "epsilon": 24.082626943085373, "gamma": 0.05342076170597321}}
{"target": 39.88074425104173, "params": {"C": 963.6795462898322, "epsilon": 29.250496251565757, "gamma": 0.001850922848701014}}
{"target": 41.3376091965765, "params": {"C": 918.6256139993438, "epsilon": 22.202690981099977, "gamma": 0.03776162202873916}}
{"target": 44.34475442583975, "params": {"C": 797.8418333193383, "epsilon": 24.289817193738717, "gamma": 0.06596107046715297}}
{"target": 44.033641045674244, "params": {"C": 803.8018250979497, "epsilon": 24.184719773069347, "gamma": 0.06200176391989287}}
{"target": 48.49549029155535, "params": {"C": 1255.3853344176791, "epsilon": 23.36556377470282, "gamma": 0.3338799790522008}}
{"target": 46.00488716086846, "params": {"C": 856.9285652328906, "epsilon": 26.759102449956398, "gamma": 0.10791125306397356}}
{"target": 45.80417776196985, "params": {"C": 839.0954126148504, "epsilon": 27.053658113803976, "gamma": 0.1032380203524031}}
{"target": 43.46983032634123, "params": {"C": 868.6299314685032, "epsilon": 26.434867003205387, "gamma": 0.051826580089801635}}
{"target": 39.44643448262123, "params": {"C": 711.0799294101156, "epsilon": 27.615401143701153, "gamma": 0.0031760075270223648}}
{"target": 40.322289506811906, "params": {"C": 713.5597850461868, "epsilon": 28.262852596429724, "gamma": 0.00149580274315189}}
{"target": 43.55919905295061, "params": {"C": 915.0019615151693, "epsilon": 26.873074690915043, "gamma": 0.05105240288059135}}
{"target": 40.570822159622836, "params": {"C": 930.593577112364, "epsilon": 17.943727148518565, "gamma": 0.0006851905518688965}}
{"target": 44.91790671344747, "params": {"C": 891.1138213689522, "epsilon": 25.117039248413956, "gamma": 0.06909291432534734}}
{"target": 40.8229319903581, "params": {"C": 925.5098390835861, "epsilon": 22.617268733510482, "gamma": 0.0006301964307704154}}
{"target": 42.77512305934358, "params": {"C": 785.7080761687636, "epsilon": 26.142104042902712, "gamma": 0.04888739194509628}}
{"target": 43.43431191602743, "params": {"C": 804.867215146491, "epsilon": 27.24076342812834, "gamma": 0.05273844824973493}}
{"target": 39.844017731194086, "params": {"C": 1033.5489130539622, "epsilon": 29.737592030545898, "gamma": 0.0019242270331551099}}
{"target": 44.82929425475286, "params": {"C": 1062.422376190658, "epsilon": 27.001187307845342, "gamma": 0.05849430787863545}}
{"target": 48.071127171469094, "params": {"C": 1160.213770834264, "epsilon": 27.56238041242291, "gamma": 0.1609613319897321}}
{"target": 40.79009863796322, "params": {"C": 1101.0323197960588, "epsilon": 21.6207816460796, "gamma": 0.03143709977444564}}
{"target": 39.17800472369864, "params": {"C": 700.1951705750588, "epsilon": 23.252572890708, "gamma": 0.006313757614695004}}
{"target": 43.32921429966412, "params": {"C": 889.8790440699892, "epsilon": 22.685422603643886, "gamma": 0.05315195395421614}}
{"target": 44.84720565922619, "params": {"C": 1042.6010776973903, "epsilon": 26.84142102754616, "gamma": 0.05955798092392697}}
{"target": 47.29686309867392, "params": {"C": 910.3693186458953, "epsilon": 22.363682462784702, "gamma": 0.13473186000563572}}
{"target": 42.671604528763524, "params": {"C": 807.691095918504, "epsilon": 25.29250670913403, "gamma": 0.0481672530517135}}
{"target": 40.49253149594627, "params": {"C": 706.8946807841447, "epsilon": 28.18148457136863, "gamma": 0.0013295722841411162}}
{"target": 40.312326841571306, "params": {"C": 992.0001911223763, "epsilon": 24.37003001451993, "gamma": 0.001017341220817666}}
{"target": 40.0339458639028, "params": {"C": 888.8577471557486, "epsilon": 25.557807708048355, "gamma": 0.0014904628225897304}}
{"target": 40.37435015400141, "params": {"C": 887.2061287895441, "epsilon": 23.548591869394123, "gamma": 0.001121395240220877}}
{"target": 43.61466027610995, "params": {"C": 881.5853618362725, "epsilon": 29.97800409936373, "gamma": 0.050583060773680064}}
{"target": 42.38789384977359, "params": {"C": 818.8108610427828, "epsilon": 26.686895149432896, "gamma": 0.044568545651420294}}
{"target": 47.522981919775425, "params": {"C": 862.5314759506084, "epsilon": 26.32791829481184, "gamma": 0.20400926970963082}}
{"target": 49.110623262299676, "params": {"C": 1219.2489926924525, "epsilon": 9.938386416269621, "gamma": 0.22403590532417977}}
{"target": 39.0671085719424, "params": {"C": 702.7069906016109, "epsilon": 26.785606097832467, "gamma": 0.005619076287590375}}
{"target": 39.35634893010936, "params": {"C": 951.1192030490685, "epsilon": 21.818375149052926, "gamma": 0.0034911854529341927}}
{"target": 41.33891459947827, "params": {"C": 700.2854538717484, "epsilon": 25.235115895350344, "gamma": 0.04101571206066276}}
{"target": 42.548423922381915, "params": {"C": 878.5427441165496, "epsilon": 27.40954461021226, "gamma": 0.043525075660113904}}
{"target": 43.91188752874136, "params": {"C": 791.1754931568523, "epsilon": 22.565777909299584, "gamma": 0.06304285867291094}}
{"target": 43.46460574367266, "params": {"C": 873.4276045019457, "epsilon": 25.215755328515773, "gamma": 0.05291765535465194}}
{"target": 44.79307798792932, "params": {"C": 818.2290022820789, "epsilon": 29.991878682500797, "gamma": 0.07060382945306522}}
{"target": 39.72524537142847, "params": {"C": 1110.552236062033, "epsilon": 11.005774578697052, "gamma": 0.023493694417833}}
{"target": 47.46109759088186, "params": {"C": 973.5033140218162, "epsilon": 26.81897158290308, "gamma": 0.12355717033462393}}
{"target": 47.228375141683955, "params": {"C": 762.9200048773704, "epsilon": 27.114673529374606, "gamma": 0.13688746596840515}}
{"target": 47.955462669625305, "params": {"C": 1110.1569179426638, "epsilon": 23.277298734474392, "gamma": 0.13007864066099992}}
{"target": 43.069941704362755, "params": {"C": 792.4803429516139, "epsilon": 26.092003051317207, "gamma": 0.051198203470881484}}
{"target": 43.62830103116835, "params": {"C": 1116.8494786030508, "epsilon": 25.12424034469897, "gamma": 0.047901104942188896}}
{"target": 46.82626499405258, "params": {"C": 1153.3021068434527, "epsilon": 12.537794083250429, "gamma": 0.11245190436596772}}
{"target": 40.4931125357903, "params": {"C": 897.4973187395619, "epsilon": 29.980099249170728, "gamma": 0.0012708656552686617}}
