{"target": 64.00653385546948, "params": {"C": 1137.5662380172785, "epsilon": 9.985185023855221, "gamma": 387.9906778000616}}
{"target": 65.1350032586793, "params": {"C": 736.4378748837177, "epsilon": 31.720466950068815, "gamma": 339.0397796333387}}
{"target": 58.666452206316514, "params": {"C": 17.381480818844505, "epsilon": 0.791847534625392, "gamma": 392.18179107075827}}
{"target": 63.513090432883246, "params": {"C": 820.686304447559, "epsilon": 0.3183766318514347, "gamma": 374.20931408525905}}
{"target": 64.18477576956393, "params": {"C": 580.5190204126837, "epsilon": 13.610623996651437, "gamma": 338.3927613682772}}
{"target": 63.52345920366206, "params": {"C": 616.1801019575176, "epsilon": 0.5274378909856288, "gamma": 406.0391818388806}}
{"target": 66.10206363857472, "params": {"C": 2450.9016082067956, "epsilon": 45.892140255113816, "gamma": 213.83920071583546}}
{"target": 64.17768604959835, "params": {"C": 566.960227657095, "epsilon": 13.463360157010026, "gamma": 489.62737268564956}}
{"target": 63.55626955831643, "params": {"C": 761.8245807281799, "epsilon": 1.197571483754577, "gamma": 305.01015231884924}}
{"target": 64.12807014988599, "params": {"C": 624.8091211562581, "epsilon": 12.438264025096501, "gamma": 328.952679535549}}
{"target": 59.503763152504845, "params": {"C": 59.0106812505525, "epsilon": 0.7392600503356471, "gamma": 281.8416695083933}}
{"target": 64.1369657400074, "params": {"C": 514.1975320521504, "epsilon": 12.623646799164284, "gamma": 317.9115347625424}}
{"target": 64.08504916126172, "params": {"C": 674.1792759380393, "epsilon": 11.557946408413475, "gamma": 417.2211023554106}}
{"target": 64.60104297498374, "params": {"C": 702.7472298915288, "epsilon": 22.20937089040984, "gamma": 414.0190498635986}}
{"target": 59.37692156081897, "params": {"C": 49.96744681793107, "epsilon": 2.3796599669615106, "gamma": 314.80227009834755}}
{"target": 63.58190833141664, "params": {"C": 1622.6056708226336, "epsilon": 1.7227210991266524, "gamma": 446.0250270268376}}
{"target": 64.26721447933201, "params": {"C": 507.19515009161887, "epsilon": 15.334654753830858, "gamma": 445.31569451196196}}
{"target": 63.38049418866901, "params": {"C": 163.21690328119104, "epsilon": 0.06135129928153549, "gamma": 284.48677682557144}}
{"target": 58.235179666596046, "params": {"C": 0.42488309046757644, "epsilon": 2.571813139699286, "gamma": 288.537193821676}}
{"target": 63.57279288307647, "params": {"C": 751.8730948895403, "epsilon": 1.5370887878131996, "gamma": 450.47626387154094}}
{"target": 65.16937108073587, "params": {"C": 735.2473653741702, "epsilon": 32.3061506957206, "gamma": 255.10316986281077}}
{"target": 63.49985710779735, "params": {"C": 1415.4764370649561, "epsilon": 0.047761548010091914, "gamma": 460.5869269617517}}
{"target": 64.66291689238149, "params": {"C": 887.3785113156808, "epsilon": 23.384562618072767, "gamma": 273.36242407521087}}
{"target": 64.11575602092813, "params": {"C": 637.5642940247557, "epsilon": 12.183319901681282, "gamma": 278.24064561758496}}
{"target": 64.20054800746166, "params": {"C": 1247.53988859812, "epsilon": 13.939878392354556, "gamma": 281.01806447052576}}
{"target": 64.46758325249738, "params": {"C": 634.2594957870116, "epsilon": 19.573448825811276, "gamma": 284.426918714377}}
{"target": 59.254559106796236, "params": {"C": 11.41203127866039, "epsilon": 10.181911557231258, "gamma": 239.3808481162841}}
{"target": 63.510061532146764, "params": {"C": 743.6719353099202, "epsilon": 0.2567166514066015, "gamma": 276.34842242999514}}
{"target": 59.60797971554708, "params": {"C": 19.28075007873676, "epsilon": 16.208893935502168, "gamma": 274.55488777239}}
{"target": 64.01667892083218, "params": {"C": 467.8928179310263, "epsilon": 10.187854763590167, "gamma": 249.1497162998458}}
{"target": 64.43972278713412, "params": {"C": 558.657446021396, "epsilon": 18.999082785589305, "gamma": 247.19400172839437}}
{"target": 63.60574728224118, "params": {"C": 593.322643543241, "epsilon": 2.2030076067557194, "gamma": 305.4811444848409}}
{"target": 60.83397399322687, "params": {"C": 44.74530991363143, "epsilon": 32.12445233704722, "gamma": 303.6461716595426}}
{"target": 62.71422649138022, "params": {"C": 102.86232962599041, "epsilon": 11.539658089545533, "gamma": 256.1108280243188}}
{"target": 63.53482423665997, "params": {"C": 451.81632780745235, "epsilon": 0.7580181725616619, "gamma": 228.60381129133648}}
{"target": 64.9828357544205, "params": {"C": 569.1664116227329, "epsilon": 29.124637664609203, "gamma": 335.8053442802995}}
{"target": 64.08041260221005, "params": {"C": 627.4419675524155, "epsilon": 11.465102917722893, "gamma": 224.9643275158252}}
{"target": 60.61040133209631, "params": {"C": 68.12501876005267, "epsilon": 11.677331051281877, "gamma": 232.11426032051693}}
{"target": 63.57619721402523, "params": {"C": 1029.7791464810412, "epsilon": 1.6064598751979149, "gamma": 220.15599837474377}}
{"target": 63.584034929253825, "params": {"C": 1015.142992880025, "epsilon": 1.7657083620045686, "gamma": 279.66053824429224}}
{"target": 64.24131638994251, "params": {"C": 1529.993116451695, "epsilon": 14.793343679532807, "gamma": 239.6681812971799}}
{"target": 60.711160321410794, "params": {"C": 88.11249338622623, "epsilon": 0.2862806158028648, "gamma": 334.8897383510945}}
{"target": 63.574943642309655, "params": {"C": 480.24587383175566, "epsilon": 1.580940914202317, "gamma": 273.27600205979013}}
{"target": 59.66074200473938, "params": {"C": 62.31459197896614, "epsilon": 1.9083321620354203, "gamma": 339.73579877261113}}
{"target": 59.56081918295662, "params": {"C": 21.503191373575014, "epsilon": 14.321426715492525, "gamma": 236.48967474508345}}
{"target": 58.84642357216815, "params": {"C": 19.60346470375457, "epsilon": 2.056847806032311, "gamma": 354.9741771712388}}
{"target": 60.18985221435039, "params": {"C": 58.132520888826164, "epsilon": 12.38525916423486, "gamma": 305.35364162611666}}
{"target": 58.61661969647205, "params": {"C": 15.265106536874287, "epsilon": 0.6770630906003112, "gamma": 260.3052157719063}}
{"target": 63.5295380197896, "params": {"C": 1392.7059595572794, "epsilon": 0.6502566599326233, "gamma": 272.6719687683084}}
{"target": 63.58803084171886, "params": {"C": 720.7903971766262, "epsilon": 1.846112739490985, "gamma": 304.21355120655215}}
{"target": 63.08382310190814, "params": {"C": 138.69463254062128, "epsilon": 1.054892086028383, "gamma": 255.7744117919019}}
{"target": 70.52531878896932, "params": {"C": 4859.855433885614, "epsilon": 93.6208712807271, "gamma": 230.45026077625536}}
{"target": 64.27875920966531, "params": {"C": 637.0467216346905, "epsilon": 15.583098088442796, "gamma": 277.25417364444684}}
{"target": 74.39612624275765, "params": {"C": 3280.6147203286046, "epsilon": 117.45123673125093, "gamma": 369.7387281781514}}
{"target": 64.13920389674752, "params": {"C": 1203.826490982935, "epsilon": 12.670095345926374, "gamma": 297.67622121934545}}
{"target": 63.52675685162325, "params": {"C": 505.27232976178453, "epsilon": 0.5939152625736355, "gamma": 305.7936602429073}}
{"target": 64.25175447203638, "params": {"C": 636.6410835071106, "epsilon": 15.010280277729468, "gamma": 315.0716810648377}}
{"target": 59.614585668901874, "params": {"C": 10.647017065604713, "epsilon": 15.257423905995685, "gamma": 339.95218493858897}}
{"target": 58.28206600446799, "params": {"C": 3.3546722223564895, "epsilon": 2.364450722800887, "gamma": 246.40664002612192}}
{"target": 59.40418385454846, "params": {"C": 48.245162688675514, "epsilon": 3.3639012693658694, "gamma": 252.84349800053127}}
{"target": 64.7205697304491, "params": {"C": 556.8047522385814, "epsilon": 24.47404211790486, "gamma": 233.7943725231652}}
{"target": 59.70731189849994, "params": {"C": 44.37954688896686, "epsilon": 11.780361761923437, "gamma": 320.7995406880982}}
{"target": 58.51929200303023, "params": {"C": 7.831283926831176, "epsilon": 2.9516190046371444, "gamma": 204.446367264682}}
{"target": 64.89187906141223, "params": {"C": 152.24726535277367, "epsilon": 27.897559671701444, "gamma": 267.58795860222403}}
{"target": 61.489864895576964, "params": {"C": 66.33271823981373, "epsilon": 23.14730480462015, "gamma": 239.81157652662765}}
{"target": 63.50178146471292, "params": {"C": 541.6701931956792, "epsilon": 0.08750861027896284, "gamma": 340.09183765126505}}
{"target": 63.13053930375372, "params": {"C": 140.28133666057158, "epsilon": 1.2272918477823986, "gamma": 255.28630099151732}}
{"target": 63.51055517956395, "params": {"C": 189.18253203361584, "epsilon": 0.34669231754082297, "gamma": 282.6102614443223}}
{"target": 59.812977831024206, "params": {"C": 49.89424658866849, "epsilon": 11.00548948967269, "gamma": 261.7973574196326}}
{"target": 63.545015918481965, "params": {"C": 735.5220090141697, "epsilon": 0.9673335254592196, "gamma": 230.90403985569384}}
{"target": 63.62958046148145, "params": {"C": 435.8558414701161, "epsilon": 2.6807677887457837, "gamma": 202.5278232831881}}
{"target": 64.1746977405958, "params": {"C": 1042.7030943757604, "epsilon": 13.401377755843695, "gamma": 287.5587374324186}}
{"target": 63.52137034085926, "params": {"C": 769.5416601293398, "epsilon": 0.48532845105095745, "gamma": 213.07311980271948}}
{"target": 64.18041600255995, "params": {"C": 306.38824181757275, "epsilon": 13.519983832638232, "gamma": 199.83472636017436}}
{"target": 64.1646213861783, "params": {"C": 572.948149417359, "epsilon": 13.192377735673407, "gamma": 249.03351190745525}}
{"target": 63.5321408965721, "params": {"C": 1226.9691239109043, "epsilon": 0.7032107381002933, "gamma": 195.8518179892357}}
{"target": 64.53956226875252, "params": {"C": 1280.119935837872, "epsilon": 21.02444476228706, "gamma": 208.14619897206282}}
{"target": 64.15396913350712, "params": {"C": 881.3939071841522, "epsilon": 12.973502129482117, "gamma": 196.45928237199632}}
{"target": 64.98755351903374, "params": {"C": 559.5135724123476, "epsilon": 29.205523039319537, "gamma": 200.81340488855528}}
{"target": 63.59724518868029, "params": {"C": 629.5360546525903, "epsilon": 2.03175327337974, "gamma": 201.35073658887495}}
{"target": 64.75791604343779, "params": {"C": 819.924643036342, "epsilon": 25.159223479181854, "gamma": 295.52919909738887}}
{"target": 59.13395344576035, "params": {"C": 39.22464664347771, "epsilon": 0.357116347301055, "gamma": 261.02103365476376}}
{"target": 60.30292812438817, "params": {"C": 41.09992810685441, "epsilon": 27.646131895417735, "gamma": 246.5692676080538}}
{"target": 63.97704750714369, "params": {"C": 236.44086163893547, "epsilon": 9.39853591251404, "gamma": 208.20984241239654}}
{"target": 64.7479477063987, "params": {"C": 496.56890512727387, "epsilon": 24.97938030246592, "gamma": 219.31323141707685}}
{"target": 63.5068240902428, "params": {"C": 961.9555718698396, "epsilon": 0.19094615027893075, "gamma": 233.06739418360297}}
{"target": 63.603535079235556, "params": {"C": 755.7845576695923, "epsilon": 2.158377428077046, "gamma": 229.67544375403224}}
{"target": 64.32037530803518, "params": {"C": 208.18901641157112, "epsilon": 16.475559295342983, "gamma": 231.48215276404534}}
{"target": 64.3288051008348, "params": {"C": 569.8768059726135, "epsilon": 16.660498388665367, "gamma": 236.4655695864747}}
{"target": 59.64473014899191, "params": {"C": 23.488320190983604, "epsilon": 23.95468535752513, "gamma": 294.6795303350452}}
{"target": 59.11306552774122, "params": {"C": 7.674274197277132, "epsilon": 10.4127745742571, "gamma": 358.5943360512878}}
{"target": 60.24172869480888, "params": {"C": 55.669877229333906, "epsilon": 14.91676922650644, "gamma": 215.5272751971804}}
{"target": 64.28370251441395, "params": {"C": 355.4125999447883, "epsilon": 15.689559946772022, "gamma": 225.12523766219417}}
{"target": 63.519112495934664, "params": {"C": 899.5007945092361, "epsilon": 0.43981249609792544, "gamma": 353.6983470882052}}
{"target": 59.25251495141015, "params": {"C": 6.718178298609171, "epsilon": 13.949751005742879, "gamma": 268.5688908076478}}
{"target": 59.405879728315426, "params": {"C": 33.84458724960005, "epsilon": 7.132135965812047, "gamma": 272.7920373900858}}
{"target": 63.50918661006524, "params": {"C": 294.05026345800246, "epsilon": 0.2389421042630362, "gamma": 285.68292499270996}}
{"target": 63.38793864601187, "params": {"C": 164.2557744211104, "epsilon": 0.06149923749864275, "gamma": 210.31137697653665}}
{"target": 58.90855355875319, "params": {"C": 18.31085823719024, "epsilon": 3.3561827189834554, "gamma": 252.3468063694603}}
{"target": 60.09277817918203, "params": {"C": 64.35687785713169, "epsilon": 7.21807746582468, "gamma": 227.01342469829922}}
{"target": 63.66469877431426, "params": {"C": 2874.163743778921, "epsilon": 3.379895916335173, "gamma": 267.5991013435231}}
{"target": 63.52680022694117, "params": {"C": 1737.7381635569022, "epsilon": 0.5947896667405426, "gamma": 357.70352366731913}}
{"target": 70.33856007204953, "params": {"C": 4918.597584510293, "epsilon": 92.01512806677874, "gamma": 91.17713075987996}}
{"target": 59.496718224265976, "params": {"C": 19.704343895632512, "epsilon": 9.78624590090922, "gamma": 297.5970661361042}}
{"target": 59.581905096514035, "params": {"C": 39.37881287217281, "epsilon": 10.368621781631681, "gamma": 279.3521440988565}}
{"target": 64.8376978000226, "params": {"C": 641.8727523892744, "epsilon": 26.582265831980745, "gamma": 352.3601348822182}}
{"target": 59.58957645951841, "params": {"C": 14.399265088611573, "epsilon": 13.228300808378297, "gamma": 311.8596344908785}}
{"target": 64.15486430906535, "params": {"C": 1125.7479341112978, "epsilon": 12.991670891134675, "gamma": 216.14448315869464}}
{"target": 59.810851449751034, "params": {"C": 1.7210442163239525, "epsilon": 20.75676579048822, "gamma": 200.21074591969366}}
{"target": 64.1063321623692, "params": {"C": 715.8813999090631, "epsilon": 11.988648668123602, "gamma": 359.6321192441541}}
{"target": 59.61136579743957, "params": {"C": 19.02373051039611, "epsilon": 18.279100916539612, "gamma": 297.21331022058007}}
{"target": 59.37461616938352, "params": {"C": 16.26825826518532, "epsilon": 8.722027875330156, "gamma": 214.11208775083884}}
{"target": 69.9850671126962, "params": {"C": 1026.3862237679496, "epsilon": 88.48083751846156, "gamma": 151.28075681535796}}
{"target": 64.18771159209902, "params": {"C": 705.273869831658, "epsilon": 13.671837152201197, "gamma": 259.8124949261425}}
{"target": 59.551301633544824, "params": {"C": 23.21034308826613, "epsilon": 14.740796928789909, "gamma": 213.441603472633}}
{"target": 63.52846775245862, "params": {"C": 968.1543777993057, "epsilon": 0.6284826672972705, "gamma": 230.34345605109235}}
{"target": 63.50181947710621, "params": {"C": 322.4454254788908, "epsilon": 0.0882937457960413, "gamma": 206.95699200399812}}
{"target": 70.67680128560882, "params": {"C": 818.3644921051114, "epsilon": 94.88288549429363, "gamma": 71.51296137009925}}
{"target": 63.51205561931356, "params": {"C": 832.6413246298063, "epsilon": 0.29726022683888, "gamma": 361.6111747019848}}
{"target": 58.372047105500016, "params": {"C": 3.8656525214901425, "epsilon": 3.5623392163269463, "gamma": 256.4869415754163}}
{"target": 63.56934689088998, "params": {"C": 954.8475518150835, "epsilon": 1.4665299570635106, "gamma": 280.9703796964018}}
{"target": 64.13570408166535, "params": {"C": 744.8240997490788, "epsilon": 12.59746355852879, "gamma": 357.3383261253051}}
{"target": 59.511146087502574, "params": {"C": 18.412733131953615, "epsilon": 10.537545585499167, "gamma": 324.74729129588303}}
{"target": 64.39979386296842, "params": {"C": 1398.7096541606466, "epsilon": 18.168624057177844, "gamma": 315.13415125946386}}
{"target": 64.20309474969986, "params": {"C": 1175.3921088910429, "epsilon": 13.993512310648592, "gamma": 346.6566774971128}}
{"target": 64.81197697622356, "params": {"C": 826.193961452931, "epsilon": 26.121221587022596, "gamma": 340.61424799999907}}
{"target": 58.29512775155674, "params": {"C": 4.098744982144566, "epsilon": 2.264383862738144, "gamma": 416.80818702186593}}
{"target": 64.13453333692209, "params": {"C": 658.6445983284137, "epsilon": 12.573167051062285, "gamma": 317.85345533140236}}
{"target": 64.03870865599256, "params": {"C": 690.3141968431108, "epsilon": 10.63017249316875, "gamma": 322.6353284708414}}
{"target": 64.23933764966098, "params": {"C": 693.1796680783865, "epsilon": 14.751657414050975, "gamma": 342.99226809409157}}
{"target": 59.1208170308348, "params": {"C": 36.93186094272203, "epsilon": 0.7021078412713617, "gamma": 400.94670503254633}}
{"target": 63.95025554608826, "params": {"C": 683.0147041101238, "epsilon": 8.872855866436236, "gamma": 352.2223625576155}}
{"target": 64.46269352421005, "params": {"C": 638.7577720776592, "epsilon": 19.470225249338682, "gamma": 402.80156894988227}}
{"target": 59.12553593554204, "params": {"C": 27.8029204768462, "epsilon": 2.0552361012138656, "gamma": 358.4203023590434}}
{"target": 64.1186781206413, "params": {"C": 771.2828482993941, "epsilon": 12.24383210182162, "gamma": 356.8868123788194}}
{"target": 63.52527197740792, "params": {"C": 692.6662465104482, "epsilon": 0.5639816443879659, "gamma": 276.33653333294205}}
{"target": 59.89724221027643, "params": {"C": 3.610401769186622, "epsilon": 22.794468111673414, "gamma": 276.4590659251287}}
{"target": 59.82341066119943, "params": {"C": 36.37377654728384, "epsilon": 20.403428204722978, "gamma": 310.4577668362222}}
{"target": 63.50316556798725, "params": {"C": 183.230305169983, "epsilon": 0.4120597871636011, "gamma": 300.8762400362684}}
{"target": 63.51805390671221, "params": {"C": 806.1948098301044, "epsilon": 0.41847236824849215, "gamma": 277.67733814837925}}
{"target": 59.12349892743157, "params": {"C": 31.928009613511325, "epsilon": 1.410225604077598, "gamma": 271.2214581634249}}
{"target": 63.51449296317644, "params": {"C": 1181.8158951728014, "epsilon": 0.34668721427755117, "gamma": 288.6700739991412}}
{"target": 58.55652854958449, "params": {"C": 12.634826769096497, "epsilon": 0.5662137703137828, "gamma": 299.62642764276467}}
{"target": 59.600027100817286, "params": {"C": 6.143270669508944, "epsilon": 16.974616613471856, "gamma": 419.5611262755607}}
{"target": 65.17500427019381, "params": {"C": 465.48763121869064, "epsilon": 32.40263376383924, "gamma": 374.3810348971364}}
{"target": 58.89392431150251, "params": {"C": 16.760114070443443, "epsilon": 3.8715916821140204, "gamma": 301.46893683956773}}
{"target": 63.51467582552806, "params": {"C": 530.1089784590313, "epsilon": 0.350373541214118, "gamma": 358.41360330717083}}
{"target": 58.75955528250593, "params": {"C": 20.219286722970057, "epsilon": 0.558756804579913, "gamma": 333.5966839402053}}
{"target": 64.04404180572423, "params": {"C": 716.1558041336366, "epsilon": 10.737415650140386, "gamma": 365.710945481824}}
{"target": 64.10151392261226, "params": {"C": 597.5012805435027, "epsilon": 11.889978794557607, "gamma": 392.93736275607563}}
{"target": 60.53669801777246, "params": {"C": 84.0459572921007, "epsilon": 0.8915763506709022, "gamma": 362.53602996619543}}
{"target": 59.73597311914032, "params": {"C": 66.75265378479278, "epsilon": 0.6638747591847874, "gamma": 383.38277586321004}}
{"target": 63.53102512587907, "params": {"C": 1371.7514700233678, "epsilon": 0.6805110049063021, "gamma": 384.65371128364177}}
{"target": 59.63233836877693, "params": {"C": 34.52233002151547, "epsilon": 14.256719956062053, "gamma": 354.80139576552176}}
{"target": 65.66324698253138, "params": {"C": 3646.347479258301, "epsilon": 40.36349982228751, "gamma": 108.75132825946136}}
{"target": 59.89749010231653, "params": {"C": 35.14620148426897, "epsilon": 24.23576975139793, "gamma": 336.5663703296889}}
{"target": 63.5157254584053, "params": {"C": 219.56642604363026, "epsilon": 0.3715331178648209, "gamma": 202.10634072665124}}
{"target": 64.79608959368883, "params": {"C": 115.77619713642994, "epsilon": 31.833458628609378, "gamma": 356.71141093455606}}
{"target": 63.515144348369276, "params": {"C": 826.2123291809197, "epsilon": 0.35981850543695426, "gamma": 370.5236685686323}}
{"target": 64.86510510961368, "params": {"C": 5326.130101908258, "epsilon": 27.062503497291317, "gamma": 242.32881158316934}}
{"target": 58.32054270754064, "params": {"C": 6.307292111944037, "epsilon": 1.3370356383190984, "gamma": 420.71290116023846}}
{"target": 59.67279442039671, "params": {"C": 10.425748498633688, "epsilon": 16.044435134029314, "gamma": 301.28217731813885}}
{"target": 69.02997204862561, "params": {"C": 1609.8350052978567, "epsilon": 78.44369528881984, "gamma": 470.42271434708834}}
{"target": 64.52350903463567, "params": {"C": 1012.8684044770584, "epsilon": 20.713358863954753, "gamma": 260.61604215181535}}
{"target": 59.60535086910473, "params": {"C": 20.68320165382223, "epsilon": 18.46643215026948, "gamma": 306.1477270958323}}
{"target": 65.330745927534, "params": {"C": 1738.0030426391897, "epsilon": 35.08388037204119, "gamma": 319.3132594479049}}
{"target": 64.20477357350549, "params": {"C": 1407.5717895912971, "epsilon": 14.028868028035447, "gamma": 381.5663654070209}}
{"target": 63.49671846455582, "params": {"C": 187.3751111326042, "epsilon": 0.11298449635460028, "gamma": 322.13692569079717}}
{"target": 64.14534511675583, "params": {"C": 706.7891271392011, "epsilon": 12.796886907756953, "gamma": 389.36739907259226}}
{"target": 59.83011314377704, "params": {"C": 7.615540306961688, "epsilon": 20.957117443096248, "gamma": 388.8313315172402}}
{"target": 64.41252335299723, "params": {"C": 770.1302677664489, "epsilon": 18.430515514331795, "gamma": 230.25329366109963}}
{"target": 63.50003189104338, "params": {"C": 1308.938383219625, "epsilon": 0.05137164783287161, "gamma": 386.62369647207197}}
{"target": 64.06592013054855, "params": {"C": 685.9858575981466, "epsilon": 11.17490243869524, "gamma": 378.6460017892068}}
{"target": 60.64724663812774, "params": {"C": 50.03089787564177, "epsilon": 26.020021157788875, "gamma": 352.7030961047273}}
{"target": 64.06452359123772, "params": {"C": 778.7644985455036, "epsilon": 11.146937824621508, "gamma": 362.1366926998279}}
