{"target": 49.09782565476267, "params": {"C": 1440.4732285348894, "epsilon": 16.711389985891497, "gamma": 0.16173506710739632}}
{"target": 46.996342293980604, "params": {"C": 1072.1345854114954, "epsilon": 23.420484852878282, "gamma": 0.11213335968359373}}
{"target": 43.64724917025241, "params": {"C": 901.3698818362341, "epsilon": 25.64207560002589, "gamma": 0.053384442010920866}}
{"target": 40.79701904093129, "params": {"C": 883.1525490661658, "epsilon": 21.511029858353886, "gamma": 0.0006270639742652524}}
{"target": 42.608372572398835, "params": {"C": 863.9900340914899, "epsilon": 25.109633628484485, "gamma": 0.046116902116050795}}
{"target": 39.39072233282202, "params": {"C": 873.6765640737665, "epsilon": 27.844053034852404, "gamma": 0.0031425429468243714}}
{"target": 43.773359730501305, "params": {"C": 702.2485528736022, "epsilon": 24.349269135483187, "gamma": 0.062470021661549247}}
{"target": 40.43304682206275, "params": {"C": 766.2487358391697, "epsilon": 25.455795085387756, "gamma": 0.0009609721718038047}}
{"target": 39.70337712150222, "params": {"C": 702.4529037168281, "epsilon": 20.940180758864237, "gamma": 0.0026023639250602453}}
{"target": 39.45470425499415, "params": {"C": 1003.0612657821509, "epsilon": 24.463880072861283, "gamma": 0.002977988321384387}}
{"target": 44.147499965693484, "params": {"C": 784.6917166676699, "epsilon": 27.65838714393307, "gamma": 0.060989601526423784}}
{"target": 40.524506857529545, "params": {"C": 965.3807140207894, "epsilon": 28.222747629403223, "gamma": 0.0010631006439452417}}
{"target": 47.66076374022608, "params": {"C": 1215.2418557072888, "epsilon": 23.718844457407894, "gamma": 0.2611504073969392}}
{"target": 39.786513662720765, "params": {"C": 794.4716688868571, "epsilon": 21.062275630125974, "gamma": 0.0021078519513777535}}
{"target": 46.15567940712056, "params": {"C": 977.4201107938632, "epsilon": 26.90085844356688, "gamma": 0.09819511417485415}}
{"target": 43.831043593341555, "params": {"C": 1104.8049977086262, "epsilon": 27.522398318332083, "gamma": 0.04823158244377458}}
{"target": 43.409687785829995, "params": {"C": 861.4715428014993, "epsilon": 25.3802858333682, "gamma": 0.05265945810979861}}
{"target": 43.35995679819932, "params": {"C": 1014.0589891364507, "epsilon": 22.307900290442593, "gamma": 0.050156893135884215}}
{"target": 43.96757557082847, "params": {"C": 1042.431638841208, "epsilon": 29.434385868130207, "gamma": 0.049758142050549785}}
{"target": 49.55693740980587, "params": {"C": 1348.4535831250207, "epsilon": 8.113292933633431, "gamma": 0.225691861416166}}
{"target": 45.333830691173866, "params": {"C": 886.5718822833534, "epsilon": 22.237959556810466, "gamma": 0.08290923622015794}}
{"target": 44.45899385165086, "params": {"C": 976.7839791107357, "epsilon": 29.960322226489176, "gamma": 0.05700266024469436}}
{"target": 48.3411313395368, "params": {"C": 1487.1159046718171, "epsilon": 27.191711927404583, "gamma": 0.3026128447047821}}
{"target": 51.01354185759315, "params": {"C": 1175.219194116985, "epsilon": 20.43428734293213, "gamma": 0.4725425971250705}}
{"target": 39.573459809455336, "params": {"C": 701.0343374716807, "epsilon": 28.64208393647458, "gamma": 0.0028956143449957537}}
{"target": 42.77329973283346, "params": {"C": 825.6784437768088, "epsilon": 23.058645585427513, "gamma": 0.05071228190495825}}
{"target": 45.25777944801833, "params": {"C": 703.8847145092362, "epsilon": 26.062672884499822, "gamma": 0.1010692130944786}}
{"target": 39.36454049995774, "params": {"C": 1048.1968300403564, "epsilon": 26.683195473664366, "gamma": 0.0028611373491149016}}
{"target": 45.525446073127405, "params": {"C": 734.5809423887333, "epsilon": 29.982295252313232, "gamma": 0.10740254033806183}}
{"target": 45.476239437233914, "params": {"C": 782.9394619724596, "epsilon": 26.65834530240795, "gamma": 0.09719675178921004}}
{"target": 40.26860207583751, "params": {"C": 794.2177126472372, "epsilon": 26.409305061171537, "gamma": 0.0011761931206746177}}
{"target": 42.34407640422265, "params": {"C": 704.3117288857522, "epsilon": 21.979354998623975, "gamma": 0.05184972777602426}}
{"target": 45.31014147751947, "params": {"C": 948.3857794093386, "epsilon": 26.608500321541683, "gamma": 0.07019115295608577}}
{"target": 45.92065250564328, "params": {"C": 775.3285273225192, "epsilon": 24.24262256649782, "gamma": 0.11817364768915835}}
{"target": 40.13876146305136, "params": {"C": 853.8099768793575, "epsilon": 24.24293028056601, "gamma": 0.0012893083264937742}}
{"target": 47.275340734237474, "params": {"C": 1188.8724539063162, "epsilon": 21.937977153718524, "gamma": 0.11133369429431157}}
{"target": 39.2227276143755, "params": {"C": 800.1916161954255, "epsilon": 28.22783358698288, "gamma": 0.004304668313118371}}
{"target": 48.44775260424573, "params": {"C": 1212.5200654305488, "epsilon": 23.432005042403443, "gamma": 0.14366485164096882}}
{"target": 42.774433508590576, "params": {"C": 700.9862573212083, "epsilon": 27.17648987155285, "gamma": 0.050804835554415236}}
{"target": 43.95090359240878, "params": {"C": 773.8434798453201, "epsilon": 27.802328625011885, "gamma": 0.05875978312281695}}
{"target": 44.56084308823973, "params": {"C": 901.974506086241, "epsilon": 27.722762131155555, "gamma": 0.061773037242846836}}
{"target": 44.586716008321616, "params": {"C": 1054.4443557220823, "epsilon": 24.130912952374466, "gamma": 0.0589257663363029}}
{"target": 46.37396157456739, "params": {"C": 883.8078917429991, "epsilon": 27.05786295991613, "gamma": 0.11247154991184462}}
{"target": 44.717924742850116, "params": {"C": 1067.1739352336551, "epsilon": 23.82997808676031, "gamma": 0.06025540608344025}}
{"target": 41.39790736966224, "params": {"C": 875.6478888158692, "epsilon": 27.16221765947282, "gamma": 0.00044279295533488673}}
{"target": 41.18587735562996, "params": {"C": 797.0078468948656, "epsilon": 23.47568875543205, "gamma": 0.00047931667579402017}}
{"target": 44.39732181829788, "params": {"C": 700.4415921598847, "epsilon": 28.153878971980077, "gamma": 0.06941015142701143}}
{"target": 41.78504241379959, "params": {"C": 784.4270111032748, "epsilon": 24.161175659885565, "gamma": 0.04279776756291587}}
{"target": 39.83012911444168, "params": {"C": 908.7549705178214, "epsilon": 24.78099703499607, "gamma": 0.001626570953988632}}
{"target": 43.66347046113907, "params": {"C": 795.8987657960237, "epsilon": 29.64798137848169, "gamma": 0.05402362621773682}}
{"target": 42.851525026049366, "params": {"C": 786.8424413409762, "epsilon": 24.700753751849216, "gamma": 0.051142835121295846}}
{"target": 43.59463413987984, "params": {"C": 959.8875541436139, "epsilon": 26.154484033465792, "gamma": 0.05073203311460124}}
{"target": 46.34467226488364, "params": {"C": 956.9232142518032, "epsilon": 23.363375286870454, "gamma": 0.10811991838821022}}
{"target": 47.14633357114444, "params": {"C": 1036.9566862943807, "epsilon": 18.45828388607072, "gamma": 0.12706583370385094}}
{"target": 39.498371194583825, "params": {"C": 908.6587641640572, "epsilon": 24.81842584964516, "gamma": 0.00241420604902998}}
{"target": 43.75182978081709, "params": {"C": 992.7560920068431, "epsilon": 23.26415742848124, "gamma": 0.05366642290725886}}
{"target": 44.28061163831452, "params": {"C": 857.7324000039819, "epsilon": 29.869764823461175, "gamma": 0.05916566870936501}}
{"target": 41.487990248889176, "params": {"C": 775.2987269225138, "epsilon": 27.980768567273714, "gamma": 0.0005028341183681935}}
{"target": 39.724074838010345, "params": {"C": 978.2432800240176, "epsilon": 22.655995694081994, "gamma": 0.0020063051320442435}}
{"target": 39.163884554531634, "params": {"C": 900.6082118111829, "epsilon": 27.080360393287368, "gamma": 0.004408947231877059}}
{"target": 44.64968554847497, "params": {"C": 899.8381984533087, "epsilon": 27.44179152643083, "gamma": 0.06338412323904988}}
{"target": 43.39038853118866, "params": {"C": 785.4356723578694, "epsilon": 25.87940793934125, "gamma": 0.05425452815733383}}
{"target": 40.74683051653526, "params": {"C": 712.0679036265384, "epsilon": 23.01043329807539, "gamma": 0.0009149318729653102}}
{"target": 42.98697221449625, "params": {"C": 849.4219298197794, "epsilon": 22.116292241069615, "gamma": 0.05214467384455931}}
{"target": 43.94625211751806, "params": {"C": 898.7720779169324, "epsilon": 22.84333890651119, "gamma": 0.059245112267103675}}
{"target": 43.62476790325685, "params": {"C": 868.0017708701831, "epsilon": 22.670620588672076, "gamma": 0.05618140586942301}}
{"target": 44.53869693446863, "params": {"C": 989.6273680143856, "epsilon": 24.98299097075864, "gamma": 0.05960989858474694}}
{"target": 47.61795341314773, "params": {"C": 764.938404234224, "epsilon": 26.178779692599893, "gamma": 0.19585074090291382}}
{"target": 44.69531346352032, "params": {"C": 796.2707966646014, "epsilon": 27.911496772118795, "gamma": 0.0687574898846466}}
{"target": 41.224573589313344, "params": {"C": 965.9361044638346, "epsilon": 26.989509781170597, "gamma": 0.00046101766875769265}}
{"target": 44.50586637204027, "params": {"C": 761.9568261136318, "epsilon": 24.89189330985508, "gamma": 0.070165603341522}}
{"target": 45.68280077006476, "params": {"C": 814.2992337439954, "epsilon": 19.87584025239957, "gamma": 0.11437491442488956}}
{"target": 41.055260629368924, "params": {"C": 920.1369028810234, "epsilon": 24.539780251097337, "gamma": 0.000531953606889797}}
{"target": 40.803892374189154, "params": {"C": 976.9335339794934, "epsilon": 29.79400544078207, "gamma": 0.0008065715220013734}}
{"target": 40.59216069065851, "params": {"C": 844.5270261437164, "epsilon": 20.546388994587122, "gamma": 0.0009088407281614697}}
{"target": 41.18235756069779, "params": {"C": 1073.482675417041, "epsilon": 27.059271070167277, "gamma": 0.00043818101393895}}
{"target": 49.29496070386872, "params": {"C": 1430.7882952863263, "epsilon": 10.634814771375817, "gamma": 0.44285291123070886}}
{"target": 41.040999348080014, "params": {"C": 700.9707562278506, "epsilon": 24.93449708566296, "gamma": 0.03856293281660881}}
{"target": 42.39522892042423, "params": {"C": 981.3738791926088, "epsilon": 23.59810531058409, "gamma": 0.00021062562326101125}}
{"target": 40.84613493363237, "params": {"C": 732.0379378584623, "epsilon": 27.19868865091651, "gamma": 0.000841371387707404}}
{"target": 39.29529799889333, "params": {"C": 1061.7469586065079, "epsilon": 22.601095482626903, "gamma": 0.007588311469145375}}
{"target": 43.61610987693615, "params": {"C": 822.0788782717432, "epsilon": 25.032909846114105, "gamma": 0.05595210992691668}}
{"target": 43.9551128769773, "params": {"C": 790.2192415212106, "epsilon": 27.272136181147765, "gamma": 0.00016988185707587922}}
{"target": 47.92320059312871, "params": {"C": 928.9268027365317, "epsilon": 23.7888367005463, "gamma": 0.17427997916057042}}
{"target": 43.7341933344911, "params": {"C": 708.2192746934883, "epsilon": 24.544349230976643, "gamma": 0.061596048730501216}}
{"target": 44.423118709678434, "params": {"C": 986.8043015519655, "epsilon": 26.034963028659412, "gamma": 0.05734530857499409}}
{"target": 43.586041740670694, "params": {"C": 945.9750852634666, "epsilon": 21.49017165702643, "gamma": 0.054759154177497944}}
{"target": 42.65019639650932, "params": {"C": 703.4736183603138, "epsilon": 29.535119576013216, "gamma": 0.047899680288849444}}
{"target": 51.06410726360734, "params": {"C": 1433.808845086849, "epsilon": 16.896126822701916, "gamma": 0.497673199393478}}
{"target": 43.990644132918966, "params": {"C": 907.6816435845121, "epsilon": 26.24616646033268, "gamma": 0.055662356564344505}}
{"target": 43.580522070792554, "params": {"C": 881.8203564459401, "epsilon": 27.731511836676027, "gamma": 0.051577895847667816}}
{"target": 46.37539149837902, "params": {"C": 781.2410595164031, "epsilon": 25.79030103660159, "gamma": 0.12342269175643664}}
{"target": 39.87656910856102, "params": {"C": 806.5408365035587, "epsilon": 23.3491531359621, "gamma": 0.0016416618654894986}}
{"target": 39.21140007417237, "params": {"C": 700.4842510156913, "epsilon": 28.276302341073965, "gamma": 0.012598532806265954}}
{"target": 42.49811764821802, "params": {"C": 813.6861236205275, "epsilon": 25.541627058995672, "gamma": 0.04613968479066976}}
{"target": 46.643490215931806, "params": {"C": 917.140539801184, "epsilon": 26.108709138777623, "gamma": 0.11547338985092516}}
{"target": 43.83130233553852, "params": {"C": 785.2827791561294, "epsilon": 26.09784578208982, "gamma": 0.05831886217204747}}
{"target": 44.231191296180256, "params": {"C": 703.281789945427, "epsilon": 25.88886013523638, "gamma": 0.06770504715135298}}
{"target": 39.136426624043715, "params": {"C": 878.7945412965763, "epsilon": 27.720230690977868, "gamma": 0.004642135774736219}}
{"target": 45.675940945974425, "params": {"C": 704.3864757292497, "epsilon": 27.839837001078095, "gamma": 0.11500504249525945}}
{"target": 47.11289926720865, "params": {"C": 806.89903381007, "epsilon": 28.3359416146143, "gamma": 0.12844418920894057}}
{"target": 39.06549067911074, "params": {"C": 703.3820002371062, "epsilon": 24.93390711011277, "gamma": 0.006806675931696661}}
{"target": 44.3254567429233, "params": {"C": 799.0046501293646, "epsilon": 29.74233492773482, "gamma": 0.062478092138227394}}
{"target": 39.51565996696312, "params": {"C": 804.7620447807901, "epsilon": 29.407136062507377, "gamma": 0.003221162989322528}}
{"target": 39.838956813093304, "params": {"C": 830.3194912063037, "epsilon": 23.458928240338025, "gamma": 0.0017229838036734273}}
{"target": 47.705302887131005, "params": {"C": 897.7653875401164, "epsilon": 29.743672689634494, "gamma": 0.18269951671293225}}
{"target": 44.88887559788612, "params": {"C": 888.4445620021171, "epsilon": 25.48693689563447, "gamma": 0.06835614632376547}}
{"target": 39.34495128864472, "params": {"C": 782.4910871812814, "epsilon": 26.428069202017692, "gamma": 0.0035823304339971072}}
{"target": 42.60644144303643, "params": {"C": 702.2841881690357, "epsilon": 22.944272200012925, "gamma": 0.05359506451674994}}
{"target": 43.707531458027105, "params": {"C": 1028.4861283557789, "epsilon": 20.34358902927084, "gamma": 0.0552848182018157}}
{"target": 40.83965724956769, "params": {"C": 773.7543352170746, "epsilon": 28.327872274918896, "gamma": 0.0008213322186140688}}
{"target": 44.59454999460634, "params": {"C": 809.7070780993969, "epsilon": 22.799016306526347, "gamma": 0.07187839479540237}}
{"target": 43.37740469891412, "params": {"C": 1008.4074633127005, "epsilon": 26.152750121403784, "gamma": 0.04728027595242382}}
{"target": 46.587519213465995, "params": {"C": 908.219363834423, "epsilon": 24.31794100486878, "gamma": 0.11779180327327317}}
{"target": 45.03915286456427, "params": {"C": 839.6672322644987, "epsilon": 23.815564691861027, "gamma": 0.07748362885310126}}
{"target": 39.08954000153186, "params": {"C": 1084.8081848300808, "epsilon": 29.06570129146524, "gamma": 0.004732779050396343}}
{"target": 44.54031940818882, "params": {"C": 835.3215129402611, "epsilon": 26.94559404350731, "gamma": 0.06463755072860944}}
{"target": 44.751315872111014, "params": {"C": 1079.366087338728, "epsilon": 24.380626599920276, "gamma": 0.059431101116716664}}
{"target": 49.358820009864345, "params": {"C": 1082.6357516044454, "epsilon": 8.16119226737456, "gamma": 0.18500203376017493}}
{"target": 39.83172041871955, "params": {"C": 793.5774522171171, "epsilon": 25.277289637203864, "gamma": 0.0018935763213551067}}
{"target": 40.40557662849055, "params": {"C": 793.3001651424032, "epsilon": 28.23081786213296, "gamma": 0.001313586211657788}}
{"target": 40.33263977730273, "params": {"C": 895.3082775304539, "epsilon": 19.8135741455388, "gamma": 0.0011291972482092311}}
{"target": 40.026586432994876, "params": {"C": 1015.2512565379677, "epsilon": 25.72945722711171, "gamma": 0.001426261471746698}}
{"target": 46.04429172869034, "params": {"C": 924.6481065724815, "epsilon": 29.90461181956058, "gamma": 0.10090318983215607}}
{"target": 42.56614269871038, "params": {"C": 785.2747155337654, "epsilon": 24.435715938608165, "gamma": 0.0002565177511569903}}
{"target": 47.92330470583895, "params": {"C": 967.5256969461228, "epsilon": 19.16377223331144, "gamma": 0.29199425060824435}}
{"target": 39.113076272208176, "params": {"C": 700.7286956429887, "epsilon": 24.846731448225594, "gamma": 0.009909090860911608}}
{"target": 42.94832040462473, "params": {"C": 917.4861895438181, "epsilon": 26.604168320192656, "gamma": 0.04591822973621086}}
{"target": 41.50269778753992, "params": {"C": 851.2282647509488, "epsilon": 26.89670726425841, "gamma": 0.0003832643907406546}}
{"target": 47.14188129414108, "params": {"C": 700.0478828185353, "epsilon": 25.933688657007497, "gamma": 0.14500124053173363}}
{"target": 45.25245976181856, "params": {"C": 788.3643919553185, "epsilon": 27.314711204285533, "gamma": 0.08219315084064942}}
{"target": 45.293448917032194, "params": {"C": 969.6493912522791, "epsilon": 22.07494497289995, "gamma": 0.07717899566966858}}
{"target": 43.64504800072651, "params": {"C": 952.0158113453314, "epsilon": 21.865390206190707, "gamma": 0.054827110874461446}}
{"target": 39.11062825862938, "params": {"C": 789.5880668493878, "epsilon": 29.993051175199053, "gamma": 0.008075968800593634}}
{"target": 43.96865704892775, "params": {"C": 797.0970375653956, "epsilon": 29.835195971300077, "gamma": 0.00017723919382829634}}
{"target": 41.955079252272334, "params": {"C": 702.7287533472672, "epsilon": 27.088440465506423, "gamma": 0.0448090441446352}}
{"target": 43.70579827629915, "params": {"C": 865.4275785087673, "epsilon": 27.66612960331381, "gamma": 0.05336678277814594}}
{"target": 45.93255036075887, "params": {"C": 833.5212528954265, "epsilon": 22.743709879895153, "gamma": 0.11297955764833206}}
{"target": 44.390225487151056, "params": {"C": 700.1726576711883, "epsilon": 26.84392124683165, "gamma": 0.07007106283053091}}
{"target": 51.278671970105826, "params": {"C": 964.5803341039971, "epsilon": 22.268187231253677, "gamma": 0.4722896623419009}}
{"target": 39.7138116684947, "params": {"C": 908.559733353133, "epsilon": 24.117925736345835, "gamma": 0.0018406710862813157}}
{"target": 40.672498977831104, "params": {"C": 1017.7399269922495, "epsilon": 29.561787927595837, "gamma": 0.0009171100128147116}}
{"target": 44.17993984317552, "params": {"C": 938.5763181475743, "epsilon": 23.223104762228452, "gamma": 0.060056822153789866}}
{"target": 43.2254826022698, "params": {"C": 791.9529838281487, "epsilon": 25.262271263443097, "gamma": 0.05321137416077106}}
{"target": 40.75172370574629, "params": {"C": 1039.4780047716388, "epsilon": 20.513911226580507, "gamma": 0.0005461305781378975}}
{"target": 39.27167269011412, "params": {"C": 962.3462149113519, "epsilon": 27.0662690228389, "gamma": 0.0034074333230714217}}
{"target": 45.25856247917714, "params": {"C": 952.3463518725376, "epsilon": 24.082384020464648, "gamma": 0.07366530231963987}}
{"target": 40.08432195185959, "params": {"C": 937.4230263806385, "epsilon": 26.81623078950565, "gamma": 0.0015703822291510128}}
{"target": 47.01685553108031, "params": {"C": 977.7598383172103, "epsilon": 26.348463153929966, "gamma": 0.11623820878002071}}
{"target": 43.25974696783548, "params": {"C": 880.0179519737899, "epsilon": 26.85233658431013, "gamma": 0.049334651912569284}}
{"target": 45.815453354352954, "params": {"C": 785.5475269556796, "epsilon": 22.842775528228557, "gamma": 0.11615938983089061}}
{"target": 48.34864855081504, "params": {"C": 1140.6783194150921, "epsilon": 19.516048799648996, "gamma": 0.33940451137400973}}
{"target": 43.57762135098558, "params": {"C": 862.4090280028745, "epsilon": 25.543705623478317, "gamma": 0.05398055725943672}}
{"target": 44.61733681353151, "params": {"C": 791.4806167411964, "epsilon": 29.8412643639096, "gamma": 0.0678586183036218}}
{"target": 41.308918722878914, "params": {"C": 899.6623750065389, "epsilon": 26.66907447180318, "gamma": 0.0004372661923678599}}
{"target": 45.276062945280856, "params": {"C": 1163.7572142026659, "epsilon": 25.51228879374087, "gamma": 0.060986476604536155}}
{"target": 45.9780162768372, "params": {"C": 1071.503767522738, "epsilon": 25.142001058584704, "gamma": 0.07720515321869445}}
{"target": 39.88450013544916, "params": {"C": 1276.4716452583698, "epsilon": 10.408957207356199, "gamma": 0.005776152678635682}}
{"target": 46.26706297697352, "params": {"C": 1029.9780373250346, "epsilon": 26.749345769751436, "gamma": 0.0947117147542423}}
{"target": 40.489235906299406, "params": {"C": 701.6851835513369, "epsilon": 24.96404289988104, "gamma": 0.033519001272234915}}
{"target": 43.69761692849449, "params": {"C": 980.5860208141362, "epsilon": 26.818739269363558, "gamma": 0.0506917874399059}}
{"target": 44.23031924655985, "params": {"C": 844.2918791253014, "epsilon": 28.067711977119647, "gamma": 0.059435147624327084}}
{"target": 43.27205815840118, "params": {"C": 858.2367180416556, "epsilon": 23.985543415943273, "gamma": 0.052671536040657725}}
{"target": 40.49107354540304, "params": {"C": 807.1035112487107, "epsilon": 25.769564198748643, "gamma": 0.0008106047823489056}}
{"target": 39.677252820424215, "params": {"C": 814.1495697139464, "epsilon": 22.149868543079307, "gamma": 0.002316546854407754}}
{"target": 43.42132321171428, "params": {"C": 700.0817924248488, "epsilon": 20.875555744020005, "gamma": 0.06301174707198587}}
{"target": 39.07219817239671, "params": {"C": 700.8892547321431, "epsilon": 26.698264046665138, "gamma": 0.01269247658460106}}
{"target": 44.12931414302511, "params": {"C": 786.2171164385344, "epsilon": 22.32277842148507, "gamma": 0.06697460402515679}}
{"target": 39.74615204449015, "params": {"C": 959.9381805646829, "epsilon": 24.747941532758652, "gamma": 0.0018013759410129612}}
{"target": 42.60875643656753, "params": {"C": 1048.1816760888526, "epsilon": 23.967990560188888, "gamma": 0.04296135676923824}}
{"target": 50.40269655440536, "params": {"C": 963.8061517274639, "epsilon": 11.74279221641008, "gamma": 0.4972493498952498}}
{"target": 40.784474285642844, "params": {"C": 862.9035033106179, "epsilon": 27.446614149321764, "gamma": 0.0007456939120611978}}
