{"target": 65.41377704774315, "params": {"C": 2944.6828518956077, "epsilon": 36.51035311385261, "gamma": 103.27221537834374}}
{"target": 63.31229789698451, "params": {"C": 822.2662965417665, "epsilon": 22.348349945071433, "gamma": 1.9107778165887324}}
{"target": 64.33198326394718, "params": {"C": 1343.077661200333, "epsilon": 16.235548214910956, "gamma": 8.622718245909422}}
{"target": 64.74558457902141, "params": {"C": 1293.132865034712, "epsilon": 24.936237507963398, "gamma": 69.13004758013649}}
{"target": 64.49856850344176, "params": {"C": 1283.4897285843354, "epsilon": 20.213691675288807, "gamma": 85.8762091859429}}
{"target": 63.504903492976474, "params": {"C": 1301.5635715198575, "epsilon": 29.342235161013885, "gamma": 1.7585781222837957}}
{"target": 65.07801328894759, "params": {"C": 1286.7533079039224, "epsilon": 30.751677487371055, "gamma": 60.77715741049353}}
{"target": 65.42236252602785, "params": {"C": 1255.3250206185392, "epsilon": 36.656370145471, "gamma": 86.64183275020557}}
{"target": 64.5655850165912, "params": {"C": 3610.441984050698, "epsilon": 21.526024770592883, "gamma": 55.06924153212029}}
{"target": 65.46645004245782, "params": {"C": 1817.8290454080204, "epsilon": 37.80044976693466, "gamma": 4.388236408573304}}
{"target": 65.0822416436167, "params": {"C": 978.4260611407764, "epsilon": 31.28859899236967, "gamma": 4.351367877614039}}
{"target": 63.83310109642108, "params": {"C": 1437.5548298931803, "epsilon": 5.770028105760814, "gamma": 6.984353997411456}}
{"target": 64.03513920820265, "params": {"C": 2817.0344664920076, "epsilon": 9.807177697327429, "gamma": 7.425173174851564}}
{"target": 65.50560579589765, "params": {"C": 2090.8818036895705, "epsilon": 41.663388967421255, "gamma": 2.846161536373549}}
{"target": 64.82440024987446, "params": {"C": 2700.807050295529, "epsilon": 26.29443285140145, "gamma": 16.96089963086439}}
{"target": 65.15280512413483, "params": {"C": 2605.957151119207, "epsilon": 31.9884835897467, "gamma": 18.095229600652786}}
{"target": 63.66129345227989, "params": {"C": 2193.347717091351, "epsilon": 3.3127194766125854, "gamma": 98.37142938926914}}
{"target": 64.94426169503913, "params": {"C": 1848.7796672495115, "epsilon": 28.29383937519354, "gamma": 11.42370531068744}}
{"target": 63.69504250061338, "params": {"C": 879.9359090253874, "epsilon": 3.9685288161561125, "gamma": 66.20115230312913}}
{"target": 65.97832507875512, "params": {"C": 1724.519694416374, "epsilon": 44.3984378106806, "gamma": 83.09151312493103}}
{"target": 49.27700916197589, "params": {"C": 1031.9934200415616, "epsilon": 7.400217874605268, "gamma": 0.18791558753408322}}
{"target": 65.60264849925169, "params": {"C": 1391.321600037144, "epsilon": 39.489293124887496, "gamma": 52.24601453985892}}
{"target": 60.18269759873259, "params": {"C": 2099.16456256259, "epsilon": 36.16446656052679, "gamma": 0.9324829076947405}}
{"target": 65.82564573833633, "params": {"C": 1188.6020364058736, "epsilon": 42.51801300974337, "gamma": 64.42783224126069}}
{"target": 63.587844573747326, "params": {"C": 5937.076280784421, "epsilon": 1.842364719376647, "gamma": 467.7540846690928}}
{"target": 63.53659894226521, "params": {"C": 1205.2294485562225, "epsilon": 0.744169595471389, "gamma": 20.706441923030102}}
{"target": 64.03552999199069, "params": {"C": 1061.2313484974088, "epsilon": 10.565471424393099, "gamma": 35.017716764495894}}
{"target": 63.88631455228896, "params": {"C": 1139.973188811457, "epsilon": 7.571528053034079, "gamma": 18.337226113837275}}
{"target": 60.332021989748796, "params": {"C": 1153.5852163028624, "epsilon": 5.496821422605626, "gamma": 1.3649134499251958}}
{"target": 58.93638794444477, "params": {"C": 11.991630711412085, "epsilon": 5.512021725531743, "gamma": 5.217596001692008}}
{"target": 64.03385296716193, "params": {"C": 336.252119459623, "epsilon": 12.177126985157948, "gamma": 3.7682829469300643}}
{"target": 63.93067567979419, "params": {"C": 933.562879832359, "epsilon": 8.489355628947205, "gamma": 70.17025811864215}}
{"target": 64.16428604122714, "params": {"C": 927.8223844312549, "epsilon": 13.1074146231695, "gamma": 16.504989731932266}}
{"target": 63.54919248461756, "params": {"C": 1705.7605280242033, "epsilon": 0.27615366063468727, "gamma": 5.051324776401581}}
{"target": 63.922144732951224, "params": {"C": 1277.8678406180247, "epsilon": 8.322042085864771, "gamma": 61.45702870591985}}
{"target": 64.37730251183359, "params": {"C": 1350.04276915214, "epsilon": 17.708925360540444, "gamma": 62.36085348115022}}
{"target": 64.11824739256183, "params": {"C": 1347.1508392507894, "epsilon": 12.23490603569876, "gamma": 82.77939221782128}}
{"target": 56.5613050470943, "params": {"C": 854.7660800463481, "epsilon": 5.840872037203084, "gamma": 0.917346343811605}}
{"target": 64.19063820317828, "params": {"C": 1666.226046994114, "epsilon": 13.73285813442457, "gamma": 74.97206790148428}}
{"target": 50.40414977973387, "params": {"C": 1061.6161286286915, "epsilon": 26.892315943019927, "gamma": 0.3994362349719946}}
{"target": 62.006991125770526, "params": {"C": 1502.0525058374383, "epsilon": 18.022928804637864, "gamma": 1.5450737831131895}}
{"target": 62.333700441964126, "params": {"C": 1488.3141817149865, "epsilon": 25.53916337262433, "gamma": 1.470104023051458}}
{"target": 64.44664445619416, "params": {"C": 1343.8129563972243, "epsilon": 19.026197491529665, "gamma": 14.241703998115241}}
{"target": 64.40992660732539, "params": {"C": 881.8191452063699, "epsilon": 18.37526355802834, "gamma": 61.94706179683519}}
{"target": 63.639812765517206, "params": {"C": 963.2646403502046, "epsilon": 2.8860512924528567, "gamma": 40.547637471568265}}
{"target": 63.92928147249684, "params": {"C": 518.6920181138171, "epsilon": 8.461825631247883, "gamma": 53.26116491228273}}
{"target": 63.61889636868723, "params": {"C": 495.6942622139785, "epsilon": 1.6954345466905636, "gamma": 8.699150019833136}}
{"target": 64.14389107633376, "params": {"C": 1132.2748561614094, "epsilon": 11.968374056651896, "gamma": 6.479440653898532}}
{"target": 64.18072333723805, "params": {"C": 665.683654798139, "epsilon": 13.16731832831248, "gamma": 10.204596905006778}}
{"target": 50.468791381478496, "params": {"C": 2504.485832711323, "epsilon": 17.290277143154412, "gamma": 0.1602654817586801}}
{"target": 64.19282813146918, "params": {"C": 775.4148197567997, "epsilon": 13.748891235150245, "gamma": 20.617995849665217}}
{"target": 63.568975961997374, "params": {"C": 1902.6995998276811, "epsilon": 1.4588189134157252, "gamma": 46.1892372276213}}
{"target": 64.7287639671585, "params": {"C": 779.8674602043, "epsilon": 24.626009922891946, "gamma": 77.72046037203009}}
{"target": 48.471270664999146, "params": {"C": 1617.3468669837748, "epsilon": 18.937681834148204, "gamma": 0.21021321449913064}}
{"target": 63.53468280463032, "params": {"C": 3194.60662370855, "epsilon": 0.7550361044460558, "gamma": 48.63678205501841}}
{"target": 64.39028837540206, "params": {"C": 2699.020542570878, "epsilon": 17.97545834131076, "gamma": 54.34525934075349}}
{"target": 64.81754006777547, "params": {"C": 2392.8218097656636, "epsilon": 26.22099746360144, "gamma": 42.59171805295474}}
{"target": 65.18903051137559, "params": {"C": 2850.855285807866, "epsilon": 32.38308883320529, "gamma": 7.078454984773841}}
{"target": 63.96112641945889, "params": {"C": 2837.7235016872837, "epsilon": 8.412593377127113, "gamma": 8.142444233680195}}
{"target": 64.42078159956947, "params": {"C": 2315.2448373753764, "epsilon": 18.598085372295877, "gamma": 25.810663683581943}}
{"target": 64.38831802413065, "params": {"C": 2504.658638233679, "epsilon": 17.93547362322595, "gamma": 58.77661102367854}}
{"target": 64.347127008913, "params": {"C": 2517.7711394109047, "epsilon": 17.04838667866859, "gamma": 29.75178027384645}}
{"target": 64.90430237203543, "params": {"C": 2359.4182248127495, "epsilon": 27.916914163073045, "gamma": 4.6527867909090075}}
{"target": 64.58910280962536, "params": {"C": 3057.620538334678, "epsilon": 21.976632712051995, "gamma": 33.96244698968981}}
{"target": 63.89889266995999, "params": {"C": 2543.4762171616735, "epsilon": 7.365017794560403, "gamma": 9.48561961184222}}
{"target": 64.097592885073, "params": {"C": 4060.5889107266166, "epsilon": 11.789038042997483, "gamma": 22.177536684035548}}
{"target": 63.887446700086926, "params": {"C": 1854.4063061071695, "epsilon": 7.653803439382116, "gamma": 69.91229404508228}}
{"target": 64.0967620893953, "params": {"C": 2145.6517540840096, "epsilon": 11.792668820316802, "gamma": 96.34507398380529}}
{"target": 64.1076668431846, "params": {"C": 1857.0834393524678, "epsilon": 12.015154208039679, "gamma": 36.14822062296521}}
{"target": 64.02752585634894, "params": {"C": 2730.653880148995, "epsilon": 10.406287763601275, "gamma": 103.31639608750017}}
{"target": 64.32811388285332, "params": {"C": 3099.5526443811586, "epsilon": 16.645333932099582, "gamma": 129.25126026867005}}
{"target": 64.31322283405261, "params": {"C": 1931.3513227109206, "epsilon": 16.101569626262346, "gamma": 12.07263135554018}}
{"target": 65.39762451835341, "params": {"C": 3295.0305214144055, "epsilon": 36.1835759382352, "gamma": 5.23485076089325}}
{"target": 65.23579709087201, "params": {"C": 1991.5506402821254, "epsilon": 33.45387616435445, "gamma": 167.3193326971593}}
{"target": 61.205822241853845, "params": {"C": 1458.508151808351, "epsilon": 14.037729750065676, "gamma": 1.4191552932879956}}
{"target": 64.80094586118929, "params": {"C": 1917.4224428195926, "epsilon": 25.923764162058212, "gamma": 47.15075068182991}}
{"target": 63.65104543673385, "params": {"C": 2787.8627961045913, "epsilon": 3.110635541501658, "gamma": 85.49665057383504}}
{"target": 54.53119465850106, "params": {"C": 3303.7855989196332, "epsilon": 6.976443436110616, "gamma": 0.12767251038974173}}
{"target": 64.91074485801035, "params": {"C": 1150.0804931115513, "epsilon": 27.863963042632278, "gamma": 133.60551697667483}}
{"target": 64.93681209480326, "params": {"C": 1969.481360482752, "epsilon": 28.321896670780696, "gamma": 75.14686526859181}}
{"target": 64.72886808783363, "params": {"C": 1445.2045434055315, "epsilon": 24.627940377003092, "gamma": 66.71695193571891}}
{"target": 63.92835402896044, "params": {"C": 3310.1336533464014, "epsilon": 8.443541624365507, "gamma": 91.41611540513136}}
{"target": 64.19567820051114, "params": {"C": 3255.7896706332863, "epsilon": 13.767171750045682, "gamma": 16.87344514857677}}
{"target": 64.20902816866149, "params": {"C": 3839.106153367638, "epsilon": 14.117612214164033, "gamma": 91.48388141008412}}
{"target": 63.773418778785754, "params": {"C": 2559.038252567309, "epsilon": 5.452309392847209, "gamma": 54.161424684813824}}
{"target": 64.24398171298675, "params": {"C": 2363.8254188815454, "epsilon": 14.804261895700366, "gamma": 18.806834079469613}}
{"target": 63.58781629961296, "params": {"C": 3217.2798591470073, "epsilon": 1.6631471504915751, "gamma": 15.046002043894244}}
{"target": 63.54964192073716, "params": {"C": 2520.0160241022095, "epsilon": 0.5874641176205557, "gamma": 11.130515352961469}}
{"target": 64.18820380582574, "params": {"C": 3305.6823856888423, "epsilon": 13.681208196397302, "gamma": 35.82343075280306}}
{"target": 56.849674054373544, "params": {"C": 1291.2480045169332, "epsilon": 34.00609429913732, "gamma": 0.6830292139702971}}
{"target": 64.92322507575447, "params": {"C": 2949.0968349397563, "epsilon": 32.69822883116125, "gamma": 2.937114378759253}}
{"target": 64.79300495320334, "params": {"C": 3173.644016955874, "epsilon": 25.78408207557589, "gamma": 51.11656716170078}}
{"target": 64.81598977622828, "params": {"C": 1509.559352016184, "epsilon": 25.93072653270636, "gamma": 8.86564065637632}}
{"target": 62.91185771033257, "params": {"C": 4223.64294923934, "epsilon": 28.314418182726484, "gamma": 1.5693379291430936}}
{"target": 64.38485531860533, "params": {"C": 3154.232736360167, "epsilon": 17.864682484987753, "gamma": 77.19315500240407}}
{"target": 65.11338858499599, "params": {"C": 2948.0656394045327, "epsilon": 31.354111841579257, "gamma": 97.0714296045228}}
{"target": 64.5648648112754, "params": {"C": 3589.6574690874295, "epsilon": 21.512543532094767, "gamma": 57.69233944437995}}
{"target": 63.98178257598156, "params": {"C": 3241.59905764241, "epsilon": 9.48339344631788, "gamma": 26.408622322993914}}
{"target": 64.02637191956694, "params": {"C": 2885.093512399946, "epsilon": 10.304543435549858, "gamma": 16.525349778548865}}
{"target": 64.60803191357033, "params": {"C": 1600.2642930341328, "epsilon": 22.08852352118533, "gamma": 10.042199772053827}}
{"target": 64.77650232839575, "params": {"C": 820.003617687892, "epsilon": 25.490969373650188, "gamma": 85.72203051860326}}
{"target": 64.57727418235591, "params": {"C": 1891.9325529797566, "epsilon": 21.264696387383268, "gamma": 6.048805391067675}}
{"target": 64.81486849874781, "params": {"C": 2222.7199428398267, "epsilon": 26.223190334239796, "gamma": 4.762241607243358}}
{"target": 64.5553263771354, "params": {"C": 2088.0988811202315, "epsilon": 21.17730313502109, "gamma": 12.462282032433869}}
{"target": 63.620051232514996, "params": {"C": 4659.797938098604, "epsilon": 2.4900739165114434, "gamma": 96.15670511916116}}
{"target": 64.67644638593151, "params": {"C": 1048.9009404045642, "epsilon": 23.20866025027732, "gamma": 6.451827391920114}}
{"target": 48.003274703820765, "params": {"C": 1007.640221288074, "epsilon": 19.028529359937146, "gamma": 0.3081732754912935}}
{"target": 64.94567457935355, "params": {"C": 1163.190531062909, "epsilon": 29.984977821674327, "gamma": 3.7122058189219476}}
{"target": 63.7661595376826, "params": {"C": 1715.287886384646, "epsilon": 4.448300839447359, "gamma": 6.357647628694469}}
{"target": 64.76829666427551, "params": {"C": 1091.6923052116138, "epsilon": 25.34450520265674, "gamma": 62.156155084981116}}
{"target": 56.19723199082364, "params": {"C": 1500.9608619626442, "epsilon": 2.0011295151460367, "gamma": 0.9162528914865984}}
{"target": 64.64269061120447, "params": {"C": 993.1753377649635, "epsilon": 23.00037469341473, "gamma": 76.8369430549532}}
{"target": 63.50251470574854, "params": {"C": 1665.7544844532024, "epsilon": 0.10265050549760346, "gamma": 62.787388613470824}}
{"target": 48.76639835043903, "params": {"C": 398.47575776902295, "epsilon": 10.044987178389826, "gamma": 0.404054077845746}}
{"target": 64.501140425547, "params": {"C": 1566.8934099610638, "epsilon": 20.266606388620104, "gamma": 66.45245549291064}}
{"target": 64.54189778024899, "params": {"C": 1077.0440267716986, "epsilon": 21.069648018642965, "gamma": 40.55857699215353}}
{"target": 63.90662107210926, "params": {"C": 3681.71731697178, "epsilon": 7.974157217736585, "gamma": 19.09858058821928}}
{"target": 63.71598289964337, "params": {"C": 900.1108193842836, "epsilon": 3.6074084251793934, "gamma": 8.023475438276792}}
{"target": 64.30845843928283, "params": {"C": 892.7806640859746, "epsilon": 16.216598782662356, "gamma": 56.98524063367197}}
{"target": 60.24984870913329, "params": {"C": 1358.3527491489672, "epsilon": 9.312468473565989, "gamma": 1.3011700101606953}}
{"target": 64.53465748290407, "params": {"C": 4859.092834626947, "epsilon": 20.9289689712179, "gamma": 148.40381194409093}}
{"target": 59.415598435070386, "params": {"C": 141.83619556965886, "epsilon": 15.410568156822388, "gamma": 1.1181152312816955}}
{"target": 64.59628613931383, "params": {"C": 784.9094524769355, "epsilon": 22.117110784615047, "gamma": 58.97126116019949}}
{"target": 64.42839827524023, "params": {"C": 846.0875962109726, "epsilon": 18.336968120822227, "gamma": 8.764306984608332}}
{"target": 63.658430006770246, "params": {"C": 4471.801896492123, "epsilon": 3.256218357333276, "gamma": 54.875167683424316}}
{"target": 48.53619555061796, "params": {"C": 1152.6578599250952, "epsilon": 11.254734135683007, "gamma": 0.36913080959206357}}
{"target": 64.1011498912943, "params": {"C": 480.9545641393613, "epsilon": 11.882524003178014, "gamma": 85.43973384815476}}
{"target": 63.76512605996875, "params": {"C": 744.7277539673337, "epsilon": 5.293835597066465, "gamma": 57.800529025177326}}
{"target": 64.06820703034867, "params": {"C": 659.5747714812591, "epsilon": 11.220695464806917, "gamma": 69.70994072789051}}
{"target": 57.85485883676959, "params": {"C": 448.8928683560233, "epsilon": 12.454297598957432, "gamma": 0.9728969806714287}}
{"target": 64.65762777955379, "params": {"C": 3702.180961212437, "epsilon": 23.209704186776136, "gamma": 15.585468052466092}}
{"target": 62.88546443783694, "params": {"C": 3094.1210115609283, "epsilon": 0.03505314603546239, "gamma": 2.5789977439972978}}
{"target": 63.85180487571081, "params": {"C": 793.2951864054992, "epsilon": 6.963042294958318, "gamma": 78.45905503599654}}
{"target": 61.41835424523693, "params": {"C": 2071.8728656129556, "epsilon": 13.219941000880427, "gamma": 1.479614097344687}}
{"target": 59.709409576432066, "params": {"C": 6.7043619577085, "epsilon": 25.540493500217494, "gamma": 57.456438712201596}}
{"target": 64.1193931158991, "params": {"C": 1625.6555083678709, "epsilon": 12.25877304312677, "gamma": 81.67610298914164}}
{"target": 63.55600472951478, "params": {"C": 3574.924882100946, "epsilon": 1.192160942758428, "gamma": 64.59235355371737}}
{"target": 49.54126039826546, "params": {"C": 378.98504295487703, "epsilon": 25.208650148938105, "gamma": 0.35978523260512113}}
{"target": 62.379491081020944, "params": {"C": 2256.33821819923, "epsilon": 10.34102666532874, "gamma": 1.8400372427948122}}
{"target": 60.257602560663784, "params": {"C": 77.98531933544461, "epsilon": 1.433066725447695, "gamma": 25.613788722036478}}
{"target": 63.5032546696154, "params": {"C": 1485.5583933932717, "epsilon": 0.11793725105095998, "gamma": 97.99452712005818}}
{"target": 61.16985700407239, "params": {"C": 510.1039262811349, "epsilon": 22.730322732054663, "gamma": 1.2749862680706032}}
{"target": 64.65911055971807, "params": {"C": 413.0334331682019, "epsilon": 23.20242960731919, "gamma": 13.82246748638804}}
{"target": 63.5195234233178, "params": {"C": 647.1241210395441, "epsilon": 0.4480960349944887, "gamma": 71.84492004283025}}
{"target": 64.84528163546187, "params": {"C": 908.0144161685748, "epsilon": 26.71720953408156, "gamma": 54.96229678969469}}
{"target": 63.65157468967889, "params": {"C": 841.957310216984, "epsilon": 3.121144053912966, "gamma": 66.49975331588936}}
{"target": 64.66770074855292, "params": {"C": 451.1277944993837, "epsilon": 23.473043956745283, "gamma": 48.04308755204398}}
{"target": 64.45849415723828, "params": {"C": 389.3229347032566, "epsilon": 19.3843272103898, "gamma": 73.43169682933038}}
{"target": 48.652714011315304, "params": {"C": 1126.8708365875661, "epsilon": 14.18801276648249, "gamma": 0.2013908664689656}}
{"target": 58.38849821572776, "params": {"C": 30.824604733899264, "epsilon": 26.301287457959585, "gamma": 1.3067538680253592}}
{"target": 63.60065326494828, "params": {"C": 602.3537351440659, "epsilon": 10.703587847504675, "gamma": 2.7418009502558243}}
{"target": 62.79448449847263, "params": {"C": 89.8739899351009, "epsilon": 20.23464167060127, "gamma": 66.45810338556237}}
{"target": 64.05209816796386, "params": {"C": 1609.5002845179233, "epsilon": 10.898669109185938, "gamma": 60.2526178434733}}
{"target": 64.39314726450395, "params": {"C": 1272.369236316962, "epsilon": 18.033494818601287, "gamma": 61.65789466355405}}
{"target": 64.32124341870795, "params": {"C": 1277.2765453901516, "epsilon": 23.78829397372657, "gamma": 2.7744860762418844}}
{"target": 63.62235148160371, "params": {"C": 1310.2514169215945, "epsilon": 16.30711523125568, "gamma": 2.3880165120333703}}
{"target": 52.14384560480246, "params": {"C": 1826.4412826453593, "epsilon": 17.140636711040397, "gamma": 0.5515599111592137}}
{"target": 64.45328845913036, "params": {"C": 1176.5420449194248, "epsilon": 19.438493628837936, "gamma": 4.4487926862229905}}
{"target": 58.36955849854162, "params": {"C": 1895.6274467049584, "epsilon": 11.059732838838555, "gamma": 1.0369270023957426}}
{"target": 64.11408761924534, "params": {"C": 1537.1944706753434, "epsilon": 12.14877410263865, "gamma": 110.39866581715553}}
{"target": 63.89409535647235, "params": {"C": 1364.7136516699254, "epsilon": 7.781447032760166, "gamma": 46.028488519388986}}
{"target": 63.917453272643115, "params": {"C": 1667.534715560695, "epsilon": 8.231520177937451, "gamma": 74.46506550872726}}
{"target": 55.96388701075322, "params": {"C": 1584.0006097738456, "epsilon": 0.764639501100854, "gamma": 0.9070426116711237}}
{"target": 64.01186108223246, "params": {"C": 1961.4179433486706, "epsilon": 9.264447022237201, "gamma": 6.330436916390909}}
{"target": 64.00074305967766, "params": {"C": 1500.726235546614, "epsilon": 9.784185198584893, "gamma": 16.3447303700935}}
{"target": 63.94924156997796, "params": {"C": 1308.7018304201583, "epsilon": 8.852727396306328, "gamma": 47.90769344282472}}
{"target": 63.990698583684434, "params": {"C": 960.0893294349746, "epsilon": 9.668742635701216, "gamma": 40.66971621357906}}
{"target": 64.3056480277678, "params": {"C": 703.4114430532267, "epsilon": 20.889887369733877, "gamma": 3.109854377865818}}
{"target": 46.401629375919775, "params": {"C": 933.3351744477825, "epsilon": 35.816761236724346, "gamma": 0.09553893685745357}}
{"target": 57.93154292355555, "params": {"C": 760.0329266473071, "epsilon": 6.757019459431185, "gamma": 1.032447833149724}}
{"target": 64.79777890506298, "params": {"C": 2134.724750483037, "epsilon": 25.868372504351868, "gamma": 75.55778370433154}}
{"target": 50.1616136827199, "params": {"C": 1990.2955094048111, "epsilon": 19.397927760793614, "gamma": 0.12260128892494154}}
{"target": 64.90033080932338, "params": {"C": 1303.7232296857376, "epsilon": 27.681191230379824, "gamma": 56.119572713850225}}
{"target": 60.36489441590694, "params": {"C": 52.42231835694895, "epsilon": 19.534365638137164, "gamma": 63.25511906561477}}
{"target": 64.66963884360699, "params": {"C": 1952.37480541043, "epsilon": 23.508951066184665, "gamma": 85.63965678505167}}
