{"target": 59.883886400302416, "params": {"C": 43.13058538354101, "epsilon": 16.98259283160586, "gamma": 483.9424870567774}}
{"target": 59.45617117980139, "params": {"C": 55.08081546379689, "epsilon": 1.7877335159413623, "gamma": 491.5160570407336}}
{"target": 66.1144557687352, "params": {"C": 1195.5098193964704, "epsilon": 46.03932424946158, "gamma": 42.57489375564912}}
{"target": 64.02081432043704, "params": {"C": 645.2495900079572, "epsilon": 10.271155224497496, "gamma": 457.379754052134}}
{"target": 65.15668046972436, "params": {"C": 828.7837533239303, "epsilon": 32.08908757328732, "gamma": 499.4858784337807}}
{"target": 63.74600453057644, "params": {"C": 434.6030467431182, "epsilon": 4.930535604405142, "gamma": 471.6712694089362}}
{"target": 68.07815630134695, "params": {"C": 1823.048604195053, "epsilon": 67.8997665038153, "gamma": 11.380728291376407}}
{"target": 67.52718102677068, "params": {"C": 1168.8004910249706, "epsilon": 61.93614459841613, "gamma": 43.387508942623384}}
{"target": 68.0781008311661, "params": {"C": 2403.529172895332, "epsilon": 67.88102461085647, "gamma": 13.643201233727412}}
{"target": 66.97505165037992, "params": {"C": 1896.0119881486187, "epsilon": 56.06154776247371, "gamma": 15.635847422741662}}
{"target": 63.609478235011736, "params": {"C": 610.9886607059819, "epsilon": 2.277878884726827, "gamma": 437.86956872540736}}
{"target": 65.96226815366818, "params": {"C": 1555.9930638185385, "epsilon": 44.20304124082043, "gamma": 122.9469471430093}}
{"target": 64.02921294463928, "params": {"C": 1349.5603253484364, "epsilon": 10.440064037809579, "gamma": 463.9211550274821}}
{"target": 63.88986813978348, "params": {"C": 1504.2882821273558, "epsilon": 7.700393218930058, "gamma": 432.92401101767354}}
{"target": 66.37127478972351, "params": {"C": 1009.010165519396, "epsilon": 49.09950916124463, "gamma": 19.8119790328476}}
{"target": 65.54340647647084, "params": {"C": 795.3595511067956, "epsilon": 38.60436227812886, "gamma": 35.29761714598414}}
{"target": 63.76155072618643, "params": {"C": 1515.5437980972122, "epsilon": 5.225745071587918, "gamma": 454.508913496326}}
{"target": 68.09944974565317, "params": {"C": 2090.6324233138116, "epsilon": 68.07634268278966, "gamma": 96.99818046503616}}
{"target": 68.87012855404969, "params": {"C": 1880.416686500979, "epsilon": 76.74550581054947, "gamma": 9.07286128066275}}
{"target": 61.734834327410184, "params": {"C": 41.22939249516948, "epsilon": 42.167612024885806, "gamma": 456.48601285197435}}
{"target": 63.546210692765406, "params": {"C": 1115.5293213200387, "epsilon": 0.9918716345892074, "gamma": 435.0756770877191}}
{"target": 68.78149022863633, "params": {"C": 1173.0990056284945, "epsilon": 75.75809410047768, "gamma": 5.174985596916769}}
{"target": 67.03896358811566, "params": {"C": 1775.2842913897666, "epsilon": 56.76201948227598, "gamma": 53.45094845691818}}
{"target": 61.360544220710246, "params": {"C": 94.19966442801358, "epsilon": 3.14775745587647, "gamma": 490.8509329617751}}
{"target": 65.16279911744235, "params": {"C": 1281.7207892699723, "epsilon": 32.193580097493225, "gamma": 48.82939683353502}}
{"target": 65.87719181852324, "params": {"C": 649.2011604995979, "epsilon": 43.15918557232549, "gamma": 53.58549691539584}}
{"target": 63.60922408304682, "params": {"C": 2097.661624033967, "epsilon": 59.910639306824876, "gamma": 0.9206114382137762}}
{"target": 62.463413179739156, "params": {"C": 116.9280572637606, "epsilon": 1.5876189671441796, "gamma": 482.8514064167924}}
{"target": 63.53752456892651, "params": {"C": 476.7745426567997, "epsilon": 0.8134772234998306, "gamma": 430.8382925634023}}
{"target": 69.22069344668779, "params": {"C": 4839.799163929137, "epsilon": 80.60206699451652, "gamma": 5.387898959040257}}
{"target": 64.85653378362038, "params": {"C": 416.44400152161614, "epsilon": 26.917045310970607, "gamma": 496.0881660575236}}
{"target": 59.792453263704694, "params": {"C": 0.5650338657315712, "epsilon": 23.547959124654916, "gamma": 484.2663045491453}}
{"target": 64.58882098695601, "params": {"C": 559.3678585843381, "epsilon": 21.972331699454422, "gamma": 493.16385288438573}}
{"target": 59.57712675853794, "params": {"C": 40.146099303402686, "epsilon": 9.890780524960729, "gamma": 437.2905312166348}}
{"target": 66.22600569859756, "params": {"C": 856.8394745197165, "epsilon": 47.29350185852899, "gamma": 12.124662342508568}}
{"target": 64.98118884629253, "params": {"C": 2495.559819198944, "epsilon": 29.096401668972103, "gamma": 141.30047678291024}}
{"target": 66.0607684677543, "params": {"C": 1559.4557657456255, "epsilon": 45.392678758267664, "gamma": 52.19610928685271}}
{"target": 69.14126630152131, "params": {"C": 858.0731176033876, "epsilon": 79.63733721145397, "gamma": 50.373961015235714}}
{"target": 68.41938967641755, "params": {"C": 900.3683865080857, "epsilon": 71.52533383393899, "gamma": 47.6188022032112}}
{"target": 59.63825326447916, "params": {"C": 64.97482959654192, "epsilon": 0.046442722401046424, "gamma": 455.2087409807236}}
{"target": 63.51338488561297, "params": {"C": 889.9086561771293, "epsilon": 0.3243494496676118, "gamma": 331.8320111406068}}
{"target": 67.45424057859361, "params": {"C": 1643.6715785904316, "epsilon": 61.17454695915273, "gamma": 151.13394052823776}}
{"target": 68.75911405694144, "params": {"C": 3231.7949871009505, "epsilon": 75.36229738192452, "gamma": 30.875511113161764}}
{"target": 67.5556134869275, "params": {"C": 2339.395243045628, "epsilon": 62.237927914096446, "gamma": 64.69029923412549}}
{"target": 64.0866288266645, "params": {"C": 574.9117981643924, "epsilon": 11.589577980122032, "gamma": 417.90800733404177}}
{"target": 59.7458039334186, "params": {"C": 33.78394903675817, "epsilon": 19.949373341532525, "gamma": 489.38793000254157}}
{"target": 59.60095148186665, "params": {"C": 10.403327624630808, "epsilon": 15.178391941386867, "gamma": 443.7327361364695}}
{"target": 63.518290172760054, "params": {"C": 1265.3517631107345, "epsilon": 0.42323526169448233, "gamma": 478.1297016813821}}
{"target": 63.48428249322384, "params": {"C": 181.61410657119254, "epsilon": 0.15489120036940873, "gamma": 490.1394116713239}}
{"target": 66.50260285635181, "params": {"C": 728.6802505896048, "epsilon": 50.6679822118118, "gamma": 96.3044386294566}}
{"target": 63.55237616083214, "params": {"C": 935.9308586880761, "epsilon": 1.1180559154061878, "gamma": 496.8573873371058}}
{"target": 63.92513059474429, "params": {"C": 811.558649452915, "epsilon": 8.379931896088419, "gamma": 487.16803294751935}}
{"target": 63.519821355792864, "params": {"C": 571.3075720952061, "epsilon": 0.4541024205421852, "gamma": 324.8042099032157}}
{"target": 63.53046381618442, "params": {"C": 748.7713909402851, "epsilon": 0.6690914718539883, "gamma": 474.7930017481123}}
{"target": 63.52263436310748, "params": {"C": 686.8939118244591, "epsilon": 0.510809908646044, "gamma": 425.3656903622479}}
{"target": 59.701559393825434, "params": {"C": 9.675529623795331, "epsilon": 23.41569411018935, "gamma": 441.3663196018118}}
{"target": 64.05687799087345, "params": {"C": 1337.3485851046055, "epsilon": 10.994235267002207, "gamma": 400.6408180333007}}
{"target": 67.52926608877422, "params": {"C": 316.19480576932733, "epsilon": 61.95808736728502, "gamma": 58.25097424311438}}
{"target": 67.77765925616104, "params": {"C": 923.1366270519504, "epsilon": 64.6042669426207, "gamma": 10.692625554409046}}
{"target": 62.71341714020343, "params": {"C": 126.80605107314426, "epsilon": 0.20160610040002164, "gamma": 451.3550603757877}}
{"target": 63.5226357313857, "params": {"C": 701.1853943006122, "epsilon": 0.5108374918061926, "gamma": 339.25292744098203}}
{"target": 66.47710315307029, "params": {"C": 1258.0863708664374, "epsilon": 50.244252349559986, "gamma": 6.28063372391174}}
{"target": 68.59621459105395, "params": {"C": 340.11077493576363, "epsilon": 73.52598069391541, "gamma": 23.400400065060097}}
{"target": 64.26317141372638, "params": {"C": 832.0242048775705, "epsilon": 15.247647723601887, "gamma": 425.2202217619141}}
{"target": 64.34107748428059, "params": {"C": 833.2143557522248, "epsilon": 16.922733230365097, "gamma": 411.9110154536359}}
{"target": 64.73601189804127, "params": {"C": 1164.3028679232216, "epsilon": 24.759838296569747, "gamma": 448.7156203152558}}
{"target": 64.24255225152197, "params": {"C": 748.6946785230533, "epsilon": 14.819059459098517, "gamma": 392.95174589893355}}
{"target": 58.28056493633117, "params": {"C": 3.8255694376621707, "epsilon": 1.9973729133656248, "gamma": 421.37556060161523}}
{"target": 64.14135931193314, "params": {"C": 651.1789806622477, "epsilon": 12.714726829878572, "gamma": 374.87668853564304}}
{"target": 68.90695345550361, "params": {"C": 551.5269440381853, "epsilon": 88.488653933586, "gamma": 1.15054588742953}}
{"target": 64.10117009714057, "params": {"C": 791.8477724822146, "epsilon": 11.882937796698103, "gamma": 421.7660284872251}}
{"target": 63.848735318815294, "params": {"C": 672.8567600529567, "epsilon": 6.90303458915315, "gamma": 499.21127051293524}}
{"target": 64.25247952467073, "params": {"C": 507.19030619231125, "epsilon": 15.025301466589829, "gamma": 373.8134910394789}}
{"target": 64.20551846922446, "params": {"C": 705.0341096165516, "epsilon": 14.044555393454715, "gamma": 417.2335353657102}}
{"target": 68.576395776501, "params": {"C": 4688.626626750272, "epsilon": 73.30010197183064, "gamma": 178.3640718344215}}
{"target": 59.7276416239514, "params": {"C": 36.67291565789281, "epsilon": 17.12370046097252, "gamma": 357.7341557375711}}
{"target": 59.609924468283474, "params": {"C": 7.450989893861644, "epsilon": 16.407272858250938, "gamma": 411.44695615855943}}
{"target": 62.03639717754005, "params": {"C": 80.50402563782275, "epsilon": 18.72746209429026, "gamma": 430.9460668359144}}
{"target": 67.36343642670224, "params": {"C": 2701.132140609883, "epsilon": 60.23185931175754, "gamma": 50.86083138165629}}
{"target": 59.657566676441014, "params": {"C": 35.053597031090575, "epsilon": 14.752869290620094, "gamma": 404.5802200319648}}
{"target": 59.602266553112955, "params": {"C": 18.104071780492422, "epsilon": 21.236972000038236, "gamma": 364.63118069558345}}
{"target": 64.27668266470809, "params": {"C": 578.4352127700022, "epsilon": 15.538410708247902, "gamma": 497.59299937906155}}
{"target": 69.51085283103981, "params": {"C": 2420.869358518988, "epsilon": 83.57609509378926, "gamma": 121.93334612158827}}
{"target": 59.70295498898677, "params": {"C": 13.442104013291019, "epsilon": 16.403139584962805, "gamma": 312.71468343932526}}
{"target": 66.41316903477765, "params": {"C": 2704.2591615670026, "epsilon": 49.60837701812748, "gamma": 43.72299301213158}}
{"target": 61.49383457134392, "params": {"C": 101.76659688213823, "epsilon": 0.05749352543313879, "gamma": 489.8299560693881}}
{"target": 59.0744797174551, "params": {"C": 28.25163000537286, "epsilon": 0.9617885976220741, "gamma": 356.42652240523944}}
{"target": 59.81998618230622, "params": {"C": 68.08711379247923, "epsilon": 1.2361680438350393, "gamma": 395.7077624902785}}
{"target": 64.10393707818653, "params": {"C": 768.1730851378525, "epsilon": 11.93960116002891, "gamma": 374.2810530599347}}
{"target": 63.546740162475984, "params": {"C": 659.4834622076993, "epsilon": 1.002745810338122, "gamma": 340.0367230449428}}
{"target": 59.627560419947955, "params": {"C": 17.00327742448528, "epsilon": 14.223102919541068, "gamma": 404.0907299339171}}
{"target": 59.6502049825379, "params": {"C": 42.579425587988254, "epsilon": 11.494462013747452, "gamma": 429.0580658478054}}
{"target": 67.42020427888947, "params": {"C": 1443.7352502144122, "epsilon": 60.81972662496111, "gamma": 60.096939006992415}}
{"target": 63.9945309633373, "params": {"C": 733.5389189516358, "epsilon": 9.745372379719633, "gamma": 424.0177318168369}}
{"target": 67.29549581104848, "params": {"C": 1893.0664057721817, "epsilon": 59.524015931040054, "gamma": 12.593160550261997}}
{"target": 59.144728349723586, "params": {"C": 36.389299289900165, "epsilon": 1.4993371677177512, "gamma": 387.45971513602484}}
{"target": 63.50597332237821, "params": {"C": 959.7490236206362, "epsilon": 0.17366230999853904, "gamma": 266.33788905021294}}
{"target": 63.515335720781266, "params": {"C": 716.2477033401373, "epsilon": 0.3636763869030159, "gamma": 226.7545120541082}}
{"target": 67.40459363433541, "params": {"C": 881.5917795721839, "epsilon": 60.596404828024674, "gamma": 7.011147137769936}}
{"target": 68.12497808786978, "params": {"C": 174.66993323547945, "epsilon": 68.35401701033729, "gamma": 80.46633786583988}}
{"target": 63.500415724505174, "params": {"C": 1358.9779853931975, "epsilon": 0.05929962231008257, "gamma": 389.9635614026246}}
{"target": 65.048963065089, "params": {"C": 538.6460078184382, "epsilon": 30.254297601292713, "gamma": 393.2517026133651}}
{"target": 66.82119107225023, "params": {"C": 557.3052442184174, "epsilon": 54.378727934888204, "gamma": 49.276012544832525}}
{"target": 60.1621935107014, "params": {"C": 77.51206005731724, "epsilon": 0.5738942713904639, "gamma": 391.24626212733614}}
{"target": 63.54203588516843, "params": {"C": 207.52083425347556, "epsilon": 0.9061300130712767, "gamma": 496.88972198979917}}
{"target": 63.50401011043601, "params": {"C": 662.4135688075598, "epsilon": 0.13354067408573123, "gamma": 497.19237204314857}}
{"target": 67.54450036048452, "params": {"C": 578.6620029066225, "epsilon": 62.12167356124354, "gamma": 25.24404807928066}}
{"target": 60.69872462175308, "params": {"C": 86.9014720408756, "epsilon": 0.8862567324826676, "gamma": 368.1654528292332}}
{"target": 63.50616203549042, "params": {"C": 639.9899926643386, "epsilon": 0.17749612580602625, "gamma": 273.96191616059184}}
{"target": 63.50797578916172, "params": {"C": 347.5215795795629, "epsilon": 0.21434357864876008, "gamma": 423.4704166617708}}
{"target": 59.81046875896798, "params": {"C": 4.537211756986834, "epsilon": 25.670510338670802, "gamma": 393.4025333400287}}
{"target": 59.22339022309264, "params": {"C": 3.873249644194959, "epsilon": 15.74490354871329, "gamma": 351.0259254987272}}
{"target": 58.95089544753048, "params": {"C": 25.585328914658263, "epsilon": 0.3231978173242714, "gamma": 294.4167341617083}}
{"target": 60.21576242712181, "params": {"C": 77.75059571484749, "epsilon": 1.0838040665300874, "gamma": 314.16491060123394}}
{"target": 59.78500067619416, "params": {"C": 68.5887531564141, "epsilon": 0.3905655107417516, "gamma": 347.8726130150919}}
{"target": 60.97630189942565, "params": {"C": 3534.6246095845477, "epsilon": 51.75050066898856, "gamma": 0.7633240581754686}}
{"target": 64.31757949702927, "params": {"C": 552.4304782477726, "epsilon": 16.4142227044159, "gamma": 322.21380868274764}}
{"target": 58.23212666764194, "params": {"C": 0.18841313892606815, "epsilon": 1.9950681662150078, "gamma": 399.779454818222}}
{"target": 64.10412498282157, "params": {"C": 770.2725799996471, "epsilon": 11.943449147575638, "gamma": 360.0775755658558}}
{"target": 59.016556513480694, "params": {"C": 16.158622620022854, "epsilon": 5.246512189114896, "gamma": 492.168780649297}}
{"target": 59.40323572175451, "params": {"C": 28.426486439616017, "epsilon": 7.6741504979098965, "gamma": 423.01142982785694}}
{"target": 59.09870647252933, "params": {"C": 34.842938760263756, "epsilon": 0.360956146596583, "gamma": 381.18441342186804}}
{"target": 59.04969068471686, "params": {"C": 10.57248424335179, "epsilon": 7.403191631410319, "gamma": 421.96735029224334}}
{"target": 62.55845107521179, "params": {"C": 121.15847424871532, "epsilon": 0.7050197545656678, "gamma": 411.99169745882006}}
{"target": 64.88577976132655, "params": {"C": 3253.437149450675, "epsilon": 27.42448670533738, "gamma": 358.50669243029796}}
{"target": 58.53659998665485, "params": {"C": 9.24536542035164, "epsilon": 2.2524857176842135, "gamma": 466.2164614611621}}
{"target": 63.54530679351776, "params": {"C": 374.4695050619173, "epsilon": 0.9733074767479546, "gamma": 405.1867490711908}}
{"target": 59.481171932237466, "params": {"C": 42.27386486230822, "epsilon": 6.6156718977131845, "gamma": 441.50977845895187}}
{"target": 63.53891399353133, "params": {"C": 819.6716756781847, "epsilon": 0.8420130340290739, "gamma": 407.3097224559644}}
{"target": 58.949401744925886, "params": {"C": 15.514774340669973, "epsilon": 4.868018605482665, "gamma": 432.6843834194511}}
{"target": 63.592526873101725, "params": {"C": 1321.1276280421027, "epsilon": 1.9369714027320968, "gamma": 451.8111595464362}}
{"target": 66.299210136269, "params": {"C": 2032.4680083032094, "epsilon": 48.15165901095007, "gamma": 10.697831555833513}}
{"target": 58.92890474954388, "params": {"C": 24.13390107793161, "epsilon": 0.7298633689916034, "gamma": 486.82058367917296}}
{"target": 66.99954664438079, "params": {"C": 2024.8168854777389, "epsilon": 56.25834268891157, "gamma": 9.568490384246076}}
{"target": 63.53429801156011, "params": {"C": 655.2799314933983, "epsilon": 0.74721063417729, "gamma": 387.1574791931364}}
{"target": 63.51392610849575, "params": {"C": 661.9048582650107, "epsilon": 0.3352599759294299, "gamma": 448.2855136380673}}
{"target": 63.52230606354915, "params": {"C": 821.1773794880926, "epsilon": 0.5041917092554845, "gamma": 470.3350578567641}}
{"target": 66.63925789910556, "params": {"C": 1871.5176925013216, "epsilon": 52.28393336485424, "gamma": 114.50268048331706}}
{"target": 63.50206791867667, "params": {"C": 1003.7526166034546, "epsilon": 0.09342523802912206, "gamma": 472.1696041518519}}
{"target": 59.61163621977788, "params": {"C": 18.289398023521365, "epsilon": 19.603482463727367, "gamma": 463.6640063341537}}
{"target": 63.500374233272794, "params": {"C": 506.84710483294793, "epsilon": 0.05844263232666469, "gamma": 421.2552132608493}}
{"target": 59.657628958243755, "params": {"C": 15.486783322146094, "epsilon": 15.104095446836137, "gamma": 413.32314276210366}}
{"target": 64.46233803165651, "params": {"C": 666.4668685352676, "epsilon": 19.462880279469918, "gamma": 440.53973886747633}}
{"target": 63.51423775674736, "params": {"C": 721.5531632378398, "epsilon": 0.3415425011939408, "gamma": 409.98011653346487}}
{"target": 64.24337309931664, "params": {"C": 513.6187946587462, "epsilon": 14.836139641292934, "gamma": 423.2819193807341}}
{"target": 59.394546451938844, "params": {"C": 2.439135322827858, "epsilon": 32.732797367823, "gamma": 384.8494458826013}}
{"target": 67.12113348283415, "params": {"C": 1669.7659509997902, "epsilon": 58.01634499163954, "gamma": 4.2184917663556645}}
{"target": 64.67284214240435, "params": {"C": 1397.1267377299826, "epsilon": 23.56822752156653, "gamma": 425.5356058408986}}
{"target": 63.49899077104851, "params": {"C": 247.21365872536515, "epsilon": 0.029867600986507085, "gamma": 421.3184214918352}}
{"target": 64.36045864518684, "params": {"C": 535.4524998267163, "epsilon": 17.339635271119068, "gamma": 460.076420772012}}
{"target": 64.35291725074092, "params": {"C": 749.3783640707281, "epsilon": 17.17598007357373, "gamma": 497.72021559139245}}
{"target": 59.59200963811505, "params": {"C": 20.26554718026066, "epsilon": 16.345341212145346, "gamma": 450.7599180002511}}
{"target": 66.7083582262645, "params": {"C": 199.54604947767325, "epsilon": 53.09549572413623, "gamma": 33.62742240075069}}
{"target": 65.593855773471, "params": {"C": 1716.5933936824133, "epsilon": 39.35573407306821, "gamma": 25.6664084818733}}
{"target": 58.67647828581605, "params": {"C": 13.401876671564786, "epsilon": 2.4659106577298804, "gamma": 498.29476810676584}}
{"target": 59.78505665383945, "params": {"C": 41.25652264929588, "epsilon": 15.59898125742432, "gamma": 401.9492317809751}}
{"target": 68.56640721831126, "params": {"C": 2041.668324643625, "epsilon": 73.18831427201897, "gamma": 420.28572407546517}}
{"target": 59.68358543827401, "params": {"C": 13.491464771414288, "epsilon": 20.745083378650147, "gamma": 484.72935332700126}}
{"target": 59.59892959660974, "params": {"C": 19.870184391352264, "epsilon": 15.97794038360113, "gamma": 440.66322492793506}}
{"target": 58.232188457455266, "params": {"C": 2.574945737052764, "epsilon": 0.7103686979599473, "gamma": 372.88083118990784}}
{"target": 58.33515914872023, "params": {"C": 4.779562393612038, "epsilon": 2.4984878713571783, "gamma": 442.11097369793265}}
{"target": 59.39151910029517, "params": {"C": 11.250343387437127, "epsilon": 11.804646156249643, "gamma": 421.0099270956315}}
{"target": 63.52465312737472, "params": {"C": 606.1976785001671, "epsilon": 0.5515062303673381, "gamma": 334.4473847878914}}
{"target": 58.84805852448767, "params": {"C": 13.71255087762755, "epsilon": 4.535704403204879, "gamma": 452.8999273475272}}
{"target": 63.54738588267345, "params": {"C": 908.0566868883963, "epsilon": 1.0160075225240595, "gamma": 418.4629536376371}}
{"target": 58.23716588022778, "params": {"C": 0.7629051257669062, "epsilon": 2.0312806899291216, "gamma": 449.3241442670705}}
{"target": 60.56521285011331, "params": {"C": 44.45787021215586, "epsilon": 29.176048487630254, "gamma": 429.89991499505845}}
{"target": 63.58753013439991, "params": {"C": 1050.9267169045702, "epsilon": 1.8360376788773278, "gamma": 384.5685261946706}}
{"target": 64.60723312226698, "params": {"C": 635.2431686443849, "epsilon": 22.32832742849722, "gamma": 456.5116308610433}}
{"target": 63.528048990655705, "params": {"C": 1169.892059540905, "epsilon": 0.6199631916919575, "gamma": 408.8475432233462}}
{"target": 57.461927347962025, "params": {"C": 1153.225833976362, "epsilon": 62.293404017862855, "gamma": 0.3792623603751258}}
{"target": 59.61399849950209, "params": {"C": 34.58199983333779, "epsilon": 13.629389463025362, "gamma": 496.1262254405474}}
{"target": 64.12036204270744, "params": {"C": 549.3682092990895, "epsilon": 12.278807189108932, "gamma": 467.54892547425794}}
{"target": 63.9105573015403, "params": {"C": 670.5620403060707, "epsilon": 8.098458609961376, "gamma": 460.6493647282722}}
{"target": 59.35241647778425, "params": {"C": 51.79449809408595, "epsilon": 1.1757110767006782, "gamma": 448.05417783122334}}
