{"target": 42.24319722443729, "params": {"C": 963.8059308867314, "epsilon": 27.239720926523162, "gamma": 0.03979237266998965}}
{"target": 46.78205875755557, "params": {"C": 825.6329293756063, "epsilon": 19.580851794340195, "gamma": 0.13938614002538538}}
{"target": 39.092344972228176, "params": {"C": 1019.6181431422746, "epsilon": 29.203459702663285, "gamma": 0.006855269333089833}}
{"target": 44.17518435465053, "params": {"C": 703.4528032862155, "epsilon": 26.37854885715673, "gamma": 0.06608686220811964}}
{"target": 39.125918414017335, "params": {"C": 700.3084097075208, "epsilon": 29.711711451698747, "gamma": 0.009532580037242127}}
{"target": 47.1802554063748, "params": {"C": 818.5867548585559, "epsilon": 27.28156475689838, "gamma": 0.13087388771893857}}
{"target": 42.13009909353504, "params": {"C": 788.6302233599135, "epsilon": 26.314806875248063, "gamma": 0.0002914434927485908}}
{"target": 48.19853200713543, "params": {"C": 734.4883072539953, "epsilon": 27.47611150864345, "gamma": 0.2832116054450481}}
{"target": 45.236811123436674, "params": {"C": 929.9930007436699, "epsilon": 29.930564300389996, "gamma": 0.07214265382648635}}
{"target": 43.91295108227792, "params": {"C": 856.411103110802, "epsilon": 26.773791831900677, "gamma": 0.056092527322630044}}
{"target": 39.105771850997925, "params": {"C": 957.4288691692602, "epsilon": 26.41358945202068, "gamma": 0.004793241600541653}}
{"target": 43.980501158551526, "params": {"C": 904.1539337668352, "epsilon": 25.94779136767883, "gamma": 0.055907147201081586}}
{"target": 44.239940534309156, "params": {"C": 704.7563381364173, "epsilon": 23.769743239036284, "gamma": 0.07044581080167683}}
{"target": 44.8768550558458, "params": {"C": 832.6540648126261, "epsilon": 21.218430595261797, "gamma": 0.08053105886772773}}
{"target": 44.480771220472256, "params": {"C": 805.3959714806319, "epsilon": 27.64400024885492, "gamma": 0.06520499504598348}}
{"target": 39.62809257312823, "params": {"C": 700.5290085278001, "epsilon": 27.698593467175737, "gamma": 0.020933595556160155}}
{"target": 48.57860145692671, "params": {"C": 1146.9318295025353, "epsilon": 9.144998313746374, "gamma": 0.2844665870261609}}
{"target": 47.931438392894556, "params": {"C": 1313.3972924424095, "epsilon": 21.078769119401194, "gamma": 0.20055116434502884}}
{"target": 39.70186654489064, "params": {"C": 886.7312616579543, "epsilon": 25.937097184935876, "gamma": 0.0023322555268369288}}
{"target": 46.25870596483081, "params": {"C": 1499.0609493086258, "epsilon": 11.901548558450624, "gamma": 0.0701338755842709}}
{"target": 45.891466022288, "params": {"C": 1014.9481094786165, "epsilon": 25.548696344237566, "gamma": 0.08080293020701426}}
{"target": 46.88821198684652, "params": {"C": 1003.9652981518215, "epsilon": 25.156140837234272, "gamma": 0.11333740269581463}}
{"target": 43.668297763739574, "params": {"C": 979.6754268409607, "epsilon": 23.852735875641624, "gamma": 0.05281006619383027}}
{"target": 42.472268012229144, "params": {"C": 946.4774865866218, "epsilon": 23.870331014342998, "gamma": 0.04434490637647673}}
{"target": 43.75563441988476, "params": {"C": 877.7080131673856, "epsilon": 22.892531602841903, "gamma": 0.05720848622286403}}
{"target": 39.96557610412955, "params": {"C": 845.8253747810147, "epsilon": 8.955785391721394, "gamma": 0.016619129770789554}}
{"target": 39.23842755632823, "params": {"C": 888.6787256723172, "epsilon": 22.15356633260449, "gamma": 0.004486576706390863}}
{"target": 39.68288733441041, "params": {"C": 880.3903089921613, "epsilon": 23.40424610691978, "gamma": 0.0021377362193361555}}
{"target": 44.859761989835995, "params": {"C": 781.4769761309938, "epsilon": 27.531172884161972, "gamma": 0.07350967395529791}}
{"target": 44.851200378554964, "params": {"C": 841.1504162174036, "epsilon": 29.734494142085573, "gamma": 0.07015520685400435}}
{"target": 40.62178753888951, "params": {"C": 1029.3029592255384, "epsilon": 23.37058785151766, "gamma": 0.0006807905023073629}}
{"target": 40.379478726663265, "params": {"C": 751.9786718210233, "epsilon": 26.5429536175888, "gamma": 0.001088146110211425}}
{"target": 43.7190374390227, "params": {"C": 808.8826630498552, "epsilon": 24.764404475813322, "gamma": 0.05746154255694342}}
{"target": 43.44955588805475, "params": {"C": 793.9635917092459, "epsilon": 24.97512881012214, "gamma": 0.05537617800002389}}
{"target": 39.226488616350046, "params": {"C": 719.2231275361601, "epsilon": 17.082788197613073, "gamma": 0.0228530850966758}}
{"target": 41.502338573491066, "params": {"C": 700.0960940644331, "epsilon": 29.90565032496235, "gamma": 0.0006344428111586652}}
{"target": 42.88337122457678, "params": {"C": 787.1799896664991, "epsilon": 24.13298514922554, "gamma": 0.051871070815378534}}
{"target": 46.379328252499775, "params": {"C": 789.7704579612829, "epsilon": 23.058268824328394, "gamma": 0.12787244712203938}}
{"target": 43.448069206142556, "params": {"C": 785.605466787123, "epsilon": 24.793695979542495, "gamma": 0.05573305687386061}}
{"target": 41.37248057040966, "params": {"C": 878.6801951972028, "epsilon": 29.88036757458035, "gamma": 0.0005768122174465741}}
{"target": 45.97755367403135, "params": {"C": 700.3551948615541, "epsilon": 28.628020857932025, "gamma": 0.11870560031002966}}
{"target": 39.73363841089431, "params": {"C": 780.9011332816375, "epsilon": 23.756946948035587, "gamma": 0.0019892432711662803}}
{"target": 39.09628159501292, "params": {"C": 919.3818625270824, "epsilon": 25.089145299488084, "gamma": 0.0058035729515751085}}
{"target": 44.409189561847974, "params": {"C": 702.9204447395297, "epsilon": 26.248514989208747, "gamma": 0.07101996790143911}}
{"target": 41.187366878394755, "params": {"C": 916.4293552414684, "epsilon": 23.06216798341799, "gamma": 0.00038377520063209367}}
{"target": 46.86478005527976, "params": {"C": 879.9392739441505, "epsilon": 24.363531478524322, "gamma": 0.12489468205851491}}
{"target": 43.22302639388478, "params": {"C": 859.793819065263, "epsilon": 27.973968502782036, "gamma": 0.04880990097281682}}
{"target": 43.87798757226792, "params": {"C": 706.2610228633235, "epsilon": 27.05394727521857, "gamma": 0.061240405310743436}}
{"target": 43.462853062133775, "params": {"C": 903.4668273001058, "epsilon": 27.525405447521283, "gamma": 0.04993845436406378}}
{"target": 44.97643947125982, "params": {"C": 815.2540022025966, "epsilon": 27.676227306632892, "gamma": 0.07356522478681327}}
{"target": 44.4428231539081, "params": {"C": 796.4940030550686, "epsilon": 28.18476043875815, "gamma": 0.06489815053552188}}
{"target": 45.04731085465666, "params": {"C": 899.2674214531553, "epsilon": 27.297734327394192, "gamma": 0.06936759799287728}}
{"target": 39.16796399367509, "params": {"C": 1052.4623089252657, "epsilon": 26.226895936576188, "gamma": 0.01407907121424359}}
{"target": 39.076746970547255, "params": {"C": 808.1781811171074, "epsilon": 29.934350127773556, "gamma": 0.007387324793026893}}
{"target": 43.33284317729349, "params": {"C": 980.9439567057407, "epsilon": 26.694757543116673, "gamma": 0.04717267278597319}}
{"target": 39.38272512115041, "params": {"C": 901.8890996578903, "epsilon": 27.30811778935285, "gamma": 0.002839892403105823}}
{"target": 48.088542903274345, "params": {"C": 1465.9566767275805, "epsilon": 13.952894052456156, "gamma": 0.3125463910875449}}
{"target": 45.77445684009359, "params": {"C": 954.945056847495, "epsilon": 24.564011296047926, "gamma": 0.08737769466619043}}
{"target": 39.26359611117766, "params": {"C": 702.95611356197, "epsilon": 22.96200295382599, "gamma": 0.005209840006930876}}
{"target": 43.81358442903716, "params": {"C": 785.2194899096337, "epsilon": 28.86563800390743, "gamma": 0.00018363588698596355}}
{"target": 46.35238204892669, "params": {"C": 964.0209502077688, "epsilon": 23.246501977935317, "gamma": 0.10763966096580099}}
{"target": 44.73754511990581, "params": {"C": 1107.191449016531, "epsilon": 25.369419899250595, "gamma": 0.05722480293398727}}
{"target": 39.32729123389618, "params": {"C": 800.9166748058394, "epsilon": 28.292823256866626, "gamma": 0.0035985401876071506}}
{"target": 39.12662153793507, "params": {"C": 1038.7827358967997, "epsilon": 27.558209401368636, "gamma": 0.007701580360874356}}
{"target": 39.81752463057885, "params": {"C": 968.291476745819, "epsilon": 27.23531295858521, "gamma": 0.0018254511900560582}}
{"target": 49.22749487660743, "params": {"C": 1392.122800936089, "epsilon": 29.609719357226, "gamma": 0.33110096240945164}}
{"target": 45.37923789103648, "params": {"C": 879.4524586894216, "epsilon": 20.376741539444957, "gamma": 0.08914693339720221}}
{"target": 40.83058807433743, "params": {"C": 700.9429959448651, "epsilon": 25.41798020254736, "gamma": 0.03651250716988781}}
{"target": 44.72833765143191, "params": {"C": 907.4848525801639, "epsilon": 26.3199857384584, "gamma": 0.06452561032772466}}
{"target": 43.56168369339036, "params": {"C": 895.5248809023672, "epsilon": 24.679188976399793, "gamma": 0.053504945010341164}}
{"target": 41.19954852867359, "params": {"C": 807.2658310550415, "epsilon": 28.09605479967199, "gamma": 0.0006440174305265486}}
{"target": 42.86050505289153, "params": {"C": 872.2351621481472, "epsilon": 26.555073753479444, "gamma": 0.00020997776632129036}}
{"target": 47.78433277141901, "params": {"C": 1110.851981456502, "epsilon": 19.96383092466594, "gamma": 0.25485171860584044}}
{"target": 39.05359766403656, "params": {"C": 706.3485798347716, "epsilon": 26.457547361202028, "gamma": 0.006116065346444207}}
{"target": 42.19225736005044, "params": {"C": 702.1574481810541, "epsilon": 24.051542935811288, "gamma": 0.0003197321552302146}}
{"target": 39.248330610520355, "params": {"C": 809.5415092515212, "epsilon": 26.01833717121952, "gamma": 0.004127723833715162}}
{"target": 44.21981101711988, "params": {"C": 820.603987488208, "epsilon": 21.904157374398032, "gamma": 0.0673275152941424}}
{"target": 40.02614923298775, "params": {"C": 730.1274857574492, "epsilon": 27.16079332034228, "gamma": 0.0018615509422379604}}
{"target": 47.699823411641106, "params": {"C": 904.1260253166231, "epsilon": 28.72955093616875, "gamma": 0.12965509644064688}}
{"target": 48.57003758075738, "params": {"C": 1273.951476540991, "epsilon": 8.095359858443508, "gamma": 0.12915008752534216}}
{"target": 39.21768832177577, "params": {"C": 1027.1649506637896, "epsilon": 24.225734745514295, "gamma": 0.008124330815843826}}
{"target": 47.54745499800394, "params": {"C": 981.4771190706822, "epsilon": 24.788254478327776, "gamma": 0.23723434772538096}}
{"target": 44.39710965762366, "params": {"C": 1046.6714567114316, "epsilon": 24.97002307705924, "gamma": 0.05654647023926972}}
{"target": 39.18406599233695, "params": {"C": 965.7844698785171, "epsilon": 24.720756306625105, "gamma": 0.009660668533927873}}
{"target": 42.608891972590314, "params": {"C": 961.8151520777565, "epsilon": 27.52238066032716, "gamma": 0.00020066813921193905}}
{"target": 42.048269555870526, "params": {"C": 902.1899816130767, "epsilon": 26.2800559919301, "gamma": 0.00028139839704369694}}
{"target": 44.768608853546745, "params": {"C": 782.3297978958045, "epsilon": 22.012616971142116, "gamma": 0.00012441854038927787}}
{"target": 45.43323564128518, "params": {"C": 912.8015341368497, "epsilon": 29.97067086543796, "gamma": 0.07799806101947807}}
{"target": 50.23569018460834, "params": {"C": 868.441834899864, "epsilon": 29.821343303353153, "gamma": 0.37311868607856874}}
{"target": 39.29436359236772, "params": {"C": 875.5741587759936, "epsilon": 20.57226335325232, "gamma": 0.005507974951923621}}
{"target": 50.76731486299228, "params": {"C": 968.6217142107487, "epsilon": 15.069569889494929, "gamma": 0.4951131488885798}}
{"target": 42.658509864869025, "params": {"C": 921.7345765318255, "epsilon": 23.34393895489336, "gamma": 0.04680960593429139}}
{"target": 39.139518268053585, "params": {"C": 1001.2378036698077, "epsilon": 29.791777455016852, "gamma": 0.007088340111965512}}
{"target": 45.316839040619016, "params": {"C": 1002.1977311998667, "epsilon": 29.77268954137369, "gamma": 0.06860168855546425}}
{"target": 42.6825579358205, "params": {"C": 803.5415829617232, "epsilon": 22.543361688419868, "gamma": 0.05111026935426302}}
{"target": 44.826055805451674, "params": {"C": 803.4024879473747, "epsilon": 26.42486657067398, "gamma": 0.07180144824453238}}
{"target": 39.76798807706555, "params": {"C": 1056.039238424652, "epsilon": 25.09029504562554, "gamma": 0.0017777129726996438}}
{"target": 41.251719037548355, "params": {"C": 873.7386385066867, "epsilon": 25.646176520408556, "gamma": 0.00047075132200965347}}
{"target": 39.18058865132838, "params": {"C": 706.0665256516395, "epsilon": 28.608099107357702, "gamma": 0.004920240675384546}}
{"target": 47.12084119152728, "params": {"C": 703.3598958884761, "epsilon": 25.667058224500693, "gamma": 0.14500770905470628}}
{"target": 39.87711196694948, "params": {"C": 783.7806945530359, "epsilon": 26.100415213092862, "gamma": 0.002177404815853781}}
{"target": 40.23275170761086, "params": {"C": 922.7532295792696, "epsilon": 25.2699212660424, "gamma": 0.0010043000809374144}}
{"target": 44.13645339620596, "params": {"C": 793.479968523821, "epsilon": 26.719169320530508, "gamma": 0.060871765940001134}}
{"target": 45.054354032778846, "params": {"C": 703.5039045267264, "epsilon": 25.268441307434603, "gamma": 0.08504458693180368}}
{"target": 47.27765009523237, "params": {"C": 917.423950885489, "epsilon": 23.702630173491304, "gamma": 0.13078845284519258}}
{"target": 44.57324877419201, "params": {"C": 945.2866699119418, "epsilon": 20.635660828120734, "gamma": 0.06813707189339112}}
{"target": 44.558788594852544, "params": {"C": 818.4946923440497, "epsilon": 29.443805308316076, "gamma": 0.06506726391252743}}
{"target": 45.373430832207035, "params": {"C": 702.425029777037, "epsilon": 28.907794938158055, "gamma": 0.10760805893201328}}
{"target": 47.860662130572436, "params": {"C": 766.9747781232531, "epsilon": 29.939767738761233, "gamma": 0.1428308265436201}}
{"target": 43.797937297053174, "params": {"C": 807.9536963269696, "epsilon": 29.802499426458798, "gamma": 0.054846403713371995}}
{"target": 42.09413140174346, "params": {"C": 705.0230435113698, "epsilon": 21.423532990186274, "gamma": 0.04974746042212263}}
{"target": 44.125251697675154, "params": {"C": 786.4875585533971, "epsilon": 27.114629117792976, "gamma": 0.06071072923388246}}
{"target": 40.15505416815905, "params": {"C": 819.4127206438042, "epsilon": 25.25618600477658, "gamma": 0.0012038927196994752}}
{"target": 43.40624719356001, "params": {"C": 885.8820764864946, "epsilon": 23.892966969207453, "gamma": 0.05306268390373357}}
{"target": 42.90630457278638, "params": {"C": 965.5579866902272, "epsilon": 24.025592706176592, "gamma": 0.04678277232023736}}
{"target": 43.826019806647174, "params": {"C": 706.2264437872105, "epsilon": 22.736907711221665, "gamma": 0.0653339623944417}}
{"target": 39.95010268202765, "params": {"C": 829.6334202868982, "epsilon": 23.114740668656978, "gamma": 0.0015084021541051044}}
{"target": 44.19514270875039, "params": {"C": 701.1769308670148, "epsilon": 28.678808482624408, "gamma": 0.06644519032202864}}
{"target": 43.955100755117904, "params": {"C": 896.0823542986648, "epsilon": 26.274190424304418, "gamma": 0.055660518514366306}}
{"target": 45.71570146285403, "params": {"C": 803.0265662759416, "epsilon": 25.51703567700619, "gamma": 0.10612557961508642}}
{"target": 44.69934304837499, "params": {"C": 887.0991467889435, "epsilon": 24.75393866645388, "gamma": 0.06648758678623451}}
{"target": 44.8526615453194, "params": {"C": 892.4628905491277, "epsilon": 26.952583579580388, "gamma": 0.06676820067955586}}
{"target": 43.503495583312784, "params": {"C": 798.7525993737231, "epsilon": 25.259529138299186, "gamma": 0.055558848023700494}}
{"target": 45.084294189638584, "params": {"C": 1027.7419157963943, "epsilon": 24.918418903207876, "gamma": 0.0650301183997816}}
{"target": 41.38366574884902, "params": {"C": 702.6696533822147, "epsilon": 27.73343287727556, "gamma": 0.040217927315662885}}
{"target": 42.77771188637435, "params": {"C": 708.9777241481812, "epsilon": 26.629704202364348, "gamma": 0.051073674119872035}}
{"target": 46.31405892695563, "params": {"C": 1454.2310947496128, "epsilon": 16.621357986534655, "gamma": 0.07363622316805174}}
{"target": 39.81918830359631, "params": {"C": 1049.3687889965843, "epsilon": 22.78048880809022, "gamma": 0.0014140184337970334}}
{"target": 46.575553333071845, "params": {"C": 1001.0233485333534, "epsilon": 27.858544520336324, "gamma": 0.105709463128942}}
{"target": 42.315195254297564, "params": {"C": 977.4756045519333, "epsilon": 23.18827253415684, "gamma": 0.042990525485325115}}
{"target": 41.975816836864865, "params": {"C": 853.7171978821635, "epsilon": 20.350040523310692, "gamma": 0.0002656122471933024}}
{"target": 39.847670261533914, "params": {"C": 796.3730468296282, "epsilon": 23.9097936901139, "gamma": 0.0017552512747056187}}
{"target": 39.32763653665659, "params": {"C": 785.1283728517326, "epsilon": 27.33452681989726, "gamma": 0.0034975467514644755}}
{"target": 39.80152163460609, "params": {"C": 716.2361783124489, "epsilon": 11.504516756136784, "gamma": 0.013505192604433058}}
{"target": 42.76282304234424, "params": {"C": 810.5051849898963, "epsilon": 27.652909852907854, "gamma": 0.04677212174164049}}
{"target": 48.42363980198735, "params": {"C": 944.062263354127, "epsilon": 9.728849364316854, "gamma": 0.1638478480328961}}
{"target": 40.322859826805036, "params": {"C": 848.7077896712092, "epsilon": 27.497237301106864, "gamma": 0.0012513592819129032}}
{"target": 45.118554386233306, "params": {"C": 736.8343084954586, "epsilon": 9.169797677467255, "gamma": 0.12675969093750095}}
{"target": 39.05881184683248, "params": {"C": 707.8440717469715, "epsilon": 26.900550834478032, "gamma": 0.006218938205777387}}
{"target": 42.16152409356492, "params": {"C": 1021.2366922505745, "epsilon": 26.485464766259682, "gamma": 0.0002171418898024701}}
{"target": 39.600157136866585, "params": {"C": 986.9453070836652, "epsilon": 22.517293920890058, "gamma": 0.0024067407929203}}
{"target": 42.39433211619948, "params": {"C": 919.9149023789527, "epsilon": 24.299274134375707, "gamma": 0.000228255559272382}}
{"target": 46.71124939250266, "params": {"C": 924.6495311635939, "epsilon": 27.217043907343275, "gamma": 0.11447530034091333}}
{"target": 48.27956021774115, "params": {"C": 920.5007120471198, "epsilon": 15.91398643104167, "gamma": 0.17005830890961254}}
{"target": 39.250594371566194, "params": {"C": 973.9148492528557, "epsilon": 27.343441470757927, "gamma": 0.0034519021361195425}}
{"target": 42.99178129282957, "params": {"C": 703.2209968226849, "epsilon": 25.089508981798332, "gamma": 0.05450180033704907}}
{"target": 48.13509324994886, "params": {"C": 1092.39021619527, "epsilon": 25.168030118022386, "gamma": 0.15822357922856836}}
{"target": 45.54134051384161, "params": {"C": 892.8472317187476, "epsilon": 24.04548117255242, "gamma": 0.0832880699315941}}
{"target": 44.273315541707866, "params": {"C": 787.483829953166, "epsilon": 23.240738646880875, "gamma": 0.06711335090199866}}
{"target": 43.09669117456954, "params": {"C": 822.9216165588746, "epsilon": 22.0221409160401, "gamma": 0.053789854062806994}}
{"target": 47.42690429150124, "params": {"C": 803.4102917090025, "epsilon": 21.676690173724978, "gamma": 0.2479140664532163}}
{"target": 43.84860754188717, "params": {"C": 700.1177612290055, "epsilon": 27.516399284971182, "gamma": 0.06087545745588281}}
{"target": 44.75192870197735, "params": {"C": 882.7403337588647, "epsilon": 27.502027640667777, "gamma": 0.06554011002328265}}
{"target": 44.042606027187816, "params": {"C": 777.0259125035118, "epsilon": 23.52706996244084, "gamma": 0.0642156826413684}}
{"target": 39.06869255134219, "params": {"C": 709.3085583454173, "epsilon": 26.711317698820572, "gamma": 0.006700773817700838}}
{"target": 42.82079887630495, "params": {"C": 865.653602300226, "epsilon": 25.068550451973113, "gamma": 0.00020505805680209876}}
{"target": 42.2101213495683, "params": {"C": 986.110054790831, "epsilon": 25.88571873409996, "gamma": 0.00022009083922862327}}
{"target": 40.06827570998955, "params": {"C": 813.4541348657074, "epsilon": 27.674417070884157, "gamma": 0.0016690229408825464}}
{"target": 40.971625887716364, "params": {"C": 799.2317417781244, "epsilon": 26.89490906922138, "gamma": 0.0007019820659072921}}
{"target": 39.49739949710058, "params": {"C": 802.1301514940207, "epsilon": 27.587162927249203, "gamma": 0.0028354908999256127}}
{"target": 44.198579560707586, "params": {"C": 796.4282164179159, "epsilon": 24.814499109872337, "gamma": 0.06350085901326834}}
{"target": 39.64099870536265, "params": {"C": 706.8083925692798, "epsilon": 21.79945564586565, "gamma": 0.0026137281031700967}}
{"target": 46.739180177915074, "params": {"C": 713.3458936924823, "epsilon": 23.312580137799067, "gamma": 0.14250687452888217}}
{"target": 39.132635658711465, "params": {"C": 704.7854674044805, "epsilon": 29.785133790288228, "gamma": 0.009568527494533558}}
{"target": 43.67494626133549, "params": {"C": 887.0242681686806, "epsilon": 22.186201490513955, "gamma": 0.05671740931974782}}
{"target": 41.80117471687027, "params": {"C": 794.7070564571917, "epsilon": 29.883531786197388, "gamma": 0.03888715861069238}}
{"target": 44.443714209465625, "params": {"C": 905.9247808842972, "epsilon": 25.2687007842408, "gamma": 0.061359146908781304}}
{"target": 46.68389551356669, "params": {"C": 1040.4714079485059, "epsilon": 26.83117209415428, "gamma": 0.10525409407101477}}
{"target": 43.97687203819865, "params": {"C": 898.7851068885125, "epsilon": 28.1294453665804, "gamma": 0.05450020766261117}}
{"target": 44.27832608505676, "params": {"C": 941.2390612210417, "epsilon": 28.0094911197653, "gamma": 0.05636010102276577}}
{"target": 44.218540891020965, "params": {"C": 874.4484500419109, "epsilon": 16.51221398913425, "gamma": 0.06996677503381969}}
{"target": 46.49092507874907, "params": {"C": 1029.0360665180087, "epsilon": 23.854951354720264, "gamma": 0.10354675051871715}}
