{"target": 63.50700850046246, "params": {"C": 414.28933054053306, "epsilon": 0.19469255034382793, "gamma": 452.3601827514421}}
{"target": 59.05509188422127, "params": {"C": 26.09472142477257, "epsilon": 1.5965656738790848, "gamma": 350.219227115122}}
{"target": 65.75682545314358, "params": {"C": 4967.382978960759, "epsilon": 41.61947491006116, "gamma": 443.5223849327928}}
{"target": 63.491096627375306, "params": {"C": 180.802316396439, "epsilon": 0.3418225271838343, "gamma": 424.1107543176812}}
{"target": 59.5647185532074, "params": {"C": 61.7814909422259, "epsilon": 0.5254874642023994, "gamma": 328.0199708608177}}
{"target": 64.2267216190431, "params": {"C": 428.82902015248396, "epsilon": 14.487364187082145, "gamma": 426.0114224172739}}
{"target": 58.99342519325306, "params": {"C": 22.765556427198124, "epsilon": 2.265398212318046, "gamma": 255.72727624147547}}
{"target": 63.50425865764701, "params": {"C": 204.33262145459338, "epsilon": 0.1386743483008659, "gamma": 403.8745338460948}}
{"target": 58.351752364686966, "params": {"C": 6.601151826823464, "epsilon": 1.7999223762638916, "gamma": 355.01179498542}}
{"target": 64.21245793987632, "params": {"C": 741.7046899056463, "epsilon": 14.1884427110465, "gamma": 226.42346275735866}}
{"target": 63.50415595873498, "params": {"C": 917.7557437419633, "epsilon": 0.1365531305464589, "gamma": 357.40098222132843}}
{"target": 58.645814676452666, "params": {"C": 17.79879139611584, "epsilon": 0.2096512761244005, "gamma": 351.1619562111427}}
{"target": 63.51104845986691, "params": {"C": 829.704259086941, "epsilon": 0.27676665775734977, "gamma": 301.7669703516153}}
{"target": 59.74004809224539, "params": {"C": 37.20128276897034, "epsilon": 17.187807913456655, "gamma": 386.3052073742722}}
{"target": 64.13196009707227, "params": {"C": 886.9846872516388, "epsilon": 12.51953104449833, "gamma": 290.6368779021259}}
{"target": 64.81368809336422, "params": {"C": 662.551568561397, "epsilon": 26.15195461749421, "gamma": 339.48534719184204}}
{"target": 58.40674622984692, "params": {"C": 7.845737598991661, "epsilon": 1.795920804090366, "gamma": 415.4435597646338}}
{"target": 64.19189113419318, "params": {"C": 821.4828672156999, "epsilon": 13.758982392513163, "gamma": 448.9612899947914}}
{"target": 60.053524078756126, "params": {"C": 52.089865228425374, "epsilon": 14.090096550126264, "gamma": 416.19776909461257}}
{"target": 63.563110132405896, "params": {"C": 916.9231430702991, "epsilon": 1.3392680254574696, "gamma": 369.10680578921614}}
{"target": 65.18054807368543, "params": {"C": 975.8980285662283, "epsilon": 32.49787770019338, "gamma": 473.4344106905217}}
{"target": 64.24049975883395, "params": {"C": 855.5584680967979, "epsilon": 14.776160331377756, "gamma": 442.58989528660607}}
{"target": 59.2878270245003, "params": {"C": 44.831651776075304, "epsilon": 2.2519216670443196, "gamma": 435.51841299451104}}
{"target": 63.498594228462025, "params": {"C": 762.7906621477681, "epsilon": 0.021677123038082113, "gamma": 400.3400844140483}}
{"target": 74.56847611920372, "params": {"C": 1040.7953901726862, "epsilon": 118.24042721221588, "gamma": 66.45501750774963}}
{"target": 68.80445124521165, "params": {"C": 3405.2182120155594, "epsilon": 75.88273908897678, "gamma": 118.18025325016723}}
{"target": 60.71977907853225, "params": {"C": 87.37361296236763, "epsilon": 0.8087411856129374, "gamma": 402.9519572101033}}
{"target": 63.567317159821506, "params": {"C": 802.4423119742875, "epsilon": 1.425023719168075, "gamma": 396.20050128527316}}
{"target": 60.773847522780194, "params": {"C": 88.81639708586431, "epsilon": 0.4757246330703775, "gamma": 335.48418351552095}}
{"target": 58.58452028922814, "params": {"C": 14.517029893067326, "epsilon": 0.29107160008667066, "gamma": 478.7910361202292}}
{"target": 59.584456072717884, "params": {"C": 24.26331819353422, "epsilon": 16.753871567708785, "gamma": 414.8375035457867}}
{"target": 59.60877856670768, "params": {"C": 4.281244569260729, "epsilon": 18.059112565832876, "gamma": 352.77674162203925}}
{"target": 63.542891898446726, "params": {"C": 1305.0209955910686, "epsilon": 0.9237106954883418, "gamma": 452.3261139659581}}
{"target": 58.61768703727864, "params": {"C": 16.9107215792664, "epsilon": 0.04950449459866313, "gamma": 480.9283187515541}}
{"target": 64.10534382806887, "params": {"C": 727.3294182934841, "epsilon": 11.96840915631775, "gamma": 348.8154492847192}}
{"target": 61.66918511124787, "params": {"C": 103.5322316931921, "epsilon": 0.6955029403589332, "gamma": 337.9699101313179}}
{"target": 63.50380559617306, "params": {"C": 480.3864045140755, "epsilon": 0.1293164882957729, "gamma": 273.09007777205676}}
{"target": 59.05016197420078, "params": {"C": 2.269404360371931, "epsilon": 15.482259886417697, "gamma": 279.6079943230503}}
{"target": 59.703820139407775, "params": {"C": 40.27576636141787, "epsilon": 14.196499565481261, "gamma": 410.71423878507767}}
{"target": 63.50438864939802, "params": {"C": 536.5980692571071, "epsilon": 0.14135929212651427, "gamma": 418.97933812966767}}
{"target": 64.29193326654686, "params": {"C": 737.1200119697888, "epsilon": 15.865410002499193, "gamma": 463.7292394697041}}
{"target": 61.07453439079761, "params": {"C": 93.15612930278355, "epsilon": 0.9275073514130805, "gamma": 287.3714872094204}}
{"target": 64.22180894647838, "params": {"C": 1529.9986984458733, "epsilon": 14.384829618195434, "gamma": 399.30955005620774}}
{"target": 64.21634753560943, "params": {"C": 571.1442802473755, "epsilon": 14.270262218444266, "gamma": 389.40966709914466}}
{"target": 63.55301720031423, "params": {"C": 1054.5935152292723, "epsilon": 1.1311479818998311, "gamma": 461.82806298529124}}
{"target": 59.38526399431724, "params": {"C": 50.96332360908945, "epsilon": 2.248920662122899, "gamma": 365.56523258960596}}
{"target": 63.990988872656615, "params": {"C": 655.6502918345852, "epsilon": 9.674815987131748, "gamma": 453.10062191835766}}
{"target": 58.14836612330207, "params": {"C": 0.9822372706433793, "epsilon": 0.04318853078890139, "gamma": 412.35286201879023}}
{"target": 64.06792359871663, "params": {"C": 757.5164919185031, "epsilon": 11.215020331327407, "gamma": 459.0439626532801}}
{"target": 59.97129995278542, "params": {"C": 73.12375577334814, "epsilon": 0.6671104112431729, "gamma": 471.7505241388535}}
{"target": 64.10414362751605, "params": {"C": 810.8254263715021, "epsilon": 11.943830961213163, "gamma": 337.8501082065019}}
{"target": 59.55870281835098, "params": {"C": 31.151075525497266, "epsilon": 13.407018654844393, "gamma": 462.8162144244338}}
{"target": 61.02092508327793, "params": {"C": 71.10801278052341, "epsilon": 14.338231551483661, "gamma": 467.15469956558337}}
{"target": 59.182761016393805, "params": {"C": 38.05676968103448, "epsilon": 1.95373326306569, "gamma": 394.48286758810224}}
{"target": 59.11426678376271, "params": {"C": 6.557774021406854, "epsilon": 12.14708084213682, "gamma": 432.6505095274419}}
{"target": 60.122667515993555, "params": {"C": 22.038972363653606, "epsilon": 38.14891022792917, "gamma": 499.5885369161474}}
{"target": 59.535236374200984, "params": {"C": 23.938069673778642, "epsilon": 14.090754577235014, "gamma": 419.07797742769696}}
{"target": 62.84781774271486, "params": {"C": 128.82687905531768, "epsilon": 1.2214670269323615, "gamma": 430.2421850685653}}
{"target": 63.501842434314085, "params": {"C": 1220.449291901065, "epsilon": 0.08876792060087446, "gamma": 340.1379903642361}}
{"target": 58.25257613519343, "params": {"C": 4.563584940477657, "epsilon": 0.4122784322766393, "gamma": 351.72298847385923}}
{"target": 58.299703703601814, "params": {"C": 7.4868585083519505, "epsilon": 0.1943324674703617, "gamma": 338.97134560683133}}
{"target": 63.52729609672082, "params": {"C": 754.0947480788169, "epsilon": 0.6047859186118738, "gamma": 374.8178812395221}}
{"target": 64.06541108920115, "params": {"C": 561.0080368583323, "epsilon": 11.164709281427696, "gamma": 432.22980137739546}}
{"target": 59.60525912614463, "params": {"C": 31.668136973474205, "epsilon": 14.755914298429131, "gamma": 334.6526201710276}}
{"target": 64.10649450049098, "params": {"C": 744.2664816575989, "epsilon": 11.991973094212316, "gamma": 339.78279547971863}}
{"target": 64.14545178813607, "params": {"C": 887.2326116049354, "epsilon": 12.79908574319925, "gamma": 307.5813864728194}}
{"target": 64.17452744660379, "params": {"C": 444.6828913153615, "epsilon": 13.397845580786404, "gamma": 315.06398175151816}}
{"target": 63.50750589641966, "params": {"C": 1128.3224082409918, "epsilon": 0.20479743634312983, "gamma": 292.04735693697256}}
{"target": 64.25622652639225, "params": {"C": 609.7311298597734, "epsilon": 15.10308958938684, "gamma": 288.80094107853336}}
{"target": 67.2025476509476, "params": {"C": 4967.1909067710485, "epsilon": 58.53613708218683, "gamma": 208.25017844138313}}
{"target": 63.11617479958322, "params": {"C": 139.7963558200307, "epsilon": 1.1693492512555914, "gamma": 304.95146965581364}}
{"target": 64.1197251717006, "params": {"C": 878.9255452462019, "epsilon": 12.26563885541212, "gamma": 293.330570399699}}
{"target": 63.5745960834069, "params": {"C": 783.360718625614, "epsilon": 1.5738656571832215, "gamma": 393.6577827896794}}
{"target": 63.53599164769746, "params": {"C": 351.3243302933924, "epsilon": 0.7819942991247487, "gamma": 355.0569583766332}}
{"target": 63.50812668156156, "params": {"C": 458.8840145689741, "epsilon": 0.21740904485583568, "gamma": 359.8099178153825}}
{"target": 63.99660447726963, "params": {"C": 1626.488128328393, "epsilon": 9.786675574988227, "gamma": 345.33805287411553}}
{"target": 63.50275939671705, "params": {"C": 479.16106351621164, "epsilon": 0.10770752657577365, "gamma": 355.3256720852206}}
{"target": 59.51879809141358, "params": {"C": 17.207558283857104, "epsilon": 10.97408050232006, "gamma": 317.8602797704193}}
{"target": 64.79202560120211, "params": {"C": 679.8055029912656, "epsilon": 25.766729808415963, "gamma": 298.7588323776564}}
{"target": 59.37214624055089, "params": {"C": 54.12867098622735, "epsilon": 0.5541216087902424, "gamma": 376.47479406292496}}
{"target": 64.64566118636233, "params": {"C": 4668.441640439929, "epsilon": 23.05671789319178, "gamma": 488.1925235116696}}
{"target": 65.07373281546691, "params": {"C": 948.2664031825922, "epsilon": 30.678263717292474, "gamma": 371.5815735228106}}
{"target": 63.537824036334825, "params": {"C": 623.8922245826798, "epsilon": 0.8196276437510159, "gamma": 309.26251864764544}}
{"target": 58.68381616232823, "params": {"C": 17.52165430932191, "epsilon": 1.0132611670007692, "gamma": 299.32462959777877}}
{"target": 63.51947038357059, "params": {"C": 729.7834721583894, "epsilon": 0.4470271623235951, "gamma": 434.70080053750155}}
{"target": 60.10569344410915, "params": {"C": 72.01224146956902, "epsilon": 3.0806206158309015, "gamma": 293.6139189223936}}
{"target": 63.607356040355356, "params": {"C": 644.0787265032786, "epsilon": 2.2354635621521712, "gamma": 290.84051597529316}}
{"target": 63.49917251396901, "params": {"C": 470.9338898960006, "epsilon": 0.033621450973131295, "gamma": 348.83069750133455}}
{"target": 64.20093629231522, "params": {"C": 764.2670590065009, "epsilon": 13.948055599215781, "gamma": 354.95336849867516}}
{"target": 59.31735987003657, "params": {"C": 15.532794907117816, "epsilon": 8.217136009952402, "gamma": 374.44003082176283}}
{"target": 59.86861508019816, "params": {"C": 71.65755244113787, "epsilon": 0.02692493914767291, "gamma": 377.80595041162024}}
{"target": 59.69663996729726, "params": {"C": 34.02092473722104, "epsilon": 16.99676958699702, "gamma": 342.13225605749034}}
{"target": 63.97821344409715, "params": {"C": 1731.2895071677588, "epsilon": 9.421295953279861, "gamma": 320.78075421378225}}
{"target": 60.12594038175727, "params": {"C": 33.438750308666314, "epsilon": 30.821082569267, "gamma": 332.3766056292723}}
{"target": 59.10807477331194, "params": {"C": 31.46228311986576, "epsilon": 0.9114418144612221, "gamma": 359.9497911799188}}
{"target": 64.25255494895342, "params": {"C": 609.7265930840784, "epsilon": 15.026867282086124, "gamma": 357.39026085111647}}
{"target": 59.54069763166685, "params": {"C": 33.405175110832154, "epsilon": 11.913714830268031, "gamma": 377.5100112587131}}
{"target": 60.265658656901984, "params": {"C": 52.77523950156781, "epsilon": 17.41030943523996, "gamma": 377.37760542787817}}
{"target": 65.04472440446877, "params": {"C": 704.5168210229751, "epsilon": 30.181963700740358, "gamma": 420.32066359408856}}
{"target": 64.1415730380151, "params": {"C": 733.5040878917287, "epsilon": 12.71913240223263, "gamma": 303.6771715795747}}
{"target": 64.12266398002495, "params": {"C": 708.7110433846666, "epsilon": 12.32640345023103, "gamma": 326.64756136597424}}
{"target": 63.51579302490622, "params": {"C": 810.3238216057028, "epsilon": 0.3728951927262838, "gamma": 430.239925516541}}
{"target": 63.527380937170506, "params": {"C": 687.9401642077055, "epsilon": 0.6064962194586044, "gamma": 316.17520032793766}}
{"target": 59.490195502299756, "params": {"C": 26.083670440379137, "epsilon": 11.770264596090978, "gamma": 351.18859831727957}}
{"target": 59.10309105279621, "params": {"C": 35.622472779699, "epsilon": 0.40336065192746284, "gamma": 414.1036385353818}}
{"target": 61.61923091790468, "params": {"C": 98.99463085475064, "epsilon": 2.885703320690297, "gamma": 295.7913717082205}}
{"target": 63.552100721077274, "params": {"C": 615.9394052003821, "epsilon": 1.1124305589534136, "gamma": 286.35054758568094}}
{"target": 65.0071969220198, "params": {"C": 5886.85389607103, "epsilon": 29.545141332711893, "gamma": 477.6816054582078}}
{"target": 59.67526721338071, "params": {"C": 13.94236609899065, "epsilon": 15.58210330912161, "gamma": 341.2990236794193}}
{"target": 64.14978625002627, "params": {"C": 906.5286386387007, "epsilon": 12.888432748961513, "gamma": 483.52344442198813}}
{"target": 63.230582713452804, "params": {"C": 101.11340039917413, "epsilon": 18.224292870101984, "gamma": 289.0444739743186}}
{"target": 59.20865438183157, "params": {"C": 26.173608447699223, "epsilon": 3.7512679247354224, "gamma": 314.4094429789963}}
{"target": 64.89151286099441, "params": {"C": 630.014193530271, "epsilon": 27.525630464664893, "gamma": 375.15012443739334}}
{"target": 60.06307611683072, "params": {"C": 73.99684463622613, "epsilon": 1.3897758212976319, "gamma": 317.92742725742914}}
{"target": 63.56239955511455, "params": {"C": 709.1344103918141, "epsilon": 1.3247836775957738, "gamma": 337.4284235673807}}
{"target": 63.537869012917234, "params": {"C": 798.303805284139, "epsilon": 0.8205513665826101, "gamma": 315.61383227816015}}
{"target": 58.295578225901565, "params": {"C": 2.1510906753991383, "epsilon": 3.3780208002699412, "gamma": 443.6842813655385}}
{"target": 60.6353095835139, "params": {"C": 62.95176240599881, "epsilon": 15.617104425269506, "gamma": 345.79055687349825}}
{"target": 74.04221224458998, "params": {"C": 1446.4221039229112, "epsilon": 115.68017677922674, "gamma": 370.5204486495915}}
{"target": 68.97027324535061, "params": {"C": 5714.621679243314, "epsilon": 77.7816488960332, "gamma": 93.57841637294177}}
{"target": 64.28110139050206, "params": {"C": 169.21935198275682, "epsilon": 15.812693632065589, "gamma": 478.61681932142346}}
{"target": 64.17435606044054, "params": {"C": 570.4625280842915, "epsilon": 13.394290752313756, "gamma": 482.8724287245147}}
{"target": 63.768357146722146, "params": {"C": 882.1436604249602, "epsilon": 5.355496269564226, "gamma": 498.60363101297116}}
{"target": 64.77839050687815, "params": {"C": 568.1255587256588, "epsilon": 25.52467140745725, "gamma": 444.0651155429746}}
{"target": 64.1475294424142, "params": {"C": 934.6724456081977, "epsilon": 12.841912786892268, "gamma": 483.20425635131085}}
{"target": 61.103125500823054, "params": {"C": 69.43223486575585, "epsilon": 16.528796025741226, "gamma": 443.99141711010503}}
{"target": 59.52205206668911, "params": {"C": 13.267057963552176, "epsilon": 12.631867182358036, "gamma": 439.4860854343817}}
{"target": 58.79273802125423, "params": {"C": 14.284263634774588, "epsilon": 3.8060352221853413, "gamma": 477.62225302260623}}
{"target": 64.24201030080698, "params": {"C": 586.9190071216552, "epsilon": 14.8077825609784, "gamma": 473.9636949688782}}
{"target": 64.35465702517442, "params": {"C": 202.63118147036724, "epsilon": 17.213243584918303, "gamma": 496.75004013684486}}
{"target": 59.90641150283657, "params": {"C": 9.577780853029466, "epsilon": 40.21530825321074, "gamma": 388.5493329321785}}
{"target": 59.29656638282878, "params": {"C": 2.064995528517221, "epsilon": 30.86829580837937, "gamma": 439.73994533114785}}
{"target": 59.14529520055172, "params": {"C": 40.59862832311907, "epsilon": 0.058079863424667894, "gamma": 430.0171448916335}}
{"target": 63.58979416176355, "params": {"C": 877.2519618238802, "epsilon": 1.881593659492227, "gamma": 442.522653608888}}
{"target": 63.505304827435396, "params": {"C": 455.66104830406505, "epsilon": 0.16008144933620816, "gamma": 410.7360670828541}}
{"target": 64.07370701599754, "params": {"C": 911.8051835342789, "epsilon": 11.330828766528848, "gamma": 419.06254915159525}}
{"target": 64.30354077953993, "params": {"C": 936.4952140557856, "epsilon": 16.111293609776915, "gamma": 394.3886997647787}}
{"target": 64.23100478839456, "params": {"C": 1411.0296349972766, "epsilon": 14.576659365726625, "gamma": 444.43080936521625}}
{"target": 64.3713839769561, "params": {"C": 650.2348016611779, "epsilon": 17.57992950449816, "gamma": 445.11664723115297}}
{"target": 63.53003865649164, "params": {"C": 1030.5622562483893, "epsilon": 0.6604418347480602, "gamma": 453.99224339719984}}
{"target": 58.91453528567106, "params": {"C": 16.276486951376228, "epsilon": 4.275349876063944, "gamma": 448.70560267510643}}
{"target": 64.19076460299515, "params": {"C": 599.87465298901, "epsilon": 13.735493735201679, "gamma": 416.54553129986533}}
{"target": 63.54659567754609, "params": {"C": 1319.5486170054683, "epsilon": 0.9997783988171818, "gamma": 368.23597483331486}}
{"target": 63.4983632549916, "params": {"C": 383.7965390258523, "epsilon": 0.016906429600299422, "gamma": 471.2736795923417}}
{"target": 59.16514984905117, "params": {"C": 39.53360190829959, "epsilon": 1.04279790481994, "gamma": 364.59564688089085}}
{"target": 59.76356702298487, "params": {"C": 67.82364873609542, "epsilon": 0.48692064922865647, "gamma": 425.243105153705}}
{"target": 59.82813988357951, "params": {"C": 7.167104915188885, "epsilon": 21.642802857116738, "gamma": 431.9034069290908}}
{"target": 59.12794605356589, "params": {"C": 38.86804848154941, "epsilon": 0.3137871337838005, "gamma": 309.0382020662448}}
{"target": 64.30107008219935, "params": {"C": 927.8100320180212, "epsilon": 16.058956474769793, "gamma": 397.42153035975196}}
{"target": 59.55802833745967, "params": {"C": 16.713547174043946, "epsilon": 24.143166610223833, "gamma": 464.52059177626796}}
{"target": 64.21402148691443, "params": {"C": 713.0767979484506, "epsilon": 14.221332671142877, "gamma": 367.25720672974734}}
{"target": 64.0663437464414, "params": {"C": 648.7262183185038, "epsilon": 11.18338501764499, "gamma": 439.6882154934541}}
{"target": 59.66851857025696, "params": {"C": 12.981700306964873, "epsilon": 15.454912332544335, "gamma": 452.81403339151314}}
{"target": 60.64880557359252, "params": {"C": 64.97207684340346, "epsilon": 14.294892506572502, "gamma": 404.4019906741709}}
{"target": 65.62260135833967, "params": {"C": 1755.0168799508563, "epsilon": 39.780058055714875, "gamma": 408.8283226695782}}
{"target": 59.60562272565316, "params": {"C": 21.41668056918748, "epsilon": 18.76759827089056, "gamma": 478.6501663211744}}
{"target": 63.541397534076694, "params": {"C": 386.4821913034981, "epsilon": 0.8930196465591611, "gamma": 498.95330837502866}}
{"target": 64.12018470352287, "params": {"C": 715.984101848485, "epsilon": 12.275140415879866, "gamma": 418.78151243988816}}
{"target": 58.34368382800064, "params": {"C": 7.4470127245143285, "epsilon": 1.0846707906098167, "gamma": 374.0796521880801}}
{"target": 59.32229369335128, "params": {"C": 26.700195197475825, "epsilon": 5.525264202628512, "gamma": 493.62251873216155}}
{"target": 58.54056140609879, "params": {"C": 10.329529903718885, "epsilon": 1.6947002054947207, "gamma": 457.966122677351}}
{"target": 65.0482198720862, "params": {"C": 738.2925638010555, "epsilon": 30.24161480982505, "gamma": 340.2564543064748}}
{"target": 67.71560341200473, "params": {"C": 3534.1998437191482, "epsilon": 63.931775663098236, "gamma": 41.27837703407661}}
{"target": 64.20258551964052, "params": {"C": 958.4444648557372, "epsilon": 13.982788020225602, "gamma": 314.68355818385305}}
{"target": 67.95144998152884, "params": {"C": 4620.388666419435, "epsilon": 66.44264265941278, "gamma": 413.40308312106345}}
{"target": 65.33768103684523, "params": {"C": 666.5567728184573, "epsilon": 35.2029932435565, "gamma": 260.91636031834184}}
{"target": 66.74625027139349, "params": {"C": 4150.659921166715, "epsilon": 53.53087063312452, "gamma": 496.6649226575709}}
{"target": 59.17673197881015, "params": {"C": 26.34694021949775, "epsilon": 3.219783153169486, "gamma": 270.335110830242}}
{"target": 60.179854459105, "params": {"C": 75.51475599198494, "epsilon": 1.9751408889481477, "gamma": 269.5298953731758}}
{"target": 58.57934418024779, "params": {"C": 13.505084042705885, "epsilon": 0.5806745226946431, "gamma": 315.18876169917627}}
{"target": 59.416335683756564, "params": {"C": 28.776091144598624, "epsilon": 8.257275865310955, "gamma": 286.3132076107244}}
{"target": 64.28578277262424, "params": {"C": 582.290461463247, "epsilon": 15.734832271214536, "gamma": 292.382627647982}}
{"target": 63.535239132412116, "params": {"C": 1748.99477612911, "epsilon": 0.7665392441832507, "gamma": 426.27336733671814}}
{"target": 59.288673073040535, "params": {"C": 49.110658107698235, "epsilon": 0.46069300436549243, "gamma": 371.2172283880474}}
{"target": 63.58757565477767, "params": {"C": 671.7199175356595, "epsilon": 1.836953624277959, "gamma": 366.9096204824945}}
