{"target": 39.1225009511189, "params": {"C": 707.8630621936361, "epsilon": 27.78940220172043, "gamma": 0.005259428732602094}}
{"target": 44.81148972406016, "params": {"C": 795.3221040919591, "epsilon": 26.99434269210162, "gamma": 0.07153937836487902}}
{"target": 44.95033273725128, "params": {"C": 833.5245912143703, "epsilon": 19.367390501360468, "gamma": 0.08405035105775212}}
{"target": 48.10344587994861, "params": {"C": 1115.4082909197955, "epsilon": 26.58236095594281, "gamma": 0.29060201152144627}}
{"target": 39.142124367136525, "params": {"C": 999.869877013603, "epsilon": 24.377886326558155, "gamma": 0.004990563453538948}}
{"target": 43.62103734655441, "params": {"C": 796.140038700674, "epsilon": 25.906348745724, "gamma": 0.05610206131285354}}
{"target": 42.05616624296361, "params": {"C": 918.3520564964317, "epsilon": 22.38672093632466, "gamma": 0.042742377060622797}}
{"target": 44.42888927839113, "params": {"C": 866.6378557555855, "epsilon": 18.783534981352386, "gamma": 0.07134197986185957}}
{"target": 44.35428124114494, "params": {"C": 930.8177325219898, "epsilon": 29.62762709009445, "gamma": 0.057632254060264655}}
{"target": 43.562765869353235, "params": {"C": 794.3394751018678, "epsilon": 26.290961337951526, "gamma": 0.05518166420166633}}
{"target": 40.59407391699249, "params": {"C": 1039.39293808358, "epsilon": 23.778257440784373, "gamma": 0.0006679817933128336}}
{"target": 39.22774037823503, "params": {"C": 902.1215117056264, "epsilon": 22.808216960000074, "gamma": 0.004635800507433984}}
{"target": 40.446708238414075, "params": {"C": 833.8261775759083, "epsilon": 26.458022935068076, "gamma": 0.0008140868543068912}}
{"target": 39.735079138093795, "params": {"C": 792.6585074100371, "epsilon": 27.714681534752707, "gamma": 0.002235345026663919}}
{"target": 44.622562922784546, "params": {"C": 706.4737566812369, "epsilon": 29.02463427981303, "gamma": 0.0738324881475827}}
{"target": 42.998408422271766, "params": {"C": 700.791642165288, "epsilon": 26.862133017303332, "gamma": 0.05296382297768979}}
{"target": 41.75220238190791, "params": {"C": 711.3920684146858, "epsilon": 26.93510520034154, "gamma": 0.0003820521070535439}}
{"target": 39.229471847674084, "params": {"C": 1105.1589442725933, "epsilon": 25.3598126293301, "gamma": 0.003683042273293014}}
{"target": 46.525087209615506, "params": {"C": 1102.8940714727519, "epsilon": 20.241342854571453, "gamma": 0.10504489760245186}}
{"target": 44.51793120802351, "params": {"C": 954.170542123401, "epsilon": 27.81353292191314, "gamma": 0.05890111092815626}}
{"target": 45.889619631305784, "params": {"C": 885.567954427836, "epsilon": 25.14435227404777, "gamma": 0.10090261384760126}}
{"target": 46.73575181318347, "params": {"C": 989.7112323624985, "epsilon": 22.29290140856989, "gamma": 0.11702893776849063}}
{"target": 45.542824266483294, "params": {"C": 916.0836391601008, "epsilon": 24.00659521325157, "gamma": 0.0812986995907182}}
{"target": 43.40661189997907, "params": {"C": 796.3484809836614, "epsilon": 23.52677987847007, "gamma": 0.05605120234526642}}
{"target": 43.2761092693798, "params": {"C": 814.7579383209765, "epsilon": 27.172504778222287, "gamma": 0.0002059792264411022}}
{"target": 39.128383364202456, "params": {"C": 701.7472248524467, "epsilon": 29.71586433905, "gamma": 0.009536220061290828}}
{"target": 45.03857886500759, "params": {"C": 936.8180079033657, "epsilon": 24.701743657259286, "gamma": 0.06913838312579718}}
{"target": 45.81406396551553, "params": {"C": 792.4740414342339, "epsilon": 28.758715647200148, "gamma": 0.10838683978675945}}
{"target": 39.80535476023811, "params": {"C": 702.013848022207, "epsilon": 28.024528437683223, "gamma": 0.002331962739856179}}
{"target": 39.364359734072764, "params": {"C": 913.1701737919042, "epsilon": 21.190602185541767, "gamma": 0.0033336112890451058}}
{"target": 39.04821311534327, "params": {"C": 700.6791294604243, "epsilon": 29.601632955776378, "gamma": 0.007373565389377995}}
{"target": 42.52705893649217, "params": {"C": 882.6117538013024, "epsilon": 23.502222728729752, "gamma": 0.04671871558433069}}
{"target": 45.176939309207036, "params": {"C": 879.64793353822, "epsilon": 29.872772210951528, "gamma": 0.07471367941407277}}
{"target": 44.41847373941076, "params": {"C": 953.9614693340716, "epsilon": 25.077297531691887, "gamma": 0.059428947293875184}}
{"target": 42.49540390431825, "params": {"C": 874.8738723694992, "epsilon": 29.68826833964562, "gamma": 0.04184436172902109}}
{"target": 39.26516369780995, "params": {"C": 1150.0892241178303, "epsilon": 17.240722700638603, "gamma": 0.01784700296289434}}
{"target": 46.43966355447664, "params": {"C": 786.2293782161173, "epsilon": 24.629222250880385, "gamma": 0.1264247506304852}}
{"target": 40.067744612476375, "params": {"C": 822.6543542710551, "epsilon": 25.73577260395956, "gamma": 0.0014590650803866841}}
{"target": 45.67780442499382, "params": {"C": 801.1105381790169, "epsilon": 24.61797417809324, "gamma": 0.10515822211695622}}
{"target": 46.54730619328997, "params": {"C": 803.0050997395854, "epsilon": 27.1830083557472, "gamma": 0.1217158661135472}}
{"target": 46.40455121657582, "params": {"C": 857.776570559153, "epsilon": 27.576875398253982, "gamma": 0.11433728946892001}}
{"target": 42.71757950099233, "params": {"C": 790.8921218496965, "epsilon": 22.2855176296855, "gamma": 0.051927635773487205}}
{"target": 46.63562123472508, "params": {"C": 1089.8361417414046, "epsilon": 28.98180609405423, "gamma": 0.09907087486192681}}
{"target": 39.405096557561926, "params": {"C": 707.9612381279442, "epsilon": 24.964719573359773, "gamma": 0.004284004926790435}}
{"target": 46.69933088881179, "params": {"C": 700.382266907684, "epsilon": 29.3602244810842, "gamma": 0.12858871815009326}}
{"target": 45.530656462469715, "params": {"C": 883.8989654525973, "epsilon": 25.91309130408864, "gamma": 0.00010648255409262224}}
{"target": 44.66132186398822, "params": {"C": 894.4298162553953, "epsilon": 25.00673816631555, "gamma": 0.06517642468274662}}
{"target": 39.6586965865604, "params": {"C": 778.7209103490021, "epsilon": 24.091645356142156, "gamma": 0.0022827099202918522}}
{"target": 44.46824052776951, "params": {"C": 1031.711489476149, "epsilon": 21.373801668403548, "gamma": 0.06269315702911443}}
{"target": 42.04089715271256, "params": {"C": 860.0449301791529, "epsilon": 29.817481491032343, "gamma": 0.0003173185291100271}}
{"target": 40.3770128448421, "params": {"C": 701.7072866612968, "epsilon": 27.58393565032666, "gamma": 0.0014178177073565293}}
{"target": 43.34681070083889, "params": {"C": 995.7090133591804, "epsilon": 28.288169027213666, "gamma": 0.0459879824157822}}
{"target": 43.574613757766734, "params": {"C": 800.7496342202325, "epsilon": 25.80892324807634, "gamma": 0.05560807441944901}}
{"target": 46.2245173077996, "params": {"C": 705.2174872052443, "epsilon": 23.624796869368232, "gamma": 0.1337924123947376}}
{"target": 45.222766914938504, "params": {"C": 1045.9450112400052, "epsilon": 27.787711807241465, "gamma": 0.06379986841776596}}
{"target": 39.398267703944825, "params": {"C": 1014.6841446449457, "epsilon": 25.76451852207259, "gamma": 0.0027312321401859792}}
{"target": 39.8393632087629, "params": {"C": 896.6160874066209, "epsilon": 24.603985226343276, "gamma": 0.0015993302441802797}}
{"target": 45.23251986140937, "params": {"C": 1027.1839979608885, "epsilon": 26.25031180127792, "gamma": 0.06518914508925804}}
{"target": 43.06635221160733, "params": {"C": 1028.4889204448498, "epsilon": 25.25351505572852, "gamma": 0.04521512878403363}}
{"target": 47.946441817538776, "params": {"C": 1093.105184301805, "epsilon": 26.10004814651921, "gamma": 0.12484753808459374}}
{"target": 43.108998237262306, "params": {"C": 816.8741474033341, "epsilon": 25.82068998734816, "gamma": 0.051022595298061385}}
{"target": 40.19341733154848, "params": {"C": 953.3198501186736, "epsilon": 18.322420798696232, "gamma": 0.03095198361953351}}
{"target": 43.69728511259982, "params": {"C": 875.9397362536483, "epsilon": 27.903491789542045, "gamma": 0.05287860824159833}}
{"target": 39.25509462034294, "params": {"C": 997.8860656731125, "epsilon": 22.75260873021804, "gamma": 0.005711947287400541}}
{"target": 44.22319541178507, "params": {"C": 772.3980611365826, "epsilon": 29.68836088882691, "gamma": 0.06237357045379192}}
{"target": 44.31620368552966, "params": {"C": 707.0631993598381, "epsilon": 24.512139647772987, "gamma": 0.07077641441482563}}
{"target": 42.65314597587418, "params": {"C": 873.6273463029409, "epsilon": 23.146968448689424, "gamma": 0.04825127091786362}}
{"target": 39.77678168937055, "params": {"C": 907.51399776908, "epsilon": 24.602783528675104, "gamma": 0.0016918168245830456}}
{"target": 40.15859475509778, "params": {"C": 906.8407786931162, "epsilon": 26.254686083822552, "gamma": 0.0014391836862312022}}
{"target": 42.771939177053675, "params": {"C": 800.3063656925303, "epsilon": 27.57696973928483, "gamma": 0.04720684251685538}}
{"target": 40.85447951193125, "params": {"C": 827.5520541385706, "epsilon": 23.83003791712066, "gamma": 0.000677310476878655}}
{"target": 39.289947204772105, "params": {"C": 875.6398509724406, "epsilon": 28.202523433690466, "gamma": 0.003834342659056284}}
{"target": 40.12892618790312, "params": {"C": 880.7176092282708, "epsilon": 29.196505678626764, "gamma": 0.0017303195983747236}}
{"target": 39.81902576026763, "params": {"C": 1077.2909933268909, "epsilon": 22.844897578721852, "gamma": 0.0013679113952200419}}
{"target": 40.472989107678146, "params": {"C": 844.2999686819209, "epsilon": 23.514629995423338, "gamma": 0.001092791329966234}}
{"target": 46.22744821377573, "params": {"C": 924.2317562171321, "epsilon": 26.18467790197286, "gamma": 0.1065474043299021}}
{"target": 43.1541376295134, "params": {"C": 775.2599937882591, "epsilon": 22.891283722805706, "gamma": 0.05518614572259013}}
{"target": 39.77511522759198, "params": {"C": 980.4550381335646, "epsilon": 21.990146530513293, "gamma": 0.001465319347525718}}
{"target": 40.65005568022766, "params": {"C": 950.8008658034665, "epsilon": 26.362455018165793, "gamma": 0.0006539338367637371}}
{"target": 42.395480668265655, "params": {"C": 766.0277597541511, "epsilon": 24.947441593736734, "gamma": 0.04754303078551325}}
{"target": 44.56050254008234, "params": {"C": 773.9981486639656, "epsilon": 27.310962027184114, "gamma": 0.06832006643166547}}
{"target": 39.15037197821251, "params": {"C": 1222.870589381158, "epsilon": 25.040121424534657, "gamma": 0.004981875292206493}}
{"target": 43.43048669543987, "params": {"C": 804.7545021937808, "epsilon": 25.477554103398337, "gamma": 0.05442921397995858}}
{"target": 39.174130608792076, "params": {"C": 1174.139804445166, "epsilon": 24.686300336529204, "gamma": 0.0037704285056141783}}
{"target": 44.09894122732737, "params": {"C": 880.2951473280498, "epsilon": 21.66314707663105, "gamma": 0.06357905844400896}}
{"target": 43.91995453318479, "params": {"C": 703.5524984324406, "epsilon": 25.673341188294604, "gamma": 0.06298940365604203}}
{"target": 39.267044821761715, "params": {"C": 701.3798460522801, "epsilon": 25.195928320085347, "gamma": 0.019058716769420923}}
{"target": 44.732032649921514, "params": {"C": 955.5415582692212, "epsilon": 27.364071382530778, "gamma": 0.06205439935033236}}
{"target": 39.24229843774092, "params": {"C": 794.7319399369529, "epsilon": 24.396912583501432, "gamma": 0.0045129738920762046}}
{"target": 43.958022397143104, "params": {"C": 970.9361559192755, "epsilon": 27.12648001890052, "gamma": 0.052971419916146845}}
{"target": 46.23050087091912, "params": {"C": 1141.5155309713527, "epsilon": 22.910170213759113, "gamma": 0.08512074954379122}}
{"target": 44.729950143955804, "params": {"C": 878.2770295288295, "epsilon": 26.339229647341732, "gamma": 0.06593290930264994}}
{"target": 45.27841089921393, "params": {"C": 780.9590950519429, "epsilon": 28.003132794973467, "gamma": 0.08461994169953714}}
{"target": 42.708086708071036, "params": {"C": 808.1220093143394, "epsilon": 27.9946801272028, "gamma": 0.04625188223595716}}
{"target": 44.13677209914173, "params": {"C": 705.61212501989, "epsilon": 27.92670310196623, "gamma": 0.06505777517056838}}
{"target": 46.29722898931995, "params": {"C": 1003.7849140084496, "epsilon": 24.147111684575606, "gamma": 0.10077218213517891}}
{"target": 44.47213142819163, "params": {"C": 879.3624082591881, "epsilon": 25.47088581142968, "gamma": 0.06270237082393731}}
{"target": 45.08430333862439, "params": {"C": 1002.0669302137097, "epsilon": 23.462694498544835, "gamma": 0.06893745607230027}}
{"target": 44.04601438157941, "params": {"C": 984.2947190062072, "epsilon": 21.428751003510115, "gamma": 0.05972833004389318}}
{"target": 40.2019168202235, "params": {"C": 1040.3382699557114, "epsilon": 25.062597661113198, "gamma": 0.0009946941830148975}}
{"target": 41.57299045039027, "params": {"C": 770.1468007903612, "epsilon": 26.95021688878339, "gamma": 0.00039574362067904684}}
{"target": 43.79121610789922, "params": {"C": 818.7705137396517, "epsilon": 28.369507884224173, "gamma": 0.055191209695618304}}
{"target": 43.58199225870707, "params": {"C": 831.5603554514753, "epsilon": 29.951124460338796, "gamma": 0.051829258085660974}}
{"target": 48.14556195336757, "params": {"C": 1265.0802100440255, "epsilon": 19.745834713151048, "gamma": 0.3236434888176756}}
{"target": 43.69485363385945, "params": {"C": 794.1146548677577, "epsilon": 29.83575239426126, "gamma": 0.0542986767497487}}
{"target": 41.41471853417142, "params": {"C": 831.9095918229964, "epsilon": 21.03792614488302, "gamma": 0.04143465676894439}}
{"target": 48.19376672163053, "params": {"C": 1154.344371782511, "epsilon": 15.319851307769635, "gamma": 0.24405084115132253}}
{"target": 44.616556122112826, "params": {"C": 703.358912659588, "epsilon": 24.10359677840374, "gamma": 0.07786922329806645}}
{"target": 39.885498710941675, "params": {"C": 850.3783380344065, "epsilon": 25.050400319448688, "gamma": 0.0016857963712196503}}
{"target": 40.13785389347011, "params": {"C": 846.7505705727885, "epsilon": 26.18437201214474, "gamma": 0.0015343865108039829}}
{"target": 39.71417810127249, "params": {"C": 999.820895348091, "epsilon": 28.094057292160922, "gamma": 0.0018448657730851439}}
{"target": 39.704541804680176, "params": {"C": 992.8791944594172, "epsilon": 22.946026919948373, "gamma": 0.0019884336526502754}}
{"target": 44.61445873164374, "params": {"C": 1043.1955073242852, "epsilon": 29.85695200206041, "gamma": 0.05628589358632107}}
{"target": 43.91137791148525, "params": {"C": 782.7633895509709, "epsilon": 22.368997422366725, "gamma": 0.06373591801803946}}
{"target": 47.42699653923082, "params": {"C": 861.0080172402786, "epsilon": 29.845689201765005, "gamma": 0.1258954856043195}}
{"target": 44.225396749863805, "params": {"C": 919.2317016277917, "epsilon": 27.477979038202164, "gamma": 0.05668172413107548}}
{"target": 43.46537995172311, "params": {"C": 704.1194622338624, "epsilon": 29.289598484970078, "gamma": 0.055566920410267825}}
{"target": 45.35547201362077, "params": {"C": 904.0372551736118, "epsilon": 24.96292022463064, "gamma": 0.07630636893805987}}
{"target": 43.54316430804629, "params": {"C": 942.5708079204956, "epsilon": 23.691089883169266, "gamma": 0.05281116388508806}}
{"target": 41.157427311086266, "params": {"C": 704.1955062873835, "epsilon": 22.002839901775886, "gamma": 0.04172757558032385}}
{"target": 47.459181738032086, "params": {"C": 957.9189924687844, "epsilon": 26.81145501382647, "gamma": 0.2103502722381387}}
{"target": 42.760912114189935, "params": {"C": 786.7867008674428, "epsilon": 22.485254137995, "gamma": 0.05228020542012539}}
{"target": 39.39905208956915, "params": {"C": 708.0352454926019, "epsilon": 18.272599653772414, "gamma": 0.00947045048193692}}
{"target": 42.41300893471856, "params": {"C": 701.7761491643067, "epsilon": 27.27950232481374, "gamma": 0.04804430790838084}}
{"target": 42.39986582146599, "params": {"C": 777.9234517679948, "epsilon": 26.956089709069374, "gamma": 0.04565185424712266}}
{"target": 39.926083791233346, "params": {"C": 728.0075046483722, "epsilon": 23.043222282773797, "gamma": 0.001705219432869767}}
{"target": 40.13693013538959, "params": {"C": 700.6356738546359, "epsilon": 29.186919409628448, "gamma": 0.002006345659602845}}
{"target": 39.44815895605524, "params": {"C": 793.8333145566235, "epsilon": 24.547392083397582, "gamma": 0.0033538902683594093}}
{"target": 40.325476296710995, "params": {"C": 798.6327803263589, "epsilon": 27.008534929976975, "gamma": 0.0011140455210614944}}
{"target": 39.08494558628989, "params": {"C": 882.9587055881966, "epsilon": 29.918937082323076, "gamma": 0.006147023146145112}}
{"target": 42.84636453771934, "params": {"C": 977.1766692807174, "epsilon": 25.383227375721173, "gamma": 0.044709302738211824}}
{"target": 44.36083622097979, "params": {"C": 964.6058277447189, "epsilon": 24.824773689421804, "gamma": 0.058800867943479176}}
{"target": 43.15775169351234, "params": {"C": 886.5470974780296, "epsilon": 26.553067889205202, "gamma": 0.04854677800098699}}
{"target": 43.85109442732571, "params": {"C": 976.386232380942, "epsilon": 24.481046912373245, "gamma": 0.05403918834556809}}
{"target": 40.339923203408844, "params": {"C": 796.8736060424656, "epsilon": 27.27198729184595, "gamma": 0.0012213169543662736}}
{"target": 39.123320966302984, "params": {"C": 700.0622450406844, "epsilon": 26.053109544781947, "gamma": 0.01668803722120459}}
{"target": 45.858139699723786, "params": {"C": 881.2543150978431, "epsilon": 26.776373633962656, "gamma": 0.09849535446678509}}
{"target": 45.82635644664386, "params": {"C": 788.3709364786856, "epsilon": 26.303014494052917, "gamma": 0.11229240396056116}}
{"target": 43.06482591887876, "params": {"C": 903.9371721509729, "epsilon": 23.890147833202402, "gamma": 0.04976010894215227}}
{"target": 39.729770391268495, "params": {"C": 1134.5487281688308, "epsilon": 27.836912334814475, "gamma": 0.0016738421315944055}}
{"target": 46.67562041498906, "params": {"C": 886.7119126644084, "epsilon": 21.45091842735089, "gamma": 0.12755903588598622}}
{"target": 46.98321659500335, "params": {"C": 700.5644107985048, "epsilon": 27.16902051086903, "gamma": 0.13889465344367544}}
{"target": 39.81327595120129, "params": {"C": 876.9879604161434, "epsilon": 24.75069814004789, "gamma": 0.001688945891426253}}
{"target": 41.59797877390444, "params": {"C": 921.6628037458788, "epsilon": 27.512495794432077, "gamma": 0.00033335573653288375}}
{"target": 43.49067921169153, "params": {"C": 840.5824848700305, "epsilon": 26.822468247801226, "gamma": 0.052536583252666455}}
{"target": 39.719746239426655, "params": {"C": 906.2073858930789, "epsilon": 27.71417095268902, "gamma": 0.002061090899294585}}
{"target": 47.322453286267866, "params": {"C": 1006.0221446871471, "epsilon": 27.302182059335543, "gamma": 0.11803417502715087}}
{"target": 39.40905258779388, "params": {"C": 967.306442179607, "epsilon": 25.918983639813874, "gamma": 0.0026661419686579146}}
{"target": 39.4613452185266, "params": {"C": 1066.29169919862, "epsilon": 26.983720375562502, "gamma": 0.0024318659058913065}}
{"target": 47.174843389041655, "params": {"C": 774.9343010070754, "epsilon": 14.621834028295323, "gamma": 0.1621549999571421}}
{"target": 40.289320638276486, "params": {"C": 700.7737667312693, "epsilon": 25.211880176398992, "gamma": 0.001215349668898037}}
{"target": 39.272798617839854, "params": {"C": 932.4879584564287, "epsilon": 20.931575574943036, "gamma": 0.005466853930604809}}
{"target": 40.12103301239081, "params": {"C": 972.5240285264684, "epsilon": 23.669108420384532, "gamma": 0.0012378847951387308}}
{"target": 42.4618061859737, "params": {"C": 703.4436796260215, "epsilon": 23.44767928651773, "gamma": 0.052007416351863074}}
{"target": 47.98759844821326, "params": {"C": 719.9521427712782, "epsilon": 8.559853271193749, "gamma": 0.27802252886534307}}
{"target": 43.95736145567811, "params": {"C": 920.414942360347, "epsilon": 19.91396524924319, "gamma": 0.06259125784677363}}
{"target": 39.97254124198016, "params": {"C": 868.1028035834112, "epsilon": 20.967052001257592, "gamma": 0.0014680370322819932}}
{"target": 46.19804563201687, "params": {"C": 1006.5425808166937, "epsilon": 19.75664033046598, "gamma": 0.10673275797221338}}
{"target": 44.19281047707589, "params": {"C": 708.0834781028988, "epsilon": 27.767481392744624, "gamma": 0.06574654692212435}}
{"target": 44.34336146224709, "params": {"C": 772.5879152335947, "epsilon": 29.923359241480767, "gamma": 0.06386888894861906}}
{"target": 45.20249933463952, "params": {"C": 700.6924591480738, "epsilon": 26.856847014637868, "gamma": 0.09896740375664516}}
{"target": 44.821799117586075, "params": {"C": 714.830657402681, "epsilon": 29.862749481485583, "gamma": 0.0798185472995527}}
{"target": 45.50566388669559, "params": {"C": 818.5647161563493, "epsilon": 24.142454262849597, "gamma": 0.09444370121909687}}
{"target": 41.648162082338715, "params": {"C": 701.4583395590294, "epsilon": 29.43143447388014, "gamma": 0.0005056500931434485}}
{"target": 45.82099219992339, "params": {"C": 811.8124701418133, "epsilon": 25.26143889908331, "gamma": 0.10940559446340163}}
{"target": 44.31850995165157, "params": {"C": 840.5781700446288, "epsilon": 24.975734875081887, "gamma": 0.0628475691742915}}
{"target": 43.93111000824814, "params": {"C": 1069.998464124282, "epsilon": 21.49349226506689, "gamma": 0.0558433493617591}}
{"target": 43.89653449562589, "params": {"C": 857.9543512631428, "epsilon": 23.3908138361564, "gamma": 0.05927522500776977}}
{"target": 39.70784802133301, "params": {"C": 827.7066632502911, "epsilon": 28.483401011135154, "gamma": 0.00214572059443784}}
{"target": 44.79022610961552, "params": {"C": 968.6481550709057, "epsilon": 28.828287913631463, "gamma": 0.06170566101185295}}
{"target": 46.384369522656264, "params": {"C": 1054.5653811443767, "epsilon": 22.38068292252057, "gamma": 0.10032943321315252}}
{"target": 43.816575401037255, "params": {"C": 894.9815941061911, "epsilon": 27.39708552351483, "gamma": 0.05366416330103273}}
