{"target": 63.50143374507171, "params": {"C": 695.3525839885008, "epsilon": 0.08032655682711054, "gamma": 323.36798362075604}}
{"target": 63.519861634450855, "params": {"C": 522.428293228205, "epsilon": 0.4549143990627841, "gamma": 346.33073368903746}}
{"target": 68.31634702111931, "params": {"C": 4388.396948169348, "epsilon": 70.39132120230013, "gamma": 87.06618779906097}}
{"target": 59.841032992497915, "params": {"C": 6.7924197735331235, "epsilon": 19.772436547698874, "gamma": 371.0140854444649}}
{"target": 58.84660250434149, "params": {"C": 22.764961229924342, "epsilon": 0.38030486565714355, "gamma": 246.2647583289734}}
{"target": 63.99162763288732, "params": {"C": 623.1677664116069, "epsilon": 9.687539720562473, "gamma": 358.2722494239928}}
{"target": 59.5906861507807, "params": {"C": 17.7880900460826, "epsilon": 12.87349474173034, "gamma": 313.62038260470376}}
{"target": 64.3460804471874, "params": {"C": 648.6677864605783, "epsilon": 17.029545396825746, "gamma": 354.1544279867219}}
{"target": 61.16821014705797, "params": {"C": 74.20368787787356, "epsilon": 13.808775262170647, "gamma": 386.53441183677745}}
{"target": 64.14587782360607, "params": {"C": 606.1630533636377, "epsilon": 12.807867685355033, "gamma": 413.71659244363855}}
{"target": 64.41918624560962, "params": {"C": 945.4577484116595, "epsilon": 18.572709760800368, "gamma": 262.5541094516288}}
{"target": 59.863487438955325, "params": {"C": 54.19610630231276, "epsilon": 9.394580888895543, "gamma": 374.10430141086437}}
{"target": 59.58745425692847, "params": {"C": 42.741502509087084, "epsilon": 9.370762071111235, "gamma": 363.30290922289896}}
{"target": 64.3398445276199, "params": {"C": 787.0967997662544, "epsilon": 16.896468593722496, "gamma": 267.3536242694786}}
{"target": 64.0866007818517, "params": {"C": 803.4392019628355, "epsilon": 11.589016404547927, "gamma": 222.38133593702614}}
{"target": 63.533391296278424, "params": {"C": 920.1798010082605, "epsilon": 0.7286494235697296, "gamma": 342.31398775369445}}
{"target": 63.50359907518323, "params": {"C": 879.4374291159576, "epsilon": 0.12505085411172878, "gamma": 420.7294064861231}}
{"target": 63.50994929334439, "params": {"C": 431.922471185331, "epsilon": 0.2544364553461982, "gamma": 313.76777662294074}}
{"target": 59.697385732015846, "params": {"C": 26.624334368147693, "epsilon": 22.673397268194364, "gamma": 396.55994178907235}}
{"target": 59.98245273689431, "params": {"C": 73.1040791811231, "epsilon": 0.8294044004922834, "gamma": 300.58284324892963}}
{"target": 63.498690112147244, "params": {"C": 887.9043827315613, "epsilon": 0.023657574158018946, "gamma": 289.73259917451827}}
{"target": 63.515645668706796, "params": {"C": 856.6273176041329, "epsilon": 0.3699246352430332, "gamma": 315.4296472939978}}
{"target": 63.50999023220156, "params": {"C": 195.5329278335029, "epsilon": 0.2569756805843745, "gamma": 344.70381703198115}}
{"target": 71.28136899797644, "params": {"C": 5656.435038694578, "epsilon": 99.64694027641363, "gamma": 318.2536207918015}}
{"target": 63.550346757871026, "params": {"C": 834.3931031172473, "epsilon": 1.0766090478522294, "gamma": 344.17729603137667}}
{"target": 64.15807921469111, "params": {"C": 1578.4046231629468, "epsilon": 13.056921615990309, "gamma": 294.65586662221466}}
{"target": 59.689937321019116, "params": {"C": 14.969875181367872, "epsilon": 17.72551687075069, "gamma": 232.97373017077825}}
{"target": 64.32093789224011, "params": {"C": 730.040151762859, "epsilon": 16.48790168800183, "gamma": 427.54166847170416}}
{"target": 64.2216686037971, "params": {"C": 683.7782033220313, "epsilon": 14.381897328800415, "gamma": 427.1497315398831}}
{"target": 63.516913049661504, "params": {"C": 226.97537344659074, "epsilon": 0.3954738010932577, "gamma": 355.7271121636067}}
{"target": 64.37131926935005, "params": {"C": 612.936554283336, "epsilon": 17.578507879445457, "gamma": 380.0339296084635}}
{"target": 66.90410652104902, "params": {"C": 70.76329355926062, "epsilon": 63.83280577528157, "gamma": 294.83415755916803}}
{"target": 59.84819667017943, "params": {"C": 5.335301029873284, "epsilon": 23.70146565885482, "gamma": 364.81097156200303}}
{"target": 70.18720231828829, "params": {"C": 5639.898954060593, "epsilon": 90.58376856123752, "gamma": 494.092476172611}}
{"target": 64.31957021868575, "params": {"C": 1358.9901353674468, "epsilon": 16.45789664361741, "gamma": 337.36397973888296}}
{"target": 63.89579169119462, "params": {"C": 1657.9328888726607, "epsilon": 7.813992797040747, "gamma": 233.39932950029637}}
{"target": 60.678564553504955, "params": {"C": 48.0671204583651, "epsilon": 27.944343814872138, "gamma": 396.4334250534125}}
{"target": 60.171455145815074, "params": {"C": 76.66177915817386, "epsilon": 1.1909531172131644, "gamma": 341.75850407238676}}
{"target": 60.28111821905268, "params": {"C": 52.32944465944233, "epsilon": 18.040692598868166, "gamma": 386.0285694178334}}
{"target": 59.58685398298752, "params": {"C": 9.171794751674234, "epsilon": 15.49610956248056, "gamma": 331.8503782230899}}
{"target": 58.83680981389026, "params": {"C": 20.60534011422582, "epsilon": 1.398785690170361, "gamma": 328.11255485917485}}
{"target": 63.51637619837858, "params": {"C": 737.3666394479287, "epsilon": 0.3846514020292471, "gamma": 426.0700071536501}}
{"target": 58.25952356126716, "params": {"C": 2.575963698228271, "epsilon": 1.6686815756993836, "gamma": 440.6261640485003}}
{"target": 64.39302270634184, "params": {"C": 1481.6496352095874, "epsilon": 18.030968853076477, "gamma": 398.36752078636977}}
{"target": 59.50958773526126, "params": {"C": 33.698449117912105, "epsilon": 10.599877281461374, "gamma": 374.64676188978103}}
{"target": 61.78006670714642, "params": {"C": 104.00677321547676, "epsilon": 1.5296754522834988, "gamma": 224.53326703454334}}
{"target": 59.4402815250446, "params": {"C": 15.501005177156618, "epsilon": 10.345895804173571, "gamma": 291.8593023435216}}
{"target": 64.03129699761118, "params": {"C": 760.6363371942897, "epsilon": 10.481787725127209, "gamma": 431.0601587451935}}
{"target": 59.283205162899606, "params": {"C": 47.464784319963414, "epsilon": 1.080268195115286, "gamma": 409.41641117987257}}
{"target": 59.68309291754427, "params": {"C": 6.459057787575519, "epsilon": 17.835625467296744, "gamma": 462.4349811492929}}
{"target": 59.172241799109074, "params": {"C": 41.59043966667649, "epsilon": 0.39672796284246203, "gamma": 213.94464163973782}}
{"target": 59.362901996415644, "params": {"C": 3.7042084636419847, "epsilon": 16.838264032975758, "gamma": 234.42492315233704}}
{"target": 59.78970691571019, "params": {"C": 27.99008751970304, "epsilon": 28.217755796858107, "gamma": 205.13039997861125}}
{"target": 59.21131062474262, "params": {"C": 41.09625235216513, "epsilon": 1.647451243665409, "gamma": 371.038278701363}}
{"target": 60.99098017836219, "params": {"C": 92.41807093670309, "epsilon": 0.5221570041240633, "gamma": 352.0312463296021}}
{"target": 64.48292555877046, "params": {"C": 646.6900373064269, "epsilon": 19.89134909507539, "gamma": 306.48774150922884}}
{"target": 64.17728555771866, "params": {"C": 805.9036282522366, "epsilon": 13.455053302421517, "gamma": 291.2741583864699}}
{"target": 59.48705657628816, "params": {"C": 12.120241924801613, "epsilon": 32.05043797985404, "gamma": 292.1979616703232}}
{"target": 64.03432929774634, "params": {"C": 658.0341223066213, "epsilon": 10.542495751460745, "gamma": 432.2363977392356}}
{"target": 63.52226323925322, "params": {"C": 716.9465157578146, "epsilon": 0.5033284131532204, "gamma": 377.4750110251262}}
{"target": 64.07000851157848, "params": {"C": 635.6358195492802, "epsilon": 11.256769090640391, "gamma": 435.30703648952596}}
{"target": 58.2716531406608, "params": {"C": 3.508691338386295, "epsilon": 1.537195050869904, "gamma": 384.54852456182516}}
{"target": 64.29416147201826, "params": {"C": 628.5756915167477, "epsilon": 15.912610397571697, "gamma": 328.811961783356}}
{"target": 59.20018009452152, "params": {"C": 25.67452656647314, "epsilon": 3.73443964726775, "gamma": 431.54389512624545}}
{"target": 59.44106501202051, "params": {"C": 54.95697111901549, "epsilon": 1.5588982676357839, "gamma": 456.75311210967953}}
{"target": 61.599018598781846, "params": {"C": 103.49930084784366, "epsilon": 0.03798152877677907, "gamma": 286.29562696951194}}
{"target": 63.498210766703075, "params": {"C": 557.4908769496527, "epsilon": 0.013756825985649535, "gamma": 263.0783187346458}}
{"target": 64.10676154939179, "params": {"C": 729.5529591895573, "epsilon": 11.997441830223398, "gamma": 417.37661953499367}}
{"target": 63.94339525926987, "params": {"C": 768.5476409424772, "epsilon": 8.738206935585017, "gamma": 418.10005915472436}}
{"target": 69.9047080360352, "params": {"C": 1354.565704756706, "epsilon": 87.68970143781729, "gamma": 372.4132167821083}}
{"target": 63.520949840230855, "params": {"C": 5550.834810700706, "epsilon": 0.4768515678730907, "gamma": 181.7405527503796}}
{"target": 63.53358940624513, "params": {"C": 767.3976567761222, "epsilon": 0.7326798604814193, "gamma": 445.71531584866557}}
{"target": 63.50659731833154, "params": {"C": 671.9282899470536, "epsilon": 0.1863391479957459, "gamma": 419.354628818462}}
{"target": 59.90796716596451, "params": {"C": 2.936776967744285, "epsilon": 24.594132007610007, "gamma": 438.5441271809801}}
{"target": 63.5387701808319, "params": {"C": 651.5293154586992, "epsilon": 0.839059428681903, "gamma": 427.23950323411174}}
{"target": 66.82708137828085, "params": {"C": 657.7256483609252, "epsilon": 54.44610534405143, "gamma": 176.2352416475746}}
{"target": 64.6748723231321, "params": {"C": 502.76411817652803, "epsilon": 23.605795637892346, "gamma": 431.44356548051644}}
{"target": 59.718080986720906, "params": {"C": 6.904470102301492, "epsilon": 18.117669411730365, "gamma": 374.2409580182018}}
{"target": 64.07315781726291, "params": {"C": 562.3166739068477, "epsilon": 11.319831488800913, "gamma": 419.6666544732741}}
{"target": 59.589402933150566, "params": {"C": 30.229471694541775, "epsilon": 14.8260409203021, "gamma": 429.78957673316694}}
{"target": 64.25696649643824, "params": {"C": 607.7855406442787, "epsilon": 15.118451440032192, "gamma": 436.4433633740091}}
{"target": 59.34462867470624, "params": {"C": 13.663573710239518, "epsilon": 9.682088616050622, "gamma": 393.29739857713594}}
{"target": 59.60247810462588, "params": {"C": 19.414318729394513, "epsilon": 21.274640862036872, "gamma": 436.182448923413}}
{"target": 63.519574602251495, "params": {"C": 451.41901225747745, "epsilon": 0.4491281094408398, "gamma": 388.81444057061833}}
{"target": 59.64338093362896, "params": {"C": 33.98054215664506, "epsilon": 14.850785272956443, "gamma": 380.29902726671594}}
{"target": 65.24055844453301, "params": {"C": 3817.641733939854, "epsilon": 33.53528627738452, "gamma": 489.61211488496923}}
{"target": 59.278173970389254, "params": {"C": 11.09320325322027, "epsilon": 10.734377405495051, "gamma": 427.35720118402725}}
{"target": 64.07150756417292, "params": {"C": 637.340234693005, "epsilon": 11.286786453526954, "gamma": 431.6726645830819}}
{"target": 59.490362837872155, "params": {"C": 16.567324518649038, "epsilon": 10.631963743408765, "gamma": 437.75804860469}}
{"target": 59.26403149882002, "params": {"C": 46.91152009566357, "epsilon": 0.9111505870770533, "gamma": 396.4893768705181}}
{"target": 64.10526087550782, "params": {"C": 634.980289713727, "epsilon": 11.966710420029191, "gamma": 437.42565052222335}}
{"target": 65.92121075954273, "params": {"C": 3998.141037896257, "epsilon": 43.70150565299896, "gamma": 238.76564968477265}}
{"target": 62.300043322398594, "params": {"C": 115.77498941827781, "epsilon": 0.3792525298959457, "gamma": 387.1024168063598}}
{"target": 63.51682699337336, "params": {"C": 753.206309280809, "epsilon": 0.3937389901289321, "gamma": 459.78036227906665}}
{"target": 63.562298575647766, "params": {"C": 560.670076722241, "epsilon": 1.3227253206217164, "gamma": 388.44285415100836}}
{"target": 64.96217417932182, "params": {"C": 1196.6505758052558, "epsilon": 28.765919977165524, "gamma": 427.6190009833053}}
{"target": 63.59681681303939, "params": {"C": 1438.1033914066534, "epsilon": 2.0231480319752992, "gamma": 384.9325022784086}}
{"target": 74.06469170685912, "params": {"C": 1671.0370393864812, "epsilon": 115.79328433358572, "gamma": 162.3534995294772}}
{"target": 66.79723095742543, "params": {"C": 4569.6199208530015, "epsilon": 54.109920241918, "gamma": 285.1794633932721}}
{"target": 60.50352407684743, "params": {"C": 59.65277914764307, "epsilon": 16.242210672402216, "gamma": 432.5502482970844}}
{"target": 64.25482051501062, "params": {"C": 733.2604769214643, "epsilon": 15.073900655371666, "gamma": 383.1014124262824}}
{"target": 64.09230450971333, "params": {"C": 572.4895663661719, "epsilon": 11.70309314092703, "gamma": 386.13451856228545}}
{"target": 63.53331487162101, "params": {"C": 1700.851554025801, "epsilon": 0.7270946064857702, "gamma": 418.2464041479636}}
{"target": 59.52568814986648, "params": {"C": 5.179496099222309, "epsilon": 16.945376359558885, "gamma": 451.04977781691343}}
{"target": 64.55275491139543, "params": {"C": 1374.4920303307329, "epsilon": 21.281250672178537, "gamma": 437.78862484109544}}
{"target": 64.1181109609723, "params": {"C": 722.9890732275085, "epsilon": 12.23208111206095, "gamma": 463.54932539267804}}
{"target": 64.37287807772125, "params": {"C": 1394.4794279941661, "epsilon": 17.61275487401537, "gamma": 441.2445805922529}}
{"target": 63.51929316019988, "params": {"C": 975.9124814325316, "epsilon": 0.44345451175366857, "gamma": 377.6710108316991}}
{"target": 59.476598915605656, "params": {"C": 23.615208826985654, "epsilon": 9.390032851983, "gamma": 448.2038196478288}}
{"target": 64.10834492623655, "params": {"C": 682.3455608565063, "epsilon": 12.029866335731144, "gamma": 337.1923549387772}}
{"target": 64.13240389908104, "params": {"C": 1491.1667882488216, "epsilon": 12.52880275558294, "gamma": 471.382524707551}}
{"target": 63.50686629011883, "params": {"C": 376.36383848959946, "epsilon": 0.1918034651210221, "gamma": 396.06497697449885}}
{"target": 66.45449820156492, "params": {"C": 1013.7932859387788, "epsilon": 50.099503597485835, "gamma": 296.86627653068433}}
{"target": 58.739515087111684, "params": {"C": 1.4757812280341391, "epsilon": 7.427549097566052, "gamma": 394.1128405301545}}
{"target": 63.53963484897089, "params": {"C": 961.1576965717874, "epsilon": 0.856817863436312, "gamma": 398.37896368717287}}
{"target": 63.510018298683654, "params": {"C": 757.1708389224042, "epsilon": 0.25583833864848804, "gamma": 487.6938165021981}}
{"target": 58.79174734337747, "params": {"C": 21.821693097837827, "epsilon": 0.0993332837483133, "gamma": 382.2703863677296}}
{"target": 61.06229296513452, "params": {"C": 93.36116732908097, "epsilon": 0.6842534338335278, "gamma": 362.1741889274049}}
{"target": 64.44341831277018, "params": {"C": 697.63891807905, "epsilon": 19.07467134623947, "gamma": 290.58115550480437}}
{"target": 59.000030862383156, "params": {"C": 0.6928968125680921, "epsilon": 14.00926435798826, "gamma": 475.2564368972723}}
{"target": 63.52985953207157, "params": {"C": 1028.8373054277797, "epsilon": 0.6567976482074132, "gamma": 222.90938433568562}}
{"target": 59.22700872081199, "params": {"C": 9.136388611767146, "epsilon": 11.555566156796955, "gamma": 366.84677701319765}}
{"target": 63.55877001220472, "params": {"C": 516.8458687684872, "epsilon": 1.24917869352258, "gamma": 402.99442600942734}}
{"target": 64.10608341334978, "params": {"C": 636.8245482116008, "epsilon": 11.983554684524243, "gamma": 387.3870644754787}}
{"target": 66.29468402688774, "params": {"C": 5955.114736912492, "epsilon": 48.19630645585678, "gamma": 292.69526761069125}}
{"target": 63.56018156241047, "params": {"C": 641.5612173449518, "epsilon": 1.2785963255413342, "gamma": 224.2672469108524}}
{"target": 58.50652202018698, "params": {"C": 9.121416667785514, "epsilon": 2.0501154586085617, "gamma": 405.8984101611386}}
{"target": 63.52034217458464, "params": {"C": 561.4475762193169, "epsilon": 0.4646016202012025, "gamma": 426.4861962405702}}
{"target": 63.514937855140204, "params": {"C": 1227.6038587162361, "epsilon": 0.3556558030219543, "gamma": 354.72039723749936}}
{"target": 63.517456522981526, "params": {"C": 613.731324040558, "epsilon": 0.40642969398437234, "gamma": 192.86279703087024}}
{"target": 70.30269098849661, "params": {"C": 2992.937467187681, "epsilon": 91.69324628072039, "gamma": 250.0899811282131}}
{"target": 59.6223927623606, "params": {"C": 16.62507616943819, "epsilon": 13.944479416656838, "gamma": 285.8485550439652}}
{"target": 63.8020162040102, "params": {"C": 3499.650897416032, "epsilon": 5.961783991354537, "gamma": 20.469040225597524}}
{"target": 65.05575600350319, "params": {"C": 866.5988239592418, "epsilon": 30.37061605814969, "gamma": 429.06324914352206}}
{"target": 58.61018853314562, "params": {"C": 16.291501239960034, "epsilon": 0.13132229142705887, "gamma": 447.35172156467274}}
{"target": 59.61394239678937, "params": {"C": 11.068951031521962, "epsilon": 15.069877524596006, "gamma": 376.2706667940982}}
{"target": 64.22029209924503, "params": {"C": 767.7871957617776, "epsilon": 14.353136942691854, "gamma": 205.94693373760873}}
{"target": 63.5012191564925, "params": {"C": 572.0715373511408, "epsilon": 0.07589428880037263, "gamma": 485.2634174635648}}
{"target": 64.26782388026022, "params": {"C": 923.7526179998531, "epsilon": 15.347769100754066, "gamma": 193.7165629261849}}
{"target": 59.47305086549636, "params": {"C": 24.704261642394513, "epsilon": 10.273494040939436, "gamma": 385.9641066394012}}
{"target": 64.3530845290079, "params": {"C": 695.0200311579282, "epsilon": 17.17956293780997, "gamma": 370.44412239565185}}
{"target": 60.05903623689845, "params": {"C": 75.4023435802173, "epsilon": 0.5123540391662158, "gamma": 327.3362439070113}}
{"target": 64.17694384713036, "params": {"C": 615.260613980532, "epsilon": 13.44796566766216, "gamma": 329.8679099045525}}
{"target": 64.83826245207914, "params": {"C": 1221.9128900144508, "epsilon": 26.592313628302996, "gamma": 382.5508570403079}}
{"target": 59.84801461984798, "params": {"C": 4.515038145751821, "epsilon": 21.144953151369453, "gamma": 427.50992706267647}}
{"target": 63.50915816143292, "params": {"C": 697.3704534297672, "epsilon": 0.2383641538751473, "gamma": 392.0836435449983}}
{"target": 59.65149170324655, "params": {"C": 38.618032968157, "epsilon": 13.250830385427754, "gamma": 371.8023768741862}}
{"target": 63.54398495709991, "params": {"C": 753.7650491286448, "epsilon": 0.9461597830603541, "gamma": 398.4535154027891}}
{"target": 63.50122226128784, "params": {"C": 1451.813370934642, "epsilon": 0.07595841749566945, "gamma": 301.07286449617226}}
{"target": 63.53815554859185, "params": {"C": 918.7562179457857, "epsilon": 0.8264361966713313, "gamma": 441.4109794627901}}
{"target": 64.16476730317837, "params": {"C": 549.2725836002977, "epsilon": 13.195404292175589, "gamma": 285.7641265069971}}
{"target": 63.54985900409317, "params": {"C": 623.0573201376584, "epsilon": 1.06664756331095, "gamma": 311.8913320047759}}
{"target": 63.528196643704106, "params": {"C": 1126.3491009140246, "epsilon": 0.6229671107135024, "gamma": 317.1969305344131}}
{"target": 63.014541456608654, "params": {"C": 137.88805024276053, "epsilon": 0.32289980228404147, "gamma": 299.63541539806357}}
{"target": 63.50518103978355, "params": {"C": 1225.2661062045722, "epsilon": 0.15756663173217067, "gamma": 394.8967355120699}}
{"target": 63.82561226849199, "params": {"C": 4167.180588984983, "epsilon": 6.453060201565144, "gamma": 123.41812636973005}}
{"target": 64.36393209971068, "params": {"C": 765.2310090452711, "epsilon": 17.415635565230012, "gamma": 238.84852129507408}}
{"target": 64.11747297851987, "params": {"C": 751.965036446927, "epsilon": 12.218871095669133, "gamma": 298.1158565589207}}
{"target": 74.51308635850826, "params": {"C": 4463.439668467045, "epsilon": 117.99527744291441, "gamma": 307.11856945118296}}
{"target": 59.45617467199312, "params": {"C": 14.460852740365478, "epsilon": 11.121407013150979, "gamma": 229.86479450631597}}
{"target": 66.52396803739242, "params": {"C": 2917.6146295478525, "epsilon": 50.92116223898084, "gamma": 112.16666393621554}}
{"target": 64.14284922827345, "params": {"C": 1389.470134821951, "epsilon": 12.745438730737058, "gamma": 414.3205155223062}}
{"target": 63.503376550319174, "params": {"C": 596.3577485899592, "epsilon": 0.12045466430726681, "gamma": 426.8572969489465}}
{"target": 59.74529903318394, "params": {"C": 46.34066428523577, "epsilon": 11.529075718275376, "gamma": 445.49616325397903}}
{"target": 69.60613528429704, "params": {"C": 2856.992048314312, "epsilon": 84.57887184109808, "gamma": 172.72526882355436}}
{"target": 58.58248686172389, "params": {"C": 9.245232529198184, "epsilon": 2.7124557545806027, "gamma": 409.3273426168975}}
{"target": 59.093346040084384, "params": {"C": 2.444687054878772, "epsilon": 8.933454703019812, "gamma": 417.7998491757412}}
{"target": 63.506032844736254, "params": {"C": 419.72257900342714, "epsilon": 0.17487154106073954, "gamma": 402.1942086056633}}
{"target": 59.52159757473262, "params": {"C": 18.24068486879913, "epsilon": 10.814817493925243, "gamma": 336.68108465786366}}
{"target": 63.517090628781816, "params": {"C": 452.3883537447915, "epsilon": 0.39905362322659155, "gamma": 277.81822405186296}}
{"target": 64.14916530143523, "params": {"C": 698.9850119217965, "epsilon": 12.875633029238484, "gamma": 393.60507404267366}}
{"target": 63.53828342859439, "params": {"C": 872.7193881225622, "epsilon": 0.8290625784915457, "gamma": 247.9537329612513}}
{"target": 63.53655215165547, "params": {"C": 878.5242755181708, "epsilon": 0.7935058519603488, "gamma": 267.74098561152266}}
{"target": 64.16865430225677, "params": {"C": 570.2696600608716, "epsilon": 13.276026990837732, "gamma": 384.5686672570887}}
{"target": 59.55050806484841, "params": {"C": 11.092184483338741, "epsilon": 14.159887620874336, "gamma": 217.2676541145994}}
