{"target": 63.58156454911477, "params": {"C": 671.2821293882018, "epsilon": 1.71572272237439, "gamma": 169.55169769259726}}
{"target": 64.36826408589252, "params": {"C": 994.0133517852776, "epsilon": 17.511152848887413, "gamma": 119.22723450918984}}
{"target": 63.48418488525245, "params": {"C": 166.87869510561737, "epsilon": 1.5006672779591186, "gamma": 150.90320694618939}}
{"target": 64.20320352645899, "params": {"C": 1074.2175288465103, "epsilon": 13.995803119604407, "gamma": 85.7418194024253}}
{"target": 63.517061660136974, "params": {"C": 841.4554348777176, "epsilon": 0.3984683788511262, "gamma": 66.38013439323655}}
{"target": 59.110375972488534, "params": {"C": 7.6114730204263275, "epsilon": 10.347106582178442, "gamma": 126.76668401066108}}
{"target": 63.810793271338255, "params": {"C": 890.3259517000378, "epsilon": 6.168532887514143, "gamma": 85.27453408856248}}
{"target": 59.43690208527575, "params": {"C": 41.29094209903198, "epsilon": 6.071278615803815, "gamma": 184.7824560226097}}
{"target": 63.39438527142776, "params": {"C": 158.85493386180602, "epsilon": 0.9247818684912674, "gamma": 167.56396296286536}}
{"target": 64.43384755015188, "params": {"C": 919.8308951775646, "epsilon": 18.87827338132401, "gamma": 159.15819689474912}}
{"target": 59.07368868433897, "params": {"C": 30.48124839200981, "epsilon": 0.16535170234178942, "gamma": 169.25543378509118}}
{"target": 59.2067215126134, "params": {"C": 36.07316476228401, "epsilon": 2.917078083663995, "gamma": 434.00461204565613}}
{"target": 64.82594982115538, "params": {"C": 836.143426314107, "epsilon": 26.372937151456643, "gamma": 202.83333952967706}}
{"target": 60.91422211691654, "params": {"C": 90.03723528804318, "epsilon": 1.1436873274768442, "gamma": 177.33301468257886}}
{"target": 64.47755391656864, "params": {"C": 667.6548944299781, "epsilon": 19.780451032105713, "gamma": 395.07426100908805}}
{"target": 64.43751876184284, "params": {"C": 889.4760393782266, "epsilon": 18.954001485716127, "gamma": 166.82725715281245}}
{"target": 63.52945623012583, "params": {"C": 1023.4277807873809, "epsilon": 0.6485926947868843, "gamma": 161.93763961347582}}
{"target": 64.33851805995283, "params": {"C": 147.50110007919386, "epsilon": 18.994664721239275, "gamma": 369.9458870125612}}
{"target": 64.6524494589773, "params": {"C": 208.1478872825137, "epsilon": 23.18600865371779, "gamma": 397.67784717485125}}
{"target": 68.08679197326398, "params": {"C": 5033.573073719988, "epsilon": 67.93782453985915, "gamma": 472.5006005226553}}
{"target": 61.057820701200875, "params": {"C": 65.87952903596555, "epsilon": 18.648757809447872, "gamma": 249.39097683759337}}
{"target": 63.51986803560298, "params": {"C": 698.7005995025277, "epsilon": 0.45504344005619846, "gamma": 390.8742992623384}}
{"target": 63.51310217502394, "params": {"C": 997.7197344147646, "epsilon": 0.3186162419662022, "gamma": 347.04168589015296}}
{"target": 59.61017171307012, "params": {"C": 11.07421617549717, "epsilon": 34.96980305173177, "gamma": 198.83447608475748}}
{"target": 59.53486272186308, "params": {"C": 9.616390996989562, "epsilon": 14.684456785099803, "gamma": 489.1426135330614}}
{"target": 64.21973937612893, "params": {"C": 916.1693699204953, "epsilon": 14.341588466367952, "gamma": 187.69846680432804}}
{"target": 62.514571248275686, "params": {"C": 119.19724994462214, "epsilon": 1.077797199664084, "gamma": 112.68118276261117}}
{"target": 60.11196677413379, "params": {"C": 75.5423053013544, "epsilon": 1.1151056019820191, "gamma": 452.14788322723626}}
{"target": 58.94106783277361, "params": {"C": 5.0238885756606955, "epsilon": 6.759616855603593, "gamma": 397.7658845584159}}
{"target": 59.3682521736294, "params": {"C": 19.247227632505904, "epsilon": 7.492357416341597, "gamma": 101.09580798207506}}
{"target": 59.51214220031693, "params": {"C": 14.848534936377998, "epsilon": 11.713776283756467, "gamma": 260.7192343072241}}
{"target": 59.27967621852376, "params": {"C": 46.04936397905851, "epsilon": 1.6201203064398098, "gamma": 305.00710399506374}}
{"target": 59.42047204292211, "params": {"C": 37.248153105000014, "epsilon": 6.764779328381149, "gamma": 292.6357393891343}}
{"target": 63.54011378653216, "params": {"C": 863.5801890792255, "epsilon": 0.866654216885385, "gamma": 295.06556488956744}}
{"target": 59.735012635872486, "params": {"C": 35.0854907610259, "epsilon": 18.391714545465923, "gamma": 316.56045974269483}}
{"target": 63.49542946870774, "params": {"C": 105.81564253139844, "epsilon": 19.07493717984801, "gamma": 165.62788546329307}}
{"target": 62.76685515910741, "params": {"C": 96.4696376732125, "epsilon": 15.797326853117829, "gamma": 190.5060716292019}}
{"target": 64.36746984404033, "params": {"C": 871.8662633355647, "epsilon": 17.493581762480872, "gamma": 225.63021925434427}}
{"target": 59.08684394428633, "params": {"C": 30.544162510043854, "epsilon": 0.5024177921910291, "gamma": 326.35066013669535}}
{"target": 59.858669828509946, "params": {"C": 68.64754312507, "epsilon": 1.525418793551542, "gamma": 330.80275791390113}}
{"target": 60.174976908413825, "params": {"C": 77.63503414036353, "epsilon": 0.6584255044557104, "gamma": 477.18679687220026}}
{"target": 64.18720454250446, "params": {"C": 961.1071758621308, "epsilon": 13.661264951280646, "gamma": 350.66516327271864}}
{"target": 63.51156227150479, "params": {"C": 1045.3359876935995, "epsilon": 0.28720503778388856, "gamma": 244.36233763648107}}
{"target": 63.51139134796229, "params": {"C": 270.85021024691, "epsilon": 0.2837326273488281, "gamma": 202.57340910861038}}
{"target": 58.94200752817869, "params": {"C": 15.033676584483008, "epsilon": 4.985694446284608, "gamma": 169.0066369528735}}
{"target": 59.533090833788506, "params": {"C": 27.92070071637915, "epsilon": 13.427259768692895, "gamma": 89.91984972217799}}
{"target": 59.60989478551225, "params": {"C": 27.653479869273927, "epsilon": 16.82796554801093, "gamma": 165.01898055270746}}
{"target": 63.502965185671954, "params": {"C": 1278.124763086608, "epsilon": 0.11195804077771343, "gamma": 132.63216110655011}}
{"target": 59.23020564830906, "params": {"C": 36.03288656141085, "epsilon": 3.366274934951464, "gamma": 196.7929603923915}}
{"target": 59.53978387377881, "params": {"C": 21.011000509590787, "epsilon": 11.926780167716785, "gamma": 189.97830623475528}}
{"target": 63.0338505623312, "params": {"C": 138.69125370605823, "epsilon": 0.33817312532286115, "gamma": 164.08600636005815}}
{"target": 63.84048255823816, "params": {"C": 5006.049617485435, "epsilon": 6.740485640603019, "gamma": 476.1466551781608}}
{"target": 64.26119971761469, "params": {"C": 825.7317819139985, "epsilon": 15.206333526347288, "gamma": 238.89042727197216}}
{"target": 64.30602783599258, "params": {"C": 788.1507869419494, "epsilon": 16.164404719961404, "gamma": 202.8476197284506}}
{"target": 64.37155142941607, "params": {"C": 880.9142873798966, "epsilon": 17.583608432317558, "gamma": 194.48903575376698}}
{"target": 64.16469044795629, "params": {"C": 898.4815033927202, "epsilon": 13.19381018955567, "gamma": 201.41904205267258}}
{"target": 61.000753115484336, "params": {"C": 92.3716142760141, "epsilon": 0.6473996394349042, "gamma": 413.56177901833456}}
{"target": 63.51539427055694, "params": {"C": 864.3198447608332, "epsilon": 0.36485669335432247, "gamma": 118.6737648874782}}
{"target": 59.52606184753357, "params": {"C": 12.002353514232656, "epsilon": 25.522367491606357, "gamma": 404.23635690640367}}
{"target": 59.11016602815587, "params": {"C": 24.57601959371891, "epsilon": 2.9378630060333046, "gamma": 73.15225335501921}}
{"target": 62.769857727760424, "params": {"C": 128.07658021351347, "epsilon": 0.4561260993934746, "gamma": 364.6902889451035}}
{"target": 63.53036980253436, "params": {"C": 728.9745282674859, "epsilon": 0.6671788165197117, "gamma": 305.7082281511498}}
{"target": 64.20815813448162, "params": {"C": 530.8436323747544, "epsilon": 14.099728768846585, "gamma": 311.06713302212546}}
{"target": 62.627946836678845, "params": {"C": 122.3667649903817, "epsilon": 1.0193535828088325, "gamma": 297.41877100788093}}
{"target": 59.34800408488925, "params": {"C": 19.065560758780745, "epsilon": 7.319694574279929, "gamma": 244.2671407574798}}
{"target": 59.121889475668205, "params": {"C": 28.766922955836655, "epsilon": 1.7568300070152123, "gamma": 239.5063086517112}}
{"target": 59.78573406815316, "params": {"C": 0.9137227739567013, "epsilon": 20.64961736319189, "gamma": 401.52309302061076}}
{"target": 63.929909809722155, "params": {"C": 2179.42849498234, "epsilon": 8.474242671091702, "gamma": 330.95478525623065}}
{"target": 60.877666261224775, "params": {"C": 63.52022635701971, "epsilon": 18.28614630691915, "gamma": 181.95579103783479}}
{"target": 65.17035676061082, "params": {"C": 2149.0229758142914, "epsilon": 32.323029813813626, "gamma": 202.61007672911558}}
{"target": 61.23887569070494, "params": {"C": 69.87974909079153, "epsilon": 17.74794038697531, "gamma": 197.0112871343364}}
{"target": 60.5413958656966, "params": {"C": 82.808121273783, "epsilon": 1.6805592555555608, "gamma": 136.63539102277014}}
{"target": 61.820495504560654, "params": {"C": 103.41963221911021, "epsilon": 2.2709036330276664, "gamma": 229.33848870706544}}
{"target": 63.52790136421155, "params": {"C": 882.0937942182161, "epsilon": 0.6169875218062573, "gamma": 417.13869646885985}}
{"target": 68.62076407745205, "params": {"C": 1528.4256264221926, "epsilon": 73.79952221589764, "gamma": 138.58855502411137}}
{"target": 59.37550467354519, "params": {"C": 3.0155037219415197, "epsilon": 17.389720597306273, "gamma": 128.45022793034008}}
{"target": 60.40075712423211, "params": {"C": 53.804194923163166, "epsilon": 19.132444668049445, "gamma": 332.7078387826871}}
{"target": 63.75669067544614, "params": {"C": 682.6259059296186, "epsilon": 5.13317843314621, "gamma": 497.4095814349934}}
{"target": 59.72772688203497, "params": {"C": 40.55965847556541, "epsilon": 14.586478098426628, "gamma": 320.3144537022311}}
{"target": 63.552933671053175, "params": {"C": 794.900715481602, "epsilon": 1.1294420485361552, "gamma": 422.8503335783277}}
{"target": 74.41711728486175, "params": {"C": 2527.074379174017, "epsilon": 117.55060867080013, "gamma": 115.93629829936808}}
{"target": 64.15799793694096, "params": {"C": 850.3071602833683, "epsilon": 13.055271977480704, "gamma": 119.17004291508938}}
{"target": 63.19252350499486, "params": {"C": 102.49462823166465, "epsilon": 17.010376202834166, "gamma": 282.95107766170173}}
{"target": 63.50905895742511, "params": {"C": 207.41957255996616, "epsilon": 0.23634876719045708, "gamma": 202.26364827406513}}
{"target": 59.47211148528074, "params": {"C": 23.7361038436906, "epsilon": 9.059127638764956, "gamma": 297.0422763901323}}
{"target": 63.65577675648003, "params": {"C": 994.1051285785276, "epsilon": 3.2040686785337167, "gamma": 192.2670737037793}}
{"target": 63.762352365638286, "params": {"C": 1129.1343467279667, "epsilon": 5.241013444955415, "gamma": 181.5361991691236}}
{"target": 63.503115738353905, "params": {"C": 447.9427612817291, "epsilon": 0.11506766497366527, "gamma": 266.5516132822622}}
{"target": 63.63132691006083, "params": {"C": 930.2744458847087, "epsilon": 2.7158736361030593, "gamma": 338.89896695589005}}
{"target": 64.30355945826842, "params": {"C": 772.5521932379069, "epsilon": 16.111689283950863, "gamma": 348.78193431889224}}
{"target": 63.616338106252975, "params": {"C": 885.7868417627888, "epsilon": 2.415878798023215, "gamma": 304.39914739103244}}
{"target": 68.29109974723377, "params": {"C": 849.5498861536707, "epsilon": 70.17894326020217, "gamma": 11.856319724794133}}
{"target": 59.6375522257343, "params": {"C": 17.232104311655405, "epsilon": 15.506961637600877, "gamma": 149.8574658359829}}
{"target": 63.54777919795479, "params": {"C": 888.349605707758, "epsilon": 1.024085377421914, "gamma": 194.6961880299898}}
{"target": 58.98734596190841, "params": {"C": 8.259787009689148, "epsilon": 6.687840793831847, "gamma": 93.61829547376425}}
{"target": 63.41150979583747, "params": {"C": 167.53511221941852, "epsilon": 0.1084744700088267, "gamma": 274.8068927505384}}
{"target": 58.86439145105511, "params": {"C": 22.096641653705912, "epsilon": 0.9815874222953456, "gamma": 124.19448482425408}}
{"target": 64.36736405233958, "params": {"C": 823.216899685737, "epsilon": 17.491241322842356, "gamma": 260.4561750120545}}
{"target": 64.35145544508273, "params": {"C": 938.2304167674201, "epsilon": 17.14467026082744, "gamma": 255.82760353995124}}
{"target": 63.60583845954194, "params": {"C": 973.4533716169223, "epsilon": 2.204846940794501, "gamma": 75.6389655661315}}
{"target": 64.31298579989233, "params": {"C": 470.014236345168, "epsilon": 16.31341671200919, "gamma": 49.31185946434036}}
{"target": 64.72155090229067, "params": {"C": 638.9906333508036, "epsilon": 24.49223863602241, "gamma": 134.02251143490494}}
{"target": 64.31742910506999, "params": {"C": 332.07600299167683, "epsilon": 16.410908403128587, "gamma": 53.73332017069265}}
{"target": 63.51998472818326, "params": {"C": 510.043452914555, "epsilon": 0.4565482862260757, "gamma": 38.24646064566198}}
{"target": 63.55033511053657, "params": {"C": 185.5384564647037, "epsilon": 1.2275214253121636, "gamma": 135.74931241062382}}
{"target": 64.34502688825799, "params": {"C": 741.5327048784235, "epsilon": 17.0069796524578, "gamma": 127.09348884117645}}
{"target": 63.85503662017177, "params": {"C": 674.6628679240196, "epsilon": 7.026203090182206, "gamma": 53.74373398472875}}
{"target": 63.73389710910735, "params": {"C": 675.448389073937, "epsilon": 4.702690034867333, "gamma": 114.45514902387897}}
{"target": 63.575128896176786, "params": {"C": 512.4593918862629, "epsilon": 1.5847121274097518, "gamma": 132.50922485614913}}
{"target": 59.6765798841242, "params": {"C": 13.857082402372624, "epsilon": 15.62134340488885, "gamma": 380.93243373969807}}
{"target": 61.00949347903827, "params": {"C": 63.73627373075901, "epsilon": 19.7000788896305, "gamma": 417.15102105481117}}
{"target": 60.29143821528712, "params": {"C": 65.25429872718107, "epsilon": 9.466622951166897, "gamma": 151.33007940518084}}
{"target": 63.5250259388014, "params": {"C": 4053.9116364347465, "epsilon": 0.5590206231092765, "gamma": 66.87513557961177}}
{"target": 62.23384252165393, "params": {"C": 90.45551820704877, "epsilon": 13.991813060855437, "gamma": 123.84805454973923}}
{"target": 59.27817995655607, "params": {"C": 48.8656551086442, "epsilon": 0.3054197051162282, "gamma": 377.6914515839628}}
{"target": 58.56022273519911, "params": {"C": 4.4035233476808, "epsilon": 5.019042166230496, "gamma": 368.8858817287004}}
{"target": 64.1385445543734, "params": {"C": 84.55919736202999, "epsilon": 36.096678918621144, "gamma": 286.9101739565982}}
{"target": 64.297603167854, "params": {"C": 849.5724167904874, "epsilon": 15.985516332522979, "gamma": 380.86119069437007}}
{"target": 63.645465449465725, "params": {"C": 720.4173201530506, "epsilon": 2.9998325741171437, "gamma": 106.02975464087314}}
{"target": 64.53312435710022, "params": {"C": 834.919053505667, "epsilon": 20.899125385084037, "gamma": 442.53828290573347}}
{"target": 65.12696347599474, "params": {"C": 820.7668835573398, "epsilon": 31.58493234849898, "gamma": 365.6429984269955}}
{"target": 60.780596859153164, "params": {"C": 88.75623085312152, "epsilon": 0.5772642485527588, "gamma": 388.2626965780055}}
{"target": 63.593869225704864, "params": {"C": 353.19396764803616, "epsilon": 1.9639366806317913, "gamma": 438.4319959242032}}
{"target": 69.11541678888926, "params": {"C": 5406.426184831582, "epsilon": 79.36256968636029, "gamma": 203.5415168153221}}
{"target": 68.62661967640165, "params": {"C": 2440.1822329057254, "epsilon": 73.86568852503996, "gamma": 346.6047086839564}}
{"target": 64.3103167529726, "params": {"C": 1007.8536546166473, "epsilon": 16.2564234724017, "gamma": 325.2868138751932}}
{"target": 63.52960344974306, "params": {"C": 635.3608461678457, "epsilon": 0.6515877958857152, "gamma": 390.4882855889765}}
{"target": 64.29601269378817, "params": {"C": 1378.9422085429326, "epsilon": 15.951825092992497, "gamma": 356.2810739052751}}
{"target": 64.32664514982842, "params": {"C": 172.5256042393926, "epsilon": 16.67893515415929, "gamma": 341.76697555490654}}
{"target": 63.36354241054689, "params": {"C": 101.398075581601, "epsilon": 19.664833542090832, "gamma": 377.9710585516118}}
{"target": 63.465118085339874, "params": {"C": 132.42829709008444, "epsilon": 8.23303234989577, "gamma": 351.84523746426567}}
{"target": 64.06091604135354, "params": {"C": 905.2588412376032, "epsilon": 11.0748667443915, "gamma": 346.5759307892771}}
{"target": 59.02294399472136, "params": {"C": 1.0628378984163973, "epsilon": 8.869871091957432, "gamma": 408.1856366778396}}
{"target": 64.345948151751, "params": {"C": 712.3211353205386, "epsilon": 17.026711815411705, "gamma": 347.03358994451895}}
{"target": 61.513919092861954, "params": {"C": 97.32399996074017, "epsilon": 2.8413088475743433, "gamma": 487.348515520011}}
{"target": 59.796790827430456, "params": {"C": 10.17610217484786, "epsilon": 19.448809542773844, "gamma": 319.2016368324575}}
{"target": 59.1305162000549, "params": {"C": 36.12164393408911, "epsilon": 1.1646466736497378, "gamma": 271.1504181419959}}
{"target": 63.50556413358993, "params": {"C": 603.8082733572033, "epsilon": 0.1653494035537042, "gamma": 320.1931431649856}}
{"target": 59.57154238668536, "params": {"C": 25.69566568633455, "epsilon": 15.566857491424788, "gamma": 188.78290654678221}}
{"target": 64.74403495836205, "params": {"C": 292.1862874152007, "epsilon": 24.907682372604565, "gamma": 493.4445314760811}}
{"target": 63.527158190921796, "params": {"C": 550.8798674535084, "epsilon": 0.602005872001655, "gamma": 358.3102071810464}}
{"target": 63.40756783954822, "params": {"C": 158.5228281021431, "epsilon": 1.2045543050220844, "gamma": 353.18818573213224}}
{"target": 60.849287849660456, "params": {"C": 89.34881579149896, "epsilon": 0.9002258726177952, "gamma": 333.8564495277595}}
{"target": 64.50312946151557, "params": {"C": 889.5631767911797, "epsilon": 20.307796834460245, "gamma": 404.83439535119095}}
{"target": 63.507150778120966, "params": {"C": 317.36336627127343, "epsilon": 0.19758300310957289, "gamma": 357.2915448572259}}
{"target": 68.00036547306505, "params": {"C": 3301.3044358053453, "epsilon": 66.9811577069623, "gamma": 413.1177935459982}}
{"target": 59.421700174105695, "params": {"C": 0.2673513252613571, "epsilon": 33.3486036511628, "gamma": 52.360869683337285}}
{"target": 60.50083108491201, "params": {"C": 51.34452504007619, "epsilon": 22.702578628186004, "gamma": 267.8097808469207}}
{"target": 63.48526086510018, "params": {"C": 116.2368633518384, "epsilon": 14.31388594753067, "gamma": 262.04087436603294}}
{"target": 64.49643254304218, "params": {"C": 160.71625422520808, "epsilon": 20.539201618004533, "gamma": 239.84829845091812}}
{"target": 59.80076578445221, "params": {"C": 41.39759421928771, "epsilon": 15.899668080522316, "gamma": 249.31857379044968}}
{"target": 64.73996612435042, "params": {"C": 5739.905925180134, "epsilon": 24.667170761889764, "gamma": 11.654146396713486}}
{"target": 59.66949220953942, "params": {"C": 34.146105806557415, "epsilon": 15.638927343725975, "gamma": 234.1787965847545}}
{"target": 59.13546024482014, "params": {"C": 38.911251940074415, "epsilon": 0.5206990252327599, "gamma": 355.0683801563405}}
{"target": 58.46413206185615, "params": {"C": 1.5866774829482742, "epsilon": 5.43297564097798, "gamma": 367.9603843181016}}
{"target": 63.537648191847076, "params": {"C": 879.9304028049831, "epsilon": 0.816016173955846, "gamma": 287.7625120667616}}
{"target": 64.18067512068761, "params": {"C": 1072.3924353376215, "epsilon": 13.525358365097466, "gamma": 407.7052757696677}}
{"target": 59.394990650929834, "params": {"C": 16.814875207802253, "epsilon": 8.796686418139906, "gamma": 200.20856628492533}}
{"target": 59.484590880229504, "params": {"C": 26.28690122243163, "epsilon": 11.495468852687853, "gamma": 408.714105219603}}
{"target": 63.50727322424011, "params": {"C": 1051.0440632365978, "epsilon": 0.2000705667025775, "gamma": 494.81555487136154}}
{"target": 59.825925222045804, "params": {"C": 43.16752469797653, "epsilon": 15.430953677047237, "gamma": 394.5578041852909}}
{"target": 64.02898075286595, "params": {"C": 843.6706814187746, "epsilon": 10.435415453020575, "gamma": 376.5642976277556}}
{"target": 58.231632315784665, "params": {"C": 4.096282214458152, "epsilon": 0.08428294999385244, "gamma": 367.669206958248}}
{"target": 63.89066128914819, "params": {"C": 112.49571465783043, "epsilon": 21.4539088163255, "gamma": 380.3582157625533}}
{"target": 60.60510339911383, "params": {"C": 55.40035910556819, "epsilon": 21.009495436193173, "gamma": 341.21090649502423}}
{"target": 59.67607491476025, "params": {"C": 39.53465096697654, "epsilon": 13.825780038755278, "gamma": 313.2073216643544}}
{"target": 63.87988139682843, "params": {"C": 5220.129944859922, "epsilon": 7.50882191110928, "gamma": 294.00742830517805}}
{"target": 63.50302094315616, "params": {"C": 1048.4840158602613, "epsilon": 0.11310969626325718, "gamma": 333.71586009918786}}
{"target": 64.57795835852059, "params": {"C": 3227.0461968592995, "epsilon": 21.76165659077816, "gamma": 393.6934306499362}}
{"target": 63.640081788423664, "params": {"C": 807.6153650777972, "epsilon": 2.8918578746710777, "gamma": 360.3841857169389}}
{"target": 60.62623005804518, "params": {"C": 86.49402069254424, "epsilon": 0.40276457395640053, "gamma": 383.7882233474072}}
{"target": 64.0892735606906, "params": {"C": 748.944169047383, "epsilon": 11.64253672306614, "gamma": 377.2416548266587}}
{"target": 59.986812492000695, "params": {"C": 70.00769042083856, "epsilon": 2.6843289469707505, "gamma": 354.28652261800823}}
{"target": 61.588629651904604, "params": {"C": 85.23885361306598, "epsilon": 10.876640266584232, "gamma": 360.8836248995798}}
{"target": 64.07575419093457, "params": {"C": 754.9112766707416, "epsilon": 11.371821853233158, "gamma": 373.1073659497457}}
