{"target": 64.04583000219947, "params": {"C": 787.1347285128825, "epsilon": 10.77338381374374, "gamma": 428.64589416814874}}
{"target": 64.16659909971132, "params": {"C": 658.2039976370722, "epsilon": 13.233398739023707, "gamma": 376.1632635367414}}
{"target": 59.687367117244776, "params": {"C": 36.14229232051515, "epsilon": 15.585560650846553, "gamma": 360.82817459071646}}
{"target": 58.87441700113918, "params": {"C": 10.181993809824068, "epsilon": 5.429273823768794, "gamma": 345.4052832845149}}
{"target": 60.28437629296483, "params": {"C": 45.14976350939211, "epsilon": 23.733653824957827, "gamma": 348.1272229037056}}
{"target": 64.14440228961911, "params": {"C": 621.6171255300594, "epsilon": 12.777452250413718, "gamma": 309.2496891929011}}
{"target": 74.60287562798405, "params": {"C": 2886.709365204623, "epsilon": 118.39347063823287, "gamma": 446.6033136848485}}
{"target": 64.86769219047912, "params": {"C": 674.9910466289372, "epsilon": 27.107292877804746, "gamma": 272.7105741126128}}
{"target": 63.5566252622855, "params": {"C": 889.8726270145077, "epsilon": 1.2048360909188802, "gamma": 258.55868028757334}}
{"target": 63.512889143597576, "params": {"C": 982.7464709224312, "epsilon": 0.31426912282118236, "gamma": 258.0725445188482}}
{"target": 59.42832905361845, "params": {"C": 2.952220107923794, "epsilon": 17.74762400932739, "gamma": 292.1657974733512}}
{"target": 60.177389402400536, "params": {"C": 60.56679606350287, "epsilon": 10.745141053757411, "gamma": 299.7638262339397}}
{"target": 59.10190607330969, "params": {"C": 33.741633365712744, "epsilon": 0.6031054453789793, "gamma": 338.24422424837667}}
{"target": 64.22978738491142, "params": {"C": 390.4607662551029, "epsilon": 14.551126973239231, "gamma": 315.5176778118286}}
{"target": 59.50027620491566, "params": {"C": 58.194498721111515, "epsilon": 1.0841156166458727, "gamma": 302.91452958246356}}
{"target": 59.8553069511961, "params": {"C": 21.300525264373043, "epsilon": 34.3996081165044, "gamma": 250.36935075673722}}
{"target": 59.74993822864401, "params": {"C": 42.54761897525863, "epsilon": 13.911833840905084, "gamma": 328.44069705452745}}
{"target": 59.935407560539, "params": {"C": 50.66349092922134, "epsilon": 12.907174325004881, "gamma": 350.40306930760977}}
{"target": 60.93161646162572, "params": {"C": 91.45116086586391, "epsilon": 0.4908433736979019, "gamma": 344.32398210324675}}
{"target": 59.54576922372654, "params": {"C": 15.350556139916485, "epsilon": 24.329019158834956, "gamma": 377.6757995818572}}
{"target": 64.81089756531958, "params": {"C": 3091.051602038407, "epsilon": 26.101834505087105, "gamma": 234.14567316461063}}
{"target": 64.38832796838933, "params": {"C": 694.2980207024768, "epsilon": 17.93567971702023, "gamma": 335.6776509748253}}
{"target": 60.80241020398917, "params": {"C": 61.15586372954222, "epsilon": 19.173772809594773, "gamma": 314.76596289898544}}
{"target": 66.56209779377537, "params": {"C": 544.2405062255605, "epsilon": 51.37134137407694, "gamma": 334.65082498848733}}
{"target": 59.153684886714096, "params": {"C": 14.914005787966813, "epsilon": 6.894642810172349, "gamma": 329.28221089525107}}
{"target": 59.37544881977159, "params": {"C": 53.6711482975491, "epsilon": 0.8584987601999647, "gamma": 333.105515271467}}
{"target": 64.19522939247508, "params": {"C": 568.3087621936304, "epsilon": 13.82858650551436, "gamma": 330.19415420036034}}
{"target": 64.26273024610398, "params": {"C": 888.4669694927607, "epsilon": 15.238153768171417, "gamma": 352.8175961900696}}
{"target": 64.01624164495293, "params": {"C": 1624.9869482438082, "epsilon": 10.179046598533892, "gamma": 333.2869195926154}}
{"target": 60.287371369331844, "params": {"C": 79.88175911154948, "epsilon": 0.6453383534090738, "gamma": 372.8028310473215}}
{"target": 60.487549249916796, "params": {"C": 83.85062332510432, "epsilon": 0.4789238938476569, "gamma": 289.04400032384257}}
{"target": 64.08710171084292, "params": {"C": 881.2058777053484, "epsilon": 11.59904711818979, "gamma": 359.8206938503469}}
{"target": 63.55537073849969, "params": {"C": 709.9877527419081, "epsilon": 1.1792147223728988, "gamma": 269.8802553791204}}
{"target": 60.03566349661626, "params": {"C": 45.64642639516618, "epsilon": 18.478011102118067, "gamma": 210.0859959198653}}
{"target": 59.46743601965761, "params": {"C": 40.32654271211254, "epsilon": 6.955054817838073, "gamma": 245.58637500140244}}
{"target": 59.283380818841046, "params": {"C": 47.8603878448561, "epsilon": 0.9088780729765789, "gamma": 280.16172816965747}}
{"target": 64.12908476220727, "params": {"C": 592.8872558621734, "epsilon": 12.459460847377256, "gamma": 288.8901615000269}}
{"target": 59.6245199392309, "params": {"C": 61.705253344335816, "epsilon": 1.636274714133093, "gamma": 226.88492312611882}}
{"target": 59.07221523231601, "params": {"C": 27.771084172427724, "epsilon": 1.1188123877271572, "gamma": 256.40295127865016}}
{"target": 59.6627597754818, "params": {"C": 22.198264009297162, "epsilon": 28.286058502484458, "gamma": 349.7885306590763}}
{"target": 65.35342368061706, "params": {"C": 1206.640015745127, "epsilon": 35.476666585195375, "gamma": 164.0692320009478}}
{"target": 63.645777174760475, "params": {"C": 1647.0058903982638, "epsilon": 3.006022568907321, "gamma": 257.0523702891144}}
{"target": 65.00673004149205, "params": {"C": 546.7612017630986, "epsilon": 29.537250056451086, "gamma": 303.9262505036895}}
{"target": 59.70485221573144, "params": {"C": 13.527153088892222, "epsilon": 16.521253660999744, "gamma": 415.98200562864787}}
{"target": 64.28011894242033, "params": {"C": 585.6428206735671, "epsilon": 15.61235962423352, "gamma": 306.82675157247184}}
{"target": 63.515558668246285, "params": {"C": 1739.382988278666, "epsilon": 0.3681707906825, "gamma": 290.15497700931223}}
{"target": 64.1856092915287, "params": {"C": 663.6555093940273, "epsilon": 13.628003286123075, "gamma": 328.5702755520773}}
{"target": 64.23387328056954, "params": {"C": 688.6578646911644, "epsilon": 14.636819755496225, "gamma": 348.4695854194208}}
{"target": 64.18932440178804, "params": {"C": 642.466599550192, "epsilon": 13.705464924038722, "gamma": 370.6176757292719}}
{"target": 59.61308786038825, "params": {"C": 18.91054120817597, "epsilon": 16.36392924077929, "gamma": 383.3548528433935}}
{"target": 64.00466596970001, "params": {"C": 1533.6815084718417, "epsilon": 9.947631111758957, "gamma": 400.8613617306184}}
{"target": 64.39308959983164, "params": {"C": 698.3665040535527, "epsilon": 18.03232659080756, "gamma": 424.0294163362371}}
{"target": 59.686997390697094, "params": {"C": 42.79179234000876, "epsilon": 12.280715720373397, "gamma": 308.8199389461687}}
{"target": 63.53566705904986, "params": {"C": 515.8325589491362, "epsilon": 0.7753279423367543, "gamma": 301.97304506733525}}
{"target": 64.26398841200755, "params": {"C": 696.6428165273571, "epsilon": 15.265229578828368, "gamma": 452.683056029833}}
{"target": 59.106161443482996, "params": {"C": 31.45596727377844, "epsilon": 0.8514932656216381, "gamma": 350.27729005041516}}
{"target": 59.03797638197252, "params": {"C": 3.4207363830076605, "epsilon": 14.224438155990612, "gamma": 297.13685699543277}}
{"target": 64.22195996259617, "params": {"C": 599.9406233960678, "epsilon": 14.387984916047275, "gamma": 367.6064066392283}}
{"target": 63.49935310139408, "params": {"C": 740.0205168741126, "epsilon": 0.03735143451499632, "gamma": 380.7250553419087}}
{"target": 59.531472116183934, "params": {"C": 1.646393550953364, "epsilon": 29.26464267466616, "gamma": 276.0247618069687}}
{"target": 59.61307472497092, "params": {"C": 27.99495940679932, "epsilon": 16.880865437291227, "gamma": 497.55187331930654}}
{"target": 59.22879152726102, "params": {"C": 2.245652770215578, "epsilon": 16.657099178452796, "gamma": 483.8506167464986}}
{"target": 59.23038615298998, "params": {"C": 44.042898952417666, "epsilon": 1.3865555689804427, "gamma": 421.3599428613887}}
{"target": 59.53124668014097, "params": {"C": 21.357654334675455, "epsilon": 11.639388128426884, "gamma": 374.92393600660967}}
{"target": 63.568463254135146, "params": {"C": 987.4097708324399, "epsilon": 1.448436945568713, "gamma": 348.53821776283513}}
{"target": 63.56039891101865, "params": {"C": 825.9515051722196, "epsilon": 1.2831260130770101, "gamma": 348.9606845314318}}
{"target": 63.52175335302378, "params": {"C": 670.590173921904, "epsilon": 0.49304960330490655, "gamma": 332.4183911744761}}
{"target": 64.68665228024811, "params": {"C": 2905.440220558516, "epsilon": 23.828122226747404, "gamma": 439.6829479036727}}
{"target": 63.579252530455506, "params": {"C": 809.923224804115, "epsilon": 1.6686569556159627, "gamma": 319.39106649046244}}
{"target": 64.69080200520386, "params": {"C": 675.2917813885317, "epsilon": 23.908117476101847, "gamma": 408.2068030018022}}
{"target": 64.25001700806743, "params": {"C": 606.4777581308614, "epsilon": 14.974385943081005, "gamma": 378.6783411899927}}
{"target": 64.2836360716525, "params": {"C": 558.7964184907, "epsilon": 15.688113963657075, "gamma": 377.7243326032925}}
{"target": 63.594617040951356, "params": {"C": 1684.408156974863, "epsilon": 1.978958848348499, "gamma": 420.68828489372567}}
{"target": 58.849825787748706, "params": {"C": 19.3612291640111, "epsilon": 2.227296862867254, "gamma": 370.78939822496426}}
{"target": 63.53684578777145, "params": {"C": 731.0697486874603, "epsilon": 0.7995365099371615, "gamma": 424.4112675231551}}
{"target": 60.64329630104369, "params": {"C": 59.30909531833443, "epsilon": 18.501608719854012, "gamma": 322.9466630252916}}
{"target": 63.265632180303555, "params": {"C": 150.98535536867672, "epsilon": 0.3291165004365306, "gamma": 366.74199840806375}}
{"target": 59.06915981626314, "params": {"C": 0.1511577592702653, "epsilon": 10.198786683295495, "gamma": 370.0755028461841}}
{"target": 63.52991832842681, "params": {"C": 826.0169775284241, "epsilon": 0.6579938273030059, "gamma": 420.403910549901}}
{"target": 63.50601969759157, "params": {"C": 637.7810059279952, "epsilon": 0.17460444922799845, "gamma": 266.19397954323716}}
{"target": 59.351179914989686, "params": {"C": 53.80005810512007, "epsilon": 0.19799367743666996, "gamma": 454.475726184655}}
{"target": 65.92710996647754, "params": {"C": 3493.8395615035292, "epsilon": 43.774455592806895, "gamma": 334.91722002625085}}
{"target": 64.42347094591243, "params": {"C": 1504.837394140295, "epsilon": 18.66286629120808, "gamma": 249.116221147396}}
{"target": 65.19957126664707, "params": {"C": 842.5031126832168, "epsilon": 32.82433654434958, "gamma": 388.9083935146787}}
{"target": 65.16680776322139, "params": {"C": 676.116563202328, "epsilon": 32.26225557303228, "gamma": 339.90613299494447}}
{"target": 59.669828299505, "params": {"C": 31.44716971654651, "epsilon": 17.19310341728679, "gamma": 341.2759819206985}}
{"target": 64.15674020208088, "params": {"C": 904.6777497429409, "epsilon": 13.029744599437421, "gamma": 423.53800219130187}}
{"target": 63.55972565643941, "params": {"C": 699.9395341053859, "epsilon": 1.2690949461078258, "gamma": 240.40993124508026}}
{"target": 64.26960307412416, "params": {"C": 1440.3311761414302, "epsilon": 15.38605746641802, "gamma": 468.6070129836355}}
{"target": 59.46520673649104, "params": {"C": 27.34554026959757, "epsilon": 10.513013091123327, "gamma": 313.54709718783823}}
{"target": 59.51229758594279, "params": {"C": 28.481389684483716, "epsilon": 12.39760487740876, "gamma": 273.70577771486245}}
{"target": 58.48541232070895, "params": {"C": 9.842070105153734, "epsilon": 1.3556689199012886, "gamma": 493.89986709019576}}
{"target": 63.53865248571698, "params": {"C": 665.2852760825217, "epsilon": 0.8366422226768108, "gamma": 431.49556665054615}}
{"target": 59.27551836308699, "params": {"C": 12.163131448072333, "epsilon": 9.863551155318692, "gamma": 246.51776134252796}}
{"target": 63.505925654028395, "params": {"C": 1085.8941013684582, "epsilon": 0.17269389995218165, "gamma": 376.73331028065974}}
{"target": 64.08662611630953, "params": {"C": 1458.686487582968, "epsilon": 11.58952370737222, "gamma": 380.8637917211676}}
{"target": 63.54630294939112, "params": {"C": 806.1512461955283, "epsilon": 0.9937663884212975, "gamma": 362.30598770428014}}
{"target": 64.27517687289972, "params": {"C": 921.0795512268555, "epsilon": 15.50600597229668, "gamma": 324.0555878675908}}
{"target": 59.772062291206524, "params": {"C": 0.1248061374984526, "epsilon": 20.99558061129138, "gamma": 356.8896857680622}}
{"target": 58.69364594272368, "params": {"C": 16.693979199692844, "epsilon": 1.5739632412959947, "gamma": 345.28565761481286}}
{"target": 59.07867076024347, "params": {"C": 28.95290694635198, "epsilon": 0.7760053225766151, "gamma": 380.12932019937466}}
{"target": 59.078963032353045, "params": {"C": 5.01684671155853, "epsilon": 7.73780275074417, "gamma": 299.5280244043183}}
{"target": 58.70519366047167, "params": {"C": 8.869287558837168, "epsilon": 3.958940559611355, "gamma": 409.03191659512817}}
{"target": 59.22653602676159, "params": {"C": 8.414827902221159, "epsilon": 12.238624255420751, "gamma": 440.4012291192794}}
{"target": 59.66851773653707, "params": {"C": 15.10412778075198, "epsilon": 19.808802507850068, "gamma": 418.8143090632158}}
{"target": 64.9196715080473, "params": {"C": 604.3840029368218, "epsilon": 28.020720254385306, "gamma": 456.5507132646393}}
{"target": 58.65984201599794, "params": {"C": 18.4149713797062, "epsilon": 0.11215278473477808, "gamma": 277.4690733368137}}
{"target": 59.60573461773688, "params": {"C": 39.166638770034666, "epsilon": 11.215280332966, "gamma": 324.12720877222205}}
{"target": 65.12137191706589, "params": {"C": 738.8595872621322, "epsilon": 31.489691475734013, "gamma": 495.10937093835383}}
{"target": 63.538446336913026, "params": {"C": 783.0521748747751, "epsilon": 0.8324083670295801, "gamma": 449.8757078718673}}
{"target": 63.611282689645314, "params": {"C": 1500.666322011679, "epsilon": 2.313986800680119, "gamma": 308.08225734160504}}
{"target": 59.84677829851738, "params": {"C": 6.5983253456368685, "epsilon": 20.297069168473264, "gamma": 414.9472291430605}}
{"target": 63.5094062282559, "params": {"C": 898.4380696618514, "epsilon": 0.24340377458494844, "gamma": 263.8749698626022}}
{"target": 64.17664625062261, "params": {"C": 874.9291220913905, "epsilon": 13.44179303085399, "gamma": 442.84195441702514}}
{"target": 63.519234258408446, "params": {"C": 960.892558042468, "epsilon": 0.4422671089992011, "gamma": 286.9242283636777}}
{"target": 59.72915832380933, "params": {"C": 11.56049075651989, "epsilon": 17.08590780240684, "gamma": 364.259443659279}}
{"target": 59.918532248220025, "params": {"C": 48.98820277933705, "epsilon": 13.719901536724501, "gamma": 396.92315953722334}}
{"target": 63.50342751080078, "params": {"C": 974.0445283402345, "epsilon": 0.12150723902557614, "gamma": 364.8694899644984}}
{"target": 63.530258193530656, "params": {"C": 1001.2306224475207, "epsilon": 0.6649081935121637, "gamma": 284.60057939493817}}
{"target": 70.71331775183873, "params": {"C": 3792.6382100223946, "epsilon": 95.17644176784572, "gamma": 434.07261173648305}}
{"target": 59.608675827144154, "params": {"C": 12.974258410438123, "epsilon": 14.160870216785504, "gamma": 431.7790544377217}}
{"target": 59.209604712465534, "params": {"C": 41.459624180599135, "epsilon": 1.5110352697447587, "gamma": 303.7883924004957}}
{"target": 64.34381435206795, "params": {"C": 606.0307276164534, "epsilon": 16.981034418289184, "gamma": 258.2055617633249}}
{"target": 74.77832652966988, "params": {"C": 444.2049709470489, "epsilon": 119.18035425928872, "gamma": 331.38876011559273}}
{"target": 59.09291506286172, "params": {"C": 29.0101528571902, "epsilon": 1.0870544222496703, "gamma": 337.7874191438072}}
{"target": 64.21856810631502, "params": {"C": 745.1437417403498, "epsilon": 14.316972985768157, "gamma": 443.91861034913643}}
{"target": 64.07874948715876, "params": {"C": 702.656214038618, "epsilon": 11.431800331673836, "gamma": 405.6568399754571}}
{"target": 61.53998053292696, "params": {"C": 102.59495126103559, "epsilon": 0.012794122938600883, "gamma": 427.03383707772946}}
{"target": 59.107915230701245, "params": {"C": 6.476708242194501, "epsilon": 10.999847004895134, "gamma": 390.6478942154119}}
{"target": 58.56863011123571, "params": {"C": 6.640815583594693, "epsilon": 3.9896597769803317, "gamma": 379.8875062523954}}
{"target": 59.477654673323855, "params": {"C": 25.798831986590972, "epsilon": 11.176458619972264, "gamma": 426.8770777391162}}
{"target": 63.50449345746512, "params": {"C": 1388.5778168487602, "epsilon": 0.14352407389728955, "gamma": 402.4064591511128}}
{"target": 59.53054797619611, "params": {"C": 20.34541667247775, "epsilon": 10.95829660119738, "gamma": 341.2273711973146}}
{"target": 60.393070266724614, "params": {"C": 82.56153353915373, "epsilon": 0.21923468467543253, "gamma": 456.02640669678}}
{"target": 64.21441612196824, "params": {"C": 878.9041209884647, "epsilon": 14.229634008329432, "gamma": 336.4516719992919}}
{"target": 64.30379930256706, "params": {"C": 720.0279390011654, "epsilon": 16.11676994001894, "gamma": 498.4519341915308}}
{"target": 63.533846341098055, "params": {"C": 612.4327427436501, "epsilon": 0.7379342886419503, "gamma": 358.6617189399336}}
{"target": 59.340715893221635, "params": {"C": 3.059930016218896, "epsilon": 31.117620508447605, "gamma": 439.05579660841585}}
{"target": 63.50891479386179, "params": {"C": 974.227209645727, "epsilon": 0.2334200011809282, "gamma": 407.4193116486962}}
{"target": 64.27900456856386, "params": {"C": 1033.2927202743786, "epsilon": 15.588378227619152, "gamma": 322.2705716530227}}
{"target": 65.12363776136722, "params": {"C": 1516.2944170961264, "epsilon": 31.528397190904084, "gamma": 390.24304482335907}}
{"target": 63.52341570267597, "params": {"C": 923.3979632636241, "epsilon": 0.5265609534681982, "gamma": 463.6050612092995}}
{"target": 59.51166119966533, "params": {"C": 23.602800030331, "epsilon": 12.275669459827288, "gamma": 251.7552421236776}}
{"target": 64.25087979810516, "params": {"C": 683.8984239454229, "epsilon": 14.992300883299714, "gamma": 295.48867207495056}}
{"target": 58.98793134659594, "params": {"C": 0.04275322449916752, "epsilon": 16.35316172868609, "gamma": 293.66348142662883}}
{"target": 64.89702049733907, "params": {"C": 685.908142398824, "epsilon": 27.622796583721698, "gamma": 357.1591096235999}}
{"target": 63.31958446796091, "params": {"C": 153.24709169921317, "epsilon": 0.6948591674433606, "gamma": 499.733687454717}}
{"target": 61.808688904313, "params": {"C": 105.35326546028323, "epsilon": 1.0604647161623928, "gamma": 404.9815704509739}}
{"target": 58.76415929946309, "params": {"C": 16.677175911737564, "epsilon": 2.5600070544647124, "gamma": 224.7114888681748}}
{"target": 64.11674616853763, "params": {"C": 699.1238319285925, "epsilon": 12.203821823173643, "gamma": 358.5382988528223}}
{"target": 64.17719300950054, "params": {"C": 700.9377959195881, "epsilon": 13.45313370148093, "gamma": 436.9128343526724}}
{"target": 65.08282341109523, "params": {"C": 1285.5492647515437, "epsilon": 30.834179362672415, "gamma": 291.07262971410273}}
{"target": 59.79697542474544, "params": {"C": 41.12975541612192, "epsilon": 15.979041847019829, "gamma": 360.4885117217402}}
{"target": 63.507091356762565, "params": {"C": 1076.5222216399907, "epsilon": 0.196375823913141, "gamma": 322.16711870946096}}
{"target": 63.51477050976992, "params": {"C": 983.5188231805562, "epsilon": 0.3522822833226371, "gamma": 332.4871687444909}}
{"target": 61.84942037878992, "params": {"C": 75.62894884276479, "epsilon": 20.192079195996172, "gamma": 208.92268817926356}}
{"target": 58.24293744865887, "params": {"C": 4.989324097122745, "epsilon": 0.025695605924370146, "gamma": 296.66396375247984}}
{"target": 64.23533592261097, "params": {"C": 768.1214695715727, "epsilon": 14.667495493805049, "gamma": 199.66214722310676}}
{"target": 58.696798041226955, "params": {"C": 18.451112057693543, "epsilon": 0.679063305627797, "gamma": 326.74960788378905}}
{"target": 59.61301199174329, "params": {"C": 39.472625960361, "epsilon": 11.43586530763471, "gamma": 334.37576544708224}}
{"target": 64.15440551554377, "params": {"C": 1073.72473419272, "epsilon": 12.982359075073376, "gamma": 240.57048944722567}}
{"target": 64.32220964773586, "params": {"C": 703.3141083460828, "epsilon": 16.515802410344207, "gamma": 280.26778943670837}}
{"target": 63.602535536450276, "params": {"C": 661.7156886066908, "epsilon": 2.1382121118783393, "gamma": 309.13044660638263}}
{"target": 64.22347326148083, "params": {"C": 857.0182360598687, "epsilon": 14.419603453125639, "gamma": 298.37688852751876}}
{"target": 59.77804331656472, "params": {"C": 2.313340211147815, "epsilon": 20.136821220882638, "gamma": 296.5699533822909}}
{"target": 64.16209807183517, "params": {"C": 711.2932267856606, "epsilon": 13.13966056079435, "gamma": 270.65069133473054}}
{"target": 64.31370440635808, "params": {"C": 602.091347550801, "epsilon": 16.329208069737664, "gamma": 294.809473181413}}
{"target": 64.30599852355265, "params": {"C": 698.1740565964234, "epsilon": 16.163775189776267, "gamma": 275.08939297773446}}
{"target": 63.502183973217754, "params": {"C": 757.9085777942156, "epsilon": 0.09582231262427254, "gamma": 368.3292768643639}}
{"target": 63.53153902743564, "params": {"C": 412.47502164130805, "epsilon": 0.6909660457986126, "gamma": 252.70738733391536}}
{"target": 59.73538773651511, "params": {"C": 8.091508457864373, "epsilon": 38.16661169249151, "gamma": 391.13843597414984}}
{"target": 59.38980322868724, "params": {"C": 21.33244121450437, "epsilon": 7.18321088566764, "gamma": 333.88937796393174}}
{"target": 59.52624375826423, "params": {"C": 29.975622131454934, "epsilon": 12.484125912769233, "gamma": 259.4234223848285}}
{"target": 59.395671602229655, "params": {"C": 52.73898142732302, "epsilon": 1.7139642347261725, "gamma": 301.1972378657377}}
{"target": 59.48834144756754, "params": {"C": 34.49622858467641, "epsilon": 9.55833230702934, "gamma": 319.04082623736184}}
