{"target": 65.05773548568727, "params": {"C": 667.1706674202978, "epsilon": 30.404776558484684, "gamma": 257.3397331475188}}
{"target": 64.0863815229587, "params": {"C": 2385.2938372906983, "epsilon": 11.584625915659469, "gamma": 447.2057420674375}}
{"target": 63.53402588197891, "params": {"C": 237.18790705219828, "epsilon": 0.7416216744426636, "gamma": 407.3447262195569}}
{"target": 59.16592775695038, "params": {"C": 27.65543607924814, "epsilon": 2.7758859935820754, "gamma": 341.62632212384193}}
{"target": 59.809819010091346, "params": {"C": 68.62147306032338, "epsilon": 0.7789175585071086, "gamma": 376.4922603060817}}
{"target": 65.42759745239667, "params": {"C": 750.7823425345384, "epsilon": 36.74479715818795, "gamma": 412.93274634720586}}
{"target": 59.708085799070304, "params": {"C": 9.456963588059732, "epsilon": 16.912164063873952, "gamma": 362.0940598984056}}
{"target": 64.40043228075078, "params": {"C": 872.4856475076735, "epsilon": 18.181649899745352, "gamma": 381.37027727201104}}
{"target": 65.94070734229243, "params": {"C": 1012.8545587474249, "epsilon": 43.94166156501848, "gamma": 386.46807482939045}}
{"target": 59.18371391663247, "params": {"C": 33.729454828680794, "epsilon": 2.81025972901139, "gamma": 392.8035714672696}}
{"target": 64.38140533585832, "params": {"C": 2090.0763124097643, "epsilon": 17.79370806232948, "gamma": 374.60159004319286}}
{"target": 59.608674713733805, "params": {"C": 19.327132418753592, "epsilon": 19.37167667429832, "gamma": 272.1645283270194}}
{"target": 59.20995265480715, "params": {"C": 38.24964443311189, "epsilon": 2.4090992486542757, "gamma": 342.28421507561063}}
{"target": 64.6956196731319, "params": {"C": 833.2756638432384, "epsilon": 24.00340977688933, "gamma": 283.12406402615636}}
{"target": 69.43384767030369, "params": {"C": 5665.597348505621, "epsilon": 82.74155328486941, "gamma": 349.973677718408}}
{"target": 63.631483279292276, "params": {"C": 113.09392532541962, "epsilon": 17.654222086927163, "gamma": 309.312059903723}}
{"target": 59.64926884811299, "params": {"C": 16.833732161568815, "epsilon": 17.691813136616908, "gamma": 400.70865453086753}}
{"target": 64.09083292309919, "params": {"C": 731.7950214968992, "epsilon": 11.673709536910508, "gamma": 263.2435278605465}}
{"target": 59.60548182113382, "params": {"C": 20.189776253565178, "epsilon": 18.49544263364575, "gamma": 327.34837250025134}}
{"target": 59.35741769786547, "params": {"C": 48.24417431506149, "epsilon": 2.309620919776474, "gamma": 382.2433415695293}}
{"target": 72.11238751122934, "params": {"C": 4862.859647304317, "epsilon": 105.38014900940439, "gamma": 319.14785990132145}}
{"target": 63.51926868327513, "params": {"C": 720.6904094135294, "epsilon": 0.4429610807829195, "gamma": 304.79254992337735}}
{"target": 59.36963160164497, "params": {"C": 53.17034117100343, "epsilon": 0.9698065072681512, "gamma": 350.2879642448947}}
{"target": 63.548039249553334, "params": {"C": 736.73215548993, "epsilon": 1.0294262812147035, "gamma": 332.3967619498259}}
{"target": 59.92848833169364, "params": {"C": 69.98749019801615, "epsilon": 1.8745843616867142, "gamma": 276.0360636254088}}
{"target": 63.515572492548856, "params": {"C": 218.43801554056887, "epsilon": 0.368449475164382, "gamma": 389.3167137752332}}
{"target": 62.640305368494396, "params": {"C": 66.8343036259825, "epsilon": 33.33999286686863, "gamma": 339.0781672199131}}
{"target": 63.51863809283479, "params": {"C": 1182.9375325384249, "epsilon": 0.4302489915910839, "gamma": 362.1502253697355}}
{"target": 63.54962279017874, "params": {"C": 1690.9956038134849, "epsilon": 1.0618233233686365, "gamma": 250.5070116069762}}
{"target": 58.495816804617085, "params": {"C": 11.678306136780428, "epsilon": 0.2481028460619905, "gamma": 442.5890140352162}}
{"target": 64.14066952640003, "params": {"C": 882.0501539073465, "epsilon": 12.700508162474337, "gamma": 429.76637742714615}}
{"target": 64.42621440062597, "params": {"C": 777.0497698701502, "epsilon": 18.719817446234998, "gamma": 445.88452209970205}}
{"target": 64.21594187441285, "params": {"C": 654.4480587845057, "epsilon": 14.261728941066773, "gamma": 275.3439389649907}}
{"target": 64.75024489565816, "params": {"C": 816.3097713111448, "epsilon": 25.020608568161123, "gamma": 476.10931596571675}}
{"target": 64.25581872179194, "params": {"C": 1004.3492745091531, "epsilon": 15.094623525936015, "gamma": 472.4537735428441}}
{"target": 59.62195621474958, "params": {"C": 22.628621856050522, "epsilon": 22.958581289717657, "gamma": 472.84058683766654}}
{"target": 64.28214691889112, "params": {"C": 537.8667875154334, "epsilon": 15.656001807492665, "gamma": 429.7659401324583}}
{"target": 63.65668485296919, "params": {"C": 109.34132106350468, "epsilon": 19.63604604814705, "gamma": 407.0827605237932}}
{"target": 63.54905487160869, "params": {"C": 789.3979017914584, "epsilon": 1.0502246186260478, "gamma": 419.89858374627534}}
{"target": 63.51483963506469, "params": {"C": 204.0268229842936, "epsilon": 0.35367578195283966, "gamma": 483.1092206352916}}
{"target": 63.57406574355438, "params": {"C": 469.57960612404764, "epsilon": 1.5630695281368552, "gamma": 452.14303244388253}}
{"target": 59.19875997651219, "params": {"C": 1.4756065594523795, "epsilon": 12.305316019938, "gamma": 465.4907991004918}}
{"target": 59.638049034949105, "params": {"C": 17.43071580379493, "epsilon": 17.05473765200299, "gamma": 479.0389722993755}}
{"target": 63.393879695252565, "params": {"C": 83.9300399818975, "epsilon": 29.61475007894452, "gamma": 431.9939730244332}}
{"target": 64.12538564245813, "params": {"C": 889.4947360106951, "epsilon": 12.382678204046696, "gamma": 247.57814836043144}}
{"target": 66.3986637135509, "params": {"C": 2337.0501759501635, "epsilon": 49.436905415241995, "gamma": 128.892545652636}}
{"target": 63.837782959699624, "params": {"C": 955.8246281510886, "epsilon": 6.687035968182493, "gamma": 414.10251120572553}}
{"target": 63.59010013220304, "params": {"C": 983.7914452807535, "epsilon": 1.8877802120883491, "gamma": 395.06160502586226}}
{"target": 63.595476674239634, "params": {"C": 797.2015297417679, "epsilon": 1.9962272251167579, "gamma": 456.05214089309413}}
{"target": 63.49856198523249, "params": {"C": 1026.0481799354159, "epsilon": 0.02101114801355708, "gamma": 215.34080986817327}}
{"target": 64.06270092110529, "params": {"C": 949.9745321944513, "epsilon": 11.11044027210728, "gamma": 214.45286476124278}}
{"target": 63.610254719675446, "params": {"C": 1002.2490326752504, "epsilon": 2.293374179821504, "gamma": 443.6793864006334}}
{"target": 63.51227534997412, "params": {"C": 200.73577080896962, "epsilon": 0.30174405055074427, "gamma": 406.45546538012405}}
{"target": 59.51243525289492, "params": {"C": 25.429765073645846, "epsilon": 13.019531051907293, "gamma": 471.0173105945275}}
{"target": 58.64162121499978, "params": {"C": 17.319536805441494, "epsilon": 0.38784847543704704, "gamma": 254.06163041677473}}
{"target": 59.51023512386125, "params": {"C": 24.506182568537643, "epsilon": 12.841247459116577, "gamma": 234.18724578244965}}
{"target": 59.61775388788029, "params": {"C": 51.264989816851646, "epsilon": 6.239918662172439, "gamma": 440.69793836120573}}
{"target": 63.54552598153642, "params": {"C": 447.94759134937397, "epsilon": 0.9778091299865459, "gamma": 467.6508186935122}}
{"target": 59.30348713466553, "params": {"C": 40.554186109113644, "epsilon": 3.7765256121477977, "gamma": 261.9161834423629}}
{"target": 63.845105353871226, "params": {"C": 850.9487724909877, "epsilon": 6.831897006719294, "gamma": 227.8132230875393}}
{"target": 63.715143821632466, "params": {"C": 785.6039238601404, "epsilon": 4.348142925791404, "gamma": 256.6218902815383}}
{"target": 63.598647256093614, "params": {"C": 733.3450067680262, "epsilon": 2.059918106781836, "gamma": 264.7899643978634}}
{"target": 58.67264237572461, "params": {"C": 14.104013216674208, "epsilon": 2.231651315059925, "gamma": 318.2544259914596}}
{"target": 64.23768297897159, "params": {"C": 982.9409286300908, "epsilon": 14.716768902675561, "gamma": 279.1603804888887}}
{"target": 64.10523258269504, "params": {"C": 950.1789365882782, "epsilon": 11.96613102829782, "gamma": 241.1778480288677}}
{"target": 63.580488465259315, "params": {"C": 992.376975617191, "epsilon": 1.6938168819743098, "gamma": 258.4400248306074}}
{"target": 72.8408684802259, "params": {"C": 2139.749409602594, "epsilon": 109.48849529352, "gamma": 18.589675533003657}}
{"target": 59.40951511728025, "params": {"C": 28.705242747666766, "epsilon": 8.027483922881538, "gamma": 236.47456307377416}}
{"target": 61.93238852182857, "params": {"C": 109.20129799926858, "epsilon": 0.1320238489576151, "gamma": 233.37177494313013}}
{"target": 63.502866801849926, "params": {"C": 660.4618642707512, "epsilon": 0.10992595002653682, "gamma": 211.61981434875105}}
{"target": 60.68685693646201, "params": {"C": 43.586153967648684, "epsilon": 31.30798621929081, "gamma": 218.1863014430539}}
{"target": 65.09912239778605, "params": {"C": 652.4990821870887, "epsilon": 31.11312156306851, "gamma": 220.45660478343237}}
{"target": 60.56692581100589, "params": {"C": 56.03661830494256, "epsilon": 19.948106674169104, "gamma": 214.09475989601506}}
{"target": 61.03837971655721, "params": {"C": 63.313851112278, "epsilon": 20.373614776002626, "gamma": 237.5592932271664}}
{"target": 64.59682501666025, "params": {"C": 746.9650672824406, "epsilon": 22.12756575149199, "gamma": 361.8107458236807}}
{"target": 65.20704566524999, "params": {"C": 2888.774964404933, "epsilon": 32.954344085656984, "gamma": 289.4814232254364}}
{"target": 59.87281226852177, "params": {"C": 43.31470369678209, "epsilon": 16.561683402334673, "gamma": 269.50342832976236}}
{"target": 63.553153319128135, "params": {"C": 765.3746955703244, "epsilon": 1.1339279613149802, "gamma": 329.9748346094559}}
{"target": 62.15208840208619, "params": {"C": 112.47211094817021, "epsilon": 0.5660987698972408, "gamma": 248.7372753741512}}
{"target": 58.66491589904503, "params": {"C": 17.687997044488373, "epsilon": 0.5945910011002633, "gamma": 253.85687238890932}}
{"target": 63.50857403943026, "params": {"C": 825.6531502064657, "epsilon": 0.2264973782005988, "gamma": 318.10906233783726}}
{"target": 58.80669203090205, "params": {"C": 16.892496741417965, "epsilon": 2.933786074962341, "gamma": 231.5688868401535}}
{"target": 64.30596704971624, "params": {"C": 666.7222424398753, "epsilon": 16.163099240245835, "gamma": 322.8534695303581}}
{"target": 64.46559763262897, "params": {"C": 566.6099846177565, "epsilon": 19.53214101257583, "gamma": 331.65741086863966}}
{"target": 62.71914193952458, "params": {"C": 126.35547975238268, "epsilon": 0.4598190492446185, "gamma": 352.9935005902315}}
{"target": 60.27666706980371, "params": {"C": 46.355497586536856, "epsilon": 22.59523011625789, "gamma": 373.264883402948}}
{"target": 63.50444516004184, "params": {"C": 449.35657620125676, "epsilon": 0.1425265039164545, "gamma": 374.6486585574998}}
{"target": 64.47875856233327, "params": {"C": 139.29411758514019, "epsilon": 22.536994730631644, "gamma": 324.88189077869663}}
{"target": 60.080704773991464, "params": {"C": 74.25723027850053, "epsilon": 1.466619888028286, "gamma": 307.9850315236348}}
{"target": 64.36624968718448, "params": {"C": 901.8323529957214, "epsilon": 17.466588118802598, "gamma": 186.1340333527583}}
{"target": 58.64630638465509, "params": {"C": 17.596482293067105, "epsilon": 0.3291957962337042, "gamma": 339.7360500149683}}
{"target": 59.61779006413896, "params": {"C": 18.20747959335233, "epsilon": 19.25097536485581, "gamma": 273.78062877917307}}
{"target": 59.59110006380779, "params": {"C": 44.825083975952396, "epsilon": 8.741019736672746, "gamma": 400.76968775626136}}
{"target": 63.503012073469336, "params": {"C": 692.5332327431214, "epsilon": 0.11292649532484555, "gamma": 250.39822503692716}}
{"target": 64.13609439629828, "params": {"C": 822.9051490945856, "epsilon": 12.6055637720488, "gamma": 201.07696352534057}}
{"target": 64.32997440687421, "params": {"C": 956.6461731581567, "epsilon": 16.68615149828718, "gamma": 390.9350366669144}}
{"target": 65.83544588314595, "params": {"C": 4927.754119850429, "epsilon": 42.641861483116315, "gamma": 298.65459192428114}}
{"target": 63.49807185027377, "params": {"C": 650.9800899954324, "epsilon": 0.010887545383093583, "gamma": 183.39350644123175}}
{"target": 59.96580922238568, "params": {"C": 71.63125988642642, "epsilon": 1.4792892445705914, "gamma": 379.7733509200873}}
{"target": 59.63705687911421, "params": {"C": 58.90375275231473, "epsilon": 3.2506375757116044, "gamma": 389.09562965499333}}
{"target": 63.592312702583556, "params": {"C": 1246.456488847147, "epsilon": 1.9326691295995304, "gamma": 400.08587080740494}}
{"target": 63.54760006135884, "params": {"C": 626.6079080350211, "epsilon": 1.0204062947684367, "gamma": 396.88888965520243}}
{"target": 59.7080982566034, "params": {"C": 27.64659611877879, "epsilon": 22.23056434546838, "gamma": 281.56305087958964}}
{"target": 59.047046472687086, "params": {"C": 29.201182904671207, "epsilon": 0.036909255026020826, "gamma": 438.0362495124552}}
{"target": 59.662780055222505, "params": {"C": 34.52558742519272, "epsilon": 15.184696066170382, "gamma": 399.71822326887263}}
{"target": 64.27836863906889, "params": {"C": 645.2794950936291, "epsilon": 15.574692984246484, "gamma": 197.81342221480384}}
{"target": 59.72597072717834, "params": {"C": 13.414966049681286, "epsilon": 17.32780089829152, "gamma": 397.8999403761722}}
{"target": 59.184921612656424, "params": {"C": 35.67305634339004, "epsilon": 2.5663429819369283, "gamma": 213.45688469230487}}
{"target": 59.21467076184901, "params": {"C": 43.92712488972896, "epsilon": 1.028694071644003, "gamma": 197.6012442512576}}
{"target": 64.06616959070837, "params": {"C": 764.8715185333735, "epsilon": 11.17989768447715, "gamma": 206.9091586580775}}
{"target": 58.61918284520973, "params": {"C": 14.9404526817221, "epsilon": 0.8816940382160358, "gamma": 363.95148336991804}}
{"target": 63.50852064357614, "params": {"C": 936.3996957962746, "epsilon": 0.22541261059999898, "gamma": 427.3268227257083}}
{"target": 71.29769420925386, "params": {"C": 4670.38052816924, "epsilon": 99.77333748278696, "gamma": 177.8042673775862}}
{"target": 59.24299657776122, "params": {"C": 31.70425665621015, "epsilon": 4.207216255878371, "gamma": 305.1822141949259}}
{"target": 58.670581561015844, "params": {"C": 10.164823547348945, "epsilon": 3.2585360759249147, "gamma": 330.3026623947482}}
{"target": 64.20621021499332, "params": {"C": 1076.9991962828992, "epsilon": 14.059123430806562, "gamma": 366.2009427330091}}
{"target": 63.456040993167186, "params": {"C": 165.33560775428344, "epsilon": 1.1605391058195895, "gamma": 283.32383422579846}}
{"target": 64.15836546150051, "params": {"C": 933.721225429922, "epsilon": 13.062731370294422, "gamma": 373.1557794432155}}
{"target": 64.16737333737278, "params": {"C": 722.7158131412826, "epsilon": 13.249457690520249, "gamma": 307.3566611368824}}
{"target": 59.6063751995923, "params": {"C": 29.91884017031514, "epsilon": 15.67799127616068, "gamma": 338.53979487495366}}
{"target": 64.39170076510383, "params": {"C": 833.046794813786, "epsilon": 18.004137400552896, "gamma": 301.9168736911784}}
{"target": 63.51863316428139, "params": {"C": 211.24809875864025, "epsilon": 0.4301496367521885, "gamma": 358.8466967225828}}
{"target": 64.4102503468308, "params": {"C": 726.6243407057098, "epsilon": 18.38208758185322, "gamma": 343.0311726316157}}
{"target": 63.51328211265049, "params": {"C": 217.96424922258356, "epsilon": 0.32227764682398563, "gamma": 347.64929148817254}}
{"target": 59.1523278618803, "params": {"C": 1.3293440137017516, "epsilon": 10.5086262263359, "gamma": 397.02372684627863}}
{"target": 64.43197252695072, "params": {"C": 714.6160586349763, "epsilon": 18.839349925985367, "gamma": 345.13986762279467}}
{"target": 61.73919646018813, "params": {"C": 105.36297552056546, "epsilon": 0.3551559871565258, "gamma": 356.2315133492611}}
{"target": 63.50603338554843, "params": {"C": 599.5862200152756, "epsilon": 0.17488252797351922, "gamma": 405.72097146449175}}
{"target": 63.52194946518862, "params": {"C": 987.2454028065666, "epsilon": 0.4970030335696838, "gamma": 393.32687906973945}}
{"target": 61.73223772127278, "params": {"C": 76.07374217231454, "epsilon": 18.601822028421026, "gamma": 304.9547776838505}}
{"target": 63.51320052589949, "params": {"C": 288.420215949898, "epsilon": 0.3206231898663652, "gamma": 417.12464584442256}}
{"target": 61.752288003846175, "params": {"C": 66.91811019691959, "epsilon": 25.410946311326764, "gamma": 349.64214155296634}}
{"target": 62.66452394324026, "params": {"C": 123.71307793194082, "epsilon": 0.8754668430680543, "gamma": 416.94737115467666}}
{"target": 63.51000099763256, "params": {"C": 172.14834738280422, "epsilon": 1.4197015976485203, "gamma": 388.0992049326683}}
{"target": 59.124950953771965, "params": {"C": 39.06483780368483, "epsilon": 0.15179145324993648, "gamma": 400.1109466323865}}
{"target": 64.50998204954745, "params": {"C": 634.2410689090119, "epsilon": 20.449784133026625, "gamma": 381.2256062616623}}
{"target": 63.53667097286249, "params": {"C": 739.3726537433713, "epsilon": 0.7959461854924441, "gamma": 319.5841704277576}}
{"target": 60.32995572297282, "params": {"C": 55.93164605448819, "epsilon": 16.297172142982433, "gamma": 349.8236897484743}}
{"target": 64.09678073055814, "params": {"C": 853.1071125153809, "epsilon": 11.79305056244821, "gamma": 372.9577771462892}}
{"target": 63.82569767517593, "params": {"C": 817.1879050784837, "epsilon": 6.454686183777238, "gamma": 298.14438424795264}}
{"target": 63.540961900809314, "params": {"C": 1089.0598491709136, "epsilon": 0.8840726707103048, "gamma": 280.66722114322477}}
{"target": 68.57055706249483, "params": {"C": 1169.8836320528944, "epsilon": 73.23497977181317, "gamma": 370.7024249723552}}
{"target": 63.53393084862812, "params": {"C": 1062.1087167868134, "epsilon": 0.7396698926165294, "gamma": 335.0205986969117}}
{"target": 64.29197299940913, "params": {"C": 976.6376378513992, "epsilon": 15.86625166940193, "gamma": 411.28757342527973}}
{"target": 63.550831695839655, "params": {"C": 1021.1751268384998, "epsilon": 1.0865130246089312, "gamma": 364.15419891824024}}
{"target": 59.32158706815019, "params": {"C": 51.40986135102642, "epsilon": 0.4218023092898121, "gamma": 435.2658277153465}}
{"target": 59.58221302218266, "params": {"C": 19.93522388783596, "epsilon": 26.23369645144306, "gamma": 308.24757917292726}}
{"target": 60.80679013800959, "params": {"C": 87.08918979639384, "epsilon": 1.849572169299946, "gamma": 329.3414059330022}}
{"target": 61.91945508723836, "params": {"C": 104.56286226895487, "epsilon": 2.6146710383196856, "gamma": 321.2124665997226}}
{"target": 59.73331090974598, "params": {"C": 30.97886606212112, "epsilon": 21.38655075526552, "gamma": 335.10933985297606}}
{"target": 59.68242983450117, "params": {"C": 26.429794967887336, "epsilon": 21.906518204755372, "gamma": 425.75612937212503}}
{"target": 59.36020594060776, "params": {"C": 54.367850170024056, "epsilon": 0.12017441267108264, "gamma": 427.5518180660315}}
{"target": 59.66132430023083, "params": {"C": 34.58766162917607, "epsilon": 15.096472609855798, "gamma": 298.5167748969218}}
{"target": 64.47785928725244, "params": {"C": 587.045458941787, "epsilon": 19.786791121114213, "gamma": 398.4852474052867}}
{"target": 59.20782221109463, "params": {"C": 19.818580989786863, "epsilon": 5.592210353900661, "gamma": 316.72924269024514}}
{"target": 64.33923837434587, "params": {"C": 829.0960071867144, "epsilon": 16.88355622137376, "gamma": 415.9422309606864}}
{"target": 64.45300065431887, "params": {"C": 376.06167228230464, "epsilon": 19.271639205085368, "gamma": 293.3629440552613}}
{"target": 63.5602725063104, "params": {"C": 690.5216732480444, "epsilon": 1.2804916560575237, "gamma": 302.3009800657271}}
{"target": 59.32526912001494, "params": {"C": 46.868920861475, "epsilon": 2.2027034383602953, "gamma": 328.66976329214924}}
{"target": 64.3064892429, "params": {"C": 687.8841890979247, "epsilon": 16.174314150084896, "gamma": 401.47068396204}}
{"target": 63.59431554010077, "params": {"C": 950.7941437902074, "epsilon": 1.9729022770658187, "gamma": 240.19781379851048}}
{"target": 63.529160014248205, "params": {"C": 201.31648712853973, "epsilon": 0.6425663477704227, "gamma": 304.55036272807786}}
{"target": 59.70263583977228, "params": {"C": 33.48752123808052, "epsilon": 17.564568696903056, "gamma": 382.0979111735177}}
{"target": 64.31887523199802, "params": {"C": 137.33477042384112, "epsilon": 20.194833779713957, "gamma": 399.060844512624}}
{"target": 63.50225603335036, "params": {"C": 663.7633047584543, "epsilon": 0.09731069482338561, "gamma": 358.2467180650496}}
{"target": 64.54042082881593, "params": {"C": 760.4124226592435, "epsilon": 21.04115735765358, "gamma": 288.8575177743829}}
{"target": 60.02844445321639, "params": {"C": 45.007622334603475, "epsilon": 18.825436092166402, "gamma": 244.82897722058865}}
{"target": 59.57765842986428, "params": {"C": 21.240917507314336, "epsilon": 15.98465675192358, "gamma": 249.17421452645453}}
{"target": 59.580881370348685, "params": {"C": 59.64383453466191, "epsilon": 1.9720857417894697, "gamma": 295.9314585052347}}
{"target": 61.93799825231548, "params": {"C": 107.69655686046411, "epsilon": 1.0386804054188128, "gamma": 298.21752219516515}}
{"target": 59.50271404360204, "params": {"C": 12.683518298157505, "epsilon": 12.638654636582576, "gamma": 349.33546846498746}}
{"target": 59.458761683774995, "params": {"C": 15.030011594235313, "epsilon": 10.86373478784731, "gamma": 217.91254316754635}}
{"target": 59.947191088633794, "params": {"C": 68.89228058021665, "epsilon": 2.7266142908926647, "gamma": 398.3666599485349}}
{"target": 64.25545215875434, "params": {"C": 579.7051244514162, "epsilon": 15.087013641365386, "gamma": 355.20601142072394}}
{"target": 59.601899241872744, "params": {"C": 31.798179269678535, "epsilon": 14.591286897068771, "gamma": 275.40897672604785}}
