{"target": 69.3463725751659, "params": {"C": 4367.731910156781, "epsilon": 81.7856819907299, "gamma": 154.1591460849905}}
{"target": 59.81425604236299, "params": {"C": 32.304086079487554, "epsilon": 24.06700351923527, "gamma": 370.4731616872771}}
{"target": 59.101639768449175, "params": {"C": 35.77224235086715, "epsilon": 0.31885400126076036, "gamma": 304.11946227046815}}
{"target": 63.38302670656967, "params": {"C": 158.99209002305545, "epsilon": 0.7078029351402622, "gamma": 369.84680508953477}}
{"target": 64.41120250613764, "params": {"C": 916.3079470450141, "epsilon": 18.402151667304647, "gamma": 139.98501039358706}}
{"target": 59.44908464152702, "params": {"C": 41.70916025380786, "epsilon": 6.174993126967136, "gamma": 407.58403034217594}}
{"target": 64.60185527483529, "params": {"C": 1020.617386533163, "epsilon": 22.225125029522665, "gamma": 158.3762031463524}}
{"target": 62.173598615339166, "params": {"C": 112.4025997926467, "epsilon": 0.8283747952637723, "gamma": 357.4409544878858}}
{"target": 59.8183709447669, "params": {"C": 68.45809716635335, "epsilon": 1.0013684956117626, "gamma": 328.7785094647792}}
{"target": 63.58778889633072, "params": {"C": 1238.7039113692576, "epsilon": 1.84124426053714, "gamma": 75.3181022321823}}
{"target": 63.54070830017339, "params": {"C": 1113.8841169945485, "epsilon": 0.8788642558584028, "gamma": 111.61632143623211}}
{"target": 63.52869839330113, "params": {"C": 633.4514034518619, "epsilon": 0.6331749267472064, "gamma": 119.8769974318839}}
{"target": 59.22165766225642, "params": {"C": 29.04297038279886, "epsilon": 3.693436367869357, "gamma": 254.14951638853302}}
{"target": 59.5541490062727, "params": {"C": 17.25565541880903, "epsilon": 11.758087252134196, "gamma": 184.9306983594495}}
{"target": 59.32088803409228, "params": {"C": 49.53773707515553, "epsilon": 1.010833909319673, "gamma": 253.0892101829984}}
{"target": 59.57897869067337, "params": {"C": 26.297172551017535, "epsilon": 15.728165477062134, "gamma": 209.09148018432063}}
{"target": 64.48196801984182, "params": {"C": 819.2650988597289, "epsilon": 19.871617798738892, "gamma": 211.9582430490332}}
{"target": 61.76175756300491, "params": {"C": 65.51802014746075, "epsilon": 26.45346970533031, "gamma": 309.8809613694305}}
{"target": 65.42010243514615, "params": {"C": 2491.545240173395, "epsilon": 36.617931782408164, "gamma": 382.28686572625924}}
{"target": 63.51644883402091, "params": {"C": 604.1965368407602, "epsilon": 0.38611566584192136, "gamma": 146.26733593272775}}
{"target": 64.445372308062, "params": {"C": 819.6749149762353, "epsilon": 19.114711500244503, "gamma": 190.13659015208663}}
{"target": 63.55699232587129, "params": {"C": 281.9345356093668, "epsilon": 1.2123326976128865, "gamma": 161.1273490258555}}
{"target": 64.33309783543577, "params": {"C": 864.9522774897589, "epsilon": 16.75288003993388, "gamma": 331.65963371611787}}
{"target": 64.1620075654214, "params": {"C": 149.10730290117843, "epsilon": 15.49108013996627, "gamma": 321.5751124288772}}
{"target": 64.50287750986813, "params": {"C": 642.0568935728953, "epsilon": 20.30257932309103, "gamma": 333.51623307691847}}
{"target": 64.36196512024954, "params": {"C": 822.1646267327617, "epsilon": 17.372597426531698, "gamma": 292.6317430340215}}
{"target": 58.759529357709994, "params": {"C": 20.466817506293726, "epsilon": 0.40090771187568075, "gamma": 229.70995884217797}}
{"target": 61.15810682645764, "params": {"C": 60.605817405165055, "epsilon": 23.877265073131937, "gamma": 211.1280837584544}}
{"target": 64.30699631536552, "params": {"C": 878.4342442220637, "epsilon": 16.18520431901159, "gamma": 405.5609272753611}}
{"target": 63.535735301965715, "params": {"C": 1021.3643277910766, "epsilon": 0.7767295059127675, "gamma": 295.18783892658723}}
{"target": 62.23612107984434, "params": {"C": 92.43728829834492, "epsilon": 12.769712618691635, "gamma": 268.05606677569904}}
{"target": 59.74459167185209, "params": {"C": 33.78444817362054, "epsilon": 19.889536124075313, "gamma": 279.876394062567}}
{"target": 64.94395828833063, "params": {"C": 1219.1305226036875, "epsilon": 28.448734629469882, "gamma": 76.74152359218525}}
{"target": 59.579304109954705, "params": {"C": 62.858539463556866, "epsilon": 0.18750111751257004, "gamma": 243.97286476952968}}
{"target": 63.41529637035175, "params": {"C": 152.2312600387022, "epsilon": 2.469008334084721, "gamma": 130.9031194819374}}
{"target": 70.22860785424979, "params": {"C": 3961.111949033279, "epsilon": 91.00459972528103, "gamma": 274.74241837816066}}
{"target": 61.214921193756005, "params": {"C": 96.85697750969982, "epsilon": 0.14900918960204113, "gamma": 249.58823656261714}}
{"target": 58.52061360181252, "params": {"C": 11.250423903692056, "epsilon": 0.8520014561629252, "gamma": 386.40331741788043}}
{"target": 63.60738803297312, "params": {"C": 911.8834894778679, "epsilon": 2.236108998508215, "gamma": 241.21492033621007}}
{"target": 63.80517862539266, "params": {"C": 821.8927623121253, "epsilon": 6.06040941349697, "gamma": 424.607970543062}}
{"target": 59.33968040559523, "params": {"C": 7.558060717324905, "epsilon": 14.13188687282404, "gamma": 367.04762105628697}}
{"target": 63.90307535689159, "params": {"C": 1010.2454675384206, "epsilon": 7.954090216250027, "gamma": 444.8687381782855}}
{"target": 63.56586226132932, "params": {"C": 778.786813441668, "epsilon": 1.3953671904257172, "gamma": 230.04313491470444}}
{"target": 60.7919444269664, "params": {"C": 80.82995835122092, "epsilon": 5.64053395320585, "gamma": 450.8399038537408}}
{"target": 63.52538498239487, "params": {"C": 750.1466106083744, "epsilon": 0.5662597148804749, "gamma": 418.53716410585093}}
{"target": 63.83928426328664, "params": {"C": 845.033974410425, "epsilon": 6.716662764129145, "gamma": 382.04301793169583}}
{"target": 63.53424081877476, "params": {"C": 283.0589201814749, "epsilon": 0.7460360166548259, "gamma": 328.9443592104958}}
{"target": 66.99774672168891, "params": {"C": 1554.1957716420145, "epsilon": 56.316396403760876, "gamma": 475.043644351961}}
{"target": 74.48860904461988, "params": {"C": 4290.89728767858, "epsilon": 117.88461005829147, "gamma": 57.26234387731142}}
{"target": 59.305912031811104, "params": {"C": 49.889642955595136, "epsilon": 0.5028613397933863, "gamma": 182.87677599112973}}
{"target": 63.589998975625505, "params": {"C": 327.1840005763972, "epsilon": 1.8857253473283682, "gamma": 384.0881699643836}}
{"target": 70.72438198214618, "params": {"C": 5746.12386309381, "epsilon": 95.26417587122174, "gamma": 464.34656247264127}}
{"target": 63.809234146471816, "params": {"C": 132.22355980395722, "epsilon": 13.26279008050972, "gamma": 331.22155956657446}}
{"target": 61.774547690066264, "params": {"C": 74.69918546298946, "epsilon": 20.050896306873188, "gamma": 377.9055337616372}}
{"target": 61.098121095194095, "params": {"C": 91.88001071985624, "epsilon": 1.9149485120004652, "gamma": 369.5753304768052}}
{"target": 59.10194799176783, "params": {"C": 29.50463227132899, "epsilon": 1.1476986838967784, "gamma": 322.1363265707516}}
{"target": 59.69128317206906, "params": {"C": 49.210877334107884, "epsilon": 8.689175132600976, "gamma": 404.8266314739396}}
{"target": 62.88954974991602, "params": {"C": 130.13823788040838, "epsilon": 1.2903861682906936, "gamma": 327.25122006811245}}
{"target": 59.33459039284348, "params": {"C": 51.855995278328805, "epsilon": 0.6938914007217165, "gamma": 286.9450532145152}}
{"target": 64.19544172350007, "params": {"C": 2396.8809749942807, "epsilon": 13.833013698204642, "gamma": 261.71460493915856}}
{"target": 59.33626393948225, "params": {"C": 51.284072342995884, "epsilon": 0.9574645492407902, "gamma": 201.58516495038327}}
{"target": 64.14005384663149, "params": {"C": 860.6007600201807, "epsilon": 12.687734386226923, "gamma": 308.2466279308702}}
{"target": 64.26651870665407, "params": {"C": 817.5663554016456, "epsilon": 15.31968168133554, "gamma": 251.7891975462365}}
{"target": 60.231175405948704, "params": {"C": 52.5322454667038, "epsilon": 16.910230367205795, "gamma": 285.56520580474296}}
{"target": 59.98297912751646, "params": {"C": 74.34919263403852, "epsilon": 0.09106058121237792, "gamma": 161.63383201637305}}
{"target": 66.47984928063138, "params": {"C": 1523.2867510962321, "epsilon": 50.39782009353458, "gamma": 239.1608638944235}}
{"target": 59.35902457399099, "params": {"C": 30.22526079931763, "epsilon": 6.595534842892604, "gamma": 285.62284803521135}}
{"target": 72.27358854309468, "params": {"C": 3788.2097117885087, "epsilon": 106.33249741403111, "gamma": 381.3511622653018}}
{"target": 59.592488761164006, "params": {"C": 22.924362402410807, "epsilon": 17.337040914774445, "gamma": 371.1885262766122}}
{"target": 59.32876901028226, "params": {"C": 48.565737588695, "epsilon": 1.6072414913806023, "gamma": 189.40596924081862}}
{"target": 64.18653821083512, "params": {"C": 962.4158068403908, "epsilon": 13.647371650973014, "gamma": 251.3572359559457}}
{"target": 64.34087435156314, "params": {"C": 1026.6758311713477, "epsilon": 16.918406065282028, "gamma": 251.01125915811258}}
{"target": 58.574437410269766, "params": {"C": 14.298184786964576, "epsilon": 0.17952389816609698, "gamma": 268.50474037566164}}
{"target": 63.58024428176416, "params": {"C": 920.6498136583642, "epsilon": 1.6888460382551436, "gamma": 219.83598691154512}}
{"target": 59.54300689159108, "params": {"C": 59.21589715106791, "epsilon": 1.4505010178658795, "gamma": 125.92716517395775}}
{"target": 63.5629573906034, "params": {"C": 960.0320760428523, "epsilon": 1.3361545493779934, "gamma": 350.58187820965014}}
{"target": 60.07107629706835, "params": {"C": 46.88081141147915, "epsilon": 18.244093699775846, "gamma": 150.2667594109234}}
{"target": 61.84385711220544, "params": {"C": 81.90060262395852, "epsilon": 15.695676683043205, "gamma": 282.58670806144653}}
{"target": 63.5021608071793, "params": {"C": 215.87280315081082, "epsilon": 0.0953438244825513, "gamma": 378.77522793882065}}
{"target": 58.38889693197734, "params": {"C": 6.063605723415037, "epsilon": 2.715247737504685, "gamma": 425.2194747852566}}
{"target": 64.04147278501846, "params": {"C": 1274.620242222255, "epsilon": 10.685741799328142, "gamma": 174.5900178806416}}
{"target": 71.89630888181594, "params": {"C": 203.4654153239676, "epsilon": 104.0118175744974, "gamma": 139.20297311661088}}
{"target": 59.8605878656148, "params": {"C": 68.92021109333433, "epsilon": 1.4103744284366393, "gamma": 276.6827640961877}}
{"target": 63.575760225472024, "params": {"C": 915.9841333204446, "epsilon": 1.5975640986678092, "gamma": 152.10264445268513}}
{"target": 61.60253866476866, "params": {"C": 86.14997216786574, "epsilon": 10.446896586002048, "gamma": 455.08505753029516}}
{"target": 59.78204844130515, "params": {"C": 5.62564177171388, "epsilon": 25.387479051619962, "gamma": 203.26422415648358}}
{"target": 64.41057446154268, "params": {"C": 132.44260954604283, "epsilon": 22.60283506835656, "gamma": 454.7664672008106}}
{"target": 63.75775211950871, "params": {"C": 911.7652924891903, "epsilon": 5.153395158036201, "gamma": 450.2819613543103}}
{"target": 72.08135671769949, "params": {"C": 241.58315753530223, "epsilon": 105.19042927144301, "gamma": 342.9570877271956}}
{"target": 64.65023749556353, "params": {"C": 338.99550884886844, "epsilon": 23.14363813795631, "gamma": 457.48588054605614}}
{"target": 59.36863954936898, "params": {"C": 48.62688923780703, "epsilon": 2.4843166052606014, "gamma": 378.01623861975827}}
{"target": 58.676115904366455, "params": {"C": 11.378118585632656, "epsilon": 2.9941269359523717, "gamma": 477.93922642215193}}
{"target": 61.62512036299464, "params": {"C": 102.06058146588063, "epsilon": 1.1319703431824073, "gamma": 432.06538707844817}}
{"target": 63.5188777342551, "params": {"C": 163.63072338295464, "epsilon": 2.486890136061195, "gamma": 402.46615151422037}}
{"target": 61.752611331694766, "params": {"C": 96.5572088981776, "epsilon": 5.6671604000271785, "gamma": 416.5292301640228}}
{"target": 64.17339936837564, "params": {"C": 471.72079489277445, "epsilon": 13.37444739899366, "gamma": 477.0335690125139}}
{"target": 62.056976137169514, "params": {"C": 85.33873192527587, "epsilon": 15.61571600578118, "gamma": 465.84993379200284}}
{"target": 63.650434939946436, "params": {"C": 1030.8635556072252, "epsilon": 3.098512790912142, "gamma": 462.858770687611}}
{"target": 66.52185497195015, "params": {"C": 4279.610230191834, "epsilon": 50.89598184247601, "gamma": 397.3695350947339}}
{"target": 63.57582810132067, "params": {"C": 964.7658001359322, "epsilon": 1.5989458474075415, "gamma": 260.1643487304841}}
{"target": 64.09491413825887, "params": {"C": 1055.9989855969518, "epsilon": 11.755514327336305, "gamma": 455.48114832650845}}
{"target": 63.69885372246311, "params": {"C": 1003.4347519866857, "epsilon": 4.04163300548291, "gamma": 180.85176488810532}}
{"target": 64.47179779614066, "params": {"C": 742.8980478007235, "epsilon": 19.661099284679466, "gamma": 130.0594284494548}}
{"target": 58.638953101397384, "params": {"C": 1.1932615125491672, "epsilon": 7.100590657742613, "gamma": 249.9538102933219}}
{"target": 63.966672160121945, "params": {"C": 160.45720725630233, "epsilon": 10.601056402986845, "gamma": 454.28775880121793}}
{"target": 63.78885099838935, "params": {"C": 431.22775694605167, "epsilon": 5.747229850324643, "gamma": 480.2465629493301}}
{"target": 63.46569903232081, "params": {"C": 156.0388087728191, "epsilon": 2.5926683878100185, "gamma": 466.2565780705934}}
{"target": 59.56971428151843, "params": {"C": 59.478306771309285, "epsilon": 1.8403910622016495, "gamma": 488.3504820844899}}
{"target": 68.89876974414287, "params": {"C": 4105.626671291764, "epsilon": 76.96751616706419, "gamma": 48.56014396863486}}
{"target": 64.17148164447505, "params": {"C": 939.1774051937241, "epsilon": 13.33467067843896, "gamma": 196.1783529287549}}
{"target": 59.40943316603049, "params": {"C": 27.259536919431856, "epsilon": 7.619283214771914, "gamma": 157.2182509093164}}
{"target": 61.73445470946164, "params": {"C": 104.41933666975856, "epsilon": 0.8371498500341366, "gamma": 213.2754901578093}}
{"target": 60.03964481436806, "params": {"C": 53.510203863035855, "epsilon": 12.883010043574547, "gamma": 231.94289706481268}}
{"target": 63.536011727578355, "params": {"C": 898.01578589566, "epsilon": 0.7824066969454311, "gamma": 171.4943171638477}}
{"target": 59.212982232167654, "params": {"C": 13.054578778995692, "epsilon": 8.409610324617706, "gamma": 485.9612461441327}}
{"target": 64.4221297570249, "params": {"C": 241.87916975624665, "epsilon": 18.635024659313427, "gamma": 201.30805434337125}}
{"target": 64.48494034899672, "params": {"C": 283.1875280130067, "epsilon": 19.93286638676892, "gamma": 122.24531948217049}}
{"target": 63.5955438085201, "params": {"C": 862.4880806397476, "epsilon": 1.997575823487922, "gamma": 177.61176784232376}}
{"target": 64.66721150091654, "params": {"C": 547.0272494555522, "epsilon": 23.46403354931618, "gamma": 159.9700968044368}}
{"target": 59.669199284118214, "params": {"C": 25.161291968157702, "epsilon": 22.743102787253132, "gamma": 175.1773839658324}}
{"target": 60.79428144608562, "params": {"C": 52.81227972055538, "epsilon": 25.72453994172321, "gamma": 131.5462252121536}}
{"target": 66.25944549458089, "params": {"C": 997.8094398117491, "epsilon": 47.771866827926544, "gamma": 130.1641998492438}}
{"target": 61.42986117999866, "params": {"C": 67.30867226094247, "epsilon": 21.752804941779544, "gamma": 112.47365284827619}}
{"target": 62.003203818801396, "params": {"C": 79.3969932883136, "epsilon": 19.149161701900127, "gamma": 214.3202085605183}}
{"target": 59.14620132100076, "params": {"C": 2.673300632627276, "epsilon": 16.011441799362416, "gamma": 193.06090388743593}}
{"target": 70.67754379336534, "params": {"C": 1661.650523661572, "epsilon": 94.88887551798823, "gamma": 352.8773893548137}}
{"target": 59.591118909098704, "params": {"C": 50.97693420173341, "epsilon": 5.897878989216578, "gamma": 114.80571464876292}}
{"target": 60.641516284062206, "params": {"C": 87.4161099618126, "epsilon": 0.011438372901705574, "gamma": 331.1407794009102}}
{"target": 62.45706228278234, "params": {"C": 119.86780815809428, "epsilon": 0.0814424657063651, "gamma": 228.35726795865224}}
{"target": 59.123426635993496, "params": {"C": 34.46458075574759, "epsilon": 1.264717283902369, "gamma": 407.22810408554176}}
{"target": 59.346888554933535, "params": {"C": 51.838639411995345, "epsilon": 1.02181409407137, "gamma": 149.46619920311326}}
{"target": 63.54643271841271, "params": {"C": 1097.7762721783192, "epsilon": 0.996431566652076, "gamma": 271.95957411943124}}
{"target": 58.87657437755418, "params": {"C": 21.545865813780484, "epsilon": 1.4242880224772758, "gamma": 247.08194711475687}}
{"target": 59.91604774730482, "params": {"C": 72.04790352893704, "epsilon": 0.5319961330021112, "gamma": 230.9575238777905}}
{"target": 63.523136939102166, "params": {"C": 401.6642079993957, "epsilon": 0.5209413512833061, "gamma": 240.94867634067546}}
{"target": 62.925885042947854, "params": {"C": 96.47743858425517, "epsilon": 17.51696034973894, "gamma": 258.9105689220543}}
{"target": 63.52169630183996, "params": {"C": 909.4022211136175, "epsilon": 0.4918995069962291, "gamma": 272.8417332628632}}
{"target": 59.62226028458595, "params": {"C": 63.458917573820294, "epsilon": 0.6149891750873784, "gamma": 313.59074022087145}}
{"target": 64.48622928563904, "params": {"C": 765.3083308796283, "epsilon": 19.959426550634547, "gamma": 258.96776639643247}}
{"target": 59.0880393847619, "params": {"C": 30.449510360500273, "epsilon": 0.5570124140808108, "gamma": 328.67708792687074}}
{"target": 64.28950990849857, "params": {"C": 1010.8167291942003, "epsilon": 15.814075662491904, "gamma": 295.71810230299957}}
{"target": 64.50941816261636, "params": {"C": 823.3582507403493, "epsilon": 20.438136518692293, "gamma": 268.52456541598497}}
{"target": 63.49934991275993, "params": {"C": 994.0725902649195, "epsilon": 0.03728557415504552, "gamma": 244.44204334210426}}
{"target": 59.82688389371492, "params": {"C": 33.34933936638907, "epsilon": 23.320043691036044, "gamma": 333.2272793241014}}
{"target": 64.48338793907774, "params": {"C": 882.651063053697, "epsilon": 19.900877024010036, "gamma": 322.77473074713026}}
{"target": 59.695922474394, "params": {"C": 41.64206351045774, "epsilon": 13.182374020563705, "gamma": 240.6422744299696}}
{"target": 64.44956676966032, "params": {"C": 838.0422233847215, "epsilon": 19.200998515735943, "gamma": 388.17351007636444}}
{"target": 59.65764068984811, "params": {"C": 43.48879396791857, "epsilon": 11.134854085335405, "gamma": 285.98693092847697}}
{"target": 64.68317293891666, "params": {"C": 1138.5896256787541, "epsilon": 23.761193542250567, "gamma": 376.8174427940107}}
{"target": 74.60716878359628, "params": {"C": 2846.096692700205, "epsilon": 118.41262937364422, "gamma": 299.66895146497575}}
{"target": 63.57100656807644, "params": {"C": 775.4736945755518, "epsilon": 1.500512878484984, "gamma": 224.34174832951504}}
{"target": 64.77429828525544, "params": {"C": 954.0640250646284, "epsilon": 25.45162949754639, "gamma": 483.93290301015713}}
{"target": 65.14634798041884, "params": {"C": 1816.707217869595, "epsilon": 31.913013235073983, "gamma": 496.3204815570391}}
{"target": 63.57240781656461, "params": {"C": 1308.4945113154872, "epsilon": 1.5292043117670802, "gamma": 359.1847457186258}}
{"target": 59.82960385810968, "params": {"C": 41.04600245734906, "epsilon": 16.974814675473315, "gamma": 262.61400527044515}}
{"target": 63.50059568158936, "params": {"C": 768.520164956881, "epsilon": 0.06301658633387408, "gamma": 338.35109662671437}}
{"target": 63.50608031277547, "params": {"C": 1621.4949569490507, "epsilon": 0.17583588167964592, "gamma": 404.9851701040386}}
{"target": 63.49866386401982, "params": {"C": 489.6903100710223, "epsilon": 0.023115426317200427, "gamma": 254.64311780868655}}
{"target": 63.53997388073699, "params": {"C": 597.833271693575, "epsilon": 0.8637808509987241, "gamma": 184.80837866218053}}
{"target": 63.55275493486248, "params": {"C": 1960.1767274474346, "epsilon": 1.1257916866495488, "gamma": 215.08700499743188}}
{"target": 63.60015112784699, "params": {"C": 846.7166019758738, "epsilon": 2.0901279932612593, "gamma": 284.62204195337256}}
{"target": 60.16138387278907, "params": {"C": 59.168428936823304, "epsilon": 11.324282822400535, "gamma": 227.98294241095206}}
{"target": 62.71809650716269, "params": {"C": 123.53088277867684, "epsilon": 1.6237223790453803, "gamma": 203.46180259097753}}
{"target": 63.51330602993564, "params": {"C": 1145.1389982441615, "epsilon": 0.3227597960028641, "gamma": 465.9739024332409}}
{"target": 73.76097132715567, "params": {"C": 5819.078722668339, "epsilon": 114.2307393759138, "gamma": 366.93237387058116}}
{"target": 63.55762830777282, "params": {"C": 205.03838048254568, "epsilon": 1.2253848244091423, "gamma": 239.45635810177785}}
{"target": 67.28630993043595, "params": {"C": 3866.3909173406573, "epsilon": 59.43048046456671, "gamma": 295.47743767377}}
{"target": 59.945763116412124, "params": {"C": 45.766773574509585, "epsilon": 16.528747362593585, "gamma": 256.7064864507099}}
{"target": 64.19242759596148, "params": {"C": 5710.021710269801, "epsilon": 13.770167849832973, "gamma": 120.61585554885983}}
{"target": 64.405107439183, "params": {"C": 133.31771683903048, "epsilon": 22.336504320444515, "gamma": 290.9931568728656}}
{"target": 64.1798528575166, "params": {"C": 829.3720158984078, "epsilon": 13.50830328622862, "gamma": 297.61692206460026}}
{"target": 58.859792963280725, "params": {"C": 23.021221573307784, "epsilon": 0.4322561255779589, "gamma": 155.55390725075824}}
{"target": 65.72314040785446, "params": {"C": 795.0063445170543, "epsilon": 41.17531962929045, "gamma": 261.2252717860563}}
{"target": 63.5057248435221, "params": {"C": 586.7391125448494, "epsilon": 0.16861431859848652, "gamma": 287.0263736733248}}
{"target": 59.1677117281479, "params": {"C": 42.140656349297906, "epsilon": 0.040608590914267495, "gamma": 248.44675679216212}}
