{"target": 64.27086944674517, "params": {"C": 1522.7314403065002, "epsilon": 15.41330988615587, "gamma": 438.5220852604482}}
{"target": 64.25746901328166, "params": {"C": 734.3036070859123, "epsilon": 15.128883738928703, "gamma": 452.98959801948354}}
{"target": 63.57832062450027, "params": {"C": 797.1343223665298, "epsilon": 1.6496861449091438, "gamma": 398.0984205551722}}
{"target": 59.10745816277887, "params": {"C": 6.192632312727941, "epsilon": 12.687738835456143, "gamma": 331.00580565895996}}
{"target": 64.0846808628776, "params": {"C": 740.3844976519308, "epsilon": 11.550571519575577, "gamma": 392.95002712480425}}
{"target": 64.39507494498605, "params": {"C": 668.6766189835993, "epsilon": 18.07262315824766, "gamma": 392.6892658062365}}
{"target": 63.55597660090515, "params": {"C": 776.3424402259221, "epsilon": 1.1915883610025622, "gamma": 282.3652454188944}}
{"target": 67.62685402284959, "params": {"C": 1135.344272544143, "epsilon": 62.98944251879533, "gamma": 202.26797859609766}}
{"target": 63.5277987003661, "params": {"C": 192.85899913174464, "epsilon": 0.6329176190598633, "gamma": 384.1677961006377}}
{"target": 59.492910983609455, "params": {"C": 32.73078475441047, "epsilon": 10.29416946188411, "gamma": 405.2058511934691}}
{"target": 63.50832893089783, "params": {"C": 1013.308573633658, "epsilon": 0.22151785687322612, "gamma": 354.55532903056917}}
{"target": 64.90414295941545, "params": {"C": 781.270969329776, "epsilon": 27.74788134305341, "gamma": 348.44060173175365}}
{"target": 63.939873016174076, "params": {"C": 883.8113025020597, "epsilon": 8.669864110088678, "gamma": 122.78315186925317}}
{"target": 65.0059923986922, "params": {"C": 721.9527085680072, "epsilon": 29.524777780180305, "gamma": 303.7338526710793}}
{"target": 58.4465151397937, "params": {"C": 7.680580702452571, "epsilon": 2.320952704185629, "gamma": 375.2928711497915}}
{"target": 59.57411560137624, "params": {"C": 13.192064610879454, "epsilon": 33.146998278615854, "gamma": 192.23763499326043}}
{"target": 60.5741734958518, "params": {"C": 40.001417184300216, "epsilon": 32.39629825359907, "gamma": 242.93060054586005}}
{"target": 59.8711863263375, "params": {"C": 37.61671187154157, "epsilon": 20.910248616862216, "gamma": 452.24560788762534}}
{"target": 64.36823406278518, "params": {"C": 873.265174859449, "epsilon": 17.51048864489576, "gamma": 224.2396975005285}}
{"target": 59.107341358604515, "params": {"C": 33.1934757863009, "epsilon": 0.8180636211050647, "gamma": 415.9014095200698}}
{"target": 59.103968370550376, "params": {"C": 6.559737081470096, "epsilon": 10.12881145152027, "gamma": 225.99390099818947}}
{"target": 64.50667839909815, "params": {"C": 240.75051454298927, "epsilon": 20.381289595401704, "gamma": 218.54232910458614}}
{"target": 63.568687023086454, "params": {"C": 630.0059008232123, "epsilon": 1.4530187538597694, "gamma": 398.6396148476372}}
{"target": 59.716702791368526, "params": {"C": 35.809840958283495, "epsilon": 17.21262195620988, "gamma": 308.23996333964095}}
{"target": 64.18520585725665, "params": {"C": 1491.9606782286785, "epsilon": 13.619591508998754, "gamma": 306.4631948703973}}
{"target": 62.632234561264966, "params": {"C": 122.67436639965936, "epsilon": 0.935802256419067, "gamma": 362.8131520802668}}
{"target": 63.51608437996598, "params": {"C": 645.5412753656268, "epsilon": 0.3787686270056082, "gamma": 251.84951236054917}}
{"target": 59.579624969154644, "params": {"C": 8.048070328317618, "epsilon": 26.235566658161865, "gamma": 349.3879311736863}}
{"target": 63.53397171783304, "params": {"C": 1104.2312036166472, "epsilon": 0.7405092565216977, "gamma": 93.95457998238052}}
{"target": 59.45461531294463, "params": {"C": 58.323987128464374, "epsilon": 0.06916983214276329, "gamma": 399.95309979370325}}
{"target": 63.69373953725333, "params": {"C": 985.4223137542424, "epsilon": 3.943537628792716, "gamma": 140.26443315454821}}
{"target": 64.01867872284822, "params": {"C": 760.3690042712403, "epsilon": 10.228137310761404, "gamma": 323.62178045767615}}
{"target": 59.63047031269555, "params": {"C": 15.15097118741156, "epsilon": 14.192358968919176, "gamma": 193.86712265133312}}
{"target": 58.71739880478508, "params": {"C": 15.751999136678482, "epsilon": 2.3755655080188753, "gamma": 426.53620973748997}}
{"target": 60.383699706028814, "params": {"C": 54.462739088995825, "epsilon": 18.33119261797073, "gamma": 145.97135768645293}}
{"target": 63.581616402555696, "params": {"C": 680.5135334449606, "epsilon": 1.7167783029346815, "gamma": 334.1405612483192}}
{"target": 64.1729811766245, "params": {"C": 878.3329776821016, "epsilon": 13.365773420213767, "gamma": 441.5885840077017}}
{"target": 59.27369674948534, "params": {"C": 26.126635747167924, "epsilon": 4.8026860617591876, "gamma": 328.7450076355384}}
{"target": 63.565801141379595, "params": {"C": 707.7445380495313, "epsilon": 1.3941213264958043, "gamma": 228.8536740442176}}
{"target": 63.52963022552075, "params": {"C": 663.1431464916769, "epsilon": 0.6521325341672873, "gamma": 322.1878174820173}}
{"target": 60.163227068534, "params": {"C": 78.40068823694455, "epsilon": 0.05828431640355003, "gamma": 440.74714488340123}}
{"target": 63.52256287796587, "params": {"C": 536.1203220650367, "epsilon": 0.5093688378050601, "gamma": 228.40752625993352}}
{"target": 58.684520624677816, "params": {"C": 10.528138507183503, "epsilon": 3.3162936560244365, "gamma": 403.9005275378113}}
{"target": 63.517756386991344, "params": {"C": 1157.235671155872, "epsilon": 0.4124746604069084, "gamma": 424.08802112483903}}
{"target": 59.11067588481112, "params": {"C": 32.76391692928703, "epsilon": 0.9591542170741967, "gamma": 205.0921461193066}}
{"target": 61.22218217668351, "params": {"C": 96.64365294073062, "epsilon": 0.3437498597866564, "gamma": 378.9185009709914}}
{"target": 65.18242553809118, "params": {"C": 1043.3052981315955, "epsilon": 32.529906053762005, "gamma": 474.9243814363459}}
{"target": 63.60065680685268, "params": {"C": 1585.1108859557844, "epsilon": 2.100309605908384, "gamma": 499.21454056949676}}
{"target": 63.570882506983196, "params": {"C": 588.7681132519093, "epsilon": 1.4979726505324218, "gamma": 294.1312321313154}}
{"target": 64.24833756068985, "params": {"C": 787.1154458716629, "epsilon": 14.93944004034188, "gamma": 447.0293041613253}}
{"target": 59.81919526820879, "params": {"C": 6.622690036217007, "epsilon": 19.424488354099665, "gamma": 252.7161728024383}}
{"target": 59.717392045441066, "params": {"C": 34.59532725873628, "epsilon": 17.795524522441905, "gamma": 412.77266808215523}}
{"target": 59.83609435269915, "params": {"C": 46.50966880891185, "epsilon": 13.547678655835282, "gamma": 469.842726659289}}
{"target": 59.68292055378457, "params": {"C": 42.477746114261734, "epsilon": 12.380411759196997, "gamma": 266.1998991725288}}
{"target": 63.56429329437488, "params": {"C": 818.7454517092823, "epsilon": 1.363385499719163, "gamma": 393.73739076163633}}
{"target": 64.23510704473823, "params": {"C": 665.5808361468397, "epsilon": 14.662695277807622, "gamma": 412.65146002961455}}
{"target": 64.2099352428254, "params": {"C": 579.6185060338773, "epsilon": 14.13625701678233, "gamma": 360.24273401464325}}
{"target": 64.26373068883763, "params": {"C": 577.4649882029454, "epsilon": 15.259683359737188, "gamma": 337.8253040142483}}
{"target": 63.72113207032171, "params": {"C": 112.42635638776885, "epsilon": 19.2032480343338, "gamma": 345.59063268502086}}
{"target": 60.804472138517916, "params": {"C": 89.6010845129736, "epsilon": 0.30886811541728854, "gamma": 244.99182581072267}}
{"target": 59.47792011434491, "params": {"C": 36.55373333981076, "epsilon": 8.537068467497292, "gamma": 333.188386370918}}
{"target": 64.28208013038824, "params": {"C": 766.7339208692212, "epsilon": 15.654564514646477, "gamma": 362.55990687952374}}
{"target": 63.51510217961529, "params": {"C": 646.998725762572, "epsilon": 0.3589684244189251, "gamma": 491.38636858331574}}
{"target": 63.50459724928377, "params": {"C": 762.9715220690078, "epsilon": 0.14566786533335208, "gamma": 364.8475011305934}}
{"target": 63.578913124647116, "params": {"C": 1720.643180736784, "epsilon": 1.6617476711462384, "gamma": 290.99502063599925}}
{"target": 59.37033481693313, "params": {"C": 46.69610040388615, "epsilon": 3.124716162476481, "gamma": 449.99750032011076}}
{"target": 65.11987851371077, "params": {"C": 797.8824057686961, "epsilon": 31.464180788674774, "gamma": 420.3180497535724}}
{"target": 63.50307697116769, "params": {"C": 1123.4060252171348, "epsilon": 0.11426693941652971, "gamma": 390.1781935241852}}
{"target": 59.40043649350648, "params": {"C": 25.677978755058113, "epsilon": 7.037058088257365, "gamma": 302.56948302838896}}
{"target": 70.2610869974026, "params": {"C": 3677.1946908204795, "epsilon": 91.31775418078905, "gamma": 175.77528852609203}}
{"target": 64.35221302886865, "params": {"C": 473.71247591549263, "epsilon": 17.16089663561526, "gamma": 499.7611818376279}}
{"target": 64.19416012534201, "params": {"C": 857.9806319717482, "epsilon": 13.806291828449254, "gamma": 436.6735518089262}}
{"target": 58.808212781727185, "params": {"C": 22.131616434947787, "epsilon": 0.17398014574359338, "gamma": 390.34832838902594}}
{"target": 69.98371101515875, "params": {"C": 2621.3274760802847, "epsilon": 88.46722052446924, "gamma": 415.7334071837661}}
{"target": 59.21349621248796, "params": {"C": 44.956725573277566, "epsilon": 0.6228644827935308, "gamma": 305.4137413389191}}
{"target": 60.061297241277316, "params": {"C": 74.87267607780879, "epsilon": 0.853781138397301, "gamma": 449.14627591644506}}
{"target": 64.25986730873524, "params": {"C": 832.0941345874814, "epsilon": 15.17867258748423, "gamma": 365.4962757264491}}
{"target": 69.45231365458736, "params": {"C": 199.85218247373496, "epsilon": 82.94520104883091, "gamma": 162.87776088174488}}
{"target": 59.73040091410419, "params": {"C": 13.551657208831818, "epsilon": 18.10453607817242, "gamma": 328.5263506280634}}
{"target": 64.23108251852712, "params": {"C": 642.4149059851369, "epsilon": 14.578289586339805, "gamma": 141.93224846203427}}
{"target": 63.51345027826395, "params": {"C": 583.9030246220843, "epsilon": 0.3256677018256897, "gamma": 429.37888036919855}}
{"target": 63.506958241220865, "params": {"C": 626.8276887814081, "epsilon": 0.1936715048415827, "gamma": 372.9049608771181}}
{"target": 73.95024577834174, "params": {"C": 4496.431587608073, "epsilon": 115.20966544812265, "gamma": 230.81046087703493}}
{"target": 59.620279388124764, "params": {"C": 61.784062543352704, "epsilon": 1.5243551705705407, "gamma": 290.55222476234206}}
{"target": 59.6028830463884, "params": {"C": 18.300359325688422, "epsilon": 20.72042091116237, "gamma": 402.3447265181359}}
{"target": 64.36407203005793, "params": {"C": 826.698761062799, "epsilon": 17.418697285907456, "gamma": 232.21649436874523}}
{"target": 59.58351285605437, "params": {"C": 19.426592988467664, "epsilon": 14.148235717459109, "gamma": 91.75937615537899}}
{"target": 64.26857115398761, "params": {"C": 680.4403381394936, "epsilon": 15.363850479124904, "gamma": 183.39698773147862}}
{"target": 63.540976882148435, "params": {"C": 765.5432584356091, "epsilon": 0.884380355382568, "gamma": 146.86292027969156}}
{"target": 63.498319556222086, "params": {"C": 828.7713406016068, "epsilon": 0.01600384354901374, "gamma": 174.6531790383413}}
{"target": 63.53564597946752, "params": {"C": 761.3751825781471, "epsilon": 0.7748950127872697, "gamma": 394.2473122008606}}
{"target": 59.45250872237379, "params": {"C": 24.59288707450605, "epsilon": 8.40242838870556, "gamma": 344.2803051247362}}
{"target": 64.24235229096777, "params": {"C": 815.9096273924741, "epsilon": 14.81489868444722, "gamma": 384.22713014713355}}
{"target": 59.16120950272703, "params": {"C": 8.545190681266543, "epsilon": 10.956031120867864, "gamma": 343.3282348620502}}
{"target": 64.42087768180178, "params": {"C": 623.0366582818062, "epsilon": 18.60876042353915, "gamma": 377.8328548433}}
{"target": 61.60493712838196, "params": {"C": 73.50485416878796, "epsilon": 19.073792080255462, "gamma": 373.5762389760274}}
{"target": 63.504597065730465, "params": {"C": 533.603244545791, "epsilon": 0.14566407409063542, "gamma": 385.1263468672962}}
{"target": 59.542370962547395, "params": {"C": 17.847084880426245, "epsilon": 11.389888395586357, "gamma": 291.19308557517587}}
{"target": 59.54957370608363, "params": {"C": 21.501594822149556, "epsilon": 13.595599615027108, "gamma": 403.10892156529593}}
{"target": 63.5092715005574, "params": {"C": 1130.9710377174872, "epsilon": 0.24066670361598722, "gamma": 377.5291797280332}}
{"target": 70.38483118983568, "params": {"C": 3708.361504183311, "epsilon": 92.4533993111776, "gamma": 9.184984788004726}}
{"target": 59.69234957422808, "params": {"C": 62.935454507000536, "epsilon": 2.1099519941703457, "gamma": 348.6480608056164}}
{"target": 59.5019245097324, "params": {"C": 24.697760152328502, "epsilon": 12.377202091754736, "gamma": 176.07752607390728}}
{"target": 63.42175704414465, "params": {"C": 121.12615655103845, "epsilon": 11.562448116342924, "gamma": 493.03118161751183}}
{"target": 63.5379165027948, "params": {"C": 625.7954804559007, "epsilon": 0.821526707125859, "gamma": 313.4265851224322}}
{"target": 74.56263203948755, "params": {"C": 454.7585473297945, "epsilon": 118.21465012265483, "gamma": 435.650122597541}}
{"target": 63.53259811526093, "params": {"C": 724.8137881788381, "epsilon": 0.7125125976230442, "gamma": 416.0497002232084}}
{"target": 59.28021190443112, "params": {"C": 41.20204385463477, "epsilon": 3.168604089700203, "gamma": 488.7235208906082}}
{"target": 64.15921254186404, "params": {"C": 704.2295220655018, "epsilon": 13.079923976910344, "gamma": 441.460141108889}}
{"target": 71.35004837316151, "params": {"C": 1705.8084156355565, "epsilon": 100.16803177563925, "gamma": 126.76109331323254}}
{"target": 59.55449679388569, "params": {"C": 16.253891343616573, "epsilon": 11.970997513429113, "gamma": 493.7159863644381}}
{"target": 64.46656597761934, "params": {"C": 717.0073901853916, "epsilon": 19.552292416623118, "gamma": 286.78201249569406}}
{"target": 59.4233858580076, "params": {"C": 4.904856063636894, "epsilon": 29.126002912877006, "gamma": 155.20762417632798}}
{"target": 59.20708412717797, "params": {"C": 42.70761405147617, "epsilon": 1.1254746175049073, "gamma": 447.05971956610273}}
{"target": 72.91761133969183, "params": {"C": 3517.3589797963577, "epsilon": 109.90620247516196, "gamma": 286.8748393825922}}
{"target": 59.10121225872018, "params": {"C": 0.9192727516483106, "epsilon": 9.949409413435458, "gamma": 338.5276322946827}}
{"target": 59.28744260227089, "params": {"C": 1.031865856485778, "epsilon": 30.655808541041434, "gamma": 369.8953302655647}}
{"target": 59.6426906636917, "params": {"C": 9.62524207502919, "epsilon": 16.016214714164462, "gamma": 277.70679287793496}}
{"target": 63.1649933044874, "params": {"C": 68.62487822208651, "epsilon": 36.44014678166412, "gamma": 320.37477307090626}}
{"target": 58.649638524954995, "params": {"C": 9.13281743596692, "epsilon": 3.4128584892563536, "gamma": 194.8424834607797}}
{"target": 59.17628950859292, "params": {"C": 0.6182743511488104, "epsilon": 10.904903698065217, "gamma": 373.24305597080667}}
{"target": 58.229863613485364, "params": {"C": 2.488147910990315, "epsilon": 0.497517276382873, "gamma": 454.86868178868895}}
{"target": 64.44238721214965, "params": {"C": 1489.6838249669331, "epsilon": 19.05358113622078, "gamma": 350.837245910002}}
{"target": 64.6474812370864, "params": {"C": 4723.016218237198, "epsilon": 23.091238943166523, "gamma": 303.72950515120544}}
{"target": 69.02637850072527, "params": {"C": 5858.004604959841, "epsilon": 78.40455779469646, "gamma": 420.0395055545884}}
{"target": 58.32786685006746, "params": {"C": 5.4410844322405865, "epsilon": 2.0579770974228486, "gamma": 427.27209258056376}}
{"target": 59.83781578194635, "params": {"C": 34.21565008066866, "epsilon": 22.805346469740737, "gamma": 436.6989559564403}}
{"target": 65.22925985822982, "params": {"C": 1799.8387197890243, "epsilon": 33.340486280395886, "gamma": 76.2100811678036}}
{"target": 60.85251615083541, "params": {"C": 54.43645544310581, "epsilon": 25.1372817398396, "gamma": 495.8712678220596}}
{"target": 61.25621418780311, "params": {"C": 71.44178334947136, "epsilon": 16.762343383678246, "gamma": 492.6357807722315}}
{"target": 64.32572836552289, "params": {"C": 1625.908266486649, "epsilon": 16.592998670400885, "gamma": 398.248635066289}}
{"target": 63.52595813496939, "params": {"C": 827.8539327801228, "epsilon": 0.577813912634096, "gamma": 498.603807479815}}
{"target": 64.37341834769164, "params": {"C": 1366.3100385865664, "epsilon": 17.624624596482125, "gamma": 157.11801461421086}}
{"target": 64.31461181862952, "params": {"C": 1487.1107421739885, "epsilon": 16.3491155581831, "gamma": 452.49717972481545}}
{"target": 63.501668023777555, "params": {"C": 853.2259708375226, "epsilon": 0.08516551898796865, "gamma": 466.8733949337308}}
{"target": 64.24661586951576, "params": {"C": 669.297004531034, "epsilon": 14.903615129651493, "gamma": 127.83255696694673}}
{"target": 63.57576382971022, "params": {"C": 1421.4771642326093, "epsilon": 1.597637470149908, "gamma": 192.54838243163283}}
{"target": 63.52962648616186, "params": {"C": 644.5028360639966, "epsilon": 0.6520564589953006, "gamma": 499.75413111557936}}
{"target": 64.17079901028917, "params": {"C": 684.5319278311514, "epsilon": 13.320511732383252, "gamma": 240.7165957848323}}
{"target": 59.663112789974264, "params": {"C": 39.25497996443819, "epsilon": 13.51498306645203, "gamma": 429.7268522505141}}
{"target": 59.22424592699135, "params": {"C": 44.380162973495864, "epsilon": 1.1154171474961379, "gamma": 411.6140006299919}}
{"target": 64.28932844433987, "params": {"C": 629.2074964535624, "epsilon": 15.810231681273642, "gamma": 428.88047352760265}}
{"target": 58.58935447890199, "params": {"C": 0.4980195298942125, "epsilon": 7.155100877841406, "gamma": 442.77618954088956}}
{"target": 64.33684875718515, "params": {"C": 578.3104405223187, "epsilon": 16.832652220901437, "gamma": 435.9514698693478}}
{"target": 64.25977381922128, "params": {"C": 702.323876447309, "epsilon": 15.176731736014633, "gamma": 391.3163959358333}}
{"target": 63.59624885053664, "params": {"C": 722.2770650875973, "epsilon": 2.011738759412608, "gamma": 303.67856369309004}}
{"target": 64.3177868963224, "params": {"C": 768.268088510601, "epsilon": 16.418772785079813, "gamma": 382.6593353398254}}
{"target": 64.26421653316109, "params": {"C": 735.6469446614979, "epsilon": 15.2701387606308, "gamma": 404.8522679100582}}
{"target": 64.29457541006693, "params": {"C": 1075.9307880320068, "epsilon": 15.921378906436361, "gamma": 306.52986642159357}}
{"target": 59.15694510424968, "params": {"C": 41.222996655738875, "epsilon": 0.09453895518887778, "gamma": 400.3643712628266}}
{"target": 64.11859475957624, "params": {"C": 733.1441005835098, "epsilon": 12.242098609348169, "gamma": 405.2759024632962}}
{"target": 64.23295524161547, "params": {"C": 629.7076404105263, "epsilon": 14.61756588345199, "gamma": 210.95110781057247}}
{"target": 63.523003871908635, "params": {"C": 690.3442389603968, "epsilon": 0.5182588462473553, "gamma": 380.4477433960601}}
{"target": 63.52202576680818, "params": {"C": 794.7911262631369, "epsilon": 0.49854119991550006, "gamma": 395.33976026012533}}
{"target": 63.508529261998476, "params": {"C": 1745.2969994972539, "epsilon": 0.22558769882484508, "gamma": 388.90417451799055}}
{"target": 59.45371470293742, "params": {"C": 23.90235609072893, "epsilon": 8.240297132980187, "gamma": 117.69542144660255}}
{"target": 64.17002116189533, "params": {"C": 1009.3306124845953, "epsilon": 13.30437788840923, "gamma": 330.92630526222916}}
{"target": 68.37221537395776, "params": {"C": 729.1407010272319, "epsilon": 71.0056227951812, "gamma": 287.2398782482413}}
{"target": 58.68523189369282, "params": {"C": 5.995597312325348, "epsilon": 4.960136168644329, "gamma": 488.1551994764535}}
{"target": 63.51273761584213, "params": {"C": 1709.7663057450104, "epsilon": 0.3111770475484762, "gamma": 459.1273582434704}}
{"target": 63.514633236797785, "params": {"C": 726.7477385593706, "epsilon": 0.34951499386683693, "gamma": 114.70244174430566}}
{"target": 64.74837259310216, "params": {"C": 3335.9981464558073, "epsilon": 24.987005856967393, "gamma": 150.02069689328408}}
{"target": 59.63075639722452, "params": {"C": 63.50269766411725, "epsilon": 0.7439135310374327, "gamma": 472.67101547677254}}
{"target": 59.09177380013212, "params": {"C": 30.020738276007705, "epsilon": 0.7587284303721091, "gamma": 140.42318128122332}}
{"target": 64.08975430299814, "params": {"C": 689.5240401943545, "epsilon": 11.65216321405726, "gamma": 347.0663012089315}}
{"target": 59.85839473538492, "params": {"C": 43.37476343278327, "epsilon": 16.141632947662337, "gamma": 366.91696049818665}}
{"target": 59.67074777604303, "params": {"C": 25.239147424632822, "epsilon": 22.74710409107072, "gamma": 493.87122694460686}}
{"target": 58.40821485570463, "params": {"C": 9.09119842479556, "epsilon": 0.890504648473901, "gamma": 380.7226540545986}}
{"target": 64.19546435788048, "params": {"C": 1356.5581022339156, "epsilon": 13.833485634717318, "gamma": 493.623209759317}}
{"target": 74.74169217041837, "params": {"C": 2825.4751870448426, "epsilon": 119.01574683192891, "gamma": 197.3173390735863}}
{"target": 59.477047907710514, "params": {"C": 24.48760424094091, "epsilon": 10.399606969858077, "gamma": 347.11579431593316}}
{"target": 63.520312837933105, "params": {"C": 1182.9545478325967, "epsilon": 0.46401022187191854, "gamma": 233.08210761262086}}
{"target": 63.517555546159784, "params": {"C": 676.5454362991646, "epsilon": 0.4084259048285553, "gamma": 476.22655713808126}}
{"target": 59.30337765493787, "params": {"C": 2.2176478004060964, "epsilon": 31.065108264433245, "gamma": 429.0597151650933}}
{"target": 64.21490229850967, "params": {"C": 860.1489880320106, "epsilon": 14.239860964512163, "gamma": 413.09426406250384}}
