{"target": 43.249579738418674, "params": {"C": 702.0647317920265, "epsilon": 28.514893659364148, "gamma": 0.05369299922610969}}
{"target": 41.632252587420155, "params": {"C": 827.1323284200823, "epsilon": 29.43559288230533, "gamma": 0.00047147553978404543}}
{"target": 44.10736497232386, "params": {"C": 917.713400632979, "epsilon": 28.040286665162554, "gamma": 0.055173484680405734}}
{"target": 44.15749055467409, "params": {"C": 851.6106467298946, "epsilon": 29.75267791123902, "gamma": 0.05781843411700411}}
{"target": 44.472441638269245, "params": {"C": 705.0253219834489, "epsilon": 27.82046939036248, "gamma": 0.07049041473807807}}
{"target": 39.41222454639366, "params": {"C": 944.0902619558353, "epsilon": 24.30144313769594, "gamma": 0.003515550610436744}}
{"target": 45.887401882305774, "params": {"C": 1063.206406469372, "epsilon": 23.371333593415358, "gamma": 0.0786730123784973}}
{"target": 44.394230848933724, "params": {"C": 943.935806161545, "epsilon": 24.136932993645793, "gamma": 0.060649682232574685}}
{"target": 44.403288921046666, "params": {"C": 1082.4622467071467, "epsilon": 24.358380934302776, "gamma": 0.056389111721453375}}
{"target": 45.28499679227824, "params": {"C": 945.863243997007, "epsilon": 23.128519836743997, "gamma": 0.07664512094872908}}
{"target": 47.89050458022315, "params": {"C": 803.9102583997569, "epsilon": 25.127804413500677, "gamma": 0.16811961790949786}}
{"target": 46.24753014087836, "params": {"C": 1062.4062110404186, "epsilon": 21.27167536898923, "gamma": 0.09761650842558593}}
{"target": 39.39734767264671, "params": {"C": 1025.1825707963192, "epsilon": 20.985749132641637, "gamma": 0.008100245736786088}}
{"target": 43.88744144336805, "params": {"C": 824.6394387225308, "epsilon": 24.399513361261462, "gamma": 0.058904305463539995}}
{"target": 39.729864252606326, "params": {"C": 815.8211834889262, "epsilon": 25.6248715160231, "gamma": 0.0023306955449728228}}
{"target": 45.44843774652689, "params": {"C": 1037.700556881689, "epsilon": 21.394988187957946, "gamma": 0.07628901550778504}}
{"target": 41.143799418079, "params": {"C": 895.5479240696119, "epsilon": 26.800344528922917, "gamma": 0.0005194541463780155}}
{"target": 49.778371001654946, "params": {"C": 969.6887275726982, "epsilon": 27.499068501093607, "gamma": 0.36949919146986204}}
{"target": 44.51990753452966, "params": {"C": 809.9643598575299, "epsilon": 24.165590079265893, "gamma": 0.0682719957904505}}
{"target": 40.13160534447876, "params": {"C": 909.0607335391065, "epsilon": 20.818677683363855, "gamma": 0.0013439406191963123}}
{"target": 45.64365900802447, "params": {"C": 985.2273077463037, "epsilon": 29.79398087538287, "gamma": 0.07713840687397983}}
{"target": 39.24925732849768, "params": {"C": 720.1913815058354, "epsilon": 23.90634526498063, "gamma": 0.004806327148542502}}
{"target": 39.07843288714738, "params": {"C": 992.0664997292627, "epsilon": 28.649361582740404, "gamma": 0.006784665405313872}}
{"target": 39.047616691557934, "params": {"C": 801.7470317295871, "epsilon": 27.451444771626395, "gamma": 0.00902303478602333}}
{"target": 40.80565946264203, "params": {"C": 731.2278552255946, "epsilon": 29.85240210515029, "gamma": 0.001041935212030728}}
{"target": 45.37423277042916, "params": {"C": 904.2689331992152, "epsilon": 18.065828816977405, "gamma": 0.09261066183488724}}
{"target": 39.337422830292155, "params": {"C": 702.7899610161292, "epsilon": 26.61476115578425, "gamma": 0.003671213400283874}}
{"target": 48.5548833510388, "params": {"C": 1497.112589548885, "epsilon": 21.088098262123598, "gamma": 0.11413927271348714}}
{"target": 45.83059727090888, "params": {"C": 917.5620679627217, "epsilon": 18.81328324499465, "gamma": 0.10858390707872621}}
{"target": 44.49299925041656, "params": {"C": 793.0404517088555, "epsilon": 26.477601365964773, "gamma": 0.06644470392640484}}
{"target": 39.14009114623091, "params": {"C": 927.0321128578012, "epsilon": 25.216170230430862, "gamma": 0.006934380750980624}}
{"target": 44.91353638026171, "params": {"C": 973.0696619167209, "epsilon": 24.955510410997675, "gamma": 0.06522022051596157}}
{"target": 39.98615055375548, "params": {"C": 962.9408358375733, "epsilon": 29.74942553152681, "gamma": 0.0018231463496482317}}
{"target": 39.43331565410472, "params": {"C": 963.4336821223575, "epsilon": 28.050247028145932, "gamma": 0.002674178316792404}}
{"target": 39.25363899589942, "params": {"C": 989.8220624621626, "epsilon": 23.105753267671517, "gamma": 0.004310217746163523}}
{"target": 44.40441988673915, "params": {"C": 988.2139279461167, "epsilon": 25.06625438465099, "gamma": 0.00011649002294317548}}
{"target": 47.39938750676276, "params": {"C": 1115.1594680400428, "epsilon": 29.646797844960016, "gamma": 0.10942901013188847}}
{"target": 39.184171430831995, "params": {"C": 829.818605866478, "epsilon": 23.822056857676273, "gamma": 0.004642033139016018}}
{"target": 42.10459812799603, "params": {"C": 1091.9307111910275, "epsilon": 24.599277194034514, "gamma": 0.038170991236505414}}
{"target": 41.048246121559146, "params": {"C": 1044.0974979805092, "epsilon": 20.763437638802916, "gamma": 0.0003308580223924454}}
{"target": 46.48508172336124, "params": {"C": 1143.1835495124215, "epsilon": 27.268430012286974, "gamma": 0.08794294958644491}}
{"target": 44.78468407333066, "params": {"C": 835.7408737138412, "epsilon": 27.738324546940994, "gamma": 0.06824771088695283}}
{"target": 40.418272870816715, "params": {"C": 820.7085178537634, "epsilon": 29.29745524732664, "gamma": 0.0013321203159682602}}
{"target": 39.15253706453704, "params": {"C": 785.6895205569078, "epsilon": 29.748418735925217, "gamma": 0.008933794301269796}}
{"target": 45.41448763079946, "params": {"C": 797.3028123883221, "epsilon": 27.013908199687975, "gamma": 0.0873125753783509}}
{"target": 39.85526361502773, "params": {"C": 820.5119656427067, "epsilon": 29.91105550868933, "gamma": 0.02122630353686525}}
{"target": 40.46867353742759, "params": {"C": 915.0648107547679, "epsilon": 26.638788035571334, "gamma": 0.0007794862464257759}}
{"target": 44.67587551244618, "params": {"C": 813.3012909592762, "epsilon": 23.280631102608968, "gamma": 0.07228203921666548}}
{"target": 44.92820296410929, "params": {"C": 890.2843001922747, "epsilon": 26.07313509394786, "gamma": 0.06842341523305191}}
{"target": 39.14459608087914, "params": {"C": 801.2550099203144, "epsilon": 26.49393533633154, "gamma": 0.004832350028996817}}
{"target": 40.01808843664134, "params": {"C": 1133.2503807018006, "epsilon": 21.16732803642124, "gamma": 0.0011377950902460524}}
{"target": 45.077504435047686, "params": {"C": 701.0455573742468, "epsilon": 25.472809237278764, "gamma": 0.08583100567557682}}
{"target": 40.17266388053012, "params": {"C": 1064.9082521101886, "epsilon": 23.69548634024514, "gamma": 0.0011226248453799076}}
{"target": 43.270889564361575, "params": {"C": 908.9087718628516, "epsilon": 22.836395173005705, "gamma": 0.052039736897276916}}
{"target": 45.12709164762622, "params": {"C": 944.5911284150998, "epsilon": 25.207917054096846, "gamma": 0.06939507177236987}}
{"target": 44.985185537680096, "params": {"C": 1063.4947754561313, "epsilon": 26.054797929851954, "gamma": 0.06101529822346686}}
{"target": 39.257442825017435, "params": {"C": 875.0273928617903, "epsilon": 23.44149203220102, "gamma": 0.004333894164428226}}
{"target": 39.82819743446304, "params": {"C": 905.883037998062, "epsilon": 23.8476142711603, "gamma": 0.0016423216366477696}}
{"target": 39.51812896285545, "params": {"C": 833.5607296093451, "epsilon": 25.37700660026118, "gamma": 0.002703476954603612}}
{"target": 44.09353073879397, "params": {"C": 989.1861112744923, "epsilon": 24.7503329898801, "gamma": 0.05569164807249981}}
{"target": 39.145727889830106, "params": {"C": 702.132227839321, "epsilon": 25.548841102660464, "gamma": 0.010954296604763415}}
{"target": 44.75947372170522, "params": {"C": 1023.232497496359, "epsilon": 26.454012648046493, "gamma": 0.05952697615201227}}
{"target": 46.35331408809998, "params": {"C": 912.3433624710337, "epsilon": 29.68392941951491, "gamma": 0.1070668794596194}}
{"target": 44.30539664535668, "params": {"C": 702.5463551432704, "epsilon": 24.038743821259914, "gamma": 0.07138279075055441}}
{"target": 45.1555827040614, "params": {"C": 908.1745315117871, "epsilon": 26.765472462837373, "gamma": 0.07038583636638991}}
{"target": 51.19104718257963, "params": {"C": 757.7988103372049, "epsilon": 28.98330655470963, "gamma": 0.4195253526559508}}
{"target": 39.33651994524381, "params": {"C": 815.5767394699621, "epsilon": 26.560106863732276, "gamma": 0.003492423432672361}}
{"target": 47.79205689996037, "params": {"C": 919.3320296149963, "epsilon": 21.972861913346, "gamma": 0.14603663161338856}}
{"target": 44.49150416966644, "params": {"C": 1007.8077048425283, "epsilon": 22.25168519752541, "gamma": 0.06245366668067891}}
{"target": 44.59832391817663, "params": {"C": 855.0961582524722, "epsilon": 26.88422341374317, "gamma": 0.06470505982297695}}
{"target": 46.327285835939755, "params": {"C": 708.1436890677353, "epsilon": 28.095045015906035, "gamma": 0.00012131007889613476}}
{"target": 49.94924656205336, "params": {"C": 1067.696923536815, "epsilon": 20.39580638658427, "gamma": 0.4237906573520069}}
{"target": 43.33435842238796, "params": {"C": 700.7178238402755, "epsilon": 27.523949122000566, "gamma": 0.05513377135285939}}
{"target": 44.60562914415271, "params": {"C": 705.0819132101088, "epsilon": 27.932828962740228, "gamma": 0.07279202901529239}}
{"target": 47.52386146965932, "params": {"C": 866.9216549723642, "epsilon": 13.186907621428105, "gamma": 0.157455830193404}}
{"target": 43.96769020624354, "params": {"C": 867.0598594160999, "epsilon": 20.672431284056948, "gamma": 0.06381486457780476}}
{"target": 43.12183130202591, "params": {"C": 853.3426043468627, "epsilon": 19.156992277142486, "gamma": 0.056162218826525036}}
{"target": 44.646852205633955, "params": {"C": 878.6019881581693, "epsilon": 23.478750357479825, "gamma": 0.06781424418792795}}
{"target": 40.59833865221757, "params": {"C": 878.7352590047099, "epsilon": 20.774145854420837, "gamma": 0.0008765448429124533}}
{"target": 39.12844517887734, "params": {"C": 1066.9425462759366, "epsilon": 24.393522212191677, "gamma": 0.004731705054558553}}
{"target": 39.428116405077574, "params": {"C": 1165.8674424470248, "epsilon": 29.662002944706934, "gamma": 0.008804243638440153}}
{"target": 39.12913687017838, "params": {"C": 1049.8736557196369, "epsilon": 25.27491674770917, "gamma": 0.004969595312432256}}
{"target": 39.281750642144885, "params": {"C": 931.956914890852, "epsilon": 21.660929875611647, "gamma": 0.00973431307958125}}
{"target": 49.8193143111698, "params": {"C": 1352.726814248515, "epsilon": 18.92617218250353, "gamma": 0.4273345458050989}}
{"target": 47.90431462214569, "params": {"C": 1186.4626581428306, "epsilon": 20.349623421194885, "gamma": 0.29834437655758134}}
{"target": 43.662055192291014, "params": {"C": 840.2592330769269, "epsilon": 27.55105061028657, "gamma": 0.0537394358082586}}
{"target": 44.97346273452071, "params": {"C": 802.0210697966027, "epsilon": 26.89378830551857, "gamma": 0.07400063552228368}}
{"target": 44.424717767397944, "params": {"C": 959.4627872234726, "epsilon": 27.55752459783868, "gamma": 0.05750325915139964}}
{"target": 44.93647283960187, "params": {"C": 1069.2607247944798, "epsilon": 21.943227903467427, "gamma": 0.0660645791103628}}
{"target": 45.05429258704658, "params": {"C": 782.2742401408202, "epsilon": 29.694080195162194, "gamma": 0.0793058022945147}}
{"target": 44.07299519143416, "params": {"C": 791.8591234395743, "epsilon": 26.581445540611277, "gamma": 0.060316899782817124}}
{"target": 42.90035460164393, "params": {"C": 916.0218031154049, "epsilon": 24.752754288059663, "gamma": 0.00018695134373098755}}
{"target": 40.513644920373096, "params": {"C": 945.0185099572282, "epsilon": 28.409376806525614, "gamma": 0.0011023679363168322}}
{"target": 44.9875891747194, "params": {"C": 714.1426538605907, "epsilon": 29.611674180715195, "gamma": 0.08432831628444777}}
{"target": 42.393722518885326, "params": {"C": 835.8530229143811, "epsilon": 24.79751318673704, "gamma": 0.04552740536787442}}
{"target": 42.66894712197049, "params": {"C": 710.2797596961497, "epsilon": 21.87522318340165, "gamma": 0.0002379905500107535}}
{"target": 39.123786359852495, "params": {"C": 881.738685241868, "epsilon": 27.177113667800015, "gamma": 0.004785752570966216}}
{"target": 44.760984009664426, "params": {"C": 994.700216749493, "epsilon": 22.090239750575233, "gamma": 0.0668262088201331}}
{"target": 49.546691046764685, "params": {"C": 1483.6848269989941, "epsilon": 9.18957877473899, "gamma": 0.22750997102929435}}
{"target": 39.244971445620315, "params": {"C": 1036.3142745274615, "epsilon": 26.463562675268257, "gamma": 0.0036207190306863247}}
{"target": 39.16109572798681, "params": {"C": 809.1219802080484, "epsilon": 25.015390033710396, "gamma": 0.009723483672187642}}
{"target": 44.35259356427817, "params": {"C": 912.7557090775241, "epsilon": 23.48491529812458, "gamma": 0.06223672221129185}}
{"target": 47.80671156277339, "params": {"C": 971.0683884073114, "epsilon": 23.58890437502879, "gamma": 0.13728624481073573}}
{"target": 39.07137761736836, "params": {"C": 810.4604517401506, "epsilon": 26.58001055660542, "gamma": 0.006542039314969914}}
{"target": 38.9442663844601, "params": {"C": 700.0424211293075, "epsilon": 25.227629006948444, "gamma": 0.013779796003978141}}
{"target": 44.98592250591971, "params": {"C": 940.9504397765154, "epsilon": 24.196849420231228, "gamma": 0.06892229609899646}}
{"target": 42.99413873001101, "params": {"C": 1014.6426793491539, "epsilon": 19.70250480438895, "gamma": 0.04951128747869647}}
{"target": 48.041476039262854, "params": {"C": 834.3632719288061, "epsilon": 26.754012494116648, "gamma": 0.15510648024307952}}
{"target": 43.48745234178834, "params": {"C": 705.1821897694492, "epsilon": 22.314032288941494, "gamma": 0.06122113653636867}}
{"target": 40.110661031399005, "params": {"C": 705.7577554081543, "epsilon": 25.554446248329068, "gamma": 0.027852057954822734}}
{"target": 39.89786338514845, "params": {"C": 725.6067759791017, "epsilon": 26.914637156356665, "gamma": 0.024625493330466618}}
{"target": 39.169932693832806, "params": {"C": 719.3126480366516, "epsilon": 22.40964940501369, "gamma": 0.014648472676391253}}
{"target": 38.99976122291537, "params": {"C": 703.0025585231732, "epsilon": 28.8549765169392, "gamma": 0.008241059085549063}}
{"target": 47.7081416245422, "params": {"C": 700.9081760081856, "epsilon": 24.326466381646465, "gamma": 0.1834145514132659}}
{"target": 40.40944908108953, "params": {"C": 795.7665067138157, "epsilon": 29.90284404534778, "gamma": 0.028696008320642657}}
{"target": 45.218393264013784, "params": {"C": 702.7526474414111, "epsilon": 25.954359629121985, "gamma": 0.09207607675114712}}
{"target": 44.54905853058028, "params": {"C": 765.1889929034394, "epsilon": 24.730433916280578, "gamma": 0.07097280999774004}}
{"target": 39.41431524320384, "params": {"C": 769.6056278387547, "epsilon": 28.490300344616802, "gamma": 0.0033976658513476215}}
{"target": 39.51336335789391, "params": {"C": 822.2726551143638, "epsilon": 29.433445586939786, "gamma": 0.017885781599117682}}
{"target": 47.63489971356512, "params": {"C": 905.8501327758102, "epsilon": 29.839583059529847, "gamma": 0.23284909133262557}}
{"target": 44.051346676358136, "params": {"C": 700.6056419098628, "epsilon": 27.05127027225985, "gamma": 0.06386327377956331}}
{"target": 40.55977827227101, "params": {"C": 701.6940182221603, "epsilon": 26.75952734551835, "gamma": 0.034453881870727315}}
{"target": 39.14803414352404, "params": {"C": 761.8512279151817, "epsilon": 25.362020951990445, "gamma": 0.0052744433542709634}}
{"target": 42.42626310176729, "params": {"C": 713.2414134638047, "epsilon": 28.222155843078305, "gamma": 0.04714217621033815}}
{"target": 44.471492634529035, "params": {"C": 771.4733726953687, "epsilon": 23.038624044627348, "gamma": 0.07155551549027235}}
{"target": 48.41951079115782, "params": {"C": 786.2170472816626, "epsilon": 8.717360602777996, "gamma": 0.24262222818900112}}
{"target": 40.627233407150996, "params": {"C": 783.5908742865686, "epsilon": 29.593353072463874, "gamma": 0.0011504197428658033}}
{"target": 44.87048119299327, "params": {"C": 806.6059778932474, "epsilon": 28.979698563983654, "gamma": 0.07215395929306621}}
{"target": 39.81938458183258, "params": {"C": 852.9554896145744, "epsilon": 29.579718191350487, "gamma": 0.002177457015144763}}
{"target": 39.15333184451062, "params": {"C": 732.3432201620727, "epsilon": 23.872047307700075, "gamma": 0.008130269929059547}}
{"target": 45.95252999263057, "params": {"C": 714.9755356134463, "epsilon": 18.30785475081343, "gamma": 0.13813954125674516}}
{"target": 39.15793271423685, "params": {"C": 774.3933066976323, "epsilon": 24.143141938923332, "gamma": 0.008101855746337025}}
{"target": 39.92165641124437, "params": {"C": 896.1299265017713, "epsilon": 26.29840410196036, "gamma": 0.0019284698567316304}}
{"target": 44.2136109800141, "params": {"C": 809.9107805755431, "epsilon": 23.51833699625396, "gamma": 0.06484934280861344}}
{"target": 39.048316658495175, "params": {"C": 741.5933648964573, "epsilon": 29.73530726445896, "gamma": 0.006133103539839729}}
{"target": 39.109782216042994, "params": {"C": 875.5216221748105, "epsilon": 27.44822646773592, "gamma": 0.004993253668596863}}
{"target": 44.72319604157606, "params": {"C": 906.3380117623379, "epsilon": 29.229250881221603, "gamma": 0.0635594305494309}}
{"target": 47.71256476391009, "params": {"C": 807.8901886694172, "epsilon": 29.860680197142603, "gamma": 0.18300144034451452}}
{"target": 39.98647099797219, "params": {"C": 994.4866703925281, "epsilon": 27.69670996495317, "gamma": 0.0015480009380060954}}
{"target": 48.37995835940304, "params": {"C": 818.6902871816276, "epsilon": 25.593055519923062, "gamma": 0.3076110567439077}}
{"target": 44.43154013535785, "params": {"C": 956.058484241801, "epsilon": 26.563940579505683, "gamma": 0.058071835274268103}}
{"target": 43.035874451483664, "params": {"C": 1057.9336118446488, "epsilon": 28.18395318089613, "gamma": 0.04223131012180909}}
{"target": 39.10800676667924, "params": {"C": 703.4088219593826, "epsilon": 25.54296845505838, "gamma": 0.009247984114942358}}
{"target": 39.38472825152322, "params": {"C": 724.1128994344535, "epsilon": 25.68766651630959, "gamma": 0.0040094170109855}}
{"target": 39.21469089604443, "params": {"C": 712.2741529786118, "epsilon": 28.30392741031741, "gamma": 0.012162657310261985}}
{"target": 45.860467890863845, "params": {"C": 890.3871156607512, "epsilon": 26.55885830737017, "gamma": 0.09680244536379803}}
{"target": 45.383058580451745, "params": {"C": 986.8529817617692, "epsilon": 29.542039995447823, "gamma": 0.07060551609331912}}
{"target": 44.296707373444534, "params": {"C": 810.8069497403899, "epsilon": 28.06134720350355, "gamma": 0.06204744194575418}}
{"target": 46.99908800584486, "params": {"C": 897.3583542825836, "epsilon": 26.142095034526978, "gamma": 0.12258640212386507}}
{"target": 41.03996242381009, "params": {"C": 710.4545195750665, "epsilon": 27.321568100512685, "gamma": 0.0007564446837630759}}
{"target": 40.203244007303056, "params": {"C": 720.5456020325596, "epsilon": 28.895963987093968, "gamma": 0.0018815506468545786}}
{"target": 45.78540510572644, "params": {"C": 723.373120871258, "epsilon": 29.802986571747432, "gamma": 0.11202677460591615}}
{"target": 38.98282928271798, "params": {"C": 918.0213263891782, "epsilon": 23.659783349207256, "gamma": 0.014803190688687212}}
{"target": 39.14397825677004, "params": {"C": 816.795013150258, "epsilon": 23.166262024187052, "gamma": 0.010524721529125189}}
{"target": 40.92624451100662, "params": {"C": 849.6026438580349, "epsilon": 22.733487416868527, "gamma": 0.0005780657058392369}}
{"target": 39.3784078735044, "params": {"C": 841.1660587000554, "epsilon": 23.09146191691416, "gamma": 0.004058378417381353}}
{"target": 40.218959135764315, "params": {"C": 859.1642362798207, "epsilon": 26.821122317418805, "gamma": 0.0014260748106414527}}
{"target": 44.805651003241266, "params": {"C": 863.4450318688444, "epsilon": 24.303485724040023, "gamma": 0.0700512531143847}}
{"target": 46.63606418840912, "params": {"C": 810.0831990497319, "epsilon": 23.801325567835782, "gamma": 0.12872881369523467}}
{"target": 44.81919341751277, "params": {"C": 929.643998191902, "epsilon": 25.047640568128855, "gamma": 0.06577863505872178}}
{"target": 50.56339417113969, "params": {"C": 1178.624938118173, "epsilon": 29.39024028099113, "gamma": 0.3893666448689176}}
{"target": 39.17117051122768, "params": {"C": 964.7355197616353, "epsilon": 24.789356688689296, "gamma": 0.0042595746605541916}}
{"target": 50.651681921374504, "params": {"C": 1480.6237504002027, "epsilon": 27.974951130669723, "gamma": 0.4023228781705497}}
{"target": 42.986547970026436, "params": {"C": 819.1355206658034, "epsilon": 26.641027191532622, "gamma": 0.04918951244212988}}
{"target": 44.37056947007587, "params": {"C": 930.8780106830089, "epsilon": 25.12952504039634, "gamma": 0.0596574513665148}}
{"target": 44.87622484073268, "params": {"C": 713.789364091755, "epsilon": 29.661267314438522, "gamma": 0.08100876796911745}}
{"target": 43.362396467713985, "params": {"C": 817.841886708469, "epsilon": 26.621964276555452, "gamma": 0.0001968145229711473}}
{"target": 42.132526236843326, "params": {"C": 899.7786320615918, "epsilon": 25.68531002232131, "gamma": 0.0414318894988886}}
{"target": 45.125805107263204, "params": {"C": 866.4397046112422, "epsilon": 26.200590736383823, "gamma": 0.07262002313553974}}
{"target": 40.06336965813831, "params": {"C": 816.3834212280749, "epsilon": 26.55178698645154, "gamma": 0.00177199654282424}}
{"target": 44.81187968402408, "params": {"C": 797.6872680105738, "epsilon": 26.010230770761446, "gamma": 0.07221529079535294}}
{"target": 44.91357868451682, "params": {"C": 794.5710676188955, "epsilon": 20.844133155701424, "gamma": 0.08466694441664382}}
