{"target": 64.08886713751392, "params": {"C": 1027.0795916178056, "epsilon": 11.634398414890132, "gamma": 380.47491948016193}}
{"target": 59.69908758963603, "params": {"C": 44.78122837723669, "epsilon": 11.333688268369677, "gamma": 357.5965502932693}}
{"target": 63.64708777796992, "params": {"C": 579.3223636993645, "epsilon": 3.03204749222534, "gamma": 356.030041518071}}
{"target": 63.70780141922448, "params": {"C": 1280.4693410704097, "epsilon": 4.2102378352978445, "gamma": 340.1667957204146}}
{"target": 63.69996112249904, "params": {"C": 330.632219473515, "epsilon": 4.062874086750868, "gamma": 318.8112922290504}}
{"target": 63.6690326855382, "params": {"C": 416.4465234343733, "epsilon": 3.4653905392917244, "gamma": 348.20550620746286}}
{"target": 63.53899742659176, "params": {"C": 976.3968257437397, "epsilon": 0.8437265706969255, "gamma": 308.96076100560475}}
{"target": 59.87751605132159, "params": {"C": 67.41039989170342, "epsilon": 2.4470450078595434, "gamma": 340.40304322572956}}
{"target": 59.50855367229197, "params": {"C": 53.054594788329055, "epsilon": 3.59723456900468, "gamma": 357.3822412169455}}
{"target": 63.853844686190726, "params": {"C": 613.8537865379134, "epsilon": 7.0019353248403355, "gamma": 36.31818605708694}}
{"target": 59.13244944378242, "params": {"C": 9.499386806115677, "epsilon": 9.585220121572297, "gamma": 59.86331842521595}}
{"target": 63.93470240772488, "params": {"C": 225.20891684886777, "epsilon": 8.568817540302742, "gamma": 105.79090930704598}}
{"target": 62.51909711610309, "params": {"C": 116.6788290127686, "epsilon": 2.332096937154388, "gamma": 419.4875497794725}}
{"target": 64.90098286573222, "params": {"C": 151.89531854913432, "epsilon": 28.06878213664873, "gamma": 452.66687768835254}}
{"target": 59.524623414621, "params": {"C": 35.08544559081247, "epsilon": 10.66137136789801, "gamma": 471.75706827412375}}
{"target": 64.08207803726853, "params": {"C": 331.86569409272477, "epsilon": 11.498445943662514, "gamma": 57.496852300750575}}
{"target": 69.36641920754978, "params": {"C": 3769.0787095080714, "epsilon": 82.00364903144612, "gamma": 455.77326031671214}}
{"target": 63.81187226676927, "params": {"C": 93.70444379311947, "epsilon": 28.52884214708985, "gamma": 457.22019489784725}}
{"target": 62.1991501845777, "params": {"C": 91.60997265052721, "epsilon": 12.909668189209407, "gamma": 75.64573194729964}}
{"target": 62.85624920904843, "params": {"C": 82.67813929752987, "epsilon": 25.419523059509043, "gamma": 497.8633925546873}}
{"target": 60.3078009582591, "params": {"C": 71.30153264530787, "epsilon": 5.8003247263152495, "gamma": 11.578263297190254}}
{"target": 61.72421390572354, "params": {"C": 97.6391344088028, "epsilon": 4.732707500647435, "gamma": 84.2116113436528}}
{"target": 63.59253213270283, "params": {"C": 532.2807462732609, "epsilon": 1.9370770579826373, "gamma": 435.4905308991917}}
{"target": 59.38648486395317, "params": {"C": 46.49705751596594, "epsilon": 3.483340359586201, "gamma": 308.2945375325475}}
{"target": 63.82432461462632, "params": {"C": 148.0314912441474, "epsilon": 9.714698501628318, "gamma": 475.5240806887485}}
{"target": 58.27614672135253, "params": {"C": 0.508062631483428, "epsilon": 4.270625264435704, "gamma": 330.43979449282}}
{"target": 63.353843062602834, "params": {"C": 148.91529917473477, "epsilon": 2.2116491381423646, "gamma": 300.9999553602319}}
{"target": 60.17562938998183, "params": {"C": 70.251967988378, "epsilon": 4.96797262353906, "gamma": 292.56705058692984}}
{"target": 63.88534735858991, "params": {"C": 772.7116569712867, "epsilon": 7.613505949631392, "gamma": 260.51340311653126}}
{"target": 62.974789163526204, "params": {"C": 122.97574634989533, "epsilon": 5.062116539820464, "gamma": 321.88108227254236}}
{"target": 63.67760931927385, "params": {"C": 195.01786981029827, "epsilon": 3.633805632480847, "gamma": 299.09738274485846}}
{"target": 63.598749933699835, "params": {"C": 228.31595166731236, "epsilon": 2.061980702095619, "gamma": 346.46062523581}}
{"target": 58.94081768426636, "params": {"C": 22.04511373308196, "epsilon": 1.961196629636452, "gamma": 275.08320030665317}}
{"target": 61.48682813865768, "params": {"C": 98.39247638426477, "epsilon": 1.9473520343772992, "gamma": 161.77888665253357}}
{"target": 73.39526043096912, "params": {"C": 3448.7155588318474, "epsilon": 112.34197445555071, "gamma": 199.37190718124774}}
{"target": 63.402102092989864, "params": {"C": 152.00899180779976, "epsilon": 2.30125295555126, "gamma": 345.40934404710293}}
{"target": 63.740474726788435, "params": {"C": 1241.4703218145212, "epsilon": 4.826374588825209, "gamma": 220.23532581902407}}
{"target": 63.542942768625906, "params": {"C": 475.5565019479833, "epsilon": 0.92475546019747, "gamma": 197.20397489859766}}
{"target": 63.58721110360725, "params": {"C": 454.1300719462304, "epsilon": 1.8296182509022447, "gamma": 241.1233781135803}}
{"target": 63.63765333068309, "params": {"C": 174.62603960555077, "epsilon": 3.5266747600747324, "gamma": 267.06589328229694}}
{"target": 63.57182858651519, "params": {"C": 196.20965350771604, "epsilon": 1.5173442166747957, "gamma": 219.02370977855483}}
{"target": 59.60013668192467, "params": {"C": 20.082551797404754, "epsilon": 17.908147931556133, "gamma": 338.016697909398}}
{"target": 60.13420608197354, "params": {"C": 42.248039232079066, "epsilon": 23.35278321302482, "gamma": 333.99134866366876}}
{"target": 60.43728982482253, "params": {"C": 53.39372194826199, "epsilon": 20.04841333354212, "gamma": 294.32450735022485}}
{"target": 63.72877564933516, "params": {"C": 116.78424651021595, "epsilon": 17.48218847734889, "gamma": 328.9362224605783}}
{"target": 59.74209884252896, "params": {"C": 30.30895471078267, "epsilon": 23.116852643346462, "gamma": 317.8967655385134}}
{"target": 60.82847819030184, "params": {"C": 88.30874704112976, "epsilon": 1.3180181937280242, "gamma": 302.39741767974067}}
{"target": 59.037447516222734, "params": {"C": 9.332702732783915, "epsilon": 7.355985462863286, "gamma": 212.07796717858133}}
{"target": 58.32018314367804, "params": {"C": 0.8684101955533523, "epsilon": 3.4814394063378544, "gamma": 254.01642807927993}}
{"target": 73.92991441610526, "params": {"C": 5797.60819879309, "epsilon": 115.10611304755228, "gamma": 195.3241683920842}}
{"target": 59.973300459690066, "params": {"C": 66.04548017458862, "epsilon": 4.569722021156024, "gamma": 381.88089596268236}}
{"target": 63.58402307313345, "params": {"C": 190.3851562002679, "epsilon": 1.8012605405252504, "gamma": 384.9206843125517}}
{"target": 59.178815738805596, "params": {"C": 36.35326884356202, "epsilon": 2.293428549507598, "gamma": 226.52449289809425}}
{"target": 59.56484807909408, "params": {"C": 58.91278095896017, "epsilon": 2.0129236402804382, "gamma": 186.48199337331573}}
{"target": 63.641966274176994, "params": {"C": 172.76355261390387, "epsilon": 3.748720998729144, "gamma": 176.53541270732626}}
{"target": 64.34856418764318, "params": {"C": 176.71416368240727, "epsilon": 17.084024304579454, "gamma": 167.03180626850533}}
{"target": 60.96605909936577, "params": {"C": 88.1238527164158, "epsilon": 2.831844069870775, "gamma": 215.36649197079032}}
{"target": 59.416212031096975, "params": {"C": 10.191805569486899, "epsilon": 12.823745788918657, "gamma": 207.9730714960332}}
{"target": 63.677641700845925, "params": {"C": 208.6647783945614, "epsilon": 3.63443009921671, "gamma": 254.5790508968}}
{"target": 63.518990930553784, "params": {"C": 372.3556802393371, "epsilon": 0.43736185640569714, "gamma": 239.59008486068262}}
{"target": 62.02515153974313, "params": {"C": 107.60504051549948, "epsilon": 1.9434285680843413, "gamma": 261.0003935267954}}
{"target": 64.28103673492785, "params": {"C": 326.7278586696844, "epsilon": 15.632110577652258, "gamma": 215.4164574560262}}
{"target": 63.537314870740374, "params": {"C": 1114.7543193290435, "epsilon": 0.8091704711299066, "gamma": 218.071348623071}}
{"target": 64.54353663014926, "params": {"C": 1368.6201222501554, "epsilon": 21.101809057096638, "gamma": 228.78181905857133}}
{"target": 64.49505675154452, "params": {"C": 1528.343492519883, "epsilon": 20.141327610189986, "gamma": 255.25916672114624}}
{"target": 62.43577507438046, "params": {"C": 99.72447761995254, "epsilon": 10.443875028423577, "gamma": 247.47732155719282}}
{"target": 64.48190030268636, "params": {"C": 373.2456642081294, "epsilon": 19.87022240141337, "gamma": 233.52671951225034}}
{"target": 60.33590643474779, "params": {"C": 67.25575337885506, "epsilon": 8.825640568470748, "gamma": 192.06689916028236}}
{"target": 59.10273945110231, "params": {"C": 2.331752077747078, "epsilon": 12.269521036009397, "gamma": 257.93087415515873}}
{"target": 60.678330084509824, "params": {"C": 82.47828510098783, "epsilon": 3.386589808708106, "gamma": 245.37767646868147}}
{"target": 63.88541990208059, "params": {"C": 114.26418882458621, "epsilon": 20.689495739576298, "gamma": 206.15052174433177}}
{"target": 66.47843492710969, "params": {"C": 331.70930719331676, "epsilon": 50.38110231506519, "gamma": 354.59775299545936}}
{"target": 59.58953786959387, "params": {"C": 53.11467481125174, "epsilon": 4.948130825679329, "gamma": 288.31197616114144}}
{"target": 65.22228052749965, "params": {"C": 1469.439638148722, "epsilon": 33.21990914562595, "gamma": 430.3865749949549}}
{"target": 59.82788433114681, "params": {"C": 55.026714678670494, "epsilon": 8.235947398623717, "gamma": 248.84206853775007}}
{"target": 74.02698531979465, "params": {"C": 1283.9882275925759, "epsilon": 115.60297695988069, "gamma": 330.1404046677579}}
{"target": 64.08410986547037, "params": {"C": 3480.250772610854, "epsilon": 11.539137740361866, "gamma": 114.66854578421669}}
{"target": 72.52428797858757, "params": {"C": 3261.641182861915, "epsilon": 107.77070816892778, "gamma": 9.181223507230783}}
{"target": 64.39894162378982, "params": {"C": 1222.2475807000587, "epsilon": 18.047688526362364, "gamma": 14.94476166753995}}
{"target": 64.70709596087191, "params": {"C": 1250.3510050483362, "epsilon": 24.224971833597035, "gamma": 307.51478585629576}}
{"target": 62.1973395337259, "params": {"C": 112.64401019089463, "epsilon": 0.9451795595043286, "gamma": 290.81426825316873}}
{"target": 59.229161191868286, "params": {"C": 27.00668563592411, "epsilon": 3.963977113498607, "gamma": 250.77026076598236}}
{"target": 64.03167218480365, "params": {"C": 1233.0874525364995, "epsilon": 10.489299143176385, "gamma": 295.32280465488765}}
{"target": 59.062464873765656, "params": {"C": 2.000181383447508, "epsilon": 8.940872229380432, "gamma": 102.597374925869}}
{"target": 63.765629806119065, "params": {"C": 1032.1391806616834, "epsilon": 5.3034370006406455, "gamma": 300.38843123779566}}
{"target": 64.01679196112867, "params": {"C": 140.50739955196016, "epsilon": 14.3677028244748, "gamma": 211.41884816687562}}
{"target": 63.37989760124632, "params": {"C": 152.85139064151969, "epsilon": 1.770803089330979, "gamma": 258.9220946765605}}
{"target": 59.595557741570516, "params": {"C": 42.01255548770767, "epsilon": 9.939793890416055, "gamma": 135.6614149643325}}
{"target": 63.770988342815556, "params": {"C": 785.5922284399647, "epsilon": 5.405838469004411, "gamma": 90.35296509238297}}
{"target": 63.78218223372728, "params": {"C": 974.9932168857896, "epsilon": 5.619293641651554, "gamma": 93.87330815896281}}
{"target": 63.71440632580568, "params": {"C": 683.9621220482222, "epsilon": 4.334291264908726, "gamma": 88.7767042678372}}
{"target": 58.98855221001281, "params": {"C": 4.590807642018492, "epsilon": 7.205741478901635, "gamma": 80.02732631726062}}
{"target": 59.75781014950371, "params": {"C": 34.274716163649074, "epsilon": 20.040647977024367, "gamma": 197.19043012573306}}
{"target": 64.55989326484755, "params": {"C": 303.1903262258413, "epsilon": 21.41915530297028, "gamma": 223.73314908504315}}
{"target": 63.27966339259838, "params": {"C": 108.18759872370748, "epsilon": 15.134650846348475, "gamma": 195.0048560949522}}
{"target": 62.12034631745469, "params": {"C": 111.11375076886475, "epsilon": 0.9796300767728443, "gamma": 63.39724186987108}}
{"target": 62.508586808914984, "params": {"C": 112.73150894924856, "epsilon": 4.172495478584133, "gamma": 97.20658596152632}}
{"target": 63.80157429773542, "params": {"C": 63.69177352298192, "epsilon": 44.07372505593476, "gamma": 352.18760097229733}}
{"target": 59.59230927229568, "params": {"C": 20.365172551572286, "epsilon": 17.106760659575414, "gamma": 128.39155419770267}}
{"target": 61.37211034716984, "params": {"C": 56.067167603097054, "epsilon": 29.443034709269547, "gamma": 278.2596518355993}}
{"target": 63.56509139275035, "params": {"C": 915.0967673899919, "epsilon": 1.3796538700159529, "gamma": 234.18553241644983}}
{"target": 64.57772092741298, "params": {"C": 273.4908278052879, "epsilon": 21.7460008955238, "gamma": 24.171621986014244}}
{"target": 64.09180078839078, "params": {"C": 378.2985087579812, "epsilon": 11.69287030949155, "gamma": 45.08727154894462}}
{"target": 59.31188602674862, "params": {"C": 29.97674077118456, "epsilon": 5.492717334654073, "gamma": 19.763408022191882}}
{"target": 64.59246259912808, "params": {"C": 759.9847835843658, "epsilon": 22.042958900291527, "gamma": 304.1457137199312}}
{"target": 59.607753495735096, "params": {"C": 20.560005024789625, "epsilon": 18.840104443118477, "gamma": 270.0306353861926}}
{"target": 59.61398498317293, "params": {"C": 22.19548065840424, "epsilon": 22.91345703911294, "gamma": 290.2856306566083}}
{"target": 64.21862559896304, "params": {"C": 479.60982030744367, "epsilon": 14.318052468111595, "gamma": 44.21679580287521}}
{"target": 64.68351770252775, "params": {"C": 651.6003922320805, "epsilon": 23.37073749719505, "gamma": 5.946423767995896}}
{"target": 59.588905011192004, "params": {"C": 8.8585891428243, "epsilon": 25.791969155619974, "gamma": 47.550461323761425}}
{"target": 60.4445879654901, "params": {"C": 67.44390832115873, "epsilon": 10.089734408220444, "gamma": 26.71629571914407}}
{"target": 63.23222788441704, "params": {"C": 134.90654300557648, "epsilon": 4.314637309153891, "gamma": 239.87558728995123}}
{"target": 58.45573734132908, "params": {"C": 9.669516256420586, "epsilon": 1.1088267258721416, "gamma": 151.578006335814}}
{"target": 63.692928155585676, "params": {"C": 245.80005202600083, "epsilon": 3.896690369089071, "gamma": 4.528753333392787}}
{"target": 60.290741966599725, "params": {"C": 75.82106762157613, "epsilon": 3.139571760870844, "gamma": 204.0632861337279}}
{"target": 63.70695830909533, "params": {"C": 212.35836035547314, "epsilon": 4.194400543126111, "gamma": 63.1285361738897}}
{"target": 59.598132640768185, "params": {"C": 35.95059814512078, "epsilon": 12.51975473354281, "gamma": 47.683717587605045}}
{"target": 59.719692168871894, "params": {"C": 59.80988505880774, "epsilon": 4.06402292161049, "gamma": 128.51995405597052}}
{"target": 63.83252768223035, "params": {"C": 429.26473517531855, "epsilon": 6.585183255601642, "gamma": 120.12892723645936}}
{"target": 60.256844687505044, "params": {"C": 68.67518915275024, "epsilon": 6.925258227631839, "gamma": 108.02458830805199}}
{"target": 59.92653211757488, "params": {"C": 59.95058671293245, "epsilon": 7.106262260480934, "gamma": 151.32945779376212}}
{"target": 59.971194314765285, "params": {"C": 66.26592396894267, "epsilon": 4.427594595282224, "gamma": 159.0709627178645}}
{"target": 59.07272109264302, "params": {"C": 21.222759597642046, "epsilon": 3.759297426666275, "gamma": 141.9543717411437}}
{"target": 64.3324424979873, "params": {"C": 887.0242653878184, "epsilon": 16.73889894508347, "gamma": 263.3516994208419}}
{"target": 67.74554001041791, "params": {"C": 5916.99620332821, "epsilon": 64.2475767002071, "gamma": 292.3919427244342}}
{"target": 63.64062308766929, "params": {"C": 1577.4232583985481, "epsilon": 2.883703678356083, "gamma": 23.805862726207955}}
{"target": 63.510902521421244, "params": {"C": 1133.1443813928502, "epsilon": 3.3152231357877815, "gamma": 3.474252550215297}}
{"target": 63.36231902223445, "params": {"C": 159.70376599830539, "epsilon": 0.23377629714845227, "gamma": 294.132259208561}}
{"target": 63.698222756148894, "params": {"C": 1459.8455447527037, "epsilon": 4.029508374753584, "gamma": 52.78734311021853}}
{"target": 65.10377297135882, "params": {"C": 999.391125100237, "epsilon": 31.1916809571233, "gamma": 393.2151677857657}}
{"target": 64.45276752723495, "params": {"C": 1426.9659322202035, "epsilon": 19.266843395218835, "gamma": 124.78690574321575}}
{"target": 59.57766341354144, "params": {"C": 52.49507611538618, "epsilon": 5.026665685332461, "gamma": 102.75282693483004}}
{"target": 59.20890932748049, "params": {"C": 43.64985385252961, "epsilon": 0.9298777200780977, "gamma": 307.44712784841533}}
{"target": 63.5978813209793, "params": {"C": 764.3617513940655, "epsilon": 2.0445319458176137, "gamma": 117.26380049685636}}
{"target": 59.445334213996105, "params": {"C": 55.21239133863404, "epsilon": 1.51888734909012, "gamma": 258.6959839275552}}
{"target": 63.67126758616907, "params": {"C": 819.4218949828868, "epsilon": 3.509478195198283, "gamma": 320.2078244208067}}
{"target": 63.545061895014825, "params": {"C": 1045.9159589405263, "epsilon": 0.968277785135673, "gamma": 337.0115927635182}}
{"target": 63.547611460718734, "params": {"C": 1215.5413819358619, "epsilon": 1.0206404132462623, "gamma": 314.929369208348}}
{"target": 58.805305394379026, "params": {"C": 14.273357791020915, "epsilon": 3.9431990539046966, "gamma": 287.9813636763834}}
{"target": 59.48518809846193, "params": {"C": 52.00477048851015, "epsilon": 3.6281278119164586, "gamma": 323.363748560095}}
{"target": 60.39943256703905, "params": {"C": 78.1095293982815, "epsilon": 2.996447999591103, "gamma": 108.8586218345061}}
{"target": 65.45990496481674, "params": {"C": 3722.8462404669044, "epsilon": 37.288108235736324, "gamma": 324.28682665955444}}
{"target": 65.80554994841474, "params": {"C": 3348.66156357008, "epsilon": 42.25894862850493, "gamma": 499.42909176319193}}
{"target": 63.797352857987015, "params": {"C": 1225.7054999584095, "epsilon": 5.910245277465829, "gamma": 249.1414168576568}}
{"target": 63.52790264788147, "params": {"C": 1097.57525703886, "epsilon": 0.6170133993407054, "gamma": 196.29145313906602}}
{"target": 63.55745105378454, "params": {"C": 537.0553199245196, "epsilon": 1.2216907350457786, "gamma": 154.84266572192502}}
{"target": 63.706022062010604, "params": {"C": 1171.656609873426, "epsilon": 4.176817926668536, "gamma": 264.00056941850795}}
{"target": 63.59380844467088, "params": {"C": 879.0633594571104, "epsilon": 1.9627157067467735, "gamma": 276.10033019590253}}
{"target": 69.45669442216874, "params": {"C": 2101.4554110266554, "epsilon": 82.99339488667026, "gamma": 488.039246926484}}
{"target": 59.52558825895333, "params": {"C": 3.2055673508788907, "epsilon": 18.18135861088159, "gamma": 304.5336500541124}}
{"target": 61.27650706743172, "params": {"C": 85.92834978095426, "epsilon": 7.416519818051742, "gamma": 285.37816257621665}}
{"target": 64.58596043308178, "params": {"C": 167.56981925671244, "epsilon": 21.96111465273591, "gamma": 326.55465256394166}}
{"target": 63.161359125074554, "params": {"C": 138.151752462211, "epsilon": 2.332472726481016, "gamma": 279.88272814301547}}
{"target": 62.74678591825386, "params": {"C": 119.1808216527325, "epsilon": 3.837101505358065, "gamma": 190.5533977448837}}
{"target": 59.517961103763795, "params": {"C": 57.13465713632175, "epsilon": 1.9516731812847417, "gamma": 191.71690227091347}}
{"target": 70.37095042031515, "params": {"C": 4876.754817079181, "epsilon": 92.2904821113878, "gamma": 378.25691446719077}}
{"target": 59.648006797045674, "params": {"C": 13.552988165981098, "epsilon": 22.295015773043204, "gamma": 78.0898494313995}}
{"target": 64.70173167568024, "params": {"C": 842.5935997233513, "epsilon": 24.122899514142325, "gamma": 102.38107275915738}}
{"target": 64.6370606452474, "params": {"C": 908.7226772596666, "epsilon": 22.89340441157758, "gamma": 99.80729721816917}}
{"target": 62.52201649040923, "params": {"C": 115.61024156014743, "epsilon": 2.8817499042697574, "gamma": 344.9308718997492}}
{"target": 59.330274387558255, "params": {"C": 18.610606158652395, "epsilon": 7.256699634146092, "gamma": 235.76895283527497}}
{"target": 64.46519752294498, "params": {"C": 554.0656554991992, "epsilon": 19.52370395652804, "gamma": 310.29659682164794}}
{"target": 58.93809129327817, "params": {"C": 19.995360297961682, "epsilon": 2.904068480931059, "gamma": 134.25859159517265}}
{"target": 68.53136604790919, "params": {"C": 342.8365986994745, "epsilon": 72.79087633170894, "gamma": 120.75335523520926}}
{"target": 63.102542293003964, "params": {"C": 94.45382645342892, "epsilon": 20.67362226656644, "gamma": 290.6726958833603}}
{"target": 68.62751279284342, "params": {"C": 86.10545891466154, "epsilon": 75.6281664998367, "gamma": 98.83013718644997}}
{"target": 64.36001469567442, "params": {"C": 1020.6237918258106, "epsilon": 17.329921514026445, "gamma": 170.21549938874503}}
{"target": 63.523727155044334, "params": {"C": 282.6601951353364, "epsilon": 0.532839294057716, "gamma": 73.62685609881626}}
{"target": 63.51246382209895, "params": {"C": 246.46485316539744, "epsilon": 0.3055900121536066, "gamma": 100.78802000117302}}
{"target": 63.616094011153834, "params": {"C": 1374.578378047264, "epsilon": 2.410959057649179, "gamma": 152.36538558646603}}
{"target": 69.17236488277572, "params": {"C": 3103.6322418503332, "epsilon": 79.96052717863967, "gamma": 233.91395829062859}}
{"target": 74.19192553776409, "params": {"C": 1320.5390456727418, "epsilon": 116.44153080520205, "gamma": 469.00167497761777}}
{"target": 62.741712761246546, "params": {"C": 122.38302431987111, "epsilon": 2.1656002120685978, "gamma": 11.85982521416571}}
{"target": 64.3535441943729, "params": {"C": 629.6807178676546, "epsilon": 17.189408320760133, "gamma": 143.59523194076638}}
{"target": 65.99585117076516, "params": {"C": 2018.519546435201, "epsilon": 44.60821092924096, "gamma": 32.72756722054996}}
