{"target": 64.79401487632983, "params": {"C": 1154.0520758331436, "epsilon": 25.802011093199134, "gamma": 56.93991745534252}}
{"target": 59.73276007219856, "params": {"C": 54.665647931060334, "epsilon": 16.2890970581142, "gamma": 2.0446831330889568}}
{"target": 65.3599330769722, "params": {"C": 1802.3755713417595, "epsilon": 35.58961406279628, "gamma": 87.47869623415217}}
{"target": 63.97795671682263, "params": {"C": 597.1350191285726, "epsilon": 36.937710269589644, "gamma": 1.6892232273902945}}
{"target": 64.55164501694055, "params": {"C": 988.5968235352145, "epsilon": 26.803633451076294, "gamma": 2.897582999511508}}
{"target": 64.4087031855029, "params": {"C": 870.9483114211973, "epsilon": 18.349715544347255, "gamma": 115.72798811568617}}
{"target": 65.16792304424358, "params": {"C": 283.50623876788325, "epsilon": 32.281354025317555, "gamma": 109.92407250324054}}
{"target": 65.65788270130452, "params": {"C": 1503.7629596467195, "epsilon": 40.287128187192046, "gamma": 52.92599869759447}}
{"target": 64.96266790335618, "params": {"C": 645.1420153248746, "epsilon": 28.77446552684332, "gamma": 67.44718430415308}}
{"target": 64.94058434888447, "params": {"C": 885.2480282079088, "epsilon": 30.411180277281115, "gamma": 3.5238263223561446}}
{"target": 64.39373213114251, "params": {"C": 555.0980827590622, "epsilon": 17.384182023309563, "gamma": 5.86155915861187}}
{"target": 61.27212817701711, "params": {"C": 50.04861746635186, "epsilon": 32.68068677133241, "gamma": 69.89658895065715}}
{"target": 59.60007908535134, "params": {"C": 12.802710500472983, "epsilon": 33.91696611620921, "gamma": 81.49958903509564}}
{"target": 65.24155674214543, "params": {"C": 776.3971170303516, "epsilon": 35.76944389761909, "gamma": 3.420467410983341}}
{"target": 64.16122536290725, "params": {"C": 522.6735245514566, "epsilon": 13.121338819329097, "gamma": 63.76705397249571}}
{"target": 66.11320701360643, "params": {"C": 623.5665331481862, "epsilon": 46.024640482847445, "gamma": 49.01611708832115}}
{"target": 48.04561050526028, "params": {"C": 881.0392473335869, "epsilon": 36.54712947039081, "gamma": 0.13732702720738263}}
{"target": 53.02521964324417, "params": {"C": 434.1154074631077, "epsilon": 15.675331490252228, "gamma": 0.6088340128432478}}
{"target": 66.08038166742269, "params": {"C": 1551.67159459218, "epsilon": 45.63029556226033, "gamma": 61.36790243624692}}
{"target": 59.70769659125133, "params": {"C": 5.745627707098379, "epsilon": 39.151094468051994, "gamma": 49.232308795491015}}
{"target": 66.49611173390295, "params": {"C": 859.0234331479604, "epsilon": 50.59130320617733, "gamma": 54.19389150215847}}
{"target": 66.31339297633845, "params": {"C": 952.9833550228719, "epsilon": 48.50830998413677, "gamma": 4.925630818367042}}
{"target": 65.87714808883143, "params": {"C": 1367.8862240693243, "epsilon": 43.15863266323689, "gamma": 48.58629258321181}}
{"target": 65.13999459493125, "params": {"C": 1551.7967052824383, "epsilon": 46.63901705820505, "gamma": 1.8031028529851678}}
{"target": 51.071491930153186, "params": {"C": 619.8053552972674, "epsilon": 43.39150267515123, "gamma": 0.30109350969426707}}
{"target": 65.94708868125728, "params": {"C": 1615.7156635570877, "epsilon": 44.019011969957965, "gamma": 91.38928055539938}}
{"target": 62.68456049617794, "params": {"C": 1417.2779364798803, "epsilon": 50.05095502604864, "gamma": 0.9922013398408969}}
{"target": 66.13338670028183, "params": {"C": 425.9687566767383, "epsilon": 46.26430745012034, "gamma": 57.84849668403703}}
{"target": 66.72884293733486, "params": {"C": 531.8076560552664, "epsilon": 53.33109234477274, "gamma": 68.88823617073234}}
{"target": 65.23201791390339, "params": {"C": 1002.0320958239133, "epsilon": 33.388592764423535, "gamma": 57.011344327887045}}
{"target": 59.47765414560918, "params": {"C": 159.8460008641266, "epsilon": 51.1692024884365, "gamma": 0.6434705621299759}}
{"target": 59.620748516743014, "params": {"C": 323.97240535810477, "epsilon": 38.21982847118421, "gamma": 0.8471800182663032}}
{"target": 65.6623340391108, "params": {"C": 1014.5058021465659, "epsilon": 40.35050344268211, "gamma": 68.61331874618709}}
{"target": 65.4448288230166, "params": {"C": 1252.483249488558, "epsilon": 37.03537432303236, "gamma": 104.03781550105728}}
{"target": 65.55205837950862, "params": {"C": 1308.5598312317782, "epsilon": 38.73794973390788, "gamma": 110.34651665763784}}
{"target": 65.70643180925632, "params": {"C": 1344.691034349254, "epsilon": 40.955276881728196, "gamma": 53.61965060135837}}
{"target": 65.8228539367752, "params": {"C": 635.0792353891226, "epsilon": 42.48273255483642, "gamma": 113.4370506676964}}
{"target": 65.13946848903598, "params": {"C": 1400.6996352133972, "epsilon": 31.79578089573474, "gamma": 130.69065027517254}}
{"target": 65.70771594837426, "params": {"C": 151.04509951432937, "epsilon": 43.81751535020861, "gamma": 2.9103861645087568}}
{"target": 65.04465086819677, "params": {"C": 1052.2495872171, "epsilon": 40.07918187899922, "gamma": 2.2518378977223454}}
{"target": 65.5114721027052, "params": {"C": 975.6207918758925, "epsilon": 37.94735151428937, "gamma": 9.802608137179082}}
{"target": 65.37309725196056, "params": {"C": 1477.3927603672394, "epsilon": 35.81697381774513, "gamma": 48.002782209782765}}
{"target": 65.52200199123317, "params": {"C": 1800.4752238273945, "epsilon": 38.18580321084714, "gamma": 12.813755308256574}}
{"target": 65.95149178114808, "params": {"C": 1596.5693800665679, "epsilon": 44.07236929278005, "gamma": 49.934869932400986}}
{"target": 65.0986243713037, "params": {"C": 1970.5888188887561, "epsilon": 32.52530717083696, "gamma": 3.739292073967973}}
{"target": 66.47776642113199, "params": {"C": 803.567380378845, "epsilon": 50.373237443035286, "gamma": 65.29166303703884}}
{"target": 64.60474708470478, "params": {"C": 1393.8887024425821, "epsilon": 22.28072531187089, "gamma": 51.9103866430391}}
{"target": 64.77060201189393, "params": {"C": 1705.131083049509, "epsilon": 25.5347671008687, "gamma": 4.596666027242346}}
{"target": 61.03733724173094, "params": {"C": 556.476137943665, "epsilon": 27.47437531294813, "gamma": 1.1765906866450775}}
{"target": 57.20895680666272, "params": {"C": 1646.112850534499, "epsilon": 29.263435872168237, "gamma": 0.759852098488851}}
{"target": 61.67629772166676, "params": {"C": 626.9969910187737, "epsilon": 30.749309426074475, "gamma": 1.2267693906688493}}
{"target": 64.65689949224732, "params": {"C": 955.0898143750652, "epsilon": 28.39022942891777, "gamma": 2.926663799614933}}
{"target": 65.1486012833076, "params": {"C": 1110.6695714360446, "epsilon": 31.951411132546298, "gamma": 69.08843410119728}}
{"target": 64.80924076786594, "params": {"C": 1489.6830886757753, "epsilon": 26.072076997418694, "gamma": 74.08800331611491}}
{"target": 64.63320794080462, "params": {"C": 922.3086984737615, "epsilon": 22.818430816908258, "gamma": 65.51941109697378}}
{"target": 66.25409801461993, "params": {"C": 822.2820284860903, "epsilon": 47.66297693080689, "gamma": 5.560562889132359}}
{"target": 65.19800964591235, "params": {"C": 1199.4671957918886, "epsilon": 32.79750897002474, "gamma": 53.16317259660237}}
{"target": 64.7275685767483, "params": {"C": 1007.9205037718458, "epsilon": 25.59233045661383, "gamma": 3.962667958366712}}
{"target": 71.62032018797646, "params": {"C": 5922.7558759332505, "epsilon": 102.11963089877003, "gamma": 200.77205274762173}}
{"target": 65.40500295266604, "params": {"C": 2124.4846100678146, "epsilon": 36.36138100898566, "gamma": 102.14378980900126}}
{"target": 65.61434321753114, "params": {"C": 786.3254221296232, "epsilon": 39.66010566751052, "gamma": 47.34935940052223}}
{"target": 64.78802818358311, "params": {"C": 1176.0135116348258, "epsilon": 28.110061700436503, "gamma": 3.43175290408111}}
{"target": 65.03720793166676, "params": {"C": 1322.27344696941, "epsilon": 30.05376661792366, "gamma": 50.78529840475317}}
{"target": 64.90118769577124, "params": {"C": 1522.5827999153548, "epsilon": 27.69631458740102, "gamma": 83.00506596232891}}
{"target": 64.27805735284477, "params": {"C": 1115.6752333547865, "epsilon": 15.567977242112804, "gamma": 53.15102995298469}}
{"target": 64.91512928710702, "params": {"C": 646.0783977242234, "epsilon": 27.940953198081864, "gamma": 59.19930037215197}}
{"target": 48.25258409439225, "params": {"C": 786.2496628096234, "epsilon": 39.5836436853387, "gamma": 0.20029582186280837}}
{"target": 54.38733334177683, "params": {"C": 41.39769551848366, "epsilon": 24.54980422182959, "gamma": 0.7452554969771819}}
{"target": 64.69337885187801, "params": {"C": 456.93157441870636, "epsilon": 23.95890926797259, "gamma": 116.36621673029393}}
{"target": 64.8750622272376, "params": {"C": 1169.2949798818975, "epsilon": 27.23591008523805, "gamma": 51.695495495324195}}
{"target": 66.31640798306755, "params": {"C": 1262.5267028436583, "epsilon": 48.51283228602675, "gamma": 5.074803706542931}}
{"target": 66.02050040206855, "params": {"C": 1046.3308557872722, "epsilon": 44.83558639354316, "gamma": 12.715715586095422}}
{"target": 65.92935398852642, "params": {"C": 2118.880243233615, "epsilon": 43.802279837435066, "gamma": 53.43085808003023}}
{"target": 65.55584425494354, "params": {"C": 1456.4618763199715, "epsilon": 38.79578451514419, "gamma": 39.53218893025759}}
{"target": 64.33108160717593, "params": {"C": 1243.4177208447286, "epsilon": 34.58260724563979, "gamma": 1.9906110449251613}}
{"target": 66.13760513513755, "params": {"C": 1298.9681868634393, "epsilon": 46.313245117886716, "gamma": 30.13797025231664}}
{"target": 65.43368945304661, "params": {"C": 1491.1390573320712, "epsilon": 36.8175771851876, "gamma": 18.464786515664034}}
{"target": 66.41286892102377, "params": {"C": 1104.7270226472097, "epsilon": 49.60479629513167, "gamma": 42.67059042314298}}
{"target": 66.13660136037521, "params": {"C": 726.5042627048971, "epsilon": 46.3025726012291, "gamma": 99.39416068078076}}
{"target": 66.03941763450494, "params": {"C": 759.3319266988096, "epsilon": 45.133191567657704, "gamma": 61.44204359852321}}
{"target": 66.07741156565524, "params": {"C": 876.2474519916784, "epsilon": 45.594423650312116, "gamma": 55.03011824040379}}
{"target": 63.67929352450399, "params": {"C": 1480.6629773567463, "epsilon": 19.266343789063427, "gamma": 2.2868238707248176}}
{"target": 73.89322745069916, "params": {"C": 4504.517677417122, "epsilon": 114.91925772063178, "gamma": 499.8747610855171}}
{"target": 64.92834122331293, "params": {"C": 1039.7996441942485, "epsilon": 46.58920011069489, "gamma": 1.6830045257552513}}
{"target": 65.92880025657408, "params": {"C": 1644.0659092477836, "epsilon": 43.795418513401344, "gamma": 66.06684350774121}}
{"target": 64.8518617358049, "params": {"C": 813.8096330850658, "epsilon": 26.8343001143636, "gamma": 54.889741851559506}}
{"target": 61.024276477509694, "params": {"C": 961.5901669100202, "epsilon": 27.976853541531852, "gamma": 1.1665230073458022}}
{"target": 65.8639034755114, "params": {"C": 2072.663898376913, "epsilon": 42.99484856306425, "gamma": 51.72197455461544}}
{"target": 65.98381479358765, "params": {"C": 981.6271789527731, "epsilon": 44.38651060347238, "gamma": 5.822332467100738}}
{"target": 64.34388921810259, "params": {"C": 1138.3485934565567, "epsilon": 16.982538904140753, "gamma": 45.733359608387275}}
{"target": 64.41713310895842, "params": {"C": 1248.2699412658915, "epsilon": 18.52894994426237, "gamma": 100.82758978372537}}
{"target": 64.81897919112672, "params": {"C": 1348.6246606036834, "epsilon": 26.247110624252922, "gamma": 66.8728001842427}}
{"target": 67.11536196082469, "params": {"C": 357.130264101692, "epsilon": 57.51734234204389, "gamma": 8.672081461922394}}
{"target": 54.33060820229182, "params": {"C": 1143.73703795491, "epsilon": 35.85594673822486, "gamma": 0.5160466700658641}}
{"target": 67.52180558467353, "params": {"C": 410.5429267052096, "epsilon": 61.90262189938076, "gamma": 5.407983919993648}}
{"target": 66.17624513836043, "params": {"C": 172.34281630351063, "epsilon": 46.77443543352361, "gamma": 56.46722112449241}}
{"target": 64.81370234347264, "params": {"C": 1209.2681227579997, "epsilon": 38.97074080590122, "gamma": 2.106158493531518}}
{"target": 64.23390641778182, "params": {"C": 1002.9641653741412, "epsilon": 14.63751473633127, "gamma": 102.86731417643074}}
{"target": 65.56626818158591, "params": {"C": 1497.6358636473703, "epsilon": 39.04661229829941, "gamma": 4.846082862005884}}
{"target": 64.39841802113219, "params": {"C": 1090.0036582309574, "epsilon": 18.140508967553963, "gamma": 48.68750964605708}}
{"target": 65.41223474447008, "params": {"C": 74.90566140552744, "epsilon": 50.8677345061665, "gamma": 75.91067319785391}}
{"target": 50.464548677527645, "params": {"C": 1381.1393642146177, "epsilon": 39.601625323471694, "gamma": 0.3065211432869104}}
{"target": 64.34090964281893, "params": {"C": 1446.1343679194658, "epsilon": 31.0517951549394, "gamma": 2.20429575077317}}
{"target": 65.13940142276638, "params": {"C": 791.8697158955736, "epsilon": 37.144447720925776, "gamma": 2.76479875558952}}
{"target": 64.46234835241626, "params": {"C": 1202.4872675093961, "epsilon": 22.97542363488742, "gamma": 3.262058330619777}}
{"target": 65.5498551169132, "params": {"C": 2018.243713705768, "epsilon": 38.86723326212953, "gamma": 4.708752467743813}}
{"target": 64.21497535587208, "params": {"C": 823.2191909499393, "epsilon": 14.24131709865824, "gamma": 46.29410769938876}}
{"target": 65.44800839433836, "params": {"C": 95.42295314253386, "epsilon": 44.637360616159654, "gamma": 6.510959538118818}}
{"target": 66.85223854201163, "params": {"C": 727.290661045008, "epsilon": 54.73082955892944, "gamma": 131.63839612390584}}
{"target": 65.28817646886868, "params": {"C": 1076.8027497792596, "epsilon": 34.352594863490275, "gamma": 61.81578510645308}}
{"target": 64.10598044841235, "params": {"C": 853.6743756190376, "epsilon": 11.98143577723727, "gamma": 55.2130300977772}}
{"target": 63.99172844008696, "params": {"C": 1181.9520172150064, "epsilon": 18.62803695987523, "gamma": 2.6952394108590685}}
{"target": 64.88457298064031, "params": {"C": 2195.8725020606394, "epsilon": 27.403194148777086, "gamma": 60.12568426308305}}
{"target": 63.717176772683636, "params": {"C": 1161.3544487959084, "epsilon": 25.350923296667705, "gamma": 2.0265643908940074}}
{"target": 62.8546982398026, "params": {"C": 1337.160598872506, "epsilon": 42.65593866630132, "gamma": 1.1858111569725234}}
{"target": 64.28667265411414, "params": {"C": 938.0429897674976, "epsilon": 15.753890025758652, "gamma": 46.09738377934331}}
{"target": 65.54245614366647, "params": {"C": 814.6737993500685, "epsilon": 38.59032355151243, "gamma": 117.67554003327056}}
{"target": 63.519958091931926, "params": {"C": 1610.2101616902744, "epsilon": 27.856012036209183, "gamma": 1.818546804245181}}
{"target": 65.41114625456636, "params": {"C": 2255.1847135775033, "epsilon": 36.465609695218255, "gamma": 67.91775533161443}}
{"target": 66.2223589248105, "params": {"C": 725.7917885067495, "epsilon": 47.32470000230125, "gamma": 57.44980427128339}}
{"target": 64.74539617548069, "params": {"C": 674.5552702033901, "epsilon": 24.932764380673532, "gamma": 62.087010938278496}}
{"target": 68.01098158301518, "params": {"C": 5746.458793881404, "epsilon": 67.0991646962138, "gamma": 133.9831218624593}}
{"target": 64.14243084655637, "params": {"C": 1335.4389807528814, "epsilon": 12.736814556699922, "gamma": 122.18405641024815}}
{"target": 63.170576176296684, "params": {"C": 2065.0799915258244, "epsilon": 29.792893785250467, "gamma": 1.6138914786941354}}
{"target": 64.19696157319845, "params": {"C": 1410.8355336804066, "epsilon": 13.864633642809816, "gamma": 46.91610530502984}}
{"target": 61.73140572178586, "params": {"C": 811.3409221149263, "epsilon": 38.94718502741515, "gamma": 1.081023939145985}}
{"target": 64.23995357318275, "params": {"C": 87.08841705031568, "epsilon": 35.689406257577524, "gamma": 5.66223700433499}}
{"target": 63.92153500165914, "params": {"C": 450.68105711404144, "epsilon": 34.470040377597094, "gamma": 1.7598325620704747}}
{"target": 64.89253488812965, "params": {"C": 788.5504305521791, "epsilon": 27.54366007891386, "gamma": 63.74513964840623}}
{"target": 59.17829112218469, "params": {"C": 870.8056358378823, "epsilon": 26.02341754014885, "gamma": 0.9666913208088579}}
{"target": 64.09538804132251, "params": {"C": 918.0325588336099, "epsilon": 11.765022844482012, "gamma": 54.849363713713956}}
{"target": 65.24725853777383, "params": {"C": 1605.5989301295808, "epsilon": 43.56203094819911, "gamma": 2.1303261235799753}}
{"target": 64.31281752500925, "params": {"C": 1213.305068556916, "epsilon": 16.30972065885044, "gamma": 46.1316477048819}}
{"target": 64.86779059410581, "params": {"C": 2011.0715860640416, "epsilon": 27.108995528561877, "gamma": 64.02426705526958}}
{"target": 65.50480764931817, "params": {"C": 654.062167375193, "epsilon": 38.014249216918486, "gamma": 56.03718750188318}}
{"target": 65.47230708214127, "params": {"C": 787.4563168490583, "epsilon": 37.49516444334168, "gamma": 68.53263125391722}}
{"target": 47.62748683029899, "params": {"C": 962.4044088605807, "epsilon": 26.763559671546, "gamma": 0.24601969889604153}}
{"target": 64.74072278811857, "params": {"C": 980.3674017188164, "epsilon": 24.84663592301849, "gamma": 53.592672726388614}}
{"target": 64.4816123515991, "params": {"C": 1273.2012734314158, "epsilon": 23.407669897686283, "gamma": 3.2458035675674184}}
{"target": 64.14826508279936, "params": {"C": 840.2486384071576, "epsilon": 12.857006178798024, "gamma": 46.85363367762702}}
{"target": 64.15353889871848, "params": {"C": 980.8930867595758, "epsilon": 16.07840409952035, "gamma": 3.4177000112130314}}
{"target": 55.402657558726744, "params": {"C": 1883.3366656394946, "epsilon": 47.94566104087574, "gamma": 0.43575668003338497}}
{"target": 71.98584931674691, "params": {"C": 3665.2363674158023, "epsilon": 104.59974914309916, "gamma": 210.8506901799793}}
{"target": 65.35147621183378, "params": {"C": 1058.3661026992543, "epsilon": 35.44287195634797, "gamma": 58.4391799296218}}
{"target": 65.31606451915584, "params": {"C": 466.14245957956405, "epsilon": 34.833470794447564, "gamma": 50.14243094210565}}
{"target": 66.35779960706415, "params": {"C": 504.52276787720217, "epsilon": 48.95410085416252, "gamma": 58.286488739237626}}
{"target": 62.08244953846846, "params": {"C": 922.1281876829954, "epsilon": 26.155428949038388, "gamma": 1.3965012307801459}}
{"target": 65.88658504722747, "params": {"C": 546.749765516843, "epsilon": 43.27464281533576, "gamma": 68.1687759660185}}
{"target": 64.70732302394808, "params": {"C": 567.6420959199206, "epsilon": 40.53565056482557, "gamma": 1.910448736561603}}
{"target": 65.69374743915655, "params": {"C": 1858.4831582671022, "epsilon": 40.78810759248571, "gamma": 66.21964766778333}}
{"target": 66.30265645158534, "params": {"C": 1665.7533897013095, "epsilon": 48.2927919802972, "gamma": 50.69789840001203}}
{"target": 64.99166370299528, "params": {"C": 1577.310733150529, "epsilon": 29.27633821280864, "gamma": 58.01827091531432}}
{"target": 60.35481321730416, "params": {"C": 669.6387833883134, "epsilon": 22.44669081089627, "gamma": 1.1505328327068156}}
{"target": 64.66781805093053, "params": {"C": 711.9753689866933, "epsilon": 23.475257644365513, "gamma": 114.24191755681183}}
{"target": 65.8557902002547, "params": {"C": 674.0311778925562, "epsilon": 45.56176862399717, "gamma": 2.9059696120139678}}
{"target": 65.63689459668217, "params": {"C": 599.1500398167432, "epsilon": 41.79523950023419, "gamma": 3.311611807210109}}
{"target": 49.15906303208342, "params": {"C": 948.0906920084764, "epsilon": 40.21276904539235, "gamma": 0.24913437128773436}}
{"target": 67.27648672656247, "params": {"C": 782.488960207535, "epsilon": 59.3264751538444, "gamma": 63.167939785072676}}
{"target": 65.10695103699719, "params": {"C": 1055.634847496083, "epsilon": 31.24536614388723, "gamma": 128.1112183422757}}
{"target": 72.79643447867906, "params": {"C": 89.9894150546852, "epsilon": 109.24912470866042, "gamma": 487.53137849986655}}
{"target": 65.3951019788715, "params": {"C": 2103.077394204917, "epsilon": 38.28221994013573, "gamma": 3.4004797385328858}}
{"target": 65.0936884446149, "params": {"C": 1804.3331730952964, "epsilon": 31.020899105114353, "gamma": 53.853905561884105}}
{"target": 66.51797795740684, "params": {"C": 1019.9117340053022, "epsilon": 50.849781276346704, "gamma": 76.7751093224218}}
{"target": 69.4579945570073, "params": {"C": 190.22642948208568, "epsilon": 83.00769797087055, "gamma": 224.12110518621418}}
{"target": 58.48596922439786, "params": {"C": 235.98097336454873, "epsilon": 20.06231256382192, "gamma": 0.9624241181613563}}
{"target": 42.11982821144547, "params": {"C": 1118.7643030638333, "epsilon": 24.86809498189077, "gamma": 0.037610285347687185}}
{"target": 64.94629895131912, "params": {"C": 579.4031858820324, "epsilon": 28.489712879491186, "gamma": 50.811524260332256}}
{"target": 72.61759368361729, "params": {"C": 1574.7284503599844, "epsilon": 108.27422578906362, "gamma": 261.5257185029837}}
{"target": 64.900890592249, "params": {"C": 1314.0541821700435, "epsilon": 27.691073078054774, "gamma": 101.01989467700115}}
{"target": 64.70614035107141, "params": {"C": 1415.1177088253116, "epsilon": 24.20734393431738, "gamma": 64.85293074797417}}
{"target": 65.0449824324346, "params": {"C": 869.7730047844886, "epsilon": 30.186347454278504, "gamma": 50.78786260900025}}
{"target": 65.47727499735973, "params": {"C": 774.9408782041637, "epsilon": 37.5780896313337, "gamma": 51.247739465636485}}
{"target": 66.93757311827218, "params": {"C": 624.1387981217654, "epsilon": 55.55692744943682, "gamma": 6.851384022661135}}
{"target": 65.89441974873628, "params": {"C": 1437.7782311188619, "epsilon": 43.6739047971351, "gamma": 4.348781535066665}}
{"target": 66.5579769873114, "params": {"C": 1436.5626957225961, "epsilon": 51.32335073720681, "gamma": 147.57596801698642}}
