{"target": 47.898632100040984, "params": {"C": 728.5734910151057, "epsilon": 11.552824376503292, "gamma": 0.1874440918369285}}
{"target": 45.31900627741003, "params": {"C": 1020.9239835018959, "epsilon": 23.520433479822724, "gamma": 0.07143093574816353}}
{"target": 46.297923730400484, "params": {"C": 998.0094724102439, "epsilon": 26.30645124077245, "gamma": 0.09991786167163963}}
{"target": 41.128861275053374, "params": {"C": 873.7719112020775, "epsilon": 22.5662803963798, "gamma": 0.00045221941753025713}}
{"target": 48.64432144632194, "params": {"C": 1205.1432879958286, "epsilon": 18.2301212091586, "gamma": 0.16527177869150933}}
{"target": 38.99682718942139, "params": {"C": 704.7586497781168, "epsilon": 28.226527245989857, "gamma": 0.007386753447546494}}
{"target": 39.291588407038226, "params": {"C": 1106.17857149903, "epsilon": 21.93757078135564, "gamma": 0.008994426490624298}}
{"target": 39.30561855522791, "params": {"C": 1128.4537452312209, "epsilon": 20.466030920972003, "gamma": 0.0036596780242155943}}
{"target": 48.23680785840186, "params": {"C": 1247.598244906452, "epsilon": 16.25928135933598, "gamma": 0.24248441906875146}}
{"target": 44.64182884398302, "params": {"C": 720.607933574162, "epsilon": 26.717667165867347, "gamma": 0.07370020928652955}}
{"target": 39.04439293508707, "params": {"C": 759.412701352004, "epsilon": 29.611700653719137, "gamma": 0.007189559689128532}}
{"target": 45.347251532946146, "params": {"C": 704.501927059452, "epsilon": 28.17412628749891, "gamma": 0.1060821374696924}}
{"target": 45.5298042772889, "params": {"C": 724.3980850952147, "epsilon": 27.07128387571991, "gamma": 0.11020229185082799}}
{"target": 45.10204044704261, "params": {"C": 704.8736077710614, "epsilon": 29.313121247075514, "gamma": 0.09641141133799466}}
{"target": 42.7033784384037, "params": {"C": 761.3369313344831, "epsilon": 29.66965577873298, "gamma": 0.04654006197062839}}
{"target": 39.04123238273756, "params": {"C": 706.5423623146617, "epsilon": 27.37867469961663, "gamma": 0.007252069761954757}}
{"target": 40.27730493048581, "params": {"C": 815.0271646134629, "epsilon": 28.46154344044793, "gamma": 0.02760655389107486}}
{"target": 51.66561380117075, "params": {"C": 706.8672362881749, "epsilon": 25.061036727818124, "gamma": 0.4710452063470491}}
{"target": 39.25641106628411, "params": {"C": 785.9077194729174, "epsilon": 29.061818887537488, "gamma": 0.014275917150244354}}
{"target": 39.23898645477199, "params": {"C": 735.5965295818786, "epsilon": 25.75528207396699, "gamma": 0.004455085442693117}}
{"target": 40.52825149925102, "params": {"C": 733.9922898245544, "epsilon": 26.856441434403198, "gamma": 0.033375273476985094}}
{"target": 40.23008291394737, "params": {"C": 726.3271547086455, "epsilon": 28.24945559017969, "gamma": 0.029174836976689926}}
{"target": 41.40243034453751, "params": {"C": 768.8166369359669, "epsilon": 29.226196954022576, "gamma": 0.0373878022587778}}
{"target": 50.34982587270335, "params": {"C": 1467.7903157663497, "epsilon": 23.880619607632717, "gamma": 0.41742772900766806}}
{"target": 39.20475219467977, "params": {"C": 790.8398748590238, "epsilon": 28.080940850523845, "gamma": 0.004375611925170027}}
{"target": 40.173894720724526, "params": {"C": 714.9621418721442, "epsilon": 27.95269426859166, "gamma": 0.028991153085686894}}
{"target": 43.928513179390386, "params": {"C": 737.8044139693015, "epsilon": 29.43977398337478, "gamma": 0.05964400649810549}}
{"target": 44.51126832179251, "params": {"C": 734.3655908369744, "epsilon": 25.962236672688565, "gamma": 0.07097642891877029}}
{"target": 39.25940978505334, "params": {"C": 720.0680575810451, "epsilon": 26.275532207718314, "gamma": 0.004282089954883822}}
{"target": 44.575177815901455, "params": {"C": 723.6217209891253, "epsilon": 28.70699427232752, "gamma": 0.07068425683936354}}
{"target": 44.18741850575251, "params": {"C": 700.2832127039255, "epsilon": 24.78033551187568, "gamma": 0.06864998532539364}}
{"target": 39.298059576526576, "params": {"C": 868.7896043287335, "epsilon": 29.74513715174511, "gamma": 0.013267238829318857}}
{"target": 45.07826292963159, "params": {"C": 808.2579470287816, "epsilon": 24.71800177497063, "gamma": 0.07817894678657937}}
{"target": 45.392116424032096, "params": {"C": 832.6759786693476, "epsilon": 24.819426371752385, "gamma": 0.08308383637042954}}
{"target": 43.60312911852382, "params": {"C": 934.6315811598029, "epsilon": 26.260772912285674, "gamma": 0.00015041551558763258}}
{"target": 39.0354942619569, "params": {"C": 757.6546045816876, "epsilon": 29.553623395303028, "gamma": 0.0073128357750967135}}
{"target": 52.54065397508257, "params": {"C": 1317.539482340898, "epsilon": 27.453639197061847, "gamma": 0.4989136471766188}}
{"target": 45.62223768328736, "params": {"C": 821.7848601288324, "epsilon": 21.695329466143324, "gamma": 0.10597982520666582}}
{"target": 47.444127147207816, "params": {"C": 895.5546633462269, "epsilon": 24.876432122325618, "gamma": 0.21609905078025546}}
{"target": 48.22821644558196, "params": {"C": 812.2494962561748, "epsilon": 14.720815888674426, "gamma": 0.328571065959637}}
{"target": 39.00051343799028, "params": {"C": 759.4292624492663, "epsilon": 28.966269969498825, "gamma": 0.006633533995975675}}
{"target": 39.2629740082475, "params": {"C": 798.061453067989, "epsilon": 28.949455162476678, "gamma": 0.014083251075508743}}
{"target": 39.582747085593596, "params": {"C": 812.0982059857286, "epsilon": 29.15930176740336, "gamma": 0.01944883907256166}}
{"target": 39.21286515682486, "params": {"C": 957.7679287814296, "epsilon": 28.82596465434771, "gamma": 0.008502316287622488}}
{"target": 39.30605622339495, "params": {"C": 977.737073200875, "epsilon": 29.98848583475448, "gamma": 0.008509883319153644}}
{"target": 39.266850264567545, "params": {"C": 799.8671977274181, "epsilon": 27.9936936633803, "gamma": 0.004010347865435174}}
{"target": 40.133871799046815, "params": {"C": 716.4865833067687, "epsilon": 28.958976164269593, "gamma": 0.02721462849627874}}
{"target": 42.971051565010306, "params": {"C": 709.125102970653, "epsilon": 29.271235955802236, "gamma": 0.05046627295300922}}
{"target": 39.16003516828762, "params": {"C": 810.0839100737883, "epsilon": 26.556838550295222, "gamma": 0.004644049299131151}}
{"target": 40.622679317749984, "params": {"C": 704.964644890194, "epsilon": 28.947223950797223, "gamma": 0.03379554606778059}}
{"target": 43.26163516278958, "params": {"C": 910.4159614927153, "epsilon": 25.106693453256945, "gamma": 0.05008289527667448}}
{"target": 45.19161151825105, "params": {"C": 889.28548664223, "epsilon": 28.16752127735298, "gamma": 0.0731484570115348}}
{"target": 39.11086913775471, "params": {"C": 723.4228397403383, "epsilon": 29.81103024962842, "gamma": 0.008863659927167594}}
{"target": 45.027308268553114, "params": {"C": 863.5544277663541, "epsilon": 25.054191186855302, "gamma": 0.0727475347254681}}
{"target": 39.59585270387287, "params": {"C": 782.93431646611, "epsilon": 29.565131558049373, "gamma": 0.0029096178830737658}}
{"target": 45.28776638711312, "params": {"C": 836.576609634125, "epsilon": 27.079403183779437, "gamma": 0.07895454953379767}}
{"target": 44.909050129141384, "params": {"C": 889.162885433387, "epsilon": 25.747934965049392, "gamma": 0.0684113822918494}}
{"target": 44.74381717218279, "params": {"C": 782.4271816876669, "epsilon": 27.168557169311324, "gamma": 0.00014424998247487483}}
{"target": 39.21492923743896, "params": {"C": 924.5938586207978, "epsilon": 23.760846100242777, "gamma": 0.005881987847817718}}
{"target": 39.03417489474042, "params": {"C": 824.5407915287977, "epsilon": 29.29796078248607, "gamma": 0.005871141201415342}}
{"target": 39.18929231453226, "params": {"C": 846.2411068535471, "epsilon": 25.261236344901818, "gamma": 0.011054837253647112}}
{"target": 39.09537905409526, "params": {"C": 915.1108652477985, "epsilon": 25.523140730232207, "gamma": 0.006724452792487008}}
{"target": 39.31302311049269, "params": {"C": 888.6241702722377, "epsilon": 29.824359610390236, "gamma": 0.013535413523814925}}
{"target": 44.23400425274095, "params": {"C": 1014.4561793319307, "epsilon": 25.862274896223845, "gamma": 0.05510598777801718}}
{"target": 45.832003072380616, "params": {"C": 1031.0618778906323, "epsilon": 26.602694864687468, "gamma": 0.07558309115018857}}
{"target": 45.645503218885345, "params": {"C": 970.4132859724903, "epsilon": 26.94593603086815, "gamma": 0.07632189802439551}}
{"target": 47.75174567410535, "params": {"C": 1407.1420647872483, "epsilon": 28.744830080991463, "gamma": 0.25737599639714526}}
{"target": 39.71259354910378, "params": {"C": 864.5165116417554, "epsilon": 29.470359596845654, "gamma": 0.0024489653624369806}}
{"target": 39.04549408102732, "params": {"C": 882.0512235422731, "epsilon": 28.75014003796241, "gamma": 0.007213558262272263}}
{"target": 42.00541041442187, "params": {"C": 726.851812368394, "epsilon": 28.349707176281825, "gamma": 0.00032809589615225617}}
{"target": 39.58126253939435, "params": {"C": 735.7318013858776, "epsilon": 27.77226142456319, "gamma": 0.002712884052383491}}
{"target": 39.07479299541624, "params": {"C": 859.207618968682, "epsilon": 22.447813020311177, "gamma": 0.015430764685794261}}
{"target": 44.24175786244492, "params": {"C": 799.8791505461854, "epsilon": 22.087460774466816, "gamma": 0.06840314829166771}}
{"target": 44.51639055641749, "params": {"C": 803.1668772630327, "epsilon": 20.95644978363796, "gamma": 0.07471898294459357}}
{"target": 43.664800830175054, "params": {"C": 901.8620416550064, "epsilon": 21.65588455620475, "gamma": 0.05687354832588322}}
{"target": 42.72790258177416, "params": {"C": 831.1664527483139, "epsilon": 22.55424184975973, "gamma": 0.050565419632392174}}
{"target": 39.10682256879004, "params": {"C": 998.9910883997023, "epsilon": 26.184331177208108, "gamma": 0.006867901384402953}}
{"target": 39.95024851456482, "params": {"C": 965.7804367269619, "epsilon": 26.807949609991248, "gamma": 0.0016840383848227324}}
{"target": 38.91527155611247, "params": {"C": 994.493191095162, "epsilon": 25.449800607172183, "gamma": 0.012368157418970772}}
{"target": 40.98660839782599, "params": {"C": 926.1783122432353, "epsilon": 25.729488903770896, "gamma": 0.03271166901704718}}
{"target": 44.08732348178429, "params": {"C": 926.9812160909588, "epsilon": 24.793918052780466, "gamma": 0.05736456180638684}}
{"target": 42.239087336123504, "params": {"C": 901.9061077421477, "epsilon": 21.697791639565548, "gamma": 0.00022714814838555378}}
{"target": 39.10711483084918, "params": {"C": 861.8378319953332, "epsilon": 25.314445428027064, "gamma": 0.0075886359042442505}}
{"target": 44.98513395198123, "params": {"C": 985.316454599413, "epsilon": 25.210651281266077, "gamma": 0.0654041148096376}}
{"target": 43.511528229713996, "params": {"C": 1043.9291018439585, "epsilon": 24.543658341170765, "gamma": 0.0491038373970403}}
{"target": 40.24494047111788, "params": {"C": 825.8785135221974, "epsilon": 25.168403330605106, "gamma": 0.0010765492199013883}}
{"target": 45.502195341682764, "params": {"C": 875.2548914366748, "epsilon": 28.680489715575828, "gamma": 0.088335198265222}}
{"target": 48.59365018364969, "params": {"C": 1015.9820786672468, "epsilon": 9.438734825255741, "gamma": 0.3704970360614918}}
{"target": 45.495548222053465, "params": {"C": 800.3704197528041, "epsilon": 27.618997039570917, "gamma": 0.09623307118312942}}
{"target": 47.61216223851169, "params": {"C": 827.6461656432026, "epsilon": 29.629252825461144, "gamma": 0.1322461524190938}}
{"target": 39.25875471434108, "params": {"C": 706.9950861831701, "epsilon": 28.548254601523105, "gamma": 0.01551375636643551}}
{"target": 45.6947559474139, "params": {"C": 814.6443973400203, "epsilon": 27.195039117916114, "gamma": 0.10172100417692001}}
{"target": 39.27425682049049, "params": {"C": 744.1638123354749, "epsilon": 20.39443835540503, "gamma": 0.004845829939388362}}
{"target": 51.8794051377994, "params": {"C": 1030.7615837808694, "epsilon": 26.96079249239141, "gamma": 0.4681329963276415}}
{"target": 44.03674422977204, "params": {"C": 704.5231013761626, "epsilon": 25.42904876389803, "gamma": 0.06483868193731965}}
{"target": 40.170089283737234, "params": {"C": 707.2140967257361, "epsilon": 29.980941192681236, "gamma": 0.027215225244351247}}
{"target": 48.05887733303722, "params": {"C": 934.5408059729668, "epsilon": 22.321668119845278, "gamma": 0.158530147686007}}
{"target": 39.177979003991496, "params": {"C": 1015.6610638188529, "epsilon": 24.49065965786431, "gamma": 0.00557038013109729}}
{"target": 39.45893819250405, "params": {"C": 714.5191445706471, "epsilon": 27.508090517578378, "gamma": 0.003143948965818424}}
{"target": 47.23114254526273, "params": {"C": 921.1825104574549, "epsilon": 23.453169757710448, "gamma": 0.130055048742422}}
{"target": 39.13124019577338, "params": {"C": 938.0975821618775, "epsilon": 27.17946225641126, "gamma": 0.007250260817653056}}
{"target": 39.36880802936745, "params": {"C": 866.8160940028831, "epsilon": 28.638022510882664, "gamma": 0.0034396144507820373}}
{"target": 39.03444384955832, "params": {"C": 853.2193224325359, "epsilon": 27.651885955947655, "gamma": 0.005705377047569754}}
{"target": 45.56740886964648, "params": {"C": 833.2642816449774, "epsilon": 25.62023012422424, "gamma": 0.09309435813706103}}
{"target": 39.142633158615, "params": {"C": 1010.5349429965233, "epsilon": 25.250411976346058, "gamma": 0.004474503225918488}}
{"target": 39.1523266781178, "params": {"C": 985.2219894003648, "epsilon": 23.96066391390912, "gamma": 0.004914981640592234}}
{"target": 42.63574368747322, "params": {"C": 827.3996764479054, "epsilon": 25.35580907672521, "gamma": 0.04714679991621134}}
{"target": 49.844076800398724, "params": {"C": 1100.9483735025276, "epsilon": 12.701411078151185, "gamma": 0.46490718424599775}}
{"target": 43.43293150169793, "params": {"C": 942.4812591567745, "epsilon": 26.7039588785222, "gamma": 0.04921074373489129}}
{"target": 39.293001551320735, "params": {"C": 856.3868529792016, "epsilon": 25.5146965852462, "gamma": 0.004048085219315475}}
{"target": 42.97318011336485, "params": {"C": 897.7908887842464, "epsilon": 26.87489191265601, "gamma": 0.046445444237108474}}
{"target": 45.96223663202264, "params": {"C": 1000.568663361816, "epsilon": 28.9792641884491, "gamma": 0.08961969020187466}}
{"target": 39.16571201074127, "params": {"C": 846.7039469126112, "epsilon": 27.476142898488888, "gamma": 0.013113241452855483}}
{"target": 39.34231515078557, "params": {"C": 912.6548524727959, "epsilon": 29.53938118735699, "gamma": 0.010287691258851164}}
{"target": 39.67457357291859, "params": {"C": 900.1116212394131, "epsilon": 27.247763605160834, "gamma": 0.0023404285312369176}}
{"target": 39.61676770450687, "params": {"C": 924.829641507618, "epsilon": 22.46273060592198, "gamma": 0.0024694825499214108}}
{"target": 44.57746335777317, "params": {"C": 900.3224010668423, "epsilon": 28.790713088618368, "gamma": 0.06201429495981493}}
{"target": 45.9999262273087, "params": {"C": 978.2710902915849, "epsilon": 24.23718346883367, "gamma": 0.09381975752283413}}
{"target": 45.53673907229773, "params": {"C": 848.2224159856585, "epsilon": 25.526483940810653, "gamma": 0.08566333430989166}}
{"target": 43.35774338612681, "params": {"C": 959.2037025089763, "epsilon": 18.87633805659665, "gamma": 0.05557140924741168}}
{"target": 40.552156726536936, "params": {"C": 815.3221863777692, "epsilon": 28.153901051321235, "gamma": 0.0011622835022252857}}
{"target": 45.65264378200213, "params": {"C": 1023.3669069184195, "epsilon": 23.91024610406052, "gamma": 0.0756776819320483}}
{"target": 45.62585225638852, "params": {"C": 1046.5462045267157, "epsilon": 23.303807342661436, "gamma": 0.07503253046124904}}
{"target": 40.042532425425584, "params": {"C": 960.7250572276156, "epsilon": 24.984038529733137, "gamma": 0.0012863990326258635}}
{"target": 45.15531241303174, "params": {"C": 809.6966972055903, "epsilon": 29.034373872811923, "gamma": 0.07865152640910777}}
{"target": 40.44423761697168, "params": {"C": 1038.009885448686, "epsilon": 24.597945046973454, "gamma": 0.0007714453543439768}}
{"target": 45.03754638423408, "params": {"C": 803.0779452454393, "epsilon": 28.82999653345817, "gamma": 0.07644817241430396}}
{"target": 49.89259553400281, "params": {"C": 1328.4043730863948, "epsilon": 9.378008299070252, "gamma": 0.18740607950982194}}
{"target": 39.044288111711346, "params": {"C": 740.3725243211816, "epsilon": 28.48002131722409, "gamma": 0.00544877510650653}}
{"target": 39.170517417876106, "params": {"C": 905.9987196062463, "epsilon": 23.500484310231574, "gamma": 0.005176437784098844}}
{"target": 39.771024074624776, "params": {"C": 947.3011484789557, "epsilon": 21.320069908426554, "gamma": 0.0014719005286910128}}
{"target": 39.1206903905152, "params": {"C": 842.662489784821, "epsilon": 26.13672744379723, "gamma": 0.005359772556119613}}
{"target": 39.2940507798328, "params": {"C": 763.8160432357798, "epsilon": 29.75431697680385, "gamma": 0.011635883945322605}}
{"target": 40.0399506581895, "params": {"C": 893.2597932825728, "epsilon": 16.10178651331696, "gamma": 0.03130214831098954}}
{"target": 47.5850876949949, "params": {"C": 748.6415328759458, "epsilon": 28.228963538290863, "gamma": 0.21368186535091632}}
{"target": 39.07356091224896, "params": {"C": 709.9336720945953, "epsilon": 25.191957550503048, "gamma": 0.00642177070655933}}
{"target": 44.089562511934545, "params": {"C": 851.7801145885488, "epsilon": 24.51028674535626, "gamma": 0.00014116737889875372}}
{"target": 45.25266748827825, "params": {"C": 1150.9415310348047, "epsilon": 23.578076766301507, "gamma": 0.06390724023325464}}
{"target": 45.09639206024675, "params": {"C": 924.7238169376965, "epsilon": 24.293117567935997, "gamma": 0.07164827897962837}}
{"target": 44.74883240416514, "params": {"C": 1008.9675926489897, "epsilon": 23.58233957275017, "gamma": 0.06312094342455814}}
{"target": 45.236222679377356, "params": {"C": 708.9787174516889, "epsilon": 29.821055584605844, "gamma": 0.10186171935280366}}
{"target": 45.801180528104084, "params": {"C": 966.2273630243776, "epsilon": 22.457610884431418, "gamma": 0.09178389683204344}}
{"target": 45.05700610713642, "params": {"C": 931.7129929568412, "epsilon": 23.96861479012245, "gamma": 0.07117777515051471}}
{"target": 51.34400776287423, "params": {"C": 879.4448640859501, "epsilon": 22.86372466354298, "gamma": 0.4711641257523035}}
{"target": 40.52759859954923, "params": {"C": 963.080366283064, "epsilon": 25.9561558626741, "gamma": 0.000673398299127298}}
{"target": 39.47602224517913, "params": {"C": 852.5914770226842, "epsilon": 28.57187753201233, "gamma": 0.002847341570297002}}
{"target": 43.6567548088101, "params": {"C": 853.3145915512305, "epsilon": 29.7854806115552, "gamma": 0.05197365240179578}}
{"target": 50.37201738754792, "params": {"C": 769.6320075342751, "epsilon": 12.861443225329218, "gamma": 0.4868590786774426}}
{"target": 39.91178455001485, "params": {"C": 859.825317602078, "epsilon": 28.39473923434848, "gamma": 0.0019372497126938833}}
{"target": 39.23860325047004, "params": {"C": 721.2598727058246, "epsilon": 29.629284388603487, "gamma": 0.014266142662336837}}
{"target": 45.41251891678935, "params": {"C": 825.8058614851744, "epsilon": 26.100913837865804, "gamma": 0.08355988883697123}}
{"target": 45.29771473579778, "params": {"C": 746.0310262691534, "epsilon": 26.381117045750642, "gamma": 0.08862426131034853}}
{"target": 45.175876858792876, "params": {"C": 845.1709347669007, "epsilon": 25.598315317267005, "gamma": 0.0755404611593811}}
{"target": 45.17606246647834, "params": {"C": 713.8533709798913, "epsilon": 27.07808386015571, "gamma": 0.08834735552938873}}
{"target": 47.927732299630705, "params": {"C": 1371.4488913526243, "epsilon": 20.83479118436937, "gamma": 0.30272112405904383}}
{"target": 44.892341596984025, "params": {"C": 1084.2952874042244, "epsilon": 26.393476839533854, "gamma": 0.0587344377723984}}
{"target": 43.42656234503518, "params": {"C": 1076.557417330794, "epsilon": 24.281106256115873, "gamma": 0.04774972600069495}}
{"target": 45.98876886626826, "params": {"C": 1069.0820768821625, "epsilon": 25.261788036265582, "gamma": 0.07783567128201128}}
{"target": 39.288910781033046, "params": {"C": 953.8092867748971, "epsilon": 20.783724445751215, "gamma": 0.005597489114329193}}
{"target": 45.716520648110986, "params": {"C": 1043.2475989807194, "epsilon": 27.04474265407168, "gamma": 0.07172142981146414}}
{"target": 39.14362500780244, "params": {"C": 752.77791888068, "epsilon": 26.837392368022524, "gamma": 0.004993075987094028}}
{"target": 42.10856657649937, "params": {"C": 780.0294794002174, "epsilon": 25.954521472347942, "gamma": 0.0003005856425953952}}
{"target": 39.19177371805164, "params": {"C": 1067.1976044922474, "epsilon": 24.297947415118223, "gamma": 0.008697474883211032}}
{"target": 48.45754618682836, "params": {"C": 1197.1846989809353, "epsilon": 8.606875642045544, "gamma": 0.3534925362247675}}
{"target": 39.07334088144638, "params": {"C": 704.8388205373001, "epsilon": 26.833174409502384, "gamma": 0.008986540240892205}}
{"target": 39.275865533720555, "params": {"C": 857.2628084052253, "epsilon": 21.819369928510586, "gamma": 0.004566763107054879}}
{"target": 40.02518163905593, "params": {"C": 998.8068834852943, "epsilon": 26.282492989000414, "gamma": 0.0015773855170484836}}
{"target": 45.56434305116436, "params": {"C": 967.4435283604714, "epsilon": 19.68154853849528, "gamma": 0.08864406433416842}}
{"target": 43.520185683976706, "params": {"C": 945.4910784601591, "epsilon": 22.172371041877472, "gamma": 0.053397324871522475}}
{"target": 45.55943124324553, "params": {"C": 869.1721500493055, "epsilon": 23.0408278653663, "gamma": 0.09189395885822417}}
{"target": 39.409216413547725, "params": {"C": 1020.0232461132847, "epsilon": 23.613677454566044, "gamma": 0.003383457429013182}}
{"target": 45.51809457617072, "params": {"C": 1006.1076126301989, "epsilon": 19.045386715853788, "gamma": 0.08403130227928467}}
