{"target": 40.56805159453837, "params": {"C": 824.5719531908816, "epsilon": 28.31122598147567, "gamma": 0.0010418625143410552}}
{"target": 41.30850941735149, "params": {"C": 715.5839727755114, "epsilon": 23.503803321245123, "gamma": 0.00044578865425272743}}
{"target": 43.652677810670184, "params": {"C": 913.9847980437125, "epsilon": 22.886409917576305, "gamma": 0.05497331937273041}}
{"target": 41.30620389605053, "params": {"C": 706.0205022593808, "epsilon": 23.792745724960692, "gamma": 0.00046232805162399644}}
{"target": 41.215006260438386, "params": {"C": 1457.1435077563729, "epsilon": 26.00612641402373, "gamma": 0.02786100981490816}}
{"target": 45.657151447027374, "params": {"C": 769.071870726511, "epsilon": 26.08371657214941, "gamma": 0.10970915318078935}}
{"target": 44.30336180024809, "params": {"C": 915.8578633245921, "epsilon": 21.79303096011073, "gamma": 0.06442065240676456}}
{"target": 39.537215667662664, "params": {"C": 961.7830718805293, "epsilon": 24.44189027535492, "gamma": 0.0022162585226261876}}
{"target": 43.91373602540595, "params": {"C": 782.3177265045964, "epsilon": 24.584850627938287, "gamma": 0.060548128274363885}}
{"target": 39.767348329807774, "params": {"C": 973.9641152581158, "epsilon": 21.3589659687679, "gamma": 0.0019365556494202376}}
{"target": 46.36547287620102, "params": {"C": 828.5123521599618, "epsilon": 21.63929041565759, "gamma": 0.12667873644119018}}
{"target": 44.51033347827121, "params": {"C": 938.1978940048776, "epsilon": 23.488341743206554, "gamma": 0.06302271438328608}}
{"target": 48.245406923231215, "params": {"C": 1058.9237850740815, "epsilon": 22.699165329509167, "gamma": 0.14450712137388805}}
{"target": 39.107336763567375, "params": {"C": 1071.5517496851096, "epsilon": 26.601998248636534, "gamma": 0.00431948335662208}}
{"target": 42.58994720335586, "params": {"C": 804.3629199905736, "epsilon": 26.313813416527218, "gamma": 0.04652066623187505}}
{"target": 45.00364897440651, "params": {"C": 705.1258530553954, "epsilon": 24.219800020839084, "gamma": 0.08625002928930692}}
{"target": 44.17698489895405, "params": {"C": 875.6824930203761, "epsilon": 29.577761207289328, "gamma": 0.05724792881346796}}
{"target": 43.309287565901776, "params": {"C": 772.9148611991179, "epsilon": 26.56822932709069, "gamma": 0.0532323717598904}}
{"target": 43.663288800640714, "params": {"C": 954.9907587204791, "epsilon": 26.11609733994509, "gamma": 0.051625991131364145}}
{"target": 48.16264818490295, "params": {"C": 827.2256150388099, "epsilon": 12.3397721542229, "gamma": 0.23240490481929937}}
{"target": 44.01403141694275, "params": {"C": 859.4508787495653, "epsilon": 22.299279408076234, "gamma": 0.06236900308077596}}
{"target": 44.8855635120412, "params": {"C": 962.6555446395612, "epsilon": 26.168076635015566, "gamma": 0.06426385935584647}}
{"target": 43.380989729575745, "params": {"C": 703.9528167658823, "epsilon": 29.55943713132609, "gamma": 0.054288038105285034}}
{"target": 45.72730623400273, "params": {"C": 1103.1165426242828, "epsilon": 26.718314262826986, "gamma": 0.06792367079122838}}
{"target": 46.111838328831915, "params": {"C": 1123.9799584209024, "epsilon": 26.792553723493494, "gamma": 0.07603630453999936}}
{"target": 44.535099421762084, "params": {"C": 703.0875768658975, "epsilon": 27.341029906514574, "gamma": 0.07225511059110806}}
{"target": 42.79152077209229, "params": {"C": 772.0982045989731, "epsilon": 27.087791106386568, "gamma": 0.04865100107159953}}
{"target": 44.234587251096166, "params": {"C": 965.1345068481946, "epsilon": 28.790930707714544, "gamma": 0.05492583522837514}}
{"target": 43.383303538506084, "params": {"C": 821.1949475476226, "epsilon": 25.43416861434476, "gamma": 0.05353957295927495}}
{"target": 42.76284444942188, "params": {"C": 887.0754642113919, "epsilon": 26.43431146616447, "gamma": 0.045368369290246124}}
{"target": 43.8445170702564, "params": {"C": 1125.9810240740064, "epsilon": 23.033543904521853, "gamma": 0.051366730229806964}}
{"target": 39.13225506523325, "params": {"C": 890.5420699039528, "epsilon": 26.964931639788762, "gamma": 0.004628785554269991}}
{"target": 40.008504493190244, "params": {"C": 780.5426992792038, "epsilon": 26.304069524777386, "gamma": 0.001988852303530693}}
{"target": 48.240170151720704, "params": {"C": 1434.4594265409755, "epsilon": 21.49723172327331, "gamma": 0.1737924794825481}}
{"target": 46.06904880419982, "params": {"C": 852.7545620823495, "epsilon": 25.494537018785046, "gamma": 0.1113389612275881}}
{"target": 39.48672898409451, "params": {"C": 870.2694104576838, "epsilon": 25.972959504589134, "gamma": 0.0027983273740926507}}
{"target": 43.94333598119968, "params": {"C": 853.4164393304576, "epsilon": 29.95869272213998, "gamma": 0.05490700733296463}}
{"target": 39.186139647728844, "params": {"C": 704.8322777397156, "epsilon": 29.770126203935675, "gamma": 0.0047629883943504404}}
{"target": 39.4042873065428, "params": {"C": 703.6821166234464, "epsilon": 26.495329332645408, "gamma": 0.003489895331268899}}
{"target": 47.35197270981605, "params": {"C": 889.6036732741167, "epsilon": 25.390312959229618, "gamma": 0.13125536601087684}}
{"target": 44.589112567397585, "params": {"C": 917.0088931464892, "epsilon": 25.37200817592316, "gamma": 0.06279520075937528}}
{"target": 42.175338643364306, "params": {"C": 766.0956885101089, "epsilon": 23.2690759642006, "gamma": 0.0002921019839664425}}
{"target": 40.501670145849936, "params": {"C": 912.0536738784979, "epsilon": 29.95437462023933, "gamma": 0.0012220012985089106}}
{"target": 47.642677033398066, "params": {"C": 973.0682071661586, "epsilon": 24.576396898729044, "gamma": 0.13111302983771667}}
{"target": 39.74377388204418, "params": {"C": 822.2813359261324, "epsilon": 29.477923400602787, "gamma": 0.0023745317012529962}}
{"target": 44.13905143174194, "params": {"C": 871.8362235566148, "epsilon": 24.497912840458618, "gamma": 0.060221135524390165}}
{"target": 43.448519271285065, "params": {"C": 756.900537665052, "epsilon": 23.11829419091698, "gamma": 0.0580163748061896}}
{"target": 47.768918210249055, "params": {"C": 703.9125538286381, "epsilon": 29.56855315946434, "gamma": 0.1490618862719899}}
{"target": 39.93376138131326, "params": {"C": 937.2056985308182, "epsilon": 25.715940218143526, "gamma": 0.0016365276525123935}}
{"target": 40.105891685284554, "params": {"C": 840.422248829763, "epsilon": 25.630926344677466, "gamma": 0.0013892272440590944}}
{"target": 39.58741328145793, "params": {"C": 882.0970206872765, "epsilon": 22.00101377241327, "gamma": 0.00261978239959792}}
{"target": 43.54162172097822, "params": {"C": 1083.3968025769423, "epsilon": 24.330058376348003, "gamma": 0.04853126371641812}}
{"target": 47.0758572753222, "params": {"C": 920.2335395245659, "epsilon": 27.487808912545987, "gamma": 0.12039391815876122}}
{"target": 43.75188698424619, "params": {"C": 1077.4803940609474, "epsilon": 21.539548050277777, "gamma": 0.05315623928709236}}
{"target": 39.478854800189325, "params": {"C": 805.5809616358208, "epsilon": 26.77279944596247, "gamma": 0.0029218727831571787}}
{"target": 43.77019174976682, "params": {"C": 821.5717580566493, "epsilon": 22.28472469727114, "gamma": 0.06022983076791596}}
{"target": 45.61082063815638, "params": {"C": 1017.9885335724965, "epsilon": 22.430982608716256, "gamma": 0.07831017960500854}}
{"target": 42.69552884672442, "params": {"C": 991.0022726030203, "epsilon": 20.990170803363583, "gamma": 0.046400532126118464}}
{"target": 45.83170780363009, "params": {"C": 823.1289824419882, "epsilon": 27.795871328189154, "gamma": 0.10606961080702969}}
{"target": 42.11806808799231, "params": {"C": 804.7476918859611, "epsilon": 18.33513945509882, "gamma": 0.05047833953080577}}
{"target": 42.51169930400072, "params": {"C": 992.7388010013882, "epsilon": 24.495503694161194, "gamma": 0.042903997390059984}}
{"target": 43.737730103069325, "params": {"C": 705.2695233058578, "epsilon": 27.708747667537907, "gamma": 0.05927250411091487}}
{"target": 41.24577821122942, "params": {"C": 826.825444825654, "epsilon": 26.15564468832091, "gamma": 0.0004593138644776555}}
{"target": 39.82797989466271, "params": {"C": 991.3322469180293, "epsilon": 23.8533988709014, "gamma": 0.001454375112417628}}
{"target": 44.13672272355552, "params": {"C": 776.8651137053914, "epsilon": 27.967845209062688, "gamma": 0.061102074557299754}}
{"target": 45.63745487697658, "params": {"C": 796.1312790264919, "epsilon": 26.46212560286327, "gamma": 0.1019726249633365}}
{"target": 41.17528600352024, "params": {"C": 716.2644699649068, "epsilon": 25.86463012028102, "gamma": 0.0006146932349262247}}
{"target": 39.16302029257362, "params": {"C": 702.681319428713, "epsilon": 25.459280268814656, "gamma": 0.005371778033460055}}
{"target": 39.22513314887502, "params": {"C": 1148.0420056501132, "epsilon": 25.61025134927827, "gamma": 0.009150680383451196}}
{"target": 44.29814614453216, "params": {"C": 789.2067610503296, "epsilon": 24.84589594676845, "gamma": 0.06522922587347056}}
{"target": 47.80184076997042, "params": {"C": 892.1935856917707, "epsilon": 20.540001450313767, "gamma": 0.20164104938765734}}
{"target": 39.46289552770499, "params": {"C": 870.3495248976874, "epsilon": 24.58999558241218, "gamma": 0.002576939080793922}}
{"target": 52.21374721744489, "params": {"C": 1041.098605858561, "epsilon": 29.6965817786884, "gamma": 0.46446110697815035}}
{"target": 39.42138272210788, "params": {"C": 997.8251183494915, "epsilon": 25.530067730665117, "gamma": 0.00264747083549469}}
{"target": 50.72407772039901, "params": {"C": 784.9568678886292, "epsilon": 16.13891771872604, "gamma": 0.4859160082874088}}
{"target": 43.39416492129063, "params": {"C": 771.0434017496112, "epsilon": 20.843082565133255, "gamma": 0.05935030735167167}}
{"target": 44.63594335027936, "params": {"C": 705.0063215005844, "epsilon": 23.2033606745398, "gamma": 0.08041637650250391}}
{"target": 50.3161179724342, "params": {"C": 1321.6549327532207, "epsilon": 13.274934702040053, "gamma": 0.4838810797542118}}
{"target": 43.84092247600478, "params": {"C": 760.1429495708633, "epsilon": 21.762403803913852, "gamma": 0.06477451552060087}}
{"target": 44.18749968895453, "params": {"C": 706.83174517184, "epsilon": 20.42296904978642, "gamma": 0.07574137307800291}}
{"target": 43.69738037700529, "params": {"C": 1030.4129158655464, "epsilon": 27.67960028657277, "gamma": 0.04885653937765436}}
{"target": 39.06166320393007, "params": {"C": 1053.9944102632905, "epsilon": 26.952930311652175, "gamma": 0.005625003587133827}}
{"target": 39.06660726732836, "params": {"C": 700.2595767110957, "epsilon": 27.711391026891793, "gamma": 0.006013247584556921}}
{"target": 42.105776369235045, "params": {"C": 700.6152662868499, "epsilon": 26.093539088773397, "gamma": 0.04672939334699945}}
{"target": 39.60441072269178, "params": {"C": 779.7434288123297, "epsilon": 28.061497989625376, "gamma": 0.002554774850868656}}
{"target": 40.51687154676552, "params": {"C": 934.2972151021332, "epsilon": 23.247109042545617, "gamma": 0.0010046613241072484}}
{"target": 42.917061626255474, "params": {"C": 870.637170644725, "epsilon": 28.15224983561491, "gamma": 0.045846572271029104}}
{"target": 41.821014329307424, "params": {"C": 884.5162753398915, "epsilon": 24.33521242049855, "gamma": 0.040420382701785294}}
{"target": 44.2629045728918, "params": {"C": 860.4228551151398, "epsilon": 24.310718000565206, "gamma": 0.062133250043737785}}
{"target": 42.574829931532626, "params": {"C": 884.2937301066254, "epsilon": 28.09383997580136, "gamma": 0.0430106286986966}}
{"target": 43.49842335465097, "params": {"C": 965.8758392467782, "epsilon": 28.214579162961936, "gamma": 0.04826813462788465}}
{"target": 43.201594967125466, "params": {"C": 860.1121864218562, "epsilon": 21.189164285577736, "gamma": 0.05401270964475628}}
{"target": 41.579123348129535, "params": {"C": 787.9007611368593, "epsilon": 28.75743569421829, "gamma": 0.00043392026390423437}}
{"target": 44.46157159990011, "params": {"C": 818.785778146956, "epsilon": 27.223821063036052, "gamma": 0.06406208947877114}}
{"target": 43.983135487859755, "params": {"C": 788.039323573768, "epsilon": 27.844612264657716, "gamma": 0.05854419027667238}}
{"target": 41.61703813478867, "params": {"C": 1010.3219108913959, "epsilon": 21.24857056786213, "gamma": 0.0002716652169890456}}
{"target": 43.77350819503643, "params": {"C": 977.149544696857, "epsilon": 23.720905801858528, "gamma": 0.053998270716998906}}
{"target": 42.14219418184157, "params": {"C": 977.9967438379144, "epsilon": 24.813885515665774, "gamma": 0.04032016604023547}}
{"target": 43.570809766375504, "params": {"C": 965.7830705751788, "epsilon": 24.594443664966036, "gamma": 0.051710177481050765}}
{"target": 41.24908980723406, "params": {"C": 912.3352489799431, "epsilon": 24.446957968937166, "gamma": 0.00041551143530312723}}
{"target": 39.41710189277299, "params": {"C": 815.5017029430962, "epsilon": 26.7556338395849, "gamma": 0.0030277165863732344}}
{"target": 42.39522787829101, "params": {"C": 779.9438278672749, "epsilon": 25.25511495722031, "gamma": 0.046721658047959025}}
{"target": 43.6200088592117, "params": {"C": 919.6814240896725, "epsilon": 25.072346633495265, "gamma": 0.05305663205008468}}
{"target": 45.72603585469664, "params": {"C": 912.9778447133053, "epsilon": 27.38321935865094, "gamma": 0.08993332424368833}}
{"target": 43.83167810796124, "params": {"C": 794.3493950336672, "epsilon": 24.90319954660049, "gamma": 0.05885821499771424}}
{"target": 42.47589858809344, "params": {"C": 703.6032530249424, "epsilon": 24.790040650540554, "gamma": 0.05070125439135946}}
{"target": 46.12921820060613, "params": {"C": 958.9073788797737, "epsilon": 21.90797979380123, "gamma": 0.10424319642043989}}
{"target": 45.69340571873239, "params": {"C": 708.209271705726, "epsilon": 25.71056284681463, "gamma": 0.11934856767144947}}
{"target": 44.41986733768044, "params": {"C": 870.1249567929196, "epsilon": 27.843187200375766, "gamma": 0.06100479861059822}}
{"target": 43.86807386065524, "params": {"C": 861.955249386563, "epsilon": 27.647355452455127, "gamma": 0.05492422724822969}}
{"target": 46.59616040968115, "params": {"C": 870.9878886061078, "epsilon": 27.357687983069145, "gamma": 0.11661206082855996}}
{"target": 39.11211522766049, "params": {"C": 917.4105068072927, "epsilon": 26.477734779515988, "gamma": 0.004678758681286385}}
{"target": 40.65344052948586, "params": {"C": 909.1416776918118, "epsilon": 29.518909634307402, "gamma": 0.0009978320934352428}}
{"target": 44.46324776053893, "params": {"C": 980.985641125544, "epsilon": 28.0482048850107, "gamma": 0.05733800984084374}}
{"target": 39.283100273985966, "params": {"C": 962.7126988404096, "epsilon": 27.797794911725134, "gamma": 0.0035154246605260623}}
{"target": 47.43509596912999, "params": {"C": 1017.5677048917041, "epsilon": 24.54426195218644, "gamma": 0.12353037475575777}}
{"target": 41.47991687739003, "params": {"C": 910.9307890181946, "epsilon": 26.85439143903129, "gamma": 0.0003630082276769109}}
{"target": 40.646732199201736, "params": {"C": 785.2180505940032, "epsilon": 27.630559454907075, "gamma": 0.0009442846233706234}}
{"target": 44.19529144290243, "params": {"C": 768.5887477909004, "epsilon": 27.584693813623478, "gamma": 0.06249927511989768}}
{"target": 41.13868439358511, "params": {"C": 817.5687580629141, "epsilon": 22.460809145049755, "gamma": 0.03821024896078486}}
{"target": 42.845235777037104, "params": {"C": 788.4714134614144, "epsilon": 24.904450709081466, "gamma": 0.050853296986115924}}
{"target": 43.30676576271934, "params": {"C": 702.160372734687, "epsilon": 29.641441429897476, "gamma": 0.05350816691791877}}
{"target": 43.97129910758703, "params": {"C": 700.538234389898, "epsilon": 24.072984577882373, "gamma": 0.06604265841335852}}
{"target": 39.141156971540234, "params": {"C": 1071.270234674365, "epsilon": 25.316812381994094, "gamma": 0.005135802840585645}}
{"target": 46.85601623327149, "params": {"C": 1101.8333843849246, "epsilon": 16.34691149974841, "gamma": 0.11728617035654587}}
{"target": 40.043471738774244, "params": {"C": 877.5349816808352, "epsilon": 22.60262133203383, "gamma": 0.0013861878008644864}}
{"target": 39.43739971200032, "params": {"C": 753.2667739383712, "epsilon": 22.479758923047132, "gamma": 0.0040289586055223345}}
{"target": 48.233011734898454, "params": {"C": 979.3208396094599, "epsilon": 29.717584459830356, "gamma": 0.13464014864089896}}
{"target": 40.6092325327874, "params": {"C": 1211.2035297302214, "epsilon": 21.05658194657228, "gamma": 0.02936646233706481}}
{"target": 39.91591199801978, "params": {"C": 785.1130742078094, "epsilon": 25.515450307822196, "gamma": 0.0018538005250220606}}
{"target": 45.799794232381544, "params": {"C": 798.1914274882793, "epsilon": 24.686199185713328, "gamma": 0.11124238946190793}}
{"target": 39.28456743722445, "params": {"C": 803.1107584682311, "epsilon": 29.818740323784464, "gamma": 0.010205511226960076}}
{"target": 43.164442675852385, "params": {"C": 924.5263827208685, "epsilon": 20.875592773048677, "gamma": 0.05201581262936379}}
{"target": 39.04952570025948, "params": {"C": 701.8998374665798, "epsilon": 27.04798486897455, "gamma": 0.010602955885156917}}
{"target": 47.47580256476103, "params": {"C": 816.8112595032287, "epsilon": 24.126280235507288, "gamma": 0.21299872478686824}}
{"target": 44.53946487939469, "params": {"C": 759.7564435489494, "epsilon": 29.986830748682912, "gamma": 0.06829201478467486}}
{"target": 40.20716656272393, "params": {"C": 889.2175900935856, "epsilon": 25.103563440933673, "gamma": 0.0010953713678821878}}
{"target": 44.01542104547015, "params": {"C": 797.9312263870144, "epsilon": 26.840118096265176, "gamma": 0.05921698132529681}}
{"target": 41.79383350338081, "params": {"C": 817.0667395327357, "epsilon": 24.335818490022323, "gamma": 0.0003304039184262482}}
{"target": 39.49967040712374, "params": {"C": 885.1211577772413, "epsilon": 23.744292706490256, "gamma": 0.002955282617720099}}
{"target": 44.86266833433323, "params": {"C": 1027.4693131150782, "epsilon": 26.433100137598352, "gamma": 0.060659335351564966}}
{"target": 48.50923253447877, "params": {"C": 1477.100322704583, "epsilon": 24.58083999127143, "gamma": 0.11192608482938901}}
{"target": 45.752273266885986, "params": {"C": 861.7210383902418, "epsilon": 22.871594569764472, "gamma": 0.1027127930055038}}
{"target": 39.78483429491244, "params": {"C": 960.7198116867988, "epsilon": 21.14831370753266, "gamma": 0.0018507587456670811}}
{"target": 40.48852892270642, "params": {"C": 1138.4427760553895, "epsilon": 21.37666426774538, "gamma": 0.0008149492465754811}}
{"target": 39.74116667657141, "params": {"C": 788.5082108284225, "epsilon": 23.060918987230774, "gamma": 0.002143137989986674}}
{"target": 44.41288822329525, "params": {"C": 816.021908947261, "epsilon": 25.83078255822739, "gamma": 0.0643474980808051}}
{"target": 49.442216985868704, "params": {"C": 1449.5851629073097, "epsilon": 11.754705117984155, "gamma": 0.20176008362137207}}
{"target": 45.16925832403568, "params": {"C": 1018.0186203636779, "epsilon": 25.607767464146708, "gamma": 0.06552242217229243}}
{"target": 49.45189533507216, "params": {"C": 800.4486495604256, "epsilon": 12.437536413674092, "gamma": 0.44091042664949365}}
{"target": 43.26964150307837, "params": {"C": 978.2003678453323, "epsilon": 24.480410349962863, "gamma": 0.04881290438049179}}
{"target": 43.360128972052436, "params": {"C": 919.7812599215304, "epsilon": 21.85584195645587, "gamma": 0.05307359313465676}}
{"target": 40.68030316327337, "params": {"C": 703.8802984470849, "epsilon": 27.00653698133279, "gamma": 0.035602380547479794}}
{"target": 39.66013542827975, "params": {"C": 704.7454272802157, "epsilon": 28.236310692731287, "gamma": 0.002492747460670134}}
{"target": 43.58511611787622, "params": {"C": 904.522296232127, "epsilon": 24.270297276833436, "gamma": 0.05377386281041218}}
{"target": 40.163978989011085, "params": {"C": 787.6970047570744, "epsilon": 28.657567851465238, "gamma": 0.0017074970539178503}}
{"target": 43.648951413818935, "params": {"C": 710.0776038718656, "epsilon": 26.751985501864162, "gamma": 0.05878484905084053}}
{"target": 47.637599634236985, "params": {"C": 714.355038548634, "epsilon": 21.52114251655086, "gamma": 0.20768338539973868}}
{"target": 39.354577155866515, "params": {"C": 1112.9083158768267, "epsilon": 23.65456843998512, "gamma": 0.0033064229097856165}}
{"target": 45.50143625659588, "params": {"C": 973.3140553819485, "epsilon": 11.491116373133092, "gamma": 0.1018594587584584}}
{"target": 43.56261597139891, "params": {"C": 937.2236938123721, "epsilon": 29.671478119196735, "gamma": 0.04858933164641809}}
{"target": 48.98298641290595, "params": {"C": 921.6654866457454, "epsilon": 8.28300266312034, "gamma": 0.4103990546697457}}
{"target": 39.578708243574056, "params": {"C": 804.1390992469147, "epsilon": 25.306515693105347, "gamma": 0.0026022330929748403}}
{"target": 39.73554761287363, "params": {"C": 941.2258414033689, "epsilon": 25.442647867626107, "gamma": 0.0020827996026176916}}
{"target": 48.39280135722363, "params": {"C": 1049.1364979062532, "epsilon": 8.335808982266633, "gamma": 0.31491645425551706}}
{"target": 45.89712355215837, "params": {"C": 938.043054639432, "epsilon": 25.12499449891591, "gamma": 0.09369808459548867}}
{"target": 47.639945073406224, "params": {"C": 1313.8785453825135, "epsilon": 25.481916827396912, "gamma": 0.20395216514780612}}
{"target": 39.49159381705243, "params": {"C": 705.0104056345647, "epsilon": 23.0754397177154, "gamma": 0.003823318752296587}}
{"target": 43.20624878944319, "params": {"C": 995.5641844277382, "epsilon": 18.904177457543284, "gamma": 0.053167913549280146}}
{"target": 46.06071193163534, "params": {"C": 831.8450989888319, "epsilon": 25.482132478315474, "gamma": 0.11386671840525643}}
{"target": 42.80404007595887, "params": {"C": 790.79208350802, "epsilon": 29.986194034344077, "gamma": 0.046201175514906864}}
{"target": 39.35431506839528, "params": {"C": 845.710386838398, "epsilon": 29.915666022777064, "gamma": 0.003748267846499327}}
