{"target": 64.29997175172574, "params": {"C": 1967.4367849456671, "epsilon": 16.035688988312877, "gamma": 63.90315443790492}}
{"target": 64.08619952251712, "params": {"C": 807.1409493988845, "epsilon": 11.580974787563125, "gamma": 57.01803341899443}}
{"target": 65.18574980502284, "params": {"C": 1991.428249514754, "epsilon": 32.58697723956356, "gamma": 52.174779603277976}}
{"target": 65.13184479730009, "params": {"C": 1681.7967520111931, "epsilon": 31.79767410231094, "gamma": 4.779408164282401}}
{"target": 64.9849620617314, "params": {"C": 629.5392186473257, "epsilon": 29.161092888146094, "gamma": 116.77544785545393}}
{"target": 63.51274611088346, "params": {"C": 510.5888633710232, "epsilon": 4.280562677386765, "gamma": 3.315706113196838}}
{"target": 64.64483488951645, "params": {"C": 680.5099075450723, "epsilon": 23.041045453770337, "gamma": 122.65787437741567}}
{"target": 65.24372732066459, "params": {"C": 1795.0444948887261, "epsilon": 33.589453402033165, "gamma": 111.72447909516116}}
{"target": 56.61309663869205, "params": {"C": 751.9396371285525, "epsilon": 1.3115891474302757, "gamma": 0.95576419502961}}
{"target": 64.14780171858902, "params": {"C": 1464.815281289617, "epsilon": 12.8475244548115, "gamma": 66.3056414604701}}
{"target": 59.327938640227174, "params": {"C": 1370.383509194724, "epsilon": 21.523022559290837, "gamma": 1.0365601860948424}}
{"target": 65.26095749027262, "params": {"C": 1307.7425676010073, "epsilon": 33.883968369116054, "gamma": 54.17119454403049}}
{"target": 64.35863264913307, "params": {"C": 1261.4707602078433, "epsilon": 17.29921235823595, "gamma": 38.66191331241811}}
{"target": 64.22879098695954, "params": {"C": 1528.8782351245786, "epsilon": 14.530302608290288, "gamma": 60.871303727908426}}
{"target": 61.395318618826636, "params": {"C": 1888.566943777674, "epsilon": 21.273660754147663, "gamma": 1.341565297063419}}
{"target": 54.30377113192382, "params": {"C": 1899.965196103145, "epsilon": 8.43019690853228, "gamma": 0.7379087689086482}}
{"target": 57.57583568720925, "params": {"C": 1316.1429765647997, "epsilon": 5.02421555067936, "gamma": 1.0132924103809087}}
{"target": 60.277838872086036, "params": {"C": 1156.9245311937084, "epsilon": 35.52327792104159, "gamma": 0.9523743628270551}}
{"target": 64.50421731310989, "params": {"C": 1023.9531510634964, "epsilon": 20.330259584858194, "gamma": 46.89394547949044}}
{"target": 57.42055386540361, "params": {"C": 1580.2273567256188, "epsilon": 1.3251765015232948, "gamma": 1.0292653842084662}}
{"target": 63.74184929282944, "params": {"C": 578.13983157703, "epsilon": 8.376572105252034, "gamma": 3.3450539550192135}}
{"target": 61.98996465831647, "params": {"C": 841.2180155739787, "epsilon": 18.371898659669316, "gamma": 1.5332345095906434}}
{"target": 65.15585752261364, "params": {"C": 1404.8319017139465, "epsilon": 32.075060452355984, "gamma": 58.290127567313796}}
{"target": 63.576104016928376, "params": {"C": 606.8870187363681, "epsilon": 1.6045585456608222, "gamma": 60.63407219077714}}
{"target": 63.35388528284407, "params": {"C": 1123.5157053836156, "epsilon": 13.39673758007605, "gamma": 2.2905268070445945}}
{"target": 63.89792204892683, "params": {"C": 1078.8151445278215, "epsilon": 7.854750274624404, "gamma": 67.38291908447118}}
{"target": 64.89174665197879, "params": {"C": 1864.4095035189462, "epsilon": 27.529745058021813, "gamma": 54.00345465558581}}
{"target": 64.0578837748305, "params": {"C": 875.8300600740948, "epsilon": 11.01442124769872, "gamma": 61.84912882876673}}
{"target": 48.029451513362616, "params": {"C": 1477.7570991542402, "epsilon": 21.49966041623193, "gamma": 0.20182541041235208}}
{"target": 52.54680895890313, "params": {"C": 1930.49109636617, "epsilon": 0.28198942965699736, "gamma": 0.6833398970052947}}
{"target": 63.211001361464945, "params": {"C": 1774.3672749476611, "epsilon": 29.87502339278364, "gamma": 1.6255612316430108}}
{"target": 63.57879647411421, "params": {"C": 2443.9543574381937, "epsilon": 2.964067150972273, "gamma": 3.8843399393312588}}
{"target": 63.49833434132108, "params": {"C": 1915.9826175428266, "epsilon": 0.01630922565185422, "gamma": 110.81070621501983}}
{"target": 64.74857288081452, "params": {"C": 1245.5053700810563, "epsilon": 24.99060047368052, "gamma": 107.3144510106839}}
{"target": 65.02135914128826, "params": {"C": 1595.6837939210573, "epsilon": 29.784555863994083, "gamma": 45.35801937015259}}
{"target": 65.23651717067135, "params": {"C": 1434.7637250236812, "epsilon": 33.4662058530814, "gamma": 63.629596908523176}}
{"target": 65.26213529621603, "params": {"C": 1498.6471016980404, "epsilon": 33.904109786511064, "gamma": 107.26462099243204}}
{"target": 65.27720368659898, "params": {"C": 1459.6532470769582, "epsilon": 34.16313980787391, "gamma": 55.42212219064636}}
{"target": 65.48748386763643, "params": {"C": 2343.3353231233687, "epsilon": 37.740436206006436, "gamma": 64.7719850434181}}
{"target": 65.20259180183753, "params": {"C": 2041.7945193903543, "epsilon": 32.8065232029662, "gamma": 5.212952047234076}}
{"target": 64.70777441082366, "params": {"C": 2143.4629343541233, "epsilon": 24.2374618818874, "gamma": 50.44086457690606}}
{"target": 65.78535117303306, "params": {"C": 1189.1641134183276, "epsilon": 41.99319231017742, "gamma": 73.63434209546156}}
{"target": 65.33545055028816, "params": {"C": 1627.021006788175, "epsilon": 35.16444938801179, "gamma": 53.36737746534649}}
{"target": 63.820719847666474, "params": {"C": 863.8238783214583, "epsilon": 29.98171793824231, "gamma": 1.8896493042230404}}
{"target": 65.74665597271897, "params": {"C": 1142.114949271694, "epsilon": 41.376809451522234, "gamma": 11.110212176453413}}
{"target": 65.23831250100213, "params": {"C": 1127.5429127849789, "epsilon": 33.98693414349133, "gamma": 4.356546885985251}}
{"target": 64.59166393263781, "params": {"C": 2187.762705359725, "epsilon": 22.027469173227974, "gamma": 140.39736062974978}}
{"target": 64.69707576432212, "params": {"C": 883.4930756047786, "epsilon": 24.68883739891004, "gamma": 4.157922093296238}}
{"target": 64.80603371298663, "params": {"C": 1759.1593393567773, "epsilon": 39.043238775053425, "gamma": 2.0934616717635652}}
{"target": 61.5127794223089, "params": {"C": 697.5960815745002, "epsilon": 48.287180604735426, "gamma": 0.8777112123781077}}
{"target": 65.09054836925876, "params": {"C": 597.1107467297117, "epsilon": 30.966778483470414, "gamma": 53.97810379781568}}
{"target": 64.90859700961232, "params": {"C": 707.0532141050189, "epsilon": 27.826227048865977, "gamma": 51.27172736730281}}
{"target": 65.03939078456206, "params": {"C": 998.8103859976396, "epsilon": 30.09094373370337, "gamma": 69.16287446471863}}
{"target": 64.7581701715911, "params": {"C": 1229.3880954116025, "epsilon": 25.163741127720048, "gamma": 51.53088853700112}}
{"target": 64.68462214171664, "params": {"C": 753.4016882543068, "epsilon": 23.789069765889508, "gamma": 101.31771846086433}}
{"target": 65.38676931093043, "params": {"C": 1573.8321924056743, "epsilon": 39.44091813413254, "gamma": 3.0108821423768934}}
{"target": 57.721987327066245, "params": {"C": 2279.9722489378987, "epsilon": 23.183174405327797, "gamma": 0.8634433280402611}}
{"target": 64.50896327299745, "params": {"C": 2208.7858989329634, "epsilon": 20.428680836076616, "gamma": 63.91271099525021}}
{"target": 64.50497101682024, "params": {"C": 1849.6990969181156, "epsilon": 20.34592745966787, "gamma": 58.042558055732094}}
{"target": 64.57560219957716, "params": {"C": 559.7622808573219, "epsilon": 21.71595086738872, "gamma": 55.03243590720579}}
{"target": 64.84643196082523, "params": {"C": 583.4929664649604, "epsilon": 26.737686418750958, "gamma": 64.48800368356552}}
{"target": 65.15644663148474, "params": {"C": 1849.2508052417802, "epsilon": 31.837382353718162, "gamma": 6.096922550119221}}
{"target": 64.37592232808595, "params": {"C": 766.4003030078743, "epsilon": 17.190431132915254, "gamma": 5.162771674536615}}
{"target": 51.11968339598646, "params": {"C": 715.653255547059, "epsilon": 15.672396549774646, "gamma": 0.5074297513582713}}
{"target": 64.48817133508221, "params": {"C": 1623.343214101845, "epsilon": 19.52020949594436, "gamma": 5.3503252980703415}}
{"target": 48.04762707771621, "params": {"C": 882.9404046581332, "epsilon": 17.128468106235506, "gamma": 0.20242276652478997}}
{"target": 64.21390566599912, "params": {"C": 746.7789745411714, "epsilon": 14.218865301619392, "gamma": 50.45411993284201}}
{"target": 59.3578111764916, "params": {"C": 1631.73980959392, "epsilon": 36.064570316317614, "gamma": 0.8529064680062822}}
{"target": 64.1037979782412, "params": {"C": 1604.2412746379453, "epsilon": 17.918491001337635, "gamma": 2.983156991325321}}
{"target": 62.93707297509254, "params": {"C": 1301.1380338664749, "epsilon": 20.334478834986726, "gamma": 1.79969056707501}}
{"target": 64.60850502545105, "params": {"C": 988.6547707025146, "epsilon": 22.35239848184561, "gamma": 48.84052147972657}}
{"target": 60.98458087928103, "params": {"C": 2178.561308133011, "epsilon": 19.472081336152158, "gamma": 1.2939775729770964}}
{"target": 64.60959687561663, "params": {"C": 1339.9697286342255, "epsilon": 21.972119351570193, "gamma": 5.469626540355509}}
{"target": 64.54570475643061, "params": {"C": 1272.2883482159434, "epsilon": 21.144008799347635, "gamma": 58.04644165123834}}
{"target": 64.29211928595882, "params": {"C": 1947.8785645557066, "epsilon": 15.869349570001148, "gamma": 65.7781339001362}}
{"target": 52.4757771899227, "params": {"C": 2068.62657562648, "epsilon": 18.06455516272177, "gamma": 0.5630680559970682}}
{"target": 62.760904958889945, "params": {"C": 2145.6657907403255, "epsilon": 15.735664822354536, "gamma": 1.856269177214648}}
{"target": 64.23100043753486, "params": {"C": 1242.029053700077, "epsilon": 14.576517060991346, "gamma": 48.256786968947644}}
{"target": 63.88437606734052, "params": {"C": 1178.4991756109491, "epsilon": 7.5949037903539285, "gamma": 104.39884777841613}}
{"target": 63.99028604969023, "params": {"C": 5780.156101325977, "epsilon": 9.660816161155665, "gamma": 323.9517214276229}}
{"target": 64.24076300492341, "params": {"C": 1354.2016474474508, "epsilon": 14.781710840155545, "gamma": 126.58042063779457}}
{"target": 64.25918089415411, "params": {"C": 614.0960335327948, "epsilon": 15.164422553449084, "gamma": 105.77514612185685}}
{"target": 64.23615889094955, "params": {"C": 1328.483979441022, "epsilon": 14.684750866272081, "gamma": 58.72729008307899}}
{"target": 59.69267169018823, "params": {"C": 28.52031789531918, "epsilon": 20.4674602159037, "gamma": 50.98882612923981}}
{"target": 65.8975497569391, "params": {"C": 5995.032278793408, "epsilon": 43.40972333457559, "gamma": 71.79347542706151}}
{"target": 64.14463210258639, "params": {"C": 483.7680218162574, "epsilon": 12.78217236195311, "gamma": 53.03094774726102}}
{"target": 64.11398121106251, "params": {"C": 622.9698699100818, "epsilon": 12.146267610966705, "gamma": 40.55451028292934}}
{"target": 54.61678266580263, "params": {"C": 867.8106618183908, "epsilon": 9.114786891167562, "gamma": 0.7528925083307377}}
{"target": 63.534559268703106, "params": {"C": 888.7681039249626, "epsilon": 0.752576233923202, "gamma": 79.36896261809348}}
{"target": 64.25059973395254, "params": {"C": 1312.5010880824123, "epsilon": 14.986510885439994, "gamma": 69.25998376123356}}
{"target": 64.18038903277834, "params": {"C": 955.3318795351389, "epsilon": 13.519408496727603, "gamma": 53.322188212098055}}
{"target": 64.94655583821762, "params": {"C": 1655.1862059218026, "epsilon": 28.56064298188788, "gamma": 4.830062118926642}}
{"target": 64.21144667138171, "params": {"C": 1935.103189932302, "epsilon": 14.167323940953317, "gamma": 70.43398502814009}}
{"target": 64.72722319651595, "params": {"C": 1729.146683537567, "epsilon": 24.59742764390365, "gamma": 55.512099023841685}}
{"target": 59.03487851636139, "params": {"C": 28.200081653680684, "epsilon": 0.2696489307275276, "gamma": 30.896360862551028}}
{"target": 64.58959526426767, "params": {"C": 1728.0761618465726, "epsilon": 21.98734158931301, "gamma": 56.33488619408819}}
{"target": 60.787368131194555, "params": {"C": 437.874703322181, "epsilon": 0.23769386412451965, "gamma": 1.5397049861112313}}
{"target": 63.509267642055285, "params": {"C": 447.06788891213523, "epsilon": 0.2405878867531328, "gamma": 71.10633279140733}}
{"target": 64.09030348978706, "params": {"C": 489.47206838363275, "epsilon": 11.663149679281416, "gamma": 55.03588093549026}}
{"target": 51.75970678117771, "params": {"C": 1149.9979846600586, "epsilon": 34.65687601639327, "gamma": 0.4033752451003811}}
{"target": 64.82640216120605, "params": {"C": 1002.3073686633543, "epsilon": 26.38110113137912, "gamma": 63.53870667582303}}
{"target": 62.88939523434906, "params": {"C": 1139.245655140039, "epsilon": 17.35574946101065, "gamma": 1.8671639246871066}}
{"target": 64.84443361882145, "params": {"C": 1463.3312220641956, "epsilon": 26.702123572243934, "gamma": 58.13739549414638}}
{"target": 50.29401946139429, "params": {"C": 1177.0827000655881, "epsilon": 2.175713050151769, "gamma": 0.5345768118795959}}
{"target": 64.48271619503419, "params": {"C": 817.1045692390514, "epsilon": 19.886992259833676, "gamma": 48.72206352484162}}
{"target": 61.29213909595838, "params": {"C": 920.9308537944905, "epsilon": 6.205678200716065, "gamma": 1.5696658851418817}}
{"target": 49.797867167007595, "params": {"C": 235.71309660599036, "epsilon": 1.032955249802658, "gamma": 0.5276739966215256}}
{"target": 64.26795949741889, "params": {"C": 626.5499468822339, "epsilon": 14.937434495947434, "gamma": 9.398802128340616}}
{"target": 63.517145758303414, "params": {"C": 690.8068192893076, "epsilon": 0.40016068675432503, "gamma": 61.093925192543296}}
{"target": 64.7653179743955, "params": {"C": 1552.0359545369092, "epsilon": 24.973230049108786, "gamma": 5.733329410766917}}
{"target": 66.35166080955348, "params": {"C": 794.5664380928313, "epsilon": 48.88201612154747, "gamma": 77.94614212592838}}
{"target": 64.74794410451227, "params": {"C": 1422.6951510452468, "epsilon": 25.984594293971426, "gamma": 3.953311009165642}}
{"target": 64.11688962636143, "params": {"C": 1764.8382081540099, "epsilon": 12.20653849762502, "gamma": 41.326856367681145}}
{"target": 62.57139862755397, "params": {"C": 92.803474284392, "epsilon": 15.576955036411373, "gamma": 6.619911762628771}}
{"target": 64.2132063462922, "params": {"C": 1630.9745376512165, "epsilon": 14.20418488392194, "gamma": 65.79412727684532}}
{"target": 64.58573042864677, "params": {"C": 1584.2552852323033, "epsilon": 21.912391905733514, "gamma": 124.19446169132164}}
{"target": 47.649080521075355, "params": {"C": 805.7023870699003, "epsilon": 27.91713243402835, "gamma": 0.19090338563680023}}
{"target": 62.618964086487225, "params": {"C": 1063.140079034508, "epsilon": 19.165226886161697, "gamma": 1.7090927026306122}}
{"target": 64.65084731912447, "params": {"C": 746.7094352869899, "epsilon": 23.155137361462238, "gamma": 41.93080912835586}}
{"target": 64.50147666979501, "params": {"C": 610.8547627513625, "epsilon": 21.875009865055084, "gamma": 3.7258855339577854}}
{"target": 64.12993242615698, "params": {"C": 2243.270630859086, "epsilon": 12.477168027048805, "gamma": 62.81319404966845}}
{"target": 65.65140324387923, "params": {"C": 869.8201913699663, "epsilon": 40.194897008672505, "gamma": 59.11995477386508}}
{"target": 64.98087645389654, "params": {"C": 933.4472759443349, "epsilon": 29.09101288461639, "gamma": 48.60637313620619}}
{"target": 64.88689202476917, "params": {"C": 678.9131974689025, "epsilon": 29.583197751476654, "gamma": 3.498457643875804}}
{"target": 63.910420541623225, "params": {"C": 603.9451131095143, "epsilon": 18.20188139357384, "gamma": 2.608623954849337}}
{"target": 64.84518408363004, "params": {"C": 549.336896478723, "epsilon": 26.71544519066111, "gamma": 48.42091302404893}}
{"target": 65.0514743531749, "params": {"C": 124.39916315644865, "epsilon": 33.452711604385165, "gamma": 69.61374163063907}}
{"target": 50.26175821693569, "params": {"C": 1153.2925030802994, "epsilon": 43.14121531804681, "gamma": 0.2708012595122735}}
{"target": 65.98201737965033, "params": {"C": 608.0044328751108, "epsilon": 44.61024587282098, "gamma": 4.616363868851889}}
{"target": 66.03023494594157, "params": {"C": 901.8734103646968, "epsilon": 45.02158260032471, "gamma": 54.352033523134146}}
{"target": 65.06697135570622, "params": {"C": 956.7725767758251, "epsilon": 30.56230147924557, "gamma": 119.98343801585263}}
{"target": 59.62602169303591, "params": {"C": 24.552305280763562, "epsilon": 19.665843460651253, "gamma": 50.13858976165405}}
{"target": 65.14997404208111, "params": {"C": 707.0998382356927, "epsilon": 31.974804385988005, "gamma": 102.1265825176775}}
{"target": 63.50948235271487, "params": {"C": 344.27327218269556, "epsilon": 10.866559769141308, "gamma": 2.600465502088172}}
{"target": 64.6118172620526, "params": {"C": 764.4007849192883, "epsilon": 22.414614178165042, "gamma": 99.75739892380537}}
{"target": 63.79517422505351, "params": {"C": 988.8270869883119, "epsilon": 20.000284993109062, "gamma": 2.3559829650831885}}
{"target": 65.75378470228361, "params": {"C": 1107.4154298578849, "epsilon": 41.579550028080476, "gamma": 72.30608393068886}}
{"target": 64.075504304758, "params": {"C": 802.2673134121592, "epsilon": 12.949804303602825, "gamma": 3.7900295870071923}}
{"target": 58.716661775423574, "params": {"C": 1528.9255926028168, "epsilon": 34.84092501229804, "gamma": 0.8141388535155769}}
{"target": 64.5270155728803, "params": {"C": 771.2799668375374, "epsilon": 20.780940932325862, "gamma": 60.22794008751601}}
{"target": 64.62405140428798, "params": {"C": 407.52262873374843, "epsilon": 45.334885861035175, "gamma": 1.6004659011662776}}
{"target": 59.126975188296754, "params": {"C": 1339.1998094935068, "epsilon": 27.885892673398637, "gamma": 0.9381781494699103}}
{"target": 62.56326117227964, "params": {"C": 1661.2783048114345, "epsilon": 32.80231230771282, "gamma": 1.3624216271697425}}
{"target": 65.67590277199457, "params": {"C": 1341.1105425050241, "epsilon": 40.54228101819076, "gamma": 62.890230791529156}}
{"target": 65.19955652875123, "params": {"C": 646.5586027008408, "epsilon": 32.573368640527086, "gamma": 6.215503923746671}}
{"target": 65.19654555690529, "params": {"C": 1413.439918561791, "epsilon": 32.772377987097165, "gamma": 68.10997891374119}}
{"target": 64.76451094910108, "params": {"C": 578.1579215020856, "epsilon": 24.91142210894159, "gamma": 6.287381269964475}}
{"target": 48.256246625563726, "params": {"C": 877.8074190337434, "epsilon": 12.87971121715436, "gamma": 0.3340918208678178}}
{"target": 64.24128803045465, "params": {"C": 450.8504020006749, "epsilon": 28.949753313556684, "gamma": 2.24540234840635}}
{"target": 63.44113084915144, "params": {"C": 863.6317957567849, "epsilon": 1.3549675039023743, "gamma": 3.575810129281556}}
{"target": 63.63664747693751, "params": {"C": 1273.575017342585, "epsilon": 15.779626098833333, "gamma": 2.4317928398700324}}
{"target": 64.84623088063418, "params": {"C": 621.6119472895402, "epsilon": 26.734108306211944, "gamma": 64.69771868502859}}
{"target": 62.039724456505496, "params": {"C": 617.6966837259329, "epsilon": 35.38127256754077, "gamma": 1.20160250430584}}
{"target": 59.892813887072364, "params": {"C": 1027.0735427214852, "epsilon": 23.6809014981524, "gamma": 1.0749917513208689}}
{"target": 65.75482795538193, "params": {"C": 73.72088995734197, "epsilon": 54.06999820045749, "gamma": 86.2443215900125}}
{"target": 65.10545196094492, "params": {"C": 565.1443705896556, "epsilon": 31.220034568523097, "gamma": 54.2834857680876}}
{"target": 48.17602164602716, "params": {"C": 1000.7700814209172, "epsilon": 25.995035119938525, "gamma": 0.29691385073332527}}
{"target": 64.10139544657315, "params": {"C": 304.62125211139255, "epsilon": 11.887550883646696, "gamma": 63.05221184647292}}
{"target": 59.22383660108062, "params": {"C": 85.33644129540966, "epsilon": 6.690354466138945, "gamma": 1.5073367938188138}}
{"target": 64.14940470170559, "params": {"C": 778.4932737787674, "epsilon": 12.880567827683803, "gamma": 99.92339104712454}}
{"target": 65.67704990710745, "params": {"C": 1321.5951915778744, "epsilon": 40.55828914159063, "gamma": 51.05147304797821}}
{"target": 64.8425873357314, "params": {"C": 760.5490037474083, "epsilon": 26.669216970853483, "gamma": 46.528580055035995}}
{"target": 64.60096022789885, "params": {"C": 380.32998157737654, "epsilon": 22.20775159364208, "gamma": 53.05456450989308}}
{"target": 65.86766619056716, "params": {"C": 499.1303084144829, "epsilon": 43.04170874218367, "gamma": 59.543451763746646}}
{"target": 65.06911510027678, "params": {"C": 910.9552895755586, "epsilon": 34.198040024892194, "gamma": 3.097616568452385}}
{"target": 65.59278686901897, "params": {"C": 943.3491621717543, "epsilon": 39.34496451116671, "gamma": 55.366501002105174}}
{"target": 65.00488988922537, "params": {"C": 1172.2700324978848, "epsilon": 33.26503104822756, "gamma": 3.0753523063101644}}
{"target": 65.13386806499781, "params": {"C": 656.5500734666292, "epsilon": 31.70132563529544, "gamma": 57.32448053411031}}
{"target": 69.26569935647711, "params": {"C": 4578.329110716767, "epsilon": 80.93301491241621, "gamma": 257.6507170040127}}
{"target": 60.642971977206436, "params": {"C": 76.70212818006416, "epsilon": 12.897338463805209, "gamma": 2.1432623398229746}}
{"target": 59.43393240467488, "params": {"C": 3.389518841871677, "epsilon": 17.490033865614755, "gamma": 45.52290476837985}}
{"target": 62.67885981172422, "params": {"C": 91.23252998250257, "epsilon": 18.143061264795556, "gamma": 55.250844576915924}}
{"target": 65.80468592112263, "params": {"C": 1139.0566578303178, "epsilon": 42.2477664421929, "gamma": 166.66045840571303}}
{"target": 65.24576968138311, "params": {"C": 1782.9340028285603, "epsilon": 33.6243644566484, "gamma": 127.72906874703959}}
{"target": 64.99919486977407, "params": {"C": 1272.597032308209, "epsilon": 39.8931703390311, "gamma": 2.2173928525457836}}
