{"target": 39.35004748537909, "params": {"C": 1060.6258349246, "epsilon": 29.44508311145142, "gamma": 0.01047265107411572}}
{"target": 40.7816181312078, "params": {"C": 713.8073976863403, "epsilon": 29.339298996003457, "gamma": 0.0009887643066374113}}
{"target": 39.030224370210064, "params": {"C": 1096.3263288714631, "epsilon": 28.547064793313815, "gamma": 0.005854448541397576}}
{"target": 43.697859544924654, "params": {"C": 862.511643404537, "epsilon": 23.370153587407998, "gamma": 0.05656222996211698}}
{"target": 39.741983150233054, "params": {"C": 946.3255373291839, "epsilon": 12.014593489620953, "gamma": 0.013059146957969392}}
{"target": 43.9557258727934, "params": {"C": 819.9198586567005, "epsilon": 24.008362939146984, "gamma": 0.060530064786517596}}
{"target": 40.7764303637353, "params": {"C": 1045.727301991614, "epsilon": 28.0526812370808, "gamma": 0.029696183646156275}}
{"target": 46.86922597043344, "params": {"C": 1072.4159849542834, "epsilon": 25.515621097257412, "gamma": 0.10686928953212485}}
{"target": 42.761505083261156, "params": {"C": 1156.6382045004573, "epsilon": 28.4385177391073, "gamma": 0.03850462456711853}}
{"target": 42.94532839469575, "params": {"C": 1077.0293525694076, "epsilon": 27.67217550715948, "gamma": 0.04157716237102067}}
{"target": 40.52802022917806, "params": {"C": 1252.377165599431, "epsilon": 26.511474730983267, "gamma": 0.000598620958910198}}
{"target": 39.41584406530713, "params": {"C": 1036.1062399954646, "epsilon": 28.68555928310804, "gamma": 0.01473216745396029}}
{"target": 46.07514886946147, "params": {"C": 1203.9560481823842, "epsilon": 26.615558220986376, "gamma": 0.06847767921617873}}
{"target": 39.48448830297848, "params": {"C": 1128.70729033644, "epsilon": 29.602681671879274, "gamma": 0.014472449500746165}}
{"target": 39.18901942986531, "params": {"C": 1011.157408800136, "epsilon": 24.996046359038587, "gamma": 0.0063741118601014675}}
{"target": 44.32816981616128, "params": {"C": 1108.5003937833537, "epsilon": 26.137197598120128, "gamma": 0.053137965210491016}}
{"target": 44.47456499504735, "params": {"C": 1140.8670448879714, "epsilon": 28.99073935357799, "gamma": 0.05185027043723832}}
{"target": 43.987376881734704, "params": {"C": 1055.0329466564083, "epsilon": 29.728121057187877, "gamma": 0.049518146126216356}}
{"target": 42.15876055830368, "params": {"C": 1061.1796472963654, "epsilon": 26.14186161964281, "gamma": 0.03804554433759965}}
{"target": 40.580178204566096, "params": {"C": 1135.7993745280946, "epsilon": 26.649239343111986, "gamma": 0.027294850511923922}}
{"target": 40.070857164487386, "params": {"C": 987.8887376329498, "epsilon": 26.148021921888656, "gamma": 0.0015227626441779015}}
{"target": 43.30611013993455, "params": {"C": 1014.9994135994522, "epsilon": 26.126805692293757, "gamma": 0.046577221433170696}}
{"target": 40.21548320910324, "params": {"C": 1182.0658498119283, "epsilon": 26.676480634253465, "gamma": 0.0010812326393024301}}
{"target": 45.10657775831827, "params": {"C": 875.323382798231, "epsilon": 28.90321218603833, "gamma": 0.07283618896382439}}
{"target": 45.454267068442746, "params": {"C": 947.845736942763, "epsilon": 26.477973631295807, "gamma": 0.07283984242216851}}
{"target": 43.07634468236644, "params": {"C": 960.7943575369054, "epsilon": 29.585843066652565, "gamma": 0.04419160748563358}}
{"target": 45.074872307320184, "params": {"C": 969.7444719274237, "epsilon": 29.409818325872163, "gamma": 0.0658421915418046}}
{"target": 44.43785849310329, "params": {"C": 919.2673416955082, "epsilon": 28.142932854921327, "gamma": 0.05935175738287015}}
{"target": 44.159777206574944, "params": {"C": 939.6249237308446, "epsilon": 23.733948648325452, "gamma": 0.059169770522291956}}
{"target": 41.7017552570939, "params": {"C": 906.5792644791696, "epsilon": 22.29100922902584, "gamma": 0.04054611039429411}}
{"target": 40.79867263857981, "params": {"C": 956.2804359794527, "epsilon": 22.85603759523398, "gamma": 0.0006621461567951452}}
{"target": 39.17122558971052, "params": {"C": 969.5687982589606, "epsilon": 29.440764024822624, "gamma": 0.004590768472587894}}
{"target": 39.16576089863851, "params": {"C": 1068.1972110011866, "epsilon": 27.302772341465385, "gamma": 0.0074074500204810954}}
{"target": 45.199799778351576, "params": {"C": 1059.979871001539, "epsilon": 24.965674738925504, "gamma": 0.06486621507309971}}
{"target": 43.28966425741257, "params": {"C": 949.8045042406203, "epsilon": 21.7870256103357, "gamma": 0.051557280616974184}}
{"target": 42.669947028436816, "params": {"C": 1394.6406564760618, "epsilon": 19.933834376847976, "gamma": 0.04006874257373369}}
{"target": 39.44984904193128, "params": {"C": 918.062154292392, "epsilon": 23.246629056323076, "gamma": 0.0035466998574585004}}
{"target": 39.740559077817736, "params": {"C": 879.2057606144764, "epsilon": 28.867962344664374, "gamma": 0.002061347328072578}}
{"target": 39.04822666232384, "params": {"C": 780.4011248043232, "epsilon": 19.082890856436567, "gamma": 0.017150434372682294}}
{"target": 45.50727217747502, "params": {"C": 945.0957454352139, "epsilon": 25.386430070231917, "gamma": 0.075591406275216}}
{"target": 47.79048312573027, "params": {"C": 990.2149550875631, "epsilon": 25.805971135940727, "gamma": 0.12993376855904742}}
{"target": 41.0236942885825, "params": {"C": 924.9624700721547, "epsilon": 28.18848168536135, "gamma": 0.0006539579020871603}}
{"target": 39.32428745361366, "params": {"C": 963.3920109953157, "epsilon": 26.648145244044763, "gamma": 0.0032582489640765808}}
{"target": 44.440752418601434, "params": {"C": 832.9838669718697, "epsilon": 28.21796179445587, "gamma": 0.0632388622856753}}
{"target": 39.36851839079068, "params": {"C": 1146.22313952965, "epsilon": 25.76911691218664, "gamma": 0.0029195348259606194}}
{"target": 48.373756875488496, "params": {"C": 1335.0484491356815, "epsilon": 26.27197999281529, "gamma": 0.14533341155037613}}
{"target": 43.73909108419009, "params": {"C": 833.8873357810195, "epsilon": 29.9666145414371, "gamma": 0.05331890860442356}}
{"target": 48.3311797463614, "params": {"C": 1285.3534555294236, "epsilon": 25.929893922567516, "gamma": 0.30965373308366917}}
{"target": 39.57754644176792, "params": {"C": 864.0458108195998, "epsilon": 23.76460086043749, "gamma": 0.0024841426042513572}}
{"target": 43.51273137164998, "params": {"C": 966.9138831990492, "epsilon": 23.17964850574036, "gamma": 0.052273854378109455}}
{"target": 38.98495216725816, "params": {"C": 874.7762381472239, "epsilon": 25.744570732463863, "gamma": 0.01231556220014245}}
{"target": 43.200691615829165, "params": {"C": 703.6541472345602, "epsilon": 29.667930625921763, "gamma": 0.05241700200928514}}
{"target": 44.23857214760638, "params": {"C": 820.7416370392166, "epsilon": 26.99611768413495, "gamma": 0.060716974115697014}}
{"target": 45.9976989199255, "params": {"C": 1140.7188576210967, "epsilon": 29.775424665919672, "gamma": 0.07867372814967347}}
{"target": 39.06144547295034, "params": {"C": 866.2678652074194, "epsilon": 24.242348016386337, "gamma": 0.017105565886687983}}
{"target": 43.13189658912212, "params": {"C": 828.029017337314, "epsilon": 25.320638170432378, "gamma": 0.05137284890908035}}
{"target": 47.895657175720395, "params": {"C": 921.295773180074, "epsilon": 21.873162464791314, "gamma": 0.28455165829769025}}
{"target": 43.299343838767584, "params": {"C": 835.8152965420683, "epsilon": 26.72084008476266, "gamma": 0.051073718189768094}}
{"target": 42.576210778363276, "params": {"C": 886.1687280290118, "epsilon": 24.241937407030097, "gamma": 0.046261757927200185}}
{"target": 43.304130841916866, "params": {"C": 823.7036034416661, "epsilon": 23.995589704233574, "gamma": 0.05391714359034028}}
{"target": 41.16687224505921, "params": {"C": 898.6719321641065, "epsilon": 23.049409592050928, "gamma": 0.0004324455389743964}}
{"target": 43.7122057479029, "params": {"C": 896.1508719254385, "epsilon": 25.50359875527635, "gamma": 0.05418964494974244}}
{"target": 39.1282122357188, "params": {"C": 836.6396091086355, "epsilon": 26.97558761003532, "gamma": 0.013514146602922321}}
{"target": 49.039775039506964, "params": {"C": 1299.5381373435202, "epsilon": 13.542011302390907, "gamma": 0.41495661154877117}}
{"target": 44.158073060831256, "params": {"C": 879.6013092296115, "epsilon": 26.717646330585367, "gamma": 0.05784126445140132}}
{"target": 39.25224103963455, "params": {"C": 857.2358682928193, "epsilon": 27.012367645051597, "gamma": 0.003797744196165685}}
{"target": 39.249065467075205, "params": {"C": 1020.8155272905082, "epsilon": 23.25539155932542, "gamma": 0.004064620757884588}}
{"target": 39.19188545759367, "params": {"C": 800.798206205062, "epsilon": 23.403353487135714, "gamma": 0.006052154538297462}}
{"target": 49.01871422240053, "params": {"C": 960.5026772192546, "epsilon": 17.741013923820976, "gamma": 0.39378697050784134}}
{"target": 45.70733611402888, "params": {"C": 787.7815356398096, "epsilon": 28.53910970784544, "gamma": 0.00012829578675504615}}
{"target": 39.8927511607303, "params": {"C": 707.0877995701675, "epsilon": 29.791002315601677, "gamma": 0.02347728330233833}}
{"target": 43.844179987972254, "params": {"C": 702.8962581562639, "epsilon": 29.782085056215145, "gamma": 0.06012770355578784}}
{"target": 39.3754445917652, "params": {"C": 845.5006713826069, "epsilon": 25.492999210964538, "gamma": 0.003766969222882008}}
{"target": 48.14435432075622, "params": {"C": 1083.2146952466333, "epsilon": 17.159160278145624, "gamma": 0.2045204141719582}}
{"target": 47.08989088587568, "params": {"C": 928.3670036605733, "epsilon": 23.76258823548558, "gamma": 0.12605137187827692}}
{"target": 44.54719268890605, "params": {"C": 930.4274177198216, "epsilon": 23.722068947311914, "gamma": 0.06343267205230743}}
{"target": 44.5564534085379, "params": {"C": 701.1721394754042, "epsilon": 24.07781462066586, "gamma": 0.07671341467756387}}
{"target": 44.33792295222325, "params": {"C": 874.9561001741658, "epsilon": 20.59356982884431, "gamma": 0.06829231086682315}}
{"target": 47.11797920092206, "params": {"C": 892.0704487090126, "epsilon": 21.835439992001668, "gamma": 0.1342881051254496}}
{"target": 46.237608231142424, "params": {"C": 1248.2695608736333, "epsilon": 22.901151240074846, "gamma": 0.07363628658828536}}
{"target": 40.44554853390632, "params": {"C": 910.4128495988591, "epsilon": 26.424596738795053, "gamma": 0.0007602908104731628}}
{"target": 39.9091144274703, "params": {"C": 965.701932709708, "epsilon": 25.737029032397366, "gamma": 0.0016534225950061085}}
{"target": 50.626600772595395, "params": {"C": 1149.7938558797603, "epsilon": 17.163566799374905, "gamma": 0.4751161736209685}}
{"target": 39.81427405395599, "params": {"C": 927.0234766653125, "epsilon": 25.31163177941233, "gamma": 0.0018371885218366416}}
{"target": 39.964138789160074, "params": {"C": 944.5419034848333, "epsilon": 26.211010556497293, "gamma": 0.0017987110095540005}}
{"target": 39.120060328892066, "params": {"C": 998.9963621738818, "epsilon": 24.777828102543406, "gamma": 0.005178242036267222}}
{"target": 45.46772704128449, "params": {"C": 792.1257695530711, "epsilon": 25.426144283618967, "gamma": 0.09496661521534354}}
{"target": 46.58904897926823, "params": {"C": 706.1609534434917, "epsilon": 26.332706015624595, "gamma": 0.13372085806772602}}
{"target": 39.39287523061779, "params": {"C": 842.0687149680192, "epsilon": 26.926287142264094, "gamma": 0.002960809532306564}}
{"target": 45.32616836233066, "params": {"C": 812.5961071259381, "epsilon": 29.192958513140994, "gamma": 0.08771298313699101}}
{"target": 49.2348367159048, "params": {"C": 1254.2234174435278, "epsilon": 12.592954051235793, "gamma": 0.1896961548306756}}
{"target": 39.356022558565044, "params": {"C": 924.3101926435787, "epsilon": 20.55500374539018, "gamma": 0.003444120303904827}}
{"target": 43.42563368063128, "params": {"C": 821.982060902615, "epsilon": 29.723262134908573, "gamma": 0.050472464016197365}}
{"target": 39.41414216247922, "params": {"C": 774.0256670296167, "epsilon": 22.095466093963715, "gamma": 0.0035474866353437697}}
{"target": 44.82821872609681, "params": {"C": 804.0745281614865, "epsilon": 27.187842260102776, "gamma": 0.07122075794849851}}
{"target": 41.44270923339684, "params": {"C": 835.5938216794573, "epsilon": 20.9272850243549, "gamma": 0.041647707844562704}}
{"target": 39.75092571643727, "params": {"C": 945.1457325494791, "epsilon": 21.944479482448926, "gamma": 0.001833746233656782}}
{"target": 39.05791112080104, "params": {"C": 794.3324075293235, "epsilon": 26.421939264524386, "gamma": 0.007300226842249498}}
{"target": 44.77254523982593, "params": {"C": 1003.7109284538593, "epsilon": 23.68907240227825, "gamma": 0.06348421712201839}}
{"target": 45.744375333923294, "params": {"C": 1022.7566513776623, "epsilon": 23.084665910434083, "gamma": 0.07925760039730742}}
{"target": 39.822573412602296, "params": {"C": 831.3528606094993, "epsilon": 25.334651017998503, "gamma": 0.001980596110021682}}
{"target": 39.11572883084327, "params": {"C": 768.0084026542004, "epsilon": 24.287366583085944, "gamma": 0.005325782915782862}}
{"target": 43.51761620867806, "params": {"C": 803.4249225313672, "epsilon": 25.761865664697595, "gamma": 0.05505397373136844}}
{"target": 40.149421739251764, "params": {"C": 786.2163153523444, "epsilon": 26.294679736108282, "gamma": 0.001629325229303132}}
{"target": 39.54158864926288, "params": {"C": 1434.092118238294, "epsilon": 14.331530681344262, "gamma": 0.01810391480180279}}
{"target": 47.56919820104695, "params": {"C": 897.8005420212044, "epsilon": 26.705057473868855, "gamma": 0.13164960446237817}}
{"target": 47.64222962731699, "params": {"C": 855.6656280498183, "epsilon": 24.726509941498122, "gamma": 0.1412463600693005}}
{"target": 44.16551132220429, "params": {"C": 899.4303875193036, "epsilon": 24.211113571094387, "gamma": 0.05990096139620822}}
{"target": 40.11855415008123, "params": {"C": 800.0726557895658, "epsilon": 29.94777027171758, "gamma": 0.024327108705733114}}
{"target": 44.66288997438233, "params": {"C": 1000.947519723371, "epsilon": 24.76117087110223, "gamma": 0.060951913332524615}}
{"target": 44.26647911107717, "params": {"C": 706.2562810261077, "epsilon": 25.791479914609308, "gamma": 0.06826563172681234}}
{"target": 42.67629790944729, "params": {"C": 704.7839429258762, "epsilon": 26.64918027214458, "gamma": 0.050338664139474715}}
{"target": 44.27385740092956, "params": {"C": 976.2910810942761, "epsilon": 25.216627470599857, "gamma": 0.057182769848928755}}
{"target": 39.04619620372934, "params": {"C": 717.5317275636049, "epsilon": 29.42239950495055, "gamma": 0.008370832660039833}}
{"target": 39.29325210536759, "params": {"C": 1023.7798828666741, "epsilon": 24.099764801856058, "gamma": 0.0036850245565824436}}
{"target": 48.41261280848166, "params": {"C": 1074.4244900825572, "epsilon": 11.325307556574941, "gamma": 0.2530055287931857}}
{"target": 43.23316014222582, "params": {"C": 1107.610039082104, "epsilon": 23.42559504043417, "gamma": 0.046415995123919356}}
{"target": 48.87505179014691, "params": {"C": 1458.9614313434517, "epsilon": 15.940193492786605, "gamma": 0.3950540703391679}}
{"target": 39.34365253438547, "params": {"C": 806.2555507856548, "epsilon": 29.993352430855094, "gamma": 0.012188927787884624}}
{"target": 45.02783877078702, "params": {"C": 883.8366308172779, "epsilon": 27.31079280541913, "gamma": 0.06993146655880936}}
{"target": 40.29227183738429, "params": {"C": 882.657444029884, "epsilon": 28.03570319328738, "gamma": 0.0013651178825769272}}
{"target": 39.035073152263706, "params": {"C": 835.9447782524231, "epsilon": 28.442964891249083, "gamma": 0.005243788112699913}}
{"target": 39.14540197412998, "params": {"C": 854.7803149933151, "epsilon": 29.66041473629872, "gamma": 0.0051642298218371645}}
{"target": 44.45765493369251, "params": {"C": 991.4120780978607, "epsilon": 19.798615262312534, "gamma": 0.0655038780528613}}
{"target": 44.55493299200112, "params": {"C": 852.1761902769676, "epsilon": 22.44670175881615, "gamma": 0.06961911033890532}}
{"target": 44.78076220511921, "params": {"C": 925.8572640677517, "epsilon": 27.172371860726876, "gamma": 0.06398983503482931}}
{"target": 45.02750589663986, "params": {"C": 938.6717745361836, "epsilon": 25.107249599113718, "gamma": 0.06829794510737014}}
{"target": 39.17690288596175, "params": {"C": 887.0148049556014, "epsilon": 25.071309780994923, "gamma": 0.00959174673136896}}
{"target": 40.45435684166397, "params": {"C": 894.8226484656776, "epsilon": 27.65033716155127, "gamma": 0.0010998327292115005}}
{"target": 40.010128189802614, "params": {"C": 881.663560203991, "epsilon": 26.10967427662475, "gamma": 0.001761534609139945}}
{"target": 39.18549515584813, "params": {"C": 849.5747038663599, "epsilon": 25.28600689678749, "gamma": 0.004660281978753619}}
{"target": 44.66933526109104, "params": {"C": 917.905839883541, "epsilon": 26.129583746989603, "gamma": 0.06311354829315723}}
{"target": 43.998645283288695, "params": {"C": 846.993071005212, "epsilon": 23.093384822138603, "gamma": 0.061352111912205506}}
{"target": 40.77226827493125, "params": {"C": 956.050285464048, "epsilon": 23.31939819646527, "gamma": 0.031514850472109016}}
{"target": 44.82376508197742, "params": {"C": 858.9287077358825, "epsilon": 28.416792085165312, "gamma": 0.06750889256304901}}
{"target": 45.54500961222519, "params": {"C": 899.6400743802797, "epsilon": 28.20985605132739, "gamma": 0.08386396467796758}}
{"target": 48.09821405626799, "params": {"C": 867.6035555424096, "epsilon": 28.483936190815363, "gamma": 0.14357194127259731}}
{"target": 43.9436102250587, "params": {"C": 850.9753275662827, "epsilon": 29.731078676843598, "gamma": 0.05496125118250142}}
{"target": 39.36614757524187, "params": {"C": 1014.3976378171214, "epsilon": 22.029373480281098, "gamma": 0.003348653830153354}}
{"target": 46.156739710599155, "params": {"C": 995.9299590607853, "epsilon": 26.516877766011504, "gamma": 0.09499360084011929}}
{"target": 44.41257503810885, "params": {"C": 796.9082096194131, "epsilon": 23.96235167843635, "gamma": 0.06744381293427906}}
{"target": 39.181524036224275, "params": {"C": 840.8752813449626, "epsilon": 23.294096752334504, "gamma": 0.0050843824033030525}}
{"target": 39.60951618468162, "params": {"C": 898.0933270686204, "epsilon": 28.71504334816179, "gamma": 0.0023786729482832515}}
{"target": 46.26263083521188, "params": {"C": 1166.967513940668, "epsilon": 23.7198545321122, "gamma": 0.07918142877870474}}
{"target": 44.759007694058276, "params": {"C": 950.218319827917, "epsilon": 21.003735264200046, "gamma": 0.07051206936552065}}
{"target": 45.2670095690198, "params": {"C": 953.545659146422, "epsilon": 23.397347799323928, "gamma": 0.07539960122383806}}
{"target": 44.247107873130886, "params": {"C": 920.2101387762146, "epsilon": 22.52259823907069, "gamma": 0.06239873675362499}}
{"target": 47.96396761309917, "params": {"C": 1114.829065503093, "epsilon": 24.140302894717955, "gamma": 0.12755483506947154}}
{"target": 41.090273937785845, "params": {"C": 892.380863090261, "epsilon": 22.09710420751027, "gamma": 0.00044258655957608167}}
{"target": 39.86475920557898, "params": {"C": 857.4009508557122, "epsilon": 29.81404243795998, "gamma": 0.0021570266005600854}}
{"target": 43.307173303668684, "params": {"C": 791.24771044127, "epsilon": 25.93111606265988, "gamma": 0.05325061468215165}}
{"target": 39.481695542284555, "params": {"C": 966.1353139018904, "epsilon": 25.316188682823917, "gamma": 0.002520682183163708}}
{"target": 38.981632947533285, "params": {"C": 949.4236577494331, "epsilon": 25.786896303047588, "gamma": 0.012328492154004217}}
{"target": 45.000661615803594, "params": {"C": 865.2284933472674, "epsilon": 26.99137332407944, "gamma": 0.07056161252569029}}
{"target": 43.01020803965595, "params": {"C": 789.0863441700625, "epsilon": 19.705924646644117, "gamma": 0.00019395053084137089}}
{"target": 39.148950169171094, "params": {"C": 988.7404819732349, "epsilon": 25.515670028825795, "gamma": 0.005099679587027682}}
{"target": 43.97639316808049, "params": {"C": 881.62763589089, "epsilon": 26.28278342174382, "gamma": 0.0562850386905685}}
{"target": 39.25147733524126, "params": {"C": 925.3989742511092, "epsilon": 25.904348044713398, "gamma": 0.003925814693224306}}
{"target": 49.8833948124054, "params": {"C": 1277.4212944218552, "epsilon": 9.902617485654796, "gamma": 0.4815735933042715}}
{"target": 45.532872474947915, "params": {"C": 1025.4770288836162, "epsilon": 26.124234264740796, "gamma": 0.06954733779308095}}
{"target": 46.31084264635595, "params": {"C": 1046.2423223870726, "epsilon": 26.20566357164312, "gamma": 0.09315343434878331}}
{"target": 46.96221674092061, "params": {"C": 1075.8458396201343, "epsilon": 26.753260997669464, "gamma": 0.10765078833358778}}
{"target": 48.324510975761385, "params": {"C": 873.7929021882819, "epsilon": 9.832255210562915, "gamma": 0.32987730964339257}}
{"target": 39.43840678894277, "params": {"C": 1079.5038925726778, "epsilon": 24.042397309035984, "gamma": 0.0031638471882649254}}
{"target": 39.18696308753921, "params": {"C": 975.4414510103263, "epsilon": 24.706287938243296, "gamma": 0.009713583474274347}}
{"target": 42.44930313394382, "params": {"C": 937.3865363686587, "epsilon": 25.20160091470036, "gamma": 0.04277823380911806}}
{"target": 43.54694565652623, "params": {"C": 1008.5754128147175, "epsilon": 23.001202660237414, "gamma": 0.05153513137819027}}
{"target": 44.16828815771824, "params": {"C": 961.0891968287591, "epsilon": 26.602172062045188, "gamma": 0.055519769889331695}}
{"target": 44.20963274360997, "params": {"C": 970.3317200959333, "epsilon": 26.736342731577796, "gamma": 0.05548839112947739}}
{"target": 39.150473356042184, "params": {"C": 979.1984070584771, "epsilon": 22.829616618791515, "gamma": 0.011356050965384482}}
{"target": 39.26289975114736, "params": {"C": 947.8507512065349, "epsilon": 23.041914183835, "gamma": 0.004299867206111644}}
{"target": 48.08632403338662, "params": {"C": 1006.7359721531965, "epsilon": 23.451536277111348, "gamma": 0.16308267806519636}}
