{"target": 40.378565493474994, "params": {"C": 709.2899914596976, "epsilon": 27.481334255101796, "gamma": 0.0012324098247060364}}
{"target": 39.39515817248606, "params": {"C": 886.7702995340571, "epsilon": 27.82622925067673, "gamma": 0.0030975064310884816}}
{"target": 40.475686792372116, "params": {"C": 767.6368423668912, "epsilon": 26.005634126873616, "gamma": 0.0008560320216226608}}
{"target": 47.60224035509515, "params": {"C": 910.2151008478072, "epsilon": 29.958664794077386, "gamma": 0.1250976062219305}}
{"target": 41.30447018390578, "params": {"C": 893.2438590550546, "epsilon": 19.69054326669148, "gamma": 0.040322196262314106}}
{"target": 41.70802006688897, "params": {"C": 1120.79624465159, "epsilon": 24.616825758294254, "gamma": 0.03515109957001885}}
{"target": 42.64768508417017, "params": {"C": 708.6581986575646, "epsilon": 22.960603007433775, "gamma": 0.05366619694161985}}
{"target": 44.28145422788448, "params": {"C": 873.1784184674459, "epsilon": 24.84551319774187, "gamma": 0.06118318713580562}}
{"target": 40.39060212277345, "params": {"C": 799.7801903044925, "epsilon": 28.31043671000078, "gamma": 0.0013312723188929378}}
{"target": 40.639611626888815, "params": {"C": 705.8511774165493, "epsilon": 27.632247250888675, "gamma": 0.001013098792812351}}
{"target": 41.94256188349696, "params": {"C": 703.5047518389893, "epsilon": 25.94178081824883, "gamma": 0.04555707421096887}}
{"target": 43.83603777073186, "params": {"C": 965.7224975977687, "epsilon": 29.850906463580287, "gamma": 0.050384666667089684}}
{"target": 49.99816949645451, "params": {"C": 748.197259869158, "epsilon": 10.797556746719138, "gamma": 0.479043801623836}}
{"target": 41.931035408896705, "params": {"C": 842.9052950886086, "epsilon": 28.70248648051631, "gamma": 0.000294465721787731}}
{"target": 40.37847313152837, "params": {"C": 700.5701334034972, "epsilon": 24.934225102462936, "gamma": 0.03250771482224299}}
{"target": 44.23786226634245, "params": {"C": 983.4866013163527, "epsilon": 24.057466957038244, "gamma": 0.05815468136254917}}
{"target": 45.529464463424425, "params": {"C": 782.0876084307976, "epsilon": 27.113522925640247, "gamma": 0.09989271943751989}}
{"target": 43.21111672619467, "params": {"C": 937.7350662172408, "epsilon": 25.623787824813455, "gamma": 0.04833623666859835}}
{"target": 48.64765365915334, "params": {"C": 924.5322842154785, "epsilon": 21.912738414930125, "gamma": 0.3465499182526062}}
{"target": 46.23336877937952, "params": {"C": 988.8251974028653, "epsilon": 22.849897400669782, "gamma": 0.1021128736568682}}
{"target": 41.632761364612165, "params": {"C": 774.0145775974647, "epsilon": 23.945580087953502, "gamma": 0.0003624089837036947}}
{"target": 39.0713288577853, "params": {"C": 771.765109528012, "epsilon": 29.910755032500905, "gamma": 0.00721763051869681}}
{"target": 48.119258818580406, "params": {"C": 984.2288024886979, "epsilon": 23.403552362417212, "gamma": 0.30604739325805713}}
{"target": 43.58047237991538, "params": {"C": 927.4071340745732, "epsilon": 22.491871482228447, "gamma": 0.05419700285192117}}
{"target": 43.9370905646194, "params": {"C": 1066.1384485353683, "epsilon": 22.22658095133735, "gamma": 0.05506285332225967}}
{"target": 43.51218330008093, "params": {"C": 700.6565766339022, "epsilon": 26.470383734932092, "gamma": 0.05797476230841846}}
{"target": 50.17621482222227, "params": {"C": 702.1757086547843, "epsilon": 14.766570727986421, "gamma": 0.4651182876784978}}
{"target": 45.681176519682765, "params": {"C": 811.6724602711562, "epsilon": 21.56742720919929, "gamma": 0.11016024179779679}}
{"target": 43.87144518970054, "params": {"C": 1065.363007863073, "epsilon": 23.259430739557914, "gamma": 0.05319715170213368}}
{"target": 45.77159898370693, "params": {"C": 786.4992894110775, "epsilon": 22.427416477915227, "gamma": 0.11571754684627514}}
{"target": 41.18959467408553, "params": {"C": 788.7841826265344, "epsilon": 28.826501046599503, "gamma": 0.0006796959985427157}}
{"target": 42.42662418213508, "params": {"C": 885.2351070284038, "epsilon": 24.458472667264147, "gamma": 0.04484394821978744}}
{"target": 48.08416270638596, "params": {"C": 978.1577650649092, "epsilon": 25.16550288949539, "gamma": 0.1574824921552797}}
{"target": 43.5346390102264, "params": {"C": 774.7102325998279, "epsilon": 27.95634408733991, "gamma": 0.05443095748223786}}
{"target": 42.17989960103715, "params": {"C": 1096.0427956647302, "epsilon": 21.82221027752141, "gamma": 0.00019147741328444032}}
{"target": 39.55475651261176, "params": {"C": 881.3598435261549, "epsilon": 18.996521326276987, "gamma": 0.003140797083589785}}
{"target": 41.76958703173219, "params": {"C": 853.8235725599203, "epsilon": 25.660926165361914, "gamma": 0.0003230782857060778}}
{"target": 39.6259376671499, "params": {"C": 816.2662075600842, "epsilon": 21.67210460854615, "gamma": 0.0025049257287131574}}
{"target": 42.90886823614649, "params": {"C": 846.791937234682, "epsilon": 26.66298635892322, "gamma": 0.047581411052090565}}
{"target": 40.948352119000425, "params": {"C": 808.925760015979, "epsilon": 22.405899009166905, "gamma": 0.03689957455162514}}
{"target": 40.91688424508777, "params": {"C": 969.5392419140018, "epsilon": 25.171367240260373, "gamma": 0.0005298544882644807}}
{"target": 41.52663207693819, "params": {"C": 847.4622284868068, "epsilon": 28.127019403878215, "gamma": 0.0004050992094795664}}
{"target": 41.00232628704216, "params": {"C": 1110.4267159500887, "epsilon": 18.10125050760486, "gamma": 0.00032165196501294374}}
{"target": 39.61749189142066, "params": {"C": 938.4605556829049, "epsilon": 22.454220021918776, "gamma": 0.0024501979888001506}}
{"target": 43.694706543744715, "params": {"C": 846.9822509713164, "epsilon": 25.990263340205704, "gamma": 0.05507376404745907}}
{"target": 44.01651917273243, "params": {"C": 961.2408608118701, "epsilon": 26.154477778159926, "gamma": 0.05447356536424585}}
{"target": 45.6701471442363, "params": {"C": 969.0763785372728, "epsilon": 20.962029882002355, "gamma": 0.08958590118712287}}
{"target": 43.1388479339127, "params": {"C": 780.6973943405017, "epsilon": 26.844539513354974, "gamma": 0.051387835119571526}}
{"target": 39.7085006239527, "params": {"C": 713.4314485277314, "epsilon": 25.52939137435899, "gamma": 0.002565145177122457}}
{"target": 46.13738419399412, "params": {"C": 993.8141095146115, "epsilon": 25.14650642252489, "gamma": 0.09566142616335596}}
{"target": 42.5764902436852, "params": {"C": 779.3623854231481, "epsilon": 27.027713544794608, "gamma": 0.046751889234093263}}
{"target": 44.16928603216073, "params": {"C": 701.8981332876973, "epsilon": 27.85538440399946, "gamma": 0.06578086785766955}}
{"target": 44.18727884122961, "params": {"C": 701.9629502458897, "epsilon": 23.325622782573266, "gamma": 0.07045349795864408}}
{"target": 47.70103579532168, "params": {"C": 702.5449953472005, "epsilon": 26.292122921742425, "gamma": 0.18840658510852568}}
{"target": 44.39538856558211, "params": {"C": 876.5223361444075, "epsilon": 25.164941710266884, "gamma": 0.06206845565832124}}
{"target": 46.02038261572478, "params": {"C": 906.9452634834538, "epsilon": 26.119868451258302, "gamma": 0.10233247366764867}}
{"target": 43.16937263162349, "params": {"C": 983.5872388690526, "epsilon": 27.14416597374278, "gamma": 0.04550633848258302}}
{"target": 41.59371470555718, "params": {"C": 905.0359166789275, "epsilon": 25.615871606674936, "gamma": 0.0003383187181645901}}
{"target": 39.43626148925775, "params": {"C": 710.1682661116115, "epsilon": 24.649863819463413, "gamma": 0.003540663978258307}}
{"target": 40.260250836844214, "params": {"C": 1011.1931673916296, "epsilon": 26.700105922697276, "gamma": 0.00102980757756483}}
{"target": 42.942429151662864, "params": {"C": 899.9188212276631, "epsilon": 25.431079036635502, "gamma": 0.04750761081122909}}
{"target": 44.4156184425064, "params": {"C": 813.4262735391496, "epsilon": 29.982364207258733, "gamma": 0.06283713194166352}}
{"target": 43.32042420523847, "params": {"C": 788.7945597694003, "epsilon": 23.437172335292843, "gamma": 0.05563547012766107}}
{"target": 42.17965547219446, "params": {"C": 796.9728112625279, "epsilon": 23.019919744447087, "gamma": 0.046574557463695265}}
{"target": 41.02070633835943, "params": {"C": 864.7085533617335, "epsilon": 24.13414462530009, "gamma": 0.0005747834335909953}}
{"target": 42.77166881353196, "params": {"C": 799.1450957388718, "epsilon": 26.856174988326046, "gamma": 0.047772454624751194}}
{"target": 42.59134741974474, "params": {"C": 846.0939912016543, "epsilon": 22.897284342131993, "gamma": 0.048745795854655924}}
{"target": 45.21765366893946, "params": {"C": 700.9539493338177, "epsilon": 24.071224509265427, "gamma": 0.09797547323699103}}
{"target": 43.049953358740076, "params": {"C": 977.7183053107269, "epsilon": 22.786398741480166, "gamma": 0.04860315696067729}}
{"target": 39.954260435556776, "params": {"C": 929.4134626658614, "epsilon": 26.951145358542497, "gamma": 0.001699271979254778}}
{"target": 39.225676295010224, "params": {"C": 1109.7763075886633, "epsilon": 24.183006273491177, "gamma": 0.005264239616352212}}
{"target": 42.596523606558854, "params": {"C": 792.3037852903394, "epsilon": 28.15154192828223, "gamma": 0.04585509010341768}}
{"target": 44.76887861326988, "params": {"C": 1018.762163908692, "epsilon": 29.971145611081027, "gamma": 0.05901396968650097}}
{"target": 39.98456789033575, "params": {"C": 913.4055018600801, "epsilon": 29.523490672789425, "gamma": 0.0018539906078539233}}
{"target": 40.252580048958954, "params": {"C": 756.7015454711717, "epsilon": 24.245934342456245, "gamma": 0.001309822873882741}}
{"target": 40.15718122804023, "params": {"C": 900.0327772933409, "epsilon": 22.776277869279397, "gamma": 0.0012853553836342877}}
{"target": 43.623090744029625, "params": {"C": 1016.5045130872926, "epsilon": 25.203812781304254, "gamma": 0.05025173071123715}}
{"target": 42.811722071411864, "params": {"C": 705.1674985023554, "epsilon": 27.255637789642815, "gamma": 0.050902697523145364}}
{"target": 44.21429887150704, "params": {"C": 1034.369636573255, "epsilon": 28.04443625525187, "gamma": 0.052851581014649714}}
{"target": 42.76580304561466, "params": {"C": 1004.7669893164204, "epsilon": 25.035023756373462, "gamma": 0.04380801516305552}}
{"target": 42.12813811122732, "params": {"C": 772.4474165675606, "epsilon": 19.94692282338161, "gamma": 0.04908215832875937}}
{"target": 42.857818798391676, "params": {"C": 774.9581535354995, "epsilon": 25.804032712140074, "gamma": 0.05038146348172088}}
{"target": 45.917607091612155, "params": {"C": 933.6887046880024, "epsilon": 27.893096879575552, "gamma": 0.09514866169225632}}
{"target": 43.55898058863367, "params": {"C": 787.8188066144107, "epsilon": 27.860934021979396, "gamma": 0.05428037369787466}}
{"target": 43.06410094998538, "params": {"C": 1046.3969564600386, "epsilon": 19.98838888956181, "gamma": 0.04888118010146378}}
{"target": 45.08797208817418, "params": {"C": 764.8699083489257, "epsilon": 27.865248165420525, "gamma": 0.00014323840468499337}}
{"target": 39.67253497934807, "params": {"C": 779.7959316607114, "epsilon": 26.73732963772715, "gamma": 0.0027094059420868437}}
{"target": 45.68442609488942, "params": {"C": 815.1245536622239, "epsilon": 27.473500186178082, "gamma": 0.10133587619575221}}
{"target": 43.07273589776403, "params": {"C": 1034.1573952827318, "epsilon": 19.476842536692214, "gamma": 0.050144616326932956}}
{"target": 45.2180796502873, "params": {"C": 702.2769994685813, "epsilon": 27.06679233623735, "gamma": 0.10036284194035601}}
{"target": 46.24791199507341, "params": {"C": 806.465177427773, "epsilon": 28.031358466031797, "gamma": 0.1151482510491013}}
{"target": 39.34685276269204, "params": {"C": 1025.9715503212105, "epsilon": 24.02902139119467, "gamma": 0.0035078104310082136}}
{"target": 46.12102232512469, "params": {"C": 877.9188881070269, "epsilon": 22.818723580438533, "gamma": 0.11242040454378506}}
{"target": 39.7106692429125, "params": {"C": 1058.4412041381402, "epsilon": 23.198380454574448, "gamma": 0.0018015559368963607}}
{"target": 45.63135546098273, "params": {"C": 768.8277934098735, "epsilon": 24.95612110148415, "gamma": 0.10939335109569273}}
{"target": 39.269049429698, "params": {"C": 1152.015285122794, "epsilon": 26.83777173785233, "gamma": 0.0031859034722677565}}
{"target": 41.30913263565656, "params": {"C": 703.8600210635088, "epsilon": 23.892605774209716, "gamma": 0.04158197020833158}}
{"target": 42.721522138268234, "params": {"C": 900.2429866131063, "epsilon": 29.65876992358325, "gamma": 0.04304834833193767}}
{"target": 45.93761359992461, "params": {"C": 927.7702554558555, "epsilon": 25.102602331787413, "gamma": 0.09695500859511384}}
{"target": 43.154289374784625, "params": {"C": 939.8192974130592, "epsilon": 24.43556054923921, "gamma": 0.00015886855595226117}}
{"target": 39.333729811198275, "params": {"C": 863.2102563754235, "epsilon": 25.346397319587453, "gamma": 0.003970798991246404}}
{"target": 44.72631271726235, "params": {"C": 920.4045935222761, "epsilon": 21.289346889312313, "gamma": 0.07125568612775207}}
{"target": 40.67386372179345, "params": {"C": 784.9262145760299, "epsilon": 29.945367448807463, "gamma": 0.03165280227933325}}
{"target": 43.459190860199314, "params": {"C": 934.1260988728396, "epsilon": 25.094532337428717, "gamma": 0.05122734336341653}}
{"target": 41.24803570071664, "params": {"C": 710.94601376384, "epsilon": 25.667387577410395, "gamma": 0.000557856776038727}}
{"target": 40.482508316886445, "params": {"C": 800.0428592921322, "epsilon": 28.820708497221567, "gamma": 0.0012175057335502056}}
{"target": 41.70783561539302, "params": {"C": 792.9180542420639, "epsilon": 23.307178725022304, "gamma": 0.04242637972588864}}
{"target": 48.0516284578592, "params": {"C": 1284.2536582484463, "epsilon": 18.889751090197226, "gamma": 0.23997932445505477}}
{"target": 39.83347140429694, "params": {"C": 936.4116278354244, "epsilon": 27.36270307905749, "gamma": 0.001762852408934491}}
{"target": 39.871341704939745, "params": {"C": 767.5207911456971, "epsilon": 23.67107465386656, "gamma": 0.0017092909470785636}}
{"target": 42.4596406772561, "params": {"C": 846.7150364943104, "epsilon": 23.674771276946096, "gamma": 0.047027781951064114}}
{"target": 44.695185047937294, "params": {"C": 863.2612030821867, "epsilon": 26.456315259966022, "gamma": 0.06608187347206051}}
{"target": 47.94882136509421, "params": {"C": 936.1317264136451, "epsilon": 18.76970445418793, "gamma": 0.20145633510579347}}
{"target": 39.09090642879258, "params": {"C": 1047.6264270314682, "epsilon": 28.136829223694583, "gamma": 0.006208530322820547}}
{"target": 39.5045027255889, "params": {"C": 701.8183197962328, "epsilon": 29.11389800788083, "gamma": 0.0032257024155235466}}
{"target": 43.33185955797501, "params": {"C": 871.8404204969036, "epsilon": 24.230993596733803, "gamma": 0.05253114383307214}}
{"target": 43.91973590532095, "params": {"C": 933.0798878365814, "epsilon": 20.84094839826289, "gamma": 0.06035410967101585}}
{"target": 40.85998048945727, "params": {"C": 828.4787963440996, "epsilon": 24.976000678437114, "gamma": 0.0006566362569460091}}
{"target": 45.611066986417846, "params": {"C": 848.6494787315534, "epsilon": 29.814426148750726, "gamma": 0.09641931805235537}}
{"target": 45.48955577021409, "params": {"C": 784.5737421411563, "epsilon": 25.039462864203806, "gamma": 0.09798156555163155}}
{"target": 44.35937868996782, "params": {"C": 899.024650923616, "epsilon": 26.839701870502452, "gamma": 0.059106007158878635}}
{"target": 47.867734438683, "params": {"C": 1497.0088125672535, "epsilon": 24.134267142875945, "gamma": 0.1839553700804325}}
{"target": 43.89008553582458, "params": {"C": 1068.0542361953007, "epsilon": 25.534440550024364, "gamma": 0.051021080676113745}}
{"target": 40.8123301453601, "params": {"C": 916.4064672982228, "epsilon": 22.042964621904535, "gamma": 0.000637451662334948}}
{"target": 39.220750818507454, "params": {"C": 715.4409727807736, "epsilon": 29.967552561241767, "gamma": 0.004612745289297451}}
{"target": 44.338864741940434, "params": {"C": 765.2610815149174, "epsilon": 26.031021851423592, "gamma": 0.06561738893879464}}
{"target": 45.37940917039248, "params": {"C": 782.1851641032176, "epsilon": 26.36869663288773, "gamma": 0.08709935888754178}}
{"target": 43.03935863687557, "params": {"C": 810.3067829579071, "epsilon": 26.354227807299644, "gamma": 0.0501996044967223}}
{"target": 44.23138170448791, "params": {"C": 904.9803170316848, "epsilon": 23.895149926711554, "gamma": 0.00012807796326473435}}
{"target": 43.05761224429607, "params": {"C": 911.9010412461936, "epsilon": 27.621446013499487, "gamma": 0.046214190311386086}}
{"target": 44.08667572203931, "params": {"C": 963.2938838285553, "epsilon": 24.08678984200331, "gamma": 0.057225421527645925}}
{"target": 46.395117414669855, "params": {"C": 1016.0755803518865, "epsilon": 25.935787276579823, "gamma": 0.10056142892290838}}
{"target": 41.9783751017661, "params": {"C": 860.7199038938942, "epsilon": 29.944142805836833, "gamma": 0.0003312205671281397}}
{"target": 39.54647837919347, "params": {"C": 974.4227529664331, "epsilon": 22.287289527061102, "gamma": 0.002553285408265835}}
{"target": 40.474677513402504, "params": {"C": 889.9930969461401, "epsilon": 27.637894024575473, "gamma": 0.0010467351777605658}}
{"target": 45.63515190090892, "params": {"C": 701.6174864493803, "epsilon": 28.16642711116844, "gamma": 0.113977085864837}}
{"target": 41.27376188052851, "params": {"C": 891.4525855970129, "epsilon": 27.17506850201276, "gamma": 0.0004832337950530022}}
{"target": 46.4016633060805, "params": {"C": 700.3970672223289, "epsilon": 23.95016496951859, "gamma": 0.13631172755775725}}
{"target": 48.13032691875206, "params": {"C": 1100.152007289141, "epsilon": 29.66568291141142, "gamma": 0.1479223775179078}}
{"target": 42.089747876735686, "params": {"C": 815.6931280451713, "epsilon": 24.08713113915498, "gamma": 0.04444160112362121}}
{"target": 42.42619277327251, "params": {"C": 848.9187241902064, "epsilon": 27.563380789639417, "gamma": 0.043314971481220245}}
{"target": 41.54644680352386, "params": {"C": 830.8618146027411, "epsilon": 27.118589181178987, "gamma": 0.0003792451137123506}}
{"target": 47.79980221626017, "params": {"C": 925.7672280968909, "epsilon": 22.90822566069088, "gamma": 0.14323587168725174}}
{"target": 42.41108429139916, "params": {"C": 801.4161078274135, "epsilon": 26.71473555782852, "gamma": 0.04519286213550189}}
{"target": 39.29720372811721, "params": {"C": 706.3769857502034, "epsilon": 26.857844375034084, "gamma": 0.003947301666521273}}
{"target": 41.49741837919221, "params": {"C": 701.343166520143, "epsilon": 23.446655873797226, "gamma": 0.04355482974449704}}
{"target": 40.5555140156795, "params": {"C": 1011.6084048681232, "epsilon": 22.881667703520755, "gamma": 0.0008897698980424463}}
{"target": 42.41858714465017, "params": {"C": 798.7335124563206, "epsilon": 23.33882127378504, "gamma": 0.04842519465106941}}
{"target": 43.1452660801145, "params": {"C": 1045.6815511880366, "epsilon": 25.210389290884038, "gamma": 0.04537569043104747}}
{"target": 46.62996224558917, "params": {"C": 1077.2130266607026, "epsilon": 22.840156212249873, "gamma": 0.10425463584238517}}
