{"target": 39.134239047501566, "params": {"C": 1242.3400089617576, "epsilon": 26.54574416973254, "gamma": 0.012243519932255406}}
{"target": 45.21420950668883, "params": {"C": 1264.0777499115654, "epsilon": 24.954846255875736, "gamma": 0.05771810476656262}}
{"target": 39.56253128006299, "params": {"C": 710.8354392294576, "epsilon": 28.207219840523123, "gamma": 0.0027891972815860073}}
{"target": 39.47752630969409, "params": {"C": 736.3705436578491, "epsilon": 23.623074649718717, "gamma": 0.0035463853080492823}}
{"target": 40.95084470937443, "params": {"C": 1230.6044226998781, "epsilon": 21.23747676270821, "gamma": 0.00034463077150411435}}
{"target": 46.432458701578604, "params": {"C": 1348.8562521152737, "epsilon": 24.85996503661117, "gamma": 0.06889302712352803}}
{"target": 47.65788678564746, "params": {"C": 1109.57019154469, "epsilon": 29.672513263832474, "gamma": 0.18211799603765108}}
{"target": 39.138661472830215, "params": {"C": 1029.4983034779054, "epsilon": 25.1915471588234, "gamma": 0.004378468570888047}}
{"target": 39.43974839868351, "params": {"C": 1311.6928458753289, "epsilon": 25.91105141722707, "gamma": 0.015095186659639681}}
{"target": 43.115109794898125, "params": {"C": 1133.7351374468751, "epsilon": 26.839767684864686, "gamma": 0.042062489456844}}
{"target": 48.07029386238389, "params": {"C": 1495.936193448516, "epsilon": 14.321756392272658, "gamma": 0.311885082561961}}
{"target": 39.32567155216392, "params": {"C": 1151.8688320227031, "epsilon": 28.987824672436403, "gamma": 0.008014318979676895}}
{"target": 42.481162463279404, "params": {"C": 1143.697882463148, "epsilon": 29.80340543446466, "gamma": 0.03624935280622879}}
{"target": 40.46787088277709, "params": {"C": 1151.6675281153834, "epsilon": 23.81345293082003, "gamma": 0.025678444030304226}}
{"target": 39.152763567499505, "params": {"C": 794.9233512026351, "epsilon": 25.868783783926524, "gamma": 0.01073292168459612}}
{"target": 40.883216320923985, "params": {"C": 827.1736779141055, "epsilon": 24.81084127139721, "gamma": 0.03399216258788154}}
{"target": 48.438612980693115, "params": {"C": 1163.0014250255658, "epsilon": 11.20721004274537, "gamma": 0.13889811524588347}}
{"target": 42.90633800566872, "params": {"C": 831.841046989321, "epsilon": 25.62837347558575, "gamma": 0.049069713615141904}}
{"target": 45.208091856148044, "params": {"C": 987.7855349710643, "epsilon": 25.93864473623362, "gamma": 0.0672584485111831}}
{"target": 39.78298697291599, "params": {"C": 1038.193897474406, "epsilon": 10.83463067240129, "gamma": 0.02528779875224671}}
{"target": 39.85165178135246, "params": {"C": 940.4994062515922, "epsilon": 26.993439106376158, "gamma": 0.021502803071397597}}
{"target": 49.76557492303875, "params": {"C": 956.1668628017214, "epsilon": 9.176673239611102, "gamma": 0.47582402911853355}}
{"target": 38.94845301091205, "params": {"C": 942.8776198846256, "epsilon": 25.008811991907113, "gamma": 0.01217223504732191}}
{"target": 41.7551593790522, "params": {"C": 917.0835735474479, "epsilon": 26.536358890961385, "gamma": 0.03809250230612135}}
{"target": 46.27984273483158, "params": {"C": 918.1786596101477, "epsilon": 25.473747802819243, "gamma": 0.10904500594041917}}
{"target": 42.90684775388024, "params": {"C": 892.2207716782596, "epsilon": 27.328003069075837, "gamma": 0.045719953967387914}}
{"target": 39.58935949848834, "params": {"C": 910.0046481903714, "epsilon": 24.773711856292845, "gamma": 0.0022306148997250086}}
{"target": 39.398026662957555, "params": {"C": 947.5963673524157, "epsilon": 26.383043495364973, "gamma": 0.016482052931884573}}
{"target": 39.02465122112925, "params": {"C": 998.4719573589122, "epsilon": 22.361917252456653, "gamma": 0.01596151361194659}}
{"target": 48.36687289497104, "params": {"C": 1125.9200734203228, "epsilon": 20.254841829626894, "gamma": 0.3379178266998478}}
{"target": 39.24118921990706, "params": {"C": 838.9511820842748, "epsilon": 27.429958318129465, "gamma": 0.014428105930368525}}
{"target": 47.86112951128732, "params": {"C": 731.1681253427367, "epsilon": 16.142799987899004, "gamma": 0.18913075873960875}}
{"target": 40.41356104466287, "params": {"C": 1077.198445301968, "epsilon": 22.8319363107254, "gamma": 0.027103857139217313}}
{"target": 40.989317428028684, "params": {"C": 1006.7822604563202, "epsilon": 22.88650582600769, "gamma": 0.033175426170294696}}
{"target": 39.32211722484463, "params": {"C": 1006.3382129828871, "epsilon": 20.321284224261806, "gamma": 0.005435838725755156}}
{"target": 39.31289200920262, "params": {"C": 974.2277967682242, "epsilon": 18.97692054351858, "gamma": 0.012318353153601875}}
{"target": 43.2107072495977, "params": {"C": 1090.8780304747788, "epsilon": 22.060226004666575, "gamma": 0.047382128907210795}}
{"target": 39.46851757204452, "params": {"C": 967.26611230216, "epsilon": 28.455563631020688, "gamma": 0.0026703692808659318}}
{"target": 46.042206983532125, "params": {"C": 983.9543395909243, "epsilon": 21.350930317034926, "gamma": 0.09984938615554984}}
{"target": 39.23463707518787, "params": {"C": 917.1830772468832, "epsilon": 26.015030306269132, "gamma": 0.004053851521564669}}
{"target": 47.66199940859191, "params": {"C": 978.991503890388, "epsilon": 22.391558733589285, "gamma": 0.20006376942846107}}
{"target": 47.67110193125169, "params": {"C": 1005.9283397299031, "epsilon": 22.474894524023117, "gamma": 0.19838860333639496}}
{"target": 46.15138251081149, "params": {"C": 730.2343839827316, "epsilon": 28.87123316836492, "gamma": 0.11893103912046428}}
{"target": 39.7646632734113, "params": {"C": 891.8547365814827, "epsilon": 24.080067209254384, "gamma": 0.0017534712502734005}}
{"target": 46.55675832591366, "params": {"C": 1456.7394613869444, "epsilon": 29.746507274068932, "gamma": 0.07197336279078702}}
{"target": 39.20707868408808, "params": {"C": 1422.992462171938, "epsilon": 29.636356346470524, "gamma": 0.005801078199947424}}
{"target": 45.99849166121898, "params": {"C": 1318.0106448762772, "epsilon": 29.671123067725475, "gamma": 0.06398757325928348}}
{"target": 39.860667865285514, "params": {"C": 1325.935224679714, "epsilon": 24.97741295631309, "gamma": 0.019168524368313865}}
{"target": 46.55775769346387, "params": {"C": 1337.3761307496532, "epsilon": 29.00621931587382, "gamma": 0.07747294083299464}}
{"target": 43.62769775472334, "params": {"C": 1307.2297225081245, "epsilon": 28.084514135149714, "gamma": 0.04197497808805511}}
{"target": 41.47106957313257, "params": {"C": 1225.2595432263302, "epsilon": 26.395999448952928, "gamma": 0.03155032843570554}}
{"target": 39.107866191480106, "params": {"C": 1135.4328953362165, "epsilon": 26.428599498066692, "gamma": 0.004385657071430949}}
{"target": 39.672199390347956, "params": {"C": 1186.5161910014183, "epsilon": 26.41185163725662, "gamma": 0.017821862428269084}}
{"target": 47.17054677672259, "params": {"C": 1166.973809843191, "epsilon": 24.18716788031179, "gamma": 0.10608346388233839}}
{"target": 40.38387050390603, "params": {"C": 1096.4640005753602, "epsilon": 25.18384715608474, "gamma": 0.02510694630541976}}
{"target": 40.40330897838396, "params": {"C": 743.1029124038423, "epsilon": 8.549384682905883, "gamma": 0.04452705417202388}}
{"target": 39.76136536659933, "params": {"C": 1055.4734501103385, "epsilon": 26.400278929690586, "gamma": 0.019904306211239866}}
{"target": 39.15510635009748, "params": {"C": 1166.0162747129116, "epsilon": 25.691984197286054, "gamma": 0.0070914686695064955}}
{"target": 39.05962966600069, "params": {"C": 1060.8491555462208, "epsilon": 22.93585551496595, "gamma": 0.017078418306288645}}
{"target": 39.19505647618845, "params": {"C": 1122.37746613493, "epsilon": 22.65089647470462, "gamma": 0.004579277497719291}}
{"target": 45.57176455795904, "params": {"C": 972.2826730606973, "epsilon": 23.966016731097564, "gamma": 0.07774300701969737}}
{"target": 39.144191221398344, "params": {"C": 1096.744916507709, "epsilon": 24.634097084615238, "gamma": 0.004972192439579769}}
{"target": 39.144413976585405, "params": {"C": 1027.646003436701, "epsilon": 22.348781496135697, "gamma": 0.011747157074993405}}
{"target": 45.87255230296076, "params": {"C": 997.7556629172936, "epsilon": 28.851565269362542, "gamma": 0.0867422324155554}}
{"target": 47.127685244657734, "params": {"C": 1074.5630761214122, "epsilon": 27.789002197436208, "gamma": 0.10977115806382935}}
{"target": 40.41399205603127, "params": {"C": 909.5398628981189, "epsilon": 22.782820837566028, "gamma": 0.001093038545391986}}
{"target": 39.13246468539145, "params": {"C": 705.4534156980827, "epsilon": 26.30405013230867, "gamma": 0.01204448601068895}}
{"target": 39.476412196490834, "params": {"C": 855.1971965877779, "epsilon": 23.2578751701452, "gamma": 0.0030011249491660426}}
{"target": 42.64507845475576, "params": {"C": 762.528947366641, "epsilon": 28.838843842692736, "gamma": 0.04675934503908938}}
{"target": 39.910081255179, "params": {"C": 763.9520459380423, "epsilon": 28.92084582586033, "gamma": 0.023445134554108175}}
{"target": 41.974851861973896, "params": {"C": 716.7565931451908, "epsilon": 24.22032095405021, "gamma": 0.04644455163532293}}
{"target": 39.13736877971517, "params": {"C": 747.8540730618918, "epsilon": 25.85309703183049, "gamma": 0.010792425438159706}}
{"target": 39.090901906115434, "params": {"C": 722.1190684033536, "epsilon": 24.80135807283656, "gamma": 0.017732340523782104}}
{"target": 44.989449338242366, "params": {"C": 800.1637982238963, "epsilon": 24.16803141823881, "gamma": 0.07837602768742209}}
{"target": 45.43908741660535, "params": {"C": 760.8753511729358, "epsilon": 25.71764389378316, "gamma": 0.09919570647221473}}
{"target": 45.4022838497145, "params": {"C": 956.3506998751523, "epsilon": 24.15648011731555, "gamma": 0.07581639882541266}}
{"target": 45.05237679084969, "params": {"C": 1011.9005765957621, "epsilon": 24.41184828863018, "gamma": 0.06612174307252788}}
{"target": 39.55762216378766, "params": {"C": 703.9014867410438, "epsilon": 26.133273637563434, "gamma": 0.0032283708693586367}}
{"target": 43.03002461546173, "params": {"C": 710.5150615894916, "epsilon": 21.117901955479, "gamma": 0.057940182369839804}}
{"target": 45.4474699132039, "params": {"C": 732.2676142530178, "epsilon": 22.39813386472247, "gamma": 0.11247650203957306}}
{"target": 40.23830823644909, "params": {"C": 854.5571290386196, "epsilon": 29.94454517689928, "gamma": 0.02489269618999893}}
{"target": 42.57147629880571, "params": {"C": 710.9954358089017, "epsilon": 19.728913293232413, "gamma": 0.05513701396140933}}
{"target": 39.333841798092365, "params": {"C": 834.5750185134235, "epsilon": 25.685114738700126, "gamma": 0.0038492246033546406}}
{"target": 39.67911061548434, "params": {"C": 858.1733883882757, "epsilon": 29.657890188459014, "gamma": 0.019378076660838458}}
{"target": 39.04499870400333, "params": {"C": 703.0335842093937, "epsilon": 24.449017515425798, "gamma": 0.01372323766083756}}
{"target": 39.99145401138518, "params": {"C": 1036.5085954649385, "epsilon": 26.144617964809814, "gamma": 0.0015879107166521921}}
{"target": 39.3672859575998, "params": {"C": 1031.1973483732338, "epsilon": 29.859710465627963, "gamma": 0.010637717970347045}}
{"target": 39.18307162011292, "params": {"C": 997.395299870082, "epsilon": 23.7199503150742, "gamma": 0.004175997345190891}}
{"target": 40.481332941064615, "params": {"C": 715.8153096467697, "epsilon": 25.808600881026393, "gamma": 0.03340802167803122}}
{"target": 40.47725476508482, "params": {"C": 719.9571579674255, "epsilon": 23.460404958773864, "gamma": 0.03303615757629562}}
{"target": 41.803119416045135, "params": {"C": 757.2744542469381, "epsilon": 25.750829254627174, "gamma": 0.042922938330628074}}
{"target": 39.04215754224175, "params": {"C": 733.0838385041993, "epsilon": 24.22948329200199, "gamma": 0.014055170876935991}}
{"target": 39.783615808446825, "params": {"C": 864.3899819228561, "epsilon": 25.212397832075894, "gamma": 0.021949817651923116}}
{"target": 42.43650471566395, "params": {"C": 708.6415661886808, "epsilon": 26.112809867581884, "gamma": 0.04872221415717702}}
{"target": 39.20477407656166, "params": {"C": 964.6910921049803, "epsilon": 24.31003151176592, "gamma": 0.005951020176670756}}
{"target": 38.91007131011672, "params": {"C": 846.3689729664274, "epsilon": 24.915110740383827, "gamma": 0.014218835622529262}}
{"target": 39.087931884891496, "params": {"C": 848.140404148551, "epsilon": 23.045671722144426, "gamma": 0.018843527982321365}}
{"target": 39.41781220762938, "params": {"C": 867.3925877386472, "epsilon": 25.577786011008982, "gamma": 0.018000054909327882}}
{"target": 39.392910247505746, "params": {"C": 844.5035766579294, "epsilon": 23.322339062092702, "gamma": 0.021026554070829075}}
{"target": 39.00633055314871, "params": {"C": 793.6330028053391, "epsilon": 26.11697486576698, "gamma": 0.013633659367450866}}
{"target": 39.16315518000219, "params": {"C": 742.860864582452, "epsilon": 23.891348410936036, "gamma": 0.007987419328839007}}
{"target": 39.146707689879186, "params": {"C": 710.4603474991345, "epsilon": 22.289029880975235, "gamma": 0.014016996903001344}}
{"target": 39.5396542382046, "params": {"C": 737.2848724730967, "epsilon": 24.277597139774716, "gamma": 0.002638473915560177}}
{"target": 39.295944490672795, "params": {"C": 794.4531693927348, "epsilon": 20.52679891296278, "gamma": 0.006174616424572226}}
{"target": 42.25270896102931, "params": {"C": 809.4921925055111, "epsilon": 20.834892659119078, "gamma": 0.04799238586506002}}
{"target": 45.24821798769514, "params": {"C": 911.4013206075758, "epsilon": 21.515109944844507, "gamma": 0.08077766734267917}}
{"target": 51.5165914781468, "params": {"C": 1139.4313887239014, "epsilon": 20.06215408268478, "gamma": 0.4994291283054182}}
{"target": 43.549479048097666, "params": {"C": 904.9387497484564, "epsilon": 20.826740114747757, "gamma": 0.05637939201849849}}
{"target": 39.97017619768987, "params": {"C": 1254.2430861669716, "epsilon": 29.119805692609333, "gamma": 0.0015006205717475129}}
{"target": 46.189354826141944, "params": {"C": 877.2478999002633, "epsilon": 23.07174692594929, "gamma": 0.1140617150665625}}
{"target": 45.44433699112689, "params": {"C": 897.1789992773513, "epsilon": 26.103876148500344, "gamma": 0.0771035428541734}}
{"target": 46.00736941157651, "params": {"C": 1076.6196216760827, "epsilon": 20.381810341479188, "gamma": 0.09060966994109892}}
{"target": 39.2391119310901, "params": {"C": 1052.3387467717034, "epsilon": 20.710005198614944, "gamma": 0.011337613086273388}}
{"target": 45.21365626978191, "params": {"C": 1083.1145298828683, "epsilon": 21.326574062333542, "gamma": 0.0699305537109215}}
{"target": 46.367762401365226, "params": {"C": 1104.8981294553241, "epsilon": 21.41244464674993, "gamma": 0.09680393920172434}}
{"target": 39.2249205666964, "params": {"C": 1208.200322378248, "epsilon": 21.80476247970286, "gamma": 0.004069360063563128}}
{"target": 48.32572111061611, "params": {"C": 704.4387916117585, "epsilon": 8.401754025477846, "gamma": 0.34501228338342776}}
{"target": 39.10267437172645, "params": {"C": 838.8864397277662, "epsilon": 27.570040141396184, "gamma": 0.0051074839142459545}}
{"target": 46.205728356372255, "params": {"C": 1148.9811867598414, "epsilon": 25.937038069293237, "gamma": 0.0767054220843654}}
{"target": 42.692345397563045, "params": {"C": 950.6843590994768, "epsilon": 25.616592325099415, "gamma": 0.04388080706462393}}
{"target": 41.87038116409239, "params": {"C": 962.0651071122517, "epsilon": 26.571641258939074, "gamma": 0.03788131796137603}}
{"target": 39.133015308150014, "params": {"C": 847.7305283947126, "epsilon": 26.339352325615234, "gamma": 0.00945479741508968}}
{"target": 39.157748139262466, "params": {"C": 772.4312693199591, "epsilon": 26.648146309587137, "gamma": 0.004770950546917745}}
{"target": 45.46893917777373, "params": {"C": 841.5853061749142, "epsilon": 24.412952137312036, "gamma": 0.08563061478243204}}
{"target": 41.68058030233192, "params": {"C": 819.38116603608, "epsilon": 25.435225738009073, "gamma": 0.0404464001788489}}
{"target": 40.064945790949906, "params": {"C": 1010.6895994078113, "epsilon": 25.78655935136222, "gamma": 0.0013956095495430126}}
{"target": 39.12393302455767, "params": {"C": 1103.2367000819531, "epsilon": 26.236414917713052, "gamma": 0.007499770635545546}}
{"target": 38.995872618574765, "params": {"C": 939.9159560004609, "epsilon": 23.210405104903607, "gamma": 0.01639340370175998}}
{"target": 41.68972206194817, "params": {"C": 925.8269351775153, "epsilon": 23.577999249989865, "gamma": 0.0002952202663144554}}
{"target": 43.34510821604041, "params": {"C": 908.2253805795203, "epsilon": 27.215569412345324, "gamma": 0.00018081456349607929}}
{"target": 39.48856625122305, "params": {"C": 853.7163460315068, "epsilon": 28.15514866763089, "gamma": 0.0171118759267918}}
{"target": 39.25855153642365, "params": {"C": 1066.607590359109, "epsilon": 23.93105896461993, "gamma": 0.007102014407348298}}
{"target": 40.20085134112011, "params": {"C": 1295.6868164479292, "epsilon": 13.111831926991343, "gamma": 0.029342091032229095}}
{"target": 39.2017749099327, "params": {"C": 886.6714141527439, "epsilon": 23.06730221309746, "gamma": 0.00895993785546196}}
{"target": 39.72043112930496, "params": {"C": 1023.9889526739378, "epsilon": 22.17070018878558, "gamma": 0.022328184337704143}}
{"target": 39.599261616226926, "params": {"C": 922.5679654205802, "epsilon": 21.839391095587985, "gamma": 0.02285029590975747}}
{"target": 40.181974436252936, "params": {"C": 869.0200203152153, "epsilon": 22.60040126999057, "gamma": 0.0012978299222991818}}
{"target": 39.23743679591499, "params": {"C": 904.4857318497376, "epsilon": 22.466115205675365, "gamma": 0.007029219927428746}}
{"target": 39.379851678405394, "params": {"C": 800.0223263989303, "epsilon": 25.314773377864224, "gamma": 0.0031245100141811784}}
{"target": 45.92340024569195, "params": {"C": 780.1587549893445, "epsilon": 27.150294778161246, "gamma": 0.11406661095704493}}
{"target": 46.97488323752259, "params": {"C": 843.4108504329757, "epsilon": 26.65349763213111, "gamma": 0.12635949491868148}}
{"target": 48.9692443748328, "params": {"C": 1288.2355026864207, "epsilon": 29.34442414389669, "gamma": 0.3210977847403727}}
{"target": 45.35490858843938, "params": {"C": 777.5187752425495, "epsilon": 27.331871970054806, "gamma": 0.08791152706916855}}
{"target": 39.50652006932968, "params": {"C": 1003.8994469928177, "epsilon": 25.276480837247902, "gamma": 0.0024118188209836383}}
{"target": 39.19108024724754, "params": {"C": 702.0185516379627, "epsilon": 22.498511227923917, "gamma": 0.0067453668843063625}}
{"target": 40.47587303105995, "params": {"C": 829.934871465266, "epsilon": 27.435358995590107, "gamma": 0.030768653787137477}}
{"target": 39.650130407501784, "params": {"C": 872.6867157768571, "epsilon": 28.924698581881056, "gamma": 0.01949774912399547}}
{"target": 39.1730861313372, "params": {"C": 1220.2595100162328, "epsilon": 26.305746079324138, "gamma": 0.009578622229878165}}
{"target": 39.14363041857489, "params": {"C": 1201.0639439654913, "epsilon": 26.09097846643327, "gamma": 0.0073120488710292884}}
{"target": 43.339101156098195, "params": {"C": 1089.3322447713556, "epsilon": 24.98559154435294, "gamma": 0.04604612519986414}}
{"target": 39.10173493888578, "params": {"C": 1087.0790218336158, "epsilon": 27.14939336426535, "gamma": 0.004396772442375117}}
{"target": 43.699339280382546, "params": {"C": 1118.6798666807272, "epsilon": 27.355096909197453, "gamma": 0.046905048159511534}}
{"target": 46.35586988314635, "params": {"C": 1087.4697613145206, "epsilon": 27.467921736248808, "gamma": 0.09089387033079986}}
{"target": 46.43032505977505, "params": {"C": 1107.9420910510344, "epsilon": 28.071133925017367, "gamma": 0.09229505208155533}}
{"target": 46.10739625028155, "params": {"C": 1112.208474697152, "epsilon": 28.189061010267565, "gamma": 0.08179387635689582}}
{"target": 46.03793442105429, "params": {"C": 956.5515751277852, "epsilon": 26.73606796002802, "gamma": 0.09612787478406008}}
{"target": 45.75617650722031, "params": {"C": 1000.0178808407823, "epsilon": 26.984478090838895, "gamma": 0.07652989356945933}}
{"target": 45.082151024197394, "params": {"C": 868.4698233506797, "epsilon": 25.113611099577433, "gamma": 0.07331593605809411}}
{"target": 39.76765348852429, "params": {"C": 1114.6068689979957, "epsilon": 24.750138652339217, "gamma": 0.02013850232346647}}
{"target": 43.60936156800376, "params": {"C": 1070.8779895891278, "epsilon": 27.553449334145615, "gamma": 0.047067814475887024}}
{"target": 39.20247381206, "params": {"C": 1114.3310032651789, "epsilon": 25.41811487274814, "gamma": 0.00888841444650945}}
{"target": 39.316558194183884, "params": {"C": 1074.5287561363407, "epsilon": 26.990847367021413, "gamma": 0.01438578031441691}}
{"target": 40.737552703591916, "params": {"C": 1049.9101364867977, "epsilon": 28.169651291555926, "gamma": 0.0006572894123195441}}
{"target": 39.12099801432549, "params": {"C": 990.6669371766372, "epsilon": 27.39935141884919, "gamma": 0.008199901753388902}}
{"target": 39.09902324425177, "params": {"C": 981.7599570193394, "epsilon": 26.413458036567675, "gamma": 0.013365885516687647}}
{"target": 39.13173774232528, "params": {"C": 1116.5084674641716, "epsilon": 25.861792093459023, "gamma": 0.006530493825254607}}
{"target": 41.32033602928722, "params": {"C": 975.8515536811259, "epsilon": 27.726060462061348, "gamma": 0.00047655920930020183}}
{"target": 39.57143561791651, "params": {"C": 807.8605389304898, "epsilon": 27.094078125766643, "gamma": 0.002762721332721379}}
{"target": 39.2689140128705, "params": {"C": 930.2162934792317, "epsilon": 26.056551251782498, "gamma": 0.003698007093537443}}
{"target": 39.1729194852764, "params": {"C": 847.5802268058977, "epsilon": 28.086574359736417, "gamma": 0.00979699869164615}}
{"target": 39.51778313473035, "params": {"C": 777.8530622239963, "epsilon": 29.45204155279841, "gamma": 0.003302627612902835}}
{"target": 41.968227890011086, "params": {"C": 960.1703038615267, "epsilon": 27.094536950305457, "gamma": 0.0383011193164016}}
