{"target": 63.58519768216843, "params": {"C": 393.9154407578717, "epsilon": 1.7891048765925275, "gamma": 384.5082399780007}}
{"target": 59.2567926582895, "params": {"C": 7.4921603788803885, "epsilon": 13.373246380993518, "gamma": 312.62772027125357}}
{"target": 58.66841152966158, "params": {"C": 13.291814212679508, "epsilon": 2.359937425837249, "gamma": 495.95089399216045}}
{"target": 63.62243898883717, "params": {"C": 806.4073805260808, "epsilon": 2.5376473572132046, "gamma": 410.52453920867737}}
{"target": 63.570375014733905, "params": {"C": 709.5913316225351, "epsilon": 1.487581431460751, "gamma": 378.32088504196776}}
{"target": 63.566706163943856, "params": {"C": 1045.5377340348277, "epsilon": 1.41256923048596, "gamma": 399.6351089009085}}
{"target": 70.91355529981392, "params": {"C": 5778.743980185842, "epsilon": 96.76306356541073, "gamma": 126.47615576874544}}
{"target": 59.833688031525206, "params": {"C": 69.6390126980627, "epsilon": 0.5828270348698164, "gamma": 469.3428010115477}}
{"target": 63.574128166786394, "params": {"C": 775.7626215716186, "epsilon": 1.5643402779518822, "gamma": 461.23921536790135}}
{"target": 63.30441494513563, "params": {"C": 138.93245884325637, "epsilon": 4.108214419281899, "gamma": 467.3877774840755}}
{"target": 64.1582612561774, "params": {"C": 147.58703301753815, "epsilon": 15.627899040459589, "gamma": 468.9554102253896}}
{"target": 59.28924259802765, "params": {"C": 39.48897068212384, "epsilon": 3.692446301233786, "gamma": 440.940988865913}}
{"target": 64.48074427586843, "params": {"C": 1494.5201002966924, "epsilon": 19.84640101197762, "gamma": 496.2890535671189}}
{"target": 64.46381996555507, "params": {"C": 184.5230707952486, "epsilon": 19.494261565370067, "gamma": 405.2744157187018}}
{"target": 64.33153598108132, "params": {"C": 523.784711821357, "epsilon": 16.71955913949664, "gamma": 471.6782306296333}}
{"target": 64.85407577234471, "params": {"C": 234.58186609887852, "epsilon": 26.873706424741027, "gamma": 463.54802072502656}}
{"target": 63.54198998787299, "params": {"C": 201.5247504457635, "epsilon": 0.9051873807569137, "gamma": 486.9580933969121}}
{"target": 60.957840439643384, "params": {"C": 68.02291890513047, "epsilon": 15.820928978032581, "gamma": 431.13250731652965}}
{"target": 63.7965526581596, "params": {"C": 338.4053868808035, "epsilon": 5.8949021733813645, "gamma": 495.10029769407146}}
{"target": 60.16681814451617, "params": {"C": 57.948743657619865, "epsilon": 12.125711788395918, "gamma": 399.8879715446961}}
{"target": 63.55564003734124, "params": {"C": 619.4226519062418, "epsilon": 1.184714661830871, "gamma": 462.4263402319207}}
{"target": 63.58655209574897, "params": {"C": 124.31905261985602, "epsilon": 12.623239024567262, "gamma": 478.1059024494444}}
{"target": 71.25611073030701, "params": {"C": 264.589676938298, "epsilon": 99.44850104770453, "gamma": 432.47215093833665}}
{"target": 59.55913525237228, "params": {"C": 16.81602625010361, "epsilon": 11.95261253262833, "gamma": 338.410119917694}}
{"target": 64.76410284285757, "params": {"C": 4161.238663209978, "epsilon": 25.26965142945189, "gamma": 203.39664310155652}}
{"target": 60.85375334529865, "params": {"C": 90.2914109420425, "epsilon": 0.38723699535736866, "gamma": 446.838418432273}}
{"target": 63.56951396606978, "params": {"C": 700.965762650484, "epsilon": 1.4699509251583813, "gamma": 423.49155975968927}}
{"target": 61.11075233373898, "params": {"C": 67.28327636942905, "epsilon": 18.21659140967012, "gamma": 493.7720849877939}}
{"target": 64.13330914984115, "params": {"C": 937.4124092728032, "epsilon": 12.547714845534967, "gamma": 497.0709977939107}}
{"target": 65.79308733216908, "params": {"C": 1188.2577938410082, "epsilon": 42.09500355792556, "gamma": 317.4527381444149}}
{"target": 64.17373392186286, "params": {"C": 194.96793493872173, "epsilon": 13.381386583812395, "gamma": 498.3109886732023}}
{"target": 68.31281717428824, "params": {"C": 194.80019226919785, "epsilon": 70.35337537146401, "gamma": 475.37900020323383}}
{"target": 61.219337668715355, "params": {"C": 71.39169960036207, "epsilon": 16.394319713407427, "gamma": 416.79745021019653}}
{"target": 61.39428102349793, "params": {"C": 97.72920202253597, "epsilon": 1.4094975489670212, "gamma": 402.55587459951073}}
{"target": 59.14886469695917, "params": {"C": 25.484783259526576, "epsilon": 3.0791793070112248, "gamma": 339.48173701712733}}
{"target": 59.33369719833115, "params": {"C": 20.224726060974845, "epsilon": 6.762549829289527, "gamma": 338.3950827300023}}
{"target": 58.89280557043172, "params": {"C": 21.29574463866434, "epsilon": 1.7536286422360383, "gamma": 299.6690893135182}}
{"target": 59.55391101561838, "params": {"C": 22.138812434952097, "epsilon": 14.36636061073272, "gamma": 350.35087950541543}}
{"target": 64.87258645468953, "params": {"C": 1132.7541132127092, "epsilon": 27.192608074560447, "gamma": 418.34519307491416}}
{"target": 64.46264239914316, "params": {"C": 903.7415911900225, "epsilon": 19.469167595121075, "gamma": 378.41995635710475}}
{"target": 60.981190007264935, "params": {"C": 92.30093985677163, "epsilon": 0.4921283525647338, "gamma": 304.0532005342784}}
{"target": 58.67006094833572, "params": {"C": 15.874091839893708, "epsilon": 1.5488429307737324, "gamma": 339.38215171970796}}
{"target": 59.320566171186194, "params": {"C": 23.38054582219672, "epsilon": 5.802239153636556, "gamma": 402.7012205551084}}
{"target": 64.15648293310645, "params": {"C": 822.0995912045008, "epsilon": 13.024522988284712, "gamma": 320.1570737462822}}
{"target": 64.26388559096793, "params": {"C": 902.0986199138822, "epsilon": 15.263016863481663, "gamma": 321.99717395186485}}
{"target": 63.501437353882544, "params": {"C": 960.2947645960031, "epsilon": 0.0804010958178214, "gamma": 299.6636645608145}}
{"target": 64.32124593995741, "params": {"C": 102.76246290861202, "epsilon": 30.423889790908948, "gamma": 333.09514292610464}}
{"target": 59.64589654694629, "params": {"C": 17.194641428427456, "epsilon": 18.35276897595791, "gamma": 364.6938569070822}}
{"target": 64.37499181156525, "params": {"C": 1273.8520588702163, "epsilon": 17.658880522782937, "gamma": 307.86483978251005}}
{"target": 63.553211858743246, "params": {"C": 1688.096756538079, "epsilon": 1.1351235265717887, "gamma": 341.53728227974466}}
{"target": 59.0849160623816, "params": {"C": 3.6013494172190357, "epsilon": 8.407833641955868, "gamma": 324.5693516019495}}
{"target": 64.36091392156449, "params": {"C": 888.7477817753919, "epsilon": 17.349596863638627, "gamma": 394.52104089668455}}
{"target": 63.634795006190416, "params": {"C": 1160.317829253747, "epsilon": 2.785586798450425, "gamma": 418.1402543572608}}
{"target": 63.6124267650204, "params": {"C": 1338.5323118465735, "epsilon": 2.3370456569739657, "gamma": 439.108616432419}}
{"target": 63.606421996675614, "params": {"C": 675.7056806673146, "epsilon": 2.2166196602982913, "gamma": 397.41829322716535}}
{"target": 59.80752313439565, "params": {"C": 60.966903663799926, "epsilon": 4.79232031181031, "gamma": 385.072802968641}}
{"target": 70.38365522603269, "params": {"C": 2890.554523471364, "epsilon": 92.39779996417306, "gamma": 103.00526753171656}}
{"target": 59.26985558309282, "params": {"C": 17.86345170279519, "epsilon": 6.819666662772747, "gamma": 394.78688372361916}}
{"target": 65.5903756663427, "params": {"C": 122.20732427668979, "epsilon": 41.177022018280795, "gamma": 430.1579748249405}}
{"target": 66.40519428327546, "params": {"C": 4009.5982751407373, "epsilon": 49.51338137981418, "gamma": 36.37234722523351}}
{"target": 58.269779730365826, "params": {"C": 1.3442293195460782, "epsilon": 2.717396519727836, "gamma": 403.39071748543887}}
{"target": 64.07259739379622, "params": {"C": 939.4478761637167, "epsilon": 11.30860944453179, "gamma": 262.12222823796685}}
{"target": 63.30729458731988, "params": {"C": 153.57834975097137, "epsilon": 0.4248151622274141, "gamma": 287.71449058725364}}
{"target": 63.49924733658297, "params": {"C": 778.6194096237239, "epsilon": 0.03516689146218535, "gamma": 284.48316358216397}}
{"target": 63.73958728365195, "params": {"C": 179.4937081758629, "epsilon": 5.019268223431507, "gamma": 447.83448311478213}}
{"target": 59.67588609902212, "params": {"C": 48.45399915739492, "epsilon": 8.790443381359172, "gamma": 409.4841811718644}}
{"target": 64.42732869675388, "params": {"C": 631.3871664674757, "epsilon": 18.742949029642286, "gamma": 429.49267489575396}}
{"target": 64.36882433195876, "params": {"C": 968.6416287767926, "epsilon": 17.523547224756054, "gamma": 435.97766508274134}}
{"target": 61.37685425056183, "params": {"C": 75.48224204890255, "epsilon": 15.124396664210318, "gamma": 413.0822382126407}}
{"target": 61.41792773987847, "params": {"C": 58.526263423309054, "epsilon": 28.142866243777235, "gamma": 473.7714393105798}}
{"target": 63.505893186555156, "params": {"C": 495.46782220636214, "epsilon": 0.17203430449045215, "gamma": 351.61737231248486}}
{"target": 60.041364061321396, "params": {"C": 35.7972415080492, "epsilon": 27.51914178092886, "gamma": 401.48766715914826}}
{"target": 63.711921472596586, "params": {"C": 165.82855586004618, "epsilon": 5.581872717872082, "gamma": 440.2487776990084}}
{"target": 59.61387700021785, "params": {"C": 43.49390963510464, "epsilon": 10.065522137267987, "gamma": 449.59212661164366}}
{"target": 63.072492544552766, "params": {"C": 128.28073968565357, "epsilon": 4.383494832687578, "gamma": 430.5414718830031}}
{"target": 63.57578811924518, "params": {"C": 457.26083095925605, "epsilon": 1.5981319322447214, "gamma": 398.37625039766556}}
{"target": 58.62541354634516, "params": {"C": 16.60557389282998, "epsilon": 0.3308522577561517, "gamma": 328.90038824900046}}
{"target": 63.795915881858136, "params": {"C": 1010.0651251359193, "epsilon": 5.8826925668192835, "gamma": 374.55028490034584}}
{"target": 60.98091092182906, "params": {"C": 87.67168538505936, "epsilon": 3.2646710429492223, "gamma": 430.196155395936}}
{"target": 64.52860929294124, "params": {"C": 2133.1699580197933, "epsilon": 20.81166103676896, "gamma": 143.27437019319757}}
{"target": 60.96557265112301, "params": {"C": 92.3833790969874, "epsilon": 0.28681545887859583, "gamma": 463.5707737595197}}
{"target": 63.54660032430387, "params": {"C": 181.2334764773585, "epsilon": 1.3607205727332907, "gamma": 439.3697584204144}}
{"target": 63.50524207490888, "params": {"C": 527.7111103960073, "epsilon": 0.15880659553643972, "gamma": 444.47901107791614}}
{"target": 63.5670832796623, "params": {"C": 594.9873418092567, "epsilon": 1.4202563256317315, "gamma": 336.84596381232944}}
{"target": 63.538516053373726, "params": {"C": 306.2245056043559, "epsilon": 0.8338401940642214, "gamma": 333.70318584888605}}
{"target": 64.86777063303403, "params": {"C": 842.766797933108, "epsilon": 27.10865093099926, "gamma": 303.63647065847795}}
{"target": 63.98348701590503, "params": {"C": 876.8882948379073, "epsilon": 9.525383350363082, "gamma": 313.51350690927677}}
{"target": 59.681161400101495, "params": {"C": 7.649910838607974, "epsilon": 17.2951003497823, "gamma": 493.79847334646985}}
{"target": 66.12766551279203, "params": {"C": 5689.425751742878, "epsilon": 46.1962123782143, "gamma": 123.5291559487965}}
{"target": 64.57187597249086, "params": {"C": 961.1777783373085, "epsilon": 21.644839410676447, "gamma": 490.1536793860808}}
{"target": 63.08591578054431, "params": {"C": 140.03467990904042, "epsilon": 0.6549711481956364, "gamma": 253.23710819350754}}
{"target": 58.48445741950913, "params": {"C": 8.12723647388102, "epsilon": 2.4356046544763323, "gamma": 416.0108287005085}}
{"target": 71.7384761466778, "params": {"C": 4613.458897614579, "epsilon": 102.93325110545034, "gamma": 489.2658272151216}}
{"target": 58.888174362297946, "params": {"C": 21.44727244740776, "epsilon": 1.61693147820509, "gamma": 374.3617332326547}}
{"target": 63.59678318749972, "params": {"C": 192.21029071432864, "epsilon": 2.0307542491873845, "gamma": 367.0329655569623}}
{"target": 72.33400556235938, "params": {"C": 2201.892397572537, "epsilon": 106.6723437146581, "gamma": 407.0511369554033}}
{"target": 59.18466059166119, "params": {"C": 14.097307882732192, "epsilon": 7.570604239779737, "gamma": 489.49556325697046}}
{"target": 64.36922233894087, "params": {"C": 870.784098321942, "epsilon": 17.532352370262828, "gamma": 438.04631143261236}}
{"target": 59.79833109380174, "params": {"C": 46.05160167243118, "epsilon": 12.970246025325757, "gamma": 350.1821275244598}}
{"target": 63.53301996109401, "params": {"C": 1132.241715015713, "epsilon": 0.7210948160994901, "gamma": 481.78070092225397}}
{"target": 58.55491879562685, "params": {"C": 13.78406546489457, "epsilon": 0.022577242201593406, "gamma": 337.31118585636455}}
{"target": 70.67195755358703, "params": {"C": 1132.8783003382744, "epsilon": 94.84380954820641, "gamma": 226.97757925652678}}
{"target": 64.7468106526809, "params": {"C": 163.55658695442352, "epsilon": 25.01171384314337, "gamma": 361.8598059087613}}
{"target": 59.259037187815714, "params": {"C": 32.154089322245675, "epsilon": 4.533104515025359, "gamma": 356.39056351663}}
{"target": 58.316213910478005, "params": {"C": 8.075093623945628, "epsilon": 0.2011154641608588, "gamma": 447.20883402341445}}
{"target": 63.46052767945455, "params": {"C": 115.57997456999294, "epsilon": 14.246918639048587, "gamma": 405.3615783649003}}
{"target": 63.55137435422442, "params": {"C": 1369.071010540222, "epsilon": 1.0975958359766431, "gamma": 368.6468741152755}}
{"target": 64.36487849167864, "params": {"C": 241.85364582301793, "epsilon": 17.4363429236881, "gamma": 342.87910696503894}}
{"target": 63.54007476418509, "params": {"C": 1340.3616726513744, "epsilon": 0.8658527813136139, "gamma": 382.1519094311598}}
{"target": 63.51774369086928, "params": {"C": 434.6638838397161, "epsilon": 0.4122187189501991, "gamma": 407.8316144170344}}
{"target": 63.687126292350044, "params": {"C": 1287.9778557659652, "epsilon": 3.8166887323763, "gamma": 496.11590883364266}}
{"target": 58.954642852661266, "params": {"C": 13.255914844306279, "epsilon": 5.714999391235144, "gamma": 408.1369565689887}}
{"target": 64.29177617930533, "params": {"C": 1138.4303257801826, "epsilon": 15.862082401001176, "gamma": 407.4236021387329}}
{"target": 60.102265241680854, "params": {"C": 76.52736405790472, "epsilon": 0.41251486791763226, "gamma": 401.15609807874563}}
{"target": 64.19938277601393, "params": {"C": 1080.1462649149767, "epsilon": 13.915338834587644, "gamma": 410.99532875987285}}
{"target": 60.28901130532108, "params": {"C": 75.52561131599434, "epsilon": 3.295749045656139, "gamma": 423.54488732493667}}
{"target": 63.52403005974345, "params": {"C": 850.6561866607741, "epsilon": 0.5389457936772861, "gamma": 449.00127208923254}}
{"target": 63.56968682921504, "params": {"C": 530.2877240625146, "epsilon": 1.4734904054460753, "gamma": 404.3299937154285}}
{"target": 63.539571136652924, "params": {"C": 326.9341637380354, "epsilon": 0.8555093486537575, "gamma": 440.0060733876535}}
{"target": 64.24034661619773, "params": {"C": 901.1294638539961, "epsilon": 14.772931339265394, "gamma": 426.6489830838974}}
{"target": 63.43452177844549, "params": {"C": 170.12473625384052, "epsilon": 0.24764466870860705, "gamma": 444.067101198824}}
{"target": 60.12931911039821, "params": {"C": 76.58801708883507, "epsilon": 0.7161237536412548, "gamma": 399.1968610288988}}
{"target": 63.63607621135642, "params": {"C": 1030.7824648329552, "epsilon": 2.811340658896667, "gamma": 498.31486926715525}}
{"target": 64.52638425206626, "params": {"C": 501.3333628813264, "epsilon": 20.7687756887122, "gamma": 434.98362221981046}}
{"target": 63.49170916244467, "params": {"C": 186.60190215595452, "epsilon": 0.040105447091995594, "gamma": 436.6556729903648}}
{"target": 67.06181381845718, "params": {"C": 2536.5550334999366, "epsilon": 57.01316057608939, "gamma": 268.1068102808649}}
{"target": 63.33702606653169, "params": {"C": 104.34668478907467, "epsilon": 17.79082706214139, "gamma": 464.02720836094716}}
{"target": 58.30170539766787, "params": {"C": 4.049973327315451, "epsilon": 2.434700984303436, "gamma": 322.9055693896772}}
{"target": 59.777834100333095, "params": {"C": 10.751453479840707, "epsilon": 18.962238684236038, "gamma": 396.51296089826957}}
{"target": 63.46712132056719, "params": {"C": 155.7445491584877, "epsilon": 2.664860046319241, "gamma": 395.34477490660765}}
{"target": 59.55195858751608, "params": {"C": 24.831286870484135, "epsilon": 14.631495182270893, "gamma": 444.044901077}}
{"target": 61.42893931378719, "params": {"C": 67.29241361578671, "epsilon": 21.75539886621771, "gamma": 406.8891321509408}}
{"target": 64.28291869636668, "params": {"C": 1101.038744252596, "epsilon": 15.672610508093314, "gamma": 384.81009766089466}}
{"target": 64.8587778726204, "params": {"C": 754.069793611991, "epsilon": 26.95613933368314, "gamma": 368.7890004020491}}
{"target": 63.55397435775258, "params": {"C": 898.8545051821558, "epsilon": 1.1506961831832683, "gamma": 367.9593312555663}}
{"target": 64.30753854345824, "params": {"C": 760.017361535676, "epsilon": 16.19684950964511, "gamma": 348.78803615784057}}
{"target": 63.60182693950649, "params": {"C": 391.8285169750274, "epsilon": 2.123916494283315, "gamma": 495.9446469813868}}
{"target": 66.85034840481643, "params": {"C": 3936.821635036404, "epsilon": 54.70972893001218, "gamma": 130.85759036576957}}
{"target": 63.57528748149355, "params": {"C": 1009.2235762714879, "epsilon": 1.5879404489073041, "gamma": 351.04970778836486}}
{"target": 59.46799000437575, "params": {"C": 43.750149790181894, "epsilon": 5.870711600211537, "gamma": 485.7052522330312}}
{"target": 58.24925364022126, "params": {"C": 3.4817163540293827, "epsilon": 0.7433112880825752, "gamma": 391.4700122065053}}
{"target": 63.49883079114413, "params": {"C": 941.4968039869277, "epsilon": 0.026563260107767647, "gamma": 421.6949732042668}}
{"target": 63.72173175462611, "params": {"C": 631.7226066311224, "epsilon": 4.4722009452866445, "gamma": 498.44165464231537}}
{"target": 59.20534876832896, "params": {"C": 8.490634066016144, "epsilon": 11.787895388048067, "gamma": 355.96385981546354}}
{"target": 63.93408399455252, "params": {"C": 622.7261837226343, "epsilon": 8.55661406643534, "gamma": 365.72919977573366}}
{"target": 59.523329002145736, "params": {"C": 30.83689925421814, "epsilon": 12.082093228465208, "gamma": 341.8315661052751}}
{"target": 63.50749892642527, "params": {"C": 428.31638104946774, "epsilon": 0.2046558368875664, "gamma": 338.905326534148}}
{"target": 59.50113197531523, "params": {"C": 22.23765374378045, "epsilon": 10.363581918456978, "gamma": 410.09800357965173}}
{"target": 63.49004660311705, "params": {"C": 170.81048080623827, "epsilon": 1.1894838096323237, "gamma": 310.93465490202976}}
{"target": 63.520823228352356, "params": {"C": 745.647316454013, "epsilon": 0.47429919570055495, "gamma": 353.3222153516722}}
{"target": 63.52996079051943, "params": {"C": 540.4446672829229, "epsilon": 0.6588576949217966, "gamma": 363.9871104468321}}
{"target": 58.97479858359189, "params": {"C": 1.6143259946351627, "epsilon": 13.771536422302619, "gamma": 358.9039939196539}}
{"target": 63.60004052423218, "params": {"C": 531.7967219350264, "epsilon": 2.087906179705049, "gamma": 393.2493098264425}}
{"target": 59.30209550554173, "params": {"C": 13.56490323058605, "epsilon": 9.212597898827152, "gamma": 357.61924337210206}}
{"target": 60.78131385213921, "params": {"C": 60.54341081210979, "epsilon": 19.373459197259038, "gamma": 327.5633754382134}}
{"target": 59.44115488871895, "params": {"C": 56.67985535865015, "epsilon": 0.7105995576333868, "gamma": 359.69897532916207}}
{"target": 59.017956533328025, "params": {"C": 3.475847812053254, "epsilon": 13.78391085954917, "gamma": 356.3208861188248}}
{"target": 58.97402535046111, "params": {"C": 3.258989346109529, "epsilon": 7.6877429154937555, "gamma": 397.83155480159843}}
{"target": 59.277072422877325, "params": {"C": 43.81865586538652, "epsilon": 2.4318472605586052, "gamma": 359.6392040904698}}
{"target": 59.558075924364786, "params": {"C": 16.6385613433707, "epsilon": 24.131064526688988, "gamma": 393.6623979279556}}
{"target": 61.50726325687076, "params": {"C": 70.63389122252626, "epsilon": 20.11400555717517, "gamma": 406.3878411027991}}
{"target": 64.02828614035909, "params": {"C": 935.766271431572, "epsilon": 10.421508995057895, "gamma": 387.8569592067803}}
{"target": 64.33213323152816, "params": {"C": 711.4099555711774, "epsilon": 16.732300995111654, "gamma": 328.8110059015488}}
{"target": 63.51253379377162, "params": {"C": 2146.9360305342257, "epsilon": 0.30701785450931457, "gamma": 294.74820391850886}}
{"target": 63.50547787772818, "params": {"C": 902.6217016606622, "epsilon": 0.16359706592940837, "gamma": 346.6478803869167}}
{"target": 63.77855866815965, "params": {"C": 958.102715157121, "epsilon": 5.549562582135928, "gamma": 346.28045520267483}}
{"target": 64.25065166944111, "params": {"C": 926.7434787046958, "epsilon": 14.98759196246991, "gamma": 328.0494163250945}}
{"target": 64.41216373229108, "params": {"C": 828.1635949864395, "epsilon": 18.42274503563393, "gamma": 356.58925691152695}}
{"target": 63.50910112929576, "params": {"C": 560.4963522022199, "epsilon": 0.23720551308625784, "gamma": 324.84726232116867}}
{"target": 64.56533921337018, "params": {"C": 3064.1752771215465, "epsilon": 21.419152213707882, "gamma": 14.204807577854638}}
{"target": 59.93412586331416, "params": {"C": 72.35016731618082, "epsilon": 0.6099148729420473, "gamma": 294.15664239260246}}
{"target": 61.19335533551875, "params": {"C": 95.52797283055195, "epsilon": 0.7028349759256525, "gamma": 372.97811917630935}}
{"target": 62.69894633066606, "params": {"C": 119.16517849657723, "epsilon": 3.278255112828645, "gamma": 396.78247055547}}
{"target": 63.403619920547236, "params": {"C": 159.01280599571257, "epsilon": 1.0583832224450618, "gamma": 422.2075268881484}}
{"target": 64.4281955418918, "params": {"C": 1898.0616441961322, "epsilon": 18.760943797915775, "gamma": 264.49089372357076}}
