{"target": 44.29140775829878, "params": {"C": 705.6023992114929, "epsilon": 28.461627838648123, "gamma": 0.06755448265940166}}
{"target": 45.63240028884651, "params": {"C": 785.0353358382821, "epsilon": 23.579340372666028, "gamma": 0.10795853834508588}}
{"target": 45.62243440661884, "params": {"C": 810.4476686450599, "epsilon": 22.49338715683162, "gamma": 0.1061622049650221}}
{"target": 39.51804341744021, "params": {"C": 784.399265921191, "epsilon": 22.294114628262292, "gamma": 0.003000692411016498}}
{"target": 45.527813978565504, "params": {"C": 894.4178860758254, "epsilon": 29.6080372726038, "gamma": 0.08856762320640355}}
{"target": 40.373398655685484, "params": {"C": 969.719774383253, "epsilon": 8.939051305379603, "gamma": 0.03792661744484563}}
{"target": 48.80953754030274, "params": {"C": 953.7118938653606, "epsilon": 8.446657704680282, "gamma": 0.23417802997164705}}
{"target": 40.47902291624044, "params": {"C": 948.9126509630911, "epsilon": 25.934554452814616, "gamma": 0.000755599681195724}}
{"target": 43.06319843352527, "params": {"C": 856.7790110502254, "epsilon": 23.783498243642693, "gamma": 0.05131910089247959}}
{"target": 43.46182073150426, "params": {"C": 903.527392070657, "epsilon": 26.653871864530714, "gamma": 0.05063576865300368}}
{"target": 45.462557690556835, "params": {"C": 782.44252509716, "epsilon": 27.546354227459734, "gamma": 0.09756359948206296}}
{"target": 45.9953657137443, "params": {"C": 789.8014601051098, "epsilon": 26.517323835223227, "gamma": 0.11567393521765526}}
{"target": 40.12558422989632, "params": {"C": 842.7952371044087, "epsilon": 29.748955926495096, "gamma": 0.0017967281935995427}}
{"target": 50.18462185628012, "params": {"C": 1491.9933272765447, "epsilon": 12.989391237566402, "gamma": 0.47921826187332234}}
{"target": 47.062675524272684, "params": {"C": 1023.2895482120323, "epsilon": 29.912126120200508, "gamma": 0.10934108081137378}}
{"target": 42.64296403676486, "params": {"C": 1052.7157509410033, "epsilon": 20.82076071805889, "gamma": 0.04478512579909488}}
{"target": 39.14176108555448, "params": {"C": 780.2917319894873, "epsilon": 24.80282671464906, "gamma": 0.007759322086871053}}
{"target": 40.973523144763014, "params": {"C": 806.7307334195714, "epsilon": 27.605844525221077, "gamma": 0.0007448852056014628}}
{"target": 41.083076754903615, "params": {"C": 939.9406465046293, "epsilon": 27.34099832830068, "gamma": 0.0005859565897518692}}
{"target": 41.90216419941707, "params": {"C": 827.3699346491414, "epsilon": 27.218904438001392, "gamma": 0.00031265765176663116}}
{"target": 51.49093206947091, "params": {"C": 731.5423806187847, "epsilon": 21.271929380970754, "gamma": 0.4897805965740182}}
{"target": 49.39099656628385, "params": {"C": 1336.9855191167464, "epsilon": 12.818507519032163, "gamma": 0.1780787455244456}}
{"target": 40.28868459393435, "params": {"C": 702.6831695505404, "epsilon": 27.974033417916633, "gamma": 0.001545073002047718}}
{"target": 39.78353321352263, "params": {"C": 955.7325732003944, "epsilon": 21.083397137364567, "gamma": 0.0019839786847052777}}
{"target": 43.22668104091602, "params": {"C": 754.8812440192767, "epsilon": 22.324241051596196, "gamma": 0.056840217347094976}}
{"target": 41.05620892494791, "params": {"C": 797.0346502776981, "epsilon": 21.80983558581532, "gamma": 0.0005112338516287049}}
{"target": 40.12201534830901, "params": {"C": 1051.9138322707588, "epsilon": 26.577671217037263, "gamma": 0.0013928519575823906}}
{"target": 44.59359059787708, "params": {"C": 945.8302816432636, "epsilon": 27.243333081095795, "gamma": 0.060209664635449404}}
{"target": 42.448163226149454, "params": {"C": 864.7534850869345, "epsilon": 25.403175581283712, "gamma": 0.04441633874674912}}
{"target": 39.11292185780095, "params": {"C": 765.7196374733472, "epsilon": 29.910943301196696, "gamma": 0.005618990713204345}}
{"target": 39.53307938445987, "params": {"C": 1102.760422539589, "epsilon": 13.516813918209193, "gamma": 0.011559485231243564}}
{"target": 43.890731720545624, "params": {"C": 907.1635621842431, "epsilon": 23.943741513552652, "gamma": 0.0568895863804611}}
{"target": 39.17544619615455, "params": {"C": 705.759833462281, "epsilon": 26.281591345817866, "gamma": 0.004989837180225044}}
{"target": 44.60608372007445, "params": {"C": 778.2258279307405, "epsilon": 26.024674821024888, "gamma": 0.06970534249594974}}
{"target": 39.43076102406667, "params": {"C": 702.4743901804067, "epsilon": 29.93076052249896, "gamma": 0.003887707771864267}}
{"target": 42.67165939558673, "params": {"C": 800.4469763454692, "epsilon": 25.098135554744598, "gamma": 0.048657678987287706}}
{"target": 43.865381342092505, "params": {"C": 935.4960847296511, "epsilon": 23.337979437847938, "gamma": 0.05652788907328033}}
{"target": 39.33666085890085, "params": {"C": 701.6070376885593, "epsilon": 29.59511094669585, "gamma": 0.004281807422126578}}
{"target": 39.20151003565453, "params": {"C": 1199.3373057931967, "epsilon": 27.075345463482194, "gamma": 0.007671345780346682}}
{"target": 44.32057870180334, "params": {"C": 1027.298361491558, "epsilon": 29.172625621392843, "gamma": 0.0538559807310697}}
{"target": 44.830364229449074, "params": {"C": 1063.566476601203, "epsilon": 24.766224510384617, "gamma": 0.06063032773494237}}
{"target": 44.14331166284529, "params": {"C": 707.2092313407759, "epsilon": 21.890762200704472, "gamma": 0.07255574178414247}}
{"target": 45.861228664725346, "params": {"C": 886.5390362984915, "epsilon": 27.26992026839888, "gamma": 0.098419522670686}}
{"target": 49.78769133555121, "params": {"C": 1054.4813834243232, "epsilon": 8.621582345130186, "gamma": 0.4810448483747599}}
{"target": 43.87180257297744, "params": {"C": 784.9090282264724, "epsilon": 27.986902122548805, "gamma": 0.05737230473232251}}
{"target": 42.706685369969605, "params": {"C": 819.1738823401054, "epsilon": 27.479888678166162, "gamma": 0.04621704676875979}}
{"target": 43.85455170569886, "params": {"C": 846.2057621560558, "epsilon": 28.164114539198884, "gamma": 0.055012792668980855}}
{"target": 42.55857425005546, "params": {"C": 786.0934902656892, "epsilon": 27.333953472881603, "gamma": 0.046281640066305106}}
{"target": 43.489107304234466, "params": {"C": 980.4447028748007, "epsilon": 27.376122300186935, "gamma": 0.00015832575009922748}}
{"target": 40.53086648831613, "params": {"C": 1191.4296487091287, "epsilon": 8.444893914164275, "gamma": 0.03526960965825446}}
{"target": 45.19016652950205, "params": {"C": 700.2885335455293, "epsilon": 27.185118749136656, "gamma": 0.09297774736291468}}
{"target": 45.09449025985343, "params": {"C": 705.4936115129734, "epsilon": 29.40292657693807, "gamma": 0.09515027874698465}}
{"target": 42.101930327730926, "params": {"C": 797.204248092296, "epsilon": 24.959071902611925, "gamma": 0.04445954874754019}}
{"target": 46.76183596544438, "params": {"C": 708.3254204388699, "epsilon": 27.234998148422157, "gamma": 0.1343791985583341}}
{"target": 40.81791933018283, "params": {"C": 933.1559686726525, "epsilon": 21.34920612468567, "gamma": 0.0005226545727598751}}
{"target": 41.08399610371861, "params": {"C": 881.43211756428, "epsilon": 22.212050554059225, "gamma": 0.000473578356757506}}
{"target": 42.131610582613504, "params": {"C": 891.098984177597, "epsilon": 24.03537030694571, "gamma": 0.0428147690254403}}
{"target": 39.74434055169803, "params": {"C": 847.6186986325441, "epsilon": 21.94494416267053, "gamma": 0.002051123800072179}}
{"target": 45.72140536723557, "params": {"C": 868.9069231712266, "epsilon": 25.47257039078904, "gamma": 0.09480951328717792}}
{"target": 46.061488634534, "params": {"C": 891.7777651439741, "epsilon": 19.713310128479225, "gamma": 0.11744735284754176}}
{"target": 46.53191603567444, "params": {"C": 932.2951546520829, "epsilon": 19.90355133245075, "gamma": 0.12273884531653398}}
{"target": 44.27769090848928, "params": {"C": 1045.6706847592736, "epsilon": 20.673022135511914, "gamma": 0.061088272846561875}}
{"target": 40.480701933377915, "params": {"C": 797.8683499913099, "epsilon": 26.80898674335279, "gamma": 0.0008728999244417644}}
{"target": 42.00611128517586, "params": {"C": 781.1518092969723, "epsilon": 24.320554255367536, "gamma": 0.04459830885530064}}
{"target": 39.40618191951086, "params": {"C": 702.2279707163394, "epsilon": 27.654197712501425, "gamma": 0.0034909195316180867}}
{"target": 40.749866864639706, "params": {"C": 705.6276950890144, "epsilon": 22.240576363013318, "gamma": 0.03756044860437992}}
{"target": 47.70253012222407, "params": {"C": 1019.8627052362408, "epsilon": 27.700957948829235, "gamma": 0.18350057269538855}}
{"target": 44.13820021848088, "params": {"C": 1130.1929083019636, "epsilon": 26.96029827128323, "gamma": 0.05051893102251567}}
{"target": 45.904703165532524, "params": {"C": 1059.8517878524203, "epsilon": 26.505950301016792, "gamma": 0.07504479918797846}}
{"target": 44.301314696782256, "params": {"C": 1116.424553114636, "epsilon": 27.41512022164774, "gamma": 0.05168529368151026}}
{"target": 44.66829361746535, "params": {"C": 962.9749403728999, "epsilon": 27.981097115820127, "gamma": 0.06084053889381013}}
{"target": 46.68581990165575, "params": {"C": 1078.9928595705653, "epsilon": 26.089035459305094, "gamma": 0.10204308797990677}}
{"target": 46.35579231473707, "params": {"C": 887.9885526818891, "epsilon": 23.794875994787635, "gamma": 0.11556702023140472}}
{"target": 39.20348263829366, "params": {"C": 925.7695500313052, "epsilon": 25.535377323396755, "gamma": 0.004302917508632145}}
{"target": 44.75553851533273, "params": {"C": 917.3778134874278, "epsilon": 28.2459995076849, "gamma": 0.06385723283346245}}
{"target": 43.84829327192283, "params": {"C": 702.0387686452052, "epsilon": 23.73263836294486, "gamma": 0.06444684733547779}}
{"target": 43.682770079962, "params": {"C": 926.6336831186619, "epsilon": 29.96917671660368, "gamma": 0.050003579327444536}}
{"target": 39.715270329632524, "params": {"C": 975.4698667008182, "epsilon": 22.631741550728776, "gamma": 0.0020395994935667617}}
{"target": 41.83207174760257, "params": {"C": 806.3465910736278, "epsilon": 27.27035989887089, "gamma": 0.0003290338878903856}}
{"target": 40.41983681630612, "params": {"C": 1001.931360768228, "epsilon": 29.245003933093248, "gamma": 0.0011841559614511766}}
{"target": 42.95128608649524, "params": {"C": 779.2397741347474, "epsilon": 28.130486043269567, "gamma": 0.04886274093674814}}
{"target": 41.1771124773653, "params": {"C": 856.6527054876632, "epsilon": 23.290753138072173, "gamma": 0.000435004067201112}}
{"target": 41.42045302497312, "params": {"C": 866.7478594449669, "epsilon": 25.06703308501776, "gamma": 0.03731876082330721}}
{"target": 40.31783947320288, "params": {"C": 955.2034939787967, "epsilon": 29.66416101642544, "gamma": 0.0013484147393638055}}
{"target": 39.81503902374626, "params": {"C": 898.5465199491869, "epsilon": 23.9936399670309, "gamma": 0.0017057814127136098}}
{"target": 42.28241979130824, "params": {"C": 703.1783965272741, "epsilon": 24.524031929561417, "gamma": 0.04938674990539545}}
{"target": 43.83553691869931, "params": {"C": 933.5403967121078, "epsilon": 24.574363588365493, "gamma": 0.05491371684332534}}
{"target": 45.49015413483327, "params": {"C": 1165.4736323834347, "epsilon": 23.547338383749484, "gamma": 0.06615909111047395}}
{"target": 44.15915794719569, "params": {"C": 1008.4269204573585, "epsilon": 22.311276807248625, "gamma": 0.05902340723742469}}
{"target": 43.901479217728735, "params": {"C": 971.3644506260798, "epsilon": 23.950743148276683, "gamma": 0.05524037698334196}}
{"target": 41.47308448877349, "params": {"C": 770.1028297685488, "epsilon": 25.5029128572095, "gamma": 0.0004084835353114647}}
{"target": 45.85137435530694, "params": {"C": 817.45438076289, "epsilon": 28.073359115752, "gamma": 0.10726698240859038}}
{"target": 41.172240923697906, "params": {"C": 733.1993285590394, "epsilon": 23.148760657896386, "gamma": 0.0005236030041973552}}
{"target": 43.305273072726195, "params": {"C": 787.3738944042882, "epsilon": 25.358350517596268, "gamma": 0.05395230726965012}}
{"target": 44.52978075364903, "params": {"C": 987.6334184624914, "epsilon": 25.295157736537707, "gamma": 0.0592380737226375}}
{"target": 40.02741375270057, "params": {"C": 897.3797657216494, "epsilon": 25.774391663238724, "gamma": 0.001576979221786753}}
{"target": 48.82769106112835, "params": {"C": 1241.1304403136082, "epsilon": 18.354170131350518, "gamma": 0.14839958707668613}}
{"target": 40.523688103606894, "params": {"C": 710.508985284618, "epsilon": 26.885987027941137, "gamma": 0.000945108924191757}}
{"target": 41.35917617203306, "params": {"C": 844.199091186714, "epsilon": 24.78945094468748, "gamma": 0.0003850183218547937}}
{"target": 41.32137716762679, "params": {"C": 767.7121934502142, "epsilon": 22.918232331421166, "gamma": 0.0004041881055217855}}
{"target": 41.079085738463434, "params": {"C": 995.331299396379, "epsilon": 21.9286854297252, "gamma": 0.00039822074701315394}}
{"target": 39.3566901636076, "params": {"C": 1070.2289748177275, "epsilon": 26.23520448807534, "gamma": 0.002720640582641494}}
{"target": 39.49940149726537, "params": {"C": 1040.2274210048583, "epsilon": 23.137697799130528, "gamma": 0.002518324936880695}}
{"target": 40.454300270506366, "params": {"C": 763.4222330805981, "epsilon": 25.94769720392848, "gamma": 0.0009184639098297424}}
{"target": 43.5370561518527, "params": {"C": 867.4961582549837, "epsilon": 29.61064263540657, "gamma": 0.05036903310951027}}
{"target": 39.807384587298486, "params": {"C": 897.6589005120098, "epsilon": 27.216421974993775, "gamma": 0.0020511349460303717}}
{"target": 45.6267236488038, "params": {"C": 768.715461331099, "epsilon": 24.138528912205057, "gamma": 0.11028480113653515}}
{"target": 39.61655889759642, "params": {"C": 1042.6736773829787, "epsilon": 24.519982167724695, "gamma": 0.00198112632968675}}
{"target": 46.1287118016087, "params": {"C": 980.811201232815, "epsilon": 26.69968232264757, "gamma": 0.09684875277654773}}
{"target": 44.81756509667339, "params": {"C": 887.705956318647, "epsilon": 26.49990925559333, "gamma": 0.06667525433261112}}
{"target": 45.21266922942147, "params": {"C": 863.558540325882, "epsilon": 22.760822089636406, "gamma": 0.08133048684704548}}
{"target": 44.40697424153096, "params": {"C": 850.2869919970642, "epsilon": 21.921058725946853, "gamma": 0.06853288445444493}}
{"target": 39.9918005088138, "params": {"C": 794.2643077061923, "epsilon": 25.396816346565817, "gamma": 0.0016903095715603772}}
{"target": 41.10111673331486, "params": {"C": 961.3253410381741, "epsilon": 25.054363434329595, "gamma": 0.0004680443280004991}}
{"target": 48.08654146347152, "params": {"C": 922.6147223861936, "epsilon": 27.645781058099725, "gamma": 0.15320075245795606}}
{"target": 44.27227327174738, "params": {"C": 855.0517447054092, "epsilon": 29.64414582999602, "gamma": 0.05941812899763239}}
{"target": 48.1415627348935, "params": {"C": 898.6611522849249, "epsilon": 27.537244393991404, "gamma": 0.1481594926420025}}
{"target": 42.555658794417326, "params": {"C": 776.4655596950362, "epsilon": 26.919925198832473, "gamma": 0.04677130422307278}}
{"target": 45.5037802065993, "params": {"C": 786.4648633436617, "epsilon": 27.167626427308686, "gamma": 0.09825556897334084}}
{"target": 43.36534478355115, "params": {"C": 714.2074246619641, "epsilon": 27.85194109612055, "gamma": 0.05475699879538306}}
{"target": 41.99850350093321, "params": {"C": 786.2415739477822, "epsilon": 25.673886503318588, "gamma": 0.04352505777828792}}
{"target": 45.259425505822534, "params": {"C": 700.3273961858645, "epsilon": 25.673621410954606, "gamma": 0.10188204398315295}}
{"target": 44.24309954938429, "params": {"C": 945.9425255248525, "epsilon": 25.45602014965307, "gamma": 0.05749935763210365}}
{"target": 42.86608785473487, "params": {"C": 993.9247821256436, "epsilon": 25.45208388404792, "gamma": 0.00018159246453459607}}
{"target": 43.60323751748151, "params": {"C": 789.4416977157591, "epsilon": 27.404181935497014, "gamma": 0.05485455304256901}}
{"target": 43.09320582051145, "params": {"C": 986.1468798884782, "epsilon": 26.56891107682981, "gamma": 0.04533400231415831}}
{"target": 43.7132609616916, "params": {"C": 847.2633190217811, "epsilon": 22.42791901361873, "gamma": 0.05818939770070819}}
{"target": 42.45224933906043, "params": {"C": 700.7119114519729, "epsilon": 21.102418808293724, "gamma": 0.053199050232602976}}
{"target": 43.85424758122491, "params": {"C": 802.9206455065416, "epsilon": 28.6915936927322, "gamma": 0.056052895151146226}}
{"target": 40.72895239541625, "params": {"C": 925.1507168242716, "epsilon": 28.204263753433374, "gamma": 0.000733606031068262}}
{"target": 44.00877817250919, "params": {"C": 1067.077472669057, "epsilon": 23.533418241992777, "gamma": 0.054346601836746306}}
{"target": 43.92826916786281, "params": {"C": 881.5605076767848, "epsilon": 27.496849938047028, "gamma": 0.05494108294742832}}
{"target": 44.20778561518826, "params": {"C": 808.0976069164592, "epsilon": 29.875995407619858, "gamma": 0.0602820050329625}}
{"target": 44.45953091760926, "params": {"C": 931.3239308490045, "epsilon": 26.793703552428987, "gamma": 0.05914062747074583}}
{"target": 45.912115774840814, "params": {"C": 840.4938528656958, "epsilon": 25.49939654302104, "gamma": 0.10813689130575661}}
{"target": 46.464791025244445, "params": {"C": 878.846001955509, "epsilon": 25.951801652513993, "gamma": 0.11627557039512966}}
{"target": 39.38202285901865, "params": {"C": 708.9002762883242, "epsilon": 25.991791111774216, "gamma": 0.003799131903181332}}
{"target": 47.53269083750847, "params": {"C": 784.0306255919401, "epsilon": 19.809431715994485, "gamma": 0.16007582054947794}}
{"target": 39.82547907639393, "params": {"C": 898.1267823511564, "epsilon": 27.31895974476004, "gamma": 0.0018453061783645936}}
{"target": 46.095528169437195, "params": {"C": 876.6647750225284, "epsilon": 24.823781929903102, "gamma": 0.10908945765794754}}
{"target": 45.571909823974835, "params": {"C": 859.6430600517812, "epsilon": 24.60636231953124, "gamma": 0.08951399000486643}}
{"target": 41.0863139417274, "params": {"C": 904.6922288091391, "epsilon": 21.631957332190574, "gamma": 0.0004061078869627161}}
{"target": 43.508282507399706, "params": {"C": 955.8170656765377, "epsilon": 23.045387854845337, "gamma": 0.052616556249117166}}
{"target": 45.04931408340208, "params": {"C": 703.0184151176941, "epsilon": 29.243511366340893, "gamma": 0.08781260714753643}}
{"target": 43.15243064559871, "params": {"C": 884.6812725422603, "epsilon": 22.77041414313351, "gamma": 0.051921633555090246}}
{"target": 44.3187852117202, "params": {"C": 819.8641273399353, "epsilon": 20.646564670062048, "gamma": 0.0706865134955337}}
{"target": 39.44260739958217, "params": {"C": 881.4015436467445, "epsilon": 24.56233662451763, "gamma": 0.0031236669827445305}}
{"target": 47.82642454039262, "params": {"C": 1328.98923037137, "epsilon": 24.341023746363422, "gamma": 0.28203507513877807}}
{"target": 45.25062978750995, "params": {"C": 786.2206022416822, "epsilon": 29.996423842687218, "gamma": 0.09113452501710902}}
{"target": 46.127065348501276, "params": {"C": 1008.0576170466376, "epsilon": 22.591160815231415, "gamma": 0.09737457720053805}}
{"target": 42.810557447549115, "params": {"C": 777.1960452390838, "epsilon": 25.288402136609008, "gamma": 0.0002400540668291446}}
{"target": 44.63999838191203, "params": {"C": 713.2330412994731, "epsilon": 29.91420185992225, "gamma": 0.07476558853269209}}
{"target": 40.22196625201678, "params": {"C": 810.2016000670233, "epsilon": 25.265183578792207, "gamma": 0.0011231693231359245}}
{"target": 44.73662610855672, "params": {"C": 1013.7915154598275, "epsilon": 27.2656826601028, "gamma": 0.059268770221504744}}
{"target": 46.73118229589677, "params": {"C": 1062.1342278523946, "epsilon": 24.3347481488383, "gamma": 0.10572010158037823}}
{"target": 41.48579611305771, "params": {"C": 706.1669867149849, "epsilon": 22.821820136517573, "gamma": 0.00040625437006825554}}
{"target": 43.12794008675506, "params": {"C": 701.2297816118898, "epsilon": 29.781038953985096, "gamma": 0.051618744565807076}}
{"target": 44.46780791950412, "params": {"C": 1029.3494910510158, "epsilon": 27.569794619854086, "gamma": 0.05564182469764759}}
{"target": 43.56357977839825, "params": {"C": 758.980128381828, "epsilon": 24.466677281211993, "gamma": 0.05801649255184256}}
{"target": 48.272626394247546, "params": {"C": 971.1052138864917, "epsilon": 12.87621880215561, "gamma": 0.22728307685200883}}
{"target": 39.798786234921664, "params": {"C": 930.9296978981193, "epsilon": 24.431271310422478, "gamma": 0.00163566021469495}}
{"target": 43.30113498448223, "params": {"C": 864.2146412784703, "epsilon": 27.913057540815846, "gamma": 0.04931687908182062}}
{"target": 42.65986651678416, "params": {"C": 708.9598839184375, "epsilon": 27.506774071550446, "gamma": 0.04941869851305868}}
{"target": 44.54230306000673, "params": {"C": 796.8210052284973, "epsilon": 11.736311917675373, "gamma": 0.08236398147405113}}
{"target": 43.49143664757531, "params": {"C": 767.3653276645027, "epsilon": 24.758260207450427, "gamma": 0.05680315746623134}}
{"target": 41.95915186561118, "params": {"C": 792.499821002512, "epsilon": 24.437487868049658, "gamma": 0.04382596015050725}}
{"target": 42.44310509916165, "params": {"C": 875.0524215847043, "epsilon": 28.310729980240023, "gamma": 0.04217831512866359}}
{"target": 43.314219734545325, "params": {"C": 867.53654624702, "epsilon": 26.0495679120951, "gamma": 0.05092135590375495}}
{"target": 45.60701344739457, "params": {"C": 779.034685324945, "epsilon": 24.579792759303086, "gamma": 0.10581661310528906}}
{"target": 43.20137739154724, "params": {"C": 897.5217117881284, "epsilon": 27.83467542747102, "gamma": 0.047673409872017}}
{"target": 39.338186877759355, "params": {"C": 802.7576988306083, "epsilon": 28.634525696089195, "gamma": 0.0037496721561644155}}
{"target": 39.70260786841269, "params": {"C": 1006.1958868162271, "epsilon": 26.059361608721968, "gamma": 0.0021325404732842387}}
