{"target": 59.19751733663877, "params": {"C": 43.07922035337491, "epsilon": 0.7568995370353385, "gamma": 488.92326930253364}}
{"target": 64.23200377939826, "params": {"C": 699.7199145034294, "epsilon": 14.597611031094122, "gamma": 472.8071528517984}}
{"target": 59.792565988411184, "params": {"C": 3.665167515778225, "epsilon": 19.883265104865405, "gamma": 457.11144733864467}}
{"target": 59.977698442458745, "params": {"C": 57.82549133716189, "epsilon": 9.143407016828872, "gamma": 435.2182016524639}}
{"target": 63.503834383767455, "params": {"C": 411.58786509314086, "epsilon": 0.12991108813172447, "gamma": 417.89161623740523}}
{"target": 59.06782670872333, "params": {"C": 3.8014909106636283, "epsilon": 12.219969216016445, "gamma": 471.6923439342076}}
{"target": 61.70839250587743, "params": {"C": 83.71962734096076, "epsilon": 13.054939231462756, "gamma": 409.13804520242013}}
{"target": 63.537177485388085, "params": {"C": 941.0745855473099, "epsilon": 0.8063488697494963, "gamma": 435.4002309336156}}
{"target": 63.64340093541068, "params": {"C": 724.7736615246915, "epsilon": 2.958576968985502, "gamma": 455.20389544430856}}
{"target": 63.52579319479429, "params": {"C": 710.7940279206989, "epsilon": 0.5744888793247451, "gamma": 429.5741718935477}}
{"target": 70.90915609111087, "params": {"C": 4235.11885158283, "epsilon": 96.72857308797569, "gamma": 79.25152140287506}}
{"target": 63.55164475503236, "params": {"C": 980.3686196950447, "epsilon": 1.1031182810918332, "gamma": 498.9339395083915}}
{"target": 64.58363077563928, "params": {"C": 624.1810069926162, "epsilon": 21.871670212254983, "gamma": 396.6464359284732}}
{"target": 62.873988002906366, "params": {"C": 128.46813474479197, "epsilon": 1.7094223048805561, "gamma": 397.3204472798659}}
{"target": 64.16723559464477, "params": {"C": 3811.6866873848758, "epsilon": 13.246600681751744, "gamma": 473.3784502339655}}
{"target": 59.59043561620456, "params": {"C": 20.080582098499434, "epsilon": 15.284881373195372, "gamma": 418.33360022089573}}
{"target": 58.271402119038996, "params": {"C": 3.6164234645620983, "epsilon": 1.3622217749497851, "gamma": 377.1533348157579}}
{"target": 62.889932046044954, "params": {"C": 131.70492961393154, "epsilon": 0.7162661345841661, "gamma": 415.79463063378154}}
{"target": 59.80456871440722, "params": {"C": 68.38522200135618, "epsilon": 0.8349856133926759, "gamma": 470.8953080310936}}
{"target": 59.958603897129855, "params": {"C": 71.1821235988617, "epsilon": 1.640313289894514, "gamma": 486.24594657060254}}
{"target": 58.52408207036601, "params": {"C": 12.068947536144487, "epsilon": 0.3990698830884054, "gamma": 344.2950982253739}}
{"target": 64.89691829562798, "params": {"C": 1651.8668820254913, "epsilon": 27.620993533734886, "gamma": 375.94323633098355}}
{"target": 64.14599154385908, "params": {"C": 563.1615280989511, "epsilon": 12.810211820416999, "gamma": 386.1317882976517}}
{"target": 61.633548879691716, "params": {"C": 88.49812957157206, "epsilon": 9.326671040807685, "gamma": 486.8602205292758}}
{"target": 59.23812016678954, "params": {"C": 17.909767622472195, "epsilon": 6.4753412526519405, "gamma": 398.95736234969576}}
{"target": 59.09756071441318, "params": {"C": 7.294455082000772, "epsilon": 9.050153812158705, "gamma": 421.2483048397444}}
{"target": 59.908519378546906, "params": {"C": 33.16116323485155, "epsilon": 26.736049861588565, "gamma": 412.376125801462}}
{"target": 64.88520881788365, "params": {"C": 725.4440657151958, "epsilon": 27.414414079793712, "gamma": 439.46612602559213}}
{"target": 61.05825628322357, "params": {"C": 92.7843298240185, "epsilon": 0.9827786429541058, "gamma": 447.5237988674624}}
{"target": 59.63287847779865, "params": {"C": 16.570807131572003, "epsilon": 19.9667279432121, "gamma": 350.41791087728654}}
{"target": 59.226603815080956, "params": {"C": 0.15898974881110917, "epsilon": 12.20236440298703, "gamma": 421.51042738175363}}
{"target": 58.60294802135472, "params": {"C": 14.47041314315425, "epsilon": 0.6661816698249331, "gamma": 438.59127178694945}}
{"target": 63.08152170193521, "params": {"C": 138.48255814414907, "epsilon": 1.0901578147232005, "gamma": 452.3944951616886}}
{"target": 63.511136380171365, "params": {"C": 624.2818700171431, "epsilon": 0.2785528094960119, "gamma": 414.38151557966745}}
{"target": 64.13491030942137, "params": {"C": 1191.6674174224438, "epsilon": 12.580990374798311, "gamma": 119.87207826475516}}
{"target": 65.19948738233158, "params": {"C": 707.6977179973553, "epsilon": 32.82289606311922, "gamma": 392.06485071845105}}
{"target": 64.46356078935332, "params": {"C": 818.877482332684, "epsilon": 19.48872200967015, "gamma": 494.33637646665875}}
{"target": 63.54325659296885, "params": {"C": 930.3136586638486, "epsilon": 0.9312007411833529, "gamma": 423.62720470061635}}
{"target": 64.5829294308299, "params": {"C": 1153.146727180086, "epsilon": 21.858067989293716, "gamma": 495.9261566650749}}
{"target": 59.50147720014884, "params": {"C": 11.394782291051262, "epsilon": 13.293634955616467, "gamma": 428.3758629466579}}
{"target": 63.548977770475446, "params": {"C": 1767.0750267804751, "epsilon": 1.0486499680907213, "gamma": 368.501539076026}}
{"target": 64.39566468326777, "params": {"C": 1110.0380976366512, "epsilon": 18.084593081157294, "gamma": 441.8543209331505}}
{"target": 59.84886584284534, "params": {"C": 68.00619187156462, "epsilon": 1.7118536866866854, "gamma": 399.02747318969034}}
{"target": 69.93354992281863, "params": {"C": 3470.4500197535563, "epsilon": 87.97398569044687, "gamma": 372.052362175565}}
{"target": 59.34481378236156, "params": {"C": 43.35939473542824, "epsilon": 3.793608930520253, "gamma": 409.5008954187324}}
{"target": 63.37936232770301, "params": {"C": 160.68863597930752, "epsilon": 0.3845166866337791, "gamma": 410.9783164542498}}
{"target": 64.29787958574707, "params": {"C": 599.843856024793, "epsilon": 15.991371732272551, "gamma": 397.59007825655084}}
{"target": 63.59254951053244, "params": {"C": 889.1472063000429, "epsilon": 1.9374261451053352, "gamma": 159.19526409528754}}
{"target": 59.81836986615942, "params": {"C": 8.249925128689096, "epsilon": 21.01500752941757, "gamma": 348.12719324754124}}
{"target": 59.527684856048644, "params": {"C": 22.308079305107473, "epsilon": 12.46972735538716, "gamma": 446.9572748660428}}
{"target": 65.4302345937727, "params": {"C": 153.94872492132694, "epsilon": 36.791309318752035, "gamma": 166.3705326845914}}
{"target": 64.32193770027915, "params": {"C": 658.8603303705854, "epsilon": 16.509836223833435, "gamma": 378.61158722655415}}
{"target": 59.33890381032027, "params": {"C": 47.08169037693732, "epsilon": 2.3941098179498805, "gamma": 367.84819458965944}}
{"target": 63.55160284360484, "params": {"C": 1025.681042184659, "epsilon": 1.102262316347897, "gamma": 425.00021618988865}}
{"target": 64.23167260660303, "params": {"C": 1709.445225043235, "epsilon": 14.590665401395606, "gamma": 381.7452303472733}}
{"target": 62.71021700490326, "params": {"C": 126.84211733460634, "epsilon": 0.14470583004702603, "gamma": 395.6923078542876}}
{"target": 59.199033252566934, "params": {"C": 30.295530391066272, "epsilon": 3.235870558797333, "gamma": 452.899224996933}}
{"target": 60.96720906292982, "params": {"C": 60.7721250154478, "epsilon": 21.50101006044962, "gamma": 497.58624284242933}}
{"target": 59.175815323067845, "params": {"C": 38.392866708940815, "epsilon": 1.7134878311517139, "gamma": 419.39792530774065}}
{"target": 59.58446220813009, "params": {"C": 21.124488260289226, "epsilon": 16.836610854222414, "gamma": 467.2088537611436}}
{"target": 64.49533715913527, "params": {"C": 929.5236512243133, "epsilon": 20.1471057619731, "gamma": 366.5326566657747}}
{"target": 63.50512855001192, "params": {"C": 549.3318242630331, "epsilon": 0.1565002717199387, "gamma": 187.44614555329747}}
{"target": 59.306719312988186, "params": {"C": 50.44561853398302, "epsilon": 0.23840050299389481, "gamma": 399.7584248119747}}
{"target": 64.36335305514636, "params": {"C": 1006.0765117776988, "epsilon": 17.40296588526364, "gamma": 389.7193931258094}}
{"target": 72.73792984764196, "params": {"C": 5842.7317853744735, "epsilon": 108.93984301503573, "gamma": 54.78933251741398}}
{"target": 59.756693039063165, "params": {"C": 12.522829907374787, "epsilon": 19.038015885248434, "gamma": 378.54886259181643}}
{"target": 64.31274612945005, "params": {"C": 699.0546577880233, "epsilon": 16.308255672116957, "gamma": 424.8461970409547}}
{"target": 63.51264221975869, "params": {"C": 1070.367052529864, "epsilon": 0.3092303951275075, "gamma": 405.43949325754}}
{"target": 63.57703155191655, "params": {"C": 901.6963911184172, "epsilon": 1.6234444927013598, "gamma": 381.06570025278944}}
{"target": 63.51794825617289, "params": {"C": 1214.0599813866525, "epsilon": 0.4163425562619074, "gamma": 350.8558888794687}}
{"target": 59.14340315944437, "params": {"C": 31.730004270520737, "epsilon": 1.9616693727691974, "gamma": 422.580777967334}}
{"target": 64.34827304113101, "params": {"C": 819.3262259935692, "epsilon": 17.07650766257494, "gamma": 162.3093864452096}}
{"target": 59.60214904371092, "params": {"C": 18.14056339312659, "epsilon": 21.120774403107806, "gamma": 424.72127044816585}}
{"target": 64.54468840348882, "params": {"C": 739.4706026396706, "epsilon": 21.124229296046817, "gamma": 183.22842277790397}}
{"target": 64.18200270044576, "params": {"C": 891.160876943326, "epsilon": 13.552894533911493, "gamma": 421.1200537062044}}
{"target": 59.924757074823034, "params": {"C": 70.83600032259785, "epsilon": 1.358787384361618, "gamma": 462.83193390871634}}
{"target": 59.670796579015885, "params": {"C": 63.84789827072796, "epsilon": 1.268036140682494, "gamma": 140.442405012429}}
{"target": 63.706962292288765, "params": {"C": 4097.36903093356, "epsilon": 4.194477343081623, "gamma": 184.09201990653924}}
{"target": 66.70462170042913, "params": {"C": 5368.595866612757, "epsilon": 53.0531134802614, "gamma": 363.6035160512432}}
{"target": 59.6556824068115, "params": {"C": 29.457252675248075, "epsilon": 17.823145516854257, "gamma": 322.5867412173325}}
{"target": 59.193495503667805, "params": {"C": 37.207354697763705, "epsilon": 2.384041177237088, "gamma": 358.6261209084571}}
{"target": 63.590597032538554, "params": {"C": 902.2380674560782, "epsilon": 1.8978740983638787, "gamma": 394.10705017676474}}
{"target": 59.78125688616999, "params": {"C": 69.07138135936188, "epsilon": 0.058068179029942435, "gamma": 499.6909770039735}}
{"target": 62.932562874665415, "params": {"C": 133.57123054353752, "epsilon": 0.6324278837006125, "gamma": 498.40369223951}}
{"target": 63.51588559892748, "params": {"C": 825.949034353292, "epsilon": 0.37476139484605775, "gamma": 325.45677837458663}}
{"target": 61.159024516073735, "params": {"C": 94.14964016201735, "epsilon": 1.1677897071576004, "gamma": 450.33430386181857}}
{"target": 63.49871531908349, "params": {"C": 870.8135783859856, "epsilon": 0.024178216486887116, "gamma": 145.66551359363982}}
{"target": 63.5242991747013, "params": {"C": 724.2058188124985, "epsilon": 0.5443708891582228, "gamma": 166.19840245899576}}
{"target": 59.206930317817566, "params": {"C": 45.28943310906325, "epsilon": 0.28039895267967385, "gamma": 447.4858660013209}}
{"target": 63.559583482981836, "params": {"C": 781.2679861174272, "epsilon": 1.266131958015517, "gamma": 353.46002730860226}}
{"target": 63.50484058229947, "params": {"C": 261.2054934616845, "epsilon": 0.1506500414104721, "gamma": 387.72661637769403}}
{"target": 63.53448829399065, "params": {"C": 608.5914591976446, "epsilon": 0.7511186284422913, "gamma": 382.08326842363397}}
{"target": 64.1596691164222, "params": {"C": 587.2614453351275, "epsilon": 13.089190756198885, "gamma": 368.09732557525666}}
{"target": 63.51862212820581, "params": {"C": 743.1890085900226, "epsilon": 0.4299271602147441, "gamma": 384.12710346821376}}
{"target": 59.99396920637328, "params": {"C": 47.2451432613061, "epsilon": 16.408262496173048, "gamma": 392.9909656550581}}
{"target": 64.43134081793839, "params": {"C": 762.4541605657163, "epsilon": 18.82623632956585, "gamma": 119.33339368553433}}
{"target": 63.53416720280431, "params": {"C": 1123.7071226674718, "epsilon": 0.7445241020257976, "gamma": 464.05823324095974}}
{"target": 63.548140650078516, "params": {"C": 1015.2476562221241, "epsilon": 1.0315088311894747, "gamma": 469.82797587180863}}
{"target": 64.42894309172094, "params": {"C": 634.1040572543959, "epsilon": 18.77646212449482, "gamma": 160.53723462534154}}
{"target": 64.21458187848955, "params": {"C": 649.1891079232996, "epsilon": 14.233120776066869, "gamma": 362.4050948261035}}
{"target": 64.45951900040606, "params": {"C": 283.62206537941665, "epsilon": 19.40527091914225, "gamma": 127.32552305003615}}
{"target": 63.53117065234344, "params": {"C": 975.7131040008846, "epsilon": 0.6834716597577759, "gamma": 451.340735139338}}
{"target": 64.93364878355139, "params": {"C": 822.3636724906457, "epsilon": 28.266169412451283, "gamma": 432.34190533626435}}
{"target": 64.29797203498967, "params": {"C": 838.2285797363023, "epsilon": 15.993330097796113, "gamma": 354.7945703717071}}
{"target": 59.63673725756878, "params": {"C": 23.38992100614382, "epsilon": 23.265916936481254, "gamma": 373.89133690826844}}
{"target": 59.244142240778636, "params": {"C": 42.27356632325145, "epsilon": 2.161323503617102, "gamma": 373.94422198717405}}
{"target": 59.18826458709145, "params": {"C": 43.03504458015427, "epsilon": 0.4576356735026386, "gamma": 397.61703021410534}}
{"target": 59.670741542544896, "params": {"C": 65.80989440195587, "epsilon": 0.11381648881384088, "gamma": 367.85140900471885}}
{"target": 59.800470757971105, "params": {"C": 0.1761729503243492, "epsilon": 23.12797286376883, "gamma": 463.6361631936359}}
{"target": 64.11142149103141, "params": {"C": 681.2701213638862, "epsilon": 12.093569453600004, "gamma": 319.8518110047992}}
{"target": 63.54209004676359, "params": {"C": 859.4329929069302, "epsilon": 0.9072423764224586, "gamma": 180.41897189566458}}
{"target": 64.15884671769477, "params": {"C": 737.38138065841, "epsilon": 13.072499095749409, "gamma": 329.7026856568107}}
{"target": 60.48417795417254, "params": {"C": 68.9014617949412, "epsilon": 9.655736637276597, "gamma": 160.34183823004113}}
{"target": 59.55499936684798, "params": {"C": 3.7030454356328666, "epsilon": 28.16035888773652, "gamma": 415.9492311403852}}
{"target": 59.45438048021765, "params": {"C": 57.589457152090574, "epsilon": 0.49898412555882743, "gamma": 343.52937111923757}}
{"target": 58.399963023261066, "params": {"C": 8.64324221634461, "epsilon": 1.0895693398797794, "gamma": 381.52713897229285}}
{"target": 64.24238576294401, "params": {"C": 796.4199323141144, "epsilon": 14.815595168564418, "gamma": 488.19384765299867}}
{"target": 64.2704789681467, "params": {"C": 807.8377742800045, "epsilon": 15.404906761764066, "gamma": 422.5906898500906}}
{"target": 64.4675927911758, "params": {"C": 771.3496962364043, "epsilon": 19.573647203053177, "gamma": 444.54045712696865}}
{"target": 64.37648257874065, "params": {"C": 622.930727158707, "epsilon": 17.691168647903922, "gamma": 419.61682633710257}}
{"target": 64.47275198033637, "params": {"C": 699.0371905992278, "epsilon": 19.680914230655652, "gamma": 438.84288688910044}}
{"target": 64.46395528315323, "params": {"C": 789.5793643163671, "epsilon": 19.497153803805563, "gamma": 450.81872829135614}}
{"target": 62.739206294188406, "params": {"C": 97.27596548615794, "epsilon": 15.021024759701469, "gamma": 364.3934394635089}}
{"target": 59.11016833630422, "params": {"C": 6.329716599790473, "epsilon": 10.806412791908972, "gamma": 354.0760744815227}}
{"target": 62.86180480865896, "params": {"C": 94.63005391521685, "epsilon": 17.950785587927413, "gamma": 356.6175845252301}}
{"target": 64.18314275938543, "params": {"C": 862.8494948118318, "epsilon": 13.576575035961461, "gamma": 350.89894149342905}}
{"target": 60.6576874125411, "params": {"C": 65.06783833331455, "epsilon": 14.339224711831694, "gamma": 348.210394227646}}
{"target": 58.738325985007556, "params": {"C": 13.6632339723466, "epsilon": 3.3093947566909514, "gamma": 374.8356284835462}}
{"target": 63.50258342217736, "params": {"C": 702.8441742744405, "epsilon": 0.10407282090725989, "gamma": 410.8779622491671}}
{"target": 63.616977714401585, "params": {"C": 794.5307549107026, "epsilon": 2.4287701098275565, "gamma": 361.2105022217386}}
{"target": 63.61211724815303, "params": {"C": 804.3635313565875, "epsilon": 2.3308073398863023, "gamma": 401.84033820535905}}
{"target": 65.52758403141925, "params": {"C": 883.1506112609982, "epsilon": 38.3644066308016, "gamma": 370.72040598412735}}
{"target": 60.6833014203414, "params": {"C": 39.90654123464352, "epsilon": 33.750055045618616, "gamma": 318.91979843555174}}
{"target": 65.55484331746855, "params": {"C": 629.7090661326375, "epsilon": 38.78064793338316, "gamma": 126.45461345068588}}
{"target": 65.38483200466149, "params": {"C": 757.1657767729798, "epsilon": 36.01753101864331, "gamma": 118.79779109302284}}
{"target": 64.1689904890793, "params": {"C": 867.8961767953109, "epsilon": 13.283000053689957, "gamma": 412.3801387474511}}
{"target": 59.03191035312229, "params": {"C": 4.023107403586412, "epsilon": 13.30350541006672, "gamma": 334.36852584163114}}
{"target": 59.61210136725098, "params": {"C": 26.467006890565106, "epsilon": 17.410551010495322, "gamma": 418.8137559978078}}
{"target": 59.71997749554028, "params": {"C": 34.03068951654342, "epsilon": 18.180671326855, "gamma": 408.2041731593938}}
{"target": 61.17022028376632, "params": {"C": 65.08573926974793, "epsilon": 20.58857362999799, "gamma": 390.09660050650916}}
{"target": 65.10198191074925, "params": {"C": 846.9588419463472, "epsilon": 31.161425627541714, "gamma": 328.9731666459585}}
{"target": 63.78199387533167, "params": {"C": 3529.3630975713945, "epsilon": 5.615660483338459, "gamma": 331.04170387217323}}
{"target": 59.52271716890418, "params": {"C": 23.508650702086484, "epsilon": 13.402220237917907, "gamma": 449.3655344070211}}
{"target": 63.49948696330391, "params": {"C": 1103.1562934026665, "epsilon": 0.04011631540856664, "gamma": 426.94602227138}}
{"target": 63.501514170221164, "params": {"C": 1618.7853602837035, "epsilon": 0.08198771614172518, "gamma": 318.30485956897627}}
{"target": 63.51401501688595, "params": {"C": 216.59711483788084, "epsilon": 0.33705228249248453, "gamma": 160.03406256036166}}
{"target": 59.28371852366574, "params": {"C": 46.7192014770416, "epsilon": 1.4283051374356441, "gamma": 377.1170038619218}}
{"target": 64.00646194927886, "params": {"C": 5051.352747992949, "epsilon": 9.983036778444323, "gamma": 36.8610305851673}}
{"target": 59.5400886555236, "params": {"C": 37.83886078030133, "epsilon": 9.899962742266158, "gamma": 411.57372906737635}}
{"target": 59.41326509773238, "params": {"C": 15.471172652695476, "epsilon": 9.868989262660948, "gamma": 199.19297555724506}}
{"target": 64.24027060176209, "params": {"C": 557.5688211366922, "epsilon": 14.771328585002417, "gamma": 180.53659226550536}}
{"target": 63.54082133104289, "params": {"C": 114.42495055490562, "epsilon": 15.83328489613113, "gamma": 198.6695691828771}}
{"target": 59.55631485273591, "params": {"C": 20.68294185030132, "epsilon": 13.511871453164673, "gamma": 351.34324273053153}}
{"target": 62.72710423322161, "params": {"C": 82.76427720137704, "epsilon": 24.150878794430632, "gamma": 186.28536413209258}}
{"target": 65.06071028070564, "params": {"C": 1735.3776699555924, "epsilon": 30.455542791161765, "gamma": 230.57805018273896}}
{"target": 63.57330118279187, "params": {"C": 745.8518764695101, "epsilon": 1.5474965402545262, "gamma": 439.791309126629}}
{"target": 63.547869232423224, "params": {"C": 711.7534780793112, "epsilon": 1.025934492891682, "gamma": 387.48737458645275}}
{"target": 66.14571618011661, "params": {"C": 3610.731002235393, "epsilon": 46.411063066652595, "gamma": 428.17614796977534}}
{"target": 59.18207905245413, "params": {"C": 29.538441848741673, "epsilon": 2.8206355915688595, "gamma": 196.30500078455455}}
{"target": 64.31849148984935, "params": {"C": 238.9442866735645, "epsilon": 16.434230684358035, "gamma": 497.70293389436364}}
{"target": 64.20085990486072, "params": {"C": 766.7450461316466, "epsilon": 13.946446893619031, "gamma": 485.6692996081722}}
{"target": 63.52143840714116, "params": {"C": 504.73490475313406, "epsilon": 0.4867006010089699, "gamma": 385.3449661857863}}
{"target": 59.8057528405615, "params": {"C": 4.636574984525513, "epsilon": 19.848090666839195, "gamma": 144.56340376053447}}
{"target": 59.54770039534067, "params": {"C": 26.09649173025027, "epsilon": 14.342993572465701, "gamma": 429.6309461832822}}
{"target": 64.22656178412876, "params": {"C": 795.6017855029073, "epsilon": 14.48404747185118, "gamma": 355.259191582727}}
{"target": 63.58134587364102, "params": {"C": 933.6250106931707, "epsilon": 1.7112711454790852, "gamma": 307.7993060290299}}
{"target": 69.4673842103713, "params": {"C": 87.56359868646905, "epsilon": 83.56649875801142, "gamma": 343.33565347179825}}
{"target": 60.70578808002456, "params": {"C": 43.28258213098542, "epsilon": 31.743497125725032, "gamma": 343.03892768471286}}
{"target": 64.15882987509971, "params": {"C": 961.2539603359892, "epsilon": 13.072157253198135, "gamma": 407.00676200628493}}
{"target": 63.54596732103522, "params": {"C": 733.7015117553333, "epsilon": 0.9868732996234681, "gamma": 498.00471884310093}}
{"target": 64.27585242929754, "params": {"C": 1728.7557313878915, "epsilon": 15.520543989150763, "gamma": 407.47201807817254}}
{"target": 59.548755269765294, "params": {"C": 32.023624693232044, "epsilon": 12.713757392012369, "gamma": 332.3507222602731}}
{"target": 63.53246840651841, "params": {"C": 1536.1788538960452, "epsilon": 0.7098737455120977, "gamma": 198.13110814323505}}
{"target": 59.571414576954396, "params": {"C": 36.91928810565442, "epsilon": 11.191467958318842, "gamma": 429.7271712257378}}
{"target": 59.73994966203652, "params": {"C": 36.67906512151065, "epsilon": 17.522830891614753, "gamma": 389.0299615645627}}
