[I 2025-07-21 19:04:08,264] Trial 1244 finished with value: 39.51872283230999 and parameters: {'C': 939.5959605363641, 'epsilon': 29.916758230331926, 'gamma': 0.002866299868973467}. Best is trial 406 with value: 38.90494892453006.
trail number 1243
[I 2025-07-21 19:04:08,272] Trial 1243 finished with value: 45.8145174544001 and parameters: {'C': 889.8614364844842, 'epsilon': 24.877480528342286, 'gamma': 0.09751617389934043}. Best is trial 406 with value: 38.90494892453006.
trail number 1245
[I 2025-07-21 19:04:08,277] Trial 1245 finished with value: 40.794650320797686 and parameters: {'C': 923.6217374247609, 'epsilon': 23.497437654963775, 'gamma': 0.0006795505273401118}. Best is trial 406 with value: 38.90494892453006.
trail number 1248
[I 2025-07-21 19:04:08,302] Trial 1248 finished with value: 40.526656762349646 and parameters: {'C': 895.4462914346307, 'epsilon': 27.340587623621598, 'gamma': 0.0009151866192114288}. Best is trial 406 with value: 38.90494892453006.
trail number 1249
[I 2025-07-21 19:04:08,308] Trial 1249 finished with value: 39.5286630707259 and parameters: {'C': 999.9651736621373, 'epsilon': 26.198340412704802, 'gamma': 0.002419221186875164}. Best is trial 406 with value: 38.90494892453006.
trail number 1247
[I 2025-07-21 19:04:08,317] Trial 1247 finished with value: 39.640878437371114 and parameters: {'C': 1000.0416206550744, 'epsilon': 21.750153138660195, 'gamma': 0.0021934692443593175}. Best is trial 406 with value: 38.90494892453006.
trail number 1246
[I 2025-07-21 19:04:08,342] Trial 1246 finished with value: 45.20547612424931 and parameters: {'C': 1012.5335315517485, 'epsilon': 26.60584704711374, 'gamma': 0.06531900149301682}. Best is trial 406 with value: 38.90494892453006.
trail number 1250
[I 2025-07-21 19:04:08,350] Trial 1250 finished with value: 44.66859315411813 and parameters: {'C': 936.4649561828991, 'epsilon': 27.304859108374778, 'gamma': 0.06197509078669365}. Best is trial 406 with value: 38.90494892453006.
trail number 1252
[I 2025-07-21 19:04:08,356] Trial 1252 finished with value: 39.25935158832259 and parameters: {'C': 945.210694060232, 'epsilon': 23.72715821114784, 'gamma': 0.003995570895963913}. Best is trial 406 with value: 38.90494892453006.
trail number 1251
[I 2025-07-21 19:04:08,358] Trial 1251 finished with value: 45.478539741335965 and parameters: {'C': 991.5585663292492, 'epsilon': 27.34417152935934, 'gamma': 0.07039427729866574}. Best is trial 406 with value: 38.90494892453006.
trail number 1256
[I 2025-07-21 19:04:08,399] Trial 1256 finished with value: 44.59073896287548 and parameters: {'C': 815.5195902277219, 'epsilon': 29.456714698729616, 'gamma': 0.06568216607502397}. Best is trial 406 with value: 38.90494892453006.
trail number 1255
[I 2025-07-21 19:04:08,410] Trial 1255 finished with value: 43.976807159986535 and parameters: {'C': 787.0029051311603, 'epsilon': 24.1489429383276, 'gamma': 0.061941722223819266}. Best is trial 406 with value: 38.90494892453006.
trail number 1254
[I 2025-07-21 19:04:08,416] Trial 1254 finished with value: 47.28840416787001 and parameters: {'C': 968.5815697564061, 'epsilon': 20.90617991457353, 'gamma': 0.13303329949431053}. Best is trial 406 with value: 38.90494892453006.
trail number 1253
[I 2025-07-21 19:04:08,424] Trial 1253 finished with value: 48.27137543938666 and parameters: {'C': 1007.8810498368969, 'epsilon': 20.218112021749597, 'gamma': 0.16367983837523883}. Best is trial 406 with value: 38.90494892453006.
trail number 1258
[I 2025-07-21 19:04:08,440] Trial 1258 finished with value: 42.35089091884373 and parameters: {'C': 958.0565891212133, 'epsilon': 23.184187407425025, 'gamma': 0.00021129840179227345}. Best is trial 406 with value: 38.90494892453006.
trail number 1259
[I 2025-07-21 19:04:08,449] Trial 1259 finished with value: 39.2206103316794 and parameters: {'C': 1113.1271180418487, 'epsilon': 26.293010430831565, 'gamma': 0.003732897662273197}. Best is trial 406 with value: 38.90494892453006.
trail number 1257
[I 2025-07-21 19:04:08,455] Trial 1257 finished with value: 47.2123633997531 and parameters: {'C': 993.5131059078874, 'epsilon': 22.579068984645744, 'gamma': 0.12513818551369393}. Best is trial 406 with value: 38.90494892453006.
trail number 1260
[I 2025-07-21 19:04:08,468] Trial 1260 finished with value: 45.35021216667745 and parameters: {'C': 886.300574982802, 'epsilon': 29.733289536061935, 'gamma': 0.07812124991601503}. Best is trial 406 with value: 38.90494892453006.
trail number 1261
[I 2025-07-21 19:04:08,476] Trial 1261 finished with value: 39.95324298088915 and parameters: {'C': 930.3251479911767, 'epsilon': 26.77673415449161, 'gamma': 0.0017398351747929443}. Best is trial 406 with value: 38.90494892453006.
trail number 1262
[I 2025-07-21 19:04:08,497] Trial 1262 finished with value: 47.31603178475903 and parameters: {'C': 858.2998697512044, 'epsilon': 29.964385545211556, 'gamma': 0.12408203615019332}. Best is trial 406 with value: 38.90494892453006.
trail number 1264
[I 2025-07-21 19:04:08,503] Trial 1264 finished with value: 39.98908289169443 and parameters: {'C': 764.5370510765476, 'epsilon': 26.11614605623372, 'gamma': 0.002047068647840034}. Best is trial 406 with value: 38.90494892453006.
trail number 1263
[I 2025-07-21 19:04:08,506] Trial 1263 finished with value: 44.80765897341382 and parameters: {'C': 845.4443296810093, 'epsilon': 28.061695085943548, 'gamma': 0.06796364073203613}. Best is trial 406 with value: 38.90494892453006.
trail number 1265
[I 2025-07-21 19:04:08,525] Trial 1265 finished with value: 45.55603768696501 and parameters: {'C': 900.2460503952295, 'epsilon': 25.113587797814613, 'gamma': 0.08137043060873256}. Best is trial 406 with value: 38.90494892453006.
trail number 1267
[I 2025-07-21 19:04:08,552] Trial 1267 finished with value: 44.72508178841137 and parameters: {'C': 875.7841657350596, 'epsilon': 24.692188406032695, 'gamma': 0.06753397289068427}. Best is trial 406 with value: 38.90494892453006.
trail number 1268
[I 2025-07-21 19:04:08,558] Trial 1268 finished with value: 45.523223338377946 and parameters: {'C': 826.1696452103131, 'epsilon': 24.796647973538814, 'gamma': 0.09283368433214663}. Best is trial 406 with value: 38.90494892453006.
trail number 1269
[I 2025-07-21 19:04:08,564] Trial 1269 finished with value: 43.04556799105827 and parameters: {'C': 989.3406956998631, 'epsilon': 22.715015856110146, 'gamma': 0.04832853827253408}. Best is trial 406 with value: 38.90494892453006.
trail number 1266
[I 2025-07-21 19:04:08,569] Trial 1266 finished with value: 47.72439228026316 and parameters: {'C': 1285.2711687432266, 'epsilon': 14.305776463791554, 'gamma': 0.11616058957502046}. Best is trial 406 with value: 38.90494892453006.
trail number 1273
[I 2025-07-21 19:04:08,597] Trial 1273 finished with value: 40.55801315639657 and parameters: {'C': 867.7654088458893, 'epsilon': 22.181836652358562, 'gamma': 0.0009757013845396283}. Best is trial 406 with value: 38.90494892453006.
trail number 1272
[I 2025-07-21 19:04:08,603] Trial 1272 finished with value: 39.22688440442412 and parameters: {'C': 880.8386212483588, 'epsilon': 22.415759957376928, 'gamma': 0.004985030739481453}. Best is trial 406 with value: 38.90494892453006.
trail number 1271
[I 2025-07-21 19:04:08,616] Trial 1271 finished with value: 42.96173155052295 and parameters: {'C': 1030.6168157122956, 'epsilon': 23.910617089375304, 'gamma': 0.04571997238935105}. Best is trial 406 with value: 38.90494892453006.
trail number 1270
[I 2025-07-21 19:04:08,623] Trial 1270 finished with value: 43.87504833123121 and parameters: {'C': 925.1555045928538, 'epsilon': 22.611900899363796, 'gamma': 0.05779434497845859}. Best is trial 406 with value: 38.90494892453006.
trail number 1275
[I 2025-07-21 19:04:08,639] Trial 1275 finished with value: 40.04515440708953 and parameters: {'C': 785.4672821545905, 'epsilon': 29.19492614099415, 'gamma': 0.001939337796778497}. Best is trial 406 with value: 38.90494892453006.
trail number 1274
[I 2025-07-21 19:04:08,646] Trial 1274 finished with value: 50.937574720990256 and parameters: {'C': 1469.7307171797752, 'epsilon': 21.56086590792186, 'gamma': 0.46100296078826375}. Best is trial 406 with value: 38.90494892453006.
trail number 1277
[I 2025-07-21 19:04:08,656] Trial 1277 finished with value: 41.109356385051655 and parameters: {'C': 992.8105251641298, 'epsilon': 25.286473609030686, 'gamma': 0.0004555841034692837}. Best is trial 406 with value: 38.90494892453006.
trail number 1276
[I 2025-07-21 19:04:08,674] Trial 1276 finished with value: 45.026931273812096 and parameters: {'C': 1024.608541012269, 'epsilon': 26.09066559167716, 'gamma': 0.06311580567225737}. Best is trial 406 with value: 38.90494892453006.
trail number 1279
[I 2025-07-21 19:04:08,680] Trial 1279 finished with value: 39.42870977201479 and parameters: {'C': 890.6453808950494, 'epsilon': 24.90608225531797, 'gamma': 0.0026109543914618373}. Best is trial 406 with value: 38.90494892453006.
trail number 1278
[I 2025-07-21 19:04:08,681] Trial 1278 finished with value: 51.052801270657405 and parameters: {'C': 1364.1343294913283, 'epsilon': 21.879338180137648, 'gamma': 0.4641955720314914}. Best is trial 406 with value: 38.90494892453006.
trail number 1280
[I 2025-07-21 19:04:08,704] Trial 1280 finished with value: 44.31718085101756 and parameters: {'C': 979.5190400141862, 'epsilon': 25.94928547235267, 'gamma': 0.05668121484104646}. Best is trial 406 with value: 38.90494892453006.
trail number 1283
[I 2025-07-21 19:04:08,714] Trial 1283 finished with value: 41.3322272015846 and parameters: {'C': 1026.5242802751, 'epsilon': 28.164883703784543, 'gamma': 0.0004567568301142369}. Best is trial 406 with value: 38.90494892453006.
trail number 1281
[I 2025-07-21 19:04:08,731] Trial 1281 finished with value: 45.04894608809195 and parameters: {'C': 775.4207621655536, 'epsilon': 24.87276885848293, 'gamma': 0.07962395195087917}. Best is trial 406 with value: 38.90494892453006.
trail number 1282
[I 2025-07-21 19:04:08,737] Trial 1282 finished with value: 43.77032010757222 and parameters: {'C': 786.1756565516436, 'epsilon': 22.62033397054058, 'gamma': 0.06111146888873488}. Best is trial 406 with value: 38.90494892453006.
trail number 1285
[I 2025-07-21 19:04:08,743] Trial 1285 finished with value: 39.885938382241946 and parameters: {'C': 714.3798808312796, 'epsilon': 29.632481487584265, 'gamma': 0.0022878152120237617}. Best is trial 406 with value: 38.90494892453006.
trail number 1284
[I 2025-07-21 19:04:08,749] Trial 1284 finished with value: 43.940432463258055 and parameters: {'C': 767.9741183704288, 'epsilon': 24.39989995606968, 'gamma': 0.06174065770719918}. Best is trial 406 with value: 38.90494892453006.
trail number 1286
[I 2025-07-21 19:04:08,775] Trial 1286 finished with value: 39.36543519205587 and parameters: {'C': 792.0349207134732, 'epsilon': 27.659642163918907, 'gamma': 0.003523320825530471}. Best is trial 406 with value: 38.90494892453006.
trail number 1288
[I 2025-07-21 19:04:08,802] Trial 1288 finished with value: 46.26340412596679 and parameters: {'C': 1169.027823615129, 'epsilon': 20.75656150096794, 'gamma': 0.08895771106485173}. Best is trial 406 with value: 38.90494892453006.
trail number 1287
[I 2025-07-21 19:04:08,808] Trial 1287 finished with value: 42.17344076447074 and parameters: {'C': 792.9953205606477, 'epsilon': 26.778698922232227, 'gamma': 0.0438662138638084}. Best is trial 406 with value: 38.90494892453006.
trail number 1289
[I 2025-07-21 19:04:08,808] Trial 1289 finished with value: 47.77733761719624 and parameters: {'C': 1488.3035857963423, 'epsilon': 19.264210773031706, 'gamma': 0.2572274631610494}. Best is trial 406 with value: 38.90494892453006.
trail number 1290
[I 2025-07-21 19:04:08,825] Trial 1290 finished with value: 42.30477040858632 and parameters: {'C': 1159.4876343623885, 'epsilon': 20.89953667304396, 'gamma': 0.04070561473514914}. Best is trial 406 with value: 38.90494892453006.
trail number 1291
[I 2025-07-21 19:04:08,843] Trial 1291 finished with value: 41.16348253653507 and parameters: {'C': 895.0936025763449, 'epsilon': 23.963926406325616, 'gamma': 0.0004746103946564719}. Best is trial 406 with value: 38.90494892453006.
trail number 1293
[I 2025-07-21 19:04:08,849] Trial 1293 finished with value: 40.69952972214926 and parameters: {'C': 825.5292291667188, 'epsilon': 26.1600195248084, 'gamma': 0.0007280289102971974}. Best is trial 406 with value: 38.90494892453006.
trail number 1292
[I 2025-07-21 19:04:08,852] Trial 1292 finished with value: 40.550036044202514 and parameters: {'C': 940.3609975174983, 'epsilon': 29.903599725611098, 'gamma': 0.0010984525901634162}. Best is trial 406 with value: 38.90494892453006.
trail number 1294
[I 2025-07-21 19:04:08,866] Trial 1294 finished with value: 39.232134495975686 and parameters: {'C': 1096.998002102525, 'epsilon': 22.252584244423897, 'gamma': 0.004206505560315845}. Best is trial 406 with value: 38.90494892453006.
trail number 1296
[I 2025-07-21 19:04:08,884] Trial 1296 finished with value: 40.51762771817461 and parameters: {'C': 1017.4308665577906, 'epsilon': 25.22457808483426, 'gamma': 0.0006883815200609232}. Best is trial 406 with value: 38.90494892453006.
trail number 1297
[I 2025-07-21 19:04:08,890] Trial 1297 finished with value: 40.59957329854963 and parameters: {'C': 1019.7517779637691, 'epsilon': 23.983637030506824, 'gamma': 0.0006862185690424544}. Best is trial 406 with value: 38.90494892453006.
trail number 1298
[I 2025-07-21 19:04:08,898] Trial 1298 finished with value: 39.612272343423214 and parameters: {'C': 770.8999340571327, 'epsilon': 23.789735632115956, 'gamma': 0.0025584664055122094}. Best is trial 406 with value: 38.90494892453006.
trail number 1295
[I 2025-07-21 19:04:08,904] Trial 1295 finished with value: 43.7593312730199 and parameters: {'C': 839.616412484816, 'epsilon': 27.639448536010303, 'gamma': 0.054645440627585765}. Best is trial 406 with value: 38.90494892453006.
trail number 1299
[I 2025-07-21 19:04:08,928] Trial 1299 finished with value: 40.02113187190096 and parameters: {'C': 891.9556018759906, 'epsilon': 25.985504855668648, 'gamma': 0.0016575518136901363}. Best is trial 406 with value: 38.90494892453006.
trail number 1301
[I 2025-07-21 19:04:08,935] Trial 1301 finished with value: 40.42589586525254 and parameters: {'C': 709.0741396594135, 'epsilon': 23.868907759658445, 'gamma': 0.001109127269855981}. Best is trial 406 with value: 38.90494892453006.
trail number 1300
[I 2025-07-21 19:04:08,946] Trial 1300 finished with value: 44.373048906911485 and parameters: {'C': 781.5685614107114, 'epsilon': 26.74970133368997, 'gamma': 0.06446831349149273}. Best is trial 406 with value: 38.90494892453006.
trail number 1302
[I 2025-07-21 19:04:08,957] Trial 1302 finished with value: 45.398138757451896 and parameters: {'C': 965.2484791287962, 'epsilon': 29.72219950746049, 'gamma': 0.07247326651154509}. Best is trial 406 with value: 38.90494892453006.
trail number 1304
[I 2025-07-21 19:04:08,980] Trial 1304 finished with value: 43.73123535681184 and parameters: {'C': 906.7432949526661, 'epsilon': 19.81236446911118, 'gamma': 0.060261551096807475}. Best is trial 406 with value: 38.90494892453006.
trail number 1303
[I 2025-07-21 19:04:08,980] Trial 1303 finished with value: 45.59056183233811 and parameters: {'C': 1074.884229492056, 'epsilon': 24.445862044634882, 'gamma': 0.07068131385135676}. Best is trial 406 with value: 38.90494892453006.
trail number 1306
[I 2025-07-21 19:04:08,996] Trial 1306 finished with value: 45.06355282322754 and parameters: {'C': 704.0624164568592, 'epsilon': 29.405951052252185, 'gamma': 0.0906295047204545}. Best is trial 406 with value: 38.90494892453006.
trail number 1305
[I 2025-07-21 19:04:09,002] Trial 1305 finished with value: 44.73587912971409 and parameters: {'C': 998.0017011758965, 'epsilon': 14.687494609713443, 'gamma': 0.0704545715571552}. Best is trial 406 with value: 38.90494892453006.
trail number 1308
[I 2025-07-21 19:04:09,029] Trial 1308 finished with value: 44.21896057403361 and parameters: {'C': 918.6940260162847, 'epsilon': 22.807034858916104, 'gamma': 0.06170252507905165}. Best is trial 406 with value: 38.90494892453006.
trail number 1307
[I 2025-07-21 19:04:09,035] Trial 1307 finished with value: 46.34589768454906 and parameters: {'C': 1143.8560410614878, 'epsilon': 26.149953591041882, 'gamma': 0.08336267177689448}. Best is trial 406 with value: 38.90494892453006.
trail number 1309
[I 2025-07-21 19:04:09,049] Trial 1309 finished with value: 45.89384761984795 and parameters: {'C': 1095.4956923375287, 'epsilon': 27.268046767143264, 'gamma': 0.07215017019938819}. Best is trial 406 with value: 38.90494892453006.
trail number 1310
[I 2025-07-21 19:04:09,055] Trial 1310 finished with value: 45.67906166706913 and parameters: {'C': 1120.8081427948978, 'epsilon': 26.1641539909009, 'gamma': 0.0667531946064502}. Best is trial 406 with value: 38.90494892453006.
trail number 1311
[I 2025-07-21 19:04:09,077] Trial 1311 finished with value: 45.830419357115616 and parameters: {'C': 900.9645904387916, 'epsilon': 26.329736564192775, 'gamma': 0.09432351119402244}. Best is trial 406 with value: 38.90494892453006.
trail number 1312
[I 2025-07-21 19:04:09,084] Trial 1312 finished with value: 46.72517080479475 and parameters: {'C': 776.1147943866496, 'epsilon': 24.87102331694089, 'gamma': 0.13168969679556747}. Best is trial 406 with value: 38.90494892453006.
trail number 1314
[I 2025-07-21 19:04:09,095] Trial 1314 finished with value: 44.893934135586186 and parameters: {'C': 871.1604364538505, 'epsilon': 25.847490538231828, 'gamma': 0.0690950977807758}. Best is trial 406 with value: 38.90494892453006.
trail number 1313
[I 2025-07-21 19:04:09,101] Trial 1313 finished with value: 45.4764821662874 and parameters: {'C': 938.55463965958, 'epsilon': 26.253866320412257, 'gamma': 0.07427859076110872}. Best is trial 406 with value: 38.90494892453006.
trail number 1316
[I 2025-07-21 19:04:09,125] Trial 1316 finished with value: 44.90037638077855 and parameters: {'C': 889.8515097523356, 'epsilon': 27.478346366627843, 'gamma': 0.06734005225171644}. Best is trial 406 with value: 38.90494892453006.
trail number 1315
[I 2025-07-21 19:04:09,130] Trial 1315 finished with value: 43.86738999814966 and parameters: {'C': 1004.6281786857028, 'epsilon': 20.191232121602944, 'gamma': 0.05830756765083768}. Best is trial 406 with value: 38.90494892453006.
trail number 1317
[I 2025-07-21 19:04:09,139] Trial 1317 finished with value: 39.02736424948198 and parameters: {'C': 822.7521177750681, 'epsilon': 27.733945016905782, 'gamma': 0.005736261843107293}. Best is trial 406 with value: 38.90494892453006.
trail number 1318
[I 2025-07-21 19:04:09,139] Trial 1318 finished with value: 52.24263381931305 and parameters: {'C': 840.4481687890094, 'epsilon': 27.129290893638316, 'gamma': 0.48564723675614646}. Best is trial 406 with value: 38.90494892453006.
trail number 1320
[I 2025-07-21 19:04:09,178] Trial 1320 finished with value: 43.893237327186185 and parameters: {'C': 983.6681984042131, 'epsilon': 24.12615895249966, 'gamma': 0.054647614496453216}. Best is trial 406 with value: 38.90494892453006.
trail number 1321
[I 2025-07-21 19:04:09,184] Trial 1321 finished with value: 43.97161368096662 and parameters: {'C': 828.3819890185997, 'epsilon': 29.968870995961513, 'gamma': 0.056280303389206955}. Best is trial 406 with value: 38.90494892453006.
trail number 1322
[I 2025-07-21 19:04:09,184] Trial 1322 finished with value: 44.46773181251351 and parameters: {'C': 714.4001124610479, 'epsilon': 26.718890499982855, 'gamma': 0.07081528610414406}. Best is trial 406 with value: 38.90494892453006.
trail number 1319
[I 2025-07-21 19:04:09,189] Trial 1319 finished with value: 44.923730553495865 and parameters: {'C': 1015.7870536544281, 'epsilon': 21.090116690843928, 'gamma': 0.06978833488051976}. Best is trial 406 with value: 38.90494892453006.
trail number 1323
[I 2025-07-21 19:04:09,221] Trial 1323 finished with value: 41.14394739941828 and parameters: {'C': 887.9420637876652, 'epsilon': 24.558784971191557, 'gamma': 0.0005229090179491892}. Best is trial 406 with value: 38.90494892453006.
trail number 1325
[I 2025-07-21 19:04:09,228] Trial 1325 finished with value: 39.067863110536585 and parameters: {'C': 805.508805148525, 'epsilon': 27.79198346306575, 'gamma': 0.0054867543372850765}. Best is trial 406 with value: 38.90494892453006.
trail number 1324
[I 2025-07-21 19:04:09,234] Trial 1324 finished with value: 39.054544969610795 and parameters: {'C': 713.3933447968649, 'epsilon': 27.055214895405808, 'gamma': 0.009239615759545343}. Best is trial 406 with value: 38.90494892453006.
trail number 1326
[I 2025-07-21 19:04:09,240] Trial 1326 finished with value: 49.52383001862843 and parameters: {'C': 840.7767574121942, 'epsilon': 22.350420951067996, 'gamma': 0.39083564217975275}. Best is trial 406 with value: 38.90494892453006.
trail number 1327
[I 2025-07-21 19:04:09,263] Trial 1327 finished with value: 40.77407930869696 and parameters: {'C': 846.3116998785941, 'epsilon': 27.532610256729313, 'gamma': 0.0007633686437663973}. Best is trial 406 with value: 38.90494892453006.
trail number 1328
[I 2025-07-21 19:04:09,271] Trial 1328 finished with value: 39.398036752861415 and parameters: {'C': 713.4201747790103, 'epsilon': 27.568865119563416, 'gamma': 0.003469788632897229}. Best is trial 406 with value: 38.90494892453006.
trail number 1330
[I 2025-07-21 19:04:09,281] Trial 1330 finished with value: 49.290081027089194 and parameters: {'C': 1206.7365856629162, 'epsilon': 18.711061996478325, 'gamma': 0.4045074836569741}. Best is trial 406 with value: 38.90494892453006.
trail number 1329
[I 2025-07-21 19:04:09,294] Trial 1329 finished with value: 42.736950042088964 and parameters: {'C': 822.5833499998446, 'epsilon': 21.6676630512779, 'gamma': 0.0510379960126747}. Best is trial 406 with value: 38.90494892453006.
trail number 1333
