[I 2025-07-21 19:04:24,802] Trial 2476 finished with value: 39.73554761287363 and parameters: {'C': 941.2258414033689, 'epsilon': 25.442647867626107, 'gamma': 0.0020827996026176916}. Best is trial 406 with value: 38.90494892453006.
trail number 2474
[I 2025-07-21 19:04:24,825] Trial 2474 finished with value: 48.39280135722363 and parameters: {'C': 1049.1364979062532, 'epsilon': 8.335808982266633, 'gamma': 0.31491645425551706}. Best is trial 406 with value: 38.90494892453006.
trail number 2477
[I 2025-07-21 19:04:24,848] Trial 2477 finished with value: 45.89712355215837 and parameters: {'C': 938.043054639432, 'epsilon': 25.12499449891591, 'gamma': 0.09369808459548867}. Best is trial 406 with value: 38.90494892453006.
trail number 2478
[I 2025-07-21 19:04:24,861] Trial 2478 finished with value: 47.639945073406224 and parameters: {'C': 1313.8785453825135, 'epsilon': 25.481916827396912, 'gamma': 0.20395216514780612}. Best is trial 406 with value: 38.90494892453006.
trail number 2480
[I 2025-07-21 19:04:24,873] Trial 2480 finished with value: 39.49159381705243 and parameters: {'C': 705.0104056345647, 'epsilon': 23.0754397177154, 'gamma': 0.003823318752296587}. Best is trial 406 with value: 38.90494892453006.
trail number 2479
[I 2025-07-21 19:04:24,884] Trial 2479 finished with value: 43.20624878944319 and parameters: {'C': 995.5641844277382, 'epsilon': 18.904177457543284, 'gamma': 0.053167913549280146}. Best is trial 406 with value: 38.90494892453006.
trail number 2481
[I 2025-07-21 19:04:24,903] Trial 2481 finished with value: 46.06071193163534 and parameters: {'C': 831.8450989888319, 'epsilon': 25.482132478315474, 'gamma': 0.11386671840525643}. Best is trial 406 with value: 38.90494892453006.
trail number 2482
[I 2025-07-21 19:04:24,916] Trial 2482 finished with value: 42.80404007595887 and parameters: {'C': 790.79208350802, 'epsilon': 29.986194034344077, 'gamma': 0.046201175514906864}. Best is trial 406 with value: 38.90494892453006.
trail number 2484
[I 2025-07-21 19:04:24,938] Trial 2484 finished with value: 39.35431506839528 and parameters: {'C': 845.710386838398, 'epsilon': 29.915666022777064, 'gamma': 0.003748267846499327}. Best is trial 406 with value: 38.90494892453006.
trail number 2485
[I 2025-07-21 19:04:24,955] Trial 2485 finished with value: 49.09782565476267 and parameters: {'C': 1440.4732285348894, 'epsilon': 16.711389985891497, 'gamma': 0.16173506710739632}. Best is trial 406 with value: 38.90494892453006.
trail number 2483
[I 2025-07-21 19:04:24,964] Trial 2483 finished with value: 46.996342293980604 and parameters: {'C': 1072.1345854114954, 'epsilon': 23.420484852878282, 'gamma': 0.11213335968359373}. Best is trial 406 with value: 38.90494892453006.
trail number 2486
[I 2025-07-21 19:04:24,973] Trial 2486 finished with value: 43.64724917025241 and parameters: {'C': 901.3698818362341, 'epsilon': 25.64207560002589, 'gamma': 0.053384442010920866}. Best is trial 406 with value: 38.90494892453006.
trail number 2488
[I 2025-07-21 19:04:25,001] Trial 2488 finished with value: 40.79701904093129 and parameters: {'C': 883.1525490661658, 'epsilon': 21.511029858353886, 'gamma': 0.0006270639742652524}. Best is trial 406 with value: 38.90494892453006.
trail number 2487
[I 2025-07-21 19:04:25,010] Trial 2487 finished with value: 42.608372572398835 and parameters: {'C': 863.9900340914899, 'epsilon': 25.109633628484485, 'gamma': 0.046116902116050795}. Best is trial 406 with value: 38.90494892453006.
trail number 2489
[I 2025-07-21 19:04:25,022] Trial 2489 finished with value: 39.39072233282202 and parameters: {'C': 873.6765640737665, 'epsilon': 27.844053034852404, 'gamma': 0.0031425429468243714}. Best is trial 406 with value: 38.90494892453006.
trail number 2490
[I 2025-07-21 19:04:25,029] Trial 2490 finished with value: 43.773359730501305 and parameters: {'C': 702.2485528736022, 'epsilon': 24.349269135483187, 'gamma': 0.062470021661549247}. Best is trial 406 with value: 38.90494892453006.
trail number 2491
[I 2025-07-21 19:04:25,052] Trial 2491 finished with value: 40.43304682206275 and parameters: {'C': 766.2487358391697, 'epsilon': 25.455795085387756, 'gamma': 0.0009609721718038047}. Best is trial 406 with value: 38.90494892453006.
trail number 2492
[I 2025-07-21 19:04:25,066] Trial 2492 finished with value: 39.70337712150222 and parameters: {'C': 702.4529037168281, 'epsilon': 20.940180758864237, 'gamma': 0.0026023639250602453}. Best is trial 406 with value: 38.90494892453006.
trail number 2493
[I 2025-07-21 19:04:25,083] Trial 2493 finished with value: 39.45470425499415 and parameters: {'C': 1003.0612657821509, 'epsilon': 24.463880072861283, 'gamma': 0.002977988321384387}. Best is trial 406 with value: 38.90494892453006.
trail number 2494
[I 2025-07-21 19:04:25,092] Trial 2494 finished with value: 44.147499965693484 and parameters: {'C': 784.6917166676699, 'epsilon': 27.65838714393307, 'gamma': 0.060989601526423784}. Best is trial 406 with value: 38.90494892453006.
trail number 2496
[I 2025-07-21 19:04:25,105] Trial 2496 finished with value: 40.524506857529545 and parameters: {'C': 965.3807140207894, 'epsilon': 28.222747629403223, 'gamma': 0.0010631006439452417}. Best is trial 406 with value: 38.90494892453006.
trail number 2495
[I 2025-07-21 19:04:25,123] Trial 2495 finished with value: 47.66076374022608 and parameters: {'C': 1215.2418557072888, 'epsilon': 23.718844457407894, 'gamma': 0.2611504073969392}. Best is trial 406 with value: 38.90494892453006.
trail number 2499
[I 2025-07-21 19:04:25,139] Trial 2499 finished with value: 39.786513662720765 and parameters: {'C': 794.4716688868571, 'epsilon': 21.062275630125974, 'gamma': 0.0021078519513777535}. Best is trial 406 with value: 38.90494892453006.
trail number 2498
[I 2025-07-21 19:04:25,154] Trial 2498 finished with value: 46.15567940712056 and parameters: {'C': 977.4201107938632, 'epsilon': 26.90085844356688, 'gamma': 0.09819511417485415}. Best is trial 406 with value: 38.90494892453006.
trail number 2497
[I 2025-07-21 19:04:25,171] Trial 2497 finished with value: 43.831043593341555 and parameters: {'C': 1104.8049977086262, 'epsilon': 27.522398318332083, 'gamma': 0.04823158244377458}. Best is trial 406 with value: 38.90494892453006.
trail number 2501
[I 2025-07-21 19:04:25,189] Trial 2501 finished with value: 43.409687785829995 and parameters: {'C': 861.4715428014993, 'epsilon': 25.3802858333682, 'gamma': 0.05265945810979861}. Best is trial 406 with value: 38.90494892453006.
trail number 2500
[I 2025-07-21 19:04:25,198] Trial 2500 finished with value: 43.35995679819932 and parameters: {'C': 1014.0589891364507, 'epsilon': 22.307900290442593, 'gamma': 0.050156893135884215}. Best is trial 406 with value: 38.90494892453006.
trail number 2502
[I 2025-07-21 19:04:25,214] Trial 2502 finished with value: 43.96757557082847 and parameters: {'C': 1042.431638841208, 'epsilon': 29.434385868130207, 'gamma': 0.049758142050549785}. Best is trial 406 with value: 38.90494892453006.
trail number 2503
[I 2025-07-21 19:04:25,244] Trial 2503 finished with value: 49.55693740980587 and parameters: {'C': 1348.4535831250207, 'epsilon': 8.113292933633431, 'gamma': 0.225691861416166}. Best is trial 406 with value: 38.90494892453006.
trail number 2504
[I 2025-07-21 19:04:25,258] Trial 2504 finished with value: 45.333830691173866 and parameters: {'C': 886.5718822833534, 'epsilon': 22.237959556810466, 'gamma': 0.08290923622015794}. Best is trial 406 with value: 38.90494892453006.
trail number 2506
[I 2025-07-21 19:04:25,266] Trial 2506 finished with value: 44.45899385165086 and parameters: {'C': 976.7839791107357, 'epsilon': 29.960322226489176, 'gamma': 0.05700266024469436}. Best is trial 406 with value: 38.90494892453006.
trail number 2505
[I 2025-07-21 19:04:25,266] Trial 2505 finished with value: 48.3411313395368 and parameters: {'C': 1487.1159046718171, 'epsilon': 27.191711927404583, 'gamma': 0.3026128447047821}. Best is trial 406 with value: 38.90494892453006.
trail number 2507
[I 2025-07-21 19:04:25,301] Trial 2507 finished with value: 51.01354185759315 and parameters: {'C': 1175.219194116985, 'epsilon': 20.43428734293213, 'gamma': 0.4725425971250705}. Best is trial 406 with value: 38.90494892453006.
trail number 2509
[I 2025-07-21 19:04:25,312] Trial 2509 finished with value: 39.573459809455336 and parameters: {'C': 701.0343374716807, 'epsilon': 28.64208393647458, 'gamma': 0.0028956143449957537}. Best is trial 406 with value: 38.90494892453006.
trail number 2508
[I 2025-07-21 19:04:25,327] Trial 2508 finished with value: 42.77329973283346 and parameters: {'C': 825.6784437768088, 'epsilon': 23.058645585427513, 'gamma': 0.05071228190495825}. Best is trial 406 with value: 38.90494892453006.
trail number 2510
[I 2025-07-21 19:04:25,344] Trial 2510 finished with value: 45.25777944801833 and parameters: {'C': 703.8847145092362, 'epsilon': 26.062672884499822, 'gamma': 0.1010692130944786}. Best is trial 406 with value: 38.90494892453006.
trail number 2512
[I 2025-07-21 19:04:25,357] Trial 2512 finished with value: 39.36454049995774 and parameters: {'C': 1048.1968300403564, 'epsilon': 26.683195473664366, 'gamma': 0.0028611373491149016}. Best is trial 406 with value: 38.90494892453006.
trail number 2511
[I 2025-07-21 19:04:25,372] Trial 2511 finished with value: 45.525446073127405 and parameters: {'C': 734.5809423887333, 'epsilon': 29.982295252313232, 'gamma': 0.10740254033806183}. Best is trial 406 with value: 38.90494892453006.
trail number 2513
[I 2025-07-21 19:04:25,387] Trial 2513 finished with value: 45.476239437233914 and parameters: {'C': 782.9394619724596, 'epsilon': 26.65834530240795, 'gamma': 0.09719675178921004}. Best is trial 406 with value: 38.90494892453006.
trail number 2514
[I 2025-07-21 19:04:25,400] Trial 2514 finished with value: 40.26860207583751 and parameters: {'C': 794.2177126472372, 'epsilon': 26.409305061171537, 'gamma': 0.0011761931206746177}. Best is trial 406 with value: 38.90494892453006.
trail number 2515
[I 2025-07-21 19:04:25,416] Trial 2515 finished with value: 42.34407640422265 and parameters: {'C': 704.3117288857522, 'epsilon': 21.979354998623975, 'gamma': 0.05184972777602426}. Best is trial 406 with value: 38.90494892453006.
trail number 2517
[I 2025-07-21 19:04:25,436] Trial 2517 finished with value: 45.31014147751947 and parameters: {'C': 948.3857794093386, 'epsilon': 26.608500321541683, 'gamma': 0.07019115295608577}. Best is trial 406 with value: 38.90494892453006.
trail number 2516
[I 2025-07-21 19:04:25,444] Trial 2516 finished with value: 45.92065250564328 and parameters: {'C': 775.3285273225192, 'epsilon': 24.24262256649782, 'gamma': 0.11817364768915835}. Best is trial 406 with value: 38.90494892453006.
trail number 2518
[I 2025-07-21 19:04:25,453] Trial 2518 finished with value: 40.13876146305136 and parameters: {'C': 853.8099768793575, 'epsilon': 24.24293028056601, 'gamma': 0.0012893083264937742}. Best is trial 406 with value: 38.90494892453006.
trail number 2519
[I 2025-07-21 19:04:25,474] Trial 2519 finished with value: 47.275340734237474 and parameters: {'C': 1188.8724539063162, 'epsilon': 21.937977153718524, 'gamma': 0.11133369429431157}. Best is trial 406 with value: 38.90494892453006.
trail number 2522
[I 2025-07-21 19:04:25,501] Trial 2522 finished with value: 39.2227276143755 and parameters: {'C': 800.1916161954255, 'epsilon': 28.22783358698288, 'gamma': 0.004304668313118371}. Best is trial 406 with value: 38.90494892453006.
trail number 2520
[I 2025-07-21 19:04:25,509] Trial 2520 finished with value: 48.44775260424573 and parameters: {'C': 1212.5200654305488, 'epsilon': 23.432005042403443, 'gamma': 0.14366485164096882}. Best is trial 406 with value: 38.90494892453006.
trail number 2521
[I 2025-07-21 19:04:25,518] Trial 2521 finished with value: 42.774433508590576 and parameters: {'C': 700.9862573212083, 'epsilon': 27.17648987155285, 'gamma': 0.050804835554415236}. Best is trial 406 with value: 38.90494892453006.
trail number 2523
[I 2025-07-21 19:04:25,526] Trial 2523 finished with value: 43.95090359240878 and parameters: {'C': 773.8434798453201, 'epsilon': 27.802328625011885, 'gamma': 0.05875978312281695}. Best is trial 406 with value: 38.90494892453006.
trail number 2527
[I 2025-07-21 19:04:25,571] Trial 2527 finished with value: 44.56084308823973 and parameters: {'C': 901.974506086241, 'epsilon': 27.722762131155555, 'gamma': 0.061773037242846836}. Best is trial 406 with value: 38.90494892453006.
trail number 2526
[I 2025-07-21 19:04:25,580] Trial 2526 finished with value: 44.586716008321616 and parameters: {'C': 1054.4443557220823, 'epsilon': 24.130912952374466, 'gamma': 0.0589257663363029}. Best is trial 406 with value: 38.90494892453006.
trail number 2524
[I 2025-07-21 19:04:25,589] Trial 2524 finished with value: 46.37396157456739 and parameters: {'C': 883.8078917429991, 'epsilon': 27.05786295991613, 'gamma': 0.11247154991184462}. Best is trial 406 with value: 38.90494892453006.
trail number 2525
[I 2025-07-21 19:04:25,596] Trial 2525 finished with value: 44.717924742850116 and parameters: {'C': 1067.1739352336551, 'epsilon': 23.82997808676031, 'gamma': 0.06025540608344025}. Best is trial 406 with value: 38.90494892453006.
trail number 2529
[I 2025-07-21 19:04:25,624] Trial 2529 finished with value: 41.39790736966224 and parameters: {'C': 875.6478888158692, 'epsilon': 27.16221765947282, 'gamma': 0.00044279295533488673}. Best is trial 406 with value: 38.90494892453006.
trail number 2528
[I 2025-07-21 19:04:25,634] Trial 2528 finished with value: 41.18587735562996 and parameters: {'C': 797.0078468948656, 'epsilon': 23.47568875543205, 'gamma': 0.00047931667579402017}. Best is trial 406 with value: 38.90494892453006.
trail number 2531
[I 2025-07-21 19:04:25,653] Trial 2531 finished with value: 44.39732181829788 and parameters: {'C': 700.4415921598847, 'epsilon': 28.153878971980077, 'gamma': 0.06941015142701143}. Best is trial 406 with value: 38.90494892453006.
trail number 2530
[I 2025-07-21 19:04:25,662] Trial 2530 finished with value: 41.78504241379959 and parameters: {'C': 784.4270111032748, 'epsilon': 24.161175659885565, 'gamma': 0.04279776756291587}. Best is trial 406 with value: 38.90494892453006.
trail number 2533
[I 2025-07-21 19:04:25,676] Trial 2533 finished with value: 39.83012911444168 and parameters: {'C': 908.7549705178214, 'epsilon': 24.78099703499607, 'gamma': 0.001626570953988632}. Best is trial 406 with value: 38.90494892453006.
trail number 2532
[I 2025-07-21 19:04:25,684] Trial 2532 finished with value: 43.66347046113907 and parameters: {'C': 795.8987657960237, 'epsilon': 29.64798137848169, 'gamma': 0.05402362621773682}. Best is trial 406 with value: 38.90494892453006.
trail number 2534
[I 2025-07-21 19:04:25,710] Trial 2534 finished with value: 42.851525026049366 and parameters: {'C': 786.8424413409762, 'epsilon': 24.700753751849216, 'gamma': 0.051142835121295846}. Best is trial 406 with value: 38.90494892453006.
trail number 2535
[I 2025-07-21 19:04:25,730] Trial 2535 finished with value: 43.59463413987984 and parameters: {'C': 959.8875541436139, 'epsilon': 26.154484033465792, 'gamma': 0.05073203311460124}. Best is trial 406 with value: 38.90494892453006.
trail number 2536
[I 2025-07-21 19:04:25,746] Trial 2536 finished with value: 46.34467226488364 and parameters: {'C': 956.9232142518032, 'epsilon': 23.363375286870454, 'gamma': 0.10811991838821022}. Best is trial 406 with value: 38.90494892453006.
trail number 2537
[I 2025-07-21 19:04:25,765] Trial 2537 finished with value: 47.14633357114444 and parameters: {'C': 1036.9566862943807, 'epsilon': 18.45828388607072, 'gamma': 0.12706583370385094}. Best is trial 406 with value: 38.90494892453006.
trail number 2539
[I 2025-07-21 19:04:25,779] Trial 2539 finished with value: 39.498371194583825 and parameters: {'C': 908.6587641640572, 'epsilon': 24.81842584964516, 'gamma': 0.00241420604902998}. Best is trial 406 with value: 38.90494892453006.
trail number 2538
[I 2025-07-21 19:04:25,788] Trial 2538 finished with value: 43.75182978081709 and parameters: {'C': 992.7560920068431, 'epsilon': 23.26415742848124, 'gamma': 0.05366642290725886}. Best is trial 406 with value: 38.90494892453006.
trail number 2540
[I 2025-07-21 19:04:25,801] Trial 2540 finished with value: 44.28061163831452 and parameters: {'C': 857.7324000039819, 'epsilon': 29.869764823461175, 'gamma': 0.05916566870936501}. Best is trial 406 with value: 38.90494892453006.
trail number 2541
[I 2025-07-21 19:04:25,813] Trial 2541 finished with value: 41.487990248889176 and parameters: {'C': 775.2987269225138, 'epsilon': 27.980768567273714, 'gamma': 0.0005028341183681935}. Best is trial 406 with value: 38.90494892453006.
trail number 2543
[I 2025-07-21 19:04:25,834] Trial 2543 finished with value: 39.724074838010345 and parameters: {'C': 978.2432800240176, 'epsilon': 22.655995694081994, 'gamma': 0.0020063051320442435}. Best is trial 406 with value: 38.90494892453006.
trail number 2542
[I 2025-07-21 19:04:25,844] Trial 2542 finished with value: 39.163884554531634 and parameters: {'C': 900.6082118111829, 'epsilon': 27.080360393287368, 'gamma': 0.004408947231877059}. Best is trial 406 with value: 38.90494892453006.
trail number 2544
[I 2025-07-21 19:04:25,864] Trial 2544 finished with value: 44.64968554847497 and parameters: {'C': 899.8381984533087, 'epsilon': 27.44179152643083, 'gamma': 0.06338412323904988}. Best is trial 406 with value: 38.90494892453006.
trail number 2545
[I 2025-07-21 19:04:25,879] Trial 2545 finished with value: 43.39038853118866 and parameters: {'C': 785.4356723578694, 'epsilon': 25.87940793934125, 'gamma': 0.05425452815733383}. Best is trial 406 with value: 38.90494892453006.
trail number 2548
[I 2025-07-21 19:04:25,894] Trial 2548 finished with value: 40.74683051653526 and parameters: {'C': 712.0679036265384, 'epsilon': 23.01043329807539, 'gamma': 0.0009149318729653102}. Best is trial 406 with value: 38.90494892453006.
trail number 2546
[I 2025-07-21 19:04:25,894] Trial 2546 finished with value: 42.98697221449625 and parameters: {'C': 849.4219298197794, 'epsilon': 22.116292241069615, 'gamma': 0.05214467384455931}. Best is trial 406 with value: 38.90494892453006.
trail number 2547
[I 2025-07-21 19:04:25,927] Trial 2547 finished with value: 43.94625211751806 and parameters: {'C': 898.7720779169324, 'epsilon': 22.84333890651119, 'gamma': 0.059245112267103675}. Best is trial 406 with value: 38.90494892453006.
trail number 2549
[I 2025-07-21 19:04:25,945] Trial 2549 finished with value: 43.62476790325685 and parameters: {'C': 868.0017708701831, 'epsilon': 22.670620588672076, 'gamma': 0.05618140586942301}. Best is trial 406 with value: 38.90494892453006.
trail number 2551
[I 2025-07-21 19:04:25,954] Trial 2551 finished with value: 44.53869693446863 and parameters: {'C': 989.6273680143856, 'epsilon': 24.98299097075864, 'gamma': 0.05960989858474694}. Best is trial 406 with value: 38.90494892453006.
trail number 2550
[I 2025-07-21 19:04:25,954] Trial 2550 finished with value: 47.61795341314773 and parameters: {'C': 764.938404234224, 'epsilon': 26.178779692599893, 'gamma': 0.19585074090291382}. Best is trial 406 with value: 38.90494892453006.
trail number 2552
[I 2025-07-21 19:04:25,985] Trial 2552 finished with value: 44.69531346352032 and parameters: {'C': 796.2707966646014, 'epsilon': 27.911496772118795, 'gamma': 0.0687574898846466}. Best is trial 406 with value: 38.90494892453006.
trail number 2555
[I 2025-07-21 19:04:25,996] Trial 2555 finished with value: 41.224573589313344 and parameters: {'C': 965.9361044638346, 'epsilon': 26.989509781170597, 'gamma': 0.00046101766875769265}. Best is trial 406 with value: 38.90494892453006.
trail number 2553
[I 2025-07-21 19:04:26,015] Trial 2553 finished with value: 44.50586637204027 and parameters: {'C': 761.9568261136318, 'epsilon': 24.89189330985508, 'gamma': 0.070165603341522}. Best is trial 406 with value: 38.90494892453006.
trail number 2554
[I 2025-07-21 19:04:26,023] Trial 2554 finished with value: 45.68280077006476 and parameters: {'C': 814.2992337439954, 'epsilon': 19.87584025239957, 'gamma': 0.11437491442488956}. Best is trial 406 with value: 38.90494892453006.
trail number 2557
[I 2025-07-21 19:04:26,033] Trial 2557 finished with value: 41.055260629368924 and parameters: {'C': 920.1369028810234, 'epsilon': 24.539780251097337, 'gamma': 0.000531953606889797}. Best is trial 406 with value: 38.90494892453006.
trail number 2556
[I 2025-07-21 19:04:26,038] Trial 2556 finished with value: 40.803892374189154 and parameters: {'C': 976.9335339794934, 'epsilon': 29.79400544078207, 'gamma': 0.0008065715220013734}. Best is trial 406 with value: 38.90494892453006.
trail number 2558
[I 2025-07-21 19:04:26,068] Trial 2558 finished with value: 40.59216069065851 and parameters: {'C': 844.5270261437164, 'epsilon': 20.546388994587122, 'gamma': 0.0009088407281614697}. Best is trial 406 with value: 38.90494892453006.
trail number 2561
[I 2025-07-21 19:04:26,069] Trial 2561 finished with value: 41.18235756069779 and parameters: {'C': 1073.482675417041, 'epsilon': 27.059271070167277, 'gamma': 0.00043818101393895}. Best is trial 406 with value: 38.90494892453006.
trail number 2559
[I 2025-07-21 19:04:26,089] Trial 2559 finished with value: 49.29496070386872 and parameters: {'C': 1430.7882952863263, 'epsilon': 10.634814771375817, 'gamma': 0.44285291123070886}. Best is trial 406 with value: 38.90494892453006.
trail number 2560
[I 2025-07-21 19:04:26,102] Trial 2560 finished with value: 41.040999348080014 and parameters: {'C': 700.9707562278506, 'epsilon': 24.93449708566296, 'gamma': 0.03856293281660881}. Best is trial 406 with value: 38.90494892453006.
trail number 2562
[I 2025-07-21 19:04:26,118] Trial 2562 finished with value: 42.39522892042423 and parameters: {'C': 981.3738791926088, 'epsilon': 23.59810531058409, 'gamma': 0.00021062562326101125}. Best is trial 406 with value: 38.90494892453006.
trail number 2563
