[I 2025-07-21 19:04:13,717] Trial 1683 finished with value: 39.68703208535685 and parameters: {'C': 819.1581852821158, 'epsilon': 23.53564773597075, 'gamma': 0.0022257857151333433}. Best is trial 406 with value: 38.90494892453006.
trail number 1684
[I 2025-07-21 19:04:13,730] Trial 1684 finished with value: 43.744680021117034 and parameters: {'C': 1076.590752068315, 'epsilon': 23.635781614171652, 'gamma': 0.05119455870647481}. Best is trial 406 with value: 38.90494892453006.
trail number 1686
[I 2025-07-21 19:04:13,738] Trial 1686 finished with value: 45.21006304331327 and parameters: {'C': 711.5417577013844, 'epsilon': 28.3029954943777, 'gamma': 0.09969582939801235}. Best is trial 406 with value: 38.90494892453006.
trail number 1685
[I 2025-07-21 19:04:13,744] Trial 1685 finished with value: 47.64334722544841 and parameters: {'C': 1446.3356520361776, 'epsilon': 29.77625884232048, 'gamma': 0.20667638673798078}. Best is trial 406 with value: 38.90494892453006.
trail number 1687
[I 2025-07-21 19:04:13,760] Trial 1687 finished with value: 39.22229650951634 and parameters: {'C': 747.9257993320225, 'epsilon': 28.437639425483297, 'gamma': 0.013135549662946382}. Best is trial 406 with value: 38.90494892453006.
trail number 1688
[I 2025-07-21 19:04:13,776] Trial 1688 finished with value: 40.222309791466756 and parameters: {'C': 732.4968456062402, 'epsilon': 26.011017976216603, 'gamma': 0.0013362838779490136}. Best is trial 406 with value: 38.90494892453006.
trail number 1689
[I 2025-07-21 19:04:13,793] Trial 1689 finished with value: 43.886862490856885 and parameters: {'C': 770.8428223008024, 'epsilon': 27.003031026497883, 'gamma': 0.058616420801762326}. Best is trial 406 with value: 38.90494892453006.
trail number 1690
[I 2025-07-21 19:04:13,807] Trial 1690 finished with value: 44.17348847882196 and parameters: {'C': 705.4323407310422, 'epsilon': 29.11757153124264, 'gamma': 0.06581481002194067}. Best is trial 406 with value: 38.90494892453006.
trail number 1691
[I 2025-07-21 19:04:13,815] Trial 1691 finished with value: 39.28169651175004 and parameters: {'C': 703.6601296319401, 'epsilon': 25.63882976970656, 'gamma': 0.018682514961034596}. Best is trial 406 with value: 38.90494892453006.
trail number 1692
[I 2025-07-21 19:04:13,821] Trial 1692 finished with value: 44.15468216330183 and parameters: {'C': 764.6089055377536, 'epsilon': 27.827900028286603, 'gamma': 0.06203678012320803}. Best is trial 406 with value: 38.90494892453006.
trail number 1693
[I 2025-07-21 19:04:13,835] Trial 1693 finished with value: 39.725916346292735 and parameters: {'C': 707.8146917703574, 'epsilon': 28.75525351647502, 'gamma': 0.02258814221117884}. Best is trial 406 with value: 38.90494892453006.
trail number 1697
[I 2025-07-21 19:04:13,856] Trial 1697 finished with value: 43.706012862660444 and parameters: {'C': 721.7331857039928, 'epsilon': 22.661269781629226, 'gamma': 0.0001812598694691664}. Best is trial 406 with value: 38.90494892453006.
trail number 1696
[I 2025-07-21 19:04:13,868] Trial 1696 finished with value: 44.72862515882897 and parameters: {'C': 751.2298261773406, 'epsilon': 29.942295622908627, 'gamma': 0.07424564388966706}. Best is trial 406 with value: 38.90494892453006.
trail number 1694
[I 2025-07-21 19:04:13,876] Trial 1694 finished with value: 39.01601048635976 and parameters: {'C': 703.0630649117371, 'epsilon': 26.63780867296351, 'gamma': 0.014139590976206979}. Best is trial 406 with value: 38.90494892453006.
trail number 1695
[I 2025-07-21 19:04:13,884] Trial 1695 finished with value: 49.089216517271986 and parameters: {'C': 781.6356650109547, 'epsilon': 8.042859519888319, 'gamma': 0.41908964144962724}. Best is trial 406 with value: 38.90494892453006.
trail number 1698
[I 2025-07-21 19:04:13,900] Trial 1698 finished with value: 42.677365433617226 and parameters: {'C': 786.3541048153422, 'epsilon': 26.403157267721998, 'gamma': 0.04772881073065011}. Best is trial 406 with value: 38.90494892453006.
trail number 1702
[I 2025-07-21 19:04:13,923] Trial 1702 finished with value: 40.07066356525881 and parameters: {'C': 804.2672820765033, 'epsilon': 25.116268579153086, 'gamma': 0.0015622609359852296}. Best is trial 406 with value: 38.90494892453006.
trail number 1699
[I 2025-07-21 19:04:13,929] Trial 1699 finished with value: 43.46895426735236 and parameters: {'C': 788.9127432425032, 'epsilon': 25.172942397662826, 'gamma': 0.05561104515119211}. Best is trial 406 with value: 38.90494892453006.
trail number 1700
[I 2025-07-21 19:04:13,939] Trial 1700 finished with value: 44.4135093556215 and parameters: {'C': 708.5301351704336, 'epsilon': 26.595513441719767, 'gamma': 0.0702666816655804}. Best is trial 406 with value: 38.90494892453006.
trail number 1701
[I 2025-07-21 19:04:13,946] Trial 1701 finished with value: 42.20858529662187 and parameters: {'C': 809.4484107477309, 'epsilon': 26.6522048280454, 'gamma': 0.04373028241940492}. Best is trial 406 with value: 38.90494892453006.
trail number 1704
[I 2025-07-21 19:04:13,970] Trial 1704 finished with value: 39.39593543411108 and parameters: {'C': 814.5795524895767, 'epsilon': 27.095341795059927, 'gamma': 0.0030175525537785193}. Best is trial 406 with value: 38.90494892453006.
trail number 1706
[I 2025-07-21 19:04:13,982] Trial 1706 finished with value: 39.118261031403186 and parameters: {'C': 703.1883149460446, 'epsilon': 24.442096155935996, 'gamma': 0.006324341030926292}. Best is trial 406 with value: 38.90494892453006.
trail number 1703
[I 2025-07-21 19:04:13,990] Trial 1703 finished with value: 46.80524917786185 and parameters: {'C': 784.7804764007037, 'epsilon': 26.76316984747984, 'gamma': 0.12881812585552693}. Best is trial 406 with value: 38.90494892453006.
trail number 1707
[I 2025-07-21 19:04:14,008] Trial 1707 finished with value: 39.730196905998866 and parameters: {'C': 702.8102727293644, 'epsilon': 23.573833363575275, 'gamma': 0.02501429649006759}. Best is trial 406 with value: 38.90494892453006.
trail number 1705
[I 2025-07-21 19:04:14,014] Trial 1705 finished with value: 44.00477329164217 and parameters: {'C': 710.0655495479882, 'epsilon': 22.760154386906724, 'gamma': 0.06825884156811735}. Best is trial 406 with value: 38.90494892453006.
trail number 1709
[I 2025-07-21 19:04:14,040] Trial 1709 finished with value: 45.4408608432487 and parameters: {'C': 756.5988898457791, 'epsilon': 22.449845892820598, 'gamma': 0.1063627051111653}. Best is trial 406 with value: 38.90494892453006.
trail number 1708
[I 2025-07-21 19:04:14,055] Trial 1708 finished with value: 45.21378223635792 and parameters: {'C': 719.4359705050327, 'epsilon': 22.926680845027004, 'gamma': 0.09539109140778697}. Best is trial 406 with value: 38.90494892453006.
trail number 1710
[I 2025-07-21 19:04:14,063] Trial 1710 finished with value: 45.24799930989062 and parameters: {'C': 705.7147089523564, 'epsilon': 25.71850426912814, 'gamma': 0.09595842716375146}. Best is trial 406 with value: 38.90494892453006.
trail number 1711
[I 2025-07-21 19:04:14,075] Trial 1711 finished with value: 45.09876444043647 and parameters: {'C': 894.3873976301425, 'epsilon': 26.53258204012885, 'gamma': 0.07042969446543225}. Best is trial 406 with value: 38.90494892453006.
trail number 1712
[I 2025-07-21 19:04:14,087] Trial 1712 finished with value: 45.315379322137446 and parameters: {'C': 885.5674658650162, 'epsilon': 29.833049572941523, 'gamma': 0.07742290120293815}. Best is trial 406 with value: 38.90494892453006.
trail number 1714
[I 2025-07-21 19:04:14,096] Trial 1714 finished with value: 41.08973076063425 and parameters: {'C': 774.5752570626018, 'epsilon': 27.145503168137896, 'gamma': 0.0006540293021940497}. Best is trial 406 with value: 38.90494892453006.
trail number 1715
[I 2025-07-21 19:04:14,114] Trial 1715 finished with value: 39.11011693938039 and parameters: {'C': 819.7575535034533, 'epsilon': 28.905225552440374, 'gamma': 0.008463836670435548}. Best is trial 406 with value: 38.90494892453006.
trail number 1713
[I 2025-07-21 19:04:14,121] Trial 1713 finished with value: 45.71568908911192 and parameters: {'C': 900.1231923383081, 'epsilon': 27.26598851452507, 'gamma': 0.09079812154583271}. Best is trial 406 with value: 38.90494892453006.
trail number 1716
[I 2025-07-21 19:04:14,134] Trial 1716 finished with value: 39.077005773547654 and parameters: {'C': 806.8053256122956, 'epsilon': 27.20373679120844, 'gamma': 0.009683432727623825}. Best is trial 406 with value: 38.90494892453006.
trail number 1717
[I 2025-07-21 19:04:14,142] Trial 1717 finished with value: 43.431370769088666 and parameters: {'C': 770.4126293561096, 'epsilon': 29.929765885399526, 'gamma': 0.05217793761929278}. Best is trial 406 with value: 38.90494892453006.
trail number 1719
[I 2025-07-21 19:04:14,160] Trial 1719 finished with value: 39.742718865653025 and parameters: {'C': 841.0592582710683, 'epsilon': 29.401740991970957, 'gamma': 0.0023190884268933683}. Best is trial 406 with value: 38.90494892453006.
trail number 1721
[I 2025-07-21 19:04:14,181] Trial 1721 finished with value: 43.67993953400545 and parameters: {'C': 700.6809721073223, 'epsilon': 25.265199678300146, 'gamma': 0.060754265377140675}. Best is trial 406 with value: 38.90494892453006.
trail number 1720
[I 2025-07-21 19:04:14,187] Trial 1720 finished with value: 43.93951467274011 and parameters: {'C': 725.1445108113838, 'epsilon': 25.02989968831039, 'gamma': 0.06266082404945428}. Best is trial 406 with value: 38.90494892453006.
trail number 1718
[I 2025-07-21 19:04:14,187] Trial 1718 finished with value: 44.35755085273246 and parameters: {'C': 712.1458389678189, 'epsilon': 25.944371587159917, 'gamma': 0.06968197206579571}. Best is trial 406 with value: 38.90494892453006.
trail number 1722
[I 2025-07-21 19:04:14,218] Trial 1722 finished with value: 43.67072056002807 and parameters: {'C': 797.813256504925, 'epsilon': 25.364434069746356, 'gamma': 0.05695740441898621}. Best is trial 406 with value: 38.90494892453006.
trail number 1724
[I 2025-07-21 19:04:14,229] Trial 1724 finished with value: 39.409741407078464 and parameters: {'C': 710.0620000893983, 'epsilon': 25.036914704532833, 'gamma': 0.004061818250644747}. Best is trial 406 with value: 38.90494892453006.
trail number 1725
[I 2025-07-21 19:04:14,240] Trial 1725 finished with value: 39.78194750056341 and parameters: {'C': 885.583618147874, 'epsilon': 27.338078066036935, 'gamma': 0.0020888325192630246}. Best is trial 406 with value: 38.90494892453006.
trail number 1723
[I 2025-07-21 19:04:14,253] Trial 1723 finished with value: 45.05885833772849 and parameters: {'C': 796.3163464857087, 'epsilon': 23.185478110758012, 'gamma': 0.0828164346497258}. Best is trial 406 with value: 38.90494892453006.
trail number 1726
[I 2025-07-21 19:04:14,268] Trial 1726 finished with value: 39.133510015667056 and parameters: {'C': 703.5936419744675, 'epsilon': 25.65424470023141, 'gamma': 0.006265578772044242}. Best is trial 406 with value: 38.90494892453006.
trail number 1728
[I 2025-07-21 19:04:14,279] Trial 1728 finished with value: 42.035372828539245 and parameters: {'C': 709.2663641556951, 'epsilon': 26.12055165970748, 'gamma': 0.000357815559463983}. Best is trial 406 with value: 38.90494892453006.
trail number 1729
[I 2025-07-21 19:04:14,288] Trial 1729 finished with value: 39.09478972049996 and parameters: {'C': 713.5340022577825, 'epsilon': 27.19177198496022, 'gamma': 0.005577938258547116}. Best is trial 406 with value: 38.90494892453006.
trail number 1727
[I 2025-07-21 19:04:14,295] Trial 1727 finished with value: 45.527818558033445 and parameters: {'C': 797.9678727065445, 'epsilon': 24.632497265128666, 'gamma': 0.09828262395009235}. Best is trial 406 with value: 38.90494892453006.
trail number 1731
[I 2025-07-21 19:04:14,320] Trial 1731 finished with value: 41.910116922857945 and parameters: {'C': 746.9981362858923, 'epsilon': 27.80491921876912, 'gamma': 0.00034428215970780905}. Best is trial 406 with value: 38.90494892453006.
trail number 1730
[I 2025-07-21 19:04:14,337] Trial 1730 finished with value: 45.68969979289045 and parameters: {'C': 987.9474490244004, 'epsilon': 27.205586479581648, 'gamma': 0.07598581926957326}. Best is trial 406 with value: 38.90494892453006.
trail number 1732
[I 2025-07-21 19:04:14,344] Trial 1732 finished with value: 43.881289824469405 and parameters: {'C': 814.3933711696457, 'epsilon': 24.46109401923347, 'gamma': 0.05911912728046291}. Best is trial 406 with value: 38.90494892453006.
trail number 1733
[I 2025-07-21 19:04:14,344] Trial 1733 finished with value: 43.2862100356871 and parameters: {'C': 876.3387291685098, 'epsilon': 26.2827166380191, 'gamma': 0.05014501841269382}. Best is trial 406 with value: 38.90494892453006.
trail number 1734
[I 2025-07-21 19:04:14,374] Trial 1734 finished with value: 42.34308250761721 and parameters: {'C': 700.3145289097946, 'epsilon': 29.988519519505, 'gamma': 0.045277793683259904}. Best is trial 406 with value: 38.90494892453006.
trail number 1736
[I 2025-07-21 19:04:14,385] Trial 1736 finished with value: 39.22816713226369 and parameters: {'C': 918.3086874540608, 'epsilon': 25.68248353878011, 'gamma': 0.004338528307697901}. Best is trial 406 with value: 38.90494892453006.
trail number 1737
[I 2025-07-21 19:04:14,402] Trial 1737 finished with value: 44.609648837002645 and parameters: {'C': 896.6784980947339, 'epsilon': 26.80019496791397, 'gamma': 0.0626752996631915}. Best is trial 406 with value: 38.90494892453006.
trail number 1735
[I 2025-07-21 19:04:14,409] Trial 1735 finished with value: 43.969233253238826 and parameters: {'C': 911.4081979342756, 'epsilon': 27.19587762804755, 'gamma': 0.054615535056943505}. Best is trial 406 with value: 38.90494892453006.
trail number 1739
[I 2025-07-21 19:04:14,429] Trial 1739 finished with value: 48.47896520560702 and parameters: {'C': 1446.2469214948512, 'epsilon': 8.875898159890225, 'gamma': 0.30458790910803996}. Best is trial 406 with value: 38.90494892453006.
trail number 1740
[I 2025-07-21 19:04:14,440] Trial 1740 finished with value: 39.87032514758216 and parameters: {'C': 797.800979132072, 'epsilon': 27.26914239743911, 'gamma': 0.0019234122243919245}. Best is trial 406 with value: 38.90494892453006.
trail number 1738
[I 2025-07-21 19:04:14,448] Trial 1738 finished with value: 43.84740624875924 and parameters: {'C': 953.8567989529859, 'epsilon': 27.402865031047796, 'gamma': 0.0522949428848955}. Best is trial 406 with value: 38.90494892453006.
trail number 1741
[I 2025-07-21 19:04:14,456] Trial 1741 finished with value: 39.497873785552244 and parameters: {'C': 707.6548305616878, 'epsilon': 27.833077261608594, 'gamma': 0.002994277380164752}. Best is trial 406 with value: 38.90494892453006.
trail number 1742
[I 2025-07-21 19:04:14,472] Trial 1742 finished with value: 47.506083800564326 and parameters: {'C': 778.7288073510122, 'epsilon': 27.00060267163984, 'gamma': 0.14040714497730872}. Best is trial 406 with value: 38.90494892453006.
trail number 1746
[I 2025-07-21 19:04:14,498] Trial 1746 finished with value: 39.180767735781515 and parameters: {'C': 866.6021519255138, 'epsilon': 24.512251989485527, 'gamma': 0.0071402326718785596}. Best is trial 406 with value: 38.90494892453006.
trail number 1743
[I 2025-07-21 19:04:14,504] Trial 1743 finished with value: 44.20709683565299 and parameters: {'C': 700.346588331962, 'epsilon': 26.005958190770787, 'gamma': 0.0673039528088813}. Best is trial 406 with value: 38.90494892453006.
trail number 1745
[I 2025-07-21 19:04:14,512] Trial 1745 finished with value: 44.20077022643934 and parameters: {'C': 701.845138342126, 'epsilon': 25.67505729056127, 'gamma': 0.06755558200716871}. Best is trial 406 with value: 38.90494892453006.
trail number 1744
[I 2025-07-21 19:04:14,512] Trial 1744 finished with value: 47.88990315177611 and parameters: {'C': 730.0112801154672, 'epsilon': 29.376455269377587, 'gamma': 0.1667796387433158}. Best is trial 406 with value: 38.90494892453006.
trail number 1747
[I 2025-07-21 19:04:14,546] Trial 1747 finished with value: 40.253316493590106 and parameters: {'C': 838.6471127623727, 'epsilon': 25.19007218297873, 'gamma': 0.001057613566205099}. Best is trial 406 with value: 38.90494892453006.
trail number 1748
[I 2025-07-21 19:04:14,555] Trial 1748 finished with value: 39.27097692547323 and parameters: {'C': 842.1462666391224, 'epsilon': 23.37517063178174, 'gamma': 0.004428882432093282}. Best is trial 406 with value: 38.90494892453006.
trail number 1750
[I 2025-07-21 19:04:14,567] Trial 1750 finished with value: 44.215801299201146 and parameters: {'C': 809.1185053258378, 'epsilon': 28.195796329822475, 'gamma': 0.06086104251585697}. Best is trial 406 with value: 38.90494892453006.
trail number 1749
[I 2025-07-21 19:04:14,574] Trial 1749 finished with value: 42.21609190538847 and parameters: {'C': 791.4726150083479, 'epsilon': 21.96847659536162, 'gamma': 0.047658087280267034}. Best is trial 406 with value: 38.90494892453006.
trail number 1751
[I 2025-07-21 19:04:14,589] Trial 1751 finished with value: 49.089560623505825 and parameters: {'C': 1126.6618633868618, 'epsilon': 24.303278282401095, 'gamma': 0.35938662345207845}. Best is trial 406 with value: 38.90494892453006.
trail number 1752
[I 2025-07-21 19:04:14,589] Trial 1752 finished with value: 40.34129108688526 and parameters: {'C': 815.8617286371318, 'epsilon': 24.309390338552518, 'gamma': 0.0010894394168132135}. Best is trial 406 with value: 38.90494892453006.
trail number 1753
[I 2025-07-21 19:04:14,611] Trial 1753 finished with value: 40.74963490818925 and parameters: {'C': 761.825001830521, 'epsilon': 29.59510892725766, 'gamma': 0.0010741384285961565}. Best is trial 406 with value: 38.90494892453006.
trail number 1756
[I 2025-07-21 19:04:14,631] Trial 1756 finished with value: 41.248189455922514 and parameters: {'C': 869.4629554612017, 'epsilon': 26.402858401735934, 'gamma': 0.0005012367207942441}. Best is trial 406 with value: 38.90494892453006.
trail number 1754
[I 2025-07-21 19:04:14,639] Trial 1754 finished with value: 44.0944199692431 and parameters: {'C': 841.2149692668452, 'epsilon': 29.603783519353026, 'gamma': 0.05744009518793752}. Best is trial 406 with value: 38.90494892453006.
trail number 1755
[I 2025-07-21 19:04:14,646] Trial 1755 finished with value: 45.806712014901244 and parameters: {'C': 1035.9564900763573, 'epsilon': 28.87028780294614, 'gamma': 0.07869056085638496}. Best is trial 406 with value: 38.90494892453006.
trail number 1757
[I 2025-07-21 19:04:14,658] Trial 1757 finished with value: 43.15887235485188 and parameters: {'C': 796.5333934439193, 'epsilon': 23.20366509201447, 'gamma': 0.05431580121594645}. Best is trial 406 with value: 38.90494892453006.
trail number 1761
[I 2025-07-21 19:04:14,685] Trial 1761 finished with value: 39.120860903799716 and parameters: {'C': 701.5355658536171, 'epsilon': 24.27271963547334, 'gamma': 0.005642116287288904}. Best is trial 406 with value: 38.90494892453006.
trail number 1758
[I 2025-07-21 19:04:14,692] Trial 1758 finished with value: 39.08310449118116 and parameters: {'C': 834.0636893326097, 'epsilon': 29.99989947337533, 'gamma': 0.007174276675535105}. Best is trial 406 with value: 38.90494892453006.
trail number 1760
[I 2025-07-21 19:04:14,699] Trial 1760 finished with value: 42.9755115403655 and parameters: {'C': 833.3467319436328, 'epsilon': 24.93982779349408, 'gamma': 0.05036121639101752}. Best is trial 406 with value: 38.90494892453006.
trail number 1759
[I 2025-07-21 19:04:14,712] Trial 1759 finished with value: 43.45649067938369 and parameters: {'C': 980.5652601455325, 'epsilon': 26.571147695460425, 'gamma': 0.048457631157970575}. Best is trial 406 with value: 38.90494892453006.
trail number 1762
[I 2025-07-21 19:04:14,737] Trial 1762 finished with value: 42.01381331779693 and parameters: {'C': 703.4365001618783, 'epsilon': 28.202053686495695, 'gamma': 0.044269309642877064}. Best is trial 406 with value: 38.90494892453006.
trail number 1763
[I 2025-07-21 19:04:14,744] Trial 1763 finished with value: 39.70764913500702 and parameters: {'C': 964.1735913301222, 'epsilon': 24.181374869345554, 'gamma': 0.001794749294383259}. Best is trial 406 with value: 38.90494892453006.
trail number 1765
[I 2025-07-21 19:04:14,752] Trial 1765 finished with value: 41.00396240753972 and parameters: {'C': 826.9622530307587, 'epsilon': 26.802689538039804, 'gamma': 0.0006527459599407785}. Best is trial 406 with value: 38.90494892453006.
trail number 1764
[I 2025-07-21 19:04:14,758] Trial 1764 finished with value: 46.52091491443967 and parameters: {'C': 847.8107207796827, 'epsilon': 25.721864987297618, 'gamma': 0.11982188986120225}. Best is trial 406 with value: 38.90494892453006.
trail number 1769
[I 2025-07-21 19:04:14,787] Trial 1769 finished with value: 39.69527384936413 and parameters: {'C': 892.9569694494705, 'epsilon': 29.019420125045038, 'gamma': 0.0022569673513480604}. Best is trial 406 with value: 38.90494892453006.
trail number 1768
[I 2025-07-21 19:04:14,795] Trial 1768 finished with value: 40.5910584392059 and parameters: {'C': 834.6001143443485, 'epsilon': 29.82950597552976, 'gamma': 0.0011792743701055223}. Best is trial 406 with value: 38.90494892453006.
trail number 1766
[I 2025-07-21 19:04:14,810] Trial 1766 finished with value: 44.74561084724675 and parameters: {'C': 1020.309760956992, 'epsilon': 27.378010978552965, 'gamma': 0.05910162456216153}. Best is trial 406 with value: 38.90494892453006.
trail number 1770
[I 2025-07-21 19:04:14,825] Trial 1770 finished with value: 41.42868761527794 and parameters: {'C': 700.6195933409133, 'epsilon': 24.052223848811987, 'gamma': 0.00042100709225137596}. Best is trial 406 with value: 38.90494892453006.
trail number 1767
[I 2025-07-21 19:04:14,831] Trial 1767 finished with value: 48.18004302353712 and parameters: {'C': 972.9327011862717, 'epsilon': 26.50557805608943, 'gamma': 0.14247390444179298}. Best is trial 406 with value: 38.90494892453006.
trail number 1772
