[I 2025-07-21 19:03:59,231] Trial 446 finished with value: 40.173894720724526 and parameters: {'C': 714.9621418721442, 'epsilon': 27.95269426859166, 'gamma': 0.028991153085686894}. Best is trial 406 with value: 38.90494892453006.
trail number 445
[I 2025-07-21 19:03:59,236] Trial 445 finished with value: 43.928513179390386 and parameters: {'C': 737.8044139693015, 'epsilon': 29.43977398337478, 'gamma': 0.05964400649810549}. Best is trial 406 with value: 38.90494892453006.
trail number 447
[I 2025-07-21 19:03:59,256] Trial 447 finished with value: 44.51126832179251 and parameters: {'C': 734.3655908369744, 'epsilon': 25.962236672688565, 'gamma': 0.07097642891877029}. Best is trial 406 with value: 38.90494892453006.
trail number 449
[I 2025-07-21 19:03:59,261] Trial 449 finished with value: 39.25940978505334 and parameters: {'C': 720.0680575810451, 'epsilon': 26.275532207718314, 'gamma': 0.004282089954883822}. Best is trial 406 with value: 38.90494892453006.
trail number 448
[I 2025-07-21 19:03:59,263] Trial 448 finished with value: 44.575177815901455 and parameters: {'C': 723.6217209891253, 'epsilon': 28.70699427232752, 'gamma': 0.07068425683936354}. Best is trial 406 with value: 38.90494892453006.
trail number 450
[I 2025-07-21 19:03:59,284] Trial 450 finished with value: 44.18741850575251 and parameters: {'C': 700.2832127039255, 'epsilon': 24.78033551187568, 'gamma': 0.06864998532539364}. Best is trial 406 with value: 38.90494892453006.
trail number 451
[I 2025-07-21 19:03:59,302] Trial 451 finished with value: 39.298059576526576 and parameters: {'C': 868.7896043287335, 'epsilon': 29.74513715174511, 'gamma': 0.013267238829318857}. Best is trial 406 with value: 38.90494892453006.
trail number 453
[I 2025-07-21 19:03:59,307] Trial 453 finished with value: 45.07826292963159 and parameters: {'C': 808.2579470287816, 'epsilon': 24.71800177497063, 'gamma': 0.07817894678657937}. Best is trial 406 with value: 38.90494892453006.
trail number 452
[I 2025-07-21 19:03:59,311] Trial 452 finished with value: 45.392116424032096 and parameters: {'C': 832.6759786693476, 'epsilon': 24.819426371752385, 'gamma': 0.08308383637042954}. Best is trial 406 with value: 38.90494892453006.
trail number 454
[I 2025-07-21 19:03:59,318] Trial 454 finished with value: 43.60312911852382 and parameters: {'C': 934.6315811598029, 'epsilon': 26.260772912285674, 'gamma': 0.00015041551558763258}. Best is trial 406 with value: 38.90494892453006.
trail number 457
[I 2025-07-21 19:03:59,338] Trial 457 finished with value: 39.0354942619569 and parameters: {'C': 757.6546045816876, 'epsilon': 29.553623395303028, 'gamma': 0.0073128357750967135}. Best is trial 406 with value: 38.90494892453006.
trail number 458
[I 2025-07-21 19:03:59,353] Trial 458 finished with value: 52.54065397508257 and parameters: {'C': 1317.539482340898, 'epsilon': 27.453639197061847, 'gamma': 0.4989136471766188}. Best is trial 406 with value: 38.90494892453006.
trail number 456
[I 2025-07-21 19:03:59,359] Trial 456 finished with value: 45.62223768328736 and parameters: {'C': 821.7848601288324, 'epsilon': 21.695329466143324, 'gamma': 0.10597982520666582}. Best is trial 406 with value: 38.90494892453006.
trail number 455
[I 2025-07-21 19:03:59,359] Trial 455 finished with value: 47.444127147207816 and parameters: {'C': 895.5546633462269, 'epsilon': 24.876432122325618, 'gamma': 0.21609905078025546}. Best is trial 406 with value: 38.90494892453006.
trail number 459
[I 2025-07-21 19:03:59,376] Trial 459 finished with value: 48.22821644558196 and parameters: {'C': 812.2494962561748, 'epsilon': 14.720815888674426, 'gamma': 0.328571065959637}. Best is trial 406 with value: 38.90494892453006.
trail number 462
[I 2025-07-21 19:03:59,390] Trial 462 finished with value: 39.00051343799028 and parameters: {'C': 759.4292624492663, 'epsilon': 28.966269969498825, 'gamma': 0.006633533995975675}. Best is trial 406 with value: 38.90494892453006.
trail number 461
[I 2025-07-21 19:03:59,394] Trial 461 finished with value: 39.2629740082475 and parameters: {'C': 798.061453067989, 'epsilon': 28.949455162476678, 'gamma': 0.014083251075508743}. Best is trial 406 with value: 38.90494892453006.
trail number 460
[I 2025-07-21 19:03:59,394] Trial 460 finished with value: 39.582747085593596 and parameters: {'C': 812.0982059857286, 'epsilon': 29.15930176740336, 'gamma': 0.01944883907256166}. Best is trial 406 with value: 38.90494892453006.
trail number 463
[I 2025-07-21 19:03:59,407] Trial 463 finished with value: 39.21286515682486 and parameters: {'C': 957.7679287814296, 'epsilon': 28.82596465434771, 'gamma': 0.008502316287622488}. Best is trial 406 with value: 38.90494892453006.
trail number 466
[I 2025-07-21 19:03:59,427] Trial 466 finished with value: 39.30605622339495 and parameters: {'C': 977.737073200875, 'epsilon': 29.98848583475448, 'gamma': 0.008509883319153644}. Best is trial 406 with value: 38.90494892453006.
trail number 467
[I 2025-07-21 19:03:59,432] Trial 467 finished with value: 39.266850264567545 and parameters: {'C': 799.8671977274181, 'epsilon': 27.9936936633803, 'gamma': 0.004010347865435174}. Best is trial 406 with value: 38.90494892453006.
trail number 465
trail number 464
[I 2025-07-21 19:03:59,432] Trial 465 finished with value: 40.133871799046815 and parameters: {'C': 716.4865833067687, 'epsilon': 28.958976164269593, 'gamma': 0.02721462849627874}. Best is trial 406 with value: 38.90494892453006.
[I 2025-07-21 19:03:59,432] Trial 464 finished with value: 42.971051565010306 and parameters: {'C': 709.125102970653, 'epsilon': 29.271235955802236, 'gamma': 0.05046627295300922}. Best is trial 406 with value: 38.90494892453006.
trail number 469
[I 2025-07-21 19:03:59,463] Trial 469 finished with value: 39.16003516828762 and parameters: {'C': 810.0839100737883, 'epsilon': 26.556838550295222, 'gamma': 0.004644049299131151}. Best is trial 406 with value: 38.90494892453006.
trail number 468
[I 2025-07-21 19:03:59,471] Trial 468 finished with value: 40.622679317749984 and parameters: {'C': 704.964644890194, 'epsilon': 28.947223950797223, 'gamma': 0.03379554606778059}. Best is trial 406 with value: 38.90494892453006.
trail number 470
[I 2025-07-21 19:03:59,481] Trial 470 finished with value: 43.26163516278958 and parameters: {'C': 910.4159614927153, 'epsilon': 25.106693453256945, 'gamma': 0.05008289527667448}. Best is trial 406 with value: 38.90494892453006.
trail number 471
[I 2025-07-21 19:03:59,486] Trial 471 finished with value: 45.19161151825105 and parameters: {'C': 889.28548664223, 'epsilon': 28.16752127735298, 'gamma': 0.0731484570115348}. Best is trial 406 with value: 38.90494892453006.
trail number 472
[I 2025-07-21 19:03:59,494] Trial 472 finished with value: 39.11086913775471 and parameters: {'C': 723.4228397403383, 'epsilon': 29.81103024962842, 'gamma': 0.008863659927167594}. Best is trial 406 with value: 38.90494892453006.
trail number 473
[I 2025-07-21 19:03:59,513] Trial 473 finished with value: 45.027308268553114 and parameters: {'C': 863.5544277663541, 'epsilon': 25.054191186855302, 'gamma': 0.0727475347254681}. Best is trial 406 with value: 38.90494892453006.
trail number 476
[I 2025-07-21 19:03:59,518] Trial 476 finished with value: 39.59585270387287 and parameters: {'C': 782.93431646611, 'epsilon': 29.565131558049373, 'gamma': 0.0029096178830737658}. Best is trial 406 with value: 38.90494892453006.
trail number 474
[I 2025-07-21 19:03:59,524] Trial 474 finished with value: 45.28776638711312 and parameters: {'C': 836.576609634125, 'epsilon': 27.079403183779437, 'gamma': 0.07895454953379767}. Best is trial 406 with value: 38.90494892453006.
trail number 475
[I 2025-07-21 19:03:59,528] Trial 475 finished with value: 44.909050129141384 and parameters: {'C': 889.162885433387, 'epsilon': 25.747934965049392, 'gamma': 0.0684113822918494}. Best is trial 406 with value: 38.90494892453006.
trail number 477
[I 2025-07-21 19:03:59,544] Trial 477 finished with value: 44.74381717218279 and parameters: {'C': 782.4271816876669, 'epsilon': 27.168557169311324, 'gamma': 0.00014424998247487483}. Best is trial 406 with value: 38.90494892453006.
trail number 480
[I 2025-07-21 19:03:59,556] Trial 480 finished with value: 39.21492923743896 and parameters: {'C': 924.5938586207978, 'epsilon': 23.760846100242777, 'gamma': 0.005881987847817718}. Best is trial 406 with value: 38.90494892453006.
trail number 478
[I 2025-07-21 19:03:59,560] Trial 478 finished with value: 39.18929231453226 and parameters: {'C': 846.2411068535471, 'epsilon': 25.261236344901818, 'gamma': 0.011054837253647112}. Best is trial 406 with value: 38.90494892453006.
trail number 479
[I 2025-07-21 19:03:59,561] Trial 479 finished with value: 39.03417489474042 and parameters: {'C': 824.5407915287977, 'epsilon': 29.29796078248607, 'gamma': 0.005871141201415342}. Best is trial 406 with value: 38.90494892453006.
trail number 481
[I 2025-07-21 19:03:59,576] Trial 481 finished with value: 39.09537905409526 and parameters: {'C': 915.1108652477985, 'epsilon': 25.523140730232207, 'gamma': 0.006724452792487008}. Best is trial 406 with value: 38.90494892453006.
trail number 482
[I 2025-07-21 19:03:59,593] Trial 482 finished with value: 39.31302311049269 and parameters: {'C': 888.6241702722377, 'epsilon': 29.824359610390236, 'gamma': 0.013535413523814925}. Best is trial 406 with value: 38.90494892453006.
trail number 484
[I 2025-07-21 19:03:59,604] Trial 484 finished with value: 44.23400425274095 and parameters: {'C': 1014.4561793319307, 'epsilon': 25.862274896223845, 'gamma': 0.05510598777801718}. Best is trial 406 with value: 38.90494892453006.
trail number 483
[I 2025-07-21 19:03:59,608] Trial 483 finished with value: 45.832003072380616 and parameters: {'C': 1031.0618778906323, 'epsilon': 26.602694864687468, 'gamma': 0.07558309115018857}. Best is trial 406 with value: 38.90494892453006.
trail number 485
[I 2025-07-21 19:03:59,618] Trial 485 finished with value: 45.645503218885345 and parameters: {'C': 970.4132859724903, 'epsilon': 26.94593603086815, 'gamma': 0.07632189802439551}. Best is trial 406 with value: 38.90494892453006.
trail number 486
[I 2025-07-21 19:03:59,627] Trial 486 finished with value: 47.75174567410535 and parameters: {'C': 1407.1420647872483, 'epsilon': 28.744830080991463, 'gamma': 0.25737599639714526}. Best is trial 406 with value: 38.90494892453006.
trail number 488
[I 2025-07-21 19:03:59,639] Trial 488 finished with value: 39.71259354910378 and parameters: {'C': 864.5165116417554, 'epsilon': 29.470359596845654, 'gamma': 0.0024489653624369806}. Best is trial 406 with value: 38.90494892453006.
trail number 487
[I 2025-07-21 19:03:59,644] Trial 487 finished with value: 39.04549408102732 and parameters: {'C': 882.0512235422731, 'epsilon': 28.75014003796241, 'gamma': 0.007213558262272263}. Best is trial 406 with value: 38.90494892453006.
trail number 489
[I 2025-07-21 19:03:59,651] Trial 489 finished with value: 42.00541041442187 and parameters: {'C': 726.851812368394, 'epsilon': 28.349707176281825, 'gamma': 0.00032809589615225617}. Best is trial 406 with value: 38.90494892453006.
trail number 490
[I 2025-07-21 19:03:59,659] Trial 490 finished with value: 39.58126253939435 and parameters: {'C': 735.7318013858776, 'epsilon': 27.77226142456319, 'gamma': 0.002712884052383491}. Best is trial 406 with value: 38.90494892453006.
trail number 492
[I 2025-07-21 19:03:59,678] Trial 492 finished with value: 39.07479299541624 and parameters: {'C': 859.207618968682, 'epsilon': 22.447813020311177, 'gamma': 0.015430764685794261}. Best is trial 406 with value: 38.90494892453006.
trail number 494
[I 2025-07-21 19:03:59,694] Trial 494 finished with value: 44.24175786244492 and parameters: {'C': 799.8791505461854, 'epsilon': 22.087460774466816, 'gamma': 0.06840314829166771}. Best is trial 406 with value: 38.90494892453006.
trail number 491
[I 2025-07-21 19:03:59,702] Trial 491 finished with value: 44.51639055641749 and parameters: {'C': 803.1668772630327, 'epsilon': 20.95644978363796, 'gamma': 0.07471898294459357}. Best is trial 406 with value: 38.90494892453006.
trail number 493
[I 2025-07-21 19:03:59,709] Trial 493 finished with value: 43.664800830175054 and parameters: {'C': 901.8620416550064, 'epsilon': 21.65588455620475, 'gamma': 0.05687354832588322}. Best is trial 406 with value: 38.90494892453006.
trail number 495
[I 2025-07-21 19:03:59,720] Trial 495 finished with value: 42.72790258177416 and parameters: {'C': 831.1664527483139, 'epsilon': 22.55424184975973, 'gamma': 0.050565419632392174}. Best is trial 406 with value: 38.90494892453006.
trail number 496
[I 2025-07-21 19:03:59,728] Trial 496 finished with value: 39.10682256879004 and parameters: {'C': 998.9910883997023, 'epsilon': 26.184331177208108, 'gamma': 0.006867901384402953}. Best is trial 406 with value: 38.90494892453006.
trail number 499
[I 2025-07-21 19:03:59,744] Trial 499 finished with value: 39.95024851456482 and parameters: {'C': 965.7804367269619, 'epsilon': 26.807949609991248, 'gamma': 0.0016840383848227324}. Best is trial 406 with value: 38.90494892453006.
trail number 498
[I 2025-07-21 19:03:59,749] Trial 498 finished with value: 38.91527155611247 and parameters: {'C': 994.493191095162, 'epsilon': 25.449800607172183, 'gamma': 0.012368157418970772}. Best is trial 406 with value: 38.90494892453006.
trail number 497
[I 2025-07-21 19:03:59,757] Trial 497 finished with value: 40.98660839782599 and parameters: {'C': 926.1783122432353, 'epsilon': 25.729488903770896, 'gamma': 0.03271166901704718}. Best is trial 406 with value: 38.90494892453006.
trail number 500
[I 2025-07-21 19:03:59,767] Trial 500 finished with value: 44.08732348178429 and parameters: {'C': 926.9812160909588, 'epsilon': 24.793918052780466, 'gamma': 0.05736456180638684}. Best is trial 406 with value: 38.90494892453006.
trail number 503
[I 2025-07-21 19:03:59,784] Trial 503 finished with value: 42.239087336123504 and parameters: {'C': 901.9061077421477, 'epsilon': 21.697791639565548, 'gamma': 0.00022714814838555378}. Best is trial 406 with value: 38.90494892453006.
trail number 502
[I 2025-07-21 19:03:59,795] Trial 502 finished with value: 39.10711483084918 and parameters: {'C': 861.8378319953332, 'epsilon': 25.314445428027064, 'gamma': 0.0075886359042442505}. Best is trial 406 with value: 38.90494892453006.
trail number 501
[I 2025-07-21 19:03:59,800] Trial 501 finished with value: 44.98513395198123 and parameters: {'C': 985.316454599413, 'epsilon': 25.210651281266077, 'gamma': 0.0654041148096376}. Best is trial 406 with value: 38.90494892453006.
trail number 504
[I 2025-07-21 19:03:59,810] Trial 504 finished with value: 43.511528229713996 and parameters: {'C': 1043.9291018439585, 'epsilon': 24.543658341170765, 'gamma': 0.0491038373970403}. Best is trial 406 with value: 38.90494892453006.
trail number 505
[I 2025-07-21 19:03:59,819] Trial 505 finished with value: 40.24494047111788 and parameters: {'C': 825.8785135221974, 'epsilon': 25.168403330605106, 'gamma': 0.0010765492199013883}. Best is trial 406 with value: 38.90494892453006.
trail number 507
[I 2025-07-21 19:03:59,839] Trial 507 finished with value: 45.502195341682764 and parameters: {'C': 875.2548914366748, 'epsilon': 28.680489715575828, 'gamma': 0.088335198265222}. Best is trial 406 with value: 38.90494892453006.
trail number 508
[I 2025-07-21 19:03:59,844] Trial 508 finished with value: 48.59365018364969 and parameters: {'C': 1015.9820786672468, 'epsilon': 9.438734825255741, 'gamma': 0.3704970360614918}. Best is trial 406 with value: 38.90494892453006.
trail number 506
[I 2025-07-21 19:03:59,854] Trial 506 finished with value: 45.495548222053465 and parameters: {'C': 800.3704197528041, 'epsilon': 27.618997039570917, 'gamma': 0.09623307118312942}. Best is trial 406 with value: 38.90494892453006.
trail number 509
[I 2025-07-21 19:03:59,868] Trial 509 finished with value: 47.61216223851169 and parameters: {'C': 827.6461656432026, 'epsilon': 29.629252825461144, 'gamma': 0.1322461524190938}. Best is trial 406 with value: 38.90494892453006.
trail number 511
[I 2025-07-21 19:03:59,878] Trial 511 finished with value: 39.25875471434108 and parameters: {'C': 706.9950861831701, 'epsilon': 28.548254601523105, 'gamma': 0.01551375636643551}. Best is trial 406 with value: 38.90494892453006.
trail number 510
[I 2025-07-21 19:03:59,889] Trial 510 finished with value: 45.6947559474139 and parameters: {'C': 814.6443973400203, 'epsilon': 27.195039117916114, 'gamma': 0.10172100417692001}. Best is trial 406 with value: 38.90494892453006.
trail number 512
[I 2025-07-21 19:03:59,894] Trial 512 finished with value: 39.27425682049049 and parameters: {'C': 744.1638123354749, 'epsilon': 20.39443835540503, 'gamma': 0.004845829939388362}. Best is trial 406 with value: 38.90494892453006.
trail number 514
[I 2025-07-21 19:03:59,908] Trial 514 finished with value: 51.8794051377994 and parameters: {'C': 1030.7615837808694, 'epsilon': 26.96079249239141, 'gamma': 0.4681329963276415}. Best is trial 406 with value: 38.90494892453006.
trail number 513
[I 2025-07-21 19:03:59,915] Trial 513 finished with value: 44.03674422977204 and parameters: {'C': 704.5231013761626, 'epsilon': 25.42904876389803, 'gamma': 0.06483868193731965}. Best is trial 406 with value: 38.90494892453006.
trail number 515
[I 2025-07-21 19:03:59,928] Trial 515 finished with value: 40.170089283737234 and parameters: {'C': 707.2140967257361, 'epsilon': 29.980941192681236, 'gamma': 0.027215225244351247}. Best is trial 406 with value: 38.90494892453006.
trail number 517
[I 2025-07-21 19:03:59,944] Trial 517 finished with value: 48.05887733303722 and parameters: {'C': 934.5408059729668, 'epsilon': 22.321668119845278, 'gamma': 0.158530147686007}. Best is trial 406 with value: 38.90494892453006.
trail number 518
[I 2025-07-21 19:03:59,949] Trial 518 finished with value: 39.177979003991496 and parameters: {'C': 1015.6610638188529, 'epsilon': 24.49065965786431, 'gamma': 0.00557038013109729}. Best is trial 406 with value: 38.90494892453006.
trail number 519
[I 2025-07-21 19:03:59,958] Trial 519 finished with value: 39.45893819250405 and parameters: {'C': 714.5191445706471, 'epsilon': 27.508090517578378, 'gamma': 0.003143948965818424}. Best is trial 406 with value: 38.90494892453006.
trail number 516
[I 2025-07-21 19:03:59,962] Trial 516 finished with value: 47.23114254526273 and parameters: {'C': 921.1825104574549, 'epsilon': 23.453169757710448, 'gamma': 0.130055048742422}. Best is trial 406 with value: 38.90494892453006.
trail number 520
[I 2025-07-21 19:03:59,989] Trial 520 finished with value: 39.13124019577338 and parameters: {'C': 938.0975821618775, 'epsilon': 27.17946225641126, 'gamma': 0.007250260817653056}. Best is trial 406 with value: 38.90494892453006.
trail number 521
[I 2025-07-21 19:03:59,994] Trial 521 finished with value: 39.36880802936745 and parameters: {'C': 866.8160940028831, 'epsilon': 28.638022510882664, 'gamma': 0.0034396144507820373}. Best is trial 406 with value: 38.90494892453006.
trail number 523
[I 2025-07-21 19:04:00,000] Trial 523 finished with value: 39.03444384955832 and parameters: {'C': 853.2193224325359, 'epsilon': 27.651885955947655, 'gamma': 0.005705377047569754}. Best is trial 406 with value: 38.90494892453006.
trail number 522
[I 2025-07-21 19:04:00,022] Trial 522 finished with value: 45.56740886964648 and parameters: {'C': 833.2642816449774, 'epsilon': 25.62023012422424, 'gamma': 0.09309435813706103}. Best is trial 406 with value: 38.90494892453006.
trail number 525
[I 2025-07-21 19:04:00,034] Trial 525 finished with value: 39.142633158615 and parameters: {'C': 1010.5349429965233, 'epsilon': 25.250411976346058, 'gamma': 0.004474503225918488}. Best is trial 406 with value: 38.90494892453006.
trail number 526
[I 2025-07-21 19:04:00,040] Trial 526 finished with value: 39.1523266781178 and parameters: {'C': 985.2219894003648, 'epsilon': 23.96066391390912, 'gamma': 0.004914981640592234}. Best is trial 406 with value: 38.90494892453006.
trail number 524
[I 2025-07-21 19:04:00,044] Trial 524 finished with value: 42.63574368747322 and parameters: {'C': 827.3996764479054, 'epsilon': 25.35580907672521, 'gamma': 0.04714679991621134}. Best is trial 406 with value: 38.90494892453006.
trail number 527
[I 2025-07-21 19:04:00,060] Trial 527 finished with value: 49.844076800398724 and parameters: {'C': 1100.9483735025276, 'epsilon': 12.701411078151185, 'gamma': 0.46490718424599775}. Best is trial 406 with value: 38.90494892453006.
trail number 528
[I 2025-07-21 19:04:00,079] Trial 528 finished with value: 43.43293150169793 and parameters: {'C': 942.4812591567745, 'epsilon': 26.7039588785222, 'gamma': 0.04921074373489129}. Best is trial 406 with value: 38.90494892453006.
trail number 531
[I 2025-07-21 19:04:00,084] Trial 531 finished with value: 39.293001551320735 and parameters: {'C': 856.3868529792016, 'epsilon': 25.5146965852462, 'gamma': 0.004048085219315475}. Best is trial 406 with value: 38.90494892453006.
trail number 529
[I 2025-07-21 19:04:00,099] Trial 529 finished with value: 42.97318011336485 and parameters: {'C': 897.7908887842464, 'epsilon': 26.87489191265601, 'gamma': 0.046445444237108474}. Best is trial 406 with value: 38.90494892453006.
trail number 530
[I 2025-07-21 19:04:00,104] Trial 530 finished with value: 45.96223663202264 and parameters: {'C': 1000.568663361816, 'epsilon': 28.9792641884491, 'gamma': 0.08961969020187466}. Best is trial 406 with value: 38.90494892453006.
trail number 532
[I 2025-07-21 19:04:00,115] Trial 532 finished with value: 39.16571201074127 and parameters: {'C': 846.7039469126112, 'epsilon': 27.476142898488888, 'gamma': 0.013113241452855483}. Best is trial 406 with value: 38.90494892453006.
trail number 533
[I 2025-07-21 19:04:00,119] Trial 533 finished with value: 39.34231515078557 and parameters: {'C': 912.6548524727959, 'epsilon': 29.53938118735699, 'gamma': 0.010287691258851164}. Best is trial 406 with value: 38.90494892453006.
trail number 535
