[I 2025-07-21 19:04:22,152] Trial 2298 finished with value: 42.478387070241546 and parameters: {'C': 1040.7583228769108, 'epsilon': 23.03891415664241, 'gamma': 0.04302838398494155}. Best is trial 406 with value: 38.90494892453006.
trail number 2299
[I 2025-07-21 19:04:22,186] Trial 2299 finished with value: 44.79435633829545 and parameters: {'C': 1031.1416945590038, 'epsilon': 24.438543569035698, 'gamma': 0.06184569077564586}. Best is trial 406 with value: 38.90494892453006.
trail number 2303
[I 2025-07-21 19:04:22,206] Trial 2303 finished with value: 44.044045914249104 and parameters: {'C': 703.9006596748726, 'epsilon': 27.032806252956227, 'gamma': 0.06355599936076303}. Best is trial 406 with value: 38.90494892453006.
trail number 2301
[I 2025-07-21 19:04:22,206] Trial 2301 finished with value: 39.21324491070061 and parameters: {'C': 797.35064451959, 'epsilon': 21.594746894674145, 'gamma': 0.00621389859617856}. Best is trial 406 with value: 38.90494892453006.
trail number 2302
[I 2025-07-21 19:04:22,222] Trial 2302 finished with value: 44.40377718779227 and parameters: {'C': 927.2855349104977, 'epsilon': 26.926195205279313, 'gamma': 0.05853771057404002}. Best is trial 406 with value: 38.90494892453006.
trail number 2305
[I 2025-07-21 19:04:22,248] Trial 2305 finished with value: 41.19656679799977 and parameters: {'C': 1017.2333211354951, 'epsilon': 23.511179787666016, 'gamma': 0.00037322822199459434}. Best is trial 406 with value: 38.90494892453006.
trail number 2304
[I 2025-07-21 19:04:22,257] Trial 2304 finished with value: 45.76994145479286 and parameters: {'C': 982.1072489355255, 'epsilon': 26.189409264461247, 'gamma': 0.07975187181354028}. Best is trial 406 with value: 38.90494892453006.
trail number 2307
[I 2025-07-21 19:04:22,265] Trial 2307 finished with value: 39.521940687240146 and parameters: {'C': 940.3505754644175, 'epsilon': 28.9981959871462, 'gamma': 0.002559235843792024}. Best is trial 406 with value: 38.90494892453006.
trail number 2306
[I 2025-07-21 19:04:22,272] Trial 2306 finished with value: 40.17828662642904 and parameters: {'C': 707.1330451973109, 'epsilon': 26.688015084171674, 'gamma': 0.0016690908023984609}. Best is trial 406 with value: 38.90494892453006.
trail number 2308
[I 2025-07-21 19:04:22,304] Trial 2308 finished with value: 39.54886579567067 and parameters: {'C': 1001.36108727116, 'epsilon': 27.790761619228462, 'gamma': 0.0023401850079562986}. Best is trial 406 with value: 38.90494892453006.
trail number 2309
[I 2025-07-21 19:04:22,315] Trial 2309 finished with value: 40.21275793890292 and parameters: {'C': 983.5084480330905, 'epsilon': 27.729937073025972, 'gamma': 0.0013372502835649995}. Best is trial 406 with value: 38.90494892453006.
trail number 2310
[I 2025-07-21 19:04:22,329] Trial 2310 finished with value: 43.2649127480119 and parameters: {'C': 840.8787660127318, 'epsilon': 25.20775560939878, 'gamma': 0.052146049758128275}. Best is trial 406 with value: 38.90494892453006.
trail number 2311
[I 2025-07-21 19:04:22,345] Trial 2311 finished with value: 44.47112828556406 and parameters: {'C': 794.1775798601346, 'epsilon': 25.64290566856701, 'gamma': 0.06668986919214098}. Best is trial 406 with value: 38.90494892453006.
trail number 2312
[I 2025-07-21 19:04:22,353] Trial 2312 finished with value: 40.56805159453837 and parameters: {'C': 824.5719531908816, 'epsilon': 28.31122598147567, 'gamma': 0.0010418625143410552}. Best is trial 406 with value: 38.90494892453006.
trail number 2313
[I 2025-07-21 19:04:22,364] Trial 2313 finished with value: 41.30850941735149 and parameters: {'C': 715.5839727755114, 'epsilon': 23.503803321245123, 'gamma': 0.00044578865425272743}. Best is trial 406 with value: 38.90494892453006.
trail number 2314
[I 2025-07-21 19:04:22,382] Trial 2314 finished with value: 43.652677810670184 and parameters: {'C': 913.9847980437125, 'epsilon': 22.886409917576305, 'gamma': 0.05497331937273041}. Best is trial 406 with value: 38.90494892453006.
trail number 2318
[I 2025-07-21 19:04:22,403] Trial 2318 finished with value: 41.30620389605053 and parameters: {'C': 706.0205022593808, 'epsilon': 23.792745724960692, 'gamma': 0.00046232805162399644}. Best is trial 406 with value: 38.90494892453006.
trail number 2316
[I 2025-07-21 19:04:22,412] Trial 2316 finished with value: 41.215006260438386 and parameters: {'C': 1457.1435077563729, 'epsilon': 26.00612641402373, 'gamma': 0.02786100981490816}. Best is trial 406 with value: 38.90494892453006.
trail number 2315
[I 2025-07-21 19:04:22,428] Trial 2315 finished with value: 45.657151447027374 and parameters: {'C': 769.071870726511, 'epsilon': 26.08371657214941, 'gamma': 0.10970915318078935}. Best is trial 406 with value: 38.90494892453006.
trail number 2317
[I 2025-07-21 19:04:22,436] Trial 2317 finished with value: 44.30336180024809 and parameters: {'C': 915.8578633245921, 'epsilon': 21.79303096011073, 'gamma': 0.06442065240676456}. Best is trial 406 with value: 38.90494892453006.
trail number 2319
[I 2025-07-21 19:04:22,450] Trial 2319 finished with value: 39.537215667662664 and parameters: {'C': 961.7830718805293, 'epsilon': 24.44189027535492, 'gamma': 0.0022162585226261876}. Best is trial 406 with value: 38.90494892453006.
trail number 2320
[I 2025-07-21 19:04:22,468] Trial 2320 finished with value: 43.91373602540595 and parameters: {'C': 782.3177265045964, 'epsilon': 24.584850627938287, 'gamma': 0.060548128274363885}. Best is trial 406 with value: 38.90494892453006.
trail number 2322
[I 2025-07-21 19:04:22,488] Trial 2322 finished with value: 39.767348329807774 and parameters: {'C': 973.9641152581158, 'epsilon': 21.3589659687679, 'gamma': 0.0019365556494202376}. Best is trial 406 with value: 38.90494892453006.
trail number 2323
[I 2025-07-21 19:04:22,503] Trial 2323 finished with value: 46.36547287620102 and parameters: {'C': 828.5123521599618, 'epsilon': 21.63929041565759, 'gamma': 0.12667873644119018}. Best is trial 406 with value: 38.90494892453006.
trail number 2321
[I 2025-07-21 19:04:22,510] Trial 2321 finished with value: 44.51033347827121 and parameters: {'C': 938.1978940048776, 'epsilon': 23.488341743206554, 'gamma': 0.06302271438328608}. Best is trial 406 with value: 38.90494892453006.
trail number 2324
[I 2025-07-21 19:04:22,525] Trial 2324 finished with value: 48.245406923231215 and parameters: {'C': 1058.9237850740815, 'epsilon': 22.699165329509167, 'gamma': 0.14450712137388805}. Best is trial 406 with value: 38.90494892453006.
trail number 2326
[I 2025-07-21 19:04:22,545] Trial 2326 finished with value: 39.107336763567375 and parameters: {'C': 1071.5517496851096, 'epsilon': 26.601998248636534, 'gamma': 0.00431948335662208}. Best is trial 406 with value: 38.90494892453006.
trail number 2325
[I 2025-07-21 19:04:22,553] Trial 2325 finished with value: 42.58994720335586 and parameters: {'C': 804.3629199905736, 'epsilon': 26.313813416527218, 'gamma': 0.04652066623187505}. Best is trial 406 with value: 38.90494892453006.
trail number 2328
[I 2025-07-21 19:04:22,574] Trial 2328 finished with value: 45.00364897440651 and parameters: {'C': 705.1258530553954, 'epsilon': 24.219800020839084, 'gamma': 0.08625002928930692}. Best is trial 406 with value: 38.90494892453006.
trail number 2327
[I 2025-07-21 19:04:22,582] Trial 2327 finished with value: 44.17698489895405 and parameters: {'C': 875.6824930203761, 'epsilon': 29.577761207289328, 'gamma': 0.05724792881346796}. Best is trial 406 with value: 38.90494892453006.
trail number 2329
[I 2025-07-21 19:04:22,601] Trial 2329 finished with value: 43.309287565901776 and parameters: {'C': 772.9148611991179, 'epsilon': 26.56822932709069, 'gamma': 0.0532323717598904}. Best is trial 406 with value: 38.90494892453006.
trail number 2330
[I 2025-07-21 19:04:22,618] Trial 2330 finished with value: 43.663288800640714 and parameters: {'C': 954.9907587204791, 'epsilon': 26.11609733994509, 'gamma': 0.051625991131364145}. Best is trial 406 with value: 38.90494892453006.
trail number 2331
[I 2025-07-21 19:04:22,637] Trial 2331 finished with value: 48.16264818490295 and parameters: {'C': 827.2256150388099, 'epsilon': 12.3397721542229, 'gamma': 0.23240490481929937}. Best is trial 406 with value: 38.90494892453006.
trail number 2333
[I 2025-07-21 19:04:22,651] Trial 2333 finished with value: 44.01403141694275 and parameters: {'C': 859.4508787495653, 'epsilon': 22.299279408076234, 'gamma': 0.06236900308077596}. Best is trial 406 with value: 38.90494892453006.
trail number 2332
[I 2025-07-21 19:04:22,659] Trial 2332 finished with value: 44.8855635120412 and parameters: {'C': 962.6555446395612, 'epsilon': 26.168076635015566, 'gamma': 0.06426385935584647}. Best is trial 406 with value: 38.90494892453006.
trail number 2335
[I 2025-07-21 19:04:22,682] Trial 2335 finished with value: 43.380989729575745 and parameters: {'C': 703.9528167658823, 'epsilon': 29.55943713132609, 'gamma': 0.054288038105285034}. Best is trial 406 with value: 38.90494892453006.
trail number 2334
[I 2025-07-21 19:04:22,690] Trial 2334 finished with value: 45.72730623400273 and parameters: {'C': 1103.1165426242828, 'epsilon': 26.718314262826986, 'gamma': 0.06792367079122838}. Best is trial 406 with value: 38.90494892453006.
trail number 2336
[I 2025-07-21 19:04:22,716] Trial 2336 finished with value: 46.111838328831915 and parameters: {'C': 1123.9799584209024, 'epsilon': 26.792553723493494, 'gamma': 0.07603630453999936}. Best is trial 406 with value: 38.90494892453006.
trail number 2337
[I 2025-07-21 19:04:22,725] Trial 2337 finished with value: 44.535099421762084 and parameters: {'C': 703.0875768658975, 'epsilon': 27.341029906514574, 'gamma': 0.07225511059110806}. Best is trial 406 with value: 38.90494892453006.
trail number 2338
[I 2025-07-21 19:04:22,740] Trial 2338 finished with value: 42.79152077209229 and parameters: {'C': 772.0982045989731, 'epsilon': 27.087791106386568, 'gamma': 0.04865100107159953}. Best is trial 406 with value: 38.90494892453006.
trail number 2339
[I 2025-07-21 19:04:22,756] Trial 2339 finished with value: 44.234587251096166 and parameters: {'C': 965.1345068481946, 'epsilon': 28.790930707714544, 'gamma': 0.05492583522837514}. Best is trial 406 with value: 38.90494892453006.
trail number 2340
[I 2025-07-21 19:04:22,782] Trial 2340 finished with value: 43.383303538506084 and parameters: {'C': 821.1949475476226, 'epsilon': 25.43416861434476, 'gamma': 0.05353957295927495}. Best is trial 406 with value: 38.90494892453006.
trail number 2341
[I 2025-07-21 19:04:22,790] Trial 2341 finished with value: 42.76284444942188 and parameters: {'C': 887.0754642113919, 'epsilon': 26.43431146616447, 'gamma': 0.045368369290246124}. Best is trial 406 with value: 38.90494892453006.
trail number 2342
[I 2025-07-21 19:04:22,802] Trial 2342 finished with value: 43.8445170702564 and parameters: {'C': 1125.9810240740064, 'epsilon': 23.033543904521853, 'gamma': 0.051366730229806964}. Best is trial 406 with value: 38.90494892453006.
trail number 2343
[I 2025-07-21 19:04:22,810] Trial 2343 finished with value: 39.13225506523325 and parameters: {'C': 890.5420699039528, 'epsilon': 26.964931639788762, 'gamma': 0.004628785554269991}. Best is trial 406 with value: 38.90494892453006.
trail number 2344
[I 2025-07-21 19:04:22,835] Trial 2344 finished with value: 40.008504493190244 and parameters: {'C': 780.5426992792038, 'epsilon': 26.304069524777386, 'gamma': 0.001988852303530693}. Best is trial 406 with value: 38.90494892453006.
trail number 2346
[I 2025-07-21 19:04:22,861] Trial 2346 finished with value: 48.240170151720704 and parameters: {'C': 1434.4594265409755, 'epsilon': 21.49723172327331, 'gamma': 0.1737924794825481}. Best is trial 406 with value: 38.90494892453006.
trail number 2345
[I 2025-07-21 19:04:22,869] Trial 2345 finished with value: 46.06904880419982 and parameters: {'C': 852.7545620823495, 'epsilon': 25.494537018785046, 'gamma': 0.1113389612275881}. Best is trial 406 with value: 38.90494892453006.
trail number 2348
[I 2025-07-21 19:04:22,869] Trial 2348 finished with value: 39.48672898409451 and parameters: {'C': 870.2694104576838, 'epsilon': 25.972959504589134, 'gamma': 0.0027983273740926507}. Best is trial 406 with value: 38.90494892453006.
trail number 2347
[I 2025-07-21 19:04:22,873] Trial 2347 finished with value: 43.94333598119968 and parameters: {'C': 853.4164393304576, 'epsilon': 29.95869272213998, 'gamma': 0.05490700733296463}. Best is trial 406 with value: 38.90494892453006.
trail number 2352
[I 2025-07-21 19:04:22,915] Trial 2352 finished with value: 39.186139647728844 and parameters: {'C': 704.8322777397156, 'epsilon': 29.770126203935675, 'gamma': 0.0047629883943504404}. Best is trial 406 with value: 38.90494892453006.
trail number 2350
[I 2025-07-21 19:04:22,928] Trial 2350 finished with value: 39.4042873065428 and parameters: {'C': 703.6821166234464, 'epsilon': 26.495329332645408, 'gamma': 0.003489895331268899}. Best is trial 406 with value: 38.90494892453006.
trail number 2349
[I 2025-07-21 19:04:22,942] Trial 2349 finished with value: 47.35197270981605 and parameters: {'C': 889.6036732741167, 'epsilon': 25.390312959229618, 'gamma': 0.13125536601087684}. Best is trial 406 with value: 38.90494892453006.
trail number 2351
[I 2025-07-21 19:04:22,960] Trial 2351 finished with value: 44.589112567397585 and parameters: {'C': 917.0088931464892, 'epsilon': 25.37200817592316, 'gamma': 0.06279520075937528}. Best is trial 406 with value: 38.90494892453006.
trail number 2354
[I 2025-07-21 19:04:22,972] Trial 2354 finished with value: 42.175338643364306 and parameters: {'C': 766.0956885101089, 'epsilon': 23.2690759642006, 'gamma': 0.0002921019839664425}. Best is trial 406 with value: 38.90494892453006.
trail number 2355
[I 2025-07-21 19:04:22,979] Trial 2355 finished with value: 40.501670145849936 and parameters: {'C': 912.0536738784979, 'epsilon': 29.95437462023933, 'gamma': 0.0012220012985089106}. Best is trial 406 with value: 38.90494892453006.
trail number 2353
[I 2025-07-21 19:04:22,984] Trial 2353 finished with value: 47.642677033398066 and parameters: {'C': 973.0682071661586, 'epsilon': 24.576396898729044, 'gamma': 0.13111302983771667}. Best is trial 406 with value: 38.90494892453006.
trail number 2358
[I 2025-07-21 19:04:23,015] Trial 2358 finished with value: 39.74377388204418 and parameters: {'C': 822.2813359261324, 'epsilon': 29.477923400602787, 'gamma': 0.0023745317012529962}. Best is trial 406 with value: 38.90494892453006.
trail number 2359
[I 2025-07-21 19:04:23,034] Trial 2359 finished with value: 44.13905143174194 and parameters: {'C': 871.8362235566148, 'epsilon': 24.497912840458618, 'gamma': 0.060221135524390165}. Best is trial 406 with value: 38.90494892453006.
trail number 2356
[I 2025-07-21 19:04:23,042] Trial 2356 finished with value: 43.448519271285065 and parameters: {'C': 756.900537665052, 'epsilon': 23.11829419091698, 'gamma': 0.0580163748061896}. Best is trial 406 with value: 38.90494892453006.
trail number 2357
[I 2025-07-21 19:04:23,052] Trial 2357 finished with value: 47.768918210249055 and parameters: {'C': 703.9125538286381, 'epsilon': 29.56855315946434, 'gamma': 0.1490618862719899}. Best is trial 406 with value: 38.90494892453006.
trail number 2360
[I 2025-07-21 19:04:23,060] Trial 2360 finished with value: 39.93376138131326 and parameters: {'C': 937.2056985308182, 'epsilon': 25.715940218143526, 'gamma': 0.0016365276525123935}. Best is trial 406 with value: 38.90494892453006.
trail number 2361
[I 2025-07-21 19:04:23,089] Trial 2361 finished with value: 40.105891685284554 and parameters: {'C': 840.422248829763, 'epsilon': 25.630926344677466, 'gamma': 0.0013892272440590944}. Best is trial 406 with value: 38.90494892453006.
trail number 2365
[I 2025-07-21 19:04:23,115] Trial 2365 finished with value: 39.58741328145793 and parameters: {'C': 882.0970206872765, 'epsilon': 22.00101377241327, 'gamma': 0.00261978239959792}. Best is trial 406 with value: 38.90494892453006.
trail number 2364
[I 2025-07-21 19:04:23,123] Trial 2364 finished with value: 43.54162172097822 and parameters: {'C': 1083.3968025769423, 'epsilon': 24.330058376348003, 'gamma': 0.04853126371641812}. Best is trial 406 with value: 38.90494892453006.
trail number 2362
[I 2025-07-21 19:04:23,130] Trial 2362 finished with value: 47.0758572753222 and parameters: {'C': 920.2335395245659, 'epsilon': 27.487808912545987, 'gamma': 0.12039391815876122}. Best is trial 406 with value: 38.90494892453006.
trail number 2363
[I 2025-07-21 19:04:23,141] Trial 2363 finished with value: 43.75188698424619 and parameters: {'C': 1077.4803940609474, 'epsilon': 21.539548050277777, 'gamma': 0.05315623928709236}. Best is trial 406 with value: 38.90494892453006.
trail number 2369
[I 2025-07-21 19:04:23,180] Trial 2369 finished with value: 39.478854800189325 and parameters: {'C': 805.5809616358208, 'epsilon': 26.77279944596247, 'gamma': 0.0029218727831571787}. Best is trial 406 with value: 38.90494892453006.
trail number 2367
[I 2025-07-21 19:04:23,196] Trial 2367 finished with value: 43.77019174976682 and parameters: {'C': 821.5717580566493, 'epsilon': 22.28472469727114, 'gamma': 0.06022983076791596}. Best is trial 406 with value: 38.90494892453006.
trail number 2366
[I 2025-07-21 19:04:23,205] Trial 2366 finished with value: 45.61082063815638 and parameters: {'C': 1017.9885335724965, 'epsilon': 22.430982608716256, 'gamma': 0.07831017960500854}. Best is trial 406 with value: 38.90494892453006.
trail number 2368
[I 2025-07-21 19:04:23,220] Trial 2368 finished with value: 42.69552884672442 and parameters: {'C': 991.0022726030203, 'epsilon': 20.990170803363583, 'gamma': 0.046400532126118464}. Best is trial 406 with value: 38.90494892453006.
trail number 2370
[I 2025-07-21 19:04:23,246] Trial 2370 finished with value: 45.83170780363009 and parameters: {'C': 823.1289824419882, 'epsilon': 27.795871328189154, 'gamma': 0.10606961080702969}. Best is trial 406 with value: 38.90494892453006.
trail number 2371
[I 2025-07-21 19:04:23,254] Trial 2371 finished with value: 42.11806808799231 and parameters: {'C': 804.7476918859611, 'epsilon': 18.33513945509882, 'gamma': 0.05047833953080577}. Best is trial 406 with value: 38.90494892453006.
trail number 2372
[I 2025-07-21 19:04:23,263] Trial 2372 finished with value: 42.51169930400072 and parameters: {'C': 992.7388010013882, 'epsilon': 24.495503694161194, 'gamma': 0.042903997390059984}. Best is trial 406 with value: 38.90494892453006.
trail number 2373
[I 2025-07-21 19:04:23,277] Trial 2373 finished with value: 43.737730103069325 and parameters: {'C': 705.2695233058578, 'epsilon': 27.708747667537907, 'gamma': 0.05927250411091487}. Best is trial 406 with value: 38.90494892453006.
trail number 2374
[I 2025-07-21 19:04:23,301] Trial 2374 finished with value: 41.24577821122942 and parameters: {'C': 826.825444825654, 'epsilon': 26.15564468832091, 'gamma': 0.0004593138644776555}. Best is trial 406 with value: 38.90494892453006.
trail number 2377
[I 2025-07-21 19:04:23,319] Trial 2377 finished with value: 39.82797989466271 and parameters: {'C': 991.3322469180293, 'epsilon': 23.8533988709014, 'gamma': 0.001454375112417628}. Best is trial 406 with value: 38.90494892453006.
trail number 2375
[I 2025-07-21 19:04:23,327] Trial 2375 finished with value: 44.13672272355552 and parameters: {'C': 776.8651137053914, 'epsilon': 27.967845209062688, 'gamma': 0.061102074557299754}. Best is trial 406 with value: 38.90494892453006.
trail number 2376
[I 2025-07-21 19:04:23,334] Trial 2376 finished with value: 45.63745487697658 and parameters: {'C': 796.1312790264919, 'epsilon': 26.46212560286327, 'gamma': 0.1019726249633365}. Best is trial 406 with value: 38.90494892453006.
trail number 2378
[I 2025-07-21 19:04:23,351] Trial 2378 finished with value: 41.17528600352024 and parameters: {'C': 716.2644699649068, 'epsilon': 25.86463012028102, 'gamma': 0.0006146932349262247}. Best is trial 406 with value: 38.90494892453006.
trail number 2381
[I 2025-07-21 19:04:23,375] Trial 2381 finished with value: 39.16302029257362 and parameters: {'C': 702.681319428713, 'epsilon': 25.459280268814656, 'gamma': 0.005371778033460055}. Best is trial 406 with value: 38.90494892453006.
trail number 2380
[I 2025-07-21 19:04:23,384] Trial 2380 finished with value: 39.22513314887502 and parameters: {'C': 1148.0420056501132, 'epsilon': 25.61025134927827, 'gamma': 0.009150680383451196}. Best is trial 406 with value: 38.90494892453006.
trail number 2379
[I 2025-07-21 19:04:23,407] Trial 2379 finished with value: 44.29814614453216 and parameters: {'C': 789.2067610503296, 'epsilon': 24.84589594676845, 'gamma': 0.06522922587347056}. Best is trial 406 with value: 38.90494892453006.
trail number 2382
[I 2025-07-21 19:04:23,418] Trial 2382 finished with value: 47.80184076997042 and parameters: {'C': 892.1935856917707, 'epsilon': 20.540001450313767, 'gamma': 0.20164104938765734}. Best is trial 406 with value: 38.90494892453006.
trail number 2383
[I 2025-07-21 19:04:23,426] Trial 2383 finished with value: 52.21374721744489 and parameters: {'C': 1041.098605858561, 'epsilon': 29.6965817786884, 'gamma': 0.46446110697815035}. Best is trial 406 with value: 38.90494892453006.
trail number 2384
[I 2025-07-21 19:04:23,426] Trial 2384 finished with value: 39.46289552770499 and parameters: {'C': 870.3495248976874, 'epsilon': 24.58999558241218, 'gamma': 0.002576939080793922}. Best is trial 406 with value: 38.90494892453006.
trail number 2385
[I 2025-07-21 19:04:23,464] Trial 2385 finished with value: 39.42138272210788 and parameters: {'C': 997.8251183494915, 'epsilon': 25.530067730665117, 'gamma': 0.00264747083549469}. Best is trial 406 with value: 38.90494892453006.
trail number 2388
[I 2025-07-21 19:04:23,477] Trial 2388 finished with value: 50.72407772039901 and parameters: {'C': 784.9568678886292, 'epsilon': 16.13891771872604, 'gamma': 0.4859160082874088}. Best is trial 406 with value: 38.90494892453006.
trail number 2386
