[I 2025-07-21 19:04:03,105] Trial 802 finished with value: 39.184171430831995 and parameters: {'C': 829.818605866478, 'epsilon': 23.822056857676273, 'gamma': 0.004642033139016018}. Best is trial 406 with value: 38.90494892453006.
trail number 801
[I 2025-07-21 19:04:03,122] Trial 801 finished with value: 42.10459812799603 and parameters: {'C': 1091.9307111910275, 'epsilon': 24.599277194034514, 'gamma': 0.038170991236505414}. Best is trial 406 with value: 38.90494892453006.
trail number 805
[I 2025-07-21 19:04:03,129] Trial 805 finished with value: 41.048246121559146 and parameters: {'C': 1044.0974979805092, 'epsilon': 20.763437638802916, 'gamma': 0.0003308580223924454}. Best is trial 406 with value: 38.90494892453006.
trail number 803
[I 2025-07-21 19:04:03,135] Trial 803 finished with value: 46.48508172336124 and parameters: {'C': 1143.1835495124215, 'epsilon': 27.268430012286974, 'gamma': 0.08794294958644491}. Best is trial 406 with value: 38.90494892453006.
trail number 804
[I 2025-07-21 19:04:03,145] Trial 804 finished with value: 44.78468407333066 and parameters: {'C': 835.7408737138412, 'epsilon': 27.738324546940994, 'gamma': 0.06824771088695283}. Best is trial 406 with value: 38.90494892453006.
trail number 807
[I 2025-07-21 19:04:03,160] Trial 807 finished with value: 40.418272870816715 and parameters: {'C': 820.7085178537634, 'epsilon': 29.29745524732664, 'gamma': 0.0013321203159682602}. Best is trial 406 with value: 38.90494892453006.
trail number 806
[I 2025-07-21 19:04:03,166] Trial 806 finished with value: 39.15253706453704 and parameters: {'C': 785.6895205569078, 'epsilon': 29.748418735925217, 'gamma': 0.008933794301269796}. Best is trial 406 with value: 38.90494892453006.
trail number 808
[I 2025-07-21 19:04:03,178] Trial 808 finished with value: 45.41448763079946 and parameters: {'C': 797.3028123883221, 'epsilon': 27.013908199687975, 'gamma': 0.0873125753783509}. Best is trial 406 with value: 38.90494892453006.
trail number 809
[I 2025-07-21 19:04:03,183] Trial 809 finished with value: 39.85526361502773 and parameters: {'C': 820.5119656427067, 'epsilon': 29.91105550868933, 'gamma': 0.02122630353686525}. Best is trial 406 with value: 38.90494892453006.
trail number 812
[I 2025-07-21 19:04:03,204] Trial 812 finished with value: 40.46867353742759 and parameters: {'C': 915.0648107547679, 'epsilon': 26.638788035571334, 'gamma': 0.0007794862464257759}. Best is trial 406 with value: 38.90494892453006.
trail number 810
[I 2025-07-21 19:04:03,209] Trial 810 finished with value: 44.67587551244618 and parameters: {'C': 813.3012909592762, 'epsilon': 23.280631102608968, 'gamma': 0.07228203921666548}. Best is trial 406 with value: 38.90494892453006.
trail number 811
[I 2025-07-21 19:04:03,223] Trial 811 finished with value: 44.92820296410929 and parameters: {'C': 890.2843001922747, 'epsilon': 26.07313509394786, 'gamma': 0.06842341523305191}. Best is trial 406 with value: 38.90494892453006.
trail number 813
[I 2025-07-21 19:04:03,223] Trial 813 finished with value: 39.14459608087914 and parameters: {'C': 801.2550099203144, 'epsilon': 26.49393533633154, 'gamma': 0.004832350028996817}. Best is trial 406 with value: 38.90494892453006.
trail number 815
[I 2025-07-21 19:04:03,240] Trial 815 finished with value: 40.01808843664134 and parameters: {'C': 1133.2503807018006, 'epsilon': 21.16732803642124, 'gamma': 0.0011377950902460524}. Best is trial 406 with value: 38.90494892453006.
trail number 814
[I 2025-07-21 19:04:03,249] Trial 814 finished with value: 45.077504435047686 and parameters: {'C': 701.0455573742468, 'epsilon': 25.472809237278764, 'gamma': 0.08583100567557682}. Best is trial 406 with value: 38.90494892453006.
trail number 819
[I 2025-07-21 19:04:03,275] Trial 819 finished with value: 40.17266388053012 and parameters: {'C': 1064.9082521101886, 'epsilon': 23.69548634024514, 'gamma': 0.0011226248453799076}. Best is trial 406 with value: 38.90494892453006.
trail number 817
[I 2025-07-21 19:04:03,282] Trial 817 finished with value: 43.270889564361575 and parameters: {'C': 908.9087718628516, 'epsilon': 22.836395173005705, 'gamma': 0.052039736897276916}. Best is trial 406 with value: 38.90494892453006.
trail number 816
[I 2025-07-21 19:04:03,287] Trial 816 finished with value: 45.12709164762622 and parameters: {'C': 944.5911284150998, 'epsilon': 25.207917054096846, 'gamma': 0.06939507177236987}. Best is trial 406 with value: 38.90494892453006.
trail number 818
[I 2025-07-21 19:04:03,293] Trial 818 finished with value: 44.985185537680096 and parameters: {'C': 1063.4947754561313, 'epsilon': 26.054797929851954, 'gamma': 0.06101529822346686}. Best is trial 406 with value: 38.90494892453006.
trail number 821
[I 2025-07-21 19:04:03,324] Trial 821 finished with value: 39.257442825017435 and parameters: {'C': 875.0273928617903, 'epsilon': 23.44149203220102, 'gamma': 0.004333894164428226}. Best is trial 406 with value: 38.90494892453006.
trail number 823
[I 2025-07-21 19:04:03,330] Trial 823 finished with value: 39.82819743446304 and parameters: {'C': 905.883037998062, 'epsilon': 23.8476142711603, 'gamma': 0.0016423216366477696}. Best is trial 406 with value: 38.90494892453006.
trail number 822
[I 2025-07-21 19:04:03,330] Trial 822 finished with value: 39.51812896285545 and parameters: {'C': 833.5607296093451, 'epsilon': 25.37700660026118, 'gamma': 0.002703476954603612}. Best is trial 406 with value: 38.90494892453006.
trail number 820
[I 2025-07-21 19:04:03,349] Trial 820 finished with value: 44.09353073879397 and parameters: {'C': 989.1861112744923, 'epsilon': 24.7503329898801, 'gamma': 0.05569164807249981}. Best is trial 406 with value: 38.90494892453006.
trail number 826
[I 2025-07-21 19:04:03,368] Trial 826 finished with value: 39.145727889830106 and parameters: {'C': 702.132227839321, 'epsilon': 25.548841102660464, 'gamma': 0.010954296604763415}. Best is trial 406 with value: 38.90494892453006.
trail number 824
[I 2025-07-21 19:04:03,379] Trial 824 finished with value: 44.75947372170522 and parameters: {'C': 1023.232497496359, 'epsilon': 26.454012648046493, 'gamma': 0.05952697615201227}. Best is trial 406 with value: 38.90494892453006.
trail number 825
[I 2025-07-21 19:04:03,395] Trial 825 finished with value: 46.35331408809998 and parameters: {'C': 912.3433624710337, 'epsilon': 29.68392941951491, 'gamma': 0.1070668794596194}. Best is trial 406 with value: 38.90494892453006.
trail number 827
[I 2025-07-21 19:04:03,402] Trial 827 finished with value: 44.30539664535668 and parameters: {'C': 702.5463551432704, 'epsilon': 24.038743821259914, 'gamma': 0.07138279075055441}. Best is trial 406 with value: 38.90494892453006.
trail number 828
[I 2025-07-21 19:04:03,408] Trial 828 finished with value: 45.1555827040614 and parameters: {'C': 908.1745315117871, 'epsilon': 26.765472462837373, 'gamma': 0.07038583636638991}. Best is trial 406 with value: 38.90494892453006.
trail number 829
[I 2025-07-21 19:04:03,413] Trial 829 finished with value: 51.19104718257963 and parameters: {'C': 757.7988103372049, 'epsilon': 28.98330655470963, 'gamma': 0.4195253526559508}. Best is trial 406 with value: 38.90494892453006.
trail number 831
[I 2025-07-21 19:04:03,446] Trial 831 finished with value: 39.33651994524381 and parameters: {'C': 815.5767394699621, 'epsilon': 26.560106863732276, 'gamma': 0.003492423432672361}. Best is trial 406 with value: 38.90494892453006.
trail number 832
[I 2025-07-21 19:04:03,457] Trial 832 finished with value: 47.79205689996037 and parameters: {'C': 919.3320296149963, 'epsilon': 21.972861913346, 'gamma': 0.14603663161338856}. Best is trial 406 with value: 38.90494892453006.
trail number 833
[I 2025-07-21 19:04:03,463] Trial 833 finished with value: 44.49150416966644 and parameters: {'C': 1007.8077048425283, 'epsilon': 22.25168519752541, 'gamma': 0.06245366668067891}. Best is trial 406 with value: 38.90494892453006.
trail number 830
[I 2025-07-21 19:04:03,473] Trial 830 finished with value: 44.59832391817663 and parameters: {'C': 855.0961582524722, 'epsilon': 26.88422341374317, 'gamma': 0.06470505982297695}. Best is trial 406 with value: 38.90494892453006.
trail number 836
[I 2025-07-21 19:04:03,487] Trial 836 finished with value: 46.327285835939755 and parameters: {'C': 708.1436890677353, 'epsilon': 28.095045015906035, 'gamma': 0.00012131007889613476}. Best is trial 406 with value: 38.90494892453006.
trail number 834
[I 2025-07-21 19:04:03,492] Trial 834 finished with value: 49.94924656205336 and parameters: {'C': 1067.696923536815, 'epsilon': 20.39580638658427, 'gamma': 0.4237906573520069}. Best is trial 406 with value: 38.90494892453006.
trail number 835
[I 2025-07-21 19:04:03,503] Trial 835 finished with value: 43.33435842238796 and parameters: {'C': 700.7178238402755, 'epsilon': 27.523949122000566, 'gamma': 0.05513377135285939}. Best is trial 406 with value: 38.90494892453006.
trail number 838
[I 2025-07-21 19:04:03,526] Trial 838 finished with value: 44.60562914415271 and parameters: {'C': 705.0819132101088, 'epsilon': 27.932828962740228, 'gamma': 0.07279202901529239}. Best is trial 406 with value: 38.90494892453006.
trail number 837
[I 2025-07-21 19:04:03,542] Trial 837 finished with value: 47.52386146965932 and parameters: {'C': 866.9216549723642, 'epsilon': 13.186907621428105, 'gamma': 0.157455830193404}. Best is trial 406 with value: 38.90494892453006.
trail number 840
[I 2025-07-21 19:04:03,549] Trial 840 finished with value: 43.96769020624354 and parameters: {'C': 867.0598594160999, 'epsilon': 20.672431284056948, 'gamma': 0.06381486457780476}. Best is trial 406 with value: 38.90494892453006.
trail number 839
[I 2025-07-21 19:04:03,553] Trial 839 finished with value: 43.12183130202591 and parameters: {'C': 853.3426043468627, 'epsilon': 19.156992277142486, 'gamma': 0.056162218826525036}. Best is trial 406 with value: 38.90494892453006.
trail number 841
[I 2025-07-21 19:04:03,571] Trial 841 finished with value: 44.646852205633955 and parameters: {'C': 878.6019881581693, 'epsilon': 23.478750357479825, 'gamma': 0.06781424418792795}. Best is trial 406 with value: 38.90494892453006.
trail number 843
[I 2025-07-21 19:04:03,580] Trial 843 finished with value: 40.59833865221757 and parameters: {'C': 878.7352590047099, 'epsilon': 20.774145854420837, 'gamma': 0.0008765448429124533}. Best is trial 406 with value: 38.90494892453006.
trail number 842
[I 2025-07-21 19:04:03,594] Trial 842 finished with value: 39.12844517887734 and parameters: {'C': 1066.9425462759366, 'epsilon': 24.393522212191677, 'gamma': 0.004731705054558553}. Best is trial 406 with value: 38.90494892453006.
trail number 844
[I 2025-07-21 19:04:03,596] Trial 844 finished with value: 39.428116405077574 and parameters: {'C': 1165.8674424470248, 'epsilon': 29.662002944706934, 'gamma': 0.008804243638440153}. Best is trial 406 with value: 38.90494892453006.
trail number 846
[I 2025-07-21 19:04:03,610] Trial 846 finished with value: 39.12913687017838 and parameters: {'C': 1049.8736557196369, 'epsilon': 25.27491674770917, 'gamma': 0.004969595312432256}. Best is trial 406 with value: 38.90494892453006.
trail number 845
[I 2025-07-21 19:04:03,615] Trial 845 finished with value: 39.281750642144885 and parameters: {'C': 931.956914890852, 'epsilon': 21.660929875611647, 'gamma': 0.00973431307958125}. Best is trial 406 with value: 38.90494892453006.
trail number 847
[I 2025-07-21 19:04:03,641] Trial 847 finished with value: 49.8193143111698 and parameters: {'C': 1352.726814248515, 'epsilon': 18.92617218250353, 'gamma': 0.4273345458050989}. Best is trial 406 with value: 38.90494892453006.
trail number 848
[I 2025-07-21 19:04:03,647] Trial 848 finished with value: 47.90431462214569 and parameters: {'C': 1186.4626581428306, 'epsilon': 20.349623421194885, 'gamma': 0.29834437655758134}. Best is trial 406 with value: 38.90494892453006.
trail number 850
[I 2025-07-21 19:04:03,653] Trial 850 finished with value: 43.662055192291014 and parameters: {'C': 840.2592330769269, 'epsilon': 27.55105061028657, 'gamma': 0.0537394358082586}. Best is trial 406 with value: 38.90494892453006.
trail number 849
[I 2025-07-21 19:04:03,655] Trial 849 finished with value: 44.97346273452071 and parameters: {'C': 802.0210697966027, 'epsilon': 26.89378830551857, 'gamma': 0.07400063552228368}. Best is trial 406 with value: 38.90494892453006.
trail number 853
[I 2025-07-21 19:04:03,696] Trial 853 finished with value: 44.424717767397944 and parameters: {'C': 959.4627872234726, 'epsilon': 27.55752459783868, 'gamma': 0.05750325915139964}. Best is trial 406 with value: 38.90494892453006.
trail number 854
[I 2025-07-21 19:04:03,702] Trial 854 finished with value: 44.93647283960187 and parameters: {'C': 1069.2607247944798, 'epsilon': 21.943227903467427, 'gamma': 0.0660645791103628}. Best is trial 406 with value: 38.90494892453006.
trail number 852
[I 2025-07-21 19:04:03,708] Trial 852 finished with value: 45.05429258704658 and parameters: {'C': 782.2742401408202, 'epsilon': 29.694080195162194, 'gamma': 0.0793058022945147}. Best is trial 406 with value: 38.90494892453006.
trail number 851
[I 2025-07-21 19:04:03,714] Trial 851 finished with value: 44.07299519143416 and parameters: {'C': 791.8591234395743, 'epsilon': 26.581445540611277, 'gamma': 0.060316899782817124}. Best is trial 406 with value: 38.90494892453006.
trail number 858
[I 2025-07-21 19:04:03,741] Trial 858 finished with value: 42.90035460164393 and parameters: {'C': 916.0218031154049, 'epsilon': 24.752754288059663, 'gamma': 0.00018695134373098755}. Best is trial 406 with value: 38.90494892453006.
trail number 857
[I 2025-07-21 19:04:03,748] Trial 857 finished with value: 40.513644920373096 and parameters: {'C': 945.0185099572282, 'epsilon': 28.409376806525614, 'gamma': 0.0011023679363168322}. Best is trial 406 with value: 38.90494892453006.
trail number 856
[I 2025-07-21 19:04:03,753] Trial 856 finished with value: 44.9875891747194 and parameters: {'C': 714.1426538605907, 'epsilon': 29.611674180715195, 'gamma': 0.08432831628444777}. Best is trial 406 with value: 38.90494892453006.
trail number 855
[I 2025-07-21 19:04:03,753] Trial 855 finished with value: 42.393722518885326 and parameters: {'C': 835.8530229143811, 'epsilon': 24.79751318673704, 'gamma': 0.04552740536787442}. Best is trial 406 with value: 38.90494892453006.
trail number 860
[I 2025-07-21 19:04:03,787] Trial 860 finished with value: 42.66894712197049 and parameters: {'C': 710.2797596961497, 'epsilon': 21.87522318340165, 'gamma': 0.0002379905500107535}. Best is trial 406 with value: 38.90494892453006.
trail number 859
[I 2025-07-21 19:04:03,797] Trial 859 finished with value: 39.123786359852495 and parameters: {'C': 881.738685241868, 'epsilon': 27.177113667800015, 'gamma': 0.004785752570966216}. Best is trial 406 with value: 38.90494892453006.
trail number 861
[I 2025-07-21 19:04:03,809] Trial 861 finished with value: 44.760984009664426 and parameters: {'C': 994.700216749493, 'epsilon': 22.090239750575233, 'gamma': 0.0668262088201331}. Best is trial 406 with value: 38.90494892453006.
trail number 862
[I 2025-07-21 19:04:03,813] Trial 862 finished with value: 49.546691046764685 and parameters: {'C': 1483.6848269989941, 'epsilon': 9.18957877473899, 'gamma': 0.22750997102929435}. Best is trial 406 with value: 38.90494892453006.
trail number 865
[I 2025-07-21 19:04:03,837] Trial 865 finished with value: 39.244971445620315 and parameters: {'C': 1036.3142745274615, 'epsilon': 26.463562675268257, 'gamma': 0.0036207190306863247}. Best is trial 406 with value: 38.90494892453006.
trail number 866
[I 2025-07-21 19:04:03,842] Trial 866 finished with value: 39.16109572798681 and parameters: {'C': 809.1219802080484, 'epsilon': 25.015390033710396, 'gamma': 0.009723483672187642}. Best is trial 406 with value: 38.90494892453006.
trail number 863
[I 2025-07-21 19:04:03,847] Trial 863 finished with value: 44.35259356427817 and parameters: {'C': 912.7557090775241, 'epsilon': 23.48491529812458, 'gamma': 0.06223672221129185}. Best is trial 406 with value: 38.90494892453006.
trail number 864
[I 2025-07-21 19:04:03,856] Trial 864 finished with value: 47.80671156277339 and parameters: {'C': 971.0683884073114, 'epsilon': 23.58890437502879, 'gamma': 0.13728624481073573}. Best is trial 406 with value: 38.90494892453006.
trail number 868
[I 2025-07-21 19:04:03,881] Trial 868 finished with value: 39.07137761736836 and parameters: {'C': 810.4604517401506, 'epsilon': 26.58001055660542, 'gamma': 0.006542039314969914}. Best is trial 406 with value: 38.90494892453006.
trail number 869
[I 2025-07-21 19:04:03,897] Trial 869 finished with value: 38.9442663844601 and parameters: {'C': 700.0424211293075, 'epsilon': 25.227629006948444, 'gamma': 0.013779796003978141}. Best is trial 406 with value: 38.90494892453006.
trail number 867
[I 2025-07-21 19:04:03,904] Trial 867 finished with value: 44.98592250591971 and parameters: {'C': 940.9504397765154, 'epsilon': 24.196849420231228, 'gamma': 0.06892229609899646}. Best is trial 406 with value: 38.90494892453006.
trail number 870
[I 2025-07-21 19:04:03,916] Trial 870 finished with value: 42.99413873001101 and parameters: {'C': 1014.6426793491539, 'epsilon': 19.70250480438895, 'gamma': 0.04951128747869647}. Best is trial 406 with value: 38.90494892453006.
trail number 871
[I 2025-07-21 19:04:03,923] Trial 871 finished with value: 48.041476039262854 and parameters: {'C': 834.3632719288061, 'epsilon': 26.754012494116648, 'gamma': 0.15510648024307952}. Best is trial 406 with value: 38.90494892453006.
trail number 873
[I 2025-07-21 19:04:03,944] Trial 873 finished with value: 43.48745234178834 and parameters: {'C': 705.1821897694492, 'epsilon': 22.314032288941494, 'gamma': 0.06122113653636867}. Best is trial 406 with value: 38.90494892453006.
trail number 872
[I 2025-07-21 19:04:03,950] Trial 872 finished with value: 40.110661031399005 and parameters: {'C': 705.7577554081543, 'epsilon': 25.554446248329068, 'gamma': 0.027852057954822734}. Best is trial 406 with value: 38.90494892453006.
trail number 875
[I 2025-07-21 19:04:03,956] Trial 875 finished with value: 39.89786338514845 and parameters: {'C': 725.6067759791017, 'epsilon': 26.914637156356665, 'gamma': 0.024625493330466618}. Best is trial 406 with value: 38.90494892453006.
trail number 874
[I 2025-07-21 19:04:03,967] Trial 874 finished with value: 39.169932693832806 and parameters: {'C': 719.3126480366516, 'epsilon': 22.40964940501369, 'gamma': 0.014648472676391253}. Best is trial 406 with value: 38.90494892453006.
trail number 876
[I 2025-07-21 19:04:03,983] Trial 876 finished with value: 38.99976122291537 and parameters: {'C': 703.0025585231732, 'epsilon': 28.8549765169392, 'gamma': 0.008241059085549063}. Best is trial 406 with value: 38.90494892453006.
trail number 878
[I 2025-07-21 19:04:03,998] Trial 878 finished with value: 47.7081416245422 and parameters: {'C': 700.9081760081856, 'epsilon': 24.326466381646465, 'gamma': 0.1834145514132659}. Best is trial 406 with value: 38.90494892453006.
trail number 880
[I 2025-07-21 19:04:04,016] Trial 880 finished with value: 40.40944908108953 and parameters: {'C': 795.7665067138157, 'epsilon': 29.90284404534778, 'gamma': 0.028696008320642657}. Best is trial 406 with value: 38.90494892453006.
trail number 877
[I 2025-07-21 19:04:04,017] Trial 877 finished with value: 45.218393264013784 and parameters: {'C': 702.7526474414111, 'epsilon': 25.954359629121985, 'gamma': 0.09207607675114712}. Best is trial 406 with value: 38.90494892453006.
trail number 881
[I 2025-07-21 19:04:04,026] Trial 881 finished with value: 39.41431524320384 and parameters: {'C': 769.6056278387547, 'epsilon': 28.490300344616802, 'gamma': 0.0033976658513476215}. Best is trial 406 with value: 38.90494892453006.
trail number 879
[I 2025-07-21 19:04:04,026] Trial 879 finished with value: 44.54905853058028 and parameters: {'C': 765.1889929034394, 'epsilon': 24.730433916280578, 'gamma': 0.07097280999774004}. Best is trial 406 with value: 38.90494892453006.
trail number 883
[I 2025-07-21 19:04:04,062] Trial 883 finished with value: 39.51336335789391 and parameters: {'C': 822.2726551143638, 'epsilon': 29.433445586939786, 'gamma': 0.017885781599117682}. Best is trial 406 with value: 38.90494892453006.
trail number 885
[I 2025-07-21 19:04:04,068] Trial 885 finished with value: 47.63489971356512 and parameters: {'C': 905.8501327758102, 'epsilon': 29.839583059529847, 'gamma': 0.23284909133262557}. Best is trial 406 with value: 38.90494892453006.
trail number 882
[I 2025-07-21 19:04:04,073] Trial 882 finished with value: 44.051346676358136 and parameters: {'C': 700.6056419098628, 'epsilon': 27.05127027225985, 'gamma': 0.06386327377956331}. Best is trial 406 with value: 38.90494892453006.
trail number 884
[I 2025-07-21 19:04:04,073] Trial 884 finished with value: 40.55977827227101 and parameters: {'C': 701.6940182221603, 'epsilon': 26.75952734551835, 'gamma': 0.034453881870727315}. Best is trial 406 with value: 38.90494892453006.
trail number 886
[I 2025-07-21 19:04:04,102] Trial 886 finished with value: 39.14803414352404 and parameters: {'C': 761.8512279151817, 'epsilon': 25.362020951990445, 'gamma': 0.0052744433542709634}. Best is trial 406 with value: 38.90494892453006.
trail number 887
[I 2025-07-21 19:04:04,112] Trial 887 finished with value: 42.42626310176729 and parameters: {'C': 713.2414134638047, 'epsilon': 28.222155843078305, 'gamma': 0.04714217621033815}. Best is trial 406 with value: 38.90494892453006.
trail number 889
[I 2025-07-21 19:04:04,123] Trial 889 finished with value: 44.471492634529035 and parameters: {'C': 771.4733726953687, 'epsilon': 23.038624044627348, 'gamma': 0.07155551549027235}. Best is trial 406 with value: 38.90494892453006.
trail number 888
[I 2025-07-21 19:04:04,128] Trial 888 finished with value: 48.41951079115782 and parameters: {'C': 786.2170472816626, 'epsilon': 8.717360602777996, 'gamma': 0.24262222818900112}. Best is trial 406 with value: 38.90494892453006.
trail number 891
