[I 2025-07-21 19:04:11,496] Trial 1506 finished with value: 45.02598738315758 and parameters: {'C': 923.0767383749342, 'epsilon': 25.597884535049726, 'gamma': 0.06857104435366042}. Best is trial 406 with value: 38.90494892453006.
trail number 1507
[I 2025-07-21 19:04:11,505] Trial 1507 finished with value: 44.30416144781142 and parameters: {'C': 978.0730147432643, 'epsilon': 20.04925282732001, 'gamma': 0.06419743633500521}. Best is trial 406 with value: 38.90494892453006.
trail number 1510
[I 2025-07-21 19:04:11,522] Trial 1510 finished with value: 39.11855075333089 and parameters: {'C': 705.7998429606938, 'epsilon': 23.518272012407536, 'gamma': 0.012273594808770407}. Best is trial 406 with value: 38.90494892453006.
trail number 1512
[I 2025-07-21 19:04:11,533] Trial 1512 finished with value: 39.73389826759334 and parameters: {'C': 704.9586834394507, 'epsilon': 27.25867792425616, 'gamma': 0.002633906218259453}. Best is trial 406 with value: 38.90494892453006.
trail number 1509
[I 2025-07-21 19:04:11,539] Trial 1509 finished with value: 46.329879348950485 and parameters: {'C': 889.3030378962433, 'epsilon': 21.931172303736492, 'gamma': 0.11846183322517925}. Best is trial 406 with value: 38.90494892453006.
trail number 1511
[I 2025-07-21 19:04:11,552] Trial 1511 finished with value: 45.29872185745917 and parameters: {'C': 1042.0346668609825, 'epsilon': 21.427045712755717, 'gamma': 0.07343593129351778}. Best is trial 406 with value: 38.90494892453006.
trail number 1513
[I 2025-07-21 19:04:11,559] Trial 1513 finished with value: 41.48005775380041 and parameters: {'C': 720.54334270078, 'epsilon': 28.050443128816795, 'gamma': 0.0004975736688425658}. Best is trial 406 with value: 38.90494892453006.
trail number 1514
[I 2025-07-21 19:04:11,575] Trial 1514 finished with value: 39.12985099212398 and parameters: {'C': 888.1541666978932, 'epsilon': 25.112794254128282, 'gamma': 0.00832169634332509}. Best is trial 406 with value: 38.90494892453006.
trail number 1516
[I 2025-07-21 19:04:11,593] Trial 1516 finished with value: 39.10570896367667 and parameters: {'C': 703.4112290850454, 'epsilon': 23.425694717898573, 'gamma': 0.014912567258417279}. Best is trial 406 with value: 38.90494892453006.
trail number 1515
[I 2025-07-21 19:04:11,605] Trial 1515 finished with value: 43.93115889353281 and parameters: {'C': 842.6207225817319, 'epsilon': 26.835153826425305, 'gamma': 0.05664935668351086}. Best is trial 406 with value: 38.90494892453006.
trail number 1518
[I 2025-07-21 19:04:11,616] Trial 1518 finished with value: 44.47113225006332 and parameters: {'C': 826.3807614345358, 'epsilon': 27.11058226812745, 'gamma': 0.06376667388695309}. Best is trial 406 with value: 38.90494892453006.
trail number 1517
[I 2025-07-21 19:04:11,623] Trial 1517 finished with value: 45.11560702324768 and parameters: {'C': 774.656203875723, 'epsilon': 18.408106386536875, 'gamma': 0.09855834141282863}. Best is trial 406 with value: 38.90494892453006.
trail number 1520
[I 2025-07-21 19:04:11,638] Trial 1520 finished with value: 39.49145246233265 and parameters: {'C': 924.2688515391211, 'epsilon': 24.209549063373757, 'gamma': 0.0024187701662351426}. Best is trial 406 with value: 38.90494892453006.
trail number 1519
[I 2025-07-21 19:04:11,645] Trial 1519 finished with value: 47.3901547829616 and parameters: {'C': 1025.1494784105769, 'epsilon': 23.92790471327918, 'gamma': 0.12318862548447625}. Best is trial 406 with value: 38.90494892453006.
trail number 1522
[I 2025-07-21 19:04:11,659] Trial 1522 finished with value: 39.34057222196405 and parameters: {'C': 706.1163669537682, 'epsilon': 24.606649918738935, 'gamma': 0.004573873281402047}. Best is trial 406 with value: 38.90494892453006.
trail number 1521
[I 2025-07-21 19:04:11,671] Trial 1521 finished with value: 44.11059674298333 and parameters: {'C': 702.8284893999772, 'epsilon': 28.426658215408295, 'gamma': 0.06507240963111455}. Best is trial 406 with value: 38.90494892453006.
trail number 1523
[I 2025-07-21 19:04:11,686] Trial 1523 finished with value: 49.03895739251779 and parameters: {'C': 1036.109424762029, 'epsilon': 13.062540638614466, 'gamma': 0.41337939104111354}. Best is trial 406 with value: 38.90494892453006.
trail number 1524
[I 2025-07-21 19:04:11,693] Trial 1524 finished with value: 45.30979347954086 and parameters: {'C': 713.8172089353811, 'epsilon': 27.490578032235835, 'gamma': 0.10288305711877994}. Best is trial 406 with value: 38.90494892453006.
trail number 1526
[I 2025-07-21 19:04:11,706] Trial 1526 finished with value: 39.67904446590573 and parameters: {'C': 711.0724990373958, 'epsilon': 29.75032011618852, 'gamma': 0.0029265310801656437}. Best is trial 406 with value: 38.90494892453006.
trail number 1525
[I 2025-07-21 19:04:11,712] Trial 1525 finished with value: 44.22806945129797 and parameters: {'C': 851.8530226221965, 'epsilon': 25.57261379658755, 'gamma': 0.06040618627499783}. Best is trial 406 with value: 38.90494892453006.
trail number 1528
[I 2025-07-21 19:04:11,728] Trial 1528 finished with value: 39.29739165720541 and parameters: {'C': 1041.078837926169, 'epsilon': 23.120466648105612, 'gamma': 0.003765084595992072}. Best is trial 406 with value: 38.90494892453006.
trail number 1529
[I 2025-07-21 19:04:11,742] Trial 1529 finished with value: 39.23248024187012 and parameters: {'C': 993.0002781977494, 'epsilon': 22.778264211814648, 'gamma': 0.004417938824948221}. Best is trial 406 with value: 38.90494892453006.
trail number 1527
[I 2025-07-21 19:04:11,749] Trial 1527 finished with value: 42.70556706236293 and parameters: {'C': 976.2492877602442, 'epsilon': 23.209706485020625, 'gamma': 0.045897306161131614}. Best is trial 406 with value: 38.90494892453006.
trail number 1531
[I 2025-07-21 19:04:11,761] Trial 1531 finished with value: 39.72137270785277 and parameters: {'C': 949.509476469022, 'epsilon': 23.883452323121947, 'gamma': 0.001882221381696074}. Best is trial 406 with value: 38.90494892453006.
trail number 1530
[I 2025-07-21 19:04:11,764] Trial 1530 finished with value: 46.70292076643298 and parameters: {'C': 962.6641238333256, 'epsilon': 25.13682085394238, 'gamma': 0.11376812933657071}. Best is trial 406 with value: 38.90494892453006.
trail number 1535
[I 2025-07-21 19:04:11,791] Trial 1535 finished with value: 39.32580849966163 and parameters: {'C': 701.0227872139307, 'epsilon': 24.970201730883346, 'gamma': 0.004685806563198678}. Best is trial 406 with value: 38.90494892453006.
trail number 1533
[I 2025-07-21 19:04:11,797] Trial 1533 finished with value: 43.76853727810141 and parameters: {'C': 856.632007393778, 'epsilon': 23.439880076800797, 'gamma': 0.05751432498392564}. Best is trial 406 with value: 38.90494892453006.
trail number 1532
[I 2025-07-21 19:04:11,798] Trial 1532 finished with value: 47.647250177054396 and parameters: {'C': 834.8945842112335, 'epsilon': 24.285578286991296, 'gamma': 0.1448500172632039}. Best is trial 406 with value: 38.90494892453006.
trail number 1534
[I 2025-07-21 19:04:11,809] Trial 1534 finished with value: 44.28356582200006 and parameters: {'C': 818.7108103996999, 'epsilon': 27.072681839308515, 'gamma': 0.06128054034302576}. Best is trial 406 with value: 38.90494892453006.
trail number 1537
[I 2025-07-21 19:04:11,838] Trial 1537 finished with value: 40.02017092118765 and parameters: {'C': 794.1950376680448, 'epsilon': 26.516296565191976, 'gamma': 0.0019120462252524163}. Best is trial 406 with value: 38.90494892453006.
trail number 1539
[I 2025-07-21 19:04:11,849] Trial 1539 finished with value: 48.17149802627436 and parameters: {'C': 1210.815119183264, 'epsilon': 16.17289400249864, 'gamma': 0.33370762360134193}. Best is trial 406 with value: 38.90494892453006.
trail number 1536
[I 2025-07-21 19:04:11,859] Trial 1536 finished with value: 46.75159497094303 and parameters: {'C': 850.6427326013036, 'epsilon': 26.461213761740208, 'gamma': 0.12197426737736883}. Best is trial 406 with value: 38.90494892453006.
trail number 1538
[I 2025-07-21 19:04:11,866] Trial 1538 finished with value: 44.88657836689297 and parameters: {'C': 823.8109304356553, 'epsilon': 27.505888108051163, 'gamma': 0.07110723943026659}. Best is trial 406 with value: 38.90494892453006.
trail number 1540
[I 2025-07-21 19:04:11,884] Trial 1540 finished with value: 44.943756459423206 and parameters: {'C': 805.1464270367157, 'epsilon': 29.238378114183803, 'gamma': 0.07478600908174364}. Best is trial 406 with value: 38.90494892453006.
trail number 1541
[I 2025-07-21 19:04:11,895] Trial 1541 finished with value: 43.49130723886755 and parameters: {'C': 816.5675698616719, 'epsilon': 27.457245481582813, 'gamma': 0.052770985349486696}. Best is trial 406 with value: 38.90494892453006.
trail number 1543
[I 2025-07-21 19:04:11,913] Trial 1543 finished with value: 43.76175064175028 and parameters: {'C': 795.3156403152441, 'epsilon': 20.231504946225147, 'gamma': 0.06465717066300004}. Best is trial 406 with value: 38.90494892453006.
trail number 1542
[I 2025-07-21 19:04:11,916] Trial 1542 finished with value: 42.74506555304436 and parameters: {'C': 797.2365924241482, 'epsilon': 20.49280042419922, 'gamma': 0.052662003431362056}. Best is trial 406 with value: 38.90494892453006.
trail number 1544
[I 2025-07-21 19:04:11,931] Trial 1544 finished with value: 48.304471515518784 and parameters: {'C': 952.9309016841703, 'epsilon': 10.457228588367137, 'gamma': 0.25900905511780886}. Best is trial 406 with value: 38.90494892453006.
trail number 1545
[I 2025-07-21 19:04:11,945] Trial 1545 finished with value: 43.756500630199284 and parameters: {'C': 784.4511918264001, 'epsilon': 20.39720524141984, 'gamma': 0.06476086199178481}. Best is trial 406 with value: 38.90494892453006.
trail number 1546
[I 2025-07-21 19:04:11,957] Trial 1546 finished with value: 39.21004300294976 and parameters: {'C': 872.4749726833966, 'epsilon': 23.036036636846294, 'gamma': 0.007534570507813141}. Best is trial 406 with value: 38.90494892453006.
trail number 1547
[I 2025-07-21 19:04:11,964] Trial 1547 finished with value: 42.77909236680419 and parameters: {'C': 872.8576621481103, 'epsilon': 23.751367340417385, 'gamma': 0.048642063904526404}. Best is trial 406 with value: 38.90494892453006.
trail number 1548
[I 2025-07-21 19:04:11,964] Trial 1548 finished with value: 40.109670545922896 and parameters: {'C': 894.1410879545209, 'epsilon': 23.951229085902263, 'gamma': 0.0013088057224310886}. Best is trial 406 with value: 38.90494892453006.
trail number 1552
[I 2025-07-21 19:04:11,993] Trial 1552 finished with value: 41.97188140010618 and parameters: {'C': 927.2065041580205, 'epsilon': 23.979523914894678, 'gamma': 0.00027893110664873634}. Best is trial 406 with value: 38.90494892453006.
trail number 1549
[I 2025-07-21 19:04:12,000] Trial 1549 finished with value: 42.831011490342725 and parameters: {'C': 944.3314715712813, 'epsilon': 21.37273783885066, 'gamma': 0.04822400726462822}. Best is trial 406 with value: 38.90494892453006.
trail number 1550
[I 2025-07-21 19:04:12,006] Trial 1550 finished with value: 39.39994558494349 and parameters: {'C': 962.3787334736737, 'epsilon': 25.373066557322037, 'gamma': 0.003308430555701453}. Best is trial 406 with value: 38.90494892453006.
trail number 1551
[I 2025-07-21 19:04:12,012] Trial 1551 finished with value: 39.3163248132692 and parameters: {'C': 850.5112568438224, 'epsilon': 27.001262267947897, 'gamma': 0.00342243457514637}. Best is trial 406 with value: 38.90494892453006.
trail number 1556
[I 2025-07-21 19:04:12,038] Trial 1556 finished with value: 42.88174531802739 and parameters: {'C': 715.3613698043595, 'epsilon': 28.792231634295007, 'gamma': 0.0002636694232561682}. Best is trial 406 with value: 38.90494892453006.
trail number 1554
[I 2025-07-21 19:04:12,045] Trial 1554 finished with value: 39.69346738862886 and parameters: {'C': 897.7054804771208, 'epsilon': 25.64972331417839, 'gamma': 0.0022589768295126766}. Best is trial 406 with value: 38.90494892453006.
trail number 1553
[I 2025-07-21 19:04:12,060] Trial 1553 finished with value: 44.86681780985845 and parameters: {'C': 977.0144386066964, 'epsilon': 24.303845952067544, 'gamma': 0.0651888384120788}. Best is trial 406 with value: 38.90494892453006.
trail number 1555
[I 2025-07-21 19:04:12,068] Trial 1555 finished with value: 44.95772037392551 and parameters: {'C': 710.4258138618305, 'epsilon': 29.671614444786837, 'gamma': 0.08391136166240112}. Best is trial 406 with value: 38.90494892453006.
trail number 1557
[I 2025-07-21 19:04:12,098] Trial 1557 finished with value: 46.58441382753681 and parameters: {'C': 1072.4460809685688, 'epsilon': 22.588992442899862, 'gamma': 0.10364115052343148}. Best is trial 406 with value: 38.90494892453006.
trail number 1560
[I 2025-07-21 19:04:12,109] Trial 1560 finished with value: 43.06120152382345 and parameters: {'C': 910.4960113257397, 'epsilon': 25.177853563014345, 'gamma': 0.048423012139897706}. Best is trial 406 with value: 38.90494892453006.
trail number 1558
[I 2025-07-21 19:04:12,116] Trial 1558 finished with value: 45.70928444225885 and parameters: {'C': 963.7233790996606, 'epsilon': 24.41424555341618, 'gamma': 0.08118987863968778}. Best is trial 406 with value: 38.90494892453006.
trail number 1559
[I 2025-07-21 19:04:12,125] Trial 1559 finished with value: 44.4521995815462 and parameters: {'C': 813.6765419335604, 'epsilon': 28.037088357342718, 'gamma': 0.06429192909975046}. Best is trial 406 with value: 38.90494892453006.
trail number 1561
[I 2025-07-21 19:04:12,137] Trial 1561 finished with value: 39.7191127725866 and parameters: {'C': 701.0641327826786, 'epsilon': 28.923678397458428, 'gamma': 0.002452598430805338}. Best is trial 406 with value: 38.90494892453006.
trail number 1565
[I 2025-07-21 19:04:12,163] Trial 1565 finished with value: 39.113546223725095 and parameters: {'C': 827.3825759798106, 'epsilon': 24.72080426462098, 'gamma': 0.005934526514168392}. Best is trial 406 with value: 38.90494892453006.
trail number 1562
[I 2025-07-21 19:04:12,176] Trial 1562 finished with value: 46.56158923456189 and parameters: {'C': 948.4833433693034, 'epsilon': 25.14241887958904, 'gamma': 0.11230900505863559}. Best is trial 406 with value: 38.90494892453006.
trail number 1563
[I 2025-07-21 19:04:12,183] Trial 1563 finished with value: 44.271086615566574 and parameters: {'C': 798.2302174926208, 'epsilon': 24.854233436545176, 'gamma': 0.06432903722055285}. Best is trial 406 with value: 38.90494892453006.
trail number 1564
[I 2025-07-21 19:04:12,190] Trial 1564 finished with value: 45.471551496030386 and parameters: {'C': 808.3966867078326, 'epsilon': 24.2147941245275, 'gamma': 0.0940936249083701}. Best is trial 406 with value: 38.90494892453006.
trail number 1566
[I 2025-07-21 19:04:12,208] Trial 1566 finished with value: 44.033165928419265 and parameters: {'C': 823.1973941136317, 'epsilon': 23.3232628692839, 'gamma': 0.062397837942421444}. Best is trial 406 with value: 38.90494892453006.
trail number 1568
[I 2025-07-21 19:04:12,224] Trial 1568 finished with value: 39.02290475776685 and parameters: {'C': 853.026447627067, 'epsilon': 28.359257266996487, 'gamma': 0.005345123994383485}. Best is trial 406 with value: 38.90494892453006.
trail number 1569
[I 2025-07-21 19:04:12,231] Trial 1569 finished with value: 39.094335910539925 and parameters: {'C': 846.2738783277503, 'epsilon': 27.082192280832437, 'gamma': 0.008631302790086885}. Best is trial 406 with value: 38.90494892453006.
trail number 1567
[I 2025-07-21 19:04:12,238] Trial 1567 finished with value: 42.78752612257949 and parameters: {'C': 817.5375109477127, 'epsilon': 26.343774104640197, 'gamma': 0.04773971978895488}. Best is trial 406 with value: 38.90494892453006.
trail number 1570
[I 2025-07-21 19:04:12,247] Trial 1570 finished with value: 39.87842448258782 and parameters: {'C': 828.267812059037, 'epsilon': 22.196329063792334, 'gamma': 0.0015483457769741877}. Best is trial 406 with value: 38.90494892453006.
trail number 1571
[I 2025-07-21 19:04:12,270] Trial 1571 finished with value: 39.23084381840464 and parameters: {'C': 806.1403254252081, 'epsilon': 26.829040563155065, 'gamma': 0.004291712778014078}. Best is trial 406 with value: 38.90494892453006.
trail number 1574
[I 2025-07-21 19:04:12,286] Trial 1574 finished with value: 42.8372994034456 and parameters: {'C': 895.9337934827195, 'epsilon': 28.350504721709985, 'gamma': 0.0445541207601482}. Best is trial 406 with value: 38.90494892453006.
trail number 1572
[I 2025-07-21 19:04:12,293] Trial 1572 finished with value: 44.7412886785195 and parameters: {'C': 871.121778095519, 'epsilon': 27.722724455049306, 'gamma': 0.06584906030203959}. Best is trial 406 with value: 38.90494892453006.
trail number 1573
[I 2025-07-21 19:04:12,294] Trial 1573 finished with value: 45.513372334181874 and parameters: {'C': 907.4208608411038, 'epsilon': 29.070604603363734, 'gamma': 0.08432941502407869}. Best is trial 406 with value: 38.90494892453006.
trail number 1575
[I 2025-07-21 19:04:12,314] Trial 1575 finished with value: 40.51253026338345 and parameters: {'C': 904.7464996412349, 'epsilon': 27.814919435001585, 'gamma': 0.029602460387467402}. Best is trial 406 with value: 38.90494892453006.
trail number 1576
[I 2025-07-21 19:04:12,331] Trial 1576 finished with value: 39.76292712039844 and parameters: {'C': 950.8504514274086, 'epsilon': 28.73275133114827, 'gamma': 0.0019342723496303662}. Best is trial 406 with value: 38.90494892453006.
trail number 1578
[I 2025-07-21 19:04:12,337] Trial 1578 finished with value: 39.26691018753 and parameters: {'C': 811.4135139232437, 'epsilon': 29.571883073425948, 'gamma': 0.009787093511921127}. Best is trial 406 with value: 38.90494892453006.
trail number 1577
[I 2025-07-21 19:04:12,346] Trial 1577 finished with value: 43.366299836200746 and parameters: {'C': 840.4638335359418, 'epsilon': 29.14176104344266, 'gamma': 0.04974454771701174}. Best is trial 406 with value: 38.90494892453006.
trail number 1579
[I 2025-07-21 19:04:12,356] Trial 1579 finished with value: 43.77768874683293 and parameters: {'C': 876.0512896554022, 'epsilon': 29.455646656142513, 'gamma': 0.052579908413852974}. Best is trial 406 with value: 38.90494892453006.
trail number 1580
[I 2025-07-21 19:04:12,383] Trial 1580 finished with value: 40.31619358966621 and parameters: {'C': 782.3174725450334, 'epsilon': 27.65334531754148, 'gamma': 0.0015537700769643207}. Best is trial 406 with value: 38.90494892453006.
trail number 1581
[I 2025-07-21 19:04:12,391] Trial 1581 finished with value: 39.038067000692685 and parameters: {'C': 880.5902669614563, 'epsilon': 29.153669208239123, 'gamma': 0.005659111954471209}. Best is trial 406 with value: 38.90494892453006.
trail number 1583
[I 2025-07-21 19:04:12,397] Trial 1583 finished with value: 48.0157794571157 and parameters: {'C': 959.5746708651438, 'epsilon': 28.3599757780367, 'gamma': 0.15871740469434273}. Best is trial 406 with value: 38.90494892453006.
trail number 1582
[I 2025-07-21 19:04:12,397] Trial 1582 finished with value: 46.35909473734809 and parameters: {'C': 827.7497844142104, 'epsilon': 29.485550936697518, 'gamma': 0.11366926066217274}. Best is trial 406 with value: 38.90494892453006.
trail number 1586
[I 2025-07-21 19:04:12,433] Trial 1586 finished with value: 39.39175648399151 and parameters: {'C': 831.7825867288026, 'epsilon': 27.571560190259838, 'gamma': 0.0031922311359935465}. Best is trial 406 with value: 38.90494892453006.
trail number 1584
[I 2025-07-21 19:04:12,449] Trial 1584 finished with value: 39.022008033123505 and parameters: {'C': 936.0344685058218, 'epsilon': 28.144101994974854, 'gamma': 0.004988672616904225}. Best is trial 406 with value: 38.90494892453006.
trail number 1587
[I 2025-07-21 19:04:12,457] Trial 1587 finished with value: 44.472082594000526 and parameters: {'C': 787.4784041310897, 'epsilon': 29.328968781774314, 'gamma': 0.0653563458826727}. Best is trial 406 with value: 38.90494892453006.
trail number 1585
[I 2025-07-21 19:04:12,462] Trial 1585 finished with value: 44.953654993926136 and parameters: {'C': 776.75216089823, 'epsilon': 29.999626492168687, 'gamma': 0.07778278465161509}. Best is trial 406 with value: 38.90494892453006.
trail number 1588
[I 2025-07-21 19:04:12,492] Trial 1588 finished with value: 43.589445221775264 and parameters: {'C': 782.0841215332736, 'epsilon': 27.15538621458565, 'gamma': 0.05513420209556498}. Best is trial 406 with value: 38.90494892453006.
trail number 1589
[I 2025-07-21 19:04:12,509] Trial 1589 finished with value: 39.329739701111734 and parameters: {'C': 923.3834268742371, 'epsilon': 29.825840782184727, 'gamma': 0.009150535855558304}. Best is trial 406 with value: 38.90494892453006.
trail number 1590
[I 2025-07-21 19:04:12,518] Trial 1590 finished with value: 39.27642622668712 and parameters: {'C': 986.2816840483899, 'epsilon': 27.151644461280593, 'gamma': 0.014219010069074929}. Best is trial 406 with value: 38.90494892453006.
trail number 1591
[I 2025-07-21 19:04:12,526] Trial 1591 finished with value: 44.01238745681624 and parameters: {'C': 921.7975840485523, 'epsilon': 25.370847229126284, 'gamma': 0.05603020430261787}. Best is trial 406 with value: 38.90494892453006.
trail number 1592
[I 2025-07-21 19:04:12,554] Trial 1592 finished with value: 44.17384986082138 and parameters: {'C': 949.3872673514395, 'epsilon': 29.121001545828854, 'gamma': 0.05467965086110873}. Best is trial 406 with value: 38.90494892453006.
trail number 1595
[I 2025-07-21 19:04:12,566] Trial 1595 finished with value: 48.631535323489814 and parameters: {'C': 1453.2741322901918, 'epsilon': 22.61880700336423, 'gamma': 0.34577404320924215}. Best is trial 406 with value: 38.90494892453006.
trail number 1594
[I 2025-07-21 19:04:12,572] Trial 1594 finished with value: 39.241675543839655 and parameters: {'C': 876.0563012224561, 'epsilon': 27.182208358457874, 'gamma': 0.0037885605040772156}. Best is trial 406 with value: 38.90494892453006.
trail number 1593
