[I 2025-07-21 19:04:20,886] Trial 2211 finished with value: 44.343049719429516 and parameters: {'C': 803.3486629969892, 'epsilon': 27.300025179135414, 'gamma': 0.0627914837888057}. Best is trial 406 with value: 38.90494892453006.
trail number 2212
[I 2025-07-21 19:04:20,899] Trial 2212 finished with value: 48.48058659680922 and parameters: {'C': 1171.4229442869507, 'epsilon': 11.869516318218738, 'gamma': 0.36418328130258554}. Best is trial 406 with value: 38.90494892453006.
trail number 2214
[I 2025-07-21 19:04:20,912] Trial 2214 finished with value: 39.71427572826543 and parameters: {'C': 703.9391627451685, 'epsilon': 20.43232503636938, 'gamma': 0.002686396195321336}. Best is trial 406 with value: 38.90494892453006.
trail number 2213
[I 2025-07-21 19:04:20,929] Trial 2213 finished with value: 39.07532935691545 and parameters: {'C': 703.6836139285944, 'epsilon': 25.820902718152727, 'gamma': 0.012580249762010656}. Best is trial 406 with value: 38.90494892453006.
trail number 2217
[I 2025-07-21 19:04:20,946] Trial 2217 finished with value: 40.39062820307411 and parameters: {'C': 950.1392301673059, 'epsilon': 24.03336641973199, 'gamma': 0.0009805015423701435}. Best is trial 406 with value: 38.90494892453006.
trail number 2216
[I 2025-07-21 19:04:20,954] Trial 2216 finished with value: 44.77900341599693 and parameters: {'C': 895.5438610571482, 'epsilon': 18.938197211776803, 'gamma': 0.07624992775391708}. Best is trial 406 with value: 38.90494892453006.
trail number 2215
[I 2025-07-21 19:04:20,962] Trial 2215 finished with value: 44.80539293444467 and parameters: {'C': 943.5948343009087, 'epsilon': 19.71329840813023, 'gamma': 0.0732451956986313}. Best is trial 406 with value: 38.90494892453006.
trail number 2218
[I 2025-07-21 19:04:20,980] Trial 2218 finished with value: 39.57859882167677 and parameters: {'C': 928.6109953930325, 'epsilon': 29.813646039258444, 'gamma': 0.002715756261430353}. Best is trial 406 with value: 38.90494892453006.
trail number 2219
[I 2025-07-21 19:04:21,009] Trial 2219 finished with value: 43.08651752353841 and parameters: {'C': 803.4542679971798, 'epsilon': 25.128906473284125, 'gamma': 0.05194206569735632}. Best is trial 406 with value: 38.90494892453006.
trail number 2220
[I 2025-07-21 19:04:21,017] Trial 2220 finished with value: 47.08995922504424 and parameters: {'C': 895.0537005032927, 'epsilon': 27.549395954886187, 'gamma': 0.12258654837881146}. Best is trial 406 with value: 38.90494892453006.
trail number 2222
[I 2025-07-21 19:04:21,031] Trial 2222 finished with value: 39.57767866834948 and parameters: {'C': 1022.3939548257346, 'epsilon': 18.924792734762914, 'gamma': 0.009433451150545474}. Best is trial 406 with value: 38.90494892453006.
trail number 2221
[I 2025-07-21 19:04:21,038] Trial 2221 finished with value: 43.63256200529059 and parameters: {'C': 801.9245862560837, 'epsilon': 25.651403245835454, 'gamma': 0.05623969075879489}. Best is trial 406 with value: 38.90494892453006.
trail number 2223
[I 2025-07-21 19:04:21,065] Trial 2223 finished with value: 45.348175166367604 and parameters: {'C': 706.0482355343925, 'epsilon': 28.239731553384335, 'gamma': 0.10588753723960186}. Best is trial 406 with value: 38.90494892453006.
trail number 2224
[I 2025-07-21 19:04:21,065] Trial 2224 finished with value: 41.42182452958237 and parameters: {'C': 782.4812483914246, 'epsilon': 24.30002291622639, 'gamma': 0.03995774666423178}. Best is trial 406 with value: 38.90494892453006.
trail number 2226
[I 2025-07-21 19:04:21,102] Trial 2226 finished with value: 45.20665526865829 and parameters: {'C': 704.2313734385638, 'epsilon': 26.81848815246062, 'gamma': 0.09753657960087773}. Best is trial 406 with value: 38.90494892453006.
trail number 2225
[I 2025-07-21 19:04:21,110] Trial 2225 finished with value: 42.60250398941677 and parameters: {'C': 791.6536586882979, 'epsilon': 22.899026488827282, 'gamma': 0.050588313482352196}. Best is trial 406 with value: 38.90494892453006.
trail number 2227
[I 2025-07-21 19:04:21,116] Trial 2227 finished with value: 39.833795237030095 and parameters: {'C': 859.7904048712624, 'epsilon': 26.828231190911314, 'gamma': 0.002119469831568889}. Best is trial 406 with value: 38.90494892453006.
trail number 2228
[I 2025-07-21 19:04:21,133] Trial 2228 finished with value: 44.43065989708674 and parameters: {'C': 717.661101053928, 'epsilon': 27.17765745126855, 'gamma': 0.06945606786053513}. Best is trial 406 with value: 38.90494892453006.
trail number 2229
[I 2025-07-21 19:04:21,157] Trial 2229 finished with value: 40.12509903271082 and parameters: {'C': 850.9782357165202, 'epsilon': 26.37562880025908, 'gamma': 0.0016284185218788747}. Best is trial 406 with value: 38.90494892453006.
trail number 2230
[I 2025-07-21 19:04:21,177] Trial 2230 finished with value: 46.157471369562835 and parameters: {'C': 962.4164078675034, 'epsilon': 23.64948236185424, 'gamma': 0.10205666706352798}. Best is trial 406 with value: 38.90494892453006.
trail number 2232
[I 2025-07-21 19:04:21,186] Trial 2232 finished with value: 39.0761552997215 and parameters: {'C': 705.6114895983745, 'epsilon': 26.15302762232936, 'gamma': 0.007093589190701211}. Best is trial 406 with value: 38.90494892453006.
trail number 2233
[I 2025-07-21 19:04:21,193] Trial 2233 finished with value: 39.239240730191504 and parameters: {'C': 705.4652913018339, 'epsilon': 26.023814470816014, 'gamma': 0.004500705236503274}. Best is trial 406 with value: 38.90494892453006.
trail number 2231
[I 2025-07-21 19:04:21,200] Trial 2231 finished with value: 45.31808626041825 and parameters: {'C': 1032.4220540796985, 'epsilon': 23.427516540434286, 'gamma': 0.07090186600439352}. Best is trial 406 with value: 38.90494892453006.
trail number 2237
[I 2025-07-21 19:04:21,233] Trial 2237 finished with value: 39.418123792295006 and parameters: {'C': 870.2072343002942, 'epsilon': 21.423260682117327, 'gamma': 0.003335624638062272}. Best is trial 406 with value: 38.90494892453006.
trail number 2236
[I 2025-07-21 19:04:21,241] Trial 2236 finished with value: 48.99565663318832 and parameters: {'C': 1440.5544357961753, 'epsilon': 19.62643445815275, 'gamma': 0.38373086566791603}. Best is trial 406 with value: 38.90494892453006.
trail number 2234
[I 2025-07-21 19:04:21,256] Trial 2234 finished with value: 42.39340548979932 and parameters: {'C': 700.9872837654096, 'epsilon': 25.93336809218785, 'gamma': 0.048836071797125125}. Best is trial 406 with value: 38.90494892453006.
trail number 2235
[I 2025-07-21 19:04:21,281] Trial 2235 finished with value: 45.25253405401851 and parameters: {'C': 1013.6768692925276, 'epsilon': 24.162425282189457, 'gamma': 0.06915042790512771}. Best is trial 406 with value: 38.90494892453006.
trail number 2238
[I 2025-07-21 19:04:21,290] Trial 2238 finished with value: 42.23194431334899 and parameters: {'C': 702.9269545211044, 'epsilon': 22.374045540903587, 'gamma': 0.05062043370890351}. Best is trial 406 with value: 38.90494892453006.
trail number 2240
[I 2025-07-21 19:04:21,298] Trial 2240 finished with value: 40.828815933130755 and parameters: {'C': 964.9265965134903, 'epsilon': 23.921023015288867, 'gamma': 0.0006281512060009597}. Best is trial 406 with value: 38.90494892453006.
trail number 2239
[I 2025-07-21 19:04:21,298] Trial 2239 finished with value: 42.629192923557575 and parameters: {'C': 978.658482430523, 'epsilon': 23.13725067340353, 'gamma': 0.04535945689904279}. Best is trial 406 with value: 38.90494892453006.
trail number 2242
[I 2025-07-21 19:04:21,333] Trial 2242 finished with value: 40.528557399357446 and parameters: {'C': 889.0750634008656, 'epsilon': 27.121344648823573, 'gamma': 0.0009030468303032934}. Best is trial 406 with value: 38.90494892453006.
trail number 2244
[I 2025-07-21 19:04:21,351] Trial 2244 finished with value: 43.20547847964606 and parameters: {'C': 867.673015183159, 'epsilon': 24.763470138687953, 'gamma': 0.05121784413823115}. Best is trial 406 with value: 38.90494892453006.
trail number 2243
[I 2025-07-21 19:04:21,368] Trial 2243 finished with value: 43.10964389939963 and parameters: {'C': 895.3561265298065, 'epsilon': 25.582892689153358, 'gamma': 0.04881372784379815}. Best is trial 406 with value: 38.90494892453006.
trail number 2241
[I 2025-07-21 19:04:21,375] Trial 2241 finished with value: 43.12613910994485 and parameters: {'C': 972.945053339955, 'epsilon': 24.487527329852085, 'gamma': 0.04787063133459257}. Best is trial 406 with value: 38.90494892453006.
trail number 2245
[I 2025-07-21 19:04:21,388] Trial 2245 finished with value: 44.84650100320047 and parameters: {'C': 897.6606266902943, 'epsilon': 28.273070895995158, 'gamma': 0.06590875190815153}. Best is trial 406 with value: 38.90494892453006.
trail number 2246
[I 2025-07-21 19:04:21,400] Trial 2246 finished with value: 44.62993053854877 and parameters: {'C': 701.276859203248, 'epsilon': 28.348889655628103, 'gamma': 0.07379698440044209}. Best is trial 406 with value: 38.90494892453006.
trail number 2248
[I 2025-07-21 19:04:21,421] Trial 2248 finished with value: 43.26768519986608 and parameters: {'C': 775.6821521976408, 'epsilon': 23.718040660554802, 'gamma': 0.00018546302220060797}. Best is trial 406 with value: 38.90494892453006.
trail number 2250
[I 2025-07-21 19:04:21,432] Trial 2250 finished with value: 39.52563564881368 and parameters: {'C': 769.7546072404026, 'epsilon': 24.117753555155208, 'gamma': 0.0032048592525178946}. Best is trial 406 with value: 38.90494892453006.
trail number 2247
[I 2025-07-21 19:04:21,439] Trial 2247 finished with value: 46.684482988046526 and parameters: {'C': 797.6001350087628, 'epsilon': 27.50289349441447, 'gamma': 0.12391055772288939}. Best is trial 406 with value: 38.90494892453006.
trail number 2249
[I 2025-07-21 19:04:21,461] Trial 2249 finished with value: 42.99332114051304 and parameters: {'C': 802.1169413523088, 'epsilon': 28.02556100443537, 'gamma': 0.04856056606631759}. Best is trial 406 with value: 38.90494892453006.
trail number 2251
[I 2025-07-21 19:04:21,472] Trial 2251 finished with value: 41.087067822017765 and parameters: {'C': 949.2591025172461, 'epsilon': 25.806262427476277, 'gamma': 0.00047638384501786854}. Best is trial 406 with value: 38.90494892453006.
trail number 2252
[I 2025-07-21 19:04:21,480] Trial 2252 finished with value: 39.857890383305794 and parameters: {'C': 790.1412538662362, 'epsilon': 27.71148331890867, 'gamma': 0.0020073742209494655}. Best is trial 406 with value: 38.90494892453006.
trail number 2253
[I 2025-07-21 19:04:21,487] Trial 2253 finished with value: 39.72049178363719 and parameters: {'C': 845.8373176327245, 'epsilon': 20.705233609991357, 'gamma': 0.002334456812014}. Best is trial 406 with value: 38.90494892453006.
trail number 2254
[I 2025-07-21 19:04:21,513] Trial 2254 finished with value: 41.86025989373569 and parameters: {'C': 859.1326681473871, 'epsilon': 28.671327670288118, 'gamma': 0.00032866028449473825}. Best is trial 406 with value: 38.90494892453006.
trail number 2257
[I 2025-07-21 19:04:21,539] Trial 2257 finished with value: 44.27174144742912 and parameters: {'C': 950.4573967571988, 'epsilon': 28.943039999902346, 'gamma': 0.0560079089935583}. Best is trial 406 with value: 38.90494892453006.
trail number 2255
[I 2025-07-21 19:04:21,547] Trial 2255 finished with value: 41.7720690345466 and parameters: {'C': 791.4801544253722, 'epsilon': 28.191712342643637, 'gamma': 0.04008502380470773}. Best is trial 406 with value: 38.90494892453006.
trail number 2256
[I 2025-07-21 19:04:21,547] Trial 2256 finished with value: 47.884311494361704 and parameters: {'C': 1063.5343753917618, 'epsilon': 27.848956225981407, 'gamma': 0.12289768607668858}. Best is trial 406 with value: 38.90494892453006.
trail number 2258
[I 2025-07-21 19:04:21,574] Trial 2258 finished with value: 48.240220760642785 and parameters: {'C': 1046.1503489316665, 'epsilon': 26.71158472865391, 'gamma': 0.1440331192911671}. Best is trial 406 with value: 38.90494892453006.
trail number 2259
[I 2025-07-21 19:04:21,591] Trial 2259 finished with value: 39.26869049740132 and parameters: {'C': 779.0248736470132, 'epsilon': 27.72814668797158, 'gamma': 0.004044538279799193}. Best is trial 406 with value: 38.90494892453006.
trail number 2260
[I 2025-07-21 19:04:21,607] Trial 2260 finished with value: 43.006862410340844 and parameters: {'C': 702.1249234496956, 'epsilon': 29.495516696906275, 'gamma': 0.05072418065729515}. Best is trial 406 with value: 38.90494892453006.
trail number 2261
[I 2025-07-21 19:04:21,615] Trial 2261 finished with value: 42.643073240597204 and parameters: {'C': 780.1633842301073, 'epsilon': 21.31781113835406, 'gamma': 0.051813943107553447}. Best is trial 406 with value: 38.90494892453006.
trail number 2262
[I 2025-07-21 19:04:21,619] Trial 2262 finished with value: 39.16613199286415 and parameters: {'C': 706.2287994675283, 'epsilon': 29.433636631088767, 'gamma': 0.005092300946995058}. Best is trial 406 with value: 38.90494892453006.
trail number 2263
[I 2025-07-21 19:04:21,651] Trial 2263 finished with value: 44.15217281324907 and parameters: {'C': 1067.1868293165935, 'epsilon': 26.025921886109213, 'gamma': 0.053038426323634674}. Best is trial 406 with value: 38.90494892453006.
trail number 2265
[I 2025-07-21 19:04:21,659] Trial 2265 finished with value: 50.936365223377535 and parameters: {'C': 1281.3703220354143, 'epsilon': 17.352445501499076, 'gamma': 0.4886878003550896}. Best is trial 406 with value: 38.90494892453006.
trail number 2264
[I 2025-07-21 19:04:21,663] Trial 2264 finished with value: 39.41130131444076 and parameters: {'C': 1118.7743198013345, 'epsilon': 20.860002096305546, 'gamma': 0.006810839036037413}. Best is trial 406 with value: 38.90494892453006.
trail number 2266
[I 2025-07-21 19:04:21,678] Trial 2266 finished with value: 43.94542184635765 and parameters: {'C': 996.7278457384791, 'epsilon': 27.081912954094975, 'gamma': 0.05226249629899116}. Best is trial 406 with value: 38.90494892453006.
trail number 2267
[I 2025-07-21 19:04:21,715] Trial 2267 finished with value: 45.62588665603286 and parameters: {'C': 795.900218782625, 'epsilon': 25.2742720487882, 'gamma': 0.10319951478865866}. Best is trial 406 with value: 38.90494892453006.
trail number 2269
[I 2025-07-21 19:04:21,723] Trial 2269 finished with value: 44.67287649894391 and parameters: {'C': 885.660203065747, 'epsilon': 25.250772065823725, 'gamma': 0.06554973053027215}. Best is trial 406 with value: 38.90494892453006.
trail number 2268
[I 2025-07-21 19:04:21,723] Trial 2268 finished with value: 45.76145649578423 and parameters: {'C': 885.6307363236112, 'epsilon': 22.966456681907413, 'gamma': 0.09875035044303596}. Best is trial 406 with value: 38.90494892453006.
trail number 2270
[I 2025-07-21 19:04:21,724] Trial 2270 finished with value: 44.460003164496456 and parameters: {'C': 892.0183514968336, 'epsilon': 23.335678126217203, 'gamma': 0.06455141843777361}. Best is trial 406 with value: 38.90494892453006.
trail number 2274
[I 2025-07-21 19:04:21,770] Trial 2274 finished with value: 39.29844893867318 and parameters: {'C': 1003.4251337891719, 'epsilon': 20.639303086698, 'gamma': 0.005156646021007348}. Best is trial 406 with value: 38.90494892453006.
trail number 2271
[I 2025-07-21 19:04:21,779] Trial 2271 finished with value: 50.15357273916602 and parameters: {'C': 986.7787550812936, 'epsilon': 18.39058399491165, 'gamma': 0.4458608588449487}. Best is trial 406 with value: 38.90494892453006.
trail number 2273
[I 2025-07-21 19:04:21,788] Trial 2273 finished with value: 42.49035185764424 and parameters: {'C': 790.5252679968972, 'epsilon': 24.817762703391395, 'gamma': 0.047722535325172545}. Best is trial 406 with value: 38.90494892453006.
trail number 2272
[I 2025-07-21 19:04:21,796] Trial 2272 finished with value: 44.58921707428245 and parameters: {'C': 924.7996701468948, 'epsilon': 21.29965526519566, 'gamma': 0.0686458857920902}. Best is trial 406 with value: 38.90494892453006.
trail number 2276
[I 2025-07-21 19:04:21,822] Trial 2276 finished with value: 40.84343830489139 and parameters: {'C': 875.4358036980298, 'epsilon': 23.671991658568047, 'gamma': 0.0006443062098008719}. Best is trial 406 with value: 38.90494892453006.
trail number 2278
[I 2025-07-21 19:04:21,842] Trial 2278 finished with value: 44.482181799984836 and parameters: {'C': 700.8130044478112, 'epsilon': 27.01279156107693, 'gamma': 0.07185684760893804}. Best is trial 406 with value: 38.90494892453006.
trail number 2277
[I 2025-07-21 19:04:21,852] Trial 2277 finished with value: 48.524569549170124 and parameters: {'C': 793.2254352413764, 'epsilon': 19.936085413281827, 'gamma': 0.3452199634694456}. Best is trial 406 with value: 38.90494892453006.
trail number 2279
[I 2025-07-21 19:04:21,862] Trial 2279 finished with value: 40.8535473757164 and parameters: {'C': 745.9668013222775, 'epsilon': 29.920490463029736, 'gamma': 0.0009661815103414054}. Best is trial 406 with value: 38.90494892453006.
trail number 2275
[I 2025-07-21 19:04:21,870] Trial 2275 finished with value: 46.152832850629764 and parameters: {'C': 871.456450806745, 'epsilon': 29.63932954650839, 'gamma': 0.10684367072083376}. Best is trial 406 with value: 38.90494892453006.
trail number 2280
[I 2025-07-21 19:04:21,894] Trial 2280 finished with value: 40.172298445723605 and parameters: {'C': 738.3184531686637, 'epsilon': 29.759716475802488, 'gamma': 0.0018900212182630409}. Best is trial 406 with value: 38.90494892453006.
trail number 2282
[I 2025-07-21 19:04:21,907] Trial 2282 finished with value: 39.31817335568762 and parameters: {'C': 705.5651767135905, 'epsilon': 29.843935450928697, 'gamma': 0.004347678248620141}. Best is trial 406 with value: 38.90494892453006.
trail number 2281
[I 2025-07-21 19:04:21,918] Trial 2281 finished with value: 39.19804776220981 and parameters: {'C': 1005.3874289654436, 'epsilon': 27.46847612997031, 'gamma': 0.003986401243597209}. Best is trial 406 with value: 38.90494892453006.
trail number 2284
[I 2025-07-21 19:04:21,932] Trial 2284 finished with value: 40.46777001127837 and parameters: {'C': 805.1757161639497, 'epsilon': 26.737489145875244, 'gamma': 0.0008658960707036553}. Best is trial 406 with value: 38.90494892453006.
trail number 2283
[I 2025-07-21 19:04:21,948] Trial 2283 finished with value: 43.894876785807085 and parameters: {'C': 870.2714714886408, 'epsilon': 27.72148402287975, 'gamma': 0.054870400572029535}. Best is trial 406 with value: 38.90494892453006.
trail number 2285
[I 2025-07-21 19:04:21,967] Trial 2285 finished with value: 43.62268439960985 and parameters: {'C': 835.6112145113044, 'epsilon': 28.058698113918364, 'gamma': 0.05330542284058109}. Best is trial 406 with value: 38.90494892453006.
trail number 2287
[I 2025-07-21 19:04:21,980] Trial 2287 finished with value: 44.828056091286136 and parameters: {'C': 809.8863434894904, 'epsilon': 29.79165876092165, 'gamma': 0.0720386878620051}. Best is trial 406 with value: 38.90494892453006.
trail number 2288
[I 2025-07-21 19:04:21,992] Trial 2288 finished with value: 39.689546862277794 and parameters: {'C': 856.6313854029484, 'epsilon': 26.257071986517246, 'gamma': 0.0024682174952683836}. Best is trial 406 with value: 38.90494892453006.
trail number 2286
[I 2025-07-21 19:04:22,001] Trial 2286 finished with value: 46.97057174044536 and parameters: {'C': 959.2957991769042, 'epsilon': 25.909419763976455, 'gamma': 0.1173809587497002}. Best is trial 406 with value: 38.90494892453006.
trail number 2290
[I 2025-07-21 19:04:22,019] Trial 2290 finished with value: 39.07483023814585 and parameters: {'C': 707.4976935174706, 'epsilon': 26.381910995418583, 'gamma': 0.005743675821862256}. Best is trial 406 with value: 38.90494892453006.
trail number 2289
[I 2025-07-21 19:04:22,019] Trial 2289 finished with value: 45.100516989431014 and parameters: {'C': 805.6732429892435, 'epsilon': 29.93337404608738, 'gamma': 0.07889795885096776}. Best is trial 406 with value: 38.90494892453006.
trail number 2291
[I 2025-07-21 19:04:22,054] Trial 2291 finished with value: 46.879542805697255 and parameters: {'C': 802.9665815053108, 'epsilon': 29.940714549994787, 'gamma': 0.1211102799777306}. Best is trial 406 with value: 38.90494892453006.
trail number 2292
[I 2025-07-21 19:04:22,069] Trial 2292 finished with value: 41.40789074903288 and parameters: {'C': 701.470145182783, 'epsilon': 24.122871103949635, 'gamma': 0.042374666350154765}. Best is trial 406 with value: 38.90494892453006.
trail number 2294
[I 2025-07-21 19:04:22,078] Trial 2294 finished with value: 46.10815228711577 and parameters: {'C': 702.918161192155, 'epsilon': 22.386816168325765, 'gamma': 0.13434138178341712}. Best is trial 406 with value: 38.90494892453006.
trail number 2295
[I 2025-07-21 19:04:22,090] Trial 2295 finished with value: 40.41079327895386 and parameters: {'C': 891.8949516220285, 'epsilon': 25.59628491544587, 'gamma': 0.0008804639792545071}. Best is trial 406 with value: 38.90494892453006.
trail number 2293
[I 2025-07-21 19:04:22,106] Trial 2293 finished with value: 45.342592772994465 and parameters: {'C': 777.7055423706365, 'epsilon': 22.501968579661852, 'gamma': 0.09640038029510166}. Best is trial 406 with value: 38.90494892453006.
trail number 2297
[I 2025-07-21 19:04:22,120] Trial 2297 finished with value: 39.663024029016 and parameters: {'C': 896.9268121580695, 'epsilon': 23.606393276038197, 'gamma': 0.0021922385686491963}. Best is trial 406 with value: 38.90494892453006.
trail number 2296
[I 2025-07-21 19:04:22,143] Trial 2296 finished with value: 42.13990320863482 and parameters: {'C': 894.4651885140282, 'epsilon': 25.36849403060793, 'gamma': 0.04182394444850886}. Best is trial 406 with value: 38.90494892453006.
trail number 2300
[I 2025-07-21 19:04:22,152] Trial 2300 finished with value: 39.84122286993568 and parameters: {'C': 800.0578882028565, 'epsilon': 22.64369086297273, 'gamma': 0.0017799494469065303}. Best is trial 406 with value: 38.90494892453006.
trail number 2298
