[I 2025-07-21 19:04:16,020] Trial 1859 finished with value: 39.12662153793507 and parameters: {'C': 1038.7827358967997, 'epsilon': 27.558209401368636, 'gamma': 0.007701580360874356}. Best is trial 406 with value: 38.90494892453006.
trail number 1860
[I 2025-07-21 19:04:16,033] Trial 1860 finished with value: 39.81752463057885 and parameters: {'C': 968.291476745819, 'epsilon': 27.23531295858521, 'gamma': 0.0018254511900560582}. Best is trial 406 with value: 38.90494892453006.
trail number 1861
[I 2025-07-21 19:04:16,049] Trial 1861 finished with value: 49.22749487660743 and parameters: {'C': 1392.122800936089, 'epsilon': 29.609719357226, 'gamma': 0.33110096240945164}. Best is trial 406 with value: 38.90494892453006.
trail number 1862
[I 2025-07-21 19:04:16,068] Trial 1862 finished with value: 45.37923789103648 and parameters: {'C': 879.4524586894216, 'epsilon': 20.376741539444957, 'gamma': 0.08914693339720221}. Best is trial 406 with value: 38.90494892453006.
trail number 1863
[I 2025-07-21 19:04:16,075] Trial 1863 finished with value: 40.83058807433743 and parameters: {'C': 700.9429959448651, 'epsilon': 25.41798020254736, 'gamma': 0.03651250716988781}. Best is trial 406 with value: 38.90494892453006.
trail number 1864
[I 2025-07-21 19:04:16,093] Trial 1864 finished with value: 44.72833765143191 and parameters: {'C': 907.4848525801639, 'epsilon': 26.3199857384584, 'gamma': 0.06452561032772466}. Best is trial 406 with value: 38.90494892453006.
trail number 1865
[I 2025-07-21 19:04:16,100] Trial 1865 finished with value: 43.56168369339036 and parameters: {'C': 895.5248809023672, 'epsilon': 24.679188976399793, 'gamma': 0.053504945010341164}. Best is trial 406 with value: 38.90494892453006.
trail number 1867
[I 2025-07-21 19:04:16,119] Trial 1867 finished with value: 41.19954852867359 and parameters: {'C': 807.2658310550415, 'epsilon': 28.09605479967199, 'gamma': 0.0006440174305265486}. Best is trial 406 with value: 38.90494892453006.
trail number 1869
[I 2025-07-21 19:04:16,131] Trial 1869 finished with value: 42.86050505289153 and parameters: {'C': 872.2351621481472, 'epsilon': 26.555073753479444, 'gamma': 0.00020997776632129036}. Best is trial 406 with value: 38.90494892453006.
trail number 1866
[I 2025-07-21 19:04:16,135] Trial 1866 finished with value: 47.78433277141901 and parameters: {'C': 1110.851981456502, 'epsilon': 19.96383092466594, 'gamma': 0.25485171860584044}. Best is trial 406 with value: 38.90494892453006.
trail number 1868
[I 2025-07-21 19:04:16,152] Trial 1868 finished with value: 39.05359766403656 and parameters: {'C': 706.3485798347716, 'epsilon': 26.457547361202028, 'gamma': 0.006116065346444207}. Best is trial 406 with value: 38.90494892453006.
trail number 1872
[I 2025-07-21 19:04:16,168] Trial 1872 finished with value: 42.19225736005044 and parameters: {'C': 702.1574481810541, 'epsilon': 24.051542935811288, 'gamma': 0.0003197321552302146}. Best is trial 406 with value: 38.90494892453006.
trail number 1871
[I 2025-07-21 19:04:16,177] Trial 1871 finished with value: 39.248330610520355 and parameters: {'C': 809.5415092515212, 'epsilon': 26.01833717121952, 'gamma': 0.004127723833715162}. Best is trial 406 with value: 38.90494892453006.
trail number 1870
[I 2025-07-21 19:04:16,193] Trial 1870 finished with value: 44.21981101711988 and parameters: {'C': 820.603987488208, 'epsilon': 21.904157374398032, 'gamma': 0.0673275152941424}. Best is trial 406 with value: 38.90494892453006.
trail number 1873
[I 2025-07-21 19:04:16,201] Trial 1873 finished with value: 40.02614923298775 and parameters: {'C': 730.1274857574492, 'epsilon': 27.16079332034228, 'gamma': 0.0018615509422379604}. Best is trial 406 with value: 38.90494892453006.
trail number 1875
[I 2025-07-21 19:04:16,222] Trial 1875 finished with value: 47.699823411641106 and parameters: {'C': 904.1260253166231, 'epsilon': 28.72955093616875, 'gamma': 0.12965509644064688}. Best is trial 406 with value: 38.90494892453006.
trail number 1874
[I 2025-07-21 19:04:16,238] Trial 1874 finished with value: 48.57003758075738 and parameters: {'C': 1273.951476540991, 'epsilon': 8.095359858443508, 'gamma': 0.12915008752534216}. Best is trial 406 with value: 38.90494892453006.
trail number 1877
[I 2025-07-21 19:04:16,251] Trial 1877 finished with value: 39.21768832177577 and parameters: {'C': 1027.1649506637896, 'epsilon': 24.225734745514295, 'gamma': 0.008124330815843826}. Best is trial 406 with value: 38.90494892453006.
trail number 1876
[I 2025-07-21 19:04:16,258] Trial 1876 finished with value: 47.54745499800394 and parameters: {'C': 981.4771190706822, 'epsilon': 24.788254478327776, 'gamma': 0.23723434772538096}. Best is trial 406 with value: 38.90494892453006.
trail number 1878
[I 2025-07-21 19:04:16,271] Trial 1878 finished with value: 44.39710965762366 and parameters: {'C': 1046.6714567114316, 'epsilon': 24.97002307705924, 'gamma': 0.05654647023926972}. Best is trial 406 with value: 38.90494892453006.
trail number 1879
[I 2025-07-21 19:04:16,282] Trial 1879 finished with value: 39.18406599233695 and parameters: {'C': 965.7844698785171, 'epsilon': 24.720756306625105, 'gamma': 0.009660668533927873}. Best is trial 406 with value: 38.90494892453006.
trail number 1880
[I 2025-07-21 19:04:16,298] Trial 1880 finished with value: 42.608891972590314 and parameters: {'C': 961.8151520777565, 'epsilon': 27.52238066032716, 'gamma': 0.00020066813921193905}. Best is trial 406 with value: 38.90494892453006.
trail number 1882
[I 2025-07-21 19:04:16,308] Trial 1882 finished with value: 42.048269555870526 and parameters: {'C': 902.1899816130767, 'epsilon': 26.2800559919301, 'gamma': 0.00028139839704369694}. Best is trial 406 with value: 38.90494892453006.
trail number 1883
[I 2025-07-21 19:04:16,319] Trial 1883 finished with value: 44.768608853546745 and parameters: {'C': 782.3297978958045, 'epsilon': 22.012616971142116, 'gamma': 0.00012441854038927787}. Best is trial 406 with value: 38.90494892453006.
trail number 1881
[I 2025-07-21 19:04:16,325] Trial 1881 finished with value: 45.43323564128518 and parameters: {'C': 912.8015341368497, 'epsilon': 29.97067086543796, 'gamma': 0.07799806101947807}. Best is trial 406 with value: 38.90494892453006.
trail number 1885
[I 2025-07-21 19:04:16,352] Trial 1885 finished with value: 50.23569018460834 and parameters: {'C': 868.441834899864, 'epsilon': 29.821343303353153, 'gamma': 0.37311868607856874}. Best is trial 406 with value: 38.90494892453006.
trail number 1884
[I 2025-07-21 19:04:16,359] Trial 1884 finished with value: 39.29436359236772 and parameters: {'C': 875.5741587759936, 'epsilon': 20.57226335325232, 'gamma': 0.005507974951923621}. Best is trial 406 with value: 38.90494892453006.
trail number 1887
[I 2025-07-21 19:04:16,370] Trial 1887 finished with value: 50.76731486299228 and parameters: {'C': 968.6217142107487, 'epsilon': 15.069569889494929, 'gamma': 0.4951131488885798}. Best is trial 406 with value: 38.90494892453006.
trail number 1886
[I 2025-07-21 19:04:16,376] Trial 1886 finished with value: 42.658509864869025 and parameters: {'C': 921.7345765318255, 'epsilon': 23.34393895489336, 'gamma': 0.04680960593429139}. Best is trial 406 with value: 38.90494892453006.
trail number 1889
[I 2025-07-21 19:04:16,408] Trial 1889 finished with value: 39.139518268053585 and parameters: {'C': 1001.2378036698077, 'epsilon': 29.791777455016852, 'gamma': 0.007088340111965512}. Best is trial 406 with value: 38.90494892453006.
trail number 1888
[I 2025-07-21 19:04:16,415] Trial 1888 finished with value: 45.316839040619016 and parameters: {'C': 1002.1977311998667, 'epsilon': 29.77268954137369, 'gamma': 0.06860168855546425}. Best is trial 406 with value: 38.90494892453006.
trail number 1891
[I 2025-07-21 19:04:16,422] Trial 1891 finished with value: 42.6825579358205 and parameters: {'C': 803.5415829617232, 'epsilon': 22.543361688419868, 'gamma': 0.05111026935426302}. Best is trial 406 with value: 38.90494892453006.
trail number 1890
[I 2025-07-21 19:04:16,434] Trial 1890 finished with value: 44.826055805451674 and parameters: {'C': 803.4024879473747, 'epsilon': 26.42486657067398, 'gamma': 0.07180144824453238}. Best is trial 406 with value: 38.90494892453006.
trail number 1892
[I 2025-07-21 19:04:16,457] Trial 1892 finished with value: 39.76798807706555 and parameters: {'C': 1056.039238424652, 'epsilon': 25.09029504562554, 'gamma': 0.0017777129726996438}. Best is trial 406 with value: 38.90494892453006.
trail number 1895
[I 2025-07-21 19:04:16,464] Trial 1895 finished with value: 41.251719037548355 and parameters: {'C': 873.7386385066867, 'epsilon': 25.646176520408556, 'gamma': 0.00047075132200965347}. Best is trial 406 with value: 38.90494892453006.
trail number 1894
[I 2025-07-21 19:04:16,464] Trial 1894 finished with value: 39.18058865132838 and parameters: {'C': 706.0665256516395, 'epsilon': 28.608099107357702, 'gamma': 0.004920240675384546}. Best is trial 406 with value: 38.90494892453006.
trail number 1893
[I 2025-07-21 19:04:16,483] Trial 1893 finished with value: 47.12084119152728 and parameters: {'C': 703.3598958884761, 'epsilon': 25.667058224500693, 'gamma': 0.14500770905470628}. Best is trial 406 with value: 38.90494892453006.
trail number 1896
[I 2025-07-21 19:04:16,502] Trial 1896 finished with value: 39.87711196694948 and parameters: {'C': 783.7806945530359, 'epsilon': 26.100415213092862, 'gamma': 0.002177404815853781}. Best is trial 406 with value: 38.90494892453006.
trail number 1899
[I 2025-07-21 19:04:16,512] Trial 1899 finished with value: 40.23275170761086 and parameters: {'C': 922.7532295792696, 'epsilon': 25.2699212660424, 'gamma': 0.0010043000809374144}. Best is trial 406 with value: 38.90494892453006.
trail number 1897
[I 2025-07-21 19:04:16,524] Trial 1897 finished with value: 44.13645339620596 and parameters: {'C': 793.479968523821, 'epsilon': 26.719169320530508, 'gamma': 0.060871765940001134}. Best is trial 406 with value: 38.90494892453006.
trail number 1898
[I 2025-07-21 19:04:16,533] Trial 1898 finished with value: 45.054354032778846 and parameters: {'C': 703.5039045267264, 'epsilon': 25.268441307434603, 'gamma': 0.08504458693180368}. Best is trial 406 with value: 38.90494892453006.
trail number 1901
[I 2025-07-21 19:04:16,557] Trial 1901 finished with value: 47.27765009523237 and parameters: {'C': 917.423950885489, 'epsilon': 23.702630173491304, 'gamma': 0.13078845284519258}. Best is trial 406 with value: 38.90494892453006.
trail number 1900
[I 2025-07-21 19:04:16,564] Trial 1900 finished with value: 44.57324877419201 and parameters: {'C': 945.2866699119418, 'epsilon': 20.635660828120734, 'gamma': 0.06813707189339112}. Best is trial 406 with value: 38.90494892453006.
trail number 1903
[I 2025-07-21 19:04:16,577] Trial 1903 finished with value: 44.558788594852544 and parameters: {'C': 818.4946923440497, 'epsilon': 29.443805308316076, 'gamma': 0.06506726391252743}. Best is trial 406 with value: 38.90494892453006.
trail number 1902
[I 2025-07-21 19:04:16,581] Trial 1902 finished with value: 45.373430832207035 and parameters: {'C': 702.425029777037, 'epsilon': 28.907794938158055, 'gamma': 0.10760805893201328}. Best is trial 406 with value: 38.90494892453006.
trail number 1904
[I 2025-07-21 19:04:16,621] Trial 1904 finished with value: 47.860662130572436 and parameters: {'C': 766.9747781232531, 'epsilon': 29.939767738761233, 'gamma': 0.1428308265436201}. Best is trial 406 with value: 38.90494892453006.
trail number 1907
[I 2025-07-21 19:04:16,621] Trial 1907 finished with value: 43.797937297053174 and parameters: {'C': 807.9536963269696, 'epsilon': 29.802499426458798, 'gamma': 0.054846403713371995}. Best is trial 406 with value: 38.90494892453006.
trail number 1905
[I 2025-07-21 19:04:16,633] Trial 1905 finished with value: 42.09413140174346 and parameters: {'C': 705.0230435113698, 'epsilon': 21.423532990186274, 'gamma': 0.04974746042212263}. Best is trial 406 with value: 38.90494892453006.
trail number 1906
[I 2025-07-21 19:04:16,639] Trial 1906 finished with value: 44.125251697675154 and parameters: {'C': 786.4875585533971, 'epsilon': 27.114629117792976, 'gamma': 0.06071072923388246}. Best is trial 406 with value: 38.90494892453006.
trail number 1910
[I 2025-07-21 19:04:16,675] Trial 1910 finished with value: 40.15505416815905 and parameters: {'C': 819.4127206438042, 'epsilon': 25.25618600477658, 'gamma': 0.0012038927196994752}. Best is trial 406 with value: 38.90494892453006.
trail number 1909
[I 2025-07-21 19:04:16,684] Trial 1909 finished with value: 43.40624719356001 and parameters: {'C': 885.8820764864946, 'epsilon': 23.892966969207453, 'gamma': 0.05306268390373357}. Best is trial 406 with value: 38.90494892453006.
trail number 1911
[I 2025-07-21 19:04:16,693] Trial 1911 finished with value: 42.90630457278638 and parameters: {'C': 965.5579866902272, 'epsilon': 24.025592706176592, 'gamma': 0.04678277232023736}. Best is trial 406 with value: 38.90494892453006.
trail number 1908
[I 2025-07-21 19:04:16,704] Trial 1908 finished with value: 43.826019806647174 and parameters: {'C': 706.2264437872105, 'epsilon': 22.736907711221665, 'gamma': 0.0653339623944417}. Best is trial 406 with value: 38.90494892453006.
trail number 1912
[I 2025-07-21 19:04:16,723] Trial 1912 finished with value: 39.95010268202765 and parameters: {'C': 829.6334202868982, 'epsilon': 23.114740668656978, 'gamma': 0.0015084021541051044}. Best is trial 406 with value: 38.90494892453006.
trail number 1913
[I 2025-07-21 19:04:16,735] Trial 1913 finished with value: 44.19514270875039 and parameters: {'C': 701.1769308670148, 'epsilon': 28.678808482624408, 'gamma': 0.06644519032202864}. Best is trial 406 with value: 38.90494892453006.
trail number 1916
[I 2025-07-21 19:04:16,763] Trial 1916 finished with value: 43.955100755117904 and parameters: {'C': 896.0823542986648, 'epsilon': 26.274190424304418, 'gamma': 0.055660518514366306}. Best is trial 406 with value: 38.90494892453006.
trail number 1914
[I 2025-07-21 19:04:16,771] Trial 1914 finished with value: 45.71570146285403 and parameters: {'C': 803.0265662759416, 'epsilon': 25.51703567700619, 'gamma': 0.10612557961508642}. Best is trial 406 with value: 38.90494892453006.
trail number 1915
[I 2025-07-21 19:04:16,777] Trial 1915 finished with value: 44.69934304837499 and parameters: {'C': 887.0991467889435, 'epsilon': 24.75393866645388, 'gamma': 0.06648758678623451}. Best is trial 406 with value: 38.90494892453006.
trail number 1917
[I 2025-07-21 19:04:16,781] Trial 1917 finished with value: 44.8526615453194 and parameters: {'C': 892.4628905491277, 'epsilon': 26.952583579580388, 'gamma': 0.06676820067955586}. Best is trial 406 with value: 38.90494892453006.
trail number 1918
[I 2025-07-21 19:04:16,821] Trial 1918 finished with value: 43.503495583312784 and parameters: {'C': 798.7525993737231, 'epsilon': 25.259529138299186, 'gamma': 0.055558848023700494}. Best is trial 406 with value: 38.90494892453006.
trail number 1921
[I 2025-07-21 19:04:16,834] Trial 1921 finished with value: 45.084294189638584 and parameters: {'C': 1027.7419157963943, 'epsilon': 24.918418903207876, 'gamma': 0.0650301183997816}. Best is trial 406 with value: 38.90494892453006.
trail number 1920
[I 2025-07-21 19:04:16,842] Trial 1920 finished with value: 41.38366574884902 and parameters: {'C': 702.6696533822147, 'epsilon': 27.73343287727556, 'gamma': 0.040217927315662885}. Best is trial 406 with value: 38.90494892453006.
trail number 1919
[I 2025-07-21 19:04:16,851] Trial 1919 finished with value: 42.77771188637435 and parameters: {'C': 708.9777241481812, 'epsilon': 26.629704202364348, 'gamma': 0.051073674119872035}. Best is trial 406 with value: 38.90494892453006.
trail number 1922
[I 2025-07-21 19:04:16,883] Trial 1922 finished with value: 46.31405892695563 and parameters: {'C': 1454.2310947496128, 'epsilon': 16.621357986534655, 'gamma': 0.07363622316805174}. Best is trial 406 with value: 38.90494892453006.
trail number 1924
[I 2025-07-21 19:04:16,890] Trial 1924 finished with value: 39.81918830359631 and parameters: {'C': 1049.3687889965843, 'epsilon': 22.78048880809022, 'gamma': 0.0014140184337970334}. Best is trial 406 with value: 38.90494892453006.
trail number 1923
[I 2025-07-21 19:04:16,900] Trial 1923 finished with value: 46.575553333071845 and parameters: {'C': 1001.0233485333534, 'epsilon': 27.858544520336324, 'gamma': 0.105709463128942}. Best is trial 406 with value: 38.90494892453006.
trail number 1925
[I 2025-07-21 19:04:16,907] Trial 1925 finished with value: 42.315195254297564 and parameters: {'C': 977.4756045519333, 'epsilon': 23.18827253415684, 'gamma': 0.042990525485325115}. Best is trial 406 with value: 38.90494892453006.
trail number 1928
[I 2025-07-21 19:04:16,934] Trial 1928 finished with value: 41.975816836864865 and parameters: {'C': 853.7171978821635, 'epsilon': 20.350040523310692, 'gamma': 0.0002656122471933024}. Best is trial 406 with value: 38.90494892453006.
trail number 1926
[I 2025-07-21 19:04:16,941] Trial 1926 finished with value: 39.847670261533914 and parameters: {'C': 796.3730468296282, 'epsilon': 23.9097936901139, 'gamma': 0.0017552512747056187}. Best is trial 406 with value: 38.90494892453006.
trail number 1929
[I 2025-07-21 19:04:16,956] Trial 1929 finished with value: 39.32763653665659 and parameters: {'C': 785.1283728517326, 'epsilon': 27.33452681989726, 'gamma': 0.0034975467514644755}. Best is trial 406 with value: 38.90494892453006.
trail number 1927
[I 2025-07-21 19:04:16,970] Trial 1927 finished with value: 39.80152163460609 and parameters: {'C': 716.2361783124489, 'epsilon': 11.504516756136784, 'gamma': 0.013505192604433058}. Best is trial 406 with value: 38.90494892453006.
trail number 1931
[I 2025-07-21 19:04:16,989] Trial 1931 finished with value: 42.76282304234424 and parameters: {'C': 810.5051849898963, 'epsilon': 27.652909852907854, 'gamma': 0.04677212174164049}. Best is trial 406 with value: 38.90494892453006.
trail number 1930
[I 2025-07-21 19:04:17,004] Trial 1930 finished with value: 48.42363980198735 and parameters: {'C': 944.062263354127, 'epsilon': 9.728849364316854, 'gamma': 0.1638478480328961}. Best is trial 406 with value: 38.90494892453006.
trail number 1933
[I 2025-07-21 19:04:17,013] Trial 1933 finished with value: 40.322859826805036 and parameters: {'C': 848.7077896712092, 'epsilon': 27.497237301106864, 'gamma': 0.0012513592819129032}. Best is trial 406 with value: 38.90494892453006.
trail number 1932
[I 2025-07-21 19:04:17,030] Trial 1932 finished with value: 45.118554386233306 and parameters: {'C': 736.8343084954586, 'epsilon': 9.169797677467255, 'gamma': 0.12675969093750095}. Best is trial 406 with value: 38.90494892453006.
trail number 1934
[I 2025-07-21 19:04:17,038] Trial 1934 finished with value: 39.05881184683248 and parameters: {'C': 707.8440717469715, 'epsilon': 26.900550834478032, 'gamma': 0.006218938205777387}. Best is trial 406 with value: 38.90494892453006.
trail number 1935
[I 2025-07-21 19:04:17,048] Trial 1935 finished with value: 42.16152409356492 and parameters: {'C': 1021.2366922505745, 'epsilon': 26.485464766259682, 'gamma': 0.0002171418898024701}. Best is trial 406 with value: 38.90494892453006.
trail number 1936
[I 2025-07-21 19:04:17,062] Trial 1936 finished with value: 39.600157136866585 and parameters: {'C': 986.9453070836652, 'epsilon': 22.517293920890058, 'gamma': 0.0024067407929203}. Best is trial 406 with value: 38.90494892453006.
trail number 1939
[I 2025-07-21 19:04:17,088] Trial 1939 finished with value: 42.39433211619948 and parameters: {'C': 919.9149023789527, 'epsilon': 24.299274134375707, 'gamma': 0.000228255559272382}. Best is trial 406 with value: 38.90494892453006.
trail number 1938
[I 2025-07-21 19:04:17,102] Trial 1938 finished with value: 46.71124939250266 and parameters: {'C': 924.6495311635939, 'epsilon': 27.217043907343275, 'gamma': 0.11447530034091333}. Best is trial 406 with value: 38.90494892453006.
trail number 1937
[I 2025-07-21 19:04:17,109] Trial 1937 finished with value: 48.27956021774115 and parameters: {'C': 920.5007120471198, 'epsilon': 15.91398643104167, 'gamma': 0.17005830890961254}. Best is trial 406 with value: 38.90494892453006.
trail number 1940
[I 2025-07-21 19:04:17,109] Trial 1940 finished with value: 39.250594371566194 and parameters: {'C': 973.9148492528557, 'epsilon': 27.343441470757927, 'gamma': 0.0034519021361195425}. Best is trial 406 with value: 38.90494892453006.
trail number 1941
[I 2025-07-21 19:04:17,148] Trial 1941 finished with value: 42.99178129282957 and parameters: {'C': 703.2209968226849, 'epsilon': 25.089508981798332, 'gamma': 0.05450180033704907}. Best is trial 406 with value: 38.90494892453006.
trail number 1943
[I 2025-07-21 19:04:17,163] Trial 1943 finished with value: 48.13509324994886 and parameters: {'C': 1092.39021619527, 'epsilon': 25.168030118022386, 'gamma': 0.15822357922856836}. Best is trial 406 with value: 38.90494892453006.
trail number 1942
[I 2025-07-21 19:04:17,171] Trial 1942 finished with value: 45.54134051384161 and parameters: {'C': 892.8472317187476, 'epsilon': 24.04548117255242, 'gamma': 0.0832880699315941}. Best is trial 406 with value: 38.90494892453006.
trail number 1944
[I 2025-07-21 19:04:17,179] Trial 1944 finished with value: 44.273315541707866 and parameters: {'C': 787.483829953166, 'epsilon': 23.240738646880875, 'gamma': 0.06711335090199866}. Best is trial 406 with value: 38.90494892453006.
trail number 1945
[I 2025-07-21 19:04:17,198] Trial 1945 finished with value: 43.09669117456954 and parameters: {'C': 822.9216165588746, 'epsilon': 22.0221409160401, 'gamma': 0.053789854062806994}. Best is trial 406 with value: 38.90494892453006.
trail number 1947
[I 2025-07-21 19:04:17,219] Trial 1947 finished with value: 47.42690429150124 and parameters: {'C': 803.4102917090025, 'epsilon': 21.676690173724978, 'gamma': 0.2479140664532163}. Best is trial 406 with value: 38.90494892453006.
trail number 1948
