[I 2025-07-21 19:04:18,425] Trial 2035 finished with value: 44.20085923811755 and parameters: {'C': 796.5666075057198, 'epsilon': 24.709877132153558, 'gamma': 0.0636465030419988}. Best is trial 406 with value: 38.90494892453006.
trail number 2036
[I 2025-07-21 19:04:18,438] Trial 2036 finished with value: 44.48078736297812 and parameters: {'C': 713.4827442660794, 'epsilon': 27.20571377145851, 'gamma': 0.0707945984385183}. Best is trial 406 with value: 38.90494892453006.
trail number 2037
[I 2025-07-21 19:04:18,452] Trial 2037 finished with value: 43.8065916781719 and parameters: {'C': 773.65710439261, 'epsilon': 26.934568193963376, 'gamma': 0.05777203253554605}. Best is trial 406 with value: 38.90494892453006.
trail number 2039
[I 2025-07-21 19:04:18,462] Trial 2039 finished with value: 41.034414718628135 and parameters: {'C': 795.7207353731203, 'epsilon': 29.916891514369134, 'gamma': 0.0007727251635942104}. Best is trial 406 with value: 38.90494892453006.
trail number 2038
[I 2025-07-21 19:04:18,474] Trial 2038 finished with value: 47.58256600860532 and parameters: {'C': 1301.390208664518, 'epsilon': 29.671052248680695, 'gamma': 0.18885432763973914}. Best is trial 406 with value: 38.90494892453006.
trail number 2040
[I 2025-07-21 19:04:18,488] Trial 2040 finished with value: 44.5138127819793 and parameters: {'C': 1016.1240796200923, 'epsilon': 26.71129039990773, 'gamma': 0.05686876177401641}. Best is trial 406 with value: 38.90494892453006.
trail number 2042
[I 2025-07-21 19:04:18,498] Trial 2042 finished with value: 40.89059012661115 and parameters: {'C': 1050.090954675865, 'epsilon': 26.851197098630777, 'gamma': 0.0005552517047874451}. Best is trial 406 with value: 38.90494892453006.
trail number 2041
[I 2025-07-21 19:04:18,511] Trial 2041 finished with value: 44.62457193365779 and parameters: {'C': 974.3963921721787, 'epsilon': 28.40867942038679, 'gamma': 0.05980851070987246}. Best is trial 406 with value: 38.90494892453006.
trail number 2043
[I 2025-07-21 19:04:18,522] Trial 2043 finished with value: 39.360952119546326 and parameters: {'C': 835.9367604663254, 'epsilon': 20.648792945111772, 'gamma': 0.009801865029744328}. Best is trial 406 with value: 38.90494892453006.
trail number 2045
[I 2025-07-21 19:04:18,536] Trial 2045 finished with value: 39.74245091224329 and parameters: {'C': 821.0649563568742, 'epsilon': 23.4888314325956, 'gamma': 0.0019250425504943932}. Best is trial 406 with value: 38.90494892453006.
trail number 2044
[I 2025-07-21 19:04:18,549] Trial 2044 finished with value: 44.48254602857726 and parameters: {'C': 851.1308472774091, 'epsilon': 27.38466543664679, 'gamma': 0.06275104988814571}. Best is trial 406 with value: 38.90494892453006.
trail number 2046
[I 2025-07-21 19:04:18,557] Trial 2046 finished with value: 39.39581645736415 and parameters: {'C': 929.0970379403468, 'epsilon': 25.247533128639738, 'gamma': 0.0034041315283835673}. Best is trial 406 with value: 38.90494892453006.
trail number 2047
[I 2025-07-21 19:04:18,564] Trial 2047 finished with value: 40.230318467242206 and parameters: {'C': 829.905260288469, 'epsilon': 23.019835770919546, 'gamma': 0.0012815695521734751}. Best is trial 406 with value: 38.90494892453006.
trail number 2048
[I 2025-07-21 19:04:18,575] Trial 2048 finished with value: 41.45658611031918 and parameters: {'C': 801.2631594093464, 'epsilon': 27.145828664646643, 'gamma': 0.00043317823011707144}. Best is trial 406 with value: 38.90494892453006.
trail number 2051
[I 2025-07-21 19:04:18,600] Trial 2051 finished with value: 40.485508716984434 and parameters: {'C': 939.0768220337285, 'epsilon': 26.680862221989237, 'gamma': 0.0007616676932156122}. Best is trial 406 with value: 38.90494892453006.
trail number 2049
[I 2025-07-21 19:04:18,615] Trial 2049 finished with value: 43.538790485379295 and parameters: {'C': 787.4885790319162, 'epsilon': 28.256477460184975, 'gamma': 0.05393641839393623}. Best is trial 406 with value: 38.90494892453006.
trail number 2052
[I 2025-07-21 19:04:18,623] Trial 2052 finished with value: 44.63359821979671 and parameters: {'C': 797.1956171750837, 'epsilon': 24.40440131437763, 'gamma': 0.07086096202010618}. Best is trial 406 with value: 38.90494892453006.
trail number 2050
[I 2025-07-21 19:04:18,630] Trial 2050 finished with value: 47.31387181015628 and parameters: {'C': 950.8011165731775, 'epsilon': 25.73568952282977, 'gamma': 0.12416626840048169}. Best is trial 406 with value: 38.90494892453006.
trail number 2053
[I 2025-07-21 19:04:18,652] Trial 2053 finished with value: 46.21122597034709 and parameters: {'C': 822.5684417992503, 'epsilon': 29.817179926694376, 'gamma': 0.11127450346717774}. Best is trial 406 with value: 38.90494892453006.
trail number 2055
[I 2025-07-21 19:04:18,674] Trial 2055 finished with value: 43.372172596351874 and parameters: {'C': 701.1117879472724, 'epsilon': 27.75401050081632, 'gamma': 0.05541326772601164}. Best is trial 406 with value: 38.90494892453006.
trail number 2056
[I 2025-07-21 19:04:18,689] Trial 2056 finished with value: 44.68514460828452 and parameters: {'C': 702.005312150804, 'epsilon': 27.168822672847444, 'gamma': 0.07553218997761948}. Best is trial 406 with value: 38.90494892453006.
trail number 2057
[I 2025-07-21 19:04:18,699] Trial 2057 finished with value: 48.073036236985175 and parameters: {'C': 1280.3378211248614, 'epsilon': 13.496612384126214, 'gamma': 0.28742030528190393}. Best is trial 406 with value: 38.90494892453006.
trail number 2054
[I 2025-07-21 19:04:18,699] Trial 2054 finished with value: 45.21076274493892 and parameters: {'C': 700.0910769194553, 'epsilon': 26.790192440979382, 'gamma': 0.09976954536298974}. Best is trial 406 with value: 38.90494892453006.
trail number 2058
[I 2025-07-21 19:04:18,722] Trial 2058 finished with value: 42.62730406984996 and parameters: {'C': 705.0526687211097, 'epsilon': 28.080545165506688, 'gamma': 0.04890536910954883}. Best is trial 406 with value: 38.90494892453006.
trail number 2061
[I 2025-07-21 19:04:18,739] Trial 2061 finished with value: 43.20548026736525 and parameters: {'C': 845.9432957767833, 'epsilon': 24.39876543804843, 'gamma': 0.00017388867394495418}. Best is trial 406 with value: 38.90494892453006.
trail number 2059
[I 2025-07-21 19:04:18,749] Trial 2059 finished with value: 41.05075732007954 and parameters: {'C': 950.1532342584165, 'epsilon': 27.181488593195613, 'gamma': 0.0005867997536912403}. Best is trial 406 with value: 38.90494892453006.
trail number 2060
[I 2025-07-21 19:04:18,760] Trial 2060 finished with value: 39.08178567803934 and parameters: {'C': 795.1285472900099, 'epsilon': 29.990874000624043, 'gamma': 0.005660341539616309}. Best is trial 406 with value: 38.90494892453006.
trail number 2062
[I 2025-07-21 19:04:18,778] Trial 2062 finished with value: 44.67371486368826 and parameters: {'C': 897.8164065623344, 'epsilon': 25.46681441312792, 'gamma': 0.06474292850150787}. Best is trial 406 with value: 38.90494892453006.
trail number 2063
[I 2025-07-21 19:04:18,786] Trial 2063 finished with value: 40.1117582603118 and parameters: {'C': 874.6367803999098, 'epsilon': 25.151552153760477, 'gamma': 0.0013935002136059686}. Best is trial 406 with value: 38.90494892453006.
trail number 2067
[I 2025-07-21 19:04:18,811] Trial 2067 finished with value: 39.752852705241146 and parameters: {'C': 707.688490380778, 'epsilon': 21.968348388102896, 'gamma': 0.001975441273314312}. Best is trial 406 with value: 38.90494892453006.
trail number 2065
[I 2025-07-21 19:04:18,825] Trial 2065 finished with value: 43.28649562905129 and parameters: {'C': 701.5967931217191, 'epsilon': 29.77655971138247, 'gamma': 0.0532582073078979}. Best is trial 406 with value: 38.90494892453006.
trail number 2064
[I 2025-07-21 19:04:18,833] Trial 2064 finished with value: 45.3764361377824 and parameters: {'C': 702.0917245390971, 'epsilon': 20.576015367369635, 'gamma': 0.11942060845502704}. Best is trial 406 with value: 38.90494892453006.
trail number 2066
[I 2025-07-21 19:04:18,833] Trial 2066 finished with value: 43.94835177821348 and parameters: {'C': 920.4271385263504, 'epsilon': 27.007017946051132, 'gamma': 0.05432068020097164}. Best is trial 406 with value: 38.90494892453006.
trail number 2068
[I 2025-07-21 19:04:18,862] Trial 2068 finished with value: 44.030639194443026 and parameters: {'C': 854.8669910123027, 'epsilon': 27.74003895884456, 'gamma': 0.05663988021828718}. Best is trial 406 with value: 38.90494892453006.
trail number 2071
[I 2025-07-21 19:04:18,874] Trial 2071 finished with value: 40.45993479750281 and parameters: {'C': 1120.9150537046269, 'epsilon': 24.1123503794113, 'gamma': 0.000767950541169066}. Best is trial 406 with value: 38.90494892453006.
trail number 2069
[I 2025-07-21 19:04:18,885] Trial 2069 finished with value: 39.709363748797685 and parameters: {'C': 808.1003321538155, 'epsilon': 26.831314580820962, 'gamma': 0.0025536824044573104}. Best is trial 406 with value: 38.90494892453006.
trail number 2070
[I 2025-07-21 19:04:18,910] Trial 2070 finished with value: 45.228165325315636 and parameters: {'C': 700.0501756654363, 'epsilon': 23.497601423800724, 'gamma': 0.10227193215627049}. Best is trial 406 with value: 38.90494892453006.
trail number 2072
[I 2025-07-21 19:04:18,918] Trial 2072 finished with value: 46.92889214147246 and parameters: {'C': 1028.2746753473186, 'epsilon': 21.135235295186607, 'gamma': 0.1198635517790635}. Best is trial 406 with value: 38.90494892453006.
trail number 2073
[I 2025-07-21 19:04:18,926] Trial 2073 finished with value: 44.241248283388515 and parameters: {'C': 713.4675613496784, 'epsilon': 23.884259837659666, 'gamma': 0.06975272102545386}. Best is trial 406 with value: 38.90494892453006.
trail number 2074
[I 2025-07-21 19:04:18,941] Trial 2074 finished with value: 44.438918059405 and parameters: {'C': 700.8795787500861, 'epsilon': 29.96688753409335, 'gamma': 0.07023224249875461}. Best is trial 406 with value: 38.90494892453006.
trail number 2075
[I 2025-07-21 19:04:18,962] Trial 2075 finished with value: 40.89347453973423 and parameters: {'C': 771.814888871042, 'epsilon': 25.595680050483175, 'gamma': 0.00065983697338577}. Best is trial 406 with value: 38.90494892453006.
trail number 2077
[I 2025-07-21 19:04:18,972] Trial 2077 finished with value: 49.4146111652283 and parameters: {'C': 937.4157465091743, 'epsilon': 25.052915243762605, 'gamma': 0.3693009926673465}. Best is trial 406 with value: 38.90494892453006.
trail number 2076
[I 2025-07-21 19:04:18,979] Trial 2076 finished with value: 43.49089761804978 and parameters: {'C': 985.83961143072, 'epsilon': 25.42224928017952, 'gamma': 0.0497770882566685}. Best is trial 406 with value: 38.90494892453006.
trail number 2078
[I 2025-07-21 19:04:19,000] Trial 2078 finished with value: 43.67949178739146 and parameters: {'C': 854.7676575174714, 'epsilon': 24.651376511006863, 'gamma': 0.055756938424591035}. Best is trial 406 with value: 38.90494892453006.
trail number 2081
[I 2025-07-21 19:04:19,013] Trial 2081 finished with value: 42.92559642074518 and parameters: {'C': 1035.8939423613142, 'epsilon': 24.8563333149537, 'gamma': 0.00016554821869512945}. Best is trial 406 with value: 38.90494892453006.
trail number 2080
[I 2025-07-21 19:04:19,030] Trial 2080 finished with value: 42.70961333196603 and parameters: {'C': 973.4227730157208, 'epsilon': 24.98333613791306, 'gamma': 0.0441857331343704}. Best is trial 406 with value: 38.90494892453006.
trail number 2083
[I 2025-07-21 19:04:19,040] Trial 2083 finished with value: 41.26678043824279 and parameters: {'C': 983.8062367563988, 'epsilon': 24.954545846621286, 'gamma': 0.00034586336910227486}. Best is trial 406 with value: 38.90494892453006.
trail number 2079
[I 2025-07-21 19:04:19,047] Trial 2079 finished with value: 45.83308030379957 and parameters: {'C': 993.8693932992562, 'epsilon': 24.368810709200883, 'gamma': 0.08242256357249775}. Best is trial 406 with value: 38.90494892453006.
trail number 2082
[I 2025-07-21 19:04:19,065] Trial 2082 finished with value: 43.0518500925372 and parameters: {'C': 948.7691371979008, 'epsilon': 22.790960078297644, 'gamma': 0.049358255378527394}. Best is trial 406 with value: 38.90494892453006.
trail number 2084
[I 2025-07-21 19:04:19,085] Trial 2084 finished with value: 39.0759547566199 and parameters: {'C': 704.1134542937609, 'epsilon': 29.073797306769, 'gamma': 0.008948382397294275}. Best is trial 406 with value: 38.90494892453006.
trail number 2085
[I 2025-07-21 19:04:19,093] Trial 2085 finished with value: 39.38554419796594 and parameters: {'C': 700.0573788537421, 'epsilon': 27.18772861939419, 'gamma': 0.018526583532229142}. Best is trial 406 with value: 38.90494892453006.
trail number 2086
[I 2025-07-21 19:04:19,093] Trial 2086 finished with value: 43.86792288972053 and parameters: {'C': 868.0115966919468, 'epsilon': 28.716591335649184, 'gamma': 0.00016182533620016232}. Best is trial 406 with value: 38.90494892453006.
trail number 2087
[I 2025-07-21 19:04:19,112] Trial 2087 finished with value: 39.374006782834456 and parameters: {'C': 858.651045817835, 'epsilon': 20.397030934034134, 'gamma': 0.003814004165835933}. Best is trial 406 with value: 38.90494892453006.
trail number 2090
[I 2025-07-21 19:04:19,140] Trial 2090 finished with value: 40.71629898724301 and parameters: {'C': 864.2270997993103, 'epsilon': 28.266562320623624, 'gamma': 0.0008132094543986269}. Best is trial 406 with value: 38.90494892453006.
trail number 2088
[I 2025-07-21 19:04:19,148] Trial 2088 finished with value: 42.43215718937913 and parameters: {'C': 700.9961601826484, 'epsilon': 25.086646386570813, 'gamma': 0.05001463118899827}. Best is trial 406 with value: 38.90494892453006.
trail number 2089
[I 2025-07-21 19:04:19,156] Trial 2089 finished with value: 45.63465032486708 and parameters: {'C': 913.9162848758527, 'epsilon': 29.9443881833639, 'gamma': 0.09006126022640114}. Best is trial 406 with value: 38.90494892453006.
trail number 2091
[I 2025-07-21 19:04:19,170] Trial 2091 finished with value: 43.01082606134763 and parameters: {'C': 767.4209713191643, 'epsilon': 24.082626943085373, 'gamma': 0.05342076170597321}. Best is trial 406 with value: 38.90494892453006.
trail number 2095
[I 2025-07-21 19:04:19,201] Trial 2095 finished with value: 39.88074425104173 and parameters: {'C': 963.6795462898322, 'epsilon': 29.250496251565757, 'gamma': 0.001850922848701014}. Best is trial 406 with value: 38.90494892453006.
trail number 2093
[I 2025-07-21 19:04:19,210] Trial 2093 finished with value: 41.3376091965765 and parameters: {'C': 918.6256139993438, 'epsilon': 22.202690981099977, 'gamma': 0.03776162202873916}. Best is trial 406 with value: 38.90494892453006.
trail number 2094
[I 2025-07-21 19:04:19,211] Trial 2094 finished with value: 44.34475442583975 and parameters: {'C': 797.8418333193383, 'epsilon': 24.289817193738717, 'gamma': 0.06596107046715297}. Best is trial 406 with value: 38.90494892453006.
trail number 2092
[I 2025-07-21 19:04:19,224] Trial 2092 finished with value: 44.033641045674244 and parameters: {'C': 803.8018250979497, 'epsilon': 24.184719773069347, 'gamma': 0.06200176391989287}. Best is trial 406 with value: 38.90494892453006.
trail number 2096
[I 2025-07-21 19:04:19,267] Trial 2096 finished with value: 48.49549029155535 and parameters: {'C': 1255.3853344176791, 'epsilon': 23.36556377470282, 'gamma': 0.3338799790522008}. Best is trial 406 with value: 38.90494892453006.
trail number 2098
[I 2025-07-21 19:04:19,276] Trial 2098 finished with value: 45.80417776196985 and parameters: {'C': 839.0954126148504, 'epsilon': 27.053658113803976, 'gamma': 0.1032380203524031}. Best is trial 406 with value: 38.90494892453006.
trail number 2097
[I 2025-07-21 19:04:19,276] Trial 2097 finished with value: 46.00488716086846 and parameters: {'C': 856.9285652328906, 'epsilon': 26.759102449956398, 'gamma': 0.10791125306397356}. Best is trial 406 with value: 38.90494892453006.
trail number 2099
[I 2025-07-21 19:04:19,295] Trial 2099 finished with value: 43.46983032634123 and parameters: {'C': 868.6299314685032, 'epsilon': 26.434867003205387, 'gamma': 0.051826580089801635}. Best is trial 406 with value: 38.90494892453006.
trail number 2101
[I 2025-07-21 19:04:19,318] Trial 2101 finished with value: 39.44643448262123 and parameters: {'C': 711.0799294101156, 'epsilon': 27.615401143701153, 'gamma': 0.0031760075270223648}. Best is trial 406 with value: 38.90494892453006.
trail number 2103
[I 2025-07-21 19:04:19,332] Trial 2103 finished with value: 40.322289506811906 and parameters: {'C': 713.5597850461868, 'epsilon': 28.262852596429724, 'gamma': 0.00149580274315189}. Best is trial 406 with value: 38.90494892453006.
trail number 2102
[I 2025-07-21 19:04:19,340] Trial 2102 finished with value: 43.55919905295061 and parameters: {'C': 915.0019615151693, 'epsilon': 26.873074690915043, 'gamma': 0.05105240288059135}. Best is trial 406 with value: 38.90494892453006.
trail number 2104
[I 2025-07-21 19:04:19,354] Trial 2104 finished with value: 40.570822159622836 and parameters: {'C': 930.593577112364, 'epsilon': 17.943727148518565, 'gamma': 0.0006851905518688965}. Best is trial 406 with value: 38.90494892453006.
trail number 2100
[I 2025-07-21 19:04:19,362] Trial 2100 finished with value: 44.91790671344747 and parameters: {'C': 891.1138213689522, 'epsilon': 25.117039248413956, 'gamma': 0.06909291432534734}. Best is trial 406 with value: 38.90494892453006.
trail number 2105
[I 2025-07-21 19:04:19,384] Trial 2105 finished with value: 40.8229319903581 and parameters: {'C': 925.5098390835861, 'epsilon': 22.617268733510482, 'gamma': 0.0006301964307704154}. Best is trial 406 with value: 38.90494892453006.
trail number 2106
[I 2025-07-21 19:04:19,397] Trial 2106 finished with value: 42.77512305934358 and parameters: {'C': 785.7080761687636, 'epsilon': 26.142104042902712, 'gamma': 0.04888739194509628}. Best is trial 406 with value: 38.90494892453006.
trail number 2107
[I 2025-07-21 19:04:19,411] Trial 2107 finished with value: 43.43431191602743 and parameters: {'C': 804.867215146491, 'epsilon': 27.24076342812834, 'gamma': 0.05273844824973493}. Best is trial 406 with value: 38.90494892453006.
trail number 2109
[I 2025-07-21 19:04:19,427] Trial 2109 finished with value: 39.844017731194086 and parameters: {'C': 1033.5489130539622, 'epsilon': 29.737592030545898, 'gamma': 0.0019242270331551099}. Best is trial 406 with value: 38.90494892453006.
trail number 2108
[I 2025-07-21 19:04:19,437] Trial 2108 finished with value: 44.82929425475286 and parameters: {'C': 1062.422376190658, 'epsilon': 27.001187307845342, 'gamma': 0.05849430787863545}. Best is trial 406 with value: 38.90494892453006.
trail number 2110
[I 2025-07-21 19:04:19,451] Trial 2110 finished with value: 48.071127171469094 and parameters: {'C': 1160.213770834264, 'epsilon': 27.56238041242291, 'gamma': 0.1609613319897321}. Best is trial 406 with value: 38.90494892453006.
trail number 2111
[I 2025-07-21 19:04:19,464] Trial 2111 finished with value: 40.79009863796322 and parameters: {'C': 1101.0323197960588, 'epsilon': 21.6207816460796, 'gamma': 0.03143709977444564}. Best is trial 406 with value: 38.90494892453006.
trail number 2113
[I 2025-07-21 19:04:19,486] Trial 2113 finished with value: 39.17800472369864 and parameters: {'C': 700.1951705750588, 'epsilon': 23.252572890708, 'gamma': 0.006313757614695004}. Best is trial 406 with value: 38.90494892453006.
trail number 2114
[I 2025-07-21 19:04:19,499] Trial 2114 finished with value: 43.32921429966412 and parameters: {'C': 889.8790440699892, 'epsilon': 22.685422603643886, 'gamma': 0.05315195395421614}. Best is trial 406 with value: 38.90494892453006.
trail number 2112
[I 2025-07-21 19:04:19,507] Trial 2112 finished with value: 44.84720565922619 and parameters: {'C': 1042.6010776973903, 'epsilon': 26.84142102754616, 'gamma': 0.05955798092392697}. Best is trial 406 with value: 38.90494892453006.
trail number 2115
[I 2025-07-21 19:04:19,515] Trial 2115 finished with value: 47.29686309867392 and parameters: {'C': 910.3693186458953, 'epsilon': 22.363682462784702, 'gamma': 0.13473186000563572}. Best is trial 406 with value: 38.90494892453006.
trail number 2116
[I 2025-07-21 19:04:19,537] Trial 2116 finished with value: 42.671604528763524 and parameters: {'C': 807.691095918504, 'epsilon': 25.29250670913403, 'gamma': 0.0481672530517135}. Best is trial 406 with value: 38.90494892453006.
trail number 2117
[I 2025-07-21 19:04:19,547] Trial 2117 finished with value: 40.49253149594627 and parameters: {'C': 706.8946807841447, 'epsilon': 28.18148457136863, 'gamma': 0.0013295722841411162}. Best is trial 406 with value: 38.90494892453006.
trail number 2118
[I 2025-07-21 19:04:19,554] Trial 2118 finished with value: 40.312326841571306 and parameters: {'C': 992.0001911223763, 'epsilon': 24.37003001451993, 'gamma': 0.001017341220817666}. Best is trial 406 with value: 38.90494892453006.
trail number 2119
[I 2025-07-21 19:04:19,558] Trial 2119 finished with value: 40.0339458639028 and parameters: {'C': 888.8577471557486, 'epsilon': 25.557807708048355, 'gamma': 0.0014904628225897304}. Best is trial 406 with value: 38.90494892453006.
trail number 2120
[I 2025-07-21 19:04:19,585] Trial 2120 finished with value: 40.37435015400141 and parameters: {'C': 887.2061287895441, 'epsilon': 23.548591869394123, 'gamma': 0.001121395240220877}. Best is trial 406 with value: 38.90494892453006.
trail number 2122
[I 2025-07-21 19:04:19,607] Trial 2122 finished with value: 43.61466027610995 and parameters: {'C': 881.5853618362725, 'epsilon': 29.97800409936373, 'gamma': 0.050583060773680064}. Best is trial 406 with value: 38.90494892453006.
trail number 2123
[I 2025-07-21 19:04:19,623] Trial 2123 finished with value: 42.38789384977359 and parameters: {'C': 818.8108610427828, 'epsilon': 26.686895149432896, 'gamma': 0.044568545651420294}. Best is trial 406 with value: 38.90494892453006.
trail number 2124
