[I 2025-07-21 19:04:00,140] Trial 535 finished with value: 39.67457357291859 and parameters: {'C': 900.1116212394131, 'epsilon': 27.247763605160834, 'gamma': 0.0023404285312369176}. Best is trial 406 with value: 38.90494892453006.
trail number 536
[I 2025-07-21 19:04:00,146] Trial 536 finished with value: 39.61676770450687 and parameters: {'C': 924.829641507618, 'epsilon': 22.46273060592198, 'gamma': 0.0024694825499214108}. Best is trial 406 with value: 38.90494892453006.
trail number 534
[I 2025-07-21 19:04:00,157] Trial 534 finished with value: 44.57746335777317 and parameters: {'C': 900.3224010668423, 'epsilon': 28.790713088618368, 'gamma': 0.06201429495981493}. Best is trial 406 with value: 38.90494892453006.
trail number 537
[I 2025-07-21 19:04:00,169] Trial 537 finished with value: 45.9999262273087 and parameters: {'C': 978.2710902915849, 'epsilon': 24.23718346883367, 'gamma': 0.09381975752283413}. Best is trial 406 with value: 38.90494892453006.
trail number 539
[I 2025-07-21 19:04:00,190] Trial 539 finished with value: 45.53673907229773 and parameters: {'C': 848.2224159856585, 'epsilon': 25.526483940810653, 'gamma': 0.08566333430989166}. Best is trial 406 with value: 38.90494892453006.
trail number 538
[I 2025-07-21 19:04:00,204] Trial 538 finished with value: 43.35774338612681 and parameters: {'C': 959.2037025089763, 'epsilon': 18.87633805659665, 'gamma': 0.05557140924741168}. Best is trial 406 with value: 38.90494892453006.
trail number 542
[I 2025-07-21 19:04:00,213] Trial 542 finished with value: 40.552156726536936 and parameters: {'C': 815.3221863777692, 'epsilon': 28.153901051321235, 'gamma': 0.0011622835022252857}. Best is trial 406 with value: 38.90494892453006.
trail number 541
[I 2025-07-21 19:04:00,217] Trial 541 finished with value: 45.65264378200213 and parameters: {'C': 1023.3669069184195, 'epsilon': 23.91024610406052, 'gamma': 0.0756776819320483}. Best is trial 406 with value: 38.90494892453006.
trail number 540
[I 2025-07-21 19:04:00,222] Trial 540 finished with value: 45.62585225638852 and parameters: {'C': 1046.5462045267157, 'epsilon': 23.303807342661436, 'gamma': 0.07503253046124904}. Best is trial 406 with value: 38.90494892453006.
trail number 545
[I 2025-07-21 19:04:00,244] Trial 545 finished with value: 40.042532425425584 and parameters: {'C': 960.7250572276156, 'epsilon': 24.984038529733137, 'gamma': 0.0012863990326258635}. Best is trial 406 with value: 38.90494892453006.
trail number 544
[I 2025-07-21 19:04:00,259] Trial 544 finished with value: 45.15531241303174 and parameters: {'C': 809.6966972055903, 'epsilon': 29.034373872811923, 'gamma': 0.07865152640910777}. Best is trial 406 with value: 38.90494892453006.
trail number 547
[I 2025-07-21 19:04:00,267] Trial 547 finished with value: 40.44423761697168 and parameters: {'C': 1038.009885448686, 'epsilon': 24.597945046973454, 'gamma': 0.0007714453543439768}. Best is trial 406 with value: 38.90494892453006.
trail number 546
[I 2025-07-21 19:04:00,272] Trial 546 finished with value: 45.03754638423408 and parameters: {'C': 803.0779452454393, 'epsilon': 28.82999653345817, 'gamma': 0.07644817241430396}. Best is trial 406 with value: 38.90494892453006.
trail number 543
[I 2025-07-21 19:04:00,278] Trial 543 finished with value: 49.89259553400281 and parameters: {'C': 1328.4043730863948, 'epsilon': 9.378008299070252, 'gamma': 0.18740607950982194}. Best is trial 406 with value: 38.90494892453006.
trail number 548
[I 2025-07-21 19:04:00,288] Trial 548 finished with value: 39.044288111711346 and parameters: {'C': 740.3725243211816, 'epsilon': 28.48002131722409, 'gamma': 0.00544877510650653}. Best is trial 406 with value: 38.90494892453006.
trail number 549
[I 2025-07-21 19:04:00,304] Trial 549 finished with value: 39.170517417876106 and parameters: {'C': 905.9987196062463, 'epsilon': 23.500484310231574, 'gamma': 0.005176437784098844}. Best is trial 406 with value: 38.90494892453006.
trail number 550
[I 2025-07-21 19:04:00,315] Trial 550 finished with value: 39.771024074624776 and parameters: {'C': 947.3011484789557, 'epsilon': 21.320069908426554, 'gamma': 0.0014719005286910128}. Best is trial 406 with value: 38.90494892453006.
trail number 552
[I 2025-07-21 19:04:00,320] Trial 552 finished with value: 39.1206903905152 and parameters: {'C': 842.662489784821, 'epsilon': 26.13672744379723, 'gamma': 0.005359772556119613}. Best is trial 406 with value: 38.90494892453006.
trail number 551
[I 2025-07-21 19:04:00,328] Trial 551 finished with value: 39.2940507798328 and parameters: {'C': 763.8160432357798, 'epsilon': 29.75431697680385, 'gamma': 0.011635883945322605}. Best is trial 406 with value: 38.90494892453006.
trail number 553
[I 2025-07-21 19:04:00,350] Trial 553 finished with value: 40.0399506581895 and parameters: {'C': 893.2597932825728, 'epsilon': 16.10178651331696, 'gamma': 0.03130214831098954}. Best is trial 406 with value: 38.90494892453006.
trail number 555
[I 2025-07-21 19:04:00,353] Trial 555 finished with value: 47.5850876949949 and parameters: {'C': 748.6415328759458, 'epsilon': 28.228963538290863, 'gamma': 0.21368186535091632}. Best is trial 406 with value: 38.90494892453006.
trail number 556
[I 2025-07-21 19:04:00,369] Trial 556 finished with value: 39.07356091224896 and parameters: {'C': 709.9336720945953, 'epsilon': 25.191957550503048, 'gamma': 0.00642177070655933}. Best is trial 406 with value: 38.90494892453006.
trail number 557
[I 2025-07-21 19:04:00,378] Trial 557 finished with value: 44.089562511934545 and parameters: {'C': 851.7801145885488, 'epsilon': 24.51028674535626, 'gamma': 0.00014116737889875372}. Best is trial 406 with value: 38.90494892453006.
trail number 554
[I 2025-07-21 19:04:00,384] Trial 554 finished with value: 45.25266748827825 and parameters: {'C': 1150.9415310348047, 'epsilon': 23.578076766301507, 'gamma': 0.06390724023325464}. Best is trial 406 with value: 38.90494892453006.
trail number 558
[I 2025-07-21 19:04:00,400] Trial 558 finished with value: 45.09639206024675 and parameters: {'C': 924.7238169376965, 'epsilon': 24.293117567935997, 'gamma': 0.07164827897962837}. Best is trial 406 with value: 38.90494892453006.
trail number 560
[I 2025-07-21 19:04:00,423] Trial 560 finished with value: 44.74883240416514 and parameters: {'C': 1008.9675926489897, 'epsilon': 23.58233957275017, 'gamma': 0.06312094342455814}. Best is trial 406 with value: 38.90494892453006.
trail number 562
[I 2025-07-21 19:04:00,433] Trial 562 finished with value: 45.236222679377356 and parameters: {'C': 708.9787174516889, 'epsilon': 29.821055584605844, 'gamma': 0.10186171935280366}. Best is trial 406 with value: 38.90494892453006.
trail number 559
[I 2025-07-21 19:04:00,438] Trial 559 finished with value: 45.801180528104084 and parameters: {'C': 966.2273630243776, 'epsilon': 22.457610884431418, 'gamma': 0.09178389683204344}. Best is trial 406 with value: 38.90494892453006.
trail number 561
[I 2025-07-21 19:04:00,438] Trial 561 finished with value: 45.05700610713642 and parameters: {'C': 931.7129929568412, 'epsilon': 23.96861479012245, 'gamma': 0.07117777515051471}. Best is trial 406 with value: 38.90494892453006.
trail number 563
[I 2025-07-21 19:04:00,457] Trial 563 finished with value: 51.34400776287423 and parameters: {'C': 879.4448640859501, 'epsilon': 22.86372466354298, 'gamma': 0.4711641257523035}. Best is trial 406 with value: 38.90494892453006.
trail number 566
[I 2025-07-21 19:04:00,468] Trial 566 finished with value: 40.52759859954923 and parameters: {'C': 963.080366283064, 'epsilon': 25.9561558626741, 'gamma': 0.000673398299127298}. Best is trial 406 with value: 38.90494892453006.
trail number 564
[I 2025-07-21 19:04:00,473] Trial 564 finished with value: 39.47602224517913 and parameters: {'C': 852.5914770226842, 'epsilon': 28.57187753201233, 'gamma': 0.002847341570297002}. Best is trial 406 with value: 38.90494892453006.
trail number 565
[I 2025-07-21 19:04:00,483] Trial 565 finished with value: 43.6567548088101 and parameters: {'C': 853.3145915512305, 'epsilon': 29.7854806115552, 'gamma': 0.05197365240179578}. Best is trial 406 with value: 38.90494892453006.
trail number 567
[I 2025-07-21 19:04:00,492] Trial 567 finished with value: 50.37201738754792 and parameters: {'C': 769.6320075342751, 'epsilon': 12.861443225329218, 'gamma': 0.4868590786774426}. Best is trial 406 with value: 38.90494892453006.
trail number 569
[I 2025-07-21 19:04:00,502] Trial 569 finished with value: 39.91178455001485 and parameters: {'C': 859.825317602078, 'epsilon': 28.39473923434848, 'gamma': 0.0019372497126938833}. Best is trial 406 with value: 38.90494892453006.
trail number 568
[I 2025-07-21 19:04:00,507] Trial 568 finished with value: 39.23860325047004 and parameters: {'C': 721.2598727058246, 'epsilon': 29.629284388603487, 'gamma': 0.014266142662336837}. Best is trial 406 with value: 38.90494892453006.
trail number 570
[I 2025-07-21 19:04:00,522] Trial 570 finished with value: 45.41251891678935 and parameters: {'C': 825.8058614851744, 'epsilon': 26.100913837865804, 'gamma': 0.08355988883697123}. Best is trial 406 with value: 38.90494892453006.
trail number 571
[I 2025-07-21 19:04:00,532] Trial 571 finished with value: 45.29771473579778 and parameters: {'C': 746.0310262691534, 'epsilon': 26.381117045750642, 'gamma': 0.08862426131034853}. Best is trial 406 with value: 38.90494892453006.
trail number 573
[I 2025-07-21 19:04:00,546] Trial 573 finished with value: 45.175876858792876 and parameters: {'C': 845.1709347669007, 'epsilon': 25.598315317267005, 'gamma': 0.0755404611593811}. Best is trial 406 with value: 38.90494892453006.
trail number 572
[I 2025-07-21 19:04:00,546] Trial 572 finished with value: 45.17606246647834 and parameters: {'C': 713.8533709798913, 'epsilon': 27.07808386015571, 'gamma': 0.08834735552938873}. Best is trial 406 with value: 38.90494892453006.
trail number 575
[I 2025-07-21 19:04:00,565] Trial 575 finished with value: 47.927732299630705 and parameters: {'C': 1371.4488913526243, 'epsilon': 20.83479118436937, 'gamma': 0.30272112405904383}. Best is trial 406 with value: 38.90494892453006.
trail number 574
[I 2025-07-21 19:04:00,570] Trial 574 finished with value: 44.892341596984025 and parameters: {'C': 1084.2952874042244, 'epsilon': 26.393476839533854, 'gamma': 0.0587344377723984}. Best is trial 406 with value: 38.90494892453006.
trail number 577
[I 2025-07-21 19:04:00,592] Trial 577 finished with value: 43.42656234503518 and parameters: {'C': 1076.557417330794, 'epsilon': 24.281106256115873, 'gamma': 0.04774972600069495}. Best is trial 406 with value: 38.90494892453006.
trail number 576
[I 2025-07-21 19:04:00,596] Trial 576 finished with value: 45.98876886626826 and parameters: {'C': 1069.0820768821625, 'epsilon': 25.261788036265582, 'gamma': 0.07783567128201128}. Best is trial 406 with value: 38.90494892453006.
trail number 579
[I 2025-07-21 19:04:00,596] Trial 579 finished with value: 39.288910781033046 and parameters: {'C': 953.8092867748971, 'epsilon': 20.783724445751215, 'gamma': 0.005597489114329193}. Best is trial 406 with value: 38.90494892453006.
trail number 578
[I 2025-07-21 19:04:00,613] Trial 578 finished with value: 45.716520648110986 and parameters: {'C': 1043.2475989807194, 'epsilon': 27.04474265407168, 'gamma': 0.07172142981146414}. Best is trial 406 with value: 38.90494892453006.
trail number 582
[I 2025-07-21 19:04:00,629] Trial 582 finished with value: 39.14362500780244 and parameters: {'C': 752.77791888068, 'epsilon': 26.837392368022524, 'gamma': 0.004993075987094028}. Best is trial 406 with value: 38.90494892453006.
trail number 580
[I 2025-07-21 19:04:00,634] Trial 580 finished with value: 39.19177371805164 and parameters: {'C': 1067.1976044922474, 'epsilon': 24.297947415118223, 'gamma': 0.008697474883211032}. Best is trial 406 with value: 38.90494892453006.
trail number 583
[I 2025-07-21 19:04:00,635] Trial 583 finished with value: 42.10856657649937 and parameters: {'C': 780.0294794002174, 'epsilon': 25.954521472347942, 'gamma': 0.0003005856425953952}. Best is trial 406 with value: 38.90494892453006.
trail number 581
[I 2025-07-21 19:04:00,644] Trial 581 finished with value: 48.45754618682836 and parameters: {'C': 1197.1846989809353, 'epsilon': 8.606875642045544, 'gamma': 0.3534925362247675}. Best is trial 406 with value: 38.90494892453006.
trail number 584
[I 2025-07-21 19:04:00,668] Trial 584 finished with value: 39.07334088144638 and parameters: {'C': 704.8388205373001, 'epsilon': 26.833174409502384, 'gamma': 0.008986540240892205}. Best is trial 406 with value: 38.90494892453006.
trail number 585
[I 2025-07-21 19:04:00,673] Trial 585 finished with value: 39.275865533720555 and parameters: {'C': 857.2628084052253, 'epsilon': 21.819369928510586, 'gamma': 0.004566763107054879}. Best is trial 406 with value: 38.90494892453006.
trail number 587
[I 2025-07-21 19:04:00,673] Trial 587 finished with value: 40.02518163905593 and parameters: {'C': 998.8068834852943, 'epsilon': 26.282492989000414, 'gamma': 0.0015773855170484836}. Best is trial 406 with value: 38.90494892453006.
trail number 586
[I 2025-07-21 19:04:00,695] Trial 586 finished with value: 45.56434305116436 and parameters: {'C': 967.4435283604714, 'epsilon': 19.68154853849528, 'gamma': 0.08864406433416842}. Best is trial 406 with value: 38.90494892453006.
trail number 589
[I 2025-07-21 19:04:00,716] Trial 589 finished with value: 43.520185683976706 and parameters: {'C': 945.4910784601591, 'epsilon': 22.172371041877472, 'gamma': 0.053397324871522475}. Best is trial 406 with value: 38.90494892453006.
trail number 588
[I 2025-07-21 19:04:00,721] Trial 588 finished with value: 45.55943124324553 and parameters: {'C': 869.1721500493055, 'epsilon': 23.0408278653663, 'gamma': 0.09189395885822417}. Best is trial 406 with value: 38.90494892453006.
trail number 591
[I 2025-07-21 19:04:00,724] Trial 591 finished with value: 39.409216413547725 and parameters: {'C': 1020.0232461132847, 'epsilon': 23.613677454566044, 'gamma': 0.003383457429013182}. Best is trial 406 with value: 38.90494892453006.
trail number 590
[I 2025-07-21 19:04:00,729] Trial 590 finished with value: 45.51809457617072 and parameters: {'C': 1006.1076126301989, 'epsilon': 19.045386715853788, 'gamma': 0.08403130227928467}. Best is trial 406 with value: 38.90494892453006.
trail number 594
[I 2025-07-21 19:04:00,756] Trial 594 finished with value: 39.559937198168285 and parameters: {'C': 864.3975002781704, 'epsilon': 25.097577116971266, 'gamma': 0.0024590273581987353}. Best is trial 406 with value: 38.90494892453006.
trail number 595
[I 2025-07-21 19:04:00,767] Trial 595 finished with value: 44.68371468010863 and parameters: {'C': 796.3143093668724, 'epsilon': 29.996946831448277, 'gamma': 0.06945596266630863}. Best is trial 406 with value: 38.90494892453006.
trail number 592
[I 2025-07-21 19:04:00,773] Trial 592 finished with value: 48.06154019146597 and parameters: {'C': 847.4517950265138, 'epsilon': 17.93133067586992, 'gamma': 0.18078536519398375}. Best is trial 406 with value: 38.90494892453006.
trail number 593
[I 2025-07-21 19:04:00,773] Trial 593 finished with value: 47.65037056706935 and parameters: {'C': 859.9093331890076, 'epsilon': 18.915122548488636, 'gamma': 0.21996562023949}. Best is trial 406 with value: 38.90494892453006.
trail number 596
[I 2025-07-21 19:04:00,797] Trial 596 finished with value: 44.68196109408247 and parameters: {'C': 831.0684067779453, 'epsilon': 25.402596715366233, 'gamma': 0.06835394831955825}. Best is trial 406 with value: 38.90494892453006.
trail number 599
[I 2025-07-21 19:04:00,805] Trial 599 finished with value: 39.03972081678146 and parameters: {'C': 1015.9313477485671, 'epsilon': 28.96089539359994, 'gamma': 0.005412470512860805}. Best is trial 406 with value: 38.90494892453006.
trail number 597
[I 2025-07-21 19:04:00,816] Trial 597 finished with value: 44.80245022256709 and parameters: {'C': 957.7374466043079, 'epsilon': 29.611502353293726, 'gamma': 0.06216282241907285}. Best is trial 406 with value: 38.90494892453006.
trail number 598
[I 2025-07-21 19:04:00,821] Trial 598 finished with value: 47.774668210151745 and parameters: {'C': 1479.0686939865116, 'epsilon': 26.50392081204503, 'gamma': 0.17499744656235766}. Best is trial 406 with value: 38.90494892453006.
trail number 600
[I 2025-07-21 19:04:00,837] Trial 600 finished with value: 44.914213904860446 and parameters: {'C': 934.5615253773354, 'epsilon': 26.576846770632667, 'gamma': 0.06573638737370871}. Best is trial 406 with value: 38.90494892453006.
trail number 601
[I 2025-07-21 19:04:00,849] Trial 601 finished with value: 46.67997987347748 and parameters: {'C': 990.4108490926909, 'epsilon': 28.26589101153486, 'gamma': 0.10771948812780047}. Best is trial 406 with value: 38.90494892453006.
trail number 603
[I 2025-07-21 19:04:00,859] Trial 603 finished with value: 45.088899655694064 and parameters: {'C': 883.9162532404641, 'epsilon': 27.98762695963783, 'gamma': 0.07146135364469319}. Best is trial 406 with value: 38.90494892453006.
trail number 602
[I 2025-07-21 19:04:00,864] Trial 602 finished with value: 44.65705234628257 and parameters: {'C': 1060.520666257043, 'epsilon': 27.74431639641236, 'gamma': 0.05642113059365375}. Best is trial 406 with value: 38.90494892453006.
trail number 604
[I 2025-07-21 19:04:00,874] Trial 604 finished with value: 44.78541438959895 and parameters: {'C': 956.4751448163044, 'epsilon': 27.696252010578487, 'gamma': 0.06255999049381417}. Best is trial 406 with value: 38.90494892453006.
trail number 605
[I 2025-07-21 19:04:00,890] Trial 605 finished with value: 45.447119011085306 and parameters: {'C': 987.2643499002877, 'epsilon': 27.662062655355438, 'gamma': 0.07041178105109881}. Best is trial 406 with value: 38.90494892453006.
trail number 607
[I 2025-07-21 19:04:00,899] Trial 607 finished with value: 40.3369916530702 and parameters: {'C': 1064.8615207395903, 'epsilon': 27.012593876547847, 'gamma': 0.02495527332528185}. Best is trial 406 with value: 38.90494892453006.
trail number 608
[I 2025-07-21 19:04:00,904] Trial 608 finished with value: 39.18816248193377 and parameters: {'C': 957.1886423687416, 'epsilon': 27.90327016524584, 'gamma': 0.009207051529446536}. Best is trial 406 with value: 38.90494892453006.
trail number 606
[I 2025-07-21 19:04:00,904] Trial 606 finished with value: 47.63871675024883 and parameters: {'C': 1182.220363892452, 'epsilon': 23.967780699725203, 'gamma': 0.22125879970029144}. Best is trial 406 with value: 38.90494892453006.
trail number 609
[I 2025-07-21 19:04:00,925] Trial 609 finished with value: 40.270468047948945 and parameters: {'C': 989.19107305138, 'epsilon': 29.873603724163647, 'gamma': 0.02314355201963841}. Best is trial 406 with value: 38.90494892453006.
trail number 611
[I 2025-07-21 19:04:00,935] Trial 611 finished with value: 41.27820346735386 and parameters: {'C': 889.6611806970816, 'epsilon': 29.377677796528747, 'gamma': 0.0005916712243177634}. Best is trial 406 with value: 38.90494892453006.
trail number 612
[I 2025-07-21 19:04:00,937] Trial 612 finished with value: 41.383644722164696 and parameters: {'C': 707.7265037749277, 'epsilon': 28.167101475677892, 'gamma': 0.0006293206235453578}. Best is trial 406 with value: 38.90494892453006.
trail number 610
[I 2025-07-21 19:04:00,948] Trial 610 finished with value: 39.11153834349487 and parameters: {'C': 932.4007007199124, 'epsilon': 26.992070719212755, 'gamma': 0.012300418882789665}. Best is trial 406 with value: 38.90494892453006.
trail number 615
[I 2025-07-21 19:04:00,969] Trial 615 finished with value: 39.91052571843187 and parameters: {'C': 1113.1563767381717, 'epsilon': 29.31481751444171, 'gamma': 0.018878996513021017}. Best is trial 406 with value: 38.90494892453006.
trail number 613
[I 2025-07-21 19:04:00,975] Trial 613 finished with value: 45.05440477392985 and parameters: {'C': 882.458151723793, 'epsilon': 8.684829131235967, 'gamma': 0.08880851997431041}. Best is trial 406 with value: 38.90494892453006.
trail number 614
[I 2025-07-21 19:04:00,980] Trial 614 finished with value: 44.24568544004429 and parameters: {'C': 738.4486895757075, 'epsilon': 25.87434715481057, 'gamma': 0.06584297214018937}. Best is trial 406 with value: 38.90494892453006.
trail number 616
[I 2025-07-21 19:04:00,984] Trial 616 finished with value: 43.07034695304877 and parameters: {'C': 1021.5720322832454, 'epsilon': 29.69681405975641, 'gamma': 0.04274497073950494}. Best is trial 406 with value: 38.90494892453006.
trail number 617
[I 2025-07-21 19:04:01,004] Trial 617 finished with value: 39.24998905430949 and parameters: {'C': 1044.5055805621807, 'epsilon': 24.221784823331653, 'gamma': 0.0038138206813687434}. Best is trial 406 with value: 38.90494892453006.
trail number 618
[I 2025-07-21 19:04:01,012] Trial 618 finished with value: 39.99313725097622 and parameters: {'C': 1022.6615084537757, 'epsilon': 24.812693398749374, 'gamma': 0.0012480914398109357}. Best is trial 406 with value: 38.90494892453006.
trail number 620
[I 2025-07-21 19:04:01,017] Trial 620 finished with value: 39.36074381615991 and parameters: {'C': 1069.3603468045555, 'epsilon': 26.553342921536025, 'gamma': 0.002614942862028253}. Best is trial 406 with value: 38.90494892453006.
trail number 619
[I 2025-07-21 19:04:01,023] Trial 619 finished with value: 48.26009099367076 and parameters: {'C': 1311.8749014492887, 'epsilon': 17.074230191392104, 'gamma': 0.34380359527458015}. Best is trial 406 with value: 38.90494892453006.
trail number 621
[I 2025-07-21 19:04:01,031] Trial 621 finished with value: 41.49946541660616 and parameters: {'C': 726.0876433286771, 'epsilon': 28.164632158240824, 'gamma': 0.0005103227461085574}. Best is trial 406 with value: 38.90494892453006.
trail number 625
[I 2025-07-21 19:04:01,057] Trial 625 finished with value: 39.21527118791637 and parameters: {'C': 1059.9024118120146, 'epsilon': 29.876664817512747, 'gamma': 0.007479712150440354}. Best is trial 406 with value: 38.90494892453006.
trail number 622
