[I 2025-07-21 19:04:36,037] Trial 3179 finished with value: 44.33067575593695 and parameters: {'C': 840.022260187203, 'epsilon': 29.879775402561616, 'gamma': 0.06058301716480701}. Best is trial 406 with value: 38.90494892453006.
trail number 3180
[I 2025-07-21 19:04:36,047] Trial 3180 finished with value: 41.618522114678605 and parameters: {'C': 700.4856391014798, 'epsilon': 27.921260672110858, 'gamma': 0.04178486135550588}. Best is trial 406 with value: 38.90494892453006.
trail number 3181
[I 2025-07-21 19:04:36,058] Trial 3181 finished with value: 40.525116421065476 and parameters: {'C': 799.2495097526845, 'epsilon': 26.997596382264774, 'gamma': 0.0009727536430023049}. Best is trial 406 with value: 38.90494892453006.
trail number 3182
[I 2025-07-21 19:04:36,074] Trial 3182 finished with value: 39.83349003651024 and parameters: {'C': 903.0811752668508, 'epsilon': 23.091688184266197, 'gamma': 0.0016227112114764568}. Best is trial 406 with value: 38.90494892453006.
trail number 3186
[I 2025-07-21 19:04:36,106] Trial 3186 finished with value: 40.81836204192096 and parameters: {'C': 1088.0791498021597, 'epsilon': 23.007347610899657, 'gamma': 0.0005678037963548089}. Best is trial 406 with value: 38.90494892453006.
trail number 3185
[I 2025-07-21 19:04:36,124] Trial 3185 finished with value: 45.926824633860505 and parameters: {'C': 797.5128907643603, 'epsilon': 22.795327814617185, 'gamma': 0.11777256099363967}. Best is trial 406 with value: 38.90494892453006.
trail number 3183
[I 2025-07-21 19:04:36,124] Trial 3183 finished with value: 46.798748454541006 and parameters: {'C': 1042.8627145026494, 'epsilon': 22.865238384208844, 'gamma': 0.11173480940572146}. Best is trial 406 with value: 38.90494892453006.
trail number 3189
[I 2025-07-21 19:04:36,158] Trial 3189 finished with value: 41.071927667466774 and parameters: {'C': 829.2629241291515, 'epsilon': 25.89543282039468, 'gamma': 0.0005484538224983064}. Best is trial 406 with value: 38.90494892453006.
trail number 3184
[I 2025-07-21 19:04:36,169] Trial 3184 finished with value: 44.562718616698604 and parameters: {'C': 1099.6858294082979, 'epsilon': 21.233254236118345, 'gamma': 0.06150769843211189}. Best is trial 406 with value: 38.90494892453006.
trail number 3188
[I 2025-07-21 19:04:36,169] Trial 3188 finished with value: 40.370253573279214 and parameters: {'C': 1003.5462811671434, 'epsilon': 24.023697066375973, 'gamma': 0.0009633392627423718}. Best is trial 406 with value: 38.90494892453006.
trail number 3187
[I 2025-07-21 19:04:36,184] Trial 3187 finished with value: 44.79429765719057 and parameters: {'C': 764.0677205055589, 'epsilon': 21.506711559966547, 'gamma': 0.08400605711941465}. Best is trial 406 with value: 38.90494892453006.
trail number 3190
[I 2025-07-21 19:04:36,219] Trial 3190 finished with value: 40.146499023793275 and parameters: {'C': 796.13898304256, 'epsilon': 19.276265768643604, 'gamma': 0.0014223558425161937}. Best is trial 406 with value: 38.90494892453006.
trail number 3191
[I 2025-07-21 19:04:36,241] Trial 3191 finished with value: 44.116357398779485 and parameters: {'C': 1039.1308285377363, 'epsilon': 27.89331053418708, 'gamma': 0.052021955467008024}. Best is trial 406 with value: 38.90494892453006.
trail number 3194
[I 2025-07-21 19:04:36,254] Trial 3194 finished with value: 42.56071919929164 and parameters: {'C': 870.4979243544641, 'epsilon': 23.93148494788171, 'gamma': 0.00022463884069786819}. Best is trial 406 with value: 38.90494892453006.
trail number 3193
[I 2025-07-21 19:04:36,264] Trial 3193 finished with value: 45.73742998439711 and parameters: {'C': 984.2259339795728, 'epsilon': 28.04806081165554, 'gamma': 0.08035445310227993}. Best is trial 406 with value: 38.90494892453006.
trail number 3192
[I 2025-07-21 19:04:36,264] Trial 3192 finished with value: 44.98507006253912 and parameters: {'C': 1029.1183701562375, 'epsilon': 26.50698193645608, 'gamma': 0.062154867946337344}. Best is trial 406 with value: 38.90494892453006.
trail number 3196
[I 2025-07-21 19:04:36,301] Trial 3196 finished with value: 40.84220614367418 and parameters: {'C': 794.070434687346, 'epsilon': 23.162550437090925, 'gamma': 0.0007573938088318733}. Best is trial 406 with value: 38.90494892453006.
trail number 3195
[I 2025-07-21 19:04:36,313] Trial 3195 finished with value: 45.57024623224513 and parameters: {'C': 796.8299481190875, 'epsilon': 25.825928098797903, 'gamma': 0.09954568717752495}. Best is trial 406 with value: 38.90494892453006.
trail number 3200
[I 2025-07-21 19:04:36,338] Trial 3200 finished with value: 41.031295933021 and parameters: {'C': 820.5347900818585, 'epsilon': 29.10169064512322, 'gamma': 0.0007237782134357539}. Best is trial 406 with value: 38.90494892453006.
trail number 3197
[I 2025-07-21 19:04:36,348] Trial 3197 finished with value: 43.70936498193912 and parameters: {'C': 927.7300805291031, 'epsilon': 25.287918441666378, 'gamma': 0.053436797004656963}. Best is trial 406 with value: 38.90494892453006.
trail number 3199
[I 2025-07-21 19:04:36,364] Trial 3199 finished with value: 40.974832300222886 and parameters: {'C': 707.7126963815086, 'epsilon': 29.790793003419463, 'gamma': 0.03534342794206515}. Best is trial 406 with value: 38.90494892453006.
trail number 3198
[I 2025-07-21 19:04:36,373] Trial 3198 finished with value: 46.122400897780665 and parameters: {'C': 893.4217364419827, 'epsilon': 23.217438519613083, 'gamma': 0.10944814888272729}. Best is trial 406 with value: 38.90494892453006.
trail number 3204
[I 2025-07-21 19:04:36,415] Trial 3204 finished with value: 39.04755717860837 and parameters: {'C': 701.0697328262052, 'epsilon': 27.967824927704445, 'gamma': 0.005848509520794658}. Best is trial 406 with value: 38.90494892453006.
trail number 3203
[I 2025-07-21 19:04:36,433] Trial 3203 finished with value: 44.90342024591079 and parameters: {'C': 702.8326242591158, 'epsilon': 25.206676082328777, 'gamma': 0.08173503586928163}. Best is trial 406 with value: 38.90494892453006.
trail number 3202
[I 2025-07-21 19:04:36,444] Trial 3202 finished with value: 44.90723628841639 and parameters: {'C': 709.1963939988195, 'epsilon': 22.635479105156865, 'gamma': 0.08827838521336528}. Best is trial 406 with value: 38.90494892453006.
trail number 3201
[I 2025-07-21 19:04:36,444] Trial 3201 finished with value: 44.48883212227373 and parameters: {'C': 991.4071182323277, 'epsilon': 19.87929739614641, 'gamma': 0.0658144438619141}. Best is trial 406 with value: 38.90494892453006.
trail number 3205
[I 2025-07-21 19:04:36,471] Trial 3205 finished with value: 40.43918777631451 and parameters: {'C': 755.8834903315972, 'epsilon': 27.69130113770184, 'gamma': 0.001291055223350361}. Best is trial 406 with value: 38.90494892453006.
trail number 3207
[I 2025-07-21 19:04:36,506] Trial 3207 finished with value: 39.68301769340072 and parameters: {'C': 704.4922431448929, 'epsilon': 27.912714091937474, 'gamma': 0.0025571242685886245}. Best is trial 406 with value: 38.90494892453006.
trail number 3209
[I 2025-07-21 19:04:36,519] Trial 3209 finished with value: 39.80355605796642 and parameters: {'C': 1012.4606676325121, 'epsilon': 28.182551522648005, 'gamma': 0.001770120358102483}. Best is trial 406 with value: 38.90494892453006.
trail number 3206
[I 2025-07-21 19:04:36,531] Trial 3206 finished with value: 43.8021658097515 and parameters: {'C': 865.5277712886701, 'epsilon': 23.378344376193365, 'gamma': 0.05774309049353111}. Best is trial 406 with value: 38.90494892453006.
trail number 3208
[I 2025-07-21 19:04:36,546] Trial 3208 finished with value: 43.95866608765679 and parameters: {'C': 970.9435011221681, 'epsilon': 21.73131293369899, 'gamma': 0.05863091454303921}. Best is trial 406 with value: 38.90494892453006.
trail number 3210
[I 2025-07-21 19:04:36,585] Trial 3210 finished with value: 43.91415267961824 and parameters: {'C': 894.2923198373506, 'epsilon': 26.375405684290058, 'gamma': 0.055292793718155854}. Best is trial 406 with value: 38.90494892453006.
trail number 3212
[I 2025-07-21 19:04:36,596] Trial 3212 finished with value: 43.23498374131582 and parameters: {'C': 972.3276483781833, 'epsilon': 22.673510740468462, 'gamma': 0.050111107960639716}. Best is trial 406 with value: 38.90494892453006.
trail number 3213
[I 2025-07-21 19:04:36,613] Trial 3213 finished with value: 42.0538366531153 and parameters: {'C': 813.9706071405792, 'epsilon': 24.87042907539286, 'gamma': 0.0436834864920827}. Best is trial 406 with value: 38.90494892453006.
trail number 3211
[I 2025-07-21 19:04:36,626] Trial 3211 finished with value: 42.42432680990471 and parameters: {'C': 937.6289192491772, 'epsilon': 22.129048237409656, 'gamma': 0.04538277355025723}. Best is trial 406 with value: 38.90494892453006.
trail number 3214
[I 2025-07-21 19:04:36,650] Trial 3214 finished with value: 42.39828659309097 and parameters: {'C': 807.9650188612243, 'epsilon': 25.806750613792595, 'gamma': 0.04546716384571617}. Best is trial 406 with value: 38.90494892453006.
trail number 3215
[I 2025-07-21 19:04:36,658] Trial 3215 finished with value: 43.34853253308477 and parameters: {'C': 816.4699566743612, 'epsilon': 24.574886480924878, 'gamma': 0.054020602716187256}. Best is trial 406 with value: 38.90494892453006.
trail number 3216
[I 2025-07-21 19:04:36,685] Trial 3216 finished with value: 44.12322915061477 and parameters: {'C': 789.8120956048522, 'epsilon': 25.90835787521535, 'gamma': 0.06152719105617215}. Best is trial 406 with value: 38.90494892453006.
trail number 3217
[I 2025-07-21 19:04:36,696] Trial 3217 finished with value: 47.807078700209104 and parameters: {'C': 1477.759868082932, 'epsilon': 22.77703321383919, 'gamma': 0.2874386411666676}. Best is trial 406 with value: 38.90494892453006.
trail number 3218
[I 2025-07-21 19:04:36,714] Trial 3218 finished with value: 43.05643616871704 and parameters: {'C': 947.2057346058841, 'epsilon': 25.38644538120519, 'gamma': 0.0471291793144063}. Best is trial 406 with value: 38.90494892453006.
trail number 3219
[I 2025-07-21 19:04:36,730] Trial 3219 finished with value: 48.432098248412835 and parameters: {'C': 1467.7590384609603, 'epsilon': 29.371795932966968, 'gamma': 0.1326114836960666}. Best is trial 406 with value: 38.90494892453006.
trail number 3220
[I 2025-07-21 19:04:36,748] Trial 3220 finished with value: 39.51098500798526 and parameters: {'C': 899.5514826339918, 'epsilon': 24.40555298459229, 'gamma': 0.002814115259590459}. Best is trial 406 with value: 38.90494892453006.
trail number 3222
[I 2025-07-21 19:04:36,763] Trial 3222 finished with value: 51.475526676033 and parameters: {'C': 759.8217193072205, 'epsilon': 24.30572966887111, 'gamma': 0.46705189375734}. Best is trial 406 with value: 38.90494892453006.
trail number 3221
[I 2025-07-21 19:04:36,772] Trial 3221 finished with value: 43.15571194116416 and parameters: {'C': 882.8698884276076, 'epsilon': 27.83737981653711, 'gamma': 0.047716785773026425}. Best is trial 406 with value: 38.90494892453006.
trail number 3223
[I 2025-07-21 19:04:36,795] Trial 3223 finished with value: 44.68646966657115 and parameters: {'C': 912.6433686885282, 'epsilon': 27.932981785093208, 'gamma': 0.06334531515984351}. Best is trial 406 with value: 38.90494892453006.
trail number 3224
[I 2025-07-21 19:04:36,814] Trial 3224 finished with value: 39.870546393460224 and parameters: {'C': 703.6822569228844, 'epsilon': 20.954474346071656, 'gamma': 0.0017809517246824662}. Best is trial 406 with value: 38.90494892453006.
trail number 3226
[I 2025-07-21 19:04:36,829] Trial 3226 finished with value: 40.47350945529216 and parameters: {'C': 700.6383254498738, 'epsilon': 29.763857543035947, 'gamma': 0.0315898980451049}. Best is trial 406 with value: 38.90494892453006.
trail number 3225
[I 2025-07-21 19:04:36,836] Trial 3225 finished with value: 40.64828333418132 and parameters: {'C': 702.9057806781298, 'epsilon': 22.897365805506638, 'gamma': 0.0009964358615191168}. Best is trial 406 with value: 38.90494892453006.
trail number 3227
[I 2025-07-21 19:04:36,858] Trial 3227 finished with value: 46.0662672364862 and parameters: {'C': 703.5926668200109, 'epsilon': 27.391722860075113, 'gamma': 0.1227213059455559}. Best is trial 406 with value: 38.90494892453006.
trail number 3229
[I 2025-07-21 19:04:36,879] Trial 3229 finished with value: 39.08458588496619 and parameters: {'C': 706.2710407074375, 'epsilon': 29.987064456908847, 'gamma': 0.00685864763907388}. Best is trial 406 with value: 38.90494892453006.
trail number 3230
[I 2025-07-21 19:04:36,893] Trial 3230 finished with value: 39.08556002393059 and parameters: {'C': 701.3907002369855, 'epsilon': 29.9002707815103, 'gamma': 0.008496524928310814}. Best is trial 406 with value: 38.90494892453006.
trail number 3228
[I 2025-07-21 19:04:36,904] Trial 3228 finished with value: 41.9325496132987 and parameters: {'C': 792.8925840422271, 'epsilon': 28.131570638000387, 'gamma': 0.041156651801933716}. Best is trial 406 with value: 38.90494892453006.
trail number 3231
[I 2025-07-21 19:04:36,914] Trial 3231 finished with value: 39.67397238183584 and parameters: {'C': 780.407631020702, 'epsilon': 27.57695749705755, 'gamma': 0.0025446763975801668}. Best is trial 406 with value: 38.90494892453006.
trail number 3232
[I 2025-07-21 19:04:36,930] Trial 3232 finished with value: 40.80846129981528 and parameters: {'C': 935.4413577752576, 'epsilon': 26.383808716555425, 'gamma': 0.0006257092564891081}. Best is trial 406 with value: 38.90494892453006.
trail number 3233
[I 2025-07-21 19:04:36,978] Trial 3233 finished with value: 48.34289399989097 and parameters: {'C': 1370.7965311899698, 'epsilon': 12.924666603668241, 'gamma': 0.35483846670247793}. Best is trial 406 with value: 38.90494892453006.
trail number 3235
[I 2025-07-21 19:04:36,978] Trial 3235 finished with value: 44.43794701872122 and parameters: {'C': 701.5507011419744, 'epsilon': 26.02182229096572, 'gamma': 0.071904152387949}. Best is trial 406 with value: 38.90494892453006.
trail number 3234
[I 2025-07-21 19:04:36,998] Trial 3234 finished with value: 43.118644821296684 and parameters: {'C': 815.9023402534115, 'epsilon': 27.83260444088401, 'gamma': 0.04934467937432248}. Best is trial 406 with value: 38.90494892453006.
trail number 3236
[I 2025-07-21 19:04:37,006] Trial 3236 finished with value: 46.695728815420296 and parameters: {'C': 1008.0746145894074, 'epsilon': 24.55722470006607, 'gamma': 0.10964085485314637}. Best is trial 406 with value: 38.90494892453006.
trail number 3240
[I 2025-07-21 19:04:37,048] Trial 3240 finished with value: 40.442403256133716 and parameters: {'C': 1015.8738188353135, 'epsilon': 29.317572716293743, 'gamma': 0.0010551167124340103}. Best is trial 406 with value: 38.90494892453006.
trail number 3239
[I 2025-07-21 19:04:37,061] Trial 3239 finished with value: 39.33847078825022 and parameters: {'C': 1023.8032231939976, 'epsilon': 27.05307970977021, 'gamma': 0.002965731312312283}. Best is trial 406 with value: 38.90494892453006.
trail number 3237
[I 2025-07-21 19:04:37,081] Trial 3237 finished with value: 46.34454181069412 and parameters: {'C': 843.8737574768325, 'epsilon': 26.314948117273165, 'gamma': 0.11677622885294792}. Best is trial 406 with value: 38.90494892453006.
trail number 3238
[I 2025-07-21 19:04:37,091] Trial 3238 finished with value: 42.997971013305346 and parameters: {'C': 1009.7678045851833, 'epsilon': 24.674132299276014, 'gamma': 0.045675726428629465}. Best is trial 406 with value: 38.90494892453006.
trail number 3242
[I 2025-07-21 19:04:37,116] Trial 3242 finished with value: 39.49627379651686 and parameters: {'C': 957.2920503015907, 'epsilon': 22.865624899254787, 'gamma': 0.0026819969600545505}. Best is trial 406 with value: 38.90494892453006.
trail number 3243
[I 2025-07-21 19:04:37,133] Trial 3243 finished with value: 43.611594970294306 and parameters: {'C': 1033.4847395140573, 'epsilon': 23.935242056865263, 'gamma': 0.00012982836442708597}. Best is trial 406 with value: 38.90494892453006.
trail number 3241
[I 2025-07-21 19:04:37,154] Trial 3241 finished with value: 45.84163583434291 and parameters: {'C': 1295.9738044928918, 'epsilon': 24.679250925738035, 'gamma': 0.0632777565769339}. Best is trial 406 with value: 38.90494892453006.
trail number 3244
[I 2025-07-21 19:04:37,165] Trial 3244 finished with value: 43.570914865628744 and parameters: {'C': 850.6820903083216, 'epsilon': 24.809062524284105, 'gamma': 0.05480027779013461}. Best is trial 406 with value: 38.90494892453006.
trail number 3245
[I 2025-07-21 19:04:37,186] Trial 3245 finished with value: 47.32432652069915 and parameters: {'C': 988.5469937196763, 'epsilon': 27.850763976007922, 'gamma': 0.11868576069321263}. Best is trial 406 with value: 38.90494892453006.
trail number 3246
[I 2025-07-21 19:04:37,197] Trial 3246 finished with value: 40.43480774311981 and parameters: {'C': 931.46839151616, 'epsilon': 23.921267490257723, 'gamma': 0.0008898257037036634}. Best is trial 406 with value: 38.90494892453006.
trail number 3248
[I 2025-07-21 19:04:37,230] Trial 3248 finished with value: 44.17876496720426 and parameters: {'C': 922.5221361706446, 'epsilon': 29.798789393278973, 'gamma': 0.055424476384497816}. Best is trial 406 with value: 38.90494892453006.
trail number 3249
[I 2025-07-21 19:04:37,240] Trial 3249 finished with value: 39.978901140769054 and parameters: {'C': 785.2999041120182, 'epsilon': 28.118036022797043, 'gamma': 0.0018857976761604807}. Best is trial 406 with value: 38.90494892453006.
trail number 3247
[I 2025-07-21 19:04:37,241] Trial 3247 finished with value: 43.319708950186374 and parameters: {'C': 702.1701322320254, 'epsilon': 27.172931266617475, 'gamma': 0.05527165263325903}. Best is trial 406 with value: 38.90494892453006.
trail number 3250
[I 2025-07-21 19:04:37,274] Trial 3250 finished with value: 42.506139026562394 and parameters: {'C': 790.2020481324897, 'epsilon': 23.79036778657788, 'gamma': 0.049029658196235226}. Best is trial 406 with value: 38.90494892453006.
trail number 3254
[I 2025-07-21 19:04:37,312] Trial 3254 finished with value: 40.10837134555818 and parameters: {'C': 880.7447126877322, 'epsilon': 28.36558636680774, 'gamma': 0.001647920168383288}. Best is trial 406 with value: 38.90494892453006.
trail number 3251
[I 2025-07-21 19:04:37,325] Trial 3251 finished with value: 45.29720675446366 and parameters: {'C': 701.660676001288, 'epsilon': 24.69514648847157, 'gamma': 0.10548087238960444}. Best is trial 406 with value: 38.90494892453006.
trail number 3253
[I 2025-07-21 19:04:37,325] Trial 3253 finished with value: 44.58191682008355 and parameters: {'C': 700.5130847331533, 'epsilon': 24.63230155083932, 'gamma': 0.07640041583697457}. Best is trial 406 with value: 38.90494892453006.
trail number 3252
[I 2025-07-21 19:04:37,340] Trial 3252 finished with value: 43.54808145881682 and parameters: {'C': 1213.907902399579, 'epsilon': 14.875237258134165, 'gamma': 0.05377194998322038}. Best is trial 406 with value: 38.90494892453006.
trail number 3255
[I 2025-07-21 19:04:37,387] Trial 3255 finished with value: 43.42493237042938 and parameters: {'C': 859.7483114803507, 'epsilon': 26.552734694559994, 'gamma': 0.05158866098515882}. Best is trial 406 with value: 38.90494892453006.
trail number 3256
[I 2025-07-21 19:04:37,400] Trial 3256 finished with value: 44.05032274708511 and parameters: {'C': 803.0612187929096, 'epsilon': 21.53923602735295, 'gamma': 0.06639193716644984}. Best is trial 406 with value: 38.90494892453006.
trail number 3258
[I 2025-07-21 19:04:37,411] Trial 3258 finished with value: 44.21131495658065 and parameters: {'C': 871.087339627218, 'epsilon': 25.952515260941468, 'gamma': 0.05920715854185714}. Best is trial 406 with value: 38.90494892453006.
trail number 3257
[I 2025-07-21 19:04:37,426] Trial 3257 finished with value: 46.481238207498976 and parameters: {'C': 972.0142345025254, 'epsilon': 25.871299513016695, 'gamma': 0.10800035861182983}. Best is trial 406 with value: 38.90494892453006.
trail number 3259
[I 2025-07-21 19:04:37,454] Trial 3259 finished with value: 40.465252485098475 and parameters: {'C': 924.8374663095522, 'epsilon': 24.72726819314789, 'gamma': 0.0008110754086671675}. Best is trial 406 with value: 38.90494892453006.
trail number 3260
[I 2025-07-21 19:04:37,465] Trial 3260 finished with value: 39.25804244193743 and parameters: {'C': 826.560718754497, 'epsilon': 24.15884716341141, 'gamma': 0.004358386024963289}. Best is trial 406 with value: 38.90494892453006.
trail number 3261
[I 2025-07-21 19:04:37,487] Trial 3261 finished with value: 45.27871127087176 and parameters: {'C': 800.1780905509199, 'epsilon': 29.938755842705174, 'gamma': 0.0900760920477117}. Best is trial 406 with value: 38.90494892453006.
trail number 3263
[I 2025-07-21 19:04:37,501] Trial 3263 finished with value: 41.78399845047681 and parameters: {'C': 877.214285792135, 'epsilon': 25.964305005413244, 'gamma': 0.00031314942166015165}. Best is trial 406 with value: 38.90494892453006.
trail number 3262
[I 2025-07-21 19:04:37,512] Trial 3262 finished with value: 47.9143737510762 and parameters: {'C': 859.1203356973926, 'epsilon': 21.743631183694387, 'gamma': 0.17718766288687}. Best is trial 406 with value: 38.90494892453006.
trail number 3264
[I 2025-07-21 19:04:37,522] Trial 3264 finished with value: 42.7109433732605 and parameters: {'C': 795.4660942050353, 'epsilon': 26.52043009217177, 'gamma': 0.047624434874514524}. Best is trial 406 with value: 38.90494892453006.
trail number 3267
[I 2025-07-21 19:04:37,551] Trial 3267 finished with value: 40.56876990716354 and parameters: {'C': 1007.5600896332007, 'epsilon': 20.254937186972615, 'gamma': 0.000789899658711176}. Best is trial 406 with value: 38.90494892453006.
trail number 3265
[I 2025-07-21 19:04:37,562] Trial 3265 finished with value: 43.97971389756959 and parameters: {'C': 868.3067671109359, 'epsilon': 20.789601103653844, 'gamma': 0.06371835984785792}. Best is trial 406 with value: 38.90494892453006.
trail number 3266
