[I 2025-07-21 19:04:07,202] Trial 1156 finished with value: 45.50741693214799 and parameters: {'C': 988.9163108539904, 'epsilon': 25.461132629997497, 'gamma': 0.0723548390989345}. Best is trial 406 with value: 38.90494892453006.
trail number 1155
[I 2025-07-21 19:04:07,217] Trial 1155 finished with value: 44.68191507586055 and parameters: {'C': 920.5490043719957, 'epsilon': 24.735301230430025, 'gamma': 0.06455065597698224}. Best is trial 406 with value: 38.90494892453006.
trail number 1157
[I 2025-07-21 19:04:07,228] Trial 1157 finished with value: 44.28558581190097 and parameters: {'C': 956.6632211745401, 'epsilon': 24.72866794454348, 'gamma': 0.05849774724620088}. Best is trial 406 with value: 38.90494892453006.
trail number 1158
[I 2025-07-21 19:04:07,240] Trial 1158 finished with value: 45.86134831599479 and parameters: {'C': 997.6116706795859, 'epsilon': 23.952186672105107, 'gamma': 0.08532075569510697}. Best is trial 406 with value: 38.90494892453006.
trail number 1159
[I 2025-07-21 19:04:07,246] Trial 1159 finished with value: 47.01528133248348 and parameters: {'C': 795.3041708862208, 'epsilon': 27.18260308965976, 'gamma': 0.13053584443722574}. Best is trial 406 with value: 38.90494892453006.
trail number 1160
[I 2025-07-21 19:04:07,263] Trial 1160 finished with value: 39.06782008003246 and parameters: {'C': 911.0418321243199, 'epsilon': 24.02495216545765, 'gamma': 0.012985110171813613}. Best is trial 406 with value: 38.90494892453006.
trail number 1161
[I 2025-07-21 19:04:07,270] Trial 1161 finished with value: 39.459505740130126 and parameters: {'C': 969.8875978586393, 'epsilon': 26.834995374416007, 'gamma': 0.0025623000963306587}. Best is trial 406 with value: 38.90494892453006.
trail number 1162
[I 2025-07-21 19:04:07,279] Trial 1162 finished with value: 39.18445418302956 and parameters: {'C': 836.5769002264965, 'epsilon': 23.71323956432107, 'gamma': 0.005796655320717201}. Best is trial 406 with value: 38.90494892453006.
trail number 1163
[I 2025-07-21 19:04:07,284] Trial 1163 finished with value: 39.49420564666856 and parameters: {'C': 1066.1803023242778, 'epsilon': 23.664797484122403, 'gamma': 0.0024853255911507577}. Best is trial 406 with value: 38.90494892453006.
trail number 1166
[I 2025-07-21 19:04:07,307] Trial 1166 finished with value: 41.12758182739737 and parameters: {'C': 1095.423015618251, 'epsilon': 24.783924734557917, 'gamma': 0.00042127601376999464}. Best is trial 406 with value: 38.90494892453006.
trail number 1167
[I 2025-07-21 19:04:07,316] Trial 1167 finished with value: 39.06271917610614 and parameters: {'C': 700.7350589194656, 'epsilon': 24.130798943085345, 'gamma': 0.01430852297654463}. Best is trial 406 with value: 38.90494892453006.
trail number 1164
[I 2025-07-21 19:04:07,327] Trial 1164 finished with value: 40.29395596718204 and parameters: {'C': 1220.1901560362876, 'epsilon': 29.974021947601614, 'gamma': 0.020378883548090226}. Best is trial 406 with value: 38.90494892453006.
trail number 1165
[I 2025-07-21 19:04:07,339] Trial 1165 finished with value: 47.696827973652304 and parameters: {'C': 1242.7368164706456, 'epsilon': 28.73219696319403, 'gamma': 0.10652312541423997}. Best is trial 406 with value: 38.90494892453006.
trail number 1168
[I 2025-07-21 19:04:07,342] Trial 1168 finished with value: 39.11432864480497 and parameters: {'C': 922.0669029679173, 'epsilon': 26.053180987604907, 'gamma': 0.00859405735005224}. Best is trial 406 with value: 38.90494892453006.
trail number 1169
[I 2025-07-21 19:04:07,365] Trial 1169 finished with value: 45.137706867470385 and parameters: {'C': 1055.7609321858617, 'epsilon': 26.838902230033483, 'gamma': 0.062480772088421975}. Best is trial 406 with value: 38.90494892453006.
trail number 1170
[I 2025-07-21 19:04:07,372] Trial 1170 finished with value: 44.67303235532051 and parameters: {'C': 893.429762431238, 'epsilon': 25.29272616215403, 'gamma': 0.06513714779077437}. Best is trial 406 with value: 38.90494892453006.
trail number 1171
[I 2025-07-21 19:04:07,383] Trial 1171 finished with value: 39.12273168901432 and parameters: {'C': 831.2324249935211, 'epsilon': 24.190470105553675, 'gamma': 0.005095288771968064}. Best is trial 406 with value: 38.90494892453006.
trail number 1172
[I 2025-07-21 19:04:07,395] Trial 1172 finished with value: 45.5306585788598 and parameters: {'C': 927.5664247542027, 'epsilon': 27.897230861753865, 'gamma': 0.07761569169819357}. Best is trial 406 with value: 38.90494892453006.
trail number 1174
[I 2025-07-21 19:04:07,406] Trial 1174 finished with value: 39.69537499011099 and parameters: {'C': 936.102155166442, 'epsilon': 22.084323852546625, 'gamma': 0.0020995466165393377}. Best is trial 406 with value: 38.90494892453006.
trail number 1173
[I 2025-07-21 19:04:07,416] Trial 1173 finished with value: 39.83799628201284 and parameters: {'C': 880.7801443613615, 'epsilon': 23.95920611543784, 'gamma': 0.0015543479399647096}. Best is trial 406 with value: 38.90494892453006.
trail number 1176
[I 2025-07-21 19:04:07,438] Trial 1176 finished with value: 44.7543604960563 and parameters: {'C': 823.3439171441747, 'epsilon': 25.499981861920528, 'gamma': 0.06984258942727224}. Best is trial 406 with value: 38.90494892453006.
trail number 1175
[I 2025-07-21 19:04:07,444] Trial 1175 finished with value: 47.170010625288484 and parameters: {'C': 885.7202983303669, 'epsilon': 25.299352207889275, 'gamma': 0.1281723079695655}. Best is trial 406 with value: 38.90494892453006.
trail number 1177
[I 2025-07-21 19:04:07,452] Trial 1177 finished with value: 45.30618995937947 and parameters: {'C': 819.1042842747936, 'epsilon': 26.161157887167242, 'gamma': 0.08010494684757015}. Best is trial 406 with value: 38.90494892453006.
trail number 1178
[I 2025-07-21 19:04:07,473] Trial 1178 finished with value: 45.80791305264411 and parameters: {'C': 775.1103626239856, 'epsilon': 21.369675534954258, 'gamma': 0.12072093039391023}. Best is trial 406 with value: 38.90494892453006.
trail number 1181
[I 2025-07-21 19:04:07,487] Trial 1181 finished with value: 49.112155136893065 and parameters: {'C': 801.0331424182571, 'epsilon': 16.51655519991008, 'gamma': 0.4030376786355888}. Best is trial 406 with value: 38.90494892453006.
trail number 1179
[I 2025-07-21 19:04:07,493] Trial 1179 finished with value: 45.09076781780682 and parameters: {'C': 801.6103933934023, 'epsilon': 25.64217091177389, 'gamma': 0.07694220723615136}. Best is trial 406 with value: 38.90494892453006.
trail number 1180
[I 2025-07-21 19:04:07,507] Trial 1180 finished with value: 44.7046252414752 and parameters: {'C': 855.9291883771734, 'epsilon': 20.42861011836245, 'gamma': 0.07611171675118733}. Best is trial 406 with value: 38.90494892453006.
trail number 1182
[I 2025-07-21 19:04:07,519] Trial 1182 finished with value: 49.72704589439686 and parameters: {'C': 890.5399541193017, 'epsilon': 9.591768088740368, 'gamma': 0.47044248457539095}. Best is trial 406 with value: 38.90494892453006.
trail number 1183
[I 2025-07-21 19:04:07,536] Trial 1183 finished with value: 43.52767507171273 and parameters: {'C': 1029.3013634833183, 'epsilon': 25.236622739326044, 'gamma': 0.04910125911124574}. Best is trial 406 with value: 38.90494892453006.
trail number 1184
[I 2025-07-21 19:04:07,551] Trial 1184 finished with value: 44.35985679325237 and parameters: {'C': 964.3481964481481, 'epsilon': 22.848797082228412, 'gamma': 0.06146826117019164}. Best is trial 406 with value: 38.90494892453006.
trail number 1185
[I 2025-07-21 19:04:07,558] Trial 1185 finished with value: 41.265313045448025 and parameters: {'C': 1063.9598815162285, 'epsilon': 19.833301559182097, 'gamma': 0.03670042447797414}. Best is trial 406 with value: 38.90494892453006.
trail number 1186
[I 2025-07-21 19:04:07,564] Trial 1186 finished with value: 39.54500806904433 and parameters: {'C': 1086.7781152287196, 'epsilon': 17.958788502192935, 'gamma': 0.0083998887993614}. Best is trial 406 with value: 38.90494892453006.
trail number 1187
[I 2025-07-21 19:04:07,573] Trial 1187 finished with value: 39.242796348081654 and parameters: {'C': 1019.4809775835193, 'epsilon': 27.97364983764233, 'gamma': 0.003746762604111839}. Best is trial 406 with value: 38.90494892453006.
trail number 1189
[I 2025-07-21 19:04:07,597] Trial 1189 finished with value: 39.48547743596167 and parameters: {'C': 705.5575006838477, 'epsilon': 23.016155570550506, 'gamma': 0.0038034077134887385}. Best is trial 406 with value: 38.90494892453006.
trail number 1190
[I 2025-07-21 19:04:07,605] Trial 1190 finished with value: 42.722171134455884 and parameters: {'C': 1028.0798838030223, 'epsilon': 24.839220284021625, 'gamma': 0.00018541682771682812}. Best is trial 406 with value: 38.90494892453006.
trail number 1188
[I 2025-07-21 19:04:07,616] Trial 1188 finished with value: 39.526432644450495 and parameters: {'C': 900.3485730149192, 'epsilon': 19.265819210054545, 'gamma': 0.010254143213705614}. Best is trial 406 with value: 38.90494892453006.
trail number 1191
[I 2025-07-21 19:04:07,624] Trial 1191 finished with value: 44.052812383181994 and parameters: {'C': 1078.5532370616625, 'epsilon': 23.391469572719192, 'gamma': 0.054686234742041304}. Best is trial 406 with value: 38.90494892453006.
trail number 1192
[I 2025-07-21 19:04:07,649] Trial 1192 finished with value: 44.44043506475607 and parameters: {'C': 1000.7107635849329, 'epsilon': 23.710402566986893, 'gamma': 0.059752061593283015}. Best is trial 406 with value: 38.90494892453006.
trail number 1195
[I 2025-07-21 19:04:07,655] Trial 1195 finished with value: 39.10377438172633 and parameters: {'C': 821.1638115961549, 'epsilon': 25.50866756408236, 'gamma': 0.00826710073253946}. Best is trial 406 with value: 38.90494892453006.
trail number 1193
[I 2025-07-21 19:04:07,661] Trial 1193 finished with value: 43.32798840068146 and parameters: {'C': 826.6586185079667, 'epsilon': 26.16857374972495, 'gamma': 0.05206494701269206}. Best is trial 406 with value: 38.90494892453006.
trail number 1194
[I 2025-07-21 19:04:07,674] Trial 1194 finished with value: 43.81554238671549 and parameters: {'C': 795.4111520361294, 'epsilon': 26.827834658963802, 'gamma': 0.057163420648341026}. Best is trial 406 with value: 38.90494892453006.
trail number 1197
[I 2025-07-21 19:04:07,691] Trial 1197 finished with value: 39.38720443032482 and parameters: {'C': 872.0983097427663, 'epsilon': 25.877458846988695, 'gamma': 0.0035067536262131513}. Best is trial 406 with value: 38.90494892453006.
trail number 1196
[I 2025-07-21 19:04:07,708] Trial 1196 finished with value: 45.94615445784292 and parameters: {'C': 886.7986351619509, 'epsilon': 21.943278845087598, 'gamma': 0.10738620153889418}. Best is trial 406 with value: 38.90494892453006.
trail number 1199
[I 2025-07-21 19:04:07,714] Trial 1199 finished with value: 39.117701607615835 and parameters: {'C': 895.4749497758855, 'epsilon': 26.234798457269314, 'gamma': 0.0051616356111829995}. Best is trial 406 with value: 38.90494892453006.
trail number 1198
[I 2025-07-21 19:04:07,725] Trial 1198 finished with value: 45.263719472767654 and parameters: {'C': 938.671216443309, 'epsilon': 27.758468596755783, 'gamma': 0.0705337600201075}. Best is trial 406 with value: 38.90494892453006.
trail number 1200
[I 2025-07-21 19:04:07,737] Trial 1200 finished with value: 44.367811811481054 and parameters: {'C': 808.0570115610591, 'epsilon': 27.384132785182423, 'gamma': 0.06298311366600326}. Best is trial 406 with value: 38.90494892453006.
trail number 1202
[I 2025-07-21 19:04:07,753] Trial 1202 finished with value: 39.38138686951561 and parameters: {'C': 911.7959163898474, 'epsilon': 27.58708230385466, 'gamma': 0.003171115694305793}. Best is trial 406 with value: 38.90494892453006.
trail number 1203
[I 2025-07-21 19:04:07,764] Trial 1203 finished with value: 39.98020159076874 and parameters: {'C': 963.4273371770973, 'epsilon': 24.697035974687513, 'gamma': 0.0012876449031032286}. Best is trial 406 with value: 38.90494892453006.
trail number 1201
[I 2025-07-21 19:04:07,769] Trial 1201 finished with value: 44.48600400282036 and parameters: {'C': 925.1004143576109, 'epsilon': 26.78365576955448, 'gamma': 0.05970863918746823}. Best is trial 406 with value: 38.90494892453006.
trail number 1204
[I 2025-07-21 19:04:07,769] Trial 1204 finished with value: 40.152148363602905 and parameters: {'C': 779.0848244757597, 'epsilon': 25.951328273766457, 'gamma': 0.0014798902076503025}. Best is trial 406 with value: 38.90494892453006.
trail number 1207
[I 2025-07-21 19:04:07,801] Trial 1207 finished with value: 39.1018656286165 and parameters: {'C': 821.3238703481842, 'epsilon': 25.293021646726356, 'gamma': 0.005956595686399594}. Best is trial 406 with value: 38.90494892453006.
trail number 1208
[I 2025-07-21 19:04:07,818] Trial 1208 finished with value: 45.91047516239802 and parameters: {'C': 750.3855409466196, 'epsilon': 22.69781047095317, 'gamma': 0.12316724767401917}. Best is trial 406 with value: 38.90494892453006.
trail number 1205
[I 2025-07-21 19:04:07,824] Trial 1205 finished with value: 45.382510938872294 and parameters: {'C': 937.9801097956986, 'epsilon': 28.160736379077484, 'gamma': 0.07331674492360155}. Best is trial 406 with value: 38.90494892453006.
trail number 1209
[I 2025-07-21 19:04:07,833] Trial 1209 finished with value: 40.47322535551594 and parameters: {'C': 930.8118137967069, 'epsilon': 21.86218451548073, 'gamma': 0.0009411029145072174}. Best is trial 406 with value: 38.90494892453006.
trail number 1206
[I 2025-07-21 19:04:07,839] Trial 1206 finished with value: 47.077756607229105 and parameters: {'C': 999.1502532258497, 'epsilon': 27.460385312215337, 'gamma': 0.11456801037785852}. Best is trial 406 with value: 38.90494892453006.
trail number 1210
[I 2025-07-21 19:04:07,853] Trial 1210 finished with value: 41.79916759962541 and parameters: {'C': 1017.9346170958585, 'epsilon': 28.468219727158733, 'gamma': 0.0002859178657084755}. Best is trial 406 with value: 38.90494892453006.
trail number 1211
[I 2025-07-21 19:04:07,876] Trial 1211 finished with value: 39.13384923550804 and parameters: {'C': 933.1929731132495, 'epsilon': 25.054515849491278, 'gamma': 0.00829651566475368}. Best is trial 406 with value: 38.90494892453006.
trail number 1214
[I 2025-07-21 19:04:07,883] Trial 1214 finished with value: 39.624526134417025 and parameters: {'C': 1047.478723050707, 'epsilon': 22.956296232605073, 'gamma': 0.0021958248463389493}. Best is trial 406 with value: 38.90494892453006.
trail number 1212
[I 2025-07-21 19:04:07,888] Trial 1212 finished with value: 44.88439906426095 and parameters: {'C': 700.0071809160778, 'epsilon': 21.15940754146099, 'gamma': 0.09241900121288822}. Best is trial 406 with value: 38.90494892453006.
trail number 1213
[I 2025-07-21 19:04:07,902] Trial 1213 finished with value: 44.6069577934796 and parameters: {'C': 950.6171419639151, 'epsilon': 23.96675781449422, 'gamma': 0.06296694925055608}. Best is trial 406 with value: 38.90494892453006.
trail number 1217
[I 2025-07-21 19:04:07,918] Trial 1217 finished with value: 41.26785169882925 and parameters: {'C': 842.4038744079551, 'epsilon': 25.69666214959205, 'gamma': 0.0004586010549358071}. Best is trial 406 with value: 38.90494892453006.
trail number 1216
[I 2025-07-21 19:04:07,934] Trial 1216 finished with value: 44.63012027686286 and parameters: {'C': 787.2786194281823, 'epsilon': 27.177548549137285, 'gamma': 0.0688169488303333}. Best is trial 406 with value: 38.90494892453006.
trail number 1215
[I 2025-07-21 19:04:07,955] Trial 1215 finished with value: 46.88407954960265 and parameters: {'C': 1202.2292018759576, 'epsilon': 25.087805523619643, 'gamma': 0.09416604102262933}. Best is trial 406 with value: 38.90494892453006.
trail number 1218
[I 2025-07-21 19:04:07,955] Trial 1218 finished with value: 46.98216985743427 and parameters: {'C': 790.1399497871606, 'epsilon': 27.65342902436854, 'gamma': 0.1294595761959053}. Best is trial 406 with value: 38.90494892453006.
trail number 1220
[I 2025-07-21 19:04:07,966] Trial 1220 finished with value: 39.33497378005394 and parameters: {'C': 780.3164707219876, 'epsilon': 24.137641086757156, 'gamma': 0.004245922817732164}. Best is trial 406 with value: 38.90494892453006.
trail number 1219
[I 2025-07-21 19:04:07,966] Trial 1219 finished with value: 45.12931320171973 and parameters: {'C': 918.3668383366106, 'epsilon': 22.241077697704014, 'gamma': 0.07731917768217998}. Best is trial 406 with value: 38.90494892453006.
trail number 1223
[I 2025-07-21 19:04:07,995] Trial 1223 finished with value: 41.33285092608899 and parameters: {'C': 888.8508038796174, 'epsilon': 27.009832299845208, 'gamma': 0.00045769432883042277}. Best is trial 406 with value: 38.90494892453006.
trail number 1224
[I 2025-07-21 19:04:08,011] Trial 1224 finished with value: 45.03480336737729 and parameters: {'C': 705.9996880141694, 'epsilon': 26.044954699459733, 'gamma': 0.08341503182772748}. Best is trial 406 with value: 38.90494892453006.
trail number 1225
[I 2025-07-21 19:04:08,023] Trial 1225 finished with value: 49.562359118712 and parameters: {'C': 708.9915289610149, 'epsilon': 24.767702285050007, 'gamma': 0.37547304596212144}. Best is trial 406 with value: 38.90494892453006.
trail number 1221
[I 2025-07-21 19:04:08,040] Trial 1221 finished with value: 44.84730962758797 and parameters: {'C': 1023.5392517647857, 'epsilon': 21.074328791011936, 'gamma': 0.06824612111912023}. Best is trial 406 with value: 38.90494892453006.
trail number 1222
[I 2025-07-21 19:04:08,055] Trial 1222 finished with value: 46.00257515995926 and parameters: {'C': 1084.8765222092393, 'epsilon': 23.120176300968456, 'gamma': 0.08032759156421794}. Best is trial 406 with value: 38.90494892453006.
trail number 1226
[I 2025-07-21 19:04:08,062] Trial 1226 finished with value: 46.12151320678042 and parameters: {'C': 1082.9374431210508, 'epsilon': 24.39035630620229, 'gamma': 0.08442494543136066}. Best is trial 406 with value: 38.90494892453006.
trail number 1227
[I 2025-07-21 19:04:08,069] Trial 1227 finished with value: 44.2796166068863 and parameters: {'C': 701.0676412778168, 'epsilon': 26.75360400120498, 'gamma': 0.06773505366385682}. Best is trial 406 with value: 38.90494892453006.
trail number 1228
[I 2025-07-21 19:04:08,081] Trial 1228 finished with value: 39.27425556687401 and parameters: {'C': 700.1614255748921, 'epsilon': 25.043872445838065, 'gamma': 0.004880529891160219}. Best is trial 406 with value: 38.90494892453006.
trail number 1230
[I 2025-07-21 19:04:08,110] Trial 1230 finished with value: 44.46623902443071 and parameters: {'C': 869.9971593944358, 'epsilon': 23.994040446548695, 'gamma': 0.0645453019823602}. Best is trial 406 with value: 38.90494892453006.
trail number 1231
[I 2025-07-21 19:04:08,122] Trial 1231 finished with value: 43.74348481482612 and parameters: {'C': 875.3482885399441, 'epsilon': 20.40133994493494, 'gamma': 0.06065233384179905}. Best is trial 406 with value: 38.90494892453006.
trail number 1229
[I 2025-07-21 19:04:08,128] Trial 1229 finished with value: 44.997345539149975 and parameters: {'C': 1049.9042661800154, 'epsilon': 26.726720160905025, 'gamma': 0.061236382825528374}. Best is trial 406 with value: 38.90494892453006.
trail number 1232
[I 2025-07-21 19:04:08,134] Trial 1232 finished with value: 44.28943403763862 and parameters: {'C': 895.2509124256328, 'epsilon': 22.538854836436183, 'gamma': 0.06381656928686094}. Best is trial 406 with value: 38.90494892453006.
trail number 1233
[I 2025-07-21 19:04:08,143] Trial 1233 finished with value: 40.22472874070216 and parameters: {'C': 707.2530987609754, 'epsilon': 26.627711240432912, 'gamma': 0.0014120618719969478}. Best is trial 406 with value: 38.90494892453006.
trail number 1236
[I 2025-07-21 19:04:08,167] Trial 1236 finished with value: 39.625797851820536 and parameters: {'C': 787.9668064147113, 'epsilon': 21.184914416134347, 'gamma': 0.0027413365803614902}. Best is trial 406 with value: 38.90494892453006.
trail number 1234
[I 2025-07-21 19:04:08,173] Trial 1234 finished with value: 39.06270762918725 and parameters: {'C': 795.3049780699654, 'epsilon': 27.187776604857124, 'gamma': 0.00950584349161203}. Best is trial 406 with value: 38.90494892453006.
trail number 1235
[I 2025-07-21 19:04:08,176] Trial 1235 finished with value: 39.340830920915664 and parameters: {'C': 1097.0184967740558, 'epsilon': 29.6395632851847, 'gamma': 0.012663515779051844}. Best is trial 406 with value: 38.90494892453006.
trail number 1237
[I 2025-07-21 19:04:08,184] Trial 1237 finished with value: 39.19931950305955 and parameters: {'C': 813.3296558064307, 'epsilon': 26.02501011260202, 'gamma': 0.004743365942039359}. Best is trial 406 with value: 38.90494892453006.
trail number 1238
[I 2025-07-21 19:04:08,210] Trial 1238 finished with value: 39.601745279580925 and parameters: {'C': 799.4884359668946, 'epsilon': 26.148560692889326, 'gamma': 0.0027912901877177806}. Best is trial 406 with value: 38.90494892453006.
trail number 1241
[I 2025-07-21 19:04:08,219] Trial 1241 finished with value: 39.78538059289169 and parameters: {'C': 1002.8469378085739, 'epsilon': 19.92752104609146, 'gamma': 0.00199278745697511}. Best is trial 406 with value: 38.90494892453006.
trail number 1240
[I 2025-07-21 19:04:08,230] Trial 1240 finished with value: 47.47552723507571 and parameters: {'C': 743.2472443750822, 'epsilon': 17.647924736740137, 'gamma': 0.2680583889534465}. Best is trial 406 with value: 38.90494892453006.
trail number 1239
[I 2025-07-21 19:04:08,242] Trial 1239 finished with value: 47.76999989215646 and parameters: {'C': 932.7956952158015, 'epsilon': 24.932443323426373, 'gamma': 0.13642760200497864}. Best is trial 406 with value: 38.90494892453006.
trail number 1242
[I 2025-07-21 19:04:08,257] Trial 1242 finished with value: 44.34914547083143 and parameters: {'C': 797.002347711646, 'epsilon': 27.215502368046113, 'gamma': 0.06319022658732325}. Best is trial 406 with value: 38.90494892453006.
trail number 1244
