[I 2025-07-21 19:04:40,675] Trial 3445 finished with value: 41.32137716762679 and parameters: {'C': 767.7121934502142, 'epsilon': 22.918232331421166, 'gamma': 0.0004041881055217855}. Best is trial 406 with value: 38.90494892453006.
trail number 3443
[I 2025-07-21 19:04:40,689] Trial 3443 finished with value: 41.079085738463434 and parameters: {'C': 995.331299396379, 'epsilon': 21.9286854297252, 'gamma': 0.00039822074701315394}. Best is trial 406 with value: 38.90494892453006.
trail number 3446
[I 2025-07-21 19:04:40,699] Trial 3446 finished with value: 39.3566901636076 and parameters: {'C': 1070.2289748177275, 'epsilon': 26.23520448807534, 'gamma': 0.002720640582641494}. Best is trial 406 with value: 38.90494892453006.
trail number 3444
[I 2025-07-21 19:04:40,706] Trial 3444 finished with value: 39.49940149726537 and parameters: {'C': 1040.2274210048583, 'epsilon': 23.137697799130528, 'gamma': 0.002518324936880695}. Best is trial 406 with value: 38.90494892453006.
trail number 3448
[I 2025-07-21 19:04:40,750] Trial 3448 finished with value: 40.454300270506366 and parameters: {'C': 763.4222330805981, 'epsilon': 25.94769720392848, 'gamma': 0.0009184639098297424}. Best is trial 406 with value: 38.90494892453006.
trail number 3449
[I 2025-07-21 19:04:40,763] Trial 3449 finished with value: 43.5370561518527 and parameters: {'C': 867.4961582549837, 'epsilon': 29.61064263540657, 'gamma': 0.05036903310951027}. Best is trial 406 with value: 38.90494892453006.
trail number 3450
[I 2025-07-21 19:04:40,763] Trial 3450 finished with value: 39.807384587298486 and parameters: {'C': 897.6589005120098, 'epsilon': 27.216421974993775, 'gamma': 0.0020511349460303717}. Best is trial 406 with value: 38.90494892453006.
trail number 3447
[I 2025-07-21 19:04:40,783] Trial 3447 finished with value: 45.6267236488038 and parameters: {'C': 768.715461331099, 'epsilon': 24.138528912205057, 'gamma': 0.11028480113653515}. Best is trial 406 with value: 38.90494892453006.
trail number 3452
[I 2025-07-21 19:04:40,826] Trial 3452 finished with value: 39.61655889759642 and parameters: {'C': 1042.6736773829787, 'epsilon': 24.519982167724695, 'gamma': 0.00198112632968675}. Best is trial 406 with value: 38.90494892453006.
trail number 3451
[I 2025-07-21 19:04:40,853] Trial 3451 finished with value: 46.1287118016087 and parameters: {'C': 980.811201232815, 'epsilon': 26.69968232264757, 'gamma': 0.09684875277654773}. Best is trial 406 with value: 38.90494892453006.
trail number 3454
[I 2025-07-21 19:04:40,863] Trial 3454 finished with value: 44.81756509667339 and parameters: {'C': 887.705956318647, 'epsilon': 26.49990925559333, 'gamma': 0.06667525433261112}. Best is trial 406 with value: 38.90494892453006.
trail number 3453
[I 2025-07-21 19:04:40,864] Trial 3453 finished with value: 45.21266922942147 and parameters: {'C': 863.558540325882, 'epsilon': 22.760822089636406, 'gamma': 0.08133048684704548}. Best is trial 406 with value: 38.90494892453006.
trail number 3455
[I 2025-07-21 19:04:40,894] Trial 3455 finished with value: 44.40697424153096 and parameters: {'C': 850.2869919970642, 'epsilon': 21.921058725946853, 'gamma': 0.06853288445444493}. Best is trial 406 with value: 38.90494892453006.
trail number 3456
[I 2025-07-21 19:04:40,914] Trial 3456 finished with value: 39.9918005088138 and parameters: {'C': 794.2643077061923, 'epsilon': 25.396816346565817, 'gamma': 0.0016903095715603772}. Best is trial 406 with value: 38.90494892453006.
trail number 3459
[I 2025-07-21 19:04:40,932] Trial 3459 finished with value: 41.10111673331486 and parameters: {'C': 961.3253410381741, 'epsilon': 25.054363434329595, 'gamma': 0.0004680443280004991}. Best is trial 406 with value: 38.90494892453006.
trail number 3458
[I 2025-07-21 19:04:40,950] Trial 3458 finished with value: 48.08654146347152 and parameters: {'C': 922.6147223861936, 'epsilon': 27.645781058099725, 'gamma': 0.15320075245795606}. Best is trial 406 with value: 38.90494892453006.
trail number 3457
[I 2025-07-21 19:04:40,959] Trial 3457 finished with value: 44.27227327174738 and parameters: {'C': 855.0517447054092, 'epsilon': 29.64414582999602, 'gamma': 0.05941812899763239}. Best is trial 406 with value: 38.90494892453006.
trail number 3460
[I 2025-07-21 19:04:40,972] Trial 3460 finished with value: 48.1415627348935 and parameters: {'C': 898.6611522849249, 'epsilon': 27.537244393991404, 'gamma': 0.1481594926420025}. Best is trial 406 with value: 38.90494892453006.
trail number 3461
[I 2025-07-21 19:04:40,993] Trial 3461 finished with value: 42.555658794417326 and parameters: {'C': 776.4655596950362, 'epsilon': 26.919925198832473, 'gamma': 0.04677130422307278}. Best is trial 406 with value: 38.90494892453006.
trail number 3464
[I 2025-07-21 19:04:41,024] Trial 3464 finished with value: 45.5037802065993 and parameters: {'C': 786.4648633436617, 'epsilon': 27.167626427308686, 'gamma': 0.09825556897334084}. Best is trial 406 with value: 38.90494892453006.
trail number 3465
[I 2025-07-21 19:04:41,040] Trial 3465 finished with value: 43.36534478355115 and parameters: {'C': 714.2074246619641, 'epsilon': 27.85194109612055, 'gamma': 0.05475699879538306}. Best is trial 406 with value: 38.90494892453006.
trail number 3463
[I 2025-07-21 19:04:41,050] Trial 3463 finished with value: 45.259425505822534 and parameters: {'C': 700.3273961858645, 'epsilon': 25.673621410954606, 'gamma': 0.10188204398315295}. Best is trial 406 with value: 38.90494892453006.
trail number 3462
[I 2025-07-21 19:04:41,051] Trial 3462 finished with value: 41.99850350093321 and parameters: {'C': 786.2415739477822, 'epsilon': 25.673886503318588, 'gamma': 0.04352505777828792}. Best is trial 406 with value: 38.90494892453006.
trail number 3466
[I 2025-07-21 19:04:41,085] Trial 3466 finished with value: 44.24309954938429 and parameters: {'C': 945.9425255248525, 'epsilon': 25.45602014965307, 'gamma': 0.05749935763210365}. Best is trial 406 with value: 38.90494892453006.
trail number 3469
[I 2025-07-21 19:04:41,106] Trial 3469 finished with value: 42.86608785473487 and parameters: {'C': 993.9247821256436, 'epsilon': 25.45208388404792, 'gamma': 0.00018159246453459607}. Best is trial 406 with value: 38.90494892453006.
trail number 3467
[I 2025-07-21 19:04:41,119] Trial 3467 finished with value: 43.60323751748151 and parameters: {'C': 789.4416977157591, 'epsilon': 27.404181935497014, 'gamma': 0.05485455304256901}. Best is trial 406 with value: 38.90494892453006.
trail number 3468
[I 2025-07-21 19:04:41,142] Trial 3468 finished with value: 43.09320582051145 and parameters: {'C': 986.1468798884782, 'epsilon': 26.56891107682981, 'gamma': 0.04533400231415831}. Best is trial 406 with value: 38.90494892453006.
trail number 3470
[I 2025-07-21 19:04:41,153] Trial 3470 finished with value: 43.7132609616916 and parameters: {'C': 847.2633190217811, 'epsilon': 22.42791901361873, 'gamma': 0.05818939770070819}. Best is trial 406 with value: 38.90494892453006.
trail number 3472
[I 2025-07-21 19:04:41,174] Trial 3472 finished with value: 42.45224933906043 and parameters: {'C': 700.7119114519729, 'epsilon': 21.102418808293724, 'gamma': 0.053199050232602976}. Best is trial 406 with value: 38.90494892453006.
trail number 3471
[I 2025-07-21 19:04:41,192] Trial 3471 finished with value: 43.85424758122491 and parameters: {'C': 802.9206455065416, 'epsilon': 28.6915936927322, 'gamma': 0.056052895151146226}. Best is trial 406 with value: 38.90494892453006.
trail number 3473
[I 2025-07-21 19:04:41,207] Trial 3473 finished with value: 40.72895239541625 and parameters: {'C': 925.1507168242716, 'epsilon': 28.204263753433374, 'gamma': 0.000733606031068262}. Best is trial 406 with value: 38.90494892453006.
trail number 3474
[I 2025-07-21 19:04:41,223] Trial 3474 finished with value: 44.00877817250919 and parameters: {'C': 1067.077472669057, 'epsilon': 23.533418241992777, 'gamma': 0.054346601836746306}. Best is trial 406 with value: 38.90494892453006.
trail number 3475
[I 2025-07-21 19:04:41,238] Trial 3475 finished with value: 43.92826916786281 and parameters: {'C': 881.5605076767848, 'epsilon': 27.496849938047028, 'gamma': 0.05494108294742832}. Best is trial 406 with value: 38.90494892453006.
trail number 3478
[I 2025-07-21 19:04:41,272] Trial 3478 finished with value: 44.20778561518826 and parameters: {'C': 808.0976069164592, 'epsilon': 29.875995407619858, 'gamma': 0.0602820050329625}. Best is trial 406 with value: 38.90494892453006.
trail number 3477
[I 2025-07-21 19:04:41,282] Trial 3477 finished with value: 44.45953091760926 and parameters: {'C': 931.3239308490045, 'epsilon': 26.793703552428987, 'gamma': 0.05914062747074583}. Best is trial 406 with value: 38.90494892453006.
trail number 3476
[I 2025-07-21 19:04:41,289] Trial 3476 finished with value: 45.912115774840814 and parameters: {'C': 840.4938528656958, 'epsilon': 25.49939654302104, 'gamma': 0.10813689130575661}. Best is trial 406 with value: 38.90494892453006.
trail number 3479
[I 2025-07-21 19:04:41,296] Trial 3479 finished with value: 46.464791025244445 and parameters: {'C': 878.846001955509, 'epsilon': 25.951801652513993, 'gamma': 0.11627557039512966}. Best is trial 406 with value: 38.90494892453006.
trail number 3482
[I 2025-07-21 19:04:41,335] Trial 3482 finished with value: 39.38202285901865 and parameters: {'C': 708.9002762883242, 'epsilon': 25.991791111774216, 'gamma': 0.003799131903181332}. Best is trial 406 with value: 38.90494892453006.
trail number 3483
[I 2025-07-21 19:04:41,359] Trial 3483 finished with value: 47.53269083750847 and parameters: {'C': 784.0306255919401, 'epsilon': 19.809431715994485, 'gamma': 0.16007582054947794}. Best is trial 406 with value: 38.90494892453006.
trail number 3484
[I 2025-07-21 19:04:41,377] Trial 3484 finished with value: 39.82547907639393 and parameters: {'C': 898.1267823511564, 'epsilon': 27.31895974476004, 'gamma': 0.0018453061783645936}. Best is trial 406 with value: 38.90494892453006.
trail number 3481
[I 2025-07-21 19:04:41,388] Trial 3481 finished with value: 46.095528169437195 and parameters: {'C': 876.6647750225284, 'epsilon': 24.823781929903102, 'gamma': 0.10908945765794754}. Best is trial 406 with value: 38.90494892453006.
trail number 3480
[I 2025-07-21 19:04:41,388] Trial 3480 finished with value: 45.571909823974835 and parameters: {'C': 859.6430600517812, 'epsilon': 24.60636231953124, 'gamma': 0.08951399000486643}. Best is trial 406 with value: 38.90494892453006.
trail number 3485
[I 2025-07-21 19:04:41,411] Trial 3485 finished with value: 41.0863139417274 and parameters: {'C': 904.6922288091391, 'epsilon': 21.631957332190574, 'gamma': 0.0004061078869627161}. Best is trial 406 with value: 38.90494892453006.
trail number 3486
[I 2025-07-21 19:04:41,465] Trial 3486 finished with value: 43.508282507399706 and parameters: {'C': 955.8170656765377, 'epsilon': 23.045387854845337, 'gamma': 0.052616556249117166}. Best is trial 406 with value: 38.90494892453006.
trail number 3488
[I 2025-07-21 19:04:41,477] Trial 3488 finished with value: 44.3187852117202 and parameters: {'C': 819.8641273399353, 'epsilon': 20.646564670062048, 'gamma': 0.0706865134955337}. Best is trial 406 with value: 38.90494892453006.
trail number 3487
[I 2025-07-21 19:04:41,477] Trial 3487 finished with value: 43.15243064559871 and parameters: {'C': 884.6812725422603, 'epsilon': 22.77041414313351, 'gamma': 0.051921633555090246}. Best is trial 406 with value: 38.90494892453006.
trail number 3489
[I 2025-07-21 19:04:41,485] Trial 3489 finished with value: 45.04931408340208 and parameters: {'C': 703.0184151176941, 'epsilon': 29.243511366340893, 'gamma': 0.08781260714753643}. Best is trial 406 with value: 38.90494892453006.
trail number 3490
[I 2025-07-21 19:04:41,537] Trial 3490 finished with value: 39.44260739958217 and parameters: {'C': 881.4015436467445, 'epsilon': 24.56233662451763, 'gamma': 0.0031236669827445305}. Best is trial 406 with value: 38.90494892453006.
trail number 3492
[I 2025-07-21 19:04:41,552] Trial 3492 finished with value: 47.82642454039262 and parameters: {'C': 1328.98923037137, 'epsilon': 24.341023746363422, 'gamma': 0.28203507513877807}. Best is trial 406 with value: 38.90494892453006.
trail number 3493
[I 2025-07-21 19:04:41,561] Trial 3493 finished with value: 45.25062978750995 and parameters: {'C': 786.2206022416822, 'epsilon': 29.996423842687218, 'gamma': 0.09113452501710902}. Best is trial 406 with value: 38.90494892453006.
trail number 3491
[I 2025-07-21 19:04:41,574] Trial 3491 finished with value: 46.127065348501276 and parameters: {'C': 1008.0576170466376, 'epsilon': 22.591160815231415, 'gamma': 0.09737457720053805}. Best is trial 406 with value: 38.90494892453006.
trail number 3496
[I 2025-07-21 19:04:41,607] Trial 3496 finished with value: 42.810557447549115 and parameters: {'C': 777.1960452390838, 'epsilon': 25.288402136609008, 'gamma': 0.0002400540668291446}. Best is trial 406 with value: 38.90494892453006.
trail number 3494
[I 2025-07-21 19:04:41,632] Trial 3494 finished with value: 44.63999838191203 and parameters: {'C': 713.2330412994731, 'epsilon': 29.91420185992225, 'gamma': 0.07476558853269209}. Best is trial 406 with value: 38.90494892453006.
trail number 3498
[I 2025-07-21 19:04:41,650] Trial 3498 finished with value: 40.22196625201678 and parameters: {'C': 810.2016000670233, 'epsilon': 25.265183578792207, 'gamma': 0.0011231693231359245}. Best is trial 406 with value: 38.90494892453006.
trail number 3497
[I 2025-07-21 19:04:41,661] Trial 3497 finished with value: 44.73662610855672 and parameters: {'C': 1013.7915154598275, 'epsilon': 27.2656826601028, 'gamma': 0.059268770221504744}. Best is trial 406 with value: 38.90494892453006.
trail number 3495
[I 2025-07-21 19:04:41,673] Trial 3495 finished with value: 46.73118229589677 and parameters: {'C': 1062.1342278523946, 'epsilon': 24.3347481488383, 'gamma': 0.10572010158037823}. Best is trial 406 with value: 38.90494892453006.
trail number 3499
[I 2025-07-21 19:04:41,690] Trial 3499 finished with value: 41.48579611305771 and parameters: {'C': 706.1669867149849, 'epsilon': 22.821820136517573, 'gamma': 0.00040625437006825554}. Best is trial 406 with value: 38.90494892453006.
trail number 3501
[I 2025-07-21 19:04:41,734] Trial 3501 finished with value: 43.12794008675506 and parameters: {'C': 701.2297816118898, 'epsilon': 29.781038953985096, 'gamma': 0.051618744565807076}. Best is trial 406 with value: 38.90494892453006.
trail number 3500
[I 2025-07-21 19:04:41,747] Trial 3500 finished with value: 44.46780791950412 and parameters: {'C': 1029.3494910510158, 'epsilon': 27.569794619854086, 'gamma': 0.05564182469764759}. Best is trial 406 with value: 38.90494892453006.
trail number 3503
[I 2025-07-21 19:04:41,758] Trial 3503 finished with value: 43.56357977839825 and parameters: {'C': 758.980128381828, 'epsilon': 24.466677281211993, 'gamma': 0.05801649255184256}. Best is trial 406 with value: 38.90494892453006.
trail number 3502
[I 2025-07-21 19:04:41,768] Trial 3502 finished with value: 48.272626394247546 and parameters: {'C': 971.1052138864917, 'epsilon': 12.87621880215561, 'gamma': 0.22728307685200883}. Best is trial 406 with value: 38.90494892453006.
trail number 3507
[I 2025-07-21 19:04:41,803] Trial 3507 finished with value: 39.798786234921664 and parameters: {'C': 930.9296978981193, 'epsilon': 24.431271310422478, 'gamma': 0.00163566021469495}. Best is trial 406 with value: 38.90494892453006.
trail number 3505
[I 2025-07-21 19:04:41,822] Trial 3505 finished with value: 43.30113498448223 and parameters: {'C': 864.2146412784703, 'epsilon': 27.913057540815846, 'gamma': 0.04931687908182062}. Best is trial 406 with value: 38.90494892453006.
trail number 3506
[I 2025-07-21 19:04:41,841] Trial 3506 finished with value: 42.65986651678416 and parameters: {'C': 708.9598839184375, 'epsilon': 27.506774071550446, 'gamma': 0.04941869851305868}. Best is trial 406 with value: 38.90494892453006.
trail number 3504
[I 2025-07-21 19:04:41,855] Trial 3504 finished with value: 44.54230306000673 and parameters: {'C': 796.8210052284973, 'epsilon': 11.736311917675373, 'gamma': 0.08236398147405113}. Best is trial 406 with value: 38.90494892453006.
trail number 3508
[I 2025-07-21 19:04:41,871] Trial 3508 finished with value: 43.49143664757531 and parameters: {'C': 767.3653276645027, 'epsilon': 24.758260207450427, 'gamma': 0.05680315746623134}. Best is trial 406 with value: 38.90494892453006.
trail number 3509
[I 2025-07-21 19:04:41,887] Trial 3509 finished with value: 41.95915186561118 and parameters: {'C': 792.499821002512, 'epsilon': 24.437487868049658, 'gamma': 0.04382596015050725}. Best is trial 406 with value: 38.90494892453006.
trail number 3512
[I 2025-07-21 19:04:41,923] Trial 3512 finished with value: 42.44310509916165 and parameters: {'C': 875.0524215847043, 'epsilon': 28.310729980240023, 'gamma': 0.04217831512866359}. Best is trial 406 with value: 38.90494892453006.
trail number 3513
[I 2025-07-21 19:04:41,933] Trial 3513 finished with value: 43.314219734545325 and parameters: {'C': 867.53654624702, 'epsilon': 26.0495679120951, 'gamma': 0.05092135590375495}. Best is trial 406 with value: 38.90494892453006.
trail number 3510
trail number 3511
[I 2025-07-21 19:04:41,934] Trial 3510 finished with value: 45.60701344739457 and parameters: {'C': 779.034685324945, 'epsilon': 24.579792759303086, 'gamma': 0.10581661310528906}. Best is trial 406 with value: 38.90494892453006.
[I 2025-07-21 19:04:41,934] Trial 3511 finished with value: 43.20137739154724 and parameters: {'C': 897.5217117881284, 'epsilon': 27.83467542747102, 'gamma': 0.047673409872017}. Best is trial 406 with value: 38.90494892453006.
trail number 3514
[I 2025-07-21 19:04:41,987] Trial 3514 finished with value: 39.338186877759355 and parameters: {'C': 802.7576988306083, 'epsilon': 28.634525696089195, 'gamma': 0.0037496721561644155}. Best is trial 406 with value: 38.90494892453006.
trail number 3515
[I 2025-07-21 19:04:41,987] Trial 3515 finished with value: 39.70260786841269 and parameters: {'C': 1006.1958868162271, 'epsilon': 26.059361608721968, 'gamma': 0.0021325404732842387}. Best is trial 406 with value: 38.90494892453006.
trail number 3517
[I 2025-07-21 19:04:42,011] Trial 3517 finished with value: 40.378565493474994 and parameters: {'C': 709.2899914596976, 'epsilon': 27.481334255101796, 'gamma': 0.0012324098247060364}. Best is trial 406 with value: 38.90494892453006.
trail number 3516
[I 2025-07-21 19:04:42,018] Trial 3516 finished with value: 39.39515817248606 and parameters: {'C': 886.7702995340571, 'epsilon': 27.82622925067673, 'gamma': 0.0030975064310884816}. Best is trial 406 with value: 38.90494892453006.
trail number 3518
[I 2025-07-21 19:04:42,052] Trial 3518 finished with value: 40.475686792372116 and parameters: {'C': 767.6368423668912, 'epsilon': 26.005634126873616, 'gamma': 0.0008560320216226608}. Best is trial 406 with value: 38.90494892453006.
trail number 3521
[I 2025-07-21 19:04:42,081] Trial 3521 finished with value: 47.60224035509515 and parameters: {'C': 910.2151008478072, 'epsilon': 29.958664794077386, 'gamma': 0.1250976062219305}. Best is trial 406 with value: 38.90494892453006.
trail number 3519
[I 2025-07-21 19:04:42,099] Trial 3519 finished with value: 41.30447018390578 and parameters: {'C': 893.2438590550546, 'epsilon': 19.69054326669148, 'gamma': 0.040322196262314106}. Best is trial 406 with value: 38.90494892453006.
trail number 3520
[I 2025-07-21 19:04:42,110] Trial 3520 finished with value: 41.70802006688897 and parameters: {'C': 1120.79624465159, 'epsilon': 24.616825758294254, 'gamma': 0.03515109957001885}. Best is trial 406 with value: 38.90494892453006.
trail number 3522
[I 2025-07-21 19:04:42,111] Trial 3522 finished with value: 42.64768508417017 and parameters: {'C': 708.6581986575646, 'epsilon': 22.960603007433775, 'gamma': 0.05366619694161985}. Best is trial 406 with value: 38.90494892453006.
trail number 3523
[I 2025-07-21 19:04:42,146] Trial 3523 finished with value: 44.28145422788448 and parameters: {'C': 873.1784184674459, 'epsilon': 24.84551319774187, 'gamma': 0.06118318713580562}. Best is trial 406 with value: 38.90494892453006.
trail number 3524
[I 2025-07-21 19:04:42,167] Trial 3524 finished with value: 40.39060212277345 and parameters: {'C': 799.7801903044925, 'epsilon': 28.31043671000078, 'gamma': 0.0013312723188929378}. Best is trial 406 with value: 38.90494892453006.
trail number 3525
[I 2025-07-21 19:04:42,180] Trial 3525 finished with value: 40.639611626888815 and parameters: {'C': 705.8511774165493, 'epsilon': 27.632247250888675, 'gamma': 0.001013098792812351}. Best is trial 406 with value: 38.90494892453006.
trail number 3526
[I 2025-07-21 19:04:42,188] Trial 3526 finished with value: 41.94256188349696 and parameters: {'C': 703.5047518389893, 'epsilon': 25.94178081824883, 'gamma': 0.04555707421096887}. Best is trial 406 with value: 38.90494892453006.
trail number 3527
[I 2025-07-21 19:04:42,212] Trial 3527 finished with value: 43.83603777073186 and parameters: {'C': 965.7224975977687, 'epsilon': 29.850906463580287, 'gamma': 0.050384666667089684}. Best is trial 406 with value: 38.90494892453006.
trail number 3528
[I 2025-07-21 19:04:42,235] Trial 3528 finished with value: 49.99816949645451 and parameters: {'C': 748.197259869158, 'epsilon': 10.797556746719138, 'gamma': 0.479043801623836}. Best is trial 406 with value: 38.90494892453006.
trail number 3530
[I 2025-07-21 19:04:42,236] Trial 3530 finished with value: 41.931035408896705 and parameters: {'C': 842.9052950886086, 'epsilon': 28.70248648051631, 'gamma': 0.000294465721787731}. Best is trial 406 with value: 38.90494892453006.
trail number 3529
[I 2025-07-21 19:04:42,262] Trial 3529 finished with value: 40.37847313152837 and parameters: {'C': 700.5701334034972, 'epsilon': 24.934225102462936, 'gamma': 0.03250771482224299}. Best is trial 406 with value: 38.90494892453006.
trail number 3531
