[I 2025-07-21 19:04:27,418] Trial 2650 finished with value: 44.12931414302511 and parameters: {'C': 786.2171164385344, 'epsilon': 22.32277842148507, 'gamma': 0.06697460402515679}. Best is trial 406 with value: 38.90494892453006.
trail number 2652
[I 2025-07-21 19:04:27,442] Trial 2652 finished with value: 39.74615204449015 and parameters: {'C': 959.9381805646829, 'epsilon': 24.747941532758652, 'gamma': 0.0018013759410129612}. Best is trial 406 with value: 38.90494892453006.
trail number 2653
[I 2025-07-21 19:04:27,451] Trial 2653 finished with value: 42.60875643656753 and parameters: {'C': 1048.1816760888526, 'epsilon': 23.967990560188888, 'gamma': 0.04296135676923824}. Best is trial 406 with value: 38.90494892453006.
trail number 2654
[I 2025-07-21 19:04:27,464] Trial 2654 finished with value: 50.40269655440536 and parameters: {'C': 963.8061517274639, 'epsilon': 11.74279221641008, 'gamma': 0.4972493498952498}. Best is trial 406 with value: 38.90494892453006.
trail number 2655
[I 2025-07-21 19:04:27,472] Trial 2655 finished with value: 40.784474285642844 and parameters: {'C': 862.9035033106179, 'epsilon': 27.446614149321764, 'gamma': 0.0007456939120611978}. Best is trial 406 with value: 38.90494892453006.
trail number 2656
[I 2025-07-21 19:04:27,506] Trial 2656 finished with value: 39.1225009511189 and parameters: {'C': 707.8630621936361, 'epsilon': 27.78940220172043, 'gamma': 0.005259428732602094}. Best is trial 406 with value: 38.90494892453006.
trail number 2658
[I 2025-07-21 19:04:27,521] Trial 2658 finished with value: 44.81148972406016 and parameters: {'C': 795.3221040919591, 'epsilon': 26.99434269210162, 'gamma': 0.07153937836487902}. Best is trial 406 with value: 38.90494892453006.
trail number 2657
[I 2025-07-21 19:04:27,529] Trial 2657 finished with value: 44.95033273725128 and parameters: {'C': 833.5245912143703, 'epsilon': 19.367390501360468, 'gamma': 0.08405035105775212}. Best is trial 406 with value: 38.90494892453006.
trail number 2659
[I 2025-07-21 19:04:27,529] Trial 2659 finished with value: 48.10344587994861 and parameters: {'C': 1115.4082909197955, 'epsilon': 26.58236095594281, 'gamma': 0.29060201152144627}. Best is trial 406 with value: 38.90494892453006.
trail number 2663
[I 2025-07-21 19:04:27,578] Trial 2663 finished with value: 39.142124367136525 and parameters: {'C': 999.869877013603, 'epsilon': 24.377886326558155, 'gamma': 0.004990563453538948}. Best is trial 406 with value: 38.90494892453006.
trail number 2660
[I 2025-07-21 19:04:27,588] Trial 2660 finished with value: 43.62103734655441 and parameters: {'C': 796.140038700674, 'epsilon': 25.906348745724, 'gamma': 0.05610206131285354}. Best is trial 406 with value: 38.90494892453006.
trail number 2662
[I 2025-07-21 19:04:27,605] Trial 2662 finished with value: 42.05616624296361 and parameters: {'C': 918.3520564964317, 'epsilon': 22.38672093632466, 'gamma': 0.042742377060622797}. Best is trial 406 with value: 38.90494892453006.
trail number 2661
[I 2025-07-21 19:04:27,615] Trial 2661 finished with value: 44.42888927839113 and parameters: {'C': 866.6378557555855, 'epsilon': 18.783534981352386, 'gamma': 0.07134197986185957}. Best is trial 406 with value: 38.90494892453006.
trail number 2665
[I 2025-07-21 19:04:27,640] Trial 2665 finished with value: 44.35428124114494 and parameters: {'C': 930.8177325219898, 'epsilon': 29.62762709009445, 'gamma': 0.057632254060264655}. Best is trial 406 with value: 38.90494892453006.
trail number 2664
[I 2025-07-21 19:04:27,650] Trial 2664 finished with value: 43.562765869353235 and parameters: {'C': 794.3394751018678, 'epsilon': 26.290961337951526, 'gamma': 0.05518166420166633}. Best is trial 406 with value: 38.90494892453006.
trail number 2666
[I 2025-07-21 19:04:27,656] Trial 2666 finished with value: 40.59407391699249 and parameters: {'C': 1039.39293808358, 'epsilon': 23.778257440784373, 'gamma': 0.0006679817933128336}. Best is trial 406 with value: 38.90494892453006.
trail number 2667
[I 2025-07-21 19:04:27,671] Trial 2667 finished with value: 39.22774037823503 and parameters: {'C': 902.1215117056264, 'epsilon': 22.808216960000074, 'gamma': 0.004635800507433984}. Best is trial 406 with value: 38.90494892453006.
trail number 2670
[I 2025-07-21 19:04:27,704] Trial 2670 finished with value: 40.446708238414075 and parameters: {'C': 833.8261775759083, 'epsilon': 26.458022935068076, 'gamma': 0.0008140868543068912}. Best is trial 406 with value: 38.90494892453006.
trail number 2671
[I 2025-07-21 19:04:27,719] Trial 2671 finished with value: 39.735079138093795 and parameters: {'C': 792.6585074100371, 'epsilon': 27.714681534752707, 'gamma': 0.002235345026663919}. Best is trial 406 with value: 38.90494892453006.
trail number 2669
[I 2025-07-21 19:04:27,728] Trial 2669 finished with value: 44.622562922784546 and parameters: {'C': 706.4737566812369, 'epsilon': 29.02463427981303, 'gamma': 0.0738324881475827}. Best is trial 406 with value: 38.90494892453006.
trail number 2668
[I 2025-07-21 19:04:27,738] Trial 2668 finished with value: 42.998408422271766 and parameters: {'C': 700.791642165288, 'epsilon': 26.862133017303332, 'gamma': 0.05296382297768979}. Best is trial 406 with value: 38.90494892453006.
trail number 2673
[I 2025-07-21 19:04:27,768] Trial 2673 finished with value: 41.75220238190791 and parameters: {'C': 711.3920684146858, 'epsilon': 26.93510520034154, 'gamma': 0.0003820521070535439}. Best is trial 406 with value: 38.90494892453006.
trail number 2675
[I 2025-07-21 19:04:27,778] Trial 2675 finished with value: 39.229471847674084 and parameters: {'C': 1105.1589442725933, 'epsilon': 25.3598126293301, 'gamma': 0.003683042273293014}. Best is trial 406 with value: 38.90494892453006.
trail number 2672
[I 2025-07-21 19:04:27,787] Trial 2672 finished with value: 46.525087209615506 and parameters: {'C': 1102.8940714727519, 'epsilon': 20.241342854571453, 'gamma': 0.10504489760245186}. Best is trial 406 with value: 38.90494892453006.
trail number 2674
[I 2025-07-21 19:04:27,805] Trial 2674 finished with value: 44.51793120802351 and parameters: {'C': 954.170542123401, 'epsilon': 27.81353292191314, 'gamma': 0.05890111092815626}. Best is trial 406 with value: 38.90494892453006.
trail number 2678
[I 2025-07-21 19:04:27,837] Trial 2678 finished with value: 45.889619631305784 and parameters: {'C': 885.567954427836, 'epsilon': 25.14435227404777, 'gamma': 0.10090261384760126}. Best is trial 406 with value: 38.90494892453006.
trail number 2677
[I 2025-07-21 19:04:27,847] Trial 2677 finished with value: 46.73575181318347 and parameters: {'C': 989.7112323624985, 'epsilon': 22.29290140856989, 'gamma': 0.11702893776849063}. Best is trial 406 with value: 38.90494892453006.
trail number 2676
[I 2025-07-21 19:04:27,856] Trial 2676 finished with value: 45.542824266483294 and parameters: {'C': 916.0836391601008, 'epsilon': 24.00659521325157, 'gamma': 0.0812986995907182}. Best is trial 406 with value: 38.90494892453006.
trail number 2679
[I 2025-07-21 19:04:27,864] Trial 2679 finished with value: 43.40661189997907 and parameters: {'C': 796.3484809836614, 'epsilon': 23.52677987847007, 'gamma': 0.05605120234526642}. Best is trial 406 with value: 38.90494892453006.
trail number 2682
[I 2025-07-21 19:04:27,898] Trial 2682 finished with value: 43.2761092693798 and parameters: {'C': 814.7579383209765, 'epsilon': 27.172504778222287, 'gamma': 0.0002059792264411022}. Best is trial 406 with value: 38.90494892453006.
trail number 2680
[I 2025-07-21 19:04:27,911] Trial 2680 finished with value: 39.128383364202456 and parameters: {'C': 701.7472248524467, 'epsilon': 29.71586433905, 'gamma': 0.009536220061290828}. Best is trial 406 with value: 38.90494892453006.
trail number 2681
[I 2025-07-21 19:04:27,925] Trial 2681 finished with value: 45.03857886500759 and parameters: {'C': 936.8180079033657, 'epsilon': 24.701743657259286, 'gamma': 0.06913838312579718}. Best is trial 406 with value: 38.90494892453006.
trail number 2683
[I 2025-07-21 19:04:27,933] Trial 2683 finished with value: 45.81406396551553 and parameters: {'C': 792.4740414342339, 'epsilon': 28.758715647200148, 'gamma': 0.10838683978675945}. Best is trial 406 with value: 38.90494892453006.
trail number 2684
[I 2025-07-21 19:04:27,960] Trial 2684 finished with value: 39.80535476023811 and parameters: {'C': 702.013848022207, 'epsilon': 28.024528437683223, 'gamma': 0.002331962739856179}. Best is trial 406 with value: 38.90494892453006.
trail number 2687
[I 2025-07-21 19:04:27,970] Trial 2687 finished with value: 39.364359734072764 and parameters: {'C': 913.1701737919042, 'epsilon': 21.190602185541767, 'gamma': 0.0033336112890451058}. Best is trial 406 with value: 38.90494892453006.
trail number 2685
[I 2025-07-21 19:04:27,975] Trial 2685 finished with value: 39.04821311534327 and parameters: {'C': 700.6791294604243, 'epsilon': 29.601632955776378, 'gamma': 0.007373565389377995}. Best is trial 406 with value: 38.90494892453006.
trail number 2686
[I 2025-07-21 19:04:27,991] Trial 2686 finished with value: 42.52705893649217 and parameters: {'C': 882.6117538013024, 'epsilon': 23.502222728729752, 'gamma': 0.04671871558433069}. Best is trial 406 with value: 38.90494892453006.
trail number 2689
[I 2025-07-21 19:04:28,028] Trial 2689 finished with value: 45.176939309207036 and parameters: {'C': 879.64793353822, 'epsilon': 29.872772210951528, 'gamma': 0.07471367941407277}. Best is trial 406 with value: 38.90494892453006.
trail number 2691
[I 2025-07-21 19:04:28,042] Trial 2691 finished with value: 44.41847373941076 and parameters: {'C': 953.9614693340716, 'epsilon': 25.077297531691887, 'gamma': 0.059428947293875184}. Best is trial 406 with value: 38.90494892453006.
trail number 2690
[I 2025-07-21 19:04:28,051] Trial 2690 finished with value: 42.49540390431825 and parameters: {'C': 874.8738723694992, 'epsilon': 29.68826833964562, 'gamma': 0.04184436172902109}. Best is trial 406 with value: 38.90494892453006.
trail number 2688
[I 2025-07-21 19:04:28,051] Trial 2688 finished with value: 39.26516369780995 and parameters: {'C': 1150.0892241178303, 'epsilon': 17.240722700638603, 'gamma': 0.01784700296289434}. Best is trial 406 with value: 38.90494892453006.
trail number 2692
[I 2025-07-21 19:04:28,082] Trial 2692 finished with value: 46.43966355447664 and parameters: {'C': 786.2293782161173, 'epsilon': 24.629222250880385, 'gamma': 0.1264247506304852}. Best is trial 406 with value: 38.90494892453006.
trail number 2696
[I 2025-07-21 19:04:28,108] Trial 2696 finished with value: 40.067744612476375 and parameters: {'C': 822.6543542710551, 'epsilon': 25.73577260395956, 'gamma': 0.0014590650803866841}. Best is trial 406 with value: 38.90494892453006.
trail number 2693
[I 2025-07-21 19:04:28,113] Trial 2693 finished with value: 45.67780442499382 and parameters: {'C': 801.1105381790169, 'epsilon': 24.61797417809324, 'gamma': 0.10515822211695622}. Best is trial 406 with value: 38.90494892453006.
trail number 2695
[I 2025-07-21 19:04:28,132] Trial 2695 finished with value: 46.54730619328997 and parameters: {'C': 803.0050997395854, 'epsilon': 27.1830083557472, 'gamma': 0.1217158661135472}. Best is trial 406 with value: 38.90494892453006.
trail number 2694
[I 2025-07-21 19:04:28,140] Trial 2694 finished with value: 46.40455121657582 and parameters: {'C': 857.776570559153, 'epsilon': 27.576875398253982, 'gamma': 0.11433728946892001}. Best is trial 406 with value: 38.90494892453006.
trail number 2698
[I 2025-07-21 19:04:28,168] Trial 2698 finished with value: 42.71757950099233 and parameters: {'C': 790.8921218496965, 'epsilon': 22.2855176296855, 'gamma': 0.051927635773487205}. Best is trial 406 with value: 38.90494892453006.
trail number 2697
[I 2025-07-21 19:04:28,177] Trial 2697 finished with value: 46.63562123472508 and parameters: {'C': 1089.8361417414046, 'epsilon': 28.98180609405423, 'gamma': 0.09907087486192681}. Best is trial 406 with value: 38.90494892453006.
trail number 2699
[I 2025-07-21 19:04:28,189] Trial 2699 finished with value: 39.405096557561926 and parameters: {'C': 707.9612381279442, 'epsilon': 24.964719573359773, 'gamma': 0.004284004926790435}. Best is trial 406 with value: 38.90494892453006.
trail number 2700
[I 2025-07-21 19:04:28,205] Trial 2700 finished with value: 46.69933088881179 and parameters: {'C': 700.382266907684, 'epsilon': 29.3602244810842, 'gamma': 0.12858871815009326}. Best is trial 406 with value: 38.90494892453006.
trail number 2703
[I 2025-07-21 19:04:28,230] Trial 2703 finished with value: 45.530656462469715 and parameters: {'C': 883.8989654525973, 'epsilon': 25.91309130408864, 'gamma': 0.00010648255409262224}. Best is trial 406 with value: 38.90494892453006.
trail number 2701
[I 2025-07-21 19:04:28,240] Trial 2701 finished with value: 44.66132186398822 and parameters: {'C': 894.4298162553953, 'epsilon': 25.00673816631555, 'gamma': 0.06517642468274662}. Best is trial 406 with value: 38.90494892453006.
trail number 2704
[I 2025-07-21 19:04:28,251] Trial 2704 finished with value: 39.6586965865604 and parameters: {'C': 778.7209103490021, 'epsilon': 24.091645356142156, 'gamma': 0.0022827099202918522}. Best is trial 406 with value: 38.90494892453006.
trail number 2702
[I 2025-07-21 19:04:28,259] Trial 2702 finished with value: 44.46824052776951 and parameters: {'C': 1031.711489476149, 'epsilon': 21.373801668403548, 'gamma': 0.06269315702911443}. Best is trial 406 with value: 38.90494892453006.
trail number 2708
[I 2025-07-21 19:04:28,286] Trial 2708 finished with value: 42.04089715271256 and parameters: {'C': 860.0449301791529, 'epsilon': 29.817481491032343, 'gamma': 0.0003173185291100271}. Best is trial 406 with value: 38.90494892453006.
trail number 2706
[I 2025-07-21 19:04:28,298] Trial 2706 finished with value: 40.3770128448421 and parameters: {'C': 701.7072866612968, 'epsilon': 27.58393565032666, 'gamma': 0.0014178177073565293}. Best is trial 406 with value: 38.90494892453006.
trail number 2707
[I 2025-07-21 19:04:28,315] Trial 2707 finished with value: 43.34681070083889 and parameters: {'C': 995.7090133591804, 'epsilon': 28.288169027213666, 'gamma': 0.0459879824157822}. Best is trial 406 with value: 38.90494892453006.
trail number 2705
[I 2025-07-21 19:04:28,326] Trial 2705 finished with value: 43.574613757766734 and parameters: {'C': 800.7496342202325, 'epsilon': 25.80892324807634, 'gamma': 0.05560807441944901}. Best is trial 406 with value: 38.90494892453006.
trail number 2709
[I 2025-07-21 19:04:28,350] Trial 2709 finished with value: 46.2245173077996 and parameters: {'C': 705.2174872052443, 'epsilon': 23.624796869368232, 'gamma': 0.1337924123947376}. Best is trial 406 with value: 38.90494892453006.
trail number 2710
[I 2025-07-21 19:04:28,359] Trial 2710 finished with value: 45.222766914938504 and parameters: {'C': 1045.9450112400052, 'epsilon': 27.787711807241465, 'gamma': 0.06379986841776596}. Best is trial 406 with value: 38.90494892453006.
trail number 2712
[I 2025-07-21 19:04:28,375] Trial 2712 finished with value: 39.398267703944825 and parameters: {'C': 1014.6841446449457, 'epsilon': 25.76451852207259, 'gamma': 0.0027312321401859792}. Best is trial 406 with value: 38.90494892453006.
trail number 2714
[I 2025-07-21 19:04:28,395] Trial 2714 finished with value: 39.8393632087629 and parameters: {'C': 896.6160874066209, 'epsilon': 24.603985226343276, 'gamma': 0.0015993302441802797}. Best is trial 406 with value: 38.90494892453006.
trail number 2711
[I 2025-07-21 19:04:28,405] Trial 2711 finished with value: 45.23251986140937 and parameters: {'C': 1027.1839979608885, 'epsilon': 26.25031180127792, 'gamma': 0.06518914508925804}. Best is trial 406 with value: 38.90494892453006.
trail number 2713
[I 2025-07-21 19:04:28,421] Trial 2713 finished with value: 43.06635221160733 and parameters: {'C': 1028.4889204448498, 'epsilon': 25.25351505572852, 'gamma': 0.04521512878403363}. Best is trial 406 with value: 38.90494892453006.
trail number 2715
[I 2025-07-21 19:04:28,448] Trial 2715 finished with value: 47.946441817538776 and parameters: {'C': 1093.105184301805, 'epsilon': 26.10004814651921, 'gamma': 0.12484753808459374}. Best is trial 406 with value: 38.90494892453006.
trail number 2716
[I 2025-07-21 19:04:28,459] Trial 2716 finished with value: 43.108998237262306 and parameters: {'C': 816.8741474033341, 'epsilon': 25.82068998734816, 'gamma': 0.051022595298061385}. Best is trial 406 with value: 38.90494892453006.
trail number 2718
[I 2025-07-21 19:04:28,472] Trial 2718 finished with value: 40.19341733154848 and parameters: {'C': 953.3198501186736, 'epsilon': 18.322420798696232, 'gamma': 0.03095198361953351}. Best is trial 406 with value: 38.90494892453006.
trail number 2717
[I 2025-07-21 19:04:28,480] Trial 2717 finished with value: 43.69728511259982 and parameters: {'C': 875.9397362536483, 'epsilon': 27.903491789542045, 'gamma': 0.05287860824159833}. Best is trial 406 with value: 38.90494892453006.
trail number 2721
[I 2025-07-21 19:04:28,509] Trial 2721 finished with value: 39.25509462034294 and parameters: {'C': 997.8860656731125, 'epsilon': 22.75260873021804, 'gamma': 0.005711947287400541}. Best is trial 406 with value: 38.90494892453006.
trail number 2720
[I 2025-07-21 19:04:28,518] Trial 2720 finished with value: 44.22319541178507 and parameters: {'C': 772.3980611365826, 'epsilon': 29.68836088882691, 'gamma': 0.06237357045379192}. Best is trial 406 with value: 38.90494892453006.
trail number 2719
[I 2025-07-21 19:04:28,536] Trial 2719 finished with value: 44.31620368552966 and parameters: {'C': 707.0631993598381, 'epsilon': 24.512139647772987, 'gamma': 0.07077641441482563}. Best is trial 406 with value: 38.90494892453006.
trail number 2722
[I 2025-07-21 19:04:28,551] Trial 2722 finished with value: 42.65314597587418 and parameters: {'C': 873.6273463029409, 'epsilon': 23.146968448689424, 'gamma': 0.04825127091786362}. Best is trial 406 with value: 38.90494892453006.
trail number 2723
[I 2025-07-21 19:04:28,560] Trial 2723 finished with value: 40.15859475509778 and parameters: {'C': 906.8407786931162, 'epsilon': 26.254686083822552, 'gamma': 0.0014391836862312022}. Best is trial 406 with value: 38.90494892453006.
trail number 2724
[I 2025-07-21 19:04:28,560] Trial 2724 finished with value: 39.77678168937055 and parameters: {'C': 907.51399776908, 'epsilon': 24.602783528675104, 'gamma': 0.0016918168245830456}. Best is trial 406 with value: 38.90494892453006.
trail number 2725
[I 2025-07-21 19:04:28,590] Trial 2725 finished with value: 42.771939177053675 and parameters: {'C': 800.3063656925303, 'epsilon': 27.57696973928483, 'gamma': 0.04720684251685538}. Best is trial 406 with value: 38.90494892453006.
trail number 2728
[I 2025-07-21 19:04:28,606] Trial 2728 finished with value: 40.85447951193125 and parameters: {'C': 827.5520541385706, 'epsilon': 23.83003791712066, 'gamma': 0.000677310476878655}. Best is trial 406 with value: 38.90494892453006.
trail number 2726
[I 2025-07-21 19:04:28,615] Trial 2726 finished with value: 40.12892618790312 and parameters: {'C': 880.7176092282708, 'epsilon': 29.196505678626764, 'gamma': 0.0017303195983747236}. Best is trial 406 with value: 38.90494892453006.
trail number 2727
[I 2025-07-21 19:04:28,615] Trial 2727 finished with value: 39.289947204772105 and parameters: {'C': 875.6398509724406, 'epsilon': 28.202523433690466, 'gamma': 0.003834342659056284}. Best is trial 406 with value: 38.90494892453006.
trail number 2731
[I 2025-07-21 19:04:28,651] Trial 2731 finished with value: 39.81902576026763 and parameters: {'C': 1077.2909933268909, 'epsilon': 22.844897578721852, 'gamma': 0.0013679113952200419}. Best is trial 406 with value: 38.90494892453006.
trail number 2732
[I 2025-07-21 19:04:28,661] Trial 2732 finished with value: 40.472989107678146 and parameters: {'C': 844.2999686819209, 'epsilon': 23.514629995423338, 'gamma': 0.001092791329966234}. Best is trial 406 with value: 38.90494892453006.
trail number 2729
[I 2025-07-21 19:04:28,675] Trial 2729 finished with value: 46.22744821377573 and parameters: {'C': 924.2317562171321, 'epsilon': 26.18467790197286, 'gamma': 0.1065474043299021}. Best is trial 406 with value: 38.90494892453006.
trail number 2730
[I 2025-07-21 19:04:28,688] Trial 2730 finished with value: 43.1541376295134 and parameters: {'C': 775.2599937882591, 'epsilon': 22.891283722805706, 'gamma': 0.05518614572259013}. Best is trial 406 with value: 38.90494892453006.
trail number 2735
[I 2025-07-21 19:04:28,709] Trial 2735 finished with value: 39.77511522759198 and parameters: {'C': 980.4550381335646, 'epsilon': 21.990146530513293, 'gamma': 0.001465319347525718}. Best is trial 406 with value: 38.90494892453006.
trail number 2733
[I 2025-07-21 19:04:28,709] Trial 2733 finished with value: 40.65005568022766 and parameters: {'C': 950.8008658034665, 'epsilon': 26.362455018165793, 'gamma': 0.0006539338367637371}. Best is trial 406 with value: 38.90494892453006.
trail number 2736
[I 2025-07-21 19:04:28,740] Trial 2736 finished with value: 42.395480668265655 and parameters: {'C': 766.0277597541511, 'epsilon': 24.947441593736734, 'gamma': 0.04754303078551325}. Best is trial 406 with value: 38.90494892453006.
trail number 2734
[I 2025-07-21 19:04:28,749] Trial 2734 finished with value: 44.56050254008234 and parameters: {'C': 773.9981486639656, 'epsilon': 27.310962027184114, 'gamma': 0.06832006643166547}. Best is trial 406 with value: 38.90494892453006.
trail number 2737
[I 2025-07-21 19:04:28,768] Trial 2737 finished with value: 39.15037197821251 and parameters: {'C': 1222.870589381158, 'epsilon': 25.040121424534657, 'gamma': 0.004981875292206493}. Best is trial 406 with value: 38.90494892453006.
trail number 2738
[I 2025-07-21 19:04:28,768] Trial 2738 finished with value: 43.43048669543987 and parameters: {'C': 804.7545021937808, 'epsilon': 25.477554103398337, 'gamma': 0.05442921397995858}. Best is trial 406 with value: 38.90494892453006.
trail number 2740
