[I 2025-07-21 19:04:30,240] Trial 2827 finished with value: 43.816575401037255 and parameters: {'C': 894.9815941061911, 'epsilon': 27.39708552351483, 'gamma': 0.05366416330103273}. Best is trial 406 with value: 38.90494892453006.
trail number 2829
[I 2025-07-21 19:04:30,251] Trial 2829 finished with value: 40.24403272614977 and parameters: {'C': 961.8437429667692, 'epsilon': 24.362267481752834, 'gamma': 0.0010895719425115672}. Best is trial 406 with value: 38.90494892453006.
trail number 2828
[I 2025-07-21 19:04:30,269] Trial 2828 finished with value: 46.507160134848924 and parameters: {'C': 1022.3409656942576, 'epsilon': 25.01823188519852, 'gamma': 0.10356745345892}. Best is trial 406 with value: 38.90494892453006.
trail number 2830
[I 2025-07-21 19:04:30,278] Trial 2830 finished with value: 43.73269053158851 and parameters: {'C': 885.0295316021075, 'epsilon': 25.874339375561835, 'gamma': 0.054346829464258874}. Best is trial 406 with value: 38.90494892453006.
trail number 2831
[I 2025-07-21 19:04:30,303] Trial 2831 finished with value: 51.95435460518022 and parameters: {'C': 1314.3109476156478, 'epsilon': 24.769557950581166, 'gamma': 0.48803251009557813}. Best is trial 406 with value: 38.90494892453006.
trail number 2832
[I 2025-07-21 19:04:30,320] Trial 2832 finished with value: 43.43734742273804 and parameters: {'C': 762.3465192979821, 'epsilon': 27.26331646735164, 'gamma': 0.05419350040496652}. Best is trial 406 with value: 38.90494892453006.
trail number 2834
[I 2025-07-21 19:04:30,335] Trial 2834 finished with value: 49.369202535549476 and parameters: {'C': 1260.4331295394093, 'epsilon': 21.68417756427405, 'gamma': 0.389160511563025}. Best is trial 406 with value: 38.90494892453006.
trail number 2833
[I 2025-07-21 19:04:30,344] Trial 2833 finished with value: 43.62380319283005 and parameters: {'C': 883.9559882664048, 'epsilon': 24.849899475635077, 'gamma': 0.05424149069346086}. Best is trial 406 with value: 38.90494892453006.
trail number 2835
[I 2025-07-21 19:04:30,360] Trial 2835 finished with value: 49.23706982011094 and parameters: {'C': 1293.6667157244083, 'epsilon': 20.99586040112934, 'gamma': 0.3874721771377077}. Best is trial 406 with value: 38.90494892453006.
trail number 2836
[I 2025-07-21 19:04:30,378] Trial 2836 finished with value: 40.40917142891601 and parameters: {'C': 771.6377938242673, 'epsilon': 26.403562665326405, 'gamma': 0.001036431219706306}. Best is trial 406 with value: 38.90494892453006.
trail number 2838
[I 2025-07-21 19:04:30,403] Trial 2838 finished with value: 45.04759190182726 and parameters: {'C': 700.6153768152824, 'epsilon': 26.447214659846203, 'gamma': 0.08526187335424111}. Best is trial 406 with value: 38.90494892453006.
trail number 2839
[I 2025-07-21 19:04:30,412] Trial 2839 finished with value: 42.09387689857145 and parameters: {'C': 815.3215718020937, 'epsilon': 24.652791727224198, 'gamma': 0.044088900221969075}. Best is trial 406 with value: 38.90494892453006.
trail number 2837
[I 2025-07-21 19:04:30,421] Trial 2837 finished with value: 44.533593161628424 and parameters: {'C': 1098.0021349977676, 'epsilon': 23.85294172985089, 'gamma': 0.05753250231016524}. Best is trial 406 with value: 38.90494892453006.
trail number 2840
[I 2025-07-21 19:04:30,421] Trial 2840 finished with value: 39.706417453829246 and parameters: {'C': 992.902260362167, 'epsilon': 28.203035934043445, 'gamma': 0.001874973203993179}. Best is trial 406 with value: 38.90494892453006.
trail number 2843
[I 2025-07-21 19:04:30,463] Trial 2843 finished with value: 39.16250233795883 and parameters: {'C': 703.5689862637132, 'epsilon': 23.638960026690167, 'gamma': 0.006336690378527356}. Best is trial 406 with value: 38.90494892453006.
trail number 2841
[I 2025-07-21 19:04:30,478] Trial 2841 finished with value: 43.53980585907385 and parameters: {'C': 935.5839585743087, 'epsilon': 29.734444422964106, 'gamma': 0.04836477988259737}. Best is trial 406 with value: 38.90494892453006.
trail number 2844
[I 2025-07-21 19:04:30,486] Trial 2844 finished with value: 44.57093456841081 and parameters: {'C': 700.9278502821497, 'epsilon': 24.633055982458437, 'gamma': 0.07614643097448719}. Best is trial 406 with value: 38.90494892453006.
trail number 2842
[I 2025-07-21 19:04:30,496] Trial 2842 finished with value: 44.15381928539499 and parameters: {'C': 1034.8401069143806, 'epsilon': 24.896867791246333, 'gamma': 0.054895042755769355}. Best is trial 406 with value: 38.90494892453006.
trail number 2845
[I 2025-07-21 19:04:30,519] Trial 2845 finished with value: 42.45600272903456 and parameters: {'C': 901.005516066948, 'epsilon': 23.373539436856674, 'gamma': 0.04575490803502075}. Best is trial 406 with value: 38.90494892453006.
trail number 2847
[I 2025-07-21 19:04:30,531] Trial 2847 finished with value: 39.66766159324267 and parameters: {'C': 832.5512958705295, 'epsilon': 21.19596226365298, 'gamma': 0.0024250088377609502}. Best is trial 406 with value: 38.90494892453006.
trail number 2848
[I 2025-07-21 19:04:30,541] Trial 2848 finished with value: 40.26469937156431 and parameters: {'C': 707.8568909765111, 'epsilon': 27.655460356196347, 'gamma': 0.001740346418420977}. Best is trial 406 with value: 38.90494892453006.
trail number 2846
[I 2025-07-21 19:04:30,557] Trial 2846 finished with value: 43.595047765638284 and parameters: {'C': 918.9460848859808, 'epsilon': 22.685006202539455, 'gamma': 0.05441067094150963}. Best is trial 406 with value: 38.90494892453006.
trail number 2849
[I 2025-07-21 19:04:30,573] Trial 2849 finished with value: 40.64589548375326 and parameters: {'C': 1043.8920434694417, 'epsilon': 19.38181701147535, 'gamma': 0.0008195877449152858}. Best is trial 406 with value: 38.90494892453006.
trail number 2851
[I 2025-07-21 19:04:30,587] Trial 2851 finished with value: 39.420843868311934 and parameters: {'C': 803.8131992377494, 'epsilon': 25.82995885631772, 'gamma': 0.003392627385778541}. Best is trial 406 with value: 38.90494892453006.
trail number 2850
[I 2025-07-21 19:04:30,587] Trial 2850 finished with value: 40.41434553088452 and parameters: {'C': 776.0350391487895, 'epsilon': 22.46755408012971, 'gamma': 0.0012090450993192167}. Best is trial 406 with value: 38.90494892453006.
trail number 2852
[I 2025-07-21 19:04:30,615] Trial 2852 finished with value: 39.37644595493016 and parameters: {'C': 1370.186344063001, 'epsilon': 21.7000373340499, 'gamma': 0.005615333142410667}. Best is trial 406 with value: 38.90494892453006.
trail number 2853
[I 2025-07-21 19:04:30,627] Trial 2853 finished with value: 39.78164430703361 and parameters: {'C': 711.6281783221626, 'epsilon': 24.647098715449925, 'gamma': 0.0020415996962694083}. Best is trial 406 with value: 38.90494892453006.
trail number 2854
[I 2025-07-21 19:04:30,639] Trial 2854 finished with value: 39.64702608029254 and parameters: {'C': 971.1099230374988, 'epsilon': 27.49814079858256, 'gamma': 0.002258908586887206}. Best is trial 406 with value: 38.90494892453006.
trail number 2855
[I 2025-07-21 19:04:30,658] Trial 2855 finished with value: 43.89101230353771 and parameters: {'C': 809.9555278991862, 'epsilon': 25.86719425178775, 'gamma': 0.05818943490172568}. Best is trial 406 with value: 38.90494892453006.
trail number 2856
[I 2025-07-21 19:04:30,679] Trial 2856 finished with value: 41.779620356449826 and parameters: {'C': 781.8044010260389, 'epsilon': 24.881555619253884, 'gamma': 0.04247182309777142}. Best is trial 406 with value: 38.90494892453006.
trail number 2857
[I 2025-07-21 19:04:30,688] Trial 2857 finished with value: 42.59226746576675 and parameters: {'C': 790.6208249297302, 'epsilon': 26.63365792231129, 'gamma': 0.04674668683430986}. Best is trial 406 with value: 38.90494892453006.
trail number 2858
[I 2025-07-21 19:04:30,697] Trial 2858 finished with value: 43.84957095922556 and parameters: {'C': 789.9028402272295, 'epsilon': 26.130222662539122, 'gamma': 0.05829213226376834}. Best is trial 406 with value: 38.90494892453006.
trail number 2859
[I 2025-07-21 19:04:30,708] Trial 2859 finished with value: 39.48098636170419 and parameters: {'C': 931.8531458314858, 'epsilon': 24.341383919527058, 'gamma': 0.0024067793179305664}. Best is trial 406 with value: 38.90494892453006.
trail number 2862
[I 2025-07-21 19:04:30,737] Trial 2862 finished with value: 39.73355187355723 and parameters: {'C': 831.2749768175627, 'epsilon': 23.605325887711434, 'gamma': 0.0019148341285601476}. Best is trial 406 with value: 38.90494892453006.
trail number 2863
[I 2025-07-21 19:04:30,747] Trial 2863 finished with value: 39.15137837937299 and parameters: {'C': 701.6029818136171, 'epsilon': 25.644909352880536, 'gamma': 0.00547368885298645}. Best is trial 406 with value: 38.90494892453006.
trail number 2861
[I 2025-07-21 19:04:30,758] Trial 2861 finished with value: 47.591461267691045 and parameters: {'C': 827.0207173684996, 'epsilon': 15.703871322783575, 'gamma': 0.25572485855779126}. Best is trial 406 with value: 38.90494892453006.
trail number 2860
[I 2025-07-21 19:04:30,772] Trial 2860 finished with value: 46.981611833911934 and parameters: {'C': 944.9762996336998, 'epsilon': 24.27973584882055, 'gamma': 0.12121646292986575}. Best is trial 406 with value: 38.90494892453006.
trail number 2865
[I 2025-07-21 19:04:30,798] Trial 2865 finished with value: 39.19863444642422 and parameters: {'C': 772.322013765033, 'epsilon': 29.721814898288223, 'gamma': 0.004678671279533484}. Best is trial 406 with value: 38.90494892453006.
trail number 2866
[I 2025-07-21 19:04:30,813] Trial 2866 finished with value: 39.35880376082427 and parameters: {'C': 864.4143597549296, 'epsilon': 29.973650403912288, 'gamma': 0.00367266129992061}. Best is trial 406 with value: 38.90494892453006.
trail number 2864
[I 2025-07-21 19:04:30,832] Trial 2864 finished with value: 46.297622528302036 and parameters: {'C': 903.417937503875, 'epsilon': 25.025157518705974, 'gamma': 0.11140361279197597}. Best is trial 406 with value: 38.90494892453006.
trail number 2867
[I 2025-07-21 19:04:30,843] Trial 2867 finished with value: 45.55127856066092 and parameters: {'C': 887.4203668311466, 'epsilon': 27.928839829349638, 'gamma': 0.0865152394955547}. Best is trial 406 with value: 38.90494892453006.
trail number 2869
[I 2025-07-21 19:04:30,858] Trial 2869 finished with value: 40.379112644624726 and parameters: {'C': 940.7484127284571, 'epsilon': 23.98269301094413, 'gamma': 0.0010029898020875103}. Best is trial 406 with value: 38.90494892453006.
trail number 2868
[I 2025-07-21 19:04:30,867] Trial 2868 finished with value: 44.29374292437897 and parameters: {'C': 966.5990318861125, 'epsilon': 26.695243574952368, 'gamma': 0.056339498261228915}. Best is trial 406 with value: 38.90494892453006.
trail number 2870
[I 2025-07-21 19:04:30,902] Trial 2870 finished with value: 39.317595633232784 and parameters: {'C': 874.3524882305805, 'epsilon': 17.185738149654632, 'gamma': 0.006882595592302653}. Best is trial 406 with value: 38.90494892453006.
trail number 2872
[I 2025-07-21 19:04:30,917] Trial 2872 finished with value: 50.847319416749976 and parameters: {'C': 1044.7043406878774, 'epsilon': 26.768967922198552, 'gamma': 0.4191630497815319}. Best is trial 406 with value: 38.90494892453006.
trail number 2873
[I 2025-07-21 19:04:30,934] Trial 2873 finished with value: 44.234232375243295 and parameters: {'C': 711.4208337455515, 'epsilon': 29.83087615201391, 'gamma': 0.06577794472616906}. Best is trial 406 with value: 38.90494892453006.
trail number 2871
[I 2025-07-21 19:04:30,943] Trial 2871 finished with value: 43.417646082732574 and parameters: {'C': 1061.573231299933, 'epsilon': 26.297161019609558, 'gamma': 0.04617698075738175}. Best is trial 406 with value: 38.90494892453006.
trail number 2875
[I 2025-07-21 19:04:30,968] Trial 2875 finished with value: 44.24389422378689 and parameters: {'C': 770.8881184192506, 'epsilon': 28.00411505754677, 'gamma': 0.06318592450287913}. Best is trial 406 with value: 38.90494892453006.
trail number 2874
[I 2025-07-21 19:04:30,977] Trial 2874 finished with value: 44.9485847455558 and parameters: {'C': 700.1994928380919, 'epsilon': 21.27669848662284, 'gamma': 0.0938937123855859}. Best is trial 406 with value: 38.90494892453006.
trail number 2876
[I 2025-07-21 19:04:30,988] Trial 2876 finished with value: 41.188707412742886 and parameters: {'C': 706.2131637012099, 'epsilon': 20.26325889356039, 'gamma': 0.000439852980581152}. Best is trial 406 with value: 38.90494892453006.
trail number 2878
[I 2025-07-21 19:04:31,017] Trial 2878 finished with value: 39.62837843385159 and parameters: {'C': 957.76286070486, 'epsilon': 25.372983702028765, 'gamma': 0.0022565853593376345}. Best is trial 406 with value: 38.90494892453006.
trail number 2880
[I 2025-07-21 19:04:31,026] Trial 2880 finished with value: 40.15681743331095 and parameters: {'C': 930.7835387826648, 'epsilon': 25.38765027762841, 'gamma': 0.001114432866302098}. Best is trial 406 with value: 38.90494892453006.
trail number 2877
[I 2025-07-21 19:04:31,027] Trial 2877 finished with value: 45.76600910341534 and parameters: {'C': 773.0452721700337, 'epsilon': 21.466851298701286, 'gamma': 0.11977123134716951}. Best is trial 406 with value: 38.90494892453006.
trail number 2879
[I 2025-07-21 19:04:31,047] Trial 2879 finished with value: 39.75318907235238 and parameters: {'C': 899.5755969349136, 'epsilon': 21.923257135322114, 'gamma': 0.00170323671951789}. Best is trial 406 with value: 38.90494892453006.
trail number 2881
[I 2025-07-21 19:04:31,076] Trial 2881 finished with value: 39.170513391484604 and parameters: {'C': 788.7293669712457, 'epsilon': 29.711968008089762, 'gamma': 0.004974531031287567}. Best is trial 406 with value: 38.90494892453006.
trail number 2882
[I 2025-07-21 19:04:31,087] Trial 2882 finished with value: 52.37066915807894 and parameters: {'C': 782.352859792973, 'epsilon': 29.71066900736865, 'gamma': 0.4725802709479976}. Best is trial 406 with value: 38.90494892453006.
trail number 2884
[I 2025-07-21 19:04:31,101] Trial 2884 finished with value: 39.27240143215442 and parameters: {'C': 1102.8929180287114, 'epsilon': 22.916552309469807, 'gamma': 0.0038046432248817798}. Best is trial 406 with value: 38.90494892453006.
trail number 2883
[I 2025-07-21 19:04:31,120] Trial 2883 finished with value: 47.41026158412652 and parameters: {'C': 954.9057386787156, 'epsilon': 28.634178070681678, 'gamma': 0.12105488966591463}. Best is trial 406 with value: 38.90494892453006.
trail number 2885
[I 2025-07-21 19:04:31,129] Trial 2885 finished with value: 39.40108931803755 and parameters: {'C': 1080.7098725491483, 'epsilon': 25.72519406345168, 'gamma': 0.0025155092853676696}. Best is trial 406 with value: 38.90494892453006.
trail number 2886
[I 2025-07-21 19:04:31,148] Trial 2886 finished with value: 43.442981303850125 and parameters: {'C': 906.1332497741282, 'epsilon': 27.67749034562981, 'gamma': 0.04958652639191702}. Best is trial 406 with value: 38.90494892453006.
trail number 2887
[I 2025-07-21 19:04:31,157] Trial 2887 finished with value: 40.126105641005715 and parameters: {'C': 759.3114861001106, 'epsilon': 25.386606071400323, 'gamma': 0.0013248977272017895}. Best is trial 406 with value: 38.90494892453006.
trail number 2888
[I 2025-07-21 19:04:31,176] Trial 2888 finished with value: 41.35987102045858 and parameters: {'C': 799.3082276382706, 'epsilon': 27.08233160466547, 'gamma': 0.0004960007789287617}. Best is trial 406 with value: 38.90494892453006.
trail number 2889
[I 2025-07-21 19:04:31,200] Trial 2889 finished with value: 45.73325005227601 and parameters: {'C': 903.1107008119112, 'epsilon': 21.065395920793197, 'gamma': 0.09978734269480215}. Best is trial 406 with value: 38.90494892453006.
trail number 2890
[I 2025-07-21 19:04:31,214] Trial 2890 finished with value: 48.40395186254827 and parameters: {'C': 1296.0561023990763, 'epsilon': 8.654010881388562, 'gamma': 0.3170743087175377}. Best is trial 406 with value: 38.90494892453006.
trail number 2892
[I 2025-07-21 19:04:31,224] Trial 2892 finished with value: 40.65366829118271 and parameters: {'C': 707.9133296256831, 'epsilon': 27.75957511055003, 'gamma': 0.0010202505872054955}. Best is trial 406 with value: 38.90494892453006.
trail number 2891
[I 2025-07-21 19:04:31,237] Trial 2891 finished with value: 41.89569307620866 and parameters: {'C': 1014.486314103381, 'epsilon': 21.351058275077413, 'gamma': 0.04029763871399174}. Best is trial 406 with value: 38.90494892453006.
trail number 2893
[I 2025-07-21 19:04:31,259] Trial 2893 finished with value: 45.6785993803356 and parameters: {'C': 783.4015472503811, 'epsilon': 23.291859565252615, 'gamma': 0.11096292816107706}. Best is trial 406 with value: 38.90494892453006.
trail number 2895
[I 2025-07-21 19:04:31,272] Trial 2895 finished with value: 40.29259184904042 and parameters: {'C': 857.6375643292603, 'epsilon': 26.348310683471496, 'gamma': 0.0011093650536522248}. Best is trial 406 with value: 38.90494892453006.
trail number 2894
[I 2025-07-21 19:04:31,286] Trial 2894 finished with value: 43.159061875399914 and parameters: {'C': 786.6997900088877, 'epsilon': 27.1099607136453, 'gamma': 0.05112549702479243}. Best is trial 406 with value: 38.90494892453006.
trail number 2896
[I 2025-07-21 19:04:31,300] Trial 2896 finished with value: 50.449124206562445 and parameters: {'C': 1172.428698100663, 'epsilon': 26.345511203740397, 'gamma': 0.4047185847541773}. Best is trial 406 with value: 38.90494892453006.
trail number 2899
[I 2025-07-21 19:04:31,325] Trial 2899 finished with value: 40.44050885411476 and parameters: {'C': 834.4406239292888, 'epsilon': 24.56320053400901, 'gamma': 0.0009455631989493708}. Best is trial 406 with value: 38.90494892453006.
trail number 2897
[I 2025-07-21 19:04:31,341] Trial 2897 finished with value: 44.1216629866255 and parameters: {'C': 809.3455382020443, 'epsilon': 27.66915142999559, 'gamma': 0.05946855385733127}. Best is trial 406 with value: 38.90494892453006.
trail number 2898
[I 2025-07-21 19:04:31,349] Trial 2898 finished with value: 45.39745851821676 and parameters: {'C': 802.08687376891, 'epsilon': 27.694768269256762, 'gamma': 0.09038903824990838}. Best is trial 406 with value: 38.90494892453006.
trail number 2900
[I 2025-07-21 19:04:31,373] Trial 2900 finished with value: 44.581886778491445 and parameters: {'C': 700.4770547890105, 'epsilon': 24.776962949937243, 'gamma': 0.07622364171388527}. Best is trial 406 with value: 38.90494892453006.
trail number 2901
[I 2025-07-21 19:04:31,384] Trial 2901 finished with value: 40.065883395442896 and parameters: {'C': 930.096907131781, 'epsilon': 28.472816348697457, 'gamma': 0.0016562550094442446}. Best is trial 406 with value: 38.90494892453006.
trail number 2903
[I 2025-07-21 19:04:31,394] Trial 2903 finished with value: 40.03348465201438 and parameters: {'C': 1058.4994299969565, 'epsilon': 29.733629561781385, 'gamma': 0.0016285619871018366}. Best is trial 406 with value: 38.90494892453006.
trail number 2902
[I 2025-07-21 19:04:31,403] Trial 2902 finished with value: 48.27116874164452 and parameters: {'C': 709.7984367298855, 'epsilon': 17.05571046826737, 'gamma': 0.3292721706724073}. Best is trial 406 with value: 38.90494892453006.
trail number 2907
[I 2025-07-21 19:04:31,472] Trial 2907 finished with value: 44.560811581794255 and parameters: {'C': 970.3550228496483, 'epsilon': 27.309861253885366, 'gamma': 0.05878699940986141}. Best is trial 406 with value: 38.90494892453006.
trail number 2906
[I 2025-07-21 19:04:31,491] Trial 2906 finished with value: 42.76105327801762 and parameters: {'C': 784.558508266679, 'epsilon': 23.762090028069867, 'gamma': 0.051270454068084496}. Best is trial 406 with value: 38.90494892453006.
trail number 2905
[I 2025-07-21 19:04:31,503] Trial 2905 finished with value: 44.13288568849581 and parameters: {'C': 1024.7091591585042, 'epsilon': 24.028425382477085, 'gamma': 0.05607067304090511}. Best is trial 406 with value: 38.90494892453006.
trail number 2904
[I 2025-07-21 19:04:31,507] Trial 2904 finished with value: 43.80980646990933 and parameters: {'C': 806.9461573858879, 'epsilon': 22.77144551494438, 'gamma': 0.06064195721147877}. Best is trial 406 with value: 38.90494892453006.
trail number 2910
[I 2025-07-21 19:04:31,567] Trial 2910 finished with value: 44.92875476788986 and parameters: {'C': 701.1400812735619, 'epsilon': 27.423840397343753, 'gamma': 0.08189786365999431}. Best is trial 406 with value: 38.90494892453006.
trail number 2908
[I 2025-07-21 19:04:31,578] Trial 2908 finished with value: 45.09201093117884 and parameters: {'C': 790.9141299417324, 'epsilon': 23.81780888479204, 'gamma': 0.08214775643017477}. Best is trial 406 with value: 38.90494892453006.
trail number 2911
[I 2025-07-21 19:04:31,593] Trial 2911 finished with value: 43.66021295843682 and parameters: {'C': 923.5752131688369, 'epsilon': 24.031193051735382, 'gamma': 0.054060417207914026}. Best is trial 406 with value: 38.90494892453006.
trail number 2909
[I 2025-07-21 19:04:31,609] Trial 2909 finished with value: 43.12785683956851 and parameters: {'C': 1016.0601768224353, 'epsilon': 23.35552839353257, 'gamma': 0.04780398304006276}. Best is trial 406 with value: 38.90494892453006.
trail number 2912
[I 2025-07-21 19:04:31,632] Trial 2912 finished with value: 44.19136415600983 and parameters: {'C': 932.6209838497583, 'epsilon': 25.9707355097501, 'gamma': 0.05701613640945152}. Best is trial 406 with value: 38.90494892453006.
trail number 2913
[I 2025-07-21 19:04:31,641] Trial 2913 finished with value: 42.56639525583578 and parameters: {'C': 949.5098569418614, 'epsilon': 22.476542827809602, 'gamma': 0.04602588079555494}. Best is trial 406 with value: 38.90494892453006.
trail number 2914
[I 2025-07-21 19:04:31,653] Trial 2914 finished with value: 45.373850294812556 and parameters: {'C': 871.0761312363617, 'epsilon': 26.634748378018543, 'gamma': 0.07790070038825116}. Best is trial 406 with value: 38.90494892453006.
trail number 2915
