[I 2025-07-21 19:04:09,310] Trial 1333 finished with value: 39.81613448457986 and parameters: {'C': 802.4099563598447, 'epsilon': 17.076183728964416, 'gamma': 0.0026355089734894244}. Best is trial 406 with value: 38.90494892453006.
trail number 1331
[I 2025-07-21 19:04:09,316] Trial 1331 finished with value: 44.55023666635884 and parameters: {'C': 850.0251611337043, 'epsilon': 22.711598328333046, 'gamma': 0.06916114499387227}. Best is trial 406 with value: 38.90494892453006.
trail number 1332
[I 2025-07-21 19:04:09,322] Trial 1332 finished with value: 44.22821844000525 and parameters: {'C': 710.1981413285062, 'epsilon': 22.494327178667852, 'gamma': 0.07245897978444324}. Best is trial 406 with value: 38.90494892453006.
trail number 1334
[I 2025-07-21 19:04:09,328] Trial 1334 finished with value: 39.42986566732576 and parameters: {'C': 928.9647983375368, 'epsilon': 19.28857546990216, 'gamma': 0.0077226061168826805}. Best is trial 406 with value: 38.90494892453006.
trail number 1338
[I 2025-07-21 19:04:09,353] Trial 1338 finished with value: 40.893580957429535 and parameters: {'C': 718.3490120703755, 'epsilon': 26.53895316501974, 'gamma': 0.000752232669245876}. Best is trial 406 with value: 38.90494892453006.
trail number 1336
[I 2025-07-21 19:04:09,359] Trial 1336 finished with value: 39.90612733274179 and parameters: {'C': 856.2381577056846, 'epsilon': 22.579770105082993, 'gamma': 0.0015259389159332226}. Best is trial 406 with value: 38.90494892453006.
trail number 1337
[I 2025-07-21 19:04:09,365] Trial 1337 finished with value: 51.58045274798269 and parameters: {'C': 1089.7697364286253, 'epsilon': 23.487567532814914, 'gamma': 0.4783229747174691}. Best is trial 406 with value: 38.90494892453006.
trail number 1335
[I 2025-07-21 19:04:09,373] Trial 1335 finished with value: 45.209839989024736 and parameters: {'C': 777.1063826272307, 'epsilon': 29.468513941705677, 'gamma': 0.08447262067735653}. Best is trial 406 with value: 38.90494892453006.
trail number 1339
[I 2025-07-21 19:04:09,404] Trial 1339 finished with value: 48.421984618391505 and parameters: {'C': 1310.8145406070357, 'epsilon': 10.525591881439537, 'gamma': 0.35655495178675045}. Best is trial 406 with value: 38.90494892453006.
trail number 1340
[I 2025-07-21 19:04:09,411] Trial 1340 finished with value: 45.20206054780578 and parameters: {'C': 784.381063822334, 'epsilon': 26.566757691171755, 'gamma': 0.08072189295917097}. Best is trial 406 with value: 38.90494892453006.
trail number 1341
[I 2025-07-21 19:04:09,417] Trial 1341 finished with value: 44.8755138141866 and parameters: {'C': 953.2863088456688, 'epsilon': 22.654706889564313, 'gamma': 0.06967231261485621}. Best is trial 406 with value: 38.90494892453006.
trail number 1342
[I 2025-07-21 19:04:09,424] Trial 1342 finished with value: 44.95138229101611 and parameters: {'C': 974.1325654558897, 'epsilon': 23.253067671045848, 'gamma': 0.06861170258621452}. Best is trial 406 with value: 38.90494892453006.
trail number 1346
[I 2025-07-21 19:04:09,463] Trial 1346 finished with value: 39.179564250352385 and parameters: {'C': 816.1599968615525, 'epsilon': 23.498677727088435, 'gamma': 0.005010218130471672}. Best is trial 406 with value: 38.90494892453006.
trail number 1343
[I 2025-07-21 19:04:09,470] Trial 1343 finished with value: 43.996378516099384 and parameters: {'C': 830.7701119770279, 'epsilon': 27.317316840721993, 'gamma': 0.057350512664253527}. Best is trial 406 with value: 38.90494892453006.
trail number 1345
[I 2025-07-21 19:04:09,479] Trial 1345 finished with value: 45.38072090507244 and parameters: {'C': 959.287964354962, 'epsilon': 25.251797004458865, 'gamma': 0.07242137133043666}. Best is trial 406 with value: 38.90494892453006.
trail number 1344
[I 2025-07-21 19:04:09,493] Trial 1344 finished with value: 45.54285872088364 and parameters: {'C': 903.0524967765391, 'epsilon': 23.438557674169054, 'gamma': 0.08346919727610339}. Best is trial 406 with value: 38.90494892453006.
trail number 1349
[I 2025-07-21 19:04:09,506] Trial 1349 finished with value: 40.49557706945144 and parameters: {'C': 797.1408123823593, 'epsilon': 28.05290054158785, 'gamma': 0.001239313155031752}. Best is trial 406 with value: 38.90494892453006.
trail number 1348
[I 2025-07-21 19:04:09,520] Trial 1348 finished with value: 44.32820908686007 and parameters: {'C': 982.3878674860581, 'epsilon': 26.66044192066338, 'gamma': 0.05622253330469809}. Best is trial 406 with value: 38.90494892453006.
trail number 1350
[I 2025-07-21 19:04:09,530] Trial 1350 finished with value: 40.68391993417397 and parameters: {'C': 883.0156969574791, 'epsilon': 26.850650696899848, 'gamma': 0.0007210152100379976}. Best is trial 406 with value: 38.90494892453006.
trail number 1347
[I 2025-07-21 19:04:09,538] Trial 1347 finished with value: 47.549419570377346 and parameters: {'C': 1037.158025353796, 'epsilon': 29.579404204319207, 'gamma': 0.21515451798379548}. Best is trial 406 with value: 38.90494892453006.
trail number 1351
[I 2025-07-21 19:04:09,555] Trial 1351 finished with value: 48.26519640513213 and parameters: {'C': 1052.0303347478273, 'epsilon': 29.22393905312013, 'gamma': 0.13002967081085987}. Best is trial 406 with value: 38.90494892453006.
trail number 1352
[I 2025-07-21 19:04:09,561] Trial 1352 finished with value: 47.669835502034296 and parameters: {'C': 1439.428809326541, 'epsilon': 24.945034236052262, 'gamma': 0.26480770407146326}. Best is trial 406 with value: 38.90494892453006.
trail number 1354
[I 2025-07-21 19:04:09,574] Trial 1354 finished with value: 41.11294649015399 and parameters: {'C': 1110.632917484638, 'epsilon': 26.855222851112263, 'gamma': 0.00043567092700443413}. Best is trial 406 with value: 38.90494892453006.
trail number 1356
[I 2025-07-21 19:04:09,593] Trial 1356 finished with value: 39.15540283832494 and parameters: {'C': 1007.9612391507695, 'epsilon': 26.577719555679803, 'gamma': 0.008475104190984264}. Best is trial 406 with value: 38.90494892453006.
trail number 1353
[I 2025-07-21 19:04:09,600] Trial 1353 finished with value: 45.83247947803327 and parameters: {'C': 1064.7999258898913, 'epsilon': 29.679192108713035, 'gamma': 0.07705859934662812}. Best is trial 406 with value: 38.90494892453006.
trail number 1355
[I 2025-07-21 19:04:09,606] Trial 1355 finished with value: 42.73434047388974 and parameters: {'C': 916.3521459529491, 'epsilon': 29.812274740776584, 'gamma': 0.042665226198294375}. Best is trial 406 with value: 38.90494892453006.
trail number 1357
[I 2025-07-21 19:04:09,615] Trial 1357 finished with value: 40.97712881162745 and parameters: {'C': 1084.3201604303122, 'epsilon': 19.808296887225996, 'gamma': 0.0003147294410970492}. Best is trial 406 with value: 38.90494892453006.
trail number 1358
[I 2025-07-21 19:04:09,637] Trial 1358 finished with value: 40.5125704288752 and parameters: {'C': 802.811609678792, 'epsilon': 23.98228719685175, 'gamma': 0.0008803904262823983}. Best is trial 406 with value: 38.90494892453006.
trail number 1361
[I 2025-07-21 19:04:09,656] Trial 1361 finished with value: 39.48913930398449 and parameters: {'C': 987.8726096167353, 'epsilon': 22.49759835479999, 'gamma': 0.0026441636167880474}. Best is trial 406 with value: 38.90494892453006.
trail number 1362
[I 2025-07-21 19:04:09,662] Trial 1362 finished with value: 40.77555968418318 and parameters: {'C': 1120.5596082947734, 'epsilon': 28.81024472588434, 'gamma': 0.0006776463526346165}. Best is trial 406 with value: 38.90494892453006.
trail number 1360
[I 2025-07-21 19:04:09,667] Trial 1360 finished with value: 44.67969108429211 and parameters: {'C': 1074.661180366094, 'epsilon': 22.481890286394133, 'gamma': 0.06195549149979143}. Best is trial 406 with value: 38.90494892453006.
trail number 1359
[I 2025-07-21 19:04:09,679] Trial 1359 finished with value: 43.68611216323393 and parameters: {'C': 802.5441337251189, 'epsilon': 25.33340546838004, 'gamma': 0.05695608909445994}. Best is trial 406 with value: 38.90494892453006.
trail number 1364
[I 2025-07-21 19:04:09,707] Trial 1364 finished with value: 44.70953257795365 and parameters: {'C': 765.7906893590093, 'epsilon': 25.722634450500355, 'gamma': 0.07261070834932525}. Best is trial 406 with value: 38.90494892453006.
trail number 1365
[I 2025-07-21 19:04:09,714] Trial 1365 finished with value: 44.74339927510361 and parameters: {'C': 804.2107795152906, 'epsilon': 25.768412683668945, 'gamma': 0.07060831101531394}. Best is trial 406 with value: 38.90494892453006.
trail number 1366
[I 2025-07-21 19:04:09,729] Trial 1366 finished with value: 44.46655692209829 and parameters: {'C': 874.7276166496549, 'epsilon': 24.400573528078137, 'gamma': 0.06391315775354003}. Best is trial 406 with value: 38.90494892453006.
trail number 1363
[I 2025-07-21 19:04:09,736] Trial 1363 finished with value: 44.263569554270354 and parameters: {'C': 754.6754029258558, 'epsilon': 26.238278545581355, 'gamma': 0.06473085293532245}. Best is trial 406 with value: 38.90494892453006.
trail number 1368
[I 2025-07-21 19:04:09,747] Trial 1368 finished with value: 41.36524741903955 and parameters: {'C': 779.5969901503491, 'epsilon': 27.87108438733059, 'gamma': 0.0005811832510010419}. Best is trial 406 with value: 38.90494892453006.
trail number 1367
[I 2025-07-21 19:04:09,761] Trial 1367 finished with value: 44.010976080288934 and parameters: {'C': 901.8405981544802, 'epsilon': 25.14494062304543, 'gamma': 0.05683941933509295}. Best is trial 406 with value: 38.90494892453006.
trail number 1370
[I 2025-07-21 19:04:09,778] Trial 1370 finished with value: 51.946346335622955 and parameters: {'C': 1381.7137884608803, 'epsilon': 29.899410066359938, 'gamma': 0.4492953676209944}. Best is trial 406 with value: 38.90494892453006.
trail number 1369
[I 2025-07-21 19:04:09,784] Trial 1369 finished with value: 42.64639040056585 and parameters: {'C': 896.279691010779, 'epsilon': 26.799491171984318, 'gamma': 0.0440881399564798}. Best is trial 406 with value: 38.90494892453006.
trail number 1371
[I 2025-07-21 19:04:09,795] Trial 1371 finished with value: 51.563265564033955 and parameters: {'C': 1220.7727617916153, 'epsilon': 24.976637003677997, 'gamma': 0.46648550252760324}. Best is trial 406 with value: 38.90494892453006.
trail number 1374
[I 2025-07-21 19:04:09,814] Trial 1374 finished with value: 39.811188089277884 and parameters: {'C': 951.8190038354118, 'epsilon': 26.200600980450464, 'gamma': 0.0020163616899478397}. Best is trial 406 with value: 38.90494892453006.
trail number 1373
[I 2025-07-21 19:04:09,814] Trial 1373 finished with value: 40.119827266406695 and parameters: {'C': 812.8283459603025, 'epsilon': 19.53037650624609, 'gamma': 0.001573999731000789}. Best is trial 406 with value: 38.90494892453006.
trail number 1372
[I 2025-07-21 19:04:09,836] Trial 1372 finished with value: 48.67440161373709 and parameters: {'C': 1039.4649706496007, 'epsilon': 13.987695626502324, 'gamma': 0.1626869054066004}. Best is trial 406 with value: 38.90494892453006.
trail number 1375
[I 2025-07-21 19:04:09,851] Trial 1375 finished with value: 44.04338263501896 and parameters: {'C': 705.6896805922995, 'epsilon': 25.222484257876538, 'gamma': 0.06511015395682326}. Best is trial 406 with value: 38.90494892453006.
trail number 1376
[I 2025-07-21 19:04:09,864] Trial 1376 finished with value: 41.76796033630027 and parameters: {'C': 1031.0458194400953, 'epsilon': 23.41247336136665, 'gamma': 0.037684319397241}. Best is trial 406 with value: 38.90494892453006.
trail number 1377
[I 2025-07-21 19:04:09,871] Trial 1377 finished with value: 47.871181111308545 and parameters: {'C': 926.5734848529953, 'epsilon': 26.465052644117144, 'gamma': 0.13550387025932387}. Best is trial 406 with value: 38.90494892453006.
trail number 1379
[I 2025-07-21 19:04:09,886] Trial 1379 finished with value: 39.08606959754483 and parameters: {'C': 949.5969055597293, 'epsilon': 24.67184806393078, 'gamma': 0.004770362920088741}. Best is trial 406 with value: 38.90494892453006.
trail number 1378
[I 2025-07-21 19:04:09,892] Trial 1378 finished with value: 44.58251016885504 and parameters: {'C': 715.2161122900534, 'epsilon': 28.917729227798603, 'gamma': 0.07163349520222487}. Best is trial 406 with value: 38.90494892453006.
trail number 1380
[I 2025-07-21 19:04:09,902] Trial 1380 finished with value: 40.96020679711724 and parameters: {'C': 971.3568635008759, 'epsilon': 26.170382711446706, 'gamma': 0.0005064539204819984}. Best is trial 406 with value: 38.90494892453006.
trail number 1381
[I 2025-07-21 19:04:09,920] Trial 1381 finished with value: 44.983648010186215 and parameters: {'C': 795.271658588061, 'epsilon': 29.530070317812466, 'gamma': 0.07653571491973574}. Best is trial 406 with value: 38.90494892453006.
trail number 1382
[I 2025-07-21 19:04:09,936] Trial 1382 finished with value: 40.084608845022444 and parameters: {'C': 960.1891229333928, 'epsilon': 25.847782102020737, 'gamma': 0.0012514571617253424}. Best is trial 406 with value: 38.90494892453006.
trail number 1384
[I 2025-07-21 19:04:09,950] Trial 1384 finished with value: 48.18500906324293 and parameters: {'C': 1036.392665900224, 'epsilon': 25.229476617129663, 'gamma': 0.14653794700341133}. Best is trial 406 with value: 38.90494892453006.
trail number 1383
[I 2025-07-21 19:04:09,955] Trial 1383 finished with value: 43.608245294534484 and parameters: {'C': 764.5311185205676, 'epsilon': 27.4604324952762, 'gamma': 0.055750971823883014}. Best is trial 406 with value: 38.90494892453006.
trail number 1385
[I 2025-07-21 19:04:09,961] Trial 1385 finished with value: 39.11743520864266 and parameters: {'C': 714.5483416761454, 'epsilon': 29.829519193264016, 'gamma': 0.009307527664772969}. Best is trial 406 with value: 38.90494892453006.
trail number 1386
[I 2025-07-21 19:04:09,980] Trial 1386 finished with value: 39.662216678573806 and parameters: {'C': 812.4344846736268, 'epsilon': 23.87005112616235, 'gamma': 0.0022682210139870606}. Best is trial 406 with value: 38.90494892453006.
trail number 1389
[I 2025-07-21 19:04:10,012] Trial 1389 finished with value: 42.49879627204747 and parameters: {'C': 1178.9870466453692, 'epsilon': 24.101520646577058, 'gamma': 0.039575315253848435}. Best is trial 406 with value: 38.90494892453006.
trail number 1390
[I 2025-07-21 19:04:10,024] Trial 1390 finished with value: 39.05573062752656 and parameters: {'C': 1196.068488866374, 'epsilon': 23.28140811785648, 'gamma': 0.015200315836225112}. Best is trial 406 with value: 38.90494892453006.
trail number 1387
[I 2025-07-21 19:04:10,032] Trial 1387 finished with value: 46.30480552033753 and parameters: {'C': 1099.1982032118258, 'epsilon': 8.700066070823297, 'gamma': 0.1102471138273558}. Best is trial 406 with value: 38.90494892453006.
trail number 1388
[I 2025-07-21 19:04:10,032] Trial 1388 finished with value: 42.98573376231864 and parameters: {'C': 884.9228620353992, 'epsilon': 21.162049151074736, 'gamma': 0.05129690657420695}. Best is trial 406 with value: 38.90494892453006.
trail number 1391
[I 2025-07-21 19:04:10,049] Trial 1391 finished with value: 41.61261272222912 and parameters: {'C': 1084.726015301145, 'epsilon': 25.33079215425567, 'gamma': 0.0002787945701295015}. Best is trial 406 with value: 38.90494892453006.
trail number 1395
[I 2025-07-21 19:04:10,075] Trial 1395 finished with value: 40.11101790802673 and parameters: {'C': 785.687510295537, 'epsilon': 25.425827413721095, 'gamma': 0.0014987212981255396}. Best is trial 406 with value: 38.90494892453006.
trail number 1392
[I 2025-07-21 19:04:10,086] Trial 1392 finished with value: 39.102052984299874 and parameters: {'C': 794.291573853716, 'epsilon': 26.667966082582836, 'gamma': 0.005095172002579173}. Best is trial 406 with value: 38.90494892453006.
trail number 1394
[I 2025-07-21 19:04:10,096] Trial 1394 finished with value: 43.93789696179225 and parameters: {'C': 871.3769374956408, 'epsilon': 27.00126165734051, 'gamma': 0.055664500157195075}. Best is trial 406 with value: 38.90494892453006.
trail number 1396
[I 2025-07-21 19:04:10,110] Trial 1396 finished with value: 39.05413072965075 and parameters: {'C': 821.2820306837016, 'epsilon': 29.714229468808366, 'gamma': 0.0072790308821633985}. Best is trial 406 with value: 38.90494892453006.
trail number 1393
[I 2025-07-21 19:04:10,117] Trial 1393 finished with value: 45.85572643627486 and parameters: {'C': 1005.74445164434, 'epsilon': 17.080512691240745, 'gamma': 0.10074657589598933}. Best is trial 406 with value: 38.90494892453006.
trail number 1398
[I 2025-07-21 19:04:10,130] Trial 1398 finished with value: 40.950423572290205 and parameters: {'C': 892.5219825109498, 'epsilon': 29.047218964675512, 'gamma': 0.0006949018161663302}. Best is trial 406 with value: 38.90494892453006.
trail number 1397
[I 2025-07-21 19:04:10,151] Trial 1397 finished with value: 43.59183524753783 and parameters: {'C': 877.9708905185214, 'epsilon': 23.38316990375205, 'gamma': 0.055145086832684986}. Best is trial 406 with value: 38.90494892453006.
trail number 1399
[I 2025-07-21 19:04:10,151] Trial 1399 finished with value: 39.2868853297458 and parameters: {'C': 1002.3468177712116, 'epsilon': 21.993399854218925, 'gamma': 0.003835002182060506}. Best is trial 406 with value: 38.90494892453006.
trail number 1400
[I 2025-07-21 19:04:10,172] Trial 1400 finished with value: 39.330993090194056 and parameters: {'C': 1018.8968998258331, 'epsilon': 20.477714175030375, 'gamma': 0.0055606863674051155}. Best is trial 406 with value: 38.90494892453006.
trail number 1401
[I 2025-07-21 19:04:10,185] Trial 1401 finished with value: 44.772609899076535 and parameters: {'C': 922.4577823723478, 'epsilon': 22.144829317254935, 'gamma': 0.07028986110846967}. Best is trial 406 with value: 38.90494892453006.
trail number 1403
[I 2025-07-21 19:04:10,202] Trial 1403 finished with value: 47.15955062580357 and parameters: {'C': 795.807582761648, 'epsilon': 26.88196127255696, 'gamma': 0.13334471825776986}. Best is trial 406 with value: 38.90494892453006.
trail number 1402
[I 2025-07-21 19:04:10,218] Trial 1402 finished with value: 45.59703171726428 and parameters: {'C': 979.8003495815666, 'epsilon': 23.473837049956394, 'gamma': 0.07869021666932323}. Best is trial 406 with value: 38.90494892453006.
trail number 1404
[I 2025-07-21 19:04:10,224] Trial 1404 finished with value: 43.05884938739552 and parameters: {'C': 706.3659422939654, 'epsilon': 24.11348041149339, 'gamma': 0.0558291292235606}. Best is trial 406 with value: 38.90494892453006.
trail number 1405
[I 2025-07-21 19:04:10,225] Trial 1405 finished with value: 40.94927279417649 and parameters: {'C': 703.5710604700663, 'epsilon': 22.847194297287366, 'gamma': 0.03911923998722218}. Best is trial 406 with value: 38.90494892453006.
trail number 1406
[I 2025-07-21 19:04:10,236] Trial 1406 finished with value: 40.34610161262182 and parameters: {'C': 866.2312314454601, 'epsilon': 27.049096156730638, 'gamma': 0.0010414987319680193}. Best is trial 406 with value: 38.90494892453006.
trail number 1410
[I 2025-07-21 19:04:10,272] Trial 1410 finished with value: 39.538046195210065 and parameters: {'C': 881.6843782289296, 'epsilon': 22.774086386313396, 'gamma': 0.0026882294852717745}. Best is trial 406 with value: 38.90494892453006.
trail number 1407
[I 2025-07-21 19:04:10,278] Trial 1407 finished with value: 43.2062774035836 and parameters: {'C': 746.592962151492, 'epsilon': 23.296576943344565, 'gamma': 0.05629966204506889}. Best is trial 406 with value: 38.90494892453006.
trail number 1408
[I 2025-07-21 19:04:10,284] Trial 1408 finished with value: 43.259793948113966 and parameters: {'C': 945.4355222354346, 'epsilon': 27.222371490963372, 'gamma': 0.04713109995744755}. Best is trial 406 with value: 38.90494892453006.
trail number 1409
[I 2025-07-21 19:04:10,293] Trial 1409 finished with value: 44.22214022629816 and parameters: {'C': 911.9732725275344, 'epsilon': 27.967005343815664, 'gamma': 0.05669857207650667}. Best is trial 406 with value: 38.90494892453006.
trail number 1413
[I 2025-07-21 19:04:10,319] Trial 1413 finished with value: 38.99039066753223 and parameters: {'C': 700.9362058440443, 'epsilon': 28.724815703132847, 'gamma': 0.006895338054075942}. Best is trial 406 with value: 38.90494892453006.
trail number 1412
[I 2025-07-21 19:04:10,325] Trial 1412 finished with value: 39.075183013516934 and parameters: {'C': 819.6690272380176, 'epsilon': 29.981517548938662, 'gamma': 0.006132942493417791}. Best is trial 406 with value: 38.90494892453006.
trail number 1414
[I 2025-07-21 19:04:10,345] Trial 1414 finished with value: 45.74548524461541 and parameters: {'C': 1042.7347050261933, 'epsilon': 25.291180888369517, 'gamma': 0.07350808194115577}. Best is trial 406 with value: 38.90494892453006.
trail number 1411
[I 2025-07-21 19:04:10,352] Trial 1411 finished with value: 44.636558380226475 and parameters: {'C': 1026.8346777457423, 'epsilon': 27.250790909473487, 'gamma': 0.05748331076522635}. Best is trial 406 with value: 38.90494892453006.
trail number 1416
[I 2025-07-21 19:04:10,359] Trial 1416 finished with value: 39.324906584961944 and parameters: {'C': 700.7104764441661, 'epsilon': 26.376800652919705, 'gamma': 0.0039007891566479064}. Best is trial 406 with value: 38.90494892453006.
trail number 1415
[I 2025-07-21 19:04:10,372] Trial 1415 finished with value: 39.087038271912995 and parameters: {'C': 741.4501125373779, 'epsilon': 29.863768238241196, 'gamma': 0.0067731125840911075}. Best is trial 406 with value: 38.90494892453006.
trail number 1417
[I 2025-07-21 19:04:10,390] Trial 1417 finished with value: 39.3908603325241 and parameters: {'C': 738.6328603783282, 'epsilon': 27.785539422300488, 'gamma': 0.0034870693662534882}. Best is trial 406 with value: 38.90494892453006.
trail number 1419
[I 2025-07-21 19:04:10,402] Trial 1419 finished with value: 44.20896862479834 and parameters: {'C': 717.7381322181855, 'epsilon': 28.220547424056267, 'gamma': 0.06566686075377963}. Best is trial 406 with value: 38.90494892453006.
trail number 1421
