[I 2025-07-21 19:04:04,139] Trial 891 finished with value: 40.627233407150996 and parameters: {'C': 783.5908742865686, 'epsilon': 29.593353072463874, 'gamma': 0.0011504197428658033}. Best is trial 406 with value: 38.90494892453006.
trail number 890
[I 2025-07-21 19:04:04,148] Trial 890 finished with value: 44.87048119299327 and parameters: {'C': 806.6059778932474, 'epsilon': 28.979698563983654, 'gamma': 0.07215395929306621}. Best is trial 406 with value: 38.90494892453006.
trail number 893
[I 2025-07-21 19:04:04,160] Trial 893 finished with value: 39.81938458183258 and parameters: {'C': 852.9554896145744, 'epsilon': 29.579718191350487, 'gamma': 0.002177457015144763}. Best is trial 406 with value: 38.90494892453006.
trail number 892
[I 2025-07-21 19:04:04,160] Trial 892 finished with value: 39.15333184451062 and parameters: {'C': 732.3432201620727, 'epsilon': 23.872047307700075, 'gamma': 0.008130269929059547}. Best is trial 406 with value: 38.90494892453006.
trail number 894
[I 2025-07-21 19:04:04,181] Trial 894 finished with value: 45.95252999263057 and parameters: {'C': 714.9755356134463, 'epsilon': 18.30785475081343, 'gamma': 0.13813954125674516}. Best is trial 406 with value: 38.90494892453006.
trail number 895
[I 2025-07-21 19:04:04,187] Trial 895 finished with value: 39.15793271423685 and parameters: {'C': 774.3933066976323, 'epsilon': 24.143141938923332, 'gamma': 0.008101855746337025}. Best is trial 406 with value: 38.90494892453006.
trail number 897
[I 2025-07-21 19:04:04,194] Trial 897 finished with value: 39.92165641124437 and parameters: {'C': 896.1299265017713, 'epsilon': 26.29840410196036, 'gamma': 0.0019284698567316304}. Best is trial 406 with value: 38.90494892453006.
trail number 896
[I 2025-07-21 19:04:04,204] Trial 896 finished with value: 44.2136109800141 and parameters: {'C': 809.9107805755431, 'epsilon': 23.51833699625396, 'gamma': 0.06484934280861344}. Best is trial 406 with value: 38.90494892453006.
trail number 901
[I 2025-07-21 19:04:04,227] Trial 901 finished with value: 39.048316658495175 and parameters: {'C': 741.5933648964573, 'epsilon': 29.73530726445896, 'gamma': 0.006133103539839729}. Best is trial 406 with value: 38.90494892453006.
trail number 899
[I 2025-07-21 19:04:04,232] Trial 899 finished with value: 39.109782216042994 and parameters: {'C': 875.5216221748105, 'epsilon': 27.44822646773592, 'gamma': 0.004993253668596863}. Best is trial 406 with value: 38.90494892453006.
trail number 900
[I 2025-07-21 19:04:04,234] Trial 900 finished with value: 44.72319604157606 and parameters: {'C': 906.3380117623379, 'epsilon': 29.229250881221603, 'gamma': 0.0635594305494309}. Best is trial 406 with value: 38.90494892453006.
trail number 898
[I 2025-07-21 19:04:04,242] Trial 898 finished with value: 47.71256476391009 and parameters: {'C': 807.8901886694172, 'epsilon': 29.860680197142603, 'gamma': 0.18300144034451452}. Best is trial 406 with value: 38.90494892453006.
trail number 903
[I 2025-07-21 19:04:04,269] Trial 903 finished with value: 39.98647099797219 and parameters: {'C': 994.4866703925281, 'epsilon': 27.69670996495317, 'gamma': 0.0015480009380060954}. Best is trial 406 with value: 38.90494892453006.
trail number 902
[I 2025-07-21 19:04:04,278] Trial 902 finished with value: 48.37995835940304 and parameters: {'C': 818.6902871816276, 'epsilon': 25.593055519923062, 'gamma': 0.3076110567439077}. Best is trial 406 with value: 38.90494892453006.
trail number 905
[I 2025-07-21 19:04:04,288] Trial 905 finished with value: 44.43154013535785 and parameters: {'C': 956.058484241801, 'epsilon': 26.563940579505683, 'gamma': 0.058071835274268103}. Best is trial 406 with value: 38.90494892453006.
trail number 904
[I 2025-07-21 19:04:04,294] Trial 904 finished with value: 43.035874451483664 and parameters: {'C': 1057.9336118446488, 'epsilon': 28.18395318089613, 'gamma': 0.04223131012180909}. Best is trial 406 with value: 38.90494892453006.
trail number 906
[I 2025-07-21 19:04:04,303] Trial 906 finished with value: 39.10800676667924 and parameters: {'C': 703.4088219593826, 'epsilon': 25.54296845505838, 'gamma': 0.009247984114942358}. Best is trial 406 with value: 38.90494892453006.
trail number 907
[I 2025-07-21 19:04:04,311] Trial 907 finished with value: 39.38472825152322 and parameters: {'C': 724.1128994344535, 'epsilon': 25.68766651630959, 'gamma': 0.0040094170109855}. Best is trial 406 with value: 38.90494892453006.
trail number 910
[I 2025-07-21 19:04:04,330] Trial 910 finished with value: 39.21469089604443 and parameters: {'C': 712.2741529786118, 'epsilon': 28.30392741031741, 'gamma': 0.012162657310261985}. Best is trial 406 with value: 38.90494892453006.
trail number 909
[I 2025-07-21 19:04:04,341] Trial 909 finished with value: 45.860467890863845 and parameters: {'C': 890.3871156607512, 'epsilon': 26.55885830737017, 'gamma': 0.09680244536379803}. Best is trial 406 with value: 38.90494892453006.
trail number 908
[I 2025-07-21 19:04:04,343] Trial 908 finished with value: 45.383058580451745 and parameters: {'C': 986.8529817617692, 'epsilon': 29.542039995447823, 'gamma': 0.07060551609331912}. Best is trial 406 with value: 38.90494892453006.
trail number 911
[I 2025-07-21 19:04:04,351] Trial 911 finished with value: 44.296707373444534 and parameters: {'C': 810.8069497403899, 'epsilon': 28.06134720350355, 'gamma': 0.06204744194575418}. Best is trial 406 with value: 38.90494892453006.
trail number 912
[I 2025-07-21 19:04:04,373] Trial 912 finished with value: 46.99908800584486 and parameters: {'C': 897.3583542825836, 'epsilon': 26.142095034526978, 'gamma': 0.12258640212386507}. Best is trial 406 with value: 38.90494892453006.
trail number 914
[I 2025-07-21 19:04:04,378] Trial 914 finished with value: 41.03996242381009 and parameters: {'C': 710.4545195750665, 'epsilon': 27.321568100512685, 'gamma': 0.0007564446837630759}. Best is trial 406 with value: 38.90494892453006.
trail number 915
[I 2025-07-21 19:04:04,384] Trial 915 finished with value: 40.203244007303056 and parameters: {'C': 720.5456020325596, 'epsilon': 28.895963987093968, 'gamma': 0.0018815506468545786}. Best is trial 406 with value: 38.90494892453006.
trail number 913
[I 2025-07-21 19:04:04,394] Trial 913 finished with value: 45.78540510572644 and parameters: {'C': 723.373120871258, 'epsilon': 29.802986571747432, 'gamma': 0.11202677460591615}. Best is trial 406 with value: 38.90494892453006.
trail number 918
[I 2025-07-21 19:04:04,419] Trial 918 finished with value: 38.98282928271798 and parameters: {'C': 918.0213263891782, 'epsilon': 23.659783349207256, 'gamma': 0.014803190688687212}. Best is trial 406 with value: 38.90494892453006.
trail number 919
[I 2025-07-21 19:04:04,424] Trial 919 finished with value: 39.14397825677004 and parameters: {'C': 816.795013150258, 'epsilon': 23.166262024187052, 'gamma': 0.010524721529125189}. Best is trial 406 with value: 38.90494892453006.
trail number 917
trail number 916
[I 2025-07-21 19:04:04,424] Trial 917 finished with value: 40.92624451100662 and parameters: {'C': 849.6026438580349, 'epsilon': 22.733487416868527, 'gamma': 0.0005780657058392369}. Best is trial 406 with value: 38.90494892453006.
[I 2025-07-21 19:04:04,425] Trial 916 finished with value: 39.3784078735044 and parameters: {'C': 841.1660587000554, 'epsilon': 23.09146191691416, 'gamma': 0.004058378417381353}. Best is trial 406 with value: 38.90494892453006.
trail number 921
[I 2025-07-21 19:04:04,458] Trial 921 finished with value: 40.218959135764315 and parameters: {'C': 859.1642362798207, 'epsilon': 26.821122317418805, 'gamma': 0.0014260748106414527}. Best is trial 406 with value: 38.90494892453006.
trail number 920
[I 2025-07-21 19:04:04,475] Trial 920 finished with value: 44.805651003241266 and parameters: {'C': 863.4450318688444, 'epsilon': 24.303485724040023, 'gamma': 0.0700512531143847}. Best is trial 406 with value: 38.90494892453006.
trail number 923
[I 2025-07-21 19:04:04,476] Trial 923 finished with value: 46.63606418840912 and parameters: {'C': 810.0831990497319, 'epsilon': 23.801325567835782, 'gamma': 0.12872881369523467}. Best is trial 406 with value: 38.90494892453006.
trail number 922
[I 2025-07-21 19:04:04,484] Trial 922 finished with value: 44.81919341751277 and parameters: {'C': 929.643998191902, 'epsilon': 25.047640568128855, 'gamma': 0.06577863505872178}. Best is trial 406 with value: 38.90494892453006.
trail number 924
[I 2025-07-21 19:04:04,493] Trial 924 finished with value: 50.56339417113969 and parameters: {'C': 1178.624938118173, 'epsilon': 29.39024028099113, 'gamma': 0.3893666448689176}. Best is trial 406 with value: 38.90494892453006.
trail number 926
[I 2025-07-21 19:04:04,516] Trial 926 finished with value: 39.17117051122768 and parameters: {'C': 964.7355197616353, 'epsilon': 24.789356688689296, 'gamma': 0.0042595746605541916}. Best is trial 406 with value: 38.90494892453006.
trail number 927
[I 2025-07-21 19:04:04,522] Trial 927 finished with value: 50.651681921374504 and parameters: {'C': 1480.6237504002027, 'epsilon': 27.974951130669723, 'gamma': 0.4023228781705497}. Best is trial 406 with value: 38.90494892453006.
trail number 928
[I 2025-07-21 19:04:04,532] Trial 928 finished with value: 42.986547970026436 and parameters: {'C': 819.1355206658034, 'epsilon': 26.641027191532622, 'gamma': 0.04918951244212988}. Best is trial 406 with value: 38.90494892453006.
trail number 925
[I 2025-07-21 19:04:04,538] Trial 925 finished with value: 44.37056947007587 and parameters: {'C': 930.8780106830089, 'epsilon': 25.12952504039634, 'gamma': 0.0596574513665148}. Best is trial 406 with value: 38.90494892453006.
trail number 929
[I 2025-07-21 19:04:04,557] Trial 929 finished with value: 44.87622484073268 and parameters: {'C': 713.789364091755, 'epsilon': 29.661267314438522, 'gamma': 0.08100876796911745}. Best is trial 406 with value: 38.90494892453006.
trail number 932
[I 2025-07-21 19:04:04,562] Trial 932 finished with value: 43.362396467713985 and parameters: {'C': 817.841886708469, 'epsilon': 26.621964276555452, 'gamma': 0.0001968145229711473}. Best is trial 406 with value: 38.90494892453006.
trail number 930
[I 2025-07-21 19:04:04,564] Trial 930 finished with value: 42.132526236843326 and parameters: {'C': 899.7786320615918, 'epsilon': 25.68531002232131, 'gamma': 0.0414318894988886}. Best is trial 406 with value: 38.90494892453006.
trail number 931
[I 2025-07-21 19:04:04,586] Trial 931 finished with value: 45.125805107263204 and parameters: {'C': 866.4397046112422, 'epsilon': 26.200590736383823, 'gamma': 0.07262002313553974}. Best is trial 406 with value: 38.90494892453006.
trail number 933
[I 2025-07-21 19:04:04,595] Trial 933 finished with value: 40.06336965813831 and parameters: {'C': 816.3834212280749, 'epsilon': 26.55178698645154, 'gamma': 0.00177199654282424}. Best is trial 406 with value: 38.90494892453006.
trail number 934
[I 2025-07-21 19:04:04,612] Trial 934 finished with value: 44.81187968402408 and parameters: {'C': 797.6872680105738, 'epsilon': 26.010230770761446, 'gamma': 0.07221529079535294}. Best is trial 406 with value: 38.90494892453006.
trail number 935
[I 2025-07-21 19:04:04,617] Trial 935 finished with value: 44.91357868451682 and parameters: {'C': 794.5710676188955, 'epsilon': 20.844133155701424, 'gamma': 0.08466694441664382}. Best is trial 406 with value: 38.90494892453006.
trail number 936
[I 2025-07-21 19:04:04,622] Trial 936 finished with value: 39.35004748537909 and parameters: {'C': 1060.6258349246, 'epsilon': 29.44508311145142, 'gamma': 0.01047265107411572}. Best is trial 406 with value: 38.90494892453006.
trail number 937
[I 2025-07-21 19:04:04,627] Trial 937 finished with value: 40.7816181312078 and parameters: {'C': 713.8073976863403, 'epsilon': 29.339298996003457, 'gamma': 0.0009887643066374113}. Best is trial 406 with value: 38.90494892453006.
trail number 938
[I 2025-07-21 19:04:04,656] Trial 938 finished with value: 39.030224370210064 and parameters: {'C': 1096.3263288714631, 'epsilon': 28.547064793313815, 'gamma': 0.005854448541397576}. Best is trial 406 with value: 38.90494892453006.
trail number 940
[I 2025-07-21 19:04:04,668] Trial 940 finished with value: 43.697859544924654 and parameters: {'C': 862.511643404537, 'epsilon': 23.370153587407998, 'gamma': 0.05656222996211698}. Best is trial 406 with value: 38.90494892453006.
trail number 939
[I 2025-07-21 19:04:04,673] Trial 939 finished with value: 39.741983150233054 and parameters: {'C': 946.3255373291839, 'epsilon': 12.014593489620953, 'gamma': 0.013059146957969392}. Best is trial 406 with value: 38.90494892453006.
trail number 941
[I 2025-07-21 19:04:04,679] Trial 941 finished with value: 43.9557258727934 and parameters: {'C': 819.9198586567005, 'epsilon': 24.008362939146984, 'gamma': 0.060530064786517596}. Best is trial 406 with value: 38.90494892453006.
trail number 943
[I 2025-07-21 19:04:04,709] Trial 943 finished with value: 40.7764303637353 and parameters: {'C': 1045.727301991614, 'epsilon': 28.0526812370808, 'gamma': 0.029696183646156275}. Best is trial 406 with value: 38.90494892453006.
trail number 942
[I 2025-07-21 19:04:04,715] Trial 942 finished with value: 46.86922597043344 and parameters: {'C': 1072.4159849542834, 'epsilon': 25.515621097257412, 'gamma': 0.10686928953212485}. Best is trial 406 with value: 38.90494892453006.
trail number 945
[I 2025-07-21 19:04:04,723] Trial 945 finished with value: 42.761505083261156 and parameters: {'C': 1156.6382045004573, 'epsilon': 28.4385177391073, 'gamma': 0.03850462456711853}. Best is trial 406 with value: 38.90494892453006.
trail number 944
[I 2025-07-21 19:04:04,734] Trial 944 finished with value: 42.94532839469575 and parameters: {'C': 1077.0293525694076, 'epsilon': 27.67217550715948, 'gamma': 0.04157716237102067}. Best is trial 406 with value: 38.90494892453006.
trail number 947
[I 2025-07-21 19:04:04,754] Trial 947 finished with value: 40.52802022917806 and parameters: {'C': 1252.377165599431, 'epsilon': 26.511474730983267, 'gamma': 0.000598620958910198}. Best is trial 406 with value: 38.90494892453006.
trail number 946
[I 2025-07-21 19:04:04,760] Trial 946 finished with value: 39.41584406530713 and parameters: {'C': 1036.1062399954646, 'epsilon': 28.68555928310804, 'gamma': 0.01473216745396029}. Best is trial 406 with value: 38.90494892453006.
trail number 948
[I 2025-07-21 19:04:04,768] Trial 948 finished with value: 46.07514886946147 and parameters: {'C': 1203.9560481823842, 'epsilon': 26.615558220986376, 'gamma': 0.06847767921617873}. Best is trial 406 with value: 38.90494892453006.
trail number 949
[I 2025-07-21 19:04:04,778] Trial 949 finished with value: 39.48448830297848 and parameters: {'C': 1128.70729033644, 'epsilon': 29.602681671879274, 'gamma': 0.014472449500746165}. Best is trial 406 with value: 38.90494892453006.
trail number 952
[I 2025-07-21 19:04:04,798] Trial 952 finished with value: 39.18901942986531 and parameters: {'C': 1011.157408800136, 'epsilon': 24.996046359038587, 'gamma': 0.0063741118601014675}. Best is trial 406 with value: 38.90494892453006.
trail number 951
[I 2025-07-21 19:04:04,809] Trial 951 finished with value: 44.32816981616128 and parameters: {'C': 1108.5003937833537, 'epsilon': 26.137197598120128, 'gamma': 0.053137965210491016}. Best is trial 406 with value: 38.90494892453006.
trail number 950
[I 2025-07-21 19:04:04,824] Trial 950 finished with value: 44.47456499504735 and parameters: {'C': 1140.8670448879714, 'epsilon': 28.99073935357799, 'gamma': 0.05185027043723832}. Best is trial 406 with value: 38.90494892453006.
trail number 953
[I 2025-07-21 19:04:04,835] Trial 953 finished with value: 43.987376881734704 and parameters: {'C': 1055.0329466564083, 'epsilon': 29.728121057187877, 'gamma': 0.049518146126216356}. Best is trial 406 with value: 38.90494892453006.
trail number 954
[I 2025-07-21 19:04:04,848] Trial 954 finished with value: 42.15876055830368 and parameters: {'C': 1061.1796472963654, 'epsilon': 26.14186161964281, 'gamma': 0.03804554433759965}. Best is trial 406 with value: 38.90494892453006.
trail number 955
[I 2025-07-21 19:04:04,854] Trial 955 finished with value: 40.580178204566096 and parameters: {'C': 1135.7993745280946, 'epsilon': 26.649239343111986, 'gamma': 0.027294850511923922}. Best is trial 406 with value: 38.90494892453006.
trail number 957
[I 2025-07-21 19:04:04,872] Trial 957 finished with value: 40.070857164487386 and parameters: {'C': 987.8887376329498, 'epsilon': 26.148021921888656, 'gamma': 0.0015227626441779015}. Best is trial 406 with value: 38.90494892453006.
trail number 956
[I 2025-07-21 19:04:04,878] Trial 956 finished with value: 43.30611013993455 and parameters: {'C': 1014.9994135994522, 'epsilon': 26.126805692293757, 'gamma': 0.046577221433170696}. Best is trial 406 with value: 38.90494892453006.
trail number 958
[I 2025-07-21 19:04:04,884] Trial 958 finished with value: 40.21548320910324 and parameters: {'C': 1182.0658498119283, 'epsilon': 26.676480634253465, 'gamma': 0.0010812326393024301}. Best is trial 406 with value: 38.90494892453006.
trail number 959
[I 2025-07-21 19:04:04,895] Trial 959 finished with value: 45.10657775831827 and parameters: {'C': 875.323382798231, 'epsilon': 28.90321218603833, 'gamma': 0.07283618896382439}. Best is trial 406 with value: 38.90494892453006.
trail number 962
[I 2025-07-21 19:04:04,923] Trial 962 finished with value: 45.454267068442746 and parameters: {'C': 947.845736942763, 'epsilon': 26.477973631295807, 'gamma': 0.07283984242216851}. Best is trial 406 with value: 38.90494892453006.
trail number 963
[I 2025-07-21 19:04:04,928] Trial 963 finished with value: 43.07634468236644 and parameters: {'C': 960.7943575369054, 'epsilon': 29.585843066652565, 'gamma': 0.04419160748563358}. Best is trial 406 with value: 38.90494892453006.
trail number 960
[I 2025-07-21 19:04:04,943] Trial 960 finished with value: 45.074872307320184 and parameters: {'C': 969.7444719274237, 'epsilon': 29.409818325872163, 'gamma': 0.0658421915418046}. Best is trial 406 with value: 38.90494892453006.
trail number 961
[I 2025-07-21 19:04:04,949] Trial 961 finished with value: 44.43785849310329 and parameters: {'C': 919.2673416955082, 'epsilon': 28.142932854921327, 'gamma': 0.05935175738287015}. Best is trial 406 with value: 38.90494892453006.
trail number 965
[I 2025-07-21 19:04:04,966] Trial 965 finished with value: 44.159777206574944 and parameters: {'C': 939.6249237308446, 'epsilon': 23.733948648325452, 'gamma': 0.059169770522291956}. Best is trial 406 with value: 38.90494892453006.
trail number 964
[I 2025-07-21 19:04:04,972] Trial 964 finished with value: 41.7017552570939 and parameters: {'C': 906.5792644791696, 'epsilon': 22.29100922902584, 'gamma': 0.04054611039429411}. Best is trial 406 with value: 38.90494892453006.
trail number 967
[I 2025-07-21 19:04:04,977] Trial 967 finished with value: 40.79867263857981 and parameters: {'C': 956.2804359794527, 'epsilon': 22.85603759523398, 'gamma': 0.0006621461567951452}. Best is trial 406 with value: 38.90494892453006.
trail number 966
[I 2025-07-21 19:04:04,983] Trial 966 finished with value: 39.17122558971052 and parameters: {'C': 969.5687982589606, 'epsilon': 29.440764024822624, 'gamma': 0.004590768472587894}. Best is trial 406 with value: 38.90494892453006.
trail number 971
[I 2025-07-21 19:04:05,011] Trial 971 finished with value: 39.16576089863851 and parameters: {'C': 1068.1972110011866, 'epsilon': 27.302772341465385, 'gamma': 0.0074074500204810954}. Best is trial 406 with value: 38.90494892453006.
trail number 970
[I 2025-07-21 19:04:05,029] Trial 970 finished with value: 45.199799778351576 and parameters: {'C': 1059.979871001539, 'epsilon': 24.965674738925504, 'gamma': 0.06486621507309971}. Best is trial 406 with value: 38.90494892453006.
trail number 968
[I 2025-07-21 19:04:05,034] Trial 968 finished with value: 43.28966425741257 and parameters: {'C': 949.8045042406203, 'epsilon': 21.7870256103357, 'gamma': 0.051557280616974184}. Best is trial 406 with value: 38.90494892453006.
trail number 969
[I 2025-07-21 19:04:05,036] Trial 969 finished with value: 42.669947028436816 and parameters: {'C': 1394.6406564760618, 'epsilon': 19.933834376847976, 'gamma': 0.04006874257373369}. Best is trial 406 with value: 38.90494892453006.
trail number 972
[I 2025-07-21 19:04:05,044] Trial 972 finished with value: 39.44984904193128 and parameters: {'C': 918.062154292392, 'epsilon': 23.246629056323076, 'gamma': 0.0035466998574585004}. Best is trial 406 with value: 38.90494892453006.
trail number 975
[I 2025-07-21 19:04:05,078] Trial 975 finished with value: 39.740559077817736 and parameters: {'C': 879.2057606144764, 'epsilon': 28.867962344664374, 'gamma': 0.002061347328072578}. Best is trial 406 with value: 38.90494892453006.
trail number 973
[I 2025-07-21 19:04:05,086] Trial 973 finished with value: 39.04822666232384 and parameters: {'C': 780.4011248043232, 'epsilon': 19.082890856436567, 'gamma': 0.017150434372682294}. Best is trial 406 with value: 38.90494892453006.
trail number 976
[I 2025-07-21 19:04:05,091] Trial 976 finished with value: 45.50727217747502 and parameters: {'C': 945.0957454352139, 'epsilon': 25.386430070231917, 'gamma': 0.075591406275216}. Best is trial 406 with value: 38.90494892453006.
trail number 974
[I 2025-07-21 19:04:05,096] Trial 974 finished with value: 47.79048312573027 and parameters: {'C': 990.2149550875631, 'epsilon': 25.805971135940727, 'gamma': 0.12993376855904742}. Best is trial 406 with value: 38.90494892453006.
trail number 980
[I 2025-07-21 19:04:05,120] Trial 980 finished with value: 41.0236942885825 and parameters: {'C': 924.9624700721547, 'epsilon': 28.18848168536135, 'gamma': 0.0006539579020871603}. Best is trial 406 with value: 38.90494892453006.
trail number 977
[I 2025-07-21 19:04:05,134] Trial 977 finished with value: 39.32428745361366 and parameters: {'C': 963.3920109953157, 'epsilon': 26.648145244044763, 'gamma': 0.0032582489640765808}. Best is trial 406 with value: 38.90494892453006.
trail number 979
