[I 2025-07-21 19:04:17,233] Trial 1948 finished with value: 43.84860754188717 and parameters: {'C': 700.1177612290055, 'epsilon': 27.516399284971182, 'gamma': 0.06087545745588281}. Best is trial 406 with value: 38.90494892453006.
trail number 1949
[I 2025-07-21 19:04:17,247] Trial 1949 finished with value: 44.75192870197735 and parameters: {'C': 882.7403337588647, 'epsilon': 27.502027640667777, 'gamma': 0.06554011002328265}. Best is trial 406 with value: 38.90494892453006.
trail number 1946
[I 2025-07-21 19:04:17,254] Trial 1946 finished with value: 44.042606027187816 and parameters: {'C': 777.0259125035118, 'epsilon': 23.52706996244084, 'gamma': 0.0642156826413684}. Best is trial 406 with value: 38.90494892453006.
trail number 1950
[I 2025-07-21 19:04:17,260] Trial 1950 finished with value: 39.06869255134219 and parameters: {'C': 709.3085583454173, 'epsilon': 26.711317698820572, 'gamma': 0.006700773817700838}. Best is trial 406 with value: 38.90494892453006.
trail number 1951
[I 2025-07-21 19:04:17,278] Trial 1951 finished with value: 42.82079887630495 and parameters: {'C': 865.653602300226, 'epsilon': 25.068550451973113, 'gamma': 0.00020505805680209876}. Best is trial 406 with value: 38.90494892453006.
trail number 1952
[I 2025-07-21 19:04:17,295] Trial 1952 finished with value: 42.2101213495683 and parameters: {'C': 986.110054790831, 'epsilon': 25.88571873409996, 'gamma': 0.00022009083922862327}. Best is trial 406 with value: 38.90494892453006.
trail number 1954
[I 2025-07-21 19:04:17,302] Trial 1954 finished with value: 40.06827570998955 and parameters: {'C': 813.4541348657074, 'epsilon': 27.674417070884157, 'gamma': 0.0016690229408825464}. Best is trial 406 with value: 38.90494892453006.
trail number 1953
[I 2025-07-21 19:04:17,310] Trial 1953 finished with value: 40.971625887716364 and parameters: {'C': 799.2317417781244, 'epsilon': 26.89490906922138, 'gamma': 0.0007019820659072921}. Best is trial 406 with value: 38.90494892453006.
trail number 1956
[I 2025-07-21 19:04:17,338] Trial 1956 finished with value: 39.49739949710058 and parameters: {'C': 802.1301514940207, 'epsilon': 27.587162927249203, 'gamma': 0.0028354908999256127}. Best is trial 406 with value: 38.90494892453006.
trail number 1958
[I 2025-07-21 19:04:17,353] Trial 1958 finished with value: 39.64099870536265 and parameters: {'C': 706.8083925692798, 'epsilon': 21.79945564586565, 'gamma': 0.0026137281031700967}. Best is trial 406 with value: 38.90494892453006.
trail number 1955
[I 2025-07-21 19:04:17,353] Trial 1955 finished with value: 44.198579560707586 and parameters: {'C': 796.4282164179159, 'epsilon': 24.814499109872337, 'gamma': 0.06350085901326834}. Best is trial 406 with value: 38.90494892453006.
trail number 1957
[I 2025-07-21 19:04:17,366] Trial 1957 finished with value: 46.739180177915074 and parameters: {'C': 713.3458936924823, 'epsilon': 23.312580137799067, 'gamma': 0.14250687452888217}. Best is trial 406 with value: 38.90494892453006.
trail number 1959
[I 2025-07-21 19:04:17,379] Trial 1959 finished with value: 39.132635658711465 and parameters: {'C': 704.7854674044805, 'epsilon': 29.785133790288228, 'gamma': 0.009568527494533558}. Best is trial 406 with value: 38.90494892453006.
trail number 1962
[I 2025-07-21 19:04:17,415] Trial 1962 finished with value: 43.67494626133549 and parameters: {'C': 887.0242681686806, 'epsilon': 22.186201490513955, 'gamma': 0.05671740931974782}. Best is trial 406 with value: 38.90494892453006.
trail number 1961
[I 2025-07-21 19:04:17,423] Trial 1961 finished with value: 41.80117471687027 and parameters: {'C': 794.7070564571917, 'epsilon': 29.883531786197388, 'gamma': 0.03888715861069238}. Best is trial 406 with value: 38.90494892453006.
trail number 1960
[I 2025-07-21 19:04:17,432] Trial 1960 finished with value: 44.443714209465625 and parameters: {'C': 905.9247808842972, 'epsilon': 25.2687007842408, 'gamma': 0.061359146908781304}. Best is trial 406 with value: 38.90494892453006.
trail number 1963
[I 2025-07-21 19:04:17,439] Trial 1963 finished with value: 46.68389551356669 and parameters: {'C': 1040.4714079485059, 'epsilon': 26.83117209415428, 'gamma': 0.10525409407101477}. Best is trial 406 with value: 38.90494892453006.
trail number 1965
[I 2025-07-21 19:04:17,473] Trial 1965 finished with value: 43.97687203819865 and parameters: {'C': 898.7851068885125, 'epsilon': 28.1294453665804, 'gamma': 0.05450020766261117}. Best is trial 406 with value: 38.90494892453006.
trail number 1967
[I 2025-07-21 19:04:17,480] Trial 1967 finished with value: 44.27832608505676 and parameters: {'C': 941.2390612210417, 'epsilon': 28.0094911197653, 'gamma': 0.05636010102276577}. Best is trial 406 with value: 38.90494892453006.
trail number 1964
[I 2025-07-21 19:04:17,480] Trial 1964 finished with value: 44.218540891020965 and parameters: {'C': 874.4484500419109, 'epsilon': 16.51221398913425, 'gamma': 0.06996677503381969}. Best is trial 406 with value: 38.90494892453006.
trail number 1966
[I 2025-07-21 19:04:17,494] Trial 1966 finished with value: 46.49092507874907 and parameters: {'C': 1029.0360665180087, 'epsilon': 23.854951354720264, 'gamma': 0.10354675051871715}. Best is trial 406 with value: 38.90494892453006.
trail number 1971
[I 2025-07-21 19:04:17,525] Trial 1971 finished with value: 39.39322010775953 and parameters: {'C': 915.3060373145136, 'epsilon': 26.038171491509054, 'gamma': 0.0029543507117813315}. Best is trial 406 with value: 38.90494892453006.
trail number 1969
[I 2025-07-21 19:04:17,537] Trial 1969 finished with value: 42.55625616978851 and parameters: {'C': 700.2472183952217, 'epsilon': 25.31742349763156, 'gamma': 0.05082941989814144}. Best is trial 406 with value: 38.90494892453006.
trail number 1970
[I 2025-07-21 19:04:17,545] Trial 1970 finished with value: 43.929081306196125 and parameters: {'C': 797.9594259960388, 'epsilon': 29.99319318647242, 'gamma': 0.05693008701804063}. Best is trial 406 with value: 38.90494892453006.
trail number 1968
[I 2025-07-21 19:04:17,553] Trial 1968 finished with value: 44.16833468474526 and parameters: {'C': 941.605487533112, 'epsilon': 22.427394107364975, 'gamma': 0.061024295313580695}. Best is trial 406 with value: 38.90494892453006.
trail number 1972
[I 2025-07-21 19:04:17,570] Trial 1972 finished with value: 47.345804048283824 and parameters: {'C': 841.6535939466639, 'epsilon': 26.848549324475293, 'gamma': 0.13244206211840812}. Best is trial 406 with value: 38.90494892453006.
trail number 1976
[I 2025-07-21 19:04:17,599] Trial 1976 finished with value: 40.253051834929934 and parameters: {'C': 717.4186744744082, 'epsilon': 26.75352850604575, 'gamma': 0.0013207114504993362}. Best is trial 406 with value: 38.90494892453006.
trail number 1973
[I 2025-07-21 19:04:17,608] Trial 1973 finished with value: 47.8658493038986 and parameters: {'C': 1353.8808508512948, 'epsilon': 16.991289093207225, 'gamma': 0.2770661541546571}. Best is trial 406 with value: 38.90494892453006.
trail number 1974
[I 2025-07-21 19:04:17,612] Trial 1974 finished with value: 46.216703743828305 and parameters: {'C': 803.4551233475194, 'epsilon': 27.507485995037527, 'gamma': 0.1157567334058369}. Best is trial 406 with value: 38.90494892453006.
trail number 1975
[I 2025-07-21 19:04:17,613] Trial 1975 finished with value: 45.75017860077533 and parameters: {'C': 793.7591653765892, 'epsilon': 24.005493368094776, 'gamma': 0.11104261317937411}. Best is trial 406 with value: 38.90494892453006.
trail number 1977
[I 2025-07-21 19:04:17,660] Trial 1977 finished with value: 44.281423448378746 and parameters: {'C': 777.1245606396838, 'epsilon': 26.967968192498816, 'gamma': 0.06319824925206774}. Best is trial 406 with value: 38.90494892453006.
trail number 1980
[I 2025-07-21 19:04:17,673] Trial 1980 finished with value: 45.77132941659622 and parameters: {'C': 995.1022415004354, 'epsilon': 26.240528208116324, 'gamma': 0.07775080379654388}. Best is trial 406 with value: 38.90494892453006.
trail number 1978
[I 2025-07-21 19:04:17,678] Trial 1978 finished with value: 44.62485601104578 and parameters: {'C': 1068.1012487667997, 'epsilon': 23.956914503953833, 'gamma': 0.05910398675562985}. Best is trial 406 with value: 38.90494892453006.
trail number 1979
[I 2025-07-21 19:04:17,687] Trial 1979 finished with value: 44.57883170570235 and parameters: {'C': 938.9091856599292, 'epsilon': 20.2669960372642, 'gamma': 0.06877302565744002}. Best is trial 406 with value: 38.90494892453006.
trail number 1981
[I 2025-07-21 19:04:17,701] Trial 1981 finished with value: 41.07020490294136 and parameters: {'C': 1054.8908169393242, 'epsilon': 21.904823638639186, 'gamma': 0.00035740480781580423}. Best is trial 406 with value: 38.90494892453006.
trail number 1983
[I 2025-07-21 19:04:17,727] Trial 1983 finished with value: 39.15046604690903 and parameters: {'C': 943.7963336611269, 'epsilon': 24.59607770695062, 'gamma': 0.005781962284016161}. Best is trial 406 with value: 38.90494892453006.
trail number 1985
[I 2025-07-21 19:04:17,738] Trial 1985 finished with value: 39.22755489963354 and parameters: {'C': 891.947352448978, 'epsilon': 23.884536941924015, 'gamma': 0.006182954629128497}. Best is trial 406 with value: 38.90494892453006.
trail number 1984
[I 2025-07-21 19:04:17,745] Trial 1984 finished with value: 43.78987526595991 and parameters: {'C': 788.6700933449329, 'epsilon': 24.061050730845185, 'gamma': 0.05944929259305666}. Best is trial 406 with value: 38.90494892453006.
trail number 1982
[I 2025-07-21 19:04:17,745] Trial 1982 finished with value: 44.360446818789114 and parameters: {'C': 700.6599609173627, 'epsilon': 24.39335441267748, 'gamma': 0.07224593440196035}. Best is trial 406 with value: 38.90494892453006.
trail number 1986
[I 2025-07-21 19:04:17,770] Trial 1986 finished with value: 39.411668203161206 and parameters: {'C': 792.7832762226388, 'epsilon': 24.954003162947217, 'gamma': 0.0038963479650928143}. Best is trial 406 with value: 38.90494892453006.
trail number 1989
[I 2025-07-21 19:04:17,787] Trial 1989 finished with value: 39.80844370110784 and parameters: {'C': 962.495324194458, 'epsilon': 23.383447396757536, 'gamma': 0.001572269002474416}. Best is trial 406 with value: 38.90494892453006.
trail number 1987
[I 2025-07-21 19:04:17,794] Trial 1987 finished with value: 39.939474034047265 and parameters: {'C': 925.302077610146, 'epsilon': 29.123401854915084, 'gamma': 0.001837140581095683}. Best is trial 406 with value: 38.90494892453006.
trail number 1988
[I 2025-07-21 19:04:17,808] Trial 1988 finished with value: 44.18986164085917 and parameters: {'C': 931.5531792265677, 'epsilon': 29.81587402269377, 'gamma': 0.05524698292345316}. Best is trial 406 with value: 38.90494892453006.
trail number 1990
[I 2025-07-21 19:04:17,822] Trial 1990 finished with value: 43.29187876492328 and parameters: {'C': 975.635834967902, 'epsilon': 24.679194477446682, 'gamma': 0.04885828821736528}. Best is trial 406 with value: 38.90494892453006.
trail number 1992
[I 2025-07-21 19:04:17,831] Trial 1992 finished with value: 39.54431059820151 and parameters: {'C': 869.1844866924093, 'epsilon': 29.71571528076055, 'gamma': 0.002922315342050525}. Best is trial 406 with value: 38.90494892453006.
trail number 1991
[I 2025-07-21 19:04:17,838] Trial 1991 finished with value: 39.114735998162004 and parameters: {'C': 791.2627881595206, 'epsilon': 24.238247533339916, 'gamma': 0.005188588738973887}. Best is trial 406 with value: 38.90494892453006.
trail number 1993
[I 2025-07-21 19:04:17,851] Trial 1993 finished with value: 39.4998324899121 and parameters: {'C': 800.8860073897304, 'epsilon': 23.91902102721104, 'gamma': 0.00348593101541945}. Best is trial 406 with value: 38.90494892453006.
trail number 1995
[I 2025-07-21 19:04:17,869] Trial 1995 finished with value: 41.54734749474064 and parameters: {'C': 720.5916286087831, 'epsilon': 26.74545103603724, 'gamma': 0.00043562393147960135}. Best is trial 406 with value: 38.90494892453006.
trail number 1996
[I 2025-07-21 19:04:17,881] Trial 1996 finished with value: 39.0936799671646 and parameters: {'C': 774.5486620922829, 'epsilon': 29.92073712195073, 'gamma': 0.005661268223301853}. Best is trial 406 with value: 38.90494892453006.
trail number 1994
[I 2025-07-21 19:04:17,888] Trial 1994 finished with value: 45.138902485227945 and parameters: {'C': 807.2245683530589, 'epsilon': 27.492204150455382, 'gamma': 0.07742530651265933}. Best is trial 406 with value: 38.90494892453006.
trail number 1997
[I 2025-07-21 19:04:17,900] Trial 1997 finished with value: 48.357337133261936 and parameters: {'C': 902.6623994127391, 'epsilon': 12.756484475606918, 'gamma': 0.3471331884060995}. Best is trial 406 with value: 38.90494892453006.
trail number 1999
[I 2025-07-21 19:04:17,920] Trial 1999 finished with value: 40.20905278214661 and parameters: {'C': 874.689695013158, 'epsilon': 27.10447947156778, 'gamma': 0.0013760654191553087}. Best is trial 406 with value: 38.90494892453006.
trail number 1998
[I 2025-07-21 19:04:17,933] Trial 1998 finished with value: 44.923169660177095 and parameters: {'C': 1035.2625652624683, 'epsilon': 27.14050981551525, 'gamma': 0.06077676832490224}. Best is trial 406 with value: 38.90494892453006.
trail number 2001
[I 2025-07-21 19:04:17,940] Trial 2001 finished with value: 52.11759246660923 and parameters: {'C': 1495.0590290321265, 'epsilon': 24.762535151678335, 'gamma': 0.4964097338525879}. Best is trial 406 with value: 38.90494892453006.
trail number 2000
[I 2025-07-21 19:04:17,940] Trial 2000 finished with value: 42.47636814013479 and parameters: {'C': 870.506695368807, 'epsilon': 25.448111272332017, 'gamma': 0.04442027015319629}. Best is trial 406 with value: 38.90494892453006.
trail number 2002
[I 2025-07-21 19:04:17,968] Trial 2002 finished with value: 44.55774916677359 and parameters: {'C': 716.5316975916268, 'epsilon': 29.9532603612897, 'gamma': 0.07230963766877856}. Best is trial 406 with value: 38.90494892453006.
trail number 2004
[I 2025-07-21 19:04:17,989] Trial 2004 finished with value: 44.87920823818786 and parameters: {'C': 761.8770545013923, 'epsilon': 29.983359256173163, 'gamma': 0.07736355487058097}. Best is trial 406 with value: 38.90494892453006.
trail number 2005
[I 2025-07-21 19:04:18,005] Trial 2005 finished with value: 44.08994723875749 and parameters: {'C': 892.208666490471, 'epsilon': 27.200327993815446, 'gamma': 0.05635580477979299}. Best is trial 406 with value: 38.90494892453006.
trail number 2003
[I 2025-07-21 19:04:18,012] Trial 2003 finished with value: 44.54546264854915 and parameters: {'C': 829.2578691527887, 'epsilon': 25.3640910852307, 'gamma': 0.0663459762778303}. Best is trial 406 with value: 38.90494892453006.
trail number 2006
[I 2025-07-21 19:04:18,020] Trial 2006 finished with value: 44.66558305759522 and parameters: {'C': 879.0339255537057, 'epsilon': 26.07287542617004, 'gamma': 0.06500500046081016}. Best is trial 406 with value: 38.90494892453006.
trail number 2007
[I 2025-07-21 19:04:18,038] Trial 2007 finished with value: 46.31870183534237 and parameters: {'C': 894.6795448178588, 'epsilon': 23.680405562687294, 'gamma': 0.11394142200624904}. Best is trial 406 with value: 38.90494892453006.
trail number 2010
[I 2025-07-21 19:04:18,069] Trial 2010 finished with value: 44.89616928509257 and parameters: {'C': 896.8102203506585, 'epsilon': 20.89371430926603, 'gamma': 0.07656441101879925}. Best is trial 406 with value: 38.90494892453006.
trail number 2008
[I 2025-07-21 19:04:18,083] Trial 2008 finished with value: 45.87723774945542 and parameters: {'C': 910.0752270232787, 'epsilon': 25.295033081732782, 'gamma': 0.09662836544618772}. Best is trial 406 with value: 38.90494892453006.
trail number 2009
[I 2025-07-21 19:04:18,090] Trial 2009 finished with value: 44.65231974286863 and parameters: {'C': 1007.451847102865, 'epsilon': 25.952035437074265, 'gamma': 0.059391202624423545}. Best is trial 406 with value: 38.90494892453006.
trail number 2011
[I 2025-07-21 19:04:18,090] Trial 2011 finished with value: 48.87720445250774 and parameters: {'C': 1143.1562601231913, 'epsilon': 14.181410693696787, 'gamma': 0.1879239053104345}. Best is trial 406 with value: 38.90494892453006.
trail number 2014
[I 2025-07-21 19:04:18,123] Trial 2014 finished with value: 43.53223044515678 and parameters: {'C': 700.3157320167807, 'epsilon': 26.289457501351954, 'gamma': 0.0002074179915064235}. Best is trial 406 with value: 38.90494892453006.
trail number 2012
[I 2025-07-21 19:04:18,130] Trial 2012 finished with value: 46.77795102710256 and parameters: {'C': 788.9531403233806, 'epsilon': 24.827088649008253, 'gamma': 0.1314173787782084}. Best is trial 406 with value: 38.90494892453006.
trail number 2013
[I 2025-07-21 19:04:18,146] Trial 2013 finished with value: 39.52244498245526 and parameters: {'C': 988.7013930294407, 'epsilon': 24.014619339256555, 'gamma': 0.0026727963702745418}. Best is trial 406 with value: 38.90494892453006.
trail number 2015
[I 2025-07-21 19:04:18,164] Trial 2015 finished with value: 42.362711210409934 and parameters: {'C': 873.7341351421726, 'epsilon': 21.763706569102883, 'gamma': 0.046602616049207714}. Best is trial 406 with value: 38.90494892453006.
trail number 2017
[I 2025-07-21 19:04:18,182] Trial 2017 finished with value: 43.37030395344261 and parameters: {'C': 809.2745777448588, 'epsilon': 27.492843154628485, 'gamma': 0.05173665876198911}. Best is trial 406 with value: 38.90494892453006.
trail number 2018
[I 2025-07-21 19:04:18,189] Trial 2018 finished with value: 40.07641923858404 and parameters: {'C': 828.3269254061123, 'epsilon': 25.574096189882745, 'gamma': 0.0014555496444754335}. Best is trial 406 with value: 38.90494892453006.
trail number 2016
[I 2025-07-21 19:04:18,190] Trial 2016 finished with value: 46.40910765712739 and parameters: {'C': 800.4168791166027, 'epsilon': 24.925655963147115, 'gamma': 0.12393028871517422}. Best is trial 406 with value: 38.90494892453006.
trail number 2019
[I 2025-07-21 19:04:18,211] Trial 2019 finished with value: 39.15940554420418 and parameters: {'C': 982.7314513820222, 'epsilon': 28.52527534023069, 'gamma': 0.004246612581232797}. Best is trial 406 with value: 38.90494892453006.
trail number 2023
[I 2025-07-21 19:04:18,238] Trial 2023 finished with value: 39.35177992283248 and parameters: {'C': 981.9019702071158, 'epsilon': 20.888283800950312, 'gamma': 0.006818907176462737}. Best is trial 406 with value: 38.90494892453006.
trail number 2020
[I 2025-07-21 19:04:18,252] Trial 2020 finished with value: 43.68509134544189 and parameters: {'C': 1009.029177313481, 'epsilon': 21.79989855249926, 'gamma': 0.05382907578078161}. Best is trial 406 with value: 38.90494892453006.
trail number 2022
[I 2025-07-21 19:04:18,258] Trial 2022 finished with value: 42.07683777569705 and parameters: {'C': 970.0175779274829, 'epsilon': 21.00919373605135, 'gamma': 0.042601543382919355}. Best is trial 406 with value: 38.90494892453006.
trail number 2021
[I 2025-07-21 19:04:18,266] Trial 2021 finished with value: 46.30137885894872 and parameters: {'C': 969.7792706897551, 'epsilon': 22.677207051805883, 'gamma': 0.10616257908434391}. Best is trial 406 with value: 38.90494892453006.
trail number 2024
[I 2025-07-21 19:04:18,289] Trial 2024 finished with value: 42.4369765249392 and parameters: {'C': 923.2499919419977, 'epsilon': 23.277796774723008, 'gamma': 0.04511206784697129}. Best is trial 406 with value: 38.90494892453006.
trail number 2027
[I 2025-07-21 19:04:18,298] Trial 2027 finished with value: 40.5045517035889 and parameters: {'C': 1049.5395894998385, 'epsilon': 25.9743665592715, 'gamma': 0.0007109069948014399}. Best is trial 406 with value: 38.90494892453006.
trail number 2026
[I 2025-07-21 19:04:18,316] Trial 2026 finished with value: 44.34401905277082 and parameters: {'C': 798.7425854605738, 'epsilon': 21.29266860235532, 'gamma': 0.07124722571597135}. Best is trial 406 with value: 38.90494892453006.
trail number 2025
[I 2025-07-21 19:04:18,324] Trial 2025 finished with value: 46.10797878245588 and parameters: {'C': 1096.3483881136851, 'epsilon': 24.668899648614186, 'gamma': 0.07964031443891452}. Best is trial 406 with value: 38.90494892453006.
trail number 2029
[I 2025-07-21 19:04:18,343] Trial 2029 finished with value: 43.86783670519965 and parameters: {'C': 813.1520009226124, 'epsilon': 22.255735411244242, 'gamma': 0.06195165392044622}. Best is trial 406 with value: 38.90494892453006.
trail number 2028
[I 2025-07-21 19:04:18,350] Trial 2028 finished with value: 44.17444007987457 and parameters: {'C': 1143.146997072889, 'epsilon': 23.520226317591376, 'gamma': 0.053947037652307794}. Best is trial 406 with value: 38.90494892453006.
trail number 2031
[I 2025-07-21 19:04:18,359] Trial 2031 finished with value: 42.13161752045877 and parameters: {'C': 700.2235042082922, 'epsilon': 23.795493148196297, 'gamma': 0.00034269393532422934}. Best is trial 406 with value: 38.90494892453006.
trail number 2030
[I 2025-07-21 19:04:18,366] Trial 2030 finished with value: 39.23435373045766 and parameters: {'C': 704.2061219619038, 'epsilon': 24.249227994171452, 'gamma': 0.004908356506684206}. Best is trial 406 with value: 38.90494892453006.
trail number 2033
[I 2025-07-21 19:04:18,392] Trial 2033 finished with value: 40.18003084552122 and parameters: {'C': 791.4814807456717, 'epsilon': 26.139248879217313, 'gamma': 0.0014202379970941785}. Best is trial 406 with value: 38.90494892453006.
trail number 2032
[I 2025-07-21 19:04:18,404] Trial 2032 finished with value: 49.84861340261601 and parameters: {'C': 1190.4047970137374, 'epsilon': 14.178192517929823, 'gamma': 0.45673624594565887}. Best is trial 406 with value: 38.90494892453006.
trail number 2034
[I 2025-07-21 19:04:18,417] Trial 2034 finished with value: 43.50724351570769 and parameters: {'C': 978.3515002074346, 'epsilon': 25.018334484046118, 'gamma': 0.05044930040582313}. Best is trial 406 with value: 38.90494892453006.
trail number 2035
