[I 2025-07-21 19:04:02,061] Trial 713 finished with value: 39.24938490997306 and parameters: {'C': 802.918250455318, 'epsilon': 26.98850388163585, 'gamma': 0.003985986268282211}. Best is trial 406 with value: 38.90494892453006.
trail number 709
[I 2025-07-21 19:04:02,068] Trial 709 finished with value: 45.65270376253673 and parameters: {'C': 1129.9604748728598, 'epsilon': 21.25014302828012, 'gamma': 0.07400547395787292}. Best is trial 406 with value: 38.90494892453006.
trail number 714
[I 2025-07-21 19:04:02,091] Trial 714 finished with value: 43.567565555284936 and parameters: {'C': 822.6165624356781, 'epsilon': 27.402941499310884, 'gamma': 0.053402574079949285}. Best is trial 406 with value: 38.90494892453006.
trail number 716
[I 2025-07-21 19:04:02,106] Trial 716 finished with value: 39.36941495410333 and parameters: {'C': 983.2297637963057, 'epsilon': 26.497092496833446, 'gamma': 0.002915383968455351}. Best is trial 406 with value: 38.90494892453006.
trail number 715
[I 2025-07-21 19:04:02,111] Trial 715 finished with value: 39.70860303483439 and parameters: {'C': 838.494850813205, 'epsilon': 24.936196076692063, 'gamma': 0.0021311433390072696}. Best is trial 406 with value: 38.90494892453006.
trail number 717
[I 2025-07-21 19:04:02,124] Trial 717 finished with value: 43.956296563647165 and parameters: {'C': 829.4525655209289, 'epsilon': 26.408333309399403, 'gamma': 0.05771255143198095}. Best is trial 406 with value: 38.90494892453006.
trail number 719
[I 2025-07-21 19:04:02,141] Trial 719 finished with value: 45.98151004233126 and parameters: {'C': 840.6531712106084, 'epsilon': 29.744400548716147, 'gamma': 0.00011376361944115138}. Best is trial 406 with value: 38.90494892453006.
trail number 718
[I 2025-07-21 19:04:02,148] Trial 718 finished with value: 45.19302351355383 and parameters: {'C': 700.0176572934043, 'epsilon': 27.16803080577945, 'gamma': 0.0939188154213945}. Best is trial 406 with value: 38.90494892453006.
trail number 720
[I 2025-07-21 19:04:02,160] Trial 720 finished with value: 45.472788278726156 and parameters: {'C': 706.104365567983, 'epsilon': 27.745856312804918, 'gamma': 0.11029429230494114}. Best is trial 406 with value: 38.90494892453006.
trail number 722
[I 2025-07-21 19:04:02,178] Trial 722 finished with value: 43.06538954137439 and parameters: {'C': 823.8641609014751, 'epsilon': 29.43115434152332, 'gamma': 0.00022223880596424547}. Best is trial 406 with value: 38.90494892453006.
trail number 721
[I 2025-07-21 19:04:02,184] Trial 721 finished with value: 39.99492100515708 and parameters: {'C': 1397.2562207643352, 'epsilon': 9.836103393592017, 'gamma': 0.024483768757866425}. Best is trial 406 with value: 38.90494892453006.
trail number 723
[I 2025-07-21 19:04:02,190] Trial 723 finished with value: 39.41783501891367 and parameters: {'C': 709.389058180417, 'epsilon': 26.586500067726814, 'gamma': 0.0034212289683138355}. Best is trial 406 with value: 38.90494892453006.
trail number 724
[I 2025-07-21 19:04:02,202] Trial 724 finished with value: 39.49517836581417 and parameters: {'C': 730.320873163751, 'epsilon': 23.942027507840898, 'gamma': 0.003842435455724195}. Best is trial 406 with value: 38.90494892453006.
trail number 726
[I 2025-07-21 19:04:02,247] Trial 726 finished with value: 46.830398059590834 and parameters: {'C': 1049.4211264968028, 'epsilon': 26.279460918539478, 'gamma': 0.10747293371593727}. Best is trial 406 with value: 38.90494892453006.
trail number 727
[I 2025-07-21 19:04:02,247] Trial 727 finished with value: 47.56029725137678 and parameters: {'C': 1016.9978265240046, 'epsilon': 25.605579016919144, 'gamma': 0.12373524836277164}. Best is trial 406 with value: 38.90494892453006.
trail number 728
[I 2025-07-21 19:04:02,256] Trial 728 finished with value: 46.38135436431328 and parameters: {'C': 1009.0177082622823, 'epsilon': 25.94937449295014, 'gamma': 0.10093972941760672}. Best is trial 406 with value: 38.90494892453006.
trail number 725
[I 2025-07-21 19:04:02,258] Trial 725 finished with value: 45.92482137728042 and parameters: {'C': 1055.2668065843538, 'epsilon': 24.6723561044459, 'gamma': 0.07794575087292445}. Best is trial 406 with value: 38.90494892453006.
trail number 731
[I 2025-07-21 19:04:02,290] Trial 731 finished with value: 39.13541473323206 and parameters: {'C': 933.9358582331062, 'epsilon': 23.169320558233416, 'gamma': 0.01250706835606592}. Best is trial 406 with value: 38.90494892453006.
trail number 732
[I 2025-07-21 19:04:02,301] Trial 732 finished with value: 39.224004129240036 and parameters: {'C': 839.2971337459508, 'epsilon': 22.170998754578555, 'gamma': 0.007092383251330029}. Best is trial 406 with value: 38.90494892453006.
trail number 730
[I 2025-07-21 19:04:02,307] Trial 730 finished with value: 47.99237645138871 and parameters: {'C': 887.3804612888205, 'epsilon': 25.874664632888848, 'gamma': 0.16157547521310497}. Best is trial 406 with value: 38.90494892453006.
trail number 729
[I 2025-07-21 19:04:02,312] Trial 729 finished with value: 45.11151215114755 and parameters: {'C': 758.4869732230761, 'epsilon': 29.95912549018863, 'gamma': 0.08397710328147466}. Best is trial 406 with value: 38.90494892453006.
trail number 733
[I 2025-07-21 19:04:02,328] Trial 733 finished with value: 45.09981841241481 and parameters: {'C': 879.9142152826224, 'epsilon': 23.985183066346018, 'gamma': 0.07557898297134095}. Best is trial 406 with value: 38.90494892453006.
trail number 737
[I 2025-07-21 19:04:02,349] Trial 737 finished with value: 39.876174274716114 and parameters: {'C': 1110.570571783619, 'epsilon': 23.287540971933456, 'gamma': 0.0012290861377348885}. Best is trial 406 with value: 38.90494892453006.
trail number 735
[I 2025-07-21 19:04:02,354] Trial 735 finished with value: 44.36712382256645 and parameters: {'C': 837.3897100441218, 'epsilon': 26.716510633014813, 'gamma': 0.06175695422894319}. Best is trial 406 with value: 38.90494892453006.
trail number 736
[I 2025-07-21 19:04:02,374] Trial 736 finished with value: 44.8814390604155 and parameters: {'C': 803.3957973549848, 'epsilon': 26.321449670673037, 'gamma': 0.07269399367802207}. Best is trial 406 with value: 38.90494892453006.
trail number 734
[I 2025-07-21 19:04:02,379] Trial 734 finished with value: 44.769386755850306 and parameters: {'C': 896.282482994065, 'epsilon': 27.885561490989417, 'gamma': 0.06504586207714577}. Best is trial 406 with value: 38.90494892453006.
trail number 738
[I 2025-07-21 19:04:02,394] Trial 738 finished with value: 45.58824500390248 and parameters: {'C': 888.4750764510798, 'epsilon': 26.99278666222711, 'gamma': 0.08327532594438337}. Best is trial 406 with value: 38.90494892453006.
trail number 739
[I 2025-07-21 19:04:02,400] Trial 739 finished with value: 43.37188979317012 and parameters: {'C': 1189.3949078375856, 'epsilon': 17.085453370908063, 'gamma': 0.051530154501372286}. Best is trial 406 with value: 38.90494892453006.
trail number 741
[I 2025-07-21 19:04:02,417] Trial 741 finished with value: 39.38610901374769 and parameters: {'C': 987.6663513117411, 'epsilon': 26.93026658916127, 'gamma': 0.002733431462829849}. Best is trial 406 with value: 38.90494892453006.
trail number 743
[I 2025-07-21 19:04:02,427] Trial 743 finished with value: 39.677958232057144 and parameters: {'C': 995.8080220967302, 'epsilon': 26.634517383877384, 'gamma': 0.0022378057212809072}. Best is trial 406 with value: 38.90494892453006.
trail number 742
[I 2025-07-21 19:04:02,432] Trial 742 finished with value: 39.114935515376 and parameters: {'C': 720.8991938667792, 'epsilon': 29.893461185190134, 'gamma': 0.009247873212848038}. Best is trial 406 with value: 38.90494892453006.
trail number 740
[I 2025-07-21 19:04:02,436] Trial 740 finished with value: 43.432520897384165 and parameters: {'C': 823.725034399962, 'epsilon': 23.108414442904937, 'gamma': 0.05562952127150925}. Best is trial 406 with value: 38.90494892453006.
trail number 744
[I 2025-07-21 19:04:02,463] Trial 744 finished with value: 39.99255041440794 and parameters: {'C': 968.5821056756507, 'epsilon': 18.549603051651555, 'gamma': 0.0016054656280916867}. Best is trial 406 with value: 38.90494892453006.
trail number 747
[I 2025-07-21 19:04:02,473] Trial 747 finished with value: 39.24339735167119 and parameters: {'C': 999.0261269361954, 'epsilon': 23.0461274459658, 'gamma': 0.004358314805163046}. Best is trial 406 with value: 38.90494892453006.
trail number 745
[I 2025-07-21 19:04:02,485] Trial 745 finished with value: 39.41569588502021 and parameters: {'C': 1033.9315588759284, 'epsilon': 19.311774525736308, 'gamma': 0.010966375463686204}. Best is trial 406 with value: 38.90494892453006.
trail number 748
[I 2025-07-21 19:04:02,498] Trial 748 finished with value: 39.801490012759714 and parameters: {'C': 909.2926211101063, 'epsilon': 23.676400952418685, 'gamma': 0.0017040893094710501}. Best is trial 406 with value: 38.90494892453006.
trail number 746
[I 2025-07-21 19:04:02,504] Trial 746 finished with value: 42.38934185591639 and parameters: {'C': 933.2226848601446, 'epsilon': 20.95664542367441, 'gamma': 0.045708653533522645}. Best is trial 406 with value: 38.90494892453006.
trail number 749
[I 2025-07-21 19:04:02,517] Trial 749 finished with value: 39.22869343414828 and parameters: {'C': 703.2683370330197, 'epsilon': 25.775790973701035, 'gamma': 0.004752821895102595}. Best is trial 406 with value: 38.90494892453006.
trail number 750
[I 2025-07-21 19:04:02,526] Trial 750 finished with value: 39.390096494091104 and parameters: {'C': 791.1842567088081, 'epsilon': 21.872575982497857, 'gamma': 0.0037993405242865725}. Best is trial 406 with value: 38.90494892453006.
trail number 753
[I 2025-07-21 19:04:02,547] Trial 753 finished with value: 40.134169005503914 and parameters: {'C': 924.8840937410145, 'epsilon': 26.32636487105392, 'gamma': 0.0015377079717913628}. Best is trial 406 with value: 38.90494892453006.
trail number 752
[I 2025-07-21 19:04:02,549] Trial 752 finished with value: 44.68402921281016 and parameters: {'C': 786.7680010042034, 'epsilon': 23.715860082531606, 'gamma': 0.07334014165392178}. Best is trial 406 with value: 38.90494892453006.
trail number 754
[I 2025-07-21 19:04:02,572] Trial 754 finished with value: 47.82530921125305 and parameters: {'C': 1007.7326130980425, 'epsilon': 29.6251161638643, 'gamma': 0.12284731021841708}. Best is trial 406 with value: 38.90494892453006.
trail number 751
[I 2025-07-21 19:04:02,573] Trial 751 finished with value: 44.29626602830164 and parameters: {'C': 910.3118579292313, 'epsilon': 24.96339487047632, 'gamma': 0.05981901829710853}. Best is trial 406 with value: 38.90494892453006.
trail number 756
[I 2025-07-21 19:04:02,608] Trial 756 finished with value: 48.17603024260767 and parameters: {'C': 1044.9789746531628, 'epsilon': 15.85377351779643, 'gamma': 0.332077432818603}. Best is trial 406 with value: 38.90494892453006.
trail number 755
[I 2025-07-21 19:04:02,615] Trial 755 finished with value: 45.33175105714514 and parameters: {'C': 1006.913458036812, 'epsilon': 27.488579613118816, 'gamma': 0.06725761812897733}. Best is trial 406 with value: 38.90494892453006.
trail number 758
[I 2025-07-21 19:04:02,629] Trial 758 finished with value: 40.25993715433905 and parameters: {'C': 1092.0747129928677, 'epsilon': 26.629341827550327, 'gamma': 0.0010084787438430238}. Best is trial 406 with value: 38.90494892453006.
trail number 757
[I 2025-07-21 19:04:02,636] Trial 757 finished with value: 48.13792503461788 and parameters: {'C': 1073.829530049678, 'epsilon': 14.334349580496962, 'gamma': 0.3255034127351193}. Best is trial 406 with value: 38.90494892453006.
trail number 759
[I 2025-07-21 19:04:02,645] Trial 759 finished with value: 41.3089469230881 and parameters: {'C': 840.3727973023945, 'epsilon': 26.488229939035524, 'gamma': 0.0005008836091465463}. Best is trial 406 with value: 38.90494892453006.
trail number 760
[I 2025-07-21 19:04:02,650] Trial 760 finished with value: 39.72535173797296 and parameters: {'C': 825.439020732153, 'epsilon': 27.619009050502765, 'gamma': 0.0023265722276675045}. Best is trial 406 with value: 38.90494892453006.
trail number 761
[I 2025-07-21 19:04:02,678] Trial 761 finished with value: 39.54105909998119 and parameters: {'C': 702.2509767275966, 'epsilon': 28.38486129704564, 'gamma': 0.002987384575764398}. Best is trial 406 with value: 38.90494892453006.
trail number 764
[I 2025-07-21 19:04:02,684] Trial 764 finished with value: 44.682209766838184 and parameters: {'C': 721.4192556736494, 'epsilon': 29.984111583438164, 'gamma': 0.07561906665637766}. Best is trial 406 with value: 38.90494892453006.
trail number 763
[I 2025-07-21 19:04:02,691] Trial 763 finished with value: 44.902538098909965 and parameters: {'C': 979.7549530580206, 'epsilon': 23.66043296417068, 'gamma': 0.06670171440815112}. Best is trial 406 with value: 38.90494892453006.
trail number 762
[I 2025-07-21 19:04:02,693] Trial 762 finished with value: 43.249579738418674 and parameters: {'C': 702.0647317920265, 'epsilon': 28.514893659364148, 'gamma': 0.05369299922610969}. Best is trial 406 with value: 38.90494892453006.
trail number 768
[I 2025-07-21 19:04:02,724] Trial 768 finished with value: 41.632252587420155 and parameters: {'C': 827.1323284200823, 'epsilon': 29.43559288230533, 'gamma': 0.00047147553978404543}. Best is trial 406 with value: 38.90494892453006.
trail number 767
[I 2025-07-21 19:04:02,736] Trial 767 finished with value: 44.10736497232386 and parameters: {'C': 917.713400632979, 'epsilon': 28.040286665162554, 'gamma': 0.055173484680405734}. Best is trial 406 with value: 38.90494892453006.
trail number 766
[I 2025-07-21 19:04:02,741] Trial 766 finished with value: 44.15749055467409 and parameters: {'C': 851.6106467298946, 'epsilon': 29.75267791123902, 'gamma': 0.05781843411700411}. Best is trial 406 with value: 38.90494892453006.
trail number 765
[I 2025-07-21 19:04:02,750] Trial 765 finished with value: 44.472441638269245 and parameters: {'C': 705.0253219834489, 'epsilon': 27.82046939036248, 'gamma': 0.07049041473807807}. Best is trial 406 with value: 38.90494892453006.
trail number 769
[I 2025-07-21 19:04:02,760] Trial 769 finished with value: 39.41222454639366 and parameters: {'C': 944.0902619558353, 'epsilon': 24.30144313769594, 'gamma': 0.003515550610436744}. Best is trial 406 with value: 38.90494892453006.
trail number 770
[I 2025-07-21 19:04:02,792] Trial 770 finished with value: 45.887401882305774 and parameters: {'C': 1063.206406469372, 'epsilon': 23.371333593415358, 'gamma': 0.0786730123784973}. Best is trial 406 with value: 38.90494892453006.
trail number 773
[I 2025-07-21 19:04:02,797] Trial 773 finished with value: 44.394230848933724 and parameters: {'C': 943.935806161545, 'epsilon': 24.136932993645793, 'gamma': 0.060649682232574685}. Best is trial 406 with value: 38.90494892453006.
trail number 772
[I 2025-07-21 19:04:02,810] Trial 772 finished with value: 44.403288921046666 and parameters: {'C': 1082.4622467071467, 'epsilon': 24.358380934302776, 'gamma': 0.056389111721453375}. Best is trial 406 with value: 38.90494892453006.
trail number 771
[I 2025-07-21 19:04:02,816] Trial 771 finished with value: 45.28499679227824 and parameters: {'C': 945.863243997007, 'epsilon': 23.128519836743997, 'gamma': 0.07664512094872908}. Best is trial 406 with value: 38.90494892453006.
trail number 774
[I 2025-07-21 19:04:02,837] Trial 774 finished with value: 47.89050458022315 and parameters: {'C': 803.9102583997569, 'epsilon': 25.127804413500677, 'gamma': 0.16811961790949786}. Best is trial 406 with value: 38.90494892453006.
trail number 775
[I 2025-07-21 19:04:02,847] Trial 775 finished with value: 46.24753014087836 and parameters: {'C': 1062.4062110404186, 'epsilon': 21.27167536898923, 'gamma': 0.09761650842558593}. Best is trial 406 with value: 38.90494892453006.
trail number 778
[I 2025-07-21 19:04:02,862] Trial 778 finished with value: 39.39734767264671 and parameters: {'C': 1025.1825707963192, 'epsilon': 20.985749132641637, 'gamma': 0.008100245736786088}. Best is trial 406 with value: 38.90494892453006.
trail number 776
[I 2025-07-21 19:04:02,867] Trial 776 finished with value: 43.88744144336805 and parameters: {'C': 824.6394387225308, 'epsilon': 24.399513361261462, 'gamma': 0.058904305463539995}. Best is trial 406 with value: 38.90494892453006.
trail number 779
[I 2025-07-21 19:04:02,876] Trial 779 finished with value: 39.729864252606326 and parameters: {'C': 815.8211834889262, 'epsilon': 25.6248715160231, 'gamma': 0.0023306955449728228}. Best is trial 406 with value: 38.90494892453006.
trail number 777
[I 2025-07-21 19:04:02,881] Trial 777 finished with value: 45.44843774652689 and parameters: {'C': 1037.700556881689, 'epsilon': 21.394988187957946, 'gamma': 0.07628901550778504}. Best is trial 406 with value: 38.90494892453006.
trail number 781
[I 2025-07-21 19:04:02,903] Trial 781 finished with value: 41.143799418079 and parameters: {'C': 895.5479240696119, 'epsilon': 26.800344528922917, 'gamma': 0.0005194541463780155}. Best is trial 406 with value: 38.90494892453006.
trail number 782
[I 2025-07-21 19:04:02,913] Trial 782 finished with value: 49.778371001654946 and parameters: {'C': 969.6887275726982, 'epsilon': 27.499068501093607, 'gamma': 0.36949919146986204}. Best is trial 406 with value: 38.90494892453006.
trail number 780
[I 2025-07-21 19:04:02,919] Trial 780 finished with value: 44.51990753452966 and parameters: {'C': 809.9643598575299, 'epsilon': 24.165590079265893, 'gamma': 0.0682719957904505}. Best is trial 406 with value: 38.90494892453006.
trail number 784
[I 2025-07-21 19:04:02,933] Trial 784 finished with value: 40.13160534447876 and parameters: {'C': 909.0607335391065, 'epsilon': 20.818677683363855, 'gamma': 0.0013439406191963123}. Best is trial 406 with value: 38.90494892453006.
trail number 783
[I 2025-07-21 19:04:02,939] Trial 783 finished with value: 45.64365900802447 and parameters: {'C': 985.2273077463037, 'epsilon': 29.79398087538287, 'gamma': 0.07713840687397983}. Best is trial 406 with value: 38.90494892453006.
trail number 785
[I 2025-07-21 19:04:02,947] Trial 785 finished with value: 39.24925732849768 and parameters: {'C': 720.1913815058354, 'epsilon': 23.90634526498063, 'gamma': 0.004806327148542502}. Best is trial 406 with value: 38.90494892453006.
trail number 786
[I 2025-07-21 19:04:02,954] Trial 786 finished with value: 39.07843288714738 and parameters: {'C': 992.0664997292627, 'epsilon': 28.649361582740404, 'gamma': 0.006784665405313872}. Best is trial 406 with value: 38.90494892453006.
trail number 787
[I 2025-07-21 19:04:02,972] Trial 787 finished with value: 39.047616691557934 and parameters: {'C': 801.7470317295871, 'epsilon': 27.451444771626395, 'gamma': 0.00902303478602333}. Best is trial 406 with value: 38.90494892453006.
trail number 790
[I 2025-07-21 19:04:02,978] Trial 790 finished with value: 40.80565946264203 and parameters: {'C': 731.2278552255946, 'epsilon': 29.85240210515029, 'gamma': 0.001041935212030728}. Best is trial 406 with value: 38.90494892453006.
trail number 788
[I 2025-07-21 19:04:02,990] Trial 788 finished with value: 45.37423277042916 and parameters: {'C': 904.2689331992152, 'epsilon': 18.065828816977405, 'gamma': 0.09261066183488724}. Best is trial 406 with value: 38.90494892453006.
trail number 792
[I 2025-07-21 19:04:03,004] Trial 792 finished with value: 39.337422830292155 and parameters: {'C': 702.7899610161292, 'epsilon': 26.61476115578425, 'gamma': 0.003671213400283874}. Best is trial 406 with value: 38.90494892453006.
trail number 789
[I 2025-07-21 19:04:03,006] Trial 789 finished with value: 48.5548833510388 and parameters: {'C': 1497.112589548885, 'epsilon': 21.088098262123598, 'gamma': 0.11413927271348714}. Best is trial 406 with value: 38.90494892453006.
trail number 791
[I 2025-07-21 19:04:03,025] Trial 791 finished with value: 45.83059727090888 and parameters: {'C': 917.5620679627217, 'epsilon': 18.81328324499465, 'gamma': 0.10858390707872621}. Best is trial 406 with value: 38.90494892453006.
trail number 793
[I 2025-07-21 19:04:03,031] Trial 793 finished with value: 44.49299925041656 and parameters: {'C': 793.0404517088555, 'epsilon': 26.477601365964773, 'gamma': 0.06644470392640484}. Best is trial 406 with value: 38.90494892453006.
trail number 795
[I 2025-07-21 19:04:03,040] Trial 795 finished with value: 39.14009114623091 and parameters: {'C': 927.0321128578012, 'epsilon': 25.216170230430862, 'gamma': 0.006934380750980624}. Best is trial 406 with value: 38.90494892453006.
trail number 794
[I 2025-07-21 19:04:03,051] Trial 794 finished with value: 44.91353638026171 and parameters: {'C': 973.0696619167209, 'epsilon': 24.955510410997675, 'gamma': 0.06522022051596157}. Best is trial 406 with value: 38.90494892453006.
trail number 796
[I 2025-07-21 19:04:03,061] Trial 796 finished with value: 39.98615055375548 and parameters: {'C': 962.9408358375733, 'epsilon': 29.74942553152681, 'gamma': 0.0018231463496482317}. Best is trial 406 with value: 38.90494892453006.
trail number 797
[I 2025-07-21 19:04:03,066] Trial 797 finished with value: 39.43331565410472 and parameters: {'C': 963.4336821223575, 'epsilon': 28.050247028145932, 'gamma': 0.002674178316792404}. Best is trial 406 with value: 38.90494892453006.
trail number 798
[I 2025-07-21 19:04:03,074] Trial 798 finished with value: 39.25363899589942 and parameters: {'C': 989.8220624621626, 'epsilon': 23.105753267671517, 'gamma': 0.004310217746163523}. Best is trial 406 with value: 38.90494892453006.
trail number 800
[I 2025-07-21 19:04:03,090] Trial 800 finished with value: 44.40441988673915 and parameters: {'C': 988.2139279461167, 'epsilon': 25.06625438465099, 'gamma': 0.00011649002294317548}. Best is trial 406 with value: 38.90494892453006.
trail number 799
[I 2025-07-21 19:04:03,100] Trial 799 finished with value: 47.39938750676276 and parameters: {'C': 1115.1594680400428, 'epsilon': 29.646797844960016, 'gamma': 0.10942901013188847}. Best is trial 406 with value: 38.90494892453006.
trail number 802
