[I 2025-07-21 19:04:19,631] Trial 2124 finished with value: 47.522981919775425 and parameters: {'C': 862.5314759506084, 'epsilon': 26.32791829481184, 'gamma': 0.20400926970963082}. Best is trial 406 with value: 38.90494892453006.
trail number 2121
[I 2025-07-21 19:04:19,635] Trial 2121 finished with value: 49.110623262299676 and parameters: {'C': 1219.2489926924525, 'epsilon': 9.938386416269621, 'gamma': 0.22403590532417977}. Best is trial 406 with value: 38.90494892453006.
trail number 2125
[I 2025-07-21 19:04:19,657] Trial 2125 finished with value: 39.0671085719424 and parameters: {'C': 702.7069906016109, 'epsilon': 26.785606097832467, 'gamma': 0.005619076287590375}. Best is trial 406 with value: 38.90494892453006.
trail number 2127
[I 2025-07-21 19:04:19,678] Trial 2127 finished with value: 39.35634893010936 and parameters: {'C': 951.1192030490685, 'epsilon': 21.818375149052926, 'gamma': 0.0034911854529341927}. Best is trial 406 with value: 38.90494892453006.
trail number 2128
[I 2025-07-21 19:04:19,690] Trial 2128 finished with value: 41.33891459947827 and parameters: {'C': 700.2854538717484, 'epsilon': 25.235115895350344, 'gamma': 0.04101571206066276}. Best is trial 406 with value: 38.90494892453006.
trail number 2126
[I 2025-07-21 19:04:19,705] Trial 2126 finished with value: 42.548423922381915 and parameters: {'C': 878.5427441165496, 'epsilon': 27.40954461021226, 'gamma': 0.043525075660113904}. Best is trial 406 with value: 38.90494892453006.
trail number 2130
[I 2025-07-21 19:04:19,725] Trial 2130 finished with value: 43.91188752874136 and parameters: {'C': 791.1754931568523, 'epsilon': 22.565777909299584, 'gamma': 0.06304285867291094}. Best is trial 406 with value: 38.90494892453006.
trail number 2129
[I 2025-07-21 19:04:19,733] Trial 2129 finished with value: 43.46460574367266 and parameters: {'C': 873.4276045019457, 'epsilon': 25.215755328515773, 'gamma': 0.05291765535465194}. Best is trial 406 with value: 38.90494892453006.
trail number 2131
[I 2025-07-21 19:04:19,743] Trial 2131 finished with value: 44.79307798792932 and parameters: {'C': 818.2290022820789, 'epsilon': 29.991878682500797, 'gamma': 0.07060382945306522}. Best is trial 406 with value: 38.90494892453006.
trail number 2132
[I 2025-07-21 19:04:19,767] Trial 2132 finished with value: 39.72524537142847 and parameters: {'C': 1110.552236062033, 'epsilon': 11.005774578697052, 'gamma': 0.023493694417833}. Best is trial 406 with value: 38.90494892453006.
trail number 2133
[I 2025-07-21 19:04:19,786] Trial 2133 finished with value: 47.46109759088186 and parameters: {'C': 973.5033140218162, 'epsilon': 26.81897158290308, 'gamma': 0.12355717033462393}. Best is trial 406 with value: 38.90494892453006.
trail number 2135
[I 2025-07-21 19:04:19,793] Trial 2135 finished with value: 47.228375141683955 and parameters: {'C': 762.9200048773704, 'epsilon': 27.114673529374606, 'gamma': 0.13688746596840515}. Best is trial 406 with value: 38.90494892453006.
trail number 2134
[I 2025-07-21 19:04:19,820] Trial 2134 finished with value: 47.955462669625305 and parameters: {'C': 1110.1569179426638, 'epsilon': 23.277298734474392, 'gamma': 0.13007864066099992}. Best is trial 406 with value: 38.90494892453006.
trail number 2138
[I 2025-07-21 19:04:19,835] Trial 2138 finished with value: 43.069941704362755 and parameters: {'C': 792.4803429516139, 'epsilon': 26.092003051317207, 'gamma': 0.051198203470881484}. Best is trial 406 with value: 38.90494892453006.
trail number 2137
[I 2025-07-21 19:04:19,845] Trial 2137 finished with value: 43.62830103116835 and parameters: {'C': 1116.8494786030508, 'epsilon': 25.12424034469897, 'gamma': 0.047901104942188896}. Best is trial 406 with value: 38.90494892453006.
trail number 2136
[I 2025-07-21 19:04:19,855] Trial 2136 finished with value: 46.82626499405258 and parameters: {'C': 1153.3021068434527, 'epsilon': 12.537794083250429, 'gamma': 0.11245190436596772}. Best is trial 406 with value: 38.90494892453006.
trail number 2141
[I 2025-07-21 19:04:19,875] Trial 2141 finished with value: 40.4931125357903 and parameters: {'C': 897.4973187395619, 'epsilon': 29.980099249170728, 'gamma': 0.0012708656552686617}. Best is trial 406 with value: 38.90494892453006.
trail number 2139
[I 2025-07-21 19:04:19,883] Trial 2139 finished with value: 44.959030470721146 and parameters: {'C': 1090.2424153979832, 'epsilon': 25.166916140324147, 'gamma': 0.06065783719563525}. Best is trial 406 with value: 38.90494892453006.
trail number 2140
[I 2025-07-21 19:04:19,891] Trial 2140 finished with value: 44.730316998044245 and parameters: {'C': 1004.8309594423235, 'epsilon': 24.556289004271864, 'gamma': 0.061886369345766384}. Best is trial 406 with value: 38.90494892453006.
trail number 2142
[I 2025-07-21 19:04:19,909] Trial 2142 finished with value: 43.96508493458323 and parameters: {'C': 901.4376498317321, 'epsilon': 23.66673818344204, 'gamma': 0.05831775635584809}. Best is trial 406 with value: 38.90494892453006.
trail number 2145
[I 2025-07-21 19:04:19,925] Trial 2145 finished with value: 40.04377028558942 and parameters: {'C': 892.2873946578184, 'epsilon': 28.562058560626898, 'gamma': 0.00175289996486498}. Best is trial 406 with value: 38.90494892453006.
trail number 2143
[I 2025-07-21 19:04:19,932] Trial 2143 finished with value: 39.55781492050747 and parameters: {'C': 788.646612681773, 'epsilon': 25.692250610211673, 'gamma': 0.002782307460440535}. Best is trial 406 with value: 38.90494892453006.
trail number 2144
[I 2025-07-21 19:04:19,941] Trial 2144 finished with value: 39.21283513421454 and parameters: {'C': 895.2052888372683, 'epsilon': 24.976637883043754, 'gamma': 0.004369689620966125}. Best is trial 406 with value: 38.90494892453006.
trail number 2146
[I 2025-07-21 19:04:19,961] Trial 2146 finished with value: 46.761611716653064 and parameters: {'C': 931.6460773339359, 'epsilon': 19.504499306557353, 'gamma': 0.12886013043986122}. Best is trial 406 with value: 38.90494892453006.
trail number 2148
[I 2025-07-21 19:04:19,971] Trial 2148 finished with value: 41.07536145354088 and parameters: {'C': 961.7626439546906, 'epsilon': 27.0752887117613, 'gamma': 0.0005549495389221646}. Best is trial 406 with value: 38.90494892453006.
trail number 2147
[I 2025-07-21 19:04:19,992] Trial 2147 finished with value: 42.29035699492978 and parameters: {'C': 806.2961938458695, 'epsilon': 22.65209852705099, 'gamma': 0.047559929360006206}. Best is trial 406 with value: 38.90494892453006.
trail number 2149
[I 2025-07-21 19:04:20,001] Trial 2149 finished with value: 46.60383988817567 and parameters: {'C': 837.2052905235182, 'epsilon': 22.454873988244913, 'gamma': 0.12858034463137913}. Best is trial 406 with value: 38.90494892453006.
trail number 2150
[I 2025-07-21 19:04:20,009] Trial 2150 finished with value: 39.39455916691536 and parameters: {'C': 773.36237098746, 'epsilon': 25.427862372954355, 'gamma': 0.003154535539137103}. Best is trial 406 with value: 38.90494892453006.
trail number 2151
[I 2025-07-21 19:04:20,026] Trial 2151 finished with value: 46.308819584425535 and parameters: {'C': 707.717409946208, 'epsilon': 25.334137539385505, 'gamma': 0.13103249770863407}. Best is trial 406 with value: 38.90494892453006.
trail number 2153
[I 2025-07-21 19:04:20,044] Trial 2153 finished with value: 40.25618050946596 and parameters: {'C': 903.5465663581965, 'epsilon': 22.06589235321773, 'gamma': 0.0012005604572098063}. Best is trial 406 with value: 38.90494892453006.
trail number 2154
[I 2025-07-21 19:04:20,045] Trial 2154 finished with value: 39.87792205211848 and parameters: {'C': 826.0376316243131, 'epsilon': 26.940157190340944, 'gamma': 0.0020743397976210457}. Best is trial 406 with value: 38.90494892453006.
trail number 2152
[I 2025-07-21 19:04:20,064] Trial 2152 finished with value: 44.14520683987209 and parameters: {'C': 800.5259194586297, 'epsilon': 29.42100082997081, 'gamma': 0.06017113376558226}. Best is trial 406 with value: 38.90494892453006.
trail number 2155
[I 2025-07-21 19:04:20,084] Trial 2155 finished with value: 48.609513382680824 and parameters: {'C': 1308.3098412851227, 'epsilon': 15.588979330053998, 'gamma': 0.19758400056092706}. Best is trial 406 with value: 38.90494892453006.
trail number 2157
[I 2025-07-21 19:04:20,098] Trial 2157 finished with value: 46.36016458121297 and parameters: {'C': 943.3715617129412, 'epsilon': 27.390486111611278, 'gamma': 0.10663225880224586}. Best is trial 406 with value: 38.90494892453006.
trail number 2156
[I 2025-07-21 19:04:20,106] Trial 2156 finished with value: 41.40498383262718 and parameters: {'C': 739.920599452177, 'epsilon': 19.20511269008768, 'gamma': 0.04540853364203863}. Best is trial 406 with value: 38.90494892453006.
trail number 2158
[I 2025-07-21 19:04:20,113] Trial 2158 finished with value: 43.72051183091299 and parameters: {'C': 932.5564502580437, 'epsilon': 26.227556281793355, 'gamma': 0.052638138708529486}. Best is trial 406 with value: 38.90494892453006.
trail number 2159
[I 2025-07-21 19:04:20,147] Trial 2159 finished with value: 44.847135117827264 and parameters: {'C': 1092.2223447031758, 'epsilon': 20.108609255062078, 'gamma': 0.06606206002465752}. Best is trial 406 with value: 38.90494892453006.
trail number 2160
[I 2025-07-21 19:04:20,161] Trial 2160 finished with value: 43.814802497052156 and parameters: {'C': 847.3092262772259, 'epsilon': 27.453366424497197, 'gamma': 0.055015466356456336}. Best is trial 406 with value: 38.90494892453006.
trail number 2161
[I 2025-07-21 19:04:20,161] Trial 2161 finished with value: 41.67838927280975 and parameters: {'C': 800.3852926830376, 'epsilon': 21.242096694129653, 'gamma': 0.04390910792735914}. Best is trial 406 with value: 38.90494892453006.
trail number 2162
[I 2025-07-21 19:04:20,175] Trial 2162 finished with value: 44.62040107248648 and parameters: {'C': 1043.3172690944918, 'epsilon': 21.61236600748642, 'gamma': 0.06387636822686966}. Best is trial 406 with value: 38.90494892453006.
trail number 2163
[I 2025-07-21 19:04:20,197] Trial 2163 finished with value: 42.77819178527885 and parameters: {'C': 817.6993648799055, 'epsilon': 27.83381728007978, 'gamma': 0.04654075733037337}. Best is trial 406 with value: 38.90494892453006.
trail number 2167
[I 2025-07-21 19:04:20,222] Trial 2167 finished with value: 40.34669513261618 and parameters: {'C': 848.5647952195816, 'epsilon': 23.412373888835255, 'gamma': 0.0011902066818223114}. Best is trial 406 with value: 38.90494892453006.
trail number 2166
[I 2025-07-21 19:04:20,233] Trial 2166 finished with value: 42.11848225775874 and parameters: {'C': 806.007822774825, 'epsilon': 28.22585683566406, 'gamma': 0.04197165287119818}. Best is trial 406 with value: 38.90494892453006.
trail number 2165
[I 2025-07-21 19:04:20,242] Trial 2165 finished with value: 44.46286002978096 and parameters: {'C': 806.8102036260091, 'epsilon': 27.063331845674107, 'gamma': 0.0647162378222385}. Best is trial 406 with value: 38.90494892453006.
trail number 2164
[I 2025-07-21 19:04:20,260] Trial 2164 finished with value: 45.28239037175469 and parameters: {'C': 1002.8063402752562, 'epsilon': 21.51178983249306, 'gamma': 0.07556241397773508}. Best is trial 406 with value: 38.90494892453006.
trail number 2169
[I 2025-07-21 19:04:20,277] Trial 2169 finished with value: 43.17421541126943 and parameters: {'C': 819.4312296157777, 'epsilon': 24.225929071224407, 'gamma': 0.0001806828836446485}. Best is trial 406 with value: 38.90494892453006.
trail number 2168
[I 2025-07-21 19:04:20,294] Trial 2168 finished with value: 43.52573841756656 and parameters: {'C': 793.4850430316731, 'epsilon': 27.87018293063283, 'gamma': 0.05374059461027466}. Best is trial 406 with value: 38.90494892453006.
trail number 2171
[I 2025-07-21 19:04:20,306] Trial 2171 finished with value: 39.92347301275603 and parameters: {'C': 812.5052523708109, 'epsilon': 24.580535611773065, 'gamma': 0.0015911426963353074}. Best is trial 406 with value: 38.90494892453006.
trail number 2170
[I 2025-07-21 19:04:20,313] Trial 2170 finished with value: 44.40180899439247 and parameters: {'C': 987.8121380285588, 'epsilon': 24.532538539713432, 'gamma': 0.05878200286307455}. Best is trial 406 with value: 38.90494892453006.
trail number 2172
[I 2025-07-21 19:04:20,327] Trial 2172 finished with value: 43.93827758257132 and parameters: {'C': 934.5928859873137, 'epsilon': 25.044600422523445, 'gamma': 0.055345990997608216}. Best is trial 406 with value: 38.90494892453006.
trail number 2173
[I 2025-07-21 19:04:20,345] Trial 2173 finished with value: 39.09522308751218 and parameters: {'C': 707.3705355846657, 'epsilon': 29.55583426253069, 'gamma': 0.008939294013767264}. Best is trial 406 with value: 38.90494892453006.
trail number 2175
[I 2025-07-21 19:04:20,345] Trial 2175 finished with value: 41.85697740722187 and parameters: {'C': 801.5720550502117, 'epsilon': 28.2385552147485, 'gamma': 0.0003330917194770758}. Best is trial 406 with value: 38.90494892453006.
trail number 2174
[I 2025-07-21 19:04:20,374] Trial 2174 finished with value: 44.95363754341939 and parameters: {'C': 704.1307219654552, 'epsilon': 24.29506931047445, 'gamma': 0.08497170995814261}. Best is trial 406 with value: 38.90494892453006.
trail number 2178
[I 2025-07-21 19:04:20,392] Trial 2178 finished with value: 40.3870476023926 and parameters: {'C': 700.5951231771794, 'epsilon': 24.12796546102352, 'gamma': 0.032390075337114105}. Best is trial 406 with value: 38.90494892453006.
trail number 2176
[I 2025-07-21 19:04:20,400] Trial 2176 finished with value: 44.013992886428014 and parameters: {'C': 912.5980025487826, 'epsilon': 23.92480901451835, 'gamma': 0.05816033069110911}. Best is trial 406 with value: 38.90494892453006.
trail number 2177
[I 2025-07-21 19:04:20,409] Trial 2177 finished with value: 45.0613169058734 and parameters: {'C': 706.5313670396409, 'epsilon': 28.113373558581767, 'gamma': 0.08548851443609733}. Best is trial 406 with value: 38.90494892453006.
trail number 2179
[I 2025-07-21 19:04:20,432] Trial 2179 finished with value: 42.80322429978615 and parameters: {'C': 939.9452939507966, 'epsilon': 26.31806451776058, 'gamma': 0.04437810835917527}. Best is trial 406 with value: 38.90494892453006.
trail number 2182
[I 2025-07-21 19:04:20,443] Trial 2182 finished with value: 40.84941997262125 and parameters: {'C': 808.3937652070059, 'epsilon': 26.12122044090269, 'gamma': 0.0006405894835102531}. Best is trial 406 with value: 38.90494892453006.
trail number 2180
[I 2025-07-21 19:04:20,450] Trial 2180 finished with value: 39.710985357560105 and parameters: {'C': 938.4342938802952, 'epsilon': 21.83634750650499, 'gamma': 0.0020467603391507855}. Best is trial 406 with value: 38.90494892453006.
trail number 2181
[I 2025-07-21 19:04:20,474] Trial 2181 finished with value: 45.267868426741316 and parameters: {'C': 937.8726583485532, 'epsilon': 27.493734837876513, 'gamma': 0.07042167744508795}. Best is trial 406 with value: 38.90494892453006.
trail number 2184
[I 2025-07-21 19:04:20,498] Trial 2184 finished with value: 43.74510582095611 and parameters: {'C': 944.4229562622514, 'epsilon': 27.193622687591954, 'gamma': 0.05175680655899869}. Best is trial 406 with value: 38.90494892453006.
trail number 2185
[I 2025-07-21 19:04:20,506] Trial 2185 finished with value: 46.55232422078129 and parameters: {'C': 852.4756166061818, 'epsilon': 24.16655037817365, 'gamma': 0.12260038194636881}. Best is trial 406 with value: 38.90494892453006.
trail number 2183
[I 2025-07-21 19:04:20,513] Trial 2183 finished with value: 45.80566275744905 and parameters: {'C': 998.7190205569118, 'epsilon': 29.583504029030472, 'gamma': 0.08568629959294291}. Best is trial 406 with value: 38.90494892453006.
trail number 2186
[I 2025-07-21 19:04:20,521] Trial 2186 finished with value: 42.815132596617204 and parameters: {'C': 766.5754563442902, 'epsilon': 26.461074046180045, 'gamma': 0.00024090928012650802}. Best is trial 406 with value: 38.90494892453006.
trail number 2187
[I 2025-07-21 19:04:20,550] Trial 2187 finished with value: 40.31074310524556 and parameters: {'C': 814.6314064065075, 'epsilon': 24.326268371170386, 'gamma': 0.0011496245793778444}. Best is trial 406 with value: 38.90494892453006.
trail number 2188
[I 2025-07-21 19:04:20,559] Trial 2188 finished with value: 39.03161314541207 and parameters: {'C': 1054.9623992289594, 'epsilon': 26.504983973520094, 'gamma': 0.004979252771809649}. Best is trial 406 with value: 38.90494892453006.
trail number 2190
[I 2025-07-21 19:04:20,570] Trial 2190 finished with value: 40.90452663516064 and parameters: {'C': 1041.186594015384, 'epsilon': 24.692203026515703, 'gamma': 0.0005024606033879747}. Best is trial 406 with value: 38.90494892453006.
trail number 2189
[I 2025-07-21 19:04:20,578] Trial 2189 finished with value: 39.21888663111435 and parameters: {'C': 1037.8597375792156, 'epsilon': 22.347840571682077, 'gamma': 0.005261902243551413}. Best is trial 406 with value: 38.90494892453006.
trail number 2191
[I 2025-07-21 19:04:20,601] Trial 2191 finished with value: 43.21747492881133 and parameters: {'C': 1044.9883705058753, 'epsilon': 23.74347067281869, 'gamma': 0.00013908321059158055}. Best is trial 406 with value: 38.90494892453006.
trail number 2192
[I 2025-07-21 19:04:20,619] Trial 2192 finished with value: 43.12937034577419 and parameters: {'C': 816.5497421989579, 'epsilon': 29.99321787930661, 'gamma': 0.04790792707760959}. Best is trial 406 with value: 38.90494892453006.
trail number 2193
[I 2025-07-21 19:04:20,624] Trial 2193 finished with value: 40.28917943490275 and parameters: {'C': 926.1342823821872, 'epsilon': 26.964894504183384, 'gamma': 0.0011107520514339344}. Best is trial 406 with value: 38.90494892453006.
trail number 2194
[I 2025-07-21 19:04:20,645] Trial 2194 finished with value: 46.035895366839725 and parameters: {'C': 762.6769852461608, 'epsilon': 27.717193189191615, 'gamma': 0.11593208588918245}. Best is trial 406 with value: 38.90494892453006.
trail number 2195
[I 2025-07-21 19:04:20,660] Trial 2195 finished with value: 43.60097633536259 and parameters: {'C': 855.581383763252, 'epsilon': 23.66205471441765, 'gamma': 0.055687548059743436}. Best is trial 406 with value: 38.90494892453006.
trail number 2196
[I 2025-07-21 19:04:20,660] Trial 2196 finished with value: 40.99335255272662 and parameters: {'C': 799.3489805255205, 'epsilon': 29.954035825812262, 'gamma': 0.0008040259770507787}. Best is trial 406 with value: 38.90494892453006.
trail number 2200
[I 2025-07-21 19:04:20,691] Trial 2200 finished with value: 41.258375068492796 and parameters: {'C': 779.2878848169781, 'epsilon': 25.158223437018155, 'gamma': 0.0004988680664275713}. Best is trial 406 with value: 38.90494892453006.
trail number 2198
[I 2025-07-21 19:04:20,699] Trial 2198 finished with value: 39.7531302747204 and parameters: {'C': 720.9647182940195, 'epsilon': 24.207195662755854, 'gamma': 0.0021624394540491025}. Best is trial 406 with value: 38.90494892453006.
trail number 2199
[I 2025-07-21 19:04:20,712] Trial 2199 finished with value: 44.09004653015586 and parameters: {'C': 1028.960707722465, 'epsilon': 27.95167774132056, 'gamma': 0.052042542315434086}. Best is trial 406 with value: 38.90494892453006.
trail number 2197
[I 2025-07-21 19:04:20,720] Trial 2197 finished with value: 46.06592774215823 and parameters: {'C': 940.8862399133897, 'epsilon': 23.97815920337732, 'gamma': 0.10146056247368654}. Best is trial 406 with value: 38.90494892453006.
trail number 2201
[I 2025-07-21 19:04:20,745] Trial 2201 finished with value: 45.31314824778413 and parameters: {'C': 1043.8110648523761, 'epsilon': 28.775922475096728, 'gamma': 0.0657113515861293}. Best is trial 406 with value: 38.90494892453006.
trail number 2203
[I 2025-07-21 19:04:20,752] Trial 2203 finished with value: 40.45175780078013 and parameters: {'C': 940.7092934439604, 'epsilon': 23.38837026247987, 'gamma': 0.0010281853724553227}. Best is trial 406 with value: 38.90494892453006.
trail number 2202
[I 2025-07-21 19:04:20,769] Trial 2202 finished with value: 45.96562290759301 and parameters: {'C': 883.6737587994355, 'epsilon': 23.91300379101371, 'gamma': 0.10558153793399712}. Best is trial 406 with value: 38.90494892453006.
trail number 2204
[I 2025-07-21 19:04:20,794] Trial 2204 finished with value: 45.9172073406897 and parameters: {'C': 846.1715544170364, 'epsilon': 25.0989437703864, 'gamma': 0.10751058397366094}. Best is trial 406 with value: 38.90494892453006.
trail number 2205
[I 2025-07-21 19:04:20,802] Trial 2205 finished with value: 43.002800976460634 and parameters: {'C': 833.8528198187134, 'epsilon': 24.621090635784125, 'gamma': 0.05086582728426817}. Best is trial 406 with value: 38.90494892453006.
trail number 2207
[I 2025-07-21 19:04:20,812] Trial 2207 finished with value: 43.451369142364214 and parameters: {'C': 854.5240376458795, 'epsilon': 26.90871255318493, 'gamma': 0.05169275280809645}. Best is trial 406 with value: 38.90494892453006.
trail number 2206
[I 2025-07-21 19:04:20,819] Trial 2206 finished with value: 44.411639857741946 and parameters: {'C': 700.7442665914675, 'epsilon': 24.171017909777774, 'gamma': 0.07354998132871418}. Best is trial 406 with value: 38.90494892453006.
trail number 2208
[I 2025-07-21 19:04:20,849] Trial 2208 finished with value: 39.32802980346879 and parameters: {'C': 962.670873939524, 'epsilon': 26.561477576639476, 'gamma': 0.003248615076322634}. Best is trial 406 with value: 38.90494892453006.
trail number 2209
[I 2025-07-21 19:04:20,862] Trial 2209 finished with value: 39.10969195939499 and parameters: {'C': 908.491921852175, 'epsilon': 27.464014952677022, 'gamma': 0.004923752075836296}. Best is trial 406 with value: 38.90494892453006.
trail number 2210
[I 2025-07-21 19:04:20,871] Trial 2210 finished with value: 43.8638226991063 and parameters: {'C': 766.9624011102679, 'epsilon': 26.871132881292176, 'gamma': 0.05864886946524018}. Best is trial 406 with value: 38.90494892453006.
trail number 2211
