[I 2025-07-21 19:04:26,118] Trial 2563 finished with value: 40.84613493363237 and parameters: {'C': 732.0379378584623, 'epsilon': 27.19868865091651, 'gamma': 0.000841371387707404}. Best is trial 406 with value: 38.90494892453006.
trail number 2565
[I 2025-07-21 19:04:26,147] Trial 2565 finished with value: 39.29529799889333 and parameters: {'C': 1061.7469586065079, 'epsilon': 22.601095482626903, 'gamma': 0.007588311469145375}. Best is trial 406 with value: 38.90494892453006.
trail number 2564
[I 2025-07-21 19:04:26,156] Trial 2564 finished with value: 43.61610987693615 and parameters: {'C': 822.0788782717432, 'epsilon': 25.032909846114105, 'gamma': 0.05595210992691668}. Best is trial 406 with value: 38.90494892453006.
trail number 2566
[I 2025-07-21 19:04:26,165] Trial 2566 finished with value: 43.9551128769773 and parameters: {'C': 790.2192415212106, 'epsilon': 27.272136181147765, 'gamma': 0.00016988185707587922}. Best is trial 406 with value: 38.90494892453006.
trail number 2567
[I 2025-07-21 19:04:26,182] Trial 2567 finished with value: 47.92320059312871 and parameters: {'C': 928.9268027365317, 'epsilon': 23.7888367005463, 'gamma': 0.17427997916057042}. Best is trial 406 with value: 38.90494892453006.
trail number 2568
[I 2025-07-21 19:04:26,210] Trial 2568 finished with value: 43.7341933344911 and parameters: {'C': 708.2192746934883, 'epsilon': 24.544349230976643, 'gamma': 0.061596048730501216}. Best is trial 406 with value: 38.90494892453006.
trail number 2569
[I 2025-07-21 19:04:26,219] Trial 2569 finished with value: 44.423118709678434 and parameters: {'C': 986.8043015519655, 'epsilon': 26.034963028659412, 'gamma': 0.05734530857499409}. Best is trial 406 with value: 38.90494892453006.
trail number 2570
[I 2025-07-21 19:04:26,226] Trial 2570 finished with value: 43.586041740670694 and parameters: {'C': 945.9750852634666, 'epsilon': 21.49017165702643, 'gamma': 0.054759154177497944}. Best is trial 406 with value: 38.90494892453006.
trail number 2571
[I 2025-07-21 19:04:26,234] Trial 2571 finished with value: 42.65019639650932 and parameters: {'C': 703.4736183603138, 'epsilon': 29.535119576013216, 'gamma': 0.047899680288849444}. Best is trial 406 with value: 38.90494892453006.
trail number 2573
[I 2025-07-21 19:04:26,270] Trial 2573 finished with value: 51.06410726360734 and parameters: {'C': 1433.808845086849, 'epsilon': 16.896126822701916, 'gamma': 0.497673199393478}. Best is trial 406 with value: 38.90494892453006.
trail number 2572
[I 2025-07-21 19:04:26,285] Trial 2572 finished with value: 43.990644132918966 and parameters: {'C': 907.6816435845121, 'epsilon': 26.24616646033268, 'gamma': 0.055662356564344505}. Best is trial 406 with value: 38.90494892453006.
trail number 2575
[I 2025-07-21 19:04:26,294] Trial 2575 finished with value: 43.580522070792554 and parameters: {'C': 881.8203564459401, 'epsilon': 27.731511836676027, 'gamma': 0.051577895847667816}. Best is trial 406 with value: 38.90494892453006.
trail number 2574
[I 2025-07-21 19:04:26,302] Trial 2574 finished with value: 46.37539149837902 and parameters: {'C': 781.2410595164031, 'epsilon': 25.79030103660159, 'gamma': 0.12342269175643664}. Best is trial 406 with value: 38.90494892453006.
trail number 2576
[I 2025-07-21 19:04:26,315] Trial 2576 finished with value: 39.87656910856102 and parameters: {'C': 806.5408365035587, 'epsilon': 23.3491531359621, 'gamma': 0.0016416618654894986}. Best is trial 406 with value: 38.90494892453006.
trail number 2578
[I 2025-07-21 19:04:26,343] Trial 2578 finished with value: 39.21140007417237 and parameters: {'C': 700.4842510156913, 'epsilon': 28.276302341073965, 'gamma': 0.012598532806265954}. Best is trial 406 with value: 38.90494892453006.
trail number 2579
[I 2025-07-21 19:04:26,359] Trial 2579 finished with value: 42.49811764821802 and parameters: {'C': 813.6861236205275, 'epsilon': 25.541627058995672, 'gamma': 0.04613968479066976}. Best is trial 406 with value: 38.90494892453006.
trail number 2577
[I 2025-07-21 19:04:26,367] Trial 2577 finished with value: 46.643490215931806 and parameters: {'C': 917.140539801184, 'epsilon': 26.108709138777623, 'gamma': 0.11547338985092516}. Best is trial 406 with value: 38.90494892453006.
trail number 2580
[I 2025-07-21 19:04:26,373] Trial 2580 finished with value: 43.83130233553852 and parameters: {'C': 785.2827791561294, 'epsilon': 26.09784578208982, 'gamma': 0.05831886217204747}. Best is trial 406 with value: 38.90494892453006.
trail number 2581
[I 2025-07-21 19:04:26,402] Trial 2581 finished with value: 44.231191296180256 and parameters: {'C': 703.281789945427, 'epsilon': 25.88886013523638, 'gamma': 0.06770504715135298}. Best is trial 406 with value: 38.90494892453006.
trail number 2582
[I 2025-07-21 19:04:26,411] Trial 2582 finished with value: 39.136426624043715 and parameters: {'C': 878.7945412965763, 'epsilon': 27.720230690977868, 'gamma': 0.004642135774736219}. Best is trial 406 with value: 38.90494892453006.
trail number 2584
[I 2025-07-21 19:04:26,431] Trial 2584 finished with value: 47.11289926720865 and parameters: {'C': 806.89903381007, 'epsilon': 28.3359416146143, 'gamma': 0.12844418920894057}. Best is trial 406 with value: 38.90494892453006.
trail number 2583
[I 2025-07-21 19:04:26,431] Trial 2583 finished with value: 45.675940945974425 and parameters: {'C': 704.3864757292497, 'epsilon': 27.839837001078095, 'gamma': 0.11500504249525945}. Best is trial 406 with value: 38.90494892453006.
trail number 2585
[I 2025-07-21 19:04:26,453] Trial 2585 finished with value: 39.06549067911074 and parameters: {'C': 703.3820002371062, 'epsilon': 24.93390711011277, 'gamma': 0.006806675931696661}. Best is trial 406 with value: 38.90494892453006.
trail number 2586
[I 2025-07-21 19:04:26,468] Trial 2586 finished with value: 44.3254567429233 and parameters: {'C': 799.0046501293646, 'epsilon': 29.74233492773482, 'gamma': 0.062478092138227394}. Best is trial 406 with value: 38.90494892453006.
trail number 2588
[I 2025-07-21 19:04:26,481] Trial 2588 finished with value: 39.51565996696312 and parameters: {'C': 804.7620447807901, 'epsilon': 29.407136062507377, 'gamma': 0.003221162989322528}. Best is trial 406 with value: 38.90494892453006.
trail number 2589
[I 2025-07-21 19:04:26,493] Trial 2589 finished with value: 39.838956813093304 and parameters: {'C': 830.3194912063037, 'epsilon': 23.458928240338025, 'gamma': 0.0017229838036734273}. Best is trial 406 with value: 38.90494892453006.
trail number 2587
[I 2025-07-21 19:04:26,501] Trial 2587 finished with value: 47.705302887131005 and parameters: {'C': 897.7653875401164, 'epsilon': 29.743672689634494, 'gamma': 0.18269951671293225}. Best is trial 406 with value: 38.90494892453006.
trail number 2590
[I 2025-07-21 19:04:26,527] Trial 2590 finished with value: 44.88887559788612 and parameters: {'C': 888.4445620021171, 'epsilon': 25.48693689563447, 'gamma': 0.06835614632376547}. Best is trial 406 with value: 38.90494892453006.
trail number 2592
[I 2025-07-21 19:04:26,536] Trial 2592 finished with value: 39.34495128864472 and parameters: {'C': 782.4910871812814, 'epsilon': 26.428069202017692, 'gamma': 0.0035823304339971072}. Best is trial 406 with value: 38.90494892453006.
trail number 2591
[I 2025-07-21 19:04:26,546] Trial 2591 finished with value: 42.60644144303643 and parameters: {'C': 702.2841881690357, 'epsilon': 22.944272200012925, 'gamma': 0.05359506451674994}. Best is trial 406 with value: 38.90494892453006.
trail number 2593
[I 2025-07-21 19:04:26,560] Trial 2593 finished with value: 43.707531458027105 and parameters: {'C': 1028.4861283557789, 'epsilon': 20.34358902927084, 'gamma': 0.0552848182018157}. Best is trial 406 with value: 38.90494892453006.
trail number 2594
[I 2025-07-21 19:04:26,577] Trial 2594 finished with value: 40.83965724956769 and parameters: {'C': 773.7543352170746, 'epsilon': 28.327872274918896, 'gamma': 0.0008213322186140688}. Best is trial 406 with value: 38.90494892453006.
trail number 2595
[I 2025-07-21 19:04:26,598] Trial 2595 finished with value: 44.59454999460634 and parameters: {'C': 809.7070780993969, 'epsilon': 22.799016306526347, 'gamma': 0.07187839479540237}. Best is trial 406 with value: 38.90494892453006.
trail number 2596
[I 2025-07-21 19:04:26,607] Trial 2596 finished with value: 43.37740469891412 and parameters: {'C': 1008.4074633127005, 'epsilon': 26.152750121403784, 'gamma': 0.04728027595242382}. Best is trial 406 with value: 38.90494892453006.
trail number 2597
[I 2025-07-21 19:04:26,616] Trial 2597 finished with value: 46.587519213465995 and parameters: {'C': 908.219363834423, 'epsilon': 24.31794100486878, 'gamma': 0.11779180327327317}. Best is trial 406 with value: 38.90494892453006.
trail number 2598
[I 2025-07-21 19:04:26,629] Trial 2598 finished with value: 45.03915286456427 and parameters: {'C': 839.6672322644987, 'epsilon': 23.815564691861027, 'gamma': 0.07748362885310126}. Best is trial 406 with value: 38.90494892453006.
trail number 2602
[I 2025-07-21 19:04:26,656] Trial 2602 finished with value: 39.08954000153186 and parameters: {'C': 1084.8081848300808, 'epsilon': 29.06570129146524, 'gamma': 0.004732779050396343}. Best is trial 406 with value: 38.90494892453006.
trail number 2600
[I 2025-07-21 19:04:26,671] Trial 2600 finished with value: 44.54031940818882 and parameters: {'C': 835.3215129402611, 'epsilon': 26.94559404350731, 'gamma': 0.06463755072860944}. Best is trial 406 with value: 38.90494892453006.
trail number 2599
[I 2025-07-21 19:04:26,680] Trial 2599 finished with value: 44.751315872111014 and parameters: {'C': 1079.366087338728, 'epsilon': 24.380626599920276, 'gamma': 0.059431101116716664}. Best is trial 406 with value: 38.90494892453006.
trail number 2601
[I 2025-07-21 19:04:26,689] Trial 2601 finished with value: 49.358820009864345 and parameters: {'C': 1082.6357516044454, 'epsilon': 8.16119226737456, 'gamma': 0.18500203376017493}. Best is trial 406 with value: 38.90494892453006.
trail number 2603
[I 2025-07-21 19:04:26,702] Trial 2603 finished with value: 39.83172041871955 and parameters: {'C': 793.5774522171171, 'epsilon': 25.277289637203864, 'gamma': 0.0018935763213551067}. Best is trial 406 with value: 38.90494892453006.
trail number 2604
[I 2025-07-21 19:04:26,725] Trial 2604 finished with value: 40.40557662849055 and parameters: {'C': 793.3001651424032, 'epsilon': 28.23081786213296, 'gamma': 0.001313586211657788}. Best is trial 406 with value: 38.90494892453006.
trail number 2606
[I 2025-07-21 19:04:26,737] Trial 2606 finished with value: 40.33263977730273 and parameters: {'C': 895.3082775304539, 'epsilon': 19.8135741455388, 'gamma': 0.0011291972482092311}. Best is trial 406 with value: 38.90494892453006.
trail number 2605
[I 2025-07-21 19:04:26,745] Trial 2605 finished with value: 40.026586432994876 and parameters: {'C': 1015.2512565379677, 'epsilon': 25.72945722711171, 'gamma': 0.001426261471746698}. Best is trial 406 with value: 38.90494892453006.
trail number 2607
[I 2025-07-21 19:04:26,759] Trial 2607 finished with value: 46.04429172869034 and parameters: {'C': 924.6481065724815, 'epsilon': 29.90461181956058, 'gamma': 0.10090318983215607}. Best is trial 406 with value: 38.90494892453006.
trail number 2609
[I 2025-07-21 19:04:26,781] Trial 2609 finished with value: 42.56614269871038 and parameters: {'C': 785.2747155337654, 'epsilon': 24.435715938608165, 'gamma': 0.0002565177511569903}. Best is trial 406 with value: 38.90494892453006.
trail number 2608
[I 2025-07-21 19:04:26,790] Trial 2608 finished with value: 47.92330470583895 and parameters: {'C': 967.5256969461228, 'epsilon': 19.16377223331144, 'gamma': 0.29199425060824435}. Best is trial 406 with value: 38.90494892453006.
trail number 2611
[I 2025-07-21 19:04:26,805] Trial 2611 finished with value: 39.113076272208176 and parameters: {'C': 700.7286956429887, 'epsilon': 24.846731448225594, 'gamma': 0.009909090860911608}. Best is trial 406 with value: 38.90494892453006.
trail number 2610
[I 2025-07-21 19:04:26,813] Trial 2610 finished with value: 42.94832040462473 and parameters: {'C': 917.4861895438181, 'epsilon': 26.604168320192656, 'gamma': 0.04591822973621086}. Best is trial 406 with value: 38.90494892453006.
trail number 2612
[I 2025-07-21 19:04:26,830] Trial 2612 finished with value: 41.50269778753992 and parameters: {'C': 851.2282647509488, 'epsilon': 26.89670726425841, 'gamma': 0.0003832643907406546}. Best is trial 406 with value: 38.90494892453006.
trail number 2613
[I 2025-07-21 19:04:26,849] Trial 2613 finished with value: 47.14188129414108 and parameters: {'C': 700.0478828185353, 'epsilon': 25.933688657007497, 'gamma': 0.14500124053173363}. Best is trial 406 with value: 38.90494892453006.
trail number 2614
[I 2025-07-21 19:04:26,869] Trial 2614 finished with value: 45.25245976181856 and parameters: {'C': 788.3643919553185, 'epsilon': 27.314711204285533, 'gamma': 0.08219315084064942}. Best is trial 406 with value: 38.90494892453006.
trail number 2615
[I 2025-07-21 19:04:26,879] Trial 2615 finished with value: 45.293448917032194 and parameters: {'C': 969.6493912522791, 'epsilon': 22.07494497289995, 'gamma': 0.07717899566966858}. Best is trial 406 with value: 38.90494892453006.
trail number 2616
[I 2025-07-21 19:04:26,887] Trial 2616 finished with value: 43.64504800072651 and parameters: {'C': 952.0158113453314, 'epsilon': 21.865390206190707, 'gamma': 0.054827110874461446}. Best is trial 406 with value: 38.90494892453006.
trail number 2617
[I 2025-07-21 19:04:26,895] Trial 2617 finished with value: 39.11062825862938 and parameters: {'C': 789.5880668493878, 'epsilon': 29.993051175199053, 'gamma': 0.008075968800593634}. Best is trial 406 with value: 38.90494892453006.
trail number 2619
[I 2025-07-21 19:04:26,922] Trial 2619 finished with value: 43.96865704892775 and parameters: {'C': 797.0970375653956, 'epsilon': 29.835195971300077, 'gamma': 0.00017723919382829634}. Best is trial 406 with value: 38.90494892453006.
trail number 2618
[I 2025-07-21 19:04:26,941] Trial 2618 finished with value: 41.955079252272334 and parameters: {'C': 702.7287533472672, 'epsilon': 27.088440465506423, 'gamma': 0.0448090441446352}. Best is trial 406 with value: 38.90494892453006.
trail number 2620
[I 2025-07-21 19:04:26,954] Trial 2620 finished with value: 43.70579827629915 and parameters: {'C': 865.4275785087673, 'epsilon': 27.66612960331381, 'gamma': 0.05336678277814594}. Best is trial 406 with value: 38.90494892453006.
trail number 2621
[I 2025-07-21 19:04:26,963] Trial 2621 finished with value: 45.93255036075887 and parameters: {'C': 833.5212528954265, 'epsilon': 22.743709879895153, 'gamma': 0.11297955764833206}. Best is trial 406 with value: 38.90494892453006.
trail number 2622
[I 2025-07-21 19:04:26,976] Trial 2622 finished with value: 44.390225487151056 and parameters: {'C': 700.1726576711883, 'epsilon': 26.84392124683165, 'gamma': 0.07007106283053091}. Best is trial 406 with value: 38.90494892453006.
trail number 2623
[I 2025-07-21 19:04:26,992] Trial 2623 finished with value: 51.278671970105826 and parameters: {'C': 964.5803341039971, 'epsilon': 22.268187231253677, 'gamma': 0.4722896623419009}. Best is trial 406 with value: 38.90494892453006.
trail number 2625
[I 2025-07-21 19:04:27,007] Trial 2625 finished with value: 39.7138116684947 and parameters: {'C': 908.559733353133, 'epsilon': 24.117925736345835, 'gamma': 0.0018406710862813157}. Best is trial 406 with value: 38.90494892453006.
trail number 2626
[I 2025-07-21 19:04:27,007] Trial 2626 finished with value: 40.672498977831104 and parameters: {'C': 1017.7399269922495, 'epsilon': 29.561787927595837, 'gamma': 0.0009171100128147116}. Best is trial 406 with value: 38.90494892453006.
trail number 2624
[I 2025-07-21 19:04:27,023] Trial 2624 finished with value: 44.17993984317552 and parameters: {'C': 938.5763181475743, 'epsilon': 23.223104762228452, 'gamma': 0.060056822153789866}. Best is trial 406 with value: 38.90494892453006.
trail number 2627
[I 2025-07-21 19:04:27,045] Trial 2627 finished with value: 43.2254826022698 and parameters: {'C': 791.9529838281487, 'epsilon': 25.262271263443097, 'gamma': 0.05321137416077106}. Best is trial 406 with value: 38.90494892453006.
trail number 2630
[I 2025-07-21 19:04:27,061] Trial 2630 finished with value: 40.75172370574629 and parameters: {'C': 1039.4780047716388, 'epsilon': 20.513911226580507, 'gamma': 0.0005461305781378975}. Best is trial 406 with value: 38.90494892453006.
trail number 2629
[I 2025-07-21 19:04:27,070] Trial 2629 finished with value: 39.27167269011412 and parameters: {'C': 962.3462149113519, 'epsilon': 27.0662690228389, 'gamma': 0.0034074333230714217}. Best is trial 406 with value: 38.90494892453006.
trail number 2628
[I 2025-07-21 19:04:27,085] Trial 2628 finished with value: 45.25856247917714 and parameters: {'C': 952.3463518725376, 'epsilon': 24.082384020464648, 'gamma': 0.07366530231963987}. Best is trial 406 with value: 38.90494892453006.
trail number 2631
[I 2025-07-21 19:04:27,101] Trial 2631 finished with value: 40.08432195185959 and parameters: {'C': 937.4230263806385, 'epsilon': 26.81623078950565, 'gamma': 0.0015703822291510128}. Best is trial 406 with value: 38.90494892453006.
trail number 2633
[I 2025-07-21 19:04:27,127] Trial 2633 finished with value: 47.01685553108031 and parameters: {'C': 977.7598383172103, 'epsilon': 26.348463153929966, 'gamma': 0.11623820878002071}. Best is trial 406 with value: 38.90494892453006.
trail number 2634
[I 2025-07-21 19:04:27,135] Trial 2634 finished with value: 43.25974696783548 and parameters: {'C': 880.0179519737899, 'epsilon': 26.85233658431013, 'gamma': 0.049334651912569284}. Best is trial 406 with value: 38.90494892453006.
trail number 2632
[I 2025-07-21 19:04:27,159] Trial 2632 finished with value: 45.815453354352954 and parameters: {'C': 785.5475269556796, 'epsilon': 22.842775528228557, 'gamma': 0.11615938983089061}. Best is trial 406 with value: 38.90494892453006.
trail number 2635
[I 2025-07-21 19:04:27,168] Trial 2635 finished with value: 48.34864855081504 and parameters: {'C': 1140.6783194150921, 'epsilon': 19.516048799648996, 'gamma': 0.33940451137400973}. Best is trial 406 with value: 38.90494892453006.
trail number 2637
[I 2025-07-21 19:04:27,185] Trial 2637 finished with value: 43.57762135098558 and parameters: {'C': 862.4090280028745, 'epsilon': 25.543705623478317, 'gamma': 0.05398055725943672}. Best is trial 406 with value: 38.90494892453006.
trail number 2636
[I 2025-07-21 19:04:27,185] Trial 2636 finished with value: 44.61733681353151 and parameters: {'C': 791.4806167411964, 'epsilon': 29.8412643639096, 'gamma': 0.0678586183036218}. Best is trial 406 with value: 38.90494892453006.
trail number 2638
[I 2025-07-21 19:04:27,214] Trial 2638 finished with value: 41.308918722878914 and parameters: {'C': 899.6623750065389, 'epsilon': 26.66907447180318, 'gamma': 0.0004372661923678599}. Best is trial 406 with value: 38.90494892453006.
trail number 2639
[I 2025-07-21 19:04:27,244] Trial 2639 finished with value: 45.276062945280856 and parameters: {'C': 1163.7572142026659, 'epsilon': 25.51228879374087, 'gamma': 0.060986476604536155}. Best is trial 406 with value: 38.90494892453006.
trail number 2640
[I 2025-07-21 19:04:27,261] Trial 2640 finished with value: 45.9780162768372 and parameters: {'C': 1071.503767522738, 'epsilon': 25.142001058584704, 'gamma': 0.07720515321869445}. Best is trial 406 with value: 38.90494892453006.
trail number 2641
[I 2025-07-21 19:04:27,261] Trial 2641 finished with value: 46.26706297697352 and parameters: {'C': 1029.9780373250346, 'epsilon': 26.749345769751436, 'gamma': 0.0947117147542423}. Best is trial 406 with value: 38.90494892453006.
trail number 2642
[I 2025-07-21 19:04:27,266] Trial 2642 finished with value: 39.88450013544916 and parameters: {'C': 1276.4716452583698, 'epsilon': 10.408957207356199, 'gamma': 0.005776152678635682}. Best is trial 406 with value: 38.90494892453006.
trail number 2644
[I 2025-07-21 19:04:27,311] Trial 2644 finished with value: 40.489235906299406 and parameters: {'C': 701.6851835513369, 'epsilon': 24.96404289988104, 'gamma': 0.033519001272234915}. Best is trial 406 with value: 38.90494892453006.
trail number 2643
[I 2025-07-21 19:04:27,320] Trial 2643 finished with value: 43.69761692849449 and parameters: {'C': 980.5860208141362, 'epsilon': 26.818739269363558, 'gamma': 0.0506917874399059}. Best is trial 406 with value: 38.90494892453006.
trail number 2646
[I 2025-07-21 19:04:27,328] Trial 2646 finished with value: 44.23031924655985 and parameters: {'C': 844.2918791253014, 'epsilon': 28.067711977119647, 'gamma': 0.059435147624327084}. Best is trial 406 with value: 38.90494892453006.
trail number 2645
[I 2025-07-21 19:04:27,344] Trial 2645 finished with value: 43.27205815840118 and parameters: {'C': 858.2367180416556, 'epsilon': 23.985543415943273, 'gamma': 0.052671536040657725}. Best is trial 406 with value: 38.90494892453006.
trail number 2647
[I 2025-07-21 19:04:27,363] Trial 2647 finished with value: 40.49107354540304 and parameters: {'C': 807.1035112487107, 'epsilon': 25.769564198748643, 'gamma': 0.0008106047823489056}. Best is trial 406 with value: 38.90494892453006.
trail number 2648
[I 2025-07-21 19:04:27,382] Trial 2648 finished with value: 39.677252820424215 and parameters: {'C': 814.1495697139464, 'epsilon': 22.149868543079307, 'gamma': 0.002316546854407754}. Best is trial 406 with value: 38.90494892453006.
trail number 2649
[I 2025-07-21 19:04:27,393] Trial 2649 finished with value: 43.42132321171428 and parameters: {'C': 700.0817924248488, 'epsilon': 20.875555744020005, 'gamma': 0.06301174707198587}. Best is trial 406 with value: 38.90494892453006.
trail number 2651
[I 2025-07-21 19:04:27,409] Trial 2651 finished with value: 39.07219817239671 and parameters: {'C': 700.8892547321431, 'epsilon': 26.698264046665138, 'gamma': 0.01269247658460106}. Best is trial 406 with value: 38.90494892453006.
trail number 2650
