[I 2025-07-21 19:04:39,068] Trial 3355 finished with value: 45.9953657137443 and parameters: {'C': 789.8014601051098, 'epsilon': 26.517323835223227, 'gamma': 0.11567393521765526}. Best is trial 406 with value: 38.90494892453006.
trail number 3358
[I 2025-07-21 19:04:39,105] Trial 3358 finished with value: 40.12558422989632 and parameters: {'C': 842.7952371044087, 'epsilon': 29.748955926495096, 'gamma': 0.0017967281935995427}. Best is trial 406 with value: 38.90494892453006.
trail number 3356
[I 2025-07-21 19:04:39,120] Trial 3356 finished with value: 50.18462185628012 and parameters: {'C': 1491.9933272765447, 'epsilon': 12.989391237566402, 'gamma': 0.47921826187332234}. Best is trial 406 with value: 38.90494892453006.
trail number 3357
[I 2025-07-21 19:04:39,143] Trial 3357 finished with value: 47.062675524272684 and parameters: {'C': 1023.2895482120323, 'epsilon': 29.912126120200508, 'gamma': 0.10934108081137378}. Best is trial 406 with value: 38.90494892453006.
trail number 3359
[I 2025-07-21 19:04:39,153] Trial 3359 finished with value: 42.64296403676486 and parameters: {'C': 1052.7157509410033, 'epsilon': 20.82076071805889, 'gamma': 0.04478512579909488}. Best is trial 406 with value: 38.90494892453006.
trail number 3360
[I 2025-07-21 19:04:39,164] Trial 3360 finished with value: 39.14176108555448 and parameters: {'C': 780.2917319894873, 'epsilon': 24.80282671464906, 'gamma': 0.007759322086871053}. Best is trial 406 with value: 38.90494892453006.
trail number 3361
[I 2025-07-21 19:04:39,174] Trial 3361 finished with value: 40.973523144763014 and parameters: {'C': 806.7307334195714, 'epsilon': 27.605844525221077, 'gamma': 0.0007448852056014628}. Best is trial 406 with value: 38.90494892453006.
trail number 3362
[I 2025-07-21 19:04:39,205] Trial 3362 finished with value: 41.083076754903615 and parameters: {'C': 939.9406465046293, 'epsilon': 27.34099832830068, 'gamma': 0.0005859565897518692}. Best is trial 406 with value: 38.90494892453006.
trail number 3364
[I 2025-07-21 19:04:39,205] Trial 3364 finished with value: 41.90216419941707 and parameters: {'C': 827.3699346491414, 'epsilon': 27.218904438001392, 'gamma': 0.00031265765176663116}. Best is trial 406 with value: 38.90494892453006.
trail number 3363
[I 2025-07-21 19:04:39,229] Trial 3363 finished with value: 51.49093206947091 and parameters: {'C': 731.5423806187847, 'epsilon': 21.271929380970754, 'gamma': 0.4897805965740182}. Best is trial 406 with value: 38.90494892453006.
trail number 3365
[I 2025-07-21 19:04:39,254] Trial 3365 finished with value: 49.39099656628385 and parameters: {'C': 1336.9855191167464, 'epsilon': 12.818507519032163, 'gamma': 0.1780787455244456}. Best is trial 406 with value: 38.90494892453006.
trail number 3368
[I 2025-07-21 19:04:39,267] Trial 3368 finished with value: 40.28868459393435 and parameters: {'C': 702.6831695505404, 'epsilon': 27.974033417916633, 'gamma': 0.001545073002047718}. Best is trial 406 with value: 38.90494892453006.
trail number 3367
[I 2025-07-21 19:04:39,277] Trial 3367 finished with value: 39.78353321352263 and parameters: {'C': 955.7325732003944, 'epsilon': 21.083397137364567, 'gamma': 0.0019839786847052777}. Best is trial 406 with value: 38.90494892453006.
trail number 3366
[I 2025-07-21 19:04:39,288] Trial 3366 finished with value: 43.22668104091602 and parameters: {'C': 754.8812440192767, 'epsilon': 22.324241051596196, 'gamma': 0.056840217347094976}. Best is trial 406 with value: 38.90494892453006.
trail number 3372
[I 2025-07-21 19:04:39,319] Trial 3372 finished with value: 41.05620892494791 and parameters: {'C': 797.0346502776981, 'epsilon': 21.80983558581532, 'gamma': 0.0005112338516287049}. Best is trial 406 with value: 38.90494892453006.
trail number 3369
[I 2025-07-21 19:04:39,319] Trial 3369 finished with value: 40.12201534830901 and parameters: {'C': 1051.9138322707588, 'epsilon': 26.577671217037263, 'gamma': 0.0013928519575823906}. Best is trial 406 with value: 38.90494892453006.
trail number 3371
[I 2025-07-21 19:04:39,348] Trial 3371 finished with value: 44.59359059787708 and parameters: {'C': 945.8302816432636, 'epsilon': 27.243333081095795, 'gamma': 0.060209664635449404}. Best is trial 406 with value: 38.90494892453006.
trail number 3370
[I 2025-07-21 19:04:39,368] Trial 3370 finished with value: 42.448163226149454 and parameters: {'C': 864.7534850869345, 'epsilon': 25.403175581283712, 'gamma': 0.04441633874674912}. Best is trial 406 with value: 38.90494892453006.
trail number 3374
[I 2025-07-21 19:04:39,381] Trial 3374 finished with value: 39.11292185780095 and parameters: {'C': 765.7196374733472, 'epsilon': 29.910943301196696, 'gamma': 0.005618990713204345}. Best is trial 406 with value: 38.90494892453006.
trail number 3375
[I 2025-07-21 19:04:39,403] Trial 3375 finished with value: 39.53307938445987 and parameters: {'C': 1102.760422539589, 'epsilon': 13.516813918209193, 'gamma': 0.011559485231243564}. Best is trial 406 with value: 38.90494892453006.
trail number 3373
[I 2025-07-21 19:04:39,415] Trial 3373 finished with value: 43.890731720545624 and parameters: {'C': 907.1635621842431, 'epsilon': 23.943741513552652, 'gamma': 0.0568895863804611}. Best is trial 406 with value: 38.90494892453006.
trail number 3377
[I 2025-07-21 19:04:39,429] Trial 3377 finished with value: 39.17544619615455 and parameters: {'C': 705.759833462281, 'epsilon': 26.281591345817866, 'gamma': 0.004989837180225044}. Best is trial 406 with value: 38.90494892453006.
trail number 3376
[I 2025-07-21 19:04:39,454] Trial 3376 finished with value: 44.60608372007445 and parameters: {'C': 778.2258279307405, 'epsilon': 26.024674821024888, 'gamma': 0.06970534249594974}. Best is trial 406 with value: 38.90494892453006.
trail number 3379
[I 2025-07-21 19:04:39,473] Trial 3379 finished with value: 39.43076102406667 and parameters: {'C': 702.4743901804067, 'epsilon': 29.93076052249896, 'gamma': 0.003887707771864267}. Best is trial 406 with value: 38.90494892453006.
trail number 3380
[I 2025-07-21 19:04:39,494] Trial 3380 finished with value: 42.67165939558673 and parameters: {'C': 800.4469763454692, 'epsilon': 25.098135554744598, 'gamma': 0.048657678987287706}. Best is trial 406 with value: 38.90494892453006.
trail number 3378
[I 2025-07-21 19:04:39,503] Trial 3378 finished with value: 43.865381342092505 and parameters: {'C': 935.4960847296511, 'epsilon': 23.337979437847938, 'gamma': 0.05652788907328033}. Best is trial 406 with value: 38.90494892453006.
trail number 3381
[I 2025-07-21 19:04:39,524] Trial 3381 finished with value: 39.33666085890085 and parameters: {'C': 701.6070376885593, 'epsilon': 29.59511094669585, 'gamma': 0.004281807422126578}. Best is trial 406 with value: 38.90494892453006.
trail number 3382
[I 2025-07-21 19:04:39,535] Trial 3382 finished with value: 39.20151003565453 and parameters: {'C': 1199.3373057931967, 'epsilon': 27.075345463482194, 'gamma': 0.007671345780346682}. Best is trial 406 with value: 38.90494892453006.
trail number 3386
[I 2025-07-21 19:04:39,577] Trial 3386 finished with value: 44.32057870180334 and parameters: {'C': 1027.298361491558, 'epsilon': 29.172625621392843, 'gamma': 0.0538559807310697}. Best is trial 406 with value: 38.90494892453006.
trail number 3385
[I 2025-07-21 19:04:39,590] Trial 3385 finished with value: 44.830364229449074 and parameters: {'C': 1063.566476601203, 'epsilon': 24.766224510384617, 'gamma': 0.06063032773494237}. Best is trial 406 with value: 38.90494892453006.
trail number 3383
[I 2025-07-21 19:04:39,595] Trial 3383 finished with value: 44.14331166284529 and parameters: {'C': 707.2092313407759, 'epsilon': 21.890762200704472, 'gamma': 0.07255574178414247}. Best is trial 406 with value: 38.90494892453006.
trail number 3384
[I 2025-07-21 19:04:39,608] Trial 3384 finished with value: 45.861228664725346 and parameters: {'C': 886.5390362984915, 'epsilon': 27.26992026839888, 'gamma': 0.098419522670686}. Best is trial 406 with value: 38.90494892453006.
trail number 3388
[I 2025-07-21 19:04:39,652] Trial 3388 finished with value: 49.78769133555121 and parameters: {'C': 1054.4813834243232, 'epsilon': 8.621582345130186, 'gamma': 0.4810448483747599}. Best is trial 406 with value: 38.90494892453006.
trail number 3387
[I 2025-07-21 19:04:39,664] Trial 3387 finished with value: 43.87180257297744 and parameters: {'C': 784.9090282264724, 'epsilon': 27.986902122548805, 'gamma': 0.05737230473232251}. Best is trial 406 with value: 38.90494892453006.
trail number 3389
[I 2025-07-21 19:04:39,683] Trial 3389 finished with value: 42.706685369969605 and parameters: {'C': 819.1738823401054, 'epsilon': 27.479888678166162, 'gamma': 0.04621704676875979}. Best is trial 406 with value: 38.90494892453006.
trail number 3390
[I 2025-07-21 19:04:39,692] Trial 3390 finished with value: 43.85455170569886 and parameters: {'C': 846.2057621560558, 'epsilon': 28.164114539198884, 'gamma': 0.055012792668980855}. Best is trial 406 with value: 38.90494892453006.
trail number 3391
[I 2025-07-21 19:04:39,718] Trial 3391 finished with value: 42.55857425005546 and parameters: {'C': 786.0934902656892, 'epsilon': 27.333953472881603, 'gamma': 0.046281640066305106}. Best is trial 406 with value: 38.90494892453006.
trail number 3393
[I 2025-07-21 19:04:39,735] Trial 3393 finished with value: 43.489107304234466 and parameters: {'C': 980.4447028748007, 'epsilon': 27.376122300186935, 'gamma': 0.00015832575009922748}. Best is trial 406 with value: 38.90494892453006.
trail number 3392
[I 2025-07-21 19:04:39,743] Trial 3392 finished with value: 40.53086648831613 and parameters: {'C': 1191.4296487091287, 'epsilon': 8.444893914164275, 'gamma': 0.03526960965825446}. Best is trial 406 with value: 38.90494892453006.
trail number 3394
[I 2025-07-21 19:04:39,771] Trial 3394 finished with value: 45.19016652950205 and parameters: {'C': 700.2885335455293, 'epsilon': 27.185118749136656, 'gamma': 0.09297774736291468}. Best is trial 406 with value: 38.90494892453006.
trail number 3395
[I 2025-07-21 19:04:39,781] Trial 3395 finished with value: 45.09449025985343 and parameters: {'C': 705.4936115129734, 'epsilon': 29.40292657693807, 'gamma': 0.09515027874698465}. Best is trial 406 with value: 38.90494892453006.
trail number 3397
[I 2025-07-21 19:04:39,799] Trial 3397 finished with value: 42.101930327730926 and parameters: {'C': 797.204248092296, 'epsilon': 24.959071902611925, 'gamma': 0.04445954874754019}. Best is trial 406 with value: 38.90494892453006.
trail number 3396
[I 2025-07-21 19:04:39,816] Trial 3396 finished with value: 46.76183596544438 and parameters: {'C': 708.3254204388699, 'epsilon': 27.234998148422157, 'gamma': 0.1343791985583341}. Best is trial 406 with value: 38.90494892453006.
trail number 3400
[I 2025-07-21 19:04:39,839] Trial 3400 finished with value: 40.81791933018283 and parameters: {'C': 933.1559686726525, 'epsilon': 21.34920612468567, 'gamma': 0.0005226545727598751}. Best is trial 406 with value: 38.90494892453006.
trail number 3398
[I 2025-07-21 19:04:39,846] Trial 3398 finished with value: 41.08399610371861 and parameters: {'C': 881.43211756428, 'epsilon': 22.212050554059225, 'gamma': 0.000473578356757506}. Best is trial 406 with value: 38.90494892453006.
trail number 3399
[I 2025-07-21 19:04:39,860] Trial 3399 finished with value: 42.131610582613504 and parameters: {'C': 891.098984177597, 'epsilon': 24.03537030694571, 'gamma': 0.0428147690254403}. Best is trial 406 with value: 38.90494892453006.
trail number 3401
[I 2025-07-21 19:04:39,883] Trial 3401 finished with value: 39.74434055169803 and parameters: {'C': 847.6186986325441, 'epsilon': 21.94494416267053, 'gamma': 0.002051123800072179}. Best is trial 406 with value: 38.90494892453006.
trail number 3402
[I 2025-07-21 19:04:39,912] Trial 3402 finished with value: 45.72140536723557 and parameters: {'C': 868.9069231712266, 'epsilon': 25.47257039078904, 'gamma': 0.09480951328717792}. Best is trial 406 with value: 38.90494892453006.
trail number 3404
[I 2025-07-21 19:04:39,931] Trial 3404 finished with value: 46.061488634534 and parameters: {'C': 891.7777651439741, 'epsilon': 19.713310128479225, 'gamma': 0.11744735284754176}. Best is trial 406 with value: 38.90494892453006.
trail number 3403
[I 2025-07-21 19:04:39,950] Trial 3403 finished with value: 46.53191603567444 and parameters: {'C': 932.2951546520829, 'epsilon': 19.90355133245075, 'gamma': 0.12273884531653398}. Best is trial 406 with value: 38.90494892453006.
trail number 3405
[I 2025-07-21 19:04:39,960] Trial 3405 finished with value: 44.27769090848928 and parameters: {'C': 1045.6706847592736, 'epsilon': 20.673022135511914, 'gamma': 0.061088272846561875}. Best is trial 406 with value: 38.90494892453006.
trail number 3407
[I 2025-07-21 19:04:39,976] Trial 3407 finished with value: 40.480701933377915 and parameters: {'C': 797.8683499913099, 'epsilon': 26.80898674335279, 'gamma': 0.0008728999244417644}. Best is trial 406 with value: 38.90494892453006.
trail number 3406
[I 2025-07-21 19:04:39,983] Trial 3406 finished with value: 42.00611128517586 and parameters: {'C': 781.1518092969723, 'epsilon': 24.320554255367536, 'gamma': 0.04459830885530064}. Best is trial 406 with value: 38.90494892453006.
trail number 3411
[I 2025-07-21 19:04:40,018] Trial 3411 finished with value: 39.40618191951086 and parameters: {'C': 702.2279707163394, 'epsilon': 27.654197712501425, 'gamma': 0.0034909195316180867}. Best is trial 406 with value: 38.90494892453006.
trail number 3410
[I 2025-07-21 19:04:40,039] Trial 3410 finished with value: 40.749866864639706 and parameters: {'C': 705.6276950890144, 'epsilon': 22.240576363013318, 'gamma': 0.03756044860437992}. Best is trial 406 with value: 38.90494892453006.
trail number 3409
[I 2025-07-21 19:04:40,049] Trial 3409 finished with value: 47.70253012222407 and parameters: {'C': 1019.8627052362408, 'epsilon': 27.700957948829235, 'gamma': 0.18350057269538855}. Best is trial 406 with value: 38.90494892453006.
trail number 3408
[I 2025-07-21 19:04:40,062] Trial 3408 finished with value: 44.13820021848088 and parameters: {'C': 1130.1929083019636, 'epsilon': 26.96029827128323, 'gamma': 0.05051893102251567}. Best is trial 406 with value: 38.90494892453006.
trail number 3412
[I 2025-07-21 19:04:40,090] Trial 3412 finished with value: 45.904703165532524 and parameters: {'C': 1059.8517878524203, 'epsilon': 26.505950301016792, 'gamma': 0.07504479918797846}. Best is trial 406 with value: 38.90494892453006.
trail number 3414
[I 2025-07-21 19:04:40,130] Trial 3414 finished with value: 44.301314696782256 and parameters: {'C': 1116.424553114636, 'epsilon': 27.41512022164774, 'gamma': 0.05168529368151026}. Best is trial 406 with value: 38.90494892453006.
trail number 3415
[I 2025-07-21 19:04:40,141] Trial 3415 finished with value: 44.66829361746535 and parameters: {'C': 962.9749403728999, 'epsilon': 27.981097115820127, 'gamma': 0.06084053889381013}. Best is trial 406 with value: 38.90494892453006.
trail number 3413
[I 2025-07-21 19:04:40,154] Trial 3413 finished with value: 46.68581990165575 and parameters: {'C': 1078.9928595705653, 'epsilon': 26.089035459305094, 'gamma': 0.10204308797990677}. Best is trial 406 with value: 38.90494892453006.
trail number 3416
[I 2025-07-21 19:04:40,164] Trial 3416 finished with value: 46.35579231473707 and parameters: {'C': 887.9885526818891, 'epsilon': 23.794875994787635, 'gamma': 0.11556702023140472}. Best is trial 406 with value: 38.90494892453006.
trail number 3418
[I 2025-07-21 19:04:40,207] Trial 3418 finished with value: 39.20348263829366 and parameters: {'C': 925.7695500313052, 'epsilon': 25.535377323396755, 'gamma': 0.004302917508632145}. Best is trial 406 with value: 38.90494892453006.
trail number 3417
[I 2025-07-21 19:04:40,229] Trial 3417 finished with value: 44.75553851533273 and parameters: {'C': 917.3778134874278, 'epsilon': 28.2459995076849, 'gamma': 0.06385723283346245}. Best is trial 406 with value: 38.90494892453006.
trail number 3420
[I 2025-07-21 19:04:40,241] Trial 3420 finished with value: 43.84829327192283 and parameters: {'C': 702.0387686452052, 'epsilon': 23.73263836294486, 'gamma': 0.06444684733547779}. Best is trial 406 with value: 38.90494892453006.
trail number 3419
[I 2025-07-21 19:04:40,242] Trial 3419 finished with value: 43.682770079962 and parameters: {'C': 926.6336831186619, 'epsilon': 29.96917671660368, 'gamma': 0.050003579327444536}. Best is trial 406 with value: 38.90494892453006.
trail number 3421
[I 2025-07-21 19:04:40,274] Trial 3421 finished with value: 39.715270329632524 and parameters: {'C': 975.4698667008182, 'epsilon': 22.631741550728776, 'gamma': 0.0020395994935667617}. Best is trial 406 with value: 38.90494892453006.
trail number 3422
[I 2025-07-21 19:04:40,299] Trial 3422 finished with value: 41.83207174760257 and parameters: {'C': 806.3465910736278, 'epsilon': 27.27035989887089, 'gamma': 0.0003290338878903856}. Best is trial 406 with value: 38.90494892453006.
trail number 3424
[I 2025-07-21 19:04:40,313] Trial 3424 finished with value: 40.41983681630612 and parameters: {'C': 1001.931360768228, 'epsilon': 29.245003933093248, 'gamma': 0.0011841559614511766}. Best is trial 406 with value: 38.90494892453006.
trail number 3423
[I 2025-07-21 19:04:40,329] Trial 3423 finished with value: 42.95128608649524 and parameters: {'C': 779.2397741347474, 'epsilon': 28.130486043269567, 'gamma': 0.04886274093674814}. Best is trial 406 with value: 38.90494892453006.
trail number 3425
[I 2025-07-21 19:04:40,340] Trial 3425 finished with value: 41.1771124773653 and parameters: {'C': 856.6527054876632, 'epsilon': 23.290753138072173, 'gamma': 0.000435004067201112}. Best is trial 406 with value: 38.90494892453006.
trail number 3426
[I 2025-07-21 19:04:40,369] Trial 3426 finished with value: 41.42045302497312 and parameters: {'C': 866.7478594449669, 'epsilon': 25.06703308501776, 'gamma': 0.03731876082330721}. Best is trial 406 with value: 38.90494892453006.
trail number 3428
[I 2025-07-21 19:04:40,381] Trial 3428 finished with value: 40.31783947320288 and parameters: {'C': 955.2034939787967, 'epsilon': 29.66416101642544, 'gamma': 0.0013484147393638055}. Best is trial 406 with value: 38.90494892453006.
trail number 3427
[I 2025-07-21 19:04:40,392] Trial 3427 finished with value: 39.81503902374626 and parameters: {'C': 898.5465199491869, 'epsilon': 23.9936399670309, 'gamma': 0.0017057814127136098}. Best is trial 406 with value: 38.90494892453006.
trail number 3429
[I 2025-07-21 19:04:40,410] Trial 3429 finished with value: 42.28241979130824 and parameters: {'C': 703.1783965272741, 'epsilon': 24.524031929561417, 'gamma': 0.04938674990539545}. Best is trial 406 with value: 38.90494892453006.
trail number 3431
[I 2025-07-21 19:04:40,450] Trial 3431 finished with value: 43.83553691869931 and parameters: {'C': 933.5403967121078, 'epsilon': 24.574363588365493, 'gamma': 0.05491371684332534}. Best is trial 406 with value: 38.90494892453006.
trail number 3430
[I 2025-07-21 19:04:40,461] Trial 3430 finished with value: 45.49015413483327 and parameters: {'C': 1165.4736323834347, 'epsilon': 23.547338383749484, 'gamma': 0.06615909111047395}. Best is trial 406 with value: 38.90494892453006.
trail number 3432
[I 2025-07-21 19:04:40,483] Trial 3432 finished with value: 44.15915794719569 and parameters: {'C': 1008.4269204573585, 'epsilon': 22.311276807248625, 'gamma': 0.05902340723742469}. Best is trial 406 with value: 38.90494892453006.
trail number 3433
[I 2025-07-21 19:04:40,493] Trial 3433 finished with value: 43.901479217728735 and parameters: {'C': 971.3644506260798, 'epsilon': 23.950743148276683, 'gamma': 0.05524037698334196}. Best is trial 406 with value: 38.90494892453006.
trail number 3435
[I 2025-07-21 19:04:40,512] Trial 3435 finished with value: 41.47308448877349 and parameters: {'C': 770.1028297685488, 'epsilon': 25.5029128572095, 'gamma': 0.0004084835353114647}. Best is trial 406 with value: 38.90494892453006.
trail number 3434
[I 2025-07-21 19:04:40,532] Trial 3434 finished with value: 45.85137435530694 and parameters: {'C': 817.45438076289, 'epsilon': 28.073359115752, 'gamma': 0.10726698240859038}. Best is trial 406 with value: 38.90494892453006.
trail number 3437
[I 2025-07-21 19:04:40,553] Trial 3437 finished with value: 41.172240923697906 and parameters: {'C': 733.1993285590394, 'epsilon': 23.148760657896386, 'gamma': 0.0005236030041973552}. Best is trial 406 with value: 38.90494892453006.
trail number 3436
[I 2025-07-21 19:04:40,573] Trial 3436 finished with value: 43.305273072726195 and parameters: {'C': 787.3738944042882, 'epsilon': 25.358350517596268, 'gamma': 0.05395230726965012}. Best is trial 406 with value: 38.90494892453006.
trail number 3438
[I 2025-07-21 19:04:40,583] Trial 3438 finished with value: 44.52978075364903 and parameters: {'C': 987.6334184624914, 'epsilon': 25.295157736537707, 'gamma': 0.0592380737226375}. Best is trial 406 with value: 38.90494892453006.
trail number 3440
[I 2025-07-21 19:04:40,606] Trial 3440 finished with value: 40.02741375270057 and parameters: {'C': 897.3797657216494, 'epsilon': 25.774391663238724, 'gamma': 0.001576979221786753}. Best is trial 406 with value: 38.90494892453006.
trail number 3439
[I 2025-07-21 19:04:40,621] Trial 3439 finished with value: 48.82769106112835 and parameters: {'C': 1241.1304403136082, 'epsilon': 18.354170131350518, 'gamma': 0.14839958707668613}. Best is trial 406 with value: 38.90494892453006.
trail number 3441
[I 2025-07-21 19:04:40,634] Trial 3441 finished with value: 40.523688103606894 and parameters: {'C': 710.508985284618, 'epsilon': 26.885987027941137, 'gamma': 0.000945108924191757}. Best is trial 406 with value: 38.90494892453006.
trail number 3442
[I 2025-07-21 19:04:40,644] Trial 3442 finished with value: 41.35917617203306 and parameters: {'C': 844.199091186714, 'epsilon': 24.78945094468748, 'gamma': 0.0003850183218547937}. Best is trial 406 with value: 38.90494892453006.
trail number 3445
