[I 2025-07-21 19:04:33,106] Trial 3004 finished with value: 43.35878286311018 and parameters: {'C': 761.131696231744, 'epsilon': 23.453684354442345, 'gamma': 0.05688038109302675}. Best is trial 406 with value: 38.90494892453006.
trail number 3003
[I 2025-07-21 19:04:33,117] Trial 3003 finished with value: 45.650980585234635 and parameters: {'C': 1024.607631665898, 'epsilon': 26.392536000453955, 'gamma': 0.07146834316757084}. Best is trial 406 with value: 38.90494892453006.
trail number 3005
trail number 3006
[I 2025-07-21 19:04:33,117] Trial 3005 finished with value: 43.51277804675426 and parameters: {'C': 988.4981616262718, 'epsilon': 22.926624620197522, 'gamma': 0.05183050526825726}. Best is trial 406 with value: 38.90494892453006.
[I 2025-07-21 19:04:33,117] Trial 3006 finished with value: 46.100848958990625 and parameters: {'C': 797.6530202316837, 'epsilon': 26.23020066818309, 'gamma': 0.11719034250744446}. Best is trial 406 with value: 38.90494892453006.
trail number 3007
[I 2025-07-21 19:04:33,173] Trial 3007 finished with value: 41.06901615768996 and parameters: {'C': 773.1115699224762, 'epsilon': 24.12741927880585, 'gamma': 0.0005996939824014572}. Best is trial 406 with value: 38.90494892453006.
trail number 3010
[I 2025-07-21 19:04:33,186] Trial 3010 finished with value: 41.29472782969846 and parameters: {'C': 702.7695271589373, 'epsilon': 24.96548140104941, 'gamma': 0.04069044864517533}. Best is trial 406 with value: 38.90494892453006.
trail number 3008
[I 2025-07-21 19:04:33,206] Trial 3008 finished with value: 46.40526545630022 and parameters: {'C': 1356.7043547747455, 'epsilon': 14.11682633039013, 'gamma': 0.08415962200636248}. Best is trial 406 with value: 38.90494892453006.
trail number 3009
[I 2025-07-21 19:04:33,216] Trial 3009 finished with value: 42.99487649669829 and parameters: {'C': 1036.800124329287, 'epsilon': 17.70195354664545, 'gamma': 0.05161886485087361}. Best is trial 406 with value: 38.90494892453006.
trail number 3012
[I 2025-07-21 19:04:33,231] Trial 3012 finished with value: 40.66712233314837 and parameters: {'C': 880.5705110122506, 'epsilon': 24.44019810349556, 'gamma': 0.000728055045318558}. Best is trial 406 with value: 38.90494892453006.
trail number 3011
[I 2025-07-21 19:04:33,255] Trial 3011 finished with value: 43.38555294310678 and parameters: {'C': 926.9179441783804, 'epsilon': 24.762321284512225, 'gamma': 0.05099621178620604}. Best is trial 406 with value: 38.90494892453006.
trail number 3013
[I 2025-07-21 19:04:33,281] Trial 3013 finished with value: 43.58803555149971 and parameters: {'C': 959.7681276686144, 'epsilon': 19.110251268058757, 'gamma': 0.05774882113525223}. Best is trial 406 with value: 38.90494892453006.
trail number 3015
[I 2025-07-21 19:04:33,281] Trial 3015 finished with value: 42.777346376472586 and parameters: {'C': 905.2389171582375, 'epsilon': 27.890119212210116, 'gamma': 0.044095891964354414}. Best is trial 406 with value: 38.90494892453006.
trail number 3014
[I 2025-07-21 19:04:33,308] Trial 3014 finished with value: 46.03439523951719 and parameters: {'C': 850.4631008015476, 'epsilon': 28.05230061297192, 'gamma': 0.10789888948468747}. Best is trial 406 with value: 38.90494892453006.
trail number 3016
[I 2025-07-21 19:04:33,327] Trial 3016 finished with value: 42.47628696755917 and parameters: {'C': 773.9790896029225, 'epsilon': 27.00125516978448, 'gamma': 0.0462771297688503}. Best is trial 406 with value: 38.90494892453006.
trail number 3018
[I 2025-07-21 19:04:33,348] Trial 3018 finished with value: 43.31325920303866 and parameters: {'C': 881.2611127836141, 'epsilon': 26.958150408760375, 'gamma': 0.04966543053064408}. Best is trial 406 with value: 38.90494892453006.
trail number 3017
[I 2025-07-21 19:04:33,358] Trial 3017 finished with value: 46.50109804466446 and parameters: {'C': 911.9362187534531, 'epsilon': 25.920733526441502, 'gamma': 0.11400215866132775}. Best is trial 406 with value: 38.90494892453006.
trail number 3020
[I 2025-07-21 19:04:33,379] Trial 3020 finished with value: 39.572330642800026 and parameters: {'C': 876.5397885873597, 'epsilon': 22.916136960312976, 'gamma': 0.002583318274810748}. Best is trial 406 with value: 38.90494892453006.
trail number 3019
[I 2025-07-21 19:04:33,388] Trial 3019 finished with value: 43.64669513562258 and parameters: {'C': 950.359553210657, 'epsilon': 23.230604702890737, 'gamma': 0.053761056298368824}. Best is trial 406 with value: 38.90494892453006.
trail number 3022
[I 2025-07-21 19:04:33,398] Trial 3022 finished with value: 41.57566690153009 and parameters: {'C': 703.8121695373526, 'epsilon': 28.7169444102584, 'gamma': 0.0005125476132566333}. Best is trial 406 with value: 38.90494892453006.
trail number 3021
[I 2025-07-21 19:04:33,412] Trial 3021 finished with value: 39.27500236831278 and parameters: {'C': 703.2449316754579, 'epsilon': 27.190037750644056, 'gamma': 0.003972047613197048}. Best is trial 406 with value: 38.90494892453006.
trail number 3023
[I 2025-07-21 19:04:33,448] Trial 3023 finished with value: 40.836730840078914 and parameters: {'C': 816.2634983456193, 'epsilon': 26.37406500608342, 'gamma': 0.0006920477606748299}. Best is trial 406 with value: 38.90494892453006.
trail number 3025
[I 2025-07-21 19:04:33,459] Trial 3025 finished with value: 43.95119944054666 and parameters: {'C': 808.9433930652583, 'epsilon': 28.215628456220927, 'gamma': 0.057141702058188006}. Best is trial 406 with value: 38.90494892453006.
trail number 3026
[I 2025-07-21 19:04:33,474] Trial 3026 finished with value: 43.98160621094131 and parameters: {'C': 772.9917770684293, 'epsilon': 25.039678607544005, 'gamma': 0.0611678873903304}. Best is trial 406 with value: 38.90494892453006.
trail number 3024
[I 2025-07-21 19:04:33,492] Trial 3024 finished with value: 43.05578583705383 and parameters: {'C': 1006.9645938408826, 'epsilon': 26.545487848161837, 'gamma': 0.04456151944896326}. Best is trial 406 with value: 38.90494892453006.
trail number 3027
[I 2025-07-21 19:04:33,515] Trial 3027 finished with value: 39.24596046477868 and parameters: {'C': 793.8559331013222, 'epsilon': 29.954762875567667, 'gamma': 0.004297927766564714}. Best is trial 406 with value: 38.90494892453006.
trail number 3028
[I 2025-07-21 19:04:33,515] Trial 3028 finished with value: 45.66789173533766 and parameters: {'C': 865.2258163592783, 'epsilon': 21.823258806471788, 'gamma': 0.10006962713850413}. Best is trial 406 with value: 38.90494892453006.
trail number 3029
[I 2025-07-21 19:04:33,537] Trial 3029 finished with value: 43.63928806383547 and parameters: {'C': 1043.2997114733719, 'epsilon': 25.566652503507484, 'gamma': 0.04940748256934241}. Best is trial 406 with value: 38.90494892453006.
trail number 3030
[I 2025-07-21 19:04:33,549] Trial 3030 finished with value: 40.38298042455257 and parameters: {'C': 781.5253692533399, 'epsilon': 23.80478103543728, 'gamma': 0.001210648042663914}. Best is trial 406 with value: 38.90494892453006.
trail number 3031
[I 2025-07-21 19:04:33,578] Trial 3031 finished with value: 44.212030929022326 and parameters: {'C': 868.7467376786395, 'epsilon': 29.956570403913638, 'gamma': 0.0576571518055686}. Best is trial 406 with value: 38.90494892453006.
trail number 3032
[I 2025-07-21 19:04:33,589] Trial 3032 finished with value: 39.23918691419034 and parameters: {'C': 870.6560215803314, 'epsilon': 27.45248677214147, 'gamma': 0.004100112575612222}. Best is trial 406 with value: 38.90494892453006.
trail number 3033
[I 2025-07-21 19:04:33,605] Trial 3033 finished with value: 43.823618429937525 and parameters: {'C': 926.4811484687393, 'epsilon': 24.729575857457206, 'gamma': 0.0548301384842825}. Best is trial 406 with value: 38.90494892453006.
trail number 3034
[I 2025-07-21 19:04:33,612] Trial 3034 finished with value: 42.862323569020795 and parameters: {'C': 816.3355443271402, 'epsilon': 26.998241440377384, 'gamma': 0.04785441643969747}. Best is trial 406 with value: 38.90494892453006.
trail number 3035
[I 2025-07-21 19:04:33,640] Trial 3035 finished with value: 43.568918575443206 and parameters: {'C': 963.010147492442, 'epsilon': 25.840855295642648, 'gamma': 0.050699148255788015}. Best is trial 406 with value: 38.90494892453006.
trail number 3037
[I 2025-07-21 19:04:33,651] Trial 3037 finished with value: 40.72384269854341 and parameters: {'C': 964.4215910644768, 'epsilon': 18.16357868684877, 'gamma': 0.0004651938979974759}. Best is trial 406 with value: 38.90494892453006.
trail number 3036
[I 2025-07-21 19:04:33,657] Trial 3036 finished with value: 40.79784889307981 and parameters: {'C': 707.6648639029372, 'epsilon': 22.68722700082959, 'gamma': 0.03745904232065622}. Best is trial 406 with value: 38.90494892453006.
trail number 3038
[I 2025-07-21 19:04:33,668] Trial 3038 finished with value: 39.16014269582211 and parameters: {'C': 704.4560105694881, 'epsilon': 25.611458409169003, 'gamma': 0.005389312710085612}. Best is trial 406 with value: 38.90494892453006.
trail number 3042
[I 2025-07-21 19:04:33,698] Trial 3042 finished with value: 41.412859781551404 and parameters: {'C': 764.6043497298276, 'epsilon': 29.7599490219222, 'gamma': 0.0006352272573768719}. Best is trial 406 with value: 38.90494892453006.
trail number 3040
[I 2025-07-21 19:04:33,709] Trial 3040 finished with value: 40.856963632500666 and parameters: {'C': 824.1884875111971, 'epsilon': 26.5051576701479, 'gamma': 0.0006831639467131043}. Best is trial 406 with value: 38.90494892453006.
trail number 3041
[I 2025-07-21 19:04:33,709] Trial 3041 finished with value: 40.10623200654481 and parameters: {'C': 1022.9608807096076, 'epsilon': 25.872476459927537, 'gamma': 0.0011263375998313337}. Best is trial 406 with value: 38.90494892453006.
trail number 3039
[I 2025-07-21 19:04:33,733] Trial 3039 finished with value: 45.69792368600385 and parameters: {'C': 800.0024511124315, 'epsilon': 24.763020427171835, 'gamma': 0.1062043380591281}. Best is trial 406 with value: 38.90494892453006.
trail number 3043
[I 2025-07-21 19:04:33,756] Trial 3043 finished with value: 41.009478640713944 and parameters: {'C': 814.0391173498178, 'epsilon': 29.911425240257675, 'gamma': 0.0007697729497228899}. Best is trial 406 with value: 38.90494892453006.
trail number 3046
[I 2025-07-21 19:04:33,771] Trial 3046 finished with value: 40.95420935382602 and parameters: {'C': 996.0968203786666, 'epsilon': 24.542213874507244, 'gamma': 0.0005108476548209319}. Best is trial 406 with value: 38.90494892453006.
trail number 3045
[I 2025-07-21 19:04:33,781] Trial 3045 finished with value: 42.167668520320035 and parameters: {'C': 703.4468604101339, 'epsilon': 26.339554708166933, 'gamma': 0.04691258089408641}. Best is trial 406 with value: 38.90494892453006.
trail number 3044
[I 2025-07-21 19:04:33,793] Trial 3044 finished with value: 44.21172477897589 and parameters: {'C': 760.7010654246195, 'epsilon': 24.350385420382004, 'gamma': 0.06595560145134574}. Best is trial 406 with value: 38.90494892453006.
trail number 3047
[I 2025-07-21 19:04:33,812] Trial 3047 finished with value: 40.70354222059078 and parameters: {'C': 705.4488332479635, 'epsilon': 26.706991001437753, 'gamma': 0.0008686210821489326}. Best is trial 406 with value: 38.90494892453006.
trail number 3050
[I 2025-07-21 19:04:33,842] Trial 3050 finished with value: 44.322958658506664 and parameters: {'C': 794.1593193238118, 'epsilon': 25.291463824667883, 'gamma': 0.06484006824765924}. Best is trial 406 with value: 38.90494892453006.
trail number 3048
[I 2025-07-21 19:04:33,852] Trial 3048 finished with value: 43.74411560131415 and parameters: {'C': 857.6828310501803, 'epsilon': 23.989025111225256, 'gamma': 0.05674146099157282}. Best is trial 406 with value: 38.90494892453006.
trail number 3049
[I 2025-07-21 19:04:33,862] Trial 3049 finished with value: 47.89965167083758 and parameters: {'C': 838.4490295444267, 'epsilon': 23.928088076212177, 'gamma': 0.16814154396578412}. Best is trial 406 with value: 38.90494892453006.
trail number 3051
[I 2025-07-21 19:04:33,883] Trial 3051 finished with value: 43.56049961186142 and parameters: {'C': 979.3062644555782, 'epsilon': 21.902530269543515, 'gamma': 0.053032405207243505}. Best is trial 406 with value: 38.90494892453006.
trail number 3053
[I 2025-07-21 19:04:33,908] Trial 3053 finished with value: 39.83479893185385 and parameters: {'C': 857.3889687300258, 'epsilon': 24.194798203633717, 'gamma': 0.001546486443039285}. Best is trial 406 with value: 38.90494892453006.
trail number 3054
[I 2025-07-21 19:04:33,923] Trial 3054 finished with value: 40.424903121651205 and parameters: {'C': 792.5679562361437, 'epsilon': 26.303002804336955, 'gamma': 0.0010063876674176412}. Best is trial 406 with value: 38.90494892453006.
trail number 3052
[I 2025-07-21 19:04:33,941] Trial 3052 finished with value: 41.44837152290681 and parameters: {'C': 700.2986438710346, 'epsilon': 22.33800181347867, 'gamma': 0.04425224112747588}. Best is trial 406 with value: 38.90494892453006.
trail number 3055
[I 2025-07-21 19:04:33,958] Trial 3055 finished with value: 44.28810280580208 and parameters: {'C': 794.754652491659, 'epsilon': 26.92704192928178, 'gamma': 0.06247603806856448}. Best is trial 406 with value: 38.90494892453006.
trail number 3056
[I 2025-07-21 19:04:33,978] Trial 3056 finished with value: 42.75930571036377 and parameters: {'C': 947.4044720673774, 'epsilon': 27.690549182608606, 'gamma': 0.0430886906467763}. Best is trial 406 with value: 38.90494892453006.
trail number 3057
[I 2025-07-21 19:04:33,996] Trial 3057 finished with value: 45.02754894632098 and parameters: {'C': 785.4512053142886, 'epsilon': 27.344494102826893, 'gamma': 0.07656744219457548}. Best is trial 406 with value: 38.90494892453006.
trail number 3058
[I 2025-07-21 19:04:34,014] Trial 3058 finished with value: 46.321427913668984 and parameters: {'C': 707.7827142576409, 'epsilon': 26.05047424419036, 'gamma': 0.12964940540517045}. Best is trial 406 with value: 38.90494892453006.
trail number 3059
[I 2025-07-21 19:04:34,027] Trial 3059 finished with value: 45.81743821164059 and parameters: {'C': 766.8222857430984, 'epsilon': 26.108403580353333, 'gamma': 0.11513314496564046}. Best is trial 406 with value: 38.90494892453006.
trail number 3060
[I 2025-07-21 19:04:34,042] Trial 3060 finished with value: 44.06634953940288 and parameters: {'C': 948.7739450652197, 'epsilon': 28.63733019907978, 'gamma': 0.05345026420365034}. Best is trial 406 with value: 38.90494892453006.
trail number 3061
[I 2025-07-21 19:04:34,067] Trial 3061 finished with value: 47.373664601825254 and parameters: {'C': 988.2504127643842, 'epsilon': 26.567845652432446, 'gamma': 0.12097494627946667}. Best is trial 406 with value: 38.90494892453006.
trail number 3063
[I 2025-07-21 19:04:34,083] Trial 3063 finished with value: 44.6840447213602 and parameters: {'C': 936.053563402327, 'epsilon': 29.888649560157866, 'gamma': 0.061492000009673024}. Best is trial 406 with value: 38.90494892453006.
trail number 3064
[I 2025-07-21 19:04:34,093] Trial 3064 finished with value: 43.71391449004247 and parameters: {'C': 703.7376808651155, 'epsilon': 28.734032186722022, 'gamma': 0.05865486072156773}. Best is trial 406 with value: 38.90494892453006.
trail number 3062
[I 2025-07-21 19:04:34,118] Trial 3062 finished with value: 45.78703597454518 and parameters: {'C': 884.7811258465308, 'epsilon': 28.184955838341644, 'gamma': 0.09641787116599337}. Best is trial 406 with value: 38.90494892453006.
trail number 3067
[I 2025-07-21 19:04:34,133] Trial 3067 finished with value: 39.11406789420963 and parameters: {'C': 700.9155724746372, 'epsilon': 23.821525936179878, 'gamma': 0.01205509346845857}. Best is trial 406 with value: 38.90494892453006.
trail number 3066
[I 2025-07-21 19:04:34,146] Trial 3066 finished with value: 48.18954610723604 and parameters: {'C': 1031.4838583082405, 'epsilon': 13.200021352754908, 'gamma': 0.3280701223889356}. Best is trial 406 with value: 38.90494892453006.
trail number 3065
[I 2025-07-21 19:04:34,155] Trial 3065 finished with value: 45.835964651302426 and parameters: {'C': 878.3364705716685, 'epsilon': 26.43954683527648, 'gamma': 0.09756319152888333}. Best is trial 406 with value: 38.90494892453006.
trail number 3069
[I 2025-07-21 19:04:34,180] Trial 3069 finished with value: 41.24679233039766 and parameters: {'C': 825.1679928467483, 'epsilon': 25.027215079118903, 'gamma': 0.00048192456857369323}. Best is trial 406 with value: 38.90494892453006.
trail number 3071
[I 2025-07-21 19:04:34,198] Trial 3071 finished with value: 43.11682534869953 and parameters: {'C': 1061.9911975124373, 'epsilon': 27.842709246045196, 'gamma': 0.0001670178630586508}. Best is trial 406 with value: 38.90494892453006.
trail number 3068
[I 2025-07-21 19:04:34,208] Trial 3068 finished with value: 44.524317044213596 and parameters: {'C': 710.613073295432, 'epsilon': 16.091567164967508, 'gamma': 0.09016055577733106}. Best is trial 406 with value: 38.90494892453006.
trail number 3070
[I 2025-07-21 19:04:34,215] Trial 3070 finished with value: 43.40357520082188 and parameters: {'C': 872.9175989421609, 'epsilon': 24.805977249270267, 'gamma': 0.05272876681365707}. Best is trial 406 with value: 38.90494892453006.
trail number 3072
[I 2025-07-21 19:04:34,241] Trial 3072 finished with value: 44.030666325290916 and parameters: {'C': 863.3477195920112, 'epsilon': 24.401292529413332, 'gamma': 0.05932138234404974}. Best is trial 406 with value: 38.90494892453006.
trail number 3073
[I 2025-07-21 19:04:34,261] Trial 3073 finished with value: 41.43740988380732 and parameters: {'C': 850.5416586732076, 'epsilon': 26.612821010577562, 'gamma': 0.000398343433928125}. Best is trial 406 with value: 38.90494892453006.
trail number 3075
[I 2025-07-21 19:04:34,277] Trial 3075 finished with value: 40.895563470244056 and parameters: {'C': 828.7605728469132, 'epsilon': 18.903501291251704, 'gamma': 0.03919836151418682}. Best is trial 406 with value: 38.90494892453006.
trail number 3076
[I 2025-07-21 19:04:34,290] Trial 3076 finished with value: 39.148512292012796 and parameters: {'C': 825.2178786586138, 'epsilon': 18.857909663142536, 'gamma': 0.020596094340039426}. Best is trial 406 with value: 38.90494892453006.
trail number 3074
[I 2025-07-21 19:04:34,299] Trial 3074 finished with value: 41.99332511612031 and parameters: {'C': 806.5241437704767, 'epsilon': 25.21681291110237, 'gamma': 0.04323856429618623}. Best is trial 406 with value: 38.90494892453006.
trail number 3077
[I 2025-07-21 19:04:34,315] Trial 3077 finished with value: 40.48558869410911 and parameters: {'C': 1071.09453709121, 'epsilon': 24.977071489305317, 'gamma': 0.0006838548864418204}. Best is trial 406 with value: 38.90494892453006.
trail number 3078
[I 2025-07-21 19:04:34,343] Trial 3078 finished with value: 42.56618523052906 and parameters: {'C': 991.7712598539646, 'epsilon': 22.761736810112065, 'gamma': 0.044891202686985765}. Best is trial 406 with value: 38.90494892453006.
trail number 3081
[I 2025-07-21 19:04:34,355] Trial 3081 finished with value: 39.37825033994058 and parameters: {'C': 1001.4090707902537, 'epsilon': 20.97213050760063, 'gamma': 0.007415824729284973}. Best is trial 406 with value: 38.90494892453006.
trail number 3080
[I 2025-07-21 19:04:34,371] Trial 3080 finished with value: 43.918771733046384 and parameters: {'C': 1160.243290519215, 'epsilon': 19.277350718656415, 'gamma': 0.055647606900262075}. Best is trial 406 with value: 38.90494892453006.
trail number 3079
[I 2025-07-21 19:04:34,371] Trial 3079 finished with value: 45.922985941821004 and parameters: {'C': 968.4925091652608, 'epsilon': 23.02391948583415, 'gamma': 0.09421870992248552}. Best is trial 406 with value: 38.90494892453006.
trail number 3082
[I 2025-07-21 19:04:34,396] Trial 3082 finished with value: 39.80940911401183 and parameters: {'C': 705.7750770086283, 'epsilon': 25.0833959838483, 'gamma': 0.0020683087849370603}. Best is trial 406 with value: 38.90494892453006.
trail number 3083
[I 2025-07-21 19:04:34,410] Trial 3083 finished with value: 39.255308444712966 and parameters: {'C': 949.8721804711269, 'epsilon': 23.141160171919623, 'gamma': 0.004422203582025474}. Best is trial 406 with value: 38.90494892453006.
trail number 3085
[I 2025-07-21 19:04:34,435] Trial 3085 finished with value: 44.785790658965404 and parameters: {'C': 800.9238686491279, 'epsilon': 27.831011790478904, 'gamma': 0.07028015738123534}. Best is trial 406 with value: 38.90494892453006.
trail number 3084
[I 2025-07-21 19:04:34,445] Trial 3084 finished with value: 44.249822165083394 and parameters: {'C': 976.0440465462289, 'epsilon': 27.810463154522054, 'gamma': 0.05497202069415669}. Best is trial 406 with value: 38.90494892453006.
trail number 3086
[I 2025-07-21 19:04:34,462] Trial 3086 finished with value: 41.566499099015154 and parameters: {'C': 877.3675429779787, 'epsilon': 27.45887257406019, 'gamma': 0.037300396365506694}. Best is trial 406 with value: 38.90494892453006.
trail number 3087
[I 2025-07-21 19:04:34,473] Trial 3087 finished with value: 43.293362027372204 and parameters: {'C': 793.5368558339746, 'epsilon': 22.415674536995066, 'gamma': 0.055939709720690824}. Best is trial 406 with value: 38.90494892453006.
trail number 3088
[I 2025-07-21 19:04:34,496] Trial 3088 finished with value: 44.50020859006328 and parameters: {'C': 968.6540349965586, 'epsilon': 24.952978238725322, 'gamma': 0.05994479809761648}. Best is trial 406 with value: 38.90494892453006.
trail number 3089
[I 2025-07-21 19:04:34,505] Trial 3089 finished with value: 44.49452761620823 and parameters: {'C': 781.0704266108551, 'epsilon': 27.819584304171396, 'gamma': 0.06660646297590211}. Best is trial 406 with value: 38.90494892453006.
trail number 3091
[I 2025-07-21 19:04:34,526] Trial 3091 finished with value: 43.248192214971354 and parameters: {'C': 928.7017630422224, 'epsilon': 26.44724614184415, 'gamma': 0.04813763711255618}. Best is trial 406 with value: 38.90494892453006.
trail number 3090
