[I 2025-07-21 19:04:42,286] Trial 3531 finished with value: 44.23786226634245 and parameters: {'C': 983.4866013163527, 'epsilon': 24.057466957038244, 'gamma': 0.05815468136254917}. Best is trial 406 with value: 38.90494892453006.
trail number 3533
[I 2025-07-21 19:04:42,308] Trial 3533 finished with value: 45.529464463424425 and parameters: {'C': 782.0876084307976, 'epsilon': 27.113522925640247, 'gamma': 0.09989271943751989}. Best is trial 406 with value: 38.90494892453006.
trail number 3532
[I 2025-07-21 19:04:42,328] Trial 3532 finished with value: 43.21111672619467 and parameters: {'C': 937.7350662172408, 'epsilon': 25.623787824813455, 'gamma': 0.04833623666859835}. Best is trial 406 with value: 38.90494892453006.
trail number 3535
[I 2025-07-21 19:04:42,336] Trial 3535 finished with value: 48.64765365915334 and parameters: {'C': 924.5322842154785, 'epsilon': 21.912738414930125, 'gamma': 0.3465499182526062}. Best is trial 406 with value: 38.90494892453006.
trail number 3534
[I 2025-07-21 19:04:42,350] Trial 3534 finished with value: 46.23336877937952 and parameters: {'C': 988.8251974028653, 'epsilon': 22.849897400669782, 'gamma': 0.1021128736568682}. Best is trial 406 with value: 38.90494892453006.
trail number 3536
[I 2025-07-21 19:04:42,360] Trial 3536 finished with value: 41.632761364612165 and parameters: {'C': 774.0145775974647, 'epsilon': 23.945580087953502, 'gamma': 0.0003624089837036947}. Best is trial 406 with value: 38.90494892453006.
trail number 3539
[I 2025-07-21 19:04:42,395] Trial 3539 finished with value: 39.0713288577853 and parameters: {'C': 771.765109528012, 'epsilon': 29.910755032500905, 'gamma': 0.00721763051869681}. Best is trial 406 with value: 38.90494892453006.
trail number 3537
[I 2025-07-21 19:04:42,409] Trial 3537 finished with value: 48.119258818580406 and parameters: {'C': 984.2288024886979, 'epsilon': 23.403552362417212, 'gamma': 0.30604739325805713}. Best is trial 406 with value: 38.90494892453006.
trail number 3538
[I 2025-07-21 19:04:42,423] Trial 3538 finished with value: 43.58047237991538 and parameters: {'C': 927.4071340745732, 'epsilon': 22.491871482228447, 'gamma': 0.05419700285192117}. Best is trial 406 with value: 38.90494892453006.
trail number 3540
[I 2025-07-21 19:04:42,433] Trial 3540 finished with value: 43.9370905646194 and parameters: {'C': 1066.1384485353683, 'epsilon': 22.22658095133735, 'gamma': 0.05506285332225967}. Best is trial 406 with value: 38.90494892453006.
trail number 3542
[I 2025-07-21 19:04:42,471] Trial 3542 finished with value: 43.51218330008093 and parameters: {'C': 700.6565766339022, 'epsilon': 26.470383734932092, 'gamma': 0.05797476230841846}. Best is trial 406 with value: 38.90494892453006.
trail number 3543
[I 2025-07-21 19:04:42,489] Trial 3543 finished with value: 50.17621482222227 and parameters: {'C': 702.1757086547843, 'epsilon': 14.766570727986421, 'gamma': 0.4651182876784978}. Best is trial 406 with value: 38.90494892453006.
trail number 3544
[I 2025-07-21 19:04:42,500] Trial 3544 finished with value: 45.681176519682765 and parameters: {'C': 811.6724602711562, 'epsilon': 21.56742720919929, 'gamma': 0.11016024179779679}. Best is trial 406 with value: 38.90494892453006.
trail number 3541
[I 2025-07-21 19:04:42,500] Trial 3541 finished with value: 43.87144518970054 and parameters: {'C': 1065.363007863073, 'epsilon': 23.259430739557914, 'gamma': 0.05319715170213368}. Best is trial 406 with value: 38.90494892453006.
trail number 3545
[I 2025-07-21 19:04:42,537] Trial 3545 finished with value: 45.77159898370693 and parameters: {'C': 786.4992894110775, 'epsilon': 22.427416477915227, 'gamma': 0.11571754684627514}. Best is trial 406 with value: 38.90494892453006.
trail number 3547
[I 2025-07-21 19:04:42,556] Trial 3547 finished with value: 41.18959467408553 and parameters: {'C': 788.7841826265344, 'epsilon': 28.826501046599503, 'gamma': 0.0006796959985427157}. Best is trial 406 with value: 38.90494892453006.
trail number 3548
[I 2025-07-21 19:04:42,574] Trial 3548 finished with value: 42.42662418213508 and parameters: {'C': 885.2351070284038, 'epsilon': 24.458472667264147, 'gamma': 0.04484394821978744}. Best is trial 406 with value: 38.90494892453006.
trail number 3546
[I 2025-07-21 19:04:42,596] Trial 3546 finished with value: 48.08416270638596 and parameters: {'C': 978.1577650649092, 'epsilon': 25.16550288949539, 'gamma': 0.1574824921552797}. Best is trial 406 with value: 38.90494892453006.
trail number 3549
[I 2025-07-21 19:04:42,605] Trial 3549 finished with value: 43.5346390102264 and parameters: {'C': 774.7102325998279, 'epsilon': 27.95634408733991, 'gamma': 0.05443095748223786}. Best is trial 406 with value: 38.90494892453006.
trail number 3550
[I 2025-07-21 19:04:42,618] Trial 3550 finished with value: 42.17989960103715 and parameters: {'C': 1096.0427956647302, 'epsilon': 21.82221027752141, 'gamma': 0.00019147741328444032}. Best is trial 406 with value: 38.90494892453006.
trail number 3551
[I 2025-07-21 19:04:42,633] Trial 3551 finished with value: 39.55475651261176 and parameters: {'C': 881.3598435261549, 'epsilon': 18.996521326276987, 'gamma': 0.003140797083589785}. Best is trial 406 with value: 38.90494892453006.
trail number 3553
[I 2025-07-21 19:04:42,659] Trial 3553 finished with value: 41.76958703173219 and parameters: {'C': 853.8235725599203, 'epsilon': 25.660926165361914, 'gamma': 0.0003230782857060778}. Best is trial 406 with value: 38.90494892453006.
trail number 3552
[I 2025-07-21 19:04:42,683] Trial 3552 finished with value: 39.6259376671499 and parameters: {'C': 816.2662075600842, 'epsilon': 21.67210460854615, 'gamma': 0.0025049257287131574}. Best is trial 406 with value: 38.90494892453006.
trail number 3555
[I 2025-07-21 19:04:42,693] Trial 3555 finished with value: 42.90886823614649 and parameters: {'C': 846.791937234682, 'epsilon': 26.66298635892322, 'gamma': 0.047581411052090565}. Best is trial 406 with value: 38.90494892453006.
trail number 3554
[I 2025-07-21 19:04:42,706] Trial 3554 finished with value: 40.948352119000425 and parameters: {'C': 808.925760015979, 'epsilon': 22.405899009166905, 'gamma': 0.03689957455162514}. Best is trial 406 with value: 38.90494892453006.
trail number 3556
[I 2025-07-21 19:04:42,717] Trial 3556 finished with value: 40.91688424508777 and parameters: {'C': 969.5392419140018, 'epsilon': 25.171367240260373, 'gamma': 0.0005298544882644807}. Best is trial 406 with value: 38.90494892453006.
trail number 3558
[I 2025-07-21 19:04:42,746] Trial 3558 finished with value: 41.52663207693819 and parameters: {'C': 847.4622284868068, 'epsilon': 28.127019403878215, 'gamma': 0.0004050992094795664}. Best is trial 406 with value: 38.90494892453006.
trail number 3560
[I 2025-07-21 19:04:42,762] Trial 3560 finished with value: 41.00232628704216 and parameters: {'C': 1110.4267159500887, 'epsilon': 18.10125050760486, 'gamma': 0.00032165196501294374}. Best is trial 406 with value: 38.90494892453006.
trail number 3559
[I 2025-07-21 19:04:42,783] Trial 3559 finished with value: 39.61749189142066 and parameters: {'C': 938.4605556829049, 'epsilon': 22.454220021918776, 'gamma': 0.0024501979888001506}. Best is trial 406 with value: 38.90494892453006.
trail number 3557
[I 2025-07-21 19:04:42,803] Trial 3557 finished with value: 43.694706543744715 and parameters: {'C': 846.9822509713164, 'epsilon': 25.990263340205704, 'gamma': 0.05507376404745907}. Best is trial 406 with value: 38.90494892453006.
trail number 3562
[I 2025-07-21 19:04:42,827] Trial 3562 finished with value: 44.01651917273243 and parameters: {'C': 961.2408608118701, 'epsilon': 26.154477778159926, 'gamma': 0.05447356536424585}. Best is trial 406 with value: 38.90494892453006.
trail number 3561
[I 2025-07-21 19:04:42,845] Trial 3561 finished with value: 45.6701471442363 and parameters: {'C': 969.0763785372728, 'epsilon': 20.962029882002355, 'gamma': 0.08958590118712287}. Best is trial 406 with value: 38.90494892453006.
trail number 3563
[I 2025-07-21 19:04:42,853] Trial 3563 finished with value: 43.1388479339127 and parameters: {'C': 780.6973943405017, 'epsilon': 26.844539513354974, 'gamma': 0.051387835119571526}. Best is trial 406 with value: 38.90494892453006.
trail number 3565
[I 2025-07-21 19:04:42,874] Trial 3565 finished with value: 39.7085006239527 and parameters: {'C': 713.4314485277314, 'epsilon': 25.52939137435899, 'gamma': 0.002565145177122457}. Best is trial 406 with value: 38.90494892453006.
trail number 3564
[I 2025-07-21 19:04:42,903] Trial 3564 finished with value: 46.13738419399412 and parameters: {'C': 993.8141095146115, 'epsilon': 25.14650642252489, 'gamma': 0.09566142616335596}. Best is trial 406 with value: 38.90494892453006.
trail number 3566
[I 2025-07-21 19:04:42,919] Trial 3566 finished with value: 42.5764902436852 and parameters: {'C': 779.3623854231481, 'epsilon': 27.027713544794608, 'gamma': 0.046751889234093263}. Best is trial 406 with value: 38.90494892453006.
trail number 3567
[I 2025-07-21 19:04:42,927] Trial 3567 finished with value: 44.16928603216073 and parameters: {'C': 701.8981332876973, 'epsilon': 27.85538440399946, 'gamma': 0.06578086785766955}. Best is trial 406 with value: 38.90494892453006.
trail number 3568
[I 2025-07-21 19:04:42,939] Trial 3568 finished with value: 44.18727884122961 and parameters: {'C': 701.9629502458897, 'epsilon': 23.325622782573266, 'gamma': 0.07045349795864408}. Best is trial 406 with value: 38.90494892453006.
trail number 3572
[I 2025-07-21 19:04:42,981] Trial 3572 finished with value: 47.70103579532168 and parameters: {'C': 702.5449953472005, 'epsilon': 26.292122921742425, 'gamma': 0.18840658510852568}. Best is trial 406 with value: 38.90494892453006.
trail number 3570
[I 2025-07-21 19:04:42,994] Trial 3570 finished with value: 44.39538856558211 and parameters: {'C': 876.5223361444075, 'epsilon': 25.164941710266884, 'gamma': 0.06206845565832124}. Best is trial 406 with value: 38.90494892453006.
trail number 3569
[I 2025-07-21 19:04:43,009] Trial 3569 finished with value: 46.02038261572478 and parameters: {'C': 906.9452634834538, 'epsilon': 26.119868451258302, 'gamma': 0.10233247366764867}. Best is trial 406 with value: 38.90494892453006.
trail number 3571
[I 2025-07-21 19:04:43,018] Trial 3571 finished with value: 43.16937263162349 and parameters: {'C': 983.5872388690526, 'epsilon': 27.14416597374278, 'gamma': 0.04550633848258302}. Best is trial 406 with value: 38.90494892453006.
trail number 3573
[I 2025-07-21 19:04:43,039] Trial 3573 finished with value: 41.59371470555718 and parameters: {'C': 905.0359166789275, 'epsilon': 25.615871606674936, 'gamma': 0.0003383187181645901}. Best is trial 406 with value: 38.90494892453006.
trail number 3574
[I 2025-07-21 19:04:43,054] Trial 3574 finished with value: 39.43626148925775 and parameters: {'C': 710.1682661116115, 'epsilon': 24.649863819463413, 'gamma': 0.003540663978258307}. Best is trial 406 with value: 38.90494892453006.
trail number 3576
[I 2025-07-21 19:04:43,073] Trial 3576 finished with value: 40.260250836844214 and parameters: {'C': 1011.1931673916296, 'epsilon': 26.700105922697276, 'gamma': 0.00102980757756483}. Best is trial 406 with value: 38.90494892453006.
trail number 3575
[I 2025-07-21 19:04:43,095] Trial 3575 finished with value: 42.942429151662864 and parameters: {'C': 899.9188212276631, 'epsilon': 25.431079036635502, 'gamma': 0.04750761081122909}. Best is trial 406 with value: 38.90494892453006.
trail number 3578
[I 2025-07-21 19:04:43,112] Trial 3578 finished with value: 44.4156184425064 and parameters: {'C': 813.4262735391496, 'epsilon': 29.982364207258733, 'gamma': 0.06283713194166352}. Best is trial 406 with value: 38.90494892453006.
trail number 3577
[I 2025-07-21 19:04:43,120] Trial 3577 finished with value: 43.32042420523847 and parameters: {'C': 788.7945597694003, 'epsilon': 23.437172335292843, 'gamma': 0.05563547012766107}. Best is trial 406 with value: 38.90494892453006.
trail number 3579
[I 2025-07-21 19:04:43,135] Trial 3579 finished with value: 42.17965547219446 and parameters: {'C': 796.9728112625279, 'epsilon': 23.019919744447087, 'gamma': 0.046574557463695265}. Best is trial 406 with value: 38.90494892453006.
trail number 3580
[I 2025-07-21 19:04:43,149] Trial 3580 finished with value: 41.02070633835943 and parameters: {'C': 864.7085533617335, 'epsilon': 24.13414462530009, 'gamma': 0.0005747834335909953}. Best is trial 406 with value: 38.90494892453006.
trail number 3582
[I 2025-07-21 19:04:43,186] Trial 3582 finished with value: 42.77166881353196 and parameters: {'C': 799.1450957388718, 'epsilon': 26.856174988326046, 'gamma': 0.047772454624751194}. Best is trial 406 with value: 38.90494892453006.
trail number 3581
[I 2025-07-21 19:04:43,200] Trial 3581 finished with value: 42.59134741974474 and parameters: {'C': 846.0939912016543, 'epsilon': 22.897284342131993, 'gamma': 0.048745795854655924}. Best is trial 406 with value: 38.90494892453006.
trail number 3583
[I 2025-07-21 19:04:43,200] Trial 3583 finished with value: 45.21765366893946 and parameters: {'C': 700.9539493338177, 'epsilon': 24.071224509265427, 'gamma': 0.09797547323699103}. Best is trial 406 with value: 38.90494892453006.
trail number 3584
[I 2025-07-21 19:04:43,226] Trial 3584 finished with value: 43.049953358740076 and parameters: {'C': 977.7183053107269, 'epsilon': 22.786398741480166, 'gamma': 0.04860315696067729}. Best is trial 406 with value: 38.90494892453006.
trail number 3588
[I 2025-07-21 19:04:43,257] Trial 3588 finished with value: 39.954260435556776 and parameters: {'C': 929.4134626658614, 'epsilon': 26.951145358542497, 'gamma': 0.001699271979254778}. Best is trial 406 with value: 38.90494892453006.
trail number 3586
[I 2025-07-21 19:04:43,269] Trial 3586 finished with value: 39.225676295010224 and parameters: {'C': 1109.7763075886633, 'epsilon': 24.183006273491177, 'gamma': 0.005264239616352212}. Best is trial 406 with value: 38.90494892453006.
trail number 3585
[I 2025-07-21 19:04:43,280] Trial 3585 finished with value: 42.596523606558854 and parameters: {'C': 792.3037852903394, 'epsilon': 28.15154192828223, 'gamma': 0.04585509010341768}. Best is trial 406 with value: 38.90494892453006.
trail number 3587
[I 2025-07-21 19:04:43,288] Trial 3587 finished with value: 44.76887861326988 and parameters: {'C': 1018.762163908692, 'epsilon': 29.971145611081027, 'gamma': 0.05901396968650097}. Best is trial 406 with value: 38.90494892453006.
trail number 3589
[I 2025-07-21 19:04:43,324] Trial 3589 finished with value: 39.98456789033575 and parameters: {'C': 913.4055018600801, 'epsilon': 29.523490672789425, 'gamma': 0.0018539906078539233}. Best is trial 406 with value: 38.90494892453006.
trail number 3591
[I 2025-07-21 19:04:43,325] Trial 3591 finished with value: 40.252580048958954 and parameters: {'C': 756.7015454711717, 'epsilon': 24.245934342456245, 'gamma': 0.001309822873882741}. Best is trial 406 with value: 38.90494892453006.
trail number 3592
[I 2025-07-21 19:04:43,342] Trial 3592 finished with value: 40.15718122804023 and parameters: {'C': 900.0327772933409, 'epsilon': 22.776277869279397, 'gamma': 0.0012853553836342877}. Best is trial 406 with value: 38.90494892453006.
trail number 3590
[I 2025-07-21 19:04:43,364] Trial 3590 finished with value: 43.623090744029625 and parameters: {'C': 1016.5045130872926, 'epsilon': 25.203812781304254, 'gamma': 0.05025173071123715}. Best is trial 406 with value: 38.90494892453006.
trail number 3594
[I 2025-07-21 19:04:43,397] Trial 3594 finished with value: 42.811722071411864 and parameters: {'C': 705.1674985023554, 'epsilon': 27.255637789642815, 'gamma': 0.050902697523145364}. Best is trial 406 with value: 38.90494892453006.
trail number 3593
[I 2025-07-21 19:04:43,406] Trial 3593 finished with value: 44.21429887150704 and parameters: {'C': 1034.369636573255, 'epsilon': 28.04443625525187, 'gamma': 0.052851581014649714}. Best is trial 406 with value: 38.90494892453006.
trail number 3595
[I 2025-07-21 19:04:43,414] Trial 3595 finished with value: 42.76580304561466 and parameters: {'C': 1004.7669893164204, 'epsilon': 25.035023756373462, 'gamma': 0.04380801516305552}. Best is trial 406 with value: 38.90494892453006.
trail number 3596
[I 2025-07-21 19:04:43,433] Trial 3596 finished with value: 42.12813811122732 and parameters: {'C': 772.4474165675606, 'epsilon': 19.94692282338161, 'gamma': 0.04908215832875937}. Best is trial 406 with value: 38.90494892453006.
trail number 3598
[I 2025-07-21 19:04:43,472] Trial 3598 finished with value: 42.857818798391676 and parameters: {'C': 774.9581535354995, 'epsilon': 25.804032712140074, 'gamma': 0.05038146348172088}. Best is trial 406 with value: 38.90494892453006.
trail number 3597
[I 2025-07-21 19:04:43,482] Trial 3597 finished with value: 45.917607091612155 and parameters: {'C': 933.6887046880024, 'epsilon': 27.893096879575552, 'gamma': 0.09514866169225632}. Best is trial 406 with value: 38.90494892453006.
trail number 3600
[I 2025-07-21 19:04:43,492] Trial 3600 finished with value: 43.55898058863367 and parameters: {'C': 787.8188066144107, 'epsilon': 27.860934021979396, 'gamma': 0.05428037369787466}. Best is trial 406 with value: 38.90494892453006.
trail number 3599
[I 2025-07-21 19:04:43,505] Trial 3599 finished with value: 43.06410094998538 and parameters: {'C': 1046.3969564600386, 'epsilon': 19.98838888956181, 'gamma': 0.04888118010146378}. Best is trial 406 with value: 38.90494892453006.
trail number 3601
[I 2025-07-21 19:04:43,538] Trial 3601 finished with value: 45.08797208817418 and parameters: {'C': 764.8699083489257, 'epsilon': 27.865248165420525, 'gamma': 0.00014323840468499337}. Best is trial 406 with value: 38.90494892453006.
trail number 3603
[I 2025-07-21 19:04:43,549] Trial 3603 finished with value: 39.67253497934807 and parameters: {'C': 779.7959316607114, 'epsilon': 26.73732963772715, 'gamma': 0.0027094059420868437}. Best is trial 406 with value: 38.90494892453006.
trail number 3604
[I 2025-07-21 19:04:43,579] Trial 3604 finished with value: 45.68442609488942 and parameters: {'C': 815.1245536622239, 'epsilon': 27.473500186178082, 'gamma': 0.10133587619575221}. Best is trial 406 with value: 38.90494892453006.
trail number 3602
[I 2025-07-21 19:04:43,598] Trial 3602 finished with value: 43.07273589776403 and parameters: {'C': 1034.1573952827318, 'epsilon': 19.476842536692214, 'gamma': 0.050144616326932956}. Best is trial 406 with value: 38.90494892453006.
trail number 3606
[I 2025-07-21 19:04:43,613] Trial 3606 finished with value: 45.2180796502873 and parameters: {'C': 702.2769994685813, 'epsilon': 27.06679233623735, 'gamma': 0.10036284194035601}. Best is trial 406 with value: 38.90494892453006.
trail number 3605
[I 2025-07-21 19:04:43,619] Trial 3605 finished with value: 46.24791199507341 and parameters: {'C': 806.465177427773, 'epsilon': 28.031358466031797, 'gamma': 0.1151482510491013}. Best is trial 406 with value: 38.90494892453006.
trail number 3608
[I 2025-07-21 19:04:43,648] Trial 3608 finished with value: 39.34685276269204 and parameters: {'C': 1025.9715503212105, 'epsilon': 24.02902139119467, 'gamma': 0.0035078104310082136}. Best is trial 406 with value: 38.90494892453006.
trail number 3607
[I 2025-07-21 19:04:43,660] Trial 3607 finished with value: 46.12102232512469 and parameters: {'C': 877.9188881070269, 'epsilon': 22.818723580438533, 'gamma': 0.11242040454378506}. Best is trial 406 with value: 38.90494892453006.
trail number 3609
[I 2025-07-21 19:04:43,671] Trial 3609 finished with value: 39.7106692429125 and parameters: {'C': 1058.4412041381402, 'epsilon': 23.198380454574448, 'gamma': 0.0018015559368963607}. Best is trial 406 with value: 38.90494892453006.
trail number 3610
[I 2025-07-21 19:04:43,687] Trial 3610 finished with value: 45.63135546098273 and parameters: {'C': 768.8277934098735, 'epsilon': 24.95612110148415, 'gamma': 0.10939335109569273}. Best is trial 406 with value: 38.90494892453006.
trail number 3613
[I 2025-07-21 19:04:43,719] Trial 3613 finished with value: 39.269049429698 and parameters: {'C': 1152.015285122794, 'epsilon': 26.83777173785233, 'gamma': 0.0031859034722677565}. Best is trial 406 with value: 38.90494892453006.
trail number 3612
[I 2025-07-21 19:04:43,736] Trial 3612 finished with value: 41.30913263565656 and parameters: {'C': 703.8600210635088, 'epsilon': 23.892605774209716, 'gamma': 0.04158197020833158}. Best is trial 406 with value: 38.90494892453006.
trail number 3614
[I 2025-07-21 19:04:43,751] Trial 3614 finished with value: 42.721522138268234 and parameters: {'C': 900.2429866131063, 'epsilon': 29.65876992358325, 'gamma': 0.04304834833193767}. Best is trial 406 with value: 38.90494892453006.
trail number 3611
[I 2025-07-21 19:04:43,763] Trial 3611 finished with value: 45.93761359992461 and parameters: {'C': 927.7702554558555, 'epsilon': 25.102602331787413, 'gamma': 0.09695500859511384}. Best is trial 406 with value: 38.90494892453006.
trail number 3616
[I 2025-07-21 19:04:43,781] Trial 3616 finished with value: 43.154289374784625 and parameters: {'C': 939.8192974130592, 'epsilon': 24.43556054923921, 'gamma': 0.00015886855595226117}. Best is trial 406 with value: 38.90494892453006.
trail number 3617
[I 2025-07-21 19:04:43,805] Trial 3617 finished with value: 39.333729811198275 and parameters: {'C': 863.2102563754235, 'epsilon': 25.346397319587453, 'gamma': 0.003970798991246404}. Best is trial 406 with value: 38.90494892453006.
trail number 3615
[I 2025-07-21 19:04:43,817] Trial 3615 finished with value: 44.72631271726235 and parameters: {'C': 920.4045935222761, 'epsilon': 21.289346889312313, 'gamma': 0.07125568612775207}. Best is trial 406 with value: 38.90494892453006.
trail number 3618
[I 2025-07-21 19:04:43,825] Trial 3618 finished with value: 40.67386372179345 and parameters: {'C': 784.9262145760299, 'epsilon': 29.945367448807463, 'gamma': 0.03165280227933325}. Best is trial 406 with value: 38.90494892453006.
trail number 3619
