[I 2025-07-21 19:04:43,845] Trial 3619 finished with value: 43.459190860199314 and parameters: {'C': 934.1260988728396, 'epsilon': 25.094532337428717, 'gamma': 0.05122734336341653}. Best is trial 406 with value: 38.90494892453006.
trail number 3620
[I 2025-07-21 19:04:43,867] Trial 3620 finished with value: 41.24803570071664 and parameters: {'C': 710.94601376384, 'epsilon': 25.667387577410395, 'gamma': 0.000557856776038727}. Best is trial 406 with value: 38.90494892453006.
trail number 3623
[I 2025-07-21 19:04:43,886] Trial 3623 finished with value: 40.482508316886445 and parameters: {'C': 800.0428592921322, 'epsilon': 28.820708497221567, 'gamma': 0.0012175057335502056}. Best is trial 406 with value: 38.90494892453006.
trail number 3622
[I 2025-07-21 19:04:43,898] Trial 3622 finished with value: 41.70783561539302 and parameters: {'C': 792.9180542420639, 'epsilon': 23.307178725022304, 'gamma': 0.04242637972588864}. Best is trial 406 with value: 38.90494892453006.
trail number 3621
[I 2025-07-21 19:04:43,906] Trial 3621 finished with value: 48.0516284578592 and parameters: {'C': 1284.2536582484463, 'epsilon': 18.889751090197226, 'gamma': 0.23997932445505477}. Best is trial 406 with value: 38.90494892453006.
trail number 3624
[I 2025-07-21 19:04:43,924] Trial 3624 finished with value: 39.83347140429694 and parameters: {'C': 936.4116278354244, 'epsilon': 27.36270307905749, 'gamma': 0.001762852408934491}. Best is trial 406 with value: 38.90494892453006.
trail number 3627
[I 2025-07-21 19:04:43,950] Trial 3627 finished with value: 39.871341704939745 and parameters: {'C': 767.5207911456971, 'epsilon': 23.67107465386656, 'gamma': 0.0017092909470785636}. Best is trial 406 with value: 38.90494892453006.
trail number 3625
[I 2025-07-21 19:04:43,966] Trial 3625 finished with value: 42.4596406772561 and parameters: {'C': 846.7150364943104, 'epsilon': 23.674771276946096, 'gamma': 0.047027781951064114}. Best is trial 406 with value: 38.90494892453006.
trail number 3626
[I 2025-07-21 19:04:43,976] Trial 3626 finished with value: 44.695185047937294 and parameters: {'C': 863.2612030821867, 'epsilon': 26.456315259966022, 'gamma': 0.06608187347206051}. Best is trial 406 with value: 38.90494892453006.
trail number 3628
[I 2025-07-21 19:04:43,986] Trial 3628 finished with value: 47.94882136509421 and parameters: {'C': 936.1317264136451, 'epsilon': 18.76970445418793, 'gamma': 0.20145633510579347}. Best is trial 406 with value: 38.90494892453006.
trail number 3629
[I 2025-07-21 19:04:44,017] Trial 3629 finished with value: 39.09090642879258 and parameters: {'C': 1047.6264270314682, 'epsilon': 28.136829223694583, 'gamma': 0.006208530322820547}. Best is trial 406 with value: 38.90494892453006.
trail number 3630
[I 2025-07-21 19:04:44,030] Trial 3630 finished with value: 39.5045027255889 and parameters: {'C': 701.8183197962328, 'epsilon': 29.11389800788083, 'gamma': 0.0032257024155235466}. Best is trial 406 with value: 38.90494892453006.
trail number 3632
[I 2025-07-21 19:04:44,048] Trial 3632 finished with value: 43.33185955797501 and parameters: {'C': 871.8404204969036, 'epsilon': 24.230993596733803, 'gamma': 0.05253114383307214}. Best is trial 406 with value: 38.90494892453006.
trail number 3631
[I 2025-07-21 19:04:44,061] Trial 3631 finished with value: 43.91973590532095 and parameters: {'C': 933.0798878365814, 'epsilon': 20.84094839826289, 'gamma': 0.06035410967101585}. Best is trial 406 with value: 38.90494892453006.
trail number 3634
[I 2025-07-21 19:04:44,077] Trial 3634 finished with value: 40.85998048945727 and parameters: {'C': 828.4787963440996, 'epsilon': 24.976000678437114, 'gamma': 0.0006566362569460091}. Best is trial 406 with value: 38.90494892453006.
trail number 3633
[I 2025-07-21 19:04:44,098] Trial 3633 finished with value: 45.611066986417846 and parameters: {'C': 848.6494787315534, 'epsilon': 29.814426148750726, 'gamma': 0.09641931805235537}. Best is trial 406 with value: 38.90494892453006.
trail number 3635
[I 2025-07-21 19:04:44,127] Trial 3635 finished with value: 45.48955577021409 and parameters: {'C': 784.5737421411563, 'epsilon': 25.039462864203806, 'gamma': 0.09798156555163155}. Best is trial 406 with value: 38.90494892453006.
trail number 3636
[I 2025-07-21 19:04:44,127] Trial 3636 finished with value: 44.35937868996782 and parameters: {'C': 899.024650923616, 'epsilon': 26.839701870502452, 'gamma': 0.059106007158878635}. Best is trial 406 with value: 38.90494892453006.
trail number 3637
[I 2025-07-21 19:04:44,142] Trial 3637 finished with value: 47.867734438683 and parameters: {'C': 1497.0088125672535, 'epsilon': 24.134267142875945, 'gamma': 0.1839553700804325}. Best is trial 406 with value: 38.90494892453006.
trail number 3638
[I 2025-07-21 19:04:44,163] Trial 3638 finished with value: 43.89008553582458 and parameters: {'C': 1068.0542361953007, 'epsilon': 25.534440550024364, 'gamma': 0.051021080676113745}. Best is trial 406 with value: 38.90494892453006.
trail number 3641
[I 2025-07-21 19:04:44,186] Trial 3641 finished with value: 40.8123301453601 and parameters: {'C': 916.4064672982228, 'epsilon': 22.042964621904535, 'gamma': 0.000637451662334948}. Best is trial 406 with value: 38.90494892453006.
trail number 3642
[I 2025-07-21 19:04:44,209] Trial 3642 finished with value: 39.220750818507454 and parameters: {'C': 715.4409727807736, 'epsilon': 29.967552561241767, 'gamma': 0.004612745289297451}. Best is trial 406 with value: 38.90494892453006.
trail number 3639
[I 2025-07-21 19:04:44,219] Trial 3639 finished with value: 44.338864741940434 and parameters: {'C': 765.2610815149174, 'epsilon': 26.031021851423592, 'gamma': 0.06561738893879464}. Best is trial 406 with value: 38.90494892453006.
trail number 3640
[I 2025-07-21 19:04:44,237] Trial 3640 finished with value: 45.37940917039248 and parameters: {'C': 782.1851641032176, 'epsilon': 26.36869663288773, 'gamma': 0.08709935888754178}. Best is trial 406 with value: 38.90494892453006.
trail number 3643
[I 2025-07-21 19:04:44,252] Trial 3643 finished with value: 43.03935863687557 and parameters: {'C': 810.3067829579071, 'epsilon': 26.354227807299644, 'gamma': 0.0501996044967223}. Best is trial 406 with value: 38.90494892453006.
trail number 3647
[I 2025-07-21 19:04:44,278] Trial 3647 finished with value: 44.23138170448791 and parameters: {'C': 904.9803170316848, 'epsilon': 23.895149926711554, 'gamma': 0.00012807796326473435}. Best is trial 406 with value: 38.90494892453006.
trail number 3645
[I 2025-07-21 19:04:44,288] Trial 3645 finished with value: 43.05761224429607 and parameters: {'C': 911.9010412461936, 'epsilon': 27.621446013499487, 'gamma': 0.046214190311386086}. Best is trial 406 with value: 38.90494892453006.
trail number 3644
[I 2025-07-21 19:04:44,304] Trial 3644 finished with value: 44.08667572203931 and parameters: {'C': 963.2938838285553, 'epsilon': 24.08678984200331, 'gamma': 0.057225421527645925}. Best is trial 406 with value: 38.90494892453006.
trail number 3646
[I 2025-07-21 19:04:44,314] Trial 3646 finished with value: 46.395117414669855 and parameters: {'C': 1016.0755803518865, 'epsilon': 25.935787276579823, 'gamma': 0.10056142892290838}. Best is trial 406 with value: 38.90494892453006.
trail number 3649
[I 2025-07-21 19:04:44,336] Trial 3649 finished with value: 41.9783751017661 and parameters: {'C': 860.7199038938942, 'epsilon': 29.944142805836833, 'gamma': 0.0003312205671281397}. Best is trial 406 with value: 38.90494892453006.
trail number 3648
[I 2025-07-21 19:04:44,348] Trial 3648 finished with value: 39.54647837919347 and parameters: {'C': 974.4227529664331, 'epsilon': 22.287289527061102, 'gamma': 0.002553285408265835}. Best is trial 406 with value: 38.90494892453006.
trail number 3650
[I 2025-07-21 19:04:44,366] Trial 3650 finished with value: 40.474677513402504 and parameters: {'C': 889.9930969461401, 'epsilon': 27.637894024575473, 'gamma': 0.0010467351777605658}. Best is trial 406 with value: 38.90494892453006.
trail number 3651
[I 2025-07-21 19:04:44,387] Trial 3651 finished with value: 45.63515190090892 and parameters: {'C': 701.6174864493803, 'epsilon': 28.16642711116844, 'gamma': 0.113977085864837}. Best is trial 406 with value: 38.90494892453006.
trail number 3652
[I 2025-07-21 19:04:44,399] Trial 3652 finished with value: 41.27376188052851 and parameters: {'C': 891.4525855970129, 'epsilon': 27.17506850201276, 'gamma': 0.0004832337950530022}. Best is trial 406 with value: 38.90494892453006.
trail number 3654
[I 2025-07-21 19:04:44,424] Trial 3654 finished with value: 46.4016633060805 and parameters: {'C': 700.3970672223289, 'epsilon': 23.95016496951859, 'gamma': 0.13631172755775725}. Best is trial 406 with value: 38.90494892453006.
trail number 3653
[I 2025-07-21 19:04:44,436] Trial 3653 finished with value: 48.13032691875206 and parameters: {'C': 1100.152007289141, 'epsilon': 29.66568291141142, 'gamma': 0.1479223775179078}. Best is trial 406 with value: 38.90494892453006.
trail number 3655
[I 2025-07-21 19:04:44,455] Trial 3655 finished with value: 42.089747876735686 and parameters: {'C': 815.6931280451713, 'epsilon': 24.08713113915498, 'gamma': 0.04444160112362121}. Best is trial 406 with value: 38.90494892453006.
trail number 3656
[I 2025-07-21 19:04:44,474] Trial 3656 finished with value: 42.42619277327251 and parameters: {'C': 848.9187241902064, 'epsilon': 27.563380789639417, 'gamma': 0.043314971481220245}. Best is trial 406 with value: 38.90494892453006.
trail number 3657
[I 2025-07-21 19:04:44,486] Trial 3657 finished with value: 41.54644680352386 and parameters: {'C': 830.8618146027411, 'epsilon': 27.118589181178987, 'gamma': 0.0003792451137123506}. Best is trial 406 with value: 38.90494892453006.
trail number 3659
[I 2025-07-21 19:04:44,511] Trial 3659 finished with value: 47.79980221626017 and parameters: {'C': 925.7672280968909, 'epsilon': 22.90822566069088, 'gamma': 0.14323587168725174}. Best is trial 406 with value: 38.90494892453006.
trail number 3658
[I 2025-07-21 19:04:44,523] Trial 3658 finished with value: 42.41108429139916 and parameters: {'C': 801.4161078274135, 'epsilon': 26.71473555782852, 'gamma': 0.04519286213550189}. Best is trial 406 with value: 38.90494892453006.
trail number 3661
[I 2025-07-21 19:04:44,536] Trial 3661 finished with value: 39.29720372811721 and parameters: {'C': 706.3769857502034, 'epsilon': 26.857844375034084, 'gamma': 0.003947301666521273}. Best is trial 406 with value: 38.90494892453006.
trail number 3660
[I 2025-07-21 19:04:44,555] Trial 3660 finished with value: 41.49741837919221 and parameters: {'C': 701.343166520143, 'epsilon': 23.446655873797226, 'gamma': 0.04355482974449704}. Best is trial 406 with value: 38.90494892453006.
trail number 3665
[I 2025-07-21 19:04:44,585] Trial 3665 finished with value: 40.5555140156795 and parameters: {'C': 1011.6084048681232, 'epsilon': 22.881667703520755, 'gamma': 0.0008897698980424463}. Best is trial 406 with value: 38.90494892453006.
trail number 3664
[I 2025-07-21 19:04:44,597] Trial 3664 finished with value: 42.41858714465017 and parameters: {'C': 798.7335124563206, 'epsilon': 23.33882127378504, 'gamma': 0.04842519465106941}. Best is trial 406 with value: 38.90494892453006.
trail number 3663
[I 2025-07-21 19:04:44,597] Trial 3663 finished with value: 43.1452660801145 and parameters: {'C': 1045.6815511880366, 'epsilon': 25.210389290884038, 'gamma': 0.04537569043104747}. Best is trial 406 with value: 38.90494892453006.
trail number 3662
[I 2025-07-21 19:04:44,617] Trial 3662 finished with value: 46.62996224558917 and parameters: {'C': 1077.2130266607026, 'epsilon': 22.840156212249873, 'gamma': 0.10425463584238517}. Best is trial 406 with value: 38.90494892453006.
