[I 2025-07-21 19:04:31,667] Trial 2915 finished with value: 46.8649987757169 and parameters: {'C': 854.618004810702, 'epsilon': 27.899775236819234, 'gamma': 0.12138819307385763}. Best is trial 406 with value: 38.90494892453006.
trail number 2916
[I 2025-07-21 19:04:31,693] Trial 2916 finished with value: 39.673123932437775 and parameters: {'C': 868.3301421692665, 'epsilon': 27.14853852379561, 'gamma': 0.002434506915611629}. Best is trial 406 with value: 38.90494892453006.
trail number 2919
[I 2025-07-21 19:04:31,705] Trial 2919 finished with value: 40.43930057873969 and parameters: {'C': 998.334938584452, 'epsilon': 24.768284420289252, 'gamma': 0.0007754445405379062}. Best is trial 406 with value: 38.90494892453006.
trail number 2917
[I 2025-07-21 19:04:31,728] Trial 2917 finished with value: 43.38133460420683 and parameters: {'C': 858.7750150189851, 'epsilon': 28.13676744301543, 'gamma': 0.04998226813100549}. Best is trial 406 with value: 38.90494892453006.
trail number 2920
[I 2025-07-21 19:04:31,729] Trial 2920 finished with value: 44.65683371088956 and parameters: {'C': 761.414038594264, 'epsilon': 23.388047919980604, 'gamma': 0.0001384851323040226}. Best is trial 406 with value: 38.90494892453006.
trail number 2918
[I 2025-07-21 19:04:31,737] Trial 2918 finished with value: 47.11022687508427 and parameters: {'C': 787.8297157449479, 'epsilon': 28.50244805242723, 'gamma': 0.129684683537961}. Best is trial 406 with value: 38.90494892453006.
trail number 2921
[I 2025-07-21 19:04:31,765] Trial 2921 finished with value: 42.52170979771232 and parameters: {'C': 702.5943749977388, 'epsilon': 25.735083850181145, 'gamma': 0.05000655089272084}. Best is trial 406 with value: 38.90494892453006.
trail number 2924
[I 2025-07-21 19:04:31,785] Trial 2924 finished with value: 42.555377897987746 and parameters: {'C': 984.0361737466396, 'epsilon': 26.86039294195889, 'gamma': 0.00019498967493048087}. Best is trial 406 with value: 38.90494892453006.
trail number 2923
[I 2025-07-21 19:04:31,811] Trial 2923 finished with value: 44.21377633933334 and parameters: {'C': 876.1045668999043, 'epsilon': 29.978691743509675, 'gamma': 0.05737040077934506}. Best is trial 406 with value: 38.90494892453006.
trail number 2922
[I 2025-07-21 19:04:31,811] Trial 2922 finished with value: 41.22252005913141 and parameters: {'C': 701.5342433840555, 'epsilon': 22.478769679469885, 'gamma': 0.042087275924102184}. Best is trial 406 with value: 38.90494892453006.
trail number 2926
[I 2025-07-21 19:04:31,811] Trial 2926 finished with value: 40.479917788844304 and parameters: {'C': 790.3404702634584, 'epsilon': 27.456291955234647, 'gamma': 0.0010703016265206124}. Best is trial 406 with value: 38.90494892453006.
trail number 2925
[I 2025-07-21 19:04:31,833] Trial 2925 finished with value: 43.7117620817326 and parameters: {'C': 779.7844453214469, 'epsilon': 19.642145997280274, 'gamma': 0.06585352583915621}. Best is trial 406 with value: 38.90494892453006.
trail number 2928
[I 2025-07-21 19:04:31,887] Trial 2928 finished with value: 43.234376473905826 and parameters: {'C': 803.4312248090107, 'epsilon': 29.975914895921875, 'gamma': 0.0491446709582588}. Best is trial 406 with value: 38.90494892453006.
trail number 2929
[I 2025-07-21 19:04:31,899] Trial 2929 finished with value: 43.26984447378455 and parameters: {'C': 899.6624830185722, 'epsilon': 25.98528335541076, 'gamma': 0.04958190447941347}. Best is trial 406 with value: 38.90494892453006.
trail number 2930
[I 2025-07-21 19:04:31,910] Trial 2930 finished with value: 45.456287691548496 and parameters: {'C': 1102.087035321839, 'epsilon': 28.16786943080386, 'gamma': 0.06463666341502979}. Best is trial 406 with value: 38.90494892453006.
trail number 2927
[I 2025-07-21 19:04:31,918] Trial 2927 finished with value: 46.64995442996336 and parameters: {'C': 923.9514944490682, 'epsilon': 23.413282187375813, 'gamma': 0.11898353730118429}. Best is trial 406 with value: 38.90494892453006.
trail number 2933
[I 2025-07-21 19:04:31,947] Trial 2933 finished with value: 42.332157332224796 and parameters: {'C': 781.1586067628365, 'epsilon': 26.45206892129803, 'gamma': 0.00026021713010488355}. Best is trial 406 with value: 38.90494892453006.
trail number 2931
[I 2025-07-21 19:04:31,963] Trial 2931 finished with value: 39.78440485690736 and parameters: {'C': 709.5907668036831, 'epsilon': 24.878069137580813, 'gamma': 0.002067887750508835}. Best is trial 406 with value: 38.90494892453006.
trail number 2932
[I 2025-07-21 19:04:31,985] Trial 2932 finished with value: 46.301261471473474 and parameters: {'C': 1088.9049054671318, 'epsilon': 26.58316862706126, 'gamma': 0.0870815893213592}. Best is trial 406 with value: 38.90494892453006.
trail number 2934
[I 2025-07-21 19:04:31,995] Trial 2934 finished with value: 42.82377301545195 and parameters: {'C': 788.8326005704062, 'epsilon': 23.655285995245457, 'gamma': 0.0517151064307489}. Best is trial 406 with value: 38.90494892453006.
trail number 2935
[I 2025-07-21 19:04:32,010] Trial 2935 finished with value: 41.658256487712286 and parameters: {'C': 785.0927667005222, 'epsilon': 26.519782400356878, 'gamma': 0.04061596667032972}. Best is trial 406 with value: 38.90494892453006.
trail number 2936
[I 2025-07-21 19:04:32,026] Trial 2936 finished with value: 40.95487898085173 and parameters: {'C': 706.2770615812896, 'epsilon': 29.99208808586556, 'gamma': 0.034966861421034376}. Best is trial 406 with value: 38.90494892453006.
trail number 2937
[I 2025-07-21 19:04:32,051] Trial 2937 finished with value: 44.52871818660643 and parameters: {'C': 785.1507019143926, 'epsilon': 27.769658475313516, 'gamma': 0.0669539798757049}. Best is trial 406 with value: 38.90494892453006.
trail number 2939
[I 2025-07-21 19:04:32,066] Trial 2939 finished with value: 43.7619453201261 and parameters: {'C': 976.110402271815, 'epsilon': 21.66010377316772, 'gamma': 0.05597500798745694}. Best is trial 406 with value: 38.90494892453006.
trail number 2938
[I 2025-07-21 19:04:32,075] Trial 2938 finished with value: 43.83760286116802 and parameters: {'C': 709.4690954785821, 'epsilon': 27.329212506302934, 'gamma': 0.060382699624688445}. Best is trial 406 with value: 38.90494892453006.
trail number 2940
[I 2025-07-21 19:04:32,100] Trial 2940 finished with value: 44.05774673634225 and parameters: {'C': 1030.9827200705852, 'epsilon': 26.94226740714152, 'gamma': 0.05241832619766347}. Best is trial 406 with value: 38.90494892453006.
trail number 2941
[I 2025-07-21 19:04:32,109] Trial 2941 finished with value: 43.915369916533606 and parameters: {'C': 703.337002762745, 'epsilon': 26.404962955169538, 'gamma': 0.06239958482531917}. Best is trial 406 with value: 38.90494892453006.
trail number 2942
[I 2025-07-21 19:04:32,132] Trial 2942 finished with value: 45.64908902721382 and parameters: {'C': 899.8807706393732, 'epsilon': 24.801120127040086, 'gamma': 0.08575132660456848}. Best is trial 406 with value: 38.90494892453006.
trail number 2943
[I 2025-07-21 19:04:32,149] Trial 2943 finished with value: 43.641775297720685 and parameters: {'C': 887.3254207830205, 'epsilon': 23.423115480763805, 'gamma': 0.0552742967404254}. Best is trial 406 with value: 38.90494892453006.
trail number 2944
[I 2025-07-21 19:04:32,163] Trial 2944 finished with value: 39.19072493837036 and parameters: {'C': 704.3922482132854, 'epsilon': 26.668087169597054, 'gamma': 0.004816797010467061}. Best is trial 406 with value: 38.90494892453006.
trail number 2945
[I 2025-07-21 19:04:32,172] Trial 2945 finished with value: 44.146478295677355 and parameters: {'C': 761.8058452857156, 'epsilon': 29.933370035599935, 'gamma': 0.0614779744690763}. Best is trial 406 with value: 38.90494892453006.
trail number 2946
[I 2025-07-21 19:04:32,190] Trial 2946 finished with value: 41.14667533153769 and parameters: {'C': 838.2071029810397, 'epsilon': 22.881133227308503, 'gamma': 0.0374228113112157}. Best is trial 406 with value: 38.90494892453006.
trail number 2949
[I 2025-07-21 19:04:32,219] Trial 2949 finished with value: 41.3705897153369 and parameters: {'C': 826.5636000903631, 'epsilon': 21.590384226263595, 'gamma': 0.04072490408740341}. Best is trial 406 with value: 38.90494892453006.
trail number 2948
[I 2025-07-21 19:04:32,236] Trial 2948 finished with value: 42.30925928402426 and parameters: {'C': 877.5923603665495, 'epsilon': 25.712700016563158, 'gamma': 0.0430553743214854}. Best is trial 406 with value: 38.90494892453006.
trail number 2947
[I 2025-07-21 19:04:32,245] Trial 2947 finished with value: 42.046022399975264 and parameters: {'C': 844.7449982639097, 'epsilon': 21.874331156234174, 'gamma': 0.04480426640401233}. Best is trial 406 with value: 38.90494892453006.
trail number 2950
[I 2025-07-21 19:04:32,251] Trial 2950 finished with value: 46.039979024184234 and parameters: {'C': 777.4511836542215, 'epsilon': 24.749433867569962, 'gamma': 0.11983057878360891}. Best is trial 406 with value: 38.90494892453006.
trail number 2951
[I 2025-07-21 19:04:32,278] Trial 2951 finished with value: 43.59029542933304 and parameters: {'C': 861.8463002251145, 'epsilon': 25.16163786735316, 'gamma': 0.05440502260592235}. Best is trial 406 with value: 38.90494892453006.
trail number 2954
[I 2025-07-21 19:04:32,296] Trial 2954 finished with value: 39.32642172791119 and parameters: {'C': 794.8005664048995, 'epsilon': 29.926777630245105, 'gamma': 0.011030764348439854}. Best is trial 406 with value: 38.90494892453006.
trail number 2953
[I 2025-07-21 19:04:32,309] Trial 2953 finished with value: 39.38962710333631 and parameters: {'C': 880.1404791131632, 'epsilon': 25.441207429325058, 'gamma': 0.0029467391598406566}. Best is trial 406 with value: 38.90494892453006.
trail number 2952
[I 2025-07-21 19:04:32,319] Trial 2952 finished with value: 39.46337348566258 and parameters: {'C': 823.9113776663514, 'epsilon': 26.5234308126107, 'gamma': 0.002948212619545791}. Best is trial 406 with value: 38.90494892453006.
trail number 2955
[I 2025-07-21 19:04:32,338] Trial 2955 finished with value: 44.38610688468542 and parameters: {'C': 873.8475336689327, 'epsilon': 27.0635744884943, 'gamma': 0.06026081743408135}. Best is trial 406 with value: 38.90494892453006.
trail number 2956
[I 2025-07-21 19:04:32,347] Trial 2956 finished with value: 40.33596386988937 and parameters: {'C': 1082.9845677984356, 'epsilon': 20.820783789789925, 'gamma': 0.0009752141348484088}. Best is trial 406 with value: 38.90494892453006.
trail number 2958
[I 2025-07-21 19:04:32,370] Trial 2958 finished with value: 39.37171774124148 and parameters: {'C': 794.3002085611828, 'epsilon': 21.571435113877154, 'gamma': 0.00396939608470021}. Best is trial 406 with value: 38.90494892453006.
trail number 2960
[I 2025-07-21 19:04:32,384] Trial 2960 finished with value: 40.542789075076925 and parameters: {'C': 942.1345813495216, 'epsilon': 26.170248871669955, 'gamma': 0.0006798214514262104}. Best is trial 406 with value: 38.90494892453006.
trail number 2959
[I 2025-07-21 19:04:32,390] Trial 2959 finished with value: 40.041937178762375 and parameters: {'C': 935.9060664899062, 'epsilon': 27.427727116656275, 'gamma': 0.0015239482875496566}. Best is trial 406 with value: 38.90494892453006.
trail number 2957
[I 2025-07-21 19:04:32,401] Trial 2957 finished with value: 46.77841549660499 and parameters: {'C': 987.0826244904686, 'epsilon': 22.127836482831395, 'gamma': 0.1185577521164961}. Best is trial 406 with value: 38.90494892453006.
trail number 2962
[I 2025-07-21 19:04:32,429] Trial 2962 finished with value: 41.64287339691399 and parameters: {'C': 867.3825980622333, 'epsilon': 24.99552329897044, 'gamma': 0.00032260578868724063}. Best is trial 406 with value: 38.90494892453006.
trail number 2961
[I 2025-07-21 19:04:32,444] Trial 2961 finished with value: 39.987162848779455 and parameters: {'C': 972.8452517920322, 'epsilon': 25.386866661210636, 'gamma': 0.0014292599437915696}. Best is trial 406 with value: 38.90494892453006.
trail number 2963
[I 2025-07-21 19:04:32,467] Trial 2963 finished with value: 46.87617748862773 and parameters: {'C': 1010.3958797670565, 'epsilon': 24.151678233841004, 'gamma': 0.11400188280374483}. Best is trial 406 with value: 38.90494892453006.
trail number 2964
[I 2025-07-21 19:04:32,484] Trial 2964 finished with value: 45.968356346645216 and parameters: {'C': 983.875625056349, 'epsilon': 25.17687453530669, 'gamma': 0.09036352458107834}. Best is trial 406 with value: 38.90494892453006.
trail number 2965
[I 2025-07-21 19:04:32,491] Trial 2965 finished with value: 46.52148235397645 and parameters: {'C': 701.5320925661707, 'epsilon': 24.153124001239924, 'gamma': 0.13766236849572472}. Best is trial 406 with value: 38.90494892453006.
trail number 2966
[I 2025-07-21 19:04:32,520] Trial 2966 finished with value: 46.60979094798161 and parameters: {'C': 939.5149050610847, 'epsilon': 28.003491023618224, 'gamma': 0.1105615322922377}. Best is trial 406 with value: 38.90494892453006.
trail number 2967
[I 2025-07-21 19:04:32,531] Trial 2967 finished with value: 45.6161846847309 and parameters: {'C': 813.1346443461074, 'epsilon': 25.35708051129844, 'gamma': 0.09985930913910536}. Best is trial 406 with value: 38.90494892453006.
trail number 2969
[I 2025-07-21 19:04:32,545] Trial 2969 finished with value: 43.170197004264985 and parameters: {'C': 787.7659944395488, 'epsilon': 26.71405677235502, 'gamma': 0.05150648005227458}. Best is trial 406 with value: 38.90494892453006.
trail number 2968
[I 2025-07-21 19:04:32,561] Trial 2968 finished with value: 43.621255495230606 and parameters: {'C': 788.646040948455, 'epsilon': 27.641928721924806, 'gamma': 0.05496863690040847}. Best is trial 406 with value: 38.90494892453006.
trail number 2970
[I 2025-07-21 19:04:32,589] Trial 2970 finished with value: 39.248300111151636 and parameters: {'C': 898.3081525438658, 'epsilon': 22.52198244236636, 'gamma': 0.007521807456593733}. Best is trial 406 with value: 38.90494892453006.
trail number 2971
[I 2025-07-21 19:04:32,600] Trial 2971 finished with value: 43.455133382789896 and parameters: {'C': 813.0838646856141, 'epsilon': 24.34975876680349, 'gamma': 0.05529046948596191}. Best is trial 406 with value: 38.90494892453006.
trail number 2972
[I 2025-07-21 19:04:32,601] Trial 2972 finished with value: 48.11965472873942 and parameters: {'C': 1189.036899360474, 'epsilon': 17.975478627520904, 'gamma': 0.2070849667290111}. Best is trial 406 with value: 38.90494892453006.
trail number 2973
[I 2025-07-21 19:04:32,634] Trial 2973 finished with value: 44.48676907917345 and parameters: {'C': 921.759163360063, 'epsilon': 28.393909301136215, 'gamma': 0.06006389119980422}. Best is trial 406 with value: 38.90494892453006.
trail number 2975
[I 2025-07-21 19:04:32,650] Trial 2975 finished with value: 39.22937476597294 and parameters: {'C': 975.3100204482, 'epsilon': 22.206964935484855, 'gamma': 0.004460175562996743}. Best is trial 406 with value: 38.90494892453006.
trail number 2974
[I 2025-07-21 19:04:32,660] Trial 2974 finished with value: 39.43935459841294 and parameters: {'C': 788.9295392060546, 'epsilon': 28.115540558267924, 'gamma': 0.003090239714505703}. Best is trial 406 with value: 38.90494892453006.
trail number 2976
[I 2025-07-21 19:04:32,668] Trial 2976 finished with value: 42.950574073714954 and parameters: {'C': 908.2679610251785, 'epsilon': 21.783908423175525, 'gamma': 0.050084447037103505}. Best is trial 406 with value: 38.90494892453006.
trail number 2977
[I 2025-07-21 19:04:32,701] Trial 2977 finished with value: 39.37787387855399 and parameters: {'C': 867.5647359516115, 'epsilon': 29.395718524113146, 'gamma': 0.0035920084001556593}. Best is trial 406 with value: 38.90494892453006.
trail number 2978
[I 2025-07-21 19:04:32,701] Trial 2978 finished with value: 39.54720486397413 and parameters: {'C': 945.75361536707, 'epsilon': 20.844217697414333, 'gamma': 0.0026917005761937854}. Best is trial 406 with value: 38.90494892453006.
trail number 2980
[I 2025-07-21 19:04:32,710] Trial 2980 finished with value: 39.34604456783251 and parameters: {'C': 1044.0111492405624, 'epsilon': 26.879705212445018, 'gamma': 0.002957717790677236}. Best is trial 406 with value: 38.90494892453006.
trail number 2979
[I 2025-07-21 19:04:32,751] Trial 2979 finished with value: 44.658739831254465 and parameters: {'C': 1074.907137635847, 'epsilon': 22.39512079161521, 'gamma': 0.061852939547407476}. Best is trial 406 with value: 38.90494892453006.
trail number 2981
[I 2025-07-21 19:04:32,773] Trial 2981 finished with value: 43.74895732618843 and parameters: {'C': 700.946555750579, 'epsilon': 28.77010897707869, 'gamma': 0.059117500314220056}. Best is trial 406 with value: 38.90494892453006.
trail number 2982
[I 2025-07-21 19:04:32,782] Trial 2982 finished with value: 44.70953426161658 and parameters: {'C': 1062.9720697615746, 'epsilon': 23.201086594373297, 'gamma': 0.0613256420343538}. Best is trial 406 with value: 38.90494892453006.
trail number 2983
[I 2025-07-21 19:04:32,783] Trial 2983 finished with value: 45.88282145324812 and parameters: {'C': 856.0038917871802, 'epsilon': 23.025501388553558, 'gamma': 0.10760023440297001}. Best is trial 406 with value: 38.90494892453006.
trail number 2984
[I 2025-07-21 19:04:32,808] Trial 2984 finished with value: 42.921119950068956 and parameters: {'C': 781.5617017649374, 'epsilon': 24.260542788658675, 'gamma': 0.0521989986505183}. Best is trial 406 with value: 38.90494892453006.
trail number 2987
[I 2025-07-21 19:04:32,832] Trial 2987 finished with value: 39.82108292356539 and parameters: {'C': 915.9112785902178, 'epsilon': 27.246683287610466, 'gamma': 0.0018882220153872403}. Best is trial 406 with value: 38.90494892453006.
trail number 2985
[I 2025-07-21 19:04:32,840] Trial 2985 finished with value: 39.13089100422523 and parameters: {'C': 781.368224959513, 'epsilon': 24.499900043151683, 'gamma': 0.004934262193264816}. Best is trial 406 with value: 38.90494892453006.
trail number 2986
[I 2025-07-21 19:04:32,841] Trial 2986 finished with value: 39.23748607475737 and parameters: {'C': 809.2153739164369, 'epsilon': 22.55227286214606, 'gamma': 0.00468617246769628}. Best is trial 406 with value: 38.90494892453006.
trail number 2988
[I 2025-07-21 19:04:32,863] Trial 2988 finished with value: 50.917815090713454 and parameters: {'C': 1275.846126842213, 'epsilon': 28.68260175050104, 'gamma': 0.40918002144839044}. Best is trial 406 with value: 38.90494892453006.
trail number 2989
[I 2025-07-21 19:04:32,886] Trial 2989 finished with value: 45.41981614565471 and parameters: {'C': 754.043090727828, 'epsilon': 27.169108817889928, 'gamma': 0.00013516168901672038}. Best is trial 406 with value: 38.90494892453006.
trail number 2990
[I 2025-07-21 19:04:32,896] Trial 2990 finished with value: 40.242710525155985 and parameters: {'C': 868.2315114695647, 'epsilon': 25.620295117866743, 'gamma': 0.0010774391593943288}. Best is trial 406 with value: 38.90494892453006.
trail number 2992
[I 2025-07-21 19:04:32,916] Trial 2992 finished with value: 44.698821253829564 and parameters: {'C': 702.4512523900135, 'epsilon': 29.90245804992443, 'gamma': 0.07788038930921072}. Best is trial 406 with value: 38.90494892453006.
trail number 2991
[I 2025-07-21 19:04:32,925] Trial 2991 finished with value: 43.93436658324572 and parameters: {'C': 1086.2640552071448, 'epsilon': 25.46525503918359, 'gamma': 0.050962129293662624}. Best is trial 406 with value: 38.90494892453006.
trail number 2994
[I 2025-07-21 19:04:32,939] Trial 2994 finished with value: 40.68944581152455 and parameters: {'C': 713.6124754814302, 'epsilon': 27.10973082095371, 'gamma': 0.0009071620510105044}. Best is trial 406 with value: 38.90494892453006.
trail number 2993
[I 2025-07-21 19:04:32,946] Trial 2993 finished with value: 49.478574686499215 and parameters: {'C': 714.6387991471462, 'epsilon': 29.864761991230814, 'gamma': 0.33997243740282124}. Best is trial 406 with value: 38.90494892453006.
trail number 2995
[I 2025-07-21 19:04:32,973] Trial 2995 finished with value: 39.78145133765797 and parameters: {'C': 813.023684886479, 'epsilon': 29.871779517760714, 'gamma': 0.0024223977078890076}. Best is trial 406 with value: 38.90494892453006.
trail number 2996
[I 2025-07-21 19:04:32,984] Trial 2996 finished with value: 40.763671495835645 and parameters: {'C': 1101.8260143691607, 'epsilon': 23.027371297361398, 'gamma': 0.0006059486357265394}. Best is trial 406 with value: 38.90494892453006.
trail number 2997
[I 2025-07-21 19:04:32,996] Trial 2997 finished with value: 39.236763901554454 and parameters: {'C': 984.5662561960838, 'epsilon': 29.79302101509736, 'gamma': 0.004072911343771001}. Best is trial 406 with value: 38.90494892453006.
trail number 2998
[I 2025-07-21 19:04:33,011] Trial 2998 finished with value: 42.69783259681135 and parameters: {'C': 884.4959439795912, 'epsilon': 25.595890975845926, 'gamma': 0.04570301087271732}. Best is trial 406 with value: 38.90494892453006.
trail number 3002
[I 2025-07-21 19:04:33,036] Trial 3002 finished with value: 41.47456988273711 and parameters: {'C': 1103.597459501525, 'epsilon': 24.71570128046899, 'gamma': 0.00028707687932381237}. Best is trial 406 with value: 38.90494892453006.
trail number 3000
[I 2025-07-21 19:04:33,046] Trial 3000 finished with value: 47.856806808233806 and parameters: {'C': 915.3053847160863, 'epsilon': 25.660598420489833, 'gamma': 0.17533191195808778}. Best is trial 406 with value: 38.90494892453006.
trail number 2999
[I 2025-07-21 19:04:33,046] Trial 2999 finished with value: 43.96102647682808 and parameters: {'C': 973.328937948814, 'epsilon': 24.52891786389093, 'gamma': 0.055112438460681194}. Best is trial 406 with value: 38.90494892453006.
trail number 3001
[I 2025-07-21 19:04:33,070] Trial 3001 finished with value: 46.23430826223036 and parameters: {'C': 988.4534104174319, 'epsilon': 29.78825605233238, 'gamma': 0.09964580979214177}. Best is trial 406 with value: 38.90494892453006.
trail number 3004
