[I 2025-07-21 19:03:58,339] Trial 357 finished with value: 48.91406036646903 and parameters: {'C': 827.9188764421051, 'epsilon': 29.880911359805694, 'gamma': 0.31403765493678754}. Best is trial 171 with value: 38.91007131011672.
trail number 356
[I 2025-07-21 19:03:58,344] Trial 356 finished with value: 48.14382885733101 and parameters: {'C': 1033.6408455542382, 'epsilon': 14.151935750917678, 'gamma': 0.2408519476607085}. Best is trial 171 with value: 38.91007131011672.
trail number 358
[I 2025-07-21 19:03:58,359] Trial 358 finished with value: 40.13517353692012 and parameters: {'C': 1065.269206874391, 'epsilon': 15.631103713637877, 'gamma': 0.030251304691012615}. Best is trial 171 with value: 38.91007131011672.
trail number 359
[I 2025-07-21 19:03:58,364] Trial 359 finished with value: 39.02808308927579 and parameters: {'C': 1000.1679019008368, 'epsilon': 24.19075802310987, 'gamma': 0.012645449513232125}. Best is trial 171 with value: 38.91007131011672.
trail number 361
[I 2025-07-21 19:03:58,368] Trial 361 finished with value: 41.14677803955102 and parameters: {'C': 1114.502477118153, 'epsilon': 23.040980127042964, 'gamma': 0.0003815976309264543}. Best is trial 171 with value: 38.91007131011672.
trail number 360
[I 2025-07-21 19:03:58,387] Trial 360 finished with value: 43.95645402455578 and parameters: {'C': 1020.5486887649894, 'epsilon': 23.641121380194985, 'gamma': 0.054862863375900586}. Best is trial 171 with value: 38.91007131011672.
trail number 364
[I 2025-07-21 19:03:58,394] Trial 364 finished with value: 39.31872722181013 and parameters: {'C': 950.2581826799016, 'epsilon': 21.836283472625627, 'gamma': 0.009054390547981139}. Best is trial 171 with value: 38.91007131011672.
trail number 363
[I 2025-07-21 19:03:58,399] Trial 363 finished with value: 39.27758788785495 and parameters: {'C': 1021.574036088555, 'epsilon': 22.69654210867957, 'gamma': 0.0038164852925177788}. Best is trial 171 with value: 38.91007131011672.
trail number 367
[I 2025-07-21 19:03:58,417] Trial 367 finished with value: 40.62732219957194 and parameters: {'C': 959.0614972931927, 'epsilon': 18.5731687296516, 'gamma': 0.0006434262078832582}. Best is trial 171 with value: 38.91007131011672.
trail number 362
[I 2025-07-21 19:03:58,422] Trial 362 finished with value: 46.09304893855999 and parameters: {'C': 1221.1572939253574, 'epsilon': 20.83814729480251, 'gamma': 0.07979523635476603}. Best is trial 171 with value: 38.91007131011672.
trail number 365
[I 2025-07-21 19:03:58,431] Trial 365 finished with value: 42.33579256419138 and parameters: {'C': 985.2373392544208, 'epsilon': 23.74647908851995, 'gamma': 0.042475009307857456}. Best is trial 171 with value: 38.91007131011672.
trail number 366
[I 2025-07-21 19:03:58,435] Trial 366 finished with value: 40.546902328965515 and parameters: {'C': 1051.77530658483, 'epsilon': 21.36442577074494, 'gamma': 0.030429482344116035}. Best is trial 171 with value: 38.91007131011672.
trail number 370
[I 2025-07-21 19:03:58,461] Trial 370 finished with value: 39.04504345603933 and parameters: {'C': 993.8904002405149, 'epsilon': 21.972311973406274, 'gamma': 0.016541349273796416}. Best is trial 171 with value: 38.91007131011672.
trail number 368
[I 2025-07-21 19:03:58,467] Trial 368 finished with value: 46.74131395067569 and parameters: {'C': 1051.7123572434425, 'epsilon': 23.28305526285207, 'gamma': 0.10847696584104624}. Best is trial 171 with value: 38.91007131011672.
trail number 369
[I 2025-07-21 19:03:58,472] Trial 369 finished with value: 46.018312388405704 and parameters: {'C': 1080.151638049696, 'epsilon': 22.62709429242646, 'gamma': 0.08571407983658716}. Best is trial 171 with value: 38.91007131011672.
trail number 371
[I 2025-07-21 19:03:58,476] Trial 371 finished with value: 44.02264566770559 and parameters: {'C': 982.8133749486296, 'epsilon': 23.594542063017048, 'gamma': 0.0566337347359995}. Best is trial 171 with value: 38.91007131011672.
trail number 374
[I 2025-07-21 19:03:58,501] Trial 374 finished with value: 39.351863428475916 and parameters: {'C': 912.372426534215, 'epsilon': 20.78082947769164, 'gamma': 0.010127231360360166}. Best is trial 171 with value: 38.91007131011672.
trail number 372
[I 2025-07-21 19:03:58,505] Trial 372 finished with value: 46.91648312125966 and parameters: {'C': 1040.5255653962486, 'epsilon': 23.903829325404157, 'gamma': 0.1122027709753749}. Best is trial 171 with value: 38.91007131011672.
trail number 373
[I 2025-07-21 19:03:58,514] Trial 373 finished with value: 42.445587068765086 and parameters: {'C': 962.2161522001464, 'epsilon': 21.424590321251095, 'gamma': 0.045205190343926886}. Best is trial 171 with value: 38.91007131011672.
trail number 375
[I 2025-07-21 19:03:58,519] Trial 375 finished with value: 44.57528108836887 and parameters: {'C': 931.98174451627, 'epsilon': 20.600906134770174, 'gamma': 0.06879109240008546}. Best is trial 171 with value: 38.91007131011672.
trail number 376
[I 2025-07-21 19:03:58,536] Trial 376 finished with value: 39.050999218319326 and parameters: {'C': 1033.120692701055, 'epsilon': 21.580413365774994, 'gamma': 0.017439227391106628}. Best is trial 171 with value: 38.91007131011672.
trail number 378
[I 2025-07-21 19:03:58,545] Trial 378 finished with value: 39.77125326731577 and parameters: {'C': 1074.2246172597286, 'epsilon': 23.077760690546125, 'gamma': 0.0016562313095305863}. Best is trial 171 with value: 38.91007131011672.
trail number 379
[I 2025-07-21 19:03:58,545] Trial 379 finished with value: 39.27027124877527 and parameters: {'C': 900.5244267713339, 'epsilon': 21.443892576783306, 'gamma': 0.0072159072775423525}. Best is trial 171 with value: 38.91007131011672.
trail number 377
[I 2025-07-21 19:03:58,553] Trial 377 finished with value: 41.65109842064425 and parameters: {'C': 945.8296300919402, 'epsilon': 23.123791211327156, 'gamma': 0.03873572809272248}. Best is trial 171 with value: 38.91007131011672.
trail number 382
[I 2025-07-21 19:03:58,576] Trial 382 finished with value: 39.331215864354746 and parameters: {'C': 1078.8830898357753, 'epsilon': 18.630979722032432, 'gamma': 0.0037090194838199884}. Best is trial 171 with value: 38.91007131011672.
trail number 380
[I 2025-07-21 19:03:58,589] Trial 380 finished with value: 39.971978705712885 and parameters: {'C': 706.14825306109, 'epsilon': 14.689883634851936, 'gamma': 0.035652682713238314}. Best is trial 171 with value: 38.91007131011672.
trail number 384
[I 2025-07-21 19:03:58,600] Trial 384 finished with value: 39.4295635617169 and parameters: {'C': 1059.8272215743107, 'epsilon': 22.74637409355638, 'gamma': 0.003045506230142164}. Best is trial 171 with value: 38.91007131011672.
trail number 383
[I 2025-07-21 19:03:58,604] Trial 383 finished with value: 43.209518188638526 and parameters: {'C': 1095.5421244223148, 'epsilon': 19.785441893158758, 'gamma': 0.04941577801699326}. Best is trial 171 with value: 38.91007131011672.
trail number 381
[I 2025-07-21 19:03:58,613] Trial 381 finished with value: 43.36470853162918 and parameters: {'C': 1080.5844557982448, 'epsilon': 17.770934467164302, 'gamma': 0.05339102193470972}. Best is trial 171 with value: 38.91007131011672.
trail number 385
[I 2025-07-21 19:03:58,621] Trial 385 finished with value: 39.46747011214056 and parameters: {'C': 975.5821378506445, 'epsilon': 23.580488370423865, 'gamma': 0.0028674799253255775}. Best is trial 171 with value: 38.91007131011672.
trail number 387
[I 2025-07-21 19:03:58,632] Trial 387 finished with value: 39.79574484675154 and parameters: {'C': 948.3656140459523, 'epsilon': 24.441366150524757, 'gamma': 0.001626318790167466}. Best is trial 171 with value: 38.91007131011672.
trail number 386
[I 2025-07-21 19:03:58,641] Trial 386 finished with value: 39.272209355894034 and parameters: {'C': 1031.8048460748857, 'epsilon': 20.624085730855285, 'gamma': 0.01126138795803598}. Best is trial 171 with value: 38.91007131011672.
trail number 388
[I 2025-07-21 19:03:58,646] Trial 388 finished with value: 39.42573582266378 and parameters: {'C': 971.7482569032271, 'epsilon': 24.743586472081848, 'gamma': 0.002859230183165501}. Best is trial 171 with value: 38.91007131011672.
trail number 389
[I 2025-07-21 19:03:58,652] Trial 389 finished with value: 39.39176308370087 and parameters: {'C': 1020.222989882808, 'epsilon': 21.445570924820856, 'gamma': 0.007872290501155952}. Best is trial 171 with value: 38.91007131011672.
trail number 390
[I 2025-07-21 19:03:58,668] Trial 390 finished with value: 45.39557471546307 and parameters: {'C': 964.4488646029278, 'epsilon': 26.092983639608406, 'gamma': 0.07100787335358058}. Best is trial 171 with value: 38.91007131011672.
trail number 393
[I 2025-07-21 19:03:58,681] Trial 393 finished with value: 49.9771013823521 and parameters: {'C': 1486.6478890993983, 'epsilon': 11.121477604897658, 'gamma': 0.48034720238256046}. Best is trial 171 with value: 38.91007131011672.
trail number 391
[I 2025-07-21 19:03:58,691] Trial 391 finished with value: 45.94101357403471 and parameters: {'C': 959.5860254519872, 'epsilon': 26.048051303645593, 'gamma': 0.09121264253407599}. Best is trial 171 with value: 38.91007131011672.
trail number 392
[I 2025-07-21 19:03:58,691] Trial 392 finished with value: 45.63302992338618 and parameters: {'C': 882.3444153965211, 'epsilon': 25.43845061988389, 'gamma': 0.088424729177982}. Best is trial 171 with value: 38.91007131011672.
trail number 394
[I 2025-07-21 19:03:58,700] Trial 394 finished with value: 39.14991069446917 and parameters: {'C': 778.6710170547804, 'epsilon': 29.803960712399803, 'gamma': 0.005408374916996987}. Best is trial 171 with value: 38.91007131011672.
trail number 395
[I 2025-07-21 19:03:58,722] Trial 395 finished with value: 46.072997408452544 and parameters: {'C': 903.3177822675375, 'epsilon': 23.603986783141814, 'gamma': 0.10638086802165932}. Best is trial 171 with value: 38.91007131011672.
trail number 397
[I 2025-07-21 19:03:58,733] Trial 397 finished with value: 45.252570619820716 and parameters: {'C': 841.0663309651769, 'epsilon': 29.820274911684987, 'gamma': 0.07967586201987353}. Best is trial 171 with value: 38.91007131011672.
trail number 396
[I 2025-07-21 19:03:58,737] Trial 396 finished with value: 45.60944729673777 and parameters: {'C': 896.0375929776988, 'epsilon': 29.65117687250493, 'gamma': 0.09063598044994886}. Best is trial 171 with value: 38.91007131011672.
trail number 398
[I 2025-07-21 19:03:58,744] Trial 398 finished with value: 45.35348841422169 and parameters: {'C': 979.4645768542086, 'epsilon': 23.075008051367604, 'gamma': 0.0756458441565923}. Best is trial 171 with value: 38.91007131011672.
trail number 402
[I 2025-07-21 19:03:58,769] Trial 402 finished with value: 49.5610461895544 and parameters: {'C': 992.929707350795, 'epsilon': 22.94720876489102, 'gamma': 0.38978661193278596}. Best is trial 171 with value: 38.91007131011672.
trail number 399
[I 2025-07-21 19:03:58,774] Trial 399 finished with value: 44.83901946820537 and parameters: {'C': 861.6376347299794, 'epsilon': 29.998085407192487, 'gamma': 0.06879941258490466}. Best is trial 171 with value: 38.91007131011672.
trail number 401
[I 2025-07-21 19:03:58,780] Trial 401 finished with value: 43.01363935314151 and parameters: {'C': 1005.6672976276506, 'epsilon': 23.07911633619148, 'gamma': 0.047483971659862526}. Best is trial 171 with value: 38.91007131011672.
trail number 405
[I 2025-07-21 19:03:58,803] Trial 405 finished with value: 39.78885848224989 and parameters: {'C': 990.7909814341904, 'epsilon': 23.353938676927292, 'gamma': 0.001596844553505108}. Best is trial 171 with value: 38.91007131011672.
trail number 400
[I 2025-07-21 19:03:58,808] Trial 400 finished with value: 45.98077504696791 and parameters: {'C': 1086.1904388489559, 'epsilon': 22.71070580626859, 'gamma': 0.08082202606261922}. Best is trial 171 with value: 38.91007131011672.
trail number 404
[I 2025-07-21 19:03:58,814] Trial 404 finished with value: 39.493018099275574 and parameters: {'C': 1004.3632681497519, 'epsilon': 24.35622234982864, 'gamma': 0.0022933353325925616}. Best is trial 171 with value: 38.91007131011672.
trail number 403
[I 2025-07-21 19:03:58,818] Trial 403 finished with value: 40.25403888713187 and parameters: {'C': 849.601764360541, 'epsilon': 20.710337445590667, 'gamma': 0.032071349565250346}. Best is trial 171 with value: 38.91007131011672.
trail number 409
[I 2025-07-21 19:03:58,842] Trial 409 finished with value: 39.5302023428253 and parameters: {'C': 837.9943910728241, 'epsilon': 24.089424381913204, 'gamma': 0.0029676947196969287}. Best is trial 171 with value: 38.91007131011672.
trail number 406
[I 2025-07-21 19:03:58,848] Trial 406 finished with value: 38.90494892453006 and parameters: {'C': 947.5100011892805, 'epsilon': 25.242648034133342, 'gamma': 0.013811162544220249}. Best is trial 406 with value: 38.90494892453006.
trail number 408
[I 2025-07-21 19:03:58,853] Trial 408 finished with value: 39.08230567945512 and parameters: {'C': 920.0208628303085, 'epsilon': 24.999712317292122, 'gamma': 0.005449771755515912}. Best is trial 406 with value: 38.90494892453006.
trail number 407
[I 2025-07-21 19:03:58,860] Trial 407 finished with value: 38.9534580108069 and parameters: {'C': 938.4800918555854, 'epsilon': 25.373660620251677, 'gamma': 0.014147405444415014}. Best is trial 406 with value: 38.90494892453006.
trail number 412
[I 2025-07-21 19:03:58,886] Trial 412 finished with value: 40.284454019834925 and parameters: {'C': 926.4852609786209, 'epsilon': 27.46728040842471, 'gamma': 0.0012914119777681834}. Best is trial 406 with value: 38.90494892453006.
trail number 410
[I 2025-07-21 19:03:58,891] Trial 410 finished with value: 44.232364905489916 and parameters: {'C': 878.8756177326217, 'epsilon': 25.161030732301953, 'gamma': 0.059994403566759245}. Best is trial 406 with value: 38.90494892453006.
trail number 413
[I 2025-07-21 19:03:58,892] Trial 413 finished with value: 39.392158306298526 and parameters: {'C': 846.2297066610777, 'epsilon': 19.928580228002247, 'gamma': 0.0035747367853063323}. Best is trial 406 with value: 38.90494892453006.
trail number 411
[I 2025-07-21 19:03:58,899] Trial 411 finished with value: 42.309534783259146 and parameters: {'C': 960.1889809624324, 'epsilon': 26.078670151086904, 'gamma': 0.04100634663466184}. Best is trial 406 with value: 38.90494892453006.
trail number 416
[I 2025-07-21 19:03:58,926] Trial 416 finished with value: 48.55656762925774 and parameters: {'C': 726.5040201609559, 'epsilon': 21.48231024107968, 'gamma': 0.3387693327385961}. Best is trial 406 with value: 38.90494892453006.
trail number 414
[I 2025-07-21 19:03:58,931] Trial 414 finished with value: 39.259948181181855 and parameters: {'C': 1013.6896377440424, 'epsilon': 20.229028108486183, 'gamma': 0.004332912863266531}. Best is trial 406 with value: 38.90494892453006.
trail number 417
[I 2025-07-21 19:03:58,949] Trial 417 finished with value: 45.38306392456589 and parameters: {'C': 1005.6799344359854, 'epsilon': 20.725113262127106, 'gamma': 0.07802568315883247}. Best is trial 406 with value: 38.90494892453006.
trail number 418
[I 2025-07-21 19:03:58,956] Trial 418 finished with value: 39.636461313886514 and parameters: {'C': 976.1205625091237, 'epsilon': 23.213744815026764, 'gamma': 0.0022214308215128264}. Best is trial 406 with value: 38.90494892453006.
trail number 415
[I 2025-07-21 19:03:58,961] Trial 415 finished with value: 45.62007435112362 and parameters: {'C': 991.3220378622389, 'epsilon': 21.164409882639497, 'gamma': 0.08354085394469812}. Best is trial 406 with value: 38.90494892453006.
trail number 419
[I 2025-07-21 19:03:58,985] Trial 419 finished with value: 43.58185554219091 and parameters: {'C': 1035.05503358049, 'epsilon': 24.453318077359505, 'gamma': 0.050027026097811414}. Best is trial 406 with value: 38.90494892453006.
trail number 420
[I 2025-07-21 19:03:58,991] Trial 420 finished with value: 47.898632100040984 and parameters: {'C': 728.5734910151057, 'epsilon': 11.552824376503292, 'gamma': 0.1874440918369285}. Best is trial 406 with value: 38.90494892453006.
trail number 421
[I 2025-07-21 19:03:59,008] Trial 421 finished with value: 45.31900627741003 and parameters: {'C': 1020.9239835018959, 'epsilon': 23.520433479822724, 'gamma': 0.07143093574816353}. Best is trial 406 with value: 38.90494892453006.
trail number 422
[I 2025-07-21 19:03:59,015] Trial 422 finished with value: 46.297923730400484 and parameters: {'C': 998.0094724102439, 'epsilon': 26.30645124077245, 'gamma': 0.09991786167163963}. Best is trial 406 with value: 38.90494892453006.
trail number 423
[I 2025-07-21 19:03:59,022] Trial 423 finished with value: 41.128861275053374 and parameters: {'C': 873.7719112020775, 'epsilon': 22.5662803963798, 'gamma': 0.00045221941753025713}. Best is trial 406 with value: 38.90494892453006.
trail number 424
[I 2025-07-21 19:03:59,034] Trial 424 finished with value: 48.64432144632194 and parameters: {'C': 1205.1432879958286, 'epsilon': 18.2301212091586, 'gamma': 0.16527177869150933}. Best is trial 406 with value: 38.90494892453006.
trail number 425
[I 2025-07-21 19:03:59,038] Trial 425 finished with value: 38.99682718942139 and parameters: {'C': 704.7586497781168, 'epsilon': 28.226527245989857, 'gamma': 0.007386753447546494}. Best is trial 406 with value: 38.90494892453006.
trail number 426
[I 2025-07-21 19:03:59,054] Trial 426 finished with value: 39.291588407038226 and parameters: {'C': 1106.17857149903, 'epsilon': 21.93757078135564, 'gamma': 0.008994426490624298}. Best is trial 406 with value: 38.90494892453006.
trail number 427
[I 2025-07-21 19:03:59,067] Trial 427 finished with value: 48.23680785840186 and parameters: {'C': 1247.598244906452, 'epsilon': 16.25928135933598, 'gamma': 0.24248441906875146}. Best is trial 406 with value: 38.90494892453006.
trail number 428
[I 2025-07-21 19:03:59,067] Trial 428 finished with value: 39.30561855522791 and parameters: {'C': 1128.4537452312209, 'epsilon': 20.466030920972003, 'gamma': 0.0036596780242155943}. Best is trial 406 with value: 38.90494892453006.
trail number 429
[I 2025-07-21 19:03:59,079] Trial 429 finished with value: 44.64182884398302 and parameters: {'C': 720.607933574162, 'epsilon': 26.717667165867347, 'gamma': 0.07370020928652955}. Best is trial 406 with value: 38.90494892453006.
trail number 430
[I 2025-07-21 19:03:59,086] Trial 430 finished with value: 39.04439293508707 and parameters: {'C': 759.412701352004, 'epsilon': 29.611700653719137, 'gamma': 0.007189559689128532}. Best is trial 406 with value: 38.90494892453006.
trail number 432
[I 2025-07-21 19:03:59,108] Trial 432 finished with value: 45.347251532946146 and parameters: {'C': 704.501927059452, 'epsilon': 28.17412628749891, 'gamma': 0.1060821374696924}. Best is trial 406 with value: 38.90494892453006.
trail number 431
[I 2025-07-21 19:03:59,108] Trial 431 finished with value: 45.5298042772889 and parameters: {'C': 724.3980850952147, 'epsilon': 27.07128387571991, 'gamma': 0.11020229185082799}. Best is trial 406 with value: 38.90494892453006.
trail number 433
[I 2025-07-21 19:03:59,117] Trial 433 finished with value: 45.10204044704261 and parameters: {'C': 704.8736077710614, 'epsilon': 29.313121247075514, 'gamma': 0.09641141133799466}. Best is trial 406 with value: 38.90494892453006.
trail number 434
[I 2025-07-21 19:03:59,122] Trial 434 finished with value: 42.7033784384037 and parameters: {'C': 761.3369313344831, 'epsilon': 29.66965577873298, 'gamma': 0.04654006197062839}. Best is trial 406 with value: 38.90494892453006.
trail number 436
[I 2025-07-21 19:03:59,144] Trial 436 finished with value: 39.04123238273756 and parameters: {'C': 706.5423623146617, 'epsilon': 27.37867469961663, 'gamma': 0.007252069761954757}. Best is trial 406 with value: 38.90494892453006.
trail number 437
[I 2025-07-21 19:03:59,149] Trial 437 finished with value: 51.66561380117075 and parameters: {'C': 706.8672362881749, 'epsilon': 25.061036727818124, 'gamma': 0.4710452063470491}. Best is trial 406 with value: 38.90494892453006.
trail number 435
[I 2025-07-21 19:03:59,149] Trial 435 finished with value: 40.27730493048581 and parameters: {'C': 815.0271646134629, 'epsilon': 28.46154344044793, 'gamma': 0.02760655389107486}. Best is trial 406 with value: 38.90494892453006.
trail number 438
[I 2025-07-21 19:03:59,157] Trial 438 finished with value: 39.25641106628411 and parameters: {'C': 785.9077194729174, 'epsilon': 29.061818887537488, 'gamma': 0.014275917150244354}. Best is trial 406 with value: 38.90494892453006.
trail number 440
[I 2025-07-21 19:03:59,179] Trial 440 finished with value: 39.23898645477199 and parameters: {'C': 735.5965295818786, 'epsilon': 25.75528207396699, 'gamma': 0.004455085442693117}. Best is trial 406 with value: 38.90494892453006.
trail number 439
[I 2025-07-21 19:03:59,188] Trial 439 finished with value: 40.52825149925102 and parameters: {'C': 733.9922898245544, 'epsilon': 26.856441434403198, 'gamma': 0.033375273476985094}. Best is trial 406 with value: 38.90494892453006.
trail number 442
[I 2025-07-21 19:03:59,188] Trial 442 finished with value: 40.23008291394737 and parameters: {'C': 726.3271547086455, 'epsilon': 28.24945559017969, 'gamma': 0.029174836976689926}. Best is trial 406 with value: 38.90494892453006.
trail number 441
[I 2025-07-21 19:03:59,196] Trial 441 finished with value: 41.40243034453751 and parameters: {'C': 768.8166369359669, 'epsilon': 29.226196954022576, 'gamma': 0.0373878022587778}. Best is trial 406 with value: 38.90494892453006.
trail number 443
[I 2025-07-21 19:03:59,214] Trial 443 finished with value: 50.34982587270335 and parameters: {'C': 1467.7903157663497, 'epsilon': 23.880619607632717, 'gamma': 0.41742772900766806}. Best is trial 406 with value: 38.90494892453006.
trail number 444
[I 2025-07-21 19:03:59,222] Trial 444 finished with value: 39.20475219467977 and parameters: {'C': 790.8398748590238, 'epsilon': 28.080940850523845, 'gamma': 0.004375611925170027}. Best is trial 406 with value: 38.90494892453006.
trail number 446
