[I 2025-07-21 19:03:55,836] Trial 88 finished with value: 40.46787088277709 and parameters: {'C': 1151.6675281153834, 'epsilon': 23.81345293082003, 'gamma': 0.025678444030304226}. Best is trial 71 with value: 38.95014158713764.
trail number 90
[I 2025-07-21 19:03:55,841] Trial 90 finished with value: 39.152763567499505 and parameters: {'C': 794.9233512026351, 'epsilon': 25.868783783926524, 'gamma': 0.01073292168459612}. Best is trial 71 with value: 38.95014158713764.
trail number 92
[I 2025-07-21 19:03:55,855] Trial 92 finished with value: 40.883216320923985 and parameters: {'C': 827.1736779141055, 'epsilon': 24.81084127139721, 'gamma': 0.03399216258788154}. Best is trial 71 with value: 38.95014158713764.
trail number 91
[I 2025-07-21 19:03:55,867] Trial 91 finished with value: 48.438612980693115 and parameters: {'C': 1163.0014250255658, 'epsilon': 11.20721004274537, 'gamma': 0.13889811524588347}. Best is trial 71 with value: 38.95014158713764.
trail number 93
[I 2025-07-21 19:03:55,885] Trial 93 finished with value: 42.90633800566872 and parameters: {'C': 831.841046989321, 'epsilon': 25.62837347558575, 'gamma': 0.049069713615141904}. Best is trial 71 with value: 38.95014158713764.
trail number 95
[I 2025-07-21 19:03:55,891] Trial 95 finished with value: 45.208091856148044 and parameters: {'C': 987.7855349710643, 'epsilon': 25.93864473623362, 'gamma': 0.0672584485111831}. Best is trial 71 with value: 38.95014158713764.
trail number 94
[I 2025-07-21 19:03:55,892] Trial 94 finished with value: 39.78298697291599 and parameters: {'C': 1038.193897474406, 'epsilon': 10.83463067240129, 'gamma': 0.02528779875224671}. Best is trial 71 with value: 38.95014158713764.
trail number 96
[I 2025-07-21 19:03:55,901] Trial 96 finished with value: 39.85165178135246 and parameters: {'C': 940.4994062515922, 'epsilon': 26.993439106376158, 'gamma': 0.021502803071397597}. Best is trial 71 with value: 38.95014158713764.
trail number 99
[I 2025-07-21 19:03:55,925] Trial 99 finished with value: 49.76557492303875 and parameters: {'C': 956.1668628017214, 'epsilon': 9.176673239611102, 'gamma': 0.47582402911853355}. Best is trial 71 with value: 38.95014158713764.
trail number 98
[I 2025-07-21 19:03:55,937] Trial 98 finished with value: 38.94845301091205 and parameters: {'C': 942.8776198846256, 'epsilon': 25.008811991907113, 'gamma': 0.01217223504732191}. Best is trial 98 with value: 38.94845301091205.
trail number 97
[I 2025-07-21 19:03:55,937] Trial 97 finished with value: 41.7551593790522 and parameters: {'C': 917.0835735474479, 'epsilon': 26.536358890961385, 'gamma': 0.03809250230612135}. Best is trial 98 with value: 38.94845301091205.
trail number 100
[I 2025-07-21 19:03:55,945] Trial 100 finished with value: 46.27984273483158 and parameters: {'C': 918.1786596101477, 'epsilon': 25.473747802819243, 'gamma': 0.10904500594041917}. Best is trial 98 with value: 38.94845301091205.
trail number 101
[I 2025-07-21 19:03:55,961] Trial 101 finished with value: 42.90684775388024 and parameters: {'C': 892.2207716782596, 'epsilon': 27.328003069075837, 'gamma': 0.045719953967387914}. Best is trial 98 with value: 38.94845301091205.
trail number 102
[I 2025-07-21 19:03:55,973] Trial 102 finished with value: 39.58935949848834 and parameters: {'C': 910.0046481903714, 'epsilon': 24.773711856292845, 'gamma': 0.0022306148997250086}. Best is trial 98 with value: 38.94845301091205.
trail number 104
[I 2025-07-21 19:03:55,978] Trial 104 finished with value: 39.398026662957555 and parameters: {'C': 947.5963673524157, 'epsilon': 26.383043495364973, 'gamma': 0.016482052931884573}. Best is trial 98 with value: 38.94845301091205.
trail number 103
[I 2025-07-21 19:03:55,984] Trial 103 finished with value: 39.02465122112925 and parameters: {'C': 998.4719573589122, 'epsilon': 22.361917252456653, 'gamma': 0.01596151361194659}. Best is trial 98 with value: 38.94845301091205.
trail number 105
[I 2025-07-21 19:03:55,997] Trial 105 finished with value: 48.36687289497104 and parameters: {'C': 1125.9200734203228, 'epsilon': 20.254841829626894, 'gamma': 0.3379178266998478}. Best is trial 98 with value: 38.94845301091205.
trail number 106
[I 2025-07-21 19:03:56,018] Trial 106 finished with value: 39.24118921990706 and parameters: {'C': 838.9511820842748, 'epsilon': 27.429958318129465, 'gamma': 0.014428105930368525}. Best is trial 98 with value: 38.94845301091205.
trail number 107
[I 2025-07-21 19:03:56,023] Trial 107 finished with value: 47.86112951128732 and parameters: {'C': 731.1681253427367, 'epsilon': 16.142799987899004, 'gamma': 0.18913075873960875}. Best is trial 98 with value: 38.94845301091205.
trail number 108
[I 2025-07-21 19:03:56,033] Trial 108 finished with value: 40.41356104466287 and parameters: {'C': 1077.198445301968, 'epsilon': 22.8319363107254, 'gamma': 0.027103857139217313}. Best is trial 98 with value: 38.94845301091205.
trail number 109
[I 2025-07-21 19:03:56,038] Trial 109 finished with value: 40.989317428028684 and parameters: {'C': 1006.7822604563202, 'epsilon': 22.88650582600769, 'gamma': 0.033175426170294696}. Best is trial 98 with value: 38.94845301091205.
trail number 111
[I 2025-07-21 19:03:56,048] Trial 111 finished with value: 39.32211722484463 and parameters: {'C': 1006.3382129828871, 'epsilon': 20.321284224261806, 'gamma': 0.005435838725755156}. Best is trial 98 with value: 38.94845301091205.
trail number 112
[I 2025-07-21 19:03:56,064] Trial 112 finished with value: 39.31289200920262 and parameters: {'C': 974.2277967682242, 'epsilon': 18.97692054351858, 'gamma': 0.012318353153601875}. Best is trial 98 with value: 38.94845301091205.
trail number 110
[I 2025-07-21 19:03:56,070] Trial 110 finished with value: 43.2107072495977 and parameters: {'C': 1090.8780304747788, 'epsilon': 22.060226004666575, 'gamma': 0.047382128907210795}. Best is trial 98 with value: 38.94845301091205.
trail number 114
[I 2025-07-21 19:03:56,074] Trial 114 finished with value: 39.46851757204452 and parameters: {'C': 967.26611230216, 'epsilon': 28.455563631020688, 'gamma': 0.0026703692808659318}. Best is trial 98 with value: 38.94845301091205.
trail number 113
[I 2025-07-21 19:03:56,086] Trial 113 finished with value: 46.042206983532125 and parameters: {'C': 983.9543395909243, 'epsilon': 21.350930317034926, 'gamma': 0.09984938615554984}. Best is trial 98 with value: 38.94845301091205.
trail number 115
[I 2025-07-21 19:03:56,094] Trial 115 finished with value: 39.23463707518787 and parameters: {'C': 917.1830772468832, 'epsilon': 26.015030306269132, 'gamma': 0.004053851521564669}. Best is trial 98 with value: 38.94845301091205.
trail number 116
[I 2025-07-21 19:03:56,110] Trial 116 finished with value: 47.66199940859191 and parameters: {'C': 978.991503890388, 'epsilon': 22.391558733589285, 'gamma': 0.20006376942846107}. Best is trial 98 with value: 38.94845301091205.
trail number 117
[I 2025-07-21 19:03:56,115] Trial 117 finished with value: 47.67110193125169 and parameters: {'C': 1005.9283397299031, 'epsilon': 22.474894524023117, 'gamma': 0.19838860333639496}. Best is trial 98 with value: 38.94845301091205.
trail number 118
[I 2025-07-21 19:03:56,121] Trial 118 finished with value: 46.15138251081149 and parameters: {'C': 730.2343839827316, 'epsilon': 28.87123316836492, 'gamma': 0.11893103912046428}. Best is trial 98 with value: 38.94845301091205.
trail number 121
[I 2025-07-21 19:03:56,138] Trial 121 finished with value: 39.7646632734113 and parameters: {'C': 891.8547365814827, 'epsilon': 24.080067209254384, 'gamma': 0.0017534712502734005}. Best is trial 98 with value: 38.94845301091205.
trail number 119
[I 2025-07-21 19:03:56,142] Trial 119 finished with value: 46.55675832591366 and parameters: {'C': 1456.7394613869444, 'epsilon': 29.746507274068932, 'gamma': 0.07197336279078702}. Best is trial 98 with value: 38.94845301091205.
trail number 122
[I 2025-07-21 19:03:56,147] Trial 122 finished with value: 39.20707868408808 and parameters: {'C': 1422.992462171938, 'epsilon': 29.636356346470524, 'gamma': 0.005801078199947424}. Best is trial 98 with value: 38.94845301091205.
trail number 120
[I 2025-07-21 19:03:56,159] Trial 120 finished with value: 45.99849166121898 and parameters: {'C': 1318.0106448762772, 'epsilon': 29.671123067725475, 'gamma': 0.06398757325928348}. Best is trial 98 with value: 38.94845301091205.
trail number 125
[I 2025-07-21 19:03:56,178] Trial 125 finished with value: 39.860667865285514 and parameters: {'C': 1325.935224679714, 'epsilon': 24.97741295631309, 'gamma': 0.019168524368313865}. Best is trial 98 with value: 38.94845301091205.
trail number 123
[I 2025-07-21 19:03:56,182] Trial 123 finished with value: 46.55775769346387 and parameters: {'C': 1337.3761307496532, 'epsilon': 29.00621931587382, 'gamma': 0.07747294083299464}. Best is trial 98 with value: 38.94845301091205.
trail number 124
[I 2025-07-21 19:03:56,186] Trial 124 finished with value: 43.62769775472334 and parameters: {'C': 1307.2297225081245, 'epsilon': 28.084514135149714, 'gamma': 0.04197497808805511}. Best is trial 98 with value: 38.94845301091205.
trail number 126
[I 2025-07-21 19:03:56,200] Trial 126 finished with value: 41.47106957313257 and parameters: {'C': 1225.2595432263302, 'epsilon': 26.395999448952928, 'gamma': 0.03155032843570554}. Best is trial 98 with value: 38.94845301091205.
trail number 127
[I 2025-07-21 19:03:56,208] Trial 127 finished with value: 39.107866191480106 and parameters: {'C': 1135.4328953362165, 'epsilon': 26.428599498066692, 'gamma': 0.004385657071430949}. Best is trial 98 with value: 38.94845301091205.
trail number 128
[I 2025-07-21 19:03:56,217] Trial 128 finished with value: 39.672199390347956 and parameters: {'C': 1186.5161910014183, 'epsilon': 26.41185163725662, 'gamma': 0.017821862428269084}. Best is trial 98 with value: 38.94845301091205.
trail number 129
[I 2025-07-21 19:03:56,236] Trial 129 finished with value: 47.17054677672259 and parameters: {'C': 1166.973809843191, 'epsilon': 24.18716788031179, 'gamma': 0.10608346388233839}. Best is trial 98 with value: 38.94845301091205.
trail number 131
[I 2025-07-21 19:03:56,240] Trial 131 finished with value: 40.38387050390603 and parameters: {'C': 1096.4640005753602, 'epsilon': 25.18384715608474, 'gamma': 0.02510694630541976}. Best is trial 98 with value: 38.94845301091205.
trail number 130
[I 2025-07-21 19:03:56,244] Trial 130 finished with value: 40.40330897838396 and parameters: {'C': 743.1029124038423, 'epsilon': 8.549384682905883, 'gamma': 0.04452705417202388}. Best is trial 98 with value: 38.94845301091205.
trail number 132
[I 2025-07-21 19:03:56,249] Trial 132 finished with value: 39.76136536659933 and parameters: {'C': 1055.4734501103385, 'epsilon': 26.400278929690586, 'gamma': 0.019904306211239866}. Best is trial 98 with value: 38.94845301091205.
trail number 134
[I 2025-07-21 19:03:56,271] Trial 134 finished with value: 39.15510635009748 and parameters: {'C': 1166.0162747129116, 'epsilon': 25.691984197286054, 'gamma': 0.0070914686695064955}. Best is trial 98 with value: 38.94845301091205.
trail number 135
[I 2025-07-21 19:03:56,275] Trial 135 finished with value: 39.05962966600069 and parameters: {'C': 1060.8491555462208, 'epsilon': 22.93585551496595, 'gamma': 0.017078418306288645}. Best is trial 98 with value: 38.94845301091205.
trail number 136
[I 2025-07-21 19:03:56,275] Trial 136 finished with value: 39.19505647618845 and parameters: {'C': 1122.37746613493, 'epsilon': 22.65089647470462, 'gamma': 0.004579277497719291}. Best is trial 98 with value: 38.94845301091205.
trail number 133
[I 2025-07-21 19:03:56,285] Trial 133 finished with value: 45.57176455795904 and parameters: {'C': 972.2826730606973, 'epsilon': 23.966016731097564, 'gamma': 0.07774300701969737}. Best is trial 98 with value: 38.94845301091205.
trail number 137
[I 2025-07-21 19:03:56,303] Trial 137 finished with value: 39.144191221398344 and parameters: {'C': 1096.744916507709, 'epsilon': 24.634097084615238, 'gamma': 0.004972192439579769}. Best is trial 98 with value: 38.94845301091205.
trail number 138
[I 2025-07-21 19:03:56,308] Trial 138 finished with value: 39.144413976585405 and parameters: {'C': 1027.646003436701, 'epsilon': 22.348781496135697, 'gamma': 0.011747157074993405}. Best is trial 98 with value: 38.94845301091205.
trail number 139
[I 2025-07-21 19:03:56,323] Trial 139 finished with value: 45.87255230296076 and parameters: {'C': 997.7556629172936, 'epsilon': 28.851565269362542, 'gamma': 0.0867422324155554}. Best is trial 98 with value: 38.94845301091205.
trail number 140
[I 2025-07-21 19:03:56,328] Trial 140 finished with value: 47.127685244657734 and parameters: {'C': 1074.5630761214122, 'epsilon': 27.789002197436208, 'gamma': 0.10977115806382935}. Best is trial 98 with value: 38.94845301091205.
trail number 141
[I 2025-07-21 19:03:56,334] Trial 141 finished with value: 40.41399205603127 and parameters: {'C': 909.5398628981189, 'epsilon': 22.782820837566028, 'gamma': 0.001093038545391986}. Best is trial 98 with value: 38.94845301091205.
trail number 142
[I 2025-07-21 19:03:56,339] Trial 142 finished with value: 39.13246468539145 and parameters: {'C': 705.4534156980827, 'epsilon': 26.30405013230867, 'gamma': 0.01204448601068895}. Best is trial 98 with value: 38.94845301091205.
trail number 144
[I 2025-07-21 19:03:56,356] Trial 144 finished with value: 39.476412196490834 and parameters: {'C': 855.1971965877779, 'epsilon': 23.2578751701452, 'gamma': 0.0030011249491660426}. Best is trial 98 with value: 38.94845301091205.
trail number 143
[I 2025-07-21 19:03:56,361] Trial 143 finished with value: 42.64507845475576 and parameters: {'C': 762.528947366641, 'epsilon': 28.838843842692736, 'gamma': 0.04675934503908938}. Best is trial 98 with value: 38.94845301091205.
trail number 145
[I 2025-07-21 19:03:56,366] Trial 145 finished with value: 39.910081255179 and parameters: {'C': 763.9520459380423, 'epsilon': 28.92084582586033, 'gamma': 0.023445134554108175}. Best is trial 98 with value: 38.94845301091205.
trail number 146
[I 2025-07-21 19:03:56,376] Trial 146 finished with value: 41.974851861973896 and parameters: {'C': 716.7565931451908, 'epsilon': 24.22032095405021, 'gamma': 0.04644455163532293}. Best is trial 98 with value: 38.94845301091205.
trail number 147
[I 2025-07-21 19:03:56,388] Trial 147 finished with value: 39.13736877971517 and parameters: {'C': 747.8540730618918, 'epsilon': 25.85309703183049, 'gamma': 0.010792425438159706}. Best is trial 98 with value: 38.94845301091205.
trail number 149
[I 2025-07-21 19:03:56,402] Trial 149 finished with value: 39.090901906115434 and parameters: {'C': 722.1190684033536, 'epsilon': 24.80135807283656, 'gamma': 0.017732340523782104}. Best is trial 98 with value: 38.94845301091205.
trail number 148
[I 2025-07-21 19:03:56,407] Trial 148 finished with value: 44.989449338242366 and parameters: {'C': 800.1637982238963, 'epsilon': 24.16803141823881, 'gamma': 0.07837602768742209}. Best is trial 98 with value: 38.94845301091205.
trail number 150
[I 2025-07-21 19:03:56,412] Trial 150 finished with value: 45.43908741660535 and parameters: {'C': 760.8753511729358, 'epsilon': 25.71764389378316, 'gamma': 0.09919570647221473}. Best is trial 98 with value: 38.94845301091205.
trail number 151
[I 2025-07-21 19:03:56,434] Trial 151 finished with value: 45.4022838497145 and parameters: {'C': 956.3506998751523, 'epsilon': 24.15648011731555, 'gamma': 0.07581639882541266}. Best is trial 98 with value: 38.94845301091205.
trail number 153
[I 2025-07-21 19:03:56,449] Trial 153 finished with value: 45.05237679084969 and parameters: {'C': 1011.9005765957621, 'epsilon': 24.41184828863018, 'gamma': 0.06612174307252788}. Best is trial 98 with value: 38.94845301091205.
trail number 155
[I 2025-07-21 19:03:56,456] Trial 155 finished with value: 39.55762216378766 and parameters: {'C': 703.9014867410438, 'epsilon': 26.133273637563434, 'gamma': 0.0032283708693586367}. Best is trial 98 with value: 38.94845301091205.
trail number 154
[I 2025-07-21 19:03:56,462] Trial 154 finished with value: 43.03002461546173 and parameters: {'C': 710.5150615894916, 'epsilon': 21.117901955479, 'gamma': 0.057940182369839804}. Best is trial 98 with value: 38.94845301091205.
trail number 152
[I 2025-07-21 19:03:56,468] Trial 152 finished with value: 45.4474699132039 and parameters: {'C': 732.2676142530178, 'epsilon': 22.39813386472247, 'gamma': 0.11247650203957306}. Best is trial 98 with value: 38.94845301091205.
trail number 157
[I 2025-07-21 19:03:56,484] Trial 157 finished with value: 40.23830823644909 and parameters: {'C': 854.5571290386196, 'epsilon': 29.94454517689928, 'gamma': 0.02489269618999893}. Best is trial 98 with value: 38.94845301091205.
trail number 156
[I 2025-07-21 19:03:56,489] Trial 156 finished with value: 42.57147629880571 and parameters: {'C': 710.9954358089017, 'epsilon': 19.728913293232413, 'gamma': 0.05513701396140933}. Best is trial 98 with value: 38.94845301091205.
trail number 158
[I 2025-07-21 19:03:56,502] Trial 158 finished with value: 39.333841798092365 and parameters: {'C': 834.5750185134235, 'epsilon': 25.685114738700126, 'gamma': 0.0038492246033546406}. Best is trial 98 with value: 38.94845301091205.
trail number 159
[I 2025-07-21 19:03:56,513] Trial 159 finished with value: 39.67911061548434 and parameters: {'C': 858.1733883882757, 'epsilon': 29.657890188459014, 'gamma': 0.019378076660838458}. Best is trial 98 with value: 38.94845301091205.
trail number 161
[I 2025-07-21 19:03:56,518] Trial 161 finished with value: 39.04499870400333 and parameters: {'C': 703.0335842093937, 'epsilon': 24.449017515425798, 'gamma': 0.01372323766083756}. Best is trial 98 with value: 38.94845301091205.
trail number 160
[I 2025-07-21 19:03:56,519] Trial 160 finished with value: 39.99145401138518 and parameters: {'C': 1036.5085954649385, 'epsilon': 26.144617964809814, 'gamma': 0.0015879107166521921}. Best is trial 98 with value: 38.94845301091205.
trail number 162
[I 2025-07-21 19:03:56,533] Trial 162 finished with value: 39.3672859575998 and parameters: {'C': 1031.1973483732338, 'epsilon': 29.859710465627963, 'gamma': 0.010637717970347045}. Best is trial 98 with value: 38.94845301091205.
trail number 163
[I 2025-07-21 19:03:56,551] Trial 163 finished with value: 39.18307162011292 and parameters: {'C': 997.395299870082, 'epsilon': 23.7199503150742, 'gamma': 0.004175997345190891}. Best is trial 98 with value: 38.94845301091205.
trail number 165
[I 2025-07-21 19:03:56,551] Trial 165 finished with value: 40.481332941064615 and parameters: {'C': 715.8153096467697, 'epsilon': 25.808600881026393, 'gamma': 0.03340802167803122}. Best is trial 98 with value: 38.94845301091205.
trail number 164
[I 2025-07-21 19:03:56,566] Trial 164 finished with value: 40.47725476508482 and parameters: {'C': 719.9571579674255, 'epsilon': 23.460404958773864, 'gamma': 0.03303615757629562}. Best is trial 98 with value: 38.94845301091205.
trail number 166
[I 2025-07-21 19:03:56,572] Trial 166 finished with value: 41.803119416045135 and parameters: {'C': 757.2744542469381, 'epsilon': 25.750829254627174, 'gamma': 0.042922938330628074}. Best is trial 98 with value: 38.94845301091205.
trail number 168
[I 2025-07-21 19:03:56,584] Trial 168 finished with value: 39.04215754224175 and parameters: {'C': 733.0838385041993, 'epsilon': 24.22948329200199, 'gamma': 0.014055170876935991}. Best is trial 98 with value: 38.94845301091205.
trail number 170
[I 2025-07-21 19:03:56,601] Trial 170 finished with value: 39.783615808446825 and parameters: {'C': 864.3899819228561, 'epsilon': 25.212397832075894, 'gamma': 0.021949817651923116}. Best is trial 98 with value: 38.94845301091205.
trail number 167
[I 2025-07-21 19:03:56,606] Trial 167 finished with value: 42.43650471566395 and parameters: {'C': 708.6415661886808, 'epsilon': 26.112809867581884, 'gamma': 0.04872221415717702}. Best is trial 98 with value: 38.94845301091205.
trail number 169
[I 2025-07-21 19:03:56,612] Trial 169 finished with value: 39.20477407656166 and parameters: {'C': 964.6910921049803, 'epsilon': 24.31003151176592, 'gamma': 0.005951020176670756}. Best is trial 98 with value: 38.94845301091205.
trail number 171
[I 2025-07-21 19:03:56,617] Trial 171 finished with value: 38.91007131011672 and parameters: {'C': 846.3689729664274, 'epsilon': 24.915110740383827, 'gamma': 0.014218835622529262}. Best is trial 171 with value: 38.91007131011672.
trail number 172
[I 2025-07-21 19:03:56,633] Trial 172 finished with value: 39.087931884891496 and parameters: {'C': 848.140404148551, 'epsilon': 23.045671722144426, 'gamma': 0.018843527982321365}. Best is trial 171 with value: 38.91007131011672.
trail number 175
[I 2025-07-21 19:03:56,647] Trial 175 finished with value: 39.41781220762938 and parameters: {'C': 867.3925877386472, 'epsilon': 25.577786011008982, 'gamma': 0.018000054909327882}. Best is trial 171 with value: 38.91007131011672.
trail number 173
[I 2025-07-21 19:03:56,658] Trial 173 finished with value: 39.392910247505746 and parameters: {'C': 844.5035766579294, 'epsilon': 23.322339062092702, 'gamma': 0.021026554070829075}. Best is trial 171 with value: 38.91007131011672.
trail number 174
[I 2025-07-21 19:03:56,658] Trial 174 finished with value: 39.00633055314871 and parameters: {'C': 793.6330028053391, 'epsilon': 26.11697486576698, 'gamma': 0.013633659367450866}. Best is trial 171 with value: 38.91007131011672.
trail number 176
[I 2025-07-21 19:03:56,665] Trial 176 finished with value: 39.16315518000219 and parameters: {'C': 742.860864582452, 'epsilon': 23.891348410936036, 'gamma': 0.007987419328839007}. Best is trial 171 with value: 38.91007131011672.
trail number 177
[I 2025-07-21 19:03:56,677] Trial 177 finished with value: 39.146707689879186 and parameters: {'C': 710.4603474991345, 'epsilon': 22.289029880975235, 'gamma': 0.014016996903001344}. Best is trial 171 with value: 38.91007131011672.
trail number 179
