[I 2025-07-21 19:04:14,842] Trial 1772 finished with value: 41.36500725303269 and parameters: {'C': 936.008581486727, 'epsilon': 29.72361419669449, 'gamma': 0.0005374029087830091}. Best is trial 406 with value: 38.90494892453006.
trail number 1771
[I 2025-07-21 19:04:14,863] Trial 1771 finished with value: 45.48093488120371 and parameters: {'C': 900.8578528821398, 'epsilon': 26.070893560212134, 'gamma': 0.0777321385631621}. Best is trial 406 with value: 38.90494892453006.
trail number 1773
[I 2025-07-21 19:04:14,881] Trial 1773 finished with value: 44.41890614297914 and parameters: {'C': 790.7839570728266, 'epsilon': 26.902492354828077, 'gamma': 0.06473133232816619}. Best is trial 406 with value: 38.90494892453006.
trail number 1775
[I 2025-07-21 19:04:14,893] Trial 1775 finished with value: 44.53753121617524 and parameters: {'C': 871.9750409262762, 'epsilon': 23.135219023322822, 'gamma': 0.0669597791859535}. Best is trial 406 with value: 38.90494892453006.
trail number 1774
[I 2025-07-21 19:04:14,901] Trial 1774 finished with value: 43.06313800200149 and parameters: {'C': 812.5608416592809, 'epsilon': 25.79473176049972, 'gamma': 0.05084141037950917}. Best is trial 406 with value: 38.90494892453006.
trail number 1777
[I 2025-07-21 19:04:14,913] Trial 1777 finished with value: 43.45025148627917 and parameters: {'C': 799.0526336218138, 'epsilon': 27.242198660438163, 'gamma': 0.0001968861961535815}. Best is trial 406 with value: 38.90494892453006.
trail number 1776
[I 2025-07-21 19:04:14,925] Trial 1776 finished with value: 43.98584405902886 and parameters: {'C': 705.1975499464743, 'epsilon': 28.51869652073358, 'gamma': 0.06247568597734606}. Best is trial 406 with value: 38.90494892453006.
trail number 1778
[I 2025-07-21 19:04:14,943] Trial 1778 finished with value: 50.41291942913314 and parameters: {'C': 1363.6035462658738, 'epsilon': 25.63391079346755, 'gamma': 0.40809124671987645}. Best is trial 406 with value: 38.90494892453006.
trail number 1780
[I 2025-07-21 19:04:14,960] Trial 1780 finished with value: 43.62846764396734 and parameters: {'C': 702.7894079780034, 'epsilon': 21.65372336129603, 'gamma': 0.06451255473705766}. Best is trial 406 with value: 38.90494892453006.
trail number 1779
[I 2025-07-21 19:04:14,967] Trial 1779 finished with value: 44.82761882329461 and parameters: {'C': 793.0984279959205, 'epsilon': 25.38754242342198, 'gamma': 0.07339486140554334}. Best is trial 406 with value: 38.90494892453006.
trail number 1781
[I 2025-07-21 19:04:14,984] Trial 1781 finished with value: 44.699027720149246 and parameters: {'C': 862.2307626524512, 'epsilon': 24.353371561955818, 'gamma': 0.06826347952642885}. Best is trial 406 with value: 38.90494892453006.
trail number 1782
[I 2025-07-21 19:04:14,991] Trial 1782 finished with value: 44.041948218778465 and parameters: {'C': 816.7221335480899, 'epsilon': 24.317168648514738, 'gamma': 0.061413234191484554}. Best is trial 406 with value: 38.90494892453006.
trail number 1784
[I 2025-07-21 19:04:15,011] Trial 1784 finished with value: 39.36347152041183 and parameters: {'C': 922.5490731878922, 'epsilon': 26.113730853984016, 'gamma': 0.0033069567520394756}. Best is trial 406 with value: 38.90494892453006.
trail number 1783
[I 2025-07-21 19:04:15,019] Trial 1783 finished with value: 43.99442949555919 and parameters: {'C': 883.2297074788617, 'epsilon': 24.660607306768036, 'gamma': 0.05785581077748306}. Best is trial 406 with value: 38.90494892453006.
trail number 1786
[I 2025-07-21 19:04:15,028] Trial 1786 finished with value: 40.12279060820433 and parameters: {'C': 804.4363414719639, 'epsilon': 23.671649609241136, 'gamma': 0.001383864228882578}. Best is trial 406 with value: 38.90494892453006.
trail number 1785
[I 2025-07-21 19:04:15,051] Trial 1785 finished with value: 46.31588630527678 and parameters: {'C': 818.9733784474172, 'epsilon': 27.26680426962482, 'gamma': 0.11655809225051932}. Best is trial 406 with value: 38.90494892453006.
trail number 1789
[I 2025-07-21 19:04:15,062] Trial 1789 finished with value: 39.70081418203735 and parameters: {'C': 798.6444580548011, 'epsilon': 25.830867628701526, 'gamma': 0.0024585930933730925}. Best is trial 406 with value: 38.90494892453006.
trail number 1787
[I 2025-07-21 19:04:15,073] Trial 1787 finished with value: 39.242868296586295 and parameters: {'C': 797.3213979247311, 'epsilon': 25.586082767190856, 'gamma': 0.0045439936214321085}. Best is trial 406 with value: 38.90494892453006.
trail number 1788
[I 2025-07-21 19:04:15,080] Trial 1788 finished with value: 44.08709372001927 and parameters: {'C': 714.2457512454246, 'epsilon': 29.986840987765653, 'gamma': 0.06299845508417591}. Best is trial 406 with value: 38.90494892453006.
trail number 1790
[I 2025-07-21 19:04:15,094] Trial 1790 finished with value: 40.39948276475315 and parameters: {'C': 878.3402371827108, 'epsilon': 23.301451200379223, 'gamma': 0.0011275462885355896}. Best is trial 406 with value: 38.90494892453006.
trail number 1791
[I 2025-07-21 19:04:15,109] Trial 1791 finished with value: 39.1237151258666 and parameters: {'C': 802.1862772936797, 'epsilon': 29.920661308264364, 'gamma': 0.00822768057700106}. Best is trial 406 with value: 38.90494892453006.
trail number 1792
[I 2025-07-21 19:04:15,119] Trial 1792 finished with value: 39.738220121825215 and parameters: {'C': 713.2515594022718, 'epsilon': 20.857029423544915, 'gamma': 0.002485330286628673}. Best is trial 406 with value: 38.90494892453006.
trail number 1793
[I 2025-07-21 19:04:15,122] Trial 1793 finished with value: 40.18857670554182 and parameters: {'C': 811.5410667206768, 'epsilon': 19.942435132507327, 'gamma': 0.0015225044471142233}. Best is trial 406 with value: 38.90494892453006.
trail number 1796
[I 2025-07-21 19:04:15,147] Trial 1796 finished with value: 41.71220512337847 and parameters: {'C': 1024.829981023463, 'epsilon': 25.93622195347899, 'gamma': 0.0002783207650374972}. Best is trial 406 with value: 38.90494892453006.
trail number 1794
[I 2025-07-21 19:04:15,154] Trial 1794 finished with value: 44.93833776716982 and parameters: {'C': 998.9326066803001, 'epsilon': 27.81928826134402, 'gamma': 0.062350098405874646}. Best is trial 406 with value: 38.90494892453006.
trail number 1797
[I 2025-07-21 19:04:15,167] Trial 1797 finished with value: 42.24319722443729 and parameters: {'C': 963.8059308867314, 'epsilon': 27.239720926523162, 'gamma': 0.03979237266998965}. Best is trial 406 with value: 38.90494892453006.
trail number 1795
[I 2025-07-21 19:04:15,174] Trial 1795 finished with value: 46.78205875755557 and parameters: {'C': 825.6329293756063, 'epsilon': 19.580851794340195, 'gamma': 0.13938614002538538}. Best is trial 406 with value: 38.90494892453006.
trail number 1799
[I 2025-07-21 19:04:15,192] Trial 1799 finished with value: 39.092344972228176 and parameters: {'C': 1019.6181431422746, 'epsilon': 29.203459702663285, 'gamma': 0.006855269333089833}. Best is trial 406 with value: 38.90494892453006.
trail number 1798
[I 2025-07-21 19:04:15,200] Trial 1798 finished with value: 44.17518435465053 and parameters: {'C': 703.4528032862155, 'epsilon': 26.37854885715673, 'gamma': 0.06608686220811964}. Best is trial 406 with value: 38.90494892453006.
trail number 1800
[I 2025-07-21 19:04:15,213] Trial 1800 finished with value: 39.125918414017335 and parameters: {'C': 700.3084097075208, 'epsilon': 29.711711451698747, 'gamma': 0.009532580037242127}. Best is trial 406 with value: 38.90494892453006.
trail number 1801
[I 2025-07-21 19:04:15,225] Trial 1801 finished with value: 47.1802554063748 and parameters: {'C': 818.5867548585559, 'epsilon': 27.28156475689838, 'gamma': 0.13087388771893857}. Best is trial 406 with value: 38.90494892453006.
trail number 1804
[I 2025-07-21 19:04:15,239] Trial 1804 finished with value: 42.13009909353504 and parameters: {'C': 788.6302233599135, 'epsilon': 26.314806875248063, 'gamma': 0.0002914434927485908}. Best is trial 406 with value: 38.90494892453006.
trail number 1803
[I 2025-07-21 19:04:15,247] Trial 1803 finished with value: 48.19853200713543 and parameters: {'C': 734.4883072539953, 'epsilon': 27.47611150864345, 'gamma': 0.2832116054450481}. Best is trial 406 with value: 38.90494892453006.
trail number 1802
[I 2025-07-21 19:04:15,254] Trial 1802 finished with value: 45.236811123436674 and parameters: {'C': 929.9930007436699, 'epsilon': 29.930564300389996, 'gamma': 0.07214265382648635}. Best is trial 406 with value: 38.90494892453006.
trail number 1805
[I 2025-07-21 19:04:15,271] Trial 1805 finished with value: 43.91295108227792 and parameters: {'C': 856.411103110802, 'epsilon': 26.773791831900677, 'gamma': 0.056092527322630044}. Best is trial 406 with value: 38.90494892453006.
trail number 1808
[I 2025-07-21 19:04:15,287] Trial 1808 finished with value: 39.105771850997925 and parameters: {'C': 957.4288691692602, 'epsilon': 26.41358945202068, 'gamma': 0.004793241600541653}. Best is trial 406 with value: 38.90494892453006.
trail number 1806
[I 2025-07-21 19:04:15,300] Trial 1806 finished with value: 43.980501158551526 and parameters: {'C': 904.1539337668352, 'epsilon': 25.94779136767883, 'gamma': 0.055907147201081586}. Best is trial 406 with value: 38.90494892453006.
trail number 1809
[I 2025-07-21 19:04:15,312] Trial 1809 finished with value: 44.239940534309156 and parameters: {'C': 704.7563381364173, 'epsilon': 23.769743239036284, 'gamma': 0.07044581080167683}. Best is trial 406 with value: 38.90494892453006.
trail number 1807
[I 2025-07-21 19:04:15,319] Trial 1807 finished with value: 44.8768550558458 and parameters: {'C': 832.6540648126261, 'epsilon': 21.218430595261797, 'gamma': 0.08053105886772773}. Best is trial 406 with value: 38.90494892453006.
trail number 1810
[I 2025-07-21 19:04:15,332] Trial 1810 finished with value: 44.480771220472256 and parameters: {'C': 805.3959714806319, 'epsilon': 27.64400024885492, 'gamma': 0.06520499504598348}. Best is trial 406 with value: 38.90494892453006.
trail number 1812
[I 2025-07-21 19:04:15,353] Trial 1812 finished with value: 39.62809257312823 and parameters: {'C': 700.5290085278001, 'epsilon': 27.698593467175737, 'gamma': 0.020933595556160155}. Best is trial 406 with value: 38.90494892453006.
trail number 1811
[I 2025-07-21 19:04:15,360] Trial 1811 finished with value: 48.57860145692671 and parameters: {'C': 1146.9318295025353, 'epsilon': 9.144998313746374, 'gamma': 0.2844665870261609}. Best is trial 406 with value: 38.90494892453006.
trail number 1813
[I 2025-07-21 19:04:15,369] Trial 1813 finished with value: 47.931438392894556 and parameters: {'C': 1313.3972924424095, 'epsilon': 21.078769119401194, 'gamma': 0.20055116434502884}. Best is trial 406 with value: 38.90494892453006.
trail number 1816
[I 2025-07-21 19:04:15,404] Trial 1816 finished with value: 39.70186654489064 and parameters: {'C': 886.7312616579543, 'epsilon': 25.937097184935876, 'gamma': 0.0023322555268369288}. Best is trial 406 with value: 38.90494892453006.
trail number 1814
[I 2025-07-21 19:04:15,419] Trial 1814 finished with value: 46.25870596483081 and parameters: {'C': 1499.0609493086258, 'epsilon': 11.901548558450624, 'gamma': 0.0701338755842709}. Best is trial 406 with value: 38.90494892453006.
trail number 1815
[I 2025-07-21 19:04:15,427] Trial 1815 finished with value: 45.891466022288 and parameters: {'C': 1014.9481094786165, 'epsilon': 25.548696344237566, 'gamma': 0.08080293020701426}. Best is trial 406 with value: 38.90494892453006.
trail number 1817
[I 2025-07-21 19:04:15,427] Trial 1817 finished with value: 46.88821198684652 and parameters: {'C': 1003.9652981518215, 'epsilon': 25.156140837234272, 'gamma': 0.11333740269581463}. Best is trial 406 with value: 38.90494892453006.
trail number 1818
[I 2025-07-21 19:04:15,470] Trial 1818 finished with value: 43.668297763739574 and parameters: {'C': 979.6754268409607, 'epsilon': 23.852735875641624, 'gamma': 0.05281006619383027}. Best is trial 406 with value: 38.90494892453006.
trail number 1821
[I 2025-07-21 19:04:15,480] Trial 1821 finished with value: 42.472268012229144 and parameters: {'C': 946.4774865866218, 'epsilon': 23.870331014342998, 'gamma': 0.04434490637647673}. Best is trial 406 with value: 38.90494892453006.
trail number 1820
[I 2025-07-21 19:04:15,485] Trial 1820 finished with value: 43.75563441988476 and parameters: {'C': 877.7080131673856, 'epsilon': 22.892531602841903, 'gamma': 0.05720848622286403}. Best is trial 406 with value: 38.90494892453006.
trail number 1819
[I 2025-07-21 19:04:15,495] Trial 1819 finished with value: 39.96557610412955 and parameters: {'C': 845.8253747810147, 'epsilon': 8.955785391721394, 'gamma': 0.016619129770789554}. Best is trial 406 with value: 38.90494892453006.
trail number 1824
[I 2025-07-21 19:04:15,528] Trial 1824 finished with value: 39.23842755632823 and parameters: {'C': 888.6787256723172, 'epsilon': 22.15356633260449, 'gamma': 0.004486576706390863}. Best is trial 406 with value: 38.90494892453006.
trail number 1822
[I 2025-07-21 19:04:15,536] Trial 1822 finished with value: 39.68288733441041 and parameters: {'C': 880.3903089921613, 'epsilon': 23.40424610691978, 'gamma': 0.0021377362193361555}. Best is trial 406 with value: 38.90494892453006.
trail number 1823
[I 2025-07-21 19:04:15,546] Trial 1823 finished with value: 44.859761989835995 and parameters: {'C': 781.4769761309938, 'epsilon': 27.531172884161972, 'gamma': 0.07350967395529791}. Best is trial 406 with value: 38.90494892453006.
trail number 1825
[I 2025-07-21 19:04:15,555] Trial 1825 finished with value: 44.851200378554964 and parameters: {'C': 841.1504162174036, 'epsilon': 29.734494142085573, 'gamma': 0.07015520685400435}. Best is trial 406 with value: 38.90494892453006.
trail number 1826
[I 2025-07-21 19:04:15,579] Trial 1826 finished with value: 40.62178753888951 and parameters: {'C': 1029.3029592255384, 'epsilon': 23.37058785151766, 'gamma': 0.0006807905023073629}. Best is trial 406 with value: 38.90494892453006.
trail number 1829
[I 2025-07-21 19:04:15,594] Trial 1829 finished with value: 40.379478726663265 and parameters: {'C': 751.9786718210233, 'epsilon': 26.5429536175888, 'gamma': 0.001088146110211425}. Best is trial 406 with value: 38.90494892453006.
trail number 1828
[I 2025-07-21 19:04:15,603] Trial 1828 finished with value: 43.7190374390227 and parameters: {'C': 808.8826630498552, 'epsilon': 24.764404475813322, 'gamma': 0.05746154255694342}. Best is trial 406 with value: 38.90494892453006.
trail number 1827
[I 2025-07-21 19:04:15,610] Trial 1827 finished with value: 43.44955588805475 and parameters: {'C': 793.9635917092459, 'epsilon': 24.97512881012214, 'gamma': 0.05537617800002389}. Best is trial 406 with value: 38.90494892453006.
trail number 1830
[I 2025-07-21 19:04:15,621] Trial 1830 finished with value: 39.226488616350046 and parameters: {'C': 719.2231275361601, 'epsilon': 17.082788197613073, 'gamma': 0.0228530850966758}. Best is trial 406 with value: 38.90494892453006.
trail number 1833
[I 2025-07-21 19:04:15,647] Trial 1833 finished with value: 41.502338573491066 and parameters: {'C': 700.0960940644331, 'epsilon': 29.90565032496235, 'gamma': 0.0006344428111586652}. Best is trial 406 with value: 38.90494892453006.
trail number 1832
[I 2025-07-21 19:04:15,661] Trial 1832 finished with value: 42.88337122457678 and parameters: {'C': 787.1799896664991, 'epsilon': 24.13298514922554, 'gamma': 0.051871070815378534}. Best is trial 406 with value: 38.90494892453006.
trail number 1834
[I 2025-07-21 19:04:15,674] Trial 1834 finished with value: 46.379328252499775 and parameters: {'C': 789.7704579612829, 'epsilon': 23.058268824328394, 'gamma': 0.12787244712203938}. Best is trial 406 with value: 38.90494892453006.
trail number 1831
[I 2025-07-21 19:04:15,681] Trial 1831 finished with value: 43.448069206142556 and parameters: {'C': 785.605466787123, 'epsilon': 24.793695979542495, 'gamma': 0.05573305687386061}. Best is trial 406 with value: 38.90494892453006.
trail number 1836
[I 2025-07-21 19:04:15,693] Trial 1836 finished with value: 41.37248057040966 and parameters: {'C': 878.6801951972028, 'epsilon': 29.88036757458035, 'gamma': 0.0005768122174465741}. Best is trial 406 with value: 38.90494892453006.
trail number 1835
[I 2025-07-21 19:04:15,714] Trial 1835 finished with value: 45.97755367403135 and parameters: {'C': 700.3551948615541, 'epsilon': 28.628020857932025, 'gamma': 0.11870560031002966}. Best is trial 406 with value: 38.90494892453006.
trail number 1837
[I 2025-07-21 19:04:15,722] Trial 1837 finished with value: 39.73363841089431 and parameters: {'C': 780.9011332816375, 'epsilon': 23.756946948035587, 'gamma': 0.0019892432711662803}. Best is trial 406 with value: 38.90494892453006.
trail number 1838
[I 2025-07-21 19:04:15,733] Trial 1838 finished with value: 39.09628159501292 and parameters: {'C': 919.3818625270824, 'epsilon': 25.089145299488084, 'gamma': 0.0058035729515751085}. Best is trial 406 with value: 38.90494892453006.
trail number 1839
[I 2025-07-21 19:04:15,744] Trial 1839 finished with value: 44.409189561847974 and parameters: {'C': 702.9204447395297, 'epsilon': 26.248514989208747, 'gamma': 0.07101996790143911}. Best is trial 406 with value: 38.90494892453006.
trail number 1840
[I 2025-07-21 19:04:15,764] Trial 1840 finished with value: 41.187366878394755 and parameters: {'C': 916.4293552414684, 'epsilon': 23.06216798341799, 'gamma': 0.00038377520063209367}. Best is trial 406 with value: 38.90494892453006.
trail number 1841
[I 2025-07-21 19:04:15,777] Trial 1841 finished with value: 46.86478005527976 and parameters: {'C': 879.9392739441505, 'epsilon': 24.363531478524322, 'gamma': 0.12489468205851491}. Best is trial 406 with value: 38.90494892453006.
trail number 1843
[I 2025-07-21 19:04:15,789] Trial 1843 finished with value: 43.22302639388478 and parameters: {'C': 859.793819065263, 'epsilon': 27.973968502782036, 'gamma': 0.04880990097281682}. Best is trial 406 with value: 38.90494892453006.
trail number 1842
[I 2025-07-21 19:04:15,804] Trial 1842 finished with value: 43.87798757226792 and parameters: {'C': 706.2610228633235, 'epsilon': 27.05394727521857, 'gamma': 0.061240405310743436}. Best is trial 406 with value: 38.90494892453006.
trail number 1844
[I 2025-07-21 19:04:15,819] Trial 1844 finished with value: 43.462853062133775 and parameters: {'C': 903.4668273001058, 'epsilon': 27.525405447521283, 'gamma': 0.04993845436406378}. Best is trial 406 with value: 38.90494892453006.
trail number 1845
[I 2025-07-21 19:04:15,837] Trial 1845 finished with value: 44.97643947125982 and parameters: {'C': 815.2540022025966, 'epsilon': 27.676227306632892, 'gamma': 0.07356522478681327}. Best is trial 406 with value: 38.90494892453006.
trail number 1846
[I 2025-07-21 19:04:15,853] Trial 1846 finished with value: 44.4428231539081 and parameters: {'C': 796.4940030550686, 'epsilon': 28.18476043875815, 'gamma': 0.06489815053552188}. Best is trial 406 with value: 38.90494892453006.
trail number 1847
[I 2025-07-21 19:04:15,868] Trial 1847 finished with value: 45.04731085465666 and parameters: {'C': 899.2674214531553, 'epsilon': 27.297734327394192, 'gamma': 0.06936759799287728}. Best is trial 406 with value: 38.90494892453006.
trail number 1848
[I 2025-07-21 19:04:15,875] Trial 1848 finished with value: 39.16796399367509 and parameters: {'C': 1052.4623089252657, 'epsilon': 26.226895936576188, 'gamma': 0.01407907121424359}. Best is trial 406 with value: 38.90494892453006.
trail number 1849
[I 2025-07-21 19:04:15,887] Trial 1849 finished with value: 39.076746970547255 and parameters: {'C': 808.1781811171074, 'epsilon': 29.934350127773556, 'gamma': 0.007387324793026893}. Best is trial 406 with value: 38.90494892453006.
trail number 1850
[I 2025-07-21 19:04:15,912] Trial 1850 finished with value: 43.33284317729349 and parameters: {'C': 980.9439567057407, 'epsilon': 26.694757543116673, 'gamma': 0.04717267278597319}. Best is trial 406 with value: 38.90494892453006.
trail number 1853
[I 2025-07-21 19:04:15,925] Trial 1853 finished with value: 39.38272512115041 and parameters: {'C': 901.8890996578903, 'epsilon': 27.30811778935285, 'gamma': 0.002839892403105823}. Best is trial 406 with value: 38.90494892453006.
trail number 1851
[I 2025-07-21 19:04:15,925] Trial 1851 finished with value: 48.088542903274345 and parameters: {'C': 1465.9566767275805, 'epsilon': 13.952894052456156, 'gamma': 0.3125463910875449}. Best is trial 406 with value: 38.90494892453006.
trail number 1852
[I 2025-07-21 19:04:15,946] Trial 1852 finished with value: 45.77445684009359 and parameters: {'C': 954.945056847495, 'epsilon': 24.564011296047926, 'gamma': 0.08737769466619043}. Best is trial 406 with value: 38.90494892453006.
trail number 1856
[I 2025-07-21 19:04:15,964] Trial 1856 finished with value: 39.26359611117766 and parameters: {'C': 702.95611356197, 'epsilon': 22.96200295382599, 'gamma': 0.005209840006930876}. Best is trial 406 with value: 38.90494892453006.
trail number 1855
[I 2025-07-21 19:04:15,972] Trial 1855 finished with value: 43.81358442903716 and parameters: {'C': 785.2194899096337, 'epsilon': 28.86563800390743, 'gamma': 0.00018363588698596355}. Best is trial 406 with value: 38.90494892453006.
trail number 1854
[I 2025-07-21 19:04:15,986] Trial 1854 finished with value: 46.35238204892669 and parameters: {'C': 964.0209502077688, 'epsilon': 23.246501977935317, 'gamma': 0.10763966096580099}. Best is trial 406 with value: 38.90494892453006.
trail number 1857
[I 2025-07-21 19:04:16,000] Trial 1857 finished with value: 44.73754511990581 and parameters: {'C': 1107.191449016531, 'epsilon': 25.369419899250595, 'gamma': 0.05722480293398727}. Best is trial 406 with value: 38.90494892453006.
trail number 1858
[I 2025-07-21 19:04:16,008] Trial 1858 finished with value: 39.32729123389618 and parameters: {'C': 800.9166748058394, 'epsilon': 28.292823256866626, 'gamma': 0.0035985401876071506}. Best is trial 406 with value: 38.90494892453006.
trail number 1859
