[I 2025-07-21 19:04:28,801] Trial 2740 finished with value: 39.174130608792076 and parameters: {'C': 1174.139804445166, 'epsilon': 24.686300336529204, 'gamma': 0.0037704285056141783}. Best is trial 406 with value: 38.90494892453006.
trail number 2739
[I 2025-07-21 19:04:28,817] Trial 2739 finished with value: 44.09894122732737 and parameters: {'C': 880.2951473280498, 'epsilon': 21.66314707663105, 'gamma': 0.06357905844400896}. Best is trial 406 with value: 38.90494892453006.
trail number 2741
[I 2025-07-21 19:04:28,827] Trial 2741 finished with value: 43.91995453318479 and parameters: {'C': 703.5524984324406, 'epsilon': 25.673341188294604, 'gamma': 0.06298940365604203}. Best is trial 406 with value: 38.90494892453006.
trail number 2742
[I 2025-07-21 19:04:28,836] Trial 2742 finished with value: 39.267044821761715 and parameters: {'C': 701.3798460522801, 'epsilon': 25.195928320085347, 'gamma': 0.019058716769420923}. Best is trial 406 with value: 38.90494892453006.
trail number 2743
[I 2025-07-21 19:04:28,864] Trial 2743 finished with value: 44.732032649921514 and parameters: {'C': 955.5415582692212, 'epsilon': 27.364071382530778, 'gamma': 0.06205439935033236}. Best is trial 406 with value: 38.90494892453006.
trail number 2744
[I 2025-07-21 19:04:28,877] Trial 2744 finished with value: 39.24229843774092 and parameters: {'C': 794.7319399369529, 'epsilon': 24.396912583501432, 'gamma': 0.0045129738920762046}. Best is trial 406 with value: 38.90494892453006.
trail number 2745
[I 2025-07-21 19:04:28,892] Trial 2745 finished with value: 43.958022397143104 and parameters: {'C': 970.9361559192755, 'epsilon': 27.12648001890052, 'gamma': 0.052971419916146845}. Best is trial 406 with value: 38.90494892453006.
trail number 2746
[I 2025-07-21 19:04:28,921] Trial 2746 finished with value: 46.23050087091912 and parameters: {'C': 1141.5155309713527, 'epsilon': 22.910170213759113, 'gamma': 0.08512074954379122}. Best is trial 406 with value: 38.90494892453006.
trail number 2748
[I 2025-07-21 19:04:28,931] Trial 2748 finished with value: 44.729950143955804 and parameters: {'C': 878.2770295288295, 'epsilon': 26.339229647341732, 'gamma': 0.06593290930264994}. Best is trial 406 with value: 38.90494892453006.
trail number 2749
[I 2025-07-21 19:04:28,939] Trial 2749 finished with value: 45.27841089921393 and parameters: {'C': 780.9590950519429, 'epsilon': 28.003132794973467, 'gamma': 0.08461994169953714}. Best is trial 406 with value: 38.90494892453006.
trail number 2747
[I 2025-07-21 19:04:28,948] Trial 2747 finished with value: 42.708086708071036 and parameters: {'C': 808.1220093143394, 'epsilon': 27.9946801272028, 'gamma': 0.04625188223595716}. Best is trial 406 with value: 38.90494892453006.
trail number 2752
[I 2025-07-21 19:04:28,987] Trial 2752 finished with value: 44.13677209914173 and parameters: {'C': 705.61212501989, 'epsilon': 27.92670310196623, 'gamma': 0.06505777517056838}. Best is trial 406 with value: 38.90494892453006.
trail number 2751
[I 2025-07-21 19:04:29,004] Trial 2751 finished with value: 46.29722898931995 and parameters: {'C': 1003.7849140084496, 'epsilon': 24.147111684575606, 'gamma': 0.10077218213517891}. Best is trial 406 with value: 38.90494892453006.
trail number 2750
[I 2025-07-21 19:04:29,013] Trial 2750 finished with value: 44.47213142819163 and parameters: {'C': 879.3624082591881, 'epsilon': 25.47088581142968, 'gamma': 0.06270237082393731}. Best is trial 406 with value: 38.90494892453006.
trail number 2753
[I 2025-07-21 19:04:29,025] Trial 2753 finished with value: 45.08430333862439 and parameters: {'C': 1002.0669302137097, 'epsilon': 23.462694498544835, 'gamma': 0.06893745607230027}. Best is trial 406 with value: 38.90494892453006.
trail number 2754
[I 2025-07-21 19:04:29,046] Trial 2754 finished with value: 44.04601438157941 and parameters: {'C': 984.2947190062072, 'epsilon': 21.428751003510115, 'gamma': 0.05972833004389318}. Best is trial 406 with value: 38.90494892453006.
trail number 2755
[I 2025-07-21 19:04:29,061] Trial 2755 finished with value: 40.2019168202235 and parameters: {'C': 1040.3382699557114, 'epsilon': 25.062597661113198, 'gamma': 0.0009946941830148975}. Best is trial 406 with value: 38.90494892453006.
trail number 2759
[I 2025-07-21 19:04:29,085] Trial 2759 finished with value: 41.57299045039027 and parameters: {'C': 770.1468007903612, 'epsilon': 26.95021688878339, 'gamma': 0.00039574362067904684}. Best is trial 406 with value: 38.90494892453006.
trail number 2758
[I 2025-07-21 19:04:29,093] Trial 2758 finished with value: 43.79121610789922 and parameters: {'C': 818.7705137396517, 'epsilon': 28.369507884224173, 'gamma': 0.055191209695618304}. Best is trial 406 with value: 38.90494892453006.
trail number 2756
[I 2025-07-21 19:04:29,094] Trial 2756 finished with value: 43.58199225870707 and parameters: {'C': 831.5603554514753, 'epsilon': 29.951124460338796, 'gamma': 0.051829258085660974}. Best is trial 406 with value: 38.90494892453006.
trail number 2757
[I 2025-07-21 19:04:29,099] Trial 2757 finished with value: 48.14556195336757 and parameters: {'C': 1265.0802100440255, 'epsilon': 19.745834713151048, 'gamma': 0.3236434888176756}. Best is trial 406 with value: 38.90494892453006.
trail number 2760
[I 2025-07-21 19:04:29,148] Trial 2760 finished with value: 43.69485363385945 and parameters: {'C': 794.1146548677577, 'epsilon': 29.83575239426126, 'gamma': 0.0542986767497487}. Best is trial 406 with value: 38.90494892453006.
trail number 2762
[I 2025-07-21 19:04:29,158] Trial 2762 finished with value: 41.41471853417142 and parameters: {'C': 831.9095918229964, 'epsilon': 21.03792614488302, 'gamma': 0.04143465676894439}. Best is trial 406 with value: 38.90494892453006.
trail number 2763
[I 2025-07-21 19:04:29,182] Trial 2763 finished with value: 48.19376672163053 and parameters: {'C': 1154.344371782511, 'epsilon': 15.319851307769635, 'gamma': 0.24405084115132253}. Best is trial 406 with value: 38.90494892453006.
trail number 2761
[I 2025-07-21 19:04:29,188] Trial 2761 finished with value: 44.616556122112826 and parameters: {'C': 703.358912659588, 'epsilon': 24.10359677840374, 'gamma': 0.07786922329806645}. Best is trial 406 with value: 38.90494892453006.
trail number 2765
[I 2025-07-21 19:04:29,199] Trial 2765 finished with value: 39.885498710941675 and parameters: {'C': 850.3783380344065, 'epsilon': 25.050400319448688, 'gamma': 0.0016857963712196503}. Best is trial 406 with value: 38.90494892453006.
trail number 2764
[I 2025-07-21 19:04:29,204] Trial 2764 finished with value: 40.13785389347011 and parameters: {'C': 846.7505705727885, 'epsilon': 26.18437201214474, 'gamma': 0.0015343865108039829}. Best is trial 406 with value: 38.90494892453006.
trail number 2769
[I 2025-07-21 19:04:29,240] Trial 2769 finished with value: 39.71417810127249 and parameters: {'C': 999.820895348091, 'epsilon': 28.094057292160922, 'gamma': 0.0018448657730851439}. Best is trial 406 with value: 38.90494892453006.
trail number 2767
[I 2025-07-21 19:04:29,251] Trial 2767 finished with value: 39.704541804680176 and parameters: {'C': 992.8791944594172, 'epsilon': 22.946026919948373, 'gamma': 0.0019884336526502754}. Best is trial 406 with value: 38.90494892453006.
trail number 2768
[I 2025-07-21 19:04:29,268] Trial 2768 finished with value: 44.61445873164374 and parameters: {'C': 1043.1955073242852, 'epsilon': 29.85695200206041, 'gamma': 0.05628589358632107}. Best is trial 406 with value: 38.90494892453006.
trail number 2766
[I 2025-07-21 19:04:29,277] Trial 2766 finished with value: 43.91137791148525 and parameters: {'C': 782.7633895509709, 'epsilon': 22.368997422366725, 'gamma': 0.06373591801803946}. Best is trial 406 with value: 38.90494892453006.
trail number 2771
[I 2025-07-21 19:04:29,306] Trial 2771 finished with value: 47.42699653923082 and parameters: {'C': 861.0080172402786, 'epsilon': 29.845689201765005, 'gamma': 0.1258954856043195}. Best is trial 406 with value: 38.90494892453006.
trail number 2770
[I 2025-07-21 19:04:29,326] Trial 2770 finished with value: 44.225396749863805 and parameters: {'C': 919.2317016277917, 'epsilon': 27.477979038202164, 'gamma': 0.05668172413107548}. Best is trial 406 with value: 38.90494892453006.
trail number 2772
[I 2025-07-21 19:04:29,336] Trial 2772 finished with value: 43.46537995172311 and parameters: {'C': 704.1194622338624, 'epsilon': 29.289598484970078, 'gamma': 0.055566920410267825}. Best is trial 406 with value: 38.90494892453006.
trail number 2773
[I 2025-07-21 19:04:29,361] Trial 2773 finished with value: 45.35547201362077 and parameters: {'C': 904.0372551736118, 'epsilon': 24.96292022463064, 'gamma': 0.07630636893805987}. Best is trial 406 with value: 38.90494892453006.
trail number 2774
[I 2025-07-21 19:04:29,371] Trial 2774 finished with value: 43.54316430804629 and parameters: {'C': 942.5708079204956, 'epsilon': 23.691089883169266, 'gamma': 0.05281116388508806}. Best is trial 406 with value: 38.90494892453006.
trail number 2776
[I 2025-07-21 19:04:29,385] Trial 2776 finished with value: 41.157427311086266 and parameters: {'C': 704.1955062873835, 'epsilon': 22.002839901775886, 'gamma': 0.04172757558032385}. Best is trial 406 with value: 38.90494892453006.
trail number 2775
[I 2025-07-21 19:04:29,400] Trial 2775 finished with value: 47.459181738032086 and parameters: {'C': 957.9189924687844, 'epsilon': 26.81145501382647, 'gamma': 0.2103502722381387}. Best is trial 406 with value: 38.90494892453006.
trail number 2778
[I 2025-07-21 19:04:29,426] Trial 2778 finished with value: 42.760912114189935 and parameters: {'C': 786.7867008674428, 'epsilon': 22.485254137995, 'gamma': 0.05228020542012539}. Best is trial 406 with value: 38.90494892453006.
trail number 2777
[I 2025-07-21 19:04:29,435] Trial 2777 finished with value: 39.39905208956915 and parameters: {'C': 708.0352454926019, 'epsilon': 18.272599653772414, 'gamma': 0.00947045048193692}. Best is trial 406 with value: 38.90494892453006.
trail number 2779
[I 2025-07-21 19:04:29,435] Trial 2779 finished with value: 42.41300893471856 and parameters: {'C': 701.7761491643067, 'epsilon': 27.27950232481374, 'gamma': 0.04804430790838084}. Best is trial 406 with value: 38.90494892453006.
trail number 2780
[I 2025-07-21 19:04:29,471] Trial 2780 finished with value: 42.39986582146599 and parameters: {'C': 777.9234517679948, 'epsilon': 26.956089709069374, 'gamma': 0.04565185424712266}. Best is trial 406 with value: 38.90494892453006.
trail number 2782
[I 2025-07-21 19:04:29,480] Trial 2782 finished with value: 39.926083791233346 and parameters: {'C': 728.0075046483722, 'epsilon': 23.043222282773797, 'gamma': 0.001705219432869767}. Best is trial 406 with value: 38.90494892453006.
trail number 2781
[I 2025-07-21 19:04:29,481] Trial 2781 finished with value: 40.13693013538959 and parameters: {'C': 700.6356738546359, 'epsilon': 29.186919409628448, 'gamma': 0.002006345659602845}. Best is trial 406 with value: 38.90494892453006.
trail number 2783
[I 2025-07-21 19:04:29,501] Trial 2783 finished with value: 39.44815895605524 and parameters: {'C': 793.8333145566235, 'epsilon': 24.547392083397582, 'gamma': 0.0033538902683594093}. Best is trial 406 with value: 38.90494892453006.
trail number 2786
[I 2025-07-21 19:04:29,527] Trial 2786 finished with value: 40.325476296710995 and parameters: {'C': 798.6327803263589, 'epsilon': 27.008534929976975, 'gamma': 0.0011140455210614944}. Best is trial 406 with value: 38.90494892453006.
trail number 2785
[I 2025-07-21 19:04:29,537] Trial 2785 finished with value: 39.08494558628989 and parameters: {'C': 882.9587055881966, 'epsilon': 29.918937082323076, 'gamma': 0.006147023146145112}. Best is trial 406 with value: 38.90494892453006.
trail number 2787
[I 2025-07-21 19:04:29,562] Trial 2787 finished with value: 42.84636453771934 and parameters: {'C': 977.1766692807174, 'epsilon': 25.383227375721173, 'gamma': 0.044709302738211824}. Best is trial 406 with value: 38.90494892453006.
trail number 2784
[I 2025-07-21 19:04:29,573] Trial 2784 finished with value: 44.36083622097979 and parameters: {'C': 964.6058277447189, 'epsilon': 24.824773689421804, 'gamma': 0.058800867943479176}. Best is trial 406 with value: 38.90494892453006.
trail number 2789
[I 2025-07-21 19:04:29,587] Trial 2789 finished with value: 43.15775169351234 and parameters: {'C': 886.5470974780296, 'epsilon': 26.553067889205202, 'gamma': 0.04854677800098699}. Best is trial 406 with value: 38.90494892453006.
trail number 2788
[I 2025-07-21 19:04:29,595] Trial 2788 finished with value: 43.85109442732571 and parameters: {'C': 976.386232380942, 'epsilon': 24.481046912373245, 'gamma': 0.05403918834556809}. Best is trial 406 with value: 38.90494892453006.
trail number 2793
[I 2025-07-21 19:04:29,628] Trial 2793 finished with value: 40.339923203408844 and parameters: {'C': 796.8736060424656, 'epsilon': 27.27198729184595, 'gamma': 0.0012213169543662736}. Best is trial 406 with value: 38.90494892453006.
trail number 2792
[I 2025-07-21 19:04:29,644] Trial 2792 finished with value: 39.123320966302984 and parameters: {'C': 700.0622450406844, 'epsilon': 26.053109544781947, 'gamma': 0.01668803722120459}. Best is trial 406 with value: 38.90494892453006.
trail number 2790
[I 2025-07-21 19:04:29,664] Trial 2790 finished with value: 45.858139699723786 and parameters: {'C': 881.2543150978431, 'epsilon': 26.776373633962656, 'gamma': 0.09849535446678509}. Best is trial 406 with value: 38.90494892453006.
trail number 2791
[I 2025-07-21 19:04:29,669] Trial 2791 finished with value: 45.82635644664386 and parameters: {'C': 788.3709364786856, 'epsilon': 26.303014494052917, 'gamma': 0.11229240396056116}. Best is trial 406 with value: 38.90494892453006.
trail number 2794
[I 2025-07-21 19:04:29,697] Trial 2794 finished with value: 43.06482591887876 and parameters: {'C': 903.9371721509729, 'epsilon': 23.890147833202402, 'gamma': 0.04976010894215227}. Best is trial 406 with value: 38.90494892453006.
trail number 2796
[I 2025-07-21 19:04:29,715] Trial 2796 finished with value: 39.729770391268495 and parameters: {'C': 1134.5487281688308, 'epsilon': 27.836912334814475, 'gamma': 0.0016738421315944055}. Best is trial 406 with value: 38.90494892453006.
trail number 2795
[I 2025-07-21 19:04:29,725] Trial 2795 finished with value: 46.67562041498906 and parameters: {'C': 886.7119126644084, 'epsilon': 21.45091842735089, 'gamma': 0.12755903588598622}. Best is trial 406 with value: 38.90494892453006.
trail number 2797
[I 2025-07-21 19:04:29,738] Trial 2797 finished with value: 46.98321659500335 and parameters: {'C': 700.5644107985048, 'epsilon': 27.16902051086903, 'gamma': 0.13889465344367544}. Best is trial 406 with value: 38.90494892453006.
trail number 2798
[I 2025-07-21 19:04:29,755] Trial 2798 finished with value: 39.81327595120129 and parameters: {'C': 876.9879604161434, 'epsilon': 24.75069814004789, 'gamma': 0.001688945891426253}. Best is trial 406 with value: 38.90494892453006.
trail number 2799
[I 2025-07-21 19:04:29,770] Trial 2799 finished with value: 41.59797877390444 and parameters: {'C': 921.6628037458788, 'epsilon': 27.512495794432077, 'gamma': 0.00033335573653288375}. Best is trial 406 with value: 38.90494892453006.
trail number 2801
[I 2025-07-21 19:04:29,792] Trial 2801 finished with value: 43.49067921169153 and parameters: {'C': 840.5824848700305, 'epsilon': 26.822468247801226, 'gamma': 0.052536583252666455}. Best is trial 406 with value: 38.90494892453006.
trail number 2803
[I 2025-07-21 19:04:29,808] Trial 2803 finished with value: 39.719746239426655 and parameters: {'C': 906.2073858930789, 'epsilon': 27.71417095268902, 'gamma': 0.002061090899294585}. Best is trial 406 with value: 38.90494892453006.
trail number 2800
[I 2025-07-21 19:04:29,817] Trial 2800 finished with value: 47.322453286267866 and parameters: {'C': 1006.0221446871471, 'epsilon': 27.302182059335543, 'gamma': 0.11803417502715087}. Best is trial 406 with value: 38.90494892453006.
trail number 2802
[I 2025-07-21 19:04:29,817] Trial 2802 finished with value: 39.40905258779388 and parameters: {'C': 967.306442179607, 'epsilon': 25.918983639813874, 'gamma': 0.0026661419686579146}. Best is trial 406 with value: 38.90494892453006.
trail number 2805
[I 2025-07-21 19:04:29,854] Trial 2805 finished with value: 39.4613452185266 and parameters: {'C': 1066.29169919862, 'epsilon': 26.983720375562502, 'gamma': 0.0024318659058913065}. Best is trial 406 with value: 38.90494892453006.
trail number 2804
[I 2025-07-21 19:04:29,863] Trial 2804 finished with value: 47.174843389041655 and parameters: {'C': 774.9343010070754, 'epsilon': 14.621834028295323, 'gamma': 0.1621549999571421}. Best is trial 406 with value: 38.90494892453006.
trail number 2807
[I 2025-07-21 19:04:29,874] Trial 2807 finished with value: 40.289320638276486 and parameters: {'C': 700.7737667312693, 'epsilon': 25.211880176398992, 'gamma': 0.001215349668898037}. Best is trial 406 with value: 38.90494892453006.
trail number 2806
[I 2025-07-21 19:04:29,884] Trial 2806 finished with value: 39.272798617839854 and parameters: {'C': 932.4879584564287, 'epsilon': 20.931575574943036, 'gamma': 0.005466853930604809}. Best is trial 406 with value: 38.90494892453006.
trail number 2811
[I 2025-07-21 19:04:29,924] Trial 2811 finished with value: 40.12103301239081 and parameters: {'C': 972.5240285264684, 'epsilon': 23.669108420384532, 'gamma': 0.0012378847951387308}. Best is trial 406 with value: 38.90494892453006.
trail number 2809
[I 2025-07-21 19:04:29,935] Trial 2809 finished with value: 42.4618061859737 and parameters: {'C': 703.4436796260215, 'epsilon': 23.44767928651773, 'gamma': 0.052007416351863074}. Best is trial 406 with value: 38.90494892453006.
trail number 2808
[I 2025-07-21 19:04:29,941] Trial 2808 finished with value: 47.98759844821326 and parameters: {'C': 719.9521427712782, 'epsilon': 8.559853271193749, 'gamma': 0.27802252886534307}. Best is trial 406 with value: 38.90494892453006.
trail number 2810
[I 2025-07-21 19:04:29,961] Trial 2810 finished with value: 43.95736145567811 and parameters: {'C': 920.414942360347, 'epsilon': 19.91396524924319, 'gamma': 0.06259125784677363}. Best is trial 406 with value: 38.90494892453006.
trail number 2813
[I 2025-07-21 19:04:29,983] Trial 2813 finished with value: 39.97254124198016 and parameters: {'C': 868.1028035834112, 'epsilon': 20.967052001257592, 'gamma': 0.0014680370322819932}. Best is trial 406 with value: 38.90494892453006.
trail number 2814
[I 2025-07-21 19:04:30,006] Trial 2814 finished with value: 46.19804563201687 and parameters: {'C': 1006.5425808166937, 'epsilon': 19.75664033046598, 'gamma': 0.10673275797221338}. Best is trial 406 with value: 38.90494892453006.
trail number 2812
[I 2025-07-21 19:04:30,015] Trial 2812 finished with value: 44.19281047707589 and parameters: {'C': 708.0834781028988, 'epsilon': 27.767481392744624, 'gamma': 0.06574654692212435}. Best is trial 406 with value: 38.90494892453006.
trail number 2816
[I 2025-07-21 19:04:30,027] Trial 2816 finished with value: 44.34336146224709 and parameters: {'C': 772.5879152335947, 'epsilon': 29.923359241480767, 'gamma': 0.06386888894861906}. Best is trial 406 with value: 38.90494892453006.
trail number 2815
[I 2025-07-21 19:04:30,036] Trial 2815 finished with value: 45.20249933463952 and parameters: {'C': 700.6924591480738, 'epsilon': 26.856847014637868, 'gamma': 0.09896740375664516}. Best is trial 406 with value: 38.90494892453006.
trail number 2817
[I 2025-07-21 19:04:30,073] Trial 2817 finished with value: 44.821799117586075 and parameters: {'C': 714.830657402681, 'epsilon': 29.862749481485583, 'gamma': 0.0798185472995527}. Best is trial 406 with value: 38.90494892453006.
trail number 2819
[I 2025-07-21 19:04:30,088] Trial 2819 finished with value: 45.50566388669559 and parameters: {'C': 818.5647161563493, 'epsilon': 24.142454262849597, 'gamma': 0.09444370121909687}. Best is trial 406 with value: 38.90494892453006.
trail number 2821
[I 2025-07-21 19:04:30,105] Trial 2821 finished with value: 41.648162082338715 and parameters: {'C': 701.4583395590294, 'epsilon': 29.43143447388014, 'gamma': 0.0005056500931434485}. Best is trial 406 with value: 38.90494892453006.
trail number 2820
[I 2025-07-21 19:04:30,114] Trial 2820 finished with value: 45.82099219992339 and parameters: {'C': 811.8124701418133, 'epsilon': 25.26143889908331, 'gamma': 0.10940559446340163}. Best is trial 406 with value: 38.90494892453006.
trail number 2818
[I 2025-07-21 19:04:30,114] Trial 2818 finished with value: 44.31850995165157 and parameters: {'C': 840.5781700446288, 'epsilon': 24.975734875081887, 'gamma': 0.0628475691742915}. Best is trial 406 with value: 38.90494892453006.
trail number 2822
[I 2025-07-21 19:04:30,150] Trial 2822 finished with value: 43.93111000824814 and parameters: {'C': 1069.998464124282, 'epsilon': 21.49349226506689, 'gamma': 0.0558433493617591}. Best is trial 406 with value: 38.90494892453006.
trail number 2823
[I 2025-07-21 19:04:30,172] Trial 2823 finished with value: 43.89653449562589 and parameters: {'C': 857.9543512631428, 'epsilon': 23.3908138361564, 'gamma': 0.05927522500776977}. Best is trial 406 with value: 38.90494892453006.
trail number 2826
[I 2025-07-21 19:04:30,184] Trial 2826 finished with value: 39.70784802133301 and parameters: {'C': 827.7066632502911, 'epsilon': 28.483401011135154, 'gamma': 0.00214572059443784}. Best is trial 406 with value: 38.90494892453006.
trail number 2824
[I 2025-07-21 19:04:30,193] Trial 2824 finished with value: 44.79022610961552 and parameters: {'C': 968.6481550709057, 'epsilon': 28.828287913631463, 'gamma': 0.06170566101185295}. Best is trial 406 with value: 38.90494892453006.
trail number 2825
[I 2025-07-21 19:04:30,204] Trial 2825 finished with value: 46.384369522656264 and parameters: {'C': 1054.5653811443767, 'epsilon': 22.38068292252057, 'gamma': 0.10032943321315252}. Best is trial 406 with value: 38.90494892453006.
trail number 2827
