[I 2025-07-21 19:03:57,495] Trial 266 finished with value: 44.10747134539254 and parameters: {'C': 802.5066904326735, 'epsilon': 23.19710667172331, 'gamma': 0.06434756978221952}. Best is trial 171 with value: 38.91007131011672.
trail number 269
[I 2025-07-21 19:03:57,501] Trial 269 finished with value: 39.044770144649526 and parameters: {'C': 720.0954754468623, 'epsilon': 27.422937297482388, 'gamma': 0.00819035613869908}. Best is trial 171 with value: 38.91007131011672.
trail number 268
[I 2025-07-21 19:03:57,510] Trial 268 finished with value: 44.14303019537197 and parameters: {'C': 743.6646551567194, 'epsilon': 27.009804518718433, 'gamma': 0.06305116416407086}. Best is trial 171 with value: 38.91007131011672.
trail number 270
[I 2025-07-21 19:03:57,529] Trial 270 finished with value: 48.885251664574284 and parameters: {'C': 1004.2753959728183, 'epsilon': 8.188251735839543, 'gamma': 0.1650308925380885}. Best is trial 171 with value: 38.91007131011672.
trail number 272
[I 2025-07-21 19:03:57,534] Trial 272 finished with value: 41.36678047047483 and parameters: {'C': 711.2286425069489, 'epsilon': 28.69265592988699, 'gamma': 0.03913960579679949}. Best is trial 171 with value: 38.91007131011672.
trail number 271
[I 2025-07-21 19:03:57,534] Trial 271 finished with value: 44.480163469875386 and parameters: {'C': 728.8192452274482, 'epsilon': 27.14987886892286, 'gamma': 0.06972606804757207}. Best is trial 171 with value: 38.91007131011672.
trail number 273
[I 2025-07-21 19:03:57,542] Trial 273 finished with value: 42.1707347519874 and parameters: {'C': 720.2574557924044, 'epsilon': 26.912560988936363, 'gamma': 0.045939400772558654}. Best is trial 171 with value: 38.91007131011672.
trail number 274
[I 2025-07-21 19:03:57,563] Trial 274 finished with value: 39.04062026554466 and parameters: {'C': 721.5632512830082, 'epsilon': 26.418654785378262, 'gamma': 0.008006196724649774}. Best is trial 171 with value: 38.91007131011672.
trail number 275
[I 2025-07-21 19:03:57,572] Trial 275 finished with value: 41.75427723364673 and parameters: {'C': 707.9269644817479, 'epsilon': 29.111104340195844, 'gamma': 0.041580804465675476}. Best is trial 171 with value: 38.91007131011672.
trail number 276
[I 2025-07-21 19:03:57,576] Trial 276 finished with value: 40.61721062082231 and parameters: {'C': 739.5373165073926, 'epsilon': 27.90867792806423, 'gamma': 0.03396178825252554}. Best is trial 171 with value: 38.91007131011672.
trail number 277
[I 2025-07-21 19:03:57,576] Trial 277 finished with value: 40.39303299642719 and parameters: {'C': 721.7448421599014, 'epsilon': 23.20960274333368, 'gamma': 0.032465406487939066}. Best is trial 171 with value: 38.91007131011672.
trail number 278
[I 2025-07-21 19:03:57,602] Trial 278 finished with value: 44.85801532619841 and parameters: {'C': 772.0215696064968, 'epsilon': 29.421473705357457, 'gamma': 0.0755649912827938}. Best is trial 171 with value: 38.91007131011672.
trail number 280
[I 2025-07-21 19:03:57,609] Trial 280 finished with value: 39.28433732625513 and parameters: {'C': 702.7677777893352, 'epsilon': 26.947919582273848, 'gamma': 0.01758367439736397}. Best is trial 171 with value: 38.91007131011672.
trail number 279
[I 2025-07-21 19:03:57,613] Trial 279 finished with value: 40.12668675681821 and parameters: {'C': 712.7008121266226, 'epsilon': 24.510104165332653, 'gamma': 0.02797745178117031}. Best is trial 171 with value: 38.91007131011672.
trail number 281
[I 2025-07-21 19:03:57,614] Trial 281 finished with value: 50.66680089644798 and parameters: {'C': 1430.0510046537186, 'epsilon': 16.091783213087698, 'gamma': 0.48384114790469623}. Best is trial 171 with value: 38.91007131011672.
trail number 282
[I 2025-07-21 19:03:57,630] Trial 282 finished with value: 39.48693047504031 and parameters: {'C': 748.44271806664, 'epsilon': 23.546754808905856, 'gamma': 0.0033236347871447754}. Best is trial 171 with value: 38.91007131011672.
trail number 285
[I 2025-07-21 19:03:57,642] Trial 285 finished with value: 40.30369014901563 and parameters: {'C': 771.2207802400983, 'epsilon': 21.484436078452944, 'gamma': 0.0012487246736375187}. Best is trial 171 with value: 38.91007131011672.
trail number 283
[I 2025-07-21 19:03:57,646] Trial 283 finished with value: 39.23149663835751 and parameters: {'C': 707.1968048262858, 'epsilon': 29.047655834474575, 'gamma': 0.013175335066627512}. Best is trial 171 with value: 38.91007131011672.
trail number 284
[I 2025-07-21 19:03:57,649] Trial 284 finished with value: 39.13760405609963 and parameters: {'C': 728.4078260934068, 'epsilon': 24.209864280259254, 'gamma': 0.008537328075122863}. Best is trial 171 with value: 38.91007131011672.
trail number 287
[I 2025-07-21 19:03:57,675] Trial 287 finished with value: 48.085395792972406 and parameters: {'C': 1016.4419961446833, 'epsilon': 26.666531361572112, 'gamma': 0.28729742355918436}. Best is trial 171 with value: 38.91007131011672.
trail number 288
[I 2025-07-21 19:03:57,680] Trial 288 finished with value: 39.71723026329913 and parameters: {'C': 714.5891841761564, 'epsilon': 24.561405245967467, 'gamma': 0.02363680566739692}. Best is trial 171 with value: 38.91007131011672.
trail number 286
[I 2025-07-21 19:03:57,680] Trial 286 finished with value: 49.61919045492856 and parameters: {'C': 1413.1949410918303, 'epsilon': 14.009573264391486, 'gamma': 0.14911900215429008}. Best is trial 171 with value: 38.91007131011672.
trail number 289
[I 2025-07-21 19:03:57,698] Trial 289 finished with value: 45.54518562977039 and parameters: {'C': 936.8777154069937, 'epsilon': 22.627131203479163, 'gamma': 0.08272361552182925}. Best is trial 171 with value: 38.91007131011672.
trail number 292
[I 2025-07-21 19:03:57,705] Trial 292 finished with value: 44.90507889894413 and parameters: {'C': 715.8950394570084, 'epsilon': 26.367349904942397, 'gamma': 0.0001527077102559636}. Best is trial 171 with value: 38.91007131011672.
trail number 291
[I 2025-07-21 19:03:57,713] Trial 291 finished with value: 39.27905293219813 and parameters: {'C': 946.8586005502568, 'epsilon': 22.489546186704963, 'gamma': 0.008397772992292316}. Best is trial 171 with value: 38.91007131011672.
trail number 293
[I 2025-07-21 19:03:57,725] Trial 293 finished with value: 39.76589542359651 and parameters: {'C': 931.0999826059927, 'epsilon': 20.785196759849523, 'gamma': 0.0020986965912482437}. Best is trial 171 with value: 38.91007131011672.
trail number 294
[I 2025-07-21 19:03:57,739] Trial 294 finished with value: 40.22121553923192 and parameters: {'C': 992.9642104956299, 'epsilon': 22.360992876118072, 'gamma': 0.02623762231919871}. Best is trial 171 with value: 38.91007131011672.
trail number 290
[I 2025-07-21 19:03:57,743] Trial 290 finished with value: 49.216506065161 and parameters: {'C': 1446.6175821365634, 'epsilon': 10.478847874895129, 'gamma': 0.12533407666559257}. Best is trial 171 with value: 38.91007131011672.
trail number 295
[I 2025-07-21 19:03:57,750] Trial 295 finished with value: 45.595501898774124 and parameters: {'C': 840.5054457588553, 'epsilon': 23.80607188745464, 'gamma': 0.09595080439813769}. Best is trial 171 with value: 38.91007131011672.
trail number 296
[I 2025-07-21 19:03:57,754] Trial 296 finished with value: 39.43114595218252 and parameters: {'C': 1121.1830719741945, 'epsilon': 20.343713030252644, 'gamma': 0.008023246211377092}. Best is trial 171 with value: 38.91007131011672.
trail number 300
[I 2025-07-21 19:03:57,780] Trial 300 finished with value: 39.04210573331302 and parameters: {'C': 922.6857259545792, 'epsilon': 23.566233734986493, 'gamma': 0.013955789765103952}. Best is trial 171 with value: 38.91007131011672.
trail number 297
[I 2025-07-21 19:03:57,784] Trial 297 finished with value: 44.559668864927254 and parameters: {'C': 887.3852853507722, 'epsilon': 23.53682304164649, 'gamma': 0.06571504900058618}. Best is trial 171 with value: 38.91007131011672.
trail number 298
[I 2025-07-21 19:03:57,793] Trial 298 finished with value: 45.79513784314266 and parameters: {'C': 891.4179854428863, 'epsilon': 25.786195957845806, 'gamma': 0.09452479788886525}. Best is trial 171 with value: 38.91007131011672.
trail number 299
[I 2025-07-21 19:03:57,797] Trial 299 finished with value: 46.07771566488751 and parameters: {'C': 1216.237679824857, 'epsilon': 29.510797650592455, 'gamma': 0.06963845761109343}. Best is trial 171 with value: 38.91007131011672.
trail number 303
[I 2025-07-21 19:03:57,819] Trial 303 finished with value: 39.448499086401924 and parameters: {'C': 1039.2465883090833, 'epsilon': 22.999226361842556, 'gamma': 0.0031557470749408734}. Best is trial 171 with value: 38.91007131011672.
trail number 304
[I 2025-07-21 19:03:57,823] Trial 304 finished with value: 39.067242923963136 and parameters: {'C': 805.2732545991946, 'epsilon': 25.633052733823728, 'gamma': 0.006757489949445353}. Best is trial 171 with value: 38.91007131011672.
trail number 301
[I 2025-07-21 19:03:57,826] Trial 301 finished with value: 45.327005380877324 and parameters: {'C': 821.9941407590355, 'epsilon': 23.552816289251766, 'gamma': 0.08497959915720271}. Best is trial 171 with value: 38.91007131011672.
trail number 302
[I 2025-07-21 19:03:57,827] Trial 302 finished with value: 44.58753178354921 and parameters: {'C': 901.6315411533137, 'epsilon': 24.528200594074523, 'gamma': 0.06423653157160959}. Best is trial 171 with value: 38.91007131011672.
trail number 305
[I 2025-07-21 19:03:57,853] Trial 305 finished with value: 39.269539091114964 and parameters: {'C': 835.9518166624134, 'epsilon': 22.450442222094228, 'gamma': 0.004368861343106777}. Best is trial 171 with value: 38.91007131011672.
trail number 306
[I 2025-07-21 19:03:57,857] Trial 306 finished with value: 39.09514931540271 and parameters: {'C': 836.6440767760972, 'epsilon': 24.628066887614175, 'gamma': 0.012046798804630925}. Best is trial 171 with value: 38.91007131011672.
trail number 308
[I 2025-07-21 19:03:57,868] Trial 308 finished with value: 45.14709265406817 and parameters: {'C': 840.2074712047925, 'epsilon': 26.97819337630533, 'gamma': 0.07462488930770206}. Best is trial 171 with value: 38.91007131011672.
trail number 307
[I 2025-07-21 19:03:57,880] Trial 307 finished with value: 46.068150143771994 and parameters: {'C': 992.8049735833382, 'epsilon': 15.947598693982275, 'gamma': 0.1116019312004464}. Best is trial 171 with value: 38.91007131011672.
trail number 309
[I 2025-07-21 19:03:57,894] Trial 309 finished with value: 48.12658104937723 and parameters: {'C': 1238.9465704703566, 'epsilon': 12.502139472545801, 'gamma': 0.3029679739465124}. Best is trial 171 with value: 38.91007131011672.
trail number 310
[I 2025-07-21 19:03:57,894] Trial 310 finished with value: 40.49088767991192 and parameters: {'C': 818.9745215197145, 'epsilon': 26.380079601041206, 'gamma': 0.031282775963883944}. Best is trial 171 with value: 38.91007131011672.
trail number 311
[I 2025-07-21 19:03:57,898] Trial 311 finished with value: 39.16049509816005 and parameters: {'C': 794.2850003776102, 'epsilon': 24.35593577894876, 'gamma': 0.00808708141267985}. Best is trial 171 with value: 38.91007131011672.
trail number 312
[I 2025-07-21 19:03:57,917] Trial 312 finished with value: 40.16288977362911 and parameters: {'C': 820.4110427966306, 'epsilon': 24.150397685942668, 'gamma': 0.02644202940555719}. Best is trial 171 with value: 38.91007131011672.
trail number 313
[I 2025-07-21 19:03:57,931] Trial 313 finished with value: 50.316919463699946 and parameters: {'C': 929.5955990191239, 'epsilon': 14.807125558520625, 'gamma': 0.4748925772935396}. Best is trial 171 with value: 38.91007131011672.
trail number 315
[I 2025-07-21 19:03:57,941] Trial 315 finished with value: 42.16111869292727 and parameters: {'C': 813.4667577775642, 'epsilon': 26.15849677400197, 'gamma': 0.04360185513854735}. Best is trial 171 with value: 38.91007131011672.
trail number 316
[I 2025-07-21 19:03:57,947] Trial 316 finished with value: 39.06029354241845 and parameters: {'C': 862.3145501806374, 'epsilon': 26.368511263937986, 'gamma': 0.013902919915161233}. Best is trial 171 with value: 38.91007131011672.
trail number 314
[I 2025-07-21 19:03:57,953] Trial 314 finished with value: 45.22592988210584 and parameters: {'C': 847.0333870421824, 'epsilon': 18.140125412980236, 'gamma': 0.0941224818942194}. Best is trial 171 with value: 38.91007131011672.
trail number 317
[I 2025-07-21 19:03:57,962] Trial 317 finished with value: 39.065440274700755 and parameters: {'C': 857.6105576304539, 'epsilon': 26.115875579814244, 'gamma': 0.012139332299251328}. Best is trial 171 with value: 38.91007131011672.
trail number 318
[I 2025-07-21 19:03:57,972] Trial 318 finished with value: 41.44802471661739 and parameters: {'C': 842.0546514755994, 'epsilon': 28.129226955871864, 'gamma': 0.0004879457090799372}. Best is trial 171 with value: 38.91007131011672.
trail number 320
[I 2025-07-21 19:03:57,978] Trial 320 finished with value: 41.417267298629795 and parameters: {'C': 824.6288477584255, 'epsilon': 29.652853994004683, 'gamma': 0.0005844392498861543}. Best is trial 171 with value: 38.91007131011672.
trail number 319
[I 2025-07-21 19:03:57,983] Trial 319 finished with value: 39.08481704481299 and parameters: {'C': 707.3260143888486, 'epsilon': 25.845234489632652, 'gamma': 0.009104979114142663}. Best is trial 171 with value: 38.91007131011672.
trail number 321
[I 2025-07-21 19:03:57,998] Trial 321 finished with value: 39.7678664820776 and parameters: {'C': 811.1092705538414, 'epsilon': 25.732895453316626, 'gamma': 0.02193921042150999}. Best is trial 171 with value: 38.91007131011672.
trail number 322
[I 2025-07-21 19:03:58,007] Trial 322 finished with value: 40.20532513064539 and parameters: {'C': 724.0737359587943, 'epsilon': 26.632848159414074, 'gamma': 0.029183526681272578}. Best is trial 171 with value: 38.91007131011672.
trail number 323
[I 2025-07-21 19:03:58,012] Trial 323 finished with value: 39.79780960171975 and parameters: {'C': 739.7049040184312, 'epsilon': 25.371235551815854, 'gamma': 0.002252658127408752}. Best is trial 171 with value: 38.91007131011672.
trail number 324
[I 2025-07-21 19:03:58,012] Trial 324 finished with value: 39.91558265947172 and parameters: {'C': 731.3229615475168, 'epsilon': 25.848013798842565, 'gamma': 0.0021287156879295395}. Best is trial 171 with value: 38.91007131011672.
trail number 327
[I 2025-07-21 19:03:58,038] Trial 327 finished with value: 39.16894021096583 and parameters: {'C': 942.0181951150771, 'epsilon': 24.1232105572231, 'gamma': 0.0052524052263202906}. Best is trial 171 with value: 38.91007131011672.
trail number 326
[I 2025-07-21 19:03:58,049] Trial 326 finished with value: 45.74984884196029 and parameters: {'C': 722.4386822624803, 'epsilon': 26.282299073155908, 'gamma': 0.11799115114598296}. Best is trial 171 with value: 38.91007131011672.
trail number 325
[I 2025-07-21 19:03:58,054] Trial 325 finished with value: 45.45263849533845 and parameters: {'C': 857.8916379035843, 'epsilon': 27.275262237637456, 'gamma': 0.08153802109619605}. Best is trial 171 with value: 38.91007131011672.
trail number 328
[I 2025-07-21 19:03:58,060] Trial 328 finished with value: 39.07833948485188 and parameters: {'C': 933.8999930212927, 'epsilon': 23.099775725720743, 'gamma': 0.014163857756454132}. Best is trial 171 with value: 38.91007131011672.
trail number 329
[I 2025-07-21 19:03:58,072] Trial 329 finished with value: 49.607121494909414 and parameters: {'C': 1213.2867622622568, 'epsilon': 23.644258441083316, 'gamma': 0.3873161648257981}. Best is trial 171 with value: 38.91007131011672.
trail number 331
[I 2025-07-21 19:03:58,090] Trial 331 finished with value: 39.03970136013129 and parameters: {'C': 713.0072461251842, 'epsilon': 28.291996688067286, 'gamma': 0.005932089491292787}. Best is trial 171 with value: 38.91007131011672.
trail number 330
[I 2025-07-21 19:03:58,106] Trial 330 finished with value: 46.42635170978683 and parameters: {'C': 989.80316385381, 'epsilon': 20.172983896417687, 'gamma': 0.11454370308389904}. Best is trial 171 with value: 38.91007131011672.
trail number 333
[I 2025-07-21 19:03:58,111] Trial 333 finished with value: 44.964384365302166 and parameters: {'C': 896.119895434686, 'epsilon': 22.68507602535622, 'gamma': 0.07503406237329897}. Best is trial 171 with value: 38.91007131011672.
trail number 332
[I 2025-07-21 19:03:58,117] Trial 332 finished with value: 46.016541114993416 and parameters: {'C': 964.0252303616309, 'epsilon': 21.10835862369573, 'gamma': 0.10182125241426768}. Best is trial 171 with value: 38.91007131011672.
trail number 334
[I 2025-07-21 19:03:58,134] Trial 334 finished with value: 44.86062591919173 and parameters: {'C': 847.5481715126132, 'epsilon': 21.69628605038836, 'gamma': 0.07828949315847591}. Best is trial 171 with value: 38.91007131011672.
trail number 335
[I 2025-07-21 19:03:58,139] Trial 335 finished with value: 39.641793311918924 and parameters: {'C': 884.4369326374643, 'epsilon': 25.4758695175908, 'gamma': 0.0023691037555013447}. Best is trial 171 with value: 38.91007131011672.
trail number 336
[I 2025-07-21 19:03:58,147] Trial 336 finished with value: 39.120139701867785 and parameters: {'C': 871.2112849270344, 'epsilon': 24.600513197197046, 'gamma': 0.017126116588167224}. Best is trial 171 with value: 38.91007131011672.
trail number 337
[I 2025-07-21 19:03:58,148] Trial 337 finished with value: 39.03432296818868 and parameters: {'C': 896.281077341881, 'epsilon': 23.847840214410056, 'gamma': 0.013795505140014487}. Best is trial 171 with value: 38.91007131011672.
trail number 339
[I 2025-07-21 19:03:58,170] Trial 339 finished with value: 39.17556963527504 and parameters: {'C': 860.741162944636, 'epsilon': 24.320669050584794, 'gamma': 0.008541417398785498}. Best is trial 171 with value: 38.91007131011672.
trail number 338
[I 2025-07-21 19:03:58,175] Trial 338 finished with value: 39.14808072164023 and parameters: {'C': 1334.1854712751974, 'epsilon': 26.281607320477384, 'gamma': 0.009623498549483581}. Best is trial 171 with value: 38.91007131011672.
trail number 340
[I 2025-07-21 19:03:58,180] Trial 340 finished with value: 39.134793942149976 and parameters: {'C': 1391.709015055464, 'epsilon': 27.357050497745306, 'gamma': 0.0037676856389303954}. Best is trial 171 with value: 38.91007131011672.
trail number 341
[I 2025-07-21 19:03:58,188] Trial 341 finished with value: 39.04077344801099 and parameters: {'C': 985.6135816737391, 'epsilon': 22.25758447948528, 'gamma': 0.01664696792117323}. Best is trial 171 with value: 38.91007131011672.
trail number 344
[I 2025-07-21 19:03:58,205] Trial 344 finished with value: 39.36553032352581 and parameters: {'C': 704.3059874922714, 'epsilon': 25.767516402960034, 'gamma': 0.004091398544195898}. Best is trial 171 with value: 38.91007131011672.
trail number 343
[I 2025-07-21 19:03:58,210] Trial 343 finished with value: 39.76826161637888 and parameters: {'C': 794.3304311313059, 'epsilon': 27.963335312592452, 'gamma': 0.021980751048127082}. Best is trial 171 with value: 38.91007131011672.
trail number 345
[I 2025-07-21 19:03:58,219] Trial 345 finished with value: 39.02134467534073 and parameters: {'C': 989.4880756711326, 'epsilon': 22.66656084062193, 'gamma': 0.016783045429219327}. Best is trial 171 with value: 38.91007131011672.
trail number 342
[I 2025-07-21 19:03:58,223] Trial 342 finished with value: 45.320877185328 and parameters: {'C': 700.9715276159437, 'epsilon': 23.72564423688361, 'gamma': 0.10889436270805845}. Best is trial 171 with value: 38.91007131011672.
trail number 346
[I 2025-07-21 19:03:58,238] Trial 346 finished with value: 39.13269479137928 and parameters: {'C': 966.9984752556319, 'epsilon': 23.336778560142022, 'gamma': 0.011304417577389087}. Best is trial 171 with value: 38.91007131011672.
trail number 347
[I 2025-07-21 19:03:58,254] Trial 347 finished with value: 44.89777301533663 and parameters: {'C': 963.3749256175851, 'epsilon': 22.573798438863086, 'gamma': 0.06978685685231537}. Best is trial 171 with value: 38.91007131011672.
trail number 348
[I 2025-07-21 19:03:58,259] Trial 348 finished with value: 40.25857937359475 and parameters: {'C': 969.5536606924599, 'epsilon': 19.731390493967105, 'gamma': 0.031130483670919445}. Best is trial 171 with value: 38.91007131011672.
trail number 349
[I 2025-07-21 19:03:58,266] Trial 349 finished with value: 45.3075063355558 and parameters: {'C': 1014.0974888938895, 'epsilon': 21.783510456930063, 'gamma': 0.07475694024354473}. Best is trial 171 with value: 38.91007131011672.
trail number 350
[I 2025-07-21 19:03:58,284] Trial 350 finished with value: 44.25220336649532 and parameters: {'C': 1067.205500660515, 'epsilon': 20.927262111936976, 'gamma': 0.05991201720784754}. Best is trial 171 with value: 38.91007131011672.
trail number 351
[I 2025-07-21 19:03:58,293] Trial 351 finished with value: 39.38151391584806 and parameters: {'C': 1042.4100731498818, 'epsilon': 21.218813173667158, 'gamma': 0.02060088491060021}. Best is trial 171 with value: 38.91007131011672.
trail number 352
[I 2025-07-21 19:03:58,304] Trial 352 finished with value: 45.66534477735012 and parameters: {'C': 888.4738692493587, 'epsilon': 27.811649601765726, 'gamma': 0.09118914363548986}. Best is trial 171 with value: 38.91007131011672.
trail number 353
[I 2025-07-21 19:03:58,304] Trial 353 finished with value: 46.834763064140475 and parameters: {'C': 929.8628921700927, 'epsilon': 28.669246538902424, 'gamma': 0.11420176375956163}. Best is trial 171 with value: 38.91007131011672.
trail number 354
[I 2025-07-21 19:03:58,316] Trial 354 finished with value: 39.28706418593132 and parameters: {'C': 886.9244663684212, 'epsilon': 26.426498982681064, 'gamma': 0.003593811565639719}. Best is trial 171 with value: 38.91007131011672.
trail number 355
[I 2025-07-21 19:03:58,327] Trial 355 finished with value: 39.04156336142584 and parameters: {'C': 1033.7214178641868, 'epsilon': 22.57384698128759, 'gamma': 0.01487942763471629}. Best is trial 171 with value: 38.91007131011672.
trail number 357
