[I 2025-07-21 19:04:06,133] Trial 1067 finished with value: 44.66933526109104 and parameters: {'C': 917.905839883541, 'epsilon': 26.129583746989603, 'gamma': 0.06311354829315723}. Best is trial 406 with value: 38.90494892453006.
trail number 1068
[I 2025-07-21 19:04:06,156] Trial 1068 finished with value: 43.998645283288695 and parameters: {'C': 846.993071005212, 'epsilon': 23.093384822138603, 'gamma': 0.061352111912205506}. Best is trial 406 with value: 38.90494892453006.
trail number 1070
[I 2025-07-21 19:04:06,163] Trial 1070 finished with value: 40.77226827493125 and parameters: {'C': 956.050285464048, 'epsilon': 23.31939819646527, 'gamma': 0.031514850472109016}. Best is trial 406 with value: 38.90494892453006.
trail number 1071
[I 2025-07-21 19:04:06,175] Trial 1071 finished with value: 44.82376508197742 and parameters: {'C': 858.9287077358825, 'epsilon': 28.416792085165312, 'gamma': 0.06750889256304901}. Best is trial 406 with value: 38.90494892453006.
trail number 1069
[I 2025-07-21 19:04:06,181] Trial 1069 finished with value: 45.54500961222519 and parameters: {'C': 899.6400743802797, 'epsilon': 28.20985605132739, 'gamma': 0.08386396467796758}. Best is trial 406 with value: 38.90494892453006.
trail number 1072
[I 2025-07-21 19:04:06,205] Trial 1072 finished with value: 48.09821405626799 and parameters: {'C': 867.6035555424096, 'epsilon': 28.483936190815363, 'gamma': 0.14357194127259731}. Best is trial 406 with value: 38.90494892453006.
trail number 1073
[I 2025-07-21 19:04:06,211] Trial 1073 finished with value: 43.9436102250587 and parameters: {'C': 850.9753275662827, 'epsilon': 29.731078676843598, 'gamma': 0.05496125118250142}. Best is trial 406 with value: 38.90494892453006.
trail number 1075
[I 2025-07-21 19:04:06,222] Trial 1075 finished with value: 39.36614757524187 and parameters: {'C': 1014.3976378171214, 'epsilon': 22.029373480281098, 'gamma': 0.003348653830153354}. Best is trial 406 with value: 38.90494892453006.
trail number 1074
[I 2025-07-21 19:04:06,228] Trial 1074 finished with value: 46.156739710599155 and parameters: {'C': 995.9299590607853, 'epsilon': 26.516877766011504, 'gamma': 0.09499360084011929}. Best is trial 406 with value: 38.90494892453006.
trail number 1076
[I 2025-07-21 19:04:06,254] Trial 1076 finished with value: 44.41257503810885 and parameters: {'C': 796.9082096194131, 'epsilon': 23.96235167843635, 'gamma': 0.06744381293427906}. Best is trial 406 with value: 38.90494892453006.
trail number 1077
[I 2025-07-21 19:04:06,260] Trial 1077 finished with value: 39.181524036224275 and parameters: {'C': 840.8752813449626, 'epsilon': 23.294096752334504, 'gamma': 0.0050843824033030525}. Best is trial 406 with value: 38.90494892453006.
trail number 1078
[I 2025-07-21 19:04:06,267] Trial 1078 finished with value: 39.60951618468162 and parameters: {'C': 898.0933270686204, 'epsilon': 28.71504334816179, 'gamma': 0.0023786729482832515}. Best is trial 406 with value: 38.90494892453006.
trail number 1079
[I 2025-07-21 19:04:06,280] Trial 1079 finished with value: 46.26263083521188 and parameters: {'C': 1166.967513940668, 'epsilon': 23.7198545321122, 'gamma': 0.07918142877870474}. Best is trial 406 with value: 38.90494892453006.
trail number 1080
[I 2025-07-21 19:04:06,308] Trial 1080 finished with value: 44.759007694058276 and parameters: {'C': 950.218319827917, 'epsilon': 21.003735264200046, 'gamma': 0.07051206936552065}. Best is trial 406 with value: 38.90494892453006.
trail number 1083
[I 2025-07-21 19:04:06,319] Trial 1083 finished with value: 45.2670095690198 and parameters: {'C': 953.545659146422, 'epsilon': 23.397347799323928, 'gamma': 0.07539960122383806}. Best is trial 406 with value: 38.90494892453006.
trail number 1082
[I 2025-07-21 19:04:06,325] Trial 1082 finished with value: 44.247107873130886 and parameters: {'C': 920.2101387762146, 'epsilon': 22.52259823907069, 'gamma': 0.06239873675362499}. Best is trial 406 with value: 38.90494892453006.
trail number 1081
[I 2025-07-21 19:04:06,336] Trial 1081 finished with value: 47.96396761309917 and parameters: {'C': 1114.829065503093, 'epsilon': 24.140302894717955, 'gamma': 0.12755483506947154}. Best is trial 406 with value: 38.90494892453006.
trail number 1084
[I 2025-07-21 19:04:06,342] Trial 1084 finished with value: 41.090273937785845 and parameters: {'C': 892.380863090261, 'epsilon': 22.09710420751027, 'gamma': 0.00044258655957608167}. Best is trial 406 with value: 38.90494892453006.
trail number 1086
[I 2025-07-21 19:04:06,356] Trial 1086 finished with value: 39.86475920557898 and parameters: {'C': 857.4009508557122, 'epsilon': 29.81404243795998, 'gamma': 0.0021570266005600854}. Best is trial 406 with value: 38.90494892453006.
trail number 1085
[I 2025-07-21 19:04:06,371] Trial 1085 finished with value: 43.307173303668684 and parameters: {'C': 791.24771044127, 'epsilon': 25.93111606265988, 'gamma': 0.05325061468215165}. Best is trial 406 with value: 38.90494892453006.
trail number 1087
[I 2025-07-21 19:04:06,382] Trial 1087 finished with value: 39.481695542284555 and parameters: {'C': 966.1353139018904, 'epsilon': 25.316188682823917, 'gamma': 0.002520682183163708}. Best is trial 406 with value: 38.90494892453006.
trail number 1089
[I 2025-07-21 19:04:06,392] Trial 1089 finished with value: 38.981632947533285 and parameters: {'C': 949.4236577494331, 'epsilon': 25.786896303047588, 'gamma': 0.012328492154004217}. Best is trial 406 with value: 38.90494892453006.
trail number 1088
[I 2025-07-21 19:04:06,399] Trial 1088 finished with value: 45.000661615803594 and parameters: {'C': 865.2284933472674, 'epsilon': 26.99137332407944, 'gamma': 0.07056161252569029}. Best is trial 406 with value: 38.90494892453006.
trail number 1090
[I 2025-07-21 19:04:06,408] Trial 1090 finished with value: 43.01020803965595 and parameters: {'C': 789.0863441700625, 'epsilon': 19.705924646644117, 'gamma': 0.00019395053084137089}. Best is trial 406 with value: 38.90494892453006.
trail number 1092
[I 2025-07-21 19:04:06,432] Trial 1092 finished with value: 39.148950169171094 and parameters: {'C': 988.7404819732349, 'epsilon': 25.515670028825795, 'gamma': 0.005099679587027682}. Best is trial 406 with value: 38.90494892453006.
trail number 1091
[I 2025-07-21 19:04:06,438] Trial 1091 finished with value: 43.97639316808049 and parameters: {'C': 881.62763589089, 'epsilon': 26.28278342174382, 'gamma': 0.0562850386905685}. Best is trial 406 with value: 38.90494892453006.
trail number 1094
[I 2025-07-21 19:04:06,438] Trial 1094 finished with value: 39.25147733524126 and parameters: {'C': 925.3989742511092, 'epsilon': 25.904348044713398, 'gamma': 0.003925814693224306}. Best is trial 406 with value: 38.90494892453006.
trail number 1093
[I 2025-07-21 19:04:06,459] Trial 1093 finished with value: 49.8833948124054 and parameters: {'C': 1277.4212944218552, 'epsilon': 9.902617485654796, 'gamma': 0.4815735933042715}. Best is trial 406 with value: 38.90494892453006.
trail number 1095
[I 2025-07-21 19:04:06,490] Trial 1095 finished with value: 45.532872474947915 and parameters: {'C': 1025.4770288836162, 'epsilon': 26.124234264740796, 'gamma': 0.06954733779308095}. Best is trial 406 with value: 38.90494892453006.
trail number 1097
[I 2025-07-21 19:04:06,495] Trial 1097 finished with value: 46.31084264635595 and parameters: {'C': 1046.2423223870726, 'epsilon': 26.20566357164312, 'gamma': 0.09315343434878331}. Best is trial 406 with value: 38.90494892453006.
trail number 1096
[I 2025-07-21 19:04:06,508] Trial 1096 finished with value: 46.96221674092061 and parameters: {'C': 1075.8458396201343, 'epsilon': 26.753260997669464, 'gamma': 0.10765078833358778}. Best is trial 406 with value: 38.90494892453006.
trail number 1098
[I 2025-07-21 19:04:06,515] Trial 1098 finished with value: 48.324510975761385 and parameters: {'C': 873.7929021882819, 'epsilon': 9.832255210562915, 'gamma': 0.32987730964339257}. Best is trial 406 with value: 38.90494892453006.
trail number 1100
[I 2025-07-21 19:04:06,527] Trial 1100 finished with value: 39.43840678894277 and parameters: {'C': 1079.5038925726778, 'epsilon': 24.042397309035984, 'gamma': 0.0031638471882649254}. Best is trial 406 with value: 38.90494892453006.
trail number 1099
[I 2025-07-21 19:04:06,532] Trial 1099 finished with value: 39.18696308753921 and parameters: {'C': 975.4414510103263, 'epsilon': 24.706287938243296, 'gamma': 0.009713583474274347}. Best is trial 406 with value: 38.90494892453006.
trail number 1101
[I 2025-07-21 19:04:06,559] Trial 1101 finished with value: 42.44930313394382 and parameters: {'C': 937.3865363686587, 'epsilon': 25.20160091470036, 'gamma': 0.04277823380911806}. Best is trial 406 with value: 38.90494892453006.
trail number 1102
[I 2025-07-21 19:04:06,565] Trial 1102 finished with value: 43.54694565652623 and parameters: {'C': 1008.5754128147175, 'epsilon': 23.001202660237414, 'gamma': 0.05153513137819027}. Best is trial 406 with value: 38.90494892453006.
trail number 1104
[I 2025-07-21 19:04:06,570] Trial 1104 finished with value: 44.16828815771824 and parameters: {'C': 961.0891968287591, 'epsilon': 26.602172062045188, 'gamma': 0.055519769889331695}. Best is trial 406 with value: 38.90494892453006.
trail number 1103
[I 2025-07-21 19:04:06,575] Trial 1103 finished with value: 44.20963274360997 and parameters: {'C': 970.3317200959333, 'epsilon': 26.736342731577796, 'gamma': 0.05548839112947739}. Best is trial 406 with value: 38.90494892453006.
trail number 1108
[I 2025-07-21 19:04:06,607] Trial 1108 finished with value: 39.150473356042184 and parameters: {'C': 979.1984070584771, 'epsilon': 22.829616618791515, 'gamma': 0.011356050965384482}. Best is trial 406 with value: 38.90494892453006.
trail number 1105
[I 2025-07-21 19:04:06,614] Trial 1105 finished with value: 39.26289975114736 and parameters: {'C': 947.8507512065349, 'epsilon': 23.041914183835, 'gamma': 0.004299867206111644}. Best is trial 406 with value: 38.90494892453006.
trail number 1107
[I 2025-07-21 19:04:06,621] Trial 1107 finished with value: 48.08632403338662 and parameters: {'C': 1006.7359721531965, 'epsilon': 23.451536277111348, 'gamma': 0.16308267806519636}. Best is trial 406 with value: 38.90494892453006.
trail number 1106
[I 2025-07-21 19:04:06,621] Trial 1106 finished with value: 47.77006192251353 and parameters: {'C': 1221.973858163364, 'epsilon': 28.446237703866373, 'gamma': 0.25760024260432474}. Best is trial 406 with value: 38.90494892453006.
trail number 1111
[I 2025-07-21 19:04:06,651] Trial 1111 finished with value: 40.01354999279939 and parameters: {'C': 1145.2866757945767, 'epsilon': 26.426819610468648, 'gamma': 0.0014584852828977849}. Best is trial 406 with value: 38.90494892453006.
trail number 1109
[I 2025-07-21 19:04:06,657] Trial 1109 finished with value: 39.30904204938575 and parameters: {'C': 1118.0305125940295, 'epsilon': 25.07162668523371, 'gamma': 0.0035269994973036803}. Best is trial 406 with value: 38.90494892453006.
trail number 1113
[I 2025-07-21 19:04:06,676] Trial 1113 finished with value: 42.58721418691637 and parameters: {'C': 1116.943025829134, 'epsilon': 22.941418821234976, 'gamma': 0.0001641237089230075}. Best is trial 406 with value: 38.90494892453006.
trail number 1110
[I 2025-07-21 19:04:06,682] Trial 1110 finished with value: 47.840327661195566 and parameters: {'C': 994.0527637054446, 'epsilon': 24.657796563084485, 'gamma': 0.13336158910459486}. Best is trial 406 with value: 38.90494892453006.
trail number 1112
[I 2025-07-21 19:04:06,695] Trial 1112 finished with value: 47.122907057956255 and parameters: {'C': 853.7590961378173, 'epsilon': 23.94005192957015, 'gamma': 0.13327133154409376}. Best is trial 406 with value: 38.90494892453006.
trail number 1116
[I 2025-07-21 19:04:06,710] Trial 1116 finished with value: 39.424739281553165 and parameters: {'C': 901.8965475440291, 'epsilon': 24.089494410483987, 'gamma': 0.003594278096822376}. Best is trial 406 with value: 38.90494892453006.
trail number 1114
[I 2025-07-21 19:04:06,724] Trial 1114 finished with value: 45.69865240334591 and parameters: {'C': 840.0991542269161, 'epsilon': 23.17066931739978, 'gamma': 0.10315405127338857}. Best is trial 406 with value: 38.90494892453006.
trail number 1115
[I 2025-07-21 19:04:06,731] Trial 1115 finished with value: 44.95840511307186 and parameters: {'C': 868.7857403220041, 'epsilon': 23.432852947717723, 'gamma': 0.07462938141905916}. Best is trial 406 with value: 38.90494892453006.
trail number 1118
[I 2025-07-21 19:04:06,748] Trial 1118 finished with value: 44.20090061308976 and parameters: {'C': 942.7867494199066, 'epsilon': 26.509670358931775, 'gamma': 0.05637550961838832}. Best is trial 406 with value: 38.90494892453006.
trail number 1117
[I 2025-07-21 19:04:06,754] Trial 1117 finished with value: 41.03414475011694 and parameters: {'C': 891.7046191309583, 'epsilon': 24.6703968874242, 'gamma': 0.034129295804341084}. Best is trial 406 with value: 38.90494892453006.
trail number 1119
[I 2025-07-21 19:04:06,768] Trial 1119 finished with value: 39.19045584791557 and parameters: {'C': 1017.5513462559105, 'epsilon': 26.1486410256099, 'gamma': 0.004188819066629835}. Best is trial 406 with value: 38.90494892453006.
trail number 1120
[I 2025-07-21 19:04:06,775] Trial 1120 finished with value: 44.950200504624114 and parameters: {'C': 898.7295295428753, 'epsilon': 24.535340159531984, 'gamma': 0.06999075859831914}. Best is trial 406 with value: 38.90494892453006.
trail number 1122
[I 2025-07-21 19:04:06,789] Trial 1122 finished with value: 40.185499472679766 and parameters: {'C': 968.1819721042679, 'epsilon': 25.170760463905133, 'gamma': 0.0010559425839159354}. Best is trial 406 with value: 38.90494892453006.
trail number 1121
[I 2025-07-21 19:04:06,801] Trial 1121 finished with value: 44.036363825848774 and parameters: {'C': 976.1741084757476, 'epsilon': 26.324529674766758, 'gamma': 0.05411319211606998}. Best is trial 406 with value: 38.90494892453006.
trail number 1125
[I 2025-07-21 19:04:06,818] Trial 1125 finished with value: 39.434307716060616 and parameters: {'C': 917.5203262625527, 'epsilon': 22.50475812314425, 'gamma': 0.003493233242680317}. Best is trial 406 with value: 38.90494892453006.
trail number 1124
[I 2025-07-21 19:04:06,824] Trial 1124 finished with value: 42.22347353633929 and parameters: {'C': 931.1914734849056, 'epsilon': 19.99538259102684, 'gamma': 0.045373052311230525}. Best is trial 406 with value: 38.90494892453006.
trail number 1123
[I 2025-07-21 19:04:06,825] Trial 1123 finished with value: 44.45522184143974 and parameters: {'C': 1005.4322520862966, 'epsilon': 25.019190504343566, 'gamma': 0.05816189880626831}. Best is trial 406 with value: 38.90494892453006.
trail number 1126
[I 2025-07-21 19:04:06,838] Trial 1126 finished with value: 39.01560592233891 and parameters: {'C': 821.6122856710565, 'epsilon': 24.656733171192464, 'gamma': 0.01267247057221942}. Best is trial 406 with value: 38.90494892453006.
trail number 1127
[I 2025-07-21 19:04:06,859] Trial 1127 finished with value: 40.209467528264824 and parameters: {'C': 1081.093736040477, 'epsilon': 26.262692100789966, 'gamma': 0.0010378435119501343}. Best is trial 406 with value: 38.90494892453006.
trail number 1129
[I 2025-07-21 19:04:06,865] Trial 1129 finished with value: 39.24956675913504 and parameters: {'C': 932.0124482438733, 'epsilon': 27.56294617066962, 'gamma': 0.003816016318547157}. Best is trial 406 with value: 38.90494892453006.
trail number 1130
[I 2025-07-21 19:04:06,881] Trial 1130 finished with value: 42.20143188075932 and parameters: {'C': 774.7449186135783, 'epsilon': 23.0252906138597, 'gamma': 0.047482678999744274}. Best is trial 406 with value: 38.90494892453006.
trail number 1128
[I 2025-07-21 19:04:06,887] Trial 1128 finished with value: 43.869677094382915 and parameters: {'C': 1091.7543410568596, 'epsilon': 21.993206073733347, 'gamma': 0.05370220402334015}. Best is trial 406 with value: 38.90494892453006.
trail number 1132
[I 2025-07-21 19:04:06,904] Trial 1132 finished with value: 43.75356831405581 and parameters: {'C': 826.4800961710712, 'epsilon': 22.817051419359565, 'gamma': 0.05900720896710597}. Best is trial 406 with value: 38.90494892453006.
trail number 1131
[I 2025-07-21 19:04:06,909] Trial 1131 finished with value: 40.285415086614286 and parameters: {'C': 828.2884741895032, 'epsilon': 21.988919740012534, 'gamma': 0.030633183587344272}. Best is trial 406 with value: 38.90494892453006.
trail number 1136
[I 2025-07-21 19:04:06,934] Trial 1136 finished with value: 39.22300335499888 and parameters: {'C': 780.2418306223003, 'epsilon': 22.181679345996393, 'gamma': 0.0054067266823732245}. Best is trial 406 with value: 38.90494892453006.
trail number 1133
[I 2025-07-21 19:04:06,939] Trial 1133 finished with value: 41.986628441106916 and parameters: {'C': 812.2210595386327, 'epsilon': 22.681386001032788, 'gamma': 0.0448423946560733}. Best is trial 406 with value: 38.90494892453006.
trail number 1135
[I 2025-07-21 19:04:06,946] Trial 1135 finished with value: 42.545667317440845 and parameters: {'C': 711.4369366322738, 'epsilon': 21.245211260513887, 'gamma': 0.0535093524527102}. Best is trial 406 with value: 38.90494892453006.
trail number 1134
[I 2025-07-21 19:04:06,958] Trial 1134 finished with value: 41.29963038209611 and parameters: {'C': 860.6824117029295, 'epsilon': 21.925178893347365, 'gamma': 0.03891269094363159}. Best is trial 406 with value: 38.90494892453006.
trail number 1137
[I 2025-07-21 19:04:06,978] Trial 1137 finished with value: 39.424018033319335 and parameters: {'C': 778.3980579265677, 'epsilon': 22.526022920227557, 'gamma': 0.0034091764902924194}. Best is trial 406 with value: 38.90494892453006.
trail number 1138
[I 2025-07-21 19:04:06,984] Trial 1138 finished with value: 40.20844812893723 and parameters: {'C': 957.0705987758165, 'epsilon': 23.10601716101961, 'gamma': 0.0012066218853303574}. Best is trial 406 with value: 38.90494892453006.
trail number 1139
[I 2025-07-21 19:04:06,992] Trial 1139 finished with value: 47.560988534156316 and parameters: {'C': 703.1530734618019, 'epsilon': 13.4910518609065, 'gamma': 0.26549961380258263}. Best is trial 406 with value: 38.90494892453006.
trail number 1140
[I 2025-07-21 19:04:07,020] Trial 1140 finished with value: 44.96119027547898 and parameters: {'C': 824.0141191426478, 'epsilon': 23.66223857940024, 'gamma': 0.07734599512489236}. Best is trial 406 with value: 38.90494892453006.
trail number 1141
[I 2025-07-21 19:04:07,031] Trial 1141 finished with value: 44.58296220331063 and parameters: {'C': 783.7210710964093, 'epsilon': 25.39163318972152, 'gamma': 0.0695994301716088}. Best is trial 406 with value: 38.90494892453006.
trail number 1143
[I 2025-07-21 19:04:07,043] Trial 1143 finished with value: 45.54709011220276 and parameters: {'C': 939.664879213715, 'epsilon': 22.426355604931285, 'gamma': 0.08306296455898424}. Best is trial 406 with value: 38.90494892453006.
trail number 1142
[I 2025-07-21 19:04:07,056] Trial 1142 finished with value: 44.89225786367499 and parameters: {'C': 766.9331690446604, 'epsilon': 24.98502319500206, 'gamma': 0.07710411847044087}. Best is trial 406 with value: 38.90494892453006.
trail number 1145
[I 2025-07-21 19:04:07,063] Trial 1145 finished with value: 39.49241726970032 and parameters: {'C': 844.7011026099931, 'epsilon': 23.58370074091343, 'gamma': 0.0030315217138555724}. Best is trial 406 with value: 38.90494892453006.
trail number 1144
[I 2025-07-21 19:04:07,063] Trial 1144 finished with value: 39.1297839436663 and parameters: {'C': 801.3824986323947, 'epsilon': 25.590800752142158, 'gamma': 0.008630260702483482}. Best is trial 406 with value: 38.90494892453006.
trail number 1146
[I 2025-07-21 19:04:07,080] Trial 1146 finished with value: 39.16859353433313 and parameters: {'C': 828.4249947600464, 'epsilon': 24.75366297988947, 'gamma': 0.010424522780394288}. Best is trial 406 with value: 38.90494892453006.
trail number 1148
[I 2025-07-21 19:04:07,099] Trial 1148 finished with value: 39.31807808961382 and parameters: {'C': 985.1879612828875, 'epsilon': 22.831064088937225, 'gamma': 0.0037892395004049725}. Best is trial 406 with value: 38.90494892453006.
trail number 1150
[I 2025-07-21 19:04:07,105] Trial 1150 finished with value: 40.26504947584269 and parameters: {'C': 961.7302914561474, 'epsilon': 20.416966986358403, 'gamma': 0.001280791890833492}. Best is trial 406 with value: 38.90494892453006.
trail number 1147
[I 2025-07-21 19:04:07,115] Trial 1147 finished with value: 39.38523908320731 and parameters: {'C': 752.9024419744321, 'epsilon': 25.194377014430863, 'gamma': 0.0032102607982750246}. Best is trial 406 with value: 38.90494892453006.
trail number 1149
[I 2025-07-21 19:04:07,144] Trial 1149 finished with value: 46.26920796570767 and parameters: {'C': 1019.7685796829372, 'epsilon': 20.89228557052452, 'gamma': 0.10357116719941162}. Best is trial 406 with value: 38.90494892453006.
trail number 1152
[I 2025-07-21 19:04:07,144] Trial 1152 finished with value: 43.39698248899309 and parameters: {'C': 871.1532238516024, 'epsilon': 24.93487366859152, 'gamma': 0.05262571733872408}. Best is trial 406 with value: 38.90494892453006.
trail number 1151
[I 2025-07-21 19:04:07,154] Trial 1151 finished with value: 44.340679719626706 and parameters: {'C': 1027.949697569248, 'epsilon': 21.45106840449997, 'gamma': 0.06139840354840752}. Best is trial 406 with value: 38.90494892453006.
trail number 1153
[I 2025-07-21 19:04:07,166] Trial 1153 finished with value: 47.54097422774087 and parameters: {'C': 1097.6714745003417, 'epsilon': 26.55601228736559, 'gamma': 0.21972655515848977}. Best is trial 406 with value: 38.90494892453006.
trail number 1154
[I 2025-07-21 19:04:07,191] Trial 1154 finished with value: 43.29722158312937 and parameters: {'C': 700.9868626877247, 'epsilon': 24.779528607425284, 'gamma': 0.05736589742741572}. Best is trial 406 with value: 38.90494892453006.
trail number 1156
