[I 2025-07-21 19:03:56,689] Trial 179 finished with value: 39.5396542382046 and parameters: {'C': 737.2848724730967, 'epsilon': 24.277597139774716, 'gamma': 0.002638473915560177}. Best is trial 171 with value: 38.91007131011672.
trail number 178
[I 2025-07-21 19:03:56,694] Trial 178 finished with value: 39.295944490672795 and parameters: {'C': 794.4531693927348, 'epsilon': 20.52679891296278, 'gamma': 0.006174616424572226}. Best is trial 171 with value: 38.91007131011672.
trail number 180
[I 2025-07-21 19:03:56,705] Trial 180 finished with value: 42.25270896102931 and parameters: {'C': 809.4921925055111, 'epsilon': 20.834892659119078, 'gamma': 0.04799238586506002}. Best is trial 171 with value: 38.91007131011672.
trail number 181
[I 2025-07-21 19:03:56,717] Trial 181 finished with value: 45.24821798769514 and parameters: {'C': 911.4013206075758, 'epsilon': 21.515109944844507, 'gamma': 0.08077766734267917}. Best is trial 171 with value: 38.91007131011672.
trail number 183
[I 2025-07-21 19:03:56,722] Trial 183 finished with value: 51.5165914781468 and parameters: {'C': 1139.4313887239014, 'epsilon': 20.06215408268478, 'gamma': 0.4994291283054182}. Best is trial 171 with value: 38.91007131011672.
trail number 182
[I 2025-07-21 19:03:56,737] Trial 182 finished with value: 43.549479048097666 and parameters: {'C': 904.9387497484564, 'epsilon': 20.826740114747757, 'gamma': 0.05637939201849849}. Best is trial 171 with value: 38.91007131011672.
trail number 185
[I 2025-07-21 19:03:56,744] Trial 185 finished with value: 39.97017619768987 and parameters: {'C': 1254.2430861669716, 'epsilon': 29.119805692609333, 'gamma': 0.0015006205717475129}. Best is trial 171 with value: 38.91007131011672.
trail number 184
[I 2025-07-21 19:03:56,754] Trial 184 finished with value: 46.189354826141944 and parameters: {'C': 877.2478999002633, 'epsilon': 23.07174692594929, 'gamma': 0.1140617150665625}. Best is trial 171 with value: 38.91007131011672.
trail number 186
[I 2025-07-21 19:03:56,760] Trial 186 finished with value: 45.44433699112689 and parameters: {'C': 897.1789992773513, 'epsilon': 26.103876148500344, 'gamma': 0.0771035428541734}. Best is trial 171 with value: 38.91007131011672.
trail number 187
[I 2025-07-21 19:03:56,780] Trial 187 finished with value: 46.00736941157651 and parameters: {'C': 1076.6196216760827, 'epsilon': 20.381810341479188, 'gamma': 0.09060966994109892}. Best is trial 171 with value: 38.91007131011672.
trail number 190
[I 2025-07-21 19:03:56,784] Trial 190 finished with value: 39.2391119310901 and parameters: {'C': 1052.3387467717034, 'epsilon': 20.710005198614944, 'gamma': 0.011337613086273388}. Best is trial 171 with value: 38.91007131011672.
trail number 188
[I 2025-07-21 19:03:56,789] Trial 188 finished with value: 45.21365626978191 and parameters: {'C': 1083.1145298828683, 'epsilon': 21.326574062333542, 'gamma': 0.0699305537109215}. Best is trial 171 with value: 38.91007131011672.
trail number 189
[I 2025-07-21 19:03:56,801] Trial 189 finished with value: 46.367762401365226 and parameters: {'C': 1104.8981294553241, 'epsilon': 21.41244464674993, 'gamma': 0.09680393920172434}. Best is trial 171 with value: 38.91007131011672.
trail number 191
[I 2025-07-21 19:03:56,812] Trial 191 finished with value: 39.2249205666964 and parameters: {'C': 1208.200322378248, 'epsilon': 21.80476247970286, 'gamma': 0.004069360063563128}. Best is trial 171 with value: 38.91007131011672.
trail number 193
[I 2025-07-21 19:03:56,821] Trial 193 finished with value: 48.32572111061611 and parameters: {'C': 704.4387916117585, 'epsilon': 8.401754025477846, 'gamma': 0.34501228338342776}. Best is trial 171 with value: 38.91007131011672.
trail number 194
[I 2025-07-21 19:03:56,828] Trial 194 finished with value: 39.10267437172645 and parameters: {'C': 838.8864397277662, 'epsilon': 27.570040141396184, 'gamma': 0.0051074839142459545}. Best is trial 171 with value: 38.91007131011672.
trail number 192
[I 2025-07-21 19:03:56,839] Trial 192 finished with value: 46.205728356372255 and parameters: {'C': 1148.9811867598414, 'epsilon': 25.937038069293237, 'gamma': 0.0767054220843654}. Best is trial 171 with value: 38.91007131011672.
trail number 195
[I 2025-07-21 19:03:56,848] Trial 195 finished with value: 42.692345397563045 and parameters: {'C': 950.6843590994768, 'epsilon': 25.616592325099415, 'gamma': 0.04388080706462393}. Best is trial 171 with value: 38.91007131011672.
trail number 196
[I 2025-07-21 19:03:56,858] Trial 196 finished with value: 41.87038116409239 and parameters: {'C': 962.0651071122517, 'epsilon': 26.571641258939074, 'gamma': 0.03788131796137603}. Best is trial 171 with value: 38.91007131011672.
trail number 198
[I 2025-07-21 19:03:56,869] Trial 198 finished with value: 39.133015308150014 and parameters: {'C': 847.7305283947126, 'epsilon': 26.339352325615234, 'gamma': 0.00945479741508968}. Best is trial 171 with value: 38.91007131011672.
trail number 199
[I 2025-07-21 19:03:56,873] Trial 199 finished with value: 39.157748139262466 and parameters: {'C': 772.4312693199591, 'epsilon': 26.648146309587137, 'gamma': 0.004770950546917745}. Best is trial 171 with value: 38.91007131011672.
trail number 197
[I 2025-07-21 19:03:56,877] Trial 197 finished with value: 45.46893917777373 and parameters: {'C': 841.5853061749142, 'epsilon': 24.412952137312036, 'gamma': 0.08563061478243204}. Best is trial 171 with value: 38.91007131011672.
trail number 200
[I 2025-07-21 19:03:56,894] Trial 200 finished with value: 41.68058030233192 and parameters: {'C': 819.38116603608, 'epsilon': 25.435225738009073, 'gamma': 0.0404464001788489}. Best is trial 171 with value: 38.91007131011672.
trail number 202
[I 2025-07-21 19:03:56,901] Trial 202 finished with value: 40.064945790949906 and parameters: {'C': 1010.6895994078113, 'epsilon': 25.78655935136222, 'gamma': 0.0013956095495430126}. Best is trial 171 with value: 38.91007131011672.
trail number 201
[I 2025-07-21 19:03:56,906] Trial 201 finished with value: 39.12393302455767 and parameters: {'C': 1103.2367000819531, 'epsilon': 26.236414917713052, 'gamma': 0.007499770635545546}. Best is trial 171 with value: 38.91007131011672.
trail number 203
[I 2025-07-21 19:03:56,914] Trial 203 finished with value: 38.995872618574765 and parameters: {'C': 939.9159560004609, 'epsilon': 23.210405104903607, 'gamma': 0.01639340370175998}. Best is trial 171 with value: 38.91007131011672.
trail number 204
[I 2025-07-21 19:03:56,921] Trial 204 finished with value: 41.68972206194817 and parameters: {'C': 925.8269351775153, 'epsilon': 23.577999249989865, 'gamma': 0.0002952202663144554}. Best is trial 171 with value: 38.91007131011672.
trail number 207
[I 2025-07-21 19:03:56,934] Trial 207 finished with value: 43.34510821604041 and parameters: {'C': 908.2253805795203, 'epsilon': 27.215569412345324, 'gamma': 0.00018081456349607929}. Best is trial 171 with value: 38.91007131011672.
trail number 205
[I 2025-07-21 19:03:56,938] Trial 205 finished with value: 39.48856625122305 and parameters: {'C': 853.7163460315068, 'epsilon': 28.15514866763089, 'gamma': 0.0171118759267918}. Best is trial 171 with value: 38.91007131011672.
trail number 208
[I 2025-07-21 19:03:56,948] Trial 208 finished with value: 39.25855153642365 and parameters: {'C': 1066.607590359109, 'epsilon': 23.93105896461993, 'gamma': 0.007102014407348298}. Best is trial 171 with value: 38.91007131011672.
trail number 206
[I 2025-07-21 19:03:56,955] Trial 206 finished with value: 40.20085134112011 and parameters: {'C': 1295.6868164479292, 'epsilon': 13.111831926991343, 'gamma': 0.029342091032229095}. Best is trial 171 with value: 38.91007131011672.
trail number 209
[I 2025-07-21 19:03:56,966] Trial 209 finished with value: 39.2017749099327 and parameters: {'C': 886.6714141527439, 'epsilon': 23.06730221309746, 'gamma': 0.00895993785546196}. Best is trial 171 with value: 38.91007131011672.
trail number 210
[I 2025-07-21 19:03:56,976] Trial 210 finished with value: 39.72043112930496 and parameters: {'C': 1023.9889526739378, 'epsilon': 22.17070018878558, 'gamma': 0.022328184337704143}. Best is trial 171 with value: 38.91007131011672.
trail number 211
[I 2025-07-21 19:03:56,980] Trial 211 finished with value: 39.599261616226926 and parameters: {'C': 922.5679654205802, 'epsilon': 21.839391095587985, 'gamma': 0.02285029590975747}. Best is trial 171 with value: 38.91007131011672.
trail number 212
[I 2025-07-21 19:03:56,980] Trial 212 finished with value: 40.181974436252936 and parameters: {'C': 869.0200203152153, 'epsilon': 22.60040126999057, 'gamma': 0.0012978299222991818}. Best is trial 171 with value: 38.91007131011672.
trail number 213
[I 2025-07-21 19:03:56,998] Trial 213 finished with value: 39.23743679591499 and parameters: {'C': 904.4857318497376, 'epsilon': 22.466115205675365, 'gamma': 0.007029219927428746}. Best is trial 171 with value: 38.91007131011672.
trail number 214
[I 2025-07-21 19:03:57,007] Trial 214 finished with value: 39.379851678405394 and parameters: {'C': 800.0223263989303, 'epsilon': 25.314773377864224, 'gamma': 0.0031245100141811784}. Best is trial 171 with value: 38.91007131011672.
trail number 216
[I 2025-07-21 19:03:57,022] Trial 216 finished with value: 45.92340024569195 and parameters: {'C': 780.1587549893445, 'epsilon': 27.150294778161246, 'gamma': 0.11406661095704493}. Best is trial 171 with value: 38.91007131011672.
trail number 215
[I 2025-07-21 19:03:57,026] Trial 215 finished with value: 46.97488323752259 and parameters: {'C': 843.4108504329757, 'epsilon': 26.65349763213111, 'gamma': 0.12635949491868148}. Best is trial 171 with value: 38.91007131011672.
trail number 217
[I 2025-07-21 19:03:57,033] Trial 217 finished with value: 48.9692443748328 and parameters: {'C': 1288.2355026864207, 'epsilon': 29.34442414389669, 'gamma': 0.3210977847403727}. Best is trial 171 with value: 38.91007131011672.
trail number 218
[I 2025-07-21 19:03:57,049] Trial 218 finished with value: 45.35490858843938 and parameters: {'C': 777.5187752425495, 'epsilon': 27.331871970054806, 'gamma': 0.08791152706916855}. Best is trial 171 with value: 38.91007131011672.
trail number 220
[I 2025-07-21 19:03:57,049] Trial 220 finished with value: 39.50652006932968 and parameters: {'C': 1003.8994469928177, 'epsilon': 25.276480837247902, 'gamma': 0.0024118188209836383}. Best is trial 171 with value: 38.91007131011672.
trail number 219
[I 2025-07-21 19:03:57,054] Trial 219 finished with value: 39.19108024724754 and parameters: {'C': 702.0185516379627, 'epsilon': 22.498511227923917, 'gamma': 0.0067453668843063625}. Best is trial 171 with value: 38.91007131011672.
trail number 221
[I 2025-07-21 19:03:57,066] Trial 221 finished with value: 40.47587303105995 and parameters: {'C': 829.934871465266, 'epsilon': 27.435358995590107, 'gamma': 0.030768653787137477}. Best is trial 171 with value: 38.91007131011672.
trail number 222
[I 2025-07-21 19:03:57,084] Trial 222 finished with value: 39.650130407501784 and parameters: {'C': 872.6867157768571, 'epsilon': 28.924698581881056, 'gamma': 0.01949774912399547}. Best is trial 171 with value: 38.91007131011672.
trail number 223
[I 2025-07-21 19:03:57,089] Trial 223 finished with value: 39.1730861313372 and parameters: {'C': 1220.2595100162328, 'epsilon': 26.305746079324138, 'gamma': 0.009578622229878165}. Best is trial 171 with value: 38.91007131011672.
trail number 225
[I 2025-07-21 19:03:57,093] Trial 225 finished with value: 39.14363041857489 and parameters: {'C': 1201.0639439654913, 'epsilon': 26.09097846643327, 'gamma': 0.0073120488710292884}. Best is trial 171 with value: 38.91007131011672.
trail number 224
[I 2025-07-21 19:03:57,098] Trial 224 finished with value: 43.339101156098195 and parameters: {'C': 1089.3322447713556, 'epsilon': 24.98559154435294, 'gamma': 0.04604612519986414}. Best is trial 171 with value: 38.91007131011672.
trail number 229
[I 2025-07-21 19:03:57,120] Trial 229 finished with value: 39.10173493888578 and parameters: {'C': 1087.0790218336158, 'epsilon': 27.14939336426535, 'gamma': 0.004396772442375117}. Best is trial 171 with value: 38.91007131011672.
trail number 226
[I 2025-07-21 19:03:57,130] Trial 226 finished with value: 43.699339280382546 and parameters: {'C': 1118.6798666807272, 'epsilon': 27.355096909197453, 'gamma': 0.046905048159511534}. Best is trial 171 with value: 38.91007131011672.
trail number 228
[I 2025-07-21 19:03:57,141] Trial 228 finished with value: 46.35586988314635 and parameters: {'C': 1087.4697613145206, 'epsilon': 27.467921736248808, 'gamma': 0.09089387033079986}. Best is trial 171 with value: 38.91007131011672.
trail number 227
[I 2025-07-21 19:03:57,145] Trial 227 finished with value: 46.43032505977505 and parameters: {'C': 1107.9420910510344, 'epsilon': 28.071133925017367, 'gamma': 0.09229505208155533}. Best is trial 171 with value: 38.91007131011672.
trail number 230
[I 2025-07-21 19:03:57,166] Trial 230 finished with value: 46.10739625028155 and parameters: {'C': 1112.208474697152, 'epsilon': 28.189061010267565, 'gamma': 0.08179387635689582}. Best is trial 171 with value: 38.91007131011672.
trail number 231
[I 2025-07-21 19:03:57,171] Trial 231 finished with value: 46.03793442105429 and parameters: {'C': 956.5515751277852, 'epsilon': 26.73606796002802, 'gamma': 0.09612787478406008}. Best is trial 171 with value: 38.91007131011672.
trail number 232
[I 2025-07-21 19:03:57,182] Trial 232 finished with value: 45.75617650722031 and parameters: {'C': 1000.0178808407823, 'epsilon': 26.984478090838895, 'gamma': 0.07652989356945933}. Best is trial 171 with value: 38.91007131011672.
trail number 233
[I 2025-07-21 19:03:57,186] Trial 233 finished with value: 45.082151024197394 and parameters: {'C': 868.4698233506797, 'epsilon': 25.113611099577433, 'gamma': 0.07331593605809411}. Best is trial 171 with value: 38.91007131011672.
trail number 235
[I 2025-07-21 19:03:57,204] Trial 235 finished with value: 39.76765348852429 and parameters: {'C': 1114.6068689979957, 'epsilon': 24.750138652339217, 'gamma': 0.02013850232346647}. Best is trial 171 with value: 38.91007131011672.
trail number 234
[I 2025-07-21 19:03:57,210] Trial 234 finished with value: 43.60936156800376 and parameters: {'C': 1070.8779895891278, 'epsilon': 27.553449334145615, 'gamma': 0.047067814475887024}. Best is trial 171 with value: 38.91007131011672.
trail number 236
[I 2025-07-21 19:03:57,214] Trial 236 finished with value: 39.20247381206 and parameters: {'C': 1114.3310032651789, 'epsilon': 25.41811487274814, 'gamma': 0.00888841444650945}. Best is trial 171 with value: 38.91007131011672.
trail number 237
[I 2025-07-21 19:03:57,221] Trial 237 finished with value: 39.316558194183884 and parameters: {'C': 1074.5287561363407, 'epsilon': 26.990847367021413, 'gamma': 0.01438578031441691}. Best is trial 171 with value: 38.91007131011672.
trail number 241
[I 2025-07-21 19:03:57,240] Trial 241 finished with value: 40.737552703591916 and parameters: {'C': 1049.9101364867977, 'epsilon': 28.169651291555926, 'gamma': 0.0006572894123195441}. Best is trial 171 with value: 38.91007131011672.
trail number 239
[I 2025-07-21 19:03:57,240] Trial 239 finished with value: 39.12099801432549 and parameters: {'C': 990.6669371766372, 'epsilon': 27.39935141884919, 'gamma': 0.008199901753388902}. Best is trial 171 with value: 38.91007131011672.
trail number 238
[I 2025-07-21 19:03:57,248] Trial 238 finished with value: 39.09902324425177 and parameters: {'C': 981.7599570193394, 'epsilon': 26.413458036567675, 'gamma': 0.013365885516687647}. Best is trial 171 with value: 38.91007131011672.
trail number 240
[I 2025-07-21 19:03:57,253] Trial 240 finished with value: 39.13173774232528 and parameters: {'C': 1116.5084674641716, 'epsilon': 25.861792093459023, 'gamma': 0.006530493825254607}. Best is trial 171 with value: 38.91007131011672.
trail number 243
[I 2025-07-21 19:03:57,271] Trial 243 finished with value: 41.32033602928722 and parameters: {'C': 975.8515536811259, 'epsilon': 27.726060462061348, 'gamma': 0.00047655920930020183}. Best is trial 171 with value: 38.91007131011672.
trail number 245
[I 2025-07-21 19:03:57,279] Trial 245 finished with value: 39.57143561791651 and parameters: {'C': 807.8605389304898, 'epsilon': 27.094078125766643, 'gamma': 0.002762721332721379}. Best is trial 171 with value: 38.91007131011672.
trail number 244
[I 2025-07-21 19:03:57,281] Trial 244 finished with value: 39.2689140128705 and parameters: {'C': 930.2162934792317, 'epsilon': 26.056551251782498, 'gamma': 0.003698007093537443}. Best is trial 171 with value: 38.91007131011672.
trail number 242
[I 2025-07-21 19:03:57,282] Trial 242 finished with value: 39.1729194852764 and parameters: {'C': 847.5802268058977, 'epsilon': 28.086574359736417, 'gamma': 0.00979699869164615}. Best is trial 171 with value: 38.91007131011672.
trail number 246
[I 2025-07-21 19:03:57,301] Trial 246 finished with value: 39.51778313473035 and parameters: {'C': 777.8530622239963, 'epsilon': 29.45204155279841, 'gamma': 0.003302627612902835}. Best is trial 171 with value: 38.91007131011672.
trail number 247
[I 2025-07-21 19:03:57,319] Trial 247 finished with value: 41.968227890011086 and parameters: {'C': 960.1703038615267, 'epsilon': 27.094536950305457, 'gamma': 0.0383011193164016}. Best is trial 171 with value: 38.91007131011672.
trail number 250
[I 2025-07-21 19:03:57,322] Trial 250 finished with value: 40.081365515461336 and parameters: {'C': 951.3080012416531, 'epsilon': 24.972740513139936, 'gamma': 0.0012583947649225154}. Best is trial 171 with value: 38.91007131011672.
trail number 249
[I 2025-07-21 19:03:57,327] Trial 249 finished with value: 43.23386711335147 and parameters: {'C': 969.9271388214765, 'epsilon': 24.175013517496136, 'gamma': 0.04902542877486141}. Best is trial 171 with value: 38.91007131011672.
trail number 248
[I 2025-07-21 19:03:57,333] Trial 248 finished with value: 45.85360502347385 and parameters: {'C': 982.1096906956335, 'epsilon': 24.51885838920626, 'gamma': 0.08762031513656664}. Best is trial 171 with value: 38.91007131011672.
trail number 253
[I 2025-07-21 19:03:57,350] Trial 253 finished with value: 41.146654933845426 and parameters: {'C': 864.7775609270057, 'epsilon': 24.51012839841667, 'gamma': 0.0004930038581942089}. Best is trial 171 with value: 38.91007131011672.
trail number 251
[I 2025-07-21 19:03:57,367] Trial 251 finished with value: 45.29987351209383 and parameters: {'C': 913.5256901793457, 'epsilon': 24.208400042698877, 'gamma': 0.07662833060384387}. Best is trial 171 with value: 38.91007131011672.
trail number 254
[I 2025-07-21 19:03:57,371] Trial 254 finished with value: 44.759843101611224 and parameters: {'C': 709.6450800465662, 'epsilon': 24.027302569297795, 'gamma': 0.08120650605693076}. Best is trial 171 with value: 38.91007131011672.
trail number 255
[I 2025-07-21 19:03:57,375] Trial 255 finished with value: 39.95181035877513 and parameters: {'C': 947.872770299847, 'epsilon': 26.81785964835135, 'gamma': 0.0017003990462193877}. Best is trial 171 with value: 38.91007131011672.
trail number 252
[I 2025-07-21 19:03:57,380] Trial 252 finished with value: 46.00655532138245 and parameters: {'C': 1037.2767589065409, 'epsilon': 23.706538824696683, 'gamma': 0.08758451143678131}. Best is trial 171 with value: 38.91007131011672.
trail number 259
[I 2025-07-21 19:03:57,401] Trial 259 finished with value: 41.06366864242565 and parameters: {'C': 762.9993665798796, 'epsilon': 23.013870367764113, 'gamma': 0.0005846744770096612}. Best is trial 171 with value: 38.91007131011672.
trail number 257
[I 2025-07-21 19:03:57,401] Trial 257 finished with value: 39.46365898319895 and parameters: {'C': 783.4791383826365, 'epsilon': 24.485968258093905, 'gamma': 0.0033008961052067437}. Best is trial 171 with value: 38.91007131011672.
trail number 258
[I 2025-07-21 19:03:57,412] Trial 258 finished with value: 38.97213351133429 and parameters: {'C': 767.0055086325408, 'epsilon': 25.30535038264017, 'gamma': 0.012895318859033703}. Best is trial 171 with value: 38.91007131011672.
trail number 256
[I 2025-07-21 19:03:57,422] Trial 256 finished with value: 45.37512653316254 and parameters: {'C': 731.2781922951688, 'epsilon': 24.22562552909261, 'gamma': 0.10406532266002914}. Best is trial 171 with value: 38.91007131011672.
trail number 261
[I 2025-07-21 19:03:57,433] Trial 261 finished with value: 39.289480334277656 and parameters: {'C': 986.0354277244862, 'epsilon': 20.157879318795857, 'gamma': 0.0047731915417210885}. Best is trial 171 with value: 38.91007131011672.
trail number 260
[I 2025-07-21 19:03:57,442] Trial 260 finished with value: 47.99118921806062 and parameters: {'C': 1485.0156369561953, 'epsilon': 21.880413124752597, 'gamma': 0.20907671724296853}. Best is trial 171 with value: 38.91007131011672.
trail number 263
[I 2025-07-21 19:03:57,451] Trial 263 finished with value: 39.15466424115222 and parameters: {'C': 774.867898730598, 'epsilon': 25.032245322389848, 'gamma': 0.009717612952591544}. Best is trial 171 with value: 38.91007131011672.
trail number 262
[I 2025-07-21 19:03:57,456] Trial 262 finished with value: 47.95646643282244 and parameters: {'C': 1291.3675796453545, 'epsilon': 23.194309309741428, 'gamma': 0.17675938148268228}. Best is trial 171 with value: 38.91007131011672.
trail number 265
[I 2025-07-21 19:03:57,470] Trial 265 finished with value: 39.554867990685445 and parameters: {'C': 799.3494164277172, 'epsilon': 25.59180490814511, 'gamma': 0.0027357383290046167}. Best is trial 171 with value: 38.91007131011672.
trail number 264
[I 2025-07-21 19:03:57,470] Trial 264 finished with value: 43.63136506897702 and parameters: {'C': 733.4891176104009, 'epsilon': 23.9521001920487, 'gamma': 0.060003023180881326}. Best is trial 171 with value: 38.91007131011672.
trail number 267
[I 2025-07-21 19:03:57,485] Trial 267 finished with value: 39.090364062442816 and parameters: {'C': 711.2010800613267, 'epsilon': 27.825700191634606, 'gamma': 0.010218785753014588}. Best is trial 171 with value: 38.91007131011672.
trail number 266
