[I 2025-07-21 19:04:05,140] Trial 979 finished with value: 44.440752418601434 and parameters: {'C': 832.9838669718697, 'epsilon': 28.21796179445587, 'gamma': 0.0632388622856753}. Best is trial 406 with value: 38.90494892453006.
trail number 981
[I 2025-07-21 19:04:05,154] Trial 981 finished with value: 39.36851839079068 and parameters: {'C': 1146.22313952965, 'epsilon': 25.76911691218664, 'gamma': 0.0029195348259606194}. Best is trial 406 with value: 38.90494892453006.
trail number 978
[I 2025-07-21 19:04:05,154] Trial 978 finished with value: 48.373756875488496 and parameters: {'C': 1335.0484491356815, 'epsilon': 26.27197999281529, 'gamma': 0.14533341155037613}. Best is trial 406 with value: 38.90494892453006.
trail number 983
[I 2025-07-21 19:04:05,182] Trial 983 finished with value: 43.73909108419009 and parameters: {'C': 833.8873357810195, 'epsilon': 29.9666145414371, 'gamma': 0.05331890860442356}. Best is trial 406 with value: 38.90494892453006.
trail number 982
[I 2025-07-21 19:04:05,189] Trial 982 finished with value: 48.3311797463614 and parameters: {'C': 1285.3534555294236, 'epsilon': 25.929893922567516, 'gamma': 0.30965373308366917}. Best is trial 406 with value: 38.90494892453006.
trail number 985
[I 2025-07-21 19:04:05,196] Trial 985 finished with value: 39.57754644176792 and parameters: {'C': 864.0458108195998, 'epsilon': 23.76460086043749, 'gamma': 0.0024841426042513572}. Best is trial 406 with value: 38.90494892453006.
trail number 984
[I 2025-07-21 19:04:05,202] Trial 984 finished with value: 43.51273137164998 and parameters: {'C': 966.9138831990492, 'epsilon': 23.17964850574036, 'gamma': 0.052273854378109455}. Best is trial 406 with value: 38.90494892453006.
trail number 989
[I 2025-07-21 19:04:05,231] Trial 989 finished with value: 38.98495216725816 and parameters: {'C': 874.7762381472239, 'epsilon': 25.744570732463863, 'gamma': 0.01231556220014245}. Best is trial 406 with value: 38.90494892453006.
trail number 986
[I 2025-07-21 19:04:05,236] Trial 986 finished with value: 43.200691615829165 and parameters: {'C': 703.6541472345602, 'epsilon': 29.667930625921763, 'gamma': 0.05241700200928514}. Best is trial 406 with value: 38.90494892453006.
trail number 988
[I 2025-07-21 19:04:05,257] Trial 988 finished with value: 44.23857214760638 and parameters: {'C': 820.7416370392166, 'epsilon': 26.99611768413495, 'gamma': 0.060716974115697014}. Best is trial 406 with value: 38.90494892453006.
trail number 987
[I 2025-07-21 19:04:05,264] Trial 987 finished with value: 45.9976989199255 and parameters: {'C': 1140.7188576210967, 'epsilon': 29.775424665919672, 'gamma': 0.07867372814967347}. Best is trial 406 with value: 38.90494892453006.
trail number 991
[I 2025-07-21 19:04:05,274] Trial 991 finished with value: 39.06144547295034 and parameters: {'C': 866.2678652074194, 'epsilon': 24.242348016386337, 'gamma': 0.017105565886687983}. Best is trial 406 with value: 38.90494892453006.
trail number 990
[I 2025-07-21 19:04:05,277] Trial 990 finished with value: 43.13189658912212 and parameters: {'C': 828.029017337314, 'epsilon': 25.320638170432378, 'gamma': 0.05137284890908035}. Best is trial 406 with value: 38.90494892453006.
trail number 992
[I 2025-07-21 19:04:05,310] Trial 992 finished with value: 47.895657175720395 and parameters: {'C': 921.295773180074, 'epsilon': 21.873162464791314, 'gamma': 0.28455165829769025}. Best is trial 406 with value: 38.90494892453006.
trail number 994
[I 2025-07-21 19:04:05,318] Trial 994 finished with value: 43.299343838767584 and parameters: {'C': 835.8152965420683, 'epsilon': 26.72084008476266, 'gamma': 0.051073718189768094}. Best is trial 406 with value: 38.90494892453006.
trail number 995
[I 2025-07-21 19:04:05,318] Trial 995 finished with value: 42.576210778363276 and parameters: {'C': 886.1687280290118, 'epsilon': 24.241937407030097, 'gamma': 0.046261757927200185}. Best is trial 406 with value: 38.90494892453006.
trail number 993
[I 2025-07-21 19:04:05,320] Trial 993 finished with value: 43.304130841916866 and parameters: {'C': 823.7036034416661, 'epsilon': 23.995589704233574, 'gamma': 0.05391714359034028}. Best is trial 406 with value: 38.90494892453006.
trail number 997
[I 2025-07-21 19:04:05,352] Trial 997 finished with value: 41.16687224505921 and parameters: {'C': 898.6719321641065, 'epsilon': 23.049409592050928, 'gamma': 0.0004324455389743964}. Best is trial 406 with value: 38.90494892453006.
trail number 998
[I 2025-07-21 19:04:05,367] Trial 998 finished with value: 43.7122057479029 and parameters: {'C': 896.1508719254385, 'epsilon': 25.50359875527635, 'gamma': 0.05418964494974244}. Best is trial 406 with value: 38.90494892453006.
trail number 999
[I 2025-07-21 19:04:05,373] Trial 999 finished with value: 39.1282122357188 and parameters: {'C': 836.6396091086355, 'epsilon': 26.97558761003532, 'gamma': 0.013514146602922321}. Best is trial 406 with value: 38.90494892453006.
trail number 996
[I 2025-07-21 19:04:05,380] Trial 996 finished with value: 49.039775039506964 and parameters: {'C': 1299.5381373435202, 'epsilon': 13.542011302390907, 'gamma': 0.41495661154877117}. Best is trial 406 with value: 38.90494892453006.
trail number 1000
[I 2025-07-21 19:04:05,391] Trial 1000 finished with value: 44.158073060831256 and parameters: {'C': 879.6013092296115, 'epsilon': 26.717646330585367, 'gamma': 0.05784126445140132}. Best is trial 406 with value: 38.90494892453006.
trail number 1001
[I 2025-07-21 19:04:05,410] Trial 1001 finished with value: 39.25224103963455 and parameters: {'C': 857.2358682928193, 'epsilon': 27.012367645051597, 'gamma': 0.003797744196165685}. Best is trial 406 with value: 38.90494892453006.
trail number 1003
[I 2025-07-21 19:04:05,416] Trial 1003 finished with value: 39.249065467075205 and parameters: {'C': 1020.8155272905082, 'epsilon': 23.25539155932542, 'gamma': 0.004064620757884588}. Best is trial 406 with value: 38.90494892453006.
trail number 1002
[I 2025-07-21 19:04:05,416] Trial 1002 finished with value: 39.19188545759367 and parameters: {'C': 800.798206205062, 'epsilon': 23.403353487135714, 'gamma': 0.006052154538297462}. Best is trial 406 with value: 38.90494892453006.
trail number 1004
[I 2025-07-21 19:04:05,433] Trial 1004 finished with value: 49.01871422240053 and parameters: {'C': 960.5026772192546, 'epsilon': 17.741013923820976, 'gamma': 0.39378697050784134}. Best is trial 406 with value: 38.90494892453006.
trail number 1007
[I 2025-07-21 19:04:05,447] Trial 1007 finished with value: 45.70733611402888 and parameters: {'C': 787.7815356398096, 'epsilon': 28.53910970784544, 'gamma': 0.00012829578675504615}. Best is trial 406 with value: 38.90494892453006.
trail number 1006
[I 2025-07-21 19:04:05,456] Trial 1006 finished with value: 39.8927511607303 and parameters: {'C': 707.0877995701675, 'epsilon': 29.791002315601677, 'gamma': 0.02347728330233833}. Best is trial 406 with value: 38.90494892453006.
trail number 1005
[I 2025-07-21 19:04:05,466] Trial 1005 finished with value: 43.844179987972254 and parameters: {'C': 702.8962581562639, 'epsilon': 29.782085056215145, 'gamma': 0.06012770355578784}. Best is trial 406 with value: 38.90494892453006.
trail number 1010
[I 2025-07-21 19:04:05,484] Trial 1010 finished with value: 39.3754445917652 and parameters: {'C': 845.5006713826069, 'epsilon': 25.492999210964538, 'gamma': 0.003766969222882008}. Best is trial 406 with value: 38.90494892453006.
trail number 1008
[I 2025-07-21 19:04:05,488] Trial 1008 finished with value: 48.14435432075622 and parameters: {'C': 1083.2146952466333, 'epsilon': 17.159160278145624, 'gamma': 0.2045204141719582}. Best is trial 406 with value: 38.90494892453006.
trail number 1009
[I 2025-07-21 19:04:05,494] Trial 1009 finished with value: 47.08989088587568 and parameters: {'C': 928.3670036605733, 'epsilon': 23.76258823548558, 'gamma': 0.12605137187827692}. Best is trial 406 with value: 38.90494892453006.
trail number 1011
[I 2025-07-21 19:04:05,513] Trial 1011 finished with value: 44.54719268890605 and parameters: {'C': 930.4274177198216, 'epsilon': 23.722068947311914, 'gamma': 0.06343267205230743}. Best is trial 406 with value: 38.90494892453006.
trail number 1013
[I 2025-07-21 19:04:05,533] Trial 1013 finished with value: 44.5564534085379 and parameters: {'C': 701.1721394754042, 'epsilon': 24.07781462066586, 'gamma': 0.07671341467756387}. Best is trial 406 with value: 38.90494892453006.
trail number 1014
[I 2025-07-21 19:04:05,539] Trial 1014 finished with value: 44.33792295222325 and parameters: {'C': 874.9561001741658, 'epsilon': 20.59356982884431, 'gamma': 0.06829231086682315}. Best is trial 406 with value: 38.90494892453006.
trail number 1012
[I 2025-07-21 19:04:05,543] Trial 1012 finished with value: 47.11797920092206 and parameters: {'C': 892.0704487090126, 'epsilon': 21.835439992001668, 'gamma': 0.1342881051254496}. Best is trial 406 with value: 38.90494892453006.
trail number 1015
[I 2025-07-21 19:04:05,562] Trial 1015 finished with value: 46.237608231142424 and parameters: {'C': 1248.2695608736333, 'epsilon': 22.901151240074846, 'gamma': 0.07363628658828536}. Best is trial 406 with value: 38.90494892453006.
trail number 1016
[I 2025-07-21 19:04:05,571] Trial 1016 finished with value: 40.44554853390632 and parameters: {'C': 910.4128495988591, 'epsilon': 26.424596738795053, 'gamma': 0.0007602908104731628}. Best is trial 406 with value: 38.90494892453006.
trail number 1018
[I 2025-07-21 19:04:05,579] Trial 1018 finished with value: 39.9091144274703 and parameters: {'C': 965.701932709708, 'epsilon': 25.737029032397366, 'gamma': 0.0016534225950061085}. Best is trial 406 with value: 38.90494892453006.
trail number 1017
[I 2025-07-21 19:04:05,585] Trial 1017 finished with value: 50.626600772595395 and parameters: {'C': 1149.7938558797603, 'epsilon': 17.163566799374905, 'gamma': 0.4751161736209685}. Best is trial 406 with value: 38.90494892453006.
trail number 1019
[I 2025-07-21 19:04:05,600] Trial 1019 finished with value: 39.81427405395599 and parameters: {'C': 927.0234766653125, 'epsilon': 25.31163177941233, 'gamma': 0.0018371885218366416}. Best is trial 406 with value: 38.90494892453006.
trail number 1020
[I 2025-07-21 19:04:05,606] Trial 1020 finished with value: 39.964138789160074 and parameters: {'C': 944.5419034848333, 'epsilon': 26.211010556497293, 'gamma': 0.0017987110095540005}. Best is trial 406 with value: 38.90494892453006.
trail number 1021
[I 2025-07-21 19:04:05,617] Trial 1021 finished with value: 39.120060328892066 and parameters: {'C': 998.9963621738818, 'epsilon': 24.777828102543406, 'gamma': 0.005178242036267222}. Best is trial 406 with value: 38.90494892453006.
trail number 1022
[I 2025-07-21 19:04:05,628] Trial 1022 finished with value: 45.46772704128449 and parameters: {'C': 792.1257695530711, 'epsilon': 25.426144283618967, 'gamma': 0.09496661521534354}. Best is trial 406 with value: 38.90494892453006.
trail number 1023
[I 2025-07-21 19:04:05,645] Trial 1023 finished with value: 46.58904897926823 and parameters: {'C': 706.1609534434917, 'epsilon': 26.332706015624595, 'gamma': 0.13372085806772602}. Best is trial 406 with value: 38.90494892453006.
trail number 1026
[I 2025-07-21 19:04:05,656] Trial 1026 finished with value: 39.39287523061779 and parameters: {'C': 842.0687149680192, 'epsilon': 26.926287142264094, 'gamma': 0.002960809532306564}. Best is trial 406 with value: 38.90494892453006.
trail number 1025
[I 2025-07-21 19:04:05,661] Trial 1025 finished with value: 45.32616836233066 and parameters: {'C': 812.5961071259381, 'epsilon': 29.192958513140994, 'gamma': 0.08771298313699101}. Best is trial 406 with value: 38.90494892453006.
trail number 1024
[I 2025-07-21 19:04:05,664] Trial 1024 finished with value: 49.2348367159048 and parameters: {'C': 1254.2234174435278, 'epsilon': 12.592954051235793, 'gamma': 0.1896961548306756}. Best is trial 406 with value: 38.90494892453006.
trail number 1027
[I 2025-07-21 19:04:05,680] Trial 1027 finished with value: 39.356022558565044 and parameters: {'C': 924.3101926435787, 'epsilon': 20.55500374539018, 'gamma': 0.003444120303904827}. Best is trial 406 with value: 38.90494892453006.
trail number 1028
[I 2025-07-21 19:04:05,703] Trial 1028 finished with value: 43.42563368063128 and parameters: {'C': 821.982060902615, 'epsilon': 29.723262134908573, 'gamma': 0.050472464016197365}. Best is trial 406 with value: 38.90494892453006.
trail number 1031
[I 2025-07-21 19:04:05,704] Trial 1031 finished with value: 39.41414216247922 and parameters: {'C': 774.0256670296167, 'epsilon': 22.095466093963715, 'gamma': 0.0035474866353437697}. Best is trial 406 with value: 38.90494892453006.
trail number 1030
[I 2025-07-21 19:04:05,713] Trial 1030 finished with value: 44.82821872609681 and parameters: {'C': 804.0745281614865, 'epsilon': 27.187842260102776, 'gamma': 0.07122075794849851}. Best is trial 406 with value: 38.90494892453006.
trail number 1029
[I 2025-07-21 19:04:05,714] Trial 1029 finished with value: 41.44270923339684 and parameters: {'C': 835.5938216794573, 'epsilon': 20.9272850243549, 'gamma': 0.041647707844562704}. Best is trial 406 with value: 38.90494892453006.
trail number 1032
[I 2025-07-21 19:04:05,744] Trial 1032 finished with value: 39.75092571643727 and parameters: {'C': 945.1457325494791, 'epsilon': 21.944479482448926, 'gamma': 0.001833746233656782}. Best is trial 406 with value: 38.90494892453006.
trail number 1034
[I 2025-07-21 19:04:05,751] Trial 1034 finished with value: 39.05791112080104 and parameters: {'C': 794.3324075293235, 'epsilon': 26.421939264524386, 'gamma': 0.007300226842249498}. Best is trial 406 with value: 38.90494892453006.
trail number 1033
[I 2025-07-21 19:04:05,763] Trial 1033 finished with value: 44.77254523982593 and parameters: {'C': 1003.7109284538593, 'epsilon': 23.68907240227825, 'gamma': 0.06348421712201839}. Best is trial 406 with value: 38.90494892453006.
trail number 1035
[I 2025-07-21 19:04:05,773] Trial 1035 finished with value: 45.744375333923294 and parameters: {'C': 1022.7566513776623, 'epsilon': 23.084665910434083, 'gamma': 0.07925760039730742}. Best is trial 406 with value: 38.90494892453006.
trail number 1037
[I 2025-07-21 19:04:05,781] Trial 1037 finished with value: 39.822573412602296 and parameters: {'C': 831.3528606094993, 'epsilon': 25.334651017998503, 'gamma': 0.001980596110021682}. Best is trial 406 with value: 38.90494892453006.
trail number 1036
[I 2025-07-21 19:04:05,790] Trial 1036 finished with value: 39.11572883084327 and parameters: {'C': 768.0084026542004, 'epsilon': 24.287366583085944, 'gamma': 0.005325782915782862}. Best is trial 406 with value: 38.90494892453006.
trail number 1038
[I 2025-07-21 19:04:05,804] Trial 1038 finished with value: 43.51761620867806 and parameters: {'C': 803.4249225313672, 'epsilon': 25.761865664697595, 'gamma': 0.05505397373136844}. Best is trial 406 with value: 38.90494892453006.
trail number 1041
[I 2025-07-21 19:04:05,815] Trial 1041 finished with value: 40.149421739251764 and parameters: {'C': 786.2163153523444, 'epsilon': 26.294679736108282, 'gamma': 0.001629325229303132}. Best is trial 406 with value: 38.90494892453006.
trail number 1040
[I 2025-07-21 19:04:05,825] Trial 1040 finished with value: 39.54158864926288 and parameters: {'C': 1434.092118238294, 'epsilon': 14.331530681344262, 'gamma': 0.01810391480180279}. Best is trial 406 with value: 38.90494892453006.
trail number 1039
[I 2025-07-21 19:04:05,831] Trial 1039 finished with value: 47.56919820104695 and parameters: {'C': 897.8005420212044, 'epsilon': 26.705057473868855, 'gamma': 0.13164960446237817}. Best is trial 406 with value: 38.90494892453006.
trail number 1042
[I 2025-07-21 19:04:05,848] Trial 1042 finished with value: 47.64222962731699 and parameters: {'C': 855.6656280498183, 'epsilon': 24.726509941498122, 'gamma': 0.1412463600693005}. Best is trial 406 with value: 38.90494892453006.
trail number 1043
[I 2025-07-21 19:04:05,859] Trial 1043 finished with value: 44.16551132220429 and parameters: {'C': 899.4303875193036, 'epsilon': 24.211113571094387, 'gamma': 0.05990096139620822}. Best is trial 406 with value: 38.90494892453006.
trail number 1044
[I 2025-07-21 19:04:05,865] Trial 1044 finished with value: 40.11855415008123 and parameters: {'C': 800.0726557895658, 'epsilon': 29.94777027171758, 'gamma': 0.024327108705733114}. Best is trial 406 with value: 38.90494892453006.
trail number 1045
[I 2025-07-21 19:04:05,876] Trial 1045 finished with value: 44.66288997438233 and parameters: {'C': 1000.947519723371, 'epsilon': 24.76117087110223, 'gamma': 0.060951913332524615}. Best is trial 406 with value: 38.90494892453006.
trail number 1046
[I 2025-07-21 19:04:05,888] Trial 1046 finished with value: 44.26647911107717 and parameters: {'C': 706.2562810261077, 'epsilon': 25.791479914609308, 'gamma': 0.06826563172681234}. Best is trial 406 with value: 38.90494892453006.
trail number 1048
[I 2025-07-21 19:04:05,903] Trial 1048 finished with value: 42.67629790944729 and parameters: {'C': 704.7839429258762, 'epsilon': 26.64918027214458, 'gamma': 0.050338664139474715}. Best is trial 406 with value: 38.90494892453006.
trail number 1047
[I 2025-07-21 19:04:05,909] Trial 1047 finished with value: 44.27385740092956 and parameters: {'C': 976.2910810942761, 'epsilon': 25.216627470599857, 'gamma': 0.057182769848928755}. Best is trial 406 with value: 38.90494892453006.
trail number 1049
[I 2025-07-21 19:04:05,915] Trial 1049 finished with value: 39.04619620372934 and parameters: {'C': 717.5317275636049, 'epsilon': 29.42239950495055, 'gamma': 0.008370832660039833}. Best is trial 406 with value: 38.90494892453006.
trail number 1052
[I 2025-07-21 19:04:05,940] Trial 1052 finished with value: 39.29325210536759 and parameters: {'C': 1023.7798828666741, 'epsilon': 24.099764801856058, 'gamma': 0.0036850245565824436}. Best is trial 406 with value: 38.90494892453006.
trail number 1050
[I 2025-07-21 19:04:05,945] Trial 1050 finished with value: 48.41261280848166 and parameters: {'C': 1074.4244900825572, 'epsilon': 11.325307556574941, 'gamma': 0.2530055287931857}. Best is trial 406 with value: 38.90494892453006.
trail number 1051
[I 2025-07-21 19:04:05,957] Trial 1051 finished with value: 43.23316014222582 and parameters: {'C': 1107.610039082104, 'epsilon': 23.42559504043417, 'gamma': 0.046415995123919356}. Best is trial 406 with value: 38.90494892453006.
trail number 1053
[I 2025-07-21 19:04:05,963] Trial 1053 finished with value: 48.87505179014691 and parameters: {'C': 1458.9614313434517, 'epsilon': 15.940193492786605, 'gamma': 0.3950540703391679}. Best is trial 406 with value: 38.90494892453006.
trail number 1055
[I 2025-07-21 19:04:05,986] Trial 1055 finished with value: 39.34365253438547 and parameters: {'C': 806.2555507856548, 'epsilon': 29.993352430855094, 'gamma': 0.012188927787884624}. Best is trial 406 with value: 38.90494892453006.
trail number 1056
[I 2025-07-21 19:04:05,992] Trial 1056 finished with value: 40.29227183738429 and parameters: {'C': 882.657444029884, 'epsilon': 28.03570319328738, 'gamma': 0.0013651178825769272}. Best is trial 406 with value: 38.90494892453006.
trail number 1054
[I 2025-07-21 19:04:05,992] Trial 1054 finished with value: 45.02783877078702 and parameters: {'C': 883.8366308172779, 'epsilon': 27.31079280541913, 'gamma': 0.06993146655880936}. Best is trial 406 with value: 38.90494892453006.
trail number 1057
[I 2025-07-21 19:04:06,006] Trial 1057 finished with value: 39.035073152263706 and parameters: {'C': 835.9447782524231, 'epsilon': 28.442964891249083, 'gamma': 0.005243788112699913}. Best is trial 406 with value: 38.90494892453006.
trail number 1059
[I 2025-07-21 19:04:06,029] Trial 1059 finished with value: 39.14540197412998 and parameters: {'C': 854.7803149933151, 'epsilon': 29.66041473629872, 'gamma': 0.0051642298218371645}. Best is trial 406 with value: 38.90494892453006.
trail number 1060
[I 2025-07-21 19:04:06,048] Trial 1060 finished with value: 44.45765493369251 and parameters: {'C': 991.4120780978607, 'epsilon': 19.798615262312534, 'gamma': 0.0655038780528613}. Best is trial 406 with value: 38.90494892453006.
trail number 1058
[I 2025-07-21 19:04:06,062] Trial 1058 finished with value: 44.55493299200112 and parameters: {'C': 852.1761902769676, 'epsilon': 22.44670175881615, 'gamma': 0.06961911033890532}. Best is trial 406 with value: 38.90494892453006.
trail number 1061
[I 2025-07-21 19:04:06,067] Trial 1061 finished with value: 44.78076220511921 and parameters: {'C': 925.8572640677517, 'epsilon': 27.172371860726876, 'gamma': 0.06398983503482931}. Best is trial 406 with value: 38.90494892453006.
trail number 1062
[I 2025-07-21 19:04:06,079] Trial 1062 finished with value: 45.02750589663986 and parameters: {'C': 938.6717745361836, 'epsilon': 25.107249599113718, 'gamma': 0.06829794510737014}. Best is trial 406 with value: 38.90494892453006.
trail number 1063
[I 2025-07-21 19:04:06,085] Trial 1063 finished with value: 39.17690288596175 and parameters: {'C': 887.0148049556014, 'epsilon': 25.071309780994923, 'gamma': 0.00959174673136896}. Best is trial 406 with value: 38.90494892453006.
trail number 1064
[I 2025-07-21 19:04:06,103] Trial 1064 finished with value: 40.45435684166397 and parameters: {'C': 894.8226484656776, 'epsilon': 27.65033716155127, 'gamma': 0.0010998327292115005}. Best is trial 406 with value: 38.90494892453006.
trail number 1065
[I 2025-07-21 19:04:06,113] Trial 1065 finished with value: 40.010128189802614 and parameters: {'C': 881.663560203991, 'epsilon': 26.10967427662475, 'gamma': 0.001761534609139945}. Best is trial 406 with value: 38.90494892453006.
trail number 1066
[I 2025-07-21 19:04:06,121] Trial 1066 finished with value: 39.18549515584813 and parameters: {'C': 849.5747038663599, 'epsilon': 25.28600689678749, 'gamma': 0.004660281978753619}. Best is trial 406 with value: 38.90494892453006.
trail number 1067
