[I 2025-07-21 19:04:12,572] Trial 1593 finished with value: 42.88311038738848 and parameters: {'C': 947.1745018028435, 'epsilon': 29.8048366581637, 'gamma': 0.043062148250123125}. Best is trial 406 with value: 38.90494892453006.
trail number 1596
[I 2025-07-21 19:04:12,606] Trial 1596 finished with value: 39.332147483777646 and parameters: {'C': 943.7789275827002, 'epsilon': 27.419222500251692, 'gamma': 0.015185479941090638}. Best is trial 406 with value: 38.90494892453006.
trail number 1598
[I 2025-07-21 19:04:12,617] Trial 1598 finished with value: 39.15279924544707 and parameters: {'C': 991.4543581532961, 'epsilon': 26.94901401775825, 'gamma': 0.008747820578129086}. Best is trial 406 with value: 38.90494892453006.
trail number 1597
[I 2025-07-21 19:04:12,628] Trial 1597 finished with value: 42.47929250022092 and parameters: {'C': 913.5722730083811, 'epsilon': 27.996344652359173, 'gamma': 0.04169994235597867}. Best is trial 406 with value: 38.90494892453006.
trail number 1599
[I 2025-07-21 19:04:12,641] Trial 1599 finished with value: 45.50648168817035 and parameters: {'C': 952.6948386520777, 'epsilon': 26.731898405494217, 'gamma': 0.07368743176308576}. Best is trial 406 with value: 38.90494892453006.
trail number 1600
[I 2025-07-21 19:04:12,656] Trial 1600 finished with value: 39.39495234089247 and parameters: {'C': 901.8114027745054, 'epsilon': 25.822569930945814, 'gamma': 0.0033377495150806787}. Best is trial 406 with value: 38.90494892453006.
trail number 1601
[I 2025-07-21 19:04:12,663] Trial 1601 finished with value: 39.09659714210867 and parameters: {'C': 944.5107063406622, 'epsilon': 26.918319186024227, 'gamma': 0.006521392081750989}. Best is trial 406 with value: 38.90494892453006.
trail number 1602
[I 2025-07-21 19:04:12,676] Trial 1602 finished with value: 43.835455152185325 and parameters: {'C': 933.0709775182803, 'epsilon': 26.639835209118836, 'gamma': 0.053323550377594384}. Best is trial 406 with value: 38.90494892453006.
trail number 1603
[I 2025-07-21 19:04:12,683] Trial 1603 finished with value: 42.65390294335888 and parameters: {'C': 701.1115477456701, 'epsilon': 22.583162955216423, 'gamma': 0.054294670069481625}. Best is trial 406 with value: 38.90494892453006.
trail number 1604
[I 2025-07-21 19:04:12,707] Trial 1604 finished with value: 39.53287234529945 and parameters: {'C': 750.4281572966962, 'epsilon': 21.305825034692443, 'gamma': 0.0029860971627668972}. Best is trial 406 with value: 38.90494892453006.
trail number 1605
[I 2025-07-21 19:04:12,707] Trial 1605 finished with value: 39.52126480916021 and parameters: {'C': 729.264426437183, 'epsilon': 24.065018048192083, 'gamma': 0.003338015120770192}. Best is trial 406 with value: 38.90494892453006.
trail number 1606
[I 2025-07-21 19:04:12,710] Trial 1606 finished with value: 40.791020281794815 and parameters: {'C': 745.0462639275328, 'epsilon': 21.87281033158092, 'gamma': 0.0007681139407256215}. Best is trial 406 with value: 38.90494892453006.
trail number 1607
[I 2025-07-21 19:04:12,735] Trial 1607 finished with value: 47.00618126289391 and parameters: {'C': 947.1143540001228, 'epsilon': 29.062340415425243, 'gamma': 0.11493303412689042}. Best is trial 406 with value: 38.90494892453006.
trail number 1608
[I 2025-07-21 19:04:12,757] Trial 1608 finished with value: 40.47866194039159 and parameters: {'C': 815.3265526498136, 'epsilon': 23.454993297543652, 'gamma': 0.0009190493054155452}. Best is trial 406 with value: 38.90494892453006.
trail number 1611
[I 2025-07-21 19:04:12,764] Trial 1611 finished with value: 39.5651747968865 and parameters: {'C': 867.4093284961792, 'epsilon': 27.41835979961313, 'gamma': 0.0025857248777299714}. Best is trial 406 with value: 38.90494892453006.
trail number 1610
[I 2025-07-21 19:04:12,770] Trial 1610 finished with value: 46.598924181205746 and parameters: {'C': 856.0459910816027, 'epsilon': 26.115200994635888, 'gamma': 0.1197284055953546}. Best is trial 406 with value: 38.90494892453006.
trail number 1609
[I 2025-07-21 19:04:12,785] Trial 1609 finished with value: 46.69602730875857 and parameters: {'C': 902.3474289097155, 'epsilon': 27.683989664591678, 'gamma': 0.115334698857859}. Best is trial 406 with value: 38.90494892453006.
trail number 1614
[I 2025-07-21 19:04:12,804] Trial 1614 finished with value: 40.171961705958665 and parameters: {'C': 777.4825481246011, 'epsilon': 27.567222515203465, 'gamma': 0.0016866564851263262}. Best is trial 406 with value: 38.90494892453006.
trail number 1613
[I 2025-07-21 19:04:12,811] Trial 1613 finished with value: 39.77822664995096 and parameters: {'C': 716.2019905348634, 'epsilon': 26.094644600460633, 'gamma': 0.002479526574001913}. Best is trial 406 with value: 38.90494892453006.
trail number 1612
[I 2025-07-21 19:04:12,833] Trial 1612 finished with value: 47.46818261604051 and parameters: {'C': 863.0523818801283, 'epsilon': 25.33976566216758, 'gamma': 0.13592021483903496}. Best is trial 406 with value: 38.90494892453006.
trail number 1615
[I 2025-07-21 19:04:12,841] Trial 1615 finished with value: 39.26142678726939 and parameters: {'C': 1006.4910893020269, 'epsilon': 16.14921426061328, 'gamma': 0.017248313994604327}. Best is trial 406 with value: 38.90494892453006.
trail number 1616
[I 2025-07-21 19:04:12,856] Trial 1616 finished with value: 45.63870642174567 and parameters: {'C': 724.3975455841695, 'epsilon': 26.794572521114233, 'gamma': 0.114348979269271}. Best is trial 406 with value: 38.90494892453006.
trail number 1617
[I 2025-07-21 19:04:12,863] Trial 1617 finished with value: 43.02680276346077 and parameters: {'C': 979.1514351177725, 'epsilon': 17.312540238349087, 'gamma': 0.053681161200344434}. Best is trial 406 with value: 38.90494892453006.
trail number 1618
[I 2025-07-21 19:04:12,881] Trial 1618 finished with value: 40.72573066932786 and parameters: {'C': 1022.6037774711137, 'epsilon': 27.272618061405073, 'gamma': 0.0006498924040777461}. Best is trial 406 with value: 38.90494892453006.
trail number 1619
[I 2025-07-21 19:04:12,889] Trial 1619 finished with value: 39.96811444048922 and parameters: {'C': 828.6536058543595, 'epsilon': 27.656504270041083, 'gamma': 0.0017778741523107704}. Best is trial 406 with value: 38.90494892453006.
trail number 1621
[I 2025-07-21 19:04:12,897] Trial 1621 finished with value: 41.66552936805125 and parameters: {'C': 900.767438534301, 'epsilon': 25.965579072581647, 'gamma': 0.0003297712890890274}. Best is trial 406 with value: 38.90494892453006.
trail number 1620
[I 2025-07-21 19:04:12,909] Trial 1620 finished with value: 43.67119610054539 and parameters: {'C': 847.2246092822859, 'epsilon': 25.547424026645245, 'gamma': 0.05523480466317668}. Best is trial 406 with value: 38.90494892453006.
trail number 1625
[I 2025-07-21 19:04:12,939] Trial 1625 finished with value: 41.50082766497631 and parameters: {'C': 704.6749114717281, 'epsilon': 29.81765154661509, 'gamma': 0.038915909715347814}. Best is trial 406 with value: 38.90494892453006.
trail number 1624
[I 2025-07-21 19:04:12,951] Trial 1624 finished with value: 45.486582420651565 and parameters: {'C': 843.8824360889589, 'epsilon': 22.80590050666338, 'gamma': 0.09179080677297516}. Best is trial 406 with value: 38.90494892453006.
trail number 1623
[I 2025-07-21 19:04:12,951] Trial 1623 finished with value: 45.380612105863996 and parameters: {'C': 701.9721599267552, 'epsilon': 26.373949202360073, 'gamma': 0.10815819650016921}. Best is trial 406 with value: 38.90494892453006.
trail number 1622
[I 2025-07-21 19:04:12,963] Trial 1622 finished with value: 48.32862233832335 and parameters: {'C': 1148.1419653484377, 'epsilon': 21.266552349261485, 'gamma': 0.16404527546430375}. Best is trial 406 with value: 38.90494892453006.
trail number 1626
[I 2025-07-21 19:04:12,978] Trial 1626 finished with value: 39.184695194300176 and parameters: {'C': 908.0865046575345, 'epsilon': 29.6489739783434, 'gamma': 0.004682406181171326}. Best is trial 406 with value: 38.90494892453006.
trail number 1629
[I 2025-07-21 19:04:12,994] Trial 1629 finished with value: 41.08848242238762 and parameters: {'C': 733.6236900399184, 'epsilon': 25.10738800651093, 'gamma': 0.0006432225582820392}. Best is trial 406 with value: 38.90494892453006.
trail number 1627
[I 2025-07-21 19:04:13,011] Trial 1627 finished with value: 45.24403274483582 and parameters: {'C': 706.4460596670343, 'epsilon': 25.484658144653853, 'gamma': 0.09725843216356177}. Best is trial 406 with value: 38.90494892453006.
trail number 1628
[I 2025-07-21 19:04:13,018] Trial 1628 finished with value: 43.93577706543473 and parameters: {'C': 901.8647204172321, 'epsilon': 25.93483083251427, 'gamma': 0.055604576665029014}. Best is trial 406 with value: 38.90494892453006.
trail number 1630
[I 2025-07-21 19:04:13,036] Trial 1630 finished with value: 44.87689851914464 and parameters: {'C': 956.4262999103723, 'epsilon': 25.59151464550384, 'gamma': 0.06482851214240301}. Best is trial 406 with value: 38.90494892453006.
trail number 1631
[I 2025-07-21 19:04:13,043] Trial 1631 finished with value: 43.06203648056748 and parameters: {'C': 810.1516988003511, 'epsilon': 23.917219728428684, 'gamma': 0.05262275550664561}. Best is trial 406 with value: 38.90494892453006.
trail number 1633
[I 2025-07-21 19:04:13,061] Trial 1633 finished with value: 44.02429884488673 and parameters: {'C': 1026.078405784932, 'epsilon': 25.669821891059502, 'gamma': 0.0531733475221525}. Best is trial 406 with value: 38.90494892453006.
trail number 1635
[I 2025-07-21 19:04:13,073] Trial 1635 finished with value: 40.04039663537357 and parameters: {'C': 813.7518136703671, 'epsilon': 22.7025262566514, 'gamma': 0.0014796640946046456}. Best is trial 406 with value: 38.90494892453006.
trail number 1632
[I 2025-07-21 19:04:13,088] Trial 1632 finished with value: 44.0578581048609 and parameters: {'C': 811.3000691056635, 'epsilon': 23.72134067308951, 'gamma': 0.06266424318335555}. Best is trial 406 with value: 38.90494892453006.
trail number 1634
[I 2025-07-21 19:04:13,104] Trial 1634 finished with value: 43.393863284095936 and parameters: {'C': 800.4467685500555, 'epsilon': 26.8324567434319, 'gamma': 0.05284675424998909}. Best is trial 406 with value: 38.90494892453006.
trail number 1636
[I 2025-07-21 19:04:13,111] Trial 1636 finished with value: 43.88510022325608 and parameters: {'C': 860.6065711987291, 'epsilon': 24.09649156291561, 'gamma': 0.0580420876842665}. Best is trial 406 with value: 38.90494892453006.
trail number 1637
[I 2025-07-21 19:04:13,119] Trial 1637 finished with value: 44.37966519174927 and parameters: {'C': 778.6939861628106, 'epsilon': 26.624923997032354, 'gamma': 0.06486065942853401}. Best is trial 406 with value: 38.90494892453006.
trail number 1638
[I 2025-07-21 19:04:13,128] Trial 1638 finished with value: 42.11759835029984 and parameters: {'C': 850.1677930890689, 'epsilon': 25.859226151468576, 'gamma': 0.000270557081098792}. Best is trial 406 with value: 38.90494892453006.
trail number 1641
[I 2025-07-21 19:04:13,163] Trial 1641 finished with value: 42.449106146112356 and parameters: {'C': 709.517455024779, 'epsilon': 20.3897659971012, 'gamma': 0.053438343852974426}. Best is trial 406 with value: 38.90494892453006.
trail number 1640
[I 2025-07-21 19:04:13,170] Trial 1640 finished with value: 45.735884316637204 and parameters: {'C': 980.2986425314209, 'epsilon': 27.792111104905274, 'gamma': 0.07967030039090206}. Best is trial 406 with value: 38.90494892453006.
trail number 1642
[I 2025-07-21 19:04:13,177] Trial 1642 finished with value: 44.13743916265092 and parameters: {'C': 703.4851814167816, 'epsilon': 26.589722243916874, 'gamma': 0.06535865044299527}. Best is trial 406 with value: 38.90494892453006.
trail number 1639
[I 2025-07-21 19:04:13,192] Trial 1639 finished with value: 43.24944383397481 and parameters: {'C': 1038.5773237970734, 'epsilon': 22.271140684686948, 'gamma': 0.048765543488870106}. Best is trial 406 with value: 38.90494892453006.
trail number 1643
[I 2025-07-21 19:04:13,207] Trial 1643 finished with value: 45.24185201013908 and parameters: {'C': 802.610888375013, 'epsilon': 24.482508518236916, 'gamma': 0.00012106038701152448}. Best is trial 406 with value: 38.90494892453006.
trail number 1644
[I 2025-07-21 19:04:13,217] Trial 1644 finished with value: 39.23435652431893 and parameters: {'C': 984.4365067911892, 'epsilon': 23.706750226578126, 'gamma': 0.0039928523437402445}. Best is trial 406 with value: 38.90494892453006.
trail number 1645
[I 2025-07-21 19:04:13,230] Trial 1645 finished with value: 40.27987915468119 and parameters: {'C': 900.1078361319273, 'epsilon': 20.999727396679695, 'gamma': 0.03093594983728009}. Best is trial 406 with value: 38.90494892453006.
trail number 1646
[I 2025-07-21 19:04:13,240] Trial 1646 finished with value: 39.73330354959107 and parameters: {'C': 863.482547149629, 'epsilon': 24.909546577072945, 'gamma': 0.0020400810959098816}. Best is trial 406 with value: 38.90494892453006.
trail number 1648
[I 2025-07-21 19:04:13,250] Trial 1648 finished with value: 40.59095784117894 and parameters: {'C': 723.9864872596224, 'epsilon': 25.109130748363256, 'gamma': 0.0008559381004352188}. Best is trial 406 with value: 38.90494892453006.
trail number 1647
[I 2025-07-21 19:04:13,268] Trial 1647 finished with value: 45.25457691977486 and parameters: {'C': 917.6856396833085, 'epsilon': 22.280187355625657, 'gamma': 0.07946884511815427}. Best is trial 406 with value: 38.90494892453006.
trail number 1649
[I 2025-07-21 19:04:13,272] Trial 1649 finished with value: 40.553259571121636 and parameters: {'C': 960.2555731471607, 'epsilon': 27.814134815192922, 'gamma': 0.0009486035284599886}. Best is trial 406 with value: 38.90494892453006.
trail number 1650
[I 2025-07-21 19:04:13,292] Trial 1650 finished with value: 39.34973591242509 and parameters: {'C': 714.964667339147, 'epsilon': 25.029796050618167, 'gamma': 0.004539345682862048}. Best is trial 406 with value: 38.90494892453006.
trail number 1651
[I 2025-07-21 19:04:13,299] Trial 1651 finished with value: 43.244620558499946 and parameters: {'C': 705.2132200081443, 'epsilon': 26.06305138019942, 'gamma': 0.05550445090676584}. Best is trial 406 with value: 38.90494892453006.
trail number 1653
[I 2025-07-21 19:04:13,311] Trial 1653 finished with value: 43.36724672932161 and parameters: {'C': 944.2376238576115, 'epsilon': 27.510640545097576, 'gamma': 0.00017632944571600948}. Best is trial 406 with value: 38.90494892453006.
trail number 1652
[I 2025-07-21 19:04:13,323] Trial 1652 finished with value: 43.554270048703884 and parameters: {'C': 1007.971512190453, 'epsilon': 26.77521914674962, 'gamma': 0.04847694634855883}. Best is trial 406 with value: 38.90494892453006.
trail number 1655
[I 2025-07-21 19:04:13,344] Trial 1655 finished with value: 44.02398340798341 and parameters: {'C': 915.9022139896198, 'epsilon': 29.795309369067233, 'gamma': 0.05376715641417604}. Best is trial 406 with value: 38.90494892453006.
trail number 1654
[I 2025-07-21 19:04:13,356] Trial 1654 finished with value: 49.1669764104976 and parameters: {'C': 1066.7275050937956, 'epsilon': 29.354041339896057, 'gamma': 0.3301022519419339}. Best is trial 406 with value: 38.90494892453006.
trail number 1657
[I 2025-07-21 19:04:13,367] Trial 1657 finished with value: 45.19315032090434 and parameters: {'C': 803.5662340013035, 'epsilon': 29.74336482453338, 'gamma': 0.08126769262914596}. Best is trial 406 with value: 38.90494892453006.
trail number 1656
[I 2025-07-21 19:04:13,373] Trial 1656 finished with value: 45.75158571082423 and parameters: {'C': 1098.466131553355, 'epsilon': 18.810378885881423, 'gamma': 0.08335722553868478}. Best is trial 406 with value: 38.90494892453006.
trail number 1658
[I 2025-07-21 19:04:13,391] Trial 1658 finished with value: 44.22227042010609 and parameters: {'C': 706.5323011754663, 'epsilon': 27.420153700515137, 'gamma': 0.06625792778882678}. Best is trial 406 with value: 38.90494892453006.
trail number 1661
[I 2025-07-21 19:04:13,412] Trial 1661 finished with value: 43.90841006627987 and parameters: {'C': 795.9165758582878, 'epsilon': 27.666168729641086, 'gamma': 0.05749313817081565}. Best is trial 406 with value: 38.90494892453006.
trail number 1660
[I 2025-07-21 19:04:13,418] Trial 1660 finished with value: 44.460421831968894 and parameters: {'C': 809.7923812442211, 'epsilon': 27.11001289264675, 'gamma': 0.06450960204257011}. Best is trial 406 with value: 38.90494892453006.
trail number 1659
[I 2025-07-21 19:04:13,424] Trial 1659 finished with value: 46.587164459697135 and parameters: {'C': 1335.543680637103, 'epsilon': 10.511701957884712, 'gamma': 0.09425563127465925}. Best is trial 406 with value: 38.90494892453006.
trail number 1662
[I 2025-07-21 19:04:13,435] Trial 1662 finished with value: 48.42197467999115 and parameters: {'C': 707.3749993724175, 'epsilon': 13.371909659092584, 'gamma': 0.34568815311282314}. Best is trial 406 with value: 38.90494892453006.
trail number 1666
[I 2025-07-21 19:04:13,462] Trial 1666 finished with value: 39.760911143799234 and parameters: {'C': 990.5960267093271, 'epsilon': 25.810486794579045, 'gamma': 0.002037196712418636}. Best is trial 406 with value: 38.90494892453006.
trail number 1665
[I 2025-07-21 19:04:13,474] Trial 1665 finished with value: 42.196519780029575 and parameters: {'C': 919.3709701862377, 'epsilon': 24.668242153141673, 'gamma': 0.042090677678542604}. Best is trial 406 with value: 38.90494892453006.
trail number 1663
[I 2025-07-21 19:04:13,474] Trial 1663 finished with value: 45.340917240980644 and parameters: {'C': 925.7610062592508, 'epsilon': 25.533802061512763, 'gamma': 0.07342236619612093}. Best is trial 406 with value: 38.90494892453006.
trail number 1664
[I 2025-07-21 19:04:13,487] Trial 1664 finished with value: 43.81147832627435 and parameters: {'C': 1031.0487699604928, 'epsilon': 22.47665995810777, 'gamma': 0.05396570664314598}. Best is trial 406 with value: 38.90494892453006.
trail number 1667
[I 2025-07-21 19:04:13,504] Trial 1667 finished with value: 39.37487963167898 and parameters: {'C': 965.4093965582243, 'epsilon': 20.84139965586312, 'gamma': 0.008352236791649804}. Best is trial 406 with value: 38.90494892453006.
trail number 1669
[I 2025-07-21 19:04:13,522] Trial 1669 finished with value: 39.232671810034105 and parameters: {'C': 922.0863887199375, 'epsilon': 21.360451400216128, 'gamma': 0.005649384737361299}. Best is trial 406 with value: 38.90494892453006.
trail number 1671
[I 2025-07-21 19:04:13,533] Trial 1671 finished with value: 40.44117839338078 and parameters: {'C': 709.2470331269114, 'epsilon': 29.971428948642227, 'gamma': 0.0016359983099430136}. Best is trial 406 with value: 38.90494892453006.
trail number 1670
[I 2025-07-21 19:04:13,539] Trial 1670 finished with value: 39.61263958605214 and parameters: {'C': 859.1593193531376, 'epsilon': 28.993763962825494, 'gamma': 0.0024851164345266593}. Best is trial 406 with value: 38.90494892453006.
trail number 1668
[I 2025-07-21 19:04:13,554] Trial 1668 finished with value: 46.44564701000579 and parameters: {'C': 896.5418689167446, 'epsilon': 24.47037759406657, 'gamma': 0.1158265844952822}. Best is trial 406 with value: 38.90494892453006.
trail number 1672
[I 2025-07-21 19:04:13,576] Trial 1672 finished with value: 43.644844673326716 and parameters: {'C': 822.3687452715786, 'epsilon': 26.055250939166893, 'gamma': 0.05534641975878969}. Best is trial 406 with value: 38.90494892453006.
trail number 1673
[I 2025-07-21 19:04:13,589] Trial 1673 finished with value: 43.25603885441284 and parameters: {'C': 874.7945456143578, 'epsilon': 23.431697935617045, 'gamma': 0.05252644600169168}. Best is trial 406 with value: 38.90494892453006.
trail number 1674
[I 2025-07-21 19:04:13,601] Trial 1674 finished with value: 44.70851006637148 and parameters: {'C': 714.3539746675325, 'epsilon': 23.2898288495457, 'gamma': 0.08155318699340212}. Best is trial 406 with value: 38.90494892453006.
trail number 1675
[I 2025-07-21 19:04:13,608] Trial 1675 finished with value: 49.826468004427014 and parameters: {'C': 1133.6409206658063, 'epsilon': 9.753619301718578, 'gamma': 0.4788738213441818}. Best is trial 406 with value: 38.90494892453006.
trail number 1676
[I 2025-07-21 19:04:13,618] Trial 1676 finished with value: 39.07113943613136 and parameters: {'C': 702.3481849949819, 'epsilon': 27.07777063746585, 'gamma': 0.007005424960554365}. Best is trial 406 with value: 38.90494892453006.
trail number 1677
[I 2025-07-21 19:04:13,632] Trial 1677 finished with value: 42.55707607118437 and parameters: {'C': 705.2025370169994, 'epsilon': 28.32260532645111, 'gamma': 0.04824222277707025}. Best is trial 406 with value: 38.90494892453006.
trail number 1678
[I 2025-07-21 19:04:13,654] Trial 1678 finished with value: 44.26768474339565 and parameters: {'C': 958.3487775208054, 'epsilon': 24.241595315989617, 'gamma': 0.05892792596840257}. Best is trial 406 with value: 38.90494892453006.
trail number 1679
[I 2025-07-21 19:04:13,667] Trial 1679 finished with value: 46.69611973561372 and parameters: {'C': 949.9936264281885, 'epsilon': 21.7676593046832, 'gamma': 0.12120123899060385}. Best is trial 406 with value: 38.90494892453006.
trail number 1680
[I 2025-07-21 19:04:13,668] Trial 1680 finished with value: 43.4721399558539 and parameters: {'C': 940.3829077497446, 'epsilon': 23.152385238457434, 'gamma': 0.05269136098619428}. Best is trial 406 with value: 38.90494892453006.
trail number 1681
[I 2025-07-21 19:04:13,680] Trial 1681 finished with value: 44.89076073266667 and parameters: {'C': 1044.3906252876277, 'epsilon': 23.621082524414575, 'gamma': 0.0637472785247052}. Best is trial 406 with value: 38.90494892453006.
trail number 1682
[I 2025-07-21 19:04:13,693] Trial 1682 finished with value: 39.02424561977807 and parameters: {'C': 706.2926879229285, 'epsilon': 27.52870974511239, 'gamma': 0.007434237756232836}. Best is trial 406 with value: 38.90494892453006.
trail number 1683
