[I 2025-07-21 19:04:37,578] Trial 3266 finished with value: 42.68936268815952 and parameters: {'C': 851.8664740918475, 'epsilon': 20.572721333905324, 'gamma': 0.050309248557766875}. Best is trial 406 with value: 38.90494892453006.
trail number 3268
[I 2025-07-21 19:04:37,578] Trial 3268 finished with value: 42.42823601297687 and parameters: {'C': 704.7671335146536, 'epsilon': 23.91669601558565, 'gamma': 0.05129826572471693}. Best is trial 406 with value: 38.90494892453006.
trail number 3272
[I 2025-07-21 19:04:37,615] Trial 3272 finished with value: 39.27916320147284 and parameters: {'C': 943.2519605361139, 'epsilon': 27.56040773463655, 'gamma': 0.0035414875912132184}. Best is trial 406 with value: 38.90494892453006.
trail number 3271
[I 2025-07-21 19:04:37,626] Trial 3271 finished with value: 40.28040047832972 and parameters: {'C': 829.3954950978314, 'epsilon': 27.43117636661966, 'gamma': 0.0015294802033973065}. Best is trial 406 with value: 38.90494892453006.
trail number 3270
[I 2025-07-21 19:04:37,640] Trial 3270 finished with value: 45.46392331199407 and parameters: {'C': 1139.8245370574577, 'epsilon': 25.070657601988696, 'gamma': 0.06451189572162866}. Best is trial 406 with value: 38.90494892453006.
trail number 3269
[I 2025-07-21 19:04:37,646] Trial 3269 finished with value: 46.35687318274531 and parameters: {'C': 977.2488661222033, 'epsilon': 22.277778938633215, 'gamma': 0.10785024098053911}. Best is trial 406 with value: 38.90494892453006.
trail number 3275
[I 2025-07-21 19:04:37,682] Trial 3275 finished with value: 41.21775704466228 and parameters: {'C': 761.265077710741, 'epsilon': 26.773993785586104, 'gamma': 0.0005789982172671355}. Best is trial 406 with value: 38.90494892453006.
trail number 3273
[I 2025-07-21 19:04:37,691] Trial 3273 finished with value: 40.02018612429431 and parameters: {'C': 868.4826431417458, 'epsilon': 26.779659549095726, 'gamma': 0.0017728186479257363}. Best is trial 406 with value: 38.90494892453006.
trail number 3276
[I 2025-07-21 19:04:37,714] Trial 3276 finished with value: 44.142387940441395 and parameters: {'C': 1086.710237768554, 'epsilon': 25.511898867236827, 'gamma': 0.05283809753326462}. Best is trial 406 with value: 38.90494892453006.
trail number 3274
[I 2025-07-21 19:04:37,724] Trial 3274 finished with value: 47.67226119440649 and parameters: {'C': 1116.6751884227126, 'epsilon': 25.27960523848257, 'gamma': 0.11888429321100821}. Best is trial 406 with value: 38.90494892453006.
trail number 3277
[I 2025-07-21 19:04:37,749] Trial 3277 finished with value: 43.078306176059165 and parameters: {'C': 766.8903464807356, 'epsilon': 23.114957328652864, 'gamma': 0.054768200945560674}. Best is trial 406 with value: 38.90494892453006.
trail number 3279
[I 2025-07-21 19:04:37,759] Trial 3279 finished with value: 41.12625687358105 and parameters: {'C': 832.4120415209169, 'epsilon': 27.925316927683628, 'gamma': 0.0006429124750658398}. Best is trial 406 with value: 38.90494892453006.
trail number 3278
[I 2025-07-21 19:04:37,759] Trial 3278 finished with value: 46.1148042592783 and parameters: {'C': 891.9426328696281, 'epsilon': 25.388637512768643, 'gamma': 0.10733013849915314}. Best is trial 406 with value: 38.90494892453006.
trail number 3280
[I 2025-07-21 19:04:37,787] Trial 3280 finished with value: 43.30697635690622 and parameters: {'C': 775.3988913529447, 'epsilon': 25.30333316061939, 'gamma': 0.054387520149400514}. Best is trial 406 with value: 38.90494892453006.
trail number 3281
[I 2025-07-21 19:04:37,816] Trial 3281 finished with value: 42.798968617185366 and parameters: {'C': 814.6255714595458, 'epsilon': 29.923483216911556, 'gamma': 0.04565412443013049}. Best is trial 406 with value: 38.90494892453006.
trail number 3282
[I 2025-07-21 19:04:37,826] Trial 3282 finished with value: 44.25577918191845 and parameters: {'C': 1008.7377460259165, 'epsilon': 23.099879325284498, 'gamma': 0.058767798384240726}. Best is trial 406 with value: 38.90494892453006.
trail number 3283
[I 2025-07-21 19:04:37,833] Trial 3283 finished with value: 44.32967032244167 and parameters: {'C': 882.9557257312927, 'epsilon': 23.84580254489098, 'gamma': 0.06262686742760372}. Best is trial 406 with value: 38.90494892453006.
trail number 3284
[I 2025-07-21 19:04:37,850] Trial 3284 finished with value: 44.74927751215229 and parameters: {'C': 897.1538133971688, 'epsilon': 27.697839891100582, 'gamma': 0.06477996674887752}. Best is trial 406 with value: 38.90494892453006.
trail number 3287
[I 2025-07-21 19:04:37,878] Trial 3287 finished with value: 39.33053527806344 and parameters: {'C': 772.988253686636, 'epsilon': 25.39386212747641, 'gamma': 0.0042403215728545034}. Best is trial 406 with value: 38.90494892453006.
trail number 3288
[I 2025-07-21 19:04:37,898] Trial 3288 finished with value: 43.24365327032463 and parameters: {'C': 700.754840161884, 'epsilon': 25.363600327125848, 'gamma': 0.056353103321805195}. Best is trial 406 with value: 38.90494892453006.
trail number 3286
[I 2025-07-21 19:04:37,908] Trial 3286 finished with value: 43.468411429356294 and parameters: {'C': 984.809268652127, 'epsilon': 25.728138627342318, 'gamma': 0.04927479728589256}. Best is trial 406 with value: 38.90494892453006.
trail number 3285
[I 2025-07-21 19:04:37,915] Trial 3285 finished with value: 44.65446558946734 and parameters: {'C': 957.1196256785254, 'epsilon': 27.943195653875947, 'gamma': 0.060925521637939316}. Best is trial 406 with value: 38.90494892453006.
trail number 3289
[I 2025-07-21 19:04:37,945] Trial 3289 finished with value: 43.35372077690211 and parameters: {'C': 965.8826291229562, 'epsilon': 25.68898302265896, 'gamma': 0.04870026573027884}. Best is trial 406 with value: 38.90494892453006.
trail number 3292
[I 2025-07-21 19:04:37,969] Trial 3292 finished with value: 44.04659256929186 and parameters: {'C': 777.8918792863922, 'epsilon': 29.70577413341477, 'gamma': 0.05945588303682985}. Best is trial 406 with value: 38.90494892453006.
trail number 3291
[I 2025-07-21 19:04:37,980] Trial 3291 finished with value: 44.71244380062426 and parameters: {'C': 1109.2324804625844, 'epsilon': 29.98300104681512, 'gamma': 0.054962997972641904}. Best is trial 406 with value: 38.90494892453006.
trail number 3290
[I 2025-07-21 19:04:37,987] Trial 3290 finished with value: 43.623127883455865 and parameters: {'C': 980.6828418551924, 'epsilon': 26.402316331173758, 'gamma': 0.05018799773111288}. Best is trial 406 with value: 38.90494892453006.
trail number 3295
[I 2025-07-21 19:04:38,019] Trial 3295 finished with value: 43.050974443167455 and parameters: {'C': 725.3201392153215, 'epsilon': 24.460376127371184, 'gamma': 0.00021964092584647772}. Best is trial 406 with value: 38.90494892453006.
trail number 3294
[I 2025-07-21 19:04:38,033] Trial 3294 finished with value: 41.38154248996928 and parameters: {'C': 706.5110704543778, 'epsilon': 26.585127174340176, 'gamma': 0.0005047906910960569}. Best is trial 406 with value: 38.90494892453006.
trail number 3293
[I 2025-07-21 19:04:38,033] Trial 3293 finished with value: 43.20475471344562 and parameters: {'C': 923.360585630385, 'epsilon': 25.564292787918646, 'gamma': 0.04875591119279648}. Best is trial 406 with value: 38.90494892453006.
trail number 3296
[I 2025-07-21 19:04:38,066] Trial 3296 finished with value: 45.538567078490246 and parameters: {'C': 784.2637382926576, 'epsilon': 27.28203012908792, 'gamma': 0.09997010476344773}. Best is trial 406 with value: 38.90494892453006.
trail number 3298
[I 2025-07-21 19:04:38,082] Trial 3298 finished with value: 40.20960378496702 and parameters: {'C': 980.1475415819353, 'epsilon': 27.54943975189206, 'gamma': 0.0013450397946057468}. Best is trial 406 with value: 38.90494892453006.
trail number 3297
[I 2025-07-21 19:04:38,097] Trial 3297 finished with value: 48.01740354569047 and parameters: {'C': 1405.2163295197186, 'epsilon': 17.99267127686191, 'gamma': 0.3170001605851479}. Best is trial 406 with value: 38.90494892453006.
trail number 3299
[I 2025-07-21 19:04:38,107] Trial 3299 finished with value: 42.827236837921525 and parameters: {'C': 700.5875399451108, 'epsilon': 27.216257405328506, 'gamma': 0.05121639946873665}. Best is trial 406 with value: 38.90494892453006.
trail number 3300
[I 2025-07-21 19:04:38,122] Trial 3300 finished with value: 39.71106095901668 and parameters: {'C': 1010.7279987808248, 'epsilon': 25.49540014526743, 'gamma': 0.0020685125293032833}. Best is trial 406 with value: 38.90494892453006.
trail number 3301
[I 2025-07-21 19:04:38,137] Trial 3301 finished with value: 40.212493418983506 and parameters: {'C': 915.0885056179068, 'epsilon': 28.522879254777276, 'gamma': 0.0013994275613740817}. Best is trial 406 with value: 38.90494892453006.
trail number 3302
[I 2025-07-21 19:04:38,165] Trial 3302 finished with value: 42.298052649522 and parameters: {'C': 803.1025775572657, 'epsilon': 24.427779087925312, 'gamma': 0.04613746738329086}. Best is trial 406 with value: 38.90494892453006.
trail number 3304
[I 2025-07-21 19:04:38,180] Trial 3304 finished with value: 43.003821642128806 and parameters: {'C': 777.469593028592, 'epsilon': 27.749785253350606, 'gamma': 0.04960616068790163}. Best is trial 406 with value: 38.90494892453006.
trail number 3303
[I 2025-07-21 19:04:38,190] Trial 3303 finished with value: 45.88158082849988 and parameters: {'C': 940.5550748649459, 'epsilon': 16.699102856458644, 'gamma': 0.11161982971683879}. Best is trial 406 with value: 38.90494892453006.
trail number 3305
[I 2025-07-21 19:04:38,197] Trial 3305 finished with value: 44.108380272050795 and parameters: {'C': 879.9572403124799, 'epsilon': 22.85349371971625, 'gamma': 0.06184663489911579}. Best is trial 406 with value: 38.90494892453006.
trail number 3306
[I 2025-07-21 19:04:38,216] Trial 3306 finished with value: 39.40414290225708 and parameters: {'C': 839.9502879738264, 'epsilon': 25.213770510040465, 'gamma': 0.0034065626633822555}. Best is trial 406 with value: 38.90494892453006.
trail number 3308
[I 2025-07-21 19:04:38,243] Trial 3308 finished with value: 39.21292628792105 and parameters: {'C': 797.6023808093707, 'epsilon': 21.517623232691527, 'gamma': 0.006097128206049173}. Best is trial 406 with value: 38.90494892453006.
trail number 3307
[I 2025-07-21 19:04:38,259] Trial 3307 finished with value: 42.2355095740131 and parameters: {'C': 927.1581027918236, 'epsilon': 23.424873204581264, 'gamma': 0.04325822501957435}. Best is trial 406 with value: 38.90494892453006.
trail number 3310
[I 2025-07-21 19:04:38,269] Trial 3310 finished with value: 43.79984616303927 and parameters: {'C': 943.1698305540522, 'epsilon': 23.316963428680037, 'gamma': 0.055472986216399664}. Best is trial 406 with value: 38.90494892453006.
trail number 3309
[I 2025-07-21 19:04:38,279] Trial 3309 finished with value: 45.685145439053464 and parameters: {'C': 867.8681808803351, 'epsilon': 27.159709906528644, 'gamma': 0.09344337982630666}. Best is trial 406 with value: 38.90494892453006.
trail number 3311
[I 2025-07-21 19:04:38,294] Trial 3311 finished with value: 40.234845785738386 and parameters: {'C': 878.6251310030992, 'epsilon': 29.812387823371942, 'gamma': 0.0015652367737206442}. Best is trial 406 with value: 38.90494892453006.
trail number 3312
[I 2025-07-21 19:04:38,324] Trial 3312 finished with value: 42.12277289553664 and parameters: {'C': 843.4114018066846, 'epsilon': 26.272819266090035, 'gamma': 0.00027526423175742824}. Best is trial 406 with value: 38.90494892453006.
trail number 3314
[I 2025-07-21 19:04:38,342] Trial 3314 finished with value: 43.99865729108103 and parameters: {'C': 801.3736476930255, 'epsilon': 27.473878373786384, 'gamma': 0.05838927620119682}. Best is trial 406 with value: 38.90494892453006.
trail number 3313
[I 2025-07-21 19:04:38,350] Trial 3313 finished with value: 45.342854263782755 and parameters: {'C': 784.394854907483, 'epsilon': 27.678077840670117, 'gamma': 0.08694348245086636}. Best is trial 406 with value: 38.90494892453006.
trail number 3315
[I 2025-07-21 19:04:38,369] Trial 3315 finished with value: 42.84364434127954 and parameters: {'C': 815.4923341988639, 'epsilon': 27.774015543242214, 'gamma': 0.04713293445900684}. Best is trial 406 with value: 38.90494892453006.
trail number 3317
[I 2025-07-21 19:04:38,404] Trial 3317 finished with value: 43.94040961923771 and parameters: {'C': 932.7715032939338, 'epsilon': 19.665664168370675, 'gamma': 0.062175703940559074}. Best is trial 406 with value: 38.90494892453006.
trail number 3318
[I 2025-07-21 19:04:38,414] Trial 3318 finished with value: 48.38822364983935 and parameters: {'C': 1057.2389387863007, 'epsilon': 20.228169406489304, 'gamma': 0.15557249321234523}. Best is trial 406 with value: 38.90494892453006.
trail number 3319
[I 2025-07-21 19:04:38,424] Trial 3319 finished with value: 39.20616136386697 and parameters: {'C': 1059.5009581435465, 'epsilon': 22.431084305348477, 'gamma': 0.005152755486578749}. Best is trial 406 with value: 38.90494892453006.
trail number 3316
[I 2025-07-21 19:04:38,434] Trial 3316 finished with value: 42.48041893837528 and parameters: {'C': 930.1618048203428, 'epsilon': 19.838156905431603, 'gamma': 0.047340097353738717}. Best is trial 406 with value: 38.90494892453006.
trail number 3320
[I 2025-07-21 19:04:38,467] Trial 3320 finished with value: 45.08084916051525 and parameters: {'C': 815.4200472227319, 'epsilon': 28.226946499166193, 'gamma': 0.00013489287167604315}. Best is trial 406 with value: 38.90494892453006.
trail number 3323
[I 2025-07-21 19:04:38,482] Trial 3323 finished with value: 41.08622772547215 and parameters: {'C': 829.7001305644636, 'epsilon': 24.831613420301228, 'gamma': 0.0005789833955317479}. Best is trial 406 with value: 38.90494892453006.
trail number 3321
[I 2025-07-21 19:04:38,500] Trial 3321 finished with value: 42.823709414317385 and parameters: {'C': 785.3695474511609, 'epsilon': 22.6883433084602, 'gamma': 0.05263420422039292}. Best is trial 406 with value: 38.90494892453006.
trail number 3322
[I 2025-07-21 19:04:38,516] Trial 3322 finished with value: 42.98305848747791 and parameters: {'C': 701.6713944507056, 'epsilon': 25.716604856794127, 'gamma': 0.05389614501946661}. Best is trial 406 with value: 38.90494892453006.
trail number 3324
[I 2025-07-21 19:04:38,530] Trial 3324 finished with value: 39.32681316108465 and parameters: {'C': 982.5296365677075, 'epsilon': 21.07169894085124, 'gamma': 0.0037562395753643323}. Best is trial 406 with value: 38.90494892453006.
trail number 3326
[I 2025-07-21 19:04:38,559] Trial 3326 finished with value: 45.89210445523918 and parameters: {'C': 840.368744427992, 'epsilon': 24.584322514214545, 'gamma': 0.10793624364590068}. Best is trial 406 with value: 38.90494892453006.
trail number 3325
[I 2025-07-21 19:04:38,571] Trial 3325 finished with value: 43.49904197243848 and parameters: {'C': 1034.206741325953, 'epsilon': 24.472898832498448, 'gamma': 0.049278677819986086}. Best is trial 406 with value: 38.90494892453006.
trail number 3327
[I 2025-07-21 19:04:38,583] Trial 3327 finished with value: 39.27805635561102 and parameters: {'C': 1185.0108695863264, 'epsilon': 21.81959975842494, 'gamma': 0.005248274677752176}. Best is trial 406 with value: 38.90494892453006.
trail number 3328
[I 2025-07-21 19:04:38,599] Trial 3328 finished with value: 43.922069707252355 and parameters: {'C': 1007.9003029995345, 'epsilon': 24.70927956007996, 'gamma': 0.053661199927024714}. Best is trial 406 with value: 38.90494892453006.
trail number 3331
[I 2025-07-21 19:04:38,629] Trial 3331 finished with value: 41.21839269395975 and parameters: {'C': 882.3999586168554, 'epsilon': 26.57369169456029, 'gamma': 0.0005073374604438099}. Best is trial 406 with value: 38.90494892453006.
trail number 3329
[I 2025-07-21 19:04:38,639] Trial 3329 finished with value: 43.40373790636787 and parameters: {'C': 871.4149885578875, 'epsilon': 26.44189007254361, 'gamma': 0.051178478213413675}. Best is trial 406 with value: 38.90494892453006.
trail number 3332
[I 2025-07-21 19:04:38,642] Trial 3332 finished with value: 40.284307718936844 and parameters: {'C': 904.7540818448598, 'epsilon': 23.736772727494294, 'gamma': 0.0011429913856148746}. Best is trial 406 with value: 38.90494892453006.
trail number 3330
[I 2025-07-21 19:04:38,667] Trial 3330 finished with value: 47.82423122158405 and parameters: {'C': 810.7275182327755, 'epsilon': 26.545792870877747, 'gamma': 0.1763438656881445}. Best is trial 406 with value: 38.90494892453006.
trail number 3334
[I 2025-07-21 19:04:38,691] Trial 3334 finished with value: 40.18289221041607 and parameters: {'C': 776.0621019028398, 'epsilon': 24.459960930738756, 'gamma': 0.0013348768821508025}. Best is trial 406 with value: 38.90494892453006.
trail number 3335
[I 2025-07-21 19:04:38,702] Trial 3335 finished with value: 39.47545957981276 and parameters: {'C': 990.8179141696494, 'epsilon': 23.919319471593425, 'gamma': 0.002977551953491992}. Best is trial 406 with value: 38.90494892453006.
trail number 3333
[I 2025-07-21 19:04:38,729] Trial 3333 finished with value: 46.63657476631803 and parameters: {'C': 964.144159220566, 'epsilon': 27.27301847217578, 'gamma': 0.11017062041992945}. Best is trial 406 with value: 38.90494892453006.
trail number 3336
[I 2025-07-21 19:04:38,748] Trial 3336 finished with value: 45.99675856716196 and parameters: {'C': 961.5710927510726, 'epsilon': 24.649559792199817, 'gamma': 0.09545702207286527}. Best is trial 406 with value: 38.90494892453006.
trail number 3338
[I 2025-07-21 19:04:38,767] Trial 3338 finished with value: 45.915480497823125 and parameters: {'C': 927.8877547442221, 'epsilon': 23.041398725682416, 'gamma': 0.09917923865925296}. Best is trial 406 with value: 38.90494892453006.
trail number 3337
[I 2025-07-21 19:04:38,777] Trial 3337 finished with value: 45.59021434271296 and parameters: {'C': 1140.7156157607994, 'epsilon': 21.858533466693704, 'gamma': 0.07119008248375784}. Best is trial 406 with value: 38.90494892453006.
trail number 3339
[I 2025-07-21 19:04:38,812] Trial 3339 finished with value: 46.588761177643555 and parameters: {'C': 983.6241744587919, 'epsilon': 23.74982457421078, 'gamma': 0.11063187018994662}. Best is trial 406 with value: 38.90494892453006.
trail number 3340
[I 2025-07-21 19:04:38,823] Trial 3340 finished with value: 44.37551272733409 and parameters: {'C': 732.4153424404851, 'epsilon': 29.943618911841234, 'gamma': 0.06660572948035642}. Best is trial 406 with value: 38.90494892453006.
trail number 3342
[I 2025-07-21 19:04:38,832] Trial 3342 finished with value: 43.84919380407374 and parameters: {'C': 792.2320768585893, 'epsilon': 25.13118246087035, 'gamma': 0.058899631133012394}. Best is trial 406 with value: 38.90494892453006.
trail number 3341
[I 2025-07-21 19:04:38,841] Trial 3341 finished with value: 42.9777458233276 and parameters: {'C': 727.6454585521913, 'epsilon': 18.793753827585146, 'gamma': 0.06006894326320063}. Best is trial 406 with value: 38.90494892453006.
trail number 3345
[I 2025-07-21 19:04:38,883] Trial 3345 finished with value: 42.80465795435255 and parameters: {'C': 701.1086268680959, 'epsilon': 26.13001096001471, 'gamma': 0.05210250052373342}. Best is trial 406 with value: 38.90494892453006.
trail number 3343
[I 2025-07-21 19:04:38,895] Trial 3343 finished with value: 44.29140775829878 and parameters: {'C': 705.6023992114929, 'epsilon': 28.461627838648123, 'gamma': 0.06755448265940166}. Best is trial 406 with value: 38.90494892453006.
trail number 3344
[I 2025-07-21 19:04:38,906] Trial 3344 finished with value: 45.63240028884651 and parameters: {'C': 785.0353358382821, 'epsilon': 23.579340372666028, 'gamma': 0.10795853834508588}. Best is trial 406 with value: 38.90494892453006.
trail number 3346
[I 2025-07-21 19:04:38,915] Trial 3346 finished with value: 45.62243440661884 and parameters: {'C': 810.4476686450599, 'epsilon': 22.49338715683162, 'gamma': 0.1061622049650221}. Best is trial 406 with value: 38.90494892453006.
trail number 3349
[I 2025-07-21 19:04:38,949] Trial 3349 finished with value: 39.51804341744021 and parameters: {'C': 784.399265921191, 'epsilon': 22.294114628262292, 'gamma': 0.003000692411016498}. Best is trial 406 with value: 38.90494892453006.
trail number 3350
[I 2025-07-21 19:04:38,971] Trial 3350 finished with value: 45.527813978565504 and parameters: {'C': 894.4178860758254, 'epsilon': 29.6080372726038, 'gamma': 0.08856762320640355}. Best is trial 406 with value: 38.90494892453006.
trail number 3347
[I 2025-07-21 19:04:38,981] Trial 3347 finished with value: 40.373398655685484 and parameters: {'C': 969.719774383253, 'epsilon': 8.939051305379603, 'gamma': 0.03792661744484563}. Best is trial 406 with value: 38.90494892453006.
trail number 3348
[I 2025-07-21 19:04:38,987] Trial 3348 finished with value: 48.80953754030274 and parameters: {'C': 953.7118938653606, 'epsilon': 8.446657704680282, 'gamma': 0.23417802997164705}. Best is trial 406 with value: 38.90494892453006.
trail number 3351
[I 2025-07-21 19:04:39,001] Trial 3351 finished with value: 40.47902291624044 and parameters: {'C': 948.9126509630911, 'epsilon': 25.934554452814616, 'gamma': 0.000755599681195724}. Best is trial 406 with value: 38.90494892453006.
trail number 3352
[I 2025-07-21 19:04:39,042] Trial 3352 finished with value: 43.06319843352527 and parameters: {'C': 856.7790110502254, 'epsilon': 23.783498243642693, 'gamma': 0.05131910089247959}. Best is trial 406 with value: 38.90494892453006.
trail number 3354
[I 2025-07-21 19:04:39,052] Trial 3354 finished with value: 43.46182073150426 and parameters: {'C': 903.527392070657, 'epsilon': 26.653871864530714, 'gamma': 0.05063576865300368}. Best is trial 406 with value: 38.90494892453006.
trail number 3353
[I 2025-07-21 19:04:39,054] Trial 3353 finished with value: 45.462557690556835 and parameters: {'C': 782.44252509716, 'epsilon': 27.546354227459734, 'gamma': 0.09756359948206296}. Best is trial 406 with value: 38.90494892453006.
trail number 3355
