[I 2025-07-21 19:04:23,491] Trial 2386 finished with value: 43.39416492129063 and parameters: {'C': 771.0434017496112, 'epsilon': 20.843082565133255, 'gamma': 0.05935030735167167}. Best is trial 406 with value: 38.90494892453006.
trail number 2387
[I 2025-07-21 19:04:23,499] Trial 2387 finished with value: 44.63594335027936 and parameters: {'C': 705.0063215005844, 'epsilon': 23.2033606745398, 'gamma': 0.08041637650250391}. Best is trial 406 with value: 38.90494892453006.
trail number 2389
[I 2025-07-21 19:04:23,521] Trial 2389 finished with value: 50.3161179724342 and parameters: {'C': 1321.6549327532207, 'epsilon': 13.274934702040053, 'gamma': 0.4838810797542118}. Best is trial 406 with value: 38.90494892453006.
trail number 2390
[I 2025-07-21 19:04:23,530] Trial 2390 finished with value: 43.84092247600478 and parameters: {'C': 760.1429495708633, 'epsilon': 21.762403803913852, 'gamma': 0.06477451552060087}. Best is trial 406 with value: 38.90494892453006.
trail number 2391
[I 2025-07-21 19:04:23,549] Trial 2391 finished with value: 44.18749968895453 and parameters: {'C': 706.83174517184, 'epsilon': 20.42296904978642, 'gamma': 0.07574137307800291}. Best is trial 406 with value: 38.90494892453006.
trail number 2392
[I 2025-07-21 19:04:23,564] Trial 2392 finished with value: 43.69738037700529 and parameters: {'C': 1030.4129158655464, 'epsilon': 27.67960028657277, 'gamma': 0.04885653937765436}. Best is trial 406 with value: 38.90494892453006.
trail number 2394
[I 2025-07-21 19:04:23,573] Trial 2394 finished with value: 39.06166320393007 and parameters: {'C': 1053.9944102632905, 'epsilon': 26.952930311652175, 'gamma': 0.005625003587133827}. Best is trial 406 with value: 38.90494892453006.
trail number 2393
[I 2025-07-21 19:04:23,586] Trial 2393 finished with value: 39.06660726732836 and parameters: {'C': 700.2595767110957, 'epsilon': 27.711391026891793, 'gamma': 0.006013247584556921}. Best is trial 406 with value: 38.90494892453006.
trail number 2395
[I 2025-07-21 19:04:23,599] Trial 2395 finished with value: 42.105776369235045 and parameters: {'C': 700.6152662868499, 'epsilon': 26.093539088773397, 'gamma': 0.04672939334699945}. Best is trial 406 with value: 38.90494892453006.
trail number 2397
[I 2025-07-21 19:04:23,614] Trial 2397 finished with value: 39.60441072269178 and parameters: {'C': 779.7434288123297, 'epsilon': 28.061497989625376, 'gamma': 0.002554774850868656}. Best is trial 406 with value: 38.90494892453006.
trail number 2396
[I 2025-07-21 19:04:23,627] Trial 2396 finished with value: 40.51687154676552 and parameters: {'C': 934.2972151021332, 'epsilon': 23.247109042545617, 'gamma': 0.0010046613241072484}. Best is trial 406 with value: 38.90494892453006.
trail number 2399
[I 2025-07-21 19:04:23,649] Trial 2399 finished with value: 42.917061626255474 and parameters: {'C': 870.637170644725, 'epsilon': 28.15224983561491, 'gamma': 0.045846572271029104}. Best is trial 406 with value: 38.90494892453006.
trail number 2400
[I 2025-07-21 19:04:23,663] Trial 2400 finished with value: 41.821014329307424 and parameters: {'C': 884.5162753398915, 'epsilon': 24.33521242049855, 'gamma': 0.040420382701785294}. Best is trial 406 with value: 38.90494892453006.
trail number 2398
[I 2025-07-21 19:04:23,671] Trial 2398 finished with value: 44.2629045728918 and parameters: {'C': 860.4228551151398, 'epsilon': 24.310718000565206, 'gamma': 0.062133250043737785}. Best is trial 406 with value: 38.90494892453006.
trail number 2401
[I 2025-07-21 19:04:23,688] Trial 2401 finished with value: 42.574829931532626 and parameters: {'C': 884.2937301066254, 'epsilon': 28.09383997580136, 'gamma': 0.0430106286986966}. Best is trial 406 with value: 38.90494892453006.
trail number 2402
[I 2025-07-21 19:04:23,705] Trial 2402 finished with value: 43.49842335465097 and parameters: {'C': 965.8758392467782, 'epsilon': 28.214579162961936, 'gamma': 0.04826813462788465}. Best is trial 406 with value: 38.90494892453006.
trail number 2403
[I 2025-07-21 19:04:23,724] Trial 2403 finished with value: 43.201594967125466 and parameters: {'C': 860.1121864218562, 'epsilon': 21.189164285577736, 'gamma': 0.05401270964475628}. Best is trial 406 with value: 38.90494892453006.
trail number 2405
[I 2025-07-21 19:04:23,733] Trial 2405 finished with value: 41.579123348129535 and parameters: {'C': 787.9007611368593, 'epsilon': 28.75743569421829, 'gamma': 0.00043392026390423437}. Best is trial 406 with value: 38.90494892453006.
trail number 2404
[I 2025-07-21 19:04:23,743] Trial 2404 finished with value: 44.46157159990011 and parameters: {'C': 818.785778146956, 'epsilon': 27.223821063036052, 'gamma': 0.06406208947877114}. Best is trial 406 with value: 38.90494892453006.
trail number 2406
[I 2025-07-21 19:04:23,755] Trial 2406 finished with value: 43.983135487859755 and parameters: {'C': 788.039323573768, 'epsilon': 27.844612264657716, 'gamma': 0.05854419027667238}. Best is trial 406 with value: 38.90494892453006.
trail number 2408
[I 2025-07-21 19:04:23,784] Trial 2408 finished with value: 41.61703813478867 and parameters: {'C': 1010.3219108913959, 'epsilon': 21.24857056786213, 'gamma': 0.0002716652169890456}. Best is trial 406 with value: 38.90494892453006.
trail number 2407
[I 2025-07-21 19:04:23,801] Trial 2407 finished with value: 43.77350819503643 and parameters: {'C': 977.149544696857, 'epsilon': 23.720905801858528, 'gamma': 0.053998270716998906}. Best is trial 406 with value: 38.90494892453006.
trail number 2410
[I 2025-07-21 19:04:23,809] Trial 2410 finished with value: 42.14219418184157 and parameters: {'C': 977.9967438379144, 'epsilon': 24.813885515665774, 'gamma': 0.04032016604023547}. Best is trial 406 with value: 38.90494892453006.
trail number 2409
[I 2025-07-21 19:04:23,818] Trial 2409 finished with value: 43.570809766375504 and parameters: {'C': 965.7830705751788, 'epsilon': 24.594443664966036, 'gamma': 0.051710177481050765}. Best is trial 406 with value: 38.90494892453006.
trail number 2411
[I 2025-07-21 19:04:23,836] Trial 2411 finished with value: 41.24908980723406 and parameters: {'C': 912.3352489799431, 'epsilon': 24.446957968937166, 'gamma': 0.00041551143530312723}. Best is trial 406 with value: 38.90494892453006.
trail number 2414
[I 2025-07-21 19:04:23,864] Trial 2414 finished with value: 39.41710189277299 and parameters: {'C': 815.5017029430962, 'epsilon': 26.7556338395849, 'gamma': 0.0030277165863732344}. Best is trial 406 with value: 38.90494892453006.
trail number 2413
[I 2025-07-21 19:04:23,875] Trial 2413 finished with value: 42.39522787829101 and parameters: {'C': 779.9438278672749, 'epsilon': 25.25511495722031, 'gamma': 0.046721658047959025}. Best is trial 406 with value: 38.90494892453006.
trail number 2412
[I 2025-07-21 19:04:23,889] Trial 2412 finished with value: 43.6200088592117 and parameters: {'C': 919.6814240896725, 'epsilon': 25.072346633495265, 'gamma': 0.05305663205008468}. Best is trial 406 with value: 38.90494892453006.
trail number 2415
[I 2025-07-21 19:04:23,914] Trial 2415 finished with value: 45.72603585469664 and parameters: {'C': 912.9778447133053, 'epsilon': 27.38321935865094, 'gamma': 0.08993332424368833}. Best is trial 406 with value: 38.90494892453006.
trail number 2418
[I 2025-07-21 19:04:23,936] Trial 2418 finished with value: 43.83167810796124 and parameters: {'C': 794.3493950336672, 'epsilon': 24.90319954660049, 'gamma': 0.05885821499771424}. Best is trial 406 with value: 38.90494892453006.
trail number 2416
[I 2025-07-21 19:04:23,945] Trial 2416 finished with value: 42.47589858809344 and parameters: {'C': 703.6032530249424, 'epsilon': 24.790040650540554, 'gamma': 0.05070125439135946}. Best is trial 406 with value: 38.90494892453006.
trail number 2417
[I 2025-07-21 19:04:23,945] Trial 2417 finished with value: 46.12921820060613 and parameters: {'C': 958.9073788797737, 'epsilon': 21.90797979380123, 'gamma': 0.10424319642043989}. Best is trial 406 with value: 38.90494892453006.
trail number 2419
[I 2025-07-21 19:04:23,982] Trial 2419 finished with value: 45.69340571873239 and parameters: {'C': 708.209271705726, 'epsilon': 25.71056284681463, 'gamma': 0.11934856767144947}. Best is trial 406 with value: 38.90494892453006.
trail number 2420
[I 2025-07-21 19:04:23,998] Trial 2420 finished with value: 44.41986733768044 and parameters: {'C': 870.1249567929196, 'epsilon': 27.843187200375766, 'gamma': 0.06100479861059822}. Best is trial 406 with value: 38.90494892453006.
trail number 2421
[I 2025-07-21 19:04:24,006] Trial 2421 finished with value: 43.86807386065524 and parameters: {'C': 861.955249386563, 'epsilon': 27.647355452455127, 'gamma': 0.05492422724822969}. Best is trial 406 with value: 38.90494892453006.
trail number 2422
[I 2025-07-21 19:04:24,025] Trial 2422 finished with value: 46.59616040968115 and parameters: {'C': 870.9878886061078, 'epsilon': 27.357687983069145, 'gamma': 0.11661206082855996}. Best is trial 406 with value: 38.90494892453006.
trail number 2423
[I 2025-07-21 19:04:24,035] Trial 2423 finished with value: 39.11211522766049 and parameters: {'C': 917.4105068072927, 'epsilon': 26.477734779515988, 'gamma': 0.004678758681286385}. Best is trial 406 with value: 38.90494892453006.
trail number 2427
[I 2025-07-21 19:04:24,059] Trial 2427 finished with value: 40.65344052948586 and parameters: {'C': 909.1416776918118, 'epsilon': 29.518909634307402, 'gamma': 0.0009978320934352428}. Best is trial 406 with value: 38.90494892453006.
trail number 2424
[I 2025-07-21 19:04:24,067] Trial 2424 finished with value: 44.46324776053893 and parameters: {'C': 980.985641125544, 'epsilon': 28.0482048850107, 'gamma': 0.05733800984084374}. Best is trial 406 with value: 38.90494892453006.
trail number 2426
[I 2025-07-21 19:04:24,072] Trial 2426 finished with value: 39.283100273985966 and parameters: {'C': 962.7126988404096, 'epsilon': 27.797794911725134, 'gamma': 0.0035154246605260623}. Best is trial 406 with value: 38.90494892453006.
trail number 2425
[I 2025-07-21 19:04:24,072] Trial 2425 finished with value: 47.43509596912999 and parameters: {'C': 1017.5677048917041, 'epsilon': 24.54426195218644, 'gamma': 0.12353037475575777}. Best is trial 406 with value: 38.90494892453006.
trail number 2431
[I 2025-07-21 19:04:24,112] Trial 2431 finished with value: 41.47991687739003 and parameters: {'C': 910.9307890181946, 'epsilon': 26.85439143903129, 'gamma': 0.0003630082276769109}. Best is trial 406 with value: 38.90494892453006.
trail number 2428
[I 2025-07-21 19:04:24,118] Trial 2428 finished with value: 40.646732199201736 and parameters: {'C': 785.2180505940032, 'epsilon': 27.630559454907075, 'gamma': 0.0009442846233706234}. Best is trial 406 with value: 38.90494892453006.
trail number 2430
[I 2025-07-21 19:04:24,138] Trial 2430 finished with value: 44.19529144290243 and parameters: {'C': 768.5887477909004, 'epsilon': 27.584693813623478, 'gamma': 0.06249927511989768}. Best is trial 406 with value: 38.90494892453006.
trail number 2429
[I 2025-07-21 19:04:24,147] Trial 2429 finished with value: 41.13868439358511 and parameters: {'C': 817.5687580629141, 'epsilon': 22.460809145049755, 'gamma': 0.03821024896078486}. Best is trial 406 with value: 38.90494892453006.
trail number 2433
[I 2025-07-21 19:04:24,172] Trial 2433 finished with value: 42.845235777037104 and parameters: {'C': 788.4714134614144, 'epsilon': 24.904450709081466, 'gamma': 0.050853296986115924}. Best is trial 406 with value: 38.90494892453006.
trail number 2432
[I 2025-07-21 19:04:24,181] Trial 2432 finished with value: 43.30676576271934 and parameters: {'C': 702.160372734687, 'epsilon': 29.641441429897476, 'gamma': 0.05350816691791877}. Best is trial 406 with value: 38.90494892453006.
trail number 2435
[I 2025-07-21 19:04:24,205] Trial 2435 finished with value: 43.97129910758703 and parameters: {'C': 700.538234389898, 'epsilon': 24.072984577882373, 'gamma': 0.06604265841335852}. Best is trial 406 with value: 38.90494892453006.
trail number 2436
[I 2025-07-21 19:04:24,218] Trial 2436 finished with value: 39.141156971540234 and parameters: {'C': 1071.270234674365, 'epsilon': 25.316812381994094, 'gamma': 0.005135802840585645}. Best is trial 406 with value: 38.90494892453006.
trail number 2434
[I 2025-07-21 19:04:24,226] Trial 2434 finished with value: 46.85601623327149 and parameters: {'C': 1101.8333843849246, 'epsilon': 16.34691149974841, 'gamma': 0.11728617035654587}. Best is trial 406 with value: 38.90494892453006.
trail number 2437
[I 2025-07-21 19:04:24,234] Trial 2437 finished with value: 40.043471738774244 and parameters: {'C': 877.5349816808352, 'epsilon': 22.60262133203383, 'gamma': 0.0013861878008644864}. Best is trial 406 with value: 38.90494892453006.
trail number 2438
[I 2025-07-21 19:04:24,266] Trial 2438 finished with value: 39.43739971200032 and parameters: {'C': 753.2667739383712, 'epsilon': 22.479758923047132, 'gamma': 0.0040289586055223345}. Best is trial 406 with value: 38.90494892453006.
trail number 2439
[I 2025-07-21 19:04:24,281] Trial 2439 finished with value: 48.233011734898454 and parameters: {'C': 979.3208396094599, 'epsilon': 29.717584459830356, 'gamma': 0.13464014864089896}. Best is trial 406 with value: 38.90494892453006.
trail number 2440
[I 2025-07-21 19:04:24,290] Trial 2440 finished with value: 40.6092325327874 and parameters: {'C': 1211.2035297302214, 'epsilon': 21.05658194657228, 'gamma': 0.02936646233706481}. Best is trial 406 with value: 38.90494892453006.
trail number 2442
[I 2025-07-21 19:04:24,310] Trial 2442 finished with value: 39.91591199801978 and parameters: {'C': 785.1130742078094, 'epsilon': 25.515450307822196, 'gamma': 0.0018538005250220606}. Best is trial 406 with value: 38.90494892453006.
trail number 2441
[I 2025-07-21 19:04:24,320] Trial 2441 finished with value: 45.799794232381544 and parameters: {'C': 798.1914274882793, 'epsilon': 24.686199185713328, 'gamma': 0.11124238946190793}. Best is trial 406 with value: 38.90494892453006.
trail number 2443
[I 2025-07-21 19:04:24,334] Trial 2443 finished with value: 39.28456743722445 and parameters: {'C': 803.1107584682311, 'epsilon': 29.818740323784464, 'gamma': 0.010205511226960076}. Best is trial 406 with value: 38.90494892453006.
trail number 2444
[I 2025-07-21 19:04:24,347] Trial 2444 finished with value: 43.164442675852385 and parameters: {'C': 924.5263827208685, 'epsilon': 20.875592773048677, 'gamma': 0.05201581262936379}. Best is trial 406 with value: 38.90494892453006.
trail number 2447
[I 2025-07-21 19:04:24,368] Trial 2447 finished with value: 39.04952570025948 and parameters: {'C': 701.8998374665798, 'epsilon': 27.04798486897455, 'gamma': 0.010602955885156917}. Best is trial 406 with value: 38.90494892453006.
trail number 2445
[I 2025-07-21 19:04:24,391] Trial 2445 finished with value: 47.47580256476103 and parameters: {'C': 816.8112595032287, 'epsilon': 24.126280235507288, 'gamma': 0.21299872478686824}. Best is trial 406 with value: 38.90494892453006.
trail number 2448
[I 2025-07-21 19:04:24,396] Trial 2448 finished with value: 44.53946487939469 and parameters: {'C': 759.7564435489494, 'epsilon': 29.986830748682912, 'gamma': 0.06829201478467486}. Best is trial 406 with value: 38.90494892453006.
trail number 2449
[I 2025-07-21 19:04:24,404] Trial 2449 finished with value: 40.20716656272393 and parameters: {'C': 889.2175900935856, 'epsilon': 25.103563440933673, 'gamma': 0.0010953713678821878}. Best is trial 406 with value: 38.90494892453006.
trail number 2446
[I 2025-07-21 19:04:24,413] Trial 2446 finished with value: 44.01542104547015 and parameters: {'C': 797.9312263870144, 'epsilon': 26.840118096265176, 'gamma': 0.05921698132529681}. Best is trial 406 with value: 38.90494892453006.
trail number 2452
[I 2025-07-21 19:04:24,443] Trial 2452 finished with value: 41.79383350338081 and parameters: {'C': 817.0667395327357, 'epsilon': 24.335818490022323, 'gamma': 0.0003304039184262482}. Best is trial 406 with value: 38.90494892453006.
trail number 2450
[I 2025-07-21 19:04:24,460] Trial 2450 finished with value: 39.49967040712374 and parameters: {'C': 885.1211577772413, 'epsilon': 23.744292706490256, 'gamma': 0.002955282617720099}. Best is trial 406 with value: 38.90494892453006.
trail number 2451
[I 2025-07-21 19:04:24,470] Trial 2451 finished with value: 44.86266833433323 and parameters: {'C': 1027.4693131150782, 'epsilon': 26.433100137598352, 'gamma': 0.060659335351564966}. Best is trial 406 with value: 38.90494892453006.
trail number 2453
[I 2025-07-21 19:04:24,498] Trial 2453 finished with value: 48.50923253447877 and parameters: {'C': 1477.100322704583, 'epsilon': 24.58083999127143, 'gamma': 0.11192608482938901}. Best is trial 406 with value: 38.90494892453006.
trail number 2454
[I 2025-07-21 19:04:24,498] Trial 2454 finished with value: 45.752273266885986 and parameters: {'C': 861.7210383902418, 'epsilon': 22.871594569764472, 'gamma': 0.1027127930055038}. Best is trial 406 with value: 38.90494892453006.
trail number 2456
[I 2025-07-21 19:04:24,498] Trial 2456 finished with value: 39.78483429491244 and parameters: {'C': 960.7198116867988, 'epsilon': 21.14831370753266, 'gamma': 0.0018507587456670811}. Best is trial 406 with value: 38.90494892453006.
trail number 2455
[I 2025-07-21 19:04:24,523] Trial 2455 finished with value: 40.48852892270642 and parameters: {'C': 1138.4427760553895, 'epsilon': 21.37666426774538, 'gamma': 0.0008149492465754811}. Best is trial 406 with value: 38.90494892453006.
trail number 2458
[I 2025-07-21 19:04:24,558] Trial 2458 finished with value: 39.74116667657141 and parameters: {'C': 788.5082108284225, 'epsilon': 23.060918987230774, 'gamma': 0.002143137989986674}. Best is trial 406 with value: 38.90494892453006.
trail number 2459
[I 2025-07-21 19:04:24,568] Trial 2459 finished with value: 44.41288822329525 and parameters: {'C': 816.021908947261, 'epsilon': 25.83078255822739, 'gamma': 0.0643474980808051}. Best is trial 406 with value: 38.90494892453006.
trail number 2457
[I 2025-07-21 19:04:24,583] Trial 2457 finished with value: 49.442216985868704 and parameters: {'C': 1449.5851629073097, 'epsilon': 11.754705117984155, 'gamma': 0.20176008362137207}. Best is trial 406 with value: 38.90494892453006.
trail number 2460
[I 2025-07-21 19:04:24,601] Trial 2460 finished with value: 45.16925832403568 and parameters: {'C': 1018.0186203636779, 'epsilon': 25.607767464146708, 'gamma': 0.06552242217229243}. Best is trial 406 with value: 38.90494892453006.
trail number 2462
[I 2025-07-21 19:04:24,615] Trial 2462 finished with value: 49.45189533507216 and parameters: {'C': 800.4486495604256, 'epsilon': 12.437536413674092, 'gamma': 0.44091042664949365}. Best is trial 406 with value: 38.90494892453006.
trail number 2461
[I 2025-07-21 19:04:24,632] Trial 2461 finished with value: 43.26964150307837 and parameters: {'C': 978.2003678453323, 'epsilon': 24.480410349962863, 'gamma': 0.04881290438049179}. Best is trial 406 with value: 38.90494892453006.
trail number 2463
[I 2025-07-21 19:04:24,641] Trial 2463 finished with value: 43.360128972052436 and parameters: {'C': 919.7812599215304, 'epsilon': 21.85584195645587, 'gamma': 0.05307359313465676}. Best is trial 406 with value: 38.90494892453006.
trail number 2465
[I 2025-07-21 19:04:24,662] Trial 2465 finished with value: 40.68030316327337 and parameters: {'C': 703.8802984470849, 'epsilon': 27.00653698133279, 'gamma': 0.035602380547479794}. Best is trial 406 with value: 38.90494892453006.
trail number 2467
[I 2025-07-21 19:04:24,675] Trial 2467 finished with value: 39.66013542827975 and parameters: {'C': 704.7454272802157, 'epsilon': 28.236310692731287, 'gamma': 0.002492747460670134}. Best is trial 406 with value: 38.90494892453006.
trail number 2464
[I 2025-07-21 19:04:24,684] Trial 2464 finished with value: 43.58511611787622 and parameters: {'C': 904.522296232127, 'epsilon': 24.270297276833436, 'gamma': 0.05377386281041218}. Best is trial 406 with value: 38.90494892453006.
trail number 2468
[I 2025-07-21 19:04:24,703] Trial 2468 finished with value: 40.163978989011085 and parameters: {'C': 787.6970047570744, 'epsilon': 28.657567851465238, 'gamma': 0.0017074970539178503}. Best is trial 406 with value: 38.90494892453006.
trail number 2466
[I 2025-07-21 19:04:24,711] Trial 2466 finished with value: 43.648951413818935 and parameters: {'C': 710.0776038718656, 'epsilon': 26.751985501864162, 'gamma': 0.05878484905084053}. Best is trial 406 with value: 38.90494892453006.
trail number 2469
[I 2025-07-21 19:04:24,735] Trial 2469 finished with value: 47.637599634236985 and parameters: {'C': 714.355038548634, 'epsilon': 21.52114251655086, 'gamma': 0.20768338539973868}. Best is trial 406 with value: 38.90494892453006.
trail number 2472
[I 2025-07-21 19:04:24,748] Trial 2472 finished with value: 39.354577155866515 and parameters: {'C': 1112.9083158768267, 'epsilon': 23.65456843998512, 'gamma': 0.0033064229097856165}. Best is trial 406 with value: 38.90494892453006.
trail number 2470
[I 2025-07-21 19:04:24,756] Trial 2470 finished with value: 45.50143625659588 and parameters: {'C': 973.3140553819485, 'epsilon': 11.491116373133092, 'gamma': 0.1018594587584584}. Best is trial 406 with value: 38.90494892453006.
trail number 2471
[I 2025-07-21 19:04:24,764] Trial 2471 finished with value: 43.56261597139891 and parameters: {'C': 937.2236938123721, 'epsilon': 29.671478119196735, 'gamma': 0.04858933164641809}. Best is trial 406 with value: 38.90494892453006.
trail number 2473
[I 2025-07-21 19:04:24,784] Trial 2473 finished with value: 48.98298641290595 and parameters: {'C': 921.6654866457454, 'epsilon': 8.28300266312034, 'gamma': 0.4103990546697457}. Best is trial 406 with value: 38.90494892453006.
trail number 2475
[I 2025-07-21 19:04:24,802] Trial 2475 finished with value: 39.578708243574056 and parameters: {'C': 804.1390992469147, 'epsilon': 25.306515693105347, 'gamma': 0.0026022330929748403}. Best is trial 406 with value: 38.90494892453006.
trail number 2476
