[I 2025-07-21 19:04:01,062] Trial 622 finished with value: 39.31115469429875 and parameters: {'C': 711.8948168579354, 'epsilon': 29.890271042834943, 'gamma': 0.012942552458790698}. Best is trial 406 with value: 38.90494892453006.
trail number 624
[I 2025-07-21 19:04:01,068] Trial 624 finished with value: 43.23317694087209 and parameters: {'C': 815.9154666424567, 'epsilon': 29.844236149850467, 'gamma': 0.04883367828300032}. Best is trial 406 with value: 38.90494892453006.
trail number 623
[I 2025-07-21 19:04:01,072] Trial 623 finished with value: 39.13117895164889 and parameters: {'C': 1047.9735538536308, 'epsilon': 28.592454412651634, 'gamma': 0.0074249779076678585}. Best is trial 406 with value: 38.90494892453006.
trail number 626
[I 2025-07-21 19:04:01,097] Trial 626 finished with value: 39.352291947703904 and parameters: {'C': 785.501354506506, 'epsilon': 26.118918770602665, 'gamma': 0.003764905994346296}. Best is trial 406 with value: 38.90494892453006.
trail number 628
[I 2025-07-21 19:04:01,102] Trial 628 finished with value: 39.55568161548605 and parameters: {'C': 790.0576295216827, 'epsilon': 25.732775052192153, 'gamma': 0.0027992493184841056}. Best is trial 406 with value: 38.90494892453006.
trail number 627
[I 2025-07-21 19:04:01,112] Trial 627 finished with value: 39.07625585918147 and parameters: {'C': 805.4252971589392, 'epsilon': 24.9661346806008, 'gamma': 0.005930752469601117}. Best is trial 406 with value: 38.90494892453006.
trail number 629
[I 2025-07-21 19:04:01,126] Trial 629 finished with value: 43.9692335642534 and parameters: {'C': 822.6717480536132, 'epsilon': 26.895395257755975, 'gamma': 0.05769751633554089}. Best is trial 406 with value: 38.90494892453006.
trail number 631
[I 2025-07-21 19:04:01,135] Trial 631 finished with value: 39.11775594243085 and parameters: {'C': 704.7970395825336, 'epsilon': 22.8378448858537, 'gamma': 0.011233219430804893}. Best is trial 406 with value: 38.90494892453006.
trail number 630
[I 2025-07-21 19:04:01,146] Trial 630 finished with value: 44.494294694289195 and parameters: {'C': 847.5440074075173, 'epsilon': 25.460468304410085, 'gamma': 0.06453659086305845}. Best is trial 406 with value: 38.90494892453006.
trail number 632
[I 2025-07-21 19:04:01,156] Trial 632 finished with value: 39.05126399748841 and parameters: {'C': 854.0871894645255, 'epsilon': 27.058583779536427, 'gamma': 0.0055847307625722115}. Best is trial 406 with value: 38.90494892453006.
trail number 634
[I 2025-07-21 19:04:01,165] Trial 634 finished with value: 39.48584928138165 and parameters: {'C': 1187.0836694571651, 'epsilon': 23.385733821147692, 'gamma': 0.0024032931354056233}. Best is trial 406 with value: 38.90494892453006.
trail number 633
[I 2025-07-21 19:04:01,169] Trial 633 finished with value: 39.268061038827895 and parameters: {'C': 1035.3896309681036, 'epsilon': 21.59976652505853, 'gamma': 0.0042448148551810505}. Best is trial 406 with value: 38.90494892453006.
trail number 635
[I 2025-07-21 19:04:01,179] Trial 635 finished with value: 40.3790613588934 and parameters: {'C': 753.6625989414817, 'epsilon': 29.529578248401336, 'gamma': 0.0015809241911942046}. Best is trial 406 with value: 38.90494892453006.
trail number 636
[I 2025-07-21 19:04:01,196] Trial 636 finished with value: 39.33431131730707 and parameters: {'C': 1128.6706794976874, 'epsilon': 22.55618007859915, 'gamma': 0.007676610022748485}. Best is trial 406 with value: 38.90494892453006.
trail number 637
[I 2025-07-21 19:04:01,204] Trial 637 finished with value: 39.506327261863305 and parameters: {'C': 734.8425112986038, 'epsilon': 29.869788194455754, 'gamma': 0.003483724031301254}. Best is trial 406 with value: 38.90494892453006.
trail number 639
[I 2025-07-21 19:04:01,211] Trial 639 finished with value: 39.80790511128026 and parameters: {'C': 871.5250742109342, 'epsilon': 26.817688914109603, 'gamma': 0.0021551628395146357}. Best is trial 406 with value: 38.90494892453006.
trail number 638
[I 2025-07-21 19:04:01,223] Trial 638 finished with value: 44.04835239127723 and parameters: {'C': 911.8959526300329, 'epsilon': 24.165283292595355, 'gamma': 0.05826342622359584}. Best is trial 406 with value: 38.90494892453006.
trail number 642
[I 2025-07-21 19:04:01,236] Trial 642 finished with value: 41.66259078855623 and parameters: {'C': 968.7949645562599, 'epsilon': 21.979223732981964, 'gamma': 0.0002882496622950096}. Best is trial 406 with value: 38.90494892453006.
trail number 640
[I 2025-07-21 19:04:01,246] Trial 640 finished with value: 39.14651470507411 and parameters: {'C': 894.8256392333589, 'epsilon': 26.85653748019426, 'gamma': 0.00454338926263966}. Best is trial 406 with value: 38.90494892453006.
trail number 643
[I 2025-07-21 19:04:01,259] Trial 643 finished with value: 39.75537156094845 and parameters: {'C': 946.6997053486378, 'epsilon': 21.83838808284742, 'gamma': 0.0014865408507645141}. Best is trial 406 with value: 38.90494892453006.
trail number 641
[I 2025-07-21 19:04:01,266] Trial 641 finished with value: 46.72505003535845 and parameters: {'C': 1111.3813153628503, 'epsilon': 19.338364568960653, 'gamma': 0.11138326707123841}. Best is trial 406 with value: 38.90494892453006.
trail number 644
[I 2025-07-21 19:04:01,276] Trial 644 finished with value: 45.055552674948835 and parameters: {'C': 789.069202064624, 'epsilon': 25.65994407161838, 'gamma': 0.07717990054269495}. Best is trial 406 with value: 38.90494892453006.
trail number 645
[I 2025-07-21 19:04:01,296] Trial 645 finished with value: 45.181908161423834 and parameters: {'C': 756.732679319751, 'epsilon': 27.41937903748683, 'gamma': 0.08334263878871481}. Best is trial 406 with value: 38.90494892453006.
trail number 647
[I 2025-07-21 19:04:01,302] Trial 647 finished with value: 43.821804317460234 and parameters: {'C': 709.2435187861048, 'epsilon': 25.67584848581841, 'gamma': 0.06151903390293653}. Best is trial 406 with value: 38.90494892453006.
trail number 648
[I 2025-07-21 19:04:01,316] Trial 648 finished with value: 45.674701871831644 and parameters: {'C': 934.8783339572029, 'epsilon': 23.39313285343899, 'gamma': 0.08500250055675346}. Best is trial 406 with value: 38.90494892453006.
trail number 646
[I 2025-07-21 19:04:01,321] Trial 646 finished with value: 48.20493265257629 and parameters: {'C': 1142.2620604213255, 'epsilon': 25.418363531410964, 'gamma': 0.12802344396566206}. Best is trial 406 with value: 38.90494892453006.
trail number 650
[I 2025-07-21 19:04:01,344] Trial 650 finished with value: 44.51211299902739 and parameters: {'C': 939.5219043051167, 'epsilon': 25.77506899962012, 'gamma': 0.0602649771812986}. Best is trial 406 with value: 38.90494892453006.
trail number 652
[I 2025-07-21 19:04:01,354] Trial 652 finished with value: 40.45322086587002 and parameters: {'C': 855.3616326562938, 'epsilon': 23.642877739882344, 'gamma': 0.0009756903540016574}. Best is trial 406 with value: 38.90494892453006.
trail number 649
[I 2025-07-21 19:04:01,361] Trial 649 finished with value: 45.771272045707626 and parameters: {'C': 1008.8404111950972, 'epsilon': 22.341614972215137, 'gamma': 0.08347127244923774}. Best is trial 406 with value: 38.90494892453006.
trail number 651
[I 2025-07-21 19:04:01,366] Trial 651 finished with value: 45.50739716839629 and parameters: {'C': 967.5437615623265, 'epsilon': 25.151485463650847, 'gamma': 0.07443958345962305}. Best is trial 406 with value: 38.90494892453006.
trail number 653
[I 2025-07-21 19:04:01,386] Trial 653 finished with value: 48.58029881216696 and parameters: {'C': 1409.591124771253, 'epsilon': 13.759721636909969, 'gamma': 0.24508123222965555}. Best is trial 406 with value: 38.90494892453006.
trail number 656
[I 2025-07-21 19:04:01,394] Trial 656 finished with value: 39.370755413201124 and parameters: {'C': 827.2626603404747, 'epsilon': 25.40911074801752, 'gamma': 0.003882086741265665}. Best is trial 406 with value: 38.90494892453006.
trail number 654
[I 2025-07-21 19:04:01,410] Trial 654 finished with value: 39.487808744573385 and parameters: {'C': 892.1532691374508, 'epsilon': 29.868414555568126, 'gamma': 0.01656819870387398}. Best is trial 406 with value: 38.90494892453006.
trail number 655
[I 2025-07-21 19:04:01,417] Trial 655 finished with value: 47.9879752157103 and parameters: {'C': 961.6382646757477, 'epsilon': 27.08645301518692, 'gamma': 0.16269367364262508}. Best is trial 406 with value: 38.90494892453006.
trail number 657
[I 2025-07-21 19:04:01,422] Trial 657 finished with value: 44.46133256268478 and parameters: {'C': 703.6325448408184, 'epsilon': 29.798881846639507, 'gamma': 0.07050476359056727}. Best is trial 406 with value: 38.90494892453006.
trail number 658
[I 2025-07-21 19:04:01,427] Trial 658 finished with value: 39.33346885544705 and parameters: {'C': 928.9374482158838, 'epsilon': 29.818209021935793, 'gamma': 0.010859146560089478}. Best is trial 406 with value: 38.90494892453006.
trail number 661
[I 2025-07-21 19:04:01,452] Trial 661 finished with value: 39.66127012815279 and parameters: {'C': 1006.4733416427251, 'epsilon': 23.015541350018044, 'gamma': 0.0021017547534547647}. Best is trial 406 with value: 38.90494892453006.
trail number 660
[I 2025-07-21 19:04:01,461] Trial 660 finished with value: 39.75658281248291 and parameters: {'C': 807.1580296997643, 'epsilon': 26.769542607579208, 'gamma': 0.002422942839394404}. Best is trial 406 with value: 38.90494892453006.
trail number 662
[I 2025-07-21 19:04:01,473] Trial 662 finished with value: 47.726455546265946 and parameters: {'C': 760.580490407486, 'epsilon': 22.516861039036083, 'gamma': 0.17187187208087482}. Best is trial 406 with value: 38.90494892453006.
trail number 659
[I 2025-07-21 19:04:01,485] Trial 659 finished with value: 45.127182170683895 and parameters: {'C': 819.2761629360797, 'epsilon': 27.548142138938967, 'gamma': 0.07631235872894758}. Best is trial 406 with value: 38.90494892453006.
trail number 663
[I 2025-07-21 19:04:01,491] Trial 663 finished with value: 45.5425811258425 and parameters: {'C': 802.9409619317767, 'epsilon': 29.933414266811155, 'gamma': 0.10036267215816903}. Best is trial 406 with value: 38.90494892453006.
trail number 664
[I 2025-07-21 19:04:01,511] Trial 664 finished with value: 44.8855637209963 and parameters: {'C': 849.416359083534, 'epsilon': 23.864771195459866, 'gamma': 0.07320771318114128}. Best is trial 406 with value: 38.90494892453006.
trail number 665
[I 2025-07-21 19:04:01,518] Trial 665 finished with value: 44.53452693644913 and parameters: {'C': 857.9632796554896, 'epsilon': 21.7344937635374, 'gamma': 0.07029528766048841}. Best is trial 406 with value: 38.90494892453006.
trail number 667
[I 2025-07-21 19:04:01,535] Trial 667 finished with value: 45.381508385633346 and parameters: {'C': 888.9591055475025, 'epsilon': 21.23008200459291, 'gamma': 0.08590512320237531}. Best is trial 406 with value: 38.90494892453006.
trail number 669
[I 2025-07-21 19:04:01,547] Trial 669 finished with value: 39.1839156698611 and parameters: {'C': 922.5434332764878, 'epsilon': 25.37006740126035, 'gamma': 0.009447552612411043}. Best is trial 406 with value: 38.90494892453006.
trail number 666
[I 2025-07-21 19:04:01,553] Trial 666 finished with value: 45.66775724273731 and parameters: {'C': 1127.2127222123172, 'epsilon': 22.80564077132954, 'gamma': 0.07167488071683918}. Best is trial 406 with value: 38.90494892453006.
trail number 668
[I 2025-07-21 19:04:01,559] Trial 668 finished with value: 39.12929608775552 and parameters: {'C': 932.1536578503426, 'epsilon': 25.975656856484456, 'gamma': 0.0079345980235642}. Best is trial 406 with value: 38.90494892453006.
trail number 670
[I 2025-07-21 19:04:01,578] Trial 670 finished with value: 44.88448002325625 and parameters: {'C': 1032.1982384647768, 'epsilon': 23.578148526675104, 'gamma': 0.06426055905991669}. Best is trial 406 with value: 38.90494892453006.
trail number 671
[I 2025-07-21 19:04:01,592] Trial 671 finished with value: 42.101503677037144 and parameters: {'C': 704.50304616047, 'epsilon': 26.90295873221082, 'gamma': 0.04597762362121749}. Best is trial 406 with value: 38.90494892453006.
trail number 673
[I 2025-07-21 19:04:01,603] Trial 673 finished with value: 39.532251448605074 and parameters: {'C': 884.6668780413186, 'epsilon': 18.307735019780527, 'gamma': 0.010434629943477143}. Best is trial 406 with value: 38.90494892453006.
trail number 674
[I 2025-07-21 19:04:01,614] Trial 674 finished with value: 42.908711785969864 and parameters: {'C': 706.0096624000644, 'epsilon': 24.100323824187175, 'gamma': 0.05470481720566387}. Best is trial 406 with value: 38.90494892453006.
trail number 675
[I 2025-07-21 19:04:01,619] Trial 675 finished with value: 40.24691145235289 and parameters: {'C': 886.8708948391499, 'epsilon': 26.557679658728162, 'gamma': 0.0011094156731557602}. Best is trial 406 with value: 38.90494892453006.
trail number 672
[I 2025-07-21 19:04:01,619] Trial 672 finished with value: 45.03402329483699 and parameters: {'C': 786.4891961978936, 'epsilon': 26.5284552951494, 'gamma': 0.07629313197635818}. Best is trial 406 with value: 38.90494892453006.
trail number 676
[I 2025-07-21 19:04:01,654] Trial 676 finished with value: 45.08374350195705 and parameters: {'C': 701.0769686113194, 'epsilon': 23.4389011907409, 'gamma': 0.09091252180606013}. Best is trial 406 with value: 38.90494892453006.
trail number 678
[I 2025-07-21 19:04:01,660] Trial 678 finished with value: 39.08574094324462 and parameters: {'C': 1003.2538858717508, 'epsilon': 18.393204762015653, 'gamma': 0.014232057162786948}. Best is trial 406 with value: 38.90494892453006.
trail number 679
[I 2025-07-21 19:04:01,666] Trial 679 finished with value: 39.307540790050005 and parameters: {'C': 705.150811519448, 'epsilon': 25.364138173205273, 'gamma': 0.019168435575886822}. Best is trial 406 with value: 38.90494892453006.
trail number 677
[I 2025-07-21 19:04:01,671] Trial 677 finished with value: 45.46281089623284 and parameters: {'C': 860.3212816519206, 'epsilon': 26.89300526287434, 'gamma': 0.08148662798020931}. Best is trial 406 with value: 38.90494892453006.
trail number 683
[I 2025-07-21 19:04:01,693] Trial 683 finished with value: 44.38068108299439 and parameters: {'C': 807.4679262300181, 'epsilon': 23.26086860650529, 'gamma': 0.00014396491771576612}. Best is trial 406 with value: 38.90494892453006.
trail number 681
[I 2025-07-21 19:04:01,698] Trial 681 finished with value: 39.44818731353058 and parameters: {'C': 936.2434942423703, 'epsilon': 23.559844770267322, 'gamma': 0.003456715800128707}. Best is trial 406 with value: 38.90494892453006.
trail number 682
[I 2025-07-21 19:04:01,711] Trial 682 finished with value: 50.35868290900025 and parameters: {'C': 736.0068815222221, 'epsilon': 19.90443536785157, 'gamma': 0.44424290478830386}. Best is trial 406 with value: 38.90494892453006.
trail number 680
[I 2025-07-21 19:04:01,717] Trial 680 finished with value: 45.079096764008014 and parameters: {'C': 844.3578519643678, 'epsilon': 27.341486890490287, 'gamma': 0.07337844893543898}. Best is trial 406 with value: 38.90494892453006.
trail number 685
[I 2025-07-21 19:04:01,726] Trial 685 finished with value: 40.514646637452856 and parameters: {'C': 772.0578959241675, 'epsilon': 27.77693632294843, 'gamma': 0.0010959818135197839}. Best is trial 406 with value: 38.90494892453006.
trail number 684
[I 2025-07-21 19:04:01,741] Trial 684 finished with value: 41.82843174766565 and parameters: {'C': 998.6153430423968, 'epsilon': 25.668147212910892, 'gamma': 0.03747200843590867}. Best is trial 406 with value: 38.90494892453006.
trail number 686
[I 2025-07-21 19:04:01,746] Trial 686 finished with value: 39.72904778741864 and parameters: {'C': 771.5313301748505, 'epsilon': 26.972940841472074, 'gamma': 0.0025518419058934696}. Best is trial 406 with value: 38.90494892453006.
trail number 688
[I 2025-07-21 19:04:01,754] Trial 688 finished with value: 39.63947211679429 and parameters: {'C': 1124.7232539699048, 'epsilon': 25.67997107562462, 'gamma': 0.0020922938038984117}. Best is trial 406 with value: 38.90494892453006.
trail number 687
[I 2025-07-21 19:04:01,764] Trial 687 finished with value: 45.87608635610469 and parameters: {'C': 947.9551815704797, 'epsilon': 25.73106085102885, 'gamma': 0.09039991382475306}. Best is trial 406 with value: 38.90494892453006.
trail number 689
[I 2025-07-21 19:04:01,785] Trial 689 finished with value: 45.27806956546332 and parameters: {'C': 833.83503186578, 'epsilon': 29.88696888306243, 'gamma': 0.08121235117458905}. Best is trial 406 with value: 38.90494892453006.
trail number 692
[I 2025-07-21 19:04:01,790] Trial 692 finished with value: 39.46770791613094 and parameters: {'C': 848.8932304048539, 'epsilon': 28.5177388138723, 'gamma': 0.002946098480517851}. Best is trial 406 with value: 38.90494892453006.
trail number 691
[I 2025-07-21 19:04:01,791] Trial 691 finished with value: 44.96636043094811 and parameters: {'C': 825.3869660737993, 'epsilon': 29.424344980496016, 'gamma': 0.07411508138338252}. Best is trial 406 with value: 38.90494892453006.
trail number 690
[I 2025-07-21 19:04:01,799] Trial 690 finished with value: 45.79379809151766 and parameters: {'C': 1007.737432598592, 'epsilon': 23.380668456523626, 'gamma': 0.08134036265167283}. Best is trial 406 with value: 38.90494892453006.
trail number 693
[I 2025-07-21 19:04:01,826] Trial 693 finished with value: 39.11416768094151 and parameters: {'C': 1040.7767170130633, 'epsilon': 25.992451437536772, 'gamma': 0.006662568160005269}. Best is trial 406 with value: 38.90494892453006.
trail number 695
[I 2025-07-21 19:04:01,837] Trial 695 finished with value: 39.103317629288014 and parameters: {'C': 981.1051352485637, 'epsilon': 26.31217563852665, 'gamma': 0.006656499198154221}. Best is trial 406 with value: 38.90494892453006.
trail number 696
[I 2025-07-21 19:04:01,851] Trial 696 finished with value: 48.94653334939503 and parameters: {'C': 1352.897203158434, 'epsilon': 18.642773680298394, 'gamma': 0.14657277115478412}. Best is trial 406 with value: 38.90494892453006.
trail number 697
[I 2025-07-21 19:04:01,856] Trial 697 finished with value: 39.23256682172108 and parameters: {'C': 705.9391480109813, 'epsilon': 27.482015100407644, 'gamma': 0.004584846134438127}. Best is trial 406 with value: 38.90494892453006.
trail number 694
[I 2025-07-21 19:04:01,869] Trial 694 finished with value: 44.819647334237345 and parameters: {'C': 968.3503643012491, 'epsilon': 21.418329335660143, 'gamma': 0.07016663056538482}. Best is trial 406 with value: 38.90494892453006.
trail number 698
[I 2025-07-21 19:04:01,889] Trial 698 finished with value: 43.51426434027831 and parameters: {'C': 713.4320245246023, 'epsilon': 26.409733755761987, 'gamma': 0.05753807726267448}. Best is trial 406 with value: 38.90494892453006.
trail number 700
[I 2025-07-21 19:04:01,901] Trial 700 finished with value: 44.773113011647354 and parameters: {'C': 986.1953094324809, 'epsilon': 21.818859441827325, 'gamma': 0.06773350157245493}. Best is trial 406 with value: 38.90494892453006.
trail number 699
[I 2025-07-21 19:04:01,906] Trial 699 finished with value: 44.51249536677016 and parameters: {'C': 954.1729763698191, 'epsilon': 21.526300369656827, 'gamma': 0.0660312416691697}. Best is trial 406 with value: 38.90494892453006.
trail number 701
[I 2025-07-21 19:04:01,922] Trial 701 finished with value: 48.49610266517774 and parameters: {'C': 1499.6848578459526, 'epsilon': 10.623231519650794, 'gamma': 0.3699778530255342}. Best is trial 406 with value: 38.90494892453006.
trail number 702
[I 2025-07-21 19:04:01,937] Trial 702 finished with value: 39.13470059866707 and parameters: {'C': 707.0923020524261, 'epsilon': 26.968364692769384, 'gamma': 0.0051872992043953195}. Best is trial 406 with value: 38.90494892453006.
trail number 704
[I 2025-07-21 19:04:01,968] Trial 704 finished with value: 47.94280882010895 and parameters: {'C': 1065.14626598378, 'epsilon': 21.80634926616752, 'gamma': 0.18482162288296655}. Best is trial 406 with value: 38.90494892453006.
trail number 706
[I 2025-07-21 19:04:01,978] Trial 706 finished with value: 39.52685117279168 and parameters: {'C': 906.8683507385575, 'epsilon': 24.004398420926073, 'gamma': 0.0027747213166769737}. Best is trial 406 with value: 38.90494892453006.
trail number 705
[I 2025-07-21 19:04:01,984] Trial 705 finished with value: 44.93711521115689 and parameters: {'C': 927.5042560128761, 'epsilon': 25.009449342086693, 'gamma': 0.06764281275589391}. Best is trial 406 with value: 38.90494892453006.
trail number 703
[I 2025-07-21 19:04:01,990] Trial 703 finished with value: 44.96995274662139 and parameters: {'C': 1202.8491374999937, 'epsilon': 10.02288795799422, 'gamma': 0.06698998638268683}. Best is trial 406 with value: 38.90494892453006.
trail number 707
[I 2025-07-21 19:04:01,999] Trial 707 finished with value: 41.64123957483017 and parameters: {'C': 1035.760641135399, 'epsilon': 21.643001254712928, 'gamma': 0.0002661340392313902}. Best is trial 406 with value: 38.90494892453006.
trail number 711
[I 2025-07-21 19:04:02,025] Trial 711 finished with value: 39.33945689077766 and parameters: {'C': 999.4475731843067, 'epsilon': 29.517751594013635, 'gamma': 0.010767110302218242}. Best is trial 406 with value: 38.90494892453006.
trail number 708
[I 2025-07-21 19:04:02,030] Trial 708 finished with value: 43.861050085290586 and parameters: {'C': 826.6657297642961, 'epsilon': 22.27532732102253, 'gamma': 0.06131423438391843}. Best is trial 406 with value: 38.90494892453006.
trail number 710
[I 2025-07-21 19:04:02,036] Trial 710 finished with value: 39.60772322579079 and parameters: {'C': 1019.4965932464112, 'epsilon': 23.989848281009436, 'gamma': 0.002077364124628084}. Best is trial 406 with value: 38.90494892453006.
trail number 712
[I 2025-07-21 19:04:02,060] Trial 712 finished with value: 39.08554390199528 and parameters: {'C': 862.0882322880652, 'epsilon': 29.99241933487676, 'gamma': 0.0070166175580419436}. Best is trial 406 with value: 38.90494892453006.
trail number 713
