[I 2025-07-21 19:04:34,538] Trial 3090 finished with value: 46.14846679185113 and parameters: {'C': 931.7955635962619, 'epsilon': 20.73855665503671, 'gamma': 0.11132866160978024}. Best is trial 406 with value: 38.90494892453006.
trail number 3093
[I 2025-07-21 19:04:34,557] Trial 3093 finished with value: 43.06050127203544 and parameters: {'C': 785.1199584728311, 'epsilon': 27.739576157489758, 'gamma': 0.04985309146402536}. Best is trial 406 with value: 38.90494892453006.
trail number 3092
[I 2025-07-21 19:04:34,568] Trial 3092 finished with value: 44.3178208526376 and parameters: {'C': 702.8572807450561, 'epsilon': 24.87344537698625, 'gamma': 0.07075265353551546}. Best is trial 406 with value: 38.90494892453006.
trail number 3094
[I 2025-07-21 19:04:34,582] Trial 3094 finished with value: 40.3600900243366 and parameters: {'C': 796.8546002562614, 'epsilon': 25.53266113603304, 'gamma': 0.0010120642843595411}. Best is trial 406 with value: 38.90494892453006.
trail number 3095
[I 2025-07-21 19:04:34,596] Trial 3095 finished with value: 47.4312481113623 and parameters: {'C': 799.3369866325195, 'epsilon': 28.983791650879688, 'gamma': 0.1326718667387618}. Best is trial 406 with value: 38.90494892453006.
trail number 3096
[I 2025-07-21 19:04:34,612] Trial 3096 finished with value: 43.560497053608564 and parameters: {'C': 857.8780920200301, 'epsilon': 26.323242276046937, 'gamma': 0.00016732132095754245}. Best is trial 406 with value: 38.90494892453006.
trail number 3099
[I 2025-07-21 19:04:34,629] Trial 3099 finished with value: 41.410669813649285 and parameters: {'C': 758.8530350423482, 'epsilon': 29.871655452603086, 'gamma': 0.0006438451013779925}. Best is trial 406 with value: 38.90494892453006.
trail number 3097
[I 2025-07-21 19:04:34,639] Trial 3097 finished with value: 44.78658174246292 and parameters: {'C': 1013.8873223625385, 'epsilon': 25.66343586320272, 'gamma': 0.061157883409476047}. Best is trial 406 with value: 38.90494892453006.
trail number 3098
[I 2025-07-21 19:04:34,648] Trial 3098 finished with value: 47.78714687705373 and parameters: {'C': 709.7382002396868, 'epsilon': 29.51243425520821, 'gamma': 0.23255677765096433}. Best is trial 406 with value: 38.90494892453006.
trail number 3100
[I 2025-07-21 19:04:34,671] Trial 3100 finished with value: 43.126507180734585 and parameters: {'C': 790.4569754096136, 'epsilon': 27.37355168385727, 'gamma': 0.050479745678574696}. Best is trial 406 with value: 38.90494892453006.
trail number 3101
[I 2025-07-21 19:04:34,690] Trial 3101 finished with value: 39.441986137621214 and parameters: {'C': 1021.3715852891821, 'epsilon': 24.70132925183075, 'gamma': 0.0025730776082698407}. Best is trial 406 with value: 38.90494892453006.
trail number 3102
[I 2025-07-21 19:04:34,705] Trial 3102 finished with value: 47.61035967274487 and parameters: {'C': 1186.2175872415805, 'epsilon': 29.83798193715241, 'gamma': 0.2165057447540099}. Best is trial 406 with value: 38.90494892453006.
trail number 3103
[I 2025-07-21 19:04:34,711] Trial 3103 finished with value: 43.87107682940162 and parameters: {'C': 704.6927694291112, 'epsilon': 28.811366460926713, 'gamma': 0.060435749407646844}. Best is trial 406 with value: 38.90494892453006.
trail number 3104
[I 2025-07-21 19:04:34,737] Trial 3104 finished with value: 42.438771137175664 and parameters: {'C': 805.2070583336312, 'epsilon': 21.012036738997132, 'gamma': 0.04945622310600948}. Best is trial 406 with value: 38.90494892453006.
trail number 3107
[I 2025-07-21 19:04:34,753] Trial 3107 finished with value: 39.33761699064881 and parameters: {'C': 909.8779677680486, 'epsilon': 29.95780704335597, 'gamma': 0.012710636890697423}. Best is trial 406 with value: 38.90494892453006.
trail number 3105
[I 2025-07-21 19:04:34,772] Trial 3105 finished with value: 45.76245112575078 and parameters: {'C': 887.3520849398914, 'epsilon': 21.86133987296084, 'gamma': 0.10106967132153545}. Best is trial 406 with value: 38.90494892453006.
trail number 3109
[I 2025-07-21 19:04:34,788] Trial 3109 finished with value: 40.495363584382076 and parameters: {'C': 848.0489554972189, 'epsilon': 22.04383030087934, 'gamma': 0.0010202544950037497}. Best is trial 406 with value: 38.90494892453006.
trail number 3106
[I 2025-07-21 19:04:34,798] Trial 3106 finished with value: 46.69007092251041 and parameters: {'C': 1147.1941505754855, 'epsilon': 25.117656375177923, 'gamma': 0.09440336744293575}. Best is trial 406 with value: 38.90494892453006.
trail number 3108
[I 2025-07-21 19:04:34,804] Trial 3108 finished with value: 43.41447737629072 and parameters: {'C': 896.8824609732585, 'epsilon': 21.09694839641111, 'gamma': 0.0547998231916564}. Best is trial 406 with value: 38.90494892453006.
trail number 3112
[I 2025-07-21 19:04:34,844] Trial 3112 finished with value: 39.79471839504471 and parameters: {'C': 874.0004362447205, 'epsilon': 27.547735389283705, 'gamma': 0.0019492588888965247}. Best is trial 406 with value: 38.90494892453006.
trail number 3111
[I 2025-07-21 19:04:34,855] Trial 3111 finished with value: 42.980277237090384 and parameters: {'C': 921.7064636052023, 'epsilon': 23.715297942465913, 'gamma': 0.04878689238357969}. Best is trial 406 with value: 38.90494892453006.
trail number 3113
[I 2025-07-21 19:04:34,865] Trial 3113 finished with value: 44.376566176539335 and parameters: {'C': 1139.7888995625697, 'epsilon': 27.90018817292448, 'gamma': 0.05131883255908731}. Best is trial 406 with value: 38.90494892453006.
trail number 3110
[I 2025-07-21 19:04:34,878] Trial 3110 finished with value: 48.00567344675362 and parameters: {'C': 1053.314554229223, 'epsilon': 25.409078436033873, 'gamma': 0.13037694302672773}. Best is trial 406 with value: 38.90494892453006.
trail number 3115
[I 2025-07-21 19:04:34,905] Trial 3115 finished with value: 44.51378195307993 and parameters: {'C': 969.6252705320361, 'epsilon': 25.498892647495023, 'gamma': 0.00011736593804399786}. Best is trial 406 with value: 38.90494892453006.
trail number 3114
[I 2025-07-21 19:04:34,918] Trial 3114 finished with value: 45.388864900213505 and parameters: {'C': 948.5354441797286, 'epsilon': 28.152161352066756, 'gamma': 0.00011123886280433887}. Best is trial 406 with value: 38.90494892453006.
trail number 3117
[I 2025-07-21 19:04:34,938] Trial 3117 finished with value: 47.722203693679106 and parameters: {'C': 1107.329527519839, 'epsilon': 23.258004110744892, 'gamma': 0.24663690336392324}. Best is trial 406 with value: 38.90494892453006.
trail number 3116
[I 2025-07-21 19:04:34,949] Trial 3116 finished with value: 42.90791217439645 and parameters: {'C': 994.2721974880001, 'epsilon': 29.869839206960947, 'gamma': 0.04211789952216875}. Best is trial 406 with value: 38.90494892453006.
trail number 3118
[I 2025-07-21 19:04:34,975] Trial 3118 finished with value: 44.19835675879034 and parameters: {'C': 869.174068422077, 'epsilon': 27.673342067192834, 'gamma': 0.058037232721104656}. Best is trial 406 with value: 38.90494892453006.
trail number 3119
[I 2025-07-21 19:04:34,985] Trial 3119 finished with value: 47.35899927352479 and parameters: {'C': 845.3706685924328, 'epsilon': 29.815138902486098, 'gamma': 0.1260425672598035}. Best is trial 406 with value: 38.90494892453006.
trail number 3121
[I 2025-07-21 19:04:35,003] Trial 3121 finished with value: 39.762821463515166 and parameters: {'C': 942.5187614183858, 'epsilon': 25.120999823704164, 'gamma': 0.001947076213248503}. Best is trial 406 with value: 38.90494892453006.
trail number 3120
[I 2025-07-21 19:04:35,013] Trial 3120 finished with value: 46.746057280349575 and parameters: {'C': 700.9359366820718, 'epsilon': 29.789745302103363, 'gamma': 0.12804614747888596}. Best is trial 406 with value: 38.90494892453006.
trail number 3123
[I 2025-07-21 19:04:35,042] Trial 3123 finished with value: 40.27699595258113 and parameters: {'C': 786.8671413859216, 'epsilon': 27.393577966593618, 'gamma': 0.0013847453918807203}. Best is trial 406 with value: 38.90494892453006.
trail number 3122
[I 2025-07-21 19:04:35,051] Trial 3122 finished with value: 39.83642831861473 and parameters: {'C': 753.9009829213647, 'epsilon': 22.63273785358379, 'gamma': 0.001800246898236206}. Best is trial 406 with value: 38.90494892453006.
trail number 3125
[I 2025-07-21 19:04:35,081] Trial 3125 finished with value: 43.97803965184337 and parameters: {'C': 770.6913250611585, 'epsilon': 25.065198222048814, 'gamma': 0.061188959718082636}. Best is trial 406 with value: 38.90494892453006.
trail number 3124
[I 2025-07-21 19:04:35,090] Trial 3124 finished with value: 46.989988191927615 and parameters: {'C': 789.9898531582819, 'epsilon': 29.91999270848295, 'gamma': 0.12408575630471382}. Best is trial 406 with value: 38.90494892453006.
trail number 3126
[I 2025-07-21 19:04:35,114] Trial 3126 finished with value: 49.24334292164597 and parameters: {'C': 1072.3781629960904, 'epsilon': 15.346663321268487, 'gamma': 0.4215048284686209}. Best is trial 406 with value: 38.90494892453006.
trail number 3127
[I 2025-07-21 19:04:35,133] Trial 3127 finished with value: 44.410191223735175 and parameters: {'C': 896.4404974623976, 'epsilon': 24.742432941053565, 'gamma': 0.06185700803959854}. Best is trial 406 with value: 38.90494892453006.
trail number 3129
[I 2025-07-21 19:04:35,150] Trial 3129 finished with value: 48.76556122037273 and parameters: {'C': 1232.7285050216278, 'epsilon': 9.14341107612501, 'gamma': 0.3938195793052088}. Best is trial 406 with value: 38.90494892453006.
trail number 3128
[I 2025-07-21 19:04:35,167] Trial 3128 finished with value: 45.63308112982581 and parameters: {'C': 706.1986194554075, 'epsilon': 22.478254150714974, 'gamma': 0.12266233600565729}. Best is trial 406 with value: 38.90494892453006.
trail number 3130
[I 2025-07-21 19:04:35,175] Trial 3130 finished with value: 44.47634982617131 and parameters: {'C': 703.7762570054435, 'epsilon': 28.01902536588543, 'gamma': 0.0704599449512923}. Best is trial 406 with value: 38.90494892453006.
trail number 3132
[I 2025-07-21 19:04:35,197] Trial 3132 finished with value: 49.0587254618721 and parameters: {'C': 1186.31709734032, 'epsilon': 29.901656388379894, 'gamma': 0.3217691597740901}. Best is trial 406 with value: 38.90494892453006.
trail number 3131
[I 2025-07-21 19:04:35,208] Trial 3131 finished with value: 39.23359094311827 and parameters: {'C': 877.1920832694852, 'epsilon': 22.34346909741248, 'gamma': 0.004635002999785122}. Best is trial 406 with value: 38.90494892453006.
trail number 3135
[I 2025-07-21 19:04:35,235] Trial 3135 finished with value: 40.79323258470415 and parameters: {'C': 959.6108867312113, 'epsilon': 20.36906683233837, 'gamma': 0.0004434836711966223}. Best is trial 406 with value: 38.90494892453006.
trail number 3134
[I 2025-07-21 19:04:35,245] Trial 3134 finished with value: 43.641677462381786 and parameters: {'C': 1073.9339726604476, 'epsilon': 22.903413728543015, 'gamma': 0.05077577964407709}. Best is trial 406 with value: 38.90494892453006.
trail number 3133
[I 2025-07-21 19:04:35,255] Trial 3133 finished with value: 44.29475054161453 and parameters: {'C': 823.2718215745651, 'epsilon': 24.707386930660604, 'gamma': 0.06361215175038462}. Best is trial 406 with value: 38.90494892453006.
trail number 3136
[I 2025-07-21 19:04:35,273] Trial 3136 finished with value: 43.73627370893448 and parameters: {'C': 784.6793040368201, 'epsilon': 25.267378330525315, 'gamma': 0.05808232490015289}. Best is trial 406 with value: 38.90494892453006.
trail number 3138
[I 2025-07-21 19:04:35,302] Trial 3138 finished with value: 43.47978032890525 and parameters: {'C': 800.6004941683428, 'epsilon': 25.122144949940694, 'gamma': 0.055371440449017845}. Best is trial 406 with value: 38.90494892453006.
trail number 3137
[I 2025-07-21 19:04:35,312] Trial 3137 finished with value: 44.172122816345734 and parameters: {'C': 796.6258377659656, 'epsilon': 23.676620568283294, 'gamma': 0.06467905745554849}. Best is trial 406 with value: 38.90494892453006.
trail number 3139
[I 2025-07-21 19:04:35,335] Trial 3139 finished with value: 43.94584383340551 and parameters: {'C': 797.5370853380467, 'epsilon': 29.64385008483197, 'gamma': 0.057140272892847885}. Best is trial 406 with value: 38.90494892453006.
trail number 3140
[I 2025-07-21 19:04:35,343] Trial 3140 finished with value: 46.21459594762563 and parameters: {'C': 890.6109642911662, 'epsilon': 26.66879350750272, 'gamma': 0.10973043871616832}. Best is trial 406 with value: 38.90494892453006.
trail number 3141
[I 2025-07-21 19:04:35,356] Trial 3141 finished with value: 40.23758378285687 and parameters: {'C': 939.449249303496, 'epsilon': 26.047387342640874, 'gamma': 0.0010453416757124114}. Best is trial 406 with value: 38.90494892453006.
trail number 3142
[I 2025-07-21 19:04:35,370] Trial 3142 finished with value: 42.85300489747048 and parameters: {'C': 960.8056889937536, 'epsilon': 25.93858869285627, 'gamma': 0.044582823947875175}. Best is trial 406 with value: 38.90494892453006.
trail number 3145
[I 2025-07-21 19:04:35,413] Trial 3145 finished with value: 42.36924587995438 and parameters: {'C': 704.2281975060647, 'epsilon': 25.65750312018362, 'gamma': 0.04872853793239273}. Best is trial 406 with value: 38.90494892453006.
trail number 3143
[I 2025-07-21 19:04:35,423] Trial 3143 finished with value: 49.00399177508229 and parameters: {'C': 890.9940453934709, 'epsilon': 14.900299377126938, 'gamma': 0.40238020072475217}. Best is trial 406 with value: 38.90494892453006.
trail number 3144
[I 2025-07-21 19:04:35,433] Trial 3144 finished with value: 44.05137478112646 and parameters: {'C': 704.8901982664313, 'epsilon': 26.147871601402205, 'gamma': 0.06446124759070003}. Best is trial 406 with value: 38.90494892453006.
trail number 3146
[I 2025-07-21 19:04:35,444] Trial 3146 finished with value: 44.52964877638889 and parameters: {'C': 703.6383759222963, 'epsilon': 25.086905634617676, 'gamma': 0.07455721377999311}. Best is trial 406 with value: 38.90494892453006.
trail number 3147
[I 2025-07-21 19:04:35,482] Trial 3147 finished with value: 42.833963823042225 and parameters: {'C': 1024.440159716084, 'epsilon': 25.185345570616132, 'gamma': 0.00017452075826889478}. Best is trial 406 with value: 38.90494892453006.
trail number 3150
[I 2025-07-21 19:04:35,518] Trial 3150 finished with value: 47.924341395186765 and parameters: {'C': 996.8807704395724, 'epsilon': 23.131195299103876, 'gamma': 0.17897114335886563}. Best is trial 406 with value: 38.90494892453006.
trail number 3148
[I 2025-07-21 19:04:35,529] Trial 3148 finished with value: 46.218557151377276 and parameters: {'C': 936.6093436176025, 'epsilon': 25.24585216645371, 'gamma': 0.10481624063719117}. Best is trial 406 with value: 38.90494892453006.
trail number 3149
trail number 3151
[I 2025-07-21 19:04:35,529] Trial 3149 finished with value: 43.25822279380869 and parameters: {'C': 1016.7058513810857, 'epsilon': 23.323671922090853, 'gamma': 0.048722805494092844}. Best is trial 406 with value: 38.90494892453006.
[I 2025-07-21 19:04:35,529] Trial 3151 finished with value: 39.75936606503406 and parameters: {'C': 897.4205835068906, 'epsilon': 29.83517826464417, 'gamma': 0.0024189777370718854}. Best is trial 406 with value: 38.90494892453006.
trail number 3152
[I 2025-07-21 19:04:35,578] Trial 3152 finished with value: 40.14330977861066 and parameters: {'C': 873.5903983288529, 'epsilon': 28.738099559683405, 'gamma': 0.0016390388398229835}. Best is trial 406 with value: 38.90494892453006.
trail number 3154
[I 2025-07-21 19:04:35,593] Trial 3154 finished with value: 39.06618266229239 and parameters: {'C': 700.2716538153895, 'epsilon': 26.053705550203496, 'gamma': 0.007248266380761065}. Best is trial 406 with value: 38.90494892453006.
trail number 3153
[I 2025-07-21 19:04:35,603] Trial 3153 finished with value: 39.948902266911105 and parameters: {'C': 851.7907316609912, 'epsilon': 22.40605261395171, 'gamma': 0.0014675076895949192}. Best is trial 406 with value: 38.90494892453006.
trail number 3155
[I 2025-07-21 19:04:35,609] Trial 3155 finished with value: 39.177978832276686 and parameters: {'C': 858.0967448308375, 'epsilon': 23.31803372028557, 'gamma': 0.005045715914330399}. Best is trial 406 with value: 38.90494892453006.
trail number 3157
[I 2025-07-21 19:04:35,644] Trial 3157 finished with value: 39.731070974801824 and parameters: {'C': 908.961847356044, 'epsilon': 22.80374407627283, 'gamma': 0.002026028681433924}. Best is trial 406 with value: 38.90494892453006.
trail number 3159
[I 2025-07-21 19:04:35,655] Trial 3159 finished with value: 39.47855318638573 and parameters: {'C': 708.5725132954381, 'epsilon': 23.62021398859242, 'gamma': 0.003544143836613934}. Best is trial 406 with value: 38.90494892453006.
trail number 3158
[I 2025-07-21 19:04:35,665] Trial 3158 finished with value: 40.00688855912468 and parameters: {'C': 707.0239314027122, 'epsilon': 25.452072445760425, 'gamma': 0.001776289014714925}. Best is trial 406 with value: 38.90494892453006.
trail number 3156
[I 2025-07-21 19:04:35,677] Trial 3156 finished with value: 43.31583526831591 and parameters: {'C': 864.1385363250092, 'epsilon': 14.070554629475021, 'gamma': 0.06295299323743456}. Best is trial 406 with value: 38.90494892453006.
trail number 3163
[I 2025-07-21 19:04:35,712] Trial 3163 finished with value: 39.34086435107442 and parameters: {'C': 700.758538184435, 'epsilon': 26.124668460610387, 'gamma': 0.004086095429457956}. Best is trial 406 with value: 38.90494892453006.
trail number 3160
[I 2025-07-21 19:04:35,728] Trial 3160 finished with value: 43.097076887623885 and parameters: {'C': 880.7687704953607, 'epsilon': 26.676312399549193, 'gamma': 0.04811129852577952}. Best is trial 406 with value: 38.90494892453006.
trail number 3162
[I 2025-07-21 19:04:35,746] Trial 3162 finished with value: 41.89791440799756 and parameters: {'C': 703.7521810701649, 'epsilon': 28.114048156691553, 'gamma': 0.043520921540763584}. Best is trial 406 with value: 38.90494892453006.
trail number 3165
[I 2025-07-21 19:04:35,762] Trial 3165 finished with value: 41.33958103232203 and parameters: {'C': 908.9994767321562, 'epsilon': 27.066763555313592, 'gamma': 0.0004478134523427414}. Best is trial 406 with value: 38.90494892453006.
trail number 3161
[I 2025-07-21 19:04:35,767] Trial 3161 finished with value: 44.40328055582868 and parameters: {'C': 895.7508451779455, 'epsilon': 28.02344544962436, 'gamma': 0.059787668066387106}. Best is trial 406 with value: 38.90494892453006.
trail number 3164
[I 2025-07-21 19:04:35,776] Trial 3164 finished with value: 43.93326626274437 and parameters: {'C': 782.0729776344277, 'epsilon': 27.62538720152588, 'gamma': 0.05831526667203647}. Best is trial 406 with value: 38.90494892453006.
trail number 3169
[I 2025-07-21 19:04:35,814] Trial 3169 finished with value: 48.30893893904867 and parameters: {'C': 924.6391073424694, 'epsilon': 29.69156169303877, 'gamma': 0.2827938044304809}. Best is trial 406 with value: 38.90494892453006.
trail number 3167
[I 2025-07-21 19:04:35,830] Trial 3167 finished with value: 45.7887348138847 and parameters: {'C': 784.9256685249594, 'epsilon': 27.321446154090225, 'gamma': 0.11007941505539935}. Best is trial 406 with value: 38.90494892453006.
trail number 3166
[I 2025-07-21 19:04:35,849] Trial 3166 finished with value: 46.0339823245512 and parameters: {'C': 865.4465125080077, 'epsilon': 24.89299963041965, 'gamma': 0.10864879753281796}. Best is trial 406 with value: 38.90494892453006.
trail number 3170
[I 2025-07-21 19:04:35,860] Trial 3170 finished with value: 39.456152782650335 and parameters: {'C': 716.9057604436559, 'epsilon': 21.365424937487628, 'gamma': 0.0034047638384203244}. Best is trial 406 with value: 38.90494892453006.
trail number 3168
[I 2025-07-21 19:04:35,881] Trial 3168 finished with value: 46.44754532339848 and parameters: {'C': 1330.0002638781104, 'epsilon': 18.130628043822608, 'gamma': 0.08588652752418638}. Best is trial 406 with value: 38.90494892453006.
trail number 3171
[I 2025-07-21 19:04:35,888] Trial 3171 finished with value: 45.18522365575632 and parameters: {'C': 1033.6469095724237, 'epsilon': 27.528223558792153, 'gamma': 0.06384031867548766}. Best is trial 406 with value: 38.90494892453006.
trail number 3173
[I 2025-07-21 19:04:35,912] Trial 3173 finished with value: 44.383616918908416 and parameters: {'C': 881.3579429939438, 'epsilon': 22.85633182800215, 'gamma': 0.06496124262610349}. Best is trial 406 with value: 38.90494892453006.
trail number 3172
[I 2025-07-21 19:04:35,931] Trial 3172 finished with value: 44.04709326047769 and parameters: {'C': 935.1647346029284, 'epsilon': 25.309679660809493, 'gamma': 0.05604818183114969}. Best is trial 406 with value: 38.90494892453006.
trail number 3175
[I 2025-07-21 19:04:35,941] Trial 3175 finished with value: 39.40957302526199 and parameters: {'C': 1468.3968663523447, 'epsilon': 29.92388065170234, 'gamma': 0.01131300474090502}. Best is trial 406 with value: 38.90494892453006.
trail number 3176
[I 2025-07-21 19:04:35,964] Trial 3176 finished with value: 41.922043812478364 and parameters: {'C': 796.1806795092984, 'epsilon': 29.795435438953866, 'gamma': 0.03971988267425908}. Best is trial 406 with value: 38.90494892453006.
trail number 3174
[I 2025-07-21 19:04:35,977] Trial 3174 finished with value: 44.287431633617516 and parameters: {'C': 1128.381246214094, 'epsilon': 25.613922728900825, 'gamma': 0.052820963505229745}. Best is trial 406 with value: 38.90494892453006.
trail number 3177
[I 2025-07-21 19:04:35,999] Trial 3177 finished with value: 39.459850268530474 and parameters: {'C': 802.3470785042325, 'epsilon': 24.45662334210234, 'gamma': 0.0035771248220788313}. Best is trial 406 with value: 38.90494892453006.
trail number 3178
[I 2025-07-21 19:04:36,011] Trial 3178 finished with value: 39.755389801840444 and parameters: {'C': 791.2265602976664, 'epsilon': 28.113832316461032, 'gamma': 0.002202005318410978}. Best is trial 406 with value: 38.90494892453006.
trail number 3179
