nohup: ignoring input
/home/alber/env/lib/python3.11/site-packages/optuna/_experimental.py:32: ExperimentalWarning: Argument ``multivariate`` is an experimental feature. The interface can change in the future.
  warnings.warn(
[I 2025-07-21 19:03:55,022] A new study created in memory with name: no-name-5bf5404d-6a12-45ea-98e9-3fbf1e64683c
trail number 2
[I 2025-07-21 19:03:55,050] Trial 2 finished with value: 47.72353270400015 and parameters: {'C': 1181.8989205513587, 'epsilon': 22.895892824039137, 'gamma': 0.2502059238459634}. Best is trial 2 with value: 47.72353270400015.
trail number 0
[I 2025-07-21 19:03:55,060] Trial 0 finished with value: 44.330564955967745 and parameters: {'C': 1487.8477599606535, 'epsilon': 23.40222872770106, 'gamma': 0.048530144015037864}. Best is trial 0 with value: 44.330564955967745.
trail number 3
[I 2025-07-21 19:03:55,063] Trial 3 finished with value: 45.273877123817236 and parameters: {'C': 832.7137872339381, 'epsilon': 10.738844268644424, 'gamma': 0.11541775189240538}. Best is trial 0 with value: 44.330564955967745.
trail number 4
[I 2025-07-21 19:03:55,074] Trial 4 finished with value: 39.095989918927 and parameters: {'C': 831.6163530173008, 'epsilon': 25.26118180603882, 'gamma': 0.005934176981072642}. Best is trial 4 with value: 39.095989918927.
trail number 6
[I 2025-07-21 19:03:55,081] Trial 6 finished with value: 49.70050351514159 and parameters: {'C': 914.9741408363676, 'epsilon': 24.364203134534392, 'gamma': 0.38678326959074777}. Best is trial 4 with value: 39.095989918927.
trail number 1
[I 2025-07-21 19:03:55,084] Trial 1 finished with value: 47.24039412009033 and parameters: {'C': 1362.7931935934578, 'epsilon': 12.011606548609889, 'gamma': 0.10324979413005042}. Best is trial 4 with value: 39.095989918927.
trail number 5
[I 2025-07-21 19:03:55,086] Trial 5 finished with value: 48.41530737834891 and parameters: {'C': 1370.0164218321338, 'epsilon': 8.369470869030112, 'gamma': 0.32095746291508576}. Best is trial 4 with value: 39.095989918927.
trail number 8
[I 2025-07-21 19:03:55,098] Trial 8 finished with value: 52.26163989131014 and parameters: {'C': 1164.2639463230907, 'epsilon': 28.473164603964275, 'gamma': 0.4765702069692567}. Best is trial 4 with value: 39.095989918927.
trail number 7
[I 2025-07-21 19:03:55,101] Trial 7 finished with value: 52.47531906054032 and parameters: {'C': 1218.8223193886145, 'epsilon': 29.6054203777103, 'gamma': 0.478968915654209}. Best is trial 4 with value: 39.095989918927.
trail number 11
[I 2025-07-21 19:03:55,116] Trial 11 finished with value: 50.23294416825404 and parameters: {'C': 985.4370239019294, 'epsilon': 26.39259959003217, 'gamma': 0.39592890155453014}. Best is trial 4 with value: 39.095989918927.
trail number 10
[I 2025-07-21 19:03:55,118] Trial 10 finished with value: 44.561709553290775 and parameters: {'C': 757.8033917803042, 'epsilon': 13.02056096072934, 'gamma': 0.08574168338264357}. Best is trial 4 with value: 39.095989918927.
trail number 9
[I 2025-07-21 19:03:55,123] Trial 9 finished with value: 47.98320335215923 and parameters: {'C': 900.5972525780198, 'epsilon': 26.22348610136086, 'gamma': 0.16308611440284793}. Best is trial 4 with value: 39.095989918927.
trail number 13
[I 2025-07-21 19:03:55,135] Trial 13 finished with value: 50.5720178445292 and parameters: {'C': 1436.8060451738047, 'epsilon': 28.96091760789711, 'gamma': 0.3925027639910433}. Best is trial 4 with value: 39.095989918927.
trail number 14
[I 2025-07-21 19:03:55,136] Trial 14 finished with value: 49.724862841053074 and parameters: {'C': 1100.4201350530689, 'epsilon': 26.333195397605746, 'gamma': 0.37481999888415146}. Best is trial 4 with value: 39.095989918927.
trail number 12
[I 2025-07-21 19:03:55,146] Trial 12 finished with value: 48.81680074959065 and parameters: {'C': 1314.4650473748752, 'epsilon': 10.764258318190613, 'gamma': 0.24468802813917587}. Best is trial 4 with value: 39.095989918927.
trail number 16
[I 2025-07-21 19:03:55,156] Trial 16 finished with value: 47.78490398599845 and parameters: {'C': 1382.0995810287664, 'epsilon': 22.271161212285605, 'gamma': 0.2837485469046316}. Best is trial 4 with value: 39.095989918927.
trail number 15
[I 2025-07-21 19:03:55,159] Trial 15 finished with value: 40.0597154172501 and parameters: {'C': 867.9941454655834, 'epsilon': 18.338203362235873, 'gamma': 0.03102388894143496}. Best is trial 4 with value: 39.095989918927.
trail number 17
[I 2025-07-21 19:03:55,168] Trial 17 finished with value: 44.020509366043434 and parameters: {'C': 1408.6408754280083, 'epsilon': 28.17013505426098, 'gamma': 0.04335838663753999}. Best is trial 4 with value: 39.095989918927.
trail number 18
[I 2025-07-21 19:03:55,176] Trial 18 finished with value: 48.482164788417904 and parameters: {'C': 744.4827920631866, 'epsilon': 27.51119411974257, 'gamma': 0.30073436353277017}. Best is trial 4 with value: 39.095989918927.
trail number 19
[I 2025-07-21 19:03:55,181] Trial 19 finished with value: 50.77435438608653 and parameters: {'C': 715.5001339133369, 'epsilon': 29.588204600037194, 'gamma': 0.3968034209757714}. Best is trial 4 with value: 39.095989918927.
trail number 21
[I 2025-07-21 19:03:55,191] Trial 21 finished with value: 48.948821610955314 and parameters: {'C': 1420.366875262113, 'epsilon': 8.114469972250957, 'gamma': 0.41529642884766366}. Best is trial 4 with value: 39.095989918927.
trail number 20
[I 2025-07-21 19:03:55,193] Trial 20 finished with value: 48.123499114247025 and parameters: {'C': 983.7421476089569, 'epsilon': 13.955897166217895, 'gamma': 0.15550134593176262}. Best is trial 4 with value: 39.095989918927.
trail number 22
[I 2025-07-21 19:03:55,196] Trial 22 finished with value: 48.92286630975987 and parameters: {'C': 829.1945627576508, 'epsilon': 16.07364056003277, 'gamma': 0.3907982339290985}. Best is trial 4 with value: 39.095989918927.
trail number 23
[I 2025-07-21 19:03:55,203] Trial 23 finished with value: 48.40830674771084 and parameters: {'C': 844.7112228889546, 'epsilon': 23.533680130021708, 'gamma': 0.3215869529006292}. Best is trial 4 with value: 39.095989918927.
trail number 24
[I 2025-07-21 19:03:55,209] Trial 24 finished with value: 51.247074832271586 and parameters: {'C': 969.4311204848892, 'epsilon': 25.806353329944454, 'gamma': 0.4448734045456289}. Best is trial 4 with value: 39.095989918927.
trail number 25
[I 2025-07-21 19:03:55,214] Trial 25 finished with value: 39.575443668333335 and parameters: {'C': 1190.100931238239, 'epsilon': 28.804224892052964, 'gamma': 0.016212043671655078}. Best is trial 4 with value: 39.095989918927.
trail number 26
[I 2025-07-21 19:03:55,223] Trial 26 finished with value: 47.78897124369883 and parameters: {'C': 812.4550984751561, 'epsilon': 23.57773252230291, 'gamma': 0.1563234951404406}. Best is trial 4 with value: 39.095989918927.
trail number 27
[I 2025-07-21 19:03:55,230] Trial 27 finished with value: 47.95905033629212 and parameters: {'C': 1260.3155930584894, 'epsilon': 20.057991251228735, 'gamma': 0.22908363358535955}. Best is trial 4 with value: 39.095989918927.
trail number 28
[I 2025-07-21 19:03:55,232] Trial 28 finished with value: 48.186215251889315 and parameters: {'C': 886.4603148714906, 'epsilon': 17.73124052624065, 'gamma': 0.3274461032126751}. Best is trial 4 with value: 39.095989918927.
trail number 29
[I 2025-07-21 19:03:55,233] Trial 29 finished with value: 49.459994079171864 and parameters: {'C': 1458.6828379425228, 'epsilon': 25.539291103609546, 'gamma': 0.36817308488839084}. Best is trial 4 with value: 39.095989918927.
trail number 31
[I 2025-07-21 19:03:55,255] Trial 31 finished with value: 47.87675626624312 and parameters: {'C': 928.1749808179004, 'epsilon': 17.19756874139998, 'gamma': 0.28280978492026904}. Best is trial 4 with value: 39.095989918927.
trail number 30
[I 2025-07-21 19:03:55,260] Trial 30 finished with value: 43.18479963343623 and parameters: {'C': 1276.4945590985922, 'epsilon': 21.996525592069542, 'gamma': 0.04364450892082446}. Best is trial 4 with value: 39.095989918927.
trail number 32
[I 2025-07-21 19:03:55,266] Trial 32 finished with value: 48.288630279186506 and parameters: {'C': 1343.3145577179034, 'epsilon': 28.90080990539319, 'gamma': 0.14332387906166957}. Best is trial 4 with value: 39.095989918927.
trail number 33
[I 2025-07-21 19:03:55,272] Trial 33 finished with value: 42.39983458732737 and parameters: {'C': 1113.4259770233527, 'epsilon': 29.297342959381872, 'gamma': 0.036552174646500145}. Best is trial 4 with value: 39.095989918927.
trail number 34
[I 2025-07-21 19:03:55,291] Trial 34 finished with value: 39.06581396232919 and parameters: {'C': 1263.8995214119175, 'epsilon': 29.213465989645172, 'gamma': 0.0050240416401119235}. Best is trial 34 with value: 39.06581396232919.
trail number 35
[I 2025-07-21 19:03:55,297] Trial 35 finished with value: 43.60218354781504 and parameters: {'C': 1152.1182796662442, 'epsilon': 27.416845584183186, 'gamma': 0.045142603985688784}. Best is trial 34 with value: 39.06581396232919.
trail number 36
[I 2025-07-21 19:03:55,297] Trial 36 finished with value: 39.470582843077615 and parameters: {'C': 1122.5225585688568, 'epsilon': 19.467408567566732, 'gamma': 0.006388951111998029}. Best is trial 34 with value: 39.06581396232919.
trail number 37
[I 2025-07-21 19:03:55,314] Trial 37 finished with value: 39.10045241505832 and parameters: {'C': 1045.2364410349073, 'epsilon': 26.616933639412785, 'gamma': 0.012302936163504606}. Best is trial 34 with value: 39.06581396232919.
trail number 39
[I 2025-07-21 19:03:55,325] Trial 39 finished with value: 39.21247830341427 and parameters: {'C': 872.3070531085632, 'epsilon': 25.47403750315256, 'gamma': 0.004447110044825426}. Best is trial 34 with value: 39.06581396232919.
trail number 40
[I 2025-07-21 19:03:55,330] Trial 40 finished with value: 39.76752751353082 and parameters: {'C': 746.5034657587998, 'epsilon': 25.712397829066326, 'gamma': 0.022586454666434042}. Best is trial 34 with value: 39.06581396232919.
trail number 42
[I 2025-07-21 19:03:55,347] Trial 42 finished with value: 39.968529800347966 and parameters: {'C': 876.068631290971, 'epsilon': 24.195666175588805, 'gamma': 0.0014181688394629844}. Best is trial 34 with value: 39.06581396232919.
trail number 43
[I 2025-07-21 19:03:55,353] Trial 43 finished with value: 39.145405597398984 and parameters: {'C': 938.1847176798759, 'epsilon': 24.747794351081616, 'gamma': 0.005978459076819344}. Best is trial 34 with value: 39.06581396232919.
trail number 38
[I 2025-07-21 19:03:55,362] Trial 38 finished with value: 43.76248467594763 and parameters: {'C': 1054.2923391841568, 'epsilon': 19.071575443569017, 'gamma': 0.05699678987949178}. Best is trial 34 with value: 39.06581396232919.
trail number 41
[I 2025-07-21 19:03:55,368] Trial 41 finished with value: 40.96495893036943 and parameters: {'C': 858.36898345836, 'epsilon': 24.64489703619926, 'gamma': 0.03415427036552231}. Best is trial 34 with value: 39.06581396232919.
trail number 44
[I 2025-07-21 19:03:55,387] Trial 44 finished with value: 39.872476983456515 and parameters: {'C': 1095.9274265939935, 'epsilon': 19.35754468512328, 'gamma': 0.025505611561903247}. Best is trial 34 with value: 39.06581396232919.
trail number 45
[I 2025-07-21 19:03:55,391] Trial 45 finished with value: 45.06911347581213 and parameters: {'C': 903.2413354938019, 'epsilon': 28.496216500215176, 'gamma': 0.06997868245981857}. Best is trial 34 with value: 39.06581396232919.
trail number 47
[I 2025-07-21 19:03:55,392] Trial 47 finished with value: 42.05063742103148 and parameters: {'C': 800.2103943075459, 'epsilon': 29.53811495189776, 'gamma': 0.0003074798384586847}. Best is trial 34 with value: 39.06581396232919.
trail number 46
[I 2025-07-21 19:03:55,400] Trial 46 finished with value: 39.01007920819754 and parameters: {'C': 859.8671048361964, 'epsilon': 28.40097438664463, 'gamma': 0.00646380042714046}. Best is trial 46 with value: 39.01007920819754.
trail number 48
[I 2025-07-21 19:03:55,421] Trial 48 finished with value: 40.01683042196221 and parameters: {'C': 941.1929035143212, 'epsilon': 28.964147860364122, 'gamma': 0.021814867973810388}. Best is trial 46 with value: 39.01007920819754.
trail number 50
[I 2025-07-21 19:03:55,429] Trial 50 finished with value: 39.04385574363912 and parameters: {'C': 947.7539965732867, 'epsilon': 24.603275335464726, 'gamma': 0.016035190846234892}. Best is trial 46 with value: 39.01007920819754.
trail number 49
[I 2025-07-21 19:03:55,440] Trial 49 finished with value: 39.089934327677256 and parameters: {'C': 1028.7604005598482, 'epsilon': 23.907817618427142, 'gamma': 0.011957609243757852}. Best is trial 46 with value: 39.01007920819754.
trail number 51
[I 2025-07-21 19:03:55,456] Trial 51 finished with value: 47.30749343040481 and parameters: {'C': 1114.080461810767, 'epsilon': 24.119982582783646, 'gamma': 0.11392338478763961}. Best is trial 46 with value: 39.01007920819754.
trail number 52
[I 2025-07-21 19:03:55,467] Trial 52 finished with value: 46.02609812545505 and parameters: {'C': 1058.9975139486924, 'epsilon': 24.06502264676535, 'gamma': 0.0823079528361792}. Best is trial 46 with value: 39.01007920819754.
trail number 54
[I 2025-07-21 19:03:55,477] Trial 54 finished with value: 39.21367319628412 and parameters: {'C': 1039.484414516506, 'epsilon': 25.953261259594118, 'gamma': 0.004097532445625485}. Best is trial 46 with value: 39.01007920819754.
trail number 53
[I 2025-07-21 19:03:55,477] Trial 53 finished with value: 47.0876673837178 and parameters: {'C': 1055.023775710435, 'epsilon': 24.70077285005288, 'gamma': 0.11344560166945974}. Best is trial 46 with value: 39.01007920819754.
trail number 56
[I 2025-07-21 19:03:55,494] Trial 56 finished with value: 39.5545242095931 and parameters: {'C': 1298.378075428811, 'epsilon': 29.237129838532407, 'gamma': 0.0021245165983027965}. Best is trial 46 with value: 39.01007920819754.
trail number 58
[I 2025-07-21 19:03:55,506] Trial 58 finished with value: 42.37823794918214 and parameters: {'C': 1028.3191941471798, 'epsilon': 26.277873447264056, 'gamma': 0.00019497934495655775}. Best is trial 46 with value: 39.01007920819754.
trail number 57
[I 2025-07-21 19:03:55,506] Trial 57 finished with value: 51.39075695371078 and parameters: {'C': 1332.516121240264, 'epsilon': 19.99709618247451, 'gamma': 0.4937287568464743}. Best is trial 46 with value: 39.01007920819754.
trail number 55
[I 2025-07-21 19:03:55,513] Trial 55 finished with value: 40.31422899669974 and parameters: {'C': 1068.483817867288, 'epsilon': 24.23152048779984, 'gamma': 0.024538989099124088}. Best is trial 46 with value: 39.01007920819754.
trail number 59
[I 2025-07-21 19:03:55,529] Trial 59 finished with value: 39.71229059783174 and parameters: {'C': 1003.8129673891351, 'epsilon': 24.295710564394653, 'gamma': 0.020874628434469227}. Best is trial 46 with value: 39.01007920819754.
trail number 60
[I 2025-07-21 19:03:55,557] Trial 60 finished with value: 48.1393177277857 and parameters: {'C': 885.4679999530946, 'epsilon': 28.51597559313054, 'gamma': 0.14560712898223432}. Best is trial 46 with value: 39.01007920819754.
trail number 61
[I 2025-07-21 19:03:55,563] Trial 61 finished with value: 46.50920805683204 and parameters: {'C': 1461.1973329937223, 'epsilon': 17.698098580709768, 'gamma': 0.07909692833194348}. Best is trial 46 with value: 39.01007920819754.
trail number 62
[I 2025-07-21 19:03:55,564] Trial 62 finished with value: 45.28425559121017 and parameters: {'C': 782.3105071520237, 'epsilon': 23.364128967784083, 'gamma': 0.0880261883516032}. Best is trial 46 with value: 39.01007920819754.
trail number 63
[I 2025-07-21 19:03:55,570] Trial 63 finished with value: 45.71985456656071 and parameters: {'C': 839.9084441564762, 'epsilon': 28.851657507027966, 'gamma': 0.10052538112215308}. Best is trial 46 with value: 39.01007920819754.
trail number 65
[I 2025-07-21 19:03:55,589] Trial 65 finished with value: 39.43833858435153 and parameters: {'C': 945.4799198838995, 'epsilon': 22.541968747327324, 'gamma': 0.002934825463325876}. Best is trial 46 with value: 39.01007920819754.
trail number 67
[I 2025-07-21 19:03:55,604] Trial 67 finished with value: 41.07238290446609 and parameters: {'C': 900.5257278722886, 'epsilon': 20.61543151787005, 'gamma': 0.037110045967250364}. Best is trial 46 with value: 39.01007920819754.
trail number 66
[I 2025-07-21 19:03:55,617] Trial 66 finished with value: 39.8893590325978 and parameters: {'C': 864.5151888198881, 'epsilon': 19.203013646194986, 'gamma': 0.029363396704506606}. Best is trial 46 with value: 39.01007920819754.
trail number 64
[I 2025-07-21 19:03:55,623] Trial 64 finished with value: 45.59336610288549 and parameters: {'C': 921.1955045866403, 'epsilon': 22.113543625023258, 'gamma': 0.08728264018541085}. Best is trial 46 with value: 39.01007920819754.
trail number 68
[I 2025-07-21 19:03:55,630] Trial 68 finished with value: 43.94229125922973 and parameters: {'C': 900.0903102710552, 'epsilon': 21.126895093158534, 'gamma': 0.0615747972662537}. Best is trial 46 with value: 39.01007920819754.
trail number 69
[I 2025-07-21 19:03:55,641] Trial 69 finished with value: 48.51092502624947 and parameters: {'C': 1023.929496901528, 'epsilon': 8.108062618143208, 'gamma': 0.2859152092726153}. Best is trial 46 with value: 39.01007920819754.
trail number 71
[I 2025-07-21 19:03:55,657] Trial 71 finished with value: 38.95014158713764 and parameters: {'C': 1006.7946760696964, 'epsilon': 24.883716243762443, 'gamma': 0.011971423419477736}. Best is trial 71 with value: 38.95014158713764.
trail number 70
[I 2025-07-21 19:03:55,658] Trial 70 finished with value: 39.11452508017867 and parameters: {'C': 894.0853042927307, 'epsilon': 27.31222984800953, 'gamma': 0.009296385907639312}. Best is trial 71 with value: 38.95014158713764.
trail number 72
[I 2025-07-21 19:03:55,658] Trial 72 finished with value: 40.175996580387384 and parameters: {'C': 926.7029110936738, 'epsilon': 29.36688305309292, 'gamma': 0.023345477627891163}. Best is trial 71 with value: 38.95014158713764.
trail number 73
[I 2025-07-21 19:03:55,676] Trial 73 finished with value: 49.57751588498329 and parameters: {'C': 1218.3366371427185, 'epsilon': 11.061474458915006, 'gamma': 0.4589500621004782}. Best is trial 71 with value: 38.95014158713764.
trail number 76
[I 2025-07-21 19:03:55,692] Trial 76 finished with value: 39.068737244217246 and parameters: {'C': 1180.2989539918806, 'epsilon': 25.213141424329, 'gamma': 0.010427646169382547}. Best is trial 71 with value: 38.95014158713764.
trail number 77
[I 2025-07-21 19:03:55,700] Trial 77 finished with value: 39.07047850568021 and parameters: {'C': 780.3743155253209, 'epsilon': 26.20851476036095, 'gamma': 0.005941471499202494}. Best is trial 71 with value: 38.95014158713764.
trail number 75
[I 2025-07-21 19:03:55,705] Trial 75 finished with value: 39.134239047501566 and parameters: {'C': 1242.3400089617576, 'epsilon': 26.54574416973254, 'gamma': 0.012243519932255406}. Best is trial 71 with value: 38.95014158713764.
trail number 74
[I 2025-07-21 19:03:55,718] Trial 74 finished with value: 45.21420950668883 and parameters: {'C': 1264.0777499115654, 'epsilon': 24.954846255875736, 'gamma': 0.05771810476656262}. Best is trial 71 with value: 38.95014158713764.
trail number 79
[I 2025-07-21 19:03:55,726] Trial 79 finished with value: 39.56253128006299 and parameters: {'C': 710.8354392294576, 'epsilon': 28.207219840523123, 'gamma': 0.0027891972815860073}. Best is trial 71 with value: 38.95014158713764.
trail number 80
[I 2025-07-21 19:03:55,735] Trial 80 finished with value: 39.47752630969409 and parameters: {'C': 736.3705436578491, 'epsilon': 23.623074649718717, 'gamma': 0.0035463853080492823}. Best is trial 71 with value: 38.95014158713764.
trail number 82
[I 2025-07-21 19:03:55,748] Trial 82 finished with value: 40.95084470937443 and parameters: {'C': 1230.6044226998781, 'epsilon': 21.23747676270821, 'gamma': 0.00034463077150411435}. Best is trial 71 with value: 38.95014158713764.
trail number 78
[I 2025-07-21 19:03:55,754] Trial 78 finished with value: 46.432458701578604 and parameters: {'C': 1348.8562521152737, 'epsilon': 24.85996503661117, 'gamma': 0.06889302712352803}. Best is trial 71 with value: 38.95014158713764.
trail number 81
[I 2025-07-21 19:03:55,760] Trial 81 finished with value: 47.65788678564746 and parameters: {'C': 1109.57019154469, 'epsilon': 29.672513263832474, 'gamma': 0.18211799603765108}. Best is trial 71 with value: 38.95014158713764.
trail number 86
[I 2025-07-21 19:03:55,780] Trial 86 finished with value: 39.138661472830215 and parameters: {'C': 1029.4983034779054, 'epsilon': 25.1915471588234, 'gamma': 0.004378468570888047}. Best is trial 71 with value: 38.95014158713764.
trail number 83
[I 2025-07-21 19:03:55,785] Trial 83 finished with value: 39.43974839868351 and parameters: {'C': 1311.6928458753289, 'epsilon': 25.91105141722707, 'gamma': 0.015095186659639681}. Best is trial 71 with value: 38.95014158713764.
trail number 84
[I 2025-07-21 19:03:55,792] Trial 84 finished with value: 43.115109794898125 and parameters: {'C': 1133.7351374468751, 'epsilon': 26.839767684864686, 'gamma': 0.042062489456844}. Best is trial 71 with value: 38.95014158713764.
trail number 85
[I 2025-07-21 19:03:55,803] Trial 85 finished with value: 48.07029386238389 and parameters: {'C': 1495.936193448516, 'epsilon': 14.321756392272658, 'gamma': 0.311885082561961}. Best is trial 71 with value: 38.95014158713764.
trail number 89
[I 2025-07-21 19:03:55,817] Trial 89 finished with value: 39.32567155216392 and parameters: {'C': 1151.8688320227031, 'epsilon': 28.987824672436403, 'gamma': 0.008014318979676895}. Best is trial 71 with value: 38.95014158713764.
trail number 87
[I 2025-07-21 19:03:55,823] Trial 87 finished with value: 42.481162463279404 and parameters: {'C': 1143.697882463148, 'epsilon': 29.80340543446466, 'gamma': 0.03624935280622879}. Best is trial 71 with value: 38.95014158713764.
trail number 88
