[I 2025-07-21 19:04:10,425] Trial 1421 finished with value: 43.64346108919595 and parameters: {'C': 730.6063989046899, 'epsilon': 29.346578955194325, 'gamma': 0.05648941765469218}. Best is trial 406 with value: 38.90494892453006.
trail number 1418
[I 2025-07-21 19:04:10,432] Trial 1418 finished with value: 44.84186195339032 and parameters: {'C': 727.149164657299, 'epsilon': 13.73401094863111, 'gamma': 0.10591838842299942}. Best is trial 406 with value: 38.90494892453006.
trail number 1420
[I 2025-07-21 19:04:10,432] Trial 1420 finished with value: 44.03793943806016 and parameters: {'C': 784.0974193864874, 'epsilon': 27.787992486992067, 'gamma': 0.05940115107200331}. Best is trial 406 with value: 38.90494892453006.
trail number 1422
[I 2025-07-21 19:04:10,444] Trial 1422 finished with value: 44.502896415416714 and parameters: {'C': 720.213626554551, 'epsilon': 29.741725226435033, 'gamma': 0.07017592147353822}. Best is trial 406 with value: 38.90494892453006.
trail number 1423
[I 2025-07-21 19:04:10,475] Trial 1423 finished with value: 39.961814370242564 and parameters: {'C': 704.9904599772569, 'epsilon': 27.552917356706708, 'gamma': 0.02579798732585677}. Best is trial 406 with value: 38.90494892453006.
trail number 1426
[I 2025-07-21 19:04:10,486] Trial 1426 finished with value: 44.13889519392867 and parameters: {'C': 700.4382946182467, 'epsilon': 29.501662068145528, 'gamma': 0.06531546388638809}. Best is trial 406 with value: 38.90494892453006.
trail number 1424
[I 2025-07-21 19:04:10,492] Trial 1424 finished with value: 38.95581805076471 and parameters: {'C': 717.6483577022323, 'epsilon': 25.08143890761408, 'gamma': 0.013624518181810787}. Best is trial 406 with value: 38.90494892453006.
trail number 1425
[I 2025-07-21 19:04:10,503] Trial 1425 finished with value: 40.218999809899714 and parameters: {'C': 717.820876541074, 'epsilon': 27.42918489134027, 'gamma': 0.029655578756371134}. Best is trial 406 with value: 38.90494892453006.
trail number 1427
[I 2025-07-21 19:04:10,512] Trial 1427 finished with value: 39.7344721916309 and parameters: {'C': 707.0748952766493, 'epsilon': 29.979669289303157, 'gamma': 0.022012903857789312}. Best is trial 406 with value: 38.90494892453006.
trail number 1428
[I 2025-07-21 19:04:10,538] Trial 1428 finished with value: 46.43170356089665 and parameters: {'C': 819.0630427691697, 'epsilon': 28.182689852778104, 'gamma': 0.11695821522049839}. Best is trial 406 with value: 38.90494892453006.
trail number 1431
[I 2025-07-21 19:04:10,545] Trial 1431 finished with value: 40.05032171269578 and parameters: {'C': 714.2297974110095, 'epsilon': 25.71050769748366, 'gamma': 0.02647626232630057}. Best is trial 406 with value: 38.90494892453006.
trail number 1430
[I 2025-07-21 19:04:10,551] Trial 1430 finished with value: 39.22298488080145 and parameters: {'C': 799.3919909714874, 'epsilon': 22.834662034818546, 'gamma': 0.007120808554263266}. Best is trial 406 with value: 38.90494892453006.
trail number 1429
[I 2025-07-21 19:04:10,554] Trial 1429 finished with value: 43.35649834934391 and parameters: {'C': 708.7588918258103, 'epsilon': 25.081580037026345, 'gamma': 0.057365366163560236}. Best is trial 406 with value: 38.90494892453006.
trail number 1433
[I 2025-07-21 19:04:10,586] Trial 1433 finished with value: 39.06613079168155 and parameters: {'C': 712.5191352494052, 'epsilon': 26.577978469896063, 'gamma': 0.009366895788754149}. Best is trial 406 with value: 38.90494892453006.
trail number 1432
[I 2025-07-21 19:04:10,598] Trial 1432 finished with value: 47.884528006009795 and parameters: {'C': 720.5710957106821, 'epsilon': 29.45889463593852, 'gamma': 0.15143956363266034}. Best is trial 406 with value: 38.90494892453006.
trail number 1435
[I 2025-07-21 19:04:10,608] Trial 1435 finished with value: 42.6067991599488 and parameters: {'C': 700.9106568687785, 'epsilon': 26.998295943433526, 'gamma': 0.04961336962117234}. Best is trial 406 with value: 38.90494892453006.
trail number 1434
[I 2025-07-21 19:04:10,614] Trial 1434 finished with value: 41.135302738493 and parameters: {'C': 734.873924541022, 'epsilon': 25.97418665232645, 'gamma': 0.03836366213052164}. Best is trial 406 with value: 38.90494892453006.
trail number 1436
[I 2025-07-21 19:04:10,634] Trial 1436 finished with value: 45.06650867970937 and parameters: {'C': 715.5813466863133, 'epsilon': 26.78266584308176, 'gamma': 0.0844039617373228}. Best is trial 406 with value: 38.90494892453006.
trail number 1437
[I 2025-07-21 19:04:10,645] Trial 1437 finished with value: 45.23411827849715 and parameters: {'C': 705.1780538605163, 'epsilon': 26.10760824238504, 'gamma': 0.09583711870006015}. Best is trial 406 with value: 38.90494892453006.
trail number 1439
[I 2025-07-21 19:04:10,666] Trial 1439 finished with value: 40.74549386968188 and parameters: {'C': 718.0238289987761, 'epsilon': 23.163295774348313, 'gamma': 0.035907893753554104}. Best is trial 406 with value: 38.90494892453006.
trail number 1440
[I 2025-07-21 19:04:10,673] Trial 1440 finished with value: 43.07119839915736 and parameters: {'C': 702.2254267060404, 'epsilon': 23.64590889325728, 'gamma': 0.05660252226633374}. Best is trial 406 with value: 38.90494892453006.
trail number 1438
[I 2025-07-21 19:04:10,679] Trial 1438 finished with value: 43.88296929554085 and parameters: {'C': 732.444292046456, 'epsilon': 21.84199181135827, 'gamma': 0.06676485180969217}. Best is trial 406 with value: 38.90494892453006.
trail number 1441
[I 2025-07-21 19:04:10,685] Trial 1441 finished with value: 39.54159196070235 and parameters: {'C': 1267.2332012096588, 'epsilon': 17.200796025759303, 'gamma': 0.004605152076685354}. Best is trial 406 with value: 38.90494892453006.
trail number 1442
[I 2025-07-21 19:04:10,717] Trial 1442 finished with value: 40.27881145377556 and parameters: {'C': 763.7961049227789, 'epsilon': 26.24612827978219, 'gamma': 0.0012436223608768152}. Best is trial 406 with value: 38.90494892453006.
trail number 1445
[I 2025-07-21 19:04:10,729] Trial 1445 finished with value: 46.238269303963236 and parameters: {'C': 702.4704795251955, 'epsilon': 27.459421569064745, 'gamma': 0.12580438221432733}. Best is trial 406 with value: 38.90494892453006.
trail number 1443
[I 2025-07-21 19:04:10,735] Trial 1443 finished with value: 42.930079301271554 and parameters: {'C': 714.9116968923031, 'epsilon': 23.84342065092701, 'gamma': 0.054780029621121565}. Best is trial 406 with value: 38.90494892453006.
trail number 1444
[I 2025-07-21 19:04:10,758] Trial 1444 finished with value: 46.929087322477066 and parameters: {'C': 808.559857954353, 'epsilon': 21.691411508658142, 'gamma': 0.13912651871914275}. Best is trial 406 with value: 38.90494892453006.
trail number 1446
[I 2025-07-21 19:04:10,773] Trial 1446 finished with value: 47.58115374922194 and parameters: {'C': 708.2714634525339, 'epsilon': 24.535247087154335, 'gamma': 0.15843010067519647}. Best is trial 406 with value: 38.90494892453006.
trail number 1447
[I 2025-07-21 19:04:10,780] Trial 1447 finished with value: 45.55971805441288 and parameters: {'C': 751.4178703025364, 'epsilon': 24.63614420066376, 'gamma': 0.1086693527544301}. Best is trial 406 with value: 38.90494892453006.
trail number 1448
[I 2025-07-21 19:04:10,780] Trial 1448 finished with value: 41.45495786691377 and parameters: {'C': 701.4204268267463, 'epsilon': 26.11797291463311, 'gamma': 0.04181398839889812}. Best is trial 406 with value: 38.90494892453006.
trail number 1449
[I 2025-07-21 19:04:10,807] Trial 1449 finished with value: 39.09430468470945 and parameters: {'C': 740.6857201027088, 'epsilon': 26.082031747879913, 'gamma': 0.015779865538745736}. Best is trial 406 with value: 38.90494892453006.
trail number 1452
[I 2025-07-21 19:04:10,821] Trial 1452 finished with value: 39.1252178886467 and parameters: {'C': 757.4836767749223, 'epsilon': 24.564258153773764, 'gamma': 0.006389598749470815}. Best is trial 406 with value: 38.90494892453006.
trail number 1451
[I 2025-07-21 19:04:10,832] Trial 1451 finished with value: 44.55989553589922 and parameters: {'C': 813.3783026628912, 'epsilon': 25.999419167728764, 'gamma': 0.0668762259913659}. Best is trial 406 with value: 38.90494892453006.
trail number 1450
[I 2025-07-21 19:04:10,846] Trial 1450 finished with value: 41.81822203329408 and parameters: {'C': 701.9936497009162, 'epsilon': 27.160599359487637, 'gamma': 0.0438852140647352}. Best is trial 406 with value: 38.90494892453006.
trail number 1453
[I 2025-07-21 19:04:10,857] Trial 1453 finished with value: 41.893332257569554 and parameters: {'C': 708.7256591769931, 'epsilon': 27.147644471639133, 'gamma': 0.04416379481001817}. Best is trial 406 with value: 38.90494892453006.
trail number 1455
[I 2025-07-21 19:04:10,868] Trial 1455 finished with value: 39.2204830611346 and parameters: {'C': 743.968979119983, 'epsilon': 21.514009686526137, 'gamma': 0.006699517882295095}. Best is trial 406 with value: 38.90494892453006.
trail number 1454
[I 2025-07-21 19:04:10,874] Trial 1454 finished with value: 43.92876954243985 and parameters: {'C': 844.6503866463075, 'epsilon': 24.823282480525666, 'gamma': 0.05818253310904553}. Best is trial 406 with value: 38.90494892453006.
trail number 1457
[I 2025-07-21 19:04:10,891] Trial 1457 finished with value: 39.312277828850846 and parameters: {'C': 701.027193966903, 'epsilon': 20.290070826311222, 'gamma': 0.009567980372775134}. Best is trial 406 with value: 38.90494892453006.
trail number 1456
[I 2025-07-21 19:04:10,897] Trial 1456 finished with value: 39.29568592039283 and parameters: {'C': 763.8656115468924, 'epsilon': 21.74791894446046, 'gamma': 0.004669340459486087}. Best is trial 406 with value: 38.90494892453006.
trail number 1459
[I 2025-07-21 19:04:10,913] Trial 1459 finished with value: 39.624097076931704 and parameters: {'C': 770.5185548855225, 'epsilon': 22.527515429346625, 'gamma': 0.002694046711879205}. Best is trial 406 with value: 38.90494892453006.
trail number 1458
[I 2025-07-21 19:04:10,925] Trial 1458 finished with value: 45.411340984010685 and parameters: {'C': 1208.16100826959, 'epsilon': 26.598405986319854, 'gamma': 0.059809156918077665}. Best is trial 406 with value: 38.90494892453006.
trail number 1460
[I 2025-07-21 19:04:10,935] Trial 1460 finished with value: 39.15345244204264 and parameters: {'C': 1044.4311191542765, 'epsilon': 25.920896137064325, 'gamma': 0.008336139937829123}. Best is trial 406 with value: 38.90494892453006.
trail number 1462
[I 2025-07-21 19:04:10,945] Trial 1462 finished with value: 40.09986943220804 and parameters: {'C': 778.6987859236152, 'epsilon': 25.241357764026894, 'gamma': 0.001515323851931618}. Best is trial 406 with value: 38.90494892453006.
trail number 1461
[I 2025-07-21 19:04:10,952] Trial 1461 finished with value: 44.230024618738945 and parameters: {'C': 981.9455403187875, 'epsilon': 25.06316127943702, 'gamma': 0.0568190060403407}. Best is trial 406 with value: 38.90494892453006.
trail number 1463
[I 2025-07-21 19:04:10,961] Trial 1463 finished with value: 39.81952608227637 and parameters: {'C': 750.6298421769844, 'epsilon': 29.728036538100195, 'gamma': 0.0023456637276053948}. Best is trial 406 with value: 38.90494892453006.
trail number 1465
[I 2025-07-21 19:04:10,984] Trial 1465 finished with value: 39.52826100271072 and parameters: {'C': 1088.6416708614836, 'epsilon': 23.649170829823806, 'gamma': 0.0022659402534106407}. Best is trial 406 with value: 38.90494892453006.
trail number 1464
[I 2025-07-21 19:04:10,991] Trial 1464 finished with value: 43.762394943787356 and parameters: {'C': 1030.8223095261137, 'epsilon': 24.2552219212105, 'gamma': 0.05204684202952681}. Best is trial 406 with value: 38.90494892453006.
trail number 1467
[I 2025-07-21 19:04:11,003] Trial 1467 finished with value: 47.868157451993696 and parameters: {'C': 950.8897931193345, 'epsilon': 15.861822832296705, 'gamma': 0.2770085354502514}. Best is trial 406 with value: 38.90494892453006.
trail number 1466
[I 2025-07-21 19:04:11,003] Trial 1466 finished with value: 39.05513719007107 and parameters: {'C': 791.7683508476109, 'epsilon': 25.596778014325636, 'gamma': 0.007522365937802516}. Best is trial 406 with value: 38.90494892453006.
trail number 1468
[I 2025-07-21 19:04:11,029] Trial 1468 finished with value: 38.98089945528517 and parameters: {'C': 710.1663828308965, 'epsilon': 24.520668935427395, 'gamma': 0.0170063954764839}. Best is trial 406 with value: 38.90494892453006.
trail number 1470
[I 2025-07-21 19:04:11,046] Trial 1470 finished with value: 44.10251056463212 and parameters: {'C': 808.8423024918368, 'epsilon': 24.85140542739459, 'gamma': 0.06170670615397966}. Best is trial 406 with value: 38.90494892453006.
trail number 1469
[I 2025-07-21 19:04:11,060] Trial 1469 finished with value: 45.37204830078479 and parameters: {'C': 797.4679227300237, 'epsilon': 24.387093388022528, 'gamma': 0.08704490722668914}. Best is trial 406 with value: 38.90494892453006.
trail number 1471
[I 2025-07-21 19:04:11,067] Trial 1471 finished with value: 43.93710308112939 and parameters: {'C': 874.4672010555281, 'epsilon': 24.07018839887578, 'gamma': 0.058247141637917374}. Best is trial 406 with value: 38.90494892453006.
trail number 1472
[I 2025-07-21 19:04:11,075] Trial 1472 finished with value: 44.50922229779975 and parameters: {'C': 752.2915856327814, 'epsilon': 23.785627592240964, 'gamma': 0.07225476050318949}. Best is trial 406 with value: 38.90494892453006.
trail number 1473
[I 2025-07-21 19:04:11,092] Trial 1473 finished with value: 44.86738456447476 and parameters: {'C': 700.8935948879416, 'epsilon': 23.0051981646211, 'gamma': 0.08744423432435385}. Best is trial 406 with value: 38.90494892453006.
trail number 1475
[I 2025-07-21 19:04:11,109] Trial 1475 finished with value: 39.517047096034986 and parameters: {'C': 745.3759903160741, 'epsilon': 25.50797114756086, 'gamma': 0.0029271592932916986}. Best is trial 406 with value: 38.90494892453006.
trail number 1476
[I 2025-07-21 19:04:11,121] Trial 1476 finished with value: 45.74598819911766 and parameters: {'C': 702.1443541149615, 'epsilon': 24.84529746486163, 'gamma': 0.12237496705231392}. Best is trial 406 with value: 38.90494892453006.
trail number 1474
[I 2025-07-21 19:04:11,132] Trial 1474 finished with value: 45.25444175061328 and parameters: {'C': 716.9263220579726, 'epsilon': 23.46657362215148, 'gamma': 0.10003280642928442}. Best is trial 406 with value: 38.90494892453006.
trail number 1477
[I 2025-07-21 19:04:11,138] Trial 1477 finished with value: 43.78986610793002 and parameters: {'C': 772.6968559899267, 'epsilon': 23.847045928548628, 'gamma': 0.060247968857871544}. Best is trial 406 with value: 38.90494892453006.
trail number 1478
[I 2025-07-21 19:04:11,155] Trial 1478 finished with value: 44.45664024487137 and parameters: {'C': 833.0516355562044, 'epsilon': 27.291423135200837, 'gamma': 0.06317436377319524}. Best is trial 406 with value: 38.90494892453006.
trail number 1479
[I 2025-07-21 19:04:11,170] Trial 1479 finished with value: 41.74533168769165 and parameters: {'C': 828.7592008051449, 'epsilon': 24.090164271456956, 'gamma': 0.04133934233972421}. Best is trial 406 with value: 38.90494892453006.
trail number 1480
[I 2025-07-21 19:04:11,184] Trial 1480 finished with value: 44.30208586992529 and parameters: {'C': 812.6209052635331, 'epsilon': 21.324179657334263, 'gamma': 0.0698322179297955}. Best is trial 406 with value: 38.90494892453006.
trail number 1481
[I 2025-07-21 19:04:11,195] Trial 1481 finished with value: 41.95751765648356 and parameters: {'C': 802.680766979588, 'epsilon': 24.070250941503083, 'gamma': 0.043722659640573903}. Best is trial 406 with value: 38.90494892453006.
trail number 1482
[I 2025-07-21 19:04:11,205] Trial 1482 finished with value: 40.18647514471251 and parameters: {'C': 724.6663083342388, 'epsilon': 24.1258845391705, 'gamma': 0.02922674269841868}. Best is trial 406 with value: 38.90494892453006.
trail number 1483
[I 2025-07-21 19:04:11,216] Trial 1483 finished with value: 43.78673071206665 and parameters: {'C': 725.6385778574025, 'epsilon': 24.56623013956469, 'gamma': 0.06138983755292021}. Best is trial 406 with value: 38.90494892453006.
trail number 1484
[I 2025-07-21 19:04:11,227] Trial 1484 finished with value: 39.03946046744168 and parameters: {'C': 722.4635632593813, 'epsilon': 26.282935593137783, 'gamma': 0.013269498433648599}. Best is trial 406 with value: 38.90494892453006.
trail number 1485
[I 2025-07-21 19:04:11,233] Trial 1485 finished with value: 42.10327210290435 and parameters: {'C': 703.6589353339972, 'epsilon': 27.704280768093618, 'gamma': 0.00034489752645227613}. Best is trial 406 with value: 38.90494892453006.
trail number 1486
[I 2025-07-21 19:04:11,262] Trial 1486 finished with value: 42.774949071824835 and parameters: {'C': 700.2937395715732, 'epsilon': 24.09649006249083, 'gamma': 0.05391608370028953}. Best is trial 406 with value: 38.90494892453006.
trail number 1488
[I 2025-07-21 19:04:11,270] Trial 1488 finished with value: 40.08844425594516 and parameters: {'C': 710.515534769815, 'epsilon': 25.398794547122655, 'gamma': 0.02699776040542569}. Best is trial 406 with value: 38.90494892453006.
trail number 1487
[I 2025-07-21 19:04:11,270] Trial 1487 finished with value: 45.061338287815936 and parameters: {'C': 718.0592321283846, 'epsilon': 20.4383707157708, 'gamma': 0.0985455225407347}. Best is trial 406 with value: 38.90494892453006.
trail number 1489
[I 2025-07-21 19:04:11,281] Trial 1489 finished with value: 45.05708370444165 and parameters: {'C': 788.3179118734338, 'epsilon': 26.865695055429597, 'gamma': 0.07659568812066865}. Best is trial 406 with value: 38.90494892453006.
trail number 1490
[I 2025-07-21 19:04:11,307] Trial 1490 finished with value: 41.816213441143546 and parameters: {'C': 792.5694722618507, 'epsilon': 24.30196095670576, 'gamma': 0.00033895355264925396}. Best is trial 406 with value: 38.90494892453006.
trail number 1493
[I 2025-07-21 19:04:11,316] Trial 1493 finished with value: 39.40671241920594 and parameters: {'C': 822.3737715055277, 'epsilon': 26.318877777779957, 'gamma': 0.003051942022247579}. Best is trial 406 with value: 38.90494892453006.
trail number 1492
[I 2025-07-21 19:04:11,326] Trial 1492 finished with value: 48.27024627017871 and parameters: {'C': 1027.4152232794854, 'epsilon': 21.353578621894457, 'gamma': 0.32464935057487426}. Best is trial 406 with value: 38.90494892453006.
trail number 1491
[I 2025-07-21 19:04:11,333] Trial 1491 finished with value: 44.2125639231641 and parameters: {'C': 702.234533412805, 'epsilon': 26.59855856415866, 'gamma': 0.06650678353536599}. Best is trial 406 with value: 38.90494892453006.
trail number 1494
[I 2025-07-21 19:04:11,343] Trial 1494 finished with value: 41.06222899030367 and parameters: {'C': 836.5126651006184, 'epsilon': 27.05141739770936, 'gamma': 0.000624121831827756}. Best is trial 406 with value: 38.90494892453006.
trail number 1495
[I 2025-07-21 19:04:11,353] Trial 1495 finished with value: 39.17174489869132 and parameters: {'C': 862.9636715271428, 'epsilon': 24.418152951058687, 'gamma': 0.006761146673044224}. Best is trial 406 with value: 38.90494892453006.
trail number 1497
[I 2025-07-21 19:04:11,369] Trial 1497 finished with value: 40.093731066712124 and parameters: {'C': 703.621052534251, 'epsilon': 25.21077031479733, 'gamma': 0.0014834273026080608}. Best is trial 406 with value: 38.90494892453006.
trail number 1496
[I 2025-07-21 19:04:11,376] Trial 1496 finished with value: 39.106264462781084 and parameters: {'C': 707.4340689689878, 'epsilon': 25.09666665938268, 'gamma': 0.01753265224183117}. Best is trial 406 with value: 38.90494892453006.
trail number 1498
[I 2025-07-21 19:04:11,386] Trial 1498 finished with value: 51.2988418046123 and parameters: {'C': 822.8163587548798, 'epsilon': 19.533432122828316, 'gamma': 0.4924172677084794}. Best is trial 406 with value: 38.90494892453006.
trail number 1499
[I 2025-07-21 19:04:11,392] Trial 1499 finished with value: 39.04231995264968 and parameters: {'C': 706.3757345117097, 'epsilon': 29.520271449260672, 'gamma': 0.007216744434211031}. Best is trial 406 with value: 38.90494892453006.
trail number 1501
[I 2025-07-21 19:04:11,412] Trial 1501 finished with value: 40.06530042184863 and parameters: {'C': 742.9003556582267, 'epsilon': 23.861669427552087, 'gamma': 0.0015084243644947499}. Best is trial 406 with value: 38.90494892453006.
trail number 1500
[I 2025-07-21 19:04:11,429] Trial 1500 finished with value: 44.420344050182266 and parameters: {'C': 704.3641840843819, 'epsilon': 26.16564137329698, 'gamma': 0.07121274508290693}. Best is trial 406 with value: 38.90494892453006.
trail number 1502
[I 2025-07-21 19:04:11,436] Trial 1502 finished with value: 44.2212520368973 and parameters: {'C': 811.9548581439511, 'epsilon': 26.53543596901112, 'gamma': 0.061207946088008364}. Best is trial 406 with value: 38.90494892453006.
trail number 1503
[I 2025-07-21 19:04:11,442] Trial 1503 finished with value: 45.94350364384325 and parameters: {'C': 817.1675445647027, 'epsilon': 24.026106406685553, 'gamma': 0.11355920335198183}. Best is trial 406 with value: 38.90494892453006.
trail number 1504
[I 2025-07-21 19:04:11,448] Trial 1504 finished with value: 39.23050231515877 and parameters: {'C': 732.6823949080162, 'epsilon': 22.198078696331528, 'gamma': 0.008783133492781479}. Best is trial 406 with value: 38.90494892453006.
trail number 1505
[I 2025-07-21 19:04:11,478] Trial 1505 finished with value: 39.3477576754459 and parameters: {'C': 903.8449991798352, 'epsilon': 20.04852785098011, 'gamma': 0.01089679321455101}. Best is trial 406 with value: 38.90494892453006.
trail number 1508
[I 2025-07-21 19:04:11,485] Trial 1508 finished with value: 39.45238931716081 and parameters: {'C': 870.8076676786329, 'epsilon': 19.493624686956032, 'gamma': 0.008872486426465598}. Best is trial 406 with value: 38.90494892453006.
trail number 1506
