{"target": 42.458778605159736, "params": {"C": 84.31883883911081, "epsilon": 6.948315058220756, "tau": 304.2097899383203}}
{"target": 42.50623748224933, "params": {"C": 8.87265195458325, "epsilon": 7.961750394599552, "tau": 674.8015476302598}}
{"target": 42.359030147002365, "params": {"C": 4.969640207108511, "epsilon": 5.4458938480283425, "tau": 194.86567826837614}}
{"target": 42.372992522224806, "params": {"C": 98.75830374542103, "epsilon": 5.495318598509123, "tau": 447.1810885573797}}
{"target": 42.17411344469532, "params": {"C": 67.60153863519763, "epsilon": 0.9333006261235287, "tau": 364.0616273986267}}
{"target": 42.55281460304897, "params": {"C": 28.369333279334867, "epsilon": 8.853094811308223, "tau": 922.8932478552007}}
{"target": 50.445883059887066, "params": {"C": 77.53398243892183, "epsilon": 4.92397423492423, "tau": 26.410768344891633}}
{"target": 42.813329257599975, "params": {"C": 91.69372848944857, "epsilon": 13.578058539327847, "tau": 414.51968324402435}}
{"target": 43.6862858348965, "params": {"C": 37.44540840035257, "epsilon": 26.887635100071954, "tau": 707.9529173087817}}
{"target": 43.714455624361115, "params": {"C": 77.66686493297479, "epsilon": 27.147319082850856, "tau": 510.2458687699298}}
{"target": 43.323230688567165, "params": {"C": 79.7290801333281, "epsilon": 22.43508434303904, "tau": 455.3072436855794}}
{"target": 51.81869302477124, "params": {"C": 12.40753684011889, "epsilon": 27.527328399498582, "tau": 14.158269268935697}}
{"target": 43.8222063728913, "params": {"C": 73.49287500653942, "epsilon": 28.63637188943448, "tau": 520.6190200134681}}
{"target": 43.879565531760264, "params": {"C": 49.329871608555145, "epsilon": 29.17962865835148, "tau": 554.6795041298932}}
{"target": 44.300425262414464, "params": {"C": 94.47383555484441, "epsilon": 28.734264433876074, "tau": 52.32685226812468}}
{"target": 42.765238233953106, "params": {"C": 91.22873620439002, "epsilon": 12.360380035062976, "tau": 348.2606412043081}}
{"target": 42.57759555045703, "params": {"C": 97.44038004635733, "epsilon": 9.397537125755099, "tau": 912.4980703666284}}
{"target": 46.47274885307372, "params": {"C": 28.236803372993478, "epsilon": 2.0977121319051495, "tau": 53.056344191109694}}
{"target": 44.06391135546483, "params": {"C": 33.07497390006062, "epsilon": 26.218568802831367, "tau": 98.44227109639857}}
{"target": 42.50756837582409, "params": {"C": 6.741137273722928, "epsilon": 7.988869217123623, "tau": 894.708238731184}}
{"target": 42.326645706127316, "params": {"C": 26.66214700660739, "epsilon": 4.719941669465049, "tau": 715.7350035117114}}
{"target": 42.47008629866119, "params": {"C": 44.79264317582695, "epsilon": 7.2940483009859935, "tau": 730.9082608250553}}
{"target": 43.678730106049855, "params": {"C": 0.9979956274419518, "epsilon": 26.766393772466643, "tau": 876.6261910669548}}
{"target": 42.15152505635187, "params": {"C": 4.305150570650058, "epsilon": 0.3952506712497713, "tau": 362.94170472133794}}
{"target": 42.68858293232736, "params": {"C": 42.644723288918335, "epsilon": 11.12986413521401, "tau": 384.33985541447674}}
{"target": 42.711840978030054, "params": {"C": 74.57385847965021, "epsilon": 11.408096475706682, "tau": 138.4975569861711}}
{"target": 42.457837548149314, "params": {"C": 70.4682439259318, "epsilon": 7.0037111292258745, "tau": 650.7110028396276}}
{"target": 42.76003179770454, "params": {"C": 85.60891279884639, "epsilon": 12.382204854451825, "tau": 362.1526553086087}}
{"target": 44.00008343862633, "params": {"C": 32.576335467474095, "epsilon": 27.247274937216478, "tau": 116.38550377613879}}
{"target": 42.34410151860794, "params": {"C": 22.229813640034543, "epsilon": 4.993689266156837, "tau": 525.2071551992628}}
{"target": 42.509860102309254, "params": {"C": 67.40635729912249, "epsilon": 8.019361725069908, "tau": 922.2643374041403}}
{"target": 42.79398221692317, "params": {"C": 82.64219775436096, "epsilon": 12.872733737928227, "tau": 442.09066875241314}}
{"target": 42.70715937312802, "params": {"C": 90.05052174531308, "epsilon": 11.66287329338651, "tau": 599.0181635083715}}
{"target": 42.14461272761229, "params": {"C": 24.233268394657756, "epsilon": 0.10666578533871351, "tau": 628.2787184571217}}
{"target": 42.462533961105805, "params": {"C": 22.60337713081615, "epsilon": 7.151056104270674, "tau": 494.3848590797816}}
{"target": 42.29748020117006, "params": {"C": 59.2913352014602, "epsilon": 3.8940428782155316, "tau": 363.424553505188}}
{"target": 42.20002963683869, "params": {"C": 3.792600724615485, "epsilon": 1.6897215884237884, "tau": 505.8896409350388}}
{"target": 42.15973073517866, "params": {"C": 2.559576729024317, "epsilon": 0.6792336195293016, "tau": 350.75907599002375}}
{"target": 42.15055485030454, "params": {"C": 9.658777563148917, "epsilon": 0.28750954760943326, "tau": 656.2148771405799}}
{"target": 42.169269875113436, "params": {"C": 54.16368855959302, "epsilon": 0.7850219047760416, "tau": 475.22054534496806}}
{"target": 42.280815591341195, "params": {"C": 10.982578355737182, "epsilon": 3.6866469391942216, "tau": 337.7128857147909}}
{"target": 42.21106958929735, "params": {"C": 11.941827203239654, "epsilon": 1.9271616495920423, "tau": 329.9651098695839}}
{"target": 42.21811341731554, "params": {"C": 9.57931611882161, "epsilon": 2.188069195743387, "tau": 224.2760410563418}}
{"target": 42.143953641150986, "params": {"C": 14.000655257605604, "epsilon": 0.10684310132392982, "tau": 353.08449435891066}}
{"target": 42.149247058009415, "params": {"C": 7.701709799785945, "epsilon": 0.2540704967889672, "tau": 737.194655035403}}
{"target": 42.16975086263208, "params": {"C": 3.6423811918266416, "epsilon": 1.1116889278503583, "tau": 139.06741734042797}}
{"target": 42.210421572363366, "params": {"C": 1.676862960733974, "epsilon": 1.9813980978206995, "tau": 642.8251718371998}}
{"target": 42.164528930228656, "params": {"C": 16.27422374321175, "epsilon": 0.6911628777621903, "tau": 621.9331744848442}}
{"target": 42.157585606020724, "params": {"C": 12.53772821048569, "epsilon": 0.4718904940845678, "tau": 812.4293028905424}}
{"target": 42.14268006148596, "params": {"C": 21.759906849790255, "epsilon": 0.047787938451659004, "tau": 771.3344950962161}}
{"target": 42.15766511702736, "params": {"C": 27.685343432129667, "epsilon": 0.47336599309691396, "tau": 702.7570556516408}}
{"target": 42.190778619395175, "params": {"C": 0.8200184499049206, "epsilon": 1.549931662244966, "tau": 712.5472526405869}}
{"target": 42.15838778880072, "params": {"C": 36.56066610863866, "epsilon": 0.5062991538448769, "tau": 474.63459174258213}}
{"target": 42.239832661158026, "params": {"C": 29.548796498843238, "epsilon": 2.557629764326696, "tau": 927.6861858276403}}
{"target": 42.145588347627736, "params": {"C": 12.285648827604536, "epsilon": 0.1341327700248844, "tau": 999.1571487738477}}
{"target": 42.16189318987053, "params": {"C": 42.678537248554946, "epsilon": 0.5911112644281621, "tau": 716.9471892612587}}
{"target": 42.23225044473177, "params": {"C": 11.605340879156758, "epsilon": 2.4018575437309635, "tau": 997.2779404878099}}
{"target": 43.38526085405696, "params": {"C": 93.55306728419583, "epsilon": 23.072173177148066, "tau": 985.601986326268}}
{"target": 42.27781250271762, "params": {"C": 9.162537819046445, "epsilon": 3.5421490521130496, "tau": 946.7089212039009}}
{"target": 42.17574038104742, "params": {"C": 22.834372968404374, "epsilon": 0.9737566443083301, "tau": 556.579325268643}}
{"target": 43.17721381109874, "params": {"C": 0.17030889677696592, "epsilon": 20.4799776644329, "tau": 414.6561045537649}}
{"target": 42.16977730542701, "params": {"C": 4.103561342233964, "epsilon": 0.845072940260221, "tau": 908.0693744109014}}
{"target": 43.005256702490065, "params": {"C": 44.15383000605461, "epsilon": 17.621081851332217, "tau": 765.758954401235}}
{"target": 42.14522968396309, "params": {"C": 29.25088876992716, "epsilon": 0.11638642623109081, "tau": 951.8106597762434}}
{"target": 42.14723372953436, "params": {"C": 20.928964470456563, "epsilon": 0.1802559610390817, "tau": 766.128435322022}}
{"target": 42.17230007886441, "params": {"C": 25.1533070594715, "epsilon": 0.8841337014877132, "tau": 833.5253632151696}}
{"target": 42.15416796064566, "params": {"C": 40.74273260068776, "epsilon": 0.36808652163345434, "tau": 923.4360682987603}}
{"target": 42.163622775191456, "params": {"C": 21.551753773246045, "epsilon": 0.6355395888810749, "tau": 958.5942202692418}}
{"target": 42.152465880778976, "params": {"C": 25.75440821479811, "epsilon": 0.32227708752433204, "tau": 979.4121908550537}}
{"target": 42.228995349958176, "params": {"C": 30.245773712400602, "epsilon": 2.331741028687056, "tau": 989.2864340544037}}
{"target": 42.39295641493318, "params": {"C": 25.531411762235773, "epsilon": 6.016004139472715, "tau": 751.8280947867477}}
{"target": 42.28133114432173, "params": {"C": 27.959239899225118, "epsilon": 3.609718646751767, "tau": 757.7529280942776}}
{"target": 42.411396727043964, "params": {"C": 24.3350734143076, "epsilon": 6.324168480529554, "tau": 816.2272671737026}}
{"target": 42.22114504826167, "params": {"C": 35.07963856571219, "epsilon": 2.1972073041618905, "tau": 787.0114036835433}}
{"target": 42.16708310604645, "params": {"C": 26.66944639125191, "epsilon": 0.732787610082754, "tau": 703.4535162123827}}
{"target": 42.14485648354908, "params": {"C": 22.432906512409474, "epsilon": 0.11242279572787016, "tau": 647.8303412680938}}
{"target": 42.196744006479626, "params": {"C": 18.075204036366266, "epsilon": 1.564896307360594, "tau": 758.7569541061808}}
{"target": 42.53575671110356, "params": {"C": 4.9580918304724095, "epsilon": 8.546583290275208, "tau": 621.4047673622412}}
{"target": 42.14249489748171, "params": {"C": 14.522496872414264, "epsilon": 0.045554226125982145, "tau": 820.6878973668244}}
{"target": 42.159678709974074, "params": {"C": 14.736844097992012, "epsilon": 0.5390929607759216, "tau": 728.6835189846022}}
{"target": 42.144264182759855, "params": {"C": 29.076483647049407, "epsilon": 0.10519070561864234, "tau": 420.1867092353289}}
{"target": 42.176227105010035, "params": {"C": 13.199251921447114, "epsilon": 0.9986769826276696, "tau": 781.3154943042499}}
{"target": 43.60058805830097, "params": {"C": 58.864360530362276, "epsilon": 25.742118010475743, "tau": 946.9896224761492}}
{"target": 42.16479851041763, "params": {"C": 26.304053417108012, "epsilon": 0.7005907086398727, "tau": 265.57919250791986}}
{"target": 42.25049257874438, "params": {"C": 27.689872239483588, "epsilon": 2.899608781433098, "tau": 353.8913871145102}}
{"target": 42.280596954604974, "params": {"C": 41.588435577875245, "epsilon": 3.788883181008271, "tau": 283.2378080252639}}
{"target": 42.25323727206191, "params": {"C": 39.90790450804104, "epsilon": 2.9782258748028694, "tau": 357.6204469512555}}
{"target": 42.14477748275246, "params": {"C": 25.74456062522937, "epsilon": 0.11707469153044703, "tau": 409.85886663766405}}
{"target": 42.17289098468744, "params": {"C": 35.4767918902055, "epsilon": 0.9064955045385196, "tau": 547.7436027082266}}
{"target": 42.41186266597414, "params": {"C": 39.61065700589103, "epsilon": 6.060934798332698, "tau": 612.7345078134782}}
{"target": 43.288091299133384, "params": {"C": 36.34811581982713, "epsilon": 20.37029830682284, "tau": 390.03283146021874}}
{"target": 42.14364188874714, "params": {"C": 33.199038204898805, "epsilon": 0.09096888726044787, "tau": 431.0923680264741}}
{"target": 42.18697560301008, "params": {"C": 24.570427127203573, "epsilon": 1.3063539273677836, "tau": 369.18473095330666}}
{"target": 42.15372149605522, "params": {"C": 5.440442862603012, "epsilon": 0.381492016909653, "tau": 979.8007828402236}}
{"target": 42.14111646806289, "params": {"C": 30.09854146270446, "epsilon": 0.006524136209575926, "tau": 419.95887134308066}}
{"target": 42.255671827462386, "params": {"C": 26.605641376110004, "epsilon": 3.2048634520236856, "tau": 427.7505778980953}}
{"target": 43.34464161388673, "params": {"C": 99.76192032945833, "epsilon": 20.192075359375472, "tau": 178.77741353712133}}
{"target": 42.14979141662384, "params": {"C": 94.07442640973083, "epsilon": 0.24748200089266348, "tau": 344.2633524201652}}
{"target": 42.142526496129584, "params": {"C": 20.930127835371966, "epsilon": 0.05273694922583455, "tau": 507.26556037515434}}
{"target": 42.15032942604695, "params": {"C": 25.943697320889328, "epsilon": 0.27490606995686057, "tau": 414.42343150722473}}
{"target": 42.1583570316855, "params": {"C": 51.487661153151535, "epsilon": 0.5610847902174788, "tau": 145.87090783789495}}
{"target": 42.15794054765096, "params": {"C": 27.28079801094763, "epsilon": 0.4895256537189618, "tau": 475.12060848030137}}
{"target": 42.147304757128495, "params": {"C": 32.55525140384297, "epsilon": 0.2141776690866334, "tau": 402.00647934834325}}
{"target": 42.15022452731743, "params": {"C": 30.98444953797068, "epsilon": 0.2675783374875673, "tau": 513.2975850517795}}
{"target": 42.19867685220994, "params": {"C": 23.98790335815856, "epsilon": 1.628458895779784, "tau": 430.71104473137564}}
{"target": 42.14058529371706, "params": {"C": 13.716584600126884, "epsilon": 0.009356553620024265, "tau": 428.4838838358459}}
{"target": 42.19243468591729, "params": {"C": 22.108437287010048, "epsilon": 1.4580890345985797, "tau": 484.558917294442}}
