[I 2025-07-20 16:35:06,076] Trial 122 finished with value: 41.948948370226205 and parameters: {'C': 124.32543702196985, 'epsilon': 0.440384770492505, 'tau': 192.17647050869374}. Best is trial 39 with value: 40.14082817555004.
/home/alber/env/lib/python3.11/site-packages/cvxpy/atoms/quad_form.py:226: UserWarning: Forming a nonconvex expression quad_form(x, indefinite).
  warnings.warn("Forming a nonconvex expression quad_form(x, indefinite).")
/home/alber/env/lib/python3.11/site-packages/cvxpy/atoms/quad_form.py:226: UserWarning: Forming a nonconvex expression quad_form(x, indefinite).
  warnings.warn("Forming a nonconvex expression quad_form(x, indefinite).")
/home/alber/env/lib/python3.11/site-packages/cvxpy/atoms/quad_form.py:226: UserWarning: Forming a nonconvex expression quad_form(x, indefinite).
  warnings.warn("Forming a nonconvex expression quad_form(x, indefinite).")
/home/alber/env/lib/python3.11/site-packages/cvxpy/atoms/quad_form.py:226: UserWarning: Forming a nonconvex expression quad_form(x, indefinite).
  warnings.warn("Forming a nonconvex expression quad_form(x, indefinite).")
/home/alber/env/lib/python3.11/site-packages/cvxpy/atoms/quad_form.py:226: UserWarning: Forming a nonconvex expression quad_form(x, indefinite).
  warnings.warn("Forming a nonconvex expression quad_form(x, indefinite).")
/home/alber/env/lib/python3.11/site-packages/cvxpy/atoms/quad_form.py:226: UserWarning: Forming a nonconvex expression quad_form(x, indefinite).
  warnings.warn("Forming a nonconvex expression quad_form(x, indefinite).")
trail number 124
[I 2025-07-20 16:36:00,233] Trial 124 finished with value: 41.25791402298762 and parameters: {'C': 79.96837182229257, 'epsilon': 0.478015531818484, 'tau': 154.09257315382587}. Best is trial 39 with value: 40.14082817555004.
/home/alber/env/lib/python3.11/site-packages/cvxpy/atoms/quad_form.py:226: UserWarning: Forming a nonconvex expression quad_form(x, indefinite).
  warnings.warn("Forming a nonconvex expression quad_form(x, indefinite).")
/home/alber/env/lib/python3.11/site-packages/cvxpy/atoms/quad_form.py:226: UserWarning: Forming a nonconvex expression quad_form(x, indefinite).
  warnings.warn("Forming a nonconvex expression quad_form(x, indefinite).")
trail number 125
[I 2025-07-20 16:36:11,139] Trial 125 finished with value: 41.71608250269457 and parameters: {'C': 76.47011694163979, 'epsilon': 0.48087987361706375, 'tau': 264.14820119487587}. Best is trial 39 with value: 40.14082817555004.
/home/alber/env/lib/python3.11/site-packages/cvxpy/atoms/quad_form.py:226: UserWarning: Forming a nonconvex expression quad_form(x, indefinite).
  warnings.warn("Forming a nonconvex expression quad_form(x, indefinite).")
/home/alber/env/lib/python3.11/site-packages/cvxpy/atoms/quad_form.py:226: UserWarning: Forming a nonconvex expression quad_form(x, indefinite).
  warnings.warn("Forming a nonconvex expression quad_form(x, indefinite).")
/home/alber/env/lib/python3.11/site-packages/cvxpy/atoms/quad_form.py:226: UserWarning: Forming a nonconvex expression quad_form(x, indefinite).
  warnings.warn("Forming a nonconvex expression quad_form(x, indefinite).")
trail number 126
[I 2025-07-20 16:36:32,294] Trial 126 finished with value: 42.44648968510653 and parameters: {'C': 137.55369193564826, 'epsilon': 9.031300270568984, 'tau': 228.8951408450852}. Best is trial 39 with value: 40.14082817555004.
trail number 127
[I 2025-07-20 16:36:32,314] Trial 127 finished with value: 42.43297700650113 and parameters: {'C': 212.17580675185985, 'epsilon': 6.517506790241228, 'tau': 397.0964569268085}. Best is trial 39 with value: 40.14082817555004.
/home/alber/env/lib/python3.11/site-packages/cvxpy/atoms/quad_form.py:226: UserWarning: Forming a nonconvex expression quad_form(x, indefinite).
  warnings.warn("Forming a nonconvex expression quad_form(x, indefinite).")
/home/alber/env/lib/python3.11/site-packages/cvxpy/atoms/quad_form.py:226: UserWarning: Forming a nonconvex expression quad_form(x, indefinite).
  warnings.warn("Forming a nonconvex expression quad_form(x, indefinite).")
/home/alber/env/lib/python3.11/site-packages/cvxpy/atoms/quad_form.py:226: UserWarning: Forming a nonconvex expression quad_form(x, indefinite).
  warnings.warn("Forming a nonconvex expression quad_form(x, indefinite).")
/home/alber/env/lib/python3.11/site-packages/cvxpy/atoms/quad_form.py:226: UserWarning: Forming a nonconvex expression quad_form(x, indefinite).
  warnings.warn("Forming a nonconvex expression quad_form(x, indefinite).")
/home/alber/env/lib/python3.11/site-packages/cvxpy/atoms/quad_form.py:226: UserWarning: Forming a nonconvex expression quad_form(x, indefinite).
  warnings.warn("Forming a nonconvex expression quad_form(x, indefinite).")
/home/alber/env/lib/python3.11/site-packages/cvxpy/atoms/quad_form.py:226: UserWarning: Forming a nonconvex expression quad_form(x, indefinite).
  warnings.warn("Forming a nonconvex expression quad_form(x, indefinite).")
/home/alber/env/lib/python3.11/site-packages/cvxpy/atoms/quad_form.py:226: UserWarning: Forming a nonconvex expression quad_form(x, indefinite).
  warnings.warn("Forming a nonconvex expression quad_form(x, indefinite).")
trail number 128
[I 2025-07-20 16:37:12,420] Trial 128 finished with value: 40.27886457598252 and parameters: {'C': 15.325685409973174, 'epsilon': 9.270327661488729, 'tau': 278.63176148773937}. Best is trial 39 with value: 40.14082817555004.
/home/alber/env/lib/python3.11/site-packages/cvxpy/atoms/quad_form.py:226: UserWarning: Forming a nonconvex expression quad_form(x, indefinite).
  warnings.warn("Forming a nonconvex expression quad_form(x, indefinite).")
/home/alber/env/lib/python3.11/site-packages/cvxpy/atoms/quad_form.py:226: UserWarning: Forming a nonconvex expression quad_form(x, indefinite).
  warnings.warn("Forming a nonconvex expression quad_form(x, indefinite).")
trail number 129
[I 2025-07-20 16:37:22,774] Trial 129 finished with value: 40.264512925871536 and parameters: {'C': 16.22166134545248, 'epsilon': 7.763679113140059, 'tau': 314.6066060130031}. Best is trial 39 with value: 40.14082817555004.
/home/alber/env/lib/python3.11/site-packages/cvxpy/atoms/quad_form.py:226: UserWarning: Forming a nonconvex expression quad_form(x, indefinite).
  warnings.warn("Forming a nonconvex expression quad_form(x, indefinite).")
/home/alber/env/lib/python3.11/site-packages/cvxpy/atoms/quad_form.py:226: UserWarning: Forming a nonconvex expression quad_form(x, indefinite).
  warnings.warn("Forming a nonconvex expression quad_form(x, indefinite).")
/home/alber/env/lib/python3.11/site-packages/cvxpy/atoms/quad_form.py:226: UserWarning: Forming a nonconvex expression quad_form(x, indefinite).
  warnings.warn("Forming a nonconvex expression quad_form(x, indefinite).")
/home/alber/env/lib/python3.11/site-packages/cvxpy/atoms/quad_form.py:226: UserWarning: Forming a nonconvex expression quad_form(x, indefinite).
  warnings.warn("Forming a nonconvex expression quad_form(x, indefinite).")
/home/alber/env/lib/python3.11/site-packages/cvxpy/atoms/quad_form.py:226: UserWarning: Forming a nonconvex expression quad_form(x, indefinite).
  warnings.warn("Forming a nonconvex expression quad_form(x, indefinite).")
trail number 131
[I 2025-07-20 16:37:50,217] Trial 131 finished with value: 45.565742848537546 and parameters: {'C': 1.0860308434526154, 'epsilon': 8.0289498208734, 'tau': 290.3898588707599}. Best is trial 39 with value: 40.14082817555004.
/home/alber/env/lib/python3.11/site-packages/cvxpy/atoms/quad_form.py:226: UserWarning: Forming a nonconvex expression quad_form(x, indefinite).
  warnings.warn("Forming a nonconvex expression quad_form(x, indefinite).")
trail number 130
[I 2025-07-20 16:37:57,771] Trial 130 finished with value: 42.60032153496475 and parameters: {'C': 146.86661695642377, 'epsilon': 9.478536415366111, 'tau': 394.6503519623481}. Best is trial 39 with value: 40.14082817555004.
/home/alber/env/lib/python3.11/site-packages/cvxpy/atoms/quad_form.py:226: UserWarning: Forming a nonconvex expression quad_form(x, indefinite).
  warnings.warn("Forming a nonconvex expression quad_form(x, indefinite).")
/home/alber/env/lib/python3.11/site-packages/cvxpy/atoms/quad_form.py:226: UserWarning: Forming a nonconvex expression quad_form(x, indefinite).
  warnings.warn("Forming a nonconvex expression quad_form(x, indefinite).")
/home/alber/env/lib/python3.11/site-packages/cvxpy/atoms/quad_form.py:226: UserWarning: Forming a nonconvex expression quad_form(x, indefinite).
  warnings.warn("Forming a nonconvex expression quad_form(x, indefinite).")
/home/alber/env/lib/python3.11/site-packages/cvxpy/atoms/quad_form.py:226: UserWarning: Forming a nonconvex expression quad_form(x, indefinite).
  warnings.warn("Forming a nonconvex expression quad_form(x, indefinite).")
/home/alber/env/lib/python3.11/site-packages/cvxpy/atoms/quad_form.py:226: UserWarning: Forming a nonconvex expression quad_form(x, indefinite).
  warnings.warn("Forming a nonconvex expression quad_form(x, indefinite).")
/home/alber/env/lib/python3.11/site-packages/cvxpy/atoms/quad_form.py:226: UserWarning: Forming a nonconvex expression quad_form(x, indefinite).
  warnings.warn("Forming a nonconvex expression quad_form(x, indefinite).")
/home/alber/env/lib/python3.11/site-packages/cvxpy/atoms/quad_form.py:226: UserWarning: Forming a nonconvex expression quad_form(x, indefinite).
  warnings.warn("Forming a nonconvex expression quad_form(x, indefinite).")
/home/alber/env/lib/python3.11/site-packages/cvxpy/atoms/quad_form.py:226: UserWarning: Forming a nonconvex expression quad_form(x, indefinite).
  warnings.warn("Forming a nonconvex expression quad_form(x, indefinite).")
/home/alber/env/lib/python3.11/site-packages/cvxpy/atoms/quad_form.py:226: UserWarning: Forming a nonconvex expression quad_form(x, indefinite).
  warnings.warn("Forming a nonconvex expression quad_form(x, indefinite).")
/home/alber/env/lib/python3.11/site-packages/cvxpy/atoms/quad_form.py:226: UserWarning: Forming a nonconvex expression quad_form(x, indefinite).
  warnings.warn("Forming a nonconvex expression quad_form(x, indefinite).")
/home/alber/env/lib/python3.11/site-packages/cvxpy/atoms/quad_form.py:226: UserWarning: Forming a nonconvex expression quad_form(x, indefinite).
  warnings.warn("Forming a nonconvex expression quad_form(x, indefinite).")
trail number 132
[I 2025-07-20 16:38:48,161] Trial 132 finished with value: 42.493315635987 and parameters: {'C': 129.3903977648268, 'epsilon': 14.072227947625745, 'tau': 172.5246594769464}. Best is trial 39 with value: 40.14082817555004.
trail number 133
[I 2025-07-20 16:38:55,353] Trial 133 finished with value: 42.72174829739989 and parameters: {'C': 104.87822611977494, 'epsilon': 12.58928679193135, 'tau': 391.09852097037196}. Best is trial 39 with value: 40.14082817555004.
/home/alber/env/lib/python3.11/site-packages/cvxpy/atoms/quad_form.py:226: UserWarning: Forming a nonconvex expression quad_form(x, indefinite).
  warnings.warn("Forming a nonconvex expression quad_form(x, indefinite).")
/home/alber/env/lib/python3.11/site-packages/cvxpy/atoms/quad_form.py:226: UserWarning: Forming a nonconvex expression quad_form(x, indefinite).
  warnings.warn("Forming a nonconvex expression quad_form(x, indefinite).")
/home/alber/env/lib/python3.11/site-packages/cvxpy/atoms/quad_form.py:226: UserWarning: Forming a nonconvex expression quad_form(x, indefinite).
  warnings.warn("Forming a nonconvex expression quad_form(x, indefinite).")
trail number 134
[I 2025-07-20 16:39:10,935] Trial 134 finished with value: 40.298072164915745 and parameters: {'C': 8.177389547416613, 'epsilon': 8.895454161924306, 'tau': 444.71070343165553}. Best is trial 39 with value: 40.14082817555004.
/home/alber/env/lib/python3.11/site-packages/cvxpy/atoms/quad_form.py:226: UserWarning: Forming a nonconvex expression quad_form(x, indefinite).
  warnings.warn("Forming a nonconvex expression quad_form(x, indefinite).")
/home/alber/env/lib/python3.11/site-packages/cvxpy/atoms/quad_form.py:226: UserWarning: Forming a nonconvex expression quad_form(x, indefinite).
  warnings.warn("Forming a nonconvex expression quad_form(x, indefinite).")
trail number 135
[I 2025-07-20 16:39:22,536] Trial 135 finished with value: 42.30634740201411 and parameters: {'C': 66.77707924521545, 'epsilon': 9.507529428896166, 'tau': 365.5801133896334}. Best is trial 39 with value: 40.14082817555004.
/home/alber/env/lib/python3.11/site-packages/cvxpy/atoms/quad_form.py:226: UserWarning: Forming a nonconvex expression quad_form(x, indefinite).
  warnings.warn("Forming a nonconvex expression quad_form(x, indefinite).")
/home/alber/env/lib/python3.11/site-packages/cvxpy/atoms/quad_form.py:226: UserWarning: Forming a nonconvex expression quad_form(x, indefinite).
  warnings.warn("Forming a nonconvex expression quad_form(x, indefinite).")
/home/alber/env/lib/python3.11/site-packages/cvxpy/atoms/quad_form.py:226: UserWarning: Forming a nonconvex expression quad_form(x, indefinite).
  warnings.warn("Forming a nonconvex expression quad_form(x, indefinite).")
/home/alber/env/lib/python3.11/site-packages/cvxpy/atoms/quad_form.py:226: UserWarning: Forming a nonconvex expression quad_form(x, indefinite).
  warnings.warn("Forming a nonconvex expression quad_form(x, indefinite).")
/home/alber/env/lib/python3.11/site-packages/cvxpy/atoms/quad_form.py:226: UserWarning: Forming a nonconvex expression quad_form(x, indefinite).
  warnings.warn("Forming a nonconvex expression quad_form(x, indefinite).")
trail number 137
[I 2025-07-20 16:40:03,147] Trial 137 finished with value: 45.5479112889227 and parameters: {'C': 1.250133692399615, 'epsilon': 7.991158345481862, 'tau': 252.57717459772604}. Best is trial 39 with value: 40.14082817555004.
trail number 136
[I 2025-07-20 16:40:06,222] Trial 136 finished with value: 40.274750560280665 and parameters: {'C': 11.851608593519046, 'epsilon': 9.688733955796216, 'tau': 342.57465099227966}. Best is trial 39 with value: 40.14082817555004.
/home/alber/env/lib/python3.11/site-packages/cvxpy/atoms/quad_form.py:226: UserWarning: Forming a nonconvex expression quad_form(x, indefinite).
  warnings.warn("Forming a nonconvex expression quad_form(x, indefinite).")
/home/alber/env/lib/python3.11/site-packages/cvxpy/atoms/quad_form.py:226: UserWarning: Forming a nonconvex expression quad_form(x, indefinite).
  warnings.warn("Forming a nonconvex expression quad_form(x, indefinite).")
trail number 138
[I 2025-07-20 16:40:25,654] Trial 138 finished with value: 41.223432587718875 and parameters: {'C': 30.193874270886315, 'epsilon': 6.53358577996527, 'tau': 523.5641628144313}. Best is trial 39 with value: 40.14082817555004.
/home/alber/env/lib/python3.11/site-packages/cvxpy/atoms/quad_form.py:226: UserWarning: Forming a nonconvex expression quad_form(x, indefinite).
  warnings.warn("Forming a nonconvex expression quad_form(x, indefinite).")
trail number 139
[I 2025-07-20 16:40:40,269] Trial 139 finished with value: 40.30430887991555 and parameters: {'C': 20.35805154485328, 'epsilon': 14.275406679123384, 'tau': 217.40105725092025}. Best is trial 39 with value: 40.14082817555004.
/home/alber/env/lib/python3.11/site-packages/cvxpy/atoms/quad_form.py:226: UserWarning: Forming a nonconvex expression quad_form(x, indefinite).
  warnings.warn("Forming a nonconvex expression quad_form(x, indefinite).")
/home/alber/env/lib/python3.11/site-packages/cvxpy/atoms/quad_form.py:226: UserWarning: Forming a nonconvex expression quad_form(x, indefinite).
  warnings.warn("Forming a nonconvex expression quad_form(x, indefinite).")
/home/alber/env/lib/python3.11/site-packages/cvxpy/atoms/quad_form.py:226: UserWarning: Forming a nonconvex expression quad_form(x, indefinite).
  warnings.warn("Forming a nonconvex expression quad_form(x, indefinite).")
/home/alber/env/lib/python3.11/site-packages/cvxpy/atoms/quad_form.py:226: UserWarning: Forming a nonconvex expression quad_form(x, indefinite).
  warnings.warn("Forming a nonconvex expression quad_form(x, indefinite).")
/home/alber/env/lib/python3.11/site-packages/cvxpy/atoms/quad_form.py:226: UserWarning: Forming a nonconvex expression quad_form(x, indefinite).
  warnings.warn("Forming a nonconvex expression quad_form(x, indefinite).")
/home/alber/env/lib/python3.11/site-packages/cvxpy/atoms/quad_form.py:226: UserWarning: Forming a nonconvex expression quad_form(x, indefinite).
  warnings.warn("Forming a nonconvex expression quad_form(x, indefinite).")
trail number 140
[I 2025-07-20 16:41:24,006] Trial 140 finished with value: 41.23885272177547 and parameters: {'C': 40.33429438428482, 'epsilon': 15.572494896494451, 'tau': 271.7422519332151}. Best is trial 39 with value: 40.14082817555004.
trail number 141
[I 2025-07-20 16:41:31,912] Trial 141 finished with value: 42.76184761118594 and parameters: {'C': 123.11491383546101, 'epsilon': 12.527568601737274, 'tau': 526.30819516934}. Best is trial 39 with value: 40.14082817555004.
/home/alber/env/lib/python3.11/site-packages/cvxpy/atoms/quad_form.py:226: UserWarning: Forming a nonconvex expression quad_form(x, indefinite).
  warnings.warn("Forming a nonconvex expression quad_form(x, indefinite).")
/home/alber/env/lib/python3.11/site-packages/cvxpy/atoms/quad_form.py:226: UserWarning: Forming a nonconvex expression quad_form(x, indefinite).
  warnings.warn("Forming a nonconvex expression quad_form(x, indefinite).")
trail number 142
[I 2025-07-20 16:41:46,727] Trial 142 finished with value: 42.16841848197268 and parameters: {'C': 39.38542121891592, 'epsilon': 12.96928533107397, 'tau': 542.670177552139}. Best is trial 39 with value: 40.14082817555004.
/home/alber/env/lib/python3.11/site-packages/cvxpy/atoms/quad_form.py:226: UserWarning: Forming a nonconvex expression quad_form(x, indefinite).
  warnings.warn("Forming a nonconvex expression quad_form(x, indefinite).")
/home/alber/env/lib/python3.11/site-packages/cvxpy/atoms/quad_form.py:226: UserWarning: Forming a nonconvex expression quad_form(x, indefinite).
  warnings.warn("Forming a nonconvex expression quad_form(x, indefinite).")
/home/alber/env/lib/python3.11/site-packages/cvxpy/atoms/quad_form.py:226: UserWarning: Forming a nonconvex expression quad_form(x, indefinite).
  warnings.warn("Forming a nonconvex expression quad_form(x, indefinite).")
trail number 143
[I 2025-07-20 16:42:07,674] Trial 143 finished with value: 42.6256966760467 and parameters: {'C': 89.27113711830424, 'epsilon': 10.248841608387576, 'tau': 499.0433524224247}. Best is trial 39 with value: 40.14082817555004.
/home/alber/env/lib/python3.11/site-packages/cvxpy/atoms/quad_form.py:226: UserWarning: Forming a nonconvex expression quad_form(x, indefinite).
  warnings.warn("Forming a nonconvex expression quad_form(x, indefinite).")
/home/alber/env/lib/python3.11/site-packages/cvxpy/atoms/quad_form.py:226: UserWarning: Forming a nonconvex expression quad_form(x, indefinite).
  warnings.warn("Forming a nonconvex expression quad_form(x, indefinite).")
/home/alber/env/lib/python3.11/site-packages/cvxpy/atoms/quad_form.py:226: UserWarning: Forming a nonconvex expression quad_form(x, indefinite).
  warnings.warn("Forming a nonconvex expression quad_form(x, indefinite).")
/home/alber/env/lib/python3.11/site-packages/cvxpy/atoms/quad_form.py:226: UserWarning: Forming a nonconvex expression quad_form(x, indefinite).
  warnings.warn("Forming a nonconvex expression quad_form(x, indefinite).")
/home/alber/env/lib/python3.11/site-packages/cvxpy/atoms/quad_form.py:226: UserWarning: Forming a nonconvex expression quad_form(x, indefinite).
  warnings.warn("Forming a nonconvex expression quad_form(x, indefinite).")
trail number 144
[I 2025-07-20 16:42:45,199] Trial 144 finished with value: 40.37989296586217 and parameters: {'C': 6.7595695781306615, 'epsilon': 16.979422482487116, 'tau': 482.14084558357206}. Best is trial 39 with value: 40.14082817555004.
trail number 145
[I 2025-07-20 16:42:50,305] Trial 145 finished with value: 40.44319147108532 and parameters: {'C': 12.271389266597696, 'epsilon': 12.298567709757295, 'tau': 263.13358277252803}. Best is trial 39 with value: 40.14082817555004.
/home/alber/env/lib/python3.11/site-packages/cvxpy/atoms/quad_form.py:226: UserWarning: Forming a nonconvex expression quad_form(x, indefinite).
  warnings.warn("Forming a nonconvex expression quad_form(x, indefinite).")
/home/alber/env/lib/python3.11/site-packages/cvxpy/atoms/quad_form.py:226: UserWarning: Forming a nonconvex expression quad_form(x, indefinite).
  warnings.warn("Forming a nonconvex expression quad_form(x, indefinite).")
trail number 146
[I 2025-07-20 16:43:06,349] Trial 146 finished with value: 42.55786664843728 and parameters: {'C': 105.24647298334207, 'epsilon': 11.373664408721229, 'tau': 274.22313789753264}. Best is trial 39 with value: 40.14082817555004.
/home/alber/env/lib/python3.11/site-packages/cvxpy/atoms/quad_form.py:226: UserWarning: Forming a nonconvex expression quad_form(x, indefinite).
  warnings.warn("Forming a nonconvex expression quad_form(x, indefinite).")
/home/alber/env/lib/python3.11/site-packages/cvxpy/atoms/quad_form.py:226: UserWarning: Forming a nonconvex expression quad_form(x, indefinite).
  warnings.warn("Forming a nonconvex expression quad_form(x, indefinite).")
/home/alber/env/lib/python3.11/site-packages/cvxpy/atoms/quad_form.py:226: UserWarning: Forming a nonconvex expression quad_form(x, indefinite).
  warnings.warn("Forming a nonconvex expression quad_form(x, indefinite).")
trail number 147
