[I 2025-07-20 17:19:54,673] Trial 242 finished with value: 41.16284703936033 and parameters: {'C': 164.79242832753272, 'epsilon': 10.005748555177638, 'tau': 28.73770311975922}. Best is trial 39 with value: 40.14082817555004.
/home/alber/env/lib/python3.11/site-packages/cvxpy/atoms/quad_form.py:226: UserWarning: Forming a nonconvex expression quad_form(x, indefinite).
  warnings.warn("Forming a nonconvex expression quad_form(x, indefinite).")
/home/alber/env/lib/python3.11/site-packages/cvxpy/atoms/quad_form.py:226: UserWarning: Forming a nonconvex expression quad_form(x, indefinite).
  warnings.warn("Forming a nonconvex expression quad_form(x, indefinite).")
/home/alber/env/lib/python3.11/site-packages/cvxpy/atoms/quad_form.py:226: UserWarning: Forming a nonconvex expression quad_form(x, indefinite).
  warnings.warn("Forming a nonconvex expression quad_form(x, indefinite).")
/home/alber/env/lib/python3.11/site-packages/cvxpy/atoms/quad_form.py:226: UserWarning: Forming a nonconvex expression quad_form(x, indefinite).
  warnings.warn("Forming a nonconvex expression quad_form(x, indefinite).")
/home/alber/env/lib/python3.11/site-packages/cvxpy/atoms/quad_form.py:226: UserWarning: Forming a nonconvex expression quad_form(x, indefinite).
  warnings.warn("Forming a nonconvex expression quad_form(x, indefinite).")
/home/alber/env/lib/python3.11/site-packages/cvxpy/atoms/quad_form.py:226: UserWarning: Forming a nonconvex expression quad_form(x, indefinite).
  warnings.warn("Forming a nonconvex expression quad_form(x, indefinite).")
/home/alber/env/lib/python3.11/site-packages/cvxpy/atoms/quad_form.py:226: UserWarning: Forming a nonconvex expression quad_form(x, indefinite).
  warnings.warn("Forming a nonconvex expression quad_form(x, indefinite).")
trail number 245
[I 2025-07-20 17:20:52,902] Trial 245 finished with value: 40.64633497119873 and parameters: {'C': 54.397453125090685, 'epsilon': 0.03873997756427361, 'tau': 44.43128147446836}. Best is trial 39 with value: 40.14082817555004.
/home/alber/env/lib/python3.11/site-packages/cvxpy/atoms/quad_form.py:226: UserWarning: Forming a nonconvex expression quad_form(x, indefinite).
  warnings.warn("Forming a nonconvex expression quad_form(x, indefinite).")
/home/alber/env/lib/python3.11/site-packages/cvxpy/atoms/quad_form.py:226: UserWarning: Forming a nonconvex expression quad_form(x, indefinite).
  warnings.warn("Forming a nonconvex expression quad_form(x, indefinite).")
/home/alber/env/lib/python3.11/site-packages/cvxpy/atoms/quad_form.py:226: UserWarning: Forming a nonconvex expression quad_form(x, indefinite).
  warnings.warn("Forming a nonconvex expression quad_form(x, indefinite).")
/home/alber/env/lib/python3.11/site-packages/cvxpy/atoms/quad_form.py:226: UserWarning: Forming a nonconvex expression quad_form(x, indefinite).
  warnings.warn("Forming a nonconvex expression quad_form(x, indefinite).")
trail number 246
[I 2025-07-20 17:21:12,646] Trial 246 finished with value: 40.8796965252424 and parameters: {'C': 23.23983972972507, 'epsilon': 7.584548505247074, 'tau': 513.7621698188092}. Best is trial 39 with value: 40.14082817555004.
/home/alber/env/lib/python3.11/site-packages/cvxpy/atoms/quad_form.py:226: UserWarning: Forming a nonconvex expression quad_form(x, indefinite).
  warnings.warn("Forming a nonconvex expression quad_form(x, indefinite).")
trail number 247
[I 2025-07-20 17:21:19,943] Trial 247 finished with value: 40.55454028840098 and parameters: {'C': 19.625121675996837, 'epsilon': 5.654521297250157, 'tau': 494.67935470663866}. Best is trial 39 with value: 40.14082817555004.
trail number 248
[I 2025-07-20 17:21:25,409] Trial 248 finished with value: 41.14807148530486 and parameters: {'C': 17.30774353111842, 'epsilon': 3.4445862093519772, 'tau': 67.40105207879677}. Best is trial 39 with value: 40.14082817555004.
/home/alber/env/lib/python3.11/site-packages/cvxpy/atoms/quad_form.py:226: UserWarning: Forming a nonconvex expression quad_form(x, indefinite).
  warnings.warn("Forming a nonconvex expression quad_form(x, indefinite).")
/home/alber/env/lib/python3.11/site-packages/cvxpy/atoms/quad_form.py:226: UserWarning: Forming a nonconvex expression quad_form(x, indefinite).
  warnings.warn("Forming a nonconvex expression quad_form(x, indefinite).")
/home/alber/env/lib/python3.11/site-packages/cvxpy/atoms/quad_form.py:226: UserWarning: Forming a nonconvex expression quad_form(x, indefinite).
  warnings.warn("Forming a nonconvex expression quad_form(x, indefinite).")
/home/alber/env/lib/python3.11/site-packages/cvxpy/atoms/quad_form.py:226: UserWarning: Forming a nonconvex expression quad_form(x, indefinite).
  warnings.warn("Forming a nonconvex expression quad_form(x, indefinite).")
/home/alber/env/lib/python3.11/site-packages/cvxpy/atoms/quad_form.py:226: UserWarning: Forming a nonconvex expression quad_form(x, indefinite).
  warnings.warn("Forming a nonconvex expression quad_form(x, indefinite).")
/home/alber/env/lib/python3.11/site-packages/cvxpy/atoms/quad_form.py:226: UserWarning: Forming a nonconvex expression quad_form(x, indefinite).
  warnings.warn("Forming a nonconvex expression quad_form(x, indefinite).")
/home/alber/env/lib/python3.11/site-packages/cvxpy/atoms/quad_form.py:226: UserWarning: Forming a nonconvex expression quad_form(x, indefinite).
  warnings.warn("Forming a nonconvex expression quad_form(x, indefinite).")
trail number 249
[I 2025-07-20 17:22:03,324] Trial 249 finished with value: 41.84712486850568 and parameters: {'C': 2.4336604343281856, 'epsilon': 6.194990327300811, 'tau': 347.73323062609495}. Best is trial 39 with value: 40.14082817555004.
/home/alber/env/lib/python3.11/site-packages/cvxpy/atoms/quad_form.py:226: UserWarning: Forming a nonconvex expression quad_form(x, indefinite).
  warnings.warn("Forming a nonconvex expression quad_form(x, indefinite).")
/home/alber/env/lib/python3.11/site-packages/cvxpy/atoms/quad_form.py:226: UserWarning: Forming a nonconvex expression quad_form(x, indefinite).
  warnings.warn("Forming a nonconvex expression quad_form(x, indefinite).")
/home/alber/env/lib/python3.11/site-packages/cvxpy/atoms/quad_form.py:226: UserWarning: Forming a nonconvex expression quad_form(x, indefinite).
  warnings.warn("Forming a nonconvex expression quad_form(x, indefinite).")
trail number 250
[I 2025-07-20 17:22:28,621] Trial 250 finished with value: 42.421147794988265 and parameters: {'C': 118.77756557036673, 'epsilon': 6.786889537004176, 'tau': 361.4843475150368}. Best is trial 39 with value: 40.14082817555004.
/home/alber/env/lib/python3.11/site-packages/cvxpy/atoms/quad_form.py:226: UserWarning: Forming a nonconvex expression quad_form(x, indefinite).
  warnings.warn("Forming a nonconvex expression quad_form(x, indefinite).")
trail number 251
[I 2025-07-20 17:22:29,361] Trial 251 finished with value: 40.357821635567326 and parameters: {'C': 12.451750201496422, 'epsilon': 5.082087912193106, 'tau': 372.6795179867675}. Best is trial 39 with value: 40.14082817555004.
/home/alber/env/lib/python3.11/site-packages/cvxpy/atoms/quad_form.py:226: UserWarning: Forming a nonconvex expression quad_form(x, indefinite).
  warnings.warn("Forming a nonconvex expression quad_form(x, indefinite).")
/home/alber/env/lib/python3.11/site-packages/cvxpy/atoms/quad_form.py:226: UserWarning: Forming a nonconvex expression quad_form(x, indefinite).
  warnings.warn("Forming a nonconvex expression quad_form(x, indefinite).")
trail number 252
[I 2025-07-20 17:22:44,401] Trial 252 finished with value: 40.362155577072414 and parameters: {'C': 16.970572298179704, 'epsilon': 6.81180394184579, 'tau': 416.637759538191}. Best is trial 39 with value: 40.14082817555004.
/home/alber/env/lib/python3.11/site-packages/cvxpy/atoms/quad_form.py:226: UserWarning: Forming a nonconvex expression quad_form(x, indefinite).
  warnings.warn("Forming a nonconvex expression quad_form(x, indefinite).")
/home/alber/env/lib/python3.11/site-packages/cvxpy/atoms/quad_form.py:226: UserWarning: Forming a nonconvex expression quad_form(x, indefinite).
  warnings.warn("Forming a nonconvex expression quad_form(x, indefinite).")
/home/alber/env/lib/python3.11/site-packages/cvxpy/atoms/quad_form.py:226: UserWarning: Forming a nonconvex expression quad_form(x, indefinite).
  warnings.warn("Forming a nonconvex expression quad_form(x, indefinite).")
/home/alber/env/lib/python3.11/site-packages/cvxpy/atoms/quad_form.py:226: UserWarning: Forming a nonconvex expression quad_form(x, indefinite).
  warnings.warn("Forming a nonconvex expression quad_form(x, indefinite).")
/home/alber/env/lib/python3.11/site-packages/cvxpy/atoms/quad_form.py:226: UserWarning: Forming a nonconvex expression quad_form(x, indefinite).
  warnings.warn("Forming a nonconvex expression quad_form(x, indefinite).")
trail number 253
[I 2025-07-20 17:23:22,386] Trial 253 finished with value: 42.835566182735 and parameters: {'C': 263.4198906736489, 'epsilon': 13.49596570837397, 'tau': 262.0335732428496}. Best is trial 39 with value: 40.14082817555004.
/home/alber/env/lib/python3.11/site-packages/cvxpy/atoms/quad_form.py:226: UserWarning: Forming a nonconvex expression quad_form(x, indefinite).
  warnings.warn("Forming a nonconvex expression quad_form(x, indefinite).")
/home/alber/env/lib/python3.11/site-packages/cvxpy/atoms/quad_form.py:226: UserWarning: Forming a nonconvex expression quad_form(x, indefinite).
  warnings.warn("Forming a nonconvex expression quad_form(x, indefinite).")
/home/alber/env/lib/python3.11/site-packages/cvxpy/atoms/quad_form.py:226: UserWarning: Forming a nonconvex expression quad_form(x, indefinite).
  warnings.warn("Forming a nonconvex expression quad_form(x, indefinite).")
/home/alber/env/lib/python3.11/site-packages/cvxpy/atoms/quad_form.py:226: UserWarning: Forming a nonconvex expression quad_form(x, indefinite).
  warnings.warn("Forming a nonconvex expression quad_form(x, indefinite).")
trail number 255
[I 2025-07-20 17:23:48,380] Trial 255 finished with value: 45.30095981390865 and parameters: {'C': 2.7333882636495854, 'epsilon': 16.240686140143914, 'tau': 147.58990383202593}. Best is trial 39 with value: 40.14082817555004.
trail number 254
[I 2025-07-20 17:23:48,393] Trial 254 finished with value: 41.21207396445561 and parameters: {'C': 3.979604010926858, 'epsilon': 4.177593391720826, 'tau': 339.0161403297168}. Best is trial 39 with value: 40.14082817555004.
/home/alber/env/lib/python3.11/site-packages/cvxpy/atoms/quad_form.py:226: UserWarning: Forming a nonconvex expression quad_form(x, indefinite).
  warnings.warn("Forming a nonconvex expression quad_form(x, indefinite).")
/home/alber/env/lib/python3.11/site-packages/cvxpy/atoms/quad_form.py:226: UserWarning: Forming a nonconvex expression quad_form(x, indefinite).
  warnings.warn("Forming a nonconvex expression quad_form(x, indefinite).")
trail number 256
[I 2025-07-20 17:24:05,256] Trial 256 finished with value: 42.86890815890022 and parameters: {'C': 162.31218507302756, 'epsilon': 15.208073191094329, 'tau': 175.68157040035422}. Best is trial 39 with value: 40.14082817555004.
/home/alber/env/lib/python3.11/site-packages/cvxpy/atoms/quad_form.py:226: UserWarning: Forming a nonconvex expression quad_form(x, indefinite).
  warnings.warn("Forming a nonconvex expression quad_form(x, indefinite).")
/home/alber/env/lib/python3.11/site-packages/cvxpy/atoms/quad_form.py:226: UserWarning: Forming a nonconvex expression quad_form(x, indefinite).
  warnings.warn("Forming a nonconvex expression quad_form(x, indefinite).")
/home/alber/env/lib/python3.11/site-packages/cvxpy/atoms/quad_form.py:226: UserWarning: Forming a nonconvex expression quad_form(x, indefinite).
  warnings.warn("Forming a nonconvex expression quad_form(x, indefinite).")
/home/alber/env/lib/python3.11/site-packages/cvxpy/atoms/quad_form.py:226: UserWarning: Forming a nonconvex expression quad_form(x, indefinite).
  warnings.warn("Forming a nonconvex expression quad_form(x, indefinite).")
/home/alber/env/lib/python3.11/site-packages/cvxpy/atoms/quad_form.py:226: UserWarning: Forming a nonconvex expression quad_form(x, indefinite).
  warnings.warn("Forming a nonconvex expression quad_form(x, indefinite).")
trail number 257
[I 2025-07-20 17:24:32,997] Trial 257 finished with value: 40.74393668877032 and parameters: {'C': 18.317603513326375, 'epsilon': 12.643555780867434, 'tau': 486.87375609213126}. Best is trial 39 with value: 40.14082817555004.
/home/alber/env/lib/python3.11/site-packages/cvxpy/atoms/quad_form.py:226: UserWarning: Forming a nonconvex expression quad_form(x, indefinite).
  warnings.warn("Forming a nonconvex expression quad_form(x, indefinite).")
/home/alber/env/lib/python3.11/site-packages/cvxpy/atoms/quad_form.py:226: UserWarning: Forming a nonconvex expression quad_form(x, indefinite).
  warnings.warn("Forming a nonconvex expression quad_form(x, indefinite).")
/home/alber/env/lib/python3.11/site-packages/cvxpy/atoms/quad_form.py:226: UserWarning: Forming a nonconvex expression quad_form(x, indefinite).
  warnings.warn("Forming a nonconvex expression quad_form(x, indefinite).")
trail number 258
[I 2025-07-20 17:25:08,427] Trial 258 finished with value: 40.60378643015465 and parameters: {'C': 19.440643237858986, 'epsilon': 10.081669332074787, 'tau': 460.40686389665683}. Best is trial 39 with value: 40.14082817555004.
trail number 259
[I 2025-07-20 17:25:08,758] Trial 259 finished with value: 42.612438518428824 and parameters: {'C': 200.6074579869302, 'epsilon': 9.952355307631375, 'tau': 404.6829340441102}. Best is trial 39 with value: 40.14082817555004.
/home/alber/env/lib/python3.11/site-packages/cvxpy/atoms/quad_form.py:226: UserWarning: Forming a nonconvex expression quad_form(x, indefinite).
  warnings.warn("Forming a nonconvex expression quad_form(x, indefinite).")
/home/alber/env/lib/python3.11/site-packages/cvxpy/atoms/quad_form.py:226: UserWarning: Forming a nonconvex expression quad_form(x, indefinite).
  warnings.warn("Forming a nonconvex expression quad_form(x, indefinite).")
trail number 260
[I 2025-07-20 17:25:28,105] Trial 260 finished with value: 42.625824137228605 and parameters: {'C': 151.19632403046398, 'epsilon': 10.044416695550687, 'tau': 387.70075187956115}. Best is trial 39 with value: 40.14082817555004.
/home/alber/env/lib/python3.11/site-packages/cvxpy/atoms/quad_form.py:226: UserWarning: Forming a nonconvex expression quad_form(x, indefinite).
  warnings.warn("Forming a nonconvex expression quad_form(x, indefinite).")
/home/alber/env/lib/python3.11/site-packages/cvxpy/atoms/quad_form.py:226: UserWarning: Forming a nonconvex expression quad_form(x, indefinite).
  warnings.warn("Forming a nonconvex expression quad_form(x, indefinite).")
/home/alber/env/lib/python3.11/site-packages/cvxpy/atoms/quad_form.py:226: UserWarning: Forming a nonconvex expression quad_form(x, indefinite).
  warnings.warn("Forming a nonconvex expression quad_form(x, indefinite).")
/home/alber/env/lib/python3.11/site-packages/cvxpy/atoms/quad_form.py:226: UserWarning: Forming a nonconvex expression quad_form(x, indefinite).
  warnings.warn("Forming a nonconvex expression quad_form(x, indefinite).")
trail number 261
[I 2025-07-20 17:25:55,309] Trial 261 finished with value: 40.405781115105796 and parameters: {'C': 7.285625055986937, 'epsilon': 8.341160070339892, 'tau': 452.4961970057696}. Best is trial 39 with value: 40.14082817555004.
/home/alber/env/lib/python3.11/site-packages/cvxpy/atoms/quad_form.py:226: UserWarning: Forming a nonconvex expression quad_form(x, indefinite).
  warnings.warn("Forming a nonconvex expression quad_form(x, indefinite).")
/home/alber/env/lib/python3.11/site-packages/cvxpy/atoms/quad_form.py:226: UserWarning: Forming a nonconvex expression quad_form(x, indefinite).
  warnings.warn("Forming a nonconvex expression quad_form(x, indefinite).")
/home/alber/env/lib/python3.11/site-packages/cvxpy/atoms/quad_form.py:226: UserWarning: Forming a nonconvex expression quad_form(x, indefinite).
  warnings.warn("Forming a nonconvex expression quad_form(x, indefinite).")
/home/alber/env/lib/python3.11/site-packages/cvxpy/atoms/quad_form.py:226: UserWarning: Forming a nonconvex expression quad_form(x, indefinite).
  warnings.warn("Forming a nonconvex expression quad_form(x, indefinite).")
/home/alber/env/lib/python3.11/site-packages/cvxpy/atoms/quad_form.py:226: UserWarning: Forming a nonconvex expression quad_form(x, indefinite).
  warnings.warn("Forming a nonconvex expression quad_form(x, indefinite).")
/home/alber/env/lib/python3.11/site-packages/cvxpy/atoms/quad_form.py:226: UserWarning: Forming a nonconvex expression quad_form(x, indefinite).
  warnings.warn("Forming a nonconvex expression quad_form(x, indefinite).")
/home/alber/env/lib/python3.11/site-packages/cvxpy/atoms/quad_form.py:226: UserWarning: Forming a nonconvex expression quad_form(x, indefinite).
  warnings.warn("Forming a nonconvex expression quad_form(x, indefinite).")
/home/alber/env/lib/python3.11/site-packages/cvxpy/atoms/quad_form.py:226: UserWarning: Forming a nonconvex expression quad_form(x, indefinite).
  warnings.warn("Forming a nonconvex expression quad_form(x, indefinite).")
trail number 262
[I 2025-07-20 17:26:36,191] Trial 262 finished with value: 42.75778132539025 and parameters: {'C': 176.88253024647423, 'epsilon': 12.407701566968804, 'tau': 421.7303445887433}. Best is trial 39 with value: 40.14082817555004.
trail number 263
[I 2025-07-20 17:26:43,425] Trial 263 finished with value: 43.85123641953213 and parameters: {'C': 321.9738734048242, 'epsilon': 25.171589139828534, 'tau': 154.22032991373322}. Best is trial 39 with value: 40.14082817555004.
/home/alber/env/lib/python3.11/site-packages/cvxpy/atoms/quad_form.py:226: UserWarning: Forming a nonconvex expression quad_form(x, indefinite).
  warnings.warn("Forming a nonconvex expression quad_form(x, indefinite).")
/home/alber/env/lib/python3.11/site-packages/cvxpy/atoms/quad_form.py:226: UserWarning: Forming a nonconvex expression quad_form(x, indefinite).
  warnings.warn("Forming a nonconvex expression quad_form(x, indefinite).")
trail number 264
[I 2025-07-20 17:27:02,049] Trial 264 finished with value: 41.63802860566784 and parameters: {'C': 190.6186943952159, 'epsilon': 4.530057151491583, 'tau': 71.51840176623755}. Best is trial 39 with value: 40.14082817555004.
/home/alber/env/lib/python3.11/site-packages/cvxpy/atoms/quad_form.py:226: UserWarning: Forming a nonconvex expression quad_form(x, indefinite).
  warnings.warn("Forming a nonconvex expression quad_form(x, indefinite).")
/home/alber/env/lib/python3.11/site-packages/cvxpy/atoms/quad_form.py:226: UserWarning: Forming a nonconvex expression quad_form(x, indefinite).
  warnings.warn("Forming a nonconvex expression quad_form(x, indefinite).")
trail number 265
[I 2025-07-20 17:27:14,941] Trial 265 finished with value: 41.76817288011453 and parameters: {'C': 7.4082373326897555, 'epsilon': 11.661713275883939, 'tau': 142.03657701932627}. Best is trial 39 with value: 40.14082817555004.
/home/alber/env/lib/python3.11/site-packages/cvxpy/atoms/quad_form.py:226: UserWarning: Forming a nonconvex expression quad_form(x, indefinite).
  warnings.warn("Forming a nonconvex expression quad_form(x, indefinite).")
/home/alber/env/lib/python3.11/site-packages/cvxpy/atoms/quad_form.py:226: UserWarning: Forming a nonconvex expression quad_form(x, indefinite).
  warnings.warn("Forming a nonconvex expression quad_form(x, indefinite).")
/home/alber/env/lib/python3.11/site-packages/cvxpy/atoms/quad_form.py:226: UserWarning: Forming a nonconvex expression quad_form(x, indefinite).
  warnings.warn("Forming a nonconvex expression quad_form(x, indefinite).")
/home/alber/env/lib/python3.11/site-packages/cvxpy/atoms/quad_form.py:226: UserWarning: Forming a nonconvex expression quad_form(x, indefinite).
  warnings.warn("Forming a nonconvex expression quad_form(x, indefinite).")
/home/alber/env/lib/python3.11/site-packages/cvxpy/atoms/quad_form.py:226: UserWarning: Forming a nonconvex expression quad_form(x, indefinite).
  warnings.warn("Forming a nonconvex expression quad_form(x, indefinite).")
trail number 267
[I 2025-07-20 17:27:59,849] Trial 267 finished with value: 40.30928540461718 and parameters: {'C': 13.92915520892647, 'epsilon': 13.008901013266033, 'tau': 321.13835204437277}. Best is trial 39 with value: 40.14082817555004.
/home/alber/env/lib/python3.11/site-packages/cvxpy/atoms/quad_form.py:226: UserWarning: Forming a nonconvex expression quad_form(x, indefinite).
  warnings.warn("Forming a nonconvex expression quad_form(x, indefinite).")
/home/alber/env/lib/python3.11/site-packages/cvxpy/atoms/quad_form.py:226: UserWarning: Forming a nonconvex expression quad_form(x, indefinite).
  warnings.warn("Forming a nonconvex expression quad_form(x, indefinite).")
/home/alber/env/lib/python3.11/site-packages/cvxpy/atoms/quad_form.py:226: UserWarning: Forming a nonconvex expression quad_form(x, indefinite).
  warnings.warn("Forming a nonconvex expression quad_form(x, indefinite).")
trail number 266
[I 2025-07-20 17:28:07,340] Trial 266 finished with value: 42.45257034828662 and parameters: {'C': 236.39591859932742, 'epsilon': 8.049522193946881, 'tau': 145.20691017192934}. Best is trial 39 with value: 40.14082817555004.
/home/alber/env/lib/python3.11/site-packages/cvxpy/atoms/quad_form.py:226: UserWarning: Forming a nonconvex expression quad_form(x, indefinite).
  warnings.warn("Forming a nonconvex expression quad_form(x, indefinite).")
/home/alber/env/lib/python3.11/site-packages/cvxpy/atoms/quad_form.py:226: UserWarning: Forming a nonconvex expression quad_form(x, indefinite).
  warnings.warn("Forming a nonconvex expression quad_form(x, indefinite).")
/home/alber/env/lib/python3.11/site-packages/cvxpy/atoms/quad_form.py:226: UserWarning: Forming a nonconvex expression quad_form(x, indefinite).
  warnings.warn("Forming a nonconvex expression quad_form(x, indefinite).")
trail number 268
