[I 2025-07-20 17:12:25,051] Trial 222 finished with value: 41.21651633961248 and parameters: {'C': 98.98523625125233, 'epsilon': 7.40173219710304, 'tau': 138.57995040868786}. Best is trial 39 with value: 40.14082817555004.
/home/alber/env/lib/python3.11/site-packages/cvxpy/atoms/quad_form.py:226: UserWarning: Forming a nonconvex expression quad_form(x, indefinite).
  warnings.warn("Forming a nonconvex expression quad_form(x, indefinite).")
/home/alber/env/lib/python3.11/site-packages/cvxpy/atoms/quad_form.py:226: UserWarning: Forming a nonconvex expression quad_form(x, indefinite).
  warnings.warn("Forming a nonconvex expression quad_form(x, indefinite).")
trail number 223
[I 2025-07-20 17:12:36,381] Trial 223 finished with value: 41.64635767945584 and parameters: {'C': 64.47801257139453, 'epsilon': 7.1239744015520134, 'tau': 239.37688319547897}. Best is trial 39 with value: 40.14082817555004.
/home/alber/env/lib/python3.11/site-packages/cvxpy/atoms/quad_form.py:226: UserWarning: Forming a nonconvex expression quad_form(x, indefinite).
  warnings.warn("Forming a nonconvex expression quad_form(x, indefinite).")
/home/alber/env/lib/python3.11/site-packages/cvxpy/atoms/quad_form.py:226: UserWarning: Forming a nonconvex expression quad_form(x, indefinite).
  warnings.warn("Forming a nonconvex expression quad_form(x, indefinite).")
/home/alber/env/lib/python3.11/site-packages/cvxpy/atoms/quad_form.py:226: UserWarning: Forming a nonconvex expression quad_form(x, indefinite).
  warnings.warn("Forming a nonconvex expression quad_form(x, indefinite).")
/home/alber/env/lib/python3.11/site-packages/cvxpy/atoms/quad_form.py:226: UserWarning: Forming a nonconvex expression quad_form(x, indefinite).
  warnings.warn("Forming a nonconvex expression quad_form(x, indefinite).")
/home/alber/env/lib/python3.11/site-packages/cvxpy/atoms/quad_form.py:226: UserWarning: Forming a nonconvex expression quad_form(x, indefinite).
  warnings.warn("Forming a nonconvex expression quad_form(x, indefinite).")
trail number 224
[I 2025-07-20 17:13:13,967] Trial 224 finished with value: 42.69428067046127 and parameters: {'C': 987.1660723842017, 'epsilon': 11.72324974241857, 'tau': 579.8592222516119}. Best is trial 39 with value: 40.14082817555004.
/home/alber/env/lib/python3.11/site-packages/cvxpy/atoms/quad_form.py:226: UserWarning: Forming a nonconvex expression quad_form(x, indefinite).
  warnings.warn("Forming a nonconvex expression quad_form(x, indefinite).")
/home/alber/env/lib/python3.11/site-packages/cvxpy/atoms/quad_form.py:226: UserWarning: Forming a nonconvex expression quad_form(x, indefinite).
  warnings.warn("Forming a nonconvex expression quad_form(x, indefinite).")
/home/alber/env/lib/python3.11/site-packages/cvxpy/atoms/quad_form.py:226: UserWarning: Forming a nonconvex expression quad_form(x, indefinite).
  warnings.warn("Forming a nonconvex expression quad_form(x, indefinite).")
/home/alber/env/lib/python3.11/site-packages/cvxpy/atoms/quad_form.py:226: UserWarning: Forming a nonconvex expression quad_form(x, indefinite).
  warnings.warn("Forming a nonconvex expression quad_form(x, indefinite).")
/home/alber/env/lib/python3.11/site-packages/cvxpy/atoms/quad_form.py:226: UserWarning: Forming a nonconvex expression quad_form(x, indefinite).
  warnings.warn("Forming a nonconvex expression quad_form(x, indefinite).")
/home/alber/env/lib/python3.11/site-packages/cvxpy/atoms/quad_form.py:226: UserWarning: Forming a nonconvex expression quad_form(x, indefinite).
  warnings.warn("Forming a nonconvex expression quad_form(x, indefinite).")
trail number 227
[I 2025-07-20 17:13:42,541] Trial 227 finished with value: 41.75408612341736 and parameters: {'C': 3.099116275873378, 'epsilon': 5.697947561927823, 'tau': 313.9542424314709}. Best is trial 39 with value: 40.14082817555004.
trail number 226
[I 2025-07-20 17:13:43,386] Trial 226 finished with value: 40.39315368642059 and parameters: {'C': 16.1803709722632, 'epsilon': 1.2855697466791156, 'tau': 256.9900199660729}. Best is trial 39 with value: 40.14082817555004.
trail number 225
[I 2025-07-20 17:13:43,411] Trial 225 finished with value: 40.37919797214755 and parameters: {'C': 22.856969898161033, 'epsilon': 3.6645889685956012, 'tau': 195.70228239023692}. Best is trial 39 with value: 40.14082817555004.
/home/alber/env/lib/python3.11/site-packages/cvxpy/atoms/quad_form.py:226: UserWarning: Forming a nonconvex expression quad_form(x, indefinite).
  warnings.warn("Forming a nonconvex expression quad_form(x, indefinite).")
/home/alber/env/lib/python3.11/site-packages/cvxpy/atoms/quad_form.py:226: UserWarning: Forming a nonconvex expression quad_form(x, indefinite).
  warnings.warn("Forming a nonconvex expression quad_form(x, indefinite).")
/home/alber/env/lib/python3.11/site-packages/cvxpy/atoms/quad_form.py:226: UserWarning: Forming a nonconvex expression quad_form(x, indefinite).
  warnings.warn("Forming a nonconvex expression quad_form(x, indefinite).")
/home/alber/env/lib/python3.11/site-packages/cvxpy/atoms/quad_form.py:226: UserWarning: Forming a nonconvex expression quad_form(x, indefinite).
  warnings.warn("Forming a nonconvex expression quad_form(x, indefinite).")
/home/alber/env/lib/python3.11/site-packages/cvxpy/atoms/quad_form.py:226: UserWarning: Forming a nonconvex expression quad_form(x, indefinite).
  warnings.warn("Forming a nonconvex expression quad_form(x, indefinite).")
/home/alber/env/lib/python3.11/site-packages/cvxpy/atoms/quad_form.py:226: UserWarning: Forming a nonconvex expression quad_form(x, indefinite).
  warnings.warn("Forming a nonconvex expression quad_form(x, indefinite).")
/home/alber/env/lib/python3.11/site-packages/cvxpy/atoms/quad_form.py:226: UserWarning: Forming a nonconvex expression quad_form(x, indefinite).
  warnings.warn("Forming a nonconvex expression quad_form(x, indefinite).")
/home/alber/env/lib/python3.11/site-packages/cvxpy/atoms/quad_form.py:226: UserWarning: Forming a nonconvex expression quad_form(x, indefinite).
  warnings.warn("Forming a nonconvex expression quad_form(x, indefinite).")
/home/alber/env/lib/python3.11/site-packages/cvxpy/atoms/quad_form.py:226: UserWarning: Forming a nonconvex expression quad_form(x, indefinite).
  warnings.warn("Forming a nonconvex expression quad_form(x, indefinite).")
trail number 228
[I 2025-07-20 17:14:19,305] Trial 228 finished with value: 41.178743017373364 and parameters: {'C': 4.286956317771345, 'epsilon': 3.478828144258922, 'tau': 308.0633394680719}. Best is trial 39 with value: 40.14082817555004.
/home/alber/env/lib/python3.11/site-packages/cvxpy/atoms/quad_form.py:226: UserWarning: Forming a nonconvex expression quad_form(x, indefinite).
  warnings.warn("Forming a nonconvex expression quad_form(x, indefinite).")
/home/alber/env/lib/python3.11/site-packages/cvxpy/atoms/quad_form.py:226: UserWarning: Forming a nonconvex expression quad_form(x, indefinite).
  warnings.warn("Forming a nonconvex expression quad_form(x, indefinite).")
/home/alber/env/lib/python3.11/site-packages/cvxpy/atoms/quad_form.py:226: UserWarning: Forming a nonconvex expression quad_form(x, indefinite).
  warnings.warn("Forming a nonconvex expression quad_form(x, indefinite).")
/home/alber/env/lib/python3.11/site-packages/cvxpy/atoms/quad_form.py:226: UserWarning: Forming a nonconvex expression quad_form(x, indefinite).
  warnings.warn("Forming a nonconvex expression quad_form(x, indefinite).")
/home/alber/env/lib/python3.11/site-packages/cvxpy/atoms/quad_form.py:226: UserWarning: Forming a nonconvex expression quad_form(x, indefinite).
  warnings.warn("Forming a nonconvex expression quad_form(x, indefinite).")
/home/alber/env/lib/python3.11/site-packages/cvxpy/atoms/quad_form.py:226: UserWarning: Forming a nonconvex expression quad_form(x, indefinite).
  warnings.warn("Forming a nonconvex expression quad_form(x, indefinite).")
trail number 229
[I 2025-07-20 17:14:52,757] Trial 229 finished with value: 40.810485159398105 and parameters: {'C': 4.774180873089057, 'epsilon': 10.876373057648426, 'tau': 401.45722226255083}. Best is trial 39 with value: 40.14082817555004.
/home/alber/env/lib/python3.11/site-packages/cvxpy/atoms/quad_form.py:226: UserWarning: Forming a nonconvex expression quad_form(x, indefinite).
  warnings.warn("Forming a nonconvex expression quad_form(x, indefinite).")
trail number 231
[I 2025-07-20 17:14:58,516] Trial 231 finished with value: 40.49402695166977 and parameters: {'C': 23.29209082364195, 'epsilon': 10.171418994432422, 'tau': 313.62708135786517}. Best is trial 39 with value: 40.14082817555004.
trail number 230
[I 2025-07-20 17:15:09,470] Trial 230 finished with value: 42.27494289128919 and parameters: {'C': 139.9505395342282, 'epsilon': 4.68270303801628, 'tau': 242.16862843503165}. Best is trial 39 with value: 40.14082817555004.
/home/alber/env/lib/python3.11/site-packages/cvxpy/atoms/quad_form.py:226: UserWarning: Forming a nonconvex expression quad_form(x, indefinite).
  warnings.warn("Forming a nonconvex expression quad_form(x, indefinite).")
/home/alber/env/lib/python3.11/site-packages/cvxpy/atoms/quad_form.py:226: UserWarning: Forming a nonconvex expression quad_form(x, indefinite).
  warnings.warn("Forming a nonconvex expression quad_form(x, indefinite).")
/home/alber/env/lib/python3.11/site-packages/cvxpy/atoms/quad_form.py:226: UserWarning: Forming a nonconvex expression quad_form(x, indefinite).
  warnings.warn("Forming a nonconvex expression quad_form(x, indefinite).")
/home/alber/env/lib/python3.11/site-packages/cvxpy/atoms/quad_form.py:226: UserWarning: Forming a nonconvex expression quad_form(x, indefinite).
  warnings.warn("Forming a nonconvex expression quad_form(x, indefinite).")
/home/alber/env/lib/python3.11/site-packages/cvxpy/atoms/quad_form.py:226: UserWarning: Forming a nonconvex expression quad_form(x, indefinite).
  warnings.warn("Forming a nonconvex expression quad_form(x, indefinite).")
trail number 232
[I 2025-07-20 17:15:41,168] Trial 232 finished with value: 41.19582323942874 and parameters: {'C': 29.78638631015759, 'epsilon': 15.099129695818144, 'tau': 365.07523846452904}. Best is trial 39 with value: 40.14082817555004.
/home/alber/env/lib/python3.11/site-packages/cvxpy/atoms/quad_form.py:226: UserWarning: Forming a nonconvex expression quad_form(x, indefinite).
  warnings.warn("Forming a nonconvex expression quad_form(x, indefinite).")
/home/alber/env/lib/python3.11/site-packages/cvxpy/atoms/quad_form.py:226: UserWarning: Forming a nonconvex expression quad_form(x, indefinite).
  warnings.warn("Forming a nonconvex expression quad_form(x, indefinite).")
/home/alber/env/lib/python3.11/site-packages/cvxpy/atoms/quad_form.py:226: UserWarning: Forming a nonconvex expression quad_form(x, indefinite).
  warnings.warn("Forming a nonconvex expression quad_form(x, indefinite).")
/home/alber/env/lib/python3.11/site-packages/cvxpy/atoms/quad_form.py:226: UserWarning: Forming a nonconvex expression quad_form(x, indefinite).
  warnings.warn("Forming a nonconvex expression quad_form(x, indefinite).")
/home/alber/env/lib/python3.11/site-packages/cvxpy/atoms/quad_form.py:226: UserWarning: Forming a nonconvex expression quad_form(x, indefinite).
  warnings.warn("Forming a nonconvex expression quad_form(x, indefinite).")
trail number 233
[I 2025-07-20 17:16:21,188] Trial 233 finished with value: 42.60123977407231 and parameters: {'C': 168.0189255339464, 'epsilon': 9.414919402267282, 'tau': 289.10537450500766}. Best is trial 39 with value: 40.14082817555004.
/home/alber/env/lib/python3.11/site-packages/cvxpy/atoms/quad_form.py:226: UserWarning: Forming a nonconvex expression quad_form(x, indefinite).
  warnings.warn("Forming a nonconvex expression quad_form(x, indefinite).")
trail number 235
[I 2025-07-20 17:16:33,781] Trial 235 finished with value: 40.2596414072621 and parameters: {'C': 14.099743803354741, 'epsilon': 8.131994877214265, 'tau': 390.76471213931404}. Best is trial 39 with value: 40.14082817555004.
/home/alber/env/lib/python3.11/site-packages/cvxpy/atoms/quad_form.py:226: UserWarning: Forming a nonconvex expression quad_form(x, indefinite).
  warnings.warn("Forming a nonconvex expression quad_form(x, indefinite).")
trail number 234
[I 2025-07-20 17:16:38,393] Trial 234 finished with value: 42.29120726966703 and parameters: {'C': 182.09012143726773, 'epsilon': 3.913768844961056, 'tau': 334.05092781901953}. Best is trial 39 with value: 40.14082817555004.
/home/alber/env/lib/python3.11/site-packages/cvxpy/atoms/quad_form.py:226: UserWarning: Forming a nonconvex expression quad_form(x, indefinite).
  warnings.warn("Forming a nonconvex expression quad_form(x, indefinite).")
/home/alber/env/lib/python3.11/site-packages/cvxpy/atoms/quad_form.py:226: UserWarning: Forming a nonconvex expression quad_form(x, indefinite).
  warnings.warn("Forming a nonconvex expression quad_form(x, indefinite).")
/home/alber/env/lib/python3.11/site-packages/cvxpy/atoms/quad_form.py:226: UserWarning: Forming a nonconvex expression quad_form(x, indefinite).
  warnings.warn("Forming a nonconvex expression quad_form(x, indefinite).")
trail number 236
[I 2025-07-20 17:16:58,089] Trial 236 finished with value: 40.60954525601642 and parameters: {'C': 9.634157583676267, 'epsilon': 8.401474513267376, 'tau': 242.95402800187657}. Best is trial 39 with value: 40.14082817555004.
/home/alber/env/lib/python3.11/site-packages/cvxpy/atoms/quad_form.py:226: UserWarning: Forming a nonconvex expression quad_form(x, indefinite).
  warnings.warn("Forming a nonconvex expression quad_form(x, indefinite).")
/home/alber/env/lib/python3.11/site-packages/cvxpy/atoms/quad_form.py:226: UserWarning: Forming a nonconvex expression quad_form(x, indefinite).
  warnings.warn("Forming a nonconvex expression quad_form(x, indefinite).")
/home/alber/env/lib/python3.11/site-packages/cvxpy/atoms/quad_form.py:226: UserWarning: Forming a nonconvex expression quad_form(x, indefinite).
  warnings.warn("Forming a nonconvex expression quad_form(x, indefinite).")
/home/alber/env/lib/python3.11/site-packages/cvxpy/atoms/quad_form.py:226: UserWarning: Forming a nonconvex expression quad_form(x, indefinite).
  warnings.warn("Forming a nonconvex expression quad_form(x, indefinite).")
/home/alber/env/lib/python3.11/site-packages/cvxpy/atoms/quad_form.py:226: UserWarning: Forming a nonconvex expression quad_form(x, indefinite).
  warnings.warn("Forming a nonconvex expression quad_form(x, indefinite).")
/home/alber/env/lib/python3.11/site-packages/cvxpy/atoms/quad_form.py:226: UserWarning: Forming a nonconvex expression quad_form(x, indefinite).
  warnings.warn("Forming a nonconvex expression quad_form(x, indefinite).")
trail number 237
[I 2025-07-20 17:17:47,120] Trial 237 finished with value: 40.885283725890005 and parameters: {'C': 42.07912905207347, 'epsilon': 6.5145051650165415, 'tau': 295.59415216097057}. Best is trial 39 with value: 40.14082817555004.
/home/alber/env/lib/python3.11/site-packages/cvxpy/atoms/quad_form.py:226: UserWarning: Forming a nonconvex expression quad_form(x, indefinite).
  warnings.warn("Forming a nonconvex expression quad_form(x, indefinite).")
/home/alber/env/lib/python3.11/site-packages/cvxpy/atoms/quad_form.py:226: UserWarning: Forming a nonconvex expression quad_form(x, indefinite).
  warnings.warn("Forming a nonconvex expression quad_form(x, indefinite).")
/home/alber/env/lib/python3.11/site-packages/cvxpy/atoms/quad_form.py:226: UserWarning: Forming a nonconvex expression quad_form(x, indefinite).
  warnings.warn("Forming a nonconvex expression quad_form(x, indefinite).")
trail number 239
[I 2025-07-20 17:18:04,892] Trial 239 finished with value: 40.851314867964156 and parameters: {'C': 33.89131395207906, 'epsilon': 7.443571171731899, 'tau': 335.92113859032423}. Best is trial 39 with value: 40.14082817555004.
trail number 238
[I 2025-07-20 17:18:06,618] Trial 238 finished with value: 42.18515302661772 and parameters: {'C': 239.71428043585894, 'epsilon': 1.230512938222927, 'tau': 263.147767055607}. Best is trial 39 with value: 40.14082817555004.
/home/alber/env/lib/python3.11/site-packages/cvxpy/atoms/quad_form.py:226: UserWarning: Forming a nonconvex expression quad_form(x, indefinite).
  warnings.warn("Forming a nonconvex expression quad_form(x, indefinite).")
/home/alber/env/lib/python3.11/site-packages/cvxpy/atoms/quad_form.py:226: UserWarning: Forming a nonconvex expression quad_form(x, indefinite).
  warnings.warn("Forming a nonconvex expression quad_form(x, indefinite).")
trail number 240
[I 2025-07-20 17:18:11,024] Trial 240 finished with value: 41.009003726324636 and parameters: {'C': 6.493648682958337, 'epsilon': 8.138240607208377, 'tau': 234.85221411634473}. Best is trial 39 with value: 40.14082817555004.
/home/alber/env/lib/python3.11/site-packages/cvxpy/atoms/quad_form.py:226: UserWarning: Forming a nonconvex expression quad_form(x, indefinite).
  warnings.warn("Forming a nonconvex expression quad_form(x, indefinite).")
/home/alber/env/lib/python3.11/site-packages/cvxpy/atoms/quad_form.py:226: UserWarning: Forming a nonconvex expression quad_form(x, indefinite).
  warnings.warn("Forming a nonconvex expression quad_form(x, indefinite).")
/home/alber/env/lib/python3.11/site-packages/cvxpy/atoms/quad_form.py:226: UserWarning: Forming a nonconvex expression quad_form(x, indefinite).
  warnings.warn("Forming a nonconvex expression quad_form(x, indefinite).")
/home/alber/env/lib/python3.11/site-packages/cvxpy/atoms/quad_form.py:226: UserWarning: Forming a nonconvex expression quad_form(x, indefinite).
  warnings.warn("Forming a nonconvex expression quad_form(x, indefinite).")
/home/alber/env/lib/python3.11/site-packages/cvxpy/atoms/quad_form.py:226: UserWarning: Forming a nonconvex expression quad_form(x, indefinite).
  warnings.warn("Forming a nonconvex expression quad_form(x, indefinite).")
/home/alber/env/lib/python3.11/site-packages/cvxpy/atoms/quad_form.py:226: UserWarning: Forming a nonconvex expression quad_form(x, indefinite).
  warnings.warn("Forming a nonconvex expression quad_form(x, indefinite).")
/home/alber/env/lib/python3.11/site-packages/cvxpy/atoms/quad_form.py:226: UserWarning: Forming a nonconvex expression quad_form(x, indefinite).
  warnings.warn("Forming a nonconvex expression quad_form(x, indefinite).")
/home/alber/env/lib/python3.11/site-packages/cvxpy/atoms/quad_form.py:226: UserWarning: Forming a nonconvex expression quad_form(x, indefinite).
  warnings.warn("Forming a nonconvex expression quad_form(x, indefinite).")
trail number 241
[I 2025-07-20 17:19:18,332] Trial 241 finished with value: 41.84139422049734 and parameters: {'C': 45.4476837370412, 'epsilon': 9.083474469851511, 'tau': 443.50869141131034}. Best is trial 39 with value: 40.14082817555004.
/home/alber/env/lib/python3.11/site-packages/cvxpy/atoms/quad_form.py:226: UserWarning: Forming a nonconvex expression quad_form(x, indefinite).
  warnings.warn("Forming a nonconvex expression quad_form(x, indefinite).")
/home/alber/env/lib/python3.11/site-packages/cvxpy/atoms/quad_form.py:226: UserWarning: Forming a nonconvex expression quad_form(x, indefinite).
  warnings.warn("Forming a nonconvex expression quad_form(x, indefinite).")
/home/alber/env/lib/python3.11/site-packages/cvxpy/atoms/quad_form.py:226: UserWarning: Forming a nonconvex expression quad_form(x, indefinite).
  warnings.warn("Forming a nonconvex expression quad_form(x, indefinite).")
/home/alber/env/lib/python3.11/site-packages/cvxpy/atoms/quad_form.py:226: UserWarning: Forming a nonconvex expression quad_form(x, indefinite).
  warnings.warn("Forming a nonconvex expression quad_form(x, indefinite).")
/home/alber/env/lib/python3.11/site-packages/cvxpy/atoms/quad_form.py:226: UserWarning: Forming a nonconvex expression quad_form(x, indefinite).
  warnings.warn("Forming a nonconvex expression quad_form(x, indefinite).")
trail number 243
[I 2025-07-20 17:19:43,146] Trial 243 finished with value: 41.34420766642819 and parameters: {'C': 5.039765315183043, 'epsilon': 9.980988941496854, 'tau': 244.27872860002446}. Best is trial 39 with value: 40.14082817555004.
trail number 244
[I 2025-07-20 17:19:47,655] Trial 244 finished with value: 42.32245202514888 and parameters: {'C': 135.8775773525861, 'epsilon': 4.444833531333263, 'tau': 456.65129872783325}. Best is trial 39 with value: 40.14082817555004.
/home/alber/env/lib/python3.11/site-packages/cvxpy/atoms/quad_form.py:226: UserWarning: Forming a nonconvex expression quad_form(x, indefinite).
  warnings.warn("Forming a nonconvex expression quad_form(x, indefinite).")
trail number 242
