[I 2025-07-20 17:02:34,138] Trial 196 finished with value: 41.064819993884 and parameters: {'C': 39.94792835164673, 'epsilon': 2.4007401053668778, 'tau': 395.2052492113512}. Best is trial 39 with value: 40.14082817555004.
/home/alber/env/lib/python3.11/site-packages/cvxpy/atoms/quad_form.py:226: UserWarning: Forming a nonconvex expression quad_form(x, indefinite).
  warnings.warn("Forming a nonconvex expression quad_form(x, indefinite).")
/home/alber/env/lib/python3.11/site-packages/cvxpy/atoms/quad_form.py:226: UserWarning: Forming a nonconvex expression quad_form(x, indefinite).
  warnings.warn("Forming a nonconvex expression quad_form(x, indefinite).")
/home/alber/env/lib/python3.11/site-packages/cvxpy/atoms/quad_form.py:226: UserWarning: Forming a nonconvex expression quad_form(x, indefinite).
  warnings.warn("Forming a nonconvex expression quad_form(x, indefinite).")
trail number 197
[I 2025-07-20 17:02:57,945] Trial 197 finished with value: 41.20354979924783 and parameters: {'C': 36.26232243870628, 'epsilon': 5.902901848520608, 'tau': 397.6037311486558}. Best is trial 39 with value: 40.14082817555004.
/home/alber/env/lib/python3.11/site-packages/cvxpy/atoms/quad_form.py:226: UserWarning: Forming a nonconvex expression quad_form(x, indefinite).
  warnings.warn("Forming a nonconvex expression quad_form(x, indefinite).")
trail number 198
[I 2025-07-20 17:03:03,256] Trial 198 finished with value: 41.6328009784696 and parameters: {'C': 2.8089682952011614, 'epsilon': 3.4125180837099816, 'tau': 308.860275030142}. Best is trial 39 with value: 40.14082817555004.
/home/alber/env/lib/python3.11/site-packages/cvxpy/atoms/quad_form.py:226: UserWarning: Forming a nonconvex expression quad_form(x, indefinite).
  warnings.warn("Forming a nonconvex expression quad_form(x, indefinite).")
/home/alber/env/lib/python3.11/site-packages/cvxpy/atoms/quad_form.py:226: UserWarning: Forming a nonconvex expression quad_form(x, indefinite).
  warnings.warn("Forming a nonconvex expression quad_form(x, indefinite).")
/home/alber/env/lib/python3.11/site-packages/cvxpy/atoms/quad_form.py:226: UserWarning: Forming a nonconvex expression quad_form(x, indefinite).
  warnings.warn("Forming a nonconvex expression quad_form(x, indefinite).")
trail number 199
[I 2025-07-20 17:03:29,945] Trial 199 finished with value: 42.20541403179122 and parameters: {'C': 77.13517630266264, 'epsilon': 4.685802670994715, 'tau': 401.69857717853597}. Best is trial 39 with value: 40.14082817555004.
/home/alber/env/lib/python3.11/site-packages/cvxpy/atoms/quad_form.py:226: UserWarning: Forming a nonconvex expression quad_form(x, indefinite).
  warnings.warn("Forming a nonconvex expression quad_form(x, indefinite).")
/home/alber/env/lib/python3.11/site-packages/cvxpy/atoms/quad_form.py:226: UserWarning: Forming a nonconvex expression quad_form(x, indefinite).
  warnings.warn("Forming a nonconvex expression quad_form(x, indefinite).")
/home/alber/env/lib/python3.11/site-packages/cvxpy/atoms/quad_form.py:226: UserWarning: Forming a nonconvex expression quad_form(x, indefinite).
  warnings.warn("Forming a nonconvex expression quad_form(x, indefinite).")
/home/alber/env/lib/python3.11/site-packages/cvxpy/atoms/quad_form.py:226: UserWarning: Forming a nonconvex expression quad_form(x, indefinite).
  warnings.warn("Forming a nonconvex expression quad_form(x, indefinite).")
trail number 200
[I 2025-07-20 17:04:09,552] Trial 200 finished with value: 40.29240846725706 and parameters: {'C': 19.254093269181826, 'epsilon': 4.906779302678694, 'tau': 303.6623202797748}. Best is trial 39 with value: 40.14082817555004.
/home/alber/env/lib/python3.11/site-packages/cvxpy/atoms/quad_form.py:226: UserWarning: Forming a nonconvex expression quad_form(x, indefinite).
  warnings.warn("Forming a nonconvex expression quad_form(x, indefinite).")
/home/alber/env/lib/python3.11/site-packages/cvxpy/atoms/quad_form.py:226: UserWarning: Forming a nonconvex expression quad_form(x, indefinite).
  warnings.warn("Forming a nonconvex expression quad_form(x, indefinite).")
trail number 202
[I 2025-07-20 17:04:22,522] Trial 202 finished with value: 41.04606932990631 and parameters: {'C': 6.504783388100753, 'epsilon': 11.0055135211407, 'tau': 230.89773954943038}. Best is trial 39 with value: 40.14082817555004.
trail number 201
[I 2025-07-20 17:04:33,196] Trial 201 finished with value: 43.02473258010518 and parameters: {'C': 752.5882865166086, 'epsilon': 18.04221138787705, 'tau': 371.26660181711975}. Best is trial 39 with value: 40.14082817555004.
/home/alber/env/lib/python3.11/site-packages/cvxpy/atoms/quad_form.py:226: UserWarning: Forming a nonconvex expression quad_form(x, indefinite).
  warnings.warn("Forming a nonconvex expression quad_form(x, indefinite).")
/home/alber/env/lib/python3.11/site-packages/cvxpy/atoms/quad_form.py:226: UserWarning: Forming a nonconvex expression quad_form(x, indefinite).
  warnings.warn("Forming a nonconvex expression quad_form(x, indefinite).")
/home/alber/env/lib/python3.11/site-packages/cvxpy/atoms/quad_form.py:226: UserWarning: Forming a nonconvex expression quad_form(x, indefinite).
  warnings.warn("Forming a nonconvex expression quad_form(x, indefinite).")
/home/alber/env/lib/python3.11/site-packages/cvxpy/atoms/quad_form.py:226: UserWarning: Forming a nonconvex expression quad_form(x, indefinite).
  warnings.warn("Forming a nonconvex expression quad_form(x, indefinite).")
trail number 203
[I 2025-07-20 17:05:17,255] Trial 203 finished with value: 41.782575444089424 and parameters: {'C': 124.73050876206631, 'epsilon': 5.362571938539412, 'tau': 146.3851507716575}. Best is trial 39 with value: 40.14082817555004.
/home/alber/env/lib/python3.11/site-packages/cvxpy/atoms/quad_form.py:226: UserWarning: Forming a nonconvex expression quad_form(x, indefinite).
  warnings.warn("Forming a nonconvex expression quad_form(x, indefinite).")
/home/alber/env/lib/python3.11/site-packages/cvxpy/atoms/quad_form.py:226: UserWarning: Forming a nonconvex expression quad_form(x, indefinite).
  warnings.warn("Forming a nonconvex expression quad_form(x, indefinite).")
/home/alber/env/lib/python3.11/site-packages/cvxpy/atoms/quad_form.py:226: UserWarning: Forming a nonconvex expression quad_form(x, indefinite).
  warnings.warn("Forming a nonconvex expression quad_form(x, indefinite).")
/home/alber/env/lib/python3.11/site-packages/cvxpy/atoms/quad_form.py:226: UserWarning: Forming a nonconvex expression quad_form(x, indefinite).
  warnings.warn("Forming a nonconvex expression quad_form(x, indefinite).")
trail number 204
[I 2025-07-20 17:05:53,070] Trial 204 finished with value: 40.674858857967344 and parameters: {'C': 143.00014484844974, 'epsilon': 13.918883087176766, 'tau': 17.02878984919441}. Best is trial 39 with value: 40.14082817555004.
/home/alber/env/lib/python3.11/site-packages/cvxpy/atoms/quad_form.py:226: UserWarning: Forming a nonconvex expression quad_form(x, indefinite).
  warnings.warn("Forming a nonconvex expression quad_form(x, indefinite).")
/home/alber/env/lib/python3.11/site-packages/cvxpy/atoms/quad_form.py:226: UserWarning: Forming a nonconvex expression quad_form(x, indefinite).
  warnings.warn("Forming a nonconvex expression quad_form(x, indefinite).")
/home/alber/env/lib/python3.11/site-packages/cvxpy/atoms/quad_form.py:226: UserWarning: Forming a nonconvex expression quad_form(x, indefinite).
  warnings.warn("Forming a nonconvex expression quad_form(x, indefinite).")
trail number 205
[I 2025-07-20 17:06:14,475] Trial 205 finished with value: 40.92272698843901 and parameters: {'C': 29.069086590480808, 'epsilon': 0.6357596600125723, 'tau': 534.2054813057607}. Best is trial 39 with value: 40.14082817555004.
trail number 206
[I 2025-07-20 17:06:14,891] Trial 206 finished with value: 42.17084591776753 and parameters: {'C': 175.80153198927846, 'epsilon': 0.8329781640901546, 'tau': 699.0210431770207}. Best is trial 39 with value: 40.14082817555004.
/home/alber/env/lib/python3.11/site-packages/cvxpy/atoms/quad_form.py:226: UserWarning: Forming a nonconvex expression quad_form(x, indefinite).
  warnings.warn("Forming a nonconvex expression quad_form(x, indefinite).")
/home/alber/env/lib/python3.11/site-packages/cvxpy/atoms/quad_form.py:226: UserWarning: Forming a nonconvex expression quad_form(x, indefinite).
  warnings.warn("Forming a nonconvex expression quad_form(x, indefinite).")
/home/alber/env/lib/python3.11/site-packages/cvxpy/atoms/quad_form.py:226: UserWarning: Forming a nonconvex expression quad_form(x, indefinite).
  warnings.warn("Forming a nonconvex expression quad_form(x, indefinite).")
/home/alber/env/lib/python3.11/site-packages/cvxpy/atoms/quad_form.py:226: UserWarning: Forming a nonconvex expression quad_form(x, indefinite).
  warnings.warn("Forming a nonconvex expression quad_form(x, indefinite).")
trail number 207
[I 2025-07-20 17:06:36,635] Trial 207 finished with value: 40.36483446072829 and parameters: {'C': 15.14817328702825, 'epsilon': 5.609841886605134, 'tau': 286.25080289788895}. Best is trial 39 with value: 40.14082817555004.
/home/alber/env/lib/python3.11/site-packages/cvxpy/atoms/quad_form.py:226: UserWarning: Forming a nonconvex expression quad_form(x, indefinite).
  warnings.warn("Forming a nonconvex expression quad_form(x, indefinite).")
/home/alber/env/lib/python3.11/site-packages/cvxpy/atoms/quad_form.py:226: UserWarning: Forming a nonconvex expression quad_form(x, indefinite).
  warnings.warn("Forming a nonconvex expression quad_form(x, indefinite).")
/home/alber/env/lib/python3.11/site-packages/cvxpy/atoms/quad_form.py:226: UserWarning: Forming a nonconvex expression quad_form(x, indefinite).
  warnings.warn("Forming a nonconvex expression quad_form(x, indefinite).")
/home/alber/env/lib/python3.11/site-packages/cvxpy/atoms/quad_form.py:226: UserWarning: Forming a nonconvex expression quad_form(x, indefinite).
  warnings.warn("Forming a nonconvex expression quad_form(x, indefinite).")
/home/alber/env/lib/python3.11/site-packages/cvxpy/atoms/quad_form.py:226: UserWarning: Forming a nonconvex expression quad_form(x, indefinite).
  warnings.warn("Forming a nonconvex expression quad_form(x, indefinite).")
/home/alber/env/lib/python3.11/site-packages/cvxpy/atoms/quad_form.py:226: UserWarning: Forming a nonconvex expression quad_form(x, indefinite).
  warnings.warn("Forming a nonconvex expression quad_form(x, indefinite).")
trail number 208
[I 2025-07-20 17:07:11,098] Trial 208 finished with value: 40.64498493262467 and parameters: {'C': 6.226571817536556, 'epsilon': 5.944996366107121, 'tau': 353.8335144712064}. Best is trial 39 with value: 40.14082817555004.
/home/alber/env/lib/python3.11/site-packages/cvxpy/atoms/quad_form.py:226: UserWarning: Forming a nonconvex expression quad_form(x, indefinite).
  warnings.warn("Forming a nonconvex expression quad_form(x, indefinite).")
/home/alber/env/lib/python3.11/site-packages/cvxpy/atoms/quad_form.py:226: UserWarning: Forming a nonconvex expression quad_form(x, indefinite).
  warnings.warn("Forming a nonconvex expression quad_form(x, indefinite).")
/home/alber/env/lib/python3.11/site-packages/cvxpy/atoms/quad_form.py:226: UserWarning: Forming a nonconvex expression quad_form(x, indefinite).
  warnings.warn("Forming a nonconvex expression quad_form(x, indefinite).")
trail number 210
[I 2025-07-20 17:07:34,836] Trial 210 finished with value: 42.78474247336845 and parameters: {'C': 367.6261431657078, 'epsilon': 13.51203828266101, 'tau': 460.9437736549279}. Best is trial 39 with value: 40.14082817555004.
/home/alber/env/lib/python3.11/site-packages/cvxpy/atoms/quad_form.py:226: UserWarning: Forming a nonconvex expression quad_form(x, indefinite).
  warnings.warn("Forming a nonconvex expression quad_form(x, indefinite).")
trail number 209
[I 2025-07-20 17:07:45,146] Trial 209 finished with value: 42.77624227372404 and parameters: {'C': 400.1558128120496, 'epsilon': 13.40542742486336, 'tau': 649.9231928017922}. Best is trial 39 with value: 40.14082817555004.
/home/alber/env/lib/python3.11/site-packages/cvxpy/atoms/quad_form.py:226: UserWarning: Forming a nonconvex expression quad_form(x, indefinite).
  warnings.warn("Forming a nonconvex expression quad_form(x, indefinite).")
trail number 211
[I 2025-07-20 17:07:53,669] Trial 211 finished with value: 40.37111073612492 and parameters: {'C': 15.397553739339193, 'epsilon': 7.231641967869431, 'tau': 243.03525099202207}. Best is trial 39 with value: 40.14082817555004.
/home/alber/env/lib/python3.11/site-packages/cvxpy/atoms/quad_form.py:226: UserWarning: Forming a nonconvex expression quad_form(x, indefinite).
  warnings.warn("Forming a nonconvex expression quad_form(x, indefinite).")
/home/alber/env/lib/python3.11/site-packages/cvxpy/atoms/quad_form.py:226: UserWarning: Forming a nonconvex expression quad_form(x, indefinite).
  warnings.warn("Forming a nonconvex expression quad_form(x, indefinite).")
/home/alber/env/lib/python3.11/site-packages/cvxpy/atoms/quad_form.py:226: UserWarning: Forming a nonconvex expression quad_form(x, indefinite).
  warnings.warn("Forming a nonconvex expression quad_form(x, indefinite).")
/home/alber/env/lib/python3.11/site-packages/cvxpy/atoms/quad_form.py:226: UserWarning: Forming a nonconvex expression quad_form(x, indefinite).
  warnings.warn("Forming a nonconvex expression quad_form(x, indefinite).")
/home/alber/env/lib/python3.11/site-packages/cvxpy/atoms/quad_form.py:226: UserWarning: Forming a nonconvex expression quad_form(x, indefinite).
  warnings.warn("Forming a nonconvex expression quad_form(x, indefinite).")
/home/alber/env/lib/python3.11/site-packages/cvxpy/atoms/quad_form.py:226: UserWarning: Forming a nonconvex expression quad_form(x, indefinite).
  warnings.warn("Forming a nonconvex expression quad_form(x, indefinite).")
/home/alber/env/lib/python3.11/site-packages/cvxpy/atoms/quad_form.py:226: UserWarning: Forming a nonconvex expression quad_form(x, indefinite).
  warnings.warn("Forming a nonconvex expression quad_form(x, indefinite).")
/home/alber/env/lib/python3.11/site-packages/cvxpy/atoms/quad_form.py:226: UserWarning: Forming a nonconvex expression quad_form(x, indefinite).
  warnings.warn("Forming a nonconvex expression quad_form(x, indefinite).")
/home/alber/env/lib/python3.11/site-packages/cvxpy/atoms/quad_form.py:226: UserWarning: Forming a nonconvex expression quad_form(x, indefinite).
  warnings.warn("Forming a nonconvex expression quad_form(x, indefinite).")
trail number 212
[I 2025-07-20 17:08:59,492] Trial 212 finished with value: 41.48026376159074 and parameters: {'C': 174.03139397975409, 'epsilon': 1.0497920538774286, 'tau': 38.681712550401784}. Best is trial 39 with value: 40.14082817555004.
/home/alber/env/lib/python3.11/site-packages/cvxpy/atoms/quad_form.py:226: UserWarning: Forming a nonconvex expression quad_form(x, indefinite).
  warnings.warn("Forming a nonconvex expression quad_form(x, indefinite).")
/home/alber/env/lib/python3.11/site-packages/cvxpy/atoms/quad_form.py:226: UserWarning: Forming a nonconvex expression quad_form(x, indefinite).
  warnings.warn("Forming a nonconvex expression quad_form(x, indefinite).")
trail number 214
[I 2025-07-20 17:09:20,364] Trial 214 finished with value: 40.4390852462922 and parameters: {'C': 30.352158917435766, 'epsilon': 6.622661669452529, 'tau': 259.150678462025}. Best is trial 39 with value: 40.14082817555004.
/home/alber/env/lib/python3.11/site-packages/cvxpy/atoms/quad_form.py:226: UserWarning: Forming a nonconvex expression quad_form(x, indefinite).
  warnings.warn("Forming a nonconvex expression quad_form(x, indefinite).")
trail number 213
[I 2025-07-20 17:09:28,715] Trial 213 finished with value: 42.34761989106981 and parameters: {'C': 193.07692190828473, 'epsilon': 5.835049695697373, 'tau': 198.65521354406386}. Best is trial 39 with value: 40.14082817555004.
/home/alber/env/lib/python3.11/site-packages/cvxpy/atoms/quad_form.py:226: UserWarning: Forming a nonconvex expression quad_form(x, indefinite).
  warnings.warn("Forming a nonconvex expression quad_form(x, indefinite).")
trail number 215
[I 2025-07-20 17:09:42,938] Trial 215 finished with value: 40.356475372435554 and parameters: {'C': 17.99293134359594, 'epsilon': 4.123852289998966, 'tau': 214.89880277438436}. Best is trial 39 with value: 40.14082817555004.
/home/alber/env/lib/python3.11/site-packages/cvxpy/atoms/quad_form.py:226: UserWarning: Forming a nonconvex expression quad_form(x, indefinite).
  warnings.warn("Forming a nonconvex expression quad_form(x, indefinite).")
/home/alber/env/lib/python3.11/site-packages/cvxpy/atoms/quad_form.py:226: UserWarning: Forming a nonconvex expression quad_form(x, indefinite).
  warnings.warn("Forming a nonconvex expression quad_form(x, indefinite).")
/home/alber/env/lib/python3.11/site-packages/cvxpy/atoms/quad_form.py:226: UserWarning: Forming a nonconvex expression quad_form(x, indefinite).
  warnings.warn("Forming a nonconvex expression quad_form(x, indefinite).")
/home/alber/env/lib/python3.11/site-packages/cvxpy/atoms/quad_form.py:226: UserWarning: Forming a nonconvex expression quad_form(x, indefinite).
  warnings.warn("Forming a nonconvex expression quad_form(x, indefinite).")
/home/alber/env/lib/python3.11/site-packages/cvxpy/atoms/quad_form.py:226: UserWarning: Forming a nonconvex expression quad_form(x, indefinite).
  warnings.warn("Forming a nonconvex expression quad_form(x, indefinite).")
/home/alber/env/lib/python3.11/site-packages/cvxpy/atoms/quad_form.py:226: UserWarning: Forming a nonconvex expression quad_form(x, indefinite).
  warnings.warn("Forming a nonconvex expression quad_form(x, indefinite).")
trail number 216
[I 2025-07-20 17:10:21,908] Trial 216 finished with value: 43.902517847379826 and parameters: {'C': 581.3773844578233, 'epsilon': 29.467635091456, 'tau': 615.7109525901716}. Best is trial 39 with value: 40.14082817555004.
/home/alber/env/lib/python3.11/site-packages/cvxpy/atoms/quad_form.py:226: UserWarning: Forming a nonconvex expression quad_form(x, indefinite).
  warnings.warn("Forming a nonconvex expression quad_form(x, indefinite).")
/home/alber/env/lib/python3.11/site-packages/cvxpy/atoms/quad_form.py:226: UserWarning: Forming a nonconvex expression quad_form(x, indefinite).
  warnings.warn("Forming a nonconvex expression quad_form(x, indefinite).")
/home/alber/env/lib/python3.11/site-packages/cvxpy/atoms/quad_form.py:226: UserWarning: Forming a nonconvex expression quad_form(x, indefinite).
  warnings.warn("Forming a nonconvex expression quad_form(x, indefinite).")
/home/alber/env/lib/python3.11/site-packages/cvxpy/atoms/quad_form.py:226: UserWarning: Forming a nonconvex expression quad_form(x, indefinite).
  warnings.warn("Forming a nonconvex expression quad_form(x, indefinite).")
trail number 218
[I 2025-07-20 17:10:59,079] Trial 218 finished with value: 40.41545675232578 and parameters: {'C': 40.454369654898514, 'epsilon': 5.342850375899902, 'tau': 203.9662436572653}. Best is trial 39 with value: 40.14082817555004.
trail number 217
[I 2025-07-20 17:11:00,738] Trial 217 finished with value: 42.49671753909073 and parameters: {'C': 155.02411373886133, 'epsilon': 7.412229327317039, 'tau': 324.3107118034899}. Best is trial 39 with value: 40.14082817555004.
/home/alber/env/lib/python3.11/site-packages/cvxpy/atoms/quad_form.py:226: UserWarning: Forming a nonconvex expression quad_form(x, indefinite).
  warnings.warn("Forming a nonconvex expression quad_form(x, indefinite).")
trail number 219
[I 2025-07-20 17:11:07,685] Trial 219 finished with value: 41.81260745294305 and parameters: {'C': 5.89056662133456, 'epsilon': 7.122174653540345, 'tau': 152.8798799436996}. Best is trial 39 with value: 40.14082817555004.
/home/alber/env/lib/python3.11/site-packages/cvxpy/atoms/quad_form.py:226: UserWarning: Forming a nonconvex expression quad_form(x, indefinite).
  warnings.warn("Forming a nonconvex expression quad_form(x, indefinite).")
/home/alber/env/lib/python3.11/site-packages/cvxpy/atoms/quad_form.py:226: UserWarning: Forming a nonconvex expression quad_form(x, indefinite).
  warnings.warn("Forming a nonconvex expression quad_form(x, indefinite).")
/home/alber/env/lib/python3.11/site-packages/cvxpy/atoms/quad_form.py:226: UserWarning: Forming a nonconvex expression quad_form(x, indefinite).
  warnings.warn("Forming a nonconvex expression quad_form(x, indefinite).")
/home/alber/env/lib/python3.11/site-packages/cvxpy/atoms/quad_form.py:226: UserWarning: Forming a nonconvex expression quad_form(x, indefinite).
  warnings.warn("Forming a nonconvex expression quad_form(x, indefinite).")
trail number 220
[I 2025-07-20 17:11:50,806] Trial 220 finished with value: 42.62960729508835 and parameters: {'C': 216.62880276888228, 'epsilon': 10.116906345315854, 'tau': 414.5073223650246}. Best is trial 39 with value: 40.14082817555004.
/home/alber/env/lib/python3.11/site-packages/cvxpy/atoms/quad_form.py:226: UserWarning: Forming a nonconvex expression quad_form(x, indefinite).
  warnings.warn("Forming a nonconvex expression quad_form(x, indefinite).")
/home/alber/env/lib/python3.11/site-packages/cvxpy/atoms/quad_form.py:226: UserWarning: Forming a nonconvex expression quad_form(x, indefinite).
  warnings.warn("Forming a nonconvex expression quad_form(x, indefinite).")
/home/alber/env/lib/python3.11/site-packages/cvxpy/atoms/quad_form.py:226: UserWarning: Forming a nonconvex expression quad_form(x, indefinite).
  warnings.warn("Forming a nonconvex expression quad_form(x, indefinite).")
/home/alber/env/lib/python3.11/site-packages/cvxpy/atoms/quad_form.py:226: UserWarning: Forming a nonconvex expression quad_form(x, indefinite).
  warnings.warn("Forming a nonconvex expression quad_form(x, indefinite).")
trail number 221
[I 2025-07-20 17:12:24,991] Trial 221 finished with value: 40.75888658347945 and parameters: {'C': 10.889829187739034, 'epsilon': 11.84456172678869, 'tau': 206.07195994960892}. Best is trial 39 with value: 40.14082817555004.
trail number 222
