{"target": 45.1603461886106, "params": {"C": 0.022883921019253586, "epsilon": 10.512354652208062, "tau": 4.39559541113751, "kronecker_kernel": true}}
{"target": 341.4542791181683, "params": {"C": 0.45271956208358116, "epsilon": 14.99782380893222, "tau": 2.2876186249786192, "kronecker_kernel": true}}
{"target": 60.144857330143466, "params": {"C": 0.47446367725429733, "epsilon": 12.934264357534198, "tau": 0.035573372723790936, "kronecker_kernel": true}}
{"target": 44.36935789307266, "params": {"C": 0.040796816706893085, "epsilon": 11.135769340704725, "tau": 2.9546514271016284, "kronecker_kernel": true}}
{"target": 47.685002782789844, "params": {"C": 0.032353491932789136, "epsilon": 9.433670013612895, "tau": 2.46756702487046, "kronecker_kernel": true}}
{"target": 47.55474297530408, "params": {"C": 0.03759997669991259, "epsilon": 8.53079583434523, "tau": 4.7070584415162395, "kronecker_kernel": true}}
{"target": 410.3575708203806, "params": {"C": 0.4260653557961247, "epsilon": 14.981576164460487, "tau": 2.872634821010628, "kronecker_kernel": true}}
{"target": 1193.108742826176, "params": {"C": 0.6783149538752961, "epsilon": 9.567915458395541, "tau": 5.02789513318916, "kronecker_kernel": true}}
{"target": 813.0428626283841, "params": {"C": 0.5060550493941663, "epsilon": 9.591329629347602, "tau": 4.578092706405789, "kronecker_kernel": true}}
{"target": 53.314480309351225, "params": {"C": 0.005598132173353521, "epsilon": 9.460023726399562, "tau": 6.271401353713377, "kronecker_kernel": true}}
{"target": 1171.1996399550005, "params": {"C": 0.8952930406169506, "epsilon": 8.108953062639932, "tau": 3.744699388952027, "kronecker_kernel": true}}
{"target": 77.9030108196202, "params": {"C": 1.148817582399971, "epsilon": 14.428713338053567, "tau": 0.2496875021587964, "kronecker_kernel": true}}
{"target": 258.74683536457877, "params": {"C": 0.7389022866908594, "epsilon": 14.983646309613604, "tau": 0.9386761861959122, "kronecker_kernel": true}}
{"target": 446.46359366445057, "params": {"C": 0.9532788806346452, "epsilon": 14.899629289370045, "tau": 1.3872739299214194, "kronecker_kernel": true}}
{"target": 48.92609366962273, "params": {"C": 0.5598002565953017, "epsilon": 14.305383500234216, "tau": 0.12794248362323046, "kronecker_kernel": true}}
{"target": 576.1299214538344, "params": {"C": 1.5046267592480882, "epsilon": 9.569012407249819, "tau": 1.1312464366393482, "kronecker_kernel": true}}
{"target": 1899.9582498103366, "params": {"C": 0.6526949291454435, "epsilon": 13.402618286133233, "tau": 8.032550986014122, "kronecker_kernel": true}}
{"target": 180.7628239653967, "params": {"C": 0.23401030698482106, "epsilon": 10.212191627862053, "tau": 2.557581474875659, "kronecker_kernel": true}}
{"target": 57.52405933590792, "params": {"C": 1.6557111183245061, "epsilon": 11.379766260994634, "tau": 0.017191437685948635, "kronecker_kernel": true}}
{"target": 49.21223586635553, "params": {"C": 0.01662849611099404, "epsilon": 11.077217057086488, "tau": 4.212547685702824, "kronecker_kernel": true}}
{"target": 74.70554622706368, "params": {"C": 0.09614962841748828, "epsilon": 10.026019068810236, "tau": 2.9134848867226344, "kronecker_kernel": true}}
{"target": 163.70660541575452, "params": {"C": 0.06673489176105393, "epsilon": 13.213282006888447, "tau": 8.196927840937624, "kronecker_kernel": true}}
{"target": 44.36505718587016, "params": {"C": 0.015118757838651638, "epsilon": 14.398847767136232, "tau": 7.8978143698852845, "kronecker_kernel": true}}
{"target": 62.54127752167858, "params": {"C": 0.01712843261085325, "epsilon": 13.630706065301789, "tau": 0.19310912923965362, "kronecker_kernel": true}}
{"target": 937.6105866705278, "params": {"C": 0.6734112933176815, "epsilon": 12.947072049875702, "tau": 3.9123140283762363, "kronecker_kernel": true}}
{"target": 57.144450373452536, "params": {"C": 0.5620765829908471, "epsilon": 11.359932161544613, "tau": 0.05378086890516043, "kronecker_kernel": true}}
{"target": 98.50573623743836, "params": {"C": 0.03465066949214916, "epsilon": 11.299182679026531, "tau": 10.18094844346643, "kronecker_kernel": true}}
{"target": 997.002840429787, "params": {"C": 0.4274524815474117, "epsilon": 14.056314493131708, "tau": 6.6049223850398615, "kronecker_kernel": true}}
{"target": 57.86917672231035, "params": {"C": 0.0036581937359196955, "epsilon": 14.908834487798009, "tau": 6.208690956791492, "kronecker_kernel": true}}
{"target": 3303.662466619172, "params": {"C": 0.7624144379102253, "epsilon": 12.993417417201517, "tau": 12.195884232967177, "kronecker_kernel": true}}
{"target": 3263.171626393484, "params": {"C": 0.8017591820992955, "epsilon": 13.788457212594206, "tau": 11.417481903777654, "kronecker_kernel": true}}
{"target": 181.0724880419309, "params": {"C": 0.05957750142492242, "epsilon": 13.545181491876837, "tau": 10.005994087643481, "kronecker_kernel": true}}
{"target": 45.09210174043369, "params": {"C": 0.032633798612269005, "epsilon": 13.935034963689688, "tau": 4.2441158117308335, "kronecker_kernel": true}}
{"target": 292.5368232119962, "params": {"C": 0.12095279856369785, "epsilon": 13.17040701104724, "tau": 7.482687896888933, "kronecker_kernel": true}}
{"target": 47.70850008370386, "params": {"C": 0.00932172761052837, "epsilon": 12.911872223168672, "tau": 9.402514032528826, "kronecker_kernel": true}}
{"target": 1350.1421372206428, "params": {"C": 0.4663309916066028, "epsilon": 14.724778408818565, "tau": 8.33270301815338, "kronecker_kernel": true}}
{"target": 528.7795080924915, "params": {"C": 0.2421779748277086, "epsilon": 13.089896918104513, "tau": 6.41524806510381, "kronecker_kernel": true}}
{"target": 1876.8255765848032, "params": {"C": 0.9387839317623045, "epsilon": 14.8341837193032, "tau": 5.632338458378456, "kronecker_kernel": true}}
{"target": 1238.2783158820068, "params": {"C": 0.405323519518366, "epsilon": 14.790030623580046, "tau": 8.650863160724413, "kronecker_kernel": true}}
{"target": 654.8681063978574, "params": {"C": 0.6513859013853025, "epsilon": 11.345439507316827, "tau": 2.905321341476658, "kronecker_kernel": true}}
{"target": 9605.445172149894, "params": {"C": 1.5847901507790292, "epsilon": 0.6616216550444936, "tau": 17.87919419234212, "kronecker_kernel": true}}
{"target": 4159.91425707883, "params": {"C": 1.0350975709963295, "epsilon": 4.329184657745911, "tau": 11.707910991200125, "kronecker_kernel": true}}
{"target": 604.1567014494913, "params": {"C": 0.5843641815899101, "epsilon": 12.26218283398443, "tau": 3.0090944442561858, "kronecker_kernel": true}}
{"target": 11595.251230043654, "params": {"C": 2.173023538213012, "epsilon": 7.283733532152461, "tau": 15.680517998665604, "kronecker_kernel": true}}
{"target": 59.81930258279406, "params": {"C": 0.5837290556724952, "epsilon": 13.561762840067054, "tau": 0.025110534032681237, "kronecker_kernel": true}}
{"target": 65.29124215773919, "params": {"C": 0.46319987257146855, "epsilon": 14.84604547504812, "tau": 0.5164757657481823, "kronecker_kernel": true}}
{"target": 45.755507879601915, "params": {"C": 0.7356433382619507, "epsilon": 14.968590049042772, "tau": 0.19875230037656372, "kronecker_kernel": true}}
{"target": 84.31335139795904, "params": {"C": 0.09281406438704523, "epsilon": 14.970181000043375, "tau": 3.2796324156151586, "kronecker_kernel": true}}
{"target": 54.30154372725859, "params": {"C": 0.015060494270304974, "epsilon": 14.64896740560239, "tau": 2.0441517972136873, "kronecker_kernel": true}}
{"target": 110.3915235952546, "params": {"C": 0.07942021533654875, "epsilon": 12.069556026577516, "tau": 4.920033157550284, "kronecker_kernel": true}}
{"target": 917.2009190541537, "params": {"C": 0.7534373263975637, "epsilon": 14.975679635694185, "tau": 3.4582089283810555, "kronecker_kernel": true}}
{"target": 137.40781606514824, "params": {"C": 0.808575390551084, "epsilon": 14.852978913817122, "tau": 0.4985064363989704, "kronecker_kernel": true}}
{"target": 44.64293656432518, "params": {"C": 0.9704762006579508, "epsilon": 14.521626385155281, "tau": 0.10189920952430986, "kronecker_kernel": true}}
{"target": 741.7495793737214, "params": {"C": 0.9039610103114513, "epsilon": 13.09899808678254, "tau": 2.364046420596303, "kronecker_kernel": true}}
{"target": 84.33456479569493, "params": {"C": 1.016772819004837, "epsilon": 13.070854393615559, "tau": 0.305085147679547, "kronecker_kernel": true}}
{"target": 62.685344012980536, "params": {"C": 0.9080164843399094, "epsilon": 11.922678671882355, "tau": 0.006657401367186427, "kronecker_kernel": true}}
{"target": 114.4436742714541, "params": {"C": 0.8549798124692707, "epsilon": 12.343638637097968, "tau": 0.47109278501387797, "kronecker_kernel": true}}
{"target": 60.58535405029286, "params": {"C": 1.303430265280153, "epsilon": 13.596220306813668, "tau": 0.1732291929741554, "kronecker_kernel": true}}
{"target": 74.51450995570363, "params": {"C": 0.7516142785712799, "epsilon": 13.76555978580593, "tau": 0.3678526303396644, "kronecker_kernel": true}}
{"target": 694.0779546752295, "params": {"C": 0.5651269221791023, "epsilon": 14.822871318811437, "tau": 3.5355134499369356, "kronecker_kernel": true}}
{"target": 470.0347570534115, "params": {"C": 0.6505089607430748, "epsilon": 14.792230819646022, "tau": 2.1318412880947974, "kronecker_kernel": true}}
{"target": 49.66591609379725, "params": {"C": 0.18821242163390475, "epsilon": 14.811651990187615, "tau": 0.36083550087193195, "kronecker_kernel": true}}
{"target": 9930.559741160876, "params": {"C": 3.739909749168782, "epsilon": 8.786491558887231, "tau": 7.866788276110356, "kronecker_kernel": true}}
{"target": 120.6815187124118, "params": {"C": 0.6912506458083292, "epsilon": 14.818655647215289, "tau": 0.6070869581217402, "kronecker_kernel": true}}
{"target": 52.70282476440675, "params": {"C": 0.8143884170456476, "epsilon": 14.661340155666549, "tau": 0.22969489818866728, "kronecker_kernel": true}}
{"target": 53.41333846878182, "params": {"C": 0.2287002498889274, "epsilon": 14.825021034541349, "tau": 0.15030308912003676, "kronecker_kernel": true}}
{"target": 274.4578639889714, "params": {"C": 1.2484917853796873, "epsilon": 14.654871871942822, "tau": 0.6824672159533383, "kronecker_kernel": true}}
{"target": 61.77022380448295, "params": {"C": 0.34356862996916415, "epsilon": 12.32231550911493, "tau": 0.008791369274628036, "kronecker_kernel": true}}
{"target": 45.57678407545892, "params": {"C": 0.38413186570605085, "epsilon": 14.502042379276208, "tau": 0.21034946694445134, "kronecker_kernel": true}}
{"target": 396.2625462761938, "params": {"C": 0.48217274124947296, "epsilon": 11.095926530451862, "tau": 2.4824416579637307, "kronecker_kernel": true}}
{"target": 6991.739461718838, "params": {"C": 1.1027002875588292, "epsilon": 11.804618102992272, "tau": 18.196269525925022, "kronecker_kernel": true}}
{"target": 90.03317213204005, "params": {"C": 0.08207992441849615, "epsilon": 11.394046175629036, "tau": 3.9739836797342964, "kronecker_kernel": true}}
{"target": 57.57605001394204, "params": {"C": 0.03872637302731684, "epsilon": 11.822075453295964, "tau": 5.510277474525033, "kronecker_kernel": true}}
{"target": 60.26288975662136, "params": {"C": 0.007959153085695614, "epsilon": 12.611971372797413, "tau": 2.056048211361789, "kronecker_kernel": true}}
{"target": 63.690967653355926, "params": {"C": 0.0011684758543790003, "epsilon": 11.129400285646991, "tau": 1.7197079454549207, "kronecker_kernel": true}}
{"target": 59.76084963675688, "params": {"C": 0.006922205044728541, "epsilon": 10.015703474206752, "tau": 2.6255228512141806, "kronecker_kernel": true}}
{"target": 52.03769859080707, "params": {"C": 0.3431283553749959, "epsilon": 14.993071857770923, "tau": 0.1443127227226259, "kronecker_kernel": true}}
{"target": 384.3214699379821, "params": {"C": 0.19412129816778745, "epsilon": 14.971525032006388, "tau": 5.93894231041594, "kronecker_kernel": true}}
{"target": 56.966786882441134, "params": {"C": 0.3855415351295238, "epsilon": 12.243209908576784, "tau": 0.07236455828419266, "kronecker_kernel": true}}
{"target": 61.66083455161051, "params": {"C": 0.033993467195580204, "epsilon": 14.39857191072895, "tau": 0.19662235005427187, "kronecker_kernel": true}}
{"target": 828.1654266291474, "params": {"C": 0.6614351173464045, "epsilon": 13.59623930838998, "tau": 3.587833436172616, "kronecker_kernel": true}}
{"target": 1085.8320175078418, "params": {"C": 0.6512106532098674, "epsilon": 12.867684276057723, "tau": 4.756070357578777, "kronecker_kernel": true}}
{"target": 1584.0036325666708, "params": {"C": 1.6404468359218, "epsilon": 14.910361066338362, "tau": 2.720740713892329, "kronecker_kernel": true}}
{"target": 2112.492438087414, "params": {"C": 0.6594347865054548, "epsilon": 8.711848154533559, "tau": 9.067787752422152, "kronecker_kernel": true}}
{"target": 52.315422806457285, "params": {"C": 0.08909596505982664, "epsilon": 14.996675773241769, "tau": 2.0784235297164715, "kronecker_kernel": true}}
{"target": 753.322384829208, "params": {"C": 0.6354583809064125, "epsilon": 12.345622496137285, "tau": 3.4093202748092546, "kronecker_kernel": true}}
{"target": 453.8060513173074, "params": {"C": 0.44554904488612473, "epsilon": 13.14291906281424, "tau": 3.0258415245744237, "kronecker_kernel": true}}
{"target": 293.9896589805975, "params": {"C": 0.25755895026262593, "epsilon": 14.970606700605494, "tau": 3.5161406118977454, "kronecker_kernel": true}}
{"target": 474.1445076369917, "params": {"C": 0.6616135638920062, "epsilon": 12.05968072358392, "tau": 2.1222607386304038, "kronecker_kernel": true}}
{"target": 6866.053304219626, "params": {"C": 3.0728910872057305, "epsilon": 14.395574089878334, "tau": 6.5248345326189225, "kronecker_kernel": true}}
{"target": 77.08325139687926, "params": {"C": 0.7276259828869657, "epsilon": 14.923527465859932, "tau": 0.38579429837511386, "kronecker_kernel": true}}
{"target": 46.502731518915475, "params": {"C": 0.376082787034369, "epsilon": 9.868430290324753, "tau": 0.4147755233322536, "kronecker_kernel": true}}
{"target": 1273.794797967837, "params": {"C": 1.0132035578227776, "epsilon": 3.2744766348005907, "tau": 3.6565324024538093, "kronecker_kernel": true}}
{"target": 45.97170486035786, "params": {"C": 0.3196405915052122, "epsilon": 12.330251224646322, "tau": 0.46891040812098383, "kronecker_kernel": true}}
{"target": 59.01957591665016, "params": {"C": 0.005543814841998236, "epsilon": 11.550625880657396, "tau": 3.910176578755386, "kronecker_kernel": true}}
{"target": 482.6813771304293, "params": {"C": 0.5495573078486692, "epsilon": 12.701986274696969, "tau": 2.6057911799899616, "kronecker_kernel": true}}
{"target": 60.68084276289246, "params": {"C": 0.5407549755287073, "epsilon": 13.1035937976081, "tau": 0.027314789105535198, "kronecker_kernel": true}}
{"target": 1579.9412437883816, "params": {"C": 1.158729273256773, "epsilon": 13.448068268748122, "tau": 3.8340276972141494, "kronecker_kernel": true}}
{"target": 1786.5700836093006, "params": {"C": 1.1224437985831641, "epsilon": 14.998515661108499, "tau": 4.469822789047894, "kronecker_kernel": true}}
{"target": 79.32216595801046, "params": {"C": 0.04302496472664586, "epsilon": 14.469850287871392, "tau": 6.826663956911699, "kronecker_kernel": true}}
{"target": 46.34474689894059, "params": {"C": 0.02850788397594811, "epsilon": 14.511930113254744, "tau": 3.165214151088581, "kronecker_kernel": true}}
{"target": 1617.4447914795721, "params": {"C": 0.6940031336322242, "epsilon": 11.442590189163923, "tau": 6.578748941353412, "kronecker_kernel": true}}
{"target": 47.90318730104195, "params": {"C": 0.019095225128398674, "epsilon": 14.369389746075516, "tau": 4.093381596613347, "kronecker_kernel": true}}
{"target": 63.21895204062565, "params": {"C": 0.048920431849597, "epsilon": 11.412974810109533, "tau": 0.08002526260351228, "kronecker_kernel": true}}
{"target": 11351.180458563118, "params": {"C": 2.8860593721861147, "epsilon": 7.234394004994324, "tau": 11.076665945573021, "kronecker_kernel": true}}
{"target": 19491.184073929464, "params": {"C": 3.2252339843464473, "epsilon": 11.653944356171781, "tau": 18.95129282460271, "kronecker_kernel": true}}
{"target": 225.5158109161117, "params": {"C": 1.0143640137450078, "epsilon": 14.908298324650257, "tau": 0.7073935423092286, "kronecker_kernel": true}}
{"target": 82.85078262592297, "params": {"C": 0.23227560668990915, "epsilon": 14.96637820939642, "tau": 1.3085397896132862, "kronecker_kernel": true}}
{"target": 61.705241093907354, "params": {"C": 0.2967421578191542, "epsilon": 14.173788214594206, "tau": 0.021759355256661728, "kronecker_kernel": true}}
{"target": 45.94343960579762, "params": {"C": 0.6796458830408565, "epsilon": 14.968165211073137, "tau": 0.13787972562871392, "kronecker_kernel": true}}
{"target": 83.76019844166571, "params": {"C": 0.5179370034652867, "epsilon": 14.920352925741843, "tau": 0.5925099753868672, "kronecker_kernel": true}}
{"target": 320.8026192854489, "params": {"C": 0.4987281610230212, "epsilon": 12.21169372769282, "tau": 1.9687545468837595, "kronecker_kernel": true}}
{"target": 3026.732176835513, "params": {"C": 2.040096323904997, "epsilon": 6.16749799168934, "tau": 4.2536739239716, "kronecker_kernel": true}}
{"target": 518.5582255105471, "params": {"C": 0.7256845317483558, "epsilon": 10.209928755585592, "tau": 2.112385313423279, "kronecker_kernel": true}}
{"target": 68.04432586159331, "params": {"C": 0.054605206655522986, "epsilon": 12.659088949534912, "tau": 4.639346250394833, "kronecker_kernel": true}}
{"target": 695.0351150870595, "params": {"C": 0.7138386139443464, "epsilon": 12.985571637587336, "tau": 2.814565725792543, "kronecker_kernel": true}}
{"target": 58.36866685808887, "params": {"C": 0.18369222426701975, "epsilon": 12.743279130471207, "tau": 0.13494653993419248, "kronecker_kernel": true}}
{"target": 82.00930316897784, "params": {"C": 0.07388318248563695, "epsilon": 10.635067671430763, "tau": 4.103429938993603, "kronecker_kernel": true}}
{"target": 1372.9542627860162, "params": {"C": 1.1996402570143405, "epsilon": 12.435212612271407, "tau": 3.238779713009457, "kronecker_kernel": true}}
{"target": 770.75292912353, "params": {"C": 0.17243644062828764, "epsilon": 14.47703617397424, "tau": 12.808866989074708, "kronecker_kernel": true}}
{"target": 998.9869463861954, "params": {"C": 0.5644098191023139, "epsilon": 12.744692163953818, "tau": 5.057956138845338, "kronecker_kernel": true}}
{"target": 1113.5455797197599, "params": {"C": 0.7027892055326649, "epsilon": 14.534641335022558, "tau": 4.470395491605607, "kronecker_kernel": true}}
{"target": 69.55827834039741, "params": {"C": 0.8034988221882472, "epsilon": 12.290791304374963, "tau": 0.32435304211266935, "kronecker_kernel": true}}
{"target": 44.71508831803147, "params": {"C": 0.0717634915254554, "epsilon": 12.790445004419922, "tau": 1.8461549121607939, "kronecker_kernel": true}}
{"target": 177.51281062922405, "params": {"C": 1.6379932158208008, "epsilon": 14.5955151015047, "tau": 0.35640954890476345, "kronecker_kernel": true}}
{"target": 50.421041167966116, "params": {"C": 0.7421783334174605, "epsilon": 12.879998168748255, "tau": 0.08552333623049199, "kronecker_kernel": true}}
{"target": 1791.34106355289, "params": {"C": 2.9475195952195987, "epsilon": 9.07589268619919, "tau": 1.7246917658898386, "kronecker_kernel": true}}
{"target": 116.6391474082521, "params": {"C": 0.16920400401753222, "epsilon": 12.804387264052128, "tau": 2.4017181835591654, "kronecker_kernel": true}}
{"target": 70.33763870204837, "params": {"C": 0.07003109195685675, "epsilon": 12.1271666362916, "tau": 3.7604568168698735, "kronecker_kernel": true}}
{"target": 12378.100639274713, "params": {"C": 2.738351244525207, "epsilon": 0.2858593951634356, "tau": 14.37208507587942, "kronecker_kernel": true}}
{"target": 58.00158870172663, "params": {"C": 0.019144055853166534, "epsilon": 12.643300299219339, "tau": 1.1081570829477323, "kronecker_kernel": true}}
{"target": 305.582262937921, "params": {"C": 0.09012231893910543, "epsilon": 14.753402614478507, "tau": 10.40124638096303, "kronecker_kernel": true}}
{"target": 62.02775706364115, "params": {"C": 0.0016120809582961387, "epsilon": 12.725301343310864, "tau": 3.218340119850605, "kronecker_kernel": true}}
{"target": 131.72121685740973, "params": {"C": 0.06450193176975483, "epsilon": 10.03675143304238, "tau": 7.078094694925541, "kronecker_kernel": true}}
{"target": 45.130905195954895, "params": {"C": 0.03592933127129186, "epsilon": 14.98477443538367, "tau": 3.9526189389897386, "kronecker_kernel": true}}
{"target": 1025.960056491971, "params": {"C": 0.6217594289014239, "epsilon": 9.910166329700445, "tau": 4.731515918479982, "kronecker_kernel": true}}
{"target": 367.1610374146862, "params": {"C": 0.17403490277388528, "epsilon": 10.163157042289802, "tau": 6.410541287616982, "kronecker_kernel": true}}
{"target": 47.722485061179825, "params": {"C": 0.016739764935524253, "epsilon": 12.178010632612146, "tau": 5.117531145679403, "kronecker_kernel": true}}
{"target": 58.2132495176359, "params": {"C": 0.030360086536632275, "epsilon": 13.502092343390682, "tau": 7.16124325641448, "kronecker_kernel": true}}
{"target": 604.0408629372625, "params": {"C": 0.43966438911300026, "epsilon": 13.951577456610059, "tau": 3.985854164239432, "kronecker_kernel": true}}
{"target": 194.46168397892365, "params": {"C": 0.20769853839854457, "epsilon": 14.36801051308763, "tau": 3.0268335018388566, "kronecker_kernel": true}}
{"target": 1259.2725804274946, "params": {"C": 0.6020369033847967, "epsilon": 13.608585070754394, "tau": 5.920542852082599, "kronecker_kernel": true}}
{"target": 191.9343986817353, "params": {"C": 0.11467637078575615, "epsilon": 14.411826839610097, "tau": 5.420847546319704, "kronecker_kernel": true}}
{"target": 794.2217008372338, "params": {"C": 0.4636252594717673, "epsilon": 14.654649257206495, "tau": 4.898089794480313, "kronecker_kernel": true}}
{"target": 980.3578460717854, "params": {"C": 0.5181555314290831, "epsilon": 14.937110630399179, "tau": 5.360051478100218, "kronecker_kernel": true}}
