{"target": 149.1536058353101, "params": {"C": 1.5864567337130917, "epsilon": 27.96920707517017, "tau": 0.3173672306136343, "kronecker_kernel": true}}
{"target": 57.11604771106313, "params": {"C": 0.07391716011134192, "epsilon": 25.76705931338702, "tau": 2.8684478786948633, "kronecker_kernel": true}}
{"target": 125.13702232568338, "params": {"C": 0.06089448284770204, "epsilon": 27.71460820764436, "tau": 7.109721360327455, "kronecker_kernel": true}}
{"target": 87.60459531465173, "params": {"C": 0.24319818990670794, "epsilon": 29.710358975533246, "tau": 1.3105706203267558, "kronecker_kernel": true}}
{"target": 75.86120460772823, "params": {"C": 0.949263493679175, "epsilon": 29.469986098639804, "tau": 0.29586890244009567, "kronecker_kernel": true}}
{"target": 6025.8119279405355, "params": {"C": 1.131983040848688, "epsilon": 19.796675479263776, "tau": 15.005443085408297, "kronecker_kernel": true}}
{"target": 824.6847844650907, "params": {"C": 0.6928983282696624, "epsilon": 24.82582707736758, "tau": 3.412202351358686, "kronecker_kernel": true}}
{"target": 89.22167937241619, "params": {"C": 0.03547700050576609, "epsilon": 20.636297828843894, "tau": 9.030700059404603, "kronecker_kernel": true}}
{"target": 534.7535336360891, "params": {"C": 0.12385373765310641, "epsilon": 29.518193624043416, "tau": 12.662024775601079, "kronecker_kernel": true}}
{"target": 3191.073325061932, "params": {"C": 0.98052431415745, "epsilon": 26.456083656962374, "tau": 8.745930982431668, "kronecker_kernel": true}}
{"target": 315.36945013868126, "params": {"C": 0.27790687684947873, "epsilon": 22.42576151527309, "tau": 3.4493051952676517, "kronecker_kernel": true}}
{"target": 228.48674935113235, "params": {"C": 1.5008901704424018, "epsilon": 29.98386076697298, "tau": 0.4872068293293399, "kronecker_kernel": true}}
{"target": 166.5441837182838, "params": {"C": 0.13429999487270877, "epsilon": 19.85481508074989, "tau": 4.075571970108262, "kronecker_kernel": true}}
{"target": 51.707131858288015, "params": {"C": 0.008807754425184429, "epsilon": 17.593954242922205, "tau": 6.549004679289294, "kronecker_kernel": true}}
{"target": 263.92380527711765, "params": {"C": 0.6900318415503925, "epsilon": 26.406561102337836, "tau": 1.1260613520623033, "kronecker_kernel": true}}
{"target": 55.78021234625047, "params": {"C": 0.05019531389656007, "epsilon": 21.168693113978254, "tau": 4.036934227586963, "kronecker_kernel": true}}
{"target": 129.03447529783534, "params": {"C": 0.18930903297640622, "epsilon": 25.385376777566666, "tau": 2.400334928641349, "kronecker_kernel": true}}
{"target": 51.90784707509971, "params": {"C": 0.5748185477150511, "epsilon": 24.44578638643399, "tau": 0.10244648625973563, "kronecker_kernel": true}}
{"target": 308.60705795758076, "params": {"C": 0.25841042784389956, "epsilon": 26.958450145475737, "tau": 3.4467779235595284, "kronecker_kernel": true}}
{"target": 52.23922825723859, "params": {"C": 0.05218542737917519, "epsilon": 24.172941422678562, "tau": 3.5507065923079733, "kronecker_kernel": true}}
{"target": 48.154802377839744, "params": {"C": 0.35124369516794285, "epsilon": 27.403440082109803, "tau": 0.2218648394277498, "kronecker_kernel": true}}
{"target": 700.6600166684304, "params": {"C": 3.5728082166699124, "epsilon": 29.734743149169958, "tau": 0.5092913537728467, "kronecker_kernel": true}}
{"target": 47.227966680182135, "params": {"C": 0.019416845134229112, "epsilon": 15.857673190430491, "tau": 3.3612311058690016, "kronecker_kernel": true}}
{"target": 57.249855220085394, "params": {"C": 0.8151168106070825, "epsilon": 27.131306412984216, "tau": 0.25989199305711297, "kronecker_kernel": true}}
{"target": 52.83304857333017, "params": {"C": 1.6873066838919892, "epsilon": 21.999583527572568, "tau": 0.11226937438866694, "kronecker_kernel": true}}
{"target": 46.656809682513256, "params": {"C": 0.5076584723987841, "epsilon": 29.861926752323832, "tau": 0.18792299184411732, "kronecker_kernel": true}}
{"target": 202.97153895282696, "params": {"C": 1.4675741303636545, "epsilon": 20.68341544384749, "tau": 0.44104824665834796, "kronecker_kernel": true}}
{"target": 47.528963023025355, "params": {"C": 0.036432977789314515, "epsilon": 27.6632289891066, "tau": 4.263680061324804, "kronecker_kernel": true}}
{"target": 1462.806722456414, "params": {"C": 0.8670197579856423, "epsilon": 16.981269859435532, "tau": 4.7221543630792615, "kronecker_kernel": true}}
{"target": 177.50766264404942, "params": {"C": 0.5723221930138216, "epsilon": 29.680611583098162, "tau": 1.0211469664735837, "kronecker_kernel": true}}
{"target": 89.60109771714227, "params": {"C": 0.44949744071943587, "epsilon": 28.237325945937627, "tau": 0.7213389526595153, "kronecker_kernel": true}}
{"target": 57.01000908311418, "params": {"C": 0.44428633893594827, "epsilon": 28.805193710571793, "tau": 0.08583310950271016, "kronecker_kernel": true}}
{"target": 206.262605584009, "params": {"C": 0.45544527626283704, "epsilon": 28.8485656360667, "tau": 1.4569303092681654, "kronecker_kernel": true}}
{"target": 56.865822493032354, "params": {"C": 0.09640137689200913, "epsilon": 18.654997248807195, "tau": 0.3393287209445057, "kronecker_kernel": true}}
{"target": 279.84836352405955, "params": {"C": 1.538220665724845, "epsilon": 24.39276904190048, "tau": 0.563193855335324, "kronecker_kernel": true}}
{"target": 51.97728818372055, "params": {"C": 0.1484227660943198, "epsilon": 20.324439902089694, "tau": 0.37935447477084927, "kronecker_kernel": true}}
{"target": 61.507253132976686, "params": {"C": 0.018382052003557248, "epsilon": 20.75017063389285, "tau": 0.6650590632547125, "kronecker_kernel": true}}
{"target": 2081.3188801909178, "params": {"C": 0.9436736881950563, "epsilon": 19.49417872083675, "tau": 6.1488732449917105, "kronecker_kernel": true}}
{"target": 50.54759152608723, "params": {"C": 0.028997781060274605, "epsilon": 19.49463369477757, "tau": 6.086421914024407, "kronecker_kernel": true}}
{"target": 1313.9357287546422, "params": {"C": 0.8271142669926292, "epsilon": 22.51842514701031, "tau": 4.442025686741847, "kronecker_kernel": true}}
{"target": 62.2980806274157, "params": {"C": 0.0020474707254749536, "epsilon": 18.42448123015949, "tau": 4.307046719945678, "kronecker_kernel": true}}
{"target": 55.30162692181297, "params": {"C": 0.028854741059101387, "epsilon": 29.879334899063114, "tau": 1.31516246256046, "kronecker_kernel": true}}
{"target": 58.86624302081702, "params": {"C": 0.6659980604046647, "epsilon": 22.033899275983604, "tau": 0.0188112303696486, "kronecker_kernel": true}}
{"target": 47.282678913477675, "params": {"C": 0.7953189762142723, "epsilon": 29.4477945155166, "tau": 0.19172826057077494, "kronecker_kernel": true}}
{"target": 140.11744611471264, "params": {"C": 0.03670917808113168, "epsilon": 25.795902842647244, "tau": 13.072342954291754, "kronecker_kernel": true}}
{"target": 2416.7799050654153, "params": {"C": 2.455230403733155, "epsilon": 15.34452132490009, "tau": 2.755762122767023, "kronecker_kernel": true}}
{"target": 2377.8560107312987, "params": {"C": 1.5183575221561976, "epsilon": 22.375237539190962, "tau": 4.334296415561631, "kronecker_kernel": true}}
{"target": 990.5956543827849, "params": {"C": 1.2324651101122208, "epsilon": 27.66398556593028, "tau": 2.3110857908046736, "kronecker_kernel": true}}
{"target": 1222.014652094753, "params": {"C": 0.8239299171407748, "epsilon": 28.0907527127508, "tau": 4.2083191108384455, "kronecker_kernel": true}}
{"target": 1182.0240928607388, "params": {"C": 1.2424380223797071, "epsilon": 27.883022548573415, "tau": 2.5097813604694794, "kronecker_kernel": true}}
{"target": 1374.3027002008762, "params": {"C": 1.3662940213619468, "epsilon": 28.030817736639463, "tau": 2.8615246072093377, "kronecker_kernel": true}}
{"target": 149.63053463332295, "params": {"C": 1.1491178126596797, "epsilon": 20.5352882793475, "tau": 0.43364689567864945, "kronecker_kernel": true}}
{"target": 57.961997186743574, "params": {"C": 1.112196580145014, "epsilon": 29.35327243358155, "tau": 0.027037876466705746, "kronecker_kernel": true}}
{"target": 691.3972327321237, "params": {"C": 0.5459140658486867, "epsilon": 21.08454292056645, "tau": 3.6105035478724585, "kronecker_kernel": true}}
{"target": 238.41514879769966, "params": {"C": 0.840891663323259, "epsilon": 20.066996326082336, "tau": 0.8864898207719194, "kronecker_kernel": true}}
{"target": 780.2368875210077, "params": {"C": 3.3278099989775374, "epsilon": 15.389974508504915, "tau": 0.6751900452796882, "kronecker_kernel": true}}
{"target": 48.30556116920774, "params": {"C": 1.89243284080948, "epsilon": 24.55699614374775, "tau": 0.08527907963173534, "kronecker_kernel": true}}
{"target": 53.60593263021177, "params": {"C": 0.7068144310417492, "epsilon": 23.221895656971608, "tau": 0.27281914215500525, "kronecker_kernel": true}}
{"target": 58.12473802726937, "params": {"C": 0.5630338780564739, "epsilon": 25.749479125600498, "tau": 0.05088069883808219, "kronecker_kernel": true}}
{"target": 1662.545958625945, "params": {"C": 0.7234710341405036, "epsilon": 25.37837566205836, "tau": 6.476298892604512, "kronecker_kernel": true}}
{"target": 51.755394549291985, "params": {"C": 0.02478200735923857, "epsilon": 25.2522716430796, "tau": 7.425892152015622, "kronecker_kernel": true}}
{"target": 75.80691881882157, "params": {"C": 0.10784912005796415, "epsilon": 22.08903344535628, "tau": 2.206077453252327, "kronecker_kernel": true}}
{"target": 1183.1417304056251, "params": {"C": 0.5061760678789817, "epsilon": 23.940426583950895, "tau": 6.621295340027579, "kronecker_kernel": true}}
{"target": 2596.65691660916, "params": {"C": 0.5151012349438732, "epsilon": 26.190338131347055, "tau": 14.093574218988312, "kronecker_kernel": true}}
{"target": 48.66412949126764, "params": {"C": 0.1567827170327219, "epsilon": 22.563672658802073, "tau": 1.0399132294188265, "kronecker_kernel": true}}
{"target": 116.06183204456197, "params": {"C": 0.3001577626832508, "epsilon": 22.677272874272, "tau": 1.3420524715863347, "kronecker_kernel": true}}
{"target": 807.7094856159264, "params": {"C": 0.6967161261876493, "epsilon": 26.548171224841358, "tau": 3.331695240022895, "kronecker_kernel": true}}
{"target": 61.151828223788186, "params": {"C": 1.2807172701834992, "epsilon": 26.933631954401918, "tau": 0.011811098102185558, "kronecker_kernel": true}}
{"target": 956.663253557783, "params": {"C": 0.7598487112482745, "epsilon": 19.372953027786238, "tau": 3.5632019045987464, "kronecker_kernel": true}}
{"target": 997.2130768407449, "params": {"C": 0.639255350481714, "epsilon": 18.168758637376364, "tau": 4.410403230205324, "kronecker_kernel": true}}
{"target": 8074.432094655853, "params": {"C": 2.15887833735187, "epsilon": 24.608561547320864, "tau": 10.684322411506573, "kronecker_kernel": true}}
{"target": 58.45947200805026, "params": {"C": 0.0242713070794347, "epsilon": 26.902415417536762, "tau": 0.7600416554142173, "kronecker_kernel": true}}
{"target": 379.2854473913382, "params": {"C": 0.3626874724118181, "epsilon": 21.659777460074977, "tau": 3.0920078240089035, "kronecker_kernel": true}}
{"target": 50.15208152071364, "params": {"C": 0.6607766208711485, "epsilon": 29.718637457746162, "tau": 0.1439174595292323, "kronecker_kernel": true}}
{"target": 51.41084641715455, "params": {"C": 0.4469279947055775, "epsilon": 26.62889248366695, "tau": 0.41734380918327857, "kronecker_kernel": true}}
{"target": 362.4357972010947, "params": {"C": 0.26092132230742354, "epsilon": 28.94000406808278, "tau": 4.20477871258932, "kronecker_kernel": true}}
{"target": 60.7574584156808, "params": {"C": 0.1793333858614921, "epsilon": 28.193073177291588, "tau": 0.08753004060362805, "kronecker_kernel": true}}
{"target": 53.41115456780852, "params": {"C": 0.01343154955781839, "epsilon": 28.73713857079966, "tau": 3.8727316810491645, "kronecker_kernel": true}}
{"target": 57.70928238189972, "params": {"C": 0.6324716295156738, "epsilon": 26.71886081699746, "tau": 0.03363715264627981, "kronecker_kernel": true}}
{"target": 22341.248433538665, "params": {"C": 3.5791339444457204, "epsilon": 23.20388644711309, "tau": 19.113434276568377, "kronecker_kernel": true}}
{"target": 9000.69467211606, "params": {"C": 1.4672696812798462, "epsilon": 15.140909413270421, "tau": 17.666727175053953, "kronecker_kernel": true}}
{"target": 1545.2930590600365, "params": {"C": 1.1550932465664556, "epsilon": 24.448607905265092, "tau": 3.7761101434187347, "kronecker_kernel": true}}
{"target": 733.8417013400325, "params": {"C": 0.4502533512922755, "epsilon": 24.200781023969977, "tau": 4.674399272785797, "kronecker_kernel": true}}
{"target": 60.16770898808468, "params": {"C": 0.018158352938448433, "epsilon": 23.426215971370564, "tau": 1.0395462581340975, "kronecker_kernel": true}}
{"target": 54.52423317212781, "params": {"C": 0.8748664129194129, "epsilon": 19.01935349334655, "tau": 0.22679888018427186, "kronecker_kernel": true}}
{"target": 631.7733964080942, "params": {"C": 0.5071478098052149, "epsilon": 22.908255247451038, "tau": 3.604657090802484, "kronecker_kernel": true}}
{"target": 47.291903222204255, "params": {"C": 0.0469979592928238, "epsilon": 19.89187999102293, "tau": 3.3140100406862496, "kronecker_kernel": true}}
{"target": 92.90960371223005, "params": {"C": 0.07869153434442766, "epsilon": 20.09972576158398, "tau": 4.213776729386598, "kronecker_kernel": true}}
{"target": 351.07277621612457, "params": {"C": 0.18902148767970867, "epsilon": 22.438070581257172, "tau": 5.585368913831754, "kronecker_kernel": true}}
{"target": 74.02069174505758, "params": {"C": 0.0562450876161156, "epsilon": 19.155971837707536, "tau": 4.851916325289461, "kronecker_kernel": true}}
{"target": 241.42711074287703, "params": {"C": 1.0241911038897005, "epsilon": 21.604767013286132, "tau": 0.7317328475421494, "kronecker_kernel": true}}
{"target": 79.15267198113277, "params": {"C": 0.05528522987544582, "epsilon": 23.740260827945505, "tau": 5.257603492447645, "kronecker_kernel": true}}
{"target": 50.99163190374732, "params": {"C": 0.5596823811489414, "epsilon": 29.691140399614408, "tau": 0.15840948240662364, "kronecker_kernel": true}}
{"target": 754.0852177594429, "params": {"C": 0.9821678453959268, "epsilon": 24.920534295556866, "tau": 2.2133977756725227, "kronecker_kernel": true}}
{"target": 74.61557690208065, "params": {"C": 0.06886839638153425, "epsilon": 24.78537216693154, "tau": 4.0025327815646, "kronecker_kernel": true}}
{"target": 57.05210926254235, "params": {"C": 0.10253942212862921, "epsilon": 29.754776817509462, "tau": 0.3646948431972398, "kronecker_kernel": true}}
{"target": 53.04166135662183, "params": {"C": 0.7629213167441311, "epsilon": 24.651293132736875, "tau": 0.24198404908248283, "kronecker_kernel": true}}
{"target": 59.826289939508136, "params": {"C": 0.042256235461994834, "epsilon": 22.500889896242203, "tau": 0.1717034085494138, "kronecker_kernel": true}}
{"target": 58.575848282642575, "params": {"C": 0.18516079658759654, "epsilon": 24.92929676956897, "tau": 0.12327388304788309, "kronecker_kernel": true}}
{"target": 345.280223116206, "params": {"C": 0.6029697431530177, "epsilon": 25.330420121438337, "tau": 1.7460824280169969, "kronecker_kernel": true}}
{"target": 607.0296597935951, "params": {"C": 0.7819682931311698, "epsilon": 27.86945416436128, "tau": 2.2566831678270534, "kronecker_kernel": true}}
{"target": 44.80913168625966, "params": {"C": 0.7772267429259802, "epsilon": 21.30806889294001, "tau": 0.1421086940116698, "kronecker_kernel": true}}
{"target": 680.9690003064227, "params": {"C": 0.7847701821617434, "epsilon": 27.95978753008568, "tau": 2.506178581925237, "kronecker_kernel": true}}
{"target": 792.4002077788095, "params": {"C": 0.5952799521415988, "epsilon": 28.374740743226187, "tau": 3.8013455962995812, "kronecker_kernel": true}}
{"target": 54.68539545642905, "params": {"C": 0.6697333991848101, "epsilon": 20.877841800237903, "tau": 0.06411281535118654, "kronecker_kernel": true}}
{"target": 183.72700515332554, "params": {"C": 0.9717175109346115, "epsilon": 20.057904196321235, "tau": 0.6126121410917643, "kronecker_kernel": true}}
{"target": 144.89181194553976, "params": {"C": 0.7073145540048351, "epsilon": 20.307884868232634, "tau": 0.6848604513493074, "kronecker_kernel": true}}
{"target": 587.9319623242238, "params": {"C": 1.1388345398270148, "epsilon": 21.576170838802337, "tau": 1.48081935384391, "kronecker_kernel": true}}
{"target": 53.19053586165951, "params": {"C": 1.3685821479726432, "epsilon": 22.949438783020643, "tau": 0.0372784976037576, "kronecker_kernel": true}}
{"target": 65.86924434665232, "params": {"C": 0.7435182337335646, "epsilon": 21.555089784549402, "tau": 0.3165605743665178, "kronecker_kernel": true}}
{"target": 344.6110436763298, "params": {"C": 0.7987758575437709, "epsilon": 23.091640400833636, "tau": 1.3082388767501665, "kronecker_kernel": true}}
{"target": 1129.7865769317432, "params": {"C": 1.027783140751188, "epsilon": 23.137575803743154, "tau": 3.1006470531939834, "kronecker_kernel": true}}
{"target": 1880.2050587549977, "params": {"C": 1.328998354863578, "epsilon": 22.15100688082002, "tau": 3.932933600043754, "kronecker_kernel": true}}
{"target": 55.76388570417912, "params": {"C": 0.6655351332464419, "epsilon": 19.100425496699618, "tau": 0.05699365366834777, "kronecker_kernel": true}}
{"target": 45.38401337616099, "params": {"C": 0.012389750798341877, "epsilon": 26.21659711602418, "tau": 12.816833548282787, "kronecker_kernel": true}}
{"target": 1191.308308725218, "params": {"C": 0.6853219325912472, "epsilon": 15.547211681407669, "tau": 4.934015443495938, "kronecker_kernel": true}}
{"target": 5635.946905934651, "params": {"C": 1.0426254027592452, "epsilon": 24.698221167349875, "tau": 13.220624757876429, "kronecker_kernel": true}}
{"target": 44.926102487709464, "params": {"C": 1.1784370848379282, "epsilon": 21.168340524562733, "tau": 0.08583694714603844, "kronecker_kernel": true}}
{"target": 1132.8313188002508, "params": {"C": 0.24560342163234714, "epsilon": 23.641384400983668, "tau": 13.325651363977954, "kronecker_kernel": true}}
{"target": 170.55007142787764, "params": {"C": 0.045729466621806526, "epsilon": 26.09507975756783, "tau": 12.405826862033404, "kronecker_kernel": true}}
{"target": 2295.156042416894, "params": {"C": 0.4029186669814148, "epsilon": 26.36477751546215, "tau": 15.951203613551485, "kronecker_kernel": true}}
{"target": 2942.1022300024606, "params": {"C": 0.5436917760041119, "epsilon": 28.430404120945735, "tau": 15.398299739148607, "kronecker_kernel": true}}
{"target": 5524.160315053688, "params": {"C": 1.4923260475542977, "epsilon": 29.869047488647077, "tau": 10.316675008527183, "kronecker_kernel": true}}
{"target": 287.0839382807639, "params": {"C": 0.062490769760105855, "epsilon": 26.729762264647544, "tau": 14.284003056715987, "kronecker_kernel": true}}
{"target": 3682.9312973545916, "params": {"C": 0.8464388141409291, "epsilon": 26.539847845803088, "tau": 12.223374951652607, "kronecker_kernel": true}}
{"target": 1655.4858273499951, "params": {"C": 1.7591041249226973, "epsilon": 21.243339686186076, "tau": 2.59673500745841, "kronecker_kernel": true}}
{"target": 1451.5261168848315, "params": {"C": 0.3928241082996751, "epsilon": 26.36188192117735, "tau": 10.455626156815159, "kronecker_kernel": true}}
{"target": 834.8582122298078, "params": {"C": 1.42132322068812, "epsilon": 21.04637863566816, "tau": 1.6589838330928006, "kronecker_kernel": true}}
{"target": 1584.1011015187146, "params": {"C": 1.3245606294596866, "epsilon": 20.43691961174106, "tau": 3.310007564496568, "kronecker_kernel": true}}
{"target": 1048.8113159984355, "params": {"C": 1.0705917297600234, "epsilon": 20.287735531444273, "tau": 2.510405705653272, "kronecker_kernel": true}}
{"target": 22199.91658574955, "params": {"C": 3.9043080914928536, "epsilon": 29.785937338089475, "tau": 15.14787878551751, "kronecker_kernel": true}}
{"target": 64.27329971216716, "params": {"C": 1.1099299592140979, "epsilon": 22.02028001848785, "tau": 0.2073136304085429, "kronecker_kernel": true}}
{"target": 546.3506489698694, "params": {"C": 2.046801553564458, "epsilon": 22.232850912157378, "tau": 0.759743325203925, "kronecker_kernel": true}}
{"target": 1049.4151116771477, "params": {"C": 0.2521355903914636, "epsilon": 28.092413917420807, "tau": 11.871136148280172, "kronecker_kernel": true}}
{"target": 1838.0746505684824, "params": {"C": 0.44934528521164346, "epsilon": 25.751319455601543, "tau": 11.50063846959941, "kronecker_kernel": true}}
{"target": 694.2586947667164, "params": {"C": 0.16146498477016719, "epsilon": 28.392226310473436, "tau": 12.359302561509342, "kronecker_kernel": true}}
{"target": 56.98119152396341, "params": {"C": 0.017219864972925922, "epsilon": 26.152863371476695, "tau": 12.246843098966087, "kronecker_kernel": true}}
{"target": 44.666597697452524, "params": {"C": 1.876715378535931, "epsilon": 19.53725114820966, "tau": 0.0596953450108868, "kronecker_kernel": true}}
{"target": 117.06281148987792, "params": {"C": 0.029240188537062055, "epsilon": 27.049888442828426, "tau": 14.075945414742785, "kronecker_kernel": true}}
{"target": 3304.039193127633, "params": {"C": 1.928126831601109, "epsilon": 26.123755936494756, "tau": 4.783069217623327, "kronecker_kernel": true}}
{"target": 52.732517344226004, "params": {"C": 0.0074968956268467845, "epsilon": 27.40440951368231, "tau": 7.433165422083737, "kronecker_kernel": true}}
{"target": 1479.4352335193882, "params": {"C": 2.223877621182587, "epsilon": 17.46050218326036, "tau": 1.8596725028737215, "kronecker_kernel": true}}
{"target": 7596.501681068081, "params": {"C": 1.156970624720048, "epsilon": 27.80575076552112, "tau": 19.286982416276402, "kronecker_kernel": true}}
{"target": 46.34785979419094, "params": {"C": 0.019214783426379427, "epsilon": 26.40816161605978, "tau": 7.637012621597831, "kronecker_kernel": true}}
{"target": 552.5562932545115, "params": {"C": 1.6654496147409033, "epsilon": 21.332279264683986, "tau": 0.9556088815916528, "kronecker_kernel": true}}
