{"target": 1062.7548791517647, "params": {"C": 0.6188032810352577, "epsilon": 14.065109213584051, "tau": 4.887202334643891, "kronecker_kernel": true}}
{"target": 1142.8813768026537, "params": {"C": 1.0909206131618103, "epsilon": 14.991639327530766, "tau": 2.9594326299529685, "kronecker_kernel": true}}
{"target": 287.14566980962695, "params": {"C": 0.22405557922598313, "epsilon": 14.867612334301938, "tau": 3.9581883251087624, "kronecker_kernel": true}}
{"target": 629.0661503976426, "params": {"C": 0.5701489980026487, "epsilon": 14.836555611599522, "tau": 3.193479791641002, "kronecker_kernel": true}}
{"target": 45.95293132964183, "params": {"C": 0.030905768347905704, "epsilon": 14.754088422711677, "tau": 3.0294331351900188, "kronecker_kernel": true}}
{"target": 147.76037314425457, "params": {"C": 0.19625742960829354, "epsilon": 14.648891787762329, "tau": 2.54330365929585, "kronecker_kernel": true}}
{"target": 732.1421202028538, "params": {"C": 0.7946360031047182, "epsilon": 14.995315237272884, "tau": 2.6448944024241774, "kronecker_kernel": true}}
{"target": 375.99543101365373, "params": {"C": 0.8771658535940341, "epsilon": 9.430731917034352, "tau": 1.3078607563270073, "kronecker_kernel": true}}
{"target": 63.33552686154981, "params": {"C": 0.09756458808672787, "epsilon": 13.794094073582341, "tau": 0.0001720110731862068, "kronecker_kernel": true}}
{"target": 52.497869924287066, "params": {"C": 0.025724688140713523, "epsilon": 14.229321311960094, "tau": 2.0461471764629557, "kronecker_kernel": true}}
{"target": 78.70321695323818, "params": {"C": 1.3132557012513955, "epsilon": 14.626021746313565, "tau": 0.22114645615862905, "kronecker_kernel": true}}
{"target": 50.06000972235493, "params": {"C": 0.48273879241597195, "epsilon": 9.747817561722794, "tau": 0.37054283918123937, "kronecker_kernel": true}}
{"target": 44.65712129421361, "params": {"C": 1.0075499974909374, "epsilon": 13.315117443778973, "tau": 0.130820255428874, "kronecker_kernel": true}}
{"target": 60.20020413549929, "params": {"C": 0.2106248074046666, "epsilon": 12.716401013097208, "tau": 0.07897515136111141, "kronecker_kernel": true}}
{"target": 47.23258052040954, "params": {"C": 0.8667749297113583, "epsilon": 13.27133558946564, "tau": 0.09621005254863703, "kronecker_kernel": true}}
{"target": 338.54192085887604, "params": {"C": 0.5509108327358689, "epsilon": 12.651552277088417, "tau": 1.8707519960798487, "kronecker_kernel": true}}
{"target": 3014.36329175823, "params": {"C": 0.5312071075774343, "epsilon": 6.398692701151204, "tau": 16.178432384661434, "kronecker_kernel": true}}
{"target": 47.43762448763364, "params": {"C": 0.02125650728249301, "epsilon": 12.31902192389423, "tau": 3.8479723798949856, "kronecker_kernel": true}}
{"target": 1242.3423241654862, "params": {"C": 1.275871686006636, "epsilon": 11.854064157798778, "tau": 2.757652334232035, "kronecker_kernel": true}}
{"target": 965.4237847470009, "params": {"C": 0.984571152971218, "epsilon": 10.764486379488462, "tau": 2.8208708849476984, "kronecker_kernel": true}}
{"target": 629.0931219510042, "params": {"C": 1.1498659719131867, "epsilon": 12.17121299081417, "tau": 1.5886021981107261, "kronecker_kernel": true}}
{"target": 1365.8244801917103, "params": {"C": 1.3075159453476388, "epsilon": 12.03880651440835, "tau": 2.949686605117696, "kronecker_kernel": true}}
{"target": 391.02577813368197, "params": {"C": 0.9866876386540653, "epsilon": 11.331772106829934, "tau": 1.1840487257785115, "kronecker_kernel": true}}
{"target": 350.3606790066243, "params": {"C": 1.1217496760556402, "epsilon": 11.759704445105687, "tau": 0.9424672556226846, "kronecker_kernel": true}}
{"target": 62.215805351100855, "params": {"C": 0.018385578736021146, "epsilon": 10.372781494984679, "tau": 0.2211473692224803, "kronecker_kernel": true}}
{"target": 62.069116844846484, "params": {"C": 0.02978736879582311, "epsilon": 14.093720053457751, "tau": 0.16946459042927747, "kronecker_kernel": true}}
{"target": 582.2645501852219, "params": {"C": 0.5711161229883055, "epsilon": 11.68420436830519, "tau": 2.984198755124468, "kronecker_kernel": true}}
{"target": 54.41194867196083, "params": {"C": 0.004641046431447894, "epsilon": 12.799076218105201, "tau": 7.863479592750808, "kronecker_kernel": true}}
{"target": 63.24070045365246, "params": {"C": 0.013578220676223662, "epsilon": 14.24777972758854, "tau": 0.318259754341328, "kronecker_kernel": true}}
{"target": 57.84589907606905, "params": {"C": 0.007394701410228924, "epsilon": 12.716735417628522, "tau": 2.9550215223602727, "kronecker_kernel": true}}
{"target": 4543.422374920257, "params": {"C": 2.5704345405964695, "epsilon": 2.7492492757940186, "tau": 4.495804004493189, "kronecker_kernel": true}}
{"target": 61.7344878152462, "params": {"C": 0.0492269928048752, "epsilon": 14.86050795640067, "tau": 4.137289446842938, "kronecker_kernel": true}}
{"target": 54.23657217559064, "params": {"C": 0.02370264369357858, "epsilon": 12.20466565672518, "tau": 1.870131602003711, "kronecker_kernel": true}}
{"target": 834.0857347935068, "params": {"C": 0.6356121098768025, "epsilon": 12.678105890721307, "tau": 3.7714910287283225, "kronecker_kernel": true}}
{"target": 51.18564855625558, "params": {"C": 1.0054987385913638, "epsilon": 12.59191430223376, "tau": 0.1293110671341447, "kronecker_kernel": true}}
{"target": 60.300442288604884, "params": {"C": 0.9153662418973956, "epsilon": 13.408666605869872, "tau": 0.017914259824089313, "kronecker_kernel": true}}
{"target": 58.631954634267665, "params": {"C": 0.0035100352038379447, "epsilon": 12.374031999339465, "tau": 5.767479850342095, "kronecker_kernel": true}}
{"target": 996.8000766430893, "params": {"C": 0.6780600933960519, "epsilon": 10.379348191641341, "tau": 4.218087228767036, "kronecker_kernel": true}}
{"target": 13893.944970080232, "params": {"C": 3.2731172514322266, "epsilon": 11.085857476351636, "tau": 11.568589260884613, "kronecker_kernel": true}}
{"target": 61.976982368482275, "params": {"C": 0.0013188331614882864, "epsilon": 14.382404538945298, "tau": 4.128857193922208, "kronecker_kernel": true}}
{"target": 60.23573736490597, "params": {"C": 0.04918514217465231, "epsilon": 9.40820463799173, "tau": 4.2919812160698365, "kronecker_kernel": true}}
{"target": 629.539955471775, "params": {"C": 0.744949316297795, "epsilon": 14.929257344285007, "tau": 2.4458742050168882, "kronecker_kernel": true}}
{"target": 403.6161506386615, "params": {"C": 0.5318846409055812, "epsilon": 12.137514864670003, "tau": 2.2736761990622196, "kronecker_kernel": true}}
{"target": 127.88579392608487, "params": {"C": 0.9296973071527407, "epsilon": 14.853719290978963, "tau": 0.4085113883444418, "kronecker_kernel": true}}
{"target": 7592.582897736848, "params": {"C": 2.3136497124243807, "epsilon": 12.792402050932035, "tau": 9.430812770727927, "kronecker_kernel": true}}
{"target": 49.57388803227584, "params": {"C": 1.023796128842344, "epsilon": 14.555414661295567, "tau": 0.1666829995660648, "kronecker_kernel": true}}
{"target": 3329.8149768708668, "params": {"C": 0.5847032783320726, "epsilon": 25.899791961713895, "tau": 15.89419819632566, "kronecker_kernel": true}}
{"target": 5734.793965611699, "params": {"C": 1.1960248658270471, "epsilon": 28.80895587609455, "tau": 13.66641472934507, "kronecker_kernel": true}}
{"target": 613.6055889736023, "params": {"C": 0.6301448368184199, "epsilon": 29.459613780510523, "tau": 2.831031886148199, "kronecker_kernel": true}}
{"target": 6834.538755957919, "params": {"C": 3.211330851442093, "epsilon": 25.69223777800621, "tau": 5.869014014976963, "kronecker_kernel": true}}
{"target": 1024.7218486177014, "params": {"C": 0.5206620401971527, "epsilon": 19.49446584953604, "tau": 5.548306748414635, "kronecker_kernel": true}}
{"target": 19763.159461674022, "params": {"C": 3.717015261964635, "epsilon": 28.340962474505282, "tau": 15.614009925178312, "kronecker_kernel": true}}
{"target": 17046.74297343888, "params": {"C": 3.5927849151897178, "epsilon": 16.057696103439515, "tau": 14.440716581172948, "kronecker_kernel": true}}
{"target": 3230.295030508548, "params": {"C": 0.6593145158123109, "epsilon": 16.589560210792918, "tau": 13.651623655893182, "kronecker_kernel": true}}
{"target": 1670.0877030915358, "params": {"C": 0.4586635376828992, "epsilon": 28.639224661378698, "tau": 10.482258792887883, "kronecker_kernel": true}}
{"target": 1463.00189493919, "params": {"C": 0.24611163891507176, "epsilon": 15.241369845026544, "tau": 16.828656937098152, "kronecker_kernel": true}}
{"target": 12598.8040094716, "params": {"C": 2.011705000572745, "epsilon": 16.353219848948264, "tau": 16.047121148180107, "kronecker_kernel": true}}
{"target": 1762.0732496981934, "params": {"C": 2.008514096662245, "epsilon": 25.488779603327394, "tau": 2.4689620120079367, "kronecker_kernel": true}}
{"target": 16004.027112648788, "params": {"C": 3.4478291765792215, "epsilon": 18.338920161307456, "tau": 12.631080375019515, "kronecker_kernel": true}}
{"target": 14301.772143185834, "params": {"C": 3.749224786738849, "epsilon": 23.45772494296459, "tau": 11.256125994398493, "kronecker_kernel": true}}
{"target": 2754.9186984884627, "params": {"C": 2.062357589030129, "epsilon": 23.32761682191972, "tau": 3.7236915177164174, "kronecker_kernel": true}}
{"target": 13769.436276772822, "params": {"C": 3.053281566707459, "epsilon": 18.805973860180295, "tau": 12.778247588231418, "kronecker_kernel": true}}
{"target": 1393.3584472156858, "params": {"C": 0.4954644360722464, "epsilon": 27.861679921889134, "tau": 7.996170218941871, "kronecker_kernel": true}}
{"target": 3392.1626446610185, "params": {"C": 0.7363530693731575, "epsilon": 17.320096409672708, "tau": 12.878204389085411, "kronecker_kernel": true}}
{"target": 3653.2493938840516, "params": {"C": 1.3511391007737248, "epsilon": 19.093348191469147, "tau": 7.505724789264242, "kronecker_kernel": true}}
{"target": 12428.597185416651, "params": {"C": 1.7875878080287528, "epsilon": 17.313609628747585, "tau": 18.98776514774932, "kronecker_kernel": true}}
{"target": 5551.926600408069, "params": {"C": 1.3611832210187746, "epsilon": 25.352343666393544, "tau": 10.273903280059828, "kronecker_kernel": true}}
{"target": 12736.209322239918, "params": {"C": 2.420037255516714, "epsilon": 25.19532576515755, "tau": 11.9893494757233, "kronecker_kernel": true}}
{"target": 4674.933810461361, "params": {"C": 0.6805509481197649, "epsilon": 24.026520136787234, "tau": 17.798830197536518, "kronecker_kernel": true}}
{"target": 3468.474492639667, "params": {"C": 0.5838745516216673, "epsilon": 23.842355231888526, "tau": 16.55563987514826, "kronecker_kernel": true}}
{"target": 12286.72750307347, "params": {"C": 2.0132746033763818, "epsilon": 21.752191267109716, "tau": 17.776320366424585, "kronecker_kernel": true}}
{"target": 5533.397767578348, "params": {"C": 0.9021024734352164, "epsilon": 18.913252316067577, "tau": 17.375152985935884, "kronecker_kernel": true}}
{"target": 11939.383508447072, "params": {"C": 2.0660594629948505, "epsilon": 20.611494543304858, "tau": 14.7926090610146, "kronecker_kernel": true}}
{"target": 5291.177258418847, "params": {"C": 1.936870876605879, "epsilon": 27.967276368387985, "tau": 7.748844044616483, "kronecker_kernel": true}}
{"target": 302.9037605567095, "params": {"C": 2.3175032207028834, "epsilon": 29.187477699441818, "tau": 0.40299492315653335, "kronecker_kernel": true}}
{"target": 12875.87429776238, "params": {"C": 1.940622595555855, "epsilon": 21.35492331978279, "tau": 19.434212265506154, "kronecker_kernel": true}}
{"target": 3078.564145110738, "params": {"C": 1.873084696592058, "epsilon": 15.207425036496597, "tau": 4.6347342436054975, "kronecker_kernel": true}}
{"target": 12705.460066789783, "params": {"C": 1.8727637276407878, "epsilon": 21.09758975168791, "tau": 19.872743558077065, "kronecker_kernel": true}}
{"target": 3796.6309573983417, "params": {"C": 1.4845495343457393, "epsilon": 15.801134362625266, "tau": 7.168308967391122, "kronecker_kernel": true}}
{"target": 118.06887987993973, "params": {"C": 0.23684723751701642, "epsilon": 28.528880944787254, "tau": 1.7332803679606568, "kronecker_kernel": true}}
{"target": 303.8948155200193, "params": {"C": 0.6918890207592266, "epsilon": 29.398851136813704, "tau": 1.3529426055055072, "kronecker_kernel": true}}
{"target": 385.46062733645357, "params": {"C": 0.3026264716028083, "epsilon": 26.796556383913753, "tau": 3.843081718659487, "kronecker_kernel": true}}
{"target": 146.32227115221357, "params": {"C": 0.5769351757692134, "epsilon": 27.938681432265593, "tau": 0.8583828928210757, "kronecker_kernel": true}}
{"target": 54.66751088539574, "params": {"C": 0.04677825661630747, "epsilon": 28.247327382752854, "tau": 0.9787838881563194, "kronecker_kernel": true}}
{"target": 244.65502658557193, "params": {"C": 0.7865858141292763, "epsilon": 28.64543210243373, "tau": 0.9783435522421831, "kronecker_kernel": true}}
{"target": 123.04104676167954, "params": {"C": 0.24460236490957527, "epsilon": 26.443037023502477, "tau": 1.7522329612286318, "kronecker_kernel": true}}
{"target": 50.58279280405901, "params": {"C": 0.21347003422871996, "epsilon": 29.40626207572594, "tau": 0.5769540931216659, "kronecker_kernel": true}}
{"target": 831.4818942662034, "params": {"C": 2.564811224286636, "epsilon": 28.191584251662498, "tau": 0.9272472482336434, "kronecker_kernel": true}}
{"target": 55.4828697729777, "params": {"C": 0.058873559042876944, "epsilon": 27.77427091632925, "tau": 0.7111284935759101, "kronecker_kernel": true}}
{"target": 45.396877135490854, "params": {"C": 0.1212556914058987, "epsilon": 25.314255326009327, "tau": 1.1139850891122642, "kronecker_kernel": true}}
{"target": 338.4350291452494, "params": {"C": 0.7087809366817638, "epsilon": 22.947637395579548, "tau": 1.4494862011794036, "kronecker_kernel": true}}
{"target": 58.821122879273425, "params": {"C": 0.11678817601266235, "epsilon": 27.031482742857577, "tau": 0.17481999741100973, "kronecker_kernel": true}}
{"target": 103.5588634269945, "params": {"C": 0.5476283804333868, "epsilon": 23.850628397715486, "tau": 0.6709538632480787, "kronecker_kernel": true}}
{"target": 46.90331704308598, "params": {"C": 0.1003291513896139, "epsilon": 23.770429382670045, "tau": 1.5081481842534932, "kronecker_kernel": true}}
{"target": 62.47366402584892, "params": {"C": 0.047342041343949384, "epsilon": 27.489466072401456, "tau": 0.10889317844504309, "kronecker_kernel": true}}
{"target": 61.49555671278188, "params": {"C": 0.008600904671567267, "epsilon": 29.80618844681665, "tau": 0.15355188811925247, "kronecker_kernel": true}}
{"target": 57.20845203166366, "params": {"C": 0.015917039307688063, "epsilon": 25.966685917497742, "tau": 2.074116231497666, "kronecker_kernel": true}}
{"target": 50.13184906814145, "params": {"C": 0.1242556821849857, "epsilon": 29.90844587613761, "tau": 1.1709754981638114, "kronecker_kernel": true}}
{"target": 45.88965274339755, "params": {"C": 0.046788342885275724, "epsilon": 23.101008267653313, "tau": 2.137856127757002, "kronecker_kernel": true}}
{"target": 44.88656836702895, "params": {"C": 0.024528730164302, "epsilon": 20.920425001423837, "tau": 4.4013907507719185, "kronecker_kernel": true}}
{"target": 57.66709073065861, "params": {"C": 0.07312422426894677, "epsilon": 21.318012494100735, "tau": 0.3979214656829331, "kronecker_kernel": true}}
{"target": 359.59058250296664, "params": {"C": 0.28061500967281006, "epsilon": 20.989809208141384, "tau": 3.8293861547743977, "kronecker_kernel": true}}
{"target": 51.28216853741144, "params": {"C": 0.15593323679673984, "epsilon": 19.29406654657648, "tau": 0.38561138624352387, "kronecker_kernel": true}}
{"target": 165.98232811058355, "params": {"C": 0.09094398078634278, "epsilon": 22.780409348355466, "tau": 6.017627051049062, "kronecker_kernel": true}}
{"target": 197.22052209899732, "params": {"C": 0.09182142379574455, "epsilon": 20.277110386370236, "tau": 6.874972866486077, "kronecker_kernel": true}}
{"target": 55.87718076976184, "params": {"C": 0.039304907230600455, "epsilon": 19.496970274833444, "tau": 5.092121938033131, "kronecker_kernel": true}}
{"target": 57.52623415868768, "params": {"C": 0.00655957407776369, "epsilon": 23.129331870736554, "tau": 4.729782892698527, "kronecker_kernel": true}}
{"target": 516.0865920687725, "params": {"C": 0.4065871558531919, "epsilon": 24.12264880358943, "tau": 3.7168487486212642, "kronecker_kernel": true}}
{"target": 50.733128038169234, "params": {"C": 0.020500040870486895, "epsilon": 22.570670445916946, "tau": 3.134605077622025, "kronecker_kernel": true}}
{"target": 303.2957307014823, "params": {"C": 0.3160568108802503, "epsilon": 23.400399051668987, "tau": 2.948244216130196, "kronecker_kernel": true}}
{"target": 44.7384409663003, "params": {"C": 0.21488454218592734, "epsilon": 20.504344659868156, "tau": 0.5144440050944203, "kronecker_kernel": true}}
{"target": 60.94854201738728, "params": {"C": 0.010145137283764087, "epsilon": 22.096215838419102, "tau": 0.5905516554682895, "kronecker_kernel": true}}
{"target": 12347.63026478431, "params": {"C": 2.051843674414628, "epsilon": 28.44521258059521, "tau": 18.10368675435618, "kronecker_kernel": true}}
{"target": 157.8797095108636, "params": {"C": 0.2669697512960748, "epsilon": 21.689606337342195, "tau": 1.9456148019353334, "kronecker_kernel": true}}
{"target": 362.8518873871423, "params": {"C": 3.747375969251923, "epsilon": 20.497663514357342, "tau": 0.2842616235206865, "kronecker_kernel": true}}
{"target": 957.4482392709406, "params": {"C": 3.5180434658430353, "epsilon": 18.608888534358577, "tau": 0.7832240612887595, "kronecker_kernel": true}}
{"target": 88.62572273971045, "params": {"C": 0.869240647762306, "epsilon": 22.7943683149259, "tau": 0.36791151350063944, "kronecker_kernel": true}}
{"target": 822.0963821939844, "params": {"C": 1.4676039407236852, "epsilon": 19.976979284865127, "tau": 1.582984032603672, "kronecker_kernel": true}}
{"target": 1904.5390292668828, "params": {"C": 1.1746579617961326, "epsilon": 20.034757809216188, "tau": 4.493591603491641, "kronecker_kernel": true}}
{"target": 2557.178531206479, "params": {"C": 1.3352420744178235, "epsilon": 24.344033207346392, "tau": 5.34879524362799, "kronecker_kernel": true}}
{"target": 784.7084561149318, "params": {"C": 0.347266657801828, "epsilon": 28.608396747952536, "tau": 6.455897061142867, "kronecker_kernel": true}}
{"target": 554.1718248446622, "params": {"C": 0.3144824843583597, "epsilon": 29.142229713382104, "tau": 5.179315320369374, "kronecker_kernel": true}}
{"target": 64.30238642655263, "params": {"C": 0.007428875251290391, "epsilon": 24.593378029237442, "tau": 0.24350448974806982, "kronecker_kernel": true}}
{"target": 87.3822808496978, "params": {"C": 0.06336299876835182, "epsilon": 28.975014322101295, "tau": 5.03070895461563, "kronecker_kernel": true}}
{"target": 107.40214762296289, "params": {"C": 0.12076411838132964, "epsilon": 23.542496639720046, "tau": 3.1384881549877375, "kronecker_kernel": true}}
{"target": 10743.656066083422, "params": {"C": 3.049819138527644, "epsilon": 29.861413752162402, "tau": 10.324197503189144, "kronecker_kernel": true}}
{"target": 60.21447350934335, "params": {"C": 0.07005424704298518, "epsilon": 20.103219320045678, "tau": 3.1630206652290163, "kronecker_kernel": true}}
{"target": 759.6280441338935, "params": {"C": 0.48224550339152505, "epsilon": 23.278825964497102, "tau": 4.516898458672563, "kronecker_kernel": true}}
{"target": 55.37828066507872, "params": {"C": 0.3102462223350893, "epsilon": 16.55480644013017, "tau": 0.6569839074069597, "kronecker_kernel": true}}
{"target": 185.49289401315085, "params": {"C": 0.8380051768534789, "epsilon": 29.850689167868854, "tau": 0.7244196403040164, "kronecker_kernel": true}}
{"target": 62.42984859700796, "params": {"C": 0.03153717508071034, "epsilon": 19.936243325633974, "tau": 0.26647743252853784, "kronecker_kernel": true}}
{"target": 47.40082401178809, "params": {"C": 0.23504174057460042, "epsilon": 17.618233480082758, "tau": 0.6662883090620362, "kronecker_kernel": true}}
{"target": 55.05233625263993, "params": {"C": 0.1831749252426455, "epsilon": 18.93274484617668, "tau": 0.22565515833624517, "kronecker_kernel": true}}
{"target": 833.7442451428009, "params": {"C": 0.13530157286216182, "epsilon": 29.961518032083042, "tau": 17.715333336864454, "kronecker_kernel": true}}
{"target": 49.3671720005252, "params": {"C": 0.13118568370039013, "epsilon": 18.74986543031279, "tau": 1.2919552270922288, "kronecker_kernel": true}}
{"target": 2745.6739618393462, "params": {"C": 0.9475352294641572, "epsilon": 21.756760322944327, "tau": 8.003332020924516, "kronecker_kernel": true}}
{"target": 1488.7802353636557, "params": {"C": 1.0271473236774544, "epsilon": 17.85237265037145, "tau": 4.055701755829367, "kronecker_kernel": true}}
{"target": 442.1347057617542, "params": {"C": 0.34572552110555255, "epsilon": 15.035285154558224, "tau": 3.7910019154499497, "kronecker_kernel": true}}
{"target": 811.9884235732976, "params": {"C": 0.5950289374306255, "epsilon": 15.632007507924214, "tau": 3.9339838229550814, "kronecker_kernel": true}}
{"target": 755.921682290813, "params": {"C": 0.5700695261933068, "epsilon": 15.594821011842363, "tau": 3.7908773256185397, "kronecker_kernel": true}}
{"target": 5405.076302289229, "params": {"C": 3.9761087530340307, "epsilon": 26.7159715856857, "tau": 3.783301780147556, "kronecker_kernel": true}}
{"target": 130.6831696838229, "params": {"C": 0.29723692818633984, "epsilon": 18.19806677715412, "tau": 1.5000042911084766, "kronecker_kernel": true}}
{"target": 126.02140014404085, "params": {"C": 0.5420665850725515, "epsilon": 18.169945188571997, "tau": 0.7973248801507853, "kronecker_kernel": true}}
{"target": 24759.666295770574, "params": {"C": 3.9687864530802344, "epsilon": 19.52782860713961, "tau": 19.666888622740863, "kronecker_kernel": true}}
{"target": 804.1907034383291, "params": {"C": 0.7757026812990152, "epsilon": 20.64639954136818, "tau": 2.927084640863521, "kronecker_kernel": true}}
