{"target": 46.82765903033938, "params": {"C": 0.5833460092675511, "epsilon": 14.913768771815686, "tau": 0.26553979751321954, "kronecker_kernel": true}}
{"target": 45.94886131852572, "params": {"C": 0.581728919319849, "epsilon": 14.85611560603338, "tau": 0.12654799339655198, "kronecker_kernel": true}}
{"target": 154.35035761049784, "params": {"C": 0.6954834047764539, "epsilon": 14.645983453975026, "tau": 0.6392026447705237, "kronecker_kernel": true}}
{"target": 52.624049292358976, "params": {"C": 0.3786808836284466, "epsilon": 11.735061181723333, "tau": 0.5023309433880399, "kronecker_kernel": true}}
{"target": 52.17555638747316, "params": {"C": 1.0709558584011116, "epsilon": 14.058673146372097, "tau": 0.05070135989451613, "kronecker_kernel": true}}
{"target": 916.8208014693337, "params": {"C": 0.8056224684154754, "epsilon": 14.588461674744906, "tau": 3.2355288762960144, "kronecker_kernel": true}}
{"target": 549.8018359916762, "params": {"C": 0.10007484912344267, "epsilon": 9.933835624024379, "tau": 16.185648346028323, "kronecker_kernel": true}}
{"target": 320.76607285710213, "params": {"C": 1.0930386771593168, "epsilon": 14.84057912175671, "tau": 0.8956656350181927, "kronecker_kernel": true}}
{"target": 44.45127937677025, "params": {"C": 0.5046494688504625, "epsilon": 14.930642686642965, "tau": 0.2468626970846095, "kronecker_kernel": true}}
{"target": 45.95648999695096, "params": {"C": 0.7601481168194426, "epsilon": 14.095731770300441, "tau": 0.19471097668336468, "kronecker_kernel": true}}
{"target": 7824.435332158579, "params": {"C": 1.2959360579769268, "epsilon": 7.540298399324731, "tau": 17.701490116332618, "kronecker_kernel": true}}
{"target": 61.84911949286127, "params": {"C": 0.03851229471919004, "epsilon": 14.589769392418322, "tau": 0.004276031597297281, "kronecker_kernel": true}}
{"target": 1019.7944701802737, "params": {"C": 0.7715799372257796, "epsilon": 14.829497933295297, "tau": 3.738437915454895, "kronecker_kernel": true}}
{"target": 2409.4565801387553, "params": {"C": 3.0715625878862154, "epsilon": 5.3941622691489375, "tau": 2.2857204906573436, "kronecker_kernel": true}}
{"target": 63.52515756068176, "params": {"C": 1.0866027360600572, "epsilon": 12.411305400052544, "tau": 0.21957474957921774, "kronecker_kernel": true}}
{"target": 1087.921474977036, "params": {"C": 0.8895736682072186, "epsilon": 13.855824768681638, "tau": 3.479277178703639, "kronecker_kernel": true}}
{"target": 102.16827241167623, "params": {"C": 0.9745663460185175, "epsilon": 12.356751067666703, "tau": 0.37574378018654564, "kronecker_kernel": true}}
{"target": 119.22061158847893, "params": {"C": 0.9264259503539611, "epsilon": 13.833103901806414, "tau": 0.448152209967509, "kronecker_kernel": true}}
{"target": 47.59043953959889, "params": {"C": 0.8405744984085405, "epsilon": 14.896222736418174, "tau": 0.09618347475954242, "kronecker_kernel": true}}
{"target": 506.9694494505244, "params": {"C": 0.9815527088047006, "epsilon": 14.98446669500027, "tau": 1.5155295340482544, "kronecker_kernel": true}}
{"target": 190.48303859283143, "params": {"C": 0.6661562373816179, "epsilon": 14.699736002214184, "tau": 0.9307722379300922, "kronecker_kernel": true}}
{"target": 62.696585780445844, "params": {"C": 0.6311205309086534, "epsilon": 13.137820254915896, "tau": 0.37290661408981496, "kronecker_kernel": true}}
{"target": 228.8553202250069, "params": {"C": 0.7716804918528024, "epsilon": 14.719590216564244, "tau": 0.7973752386401899, "kronecker_kernel": true}}
{"target": 59.08561877004845, "params": {"C": 0.7845198284686478, "epsilon": 13.74190434305519, "tau": 0.027715145032955135, "kronecker_kernel": true}}
{"target": 287.33971738159346, "params": {"C": 0.9058463377907437, "epsilon": 14.72144530906138, "tau": 0.9796206011228066, "kronecker_kernel": true}}
{"target": 78.54597398680487, "params": {"C": 0.6569114710192882, "epsilon": 14.080392320979584, "tau": 0.43988073130499666, "kronecker_kernel": true}}
{"target": 135.2616218019828, "params": {"C": 0.7143075836687307, "epsilon": 14.82163702184901, "tau": 0.6476678739393813, "kronecker_kernel": true}}
{"target": 52.35120404410443, "params": {"C": 0.5367268426084276, "epsilon": 14.694148265042138, "tau": 0.3160447109823722, "kronecker_kernel": true}}
{"target": 475.84874899129625, "params": {"C": 0.3436410011306251, "epsilon": 14.263771869833887, "tau": 4.065502711743223, "kronecker_kernel": true}}
{"target": 303.4456554006063, "params": {"C": 0.30188001008416177, "epsilon": 11.73207061777472, "tau": 3.0773922707935704, "kronecker_kernel": true}}
{"target": 45.45754596294158, "params": {"C": 0.05006833265983235, "epsilon": 12.184505206396233, "tau": 2.896451095651715, "kronecker_kernel": true}}
{"target": 50.58765513986094, "params": {"C": 0.012323216356928735, "epsilon": 12.506376167898177, "tau": 5.1043131750454975, "kronecker_kernel": true}}
{"target": 44.34933085188571, "params": {"C": 0.033746794193937335, "epsilon": 12.217537964102073, "tau": 3.4176382720321605, "kronecker_kernel": true}}
{"target": 157.31785664141472, "params": {"C": 1.9682825984780163, "epsilon": 13.273827738477515, "tau": 0.2686564719943059, "kronecker_kernel": true}}
{"target": 46.53718879899215, "params": {"C": 0.06099877857649085, "epsilon": 12.582022057527336, "tau": 2.5030694265125084, "kronecker_kernel": true}}
{"target": 238.08338345156898, "params": {"C": 0.17921760233609216, "epsilon": 9.563911747309922, "tau": 4.098123168874347, "kronecker_kernel": true}}
{"target": 73.50694014481758, "params": {"C": 0.08897215629500113, "epsilon": 12.142580206260323, "tau": 2.4686313668715645, "kronecker_kernel": true}}
{"target": 769.678812345561, "params": {"C": 0.4230965082416249, "epsilon": 9.848767811148138, "tau": 5.282831660900676, "kronecker_kernel": true}}
{"target": 47.987694905376785, "params": {"C": 0.0137799039696416, "epsilon": 12.588423578844735, "tau": 5.5545874875552474, "kronecker_kernel": true}}
{"target": 540.2526909790017, "params": {"C": 0.3774874012951533, "epsilon": 12.504950353783812, "tau": 4.19469910504048, "kronecker_kernel": true}}
{"target": 49.99757060314359, "params": {"C": 0.0368462050540546, "epsilon": 13.018424805215545, "tau": 4.780857626429405, "kronecker_kernel": true}}
{"target": 399.92700107833497, "params": {"C": 0.2060476444664363, "epsilon": 11.40599878904193, "tau": 5.787608783864707, "kronecker_kernel": true}}
{"target": 53.52661051202383, "params": {"C": 0.03598134408551366, "epsilon": 10.830258613105535, "tau": 1.314587822916055, "kronecker_kernel": true}}
{"target": 45.808999562082235, "params": {"C": 0.06982902710061942, "epsilon": 12.38022008445329, "tau": 2.125110738083777, "kronecker_kernel": true}}
{"target": 285.4823072042177, "params": {"C": 0.2659511210553669, "epsilon": 11.704875566294913, "tau": 3.3085581601769913, "kronecker_kernel": true}}
{"target": 82.51013333844801, "params": {"C": 0.3249853261415352, "epsilon": 10.766365241024562, "tau": 0.9378237461160175, "kronecker_kernel": true}}
{"target": 118.43536124132667, "params": {"C": 0.11559355324290532, "epsilon": 12.530547153419011, "tau": 3.586906445132228, "kronecker_kernel": true}}
{"target": 44.837059191415925, "params": {"C": 0.05351570166714653, "epsilon": 12.60929528020509, "tau": 2.516907089494116, "kronecker_kernel": true}}
{"target": 59.425783426222026, "params": {"C": 0.05256680026940044, "epsilon": 11.546759312283308, "tau": 0.37753435401842933, "kronecker_kernel": true}}
{"target": 54.18946867743408, "params": {"C": 0.056633113394829626, "epsilon": 12.275572645356842, "tau": 0.7349998425470605, "kronecker_kernel": true}}
{"target": 54.76825535240283, "params": {"C": 0.06322383012852367, "epsilon": 14.726837086181963, "tau": 3.181209638783673, "kronecker_kernel": true}}
{"target": 46.72639218942191, "params": {"C": 0.04982707718549101, "epsilon": 12.510714864654126, "tau": 1.746812174339089, "kronecker_kernel": true}}
{"target": 5593.113119943887, "params": {"C": 2.1020391021793094, "epsilon": 5.65047246622305, "tau": 7.924722722441631, "kronecker_kernel": true}}
{"target": 76.77742592427187, "params": {"C": 0.06454635583236826, "epsilon": 14.033950345934667, "tau": 4.399260704541106, "kronecker_kernel": true}}
{"target": 420.7427692324098, "params": {"C": 0.36946620785925116, "epsilon": 12.564681984093738, "tau": 3.4001564584821398, "kronecker_kernel": true}}
{"target": 55.51620457736453, "params": {"C": 0.012275164587950922, "epsilon": 11.863513908264878, "tau": 3.0874800473639303, "kronecker_kernel": true}}
{"target": 1557.4160204948419, "params": {"C": 3.177732938811964, "epsilon": 12.856661249081146, "tau": 1.3821349939149457, "kronecker_kernel": true}}
{"target": 55.225961770119156, "params": {"C": 0.013345093747377579, "epsilon": 13.04090876317969, "tau": 2.974952632243898, "kronecker_kernel": true}}
{"target": 76.76899382471515, "params": {"C": 0.14765074812010662, "epsilon": 12.789600207796404, "tau": 1.91765698335142, "kronecker_kernel": true}}
{"target": 56.5562857406296, "params": {"C": 0.09481697261808769, "epsilon": 11.298851505289534, "tau": 0.3478212149151101, "kronecker_kernel": true}}
{"target": 53.42889998728547, "params": {"C": 0.03888569217930382, "epsilon": 12.963611388901638, "tau": 1.234171118267687, "kronecker_kernel": true}}
{"target": 76.20814783477446, "params": {"C": 0.244848452434539, "epsilon": 11.024231106551017, "tau": 1.1659599810425194, "kronecker_kernel": true}}
{"target": 60.987274987494246, "params": {"C": 0.12507153834197055, "epsilon": 14.114433739249982, "tau": 0.107609508050308, "kronecker_kernel": true}}
{"target": 1204.2015526703265, "params": {"C": 0.7995430780141208, "epsilon": 12.054978633438509, "tau": 4.270002299968509, "kronecker_kernel": true}}
{"target": 58.88159251110731, "params": {"C": 0.9053949108331091, "epsilon": 8.932658548437066, "tau": 0.2475425797562632, "kronecker_kernel": true}}
{"target": 5353.619255017949, "params": {"C": 1.374226126544754, "epsilon": 9.659608117850075, "tau": 11.183212827075984, "kronecker_kernel": true}}
{"target": 49.94982685460891, "params": {"C": 0.8316169809441587, "epsilon": 9.551577649936775, "tau": 0.07925586171891408, "kronecker_kernel": true}}
{"target": 45.368159325506475, "params": {"C": 0.04125793845066568, "epsilon": 14.411644578035094, "tau": 2.3941662110304476, "kronecker_kernel": true}}
{"target": 781.6365078613142, "params": {"C": 0.679225468541343, "epsilon": 12.684799272624787, "tau": 3.317647049109319, "kronecker_kernel": true}}
{"target": 311.20269391639334, "params": {"C": 0.3012171448315227, "epsilon": 14.836702328247506, "tau": 3.1631267614303074, "kronecker_kernel": true}}
{"target": 161.98067473962521, "params": {"C": 0.5187865921747709, "epsilon": 14.851613417148304, "tau": 1.0407727904284285, "kronecker_kernel": true}}
{"target": 17565.404588511337, "params": {"C": 3.9618503579783138, "epsilon": 4.034346833014595, "tau": 14.64169584165068, "kronecker_kernel": true}}
{"target": 50.95707047652102, "params": {"C": 0.14051144912785474, "epsilon": 14.820385230398239, "tau": 0.3191001036352769, "kronecker_kernel": true}}
{"target": 47.52610972681231, "params": {"C": 0.02730215057084351, "epsilon": 12.998397886986718, "tau": 2.9785995218856947, "kronecker_kernel": true}}
{"target": 57.38487340249769, "params": {"C": 0.1177650939638321, "epsilon": 14.961663911483601, "tau": 0.25172348578837633, "kronecker_kernel": true}}
{"target": 59.15134422391859, "params": {"C": 0.005678038201031209, "epsilon": 14.587048606078364, "tau": 1.6096751474485926, "kronecker_kernel": true}}
{"target": 59.550741543520004, "params": {"C": 0.021810449606490985, "epsilon": 12.560945837272493, "tau": 0.6813216105435764, "kronecker_kernel": true}}
{"target": 436.87187265132945, "params": {"C": 0.41373926287434903, "epsilon": 14.13314609240974, "tau": 3.1311070436314856, "kronecker_kernel": true}}
{"target": 593.2161472475711, "params": {"C": 0.5665611011012066, "epsilon": 12.540085077299143, "tau": 3.0507799703314316, "kronecker_kernel": true}}
{"target": 939.6340139838381, "params": {"C": 0.7503963569321004, "epsilon": 14.26396705992555, "tau": 3.5683323877412576, "kronecker_kernel": true}}
{"target": 812.1827986700572, "params": {"C": 0.6344659671923752, "epsilon": 14.771969431754025, "tau": 3.656330584535744, "kronecker_kernel": true}}
{"target": 857.767763242199, "params": {"C": 0.7008736047618239, "epsilon": 14.894473640143255, "tau": 3.4868541475605093, "kronecker_kernel": true}}
{"target": 44.58867288054557, "params": {"C": 0.8463272040206724, "epsilon": 14.983900477902559, "tau": 0.1528293544086976, "kronecker_kernel": true}}
{"target": 557.6281936170694, "params": {"C": 0.6047470219707597, "epsilon": 12.496133239573233, "tau": 2.697025169736475, "kronecker_kernel": true}}
{"target": 45.849499436532966, "params": {"C": 0.5330925771410535, "epsilon": 14.491637305957607, "tau": 0.177204709361717, "kronecker_kernel": true}}
{"target": 63.86470478558509, "params": {"C": 0.8732477052934058, "epsilon": 13.419868159433202, "tau": 0.2747023907063749, "kronecker_kernel": true}}
{"target": 112.42304221431846, "params": {"C": 1.0256754299475954, "epsilon": 14.981149020122194, "tau": 0.3325907878129695, "kronecker_kernel": true}}
{"target": 62.20886996966696, "params": {"C": 0.5894832077869228, "epsilon": 13.684110029706828, "tau": 0.00784894591902141, "kronecker_kernel": true}}
{"target": 16293.398288323708, "params": {"C": 3.230779136544628, "epsilon": 7.9538369311347585, "tau": 16.15024965154735, "kronecker_kernel": true}}
{"target": 62.14550463551967, "params": {"C": 0.4905055335849584, "epsilon": 12.405594454802367, "tau": 0.017257344419503107, "kronecker_kernel": true}}
{"target": 63.090019483772494, "params": {"C": 0.43177535871520223, "epsilon": 13.655134646959965, "tau": 0.011192720264084688, "kronecker_kernel": true}}
{"target": 54.446970799747035, "params": {"C": 0.4348162240511657, "epsilon": 12.304749011738648, "tau": 0.08403315103166836, "kronecker_kernel": true}}
{"target": 86.28366039228088, "params": {"C": 0.07111789528003988, "epsilon": 10.591429003644526, "tau": 4.455832537730515, "kronecker_kernel": true}}
{"target": 58.53602316624908, "params": {"C": 1.4516874061694647, "epsilon": 13.351892780438353, "tau": 0.014116565871726827, "kronecker_kernel": true}}
{"target": 110.19190365484287, "params": {"C": 0.055929164904600745, "epsilon": 13.107280386270544, "tau": 6.978649347243252, "kronecker_kernel": true}}
{"target": 53.02287017950677, "params": {"C": 0.03210931967315066, "epsilon": 10.921548852252045, "tau": 6.05899924091913, "kronecker_kernel": true}}
{"target": 46.212724546646086, "params": {"C": 0.04361723293019448, "epsilon": 13.595549384214282, "tau": 3.447357395516038, "kronecker_kernel": true}}
{"target": 399.0527550873502, "params": {"C": 0.3457233777585941, "epsilon": 14.73936374813499, "tau": 3.45096859561652, "kronecker_kernel": true}}
{"target": 127.07926823231, "params": {"C": 0.9346717146645035, "epsilon": 13.710531163871368, "tau": 0.46898724556118976, "kronecker_kernel": true}}
{"target": 100.64547737168887, "params": {"C": 0.06787198158393204, "epsilon": 14.6811338526918, "tau": 5.3058832603156025, "kronecker_kernel": true}}
{"target": 46.02007380252021, "params": {"C": 0.03164131351273897, "epsilon": 13.42363372213776, "tau": 2.9425304750313854, "kronecker_kernel": true}}
{"target": 155.26250377109477, "params": {"C": 0.1094448597551318, "epsilon": 11.992947825527722, "tau": 4.01039401227009, "kronecker_kernel": true}}
{"target": 3286.0091177871655, "params": {"C": 3.4997617068918276, "epsilon": 1.3725455579311676, "tau": 2.7451067915738516, "kronecker_kernel": true}}
{"target": 64.67639910095538, "params": {"C": 0.554947836203305, "epsilon": 14.921969669939918, "tau": 0.4352374770555443, "kronecker_kernel": true}}
{"target": 305.55454898245733, "params": {"C": 0.2742857422369721, "epsilon": 11.663741920639707, "tau": 3.408007773873714, "kronecker_kernel": true}}
{"target": 6557.874137003843, "params": {"C": 3.9999437440740833, "epsilon": 3.552353693406972, "tau": 4.884046145760514, "kronecker_kernel": true}}
{"target": 53.49017171257797, "params": {"C": 0.019239578445226363, "epsilon": 13.066980416760966, "tau": 2.497880527372221, "kronecker_kernel": true}}
{"target": 152.38208083649903, "params": {"C": 0.14279519327523776, "epsilon": 14.182387174713543, "tau": 3.575450359133963, "kronecker_kernel": true}}
{"target": 51.65484107855362, "params": {"C": 0.017533185646384696, "epsilon": 12.037156534843302, "tau": 3.265576547649214, "kronecker_kernel": true}}
{"target": 119.89172254013275, "params": {"C": 0.08225976448199934, "epsilon": 14.747249514631704, "tau": 5.073203262650291, "kronecker_kernel": true}}
{"target": 46.87678134429511, "params": {"C": 0.04357210157033939, "epsilon": 12.252229846417686, "tau": 3.6057897892731203, "kronecker_kernel": true}}
{"target": 50.504227917544824, "params": {"C": 0.024167628925186674, "epsilon": 13.532598240022917, "tau": 2.619717222606148, "kronecker_kernel": true}}
{"target": 47.77556617776319, "params": {"C": 0.02051446371698877, "epsilon": 14.264405162692903, "tau": 3.541560461921787, "kronecker_kernel": true}}
{"target": 50.45051156512957, "params": {"C": 0.02941795326311214, "epsilon": 13.288167816658905, "tau": 2.1685522971190054, "kronecker_kernel": true}}
{"target": 46.72755428824291, "params": {"C": 0.4357790076138598, "epsilon": 12.800782706513854, "tau": 0.19866652680809116, "kronecker_kernel": true}}
{"target": 1184.370783130336, "params": {"C": 0.19208108484911857, "epsilon": 14.739564789635907, "tau": 17.344694627582932, "kronecker_kernel": true}}
{"target": 2504.367583598427, "params": {"C": 1.723883165888471, "epsilon": 13.752568407757492, "tau": 4.081230579702549, "kronecker_kernel": true}}
{"target": 47.1049526128961, "params": {"C": 0.5914616867337343, "epsilon": 12.53314983706499, "tau": 0.20544716387106732, "kronecker_kernel": true}}
{"target": 44.372383781776726, "params": {"C": 0.7063059593421777, "epsilon": 11.61744890578096, "tau": 0.1638276747545754, "kronecker_kernel": true}}
{"target": 679.2537511408219, "params": {"C": 0.7539224865328473, "epsilon": 11.064182257937395, "tau": 2.622240713842252, "kronecker_kernel": true}}
{"target": 14009.11693431423, "params": {"C": 2.247854004993588, "epsilon": 12.220073004983576, "tau": 19.139882836175666, "kronecker_kernel": true}}
{"target": 199.75389702712084, "params": {"C": 0.6714266379102616, "epsilon": 11.13027444367118, "tau": 0.95982161693634, "kronecker_kernel": true}}
{"target": 175.65710830092888, "params": {"C": 0.20159626180695692, "epsilon": 9.256458600792218, "tau": 2.8778685076683077, "kronecker_kernel": true}}
{"target": 728.8877179559197, "params": {"C": 0.9167125725111807, "epsilon": 12.039989985717133, "tau": 2.2931429534073002, "kronecker_kernel": true}}
{"target": 303.2940690578839, "params": {"C": 2.1092859113857596, "epsilon": 11.444530129084015, "tau": 0.44023847617046996, "kronecker_kernel": true}}
{"target": 1362.9316869461877, "params": {"C": 1.1354784637772213, "epsilon": 10.718661994340927, "tau": 3.415971497789443, "kronecker_kernel": true}}
{"target": 52.887010552511796, "params": {"C": 1.268476967142992, "epsilon": 12.909312063207837, "tau": 0.10980923344726887, "kronecker_kernel": true}}
{"target": 60.7372201834934, "params": {"C": 0.018899525479943703, "epsilon": 12.425297873752273, "tau": 0.7595996139668428, "kronecker_kernel": true}}
{"target": 57.680022134450226, "params": {"C": 0.05429993516857151, "epsilon": 13.329393341757646, "tau": 0.5187685949941166, "kronecker_kernel": true}}
{"target": 1646.653840885574, "params": {"C": 0.7747181217608679, "epsilon": 12.545846452602001, "tau": 5.9851817454340885, "kronecker_kernel": true}}
{"target": 1746.7430795592882, "params": {"C": 0.6643839072797755, "epsilon": 12.05682342435698, "tau": 7.441041090098788, "kronecker_kernel": true}}
{"target": 49.19618330627292, "params": {"C": 0.07723466563963044, "epsilon": 14.740880922241358, "tau": 0.6145197806115772, "kronecker_kernel": true}}
{"target": 60.94097845516042, "params": {"C": 0.44121137619010065, "epsilon": 14.778695479484295, "tau": 0.03137274906284193, "kronecker_kernel": true}}
{"target": 259.9310725029521, "params": {"C": 0.43080781273829827, "epsilon": 14.784696297461696, "tau": 1.8853241303522874, "kronecker_kernel": true}}
{"target": 809.3648383831008, "params": {"C": 0.7733109096291515, "epsilon": 12.579065930303754, "tau": 3.0122940690571536, "kronecker_kernel": true}}
{"target": 607.1959626302664, "params": {"C": 0.6655995518872011, "epsilon": 13.510368222956618, "tau": 2.657059821297202, "kronecker_kernel": true}}
{"target": 594.6644301950928, "params": {"C": 0.8150507016173323, "epsilon": 12.254129714622923, "tau": 2.125534476192789, "kronecker_kernel": true}}
{"target": 1049.5280612452748, "params": {"C": 1.1136211019532887, "epsilon": 14.984304785300692, "tau": 2.6627482851494584, "kronecker_kernel": true}}
{"target": 52.65621334007233, "params": {"C": 0.6401294713247647, "epsilon": 11.729182163066284, "tau": 0.08083484838452742, "kronecker_kernel": true}}
{"target": 62.50067043665983, "params": {"C": 0.03469406869678787, "epsilon": 10.572019446503539, "tau": 0.05018091076067721, "kronecker_kernel": true}}
{"target": 54.43260714021661, "params": {"C": 0.010895893499870232, "epsilon": 14.34543952123466, "tau": 3.458922768620913, "kronecker_kernel": true}}
{"target": 76.3807157792602, "params": {"C": 0.07867445137984017, "epsilon": 13.002983627038741, "tau": 3.6113940020351363, "kronecker_kernel": true}}
{"target": 55.54358602000458, "params": {"C": 0.008005616956262, "epsilon": 12.339954815393948, "tau": 4.752106884071274, "kronecker_kernel": true}}
{"target": 91.61785334728006, "params": {"C": 1.1570362623760602, "epsilon": 14.883074346578072, "tau": 0.2487184973319012, "kronecker_kernel": true}}
{"target": 771.8471874432746, "params": {"C": 0.5866776980355565, "epsilon": 12.92329796340297, "tau": 3.782744269906962, "kronecker_kernel": true}}
