{"target": 320.7877495865853, "params": {"C": 0.20996181560075214, "epsilon": 17.010464198274487, "tau": 4.6707810500279265, "kronecker_kernel": true}}
{"target": 579.2691596124342, "params": {"C": 0.9938122544464274, "epsilon": 29.37936611216169, "tau": 1.7005458635644513, "kronecker_kernel": true}}
{"target": 216.22602668103917, "params": {"C": 0.91175545331316, "epsilon": 28.35037021562033, "tau": 0.7580331884664395, "kronecker_kernel": true}}
{"target": 51.11714619964524, "params": {"C": 0.05397591205056879, "epsilon": 23.648743807904413, "tau": 1.167600367068724, "kronecker_kernel": true}}
{"target": 109.55782088481924, "params": {"C": 1.3541538053724758, "epsilon": 29.27260054942831, "tau": 0.25929969431319, "kronecker_kernel": true}}
{"target": 85.94248509023659, "params": {"C": 0.8855814465902856, "epsilon": 28.996073672825293, "tau": 0.29277634104238576, "kronecker_kernel": true}}
{"target": 67.12747843804961, "params": {"C": 0.1687641914971021, "epsilon": 24.399035328059615, "tau": 1.4568162991622513, "kronecker_kernel": true}}
{"target": 55.97257836373077, "params": {"C": 0.06147294340869919, "epsilon": 26.843529070107465, "tau": 3.356301102470965, "kronecker_kernel": true}}
{"target": 79.9591735287697, "params": {"C": 0.06954388435604891, "epsilon": 25.187810583540397, "tau": 4.25428751959912, "kronecker_kernel": true}}
{"target": 45.92018260308898, "params": {"C": 1.6840613269914768, "epsilon": 23.686178831127947, "tau": 0.05938388830746129, "kronecker_kernel": true}}
{"target": 54.890628644126465, "params": {"C": 0.010539477421175465, "epsilon": 21.842496754092004, "tau": 3.2732396194654436, "kronecker_kernel": true}}
{"target": 935.2878789265872, "params": {"C": 0.6848747925130028, "epsilon": 20.239164482530693, "tau": 3.8374598378476596, "kronecker_kernel": true}}
{"target": 195.23618544616872, "params": {"C": 0.34306731791710476, "epsilon": 21.16544730540353, "tau": 1.8231676172969657, "kronecker_kernel": true}}
{"target": 2096.06629057286, "params": {"C": 2.710764682060895, "epsilon": 18.695254477170018, "tau": 2.1526678400619668, "kronecker_kernel": true}}
{"target": 6365.583679613106, "params": {"C": 1.7938329439206029, "epsilon": 21.71338862396154, "tau": 10.08223259436323, "kronecker_kernel": true}}
{"target": 342.47085911780346, "params": {"C": 1.58904750167221, "epsilon": 25.257433516393267, "tau": 0.6576894302169181, "kronecker_kernel": true}}
{"target": 169.24843238860927, "params": {"C": 1.108944018589211, "epsilon": 26.016673585654335, "tau": 0.5095554289015828, "kronecker_kernel": true}}
{"target": 440.53090590248337, "params": {"C": 1.8643487015206364, "epsilon": 26.05820235531059, "tau": 0.7069254286757857, "kronecker_kernel": true}}
{"target": 61.08181185604972, "params": {"C": 0.008601964448666649, "epsilon": 25.467330516090865, "tau": 1.4158101707468167, "kronecker_kernel": true}}
{"target": 2718.7584719460497, "params": {"C": 2.101613910594741, "epsilon": 21.606057214258563, "tau": 3.577078620695496, "kronecker_kernel": true}}
{"target": 48.39443769121893, "params": {"C": 1.5269078600340378, "epsilon": 22.76234959135872, "tau": 0.05124687044624297, "kronecker_kernel": true}}
{"target": 62.007830509829105, "params": {"C": 0.0016190328389891484, "epsilon": 18.35533311834383, "tau": 6.084022239010371, "kronecker_kernel": true}}
{"target": 55.91939601363017, "params": {"C": 0.06426251272709427, "epsilon": 20.40168020692194, "tau": 0.4900805801760456, "kronecker_kernel": true}}
{"target": 12772.064358581763, "params": {"C": 3.1480951232255765, "epsilon": 26.165763151973895, "tau": 11.886239042299193, "kronecker_kernel": true}}
{"target": 52.149119756401774, "params": {"C": 0.3293753092994979, "epsilon": 20.68607987812155, "tau": 0.16721118856900713, "kronecker_kernel": true}}
{"target": 768.820327232193, "params": {"C": 1.5723869176512744, "epsilon": 21.21217900087049, "tau": 1.3863447766256738, "kronecker_kernel": true}}
{"target": 303.11522778246706, "params": {"C": 1.1976786097937653, "epsilon": 20.722173676200242, "tau": 0.7678213405137764, "kronecker_kernel": true}}
{"target": 104.5414132881136, "params": {"C": 1.224429139024196, "epsilon": 24.01239791331294, "tau": 0.27667946472634286, "kronecker_kernel": true}}
{"target": 780.7062763080024, "params": {"C": 1.3942034829212848, "epsilon": 23.598816775754308, "tau": 1.6035649552455689, "kronecker_kernel": true}}
{"target": 1061.3183509979622, "params": {"C": 1.7888175015651526, "epsilon": 23.089422256898786, "tau": 1.5314026962921627, "kronecker_kernel": true}}
{"target": 71.93251420183898, "params": {"C": 0.6306530618768711, "epsilon": 24.969024560974425, "tau": 0.42511984527430036, "kronecker_kernel": true}}
{"target": 831.8675535217386, "params": {"C": 0.702170200025182, "epsilon": 23.873372844694448, "tau": 3.3793255805467943, "kronecker_kernel": true}}
{"target": 1018.3275228377845, "params": {"C": 2.669102409223839, "epsilon": 25.593150727258635, "tau": 1.0878432212047557, "kronecker_kernel": true}}
{"target": 63.82000663671649, "params": {"C": 0.012132518449860963, "epsilon": 26.559314451963225, "tau": 0.023183428542574436, "kronecker_kernel": true}}
{"target": 974.9377340668054, "params": {"C": 0.14651017267475597, "epsilon": 21.814323768450667, "tau": 18.534360932704725, "kronecker_kernel": true}}
{"target": 53.38073827414338, "params": {"C": 0.015329752926894077, "epsilon": 18.92471105182976, "tau": 3.222494107652669, "kronecker_kernel": true}}
{"target": 47.348487159443856, "params": {"C": 0.12231414392654893, "epsilon": 26.194479433217154, "tau": 1.274602647469107, "kronecker_kernel": true}}
{"target": 398.83640057471644, "params": {"C": 0.38019677312354133, "epsilon": 19.291956976554797, "tau": 3.1197109012769304, "kronecker_kernel": true}}
{"target": 56.24945468896633, "params": {"C": 0.6803834604426834, "epsilon": 26.826317765123108, "tau": 0.05529440124199428, "kronecker_kernel": true}}
{"target": 46.96120356213433, "params": {"C": 3.1656929639931777, "epsilon": 22.80879608790942, "tau": 0.03108475440822467, "kronecker_kernel": true}}
{"target": 767.5403644860103, "params": {"C": 0.24631430832498388, "epsilon": 23.379364928756324, "tau": 8.930934607213498, "kronecker_kernel": true}}
{"target": 1953.405544060753, "params": {"C": 0.623030838486982, "epsilon": 22.116040099883502, "tau": 8.70886743101115, "kronecker_kernel": true}}
{"target": 60.688936899040336, "params": {"C": 0.021679459876640217, "epsilon": 22.542854687021382, "tau": 0.7518644659546754, "kronecker_kernel": true}}
{"target": 1006.0165865267518, "params": {"C": 3.585651995992641, "epsilon": 21.453130960087268, "tau": 0.7862192460081671, "kronecker_kernel": true}}
{"target": 1437.9255792158142, "params": {"C": 3.2616724602224494, "epsilon": 21.611118864550196, "tau": 1.2212549662818064, "kronecker_kernel": true}}
{"target": 393.61968583671904, "params": {"C": 0.7511223126645723, "epsilon": 21.883557214416875, "tau": 1.5442771582791934, "kronecker_kernel": true}}
{"target": 55.412076360574176, "params": {"C": 0.038505671828267946, "epsilon": 22.534184553710496, "tau": 1.0531321837520478, "kronecker_kernel": true}}
{"target": 172.54409524646113, "params": {"C": 2.9611342790265716, "epsilon": 22.60626393911629, "tau": 0.19107428549689892, "kronecker_kernel": true}}
{"target": 1943.6698055463166, "params": {"C": 3.492321330193838, "epsilon": 24.76984029834158, "tau": 1.5605863890588079, "kronecker_kernel": true}}
{"target": 991.891721948679, "params": {"C": 2.3585307459966396, "epsilon": 24.29839804233044, "tau": 1.1765520080605965, "kronecker_kernel": true}}
{"target": 5318.39890532523, "params": {"C": 3.1087124401665984, "epsilon": 21.698766530448616, "tau": 4.895410620239687, "kronecker_kernel": true}}
{"target": 5736.724971772267, "params": {"C": 2.5606174023301627, "epsilon": 26.89511661344948, "tau": 6.333046175006022, "kronecker_kernel": true}}
{"target": 42.46249712063832, "params": {"C": 0.007192265185316682, "epsilon": 26.687273912906168, "tau": 12.940082572613196, "kronecker_kernel": true}}
{"target": 576.9574498689456, "params": {"C": 0.46730956945371455, "epsilon": 24.05333918732395, "tau": 3.5888724044130607, "kronecker_kernel": true}}
{"target": 1377.0770394509475, "params": {"C": 0.8328278315482648, "epsilon": 21.534247312778863, "tau": 4.586128320383841, "kronecker_kernel": true}}
{"target": 61.69253491190797, "params": {"C": 3.61687602797933, "epsilon": 22.425026755172595, "tau": 0.0018693738208716108, "kronecker_kernel": true}}
{"target": 1094.230292413733, "params": {"C": 0.6083706865610736, "epsilon": 22.394212650613206, "tau": 5.05954841488684, "kronecker_kernel": true}}
{"target": 345.13832084646845, "params": {"C": 0.06945602499220507, "epsilon": 26.50217884307578, "tau": 15.151882265310324, "kronecker_kernel": true}}
{"target": 17905.44316998659, "params": {"C": 3.119751327025863, "epsilon": 17.545905467670636, "tau": 17.878814953899692, "kronecker_kernel": true}}
{"target": 1164.1400286360767, "params": {"C": 0.7902813343468114, "epsilon": 26.512685955989056, "tau": 4.19618034103372, "kronecker_kernel": true}}
{"target": 58.19800830517302, "params": {"C": 0.004389988069921719, "epsilon": 22.032913806988887, "tau": 3.351163495985128, "kronecker_kernel": true}}
{"target": 106.07389688812677, "params": {"C": 0.07521857083461757, "epsilon": 21.649315481828957, "tau": 4.684457528869169, "kronecker_kernel": true}}
{"target": 3413.485770085633, "params": {"C": 0.7398131766328799, "epsilon": 27.191424136437043, "tau": 12.989540272875905, "kronecker_kernel": true}}
{"target": 1686.693313066205, "params": {"C": 0.4379589219584136, "epsilon": 24.35548762717272, "tau": 10.847204570923125, "kronecker_kernel": true}}
{"target": 1121.949907431404, "params": {"C": 0.198099378156577, "epsilon": 27.278883988706212, "tau": 16.211292681895422, "kronecker_kernel": true}}
{"target": 6067.53946794432, "params": {"C": 1.1504660126779376, "epsilon": 29.542287143713278, "tau": 15.063096130025366, "kronecker_kernel": true}}
{"target": 612.1596260933668, "params": {"C": 0.16580099523727504, "epsilon": 27.830287792363038, "tau": 10.727788939836785, "kronecker_kernel": true}}
{"target": 333.3018163723066, "params": {"C": 0.14463217299327127, "epsilon": 23.654082211067163, "tau": 7.001792986477332, "kronecker_kernel": true}}
{"target": 154.8201679709198, "params": {"C": 0.041772197583946145, "epsilon": 27.616935377918995, "tau": 12.448920870653561, "kronecker_kernel": true}}
{"target": 1992.1676473335494, "params": {"C": 0.6281936341123175, "epsilon": 28.854157508671697, "tau": 8.996419214977324, "kronecker_kernel": true}}
{"target": 16961.93623414653, "params": {"C": 2.88802741745864, "epsilon": 27.573560756941212, "tau": 17.68677261398705, "kronecker_kernel": true}}
{"target": 58.35643024949845, "params": {"C": 0.5371892939190585, "epsilon": 21.306856413198666, "tau": 0.04834436148160018, "kronecker_kernel": true}}
{"target": 257.21247301349, "params": {"C": 0.06303375253480042, "epsilon": 24.721528566877318, "tau": 12.758746038548326, "kronecker_kernel": true}}
{"target": 264.57612767673817, "params": {"C": 1.8602857726272854, "epsilon": 29.177563162811275, "tau": 0.4267131646655061, "kronecker_kernel": true}}
{"target": 1800.3686220526129, "params": {"C": 0.332779450249174, "epsilon": 24.045498049587064, "tau": 15.17805827307107, "kronecker_kernel": true}}
{"target": 54.11192650467795, "params": {"C": 0.013858645587656981, "epsilon": 23.659636231651135, "tau": 3.422550909319889, "kronecker_kernel": true}}
{"target": 691.0338612324716, "params": {"C": 0.5578594902103081, "epsilon": 27.913919651135966, "tau": 3.5748928119919867, "kronecker_kernel": true}}
{"target": 82.7568021192526, "params": {"C": 0.05301159911471563, "epsilon": 16.451848258334785, "tau": 5.746162799292479, "kronecker_kernel": true}}
{"target": 594.3775454207286, "params": {"C": 0.41070340818359324, "epsilon": 28.01648082401573, "tau": 4.212454415504288, "kronecker_kernel": true}}
{"target": 61.12608059659683, "params": {"C": 0.03697553695126171, "epsilon": 25.997789706250245, "tau": 0.1950973190029846, "kronecker_kernel": true}}
{"target": 305.33173567613244, "params": {"C": 0.19196374911603128, "epsilon": 16.747221670078623, "tau": 4.3394856569100435, "kronecker_kernel": true}}
{"target": 550.7726057425625, "params": {"C": 0.4147760794769476, "epsilon": 18.16439736483129, "tau": 3.7880624074899307, "kronecker_kernel": true}}
{"target": 115.05574569128052, "params": {"C": 0.5402062282163842, "epsilon": 24.05935346698187, "tau": 0.7438707463408656, "kronecker_kernel": true}}
{"target": 558.6198383612702, "params": {"C": 0.3734913598594467, "epsilon": 25.824212683396684, "tau": 4.3943344645068105, "kronecker_kernel": true}}
{"target": 334.61199996913905, "params": {"C": 0.228505915459745, "epsilon": 18.493000077505904, "tau": 4.439622720196285, "kronecker_kernel": true}}
{"target": 788.7462528498369, "params": {"C": 0.6761254698690281, "epsilon": 24.382183876275892, "tau": 3.3337742517520406, "kronecker_kernel": true}}
{"target": 67.38827275748545, "params": {"C": 0.04562254021174264, "epsilon": 25.16505229535283, "tau": 5.532380187970509, "kronecker_kernel": true}}
{"target": 57.31619382886127, "params": {"C": 0.03798553651576645, "epsilon": 25.379012696559947, "tau": 5.592971168733893, "kronecker_kernel": true}}
{"target": 57.42411459886987, "params": {"C": 0.022959141244501984, "epsilon": 20.748857266608645, "tau": 1.311348135288384, "kronecker_kernel": true}}
{"target": 74.48196885747316, "params": {"C": 0.07822052596165115, "epsilon": 27.25475608403944, "tau": 3.5464579093759814, "kronecker_kernel": true}}
{"target": 148.0851413177092, "params": {"C": 0.2110463709593688, "epsilon": 20.822065686402347, "tau": 2.3401543821538455, "kronecker_kernel": true}}
{"target": 55.976476972007205, "params": {"C": 0.2169937546692307, "epsilon": 24.72321616065906, "tau": 0.16577513407929767, "kronecker_kernel": true}}
{"target": 71.40597954485322, "params": {"C": 0.12045864892530328, "epsilon": 20.29852784409485, "tau": 2.176801535081696, "kronecker_kernel": true}}
{"target": 2607.5762135462637, "params": {"C": 1.5921760645943026, "epsilon": 29.88526136080558, "tau": 4.601790201792311, "kronecker_kernel": true}}
{"target": 195.08311840768016, "params": {"C": 0.591601920777966, "epsilon": 23.842692672478982, "tau": 1.068973356855131, "kronecker_kernel": true}}
{"target": 43.98837416084897, "params": {"C": 0.809039576015719, "epsilon": 21.675057277229254, "tau": 0.08996117082036553, "kronecker_kernel": true}}
{"target": 132.318134463269, "params": {"C": 0.0747127229818949, "epsilon": 21.011786166230245, "tau": 6.0117981102355, "kronecker_kernel": true}}
{"target": 45.032521711578454, "params": {"C": 0.03851962214526347, "epsilon": 23.426825641297413, "tau": 3.2759627556171167, "kronecker_kernel": true}}
{"target": 54.2474343638792, "params": {"C": 0.30836754921208837, "epsilon": 27.563536160791596, "tau": 0.6351845970418586, "kronecker_kernel": true}}
{"target": 44.60850639777692, "params": {"C": 1.0271002909467017, "epsilon": 20.8583741729421, "tau": 0.11656874215686736, "kronecker_kernel": true}}
{"target": 242.69529142222171, "params": {"C": 1.1258858396209215, "epsilon": 22.166469840155692, "tau": 0.6675466475671046, "kronecker_kernel": true}}
{"target": 3426.031256522543, "params": {"C": 0.513253037180242, "epsilon": 17.330456447490135, "tau": 18.658251778315115, "kronecker_kernel": true}}
{"target": 757.0311175574158, "params": {"C": 0.8559635581900682, "epsilon": 22.47636379995088, "tau": 2.5200571601498387, "kronecker_kernel": true}}
{"target": 1307.599835736868, "params": {"C": 1.7190621154715429, "epsilon": 19.12517049156448, "tau": 2.129250143207806, "kronecker_kernel": true}}
{"target": 521.4517839120538, "params": {"C": 1.6982285672514292, "epsilon": 21.39095925073589, "tau": 0.8878211999756085, "kronecker_kernel": true}}
{"target": 1407.074762419817, "params": {"C": 1.2075637316949916, "epsilon": 19.63280620277443, "tau": 3.2504068845000558, "kronecker_kernel": true}}
{"target": 209.6013038209274, "params": {"C": 0.5636636258108914, "epsilon": 18.920637502289356, "tau": 1.1904315147872078, "kronecker_kernel": true}}
{"target": 106.96781659712016, "params": {"C": 1.299684188909387, "epsilon": 18.86120321005456, "tau": 0.29034951654654884, "kronecker_kernel": true}}
{"target": 912.4835993456338, "params": {"C": 0.8825777865399815, "epsilon": 21.55464479250851, "tau": 2.9015587581281466, "kronecker_kernel": true}}
{"target": 647.3649800390249, "params": {"C": 0.8762397937640064, "epsilon": 22.292780806466514, "tau": 2.119513436045009, "kronecker_kernel": true}}
{"target": 62.983154007988006, "params": {"C": 0.49528631656484173, "epsilon": 22.098664987100047, "tau": 0.005346225454606501, "kronecker_kernel": true}}
{"target": 1012.697058073448, "params": {"C": 0.7609500555328051, "epsilon": 19.933395074012513, "tau": 3.7401271513364187, "kronecker_kernel": true}}
{"target": 422.020258488769, "params": {"C": 1.0650930040292739, "epsilon": 20.45790600722578, "tau": 1.1646689170670834, "kronecker_kernel": true}}
{"target": 58.08087701577229, "params": {"C": 0.6803564298720736, "epsilon": 24.899098344077252, "tau": 0.03711537066255241, "kronecker_kernel": true}}
{"target": 48.97838038726339, "params": {"C": 1.0273795949493003, "epsilon": 21.978176249296403, "tau": 0.168196170206257, "kronecker_kernel": true}}
{"target": 55.97640674259286, "params": {"C": 0.7667681075835007, "epsilon": 25.98953152235895, "tau": 0.050735116665369395, "kronecker_kernel": true}}
{"target": 971.0883984056185, "params": {"C": 0.6573922090612891, "epsilon": 29.906368254283883, "tau": 4.238071154636059, "kronecker_kernel": true}}
{"target": 1493.612602979346, "params": {"C": 0.9406245881158457, "epsilon": 29.97025400354548, "tau": 4.499839521419821, "kronecker_kernel": true}}
{"target": 60.32499818255381, "params": {"C": 0.007517037565620671, "epsilon": 27.79047516023658, "tau": 1.9851474876802868, "kronecker_kernel": true}}
{"target": 93.80840271685383, "params": {"C": 0.9062965239435854, "epsilon": 21.710829380302744, "tau": 0.35108090209788423, "kronecker_kernel": true}}
{"target": 64.0237475518193, "params": {"C": 0.08458527768226612, "epsilon": 24.861454394650046, "tau": 2.8118851987386417, "kronecker_kernel": true}}
{"target": 347.04900384611636, "params": {"C": 0.4854648932655499, "epsilon": 27.16483431329045, "tau": 2.1844849093192544, "kronecker_kernel": true}}
{"target": 47.42725042580825, "params": {"C": 0.8490879496587989, "epsilon": 29.761206454208274, "tau": 0.14736052984958864, "kronecker_kernel": true}}
{"target": 1055.8614376991093, "params": {"C": 0.8131167322834912, "epsilon": 26.516713782481748, "tau": 3.702841906840363, "kronecker_kernel": true}}
{"target": 57.99294749384268, "params": {"C": 1.0521884671834159, "epsilon": 27.353683766869434, "tau": 0.017868707034924103, "kronecker_kernel": true}}
{"target": 80.13339585436968, "params": {"C": 0.5687338753632195, "epsilon": 19.658654424330688, "tau": 0.5136023405013872, "kronecker_kernel": true}}
{"target": 687.2258201798224, "params": {"C": 0.6933071784761715, "epsilon": 25.764595867472668, "tau": 2.8771611208762953, "kronecker_kernel": true}}
{"target": 62.218687501512136, "params": {"C": 0.0012998832037389996, "epsilon": 24.292354257900282, "tau": 4.28473391120051, "kronecker_kernel": true}}
{"target": 377.91052046281277, "params": {"C": 0.6885577299905773, "epsilon": 20.689902956555983, "tau": 1.6291642744426662, "kronecker_kernel": true}}
{"target": 294.53002351407804, "params": {"C": 0.34959265239112886, "epsilon": 23.584825630458134, "tau": 2.5932915157544643, "kronecker_kernel": true}}
{"target": 673.3249983461983, "params": {"C": 0.21403005725769744, "epsilon": 17.009445061852745, "tau": 9.084965676925872, "kronecker_kernel": true}}
{"target": 416.6288045989242, "params": {"C": 0.7857246797424279, "epsilon": 20.5081072646146, "tau": 1.5605605195476289, "kronecker_kernel": true}}
{"target": 1017.6609694503862, "params": {"C": 0.2821628725664942, "epsilon": 16.928575817923253, "tau": 10.2183310515926, "kronecker_kernel": true}}
{"target": 10509.527157479703, "params": {"C": 3.7606529497716132, "epsilon": 28.252489464469832, "tau": 8.077063004997573, "kronecker_kernel": true}}
{"target": 172.82055527981206, "params": {"C": 0.05231534350785844, "epsilon": 26.870672057405756, "tau": 10.9680980187446, "kronecker_kernel": true}}
{"target": 61.55107308166274, "params": {"C": 0.0831708195831331, "epsilon": 26.692737802294356, "tau": 0.16133746502225355, "kronecker_kernel": true}}
{"target": 47.709613169347634, "params": {"C": 1.0827490424952615, "epsilon": 24.12618428458242, "tau": 0.07791741750524081, "kronecker_kernel": true}}
{"target": 59.36890787800187, "params": {"C": 0.8159979384886249, "epsilon": 18.09347282948085, "tau": 0.025900581738430073, "kronecker_kernel": true}}
{"target": 13739.939289681643, "params": {"C": 3.2992393649844214, "epsilon": 20.977719765184286, "tau": 12.572202673102101, "kronecker_kernel": true}}
{"target": 47.6925441738724, "params": {"C": 0.31266410486165164, "epsilon": 20.880819173047996, "tau": 0.24092554811574968, "kronecker_kernel": true}}
{"target": 54.912279637274466, "params": {"C": 0.0696051349486918, "epsilon": 18.061421497591613, "tau": 2.869106158942292, "kronecker_kernel": true}}
{"target": 51.58026360074454, "params": {"C": 0.6246981800054096, "epsilon": 21.675554494892964, "tau": 0.2869678585324581, "kronecker_kernel": true}}
{"target": 2270.9484356886614, "params": {"C": 1.7782826099118607, "epsilon": 24.342563860828996, "tau": 3.574058716040358, "kronecker_kernel": true}}
{"target": 57.71433385117304, "params": {"C": 0.027389456117051493, "epsilon": 23.40986824338205, "tau": 1.0964073398285303, "kronecker_kernel": true}}
{"target": 11600.519342843658, "params": {"C": 2.6481849402426447, "epsilon": 16.16311717010272, "tau": 11.935960533458859, "kronecker_kernel": true}}
