{"target": 590.7116814617848, "params": {"C": 2.461119649055963, "epsilon": 19.092446144244743, "tau": 0.6957108203808969, "kronecker_kernel": true}}
{"target": 887.8470186848174, "params": {"C": 2.2828009263977203, "epsilon": 18.875040300376224, "tau": 1.097159033819218, "kronecker_kernel": true}}
{"target": 903.0318686946923, "params": {"C": 1.4891203899446839, "epsilon": 17.818717602610782, "tau": 1.7150031568134863, "kronecker_kernel": true}}
{"target": 866.1767088121136, "params": {"C": 1.6664709501429709, "epsilon": 20.022112333144204, "tau": 1.4653655284460414, "kronecker_kernel": true}}
{"target": 552.4815647139793, "params": {"C": 1.6097262513734982, "epsilon": 20.203352305211133, "tau": 0.9890884908798334, "kronecker_kernel": true}}
{"target": 2472.6799527423645, "params": {"C": 1.5580104078442747, "epsilon": 18.168802178373294, "tau": 4.406834406558122, "kronecker_kernel": true}}
{"target": 232.30540022675942, "params": {"C": 2.1216866258067775, "epsilon": 18.975636864389212, "tau": 0.34618247344766245, "kronecker_kernel": true}}
{"target": 259.34380397836514, "params": {"C": 2.218388033852095, "epsilon": 21.462074330254204, "tau": 0.36077201657802854, "kronecker_kernel": true}}
{"target": 164.4216085920709, "params": {"C": 1.8901624278838844, "epsilon": 17.02059579311197, "tau": 0.2898858807816198, "kronecker_kernel": true}}
{"target": 105.3819950290821, "params": {"C": 0.06232776350979041, "epsilon": 17.298375732517613, "tau": 5.99255559341617, "kronecker_kernel": true}}
{"target": 238.0927161252867, "params": {"C": 1.77754282218754, "epsilon": 19.816530534188853, "tau": 0.41887185965581347, "kronecker_kernel": true}}
{"target": 606.9788900606019, "params": {"C": 0.5151727041537906, "epsilon": 25.83959366357654, "tau": 3.4438442518290775, "kronecker_kernel": true}}
{"target": 812.5920494257218, "params": {"C": 0.7524004399221464, "epsilon": 19.323535203269582, "tau": 3.0783493092757213, "kronecker_kernel": true}}
{"target": 244.44970683403557, "params": {"C": 1.6370005259310818, "epsilon": 19.39966443542486, "tau": 0.4676029105430049, "kronecker_kernel": true}}
{"target": 519.7228074362796, "params": {"C": 1.225642647409749, "epsilon": 23.969037205908023, "tau": 1.241165068239982, "kronecker_kernel": true}}
{"target": 101.24365839178755, "params": {"C": 1.125797295809791, "epsilon": 19.148305256634192, "tau": 0.31931186175039994, "kronecker_kernel": true}}
{"target": 94.35617437553745, "params": {"C": 1.1439040784228318, "epsilon": 19.516034468844484, "tau": 0.2955118774202007, "kronecker_kernel": true}}
{"target": 159.26013955664925, "params": {"C": 1.3750464372235562, "epsilon": 24.053209596332426, "tau": 0.38611450338654196, "kronecker_kernel": true}}
{"target": 57.71671648382509, "params": {"C": 1.1646168743263827, "epsilon": 21.006806061340328, "tau": 0.1766239527624472, "kronecker_kernel": true}}
{"target": 44.614505353754986, "params": {"C": 0.7892751514618245, "epsilon": 20.722394646016554, "tau": 0.15313173042971373, "kronecker_kernel": true}}
{"target": 46.773765893200704, "params": {"C": 0.9375552558153984, "epsilon": 22.86283401641715, "tau": 0.13875580382656702, "kronecker_kernel": true}}
{"target": 61.993318684205136, "params": {"C": 0.6778672257792109, "epsilon": 24.980419987654965, "tau": 0.010252167223786357, "kronecker_kernel": true}}
{"target": 45.64422298255339, "params": {"C": 0.2450249617506484, "epsilon": 24.88380244054462, "tau": 0.4584800006967999, "kronecker_kernel": true}}
{"target": 1276.337611457675, "params": {"C": 0.20353697017270647, "epsilon": 24.5068120128047, "tau": 17.762676703459064, "kronecker_kernel": true}}
{"target": 105.4598948331857, "params": {"C": 0.6014227093973026, "epsilon": 20.389468704991504, "tau": 0.6147883854493623, "kronecker_kernel": true}}
{"target": 404.27469407398274, "params": {"C": 0.5307710447062303, "epsilon": 17.202134294512245, "tau": 2.270385860510545, "kronecker_kernel": true}}
{"target": 40.97859575377699, "params": {"C": 0.4504687034114955, "epsilon": 22.17289726573672, "tau": 0.23935737346517275, "kronecker_kernel": true}}
{"target": 53.583733194974386, "params": {"C": 0.8251389336000845, "epsilon": 21.14106253651421, "tau": 0.23218215155106647, "kronecker_kernel": true}}
{"target": 78.38792872991516, "params": {"C": 0.2658694137283384, "epsilon": 24.51763681187838, "tau": 1.0846446358019872, "kronecker_kernel": true}}
{"target": 277.34284192272173, "params": {"C": 0.5355964125583503, "epsilon": 23.375339953558466, "tau": 1.606934703909429, "kronecker_kernel": true}}
{"target": 11712.695969109745, "params": {"C": 1.4801211596621053, "epsilon": 24.40186313045669, "tau": 19.865187516303592, "kronecker_kernel": true}}
{"target": 9633.86171735168, "params": {"C": 2.1661797884465672, "epsilon": 28.783522877522408, "tau": 13.394618062674642, "kronecker_kernel": true}}
{"target": 46.573913978099114, "params": {"C": 0.3725634048213045, "epsilon": 21.264776825088834, "tau": 0.39975771277340166, "kronecker_kernel": true}}
{"target": 208.31553256811395, "params": {"C": 0.8349255133528962, "epsilon": 22.11715285487445, "tau": 0.7883423909503476, "kronecker_kernel": true}}
{"target": 57.60580675361657, "params": {"C": 0.087525224395893, "epsilon": 19.16083303689124, "tau": 0.3344191436609082, "kronecker_kernel": true}}
{"target": 183.8788973534425, "params": {"C": 0.8027977428859325, "epsilon": 22.137541202935637, "tau": 0.7362144814995724, "kronecker_kernel": true}}
{"target": 772.8613586545387, "params": {"C": 0.7077253106064298, "epsilon": 20.42094997823571, "tau": 3.0887621486021075, "kronecker_kernel": true}}
{"target": 48.99223396602375, "params": {"C": 0.531888744797319, "epsilon": 24.81290585255484, "tau": 0.1414632610335752, "kronecker_kernel": true}}
{"target": 45.26191155232757, "params": {"C": 0.4799328476998777, "epsilon": 20.92928614265938, "tau": 0.2137371482606668, "kronecker_kernel": true}}
{"target": 50.04281456389154, "params": {"C": 0.6200023911928697, "epsilon": 23.14445302512433, "tau": 0.11082763492349024, "kronecker_kernel": true}}
{"target": 47.049628553332624, "params": {"C": 0.6548629192752444, "epsilon": 20.873637630287757, "tau": 0.13063574694904626, "kronecker_kernel": true}}
{"target": 58.87627929625825, "params": {"C": 0.42516556620634177, "epsilon": 18.583565681609212, "tau": 0.05521280247580579, "kronecker_kernel": true}}
{"target": 41.088995729209245, "params": {"C": 0.6530042137453382, "epsilon": 22.07688011730571, "tau": 0.18932810416499496, "kronecker_kernel": true}}
{"target": 14420.795239502831, "params": {"C": 3.494328199227946, "epsilon": 16.040322218112568, "tau": 12.31650847441251, "kronecker_kernel": true}}
{"target": 55.75195932247101, "params": {"C": 0.0032691424385989914, "epsilon": 23.20216324457451, "tau": 12.07413840966905, "kronecker_kernel": true}}
{"target": 161.22457419979338, "params": {"C": 0.8410389319743774, "epsilon": 20.33006113840192, "tau": 0.6315782567368919, "kronecker_kernel": true}}
{"target": 52.45966223254122, "params": {"C": 0.4643005639796302, "epsilon": 22.19661170020505, "tau": 0.07304116870304886, "kronecker_kernel": true}}
{"target": 15247.127647872465, "params": {"C": 2.4296411919885115, "epsilon": 18.99304558588651, "tau": 18.059122505941275, "kronecker_kernel": true}}
{"target": 157.93104320822326, "params": {"C": 0.5114754965510993, "epsilon": 19.19103682649789, "tau": 1.0270609910967057, "kronecker_kernel": true}}
{"target": 40.9235227243412, "params": {"C": 0.2759243082470134, "epsilon": 21.61058403117585, "tau": 0.3998458710748739, "kronecker_kernel": true}}
{"target": 81.99447734114935, "params": {"C": 0.8710143129272458, "epsilon": 16.27075619246033, "tau": 0.34688632976238765, "kronecker_kernel": true}}
{"target": 64.74297045865791, "params": {"C": 0.8378662705954445, "epsilon": 21.87314626387219, "tau": 0.28303187422348225, "kronecker_kernel": true}}
{"target": 1274.7419304076545, "params": {"C": 0.8491801508744221, "epsilon": 21.297549564392583, "tau": 4.172219179034103, "kronecker_kernel": true}}
{"target": 1017.0254164096652, "params": {"C": 0.9899656256076338, "epsilon": 22.40119240231906, "tau": 2.897621920961792, "kronecker_kernel": true}}
{"target": 236.2190287062468, "params": {"C": 0.4903072320092318, "epsilon": 22.30200537274927, "tau": 1.4971314865960357, "kronecker_kernel": true}}
{"target": 45.38533103144321, "params": {"C": 0.35591879927490905, "epsilon": 22.455954769115074, "tau": 0.37258256869638345, "kronecker_kernel": true}}
{"target": 338.35411554371484, "params": {"C": 0.44210705034280556, "epsilon": 21.908835632921416, "tau": 2.287384795654127, "kronecker_kernel": true}}
{"target": 1906.063499740175, "params": {"C": 0.6639180800227804, "epsilon": 18.335533371685038, "tau": 8.01160221094051, "kronecker_kernel": true}}
{"target": 1417.3057395944857, "params": {"C": 0.7360877010877769, "epsilon": 20.189918968807376, "tau": 5.3627572811455035, "kronecker_kernel": true}}
{"target": 43.989387482062014, "params": {"C": 0.23436187938804665, "epsilon": 21.705937728451804, "tau": 0.31046278391311277, "kronecker_kernel": true}}
{"target": 1064.4883496757934, "params": {"C": 0.9681568651261011, "epsilon": 21.675502467332116, "tau": 3.0737694160829085, "kronecker_kernel": true}}
{"target": 49.34893620039375, "params": {"C": 0.5558615647063401, "epsilon": 22.377340277622018, "tau": 0.11430910524444649, "kronecker_kernel": true}}
{"target": 46.857989063649526, "params": {"C": 0.17822197773571433, "epsilon": 22.072447782423865, "tau": 0.4846654492630202, "kronecker_kernel": true}}
{"target": 51.38808685630395, "params": {"C": 0.493002731480531, "epsilon": 21.65428489270967, "tau": 0.3614829820949339, "kronecker_kernel": true}}
{"target": 44.72910254512966, "params": {"C": 0.6193202386964467, "epsilon": 20.078984285977157, "tau": 0.20175451953071383, "kronecker_kernel": true}}
{"target": 53.052275530893574, "params": {"C": 0.299019699070249, "epsilon": 20.873211167826557, "tau": 0.16974679291906627, "kronecker_kernel": true}}
{"target": 433.52411076629977, "params": {"C": 0.44375801608798615, "epsilon": 20.845518097658903, "tau": 2.8927007677876384, "kronecker_kernel": true}}
{"target": 49.95307863050423, "params": {"C": 0.707278307542818, "epsilon": 21.021059512272117, "tau": 0.24356013841657187, "kronecker_kernel": true}}
{"target": 45.914600322763775, "params": {"C": 0.413286224407348, "epsilon": 21.087171885132644, "tau": 0.3457498846272159, "kronecker_kernel": true}}
{"target": 1033.1794425779703, "params": {"C": 0.7351044238609743, "epsilon": 21.077419665579352, "tau": 3.9345313110353737, "kronecker_kernel": true}}
{"target": 76.41388012207663, "params": {"C": 0.7147643139123099, "epsilon": 20.212869450766615, "tau": 0.39060203865193965, "kronecker_kernel": true}}
{"target": 107.27237982893021, "params": {"C": 1.2038232010798056, "epsilon": 19.972919897395485, "tau": 0.3124086386535341, "kronecker_kernel": true}}
{"target": 931.7949935590325, "params": {"C": 0.6953195319630339, "epsilon": 21.908162396426313, "tau": 3.746123239254063, "kronecker_kernel": true}}
{"target": 46.941751665438105, "params": {"C": 0.3376787209143903, "epsilon": 22.4156237786344, "tau": 0.4433037010816374, "kronecker_kernel": true}}
{"target": 50.72661054993481, "params": {"C": 1.4148589233118072, "epsilon": 20.44011310743487, "tau": 0.05147807274532977, "kronecker_kernel": true}}
{"target": 606.4660266270955, "params": {"C": 0.7107796157968764, "epsilon": 22.52742283479302, "tau": 2.460280757975897, "kronecker_kernel": true}}
{"target": 56.92335144684148, "params": {"C": 0.6241271125327342, "epsilon": 19.647459762140354, "tau": 0.051923101238883676, "kronecker_kernel": true}}
{"target": 44.6450467943489, "params": {"C": 0.2269686048637224, "epsilon": 20.052743665801128, "tau": 0.5225041853235189, "kronecker_kernel": true}}
{"target": 57.075428895272765, "params": {"C": 0.176090019686032, "epsilon": 20.020635722423766, "tau": 0.18020278752026064, "kronecker_kernel": true}}
{"target": 42.92307599041707, "params": {"C": 0.15424117951717597, "epsilon": 21.201934115191534, "tau": 0.9104262063277959, "kronecker_kernel": true}}
{"target": 76.61515606962858, "params": {"C": 1.2841502345396385, "epsilon": 21.56241227363788, "tau": 0.1876980002730898, "kronecker_kernel": true}}
{"target": 63.86668342885281, "params": {"C": 0.02179187219700316, "epsilon": 22.36905697319301, "tau": 0.13695772214918378, "kronecker_kernel": true}}
{"target": 49.459969446264225, "params": {"C": 0.11485761382005864, "epsilon": 21.569819750476483, "tau": 0.6116379249476194, "kronecker_kernel": true}}
{"target": 98.140441319974, "params": {"C": 0.15207481524328864, "epsilon": 20.94287944221023, "tau": 2.288027431328726, "kronecker_kernel": true}}
{"target": 51.70933688876194, "params": {"C": 0.05613951835567471, "epsilon": 21.257077885442847, "tau": 3.232741532813746, "kronecker_kernel": true}}
{"target": 184.10504686301675, "params": {"C": 0.41562405518900225, "epsilon": 19.325693281360998, "tau": 1.441433027421245, "kronecker_kernel": true}}
{"target": 61.55365139202307, "params": {"C": 0.08693536275824315, "epsilon": 20.820299219113352, "tau": 0.1294256638591218, "kronecker_kernel": true}}
{"target": 57.253629702373665, "params": {"C": 0.809103152321734, "epsilon": 22.374289560559163, "tau": 0.21456924460511667, "kronecker_kernel": true}}
{"target": 59.50594737069864, "params": {"C": 0.02115343772846051, "epsilon": 20.204114222598772, "tau": 0.708049412118524, "kronecker_kernel": true}}
{"target": 61.19016441217443, "params": {"C": 0.03628379524745309, "epsilon": 19.20683632773485, "tau": 0.36997459618016215, "kronecker_kernel": true}}
{"target": 79.1108960107845, "params": {"C": 0.6438561383881248, "epsilon": 20.574465805666964, "tau": 0.4476966606550176, "kronecker_kernel": true}}
{"target": 224.36373401934878, "params": {"C": 0.7923119266161205, "epsilon": 19.241775926439328, "tau": 0.8965991723504874, "kronecker_kernel": true}}
{"target": 11395.49621092623, "params": {"C": 3.5268077743666835, "epsilon": 23.005666659205342, "tau": 9.43103459733305, "kronecker_kernel": true}}
{"target": 451.48927131953553, "params": {"C": 0.6192501426707853, "epsilon": 19.291713249807984, "tau": 2.1461959797935517, "kronecker_kernel": true}}
{"target": 70.36489831699764, "params": {"C": 0.016802633749688132, "epsilon": 24.439361061254157, "tau": 15.527382260062346, "kronecker_kernel": true}}
{"target": 668.4424781412165, "params": {"C": 0.5939327186258616, "epsilon": 22.033866879831685, "tau": 3.195846635272355, "kronecker_kernel": true}}
{"target": 285.0137423226334, "params": {"C": 0.3367193299042395, "epsilon": 20.222158896044448, "tau": 2.5850719055564095, "kronecker_kernel": true}}
{"target": 58.15473995509442, "params": {"C": 0.6173351031171291, "epsilon": 20.97705638892599, "tau": 0.043344004127298275, "kronecker_kernel": true}}
