{"target": 60.873397841577074, "params": {"C": 0.06958276580379677, "epsilon": 18.39704098519593, "tau": 3.2322322718645786, "kronecker_kernel": true}}
{"target": 282.4120637406512, "params": {"C": 1.3169832382473474, "epsilon": 25.258895040739784, "tau": 0.6678474041119207, "kronecker_kernel": true}}
{"target": 386.21003294934155, "params": {"C": 0.24863494743204156, "epsilon": 19.805073842527953, "tau": 4.610257059654656, "kronecker_kernel": true}}
{"target": 45.50007528726371, "params": {"C": 0.02902177688916807, "epsilon": 17.822856525832776, "tau": 4.833886204869368, "kronecker_kernel": true}}
{"target": 62.92659953080224, "params": {"C": 0.04472484315776791, "epsilon": 24.193188892849385, "tau": 0.16490946168016407, "kronecker_kernel": true}}
{"target": 45.67346011109921, "params": {"C": 0.33398360294608953, "epsilon": 19.788331940888924, "tau": 0.2723666340922133, "kronecker_kernel": true}}
{"target": 8758.755883626043, "params": {"C": 2.8998566159482713, "epsilon": 19.29638494711131, "tau": 7.811404489514295, "kronecker_kernel": true}}
{"target": 283.53830055406894, "params": {"C": 0.1006337236034417, "epsilon": 15.24429820567785, "tau": 8.589319513300524, "kronecker_kernel": true}}
{"target": 59.974116968868735, "params": {"C": 0.04149982983942005, "epsilon": 17.971942446077016, "tau": 5.337951237219201, "kronecker_kernel": true}}
{"target": 106.51926598967368, "params": {"C": 0.8523940376906083, "epsilon": 20.37904626347157, "tau": 0.43743578636124897, "kronecker_kernel": true}}
{"target": 1174.8133658990014, "params": {"C": 0.42226823092857024, "epsilon": 16.773866761388827, "tau": 7.855365275090076, "kronecker_kernel": true}}
{"target": 61.128236014221876, "params": {"C": 0.0025467353803955116, "epsilon": 15.680258199894826, "tau": 0.8810537525160687, "kronecker_kernel": true}}
{"target": 47.001799565555025, "params": {"C": 0.2904240878435086, "epsilon": 29.730698082638593, "tau": 0.4148073908317345, "kronecker_kernel": true}}
{"target": 1006.0802693713385, "params": {"C": 0.8947119944206198, "epsilon": 29.78593270329448, "tau": 3.217057632232849, "kronecker_kernel": true}}
{"target": 282.61098613014514, "params": {"C": 0.4172251981257158, "epsilon": 29.840718849266285, "tau": 2.0683803157894847, "kronecker_kernel": true}}
{"target": 50.55295634410211, "params": {"C": 0.330109206066195, "epsilon": 29.589024387898032, "tau": 0.22524089973194172, "kronecker_kernel": true}}
{"target": 45.41107905061678, "params": {"C": 0.7594499637214215, "epsilon": 28.002686473577164, "tau": 0.14552123200786854, "kronecker_kernel": true}}
{"target": 337.7671753228175, "params": {"C": 0.35620579272015707, "epsilon": 29.674752749851326, "tau": 2.8853189465803117, "kronecker_kernel": true}}
{"target": 145.9588613584619, "params": {"C": 0.3314054624795395, "epsilon": 29.848366802839607, "tau": 1.3163207657426566, "kronecker_kernel": true}}
{"target": 87.42770561115495, "params": {"C": 0.5230558981536653, "epsilon": 28.503472966572872, "tau": 0.6066920971963615, "kronecker_kernel": true}}
{"target": 81.86791106559758, "params": {"C": 0.7030181011799597, "epsilon": 27.139072300261777, "tau": 0.42986669187613213, "kronecker_kernel": true}}
{"target": 284.5554554291199, "params": {"C": 0.5625400920599486, "epsilon": 19.41366739732339, "tau": 1.5556986220713187, "kronecker_kernel": true}}
{"target": 432.94863601718424, "params": {"C": 0.7024983756267356, "epsilon": 19.507047486812137, "tau": 1.8180671992704505, "kronecker_kernel": true}}
{"target": 122.15742484625655, "params": {"C": 0.9413093563672201, "epsilon": 19.058711228121222, "tau": 0.44884293206324977, "kronecker_kernel": true}}
{"target": 646.0516514926043, "params": {"C": 1.3800679830663711, "epsilon": 27.26816667803804, "tau": 1.3709013944461408, "kronecker_kernel": true}}
{"target": 266.15735217832696, "params": {"C": 0.8095634044645847, "epsilon": 25.541233008532494, "tau": 1.0328235235258034, "kronecker_kernel": true}}
{"target": 180.55486858597027, "params": {"C": 1.4384355329068002, "epsilon": 15.485250825112193, "tau": 0.41446050692057473, "kronecker_kernel": true}}
{"target": 137.1223572635427, "params": {"C": 1.1081941057156446, "epsilon": 29.107717571403853, "tau": 0.42109676796146356, "kronecker_kernel": true}}
{"target": 46.60321189033532, "params": {"C": 0.31744955920020107, "epsilon": 29.74607567027479, "tau": 0.3022672794873522, "kronecker_kernel": true}}
{"target": 138.4322616330494, "params": {"C": 0.12346743735373927, "epsilon": 24.948698229144327, "tau": 3.8324763724957434, "kronecker_kernel": true}}
{"target": 46.45091400044261, "params": {"C": 0.03985211889370879, "epsilon": 22.21095067007092, "tau": 3.6473125611856556, "kronecker_kernel": true}}
{"target": 46.30134392062483, "params": {"C": 0.01663084761904704, "epsilon": 26.592425034560023, "tau": 4.075084248326055, "kronecker_kernel": true}}
{"target": 65.20418262115489, "params": {"C": 0.15648437004944182, "epsilon": 21.631372992116923, "tau": 1.5263563567254526, "kronecker_kernel": true}}
{"target": 46.67234924640546, "params": {"C": 0.059212375957751195, "epsilon": 21.20845408900487, "tau": 1.4983225588312814, "kronecker_kernel": true}}
{"target": 622.3746473195641, "params": {"C": 0.31989512348170956, "epsilon": 21.620985479874687, "tau": 5.56167443611328, "kronecker_kernel": true}}
{"target": 53.32401890051667, "params": {"C": 0.026163826820501907, "epsilon": 22.589094374287058, "tau": 7.2824871489654015, "kronecker_kernel": true}}
{"target": 598.4332291773712, "params": {"C": 0.3298206898876755, "epsilon": 26.10228247162406, "tau": 5.313270194098937, "kronecker_kernel": true}}
{"target": 46.931738701636405, "params": {"C": 0.031264417969037395, "epsilon": 21.986278145257153, "tau": 4.794846503589836, "kronecker_kernel": true}}
{"target": 1186.1504829265396, "params": {"C": 0.5237152920360644, "epsilon": 25.83464997972345, "tau": 6.444334829917047, "kronecker_kernel": true}}
{"target": 58.97029544358928, "params": {"C": 0.005502949007820862, "epsilon": 22.534056036704833, "tau": 3.927014519655609, "kronecker_kernel": true}}
{"target": 97.00020229412937, "params": {"C": 0.12837977290946012, "epsilon": 23.261125796185112, "tau": 2.7087628798490613, "kronecker_kernel": true}}
{"target": 63.629260359294314, "params": {"C": 0.05965774815807918, "epsilon": 22.519190549989677, "tau": 3.7828213057769786, "kronecker_kernel": true}}
{"target": 219.70221826298385, "params": {"C": 0.15056961323657042, "epsilon": 25.345488098783747, "tau": 4.687775828826131, "kronecker_kernel": true}}
{"target": 60.228079835648785, "params": {"C": 0.0975749597597175, "epsilon": 22.6915514943215, "tau": 0.14606051980613755, "kronecker_kernel": true}}
{"target": 66.15878372742321, "params": {"C": 0.47546416682885106, "epsilon": 22.64693233218651, "tau": 0.5144414312381023, "kronecker_kernel": true}}
{"target": 23426.850062802638, "params": {"C": 3.9908891300398466, "epsilon": 26.61252894275406, "tau": 17.752569853530673, "kronecker_kernel": true}}
{"target": 99.38572848930148, "params": {"C": 0.14276831295628706, "epsilon": 20.93483920663971, "tau": 2.464035294221421, "kronecker_kernel": true}}
{"target": 195.73540024534606, "params": {"C": 0.09193579361089675, "epsilon": 19.919866037423866, "tau": 6.836934429063467, "kronecker_kernel": true}}
{"target": 156.9567317225195, "params": {"C": 0.12088528121621427, "epsilon": 20.401202202781278, "tau": 4.2940266904936255, "kronecker_kernel": true}}
{"target": 1067.5589817839439, "params": {"C": 0.46239097459371853, "epsilon": 20.127360434331536, "tau": 6.4545307909533784, "kronecker_kernel": true}}
{"target": 265.3717530639815, "params": {"C": 0.16541774048990082, "epsilon": 20.536545332351743, "tau": 4.940758032993041, "kronecker_kernel": true}}
{"target": 47.61450533515666, "params": {"C": 0.4842716822431156, "epsilon": 24.82741719132285, "tau": 0.1756694275526528, "kronecker_kernel": true}}
{"target": 46.77893897650746, "params": {"C": 0.06745493582748797, "epsilon": 25.246545471647586, "tau": 2.2442376023522277, "kronecker_kernel": true}}
{"target": 383.42163407556967, "params": {"C": 0.4962393746960356, "epsilon": 26.13876236142074, "tau": 2.348423217190034, "kronecker_kernel": true}}
{"target": 94.22004181138786, "params": {"C": 0.0723550465050848, "epsilon": 25.663259069462303, "tau": 4.72650024160329, "kronecker_kernel": true}}
{"target": 151.59178253989012, "params": {"C": 0.46077348991991224, "epsilon": 25.86777061042149, "tau": 1.1144673085501422, "kronecker_kernel": true}}
{"target": 53.091719532182495, "params": {"C": 0.03195562466655606, "epsilon": 24.09800736074268, "tau": 1.6458351463597376, "kronecker_kernel": true}}
{"target": 54.385594701496814, "params": {"C": 0.09958684154818884, "epsilon": 24.926106809988866, "tau": 1.9775608979570598, "kronecker_kernel": true}}
{"target": 63.06141944223843, "params": {"C": 0.0999484615340907, "epsilon": 26.26015135904206, "tau": 2.3615334688400793, "kronecker_kernel": true}}
{"target": 46.906867915464645, "params": {"C": 3.0327095004757245, "epsilon": 23.776835906116403, "tau": 0.029797756817592003, "kronecker_kernel": true}}
{"target": 1062.8590131042156, "params": {"C": 0.806679941623957, "epsilon": 21.600742350804257, "tau": 3.6853619472132584, "kronecker_kernel": true}}
{"target": 96.21358273382285, "params": {"C": 0.09267419159541465, "epsilon": 27.397857785081666, "tau": 3.7548752927000306, "kronecker_kernel": true}}
{"target": 42.33254891777813, "params": {"C": 0.7067835653987911, "epsilon": 21.791927613003143, "tau": 0.15158573338785652, "kronecker_kernel": true}}
{"target": 2537.1419609466734, "params": {"C": 2.560630704219916, "epsilon": 24.20008584201149, "tau": 2.7676375377832336, "kronecker_kernel": true}}
{"target": 1460.7491581058207, "params": {"C": 2.2734886361437145, "epsilon": 23.236880399278466, "tau": 1.801227622030988, "kronecker_kernel": true}}
{"target": 153.3559605217935, "params": {"C": 2.9632736000563122, "epsilon": 25.42837893918202, "tau": 0.17470466179099392, "kronecker_kernel": true}}
{"target": 1738.5654935553587, "params": {"C": 3.2166050091535405, "epsilon": 23.677995256100587, "tau": 1.5202058942212477, "kronecker_kernel": true}}
{"target": 61.81456788010744, "params": {"C": 0.012664733039912751, "epsilon": 20.983389046527545, "tau": 0.44685480323828, "kronecker_kernel": true}}
{"target": 221.8977091293563, "params": {"C": 0.5932839299026783, "epsilon": 21.22653293073609, "tau": 1.1773284830700883, "kronecker_kernel": true}}
{"target": 617.4896439210859, "params": {"C": 0.7456433898591627, "epsilon": 22.317039766212158, "tau": 2.3822043800603434, "kronecker_kernel": true}}
{"target": 10041.777683403057, "params": {"C": 3.8429640062814046, "epsilon": 17.026592588531184, "tau": 7.405468272533525, "kronecker_kernel": true}}
{"target": 500.47024837078044, "params": {"C": 2.85386499249941, "epsilon": 22.218542466685538, "tau": 0.4991830219277469, "kronecker_kernel": true}}
{"target": 1222.4495685277113, "params": {"C": 1.1006808837358593, "epsilon": 22.83304708727574, "tau": 3.1223847435797984, "kronecker_kernel": true}}
{"target": 55.005609008801365, "params": {"C": 0.912193628252663, "epsilon": 22.759455801960996, "tau": 0.045816406179438385, "kronecker_kernel": true}}
{"target": 6252.860083422994, "params": {"C": 3.171154598993113, "epsilon": 23.614192526601553, "tau": 5.587197046933133, "kronecker_kernel": true}}
{"target": 61.97820147421355, "params": {"C": 0.045738344628949934, "epsilon": 17.72051456205708, "tau": 0.21738909021916053, "kronecker_kernel": true}}
{"target": 170.88872034459254, "params": {"C": 0.18881457905905752, "epsilon": 20.687240544183574, "tau": 2.9576727714609956, "kronecker_kernel": true}}
{"target": 49.111227409088244, "params": {"C": 0.06252955301211269, "epsilon": 17.947993949763, "tau": 2.6817589561542636, "kronecker_kernel": true}}
{"target": 61.09779498340471, "params": {"C": 0.17960749391102837, "epsilon": 17.805099083887942, "tau": 0.07584988994176123, "kronecker_kernel": true}}
{"target": 56.36299777587978, "params": {"C": 0.048892567144649055, "epsilon": 22.603104473331033, "tau": 4.06311025548848, "kronecker_kernel": true}}
{"target": 202.4823644995116, "params": {"C": 0.5129490226020587, "epsilon": 20.381713096742306, "tau": 1.258873627915709, "kronecker_kernel": true}}
{"target": 58.846323270961896, "params": {"C": 0.7046455660317911, "epsilon": 19.547411441936035, "tau": 0.3073341678436421, "kronecker_kernel": true}}
{"target": 59.223789394761766, "params": {"C": 0.5873293558794774, "epsilon": 21.60611013690362, "tau": 0.019799563442794543, "kronecker_kernel": true}}
{"target": 904.2150675859982, "params": {"C": 3.274104235701677, "epsilon": 23.748852600928032, "tau": 0.7651711470742547, "kronecker_kernel": true}}
{"target": 55.017050944740234, "params": {"C": 0.10697992223522282, "epsilon": 20.949956008421445, "tau": 0.38665531903012584, "kronecker_kernel": true}}
{"target": 835.2299194403065, "params": {"C": 3.60924226977385, "epsilon": 24.65450149891616, "tau": 0.648869573801185, "kronecker_kernel": true}}
{"target": 63.45759310881226, "params": {"C": 0.46334511574085, "epsilon": 24.733457289085372, "tau": 0.011263272255239265, "kronecker_kernel": true}}
{"target": 194.3199086544929, "params": {"C": 0.5983652545667585, "epsilon": 24.83650170307503, "tau": 1.0534773837024898, "kronecker_kernel": true}}
{"target": 57.183309331435666, "params": {"C": 0.6291483808286915, "epsilon": 27.867584087408193, "tau": 0.07052234531092139, "kronecker_kernel": true}}
{"target": 16240.8329289655, "params": {"C": 2.965891914504886, "epsilon": 22.41559872559043, "tau": 16.330028866176896, "kronecker_kernel": true}}
{"target": 540.0619136719926, "params": {"C": 0.12266364153447351, "epsilon": 19.319175745544808, "tau": 12.83461650056424, "kronecker_kernel": true}}
{"target": 45.835463995261954, "params": {"C": 0.3973335998939154, "epsilon": 26.10929651036836, "tau": 0.3542331704070556, "kronecker_kernel": true}}
{"target": 1366.326253250058, "params": {"C": 0.9544077136625879, "epsilon": 27.61419957585065, "tau": 4.072339660513301, "kronecker_kernel": true}}
{"target": 55.609267368337, "params": {"C": 0.024600079969836763, "epsilon": 25.879454967370034, "tau": 1.654483097182046, "kronecker_kernel": true}}
{"target": 1024.0752479649075, "params": {"C": 0.7672608950872022, "epsilon": 26.953760898088234, "tau": 3.805003705413364, "kronecker_kernel": true}}
{"target": 1107.6601124768376, "params": {"C": 0.9783781131381415, "epsilon": 25.272741171677154, "tau": 3.228893266917014, "kronecker_kernel": true}}
{"target": 41.28294892248552, "params": {"C": 0.4035654126426946, "epsilon": 26.11015991339922, "tau": 0.2614331216385597, "kronecker_kernel": true}}
{"target": 59.47305270964715, "params": {"C": 0.01383804378261394, "epsilon": 25.610399111847762, "tau": 1.6247170998462663, "kronecker_kernel": true}}
{"target": 277.02122604992246, "params": {"C": 0.9989840222588143, "epsilon": 27.49794905901604, "tau": 0.8735272227209445, "kronecker_kernel": true}}
{"target": 6919.479257468052, "params": {"C": 1.6604417761150216, "epsilon": 15.207661977444612, "tau": 11.774567190743493, "kronecker_kernel": true}}
{"target": 57.037022386466944, "params": {"C": 0.37613476734075346, "epsilon": 28.701366443395813, "tau": 0.09124427352433459, "kronecker_kernel": true}}
{"target": 93.86543604122376, "params": {"C": 0.14913045043317372, "epsilon": 27.155514467266304, "tau": 2.2840171010481707, "kronecker_kernel": true}}
{"target": 45.72681504598776, "params": {"C": 0.42899930336412334, "epsilon": 26.89986045411601, "tau": 0.24138180596571376, "kronecker_kernel": true}}
{"target": 1789.175627853355, "params": {"C": 0.7285750807453084, "epsilon": 24.048718949565146, "tau": 6.890530021051279, "kronecker_kernel": true}}
{"target": 44.56474163184674, "params": {"C": 0.022789692252407234, "epsilon": 17.32236390597668, "tau": 4.971577690459589, "kronecker_kernel": true}}
{"target": 140.57948824031797, "params": {"C": 0.776916183908928, "epsilon": 24.307133099587208, "tau": 0.6137183177200917, "kronecker_kernel": true}}
{"target": 59.28404458546182, "params": {"C": 0.07439062112114436, "epsilon": 28.795172166042878, "tau": 0.3207289077756106, "kronecker_kernel": true}}
{"target": 46.98955058905359, "params": {"C": 0.7714442497520835, "epsilon": 27.16186700530298, "tau": 0.19675423010237442, "kronecker_kernel": true}}
{"target": 2286.2930012737093, "params": {"C": 0.9285855061789752, "epsilon": 18.27564909449763, "tau": 6.845964050400736, "kronecker_kernel": true}}
{"target": 1649.094127399018, "params": {"C": 0.6732526522161077, "epsilon": 17.081079236025136, "tau": 6.833864684733956, "kronecker_kernel": true}}
{"target": 449.7496370536857, "params": {"C": 0.6545921468498922, "epsilon": 26.705269663961307, "tau": 2.046145559365744, "kronecker_kernel": true}}
{"target": 139.96521223542618, "params": {"C": 0.06856832107278013, "epsilon": 18.752076361443052, "tau": 6.917319269096328, "kronecker_kernel": true}}
{"target": 713.1850243285129, "params": {"C": 0.3465612584667754, "epsilon": 17.234273962421703, "tau": 5.904635430988702, "kronecker_kernel": true}}
{"target": 230.81227434752722, "params": {"C": 0.734200353595415, "epsilon": 27.0009237985859, "tau": 0.9631516070883883, "kronecker_kernel": true}}
{"target": 263.04658111764957, "params": {"C": 1.1874715766577433, "epsilon": 27.300459598129045, "tau": 0.6976741174066101, "kronecker_kernel": true}}
{"target": 49.623731439088644, "params": {"C": 0.5418092751616629, "epsilon": 27.796274063816387, "tau": 0.31266243481372746, "kronecker_kernel": true}}
{"target": 47.38425530225312, "params": {"C": 0.5002575344518595, "epsilon": 25.996751267615977, "tau": 0.3130593179789457, "kronecker_kernel": true}}
{"target": 200.094556965523, "params": {"C": 0.9644257495000452, "epsilon": 27.25943357812969, "tau": 0.6768887434858193, "kronecker_kernel": true}}
{"target": 79.68657146794703, "params": {"C": 0.04688719974560007, "epsilon": 15.5726322966438, "tau": 6.303793447381257, "kronecker_kernel": true}}
{"target": 54.21266818040982, "params": {"C": 0.29151109010124987, "epsilon": 26.382170090080656, "tau": 0.12070654081580803, "kronecker_kernel": true}}
{"target": 164.45712209867185, "params": {"C": 0.14701314339733537, "epsilon": 22.974662820615325, "tau": 3.715168172717746, "kronecker_kernel": true}}
{"target": 57.75380214370445, "params": {"C": 0.006189744294085704, "epsilon": 22.549908358375014, "tau": 4.44946625863694, "kronecker_kernel": true}}
{"target": 287.51378207627204, "params": {"C": 0.23910449208899875, "epsilon": 22.63704771860573, "tau": 3.6919318590923518, "kronecker_kernel": true}}
{"target": 108.37572446959764, "params": {"C": 0.06359117932840785, "epsilon": 21.453094580864956, "tau": 5.945294859916006, "kronecker_kernel": true}}
{"target": 110.08993962000326, "params": {"C": 0.07391566977238057, "epsilon": 21.371314643049203, "tau": 4.799004232009482, "kronecker_kernel": true}}
{"target": 703.691204045895, "params": {"C": 0.6134896944520716, "epsilon": 24.2964059236078, "tau": 3.296717826357022, "kronecker_kernel": true}}
{"target": 185.086475024317, "params": {"C": 0.7489437925668678, "epsilon": 26.09785377526419, "tau": 0.8128349111648996, "kronecker_kernel": true}}
{"target": 110.04490397765953, "params": {"C": 0.46428635723148776, "epsilon": 26.357745663491535, "tau": 0.7967286661776817, "kronecker_kernel": true}}
{"target": 54.09357639489419, "params": {"C": 0.28559803002501677, "epsilon": 24.712162782174406, "tau": 0.16679500713485895, "kronecker_kernel": true}}
{"target": 45.53872872796061, "params": {"C": 0.46806289431276266, "epsilon": 25.63592173342406, "tau": 0.22560189828792598, "kronecker_kernel": true}}
{"target": 59.26664589614029, "params": {"C": 0.4585636349373152, "epsilon": 23.99737298573792, "tau": 0.050061935366400356, "kronecker_kernel": true}}
{"target": 440.4719605223216, "params": {"C": 1.0803021755519855, "epsilon": 29.736067933378926, "tau": 1.2112737875685917, "kronecker_kernel": true}}
{"target": 45.18638447859054, "params": {"C": 1.2510783133534433, "epsilon": 29.42799473541439, "tau": 0.09672699870082857, "kronecker_kernel": true}}
{"target": 61.033194519357366, "params": {"C": 0.0034018283446464737, "epsilon": 29.576098672615018, "tau": 2.3667436754516444, "kronecker_kernel": true}}
{"target": 53.317876281304635, "params": {"C": 0.4542494455615692, "epsilon": 28.266912976174762, "tau": 0.14351637364419356, "kronecker_kernel": true}}
{"target": 44.9673706799612, "params": {"C": 0.024665241598442446, "epsilon": 25.86229315043835, "tau": 4.819141198127327, "kronecker_kernel": true}}
{"target": 7689.551759359578, "params": {"C": 1.3870003590300346, "epsilon": 25.56215807792711, "tau": 15.761670144550157, "kronecker_kernel": true}}
{"target": 1655.1644694828938, "params": {"C": 1.409244844726475, "epsilon": 28.0001700337469, "tau": 3.32505050317026, "kronecker_kernel": true}}
{"target": 217.66166127659034, "params": {"C": 0.15107324937893984, "epsilon": 26.681414951160274, "tau": 4.635479475899312, "kronecker_kernel": true}}
{"target": 98.34344237042762, "params": {"C": 0.07352532698931685, "epsilon": 25.584278261872672, "tau": 4.82724449088026, "kronecker_kernel": true}}
{"target": 295.9853965436024, "params": {"C": 0.11009536969907337, "epsilon": 25.633688087054416, "tau": 8.343925256020297, "kronecker_kernel": true}}
{"target": 695.5486339983487, "params": {"C": 0.32314360928656227, "epsilon": 26.947924971742378, "tau": 6.2421374581566615, "kronecker_kernel": true}}
{"target": 487.17548952153646, "params": {"C": 0.3712861464838408, "epsilon": 25.379868893518335, "tau": 3.8915013853449403, "kronecker_kernel": true}}
{"target": 1494.6882757188391, "params": {"C": 1.7166936424409394, "epsilon": 28.55938577546273, "tau": 2.4693395049282314, "kronecker_kernel": true}}
{"target": 937.664777543731, "params": {"C": 0.6847585813725496, "epsilon": 24.714536302104843, "tau": 3.9040532051508503, "kronecker_kernel": true}}
