{"target": 5272.177051862292, "params": {"C": 1.4747698561751728, "epsilon": 14.734242729601757, "tau": 10.055525377121224, "kronecker_kernel": true}}
{"target": 8886.187625654615, "params": {"C": 2.323143145637595, "epsilon": 1.2173136164594924, "tau": 10.994155102078924, "kronecker_kernel": true}}
{"target": 7660.947141915747, "params": {"C": 1.558069112626751, "epsilon": 7.776260327167726, "tau": 14.417397610209711, "kronecker_kernel": true}}
{"target": 17724.451216806247, "params": {"C": 3.106272577712246, "epsilon": 6.9307317726648225, "tau": 15.593965776429071, "kronecker_kernel": true}}
{"target": 14067.594358284166, "params": {"C": 2.900750775197519, "epsilon": 10.39243572153895, "tau": 12.508913608835774, "kronecker_kernel": true}}
{"target": 7348.324419266044, "params": {"C": 3.22262862182752, "epsilon": 10.078640139115793, "tau": 6.553371841479145, "kronecker_kernel": true}}
{"target": 19294.74327342863, "params": {"C": 3.7149927441287356, "epsilon": 4.401903535376065, "tau": 16.900172002949375, "kronecker_kernel": true}}
{"target": 12220.133819551687, "params": {"C": 2.062889968244972, "epsilon": 3.6957465410931065, "tau": 18.936635931868516, "kronecker_kernel": true}}
{"target": 9091.885312872588, "params": {"C": 3.46046861065965, "epsilon": 9.854776800524832, "tau": 6.765333792802308, "kronecker_kernel": true}}
{"target": 6110.736014537817, "params": {"C": 1.237305810317528, "epsilon": 10.356877711228488, "tau": 14.206823346221256, "kronecker_kernel": true}}
{"target": 1805.6527509709736, "params": {"C": 0.2644489839097106, "epsilon": 12.311338831769161, "tau": 19.265736875158574, "kronecker_kernel": true}}
{"target": 6637.318101832281, "params": {"C": 3.3099891933548333, "epsilon": 12.3506865873595, "tau": 5.762875640579002, "kronecker_kernel": true}}
{"target": 4796.535002554917, "params": {"C": 0.8937650660124661, "epsilon": 1.3809149195156858, "tau": 15.668975616668622, "kronecker_kernel": true}}
{"target": 3973.0896871118384, "params": {"C": 0.6227633814811574, "epsilon": 8.407901186753683, "tau": 18.18417683378955, "kronecker_kernel": true}}
{"target": 1036.6878612723656, "params": {"C": 0.22775379188554248, "epsilon": 14.80339800281976, "tau": 12.866567084828084, "kronecker_kernel": true}}
{"target": 573.265267722923, "params": {"C": 1.2978354903860225, "epsilon": 4.796216735651914, "tau": 1.3375760607040181, "kronecker_kernel": true}}
{"target": 90.46401475388421, "params": {"C": 1.9548336109151272, "epsilon": 2.4223442144161633, "tau": 0.1723027186222477, "kronecker_kernel": true}}
{"target": 240.43126931412735, "params": {"C": 0.9551885178350108, "epsilon": 10.351372461385948, "tau": 0.8012348454758097, "kronecker_kernel": true}}
{"target": 16333.044586627093, "params": {"C": 3.2593492391098695, "epsilon": 0.15893221888042106, "tau": 15.519976342106894, "kronecker_kernel": true}}
{"target": 8534.85409200657, "params": {"C": 1.9219665369858259, "epsilon": 6.343645900551845, "tau": 12.561677762522146, "kronecker_kernel": true}}
{"target": 7231.469989803419, "params": {"C": 1.9058702965233565, "epsilon": 2.065463858624501, "tau": 11.771480179637908, "kronecker_kernel": true}}
{"target": 26858.479594017856, "params": {"C": 3.848416035497928, "epsilon": 13.05069348146333, "tau": 19.22688842314096, "kronecker_kernel": true}}
{"target": 21153.473778218853, "params": {"C": 3.7620554117524154, "epsilon": 4.8357621018609995, "tau": 18.818005113400645, "kronecker_kernel": true}}
{"target": 16892.698575375227, "params": {"C": 2.600891334794652, "epsilon": 7.111515979357911, "tau": 18.961666417782485, "kronecker_kernel": true}}
{"target": 5353.941398801889, "params": {"C": 1.1213096227026134, "epsilon": 14.65365005665806, "tau": 13.428709527345184, "kronecker_kernel": true}}
{"target": 1548.1842071786502, "params": {"C": 0.30685152332189064, "epsilon": 6.583424905645235, "tau": 14.606386512490808, "kronecker_kernel": true}}
{"target": 8002.377021238119, "params": {"C": 1.8340802740871958, "epsilon": 4.270741988023864, "tau": 12.547008666400826, "kronecker_kernel": true}}
{"target": 3552.037570784062, "params": {"C": 1.2016219793563534, "epsilon": 14.190300954373093, "tau": 8.304008115913225, "kronecker_kernel": true}}
{"target": 12798.40183063248, "params": {"C": 3.4087971174646126, "epsilon": 7.681547892981313, "tau": 11.35150408821404, "kronecker_kernel": true}}
{"target": 9612.93096555669, "params": {"C": 2.133941155074084, "epsilon": 9.407164577539698, "tau": 12.974871947845688, "kronecker_kernel": true}}
{"target": 8888.7670420698, "params": {"C": 1.7370832782383454, "epsilon": 1.5070051891731435, "tau": 14.798684966306846, "kronecker_kernel": true}}
{"target": 166.80724446804183, "params": {"C": 0.5620855783497775, "epsilon": 9.870865709102354, "tau": 0.9946867235550478, "kronecker_kernel": true}}
{"target": 1248.0309926521143, "params": {"C": 0.7337583661595752, "epsilon": 8.538367883002532, "tau": 4.867947750209208, "kronecker_kernel": true}}
{"target": 8653.665014303831, "params": {"C": 1.5121202315382083, "epsilon": 12.970254381147404, "tau": 16.719835223075123, "kronecker_kernel": true}}
{"target": 5731.792078347794, "params": {"C": 3.5465418701310942, "epsilon": 8.050910868924623, "tau": 4.700046700329842, "kronecker_kernel": true}}
{"target": 658.0463632960799, "params": {"C": 0.32300649352305577, "epsilon": 12.913251195288247, "tau": 5.906636122786979, "kronecker_kernel": true}}
{"target": 402.6282875775189, "params": {"C": 0.19859392357479677, "epsilon": 10.861292062788444, "tau": 6.104872690450063, "kronecker_kernel": true}}
{"target": 701.9415286970999, "params": {"C": 1.0868288698381599, "epsilon": 7.677069176982918, "tau": 1.887091812142036, "kronecker_kernel": true}}
{"target": 7930.848739843344, "params": {"C": 3.8288645866689275, "epsilon": 13.816495008438368, "tau": 5.587884825638132, "kronecker_kernel": true}}
{"target": 10281.746256166942, "params": {"C": 2.8103971639599417, "epsilon": 3.230716433490329, "tau": 11.513207663363227, "kronecker_kernel": true}}
{"target": 18659.404030697126, "params": {"C": 3.6450759756259385, "epsilon": 11.118954264122058, "tau": 15.686783536516092, "kronecker_kernel": true}}
{"target": 1712.2097124108564, "params": {"C": 2.6853910613277794, "epsilon": 1.7939230330844422, "tau": 1.7366657041864793, "kronecker_kernel": true}}
{"target": 1242.1055669446087, "params": {"C": 2.1185472159889573, "epsilon": 2.8338724488938567, "tau": 1.6905355709599164, "kronecker_kernel": true}}
{"target": 97.76512973817489, "params": {"C": 0.3930864036038999, "epsilon": 11.706448381774496, "tau": 0.8915619508208334, "kronecker_kernel": true}}
{"target": 44.20058720438437, "params": {"C": 0.36346381549311535, "epsilon": 11.003767618909045, "tau": 0.327415442254686, "kronecker_kernel": true}}
{"target": 46.5337490225853, "params": {"C": 1.5774186349659698, "epsilon": 12.948876530898517, "tau": 0.0967764396645856, "kronecker_kernel": true}}
{"target": 61.2473002965058, "params": {"C": 0.5516368087196127, "epsilon": 12.897247196295295, "tau": 0.41313466397854115, "kronecker_kernel": true}}
{"target": 146.1676966478704, "params": {"C": 1.4979494780287608, "epsilon": 11.98657060391309, "tau": 0.3297556035990302, "kronecker_kernel": true}}
{"target": 57.734669186965085, "params": {"C": 0.4154290547964987, "epsilon": 8.83313698758209, "tau": 0.05011586114619937, "kronecker_kernel": true}}
{"target": 3844.9046843509955, "params": {"C": 2.3781305669539714, "epsilon": 14.309998301137009, "tau": 4.2640003396437836, "kronecker_kernel": true}}
{"target": 263.26185692883223, "params": {"C": 1.577286128911335, "epsilon": 13.782249325390012, "tau": 0.5205113331181466, "kronecker_kernel": true}}
{"target": 190.14605950914475, "params": {"C": 0.8617036997407443, "epsilon": 0.3525985186310674, "tau": 0.7266551010653269, "kronecker_kernel": true}}
{"target": 59.9851277504071, "params": {"C": 1.0802371136287803, "epsilon": 14.257433081774234, "tau": 0.20212601357875573, "kronecker_kernel": true}}
{"target": 50.8231892495505, "params": {"C": 0.35006595868911805, "epsilon": 13.467245688824026, "tau": 0.17655675590785275, "kronecker_kernel": true}}
{"target": 98.69018738274815, "params": {"C": 0.6562988149913871, "epsilon": 0.7006306116774974, "tau": 0.5488114183267943, "kronecker_kernel": true}}
{"target": 57.005789016975896, "params": {"C": 0.11066086712242812, "epsilon": 7.998787083836256, "tau": 0.2764225805877436, "kronecker_kernel": true}}
{"target": 50.13549198480409, "params": {"C": 0.17547130129752825, "epsilon": 14.657203803381753, "tau": 0.3727201701168462, "kronecker_kernel": true}}
{"target": 143.48838102618814, "params": {"C": 1.1093268368694211, "epsilon": 14.446508297356118, "tau": 0.4391306878109054, "kronecker_kernel": true}}
{"target": 57.76990028854023, "params": {"C": 0.01166714787271192, "epsilon": 6.734864303212079, "tau": 1.3923083188638685, "kronecker_kernel": true}}
{"target": 96.81254272691902, "params": {"C": 0.2892062886276421, "epsilon": 7.4495081706534405, "tau": 1.2271405573570648, "kronecker_kernel": true}}
{"target": 164.2343212667992, "params": {"C": 0.16270954418021588, "epsilon": 3.974424481690538, "tau": 3.477638985844008, "kronecker_kernel": true}}
{"target": 120.75176735572731, "params": {"C": 0.15091149659204572, "epsilon": 14.625419568018016, "tau": 2.7821455951078513, "kronecker_kernel": true}}
{"target": 275.68804099963063, "params": {"C": 0.21924863240199435, "epsilon": 14.369959238451505, "tau": 3.8452043119026227, "kronecker_kernel": true}}
{"target": 252.63770746100312, "params": {"C": 0.3777263510540245, "epsilon": 13.244892862644747, "tau": 2.105170940429872, "kronecker_kernel": true}}
{"target": 60.996542839589196, "params": {"C": 0.05037928197888453, "epsilon": 9.31830952459027, "tau": 0.09535976558207335, "kronecker_kernel": true}}
{"target": 43.865984523764595, "params": {"C": 0.07551856227826151, "epsilon": 14.100425775497705, "tau": 1.4587918734575571, "kronecker_kernel": true}}
{"target": 51.41043152146627, "params": {"C": 0.22534355793957073, "epsilon": 11.800296822248798, "tau": 0.25829383983589127, "kronecker_kernel": true}}
{"target": 60.917165913515056, "params": {"C": 0.012910928679416803, "epsilon": 7.800764983716593, "tau": 0.1644985130880125, "kronecker_kernel": true}}
{"target": 49.16032430516602, "params": {"C": 0.31334611000201207, "epsilon": 14.549936969656928, "tau": 0.5429410065254873, "kronecker_kernel": true}}
{"target": 44.31367449245183, "params": {"C": 0.15521247947951244, "epsilon": 14.694779425612875, "tau": 0.6666016314414908, "kronecker_kernel": true}}
{"target": 49.47709150041584, "params": {"C": 0.3060793721065744, "epsilon": 13.621048126048557, "tau": 0.5621751439416642, "kronecker_kernel": true}}
{"target": 82.14430205470691, "params": {"C": 0.13450198037535455, "epsilon": 11.948804855760496, "tau": 2.1066618896501486, "kronecker_kernel": true}}
{"target": 44.13772994992529, "params": {"C": 0.17380729233691916, "epsilon": 14.364218020127495, "tau": 0.7427416446798364, "kronecker_kernel": true}}
{"target": 84.08980856969063, "params": {"C": 0.13916561654570184, "epsilon": 14.892539273656542, "tau": 2.2128086771329603, "kronecker_kernel": true}}
{"target": 48.44509401650756, "params": {"C": 0.19913263822081917, "epsilon": 14.184745138107878, "tau": 0.8238598557336569, "kronecker_kernel": true}}
{"target": 57.252169031242275, "params": {"C": 0.06554180983958535, "epsilon": 14.531147019986282, "tau": 0.29545536942637435, "kronecker_kernel": true}}
{"target": 2138.069713938814, "params": {"C": 1.1531369713124473, "epsilon": 14.529740592977342, "tau": 5.222122373514573, "kronecker_kernel": true}}
{"target": 122.04669004877296, "params": {"C": 0.17954357221250009, "epsilon": 14.95418578589432, "tau": 2.359750452716999, "kronecker_kernel": true}}
{"target": 1822.2313173792295, "params": {"C": 1.158884081731573, "epsilon": 12.147170144390154, "tau": 4.4933395158485006, "kronecker_kernel": true}}
{"target": 1689.862250069779, "params": {"C": 1.0202871043845263, "epsilon": 12.669410866518874, "tau": 4.660903701929392, "kronecker_kernel": true}}
{"target": 1315.7635690450363, "params": {"C": 2.241821320483738, "epsilon": 11.443675815631664, "tau": 1.6663799140692703, "kronecker_kernel": true}}
{"target": 1247.859281652529, "params": {"C": 1.894903553216708, "epsilon": 10.969099482920612, "tau": 1.894826238811083, "kronecker_kernel": true}}
{"target": 61.4957997920514, "params": {"C": 0.28857527107270503, "epsilon": 13.266195741023955, "tau": 0.03922813729538588, "kronecker_kernel": true}}
{"target": 42.86423298747127, "params": {"C": 0.5419791012423862, "epsilon": 14.478036592341104, "tau": 0.23286166670847652, "kronecker_kernel": true}}
{"target": 953.27521186436, "params": {"C": 0.8196712348538829, "epsilon": 14.967111481797783, "tau": 3.2985065595289615, "kronecker_kernel": true}}
{"target": 394.784640081396, "params": {"C": 0.5772247350690226, "epsilon": 14.932845733649806, "tau": 2.0467475903236334, "kronecker_kernel": true}}
{"target": 939.3072392750203, "params": {"C": 0.8410212568522507, "epsilon": 14.879966850961628, "tau": 3.1695849446023923, "kronecker_kernel": true}}
{"target": 65.16368934388973, "params": {"C": 0.9750297640906793, "epsilon": 14.62892470090322, "tau": 0.21995823888379065, "kronecker_kernel": true}}
{"target": 2397.845902255541, "params": {"C": 0.3591983512879806, "epsilon": 3.2369780344139407, "tau": 19.382231344940315, "kronecker_kernel": true}}
{"target": 45.55968859012012, "params": {"C": 0.30698563484633157, "epsilon": 14.548103827122791, "tau": 0.2508869595897817, "kronecker_kernel": true}}
{"target": 11837.79622707314, "params": {"C": 2.5340959588249317, "epsilon": 14.169406514837384, "tau": 13.757398683628564, "kronecker_kernel": true}}
{"target": 61.48576634616052, "params": {"C": 0.0037932091919631317, "epsilon": 13.048073199012764, "tau": 3.0157636813550663, "kronecker_kernel": true}}
{"target": 67.31842548380047, "params": {"C": 0.051752637868773155, "epsilon": 12.34417720598808, "tau": 4.88106093602414, "kronecker_kernel": true}}
{"target": 54.98596521169569, "params": {"C": 0.45815738116279636, "epsilon": 13.992992452583989, "tau": 0.44165836229374755, "kronecker_kernel": true}}
{"target": 55.15015902016596, "params": {"C": 0.13497885361161366, "epsilon": 14.135810737858252, "tau": 0.2951124724030241, "kronecker_kernel": true}}
{"target": 49.77749074100396, "params": {"C": 0.2177725828337932, "epsilon": 14.805058199298546, "tau": 0.7989062744475305, "kronecker_kernel": true}}
{"target": 71.53512624934372, "params": {"C": 0.5051381287193639, "epsilon": 14.91733467121255, "tau": 0.5181843431979136, "kronecker_kernel": true}}
{"target": 56.67838709863942, "params": {"C": 0.02286318545258534, "epsilon": 14.317972913029918, "tau": 1.4291345370622905, "kronecker_kernel": true}}
{"target": 732.9079076817949, "params": {"C": 1.174983236429434, "epsilon": 10.944183723393383, "tau": 1.808274911431326, "kronecker_kernel": true}}
{"target": 463.79905801537535, "params": {"C": 0.8220570163944904, "epsilon": 11.944113309113188, "tau": 1.673627282843168, "kronecker_kernel": true}}
{"target": 202.46409805112904, "params": {"C": 0.9009676649432703, "epsilon": 11.09310511684027, "tau": 0.7288858376277401, "kronecker_kernel": true}}
{"target": 54.00985023312488, "params": {"C": 0.03490860040188348, "epsilon": 12.009684877494564, "tau": 1.2166741643148713, "kronecker_kernel": true}}
{"target": 13697.865042912299, "params": {"C": 2.2370895330646676, "epsilon": 3.312130846212848, "tau": 19.16290347820862, "kronecker_kernel": true}}
{"target": 102.89680123656676, "params": {"C": 0.6727552666456066, "epsilon": 12.31606068432164, "tau": 0.5475856217780262, "kronecker_kernel": true}}
{"target": 44.55911346977862, "params": {"C": 0.695501899358198, "epsilon": 14.598135747297407, "tau": 0.18297034028902454, "kronecker_kernel": true}}
{"target": 61.34414041288578, "params": {"C": 0.18664931265880239, "epsilon": 12.101157048187801, "tau": 1.2381717106751604, "kronecker_kernel": true}}
{"target": 51.346657655523586, "params": {"C": 0.7008869404422917, "epsilon": 11.937601684949524, "tau": 0.08352077565280025, "kronecker_kernel": true}}
{"target": 390.7964832444648, "params": {"C": 0.11930618377649815, "epsilon": 5.6107204759006635, "tau": 10.1456666393133, "kronecker_kernel": true}}
{"target": 928.3157451920563, "params": {"C": 1.749673959405099, "epsilon": 14.804954147800766, "tau": 1.5064428092066495, "kronecker_kernel": true}}
{"target": 44.19123873888309, "params": {"C": 0.6061845789472204, "epsilon": 14.751848154467941, "tau": 0.21419231943389372, "kronecker_kernel": true}}
{"target": 259.70799062281077, "params": {"C": 0.7778311613621216, "epsilon": 13.829612683002658, "tau": 1.0429497908044332, "kronecker_kernel": true}}
{"target": 931.4535300251064, "params": {"C": 1.688344516190468, "epsilon": 14.793193474231286, "tau": 1.5662210344722365, "kronecker_kernel": true}}
{"target": 169.58594915188615, "params": {"C": 0.4535755994694336, "epsilon": 14.913662831704611, "tau": 1.2379296719402466, "kronecker_kernel": true}}
{"target": 138.8128892986894, "params": {"C": 1.1027445872210364, "epsilon": 14.890796320903316, "tau": 0.36862304655179867, "kronecker_kernel": true}}
{"target": 3441.2743974878663, "params": {"C": 1.4590680532314746, "epsilon": 1.347801780689828, "tau": 6.8330628884624485, "kronecker_kernel": true}}
{"target": 468.93202084738766, "params": {"C": 1.0304092434449728, "epsilon": 14.956091306071567, "tau": 1.34293493056783, "kronecker_kernel": true}}
{"target": 1093.3836853432335, "params": {"C": 0.6100597888541337, "epsilon": 14.904439889340143, "tau": 5.055953965767355, "kronecker_kernel": true}}
{"target": 44.36734172446647, "params": {"C": 0.02188671659509367, "epsilon": 14.331991580460835, "tau": 5.283308627153083, "kronecker_kernel": true}}
{"target": 684.3124565561855, "params": {"C": 1.0925463698965703, "epsilon": 14.06022004414995, "tau": 1.803329630312833, "kronecker_kernel": true}}
{"target": 373.5259152725407, "params": {"C": 0.20069889456761522, "epsilon": 14.36593563026225, "tau": 5.301031043712543, "kronecker_kernel": true}}
{"target": 60.20081837169768, "params": {"C": 0.5615718299371294, "epsilon": 14.907701745231677, "tau": 0.3915425925570023, "kronecker_kernel": true}}
{"target": 71.26301420036569, "params": {"C": 0.03577311171645936, "epsilon": 14.979242259947618, "tau": 7.415403848115577, "kronecker_kernel": true}}
{"target": 820.6273098810827, "params": {"C": 0.3590863688069117, "epsilon": 14.800847160191358, "tau": 6.52432478952773, "kronecker_kernel": true}}
{"target": 274.3801644691971, "params": {"C": 0.14604058657811897, "epsilon": 14.891304151616392, "tau": 5.832913024553278, "kronecker_kernel": true}}
{"target": 78.48624234557822, "params": {"C": 0.08392728636600824, "epsilon": 14.228921108397328, "tau": 3.440698660863559, "kronecker_kernel": true}}
{"target": 59.48528763819206, "params": {"C": 0.25565557320849064, "epsilon": 14.723475506867109, "tau": 0.031109160754434956, "kronecker_kernel": true}}
{"target": 52.32136091500128, "params": {"C": 0.3088805428314635, "epsilon": 13.399673639325867, "tau": 0.17460483151122336, "kronecker_kernel": true}}
{"target": 57.72374472253351, "params": {"C": 0.6317710477723611, "epsilon": 12.561593788612372, "tau": 0.035409641030336315, "kronecker_kernel": true}}
{"target": 59.08961248044832, "params": {"C": 0.007698757883536078, "epsilon": 14.798176448405012, "tau": 1.6483951923524032, "kronecker_kernel": true}}
{"target": 6480.465266148769, "params": {"C": 2.2462785980969886, "epsilon": 10.030981750310675, "tau": 7.948233086665464, "kronecker_kernel": true}}
{"target": 61.51288212408034, "params": {"C": 0.005111026528759777, "epsilon": 14.814575247758222, "tau": 1.465205827789229, "kronecker_kernel": true}}
{"target": 63.84297421072421, "params": {"C": 0.006903376649999404, "epsilon": 14.411270973996263, "tau": 0.27219882245824406, "kronecker_kernel": true}}
{"target": 46.78088596105373, "params": {"C": 0.5476192183282229, "epsilon": 14.960515942063985, "tau": 0.14632374035616613, "kronecker_kernel": true}}
{"target": 53.92169228271179, "params": {"C": 0.22337521622971096, "epsilon": 14.268831221905929, "tau": 0.20454787215707687, "kronecker_kernel": true}}
{"target": 51.951150745711686, "params": {"C": 0.08562267895476879, "epsilon": 11.167992971365816, "tau": 2.178490521854218, "kronecker_kernel": true}}
{"target": 145.065328182787, "params": {"C": 0.03592193591225068, "epsilon": 0.5256568271757169, "tau": 13.89172839655855, "kronecker_kernel": true}}
{"target": 64.8777793308736, "params": {"C": 0.7312323342371805, "epsilon": 14.905443062791823, "tau": 0.3250678412095048, "kronecker_kernel": true}}
{"target": 315.2410420926173, "params": {"C": 0.10738380577402627, "epsilon": 10.67618738635924, "tau": 9.020453191088462, "kronecker_kernel": true}}
{"target": 198.2239725623337, "params": {"C": 1.2628852584905812, "epsilon": 12.072857317059349, "tau": 0.5097214983174239, "kronecker_kernel": true}}
{"target": 116.90601471411148, "params": {"C": 1.3475028956589132, "epsilon": 12.016299722132777, "tau": 0.2542176712955193, "kronecker_kernel": true}}
{"target": 17234.337048358047, "params": {"C": 3.9446113398974356, "epsilon": 14.706218409777724, "tau": 11.926541264282658, "kronecker_kernel": true}}
{"target": 1003.1255168271518, "params": {"C": 0.7802639733439138, "epsilon": 12.771221571661833, "tau": 3.6732572803604597, "kronecker_kernel": true}}
{"target": 11194.035348937052, "params": {"C": 3.572554589850366, "epsilon": 2.3694726869109344, "tau": 9.751128840510962, "kronecker_kernel": true}}
{"target": 669.3537264040966, "params": {"C": 0.623557905464937, "epsilon": 11.384796331452538, "tau": 3.1614704601647774, "kronecker_kernel": true}}
{"target": 52.38739189736141, "params": {"C": 0.5735582649056167, "epsilon": 14.70880628608177, "tau": 0.09341996490061699, "kronecker_kernel": true}}
