{"target": 41.390047151155855, "params": {"C": 0.7632715812343611, "epsilon": 10.251272438293253, "tau": 0.2805651370400497, "kronecker_kernel": true}}
{"target": 60.396924237659505, "params": {"C": 0.31902521672510087, "epsilon": 3.578009710717331, "tau": 4.731962695665237, "kronecker_kernel": true}}
{"target": 57.708285708505585, "params": {"C": 0.3698311955655216, "epsilon": 4.487110957307528, "tau": 2.9806565663236246, "kronecker_kernel": true}}
{"target": 41.32093125006448, "params": {"C": 2.245298596604822, "epsilon": 9.082452080751215, "tau": 7.824140453567493, "kronecker_kernel": true}}
{"target": 41.39506054142854, "params": {"C": 1.6028451529346324, "epsilon": 10.203256212580737, "tau": 4.4462907904697175, "kronecker_kernel": true}}
{"target": 42.88596408655262, "params": {"C": 2.358239496206149, "epsilon": 15.692003017362362, "tau": 0.5411241478784793, "kronecker_kernel": true}}
{"target": 51.037506688549286, "params": {"C": 0.6627135040285701, "epsilon": 18.728785938927075, "tau": 6.53561848880684, "kronecker_kernel": true}}
{"target": 62.66403496591572, "params": {"C": 0.171466275448525, "epsilon": 9.622739076406244, "tau": 23.662754025193728, "kronecker_kernel": true}}
{"target": 41.61560407642398, "params": {"C": 4.115175846746901, "epsilon": 18.383366028355205, "tau": 23.15000715041169, "kronecker_kernel": true}}
{"target": 46.34822145704335, "params": {"C": 1.5071041471617184, "epsilon": 7.899861902286946, "tau": 23.891524483175377, "kronecker_kernel": true}}
{"target": 42.29021780256184, "params": {"C": 2.901908260325775, "epsilon": 15.495418724810772, "tau": 21.668125882370575, "kronecker_kernel": true}}
{"target": 42.491030125241075, "params": {"C": 8.436086390021543, "epsilon": 13.992156139806534, "tau": 18.57204832209035, "kronecker_kernel": true}}
{"target": 42.25363157972329, "params": {"C": 8.128907286432671, "epsilon": 11.16233555398623, "tau": 19.640874314460493, "kronecker_kernel": true}}
{"target": 40.88305288060555, "params": {"C": 3.573442560569821, "epsilon": 0.6484074704066819, "tau": 13.255795421523008, "kronecker_kernel": true}}
{"target": 41.621506723623995, "params": {"C": 5.787541505063355, "epsilon": 5.7667619383465665, "tau": 13.597517799068076, "kronecker_kernel": true}}
{"target": 40.351187687940225, "params": {"C": 3.8852680451153625, "epsilon": 1.3569307117721294, "tau": 12.42167780340717, "kronecker_kernel": true}}
{"target": 41.277994197330166, "params": {"C": 5.849323227163669, "epsilon": 11.62818453192599, "tau": 17.91987986921431, "kronecker_kernel": true}}
{"target": 41.13462882828507, "params": {"C": 6.289591222669831, "epsilon": 9.374917363455571, "tau": 21.712529940090818, "kronecker_kernel": true}}
{"target": 42.10447014201587, "params": {"C": 7.357368378315262, "epsilon": 1.955101361921955, "tau": 12.00907520894776, "kronecker_kernel": true}}
{"target": 41.904088195321876, "params": {"C": 6.052796297215567, "epsilon": 0.9840038043190793, "tau": 11.728082016249495, "kronecker_kernel": true}}
{"target": 42.006440147571624, "params": {"C": 6.3483246888021725, "epsilon": 5.5252466008009264, "tau": 12.828906834532548, "kronecker_kernel": true}}
{"target": 41.82515497576507, "params": {"C": 2.2707324387542434, "epsilon": 4.734323638775565, "tau": 15.48981025036758, "kronecker_kernel": true}}
{"target": 42.146254217507625, "params": {"C": 7.6508806139168986, "epsilon": 0.726327576198891, "tau": 8.332712000821154, "kronecker_kernel": true}}
{"target": 42.442161697078284, "params": {"C": 5.931247097432618, "epsilon": 6.806845467977566, "tau": 0.6422906493444455, "kronecker_kernel": true}}
{"target": 41.085909473907876, "params": {"C": 2.603623848327446, "epsilon": 0.1745111418271419, "tau": 11.018548767243772, "kronecker_kernel": true}}
{"target": 42.36509029493099, "params": {"C": 4.3491641570257755, "epsilon": 5.427750426055029, "tau": 0.12740575515037933, "kronecker_kernel": true}}
{"target": 42.38503307917291, "params": {"C": 5.457119694713661, "epsilon": 5.821913353170266, "tau": 1.2637550555931545, "kronecker_kernel": true}}
{"target": 40.3215500891, "params": {"C": 6.275168160318138, "epsilon": 8.075614223936256, "tau": 28.78127441393589, "kronecker_kernel": true}}
{"target": 41.32556949622293, "params": {"C": 2.811498709571551, "epsilon": 5.052592571740146, "tau": 13.723374138827516, "kronecker_kernel": true}}
{"target": 60.496343345681545, "params": {"C": 0.061760196816496915, "epsilon": 2.485247257047633, "tau": 13.908192356694121, "kronecker_kernel": true}}
{"target": 42.90798727429289, "params": {"C": 1.5675675896160182, "epsilon": 4.9665376497350175, "tau": 12.157209844033675, "kronecker_kernel": true}}
{"target": 41.74881492516529, "params": {"C": 8.039724001872703, "epsilon": 8.647007153720226, "tau": 25.213022026179594, "kronecker_kernel": true}}
{"target": 42.383829284806076, "params": {"C": 10.50244691503777, "epsilon": 8.356254983644229, "tau": 24.456839061820112, "kronecker_kernel": true}}
{"target": 41.5501158102973, "params": {"C": 3.1588077432937474, "epsilon": 3.9875260784115647, "tau": 25.141339292755784, "kronecker_kernel": true}}
{"target": 41.51928828759385, "params": {"C": 8.323195450763945, "epsilon": 4.540201331177386, "tau": 29.674259730393214, "kronecker_kernel": true}}
{"target": 40.311609322326106, "params": {"C": 5.928076799515629, "epsilon": 4.480416010978551, "tau": 28.044516788874166, "kronecker_kernel": true}}
{"target": 41.434970006230245, "params": {"C": 8.04237746762498, "epsilon": 7.848751698611203, "tau": 29.6347168386123, "kronecker_kernel": true}}
{"target": 40.32689591866584, "params": {"C": 6.392899561367161, "epsilon": 11.842665867937326, "tau": 29.849031375998436, "kronecker_kernel": true}}
{"target": 41.07658058964785, "params": {"C": 5.461053514286528, "epsilon": 9.740023448320395, "tau": 29.68627163425866, "kronecker_kernel": true}}
{"target": 41.41100108877455, "params": {"C": 3.9077031582449364, "epsilon": 7.644881067174222, "tau": 26.961006574254483, "kronecker_kernel": true}}
{"target": 41.83477356617568, "params": {"C": 8.584950219890484, "epsilon": 8.714657967974972, "tau": 27.54453453908712, "kronecker_kernel": true}}
{"target": 40.275693280721576, "params": {"C": 5.995745610399704, "epsilon": 9.859309708976777, "tau": 27.76008153181278, "kronecker_kernel": true}}
{"target": 41.210132738290135, "params": {"C": 4.309260518249327, "epsilon": 5.577005788848222, "tau": 28.066750990197193, "kronecker_kernel": true}}
{"target": 40.38532877621503, "params": {"C": 5.934901039464179, "epsilon": 7.205551744985941, "tau": 29.448484628201882, "kronecker_kernel": true}}
{"target": 42.8044926851, "params": {"C": 12.988591872403509, "epsilon": 15.953190866350711, "tau": 25.078899558747462, "kronecker_kernel": true}}
{"target": 41.06521928986799, "params": {"C": 5.345812427529727, "epsilon": 6.384553696763933, "tau": 28.20371744037457, "kronecker_kernel": true}}
{"target": 41.21345027912488, "params": {"C": 4.630884144128188, "epsilon": 6.885497370138334, "tau": 27.928323483399822, "kronecker_kernel": true}}
{"target": 42.81042669798201, "params": {"C": 11.49419190557022, "epsilon": 18.231357862114727, "tau": 28.922727980913837, "kronecker_kernel": true}}
{"target": 41.21109168278135, "params": {"C": 7.363278276286806, "epsilon": 12.463537860774371, "tau": 29.541869314400152, "kronecker_kernel": true}}
{"target": 42.578075927004036, "params": {"C": 2.7727876852164877, "epsilon": 12.55656210360123, "tau": 26.970153030997665, "kronecker_kernel": true}}
{"target": 44.868631471651064, "params": {"C": 1.9593616760171706, "epsilon": 10.914148269358328, "tau": 28.865590537827607, "kronecker_kernel": true}}
{"target": 41.81027794527883, "params": {"C": 3.269375298335028, "epsilon": 10.755861554419996, "tau": 26.371916574879076, "kronecker_kernel": true}}
{"target": 41.495369544367776, "params": {"C": 7.857670149253972, "epsilon": 12.7104928660509, "tau": 28.757187326742557, "kronecker_kernel": true}}
{"target": 42.12690259431364, "params": {"C": 9.706741190000555, "epsilon": 4.493791503262208, "tau": 25.874283629250517, "kronecker_kernel": true}}
{"target": 42.31872702358594, "params": {"C": 10.955179327892388, "epsilon": 7.325294114624614, "tau": 27.985092222750573, "kronecker_kernel": true}}
{"target": 42.39033554519582, "params": {"C": 12.804881844305584, "epsilon": 7.597378978530645, "tau": 28.541034806138104, "kronecker_kernel": true}}
{"target": 42.04785396939726, "params": {"C": 10.137360786548651, "epsilon": 1.218276933165983, "tau": 27.384869866486884, "kronecker_kernel": true}}
{"target": 40.62517818965298, "params": {"C": 9.500865404490199, "epsilon": 6.434579460497363, "tau": 81.12320000214696, "kronecker_kernel": true}}
{"target": 61.94834931416632, "params": {"C": 1.9872812603232763, "epsilon": 4.6480851542664, "tau": 126.72062831411858, "kronecker_kernel": true}}
{"target": 62.708653674605934, "params": {"C": 0.8041285701483057, "epsilon": 14.44315453244357, "tau": 153.26945272359677, "kronecker_kernel": true}}
{"target": 50.49627771771926, "params": {"C": 2.8383346654813493, "epsilon": 8.784104323144367, "tau": 125.34023977613799, "kronecker_kernel": true}}
{"target": 41.058491075380445, "params": {"C": 9.505033962968218, "epsilon": 7.109434671969433, "tau": 92.79638536758556, "kronecker_kernel": true}}
{"target": 40.434254723212035, "params": {"C": 9.60982782352817, "epsilon": 12.696873231184046, "tau": 71.00433966364925, "kronecker_kernel": true}}
{"target": 41.18211839057633, "params": {"C": 3.801721675460132, "epsilon": 11.877714537488073, "tau": 20.40463020949058, "kronecker_kernel": true}}
{"target": 63.49754472897075, "params": {"C": 1.6725158794231725, "epsilon": 11.522668779754731, "tau": 87.11209671278903, "kronecker_kernel": true}}
{"target": 42.65661223695685, "params": {"C": 3.363431148245784, "epsilon": 14.948574429405468, "tau": 33.064365069449224, "kronecker_kernel": true}}
{"target": 42.475951938774514, "params": {"C": 6.213597783221767, "epsilon": 9.741189971106852, "tau": 142.8873174012848, "kronecker_kernel": true}}
{"target": 42.32434691814353, "params": {"C": 6.965255453846117, "epsilon": 12.650811746418851, "tau": 143.71953237630927, "kronecker_kernel": true}}
{"target": 41.518130676776565, "params": {"C": 7.6778112323458725, "epsilon": 3.4051381438587995, "tau": 164.35597697006182, "kronecker_kernel": true}}
{"target": 43.32780262790533, "params": {"C": 4.6282482187294605, "epsilon": 6.319005582523149, "tau": 122.82294104222768, "kronecker_kernel": true}}
{"target": 40.36631079707771, "params": {"C": 7.699667243539575, "epsilon": 0.6266865619832591, "tau": 49.58874577021882, "kronecker_kernel": true}}
{"target": 44.69928184171172, "params": {"C": 4.281974753626959, "epsilon": 4.1300469121798775, "tau": 165.84571029058793, "kronecker_kernel": true}}
{"target": 42.50082113343662, "params": {"C": 8.119543314679666, "epsilon": 14.587655485844682, "tau": 197.68368362124448, "kronecker_kernel": true}}
{"target": 41.93534766097086, "params": {"C": 4.783656348260037, "epsilon": 0.6614750085761573, "tau": 94.29475584760905, "kronecker_kernel": true}}
{"target": 59.118795614294115, "params": {"C": 1.74714212711753, "epsilon": 5.528016495385727, "tau": 72.4720174969086, "kronecker_kernel": true}}
{"target": 42.284392093740784, "params": {"C": 6.217991972352596, "epsilon": 10.372840791512704, "tau": 127.04219904152546, "kronecker_kernel": true}}
{"target": 60.12761392173329, "params": {"C": 1.0174320162089987, "epsilon": 0.569317896161726, "tau": 171.51772480923145, "kronecker_kernel": true}}
{"target": 42.6194675412837, "params": {"C": 5.460848803447687, "epsilon": 13.421952149532748, "tau": 102.83705719393689, "kronecker_kernel": true}}
{"target": 44.58292148188256, "params": {"C": 4.960278873075694, "epsilon": 11.07574508987389, "tau": 167.485235084106, "kronecker_kernel": true}}
{"target": 46.755346824594014, "params": {"C": 1.574323151360088, "epsilon": 4.631746399530542, "tau": 27.873898475116203, "kronecker_kernel": true}}
{"target": 41.414777731342156, "params": {"C": 7.84258302406832, "epsilon": 2.836740935996784, "tau": 164.1912928273681, "kronecker_kernel": true}}
{"target": 40.41779539464239, "params": {"C": 8.617785063959166, "epsilon": 9.969692939027874, "tau": 62.321659509355285, "kronecker_kernel": true}}
{"target": 41.38293342189774, "params": {"C": 7.4625161472113, "epsilon": 7.177238995402263, "tau": 97.96155215598495, "kronecker_kernel": true}}
{"target": 61.26914361298152, "params": {"C": 0.9454830808412775, "epsilon": 8.232028656958827, "tau": 185.66919987319827, "kronecker_kernel": true}}
{"target": 46.11911838744419, "params": {"C": 2.289882983345775, "epsilon": 10.231648573819486, "tau": 50.93598403549958, "kronecker_kernel": true}}
{"target": 43.6409606887061, "params": {"C": 2.427853971535119, "epsilon": 14.306463787632289, "tau": 28.56360184667101, "kronecker_kernel": true}}
{"target": 46.6554079404165, "params": {"C": 2.2447137544692026, "epsilon": 9.697912921180873, "tau": 54.66796969444959, "kronecker_kernel": true}}
{"target": 41.86946382587344, "params": {"C": 6.867994728140449, "epsilon": 7.5800766770584085, "tau": 134.46855654644745, "kronecker_kernel": true}}
{"target": 41.32535867560218, "params": {"C": 9.713683688589443, "epsilon": 4.514668967923079, "tau": 177.29715525933005, "kronecker_kernel": true}}
{"target": 46.63802863067387, "params": {"C": 3.001914912662611, "epsilon": 4.240456175625225, "tau": 100.45487551887568, "kronecker_kernel": true}}
{"target": 41.999300395392325, "params": {"C": 9.161775466964706, "epsilon": 0.09590093040088132, "tau": 23.2448967521397, "kronecker_kernel": true}}
{"target": 40.431047330696806, "params": {"C": 7.923150769667313, "epsilon": 12.264657483623964, "tau": 43.07557417446331, "kronecker_kernel": true}}
{"target": 40.93268899070085, "params": {"C": 9.109307715302123, "epsilon": 14.283345105494536, "tau": 49.24758918867285, "kronecker_kernel": true}}
{"target": 40.9449314239968, "params": {"C": 8.577801342983326, "epsilon": 12.351878140651015, "tau": 43.43897367749077, "kronecker_kernel": true}}
{"target": 40.831821329214605, "params": {"C": 8.632491503774858, "epsilon": 11.445698011720935, "tau": 45.56794620920648, "kronecker_kernel": true}}
{"target": 42.240510069383504, "params": {"C": 8.608324605220718, "epsilon": 12.852560807458136, "tau": 23.067172416531854, "kronecker_kernel": true}}
{"target": 42.3033453852707, "params": {"C": 8.669575063966262, "epsilon": 10.620584894608815, "tau": 21.155847700866275, "kronecker_kernel": true}}
{"target": 42.07511833756045, "params": {"C": 7.00188039742038, "epsilon": 8.189905941458367, "tau": 15.622061662985857, "kronecker_kernel": true}}
{"target": 40.54499679793523, "params": {"C": 6.262560758674064, "epsilon": 3.5386881754396127, "tau": 26.567559274953517, "kronecker_kernel": true}}
{"target": 41.01138825525584, "params": {"C": 6.4282232534910975, "epsilon": 3.043122050233153, "tau": 48.49317557576945, "kronecker_kernel": true}}
{"target": 40.43813206696946, "params": {"C": 9.053616158250806, "epsilon": 3.320384036182583, "tau": 59.61947799245601, "kronecker_kernel": true}}
{"target": 40.774211324721946, "params": {"C": 8.5324927561454, "epsilon": 3.1993445883022087, "tau": 69.63485747632392, "kronecker_kernel": true}}
{"target": 41.98505461707619, "params": {"C": 6.28920395902539, "epsilon": 2.9632528375985583, "tau": 12.174253402441758, "kronecker_kernel": true}}
{"target": 41.030835823359915, "params": {"C": 9.245912484210892, "epsilon": 10.070240327869506, "tau": 95.47919917509401, "kronecker_kernel": true}}
{"target": 41.41097126170176, "params": {"C": 9.931332813217585, "epsilon": 4.548807748102074, "tau": 44.97529358091989, "kronecker_kernel": true}}
{"target": 41.096351326091494, "params": {"C": 8.708420333998665, "epsilon": 11.100826423177322, "tau": 91.37878642875503, "kronecker_kernel": true}}
{"target": 41.07510884592291, "params": {"C": 9.240897963071767, "epsilon": 9.480887566897817, "tau": 91.58606432451172, "kronecker_kernel": true}}
{"target": 40.9484042361926, "params": {"C": 7.555135753355348, "epsilon": 0.6224376227634371, "tau": 78.37526482104579, "kronecker_kernel": true}}
{"target": 40.95072649017253, "params": {"C": 9.745356058387008, "epsilon": 11.919359761905849, "tau": 92.23164019893764, "kronecker_kernel": true}}
{"target": 41.260519822483474, "params": {"C": 6.039755621302864, "epsilon": 11.48606450026932, "tau": 56.51375722828245, "kronecker_kernel": true}}
{"target": 40.97984460765126, "params": {"C": 7.606246012113596, "epsilon": 1.9340312335174819, "tau": 83.4202411104647, "kronecker_kernel": true}}
{"target": 40.89537093636916, "params": {"C": 7.2090395134723515, "epsilon": 1.193520321420226, "tau": 54.87874982195139, "kronecker_kernel": true}}
{"target": 42.167429014986354, "params": {"C": 8.191323277150993, "epsilon": 3.714637792701047, "tau": 15.094176354203768, "kronecker_kernel": true}}
{"target": 40.982398718384175, "params": {"C": 5.750592741456757, "epsilon": 0.6076672769899814, "tau": 38.304192544218694, "kronecker_kernel": true}}
{"target": 40.81642153271986, "params": {"C": 6.362937010962373, "epsilon": 1.2159500796591565, "tau": 41.15510557074285, "kronecker_kernel": true}}
{"target": 41.13875280852686, "params": {"C": 7.664420347661695, "epsilon": 13.941140575678277, "tau": 76.3526782854062, "kronecker_kernel": true}}
{"target": 40.80957938011407, "params": {"C": 5.162377788604909, "epsilon": 0.46531550548998446, "tau": 27.35737591516944, "kronecker_kernel": true}}
{"target": 42.7518274205627, "params": {"C": 6.477459238343972, "epsilon": 12.976603702343315, "tau": 2.2914285416197373, "kronecker_kernel": true}}
{"target": 41.04881952622605, "params": {"C": 5.787764625614402, "epsilon": 7.278447892114022, "tau": 36.123126531321084, "kronecker_kernel": true}}
{"target": 41.230033290735626, "params": {"C": 9.6753333801704, "epsilon": 9.231060419212916, "tau": 49.03940961988057, "kronecker_kernel": true}}
{"target": 41.19857606234501, "params": {"C": 9.774020341850736, "epsilon": 9.10265750041259, "tau": 50.901761859920526, "kronecker_kernel": true}}
{"target": 41.021665073297186, "params": {"C": 8.038376040814791, "epsilon": 6.187145744321113, "tau": 73.52389003348537, "kronecker_kernel": true}}
{"target": 41.0901232441755, "params": {"C": 9.808894144338488, "epsilon": 6.5624566131717685, "tau": 94.55791571358692, "kronecker_kernel": true}}
{"target": 40.688861378054504, "params": {"C": 8.556175475554646, "epsilon": 7.989727552636581, "tau": 65.54031379154235, "kronecker_kernel": true}}
{"target": 41.037830462129975, "params": {"C": 7.82077004240656, "epsilon": 7.279849288119979, "tau": 63.23907697402967, "kronecker_kernel": true}}
{"target": 41.06315879053044, "params": {"C": 9.887373600267825, "epsilon": 6.035906326068361, "tau": 107.69489936985184, "kronecker_kernel": true}}
{"target": 40.377834196636016, "params": {"C": 9.32686044994972, "epsilon": 5.068216729613802, "tau": 75.5617734782848, "kronecker_kernel": true}}
{"target": 40.72160557915471, "params": {"C": 9.013776303508202, "epsilon": 3.7483084395183575, "tau": 76.73598269360855, "kronecker_kernel": true}}
{"target": 41.01383400368377, "params": {"C": 8.705665054576247, "epsilon": 3.0010085003150637, "tau": 89.02154543216514, "kronecker_kernel": true}}
{"target": 40.77575655844018, "params": {"C": 9.728086526486768, "epsilon": 0.46643379085197373, "tau": 96.3518221379735, "kronecker_kernel": true}}
{"target": 40.97149000934355, "params": {"C": 9.042168167311413, "epsilon": 0.4213412403292478, "tau": 48.359816190163194, "kronecker_kernel": true}}
{"target": 41.01745030790762, "params": {"C": 3.834955412994802, "epsilon": 4.249613998456897, "tau": 18.085195419859375, "kronecker_kernel": true}}
{"target": 41.5898079981343, "params": {"C": 9.892711835421776, "epsilon": 11.014392671707757, "tau": 181.4837646159692, "kronecker_kernel": true}}
{"target": 41.12283284572841, "params": {"C": 9.397158741270944, "epsilon": 13.972241517541566, "tau": 82.78112239037777, "kronecker_kernel": true}}
{"target": 41.27005714326251, "params": {"C": 9.540929403710104, "epsilon": 14.671588899211576, "tau": 128.1932699589869, "kronecker_kernel": true}}
{"target": 41.608924563752225, "params": {"C": 5.622351716675255, "epsilon": 4.739374627670953, "tau": 76.29257178388798, "kronecker_kernel": true}}
{"target": 41.31294377310874, "params": {"C": 9.48016230731371, "epsilon": 5.672193044185194, "tau": 43.49394391724926, "kronecker_kernel": true}}
{"target": 41.060124317539234, "params": {"C": 6.974182865505904, "epsilon": 11.745422869941926, "tau": 52.8963607764575, "kronecker_kernel": true}}
{"target": 41.01309740333507, "params": {"C": 9.14591712257353, "epsilon": 6.007550471218271, "tau": 47.98696963387091, "kronecker_kernel": true}}
{"target": 41.27055332224798, "params": {"C": 9.484246426134735, "epsilon": 4.572711073123678, "tau": 44.49648747538714, "kronecker_kernel": true}}
{"target": 40.67647934310649, "params": {"C": 6.934575850112051, "epsilon": 10.863044410277055, "tau": 42.72500191206593, "kronecker_kernel": true}}
{"target": 40.99449161269809, "params": {"C": 8.023184743853545, "epsilon": 11.261410706608794, "tau": 64.73487603595248, "kronecker_kernel": true}}
{"target": 60.130743150801344, "params": {"C": 0.749864108368981, "epsilon": 0.6001164456319676, "tau": 31.7533512200732, "kronecker_kernel": true}}
{"target": 41.28100389365239, "params": {"C": 6.994466833635357, "epsilon": 9.3264713408062, "tau": 77.4977140070528, "kronecker_kernel": true}}
{"target": 40.48002175634224, "params": {"C": 7.681180672922721, "epsilon": 12.223268154373672, "tau": 48.30711026488179, "kronecker_kernel": true}}
{"target": 54.345748716286565, "params": {"C": 2.6255749853817543, "epsilon": 10.386345335472171, "tau": 136.37022954031983, "kronecker_kernel": true}}
{"target": 40.552267413515764, "params": {"C": 5.786339302552685, "epsilon": 9.973100200919816, "tau": 21.896714419779386, "kronecker_kernel": true}}
