{"target": 41.071828598387334, "params": {"C": 6.358381072790505, "epsilon": 4.514424792290257, "tau": 45.061843795103385, "kronecker_kernel": true}}
{"target": 40.491679686237504, "params": {"C": 7.33664489400807, "epsilon": 14.165600256277182, "tau": 35.76105094284626, "kronecker_kernel": true}}
{"target": 40.87139673871766, "params": {"C": 6.888194356089924, "epsilon": 14.562338851587509, "tau": 38.87292734026963, "kronecker_kernel": true}}
{"target": 41.031833182240646, "params": {"C": 5.638411221182176, "epsilon": 11.437904111671319, "tau": 32.91123327399748, "kronecker_kernel": true}}
{"target": 41.41844478816621, "params": {"C": 7.3291463798852865, "epsilon": 10.708648871447851, "tau": 25.563154081463047, "kronecker_kernel": true}}
{"target": 42.13186354083818, "params": {"C": 6.465874179775538, "epsilon": 10.336450714682881, "tau": 13.490984280663083, "kronecker_kernel": true}}
{"target": 41.16378056632103, "params": {"C": 4.965479503374381, "epsilon": 9.652310641498257, "tau": 31.501736460371554, "kronecker_kernel": true}}
{"target": 42.30999618090503, "params": {"C": 8.92538170103853, "epsilon": 13.59961590990341, "tau": 23.848890062953814, "kronecker_kernel": true}}
{"target": 41.22860838516984, "params": {"C": 6.341440689000093, "epsilon": 14.324987903195963, "tau": 58.429685195461445, "kronecker_kernel": true}}
{"target": 41.63630306304668, "params": {"C": 9.401499942159168, "epsilon": 12.146339824255852, "tau": 37.956503288803724, "kronecker_kernel": true}}
{"target": 42.83399821757026, "params": {"C": 8.138812109899124, "epsilon": 14.549849139251265, "tau": 4.259836665169878, "kronecker_kernel": true}}
{"target": 41.26227604108235, "params": {"C": 6.5266066375728355, "epsilon": 14.5499459691103, "tau": 43.255669351628214, "kronecker_kernel": true}}
{"target": 41.26047087591762, "params": {"C": 9.730413821018947, "epsilon": 11.894293483947571, "tau": 50.11615862859665, "kronecker_kernel": true}}
{"target": 40.42828912240734, "params": {"C": 9.812715644432577, "epsilon": 13.266777861684867, "tau": 66.25456096910717, "kronecker_kernel": true}}
{"target": 40.36471435211857, "params": {"C": 9.875587646415578, "epsilon": 4.04749199429128, "tau": 85.72425095422538, "kronecker_kernel": true}}
{"target": 40.346660748607576, "params": {"C": 8.782970674686576, "epsilon": 10.941724322930611, "tau": 62.934435532347464, "kronecker_kernel": true}}
{"target": 40.79236895766003, "params": {"C": 9.20511622316155, "epsilon": 5.292520656250561, "tau": 79.3047881155488, "kronecker_kernel": true}}
{"target": 40.34434734886129, "params": {"C": 9.092071313380414, "epsilon": 14.54939777736991, "tau": 58.791934222179336, "kronecker_kernel": true}}
{"target": 41.237473857433265, "params": {"C": 9.68863388394196, "epsilon": 12.323925335834103, "tau": 50.51266665546995, "kronecker_kernel": true}}
{"target": 40.44245153436796, "params": {"C": 9.360928948374136, "epsilon": 14.299516491807822, "tau": 67.65372805597819, "kronecker_kernel": true}}
{"target": 40.82980712278378, "params": {"C": 9.706409988647229, "epsilon": 11.54556199290634, "tau": 85.86517788087599, "kronecker_kernel": true}}
{"target": 40.68581759426146, "params": {"C": 9.750093230420003, "epsilon": 13.870160195763459, "tau": 77.38441510137487, "kronecker_kernel": true}}
{"target": 41.34014490096605, "params": {"C": 6.477302653215659, "epsilon": 6.529396038125012, "tau": 68.58737130590883, "kronecker_kernel": true}}
{"target": 41.61897141236875, "params": {"C": 6.755279558124001, "epsilon": 0.7221025367121945, "tau": 157.18212655068064, "kronecker_kernel": true}}
{"target": 43.1279292514011, "params": {"C": 9.216616555380947, "epsilon": 26.623556094217786, "tau": 20.35524135988685, "kronecker_kernel": true}}
{"target": 60.163970507669525, "params": {"C": 0.8224787175494063, "epsilon": 0.9460821956092549, "tau": 46.201552703682324, "kronecker_kernel": true}}
{"target": 62.67744445378288, "params": {"C": 1.878730380117539, "epsilon": 1.2666520278381483, "tau": 177.30904237921644, "kronecker_kernel": true}}
{"target": 44.53691621100326, "params": {"C": 2.430023851652315, "epsilon": 20.604483905952478, "tau": 28.843074736720336, "kronecker_kernel": true}}
{"target": 61.121664090534445, "params": {"C": 0.3074536016827221, "epsilon": 6.642197576573842, "tau": 125.59144946382294, "kronecker_kernel": true}}
{"target": 43.53477892804109, "params": {"C": 5.6949451336578525, "epsilon": 26.57807209330819, "tau": 89.6064740121577, "kronecker_kernel": true}}
{"target": 41.22276546174458, "params": {"C": 8.520772027436596, "epsilon": 21.9707145231826, "tau": 75.59073546497869, "kronecker_kernel": true}}
{"target": 59.2798117973022, "params": {"C": 2.3757189571555726, "epsilon": 28.847207338043713, "tau": 135.44422085645496, "kronecker_kernel": true}}
{"target": 40.81833662910795, "params": {"C": 7.472499238221695, "epsilon": 10.16456630488937, "tau": 51.310963093468445, "kronecker_kernel": true}}
{"target": 58.70187418671442, "params": {"C": 1.4824770805910317, "epsilon": 0.7781158911877474, "tau": 56.20093773557977, "kronecker_kernel": true}}
{"target": 42.431387027736584, "params": {"C": 9.41280567242665, "epsilon": 27.020462579522786, "tau": 31.535080980385427, "kronecker_kernel": true}}
{"target": 45.29344410135257, "params": {"C": 5.667251911212908, "epsilon": 23.746228191555684, "tau": 165.13825588553047, "kronecker_kernel": true}}
{"target": 62.58231154252653, "params": {"C": 1.1587283615856223, "epsilon": 24.546907699658437, "tau": 125.27767130207016, "kronecker_kernel": true}}
{"target": 40.71071815845461, "params": {"C": 6.8240924215088, "epsilon": 10.96957352725282, "tau": 29.346480025124226, "kronecker_kernel": true}}
{"target": 62.56983539778554, "params": {"C": 0.046424781438761345, "epsilon": 28.27221987939906, "tau": 155.72627064776796, "kronecker_kernel": true}}
{"target": 43.1103940524866, "params": {"C": 6.406703284978064, "epsilon": 18.10440057924964, "tau": 127.29775203125384, "kronecker_kernel": true}}
{"target": 41.1172202921296, "params": {"C": 7.671132126353384, "epsilon": 18.956017098487095, "tau": 61.89341549759113, "kronecker_kernel": true}}
{"target": 45.15383352321549, "params": {"C": 2.058620039377393, "epsilon": 28.07522078912816, "tau": 16.980807639656366, "kronecker_kernel": true}}
{"target": 40.60220639695545, "params": {"C": 2.1324623562542873, "epsilon": 8.39667579237288, "tau": 4.016486309624804, "kronecker_kernel": true}}
{"target": 60.481974505090285, "params": {"C": 0.6358332174354886, "epsilon": 2.9665131846268693, "tau": 124.59658452771627, "kronecker_kernel": true}}
{"target": 45.45326399207036, "params": {"C": 4.658633369703242, "epsilon": 8.734384580434021, "tau": 195.0942096636319, "kronecker_kernel": true}}
{"target": 42.40059591556839, "params": {"C": 4.359505094390099, "epsilon": 6.127897439344259, "tau": 0.08488209997631886, "kronecker_kernel": true}}
{"target": 42.62764501734491, "params": {"C": 4.684883699848234, "epsilon": 0.8545007240028956, "tau": 112.22415521397274, "kronecker_kernel": true}}
{"target": 41.57858730460298, "params": {"C": 6.730623984284634, "epsilon": 10.602486738267, "tau": 95.95959111326368, "kronecker_kernel": true}}
{"target": 59.6936183976749, "params": {"C": 0.7897021741385559, "epsilon": 8.986011372067717, "tau": 178.21234962452712, "kronecker_kernel": true}}
{"target": 41.756093006049454, "params": {"C": 7.20777857729032, "epsilon": 17.84895058968154, "tau": 85.63063469267921, "kronecker_kernel": true}}
{"target": 40.84529765341285, "params": {"C": 9.10084284530838, "epsilon": 9.300054651247631, "tau": 50.27748134027653, "kronecker_kernel": true}}
{"target": 46.163003827324054, "params": {"C": 1.94078178001003, "epsilon": 21.93301136564993, "tau": 23.98623787468287, "kronecker_kernel": true}}
{"target": 42.256590673829095, "params": {"C": 6.241561780754389, "epsilon": 3.013734070671396, "tau": 0.4407521706368944, "kronecker_kernel": true}}
{"target": 42.7041764588351, "params": {"C": 7.999477748438468, "epsilon": 19.8857228571479, "tau": 168.63745747428175, "kronecker_kernel": true}}
{"target": 42.115863330771504, "params": {"C": 9.31486597479715, "epsilon": 19.8858019111222, "tau": 159.5625594654346, "kronecker_kernel": true}}
{"target": 42.14245575875562, "params": {"C": 6.791045594996897, "epsilon": 13.430550756471003, "tau": 15.458261253302902, "kronecker_kernel": true}}
{"target": 41.1519108747297, "params": {"C": 9.551804520782404, "epsilon": 4.6286555904219995, "tau": 48.82884797658409, "kronecker_kernel": true}}
{"target": 42.67795910033012, "params": {"C": 9.526520489490299, "epsilon": 11.446362081602015, "tau": 1.664408205299189, "kronecker_kernel": true}}
{"target": 59.74088341913684, "params": {"C": 0.26051246420101504, "epsilon": 7.489269999122783, "tau": 1.690524584750357, "kronecker_kernel": true}}
{"target": 41.25953400612265, "params": {"C": 3.582084978585041, "epsilon": 10.319954458127455, "tau": 18.441384491326772, "kronecker_kernel": true}}
{"target": 42.309563345347634, "params": {"C": 6.4464237584267705, "epsilon": 8.32336659654107, "tau": 156.13458862304972, "kronecker_kernel": true}}
{"target": 41.6546351961017, "params": {"C": 10.574505594450676, "epsilon": 18.851207563047986, "tau": 51.57728970095546, "kronecker_kernel": true}}
{"target": 43.07130329486209, "params": {"C": 14.711312236385666, "epsilon": 21.851118531640743, "tau": 41.53620326110017, "kronecker_kernel": true}}
{"target": 41.56012152453991, "params": {"C": 10.830287802314853, "epsilon": 20.316494012033854, "tau": 59.06850773943131, "kronecker_kernel": true}}
{"target": 42.251375392662716, "params": {"C": 6.072542208753293, "epsilon": 16.305725979418074, "tau": 89.55144368375005, "kronecker_kernel": true}}
{"target": 63.49754472897075, "params": {"C": 0.5494856494506872, "epsilon": 18.076625825333153, "tau": 75.34781147369478, "kronecker_kernel": true}}
{"target": 62.571500574903254, "params": {"C": 2.0581174081226012, "epsilon": 24.459006694543167, "tau": 190.89711884309827, "kronecker_kernel": true}}
{"target": 40.95742556573043, "params": {"C": 17.057499276738376, "epsilon": 16.006190294159012, "tau": 171.68104677784837, "kronecker_kernel": true}}
{"target": 41.19508991308991, "params": {"C": 12.316207486245538, "epsilon": 7.0574577128724, "tau": 194.28330947600045, "kronecker_kernel": true}}
{"target": 43.52528682736121, "params": {"C": 2.8534311599808695, "epsilon": 4.832876063173551, "tau": 52.0397592117367, "kronecker_kernel": true}}
{"target": 59.01016650725728, "params": {"C": 2.020239802971674, "epsilon": 10.027097335401084, "tau": 98.57961491698235, "kronecker_kernel": true}}
{"target": 62.69082274338255, "params": {"C": 0.8581915978400201, "epsilon": 13.962383049864137, "tau": 178.66745398747278, "kronecker_kernel": true}}
{"target": 40.90505987352255, "params": {"C": 4.023721076984601, "epsilon": 2.5118932826720997, "tau": 21.440442576810174, "kronecker_kernel": true}}
{"target": 41.16816219199777, "params": {"C": 10.810065476169285, "epsilon": 6.666324045896385, "tau": 146.333070067402, "kronecker_kernel": true}}
{"target": 42.422335214239, "params": {"C": 10.664284122096184, "epsilon": 17.401537401256167, "tau": 33.887354004542104, "kronecker_kernel": true}}
{"target": 54.36580677062418, "params": {"C": 1.4183071219863557, "epsilon": 6.368002595170467, "tau": 39.61113911639234, "kronecker_kernel": true}}
{"target": 42.34414834525068, "params": {"C": 16.731988070864745, "epsilon": 7.4257597671189055, "tau": 58.444636793351094, "kronecker_kernel": true}}
{"target": 41.05951217257716, "params": {"C": 4.553065077267522, "epsilon": 6.13059736289733, "tau": 22.10017737281723, "kronecker_kernel": true}}
{"target": 61.55794493682263, "params": {"C": 1.7051438822152578, "epsilon": 27.798099812524043, "tau": 189.75664072443928, "kronecker_kernel": true}}
{"target": 42.21097371372154, "params": {"C": 17.903337068441477, "epsilon": 1.8868708176545048, "tau": 20.47099757448988, "kronecker_kernel": true}}
{"target": 40.40771367421458, "params": {"C": 12.85362472353895, "epsilon": 1.6722147833821455, "tau": 124.99086993786347, "kronecker_kernel": true}}
{"target": 43.75483015790602, "params": {"C": 11.383136150725171, "epsilon": 27.688425473003097, "tau": 3.2265023632008, "kronecker_kernel": true}}
{"target": 42.99729966005776, "params": {"C": 6.308313629496139, "epsilon": 12.313181624647148, "tau": 178.44610310114177, "kronecker_kernel": true}}
{"target": 42.49209932626566, "params": {"C": 18.058834785919515, "epsilon": 10.469711930339487, "tau": 63.94941482083513, "kronecker_kernel": true}}
{"target": 63.49754472897075, "params": {"C": 1.3232931876395002, "epsilon": 11.58824881884151, "tau": 144.19656487191784, "kronecker_kernel": true}}
{"target": 60.139115228870125, "params": {"C": 0.41819670224569333, "epsilon": 0.682516249213942, "tau": 40.46099304174653, "kronecker_kernel": true}}
{"target": 50.42133363666198, "params": {"C": 2.748273473399854, "epsilon": 4.056567707214965, "tau": 114.9421335042393, "kronecker_kernel": true}}
{"target": 41.46405263819439, "params": {"C": 13.965441097320268, "epsilon": 29.26654342500782, "tau": 111.61973505334765, "kronecker_kernel": true}}
{"target": 52.640886748548226, "params": {"C": 1.8283496515590045, "epsilon": 27.256605562416674, "tau": 54.43646146445858, "kronecker_kernel": true}}
{"target": 41.030781220150594, "params": {"C": 14.852422348715631, "epsilon": 27.185856061009087, "tau": 137.02116929514185, "kronecker_kernel": true}}
{"target": 41.350257159295005, "params": {"C": 18.839111286555337, "epsilon": 1.949484410103625, "tau": 166.5230980812087, "kronecker_kernel": true}}
{"target": 42.68361464874268, "params": {"C": 19.14536414373383, "epsilon": 13.617164958141835, "tau": 56.7233514491312, "kronecker_kernel": true}}
{"target": 41.34479435593728, "params": {"C": 18.37989302413216, "epsilon": 21.123842584735208, "tau": 186.27039503393715, "kronecker_kernel": true}}
{"target": 41.121993965137364, "params": {"C": 17.156073089812725, "epsilon": 21.865538211366037, "tau": 171.73589472118638, "kronecker_kernel": true}}
{"target": 41.44198989616655, "params": {"C": 18.48922142493869, "epsilon": 17.36073246829414, "tau": 175.1555805111796, "kronecker_kernel": true}}
{"target": 41.60976889908312, "params": {"C": 18.617298501023495, "epsilon": 16.436997693739485, "tau": 157.76212762287926, "kronecker_kernel": true}}
{"target": 40.87603529279911, "params": {"C": 14.225178442714379, "epsilon": 0.2813938278623356, "tau": 124.62473856717575, "kronecker_kernel": true}}
{"target": 40.87636163819942, "params": {"C": 14.678451352377651, "epsilon": 17.386810409630982, "tau": 129.5383932805056, "kronecker_kernel": true}}
{"target": 40.98068031742024, "params": {"C": 12.400493956714804, "epsilon": 2.673221985024497, "tau": 90.07612561854374, "kronecker_kernel": true}}
{"target": 40.543799602282284, "params": {"C": 12.728079228053437, "epsilon": 0.12663490054635074, "tau": 113.94405412947751, "kronecker_kernel": true}}
{"target": 40.43179312224725, "params": {"C": 10.408836533863816, "epsilon": 0.07179004465920408, "tau": 83.21126153242051, "kronecker_kernel": true}}
{"target": 40.85420786414491, "params": {"C": 13.024765937033896, "epsilon": 3.1451035611577636, "tau": 104.04934461320974, "kronecker_kernel": true}}
{"target": 40.353416099771195, "params": {"C": 12.958047387812783, "epsilon": 1.4305299902867998, "tau": 139.2831948575368, "kronecker_kernel": true}}
{"target": 40.74546399977298, "params": {"C": 13.57852855566444, "epsilon": 3.681025233828673, "tau": 117.32098839290667, "kronecker_kernel": true}}
{"target": 40.65619595097928, "params": {"C": 14.405791500653425, "epsilon": 0.9497348414551295, "tau": 138.0578022367655, "kronecker_kernel": true}}
{"target": 40.84972765705557, "params": {"C": 11.555001192327596, "epsilon": 0.3415361505114438, "tau": 137.07753114436696, "kronecker_kernel": true}}
{"target": 40.90948233499738, "params": {"C": 8.178648435737, "epsilon": 1.4959074684088516, "tau": 81.66032919403484, "kronecker_kernel": true}}
{"target": 40.39112124818291, "params": {"C": 8.817294378766071, "epsilon": 1.4608538351507723, "tau": 69.31447963669844, "kronecker_kernel": true}}
{"target": 41.23700051222649, "params": {"C": 7.372850943075501, "epsilon": 1.6160785300286096, "tau": 120.39709960020473, "kronecker_kernel": true}}
{"target": 41.132583365971314, "params": {"C": 7.552037550955809, "epsilon": 2.7268453247364706, "tau": 92.62818685824624, "kronecker_kernel": true}}
{"target": 41.28051380449107, "params": {"C": 9.790849696848447, "epsilon": 0.569063406882476, "tau": 189.62343358739383, "kronecker_kernel": true}}
{"target": 40.79369160404436, "params": {"C": 10.66743662997072, "epsilon": 5.957563295510742, "tau": 70.41432149283139, "kronecker_kernel": true}}
{"target": 41.77870926663951, "params": {"C": 10.847438713291474, "epsilon": 3.662250238378834, "tau": 43.46328858353709, "kronecker_kernel": true}}
{"target": 42.20462253175403, "params": {"C": 11.683827683686093, "epsilon": 1.7351165962304214, "tau": 11.730439105355437, "kronecker_kernel": true}}
{"target": 41.917077281461374, "params": {"C": 17.818023862028372, "epsilon": 0.6486887851706585, "tau": 99.62774845457614, "kronecker_kernel": true}}
{"target": 41.89178413717352, "params": {"C": 19.053811282928642, "epsilon": 0.6553214360717137, "tau": 116.90984680666205, "kronecker_kernel": true}}
{"target": 41.32113201700659, "params": {"C": 16.36928429857017, "epsilon": 6.688882116691005, "tau": 129.88211823422094, "kronecker_kernel": true}}
{"target": 41.836609137335074, "params": {"C": 17.66783276768841, "epsilon": 2.0566612301995058, "tau": 108.18580053497062, "kronecker_kernel": true}}
{"target": 41.00196963667585, "params": {"C": 16.18541804492057, "epsilon": 5.593873024944521, "tau": 151.0613612750439, "kronecker_kernel": true}}
{"target": 40.38155844929513, "params": {"C": 13.362571918179013, "epsilon": 2.7586298066579076, "tau": 150.88853634914534, "kronecker_kernel": true}}
{"target": 40.32070108669171, "params": {"C": 14.720171364917922, "epsilon": 5.251028555006884, "tau": 168.77001813282055, "kronecker_kernel": true}}
{"target": 40.32157351772846, "params": {"C": 13.59644258154561, "epsilon": 4.374264503074378, "tau": 145.8060246678308, "kronecker_kernel": true}}
{"target": 40.939056212113016, "params": {"C": 11.694451359606179, "epsilon": 3.1783254607389466, "tau": 141.295015772038, "kronecker_kernel": true}}
{"target": 40.399963350079766, "params": {"C": 14.01444396026096, "epsilon": 5.134345179993723, "tau": 168.39896256852884, "kronecker_kernel": true}}
{"target": 41.1026430102281, "params": {"C": 12.822721370903011, "epsilon": 9.588408952318034, "tau": 167.99080337287995, "kronecker_kernel": true}}
{"target": 41.03864212848346, "params": {"C": 13.36458575177547, "epsilon": 7.3356292925758675, "tau": 196.42594830636457, "kronecker_kernel": true}}
{"target": 40.383928062130884, "params": {"C": 14.388876097423056, "epsilon": 5.376777864218427, "tau": 180.5989615149241, "kronecker_kernel": true}}
{"target": 41.02871247741797, "params": {"C": 12.947623647665601, "epsilon": 6.682548168794315, "tau": 180.0637343967813, "kronecker_kernel": true}}
{"target": 40.410386677791465, "params": {"C": 14.078045332617068, "epsilon": 0.36066577716139037, "tau": 177.4271576466646, "kronecker_kernel": true}}
{"target": 40.51549833494493, "params": {"C": 14.368394454876993, "epsilon": 3.2304948125849946, "tau": 187.82900220360193, "kronecker_kernel": true}}
{"target": 40.447735957897535, "params": {"C": 14.145889928924563, "epsilon": 2.664807474749174, "tau": 181.18857511953016, "kronecker_kernel": true}}
{"target": 40.448335720898726, "params": {"C": 14.573694758857172, "epsilon": 1.5865076827195042, "tau": 193.00342095078338, "kronecker_kernel": true}}
{"target": 40.934127173223004, "params": {"C": 17.688187429331066, "epsilon": 10.465281347699996, "tau": 184.7901903164883, "kronecker_kernel": true}}
{"target": 40.871543677819616, "params": {"C": 17.07452880953206, "epsilon": 10.201151064017793, "tau": 175.63118967503314, "kronecker_kernel": true}}
{"target": 40.32611071159052, "params": {"C": 12.962833193237646, "epsilon": 10.396477243400135, "tau": 135.76949622541682, "kronecker_kernel": true}}
{"target": 41.07140512598349, "params": {"C": 10.91648030243757, "epsilon": 8.968520866963472, "tau": 121.74213944983347, "kronecker_kernel": true}}
{"target": 40.52080259276331, "params": {"C": 14.282552274863633, "epsilon": 9.876976166324813, "tau": 134.60405338826192, "kronecker_kernel": true}}
{"target": 41.12884544740551, "params": {"C": 10.537225752124684, "epsilon": 10.739204806911859, "tau": 143.10891210751953, "kronecker_kernel": true}}
{"target": 41.12421694148913, "params": {"C": 10.03227603027767, "epsilon": 11.452791992469667, "tau": 133.96192948958006, "kronecker_kernel": true}}
