{"target": 42.582975022946755, "params": {"C": 24.174425403804634, "epsilon": 9.521233154623653, "tau": 14.636077841547298, "kronecker_kernel": true}}
{"target": 40.99168258104241, "params": {"C": 3.211097827011339, "epsilon": 6.486966225770289, "tau": 11.649282210402648, "kronecker_kernel": true}}
{"target": 43.190637136920195, "params": {"C": 15.394109975697026, "epsilon": 20.495948690274883, "tau": 1.5148465739628223, "kronecker_kernel": true}}
{"target": 40.292544425642994, "params": {"C": 1.4000981646966004, "epsilon": 7.671948931763772, "tau": 1.5089136267299934, "kronecker_kernel": true}}
{"target": 42.756351484533766, "params": {"C": 9.494509517869924, "epsilon": 13.712815805095316, "tau": 10.592545606871616, "kronecker_kernel": true}}
{"target": 42.97102366203338, "params": {"C": 19.814102245375828, "epsilon": 17.054548326251386, "tau": 21.433217529114525, "kronecker_kernel": true}}
{"target": 43.56150654232694, "params": {"C": 17.517145458849264, "epsilon": 25.259248986076987, "tau": 14.948341904718145, "kronecker_kernel": true}}
{"target": 43.34327034752825, "params": {"C": 18.578169591602517, "epsilon": 22.70811363885878, "tau": 29.997323229644756, "kronecker_kernel": true}}
{"target": 43.274770733622745, "params": {"C": 22.129894330559924, "epsilon": 21.642145342536917, "tau": 7.843434989103682, "kronecker_kernel": true}}
{"target": 43.41643006259086, "params": {"C": 24.406926330468693, "epsilon": 23.44508037376266, "tau": 29.89913653178247, "kronecker_kernel": true}}
{"target": 42.27188708901558, "params": {"C": 15.123914693408754, "epsilon": 3.759160688256589, "tau": 28.983353202205613, "kronecker_kernel": true}}
{"target": 42.592073755010716, "params": {"C": 4.9138303151689495, "epsilon": 9.712176918355945, "tau": 1.0691173024153797, "kronecker_kernel": true}}
{"target": 42.86070316946815, "params": {"C": 27.00506466104868, "epsilon": 15.06478530775109, "tau": 24.514077603317062, "kronecker_kernel": true}}
{"target": 42.32158042893889, "params": {"C": 15.605606125535006, "epsilon": 4.540860465997577, "tau": 12.072175201375325, "kronecker_kernel": true}}
{"target": 43.65885244267323, "params": {"C": 22.840315238213737, "epsilon": 26.480455223180023, "tau": 22.15311185988549, "kronecker_kernel": true}}
{"target": 42.519974729897136, "params": {"C": 13.264308916309465, "epsilon": 8.230316258033083, "tau": 5.5604447633681815, "kronecker_kernel": true}}
{"target": 42.33753845770773, "params": {"C": 27.010994631091375, "epsilon": 4.874876701743476, "tau": 26.710447089808078, "kronecker_kernel": true}}
{"target": 42.221803038217125, "params": {"C": 7.523617224845511, "epsilon": 2.665823466957374, "tau": 7.712769361261319, "kronecker_kernel": true}}
{"target": 42.066397148988784, "params": {"C": 6.524315480397478, "epsilon": 28.10302730082745, "tau": 18.860625825473466, "kronecker_kernel": true}}
{"target": 43.817189235246104, "params": {"C": 19.485629150996374, "epsilon": 28.55616248736291, "tau": 28.033782276918284, "kronecker_kernel": true}}
{"target": 43.17150153964981, "params": {"C": 14.02977223777867, "epsilon": 21.270244017663344, "tau": 23.602529681500375, "kronecker_kernel": true}}
{"target": 41.12217721528156, "params": {"C": 5.169139201992751, "epsilon": 1.1931635344409992, "tau": 14.514257795601337, "kronecker_kernel": true}}
{"target": 42.72513470688097, "params": {"C": 12.085440695781966, "epsilon": 15.339980676820588, "tau": 27.476318472227362, "kronecker_kernel": true}}
{"target": 42.3317557110809, "params": {"C": 26.355182087562813, "epsilon": 4.752695309442677, "tau": 14.000415297364805, "kronecker_kernel": true}}
{"target": 42.46882246208677, "params": {"C": 13.531283602246475, "epsilon": 7.378654645439325, "tau": 20.528208611009003, "kronecker_kernel": true}}
{"target": 43.097190928250114, "params": {"C": 24.935945319044098, "epsilon": 19.117883171169225, "tau": 19.092022978315494, "kronecker_kernel": true}}
{"target": 43.60650210249432, "params": {"C": 23.66917218832623, "epsilon": 25.818401293906685, "tau": 0.6798451776990952, "kronecker_kernel": true}}
{"target": 42.81846306003463, "params": {"C": 27.98993460922387, "epsilon": 14.250621680352648, "tau": 15.485182575039, "kronecker_kernel": true}}
{"target": 41.34499723825379, "params": {"C": 2.400137138852411, "epsilon": 3.939086629182026, "tau": 2.7140667053354113, "kronecker_kernel": true}}
{"target": 42.69208355671201, "params": {"C": 29.276233496982368, "epsilon": 11.734087768659288, "tau": 12.057411259906027, "kronecker_kernel": true}}
{"target": 62.852330305680496, "params": {"C": 0.7280782565512962, "epsilon": 25.650075124735324, "tau": 14.12155747453615, "kronecker_kernel": true}}
{"target": 42.82773700310374, "params": {"C": 22.617051059807633, "epsilon": 14.429816764109352, "tau": 13.297302172699238, "kronecker_kernel": true}}
{"target": 42.259725666426135, "params": {"C": 26.30333081725941, "epsilon": 3.0956359450001996, "tau": 4.799821379514729, "kronecker_kernel": true}}
{"target": 41.6538500938497, "params": {"C": 2.400434960275986, "epsilon": 1.5909777569530086, "tau": 19.052440520566527, "kronecker_kernel": true}}
{"target": 62.65778892447037, "params": {"C": 0.8168217573956325, "epsilon": 1.7136873361186242, "tau": 18.831248815925782, "kronecker_kernel": true}}
{"target": 40.69553723968627, "params": {"C": 4.839632820291826, "epsilon": 1.1230945413589628, "tau": 15.367038752823062, "kronecker_kernel": true}}
{"target": 48.97923349571885, "params": {"C": 1.1579110546771574, "epsilon": 2.5123816409597857, "tau": 18.9054840863355, "kronecker_kernel": true}}
{"target": 61.23800619334183, "params": {"C": 0.09205492247918068, "epsilon": 8.042271538743236, "tau": 13.087294875676164, "kronecker_kernel": true}}
{"target": 42.24428609428407, "params": {"C": 1.4979170889003566, "epsilon": 3.6274488169728007, "tau": 0.3390983052317269, "kronecker_kernel": true}}
{"target": 60.40501593513244, "params": {"C": 0.21500593625583164, "epsilon": 3.849218634965379, "tau": 11.128952993145736, "kronecker_kernel": true}}
{"target": 40.57849989467517, "params": {"C": 5.1822990765843056, "epsilon": 12.039189318879545, "tau": 17.378088471337502, "kronecker_kernel": true}}
{"target": 42.40410690930411, "params": {"C": 8.773413021167917, "epsilon": 7.912250292009664, "tau": 13.381467735680188, "kronecker_kernel": true}}
{"target": 40.55461548488254, "params": {"C": 4.219349538278219, "epsilon": 0.10071994219572322, "tau": 12.420840520818981, "kronecker_kernel": true}}
{"target": 42.23159714536014, "params": {"C": 10.441402268244161, "epsilon": 2.672942928778455, "tau": 13.794794961942598, "kronecker_kernel": true}}
{"target": 40.49998030062481, "params": {"C": 5.108453568671862, "epsilon": 13.190349424959638, "tau": 20.788708036138377, "kronecker_kernel": true}}
{"target": 41.78386557650753, "params": {"C": 2.333411235481554, "epsilon": 13.116358279915499, "tau": 12.389723487675287, "kronecker_kernel": true}}
{"target": 40.36429350192018, "params": {"C": 5.324401889805086, "epsilon": 13.514323803271182, "tau": 21.162906632817396, "kronecker_kernel": true}}
{"target": 42.179544807751746, "params": {"C": 7.133397219791392, "epsilon": 13.963239303595781, "tau": 16.79826527266461, "kronecker_kernel": true}}
{"target": 60.51652676885309, "params": {"C": 0.29938242979277163, "epsilon": 16.3741064564364, "tau": 22.601701543826277, "kronecker_kernel": true}}
{"target": 41.269454811012025, "params": {"C": 5.988377793678473, "epsilon": 16.649406067849647, "tau": 19.5060685231492, "kronecker_kernel": true}}
{"target": 42.451863584415904, "params": {"C": 2.9400746481804974, "epsilon": 15.195546814836518, "tau": 23.61779996746481, "kronecker_kernel": true}}
{"target": 60.993229697527454, "params": {"C": 1.0103961267388142, "epsilon": 18.032450321361765, "tau": 25.8593102084099, "kronecker_kernel": true}}
{"target": 41.681938389328664, "params": {"C": 7.446664789337409, "epsilon": 11.064481264461676, "tau": 23.117523425112843, "kronecker_kernel": true}}
{"target": 40.33614781091512, "params": {"C": 5.56998613470579, "epsilon": 14.178550932507768, "tau": 22.060813104428757, "kronecker_kernel": true}}
{"target": 41.02964486039291, "params": {"C": 7.0570756456660675, "epsilon": 7.216468396879232, "tau": 28.414100644042033, "kronecker_kernel": true}}
{"target": 42.34035851895696, "params": {"C": 9.338120273152242, "epsilon": 7.622915388209528, "tau": 20.022253013460038, "kronecker_kernel": true}}
{"target": 41.0903883780779, "params": {"C": 2.32229414386251, "epsilon": 12.049831648127588, "tau": 3.0609027396464574, "kronecker_kernel": true}}
{"target": 40.30403429443095, "params": {"C": 6.286085783147051, "epsilon": 7.9414380492724375, "tau": 29.505439460831887, "kronecker_kernel": true}}
{"target": 53.79386829807787, "params": {"C": 0.42463375644292234, "epsilon": 9.130762390464078, "tau": 3.4011912722033313, "kronecker_kernel": true}}
{"target": 43.573770476657955, "params": {"C": 5.089218243002122, "epsilon": 25.411091872262844, "tau": 0.3632059906606173, "kronecker_kernel": true}}
{"target": 40.70255177586709, "params": {"C": 4.558004625509097, "epsilon": 11.196105561685906, "tau": 18.39824017332862, "kronecker_kernel": true}}
{"target": 41.07086192124765, "params": {"C": 4.878971233782851, "epsilon": 13.105246716098588, "tau": 28.051161546321097, "kronecker_kernel": true}}
{"target": 42.67786739581815, "params": {"C": 2.3413000103491877, "epsilon": 2.3580660634666426, "tau": 28.09700276990939, "kronecker_kernel": true}}
{"target": 40.884107448973936, "params": {"C": 6.976322647270583, "epsilon": 0.23226850339623706, "tau": 29.892249425313896, "kronecker_kernel": true}}
{"target": 40.89343229500305, "params": {"C": 5.013380010660849, "epsilon": 12.049657290550186, "tau": 23.625999542689573, "kronecker_kernel": true}}
{"target": 42.82704172910278, "params": {"C": 9.822911977929746, "epsilon": 17.88873494239143, "tau": 19.72733572929511, "kronecker_kernel": true}}
{"target": 42.94305332538643, "params": {"C": 9.0769714778754, "epsilon": 20.102437305235288, "tau": 16.685697213285884, "kronecker_kernel": true}}
{"target": 42.91504507817753, "params": {"C": 11.900753317106465, "epsilon": 17.24622315579845, "tau": 18.356233217259902, "kronecker_kernel": true}}
{"target": 42.42700092636241, "params": {"C": 8.826262327822011, "epsilon": 13.903579140067606, "tau": 21.300575281214762, "kronecker_kernel": true}}
{"target": 44.87053715074433, "params": {"C": 1.9166497829933347, "epsilon": 8.298278194056133, "tau": 29.87859125877818, "kronecker_kernel": true}}
{"target": 42.61193530460629, "params": {"C": 11.503462682946685, "epsilon": 12.095260091462507, "tau": 20.83672345845031, "kronecker_kernel": true}}
{"target": 46.52518396780892, "params": {"C": 1.4025934379783278, "epsilon": 9.048907968822189, "tau": 20.391223300082213, "kronecker_kernel": true}}
{"target": 41.90931398184185, "params": {"C": 2.748709914821636, "epsilon": 11.48128608413752, "tau": 19.691337420718547, "kronecker_kernel": true}}
{"target": 63.49754472897075, "params": {"C": 0.5014918127164165, "epsilon": 11.262310748915997, "tau": 21.872672712100268, "kronecker_kernel": true}}
{"target": 42.038037516867064, "params": {"C": 7.798723313223247, "epsilon": 0.7675253009525509, "tau": 16.02869349899524, "kronecker_kernel": true}}
{"target": 40.74788015802697, "params": {"C": 4.16924628396396, "epsilon": 2.3408838909120693, "tau": 11.119451105318001, "kronecker_kernel": true}}
{"target": 42.09606834571754, "params": {"C": 8.165127280674662, "epsilon": 0.63654206906555, "tau": 12.27282878894544, "kronecker_kernel": true}}
{"target": 41.735606346653405, "params": {"C": 5.315627136901539, "epsilon": 0.48833144933550077, "tau": 10.441614673161919, "kronecker_kernel": true}}
{"target": 41.284366050780804, "params": {"C": 4.981137206036355, "epsilon": 1.9385097668787385, "tau": 12.089005388714268, "kronecker_kernel": true}}
{"target": 42.515634115017335, "params": {"C": 7.133716355591248, "epsilon": 8.166590414923775, "tau": 4.9105892068794255, "kronecker_kernel": true}}
{"target": 42.83627919040717, "params": {"C": 11.036793380176576, "epsilon": 14.593548070485095, "tau": 1.1865289340770127, "kronecker_kernel": true}}
{"target": 42.394214645582025, "params": {"C": 12.767739275020183, "epsilon": 7.88121131005545, "tau": 29.3830314657385, "kronecker_kernel": true}}
{"target": 42.518400499268395, "params": {"C": 12.408511897077087, "epsilon": 10.869093730319143, "tau": 28.47413657183834, "kronecker_kernel": true}}
{"target": 41.03120402029648, "params": {"C": 5.522637308695933, "epsilon": 14.275214204705923, "tau": 17.587949318414974, "kronecker_kernel": true}}
{"target": 42.00288349980866, "params": {"C": 7.011308290725093, "epsilon": 8.929670959223298, "tau": 16.83642938420322, "kronecker_kernel": true}}
{"target": 40.42573046416264, "params": {"C": 5.147288892722026, "epsilon": 14.483782420311453, "tau": 20.373602030265083, "kronecker_kernel": true}}
{"target": 41.56782967491965, "params": {"C": 6.907356745678577, "epsilon": 8.363587871747086, "tau": 20.564200313136965, "kronecker_kernel": true}}
{"target": 44.185130368325204, "params": {"C": 1.865138129949794, "epsilon": 17.583591502649067, "tau": 18.50632186678641, "kronecker_kernel": true}}
{"target": 42.83973793148815, "params": {"C": 2.645404999351566, "epsilon": 21.430190919141964, "tau": 18.559130269450367, "kronecker_kernel": true}}
{"target": 40.93597585753737, "params": {"C": 6.680298821163415, "epsilon": 21.297769191561876, "tau": 26.951556515179504, "kronecker_kernel": true}}
{"target": 42.19815095789492, "params": {"C": 9.72414448180565, "epsilon": 1.5695552997701032, "tau": 1.501444220803279, "kronecker_kernel": true}}
{"target": 41.746500896143, "params": {"C": 6.91443363796258, "epsilon": 16.75015784409231, "tau": 20.205296156357473, "kronecker_kernel": true}}
{"target": 42.16798580428616, "params": {"C": 8.328611677498122, "epsilon": 16.855373924984647, "tau": 23.921675392503865, "kronecker_kernel": true}}
{"target": 42.55007949591244, "params": {"C": 3.0195609405329673, "epsilon": 8.843585283814642, "tau": 0.7454640268097573, "kronecker_kernel": true}}
{"target": 41.39944248151668, "params": {"C": 5.982414561171857, "epsilon": 10.811164548804078, "tau": 17.240935983760323, "kronecker_kernel": true}}
{"target": 40.86628875057834, "params": {"C": 6.1795573153430094, "epsilon": 14.896549076214534, "tau": 23.075038670268917, "kronecker_kernel": true}}
{"target": 43.751427940227295, "params": {"C": 11.423426875406694, "epsilon": 28.052279329523863, "tau": 11.095811846589466, "kronecker_kernel": true}}
{"target": 40.75251329280633, "params": {"C": 5.228747478392053, "epsilon": 9.27506534231618, "tau": 17.076526755663846, "kronecker_kernel": true}}
{"target": 41.86753414008036, "params": {"C": 6.088617005174108, "epsilon": 13.96875193695414, "tau": 14.319285312990248, "kronecker_kernel": true}}
{"target": 41.16565775809206, "params": {"C": 3.428342954431444, "epsilon": 8.548691366950447, "tau": 15.447681713333237, "kronecker_kernel": true}}
{"target": 43.88025651853004, "params": {"C": 28.40201187307807, "epsilon": 29.267345979642737, "tau": 13.77683050095784, "kronecker_kernel": true}}
{"target": 40.648037121782664, "params": {"C": 5.880015351956121, "epsilon": 13.029987927971467, "tau": 21.99605256036292, "kronecker_kernel": true}}
{"target": 47.39267840453509, "params": {"C": 1.1277389623359642, "epsilon": 0.3796906361203791, "tau": 15.632326786239428, "kronecker_kernel": true}}
{"target": 40.79684336366135, "params": {"C": 4.8000176890587145, "epsilon": 11.443347572219553, "tau": 20.656727445475124, "kronecker_kernel": true}}
{"target": 40.82719185854924, "params": {"C": 5.133907776105621, "epsilon": 9.60839677399569, "tau": 24.572234697712847, "kronecker_kernel": true}}
{"target": 41.54080070516187, "params": {"C": 1.6807859910922134, "epsilon": 0.7965106482254269, "tau": 8.130233413378846, "kronecker_kernel": true}}
{"target": 40.34432884185009, "params": {"C": 5.485781611580212, "epsilon": 8.860033510936484, "tau": 24.730745817037715, "kronecker_kernel": true}}
{"target": 41.35854919449203, "params": {"C": 6.973151394066147, "epsilon": 11.413420629670728, "tau": 24.160987527810118, "kronecker_kernel": true}}
{"target": 42.45739105050261, "params": {"C": 9.538402743734746, "epsilon": 12.017121439030463, "tau": 23.04329813887322, "kronecker_kernel": true}}
{"target": 41.20251891555618, "params": {"C": 3.8310817882425314, "epsilon": 14.262534933321682, "tau": 20.807780832020434, "kronecker_kernel": true}}
{"target": 40.395745176004354, "params": {"C": 6.48907339049666, "epsilon": 9.266493503904268, "tau": 29.636639805409665, "kronecker_kernel": true}}
{"target": 42.12618779008152, "params": {"C": 10.520338124090589, "epsilon": 1.9955148518639696, "tau": 21.64016621476261, "kronecker_kernel": true}}
{"target": 41.072582059720254, "params": {"C": 5.228991348556821, "epsilon": 9.635281655821519, "tau": 27.308245080189025, "kronecker_kernel": true}}
{"target": 41.09833574468678, "params": {"C": 6.676680541676436, "epsilon": 4.940206254349585, "tau": 24.616248330137577, "kronecker_kernel": true}}
{"target": 41.06879356123412, "params": {"C": 5.127910823328609, "epsilon": 6.156050860075548, "tau": 28.64526475035542, "kronecker_kernel": true}}
{"target": 43.04165587460492, "params": {"C": 28.508344072682828, "epsilon": 18.256927356060842, "tau": 0.8507393783896138, "kronecker_kernel": true}}
{"target": 41.605813307577456, "params": {"C": 7.642858139102359, "epsilon": 7.601602027809718, "tau": 24.392421792117617, "kronecker_kernel": true}}
{"target": 41.26729092044677, "params": {"C": 7.724088190948847, "epsilon": 6.117490749326283, "tau": 29.793278527843604, "kronecker_kernel": true}}
{"target": 42.16422988208372, "params": {"C": 9.222777625944692, "epsilon": 14.626902366099298, "tau": 28.60517402425858, "kronecker_kernel": true}}
{"target": 41.094347753469286, "params": {"C": 6.758332398219919, "epsilon": 15.135443891179987, "tau": 25.98561568218686, "kronecker_kernel": true}}
{"target": 42.03913070090992, "params": {"C": 3.067745530550343, "epsilon": 8.517097348484768, "tau": 29.894417666728646, "kronecker_kernel": true}}
{"target": 41.71868022830142, "params": {"C": 3.5566746606109327, "epsilon": 13.781450287090298, "tau": 27.503020775546624, "kronecker_kernel": true}}
{"target": 42.10550599674632, "params": {"C": 9.265813251352766, "epsilon": 9.93011992104882, "tau": 28.015356159589697, "kronecker_kernel": true}}
{"target": 40.652915866200786, "params": {"C": 6.6916365176024835, "epsilon": 12.304800996852801, "tau": 28.504937243274203, "kronecker_kernel": true}}
{"target": 41.01741953756041, "params": {"C": 4.449558590511062, "epsilon": 13.351487718034885, "tau": 17.719786630157003, "kronecker_kernel": true}}
{"target": 41.3331049786685, "params": {"C": 3.600899015348705, "epsilon": 13.220603945766035, "tau": 20.7844534942711, "kronecker_kernel": true}}
{"target": 62.757551028620824, "params": {"C": 0.07999128851983262, "epsilon": 12.621359760788687, "tau": 17.174564725172644, "kronecker_kernel": true}}
{"target": 42.866872319959285, "params": {"C": 19.35968095061238, "epsilon": 15.18143193087342, "tau": 6.707783520669434, "kronecker_kernel": true}}
{"target": 42.511376735772586, "params": {"C": 20.413663849025987, "epsilon": 8.055497096615873, "tau": 19.964741888973364, "kronecker_kernel": true}}
{"target": 41.327405338874925, "params": {"C": 4.292837263201108, "epsilon": 14.386347679312541, "tau": 29.861992847409574, "kronecker_kernel": true}}
{"target": 42.048921925251626, "params": {"C": 8.471802162730063, "epsilon": 11.764545264901349, "tau": 24.854008499066428, "kronecker_kernel": true}}
{"target": 41.09153874419846, "params": {"C": 5.488158390496727, "epsilon": 12.893317924932283, "tau": 29.72110507301219, "kronecker_kernel": true}}
{"target": 41.86682952541431, "params": {"C": 8.352099501112937, "epsilon": 11.668703102635941, "tau": 26.38110902084634, "kronecker_kernel": true}}
{"target": 41.435403164487056, "params": {"C": 7.838969648513336, "epsilon": 11.956016302022874, "tau": 29.32036583866534, "kronecker_kernel": true}}
{"target": 40.65447666356619, "params": {"C": 2.892779401750051, "epsilon": 8.41190937625421, "tau": 7.657189740344288, "kronecker_kernel": true}}
{"target": 41.79702641508802, "params": {"C": 7.118109666423041, "epsilon": 13.659530587392739, "tau": 20.294913723110827, "kronecker_kernel": true}}
{"target": 41.81731813590911, "params": {"C": 3.976473693341968, "epsilon": 6.34175238601491, "tau": 5.828987714807068, "kronecker_kernel": true}}
{"target": 41.757116173651745, "params": {"C": 7.06545012044147, "epsilon": 0.15418522242575008, "tau": 18.061048009108287, "kronecker_kernel": true}}
{"target": 42.19483634200753, "params": {"C": 5.151521005500482, "epsilon": 13.30681371416688, "tau": 8.591197937735311, "kronecker_kernel": true}}
{"target": 42.542827274118835, "params": {"C": 5.228402118162768, "epsilon": 8.69683406243653, "tau": 2.0747683917780533, "kronecker_kernel": true}}
{"target": 45.63261150828342, "params": {"C": 0.9183780809297872, "epsilon": 9.373858495538553, "tau": 7.834725796986849, "kronecker_kernel": true}}
{"target": 42.72692488039867, "params": {"C": 12.15974432791279, "epsilon": 12.857735497848878, "tau": 16.158783718067408, "kronecker_kernel": true}}
{"target": 41.582140959477826, "params": {"C": 5.103042888392999, "epsilon": 6.790651171505667, "tau": 10.92011214438605, "kronecker_kernel": true}}
{"target": 40.62204991085653, "params": {"C": 1.9533394712467826, "epsilon": 8.936382288892622, "tau": 2.463108486205874, "kronecker_kernel": true}}
{"target": 41.11804162102692, "params": {"C": 4.2131618632480885, "epsilon": 7.651582437576451, "tau": 21.022186201859355, "kronecker_kernel": true}}
{"target": 41.60314991173115, "params": {"C": 6.6857250601810625, "epsilon": 16.426007220247904, "tau": 20.42348495529392, "kronecker_kernel": true}}
